<?xml version="1.0" encoding="UTF-8"?>
<testsuite xmlns:xsi="http://www.w3.org/2001/XMLSchema-instance" xsi:noNamespaceSchemaLocation="https://maven.apache.org/surefire/maven-surefire-plugin/xsd/surefire-test-report.xsd" name="org.apache.hadoop.ozone.container.common.statemachine.commandhandler.TestBlockDeletion" time="60.533" tests="1" errors="0" skipped="0" failures="1">
  <properties>
    <property name="awt.toolkit" value="sun.awt.X11.XToolkit"/>
    <property name="file.encoding.pkg" value="sun.io"/>
    <property name="java.specification.version" value="1.8"/>
    <property name="sun.cpu.isalist" value=""/>
    <property name="sun.jnu.encoding" value="UTF-8"/>
    <property name="java.class.path" value="/opt/src/hadoop-ozone/integration-test/target/test-classes:/opt/src/hadoop-ozone/integration-test/target/classes:/root/.m2/repository/org/apache/hadoop/hadoop-ozone-common/0.5.0-SNAPSHOT/hadoop-ozone-common-0.5.0-SNAPSHOT.jar:/root/.m2/repository/org/apache/commons/commons-compress/1.4.1/commons-compress-1.4.1.jar:/root/.m2/repository/org/tukaani/xz/1.0/xz-1.0.jar:/root/.m2/repository/org/apache/hadoop/hadoop-common/3.2.0/hadoop-common-3.2.0.jar:/root/.m2/repository/org/apache/hadoop/hadoop-hdfs/3.2.0/hadoop-hdfs-3.2.0.jar:/root/.m2/repository/org/apache/hadoop/hadoop-hdfs-client/3.2.0/hadoop-hdfs-client-3.2.0.jar:/root/.m2/repository/com/fasterxml/jackson/core/jackson-annotations/2.9.5/jackson-annotations-2.9.5.jar:/root/.m2/repository/org/apache/hadoop/hadoop-hdds-common/0.5.0-SNAPSHOT/hadoop-hdds-common-0.5.0-SNAPSHOT.jar:/root/.m2/repository/javax/annotation/javax.annotation-api/1.2/javax.annotation-api-1.2.jar:/root/.m2/repository/org/apache/ratis/ratis-server/0.4.0-fe2b15d-SNAPSHOT/ratis-server-0.4.0-fe2b15d-SNAPSHOT.jar:/root/.m2/repository/org/apache/ratis/ratis-thirdparty-misc/0.2.0/ratis-thirdparty-misc-0.2.0.jar:/root/.m2/repository/org/apache/ratis/ratis-proto/0.4.0-fe2b15d-SNAPSHOT/ratis-proto-0.4.0-fe2b15d-SNAPSHOT.jar:/root/.m2/repository/org/apache/ratis/ratis-common/0.4.0-fe2b15d-SNAPSHOT/ratis-common-0.4.0-fe2b15d-SNAPSHOT.jar:/root/.m2/repository/org/apache/ratis/ratis-client/0.4.0-fe2b15d-SNAPSHOT/ratis-client-0.4.0-fe2b15d-SNAPSHOT.jar:/root/.m2/repository/org/apache/ratis/ratis-netty/0.4.0-fe2b15d-SNAPSHOT/ratis-netty-0.4.0-fe2b15d-SNAPSHOT.jar:/root/.m2/repository/org/apache/ratis/ratis-grpc/0.4.0-fe2b15d-SNAPSHOT/ratis-grpc-0.4.0-fe2b15d-SNAPSHOT.jar:/root/.m2/repository/org/rocksdb/rocksdbjni/5.14.2/rocksdbjni-5.14.2.jar:/root/.m2/repository/org/apache/logging/log4j/log4j-api/2.11.0/log4j-api-2.11.0.jar:/root/.m2/repository/org/apache/logging/log4j/log4j-core/2.11.0/log4j-core-2.11.0.jar:/root/.m2/repository/com/lmax/disruptor/3.4.2/disruptor-3.4.2.jar:/root/.m2/repository/org/apache/commons/commons-pool2/2.6.0/commons-pool2-2.6.0.jar:/root/.m2/repository/org/bouncycastle/bcpkix-jdk15on/1.60/bcpkix-jdk15on-1.60.jar:/root/.m2/repository/commons-validator/commons-validator/1.6/commons-validator-1.6.jar:/root/.m2/repository/commons-digester/commons-digester/1.8.1/commons-digester-1.8.1.jar:/root/.m2/repository/io/jaegertracing/jaeger-client/0.33.1/jaeger-client-0.33.1.jar:/root/.m2/repository/io/jaegertracing/jaeger-thrift/0.33.1/jaeger-thrift-0.33.1.jar:/root/.m2/repository/org/apache/thrift/libthrift/0.11.0/libthrift-0.11.0.jar:/root/.m2/repository/com/squareup/okhttp3/okhttp/3.9.0/okhttp-3.9.0.jar:/root/.m2/repository/com/squareup/okio/okio/1.13.0/okio-1.13.0.jar:/root/.m2/repository/io/jaegertracing/jaeger-core/0.33.1/jaeger-core-0.33.1.jar:/root/.m2/repository/io/jaegertracing/jaeger-tracerresolver/0.33.1/jaeger-tracerresolver-0.33.1.jar:/root/.m2/repository/io/opentracing/contrib/opentracing-tracerresolver/0.1.5/opentracing-tracerresolver-0.1.5.jar:/root/.m2/repository/io/opentracing/opentracing-util/0.31.0/opentracing-util-0.31.0.jar:/root/.m2/repository/io/opentracing/opentracing-api/0.31.0/opentracing-api-0.31.0.jar:/root/.m2/repository/io/opentracing/opentracing-noop/0.31.0/opentracing-noop-0.31.0.jar:/root/.m2/repository/org/apache/hadoop/hadoop-hdds-server-framework/0.5.0-SNAPSHOT/hadoop-hdds-server-framework-0.5.0-SNAPSHOT.jar:/root/.m2/repository/org/apache/hadoop/hadoop-hdds-server-scm/0.5.0-SNAPSHOT/hadoop-hdds-server-scm-0.5.0-SNAPSHOT.jar:/root/.m2/repository/org/apache/hadoop/hadoop-hdds-container-service/0.5.0-SNAPSHOT/hadoop-hdds-container-service-0.5.0-SNAPSHOT.jar:/root/.m2/repository/org/apache/hadoop/hadoop-hdds-client/0.5.0-SNAPSHOT/hadoop-hdds-client-0.5.0-SNAPSHOT.jar:/root/.m2/repository/org/apache/hadoop/hadoop-hdds-tools/0.5.0-SNAPSHOT/hadoop-hdds-tools-0.5.0-SNAPSHOT.jar:/root/.m2/repository/org/apache/hadoop/hadoop-ozone-ozone-manager/0.5.0-SNAPSHOT/hadoop-ozone-ozone-manager-0.5.0-SNAPSHOT.jar:/root/.m2/repository/org/apache/hadoop/hadoop-hdds-docs/0.5.0-SNAPSHOT/hadoop-hdds-docs-0.5.0-SNAPSHOT.jar:/root/.m2/repository/org/bouncycastle/bcprov-jdk15on/1.60/bcprov-jdk15on-1.60.jar:/root/.m2/repository/org/apache/hadoop/hadoop-minikdc/3.2.0/hadoop-minikdc-3.2.0.jar:/root/.m2/repository/commons-io/commons-io/2.5/commons-io-2.5.jar:/root/.m2/repository/org/apache/kerby/kerb-simplekdc/1.0.1/kerb-simplekdc-1.0.1.jar:/root/.m2/repository/org/apache/kerby/kerb-client/1.0.1/kerb-client-1.0.1.jar:/root/.m2/repository/org/apache/kerby/kerby-config/1.0.1/kerby-config-1.0.1.jar:/root/.m2/repository/org/apache/kerby/kerb-core/1.0.1/kerb-core-1.0.1.jar:/root/.m2/repository/org/apache/kerby/kerby-pkix/1.0.1/kerby-pkix-1.0.1.jar:/root/.m2/repository/org/apache/kerby/kerby-asn1/1.0.1/kerby-asn1-1.0.1.jar:/root/.m2/repository/org/apache/kerby/kerby-util/1.0.1/kerby-util-1.0.1.jar:/root/.m2/repository/org/apache/kerby/kerb-common/1.0.1/kerb-common-1.0.1.jar:/root/.m2/repository/org/apache/kerby/kerb-crypto/1.0.1/kerb-crypto-1.0.1.jar:/root/.m2/repository/org/apache/kerby/kerb-util/1.0.1/kerb-util-1.0.1.jar:/root/.m2/repository/org/apache/kerby/token-provider/1.0.1/token-provider-1.0.1.jar:/root/.m2/repository/org/apache/kerby/kerb-admin/1.0.1/kerb-admin-1.0.1.jar:/root/.m2/repository/org/apache/kerby/kerb-server/1.0.1/kerb-server-1.0.1.jar:/root/.m2/repository/org/apache/kerby/kerb-identity/1.0.1/kerb-identity-1.0.1.jar:/root/.m2/repository/org/apache/kerby/kerby-xdr/1.0.1/kerby-xdr-1.0.1.jar:/root/.m2/repository/org/slf4j/slf4j-log4j12/1.7.25/slf4j-log4j12-1.7.25.jar:/root/.m2/repository/org/apache/hadoop/hadoop-ozone-objectstore-service/0.5.0-SNAPSHOT/hadoop-ozone-objectstore-service-0.5.0-SNAPSHOT.jar:/root/.m2/repository/org/apache/hadoop/hadoop-ozone-s3gateway/0.5.0-SNAPSHOT/hadoop-ozone-s3gateway-0.5.0-SNAPSHOT.jar:/root/.m2/repository/org/jboss/weld/servlet/weld-servlet/2.4.7.Final/weld-servlet-2.4.7.Final.jar:/root/.m2/repository/org/glassfish/jersey/containers/jersey-container-servlet-core/2.27/jersey-container-servlet-core-2.27.jar:/root/.m2/repository/org/glassfish/hk2/external/javax.inject/2.5.0-b42/javax.inject-2.5.0-b42.jar:/root/.m2/repository/org/glassfish/jersey/core/jersey-common/2.27/jersey-common-2.27.jar:/root/.m2/repository/org/glassfish/hk2/osgi-resource-locator/1.0.1/osgi-resource-locator-1.0.1.jar:/root/.m2/repository/javax/ws/rs/javax.ws.rs-api/2.1/javax.ws.rs-api-2.1.jar:/root/.m2/repository/org/glassfish/jersey/ext/cdi/jersey-cdi1x/2.27/jersey-cdi1x-2.27.jar:/root/.m2/repository/org/glassfish/jersey/inject/jersey-hk2/2.27/jersey-hk2-2.27.jar:/root/.m2/repository/org/glassfish/hk2/hk2-locator/2.5.0-b42/hk2-locator-2.5.0-b42.jar:/root/.m2/repository/org/javassist/javassist/3.22.0-CR2/javassist-3.22.0-CR2.jar:/root/.m2/repository/org/glassfish/hk2/hk2-api/2.5.0/hk2-api-2.5.0.jar:/root/.m2/repository/org/glassfish/hk2/external/jakarta.inject/2.5.0/jakarta.inject-2.5.0.jar:/root/.m2/repository/org/glassfish/hk2/hk2-utils/2.5.0/hk2-utils-2.5.0.jar:/root/.m2/repository/jakarta/annotation/jakarta.annotation-api/1.3.4/jakarta.annotation-api-1.3.4.jar:/root/.m2/repository/org/glassfish/hk2/external/aopalliance-repackaged/2.5.0/aopalliance-repackaged-2.5.0.jar:/root/.m2/repository/com/fasterxml/jackson/dataformat/jackson-dataformat-xml/2.9.0/jackson-dataformat-xml-2.9.0.jar:/root/.m2/repository/com/fasterxml/jackson/core/jackson-core/2.9.5/jackson-core-2.9.5.jar:/root/.m2/repository/com/fasterxml/jackson/module/jackson-module-jaxb-annotations/2.9.5/jackson-module-jaxb-annotations-2.9.5.jar:/root/.m2/repository/javax/enterprise/cdi-api/1.2/cdi-api-1.2.jar:/root/.m2/repository/javax/el/javax.el-api/3.0.0/javax.el-api-3.0.0.jar:/root/.m2/repository/javax/interceptor/javax.interceptor-api/1.2/javax.interceptor-api-1.2.jar:/root/.m2/repository/javax/inject/javax.inject/1/javax.inject-1.jar:/root/.m2/repository/com/sun/xml/bind/jaxb-impl/2.3.0.1/jaxb-impl-2.3.0.1.jar:/root/.m2/repository/com/sun/xml/bind/jaxb-core/2.3.0.1/jaxb-core-2.3.0.1.jar:/root/.m2/repository/javax/xml/bind/jaxb-api/2.3.0/jaxb-api-2.3.0.jar:/root/.m2/repository/javax/activation/activation/1.1.1/activation-1.1.1.jar:/root/.m2/repository/org/apache/hadoop/hadoop-ozone-csi/0.5.0-SNAPSHOT/hadoop-ozone-csi-0.5.0-SNAPSHOT.jar:/root/.m2/repository/com/google/protobuf/protobuf-java-util/3.5.1/protobuf-java-util-3.5.1.jar:/root/.m2/repository/org/apache/hadoop/hadoop-hdds-config/0.5.0-SNAPSHOT/hadoop-hdds-config-0.5.0-SNAPSHOT.jar:/root/.m2/repository/com/google/guava/guava/11.0.2/guava-11.0.2.jar:/root/.m2/repository/com/google/protobuf/protobuf-java/2.5.0/protobuf-java-2.5.0.jar:/root/.m2/repository/io/grpc/grpc-netty/1.17.1/grpc-netty-1.17.1.jar:/root/.m2/repository/io/grpc/grpc-core/1.17.1/grpc-core-1.17.1.jar:/root/.m2/repository/io/grpc/grpc-context/1.17.1/grpc-context-1.17.1.jar:/root/.m2/repository/com/google/errorprone/error_prone_annotations/2.2.0/error_prone_annotations-2.2.0.jar:/root/.m2/repository/org/codehaus/mojo/animal-sniffer-annotations/1.17/animal-sniffer-annotations-1.17.jar:/root/.m2/repository/io/opencensus/opencensus-api/0.17.0/opencensus-api-0.17.0.jar:/root/.m2/repository/io/opencensus/opencensus-contrib-grpc-metrics/0.17.0/opencensus-contrib-grpc-metrics-0.17.0.jar:/root/.m2/repository/io/netty/netty-codec-http2/4.1.30.Final/netty-codec-http2-4.1.30.Final.jar:/root/.m2/repository/io/netty/netty-codec-http/4.1.30.Final/netty-codec-http-4.1.30.Final.jar:/root/.m2/repository/io/netty/netty-codec/4.1.30.Final/netty-codec-4.1.30.Final.jar:/root/.m2/repository/io/netty/netty-handler/4.1.30.Final/netty-handler-4.1.30.Final.jar:/root/.m2/repository/io/netty/netty-handler-proxy/4.1.30.Final/netty-handler-proxy-4.1.30.Final.jar:/root/.m2/repository/io/netty/netty-codec-socks/4.1.30.Final/netty-codec-socks-4.1.30.Final.jar:/root/.m2/repository/io/netty/netty-transport-native-epoll/4.1.30.Final/netty-transport-native-epoll-4.1.30.Final.jar:/root/.m2/repository/io/netty/netty-common/4.1.30.Final/netty-common-4.1.30.Final.jar:/root/.m2/repository/io/netty/netty-buffer/4.1.30.Final/netty-buffer-4.1.30.Final.jar:/root/.m2/repository/io/netty/netty-transport/4.1.30.Final/netty-transport-4.1.30.Final.jar:/root/.m2/repository/io/netty/netty-resolver/4.1.30.Final/netty-resolver-4.1.30.Final.jar:/root/.m2/repository/io/netty/netty-transport-native-unix-common/4.1.30.Final/netty-transport-native-unix-common-4.1.30.Final.jar:/root/.m2/repository/io/grpc/grpc-protobuf/1.17.1/grpc-protobuf-1.17.1.jar:/root/.m2/repository/com/google/api/grpc/proto-google-common-protos/1.0.0/proto-google-common-protos-1.0.0.jar:/root/.m2/repository/io/grpc/grpc-protobuf-lite/1.17.1/grpc-protobuf-lite-1.17.1.jar:/root/.m2/repository/io/grpc/grpc-stub/1.17.1/grpc-stub-1.17.1.jar:/root/.m2/repository/org/apache/hadoop/hadoop-ozone-recon/0.5.0-SNAPSHOT/hadoop-ozone-recon-0.5.0-SNAPSHOT.jar:/root/.m2/repository/org/apache/hadoop/hadoop-ozone-reconcodegen/0.5.0-SNAPSHOT/hadoop-ozone-reconcodegen-0.5.0-SNAPSHOT.jar:/root/.m2/repository/com/google/inject/extensions/guice-multibindings/4.0/guice-multibindings-4.0.jar:/root/.m2/repository/com/google/inject/guice/4.0/guice-4.0.jar:/root/.m2/repository/aopalliance/aopalliance/1.0/aopalliance-1.0.jar:/root/.m2/repository/com/google/inject/extensions/guice-servlet/4.0/guice-servlet-4.0.jar:/root/.m2/repository/org/glassfish/jersey/containers/jersey-container-servlet/2.27/jersey-container-servlet-2.27.jar:/root/.m2/repository/org/glassfish/hk2/guice-bridge/2.5.0/guice-bridge-2.5.0.jar:/root/.m2/repository/org/glassfish/jersey/core/jersey-server/2.27/jersey-server-2.27.jar:/root/.m2/repository/org/glassfish/jersey/core/jersey-client/2.27/jersey-client-2.27.jar:/root/.m2/repository/org/glassfish/jersey/media/jersey-media-jaxb/2.27/jersey-media-jaxb-2.27.jar:/root/.m2/repository/javax/validation/validation-api/1.1.0.Final/validation-api-1.1.0.Final.jar:/root/.m2/repository/org/glassfish/jersey/media/jersey-media-json-jackson/2.27/jersey-media-json-jackson-2.27.jar:/root/.m2/repository/org/glassfish/jersey/ext/jersey-entity-filtering/2.27/jersey-entity-filtering-2.27.jar:/root/.m2/repository/com/google/inject/extensions/guice-assistedinject/4.0/guice-assistedinject-4.0.jar:/root/.m2/repository/org/jooq/jooq/3.11.10/jooq-3.11.10.jar:/root/.m2/repository/org/jooq/jooq-meta/3.11.10/jooq-meta-3.11.10.jar:/root/.m2/repository/org/jooq/jooq-codegen/3.11.10/jooq-codegen-3.11.10.jar:/root/.m2/repository/com/jolbox/bonecp/0.8.0.RELEASE/bonecp-0.8.0.RELEASE.jar:/root/.m2/repository/org/xerial/sqlite-jdbc/3.25.2/sqlite-jdbc-3.25.2.jar:/root/.m2/repository/org/springframework/spring-jdbc/5.1.3.RELEASE/spring-jdbc-5.1.3.RELEASE.jar:/root/.m2/repository/org/springframework/spring-beans/5.1.3.RELEASE/spring-beans-5.1.3.RELEASE.jar:/root/.m2/repository/org/springframework/spring-core/5.1.3.RELEASE/spring-core-5.1.3.RELEASE.jar:/root/.m2/repository/org/springframework/spring-jcl/5.1.3.RELEASE/spring-jcl-5.1.3.RELEASE.jar:/root/.m2/repository/org/springframework/spring-tx/5.1.3.RELEASE/spring-tx-5.1.3.RELEASE.jar:/root/.m2/repository/org/apache/hadoop/hadoop-ozone-client/0.5.0-SNAPSHOT/hadoop-ozone-client-0.5.0-SNAPSHOT.jar:/root/.m2/repository/org/apache/hadoop/hadoop-ozone-ozone-manager/0.5.0-SNAPSHOT/hadoop-ozone-ozone-manager-0.5.0-SNAPSHOT-tests.jar:/root/.m2/repository/junit/junit/4.11/junit-4.11.jar:/root/.m2/repository/org/hamcrest/hamcrest-core/1.3/hamcrest-core-1.3.jar:/root/.m2/repository/org/openjdk/jmh/jmh-core/1.19/jmh-core-1.19.jar:/root/.m2/repository/net/sf/jopt-simple/jopt-simple/4.6/jopt-simple-4.6.jar:/root/.m2/repository/org/apache/commons/commons-math3/3.1.1/commons-math3-3.1.1.jar:/root/.m2/repository/org/openjdk/jmh/jmh-generator-annprocess/1.19/jmh-generator-annprocess-1.19.jar:/root/.m2/repository/org/mockito/mockito-all/1.8.5/mockito-all-1.8.5.jar:/root/.m2/repository/org/apache/hadoop/hadoop-kms/3.2.0/hadoop-kms-3.2.0.jar:/root/.m2/repository/org/apache/hadoop/hadoop-auth/3.2.0/hadoop-auth-3.2.0.jar:/root/.m2/repository/com/nimbusds/nimbus-jose-jwt/4.41.1/nimbus-jose-jwt-4.41.1.jar:/root/.m2/repository/com/github/stephenc/jcip/jcip-annotations/1.0-1/jcip-annotations-1.0-1.jar:/root/.m2/repository/net/minidev/json-smart/2.3/json-smart-2.3.jar:/root/.m2/repository/net/minidev/accessors-smart/1.2/accessors-smart-1.2.jar:/root/.m2/repository/org/ow2/asm/asm/5.0.4/asm-5.0.4.jar:/root/.m2/repository/org/apache/curator/curator-framework/2.12.0/curator-framework-2.12.0.jar:/root/.m2/repository/com/sun/jersey/jersey-core/1.19/jersey-core-1.19.jar:/root/.m2/repository/javax/ws/rs/jsr311-api/1.1.1/jsr311-api-1.1.1.jar:/root/.m2/repository/com/sun/jersey/jersey-server/1.19/jersey-server-1.19.jar:/root/.m2/repository/javax/servlet/javax.servlet-api/3.1.0/javax.servlet-api-3.1.0.jar:/root/.m2/repository/org/eclipse/jetty/jetty-server/9.3.24.v20180605/jetty-server-9.3.24.v20180605.jar:/root/.m2/repository/org/eclipse/jetty/jetty-http/9.3.24.v20180605/jetty-http-9.3.24.v20180605.jar:/root/.m2/repository/org/eclipse/jetty/jetty-io/9.3.24.v20180605/jetty-io-9.3.24.v20180605.jar:/root/.m2/repository/org/eclipse/jetty/jetty-webapp/9.3.24.v20180605/jetty-webapp-9.3.24.v20180605.jar:/root/.m2/repository/org/eclipse/jetty/jetty-xml/9.3.24.v20180605/jetty-xml-9.3.24.v20180605.jar:/root/.m2/repository/log4j/log4j/1.2.17/log4j-1.2.17.jar:/root/.m2/repository/org/slf4j/slf4j-api/1.7.25/slf4j-api-1.7.25.jar:/root/.m2/repository/org/slf4j/jul-to-slf4j/1.7.25/jul-to-slf4j-1.7.25.jar:/root/.m2/repository/org/eclipse/jetty/jetty-util/9.3.24.v20180605/jetty-util-9.3.24.v20180605.jar:/root/.m2/repository/io/dropwizard/metrics/metrics-core/3.2.4/metrics-core-3.2.4.jar:/root/.m2/repository/com/fasterxml/jackson/core/jackson-databind/2.9.5/jackson-databind-2.9.5.jar:/root/.m2/repository/org/apache/hadoop/hadoop-kms/3.2.0/hadoop-kms-3.2.0-tests.jar:/root/.m2/repository/org/apache/hadoop/hadoop-hdds-server-scm/0.5.0-SNAPSHOT/hadoop-hdds-server-scm-0.5.0-SNAPSHOT-tests.jar:/root/.m2/repository/org/hamcrest/hamcrest-all/1.3/hamcrest-all-1.3.jar:/root/.m2/repository/info/picocli/picocli/3.9.6/picocli-3.9.6.jar:/root/.m2/repository/org/apache/hadoop/hadoop-hdds-container-service/0.5.0-SNAPSHOT/hadoop-hdds-container-service-0.5.0-SNAPSHOT-tests.jar:/root/.m2/repository/org/yaml/snakeyaml/1.16/snakeyaml-1.16.jar:/root/.m2/repository/org/apache/hadoop/hadoop-common/3.2.0/hadoop-common-3.2.0-tests.jar:/root/.m2/repository/org/apache/hadoop/hadoop-annotations/3.2.0/hadoop-annotations-3.2.0.jar:/usr/lib/jvm/java-1.8-openjdk/jre/../lib/tools.jar:/root/.m2/repository/commons-cli/commons-cli/1.2/commons-cli-1.2.jar:/root/.m2/repository/org/apache/httpcomponents/httpclient/4.5.2/httpclient-4.5.2.jar:/root/.m2/repository/org/apache/httpcomponents/httpcore/4.4.4/httpcore-4.4.4.jar:/root/.m2/repository/commons-codec/commons-codec/1.11/commons-codec-1.11.jar:/root/.m2/repository/commons-net/commons-net/3.6/commons-net-3.6.jar:/root/.m2/repository/commons-collections/commons-collections/3.2.2/commons-collections-3.2.2.jar:/root/.m2/repository/org/eclipse/jetty/jetty-servlet/9.3.24.v20180605/jetty-servlet-9.3.24.v20180605.jar:/root/.m2/repository/org/eclipse/jetty/jetty-security/9.3.24.v20180605/jetty-security-9.3.24.v20180605.jar:/root/.m2/repository/javax/servlet/jsp/jsp-api/2.1/jsp-api-2.1.jar:/root/.m2/repository/com/sun/jersey/jersey-servlet/1.19/jersey-servlet-1.19.jar:/root/.m2/repository/com/sun/jersey/jersey-json/1.19/jersey-json-1.19.jar:/root/.m2/repository/org/codehaus/jettison/jettison/1.1/jettison-1.1.jar:/root/.m2/repository/org/codehaus/jackson/jackson-core-asl/1.9.13/jackson-core-asl-1.9.13.jar:/root/.m2/repository/org/codehaus/jackson/jackson-mapper-asl/1.9.13/jackson-mapper-asl-1.9.13.jar:/root/.m2/repository/org/codehaus/jackson/jackson-jaxrs/1.9.13/jackson-jaxrs-1.9.13.jar:/root/.m2/repository/org/codehaus/jackson/jackson-xc/1.9.13/jackson-xc-1.9.13.jar:/root/.m2/repository/commons-logging/commons-logging/1.1.3/commons-logging-1.1.3.jar:/root/.m2/repository/commons-beanutils/commons-beanutils/1.9.3/commons-beanutils-1.9.3.jar:/root/.m2/repository/org/apache/commons/commons-configuration2/2.1.1/commons-configuration2-2.1.1.jar:/root/.m2/repository/org/apache/commons/commons-lang3/3.7/commons-lang3-3.7.jar:/root/.m2/repository/org/apache/commons/commons-text/1.4/commons-text-1.4.jar:/root/.m2/repository/org/apache/avro/avro/1.7.7/avro-1.7.7.jar:/root/.m2/repository/com/thoughtworks/paranamer/paranamer/2.3/paranamer-2.3.jar:/root/.m2/repository/org/xerial/snappy/snappy-java/1.0.5/snappy-java-1.0.5.jar:/root/.m2/repository/com/google/re2j/re2j/1.1/re2j-1.1.jar:/root/.m2/repository/com/google/code/gson/gson/2.2.4/gson-2.2.4.jar:/root/.m2/repository/com/jcraft/jsch/0.1.54/jsch-0.1.54.jar:/root/.m2/repository/org/apache/curator/curator-client/2.12.0/curator-client-2.12.0.jar:/root/.m2/repository/org/apache/curator/curator-recipes/2.12.0/curator-recipes-2.12.0.jar:/root/.m2/repository/com/google/code/findbugs/jsr305/3.0.0/jsr305-3.0.0.jar:/root/.m2/repository/org/apache/htrace/htrace-core4/4.1.0-incubating/htrace-core4-4.1.0-incubating.jar:/root/.m2/repository/org/apache/zookeeper/zookeeper/3.4.13/zookeeper-3.4.13.jar:/root/.m2/repository/org/apache/yetus/audience-annotations/0.5.0/audience-annotations-0.5.0.jar:/root/.m2/repository/org/codehaus/woodstox/stax2-api/3.1.4/stax2-api-3.1.4.jar:/root/.m2/repository/com/fasterxml/woodstox/woodstox-core/5.0.3/woodstox-core-5.0.3.jar:/root/.m2/repository/dnsjava/dnsjava/2.1.7/dnsjava-2.1.7.jar:/root/.m2/repository/org/apache/hadoop/hadoop-hdfs/3.2.0/hadoop-hdfs-3.2.0-tests.jar:/root/.m2/repository/org/eclipse/jetty/jetty-util-ajax/9.3.24.v20180605/jetty-util-ajax-9.3.24.v20180605.jar:/root/.m2/repository/commons-daemon/commons-daemon/1.0.13/commons-daemon-1.0.13.jar:/root/.m2/repository/io/netty/netty/3.10.5.Final/netty-3.10.5.Final.jar:/root/.m2/repository/io/netty/netty-all/4.0.52.Final/netty-all-4.0.52.Final.jar:/root/.m2/repository/org/fusesource/leveldbjni/leveldbjni-all/1.8/leveldbjni-all-1.8.jar:"/>
    <property name="java.vm.vendor" value="IcedTea"/>
    <property name="sun.arch.data.model" value="64"/>
    <property name="test.build.dir" value="/opt/src/hadoop-ozone/integration-test/target/test-dir"/>
    <property name="test.cache.data" value=""/>
    <property name="java.vendor.url" value="https://icedtea.classpath.org"/>
    <property name="user.timezone" value=""/>
    <property name="java.vm.specification.version" value="1.8"/>
    <property name="os.name" value="Linux"/>
    <property name="test.build.data" value="/opt/src/hadoop-ozone/integration-test/target/test-dir"/>
    <property name="user.country" value="US"/>
    <property name="sun.java.launcher" value="SUN_STANDARD"/>
    <property name="sun.boot.library.path" value="/usr/lib/jvm/java-1.8-openjdk/jre/lib/amd64"/>
    <property name="sun.java.command" value="/opt/src/hadoop-ozone/integration-test/target/surefire/surefirebooter1023904364832439280.jar /opt/src/hadoop-ozone/integration-test/target/surefire 2019-06-13T22-32-11_874-jvmRun1 surefire7851909507270010228tmp surefire_38856514117382011029tmp"/>
    <property name="surefire.test.class.path" value="/opt/src/hadoop-ozone/integration-test/target/test-classes:/opt/src/hadoop-ozone/integration-test/target/classes:/root/.m2/repository/org/apache/hadoop/hadoop-ozone-common/0.5.0-SNAPSHOT/hadoop-ozone-common-0.5.0-SNAPSHOT.jar:/root/.m2/repository/org/apache/commons/commons-compress/1.4.1/commons-compress-1.4.1.jar:/root/.m2/repository/org/tukaani/xz/1.0/xz-1.0.jar:/root/.m2/repository/org/apache/hadoop/hadoop-common/3.2.0/hadoop-common-3.2.0.jar:/root/.m2/repository/org/apache/hadoop/hadoop-hdfs/3.2.0/hadoop-hdfs-3.2.0.jar:/root/.m2/repository/org/apache/hadoop/hadoop-hdfs-client/3.2.0/hadoop-hdfs-client-3.2.0.jar:/root/.m2/repository/com/fasterxml/jackson/core/jackson-annotations/2.9.5/jackson-annotations-2.9.5.jar:/root/.m2/repository/org/apache/hadoop/hadoop-hdds-common/0.5.0-SNAPSHOT/hadoop-hdds-common-0.5.0-SNAPSHOT.jar:/root/.m2/repository/javax/annotation/javax.annotation-api/1.2/javax.annotation-api-1.2.jar:/root/.m2/repository/org/apache/ratis/ratis-server/0.4.0-fe2b15d-SNAPSHOT/ratis-server-0.4.0-fe2b15d-SNAPSHOT.jar:/root/.m2/repository/org/apache/ratis/ratis-thirdparty-misc/0.2.0/ratis-thirdparty-misc-0.2.0.jar:/root/.m2/repository/org/apache/ratis/ratis-proto/0.4.0-fe2b15d-SNAPSHOT/ratis-proto-0.4.0-fe2b15d-SNAPSHOT.jar:/root/.m2/repository/org/apache/ratis/ratis-common/0.4.0-fe2b15d-SNAPSHOT/ratis-common-0.4.0-fe2b15d-SNAPSHOT.jar:/root/.m2/repository/org/apache/ratis/ratis-client/0.4.0-fe2b15d-SNAPSHOT/ratis-client-0.4.0-fe2b15d-SNAPSHOT.jar:/root/.m2/repository/org/apache/ratis/ratis-netty/0.4.0-fe2b15d-SNAPSHOT/ratis-netty-0.4.0-fe2b15d-SNAPSHOT.jar:/root/.m2/repository/org/apache/ratis/ratis-grpc/0.4.0-fe2b15d-SNAPSHOT/ratis-grpc-0.4.0-fe2b15d-SNAPSHOT.jar:/root/.m2/repository/org/rocksdb/rocksdbjni/5.14.2/rocksdbjni-5.14.2.jar:/root/.m2/repository/org/apache/logging/log4j/log4j-api/2.11.0/log4j-api-2.11.0.jar:/root/.m2/repository/org/apache/logging/log4j/log4j-core/2.11.0/log4j-core-2.11.0.jar:/root/.m2/repository/com/lmax/disruptor/3.4.2/disruptor-3.4.2.jar:/root/.m2/repository/org/apache/commons/commons-pool2/2.6.0/commons-pool2-2.6.0.jar:/root/.m2/repository/org/bouncycastle/bcpkix-jdk15on/1.60/bcpkix-jdk15on-1.60.jar:/root/.m2/repository/commons-validator/commons-validator/1.6/commons-validator-1.6.jar:/root/.m2/repository/commons-digester/commons-digester/1.8.1/commons-digester-1.8.1.jar:/root/.m2/repository/io/jaegertracing/jaeger-client/0.33.1/jaeger-client-0.33.1.jar:/root/.m2/repository/io/jaegertracing/jaeger-thrift/0.33.1/jaeger-thrift-0.33.1.jar:/root/.m2/repository/org/apache/thrift/libthrift/0.11.0/libthrift-0.11.0.jar:/root/.m2/repository/com/squareup/okhttp3/okhttp/3.9.0/okhttp-3.9.0.jar:/root/.m2/repository/com/squareup/okio/okio/1.13.0/okio-1.13.0.jar:/root/.m2/repository/io/jaegertracing/jaeger-core/0.33.1/jaeger-core-0.33.1.jar:/root/.m2/repository/io/jaegertracing/jaeger-tracerresolver/0.33.1/jaeger-tracerresolver-0.33.1.jar:/root/.m2/repository/io/opentracing/contrib/opentracing-tracerresolver/0.1.5/opentracing-tracerresolver-0.1.5.jar:/root/.m2/repository/io/opentracing/opentracing-util/0.31.0/opentracing-util-0.31.0.jar:/root/.m2/repository/io/opentracing/opentracing-api/0.31.0/opentracing-api-0.31.0.jar:/root/.m2/repository/io/opentracing/opentracing-noop/0.31.0/opentracing-noop-0.31.0.jar:/root/.m2/repository/org/apache/hadoop/hadoop-hdds-server-framework/0.5.0-SNAPSHOT/hadoop-hdds-server-framework-0.5.0-SNAPSHOT.jar:/root/.m2/repository/org/apache/hadoop/hadoop-hdds-server-scm/0.5.0-SNAPSHOT/hadoop-hdds-server-scm-0.5.0-SNAPSHOT.jar:/root/.m2/repository/org/apache/hadoop/hadoop-hdds-container-service/0.5.0-SNAPSHOT/hadoop-hdds-container-service-0.5.0-SNAPSHOT.jar:/root/.m2/repository/org/apache/hadoop/hadoop-hdds-client/0.5.0-SNAPSHOT/hadoop-hdds-client-0.5.0-SNAPSHOT.jar:/root/.m2/repository/org/apache/hadoop/hadoop-hdds-tools/0.5.0-SNAPSHOT/hadoop-hdds-tools-0.5.0-SNAPSHOT.jar:/root/.m2/repository/org/apache/hadoop/hadoop-ozone-ozone-manager/0.5.0-SNAPSHOT/hadoop-ozone-ozone-manager-0.5.0-SNAPSHOT.jar:/root/.m2/repository/org/apache/hadoop/hadoop-hdds-docs/0.5.0-SNAPSHOT/hadoop-hdds-docs-0.5.0-SNAPSHOT.jar:/root/.m2/repository/org/bouncycastle/bcprov-jdk15on/1.60/bcprov-jdk15on-1.60.jar:/root/.m2/repository/org/apache/hadoop/hadoop-minikdc/3.2.0/hadoop-minikdc-3.2.0.jar:/root/.m2/repository/commons-io/commons-io/2.5/commons-io-2.5.jar:/root/.m2/repository/org/apache/kerby/kerb-simplekdc/1.0.1/kerb-simplekdc-1.0.1.jar:/root/.m2/repository/org/apache/kerby/kerb-client/1.0.1/kerb-client-1.0.1.jar:/root/.m2/repository/org/apache/kerby/kerby-config/1.0.1/kerby-config-1.0.1.jar:/root/.m2/repository/org/apache/kerby/kerb-core/1.0.1/kerb-core-1.0.1.jar:/root/.m2/repository/org/apache/kerby/kerby-pkix/1.0.1/kerby-pkix-1.0.1.jar:/root/.m2/repository/org/apache/kerby/kerby-asn1/1.0.1/kerby-asn1-1.0.1.jar:/root/.m2/repository/org/apache/kerby/kerby-util/1.0.1/kerby-util-1.0.1.jar:/root/.m2/repository/org/apache/kerby/kerb-common/1.0.1/kerb-common-1.0.1.jar:/root/.m2/repository/org/apache/kerby/kerb-crypto/1.0.1/kerb-crypto-1.0.1.jar:/root/.m2/repository/org/apache/kerby/kerb-util/1.0.1/kerb-util-1.0.1.jar:/root/.m2/repository/org/apache/kerby/token-provider/1.0.1/token-provider-1.0.1.jar:/root/.m2/repository/org/apache/kerby/kerb-admin/1.0.1/kerb-admin-1.0.1.jar:/root/.m2/repository/org/apache/kerby/kerb-server/1.0.1/kerb-server-1.0.1.jar:/root/.m2/repository/org/apache/kerby/kerb-identity/1.0.1/kerb-identity-1.0.1.jar:/root/.m2/repository/org/apache/kerby/kerby-xdr/1.0.1/kerby-xdr-1.0.1.jar:/root/.m2/repository/org/slf4j/slf4j-log4j12/1.7.25/slf4j-log4j12-1.7.25.jar:/root/.m2/repository/org/apache/hadoop/hadoop-ozone-objectstore-service/0.5.0-SNAPSHOT/hadoop-ozone-objectstore-service-0.5.0-SNAPSHOT.jar:/root/.m2/repository/org/apache/hadoop/hadoop-ozone-s3gateway/0.5.0-SNAPSHOT/hadoop-ozone-s3gateway-0.5.0-SNAPSHOT.jar:/root/.m2/repository/org/jboss/weld/servlet/weld-servlet/2.4.7.Final/weld-servlet-2.4.7.Final.jar:/root/.m2/repository/org/glassfish/jersey/containers/jersey-container-servlet-core/2.27/jersey-container-servlet-core-2.27.jar:/root/.m2/repository/org/glassfish/hk2/external/javax.inject/2.5.0-b42/javax.inject-2.5.0-b42.jar:/root/.m2/repository/org/glassfish/jersey/core/jersey-common/2.27/jersey-common-2.27.jar:/root/.m2/repository/org/glassfish/hk2/osgi-resource-locator/1.0.1/osgi-resource-locator-1.0.1.jar:/root/.m2/repository/javax/ws/rs/javax.ws.rs-api/2.1/javax.ws.rs-api-2.1.jar:/root/.m2/repository/org/glassfish/jersey/ext/cdi/jersey-cdi1x/2.27/jersey-cdi1x-2.27.jar:/root/.m2/repository/org/glassfish/jersey/inject/jersey-hk2/2.27/jersey-hk2-2.27.jar:/root/.m2/repository/org/glassfish/hk2/hk2-locator/2.5.0-b42/hk2-locator-2.5.0-b42.jar:/root/.m2/repository/org/javassist/javassist/3.22.0-CR2/javassist-3.22.0-CR2.jar:/root/.m2/repository/org/glassfish/hk2/hk2-api/2.5.0/hk2-api-2.5.0.jar:/root/.m2/repository/org/glassfish/hk2/external/jakarta.inject/2.5.0/jakarta.inject-2.5.0.jar:/root/.m2/repository/org/glassfish/hk2/hk2-utils/2.5.0/hk2-utils-2.5.0.jar:/root/.m2/repository/jakarta/annotation/jakarta.annotation-api/1.3.4/jakarta.annotation-api-1.3.4.jar:/root/.m2/repository/org/glassfish/hk2/external/aopalliance-repackaged/2.5.0/aopalliance-repackaged-2.5.0.jar:/root/.m2/repository/com/fasterxml/jackson/dataformat/jackson-dataformat-xml/2.9.0/jackson-dataformat-xml-2.9.0.jar:/root/.m2/repository/com/fasterxml/jackson/core/jackson-core/2.9.5/jackson-core-2.9.5.jar:/root/.m2/repository/com/fasterxml/jackson/module/jackson-module-jaxb-annotations/2.9.5/jackson-module-jaxb-annotations-2.9.5.jar:/root/.m2/repository/javax/enterprise/cdi-api/1.2/cdi-api-1.2.jar:/root/.m2/repository/javax/el/javax.el-api/3.0.0/javax.el-api-3.0.0.jar:/root/.m2/repository/javax/interceptor/javax.interceptor-api/1.2/javax.interceptor-api-1.2.jar:/root/.m2/repository/javax/inject/javax.inject/1/javax.inject-1.jar:/root/.m2/repository/com/sun/xml/bind/jaxb-impl/2.3.0.1/jaxb-impl-2.3.0.1.jar:/root/.m2/repository/com/sun/xml/bind/jaxb-core/2.3.0.1/jaxb-core-2.3.0.1.jar:/root/.m2/repository/javax/xml/bind/jaxb-api/2.3.0/jaxb-api-2.3.0.jar:/root/.m2/repository/javax/activation/activation/1.1.1/activation-1.1.1.jar:/root/.m2/repository/org/apache/hadoop/hadoop-ozone-csi/0.5.0-SNAPSHOT/hadoop-ozone-csi-0.5.0-SNAPSHOT.jar:/root/.m2/repository/com/google/protobuf/protobuf-java-util/3.5.1/protobuf-java-util-3.5.1.jar:/root/.m2/repository/org/apache/hadoop/hadoop-hdds-config/0.5.0-SNAPSHOT/hadoop-hdds-config-0.5.0-SNAPSHOT.jar:/root/.m2/repository/com/google/guava/guava/11.0.2/guava-11.0.2.jar:/root/.m2/repository/com/google/protobuf/protobuf-java/2.5.0/protobuf-java-2.5.0.jar:/root/.m2/repository/io/grpc/grpc-netty/1.17.1/grpc-netty-1.17.1.jar:/root/.m2/repository/io/grpc/grpc-core/1.17.1/grpc-core-1.17.1.jar:/root/.m2/repository/io/grpc/grpc-context/1.17.1/grpc-context-1.17.1.jar:/root/.m2/repository/com/google/errorprone/error_prone_annotations/2.2.0/error_prone_annotations-2.2.0.jar:/root/.m2/repository/org/codehaus/mojo/animal-sniffer-annotations/1.17/animal-sniffer-annotations-1.17.jar:/root/.m2/repository/io/opencensus/opencensus-api/0.17.0/opencensus-api-0.17.0.jar:/root/.m2/repository/io/opencensus/opencensus-contrib-grpc-metrics/0.17.0/opencensus-contrib-grpc-metrics-0.17.0.jar:/root/.m2/repository/io/netty/netty-codec-http2/4.1.30.Final/netty-codec-http2-4.1.30.Final.jar:/root/.m2/repository/io/netty/netty-codec-http/4.1.30.Final/netty-codec-http-4.1.30.Final.jar:/root/.m2/repository/io/netty/netty-codec/4.1.30.Final/netty-codec-4.1.30.Final.jar:/root/.m2/repository/io/netty/netty-handler/4.1.30.Final/netty-handler-4.1.30.Final.jar:/root/.m2/repository/io/netty/netty-handler-proxy/4.1.30.Final/netty-handler-proxy-4.1.30.Final.jar:/root/.m2/repository/io/netty/netty-codec-socks/4.1.30.Final/netty-codec-socks-4.1.30.Final.jar:/root/.m2/repository/io/netty/netty-transport-native-epoll/4.1.30.Final/netty-transport-native-epoll-4.1.30.Final.jar:/root/.m2/repository/io/netty/netty-common/4.1.30.Final/netty-common-4.1.30.Final.jar:/root/.m2/repository/io/netty/netty-buffer/4.1.30.Final/netty-buffer-4.1.30.Final.jar:/root/.m2/repository/io/netty/netty-transport/4.1.30.Final/netty-transport-4.1.30.Final.jar:/root/.m2/repository/io/netty/netty-resolver/4.1.30.Final/netty-resolver-4.1.30.Final.jar:/root/.m2/repository/io/netty/netty-transport-native-unix-common/4.1.30.Final/netty-transport-native-unix-common-4.1.30.Final.jar:/root/.m2/repository/io/grpc/grpc-protobuf/1.17.1/grpc-protobuf-1.17.1.jar:/root/.m2/repository/com/google/api/grpc/proto-google-common-protos/1.0.0/proto-google-common-protos-1.0.0.jar:/root/.m2/repository/io/grpc/grpc-protobuf-lite/1.17.1/grpc-protobuf-lite-1.17.1.jar:/root/.m2/repository/io/grpc/grpc-stub/1.17.1/grpc-stub-1.17.1.jar:/root/.m2/repository/org/apache/hadoop/hadoop-ozone-recon/0.5.0-SNAPSHOT/hadoop-ozone-recon-0.5.0-SNAPSHOT.jar:/root/.m2/repository/org/apache/hadoop/hadoop-ozone-reconcodegen/0.5.0-SNAPSHOT/hadoop-ozone-reconcodegen-0.5.0-SNAPSHOT.jar:/root/.m2/repository/com/google/inject/extensions/guice-multibindings/4.0/guice-multibindings-4.0.jar:/root/.m2/repository/com/google/inject/guice/4.0/guice-4.0.jar:/root/.m2/repository/aopalliance/aopalliance/1.0/aopalliance-1.0.jar:/root/.m2/repository/com/google/inject/extensions/guice-servlet/4.0/guice-servlet-4.0.jar:/root/.m2/repository/org/glassfish/jersey/containers/jersey-container-servlet/2.27/jersey-container-servlet-2.27.jar:/root/.m2/repository/org/glassfish/hk2/guice-bridge/2.5.0/guice-bridge-2.5.0.jar:/root/.m2/repository/org/glassfish/jersey/core/jersey-server/2.27/jersey-server-2.27.jar:/root/.m2/repository/org/glassfish/jersey/core/jersey-client/2.27/jersey-client-2.27.jar:/root/.m2/repository/org/glassfish/jersey/media/jersey-media-jaxb/2.27/jersey-media-jaxb-2.27.jar:/root/.m2/repository/javax/validation/validation-api/1.1.0.Final/validation-api-1.1.0.Final.jar:/root/.m2/repository/org/glassfish/jersey/media/jersey-media-json-jackson/2.27/jersey-media-json-jackson-2.27.jar:/root/.m2/repository/org/glassfish/jersey/ext/jersey-entity-filtering/2.27/jersey-entity-filtering-2.27.jar:/root/.m2/repository/com/google/inject/extensions/guice-assistedinject/4.0/guice-assistedinject-4.0.jar:/root/.m2/repository/org/jooq/jooq/3.11.10/jooq-3.11.10.jar:/root/.m2/repository/org/jooq/jooq-meta/3.11.10/jooq-meta-3.11.10.jar:/root/.m2/repository/org/jooq/jooq-codegen/3.11.10/jooq-codegen-3.11.10.jar:/root/.m2/repository/com/jolbox/bonecp/0.8.0.RELEASE/bonecp-0.8.0.RELEASE.jar:/root/.m2/repository/org/xerial/sqlite-jdbc/3.25.2/sqlite-jdbc-3.25.2.jar:/root/.m2/repository/org/springframework/spring-jdbc/5.1.3.RELEASE/spring-jdbc-5.1.3.RELEASE.jar:/root/.m2/repository/org/springframework/spring-beans/5.1.3.RELEASE/spring-beans-5.1.3.RELEASE.jar:/root/.m2/repository/org/springframework/spring-core/5.1.3.RELEASE/spring-core-5.1.3.RELEASE.jar:/root/.m2/repository/org/springframework/spring-jcl/5.1.3.RELEASE/spring-jcl-5.1.3.RELEASE.jar:/root/.m2/repository/org/springframework/spring-tx/5.1.3.RELEASE/spring-tx-5.1.3.RELEASE.jar:/root/.m2/repository/org/apache/hadoop/hadoop-ozone-client/0.5.0-SNAPSHOT/hadoop-ozone-client-0.5.0-SNAPSHOT.jar:/root/.m2/repository/org/apache/hadoop/hadoop-ozone-ozone-manager/0.5.0-SNAPSHOT/hadoop-ozone-ozone-manager-0.5.0-SNAPSHOT-tests.jar:/root/.m2/repository/junit/junit/4.11/junit-4.11.jar:/root/.m2/repository/org/hamcrest/hamcrest-core/1.3/hamcrest-core-1.3.jar:/root/.m2/repository/org/openjdk/jmh/jmh-core/1.19/jmh-core-1.19.jar:/root/.m2/repository/net/sf/jopt-simple/jopt-simple/4.6/jopt-simple-4.6.jar:/root/.m2/repository/org/apache/commons/commons-math3/3.1.1/commons-math3-3.1.1.jar:/root/.m2/repository/org/openjdk/jmh/jmh-generator-annprocess/1.19/jmh-generator-annprocess-1.19.jar:/root/.m2/repository/org/mockito/mockito-all/1.8.5/mockito-all-1.8.5.jar:/root/.m2/repository/org/apache/hadoop/hadoop-kms/3.2.0/hadoop-kms-3.2.0.jar:/root/.m2/repository/org/apache/hadoop/hadoop-auth/3.2.0/hadoop-auth-3.2.0.jar:/root/.m2/repository/com/nimbusds/nimbus-jose-jwt/4.41.1/nimbus-jose-jwt-4.41.1.jar:/root/.m2/repository/com/github/stephenc/jcip/jcip-annotations/1.0-1/jcip-annotations-1.0-1.jar:/root/.m2/repository/net/minidev/json-smart/2.3/json-smart-2.3.jar:/root/.m2/repository/net/minidev/accessors-smart/1.2/accessors-smart-1.2.jar:/root/.m2/repository/org/ow2/asm/asm/5.0.4/asm-5.0.4.jar:/root/.m2/repository/org/apache/curator/curator-framework/2.12.0/curator-framework-2.12.0.jar:/root/.m2/repository/com/sun/jersey/jersey-core/1.19/jersey-core-1.19.jar:/root/.m2/repository/javax/ws/rs/jsr311-api/1.1.1/jsr311-api-1.1.1.jar:/root/.m2/repository/com/sun/jersey/jersey-server/1.19/jersey-server-1.19.jar:/root/.m2/repository/javax/servlet/javax.servlet-api/3.1.0/javax.servlet-api-3.1.0.jar:/root/.m2/repository/org/eclipse/jetty/jetty-server/9.3.24.v20180605/jetty-server-9.3.24.v20180605.jar:/root/.m2/repository/org/eclipse/jetty/jetty-http/9.3.24.v20180605/jetty-http-9.3.24.v20180605.jar:/root/.m2/repository/org/eclipse/jetty/jetty-io/9.3.24.v20180605/jetty-io-9.3.24.v20180605.jar:/root/.m2/repository/org/eclipse/jetty/jetty-webapp/9.3.24.v20180605/jetty-webapp-9.3.24.v20180605.jar:/root/.m2/repository/org/eclipse/jetty/jetty-xml/9.3.24.v20180605/jetty-xml-9.3.24.v20180605.jar:/root/.m2/repository/log4j/log4j/1.2.17/log4j-1.2.17.jar:/root/.m2/repository/org/slf4j/slf4j-api/1.7.25/slf4j-api-1.7.25.jar:/root/.m2/repository/org/slf4j/jul-to-slf4j/1.7.25/jul-to-slf4j-1.7.25.jar:/root/.m2/repository/org/eclipse/jetty/jetty-util/9.3.24.v20180605/jetty-util-9.3.24.v20180605.jar:/root/.m2/repository/io/dropwizard/metrics/metrics-core/3.2.4/metrics-core-3.2.4.jar:/root/.m2/repository/com/fasterxml/jackson/core/jackson-databind/2.9.5/jackson-databind-2.9.5.jar:/root/.m2/repository/org/apache/hadoop/hadoop-kms/3.2.0/hadoop-kms-3.2.0-tests.jar:/root/.m2/repository/org/apache/hadoop/hadoop-hdds-server-scm/0.5.0-SNAPSHOT/hadoop-hdds-server-scm-0.5.0-SNAPSHOT-tests.jar:/root/.m2/repository/org/hamcrest/hamcrest-all/1.3/hamcrest-all-1.3.jar:/root/.m2/repository/info/picocli/picocli/3.9.6/picocli-3.9.6.jar:/root/.m2/repository/org/apache/hadoop/hadoop-hdds-container-service/0.5.0-SNAPSHOT/hadoop-hdds-container-service-0.5.0-SNAPSHOT-tests.jar:/root/.m2/repository/org/yaml/snakeyaml/1.16/snakeyaml-1.16.jar:/root/.m2/repository/org/apache/hadoop/hadoop-common/3.2.0/hadoop-common-3.2.0-tests.jar:/root/.m2/repository/org/apache/hadoop/hadoop-annotations/3.2.0/hadoop-annotations-3.2.0.jar:/usr/lib/jvm/java-1.8-openjdk/jre/../lib/tools.jar:/root/.m2/repository/commons-cli/commons-cli/1.2/commons-cli-1.2.jar:/root/.m2/repository/org/apache/httpcomponents/httpclient/4.5.2/httpclient-4.5.2.jar:/root/.m2/repository/org/apache/httpcomponents/httpcore/4.4.4/httpcore-4.4.4.jar:/root/.m2/repository/commons-codec/commons-codec/1.11/commons-codec-1.11.jar:/root/.m2/repository/commons-net/commons-net/3.6/commons-net-3.6.jar:/root/.m2/repository/commons-collections/commons-collections/3.2.2/commons-collections-3.2.2.jar:/root/.m2/repository/org/eclipse/jetty/jetty-servlet/9.3.24.v20180605/jetty-servlet-9.3.24.v20180605.jar:/root/.m2/repository/org/eclipse/jetty/jetty-security/9.3.24.v20180605/jetty-security-9.3.24.v20180605.jar:/root/.m2/repository/javax/servlet/jsp/jsp-api/2.1/jsp-api-2.1.jar:/root/.m2/repository/com/sun/jersey/jersey-servlet/1.19/jersey-servlet-1.19.jar:/root/.m2/repository/com/sun/jersey/jersey-json/1.19/jersey-json-1.19.jar:/root/.m2/repository/org/codehaus/jettison/jettison/1.1/jettison-1.1.jar:/root/.m2/repository/org/codehaus/jackson/jackson-core-asl/1.9.13/jackson-core-asl-1.9.13.jar:/root/.m2/repository/org/codehaus/jackson/jackson-mapper-asl/1.9.13/jackson-mapper-asl-1.9.13.jar:/root/.m2/repository/org/codehaus/jackson/jackson-jaxrs/1.9.13/jackson-jaxrs-1.9.13.jar:/root/.m2/repository/org/codehaus/jackson/jackson-xc/1.9.13/jackson-xc-1.9.13.jar:/root/.m2/repository/commons-logging/commons-logging/1.1.3/commons-logging-1.1.3.jar:/root/.m2/repository/commons-beanutils/commons-beanutils/1.9.3/commons-beanutils-1.9.3.jar:/root/.m2/repository/org/apache/commons/commons-configuration2/2.1.1/commons-configuration2-2.1.1.jar:/root/.m2/repository/org/apache/commons/commons-lang3/3.7/commons-lang3-3.7.jar:/root/.m2/repository/org/apache/commons/commons-text/1.4/commons-text-1.4.jar:/root/.m2/repository/org/apache/avro/avro/1.7.7/avro-1.7.7.jar:/root/.m2/repository/com/thoughtworks/paranamer/paranamer/2.3/paranamer-2.3.jar:/root/.m2/repository/org/xerial/snappy/snappy-java/1.0.5/snappy-java-1.0.5.jar:/root/.m2/repository/com/google/re2j/re2j/1.1/re2j-1.1.jar:/root/.m2/repository/com/google/code/gson/gson/2.2.4/gson-2.2.4.jar:/root/.m2/repository/com/jcraft/jsch/0.1.54/jsch-0.1.54.jar:/root/.m2/repository/org/apache/curator/curator-client/2.12.0/curator-client-2.12.0.jar:/root/.m2/repository/org/apache/curator/curator-recipes/2.12.0/curator-recipes-2.12.0.jar:/root/.m2/repository/com/google/code/findbugs/jsr305/3.0.0/jsr305-3.0.0.jar:/root/.m2/repository/org/apache/htrace/htrace-core4/4.1.0-incubating/htrace-core4-4.1.0-incubating.jar:/root/.m2/repository/org/apache/zookeeper/zookeeper/3.4.13/zookeeper-3.4.13.jar:/root/.m2/repository/org/apache/yetus/audience-annotations/0.5.0/audience-annotations-0.5.0.jar:/root/.m2/repository/org/codehaus/woodstox/stax2-api/3.1.4/stax2-api-3.1.4.jar:/root/.m2/repository/com/fasterxml/woodstox/woodstox-core/5.0.3/woodstox-core-5.0.3.jar:/root/.m2/repository/dnsjava/dnsjava/2.1.7/dnsjava-2.1.7.jar:/root/.m2/repository/org/apache/hadoop/hadoop-hdfs/3.2.0/hadoop-hdfs-3.2.0-tests.jar:/root/.m2/repository/org/eclipse/jetty/jetty-util-ajax/9.3.24.v20180605/jetty-util-ajax-9.3.24.v20180605.jar:/root/.m2/repository/commons-daemon/commons-daemon/1.0.13/commons-daemon-1.0.13.jar:/root/.m2/repository/io/netty/netty/3.10.5.Final/netty-3.10.5.Final.jar:/root/.m2/repository/io/netty/netty-all/4.0.52.Final/netty-all-4.0.52.Final.jar:/root/.m2/repository/org/fusesource/leveldbjni/leveldbjni-all/1.8/leveldbjni-all-1.8.jar:"/>
    <property name="sun.cpu.endian" value="little"/>
    <property name="user.home" value="/root"/>
    <property name="user.language" value="en"/>
    <property name="java.specification.vendor" value="Oracle Corporation"/>
    <property name="java.home" value="/usr/lib/jvm/java-1.8-openjdk/jre"/>
    <property name="java.security.krb5.conf" value="/opt/src/hadoop-ozone/integration-test/target/test-classes/krb5.conf"/>
    <property name="basedir" value="/opt/src/hadoop-ozone/integration-test"/>
    <property name="file.separator" value="/"/>
    <property name="line.separator" value="&#10;"/>
    <property name="java.vm.specification.vendor" value="Oracle Corporation"/>
    <property name="java.specification.name" value="Java Platform API Specification"/>
    <property name="java.awt.graphicsenv" value="sun.awt.X11GraphicsEnvironment"/>
    <property name="surefire.real.class.path" value="/opt/src/hadoop-ozone/integration-test/target/surefire/surefirebooter1023904364832439280.jar"/>
    <property name="hadoop.log.dir" value="/opt/src/hadoop-ozone/integration-test/target/log"/>
    <property name="sun.boot.class.path" value="/usr/lib/jvm/java-1.8-openjdk/jre/lib/resources.jar:/usr/lib/jvm/java-1.8-openjdk/jre/lib/rt.jar:/usr/lib/jvm/java-1.8-openjdk/jre/lib/sunrsasign.jar:/usr/lib/jvm/java-1.8-openjdk/jre/lib/jsse.jar:/usr/lib/jvm/java-1.8-openjdk/jre/lib/jce.jar:/usr/lib/jvm/java-1.8-openjdk/jre/lib/charsets.jar:/usr/lib/jvm/java-1.8-openjdk/jre/lib/jfr.jar:/usr/lib/jvm/java-1.8-openjdk/jre/classes"/>
    <property name="sun.management.compiler" value="HotSpot 64-Bit Tiered Compilers"/>
    <property name="java.runtime.version" value="1.8.0_212-b04"/>
    <property name="java.net.preferIPv4Stack" value="true"/>
    <property name="user.name" value="root"/>
    <property name="path.separator" value=":"/>
    <property name="java.security.egd" value="file:///dev/urandom"/>
    <property name="os.version" value="4.15.0-1021-aws"/>
    <property name="java.endorsed.dirs" value="/usr/lib/jvm/java-1.8-openjdk/jre/lib/endorsed"/>
    <property name="java.runtime.name" value="OpenJDK Runtime Environment"/>
    <property name="file.encoding" value="UTF-8"/>
    <property name="java.vm.name" value="OpenJDK 64-Bit Server VM"/>
    <property name="test.build.webapps" value=""/>
    <property name="localRepository" value="/root/.m2/repository"/>
    <property name="java.vendor.url.bug" value="https://icedtea.classpath.org/bugzilla"/>
    <property name="java.io.tmpdir" value="/tmp"/>
    <property name="require.test.libhadoop" value=""/>
    <property name="java.version" value="1.8.0_212"/>
    <property name="user.dir" value="/opt/src/hadoop-ozone/integration-test"/>
    <property name="os.arch" value="amd64"/>
    <property name="java.vm.specification.name" value="Java Virtual Machine Specification"/>
    <property name="test.build.classes" value="/opt/src/hadoop-ozone/integration-test/target/test-classes"/>
    <property name="java.awt.printerjob" value="sun.print.PSPrinterJob"/>
    <property name="sun.os.patch.level" value="unknown"/>
    <property name="hadoop.tmp.dir" value="/opt/src/hadoop-ozone/integration-test/target/tmp"/>
    <property name="java.library.path" value="/usr/lib/jvm/java-1.8-openjdk/jre/lib/amd64/server:/usr/lib/jvm/java-1.8-openjdk/jre/lib/amd64:/usr/lib/jvm/java-1.8-openjdk/jre/../lib/amd64:/opt/src/hadoop-ozone/integration-test/target/native/target/usr/local/lib:/opt/src/hadoop-ozone/integration-test/../../hadoop-common-project/hadoop-common/target/native/target/usr/local/lib:/usr/java/packages/lib/amd64:/usr/lib64:/lib64:/lib:/usr/lib"/>
    <property name="java.vm.info" value="mixed mode"/>
    <property name="java.vendor" value="IcedTea"/>
    <property name="java.vm.version" value="25.212-b04"/>
    <property name="java.ext.dirs" value="/usr/lib/jvm/java-1.8-openjdk/jre/lib/ext:/usr/java/packages/lib/ext"/>
    <property name="sun.io.unicode.encoding" value="UnicodeLittle"/>
    <property name="java.class.version" value="52.0"/>
  </properties>
  <testcase name="testBlockDeletion" classname="org.apache.hadoop.ozone.container.common.statemachine.commandhandler.TestBlockDeletion" time="51.25">
    <failure message="expected null, but was:&lt;[B@1edccfd4&gt;" type="java.lang.AssertionError"><![CDATA[java.lang.AssertionError: expected null, but was:<[B@1edccfd4>
	at org.junit.Assert.fail(Assert.java:88)
	at org.junit.Assert.failNotNull(Assert.java:664)
	at org.junit.Assert.assertNull(Assert.java:646)
	at org.junit.Assert.assertNull(Assert.java:656)
	at org.apache.hadoop.ozone.container.common.statemachine.commandhandler.TestBlockDeletion.lambda$verifyBlocksDeleted$3(TestBlockDeletion.java:323)
	at org.apache.hadoop.ozone.OzoneTestUtils.performOperationOnKeyContainers(OzoneTestUtils.java:96)
	at org.apache.hadoop.ozone.container.common.statemachine.commandhandler.TestBlockDeletion.verifyBlocksDeleted(TestBlockDeletion.java:317)
	at org.apache.hadoop.ozone.container.common.statemachine.commandhandler.TestBlockDeletion.testBlockDeletion(TestBlockDeletion.java:177)
	at sun.reflect.NativeMethodAccessorImpl.invoke0(Native Method)
	at sun.reflect.NativeMethodAccessorImpl.invoke(NativeMethodAccessorImpl.java:62)
	at sun.reflect.DelegatingMethodAccessorImpl.invoke(DelegatingMethodAccessorImpl.java:43)
	at java.lang.reflect.Method.invoke(Method.java:498)
	at org.junit.runners.model.FrameworkMethod$1.runReflectiveCall(FrameworkMethod.java:47)
	at org.junit.internal.runners.model.ReflectiveCallable.run(ReflectiveCallable.java:12)
	at org.junit.runners.model.FrameworkMethod.invokeExplosively(FrameworkMethod.java:44)
	at org.junit.internal.runners.statements.InvokeMethod.evaluate(InvokeMethod.java:17)
	at org.junit.runners.ParentRunner.runLeaf(ParentRunner.java:271)
	at org.junit.runners.BlockJUnit4ClassRunner.runChild(BlockJUnit4ClassRunner.java:70)
	at org.junit.runners.BlockJUnit4ClassRunner.runChild(BlockJUnit4ClassRunner.java:50)
	at org.junit.runners.ParentRunner$3.run(ParentRunner.java:238)
	at org.junit.runners.ParentRunner$1.schedule(ParentRunner.java:63)
	at org.junit.runners.ParentRunner.runChildren(ParentRunner.java:236)
	at org.junit.runners.ParentRunner.access$000(ParentRunner.java:53)
	at org.junit.runners.ParentRunner$2.evaluate(ParentRunner.java:229)
	at org.junit.internal.runners.statements.RunBefores.evaluate(RunBefores.java:26)
	at org.junit.runners.ParentRunner.run(ParentRunner.java:309)
	at org.apache.maven.surefire.junit4.JUnit4Provider.execute(JUnit4Provider.java:365)
	at org.apache.maven.surefire.junit4.JUnit4Provider.executeWithRerun(JUnit4Provider.java:273)
	at org.apache.maven.surefire.junit4.JUnit4Provider.executeTestSet(JUnit4Provider.java:238)
	at org.apache.maven.surefire.junit4.JUnit4Provider.invoke(JUnit4Provider.java:159)
	at org.apache.maven.surefire.booter.ForkedBooter.invokeProviderInSameClassLoader(ForkedBooter.java:384)
	at org.apache.maven.surefire.booter.ForkedBooter.runSuitesInProcess(ForkedBooter.java:345)
	at org.apache.maven.surefire.booter.ForkedBooter.execute(ForkedBooter.java:126)
	at org.apache.maven.surefire.booter.ForkedBooter.main(ForkedBooter.java:418)
]]></failure>
    <system-out><![CDATA[2019-06-13 22:53:23,840 WARN  server.ServerUtils (ServerUtils.java:getScmDbDir(145)) - ozone.scm.db.dirs is not configured. We recommend adding this setting. Falling back to ozone.metadata.dirs instead.
2019-06-13 22:53:23,922 WARN  server.ServerUtils (ServerUtils.java:getScmDbDir(145)) - ozone.scm.db.dirs is not configured. We recommend adding this setting. Falling back to ozone.metadata.dirs instead.
2019-06-13 22:53:23,926 WARN  server.ServerUtils (ServerUtils.java:getScmDbDir(145)) - ozone.scm.db.dirs is not configured. We recommend adding this setting. Falling back to ozone.metadata.dirs instead.
2019-06-13 22:53:23,941 INFO  util.log (Log.java:initialized(192)) - Logging initialized @783ms
2019-06-13 22:53:24,038 INFO  db.DBStoreBuilder (DBStoreBuilder.java:addTable(110)) - using custom profile for table: deletedBlocks
2019-06-13 22:53:24,039 INFO  db.DBStoreBuilder (DBStoreBuilder.java:processTables(161)) - Using default column profile:DBProfile.DISK for Table:deletedBlocks
2019-06-13 22:53:24,039 INFO  db.DBStoreBuilder (DBStoreBuilder.java:addTable(110)) - using custom profile for table: validCerts
2019-06-13 22:53:24,039 INFO  db.DBStoreBuilder (DBStoreBuilder.java:processTables(161)) - Using default column profile:DBProfile.DISK for Table:validCerts
2019-06-13 22:53:24,039 INFO  db.DBStoreBuilder (DBStoreBuilder.java:addTable(110)) - using custom profile for table: revokedCerts
2019-06-13 22:53:24,040 INFO  db.DBStoreBuilder (DBStoreBuilder.java:processTables(161)) - Using default column profile:DBProfile.DISK for Table:revokedCerts
2019-06-13 22:53:24,051 INFO  db.DBStoreBuilder (DBStoreBuilder.java:addTable(110)) - using custom profile for table: default
2019-06-13 22:53:24,052 INFO  db.DBStoreBuilder (DBStoreBuilder.java:processTables(167)) - Using default column profile:DBProfile.DISK for Table:default
2019-06-13 22:53:24,054 INFO  db.DBStoreBuilder (DBStoreBuilder.java:getDbProfile(198)) - Using default options. DBProfile.DISK
2019-06-13 22:53:24,123 INFO  node.SCMNodeManager (SCMNodeManager.java:<init>(108)) - Entering startup safe mode.
2019-06-13 22:53:24,179 INFO  net.NodeSchemaLoader (NodeSchemaLoader.java:loadSchemaFromFile(125)) - Loading file from sun.misc.CompoundEnumeration@702657cc
2019-06-13 22:53:24,180 INFO  net.NodeSchemaLoader (NodeSchemaLoader.java:loadSchema(171)) - Loading network topology layer schema file
2019-06-13 22:53:24,238 WARN  server.ServerUtils (ServerUtils.java:getScmDbDir(145)) - ozone.scm.db.dirs is not configured. We recommend adding this setting. Falling back to ozone.metadata.dirs instead.
2019-06-13 22:53:24,261 INFO  pipeline.SCMPipelineManager (SCMPipelineManager.java:initializePipelineState(126)) - No pipeline exists in current db
2019-06-13 22:53:24,263 WARN  server.ServerUtils (ServerUtils.java:getScmDbDir(145)) - ozone.scm.db.dirs is not configured. We recommend adding this setting. Falling back to ozone.metadata.dirs instead.
2019-06-13 22:53:24,315 WARN  events.EventQueue (EventQueue.java:fireEvent(175)) - No event handler registered for event TypedEvent{payloadType=SafeModeStatus, name='SafeModeStatus'}
2019-06-13 22:53:24,599 INFO  ipc.CallQueueManager (CallQueueManager.java:<init>(84)) - Using callQueue: class java.util.concurrent.LinkedBlockingQueue, queueCapacity: 2000, scheduler: class org.apache.hadoop.ipc.DefaultRpcScheduler, ipcBackoff: false.
2019-06-13 22:53:24,622 INFO  ipc.Server (Server.java:run(1074)) - Starting Socket Reader #1 for port 44823
2019-06-13 22:53:24,641 INFO  ipc.CallQueueManager (CallQueueManager.java:<init>(84)) - Using callQueue: class java.util.concurrent.LinkedBlockingQueue, queueCapacity: 2000, scheduler: class org.apache.hadoop.ipc.DefaultRpcScheduler, ipcBackoff: false.
2019-06-13 22:53:24,669 INFO  ipc.Server (Server.java:run(1074)) - Starting Socket Reader #1 for port 44717
2019-06-13 22:53:24,685 INFO  ipc.CallQueueManager (CallQueueManager.java:<init>(84)) - Using callQueue: class java.util.concurrent.LinkedBlockingQueue, queueCapacity: 2000, scheduler: class org.apache.hadoop.ipc.DefaultRpcScheduler, ipcBackoff: false.
2019-06-13 22:53:24,687 INFO  ipc.Server (Server.java:run(1074)) - Starting Socket Reader #1 for port 44415
2019-06-13 22:53:24,732 INFO  hdfs.DFSUtil (DFSUtil.java:httpServerTemplateForNNAndJN(1641)) - Starting Web-server for scm at: http://0.0.0.0:0
2019-06-13 22:53:24,877 INFO  server.AuthenticationFilter (AuthenticationFilter.java:constructSecretProvider(240)) - Unable to initialize FileSignerSecretProvider, falling back to use random secrets.
2019-06-13 22:53:24,885 WARN  http.HttpRequestLog (HttpRequestLog.java:getRequestLog(97)) - Jetty request log can only be enabled using Log4j
2019-06-13 22:53:24,894 INFO  http.HttpServer2 (HttpServer2.java:addGlobalFilter(975)) - Added global filter 'safety' (class=org.apache.hadoop.http.HttpServer2$QuotingInputFilter)
2019-06-13 22:53:24,897 INFO  http.HttpServer2 (HttpServer2.java:addFilter(948)) - Added filter static_user_filter (class=org.apache.hadoop.http.lib.StaticUserWebFilter$StaticUserFilter) to context scm
2019-06-13 22:53:24,897 INFO  http.HttpServer2 (HttpServer2.java:addFilter(958)) - Added filter static_user_filter (class=org.apache.hadoop.http.lib.StaticUserWebFilter$StaticUserFilter) to context static
2019-06-13 22:53:24,897 INFO  http.HttpServer2 (HttpServer2.java:addFilter(958)) - Added filter static_user_filter (class=org.apache.hadoop.http.lib.StaticUserWebFilter$StaticUserFilter) to context logs
2019-06-13 22:53:24,927 INFO  server.StorageContainerManager (StorageContainerManager.java:start(752)) - StorageContainerLocationProtocol RPC server is listening at /0.0.0.0:44415
2019-06-13 22:53:24,986 WARN  impl.MetricsConfig (MetricsConfig.java:loadFirst(134)) - Cannot locate configuration: tried hadoop-metrics2-storagecontainermanager.properties,hadoop-metrics2.properties
2019-06-13 22:53:24,996 INFO  impl.MetricsSystemImpl (MetricsSystemImpl.java:startTimer(374)) - Scheduled Metric snapshot period at 10 second(s).
2019-06-13 22:53:24,996 INFO  impl.MetricsSystemImpl (MetricsSystemImpl.java:start(191)) - StorageContainerManager metrics system started
2019-06-13 22:53:25,165 INFO  server.SCMClientProtocolServer (SCMClientProtocolServer.java:start(149)) - RPC server for Client  is listening at /0.0.0.0:44415
2019-06-13 22:53:25,166 INFO  ipc.Server (Server.java:run(1314)) - IPC Server Responder: starting
2019-06-13 22:53:25,166 INFO  ipc.Server (Server.java:run(1153)) - IPC Server listener on 44415: starting
2019-06-13 22:53:25,176 INFO  server.StorageContainerManager (StorageContainerManager.java:start(761)) - ScmBlockLocationProtocol RPC server is listening at /0.0.0.0:44717
2019-06-13 22:53:25,176 INFO  server.SCMBlockProtocolServer (SCMBlockProtocolServer.java:start(137)) - RPC server for Block Protocol is listening at /0.0.0.0:44717
2019-06-13 22:53:25,177 INFO  ipc.Server (Server.java:run(1314)) - IPC Server Responder: starting
2019-06-13 22:53:25,177 INFO  ipc.Server (Server.java:run(1153)) - IPC Server listener on 44717: starting
2019-06-13 22:53:25,190 INFO  server.StorageContainerManager (StorageContainerManager.java:start(765)) - ScmDatanodeProtocl RPC server is listening at /0.0.0.0:44823
2019-06-13 22:53:25,190 INFO  server.SCMDatanodeProtocolServer (SCMDatanodeProtocolServer.java:start(191)) - RPC server for DataNodes is listening at /0.0.0.0:44823
2019-06-13 22:53:25,191 INFO  ipc.Server (Server.java:run(1314)) - IPC Server Responder: starting
2019-06-13 22:53:25,191 INFO  ipc.Server (Server.java:run(1153)) - IPC Server listener on 44823: starting
2019-06-13 22:53:25,194 INFO  http.HttpServer2 (HttpServer2.java:bindListener(1191)) - Jetty bound to port 45171
2019-06-13 22:53:25,196 INFO  server.Server (Server.java:doStart(351)) - jetty-9.3.24.v20180605, build timestamp: 2018-06-05T17:11:56Z, git hash: 84205aa28f11a4f31f2a3b86d1bba2cc8ab69827
2019-06-13 22:53:25,229 INFO  handler.ContextHandler (ContextHandler.java:doStart(781)) - Started o.e.j.s.ServletContextHandler@12c7a01b{/logs,file:///opt/src/hadoop-ozone/integration-test/target/log,AVAILABLE}
2019-06-13 22:53:25,230 INFO  handler.ContextHandler (ContextHandler.java:doStart(781)) - Started o.e.j.s.ServletContextHandler@2826f61{/static,file:///opt/src/hadoop-ozone/integration-test/target/test-classes/webapps/static,AVAILABLE}
2019-06-13 22:53:25,260 INFO  handler.ContextHandler (ContextHandler.java:doStart(781)) - Started o.e.j.w.WebAppContext@37f21974{/,file:///opt/src/hadoop-ozone/integration-test/target/test-classes/webapps/scm/,AVAILABLE}{/scm}
2019-06-13 22:53:25,264 INFO  server.AbstractConnector (AbstractConnector.java:doStart(278)) - Started ServerConnector@5fb97279{HTTP/1.1,[http/1.1]}{0.0.0.0:45171}
2019-06-13 22:53:25,265 INFO  server.Server (Server.java:doStart(419)) - Started @2106ms
2019-06-13 22:53:25,298 INFO  server.BaseHttpServer (BaseHttpServer.java:updateConnectorAddress(207)) - HTTP server of SCM is listening at http://0.0.0.0:45171
2019-06-13 22:53:25,302 DEBUG block.SCMBlockDeletingService (SCMBlockDeletingService.java:call(138)) - Running DeletedBlockTransactionScanner
2019-06-13 22:53:25,306 INFO  util.JvmPauseMonitor (JvmPauseMonitor.java:run(188)) - Starting JVM pause monitor
2019-06-13 22:53:25,307 WARN  scm.ScmUtils (ScmUtils.java:getDBPath(63)) - ozone.om.db.dirs is not configured. We recommend adding this setting. Falling back to ozone.metadata.dirs instead.
2019-06-13 22:53:25,309 DEBUG block.SCMBlockDeletingService (SCMBlockDeletingService.java:call(155)) - Scanned deleted blocks log and got 0 delTX to process.
2019-06-13 22:53:25,398 WARN  scm.ScmUtils (ScmUtils.java:getDBPath(63)) - ozone.om.db.dirs is not configured. We recommend adding this setting. Falling back to ozone.metadata.dirs instead.
2019-06-13 22:53:25,399 INFO  om.OzoneManager (OzoneManager.java:setOMNodeDetails(519)) - OM Service ID is not set. Setting it to the default ID: omServiceIdDefault
2019-06-13 22:53:25,399 INFO  om.OzoneManager (OzoneManager.java:setOMNodeDetails(525)) - OM Node ID is not set. Setting it to the OmStorage's OmID: 1f83cd8e-0415-4296-baec-413e3f5805c5
2019-06-13 22:53:25,401 WARN  scm.HddsServerUtil (HddsServerUtil.java:getDefaultRatisDirectory(354)) - Storage directory for Ratis is not configured. It is a good idea to map this to an SSD disk. Falling back to ozone.metadata.dirs
2019-06-13 22:53:25,401 WARN  scm.HddsServerUtil (HddsServerUtil.java:getDefaultRatisDirectory(354)) - Storage directory for Ratis is not configured. It is a good idea to map this to an SSD disk. Falling back to ozone.metadata.dirs
2019-06-13 22:53:25,401 INFO  om.OzoneManager (OzoneManager.java:loadOMHAConfigs(476)) - Found matching OM address with OMServiceId: null, OMNodeId: null, RPC Address: localhost:0 and Ratis port: 9872
2019-06-13 22:53:25,410 DEBUG block.SCMBlockDeletingService (SCMBlockDeletingService.java:call(138)) - Running DeletedBlockTransactionScanner
2019-06-13 22:53:25,410 DEBUG block.SCMBlockDeletingService (SCMBlockDeletingService.java:call(155)) - Scanned deleted blocks log and got 0 delTX to process.
2019-06-13 22:53:25,511 DEBUG block.SCMBlockDeletingService (SCMBlockDeletingService.java:call(138)) - Running DeletedBlockTransactionScanner
2019-06-13 22:53:25,511 DEBUG block.SCMBlockDeletingService (SCMBlockDeletingService.java:call(155)) - Scanned deleted blocks log and got 0 delTX to process.
2019-06-13 22:53:25,560 WARN  scm.ScmUtils (ScmUtils.java:getDBPath(63)) - ozone.om.db.dirs is not configured. We recommend adding this setting. Falling back to ozone.metadata.dirs instead.
2019-06-13 22:53:25,565 INFO  db.DBStoreBuilder (DBStoreBuilder.java:addTable(110)) - using custom profile for table: userTable
2019-06-13 22:53:25,565 INFO  db.DBStoreBuilder (DBStoreBuilder.java:processTables(161)) - Using default column profile:DBProfile.DISK for Table:userTable
2019-06-13 22:53:25,566 INFO  db.DBStoreBuilder (DBStoreBuilder.java:addTable(110)) - using custom profile for table: volumeTable
2019-06-13 22:53:25,566 INFO  db.DBStoreBuilder (DBStoreBuilder.java:processTables(161)) - Using default column profile:DBProfile.DISK for Table:volumeTable
2019-06-13 22:53:25,566 INFO  db.DBStoreBuilder (DBStoreBuilder.java:addTable(110)) - using custom profile for table: bucketTable
2019-06-13 22:53:25,566 INFO  db.DBStoreBuilder (DBStoreBuilder.java:processTables(161)) - Using default column profile:DBProfile.DISK for Table:bucketTable
2019-06-13 22:53:25,566 INFO  db.DBStoreBuilder (DBStoreBuilder.java:addTable(110)) - using custom profile for table: keyTable
2019-06-13 22:53:25,567 INFO  db.DBStoreBuilder (DBStoreBuilder.java:processTables(161)) - Using default column profile:DBProfile.DISK for Table:keyTable
2019-06-13 22:53:25,567 INFO  db.DBStoreBuilder (DBStoreBuilder.java:addTable(110)) - using custom profile for table: deletedTable
2019-06-13 22:53:25,567 INFO  db.DBStoreBuilder (DBStoreBuilder.java:processTables(161)) - Using default column profile:DBProfile.DISK for Table:deletedTable
2019-06-13 22:53:25,567 INFO  db.DBStoreBuilder (DBStoreBuilder.java:addTable(110)) - using custom profile for table: openKeyTable
2019-06-13 22:53:25,567 INFO  db.DBStoreBuilder (DBStoreBuilder.java:processTables(161)) - Using default column profile:DBProfile.DISK for Table:openKeyTable
2019-06-13 22:53:25,568 INFO  db.DBStoreBuilder (DBStoreBuilder.java:addTable(110)) - using custom profile for table: s3Table
2019-06-13 22:53:25,568 INFO  db.DBStoreBuilder (DBStoreBuilder.java:processTables(161)) - Using default column profile:DBProfile.DISK for Table:s3Table
2019-06-13 22:53:25,568 INFO  db.DBStoreBuilder (DBStoreBuilder.java:addTable(110)) - using custom profile for table: multipartInfoTable
2019-06-13 22:53:25,568 INFO  db.DBStoreBuilder (DBStoreBuilder.java:processTables(161)) - Using default column profile:DBProfile.DISK for Table:multipartInfoTable
2019-06-13 22:53:25,568 INFO  db.DBStoreBuilder (DBStoreBuilder.java:addTable(110)) - using custom profile for table: dTokenTable
2019-06-13 22:53:25,569 INFO  db.DBStoreBuilder (DBStoreBuilder.java:processTables(161)) - Using default column profile:DBProfile.DISK for Table:dTokenTable
2019-06-13 22:53:25,569 INFO  db.DBStoreBuilder (DBStoreBuilder.java:addTable(110)) - using custom profile for table: s3SecretTable
2019-06-13 22:53:25,569 INFO  db.DBStoreBuilder (DBStoreBuilder.java:processTables(161)) - Using default column profile:DBProfile.DISK for Table:s3SecretTable
2019-06-13 22:53:25,570 INFO  db.DBStoreBuilder (DBStoreBuilder.java:addTable(110)) - using custom profile for table: prefixTable
2019-06-13 22:53:25,570 INFO  db.DBStoreBuilder (DBStoreBuilder.java:processTables(161)) - Using default column profile:DBProfile.DISK for Table:prefixTable
2019-06-13 22:53:25,570 INFO  db.DBStoreBuilder (DBStoreBuilder.java:addTable(110)) - using custom profile for table: default
2019-06-13 22:53:25,570 INFO  db.DBStoreBuilder (DBStoreBuilder.java:processTables(167)) - Using default column profile:DBProfile.DISK for Table:default
2019-06-13 22:53:25,571 INFO  db.DBStoreBuilder (DBStoreBuilder.java:getDbProfile(198)) - Using default options. DBProfile.DISK
2019-06-13 22:53:25,611 DEBUG block.SCMBlockDeletingService (SCMBlockDeletingService.java:call(138)) - Running DeletedBlockTransactionScanner
2019-06-13 22:53:25,612 DEBUG block.SCMBlockDeletingService (SCMBlockDeletingService.java:call(155)) - Scanned deleted blocks log and got 0 delTX to process.
2019-06-13 22:53:25,712 DEBUG block.SCMBlockDeletingService (SCMBlockDeletingService.java:call(138)) - Running DeletedBlockTransactionScanner
2019-06-13 22:53:25,712 DEBUG block.SCMBlockDeletingService (SCMBlockDeletingService.java:call(155)) - Scanned deleted blocks log and got 0 delTX to process.
2019-06-13 22:53:25,813 DEBUG block.SCMBlockDeletingService (SCMBlockDeletingService.java:call(138)) - Running DeletedBlockTransactionScanner
2019-06-13 22:53:25,813 DEBUG block.SCMBlockDeletingService (SCMBlockDeletingService.java:call(155)) - Scanned deleted blocks log and got 0 delTX to process.
2019-06-13 22:53:25,914 DEBUG block.SCMBlockDeletingService (SCMBlockDeletingService.java:call(138)) - Running DeletedBlockTransactionScanner
2019-06-13 22:53:25,914 DEBUG block.SCMBlockDeletingService (SCMBlockDeletingService.java:call(155)) - Scanned deleted blocks log and got 0 delTX to process.
2019-06-13 22:53:26,014 INFO  ipc.CallQueueManager (CallQueueManager.java:<init>(84)) - Using callQueue: class java.util.concurrent.LinkedBlockingQueue, queueCapacity: 2000, scheduler: class org.apache.hadoop.ipc.DefaultRpcScheduler, ipcBackoff: false.
2019-06-13 22:53:26,015 DEBUG block.SCMBlockDeletingService (SCMBlockDeletingService.java:call(138)) - Running DeletedBlockTransactionScanner
2019-06-13 22:53:26,015 DEBUG block.SCMBlockDeletingService (SCMBlockDeletingService.java:call(155)) - Scanned deleted blocks log and got 0 delTX to process.
2019-06-13 22:53:26,015 INFO  ipc.Server (Server.java:run(1074)) - Starting Socket Reader #1 for port 36711
2019-06-13 22:53:26,035 WARN  scm.ScmUtils (ScmUtils.java:getDBPath(63)) - ozone.om.db.dirs is not configured. We recommend adding this setting. Falling back to ozone.metadata.dirs instead.
2019-06-13 22:53:26,035 INFO  om.OzoneManager (OzoneManager.java:start(1217)) - OzoneManager RPC server is listening at localhost/127.0.0.1:36711
2019-06-13 22:53:26,036 INFO  impl.MetricsSystemImpl (MetricsSystemImpl.java:init(158)) - OzoneManager metrics system started (again)
2019-06-13 22:53:26,036 INFO  ipc.Server (Server.java:run(1314)) - IPC Server Responder: starting
2019-06-13 22:53:26,041 INFO  ipc.Server (Server.java:run(1153)) - IPC Server listener on 36711: starting
2019-06-13 22:53:26,061 INFO  hdfs.DFSUtil (DFSUtil.java:httpServerTemplateForNNAndJN(1641)) - Starting Web-server for ozoneManager at: http://0.0.0.0:0
2019-06-13 22:53:26,063 INFO  server.AuthenticationFilter (AuthenticationFilter.java:constructSecretProvider(240)) - Unable to initialize FileSignerSecretProvider, falling back to use random secrets.
2019-06-13 22:53:26,064 WARN  http.HttpRequestLog (HttpRequestLog.java:getRequestLog(97)) - Jetty request log can only be enabled using Log4j
2019-06-13 22:53:26,066 INFO  http.HttpServer2 (HttpServer2.java:addGlobalFilter(975)) - Added global filter 'safety' (class=org.apache.hadoop.http.HttpServer2$QuotingInputFilter)
2019-06-13 22:53:26,067 INFO  http.HttpServer2 (HttpServer2.java:addFilter(948)) - Added filter static_user_filter (class=org.apache.hadoop.http.lib.StaticUserWebFilter$StaticUserFilter) to context ozoneManager
2019-06-13 22:53:26,067 INFO  http.HttpServer2 (HttpServer2.java:addFilter(958)) - Added filter static_user_filter (class=org.apache.hadoop.http.lib.StaticUserWebFilter$StaticUserFilter) to context logs
2019-06-13 22:53:26,067 INFO  http.HttpServer2 (HttpServer2.java:addFilter(958)) - Added filter static_user_filter (class=org.apache.hadoop.http.lib.StaticUserWebFilter$StaticUserFilter) to context static
2019-06-13 22:53:26,069 INFO  http.HttpServer2 (HttpServer2.java:bindListener(1191)) - Jetty bound to port 45589
2019-06-13 22:53:26,070 INFO  server.Server (Server.java:doStart(351)) - jetty-9.3.24.v20180605, build timestamp: 2018-06-05T17:11:56Z, git hash: 84205aa28f11a4f31f2a3b86d1bba2cc8ab69827
2019-06-13 22:53:26,071 INFO  handler.ContextHandler (ContextHandler.java:doStart(781)) - Started o.e.j.s.ServletContextHandler@378bd86d{/logs,file:///opt/src/hadoop-ozone/integration-test/target/log,AVAILABLE}
2019-06-13 22:53:26,072 INFO  handler.ContextHandler (ContextHandler.java:doStart(781)) - Started o.e.j.s.ServletContextHandler@69b2f8e5{/static,file:///opt/src/hadoop-ozone/integration-test/target/test-classes/webapps/static,AVAILABLE}
2019-06-13 22:53:26,076 INFO  handler.ContextHandler (ContextHandler.java:doStart(781)) - Started o.e.j.w.WebAppContext@43b0ade{/,file:///opt/src/hadoop-ozone/integration-test/target/test-classes/webapps/ozoneManager/,AVAILABLE}{/ozoneManager}
2019-06-13 22:53:26,077 INFO  server.AbstractConnector (AbstractConnector.java:doStart(278)) - Started ServerConnector@5395ea39{HTTP/1.1,[http/1.1]}{0.0.0.0:45589}
2019-06-13 22:53:26,077 INFO  server.Server (Server.java:doStart(419)) - Started @2919ms
2019-06-13 22:53:26,078 INFO  server.BaseHttpServer (BaseHttpServer.java:updateConnectorAddress(207)) - HTTP server of OZONEMANAGER is listening at http://0.0.0.0:45589
2019-06-13 22:53:26,115 DEBUG block.SCMBlockDeletingService (SCMBlockDeletingService.java:call(138)) - Running DeletedBlockTransactionScanner
2019-06-13 22:53:26,116 DEBUG block.SCMBlockDeletingService (SCMBlockDeletingService.java:call(155)) - Scanned deleted blocks log and got 0 delTX to process.
2019-06-13 22:53:26,187 INFO  impl.MetricsSystemImpl (MetricsSystemImpl.java:init(158)) - HddsDatanode metrics system started (again)
2019-06-13 22:53:26,272 DEBUG block.SCMBlockDeletingService (SCMBlockDeletingService.java:call(138)) - Running DeletedBlockTransactionScanner
2019-06-13 22:53:26,272 DEBUG block.SCMBlockDeletingService (SCMBlockDeletingService.java:call(155)) - Scanned deleted blocks log and got 0 delTX to process.
2019-06-13 22:53:26,325 INFO  ozone.HddsDatanodeService (HddsDatanodeService.java:start(185)) - HddsDatanodeService host:ozone-t78nf-2139872126 ip:192.168.105.135
2019-06-13 22:53:26,347 INFO  volume.HddsVolume (HddsVolume.java:<init>(176)) - Creating Volume: /opt/src/hadoop-ozone/integration-test/target/test-dir/MiniOzoneClusterImpl-550f9ca0-a6d9-4a4a-902f-f07ac81eac7b/datanode-0/data/containers/hdds of  storage type : DISK and capacity : 104021790720
2019-06-13 22:53:26,349 INFO  volume.VolumeSet (VolumeSet.java:initializeVolumeSet(170)) - Added Volume : /opt/src/hadoop-ozone/integration-test/target/test-dir/MiniOzoneClusterImpl-550f9ca0-a6d9-4a4a-902f-f07ac81eac7b/datanode-0/data/containers/hdds to VolumeSet
2019-06-13 22:53:26,352 INFO  volume.ThrottledAsyncChecker (ThrottledAsyncChecker.java:schedule(140)) - Scheduling a check for org.apache.hadoop.ozone.container.common.volume.HddsVolume@ae7950d
2019-06-13 22:53:26,366 INFO  volume.HddsVolumeChecker (HddsVolumeChecker.java:checkAllVolumes(203)) - Scheduled health check for volume org.apache.hadoop.ozone.container.common.volume.HddsVolume@ae7950d
2019-06-13 22:53:26,373 DEBUG block.SCMBlockDeletingService (SCMBlockDeletingService.java:call(138)) - Running DeletedBlockTransactionScanner
2019-06-13 22:53:26,374 DEBUG block.SCMBlockDeletingService (SCMBlockDeletingService.java:call(155)) - Scanned deleted blocks log and got 0 delTX to process.
2019-06-13 22:53:26,406 INFO  ratis.XceiverServerRatis (XceiverServerRatis.java:newXceiverServerRatis(401)) - Found a free port for the server : 43785
2019-06-13 22:53:26,467 INFO  impl.RaftServerProxy (ConfUtils.java:logGet(43)) - raft.rpc.type = GRPC (default)
2019-06-13 22:53:26,474 DEBUG block.SCMBlockDeletingService (SCMBlockDeletingService.java:call(138)) - Running DeletedBlockTransactionScanner
2019-06-13 22:53:26,474 DEBUG block.SCMBlockDeletingService (SCMBlockDeletingService.java:call(155)) - Scanned deleted blocks log and got 0 delTX to process.
2019-06-13 22:53:26,477 INFO  grpc.GrpcConfigKeys$Server (ConfUtils.java:logGet(43)) - raft.grpc.server.port = 43785 (custom)
2019-06-13 22:53:26,478 INFO  server.GrpcService (ConfUtils.java:logGet(43)) - raft.grpc.message.size.max = 33570816 (custom)
2019-06-13 22:53:26,479 INFO  server.RaftServerConfigKeys (ConfUtils.java:logGet(43)) - raft.server.log.appender.buffer.byte-limit = 33554432 (custom)
2019-06-13 22:53:26,480 INFO  server.GrpcService (ConfUtils.java:logGet(43)) - raft.grpc.flow.control.window = 1MB (=1048576) (default)
2019-06-13 22:53:26,481 INFO  server.RaftServerConfigKeys (ConfUtils.java:logGet(43)) - raft.server.rpc.request.timeout = 3000ms (default)
2019-06-13 22:53:26,575 DEBUG block.SCMBlockDeletingService (SCMBlockDeletingService.java:call(138)) - Running DeletedBlockTransactionScanner
2019-06-13 22:53:26,575 DEBUG block.SCMBlockDeletingService (SCMBlockDeletingService.java:call(155)) - Scanned deleted blocks log and got 0 delTX to process.
2019-06-13 22:53:26,602 INFO  server.RaftServerConfigKeys (ConfUtils.java:logGet(43)) - raft.server.storage.dir = [/opt/src/hadoop-ozone/integration-test/target/test-dir/MiniOzoneClusterImpl-550f9ca0-a6d9-4a4a-902f-f07ac81eac7b/datanode-0/data/ratis] (custom)
2019-06-13 22:53:26,608 INFO  server.XceiverServerGrpc (XceiverServerGrpc.java:<init>(97)) - Found a free port for the server : 42183
2019-06-13 22:53:26,632 INFO  replication.SimpleContainerDownloader (SimpleContainerDownloader.java:<init>(72)) - Starting container downloader service to copy containers to replicate.
2019-06-13 22:53:26,641 INFO  hdfs.DFSUtil (DFSUtil.java:httpServerTemplateForNNAndJN(1641)) - Starting Web-server for hddsDatanode at: http://0.0.0.0:0
2019-06-13 22:53:26,642 INFO  server.AuthenticationFilter (AuthenticationFilter.java:constructSecretProvider(240)) - Unable to initialize FileSignerSecretProvider, falling back to use random secrets.
2019-06-13 22:53:26,643 WARN  http.HttpRequestLog (HttpRequestLog.java:getRequestLog(97)) - Jetty request log can only be enabled using Log4j
2019-06-13 22:53:26,644 INFO  http.HttpServer2 (HttpServer2.java:addGlobalFilter(975)) - Added global filter 'safety' (class=org.apache.hadoop.http.HttpServer2$QuotingInputFilter)
2019-06-13 22:53:26,645 INFO  http.HttpServer2 (HttpServer2.java:addFilter(948)) - Added filter static_user_filter (class=org.apache.hadoop.http.lib.StaticUserWebFilter$StaticUserFilter) to context hddsDatanode
2019-06-13 22:53:26,645 INFO  http.HttpServer2 (HttpServer2.java:addFilter(958)) - Added filter static_user_filter (class=org.apache.hadoop.http.lib.StaticUserWebFilter$StaticUserFilter) to context logs
2019-06-13 22:53:26,645 INFO  http.HttpServer2 (HttpServer2.java:addFilter(958)) - Added filter static_user_filter (class=org.apache.hadoop.http.lib.StaticUserWebFilter$StaticUserFilter) to context static
2019-06-13 22:53:26,646 INFO  http.HttpServer2 (HttpServer2.java:bindListener(1191)) - Jetty bound to port 36703
2019-06-13 22:53:26,646 INFO  server.Server (Server.java:doStart(351)) - jetty-9.3.24.v20180605, build timestamp: 2018-06-05T17:11:56Z, git hash: 84205aa28f11a4f31f2a3b86d1bba2cc8ab69827
2019-06-13 22:53:26,648 INFO  handler.ContextHandler (ContextHandler.java:doStart(781)) - Started o.e.j.s.ServletContextHandler@6438a7fe{/logs,file:///opt/src/hadoop-ozone/integration-test/target/log,AVAILABLE}
2019-06-13 22:53:26,648 INFO  handler.ContextHandler (ContextHandler.java:doStart(781)) - Started o.e.j.s.ServletContextHandler@4f5f6e45{/static,jar:file:/root/.m2/repository/org/apache/hadoop/hadoop-hdds-container-service/0.5.0-SNAPSHOT/hadoop-hdds-container-service-0.5.0-SNAPSHOT.jar!/webapps/static,AVAILABLE}
2019-06-13 22:53:26,671 INFO  handler.ContextHandler (ContextHandler.java:doStart(781)) - Started o.e.j.w.WebAppContext@36c0d0bd{/,file:///tmp/jetty-0.0.0.0-36703-hddsDatanode-_-any-4684692054293055513.dir/webapp/,AVAILABLE}{/hddsDatanode}
2019-06-13 22:53:26,672 INFO  server.AbstractConnector (AbstractConnector.java:doStart(278)) - Started ServerConnector@5e1fc2aa{HTTP/1.1,[http/1.1]}{0.0.0.0:36703}
2019-06-13 22:53:26,672 INFO  server.Server (Server.java:doStart(419)) - Started @3514ms
2019-06-13 22:53:26,673 INFO  server.BaseHttpServer (BaseHttpServer.java:updateConnectorAddress(207)) - HTTP server of HDDSDATANODE is listening at http://0.0.0.0:36703
2019-06-13 22:53:26,675 DEBUG block.SCMBlockDeletingService (SCMBlockDeletingService.java:call(138)) - Running DeletedBlockTransactionScanner
2019-06-13 22:53:26,676 DEBUG block.SCMBlockDeletingService (SCMBlockDeletingService.java:call(155)) - Scanned deleted blocks log and got 0 delTX to process.
2019-06-13 22:53:26,776 DEBUG block.SCMBlockDeletingService (SCMBlockDeletingService.java:call(138)) - Running DeletedBlockTransactionScanner
2019-06-13 22:53:26,776 DEBUG block.SCMBlockDeletingService (SCMBlockDeletingService.java:call(155)) - Scanned deleted blocks log and got 0 delTX to process.
2019-06-13 22:53:26,877 DEBUG block.SCMBlockDeletingService (SCMBlockDeletingService.java:call(138)) - Running DeletedBlockTransactionScanner
2019-06-13 22:53:26,877 DEBUG block.SCMBlockDeletingService (SCMBlockDeletingService.java:call(155)) - Scanned deleted blocks log and got 0 delTX to process.
2019-06-13 22:53:26,977 DEBUG block.SCMBlockDeletingService (SCMBlockDeletingService.java:call(138)) - Running DeletedBlockTransactionScanner
2019-06-13 22:53:26,978 DEBUG block.SCMBlockDeletingService (SCMBlockDeletingService.java:call(155)) - Scanned deleted blocks log and got 0 delTX to process.
2019-06-13 22:53:27,078 DEBUG block.SCMBlockDeletingService (SCMBlockDeletingService.java:call(138)) - Running DeletedBlockTransactionScanner
2019-06-13 22:53:27,078 DEBUG block.SCMBlockDeletingService (SCMBlockDeletingService.java:call(155)) - Scanned deleted blocks log and got 0 delTX to process.
2019-06-13 22:53:27,184 DEBUG block.SCMBlockDeletingService (SCMBlockDeletingService.java:call(138)) - Running DeletedBlockTransactionScanner
2019-06-13 22:53:27,185 DEBUG block.SCMBlockDeletingService (SCMBlockDeletingService.java:call(155)) - Scanned deleted blocks log and got 0 delTX to process.
2019-06-13 22:53:27,285 DEBUG block.SCMBlockDeletingService (SCMBlockDeletingService.java:call(138)) - Running DeletedBlockTransactionScanner
2019-06-13 22:53:27,286 DEBUG block.SCMBlockDeletingService (SCMBlockDeletingService.java:call(155)) - Scanned deleted blocks log and got 0 delTX to process.
2019-06-13 22:53:27,386 DEBUG block.SCMBlockDeletingService (SCMBlockDeletingService.java:call(138)) - Running DeletedBlockTransactionScanner
2019-06-13 22:53:27,386 DEBUG block.SCMBlockDeletingService (SCMBlockDeletingService.java:call(155)) - Scanned deleted blocks log and got 0 delTX to process.
2019-06-13 22:53:27,487 DEBUG block.SCMBlockDeletingService (SCMBlockDeletingService.java:call(138)) - Running DeletedBlockTransactionScanner
2019-06-13 22:53:27,487 DEBUG block.SCMBlockDeletingService (SCMBlockDeletingService.java:call(155)) - Scanned deleted blocks log and got 0 delTX to process.
2019-06-13 22:53:27,532 INFO  ozone.HddsDatanodeService (HddsDatanodeService.java:startPlugins(396)) - Started plug-in org.apache.hadoop.ozone.web.OzoneHddsDatanodeService@433d9680
2019-06-13 22:53:27,534 INFO  ozone.MiniOzoneClusterImpl (MiniOzoneClusterImpl.java:lambda$waitForClusterToBeReady$0(142)) - Waiting for cluster to be ready. Got 0 of 1 DN Heartbeats.
2019-06-13 22:53:27,536 INFO  util.JvmPauseMonitor (JvmPauseMonitor.java:run(188)) - Starting JVM pause monitor
2019-06-13 22:53:27,587 DEBUG block.SCMBlockDeletingService (SCMBlockDeletingService.java:call(138)) - Running DeletedBlockTransactionScanner
2019-06-13 22:53:27,588 DEBUG block.SCMBlockDeletingService (SCMBlockDeletingService.java:call(155)) - Scanned deleted blocks log and got 0 delTX to process.
2019-06-13 22:53:27,612 INFO  datanode.InitDatanodeState (InitDatanodeState.java:persistContainerDatanodeDetails(140)) - DatanodeDetails is persisted to /opt/src/hadoop-ozone/integration-test/target/test-dir/MiniOzoneClusterImpl-550f9ca0-a6d9-4a4a-902f-f07ac81eac7b/datanode-0/meta/datanode.id
2019-06-13 22:53:27,688 DEBUG block.SCMBlockDeletingService (SCMBlockDeletingService.java:call(138)) - Running DeletedBlockTransactionScanner
2019-06-13 22:53:27,688 DEBUG block.SCMBlockDeletingService (SCMBlockDeletingService.java:call(155)) - Scanned deleted blocks log and got 0 delTX to process.
2019-06-13 22:53:27,789 DEBUG block.SCMBlockDeletingService (SCMBlockDeletingService.java:call(138)) - Running DeletedBlockTransactionScanner
2019-06-13 22:53:27,789 DEBUG block.SCMBlockDeletingService (SCMBlockDeletingService.java:call(155)) - Scanned deleted blocks log and got 0 delTX to process.
2019-06-13 22:53:27,889 DEBUG block.SCMBlockDeletingService (SCMBlockDeletingService.java:call(138)) - Running DeletedBlockTransactionScanner
2019-06-13 22:53:27,890 DEBUG block.SCMBlockDeletingService (SCMBlockDeletingService.java:call(155)) - Scanned deleted blocks log and got 0 delTX to process.
2019-06-13 22:53:27,990 DEBUG block.SCMBlockDeletingService (SCMBlockDeletingService.java:call(138)) - Running DeletedBlockTransactionScanner
2019-06-13 22:53:27,990 DEBUG block.SCMBlockDeletingService (SCMBlockDeletingService.java:call(155)) - Scanned deleted blocks log and got 0 delTX to process.
2019-06-13 22:53:28,091 DEBUG block.SCMBlockDeletingService (SCMBlockDeletingService.java:call(138)) - Running DeletedBlockTransactionScanner
2019-06-13 22:53:28,091 DEBUG block.SCMBlockDeletingService (SCMBlockDeletingService.java:call(155)) - Scanned deleted blocks log and got 0 delTX to process.
2019-06-13 22:53:28,191 DEBUG block.SCMBlockDeletingService (SCMBlockDeletingService.java:call(138)) - Running DeletedBlockTransactionScanner
2019-06-13 22:53:28,192 DEBUG block.SCMBlockDeletingService (SCMBlockDeletingService.java:call(155)) - Scanned deleted blocks log and got 0 delTX to process.
2019-06-13 22:53:28,292 DEBUG block.SCMBlockDeletingService (SCMBlockDeletingService.java:call(138)) - Running DeletedBlockTransactionScanner
2019-06-13 22:53:28,292 DEBUG block.SCMBlockDeletingService (SCMBlockDeletingService.java:call(155)) - Scanned deleted blocks log and got 0 delTX to process.
2019-06-13 22:53:28,392 DEBUG block.SCMBlockDeletingService (SCMBlockDeletingService.java:call(138)) - Running DeletedBlockTransactionScanner
2019-06-13 22:53:28,393 DEBUG block.SCMBlockDeletingService (SCMBlockDeletingService.java:call(155)) - Scanned deleted blocks log and got 0 delTX to process.
2019-06-13 22:53:28,493 DEBUG block.SCMBlockDeletingService (SCMBlockDeletingService.java:call(138)) - Running DeletedBlockTransactionScanner
2019-06-13 22:53:28,493 DEBUG block.SCMBlockDeletingService (SCMBlockDeletingService.java:call(155)) - Scanned deleted blocks log and got 0 delTX to process.
2019-06-13 22:53:28,534 INFO  ozone.MiniOzoneClusterImpl (MiniOzoneClusterImpl.java:lambda$waitForClusterToBeReady$0(142)) - Waiting for cluster to be ready. Got 0 of 1 DN Heartbeats.
2019-06-13 22:53:28,594 DEBUG block.SCMBlockDeletingService (SCMBlockDeletingService.java:call(138)) - Running DeletedBlockTransactionScanner
2019-06-13 22:53:28,594 DEBUG block.SCMBlockDeletingService (SCMBlockDeletingService.java:call(155)) - Scanned deleted blocks log and got 0 delTX to process.
2019-06-13 22:53:28,694 DEBUG block.SCMBlockDeletingService (SCMBlockDeletingService.java:call(138)) - Running DeletedBlockTransactionScanner
2019-06-13 22:53:28,694 DEBUG block.SCMBlockDeletingService (SCMBlockDeletingService.java:call(155)) - Scanned deleted blocks log and got 0 delTX to process.
2019-06-13 22:53:28,795 DEBUG block.SCMBlockDeletingService (SCMBlockDeletingService.java:call(138)) - Running DeletedBlockTransactionScanner
2019-06-13 22:53:28,795 DEBUG block.SCMBlockDeletingService (SCMBlockDeletingService.java:call(155)) - Scanned deleted blocks log and got 0 delTX to process.
2019-06-13 22:53:28,895 DEBUG block.SCMBlockDeletingService (SCMBlockDeletingService.java:call(138)) - Running DeletedBlockTransactionScanner
2019-06-13 22:53:28,896 DEBUG block.SCMBlockDeletingService (SCMBlockDeletingService.java:call(155)) - Scanned deleted blocks log and got 0 delTX to process.
2019-06-13 22:53:28,996 DEBUG block.SCMBlockDeletingService (SCMBlockDeletingService.java:call(138)) - Running DeletedBlockTransactionScanner
2019-06-13 22:53:28,996 DEBUG block.SCMBlockDeletingService (SCMBlockDeletingService.java:call(155)) - Scanned deleted blocks log and got 0 delTX to process.
2019-06-13 22:53:29,097 DEBUG block.SCMBlockDeletingService (SCMBlockDeletingService.java:call(138)) - Running DeletedBlockTransactionScanner
2019-06-13 22:53:29,097 DEBUG block.SCMBlockDeletingService (SCMBlockDeletingService.java:call(155)) - Scanned deleted blocks log and got 0 delTX to process.
2019-06-13 22:53:29,197 DEBUG block.SCMBlockDeletingService (SCMBlockDeletingService.java:call(138)) - Running DeletedBlockTransactionScanner
2019-06-13 22:53:29,198 DEBUG block.SCMBlockDeletingService (SCMBlockDeletingService.java:call(155)) - Scanned deleted blocks log and got 0 delTX to process.
2019-06-13 22:53:29,298 DEBUG block.SCMBlockDeletingService (SCMBlockDeletingService.java:call(138)) - Running DeletedBlockTransactionScanner
2019-06-13 22:53:29,298 DEBUG block.SCMBlockDeletingService (SCMBlockDeletingService.java:call(155)) - Scanned deleted blocks log and got 0 delTX to process.
2019-06-13 22:53:29,398 DEBUG block.SCMBlockDeletingService (SCMBlockDeletingService.java:call(138)) - Running DeletedBlockTransactionScanner
2019-06-13 22:53:29,399 DEBUG block.SCMBlockDeletingService (SCMBlockDeletingService.java:call(155)) - Scanned deleted blocks log and got 0 delTX to process.
2019-06-13 22:53:29,499 DEBUG block.SCMBlockDeletingService (SCMBlockDeletingService.java:call(138)) - Running DeletedBlockTransactionScanner
2019-06-13 22:53:29,499 DEBUG block.SCMBlockDeletingService (SCMBlockDeletingService.java:call(155)) - Scanned deleted blocks log and got 0 delTX to process.
2019-06-13 22:53:29,534 INFO  ozone.MiniOzoneClusterImpl (MiniOzoneClusterImpl.java:lambda$waitForClusterToBeReady$0(142)) - Waiting for cluster to be ready. Got 0 of 1 DN Heartbeats.
2019-06-13 22:53:29,558 INFO  ozoneimpl.OzoneContainer (OzoneContainer.java:start(186)) - Attempting to start container services.
2019-06-13 22:53:29,558 INFO  ozoneimpl.OzoneContainer (OzoneContainer.java:startContainerScrub(160)) - Background container scrubber has been disabled by hdds.containerscrub.enabled
2019-06-13 22:53:29,558 INFO  ratis.XceiverServerRatis (XceiverServerRatis.java:start(418)) - Starting XceiverServerRatis 85302df8-7a7f-4077-a053-c26dc3d3d65a at port 43785
2019-06-13 22:53:29,570 INFO  impl.RaftServerProxy (RaftServerProxy.java:lambda$start$3(299)) - 85302df8-7a7f-4077-a053-c26dc3d3d65a: start RPC server
2019-06-13 22:53:29,600 DEBUG block.SCMBlockDeletingService (SCMBlockDeletingService.java:call(138)) - Running DeletedBlockTransactionScanner
2019-06-13 22:53:29,600 DEBUG block.SCMBlockDeletingService (SCMBlockDeletingService.java:call(155)) - Scanned deleted blocks log and got 0 delTX to process.
2019-06-13 22:53:29,701 DEBUG block.SCMBlockDeletingService (SCMBlockDeletingService.java:call(138)) - Running DeletedBlockTransactionScanner
2019-06-13 22:53:29,701 DEBUG block.SCMBlockDeletingService (SCMBlockDeletingService.java:call(155)) - Scanned deleted blocks log and got 0 delTX to process.
2019-06-13 22:53:29,706 INFO  server.GrpcService (GrpcService.java:startImpl(148)) - 85302df8-7a7f-4077-a053-c26dc3d3d65a: GrpcService started, listening on 0.0.0.0/0.0.0.0:43785
2019-06-13 22:53:29,801 DEBUG block.SCMBlockDeletingService (SCMBlockDeletingService.java:call(138)) - Running DeletedBlockTransactionScanner
2019-06-13 22:53:29,802 DEBUG block.SCMBlockDeletingService (SCMBlockDeletingService.java:call(155)) - Scanned deleted blocks log and got 0 delTX to process.
2019-06-13 22:53:29,902 DEBUG block.SCMBlockDeletingService (SCMBlockDeletingService.java:call(138)) - Running DeletedBlockTransactionScanner
2019-06-13 22:53:29,902 DEBUG block.SCMBlockDeletingService (SCMBlockDeletingService.java:call(155)) - Scanned deleted blocks log and got 0 delTX to process.
2019-06-13 22:53:30,002 DEBUG block.SCMBlockDeletingService (SCMBlockDeletingService.java:call(138)) - Running DeletedBlockTransactionScanner
2019-06-13 22:53:30,003 DEBUG block.SCMBlockDeletingService (SCMBlockDeletingService.java:call(155)) - Scanned deleted blocks log and got 0 delTX to process.
2019-06-13 22:53:30,103 DEBUG block.SCMBlockDeletingService (SCMBlockDeletingService.java:call(138)) - Running DeletedBlockTransactionScanner
2019-06-13 22:53:30,103 DEBUG block.SCMBlockDeletingService (SCMBlockDeletingService.java:call(155)) - Scanned deleted blocks log and got 0 delTX to process.
2019-06-13 22:53:30,204 DEBUG block.SCMBlockDeletingService (SCMBlockDeletingService.java:call(138)) - Running DeletedBlockTransactionScanner
2019-06-13 22:53:30,204 DEBUG block.SCMBlockDeletingService (SCMBlockDeletingService.java:call(155)) - Scanned deleted blocks log and got 0 delTX to process.
2019-06-13 22:53:30,304 DEBUG block.SCMBlockDeletingService (SCMBlockDeletingService.java:call(138)) - Running DeletedBlockTransactionScanner
2019-06-13 22:53:30,305 DEBUG block.SCMBlockDeletingService (SCMBlockDeletingService.java:call(155)) - Scanned deleted blocks log and got 0 delTX to process.
2019-06-13 22:53:30,405 DEBUG block.SCMBlockDeletingService (SCMBlockDeletingService.java:call(138)) - Running DeletedBlockTransactionScanner
2019-06-13 22:53:30,405 DEBUG block.SCMBlockDeletingService (SCMBlockDeletingService.java:call(155)) - Scanned deleted blocks log and got 0 delTX to process.
2019-06-13 22:53:30,506 DEBUG block.SCMBlockDeletingService (SCMBlockDeletingService.java:call(138)) - Running DeletedBlockTransactionScanner
2019-06-13 22:53:30,506 DEBUG block.SCMBlockDeletingService (SCMBlockDeletingService.java:call(155)) - Scanned deleted blocks log and got 0 delTX to process.
2019-06-13 22:53:30,534 INFO  ozone.MiniOzoneClusterImpl (MiniOzoneClusterImpl.java:lambda$waitForClusterToBeReady$0(142)) - Waiting for cluster to be ready. Got 0 of 1 DN Heartbeats.
2019-06-13 22:53:30,607 DEBUG block.SCMBlockDeletingService (SCMBlockDeletingService.java:call(138)) - Running DeletedBlockTransactionScanner
2019-06-13 22:53:30,607 DEBUG block.SCMBlockDeletingService (SCMBlockDeletingService.java:call(155)) - Scanned deleted blocks log and got 0 delTX to process.
2019-06-13 22:53:30,707 DEBUG block.SCMBlockDeletingService (SCMBlockDeletingService.java:call(138)) - Running DeletedBlockTransactionScanner
2019-06-13 22:53:30,708 DEBUG block.SCMBlockDeletingService (SCMBlockDeletingService.java:call(155)) - Scanned deleted blocks log and got 0 delTX to process.
2019-06-13 22:53:30,808 DEBUG block.SCMBlockDeletingService (SCMBlockDeletingService.java:call(138)) - Running DeletedBlockTransactionScanner
2019-06-13 22:53:30,808 DEBUG block.SCMBlockDeletingService (SCMBlockDeletingService.java:call(155)) - Scanned deleted blocks log and got 0 delTX to process.
2019-06-13 22:53:30,908 DEBUG block.SCMBlockDeletingService (SCMBlockDeletingService.java:call(138)) - Running DeletedBlockTransactionScanner
2019-06-13 22:53:30,909 DEBUG block.SCMBlockDeletingService (SCMBlockDeletingService.java:call(155)) - Scanned deleted blocks log and got 0 delTX to process.
2019-06-13 22:53:31,009 DEBUG block.SCMBlockDeletingService (SCMBlockDeletingService.java:call(138)) - Running DeletedBlockTransactionScanner
2019-06-13 22:53:31,009 DEBUG block.SCMBlockDeletingService (SCMBlockDeletingService.java:call(155)) - Scanned deleted blocks log and got 0 delTX to process.
2019-06-13 22:53:31,110 DEBUG block.SCMBlockDeletingService (SCMBlockDeletingService.java:call(138)) - Running DeletedBlockTransactionScanner
2019-06-13 22:53:31,110 DEBUG block.SCMBlockDeletingService (SCMBlockDeletingService.java:call(155)) - Scanned deleted blocks log and got 0 delTX to process.
2019-06-13 22:53:31,210 DEBUG block.SCMBlockDeletingService (SCMBlockDeletingService.java:call(138)) - Running DeletedBlockTransactionScanner
2019-06-13 22:53:31,211 DEBUG block.SCMBlockDeletingService (SCMBlockDeletingService.java:call(155)) - Scanned deleted blocks log and got 0 delTX to process.
2019-06-13 22:53:31,311 DEBUG block.SCMBlockDeletingService (SCMBlockDeletingService.java:call(138)) - Running DeletedBlockTransactionScanner
2019-06-13 22:53:31,311 DEBUG block.SCMBlockDeletingService (SCMBlockDeletingService.java:call(155)) - Scanned deleted blocks log and got 0 delTX to process.
2019-06-13 22:53:31,411 DEBUG block.SCMBlockDeletingService (SCMBlockDeletingService.java:call(138)) - Running DeletedBlockTransactionScanner
2019-06-13 22:53:31,412 DEBUG block.SCMBlockDeletingService (SCMBlockDeletingService.java:call(155)) - Scanned deleted blocks log and got 0 delTX to process.
2019-06-13 22:53:31,512 DEBUG block.SCMBlockDeletingService (SCMBlockDeletingService.java:call(138)) - Running DeletedBlockTransactionScanner
2019-06-13 22:53:31,512 DEBUG block.SCMBlockDeletingService (SCMBlockDeletingService.java:call(155)) - Scanned deleted blocks log and got 0 delTX to process.
2019-06-13 22:53:31,535 INFO  ozone.MiniOzoneClusterImpl (MiniOzoneClusterImpl.java:lambda$waitForClusterToBeReady$0(142)) - Waiting for cluster to be ready. Got 0 of 1 DN Heartbeats.
2019-06-13 22:53:31,554 INFO  node.SCMNodeManager (SCMNodeManager.java:register(234)) - Registered Data node : 85302df8-7a7f-4077-a053-c26dc3d3d65a{ip: 192.168.105.135, host: ozone-t78nf-2139872126, networkLocation: /default-rack, certSerialId: null}
2019-06-13 22:53:31,557 INFO  safemode.SCMSafeModeManager (DataNodeSafeModeRule.java:process(71)) - SCM in safe mode. 1 DataNodes registered, 1 required.
2019-06-13 22:53:31,557 INFO  safemode.SCMSafeModeManager (SCMSafeModeManager.java:validateSafeModeExitRules(177)) - ScmSafeModeManager, all rules are successfully validated
2019-06-13 22:53:31,557 INFO  safemode.SCMSafeModeManager (SCMSafeModeManager.java:exitSafeMode(193)) - SCM exiting safe mode.
2019-06-13 22:53:31,612 DEBUG block.SCMBlockDeletingService (SCMBlockDeletingService.java:call(138)) - Running DeletedBlockTransactionScanner
2019-06-13 22:53:31,613 DEBUG block.SCMBlockDeletingService (SCMBlockDeletingService.java:call(155)) - Scanned deleted blocks log and got 0 delTX to process.
2019-06-13 22:53:31,713 DEBUG block.SCMBlockDeletingService (SCMBlockDeletingService.java:call(138)) - Running DeletedBlockTransactionScanner
2019-06-13 22:53:31,713 DEBUG block.SCMBlockDeletingService (SCMBlockDeletingService.java:call(155)) - Scanned deleted blocks log and got 0 delTX to process.
2019-06-13 22:53:31,814 DEBUG block.SCMBlockDeletingService (SCMBlockDeletingService.java:call(138)) - Running DeletedBlockTransactionScanner
2019-06-13 22:53:31,814 DEBUG block.SCMBlockDeletingService (SCMBlockDeletingService.java:call(155)) - Scanned deleted blocks log and got 0 delTX to process.
2019-06-13 22:53:31,914 DEBUG block.SCMBlockDeletingService (SCMBlockDeletingService.java:call(138)) - Running DeletedBlockTransactionScanner
2019-06-13 22:53:31,915 DEBUG block.SCMBlockDeletingService (SCMBlockDeletingService.java:call(155)) - Scanned deleted blocks log and got 0 delTX to process.
2019-06-13 22:53:31,931 INFO  impl.RaftServerProxy (RaftServerProxy.java:addNew(89)) - 85302df8-7a7f-4077-a053-c26dc3d3d65a: addNew group-4701ABA8D7D0:[85302df8-7a7f-4077-a053-c26dc3d3d65a:192.168.105.135:43785] returns group-4701ABA8D7D0:java.util.concurrent.CompletableFuture@797978c[Not completed]
2019-06-13 22:53:31,936 INFO  impl.RaftServerImpl (RaftServerImpl.java:<init>(91)) - 85302df8-7a7f-4077-a053-c26dc3d3d65a: new RaftServerImpl for group-4701ABA8D7D0:[85302df8-7a7f-4077-a053-c26dc3d3d65a:192.168.105.135:43785] with ContainerStateMachine:uninitialized
2019-06-13 22:53:31,937 INFO  server.RaftServerConfigKeys (ConfUtils.java:logGet(43)) - raft.server.rpc.timeout.min = 1s (custom)
2019-06-13 22:53:31,938 INFO  server.RaftServerConfigKeys (ConfUtils.java:logGet(43)) - raft.server.rpc.timeout.max = 1200ms (custom)
2019-06-13 22:53:31,938 INFO  server.RaftServerConfigKeys (ConfUtils.java:logGet(43)) - raft.server.rpcslowness.timeout = 120s (custom)
2019-06-13 22:53:31,938 INFO  server.RaftServerConfigKeys (ConfUtils.java:logGet(43)) - raft.server.log.appender.install.snapshot.enabled = true (default)
2019-06-13 22:53:31,943 INFO  impl.RaftServerImpl (ServerState.java:<init>(101)) - 85302df8-7a7f-4077-a053-c26dc3d3d65a:group-4701ABA8D7D0 ConfigurationManager, init=-1: [85302df8-7a7f-4077-a053-c26dc3d3d65a:192.168.105.135:43785], old=null, confs=<EMPTY_MAP>
2019-06-13 22:53:31,943 INFO  server.RaftServerConfigKeys (ConfUtils.java:logGet(43)) - raft.server.storage.dir = [/opt/src/hadoop-ozone/integration-test/target/test-dir/MiniOzoneClusterImpl-550f9ca0-a6d9-4a4a-902f-f07ac81eac7b/datanode-0/data/ratis] (custom)
2019-06-13 22:53:31,948 INFO  storage.RaftStorageDirectory (RaftStorageDirectory.java:analyzeStorage(246)) - The storage directory /opt/src/hadoop-ozone/integration-test/target/test-dir/MiniOzoneClusterImpl-550f9ca0-a6d9-4a4a-902f-f07ac81eac7b/datanode-0/data/ratis/5ad10fc2-5a33-4bdd-8958-4701aba8d7d0 does not exist. Creating ...
2019-06-13 22:53:31,953 INFO  storage.RaftStorageDirectory (RaftStorageDirectory.java:tryLock(328)) - Lock on /opt/src/hadoop-ozone/integration-test/target/test-dir/MiniOzoneClusterImpl-550f9ca0-a6d9-4a4a-902f-f07ac81eac7b/datanode-0/data/ratis/5ad10fc2-5a33-4bdd-8958-4701aba8d7d0/in_use.lock acquired by nodename 28592@ozone-t78nf-2139872126
2019-06-13 22:53:31,957 INFO  storage.RaftStorage (RaftStorage.java:format(75)) - Storage directory /opt/src/hadoop-ozone/integration-test/target/test-dir/MiniOzoneClusterImpl-550f9ca0-a6d9-4a4a-902f-f07ac81eac7b/datanode-0/data/ratis/5ad10fc2-5a33-4bdd-8958-4701aba8d7d0 has been successfully formatted.
2019-06-13 22:53:31,958 INFO  ratis.ContainerStateMachine (ContainerStateMachine.java:loadSnapshot(199)) - The snapshot info is null.Setting the last applied index to:(t:0, i:~)
2019-06-13 22:53:31,958 INFO  server.RaftServerConfigKeys (ConfUtils.java:logGet(43)) - raft.server.leader.election.timeout = 120s (custom)
2019-06-13 22:53:31,960 INFO  server.RaftServerConfigKeys (ConfUtils.java:logGet(43)) - raft.server.log.use.memory = false (default)
2019-06-13 22:53:31,962 INFO  server.RaftServerConfigKeys (ConfUtils.java:logGet(43)) - raft.server.log.appender.buffer.byte-limit = 33554432 (custom)
2019-06-13 22:53:31,964 INFO  server.RaftServerConfigKeys (ConfUtils.java:logGet(43)) - raft.server.log.segment.size.max = 16384 (custom)
2019-06-13 22:53:31,967 INFO  server.RaftServerConfigKeys (ConfUtils.java:logGet(43)) - raft.server.log.segment.cache.num.max = 2 (custom)
2019-06-13 22:53:31,969 INFO  storage.RaftLogWorker (RaftLogWorker.java:<init>(123)) - new 85302df8-7a7f-4077-a053-c26dc3d3d65a-RaftLogWorker for Storage Directory /opt/src/hadoop-ozone/integration-test/target/test-dir/MiniOzoneClusterImpl-550f9ca0-a6d9-4a4a-902f-f07ac81eac7b/datanode-0/data/ratis/5ad10fc2-5a33-4bdd-8958-4701aba8d7d0
2019-06-13 22:53:31,970 INFO  server.RaftServerConfigKeys (ConfUtils.java:logGet(43)) - raft.server.log.queue.byte-limit = 2147483647 (custom)
2019-06-13 22:53:31,970 INFO  server.RaftServerConfigKeys (ConfUtils.java:logGet(43)) - raft.server.log.queue.element-limit = 1024 (custom)
2019-06-13 22:53:31,971 INFO  server.RaftServerConfigKeys (ConfUtils.java:logGet(43)) - raft.server.log.segment.size.max = 16384 (custom)
2019-06-13 22:53:31,972 INFO  server.RaftServerConfigKeys (ConfUtils.java:logGet(43)) - raft.server.log.preallocated.size = 16384 (custom)
2019-06-13 22:53:31,972 INFO  server.RaftServerConfigKeys (ConfUtils.java:logGet(43)) - raft.server.log.write.buffer.size = 33554432 (custom)
2019-06-13 22:53:31,972 INFO  server.RaftServerConfigKeys (ConfUtils.java:logGet(43)) - raft.server.log.force.sync.num = 128 (default)
2019-06-13 22:53:31,973 INFO  server.RaftServerConfigKeys (ConfUtils.java:logGet(43)) - raft.server.log.statemachine.data.sync = true (default)
2019-06-13 22:53:31,973 INFO  server.RaftServerConfigKeys (ConfUtils.java:logGet(43)) - raft.server.log.statemachine.data.sync.timeout = 10s (default)
2019-06-13 22:53:31,974 INFO  server.RaftServerConfigKeys (ConfUtils.java:logGet(43)) - raft.server.log.statemachine.data.sync.timeout.retry = -1 (default)
2019-06-13 22:53:31,976 INFO  server.RaftServerConfigKeys (ConfUtils.java:logGet(43)) - raft.server.log.statemachine.data.caching.enabled = true (custom)
2019-06-13 22:53:31,980 INFO  server.RaftServerConfigKeys (ConfUtils.java:logGet(43)) - raft.server.snapshot.auto.trigger.enabled = true (custom)
2019-06-13 22:53:31,981 INFO  server.RaftServerConfigKeys (ConfUtils.java:logGet(43)) - raft.server.snapshot.auto.trigger.threshold = 10000 (custom)
2019-06-13 22:53:31,981 INFO  server.RaftServerConfigKeys (ConfUtils.java:logGet(43)) - raft.server.retrycache.expirytime = 600000ms (custom)
2019-06-13 22:53:32,079 DEBUG block.SCMBlockDeletingService (SCMBlockDeletingService.java:call(138)) - Running DeletedBlockTransactionScanner
2019-06-13 22:53:32,079 DEBUG block.SCMBlockDeletingService (SCMBlockDeletingService.java:call(155)) - Scanned deleted blocks log and got 0 delTX to process.
2019-06-13 22:53:32,084 INFO  impl.RaftServerImpl (RaftServerImpl.java:start(173)) - 85302df8-7a7f-4077-a053-c26dc3d3d65a: start group-4701ABA8D7D0
2019-06-13 22:53:32,085 INFO  impl.RaftServerImpl (RaftServerImpl.java:setRole(164)) - 85302df8-7a7f-4077-a053-c26dc3d3d65a:group-4701ABA8D7D0 changes role from null to FOLLOWER at term 0 for startAsFollower
2019-06-13 22:53:32,086 INFO  impl.RoleInfo (RoleInfo.java:updateAndGet(143)) - 85302df8-7a7f-4077-a053-c26dc3d3d65a: start FollowerState
2019-06-13 22:53:32,088 INFO  util.JmxRegister (JmxRegister.java:tryRegister(44)) - Successfully registered JMX Bean with object name Ratis:service=RaftServer,group=group-4701ABA8D7D0,id=85302df8-7a7f-4077-a053-c26dc3d3d65a
2019-06-13 22:53:32,122 INFO  pipeline.PipelineStateManager (PipelineStateManager.java:addPipeline(56)) - Created pipeline Pipeline[ Id: 5ad10fc2-5a33-4bdd-8958-4701aba8d7d0, Nodes: 85302df8-7a7f-4077-a053-c26dc3d3d65a{ip: 192.168.105.135, host: ozone-t78nf-2139872126, networkLocation: /default-rack, certSerialId: null}, Type:RATIS, Factor:ONE, State:OPEN]
2019-06-13 22:53:32,180 DEBUG block.SCMBlockDeletingService (SCMBlockDeletingService.java:call(138)) - Running DeletedBlockTransactionScanner
2019-06-13 22:53:32,180 DEBUG block.SCMBlockDeletingService (SCMBlockDeletingService.java:call(155)) - Scanned deleted blocks log and got 0 delTX to process.
2019-06-13 22:53:32,280 DEBUG block.SCMBlockDeletingService (SCMBlockDeletingService.java:call(138)) - Running DeletedBlockTransactionScanner
2019-06-13 22:53:32,280 DEBUG block.SCMBlockDeletingService (SCMBlockDeletingService.java:call(155)) - Scanned deleted blocks log and got 0 delTX to process.
2019-06-13 22:53:32,381 DEBUG block.SCMBlockDeletingService (SCMBlockDeletingService.java:call(138)) - Running DeletedBlockTransactionScanner
2019-06-13 22:53:32,381 DEBUG block.SCMBlockDeletingService (SCMBlockDeletingService.java:call(155)) - Scanned deleted blocks log and got 0 delTX to process.
2019-06-13 22:53:32,481 DEBUG block.SCMBlockDeletingService (SCMBlockDeletingService.java:call(138)) - Running DeletedBlockTransactionScanner
2019-06-13 22:53:32,481 DEBUG block.SCMBlockDeletingService (SCMBlockDeletingService.java:call(155)) - Scanned deleted blocks log and got 0 delTX to process.
2019-06-13 22:53:32,535 INFO  ozone.MiniOzoneClusterImpl (MiniOzoneClusterImpl.java:lambda$waitForClusterToBeReady$0(142)) - Cluster is ready. Got 1 of 1 DN Heartbeats.
2019-06-13 22:53:32,582 DEBUG block.SCMBlockDeletingService (SCMBlockDeletingService.java:call(138)) - Running DeletedBlockTransactionScanner
2019-06-13 22:53:32,582 DEBUG block.SCMBlockDeletingService (SCMBlockDeletingService.java:call(155)) - Scanned deleted blocks log and got 0 delTX to process.
2019-06-13 22:53:32,682 DEBUG block.SCMBlockDeletingService (SCMBlockDeletingService.java:call(138)) - Running DeletedBlockTransactionScanner
2019-06-13 22:53:32,683 DEBUG block.SCMBlockDeletingService (SCMBlockDeletingService.java:call(155)) - Scanned deleted blocks log and got 0 delTX to process.
2019-06-13 22:53:32,783 DEBUG block.SCMBlockDeletingService (SCMBlockDeletingService.java:call(138)) - Running DeletedBlockTransactionScanner
2019-06-13 22:53:32,783 DEBUG block.SCMBlockDeletingService (SCMBlockDeletingService.java:call(155)) - Scanned deleted blocks log and got 0 delTX to process.
2019-06-13 22:53:32,883 DEBUG block.SCMBlockDeletingService (SCMBlockDeletingService.java:call(138)) - Running DeletedBlockTransactionScanner
2019-06-13 22:53:32,884 DEBUG block.SCMBlockDeletingService (SCMBlockDeletingService.java:call(155)) - Scanned deleted blocks log and got 0 delTX to process.
2019-06-13 22:53:32,984 DEBUG block.SCMBlockDeletingService (SCMBlockDeletingService.java:call(138)) - Running DeletedBlockTransactionScanner
2019-06-13 22:53:32,984 DEBUG block.SCMBlockDeletingService (SCMBlockDeletingService.java:call(155)) - Scanned deleted blocks log and got 0 delTX to process.
2019-06-13 22:53:33,085 DEBUG block.SCMBlockDeletingService (SCMBlockDeletingService.java:call(138)) - Running DeletedBlockTransactionScanner
2019-06-13 22:53:33,086 DEBUG block.SCMBlockDeletingService (SCMBlockDeletingService.java:call(155)) - Scanned deleted blocks log and got 0 delTX to process.
2019-06-13 22:53:33,114 INFO  impl.FollowerState (FollowerState.java:run(101)) - 85302df8-7a7f-4077-a053-c26dc3d3d65a:group-4701ABA8D7D0 changes to CANDIDATE, lastRpcTime:1027, electionTimeout:1027ms
2019-06-13 22:53:33,114 INFO  impl.RoleInfo (RoleInfo.java:shutdownFollowerState(121)) - 85302df8-7a7f-4077-a053-c26dc3d3d65a: shutdown FollowerState
2019-06-13 22:53:33,115 INFO  impl.RaftServerImpl (RaftServerImpl.java:setRole(164)) - 85302df8-7a7f-4077-a053-c26dc3d3d65a:group-4701ABA8D7D0 changes role from FOLLOWER to CANDIDATE at term 0 for changeToCandidate
2019-06-13 22:53:33,117 INFO  impl.RoleInfo (RoleInfo.java:updateAndGet(143)) - 85302df8-7a7f-4077-a053-c26dc3d3d65a: start LeaderElection
2019-06-13 22:53:33,124 INFO  impl.LeaderElection (LeaderElection.java:askForVotes(181)) - 85302df8-7a7f-4077-a053-c26dc3d3d65a:group-4701ABA8D7D0:LeaderElection1: begin an election at term 1 for -1: [85302df8-7a7f-4077-a053-c26dc3d3d65a:192.168.105.135:43785], old=null
2019-06-13 22:53:33,125 INFO  impl.RoleInfo (RoleInfo.java:shutdownLeaderElection(134)) - 85302df8-7a7f-4077-a053-c26dc3d3d65a: shutdown LeaderElection
2019-06-13 22:53:33,126 INFO  impl.RaftServerImpl (RaftServerImpl.java:setRole(164)) - 85302df8-7a7f-4077-a053-c26dc3d3d65a:group-4701ABA8D7D0 changes role from CANDIDATE to LEADER at term 1 for changeToLeader
2019-06-13 22:53:33,126 INFO  impl.RaftServerImpl (ServerState.java:setLeader(263)) - 85302df8-7a7f-4077-a053-c26dc3d3d65a:group-4701ABA8D7D0 change Leader from null to 85302df8-7a7f-4077-a053-c26dc3d3d65a at term 1 for becomeLeader, leader elected after 1167ms
2019-06-13 22:53:33,130 INFO  server.RaftServerConfigKeys (ConfUtils.java:logGet(43)) - raft.server.staging.catchup.gap = 1000 (default)
2019-06-13 22:53:33,131 INFO  server.RaftServerConfigKeys (ConfUtils.java:logGet(43)) - raft.server.rpc.sleep.time = 25ms (default)
2019-06-13 22:53:33,133 INFO  server.RaftServerConfigKeys (ConfUtils.java:logGet(43)) - raft.server.watch.timeout = 10s (default)
2019-06-13 22:53:33,133 INFO  server.RaftServerConfigKeys (ConfUtils.java:logGet(43)) - raft.server.watch.timeout.denomination = 1s (default)
2019-06-13 22:53:33,140 INFO  impl.RoleInfo (RoleInfo.java:updateAndGet(143)) - 85302df8-7a7f-4077-a053-c26dc3d3d65a: start LeaderState
2019-06-13 22:53:33,161 INFO  storage.RaftLogWorker (RaftLogWorker.java:startLogSegment(298)) - 85302df8-7a7f-4077-a053-c26dc3d3d65a-RaftLogWorker: Starting segment from index:0
2019-06-13 22:53:33,186 DEBUG block.SCMBlockDeletingService (SCMBlockDeletingService.java:call(138)) - Running DeletedBlockTransactionScanner
2019-06-13 22:53:33,187 DEBUG block.SCMBlockDeletingService (SCMBlockDeletingService.java:call(155)) - Scanned deleted blocks log and got 0 delTX to process.
2019-06-13 22:53:33,194 INFO  impl.RaftServerImpl (ServerState.java:setRaftConf(361)) - 85302df8-7a7f-4077-a053-c26dc3d3d65a:group-4701ABA8D7D0 set configuration 0: [85302df8-7a7f-4077-a053-c26dc3d3d65a:192.168.105.135:43785], old=null at 0
2019-06-13 22:53:33,289 DEBUG block.SCMBlockDeletingService (SCMBlockDeletingService.java:call(138)) - Running DeletedBlockTransactionScanner
2019-06-13 22:53:33,290 DEBUG block.SCMBlockDeletingService (SCMBlockDeletingService.java:call(155)) - Scanned deleted blocks log and got 0 delTX to process.
2019-06-13 22:53:33,332 INFO  storage.RaftLogWorker (RaftLogWorker.java:execute(469)) - 85302df8-7a7f-4077-a053-c26dc3d3d65a-RaftLogWorker: created new log segment /opt/src/hadoop-ozone/integration-test/target/test-dir/MiniOzoneClusterImpl-550f9ca0-a6d9-4a4a-902f-f07ac81eac7b/datanode-0/data/ratis/5ad10fc2-5a33-4bdd-8958-4701aba8d7d0/current/log_inprogress_0
2019-06-13 22:53:33,390 DEBUG block.SCMBlockDeletingService (SCMBlockDeletingService.java:call(138)) - Running DeletedBlockTransactionScanner
2019-06-13 22:53:33,391 DEBUG block.SCMBlockDeletingService (SCMBlockDeletingService.java:call(155)) - Scanned deleted blocks log and got 0 delTX to process.
2019-06-13 22:53:33,491 DEBUG block.SCMBlockDeletingService (SCMBlockDeletingService.java:call(138)) - Running DeletedBlockTransactionScanner
2019-06-13 22:53:33,491 DEBUG block.SCMBlockDeletingService (SCMBlockDeletingService.java:call(155)) - Scanned deleted blocks log and got 0 delTX to process.
2019-06-13 22:53:33,591 DEBUG block.SCMBlockDeletingService (SCMBlockDeletingService.java:call(138)) - Running DeletedBlockTransactionScanner
2019-06-13 22:53:33,592 DEBUG block.SCMBlockDeletingService (SCMBlockDeletingService.java:call(155)) - Scanned deleted blocks log and got 0 delTX to process.
2019-06-13 22:53:33,692 DEBUG block.SCMBlockDeletingService (SCMBlockDeletingService.java:call(138)) - Running DeletedBlockTransactionScanner
2019-06-13 22:53:33,692 DEBUG block.SCMBlockDeletingService (SCMBlockDeletingService.java:call(155)) - Scanned deleted blocks log and got 0 delTX to process.
2019-06-13 22:53:33,792 DEBUG block.SCMBlockDeletingService (SCMBlockDeletingService.java:call(138)) - Running DeletedBlockTransactionScanner
2019-06-13 22:53:33,793 DEBUG block.SCMBlockDeletingService (SCMBlockDeletingService.java:call(155)) - Scanned deleted blocks log and got 0 delTX to process.
2019-06-13 22:53:33,893 DEBUG block.SCMBlockDeletingService (SCMBlockDeletingService.java:call(138)) - Running DeletedBlockTransactionScanner
2019-06-13 22:53:33,894 DEBUG block.SCMBlockDeletingService (SCMBlockDeletingService.java:call(155)) - Scanned deleted blocks log and got 0 delTX to process.
2019-06-13 22:53:33,994 DEBUG block.SCMBlockDeletingService (SCMBlockDeletingService.java:call(138)) - Running DeletedBlockTransactionScanner
2019-06-13 22:53:33,994 DEBUG block.SCMBlockDeletingService (SCMBlockDeletingService.java:call(155)) - Scanned deleted blocks log and got 0 delTX to process.
2019-06-13 22:53:34,095 DEBUG block.SCMBlockDeletingService (SCMBlockDeletingService.java:call(138)) - Running DeletedBlockTransactionScanner
2019-06-13 22:53:34,095 DEBUG block.SCMBlockDeletingService (SCMBlockDeletingService.java:call(155)) - Scanned deleted blocks log and got 0 delTX to process.
2019-06-13 22:53:34,195 DEBUG block.SCMBlockDeletingService (SCMBlockDeletingService.java:call(138)) - Running DeletedBlockTransactionScanner
2019-06-13 22:53:34,196 DEBUG block.SCMBlockDeletingService (SCMBlockDeletingService.java:call(155)) - Scanned deleted blocks log and got 0 delTX to process.
2019-06-13 22:53:34,296 DEBUG block.SCMBlockDeletingService (SCMBlockDeletingService.java:call(138)) - Running DeletedBlockTransactionScanner
2019-06-13 22:53:34,296 DEBUG block.SCMBlockDeletingService (SCMBlockDeletingService.java:call(155)) - Scanned deleted blocks log and got 0 delTX to process.
2019-06-13 22:53:34,396 DEBUG block.SCMBlockDeletingService (SCMBlockDeletingService.java:call(138)) - Running DeletedBlockTransactionScanner
2019-06-13 22:53:34,397 DEBUG block.SCMBlockDeletingService (SCMBlockDeletingService.java:call(155)) - Scanned deleted blocks log and got 0 delTX to process.
2019-06-13 22:53:34,398 INFO  rpc.RpcClient (RpcClient.java:createVolume(289)) - Creating Volume: f17eeb24-8b5c-4361-818d-6c62a50d228a, with root as owner.
2019-06-13 22:53:34,420 INFO  rpc.RpcClient (RpcClient.java:createBucket(426)) - Creating Bucket: f17eeb24-8b5c-4361-818d-6c62a50d228a/a9411945-17a3-407d-b081-599f9acec017, with Versioning false and Storage Type set to DISK and Encryption set to false 
2019-06-13 22:53:34,497 DEBUG block.SCMBlockDeletingService (SCMBlockDeletingService.java:call(138)) - Running DeletedBlockTransactionScanner
2019-06-13 22:53:34,497 DEBUG block.SCMBlockDeletingService (SCMBlockDeletingService.java:call(155)) - Scanned deleted blocks log and got 0 delTX to process.
2019-06-13 22:53:34,598 DEBUG block.SCMBlockDeletingService (SCMBlockDeletingService.java:call(138)) - Running DeletedBlockTransactionScanner
2019-06-13 22:53:34,598 DEBUG block.SCMBlockDeletingService (SCMBlockDeletingService.java:call(155)) - Scanned deleted blocks log and got 0 delTX to process.
2019-06-13 22:53:34,698 DEBUG block.SCMBlockDeletingService (SCMBlockDeletingService.java:call(138)) - Running DeletedBlockTransactionScanner
2019-06-13 22:53:34,698 DEBUG block.SCMBlockDeletingService (SCMBlockDeletingService.java:call(155)) - Scanned deleted blocks log and got 0 delTX to process.
2019-06-13 22:53:34,799 DEBUG block.SCMBlockDeletingService (SCMBlockDeletingService.java:call(138)) - Running DeletedBlockTransactionScanner
2019-06-13 22:53:34,799 DEBUG block.SCMBlockDeletingService (SCMBlockDeletingService.java:call(155)) - Scanned deleted blocks log and got 0 delTX to process.
2019-06-13 22:53:34,899 DEBUG block.SCMBlockDeletingService (SCMBlockDeletingService.java:call(138)) - Running DeletedBlockTransactionScanner
2019-06-13 22:53:34,900 DEBUG block.SCMBlockDeletingService (SCMBlockDeletingService.java:call(155)) - Scanned deleted blocks log and got 0 delTX to process.
2019-06-13 22:53:34,906 INFO  client.GrpcClientProtocolClient (GrpcClientProtocolClient.java:onNext(254)) - client-C82EA620EB9B->85302df8-7a7f-4077-a053-c26dc3d3d65a: receive RaftClientReply:client-C82EA620EB9B->85302df8-7a7f-4077-a053-c26dc3d3d65a@group-4701ABA8D7D0, cid=1, SUCCESS, logIndex=1, commits[85302df8-7a7f-4077-a053-c26dc3d3d65a:c2]
2019-06-13 22:53:34,949 INFO  client.GrpcClientProtocolClient (GrpcClientProtocolClient.java:onNext(254)) - client-C82EA620EB9B->85302df8-7a7f-4077-a053-c26dc3d3d65a: receive RaftClientReply:client-C82EA620EB9B->85302df8-7a7f-4077-a053-c26dc3d3d65a@group-4701ABA8D7D0, cid=2, SUCCESS, logIndex=3, commits[85302df8-7a7f-4077-a053-c26dc3d3d65a:c4]
2019-06-13 22:53:34,956 INFO  client.GrpcClientProtocolClient (GrpcClientProtocolClient.java:onNext(254)) - client-C82EA620EB9B->85302df8-7a7f-4077-a053-c26dc3d3d65a: receive RaftClientReply:client-C82EA620EB9B->85302df8-7a7f-4077-a053-c26dc3d3d65a@group-4701ABA8D7D0, cid=3, SUCCESS, logIndex=5, commits[85302df8-7a7f-4077-a053-c26dc3d3d65a:c6]
2019-06-13 22:53:34,958 INFO  client.GrpcClientProtocolClient (GrpcClientProtocolClient.java:onNext(254)) - client-C82EA620EB9B->85302df8-7a7f-4077-a053-c26dc3d3d65a: receive RaftClientReply:client-C82EA620EB9B->85302df8-7a7f-4077-a053-c26dc3d3d65a@group-4701ABA8D7D0, cid=4, SUCCESS, logIndex=6, commits[85302df8-7a7f-4077-a053-c26dc3d3d65a:c7]
2019-06-13 22:53:34,981 INFO  client.GrpcClientProtocolClient (GrpcClientProtocolClient.java:onNext(254)) - client-C82EA620EB9B->85302df8-7a7f-4077-a053-c26dc3d3d65a: receive RaftClientReply:client-C82EA620EB9B->85302df8-7a7f-4077-a053-c26dc3d3d65a@group-4701ABA8D7D0, cid=5, SUCCESS, logIndex=8, commits[85302df8-7a7f-4077-a053-c26dc3d3d65a:c8]
2019-06-13 22:53:34,990 INFO  client.GrpcClientProtocolClient (GrpcClientProtocolClient.java:onNext(254)) - client-C82EA620EB9B->85302df8-7a7f-4077-a053-c26dc3d3d65a: receive RaftClientReply:client-C82EA620EB9B->85302df8-7a7f-4077-a053-c26dc3d3d65a@group-4701ABA8D7D0, cid=6, SUCCESS, logIndex=10, commits[85302df8-7a7f-4077-a053-c26dc3d3d65a:c11]
2019-06-13 22:53:34,997 INFO  client.GrpcClientProtocolClient (GrpcClientProtocolClient.java:onNext(254)) - client-C82EA620EB9B->85302df8-7a7f-4077-a053-c26dc3d3d65a: receive RaftClientReply:client-C82EA620EB9B->85302df8-7a7f-4077-a053-c26dc3d3d65a@group-4701ABA8D7D0, cid=7, SUCCESS, logIndex=12, commits[85302df8-7a7f-4077-a053-c26dc3d3d65a:c14]
2019-06-13 22:53:34,999 INFO  client.GrpcClientProtocolClient (GrpcClientProtocolClient.java:onNext(254)) - client-C82EA620EB9B->85302df8-7a7f-4077-a053-c26dc3d3d65a: receive RaftClientReply:client-C82EA620EB9B->85302df8-7a7f-4077-a053-c26dc3d3d65a@group-4701ABA8D7D0, cid=8, SUCCESS, logIndex=13, commits[85302df8-7a7f-4077-a053-c26dc3d3d65a:c14]
2019-06-13 22:53:35,000 DEBUG block.SCMBlockDeletingService (SCMBlockDeletingService.java:call(138)) - Running DeletedBlockTransactionScanner
2019-06-13 22:53:35,000 DEBUG block.SCMBlockDeletingService (SCMBlockDeletingService.java:call(155)) - Scanned deleted blocks log and got 0 delTX to process.
2019-06-13 22:53:35,040 INFO  client.GrpcClientProtocolClient (GrpcClientProtocolClient.java:onNext(254)) - client-C82EA620EB9B->85302df8-7a7f-4077-a053-c26dc3d3d65a: receive RaftClientReply:client-C82EA620EB9B->85302df8-7a7f-4077-a053-c26dc3d3d65a@group-4701ABA8D7D0, cid=9, SUCCESS, logIndex=15, commits[85302df8-7a7f-4077-a053-c26dc3d3d65a:c16]
2019-06-13 22:53:35,058 INFO  client.GrpcClientProtocolClient (GrpcClientProtocolClient.java:onNext(254)) - client-C82EA620EB9B->85302df8-7a7f-4077-a053-c26dc3d3d65a: receive RaftClientReply:client-C82EA620EB9B->85302df8-7a7f-4077-a053-c26dc3d3d65a@group-4701ABA8D7D0, cid=10, SUCCESS, logIndex=17, commits[85302df8-7a7f-4077-a053-c26dc3d3d65a:c21]
2019-06-13 22:53:35,062 INFO  client.GrpcClientProtocolClient (GrpcClientProtocolClient.java:onNext(254)) - client-C82EA620EB9B->85302df8-7a7f-4077-a053-c26dc3d3d65a: receive RaftClientReply:client-C82EA620EB9B->85302df8-7a7f-4077-a053-c26dc3d3d65a@group-4701ABA8D7D0, cid=11, SUCCESS, logIndex=18, commits[85302df8-7a7f-4077-a053-c26dc3d3d65a:c21]
2019-06-13 22:53:35,065 INFO  client.GrpcClientProtocolClient (GrpcClientProtocolClient.java:onNext(254)) - client-C82EA620EB9B->85302df8-7a7f-4077-a053-c26dc3d3d65a: receive RaftClientReply:client-C82EA620EB9B->85302df8-7a7f-4077-a053-c26dc3d3d65a@group-4701ABA8D7D0, cid=12, SUCCESS, logIndex=20, commits[85302df8-7a7f-4077-a053-c26dc3d3d65a:c21]
2019-06-13 22:53:35,083 INFO  client.GrpcClientProtocolClient (GrpcClientProtocolClient.java:onNext(254)) - client-C82EA620EB9B->85302df8-7a7f-4077-a053-c26dc3d3d65a: receive RaftClientReply:client-C82EA620EB9B->85302df8-7a7f-4077-a053-c26dc3d3d65a@group-4701ABA8D7D0, cid=13, SUCCESS, logIndex=22, commits[85302df8-7a7f-4077-a053-c26dc3d3d65a:c22]
2019-06-13 22:53:35,086 INFO  client.GrpcClientProtocolClient (GrpcClientProtocolClient.java:onNext(254)) - client-C82EA620EB9B->85302df8-7a7f-4077-a053-c26dc3d3d65a: receive RaftClientReply:client-C82EA620EB9B->85302df8-7a7f-4077-a053-c26dc3d3d65a@group-4701ABA8D7D0, cid=14, SUCCESS, logIndex=24, commits[85302df8-7a7f-4077-a053-c26dc3d3d65a:c24]
2019-06-13 22:53:35,096 INFO  client.GrpcClientProtocolClient (GrpcClientProtocolClient.java:onNext(254)) - client-C82EA620EB9B->85302df8-7a7f-4077-a053-c26dc3d3d65a: receive RaftClientReply:client-C82EA620EB9B->85302df8-7a7f-4077-a053-c26dc3d3d65a@group-4701ABA8D7D0, cid=15, SUCCESS, logIndex=26, commits[85302df8-7a7f-4077-a053-c26dc3d3d65a:c26]
2019-06-13 22:53:35,099 INFO  client.GrpcClientProtocolClient (GrpcClientProtocolClient.java:onNext(254)) - client-C82EA620EB9B->85302df8-7a7f-4077-a053-c26dc3d3d65a: receive RaftClientReply:client-C82EA620EB9B->85302df8-7a7f-4077-a053-c26dc3d3d65a@group-4701ABA8D7D0, cid=16, SUCCESS, logIndex=28, commits[85302df8-7a7f-4077-a053-c26dc3d3d65a:c29]
2019-06-13 22:53:35,101 DEBUG block.SCMBlockDeletingService (SCMBlockDeletingService.java:call(138)) - Running DeletedBlockTransactionScanner
2019-06-13 22:53:35,101 DEBUG block.SCMBlockDeletingService (SCMBlockDeletingService.java:call(155)) - Scanned deleted blocks log and got 0 delTX to process.
2019-06-13 22:53:35,139 INFO  client.GrpcClientProtocolClient (GrpcClientProtocolClient.java:onNext(254)) - client-C82EA620EB9B->85302df8-7a7f-4077-a053-c26dc3d3d65a: receive RaftClientReply:client-C82EA620EB9B->85302df8-7a7f-4077-a053-c26dc3d3d65a@group-4701ABA8D7D0, cid=17, SUCCESS, logIndex=30, commits[85302df8-7a7f-4077-a053-c26dc3d3d65a:c30]
2019-06-13 22:53:35,153 INFO  client.GrpcClientProtocolClient (GrpcClientProtocolClient.java:onNext(254)) - client-C82EA620EB9B->85302df8-7a7f-4077-a053-c26dc3d3d65a: receive RaftClientReply:client-C82EA620EB9B->85302df8-7a7f-4077-a053-c26dc3d3d65a@group-4701ABA8D7D0, cid=18, SUCCESS, logIndex=32, commits[85302df8-7a7f-4077-a053-c26dc3d3d65a:c36]
2019-06-13 22:53:35,154 INFO  client.GrpcClientProtocolClient (GrpcClientProtocolClient.java:onNext(254)) - client-C82EA620EB9B->85302df8-7a7f-4077-a053-c26dc3d3d65a: receive RaftClientReply:client-C82EA620EB9B->85302df8-7a7f-4077-a053-c26dc3d3d65a@group-4701ABA8D7D0, cid=19, SUCCESS, logIndex=33, commits[85302df8-7a7f-4077-a053-c26dc3d3d65a:c36]
2019-06-13 22:53:35,155 INFO  client.GrpcClientProtocolClient (GrpcClientProtocolClient.java:onNext(254)) - client-C82EA620EB9B->85302df8-7a7f-4077-a053-c26dc3d3d65a: receive RaftClientReply:client-C82EA620EB9B->85302df8-7a7f-4077-a053-c26dc3d3d65a@group-4701ABA8D7D0, cid=20, SUCCESS, logIndex=35, commits[85302df8-7a7f-4077-a053-c26dc3d3d65a:c36]
2019-06-13 22:53:35,170 INFO  client.GrpcClientProtocolClient (GrpcClientProtocolClient.java:onNext(254)) - client-C82EA620EB9B->85302df8-7a7f-4077-a053-c26dc3d3d65a: receive RaftClientReply:client-C82EA620EB9B->85302df8-7a7f-4077-a053-c26dc3d3d65a@group-4701ABA8D7D0, cid=21, SUCCESS, logIndex=37, commits[85302df8-7a7f-4077-a053-c26dc3d3d65a:c37]
2019-06-13 22:53:35,179 INFO  client.GrpcClientProtocolClient (GrpcClientProtocolClient.java:onNext(254)) - client-C82EA620EB9B->85302df8-7a7f-4077-a053-c26dc3d3d65a: receive RaftClientReply:client-C82EA620EB9B->85302df8-7a7f-4077-a053-c26dc3d3d65a@group-4701ABA8D7D0, cid=22, SUCCESS, logIndex=39, commits[85302df8-7a7f-4077-a053-c26dc3d3d65a:c39]
2019-06-13 22:53:35,184 INFO  client.GrpcClientProtocolClient (GrpcClientProtocolClient.java:onNext(254)) - client-C82EA620EB9B->85302df8-7a7f-4077-a053-c26dc3d3d65a: receive RaftClientReply:client-C82EA620EB9B->85302df8-7a7f-4077-a053-c26dc3d3d65a@group-4701ABA8D7D0, cid=23, SUCCESS, logIndex=41, commits[85302df8-7a7f-4077-a053-c26dc3d3d65a:c42]
2019-06-13 22:53:35,189 INFO  client.GrpcClientProtocolClient (GrpcClientProtocolClient.java:onNext(254)) - client-C82EA620EB9B->85302df8-7a7f-4077-a053-c26dc3d3d65a: receive RaftClientReply:client-C82EA620EB9B->85302df8-7a7f-4077-a053-c26dc3d3d65a@group-4701ABA8D7D0, cid=24, SUCCESS, logIndex=42, commits[85302df8-7a7f-4077-a053-c26dc3d3d65a:c42]
2019-06-13 22:53:35,237 DEBUG block.SCMBlockDeletingService (SCMBlockDeletingService.java:call(138)) - Running DeletedBlockTransactionScanner
2019-06-13 22:53:35,239 DEBUG block.SCMBlockDeletingService (SCMBlockDeletingService.java:call(155)) - Scanned deleted blocks log and got 0 delTX to process.
2019-06-13 22:53:35,252 INFO  client.GrpcClientProtocolClient (GrpcClientProtocolClient.java:onNext(254)) - client-C82EA620EB9B->85302df8-7a7f-4077-a053-c26dc3d3d65a: receive RaftClientReply:client-C82EA620EB9B->85302df8-7a7f-4077-a053-c26dc3d3d65a@group-4701ABA8D7D0, cid=25, SUCCESS, logIndex=44, commits[85302df8-7a7f-4077-a053-c26dc3d3d65a:c44]
2019-06-13 22:53:35,261 INFO  client.GrpcClientProtocolClient (GrpcClientProtocolClient.java:onNext(254)) - client-C82EA620EB9B->85302df8-7a7f-4077-a053-c26dc3d3d65a: receive RaftClientReply:client-C82EA620EB9B->85302df8-7a7f-4077-a053-c26dc3d3d65a@group-4701ABA8D7D0, cid=26, SUCCESS, logIndex=46, commits[85302df8-7a7f-4077-a053-c26dc3d3d65a:c46]
2019-06-13 22:53:35,263 INFO  client.GrpcClientProtocolClient (GrpcClientProtocolClient.java:onNext(254)) - client-C82EA620EB9B->85302df8-7a7f-4077-a053-c26dc3d3d65a: receive RaftClientReply:client-C82EA620EB9B->85302df8-7a7f-4077-a053-c26dc3d3d65a@group-4701ABA8D7D0, cid=27, SUCCESS, logIndex=47, commits[85302df8-7a7f-4077-a053-c26dc3d3d65a:c48]
2019-06-13 22:53:35,266 INFO  client.GrpcClientProtocolClient (GrpcClientProtocolClient.java:onNext(254)) - client-C82EA620EB9B->85302df8-7a7f-4077-a053-c26dc3d3d65a: receive RaftClientReply:client-C82EA620EB9B->85302df8-7a7f-4077-a053-c26dc3d3d65a@group-4701ABA8D7D0, cid=28, SUCCESS, logIndex=49, commits[85302df8-7a7f-4077-a053-c26dc3d3d65a:c50]
2019-06-13 22:53:35,285 INFO  client.GrpcClientProtocolClient (GrpcClientProtocolClient.java:onNext(254)) - client-C82EA620EB9B->85302df8-7a7f-4077-a053-c26dc3d3d65a: receive RaftClientReply:client-C82EA620EB9B->85302df8-7a7f-4077-a053-c26dc3d3d65a@group-4701ABA8D7D0, cid=29, SUCCESS, logIndex=51, commits[85302df8-7a7f-4077-a053-c26dc3d3d65a:c51]
2019-06-13 22:53:35,287 INFO  client.GrpcClientProtocolClient (GrpcClientProtocolClient.java:onNext(254)) - client-C82EA620EB9B->85302df8-7a7f-4077-a053-c26dc3d3d65a: receive RaftClientReply:client-C82EA620EB9B->85302df8-7a7f-4077-a053-c26dc3d3d65a@group-4701ABA8D7D0, cid=30, SUCCESS, logIndex=53, commits[85302df8-7a7f-4077-a053-c26dc3d3d65a:c53]
2019-06-13 22:53:35,291 INFO  client.GrpcClientProtocolClient (GrpcClientProtocolClient.java:onNext(254)) - client-C82EA620EB9B->85302df8-7a7f-4077-a053-c26dc3d3d65a: receive RaftClientReply:client-C82EA620EB9B->85302df8-7a7f-4077-a053-c26dc3d3d65a@group-4701ABA8D7D0, cid=31, SUCCESS, logIndex=55, commits[85302df8-7a7f-4077-a053-c26dc3d3d65a:c55]
2019-06-13 22:53:35,295 INFO  client.GrpcClientProtocolClient (GrpcClientProtocolClient.java:onNext(254)) - client-C82EA620EB9B->85302df8-7a7f-4077-a053-c26dc3d3d65a: receive RaftClientReply:client-C82EA620EB9B->85302df8-7a7f-4077-a053-c26dc3d3d65a@group-4701ABA8D7D0, cid=32, SUCCESS, logIndex=57, commits[85302df8-7a7f-4077-a053-c26dc3d3d65a:c58]
2019-06-13 22:53:35,310 INFO  client.GrpcClientProtocolClient (GrpcClientProtocolClient.java:onNext(254)) - client-C82EA620EB9B->85302df8-7a7f-4077-a053-c26dc3d3d65a: receive RaftClientReply:client-C82EA620EB9B->85302df8-7a7f-4077-a053-c26dc3d3d65a@group-4701ABA8D7D0, cid=33, SUCCESS, logIndex=59, commits[85302df8-7a7f-4077-a053-c26dc3d3d65a:c60]
2019-06-13 22:53:35,316 INFO  client.GrpcClientProtocolClient (GrpcClientProtocolClient.java:onNext(254)) - client-C82EA620EB9B->85302df8-7a7f-4077-a053-c26dc3d3d65a: receive RaftClientReply:client-C82EA620EB9B->85302df8-7a7f-4077-a053-c26dc3d3d65a@group-4701ABA8D7D0, cid=34, SUCCESS, logIndex=61, commits[85302df8-7a7f-4077-a053-c26dc3d3d65a:c61]
2019-06-13 22:53:35,319 INFO  client.GrpcClientProtocolClient (GrpcClientProtocolClient.java:onNext(254)) - client-C82EA620EB9B->85302df8-7a7f-4077-a053-c26dc3d3d65a: receive RaftClientReply:client-C82EA620EB9B->85302df8-7a7f-4077-a053-c26dc3d3d65a@group-4701ABA8D7D0, cid=35, SUCCESS, logIndex=62, commits[85302df8-7a7f-4077-a053-c26dc3d3d65a:c65]
2019-06-13 22:53:35,319 INFO  client.GrpcClientProtocolClient (GrpcClientProtocolClient.java:onNext(254)) - client-C82EA620EB9B->85302df8-7a7f-4077-a053-c26dc3d3d65a: receive RaftClientReply:client-C82EA620EB9B->85302df8-7a7f-4077-a053-c26dc3d3d65a@group-4701ABA8D7D0, cid=36, SUCCESS, logIndex=64, commits[85302df8-7a7f-4077-a053-c26dc3d3d65a:c65]
2019-06-13 22:53:35,339 DEBUG block.SCMBlockDeletingService (SCMBlockDeletingService.java:call(138)) - Running DeletedBlockTransactionScanner
2019-06-13 22:53:35,339 DEBUG block.SCMBlockDeletingService (SCMBlockDeletingService.java:call(155)) - Scanned deleted blocks log and got 0 delTX to process.
2019-06-13 22:53:35,342 INFO  client.GrpcClientProtocolClient (GrpcClientProtocolClient.java:onNext(254)) - client-C82EA620EB9B->85302df8-7a7f-4077-a053-c26dc3d3d65a: receive RaftClientReply:client-C82EA620EB9B->85302df8-7a7f-4077-a053-c26dc3d3d65a@group-4701ABA8D7D0, cid=37, SUCCESS, logIndex=66, commits[85302df8-7a7f-4077-a053-c26dc3d3d65a:c66]
2019-06-13 22:53:35,343 INFO  client.GrpcClientProtocolClient (GrpcClientProtocolClient.java:onNext(254)) - client-C82EA620EB9B->85302df8-7a7f-4077-a053-c26dc3d3d65a: receive RaftClientReply:client-C82EA620EB9B->85302df8-7a7f-4077-a053-c26dc3d3d65a@group-4701ABA8D7D0, cid=38, SUCCESS, logIndex=68, commits[85302df8-7a7f-4077-a053-c26dc3d3d65a:c68]
2019-06-13 22:53:35,348 INFO  client.GrpcClientProtocolClient (GrpcClientProtocolClient.java:onNext(254)) - client-C82EA620EB9B->85302df8-7a7f-4077-a053-c26dc3d3d65a: receive RaftClientReply:client-C82EA620EB9B->85302df8-7a7f-4077-a053-c26dc3d3d65a@group-4701ABA8D7D0, cid=39, SUCCESS, logIndex=70, commits[85302df8-7a7f-4077-a053-c26dc3d3d65a:c70]
2019-06-13 22:53:35,351 INFO  client.GrpcClientProtocolClient (GrpcClientProtocolClient.java:onNext(254)) - client-C82EA620EB9B->85302df8-7a7f-4077-a053-c26dc3d3d65a: receive RaftClientReply:client-C82EA620EB9B->85302df8-7a7f-4077-a053-c26dc3d3d65a@group-4701ABA8D7D0, cid=40, SUCCESS, logIndex=72, commits[85302df8-7a7f-4077-a053-c26dc3d3d65a:c73]
2019-06-13 22:53:35,366 INFO  client.GrpcClientProtocolClient (GrpcClientProtocolClient.java:onNext(254)) - client-C82EA620EB9B->85302df8-7a7f-4077-a053-c26dc3d3d65a: receive RaftClientReply:client-C82EA620EB9B->85302df8-7a7f-4077-a053-c26dc3d3d65a@group-4701ABA8D7D0, cid=41, SUCCESS, logIndex=74, commits[85302df8-7a7f-4077-a053-c26dc3d3d65a:c74]
2019-06-13 22:53:35,371 INFO  client.GrpcClientProtocolClient (GrpcClientProtocolClient.java:onNext(254)) - client-C82EA620EB9B->85302df8-7a7f-4077-a053-c26dc3d3d65a: receive RaftClientReply:client-C82EA620EB9B->85302df8-7a7f-4077-a053-c26dc3d3d65a@group-4701ABA8D7D0, cid=42, SUCCESS, logIndex=76, commits[85302df8-7a7f-4077-a053-c26dc3d3d65a:c76]
2019-06-13 22:53:35,372 INFO  client.GrpcClientProtocolClient (GrpcClientProtocolClient.java:onNext(254)) - client-C82EA620EB9B->85302df8-7a7f-4077-a053-c26dc3d3d65a: receive RaftClientReply:client-C82EA620EB9B->85302df8-7a7f-4077-a053-c26dc3d3d65a@group-4701ABA8D7D0, cid=43, SUCCESS, logIndex=77, commits[85302df8-7a7f-4077-a053-c26dc3d3d65a:c79]
2019-06-13 22:53:35,373 INFO  client.GrpcClientProtocolClient (GrpcClientProtocolClient.java:onNext(254)) - client-C82EA620EB9B->85302df8-7a7f-4077-a053-c26dc3d3d65a: receive RaftClientReply:client-C82EA620EB9B->85302df8-7a7f-4077-a053-c26dc3d3d65a@group-4701ABA8D7D0, cid=44, SUCCESS, logIndex=79, commits[85302df8-7a7f-4077-a053-c26dc3d3d65a:c79]
2019-06-13 22:53:35,439 DEBUG block.SCMBlockDeletingService (SCMBlockDeletingService.java:call(138)) - Running DeletedBlockTransactionScanner
2019-06-13 22:53:35,440 DEBUG block.SCMBlockDeletingService (SCMBlockDeletingService.java:call(155)) - Scanned deleted blocks log and got 0 delTX to process.
2019-06-13 22:53:35,448 INFO  storage.RaftLogWorker (RaftLogWorker.java:rollLogSegment(303)) - 85302df8-7a7f-4077-a053-c26dc3d3d65a-RaftLogWorker: Rolling segment log-0_80 to index:80
2019-06-13 22:53:35,450 INFO  storage.RaftLogWorker (RaftLogWorker.java:execute(433)) - 85302df8-7a7f-4077-a053-c26dc3d3d65a-RaftLogWorker: Rolled log segment from /opt/src/hadoop-ozone/integration-test/target/test-dir/MiniOzoneClusterImpl-550f9ca0-a6d9-4a4a-902f-f07ac81eac7b/datanode-0/data/ratis/5ad10fc2-5a33-4bdd-8958-4701aba8d7d0/current/log_inprogress_0 to /opt/src/hadoop-ozone/integration-test/target/test-dir/MiniOzoneClusterImpl-550f9ca0-a6d9-4a4a-902f-f07ac81eac7b/datanode-0/data/ratis/5ad10fc2-5a33-4bdd-8958-4701aba8d7d0/current/log_0-80
2019-06-13 22:53:35,487 INFO  storage.RaftLogWorker (RaftLogWorker.java:execute(469)) - 85302df8-7a7f-4077-a053-c26dc3d3d65a-RaftLogWorker: created new log segment /opt/src/hadoop-ozone/integration-test/target/test-dir/MiniOzoneClusterImpl-550f9ca0-a6d9-4a4a-902f-f07ac81eac7b/datanode-0/data/ratis/5ad10fc2-5a33-4bdd-8958-4701aba8d7d0/current/log_inprogress_81
2019-06-13 22:53:35,490 INFO  client.GrpcClientProtocolClient (GrpcClientProtocolClient.java:onNext(254)) - client-C82EA620EB9B->85302df8-7a7f-4077-a053-c26dc3d3d65a: receive RaftClientReply:client-C82EA620EB9B->85302df8-7a7f-4077-a053-c26dc3d3d65a@group-4701ABA8D7D0, cid=45, SUCCESS, logIndex=81, commits[85302df8-7a7f-4077-a053-c26dc3d3d65a:c81]
2019-06-13 22:53:35,495 INFO  client.GrpcClientProtocolClient (GrpcClientProtocolClient.java:onNext(254)) - client-C82EA620EB9B->85302df8-7a7f-4077-a053-c26dc3d3d65a: receive RaftClientReply:client-C82EA620EB9B->85302df8-7a7f-4077-a053-c26dc3d3d65a@group-4701ABA8D7D0, cid=46, SUCCESS, logIndex=83, commits[85302df8-7a7f-4077-a053-c26dc3d3d65a:c83]
2019-06-13 22:53:35,497 INFO  client.GrpcClientProtocolClient (GrpcClientProtocolClient.java:onNext(254)) - client-C82EA620EB9B->85302df8-7a7f-4077-a053-c26dc3d3d65a: receive RaftClientReply:client-C82EA620EB9B->85302df8-7a7f-4077-a053-c26dc3d3d65a@group-4701ABA8D7D0, cid=47, SUCCESS, logIndex=85, commits[85302df8-7a7f-4077-a053-c26dc3d3d65a:c86]
2019-06-13 22:53:35,498 INFO  client.GrpcClientProtocolClient (GrpcClientProtocolClient.java:onNext(254)) - client-C82EA620EB9B->85302df8-7a7f-4077-a053-c26dc3d3d65a: receive RaftClientReply:client-C82EA620EB9B->85302df8-7a7f-4077-a053-c26dc3d3d65a@group-4701ABA8D7D0, cid=48, SUCCESS, logIndex=86, commits[85302df8-7a7f-4077-a053-c26dc3d3d65a:c87]
2019-06-13 22:53:35,522 INFO  client.GrpcClientProtocolClient (GrpcClientProtocolClient.java:onNext(254)) - client-C82EA620EB9B->85302df8-7a7f-4077-a053-c26dc3d3d65a: receive RaftClientReply:client-C82EA620EB9B->85302df8-7a7f-4077-a053-c26dc3d3d65a@group-4701ABA8D7D0, cid=49, SUCCESS, logIndex=88, commits[85302df8-7a7f-4077-a053-c26dc3d3d65a:c88]
2019-06-13 22:53:35,527 INFO  client.GrpcClientProtocolClient (GrpcClientProtocolClient.java:onNext(254)) - client-C82EA620EB9B->85302df8-7a7f-4077-a053-c26dc3d3d65a: receive RaftClientReply:client-C82EA620EB9B->85302df8-7a7f-4077-a053-c26dc3d3d65a@group-4701ABA8D7D0, cid=50, SUCCESS, logIndex=90, commits[85302df8-7a7f-4077-a053-c26dc3d3d65a:c92]
2019-06-13 22:53:35,527 INFO  client.GrpcClientProtocolClient (GrpcClientProtocolClient.java:onNext(254)) - client-C82EA620EB9B->85302df8-7a7f-4077-a053-c26dc3d3d65a: receive RaftClientReply:client-C82EA620EB9B->85302df8-7a7f-4077-a053-c26dc3d3d65a@group-4701ABA8D7D0, cid=51, SUCCESS, logIndex=91, commits[85302df8-7a7f-4077-a053-c26dc3d3d65a:c92]
2019-06-13 22:53:35,529 INFO  client.GrpcClientProtocolClient (GrpcClientProtocolClient.java:onNext(254)) - client-C82EA620EB9B->85302df8-7a7f-4077-a053-c26dc3d3d65a: receive RaftClientReply:client-C82EA620EB9B->85302df8-7a7f-4077-a053-c26dc3d3d65a@group-4701ABA8D7D0, cid=52, SUCCESS, logIndex=93, commits[85302df8-7a7f-4077-a053-c26dc3d3d65a:c93]
2019-06-13 22:53:35,540 DEBUG block.SCMBlockDeletingService (SCMBlockDeletingService.java:call(138)) - Running DeletedBlockTransactionScanner
2019-06-13 22:53:35,541 DEBUG block.SCMBlockDeletingService (SCMBlockDeletingService.java:call(155)) - Scanned deleted blocks log and got 0 delTX to process.
2019-06-13 22:53:35,543 INFO  client.GrpcClientProtocolClient (GrpcClientProtocolClient.java:onNext(254)) - client-C82EA620EB9B->85302df8-7a7f-4077-a053-c26dc3d3d65a: receive RaftClientReply:client-C82EA620EB9B->85302df8-7a7f-4077-a053-c26dc3d3d65a@group-4701ABA8D7D0, cid=53, SUCCESS, logIndex=95, commits[85302df8-7a7f-4077-a053-c26dc3d3d65a:c95]
2019-06-13 22:53:35,546 INFO  client.GrpcClientProtocolClient (GrpcClientProtocolClient.java:onNext(254)) - client-C82EA620EB9B->85302df8-7a7f-4077-a053-c26dc3d3d65a: receive RaftClientReply:client-C82EA620EB9B->85302df8-7a7f-4077-a053-c26dc3d3d65a@group-4701ABA8D7D0, cid=54, SUCCESS, logIndex=97, commits[85302df8-7a7f-4077-a053-c26dc3d3d65a:c97]
2019-06-13 22:53:35,551 INFO  client.GrpcClientProtocolClient (GrpcClientProtocolClient.java:onNext(254)) - client-C82EA620EB9B->85302df8-7a7f-4077-a053-c26dc3d3d65a: receive RaftClientReply:client-C82EA620EB9B->85302df8-7a7f-4077-a053-c26dc3d3d65a@group-4701ABA8D7D0, cid=55, SUCCESS, logIndex=99, commits[85302df8-7a7f-4077-a053-c26dc3d3d65a:c100]
2019-06-13 22:53:35,551 INFO  client.GrpcClientProtocolClient (GrpcClientProtocolClient.java:onNext(254)) - client-C82EA620EB9B->85302df8-7a7f-4077-a053-c26dc3d3d65a: receive RaftClientReply:client-C82EA620EB9B->85302df8-7a7f-4077-a053-c26dc3d3d65a@group-4701ABA8D7D0, cid=56, SUCCESS, logIndex=100, commits[85302df8-7a7f-4077-a053-c26dc3d3d65a:c101]
2019-06-13 22:53:35,569 INFO  client.GrpcClientProtocolClient (GrpcClientProtocolClient.java:onNext(254)) - client-C82EA620EB9B->85302df8-7a7f-4077-a053-c26dc3d3d65a: receive RaftClientReply:client-C82EA620EB9B->85302df8-7a7f-4077-a053-c26dc3d3d65a@group-4701ABA8D7D0, cid=57, SUCCESS, logIndex=102, commits[85302df8-7a7f-4077-a053-c26dc3d3d65a:c102]
2019-06-13 22:53:35,574 INFO  client.GrpcClientProtocolClient (GrpcClientProtocolClient.java:onNext(254)) - client-C82EA620EB9B->85302df8-7a7f-4077-a053-c26dc3d3d65a: receive RaftClientReply:client-C82EA620EB9B->85302df8-7a7f-4077-a053-c26dc3d3d65a@group-4701ABA8D7D0, cid=58, SUCCESS, logIndex=104, commits[85302df8-7a7f-4077-a053-c26dc3d3d65a:c104]
2019-06-13 22:53:35,576 INFO  client.GrpcClientProtocolClient (GrpcClientProtocolClient.java:onNext(254)) - client-C82EA620EB9B->85302df8-7a7f-4077-a053-c26dc3d3d65a: receive RaftClientReply:client-C82EA620EB9B->85302df8-7a7f-4077-a053-c26dc3d3d65a@group-4701ABA8D7D0, cid=59, SUCCESS, logIndex=105, commits[85302df8-7a7f-4077-a053-c26dc3d3d65a:c107]
2019-06-13 22:53:35,576 INFO  client.GrpcClientProtocolClient (GrpcClientProtocolClient.java:onNext(254)) - client-C82EA620EB9B->85302df8-7a7f-4077-a053-c26dc3d3d65a: receive RaftClientReply:client-C82EA620EB9B->85302df8-7a7f-4077-a053-c26dc3d3d65a@group-4701ABA8D7D0, cid=60, SUCCESS, logIndex=107, commits[85302df8-7a7f-4077-a053-c26dc3d3d65a:c108]
2019-06-13 22:53:35,648 DEBUG block.SCMBlockDeletingService (SCMBlockDeletingService.java:call(138)) - Running DeletedBlockTransactionScanner
2019-06-13 22:53:35,648 DEBUG block.SCMBlockDeletingService (SCMBlockDeletingService.java:call(155)) - Scanned deleted blocks log and got 0 delTX to process.
2019-06-13 22:53:35,652 INFO  client.GrpcClientProtocolClient (GrpcClientProtocolClient.java:onNext(254)) - client-C82EA620EB9B->85302df8-7a7f-4077-a053-c26dc3d3d65a: receive RaftClientReply:client-C82EA620EB9B->85302df8-7a7f-4077-a053-c26dc3d3d65a@group-4701ABA8D7D0, cid=61, SUCCESS, logIndex=109, commits[85302df8-7a7f-4077-a053-c26dc3d3d65a:c109]
2019-06-13 22:53:35,659 INFO  client.GrpcClientProtocolClient (GrpcClientProtocolClient.java:onNext(254)) - client-C82EA620EB9B->85302df8-7a7f-4077-a053-c26dc3d3d65a: receive RaftClientReply:client-C82EA620EB9B->85302df8-7a7f-4077-a053-c26dc3d3d65a@group-4701ABA8D7D0, cid=62, SUCCESS, logIndex=111, commits[85302df8-7a7f-4077-a053-c26dc3d3d65a:c111]
2019-06-13 22:53:35,660 INFO  client.GrpcClientProtocolClient (GrpcClientProtocolClient.java:onNext(254)) - client-C82EA620EB9B->85302df8-7a7f-4077-a053-c26dc3d3d65a: receive RaftClientReply:client-C82EA620EB9B->85302df8-7a7f-4077-a053-c26dc3d3d65a@group-4701ABA8D7D0, cid=63, SUCCESS, logIndex=113, commits[85302df8-7a7f-4077-a053-c26dc3d3d65a:c113]
2019-06-13 22:53:35,660 INFO  client.GrpcClientProtocolClient (GrpcClientProtocolClient.java:onNext(254)) - client-C82EA620EB9B->85302df8-7a7f-4077-a053-c26dc3d3d65a: receive RaftClientReply:client-C82EA620EB9B->85302df8-7a7f-4077-a053-c26dc3d3d65a@group-4701ABA8D7D0, cid=64, SUCCESS, logIndex=114, commits[85302df8-7a7f-4077-a053-c26dc3d3d65a:c114]
2019-06-13 22:53:35,676 INFO  client.GrpcClientProtocolClient (GrpcClientProtocolClient.java:onNext(254)) - client-C82EA620EB9B->85302df8-7a7f-4077-a053-c26dc3d3d65a: receive RaftClientReply:client-C82EA620EB9B->85302df8-7a7f-4077-a053-c26dc3d3d65a@group-4701ABA8D7D0, cid=65, SUCCESS, logIndex=117, commits[85302df8-7a7f-4077-a053-c26dc3d3d65a:c117]
2019-06-13 22:53:35,680 INFO  client.GrpcClientProtocolClient (GrpcClientProtocolClient.java:onNext(254)) - client-C82EA620EB9B->85302df8-7a7f-4077-a053-c26dc3d3d65a: receive RaftClientReply:client-C82EA620EB9B->85302df8-7a7f-4077-a053-c26dc3d3d65a@group-4701ABA8D7D0, cid=66, SUCCESS, logIndex=119, commits[85302df8-7a7f-4077-a053-c26dc3d3d65a:c119]
2019-06-13 22:53:35,684 INFO  client.GrpcClientProtocolClient (GrpcClientProtocolClient.java:onNext(254)) - client-C82EA620EB9B->85302df8-7a7f-4077-a053-c26dc3d3d65a: receive RaftClientReply:client-C82EA620EB9B->85302df8-7a7f-4077-a053-c26dc3d3d65a@group-4701ABA8D7D0, cid=67, SUCCESS, logIndex=121, commits[85302df8-7a7f-4077-a053-c26dc3d3d65a:c121]
2019-06-13 22:53:35,686 INFO  client.GrpcClientProtocolClient (GrpcClientProtocolClient.java:onNext(254)) - client-C82EA620EB9B->85302df8-7a7f-4077-a053-c26dc3d3d65a: receive RaftClientReply:client-C82EA620EB9B->85302df8-7a7f-4077-a053-c26dc3d3d65a@group-4701ABA8D7D0, cid=68, SUCCESS, logIndex=123, commits[85302df8-7a7f-4077-a053-c26dc3d3d65a:c123]
2019-06-13 22:53:35,698 INFO  client.GrpcClientProtocolClient (GrpcClientProtocolClient.java:onNext(254)) - client-C82EA620EB9B->85302df8-7a7f-4077-a053-c26dc3d3d65a: receive RaftClientReply:client-C82EA620EB9B->85302df8-7a7f-4077-a053-c26dc3d3d65a@group-4701ABA8D7D0, cid=69, SUCCESS, logIndex=125, commits[85302df8-7a7f-4077-a053-c26dc3d3d65a:c125]
2019-06-13 22:53:35,702 INFO  client.GrpcClientProtocolClient (GrpcClientProtocolClient.java:onNext(254)) - client-C82EA620EB9B->85302df8-7a7f-4077-a053-c26dc3d3d65a: receive RaftClientReply:client-C82EA620EB9B->85302df8-7a7f-4077-a053-c26dc3d3d65a@group-4701ABA8D7D0, cid=70, SUCCESS, logIndex=127, commits[85302df8-7a7f-4077-a053-c26dc3d3d65a:c127]
2019-06-13 22:53:35,707 INFO  client.GrpcClientProtocolClient (GrpcClientProtocolClient.java:onNext(254)) - client-C82EA620EB9B->85302df8-7a7f-4077-a053-c26dc3d3d65a: receive RaftClientReply:client-C82EA620EB9B->85302df8-7a7f-4077-a053-c26dc3d3d65a@group-4701ABA8D7D0, cid=71, SUCCESS, logIndex=128, commits[85302df8-7a7f-4077-a053-c26dc3d3d65a:c130]
2019-06-13 22:53:35,708 INFO  client.GrpcClientProtocolClient (GrpcClientProtocolClient.java:onNext(254)) - client-C82EA620EB9B->85302df8-7a7f-4077-a053-c26dc3d3d65a: receive RaftClientReply:client-C82EA620EB9B->85302df8-7a7f-4077-a053-c26dc3d3d65a@group-4701ABA8D7D0, cid=72, SUCCESS, logIndex=129, commits[85302df8-7a7f-4077-a053-c26dc3d3d65a:c130]
2019-06-13 22:53:35,723 INFO  client.GrpcClientProtocolClient (GrpcClientProtocolClient.java:onNext(254)) - client-C82EA620EB9B->85302df8-7a7f-4077-a053-c26dc3d3d65a: receive RaftClientReply:client-C82EA620EB9B->85302df8-7a7f-4077-a053-c26dc3d3d65a@group-4701ABA8D7D0, cid=73, SUCCESS, logIndex=131, commits[85302df8-7a7f-4077-a053-c26dc3d3d65a:c131]
2019-06-13 22:53:35,727 INFO  client.GrpcClientProtocolClient (GrpcClientProtocolClient.java:onNext(254)) - client-C82EA620EB9B->85302df8-7a7f-4077-a053-c26dc3d3d65a: receive RaftClientReply:client-C82EA620EB9B->85302df8-7a7f-4077-a053-c26dc3d3d65a@group-4701ABA8D7D0, cid=74, SUCCESS, logIndex=133, commits[85302df8-7a7f-4077-a053-c26dc3d3d65a:c133]
2019-06-13 22:53:35,728 INFO  client.GrpcClientProtocolClient (GrpcClientProtocolClient.java:onNext(254)) - client-C82EA620EB9B->85302df8-7a7f-4077-a053-c26dc3d3d65a: receive RaftClientReply:client-C82EA620EB9B->85302df8-7a7f-4077-a053-c26dc3d3d65a@group-4701ABA8D7D0, cid=75, SUCCESS, logIndex=134, commits[85302df8-7a7f-4077-a053-c26dc3d3d65a:c136]
2019-06-13 22:53:35,729 INFO  client.GrpcClientProtocolClient (GrpcClientProtocolClient.java:onNext(254)) - client-C82EA620EB9B->85302df8-7a7f-4077-a053-c26dc3d3d65a: receive RaftClientReply:client-C82EA620EB9B->85302df8-7a7f-4077-a053-c26dc3d3d65a@group-4701ABA8D7D0, cid=76, SUCCESS, logIndex=136, commits[85302df8-7a7f-4077-a053-c26dc3d3d65a:c137]
2019-06-13 22:53:35,742 INFO  client.GrpcClientProtocolClient (GrpcClientProtocolClient.java:onNext(254)) - client-C82EA620EB9B->85302df8-7a7f-4077-a053-c26dc3d3d65a: receive RaftClientReply:client-C82EA620EB9B->85302df8-7a7f-4077-a053-c26dc3d3d65a@group-4701ABA8D7D0, cid=77, SUCCESS, logIndex=138, commits[85302df8-7a7f-4077-a053-c26dc3d3d65a:c138]
2019-06-13 22:53:35,745 INFO  client.GrpcClientProtocolClient (GrpcClientProtocolClient.java:onNext(254)) - client-C82EA620EB9B->85302df8-7a7f-4077-a053-c26dc3d3d65a: receive RaftClientReply:client-C82EA620EB9B->85302df8-7a7f-4077-a053-c26dc3d3d65a@group-4701ABA8D7D0, cid=78, SUCCESS, logIndex=140, commits[85302df8-7a7f-4077-a053-c26dc3d3d65a:c140]
2019-06-13 22:53:35,749 DEBUG block.SCMBlockDeletingService (SCMBlockDeletingService.java:call(138)) - Running DeletedBlockTransactionScanner
2019-06-13 22:53:35,749 DEBUG block.SCMBlockDeletingService (SCMBlockDeletingService.java:call(155)) - Scanned deleted blocks log and got 0 delTX to process.
2019-06-13 22:53:35,750 INFO  client.GrpcClientProtocolClient (GrpcClientProtocolClient.java:onNext(254)) - client-C82EA620EB9B->85302df8-7a7f-4077-a053-c26dc3d3d65a: receive RaftClientReply:client-C82EA620EB9B->85302df8-7a7f-4077-a053-c26dc3d3d65a@group-4701ABA8D7D0, cid=79, SUCCESS, logIndex=142, commits[85302df8-7a7f-4077-a053-c26dc3d3d65a:c143]
2019-06-13 22:53:35,751 INFO  client.GrpcClientProtocolClient (GrpcClientProtocolClient.java:onNext(254)) - client-C82EA620EB9B->85302df8-7a7f-4077-a053-c26dc3d3d65a: receive RaftClientReply:client-C82EA620EB9B->85302df8-7a7f-4077-a053-c26dc3d3d65a@group-4701ABA8D7D0, cid=80, SUCCESS, logIndex=143, commits[85302df8-7a7f-4077-a053-c26dc3d3d65a:c144]
2019-06-13 22:53:35,766 INFO  client.GrpcClientProtocolClient (GrpcClientProtocolClient.java:onNext(254)) - client-C82EA620EB9B->85302df8-7a7f-4077-a053-c26dc3d3d65a: receive RaftClientReply:client-C82EA620EB9B->85302df8-7a7f-4077-a053-c26dc3d3d65a@group-4701ABA8D7D0, cid=81, SUCCESS, logIndex=145, commits[85302df8-7a7f-4077-a053-c26dc3d3d65a:c145]
2019-06-13 22:53:35,772 INFO  client.GrpcClientProtocolClient (GrpcClientProtocolClient.java:onNext(254)) - client-C82EA620EB9B->85302df8-7a7f-4077-a053-c26dc3d3d65a: receive RaftClientReply:client-C82EA620EB9B->85302df8-7a7f-4077-a053-c26dc3d3d65a@group-4701ABA8D7D0, cid=82, SUCCESS, logIndex=147, commits[85302df8-7a7f-4077-a053-c26dc3d3d65a:c147]
2019-06-13 22:53:35,778 INFO  client.GrpcClientProtocolClient (GrpcClientProtocolClient.java:onNext(254)) - client-C82EA620EB9B->85302df8-7a7f-4077-a053-c26dc3d3d65a: receive RaftClientReply:client-C82EA620EB9B->85302df8-7a7f-4077-a053-c26dc3d3d65a@group-4701ABA8D7D0, cid=83, SUCCESS, logIndex=148, commits[85302df8-7a7f-4077-a053-c26dc3d3d65a:c150]
2019-06-13 22:53:35,782 INFO  client.GrpcClientProtocolClient (GrpcClientProtocolClient.java:onNext(254)) - client-C82EA620EB9B->85302df8-7a7f-4077-a053-c26dc3d3d65a: receive RaftClientReply:client-C82EA620EB9B->85302df8-7a7f-4077-a053-c26dc3d3d65a@group-4701ABA8D7D0, cid=84, SUCCESS, logIndex=150, commits[85302df8-7a7f-4077-a053-c26dc3d3d65a:c151]
2019-06-13 22:53:35,793 INFO  client.GrpcClientProtocolClient (GrpcClientProtocolClient.java:onNext(254)) - client-C82EA620EB9B->85302df8-7a7f-4077-a053-c26dc3d3d65a: receive RaftClientReply:client-C82EA620EB9B->85302df8-7a7f-4077-a053-c26dc3d3d65a@group-4701ABA8D7D0, cid=85, SUCCESS, logIndex=152, commits[85302df8-7a7f-4077-a053-c26dc3d3d65a:c152]
2019-06-13 22:53:35,795 INFO  storage.RaftLogWorker (RaftLogWorker.java:rollLogSegment(303)) - 85302df8-7a7f-4077-a053-c26dc3d3d65a-RaftLogWorker: Rolling segment log-81_156 to index:156
2019-06-13 22:53:35,796 INFO  client.GrpcClientProtocolClient (GrpcClientProtocolClient.java:onNext(254)) - client-C82EA620EB9B->85302df8-7a7f-4077-a053-c26dc3d3d65a: receive RaftClientReply:client-C82EA620EB9B->85302df8-7a7f-4077-a053-c26dc3d3d65a@group-4701ABA8D7D0, cid=86, SUCCESS, logIndex=154, commits[85302df8-7a7f-4077-a053-c26dc3d3d65a:c154]
2019-06-13 22:53:35,797 INFO  storage.RaftLogWorker (RaftLogWorker.java:execute(433)) - 85302df8-7a7f-4077-a053-c26dc3d3d65a-RaftLogWorker: Rolled log segment from /opt/src/hadoop-ozone/integration-test/target/test-dir/MiniOzoneClusterImpl-550f9ca0-a6d9-4a4a-902f-f07ac81eac7b/datanode-0/data/ratis/5ad10fc2-5a33-4bdd-8958-4701aba8d7d0/current/log_inprogress_81 to /opt/src/hadoop-ozone/integration-test/target/test-dir/MiniOzoneClusterImpl-550f9ca0-a6d9-4a4a-902f-f07ac81eac7b/datanode-0/data/ratis/5ad10fc2-5a33-4bdd-8958-4701aba8d7d0/current/log_81-156
2019-06-13 22:53:35,803 INFO  client.GrpcClientProtocolClient (GrpcClientProtocolClient.java:onNext(254)) - client-C82EA620EB9B->85302df8-7a7f-4077-a053-c26dc3d3d65a: receive RaftClientReply:client-C82EA620EB9B->85302df8-7a7f-4077-a053-c26dc3d3d65a@group-4701ABA8D7D0, cid=87, SUCCESS, logIndex=155, commits[85302df8-7a7f-4077-a053-c26dc3d3d65a:c156]
2019-06-13 22:53:35,833 INFO  storage.RaftLogWorker (RaftLogWorker.java:execute(469)) - 85302df8-7a7f-4077-a053-c26dc3d3d65a-RaftLogWorker: created new log segment /opt/src/hadoop-ozone/integration-test/target/test-dir/MiniOzoneClusterImpl-550f9ca0-a6d9-4a4a-902f-f07ac81eac7b/datanode-0/data/ratis/5ad10fc2-5a33-4bdd-8958-4701aba8d7d0/current/log_inprogress_157
2019-06-13 22:53:35,836 INFO  client.GrpcClientProtocolClient (GrpcClientProtocolClient.java:onNext(254)) - client-C82EA620EB9B->85302df8-7a7f-4077-a053-c26dc3d3d65a: receive RaftClientReply:client-C82EA620EB9B->85302df8-7a7f-4077-a053-c26dc3d3d65a@group-4701ABA8D7D0, cid=88, SUCCESS, logIndex=157, commits[85302df8-7a7f-4077-a053-c26dc3d3d65a:c157]
2019-06-13 22:53:35,849 DEBUG block.SCMBlockDeletingService (SCMBlockDeletingService.java:call(138)) - Running DeletedBlockTransactionScanner
2019-06-13 22:53:35,849 DEBUG block.SCMBlockDeletingService (SCMBlockDeletingService.java:call(155)) - Scanned deleted blocks log and got 0 delTX to process.
2019-06-13 22:53:35,921 INFO  client.GrpcClientProtocolClient (GrpcClientProtocolClient.java:onNext(254)) - client-C82EA620EB9B->85302df8-7a7f-4077-a053-c26dc3d3d65a: receive RaftClientReply:client-C82EA620EB9B->85302df8-7a7f-4077-a053-c26dc3d3d65a@group-4701ABA8D7D0, cid=89, SUCCESS, logIndex=159, commits[85302df8-7a7f-4077-a053-c26dc3d3d65a:c159]
2019-06-13 22:53:35,923 INFO  client.GrpcClientProtocolClient (GrpcClientProtocolClient.java:onNext(254)) - client-C82EA620EB9B->85302df8-7a7f-4077-a053-c26dc3d3d65a: receive RaftClientReply:client-C82EA620EB9B->85302df8-7a7f-4077-a053-c26dc3d3d65a@group-4701ABA8D7D0, cid=90, SUCCESS, logIndex=161, commits[85302df8-7a7f-4077-a053-c26dc3d3d65a:c161]
2019-06-13 22:53:35,927 INFO  client.GrpcClientProtocolClient (GrpcClientProtocolClient.java:onNext(254)) - client-C82EA620EB9B->85302df8-7a7f-4077-a053-c26dc3d3d65a: receive RaftClientReply:client-C82EA620EB9B->85302df8-7a7f-4077-a053-c26dc3d3d65a@group-4701ABA8D7D0, cid=91, SUCCESS, logIndex=163, commits[85302df8-7a7f-4077-a053-c26dc3d3d65a:c164]
2019-06-13 22:53:35,931 INFO  client.GrpcClientProtocolClient (GrpcClientProtocolClient.java:onNext(254)) - client-C82EA620EB9B->85302df8-7a7f-4077-a053-c26dc3d3d65a: receive RaftClientReply:client-C82EA620EB9B->85302df8-7a7f-4077-a053-c26dc3d3d65a@group-4701ABA8D7D0, cid=92, SUCCESS, logIndex=164, commits[85302df8-7a7f-4077-a053-c26dc3d3d65a:c165]
2019-06-13 22:53:35,946 INFO  client.GrpcClientProtocolClient (GrpcClientProtocolClient.java:onNext(254)) - client-C82EA620EB9B->85302df8-7a7f-4077-a053-c26dc3d3d65a: receive RaftClientReply:client-C82EA620EB9B->85302df8-7a7f-4077-a053-c26dc3d3d65a@group-4701ABA8D7D0, cid=93, SUCCESS, logIndex=166, commits[85302df8-7a7f-4077-a053-c26dc3d3d65a:c166]
2019-06-13 22:53:35,950 DEBUG block.SCMBlockDeletingService (SCMBlockDeletingService.java:call(138)) - Running DeletedBlockTransactionScanner
2019-06-13 22:53:35,950 INFO  client.GrpcClientProtocolClient (GrpcClientProtocolClient.java:onNext(254)) - client-C82EA620EB9B->85302df8-7a7f-4077-a053-c26dc3d3d65a: receive RaftClientReply:client-C82EA620EB9B->85302df8-7a7f-4077-a053-c26dc3d3d65a@group-4701ABA8D7D0, cid=94, SUCCESS, logIndex=168, commits[85302df8-7a7f-4077-a053-c26dc3d3d65a:c168]
2019-06-13 22:53:35,950 DEBUG block.SCMBlockDeletingService (SCMBlockDeletingService.java:call(155)) - Scanned deleted blocks log and got 0 delTX to process.
2019-06-13 22:53:35,952 INFO  client.GrpcClientProtocolClient (GrpcClientProtocolClient.java:onNext(254)) - client-C82EA620EB9B->85302df8-7a7f-4077-a053-c26dc3d3d65a: receive RaftClientReply:client-C82EA620EB9B->85302df8-7a7f-4077-a053-c26dc3d3d65a@group-4701ABA8D7D0, cid=95, SUCCESS, logIndex=169, commits[85302df8-7a7f-4077-a053-c26dc3d3d65a:c171]
2019-06-13 22:53:35,954 INFO  client.GrpcClientProtocolClient (GrpcClientProtocolClient.java:onNext(254)) - client-C82EA620EB9B->85302df8-7a7f-4077-a053-c26dc3d3d65a: receive RaftClientReply:client-C82EA620EB9B->85302df8-7a7f-4077-a053-c26dc3d3d65a@group-4701ABA8D7D0, cid=96, SUCCESS, logIndex=171, commits[85302df8-7a7f-4077-a053-c26dc3d3d65a:c172]
2019-06-13 22:53:35,974 INFO  client.GrpcClientProtocolClient (GrpcClientProtocolClient.java:onNext(254)) - client-C82EA620EB9B->85302df8-7a7f-4077-a053-c26dc3d3d65a: receive RaftClientReply:client-C82EA620EB9B->85302df8-7a7f-4077-a053-c26dc3d3d65a@group-4701ABA8D7D0, cid=97, SUCCESS, logIndex=173, commits[85302df8-7a7f-4077-a053-c26dc3d3d65a:c173]
2019-06-13 22:53:35,983 INFO  client.GrpcClientProtocolClient (GrpcClientProtocolClient.java:onNext(254)) - client-C82EA620EB9B->85302df8-7a7f-4077-a053-c26dc3d3d65a: receive RaftClientReply:client-C82EA620EB9B->85302df8-7a7f-4077-a053-c26dc3d3d65a@group-4701ABA8D7D0, cid=98, SUCCESS, logIndex=175, commits[85302df8-7a7f-4077-a053-c26dc3d3d65a:c175]
2019-06-13 22:53:35,984 INFO  client.GrpcClientProtocolClient (GrpcClientProtocolClient.java:onNext(254)) - client-C82EA620EB9B->85302df8-7a7f-4077-a053-c26dc3d3d65a: receive RaftClientReply:client-C82EA620EB9B->85302df8-7a7f-4077-a053-c26dc3d3d65a@group-4701ABA8D7D0, cid=99, SUCCESS, logIndex=176, commits[85302df8-7a7f-4077-a053-c26dc3d3d65a:c178]
2019-06-13 22:53:35,984 INFO  client.GrpcClientProtocolClient (GrpcClientProtocolClient.java:onNext(254)) - client-C82EA620EB9B->85302df8-7a7f-4077-a053-c26dc3d3d65a: receive RaftClientReply:client-C82EA620EB9B->85302df8-7a7f-4077-a053-c26dc3d3d65a@group-4701ABA8D7D0, cid=100, SUCCESS, logIndex=178, commits[85302df8-7a7f-4077-a053-c26dc3d3d65a:c178]
2019-06-13 22:53:36,054 DEBUG block.SCMBlockDeletingService (SCMBlockDeletingService.java:call(138)) - Running DeletedBlockTransactionScanner
2019-06-13 22:53:36,054 DEBUG block.SCMBlockDeletingService (SCMBlockDeletingService.java:call(155)) - Scanned deleted blocks log and got 0 delTX to process.
2019-06-13 22:53:36,057 INFO  client.GrpcClientProtocolClient (GrpcClientProtocolClient.java:onNext(254)) - client-C82EA620EB9B->85302df8-7a7f-4077-a053-c26dc3d3d65a: receive RaftClientReply:client-C82EA620EB9B->85302df8-7a7f-4077-a053-c26dc3d3d65a@group-4701ABA8D7D0, cid=101, SUCCESS, logIndex=181, commits[85302df8-7a7f-4077-a053-c26dc3d3d65a:c181]
2019-06-13 22:53:36,061 INFO  client.GrpcClientProtocolClient (GrpcClientProtocolClient.java:onNext(254)) - client-C82EA620EB9B->85302df8-7a7f-4077-a053-c26dc3d3d65a: receive RaftClientReply:client-C82EA620EB9B->85302df8-7a7f-4077-a053-c26dc3d3d65a@group-4701ABA8D7D0, cid=102, SUCCESS, logIndex=183, commits[85302df8-7a7f-4077-a053-c26dc3d3d65a:c183]
2019-06-13 22:53:36,063 INFO  client.GrpcClientProtocolClient (GrpcClientProtocolClient.java:onNext(254)) - client-C82EA620EB9B->85302df8-7a7f-4077-a053-c26dc3d3d65a: receive RaftClientReply:client-C82EA620EB9B->85302df8-7a7f-4077-a053-c26dc3d3d65a@group-4701ABA8D7D0, cid=103, SUCCESS, logIndex=184, commits[85302df8-7a7f-4077-a053-c26dc3d3d65a:c185]
2019-06-13 22:53:36,065 INFO  client.GrpcClientProtocolClient (GrpcClientProtocolClient.java:onNext(254)) - client-C82EA620EB9B->85302df8-7a7f-4077-a053-c26dc3d3d65a: receive RaftClientReply:client-C82EA620EB9B->85302df8-7a7f-4077-a053-c26dc3d3d65a@group-4701ABA8D7D0, cid=104, SUCCESS, logIndex=186, commits[85302df8-7a7f-4077-a053-c26dc3d3d65a:c186]
2019-06-13 22:53:36,086 INFO  client.GrpcClientProtocolClient (GrpcClientProtocolClient.java:onNext(254)) - client-C82EA620EB9B->85302df8-7a7f-4077-a053-c26dc3d3d65a: receive RaftClientReply:client-C82EA620EB9B->85302df8-7a7f-4077-a053-c26dc3d3d65a@group-4701ABA8D7D0, cid=105, SUCCESS, logIndex=188, commits[85302df8-7a7f-4077-a053-c26dc3d3d65a:c188]
2019-06-13 22:53:36,092 INFO  client.GrpcClientProtocolClient (GrpcClientProtocolClient.java:onNext(254)) - client-C82EA620EB9B->85302df8-7a7f-4077-a053-c26dc3d3d65a: receive RaftClientReply:client-C82EA620EB9B->85302df8-7a7f-4077-a053-c26dc3d3d65a@group-4701ABA8D7D0, cid=106, SUCCESS, logIndex=190, commits[85302df8-7a7f-4077-a053-c26dc3d3d65a:c190]
2019-06-13 22:53:36,093 INFO  client.GrpcClientProtocolClient (GrpcClientProtocolClient.java:onNext(254)) - client-C82EA620EB9B->85302df8-7a7f-4077-a053-c26dc3d3d65a: receive RaftClientReply:client-C82EA620EB9B->85302df8-7a7f-4077-a053-c26dc3d3d65a@group-4701ABA8D7D0, cid=107, SUCCESS, logIndex=191, commits[85302df8-7a7f-4077-a053-c26dc3d3d65a:c191]
2019-06-13 22:53:36,094 INFO  client.GrpcClientProtocolClient (GrpcClientProtocolClient.java:onNext(254)) - client-C82EA620EB9B->85302df8-7a7f-4077-a053-c26dc3d3d65a: receive RaftClientReply:client-C82EA620EB9B->85302df8-7a7f-4077-a053-c26dc3d3d65a@group-4701ABA8D7D0, cid=108, SUCCESS, logIndex=193, commits[85302df8-7a7f-4077-a053-c26dc3d3d65a:c193]
2019-06-13 22:53:36,105 INFO  client.GrpcClientProtocolClient (GrpcClientProtocolClient.java:onNext(254)) - client-C82EA620EB9B->85302df8-7a7f-4077-a053-c26dc3d3d65a: receive RaftClientReply:client-C82EA620EB9B->85302df8-7a7f-4077-a053-c26dc3d3d65a@group-4701ABA8D7D0, cid=109, SUCCESS, logIndex=196, commits[85302df8-7a7f-4077-a053-c26dc3d3d65a:c197]
2019-06-13 22:53:36,110 INFO  client.GrpcClientProtocolClient (GrpcClientProtocolClient.java:onNext(254)) - client-C82EA620EB9B->85302df8-7a7f-4077-a053-c26dc3d3d65a: receive RaftClientReply:client-C82EA620EB9B->85302df8-7a7f-4077-a053-c26dc3d3d65a@group-4701ABA8D7D0, cid=110, SUCCESS, logIndex=198, commits[85302df8-7a7f-4077-a053-c26dc3d3d65a:c198]
2019-06-13 22:53:36,111 INFO  client.GrpcClientProtocolClient (GrpcClientProtocolClient.java:onNext(254)) - client-C82EA620EB9B->85302df8-7a7f-4077-a053-c26dc3d3d65a: receive RaftClientReply:client-C82EA620EB9B->85302df8-7a7f-4077-a053-c26dc3d3d65a@group-4701ABA8D7D0, cid=111, SUCCESS, logIndex=199, commits[85302df8-7a7f-4077-a053-c26dc3d3d65a:c200]
2019-06-13 22:53:36,111 INFO  client.GrpcClientProtocolClient (GrpcClientProtocolClient.java:onNext(254)) - client-C82EA620EB9B->85302df8-7a7f-4077-a053-c26dc3d3d65a: receive RaftClientReply:client-C82EA620EB9B->85302df8-7a7f-4077-a053-c26dc3d3d65a@group-4701ABA8D7D0, cid=112, SUCCESS, logIndex=200, commits[85302df8-7a7f-4077-a053-c26dc3d3d65a:c202]
2019-06-13 22:53:36,127 INFO  client.GrpcClientProtocolClient (GrpcClientProtocolClient.java:onNext(254)) - client-C82EA620EB9B->85302df8-7a7f-4077-a053-c26dc3d3d65a: receive RaftClientReply:client-C82EA620EB9B->85302df8-7a7f-4077-a053-c26dc3d3d65a@group-4701ABA8D7D0, cid=113, SUCCESS, logIndex=203, commits[85302df8-7a7f-4077-a053-c26dc3d3d65a:c203]
2019-06-13 22:53:36,136 INFO  client.GrpcClientProtocolClient (GrpcClientProtocolClient.java:onNext(254)) - client-C82EA620EB9B->85302df8-7a7f-4077-a053-c26dc3d3d65a: receive RaftClientReply:client-C82EA620EB9B->85302df8-7a7f-4077-a053-c26dc3d3d65a@group-4701ABA8D7D0, cid=114, SUCCESS, logIndex=205, commits[85302df8-7a7f-4077-a053-c26dc3d3d65a:c205]
2019-06-13 22:53:36,136 INFO  client.GrpcClientProtocolClient (GrpcClientProtocolClient.java:onNext(254)) - client-C82EA620EB9B->85302df8-7a7f-4077-a053-c26dc3d3d65a: receive RaftClientReply:client-C82EA620EB9B->85302df8-7a7f-4077-a053-c26dc3d3d65a@group-4701ABA8D7D0, cid=115, SUCCESS, logIndex=207, commits[85302df8-7a7f-4077-a053-c26dc3d3d65a:c207]
2019-06-13 22:53:36,137 INFO  client.GrpcClientProtocolClient (GrpcClientProtocolClient.java:onNext(254)) - client-C82EA620EB9B->85302df8-7a7f-4077-a053-c26dc3d3d65a: receive RaftClientReply:client-C82EA620EB9B->85302df8-7a7f-4077-a053-c26dc3d3d65a@group-4701ABA8D7D0, cid=116, SUCCESS, logIndex=208, commits[85302df8-7a7f-4077-a053-c26dc3d3d65a:c209]
2019-06-13 22:53:36,147 INFO  client.GrpcClientProtocolClient (GrpcClientProtocolClient.java:onNext(254)) - client-C82EA620EB9B->85302df8-7a7f-4077-a053-c26dc3d3d65a: receive RaftClientReply:client-C82EA620EB9B->85302df8-7a7f-4077-a053-c26dc3d3d65a@group-4701ABA8D7D0, cid=117, SUCCESS, logIndex=211, commits[85302df8-7a7f-4077-a053-c26dc3d3d65a:c211]
2019-06-13 22:53:36,152 INFO  client.GrpcClientProtocolClient (GrpcClientProtocolClient.java:onNext(254)) - client-C82EA620EB9B->85302df8-7a7f-4077-a053-c26dc3d3d65a: receive RaftClientReply:client-C82EA620EB9B->85302df8-7a7f-4077-a053-c26dc3d3d65a@group-4701ABA8D7D0, cid=118, SUCCESS, logIndex=213, commits[85302df8-7a7f-4077-a053-c26dc3d3d65a:c213]
2019-06-13 22:53:36,154 INFO  client.GrpcClientProtocolClient (GrpcClientProtocolClient.java:onNext(254)) - client-C82EA620EB9B->85302df8-7a7f-4077-a053-c26dc3d3d65a: receive RaftClientReply:client-C82EA620EB9B->85302df8-7a7f-4077-a053-c26dc3d3d65a@group-4701ABA8D7D0, cid=119, SUCCESS, logIndex=215, commits[85302df8-7a7f-4077-a053-c26dc3d3d65a:c215]
2019-06-13 22:53:36,155 INFO  client.GrpcClientProtocolClient (GrpcClientProtocolClient.java:onNext(254)) - client-C82EA620EB9B->85302df8-7a7f-4077-a053-c26dc3d3d65a: receive RaftClientReply:client-C82EA620EB9B->85302df8-7a7f-4077-a053-c26dc3d3d65a@group-4701ABA8D7D0, cid=120, SUCCESS, logIndex=216, commits[85302df8-7a7f-4077-a053-c26dc3d3d65a:c217]
2019-06-13 22:53:36,157 DEBUG block.SCMBlockDeletingService (SCMBlockDeletingService.java:call(138)) - Running DeletedBlockTransactionScanner
2019-06-13 22:53:36,157 DEBUG block.SCMBlockDeletingService (SCMBlockDeletingService.java:call(155)) - Scanned deleted blocks log and got 0 delTX to process.
2019-06-13 22:53:36,170 INFO  client.GrpcClientProtocolClient (GrpcClientProtocolClient.java:onNext(254)) - client-C82EA620EB9B->85302df8-7a7f-4077-a053-c26dc3d3d65a: receive RaftClientReply:client-C82EA620EB9B->85302df8-7a7f-4077-a053-c26dc3d3d65a@group-4701ABA8D7D0, cid=121, SUCCESS, logIndex=219, commits[85302df8-7a7f-4077-a053-c26dc3d3d65a:c219]
2019-06-13 22:53:36,175 INFO  client.GrpcClientProtocolClient (GrpcClientProtocolClient.java:onNext(254)) - client-C82EA620EB9B->85302df8-7a7f-4077-a053-c26dc3d3d65a: receive RaftClientReply:client-C82EA620EB9B->85302df8-7a7f-4077-a053-c26dc3d3d65a@group-4701ABA8D7D0, cid=122, SUCCESS, logIndex=221, commits[85302df8-7a7f-4077-a053-c26dc3d3d65a:c221]
2019-06-13 22:53:36,177 INFO  client.GrpcClientProtocolClient (GrpcClientProtocolClient.java:onNext(254)) - client-C82EA620EB9B->85302df8-7a7f-4077-a053-c26dc3d3d65a: receive RaftClientReply:client-C82EA620EB9B->85302df8-7a7f-4077-a053-c26dc3d3d65a@group-4701ABA8D7D0, cid=123, SUCCESS, logIndex=223, commits[85302df8-7a7f-4077-a053-c26dc3d3d65a:c223]
2019-06-13 22:53:36,178 INFO  client.GrpcClientProtocolClient (GrpcClientProtocolClient.java:onNext(254)) - client-C82EA620EB9B->85302df8-7a7f-4077-a053-c26dc3d3d65a: receive RaftClientReply:client-C82EA620EB9B->85302df8-7a7f-4077-a053-c26dc3d3d65a@group-4701ABA8D7D0, cid=124, SUCCESS, logIndex=224, commits[85302df8-7a7f-4077-a053-c26dc3d3d65a:c225]
2019-06-13 22:53:36,189 INFO  client.GrpcClientProtocolClient (GrpcClientProtocolClient.java:onNext(254)) - client-C82EA620EB9B->85302df8-7a7f-4077-a053-c26dc3d3d65a: receive RaftClientReply:client-C82EA620EB9B->85302df8-7a7f-4077-a053-c26dc3d3d65a@group-4701ABA8D7D0, cid=125, SUCCESS, logIndex=227, commits[85302df8-7a7f-4077-a053-c26dc3d3d65a:c227]
2019-06-13 22:53:36,195 INFO  client.GrpcClientProtocolClient (GrpcClientProtocolClient.java:onNext(254)) - client-C82EA620EB9B->85302df8-7a7f-4077-a053-c26dc3d3d65a: receive RaftClientReply:client-C82EA620EB9B->85302df8-7a7f-4077-a053-c26dc3d3d65a@group-4701ABA8D7D0, cid=126, SUCCESS, logIndex=229, commits[85302df8-7a7f-4077-a053-c26dc3d3d65a:c229]
2019-06-13 22:53:36,196 INFO  client.GrpcClientProtocolClient (GrpcClientProtocolClient.java:onNext(254)) - client-C82EA620EB9B->85302df8-7a7f-4077-a053-c26dc3d3d65a: receive RaftClientReply:client-C82EA620EB9B->85302df8-7a7f-4077-a053-c26dc3d3d65a@group-4701ABA8D7D0, cid=127, SUCCESS, logIndex=230, commits[85302df8-7a7f-4077-a053-c26dc3d3d65a:c232]
2019-06-13 22:53:36,198 INFO  client.GrpcClientProtocolClient (GrpcClientProtocolClient.java:onNext(254)) - client-C82EA620EB9B->85302df8-7a7f-4077-a053-c26dc3d3d65a: receive RaftClientReply:client-C82EA620EB9B->85302df8-7a7f-4077-a053-c26dc3d3d65a@group-4701ABA8D7D0, cid=128, SUCCESS, logIndex=231, commits[85302df8-7a7f-4077-a053-c26dc3d3d65a:c232]
2019-06-13 22:53:36,212 INFO  client.GrpcClientProtocolClient (GrpcClientProtocolClient.java:onNext(254)) - client-C82EA620EB9B->85302df8-7a7f-4077-a053-c26dc3d3d65a: receive RaftClientReply:client-C82EA620EB9B->85302df8-7a7f-4077-a053-c26dc3d3d65a@group-4701ABA8D7D0, cid=129, SUCCESS, logIndex=233, commits[85302df8-7a7f-4077-a053-c26dc3d3d65a:c233]
2019-06-13 22:53:36,213 INFO  storage.RaftLogWorker (RaftLogWorker.java:rollLogSegment(303)) - 85302df8-7a7f-4077-a053-c26dc3d3d65a-RaftLogWorker: Rolling segment log-157_235 to index:235
2019-06-13 22:53:36,214 INFO  storage.RaftLogWorker (RaftLogWorker.java:execute(433)) - 85302df8-7a7f-4077-a053-c26dc3d3d65a-RaftLogWorker: Rolled log segment from /opt/src/hadoop-ozone/integration-test/target/test-dir/MiniOzoneClusterImpl-550f9ca0-a6d9-4a4a-902f-f07ac81eac7b/datanode-0/data/ratis/5ad10fc2-5a33-4bdd-8958-4701aba8d7d0/current/log_inprogress_157 to /opt/src/hadoop-ozone/integration-test/target/test-dir/MiniOzoneClusterImpl-550f9ca0-a6d9-4a4a-902f-f07ac81eac7b/datanode-0/data/ratis/5ad10fc2-5a33-4bdd-8958-4701aba8d7d0/current/log_157-235
2019-06-13 22:53:36,221 INFO  client.GrpcClientProtocolClient (GrpcClientProtocolClient.java:onNext(254)) - client-C82EA620EB9B->85302df8-7a7f-4077-a053-c26dc3d3d65a: receive RaftClientReply:client-C82EA620EB9B->85302df8-7a7f-4077-a053-c26dc3d3d65a@group-4701ABA8D7D0, cid=130, SUCCESS, logIndex=235, commits[85302df8-7a7f-4077-a053-c26dc3d3d65a:c235]
2019-06-13 22:53:36,254 INFO  storage.RaftLogWorker (RaftLogWorker.java:execute(469)) - 85302df8-7a7f-4077-a053-c26dc3d3d65a-RaftLogWorker: created new log segment /opt/src/hadoop-ozone/integration-test/target/test-dir/MiniOzoneClusterImpl-550f9ca0-a6d9-4a4a-902f-f07ac81eac7b/datanode-0/data/ratis/5ad10fc2-5a33-4bdd-8958-4701aba8d7d0/current/log_inprogress_236
2019-06-13 22:53:36,258 DEBUG block.SCMBlockDeletingService (SCMBlockDeletingService.java:call(138)) - Running DeletedBlockTransactionScanner
2019-06-13 22:53:36,258 DEBUG block.SCMBlockDeletingService (SCMBlockDeletingService.java:call(155)) - Scanned deleted blocks log and got 0 delTX to process.
2019-06-13 22:53:36,258 INFO  client.GrpcClientProtocolClient (GrpcClientProtocolClient.java:onNext(254)) - client-C82EA620EB9B->85302df8-7a7f-4077-a053-c26dc3d3d65a: receive RaftClientReply:client-C82EA620EB9B->85302df8-7a7f-4077-a053-c26dc3d3d65a@group-4701ABA8D7D0, cid=131, SUCCESS, logIndex=236, commits[85302df8-7a7f-4077-a053-c26dc3d3d65a:c238]
2019-06-13 22:53:36,259 INFO  client.GrpcClientProtocolClient (GrpcClientProtocolClient.java:onNext(254)) - client-C82EA620EB9B->85302df8-7a7f-4077-a053-c26dc3d3d65a: receive RaftClientReply:client-C82EA620EB9B->85302df8-7a7f-4077-a053-c26dc3d3d65a@group-4701ABA8D7D0, cid=132, SUCCESS, logIndex=238, commits[85302df8-7a7f-4077-a053-c26dc3d3d65a:c239]
2019-06-13 22:53:36,335 INFO  client.GrpcClientProtocolClient (GrpcClientProtocolClient.java:onNext(254)) - client-C82EA620EB9B->85302df8-7a7f-4077-a053-c26dc3d3d65a: receive RaftClientReply:client-C82EA620EB9B->85302df8-7a7f-4077-a053-c26dc3d3d65a@group-4701ABA8D7D0, cid=133, SUCCESS, logIndex=240, commits[85302df8-7a7f-4077-a053-c26dc3d3d65a:c240]
2019-06-13 22:53:36,338 INFO  client.GrpcClientProtocolClient (GrpcClientProtocolClient.java:onNext(254)) - client-C82EA620EB9B->85302df8-7a7f-4077-a053-c26dc3d3d65a: receive RaftClientReply:client-C82EA620EB9B->85302df8-7a7f-4077-a053-c26dc3d3d65a@group-4701ABA8D7D0, cid=134, SUCCESS, logIndex=242, commits[85302df8-7a7f-4077-a053-c26dc3d3d65a:c242]
2019-06-13 22:53:36,339 INFO  client.GrpcClientProtocolClient (GrpcClientProtocolClient.java:onNext(254)) - client-C82EA620EB9B->85302df8-7a7f-4077-a053-c26dc3d3d65a: receive RaftClientReply:client-C82EA620EB9B->85302df8-7a7f-4077-a053-c26dc3d3d65a@group-4701ABA8D7D0, cid=135, SUCCESS, logIndex=243, commits[85302df8-7a7f-4077-a053-c26dc3d3d65a:c245]
2019-06-13 22:53:36,340 INFO  client.GrpcClientProtocolClient (GrpcClientProtocolClient.java:onNext(254)) - client-C82EA620EB9B->85302df8-7a7f-4077-a053-c26dc3d3d65a: receive RaftClientReply:client-C82EA620EB9B->85302df8-7a7f-4077-a053-c26dc3d3d65a@group-4701ABA8D7D0, cid=136, SUCCESS, logIndex=245, commits[85302df8-7a7f-4077-a053-c26dc3d3d65a:c246]
2019-06-13 22:53:36,355 INFO  client.GrpcClientProtocolClient (GrpcClientProtocolClient.java:onNext(254)) - client-C82EA620EB9B->85302df8-7a7f-4077-a053-c26dc3d3d65a: receive RaftClientReply:client-C82EA620EB9B->85302df8-7a7f-4077-a053-c26dc3d3d65a@group-4701ABA8D7D0, cid=137, SUCCESS, logIndex=247, commits[85302df8-7a7f-4077-a053-c26dc3d3d65a:c247]
2019-06-13 22:53:36,358 INFO  client.GrpcClientProtocolClient (GrpcClientProtocolClient.java:onNext(254)) - client-C82EA620EB9B->85302df8-7a7f-4077-a053-c26dc3d3d65a: receive RaftClientReply:client-C82EA620EB9B->85302df8-7a7f-4077-a053-c26dc3d3d65a@group-4701ABA8D7D0, cid=138, SUCCESS, logIndex=249, commits[85302df8-7a7f-4077-a053-c26dc3d3d65a:c249]
2019-06-13 22:53:36,359 DEBUG block.SCMBlockDeletingService (SCMBlockDeletingService.java:call(138)) - Running DeletedBlockTransactionScanner
2019-06-13 22:53:36,359 DEBUG block.SCMBlockDeletingService (SCMBlockDeletingService.java:call(155)) - Scanned deleted blocks log and got 0 delTX to process.
2019-06-13 22:53:36,360 INFO  client.GrpcClientProtocolClient (GrpcClientProtocolClient.java:onNext(254)) - client-C82EA620EB9B->85302df8-7a7f-4077-a053-c26dc3d3d65a: receive RaftClientReply:client-C82EA620EB9B->85302df8-7a7f-4077-a053-c26dc3d3d65a@group-4701ABA8D7D0, cid=139, SUCCESS, logIndex=250, commits[85302df8-7a7f-4077-a053-c26dc3d3d65a:c252]
2019-06-13 22:53:36,360 INFO  client.GrpcClientProtocolClient (GrpcClientProtocolClient.java:onNext(254)) - client-C82EA620EB9B->85302df8-7a7f-4077-a053-c26dc3d3d65a: receive RaftClientReply:client-C82EA620EB9B->85302df8-7a7f-4077-a053-c26dc3d3d65a@group-4701ABA8D7D0, cid=140, SUCCESS, logIndex=251, commits[85302df8-7a7f-4077-a053-c26dc3d3d65a:c252]
2019-06-13 22:53:36,425 INFO  client.GrpcClientProtocolClient (GrpcClientProtocolClient.java:onNext(254)) - client-C82EA620EB9B->85302df8-7a7f-4077-a053-c26dc3d3d65a: receive RaftClientReply:client-C82EA620EB9B->85302df8-7a7f-4077-a053-c26dc3d3d65a@group-4701ABA8D7D0, cid=141, SUCCESS, logIndex=253, commits[85302df8-7a7f-4077-a053-c26dc3d3d65a:c253]
2019-06-13 22:53:36,429 INFO  client.GrpcClientProtocolClient (GrpcClientProtocolClient.java:onNext(254)) - client-C82EA620EB9B->85302df8-7a7f-4077-a053-c26dc3d3d65a: receive RaftClientReply:client-C82EA620EB9B->85302df8-7a7f-4077-a053-c26dc3d3d65a@group-4701ABA8D7D0, cid=142, SUCCESS, logIndex=255, commits[85302df8-7a7f-4077-a053-c26dc3d3d65a:c255]
2019-06-13 22:53:36,431 INFO  client.GrpcClientProtocolClient (GrpcClientProtocolClient.java:onNext(254)) - client-C82EA620EB9B->85302df8-7a7f-4077-a053-c26dc3d3d65a: receive RaftClientReply:client-C82EA620EB9B->85302df8-7a7f-4077-a053-c26dc3d3d65a@group-4701ABA8D7D0, cid=143, SUCCESS, logIndex=256, commits[85302df8-7a7f-4077-a053-c26dc3d3d65a:c257]
2019-06-13 22:53:36,431 INFO  client.GrpcClientProtocolClient (GrpcClientProtocolClient.java:onNext(254)) - client-C82EA620EB9B->85302df8-7a7f-4077-a053-c26dc3d3d65a: receive RaftClientReply:client-C82EA620EB9B->85302df8-7a7f-4077-a053-c26dc3d3d65a@group-4701ABA8D7D0, cid=144, SUCCESS, logIndex=258, commits[85302df8-7a7f-4077-a053-c26dc3d3d65a:c258]
2019-06-13 22:53:36,446 INFO  client.GrpcClientProtocolClient (GrpcClientProtocolClient.java:onNext(254)) - client-C82EA620EB9B->85302df8-7a7f-4077-a053-c26dc3d3d65a: receive RaftClientReply:client-C82EA620EB9B->85302df8-7a7f-4077-a053-c26dc3d3d65a@group-4701ABA8D7D0, cid=145, SUCCESS, logIndex=260, commits[85302df8-7a7f-4077-a053-c26dc3d3d65a:c260]
2019-06-13 22:53:36,450 INFO  client.GrpcClientProtocolClient (GrpcClientProtocolClient.java:onNext(254)) - client-C82EA620EB9B->85302df8-7a7f-4077-a053-c26dc3d3d65a: receive RaftClientReply:client-C82EA620EB9B->85302df8-7a7f-4077-a053-c26dc3d3d65a@group-4701ABA8D7D0, cid=146, SUCCESS, logIndex=262, commits[85302df8-7a7f-4077-a053-c26dc3d3d65a:c262]
2019-06-13 22:53:36,454 INFO  client.GrpcClientProtocolClient (GrpcClientProtocolClient.java:onNext(254)) - client-C82EA620EB9B->85302df8-7a7f-4077-a053-c26dc3d3d65a: receive RaftClientReply:client-C82EA620EB9B->85302df8-7a7f-4077-a053-c26dc3d3d65a@group-4701ABA8D7D0, cid=147, SUCCESS, logIndex=263, commits[85302df8-7a7f-4077-a053-c26dc3d3d65a:c265]
2019-06-13 22:53:36,455 INFO  client.GrpcClientProtocolClient (GrpcClientProtocolClient.java:onNext(254)) - client-C82EA620EB9B->85302df8-7a7f-4077-a053-c26dc3d3d65a: receive RaftClientReply:client-C82EA620EB9B->85302df8-7a7f-4077-a053-c26dc3d3d65a@group-4701ABA8D7D0, cid=148, SUCCESS, logIndex=264, commits[85302df8-7a7f-4077-a053-c26dc3d3d65a:c265]
2019-06-13 22:53:36,459 DEBUG block.SCMBlockDeletingService (SCMBlockDeletingService.java:call(138)) - Running DeletedBlockTransactionScanner
2019-06-13 22:53:36,460 DEBUG block.SCMBlockDeletingService (SCMBlockDeletingService.java:call(155)) - Scanned deleted blocks log and got 0 delTX to process.
2019-06-13 22:53:36,465 INFO  client.GrpcClientProtocolClient (GrpcClientProtocolClient.java:onNext(254)) - client-C82EA620EB9B->85302df8-7a7f-4077-a053-c26dc3d3d65a: receive RaftClientReply:client-C82EA620EB9B->85302df8-7a7f-4077-a053-c26dc3d3d65a@group-4701ABA8D7D0, cid=149, SUCCESS, logIndex=266, commits[85302df8-7a7f-4077-a053-c26dc3d3d65a:c266]
2019-06-13 22:53:36,468 INFO  client.GrpcClientProtocolClient (GrpcClientProtocolClient.java:onNext(254)) - client-C82EA620EB9B->85302df8-7a7f-4077-a053-c26dc3d3d65a: receive RaftClientReply:client-C82EA620EB9B->85302df8-7a7f-4077-a053-c26dc3d3d65a@group-4701ABA8D7D0, cid=150, SUCCESS, logIndex=268, commits[85302df8-7a7f-4077-a053-c26dc3d3d65a:c269]
2019-06-13 22:53:36,472 INFO  client.GrpcClientProtocolClient (GrpcClientProtocolClient.java:onNext(254)) - client-C82EA620EB9B->85302df8-7a7f-4077-a053-c26dc3d3d65a: receive RaftClientReply:client-C82EA620EB9B->85302df8-7a7f-4077-a053-c26dc3d3d65a@group-4701ABA8D7D0, cid=151, SUCCESS, logIndex=270, commits[85302df8-7a7f-4077-a053-c26dc3d3d65a:c271]
2019-06-13 22:53:36,473 INFO  client.GrpcClientProtocolClient (GrpcClientProtocolClient.java:onNext(254)) - client-C82EA620EB9B->85302df8-7a7f-4077-a053-c26dc3d3d65a: receive RaftClientReply:client-C82EA620EB9B->85302df8-7a7f-4077-a053-c26dc3d3d65a@group-4701ABA8D7D0, cid=152, SUCCESS, logIndex=271, commits[85302df8-7a7f-4077-a053-c26dc3d3d65a:c272]
2019-06-13 22:53:36,488 INFO  client.GrpcClientProtocolClient (GrpcClientProtocolClient.java:onNext(254)) - client-C82EA620EB9B->85302df8-7a7f-4077-a053-c26dc3d3d65a: receive RaftClientReply:client-C82EA620EB9B->85302df8-7a7f-4077-a053-c26dc3d3d65a@group-4701ABA8D7D0, cid=153, SUCCESS, logIndex=273, commits[85302df8-7a7f-4077-a053-c26dc3d3d65a:c273]
2019-06-13 22:53:36,491 INFO  client.GrpcClientProtocolClient (GrpcClientProtocolClient.java:onNext(254)) - client-C82EA620EB9B->85302df8-7a7f-4077-a053-c26dc3d3d65a: receive RaftClientReply:client-C82EA620EB9B->85302df8-7a7f-4077-a053-c26dc3d3d65a@group-4701ABA8D7D0, cid=154, SUCCESS, logIndex=275, commits[85302df8-7a7f-4077-a053-c26dc3d3d65a:c275]
2019-06-13 22:53:36,495 INFO  client.GrpcClientProtocolClient (GrpcClientProtocolClient.java:onNext(254)) - client-C82EA620EB9B->85302df8-7a7f-4077-a053-c26dc3d3d65a: receive RaftClientReply:client-C82EA620EB9B->85302df8-7a7f-4077-a053-c26dc3d3d65a@group-4701ABA8D7D0, cid=155, SUCCESS, logIndex=277, commits[85302df8-7a7f-4077-a053-c26dc3d3d65a:c277]
2019-06-13 22:53:36,496 INFO  client.GrpcClientProtocolClient (GrpcClientProtocolClient.java:onNext(254)) - client-C82EA620EB9B->85302df8-7a7f-4077-a053-c26dc3d3d65a: receive RaftClientReply:client-C82EA620EB9B->85302df8-7a7f-4077-a053-c26dc3d3d65a@group-4701ABA8D7D0, cid=156, SUCCESS, logIndex=278, commits[85302df8-7a7f-4077-a053-c26dc3d3d65a:c279]
2019-06-13 22:53:36,507 INFO  client.GrpcClientProtocolClient (GrpcClientProtocolClient.java:onNext(254)) - client-C82EA620EB9B->85302df8-7a7f-4077-a053-c26dc3d3d65a: receive RaftClientReply:client-C82EA620EB9B->85302df8-7a7f-4077-a053-c26dc3d3d65a@group-4701ABA8D7D0, cid=157, SUCCESS, logIndex=280, commits[85302df8-7a7f-4077-a053-c26dc3d3d65a:c280]
2019-06-13 22:53:36,512 INFO  client.GrpcClientProtocolClient (GrpcClientProtocolClient.java:onNext(254)) - client-C82EA620EB9B->85302df8-7a7f-4077-a053-c26dc3d3d65a: receive RaftClientReply:client-C82EA620EB9B->85302df8-7a7f-4077-a053-c26dc3d3d65a@group-4701ABA8D7D0, cid=158, SUCCESS, logIndex=282, commits[85302df8-7a7f-4077-a053-c26dc3d3d65a:c282]
2019-06-13 22:53:36,521 INFO  client.GrpcClientProtocolClient (GrpcClientProtocolClient.java:onNext(254)) - client-C82EA620EB9B->85302df8-7a7f-4077-a053-c26dc3d3d65a: receive RaftClientReply:client-C82EA620EB9B->85302df8-7a7f-4077-a053-c26dc3d3d65a@group-4701ABA8D7D0, cid=159, SUCCESS, logIndex=283, commits[85302df8-7a7f-4077-a053-c26dc3d3d65a:c283]
2019-06-13 22:53:36,521 INFO  client.GrpcClientProtocolClient (GrpcClientProtocolClient.java:onNext(254)) - client-C82EA620EB9B->85302df8-7a7f-4077-a053-c26dc3d3d65a: receive RaftClientReply:client-C82EA620EB9B->85302df8-7a7f-4077-a053-c26dc3d3d65a@group-4701ABA8D7D0, cid=160, SUCCESS, logIndex=285, commits[85302df8-7a7f-4077-a053-c26dc3d3d65a:c286]
2019-06-13 22:53:36,536 INFO  client.GrpcClientProtocolClient (GrpcClientProtocolClient.java:onNext(254)) - client-C82EA620EB9B->85302df8-7a7f-4077-a053-c26dc3d3d65a: receive RaftClientReply:client-C82EA620EB9B->85302df8-7a7f-4077-a053-c26dc3d3d65a@group-4701ABA8D7D0, cid=161, SUCCESS, logIndex=287, commits[85302df8-7a7f-4077-a053-c26dc3d3d65a:c287]
2019-06-13 22:53:36,539 INFO  client.GrpcClientProtocolClient (GrpcClientProtocolClient.java:onNext(254)) - client-C82EA620EB9B->85302df8-7a7f-4077-a053-c26dc3d3d65a: receive RaftClientReply:client-C82EA620EB9B->85302df8-7a7f-4077-a053-c26dc3d3d65a@group-4701ABA8D7D0, cid=162, SUCCESS, logIndex=289, commits[85302df8-7a7f-4077-a053-c26dc3d3d65a:c289]
2019-06-13 22:53:36,540 INFO  client.GrpcClientProtocolClient (GrpcClientProtocolClient.java:onNext(254)) - client-C82EA620EB9B->85302df8-7a7f-4077-a053-c26dc3d3d65a: receive RaftClientReply:client-C82EA620EB9B->85302df8-7a7f-4077-a053-c26dc3d3d65a@group-4701ABA8D7D0, cid=163, SUCCESS, logIndex=291, commits[85302df8-7a7f-4077-a053-c26dc3d3d65a:c292]
2019-06-13 22:53:36,541 INFO  client.GrpcClientProtocolClient (GrpcClientProtocolClient.java:onNext(254)) - client-C82EA620EB9B->85302df8-7a7f-4077-a053-c26dc3d3d65a: receive RaftClientReply:client-C82EA620EB9B->85302df8-7a7f-4077-a053-c26dc3d3d65a@group-4701ABA8D7D0, cid=164, SUCCESS, logIndex=292, commits[85302df8-7a7f-4077-a053-c26dc3d3d65a:c293]
2019-06-13 22:53:36,553 INFO  client.GrpcClientProtocolClient (GrpcClientProtocolClient.java:onNext(254)) - client-C82EA620EB9B->85302df8-7a7f-4077-a053-c26dc3d3d65a: receive RaftClientReply:client-C82EA620EB9B->85302df8-7a7f-4077-a053-c26dc3d3d65a@group-4701ABA8D7D0, cid=165, SUCCESS, logIndex=294, commits[85302df8-7a7f-4077-a053-c26dc3d3d65a:c294]
2019-06-13 22:53:36,557 INFO  client.GrpcClientProtocolClient (GrpcClientProtocolClient.java:onNext(254)) - client-C82EA620EB9B->85302df8-7a7f-4077-a053-c26dc3d3d65a: receive RaftClientReply:client-C82EA620EB9B->85302df8-7a7f-4077-a053-c26dc3d3d65a@group-4701ABA8D7D0, cid=166, SUCCESS, logIndex=296, commits[85302df8-7a7f-4077-a053-c26dc3d3d65a:c296]
2019-06-13 22:53:36,560 DEBUG block.SCMBlockDeletingService (SCMBlockDeletingService.java:call(138)) - Running DeletedBlockTransactionScanner
2019-06-13 22:53:36,560 DEBUG block.SCMBlockDeletingService (SCMBlockDeletingService.java:call(155)) - Scanned deleted blocks log and got 0 delTX to process.
2019-06-13 22:53:36,567 INFO  client.GrpcClientProtocolClient (GrpcClientProtocolClient.java:onNext(254)) - client-C82EA620EB9B->85302df8-7a7f-4077-a053-c26dc3d3d65a: receive RaftClientReply:client-C82EA620EB9B->85302df8-7a7f-4077-a053-c26dc3d3d65a@group-4701ABA8D7D0, cid=167, SUCCESS, logIndex=297, commits[85302df8-7a7f-4077-a053-c26dc3d3d65a:c297]
2019-06-13 22:53:36,567 INFO  client.GrpcClientProtocolClient (GrpcClientProtocolClient.java:onNext(254)) - client-C82EA620EB9B->85302df8-7a7f-4077-a053-c26dc3d3d65a: receive RaftClientReply:client-C82EA620EB9B->85302df8-7a7f-4077-a053-c26dc3d3d65a@group-4701ABA8D7D0, cid=168, SUCCESS, logIndex=299, commits[85302df8-7a7f-4077-a053-c26dc3d3d65a:c300]
2019-06-13 22:53:36,583 INFO  client.GrpcClientProtocolClient (GrpcClientProtocolClient.java:onNext(254)) - client-C82EA620EB9B->85302df8-7a7f-4077-a053-c26dc3d3d65a: receive RaftClientReply:client-C82EA620EB9B->85302df8-7a7f-4077-a053-c26dc3d3d65a@group-4701ABA8D7D0, cid=169, SUCCESS, logIndex=301, commits[85302df8-7a7f-4077-a053-c26dc3d3d65a:c301]
2019-06-13 22:53:36,586 INFO  client.GrpcClientProtocolClient (GrpcClientProtocolClient.java:onNext(254)) - client-C82EA620EB9B->85302df8-7a7f-4077-a053-c26dc3d3d65a: receive RaftClientReply:client-C82EA620EB9B->85302df8-7a7f-4077-a053-c26dc3d3d65a@group-4701ABA8D7D0, cid=170, SUCCESS, logIndex=303, commits[85302df8-7a7f-4077-a053-c26dc3d3d65a:c303]
2019-06-13 22:53:36,591 INFO  client.GrpcClientProtocolClient (GrpcClientProtocolClient.java:onNext(254)) - client-C82EA620EB9B->85302df8-7a7f-4077-a053-c26dc3d3d65a: receive RaftClientReply:client-C82EA620EB9B->85302df8-7a7f-4077-a053-c26dc3d3d65a@group-4701ABA8D7D0, cid=171, SUCCESS, logIndex=305, commits[85302df8-7a7f-4077-a053-c26dc3d3d65a:c305]
2019-06-13 22:53:36,592 INFO  client.GrpcClientProtocolClient (GrpcClientProtocolClient.java:onNext(254)) - client-C82EA620EB9B->85302df8-7a7f-4077-a053-c26dc3d3d65a: receive RaftClientReply:client-C82EA620EB9B->85302df8-7a7f-4077-a053-c26dc3d3d65a@group-4701ABA8D7D0, cid=172, SUCCESS, logIndex=306, commits[85302df8-7a7f-4077-a053-c26dc3d3d65a:c306]
2019-06-13 22:53:36,606 INFO  client.GrpcClientProtocolClient (GrpcClientProtocolClient.java:onNext(254)) - client-C82EA620EB9B->85302df8-7a7f-4077-a053-c26dc3d3d65a: receive RaftClientReply:client-C82EA620EB9B->85302df8-7a7f-4077-a053-c26dc3d3d65a@group-4701ABA8D7D0, cid=173, SUCCESS, logIndex=309, commits[85302df8-7a7f-4077-a053-c26dc3d3d65a:c309]
2019-06-13 22:53:36,606 INFO  storage.RaftLogWorker (RaftLogWorker.java:rollLogSegment(303)) - 85302df8-7a7f-4077-a053-c26dc3d3d65a-RaftLogWorker: Rolling segment log-236_310 to index:310
2019-06-13 22:53:36,607 INFO  storage.RaftLogWorker (RaftLogWorker.java:execute(433)) - 85302df8-7a7f-4077-a053-c26dc3d3d65a-RaftLogWorker: Rolled log segment from /opt/src/hadoop-ozone/integration-test/target/test-dir/MiniOzoneClusterImpl-550f9ca0-a6d9-4a4a-902f-f07ac81eac7b/datanode-0/data/ratis/5ad10fc2-5a33-4bdd-8958-4701aba8d7d0/current/log_inprogress_236 to /opt/src/hadoop-ozone/integration-test/target/test-dir/MiniOzoneClusterImpl-550f9ca0-a6d9-4a4a-902f-f07ac81eac7b/datanode-0/data/ratis/5ad10fc2-5a33-4bdd-8958-4701aba8d7d0/current/log_236-310
2019-06-13 22:53:36,643 INFO  storage.RaftLogWorker (RaftLogWorker.java:execute(469)) - 85302df8-7a7f-4077-a053-c26dc3d3d65a-RaftLogWorker: created new log segment /opt/src/hadoop-ozone/integration-test/target/test-dir/MiniOzoneClusterImpl-550f9ca0-a6d9-4a4a-902f-f07ac81eac7b/datanode-0/data/ratis/5ad10fc2-5a33-4bdd-8958-4701aba8d7d0/current/log_inprogress_311
2019-06-13 22:53:36,647 INFO  client.GrpcClientProtocolClient (GrpcClientProtocolClient.java:onNext(254)) - client-C82EA620EB9B->85302df8-7a7f-4077-a053-c26dc3d3d65a: receive RaftClientReply:client-C82EA620EB9B->85302df8-7a7f-4077-a053-c26dc3d3d65a@group-4701ABA8D7D0, cid=174, SUCCESS, logIndex=311, commits[85302df8-7a7f-4077-a053-c26dc3d3d65a:c314]
2019-06-13 22:53:36,648 INFO  client.GrpcClientProtocolClient (GrpcClientProtocolClient.java:onNext(254)) - client-C82EA620EB9B->85302df8-7a7f-4077-a053-c26dc3d3d65a: receive RaftClientReply:client-C82EA620EB9B->85302df8-7a7f-4077-a053-c26dc3d3d65a@group-4701ABA8D7D0, cid=175, SUCCESS, logIndex=312, commits[85302df8-7a7f-4077-a053-c26dc3d3d65a:c314]
2019-06-13 22:53:36,649 INFO  client.GrpcClientProtocolClient (GrpcClientProtocolClient.java:onNext(254)) - client-C82EA620EB9B->85302df8-7a7f-4077-a053-c26dc3d3d65a: receive RaftClientReply:client-C82EA620EB9B->85302df8-7a7f-4077-a053-c26dc3d3d65a@group-4701ABA8D7D0, cid=176, SUCCESS, logIndex=313, commits[85302df8-7a7f-4077-a053-c26dc3d3d65a:c314]
2019-06-13 22:53:36,660 DEBUG block.SCMBlockDeletingService (SCMBlockDeletingService.java:call(138)) - Running DeletedBlockTransactionScanner
2019-06-13 22:53:36,660 DEBUG block.SCMBlockDeletingService (SCMBlockDeletingService.java:call(155)) - Scanned deleted blocks log and got 0 delTX to process.
2019-06-13 22:53:36,745 INFO  client.GrpcClientProtocolClient (GrpcClientProtocolClient.java:onNext(254)) - client-C82EA620EB9B->85302df8-7a7f-4077-a053-c26dc3d3d65a: receive RaftClientReply:client-C82EA620EB9B->85302df8-7a7f-4077-a053-c26dc3d3d65a@group-4701ABA8D7D0, cid=177, SUCCESS, logIndex=315, commits[85302df8-7a7f-4077-a053-c26dc3d3d65a:c315]
2019-06-13 22:53:36,748 INFO  client.GrpcClientProtocolClient (GrpcClientProtocolClient.java:onNext(254)) - client-C82EA620EB9B->85302df8-7a7f-4077-a053-c26dc3d3d65a: receive RaftClientReply:client-C82EA620EB9B->85302df8-7a7f-4077-a053-c26dc3d3d65a@group-4701ABA8D7D0, cid=178, SUCCESS, logIndex=317, commits[85302df8-7a7f-4077-a053-c26dc3d3d65a:c317]
2019-06-13 22:53:36,750 INFO  client.GrpcClientProtocolClient (GrpcClientProtocolClient.java:onNext(254)) - client-C82EA620EB9B->85302df8-7a7f-4077-a053-c26dc3d3d65a: receive RaftClientReply:client-C82EA620EB9B->85302df8-7a7f-4077-a053-c26dc3d3d65a@group-4701ABA8D7D0, cid=179, SUCCESS, logIndex=318, commits[85302df8-7a7f-4077-a053-c26dc3d3d65a:c320]
2019-06-13 22:53:36,750 INFO  client.GrpcClientProtocolClient (GrpcClientProtocolClient.java:onNext(254)) - client-C82EA620EB9B->85302df8-7a7f-4077-a053-c26dc3d3d65a: receive RaftClientReply:client-C82EA620EB9B->85302df8-7a7f-4077-a053-c26dc3d3d65a@group-4701ABA8D7D0, cid=180, SUCCESS, logIndex=320, commits[85302df8-7a7f-4077-a053-c26dc3d3d65a:c321]
2019-06-13 22:53:36,970 DEBUG block.SCMBlockDeletingService (SCMBlockDeletingService.java:call(138)) - Running DeletedBlockTransactionScanner
2019-06-13 22:53:36,970 DEBUG block.SCMBlockDeletingService (SCMBlockDeletingService.java:call(155)) - Scanned deleted blocks log and got 0 delTX to process.
2019-06-13 22:53:36,981 INFO  client.GrpcClientProtocolClient (GrpcClientProtocolClient.java:onNext(254)) - client-C82EA620EB9B->85302df8-7a7f-4077-a053-c26dc3d3d65a: receive RaftClientReply:client-C82EA620EB9B->85302df8-7a7f-4077-a053-c26dc3d3d65a@group-4701ABA8D7D0, cid=181, SUCCESS, logIndex=322, commits[85302df8-7a7f-4077-a053-c26dc3d3d65a:c322]
2019-06-13 22:53:36,984 INFO  client.GrpcClientProtocolClient (GrpcClientProtocolClient.java:onNext(254)) - client-C82EA620EB9B->85302df8-7a7f-4077-a053-c26dc3d3d65a: receive RaftClientReply:client-C82EA620EB9B->85302df8-7a7f-4077-a053-c26dc3d3d65a@group-4701ABA8D7D0, cid=182, SUCCESS, logIndex=324, commits[85302df8-7a7f-4077-a053-c26dc3d3d65a:c324]
2019-06-13 22:53:36,985 INFO  client.GrpcClientProtocolClient (GrpcClientProtocolClient.java:onNext(254)) - client-C82EA620EB9B->85302df8-7a7f-4077-a053-c26dc3d3d65a: receive RaftClientReply:client-C82EA620EB9B->85302df8-7a7f-4077-a053-c26dc3d3d65a@group-4701ABA8D7D0, cid=183, SUCCESS, logIndex=325, commits[85302df8-7a7f-4077-a053-c26dc3d3d65a:c326]
2019-06-13 22:53:36,986 INFO  client.GrpcClientProtocolClient (GrpcClientProtocolClient.java:onNext(254)) - client-C82EA620EB9B->85302df8-7a7f-4077-a053-c26dc3d3d65a: receive RaftClientReply:client-C82EA620EB9B->85302df8-7a7f-4077-a053-c26dc3d3d65a@group-4701ABA8D7D0, cid=184, SUCCESS, logIndex=327, commits[85302df8-7a7f-4077-a053-c26dc3d3d65a:c327]
2019-06-13 22:53:37,000 INFO  client.GrpcClientProtocolClient (GrpcClientProtocolClient.java:onNext(254)) - client-C82EA620EB9B->85302df8-7a7f-4077-a053-c26dc3d3d65a: receive RaftClientReply:client-C82EA620EB9B->85302df8-7a7f-4077-a053-c26dc3d3d65a@group-4701ABA8D7D0, cid=185, SUCCESS, logIndex=329, commits[85302df8-7a7f-4077-a053-c26dc3d3d65a:c329]
2019-06-13 22:53:37,006 INFO  client.GrpcClientProtocolClient (GrpcClientProtocolClient.java:onNext(254)) - client-C82EA620EB9B->85302df8-7a7f-4077-a053-c26dc3d3d65a: receive RaftClientReply:client-C82EA620EB9B->85302df8-7a7f-4077-a053-c26dc3d3d65a@group-4701ABA8D7D0, cid=186, SUCCESS, logIndex=331, commits[85302df8-7a7f-4077-a053-c26dc3d3d65a:c331]
2019-06-13 22:53:37,007 INFO  client.GrpcClientProtocolClient (GrpcClientProtocolClient.java:onNext(254)) - client-C82EA620EB9B->85302df8-7a7f-4077-a053-c26dc3d3d65a: receive RaftClientReply:client-C82EA620EB9B->85302df8-7a7f-4077-a053-c26dc3d3d65a@group-4701ABA8D7D0, cid=187, SUCCESS, logIndex=332, commits[85302df8-7a7f-4077-a053-c26dc3d3d65a:c334]
2019-06-13 22:53:37,007 INFO  client.GrpcClientProtocolClient (GrpcClientProtocolClient.java:onNext(254)) - client-C82EA620EB9B->85302df8-7a7f-4077-a053-c26dc3d3d65a: receive RaftClientReply:client-C82EA620EB9B->85302df8-7a7f-4077-a053-c26dc3d3d65a@group-4701ABA8D7D0, cid=188, SUCCESS, logIndex=334, commits[85302df8-7a7f-4077-a053-c26dc3d3d65a:c335]
2019-06-13 22:53:37,016 INFO  client.GrpcClientProtocolClient (GrpcClientProtocolClient.java:onNext(254)) - client-C82EA620EB9B->85302df8-7a7f-4077-a053-c26dc3d3d65a: receive RaftClientReply:client-C82EA620EB9B->85302df8-7a7f-4077-a053-c26dc3d3d65a@group-4701ABA8D7D0, cid=189, SUCCESS, logIndex=336, commits[85302df8-7a7f-4077-a053-c26dc3d3d65a:c336]
2019-06-13 22:53:37,019 INFO  client.GrpcClientProtocolClient (GrpcClientProtocolClient.java:onNext(254)) - client-C82EA620EB9B->85302df8-7a7f-4077-a053-c26dc3d3d65a: receive RaftClientReply:client-C82EA620EB9B->85302df8-7a7f-4077-a053-c26dc3d3d65a@group-4701ABA8D7D0, cid=190, SUCCESS, logIndex=338, commits[85302df8-7a7f-4077-a053-c26dc3d3d65a:c338]
2019-06-13 22:53:37,027 INFO  client.GrpcClientProtocolClient (GrpcClientProtocolClient.java:onNext(254)) - client-C82EA620EB9B->85302df8-7a7f-4077-a053-c26dc3d3d65a: receive RaftClientReply:client-C82EA620EB9B->85302df8-7a7f-4077-a053-c26dc3d3d65a@group-4701ABA8D7D0, cid=191, SUCCESS, logIndex=340, commits[85302df8-7a7f-4077-a053-c26dc3d3d65a:c342]
2019-06-13 22:53:37,028 INFO  client.GrpcClientProtocolClient (GrpcClientProtocolClient.java:onNext(254)) - client-C82EA620EB9B->85302df8-7a7f-4077-a053-c26dc3d3d65a: receive RaftClientReply:client-C82EA620EB9B->85302df8-7a7f-4077-a053-c26dc3d3d65a@group-4701ABA8D7D0, cid=192, SUCCESS, logIndex=341, commits[85302df8-7a7f-4077-a053-c26dc3d3d65a:c342]
2019-06-13 22:53:37,042 INFO  client.GrpcClientProtocolClient (GrpcClientProtocolClient.java:onNext(254)) - client-C82EA620EB9B->85302df8-7a7f-4077-a053-c26dc3d3d65a: receive RaftClientReply:client-C82EA620EB9B->85302df8-7a7f-4077-a053-c26dc3d3d65a@group-4701ABA8D7D0, cid=193, SUCCESS, logIndex=343, commits[85302df8-7a7f-4077-a053-c26dc3d3d65a:c343]
2019-06-13 22:53:37,044 INFO  client.GrpcClientProtocolClient (GrpcClientProtocolClient.java:onNext(254)) - client-C82EA620EB9B->85302df8-7a7f-4077-a053-c26dc3d3d65a: receive RaftClientReply:client-C82EA620EB9B->85302df8-7a7f-4077-a053-c26dc3d3d65a@group-4701ABA8D7D0, cid=194, SUCCESS, logIndex=345, commits[85302df8-7a7f-4077-a053-c26dc3d3d65a:c345]
2019-06-13 22:53:37,048 INFO  client.GrpcClientProtocolClient (GrpcClientProtocolClient.java:onNext(254)) - client-C82EA620EB9B->85302df8-7a7f-4077-a053-c26dc3d3d65a: receive RaftClientReply:client-C82EA620EB9B->85302df8-7a7f-4077-a053-c26dc3d3d65a@group-4701ABA8D7D0, cid=195, SUCCESS, logIndex=347, commits[85302df8-7a7f-4077-a053-c26dc3d3d65a:c347]
2019-06-13 22:53:37,049 INFO  client.GrpcClientProtocolClient (GrpcClientProtocolClient.java:onNext(254)) - client-C82EA620EB9B->85302df8-7a7f-4077-a053-c26dc3d3d65a: receive RaftClientReply:client-C82EA620EB9B->85302df8-7a7f-4077-a053-c26dc3d3d65a@group-4701ABA8D7D0, cid=196, SUCCESS, logIndex=348, commits[85302df8-7a7f-4077-a053-c26dc3d3d65a:c348]
2019-06-13 22:53:37,058 INFO  client.GrpcClientProtocolClient (GrpcClientProtocolClient.java:onNext(254)) - client-C82EA620EB9B->85302df8-7a7f-4077-a053-c26dc3d3d65a: receive RaftClientReply:client-C82EA620EB9B->85302df8-7a7f-4077-a053-c26dc3d3d65a@group-4701ABA8D7D0, cid=197, SUCCESS, logIndex=351, commits[85302df8-7a7f-4077-a053-c26dc3d3d65a:c351]
2019-06-13 22:53:37,060 INFO  client.GrpcClientProtocolClient (GrpcClientProtocolClient.java:onNext(254)) - client-C82EA620EB9B->85302df8-7a7f-4077-a053-c26dc3d3d65a: receive RaftClientReply:client-C82EA620EB9B->85302df8-7a7f-4077-a053-c26dc3d3d65a@group-4701ABA8D7D0, cid=198, SUCCESS, logIndex=353, commits[85302df8-7a7f-4077-a053-c26dc3d3d65a:c353]
2019-06-13 22:53:37,064 INFO  client.GrpcClientProtocolClient (GrpcClientProtocolClient.java:onNext(254)) - client-C82EA620EB9B->85302df8-7a7f-4077-a053-c26dc3d3d65a: receive RaftClientReply:client-C82EA620EB9B->85302df8-7a7f-4077-a053-c26dc3d3d65a@group-4701ABA8D7D0, cid=199, SUCCESS, logIndex=355, commits[85302df8-7a7f-4077-a053-c26dc3d3d65a:c356]
2019-06-13 22:53:37,064 INFO  client.GrpcClientProtocolClient (GrpcClientProtocolClient.java:onNext(254)) - client-C82EA620EB9B->85302df8-7a7f-4077-a053-c26dc3d3d65a: receive RaftClientReply:client-C82EA620EB9B->85302df8-7a7f-4077-a053-c26dc3d3d65a@group-4701ABA8D7D0, cid=200, SUCCESS, logIndex=356, commits[85302df8-7a7f-4077-a053-c26dc3d3d65a:c356]
2019-06-13 22:53:37,070 DEBUG block.SCMBlockDeletingService (SCMBlockDeletingService.java:call(138)) - Running DeletedBlockTransactionScanner
2019-06-13 22:53:37,071 DEBUG block.SCMBlockDeletingService (SCMBlockDeletingService.java:call(155)) - Scanned deleted blocks log and got 0 delTX to process.
2019-06-13 22:53:37,080 INFO  client.GrpcClientProtocolClient (GrpcClientProtocolClient.java:onNext(254)) - client-C82EA620EB9B->85302df8-7a7f-4077-a053-c26dc3d3d65a: receive RaftClientReply:client-C82EA620EB9B->85302df8-7a7f-4077-a053-c26dc3d3d65a@group-4701ABA8D7D0, cid=201, SUCCESS, logIndex=358, commits[85302df8-7a7f-4077-a053-c26dc3d3d65a:c358]
2019-06-13 22:53:37,082 INFO  client.GrpcClientProtocolClient (GrpcClientProtocolClient.java:onNext(254)) - client-C82EA620EB9B->85302df8-7a7f-4077-a053-c26dc3d3d65a: receive RaftClientReply:client-C82EA620EB9B->85302df8-7a7f-4077-a053-c26dc3d3d65a@group-4701ABA8D7D0, cid=202, SUCCESS, logIndex=360, commits[85302df8-7a7f-4077-a053-c26dc3d3d65a:c360]
2019-06-13 22:53:37,085 INFO  client.GrpcClientProtocolClient (GrpcClientProtocolClient.java:onNext(254)) - client-C82EA620EB9B->85302df8-7a7f-4077-a053-c26dc3d3d65a: receive RaftClientReply:client-C82EA620EB9B->85302df8-7a7f-4077-a053-c26dc3d3d65a@group-4701ABA8D7D0, cid=203, SUCCESS, logIndex=362, commits[85302df8-7a7f-4077-a053-c26dc3d3d65a:c362]
2019-06-13 22:53:37,086 INFO  client.GrpcClientProtocolClient (GrpcClientProtocolClient.java:onNext(254)) - client-C82EA620EB9B->85302df8-7a7f-4077-a053-c26dc3d3d65a: receive RaftClientReply:client-C82EA620EB9B->85302df8-7a7f-4077-a053-c26dc3d3d65a@group-4701ABA8D7D0, cid=204, SUCCESS, logIndex=363, commits[85302df8-7a7f-4077-a053-c26dc3d3d65a:c363]
2019-06-13 22:53:37,095 INFO  client.GrpcClientProtocolClient (GrpcClientProtocolClient.java:onNext(254)) - client-C82EA620EB9B->85302df8-7a7f-4077-a053-c26dc3d3d65a: receive RaftClientReply:client-C82EA620EB9B->85302df8-7a7f-4077-a053-c26dc3d3d65a@group-4701ABA8D7D0, cid=205, SUCCESS, logIndex=366, commits[85302df8-7a7f-4077-a053-c26dc3d3d65a:c366]
2019-06-13 22:53:37,099 INFO  client.GrpcClientProtocolClient (GrpcClientProtocolClient.java:onNext(254)) - client-C82EA620EB9B->85302df8-7a7f-4077-a053-c26dc3d3d65a: receive RaftClientReply:client-C82EA620EB9B->85302df8-7a7f-4077-a053-c26dc3d3d65a@group-4701ABA8D7D0, cid=206, SUCCESS, logIndex=368, commits[85302df8-7a7f-4077-a053-c26dc3d3d65a:c368]
2019-06-13 22:53:37,100 INFO  client.GrpcClientProtocolClient (GrpcClientProtocolClient.java:onNext(254)) - client-C82EA620EB9B->85302df8-7a7f-4077-a053-c26dc3d3d65a: receive RaftClientReply:client-C82EA620EB9B->85302df8-7a7f-4077-a053-c26dc3d3d65a@group-4701ABA8D7D0, cid=207, SUCCESS, logIndex=370, commits[85302df8-7a7f-4077-a053-c26dc3d3d65a:c370]
2019-06-13 22:53:37,100 INFO  client.GrpcClientProtocolClient (GrpcClientProtocolClient.java:onNext(254)) - client-C82EA620EB9B->85302df8-7a7f-4077-a053-c26dc3d3d65a: receive RaftClientReply:client-C82EA620EB9B->85302df8-7a7f-4077-a053-c26dc3d3d65a@group-4701ABA8D7D0, cid=208, SUCCESS, logIndex=371, commits[85302df8-7a7f-4077-a053-c26dc3d3d65a:c373]
2019-06-13 22:53:37,115 INFO  client.GrpcClientProtocolClient (GrpcClientProtocolClient.java:onNext(254)) - client-C82EA620EB9B->85302df8-7a7f-4077-a053-c26dc3d3d65a: receive RaftClientReply:client-C82EA620EB9B->85302df8-7a7f-4077-a053-c26dc3d3d65a@group-4701ABA8D7D0, cid=209, SUCCESS, logIndex=374, commits[85302df8-7a7f-4077-a053-c26dc3d3d65a:c374]
2019-06-13 22:53:37,120 INFO  client.GrpcClientProtocolClient (GrpcClientProtocolClient.java:onNext(254)) - client-C82EA620EB9B->85302df8-7a7f-4077-a053-c26dc3d3d65a: receive RaftClientReply:client-C82EA620EB9B->85302df8-7a7f-4077-a053-c26dc3d3d65a@group-4701ABA8D7D0, cid=210, SUCCESS, logIndex=376, commits[85302df8-7a7f-4077-a053-c26dc3d3d65a:c376]
2019-06-13 22:53:37,122 INFO  client.GrpcClientProtocolClient (GrpcClientProtocolClient.java:onNext(254)) - client-C82EA620EB9B->85302df8-7a7f-4077-a053-c26dc3d3d65a: receive RaftClientReply:client-C82EA620EB9B->85302df8-7a7f-4077-a053-c26dc3d3d65a@group-4701ABA8D7D0, cid=211, SUCCESS, logIndex=377, commits[85302df8-7a7f-4077-a053-c26dc3d3d65a:c380]
2019-06-13 22:53:37,123 INFO  client.GrpcClientProtocolClient (GrpcClientProtocolClient.java:onNext(254)) - client-C82EA620EB9B->85302df8-7a7f-4077-a053-c26dc3d3d65a: receive RaftClientReply:client-C82EA620EB9B->85302df8-7a7f-4077-a053-c26dc3d3d65a@group-4701ABA8D7D0, cid=212, SUCCESS, logIndex=379, commits[85302df8-7a7f-4077-a053-c26dc3d3d65a:c380]
2019-06-13 22:53:37,132 INFO  client.GrpcClientProtocolClient (GrpcClientProtocolClient.java:onNext(254)) - client-C82EA620EB9B->85302df8-7a7f-4077-a053-c26dc3d3d65a: receive RaftClientReply:client-C82EA620EB9B->85302df8-7a7f-4077-a053-c26dc3d3d65a@group-4701ABA8D7D0, cid=213, SUCCESS, logIndex=381, commits[85302df8-7a7f-4077-a053-c26dc3d3d65a:c381]
2019-06-13 22:53:37,134 INFO  storage.RaftLogWorker (RaftLogWorker.java:rollLogSegment(303)) - 85302df8-7a7f-4077-a053-c26dc3d3d65a-RaftLogWorker: Rolling segment log-311_384 to index:384
2019-06-13 22:53:37,135 INFO  storage.RaftLogWorker (RaftLogWorker.java:execute(433)) - 85302df8-7a7f-4077-a053-c26dc3d3d65a-RaftLogWorker: Rolled log segment from /opt/src/hadoop-ozone/integration-test/target/test-dir/MiniOzoneClusterImpl-550f9ca0-a6d9-4a4a-902f-f07ac81eac7b/datanode-0/data/ratis/5ad10fc2-5a33-4bdd-8958-4701aba8d7d0/current/log_inprogress_311 to /opt/src/hadoop-ozone/integration-test/target/test-dir/MiniOzoneClusterImpl-550f9ca0-a6d9-4a4a-902f-f07ac81eac7b/datanode-0/data/ratis/5ad10fc2-5a33-4bdd-8958-4701aba8d7d0/current/log_311-384
2019-06-13 22:53:37,141 INFO  client.GrpcClientProtocolClient (GrpcClientProtocolClient.java:onNext(254)) - client-C82EA620EB9B->85302df8-7a7f-4077-a053-c26dc3d3d65a: receive RaftClientReply:client-C82EA620EB9B->85302df8-7a7f-4077-a053-c26dc3d3d65a@group-4701ABA8D7D0, cid=214, SUCCESS, logIndex=383, commits[85302df8-7a7f-4077-a053-c26dc3d3d65a:c384]
2019-06-13 22:53:37,141 INFO  client.GrpcClientProtocolClient (GrpcClientProtocolClient.java:onNext(254)) - client-C82EA620EB9B->85302df8-7a7f-4077-a053-c26dc3d3d65a: receive RaftClientReply:client-C82EA620EB9B->85302df8-7a7f-4077-a053-c26dc3d3d65a@group-4701ABA8D7D0, cid=215, SUCCESS, logIndex=384, commits[85302df8-7a7f-4077-a053-c26dc3d3d65a:c384]
2019-06-13 22:53:37,171 DEBUG block.SCMBlockDeletingService (SCMBlockDeletingService.java:call(138)) - Running DeletedBlockTransactionScanner
2019-06-13 22:53:37,173 DEBUG block.SCMBlockDeletingService (SCMBlockDeletingService.java:call(155)) - Scanned deleted blocks log and got 0 delTX to process.
2019-06-13 22:53:37,175 INFO  storage.RaftLogWorker (RaftLogWorker.java:execute(469)) - 85302df8-7a7f-4077-a053-c26dc3d3d65a-RaftLogWorker: created new log segment /opt/src/hadoop-ozone/integration-test/target/test-dir/MiniOzoneClusterImpl-550f9ca0-a6d9-4a4a-902f-f07ac81eac7b/datanode-0/data/ratis/5ad10fc2-5a33-4bdd-8958-4701aba8d7d0/current/log_inprogress_385
2019-06-13 22:53:37,180 INFO  client.GrpcClientProtocolClient (GrpcClientProtocolClient.java:onNext(254)) - client-C82EA620EB9B->85302df8-7a7f-4077-a053-c26dc3d3d65a: receive RaftClientReply:client-C82EA620EB9B->85302df8-7a7f-4077-a053-c26dc3d3d65a@group-4701ABA8D7D0, cid=216, SUCCESS, logIndex=385, commits[85302df8-7a7f-4077-a053-c26dc3d3d65a:c386]
2019-06-13 22:53:37,195 INFO  client.GrpcClientProtocolClient (GrpcClientProtocolClient.java:onNext(254)) - client-C82EA620EB9B->85302df8-7a7f-4077-a053-c26dc3d3d65a: receive RaftClientReply:client-C82EA620EB9B->85302df8-7a7f-4077-a053-c26dc3d3d65a@group-4701ABA8D7D0, cid=217, SUCCESS, logIndex=387, commits[85302df8-7a7f-4077-a053-c26dc3d3d65a:c387]
2019-06-13 22:53:37,198 INFO  client.GrpcClientProtocolClient (GrpcClientProtocolClient.java:onNext(254)) - client-C82EA620EB9B->85302df8-7a7f-4077-a053-c26dc3d3d65a: receive RaftClientReply:client-C82EA620EB9B->85302df8-7a7f-4077-a053-c26dc3d3d65a@group-4701ABA8D7D0, cid=218, SUCCESS, logIndex=389, commits[85302df8-7a7f-4077-a053-c26dc3d3d65a:c389]
2019-06-13 22:53:37,202 INFO  client.GrpcClientProtocolClient (GrpcClientProtocolClient.java:onNext(254)) - client-C82EA620EB9B->85302df8-7a7f-4077-a053-c26dc3d3d65a: receive RaftClientReply:client-C82EA620EB9B->85302df8-7a7f-4077-a053-c26dc3d3d65a@group-4701ABA8D7D0, cid=219, SUCCESS, logIndex=391, commits[85302df8-7a7f-4077-a053-c26dc3d3d65a:c391]
2019-06-13 22:53:37,206 INFO  client.GrpcClientProtocolClient (GrpcClientProtocolClient.java:onNext(254)) - client-C82EA620EB9B->85302df8-7a7f-4077-a053-c26dc3d3d65a: receive RaftClientReply:client-C82EA620EB9B->85302df8-7a7f-4077-a053-c26dc3d3d65a@group-4701ABA8D7D0, cid=220, SUCCESS, logIndex=392, commits[85302df8-7a7f-4077-a053-c26dc3d3d65a:c393]
2019-06-13 22:53:37,273 DEBUG block.SCMBlockDeletingService (SCMBlockDeletingService.java:call(138)) - Running DeletedBlockTransactionScanner
2019-06-13 22:53:37,273 DEBUG block.SCMBlockDeletingService (SCMBlockDeletingService.java:call(155)) - Scanned deleted blocks log and got 0 delTX to process.
2019-06-13 22:53:37,283 INFO  client.GrpcClientProtocolClient (GrpcClientProtocolClient.java:onNext(254)) - client-C82EA620EB9B->85302df8-7a7f-4077-a053-c26dc3d3d65a: receive RaftClientReply:client-C82EA620EB9B->85302df8-7a7f-4077-a053-c26dc3d3d65a@group-4701ABA8D7D0, cid=221, SUCCESS, logIndex=395, commits[85302df8-7a7f-4077-a053-c26dc3d3d65a:c396]
2019-06-13 22:53:37,285 INFO  client.GrpcClientProtocolClient (GrpcClientProtocolClient.java:onNext(254)) - client-C82EA620EB9B->85302df8-7a7f-4077-a053-c26dc3d3d65a: receive RaftClientReply:client-C82EA620EB9B->85302df8-7a7f-4077-a053-c26dc3d3d65a@group-4701ABA8D7D0, cid=222, SUCCESS, logIndex=397, commits[85302df8-7a7f-4077-a053-c26dc3d3d65a:c397]
2019-06-13 22:53:37,287 INFO  client.GrpcClientProtocolClient (GrpcClientProtocolClient.java:onNext(254)) - client-C82EA620EB9B->85302df8-7a7f-4077-a053-c26dc3d3d65a: receive RaftClientReply:client-C82EA620EB9B->85302df8-7a7f-4077-a053-c26dc3d3d65a@group-4701ABA8D7D0, cid=223, SUCCESS, logIndex=398, commits[85302df8-7a7f-4077-a053-c26dc3d3d65a:c399]
2019-06-13 22:53:37,289 INFO  client.GrpcClientProtocolClient (GrpcClientProtocolClient.java:onNext(254)) - client-C82EA620EB9B->85302df8-7a7f-4077-a053-c26dc3d3d65a: receive RaftClientReply:client-C82EA620EB9B->85302df8-7a7f-4077-a053-c26dc3d3d65a@group-4701ABA8D7D0, cid=224, SUCCESS, logIndex=400, commits[85302df8-7a7f-4077-a053-c26dc3d3d65a:c400]
2019-06-13 22:53:37,303 INFO  client.GrpcClientProtocolClient (GrpcClientProtocolClient.java:onNext(254)) - client-C82EA620EB9B->85302df8-7a7f-4077-a053-c26dc3d3d65a: receive RaftClientReply:client-C82EA620EB9B->85302df8-7a7f-4077-a053-c26dc3d3d65a@group-4701ABA8D7D0, cid=225, SUCCESS, logIndex=402, commits[85302df8-7a7f-4077-a053-c26dc3d3d65a:c402]
2019-06-13 22:53:37,308 INFO  client.GrpcClientProtocolClient (GrpcClientProtocolClient.java:onNext(254)) - client-C82EA620EB9B->85302df8-7a7f-4077-a053-c26dc3d3d65a: receive RaftClientReply:client-C82EA620EB9B->85302df8-7a7f-4077-a053-c26dc3d3d65a@group-4701ABA8D7D0, cid=226, SUCCESS, logIndex=404, commits[85302df8-7a7f-4077-a053-c26dc3d3d65a:c404]
2019-06-13 22:53:37,308 INFO  client.GrpcClientProtocolClient (GrpcClientProtocolClient.java:onNext(254)) - client-C82EA620EB9B->85302df8-7a7f-4077-a053-c26dc3d3d65a: receive RaftClientReply:client-C82EA620EB9B->85302df8-7a7f-4077-a053-c26dc3d3d65a@group-4701ABA8D7D0, cid=227, SUCCESS, logIndex=405, commits[85302df8-7a7f-4077-a053-c26dc3d3d65a:c407]
2019-06-13 22:53:37,309 INFO  client.GrpcClientProtocolClient (GrpcClientProtocolClient.java:onNext(254)) - client-C82EA620EB9B->85302df8-7a7f-4077-a053-c26dc3d3d65a: receive RaftClientReply:client-C82EA620EB9B->85302df8-7a7f-4077-a053-c26dc3d3d65a@group-4701ABA8D7D0, cid=228, SUCCESS, logIndex=407, commits[85302df8-7a7f-4077-a053-c26dc3d3d65a:c407]
2019-06-13 22:53:37,318 INFO  client.GrpcClientProtocolClient (GrpcClientProtocolClient.java:onNext(254)) - client-C82EA620EB9B->85302df8-7a7f-4077-a053-c26dc3d3d65a: receive RaftClientReply:client-C82EA620EB9B->85302df8-7a7f-4077-a053-c26dc3d3d65a@group-4701ABA8D7D0, cid=229, SUCCESS, logIndex=409, commits[85302df8-7a7f-4077-a053-c26dc3d3d65a:c409]
2019-06-13 22:53:37,320 INFO  client.GrpcClientProtocolClient (GrpcClientProtocolClient.java:onNext(254)) - client-C82EA620EB9B->85302df8-7a7f-4077-a053-c26dc3d3d65a: receive RaftClientReply:client-C82EA620EB9B->85302df8-7a7f-4077-a053-c26dc3d3d65a@group-4701ABA8D7D0, cid=230, SUCCESS, logIndex=411, commits[85302df8-7a7f-4077-a053-c26dc3d3d65a:c411]
2019-06-13 22:53:37,323 INFO  client.GrpcClientProtocolClient (GrpcClientProtocolClient.java:onNext(254)) - client-C82EA620EB9B->85302df8-7a7f-4077-a053-c26dc3d3d65a: receive RaftClientReply:client-C82EA620EB9B->85302df8-7a7f-4077-a053-c26dc3d3d65a@group-4701ABA8D7D0, cid=231, SUCCESS, logIndex=413, commits[85302df8-7a7f-4077-a053-c26dc3d3d65a:c414]
2019-06-13 22:53:37,326 INFO  client.GrpcClientProtocolClient (GrpcClientProtocolClient.java:onNext(254)) - client-C82EA620EB9B->85302df8-7a7f-4077-a053-c26dc3d3d65a: receive RaftClientReply:client-C82EA620EB9B->85302df8-7a7f-4077-a053-c26dc3d3d65a@group-4701ABA8D7D0, cid=232, SUCCESS, logIndex=414, commits[85302df8-7a7f-4077-a053-c26dc3d3d65a:c415]
2019-06-13 22:53:37,373 DEBUG block.SCMBlockDeletingService (SCMBlockDeletingService.java:call(138)) - Running DeletedBlockTransactionScanner
2019-06-13 22:53:37,374 DEBUG block.SCMBlockDeletingService (SCMBlockDeletingService.java:call(155)) - Scanned deleted blocks log and got 0 delTX to process.
2019-06-13 22:53:37,376 INFO  client.GrpcClientProtocolClient (GrpcClientProtocolClient.java:onNext(254)) - client-C82EA620EB9B->85302df8-7a7f-4077-a053-c26dc3d3d65a: receive RaftClientReply:client-C82EA620EB9B->85302df8-7a7f-4077-a053-c26dc3d3d65a@group-4701ABA8D7D0, cid=233, SUCCESS, logIndex=416, commits[85302df8-7a7f-4077-a053-c26dc3d3d65a:c416]
2019-06-13 22:53:37,379 INFO  client.GrpcClientProtocolClient (GrpcClientProtocolClient.java:onNext(254)) - client-C82EA620EB9B->85302df8-7a7f-4077-a053-c26dc3d3d65a: receive RaftClientReply:client-C82EA620EB9B->85302df8-7a7f-4077-a053-c26dc3d3d65a@group-4701ABA8D7D0, cid=234, SUCCESS, logIndex=418, commits[85302df8-7a7f-4077-a053-c26dc3d3d65a:c418]
2019-06-13 22:53:37,380 INFO  client.GrpcClientProtocolClient (GrpcClientProtocolClient.java:onNext(254)) - client-C82EA620EB9B->85302df8-7a7f-4077-a053-c26dc3d3d65a: receive RaftClientReply:client-C82EA620EB9B->85302df8-7a7f-4077-a053-c26dc3d3d65a@group-4701ABA8D7D0, cid=235, SUCCESS, logIndex=419, commits[85302df8-7a7f-4077-a053-c26dc3d3d65a:c421]
2019-06-13 22:53:37,382 INFO  client.GrpcClientProtocolClient (GrpcClientProtocolClient.java:onNext(254)) - client-C82EA620EB9B->85302df8-7a7f-4077-a053-c26dc3d3d65a: receive RaftClientReply:client-C82EA620EB9B->85302df8-7a7f-4077-a053-c26dc3d3d65a@group-4701ABA8D7D0, cid=236, SUCCESS, logIndex=421, commits[85302df8-7a7f-4077-a053-c26dc3d3d65a:c421]
2019-06-13 22:53:37,390 INFO  client.GrpcClientProtocolClient (GrpcClientProtocolClient.java:onNext(254)) - client-C82EA620EB9B->85302df8-7a7f-4077-a053-c26dc3d3d65a: receive RaftClientReply:client-C82EA620EB9B->85302df8-7a7f-4077-a053-c26dc3d3d65a@group-4701ABA8D7D0, cid=237, SUCCESS, logIndex=423, commits[85302df8-7a7f-4077-a053-c26dc3d3d65a:c423]
2019-06-13 22:53:37,394 INFO  client.GrpcClientProtocolClient (GrpcClientProtocolClient.java:onNext(254)) - client-C82EA620EB9B->85302df8-7a7f-4077-a053-c26dc3d3d65a: receive RaftClientReply:client-C82EA620EB9B->85302df8-7a7f-4077-a053-c26dc3d3d65a@group-4701ABA8D7D0, cid=238, SUCCESS, logIndex=425, commits[85302df8-7a7f-4077-a053-c26dc3d3d65a:c425]
2019-06-13 22:53:37,395 INFO  client.GrpcClientProtocolClient (GrpcClientProtocolClient.java:onNext(254)) - client-C82EA620EB9B->85302df8-7a7f-4077-a053-c26dc3d3d65a: receive RaftClientReply:client-C82EA620EB9B->85302df8-7a7f-4077-a053-c26dc3d3d65a@group-4701ABA8D7D0, cid=239, SUCCESS, logIndex=426, commits[85302df8-7a7f-4077-a053-c26dc3d3d65a:c428]
2019-06-13 22:53:37,396 INFO  client.GrpcClientProtocolClient (GrpcClientProtocolClient.java:onNext(254)) - client-C82EA620EB9B->85302df8-7a7f-4077-a053-c26dc3d3d65a: receive RaftClientReply:client-C82EA620EB9B->85302df8-7a7f-4077-a053-c26dc3d3d65a@group-4701ABA8D7D0, cid=240, SUCCESS, logIndex=427, commits[85302df8-7a7f-4077-a053-c26dc3d3d65a:c429]
2019-06-13 22:53:37,409 INFO  client.GrpcClientProtocolClient (GrpcClientProtocolClient.java:onNext(254)) - client-C82EA620EB9B->85302df8-7a7f-4077-a053-c26dc3d3d65a: receive RaftClientReply:client-C82EA620EB9B->85302df8-7a7f-4077-a053-c26dc3d3d65a@group-4701ABA8D7D0, cid=241, SUCCESS, logIndex=430, commits[85302df8-7a7f-4077-a053-c26dc3d3d65a:c430]
2019-06-13 22:53:37,413 INFO  client.GrpcClientProtocolClient (GrpcClientProtocolClient.java:onNext(254)) - client-C82EA620EB9B->85302df8-7a7f-4077-a053-c26dc3d3d65a: receive RaftClientReply:client-C82EA620EB9B->85302df8-7a7f-4077-a053-c26dc3d3d65a@group-4701ABA8D7D0, cid=242, SUCCESS, logIndex=432, commits[85302df8-7a7f-4077-a053-c26dc3d3d65a:c432]
2019-06-13 22:53:37,414 INFO  client.GrpcClientProtocolClient (GrpcClientProtocolClient.java:onNext(254)) - client-C82EA620EB9B->85302df8-7a7f-4077-a053-c26dc3d3d65a: receive RaftClientReply:client-C82EA620EB9B->85302df8-7a7f-4077-a053-c26dc3d3d65a@group-4701ABA8D7D0, cid=243, SUCCESS, logIndex=433, commits[85302df8-7a7f-4077-a053-c26dc3d3d65a:c433]
2019-06-13 22:53:37,414 INFO  client.GrpcClientProtocolClient (GrpcClientProtocolClient.java:onNext(254)) - client-C82EA620EB9B->85302df8-7a7f-4077-a053-c26dc3d3d65a: receive RaftClientReply:client-C82EA620EB9B->85302df8-7a7f-4077-a053-c26dc3d3d65a@group-4701ABA8D7D0, cid=244, SUCCESS, logIndex=435, commits[85302df8-7a7f-4077-a053-c26dc3d3d65a:c435]
2019-06-13 22:53:37,423 INFO  client.GrpcClientProtocolClient (GrpcClientProtocolClient.java:onNext(254)) - client-C82EA620EB9B->85302df8-7a7f-4077-a053-c26dc3d3d65a: receive RaftClientReply:client-C82EA620EB9B->85302df8-7a7f-4077-a053-c26dc3d3d65a@group-4701ABA8D7D0, cid=245, SUCCESS, logIndex=438, commits[85302df8-7a7f-4077-a053-c26dc3d3d65a:c439]
2019-06-13 22:53:37,427 INFO  client.GrpcClientProtocolClient (GrpcClientProtocolClient.java:onNext(254)) - client-C82EA620EB9B->85302df8-7a7f-4077-a053-c26dc3d3d65a: receive RaftClientReply:client-C82EA620EB9B->85302df8-7a7f-4077-a053-c26dc3d3d65a@group-4701ABA8D7D0, cid=246, SUCCESS, logIndex=440, commits[85302df8-7a7f-4077-a053-c26dc3d3d65a:c440]
2019-06-13 22:53:37,431 INFO  client.GrpcClientProtocolClient (GrpcClientProtocolClient.java:onNext(254)) - client-C82EA620EB9B->85302df8-7a7f-4077-a053-c26dc3d3d65a: receive RaftClientReply:client-C82EA620EB9B->85302df8-7a7f-4077-a053-c26dc3d3d65a@group-4701ABA8D7D0, cid=247, SUCCESS, logIndex=441, commits[85302df8-7a7f-4077-a053-c26dc3d3d65a:c443]
2019-06-13 22:53:37,432 INFO  client.GrpcClientProtocolClient (GrpcClientProtocolClient.java:onNext(254)) - client-C82EA620EB9B->85302df8-7a7f-4077-a053-c26dc3d3d65a: receive RaftClientReply:client-C82EA620EB9B->85302df8-7a7f-4077-a053-c26dc3d3d65a@group-4701ABA8D7D0, cid=248, SUCCESS, logIndex=443, commits[85302df8-7a7f-4077-a053-c26dc3d3d65a:c444]
2019-06-13 22:53:37,444 INFO  client.GrpcClientProtocolClient (GrpcClientProtocolClient.java:onNext(254)) - client-C82EA620EB9B->85302df8-7a7f-4077-a053-c26dc3d3d65a: receive RaftClientReply:client-C82EA620EB9B->85302df8-7a7f-4077-a053-c26dc3d3d65a@group-4701ABA8D7D0, cid=249, SUCCESS, logIndex=445, commits[85302df8-7a7f-4077-a053-c26dc3d3d65a:c445]
2019-06-13 22:53:37,447 INFO  client.GrpcClientProtocolClient (GrpcClientProtocolClient.java:onNext(254)) - client-C82EA620EB9B->85302df8-7a7f-4077-a053-c26dc3d3d65a: receive RaftClientReply:client-C82EA620EB9B->85302df8-7a7f-4077-a053-c26dc3d3d65a@group-4701ABA8D7D0, cid=250, SUCCESS, logIndex=447, commits[85302df8-7a7f-4077-a053-c26dc3d3d65a:c447]
2019-06-13 22:53:37,449 INFO  client.GrpcClientProtocolClient (GrpcClientProtocolClient.java:onNext(254)) - client-C82EA620EB9B->85302df8-7a7f-4077-a053-c26dc3d3d65a: receive RaftClientReply:client-C82EA620EB9B->85302df8-7a7f-4077-a053-c26dc3d3d65a@group-4701ABA8D7D0, cid=251, SUCCESS, logIndex=448, commits[85302df8-7a7f-4077-a053-c26dc3d3d65a:c450]
2019-06-13 22:53:37,449 INFO  client.GrpcClientProtocolClient (GrpcClientProtocolClient.java:onNext(254)) - client-C82EA620EB9B->85302df8-7a7f-4077-a053-c26dc3d3d65a: receive RaftClientReply:client-C82EA620EB9B->85302df8-7a7f-4077-a053-c26dc3d3d65a@group-4701ABA8D7D0, cid=252, SUCCESS, logIndex=450, commits[85302df8-7a7f-4077-a053-c26dc3d3d65a:c450]
2019-06-13 22:53:37,461 INFO  client.GrpcClientProtocolClient (GrpcClientProtocolClient.java:onNext(254)) - client-C82EA620EB9B->85302df8-7a7f-4077-a053-c26dc3d3d65a: receive RaftClientReply:client-C82EA620EB9B->85302df8-7a7f-4077-a053-c26dc3d3d65a@group-4701ABA8D7D0, cid=253, SUCCESS, logIndex=452, commits[85302df8-7a7f-4077-a053-c26dc3d3d65a:c452]
2019-06-13 22:53:37,465 INFO  client.GrpcClientProtocolClient (GrpcClientProtocolClient.java:onNext(254)) - client-C82EA620EB9B->85302df8-7a7f-4077-a053-c26dc3d3d65a: receive RaftClientReply:client-C82EA620EB9B->85302df8-7a7f-4077-a053-c26dc3d3d65a@group-4701ABA8D7D0, cid=254, SUCCESS, logIndex=454, commits[85302df8-7a7f-4077-a053-c26dc3d3d65a:c454]
2019-06-13 22:53:37,466 INFO  client.GrpcClientProtocolClient (GrpcClientProtocolClient.java:onNext(254)) - client-C82EA620EB9B->85302df8-7a7f-4077-a053-c26dc3d3d65a: receive RaftClientReply:client-C82EA620EB9B->85302df8-7a7f-4077-a053-c26dc3d3d65a@group-4701ABA8D7D0, cid=255, SUCCESS, logIndex=455, commits[85302df8-7a7f-4077-a053-c26dc3d3d65a:c456]
2019-06-13 22:53:37,467 INFO  client.GrpcClientProtocolClient (GrpcClientProtocolClient.java:onNext(254)) - client-C82EA620EB9B->85302df8-7a7f-4077-a053-c26dc3d3d65a: receive RaftClientReply:client-C82EA620EB9B->85302df8-7a7f-4077-a053-c26dc3d3d65a@group-4701ABA8D7D0, cid=256, SUCCESS, logIndex=457, commits[85302df8-7a7f-4077-a053-c26dc3d3d65a:c457]
2019-06-13 22:53:37,474 DEBUG block.SCMBlockDeletingService (SCMBlockDeletingService.java:call(138)) - Running DeletedBlockTransactionScanner
2019-06-13 22:53:37,474 DEBUG block.SCMBlockDeletingService (SCMBlockDeletingService.java:call(155)) - Scanned deleted blocks log and got 0 delTX to process.
2019-06-13 22:53:37,480 INFO  client.GrpcClientProtocolClient (GrpcClientProtocolClient.java:onNext(254)) - client-C82EA620EB9B->85302df8-7a7f-4077-a053-c26dc3d3d65a: receive RaftClientReply:client-C82EA620EB9B->85302df8-7a7f-4077-a053-c26dc3d3d65a@group-4701ABA8D7D0, cid=257, SUCCESS, logIndex=459, commits[85302df8-7a7f-4077-a053-c26dc3d3d65a:c459]
2019-06-13 22:53:37,481 INFO  storage.RaftLogWorker (RaftLogWorker.java:rollLogSegment(303)) - 85302df8-7a7f-4077-a053-c26dc3d3d65a-RaftLogWorker: Rolling segment log-385_461 to index:461
2019-06-13 22:53:37,482 INFO  storage.RaftLogWorker (RaftLogWorker.java:execute(433)) - 85302df8-7a7f-4077-a053-c26dc3d3d65a-RaftLogWorker: Rolled log segment from /opt/src/hadoop-ozone/integration-test/target/test-dir/MiniOzoneClusterImpl-550f9ca0-a6d9-4a4a-902f-f07ac81eac7b/datanode-0/data/ratis/5ad10fc2-5a33-4bdd-8958-4701aba8d7d0/current/log_inprogress_385 to /opt/src/hadoop-ozone/integration-test/target/test-dir/MiniOzoneClusterImpl-550f9ca0-a6d9-4a4a-902f-f07ac81eac7b/datanode-0/data/ratis/5ad10fc2-5a33-4bdd-8958-4701aba8d7d0/current/log_385-461
2019-06-13 22:53:37,489 INFO  client.GrpcClientProtocolClient (GrpcClientProtocolClient.java:onNext(254)) - client-C82EA620EB9B->85302df8-7a7f-4077-a053-c26dc3d3d65a: receive RaftClientReply:client-C82EA620EB9B->85302df8-7a7f-4077-a053-c26dc3d3d65a@group-4701ABA8D7D0, cid=258, SUCCESS, logIndex=461, commits[85302df8-7a7f-4077-a053-c26dc3d3d65a:c461]
2019-06-13 22:53:37,521 INFO  storage.RaftLogWorker (RaftLogWorker.java:execute(469)) - 85302df8-7a7f-4077-a053-c26dc3d3d65a-RaftLogWorker: created new log segment /opt/src/hadoop-ozone/integration-test/target/test-dir/MiniOzoneClusterImpl-550f9ca0-a6d9-4a4a-902f-f07ac81eac7b/datanode-0/data/ratis/5ad10fc2-5a33-4bdd-8958-4701aba8d7d0/current/log_inprogress_462
2019-06-13 22:53:37,524 INFO  client.GrpcClientProtocolClient (GrpcClientProtocolClient.java:onNext(254)) - client-C82EA620EB9B->85302df8-7a7f-4077-a053-c26dc3d3d65a: receive RaftClientReply:client-C82EA620EB9B->85302df8-7a7f-4077-a053-c26dc3d3d65a@group-4701ABA8D7D0, cid=259, SUCCESS, logIndex=462, commits[85302df8-7a7f-4077-a053-c26dc3d3d65a:c463]
2019-06-13 22:53:37,526 INFO  client.GrpcClientProtocolClient (GrpcClientProtocolClient.java:onNext(254)) - client-C82EA620EB9B->85302df8-7a7f-4077-a053-c26dc3d3d65a: receive RaftClientReply:client-C82EA620EB9B->85302df8-7a7f-4077-a053-c26dc3d3d65a@group-4701ABA8D7D0, cid=260, SUCCESS, logIndex=464, commits[85302df8-7a7f-4077-a053-c26dc3d3d65a:c464]
2019-06-13 22:53:37,534 INFO  client.GrpcClientProtocolClient (GrpcClientProtocolClient.java:onNext(254)) - client-C82EA620EB9B->85302df8-7a7f-4077-a053-c26dc3d3d65a: receive RaftClientReply:client-C82EA620EB9B->85302df8-7a7f-4077-a053-c26dc3d3d65a@group-4701ABA8D7D0, cid=261, SUCCESS, logIndex=466, commits[85302df8-7a7f-4077-a053-c26dc3d3d65a:c466]
2019-06-13 22:53:37,536 INFO  client.GrpcClientProtocolClient (GrpcClientProtocolClient.java:onNext(254)) - client-C82EA620EB9B->85302df8-7a7f-4077-a053-c26dc3d3d65a: receive RaftClientReply:client-C82EA620EB9B->85302df8-7a7f-4077-a053-c26dc3d3d65a@group-4701ABA8D7D0, cid=262, SUCCESS, logIndex=468, commits[85302df8-7a7f-4077-a053-c26dc3d3d65a:c468]
2019-06-13 22:53:37,540 INFO  client.GrpcClientProtocolClient (GrpcClientProtocolClient.java:onNext(254)) - client-C82EA620EB9B->85302df8-7a7f-4077-a053-c26dc3d3d65a: receive RaftClientReply:client-C82EA620EB9B->85302df8-7a7f-4077-a053-c26dc3d3d65a@group-4701ABA8D7D0, cid=263, SUCCESS, logIndex=470, commits[85302df8-7a7f-4077-a053-c26dc3d3d65a:c471]
2019-06-13 22:53:37,541 INFO  client.GrpcClientProtocolClient (GrpcClientProtocolClient.java:onNext(254)) - client-C82EA620EB9B->85302df8-7a7f-4077-a053-c26dc3d3d65a: receive RaftClientReply:client-C82EA620EB9B->85302df8-7a7f-4077-a053-c26dc3d3d65a@group-4701ABA8D7D0, cid=264, SUCCESS, logIndex=471, commits[85302df8-7a7f-4077-a053-c26dc3d3d65a:c471]
2019-06-13 22:53:37,575 DEBUG block.SCMBlockDeletingService (SCMBlockDeletingService.java:call(138)) - Running DeletedBlockTransactionScanner
2019-06-13 22:53:37,575 DEBUG block.SCMBlockDeletingService (SCMBlockDeletingService.java:call(155)) - Scanned deleted blocks log and got 0 delTX to process.
2019-06-13 22:53:37,621 INFO  client.GrpcClientProtocolClient (GrpcClientProtocolClient.java:onNext(254)) - client-C82EA620EB9B->85302df8-7a7f-4077-a053-c26dc3d3d65a: receive RaftClientReply:client-C82EA620EB9B->85302df8-7a7f-4077-a053-c26dc3d3d65a@group-4701ABA8D7D0, cid=265, SUCCESS, logIndex=473, commits[85302df8-7a7f-4077-a053-c26dc3d3d65a:c473]
2019-06-13 22:53:37,624 INFO  client.GrpcClientProtocolClient (GrpcClientProtocolClient.java:onNext(254)) - client-C82EA620EB9B->85302df8-7a7f-4077-a053-c26dc3d3d65a: receive RaftClientReply:client-C82EA620EB9B->85302df8-7a7f-4077-a053-c26dc3d3d65a@group-4701ABA8D7D0, cid=266, SUCCESS, logIndex=475, commits[85302df8-7a7f-4077-a053-c26dc3d3d65a:c475]
2019-06-13 22:53:37,625 INFO  client.GrpcClientProtocolClient (GrpcClientProtocolClient.java:onNext(254)) - client-C82EA620EB9B->85302df8-7a7f-4077-a053-c26dc3d3d65a: receive RaftClientReply:client-C82EA620EB9B->85302df8-7a7f-4077-a053-c26dc3d3d65a@group-4701ABA8D7D0, cid=267, SUCCESS, logIndex=476, commits[85302df8-7a7f-4077-a053-c26dc3d3d65a:c476]
2019-06-13 22:53:37,626 INFO  client.GrpcClientProtocolClient (GrpcClientProtocolClient.java:onNext(254)) - client-C82EA620EB9B->85302df8-7a7f-4077-a053-c26dc3d3d65a: receive RaftClientReply:client-C82EA620EB9B->85302df8-7a7f-4077-a053-c26dc3d3d65a@group-4701ABA8D7D0, cid=268, SUCCESS, logIndex=478, commits[85302df8-7a7f-4077-a053-c26dc3d3d65a:c478]
2019-06-13 22:53:37,634 INFO  client.GrpcClientProtocolClient (GrpcClientProtocolClient.java:onNext(254)) - client-C82EA620EB9B->85302df8-7a7f-4077-a053-c26dc3d3d65a: receive RaftClientReply:client-C82EA620EB9B->85302df8-7a7f-4077-a053-c26dc3d3d65a@group-4701ABA8D7D0, cid=269, SUCCESS, logIndex=481, commits[85302df8-7a7f-4077-a053-c26dc3d3d65a:c481]
2019-06-13 22:53:37,638 INFO  client.GrpcClientProtocolClient (GrpcClientProtocolClient.java:onNext(254)) - client-C82EA620EB9B->85302df8-7a7f-4077-a053-c26dc3d3d65a: receive RaftClientReply:client-C82EA620EB9B->85302df8-7a7f-4077-a053-c26dc3d3d65a@group-4701ABA8D7D0, cid=270, SUCCESS, logIndex=483, commits[85302df8-7a7f-4077-a053-c26dc3d3d65a:c483]
2019-06-13 22:53:37,640 INFO  client.GrpcClientProtocolClient (GrpcClientProtocolClient.java:onNext(254)) - client-C82EA620EB9B->85302df8-7a7f-4077-a053-c26dc3d3d65a: receive RaftClientReply:client-C82EA620EB9B->85302df8-7a7f-4077-a053-c26dc3d3d65a@group-4701ABA8D7D0, cid=271, SUCCESS, logIndex=484, commits[85302df8-7a7f-4077-a053-c26dc3d3d65a:c486]
2019-06-13 22:53:37,641 INFO  client.GrpcClientProtocolClient (GrpcClientProtocolClient.java:onNext(254)) - client-C82EA620EB9B->85302df8-7a7f-4077-a053-c26dc3d3d65a: receive RaftClientReply:client-C82EA620EB9B->85302df8-7a7f-4077-a053-c26dc3d3d65a@group-4701ABA8D7D0, cid=272, SUCCESS, logIndex=486, commits[85302df8-7a7f-4077-a053-c26dc3d3d65a:c486]
2019-06-13 22:53:37,655 INFO  client.GrpcClientProtocolClient (GrpcClientProtocolClient.java:onNext(254)) - client-C82EA620EB9B->85302df8-7a7f-4077-a053-c26dc3d3d65a: receive RaftClientReply:client-C82EA620EB9B->85302df8-7a7f-4077-a053-c26dc3d3d65a@group-4701ABA8D7D0, cid=273, SUCCESS, logIndex=488, commits[85302df8-7a7f-4077-a053-c26dc3d3d65a:c488]
2019-06-13 22:53:37,658 INFO  client.GrpcClientProtocolClient (GrpcClientProtocolClient.java:onNext(254)) - client-C82EA620EB9B->85302df8-7a7f-4077-a053-c26dc3d3d65a: receive RaftClientReply:client-C82EA620EB9B->85302df8-7a7f-4077-a053-c26dc3d3d65a@group-4701ABA8D7D0, cid=274, SUCCESS, logIndex=490, commits[85302df8-7a7f-4077-a053-c26dc3d3d65a:c490]
2019-06-13 22:53:37,659 INFO  client.GrpcClientProtocolClient (GrpcClientProtocolClient.java:onNext(254)) - client-C82EA620EB9B->85302df8-7a7f-4077-a053-c26dc3d3d65a: receive RaftClientReply:client-C82EA620EB9B->85302df8-7a7f-4077-a053-c26dc3d3d65a@group-4701ABA8D7D0, cid=275, SUCCESS, logIndex=491, commits[85302df8-7a7f-4077-a053-c26dc3d3d65a:c493]
2019-06-13 22:53:37,660 INFO  client.GrpcClientProtocolClient (GrpcClientProtocolClient.java:onNext(254)) - client-C82EA620EB9B->85302df8-7a7f-4077-a053-c26dc3d3d65a: receive RaftClientReply:client-C82EA620EB9B->85302df8-7a7f-4077-a053-c26dc3d3d65a@group-4701ABA8D7D0, cid=276, SUCCESS, logIndex=493, commits[85302df8-7a7f-4077-a053-c26dc3d3d65a:c493]
2019-06-13 22:53:37,668 INFO  client.GrpcClientProtocolClient (GrpcClientProtocolClient.java:onNext(254)) - client-C82EA620EB9B->85302df8-7a7f-4077-a053-c26dc3d3d65a: receive RaftClientReply:client-C82EA620EB9B->85302df8-7a7f-4077-a053-c26dc3d3d65a@group-4701ABA8D7D0, cid=277, SUCCESS, logIndex=495, commits[85302df8-7a7f-4077-a053-c26dc3d3d65a:c495]
2019-06-13 22:53:37,671 INFO  client.GrpcClientProtocolClient (GrpcClientProtocolClient.java:onNext(254)) - client-C82EA620EB9B->85302df8-7a7f-4077-a053-c26dc3d3d65a: receive RaftClientReply:client-C82EA620EB9B->85302df8-7a7f-4077-a053-c26dc3d3d65a@group-4701ABA8D7D0, cid=278, SUCCESS, logIndex=497, commits[85302df8-7a7f-4077-a053-c26dc3d3d65a:c497]
2019-06-13 22:53:37,672 INFO  client.GrpcClientProtocolClient (GrpcClientProtocolClient.java:onNext(254)) - client-C82EA620EB9B->85302df8-7a7f-4077-a053-c26dc3d3d65a: receive RaftClientReply:client-C82EA620EB9B->85302df8-7a7f-4077-a053-c26dc3d3d65a@group-4701ABA8D7D0, cid=279, SUCCESS, logIndex=498, commits[85302df8-7a7f-4077-a053-c26dc3d3d65a:c500]
2019-06-13 22:53:37,673 INFO  client.GrpcClientProtocolClient (GrpcClientProtocolClient.java:onNext(254)) - client-C82EA620EB9B->85302df8-7a7f-4077-a053-c26dc3d3d65a: receive RaftClientReply:client-C82EA620EB9B->85302df8-7a7f-4077-a053-c26dc3d3d65a@group-4701ABA8D7D0, cid=280, SUCCESS, logIndex=500, commits[85302df8-7a7f-4077-a053-c26dc3d3d65a:c500]
2019-06-13 22:53:37,675 DEBUG block.SCMBlockDeletingService (SCMBlockDeletingService.java:call(138)) - Running DeletedBlockTransactionScanner
2019-06-13 22:53:37,675 DEBUG block.SCMBlockDeletingService (SCMBlockDeletingService.java:call(155)) - Scanned deleted blocks log and got 0 delTX to process.
2019-06-13 22:53:37,685 INFO  client.GrpcClientProtocolClient (GrpcClientProtocolClient.java:onNext(254)) - client-C82EA620EB9B->85302df8-7a7f-4077-a053-c26dc3d3d65a: receive RaftClientReply:client-C82EA620EB9B->85302df8-7a7f-4077-a053-c26dc3d3d65a@group-4701ABA8D7D0, cid=281, SUCCESS, logIndex=502, commits[85302df8-7a7f-4077-a053-c26dc3d3d65a:c502]
2019-06-13 22:53:37,688 INFO  client.GrpcClientProtocolClient (GrpcClientProtocolClient.java:onNext(254)) - client-C82EA620EB9B->85302df8-7a7f-4077-a053-c26dc3d3d65a: receive RaftClientReply:client-C82EA620EB9B->85302df8-7a7f-4077-a053-c26dc3d3d65a@group-4701ABA8D7D0, cid=282, SUCCESS, logIndex=504, commits[85302df8-7a7f-4077-a053-c26dc3d3d65a:c504]
2019-06-13 22:53:37,689 INFO  client.GrpcClientProtocolClient (GrpcClientProtocolClient.java:onNext(254)) - client-C82EA620EB9B->85302df8-7a7f-4077-a053-c26dc3d3d65a: receive RaftClientReply:client-C82EA620EB9B->85302df8-7a7f-4077-a053-c26dc3d3d65a@group-4701ABA8D7D0, cid=283, SUCCESS, logIndex=505, commits[85302df8-7a7f-4077-a053-c26dc3d3d65a:c506]
2019-06-13 22:53:37,691 INFO  client.GrpcClientProtocolClient (GrpcClientProtocolClient.java:onNext(254)) - client-C82EA620EB9B->85302df8-7a7f-4077-a053-c26dc3d3d65a: receive RaftClientReply:client-C82EA620EB9B->85302df8-7a7f-4077-a053-c26dc3d3d65a@group-4701ABA8D7D0, cid=284, SUCCESS, logIndex=507, commits[85302df8-7a7f-4077-a053-c26dc3d3d65a:c507]
2019-06-13 22:53:37,745 INFO  client.GrpcClientProtocolClient (GrpcClientProtocolClient.java:onNext(254)) - client-C82EA620EB9B->85302df8-7a7f-4077-a053-c26dc3d3d65a: receive RaftClientReply:client-C82EA620EB9B->85302df8-7a7f-4077-a053-c26dc3d3d65a@group-4701ABA8D7D0, cid=285, SUCCESS, logIndex=509, commits[85302df8-7a7f-4077-a053-c26dc3d3d65a:c509]
2019-06-13 22:53:37,748 INFO  client.GrpcClientProtocolClient (GrpcClientProtocolClient.java:onNext(254)) - client-C82EA620EB9B->85302df8-7a7f-4077-a053-c26dc3d3d65a: receive RaftClientReply:client-C82EA620EB9B->85302df8-7a7f-4077-a053-c26dc3d3d65a@group-4701ABA8D7D0, cid=286, SUCCESS, logIndex=511, commits[85302df8-7a7f-4077-a053-c26dc3d3d65a:c512]
2019-06-13 22:53:37,750 INFO  client.GrpcClientProtocolClient (GrpcClientProtocolClient.java:onNext(254)) - client-C82EA620EB9B->85302df8-7a7f-4077-a053-c26dc3d3d65a: receive RaftClientReply:client-C82EA620EB9B->85302df8-7a7f-4077-a053-c26dc3d3d65a@group-4701ABA8D7D0, cid=287, SUCCESS, logIndex=513, commits[85302df8-7a7f-4077-a053-c26dc3d3d65a:c514]
2019-06-13 22:53:37,751 INFO  client.GrpcClientProtocolClient (GrpcClientProtocolClient.java:onNext(254)) - client-C82EA620EB9B->85302df8-7a7f-4077-a053-c26dc3d3d65a: receive RaftClientReply:client-C82EA620EB9B->85302df8-7a7f-4077-a053-c26dc3d3d65a@group-4701ABA8D7D0, cid=288, SUCCESS, logIndex=514, commits[85302df8-7a7f-4077-a053-c26dc3d3d65a:c514]
2019-06-13 22:53:37,762 INFO  client.GrpcClientProtocolClient (GrpcClientProtocolClient.java:onNext(254)) - client-C82EA620EB9B->85302df8-7a7f-4077-a053-c26dc3d3d65a: receive RaftClientReply:client-C82EA620EB9B->85302df8-7a7f-4077-a053-c26dc3d3d65a@group-4701ABA8D7D0, cid=289, SUCCESS, logIndex=516, commits[85302df8-7a7f-4077-a053-c26dc3d3d65a:c516]
2019-06-13 22:53:37,764 INFO  client.GrpcClientProtocolClient (GrpcClientProtocolClient.java:onNext(254)) - client-C82EA620EB9B->85302df8-7a7f-4077-a053-c26dc3d3d65a: receive RaftClientReply:client-C82EA620EB9B->85302df8-7a7f-4077-a053-c26dc3d3d65a@group-4701ABA8D7D0, cid=290, SUCCESS, logIndex=518, commits[85302df8-7a7f-4077-a053-c26dc3d3d65a:c518]
2019-06-13 22:53:37,766 INFO  client.GrpcClientProtocolClient (GrpcClientProtocolClient.java:onNext(254)) - client-C82EA620EB9B->85302df8-7a7f-4077-a053-c26dc3d3d65a: receive RaftClientReply:client-C82EA620EB9B->85302df8-7a7f-4077-a053-c26dc3d3d65a@group-4701ABA8D7D0, cid=291, SUCCESS, logIndex=519, commits[85302df8-7a7f-4077-a053-c26dc3d3d65a:c521]
2019-06-13 22:53:37,767 INFO  client.GrpcClientProtocolClient (GrpcClientProtocolClient.java:onNext(254)) - client-C82EA620EB9B->85302df8-7a7f-4077-a053-c26dc3d3d65a: receive RaftClientReply:client-C82EA620EB9B->85302df8-7a7f-4077-a053-c26dc3d3d65a@group-4701ABA8D7D0, cid=292, SUCCESS, logIndex=521, commits[85302df8-7a7f-4077-a053-c26dc3d3d65a:c522]
2019-06-13 22:53:37,776 DEBUG block.SCMBlockDeletingService (SCMBlockDeletingService.java:call(138)) - Running DeletedBlockTransactionScanner
2019-06-13 22:53:37,776 DEBUG block.SCMBlockDeletingService (SCMBlockDeletingService.java:call(155)) - Scanned deleted blocks log and got 0 delTX to process.
2019-06-13 22:53:37,777 INFO  client.GrpcClientProtocolClient (GrpcClientProtocolClient.java:onNext(254)) - client-C82EA620EB9B->85302df8-7a7f-4077-a053-c26dc3d3d65a: receive RaftClientReply:client-C82EA620EB9B->85302df8-7a7f-4077-a053-c26dc3d3d65a@group-4701ABA8D7D0, cid=293, SUCCESS, logIndex=523, commits[85302df8-7a7f-4077-a053-c26dc3d3d65a:c523]
2019-06-13 22:53:37,778 INFO  client.GrpcClientProtocolClient (GrpcClientProtocolClient.java:onNext(254)) - client-C82EA620EB9B->85302df8-7a7f-4077-a053-c26dc3d3d65a: receive RaftClientReply:client-C82EA620EB9B->85302df8-7a7f-4077-a053-c26dc3d3d65a@group-4701ABA8D7D0, cid=294, SUCCESS, logIndex=525, commits[85302df8-7a7f-4077-a053-c26dc3d3d65a:c525]
2019-06-13 22:53:37,781 INFO  client.GrpcClientProtocolClient (GrpcClientProtocolClient.java:onNext(254)) - client-C82EA620EB9B->85302df8-7a7f-4077-a053-c26dc3d3d65a: receive RaftClientReply:client-C82EA620EB9B->85302df8-7a7f-4077-a053-c26dc3d3d65a@group-4701ABA8D7D0, cid=295, SUCCESS, logIndex=526, commits[85302df8-7a7f-4077-a053-c26dc3d3d65a:c528]
2019-06-13 22:53:37,782 INFO  client.GrpcClientProtocolClient (GrpcClientProtocolClient.java:onNext(254)) - client-C82EA620EB9B->85302df8-7a7f-4077-a053-c26dc3d3d65a: receive RaftClientReply:client-C82EA620EB9B->85302df8-7a7f-4077-a053-c26dc3d3d65a@group-4701ABA8D7D0, cid=296, SUCCESS, logIndex=528, commits[85302df8-7a7f-4077-a053-c26dc3d3d65a:c528]
2019-06-13 22:53:37,793 INFO  client.GrpcClientProtocolClient (GrpcClientProtocolClient.java:onNext(254)) - client-C82EA620EB9B->85302df8-7a7f-4077-a053-c26dc3d3d65a: receive RaftClientReply:client-C82EA620EB9B->85302df8-7a7f-4077-a053-c26dc3d3d65a@group-4701ABA8D7D0, cid=297, SUCCESS, logIndex=530, commits[85302df8-7a7f-4077-a053-c26dc3d3d65a:c530]
2019-06-13 22:53:37,795 INFO  client.GrpcClientProtocolClient (GrpcClientProtocolClient.java:onNext(254)) - client-C82EA620EB9B->85302df8-7a7f-4077-a053-c26dc3d3d65a: receive RaftClientReply:client-C82EA620EB9B->85302df8-7a7f-4077-a053-c26dc3d3d65a@group-4701ABA8D7D0, cid=298, SUCCESS, logIndex=532, commits[85302df8-7a7f-4077-a053-c26dc3d3d65a:c532]
2019-06-13 22:53:37,797 INFO  client.GrpcClientProtocolClient (GrpcClientProtocolClient.java:onNext(254)) - client-C82EA620EB9B->85302df8-7a7f-4077-a053-c26dc3d3d65a: receive RaftClientReply:client-C82EA620EB9B->85302df8-7a7f-4077-a053-c26dc3d3d65a@group-4701ABA8D7D0, cid=299, SUCCESS, logIndex=533, commits[85302df8-7a7f-4077-a053-c26dc3d3d65a:c535]
2019-06-13 22:53:37,797 INFO  client.GrpcClientProtocolClient (GrpcClientProtocolClient.java:onNext(254)) - client-C82EA620EB9B->85302df8-7a7f-4077-a053-c26dc3d3d65a: receive RaftClientReply:client-C82EA620EB9B->85302df8-7a7f-4077-a053-c26dc3d3d65a@group-4701ABA8D7D0, cid=300, SUCCESS, logIndex=535, commits[85302df8-7a7f-4077-a053-c26dc3d3d65a:c535]
2019-06-13 22:53:37,806 INFO  client.GrpcClientProtocolClient (GrpcClientProtocolClient.java:onNext(254)) - client-C82EA620EB9B->85302df8-7a7f-4077-a053-c26dc3d3d65a: receive RaftClientReply:client-C82EA620EB9B->85302df8-7a7f-4077-a053-c26dc3d3d65a@group-4701ABA8D7D0, cid=301, SUCCESS, logIndex=537, commits[85302df8-7a7f-4077-a053-c26dc3d3d65a:c537]
2019-06-13 22:53:37,806 INFO  storage.RaftLogWorker (RaftLogWorker.java:rollLogSegment(303)) - 85302df8-7a7f-4077-a053-c26dc3d3d65a-RaftLogWorker: Rolling segment log-462_538 to index:538
2019-06-13 22:53:37,806 INFO  storage.RaftLogWorker (RaftLogWorker.java:execute(433)) - 85302df8-7a7f-4077-a053-c26dc3d3d65a-RaftLogWorker: Rolled log segment from /opt/src/hadoop-ozone/integration-test/target/test-dir/MiniOzoneClusterImpl-550f9ca0-a6d9-4a4a-902f-f07ac81eac7b/datanode-0/data/ratis/5ad10fc2-5a33-4bdd-8958-4701aba8d7d0/current/log_inprogress_462 to /opt/src/hadoop-ozone/integration-test/target/test-dir/MiniOzoneClusterImpl-550f9ca0-a6d9-4a4a-902f-f07ac81eac7b/datanode-0/data/ratis/5ad10fc2-5a33-4bdd-8958-4701aba8d7d0/current/log_462-538
2019-06-13 22:53:37,842 INFO  storage.RaftLogWorker (RaftLogWorker.java:execute(469)) - 85302df8-7a7f-4077-a053-c26dc3d3d65a-RaftLogWorker: created new log segment /opt/src/hadoop-ozone/integration-test/target/test-dir/MiniOzoneClusterImpl-550f9ca0-a6d9-4a4a-902f-f07ac81eac7b/datanode-0/data/ratis/5ad10fc2-5a33-4bdd-8958-4701aba8d7d0/current/log_inprogress_539
2019-06-13 22:53:37,845 INFO  client.GrpcClientProtocolClient (GrpcClientProtocolClient.java:onNext(254)) - client-C82EA620EB9B->85302df8-7a7f-4077-a053-c26dc3d3d65a: receive RaftClientReply:client-C82EA620EB9B->85302df8-7a7f-4077-a053-c26dc3d3d65a@group-4701ABA8D7D0, cid=302, SUCCESS, logIndex=539, commits[85302df8-7a7f-4077-a053-c26dc3d3d65a:c541]
2019-06-13 22:53:37,846 INFO  client.GrpcClientProtocolClient (GrpcClientProtocolClient.java:onNext(254)) - client-C82EA620EB9B->85302df8-7a7f-4077-a053-c26dc3d3d65a: receive RaftClientReply:client-C82EA620EB9B->85302df8-7a7f-4077-a053-c26dc3d3d65a@group-4701ABA8D7D0, cid=303, SUCCESS, logIndex=540, commits[85302df8-7a7f-4077-a053-c26dc3d3d65a:c542]
2019-06-13 22:53:37,846 INFO  client.GrpcClientProtocolClient (GrpcClientProtocolClient.java:onNext(254)) - client-C82EA620EB9B->85302df8-7a7f-4077-a053-c26dc3d3d65a: receive RaftClientReply:client-C82EA620EB9B->85302df8-7a7f-4077-a053-c26dc3d3d65a@group-4701ABA8D7D0, cid=304, SUCCESS, logIndex=541, commits[85302df8-7a7f-4077-a053-c26dc3d3d65a:c542]
2019-06-13 22:53:37,858 INFO  client.GrpcClientProtocolClient (GrpcClientProtocolClient.java:onNext(254)) - client-C82EA620EB9B->85302df8-7a7f-4077-a053-c26dc3d3d65a: receive RaftClientReply:client-C82EA620EB9B->85302df8-7a7f-4077-a053-c26dc3d3d65a@group-4701ABA8D7D0, cid=305, SUCCESS, logIndex=543, commits[85302df8-7a7f-4077-a053-c26dc3d3d65a:c543]
2019-06-13 22:53:37,862 INFO  client.GrpcClientProtocolClient (GrpcClientProtocolClient.java:onNext(254)) - client-C82EA620EB9B->85302df8-7a7f-4077-a053-c26dc3d3d65a: receive RaftClientReply:client-C82EA620EB9B->85302df8-7a7f-4077-a053-c26dc3d3d65a@group-4701ABA8D7D0, cid=306, SUCCESS, logIndex=545, commits[85302df8-7a7f-4077-a053-c26dc3d3d65a:c545]
2019-06-13 22:53:37,862 INFO  client.GrpcClientProtocolClient (GrpcClientProtocolClient.java:onNext(254)) - client-C82EA620EB9B->85302df8-7a7f-4077-a053-c26dc3d3d65a: receive RaftClientReply:client-C82EA620EB9B->85302df8-7a7f-4077-a053-c26dc3d3d65a@group-4701ABA8D7D0, cid=307, SUCCESS, logIndex=546, commits[85302df8-7a7f-4077-a053-c26dc3d3d65a:c546]
2019-06-13 22:53:37,863 INFO  client.GrpcClientProtocolClient (GrpcClientProtocolClient.java:onNext(254)) - client-C82EA620EB9B->85302df8-7a7f-4077-a053-c26dc3d3d65a: receive RaftClientReply:client-C82EA620EB9B->85302df8-7a7f-4077-a053-c26dc3d3d65a@group-4701ABA8D7D0, cid=308, SUCCESS, logIndex=548, commits[85302df8-7a7f-4077-a053-c26dc3d3d65a:c548]
2019-06-13 22:53:37,876 DEBUG block.SCMBlockDeletingService (SCMBlockDeletingService.java:call(138)) - Running DeletedBlockTransactionScanner
2019-06-13 22:53:37,876 DEBUG block.SCMBlockDeletingService (SCMBlockDeletingService.java:call(155)) - Scanned deleted blocks log and got 0 delTX to process.
2019-06-13 22:53:37,940 INFO  client.GrpcClientProtocolClient (GrpcClientProtocolClient.java:onNext(254)) - client-C82EA620EB9B->85302df8-7a7f-4077-a053-c26dc3d3d65a: receive RaftClientReply:client-C82EA620EB9B->85302df8-7a7f-4077-a053-c26dc3d3d65a@group-4701ABA8D7D0, cid=309, SUCCESS, logIndex=551, commits[85302df8-7a7f-4077-a053-c26dc3d3d65a:c551]
2019-06-13 22:53:37,943 INFO  client.GrpcClientProtocolClient (GrpcClientProtocolClient.java:onNext(254)) - client-C82EA620EB9B->85302df8-7a7f-4077-a053-c26dc3d3d65a: receive RaftClientReply:client-C82EA620EB9B->85302df8-7a7f-4077-a053-c26dc3d3d65a@group-4701ABA8D7D0, cid=310, SUCCESS, logIndex=553, commits[85302df8-7a7f-4077-a053-c26dc3d3d65a:c553]
2019-06-13 22:53:37,944 INFO  client.GrpcClientProtocolClient (GrpcClientProtocolClient.java:onNext(254)) - client-C82EA620EB9B->85302df8-7a7f-4077-a053-c26dc3d3d65a: receive RaftClientReply:client-C82EA620EB9B->85302df8-7a7f-4077-a053-c26dc3d3d65a@group-4701ABA8D7D0, cid=311, SUCCESS, logIndex=554, commits[85302df8-7a7f-4077-a053-c26dc3d3d65a:c555]
2019-06-13 22:53:37,945 INFO  client.GrpcClientProtocolClient (GrpcClientProtocolClient.java:onNext(254)) - client-C82EA620EB9B->85302df8-7a7f-4077-a053-c26dc3d3d65a: receive RaftClientReply:client-C82EA620EB9B->85302df8-7a7f-4077-a053-c26dc3d3d65a@group-4701ABA8D7D0, cid=312, SUCCESS, logIndex=555, commits[85302df8-7a7f-4077-a053-c26dc3d3d65a:c557]
2019-06-13 22:53:37,956 INFO  client.GrpcClientProtocolClient (GrpcClientProtocolClient.java:onNext(254)) - client-C82EA620EB9B->85302df8-7a7f-4077-a053-c26dc3d3d65a: receive RaftClientReply:client-C82EA620EB9B->85302df8-7a7f-4077-a053-c26dc3d3d65a@group-4701ABA8D7D0, cid=313, SUCCESS, logIndex=558, commits[85302df8-7a7f-4077-a053-c26dc3d3d65a:c558]
2019-06-13 22:53:37,959 INFO  client.GrpcClientProtocolClient (GrpcClientProtocolClient.java:onNext(254)) - client-C82EA620EB9B->85302df8-7a7f-4077-a053-c26dc3d3d65a: receive RaftClientReply:client-C82EA620EB9B->85302df8-7a7f-4077-a053-c26dc3d3d65a@group-4701ABA8D7D0, cid=314, SUCCESS, logIndex=560, commits[85302df8-7a7f-4077-a053-c26dc3d3d65a:c560]
2019-06-13 22:53:37,963 INFO  client.GrpcClientProtocolClient (GrpcClientProtocolClient.java:onNext(254)) - client-C82EA620EB9B->85302df8-7a7f-4077-a053-c26dc3d3d65a: receive RaftClientReply:client-C82EA620EB9B->85302df8-7a7f-4077-a053-c26dc3d3d65a@group-4701ABA8D7D0, cid=315, SUCCESS, logIndex=561, commits[85302df8-7a7f-4077-a053-c26dc3d3d65a:c563]
2019-06-13 22:53:37,963 INFO  client.GrpcClientProtocolClient (GrpcClientProtocolClient.java:onNext(254)) - client-C82EA620EB9B->85302df8-7a7f-4077-a053-c26dc3d3d65a: receive RaftClientReply:client-C82EA620EB9B->85302df8-7a7f-4077-a053-c26dc3d3d65a@group-4701ABA8D7D0, cid=316, SUCCESS, logIndex=563, commits[85302df8-7a7f-4077-a053-c26dc3d3d65a:c563]
2019-06-13 22:53:37,973 INFO  client.GrpcClientProtocolClient (GrpcClientProtocolClient.java:onNext(254)) - client-C82EA620EB9B->85302df8-7a7f-4077-a053-c26dc3d3d65a: receive RaftClientReply:client-C82EA620EB9B->85302df8-7a7f-4077-a053-c26dc3d3d65a@group-4701ABA8D7D0, cid=317, SUCCESS, logIndex=565, commits[85302df8-7a7f-4077-a053-c26dc3d3d65a:c565]
2019-06-13 22:53:37,977 DEBUG block.SCMBlockDeletingService (SCMBlockDeletingService.java:call(138)) - Running DeletedBlockTransactionScanner
2019-06-13 22:53:37,977 DEBUG block.SCMBlockDeletingService (SCMBlockDeletingService.java:call(155)) - Scanned deleted blocks log and got 0 delTX to process.
2019-06-13 22:53:37,978 INFO  client.GrpcClientProtocolClient (GrpcClientProtocolClient.java:onNext(254)) - client-C82EA620EB9B->85302df8-7a7f-4077-a053-c26dc3d3d65a: receive RaftClientReply:client-C82EA620EB9B->85302df8-7a7f-4077-a053-c26dc3d3d65a@group-4701ABA8D7D0, cid=318, SUCCESS, logIndex=567, commits[85302df8-7a7f-4077-a053-c26dc3d3d65a:c567]
2019-06-13 22:53:37,979 INFO  client.GrpcClientProtocolClient (GrpcClientProtocolClient.java:onNext(254)) - client-C82EA620EB9B->85302df8-7a7f-4077-a053-c26dc3d3d65a: receive RaftClientReply:client-C82EA620EB9B->85302df8-7a7f-4077-a053-c26dc3d3d65a@group-4701ABA8D7D0, cid=319, SUCCESS, logIndex=568, commits[85302df8-7a7f-4077-a053-c26dc3d3d65a:c570]
2019-06-13 22:53:37,980 INFO  client.GrpcClientProtocolClient (GrpcClientProtocolClient.java:onNext(254)) - client-C82EA620EB9B->85302df8-7a7f-4077-a053-c26dc3d3d65a: receive RaftClientReply:client-C82EA620EB9B->85302df8-7a7f-4077-a053-c26dc3d3d65a@group-4701ABA8D7D0, cid=320, SUCCESS, logIndex=569, commits[85302df8-7a7f-4077-a053-c26dc3d3d65a:c570]
2019-06-13 22:53:37,992 INFO  client.GrpcClientProtocolClient (GrpcClientProtocolClient.java:onNext(254)) - client-C82EA620EB9B->85302df8-7a7f-4077-a053-c26dc3d3d65a: receive RaftClientReply:client-C82EA620EB9B->85302df8-7a7f-4077-a053-c26dc3d3d65a@group-4701ABA8D7D0, cid=321, SUCCESS, logIndex=571, commits[85302df8-7a7f-4077-a053-c26dc3d3d65a:c571]
2019-06-13 22:53:37,994 INFO  client.GrpcClientProtocolClient (GrpcClientProtocolClient.java:onNext(254)) - client-C82EA620EB9B->85302df8-7a7f-4077-a053-c26dc3d3d65a: receive RaftClientReply:client-C82EA620EB9B->85302df8-7a7f-4077-a053-c26dc3d3d65a@group-4701ABA8D7D0, cid=322, SUCCESS, logIndex=573, commits[85302df8-7a7f-4077-a053-c26dc3d3d65a:c573]
2019-06-13 22:53:37,996 INFO  client.GrpcClientProtocolClient (GrpcClientProtocolClient.java:onNext(254)) - client-C82EA620EB9B->85302df8-7a7f-4077-a053-c26dc3d3d65a: receive RaftClientReply:client-C82EA620EB9B->85302df8-7a7f-4077-a053-c26dc3d3d65a@group-4701ABA8D7D0, cid=323, SUCCESS, logIndex=574, commits[85302df8-7a7f-4077-a053-c26dc3d3d65a:c576]
2019-06-13 22:53:37,996 INFO  client.GrpcClientProtocolClient (GrpcClientProtocolClient.java:onNext(254)) - client-C82EA620EB9B->85302df8-7a7f-4077-a053-c26dc3d3d65a: receive RaftClientReply:client-C82EA620EB9B->85302df8-7a7f-4077-a053-c26dc3d3d65a@group-4701ABA8D7D0, cid=324, SUCCESS, logIndex=576, commits[85302df8-7a7f-4077-a053-c26dc3d3d65a:c577]
2019-06-13 22:53:38,004 INFO  client.GrpcClientProtocolClient (GrpcClientProtocolClient.java:onNext(254)) - client-C82EA620EB9B->85302df8-7a7f-4077-a053-c26dc3d3d65a: receive RaftClientReply:client-C82EA620EB9B->85302df8-7a7f-4077-a053-c26dc3d3d65a@group-4701ABA8D7D0, cid=325, SUCCESS, logIndex=578, commits[85302df8-7a7f-4077-a053-c26dc3d3d65a:c578]
2019-06-13 22:53:38,008 INFO  client.GrpcClientProtocolClient (GrpcClientProtocolClient.java:onNext(254)) - client-C82EA620EB9B->85302df8-7a7f-4077-a053-c26dc3d3d65a: receive RaftClientReply:client-C82EA620EB9B->85302df8-7a7f-4077-a053-c26dc3d3d65a@group-4701ABA8D7D0, cid=326, SUCCESS, logIndex=580, commits[85302df8-7a7f-4077-a053-c26dc3d3d65a:c581]
2019-06-13 22:53:38,009 INFO  client.GrpcClientProtocolClient (GrpcClientProtocolClient.java:onNext(254)) - client-C82EA620EB9B->85302df8-7a7f-4077-a053-c26dc3d3d65a: receive RaftClientReply:client-C82EA620EB9B->85302df8-7a7f-4077-a053-c26dc3d3d65a@group-4701ABA8D7D0, cid=327, SUCCESS, logIndex=581, commits[85302df8-7a7f-4077-a053-c26dc3d3d65a:c581]
2019-06-13 22:53:38,010 INFO  client.GrpcClientProtocolClient (GrpcClientProtocolClient.java:onNext(254)) - client-C82EA620EB9B->85302df8-7a7f-4077-a053-c26dc3d3d65a: receive RaftClientReply:client-C82EA620EB9B->85302df8-7a7f-4077-a053-c26dc3d3d65a@group-4701ABA8D7D0, cid=328, SUCCESS, logIndex=583, commits[85302df8-7a7f-4077-a053-c26dc3d3d65a:c584]
2019-06-13 22:53:38,021 INFO  client.GrpcClientProtocolClient (GrpcClientProtocolClient.java:onNext(254)) - client-C82EA620EB9B->85302df8-7a7f-4077-a053-c26dc3d3d65a: receive RaftClientReply:client-C82EA620EB9B->85302df8-7a7f-4077-a053-c26dc3d3d65a@group-4701ABA8D7D0, cid=329, SUCCESS, logIndex=585, commits[85302df8-7a7f-4077-a053-c26dc3d3d65a:c585]
2019-06-13 22:53:38,025 INFO  client.GrpcClientProtocolClient (GrpcClientProtocolClient.java:onNext(254)) - client-C82EA620EB9B->85302df8-7a7f-4077-a053-c26dc3d3d65a: receive RaftClientReply:client-C82EA620EB9B->85302df8-7a7f-4077-a053-c26dc3d3d65a@group-4701ABA8D7D0, cid=330, SUCCESS, logIndex=587, commits[85302df8-7a7f-4077-a053-c26dc3d3d65a:c587]
2019-06-13 22:53:38,025 INFO  client.GrpcClientProtocolClient (GrpcClientProtocolClient.java:onNext(254)) - client-C82EA620EB9B->85302df8-7a7f-4077-a053-c26dc3d3d65a: receive RaftClientReply:client-C82EA620EB9B->85302df8-7a7f-4077-a053-c26dc3d3d65a@group-4701ABA8D7D0, cid=331, SUCCESS, logIndex=588, commits[85302df8-7a7f-4077-a053-c26dc3d3d65a:c589]
2019-06-13 22:53:38,025 INFO  client.GrpcClientProtocolClient (GrpcClientProtocolClient.java:onNext(254)) - client-C82EA620EB9B->85302df8-7a7f-4077-a053-c26dc3d3d65a: receive RaftClientReply:client-C82EA620EB9B->85302df8-7a7f-4077-a053-c26dc3d3d65a@group-4701ABA8D7D0, cid=332, SUCCESS, logIndex=589, commits[85302df8-7a7f-4077-a053-c26dc3d3d65a:c590]
2019-06-13 22:53:38,033 INFO  client.GrpcClientProtocolClient (GrpcClientProtocolClient.java:onNext(254)) - client-C82EA620EB9B->85302df8-7a7f-4077-a053-c26dc3d3d65a: receive RaftClientReply:client-C82EA620EB9B->85302df8-7a7f-4077-a053-c26dc3d3d65a@group-4701ABA8D7D0, cid=333, SUCCESS, logIndex=592, commits[85302df8-7a7f-4077-a053-c26dc3d3d65a:c592]
2019-06-13 22:53:38,035 INFO  client.GrpcClientProtocolClient (GrpcClientProtocolClient.java:onNext(254)) - client-C82EA620EB9B->85302df8-7a7f-4077-a053-c26dc3d3d65a: receive RaftClientReply:client-C82EA620EB9B->85302df8-7a7f-4077-a053-c26dc3d3d65a@group-4701ABA8D7D0, cid=334, SUCCESS, logIndex=594, commits[85302df8-7a7f-4077-a053-c26dc3d3d65a:c594]
2019-06-13 22:53:38,036 INFO  client.GrpcClientProtocolClient (GrpcClientProtocolClient.java:onNext(254)) - client-C82EA620EB9B->85302df8-7a7f-4077-a053-c26dc3d3d65a: receive RaftClientReply:client-C82EA620EB9B->85302df8-7a7f-4077-a053-c26dc3d3d65a@group-4701ABA8D7D0, cid=335, SUCCESS, logIndex=595, commits[85302df8-7a7f-4077-a053-c26dc3d3d65a:c597]
2019-06-13 22:53:38,037 INFO  client.GrpcClientProtocolClient (GrpcClientProtocolClient.java:onNext(254)) - client-C82EA620EB9B->85302df8-7a7f-4077-a053-c26dc3d3d65a: receive RaftClientReply:client-C82EA620EB9B->85302df8-7a7f-4077-a053-c26dc3d3d65a@group-4701ABA8D7D0, cid=336, SUCCESS, logIndex=597, commits[85302df8-7a7f-4077-a053-c26dc3d3d65a:c597]
2019-06-13 22:53:38,049 INFO  client.GrpcClientProtocolClient (GrpcClientProtocolClient.java:onNext(254)) - client-C82EA620EB9B->85302df8-7a7f-4077-a053-c26dc3d3d65a: receive RaftClientReply:client-C82EA620EB9B->85302df8-7a7f-4077-a053-c26dc3d3d65a@group-4701ABA8D7D0, cid=337, SUCCESS, logIndex=599, commits[85302df8-7a7f-4077-a053-c26dc3d3d65a:c599]
2019-06-13 22:53:38,269 DEBUG block.SCMBlockDeletingService (SCMBlockDeletingService.java:call(138)) - Running DeletedBlockTransactionScanner
2019-06-13 22:53:38,271 DEBUG block.SCMBlockDeletingService (SCMBlockDeletingService.java:call(155)) - Scanned deleted blocks log and got 0 delTX to process.
2019-06-13 22:53:38,276 INFO  client.GrpcClientProtocolClient (GrpcClientProtocolClient.java:onNext(254)) - client-C82EA620EB9B->85302df8-7a7f-4077-a053-c26dc3d3d65a: receive RaftClientReply:client-C82EA620EB9B->85302df8-7a7f-4077-a053-c26dc3d3d65a@group-4701ABA8D7D0, cid=338, SUCCESS, logIndex=601, commits[85302df8-7a7f-4077-a053-c26dc3d3d65a:c603]
2019-06-13 22:53:38,278 INFO  client.GrpcClientProtocolClient (GrpcClientProtocolClient.java:onNext(254)) - client-C82EA620EB9B->85302df8-7a7f-4077-a053-c26dc3d3d65a: receive RaftClientReply:client-C82EA620EB9B->85302df8-7a7f-4077-a053-c26dc3d3d65a@group-4701ABA8D7D0, cid=339, SUCCESS, logIndex=602, commits[85302df8-7a7f-4077-a053-c26dc3d3d65a:c604]
2019-06-13 22:53:38,278 INFO  client.GrpcClientProtocolClient (GrpcClientProtocolClient.java:onNext(254)) - client-C82EA620EB9B->85302df8-7a7f-4077-a053-c26dc3d3d65a: receive RaftClientReply:client-C82EA620EB9B->85302df8-7a7f-4077-a053-c26dc3d3d65a@group-4701ABA8D7D0, cid=340, SUCCESS, logIndex=603, commits[85302df8-7a7f-4077-a053-c26dc3d3d65a:c604]
2019-06-13 22:53:38,290 INFO  client.GrpcClientProtocolClient (GrpcClientProtocolClient.java:onNext(254)) - client-C82EA620EB9B->85302df8-7a7f-4077-a053-c26dc3d3d65a: receive RaftClientReply:client-C82EA620EB9B->85302df8-7a7f-4077-a053-c26dc3d3d65a@group-4701ABA8D7D0, cid=341, SUCCESS, logIndex=605, commits[85302df8-7a7f-4077-a053-c26dc3d3d65a:c605]
2019-06-13 22:53:38,293 INFO  storage.RaftLogWorker (RaftLogWorker.java:rollLogSegment(303)) - 85302df8-7a7f-4077-a053-c26dc3d3d65a-RaftLogWorker: Rolling segment log-539_609 to index:609
2019-06-13 22:53:38,293 INFO  storage.RaftLogWorker (RaftLogWorker.java:execute(433)) - 85302df8-7a7f-4077-a053-c26dc3d3d65a-RaftLogWorker: Rolled log segment from /opt/src/hadoop-ozone/integration-test/target/test-dir/MiniOzoneClusterImpl-550f9ca0-a6d9-4a4a-902f-f07ac81eac7b/datanode-0/data/ratis/5ad10fc2-5a33-4bdd-8958-4701aba8d7d0/current/log_inprogress_539 to /opt/src/hadoop-ozone/integration-test/target/test-dir/MiniOzoneClusterImpl-550f9ca0-a6d9-4a4a-902f-f07ac81eac7b/datanode-0/data/ratis/5ad10fc2-5a33-4bdd-8958-4701aba8d7d0/current/log_539-609
2019-06-13 22:53:38,296 INFO  client.GrpcClientProtocolClient (GrpcClientProtocolClient.java:onNext(254)) - client-C82EA620EB9B->85302df8-7a7f-4077-a053-c26dc3d3d65a: receive RaftClientReply:client-C82EA620EB9B->85302df8-7a7f-4077-a053-c26dc3d3d65a@group-4701ABA8D7D0, cid=342, SUCCESS, logIndex=607, commits[85302df8-7a7f-4077-a053-c26dc3d3d65a:c607]
2019-06-13 22:53:38,302 INFO  client.GrpcClientProtocolClient (GrpcClientProtocolClient.java:onNext(254)) - client-C82EA620EB9B->85302df8-7a7f-4077-a053-c26dc3d3d65a: receive RaftClientReply:client-C82EA620EB9B->85302df8-7a7f-4077-a053-c26dc3d3d65a@group-4701ABA8D7D0, cid=343, SUCCESS, logIndex=608, commits[85302df8-7a7f-4077-a053-c26dc3d3d65a:c609]
2019-06-13 22:53:38,335 INFO  storage.RaftLogWorker (RaftLogWorker.java:execute(469)) - 85302df8-7a7f-4077-a053-c26dc3d3d65a-RaftLogWorker: created new log segment /opt/src/hadoop-ozone/integration-test/target/test-dir/MiniOzoneClusterImpl-550f9ca0-a6d9-4a4a-902f-f07ac81eac7b/datanode-0/data/ratis/5ad10fc2-5a33-4bdd-8958-4701aba8d7d0/current/log_inprogress_610
2019-06-13 22:53:38,338 INFO  client.GrpcClientProtocolClient (GrpcClientProtocolClient.java:onNext(254)) - client-C82EA620EB9B->85302df8-7a7f-4077-a053-c26dc3d3d65a: receive RaftClientReply:client-C82EA620EB9B->85302df8-7a7f-4077-a053-c26dc3d3d65a@group-4701ABA8D7D0, cid=344, SUCCESS, logIndex=610, commits[85302df8-7a7f-4077-a053-c26dc3d3d65a:c610]
2019-06-13 22:53:38,353 INFO  client.GrpcClientProtocolClient (GrpcClientProtocolClient.java:onNext(254)) - client-C82EA620EB9B->85302df8-7a7f-4077-a053-c26dc3d3d65a: receive RaftClientReply:client-C82EA620EB9B->85302df8-7a7f-4077-a053-c26dc3d3d65a@group-4701ABA8D7D0, cid=345, SUCCESS, logIndex=612, commits[85302df8-7a7f-4077-a053-c26dc3d3d65a:c612]
2019-06-13 22:53:38,358 INFO  client.GrpcClientProtocolClient (GrpcClientProtocolClient.java:onNext(254)) - client-C82EA620EB9B->85302df8-7a7f-4077-a053-c26dc3d3d65a: receive RaftClientReply:client-C82EA620EB9B->85302df8-7a7f-4077-a053-c26dc3d3d65a@group-4701ABA8D7D0, cid=346, SUCCESS, logIndex=614, commits[85302df8-7a7f-4077-a053-c26dc3d3d65a:c614]
2019-06-13 22:53:38,362 INFO  client.GrpcClientProtocolClient (GrpcClientProtocolClient.java:onNext(254)) - client-C82EA620EB9B->85302df8-7a7f-4077-a053-c26dc3d3d65a: receive RaftClientReply:client-C82EA620EB9B->85302df8-7a7f-4077-a053-c26dc3d3d65a@group-4701ABA8D7D0, cid=347, SUCCESS, logIndex=616, commits[85302df8-7a7f-4077-a053-c26dc3d3d65a:c616]
2019-06-13 22:53:38,363 INFO  client.GrpcClientProtocolClient (GrpcClientProtocolClient.java:onNext(254)) - client-C82EA620EB9B->85302df8-7a7f-4077-a053-c26dc3d3d65a: receive RaftClientReply:client-C82EA620EB9B->85302df8-7a7f-4077-a053-c26dc3d3d65a@group-4701ABA8D7D0, cid=348, SUCCESS, logIndex=617, commits[85302df8-7a7f-4077-a053-c26dc3d3d65a:c617]
2019-06-13 22:53:38,371 DEBUG block.SCMBlockDeletingService (SCMBlockDeletingService.java:call(138)) - Running DeletedBlockTransactionScanner
2019-06-13 22:53:38,372 DEBUG block.SCMBlockDeletingService (SCMBlockDeletingService.java:call(155)) - Scanned deleted blocks log and got 0 delTX to process.
2019-06-13 22:53:38,372 INFO  client.GrpcClientProtocolClient (GrpcClientProtocolClient.java:onNext(254)) - client-C82EA620EB9B->85302df8-7a7f-4077-a053-c26dc3d3d65a: receive RaftClientReply:client-C82EA620EB9B->85302df8-7a7f-4077-a053-c26dc3d3d65a@group-4701ABA8D7D0, cid=349, SUCCESS, logIndex=620, commits[85302df8-7a7f-4077-a053-c26dc3d3d65a:c620]
2019-06-13 22:53:38,379 INFO  client.GrpcClientProtocolClient (GrpcClientProtocolClient.java:onNext(254)) - client-C82EA620EB9B->85302df8-7a7f-4077-a053-c26dc3d3d65a: receive RaftClientReply:client-C82EA620EB9B->85302df8-7a7f-4077-a053-c26dc3d3d65a@group-4701ABA8D7D0, cid=350, SUCCESS, logIndex=622, commits[85302df8-7a7f-4077-a053-c26dc3d3d65a:c623]
2019-06-13 22:53:38,380 INFO  client.GrpcClientProtocolClient (GrpcClientProtocolClient.java:onNext(254)) - client-C82EA620EB9B->85302df8-7a7f-4077-a053-c26dc3d3d65a: receive RaftClientReply:client-C82EA620EB9B->85302df8-7a7f-4077-a053-c26dc3d3d65a@group-4701ABA8D7D0, cid=351, SUCCESS, logIndex=623, commits[85302df8-7a7f-4077-a053-c26dc3d3d65a:c624]
2019-06-13 22:53:38,381 INFO  client.GrpcClientProtocolClient (GrpcClientProtocolClient.java:onNext(254)) - client-C82EA620EB9B->85302df8-7a7f-4077-a053-c26dc3d3d65a: receive RaftClientReply:client-C82EA620EB9B->85302df8-7a7f-4077-a053-c26dc3d3d65a@group-4701ABA8D7D0, cid=352, SUCCESS, logIndex=625, commits[85302df8-7a7f-4077-a053-c26dc3d3d65a:c625]
2019-06-13 22:53:38,468 INFO  client.GrpcClientProtocolClient (GrpcClientProtocolClient.java:onNext(254)) - client-C82EA620EB9B->85302df8-7a7f-4077-a053-c26dc3d3d65a: receive RaftClientReply:client-C82EA620EB9B->85302df8-7a7f-4077-a053-c26dc3d3d65a@group-4701ABA8D7D0, cid=353, SUCCESS, logIndex=627, commits[85302df8-7a7f-4077-a053-c26dc3d3d65a:c627]
2019-06-13 22:53:38,472 DEBUG block.SCMBlockDeletingService (SCMBlockDeletingService.java:call(138)) - Running DeletedBlockTransactionScanner
2019-06-13 22:53:38,472 DEBUG block.SCMBlockDeletingService (SCMBlockDeletingService.java:call(155)) - Scanned deleted blocks log and got 0 delTX to process.
2019-06-13 22:53:38,473 INFO  client.GrpcClientProtocolClient (GrpcClientProtocolClient.java:onNext(254)) - client-C82EA620EB9B->85302df8-7a7f-4077-a053-c26dc3d3d65a: receive RaftClientReply:client-C82EA620EB9B->85302df8-7a7f-4077-a053-c26dc3d3d65a@group-4701ABA8D7D0, cid=354, SUCCESS, logIndex=629, commits[85302df8-7a7f-4077-a053-c26dc3d3d65a:c629]
2019-06-13 22:53:38,474 INFO  client.GrpcClientProtocolClient (GrpcClientProtocolClient.java:onNext(254)) - client-C82EA620EB9B->85302df8-7a7f-4077-a053-c26dc3d3d65a: receive RaftClientReply:client-C82EA620EB9B->85302df8-7a7f-4077-a053-c26dc3d3d65a@group-4701ABA8D7D0, cid=355, SUCCESS, logIndex=630, commits[85302df8-7a7f-4077-a053-c26dc3d3d65a:c631]
2019-06-13 22:53:38,474 INFO  client.GrpcClientProtocolClient (GrpcClientProtocolClient.java:onNext(254)) - client-C82EA620EB9B->85302df8-7a7f-4077-a053-c26dc3d3d65a: receive RaftClientReply:client-C82EA620EB9B->85302df8-7a7f-4077-a053-c26dc3d3d65a@group-4701ABA8D7D0, cid=356, SUCCESS, logIndex=632, commits[85302df8-7a7f-4077-a053-c26dc3d3d65a:c632]
2019-06-13 22:53:38,481 INFO  client.GrpcClientProtocolClient (GrpcClientProtocolClient.java:onNext(254)) - client-C82EA620EB9B->85302df8-7a7f-4077-a053-c26dc3d3d65a: receive RaftClientReply:client-C82EA620EB9B->85302df8-7a7f-4077-a053-c26dc3d3d65a@group-4701ABA8D7D0, cid=357, SUCCESS, logIndex=634, commits[85302df8-7a7f-4077-a053-c26dc3d3d65a:c634]
2019-06-13 22:53:38,483 INFO  client.GrpcClientProtocolClient (GrpcClientProtocolClient.java:onNext(254)) - client-C82EA620EB9B->85302df8-7a7f-4077-a053-c26dc3d3d65a: receive RaftClientReply:client-C82EA620EB9B->85302df8-7a7f-4077-a053-c26dc3d3d65a@group-4701ABA8D7D0, cid=358, SUCCESS, logIndex=636, commits[85302df8-7a7f-4077-a053-c26dc3d3d65a:c636]
2019-06-13 22:53:38,485 INFO  client.GrpcClientProtocolClient (GrpcClientProtocolClient.java:onNext(254)) - client-C82EA620EB9B->85302df8-7a7f-4077-a053-c26dc3d3d65a: receive RaftClientReply:client-C82EA620EB9B->85302df8-7a7f-4077-a053-c26dc3d3d65a@group-4701ABA8D7D0, cid=359, SUCCESS, logIndex=637, commits[85302df8-7a7f-4077-a053-c26dc3d3d65a:c639]
2019-06-13 22:53:38,490 INFO  client.GrpcClientProtocolClient (GrpcClientProtocolClient.java:onNext(254)) - client-C82EA620EB9B->85302df8-7a7f-4077-a053-c26dc3d3d65a: receive RaftClientReply:client-C82EA620EB9B->85302df8-7a7f-4077-a053-c26dc3d3d65a@group-4701ABA8D7D0, cid=360, SUCCESS, logIndex=639, commits[85302df8-7a7f-4077-a053-c26dc3d3d65a:c639]
2019-06-13 22:53:38,504 INFO  client.GrpcClientProtocolClient (GrpcClientProtocolClient.java:onNext(254)) - client-C82EA620EB9B->85302df8-7a7f-4077-a053-c26dc3d3d65a: receive RaftClientReply:client-C82EA620EB9B->85302df8-7a7f-4077-a053-c26dc3d3d65a@group-4701ABA8D7D0, cid=361, SUCCESS, logIndex=641, commits[85302df8-7a7f-4077-a053-c26dc3d3d65a:c641]
2019-06-13 22:53:38,508 INFO  client.GrpcClientProtocolClient (GrpcClientProtocolClient.java:onNext(254)) - client-C82EA620EB9B->85302df8-7a7f-4077-a053-c26dc3d3d65a: receive RaftClientReply:client-C82EA620EB9B->85302df8-7a7f-4077-a053-c26dc3d3d65a@group-4701ABA8D7D0, cid=362, SUCCESS, logIndex=643, commits[85302df8-7a7f-4077-a053-c26dc3d3d65a:c644]
2019-06-13 22:53:38,508 INFO  client.GrpcClientProtocolClient (GrpcClientProtocolClient.java:onNext(254)) - client-C82EA620EB9B->85302df8-7a7f-4077-a053-c26dc3d3d65a: receive RaftClientReply:client-C82EA620EB9B->85302df8-7a7f-4077-a053-c26dc3d3d65a@group-4701ABA8D7D0, cid=363, SUCCESS, logIndex=644, commits[85302df8-7a7f-4077-a053-c26dc3d3d65a:c644]
2019-06-13 22:53:38,509 INFO  client.GrpcClientProtocolClient (GrpcClientProtocolClient.java:onNext(254)) - client-C82EA620EB9B->85302df8-7a7f-4077-a053-c26dc3d3d65a: receive RaftClientReply:client-C82EA620EB9B->85302df8-7a7f-4077-a053-c26dc3d3d65a@group-4701ABA8D7D0, cid=364, SUCCESS, logIndex=646, commits[85302df8-7a7f-4077-a053-c26dc3d3d65a:c646]
2019-06-13 22:53:38,516 INFO  client.GrpcClientProtocolClient (GrpcClientProtocolClient.java:onNext(254)) - client-C82EA620EB9B->85302df8-7a7f-4077-a053-c26dc3d3d65a: receive RaftClientReply:client-C82EA620EB9B->85302df8-7a7f-4077-a053-c26dc3d3d65a@group-4701ABA8D7D0, cid=365, SUCCESS, logIndex=649, commits[85302df8-7a7f-4077-a053-c26dc3d3d65a:c649]
2019-06-13 22:53:38,519 INFO  client.GrpcClientProtocolClient (GrpcClientProtocolClient.java:onNext(254)) - client-C82EA620EB9B->85302df8-7a7f-4077-a053-c26dc3d3d65a: receive RaftClientReply:client-C82EA620EB9B->85302df8-7a7f-4077-a053-c26dc3d3d65a@group-4701ABA8D7D0, cid=366, SUCCESS, logIndex=651, commits[85302df8-7a7f-4077-a053-c26dc3d3d65a:c651]
2019-06-13 22:53:38,520 INFO  client.GrpcClientProtocolClient (GrpcClientProtocolClient.java:onNext(254)) - client-C82EA620EB9B->85302df8-7a7f-4077-a053-c26dc3d3d65a: receive RaftClientReply:client-C82EA620EB9B->85302df8-7a7f-4077-a053-c26dc3d3d65a@group-4701ABA8D7D0, cid=367, SUCCESS, logIndex=652, commits[85302df8-7a7f-4077-a053-c26dc3d3d65a:c654]
2019-06-13 22:53:38,520 INFO  client.GrpcClientProtocolClient (GrpcClientProtocolClient.java:onNext(254)) - client-C82EA620EB9B->85302df8-7a7f-4077-a053-c26dc3d3d65a: receive RaftClientReply:client-C82EA620EB9B->85302df8-7a7f-4077-a053-c26dc3d3d65a@group-4701ABA8D7D0, cid=368, SUCCESS, logIndex=653, commits[85302df8-7a7f-4077-a053-c26dc3d3d65a:c654]
2019-06-13 22:53:38,534 INFO  client.GrpcClientProtocolClient (GrpcClientProtocolClient.java:onNext(254)) - client-C82EA620EB9B->85302df8-7a7f-4077-a053-c26dc3d3d65a: receive RaftClientReply:client-C82EA620EB9B->85302df8-7a7f-4077-a053-c26dc3d3d65a@group-4701ABA8D7D0, cid=369, SUCCESS, logIndex=655, commits[85302df8-7a7f-4077-a053-c26dc3d3d65a:c655]
2019-06-13 22:53:38,536 INFO  client.GrpcClientProtocolClient (GrpcClientProtocolClient.java:onNext(254)) - client-C82EA620EB9B->85302df8-7a7f-4077-a053-c26dc3d3d65a: receive RaftClientReply:client-C82EA620EB9B->85302df8-7a7f-4077-a053-c26dc3d3d65a@group-4701ABA8D7D0, cid=370, SUCCESS, logIndex=657, commits[85302df8-7a7f-4077-a053-c26dc3d3d65a:c657]
2019-06-13 22:53:38,538 INFO  client.GrpcClientProtocolClient (GrpcClientProtocolClient.java:onNext(254)) - client-C82EA620EB9B->85302df8-7a7f-4077-a053-c26dc3d3d65a: receive RaftClientReply:client-C82EA620EB9B->85302df8-7a7f-4077-a053-c26dc3d3d65a@group-4701ABA8D7D0, cid=371, SUCCESS, logIndex=658, commits[85302df8-7a7f-4077-a053-c26dc3d3d65a:c659]
2019-06-13 22:53:38,538 INFO  client.GrpcClientProtocolClient (GrpcClientProtocolClient.java:onNext(254)) - client-C82EA620EB9B->85302df8-7a7f-4077-a053-c26dc3d3d65a: receive RaftClientReply:client-C82EA620EB9B->85302df8-7a7f-4077-a053-c26dc3d3d65a@group-4701ABA8D7D0, cid=372, SUCCESS, logIndex=659, commits[85302df8-7a7f-4077-a053-c26dc3d3d65a:c659]
2019-06-13 22:53:38,548 INFO  client.GrpcClientProtocolClient (GrpcClientProtocolClient.java:onNext(254)) - client-C82EA620EB9B->85302df8-7a7f-4077-a053-c26dc3d3d65a: receive RaftClientReply:client-C82EA620EB9B->85302df8-7a7f-4077-a053-c26dc3d3d65a@group-4701ABA8D7D0, cid=373, SUCCESS, logIndex=662, commits[85302df8-7a7f-4077-a053-c26dc3d3d65a:c662]
2019-06-13 22:53:38,550 INFO  client.GrpcClientProtocolClient (GrpcClientProtocolClient.java:onNext(254)) - client-C82EA620EB9B->85302df8-7a7f-4077-a053-c26dc3d3d65a: receive RaftClientReply:client-C82EA620EB9B->85302df8-7a7f-4077-a053-c26dc3d3d65a@group-4701ABA8D7D0, cid=374, SUCCESS, logIndex=664, commits[85302df8-7a7f-4077-a053-c26dc3d3d65a:c664]
2019-06-13 22:53:38,552 INFO  client.GrpcClientProtocolClient (GrpcClientProtocolClient.java:onNext(254)) - client-C82EA620EB9B->85302df8-7a7f-4077-a053-c26dc3d3d65a: receive RaftClientReply:client-C82EA620EB9B->85302df8-7a7f-4077-a053-c26dc3d3d65a@group-4701ABA8D7D0, cid=375, SUCCESS, logIndex=665, commits[85302df8-7a7f-4077-a053-c26dc3d3d65a:c667]
2019-06-13 22:53:38,553 INFO  client.GrpcClientProtocolClient (GrpcClientProtocolClient.java:onNext(254)) - client-C82EA620EB9B->85302df8-7a7f-4077-a053-c26dc3d3d65a: receive RaftClientReply:client-C82EA620EB9B->85302df8-7a7f-4077-a053-c26dc3d3d65a@group-4701ABA8D7D0, cid=376, SUCCESS, logIndex=667, commits[85302df8-7a7f-4077-a053-c26dc3d3d65a:c667]
2019-06-13 22:53:38,566 INFO  client.GrpcClientProtocolClient (GrpcClientProtocolClient.java:onNext(254)) - client-C82EA620EB9B->85302df8-7a7f-4077-a053-c26dc3d3d65a: receive RaftClientReply:client-C82EA620EB9B->85302df8-7a7f-4077-a053-c26dc3d3d65a@group-4701ABA8D7D0, cid=377, SUCCESS, logIndex=669, commits[85302df8-7a7f-4077-a053-c26dc3d3d65a:c669]
2019-06-13 22:53:38,568 INFO  client.GrpcClientProtocolClient (GrpcClientProtocolClient.java:onNext(254)) - client-C82EA620EB9B->85302df8-7a7f-4077-a053-c26dc3d3d65a: receive RaftClientReply:client-C82EA620EB9B->85302df8-7a7f-4077-a053-c26dc3d3d65a@group-4701ABA8D7D0, cid=378, SUCCESS, logIndex=671, commits[85302df8-7a7f-4077-a053-c26dc3d3d65a:c671]
2019-06-13 22:53:38,571 INFO  client.GrpcClientProtocolClient (GrpcClientProtocolClient.java:onNext(254)) - client-C82EA620EB9B->85302df8-7a7f-4077-a053-c26dc3d3d65a: receive RaftClientReply:client-C82EA620EB9B->85302df8-7a7f-4077-a053-c26dc3d3d65a@group-4701ABA8D7D0, cid=379, SUCCESS, logIndex=673, commits[85302df8-7a7f-4077-a053-c26dc3d3d65a:c674]
2019-06-13 22:53:38,572 INFO  client.GrpcClientProtocolClient (GrpcClientProtocolClient.java:onNext(254)) - client-C82EA620EB9B->85302df8-7a7f-4077-a053-c26dc3d3d65a: receive RaftClientReply:client-C82EA620EB9B->85302df8-7a7f-4077-a053-c26dc3d3d65a@group-4701ABA8D7D0, cid=380, SUCCESS, logIndex=674, commits[85302df8-7a7f-4077-a053-c26dc3d3d65a:c675]
2019-06-13 22:53:38,573 DEBUG block.SCMBlockDeletingService (SCMBlockDeletingService.java:call(138)) - Running DeletedBlockTransactionScanner
2019-06-13 22:53:38,573 DEBUG block.SCMBlockDeletingService (SCMBlockDeletingService.java:call(155)) - Scanned deleted blocks log and got 0 delTX to process.
2019-06-13 22:53:38,582 INFO  client.GrpcClientProtocolClient (GrpcClientProtocolClient.java:onNext(254)) - client-C82EA620EB9B->85302df8-7a7f-4077-a053-c26dc3d3d65a: receive RaftClientReply:client-C82EA620EB9B->85302df8-7a7f-4077-a053-c26dc3d3d65a@group-4701ABA8D7D0, cid=381, SUCCESS, logIndex=676, commits[85302df8-7a7f-4077-a053-c26dc3d3d65a:c676]
2019-06-13 22:53:38,587 INFO  client.GrpcClientProtocolClient (GrpcClientProtocolClient.java:onNext(254)) - client-C82EA620EB9B->85302df8-7a7f-4077-a053-c26dc3d3d65a: receive RaftClientReply:client-C82EA620EB9B->85302df8-7a7f-4077-a053-c26dc3d3d65a@group-4701ABA8D7D0, cid=382, SUCCESS, logIndex=678, commits[85302df8-7a7f-4077-a053-c26dc3d3d65a:c678]
2019-06-13 22:53:38,589 INFO  client.GrpcClientProtocolClient (GrpcClientProtocolClient.java:onNext(254)) - client-C82EA620EB9B->85302df8-7a7f-4077-a053-c26dc3d3d65a: receive RaftClientReply:client-C82EA620EB9B->85302df8-7a7f-4077-a053-c26dc3d3d65a@group-4701ABA8D7D0, cid=383, SUCCESS, logIndex=679, commits[85302df8-7a7f-4077-a053-c26dc3d3d65a:c680]
2019-06-13 22:53:38,590 INFO  client.GrpcClientProtocolClient (GrpcClientProtocolClient.java:onNext(254)) - client-C82EA620EB9B->85302df8-7a7f-4077-a053-c26dc3d3d65a: receive RaftClientReply:client-C82EA620EB9B->85302df8-7a7f-4077-a053-c26dc3d3d65a@group-4701ABA8D7D0, cid=384, SUCCESS, logIndex=680, commits[85302df8-7a7f-4077-a053-c26dc3d3d65a:c682]
2019-06-13 22:53:38,603 INFO  client.GrpcClientProtocolClient (GrpcClientProtocolClient.java:onNext(254)) - client-C82EA620EB9B->85302df8-7a7f-4077-a053-c26dc3d3d65a: receive RaftClientReply:client-C82EA620EB9B->85302df8-7a7f-4077-a053-c26dc3d3d65a@group-4701ABA8D7D0, cid=385, SUCCESS, logIndex=683, commits[85302df8-7a7f-4077-a053-c26dc3d3d65a:c683]
2019-06-13 22:53:38,604 INFO  client.GrpcClientProtocolClient (GrpcClientProtocolClient.java:onNext(254)) - client-C82EA620EB9B->85302df8-7a7f-4077-a053-c26dc3d3d65a: receive RaftClientReply:client-C82EA620EB9B->85302df8-7a7f-4077-a053-c26dc3d3d65a@group-4701ABA8D7D0, cid=386, SUCCESS, logIndex=685, commits[85302df8-7a7f-4077-a053-c26dc3d3d65a:c685]
2019-06-13 22:53:38,604 INFO  storage.RaftLogWorker (RaftLogWorker.java:rollLogSegment(303)) - 85302df8-7a7f-4077-a053-c26dc3d3d65a-RaftLogWorker: Rolling segment log-610_686 to index:686
2019-06-13 22:53:38,605 INFO  storage.RaftLogWorker (RaftLogWorker.java:execute(433)) - 85302df8-7a7f-4077-a053-c26dc3d3d65a-RaftLogWorker: Rolled log segment from /opt/src/hadoop-ozone/integration-test/target/test-dir/MiniOzoneClusterImpl-550f9ca0-a6d9-4a4a-902f-f07ac81eac7b/datanode-0/data/ratis/5ad10fc2-5a33-4bdd-8958-4701aba8d7d0/current/log_inprogress_610 to /opt/src/hadoop-ozone/integration-test/target/test-dir/MiniOzoneClusterImpl-550f9ca0-a6d9-4a4a-902f-f07ac81eac7b/datanode-0/data/ratis/5ad10fc2-5a33-4bdd-8958-4701aba8d7d0/current/log_610-686
2019-06-13 22:53:38,645 INFO  storage.RaftLogWorker (RaftLogWorker.java:execute(469)) - 85302df8-7a7f-4077-a053-c26dc3d3d65a-RaftLogWorker: created new log segment /opt/src/hadoop-ozone/integration-test/target/test-dir/MiniOzoneClusterImpl-550f9ca0-a6d9-4a4a-902f-f07ac81eac7b/datanode-0/data/ratis/5ad10fc2-5a33-4bdd-8958-4701aba8d7d0/current/log_inprogress_687
2019-06-13 22:53:38,648 INFO  client.GrpcClientProtocolClient (GrpcClientProtocolClient.java:onNext(254)) - client-C82EA620EB9B->85302df8-7a7f-4077-a053-c26dc3d3d65a: receive RaftClientReply:client-C82EA620EB9B->85302df8-7a7f-4077-a053-c26dc3d3d65a@group-4701ABA8D7D0, cid=387, SUCCESS, logIndex=687, commits[85302df8-7a7f-4077-a053-c26dc3d3d65a:c688]
2019-06-13 22:53:38,649 INFO  client.GrpcClientProtocolClient (GrpcClientProtocolClient.java:onNext(254)) - client-C82EA620EB9B->85302df8-7a7f-4077-a053-c26dc3d3d65a: receive RaftClientReply:client-C82EA620EB9B->85302df8-7a7f-4077-a053-c26dc3d3d65a@group-4701ABA8D7D0, cid=388, SUCCESS, logIndex=688, commits[85302df8-7a7f-4077-a053-c26dc3d3d65a:c689]
2019-06-13 22:53:38,657 INFO  client.GrpcClientProtocolClient (GrpcClientProtocolClient.java:onNext(254)) - client-C82EA620EB9B->85302df8-7a7f-4077-a053-c26dc3d3d65a: receive RaftClientReply:client-C82EA620EB9B->85302df8-7a7f-4077-a053-c26dc3d3d65a@group-4701ABA8D7D0, cid=389, SUCCESS, logIndex=690, commits[85302df8-7a7f-4077-a053-c26dc3d3d65a:c690]
2019-06-13 22:53:38,659 INFO  client.GrpcClientProtocolClient (GrpcClientProtocolClient.java:onNext(254)) - client-C82EA620EB9B->85302df8-7a7f-4077-a053-c26dc3d3d65a: receive RaftClientReply:client-C82EA620EB9B->85302df8-7a7f-4077-a053-c26dc3d3d65a@group-4701ABA8D7D0, cid=390, SUCCESS, logIndex=692, commits[85302df8-7a7f-4077-a053-c26dc3d3d65a:c692]
2019-06-13 22:53:38,660 INFO  client.GrpcClientProtocolClient (GrpcClientProtocolClient.java:onNext(254)) - client-C82EA620EB9B->85302df8-7a7f-4077-a053-c26dc3d3d65a: receive RaftClientReply:client-C82EA620EB9B->85302df8-7a7f-4077-a053-c26dc3d3d65a@group-4701ABA8D7D0, cid=391, SUCCESS, logIndex=693, commits[85302df8-7a7f-4077-a053-c26dc3d3d65a:c693]
2019-06-13 22:53:38,661 INFO  client.GrpcClientProtocolClient (GrpcClientProtocolClient.java:onNext(254)) - client-C82EA620EB9B->85302df8-7a7f-4077-a053-c26dc3d3d65a: receive RaftClientReply:client-C82EA620EB9B->85302df8-7a7f-4077-a053-c26dc3d3d65a@group-4701ABA8D7D0, cid=392, SUCCESS, logIndex=695, commits[85302df8-7a7f-4077-a053-c26dc3d3d65a:c695]
2019-06-13 22:53:38,674 DEBUG block.SCMBlockDeletingService (SCMBlockDeletingService.java:call(138)) - Running DeletedBlockTransactionScanner
2019-06-13 22:53:38,674 DEBUG block.SCMBlockDeletingService (SCMBlockDeletingService.java:call(155)) - Scanned deleted blocks log and got 0 delTX to process.
2019-06-13 22:53:38,675 INFO  client.GrpcClientProtocolClient (GrpcClientProtocolClient.java:onNext(254)) - client-C82EA620EB9B->85302df8-7a7f-4077-a053-c26dc3d3d65a: receive RaftClientReply:client-C82EA620EB9B->85302df8-7a7f-4077-a053-c26dc3d3d65a@group-4701ABA8D7D0, cid=393, SUCCESS, logIndex=698, commits[85302df8-7a7f-4077-a053-c26dc3d3d65a:c698]
2019-06-13 22:53:38,679 INFO  client.GrpcClientProtocolClient (GrpcClientProtocolClient.java:onNext(254)) - client-C82EA620EB9B->85302df8-7a7f-4077-a053-c26dc3d3d65a: receive RaftClientReply:client-C82EA620EB9B->85302df8-7a7f-4077-a053-c26dc3d3d65a@group-4701ABA8D7D0, cid=394, SUCCESS, logIndex=700, commits[85302df8-7a7f-4077-a053-c26dc3d3d65a:c700]
2019-06-13 22:53:38,680 INFO  client.GrpcClientProtocolClient (GrpcClientProtocolClient.java:onNext(254)) - client-C82EA620EB9B->85302df8-7a7f-4077-a053-c26dc3d3d65a: receive RaftClientReply:client-C82EA620EB9B->85302df8-7a7f-4077-a053-c26dc3d3d65a@group-4701ABA8D7D0, cid=395, SUCCESS, logIndex=701, commits[85302df8-7a7f-4077-a053-c26dc3d3d65a:c703]
2019-06-13 22:53:38,681 INFO  client.GrpcClientProtocolClient (GrpcClientProtocolClient.java:onNext(254)) - client-C82EA620EB9B->85302df8-7a7f-4077-a053-c26dc3d3d65a: receive RaftClientReply:client-C82EA620EB9B->85302df8-7a7f-4077-a053-c26dc3d3d65a@group-4701ABA8D7D0, cid=396, SUCCESS, logIndex=702, commits[85302df8-7a7f-4077-a053-c26dc3d3d65a:c703]
2019-06-13 22:53:38,787 DEBUG block.SCMBlockDeletingService (SCMBlockDeletingService.java:call(138)) - Running DeletedBlockTransactionScanner
2019-06-13 22:53:38,787 DEBUG block.SCMBlockDeletingService (SCMBlockDeletingService.java:call(155)) - Scanned deleted blocks log and got 0 delTX to process.
2019-06-13 22:53:38,800 INFO  client.GrpcClientProtocolClient (GrpcClientProtocolClient.java:onNext(254)) - client-C82EA620EB9B->85302df8-7a7f-4077-a053-c26dc3d3d65a: receive RaftClientReply:client-C82EA620EB9B->85302df8-7a7f-4077-a053-c26dc3d3d65a@group-4701ABA8D7D0, cid=397, SUCCESS, logIndex=704, commits[85302df8-7a7f-4077-a053-c26dc3d3d65a:c704]
2019-06-13 22:53:38,805 INFO  client.GrpcClientProtocolClient (GrpcClientProtocolClient.java:onNext(254)) - client-C82EA620EB9B->85302df8-7a7f-4077-a053-c26dc3d3d65a: receive RaftClientReply:client-C82EA620EB9B->85302df8-7a7f-4077-a053-c26dc3d3d65a@group-4701ABA8D7D0, cid=398, SUCCESS, logIndex=706, commits[85302df8-7a7f-4077-a053-c26dc3d3d65a:c708]
2019-06-13 22:53:38,810 INFO  client.GrpcClientProtocolClient (GrpcClientProtocolClient.java:onNext(254)) - client-C82EA620EB9B->85302df8-7a7f-4077-a053-c26dc3d3d65a: receive RaftClientReply:client-C82EA620EB9B->85302df8-7a7f-4077-a053-c26dc3d3d65a@group-4701ABA8D7D0, cid=399, SUCCESS, logIndex=707, commits[85302df8-7a7f-4077-a053-c26dc3d3d65a:c708]
2019-06-13 22:53:38,810 INFO  client.GrpcClientProtocolClient (GrpcClientProtocolClient.java:onNext(254)) - client-C82EA620EB9B->85302df8-7a7f-4077-a053-c26dc3d3d65a: receive RaftClientReply:client-C82EA620EB9B->85302df8-7a7f-4077-a053-c26dc3d3d65a@group-4701ABA8D7D0, cid=400, SUCCESS, logIndex=708, commits[85302df8-7a7f-4077-a053-c26dc3d3d65a:c709]
2019-06-13 22:53:38,824 INFO  client.GrpcClientProtocolClient (GrpcClientProtocolClient.java:onNext(254)) - client-C82EA620EB9B->85302df8-7a7f-4077-a053-c26dc3d3d65a: receive RaftClientReply:client-C82EA620EB9B->85302df8-7a7f-4077-a053-c26dc3d3d65a@group-4701ABA8D7D0, cid=401, SUCCESS, logIndex=710, commits[85302df8-7a7f-4077-a053-c26dc3d3d65a:c710]
2019-06-13 22:53:38,825 INFO  client.GrpcClientProtocolClient (GrpcClientProtocolClient.java:onNext(254)) - client-C82EA620EB9B->85302df8-7a7f-4077-a053-c26dc3d3d65a: receive RaftClientReply:client-C82EA620EB9B->85302df8-7a7f-4077-a053-c26dc3d3d65a@group-4701ABA8D7D0, cid=402, SUCCESS, logIndex=712, commits[85302df8-7a7f-4077-a053-c26dc3d3d65a:c712]
2019-06-13 22:53:38,827 INFO  client.GrpcClientProtocolClient (GrpcClientProtocolClient.java:onNext(254)) - client-C82EA620EB9B->85302df8-7a7f-4077-a053-c26dc3d3d65a: receive RaftClientReply:client-C82EA620EB9B->85302df8-7a7f-4077-a053-c26dc3d3d65a@group-4701ABA8D7D0, cid=403, SUCCESS, logIndex=713, commits[85302df8-7a7f-4077-a053-c26dc3d3d65a:c715]
2019-06-13 22:53:38,827 INFO  client.GrpcClientProtocolClient (GrpcClientProtocolClient.java:onNext(254)) - client-C82EA620EB9B->85302df8-7a7f-4077-a053-c26dc3d3d65a: receive RaftClientReply:client-C82EA620EB9B->85302df8-7a7f-4077-a053-c26dc3d3d65a@group-4701ABA8D7D0, cid=404, SUCCESS, logIndex=715, commits[85302df8-7a7f-4077-a053-c26dc3d3d65a:c716]
2019-06-13 22:53:38,836 INFO  client.GrpcClientProtocolClient (GrpcClientProtocolClient.java:onNext(254)) - client-C82EA620EB9B->85302df8-7a7f-4077-a053-c26dc3d3d65a: receive RaftClientReply:client-C82EA620EB9B->85302df8-7a7f-4077-a053-c26dc3d3d65a@group-4701ABA8D7D0, cid=405, SUCCESS, logIndex=717, commits[85302df8-7a7f-4077-a053-c26dc3d3d65a:c717]
2019-06-13 22:53:38,838 INFO  client.GrpcClientProtocolClient (GrpcClientProtocolClient.java:onNext(254)) - client-C82EA620EB9B->85302df8-7a7f-4077-a053-c26dc3d3d65a: receive RaftClientReply:client-C82EA620EB9B->85302df8-7a7f-4077-a053-c26dc3d3d65a@group-4701ABA8D7D0, cid=406, SUCCESS, logIndex=719, commits[85302df8-7a7f-4077-a053-c26dc3d3d65a:c719]
2019-06-13 22:53:38,839 INFO  client.GrpcClientProtocolClient (GrpcClientProtocolClient.java:onNext(254)) - client-C82EA620EB9B->85302df8-7a7f-4077-a053-c26dc3d3d65a: receive RaftClientReply:client-C82EA620EB9B->85302df8-7a7f-4077-a053-c26dc3d3d65a@group-4701ABA8D7D0, cid=407, SUCCESS, logIndex=720, commits[85302df8-7a7f-4077-a053-c26dc3d3d65a:c721]
2019-06-13 22:53:38,840 INFO  client.GrpcClientProtocolClient (GrpcClientProtocolClient.java:onNext(254)) - client-C82EA620EB9B->85302df8-7a7f-4077-a053-c26dc3d3d65a: receive RaftClientReply:client-C82EA620EB9B->85302df8-7a7f-4077-a053-c26dc3d3d65a@group-4701ABA8D7D0, cid=408, SUCCESS, logIndex=721, commits[85302df8-7a7f-4077-a053-c26dc3d3d65a:c722]
2019-06-13 22:53:38,852 INFO  client.GrpcClientProtocolClient (GrpcClientProtocolClient.java:onNext(254)) - client-C82EA620EB9B->85302df8-7a7f-4077-a053-c26dc3d3d65a: receive RaftClientReply:client-C82EA620EB9B->85302df8-7a7f-4077-a053-c26dc3d3d65a@group-4701ABA8D7D0, cid=409, SUCCESS, logIndex=724, commits[85302df8-7a7f-4077-a053-c26dc3d3d65a:c724]
2019-06-13 22:53:38,856 INFO  client.GrpcClientProtocolClient (GrpcClientProtocolClient.java:onNext(254)) - client-C82EA620EB9B->85302df8-7a7f-4077-a053-c26dc3d3d65a: receive RaftClientReply:client-C82EA620EB9B->85302df8-7a7f-4077-a053-c26dc3d3d65a@group-4701ABA8D7D0, cid=410, SUCCESS, logIndex=726, commits[85302df8-7a7f-4077-a053-c26dc3d3d65a:c726]
2019-06-13 22:53:38,857 INFO  client.GrpcClientProtocolClient (GrpcClientProtocolClient.java:onNext(254)) - client-C82EA620EB9B->85302df8-7a7f-4077-a053-c26dc3d3d65a: receive RaftClientReply:client-C82EA620EB9B->85302df8-7a7f-4077-a053-c26dc3d3d65a@group-4701ABA8D7D0, cid=411, SUCCESS, logIndex=727, commits[85302df8-7a7f-4077-a053-c26dc3d3d65a:c729]
2019-06-13 22:53:38,858 INFO  client.GrpcClientProtocolClient (GrpcClientProtocolClient.java:onNext(254)) - client-C82EA620EB9B->85302df8-7a7f-4077-a053-c26dc3d3d65a: receive RaftClientReply:client-C82EA620EB9B->85302df8-7a7f-4077-a053-c26dc3d3d65a@group-4701ABA8D7D0, cid=412, SUCCESS, logIndex=728, commits[85302df8-7a7f-4077-a053-c26dc3d3d65a:c730]
2019-06-13 22:53:38,866 INFO  client.GrpcClientProtocolClient (GrpcClientProtocolClient.java:onNext(254)) - client-C82EA620EB9B->85302df8-7a7f-4077-a053-c26dc3d3d65a: receive RaftClientReply:client-C82EA620EB9B->85302df8-7a7f-4077-a053-c26dc3d3d65a@group-4701ABA8D7D0, cid=413, SUCCESS, logIndex=731, commits[85302df8-7a7f-4077-a053-c26dc3d3d65a:c731]
2019-06-13 22:53:38,870 INFO  client.GrpcClientProtocolClient (GrpcClientProtocolClient.java:onNext(254)) - client-C82EA620EB9B->85302df8-7a7f-4077-a053-c26dc3d3d65a: receive RaftClientReply:client-C82EA620EB9B->85302df8-7a7f-4077-a053-c26dc3d3d65a@group-4701ABA8D7D0, cid=414, SUCCESS, logIndex=733, commits[85302df8-7a7f-4077-a053-c26dc3d3d65a:c733]
2019-06-13 22:53:38,871 INFO  client.GrpcClientProtocolClient (GrpcClientProtocolClient.java:onNext(254)) - client-C82EA620EB9B->85302df8-7a7f-4077-a053-c26dc3d3d65a: receive RaftClientReply:client-C82EA620EB9B->85302df8-7a7f-4077-a053-c26dc3d3d65a@group-4701ABA8D7D0, cid=415, SUCCESS, logIndex=734, commits[85302df8-7a7f-4077-a053-c26dc3d3d65a:c734]
2019-06-13 22:53:38,872 INFO  client.GrpcClientProtocolClient (GrpcClientProtocolClient.java:onNext(254)) - client-C82EA620EB9B->85302df8-7a7f-4077-a053-c26dc3d3d65a: receive RaftClientReply:client-C82EA620EB9B->85302df8-7a7f-4077-a053-c26dc3d3d65a@group-4701ABA8D7D0, cid=416, SUCCESS, logIndex=737, commits[85302df8-7a7f-4077-a053-c26dc3d3d65a:c737]
2019-06-13 22:53:38,885 INFO  client.GrpcClientProtocolClient (GrpcClientProtocolClient.java:onNext(254)) - client-C82EA620EB9B->85302df8-7a7f-4077-a053-c26dc3d3d65a: receive RaftClientReply:client-C82EA620EB9B->85302df8-7a7f-4077-a053-c26dc3d3d65a@group-4701ABA8D7D0, cid=417, SUCCESS, logIndex=739, commits[85302df8-7a7f-4077-a053-c26dc3d3d65a:c739]
2019-06-13 22:53:38,887 INFO  client.GrpcClientProtocolClient (GrpcClientProtocolClient.java:onNext(254)) - client-C82EA620EB9B->85302df8-7a7f-4077-a053-c26dc3d3d65a: receive RaftClientReply:client-C82EA620EB9B->85302df8-7a7f-4077-a053-c26dc3d3d65a@group-4701ABA8D7D0, cid=418, SUCCESS, logIndex=741, commits[85302df8-7a7f-4077-a053-c26dc3d3d65a:c741]
2019-06-13 22:53:38,887 DEBUG block.SCMBlockDeletingService (SCMBlockDeletingService.java:call(138)) - Running DeletedBlockTransactionScanner
2019-06-13 22:53:38,890 INFO  client.GrpcClientProtocolClient (GrpcClientProtocolClient.java:onNext(254)) - client-C82EA620EB9B->85302df8-7a7f-4077-a053-c26dc3d3d65a: receive RaftClientReply:client-C82EA620EB9B->85302df8-7a7f-4077-a053-c26dc3d3d65a@group-4701ABA8D7D0, cid=419, SUCCESS, logIndex=742, commits[85302df8-7a7f-4077-a053-c26dc3d3d65a:c744]
2019-06-13 22:53:38,892 DEBUG block.SCMBlockDeletingService (SCMBlockDeletingService.java:call(155)) - Scanned deleted blocks log and got 0 delTX to process.
2019-06-13 22:53:38,893 INFO  client.GrpcClientProtocolClient (GrpcClientProtocolClient.java:onNext(254)) - client-C82EA620EB9B->85302df8-7a7f-4077-a053-c26dc3d3d65a: receive RaftClientReply:client-C82EA620EB9B->85302df8-7a7f-4077-a053-c26dc3d3d65a@group-4701ABA8D7D0, cid=420, SUCCESS, logIndex=744, commits[85302df8-7a7f-4077-a053-c26dc3d3d65a:c744]
2019-06-13 22:53:38,900 INFO  client.GrpcClientProtocolClient (GrpcClientProtocolClient.java:onNext(254)) - client-C82EA620EB9B->85302df8-7a7f-4077-a053-c26dc3d3d65a: receive RaftClientReply:client-C82EA620EB9B->85302df8-7a7f-4077-a053-c26dc3d3d65a@group-4701ABA8D7D0, cid=421, SUCCESS, logIndex=746, commits[85302df8-7a7f-4077-a053-c26dc3d3d65a:c746]
2019-06-13 22:53:38,902 INFO  client.GrpcClientProtocolClient (GrpcClientProtocolClient.java:onNext(254)) - client-C82EA620EB9B->85302df8-7a7f-4077-a053-c26dc3d3d65a: receive RaftClientReply:client-C82EA620EB9B->85302df8-7a7f-4077-a053-c26dc3d3d65a@group-4701ABA8D7D0, cid=422, SUCCESS, logIndex=748, commits[85302df8-7a7f-4077-a053-c26dc3d3d65a:c748]
2019-06-13 22:53:38,906 INFO  client.GrpcClientProtocolClient (GrpcClientProtocolClient.java:onNext(254)) - client-C82EA620EB9B->85302df8-7a7f-4077-a053-c26dc3d3d65a: receive RaftClientReply:client-C82EA620EB9B->85302df8-7a7f-4077-a053-c26dc3d3d65a@group-4701ABA8D7D0, cid=423, SUCCESS, logIndex=749, commits[85302df8-7a7f-4077-a053-c26dc3d3d65a:c751]
2019-06-13 22:53:38,906 INFO  client.GrpcClientProtocolClient (GrpcClientProtocolClient.java:onNext(254)) - client-C82EA620EB9B->85302df8-7a7f-4077-a053-c26dc3d3d65a: receive RaftClientReply:client-C82EA620EB9B->85302df8-7a7f-4077-a053-c26dc3d3d65a@group-4701ABA8D7D0, cid=424, SUCCESS, logIndex=751, commits[85302df8-7a7f-4077-a053-c26dc3d3d65a:c751]
2019-06-13 22:53:38,926 INFO  client.GrpcClientProtocolClient (GrpcClientProtocolClient.java:onNext(254)) - client-C82EA620EB9B->85302df8-7a7f-4077-a053-c26dc3d3d65a: receive RaftClientReply:client-C82EA620EB9B->85302df8-7a7f-4077-a053-c26dc3d3d65a@group-4701ABA8D7D0, cid=425, SUCCESS, logIndex=753, commits[85302df8-7a7f-4077-a053-c26dc3d3d65a:c753]
2019-06-13 22:53:38,928 INFO  client.GrpcClientProtocolClient (GrpcClientProtocolClient.java:onNext(254)) - client-C82EA620EB9B->85302df8-7a7f-4077-a053-c26dc3d3d65a: receive RaftClientReply:client-C82EA620EB9B->85302df8-7a7f-4077-a053-c26dc3d3d65a@group-4701ABA8D7D0, cid=426, SUCCESS, logIndex=755, commits[85302df8-7a7f-4077-a053-c26dc3d3d65a:c756]
2019-06-13 22:53:38,934 INFO  client.GrpcClientProtocolClient (GrpcClientProtocolClient.java:onNext(254)) - client-C82EA620EB9B->85302df8-7a7f-4077-a053-c26dc3d3d65a: receive RaftClientReply:client-C82EA620EB9B->85302df8-7a7f-4077-a053-c26dc3d3d65a@group-4701ABA8D7D0, cid=427, SUCCESS, logIndex=757, commits[85302df8-7a7f-4077-a053-c26dc3d3d65a:c757]
2019-06-13 22:53:38,935 INFO  client.GrpcClientProtocolClient (GrpcClientProtocolClient.java:onNext(254)) - client-C82EA620EB9B->85302df8-7a7f-4077-a053-c26dc3d3d65a: receive RaftClientReply:client-C82EA620EB9B->85302df8-7a7f-4077-a053-c26dc3d3d65a@group-4701ABA8D7D0, cid=428, SUCCESS, logIndex=758, commits[85302df8-7a7f-4077-a053-c26dc3d3d65a:c759]
2019-06-13 22:53:38,943 INFO  client.GrpcClientProtocolClient (GrpcClientProtocolClient.java:onNext(254)) - client-C82EA620EB9B->85302df8-7a7f-4077-a053-c26dc3d3d65a: receive RaftClientReply:client-C82EA620EB9B->85302df8-7a7f-4077-a053-c26dc3d3d65a@group-4701ABA8D7D0, cid=429, SUCCESS, logIndex=760, commits[85302df8-7a7f-4077-a053-c26dc3d3d65a:c760]
2019-06-13 22:53:38,943 INFO  storage.RaftLogWorker (RaftLogWorker.java:rollLogSegment(303)) - 85302df8-7a7f-4077-a053-c26dc3d3d65a-RaftLogWorker: Rolling segment log-687_761 to index:761
2019-06-13 22:53:38,943 INFO  storage.RaftLogWorker (RaftLogWorker.java:execute(433)) - 85302df8-7a7f-4077-a053-c26dc3d3d65a-RaftLogWorker: Rolled log segment from /opt/src/hadoop-ozone/integration-test/target/test-dir/MiniOzoneClusterImpl-550f9ca0-a6d9-4a4a-902f-f07ac81eac7b/datanode-0/data/ratis/5ad10fc2-5a33-4bdd-8958-4701aba8d7d0/current/log_inprogress_687 to /opt/src/hadoop-ozone/integration-test/target/test-dir/MiniOzoneClusterImpl-550f9ca0-a6d9-4a4a-902f-f07ac81eac7b/datanode-0/data/ratis/5ad10fc2-5a33-4bdd-8958-4701aba8d7d0/current/log_687-761
2019-06-13 22:53:38,980 INFO  storage.RaftLogWorker (RaftLogWorker.java:execute(469)) - 85302df8-7a7f-4077-a053-c26dc3d3d65a-RaftLogWorker: created new log segment /opt/src/hadoop-ozone/integration-test/target/test-dir/MiniOzoneClusterImpl-550f9ca0-a6d9-4a4a-902f-f07ac81eac7b/datanode-0/data/ratis/5ad10fc2-5a33-4bdd-8958-4701aba8d7d0/current/log_inprogress_762
2019-06-13 22:53:38,982 INFO  client.GrpcClientProtocolClient (GrpcClientProtocolClient.java:onNext(254)) - client-C82EA620EB9B->85302df8-7a7f-4077-a053-c26dc3d3d65a: receive RaftClientReply:client-C82EA620EB9B->85302df8-7a7f-4077-a053-c26dc3d3d65a@group-4701ABA8D7D0, cid=430, SUCCESS, logIndex=762, commits[85302df8-7a7f-4077-a053-c26dc3d3d65a:c763]
2019-06-13 22:53:38,987 INFO  client.GrpcClientProtocolClient (GrpcClientProtocolClient.java:onNext(254)) - client-C82EA620EB9B->85302df8-7a7f-4077-a053-c26dc3d3d65a: receive RaftClientReply:client-C82EA620EB9B->85302df8-7a7f-4077-a053-c26dc3d3d65a@group-4701ABA8D7D0, cid=431, SUCCESS, logIndex=764, commits[85302df8-7a7f-4077-a053-c26dc3d3d65a:c765]
2019-06-13 22:53:38,988 INFO  client.GrpcClientProtocolClient (GrpcClientProtocolClient.java:onNext(254)) - client-C82EA620EB9B->85302df8-7a7f-4077-a053-c26dc3d3d65a: receive RaftClientReply:client-C82EA620EB9B->85302df8-7a7f-4077-a053-c26dc3d3d65a@group-4701ABA8D7D0, cid=432, SUCCESS, logIndex=765, commits[85302df8-7a7f-4077-a053-c26dc3d3d65a:c766]
2019-06-13 22:53:38,992 DEBUG block.SCMBlockDeletingService (SCMBlockDeletingService.java:call(138)) - Running DeletedBlockTransactionScanner
2019-06-13 22:53:38,993 DEBUG block.SCMBlockDeletingService (SCMBlockDeletingService.java:call(155)) - Scanned deleted blocks log and got 0 delTX to process.
2019-06-13 22:53:39,002 INFO  client.GrpcClientProtocolClient (GrpcClientProtocolClient.java:onNext(254)) - client-C82EA620EB9B->85302df8-7a7f-4077-a053-c26dc3d3d65a: receive RaftClientReply:client-C82EA620EB9B->85302df8-7a7f-4077-a053-c26dc3d3d65a@group-4701ABA8D7D0, cid=433, SUCCESS, logIndex=767, commits[85302df8-7a7f-4077-a053-c26dc3d3d65a:c767]
2019-06-13 22:53:39,004 INFO  client.GrpcClientProtocolClient (GrpcClientProtocolClient.java:onNext(254)) - client-C82EA620EB9B->85302df8-7a7f-4077-a053-c26dc3d3d65a: receive RaftClientReply:client-C82EA620EB9B->85302df8-7a7f-4077-a053-c26dc3d3d65a@group-4701ABA8D7D0, cid=434, SUCCESS, logIndex=769, commits[85302df8-7a7f-4077-a053-c26dc3d3d65a:c769]
2019-06-13 22:53:39,006 INFO  client.GrpcClientProtocolClient (GrpcClientProtocolClient.java:onNext(254)) - client-C82EA620EB9B->85302df8-7a7f-4077-a053-c26dc3d3d65a: receive RaftClientReply:client-C82EA620EB9B->85302df8-7a7f-4077-a053-c26dc3d3d65a@group-4701ABA8D7D0, cid=435, SUCCESS, logIndex=770, commits[85302df8-7a7f-4077-a053-c26dc3d3d65a:c772]
2019-06-13 22:53:39,010 INFO  client.GrpcClientProtocolClient (GrpcClientProtocolClient.java:onNext(254)) - client-C82EA620EB9B->85302df8-7a7f-4077-a053-c26dc3d3d65a: receive RaftClientReply:client-C82EA620EB9B->85302df8-7a7f-4077-a053-c26dc3d3d65a@group-4701ABA8D7D0, cid=436, SUCCESS, logIndex=772, commits[85302df8-7a7f-4077-a053-c26dc3d3d65a:c772]
2019-06-13 22:53:39,017 INFO  client.GrpcClientProtocolClient (GrpcClientProtocolClient.java:onNext(254)) - client-C82EA620EB9B->85302df8-7a7f-4077-a053-c26dc3d3d65a: receive RaftClientReply:client-C82EA620EB9B->85302df8-7a7f-4077-a053-c26dc3d3d65a@group-4701ABA8D7D0, cid=437, SUCCESS, logIndex=774, commits[85302df8-7a7f-4077-a053-c26dc3d3d65a:c774]
2019-06-13 22:53:39,020 INFO  client.GrpcClientProtocolClient (GrpcClientProtocolClient.java:onNext(254)) - client-C82EA620EB9B->85302df8-7a7f-4077-a053-c26dc3d3d65a: receive RaftClientReply:client-C82EA620EB9B->85302df8-7a7f-4077-a053-c26dc3d3d65a@group-4701ABA8D7D0, cid=438, SUCCESS, logIndex=776, commits[85302df8-7a7f-4077-a053-c26dc3d3d65a:c776]
2019-06-13 22:53:39,021 INFO  client.GrpcClientProtocolClient (GrpcClientProtocolClient.java:onNext(254)) - client-C82EA620EB9B->85302df8-7a7f-4077-a053-c26dc3d3d65a: receive RaftClientReply:client-C82EA620EB9B->85302df8-7a7f-4077-a053-c26dc3d3d65a@group-4701ABA8D7D0, cid=439, SUCCESS, logIndex=777, commits[85302df8-7a7f-4077-a053-c26dc3d3d65a:c779]
2019-06-13 22:53:39,021 INFO  client.GrpcClientProtocolClient (GrpcClientProtocolClient.java:onNext(254)) - client-C82EA620EB9B->85302df8-7a7f-4077-a053-c26dc3d3d65a: receive RaftClientReply:client-C82EA620EB9B->85302df8-7a7f-4077-a053-c26dc3d3d65a@group-4701ABA8D7D0, cid=440, SUCCESS, logIndex=779, commits[85302df8-7a7f-4077-a053-c26dc3d3d65a:c779]
2019-06-13 22:53:39,032 INFO  client.GrpcClientProtocolClient (GrpcClientProtocolClient.java:onNext(254)) - client-C82EA620EB9B->85302df8-7a7f-4077-a053-c26dc3d3d65a: receive RaftClientReply:client-C82EA620EB9B->85302df8-7a7f-4077-a053-c26dc3d3d65a@group-4701ABA8D7D0, cid=441, SUCCESS, logIndex=781, commits[85302df8-7a7f-4077-a053-c26dc3d3d65a:c781]
2019-06-13 22:53:39,034 INFO  client.GrpcClientProtocolClient (GrpcClientProtocolClient.java:onNext(254)) - client-C82EA620EB9B->85302df8-7a7f-4077-a053-c26dc3d3d65a: receive RaftClientReply:client-C82EA620EB9B->85302df8-7a7f-4077-a053-c26dc3d3d65a@group-4701ABA8D7D0, cid=442, SUCCESS, logIndex=783, commits[85302df8-7a7f-4077-a053-c26dc3d3d65a:c783]
2019-06-13 22:53:39,093 DEBUG block.SCMBlockDeletingService (SCMBlockDeletingService.java:call(138)) - Running DeletedBlockTransactionScanner
2019-06-13 22:53:39,093 DEBUG block.SCMBlockDeletingService (SCMBlockDeletingService.java:call(155)) - Scanned deleted blocks log and got 0 delTX to process.
2019-06-13 22:53:39,109 INFO  client.GrpcClientProtocolClient (GrpcClientProtocolClient.java:onNext(254)) - client-C82EA620EB9B->85302df8-7a7f-4077-a053-c26dc3d3d65a: receive RaftClientReply:client-C82EA620EB9B->85302df8-7a7f-4077-a053-c26dc3d3d65a@group-4701ABA8D7D0, cid=443, SUCCESS, logIndex=785, commits[85302df8-7a7f-4077-a053-c26dc3d3d65a:c785]
2019-06-13 22:53:39,111 INFO  client.GrpcClientProtocolClient (GrpcClientProtocolClient.java:onNext(254)) - client-C82EA620EB9B->85302df8-7a7f-4077-a053-c26dc3d3d65a: receive RaftClientReply:client-C82EA620EB9B->85302df8-7a7f-4077-a053-c26dc3d3d65a@group-4701ABA8D7D0, cid=444, SUCCESS, logIndex=787, commits[85302df8-7a7f-4077-a053-c26dc3d3d65a:c787]
2019-06-13 22:53:39,120 INFO  client.GrpcClientProtocolClient (GrpcClientProtocolClient.java:onNext(254)) - client-C82EA620EB9B->85302df8-7a7f-4077-a053-c26dc3d3d65a: receive RaftClientReply:client-C82EA620EB9B->85302df8-7a7f-4077-a053-c26dc3d3d65a@group-4701ABA8D7D0, cid=445, SUCCESS, logIndex=789, commits[85302df8-7a7f-4077-a053-c26dc3d3d65a:c789]
2019-06-13 22:53:39,122 INFO  client.GrpcClientProtocolClient (GrpcClientProtocolClient.java:onNext(254)) - client-C82EA620EB9B->85302df8-7a7f-4077-a053-c26dc3d3d65a: receive RaftClientReply:client-C82EA620EB9B->85302df8-7a7f-4077-a053-c26dc3d3d65a@group-4701ABA8D7D0, cid=446, SUCCESS, logIndex=791, commits[85302df8-7a7f-4077-a053-c26dc3d3d65a:c791]
2019-06-13 22:53:39,124 INFO  client.GrpcClientProtocolClient (GrpcClientProtocolClient.java:onNext(254)) - client-C82EA620EB9B->85302df8-7a7f-4077-a053-c26dc3d3d65a: receive RaftClientReply:client-C82EA620EB9B->85302df8-7a7f-4077-a053-c26dc3d3d65a@group-4701ABA8D7D0, cid=447, SUCCESS, logIndex=792, commits[85302df8-7a7f-4077-a053-c26dc3d3d65a:c794]
2019-06-13 22:53:39,126 INFO  client.GrpcClientProtocolClient (GrpcClientProtocolClient.java:onNext(254)) - client-C82EA620EB9B->85302df8-7a7f-4077-a053-c26dc3d3d65a: receive RaftClientReply:client-C82EA620EB9B->85302df8-7a7f-4077-a053-c26dc3d3d65a@group-4701ABA8D7D0, cid=448, SUCCESS, logIndex=794, commits[85302df8-7a7f-4077-a053-c26dc3d3d65a:c794]
2019-06-13 22:53:39,138 INFO  client.GrpcClientProtocolClient (GrpcClientProtocolClient.java:onNext(254)) - client-C82EA620EB9B->85302df8-7a7f-4077-a053-c26dc3d3d65a: receive RaftClientReply:client-C82EA620EB9B->85302df8-7a7f-4077-a053-c26dc3d3d65a@group-4701ABA8D7D0, cid=449, SUCCESS, logIndex=796, commits[85302df8-7a7f-4077-a053-c26dc3d3d65a:c796]
2019-06-13 22:53:39,141 INFO  client.GrpcClientProtocolClient (GrpcClientProtocolClient.java:onNext(254)) - client-C82EA620EB9B->85302df8-7a7f-4077-a053-c26dc3d3d65a: receive RaftClientReply:client-C82EA620EB9B->85302df8-7a7f-4077-a053-c26dc3d3d65a@group-4701ABA8D7D0, cid=450, SUCCESS, logIndex=798, commits[85302df8-7a7f-4077-a053-c26dc3d3d65a:c798]
2019-06-13 22:53:39,141 INFO  client.GrpcClientProtocolClient (GrpcClientProtocolClient.java:onNext(254)) - client-C82EA620EB9B->85302df8-7a7f-4077-a053-c26dc3d3d65a: receive RaftClientReply:client-C82EA620EB9B->85302df8-7a7f-4077-a053-c26dc3d3d65a@group-4701ABA8D7D0, cid=451, SUCCESS, logIndex=799, commits[85302df8-7a7f-4077-a053-c26dc3d3d65a:c800]
2019-06-13 22:53:39,142 INFO  client.GrpcClientProtocolClient (GrpcClientProtocolClient.java:onNext(254)) - client-C82EA620EB9B->85302df8-7a7f-4077-a053-c26dc3d3d65a: receive RaftClientReply:client-C82EA620EB9B->85302df8-7a7f-4077-a053-c26dc3d3d65a@group-4701ABA8D7D0, cid=452, SUCCESS, logIndex=800, commits[85302df8-7a7f-4077-a053-c26dc3d3d65a:c801]
2019-06-13 22:53:39,149 INFO  client.GrpcClientProtocolClient (GrpcClientProtocolClient.java:onNext(254)) - client-C82EA620EB9B->85302df8-7a7f-4077-a053-c26dc3d3d65a: receive RaftClientReply:client-C82EA620EB9B->85302df8-7a7f-4077-a053-c26dc3d3d65a@group-4701ABA8D7D0, cid=453, SUCCESS, logIndex=803, commits[85302df8-7a7f-4077-a053-c26dc3d3d65a:c803]
2019-06-13 22:53:39,151 INFO  client.GrpcClientProtocolClient (GrpcClientProtocolClient.java:onNext(254)) - client-C82EA620EB9B->85302df8-7a7f-4077-a053-c26dc3d3d65a: receive RaftClientReply:client-C82EA620EB9B->85302df8-7a7f-4077-a053-c26dc3d3d65a@group-4701ABA8D7D0, cid=454, SUCCESS, logIndex=805, commits[85302df8-7a7f-4077-a053-c26dc3d3d65a:c805]
2019-06-13 22:53:39,152 INFO  client.GrpcClientProtocolClient (GrpcClientProtocolClient.java:onNext(254)) - client-C82EA620EB9B->85302df8-7a7f-4077-a053-c26dc3d3d65a: receive RaftClientReply:client-C82EA620EB9B->85302df8-7a7f-4077-a053-c26dc3d3d65a@group-4701ABA8D7D0, cid=455, SUCCESS, logIndex=806, commits[85302df8-7a7f-4077-a053-c26dc3d3d65a:c807]
2019-06-13 22:53:39,154 INFO  client.GrpcClientProtocolClient (GrpcClientProtocolClient.java:onNext(254)) - client-C82EA620EB9B->85302df8-7a7f-4077-a053-c26dc3d3d65a: receive RaftClientReply:client-C82EA620EB9B->85302df8-7a7f-4077-a053-c26dc3d3d65a@group-4701ABA8D7D0, cid=456, SUCCESS, logIndex=807, commits[85302df8-7a7f-4077-a053-c26dc3d3d65a:c807]
2019-06-13 22:53:39,166 INFO  client.GrpcClientProtocolClient (GrpcClientProtocolClient.java:onNext(254)) - client-C82EA620EB9B->85302df8-7a7f-4077-a053-c26dc3d3d65a: receive RaftClientReply:client-C82EA620EB9B->85302df8-7a7f-4077-a053-c26dc3d3d65a@group-4701ABA8D7D0, cid=457, SUCCESS, logIndex=810, commits[85302df8-7a7f-4077-a053-c26dc3d3d65a:c810]
2019-06-13 22:53:39,169 INFO  client.GrpcClientProtocolClient (GrpcClientProtocolClient.java:onNext(254)) - client-C82EA620EB9B->85302df8-7a7f-4077-a053-c26dc3d3d65a: receive RaftClientReply:client-C82EA620EB9B->85302df8-7a7f-4077-a053-c26dc3d3d65a@group-4701ABA8D7D0, cid=458, SUCCESS, logIndex=812, commits[85302df8-7a7f-4077-a053-c26dc3d3d65a:c812]
2019-06-13 22:53:39,175 INFO  client.GrpcClientProtocolClient (GrpcClientProtocolClient.java:onNext(254)) - client-C82EA620EB9B->85302df8-7a7f-4077-a053-c26dc3d3d65a: receive RaftClientReply:client-C82EA620EB9B->85302df8-7a7f-4077-a053-c26dc3d3d65a@group-4701ABA8D7D0, cid=459, SUCCESS, logIndex=814, commits[85302df8-7a7f-4077-a053-c26dc3d3d65a:c815]
2019-06-13 22:53:39,175 INFO  client.GrpcClientProtocolClient (GrpcClientProtocolClient.java:onNext(254)) - client-C82EA620EB9B->85302df8-7a7f-4077-a053-c26dc3d3d65a: receive RaftClientReply:client-C82EA620EB9B->85302df8-7a7f-4077-a053-c26dc3d3d65a@group-4701ABA8D7D0, cid=460, SUCCESS, logIndex=815, commits[85302df8-7a7f-4077-a053-c26dc3d3d65a:c815]
2019-06-13 22:53:39,192 INFO  client.GrpcClientProtocolClient (GrpcClientProtocolClient.java:onNext(254)) - client-C82EA620EB9B->85302df8-7a7f-4077-a053-c26dc3d3d65a: receive RaftClientReply:client-C82EA620EB9B->85302df8-7a7f-4077-a053-c26dc3d3d65a@group-4701ABA8D7D0, cid=461, SUCCESS, logIndex=817, commits[85302df8-7a7f-4077-a053-c26dc3d3d65a:c817]
2019-06-13 22:53:39,194 DEBUG block.SCMBlockDeletingService (SCMBlockDeletingService.java:call(138)) - Running DeletedBlockTransactionScanner
2019-06-13 22:53:39,194 DEBUG block.SCMBlockDeletingService (SCMBlockDeletingService.java:call(155)) - Scanned deleted blocks log and got 0 delTX to process.
2019-06-13 22:53:39,196 INFO  client.GrpcClientProtocolClient (GrpcClientProtocolClient.java:onNext(254)) - client-C82EA620EB9B->85302df8-7a7f-4077-a053-c26dc3d3d65a: receive RaftClientReply:client-C82EA620EB9B->85302df8-7a7f-4077-a053-c26dc3d3d65a@group-4701ABA8D7D0, cid=462, SUCCESS, logIndex=819, commits[85302df8-7a7f-4077-a053-c26dc3d3d65a:c819]
2019-06-13 22:53:39,200 INFO  client.GrpcClientProtocolClient (GrpcClientProtocolClient.java:onNext(254)) - client-C82EA620EB9B->85302df8-7a7f-4077-a053-c26dc3d3d65a: receive RaftClientReply:client-C82EA620EB9B->85302df8-7a7f-4077-a053-c26dc3d3d65a@group-4701ABA8D7D0, cid=463, SUCCESS, logIndex=821, commits[85302df8-7a7f-4077-a053-c26dc3d3d65a:c822]
2019-06-13 22:53:39,200 INFO  client.GrpcClientProtocolClient (GrpcClientProtocolClient.java:onNext(254)) - client-C82EA620EB9B->85302df8-7a7f-4077-a053-c26dc3d3d65a: receive RaftClientReply:client-C82EA620EB9B->85302df8-7a7f-4077-a053-c26dc3d3d65a@group-4701ABA8D7D0, cid=464, SUCCESS, logIndex=822, commits[85302df8-7a7f-4077-a053-c26dc3d3d65a:c822]
2019-06-13 22:53:39,215 INFO  client.GrpcClientProtocolClient (GrpcClientProtocolClient.java:onNext(254)) - client-C82EA620EB9B->85302df8-7a7f-4077-a053-c26dc3d3d65a: receive RaftClientReply:client-C82EA620EB9B->85302df8-7a7f-4077-a053-c26dc3d3d65a@group-4701ABA8D7D0, cid=465, SUCCESS, logIndex=824, commits[85302df8-7a7f-4077-a053-c26dc3d3d65a:c824]
2019-06-13 22:53:39,217 INFO  client.GrpcClientProtocolClient (GrpcClientProtocolClient.java:onNext(254)) - client-C82EA620EB9B->85302df8-7a7f-4077-a053-c26dc3d3d65a: receive RaftClientReply:client-C82EA620EB9B->85302df8-7a7f-4077-a053-c26dc3d3d65a@group-4701ABA8D7D0, cid=466, SUCCESS, logIndex=826, commits[85302df8-7a7f-4077-a053-c26dc3d3d65a:c826]
2019-06-13 22:53:39,221 INFO  client.GrpcClientProtocolClient (GrpcClientProtocolClient.java:onNext(254)) - client-C82EA620EB9B->85302df8-7a7f-4077-a053-c26dc3d3d65a: receive RaftClientReply:client-C82EA620EB9B->85302df8-7a7f-4077-a053-c26dc3d3d65a@group-4701ABA8D7D0, cid=467, SUCCESS, logIndex=828, commits[85302df8-7a7f-4077-a053-c26dc3d3d65a:c829]
2019-06-13 22:53:39,222 INFO  client.GrpcClientProtocolClient (GrpcClientProtocolClient.java:onNext(254)) - client-C82EA620EB9B->85302df8-7a7f-4077-a053-c26dc3d3d65a: receive RaftClientReply:client-C82EA620EB9B->85302df8-7a7f-4077-a053-c26dc3d3d65a@group-4701ABA8D7D0, cid=468, SUCCESS, logIndex=829, commits[85302df8-7a7f-4077-a053-c26dc3d3d65a:c830]
2019-06-13 22:53:39,295 DEBUG block.SCMBlockDeletingService (SCMBlockDeletingService.java:call(138)) - Running DeletedBlockTransactionScanner
2019-06-13 22:53:39,295 DEBUG block.SCMBlockDeletingService (SCMBlockDeletingService.java:call(155)) - Scanned deleted blocks log and got 0 delTX to process.
2019-06-13 22:53:39,296 INFO  client.GrpcClientProtocolClient (GrpcClientProtocolClient.java:onNext(254)) - client-C82EA620EB9B->85302df8-7a7f-4077-a053-c26dc3d3d65a: receive RaftClientReply:client-C82EA620EB9B->85302df8-7a7f-4077-a053-c26dc3d3d65a@group-4701ABA8D7D0, cid=469, SUCCESS, logIndex=831, commits[85302df8-7a7f-4077-a053-c26dc3d3d65a:c831]
2019-06-13 22:53:39,297 INFO  storage.RaftLogWorker (RaftLogWorker.java:rollLogSegment(303)) - 85302df8-7a7f-4077-a053-c26dc3d3d65a-RaftLogWorker: Rolling segment log-762_835 to index:835
2019-06-13 22:53:39,298 INFO  storage.RaftLogWorker (RaftLogWorker.java:execute(433)) - 85302df8-7a7f-4077-a053-c26dc3d3d65a-RaftLogWorker: Rolled log segment from /opt/src/hadoop-ozone/integration-test/target/test-dir/MiniOzoneClusterImpl-550f9ca0-a6d9-4a4a-902f-f07ac81eac7b/datanode-0/data/ratis/5ad10fc2-5a33-4bdd-8958-4701aba8d7d0/current/log_inprogress_762 to /opt/src/hadoop-ozone/integration-test/target/test-dir/MiniOzoneClusterImpl-550f9ca0-a6d9-4a4a-902f-f07ac81eac7b/datanode-0/data/ratis/5ad10fc2-5a33-4bdd-8958-4701aba8d7d0/current/log_762-835
2019-06-13 22:53:39,298 INFO  client.GrpcClientProtocolClient (GrpcClientProtocolClient.java:onNext(254)) - client-C82EA620EB9B->85302df8-7a7f-4077-a053-c26dc3d3d65a: receive RaftClientReply:client-C82EA620EB9B->85302df8-7a7f-4077-a053-c26dc3d3d65a@group-4701ABA8D7D0, cid=470, SUCCESS, logIndex=833, commits[85302df8-7a7f-4077-a053-c26dc3d3d65a:c833]
2019-06-13 22:53:39,299 INFO  client.GrpcClientProtocolClient (GrpcClientProtocolClient.java:onNext(254)) - client-C82EA620EB9B->85302df8-7a7f-4077-a053-c26dc3d3d65a: receive RaftClientReply:client-C82EA620EB9B->85302df8-7a7f-4077-a053-c26dc3d3d65a@group-4701ABA8D7D0, cid=471, SUCCESS, logIndex=834, commits[85302df8-7a7f-4077-a053-c26dc3d3d65a:c835]
2019-06-13 22:53:39,334 INFO  storage.RaftLogWorker (RaftLogWorker.java:execute(469)) - 85302df8-7a7f-4077-a053-c26dc3d3d65a-RaftLogWorker: created new log segment /opt/src/hadoop-ozone/integration-test/target/test-dir/MiniOzoneClusterImpl-550f9ca0-a6d9-4a4a-902f-f07ac81eac7b/datanode-0/data/ratis/5ad10fc2-5a33-4bdd-8958-4701aba8d7d0/current/log_inprogress_836
2019-06-13 22:53:39,337 INFO  client.GrpcClientProtocolClient (GrpcClientProtocolClient.java:onNext(254)) - client-C82EA620EB9B->85302df8-7a7f-4077-a053-c26dc3d3d65a: receive RaftClientReply:client-C82EA620EB9B->85302df8-7a7f-4077-a053-c26dc3d3d65a@group-4701ABA8D7D0, cid=472, SUCCESS, logIndex=836, commits[85302df8-7a7f-4077-a053-c26dc3d3d65a:c837]
2019-06-13 22:53:39,349 INFO  client.GrpcClientProtocolClient (GrpcClientProtocolClient.java:onNext(254)) - client-C82EA620EB9B->85302df8-7a7f-4077-a053-c26dc3d3d65a: receive RaftClientReply:client-C82EA620EB9B->85302df8-7a7f-4077-a053-c26dc3d3d65a@group-4701ABA8D7D0, cid=473, SUCCESS, logIndex=838, commits[85302df8-7a7f-4077-a053-c26dc3d3d65a:c838]
2019-06-13 22:53:39,352 INFO  client.GrpcClientProtocolClient (GrpcClientProtocolClient.java:onNext(254)) - client-C82EA620EB9B->85302df8-7a7f-4077-a053-c26dc3d3d65a: receive RaftClientReply:client-C82EA620EB9B->85302df8-7a7f-4077-a053-c26dc3d3d65a@group-4701ABA8D7D0, cid=474, SUCCESS, logIndex=840, commits[85302df8-7a7f-4077-a053-c26dc3d3d65a:c840]
2019-06-13 22:53:39,353 INFO  client.GrpcClientProtocolClient (GrpcClientProtocolClient.java:onNext(254)) - client-C82EA620EB9B->85302df8-7a7f-4077-a053-c26dc3d3d65a: receive RaftClientReply:client-C82EA620EB9B->85302df8-7a7f-4077-a053-c26dc3d3d65a@group-4701ABA8D7D0, cid=475, SUCCESS, logIndex=841, commits[85302df8-7a7f-4077-a053-c26dc3d3d65a:c842]
2019-06-13 22:53:39,353 INFO  client.GrpcClientProtocolClient (GrpcClientProtocolClient.java:onNext(254)) - client-C82EA620EB9B->85302df8-7a7f-4077-a053-c26dc3d3d65a: receive RaftClientReply:client-C82EA620EB9B->85302df8-7a7f-4077-a053-c26dc3d3d65a@group-4701ABA8D7D0, cid=476, SUCCESS, logIndex=843, commits[85302df8-7a7f-4077-a053-c26dc3d3d65a:c843]
2019-06-13 22:53:39,361 INFO  client.GrpcClientProtocolClient (GrpcClientProtocolClient.java:onNext(254)) - client-C82EA620EB9B->85302df8-7a7f-4077-a053-c26dc3d3d65a: receive RaftClientReply:client-C82EA620EB9B->85302df8-7a7f-4077-a053-c26dc3d3d65a@group-4701ABA8D7D0, cid=477, SUCCESS, logIndex=845, commits[85302df8-7a7f-4077-a053-c26dc3d3d65a:c845]
2019-06-13 22:53:39,366 INFO  client.GrpcClientProtocolClient (GrpcClientProtocolClient.java:onNext(254)) - client-C82EA620EB9B->85302df8-7a7f-4077-a053-c26dc3d3d65a: receive RaftClientReply:client-C82EA620EB9B->85302df8-7a7f-4077-a053-c26dc3d3d65a@group-4701ABA8D7D0, cid=478, SUCCESS, logIndex=847, commits[85302df8-7a7f-4077-a053-c26dc3d3d65a:c847]
2019-06-13 22:53:39,369 INFO  client.GrpcClientProtocolClient (GrpcClientProtocolClient.java:onNext(254)) - client-C82EA620EB9B->85302df8-7a7f-4077-a053-c26dc3d3d65a: receive RaftClientReply:client-C82EA620EB9B->85302df8-7a7f-4077-a053-c26dc3d3d65a@group-4701ABA8D7D0, cid=479, SUCCESS, logIndex=849, commits[85302df8-7a7f-4077-a053-c26dc3d3d65a:c849]
2019-06-13 22:53:39,370 INFO  client.GrpcClientProtocolClient (GrpcClientProtocolClient.java:onNext(254)) - client-C82EA620EB9B->85302df8-7a7f-4077-a053-c26dc3d3d65a: receive RaftClientReply:client-C82EA620EB9B->85302df8-7a7f-4077-a053-c26dc3d3d65a@group-4701ABA8D7D0, cid=480, SUCCESS, logIndex=850, commits[85302df8-7a7f-4077-a053-c26dc3d3d65a:c850]
2019-06-13 22:53:39,382 INFO  client.GrpcClientProtocolClient (GrpcClientProtocolClient.java:onNext(254)) - client-C82EA620EB9B->85302df8-7a7f-4077-a053-c26dc3d3d65a: receive RaftClientReply:client-C82EA620EB9B->85302df8-7a7f-4077-a053-c26dc3d3d65a@group-4701ABA8D7D0, cid=481, SUCCESS, logIndex=853, commits[85302df8-7a7f-4077-a053-c26dc3d3d65a:c853]
2019-06-13 22:53:39,385 INFO  client.GrpcClientProtocolClient (GrpcClientProtocolClient.java:onNext(254)) - client-C82EA620EB9B->85302df8-7a7f-4077-a053-c26dc3d3d65a: receive RaftClientReply:client-C82EA620EB9B->85302df8-7a7f-4077-a053-c26dc3d3d65a@group-4701ABA8D7D0, cid=482, SUCCESS, logIndex=855, commits[85302df8-7a7f-4077-a053-c26dc3d3d65a:c855]
2019-06-13 22:53:39,386 INFO  client.GrpcClientProtocolClient (GrpcClientProtocolClient.java:onNext(254)) - client-C82EA620EB9B->85302df8-7a7f-4077-a053-c26dc3d3d65a: receive RaftClientReply:client-C82EA620EB9B->85302df8-7a7f-4077-a053-c26dc3d3d65a@group-4701ABA8D7D0, cid=483, SUCCESS, logIndex=856, commits[85302df8-7a7f-4077-a053-c26dc3d3d65a:c857]
2019-06-13 22:53:39,390 INFO  client.GrpcClientProtocolClient (GrpcClientProtocolClient.java:onNext(254)) - client-C82EA620EB9B->85302df8-7a7f-4077-a053-c26dc3d3d65a: receive RaftClientReply:client-C82EA620EB9B->85302df8-7a7f-4077-a053-c26dc3d3d65a@group-4701ABA8D7D0, cid=484, SUCCESS, logIndex=857, commits[85302df8-7a7f-4077-a053-c26dc3d3d65a:c857]
2019-06-13 22:53:39,396 DEBUG block.SCMBlockDeletingService (SCMBlockDeletingService.java:call(138)) - Running DeletedBlockTransactionScanner
2019-06-13 22:53:39,396 DEBUG block.SCMBlockDeletingService (SCMBlockDeletingService.java:call(155)) - Scanned deleted blocks log and got 0 delTX to process.
2019-06-13 22:53:39,397 INFO  client.GrpcClientProtocolClient (GrpcClientProtocolClient.java:onNext(254)) - client-C82EA620EB9B->85302df8-7a7f-4077-a053-c26dc3d3d65a: receive RaftClientReply:client-C82EA620EB9B->85302df8-7a7f-4077-a053-c26dc3d3d65a@group-4701ABA8D7D0, cid=485, SUCCESS, logIndex=860, commits[85302df8-7a7f-4077-a053-c26dc3d3d65a:c860]
2019-06-13 22:53:39,400 INFO  client.GrpcClientProtocolClient (GrpcClientProtocolClient.java:onNext(254)) - client-C82EA620EB9B->85302df8-7a7f-4077-a053-c26dc3d3d65a: receive RaftClientReply:client-C82EA620EB9B->85302df8-7a7f-4077-a053-c26dc3d3d65a@group-4701ABA8D7D0, cid=486, SUCCESS, logIndex=862, commits[85302df8-7a7f-4077-a053-c26dc3d3d65a:c862]
2019-06-13 22:53:39,469 INFO  client.GrpcClientProtocolClient (GrpcClientProtocolClient.java:onNext(254)) - client-C82EA620EB9B->85302df8-7a7f-4077-a053-c26dc3d3d65a: receive RaftClientReply:client-C82EA620EB9B->85302df8-7a7f-4077-a053-c26dc3d3d65a@group-4701ABA8D7D0, cid=487, SUCCESS, logIndex=864, commits[85302df8-7a7f-4077-a053-c26dc3d3d65a:c864]
2019-06-13 22:53:39,471 INFO  client.GrpcClientProtocolClient (GrpcClientProtocolClient.java:onNext(254)) - client-C82EA620EB9B->85302df8-7a7f-4077-a053-c26dc3d3d65a: receive RaftClientReply:client-C82EA620EB9B->85302df8-7a7f-4077-a053-c26dc3d3d65a@group-4701ABA8D7D0, cid=488, SUCCESS, logIndex=866, commits[85302df8-7a7f-4077-a053-c26dc3d3d65a:c866]
2019-06-13 22:53:39,486 INFO  client.GrpcClientProtocolClient (GrpcClientProtocolClient.java:onNext(254)) - client-C82EA620EB9B->85302df8-7a7f-4077-a053-c26dc3d3d65a: receive RaftClientReply:client-C82EA620EB9B->85302df8-7a7f-4077-a053-c26dc3d3d65a@group-4701ABA8D7D0, cid=489, SUCCESS, logIndex=868, commits[85302df8-7a7f-4077-a053-c26dc3d3d65a:c868]
2019-06-13 22:53:39,489 INFO  client.GrpcClientProtocolClient (GrpcClientProtocolClient.java:onNext(254)) - client-C82EA620EB9B->85302df8-7a7f-4077-a053-c26dc3d3d65a: receive RaftClientReply:client-C82EA620EB9B->85302df8-7a7f-4077-a053-c26dc3d3d65a@group-4701ABA8D7D0, cid=490, SUCCESS, logIndex=870, commits[85302df8-7a7f-4077-a053-c26dc3d3d65a:c870]
2019-06-13 22:53:39,489 INFO  client.GrpcClientProtocolClient (GrpcClientProtocolClient.java:onNext(254)) - client-C82EA620EB9B->85302df8-7a7f-4077-a053-c26dc3d3d65a: receive RaftClientReply:client-C82EA620EB9B->85302df8-7a7f-4077-a053-c26dc3d3d65a@group-4701ABA8D7D0, cid=491, SUCCESS, logIndex=871, commits[85302df8-7a7f-4077-a053-c26dc3d3d65a:c872]
2019-06-13 22:53:39,494 INFO  client.GrpcClientProtocolClient (GrpcClientProtocolClient.java:onNext(254)) - client-C82EA620EB9B->85302df8-7a7f-4077-a053-c26dc3d3d65a: receive RaftClientReply:client-C82EA620EB9B->85302df8-7a7f-4077-a053-c26dc3d3d65a@group-4701ABA8D7D0, cid=492, SUCCESS, logIndex=872, commits[85302df8-7a7f-4077-a053-c26dc3d3d65a:c872]
2019-06-13 22:53:39,499 DEBUG block.SCMBlockDeletingService (SCMBlockDeletingService.java:call(138)) - Running DeletedBlockTransactionScanner
2019-06-13 22:53:39,499 DEBUG block.SCMBlockDeletingService (SCMBlockDeletingService.java:call(155)) - Scanned deleted blocks log and got 0 delTX to process.
2019-06-13 22:53:39,501 INFO  client.GrpcClientProtocolClient (GrpcClientProtocolClient.java:onNext(254)) - client-C82EA620EB9B->85302df8-7a7f-4077-a053-c26dc3d3d65a: receive RaftClientReply:client-C82EA620EB9B->85302df8-7a7f-4077-a053-c26dc3d3d65a@group-4701ABA8D7D0, cid=493, SUCCESS, logIndex=875, commits[85302df8-7a7f-4077-a053-c26dc3d3d65a:c875]
2019-06-13 22:53:39,502 INFO  client.GrpcClientProtocolClient (GrpcClientProtocolClient.java:onNext(254)) - client-C82EA620EB9B->85302df8-7a7f-4077-a053-c26dc3d3d65a: receive RaftClientReply:client-C82EA620EB9B->85302df8-7a7f-4077-a053-c26dc3d3d65a@group-4701ABA8D7D0, cid=494, SUCCESS, logIndex=877, commits[85302df8-7a7f-4077-a053-c26dc3d3d65a:c877]
2019-06-13 22:53:39,504 INFO  client.GrpcClientProtocolClient (GrpcClientProtocolClient.java:onNext(254)) - client-C82EA620EB9B->85302df8-7a7f-4077-a053-c26dc3d3d65a: receive RaftClientReply:client-C82EA620EB9B->85302df8-7a7f-4077-a053-c26dc3d3d65a@group-4701ABA8D7D0, cid=495, SUCCESS, logIndex=878, commits[85302df8-7a7f-4077-a053-c26dc3d3d65a:c879]
2019-06-13 22:53:39,505 INFO  client.GrpcClientProtocolClient (GrpcClientProtocolClient.java:onNext(254)) - client-C82EA620EB9B->85302df8-7a7f-4077-a053-c26dc3d3d65a: receive RaftClientReply:client-C82EA620EB9B->85302df8-7a7f-4077-a053-c26dc3d3d65a@group-4701ABA8D7D0, cid=496, SUCCESS, logIndex=880, commits[85302df8-7a7f-4077-a053-c26dc3d3d65a:c880]
2019-06-13 22:53:39,516 INFO  client.GrpcClientProtocolClient (GrpcClientProtocolClient.java:onNext(254)) - client-C82EA620EB9B->85302df8-7a7f-4077-a053-c26dc3d3d65a: receive RaftClientReply:client-C82EA620EB9B->85302df8-7a7f-4077-a053-c26dc3d3d65a@group-4701ABA8D7D0, cid=497, SUCCESS, logIndex=882, commits[85302df8-7a7f-4077-a053-c26dc3d3d65a:c882]
2019-06-13 22:53:39,518 INFO  client.GrpcClientProtocolClient (GrpcClientProtocolClient.java:onNext(254)) - client-C82EA620EB9B->85302df8-7a7f-4077-a053-c26dc3d3d65a: receive RaftClientReply:client-C82EA620EB9B->85302df8-7a7f-4077-a053-c26dc3d3d65a@group-4701ABA8D7D0, cid=498, SUCCESS, logIndex=884, commits[85302df8-7a7f-4077-a053-c26dc3d3d65a:c884]
2019-06-13 22:53:39,520 INFO  client.GrpcClientProtocolClient (GrpcClientProtocolClient.java:onNext(254)) - client-C82EA620EB9B->85302df8-7a7f-4077-a053-c26dc3d3d65a: receive RaftClientReply:client-C82EA620EB9B->85302df8-7a7f-4077-a053-c26dc3d3d65a@group-4701ABA8D7D0, cid=499, SUCCESS, logIndex=885, commits[85302df8-7a7f-4077-a053-c26dc3d3d65a:c887]
2019-06-13 22:53:39,520 INFO  client.GrpcClientProtocolClient (GrpcClientProtocolClient.java:onNext(254)) - client-C82EA620EB9B->85302df8-7a7f-4077-a053-c26dc3d3d65a: receive RaftClientReply:client-C82EA620EB9B->85302df8-7a7f-4077-a053-c26dc3d3d65a@group-4701ABA8D7D0, cid=500, SUCCESS, logIndex=887, commits[85302df8-7a7f-4077-a053-c26dc3d3d65a:c887]
2019-06-13 22:53:39,529 INFO  client.GrpcClientProtocolClient (GrpcClientProtocolClient.java:onNext(254)) - client-C82EA620EB9B->85302df8-7a7f-4077-a053-c26dc3d3d65a: receive RaftClientReply:client-C82EA620EB9B->85302df8-7a7f-4077-a053-c26dc3d3d65a@group-4701ABA8D7D0, cid=501, SUCCESS, logIndex=889, commits[85302df8-7a7f-4077-a053-c26dc3d3d65a:c889]
2019-06-13 22:53:39,531 INFO  client.GrpcClientProtocolClient (GrpcClientProtocolClient.java:onNext(254)) - client-C82EA620EB9B->85302df8-7a7f-4077-a053-c26dc3d3d65a: receive RaftClientReply:client-C82EA620EB9B->85302df8-7a7f-4077-a053-c26dc3d3d65a@group-4701ABA8D7D0, cid=502, SUCCESS, logIndex=891, commits[85302df8-7a7f-4077-a053-c26dc3d3d65a:c891]
2019-06-13 22:53:39,533 INFO  client.GrpcClientProtocolClient (GrpcClientProtocolClient.java:onNext(254)) - client-C82EA620EB9B->85302df8-7a7f-4077-a053-c26dc3d3d65a: receive RaftClientReply:client-C82EA620EB9B->85302df8-7a7f-4077-a053-c26dc3d3d65a@group-4701ABA8D7D0, cid=503, SUCCESS, logIndex=892, commits[85302df8-7a7f-4077-a053-c26dc3d3d65a:c894]
2019-06-13 22:53:39,533 INFO  client.GrpcClientProtocolClient (GrpcClientProtocolClient.java:onNext(254)) - client-C82EA620EB9B->85302df8-7a7f-4077-a053-c26dc3d3d65a: receive RaftClientReply:client-C82EA620EB9B->85302df8-7a7f-4077-a053-c26dc3d3d65a@group-4701ABA8D7D0, cid=504, SUCCESS, logIndex=894, commits[85302df8-7a7f-4077-a053-c26dc3d3d65a:c895]
2019-06-13 22:53:39,545 INFO  client.GrpcClientProtocolClient (GrpcClientProtocolClient.java:onNext(254)) - client-C82EA620EB9B->85302df8-7a7f-4077-a053-c26dc3d3d65a: receive RaftClientReply:client-C82EA620EB9B->85302df8-7a7f-4077-a053-c26dc3d3d65a@group-4701ABA8D7D0, cid=505, SUCCESS, logIndex=896, commits[85302df8-7a7f-4077-a053-c26dc3d3d65a:c896]
2019-06-13 22:53:39,547 INFO  client.GrpcClientProtocolClient (GrpcClientProtocolClient.java:onNext(254)) - client-C82EA620EB9B->85302df8-7a7f-4077-a053-c26dc3d3d65a: receive RaftClientReply:client-C82EA620EB9B->85302df8-7a7f-4077-a053-c26dc3d3d65a@group-4701ABA8D7D0, cid=506, SUCCESS, logIndex=898, commits[85302df8-7a7f-4077-a053-c26dc3d3d65a:c898]
2019-06-13 22:53:39,548 INFO  client.GrpcClientProtocolClient (GrpcClientProtocolClient.java:onNext(254)) - client-C82EA620EB9B->85302df8-7a7f-4077-a053-c26dc3d3d65a: receive RaftClientReply:client-C82EA620EB9B->85302df8-7a7f-4077-a053-c26dc3d3d65a@group-4701ABA8D7D0, cid=507, SUCCESS, logIndex=899, commits[85302df8-7a7f-4077-a053-c26dc3d3d65a:c901]
2019-06-13 22:53:39,549 INFO  client.GrpcClientProtocolClient (GrpcClientProtocolClient.java:onNext(254)) - client-C82EA620EB9B->85302df8-7a7f-4077-a053-c26dc3d3d65a: receive RaftClientReply:client-C82EA620EB9B->85302df8-7a7f-4077-a053-c26dc3d3d65a@group-4701ABA8D7D0, cid=508, SUCCESS, logIndex=900, commits[85302df8-7a7f-4077-a053-c26dc3d3d65a:c901]
2019-06-13 22:53:39,558 INFO  client.GrpcClientProtocolClient (GrpcClientProtocolClient.java:onNext(254)) - client-C82EA620EB9B->85302df8-7a7f-4077-a053-c26dc3d3d65a: receive RaftClientReply:client-C82EA620EB9B->85302df8-7a7f-4077-a053-c26dc3d3d65a@group-4701ABA8D7D0, cid=509, SUCCESS, logIndex=902, commits[85302df8-7a7f-4077-a053-c26dc3d3d65a:c902]
2019-06-13 22:53:39,562 INFO  client.GrpcClientProtocolClient (GrpcClientProtocolClient.java:onNext(254)) - client-C82EA620EB9B->85302df8-7a7f-4077-a053-c26dc3d3d65a: receive RaftClientReply:client-C82EA620EB9B->85302df8-7a7f-4077-a053-c26dc3d3d65a@group-4701ABA8D7D0, cid=510, SUCCESS, logIndex=904, commits[85302df8-7a7f-4077-a053-c26dc3d3d65a:c904]
2019-06-13 22:53:39,567 INFO  client.GrpcClientProtocolClient (GrpcClientProtocolClient.java:onNext(254)) - client-C82EA620EB9B->85302df8-7a7f-4077-a053-c26dc3d3d65a: receive RaftClientReply:client-C82EA620EB9B->85302df8-7a7f-4077-a053-c26dc3d3d65a@group-4701ABA8D7D0, cid=511, SUCCESS, logIndex=905, commits[85302df8-7a7f-4077-a053-c26dc3d3d65a:c908]
2019-06-13 22:53:39,568 INFO  client.GrpcClientProtocolClient (GrpcClientProtocolClient.java:onNext(254)) - client-C82EA620EB9B->85302df8-7a7f-4077-a053-c26dc3d3d65a: receive RaftClientReply:client-C82EA620EB9B->85302df8-7a7f-4077-a053-c26dc3d3d65a@group-4701ABA8D7D0, cid=512, SUCCESS, logIndex=907, commits[85302df8-7a7f-4077-a053-c26dc3d3d65a:c908]
2019-06-13 22:53:39,583 INFO  client.GrpcClientProtocolClient (GrpcClientProtocolClient.java:onNext(254)) - client-C82EA620EB9B->85302df8-7a7f-4077-a053-c26dc3d3d65a: receive RaftClientReply:client-C82EA620EB9B->85302df8-7a7f-4077-a053-c26dc3d3d65a@group-4701ABA8D7D0, cid=513, SUCCESS, logIndex=909, commits[85302df8-7a7f-4077-a053-c26dc3d3d65a:c909]
2019-06-13 22:53:39,584 INFO  storage.RaftLogWorker (RaftLogWorker.java:rollLogSegment(303)) - 85302df8-7a7f-4077-a053-c26dc3d3d65a-RaftLogWorker: Rolling segment log-836_911 to index:911
2019-06-13 22:53:39,584 INFO  storage.RaftLogWorker (RaftLogWorker.java:execute(433)) - 85302df8-7a7f-4077-a053-c26dc3d3d65a-RaftLogWorker: Rolled log segment from /opt/src/hadoop-ozone/integration-test/target/test-dir/MiniOzoneClusterImpl-550f9ca0-a6d9-4a4a-902f-f07ac81eac7b/datanode-0/data/ratis/5ad10fc2-5a33-4bdd-8958-4701aba8d7d0/current/log_inprogress_836 to /opt/src/hadoop-ozone/integration-test/target/test-dir/MiniOzoneClusterImpl-550f9ca0-a6d9-4a4a-902f-f07ac81eac7b/datanode-0/data/ratis/5ad10fc2-5a33-4bdd-8958-4701aba8d7d0/current/log_836-911
2019-06-13 22:53:39,590 INFO  client.GrpcClientProtocolClient (GrpcClientProtocolClient.java:onNext(254)) - client-C82EA620EB9B->85302df8-7a7f-4077-a053-c26dc3d3d65a: receive RaftClientReply:client-C82EA620EB9B->85302df8-7a7f-4077-a053-c26dc3d3d65a@group-4701ABA8D7D0, cid=514, SUCCESS, logIndex=911, commits[85302df8-7a7f-4077-a053-c26dc3d3d65a:c911]
2019-06-13 22:53:39,599 DEBUG block.SCMBlockDeletingService (SCMBlockDeletingService.java:call(138)) - Running DeletedBlockTransactionScanner
2019-06-13 22:53:39,606 DEBUG block.SCMBlockDeletingService (SCMBlockDeletingService.java:call(155)) - Scanned deleted blocks log and got 0 delTX to process.
2019-06-13 22:53:39,629 INFO  storage.RaftLogWorker (RaftLogWorker.java:execute(469)) - 85302df8-7a7f-4077-a053-c26dc3d3d65a-RaftLogWorker: created new log segment /opt/src/hadoop-ozone/integration-test/target/test-dir/MiniOzoneClusterImpl-550f9ca0-a6d9-4a4a-902f-f07ac81eac7b/datanode-0/data/ratis/5ad10fc2-5a33-4bdd-8958-4701aba8d7d0/current/log_inprogress_912
2019-06-13 22:53:39,631 INFO  client.GrpcClientProtocolClient (GrpcClientProtocolClient.java:onNext(254)) - client-C82EA620EB9B->85302df8-7a7f-4077-a053-c26dc3d3d65a: receive RaftClientReply:client-C82EA620EB9B->85302df8-7a7f-4077-a053-c26dc3d3d65a@group-4701ABA8D7D0, cid=515, SUCCESS, logIndex=912, commits[85302df8-7a7f-4077-a053-c26dc3d3d65a:c914]
2019-06-13 22:53:39,631 INFO  client.GrpcClientProtocolClient (GrpcClientProtocolClient.java:onNext(254)) - client-C82EA620EB9B->85302df8-7a7f-4077-a053-c26dc3d3d65a: receive RaftClientReply:client-C82EA620EB9B->85302df8-7a7f-4077-a053-c26dc3d3d65a@group-4701ABA8D7D0, cid=516, SUCCESS, logIndex=913, commits[85302df8-7a7f-4077-a053-c26dc3d3d65a:c914]
2019-06-13 22:53:39,639 INFO  client.GrpcClientProtocolClient (GrpcClientProtocolClient.java:onNext(254)) - client-C82EA620EB9B->85302df8-7a7f-4077-a053-c26dc3d3d65a: receive RaftClientReply:client-C82EA620EB9B->85302df8-7a7f-4077-a053-c26dc3d3d65a@group-4701ABA8D7D0, cid=517, SUCCESS, logIndex=915, commits[85302df8-7a7f-4077-a053-c26dc3d3d65a:c915]
2019-06-13 22:53:39,643 INFO  client.GrpcClientProtocolClient (GrpcClientProtocolClient.java:onNext(254)) - client-C82EA620EB9B->85302df8-7a7f-4077-a053-c26dc3d3d65a: receive RaftClientReply:client-C82EA620EB9B->85302df8-7a7f-4077-a053-c26dc3d3d65a@group-4701ABA8D7D0, cid=518, SUCCESS, logIndex=917, commits[85302df8-7a7f-4077-a053-c26dc3d3d65a:c917]
2019-06-13 22:53:39,643 INFO  client.GrpcClientProtocolClient (GrpcClientProtocolClient.java:onNext(254)) - client-C82EA620EB9B->85302df8-7a7f-4077-a053-c26dc3d3d65a: receive RaftClientReply:client-C82EA620EB9B->85302df8-7a7f-4077-a053-c26dc3d3d65a@group-4701ABA8D7D0, cid=519, SUCCESS, logIndex=918, commits[85302df8-7a7f-4077-a053-c26dc3d3d65a:c920]
2019-06-13 22:53:39,644 INFO  client.GrpcClientProtocolClient (GrpcClientProtocolClient.java:onNext(254)) - client-C82EA620EB9B->85302df8-7a7f-4077-a053-c26dc3d3d65a: receive RaftClientReply:client-C82EA620EB9B->85302df8-7a7f-4077-a053-c26dc3d3d65a@group-4701ABA8D7D0, cid=520, SUCCESS, logIndex=920, commits[85302df8-7a7f-4077-a053-c26dc3d3d65a:c920]
2019-06-13 22:53:39,669 INFO  client.GrpcClientProtocolClient (GrpcClientProtocolClient.java:onNext(254)) - client-C82EA620EB9B->85302df8-7a7f-4077-a053-c26dc3d3d65a: receive RaftClientReply:client-C82EA620EB9B->85302df8-7a7f-4077-a053-c26dc3d3d65a@group-4701ABA8D7D0, cid=521, SUCCESS, logIndex=922, commits[85302df8-7a7f-4077-a053-c26dc3d3d65a:c922]
2019-06-13 22:53:39,672 INFO  client.GrpcClientProtocolClient (GrpcClientProtocolClient.java:onNext(254)) - client-C82EA620EB9B->85302df8-7a7f-4077-a053-c26dc3d3d65a: receive RaftClientReply:client-C82EA620EB9B->85302df8-7a7f-4077-a053-c26dc3d3d65a@group-4701ABA8D7D0, cid=522, SUCCESS, logIndex=924, commits[85302df8-7a7f-4077-a053-c26dc3d3d65a:c924]
2019-06-13 22:53:39,672 INFO  client.GrpcClientProtocolClient (GrpcClientProtocolClient.java:onNext(254)) - client-C82EA620EB9B->85302df8-7a7f-4077-a053-c26dc3d3d65a: receive RaftClientReply:client-C82EA620EB9B->85302df8-7a7f-4077-a053-c26dc3d3d65a@group-4701ABA8D7D0, cid=523, SUCCESS, logIndex=925, commits[85302df8-7a7f-4077-a053-c26dc3d3d65a:c926]
2019-06-13 22:53:39,673 INFO  client.GrpcClientProtocolClient (GrpcClientProtocolClient.java:onNext(254)) - client-C82EA620EB9B->85302df8-7a7f-4077-a053-c26dc3d3d65a: receive RaftClientReply:client-C82EA620EB9B->85302df8-7a7f-4077-a053-c26dc3d3d65a@group-4701ABA8D7D0, cid=524, SUCCESS, logIndex=926, commits[85302df8-7a7f-4077-a053-c26dc3d3d65a:c926]
2019-06-13 22:53:39,680 INFO  client.GrpcClientProtocolClient (GrpcClientProtocolClient.java:onNext(254)) - client-C82EA620EB9B->85302df8-7a7f-4077-a053-c26dc3d3d65a: receive RaftClientReply:client-C82EA620EB9B->85302df8-7a7f-4077-a053-c26dc3d3d65a@group-4701ABA8D7D0, cid=525, SUCCESS, logIndex=929, commits[85302df8-7a7f-4077-a053-c26dc3d3d65a:c929]
2019-06-13 22:53:39,682 INFO  client.GrpcClientProtocolClient (GrpcClientProtocolClient.java:onNext(254)) - client-C82EA620EB9B->85302df8-7a7f-4077-a053-c26dc3d3d65a: receive RaftClientReply:client-C82EA620EB9B->85302df8-7a7f-4077-a053-c26dc3d3d65a@group-4701ABA8D7D0, cid=526, SUCCESS, logIndex=931, commits[85302df8-7a7f-4077-a053-c26dc3d3d65a:c931]
2019-06-13 22:53:39,684 INFO  client.GrpcClientProtocolClient (GrpcClientProtocolClient.java:onNext(254)) - client-C82EA620EB9B->85302df8-7a7f-4077-a053-c26dc3d3d65a: receive RaftClientReply:client-C82EA620EB9B->85302df8-7a7f-4077-a053-c26dc3d3d65a@group-4701ABA8D7D0, cid=527, SUCCESS, logIndex=932, commits[85302df8-7a7f-4077-a053-c26dc3d3d65a:c933]
2019-06-13 22:53:39,685 INFO  client.GrpcClientProtocolClient (GrpcClientProtocolClient.java:onNext(254)) - client-C82EA620EB9B->85302df8-7a7f-4077-a053-c26dc3d3d65a: receive RaftClientReply:client-C82EA620EB9B->85302df8-7a7f-4077-a053-c26dc3d3d65a@group-4701ABA8D7D0, cid=528, SUCCESS, logIndex=934, commits[85302df8-7a7f-4077-a053-c26dc3d3d65a:c934]
2019-06-13 22:53:39,698 INFO  client.GrpcClientProtocolClient (GrpcClientProtocolClient.java:onNext(254)) - client-C82EA620EB9B->85302df8-7a7f-4077-a053-c26dc3d3d65a: receive RaftClientReply:client-C82EA620EB9B->85302df8-7a7f-4077-a053-c26dc3d3d65a@group-4701ABA8D7D0, cid=529, SUCCESS, logIndex=936, commits[85302df8-7a7f-4077-a053-c26dc3d3d65a:c936]
2019-06-13 22:53:39,700 INFO  client.GrpcClientProtocolClient (GrpcClientProtocolClient.java:onNext(254)) - client-C82EA620EB9B->85302df8-7a7f-4077-a053-c26dc3d3d65a: receive RaftClientReply:client-C82EA620EB9B->85302df8-7a7f-4077-a053-c26dc3d3d65a@group-4701ABA8D7D0, cid=530, SUCCESS, logIndex=938, commits[85302df8-7a7f-4077-a053-c26dc3d3d65a:c938]
2019-06-13 22:53:39,707 DEBUG block.SCMBlockDeletingService (SCMBlockDeletingService.java:call(138)) - Running DeletedBlockTransactionScanner
2019-06-13 22:53:39,707 DEBUG block.SCMBlockDeletingService (SCMBlockDeletingService.java:call(155)) - Scanned deleted blocks log and got 0 delTX to process.
2019-06-13 22:53:39,986 DEBUG block.SCMBlockDeletingService (SCMBlockDeletingService.java:call(138)) - Running DeletedBlockTransactionScanner
2019-06-13 22:53:39,986 DEBUG block.SCMBlockDeletingService (SCMBlockDeletingService.java:call(155)) - Scanned deleted blocks log and got 0 delTX to process.
2019-06-13 22:53:40,001 INFO  client.GrpcClientProtocolClient (GrpcClientProtocolClient.java:onNext(254)) - client-C82EA620EB9B->85302df8-7a7f-4077-a053-c26dc3d3d65a: receive RaftClientReply:client-C82EA620EB9B->85302df8-7a7f-4077-a053-c26dc3d3d65a@group-4701ABA8D7D0, cid=531, SUCCESS, logIndex=940, commits[85302df8-7a7f-4077-a053-c26dc3d3d65a:c940]
2019-06-13 22:53:40,002 INFO  client.GrpcClientProtocolClient (GrpcClientProtocolClient.java:onNext(254)) - client-C82EA620EB9B->85302df8-7a7f-4077-a053-c26dc3d3d65a: receive RaftClientReply:client-C82EA620EB9B->85302df8-7a7f-4077-a053-c26dc3d3d65a@group-4701ABA8D7D0, cid=532, SUCCESS, logIndex=942, commits[85302df8-7a7f-4077-a053-c26dc3d3d65a:c942]
2019-06-13 22:53:40,010 INFO  client.GrpcClientProtocolClient (GrpcClientProtocolClient.java:onNext(254)) - client-C82EA620EB9B->85302df8-7a7f-4077-a053-c26dc3d3d65a: receive RaftClientReply:client-C82EA620EB9B->85302df8-7a7f-4077-a053-c26dc3d3d65a@group-4701ABA8D7D0, cid=533, SUCCESS, logIndex=944, commits[85302df8-7a7f-4077-a053-c26dc3d3d65a:c944]
2019-06-13 22:53:40,013 INFO  client.GrpcClientProtocolClient (GrpcClientProtocolClient.java:onNext(254)) - client-C82EA620EB9B->85302df8-7a7f-4077-a053-c26dc3d3d65a: receive RaftClientReply:client-C82EA620EB9B->85302df8-7a7f-4077-a053-c26dc3d3d65a@group-4701ABA8D7D0, cid=534, SUCCESS, logIndex=946, commits[85302df8-7a7f-4077-a053-c26dc3d3d65a:c946]
2019-06-13 22:53:40,014 INFO  client.GrpcClientProtocolClient (GrpcClientProtocolClient.java:onNext(254)) - client-C82EA620EB9B->85302df8-7a7f-4077-a053-c26dc3d3d65a: receive RaftClientReply:client-C82EA620EB9B->85302df8-7a7f-4077-a053-c26dc3d3d65a@group-4701ABA8D7D0, cid=535, SUCCESS, logIndex=947, commits[85302df8-7a7f-4077-a053-c26dc3d3d65a:c949]
2019-06-13 22:53:40,014 INFO  client.GrpcClientProtocolClient (GrpcClientProtocolClient.java:onNext(254)) - client-C82EA620EB9B->85302df8-7a7f-4077-a053-c26dc3d3d65a: receive RaftClientReply:client-C82EA620EB9B->85302df8-7a7f-4077-a053-c26dc3d3d65a@group-4701ABA8D7D0, cid=536, SUCCESS, logIndex=949, commits[85302df8-7a7f-4077-a053-c26dc3d3d65a:c949]
2019-06-13 22:53:40,024 INFO  client.GrpcClientProtocolClient (GrpcClientProtocolClient.java:onNext(254)) - client-C82EA620EB9B->85302df8-7a7f-4077-a053-c26dc3d3d65a: receive RaftClientReply:client-C82EA620EB9B->85302df8-7a7f-4077-a053-c26dc3d3d65a@group-4701ABA8D7D0, cid=537, SUCCESS, logIndex=951, commits[85302df8-7a7f-4077-a053-c26dc3d3d65a:c951]
2019-06-13 22:53:40,028 INFO  client.GrpcClientProtocolClient (GrpcClientProtocolClient.java:onNext(254)) - client-C82EA620EB9B->85302df8-7a7f-4077-a053-c26dc3d3d65a: receive RaftClientReply:client-C82EA620EB9B->85302df8-7a7f-4077-a053-c26dc3d3d65a@group-4701ABA8D7D0, cid=538, SUCCESS, logIndex=953, commits[85302df8-7a7f-4077-a053-c26dc3d3d65a:c953]
2019-06-13 22:53:40,029 INFO  client.GrpcClientProtocolClient (GrpcClientProtocolClient.java:onNext(254)) - client-C82EA620EB9B->85302df8-7a7f-4077-a053-c26dc3d3d65a: receive RaftClientReply:client-C82EA620EB9B->85302df8-7a7f-4077-a053-c26dc3d3d65a@group-4701ABA8D7D0, cid=539, SUCCESS, logIndex=954, commits[85302df8-7a7f-4077-a053-c26dc3d3d65a:c954]
2019-06-13 22:53:40,029 INFO  client.GrpcClientProtocolClient (GrpcClientProtocolClient.java:onNext(254)) - client-C82EA620EB9B->85302df8-7a7f-4077-a053-c26dc3d3d65a: receive RaftClientReply:client-C82EA620EB9B->85302df8-7a7f-4077-a053-c26dc3d3d65a@group-4701ABA8D7D0, cid=540, SUCCESS, logIndex=956, commits[85302df8-7a7f-4077-a053-c26dc3d3d65a:c957]
2019-06-13 22:53:40,036 INFO  client.GrpcClientProtocolClient (GrpcClientProtocolClient.java:onNext(254)) - client-C82EA620EB9B->85302df8-7a7f-4077-a053-c26dc3d3d65a: receive RaftClientReply:client-C82EA620EB9B->85302df8-7a7f-4077-a053-c26dc3d3d65a@group-4701ABA8D7D0, cid=541, SUCCESS, logIndex=959, commits[85302df8-7a7f-4077-a053-c26dc3d3d65a:c960]
2019-06-13 22:53:40,038 INFO  client.GrpcClientProtocolClient (GrpcClientProtocolClient.java:onNext(254)) - client-C82EA620EB9B->85302df8-7a7f-4077-a053-c26dc3d3d65a: receive RaftClientReply:client-C82EA620EB9B->85302df8-7a7f-4077-a053-c26dc3d3d65a@group-4701ABA8D7D0, cid=542, SUCCESS, logIndex=961, commits[85302df8-7a7f-4077-a053-c26dc3d3d65a:c961]
2019-06-13 22:53:40,040 INFO  client.GrpcClientProtocolClient (GrpcClientProtocolClient.java:onNext(254)) - client-C82EA620EB9B->85302df8-7a7f-4077-a053-c26dc3d3d65a: receive RaftClientReply:client-C82EA620EB9B->85302df8-7a7f-4077-a053-c26dc3d3d65a@group-4701ABA8D7D0, cid=543, SUCCESS, logIndex=962, commits[85302df8-7a7f-4077-a053-c26dc3d3d65a:c964]
2019-06-13 22:53:40,040 INFO  client.GrpcClientProtocolClient (GrpcClientProtocolClient.java:onNext(254)) - client-C82EA620EB9B->85302df8-7a7f-4077-a053-c26dc3d3d65a: receive RaftClientReply:client-C82EA620EB9B->85302df8-7a7f-4077-a053-c26dc3d3d65a@group-4701ABA8D7D0, cid=544, SUCCESS, logIndex=964, commits[85302df8-7a7f-4077-a053-c26dc3d3d65a:c964]
2019-06-13 22:53:40,052 INFO  client.GrpcClientProtocolClient (GrpcClientProtocolClient.java:onNext(254)) - client-C82EA620EB9B->85302df8-7a7f-4077-a053-c26dc3d3d65a: receive RaftClientReply:client-C82EA620EB9B->85302df8-7a7f-4077-a053-c26dc3d3d65a@group-4701ABA8D7D0, cid=545, SUCCESS, logIndex=966, commits[85302df8-7a7f-4077-a053-c26dc3d3d65a:c966]
2019-06-13 22:53:40,054 INFO  client.GrpcClientProtocolClient (GrpcClientProtocolClient.java:onNext(254)) - client-C82EA620EB9B->85302df8-7a7f-4077-a053-c26dc3d3d65a: receive RaftClientReply:client-C82EA620EB9B->85302df8-7a7f-4077-a053-c26dc3d3d65a@group-4701ABA8D7D0, cid=546, SUCCESS, logIndex=968, commits[85302df8-7a7f-4077-a053-c26dc3d3d65a:c968]
2019-06-13 22:53:40,056 INFO  client.GrpcClientProtocolClient (GrpcClientProtocolClient.java:onNext(254)) - client-C82EA620EB9B->85302df8-7a7f-4077-a053-c26dc3d3d65a: receive RaftClientReply:client-C82EA620EB9B->85302df8-7a7f-4077-a053-c26dc3d3d65a@group-4701ABA8D7D0, cid=547, SUCCESS, logIndex=969, commits[85302df8-7a7f-4077-a053-c26dc3d3d65a:c971]
2019-06-13 22:53:40,056 INFO  client.GrpcClientProtocolClient (GrpcClientProtocolClient.java:onNext(254)) - client-C82EA620EB9B->85302df8-7a7f-4077-a053-c26dc3d3d65a: receive RaftClientReply:client-C82EA620EB9B->85302df8-7a7f-4077-a053-c26dc3d3d65a@group-4701ABA8D7D0, cid=548, SUCCESS, logIndex=971, commits[85302df8-7a7f-4077-a053-c26dc3d3d65a:c971]
2019-06-13 22:53:40,063 INFO  client.GrpcClientProtocolClient (GrpcClientProtocolClient.java:onNext(254)) - client-C82EA620EB9B->85302df8-7a7f-4077-a053-c26dc3d3d65a: receive RaftClientReply:client-C82EA620EB9B->85302df8-7a7f-4077-a053-c26dc3d3d65a@group-4701ABA8D7D0, cid=549, SUCCESS, logIndex=973, commits[85302df8-7a7f-4077-a053-c26dc3d3d65a:c973]
2019-06-13 22:53:40,066 INFO  client.GrpcClientProtocolClient (GrpcClientProtocolClient.java:onNext(254)) - client-C82EA620EB9B->85302df8-7a7f-4077-a053-c26dc3d3d65a: receive RaftClientReply:client-C82EA620EB9B->85302df8-7a7f-4077-a053-c26dc3d3d65a@group-4701ABA8D7D0, cid=550, SUCCESS, logIndex=975, commits[85302df8-7a7f-4077-a053-c26dc3d3d65a:c975]
2019-06-13 22:53:40,067 INFO  client.GrpcClientProtocolClient (GrpcClientProtocolClient.java:onNext(254)) - client-C82EA620EB9B->85302df8-7a7f-4077-a053-c26dc3d3d65a: receive RaftClientReply:client-C82EA620EB9B->85302df8-7a7f-4077-a053-c26dc3d3d65a@group-4701ABA8D7D0, cid=551, SUCCESS, logIndex=976, commits[85302df8-7a7f-4077-a053-c26dc3d3d65a:c977]
2019-06-13 22:53:40,068 INFO  client.GrpcClientProtocolClient (GrpcClientProtocolClient.java:onNext(254)) - client-C82EA620EB9B->85302df8-7a7f-4077-a053-c26dc3d3d65a: receive RaftClientReply:client-C82EA620EB9B->85302df8-7a7f-4077-a053-c26dc3d3d65a@group-4701ABA8D7D0, cid=552, SUCCESS, logIndex=977, commits[85302df8-7a7f-4077-a053-c26dc3d3d65a:c977]
2019-06-13 22:53:40,080 INFO  client.GrpcClientProtocolClient (GrpcClientProtocolClient.java:onNext(254)) - client-C82EA620EB9B->85302df8-7a7f-4077-a053-c26dc3d3d65a: receive RaftClientReply:client-C82EA620EB9B->85302df8-7a7f-4077-a053-c26dc3d3d65a@group-4701ABA8D7D0, cid=553, SUCCESS, logIndex=980, commits[85302df8-7a7f-4077-a053-c26dc3d3d65a:c980]
2019-06-13 22:53:40,084 INFO  client.GrpcClientProtocolClient (GrpcClientProtocolClient.java:onNext(254)) - client-C82EA620EB9B->85302df8-7a7f-4077-a053-c26dc3d3d65a: receive RaftClientReply:client-C82EA620EB9B->85302df8-7a7f-4077-a053-c26dc3d3d65a@group-4701ABA8D7D0, cid=554, SUCCESS, logIndex=982, commits[85302df8-7a7f-4077-a053-c26dc3d3d65a:c984]
2019-06-13 22:53:40,085 INFO  client.GrpcClientProtocolClient (GrpcClientProtocolClient.java:onNext(254)) - client-C82EA620EB9B->85302df8-7a7f-4077-a053-c26dc3d3d65a: receive RaftClientReply:client-C82EA620EB9B->85302df8-7a7f-4077-a053-c26dc3d3d65a@group-4701ABA8D7D0, cid=555, SUCCESS, logIndex=983, commits[85302df8-7a7f-4077-a053-c26dc3d3d65a:c984]
2019-06-13 22:53:40,085 INFO  client.GrpcClientProtocolClient (GrpcClientProtocolClient.java:onNext(254)) - client-C82EA620EB9B->85302df8-7a7f-4077-a053-c26dc3d3d65a: receive RaftClientReply:client-C82EA620EB9B->85302df8-7a7f-4077-a053-c26dc3d3d65a@group-4701ABA8D7D0, cid=556, SUCCESS, logIndex=984, commits[85302df8-7a7f-4077-a053-c26dc3d3d65a:c984]
2019-06-13 22:53:40,086 DEBUG block.SCMBlockDeletingService (SCMBlockDeletingService.java:call(138)) - Running DeletedBlockTransactionScanner
2019-06-13 22:53:40,087 DEBUG block.SCMBlockDeletingService (SCMBlockDeletingService.java:call(155)) - Scanned deleted blocks log and got 0 delTX to process.
2019-06-13 22:53:40,093 INFO  storage.RaftLogWorker (RaftLogWorker.java:rollLogSegment(303)) - 85302df8-7a7f-4077-a053-c26dc3d3d65a-RaftLogWorker: Rolling segment log-912_987 to index:987
2019-06-13 22:53:40,093 INFO  client.GrpcClientProtocolClient (GrpcClientProtocolClient.java:onNext(254)) - client-C82EA620EB9B->85302df8-7a7f-4077-a053-c26dc3d3d65a: receive RaftClientReply:client-C82EA620EB9B->85302df8-7a7f-4077-a053-c26dc3d3d65a@group-4701ABA8D7D0, cid=557, SUCCESS, logIndex=986, commits[85302df8-7a7f-4077-a053-c26dc3d3d65a:c986]
2019-06-13 22:53:40,093 INFO  storage.RaftLogWorker (RaftLogWorker.java:execute(433)) - 85302df8-7a7f-4077-a053-c26dc3d3d65a-RaftLogWorker: Rolled log segment from /opt/src/hadoop-ozone/integration-test/target/test-dir/MiniOzoneClusterImpl-550f9ca0-a6d9-4a4a-902f-f07ac81eac7b/datanode-0/data/ratis/5ad10fc2-5a33-4bdd-8958-4701aba8d7d0/current/log_inprogress_912 to /opt/src/hadoop-ozone/integration-test/target/test-dir/MiniOzoneClusterImpl-550f9ca0-a6d9-4a4a-902f-f07ac81eac7b/datanode-0/data/ratis/5ad10fc2-5a33-4bdd-8958-4701aba8d7d0/current/log_912-987
2019-06-13 22:53:40,129 INFO  storage.RaftLogWorker (RaftLogWorker.java:execute(469)) - 85302df8-7a7f-4077-a053-c26dc3d3d65a-RaftLogWorker: created new log segment /opt/src/hadoop-ozone/integration-test/target/test-dir/MiniOzoneClusterImpl-550f9ca0-a6d9-4a4a-902f-f07ac81eac7b/datanode-0/data/ratis/5ad10fc2-5a33-4bdd-8958-4701aba8d7d0/current/log_inprogress_988
2019-06-13 22:53:40,131 INFO  client.GrpcClientProtocolClient (GrpcClientProtocolClient.java:onNext(254)) - client-C82EA620EB9B->85302df8-7a7f-4077-a053-c26dc3d3d65a: receive RaftClientReply:client-C82EA620EB9B->85302df8-7a7f-4077-a053-c26dc3d3d65a@group-4701ABA8D7D0, cid=558, SUCCESS, logIndex=988, commits[85302df8-7a7f-4077-a053-c26dc3d3d65a:c990]
2019-06-13 22:53:40,133 INFO  client.GrpcClientProtocolClient (GrpcClientProtocolClient.java:onNext(254)) - client-C82EA620EB9B->85302df8-7a7f-4077-a053-c26dc3d3d65a: receive RaftClientReply:client-C82EA620EB9B->85302df8-7a7f-4077-a053-c26dc3d3d65a@group-4701ABA8D7D0, cid=559, SUCCESS, logIndex=989, commits[85302df8-7a7f-4077-a053-c26dc3d3d65a:c991]
2019-06-13 22:53:40,133 INFO  client.GrpcClientProtocolClient (GrpcClientProtocolClient.java:onNext(254)) - client-C82EA620EB9B->85302df8-7a7f-4077-a053-c26dc3d3d65a: receive RaftClientReply:client-C82EA620EB9B->85302df8-7a7f-4077-a053-c26dc3d3d65a@group-4701ABA8D7D0, cid=560, SUCCESS, logIndex=990, commits[85302df8-7a7f-4077-a053-c26dc3d3d65a:c991]
2019-06-13 22:53:40,146 INFO  client.GrpcClientProtocolClient (GrpcClientProtocolClient.java:onNext(254)) - client-C82EA620EB9B->85302df8-7a7f-4077-a053-c26dc3d3d65a: receive RaftClientReply:client-C82EA620EB9B->85302df8-7a7f-4077-a053-c26dc3d3d65a@group-4701ABA8D7D0, cid=561, SUCCESS, logIndex=992, commits[85302df8-7a7f-4077-a053-c26dc3d3d65a:c992]
2019-06-13 22:53:40,149 INFO  client.GrpcClientProtocolClient (GrpcClientProtocolClient.java:onNext(254)) - client-C82EA620EB9B->85302df8-7a7f-4077-a053-c26dc3d3d65a: receive RaftClientReply:client-C82EA620EB9B->85302df8-7a7f-4077-a053-c26dc3d3d65a@group-4701ABA8D7D0, cid=562, SUCCESS, logIndex=994, commits[85302df8-7a7f-4077-a053-c26dc3d3d65a:c994]
2019-06-13 22:53:40,152 INFO  client.GrpcClientProtocolClient (GrpcClientProtocolClient.java:onNext(254)) - client-C82EA620EB9B->85302df8-7a7f-4077-a053-c26dc3d3d65a: receive RaftClientReply:client-C82EA620EB9B->85302df8-7a7f-4077-a053-c26dc3d3d65a@group-4701ABA8D7D0, cid=563, SUCCESS, logIndex=996, commits[85302df8-7a7f-4077-a053-c26dc3d3d65a:c997]
2019-06-13 22:53:40,152 INFO  client.GrpcClientProtocolClient (GrpcClientProtocolClient.java:onNext(254)) - client-C82EA620EB9B->85302df8-7a7f-4077-a053-c26dc3d3d65a: receive RaftClientReply:client-C82EA620EB9B->85302df8-7a7f-4077-a053-c26dc3d3d65a@group-4701ABA8D7D0, cid=564, SUCCESS, logIndex=997, commits[85302df8-7a7f-4077-a053-c26dc3d3d65a:c998]
2019-06-13 22:53:40,159 INFO  client.GrpcClientProtocolClient (GrpcClientProtocolClient.java:onNext(254)) - client-C82EA620EB9B->85302df8-7a7f-4077-a053-c26dc3d3d65a: receive RaftClientReply:client-C82EA620EB9B->85302df8-7a7f-4077-a053-c26dc3d3d65a@group-4701ABA8D7D0, cid=565, SUCCESS, logIndex=999, commits[85302df8-7a7f-4077-a053-c26dc3d3d65a:c999]
2019-06-13 22:53:40,162 INFO  client.GrpcClientProtocolClient (GrpcClientProtocolClient.java:onNext(254)) - client-C82EA620EB9B->85302df8-7a7f-4077-a053-c26dc3d3d65a: receive RaftClientReply:client-C82EA620EB9B->85302df8-7a7f-4077-a053-c26dc3d3d65a@group-4701ABA8D7D0, cid=566, SUCCESS, logIndex=1001, commits[85302df8-7a7f-4077-a053-c26dc3d3d65a:c1001]
2019-06-13 22:53:40,163 INFO  client.GrpcClientProtocolClient (GrpcClientProtocolClient.java:onNext(254)) - client-C82EA620EB9B->85302df8-7a7f-4077-a053-c26dc3d3d65a: receive RaftClientReply:client-C82EA620EB9B->85302df8-7a7f-4077-a053-c26dc3d3d65a@group-4701ABA8D7D0, cid=567, SUCCESS, logIndex=1002, commits[85302df8-7a7f-4077-a053-c26dc3d3d65a:c1004]
2019-06-13 22:53:40,163 INFO  client.GrpcClientProtocolClient (GrpcClientProtocolClient.java:onNext(254)) - client-C82EA620EB9B->85302df8-7a7f-4077-a053-c26dc3d3d65a: receive RaftClientReply:client-C82EA620EB9B->85302df8-7a7f-4077-a053-c26dc3d3d65a@group-4701ABA8D7D0, cid=568, SUCCESS, logIndex=1004, commits[85302df8-7a7f-4077-a053-c26dc3d3d65a:c1005]
2019-06-13 22:53:40,175 INFO  client.GrpcClientProtocolClient (GrpcClientProtocolClient.java:onNext(254)) - client-C82EA620EB9B->85302df8-7a7f-4077-a053-c26dc3d3d65a: receive RaftClientReply:client-C82EA620EB9B->85302df8-7a7f-4077-a053-c26dc3d3d65a@group-4701ABA8D7D0, cid=569, SUCCESS, logIndex=1006, commits[85302df8-7a7f-4077-a053-c26dc3d3d65a:c1006]
2019-06-13 22:53:40,178 INFO  client.GrpcClientProtocolClient (GrpcClientProtocolClient.java:onNext(254)) - client-C82EA620EB9B->85302df8-7a7f-4077-a053-c26dc3d3d65a: receive RaftClientReply:client-C82EA620EB9B->85302df8-7a7f-4077-a053-c26dc3d3d65a@group-4701ABA8D7D0, cid=570, SUCCESS, logIndex=1008, commits[85302df8-7a7f-4077-a053-c26dc3d3d65a:c1008]
2019-06-13 22:53:40,178 INFO  client.GrpcClientProtocolClient (GrpcClientProtocolClient.java:onNext(254)) - client-C82EA620EB9B->85302df8-7a7f-4077-a053-c26dc3d3d65a: receive RaftClientReply:client-C82EA620EB9B->85302df8-7a7f-4077-a053-c26dc3d3d65a@group-4701ABA8D7D0, cid=571, SUCCESS, logIndex=1009, commits[85302df8-7a7f-4077-a053-c26dc3d3d65a:c1009]
2019-06-13 22:53:40,179 INFO  client.GrpcClientProtocolClient (GrpcClientProtocolClient.java:onNext(254)) - client-C82EA620EB9B->85302df8-7a7f-4077-a053-c26dc3d3d65a: receive RaftClientReply:client-C82EA620EB9B->85302df8-7a7f-4077-a053-c26dc3d3d65a@group-4701ABA8D7D0, cid=572, SUCCESS, logIndex=1011, commits[85302df8-7a7f-4077-a053-c26dc3d3d65a:c1012]
2019-06-13 22:53:40,186 INFO  client.GrpcClientProtocolClient (GrpcClientProtocolClient.java:onNext(254)) - client-C82EA620EB9B->85302df8-7a7f-4077-a053-c26dc3d3d65a: receive RaftClientReply:client-C82EA620EB9B->85302df8-7a7f-4077-a053-c26dc3d3d65a@group-4701ABA8D7D0, cid=573, SUCCESS, logIndex=1014, commits[85302df8-7a7f-4077-a053-c26dc3d3d65a:c1014]
2019-06-13 22:53:40,187 DEBUG block.SCMBlockDeletingService (SCMBlockDeletingService.java:call(138)) - Running DeletedBlockTransactionScanner
2019-06-13 22:53:40,188 DEBUG block.SCMBlockDeletingService (SCMBlockDeletingService.java:call(155)) - Scanned deleted blocks log and got 0 delTX to process.
2019-06-13 22:53:40,190 INFO  client.GrpcClientProtocolClient (GrpcClientProtocolClient.java:onNext(254)) - client-C82EA620EB9B->85302df8-7a7f-4077-a053-c26dc3d3d65a: receive RaftClientReply:client-C82EA620EB9B->85302df8-7a7f-4077-a053-c26dc3d3d65a@group-4701ABA8D7D0, cid=574, SUCCESS, logIndex=1016, commits[85302df8-7a7f-4077-a053-c26dc3d3d65a:c1016]
2019-06-13 22:53:40,288 DEBUG block.SCMBlockDeletingService (SCMBlockDeletingService.java:call(138)) - Running DeletedBlockTransactionScanner
2019-06-13 22:53:40,288 DEBUG block.SCMBlockDeletingService (SCMBlockDeletingService.java:call(155)) - Scanned deleted blocks log and got 0 delTX to process.
2019-06-13 22:53:40,289 INFO  client.GrpcClientProtocolClient (GrpcClientProtocolClient.java:onNext(254)) - client-C82EA620EB9B->85302df8-7a7f-4077-a053-c26dc3d3d65a: receive RaftClientReply:client-C82EA620EB9B->85302df8-7a7f-4077-a053-c26dc3d3d65a@group-4701ABA8D7D0, cid=575, SUCCESS, logIndex=1018, commits[85302df8-7a7f-4077-a053-c26dc3d3d65a:c1018]
2019-06-13 22:53:40,291 INFO  client.GrpcClientProtocolClient (GrpcClientProtocolClient.java:onNext(254)) - client-C82EA620EB9B->85302df8-7a7f-4077-a053-c26dc3d3d65a: receive RaftClientReply:client-C82EA620EB9B->85302df8-7a7f-4077-a053-c26dc3d3d65a@group-4701ABA8D7D0, cid=576, SUCCESS, logIndex=1020, commits[85302df8-7a7f-4077-a053-c26dc3d3d65a:c1020]
2019-06-13 22:53:40,304 INFO  client.GrpcClientProtocolClient (GrpcClientProtocolClient.java:onNext(254)) - client-C82EA620EB9B->85302df8-7a7f-4077-a053-c26dc3d3d65a: receive RaftClientReply:client-C82EA620EB9B->85302df8-7a7f-4077-a053-c26dc3d3d65a@group-4701ABA8D7D0, cid=577, SUCCESS, logIndex=1022, commits[85302df8-7a7f-4077-a053-c26dc3d3d65a:c1022]
2019-06-13 22:53:40,308 INFO  client.GrpcClientProtocolClient (GrpcClientProtocolClient.java:onNext(254)) - client-C82EA620EB9B->85302df8-7a7f-4077-a053-c26dc3d3d65a: receive RaftClientReply:client-C82EA620EB9B->85302df8-7a7f-4077-a053-c26dc3d3d65a@group-4701ABA8D7D0, cid=578, SUCCESS, logIndex=1024, commits[85302df8-7a7f-4077-a053-c26dc3d3d65a:c1024]
2019-06-13 22:53:40,309 INFO  client.GrpcClientProtocolClient (GrpcClientProtocolClient.java:onNext(254)) - client-C82EA620EB9B->85302df8-7a7f-4077-a053-c26dc3d3d65a: receive RaftClientReply:client-C82EA620EB9B->85302df8-7a7f-4077-a053-c26dc3d3d65a@group-4701ABA8D7D0, cid=579, SUCCESS, logIndex=1025, commits[85302df8-7a7f-4077-a053-c26dc3d3d65a:c1026]
2019-06-13 22:53:40,310 INFO  client.GrpcClientProtocolClient (GrpcClientProtocolClient.java:onNext(254)) - client-C82EA620EB9B->85302df8-7a7f-4077-a053-c26dc3d3d65a: receive RaftClientReply:client-C82EA620EB9B->85302df8-7a7f-4077-a053-c26dc3d3d65a@group-4701ABA8D7D0, cid=580, SUCCESS, logIndex=1026, commits[85302df8-7a7f-4077-a053-c26dc3d3d65a:c1026]
2019-06-13 22:53:40,317 INFO  client.GrpcClientProtocolClient (GrpcClientProtocolClient.java:onNext(254)) - client-C82EA620EB9B->85302df8-7a7f-4077-a053-c26dc3d3d65a: receive RaftClientReply:client-C82EA620EB9B->85302df8-7a7f-4077-a053-c26dc3d3d65a@group-4701ABA8D7D0, cid=581, SUCCESS, logIndex=1029, commits[85302df8-7a7f-4077-a053-c26dc3d3d65a:c1029]
2019-06-13 22:53:40,319 INFO  client.GrpcClientProtocolClient (GrpcClientProtocolClient.java:onNext(254)) - client-C82EA620EB9B->85302df8-7a7f-4077-a053-c26dc3d3d65a: receive RaftClientReply:client-C82EA620EB9B->85302df8-7a7f-4077-a053-c26dc3d3d65a@group-4701ABA8D7D0, cid=582, SUCCESS, logIndex=1031, commits[85302df8-7a7f-4077-a053-c26dc3d3d65a:c1031]
2019-06-13 22:53:40,320 INFO  client.GrpcClientProtocolClient (GrpcClientProtocolClient.java:onNext(254)) - client-C82EA620EB9B->85302df8-7a7f-4077-a053-c26dc3d3d65a: receive RaftClientReply:client-C82EA620EB9B->85302df8-7a7f-4077-a053-c26dc3d3d65a@group-4701ABA8D7D0, cid=583, SUCCESS, logIndex=1032, commits[85302df8-7a7f-4077-a053-c26dc3d3d65a:c1034]
2019-06-13 22:53:40,321 INFO  client.GrpcClientProtocolClient (GrpcClientProtocolClient.java:onNext(254)) - client-C82EA620EB9B->85302df8-7a7f-4077-a053-c26dc3d3d65a: receive RaftClientReply:client-C82EA620EB9B->85302df8-7a7f-4077-a053-c26dc3d3d65a@group-4701ABA8D7D0, cid=584, SUCCESS, logIndex=1033, commits[85302df8-7a7f-4077-a053-c26dc3d3d65a:c1034]
2019-06-13 22:53:40,332 INFO  client.GrpcClientProtocolClient (GrpcClientProtocolClient.java:onNext(254)) - client-C82EA620EB9B->85302df8-7a7f-4077-a053-c26dc3d3d65a: receive RaftClientReply:client-C82EA620EB9B->85302df8-7a7f-4077-a053-c26dc3d3d65a@group-4701ABA8D7D0, cid=585, SUCCESS, logIndex=1035, commits[85302df8-7a7f-4077-a053-c26dc3d3d65a:c1035]
2019-06-13 22:53:40,334 INFO  client.GrpcClientProtocolClient (GrpcClientProtocolClient.java:onNext(254)) - client-C82EA620EB9B->85302df8-7a7f-4077-a053-c26dc3d3d65a: receive RaftClientReply:client-C82EA620EB9B->85302df8-7a7f-4077-a053-c26dc3d3d65a@group-4701ABA8D7D0, cid=586, SUCCESS, logIndex=1037, commits[85302df8-7a7f-4077-a053-c26dc3d3d65a:c1037]
2019-06-13 22:53:40,336 INFO  client.GrpcClientProtocolClient (GrpcClientProtocolClient.java:onNext(254)) - client-C82EA620EB9B->85302df8-7a7f-4077-a053-c26dc3d3d65a: receive RaftClientReply:client-C82EA620EB9B->85302df8-7a7f-4077-a053-c26dc3d3d65a@group-4701ABA8D7D0, cid=587, SUCCESS, logIndex=1038, commits[85302df8-7a7f-4077-a053-c26dc3d3d65a:c1040]
2019-06-13 22:53:40,336 INFO  client.GrpcClientProtocolClient (GrpcClientProtocolClient.java:onNext(254)) - client-C82EA620EB9B->85302df8-7a7f-4077-a053-c26dc3d3d65a: receive RaftClientReply:client-C82EA620EB9B->85302df8-7a7f-4077-a053-c26dc3d3d65a@group-4701ABA8D7D0, cid=588, SUCCESS, logIndex=1040, commits[85302df8-7a7f-4077-a053-c26dc3d3d65a:c1041]
2019-06-13 22:53:40,343 INFO  client.GrpcClientProtocolClient (GrpcClientProtocolClient.java:onNext(254)) - client-C82EA620EB9B->85302df8-7a7f-4077-a053-c26dc3d3d65a: receive RaftClientReply:client-C82EA620EB9B->85302df8-7a7f-4077-a053-c26dc3d3d65a@group-4701ABA8D7D0, cid=589, SUCCESS, logIndex=1042, commits[85302df8-7a7f-4077-a053-c26dc3d3d65a:c1042]
2019-06-13 22:53:40,345 INFO  client.GrpcClientProtocolClient (GrpcClientProtocolClient.java:onNext(254)) - client-C82EA620EB9B->85302df8-7a7f-4077-a053-c26dc3d3d65a: receive RaftClientReply:client-C82EA620EB9B->85302df8-7a7f-4077-a053-c26dc3d3d65a@group-4701ABA8D7D0, cid=590, SUCCESS, logIndex=1044, commits[85302df8-7a7f-4077-a053-c26dc3d3d65a:c1044]
2019-06-13 22:53:40,346 INFO  client.GrpcClientProtocolClient (GrpcClientProtocolClient.java:onNext(254)) - client-C82EA620EB9B->85302df8-7a7f-4077-a053-c26dc3d3d65a: receive RaftClientReply:client-C82EA620EB9B->85302df8-7a7f-4077-a053-c26dc3d3d65a@group-4701ABA8D7D0, cid=591, SUCCESS, logIndex=1045, commits[85302df8-7a7f-4077-a053-c26dc3d3d65a:c1047]
2019-06-13 22:53:40,347 INFO  client.GrpcClientProtocolClient (GrpcClientProtocolClient.java:onNext(254)) - client-C82EA620EB9B->85302df8-7a7f-4077-a053-c26dc3d3d65a: receive RaftClientReply:client-C82EA620EB9B->85302df8-7a7f-4077-a053-c26dc3d3d65a@group-4701ABA8D7D0, cid=592, SUCCESS, logIndex=1046, commits[85302df8-7a7f-4077-a053-c26dc3d3d65a:c1047]
2019-06-13 22:53:40,358 INFO  client.GrpcClientProtocolClient (GrpcClientProtocolClient.java:onNext(254)) - client-C82EA620EB9B->85302df8-7a7f-4077-a053-c26dc3d3d65a: receive RaftClientReply:client-C82EA620EB9B->85302df8-7a7f-4077-a053-c26dc3d3d65a@group-4701ABA8D7D0, cid=593, SUCCESS, logIndex=1048, commits[85302df8-7a7f-4077-a053-c26dc3d3d65a:c1048]
2019-06-13 22:53:40,361 INFO  client.GrpcClientProtocolClient (GrpcClientProtocolClient.java:onNext(254)) - client-C82EA620EB9B->85302df8-7a7f-4077-a053-c26dc3d3d65a: receive RaftClientReply:client-C82EA620EB9B->85302df8-7a7f-4077-a053-c26dc3d3d65a@group-4701ABA8D7D0, cid=594, SUCCESS, logIndex=1050, commits[85302df8-7a7f-4077-a053-c26dc3d3d65a:c1050]
2019-06-13 22:53:40,361 INFO  client.GrpcClientProtocolClient (GrpcClientProtocolClient.java:onNext(254)) - client-C82EA620EB9B->85302df8-7a7f-4077-a053-c26dc3d3d65a: receive RaftClientReply:client-C82EA620EB9B->85302df8-7a7f-4077-a053-c26dc3d3d65a@group-4701ABA8D7D0, cid=595, SUCCESS, logIndex=1051, commits[85302df8-7a7f-4077-a053-c26dc3d3d65a:c1053]
2019-06-13 22:53:40,361 INFO  client.GrpcClientProtocolClient (GrpcClientProtocolClient.java:onNext(254)) - client-C82EA620EB9B->85302df8-7a7f-4077-a053-c26dc3d3d65a: receive RaftClientReply:client-C82EA620EB9B->85302df8-7a7f-4077-a053-c26dc3d3d65a@group-4701ABA8D7D0, cid=596, SUCCESS, logIndex=1052, commits[85302df8-7a7f-4077-a053-c26dc3d3d65a:c1053]
2019-06-13 22:53:40,370 INFO  storage.RaftLogWorker (RaftLogWorker.java:rollLogSegment(303)) - 85302df8-7a7f-4077-a053-c26dc3d3d65a-RaftLogWorker: Rolling segment log-988_1057 to index:1057
2019-06-13 22:53:40,371 INFO  storage.RaftLogWorker (RaftLogWorker.java:execute(433)) - 85302df8-7a7f-4077-a053-c26dc3d3d65a-RaftLogWorker: Rolled log segment from /opt/src/hadoop-ozone/integration-test/target/test-dir/MiniOzoneClusterImpl-550f9ca0-a6d9-4a4a-902f-f07ac81eac7b/datanode-0/data/ratis/5ad10fc2-5a33-4bdd-8958-4701aba8d7d0/current/log_inprogress_988 to /opt/src/hadoop-ozone/integration-test/target/test-dir/MiniOzoneClusterImpl-550f9ca0-a6d9-4a4a-902f-f07ac81eac7b/datanode-0/data/ratis/5ad10fc2-5a33-4bdd-8958-4701aba8d7d0/current/log_988-1057
2019-06-13 22:53:40,376 INFO  client.GrpcClientProtocolClient (GrpcClientProtocolClient.java:onNext(254)) - client-C82EA620EB9B->85302df8-7a7f-4077-a053-c26dc3d3d65a: receive RaftClientReply:client-C82EA620EB9B->85302df8-7a7f-4077-a053-c26dc3d3d65a@group-4701ABA8D7D0, cid=597, SUCCESS, logIndex=1054, commits[85302df8-7a7f-4077-a053-c26dc3d3d65a:c1054]
2019-06-13 22:53:40,377 INFO  client.GrpcClientProtocolClient (GrpcClientProtocolClient.java:onNext(254)) - client-C82EA620EB9B->85302df8-7a7f-4077-a053-c26dc3d3d65a: receive RaftClientReply:client-C82EA620EB9B->85302df8-7a7f-4077-a053-c26dc3d3d65a@group-4701ABA8D7D0, cid=598, SUCCESS, logIndex=1056, commits[85302df8-7a7f-4077-a053-c26dc3d3d65a:c1057]
2019-06-13 22:53:40,377 INFO  client.GrpcClientProtocolClient (GrpcClientProtocolClient.java:onNext(254)) - client-C82EA620EB9B->85302df8-7a7f-4077-a053-c26dc3d3d65a: receive RaftClientReply:client-C82EA620EB9B->85302df8-7a7f-4077-a053-c26dc3d3d65a@group-4701ABA8D7D0, cid=599, SUCCESS, logIndex=1057, commits[85302df8-7a7f-4077-a053-c26dc3d3d65a:c1057]
2019-06-13 22:53:40,388 DEBUG block.SCMBlockDeletingService (SCMBlockDeletingService.java:call(138)) - Running DeletedBlockTransactionScanner
2019-06-13 22:53:40,392 DEBUG block.SCMBlockDeletingService (SCMBlockDeletingService.java:call(155)) - Scanned deleted blocks log and got 0 delTX to process.
2019-06-13 22:53:40,414 INFO  storage.RaftLogWorker (RaftLogWorker.java:execute(469)) - 85302df8-7a7f-4077-a053-c26dc3d3d65a-RaftLogWorker: created new log segment /opt/src/hadoop-ozone/integration-test/target/test-dir/MiniOzoneClusterImpl-550f9ca0-a6d9-4a4a-902f-f07ac81eac7b/datanode-0/data/ratis/5ad10fc2-5a33-4bdd-8958-4701aba8d7d0/current/log_inprogress_1058
2019-06-13 22:53:40,416 INFO  client.GrpcClientProtocolClient (GrpcClientProtocolClient.java:onNext(254)) - client-C82EA620EB9B->85302df8-7a7f-4077-a053-c26dc3d3d65a: receive RaftClientReply:client-C82EA620EB9B->85302df8-7a7f-4077-a053-c26dc3d3d65a@group-4701ABA8D7D0, cid=600, SUCCESS, logIndex=1058, commits[85302df8-7a7f-4077-a053-c26dc3d3d65a:c1060]
2019-06-13 22:53:40,429 INFO  client.GrpcClientProtocolClient (GrpcClientProtocolClient.java:onNext(254)) - client-C82EA620EB9B->85302df8-7a7f-4077-a053-c26dc3d3d65a: receive RaftClientReply:client-C82EA620EB9B->85302df8-7a7f-4077-a053-c26dc3d3d65a@group-4701ABA8D7D0, cid=601, SUCCESS, logIndex=1061, commits[85302df8-7a7f-4077-a053-c26dc3d3d65a:c1061]
2019-06-13 22:53:40,432 INFO  client.GrpcClientProtocolClient (GrpcClientProtocolClient.java:onNext(254)) - client-C82EA620EB9B->85302df8-7a7f-4077-a053-c26dc3d3d65a: receive RaftClientReply:client-C82EA620EB9B->85302df8-7a7f-4077-a053-c26dc3d3d65a@group-4701ABA8D7D0, cid=602, SUCCESS, logIndex=1063, commits[85302df8-7a7f-4077-a053-c26dc3d3d65a:c1063]
2019-06-13 22:53:40,432 INFO  client.GrpcClientProtocolClient (GrpcClientProtocolClient.java:onNext(254)) - client-C82EA620EB9B->85302df8-7a7f-4077-a053-c26dc3d3d65a: receive RaftClientReply:client-C82EA620EB9B->85302df8-7a7f-4077-a053-c26dc3d3d65a@group-4701ABA8D7D0, cid=603, SUCCESS, logIndex=1064, commits[85302df8-7a7f-4077-a053-c26dc3d3d65a:c1064]
2019-06-13 22:53:40,434 INFO  client.GrpcClientProtocolClient (GrpcClientProtocolClient.java:onNext(254)) - client-C82EA620EB9B->85302df8-7a7f-4077-a053-c26dc3d3d65a: receive RaftClientReply:client-C82EA620EB9B->85302df8-7a7f-4077-a053-c26dc3d3d65a@group-4701ABA8D7D0, cid=604, SUCCESS, logIndex=1067, commits[85302df8-7a7f-4077-a053-c26dc3d3d65a:c1067]
2019-06-13 22:53:40,441 INFO  client.GrpcClientProtocolClient (GrpcClientProtocolClient.java:onNext(254)) - client-C82EA620EB9B->85302df8-7a7f-4077-a053-c26dc3d3d65a: receive RaftClientReply:client-C82EA620EB9B->85302df8-7a7f-4077-a053-c26dc3d3d65a@group-4701ABA8D7D0, cid=605, SUCCESS, logIndex=1069, commits[85302df8-7a7f-4077-a053-c26dc3d3d65a:c1069]
2019-06-13 22:53:40,444 INFO  client.GrpcClientProtocolClient (GrpcClientProtocolClient.java:onNext(254)) - client-C82EA620EB9B->85302df8-7a7f-4077-a053-c26dc3d3d65a: receive RaftClientReply:client-C82EA620EB9B->85302df8-7a7f-4077-a053-c26dc3d3d65a@group-4701ABA8D7D0, cid=606, SUCCESS, logIndex=1071, commits[85302df8-7a7f-4077-a053-c26dc3d3d65a:c1071]
2019-06-13 22:53:40,445 INFO  client.GrpcClientProtocolClient (GrpcClientProtocolClient.java:onNext(254)) - client-C82EA620EB9B->85302df8-7a7f-4077-a053-c26dc3d3d65a: receive RaftClientReply:client-C82EA620EB9B->85302df8-7a7f-4077-a053-c26dc3d3d65a@group-4701ABA8D7D0, cid=607, SUCCESS, logIndex=1072, commits[85302df8-7a7f-4077-a053-c26dc3d3d65a:c1073]
2019-06-13 22:53:40,445 INFO  client.GrpcClientProtocolClient (GrpcClientProtocolClient.java:onNext(254)) - client-C82EA620EB9B->85302df8-7a7f-4077-a053-c26dc3d3d65a: receive RaftClientReply:client-C82EA620EB9B->85302df8-7a7f-4077-a053-c26dc3d3d65a@group-4701ABA8D7D0, cid=608, SUCCESS, logIndex=1073, commits[85302df8-7a7f-4077-a053-c26dc3d3d65a:c1074]
2019-06-13 22:53:40,492 DEBUG block.SCMBlockDeletingService (SCMBlockDeletingService.java:call(138)) - Running DeletedBlockTransactionScanner
2019-06-13 22:53:40,493 DEBUG block.SCMBlockDeletingService (SCMBlockDeletingService.java:call(155)) - Scanned deleted blocks log and got 0 delTX to process.
2019-06-13 22:53:40,500 INFO  client.GrpcClientProtocolClient (GrpcClientProtocolClient.java:onNext(254)) - client-C82EA620EB9B->85302df8-7a7f-4077-a053-c26dc3d3d65a: receive RaftClientReply:client-C82EA620EB9B->85302df8-7a7f-4077-a053-c26dc3d3d65a@group-4701ABA8D7D0, cid=609, SUCCESS, logIndex=1076, commits[85302df8-7a7f-4077-a053-c26dc3d3d65a:c1076]
2019-06-13 22:53:40,502 INFO  client.GrpcClientProtocolClient (GrpcClientProtocolClient.java:onNext(254)) - client-C82EA620EB9B->85302df8-7a7f-4077-a053-c26dc3d3d65a: receive RaftClientReply:client-C82EA620EB9B->85302df8-7a7f-4077-a053-c26dc3d3d65a@group-4701ABA8D7D0, cid=610, SUCCESS, logIndex=1078, commits[85302df8-7a7f-4077-a053-c26dc3d3d65a:c1078]
2019-06-13 22:53:40,503 INFO  client.GrpcClientProtocolClient (GrpcClientProtocolClient.java:onNext(254)) - client-C82EA620EB9B->85302df8-7a7f-4077-a053-c26dc3d3d65a: receive RaftClientReply:client-C82EA620EB9B->85302df8-7a7f-4077-a053-c26dc3d3d65a@group-4701ABA8D7D0, cid=611, SUCCESS, logIndex=1079, commits[85302df8-7a7f-4077-a053-c26dc3d3d65a:c1081]
2019-06-13 22:53:40,504 INFO  client.GrpcClientProtocolClient (GrpcClientProtocolClient.java:onNext(254)) - client-C82EA620EB9B->85302df8-7a7f-4077-a053-c26dc3d3d65a: receive RaftClientReply:client-C82EA620EB9B->85302df8-7a7f-4077-a053-c26dc3d3d65a@group-4701ABA8D7D0, cid=612, SUCCESS, logIndex=1080, commits[85302df8-7a7f-4077-a053-c26dc3d3d65a:c1081]
2019-06-13 22:53:40,511 INFO  client.GrpcClientProtocolClient (GrpcClientProtocolClient.java:onNext(254)) - client-C82EA620EB9B->85302df8-7a7f-4077-a053-c26dc3d3d65a: receive RaftClientReply:client-C82EA620EB9B->85302df8-7a7f-4077-a053-c26dc3d3d65a@group-4701ABA8D7D0, cid=613, SUCCESS, logIndex=1082, commits[85302df8-7a7f-4077-a053-c26dc3d3d65a:c1082]
2019-06-13 22:53:40,513 INFO  client.GrpcClientProtocolClient (GrpcClientProtocolClient.java:onNext(254)) - client-C82EA620EB9B->85302df8-7a7f-4077-a053-c26dc3d3d65a: receive RaftClientReply:client-C82EA620EB9B->85302df8-7a7f-4077-a053-c26dc3d3d65a@group-4701ABA8D7D0, cid=614, SUCCESS, logIndex=1084, commits[85302df8-7a7f-4077-a053-c26dc3d3d65a:c1084]
2019-06-13 22:53:40,516 INFO  client.GrpcClientProtocolClient (GrpcClientProtocolClient.java:onNext(254)) - client-C82EA620EB9B->85302df8-7a7f-4077-a053-c26dc3d3d65a: receive RaftClientReply:client-C82EA620EB9B->85302df8-7a7f-4077-a053-c26dc3d3d65a@group-4701ABA8D7D0, cid=615, SUCCESS, logIndex=1086, commits[85302df8-7a7f-4077-a053-c26dc3d3d65a:c1087]
2019-06-13 22:53:40,516 INFO  client.GrpcClientProtocolClient (GrpcClientProtocolClient.java:onNext(254)) - client-C82EA620EB9B->85302df8-7a7f-4077-a053-c26dc3d3d65a: receive RaftClientReply:client-C82EA620EB9B->85302df8-7a7f-4077-a053-c26dc3d3d65a@group-4701ABA8D7D0, cid=616, SUCCESS, logIndex=1087, commits[85302df8-7a7f-4077-a053-c26dc3d3d65a:c1088]
2019-06-13 22:53:40,528 INFO  client.GrpcClientProtocolClient (GrpcClientProtocolClient.java:onNext(254)) - client-C82EA620EB9B->85302df8-7a7f-4077-a053-c26dc3d3d65a: receive RaftClientReply:client-C82EA620EB9B->85302df8-7a7f-4077-a053-c26dc3d3d65a@group-4701ABA8D7D0, cid=617, SUCCESS, logIndex=1089, commits[85302df8-7a7f-4077-a053-c26dc3d3d65a:c1089]
2019-06-13 22:53:40,529 INFO  client.GrpcClientProtocolClient (GrpcClientProtocolClient.java:onNext(254)) - client-C82EA620EB9B->85302df8-7a7f-4077-a053-c26dc3d3d65a: receive RaftClientReply:client-C82EA620EB9B->85302df8-7a7f-4077-a053-c26dc3d3d65a@group-4701ABA8D7D0, cid=618, SUCCESS, logIndex=1091, commits[85302df8-7a7f-4077-a053-c26dc3d3d65a:c1091]
2019-06-13 22:53:40,593 DEBUG block.SCMBlockDeletingService (SCMBlockDeletingService.java:call(138)) - Running DeletedBlockTransactionScanner
2019-06-13 22:53:40,593 DEBUG block.SCMBlockDeletingService (SCMBlockDeletingService.java:call(155)) - Scanned deleted blocks log and got 0 delTX to process.
2019-06-13 22:53:40,599 INFO  client.GrpcClientProtocolClient (GrpcClientProtocolClient.java:onNext(254)) - client-C82EA620EB9B->85302df8-7a7f-4077-a053-c26dc3d3d65a: receive RaftClientReply:client-C82EA620EB9B->85302df8-7a7f-4077-a053-c26dc3d3d65a@group-4701ABA8D7D0, cid=619, SUCCESS, logIndex=1093, commits[85302df8-7a7f-4077-a053-c26dc3d3d65a:c1093]
2019-06-13 22:53:40,601 INFO  client.GrpcClientProtocolClient (GrpcClientProtocolClient.java:onNext(254)) - client-C82EA620EB9B->85302df8-7a7f-4077-a053-c26dc3d3d65a: receive RaftClientReply:client-C82EA620EB9B->85302df8-7a7f-4077-a053-c26dc3d3d65a@group-4701ABA8D7D0, cid=620, SUCCESS, logIndex=1095, commits[85302df8-7a7f-4077-a053-c26dc3d3d65a:c1095]
2019-06-13 22:53:40,607 INFO  client.GrpcClientProtocolClient (GrpcClientProtocolClient.java:onNext(254)) - client-C82EA620EB9B->85302df8-7a7f-4077-a053-c26dc3d3d65a: receive RaftClientReply:client-C82EA620EB9B->85302df8-7a7f-4077-a053-c26dc3d3d65a@group-4701ABA8D7D0, cid=621, SUCCESS, logIndex=1097, commits[85302df8-7a7f-4077-a053-c26dc3d3d65a:c1097]
2019-06-13 22:53:40,610 INFO  client.GrpcClientProtocolClient (GrpcClientProtocolClient.java:onNext(254)) - client-C82EA620EB9B->85302df8-7a7f-4077-a053-c26dc3d3d65a: receive RaftClientReply:client-C82EA620EB9B->85302df8-7a7f-4077-a053-c26dc3d3d65a@group-4701ABA8D7D0, cid=622, SUCCESS, logIndex=1099, commits[85302df8-7a7f-4077-a053-c26dc3d3d65a:c1099]
2019-06-13 22:53:40,611 INFO  client.GrpcClientProtocolClient (GrpcClientProtocolClient.java:onNext(254)) - client-C82EA620EB9B->85302df8-7a7f-4077-a053-c26dc3d3d65a: receive RaftClientReply:client-C82EA620EB9B->85302df8-7a7f-4077-a053-c26dc3d3d65a@group-4701ABA8D7D0, cid=623, SUCCESS, logIndex=1100, commits[85302df8-7a7f-4077-a053-c26dc3d3d65a:c1101]
2019-06-13 22:53:40,611 INFO  client.GrpcClientProtocolClient (GrpcClientProtocolClient.java:onNext(254)) - client-C82EA620EB9B->85302df8-7a7f-4077-a053-c26dc3d3d65a: receive RaftClientReply:client-C82EA620EB9B->85302df8-7a7f-4077-a053-c26dc3d3d65a@group-4701ABA8D7D0, cid=624, SUCCESS, logIndex=1101, commits[85302df8-7a7f-4077-a053-c26dc3d3d65a:c1101]
2019-06-13 22:53:40,623 INFO  client.GrpcClientProtocolClient (GrpcClientProtocolClient.java:onNext(254)) - client-C82EA620EB9B->85302df8-7a7f-4077-a053-c26dc3d3d65a: receive RaftClientReply:client-C82EA620EB9B->85302df8-7a7f-4077-a053-c26dc3d3d65a@group-4701ABA8D7D0, cid=625, SUCCESS, logIndex=1104, commits[85302df8-7a7f-4077-a053-c26dc3d3d65a:c1104]
2019-06-13 22:53:40,626 INFO  client.GrpcClientProtocolClient (GrpcClientProtocolClient.java:onNext(254)) - client-C82EA620EB9B->85302df8-7a7f-4077-a053-c26dc3d3d65a: receive RaftClientReply:client-C82EA620EB9B->85302df8-7a7f-4077-a053-c26dc3d3d65a@group-4701ABA8D7D0, cid=626, SUCCESS, logIndex=1106, commits[85302df8-7a7f-4077-a053-c26dc3d3d65a:c1106]
2019-06-13 22:53:40,628 INFO  client.GrpcClientProtocolClient (GrpcClientProtocolClient.java:onNext(254)) - client-C82EA620EB9B->85302df8-7a7f-4077-a053-c26dc3d3d65a: receive RaftClientReply:client-C82EA620EB9B->85302df8-7a7f-4077-a053-c26dc3d3d65a@group-4701ABA8D7D0, cid=627, SUCCESS, logIndex=1107, commits[85302df8-7a7f-4077-a053-c26dc3d3d65a:c1108]
2019-06-13 22:53:40,628 INFO  client.GrpcClientProtocolClient (GrpcClientProtocolClient.java:onNext(254)) - client-C82EA620EB9B->85302df8-7a7f-4077-a053-c26dc3d3d65a: receive RaftClientReply:client-C82EA620EB9B->85302df8-7a7f-4077-a053-c26dc3d3d65a@group-4701ABA8D7D0, cid=628, SUCCESS, logIndex=1108, commits[85302df8-7a7f-4077-a053-c26dc3d3d65a:c1108]
2019-06-13 22:53:40,635 INFO  client.GrpcClientProtocolClient (GrpcClientProtocolClient.java:onNext(254)) - client-C82EA620EB9B->85302df8-7a7f-4077-a053-c26dc3d3d65a: receive RaftClientReply:client-C82EA620EB9B->85302df8-7a7f-4077-a053-c26dc3d3d65a@group-4701ABA8D7D0, cid=629, SUCCESS, logIndex=1111, commits[85302df8-7a7f-4077-a053-c26dc3d3d65a:c1111]
2019-06-13 22:53:40,638 INFO  client.GrpcClientProtocolClient (GrpcClientProtocolClient.java:onNext(254)) - client-C82EA620EB9B->85302df8-7a7f-4077-a053-c26dc3d3d65a: receive RaftClientReply:client-C82EA620EB9B->85302df8-7a7f-4077-a053-c26dc3d3d65a@group-4701ABA8D7D0, cid=630, SUCCESS, logIndex=1113, commits[85302df8-7a7f-4077-a053-c26dc3d3d65a:c1113]
2019-06-13 22:53:40,638 INFO  client.GrpcClientProtocolClient (GrpcClientProtocolClient.java:onNext(254)) - client-C82EA620EB9B->85302df8-7a7f-4077-a053-c26dc3d3d65a: receive RaftClientReply:client-C82EA620EB9B->85302df8-7a7f-4077-a053-c26dc3d3d65a@group-4701ABA8D7D0, cid=631, SUCCESS, logIndex=1114, commits[85302df8-7a7f-4077-a053-c26dc3d3d65a:c1116]
2019-06-13 22:53:40,639 INFO  client.GrpcClientProtocolClient (GrpcClientProtocolClient.java:onNext(254)) - client-C82EA620EB9B->85302df8-7a7f-4077-a053-c26dc3d3d65a: receive RaftClientReply:client-C82EA620EB9B->85302df8-7a7f-4077-a053-c26dc3d3d65a@group-4701ABA8D7D0, cid=632, SUCCESS, logIndex=1116, commits[85302df8-7a7f-4077-a053-c26dc3d3d65a:c1117]
2019-06-13 22:53:40,650 INFO  client.GrpcClientProtocolClient (GrpcClientProtocolClient.java:onNext(254)) - client-C82EA620EB9B->85302df8-7a7f-4077-a053-c26dc3d3d65a: receive RaftClientReply:client-C82EA620EB9B->85302df8-7a7f-4077-a053-c26dc3d3d65a@group-4701ABA8D7D0, cid=633, SUCCESS, logIndex=1118, commits[85302df8-7a7f-4077-a053-c26dc3d3d65a:c1118]
2019-06-13 22:53:40,652 INFO  client.GrpcClientProtocolClient (GrpcClientProtocolClient.java:onNext(254)) - client-C82EA620EB9B->85302df8-7a7f-4077-a053-c26dc3d3d65a: receive RaftClientReply:client-C82EA620EB9B->85302df8-7a7f-4077-a053-c26dc3d3d65a@group-4701ABA8D7D0, cid=634, SUCCESS, logIndex=1120, commits[85302df8-7a7f-4077-a053-c26dc3d3d65a:c1120]
2019-06-13 22:53:40,653 INFO  client.GrpcClientProtocolClient (GrpcClientProtocolClient.java:onNext(254)) - client-C82EA620EB9B->85302df8-7a7f-4077-a053-c26dc3d3d65a: receive RaftClientReply:client-C82EA620EB9B->85302df8-7a7f-4077-a053-c26dc3d3d65a@group-4701ABA8D7D0, cid=635, SUCCESS, logIndex=1121, commits[85302df8-7a7f-4077-a053-c26dc3d3d65a:c1122]
2019-06-13 22:53:40,654 INFO  client.GrpcClientProtocolClient (GrpcClientProtocolClient.java:onNext(254)) - client-C82EA620EB9B->85302df8-7a7f-4077-a053-c26dc3d3d65a: receive RaftClientReply:client-C82EA620EB9B->85302df8-7a7f-4077-a053-c26dc3d3d65a@group-4701ABA8D7D0, cid=636, SUCCESS, logIndex=1122, commits[85302df8-7a7f-4077-a053-c26dc3d3d65a:c1122]
2019-06-13 22:53:40,662 INFO  client.GrpcClientProtocolClient (GrpcClientProtocolClient.java:onNext(254)) - client-C82EA620EB9B->85302df8-7a7f-4077-a053-c26dc3d3d65a: receive RaftClientReply:client-C82EA620EB9B->85302df8-7a7f-4077-a053-c26dc3d3d65a@group-4701ABA8D7D0, cid=637, SUCCESS, logIndex=1125, commits[85302df8-7a7f-4077-a053-c26dc3d3d65a:c1125]
2019-06-13 22:53:40,666 INFO  client.GrpcClientProtocolClient (GrpcClientProtocolClient.java:onNext(254)) - client-C82EA620EB9B->85302df8-7a7f-4077-a053-c26dc3d3d65a: receive RaftClientReply:client-C82EA620EB9B->85302df8-7a7f-4077-a053-c26dc3d3d65a@group-4701ABA8D7D0, cid=638, SUCCESS, logIndex=1127, commits[85302df8-7a7f-4077-a053-c26dc3d3d65a:c1127]
2019-06-13 22:53:40,670 INFO  client.GrpcClientProtocolClient (GrpcClientProtocolClient.java:onNext(254)) - client-C82EA620EB9B->85302df8-7a7f-4077-a053-c26dc3d3d65a: receive RaftClientReply:client-C82EA620EB9B->85302df8-7a7f-4077-a053-c26dc3d3d65a@group-4701ABA8D7D0, cid=639, SUCCESS, logIndex=1129, commits[85302df8-7a7f-4077-a053-c26dc3d3d65a:c1129]
2019-06-13 22:53:40,671 INFO  client.GrpcClientProtocolClient (GrpcClientProtocolClient.java:onNext(254)) - client-C82EA620EB9B->85302df8-7a7f-4077-a053-c26dc3d3d65a: receive RaftClientReply:client-C82EA620EB9B->85302df8-7a7f-4077-a053-c26dc3d3d65a@group-4701ABA8D7D0, cid=640, SUCCESS, logIndex=1130, commits[85302df8-7a7f-4077-a053-c26dc3d3d65a:c1131]
2019-06-13 22:53:40,683 INFO  client.GrpcClientProtocolClient (GrpcClientProtocolClient.java:onNext(254)) - client-C82EA620EB9B->85302df8-7a7f-4077-a053-c26dc3d3d65a: receive RaftClientReply:client-C82EA620EB9B->85302df8-7a7f-4077-a053-c26dc3d3d65a@group-4701ABA8D7D0, cid=641, SUCCESS, logIndex=1132, commits[85302df8-7a7f-4077-a053-c26dc3d3d65a:c1132]
2019-06-13 22:53:40,684 INFO  storage.RaftLogWorker (RaftLogWorker.java:rollLogSegment(303)) - 85302df8-7a7f-4077-a053-c26dc3d3d65a-RaftLogWorker: Rolling segment log-1058_1134 to index:1134
2019-06-13 22:53:40,685 INFO  storage.RaftLogWorker (RaftLogWorker.java:execute(433)) - 85302df8-7a7f-4077-a053-c26dc3d3d65a-RaftLogWorker: Rolled log segment from /opt/src/hadoop-ozone/integration-test/target/test-dir/MiniOzoneClusterImpl-550f9ca0-a6d9-4a4a-902f-f07ac81eac7b/datanode-0/data/ratis/5ad10fc2-5a33-4bdd-8958-4701aba8d7d0/current/log_inprogress_1058 to /opt/src/hadoop-ozone/integration-test/target/test-dir/MiniOzoneClusterImpl-550f9ca0-a6d9-4a4a-902f-f07ac81eac7b/datanode-0/data/ratis/5ad10fc2-5a33-4bdd-8958-4701aba8d7d0/current/log_1058-1134
2019-06-13 22:53:40,687 INFO  client.GrpcClientProtocolClient (GrpcClientProtocolClient.java:onNext(254)) - client-C82EA620EB9B->85302df8-7a7f-4077-a053-c26dc3d3d65a: receive RaftClientReply:client-C82EA620EB9B->85302df8-7a7f-4077-a053-c26dc3d3d65a@group-4701ABA8D7D0, cid=642, SUCCESS, logIndex=1134, commits[85302df8-7a7f-4077-a053-c26dc3d3d65a:c1134]
2019-06-13 22:53:40,693 DEBUG block.SCMBlockDeletingService (SCMBlockDeletingService.java:call(138)) - Running DeletedBlockTransactionScanner
2019-06-13 22:53:40,705 DEBUG block.SCMBlockDeletingService (SCMBlockDeletingService.java:call(155)) - Scanned deleted blocks log and got 0 delTX to process.
2019-06-13 22:53:40,723 INFO  storage.RaftLogWorker (RaftLogWorker.java:execute(469)) - 85302df8-7a7f-4077-a053-c26dc3d3d65a-RaftLogWorker: created new log segment /opt/src/hadoop-ozone/integration-test/target/test-dir/MiniOzoneClusterImpl-550f9ca0-a6d9-4a4a-902f-f07ac81eac7b/datanode-0/data/ratis/5ad10fc2-5a33-4bdd-8958-4701aba8d7d0/current/log_inprogress_1135
2019-06-13 22:53:40,725 INFO  client.GrpcClientProtocolClient (GrpcClientProtocolClient.java:onNext(254)) - client-C82EA620EB9B->85302df8-7a7f-4077-a053-c26dc3d3d65a: receive RaftClientReply:client-C82EA620EB9B->85302df8-7a7f-4077-a053-c26dc3d3d65a@group-4701ABA8D7D0, cid=643, SUCCESS, logIndex=1135, commits[85302df8-7a7f-4077-a053-c26dc3d3d65a:c1137]
2019-06-13 22:53:40,725 INFO  client.GrpcClientProtocolClient (GrpcClientProtocolClient.java:onNext(254)) - client-C82EA620EB9B->85302df8-7a7f-4077-a053-c26dc3d3d65a: receive RaftClientReply:client-C82EA620EB9B->85302df8-7a7f-4077-a053-c26dc3d3d65a@group-4701ABA8D7D0, cid=644, SUCCESS, logIndex=1136, commits[85302df8-7a7f-4077-a053-c26dc3d3d65a:c1137]
2019-06-13 22:53:40,733 INFO  client.GrpcClientProtocolClient (GrpcClientProtocolClient.java:onNext(254)) - client-C82EA620EB9B->85302df8-7a7f-4077-a053-c26dc3d3d65a: receive RaftClientReply:client-C82EA620EB9B->85302df8-7a7f-4077-a053-c26dc3d3d65a@group-4701ABA8D7D0, cid=645, SUCCESS, logIndex=1138, commits[85302df8-7a7f-4077-a053-c26dc3d3d65a:c1138]
2019-06-13 22:53:40,736 INFO  client.GrpcClientProtocolClient (GrpcClientProtocolClient.java:onNext(254)) - client-C82EA620EB9B->85302df8-7a7f-4077-a053-c26dc3d3d65a: receive RaftClientReply:client-C82EA620EB9B->85302df8-7a7f-4077-a053-c26dc3d3d65a@group-4701ABA8D7D0, cid=646, SUCCESS, logIndex=1140, commits[85302df8-7a7f-4077-a053-c26dc3d3d65a:c1141]
2019-06-13 22:53:40,737 INFO  client.GrpcClientProtocolClient (GrpcClientProtocolClient.java:onNext(254)) - client-C82EA620EB9B->85302df8-7a7f-4077-a053-c26dc3d3d65a: receive RaftClientReply:client-C82EA620EB9B->85302df8-7a7f-4077-a053-c26dc3d3d65a@group-4701ABA8D7D0, cid=647, SUCCESS, logIndex=1141, commits[85302df8-7a7f-4077-a053-c26dc3d3d65a:c1141]
2019-06-13 22:53:40,738 INFO  client.GrpcClientProtocolClient (GrpcClientProtocolClient.java:onNext(254)) - client-C82EA620EB9B->85302df8-7a7f-4077-a053-c26dc3d3d65a: receive RaftClientReply:client-C82EA620EB9B->85302df8-7a7f-4077-a053-c26dc3d3d65a@group-4701ABA8D7D0, cid=648, SUCCESS, logIndex=1143, commits[85302df8-7a7f-4077-a053-c26dc3d3d65a:c1145]
2019-06-13 22:53:40,748 INFO  client.GrpcClientProtocolClient (GrpcClientProtocolClient.java:onNext(254)) - client-C82EA620EB9B->85302df8-7a7f-4077-a053-c26dc3d3d65a: receive RaftClientReply:client-C82EA620EB9B->85302df8-7a7f-4077-a053-c26dc3d3d65a@group-4701ABA8D7D0, cid=649, SUCCESS, logIndex=1146, commits[85302df8-7a7f-4077-a053-c26dc3d3d65a:c1146]
2019-06-13 22:53:40,750 INFO  client.GrpcClientProtocolClient (GrpcClientProtocolClient.java:onNext(254)) - client-C82EA620EB9B->85302df8-7a7f-4077-a053-c26dc3d3d65a: receive RaftClientReply:client-C82EA620EB9B->85302df8-7a7f-4077-a053-c26dc3d3d65a@group-4701ABA8D7D0, cid=650, SUCCESS, logIndex=1148, commits[85302df8-7a7f-4077-a053-c26dc3d3d65a:c1148]
2019-06-13 22:53:40,753 INFO  client.GrpcClientProtocolClient (GrpcClientProtocolClient.java:onNext(254)) - client-C82EA620EB9B->85302df8-7a7f-4077-a053-c26dc3d3d65a: receive RaftClientReply:client-C82EA620EB9B->85302df8-7a7f-4077-a053-c26dc3d3d65a@group-4701ABA8D7D0, cid=651, SUCCESS, logIndex=1150, commits[85302df8-7a7f-4077-a053-c26dc3d3d65a:c1150]
2019-06-13 22:53:40,757 INFO  client.GrpcClientProtocolClient (GrpcClientProtocolClient.java:onNext(254)) - client-C82EA620EB9B->85302df8-7a7f-4077-a053-c26dc3d3d65a: receive RaftClientReply:client-C82EA620EB9B->85302df8-7a7f-4077-a053-c26dc3d3d65a@group-4701ABA8D7D0, cid=652, SUCCESS, logIndex=1151, commits[85302df8-7a7f-4077-a053-c26dc3d3d65a:c1151]
2019-06-13 22:53:40,764 INFO  client.GrpcClientProtocolClient (GrpcClientProtocolClient.java:onNext(254)) - client-C82EA620EB9B->85302df8-7a7f-4077-a053-c26dc3d3d65a: receive RaftClientReply:client-C82EA620EB9B->85302df8-7a7f-4077-a053-c26dc3d3d65a@group-4701ABA8D7D0, cid=653, SUCCESS, logIndex=1154, commits[85302df8-7a7f-4077-a053-c26dc3d3d65a:c1154]
2019-06-13 22:53:40,768 INFO  client.GrpcClientProtocolClient (GrpcClientProtocolClient.java:onNext(254)) - client-C82EA620EB9B->85302df8-7a7f-4077-a053-c26dc3d3d65a: receive RaftClientReply:client-C82EA620EB9B->85302df8-7a7f-4077-a053-c26dc3d3d65a@group-4701ABA8D7D0, cid=654, SUCCESS, logIndex=1156, commits[85302df8-7a7f-4077-a053-c26dc3d3d65a:c1158]
2019-06-13 22:53:40,768 INFO  client.GrpcClientProtocolClient (GrpcClientProtocolClient.java:onNext(254)) - client-C82EA620EB9B->85302df8-7a7f-4077-a053-c26dc3d3d65a: receive RaftClientReply:client-C82EA620EB9B->85302df8-7a7f-4077-a053-c26dc3d3d65a@group-4701ABA8D7D0, cid=655, SUCCESS, logIndex=1157, commits[85302df8-7a7f-4077-a053-c26dc3d3d65a:c1159]
2019-06-13 22:53:40,769 INFO  client.GrpcClientProtocolClient (GrpcClientProtocolClient.java:onNext(254)) - client-C82EA620EB9B->85302df8-7a7f-4077-a053-c26dc3d3d65a: receive RaftClientReply:client-C82EA620EB9B->85302df8-7a7f-4077-a053-c26dc3d3d65a@group-4701ABA8D7D0, cid=656, SUCCESS, logIndex=1158, commits[85302df8-7a7f-4077-a053-c26dc3d3d65a:c1159]
2019-06-13 22:53:40,780 INFO  client.GrpcClientProtocolClient (GrpcClientProtocolClient.java:onNext(254)) - client-C82EA620EB9B->85302df8-7a7f-4077-a053-c26dc3d3d65a: receive RaftClientReply:client-C82EA620EB9B->85302df8-7a7f-4077-a053-c26dc3d3d65a@group-4701ABA8D7D0, cid=657, SUCCESS, logIndex=1160, commits[85302df8-7a7f-4077-a053-c26dc3d3d65a:c1160]
2019-06-13 22:53:40,782 INFO  client.GrpcClientProtocolClient (GrpcClientProtocolClient.java:onNext(254)) - client-C82EA620EB9B->85302df8-7a7f-4077-a053-c26dc3d3d65a: receive RaftClientReply:client-C82EA620EB9B->85302df8-7a7f-4077-a053-c26dc3d3d65a@group-4701ABA8D7D0, cid=658, SUCCESS, logIndex=1162, commits[85302df8-7a7f-4077-a053-c26dc3d3d65a:c1162]
2019-06-13 22:53:40,783 INFO  client.GrpcClientProtocolClient (GrpcClientProtocolClient.java:onNext(254)) - client-C82EA620EB9B->85302df8-7a7f-4077-a053-c26dc3d3d65a: receive RaftClientReply:client-C82EA620EB9B->85302df8-7a7f-4077-a053-c26dc3d3d65a@group-4701ABA8D7D0, cid=659, SUCCESS, logIndex=1163, commits[85302df8-7a7f-4077-a053-c26dc3d3d65a:c1165]
2019-06-13 22:53:40,784 INFO  client.GrpcClientProtocolClient (GrpcClientProtocolClient.java:onNext(254)) - client-C82EA620EB9B->85302df8-7a7f-4077-a053-c26dc3d3d65a: receive RaftClientReply:client-C82EA620EB9B->85302df8-7a7f-4077-a053-c26dc3d3d65a@group-4701ABA8D7D0, cid=660, SUCCESS, logIndex=1164, commits[85302df8-7a7f-4077-a053-c26dc3d3d65a:c1165]
2019-06-13 22:53:40,790 INFO  client.GrpcClientProtocolClient (GrpcClientProtocolClient.java:onNext(254)) - client-C82EA620EB9B->85302df8-7a7f-4077-a053-c26dc3d3d65a: receive RaftClientReply:client-C82EA620EB9B->85302df8-7a7f-4077-a053-c26dc3d3d65a@group-4701ABA8D7D0, cid=661, SUCCESS, logIndex=1166, commits[85302df8-7a7f-4077-a053-c26dc3d3d65a:c1166]
2019-06-13 22:53:40,792 INFO  client.GrpcClientProtocolClient (GrpcClientProtocolClient.java:onNext(254)) - client-C82EA620EB9B->85302df8-7a7f-4077-a053-c26dc3d3d65a: receive RaftClientReply:client-C82EA620EB9B->85302df8-7a7f-4077-a053-c26dc3d3d65a@group-4701ABA8D7D0, cid=662, SUCCESS, logIndex=1168, commits[85302df8-7a7f-4077-a053-c26dc3d3d65a:c1168]
2019-06-13 22:53:40,805 DEBUG block.SCMBlockDeletingService (SCMBlockDeletingService.java:call(138)) - Running DeletedBlockTransactionScanner
2019-06-13 22:53:40,805 DEBUG block.SCMBlockDeletingService (SCMBlockDeletingService.java:call(155)) - Scanned deleted blocks log and got 0 delTX to process.
2019-06-13 22:53:40,862 INFO  client.GrpcClientProtocolClient (GrpcClientProtocolClient.java:onNext(254)) - client-C82EA620EB9B->85302df8-7a7f-4077-a053-c26dc3d3d65a: receive RaftClientReply:client-C82EA620EB9B->85302df8-7a7f-4077-a053-c26dc3d3d65a@group-4701ABA8D7D0, cid=663, SUCCESS, logIndex=1170, commits[85302df8-7a7f-4077-a053-c26dc3d3d65a:c1170]
2019-06-13 22:53:40,864 INFO  client.GrpcClientProtocolClient (GrpcClientProtocolClient.java:onNext(254)) - client-C82EA620EB9B->85302df8-7a7f-4077-a053-c26dc3d3d65a: receive RaftClientReply:client-C82EA620EB9B->85302df8-7a7f-4077-a053-c26dc3d3d65a@group-4701ABA8D7D0, cid=664, SUCCESS, logIndex=1172, commits[85302df8-7a7f-4077-a053-c26dc3d3d65a:c1172]
2019-06-13 22:53:40,876 INFO  client.GrpcClientProtocolClient (GrpcClientProtocolClient.java:onNext(254)) - client-C82EA620EB9B->85302df8-7a7f-4077-a053-c26dc3d3d65a: receive RaftClientReply:client-C82EA620EB9B->85302df8-7a7f-4077-a053-c26dc3d3d65a@group-4701ABA8D7D0, cid=665, SUCCESS, logIndex=1174, commits[85302df8-7a7f-4077-a053-c26dc3d3d65a:c1174]
2019-06-13 22:53:40,882 INFO  client.GrpcClientProtocolClient (GrpcClientProtocolClient.java:onNext(254)) - client-C82EA620EB9B->85302df8-7a7f-4077-a053-c26dc3d3d65a: receive RaftClientReply:client-C82EA620EB9B->85302df8-7a7f-4077-a053-c26dc3d3d65a@group-4701ABA8D7D0, cid=666, SUCCESS, logIndex=1176, commits[85302df8-7a7f-4077-a053-c26dc3d3d65a:c1178]
2019-06-13 22:53:40,886 INFO  client.GrpcClientProtocolClient (GrpcClientProtocolClient.java:onNext(254)) - client-C82EA620EB9B->85302df8-7a7f-4077-a053-c26dc3d3d65a: receive RaftClientReply:client-C82EA620EB9B->85302df8-7a7f-4077-a053-c26dc3d3d65a@group-4701ABA8D7D0, cid=667, SUCCESS, logIndex=1177, commits[85302df8-7a7f-4077-a053-c26dc3d3d65a:c1178]
2019-06-13 22:53:40,886 INFO  client.GrpcClientProtocolClient (GrpcClientProtocolClient.java:onNext(254)) - client-C82EA620EB9B->85302df8-7a7f-4077-a053-c26dc3d3d65a: receive RaftClientReply:client-C82EA620EB9B->85302df8-7a7f-4077-a053-c26dc3d3d65a@group-4701ABA8D7D0, cid=668, SUCCESS, logIndex=1178, commits[85302df8-7a7f-4077-a053-c26dc3d3d65a:c1179]
2019-06-13 22:53:40,931 DEBUG block.SCMBlockDeletingService (SCMBlockDeletingService.java:call(138)) - Running DeletedBlockTransactionScanner
2019-06-13 22:53:40,931 DEBUG block.SCMBlockDeletingService (SCMBlockDeletingService.java:call(155)) - Scanned deleted blocks log and got 0 delTX to process.
2019-06-13 22:53:40,937 INFO  client.GrpcClientProtocolClient (GrpcClientProtocolClient.java:onNext(254)) - client-C82EA620EB9B->85302df8-7a7f-4077-a053-c26dc3d3d65a: receive RaftClientReply:client-C82EA620EB9B->85302df8-7a7f-4077-a053-c26dc3d3d65a@group-4701ABA8D7D0, cid=669, SUCCESS, logIndex=1180, commits[85302df8-7a7f-4077-a053-c26dc3d3d65a:c1180]
2019-06-13 22:53:40,939 INFO  client.GrpcClientProtocolClient (GrpcClientProtocolClient.java:onNext(254)) - client-C82EA620EB9B->85302df8-7a7f-4077-a053-c26dc3d3d65a: receive RaftClientReply:client-C82EA620EB9B->85302df8-7a7f-4077-a053-c26dc3d3d65a@group-4701ABA8D7D0, cid=670, SUCCESS, logIndex=1182, commits[85302df8-7a7f-4077-a053-c26dc3d3d65a:c1182]
2019-06-13 22:53:40,943 INFO  client.GrpcClientProtocolClient (GrpcClientProtocolClient.java:onNext(254)) - client-C82EA620EB9B->85302df8-7a7f-4077-a053-c26dc3d3d65a: receive RaftClientReply:client-C82EA620EB9B->85302df8-7a7f-4077-a053-c26dc3d3d65a@group-4701ABA8D7D0, cid=671, SUCCESS, logIndex=1184, commits[85302df8-7a7f-4077-a053-c26dc3d3d65a:c1184]
2019-06-13 22:53:40,945 INFO  client.GrpcClientProtocolClient (GrpcClientProtocolClient.java:onNext(254)) - client-C82EA620EB9B->85302df8-7a7f-4077-a053-c26dc3d3d65a: receive RaftClientReply:client-C82EA620EB9B->85302df8-7a7f-4077-a053-c26dc3d3d65a@group-4701ABA8D7D0, cid=672, SUCCESS, logIndex=1186, commits[85302df8-7a7f-4077-a053-c26dc3d3d65a:c1186]
2019-06-13 22:53:40,956 INFO  client.GrpcClientProtocolClient (GrpcClientProtocolClient.java:onNext(254)) - client-C82EA620EB9B->85302df8-7a7f-4077-a053-c26dc3d3d65a: receive RaftClientReply:client-C82EA620EB9B->85302df8-7a7f-4077-a053-c26dc3d3d65a@group-4701ABA8D7D0, cid=673, SUCCESS, logIndex=1188, commits[85302df8-7a7f-4077-a053-c26dc3d3d65a:c1188]
2019-06-13 22:53:40,959 INFO  client.GrpcClientProtocolClient (GrpcClientProtocolClient.java:onNext(254)) - client-C82EA620EB9B->85302df8-7a7f-4077-a053-c26dc3d3d65a: receive RaftClientReply:client-C82EA620EB9B->85302df8-7a7f-4077-a053-c26dc3d3d65a@group-4701ABA8D7D0, cid=674, SUCCESS, logIndex=1190, commits[85302df8-7a7f-4077-a053-c26dc3d3d65a:c1190]
2019-06-13 22:53:40,960 INFO  client.GrpcClientProtocolClient (GrpcClientProtocolClient.java:onNext(254)) - client-C82EA620EB9B->85302df8-7a7f-4077-a053-c26dc3d3d65a: receive RaftClientReply:client-C82EA620EB9B->85302df8-7a7f-4077-a053-c26dc3d3d65a@group-4701ABA8D7D0, cid=675, SUCCESS, logIndex=1191, commits[85302df8-7a7f-4077-a053-c26dc3d3d65a:c1193]
2019-06-13 22:53:40,960 INFO  client.GrpcClientProtocolClient (GrpcClientProtocolClient.java:onNext(254)) - client-C82EA620EB9B->85302df8-7a7f-4077-a053-c26dc3d3d65a: receive RaftClientReply:client-C82EA620EB9B->85302df8-7a7f-4077-a053-c26dc3d3d65a@group-4701ABA8D7D0, cid=676, SUCCESS, logIndex=1192, commits[85302df8-7a7f-4077-a053-c26dc3d3d65a:c1193]
2019-06-13 22:53:40,971 INFO  client.GrpcClientProtocolClient (GrpcClientProtocolClient.java:onNext(254)) - client-C82EA620EB9B->85302df8-7a7f-4077-a053-c26dc3d3d65a: receive RaftClientReply:client-C82EA620EB9B->85302df8-7a7f-4077-a053-c26dc3d3d65a@group-4701ABA8D7D0, cid=677, SUCCESS, logIndex=1194, commits[85302df8-7a7f-4077-a053-c26dc3d3d65a:c1194]
2019-06-13 22:53:40,973 INFO  client.GrpcClientProtocolClient (GrpcClientProtocolClient.java:onNext(254)) - client-C82EA620EB9B->85302df8-7a7f-4077-a053-c26dc3d3d65a: receive RaftClientReply:client-C82EA620EB9B->85302df8-7a7f-4077-a053-c26dc3d3d65a@group-4701ABA8D7D0, cid=678, SUCCESS, logIndex=1196, commits[85302df8-7a7f-4077-a053-c26dc3d3d65a:c1196]
2019-06-13 22:53:40,976 INFO  client.GrpcClientProtocolClient (GrpcClientProtocolClient.java:onNext(254)) - client-C82EA620EB9B->85302df8-7a7f-4077-a053-c26dc3d3d65a: receive RaftClientReply:client-C82EA620EB9B->85302df8-7a7f-4077-a053-c26dc3d3d65a@group-4701ABA8D7D0, cid=679, SUCCESS, logIndex=1198, commits[85302df8-7a7f-4077-a053-c26dc3d3d65a:c1199]
2019-06-13 22:53:40,981 INFO  client.GrpcClientProtocolClient (GrpcClientProtocolClient.java:onNext(254)) - client-C82EA620EB9B->85302df8-7a7f-4077-a053-c26dc3d3d65a: receive RaftClientReply:client-C82EA620EB9B->85302df8-7a7f-4077-a053-c26dc3d3d65a@group-4701ABA8D7D0, cid=680, SUCCESS, logIndex=1199, commits[85302df8-7a7f-4077-a053-c26dc3d3d65a:c1200]
2019-06-13 22:53:40,995 INFO  client.GrpcClientProtocolClient (GrpcClientProtocolClient.java:onNext(254)) - client-C82EA620EB9B->85302df8-7a7f-4077-a053-c26dc3d3d65a: receive RaftClientReply:client-C82EA620EB9B->85302df8-7a7f-4077-a053-c26dc3d3d65a@group-4701ABA8D7D0, cid=681, SUCCESS, logIndex=1201, commits[85302df8-7a7f-4077-a053-c26dc3d3d65a:c1201]
2019-06-13 22:53:40,998 INFO  client.GrpcClientProtocolClient (GrpcClientProtocolClient.java:onNext(254)) - client-C82EA620EB9B->85302df8-7a7f-4077-a053-c26dc3d3d65a: receive RaftClientReply:client-C82EA620EB9B->85302df8-7a7f-4077-a053-c26dc3d3d65a@group-4701ABA8D7D0, cid=682, SUCCESS, logIndex=1203, commits[85302df8-7a7f-4077-a053-c26dc3d3d65a:c1203]
2019-06-13 22:53:40,999 INFO  client.GrpcClientProtocolClient (GrpcClientProtocolClient.java:onNext(254)) - client-C82EA620EB9B->85302df8-7a7f-4077-a053-c26dc3d3d65a: receive RaftClientReply:client-C82EA620EB9B->85302df8-7a7f-4077-a053-c26dc3d3d65a@group-4701ABA8D7D0, cid=683, SUCCESS, logIndex=1204, commits[85302df8-7a7f-4077-a053-c26dc3d3d65a:c1206]
2019-06-13 22:53:40,999 INFO  client.GrpcClientProtocolClient (GrpcClientProtocolClient.java:onNext(254)) - client-C82EA620EB9B->85302df8-7a7f-4077-a053-c26dc3d3d65a: receive RaftClientReply:client-C82EA620EB9B->85302df8-7a7f-4077-a053-c26dc3d3d65a@group-4701ABA8D7D0, cid=684, SUCCESS, logIndex=1205, commits[85302df8-7a7f-4077-a053-c26dc3d3d65a:c1206]
2019-06-13 22:53:41,007 INFO  client.GrpcClientProtocolClient (GrpcClientProtocolClient.java:onNext(254)) - client-C82EA620EB9B->85302df8-7a7f-4077-a053-c26dc3d3d65a: receive RaftClientReply:client-C82EA620EB9B->85302df8-7a7f-4077-a053-c26dc3d3d65a@group-4701ABA8D7D0, cid=685, SUCCESS, logIndex=1207, commits[85302df8-7a7f-4077-a053-c26dc3d3d65a:c1208]
2019-06-13 22:53:41,007 INFO  storage.RaftLogWorker (RaftLogWorker.java:rollLogSegment(303)) - 85302df8-7a7f-4077-a053-c26dc3d3d65a-RaftLogWorker: Rolling segment log-1135_1208 to index:1208
2019-06-13 22:53:41,008 INFO  storage.RaftLogWorker (RaftLogWorker.java:execute(433)) - 85302df8-7a7f-4077-a053-c26dc3d3d65a-RaftLogWorker: Rolled log segment from /opt/src/hadoop-ozone/integration-test/target/test-dir/MiniOzoneClusterImpl-550f9ca0-a6d9-4a4a-902f-f07ac81eac7b/datanode-0/data/ratis/5ad10fc2-5a33-4bdd-8958-4701aba8d7d0/current/log_inprogress_1135 to /opt/src/hadoop-ozone/integration-test/target/test-dir/MiniOzoneClusterImpl-550f9ca0-a6d9-4a4a-902f-f07ac81eac7b/datanode-0/data/ratis/5ad10fc2-5a33-4bdd-8958-4701aba8d7d0/current/log_1135-1208
2019-06-13 22:53:41,031 DEBUG block.SCMBlockDeletingService (SCMBlockDeletingService.java:call(138)) - Running DeletedBlockTransactionScanner
2019-06-13 22:53:41,032 DEBUG block.SCMBlockDeletingService (SCMBlockDeletingService.java:call(155)) - Scanned deleted blocks log and got 0 delTX to process.
2019-06-13 22:53:41,047 INFO  storage.RaftLogWorker (RaftLogWorker.java:execute(469)) - 85302df8-7a7f-4077-a053-c26dc3d3d65a-RaftLogWorker: created new log segment /opt/src/hadoop-ozone/integration-test/target/test-dir/MiniOzoneClusterImpl-550f9ca0-a6d9-4a4a-902f-f07ac81eac7b/datanode-0/data/ratis/5ad10fc2-5a33-4bdd-8958-4701aba8d7d0/current/log_inprogress_1209
2019-06-13 22:53:41,050 INFO  client.GrpcClientProtocolClient (GrpcClientProtocolClient.java:onNext(254)) - client-C82EA620EB9B->85302df8-7a7f-4077-a053-c26dc3d3d65a: receive RaftClientReply:client-C82EA620EB9B->85302df8-7a7f-4077-a053-c26dc3d3d65a@group-4701ABA8D7D0, cid=686, SUCCESS, logIndex=1209, commits[85302df8-7a7f-4077-a053-c26dc3d3d65a:c1211]
2019-06-13 22:53:41,051 INFO  client.GrpcClientProtocolClient (GrpcClientProtocolClient.java:onNext(254)) - client-C82EA620EB9B->85302df8-7a7f-4077-a053-c26dc3d3d65a: receive RaftClientReply:client-C82EA620EB9B->85302df8-7a7f-4077-a053-c26dc3d3d65a@group-4701ABA8D7D0, cid=687, SUCCESS, logIndex=1210, commits[85302df8-7a7f-4077-a053-c26dc3d3d65a:c1212]
2019-06-13 22:53:41,051 INFO  client.GrpcClientProtocolClient (GrpcClientProtocolClient.java:onNext(254)) - client-C82EA620EB9B->85302df8-7a7f-4077-a053-c26dc3d3d65a: receive RaftClientReply:client-C82EA620EB9B->85302df8-7a7f-4077-a053-c26dc3d3d65a@group-4701ABA8D7D0, cid=688, SUCCESS, logIndex=1211, commits[85302df8-7a7f-4077-a053-c26dc3d3d65a:c1212]
2019-06-13 22:53:41,062 INFO  client.GrpcClientProtocolClient (GrpcClientProtocolClient.java:onNext(254)) - client-C82EA620EB9B->85302df8-7a7f-4077-a053-c26dc3d3d65a: receive RaftClientReply:client-C82EA620EB9B->85302df8-7a7f-4077-a053-c26dc3d3d65a@group-4701ABA8D7D0, cid=689, SUCCESS, logIndex=1213, commits[85302df8-7a7f-4077-a053-c26dc3d3d65a:c1213]
2019-06-13 22:53:41,064 INFO  client.GrpcClientProtocolClient (GrpcClientProtocolClient.java:onNext(254)) - client-C82EA620EB9B->85302df8-7a7f-4077-a053-c26dc3d3d65a: receive RaftClientReply:client-C82EA620EB9B->85302df8-7a7f-4077-a053-c26dc3d3d65a@group-4701ABA8D7D0, cid=690, SUCCESS, logIndex=1215, commits[85302df8-7a7f-4077-a053-c26dc3d3d65a:c1215]
2019-06-13 22:53:41,066 INFO  client.GrpcClientProtocolClient (GrpcClientProtocolClient.java:onNext(254)) - client-C82EA620EB9B->85302df8-7a7f-4077-a053-c26dc3d3d65a: receive RaftClientReply:client-C82EA620EB9B->85302df8-7a7f-4077-a053-c26dc3d3d65a@group-4701ABA8D7D0, cid=691, SUCCESS, logIndex=1216, commits[85302df8-7a7f-4077-a053-c26dc3d3d65a:c1218]
2019-06-13 22:53:41,066 INFO  client.GrpcClientProtocolClient (GrpcClientProtocolClient.java:onNext(254)) - client-C82EA620EB9B->85302df8-7a7f-4077-a053-c26dc3d3d65a: receive RaftClientReply:client-C82EA620EB9B->85302df8-7a7f-4077-a053-c26dc3d3d65a@group-4701ABA8D7D0, cid=692, SUCCESS, logIndex=1218, commits[85302df8-7a7f-4077-a053-c26dc3d3d65a:c1218]
2019-06-13 22:53:41,074 INFO  client.GrpcClientProtocolClient (GrpcClientProtocolClient.java:onNext(254)) - client-C82EA620EB9B->85302df8-7a7f-4077-a053-c26dc3d3d65a: receive RaftClientReply:client-C82EA620EB9B->85302df8-7a7f-4077-a053-c26dc3d3d65a@group-4701ABA8D7D0, cid=693, SUCCESS, logIndex=1220, commits[85302df8-7a7f-4077-a053-c26dc3d3d65a:c1220]
2019-06-13 22:53:41,076 INFO  client.GrpcClientProtocolClient (GrpcClientProtocolClient.java:onNext(254)) - client-C82EA620EB9B->85302df8-7a7f-4077-a053-c26dc3d3d65a: receive RaftClientReply:client-C82EA620EB9B->85302df8-7a7f-4077-a053-c26dc3d3d65a@group-4701ABA8D7D0, cid=694, SUCCESS, logIndex=1222, commits[85302df8-7a7f-4077-a053-c26dc3d3d65a:c1222]
2019-06-13 22:53:41,077 INFO  client.GrpcClientProtocolClient (GrpcClientProtocolClient.java:onNext(254)) - client-C82EA620EB9B->85302df8-7a7f-4077-a053-c26dc3d3d65a: receive RaftClientReply:client-C82EA620EB9B->85302df8-7a7f-4077-a053-c26dc3d3d65a@group-4701ABA8D7D0, cid=695, SUCCESS, logIndex=1223, commits[85302df8-7a7f-4077-a053-c26dc3d3d65a:c1224]
2019-06-13 22:53:41,079 INFO  client.GrpcClientProtocolClient (GrpcClientProtocolClient.java:onNext(254)) - client-C82EA620EB9B->85302df8-7a7f-4077-a053-c26dc3d3d65a: receive RaftClientReply:client-C82EA620EB9B->85302df8-7a7f-4077-a053-c26dc3d3d65a@group-4701ABA8D7D0, cid=696, SUCCESS, logIndex=1225, commits[85302df8-7a7f-4077-a053-c26dc3d3d65a:c1225]
2019-06-13 22:53:41,090 INFO  client.GrpcClientProtocolClient (GrpcClientProtocolClient.java:onNext(254)) - client-C82EA620EB9B->85302df8-7a7f-4077-a053-c26dc3d3d65a: receive RaftClientReply:client-C82EA620EB9B->85302df8-7a7f-4077-a053-c26dc3d3d65a@group-4701ABA8D7D0, cid=697, SUCCESS, logIndex=1227, commits[85302df8-7a7f-4077-a053-c26dc3d3d65a:c1227]
2019-06-13 22:53:41,092 INFO  client.GrpcClientProtocolClient (GrpcClientProtocolClient.java:onNext(254)) - client-C82EA620EB9B->85302df8-7a7f-4077-a053-c26dc3d3d65a: receive RaftClientReply:client-C82EA620EB9B->85302df8-7a7f-4077-a053-c26dc3d3d65a@group-4701ABA8D7D0, cid=698, SUCCESS, logIndex=1229, commits[85302df8-7a7f-4077-a053-c26dc3d3d65a:c1229]
2019-06-13 22:53:41,093 INFO  client.GrpcClientProtocolClient (GrpcClientProtocolClient.java:onNext(254)) - client-C82EA620EB9B->85302df8-7a7f-4077-a053-c26dc3d3d65a: receive RaftClientReply:client-C82EA620EB9B->85302df8-7a7f-4077-a053-c26dc3d3d65a@group-4701ABA8D7D0, cid=699, SUCCESS, logIndex=1230, commits[85302df8-7a7f-4077-a053-c26dc3d3d65a:c1231]
2019-06-13 22:53:41,093 INFO  client.GrpcClientProtocolClient (GrpcClientProtocolClient.java:onNext(254)) - client-C82EA620EB9B->85302df8-7a7f-4077-a053-c26dc3d3d65a: receive RaftClientReply:client-C82EA620EB9B->85302df8-7a7f-4077-a053-c26dc3d3d65a@group-4701ABA8D7D0, cid=700, SUCCESS, logIndex=1231, commits[85302df8-7a7f-4077-a053-c26dc3d3d65a:c1231]
2019-06-13 22:53:41,100 INFO  client.GrpcClientProtocolClient (GrpcClientProtocolClient.java:onNext(254)) - client-C82EA620EB9B->85302df8-7a7f-4077-a053-c26dc3d3d65a: receive RaftClientReply:client-C82EA620EB9B->85302df8-7a7f-4077-a053-c26dc3d3d65a@group-4701ABA8D7D0, cid=701, SUCCESS, logIndex=1234, commits[85302df8-7a7f-4077-a053-c26dc3d3d65a:c1234]
2019-06-13 22:53:41,102 INFO  client.GrpcClientProtocolClient (GrpcClientProtocolClient.java:onNext(254)) - client-C82EA620EB9B->85302df8-7a7f-4077-a053-c26dc3d3d65a: receive RaftClientReply:client-C82EA620EB9B->85302df8-7a7f-4077-a053-c26dc3d3d65a@group-4701ABA8D7D0, cid=702, SUCCESS, logIndex=1236, commits[85302df8-7a7f-4077-a053-c26dc3d3d65a:c1236]
2019-06-13 22:53:41,105 INFO  client.GrpcClientProtocolClient (GrpcClientProtocolClient.java:onNext(254)) - client-C82EA620EB9B->85302df8-7a7f-4077-a053-c26dc3d3d65a: receive RaftClientReply:client-C82EA620EB9B->85302df8-7a7f-4077-a053-c26dc3d3d65a@group-4701ABA8D7D0, cid=703, SUCCESS, logIndex=1238, commits[85302df8-7a7f-4077-a053-c26dc3d3d65a:c1239]
2019-06-13 22:53:41,105 INFO  client.GrpcClientProtocolClient (GrpcClientProtocolClient.java:onNext(254)) - client-C82EA620EB9B->85302df8-7a7f-4077-a053-c26dc3d3d65a: receive RaftClientReply:client-C82EA620EB9B->85302df8-7a7f-4077-a053-c26dc3d3d65a@group-4701ABA8D7D0, cid=704, SUCCESS, logIndex=1239, commits[85302df8-7a7f-4077-a053-c26dc3d3d65a:c1240]
2019-06-13 22:53:41,117 INFO  client.GrpcClientProtocolClient (GrpcClientProtocolClient.java:onNext(254)) - client-C82EA620EB9B->85302df8-7a7f-4077-a053-c26dc3d3d65a: receive RaftClientReply:client-C82EA620EB9B->85302df8-7a7f-4077-a053-c26dc3d3d65a@group-4701ABA8D7D0, cid=705, SUCCESS, logIndex=1241, commits[85302df8-7a7f-4077-a053-c26dc3d3d65a:c1241]
2019-06-13 22:53:41,119 INFO  client.GrpcClientProtocolClient (GrpcClientProtocolClient.java:onNext(254)) - client-C82EA620EB9B->85302df8-7a7f-4077-a053-c26dc3d3d65a: receive RaftClientReply:client-C82EA620EB9B->85302df8-7a7f-4077-a053-c26dc3d3d65a@group-4701ABA8D7D0, cid=706, SUCCESS, logIndex=1243, commits[85302df8-7a7f-4077-a053-c26dc3d3d65a:c1243]
2019-06-13 22:53:41,132 DEBUG block.SCMBlockDeletingService (SCMBlockDeletingService.java:call(138)) - Running DeletedBlockTransactionScanner
2019-06-13 22:53:41,132 DEBUG block.SCMBlockDeletingService (SCMBlockDeletingService.java:call(155)) - Scanned deleted blocks log and got 0 delTX to process.
2019-06-13 22:53:41,188 INFO  client.GrpcClientProtocolClient (GrpcClientProtocolClient.java:onNext(254)) - client-C82EA620EB9B->85302df8-7a7f-4077-a053-c26dc3d3d65a: receive RaftClientReply:client-C82EA620EB9B->85302df8-7a7f-4077-a053-c26dc3d3d65a@group-4701ABA8D7D0, cid=707, SUCCESS, logIndex=1245, commits[85302df8-7a7f-4077-a053-c26dc3d3d65a:c1245]
2019-06-13 22:53:41,190 INFO  client.GrpcClientProtocolClient (GrpcClientProtocolClient.java:onNext(254)) - client-C82EA620EB9B->85302df8-7a7f-4077-a053-c26dc3d3d65a: receive RaftClientReply:client-C82EA620EB9B->85302df8-7a7f-4077-a053-c26dc3d3d65a@group-4701ABA8D7D0, cid=708, SUCCESS, logIndex=1247, commits[85302df8-7a7f-4077-a053-c26dc3d3d65a:c1247]
2019-06-13 22:53:41,197 INFO  client.GrpcClientProtocolClient (GrpcClientProtocolClient.java:onNext(254)) - client-C82EA620EB9B->85302df8-7a7f-4077-a053-c26dc3d3d65a: receive RaftClientReply:client-C82EA620EB9B->85302df8-7a7f-4077-a053-c26dc3d3d65a@group-4701ABA8D7D0, cid=709, SUCCESS, logIndex=1249, commits[85302df8-7a7f-4077-a053-c26dc3d3d65a:c1249]
2019-06-13 22:53:41,200 INFO  client.GrpcClientProtocolClient (GrpcClientProtocolClient.java:onNext(254)) - client-C82EA620EB9B->85302df8-7a7f-4077-a053-c26dc3d3d65a: receive RaftClientReply:client-C82EA620EB9B->85302df8-7a7f-4077-a053-c26dc3d3d65a@group-4701ABA8D7D0, cid=710, SUCCESS, logIndex=1251, commits[85302df8-7a7f-4077-a053-c26dc3d3d65a:c1251]
2019-06-13 22:53:41,201 INFO  client.GrpcClientProtocolClient (GrpcClientProtocolClient.java:onNext(254)) - client-C82EA620EB9B->85302df8-7a7f-4077-a053-c26dc3d3d65a: receive RaftClientReply:client-C82EA620EB9B->85302df8-7a7f-4077-a053-c26dc3d3d65a@group-4701ABA8D7D0, cid=711, SUCCESS, logIndex=1252, commits[85302df8-7a7f-4077-a053-c26dc3d3d65a:c1253]
2019-06-13 22:53:41,201 INFO  client.GrpcClientProtocolClient (GrpcClientProtocolClient.java:onNext(254)) - client-C82EA620EB9B->85302df8-7a7f-4077-a053-c26dc3d3d65a: receive RaftClientReply:client-C82EA620EB9B->85302df8-7a7f-4077-a053-c26dc3d3d65a@group-4701ABA8D7D0, cid=712, SUCCESS, logIndex=1253, commits[85302df8-7a7f-4077-a053-c26dc3d3d65a:c1254]
2019-06-13 22:53:41,213 INFO  client.GrpcClientProtocolClient (GrpcClientProtocolClient.java:onNext(254)) - client-C82EA620EB9B->85302df8-7a7f-4077-a053-c26dc3d3d65a: receive RaftClientReply:client-C82EA620EB9B->85302df8-7a7f-4077-a053-c26dc3d3d65a@group-4701ABA8D7D0, cid=713, SUCCESS, logIndex=1256, commits[85302df8-7a7f-4077-a053-c26dc3d3d65a:c1256]
2019-06-13 22:53:41,215 INFO  client.GrpcClientProtocolClient (GrpcClientProtocolClient.java:onNext(254)) - client-C82EA620EB9B->85302df8-7a7f-4077-a053-c26dc3d3d65a: receive RaftClientReply:client-C82EA620EB9B->85302df8-7a7f-4077-a053-c26dc3d3d65a@group-4701ABA8D7D0, cid=714, SUCCESS, logIndex=1258, commits[85302df8-7a7f-4077-a053-c26dc3d3d65a:c1258]
2019-06-13 22:53:41,218 INFO  client.GrpcClientProtocolClient (GrpcClientProtocolClient.java:onNext(254)) - client-C82EA620EB9B->85302df8-7a7f-4077-a053-c26dc3d3d65a: receive RaftClientReply:client-C82EA620EB9B->85302df8-7a7f-4077-a053-c26dc3d3d65a@group-4701ABA8D7D0, cid=715, SUCCESS, logIndex=1260, commits[85302df8-7a7f-4077-a053-c26dc3d3d65a:c1261]
2019-06-13 22:53:41,219 INFO  client.GrpcClientProtocolClient (GrpcClientProtocolClient.java:onNext(254)) - client-C82EA620EB9B->85302df8-7a7f-4077-a053-c26dc3d3d65a: receive RaftClientReply:client-C82EA620EB9B->85302df8-7a7f-4077-a053-c26dc3d3d65a@group-4701ABA8D7D0, cid=716, SUCCESS, logIndex=1261, commits[85302df8-7a7f-4077-a053-c26dc3d3d65a:c1262]
2019-06-13 22:53:41,226 INFO  client.GrpcClientProtocolClient (GrpcClientProtocolClient.java:onNext(254)) - client-C82EA620EB9B->85302df8-7a7f-4077-a053-c26dc3d3d65a: receive RaftClientReply:client-C82EA620EB9B->85302df8-7a7f-4077-a053-c26dc3d3d65a@group-4701ABA8D7D0, cid=717, SUCCESS, logIndex=1263, commits[85302df8-7a7f-4077-a053-c26dc3d3d65a:c1263]
2019-06-13 22:53:41,228 INFO  client.GrpcClientProtocolClient (GrpcClientProtocolClient.java:onNext(254)) - client-C82EA620EB9B->85302df8-7a7f-4077-a053-c26dc3d3d65a: receive RaftClientReply:client-C82EA620EB9B->85302df8-7a7f-4077-a053-c26dc3d3d65a@group-4701ABA8D7D0, cid=718, SUCCESS, logIndex=1265, commits[85302df8-7a7f-4077-a053-c26dc3d3d65a:c1265]
2019-06-13 22:53:41,229 INFO  client.GrpcClientProtocolClient (GrpcClientProtocolClient.java:onNext(254)) - client-C82EA620EB9B->85302df8-7a7f-4077-a053-c26dc3d3d65a: receive RaftClientReply:client-C82EA620EB9B->85302df8-7a7f-4077-a053-c26dc3d3d65a@group-4701ABA8D7D0, cid=719, SUCCESS, logIndex=1266, commits[85302df8-7a7f-4077-a053-c26dc3d3d65a:c1268]
2019-06-13 22:53:41,230 INFO  client.GrpcClientProtocolClient (GrpcClientProtocolClient.java:onNext(254)) - client-C82EA620EB9B->85302df8-7a7f-4077-a053-c26dc3d3d65a: receive RaftClientReply:client-C82EA620EB9B->85302df8-7a7f-4077-a053-c26dc3d3d65a@group-4701ABA8D7D0, cid=720, SUCCESS, logIndex=1268, commits[85302df8-7a7f-4077-a053-c26dc3d3d65a:c1269]
2019-06-13 22:53:41,232 DEBUG block.SCMBlockDeletingService (SCMBlockDeletingService.java:call(138)) - Running DeletedBlockTransactionScanner
2019-06-13 22:53:41,232 DEBUG block.SCMBlockDeletingService (SCMBlockDeletingService.java:call(155)) - Scanned deleted blocks log and got 0 delTX to process.
2019-06-13 22:53:41,241 INFO  client.GrpcClientProtocolClient (GrpcClientProtocolClient.java:onNext(254)) - client-C82EA620EB9B->85302df8-7a7f-4077-a053-c26dc3d3d65a: receive RaftClientReply:client-C82EA620EB9B->85302df8-7a7f-4077-a053-c26dc3d3d65a@group-4701ABA8D7D0, cid=721, SUCCESS, logIndex=1270, commits[85302df8-7a7f-4077-a053-c26dc3d3d65a:c1270]
2019-06-13 22:53:41,244 INFO  client.GrpcClientProtocolClient (GrpcClientProtocolClient.java:onNext(254)) - client-C82EA620EB9B->85302df8-7a7f-4077-a053-c26dc3d3d65a: receive RaftClientReply:client-C82EA620EB9B->85302df8-7a7f-4077-a053-c26dc3d3d65a@group-4701ABA8D7D0, cid=722, SUCCESS, logIndex=1272, commits[85302df8-7a7f-4077-a053-c26dc3d3d65a:c1272]
2019-06-13 22:53:41,245 INFO  client.GrpcClientProtocolClient (GrpcClientProtocolClient.java:onNext(254)) - client-C82EA620EB9B->85302df8-7a7f-4077-a053-c26dc3d3d65a: receive RaftClientReply:client-C82EA620EB9B->85302df8-7a7f-4077-a053-c26dc3d3d65a@group-4701ABA8D7D0, cid=723, SUCCESS, logIndex=1273, commits[85302df8-7a7f-4077-a053-c26dc3d3d65a:c1274]
2019-06-13 22:53:41,245 INFO  client.GrpcClientProtocolClient (GrpcClientProtocolClient.java:onNext(254)) - client-C82EA620EB9B->85302df8-7a7f-4077-a053-c26dc3d3d65a: receive RaftClientReply:client-C82EA620EB9B->85302df8-7a7f-4077-a053-c26dc3d3d65a@group-4701ABA8D7D0, cid=724, SUCCESS, logIndex=1274, commits[85302df8-7a7f-4077-a053-c26dc3d3d65a:c1274]
2019-06-13 22:53:41,254 INFO  client.GrpcClientProtocolClient (GrpcClientProtocolClient.java:onNext(254)) - client-C82EA620EB9B->85302df8-7a7f-4077-a053-c26dc3d3d65a: receive RaftClientReply:client-C82EA620EB9B->85302df8-7a7f-4077-a053-c26dc3d3d65a@group-4701ABA8D7D0, cid=725, SUCCESS, logIndex=1277, commits[85302df8-7a7f-4077-a053-c26dc3d3d65a:c1277]
2019-06-13 22:53:41,254 INFO  storage.RaftLogWorker (RaftLogWorker.java:rollLogSegment(303)) - 85302df8-7a7f-4077-a053-c26dc3d3d65a-RaftLogWorker: Rolling segment log-1209_1281 to index:1281
2019-06-13 22:53:41,255 INFO  client.GrpcClientProtocolClient (GrpcClientProtocolClient.java:onNext(254)) - client-C82EA620EB9B->85302df8-7a7f-4077-a053-c26dc3d3d65a: receive RaftClientReply:client-C82EA620EB9B->85302df8-7a7f-4077-a053-c26dc3d3d65a@group-4701ABA8D7D0, cid=726, SUCCESS, logIndex=1279, commits[85302df8-7a7f-4077-a053-c26dc3d3d65a:c1279]
2019-06-13 22:53:41,256 INFO  storage.RaftLogWorker (RaftLogWorker.java:execute(433)) - 85302df8-7a7f-4077-a053-c26dc3d3d65a-RaftLogWorker: Rolled log segment from /opt/src/hadoop-ozone/integration-test/target/test-dir/MiniOzoneClusterImpl-550f9ca0-a6d9-4a4a-902f-f07ac81eac7b/datanode-0/data/ratis/5ad10fc2-5a33-4bdd-8958-4701aba8d7d0/current/log_inprogress_1209 to /opt/src/hadoop-ozone/integration-test/target/test-dir/MiniOzoneClusterImpl-550f9ca0-a6d9-4a4a-902f-f07ac81eac7b/datanode-0/data/ratis/5ad10fc2-5a33-4bdd-8958-4701aba8d7d0/current/log_1209-1281
2019-06-13 22:53:41,257 INFO  client.GrpcClientProtocolClient (GrpcClientProtocolClient.java:onNext(254)) - client-C82EA620EB9B->85302df8-7a7f-4077-a053-c26dc3d3d65a: receive RaftClientReply:client-C82EA620EB9B->85302df8-7a7f-4077-a053-c26dc3d3d65a@group-4701ABA8D7D0, cid=727, SUCCESS, logIndex=1280, commits[85302df8-7a7f-4077-a053-c26dc3d3d65a:c1281]
2019-06-13 22:53:41,291 INFO  storage.RaftLogWorker (RaftLogWorker.java:execute(469)) - 85302df8-7a7f-4077-a053-c26dc3d3d65a-RaftLogWorker: created new log segment /opt/src/hadoop-ozone/integration-test/target/test-dir/MiniOzoneClusterImpl-550f9ca0-a6d9-4a4a-902f-f07ac81eac7b/datanode-0/data/ratis/5ad10fc2-5a33-4bdd-8958-4701aba8d7d0/current/log_inprogress_1282
2019-06-13 22:53:41,294 INFO  client.GrpcClientProtocolClient (GrpcClientProtocolClient.java:onNext(254)) - client-C82EA620EB9B->85302df8-7a7f-4077-a053-c26dc3d3d65a: receive RaftClientReply:client-C82EA620EB9B->85302df8-7a7f-4077-a053-c26dc3d3d65a@group-4701ABA8D7D0, cid=728, SUCCESS, logIndex=1282, commits[85302df8-7a7f-4077-a053-c26dc3d3d65a:c1282]
2019-06-13 22:53:41,304 INFO  client.GrpcClientProtocolClient (GrpcClientProtocolClient.java:onNext(254)) - client-C82EA620EB9B->85302df8-7a7f-4077-a053-c26dc3d3d65a: receive RaftClientReply:client-C82EA620EB9B->85302df8-7a7f-4077-a053-c26dc3d3d65a@group-4701ABA8D7D0, cid=729, SUCCESS, logIndex=1284, commits[85302df8-7a7f-4077-a053-c26dc3d3d65a:c1284]
2019-06-13 22:53:41,307 INFO  client.GrpcClientProtocolClient (GrpcClientProtocolClient.java:onNext(254)) - client-C82EA620EB9B->85302df8-7a7f-4077-a053-c26dc3d3d65a: receive RaftClientReply:client-C82EA620EB9B->85302df8-7a7f-4077-a053-c26dc3d3d65a@group-4701ABA8D7D0, cid=730, SUCCESS, logIndex=1286, commits[85302df8-7a7f-4077-a053-c26dc3d3d65a:c1286]
2019-06-13 22:53:41,308 INFO  client.GrpcClientProtocolClient (GrpcClientProtocolClient.java:onNext(254)) - client-C82EA620EB9B->85302df8-7a7f-4077-a053-c26dc3d3d65a: receive RaftClientReply:client-C82EA620EB9B->85302df8-7a7f-4077-a053-c26dc3d3d65a@group-4701ABA8D7D0, cid=731, SUCCESS, logIndex=1287, commits[85302df8-7a7f-4077-a053-c26dc3d3d65a:c1288]
2019-06-13 22:53:41,309 INFO  client.GrpcClientProtocolClient (GrpcClientProtocolClient.java:onNext(254)) - client-C82EA620EB9B->85302df8-7a7f-4077-a053-c26dc3d3d65a: receive RaftClientReply:client-C82EA620EB9B->85302df8-7a7f-4077-a053-c26dc3d3d65a@group-4701ABA8D7D0, cid=732, SUCCESS, logIndex=1288, commits[85302df8-7a7f-4077-a053-c26dc3d3d65a:c1290]
2019-06-13 22:53:41,317 INFO  client.GrpcClientProtocolClient (GrpcClientProtocolClient.java:onNext(254)) - client-C82EA620EB9B->85302df8-7a7f-4077-a053-c26dc3d3d65a: receive RaftClientReply:client-C82EA620EB9B->85302df8-7a7f-4077-a053-c26dc3d3d65a@group-4701ABA8D7D0, cid=733, SUCCESS, logIndex=1291, commits[85302df8-7a7f-4077-a053-c26dc3d3d65a:c1291]
2019-06-13 22:53:41,320 INFO  client.GrpcClientProtocolClient (GrpcClientProtocolClient.java:onNext(254)) - client-C82EA620EB9B->85302df8-7a7f-4077-a053-c26dc3d3d65a: receive RaftClientReply:client-C82EA620EB9B->85302df8-7a7f-4077-a053-c26dc3d3d65a@group-4701ABA8D7D0, cid=734, SUCCESS, logIndex=1293, commits[85302df8-7a7f-4077-a053-c26dc3d3d65a:c1293]
2019-06-13 22:53:41,321 INFO  client.GrpcClientProtocolClient (GrpcClientProtocolClient.java:onNext(254)) - client-C82EA620EB9B->85302df8-7a7f-4077-a053-c26dc3d3d65a: receive RaftClientReply:client-C82EA620EB9B->85302df8-7a7f-4077-a053-c26dc3d3d65a@group-4701ABA8D7D0, cid=735, SUCCESS, logIndex=1294, commits[85302df8-7a7f-4077-a053-c26dc3d3d65a:c1295]
2019-06-13 22:53:41,321 INFO  client.GrpcClientProtocolClient (GrpcClientProtocolClient.java:onNext(254)) - client-C82EA620EB9B->85302df8-7a7f-4077-a053-c26dc3d3d65a: receive RaftClientReply:client-C82EA620EB9B->85302df8-7a7f-4077-a053-c26dc3d3d65a@group-4701ABA8D7D0, cid=736, SUCCESS, logIndex=1295, commits[85302df8-7a7f-4077-a053-c26dc3d3d65a:c1295]
2019-06-13 22:53:41,331 INFO  client.GrpcClientProtocolClient (GrpcClientProtocolClient.java:onNext(254)) - client-C82EA620EB9B->85302df8-7a7f-4077-a053-c26dc3d3d65a: receive RaftClientReply:client-C82EA620EB9B->85302df8-7a7f-4077-a053-c26dc3d3d65a@group-4701ABA8D7D0, cid=737, SUCCESS, logIndex=1298, commits[85302df8-7a7f-4077-a053-c26dc3d3d65a:c1298]
2019-06-13 22:53:41,333 DEBUG block.SCMBlockDeletingService (SCMBlockDeletingService.java:call(138)) - Running DeletedBlockTransactionScanner
2019-06-13 22:53:41,333 DEBUG block.SCMBlockDeletingService (SCMBlockDeletingService.java:call(155)) - Scanned deleted blocks log and got 0 delTX to process.
2019-06-13 22:53:41,333 INFO  client.GrpcClientProtocolClient (GrpcClientProtocolClient.java:onNext(254)) - client-C82EA620EB9B->85302df8-7a7f-4077-a053-c26dc3d3d65a: receive RaftClientReply:client-C82EA620EB9B->85302df8-7a7f-4077-a053-c26dc3d3d65a@group-4701ABA8D7D0, cid=738, SUCCESS, logIndex=1300, commits[85302df8-7a7f-4077-a053-c26dc3d3d65a:c1300]
2019-06-13 22:53:41,334 INFO  client.GrpcClientProtocolClient (GrpcClientProtocolClient.java:onNext(254)) - client-C82EA620EB9B->85302df8-7a7f-4077-a053-c26dc3d3d65a: receive RaftClientReply:client-C82EA620EB9B->85302df8-7a7f-4077-a053-c26dc3d3d65a@group-4701ABA8D7D0, cid=739, SUCCESS, logIndex=1301, commits[85302df8-7a7f-4077-a053-c26dc3d3d65a:c1302]
2019-06-13 22:53:41,334 INFO  client.GrpcClientProtocolClient (GrpcClientProtocolClient.java:onNext(254)) - client-C82EA620EB9B->85302df8-7a7f-4077-a053-c26dc3d3d65a: receive RaftClientReply:client-C82EA620EB9B->85302df8-7a7f-4077-a053-c26dc3d3d65a@group-4701ABA8D7D0, cid=740, SUCCESS, logIndex=1302, commits[85302df8-7a7f-4077-a053-c26dc3d3d65a:c1302]
2019-06-13 22:53:41,341 INFO  client.GrpcClientProtocolClient (GrpcClientProtocolClient.java:onNext(254)) - client-C82EA620EB9B->85302df8-7a7f-4077-a053-c26dc3d3d65a: receive RaftClientReply:client-C82EA620EB9B->85302df8-7a7f-4077-a053-c26dc3d3d65a@group-4701ABA8D7D0, cid=741, SUCCESS, logIndex=1305, commits[85302df8-7a7f-4077-a053-c26dc3d3d65a:c1305]
2019-06-13 22:53:41,343 INFO  client.GrpcClientProtocolClient (GrpcClientProtocolClient.java:onNext(254)) - client-C82EA620EB9B->85302df8-7a7f-4077-a053-c26dc3d3d65a: receive RaftClientReply:client-C82EA620EB9B->85302df8-7a7f-4077-a053-c26dc3d3d65a@group-4701ABA8D7D0, cid=742, SUCCESS, logIndex=1307, commits[85302df8-7a7f-4077-a053-c26dc3d3d65a:c1307]
2019-06-13 22:53:41,344 INFO  client.GrpcClientProtocolClient (GrpcClientProtocolClient.java:onNext(254)) - client-C82EA620EB9B->85302df8-7a7f-4077-a053-c26dc3d3d65a: receive RaftClientReply:client-C82EA620EB9B->85302df8-7a7f-4077-a053-c26dc3d3d65a@group-4701ABA8D7D0, cid=743, SUCCESS, logIndex=1308, commits[85302df8-7a7f-4077-a053-c26dc3d3d65a:c1310]
2019-06-13 22:53:41,344 INFO  client.GrpcClientProtocolClient (GrpcClientProtocolClient.java:onNext(254)) - client-C82EA620EB9B->85302df8-7a7f-4077-a053-c26dc3d3d65a: receive RaftClientReply:client-C82EA620EB9B->85302df8-7a7f-4077-a053-c26dc3d3d65a@group-4701ABA8D7D0, cid=744, SUCCESS, logIndex=1310, commits[85302df8-7a7f-4077-a053-c26dc3d3d65a:c1310]
2019-06-13 22:53:41,354 INFO  client.GrpcClientProtocolClient (GrpcClientProtocolClient.java:onNext(254)) - client-C82EA620EB9B->85302df8-7a7f-4077-a053-c26dc3d3d65a: receive RaftClientReply:client-C82EA620EB9B->85302df8-7a7f-4077-a053-c26dc3d3d65a@group-4701ABA8D7D0, cid=745, SUCCESS, logIndex=1312, commits[85302df8-7a7f-4077-a053-c26dc3d3d65a:c1312]
2019-06-13 22:53:41,356 INFO  client.GrpcClientProtocolClient (GrpcClientProtocolClient.java:onNext(254)) - client-C82EA620EB9B->85302df8-7a7f-4077-a053-c26dc3d3d65a: receive RaftClientReply:client-C82EA620EB9B->85302df8-7a7f-4077-a053-c26dc3d3d65a@group-4701ABA8D7D0, cid=746, SUCCESS, logIndex=1314, commits[85302df8-7a7f-4077-a053-c26dc3d3d65a:c1314]
2019-06-13 22:53:41,357 INFO  client.GrpcClientProtocolClient (GrpcClientProtocolClient.java:onNext(254)) - client-C82EA620EB9B->85302df8-7a7f-4077-a053-c26dc3d3d65a: receive RaftClientReply:client-C82EA620EB9B->85302df8-7a7f-4077-a053-c26dc3d3d65a@group-4701ABA8D7D0, cid=747, SUCCESS, logIndex=1315, commits[85302df8-7a7f-4077-a053-c26dc3d3d65a:c1316]
2019-06-13 22:53:41,357 INFO  client.GrpcClientProtocolClient (GrpcClientProtocolClient.java:onNext(254)) - client-C82EA620EB9B->85302df8-7a7f-4077-a053-c26dc3d3d65a: receive RaftClientReply:client-C82EA620EB9B->85302df8-7a7f-4077-a053-c26dc3d3d65a@group-4701ABA8D7D0, cid=748, SUCCESS, logIndex=1316, commits[85302df8-7a7f-4077-a053-c26dc3d3d65a:c1316]
2019-06-13 22:53:41,569 DEBUG block.SCMBlockDeletingService (SCMBlockDeletingService.java:call(138)) - Running DeletedBlockTransactionScanner
2019-06-13 22:53:41,570 DEBUG block.SCMBlockDeletingService (SCMBlockDeletingService.java:call(155)) - Scanned deleted blocks log and got 0 delTX to process.
2019-06-13 22:53:41,583 INFO  client.GrpcClientProtocolClient (GrpcClientProtocolClient.java:onNext(254)) - client-C82EA620EB9B->85302df8-7a7f-4077-a053-c26dc3d3d65a: receive RaftClientReply:client-C82EA620EB9B->85302df8-7a7f-4077-a053-c26dc3d3d65a@group-4701ABA8D7D0, cid=749, SUCCESS, logIndex=1319, commits[85302df8-7a7f-4077-a053-c26dc3d3d65a:c1319]
2019-06-13 22:53:41,586 INFO  client.GrpcClientProtocolClient (GrpcClientProtocolClient.java:onNext(254)) - client-C82EA620EB9B->85302df8-7a7f-4077-a053-c26dc3d3d65a: receive RaftClientReply:client-C82EA620EB9B->85302df8-7a7f-4077-a053-c26dc3d3d65a@group-4701ABA8D7D0, cid=750, SUCCESS, logIndex=1321, commits[85302df8-7a7f-4077-a053-c26dc3d3d65a:c1321]
2019-06-13 22:53:41,660 INFO  client.GrpcClientProtocolClient (GrpcClientProtocolClient.java:onNext(254)) - client-C82EA620EB9B->85302df8-7a7f-4077-a053-c26dc3d3d65a: receive RaftClientReply:client-C82EA620EB9B->85302df8-7a7f-4077-a053-c26dc3d3d65a@group-4701ABA8D7D0, cid=751, SUCCESS, logIndex=1323, commits[85302df8-7a7f-4077-a053-c26dc3d3d65a:c1323]
2019-06-13 22:53:41,662 INFO  client.GrpcClientProtocolClient (GrpcClientProtocolClient.java:onNext(254)) - client-C82EA620EB9B->85302df8-7a7f-4077-a053-c26dc3d3d65a: receive RaftClientReply:client-C82EA620EB9B->85302df8-7a7f-4077-a053-c26dc3d3d65a@group-4701ABA8D7D0, cid=752, SUCCESS, logIndex=1325, commits[85302df8-7a7f-4077-a053-c26dc3d3d65a:c1325]
2019-06-13 22:53:41,670 DEBUG block.SCMBlockDeletingService (SCMBlockDeletingService.java:call(138)) - Running DeletedBlockTransactionScanner
2019-06-13 22:53:41,670 DEBUG block.SCMBlockDeletingService (SCMBlockDeletingService.java:call(155)) - Scanned deleted blocks log and got 0 delTX to process.
2019-06-13 22:53:41,674 INFO  client.GrpcClientProtocolClient (GrpcClientProtocolClient.java:onNext(254)) - client-C82EA620EB9B->85302df8-7a7f-4077-a053-c26dc3d3d65a: receive RaftClientReply:client-C82EA620EB9B->85302df8-7a7f-4077-a053-c26dc3d3d65a@group-4701ABA8D7D0, cid=753, SUCCESS, logIndex=1327, commits[85302df8-7a7f-4077-a053-c26dc3d3d65a:c1327]
2019-06-13 22:53:41,676 INFO  client.GrpcClientProtocolClient (GrpcClientProtocolClient.java:onNext(254)) - client-C82EA620EB9B->85302df8-7a7f-4077-a053-c26dc3d3d65a: receive RaftClientReply:client-C82EA620EB9B->85302df8-7a7f-4077-a053-c26dc3d3d65a@group-4701ABA8D7D0, cid=754, SUCCESS, logIndex=1329, commits[85302df8-7a7f-4077-a053-c26dc3d3d65a:c1329]
2019-06-13 22:53:41,677 INFO  client.GrpcClientProtocolClient (GrpcClientProtocolClient.java:onNext(254)) - client-C82EA620EB9B->85302df8-7a7f-4077-a053-c26dc3d3d65a: receive RaftClientReply:client-C82EA620EB9B->85302df8-7a7f-4077-a053-c26dc3d3d65a@group-4701ABA8D7D0, cid=755, SUCCESS, logIndex=1330, commits[85302df8-7a7f-4077-a053-c26dc3d3d65a:c1330]
2019-06-13 22:53:41,678 INFO  client.GrpcClientProtocolClient (GrpcClientProtocolClient.java:onNext(254)) - client-C82EA620EB9B->85302df8-7a7f-4077-a053-c26dc3d3d65a: receive RaftClientReply:client-C82EA620EB9B->85302df8-7a7f-4077-a053-c26dc3d3d65a@group-4701ABA8D7D0, cid=756, SUCCESS, logIndex=1332, commits[85302df8-7a7f-4077-a053-c26dc3d3d65a:c1332]
2019-06-13 22:53:41,684 INFO  client.GrpcClientProtocolClient (GrpcClientProtocolClient.java:onNext(254)) - client-C82EA620EB9B->85302df8-7a7f-4077-a053-c26dc3d3d65a: receive RaftClientReply:client-C82EA620EB9B->85302df8-7a7f-4077-a053-c26dc3d3d65a@group-4701ABA8D7D0, cid=757, SUCCESS, logIndex=1335, commits[85302df8-7a7f-4077-a053-c26dc3d3d65a:c1335]
2019-06-13 22:53:41,686 INFO  client.GrpcClientProtocolClient (GrpcClientProtocolClient.java:onNext(254)) - client-C82EA620EB9B->85302df8-7a7f-4077-a053-c26dc3d3d65a: receive RaftClientReply:client-C82EA620EB9B->85302df8-7a7f-4077-a053-c26dc3d3d65a@group-4701ABA8D7D0, cid=758, SUCCESS, logIndex=1337, commits[85302df8-7a7f-4077-a053-c26dc3d3d65a:c1337]
2019-06-13 22:53:41,687 INFO  client.GrpcClientProtocolClient (GrpcClientProtocolClient.java:onNext(254)) - client-C82EA620EB9B->85302df8-7a7f-4077-a053-c26dc3d3d65a: receive RaftClientReply:client-C82EA620EB9B->85302df8-7a7f-4077-a053-c26dc3d3d65a@group-4701ABA8D7D0, cid=759, SUCCESS, logIndex=1338, commits[85302df8-7a7f-4077-a053-c26dc3d3d65a:c1340]
2019-06-13 22:53:41,688 INFO  client.GrpcClientProtocolClient (GrpcClientProtocolClient.java:onNext(254)) - client-C82EA620EB9B->85302df8-7a7f-4077-a053-c26dc3d3d65a: receive RaftClientReply:client-C82EA620EB9B->85302df8-7a7f-4077-a053-c26dc3d3d65a@group-4701ABA8D7D0, cid=760, SUCCESS, logIndex=1339, commits[85302df8-7a7f-4077-a053-c26dc3d3d65a:c1340]
2019-06-13 22:53:41,698 INFO  client.GrpcClientProtocolClient (GrpcClientProtocolClient.java:onNext(254)) - client-C82EA620EB9B->85302df8-7a7f-4077-a053-c26dc3d3d65a: receive RaftClientReply:client-C82EA620EB9B->85302df8-7a7f-4077-a053-c26dc3d3d65a@group-4701ABA8D7D0, cid=761, SUCCESS, logIndex=1341, commits[85302df8-7a7f-4077-a053-c26dc3d3d65a:c1341]
2019-06-13 22:53:41,700 INFO  client.GrpcClientProtocolClient (GrpcClientProtocolClient.java:onNext(254)) - client-C82EA620EB9B->85302df8-7a7f-4077-a053-c26dc3d3d65a: receive RaftClientReply:client-C82EA620EB9B->85302df8-7a7f-4077-a053-c26dc3d3d65a@group-4701ABA8D7D0, cid=762, SUCCESS, logIndex=1343, commits[85302df8-7a7f-4077-a053-c26dc3d3d65a:c1343]
2019-06-13 22:53:41,702 INFO  client.GrpcClientProtocolClient (GrpcClientProtocolClient.java:onNext(254)) - client-C82EA620EB9B->85302df8-7a7f-4077-a053-c26dc3d3d65a: receive RaftClientReply:client-C82EA620EB9B->85302df8-7a7f-4077-a053-c26dc3d3d65a@group-4701ABA8D7D0, cid=763, SUCCESS, logIndex=1344, commits[85302df8-7a7f-4077-a053-c26dc3d3d65a:c1346]
2019-06-13 22:53:41,702 INFO  client.GrpcClientProtocolClient (GrpcClientProtocolClient.java:onNext(254)) - client-C82EA620EB9B->85302df8-7a7f-4077-a053-c26dc3d3d65a: receive RaftClientReply:client-C82EA620EB9B->85302df8-7a7f-4077-a053-c26dc3d3d65a@group-4701ABA8D7D0, cid=764, SUCCESS, logIndex=1346, commits[85302df8-7a7f-4077-a053-c26dc3d3d65a:c1347]
2019-06-13 22:53:41,709 INFO  client.GrpcClientProtocolClient (GrpcClientProtocolClient.java:onNext(254)) - client-C82EA620EB9B->85302df8-7a7f-4077-a053-c26dc3d3d65a: receive RaftClientReply:client-C82EA620EB9B->85302df8-7a7f-4077-a053-c26dc3d3d65a@group-4701ABA8D7D0, cid=765, SUCCESS, logIndex=1348, commits[85302df8-7a7f-4077-a053-c26dc3d3d65a:c1348]
2019-06-13 22:53:41,711 INFO  client.GrpcClientProtocolClient (GrpcClientProtocolClient.java:onNext(254)) - client-C82EA620EB9B->85302df8-7a7f-4077-a053-c26dc3d3d65a: receive RaftClientReply:client-C82EA620EB9B->85302df8-7a7f-4077-a053-c26dc3d3d65a@group-4701ABA8D7D0, cid=766, SUCCESS, logIndex=1350, commits[85302df8-7a7f-4077-a053-c26dc3d3d65a:c1350]
2019-06-13 22:53:41,714 INFO  client.GrpcClientProtocolClient (GrpcClientProtocolClient.java:onNext(254)) - client-C82EA620EB9B->85302df8-7a7f-4077-a053-c26dc3d3d65a: receive RaftClientReply:client-C82EA620EB9B->85302df8-7a7f-4077-a053-c26dc3d3d65a@group-4701ABA8D7D0, cid=767, SUCCESS, logIndex=1352, commits[85302df8-7a7f-4077-a053-c26dc3d3d65a:c1353]
2019-06-13 22:53:41,715 INFO  client.GrpcClientProtocolClient (GrpcClientProtocolClient.java:onNext(254)) - client-C82EA620EB9B->85302df8-7a7f-4077-a053-c26dc3d3d65a: receive RaftClientReply:client-C82EA620EB9B->85302df8-7a7f-4077-a053-c26dc3d3d65a@group-4701ABA8D7D0, cid=768, SUCCESS, logIndex=1353, commits[85302df8-7a7f-4077-a053-c26dc3d3d65a:c1353]
2019-06-13 22:53:41,729 INFO  client.GrpcClientProtocolClient (GrpcClientProtocolClient.java:onNext(254)) - client-C82EA620EB9B->85302df8-7a7f-4077-a053-c26dc3d3d65a: receive RaftClientReply:client-C82EA620EB9B->85302df8-7a7f-4077-a053-c26dc3d3d65a@group-4701ABA8D7D0, cid=769, SUCCESS, logIndex=1355, commits[85302df8-7a7f-4077-a053-c26dc3d3d65a:c1355]
2019-06-13 22:53:41,730 INFO  storage.RaftLogWorker (RaftLogWorker.java:rollLogSegment(303)) - 85302df8-7a7f-4077-a053-c26dc3d3d65a-RaftLogWorker: Rolling segment log-1282_1357 to index:1357
2019-06-13 22:53:41,730 INFO  storage.RaftLogWorker (RaftLogWorker.java:execute(433)) - 85302df8-7a7f-4077-a053-c26dc3d3d65a-RaftLogWorker: Rolled log segment from /opt/src/hadoop-ozone/integration-test/target/test-dir/MiniOzoneClusterImpl-550f9ca0-a6d9-4a4a-902f-f07ac81eac7b/datanode-0/data/ratis/5ad10fc2-5a33-4bdd-8958-4701aba8d7d0/current/log_inprogress_1282 to /opt/src/hadoop-ozone/integration-test/target/test-dir/MiniOzoneClusterImpl-550f9ca0-a6d9-4a4a-902f-f07ac81eac7b/datanode-0/data/ratis/5ad10fc2-5a33-4bdd-8958-4701aba8d7d0/current/log_1282-1357
2019-06-13 22:53:41,732 INFO  client.GrpcClientProtocolClient (GrpcClientProtocolClient.java:onNext(254)) - client-C82EA620EB9B->85302df8-7a7f-4077-a053-c26dc3d3d65a: receive RaftClientReply:client-C82EA620EB9B->85302df8-7a7f-4077-a053-c26dc3d3d65a@group-4701ABA8D7D0, cid=770, SUCCESS, logIndex=1357, commits[85302df8-7a7f-4077-a053-c26dc3d3d65a:c1357]
2019-06-13 22:53:41,771 DEBUG block.SCMBlockDeletingService (SCMBlockDeletingService.java:call(138)) - Running DeletedBlockTransactionScanner
2019-06-13 22:53:41,773 DEBUG block.SCMBlockDeletingService (SCMBlockDeletingService.java:call(155)) - Scanned deleted blocks log and got 0 delTX to process.
2019-06-13 22:53:41,775 INFO  storage.RaftLogWorker (RaftLogWorker.java:execute(469)) - 85302df8-7a7f-4077-a053-c26dc3d3d65a-RaftLogWorker: created new log segment /opt/src/hadoop-ozone/integration-test/target/test-dir/MiniOzoneClusterImpl-550f9ca0-a6d9-4a4a-902f-f07ac81eac7b/datanode-0/data/ratis/5ad10fc2-5a33-4bdd-8958-4701aba8d7d0/current/log_inprogress_1358
2019-06-13 22:53:41,777 INFO  client.GrpcClientProtocolClient (GrpcClientProtocolClient.java:onNext(254)) - client-C82EA620EB9B->85302df8-7a7f-4077-a053-c26dc3d3d65a: receive RaftClientReply:client-C82EA620EB9B->85302df8-7a7f-4077-a053-c26dc3d3d65a@group-4701ABA8D7D0, cid=771, SUCCESS, logIndex=1358, commits[85302df8-7a7f-4077-a053-c26dc3d3d65a:c1360]
2019-06-13 22:53:41,778 INFO  client.GrpcClientProtocolClient (GrpcClientProtocolClient.java:onNext(254)) - client-C82EA620EB9B->85302df8-7a7f-4077-a053-c26dc3d3d65a: receive RaftClientReply:client-C82EA620EB9B->85302df8-7a7f-4077-a053-c26dc3d3d65a@group-4701ABA8D7D0, cid=772, SUCCESS, logIndex=1359, commits[85302df8-7a7f-4077-a053-c26dc3d3d65a:c1360]
2019-06-13 22:53:41,785 INFO  client.GrpcClientProtocolClient (GrpcClientProtocolClient.java:onNext(254)) - client-C82EA620EB9B->85302df8-7a7f-4077-a053-c26dc3d3d65a: receive RaftClientReply:client-C82EA620EB9B->85302df8-7a7f-4077-a053-c26dc3d3d65a@group-4701ABA8D7D0, cid=773, SUCCESS, logIndex=1361, commits[85302df8-7a7f-4077-a053-c26dc3d3d65a:c1361]
2019-06-13 22:53:41,787 INFO  client.GrpcClientProtocolClient (GrpcClientProtocolClient.java:onNext(254)) - client-C82EA620EB9B->85302df8-7a7f-4077-a053-c26dc3d3d65a: receive RaftClientReply:client-C82EA620EB9B->85302df8-7a7f-4077-a053-c26dc3d3d65a@group-4701ABA8D7D0, cid=774, SUCCESS, logIndex=1363, commits[85302df8-7a7f-4077-a053-c26dc3d3d65a:c1363]
2019-06-13 22:53:41,788 INFO  client.GrpcClientProtocolClient (GrpcClientProtocolClient.java:onNext(254)) - client-C82EA620EB9B->85302df8-7a7f-4077-a053-c26dc3d3d65a: receive RaftClientReply:client-C82EA620EB9B->85302df8-7a7f-4077-a053-c26dc3d3d65a@group-4701ABA8D7D0, cid=775, SUCCESS, logIndex=1364, commits[85302df8-7a7f-4077-a053-c26dc3d3d65a:c1366]
2019-06-13 22:53:41,788 INFO  client.GrpcClientProtocolClient (GrpcClientProtocolClient.java:onNext(254)) - client-C82EA620EB9B->85302df8-7a7f-4077-a053-c26dc3d3d65a: receive RaftClientReply:client-C82EA620EB9B->85302df8-7a7f-4077-a053-c26dc3d3d65a@group-4701ABA8D7D0, cid=776, SUCCESS, logIndex=1365, commits[85302df8-7a7f-4077-a053-c26dc3d3d65a:c1366]
2019-06-13 22:53:41,800 INFO  client.GrpcClientProtocolClient (GrpcClientProtocolClient.java:onNext(254)) - client-C82EA620EB9B->85302df8-7a7f-4077-a053-c26dc3d3d65a: receive RaftClientReply:client-C82EA620EB9B->85302df8-7a7f-4077-a053-c26dc3d3d65a@group-4701ABA8D7D0, cid=777, SUCCESS, logIndex=1367, commits[85302df8-7a7f-4077-a053-c26dc3d3d65a:c1367]
2019-06-13 22:53:41,803 INFO  client.GrpcClientProtocolClient (GrpcClientProtocolClient.java:onNext(254)) - client-C82EA620EB9B->85302df8-7a7f-4077-a053-c26dc3d3d65a: receive RaftClientReply:client-C82EA620EB9B->85302df8-7a7f-4077-a053-c26dc3d3d65a@group-4701ABA8D7D0, cid=778, SUCCESS, logIndex=1369, commits[85302df8-7a7f-4077-a053-c26dc3d3d65a:c1369]
2019-06-13 22:53:41,804 INFO  client.GrpcClientProtocolClient (GrpcClientProtocolClient.java:onNext(254)) - client-C82EA620EB9B->85302df8-7a7f-4077-a053-c26dc3d3d65a: receive RaftClientReply:client-C82EA620EB9B->85302df8-7a7f-4077-a053-c26dc3d3d65a@group-4701ABA8D7D0, cid=779, SUCCESS, logIndex=1370, commits[85302df8-7a7f-4077-a053-c26dc3d3d65a:c1371]
2019-06-13 22:53:41,804 INFO  client.GrpcClientProtocolClient (GrpcClientProtocolClient.java:onNext(254)) - client-C82EA620EB9B->85302df8-7a7f-4077-a053-c26dc3d3d65a: receive RaftClientReply:client-C82EA620EB9B->85302df8-7a7f-4077-a053-c26dc3d3d65a@group-4701ABA8D7D0, cid=780, SUCCESS, logIndex=1371, commits[85302df8-7a7f-4077-a053-c26dc3d3d65a:c1371]
2019-06-13 22:53:41,812 INFO  client.GrpcClientProtocolClient (GrpcClientProtocolClient.java:onNext(254)) - client-C82EA620EB9B->85302df8-7a7f-4077-a053-c26dc3d3d65a: receive RaftClientReply:client-C82EA620EB9B->85302df8-7a7f-4077-a053-c26dc3d3d65a@group-4701ABA8D7D0, cid=781, SUCCESS, logIndex=1374, commits[85302df8-7a7f-4077-a053-c26dc3d3d65a:c1374]
2019-06-13 22:53:41,814 INFO  client.GrpcClientProtocolClient (GrpcClientProtocolClient.java:onNext(254)) - client-C82EA620EB9B->85302df8-7a7f-4077-a053-c26dc3d3d65a: receive RaftClientReply:client-C82EA620EB9B->85302df8-7a7f-4077-a053-c26dc3d3d65a@group-4701ABA8D7D0, cid=782, SUCCESS, logIndex=1376, commits[85302df8-7a7f-4077-a053-c26dc3d3d65a:c1376]
2019-06-13 22:53:41,815 INFO  client.GrpcClientProtocolClient (GrpcClientProtocolClient.java:onNext(254)) - client-C82EA620EB9B->85302df8-7a7f-4077-a053-c26dc3d3d65a: receive RaftClientReply:client-C82EA620EB9B->85302df8-7a7f-4077-a053-c26dc3d3d65a@group-4701ABA8D7D0, cid=783, SUCCESS, logIndex=1377, commits[85302df8-7a7f-4077-a053-c26dc3d3d65a:c1379]
2019-06-13 22:53:41,816 INFO  client.GrpcClientProtocolClient (GrpcClientProtocolClient.java:onNext(254)) - client-C82EA620EB9B->85302df8-7a7f-4077-a053-c26dc3d3d65a: receive RaftClientReply:client-C82EA620EB9B->85302df8-7a7f-4077-a053-c26dc3d3d65a@group-4701ABA8D7D0, cid=784, SUCCESS, logIndex=1378, commits[85302df8-7a7f-4077-a053-c26dc3d3d65a:c1379]
2019-06-13 22:53:41,827 INFO  client.GrpcClientProtocolClient (GrpcClientProtocolClient.java:onNext(254)) - client-C82EA620EB9B->85302df8-7a7f-4077-a053-c26dc3d3d65a: receive RaftClientReply:client-C82EA620EB9B->85302df8-7a7f-4077-a053-c26dc3d3d65a@group-4701ABA8D7D0, cid=785, SUCCESS, logIndex=1380, commits[85302df8-7a7f-4077-a053-c26dc3d3d65a:c1380]
2019-06-13 22:53:41,829 INFO  client.GrpcClientProtocolClient (GrpcClientProtocolClient.java:onNext(254)) - client-C82EA620EB9B->85302df8-7a7f-4077-a053-c26dc3d3d65a: receive RaftClientReply:client-C82EA620EB9B->85302df8-7a7f-4077-a053-c26dc3d3d65a@group-4701ABA8D7D0, cid=786, SUCCESS, logIndex=1382, commits[85302df8-7a7f-4077-a053-c26dc3d3d65a:c1382]
2019-06-13 22:53:41,830 INFO  client.GrpcClientProtocolClient (GrpcClientProtocolClient.java:onNext(254)) - client-C82EA620EB9B->85302df8-7a7f-4077-a053-c26dc3d3d65a: receive RaftClientReply:client-C82EA620EB9B->85302df8-7a7f-4077-a053-c26dc3d3d65a@group-4701ABA8D7D0, cid=787, SUCCESS, logIndex=1383, commits[85302df8-7a7f-4077-a053-c26dc3d3d65a:c1385]
2019-06-13 22:53:41,830 INFO  client.GrpcClientProtocolClient (GrpcClientProtocolClient.java:onNext(254)) - client-C82EA620EB9B->85302df8-7a7f-4077-a053-c26dc3d3d65a: receive RaftClientReply:client-C82EA620EB9B->85302df8-7a7f-4077-a053-c26dc3d3d65a@group-4701ABA8D7D0, cid=788, SUCCESS, logIndex=1384, commits[85302df8-7a7f-4077-a053-c26dc3d3d65a:c1385]
2019-06-13 22:53:41,838 INFO  client.GrpcClientProtocolClient (GrpcClientProtocolClient.java:onNext(254)) - client-C82EA620EB9B->85302df8-7a7f-4077-a053-c26dc3d3d65a: receive RaftClientReply:client-C82EA620EB9B->85302df8-7a7f-4077-a053-c26dc3d3d65a@group-4701ABA8D7D0, cid=789, SUCCESS, logIndex=1386, commits[85302df8-7a7f-4077-a053-c26dc3d3d65a:c1386]
2019-06-13 22:53:41,839 INFO  client.GrpcClientProtocolClient (GrpcClientProtocolClient.java:onNext(254)) - client-C82EA620EB9B->85302df8-7a7f-4077-a053-c26dc3d3d65a: receive RaftClientReply:client-C82EA620EB9B->85302df8-7a7f-4077-a053-c26dc3d3d65a@group-4701ABA8D7D0, cid=790, SUCCESS, logIndex=1388, commits[85302df8-7a7f-4077-a053-c26dc3d3d65a:c1388]
2019-06-13 22:53:41,841 INFO  client.GrpcClientProtocolClient (GrpcClientProtocolClient.java:onNext(254)) - client-C82EA620EB9B->85302df8-7a7f-4077-a053-c26dc3d3d65a: receive RaftClientReply:client-C82EA620EB9B->85302df8-7a7f-4077-a053-c26dc3d3d65a@group-4701ABA8D7D0, cid=791, SUCCESS, logIndex=1389, commits[85302df8-7a7f-4077-a053-c26dc3d3d65a:c1391]
2019-06-13 22:53:41,841 INFO  client.GrpcClientProtocolClient (GrpcClientProtocolClient.java:onNext(254)) - client-C82EA620EB9B->85302df8-7a7f-4077-a053-c26dc3d3d65a: receive RaftClientReply:client-C82EA620EB9B->85302df8-7a7f-4077-a053-c26dc3d3d65a@group-4701ABA8D7D0, cid=792, SUCCESS, logIndex=1390, commits[85302df8-7a7f-4077-a053-c26dc3d3d65a:c1391]
2019-06-13 22:53:41,853 INFO  client.GrpcClientProtocolClient (GrpcClientProtocolClient.java:onNext(254)) - client-C82EA620EB9B->85302df8-7a7f-4077-a053-c26dc3d3d65a: receive RaftClientReply:client-C82EA620EB9B->85302df8-7a7f-4077-a053-c26dc3d3d65a@group-4701ABA8D7D0, cid=793, SUCCESS, logIndex=1392, commits[85302df8-7a7f-4077-a053-c26dc3d3d65a:c1392]
2019-06-13 22:53:41,855 INFO  client.GrpcClientProtocolClient (GrpcClientProtocolClient.java:onNext(254)) - client-C82EA620EB9B->85302df8-7a7f-4077-a053-c26dc3d3d65a: receive RaftClientReply:client-C82EA620EB9B->85302df8-7a7f-4077-a053-c26dc3d3d65a@group-4701ABA8D7D0, cid=794, SUCCESS, logIndex=1394, commits[85302df8-7a7f-4077-a053-c26dc3d3d65a:c1394]
2019-06-13 22:53:41,873 DEBUG block.SCMBlockDeletingService (SCMBlockDeletingService.java:call(138)) - Running DeletedBlockTransactionScanner
2019-06-13 22:53:41,874 DEBUG block.SCMBlockDeletingService (SCMBlockDeletingService.java:call(155)) - Scanned deleted blocks log and got 0 delTX to process.
2019-06-13 22:53:41,925 INFO  client.GrpcClientProtocolClient (GrpcClientProtocolClient.java:onNext(254)) - client-C82EA620EB9B->85302df8-7a7f-4077-a053-c26dc3d3d65a: receive RaftClientReply:client-C82EA620EB9B->85302df8-7a7f-4077-a053-c26dc3d3d65a@group-4701ABA8D7D0, cid=795, SUCCESS, logIndex=1396, commits[85302df8-7a7f-4077-a053-c26dc3d3d65a:c1396]
2019-06-13 22:53:41,927 INFO  client.GrpcClientProtocolClient (GrpcClientProtocolClient.java:onNext(254)) - client-C82EA620EB9B->85302df8-7a7f-4077-a053-c26dc3d3d65a: receive RaftClientReply:client-C82EA620EB9B->85302df8-7a7f-4077-a053-c26dc3d3d65a@group-4701ABA8D7D0, cid=796, SUCCESS, logIndex=1398, commits[85302df8-7a7f-4077-a053-c26dc3d3d65a:c1398]
2019-06-13 22:53:41,933 INFO  client.GrpcClientProtocolClient (GrpcClientProtocolClient.java:onNext(254)) - client-C82EA620EB9B->85302df8-7a7f-4077-a053-c26dc3d3d65a: receive RaftClientReply:client-C82EA620EB9B->85302df8-7a7f-4077-a053-c26dc3d3d65a@group-4701ABA8D7D0, cid=797, SUCCESS, logIndex=1400, commits[85302df8-7a7f-4077-a053-c26dc3d3d65a:c1400]
2019-06-13 22:53:41,936 INFO  client.GrpcClientProtocolClient (GrpcClientProtocolClient.java:onNext(254)) - client-C82EA620EB9B->85302df8-7a7f-4077-a053-c26dc3d3d65a: receive RaftClientReply:client-C82EA620EB9B->85302df8-7a7f-4077-a053-c26dc3d3d65a@group-4701ABA8D7D0, cid=798, SUCCESS, logIndex=1402, commits[85302df8-7a7f-4077-a053-c26dc3d3d65a:c1402]
2019-06-13 22:53:41,937 INFO  client.GrpcClientProtocolClient (GrpcClientProtocolClient.java:onNext(254)) - client-C82EA620EB9B->85302df8-7a7f-4077-a053-c26dc3d3d65a: receive RaftClientReply:client-C82EA620EB9B->85302df8-7a7f-4077-a053-c26dc3d3d65a@group-4701ABA8D7D0, cid=799, SUCCESS, logIndex=1403, commits[85302df8-7a7f-4077-a053-c26dc3d3d65a:c1404]
2019-06-13 22:53:41,937 INFO  client.GrpcClientProtocolClient (GrpcClientProtocolClient.java:onNext(254)) - client-C82EA620EB9B->85302df8-7a7f-4077-a053-c26dc3d3d65a: receive RaftClientReply:client-C82EA620EB9B->85302df8-7a7f-4077-a053-c26dc3d3d65a@group-4701ABA8D7D0, cid=800, SUCCESS, logIndex=1404, commits[85302df8-7a7f-4077-a053-c26dc3d3d65a:c1406]
2019-06-13 22:53:41,948 INFO  client.GrpcClientProtocolClient (GrpcClientProtocolClient.java:onNext(254)) - client-C82EA620EB9B->85302df8-7a7f-4077-a053-c26dc3d3d65a: receive RaftClientReply:client-C82EA620EB9B->85302df8-7a7f-4077-a053-c26dc3d3d65a@group-4701ABA8D7D0, cid=801, SUCCESS, logIndex=1407, commits[85302df8-7a7f-4077-a053-c26dc3d3d65a:c1407]
2019-06-13 22:53:41,950 INFO  client.GrpcClientProtocolClient (GrpcClientProtocolClient.java:onNext(254)) - client-C82EA620EB9B->85302df8-7a7f-4077-a053-c26dc3d3d65a: receive RaftClientReply:client-C82EA620EB9B->85302df8-7a7f-4077-a053-c26dc3d3d65a@group-4701ABA8D7D0, cid=802, SUCCESS, logIndex=1409, commits[85302df8-7a7f-4077-a053-c26dc3d3d65a:c1409]
2019-06-13 22:53:41,951 INFO  client.GrpcClientProtocolClient (GrpcClientProtocolClient.java:onNext(254)) - client-C82EA620EB9B->85302df8-7a7f-4077-a053-c26dc3d3d65a: receive RaftClientReply:client-C82EA620EB9B->85302df8-7a7f-4077-a053-c26dc3d3d65a@group-4701ABA8D7D0, cid=803, SUCCESS, logIndex=1410, commits[85302df8-7a7f-4077-a053-c26dc3d3d65a:c1411]
2019-06-13 22:53:41,951 INFO  client.GrpcClientProtocolClient (GrpcClientProtocolClient.java:onNext(254)) - client-C82EA620EB9B->85302df8-7a7f-4077-a053-c26dc3d3d65a: receive RaftClientReply:client-C82EA620EB9B->85302df8-7a7f-4077-a053-c26dc3d3d65a@group-4701ABA8D7D0, cid=804, SUCCESS, logIndex=1411, commits[85302df8-7a7f-4077-a053-c26dc3d3d65a:c1411]
2019-06-13 22:53:41,958 INFO  client.GrpcClientProtocolClient (GrpcClientProtocolClient.java:onNext(254)) - client-C82EA620EB9B->85302df8-7a7f-4077-a053-c26dc3d3d65a: receive RaftClientReply:client-C82EA620EB9B->85302df8-7a7f-4077-a053-c26dc3d3d65a@group-4701ABA8D7D0, cid=805, SUCCESS, logIndex=1414, commits[85302df8-7a7f-4077-a053-c26dc3d3d65a:c1415]
2019-06-13 22:53:41,961 INFO  client.GrpcClientProtocolClient (GrpcClientProtocolClient.java:onNext(254)) - client-C82EA620EB9B->85302df8-7a7f-4077-a053-c26dc3d3d65a: receive RaftClientReply:client-C82EA620EB9B->85302df8-7a7f-4077-a053-c26dc3d3d65a@group-4701ABA8D7D0, cid=806, SUCCESS, logIndex=1416, commits[85302df8-7a7f-4077-a053-c26dc3d3d65a:c1416]
2019-06-13 22:53:41,962 INFO  client.GrpcClientProtocolClient (GrpcClientProtocolClient.java:onNext(254)) - client-C82EA620EB9B->85302df8-7a7f-4077-a053-c26dc3d3d65a: receive RaftClientReply:client-C82EA620EB9B->85302df8-7a7f-4077-a053-c26dc3d3d65a@group-4701ABA8D7D0, cid=807, SUCCESS, logIndex=1417, commits[85302df8-7a7f-4077-a053-c26dc3d3d65a:c1419]
2019-06-13 22:53:41,962 INFO  client.GrpcClientProtocolClient (GrpcClientProtocolClient.java:onNext(254)) - client-C82EA620EB9B->85302df8-7a7f-4077-a053-c26dc3d3d65a: receive RaftClientReply:client-C82EA620EB9B->85302df8-7a7f-4077-a053-c26dc3d3d65a@group-4701ABA8D7D0, cid=808, SUCCESS, logIndex=1419, commits[85302df8-7a7f-4077-a053-c26dc3d3d65a:c1420]
2019-06-13 22:53:41,973 INFO  client.GrpcClientProtocolClient (GrpcClientProtocolClient.java:onNext(254)) - client-C82EA620EB9B->85302df8-7a7f-4077-a053-c26dc3d3d65a: receive RaftClientReply:client-C82EA620EB9B->85302df8-7a7f-4077-a053-c26dc3d3d65a@group-4701ABA8D7D0, cid=809, SUCCESS, logIndex=1421, commits[85302df8-7a7f-4077-a053-c26dc3d3d65a:c1421]
2019-06-13 22:53:41,974 DEBUG block.SCMBlockDeletingService (SCMBlockDeletingService.java:call(138)) - Running DeletedBlockTransactionScanner
2019-06-13 22:53:41,974 DEBUG block.SCMBlockDeletingService (SCMBlockDeletingService.java:call(155)) - Scanned deleted blocks log and got 0 delTX to process.
2019-06-13 22:53:41,975 INFO  client.GrpcClientProtocolClient (GrpcClientProtocolClient.java:onNext(254)) - client-C82EA620EB9B->85302df8-7a7f-4077-a053-c26dc3d3d65a: receive RaftClientReply:client-C82EA620EB9B->85302df8-7a7f-4077-a053-c26dc3d3d65a@group-4701ABA8D7D0, cid=810, SUCCESS, logIndex=1423, commits[85302df8-7a7f-4077-a053-c26dc3d3d65a:c1423]
2019-06-13 22:53:41,977 INFO  client.GrpcClientProtocolClient (GrpcClientProtocolClient.java:onNext(254)) - client-C82EA620EB9B->85302df8-7a7f-4077-a053-c26dc3d3d65a: receive RaftClientReply:client-C82EA620EB9B->85302df8-7a7f-4077-a053-c26dc3d3d65a@group-4701ABA8D7D0, cid=811, SUCCESS, logIndex=1425, commits[85302df8-7a7f-4077-a053-c26dc3d3d65a:c1426]
2019-06-13 22:53:41,978 INFO  client.GrpcClientProtocolClient (GrpcClientProtocolClient.java:onNext(254)) - client-C82EA620EB9B->85302df8-7a7f-4077-a053-c26dc3d3d65a: receive RaftClientReply:client-C82EA620EB9B->85302df8-7a7f-4077-a053-c26dc3d3d65a@group-4701ABA8D7D0, cid=812, SUCCESS, logIndex=1426, commits[85302df8-7a7f-4077-a053-c26dc3d3d65a:c1426]
2019-06-13 22:53:41,995 INFO  storage.RaftLogWorker (RaftLogWorker.java:rollLogSegment(303)) - 85302df8-7a7f-4077-a053-c26dc3d3d65a-RaftLogWorker: Rolling segment log-1358_1429 to index:1429
2019-06-13 22:53:41,995 INFO  client.GrpcClientProtocolClient (GrpcClientProtocolClient.java:onNext(254)) - client-C82EA620EB9B->85302df8-7a7f-4077-a053-c26dc3d3d65a: receive RaftClientReply:client-C82EA620EB9B->85302df8-7a7f-4077-a053-c26dc3d3d65a@group-4701ABA8D7D0, cid=813, SUCCESS, logIndex=1428, commits[85302df8-7a7f-4077-a053-c26dc3d3d65a:c1428]
2019-06-13 22:53:41,996 INFO  storage.RaftLogWorker (RaftLogWorker.java:execute(433)) - 85302df8-7a7f-4077-a053-c26dc3d3d65a-RaftLogWorker: Rolled log segment from /opt/src/hadoop-ozone/integration-test/target/test-dir/MiniOzoneClusterImpl-550f9ca0-a6d9-4a4a-902f-f07ac81eac7b/datanode-0/data/ratis/5ad10fc2-5a33-4bdd-8958-4701aba8d7d0/current/log_inprogress_1358 to /opt/src/hadoop-ozone/integration-test/target/test-dir/MiniOzoneClusterImpl-550f9ca0-a6d9-4a4a-902f-f07ac81eac7b/datanode-0/data/ratis/5ad10fc2-5a33-4bdd-8958-4701aba8d7d0/current/log_1358-1429
2019-06-13 22:53:42,031 INFO  storage.RaftLogWorker (RaftLogWorker.java:execute(469)) - 85302df8-7a7f-4077-a053-c26dc3d3d65a-RaftLogWorker: created new log segment /opt/src/hadoop-ozone/integration-test/target/test-dir/MiniOzoneClusterImpl-550f9ca0-a6d9-4a4a-902f-f07ac81eac7b/datanode-0/data/ratis/5ad10fc2-5a33-4bdd-8958-4701aba8d7d0/current/log_inprogress_1430
2019-06-13 22:53:42,033 INFO  client.GrpcClientProtocolClient (GrpcClientProtocolClient.java:onNext(254)) - client-C82EA620EB9B->85302df8-7a7f-4077-a053-c26dc3d3d65a: receive RaftClientReply:client-C82EA620EB9B->85302df8-7a7f-4077-a053-c26dc3d3d65a@group-4701ABA8D7D0, cid=814, SUCCESS, logIndex=1430, commits[85302df8-7a7f-4077-a053-c26dc3d3d65a:c1432]
2019-06-13 22:53:42,078 DEBUG block.SCMBlockDeletingService (SCMBlockDeletingService.java:call(138)) - Running DeletedBlockTransactionScanner
2019-06-13 22:53:42,078 DEBUG block.SCMBlockDeletingService (SCMBlockDeletingService.java:call(155)) - Scanned deleted blocks log and got 0 delTX to process.
2019-06-13 22:53:42,079 INFO  client.GrpcClientProtocolClient (GrpcClientProtocolClient.java:onNext(254)) - client-C82EA620EB9B->85302df8-7a7f-4077-a053-c26dc3d3d65a: receive RaftClientReply:client-C82EA620EB9B->85302df8-7a7f-4077-a053-c26dc3d3d65a@group-4701ABA8D7D0, cid=815, SUCCESS, logIndex=1431, commits[85302df8-7a7f-4077-a053-c26dc3d3d65a:c1433]
2019-06-13 22:53:42,079 INFO  client.GrpcClientProtocolClient (GrpcClientProtocolClient.java:onNext(254)) - client-C82EA620EB9B->85302df8-7a7f-4077-a053-c26dc3d3d65a: receive RaftClientReply:client-C82EA620EB9B->85302df8-7a7f-4077-a053-c26dc3d3d65a@group-4701ABA8D7D0, cid=816, SUCCESS, logIndex=1432, commits[85302df8-7a7f-4077-a053-c26dc3d3d65a:c1433]
2019-06-13 22:53:42,094 INFO  client.GrpcClientProtocolClient (GrpcClientProtocolClient.java:onNext(254)) - client-C82EA620EB9B->85302df8-7a7f-4077-a053-c26dc3d3d65a: receive RaftClientReply:client-C82EA620EB9B->85302df8-7a7f-4077-a053-c26dc3d3d65a@group-4701ABA8D7D0, cid=817, SUCCESS, logIndex=1434, commits[85302df8-7a7f-4077-a053-c26dc3d3d65a:c1434]
2019-06-13 22:53:42,096 INFO  client.GrpcClientProtocolClient (GrpcClientProtocolClient.java:onNext(254)) - client-C82EA620EB9B->85302df8-7a7f-4077-a053-c26dc3d3d65a: receive RaftClientReply:client-C82EA620EB9B->85302df8-7a7f-4077-a053-c26dc3d3d65a@group-4701ABA8D7D0, cid=818, SUCCESS, logIndex=1436, commits[85302df8-7a7f-4077-a053-c26dc3d3d65a:c1436]
2019-06-13 22:53:42,098 INFO  client.GrpcClientProtocolClient (GrpcClientProtocolClient.java:onNext(254)) - client-C82EA620EB9B->85302df8-7a7f-4077-a053-c26dc3d3d65a: receive RaftClientReply:client-C82EA620EB9B->85302df8-7a7f-4077-a053-c26dc3d3d65a@group-4701ABA8D7D0, cid=819, SUCCESS, logIndex=1437, commits[85302df8-7a7f-4077-a053-c26dc3d3d65a:c1438]
2019-06-13 22:53:42,099 INFO  client.GrpcClientProtocolClient (GrpcClientProtocolClient.java:onNext(254)) - client-C82EA620EB9B->85302df8-7a7f-4077-a053-c26dc3d3d65a: receive RaftClientReply:client-C82EA620EB9B->85302df8-7a7f-4077-a053-c26dc3d3d65a@group-4701ABA8D7D0, cid=820, SUCCESS, logIndex=1439, commits[85302df8-7a7f-4077-a053-c26dc3d3d65a:c1439]
2019-06-13 22:53:42,105 INFO  client.GrpcClientProtocolClient (GrpcClientProtocolClient.java:onNext(254)) - client-C82EA620EB9B->85302df8-7a7f-4077-a053-c26dc3d3d65a: receive RaftClientReply:client-C82EA620EB9B->85302df8-7a7f-4077-a053-c26dc3d3d65a@group-4701ABA8D7D0, cid=821, SUCCESS, logIndex=1441, commits[85302df8-7a7f-4077-a053-c26dc3d3d65a:c1441]
2019-06-13 22:53:42,107 INFO  client.GrpcClientProtocolClient (GrpcClientProtocolClient.java:onNext(254)) - client-C82EA620EB9B->85302df8-7a7f-4077-a053-c26dc3d3d65a: receive RaftClientReply:client-C82EA620EB9B->85302df8-7a7f-4077-a053-c26dc3d3d65a@group-4701ABA8D7D0, cid=822, SUCCESS, logIndex=1443, commits[85302df8-7a7f-4077-a053-c26dc3d3d65a:c1443]
2019-06-13 22:53:42,110 INFO  client.GrpcClientProtocolClient (GrpcClientProtocolClient.java:onNext(254)) - client-C82EA620EB9B->85302df8-7a7f-4077-a053-c26dc3d3d65a: receive RaftClientReply:client-C82EA620EB9B->85302df8-7a7f-4077-a053-c26dc3d3d65a@group-4701ABA8D7D0, cid=823, SUCCESS, logIndex=1445, commits[85302df8-7a7f-4077-a053-c26dc3d3d65a:c1446]
2019-06-13 22:53:42,110 INFO  client.GrpcClientProtocolClient (GrpcClientProtocolClient.java:onNext(254)) - client-C82EA620EB9B->85302df8-7a7f-4077-a053-c26dc3d3d65a: receive RaftClientReply:client-C82EA620EB9B->85302df8-7a7f-4077-a053-c26dc3d3d65a@group-4701ABA8D7D0, cid=824, SUCCESS, logIndex=1446, commits[85302df8-7a7f-4077-a053-c26dc3d3d65a:c1447]
2019-06-13 22:53:42,122 INFO  client.GrpcClientProtocolClient (GrpcClientProtocolClient.java:onNext(254)) - client-C82EA620EB9B->85302df8-7a7f-4077-a053-c26dc3d3d65a: receive RaftClientReply:client-C82EA620EB9B->85302df8-7a7f-4077-a053-c26dc3d3d65a@group-4701ABA8D7D0, cid=825, SUCCESS, logIndex=1448, commits[85302df8-7a7f-4077-a053-c26dc3d3d65a:c1448]
2019-06-13 22:53:42,123 INFO  client.GrpcClientProtocolClient (GrpcClientProtocolClient.java:onNext(254)) - client-C82EA620EB9B->85302df8-7a7f-4077-a053-c26dc3d3d65a: receive RaftClientReply:client-C82EA620EB9B->85302df8-7a7f-4077-a053-c26dc3d3d65a@group-4701ABA8D7D0, cid=826, SUCCESS, logIndex=1450, commits[85302df8-7a7f-4077-a053-c26dc3d3d65a:c1450]
2019-06-13 22:53:42,126 INFO  client.GrpcClientProtocolClient (GrpcClientProtocolClient.java:onNext(254)) - client-C82EA620EB9B->85302df8-7a7f-4077-a053-c26dc3d3d65a: receive RaftClientReply:client-C82EA620EB9B->85302df8-7a7f-4077-a053-c26dc3d3d65a@group-4701ABA8D7D0, cid=827, SUCCESS, logIndex=1452, commits[85302df8-7a7f-4077-a053-c26dc3d3d65a:c1453]
2019-06-13 22:53:42,127 INFO  client.GrpcClientProtocolClient (GrpcClientProtocolClient.java:onNext(254)) - client-C82EA620EB9B->85302df8-7a7f-4077-a053-c26dc3d3d65a: receive RaftClientReply:client-C82EA620EB9B->85302df8-7a7f-4077-a053-c26dc3d3d65a@group-4701ABA8D7D0, cid=828, SUCCESS, logIndex=1453, commits[85302df8-7a7f-4077-a053-c26dc3d3d65a:c1453]
2019-06-13 22:53:42,134 INFO  client.GrpcClientProtocolClient (GrpcClientProtocolClient.java:onNext(254)) - client-C82EA620EB9B->85302df8-7a7f-4077-a053-c26dc3d3d65a: receive RaftClientReply:client-C82EA620EB9B->85302df8-7a7f-4077-a053-c26dc3d3d65a@group-4701ABA8D7D0, cid=829, SUCCESS, logIndex=1455, commits[85302df8-7a7f-4077-a053-c26dc3d3d65a:c1455]
2019-06-13 22:53:42,139 INFO  client.GrpcClientProtocolClient (GrpcClientProtocolClient.java:onNext(254)) - client-C82EA620EB9B->85302df8-7a7f-4077-a053-c26dc3d3d65a: receive RaftClientReply:client-C82EA620EB9B->85302df8-7a7f-4077-a053-c26dc3d3d65a@group-4701ABA8D7D0, cid=830, SUCCESS, logIndex=1457, commits[85302df8-7a7f-4077-a053-c26dc3d3d65a:c1457]
2019-06-13 22:53:42,139 INFO  client.GrpcClientProtocolClient (GrpcClientProtocolClient.java:onNext(254)) - client-C82EA620EB9B->85302df8-7a7f-4077-a053-c26dc3d3d65a: receive RaftClientReply:client-C82EA620EB9B->85302df8-7a7f-4077-a053-c26dc3d3d65a@group-4701ABA8D7D0, cid=831, SUCCESS, logIndex=1459, commits[85302df8-7a7f-4077-a053-c26dc3d3d65a:c1460]
2019-06-13 22:53:42,140 INFO  client.GrpcClientProtocolClient (GrpcClientProtocolClient.java:onNext(254)) - client-C82EA620EB9B->85302df8-7a7f-4077-a053-c26dc3d3d65a: receive RaftClientReply:client-C82EA620EB9B->85302df8-7a7f-4077-a053-c26dc3d3d65a@group-4701ABA8D7D0, cid=832, SUCCESS, logIndex=1460, commits[85302df8-7a7f-4077-a053-c26dc3d3d65a:c1461]
2019-06-13 22:53:42,150 INFO  client.GrpcClientProtocolClient (GrpcClientProtocolClient.java:onNext(254)) - client-C82EA620EB9B->85302df8-7a7f-4077-a053-c26dc3d3d65a: receive RaftClientReply:client-C82EA620EB9B->85302df8-7a7f-4077-a053-c26dc3d3d65a@group-4701ABA8D7D0, cid=833, SUCCESS, logIndex=1462, commits[85302df8-7a7f-4077-a053-c26dc3d3d65a:c1462]
2019-06-13 22:53:42,153 INFO  client.GrpcClientProtocolClient (GrpcClientProtocolClient.java:onNext(254)) - client-C82EA620EB9B->85302df8-7a7f-4077-a053-c26dc3d3d65a: receive RaftClientReply:client-C82EA620EB9B->85302df8-7a7f-4077-a053-c26dc3d3d65a@group-4701ABA8D7D0, cid=834, SUCCESS, logIndex=1464, commits[85302df8-7a7f-4077-a053-c26dc3d3d65a:c1464]
2019-06-13 22:53:42,154 INFO  client.GrpcClientProtocolClient (GrpcClientProtocolClient.java:onNext(254)) - client-C82EA620EB9B->85302df8-7a7f-4077-a053-c26dc3d3d65a: receive RaftClientReply:client-C82EA620EB9B->85302df8-7a7f-4077-a053-c26dc3d3d65a@group-4701ABA8D7D0, cid=835, SUCCESS, logIndex=1465, commits[85302df8-7a7f-4077-a053-c26dc3d3d65a:c1466]
2019-06-13 22:53:42,154 INFO  client.GrpcClientProtocolClient (GrpcClientProtocolClient.java:onNext(254)) - client-C82EA620EB9B->85302df8-7a7f-4077-a053-c26dc3d3d65a: receive RaftClientReply:client-C82EA620EB9B->85302df8-7a7f-4077-a053-c26dc3d3d65a@group-4701ABA8D7D0, cid=836, SUCCESS, logIndex=1466, commits[85302df8-7a7f-4077-a053-c26dc3d3d65a:c1467]
2019-06-13 22:53:42,160 INFO  client.GrpcClientProtocolClient (GrpcClientProtocolClient.java:onNext(254)) - client-C82EA620EB9B->85302df8-7a7f-4077-a053-c26dc3d3d65a: receive RaftClientReply:client-C82EA620EB9B->85302df8-7a7f-4077-a053-c26dc3d3d65a@group-4701ABA8D7D0, cid=837, SUCCESS, logIndex=1469, commits[85302df8-7a7f-4077-a053-c26dc3d3d65a:c1469]
2019-06-13 22:53:42,163 INFO  client.GrpcClientProtocolClient (GrpcClientProtocolClient.java:onNext(254)) - client-C82EA620EB9B->85302df8-7a7f-4077-a053-c26dc3d3d65a: receive RaftClientReply:client-C82EA620EB9B->85302df8-7a7f-4077-a053-c26dc3d3d65a@group-4701ABA8D7D0, cid=838, SUCCESS, logIndex=1471, commits[85302df8-7a7f-4077-a053-c26dc3d3d65a:c1471]
2019-06-13 22:53:42,164 INFO  client.GrpcClientProtocolClient (GrpcClientProtocolClient.java:onNext(254)) - client-C82EA620EB9B->85302df8-7a7f-4077-a053-c26dc3d3d65a: receive RaftClientReply:client-C82EA620EB9B->85302df8-7a7f-4077-a053-c26dc3d3d65a@group-4701ABA8D7D0, cid=839, SUCCESS, logIndex=1472, commits[85302df8-7a7f-4077-a053-c26dc3d3d65a:c1474]
2019-06-13 22:53:42,164 INFO  client.GrpcClientProtocolClient (GrpcClientProtocolClient.java:onNext(254)) - client-C82EA620EB9B->85302df8-7a7f-4077-a053-c26dc3d3d65a: receive RaftClientReply:client-C82EA620EB9B->85302df8-7a7f-4077-a053-c26dc3d3d65a@group-4701ABA8D7D0, cid=840, SUCCESS, logIndex=1474, commits[85302df8-7a7f-4077-a053-c26dc3d3d65a:c1475]
2019-06-13 22:53:42,179 DEBUG block.SCMBlockDeletingService (SCMBlockDeletingService.java:call(138)) - Running DeletedBlockTransactionScanner
2019-06-13 22:53:42,179 DEBUG block.SCMBlockDeletingService (SCMBlockDeletingService.java:call(155)) - Scanned deleted blocks log and got 0 delTX to process.
2019-06-13 22:53:42,242 INFO  client.GrpcClientProtocolClient (GrpcClientProtocolClient.java:onNext(254)) - client-C82EA620EB9B->85302df8-7a7f-4077-a053-c26dc3d3d65a: receive RaftClientReply:client-C82EA620EB9B->85302df8-7a7f-4077-a053-c26dc3d3d65a@group-4701ABA8D7D0, cid=841, SUCCESS, logIndex=1476, commits[85302df8-7a7f-4077-a053-c26dc3d3d65a:c1476]
2019-06-13 22:53:42,245 INFO  client.GrpcClientProtocolClient (GrpcClientProtocolClient.java:onNext(254)) - client-C82EA620EB9B->85302df8-7a7f-4077-a053-c26dc3d3d65a: receive RaftClientReply:client-C82EA620EB9B->85302df8-7a7f-4077-a053-c26dc3d3d65a@group-4701ABA8D7D0, cid=842, SUCCESS, logIndex=1478, commits[85302df8-7a7f-4077-a053-c26dc3d3d65a:c1478]
2019-06-13 22:53:42,246 INFO  client.GrpcClientProtocolClient (GrpcClientProtocolClient.java:onNext(254)) - client-C82EA620EB9B->85302df8-7a7f-4077-a053-c26dc3d3d65a: receive RaftClientReply:client-C82EA620EB9B->85302df8-7a7f-4077-a053-c26dc3d3d65a@group-4701ABA8D7D0, cid=843, SUCCESS, logIndex=1479, commits[85302df8-7a7f-4077-a053-c26dc3d3d65a:c1480]
2019-06-13 22:53:42,246 INFO  client.GrpcClientProtocolClient (GrpcClientProtocolClient.java:onNext(254)) - client-C82EA620EB9B->85302df8-7a7f-4077-a053-c26dc3d3d65a: receive RaftClientReply:client-C82EA620EB9B->85302df8-7a7f-4077-a053-c26dc3d3d65a@group-4701ABA8D7D0, cid=844, SUCCESS, logIndex=1480, commits[85302df8-7a7f-4077-a053-c26dc3d3d65a:c1481]
2019-06-13 22:53:42,256 INFO  client.GrpcClientProtocolClient (GrpcClientProtocolClient.java:onNext(254)) - client-C82EA620EB9B->85302df8-7a7f-4077-a053-c26dc3d3d65a: receive RaftClientReply:client-C82EA620EB9B->85302df8-7a7f-4077-a053-c26dc3d3d65a@group-4701ABA8D7D0, cid=845, SUCCESS, logIndex=1483, commits[85302df8-7a7f-4077-a053-c26dc3d3d65a:c1483]
2019-06-13 22:53:42,257 INFO  client.GrpcClientProtocolClient (GrpcClientProtocolClient.java:onNext(254)) - client-C82EA620EB9B->85302df8-7a7f-4077-a053-c26dc3d3d65a: receive RaftClientReply:client-C82EA620EB9B->85302df8-7a7f-4077-a053-c26dc3d3d65a@group-4701ABA8D7D0, cid=846, SUCCESS, logIndex=1485, commits[85302df8-7a7f-4077-a053-c26dc3d3d65a:c1485]
2019-06-13 22:53:42,259 INFO  client.GrpcClientProtocolClient (GrpcClientProtocolClient.java:onNext(254)) - client-C82EA620EB9B->85302df8-7a7f-4077-a053-c26dc3d3d65a: receive RaftClientReply:client-C82EA620EB9B->85302df8-7a7f-4077-a053-c26dc3d3d65a@group-4701ABA8D7D0, cid=847, SUCCESS, logIndex=1486, commits[85302df8-7a7f-4077-a053-c26dc3d3d65a:c1488]
2019-06-13 22:53:42,259 INFO  client.GrpcClientProtocolClient (GrpcClientProtocolClient.java:onNext(254)) - client-C82EA620EB9B->85302df8-7a7f-4077-a053-c26dc3d3d65a: receive RaftClientReply:client-C82EA620EB9B->85302df8-7a7f-4077-a053-c26dc3d3d65a@group-4701ABA8D7D0, cid=848, SUCCESS, logIndex=1488, commits[85302df8-7a7f-4077-a053-c26dc3d3d65a:c1488]
2019-06-13 22:53:42,274 INFO  client.GrpcClientProtocolClient (GrpcClientProtocolClient.java:onNext(254)) - client-C82EA620EB9B->85302df8-7a7f-4077-a053-c26dc3d3d65a: receive RaftClientReply:client-C82EA620EB9B->85302df8-7a7f-4077-a053-c26dc3d3d65a@group-4701ABA8D7D0, cid=849, SUCCESS, logIndex=1490, commits[85302df8-7a7f-4077-a053-c26dc3d3d65a:c1490]
2019-06-13 22:53:42,277 INFO  client.GrpcClientProtocolClient (GrpcClientProtocolClient.java:onNext(254)) - client-C82EA620EB9B->85302df8-7a7f-4077-a053-c26dc3d3d65a: receive RaftClientReply:client-C82EA620EB9B->85302df8-7a7f-4077-a053-c26dc3d3d65a@group-4701ABA8D7D0, cid=850, SUCCESS, logIndex=1492, commits[85302df8-7a7f-4077-a053-c26dc3d3d65a:c1492]
2019-06-13 22:53:42,278 INFO  client.GrpcClientProtocolClient (GrpcClientProtocolClient.java:onNext(254)) - client-C82EA620EB9B->85302df8-7a7f-4077-a053-c26dc3d3d65a: receive RaftClientReply:client-C82EA620EB9B->85302df8-7a7f-4077-a053-c26dc3d3d65a@group-4701ABA8D7D0, cid=851, SUCCESS, logIndex=1493, commits[85302df8-7a7f-4077-a053-c26dc3d3d65a:c1494]
2019-06-13 22:53:42,278 INFO  client.GrpcClientProtocolClient (GrpcClientProtocolClient.java:onNext(254)) - client-C82EA620EB9B->85302df8-7a7f-4077-a053-c26dc3d3d65a: receive RaftClientReply:client-C82EA620EB9B->85302df8-7a7f-4077-a053-c26dc3d3d65a@group-4701ABA8D7D0, cid=852, SUCCESS, logIndex=1494, commits[85302df8-7a7f-4077-a053-c26dc3d3d65a:c1494]
2019-06-13 22:53:42,279 DEBUG block.SCMBlockDeletingService (SCMBlockDeletingService.java:call(138)) - Running DeletedBlockTransactionScanner
2019-06-13 22:53:42,279 DEBUG block.SCMBlockDeletingService (SCMBlockDeletingService.java:call(155)) - Scanned deleted blocks log and got 0 delTX to process.
2019-06-13 22:53:42,287 INFO  client.GrpcClientProtocolClient (GrpcClientProtocolClient.java:onNext(254)) - client-C82EA620EB9B->85302df8-7a7f-4077-a053-c26dc3d3d65a: receive RaftClientReply:client-C82EA620EB9B->85302df8-7a7f-4077-a053-c26dc3d3d65a@group-4701ABA8D7D0, cid=853, SUCCESS, logIndex=1497, commits[85302df8-7a7f-4077-a053-c26dc3d3d65a:c1497]
2019-06-13 22:53:42,288 INFO  storage.RaftLogWorker (RaftLogWorker.java:rollLogSegment(303)) - 85302df8-7a7f-4077-a053-c26dc3d3d65a-RaftLogWorker: Rolling segment log-1430_1501 to index:1501
2019-06-13 22:53:42,289 INFO  client.GrpcClientProtocolClient (GrpcClientProtocolClient.java:onNext(254)) - client-C82EA620EB9B->85302df8-7a7f-4077-a053-c26dc3d3d65a: receive RaftClientReply:client-C82EA620EB9B->85302df8-7a7f-4077-a053-c26dc3d3d65a@group-4701ABA8D7D0, cid=854, SUCCESS, logIndex=1499, commits[85302df8-7a7f-4077-a053-c26dc3d3d65a:c1499]
2019-06-13 22:53:42,289 INFO  storage.RaftLogWorker (RaftLogWorker.java:execute(433)) - 85302df8-7a7f-4077-a053-c26dc3d3d65a-RaftLogWorker: Rolled log segment from /opt/src/hadoop-ozone/integration-test/target/test-dir/MiniOzoneClusterImpl-550f9ca0-a6d9-4a4a-902f-f07ac81eac7b/datanode-0/data/ratis/5ad10fc2-5a33-4bdd-8958-4701aba8d7d0/current/log_inprogress_1430 to /opt/src/hadoop-ozone/integration-test/target/test-dir/MiniOzoneClusterImpl-550f9ca0-a6d9-4a4a-902f-f07ac81eac7b/datanode-0/data/ratis/5ad10fc2-5a33-4bdd-8958-4701aba8d7d0/current/log_1430-1501
2019-06-13 22:53:42,294 INFO  client.GrpcClientProtocolClient (GrpcClientProtocolClient.java:onNext(254)) - client-C82EA620EB9B->85302df8-7a7f-4077-a053-c26dc3d3d65a: receive RaftClientReply:client-C82EA620EB9B->85302df8-7a7f-4077-a053-c26dc3d3d65a@group-4701ABA8D7D0, cid=855, SUCCESS, logIndex=1500, commits[85302df8-7a7f-4077-a053-c26dc3d3d65a:c1501]
2019-06-13 22:53:42,333 INFO  storage.RaftLogWorker (RaftLogWorker.java:execute(469)) - 85302df8-7a7f-4077-a053-c26dc3d3d65a-RaftLogWorker: created new log segment /opt/src/hadoop-ozone/integration-test/target/test-dir/MiniOzoneClusterImpl-550f9ca0-a6d9-4a4a-902f-f07ac81eac7b/datanode-0/data/ratis/5ad10fc2-5a33-4bdd-8958-4701aba8d7d0/current/log_inprogress_1502
2019-06-13 22:53:42,337 INFO  client.GrpcClientProtocolClient (GrpcClientProtocolClient.java:onNext(254)) - client-C82EA620EB9B->85302df8-7a7f-4077-a053-c26dc3d3d65a: receive RaftClientReply:client-C82EA620EB9B->85302df8-7a7f-4077-a053-c26dc3d3d65a@group-4701ABA8D7D0, cid=856, SUCCESS, logIndex=1502, commits[85302df8-7a7f-4077-a053-c26dc3d3d65a:c1502]
2019-06-13 22:53:42,350 INFO  client.GrpcClientProtocolClient (GrpcClientProtocolClient.java:onNext(254)) - client-C82EA620EB9B->85302df8-7a7f-4077-a053-c26dc3d3d65a: receive RaftClientReply:client-C82EA620EB9B->85302df8-7a7f-4077-a053-c26dc3d3d65a@group-4701ABA8D7D0, cid=857, SUCCESS, logIndex=1504, commits[85302df8-7a7f-4077-a053-c26dc3d3d65a:c1504]
2019-06-13 22:53:42,352 INFO  client.GrpcClientProtocolClient (GrpcClientProtocolClient.java:onNext(254)) - client-C82EA620EB9B->85302df8-7a7f-4077-a053-c26dc3d3d65a: receive RaftClientReply:client-C82EA620EB9B->85302df8-7a7f-4077-a053-c26dc3d3d65a@group-4701ABA8D7D0, cid=858, SUCCESS, logIndex=1506, commits[85302df8-7a7f-4077-a053-c26dc3d3d65a:c1506]
2019-06-13 22:53:42,353 INFO  client.GrpcClientProtocolClient (GrpcClientProtocolClient.java:onNext(254)) - client-C82EA620EB9B->85302df8-7a7f-4077-a053-c26dc3d3d65a: receive RaftClientReply:client-C82EA620EB9B->85302df8-7a7f-4077-a053-c26dc3d3d65a@group-4701ABA8D7D0, cid=859, SUCCESS, logIndex=1507, commits[85302df8-7a7f-4077-a053-c26dc3d3d65a:c1508]
2019-06-13 22:53:42,353 INFO  client.GrpcClientProtocolClient (GrpcClientProtocolClient.java:onNext(254)) - client-C82EA620EB9B->85302df8-7a7f-4077-a053-c26dc3d3d65a: receive RaftClientReply:client-C82EA620EB9B->85302df8-7a7f-4077-a053-c26dc3d3d65a@group-4701ABA8D7D0, cid=860, SUCCESS, logIndex=1508, commits[85302df8-7a7f-4077-a053-c26dc3d3d65a:c1509]
2019-06-13 22:53:42,360 INFO  client.GrpcClientProtocolClient (GrpcClientProtocolClient.java:onNext(254)) - client-C82EA620EB9B->85302df8-7a7f-4077-a053-c26dc3d3d65a: receive RaftClientReply:client-C82EA620EB9B->85302df8-7a7f-4077-a053-c26dc3d3d65a@group-4701ABA8D7D0, cid=861, SUCCESS, logIndex=1511, commits[85302df8-7a7f-4077-a053-c26dc3d3d65a:c1511]
2019-06-13 22:53:42,361 INFO  client.GrpcClientProtocolClient (GrpcClientProtocolClient.java:onNext(254)) - client-C82EA620EB9B->85302df8-7a7f-4077-a053-c26dc3d3d65a: receive RaftClientReply:client-C82EA620EB9B->85302df8-7a7f-4077-a053-c26dc3d3d65a@group-4701ABA8D7D0, cid=862, SUCCESS, logIndex=1513, commits[85302df8-7a7f-4077-a053-c26dc3d3d65a:c1513]
2019-06-13 22:53:42,364 INFO  client.GrpcClientProtocolClient (GrpcClientProtocolClient.java:onNext(254)) - client-C82EA620EB9B->85302df8-7a7f-4077-a053-c26dc3d3d65a: receive RaftClientReply:client-C82EA620EB9B->85302df8-7a7f-4077-a053-c26dc3d3d65a@group-4701ABA8D7D0, cid=863, SUCCESS, logIndex=1514, commits[85302df8-7a7f-4077-a053-c26dc3d3d65a:c1515]
2019-06-13 22:53:42,366 INFO  client.GrpcClientProtocolClient (GrpcClientProtocolClient.java:onNext(254)) - client-C82EA620EB9B->85302df8-7a7f-4077-a053-c26dc3d3d65a: receive RaftClientReply:client-C82EA620EB9B->85302df8-7a7f-4077-a053-c26dc3d3d65a@group-4701ABA8D7D0, cid=864, SUCCESS, logIndex=1516, commits[85302df8-7a7f-4077-a053-c26dc3d3d65a:c1516]
2019-06-13 22:53:42,376 INFO  client.GrpcClientProtocolClient (GrpcClientProtocolClient.java:onNext(254)) - client-C82EA620EB9B->85302df8-7a7f-4077-a053-c26dc3d3d65a: receive RaftClientReply:client-C82EA620EB9B->85302df8-7a7f-4077-a053-c26dc3d3d65a@group-4701ABA8D7D0, cid=865, SUCCESS, logIndex=1518, commits[85302df8-7a7f-4077-a053-c26dc3d3d65a:c1518]
2019-06-13 22:53:42,378 INFO  client.GrpcClientProtocolClient (GrpcClientProtocolClient.java:onNext(254)) - client-C82EA620EB9B->85302df8-7a7f-4077-a053-c26dc3d3d65a: receive RaftClientReply:client-C82EA620EB9B->85302df8-7a7f-4077-a053-c26dc3d3d65a@group-4701ABA8D7D0, cid=866, SUCCESS, logIndex=1520, commits[85302df8-7a7f-4077-a053-c26dc3d3d65a:c1520]
2019-06-13 22:53:42,379 INFO  client.GrpcClientProtocolClient (GrpcClientProtocolClient.java:onNext(254)) - client-C82EA620EB9B->85302df8-7a7f-4077-a053-c26dc3d3d65a: receive RaftClientReply:client-C82EA620EB9B->85302df8-7a7f-4077-a053-c26dc3d3d65a@group-4701ABA8D7D0, cid=867, SUCCESS, logIndex=1521, commits[85302df8-7a7f-4077-a053-c26dc3d3d65a:c1522]
2019-06-13 22:53:42,379 DEBUG block.SCMBlockDeletingService (SCMBlockDeletingService.java:call(138)) - Running DeletedBlockTransactionScanner
2019-06-13 22:53:42,380 DEBUG block.SCMBlockDeletingService (SCMBlockDeletingService.java:call(155)) - Scanned deleted blocks log and got 0 delTX to process.
2019-06-13 22:53:42,380 INFO  client.GrpcClientProtocolClient (GrpcClientProtocolClient.java:onNext(254)) - client-C82EA620EB9B->85302df8-7a7f-4077-a053-c26dc3d3d65a: receive RaftClientReply:client-C82EA620EB9B->85302df8-7a7f-4077-a053-c26dc3d3d65a@group-4701ABA8D7D0, cid=868, SUCCESS, logIndex=1523, commits[85302df8-7a7f-4077-a053-c26dc3d3d65a:c1523]
2019-06-13 22:53:42,387 INFO  client.GrpcClientProtocolClient (GrpcClientProtocolClient.java:onNext(254)) - client-C82EA620EB9B->85302df8-7a7f-4077-a053-c26dc3d3d65a: receive RaftClientReply:client-C82EA620EB9B->85302df8-7a7f-4077-a053-c26dc3d3d65a@group-4701ABA8D7D0, cid=869, SUCCESS, logIndex=1525, commits[85302df8-7a7f-4077-a053-c26dc3d3d65a:c1525]
2019-06-13 22:53:42,390 INFO  client.GrpcClientProtocolClient (GrpcClientProtocolClient.java:onNext(254)) - client-C82EA620EB9B->85302df8-7a7f-4077-a053-c26dc3d3d65a: receive RaftClientReply:client-C82EA620EB9B->85302df8-7a7f-4077-a053-c26dc3d3d65a@group-4701ABA8D7D0, cid=870, SUCCESS, logIndex=1527, commits[85302df8-7a7f-4077-a053-c26dc3d3d65a:c1527]
2019-06-13 22:53:42,391 INFO  client.GrpcClientProtocolClient (GrpcClientProtocolClient.java:onNext(254)) - client-C82EA620EB9B->85302df8-7a7f-4077-a053-c26dc3d3d65a: receive RaftClientReply:client-C82EA620EB9B->85302df8-7a7f-4077-a053-c26dc3d3d65a@group-4701ABA8D7D0, cid=871, SUCCESS, logIndex=1528, commits[85302df8-7a7f-4077-a053-c26dc3d3d65a:c1530]
2019-06-13 22:53:42,391 INFO  client.GrpcClientProtocolClient (GrpcClientProtocolClient.java:onNext(254)) - client-C82EA620EB9B->85302df8-7a7f-4077-a053-c26dc3d3d65a: receive RaftClientReply:client-C82EA620EB9B->85302df8-7a7f-4077-a053-c26dc3d3d65a@group-4701ABA8D7D0, cid=872, SUCCESS, logIndex=1530, commits[85302df8-7a7f-4077-a053-c26dc3d3d65a:c1530]
2019-06-13 22:53:42,404 INFO  client.GrpcClientProtocolClient (GrpcClientProtocolClient.java:onNext(254)) - client-C82EA620EB9B->85302df8-7a7f-4077-a053-c26dc3d3d65a: receive RaftClientReply:client-C82EA620EB9B->85302df8-7a7f-4077-a053-c26dc3d3d65a@group-4701ABA8D7D0, cid=873, SUCCESS, logIndex=1532, commits[85302df8-7a7f-4077-a053-c26dc3d3d65a:c1532]
2019-06-13 22:53:42,408 INFO  client.GrpcClientProtocolClient (GrpcClientProtocolClient.java:onNext(254)) - client-C82EA620EB9B->85302df8-7a7f-4077-a053-c26dc3d3d65a: receive RaftClientReply:client-C82EA620EB9B->85302df8-7a7f-4077-a053-c26dc3d3d65a@group-4701ABA8D7D0, cid=874, SUCCESS, logIndex=1534, commits[85302df8-7a7f-4077-a053-c26dc3d3d65a:c1534]
2019-06-13 22:53:42,410 INFO  client.GrpcClientProtocolClient (GrpcClientProtocolClient.java:onNext(254)) - client-C82EA620EB9B->85302df8-7a7f-4077-a053-c26dc3d3d65a: receive RaftClientReply:client-C82EA620EB9B->85302df8-7a7f-4077-a053-c26dc3d3d65a@group-4701ABA8D7D0, cid=875, SUCCESS, logIndex=1535, commits[85302df8-7a7f-4077-a053-c26dc3d3d65a:c1535]
2019-06-13 22:53:42,410 INFO  client.GrpcClientProtocolClient (GrpcClientProtocolClient.java:onNext(254)) - client-C82EA620EB9B->85302df8-7a7f-4077-a053-c26dc3d3d65a: receive RaftClientReply:client-C82EA620EB9B->85302df8-7a7f-4077-a053-c26dc3d3d65a@group-4701ABA8D7D0, cid=876, SUCCESS, logIndex=1537, commits[85302df8-7a7f-4077-a053-c26dc3d3d65a:c1537]
2019-06-13 22:53:42,417 INFO  client.GrpcClientProtocolClient (GrpcClientProtocolClient.java:onNext(254)) - client-C82EA620EB9B->85302df8-7a7f-4077-a053-c26dc3d3d65a: receive RaftClientReply:client-C82EA620EB9B->85302df8-7a7f-4077-a053-c26dc3d3d65a@group-4701ABA8D7D0, cid=877, SUCCESS, logIndex=1540, commits[85302df8-7a7f-4077-a053-c26dc3d3d65a:c1540]
2019-06-13 22:53:42,420 INFO  client.GrpcClientProtocolClient (GrpcClientProtocolClient.java:onNext(254)) - client-C82EA620EB9B->85302df8-7a7f-4077-a053-c26dc3d3d65a: receive RaftClientReply:client-C82EA620EB9B->85302df8-7a7f-4077-a053-c26dc3d3d65a@group-4701ABA8D7D0, cid=878, SUCCESS, logIndex=1542, commits[85302df8-7a7f-4077-a053-c26dc3d3d65a:c1542]
2019-06-13 22:53:42,420 INFO  client.GrpcClientProtocolClient (GrpcClientProtocolClient.java:onNext(254)) - client-C82EA620EB9B->85302df8-7a7f-4077-a053-c26dc3d3d65a: receive RaftClientReply:client-C82EA620EB9B->85302df8-7a7f-4077-a053-c26dc3d3d65a@group-4701ABA8D7D0, cid=879, SUCCESS, logIndex=1543, commits[85302df8-7a7f-4077-a053-c26dc3d3d65a:c1543]
2019-06-13 22:53:42,422 INFO  client.GrpcClientProtocolClient (GrpcClientProtocolClient.java:onNext(254)) - client-C82EA620EB9B->85302df8-7a7f-4077-a053-c26dc3d3d65a: receive RaftClientReply:client-C82EA620EB9B->85302df8-7a7f-4077-a053-c26dc3d3d65a@group-4701ABA8D7D0, cid=880, SUCCESS, logIndex=1546, commits[85302df8-7a7f-4077-a053-c26dc3d3d65a:c1546]
2019-06-13 22:53:42,431 INFO  client.GrpcClientProtocolClient (GrpcClientProtocolClient.java:onNext(254)) - client-C82EA620EB9B->85302df8-7a7f-4077-a053-c26dc3d3d65a: receive RaftClientReply:client-C82EA620EB9B->85302df8-7a7f-4077-a053-c26dc3d3d65a@group-4701ABA8D7D0, cid=881, SUCCESS, logIndex=1548, commits[85302df8-7a7f-4077-a053-c26dc3d3d65a:c1548]
2019-06-13 22:53:42,434 INFO  client.GrpcClientProtocolClient (GrpcClientProtocolClient.java:onNext(254)) - client-C82EA620EB9B->85302df8-7a7f-4077-a053-c26dc3d3d65a: receive RaftClientReply:client-C82EA620EB9B->85302df8-7a7f-4077-a053-c26dc3d3d65a@group-4701ABA8D7D0, cid=882, SUCCESS, logIndex=1550, commits[85302df8-7a7f-4077-a053-c26dc3d3d65a:c1550]
2019-06-13 22:53:42,435 INFO  client.GrpcClientProtocolClient (GrpcClientProtocolClient.java:onNext(254)) - client-C82EA620EB9B->85302df8-7a7f-4077-a053-c26dc3d3d65a: receive RaftClientReply:client-C82EA620EB9B->85302df8-7a7f-4077-a053-c26dc3d3d65a@group-4701ABA8D7D0, cid=883, SUCCESS, logIndex=1551, commits[85302df8-7a7f-4077-a053-c26dc3d3d65a:c1553]
2019-06-13 22:53:42,435 INFO  client.GrpcClientProtocolClient (GrpcClientProtocolClient.java:onNext(254)) - client-C82EA620EB9B->85302df8-7a7f-4077-a053-c26dc3d3d65a: receive RaftClientReply:client-C82EA620EB9B->85302df8-7a7f-4077-a053-c26dc3d3d65a@group-4701ABA8D7D0, cid=884, SUCCESS, logIndex=1553, commits[85302df8-7a7f-4077-a053-c26dc3d3d65a:c1554]
2019-06-13 22:53:42,480 DEBUG block.SCMBlockDeletingService (SCMBlockDeletingService.java:call(138)) - Running DeletedBlockTransactionScanner
2019-06-13 22:53:42,480 DEBUG block.SCMBlockDeletingService (SCMBlockDeletingService.java:call(155)) - Scanned deleted blocks log and got 0 delTX to process.
2019-06-13 22:53:42,546 INFO  client.GrpcClientProtocolClient (GrpcClientProtocolClient.java:onNext(254)) - client-C82EA620EB9B->85302df8-7a7f-4077-a053-c26dc3d3d65a: receive RaftClientReply:client-C82EA620EB9B->85302df8-7a7f-4077-a053-c26dc3d3d65a@group-4701ABA8D7D0, cid=885, SUCCESS, logIndex=1555, commits[85302df8-7a7f-4077-a053-c26dc3d3d65a:c1555]
2019-06-13 22:53:42,549 INFO  client.GrpcClientProtocolClient (GrpcClientProtocolClient.java:onNext(254)) - client-C82EA620EB9B->85302df8-7a7f-4077-a053-c26dc3d3d65a: receive RaftClientReply:client-C82EA620EB9B->85302df8-7a7f-4077-a053-c26dc3d3d65a@group-4701ABA8D7D0, cid=886, SUCCESS, logIndex=1557, commits[85302df8-7a7f-4077-a053-c26dc3d3d65a:c1557]
2019-06-13 22:53:42,550 INFO  client.GrpcClientProtocolClient (GrpcClientProtocolClient.java:onNext(254)) - client-C82EA620EB9B->85302df8-7a7f-4077-a053-c26dc3d3d65a: receive RaftClientReply:client-C82EA620EB9B->85302df8-7a7f-4077-a053-c26dc3d3d65a@group-4701ABA8D7D0, cid=887, SUCCESS, logIndex=1558, commits[85302df8-7a7f-4077-a053-c26dc3d3d65a:c1559]
2019-06-13 22:53:42,550 INFO  client.GrpcClientProtocolClient (GrpcClientProtocolClient.java:onNext(254)) - client-C82EA620EB9B->85302df8-7a7f-4077-a053-c26dc3d3d65a: receive RaftClientReply:client-C82EA620EB9B->85302df8-7a7f-4077-a053-c26dc3d3d65a@group-4701ABA8D7D0, cid=888, SUCCESS, logIndex=1559, commits[85302df8-7a7f-4077-a053-c26dc3d3d65a:c1559]
2019-06-13 22:53:42,564 INFO  client.GrpcClientProtocolClient (GrpcClientProtocolClient.java:onNext(254)) - client-C82EA620EB9B->85302df8-7a7f-4077-a053-c26dc3d3d65a: receive RaftClientReply:client-C82EA620EB9B->85302df8-7a7f-4077-a053-c26dc3d3d65a@group-4701ABA8D7D0, cid=889, SUCCESS, logIndex=1562, commits[85302df8-7a7f-4077-a053-c26dc3d3d65a:c1562]
2019-06-13 22:53:42,568 INFO  client.GrpcClientProtocolClient (GrpcClientProtocolClient.java:onNext(254)) - client-C82EA620EB9B->85302df8-7a7f-4077-a053-c26dc3d3d65a: receive RaftClientReply:client-C82EA620EB9B->85302df8-7a7f-4077-a053-c26dc3d3d65a@group-4701ABA8D7D0, cid=890, SUCCESS, logIndex=1564, commits[85302df8-7a7f-4077-a053-c26dc3d3d65a:c1566]
2019-06-13 22:53:42,568 INFO  client.GrpcClientProtocolClient (GrpcClientProtocolClient.java:onNext(254)) - client-C82EA620EB9B->85302df8-7a7f-4077-a053-c26dc3d3d65a: receive RaftClientReply:client-C82EA620EB9B->85302df8-7a7f-4077-a053-c26dc3d3d65a@group-4701ABA8D7D0, cid=891, SUCCESS, logIndex=1565, commits[85302df8-7a7f-4077-a053-c26dc3d3d65a:c1566]
2019-06-13 22:53:42,569 INFO  client.GrpcClientProtocolClient (GrpcClientProtocolClient.java:onNext(254)) - client-C82EA620EB9B->85302df8-7a7f-4077-a053-c26dc3d3d65a: receive RaftClientReply:client-C82EA620EB9B->85302df8-7a7f-4077-a053-c26dc3d3d65a@group-4701ABA8D7D0, cid=892, SUCCESS, logIndex=1566, commits[85302df8-7a7f-4077-a053-c26dc3d3d65a:c1566]
2019-06-13 22:53:42,576 INFO  client.GrpcClientProtocolClient (GrpcClientProtocolClient.java:onNext(254)) - client-C82EA620EB9B->85302df8-7a7f-4077-a053-c26dc3d3d65a: receive RaftClientReply:client-C82EA620EB9B->85302df8-7a7f-4077-a053-c26dc3d3d65a@group-4701ABA8D7D0, cid=893, SUCCESS, logIndex=1568, commits[85302df8-7a7f-4077-a053-c26dc3d3d65a:c1568]
2019-06-13 22:53:42,581 DEBUG block.SCMBlockDeletingService (SCMBlockDeletingService.java:call(138)) - Running DeletedBlockTransactionScanner
2019-06-13 22:53:42,582 DEBUG block.SCMBlockDeletingService (SCMBlockDeletingService.java:call(155)) - Scanned deleted blocks log and got 0 delTX to process.
2019-06-13 22:53:42,582 INFO  client.GrpcClientProtocolClient (GrpcClientProtocolClient.java:onNext(254)) - client-C82EA620EB9B->85302df8-7a7f-4077-a053-c26dc3d3d65a: receive RaftClientReply:client-C82EA620EB9B->85302df8-7a7f-4077-a053-c26dc3d3d65a@group-4701ABA8D7D0, cid=894, SUCCESS, logIndex=1570, commits[85302df8-7a7f-4077-a053-c26dc3d3d65a:c1570]
2019-06-13 22:53:42,585 INFO  client.GrpcClientProtocolClient (GrpcClientProtocolClient.java:onNext(254)) - client-C82EA620EB9B->85302df8-7a7f-4077-a053-c26dc3d3d65a: receive RaftClientReply:client-C82EA620EB9B->85302df8-7a7f-4077-a053-c26dc3d3d65a@group-4701ABA8D7D0, cid=895, SUCCESS, logIndex=1571, commits[85302df8-7a7f-4077-a053-c26dc3d3d65a:c1573]
2019-06-13 22:53:42,585 INFO  client.GrpcClientProtocolClient (GrpcClientProtocolClient.java:onNext(254)) - client-C82EA620EB9B->85302df8-7a7f-4077-a053-c26dc3d3d65a: receive RaftClientReply:client-C82EA620EB9B->85302df8-7a7f-4077-a053-c26dc3d3d65a@group-4701ABA8D7D0, cid=896, SUCCESS, logIndex=1573, commits[85302df8-7a7f-4077-a053-c26dc3d3d65a:c1574]
2019-06-13 22:53:42,596 INFO  client.GrpcClientProtocolClient (GrpcClientProtocolClient.java:onNext(254)) - client-C82EA620EB9B->85302df8-7a7f-4077-a053-c26dc3d3d65a: receive RaftClientReply:client-C82EA620EB9B->85302df8-7a7f-4077-a053-c26dc3d3d65a@group-4701ABA8D7D0, cid=897, SUCCESS, logIndex=1575, commits[85302df8-7a7f-4077-a053-c26dc3d3d65a:c1575]
2019-06-13 22:53:42,596 INFO  storage.RaftLogWorker (RaftLogWorker.java:rollLogSegment(303)) - 85302df8-7a7f-4077-a053-c26dc3d3d65a-RaftLogWorker: Rolling segment log-1502_1577 to index:1577
2019-06-13 22:53:42,597 INFO  storage.RaftLogWorker (RaftLogWorker.java:execute(433)) - 85302df8-7a7f-4077-a053-c26dc3d3d65a-RaftLogWorker: Rolled log segment from /opt/src/hadoop-ozone/integration-test/target/test-dir/MiniOzoneClusterImpl-550f9ca0-a6d9-4a4a-902f-f07ac81eac7b/datanode-0/data/ratis/5ad10fc2-5a33-4bdd-8958-4701aba8d7d0/current/log_inprogress_1502 to /opt/src/hadoop-ozone/integration-test/target/test-dir/MiniOzoneClusterImpl-550f9ca0-a6d9-4a4a-902f-f07ac81eac7b/datanode-0/data/ratis/5ad10fc2-5a33-4bdd-8958-4701aba8d7d0/current/log_1502-1577
2019-06-13 22:53:42,598 INFO  client.GrpcClientProtocolClient (GrpcClientProtocolClient.java:onNext(254)) - client-C82EA620EB9B->85302df8-7a7f-4077-a053-c26dc3d3d65a: receive RaftClientReply:client-C82EA620EB9B->85302df8-7a7f-4077-a053-c26dc3d3d65a@group-4701ABA8D7D0, cid=898, SUCCESS, logIndex=1577, commits[85302df8-7a7f-4077-a053-c26dc3d3d65a:c1577]
2019-06-13 22:53:42,632 INFO  storage.RaftLogWorker (RaftLogWorker.java:execute(469)) - 85302df8-7a7f-4077-a053-c26dc3d3d65a-RaftLogWorker: created new log segment /opt/src/hadoop-ozone/integration-test/target/test-dir/MiniOzoneClusterImpl-550f9ca0-a6d9-4a4a-902f-f07ac81eac7b/datanode-0/data/ratis/5ad10fc2-5a33-4bdd-8958-4701aba8d7d0/current/log_inprogress_1578
2019-06-13 22:53:42,635 INFO  client.GrpcClientProtocolClient (GrpcClientProtocolClient.java:onNext(254)) - client-C82EA620EB9B->85302df8-7a7f-4077-a053-c26dc3d3d65a: receive RaftClientReply:client-C82EA620EB9B->85302df8-7a7f-4077-a053-c26dc3d3d65a@group-4701ABA8D7D0, cid=899, SUCCESS, logIndex=1578, commits[85302df8-7a7f-4077-a053-c26dc3d3d65a:c1580]
2019-06-13 22:53:42,635 INFO  client.GrpcClientProtocolClient (GrpcClientProtocolClient.java:onNext(254)) - client-C82EA620EB9B->85302df8-7a7f-4077-a053-c26dc3d3d65a: receive RaftClientReply:client-C82EA620EB9B->85302df8-7a7f-4077-a053-c26dc3d3d65a@group-4701ABA8D7D0, cid=900, SUCCESS, logIndex=1579, commits[85302df8-7a7f-4077-a053-c26dc3d3d65a:c1580]
2019-06-13 22:53:42,642 INFO  client.GrpcClientProtocolClient (GrpcClientProtocolClient.java:onNext(254)) - client-C82EA620EB9B->85302df8-7a7f-4077-a053-c26dc3d3d65a: receive RaftClientReply:client-C82EA620EB9B->85302df8-7a7f-4077-a053-c26dc3d3d65a@group-4701ABA8D7D0, cid=901, SUCCESS, logIndex=1581, commits[85302df8-7a7f-4077-a053-c26dc3d3d65a:c1581]
2019-06-13 22:53:42,643 INFO  client.GrpcClientProtocolClient (GrpcClientProtocolClient.java:onNext(254)) - client-C82EA620EB9B->85302df8-7a7f-4077-a053-c26dc3d3d65a: receive RaftClientReply:client-C82EA620EB9B->85302df8-7a7f-4077-a053-c26dc3d3d65a@group-4701ABA8D7D0, cid=902, SUCCESS, logIndex=1583, commits[85302df8-7a7f-4077-a053-c26dc3d3d65a:c1583]
2019-06-13 22:53:42,645 INFO  client.GrpcClientProtocolClient (GrpcClientProtocolClient.java:onNext(254)) - client-C82EA620EB9B->85302df8-7a7f-4077-a053-c26dc3d3d65a: receive RaftClientReply:client-C82EA620EB9B->85302df8-7a7f-4077-a053-c26dc3d3d65a@group-4701ABA8D7D0, cid=903, SUCCESS, logIndex=1584, commits[85302df8-7a7f-4077-a053-c26dc3d3d65a:c1586]
2019-06-13 22:53:42,645 INFO  client.GrpcClientProtocolClient (GrpcClientProtocolClient.java:onNext(254)) - client-C82EA620EB9B->85302df8-7a7f-4077-a053-c26dc3d3d65a: receive RaftClientReply:client-C82EA620EB9B->85302df8-7a7f-4077-a053-c26dc3d3d65a@group-4701ABA8D7D0, cid=904, SUCCESS, logIndex=1586, commits[85302df8-7a7f-4077-a053-c26dc3d3d65a:c1587]
2019-06-13 22:53:42,658 INFO  client.GrpcClientProtocolClient (GrpcClientProtocolClient.java:onNext(254)) - client-C82EA620EB9B->85302df8-7a7f-4077-a053-c26dc3d3d65a: receive RaftClientReply:client-C82EA620EB9B->85302df8-7a7f-4077-a053-c26dc3d3d65a@group-4701ABA8D7D0, cid=905, SUCCESS, logIndex=1588, commits[85302df8-7a7f-4077-a053-c26dc3d3d65a:c1588]
2019-06-13 22:53:42,659 INFO  client.GrpcClientProtocolClient (GrpcClientProtocolClient.java:onNext(254)) - client-C82EA620EB9B->85302df8-7a7f-4077-a053-c26dc3d3d65a: receive RaftClientReply:client-C82EA620EB9B->85302df8-7a7f-4077-a053-c26dc3d3d65a@group-4701ABA8D7D0, cid=906, SUCCESS, logIndex=1590, commits[85302df8-7a7f-4077-a053-c26dc3d3d65a:c1590]
2019-06-13 22:53:42,661 INFO  client.GrpcClientProtocolClient (GrpcClientProtocolClient.java:onNext(254)) - client-C82EA620EB9B->85302df8-7a7f-4077-a053-c26dc3d3d65a: receive RaftClientReply:client-C82EA620EB9B->85302df8-7a7f-4077-a053-c26dc3d3d65a@group-4701ABA8D7D0, cid=907, SUCCESS, logIndex=1591, commits[85302df8-7a7f-4077-a053-c26dc3d3d65a:c1593]
2019-06-13 22:53:42,662 INFO  client.GrpcClientProtocolClient (GrpcClientProtocolClient.java:onNext(254)) - client-C82EA620EB9B->85302df8-7a7f-4077-a053-c26dc3d3d65a: receive RaftClientReply:client-C82EA620EB9B->85302df8-7a7f-4077-a053-c26dc3d3d65a@group-4701ABA8D7D0, cid=908, SUCCESS, logIndex=1593, commits[85302df8-7a7f-4077-a053-c26dc3d3d65a:c1593]
2019-06-13 22:53:42,668 INFO  client.GrpcClientProtocolClient (GrpcClientProtocolClient.java:onNext(254)) - client-C82EA620EB9B->85302df8-7a7f-4077-a053-c26dc3d3d65a: receive RaftClientReply:client-C82EA620EB9B->85302df8-7a7f-4077-a053-c26dc3d3d65a@group-4701ABA8D7D0, cid=909, SUCCESS, logIndex=1595, commits[85302df8-7a7f-4077-a053-c26dc3d3d65a:c1595]
2019-06-13 22:53:42,670 INFO  client.GrpcClientProtocolClient (GrpcClientProtocolClient.java:onNext(254)) - client-C82EA620EB9B->85302df8-7a7f-4077-a053-c26dc3d3d65a: receive RaftClientReply:client-C82EA620EB9B->85302df8-7a7f-4077-a053-c26dc3d3d65a@group-4701ABA8D7D0, cid=910, SUCCESS, logIndex=1597, commits[85302df8-7a7f-4077-a053-c26dc3d3d65a:c1597]
2019-06-13 22:53:42,671 INFO  client.GrpcClientProtocolClient (GrpcClientProtocolClient.java:onNext(254)) - client-C82EA620EB9B->85302df8-7a7f-4077-a053-c26dc3d3d65a: receive RaftClientReply:client-C82EA620EB9B->85302df8-7a7f-4077-a053-c26dc3d3d65a@group-4701ABA8D7D0, cid=911, SUCCESS, logIndex=1598, commits[85302df8-7a7f-4077-a053-c26dc3d3d65a:c1600]
2019-06-13 22:53:42,672 INFO  client.GrpcClientProtocolClient (GrpcClientProtocolClient.java:onNext(254)) - client-C82EA620EB9B->85302df8-7a7f-4077-a053-c26dc3d3d65a: receive RaftClientReply:client-C82EA620EB9B->85302df8-7a7f-4077-a053-c26dc3d3d65a@group-4701ABA8D7D0, cid=912, SUCCESS, logIndex=1599, commits[85302df8-7a7f-4077-a053-c26dc3d3d65a:c1600]
2019-06-13 22:53:42,682 DEBUG block.SCMBlockDeletingService (SCMBlockDeletingService.java:call(138)) - Running DeletedBlockTransactionScanner
2019-06-13 22:53:42,682 DEBUG block.SCMBlockDeletingService (SCMBlockDeletingService.java:call(155)) - Scanned deleted blocks log and got 0 delTX to process.
2019-06-13 22:53:42,683 INFO  client.GrpcClientProtocolClient (GrpcClientProtocolClient.java:onNext(254)) - client-C82EA620EB9B->85302df8-7a7f-4077-a053-c26dc3d3d65a: receive RaftClientReply:client-C82EA620EB9B->85302df8-7a7f-4077-a053-c26dc3d3d65a@group-4701ABA8D7D0, cid=913, SUCCESS, logIndex=1601, commits[85302df8-7a7f-4077-a053-c26dc3d3d65a:c1601]
2019-06-13 22:53:42,686 INFO  client.GrpcClientProtocolClient (GrpcClientProtocolClient.java:onNext(254)) - client-C82EA620EB9B->85302df8-7a7f-4077-a053-c26dc3d3d65a: receive RaftClientReply:client-C82EA620EB9B->85302df8-7a7f-4077-a053-c26dc3d3d65a@group-4701ABA8D7D0, cid=914, SUCCESS, logIndex=1603, commits[85302df8-7a7f-4077-a053-c26dc3d3d65a:c1603]
2019-06-13 22:53:42,686 INFO  client.GrpcClientProtocolClient (GrpcClientProtocolClient.java:onNext(254)) - client-C82EA620EB9B->85302df8-7a7f-4077-a053-c26dc3d3d65a: receive RaftClientReply:client-C82EA620EB9B->85302df8-7a7f-4077-a053-c26dc3d3d65a@group-4701ABA8D7D0, cid=915, SUCCESS, logIndex=1604, commits[85302df8-7a7f-4077-a053-c26dc3d3d65a:c1606]
2019-06-13 22:53:42,687 INFO  client.GrpcClientProtocolClient (GrpcClientProtocolClient.java:onNext(254)) - client-C82EA620EB9B->85302df8-7a7f-4077-a053-c26dc3d3d65a: receive RaftClientReply:client-C82EA620EB9B->85302df8-7a7f-4077-a053-c26dc3d3d65a@group-4701ABA8D7D0, cid=916, SUCCESS, logIndex=1606, commits[85302df8-7a7f-4077-a053-c26dc3d3d65a:c1606]
2019-06-13 22:53:42,694 INFO  client.GrpcClientProtocolClient (GrpcClientProtocolClient.java:onNext(254)) - client-C82EA620EB9B->85302df8-7a7f-4077-a053-c26dc3d3d65a: receive RaftClientReply:client-C82EA620EB9B->85302df8-7a7f-4077-a053-c26dc3d3d65a@group-4701ABA8D7D0, cid=917, SUCCESS, logIndex=1608, commits[85302df8-7a7f-4077-a053-c26dc3d3d65a:c1608]
2019-06-13 22:53:42,696 INFO  client.GrpcClientProtocolClient (GrpcClientProtocolClient.java:onNext(254)) - client-C82EA620EB9B->85302df8-7a7f-4077-a053-c26dc3d3d65a: receive RaftClientReply:client-C82EA620EB9B->85302df8-7a7f-4077-a053-c26dc3d3d65a@group-4701ABA8D7D0, cid=918, SUCCESS, logIndex=1610, commits[85302df8-7a7f-4077-a053-c26dc3d3d65a:c1610]
2019-06-13 22:53:42,697 INFO  client.GrpcClientProtocolClient (GrpcClientProtocolClient.java:onNext(254)) - client-C82EA620EB9B->85302df8-7a7f-4077-a053-c26dc3d3d65a: receive RaftClientReply:client-C82EA620EB9B->85302df8-7a7f-4077-a053-c26dc3d3d65a@group-4701ABA8D7D0, cid=919, SUCCESS, logIndex=1611, commits[85302df8-7a7f-4077-a053-c26dc3d3d65a:c1613]
2019-06-13 22:53:42,697 INFO  client.GrpcClientProtocolClient (GrpcClientProtocolClient.java:onNext(254)) - client-C82EA620EB9B->85302df8-7a7f-4077-a053-c26dc3d3d65a: receive RaftClientReply:client-C82EA620EB9B->85302df8-7a7f-4077-a053-c26dc3d3d65a@group-4701ABA8D7D0, cid=920, SUCCESS, logIndex=1612, commits[85302df8-7a7f-4077-a053-c26dc3d3d65a:c1613]
2019-06-13 22:53:42,708 INFO  client.GrpcClientProtocolClient (GrpcClientProtocolClient.java:onNext(254)) - client-C82EA620EB9B->85302df8-7a7f-4077-a053-c26dc3d3d65a: receive RaftClientReply:client-C82EA620EB9B->85302df8-7a7f-4077-a053-c26dc3d3d65a@group-4701ABA8D7D0, cid=921, SUCCESS, logIndex=1614, commits[85302df8-7a7f-4077-a053-c26dc3d3d65a:c1614]
2019-06-13 22:53:42,712 INFO  client.GrpcClientProtocolClient (GrpcClientProtocolClient.java:onNext(254)) - client-C82EA620EB9B->85302df8-7a7f-4077-a053-c26dc3d3d65a: receive RaftClientReply:client-C82EA620EB9B->85302df8-7a7f-4077-a053-c26dc3d3d65a@group-4701ABA8D7D0, cid=922, SUCCESS, logIndex=1616, commits[85302df8-7a7f-4077-a053-c26dc3d3d65a:c1618]
2019-06-13 22:53:42,712 INFO  client.GrpcClientProtocolClient (GrpcClientProtocolClient.java:onNext(254)) - client-C82EA620EB9B->85302df8-7a7f-4077-a053-c26dc3d3d65a: receive RaftClientReply:client-C82EA620EB9B->85302df8-7a7f-4077-a053-c26dc3d3d65a@group-4701ABA8D7D0, cid=923, SUCCESS, logIndex=1617, commits[85302df8-7a7f-4077-a053-c26dc3d3d65a:c1618]
2019-06-13 22:53:42,713 INFO  client.GrpcClientProtocolClient (GrpcClientProtocolClient.java:onNext(254)) - client-C82EA620EB9B->85302df8-7a7f-4077-a053-c26dc3d3d65a: receive RaftClientReply:client-C82EA620EB9B->85302df8-7a7f-4077-a053-c26dc3d3d65a@group-4701ABA8D7D0, cid=924, SUCCESS, logIndex=1618, commits[85302df8-7a7f-4077-a053-c26dc3d3d65a:c1618]
2019-06-13 22:53:42,721 INFO  client.GrpcClientProtocolClient (GrpcClientProtocolClient.java:onNext(254)) - client-C82EA620EB9B->85302df8-7a7f-4077-a053-c26dc3d3d65a: receive RaftClientReply:client-C82EA620EB9B->85302df8-7a7f-4077-a053-c26dc3d3d65a@group-4701ABA8D7D0, cid=925, SUCCESS, logIndex=1620, commits[85302df8-7a7f-4077-a053-c26dc3d3d65a:c1620]
2019-06-13 22:53:42,722 INFO  client.GrpcClientProtocolClient (GrpcClientProtocolClient.java:onNext(254)) - client-C82EA620EB9B->85302df8-7a7f-4077-a053-c26dc3d3d65a: receive RaftClientReply:client-C82EA620EB9B->85302df8-7a7f-4077-a053-c26dc3d3d65a@group-4701ABA8D7D0, cid=926, SUCCESS, logIndex=1622, commits[85302df8-7a7f-4077-a053-c26dc3d3d65a:c1622]
2019-06-13 22:53:42,724 INFO  client.GrpcClientProtocolClient (GrpcClientProtocolClient.java:onNext(254)) - client-C82EA620EB9B->85302df8-7a7f-4077-a053-c26dc3d3d65a: receive RaftClientReply:client-C82EA620EB9B->85302df8-7a7f-4077-a053-c26dc3d3d65a@group-4701ABA8D7D0, cid=927, SUCCESS, logIndex=1624, commits[85302df8-7a7f-4077-a053-c26dc3d3d65a:c1625]
2019-06-13 22:53:42,725 INFO  client.GrpcClientProtocolClient (GrpcClientProtocolClient.java:onNext(254)) - client-C82EA620EB9B->85302df8-7a7f-4077-a053-c26dc3d3d65a: receive RaftClientReply:client-C82EA620EB9B->85302df8-7a7f-4077-a053-c26dc3d3d65a@group-4701ABA8D7D0, cid=928, SUCCESS, logIndex=1625, commits[85302df8-7a7f-4077-a053-c26dc3d3d65a:c1626]
2019-06-13 22:53:42,783 DEBUG block.SCMBlockDeletingService (SCMBlockDeletingService.java:call(138)) - Running DeletedBlockTransactionScanner
2019-06-13 22:53:42,783 DEBUG block.SCMBlockDeletingService (SCMBlockDeletingService.java:call(155)) - Scanned deleted blocks log and got 0 delTX to process.
2019-06-13 22:53:42,803 INFO  client.GrpcClientProtocolClient (GrpcClientProtocolClient.java:onNext(254)) - client-C82EA620EB9B->85302df8-7a7f-4077-a053-c26dc3d3d65a: receive RaftClientReply:client-C82EA620EB9B->85302df8-7a7f-4077-a053-c26dc3d3d65a@group-4701ABA8D7D0, cid=929, SUCCESS, logIndex=1627, commits[85302df8-7a7f-4077-a053-c26dc3d3d65a:c1627]
2019-06-13 22:53:42,805 INFO  client.GrpcClientProtocolClient (GrpcClientProtocolClient.java:onNext(254)) - client-C82EA620EB9B->85302df8-7a7f-4077-a053-c26dc3d3d65a: receive RaftClientReply:client-C82EA620EB9B->85302df8-7a7f-4077-a053-c26dc3d3d65a@group-4701ABA8D7D0, cid=930, SUCCESS, logIndex=1629, commits[85302df8-7a7f-4077-a053-c26dc3d3d65a:c1629]
2019-06-13 22:53:42,806 INFO  client.GrpcClientProtocolClient (GrpcClientProtocolClient.java:onNext(254)) - client-C82EA620EB9B->85302df8-7a7f-4077-a053-c26dc3d3d65a: receive RaftClientReply:client-C82EA620EB9B->85302df8-7a7f-4077-a053-c26dc3d3d65a@group-4701ABA8D7D0, cid=931, SUCCESS, logIndex=1630, commits[85302df8-7a7f-4077-a053-c26dc3d3d65a:c1632]
2019-06-13 22:53:42,807 INFO  client.GrpcClientProtocolClient (GrpcClientProtocolClient.java:onNext(254)) - client-C82EA620EB9B->85302df8-7a7f-4077-a053-c26dc3d3d65a: receive RaftClientReply:client-C82EA620EB9B->85302df8-7a7f-4077-a053-c26dc3d3d65a@group-4701ABA8D7D0, cid=932, SUCCESS, logIndex=1631, commits[85302df8-7a7f-4077-a053-c26dc3d3d65a:c1632]
2019-06-13 22:53:42,813 INFO  client.GrpcClientProtocolClient (GrpcClientProtocolClient.java:onNext(254)) - client-C82EA620EB9B->85302df8-7a7f-4077-a053-c26dc3d3d65a: receive RaftClientReply:client-C82EA620EB9B->85302df8-7a7f-4077-a053-c26dc3d3d65a@group-4701ABA8D7D0, cid=933, SUCCESS, logIndex=1633, commits[85302df8-7a7f-4077-a053-c26dc3d3d65a:c1633]
2019-06-13 22:53:42,815 INFO  client.GrpcClientProtocolClient (GrpcClientProtocolClient.java:onNext(254)) - client-C82EA620EB9B->85302df8-7a7f-4077-a053-c26dc3d3d65a: receive RaftClientReply:client-C82EA620EB9B->85302df8-7a7f-4077-a053-c26dc3d3d65a@group-4701ABA8D7D0, cid=934, SUCCESS, logIndex=1635, commits[85302df8-7a7f-4077-a053-c26dc3d3d65a:c1635]
2019-06-13 22:53:42,821 INFO  client.GrpcClientProtocolClient (GrpcClientProtocolClient.java:onNext(254)) - client-C82EA620EB9B->85302df8-7a7f-4077-a053-c26dc3d3d65a: receive RaftClientReply:client-C82EA620EB9B->85302df8-7a7f-4077-a053-c26dc3d3d65a@group-4701ABA8D7D0, cid=935, SUCCESS, logIndex=1636, commits[85302df8-7a7f-4077-a053-c26dc3d3d65a:c1637]
2019-06-13 22:53:42,822 INFO  client.GrpcClientProtocolClient (GrpcClientProtocolClient.java:onNext(254)) - client-C82EA620EB9B->85302df8-7a7f-4077-a053-c26dc3d3d65a: receive RaftClientReply:client-C82EA620EB9B->85302df8-7a7f-4077-a053-c26dc3d3d65a@group-4701ABA8D7D0, cid=936, SUCCESS, logIndex=1637, commits[85302df8-7a7f-4077-a053-c26dc3d3d65a:c1638]
2019-06-13 22:53:42,831 INFO  client.GrpcClientProtocolClient (GrpcClientProtocolClient.java:onNext(254)) - client-C82EA620EB9B->85302df8-7a7f-4077-a053-c26dc3d3d65a: receive RaftClientReply:client-C82EA620EB9B->85302df8-7a7f-4077-a053-c26dc3d3d65a@group-4701ABA8D7D0, cid=937, SUCCESS, logIndex=1640, commits[85302df8-7a7f-4077-a053-c26dc3d3d65a:c1640]
2019-06-13 22:53:42,834 INFO  client.GrpcClientProtocolClient (GrpcClientProtocolClient.java:onNext(254)) - client-C82EA620EB9B->85302df8-7a7f-4077-a053-c26dc3d3d65a: receive RaftClientReply:client-C82EA620EB9B->85302df8-7a7f-4077-a053-c26dc3d3d65a@group-4701ABA8D7D0, cid=938, SUCCESS, logIndex=1642, commits[85302df8-7a7f-4077-a053-c26dc3d3d65a:c1642]
2019-06-13 22:53:42,835 INFO  client.GrpcClientProtocolClient (GrpcClientProtocolClient.java:onNext(254)) - client-C82EA620EB9B->85302df8-7a7f-4077-a053-c26dc3d3d65a: receive RaftClientReply:client-C82EA620EB9B->85302df8-7a7f-4077-a053-c26dc3d3d65a@group-4701ABA8D7D0, cid=939, SUCCESS, logIndex=1643, commits[85302df8-7a7f-4077-a053-c26dc3d3d65a:c1645]
2019-06-13 22:53:42,836 INFO  client.GrpcClientProtocolClient (GrpcClientProtocolClient.java:onNext(254)) - client-C82EA620EB9B->85302df8-7a7f-4077-a053-c26dc3d3d65a: receive RaftClientReply:client-C82EA620EB9B->85302df8-7a7f-4077-a053-c26dc3d3d65a@group-4701ABA8D7D0, cid=940, SUCCESS, logIndex=1644, commits[85302df8-7a7f-4077-a053-c26dc3d3d65a:c1645]
2019-06-13 22:53:42,842 INFO  client.GrpcClientProtocolClient (GrpcClientProtocolClient.java:onNext(254)) - client-C82EA620EB9B->85302df8-7a7f-4077-a053-c26dc3d3d65a: receive RaftClientReply:client-C82EA620EB9B->85302df8-7a7f-4077-a053-c26dc3d3d65a@group-4701ABA8D7D0, cid=941, SUCCESS, logIndex=1646, commits[85302df8-7a7f-4077-a053-c26dc3d3d65a:c1646]
2019-06-13 22:53:42,843 INFO  storage.RaftLogWorker (RaftLogWorker.java:rollLogSegment(303)) - 85302df8-7a7f-4077-a053-c26dc3d3d65a-RaftLogWorker: Rolling segment log-1578_1647 to index:1647
2019-06-13 22:53:42,843 INFO  storage.RaftLogWorker (RaftLogWorker.java:execute(433)) - 85302df8-7a7f-4077-a053-c26dc3d3d65a-RaftLogWorker: Rolled log segment from /opt/src/hadoop-ozone/integration-test/target/test-dir/MiniOzoneClusterImpl-550f9ca0-a6d9-4a4a-902f-f07ac81eac7b/datanode-0/data/ratis/5ad10fc2-5a33-4bdd-8958-4701aba8d7d0/current/log_inprogress_1578 to /opt/src/hadoop-ozone/integration-test/target/test-dir/MiniOzoneClusterImpl-550f9ca0-a6d9-4a4a-902f-f07ac81eac7b/datanode-0/data/ratis/5ad10fc2-5a33-4bdd-8958-4701aba8d7d0/current/log_1578-1647
2019-06-13 22:53:42,882 INFO  storage.RaftLogWorker (RaftLogWorker.java:execute(469)) - 85302df8-7a7f-4077-a053-c26dc3d3d65a-RaftLogWorker: created new log segment /opt/src/hadoop-ozone/integration-test/target/test-dir/MiniOzoneClusterImpl-550f9ca0-a6d9-4a4a-902f-f07ac81eac7b/datanode-0/data/ratis/5ad10fc2-5a33-4bdd-8958-4701aba8d7d0/current/log_inprogress_1648
2019-06-13 22:53:42,883 DEBUG block.SCMBlockDeletingService (SCMBlockDeletingService.java:call(138)) - Running DeletedBlockTransactionScanner
2019-06-13 22:53:42,884 DEBUG block.SCMBlockDeletingService (SCMBlockDeletingService.java:call(155)) - Scanned deleted blocks log and got 0 delTX to process.
2019-06-13 22:53:42,885 INFO  client.GrpcClientProtocolClient (GrpcClientProtocolClient.java:onNext(254)) - client-C82EA620EB9B->85302df8-7a7f-4077-a053-c26dc3d3d65a: receive RaftClientReply:client-C82EA620EB9B->85302df8-7a7f-4077-a053-c26dc3d3d65a@group-4701ABA8D7D0, cid=942, SUCCESS, logIndex=1648, commits[85302df8-7a7f-4077-a053-c26dc3d3d65a:c1650]
2019-06-13 22:53:42,886 INFO  client.GrpcClientProtocolClient (GrpcClientProtocolClient.java:onNext(254)) - client-C82EA620EB9B->85302df8-7a7f-4077-a053-c26dc3d3d65a: receive RaftClientReply:client-C82EA620EB9B->85302df8-7a7f-4077-a053-c26dc3d3d65a@group-4701ABA8D7D0, cid=943, SUCCESS, logIndex=1649, commits[85302df8-7a7f-4077-a053-c26dc3d3d65a:c1650]
2019-06-13 22:53:42,887 INFO  client.GrpcClientProtocolClient (GrpcClientProtocolClient.java:onNext(254)) - client-C82EA620EB9B->85302df8-7a7f-4077-a053-c26dc3d3d65a: receive RaftClientReply:client-C82EA620EB9B->85302df8-7a7f-4077-a053-c26dc3d3d65a@group-4701ABA8D7D0, cid=944, SUCCESS, logIndex=1651, commits[85302df8-7a7f-4077-a053-c26dc3d3d65a:c1651]
2019-06-13 22:53:42,897 INFO  client.GrpcClientProtocolClient (GrpcClientProtocolClient.java:onNext(254)) - client-C82EA620EB9B->85302df8-7a7f-4077-a053-c26dc3d3d65a: receive RaftClientReply:client-C82EA620EB9B->85302df8-7a7f-4077-a053-c26dc3d3d65a@group-4701ABA8D7D0, cid=945, SUCCESS, logIndex=1653, commits[85302df8-7a7f-4077-a053-c26dc3d3d65a:c1653]
2019-06-13 22:53:42,899 INFO  client.GrpcClientProtocolClient (GrpcClientProtocolClient.java:onNext(254)) - client-C82EA620EB9B->85302df8-7a7f-4077-a053-c26dc3d3d65a: receive RaftClientReply:client-C82EA620EB9B->85302df8-7a7f-4077-a053-c26dc3d3d65a@group-4701ABA8D7D0, cid=946, SUCCESS, logIndex=1655, commits[85302df8-7a7f-4077-a053-c26dc3d3d65a:c1655]
2019-06-13 22:53:42,900 INFO  client.GrpcClientProtocolClient (GrpcClientProtocolClient.java:onNext(254)) - client-C82EA620EB9B->85302df8-7a7f-4077-a053-c26dc3d3d65a: receive RaftClientReply:client-C82EA620EB9B->85302df8-7a7f-4077-a053-c26dc3d3d65a@group-4701ABA8D7D0, cid=947, SUCCESS, logIndex=1656, commits[85302df8-7a7f-4077-a053-c26dc3d3d65a:c1657]
2019-06-13 22:53:42,900 INFO  client.GrpcClientProtocolClient (GrpcClientProtocolClient.java:onNext(254)) - client-C82EA620EB9B->85302df8-7a7f-4077-a053-c26dc3d3d65a: receive RaftClientReply:client-C82EA620EB9B->85302df8-7a7f-4077-a053-c26dc3d3d65a@group-4701ABA8D7D0, cid=948, SUCCESS, logIndex=1657, commits[85302df8-7a7f-4077-a053-c26dc3d3d65a:c1657]
2019-06-13 22:53:42,907 INFO  client.GrpcClientProtocolClient (GrpcClientProtocolClient.java:onNext(254)) - client-C82EA620EB9B->85302df8-7a7f-4077-a053-c26dc3d3d65a: receive RaftClientReply:client-C82EA620EB9B->85302df8-7a7f-4077-a053-c26dc3d3d65a@group-4701ABA8D7D0, cid=949, SUCCESS, logIndex=1660, commits[85302df8-7a7f-4077-a053-c26dc3d3d65a:c1660]
2019-06-13 22:53:42,909 INFO  client.GrpcClientProtocolClient (GrpcClientProtocolClient.java:onNext(254)) - client-C82EA620EB9B->85302df8-7a7f-4077-a053-c26dc3d3d65a: receive RaftClientReply:client-C82EA620EB9B->85302df8-7a7f-4077-a053-c26dc3d3d65a@group-4701ABA8D7D0, cid=950, SUCCESS, logIndex=1662, commits[85302df8-7a7f-4077-a053-c26dc3d3d65a:c1662]
2019-06-13 22:53:42,910 INFO  client.GrpcClientProtocolClient (GrpcClientProtocolClient.java:onNext(254)) - client-C82EA620EB9B->85302df8-7a7f-4077-a053-c26dc3d3d65a: receive RaftClientReply:client-C82EA620EB9B->85302df8-7a7f-4077-a053-c26dc3d3d65a@group-4701ABA8D7D0, cid=951, SUCCESS, logIndex=1663, commits[85302df8-7a7f-4077-a053-c26dc3d3d65a:c1664]
2019-06-13 22:53:42,910 INFO  client.GrpcClientProtocolClient (GrpcClientProtocolClient.java:onNext(254)) - client-C82EA620EB9B->85302df8-7a7f-4077-a053-c26dc3d3d65a: receive RaftClientReply:client-C82EA620EB9B->85302df8-7a7f-4077-a053-c26dc3d3d65a@group-4701ABA8D7D0, cid=952, SUCCESS, logIndex=1664, commits[85302df8-7a7f-4077-a053-c26dc3d3d65a:c1665]
2019-06-13 22:53:42,920 INFO  client.GrpcClientProtocolClient (GrpcClientProtocolClient.java:onNext(254)) - client-C82EA620EB9B->85302df8-7a7f-4077-a053-c26dc3d3d65a: receive RaftClientReply:client-C82EA620EB9B->85302df8-7a7f-4077-a053-c26dc3d3d65a@group-4701ABA8D7D0, cid=953, SUCCESS, logIndex=1667, commits[85302df8-7a7f-4077-a053-c26dc3d3d65a:c1667]
2019-06-13 22:53:42,923 INFO  client.GrpcClientProtocolClient (GrpcClientProtocolClient.java:onNext(254)) - client-C82EA620EB9B->85302df8-7a7f-4077-a053-c26dc3d3d65a: receive RaftClientReply:client-C82EA620EB9B->85302df8-7a7f-4077-a053-c26dc3d3d65a@group-4701ABA8D7D0, cid=954, SUCCESS, logIndex=1669, commits[85302df8-7a7f-4077-a053-c26dc3d3d65a:c1669]
2019-06-13 22:53:42,923 INFO  client.GrpcClientProtocolClient (GrpcClientProtocolClient.java:onNext(254)) - client-C82EA620EB9B->85302df8-7a7f-4077-a053-c26dc3d3d65a: receive RaftClientReply:client-C82EA620EB9B->85302df8-7a7f-4077-a053-c26dc3d3d65a@group-4701ABA8D7D0, cid=955, SUCCESS, logIndex=1670, commits[85302df8-7a7f-4077-a053-c26dc3d3d65a:c1672]
2019-06-13 22:53:42,924 INFO  client.GrpcClientProtocolClient (GrpcClientProtocolClient.java:onNext(254)) - client-C82EA620EB9B->85302df8-7a7f-4077-a053-c26dc3d3d65a: receive RaftClientReply:client-C82EA620EB9B->85302df8-7a7f-4077-a053-c26dc3d3d65a@group-4701ABA8D7D0, cid=956, SUCCESS, logIndex=1672, commits[85302df8-7a7f-4077-a053-c26dc3d3d65a:c1672]
2019-06-13 22:53:42,938 INFO  client.GrpcClientProtocolClient (GrpcClientProtocolClient.java:onNext(254)) - client-C82EA620EB9B->85302df8-7a7f-4077-a053-c26dc3d3d65a: receive RaftClientReply:client-C82EA620EB9B->85302df8-7a7f-4077-a053-c26dc3d3d65a@group-4701ABA8D7D0, cid=957, SUCCESS, logIndex=1674, commits[85302df8-7a7f-4077-a053-c26dc3d3d65a:c1675]
2019-06-13 22:53:42,940 INFO  client.GrpcClientProtocolClient (GrpcClientProtocolClient.java:onNext(254)) - client-C82EA620EB9B->85302df8-7a7f-4077-a053-c26dc3d3d65a: receive RaftClientReply:client-C82EA620EB9B->85302df8-7a7f-4077-a053-c26dc3d3d65a@group-4701ABA8D7D0, cid=958, SUCCESS, logIndex=1676, commits[85302df8-7a7f-4077-a053-c26dc3d3d65a:c1676]
2019-06-13 22:53:42,942 INFO  client.GrpcClientProtocolClient (GrpcClientProtocolClient.java:onNext(254)) - client-C82EA620EB9B->85302df8-7a7f-4077-a053-c26dc3d3d65a: receive RaftClientReply:client-C82EA620EB9B->85302df8-7a7f-4077-a053-c26dc3d3d65a@group-4701ABA8D7D0, cid=959, SUCCESS, logIndex=1677, commits[85302df8-7a7f-4077-a053-c26dc3d3d65a:c1679]
2019-06-13 22:53:42,942 INFO  client.GrpcClientProtocolClient (GrpcClientProtocolClient.java:onNext(254)) - client-C82EA620EB9B->85302df8-7a7f-4077-a053-c26dc3d3d65a: receive RaftClientReply:client-C82EA620EB9B->85302df8-7a7f-4077-a053-c26dc3d3d65a@group-4701ABA8D7D0, cid=960, SUCCESS, logIndex=1678, commits[85302df8-7a7f-4077-a053-c26dc3d3d65a:c1679]
2019-06-13 22:53:42,954 INFO  client.GrpcClientProtocolClient (GrpcClientProtocolClient.java:onNext(254)) - client-C82EA620EB9B->85302df8-7a7f-4077-a053-c26dc3d3d65a: receive RaftClientReply:client-C82EA620EB9B->85302df8-7a7f-4077-a053-c26dc3d3d65a@group-4701ABA8D7D0, cid=961, SUCCESS, logIndex=1680, commits[85302df8-7a7f-4077-a053-c26dc3d3d65a:c1680]
2019-06-13 22:53:42,956 INFO  client.GrpcClientProtocolClient (GrpcClientProtocolClient.java:onNext(254)) - client-C82EA620EB9B->85302df8-7a7f-4077-a053-c26dc3d3d65a: receive RaftClientReply:client-C82EA620EB9B->85302df8-7a7f-4077-a053-c26dc3d3d65a@group-4701ABA8D7D0, cid=962, SUCCESS, logIndex=1682, commits[85302df8-7a7f-4077-a053-c26dc3d3d65a:c1682]
2019-06-13 22:53:42,957 INFO  client.GrpcClientProtocolClient (GrpcClientProtocolClient.java:onNext(254)) - client-C82EA620EB9B->85302df8-7a7f-4077-a053-c26dc3d3d65a: receive RaftClientReply:client-C82EA620EB9B->85302df8-7a7f-4077-a053-c26dc3d3d65a@group-4701ABA8D7D0, cid=963, SUCCESS, logIndex=1683, commits[85302df8-7a7f-4077-a053-c26dc3d3d65a:c1685]
2019-06-13 22:53:42,958 INFO  client.GrpcClientProtocolClient (GrpcClientProtocolClient.java:onNext(254)) - client-C82EA620EB9B->85302df8-7a7f-4077-a053-c26dc3d3d65a: receive RaftClientReply:client-C82EA620EB9B->85302df8-7a7f-4077-a053-c26dc3d3d65a@group-4701ABA8D7D0, cid=964, SUCCESS, logIndex=1684, commits[85302df8-7a7f-4077-a053-c26dc3d3d65a:c1685]
2019-06-13 22:53:43,221 DEBUG block.SCMBlockDeletingService (SCMBlockDeletingService.java:call(138)) - Running DeletedBlockTransactionScanner
2019-06-13 22:53:43,221 DEBUG block.SCMBlockDeletingService (SCMBlockDeletingService.java:call(155)) - Scanned deleted blocks log and got 0 delTX to process.
2019-06-13 22:53:43,229 INFO  client.GrpcClientProtocolClient (GrpcClientProtocolClient.java:onNext(254)) - client-C82EA620EB9B->85302df8-7a7f-4077-a053-c26dc3d3d65a: receive RaftClientReply:client-C82EA620EB9B->85302df8-7a7f-4077-a053-c26dc3d3d65a@group-4701ABA8D7D0, cid=965, SUCCESS, logIndex=1686, commits[85302df8-7a7f-4077-a053-c26dc3d3d65a:c1686]
2019-06-13 22:53:43,232 INFO  client.GrpcClientProtocolClient (GrpcClientProtocolClient.java:onNext(254)) - client-C82EA620EB9B->85302df8-7a7f-4077-a053-c26dc3d3d65a: receive RaftClientReply:client-C82EA620EB9B->85302df8-7a7f-4077-a053-c26dc3d3d65a@group-4701ABA8D7D0, cid=966, SUCCESS, logIndex=1688, commits[85302df8-7a7f-4077-a053-c26dc3d3d65a:c1688]
2019-06-13 22:53:43,232 INFO  client.GrpcClientProtocolClient (GrpcClientProtocolClient.java:onNext(254)) - client-C82EA620EB9B->85302df8-7a7f-4077-a053-c26dc3d3d65a: receive RaftClientReply:client-C82EA620EB9B->85302df8-7a7f-4077-a053-c26dc3d3d65a@group-4701ABA8D7D0, cid=967, SUCCESS, logIndex=1689, commits[85302df8-7a7f-4077-a053-c26dc3d3d65a:c1690]
2019-06-13 22:53:43,233 INFO  client.GrpcClientProtocolClient (GrpcClientProtocolClient.java:onNext(254)) - client-C82EA620EB9B->85302df8-7a7f-4077-a053-c26dc3d3d65a: receive RaftClientReply:client-C82EA620EB9B->85302df8-7a7f-4077-a053-c26dc3d3d65a@group-4701ABA8D7D0, cid=968, SUCCESS, logIndex=1690, commits[85302df8-7a7f-4077-a053-c26dc3d3d65a:c1690]
2019-06-13 22:53:43,260 INFO  client.GrpcClientProtocolClient (GrpcClientProtocolClient.java:onNext(254)) - client-C82EA620EB9B->85302df8-7a7f-4077-a053-c26dc3d3d65a: receive RaftClientReply:client-C82EA620EB9B->85302df8-7a7f-4077-a053-c26dc3d3d65a@group-4701ABA8D7D0, cid=969, SUCCESS, logIndex=1693, commits[85302df8-7a7f-4077-a053-c26dc3d3d65a:c1694]
2019-06-13 22:53:43,266 INFO  client.GrpcClientProtocolClient (GrpcClientProtocolClient.java:onNext(254)) - client-C82EA620EB9B->85302df8-7a7f-4077-a053-c26dc3d3d65a: receive RaftClientReply:client-C82EA620EB9B->85302df8-7a7f-4077-a053-c26dc3d3d65a@group-4701ABA8D7D0, cid=970, SUCCESS, logIndex=1695, commits[85302df8-7a7f-4077-a053-c26dc3d3d65a:c1695]
2019-06-13 22:53:43,266 INFO  client.GrpcClientProtocolClient (GrpcClientProtocolClient.java:onNext(254)) - client-C82EA620EB9B->85302df8-7a7f-4077-a053-c26dc3d3d65a: receive RaftClientReply:client-C82EA620EB9B->85302df8-7a7f-4077-a053-c26dc3d3d65a@group-4701ABA8D7D0, cid=971, SUCCESS, logIndex=1696, commits[85302df8-7a7f-4077-a053-c26dc3d3d65a:c1698]
2019-06-13 22:53:43,266 INFO  client.GrpcClientProtocolClient (GrpcClientProtocolClient.java:onNext(254)) - client-C82EA620EB9B->85302df8-7a7f-4077-a053-c26dc3d3d65a: receive RaftClientReply:client-C82EA620EB9B->85302df8-7a7f-4077-a053-c26dc3d3d65a@group-4701ABA8D7D0, cid=972, SUCCESS, logIndex=1698, commits[85302df8-7a7f-4077-a053-c26dc3d3d65a:c1699]
2019-06-13 22:53:43,322 DEBUG block.SCMBlockDeletingService (SCMBlockDeletingService.java:call(138)) - Running DeletedBlockTransactionScanner
2019-06-13 22:53:43,322 DEBUG block.SCMBlockDeletingService (SCMBlockDeletingService.java:call(155)) - Scanned deleted blocks log and got 0 delTX to process.
2019-06-13 22:53:43,345 INFO  client.GrpcClientProtocolClient (GrpcClientProtocolClient.java:onNext(254)) - client-C82EA620EB9B->85302df8-7a7f-4077-a053-c26dc3d3d65a: receive RaftClientReply:client-C82EA620EB9B->85302df8-7a7f-4077-a053-c26dc3d3d65a@group-4701ABA8D7D0, cid=973, SUCCESS, logIndex=1700, commits[85302df8-7a7f-4077-a053-c26dc3d3d65a:c1700]
2019-06-13 22:53:43,347 INFO  client.GrpcClientProtocolClient (GrpcClientProtocolClient.java:onNext(254)) - client-C82EA620EB9B->85302df8-7a7f-4077-a053-c26dc3d3d65a: receive RaftClientReply:client-C82EA620EB9B->85302df8-7a7f-4077-a053-c26dc3d3d65a@group-4701ABA8D7D0, cid=974, SUCCESS, logIndex=1702, commits[85302df8-7a7f-4077-a053-c26dc3d3d65a:c1702]
2019-06-13 22:53:43,348 INFO  client.GrpcClientProtocolClient (GrpcClientProtocolClient.java:onNext(254)) - client-C82EA620EB9B->85302df8-7a7f-4077-a053-c26dc3d3d65a: receive RaftClientReply:client-C82EA620EB9B->85302df8-7a7f-4077-a053-c26dc3d3d65a@group-4701ABA8D7D0, cid=975, SUCCESS, logIndex=1703, commits[85302df8-7a7f-4077-a053-c26dc3d3d65a:c1704]
2019-06-13 22:53:43,348 INFO  client.GrpcClientProtocolClient (GrpcClientProtocolClient.java:onNext(254)) - client-C82EA620EB9B->85302df8-7a7f-4077-a053-c26dc3d3d65a: receive RaftClientReply:client-C82EA620EB9B->85302df8-7a7f-4077-a053-c26dc3d3d65a@group-4701ABA8D7D0, cid=976, SUCCESS, logIndex=1704, commits[85302df8-7a7f-4077-a053-c26dc3d3d65a:c1704]
2019-06-13 22:53:43,359 INFO  client.GrpcClientProtocolClient (GrpcClientProtocolClient.java:onNext(254)) - client-C82EA620EB9B->85302df8-7a7f-4077-a053-c26dc3d3d65a: receive RaftClientReply:client-C82EA620EB9B->85302df8-7a7f-4077-a053-c26dc3d3d65a@group-4701ABA8D7D0, cid=977, SUCCESS, logIndex=1707, commits[85302df8-7a7f-4077-a053-c26dc3d3d65a:c1708]
2019-06-13 22:53:43,360 INFO  client.GrpcClientProtocolClient (GrpcClientProtocolClient.java:onNext(254)) - client-C82EA620EB9B->85302df8-7a7f-4077-a053-c26dc3d3d65a: receive RaftClientReply:client-C82EA620EB9B->85302df8-7a7f-4077-a053-c26dc3d3d65a@group-4701ABA8D7D0, cid=978, SUCCESS, logIndex=1709, commits[85302df8-7a7f-4077-a053-c26dc3d3d65a:c1709]
2019-06-13 22:53:43,363 INFO  client.GrpcClientProtocolClient (GrpcClientProtocolClient.java:onNext(254)) - client-C82EA620EB9B->85302df8-7a7f-4077-a053-c26dc3d3d65a: receive RaftClientReply:client-C82EA620EB9B->85302df8-7a7f-4077-a053-c26dc3d3d65a@group-4701ABA8D7D0, cid=979, SUCCESS, logIndex=1711, commits[85302df8-7a7f-4077-a053-c26dc3d3d65a:c1711]
2019-06-13 22:53:43,363 INFO  client.GrpcClientProtocolClient (GrpcClientProtocolClient.java:onNext(254)) - client-C82EA620EB9B->85302df8-7a7f-4077-a053-c26dc3d3d65a: receive RaftClientReply:client-C82EA620EB9B->85302df8-7a7f-4077-a053-c26dc3d3d65a@group-4701ABA8D7D0, cid=980, SUCCESS, logIndex=1712, commits[85302df8-7a7f-4077-a053-c26dc3d3d65a:c1712]
2019-06-13 22:53:43,370 INFO  client.GrpcClientProtocolClient (GrpcClientProtocolClient.java:onNext(254)) - client-C82EA620EB9B->85302df8-7a7f-4077-a053-c26dc3d3d65a: receive RaftClientReply:client-C82EA620EB9B->85302df8-7a7f-4077-a053-c26dc3d3d65a@group-4701ABA8D7D0, cid=981, SUCCESS, logIndex=1715, commits[85302df8-7a7f-4077-a053-c26dc3d3d65a:c1715]
2019-06-13 22:53:43,372 INFO  client.GrpcClientProtocolClient (GrpcClientProtocolClient.java:onNext(254)) - client-C82EA620EB9B->85302df8-7a7f-4077-a053-c26dc3d3d65a: receive RaftClientReply:client-C82EA620EB9B->85302df8-7a7f-4077-a053-c26dc3d3d65a@group-4701ABA8D7D0, cid=982, SUCCESS, logIndex=1717, commits[85302df8-7a7f-4077-a053-c26dc3d3d65a:c1717]
2019-06-13 22:53:43,373 INFO  client.GrpcClientProtocolClient (GrpcClientProtocolClient.java:onNext(254)) - client-C82EA620EB9B->85302df8-7a7f-4077-a053-c26dc3d3d65a: receive RaftClientReply:client-C82EA620EB9B->85302df8-7a7f-4077-a053-c26dc3d3d65a@group-4701ABA8D7D0, cid=983, SUCCESS, logIndex=1718, commits[85302df8-7a7f-4077-a053-c26dc3d3d65a:c1718]
2019-06-13 22:53:43,373 INFO  storage.RaftLogWorker (RaftLogWorker.java:rollLogSegment(303)) - 85302df8-7a7f-4077-a053-c26dc3d3d65a-RaftLogWorker: Rolling segment log-1648_1720 to index:1720
2019-06-13 22:53:43,374 INFO  storage.RaftLogWorker (RaftLogWorker.java:execute(433)) - 85302df8-7a7f-4077-a053-c26dc3d3d65a-RaftLogWorker: Rolled log segment from /opt/src/hadoop-ozone/integration-test/target/test-dir/MiniOzoneClusterImpl-550f9ca0-a6d9-4a4a-902f-f07ac81eac7b/datanode-0/data/ratis/5ad10fc2-5a33-4bdd-8958-4701aba8d7d0/current/log_inprogress_1648 to /opt/src/hadoop-ozone/integration-test/target/test-dir/MiniOzoneClusterImpl-550f9ca0-a6d9-4a4a-902f-f07ac81eac7b/datanode-0/data/ratis/5ad10fc2-5a33-4bdd-8958-4701aba8d7d0/current/log_1648-1720
2019-06-13 22:53:43,410 INFO  storage.RaftLogWorker (RaftLogWorker.java:execute(469)) - 85302df8-7a7f-4077-a053-c26dc3d3d65a-RaftLogWorker: created new log segment /opt/src/hadoop-ozone/integration-test/target/test-dir/MiniOzoneClusterImpl-550f9ca0-a6d9-4a4a-902f-f07ac81eac7b/datanode-0/data/ratis/5ad10fc2-5a33-4bdd-8958-4701aba8d7d0/current/log_inprogress_1721
2019-06-13 22:53:43,412 INFO  client.GrpcClientProtocolClient (GrpcClientProtocolClient.java:onNext(254)) - client-C82EA620EB9B->85302df8-7a7f-4077-a053-c26dc3d3d65a: receive RaftClientReply:client-C82EA620EB9B->85302df8-7a7f-4077-a053-c26dc3d3d65a@group-4701ABA8D7D0, cid=984, SUCCESS, logIndex=1721, commits[85302df8-7a7f-4077-a053-c26dc3d3d65a:c1721]
2019-06-13 22:53:43,422 DEBUG block.SCMBlockDeletingService (SCMBlockDeletingService.java:call(138)) - Running DeletedBlockTransactionScanner
2019-06-13 22:53:43,423 DEBUG block.SCMBlockDeletingService (SCMBlockDeletingService.java:call(155)) - Scanned deleted blocks log and got 0 delTX to process.
2019-06-13 22:53:43,423 INFO  client.GrpcClientProtocolClient (GrpcClientProtocolClient.java:onNext(254)) - client-C82EA620EB9B->85302df8-7a7f-4077-a053-c26dc3d3d65a: receive RaftClientReply:client-C82EA620EB9B->85302df8-7a7f-4077-a053-c26dc3d3d65a@group-4701ABA8D7D0, cid=985, SUCCESS, logIndex=1723, commits[85302df8-7a7f-4077-a053-c26dc3d3d65a:c1723]
2019-06-13 22:53:43,426 INFO  client.GrpcClientProtocolClient (GrpcClientProtocolClient.java:onNext(254)) - client-C82EA620EB9B->85302df8-7a7f-4077-a053-c26dc3d3d65a: receive RaftClientReply:client-C82EA620EB9B->85302df8-7a7f-4077-a053-c26dc3d3d65a@group-4701ABA8D7D0, cid=986, SUCCESS, logIndex=1725, commits[85302df8-7a7f-4077-a053-c26dc3d3d65a:c1727]
2019-06-13 22:53:43,427 INFO  client.GrpcClientProtocolClient (GrpcClientProtocolClient.java:onNext(254)) - client-C82EA620EB9B->85302df8-7a7f-4077-a053-c26dc3d3d65a: receive RaftClientReply:client-C82EA620EB9B->85302df8-7a7f-4077-a053-c26dc3d3d65a@group-4701ABA8D7D0, cid=987, SUCCESS, logIndex=1726, commits[85302df8-7a7f-4077-a053-c26dc3d3d65a:c1727]
2019-06-13 22:53:43,427 INFO  client.GrpcClientProtocolClient (GrpcClientProtocolClient.java:onNext(254)) - client-C82EA620EB9B->85302df8-7a7f-4077-a053-c26dc3d3d65a: receive RaftClientReply:client-C82EA620EB9B->85302df8-7a7f-4077-a053-c26dc3d3d65a@group-4701ABA8D7D0, cid=988, SUCCESS, logIndex=1727, commits[85302df8-7a7f-4077-a053-c26dc3d3d65a:c1728]
2019-06-13 22:53:43,434 INFO  client.GrpcClientProtocolClient (GrpcClientProtocolClient.java:onNext(254)) - client-C82EA620EB9B->85302df8-7a7f-4077-a053-c26dc3d3d65a: receive RaftClientReply:client-C82EA620EB9B->85302df8-7a7f-4077-a053-c26dc3d3d65a@group-4701ABA8D7D0, cid=989, SUCCESS, logIndex=1729, commits[85302df8-7a7f-4077-a053-c26dc3d3d65a:c1729]
2019-06-13 22:53:43,435 INFO  client.GrpcClientProtocolClient (GrpcClientProtocolClient.java:onNext(254)) - client-C82EA620EB9B->85302df8-7a7f-4077-a053-c26dc3d3d65a: receive RaftClientReply:client-C82EA620EB9B->85302df8-7a7f-4077-a053-c26dc3d3d65a@group-4701ABA8D7D0, cid=990, SUCCESS, logIndex=1731, commits[85302df8-7a7f-4077-a053-c26dc3d3d65a:c1731]
2019-06-13 22:53:43,437 INFO  client.GrpcClientProtocolClient (GrpcClientProtocolClient.java:onNext(254)) - client-C82EA620EB9B->85302df8-7a7f-4077-a053-c26dc3d3d65a: receive RaftClientReply:client-C82EA620EB9B->85302df8-7a7f-4077-a053-c26dc3d3d65a@group-4701ABA8D7D0, cid=991, SUCCESS, logIndex=1732, commits[85302df8-7a7f-4077-a053-c26dc3d3d65a:c1734]
2019-06-13 22:53:43,437 INFO  client.GrpcClientProtocolClient (GrpcClientProtocolClient.java:onNext(254)) - client-C82EA620EB9B->85302df8-7a7f-4077-a053-c26dc3d3d65a: receive RaftClientReply:client-C82EA620EB9B->85302df8-7a7f-4077-a053-c26dc3d3d65a@group-4701ABA8D7D0, cid=992, SUCCESS, logIndex=1734, commits[85302df8-7a7f-4077-a053-c26dc3d3d65a:c1734]
2019-06-13 22:53:43,447 INFO  client.GrpcClientProtocolClient (GrpcClientProtocolClient.java:onNext(254)) - client-C82EA620EB9B->85302df8-7a7f-4077-a053-c26dc3d3d65a: receive RaftClientReply:client-C82EA620EB9B->85302df8-7a7f-4077-a053-c26dc3d3d65a@group-4701ABA8D7D0, cid=993, SUCCESS, logIndex=1736, commits[85302df8-7a7f-4077-a053-c26dc3d3d65a:c1736]
2019-06-13 22:53:43,449 INFO  client.GrpcClientProtocolClient (GrpcClientProtocolClient.java:onNext(254)) - client-C82EA620EB9B->85302df8-7a7f-4077-a053-c26dc3d3d65a: receive RaftClientReply:client-C82EA620EB9B->85302df8-7a7f-4077-a053-c26dc3d3d65a@group-4701ABA8D7D0, cid=994, SUCCESS, logIndex=1738, commits[85302df8-7a7f-4077-a053-c26dc3d3d65a:c1738]
2019-06-13 22:53:43,452 INFO  client.GrpcClientProtocolClient (GrpcClientProtocolClient.java:onNext(254)) - client-C82EA620EB9B->85302df8-7a7f-4077-a053-c26dc3d3d65a: receive RaftClientReply:client-C82EA620EB9B->85302df8-7a7f-4077-a053-c26dc3d3d65a@group-4701ABA8D7D0, cid=995, SUCCESS, logIndex=1740, commits[85302df8-7a7f-4077-a053-c26dc3d3d65a:c1741]
2019-06-13 22:53:43,452 INFO  client.GrpcClientProtocolClient (GrpcClientProtocolClient.java:onNext(254)) - client-C82EA620EB9B->85302df8-7a7f-4077-a053-c26dc3d3d65a: receive RaftClientReply:client-C82EA620EB9B->85302df8-7a7f-4077-a053-c26dc3d3d65a@group-4701ABA8D7D0, cid=996, SUCCESS, logIndex=1741, commits[85302df8-7a7f-4077-a053-c26dc3d3d65a:c1741]
2019-06-13 22:53:43,458 INFO  client.GrpcClientProtocolClient (GrpcClientProtocolClient.java:onNext(254)) - client-C82EA620EB9B->85302df8-7a7f-4077-a053-c26dc3d3d65a: receive RaftClientReply:client-C82EA620EB9B->85302df8-7a7f-4077-a053-c26dc3d3d65a@group-4701ABA8D7D0, cid=997, SUCCESS, logIndex=1743, commits[85302df8-7a7f-4077-a053-c26dc3d3d65a:c1743]
2019-06-13 22:53:43,461 INFO  client.GrpcClientProtocolClient (GrpcClientProtocolClient.java:onNext(254)) - client-C82EA620EB9B->85302df8-7a7f-4077-a053-c26dc3d3d65a: receive RaftClientReply:client-C82EA620EB9B->85302df8-7a7f-4077-a053-c26dc3d3d65a@group-4701ABA8D7D0, cid=998, SUCCESS, logIndex=1745, commits[85302df8-7a7f-4077-a053-c26dc3d3d65a:c1745]
2019-06-13 22:53:43,462 INFO  client.GrpcClientProtocolClient (GrpcClientProtocolClient.java:onNext(254)) - client-C82EA620EB9B->85302df8-7a7f-4077-a053-c26dc3d3d65a: receive RaftClientReply:client-C82EA620EB9B->85302df8-7a7f-4077-a053-c26dc3d3d65a@group-4701ABA8D7D0, cid=999, SUCCESS, logIndex=1746, commits[85302df8-7a7f-4077-a053-c26dc3d3d65a:c1747]
2019-06-13 22:53:43,462 INFO  client.GrpcClientProtocolClient (GrpcClientProtocolClient.java:onNext(254)) - client-C82EA620EB9B->85302df8-7a7f-4077-a053-c26dc3d3d65a: receive RaftClientReply:client-C82EA620EB9B->85302df8-7a7f-4077-a053-c26dc3d3d65a@group-4701ABA8D7D0, cid=1000, SUCCESS, logIndex=1747, commits[85302df8-7a7f-4077-a053-c26dc3d3d65a:c1748]
2019-06-13 22:53:43,472 INFO  client.GrpcClientProtocolClient (GrpcClientProtocolClient.java:onNext(254)) - client-C82EA620EB9B->85302df8-7a7f-4077-a053-c26dc3d3d65a: receive RaftClientReply:client-C82EA620EB9B->85302df8-7a7f-4077-a053-c26dc3d3d65a@group-4701ABA8D7D0, cid=1001, SUCCESS, logIndex=1750, commits[85302df8-7a7f-4077-a053-c26dc3d3d65a:c1750]
2019-06-13 22:53:43,474 INFO  client.GrpcClientProtocolClient (GrpcClientProtocolClient.java:onNext(254)) - client-C82EA620EB9B->85302df8-7a7f-4077-a053-c26dc3d3d65a: receive RaftClientReply:client-C82EA620EB9B->85302df8-7a7f-4077-a053-c26dc3d3d65a@group-4701ABA8D7D0, cid=1002, SUCCESS, logIndex=1752, commits[85302df8-7a7f-4077-a053-c26dc3d3d65a:c1752]
2019-06-13 22:53:43,475 INFO  client.GrpcClientProtocolClient (GrpcClientProtocolClient.java:onNext(254)) - client-C82EA620EB9B->85302df8-7a7f-4077-a053-c26dc3d3d65a: receive RaftClientReply:client-C82EA620EB9B->85302df8-7a7f-4077-a053-c26dc3d3d65a@group-4701ABA8D7D0, cid=1003, SUCCESS, logIndex=1753, commits[85302df8-7a7f-4077-a053-c26dc3d3d65a:c1755]
2019-06-13 22:53:43,475 INFO  client.GrpcClientProtocolClient (GrpcClientProtocolClient.java:onNext(254)) - client-C82EA620EB9B->85302df8-7a7f-4077-a053-c26dc3d3d65a: receive RaftClientReply:client-C82EA620EB9B->85302df8-7a7f-4077-a053-c26dc3d3d65a@group-4701ABA8D7D0, cid=1004, SUCCESS, logIndex=1754, commits[85302df8-7a7f-4077-a053-c26dc3d3d65a:c1755]
2019-06-13 22:53:43,481 INFO  client.GrpcClientProtocolClient (GrpcClientProtocolClient.java:onNext(254)) - client-C82EA620EB9B->85302df8-7a7f-4077-a053-c26dc3d3d65a: receive RaftClientReply:client-C82EA620EB9B->85302df8-7a7f-4077-a053-c26dc3d3d65a@group-4701ABA8D7D0, cid=1005, SUCCESS, logIndex=1756, commits[85302df8-7a7f-4077-a053-c26dc3d3d65a:c1756]
2019-06-13 22:53:43,483 INFO  client.GrpcClientProtocolClient (GrpcClientProtocolClient.java:onNext(254)) - client-C82EA620EB9B->85302df8-7a7f-4077-a053-c26dc3d3d65a: receive RaftClientReply:client-C82EA620EB9B->85302df8-7a7f-4077-a053-c26dc3d3d65a@group-4701ABA8D7D0, cid=1006, SUCCESS, logIndex=1758, commits[85302df8-7a7f-4077-a053-c26dc3d3d65a:c1758]
2019-06-13 22:53:43,484 INFO  client.GrpcClientProtocolClient (GrpcClientProtocolClient.java:onNext(254)) - client-C82EA620EB9B->85302df8-7a7f-4077-a053-c26dc3d3d65a: receive RaftClientReply:client-C82EA620EB9B->85302df8-7a7f-4077-a053-c26dc3d3d65a@group-4701ABA8D7D0, cid=1007, SUCCESS, logIndex=1759, commits[85302df8-7a7f-4077-a053-c26dc3d3d65a:c1761]
2019-06-13 22:53:43,485 INFO  client.GrpcClientProtocolClient (GrpcClientProtocolClient.java:onNext(254)) - client-C82EA620EB9B->85302df8-7a7f-4077-a053-c26dc3d3d65a: receive RaftClientReply:client-C82EA620EB9B->85302df8-7a7f-4077-a053-c26dc3d3d65a@group-4701ABA8D7D0, cid=1008, SUCCESS, logIndex=1760, commits[85302df8-7a7f-4077-a053-c26dc3d3d65a:c1761]
2019-06-13 22:53:43,495 INFO  client.GrpcClientProtocolClient (GrpcClientProtocolClient.java:onNext(254)) - client-C82EA620EB9B->85302df8-7a7f-4077-a053-c26dc3d3d65a: receive RaftClientReply:client-C82EA620EB9B->85302df8-7a7f-4077-a053-c26dc3d3d65a@group-4701ABA8D7D0, cid=1009, SUCCESS, logIndex=1762, commits[85302df8-7a7f-4077-a053-c26dc3d3d65a:c1762]
2019-06-13 22:53:43,497 INFO  client.GrpcClientProtocolClient (GrpcClientProtocolClient.java:onNext(254)) - client-C82EA620EB9B->85302df8-7a7f-4077-a053-c26dc3d3d65a: receive RaftClientReply:client-C82EA620EB9B->85302df8-7a7f-4077-a053-c26dc3d3d65a@group-4701ABA8D7D0, cid=1010, SUCCESS, logIndex=1764, commits[85302df8-7a7f-4077-a053-c26dc3d3d65a:c1764]
2019-06-13 22:53:43,498 INFO  client.GrpcClientProtocolClient (GrpcClientProtocolClient.java:onNext(254)) - client-C82EA620EB9B->85302df8-7a7f-4077-a053-c26dc3d3d65a: receive RaftClientReply:client-C82EA620EB9B->85302df8-7a7f-4077-a053-c26dc3d3d65a@group-4701ABA8D7D0, cid=1011, SUCCESS, logIndex=1765, commits[85302df8-7a7f-4077-a053-c26dc3d3d65a:c1765]
2019-06-13 22:53:43,499 INFO  client.GrpcClientProtocolClient (GrpcClientProtocolClient.java:onNext(254)) - client-C82EA620EB9B->85302df8-7a7f-4077-a053-c26dc3d3d65a: receive RaftClientReply:client-C82EA620EB9B->85302df8-7a7f-4077-a053-c26dc3d3d65a@group-4701ABA8D7D0, cid=1012, SUCCESS, logIndex=1768, commits[85302df8-7a7f-4077-a053-c26dc3d3d65a:c1768]
2019-06-13 22:53:43,505 INFO  client.GrpcClientProtocolClient (GrpcClientProtocolClient.java:onNext(254)) - client-C82EA620EB9B->85302df8-7a7f-4077-a053-c26dc3d3d65a: receive RaftClientReply:client-C82EA620EB9B->85302df8-7a7f-4077-a053-c26dc3d3d65a@group-4701ABA8D7D0, cid=1013, SUCCESS, logIndex=1770, commits[85302df8-7a7f-4077-a053-c26dc3d3d65a:c1770]
2019-06-13 22:53:43,508 INFO  client.GrpcClientProtocolClient (GrpcClientProtocolClient.java:onNext(254)) - client-C82EA620EB9B->85302df8-7a7f-4077-a053-c26dc3d3d65a: receive RaftClientReply:client-C82EA620EB9B->85302df8-7a7f-4077-a053-c26dc3d3d65a@group-4701ABA8D7D0, cid=1014, SUCCESS, logIndex=1772, commits[85302df8-7a7f-4077-a053-c26dc3d3d65a:c1772]
2019-06-13 22:53:43,509 INFO  client.GrpcClientProtocolClient (GrpcClientProtocolClient.java:onNext(254)) - client-C82EA620EB9B->85302df8-7a7f-4077-a053-c26dc3d3d65a: receive RaftClientReply:client-C82EA620EB9B->85302df8-7a7f-4077-a053-c26dc3d3d65a@group-4701ABA8D7D0, cid=1015, SUCCESS, logIndex=1773, commits[85302df8-7a7f-4077-a053-c26dc3d3d65a:c1774]
2019-06-13 22:53:43,509 INFO  client.GrpcClientProtocolClient (GrpcClientProtocolClient.java:onNext(254)) - client-C82EA620EB9B->85302df8-7a7f-4077-a053-c26dc3d3d65a: receive RaftClientReply:client-C82EA620EB9B->85302df8-7a7f-4077-a053-c26dc3d3d65a@group-4701ABA8D7D0, cid=1016, SUCCESS, logIndex=1774, commits[85302df8-7a7f-4077-a053-c26dc3d3d65a:c1775]
2019-06-13 22:53:43,523 DEBUG block.SCMBlockDeletingService (SCMBlockDeletingService.java:call(138)) - Running DeletedBlockTransactionScanner
2019-06-13 22:53:43,523 DEBUG block.SCMBlockDeletingService (SCMBlockDeletingService.java:call(155)) - Scanned deleted blocks log and got 0 delTX to process.
2019-06-13 22:53:43,591 INFO  client.GrpcClientProtocolClient (GrpcClientProtocolClient.java:onNext(254)) - client-C82EA620EB9B->85302df8-7a7f-4077-a053-c26dc3d3d65a: receive RaftClientReply:client-C82EA620EB9B->85302df8-7a7f-4077-a053-c26dc3d3d65a@group-4701ABA8D7D0, cid=1017, SUCCESS, logIndex=1777, commits[85302df8-7a7f-4077-a053-c26dc3d3d65a:c1777]
2019-06-13 22:53:43,592 INFO  client.GrpcClientProtocolClient (GrpcClientProtocolClient.java:onNext(254)) - client-C82EA620EB9B->85302df8-7a7f-4077-a053-c26dc3d3d65a: receive RaftClientReply:client-C82EA620EB9B->85302df8-7a7f-4077-a053-c26dc3d3d65a@group-4701ABA8D7D0, cid=1018, SUCCESS, logIndex=1779, commits[85302df8-7a7f-4077-a053-c26dc3d3d65a:c1779]
2019-06-13 22:53:43,595 INFO  client.GrpcClientProtocolClient (GrpcClientProtocolClient.java:onNext(254)) - client-C82EA620EB9B->85302df8-7a7f-4077-a053-c26dc3d3d65a: receive RaftClientReply:client-C82EA620EB9B->85302df8-7a7f-4077-a053-c26dc3d3d65a@group-4701ABA8D7D0, cid=1019, SUCCESS, logIndex=1781, commits[85302df8-7a7f-4077-a053-c26dc3d3d65a:c1782]
2019-06-13 22:53:43,596 INFO  client.GrpcClientProtocolClient (GrpcClientProtocolClient.java:onNext(254)) - client-C82EA620EB9B->85302df8-7a7f-4077-a053-c26dc3d3d65a: receive RaftClientReply:client-C82EA620EB9B->85302df8-7a7f-4077-a053-c26dc3d3d65a@group-4701ABA8D7D0, cid=1020, SUCCESS, logIndex=1782, commits[85302df8-7a7f-4077-a053-c26dc3d3d65a:c1782]
2019-06-13 22:53:43,604 INFO  client.GrpcClientProtocolClient (GrpcClientProtocolClient.java:onNext(254)) - client-C82EA620EB9B->85302df8-7a7f-4077-a053-c26dc3d3d65a: receive RaftClientReply:client-C82EA620EB9B->85302df8-7a7f-4077-a053-c26dc3d3d65a@group-4701ABA8D7D0, cid=1021, SUCCESS, logIndex=1784, commits[85302df8-7a7f-4077-a053-c26dc3d3d65a:c1784]
2019-06-13 22:53:43,606 INFO  client.GrpcClientProtocolClient (GrpcClientProtocolClient.java:onNext(254)) - client-C82EA620EB9B->85302df8-7a7f-4077-a053-c26dc3d3d65a: receive RaftClientReply:client-C82EA620EB9B->85302df8-7a7f-4077-a053-c26dc3d3d65a@group-4701ABA8D7D0, cid=1022, SUCCESS, logIndex=1786, commits[85302df8-7a7f-4077-a053-c26dc3d3d65a:c1786]
2019-06-13 22:53:43,608 INFO  client.GrpcClientProtocolClient (GrpcClientProtocolClient.java:onNext(254)) - client-C82EA620EB9B->85302df8-7a7f-4077-a053-c26dc3d3d65a: receive RaftClientReply:client-C82EA620EB9B->85302df8-7a7f-4077-a053-c26dc3d3d65a@group-4701ABA8D7D0, cid=1023, SUCCESS, logIndex=1787, commits[85302df8-7a7f-4077-a053-c26dc3d3d65a:c1789]
2019-06-13 22:53:43,608 INFO  client.GrpcClientProtocolClient (GrpcClientProtocolClient.java:onNext(254)) - client-C82EA620EB9B->85302df8-7a7f-4077-a053-c26dc3d3d65a: receive RaftClientReply:client-C82EA620EB9B->85302df8-7a7f-4077-a053-c26dc3d3d65a@group-4701ABA8D7D0, cid=1024, SUCCESS, logIndex=1789, commits[85302df8-7a7f-4077-a053-c26dc3d3d65a:c1789]
2019-06-13 22:53:43,619 INFO  client.GrpcClientProtocolClient (GrpcClientProtocolClient.java:onNext(254)) - client-C82EA620EB9B->85302df8-7a7f-4077-a053-c26dc3d3d65a: receive RaftClientReply:client-C82EA620EB9B->85302df8-7a7f-4077-a053-c26dc3d3d65a@group-4701ABA8D7D0, cid=1025, SUCCESS, logIndex=1791, commits[85302df8-7a7f-4077-a053-c26dc3d3d65a:c1791]
2019-06-13 22:53:43,620 INFO  storage.RaftLogWorker (RaftLogWorker.java:rollLogSegment(303)) - 85302df8-7a7f-4077-a053-c26dc3d3d65a-RaftLogWorker: Rolling segment log-1721_1793 to index:1793
2019-06-13 22:53:43,620 INFO  storage.RaftLogWorker (RaftLogWorker.java:execute(433)) - 85302df8-7a7f-4077-a053-c26dc3d3d65a-RaftLogWorker: Rolled log segment from /opt/src/hadoop-ozone/integration-test/target/test-dir/MiniOzoneClusterImpl-550f9ca0-a6d9-4a4a-902f-f07ac81eac7b/datanode-0/data/ratis/5ad10fc2-5a33-4bdd-8958-4701aba8d7d0/current/log_inprogress_1721 to /opt/src/hadoop-ozone/integration-test/target/test-dir/MiniOzoneClusterImpl-550f9ca0-a6d9-4a4a-902f-f07ac81eac7b/datanode-0/data/ratis/5ad10fc2-5a33-4bdd-8958-4701aba8d7d0/current/log_1721-1793
2019-06-13 22:53:43,623 DEBUG block.SCMBlockDeletingService (SCMBlockDeletingService.java:call(138)) - Running DeletedBlockTransactionScanner
2019-06-13 22:53:43,624 DEBUG block.SCMBlockDeletingService (SCMBlockDeletingService.java:call(155)) - Scanned deleted blocks log and got 0 delTX to process.
2019-06-13 22:53:43,630 INFO  client.GrpcClientProtocolClient (GrpcClientProtocolClient.java:onNext(254)) - client-C82EA620EB9B->85302df8-7a7f-4077-a053-c26dc3d3d65a: receive RaftClientReply:client-C82EA620EB9B->85302df8-7a7f-4077-a053-c26dc3d3d65a@group-4701ABA8D7D0, cid=1026, SUCCESS, logIndex=1793, commits[85302df8-7a7f-4077-a053-c26dc3d3d65a:c1793]
2019-06-13 22:53:43,662 INFO  storage.RaftLogWorker (RaftLogWorker.java:execute(469)) - 85302df8-7a7f-4077-a053-c26dc3d3d65a-RaftLogWorker: created new log segment /opt/src/hadoop-ozone/integration-test/target/test-dir/MiniOzoneClusterImpl-550f9ca0-a6d9-4a4a-902f-f07ac81eac7b/datanode-0/data/ratis/5ad10fc2-5a33-4bdd-8958-4701aba8d7d0/current/log_inprogress_1794
2019-06-13 22:53:43,664 INFO  client.GrpcClientProtocolClient (GrpcClientProtocolClient.java:onNext(254)) - client-C82EA620EB9B->85302df8-7a7f-4077-a053-c26dc3d3d65a: receive RaftClientReply:client-C82EA620EB9B->85302df8-7a7f-4077-a053-c26dc3d3d65a@group-4701ABA8D7D0, cid=1027, SUCCESS, logIndex=1794, commits[85302df8-7a7f-4077-a053-c26dc3d3d65a:c1796]
2019-06-13 22:53:43,664 INFO  client.GrpcClientProtocolClient (GrpcClientProtocolClient.java:onNext(254)) - client-C82EA620EB9B->85302df8-7a7f-4077-a053-c26dc3d3d65a: receive RaftClientReply:client-C82EA620EB9B->85302df8-7a7f-4077-a053-c26dc3d3d65a@group-4701ABA8D7D0, cid=1028, SUCCESS, logIndex=1795, commits[85302df8-7a7f-4077-a053-c26dc3d3d65a:c1796]
2019-06-13 22:53:43,671 INFO  client.GrpcClientProtocolClient (GrpcClientProtocolClient.java:onNext(254)) - client-C82EA620EB9B->85302df8-7a7f-4077-a053-c26dc3d3d65a: receive RaftClientReply:client-C82EA620EB9B->85302df8-7a7f-4077-a053-c26dc3d3d65a@group-4701ABA8D7D0, cid=1029, SUCCESS, logIndex=1797, commits[85302df8-7a7f-4077-a053-c26dc3d3d65a:c1797]
2019-06-13 22:53:43,674 INFO  client.GrpcClientProtocolClient (GrpcClientProtocolClient.java:onNext(254)) - client-C82EA620EB9B->85302df8-7a7f-4077-a053-c26dc3d3d65a: receive RaftClientReply:client-C82EA620EB9B->85302df8-7a7f-4077-a053-c26dc3d3d65a@group-4701ABA8D7D0, cid=1030, SUCCESS, logIndex=1799, commits[85302df8-7a7f-4077-a053-c26dc3d3d65a:c1799]
2019-06-13 22:53:43,674 INFO  client.GrpcClientProtocolClient (GrpcClientProtocolClient.java:onNext(254)) - client-C82EA620EB9B->85302df8-7a7f-4077-a053-c26dc3d3d65a: receive RaftClientReply:client-C82EA620EB9B->85302df8-7a7f-4077-a053-c26dc3d3d65a@group-4701ABA8D7D0, cid=1031, SUCCESS, logIndex=1800, commits[85302df8-7a7f-4077-a053-c26dc3d3d65a:c1801]
2019-06-13 22:53:43,719 INFO  client.GrpcClientProtocolClient (GrpcClientProtocolClient.java:onNext(254)) - client-C82EA620EB9B->85302df8-7a7f-4077-a053-c26dc3d3d65a: receive RaftClientReply:client-C82EA620EB9B->85302df8-7a7f-4077-a053-c26dc3d3d65a@group-4701ABA8D7D0, cid=1032, SUCCESS, logIndex=1801, commits[85302df8-7a7f-4077-a053-c26dc3d3d65a:c1801]
2019-06-13 22:53:43,724 DEBUG block.SCMBlockDeletingService (SCMBlockDeletingService.java:call(138)) - Running DeletedBlockTransactionScanner
2019-06-13 22:53:43,724 DEBUG block.SCMBlockDeletingService (SCMBlockDeletingService.java:call(155)) - Scanned deleted blocks log and got 0 delTX to process.
2019-06-13 22:53:43,732 INFO  client.GrpcClientProtocolClient (GrpcClientProtocolClient.java:onNext(254)) - client-C82EA620EB9B->85302df8-7a7f-4077-a053-c26dc3d3d65a: receive RaftClientReply:client-C82EA620EB9B->85302df8-7a7f-4077-a053-c26dc3d3d65a@group-4701ABA8D7D0, cid=1033, SUCCESS, logIndex=1804, commits[85302df8-7a7f-4077-a053-c26dc3d3d65a:c1804]
2019-06-13 22:53:43,735 INFO  client.GrpcClientProtocolClient (GrpcClientProtocolClient.java:onNext(254)) - client-C82EA620EB9B->85302df8-7a7f-4077-a053-c26dc3d3d65a: receive RaftClientReply:client-C82EA620EB9B->85302df8-7a7f-4077-a053-c26dc3d3d65a@group-4701ABA8D7D0, cid=1034, SUCCESS, logIndex=1806, commits[85302df8-7a7f-4077-a053-c26dc3d3d65a:c1806]
2019-06-13 22:53:43,735 INFO  client.GrpcClientProtocolClient (GrpcClientProtocolClient.java:onNext(254)) - client-C82EA620EB9B->85302df8-7a7f-4077-a053-c26dc3d3d65a: receive RaftClientReply:client-C82EA620EB9B->85302df8-7a7f-4077-a053-c26dc3d3d65a@group-4701ABA8D7D0, cid=1035, SUCCESS, logIndex=1807, commits[85302df8-7a7f-4077-a053-c26dc3d3d65a:c1808]
2019-06-13 22:53:43,735 INFO  client.GrpcClientProtocolClient (GrpcClientProtocolClient.java:onNext(254)) - client-C82EA620EB9B->85302df8-7a7f-4077-a053-c26dc3d3d65a: receive RaftClientReply:client-C82EA620EB9B->85302df8-7a7f-4077-a053-c26dc3d3d65a@group-4701ABA8D7D0, cid=1036, SUCCESS, logIndex=1808, commits[85302df8-7a7f-4077-a053-c26dc3d3d65a:c1808]
2019-06-13 22:53:43,742 INFO  client.GrpcClientProtocolClient (GrpcClientProtocolClient.java:onNext(254)) - client-C82EA620EB9B->85302df8-7a7f-4077-a053-c26dc3d3d65a: receive RaftClientReply:client-C82EA620EB9B->85302df8-7a7f-4077-a053-c26dc3d3d65a@group-4701ABA8D7D0, cid=1037, SUCCESS, logIndex=1811, commits[85302df8-7a7f-4077-a053-c26dc3d3d65a:c1811]
2019-06-13 22:53:43,745 INFO  client.GrpcClientProtocolClient (GrpcClientProtocolClient.java:onNext(254)) - client-C82EA620EB9B->85302df8-7a7f-4077-a053-c26dc3d3d65a: receive RaftClientReply:client-C82EA620EB9B->85302df8-7a7f-4077-a053-c26dc3d3d65a@group-4701ABA8D7D0, cid=1038, SUCCESS, logIndex=1813, commits[85302df8-7a7f-4077-a053-c26dc3d3d65a:c1813]
2019-06-13 22:53:43,746 INFO  client.GrpcClientProtocolClient (GrpcClientProtocolClient.java:onNext(254)) - client-C82EA620EB9B->85302df8-7a7f-4077-a053-c26dc3d3d65a: receive RaftClientReply:client-C82EA620EB9B->85302df8-7a7f-4077-a053-c26dc3d3d65a@group-4701ABA8D7D0, cid=1039, SUCCESS, logIndex=1814, commits[85302df8-7a7f-4077-a053-c26dc3d3d65a:c1815]
2019-06-13 22:53:43,746 INFO  client.GrpcClientProtocolClient (GrpcClientProtocolClient.java:onNext(254)) - client-C82EA620EB9B->85302df8-7a7f-4077-a053-c26dc3d3d65a: receive RaftClientReply:client-C82EA620EB9B->85302df8-7a7f-4077-a053-c26dc3d3d65a@group-4701ABA8D7D0, cid=1040, SUCCESS, logIndex=1815, commits[85302df8-7a7f-4077-a053-c26dc3d3d65a:c1815]
2019-06-13 22:53:43,757 INFO  client.GrpcClientProtocolClient (GrpcClientProtocolClient.java:onNext(254)) - client-C82EA620EB9B->85302df8-7a7f-4077-a053-c26dc3d3d65a: receive RaftClientReply:client-C82EA620EB9B->85302df8-7a7f-4077-a053-c26dc3d3d65a@group-4701ABA8D7D0, cid=1041, SUCCESS, logIndex=1818, commits[85302df8-7a7f-4077-a053-c26dc3d3d65a:c1818]
2019-06-13 22:53:43,759 INFO  client.GrpcClientProtocolClient (GrpcClientProtocolClient.java:onNext(254)) - client-C82EA620EB9B->85302df8-7a7f-4077-a053-c26dc3d3d65a: receive RaftClientReply:client-C82EA620EB9B->85302df8-7a7f-4077-a053-c26dc3d3d65a@group-4701ABA8D7D0, cid=1042, SUCCESS, logIndex=1820, commits[85302df8-7a7f-4077-a053-c26dc3d3d65a:c1820]
2019-06-13 22:53:43,760 INFO  client.GrpcClientProtocolClient (GrpcClientProtocolClient.java:onNext(254)) - client-C82EA620EB9B->85302df8-7a7f-4077-a053-c26dc3d3d65a: receive RaftClientReply:client-C82EA620EB9B->85302df8-7a7f-4077-a053-c26dc3d3d65a@group-4701ABA8D7D0, cid=1043, SUCCESS, logIndex=1821, commits[85302df8-7a7f-4077-a053-c26dc3d3d65a:c1821]
2019-06-13 22:53:43,761 INFO  client.GrpcClientProtocolClient (GrpcClientProtocolClient.java:onNext(254)) - client-C82EA620EB9B->85302df8-7a7f-4077-a053-c26dc3d3d65a: receive RaftClientReply:client-C82EA620EB9B->85302df8-7a7f-4077-a053-c26dc3d3d65a@group-4701ABA8D7D0, cid=1044, SUCCESS, logIndex=1824, commits[85302df8-7a7f-4077-a053-c26dc3d3d65a:c1824]
2019-06-13 22:53:43,768 INFO  client.GrpcClientProtocolClient (GrpcClientProtocolClient.java:onNext(254)) - client-C82EA620EB9B->85302df8-7a7f-4077-a053-c26dc3d3d65a: receive RaftClientReply:client-C82EA620EB9B->85302df8-7a7f-4077-a053-c26dc3d3d65a@group-4701ABA8D7D0, cid=1045, SUCCESS, logIndex=1826, commits[85302df8-7a7f-4077-a053-c26dc3d3d65a:c1826]
2019-06-13 22:53:43,769 INFO  client.GrpcClientProtocolClient (GrpcClientProtocolClient.java:onNext(254)) - client-C82EA620EB9B->85302df8-7a7f-4077-a053-c26dc3d3d65a: receive RaftClientReply:client-C82EA620EB9B->85302df8-7a7f-4077-a053-c26dc3d3d65a@group-4701ABA8D7D0, cid=1046, SUCCESS, logIndex=1828, commits[85302df8-7a7f-4077-a053-c26dc3d3d65a:c1828]
2019-06-13 22:53:43,771 INFO  client.GrpcClientProtocolClient (GrpcClientProtocolClient.java:onNext(254)) - client-C82EA620EB9B->85302df8-7a7f-4077-a053-c26dc3d3d65a: receive RaftClientReply:client-C82EA620EB9B->85302df8-7a7f-4077-a053-c26dc3d3d65a@group-4701ABA8D7D0, cid=1047, SUCCESS, logIndex=1829, commits[85302df8-7a7f-4077-a053-c26dc3d3d65a:c1831]
2019-06-13 22:53:43,771 INFO  client.GrpcClientProtocolClient (GrpcClientProtocolClient.java:onNext(254)) - client-C82EA620EB9B->85302df8-7a7f-4077-a053-c26dc3d3d65a: receive RaftClientReply:client-C82EA620EB9B->85302df8-7a7f-4077-a053-c26dc3d3d65a@group-4701ABA8D7D0, cid=1048, SUCCESS, logIndex=1831, commits[85302df8-7a7f-4077-a053-c26dc3d3d65a:c1832]
2019-06-13 22:53:43,784 INFO  client.GrpcClientProtocolClient (GrpcClientProtocolClient.java:onNext(254)) - client-C82EA620EB9B->85302df8-7a7f-4077-a053-c26dc3d3d65a: receive RaftClientReply:client-C82EA620EB9B->85302df8-7a7f-4077-a053-c26dc3d3d65a@group-4701ABA8D7D0, cid=1049, SUCCESS, logIndex=1833, commits[85302df8-7a7f-4077-a053-c26dc3d3d65a:c1833]
2019-06-13 22:53:43,786 INFO  client.GrpcClientProtocolClient (GrpcClientProtocolClient.java:onNext(254)) - client-C82EA620EB9B->85302df8-7a7f-4077-a053-c26dc3d3d65a: receive RaftClientReply:client-C82EA620EB9B->85302df8-7a7f-4077-a053-c26dc3d3d65a@group-4701ABA8D7D0, cid=1050, SUCCESS, logIndex=1835, commits[85302df8-7a7f-4077-a053-c26dc3d3d65a:c1835]
2019-06-13 22:53:43,787 INFO  client.GrpcClientProtocolClient (GrpcClientProtocolClient.java:onNext(254)) - client-C82EA620EB9B->85302df8-7a7f-4077-a053-c26dc3d3d65a: receive RaftClientReply:client-C82EA620EB9B->85302df8-7a7f-4077-a053-c26dc3d3d65a@group-4701ABA8D7D0, cid=1051, SUCCESS, logIndex=1836, commits[85302df8-7a7f-4077-a053-c26dc3d3d65a:c1838]
2019-06-13 22:53:43,788 INFO  client.GrpcClientProtocolClient (GrpcClientProtocolClient.java:onNext(254)) - client-C82EA620EB9B->85302df8-7a7f-4077-a053-c26dc3d3d65a: receive RaftClientReply:client-C82EA620EB9B->85302df8-7a7f-4077-a053-c26dc3d3d65a@group-4701ABA8D7D0, cid=1052, SUCCESS, logIndex=1837, commits[85302df8-7a7f-4077-a053-c26dc3d3d65a:c1838]
2019-06-13 22:53:43,794 INFO  client.GrpcClientProtocolClient (GrpcClientProtocolClient.java:onNext(254)) - client-C82EA620EB9B->85302df8-7a7f-4077-a053-c26dc3d3d65a: receive RaftClientReply:client-C82EA620EB9B->85302df8-7a7f-4077-a053-c26dc3d3d65a@group-4701ABA8D7D0, cid=1053, SUCCESS, logIndex=1839, commits[85302df8-7a7f-4077-a053-c26dc3d3d65a:c1839]
2019-06-13 22:53:43,797 INFO  client.GrpcClientProtocolClient (GrpcClientProtocolClient.java:onNext(254)) - client-C82EA620EB9B->85302df8-7a7f-4077-a053-c26dc3d3d65a: receive RaftClientReply:client-C82EA620EB9B->85302df8-7a7f-4077-a053-c26dc3d3d65a@group-4701ABA8D7D0, cid=1054, SUCCESS, logIndex=1841, commits[85302df8-7a7f-4077-a053-c26dc3d3d65a:c1841]
2019-06-13 22:53:43,797 INFO  client.GrpcClientProtocolClient (GrpcClientProtocolClient.java:onNext(254)) - client-C82EA620EB9B->85302df8-7a7f-4077-a053-c26dc3d3d65a: receive RaftClientReply:client-C82EA620EB9B->85302df8-7a7f-4077-a053-c26dc3d3d65a@group-4701ABA8D7D0, cid=1055, SUCCESS, logIndex=1842, commits[85302df8-7a7f-4077-a053-c26dc3d3d65a:c1843]
2019-06-13 22:53:43,799 INFO  client.GrpcClientProtocolClient (GrpcClientProtocolClient.java:onNext(254)) - client-C82EA620EB9B->85302df8-7a7f-4077-a053-c26dc3d3d65a: receive RaftClientReply:client-C82EA620EB9B->85302df8-7a7f-4077-a053-c26dc3d3d65a@group-4701ABA8D7D0, cid=1056, SUCCESS, logIndex=1844, commits[85302df8-7a7f-4077-a053-c26dc3d3d65a:c1844]
2019-06-13 22:53:43,811 INFO  client.GrpcClientProtocolClient (GrpcClientProtocolClient.java:onNext(254)) - client-C82EA620EB9B->85302df8-7a7f-4077-a053-c26dc3d3d65a: receive RaftClientReply:client-C82EA620EB9B->85302df8-7a7f-4077-a053-c26dc3d3d65a@group-4701ABA8D7D0, cid=1057, SUCCESS, logIndex=1846, commits[85302df8-7a7f-4077-a053-c26dc3d3d65a:c1846]
2019-06-13 22:53:43,812 INFO  client.GrpcClientProtocolClient (GrpcClientProtocolClient.java:onNext(254)) - client-C82EA620EB9B->85302df8-7a7f-4077-a053-c26dc3d3d65a: receive RaftClientReply:client-C82EA620EB9B->85302df8-7a7f-4077-a053-c26dc3d3d65a@group-4701ABA8D7D0, cid=1058, SUCCESS, logIndex=1848, commits[85302df8-7a7f-4077-a053-c26dc3d3d65a:c1848]
2019-06-13 22:53:43,815 INFO  client.GrpcClientProtocolClient (GrpcClientProtocolClient.java:onNext(254)) - client-C82EA620EB9B->85302df8-7a7f-4077-a053-c26dc3d3d65a: receive RaftClientReply:client-C82EA620EB9B->85302df8-7a7f-4077-a053-c26dc3d3d65a@group-4701ABA8D7D0, cid=1059, SUCCESS, logIndex=1850, commits[85302df8-7a7f-4077-a053-c26dc3d3d65a:c1851]
2019-06-13 22:53:43,815 INFO  client.GrpcClientProtocolClient (GrpcClientProtocolClient.java:onNext(254)) - client-C82EA620EB9B->85302df8-7a7f-4077-a053-c26dc3d3d65a: receive RaftClientReply:client-C82EA620EB9B->85302df8-7a7f-4077-a053-c26dc3d3d65a@group-4701ABA8D7D0, cid=1060, SUCCESS, logIndex=1851, commits[85302df8-7a7f-4077-a053-c26dc3d3d65a:c1852]
2019-06-13 22:53:43,825 DEBUG block.SCMBlockDeletingService (SCMBlockDeletingService.java:call(138)) - Running DeletedBlockTransactionScanner
2019-06-13 22:53:43,825 DEBUG block.SCMBlockDeletingService (SCMBlockDeletingService.java:call(155)) - Scanned deleted blocks log and got 0 delTX to process.
2019-06-13 22:53:43,889 INFO  client.GrpcClientProtocolClient (GrpcClientProtocolClient.java:onNext(254)) - client-C82EA620EB9B->85302df8-7a7f-4077-a053-c26dc3d3d65a: receive RaftClientReply:client-C82EA620EB9B->85302df8-7a7f-4077-a053-c26dc3d3d65a@group-4701ABA8D7D0, cid=1061, SUCCESS, logIndex=1853, commits[85302df8-7a7f-4077-a053-c26dc3d3d65a:c1853]
2019-06-13 22:53:43,892 INFO  client.GrpcClientProtocolClient (GrpcClientProtocolClient.java:onNext(254)) - client-C82EA620EB9B->85302df8-7a7f-4077-a053-c26dc3d3d65a: receive RaftClientReply:client-C82EA620EB9B->85302df8-7a7f-4077-a053-c26dc3d3d65a@group-4701ABA8D7D0, cid=1062, SUCCESS, logIndex=1855, commits[85302df8-7a7f-4077-a053-c26dc3d3d65a:c1855]
2019-06-13 22:53:43,892 INFO  client.GrpcClientProtocolClient (GrpcClientProtocolClient.java:onNext(254)) - client-C82EA620EB9B->85302df8-7a7f-4077-a053-c26dc3d3d65a: receive RaftClientReply:client-C82EA620EB9B->85302df8-7a7f-4077-a053-c26dc3d3d65a@group-4701ABA8D7D0, cid=1063, SUCCESS, logIndex=1856, commits[85302df8-7a7f-4077-a053-c26dc3d3d65a:c1857]
2019-06-13 22:53:43,893 INFO  client.GrpcClientProtocolClient (GrpcClientProtocolClient.java:onNext(254)) - client-C82EA620EB9B->85302df8-7a7f-4077-a053-c26dc3d3d65a: receive RaftClientReply:client-C82EA620EB9B->85302df8-7a7f-4077-a053-c26dc3d3d65a@group-4701ABA8D7D0, cid=1064, SUCCESS, logIndex=1857, commits[85302df8-7a7f-4077-a053-c26dc3d3d65a:c1858]
2019-06-13 22:53:43,904 INFO  client.GrpcClientProtocolClient (GrpcClientProtocolClient.java:onNext(254)) - client-C82EA620EB9B->85302df8-7a7f-4077-a053-c26dc3d3d65a: receive RaftClientReply:client-C82EA620EB9B->85302df8-7a7f-4077-a053-c26dc3d3d65a@group-4701ABA8D7D0, cid=1065, SUCCESS, logIndex=1860, commits[85302df8-7a7f-4077-a053-c26dc3d3d65a:c1860]
2019-06-13 22:53:43,906 INFO  client.GrpcClientProtocolClient (GrpcClientProtocolClient.java:onNext(254)) - client-C82EA620EB9B->85302df8-7a7f-4077-a053-c26dc3d3d65a: receive RaftClientReply:client-C82EA620EB9B->85302df8-7a7f-4077-a053-c26dc3d3d65a@group-4701ABA8D7D0, cid=1066, SUCCESS, logIndex=1862, commits[85302df8-7a7f-4077-a053-c26dc3d3d65a:c1862]
2019-06-13 22:53:43,907 INFO  client.GrpcClientProtocolClient (GrpcClientProtocolClient.java:onNext(254)) - client-C82EA620EB9B->85302df8-7a7f-4077-a053-c26dc3d3d65a: receive RaftClientReply:client-C82EA620EB9B->85302df8-7a7f-4077-a053-c26dc3d3d65a@group-4701ABA8D7D0, cid=1067, SUCCESS, logIndex=1863, commits[85302df8-7a7f-4077-a053-c26dc3d3d65a:c1865]
2019-06-13 22:53:43,908 INFO  client.GrpcClientProtocolClient (GrpcClientProtocolClient.java:onNext(254)) - client-C82EA620EB9B->85302df8-7a7f-4077-a053-c26dc3d3d65a: receive RaftClientReply:client-C82EA620EB9B->85302df8-7a7f-4077-a053-c26dc3d3d65a@group-4701ABA8D7D0, cid=1068, SUCCESS, logIndex=1864, commits[85302df8-7a7f-4077-a053-c26dc3d3d65a:c1865]
2019-06-13 22:53:43,914 INFO  client.GrpcClientProtocolClient (GrpcClientProtocolClient.java:onNext(254)) - client-C82EA620EB9B->85302df8-7a7f-4077-a053-c26dc3d3d65a: receive RaftClientReply:client-C82EA620EB9B->85302df8-7a7f-4077-a053-c26dc3d3d65a@group-4701ABA8D7D0, cid=1069, SUCCESS, logIndex=1866, commits[85302df8-7a7f-4077-a053-c26dc3d3d65a:c1866]
2019-06-13 22:53:43,914 INFO  storage.RaftLogWorker (RaftLogWorker.java:rollLogSegment(303)) - 85302df8-7a7f-4077-a053-c26dc3d3d65a-RaftLogWorker: Rolling segment log-1794_1867 to index:1867
2019-06-13 22:53:43,914 INFO  storage.RaftLogWorker (RaftLogWorker.java:execute(433)) - 85302df8-7a7f-4077-a053-c26dc3d3d65a-RaftLogWorker: Rolled log segment from /opt/src/hadoop-ozone/integration-test/target/test-dir/MiniOzoneClusterImpl-550f9ca0-a6d9-4a4a-902f-f07ac81eac7b/datanode-0/data/ratis/5ad10fc2-5a33-4bdd-8958-4701aba8d7d0/current/log_inprogress_1794 to /opt/src/hadoop-ozone/integration-test/target/test-dir/MiniOzoneClusterImpl-550f9ca0-a6d9-4a4a-902f-f07ac81eac7b/datanode-0/data/ratis/5ad10fc2-5a33-4bdd-8958-4701aba8d7d0/current/log_1794-1867
2019-06-13 22:53:43,925 DEBUG block.SCMBlockDeletingService (SCMBlockDeletingService.java:call(138)) - Running DeletedBlockTransactionScanner
2019-06-13 22:53:43,925 DEBUG block.SCMBlockDeletingService (SCMBlockDeletingService.java:call(155)) - Scanned deleted blocks log and got 0 delTX to process.
2019-06-13 22:53:43,950 INFO  storage.RaftLogWorker (RaftLogWorker.java:execute(469)) - 85302df8-7a7f-4077-a053-c26dc3d3d65a-RaftLogWorker: created new log segment /opt/src/hadoop-ozone/integration-test/target/test-dir/MiniOzoneClusterImpl-550f9ca0-a6d9-4a4a-902f-f07ac81eac7b/datanode-0/data/ratis/5ad10fc2-5a33-4bdd-8958-4701aba8d7d0/current/log_inprogress_1868
2019-06-13 22:53:43,953 INFO  client.GrpcClientProtocolClient (GrpcClientProtocolClient.java:onNext(254)) - client-C82EA620EB9B->85302df8-7a7f-4077-a053-c26dc3d3d65a: receive RaftClientReply:client-C82EA620EB9B->85302df8-7a7f-4077-a053-c26dc3d3d65a@group-4701ABA8D7D0, cid=1070, SUCCESS, logIndex=1868, commits[85302df8-7a7f-4077-a053-c26dc3d3d65a:c1868]
2019-06-13 22:53:43,955 INFO  client.GrpcClientProtocolClient (GrpcClientProtocolClient.java:onNext(254)) - client-C82EA620EB9B->85302df8-7a7f-4077-a053-c26dc3d3d65a: receive RaftClientReply:client-C82EA620EB9B->85302df8-7a7f-4077-a053-c26dc3d3d65a@group-4701ABA8D7D0, cid=1071, SUCCESS, logIndex=1870, commits[85302df8-7a7f-4077-a053-c26dc3d3d65a:c1871]
2019-06-13 22:53:43,956 INFO  client.GrpcClientProtocolClient (GrpcClientProtocolClient.java:onNext(254)) - client-C82EA620EB9B->85302df8-7a7f-4077-a053-c26dc3d3d65a: receive RaftClientReply:client-C82EA620EB9B->85302df8-7a7f-4077-a053-c26dc3d3d65a@group-4701ABA8D7D0, cid=1072, SUCCESS, logIndex=1871, commits[85302df8-7a7f-4077-a053-c26dc3d3d65a:c1871]
2019-06-13 22:53:43,966 INFO  client.GrpcClientProtocolClient (GrpcClientProtocolClient.java:onNext(254)) - client-C82EA620EB9B->85302df8-7a7f-4077-a053-c26dc3d3d65a: receive RaftClientReply:client-C82EA620EB9B->85302df8-7a7f-4077-a053-c26dc3d3d65a@group-4701ABA8D7D0, cid=1073, SUCCESS, logIndex=1873, commits[85302df8-7a7f-4077-a053-c26dc3d3d65a:c1873]
2019-06-13 22:53:43,969 INFO  client.GrpcClientProtocolClient (GrpcClientProtocolClient.java:onNext(254)) - client-C82EA620EB9B->85302df8-7a7f-4077-a053-c26dc3d3d65a: receive RaftClientReply:client-C82EA620EB9B->85302df8-7a7f-4077-a053-c26dc3d3d65a@group-4701ABA8D7D0, cid=1074, SUCCESS, logIndex=1875, commits[85302df8-7a7f-4077-a053-c26dc3d3d65a:c1875]
2019-06-13 22:53:43,970 INFO  client.GrpcClientProtocolClient (GrpcClientProtocolClient.java:onNext(254)) - client-C82EA620EB9B->85302df8-7a7f-4077-a053-c26dc3d3d65a: receive RaftClientReply:client-C82EA620EB9B->85302df8-7a7f-4077-a053-c26dc3d3d65a@group-4701ABA8D7D0, cid=1075, SUCCESS, logIndex=1876, commits[85302df8-7a7f-4077-a053-c26dc3d3d65a:c1878]
2019-06-13 22:53:43,970 INFO  client.GrpcClientProtocolClient (GrpcClientProtocolClient.java:onNext(254)) - client-C82EA620EB9B->85302df8-7a7f-4077-a053-c26dc3d3d65a: receive RaftClientReply:client-C82EA620EB9B->85302df8-7a7f-4077-a053-c26dc3d3d65a@group-4701ABA8D7D0, cid=1076, SUCCESS, logIndex=1878, commits[85302df8-7a7f-4077-a053-c26dc3d3d65a:c1878]
2019-06-13 22:53:43,979 INFO  client.GrpcClientProtocolClient (GrpcClientProtocolClient.java:onNext(254)) - client-C82EA620EB9B->85302df8-7a7f-4077-a053-c26dc3d3d65a: receive RaftClientReply:client-C82EA620EB9B->85302df8-7a7f-4077-a053-c26dc3d3d65a@group-4701ABA8D7D0, cid=1077, SUCCESS, logIndex=1880, commits[85302df8-7a7f-4077-a053-c26dc3d3d65a:c1881]
2019-06-13 22:53:43,982 INFO  client.GrpcClientProtocolClient (GrpcClientProtocolClient.java:onNext(254)) - client-C82EA620EB9B->85302df8-7a7f-4077-a053-c26dc3d3d65a: receive RaftClientReply:client-C82EA620EB9B->85302df8-7a7f-4077-a053-c26dc3d3d65a@group-4701ABA8D7D0, cid=1078, SUCCESS, logIndex=1882, commits[85302df8-7a7f-4077-a053-c26dc3d3d65a:c1882]
2019-06-13 22:53:43,983 INFO  client.GrpcClientProtocolClient (GrpcClientProtocolClient.java:onNext(254)) - client-C82EA620EB9B->85302df8-7a7f-4077-a053-c26dc3d3d65a: receive RaftClientReply:client-C82EA620EB9B->85302df8-7a7f-4077-a053-c26dc3d3d65a@group-4701ABA8D7D0, cid=1079, SUCCESS, logIndex=1883, commits[85302df8-7a7f-4077-a053-c26dc3d3d65a:c1885]
2019-06-13 22:53:43,983 INFO  client.GrpcClientProtocolClient (GrpcClientProtocolClient.java:onNext(254)) - client-C82EA620EB9B->85302df8-7a7f-4077-a053-c26dc3d3d65a: receive RaftClientReply:client-C82EA620EB9B->85302df8-7a7f-4077-a053-c26dc3d3d65a@group-4701ABA8D7D0, cid=1080, SUCCESS, logIndex=1885, commits[85302df8-7a7f-4077-a053-c26dc3d3d65a:c1886]
2019-06-13 22:53:43,995 INFO  client.GrpcClientProtocolClient (GrpcClientProtocolClient.java:onNext(254)) - client-C82EA620EB9B->85302df8-7a7f-4077-a053-c26dc3d3d65a: receive RaftClientReply:client-C82EA620EB9B->85302df8-7a7f-4077-a053-c26dc3d3d65a@group-4701ABA8D7D0, cid=1081, SUCCESS, logIndex=1887, commits[85302df8-7a7f-4077-a053-c26dc3d3d65a:c1887]
2019-06-13 22:53:44,000 INFO  client.GrpcClientProtocolClient (GrpcClientProtocolClient.java:onNext(254)) - client-C82EA620EB9B->85302df8-7a7f-4077-a053-c26dc3d3d65a: receive RaftClientReply:client-C82EA620EB9B->85302df8-7a7f-4077-a053-c26dc3d3d65a@group-4701ABA8D7D0, cid=1082, SUCCESS, logIndex=1889, commits[85302df8-7a7f-4077-a053-c26dc3d3d65a:c1889]
2019-06-13 22:53:44,000 INFO  client.GrpcClientProtocolClient (GrpcClientProtocolClient.java:onNext(254)) - client-C82EA620EB9B->85302df8-7a7f-4077-a053-c26dc3d3d65a: receive RaftClientReply:client-C82EA620EB9B->85302df8-7a7f-4077-a053-c26dc3d3d65a@group-4701ABA8D7D0, cid=1083, SUCCESS, logIndex=1890, commits[85302df8-7a7f-4077-a053-c26dc3d3d65a:c1892]
2019-06-13 22:53:44,000 INFO  client.GrpcClientProtocolClient (GrpcClientProtocolClient.java:onNext(254)) - client-C82EA620EB9B->85302df8-7a7f-4077-a053-c26dc3d3d65a: receive RaftClientReply:client-C82EA620EB9B->85302df8-7a7f-4077-a053-c26dc3d3d65a@group-4701ABA8D7D0, cid=1084, SUCCESS, logIndex=1891, commits[85302df8-7a7f-4077-a053-c26dc3d3d65a:c1892]
2019-06-13 22:53:44,018 INFO  client.GrpcClientProtocolClient (GrpcClientProtocolClient.java:onNext(254)) - client-C82EA620EB9B->85302df8-7a7f-4077-a053-c26dc3d3d65a: receive RaftClientReply:client-C82EA620EB9B->85302df8-7a7f-4077-a053-c26dc3d3d65a@group-4701ABA8D7D0, cid=1085, SUCCESS, logIndex=1893, commits[85302df8-7a7f-4077-a053-c26dc3d3d65a:c1893]
2019-06-13 22:53:44,025 INFO  client.GrpcClientProtocolClient (GrpcClientProtocolClient.java:onNext(254)) - client-C82EA620EB9B->85302df8-7a7f-4077-a053-c26dc3d3d65a: receive RaftClientReply:client-C82EA620EB9B->85302df8-7a7f-4077-a053-c26dc3d3d65a@group-4701ABA8D7D0, cid=1086, SUCCESS, logIndex=1895, commits[85302df8-7a7f-4077-a053-c26dc3d3d65a:c1895]
2019-06-13 22:53:44,026 DEBUG block.SCMBlockDeletingService (SCMBlockDeletingService.java:call(138)) - Running DeletedBlockTransactionScanner
2019-06-13 22:53:44,026 DEBUG block.SCMBlockDeletingService (SCMBlockDeletingService.java:call(155)) - Scanned deleted blocks log and got 0 delTX to process.
2019-06-13 22:53:44,027 INFO  client.GrpcClientProtocolClient (GrpcClientProtocolClient.java:onNext(254)) - client-C82EA620EB9B->85302df8-7a7f-4077-a053-c26dc3d3d65a: receive RaftClientReply:client-C82EA620EB9B->85302df8-7a7f-4077-a053-c26dc3d3d65a@group-4701ABA8D7D0, cid=1087, SUCCESS, logIndex=1896, commits[85302df8-7a7f-4077-a053-c26dc3d3d65a:c1898]
2019-06-13 22:53:44,028 INFO  client.GrpcClientProtocolClient (GrpcClientProtocolClient.java:onNext(254)) - client-C82EA620EB9B->85302df8-7a7f-4077-a053-c26dc3d3d65a: receive RaftClientReply:client-C82EA620EB9B->85302df8-7a7f-4077-a053-c26dc3d3d65a@group-4701ABA8D7D0, cid=1088, SUCCESS, logIndex=1897, commits[85302df8-7a7f-4077-a053-c26dc3d3d65a:c1898]
2019-06-13 22:53:44,037 INFO  client.GrpcClientProtocolClient (GrpcClientProtocolClient.java:onNext(254)) - client-C82EA620EB9B->85302df8-7a7f-4077-a053-c26dc3d3d65a: receive RaftClientReply:client-C82EA620EB9B->85302df8-7a7f-4077-a053-c26dc3d3d65a@group-4701ABA8D7D0, cid=1089, SUCCESS, logIndex=1899, commits[85302df8-7a7f-4077-a053-c26dc3d3d65a:c1899]
2019-06-13 22:53:44,040 INFO  client.GrpcClientProtocolClient (GrpcClientProtocolClient.java:onNext(254)) - client-C82EA620EB9B->85302df8-7a7f-4077-a053-c26dc3d3d65a: receive RaftClientReply:client-C82EA620EB9B->85302df8-7a7f-4077-a053-c26dc3d3d65a@group-4701ABA8D7D0, cid=1090, SUCCESS, logIndex=1901, commits[85302df8-7a7f-4077-a053-c26dc3d3d65a:c1901]
2019-06-13 22:53:44,041 INFO  client.GrpcClientProtocolClient (GrpcClientProtocolClient.java:onNext(254)) - client-C82EA620EB9B->85302df8-7a7f-4077-a053-c26dc3d3d65a: receive RaftClientReply:client-C82EA620EB9B->85302df8-7a7f-4077-a053-c26dc3d3d65a@group-4701ABA8D7D0, cid=1091, SUCCESS, logIndex=1902, commits[85302df8-7a7f-4077-a053-c26dc3d3d65a:c1904]
2019-06-13 22:53:44,041 INFO  client.GrpcClientProtocolClient (GrpcClientProtocolClient.java:onNext(254)) - client-C82EA620EB9B->85302df8-7a7f-4077-a053-c26dc3d3d65a: receive RaftClientReply:client-C82EA620EB9B->85302df8-7a7f-4077-a053-c26dc3d3d65a@group-4701ABA8D7D0, cid=1092, SUCCESS, logIndex=1904, commits[85302df8-7a7f-4077-a053-c26dc3d3d65a:c1905]
2019-06-13 22:53:44,047 INFO  client.GrpcClientProtocolClient (GrpcClientProtocolClient.java:onNext(254)) - client-C82EA620EB9B->85302df8-7a7f-4077-a053-c26dc3d3d65a: receive RaftClientReply:client-C82EA620EB9B->85302df8-7a7f-4077-a053-c26dc3d3d65a@group-4701ABA8D7D0, cid=1093, SUCCESS, logIndex=1906, commits[85302df8-7a7f-4077-a053-c26dc3d3d65a:c1906]
2019-06-13 22:53:44,049 INFO  client.GrpcClientProtocolClient (GrpcClientProtocolClient.java:onNext(254)) - client-C82EA620EB9B->85302df8-7a7f-4077-a053-c26dc3d3d65a: receive RaftClientReply:client-C82EA620EB9B->85302df8-7a7f-4077-a053-c26dc3d3d65a@group-4701ABA8D7D0, cid=1094, SUCCESS, logIndex=1908, commits[85302df8-7a7f-4077-a053-c26dc3d3d65a:c1908]
2019-06-13 22:53:44,050 INFO  client.GrpcClientProtocolClient (GrpcClientProtocolClient.java:onNext(254)) - client-C82EA620EB9B->85302df8-7a7f-4077-a053-c26dc3d3d65a: receive RaftClientReply:client-C82EA620EB9B->85302df8-7a7f-4077-a053-c26dc3d3d65a@group-4701ABA8D7D0, cid=1095, SUCCESS, logIndex=1909, commits[85302df8-7a7f-4077-a053-c26dc3d3d65a:c1910]
2019-06-13 22:53:44,051 INFO  client.GrpcClientProtocolClient (GrpcClientProtocolClient.java:onNext(254)) - client-C82EA620EB9B->85302df8-7a7f-4077-a053-c26dc3d3d65a: receive RaftClientReply:client-C82EA620EB9B->85302df8-7a7f-4077-a053-c26dc3d3d65a@group-4701ABA8D7D0, cid=1096, SUCCESS, logIndex=1910, commits[85302df8-7a7f-4077-a053-c26dc3d3d65a:c1910]
2019-06-13 22:53:44,061 INFO  client.GrpcClientProtocolClient (GrpcClientProtocolClient.java:onNext(254)) - client-C82EA620EB9B->85302df8-7a7f-4077-a053-c26dc3d3d65a: receive RaftClientReply:client-C82EA620EB9B->85302df8-7a7f-4077-a053-c26dc3d3d65a@group-4701ABA8D7D0, cid=1097, SUCCESS, logIndex=1913, commits[85302df8-7a7f-4077-a053-c26dc3d3d65a:c1913]
2019-06-13 22:53:44,064 INFO  client.GrpcClientProtocolClient (GrpcClientProtocolClient.java:onNext(254)) - client-C82EA620EB9B->85302df8-7a7f-4077-a053-c26dc3d3d65a: receive RaftClientReply:client-C82EA620EB9B->85302df8-7a7f-4077-a053-c26dc3d3d65a@group-4701ABA8D7D0, cid=1098, SUCCESS, logIndex=1915, commits[85302df8-7a7f-4077-a053-c26dc3d3d65a:c1915]
2019-06-13 22:53:44,065 INFO  client.GrpcClientProtocolClient (GrpcClientProtocolClient.java:onNext(254)) - client-C82EA620EB9B->85302df8-7a7f-4077-a053-c26dc3d3d65a: receive RaftClientReply:client-C82EA620EB9B->85302df8-7a7f-4077-a053-c26dc3d3d65a@group-4701ABA8D7D0, cid=1099, SUCCESS, logIndex=1916, commits[85302df8-7a7f-4077-a053-c26dc3d3d65a:c1917]
2019-06-13 22:53:44,065 INFO  client.GrpcClientProtocolClient (GrpcClientProtocolClient.java:onNext(254)) - client-C82EA620EB9B->85302df8-7a7f-4077-a053-c26dc3d3d65a: receive RaftClientReply:client-C82EA620EB9B->85302df8-7a7f-4077-a053-c26dc3d3d65a@group-4701ABA8D7D0, cid=1100, SUCCESS, logIndex=1917, commits[85302df8-7a7f-4077-a053-c26dc3d3d65a:c1917]
2019-06-13 22:53:44,071 INFO  client.GrpcClientProtocolClient (GrpcClientProtocolClient.java:onNext(254)) - client-C82EA620EB9B->85302df8-7a7f-4077-a053-c26dc3d3d65a: receive RaftClientReply:client-C82EA620EB9B->85302df8-7a7f-4077-a053-c26dc3d3d65a@group-4701ABA8D7D0, cid=1101, SUCCESS, logIndex=1920, commits[85302df8-7a7f-4077-a053-c26dc3d3d65a:c1920]
2019-06-13 22:53:44,074 INFO  client.GrpcClientProtocolClient (GrpcClientProtocolClient.java:onNext(254)) - client-C82EA620EB9B->85302df8-7a7f-4077-a053-c26dc3d3d65a: receive RaftClientReply:client-C82EA620EB9B->85302df8-7a7f-4077-a053-c26dc3d3d65a@group-4701ABA8D7D0, cid=1102, SUCCESS, logIndex=1922, commits[85302df8-7a7f-4077-a053-c26dc3d3d65a:c1922]
2019-06-13 22:53:44,074 INFO  client.GrpcClientProtocolClient (GrpcClientProtocolClient.java:onNext(254)) - client-C82EA620EB9B->85302df8-7a7f-4077-a053-c26dc3d3d65a: receive RaftClientReply:client-C82EA620EB9B->85302df8-7a7f-4077-a053-c26dc3d3d65a@group-4701ABA8D7D0, cid=1103, SUCCESS, logIndex=1923, commits[85302df8-7a7f-4077-a053-c26dc3d3d65a:c1924]
2019-06-13 22:53:44,075 INFO  client.GrpcClientProtocolClient (GrpcClientProtocolClient.java:onNext(254)) - client-C82EA620EB9B->85302df8-7a7f-4077-a053-c26dc3d3d65a: receive RaftClientReply:client-C82EA620EB9B->85302df8-7a7f-4077-a053-c26dc3d3d65a@group-4701ABA8D7D0, cid=1104, SUCCESS, logIndex=1924, commits[85302df8-7a7f-4077-a053-c26dc3d3d65a:c1925]
2019-06-13 22:53:44,126 DEBUG block.SCMBlockDeletingService (SCMBlockDeletingService.java:call(138)) - Running DeletedBlockTransactionScanner
2019-06-13 22:53:44,126 DEBUG block.SCMBlockDeletingService (SCMBlockDeletingService.java:call(155)) - Scanned deleted blocks log and got 0 delTX to process.
2019-06-13 22:53:44,190 INFO  client.GrpcClientProtocolClient (GrpcClientProtocolClient.java:onNext(254)) - client-C82EA620EB9B->85302df8-7a7f-4077-a053-c26dc3d3d65a: receive RaftClientReply:client-C82EA620EB9B->85302df8-7a7f-4077-a053-c26dc3d3d65a@group-4701ABA8D7D0, cid=1105, SUCCESS, logIndex=1927, commits[85302df8-7a7f-4077-a053-c26dc3d3d65a:c1927]
2019-06-13 22:53:44,192 INFO  client.GrpcClientProtocolClient (GrpcClientProtocolClient.java:onNext(254)) - client-C82EA620EB9B->85302df8-7a7f-4077-a053-c26dc3d3d65a: receive RaftClientReply:client-C82EA620EB9B->85302df8-7a7f-4077-a053-c26dc3d3d65a@group-4701ABA8D7D0, cid=1106, SUCCESS, logIndex=1929, commits[85302df8-7a7f-4077-a053-c26dc3d3d65a:c1929]
2019-06-13 22:53:44,194 INFO  client.GrpcClientProtocolClient (GrpcClientProtocolClient.java:onNext(254)) - client-C82EA620EB9B->85302df8-7a7f-4077-a053-c26dc3d3d65a: receive RaftClientReply:client-C82EA620EB9B->85302df8-7a7f-4077-a053-c26dc3d3d65a@group-4701ABA8D7D0, cid=1107, SUCCESS, logIndex=1930, commits[85302df8-7a7f-4077-a053-c26dc3d3d65a:c1932]
2019-06-13 22:53:44,195 INFO  client.GrpcClientProtocolClient (GrpcClientProtocolClient.java:onNext(254)) - client-C82EA620EB9B->85302df8-7a7f-4077-a053-c26dc3d3d65a: receive RaftClientReply:client-C82EA620EB9B->85302df8-7a7f-4077-a053-c26dc3d3d65a@group-4701ABA8D7D0, cid=1108, SUCCESS, logIndex=1932, commits[85302df8-7a7f-4077-a053-c26dc3d3d65a:c1933]
2019-06-13 22:53:44,201 INFO  client.GrpcClientProtocolClient (GrpcClientProtocolClient.java:onNext(254)) - client-C82EA620EB9B->85302df8-7a7f-4077-a053-c26dc3d3d65a: receive RaftClientReply:client-C82EA620EB9B->85302df8-7a7f-4077-a053-c26dc3d3d65a@group-4701ABA8D7D0, cid=1109, SUCCESS, logIndex=1934, commits[85302df8-7a7f-4077-a053-c26dc3d3d65a:c1934]
2019-06-13 22:53:44,202 INFO  storage.RaftLogWorker (RaftLogWorker.java:rollLogSegment(303)) - 85302df8-7a7f-4077-a053-c26dc3d3d65a-RaftLogWorker: Rolling segment log-1868_1938 to index:1938
2019-06-13 22:53:44,203 INFO  storage.RaftLogWorker (RaftLogWorker.java:execute(433)) - 85302df8-7a7f-4077-a053-c26dc3d3d65a-RaftLogWorker: Rolled log segment from /opt/src/hadoop-ozone/integration-test/target/test-dir/MiniOzoneClusterImpl-550f9ca0-a6d9-4a4a-902f-f07ac81eac7b/datanode-0/data/ratis/5ad10fc2-5a33-4bdd-8958-4701aba8d7d0/current/log_inprogress_1868 to /opt/src/hadoop-ozone/integration-test/target/test-dir/MiniOzoneClusterImpl-550f9ca0-a6d9-4a4a-902f-f07ac81eac7b/datanode-0/data/ratis/5ad10fc2-5a33-4bdd-8958-4701aba8d7d0/current/log_1868-1938
2019-06-13 22:53:44,205 INFO  client.GrpcClientProtocolClient (GrpcClientProtocolClient.java:onNext(254)) - client-C82EA620EB9B->85302df8-7a7f-4077-a053-c26dc3d3d65a: receive RaftClientReply:client-C82EA620EB9B->85302df8-7a7f-4077-a053-c26dc3d3d65a@group-4701ABA8D7D0, cid=1110, SUCCESS, logIndex=1936, commits[85302df8-7a7f-4077-a053-c26dc3d3d65a:c1936]
2019-06-13 22:53:44,205 INFO  client.GrpcClientProtocolClient (GrpcClientProtocolClient.java:onNext(254)) - client-C82EA620EB9B->85302df8-7a7f-4077-a053-c26dc3d3d65a: receive RaftClientReply:client-C82EA620EB9B->85302df8-7a7f-4077-a053-c26dc3d3d65a@group-4701ABA8D7D0, cid=1111, SUCCESS, logIndex=1937, commits[85302df8-7a7f-4077-a053-c26dc3d3d65a:c1938]
2019-06-13 22:53:44,226 DEBUG block.SCMBlockDeletingService (SCMBlockDeletingService.java:call(138)) - Running DeletedBlockTransactionScanner
2019-06-13 22:53:44,241 DEBUG block.SCMBlockDeletingService (SCMBlockDeletingService.java:call(155)) - Scanned deleted blocks log and got 0 delTX to process.
2019-06-13 22:53:44,243 INFO  storage.RaftLogWorker (RaftLogWorker.java:execute(469)) - 85302df8-7a7f-4077-a053-c26dc3d3d65a-RaftLogWorker: created new log segment /opt/src/hadoop-ozone/integration-test/target/test-dir/MiniOzoneClusterImpl-550f9ca0-a6d9-4a4a-902f-f07ac81eac7b/datanode-0/data/ratis/5ad10fc2-5a33-4bdd-8958-4701aba8d7d0/current/log_inprogress_1939
2019-06-13 22:53:44,245 INFO  client.GrpcClientProtocolClient (GrpcClientProtocolClient.java:onNext(254)) - client-C82EA620EB9B->85302df8-7a7f-4077-a053-c26dc3d3d65a: receive RaftClientReply:client-C82EA620EB9B->85302df8-7a7f-4077-a053-c26dc3d3d65a@group-4701ABA8D7D0, cid=1112, SUCCESS, logIndex=1939, commits[85302df8-7a7f-4077-a053-c26dc3d3d65a:c1939]
2019-06-13 22:53:44,256 INFO  client.GrpcClientProtocolClient (GrpcClientProtocolClient.java:onNext(254)) - client-C82EA620EB9B->85302df8-7a7f-4077-a053-c26dc3d3d65a: receive RaftClientReply:client-C82EA620EB9B->85302df8-7a7f-4077-a053-c26dc3d3d65a@group-4701ABA8D7D0, cid=1113, SUCCESS, logIndex=1941, commits[85302df8-7a7f-4077-a053-c26dc3d3d65a:c1941]
2019-06-13 22:53:44,258 INFO  client.GrpcClientProtocolClient (GrpcClientProtocolClient.java:onNext(254)) - client-C82EA620EB9B->85302df8-7a7f-4077-a053-c26dc3d3d65a: receive RaftClientReply:client-C82EA620EB9B->85302df8-7a7f-4077-a053-c26dc3d3d65a@group-4701ABA8D7D0, cid=1114, SUCCESS, logIndex=1943, commits[85302df8-7a7f-4077-a053-c26dc3d3d65a:c1943]
2019-06-13 22:53:44,259 INFO  client.GrpcClientProtocolClient (GrpcClientProtocolClient.java:onNext(254)) - client-C82EA620EB9B->85302df8-7a7f-4077-a053-c26dc3d3d65a: receive RaftClientReply:client-C82EA620EB9B->85302df8-7a7f-4077-a053-c26dc3d3d65a@group-4701ABA8D7D0, cid=1115, SUCCESS, logIndex=1944, commits[85302df8-7a7f-4077-a053-c26dc3d3d65a:c1946]
2019-06-13 22:53:44,259 INFO  client.GrpcClientProtocolClient (GrpcClientProtocolClient.java:onNext(254)) - client-C82EA620EB9B->85302df8-7a7f-4077-a053-c26dc3d3d65a: receive RaftClientReply:client-C82EA620EB9B->85302df8-7a7f-4077-a053-c26dc3d3d65a@group-4701ABA8D7D0, cid=1116, SUCCESS, logIndex=1945, commits[85302df8-7a7f-4077-a053-c26dc3d3d65a:c1946]
2019-06-13 22:53:44,265 INFO  client.GrpcClientProtocolClient (GrpcClientProtocolClient.java:onNext(254)) - client-C82EA620EB9B->85302df8-7a7f-4077-a053-c26dc3d3d65a: receive RaftClientReply:client-C82EA620EB9B->85302df8-7a7f-4077-a053-c26dc3d3d65a@group-4701ABA8D7D0, cid=1117, SUCCESS, logIndex=1947, commits[85302df8-7a7f-4077-a053-c26dc3d3d65a:c1947]
2019-06-13 22:53:44,268 INFO  client.GrpcClientProtocolClient (GrpcClientProtocolClient.java:onNext(254)) - client-C82EA620EB9B->85302df8-7a7f-4077-a053-c26dc3d3d65a: receive RaftClientReply:client-C82EA620EB9B->85302df8-7a7f-4077-a053-c26dc3d3d65a@group-4701ABA8D7D0, cid=1118, SUCCESS, logIndex=1949, commits[85302df8-7a7f-4077-a053-c26dc3d3d65a:c1949]
2019-06-13 22:53:44,268 INFO  client.GrpcClientProtocolClient (GrpcClientProtocolClient.java:onNext(254)) - client-C82EA620EB9B->85302df8-7a7f-4077-a053-c26dc3d3d65a: receive RaftClientReply:client-C82EA620EB9B->85302df8-7a7f-4077-a053-c26dc3d3d65a@group-4701ABA8D7D0, cid=1119, SUCCESS, logIndex=1950, commits[85302df8-7a7f-4077-a053-c26dc3d3d65a:c1952]
2019-06-13 22:53:44,269 INFO  client.GrpcClientProtocolClient (GrpcClientProtocolClient.java:onNext(254)) - client-C82EA620EB9B->85302df8-7a7f-4077-a053-c26dc3d3d65a: receive RaftClientReply:client-C82EA620EB9B->85302df8-7a7f-4077-a053-c26dc3d3d65a@group-4701ABA8D7D0, cid=1120, SUCCESS, logIndex=1952, commits[85302df8-7a7f-4077-a053-c26dc3d3d65a:c1952]
2019-06-13 22:53:44,279 INFO  client.GrpcClientProtocolClient (GrpcClientProtocolClient.java:onNext(254)) - client-C82EA620EB9B->85302df8-7a7f-4077-a053-c26dc3d3d65a: receive RaftClientReply:client-C82EA620EB9B->85302df8-7a7f-4077-a053-c26dc3d3d65a@group-4701ABA8D7D0, cid=1121, SUCCESS, logIndex=1954, commits[85302df8-7a7f-4077-a053-c26dc3d3d65a:c1954]
2019-06-13 22:53:44,281 INFO  client.GrpcClientProtocolClient (GrpcClientProtocolClient.java:onNext(254)) - client-C82EA620EB9B->85302df8-7a7f-4077-a053-c26dc3d3d65a: receive RaftClientReply:client-C82EA620EB9B->85302df8-7a7f-4077-a053-c26dc3d3d65a@group-4701ABA8D7D0, cid=1122, SUCCESS, logIndex=1956, commits[85302df8-7a7f-4077-a053-c26dc3d3d65a:c1956]
2019-06-13 22:53:44,282 INFO  client.GrpcClientProtocolClient (GrpcClientProtocolClient.java:onNext(254)) - client-C82EA620EB9B->85302df8-7a7f-4077-a053-c26dc3d3d65a: receive RaftClientReply:client-C82EA620EB9B->85302df8-7a7f-4077-a053-c26dc3d3d65a@group-4701ABA8D7D0, cid=1123, SUCCESS, logIndex=1957, commits[85302df8-7a7f-4077-a053-c26dc3d3d65a:c1959]
2019-06-13 22:53:44,282 INFO  client.GrpcClientProtocolClient (GrpcClientProtocolClient.java:onNext(254)) - client-C82EA620EB9B->85302df8-7a7f-4077-a053-c26dc3d3d65a: receive RaftClientReply:client-C82EA620EB9B->85302df8-7a7f-4077-a053-c26dc3d3d65a@group-4701ABA8D7D0, cid=1124, SUCCESS, logIndex=1959, commits[85302df8-7a7f-4077-a053-c26dc3d3d65a:c1960]
2019-06-13 22:53:44,289 INFO  client.GrpcClientProtocolClient (GrpcClientProtocolClient.java:onNext(254)) - client-C82EA620EB9B->85302df8-7a7f-4077-a053-c26dc3d3d65a: receive RaftClientReply:client-C82EA620EB9B->85302df8-7a7f-4077-a053-c26dc3d3d65a@group-4701ABA8D7D0, cid=1125, SUCCESS, logIndex=1961, commits[85302df8-7a7f-4077-a053-c26dc3d3d65a:c1961]
2019-06-13 22:53:44,292 INFO  client.GrpcClientProtocolClient (GrpcClientProtocolClient.java:onNext(254)) - client-C82EA620EB9B->85302df8-7a7f-4077-a053-c26dc3d3d65a: receive RaftClientReply:client-C82EA620EB9B->85302df8-7a7f-4077-a053-c26dc3d3d65a@group-4701ABA8D7D0, cid=1126, SUCCESS, logIndex=1963, commits[85302df8-7a7f-4077-a053-c26dc3d3d65a:c1963]
2019-06-13 22:53:44,292 INFO  client.GrpcClientProtocolClient (GrpcClientProtocolClient.java:onNext(254)) - client-C82EA620EB9B->85302df8-7a7f-4077-a053-c26dc3d3d65a: receive RaftClientReply:client-C82EA620EB9B->85302df8-7a7f-4077-a053-c26dc3d3d65a@group-4701ABA8D7D0, cid=1127, SUCCESS, logIndex=1964, commits[85302df8-7a7f-4077-a053-c26dc3d3d65a:c1965]
2019-06-13 22:53:44,293 INFO  client.GrpcClientProtocolClient (GrpcClientProtocolClient.java:onNext(254)) - client-C82EA620EB9B->85302df8-7a7f-4077-a053-c26dc3d3d65a: receive RaftClientReply:client-C82EA620EB9B->85302df8-7a7f-4077-a053-c26dc3d3d65a@group-4701ABA8D7D0, cid=1128, SUCCESS, logIndex=1965, commits[85302df8-7a7f-4077-a053-c26dc3d3d65a:c1966]
2019-06-13 22:53:44,304 INFO  client.GrpcClientProtocolClient (GrpcClientProtocolClient.java:onNext(254)) - client-C82EA620EB9B->85302df8-7a7f-4077-a053-c26dc3d3d65a: receive RaftClientReply:client-C82EA620EB9B->85302df8-7a7f-4077-a053-c26dc3d3d65a@group-4701ABA8D7D0, cid=1129, SUCCESS, logIndex=1968, commits[85302df8-7a7f-4077-a053-c26dc3d3d65a:c1968]
2019-06-13 22:53:44,306 INFO  client.GrpcClientProtocolClient (GrpcClientProtocolClient.java:onNext(254)) - client-C82EA620EB9B->85302df8-7a7f-4077-a053-c26dc3d3d65a: receive RaftClientReply:client-C82EA620EB9B->85302df8-7a7f-4077-a053-c26dc3d3d65a@group-4701ABA8D7D0, cid=1130, SUCCESS, logIndex=1970, commits[85302df8-7a7f-4077-a053-c26dc3d3d65a:c1970]
2019-06-13 22:53:44,309 INFO  client.GrpcClientProtocolClient (GrpcClientProtocolClient.java:onNext(254)) - client-C82EA620EB9B->85302df8-7a7f-4077-a053-c26dc3d3d65a: receive RaftClientReply:client-C82EA620EB9B->85302df8-7a7f-4077-a053-c26dc3d3d65a@group-4701ABA8D7D0, cid=1131, SUCCESS, logIndex=1972, commits[85302df8-7a7f-4077-a053-c26dc3d3d65a:c1973]
2019-06-13 22:53:44,310 INFO  client.GrpcClientProtocolClient (GrpcClientProtocolClient.java:onNext(254)) - client-C82EA620EB9B->85302df8-7a7f-4077-a053-c26dc3d3d65a: receive RaftClientReply:client-C82EA620EB9B->85302df8-7a7f-4077-a053-c26dc3d3d65a@group-4701ABA8D7D0, cid=1132, SUCCESS, logIndex=1973, commits[85302df8-7a7f-4077-a053-c26dc3d3d65a:c1974]
2019-06-13 22:53:44,316 INFO  client.GrpcClientProtocolClient (GrpcClientProtocolClient.java:onNext(254)) - client-C82EA620EB9B->85302df8-7a7f-4077-a053-c26dc3d3d65a: receive RaftClientReply:client-C82EA620EB9B->85302df8-7a7f-4077-a053-c26dc3d3d65a@group-4701ABA8D7D0, cid=1133, SUCCESS, logIndex=1975, commits[85302df8-7a7f-4077-a053-c26dc3d3d65a:c1975]
2019-06-13 22:53:44,319 INFO  client.GrpcClientProtocolClient (GrpcClientProtocolClient.java:onNext(254)) - client-C82EA620EB9B->85302df8-7a7f-4077-a053-c26dc3d3d65a: receive RaftClientReply:client-C82EA620EB9B->85302df8-7a7f-4077-a053-c26dc3d3d65a@group-4701ABA8D7D0, cid=1134, SUCCESS, logIndex=1977, commits[85302df8-7a7f-4077-a053-c26dc3d3d65a:c1977]
2019-06-13 22:53:44,320 INFO  client.GrpcClientProtocolClient (GrpcClientProtocolClient.java:onNext(254)) - client-C82EA620EB9B->85302df8-7a7f-4077-a053-c26dc3d3d65a: receive RaftClientReply:client-C82EA620EB9B->85302df8-7a7f-4077-a053-c26dc3d3d65a@group-4701ABA8D7D0, cid=1135, SUCCESS, logIndex=1978, commits[85302df8-7a7f-4077-a053-c26dc3d3d65a:c1978]
2019-06-13 22:53:44,321 INFO  client.GrpcClientProtocolClient (GrpcClientProtocolClient.java:onNext(254)) - client-C82EA620EB9B->85302df8-7a7f-4077-a053-c26dc3d3d65a: receive RaftClientReply:client-C82EA620EB9B->85302df8-7a7f-4077-a053-c26dc3d3d65a@group-4701ABA8D7D0, cid=1136, SUCCESS, logIndex=1981, commits[85302df8-7a7f-4077-a053-c26dc3d3d65a:c1981]
2019-06-13 22:53:44,332 INFO  client.GrpcClientProtocolClient (GrpcClientProtocolClient.java:onNext(254)) - client-C82EA620EB9B->85302df8-7a7f-4077-a053-c26dc3d3d65a: receive RaftClientReply:client-C82EA620EB9B->85302df8-7a7f-4077-a053-c26dc3d3d65a@group-4701ABA8D7D0, cid=1137, SUCCESS, logIndex=1983, commits[85302df8-7a7f-4077-a053-c26dc3d3d65a:c1983]
2019-06-13 22:53:44,334 INFO  client.GrpcClientProtocolClient (GrpcClientProtocolClient.java:onNext(254)) - client-C82EA620EB9B->85302df8-7a7f-4077-a053-c26dc3d3d65a: receive RaftClientReply:client-C82EA620EB9B->85302df8-7a7f-4077-a053-c26dc3d3d65a@group-4701ABA8D7D0, cid=1138, SUCCESS, logIndex=1985, commits[85302df8-7a7f-4077-a053-c26dc3d3d65a:c1985]
2019-06-13 22:53:44,335 INFO  client.GrpcClientProtocolClient (GrpcClientProtocolClient.java:onNext(254)) - client-C82EA620EB9B->85302df8-7a7f-4077-a053-c26dc3d3d65a: receive RaftClientReply:client-C82EA620EB9B->85302df8-7a7f-4077-a053-c26dc3d3d65a@group-4701ABA8D7D0, cid=1139, SUCCESS, logIndex=1986, commits[85302df8-7a7f-4077-a053-c26dc3d3d65a:c1987]
2019-06-13 22:53:44,335 INFO  client.GrpcClientProtocolClient (GrpcClientProtocolClient.java:onNext(254)) - client-C82EA620EB9B->85302df8-7a7f-4077-a053-c26dc3d3d65a: receive RaftClientReply:client-C82EA620EB9B->85302df8-7a7f-4077-a053-c26dc3d3d65a@group-4701ABA8D7D0, cid=1140, SUCCESS, logIndex=1987, commits[85302df8-7a7f-4077-a053-c26dc3d3d65a:c1987]
2019-06-13 22:53:44,341 DEBUG block.SCMBlockDeletingService (SCMBlockDeletingService.java:call(138)) - Running DeletedBlockTransactionScanner
2019-06-13 22:53:44,341 DEBUG block.SCMBlockDeletingService (SCMBlockDeletingService.java:call(155)) - Scanned deleted blocks log and got 0 delTX to process.
2019-06-13 22:53:44,342 INFO  client.GrpcClientProtocolClient (GrpcClientProtocolClient.java:onNext(254)) - client-C82EA620EB9B->85302df8-7a7f-4077-a053-c26dc3d3d65a: receive RaftClientReply:client-C82EA620EB9B->85302df8-7a7f-4077-a053-c26dc3d3d65a@group-4701ABA8D7D0, cid=1141, SUCCESS, logIndex=1990, commits[85302df8-7a7f-4077-a053-c26dc3d3d65a:c1990]
2019-06-13 22:53:44,346 INFO  client.GrpcClientProtocolClient (GrpcClientProtocolClient.java:onNext(254)) - client-C82EA620EB9B->85302df8-7a7f-4077-a053-c26dc3d3d65a: receive RaftClientReply:client-C82EA620EB9B->85302df8-7a7f-4077-a053-c26dc3d3d65a@group-4701ABA8D7D0, cid=1142, SUCCESS, logIndex=1992, commits[85302df8-7a7f-4077-a053-c26dc3d3d65a:c1992]
2019-06-13 22:53:44,346 INFO  client.GrpcClientProtocolClient (GrpcClientProtocolClient.java:onNext(254)) - client-C82EA620EB9B->85302df8-7a7f-4077-a053-c26dc3d3d65a: receive RaftClientReply:client-C82EA620EB9B->85302df8-7a7f-4077-a053-c26dc3d3d65a@group-4701ABA8D7D0, cid=1143, SUCCESS, logIndex=1993, commits[85302df8-7a7f-4077-a053-c26dc3d3d65a:c1994]
2019-06-13 22:53:44,346 INFO  client.GrpcClientProtocolClient (GrpcClientProtocolClient.java:onNext(254)) - client-C82EA620EB9B->85302df8-7a7f-4077-a053-c26dc3d3d65a: receive RaftClientReply:client-C82EA620EB9B->85302df8-7a7f-4077-a053-c26dc3d3d65a@group-4701ABA8D7D0, cid=1144, SUCCESS, logIndex=1994, commits[85302df8-7a7f-4077-a053-c26dc3d3d65a:c1994]
2019-06-13 22:53:44,358 INFO  client.GrpcClientProtocolClient (GrpcClientProtocolClient.java:onNext(254)) - client-C82EA620EB9B->85302df8-7a7f-4077-a053-c26dc3d3d65a: receive RaftClientReply:client-C82EA620EB9B->85302df8-7a7f-4077-a053-c26dc3d3d65a@group-4701ABA8D7D0, cid=1145, SUCCESS, logIndex=1997, commits[85302df8-7a7f-4077-a053-c26dc3d3d65a:c1997]
2019-06-13 22:53:44,359 INFO  client.GrpcClientProtocolClient (GrpcClientProtocolClient.java:onNext(254)) - client-C82EA620EB9B->85302df8-7a7f-4077-a053-c26dc3d3d65a: receive RaftClientReply:client-C82EA620EB9B->85302df8-7a7f-4077-a053-c26dc3d3d65a@group-4701ABA8D7D0, cid=1146, SUCCESS, logIndex=1999, commits[85302df8-7a7f-4077-a053-c26dc3d3d65a:c1999]
2019-06-13 22:53:44,360 INFO  client.GrpcClientProtocolClient (GrpcClientProtocolClient.java:onNext(254)) - client-C82EA620EB9B->85302df8-7a7f-4077-a053-c26dc3d3d65a: receive RaftClientReply:client-C82EA620EB9B->85302df8-7a7f-4077-a053-c26dc3d3d65a@group-4701ABA8D7D0, cid=1147, SUCCESS, logIndex=2000, commits[85302df8-7a7f-4077-a053-c26dc3d3d65a:c2002]
2019-06-13 22:53:44,361 INFO  client.GrpcClientProtocolClient (GrpcClientProtocolClient.java:onNext(254)) - client-C82EA620EB9B->85302df8-7a7f-4077-a053-c26dc3d3d65a: receive RaftClientReply:client-C82EA620EB9B->85302df8-7a7f-4077-a053-c26dc3d3d65a@group-4701ABA8D7D0, cid=1148, SUCCESS, logIndex=2002, commits[85302df8-7a7f-4077-a053-c26dc3d3d65a:c2002]
2019-06-13 22:53:44,442 DEBUG block.SCMBlockDeletingService (SCMBlockDeletingService.java:call(138)) - Running DeletedBlockTransactionScanner
2019-06-13 22:53:44,442 DEBUG block.SCMBlockDeletingService (SCMBlockDeletingService.java:call(155)) - Scanned deleted blocks log and got 0 delTX to process.
2019-06-13 22:53:44,453 INFO  client.GrpcClientProtocolClient (GrpcClientProtocolClient.java:onNext(254)) - client-C82EA620EB9B->85302df8-7a7f-4077-a053-c26dc3d3d65a: receive RaftClientReply:client-C82EA620EB9B->85302df8-7a7f-4077-a053-c26dc3d3d65a@group-4701ABA8D7D0, cid=1149, SUCCESS, logIndex=2004, commits[85302df8-7a7f-4077-a053-c26dc3d3d65a:c2004]
2019-06-13 22:53:44,457 INFO  client.GrpcClientProtocolClient (GrpcClientProtocolClient.java:onNext(254)) - client-C82EA620EB9B->85302df8-7a7f-4077-a053-c26dc3d3d65a: receive RaftClientReply:client-C82EA620EB9B->85302df8-7a7f-4077-a053-c26dc3d3d65a@group-4701ABA8D7D0, cid=1150, SUCCESS, logIndex=2006, commits[85302df8-7a7f-4077-a053-c26dc3d3d65a:c2006]
2019-06-13 22:53:44,458 INFO  client.GrpcClientProtocolClient (GrpcClientProtocolClient.java:onNext(254)) - client-C82EA620EB9B->85302df8-7a7f-4077-a053-c26dc3d3d65a: receive RaftClientReply:client-C82EA620EB9B->85302df8-7a7f-4077-a053-c26dc3d3d65a@group-4701ABA8D7D0, cid=1151, SUCCESS, logIndex=2007, commits[85302df8-7a7f-4077-a053-c26dc3d3d65a:c2008]
2019-06-13 22:53:44,458 INFO  client.GrpcClientProtocolClient (GrpcClientProtocolClient.java:onNext(254)) - client-C82EA620EB9B->85302df8-7a7f-4077-a053-c26dc3d3d65a: receive RaftClientReply:client-C82EA620EB9B->85302df8-7a7f-4077-a053-c26dc3d3d65a@group-4701ABA8D7D0, cid=1152, SUCCESS, logIndex=2008, commits[85302df8-7a7f-4077-a053-c26dc3d3d65a:c2010]
2019-06-13 22:53:44,469 INFO  client.GrpcClientProtocolClient (GrpcClientProtocolClient.java:onNext(254)) - client-C82EA620EB9B->85302df8-7a7f-4077-a053-c26dc3d3d65a: receive RaftClientReply:client-C82EA620EB9B->85302df8-7a7f-4077-a053-c26dc3d3d65a@group-4701ABA8D7D0, cid=1153, SUCCESS, logIndex=2011, commits[85302df8-7a7f-4077-a053-c26dc3d3d65a:c2011]
2019-06-13 22:53:44,469 INFO  storage.RaftLogWorker (RaftLogWorker.java:rollLogSegment(303)) - 85302df8-7a7f-4077-a053-c26dc3d3d65a-RaftLogWorker: Rolling segment log-1939_2013 to index:2013
2019-06-13 22:53:44,471 INFO  storage.RaftLogWorker (RaftLogWorker.java:execute(433)) - 85302df8-7a7f-4077-a053-c26dc3d3d65a-RaftLogWorker: Rolled log segment from /opt/src/hadoop-ozone/integration-test/target/test-dir/MiniOzoneClusterImpl-550f9ca0-a6d9-4a4a-902f-f07ac81eac7b/datanode-0/data/ratis/5ad10fc2-5a33-4bdd-8958-4701aba8d7d0/current/log_inprogress_1939 to /opt/src/hadoop-ozone/integration-test/target/test-dir/MiniOzoneClusterImpl-550f9ca0-a6d9-4a4a-902f-f07ac81eac7b/datanode-0/data/ratis/5ad10fc2-5a33-4bdd-8958-4701aba8d7d0/current/log_1939-2013
2019-06-13 22:53:44,474 INFO  client.GrpcClientProtocolClient (GrpcClientProtocolClient.java:onNext(254)) - client-C82EA620EB9B->85302df8-7a7f-4077-a053-c26dc3d3d65a: receive RaftClientReply:client-C82EA620EB9B->85302df8-7a7f-4077-a053-c26dc3d3d65a@group-4701ABA8D7D0, cid=1154, SUCCESS, logIndex=2013, commits[85302df8-7a7f-4077-a053-c26dc3d3d65a:c2013]
2019-06-13 22:53:44,508 INFO  storage.RaftLogWorker (RaftLogWorker.java:execute(469)) - 85302df8-7a7f-4077-a053-c26dc3d3d65a-RaftLogWorker: created new log segment /opt/src/hadoop-ozone/integration-test/target/test-dir/MiniOzoneClusterImpl-550f9ca0-a6d9-4a4a-902f-f07ac81eac7b/datanode-0/data/ratis/5ad10fc2-5a33-4bdd-8958-4701aba8d7d0/current/log_inprogress_2014
2019-06-13 22:53:44,510 INFO  client.GrpcClientProtocolClient (GrpcClientProtocolClient.java:onNext(254)) - client-C82EA620EB9B->85302df8-7a7f-4077-a053-c26dc3d3d65a: receive RaftClientReply:client-C82EA620EB9B->85302df8-7a7f-4077-a053-c26dc3d3d65a@group-4701ABA8D7D0, cid=1155, SUCCESS, logIndex=2014, commits[85302df8-7a7f-4077-a053-c26dc3d3d65a:c2016]
2019-06-13 22:53:44,511 INFO  client.GrpcClientProtocolClient (GrpcClientProtocolClient.java:onNext(254)) - client-C82EA620EB9B->85302df8-7a7f-4077-a053-c26dc3d3d65a: receive RaftClientReply:client-C82EA620EB9B->85302df8-7a7f-4077-a053-c26dc3d3d65a@group-4701ABA8D7D0, cid=1156, SUCCESS, logIndex=2015, commits[85302df8-7a7f-4077-a053-c26dc3d3d65a:c2016]
2019-06-13 22:53:44,517 INFO  client.GrpcClientProtocolClient (GrpcClientProtocolClient.java:onNext(254)) - client-C82EA620EB9B->85302df8-7a7f-4077-a053-c26dc3d3d65a: receive RaftClientReply:client-C82EA620EB9B->85302df8-7a7f-4077-a053-c26dc3d3d65a@group-4701ABA8D7D0, cid=1157, SUCCESS, logIndex=2017, commits[85302df8-7a7f-4077-a053-c26dc3d3d65a:c2017]
2019-06-13 22:53:44,520 INFO  client.GrpcClientProtocolClient (GrpcClientProtocolClient.java:onNext(254)) - client-C82EA620EB9B->85302df8-7a7f-4077-a053-c26dc3d3d65a: receive RaftClientReply:client-C82EA620EB9B->85302df8-7a7f-4077-a053-c26dc3d3d65a@group-4701ABA8D7D0, cid=1158, SUCCESS, logIndex=2019, commits[85302df8-7a7f-4077-a053-c26dc3d3d65a:c2019]
2019-06-13 22:53:44,521 INFO  client.GrpcClientProtocolClient (GrpcClientProtocolClient.java:onNext(254)) - client-C82EA620EB9B->85302df8-7a7f-4077-a053-c26dc3d3d65a: receive RaftClientReply:client-C82EA620EB9B->85302df8-7a7f-4077-a053-c26dc3d3d65a@group-4701ABA8D7D0, cid=1159, SUCCESS, logIndex=2020, commits[85302df8-7a7f-4077-a053-c26dc3d3d65a:c2021]
2019-06-13 22:53:44,522 INFO  client.GrpcClientProtocolClient (GrpcClientProtocolClient.java:onNext(254)) - client-C82EA620EB9B->85302df8-7a7f-4077-a053-c26dc3d3d65a: receive RaftClientReply:client-C82EA620EB9B->85302df8-7a7f-4077-a053-c26dc3d3d65a@group-4701ABA8D7D0, cid=1160, SUCCESS, logIndex=2021, commits[85302df8-7a7f-4077-a053-c26dc3d3d65a:c2021]
2019-06-13 22:53:44,532 INFO  client.GrpcClientProtocolClient (GrpcClientProtocolClient.java:onNext(254)) - client-C82EA620EB9B->85302df8-7a7f-4077-a053-c26dc3d3d65a: receive RaftClientReply:client-C82EA620EB9B->85302df8-7a7f-4077-a053-c26dc3d3d65a@group-4701ABA8D7D0, cid=1161, SUCCESS, logIndex=2024, commits[85302df8-7a7f-4077-a053-c26dc3d3d65a:c2024]
2019-06-13 22:53:44,534 INFO  client.GrpcClientProtocolClient (GrpcClientProtocolClient.java:onNext(254)) - client-C82EA620EB9B->85302df8-7a7f-4077-a053-c26dc3d3d65a: receive RaftClientReply:client-C82EA620EB9B->85302df8-7a7f-4077-a053-c26dc3d3d65a@group-4701ABA8D7D0, cid=1162, SUCCESS, logIndex=2026, commits[85302df8-7a7f-4077-a053-c26dc3d3d65a:c2026]
2019-06-13 22:53:44,535 INFO  client.GrpcClientProtocolClient (GrpcClientProtocolClient.java:onNext(254)) - client-C82EA620EB9B->85302df8-7a7f-4077-a053-c26dc3d3d65a: receive RaftClientReply:client-C82EA620EB9B->85302df8-7a7f-4077-a053-c26dc3d3d65a@group-4701ABA8D7D0, cid=1163, SUCCESS, logIndex=2027, commits[85302df8-7a7f-4077-a053-c26dc3d3d65a:c2028]
2019-06-13 22:53:44,535 INFO  client.GrpcClientProtocolClient (GrpcClientProtocolClient.java:onNext(254)) - client-C82EA620EB9B->85302df8-7a7f-4077-a053-c26dc3d3d65a: receive RaftClientReply:client-C82EA620EB9B->85302df8-7a7f-4077-a053-c26dc3d3d65a@group-4701ABA8D7D0, cid=1164, SUCCESS, logIndex=2028, commits[85302df8-7a7f-4077-a053-c26dc3d3d65a:c2028]
2019-06-13 22:53:44,541 INFO  client.GrpcClientProtocolClient (GrpcClientProtocolClient.java:onNext(254)) - client-C82EA620EB9B->85302df8-7a7f-4077-a053-c26dc3d3d65a: receive RaftClientReply:client-C82EA620EB9B->85302df8-7a7f-4077-a053-c26dc3d3d65a@group-4701ABA8D7D0, cid=1165, SUCCESS, logIndex=2031, commits[85302df8-7a7f-4077-a053-c26dc3d3d65a:c2031]
2019-06-13 22:53:44,542 DEBUG block.SCMBlockDeletingService (SCMBlockDeletingService.java:call(138)) - Running DeletedBlockTransactionScanner
2019-06-13 22:53:44,542 DEBUG block.SCMBlockDeletingService (SCMBlockDeletingService.java:call(155)) - Scanned deleted blocks log and got 0 delTX to process.
2019-06-13 22:53:44,544 INFO  client.GrpcClientProtocolClient (GrpcClientProtocolClient.java:onNext(254)) - client-C82EA620EB9B->85302df8-7a7f-4077-a053-c26dc3d3d65a: receive RaftClientReply:client-C82EA620EB9B->85302df8-7a7f-4077-a053-c26dc3d3d65a@group-4701ABA8D7D0, cid=1166, SUCCESS, logIndex=2033, commits[85302df8-7a7f-4077-a053-c26dc3d3d65a:c2033]
2019-06-13 22:53:44,544 INFO  client.GrpcClientProtocolClient (GrpcClientProtocolClient.java:onNext(254)) - client-C82EA620EB9B->85302df8-7a7f-4077-a053-c26dc3d3d65a: receive RaftClientReply:client-C82EA620EB9B->85302df8-7a7f-4077-a053-c26dc3d3d65a@group-4701ABA8D7D0, cid=1167, SUCCESS, logIndex=2034, commits[85302df8-7a7f-4077-a053-c26dc3d3d65a:c2035]
2019-06-13 22:53:44,545 INFO  client.GrpcClientProtocolClient (GrpcClientProtocolClient.java:onNext(254)) - client-C82EA620EB9B->85302df8-7a7f-4077-a053-c26dc3d3d65a: receive RaftClientReply:client-C82EA620EB9B->85302df8-7a7f-4077-a053-c26dc3d3d65a@group-4701ABA8D7D0, cid=1168, SUCCESS, logIndex=2035, commits[85302df8-7a7f-4077-a053-c26dc3d3d65a:c2035]
2019-06-13 22:53:44,555 INFO  client.GrpcClientProtocolClient (GrpcClientProtocolClient.java:onNext(254)) - client-C82EA620EB9B->85302df8-7a7f-4077-a053-c26dc3d3d65a: receive RaftClientReply:client-C82EA620EB9B->85302df8-7a7f-4077-a053-c26dc3d3d65a@group-4701ABA8D7D0, cid=1169, SUCCESS, logIndex=2038, commits[85302df8-7a7f-4077-a053-c26dc3d3d65a:c2038]
2019-06-13 22:53:44,557 INFO  client.GrpcClientProtocolClient (GrpcClientProtocolClient.java:onNext(254)) - client-C82EA620EB9B->85302df8-7a7f-4077-a053-c26dc3d3d65a: receive RaftClientReply:client-C82EA620EB9B->85302df8-7a7f-4077-a053-c26dc3d3d65a@group-4701ABA8D7D0, cid=1170, SUCCESS, logIndex=2040, commits[85302df8-7a7f-4077-a053-c26dc3d3d65a:c2040]
2019-06-13 22:53:44,558 INFO  client.GrpcClientProtocolClient (GrpcClientProtocolClient.java:onNext(254)) - client-C82EA620EB9B->85302df8-7a7f-4077-a053-c26dc3d3d65a: receive RaftClientReply:client-C82EA620EB9B->85302df8-7a7f-4077-a053-c26dc3d3d65a@group-4701ABA8D7D0, cid=1171, SUCCESS, logIndex=2041, commits[85302df8-7a7f-4077-a053-c26dc3d3d65a:c2043]
2019-06-13 22:53:44,559 INFO  client.GrpcClientProtocolClient (GrpcClientProtocolClient.java:onNext(254)) - client-C82EA620EB9B->85302df8-7a7f-4077-a053-c26dc3d3d65a: receive RaftClientReply:client-C82EA620EB9B->85302df8-7a7f-4077-a053-c26dc3d3d65a@group-4701ABA8D7D0, cid=1172, SUCCESS, logIndex=2043, commits[85302df8-7a7f-4077-a053-c26dc3d3d65a:c2043]
2019-06-13 22:53:44,566 INFO  client.GrpcClientProtocolClient (GrpcClientProtocolClient.java:onNext(254)) - client-C82EA620EB9B->85302df8-7a7f-4077-a053-c26dc3d3d65a: receive RaftClientReply:client-C82EA620EB9B->85302df8-7a7f-4077-a053-c26dc3d3d65a@group-4701ABA8D7D0, cid=1173, SUCCESS, logIndex=2045, commits[85302df8-7a7f-4077-a053-c26dc3d3d65a:c2045]
2019-06-13 22:53:44,569 INFO  client.GrpcClientProtocolClient (GrpcClientProtocolClient.java:onNext(254)) - client-C82EA620EB9B->85302df8-7a7f-4077-a053-c26dc3d3d65a: receive RaftClientReply:client-C82EA620EB9B->85302df8-7a7f-4077-a053-c26dc3d3d65a@group-4701ABA8D7D0, cid=1174, SUCCESS, logIndex=2047, commits[85302df8-7a7f-4077-a053-c26dc3d3d65a:c2047]
2019-06-13 22:53:44,570 INFO  client.GrpcClientProtocolClient (GrpcClientProtocolClient.java:onNext(254)) - client-C82EA620EB9B->85302df8-7a7f-4077-a053-c26dc3d3d65a: receive RaftClientReply:client-C82EA620EB9B->85302df8-7a7f-4077-a053-c26dc3d3d65a@group-4701ABA8D7D0, cid=1175, SUCCESS, logIndex=2048, commits[85302df8-7a7f-4077-a053-c26dc3d3d65a:c2048]
2019-06-13 22:53:44,570 INFO  client.GrpcClientProtocolClient (GrpcClientProtocolClient.java:onNext(254)) - client-C82EA620EB9B->85302df8-7a7f-4077-a053-c26dc3d3d65a: receive RaftClientReply:client-C82EA620EB9B->85302df8-7a7f-4077-a053-c26dc3d3d65a@group-4701ABA8D7D0, cid=1176, SUCCESS, logIndex=2050, commits[85302df8-7a7f-4077-a053-c26dc3d3d65a:c2050]
2019-06-13 22:53:44,580 INFO  client.GrpcClientProtocolClient (GrpcClientProtocolClient.java:onNext(254)) - client-C82EA620EB9B->85302df8-7a7f-4077-a053-c26dc3d3d65a: receive RaftClientReply:client-C82EA620EB9B->85302df8-7a7f-4077-a053-c26dc3d3d65a@group-4701ABA8D7D0, cid=1177, SUCCESS, logIndex=2053, commits[85302df8-7a7f-4077-a053-c26dc3d3d65a:c2053]
2019-06-13 22:53:44,582 INFO  client.GrpcClientProtocolClient (GrpcClientProtocolClient.java:onNext(254)) - client-C82EA620EB9B->85302df8-7a7f-4077-a053-c26dc3d3d65a: receive RaftClientReply:client-C82EA620EB9B->85302df8-7a7f-4077-a053-c26dc3d3d65a@group-4701ABA8D7D0, cid=1178, SUCCESS, logIndex=2055, commits[85302df8-7a7f-4077-a053-c26dc3d3d65a:c2055]
2019-06-13 22:53:44,583 INFO  client.GrpcClientProtocolClient (GrpcClientProtocolClient.java:onNext(254)) - client-C82EA620EB9B->85302df8-7a7f-4077-a053-c26dc3d3d65a: receive RaftClientReply:client-C82EA620EB9B->85302df8-7a7f-4077-a053-c26dc3d3d65a@group-4701ABA8D7D0, cid=1179, SUCCESS, logIndex=2056, commits[85302df8-7a7f-4077-a053-c26dc3d3d65a:c2058]
2019-06-13 22:53:44,583 INFO  client.GrpcClientProtocolClient (GrpcClientProtocolClient.java:onNext(254)) - client-C82EA620EB9B->85302df8-7a7f-4077-a053-c26dc3d3d65a: receive RaftClientReply:client-C82EA620EB9B->85302df8-7a7f-4077-a053-c26dc3d3d65a@group-4701ABA8D7D0, cid=1180, SUCCESS, logIndex=2057, commits[85302df8-7a7f-4077-a053-c26dc3d3d65a:c2058]
2019-06-13 22:53:44,590 INFO  client.GrpcClientProtocolClient (GrpcClientProtocolClient.java:onNext(254)) - client-C82EA620EB9B->85302df8-7a7f-4077-a053-c26dc3d3d65a: receive RaftClientReply:client-C82EA620EB9B->85302df8-7a7f-4077-a053-c26dc3d3d65a@group-4701ABA8D7D0, cid=1181, SUCCESS, logIndex=2059, commits[85302df8-7a7f-4077-a053-c26dc3d3d65a:c2059]
2019-06-13 22:53:44,591 INFO  client.GrpcClientProtocolClient (GrpcClientProtocolClient.java:onNext(254)) - client-C82EA620EB9B->85302df8-7a7f-4077-a053-c26dc3d3d65a: receive RaftClientReply:client-C82EA620EB9B->85302df8-7a7f-4077-a053-c26dc3d3d65a@group-4701ABA8D7D0, cid=1182, SUCCESS, logIndex=2061, commits[85302df8-7a7f-4077-a053-c26dc3d3d65a:c2061]
2019-06-13 22:53:44,593 INFO  client.GrpcClientProtocolClient (GrpcClientProtocolClient.java:onNext(254)) - client-C82EA620EB9B->85302df8-7a7f-4077-a053-c26dc3d3d65a: receive RaftClientReply:client-C82EA620EB9B->85302df8-7a7f-4077-a053-c26dc3d3d65a@group-4701ABA8D7D0, cid=1183, SUCCESS, logIndex=2062, commits[85302df8-7a7f-4077-a053-c26dc3d3d65a:c2064]
2019-06-13 22:53:44,603 INFO  client.GrpcClientProtocolClient (GrpcClientProtocolClient.java:onNext(254)) - client-C82EA620EB9B->85302df8-7a7f-4077-a053-c26dc3d3d65a: receive RaftClientReply:client-C82EA620EB9B->85302df8-7a7f-4077-a053-c26dc3d3d65a@group-4701ABA8D7D0, cid=1184, SUCCESS, logIndex=2064, commits[85302df8-7a7f-4077-a053-c26dc3d3d65a:c2064]
2019-06-13 22:53:44,832 DEBUG block.SCMBlockDeletingService (SCMBlockDeletingService.java:call(138)) - Running DeletedBlockTransactionScanner
2019-06-13 22:53:44,832 DEBUG block.SCMBlockDeletingService (SCMBlockDeletingService.java:call(155)) - Scanned deleted blocks log and got 0 delTX to process.
2019-06-13 22:53:44,842 INFO  client.GrpcClientProtocolClient (GrpcClientProtocolClient.java:onNext(254)) - client-C82EA620EB9B->85302df8-7a7f-4077-a053-c26dc3d3d65a: receive RaftClientReply:client-C82EA620EB9B->85302df8-7a7f-4077-a053-c26dc3d3d65a@group-4701ABA8D7D0, cid=1185, SUCCESS, logIndex=2066, commits[85302df8-7a7f-4077-a053-c26dc3d3d65a:c2066]
2019-06-13 22:53:44,844 INFO  client.GrpcClientProtocolClient (GrpcClientProtocolClient.java:onNext(254)) - client-C82EA620EB9B->85302df8-7a7f-4077-a053-c26dc3d3d65a: receive RaftClientReply:client-C82EA620EB9B->85302df8-7a7f-4077-a053-c26dc3d3d65a@group-4701ABA8D7D0, cid=1186, SUCCESS, logIndex=2068, commits[85302df8-7a7f-4077-a053-c26dc3d3d65a:c2068]
2019-06-13 22:53:44,845 INFO  client.GrpcClientProtocolClient (GrpcClientProtocolClient.java:onNext(254)) - client-C82EA620EB9B->85302df8-7a7f-4077-a053-c26dc3d3d65a: receive RaftClientReply:client-C82EA620EB9B->85302df8-7a7f-4077-a053-c26dc3d3d65a@group-4701ABA8D7D0, cid=1187, SUCCESS, logIndex=2069, commits[85302df8-7a7f-4077-a053-c26dc3d3d65a:c2071]
2019-06-13 22:53:44,846 INFO  client.GrpcClientProtocolClient (GrpcClientProtocolClient.java:onNext(254)) - client-C82EA620EB9B->85302df8-7a7f-4077-a053-c26dc3d3d65a: receive RaftClientReply:client-C82EA620EB9B->85302df8-7a7f-4077-a053-c26dc3d3d65a@group-4701ABA8D7D0, cid=1188, SUCCESS, logIndex=2070, commits[85302df8-7a7f-4077-a053-c26dc3d3d65a:c2071]
2019-06-13 22:53:44,851 INFO  client.GrpcClientProtocolClient (GrpcClientProtocolClient.java:onNext(254)) - client-C82EA620EB9B->85302df8-7a7f-4077-a053-c26dc3d3d65a: receive RaftClientReply:client-C82EA620EB9B->85302df8-7a7f-4077-a053-c26dc3d3d65a@group-4701ABA8D7D0, cid=1189, SUCCESS, logIndex=2072, commits[85302df8-7a7f-4077-a053-c26dc3d3d65a:c2072]
2019-06-13 22:53:44,853 INFO  client.GrpcClientProtocolClient (GrpcClientProtocolClient.java:onNext(254)) - client-C82EA620EB9B->85302df8-7a7f-4077-a053-c26dc3d3d65a: receive RaftClientReply:client-C82EA620EB9B->85302df8-7a7f-4077-a053-c26dc3d3d65a@group-4701ABA8D7D0, cid=1190, SUCCESS, logIndex=2074, commits[85302df8-7a7f-4077-a053-c26dc3d3d65a:c2074]
2019-06-13 22:53:44,856 INFO  client.GrpcClientProtocolClient (GrpcClientProtocolClient.java:onNext(254)) - client-C82EA620EB9B->85302df8-7a7f-4077-a053-c26dc3d3d65a: receive RaftClientReply:client-C82EA620EB9B->85302df8-7a7f-4077-a053-c26dc3d3d65a@group-4701ABA8D7D0, cid=1191, SUCCESS, logIndex=2076, commits[85302df8-7a7f-4077-a053-c26dc3d3d65a:c2077]
2019-06-13 22:53:44,856 INFO  client.GrpcClientProtocolClient (GrpcClientProtocolClient.java:onNext(254)) - client-C82EA620EB9B->85302df8-7a7f-4077-a053-c26dc3d3d65a: receive RaftClientReply:client-C82EA620EB9B->85302df8-7a7f-4077-a053-c26dc3d3d65a@group-4701ABA8D7D0, cid=1192, SUCCESS, logIndex=2077, commits[85302df8-7a7f-4077-a053-c26dc3d3d65a:c2077]
2019-06-13 22:53:44,933 DEBUG block.SCMBlockDeletingService (SCMBlockDeletingService.java:call(138)) - Running DeletedBlockTransactionScanner
2019-06-13 22:53:44,933 DEBUG block.SCMBlockDeletingService (SCMBlockDeletingService.java:call(155)) - Scanned deleted blocks log and got 0 delTX to process.
2019-06-13 22:53:44,934 INFO  client.GrpcClientProtocolClient (GrpcClientProtocolClient.java:onNext(254)) - client-C82EA620EB9B->85302df8-7a7f-4077-a053-c26dc3d3d65a: receive RaftClientReply:client-C82EA620EB9B->85302df8-7a7f-4077-a053-c26dc3d3d65a@group-4701ABA8D7D0, cid=1193, SUCCESS, logIndex=2079, commits[85302df8-7a7f-4077-a053-c26dc3d3d65a:c2079]
2019-06-13 22:53:44,937 INFO  client.GrpcClientProtocolClient (GrpcClientProtocolClient.java:onNext(254)) - client-C82EA620EB9B->85302df8-7a7f-4077-a053-c26dc3d3d65a: receive RaftClientReply:client-C82EA620EB9B->85302df8-7a7f-4077-a053-c26dc3d3d65a@group-4701ABA8D7D0, cid=1194, SUCCESS, logIndex=2081, commits[85302df8-7a7f-4077-a053-c26dc3d3d65a:c2081]
2019-06-13 22:53:44,937 INFO  client.GrpcClientProtocolClient (GrpcClientProtocolClient.java:onNext(254)) - client-C82EA620EB9B->85302df8-7a7f-4077-a053-c26dc3d3d65a: receive RaftClientReply:client-C82EA620EB9B->85302df8-7a7f-4077-a053-c26dc3d3d65a@group-4701ABA8D7D0, cid=1195, SUCCESS, logIndex=2082, commits[85302df8-7a7f-4077-a053-c26dc3d3d65a:c2083]
2019-06-13 22:53:44,937 INFO  client.GrpcClientProtocolClient (GrpcClientProtocolClient.java:onNext(254)) - client-C82EA620EB9B->85302df8-7a7f-4077-a053-c26dc3d3d65a: receive RaftClientReply:client-C82EA620EB9B->85302df8-7a7f-4077-a053-c26dc3d3d65a@group-4701ABA8D7D0, cid=1196, SUCCESS, logIndex=2083, commits[85302df8-7a7f-4077-a053-c26dc3d3d65a:c2083]
2019-06-13 22:53:44,943 INFO  client.GrpcClientProtocolClient (GrpcClientProtocolClient.java:onNext(254)) - client-C82EA620EB9B->85302df8-7a7f-4077-a053-c26dc3d3d65a: receive RaftClientReply:client-C82EA620EB9B->85302df8-7a7f-4077-a053-c26dc3d3d65a@group-4701ABA8D7D0, cid=1197, SUCCESS, logIndex=2086, commits[85302df8-7a7f-4077-a053-c26dc3d3d65a:c2086]
2019-06-13 22:53:44,943 INFO  storage.RaftLogWorker (RaftLogWorker.java:rollLogSegment(303)) - 85302df8-7a7f-4077-a053-c26dc3d3d65a-RaftLogWorker: Rolling segment log-2014_2087 to index:2087
2019-06-13 22:53:44,944 INFO  storage.RaftLogWorker (RaftLogWorker.java:execute(433)) - 85302df8-7a7f-4077-a053-c26dc3d3d65a-RaftLogWorker: Rolled log segment from /opt/src/hadoop-ozone/integration-test/target/test-dir/MiniOzoneClusterImpl-550f9ca0-a6d9-4a4a-902f-f07ac81eac7b/datanode-0/data/ratis/5ad10fc2-5a33-4bdd-8958-4701aba8d7d0/current/log_inprogress_2014 to /opt/src/hadoop-ozone/integration-test/target/test-dir/MiniOzoneClusterImpl-550f9ca0-a6d9-4a4a-902f-f07ac81eac7b/datanode-0/data/ratis/5ad10fc2-5a33-4bdd-8958-4701aba8d7d0/current/log_2014-2087
2019-06-13 22:53:44,980 INFO  storage.RaftLogWorker (RaftLogWorker.java:execute(469)) - 85302df8-7a7f-4077-a053-c26dc3d3d65a-RaftLogWorker: created new log segment /opt/src/hadoop-ozone/integration-test/target/test-dir/MiniOzoneClusterImpl-550f9ca0-a6d9-4a4a-902f-f07ac81eac7b/datanode-0/data/ratis/5ad10fc2-5a33-4bdd-8958-4701aba8d7d0/current/log_inprogress_2088
2019-06-13 22:53:44,982 INFO  client.GrpcClientProtocolClient (GrpcClientProtocolClient.java:onNext(254)) - client-C82EA620EB9B->85302df8-7a7f-4077-a053-c26dc3d3d65a: receive RaftClientReply:client-C82EA620EB9B->85302df8-7a7f-4077-a053-c26dc3d3d65a@group-4701ABA8D7D0, cid=1198, SUCCESS, logIndex=2088, commits[85302df8-7a7f-4077-a053-c26dc3d3d65a:c2090]
2019-06-13 22:53:44,983 INFO  client.GrpcClientProtocolClient (GrpcClientProtocolClient.java:onNext(254)) - client-C82EA620EB9B->85302df8-7a7f-4077-a053-c26dc3d3d65a: receive RaftClientReply:client-C82EA620EB9B->85302df8-7a7f-4077-a053-c26dc3d3d65a@group-4701ABA8D7D0, cid=1199, SUCCESS, logIndex=2089, commits[85302df8-7a7f-4077-a053-c26dc3d3d65a:c2091]
2019-06-13 22:53:44,983 INFO  client.GrpcClientProtocolClient (GrpcClientProtocolClient.java:onNext(254)) - client-C82EA620EB9B->85302df8-7a7f-4077-a053-c26dc3d3d65a: receive RaftClientReply:client-C82EA620EB9B->85302df8-7a7f-4077-a053-c26dc3d3d65a@group-4701ABA8D7D0, cid=1200, SUCCESS, logIndex=2090, commits[85302df8-7a7f-4077-a053-c26dc3d3d65a:c2091]
2019-06-13 22:53:44,993 INFO  client.GrpcClientProtocolClient (GrpcClientProtocolClient.java:onNext(254)) - client-C82EA620EB9B->85302df8-7a7f-4077-a053-c26dc3d3d65a: receive RaftClientReply:client-C82EA620EB9B->85302df8-7a7f-4077-a053-c26dc3d3d65a@group-4701ABA8D7D0, cid=1201, SUCCESS, logIndex=2092, commits[85302df8-7a7f-4077-a053-c26dc3d3d65a:c2092]
2019-06-13 22:53:44,995 INFO  client.GrpcClientProtocolClient (GrpcClientProtocolClient.java:onNext(254)) - client-C82EA620EB9B->85302df8-7a7f-4077-a053-c26dc3d3d65a: receive RaftClientReply:client-C82EA620EB9B->85302df8-7a7f-4077-a053-c26dc3d3d65a@group-4701ABA8D7D0, cid=1202, SUCCESS, logIndex=2094, commits[85302df8-7a7f-4077-a053-c26dc3d3d65a:c2094]
2019-06-13 22:53:44,996 INFO  client.GrpcClientProtocolClient (GrpcClientProtocolClient.java:onNext(254)) - client-C82EA620EB9B->85302df8-7a7f-4077-a053-c26dc3d3d65a: receive RaftClientReply:client-C82EA620EB9B->85302df8-7a7f-4077-a053-c26dc3d3d65a@group-4701ABA8D7D0, cid=1203, SUCCESS, logIndex=2095, commits[85302df8-7a7f-4077-a053-c26dc3d3d65a:c2097]
2019-06-13 22:53:44,997 INFO  client.GrpcClientProtocolClient (GrpcClientProtocolClient.java:onNext(254)) - client-C82EA620EB9B->85302df8-7a7f-4077-a053-c26dc3d3d65a: receive RaftClientReply:client-C82EA620EB9B->85302df8-7a7f-4077-a053-c26dc3d3d65a@group-4701ABA8D7D0, cid=1204, SUCCESS, logIndex=2096, commits[85302df8-7a7f-4077-a053-c26dc3d3d65a:c2097]
2019-06-13 22:53:45,003 INFO  client.GrpcClientProtocolClient (GrpcClientProtocolClient.java:onNext(254)) - client-C82EA620EB9B->85302df8-7a7f-4077-a053-c26dc3d3d65a: receive RaftClientReply:client-C82EA620EB9B->85302df8-7a7f-4077-a053-c26dc3d3d65a@group-4701ABA8D7D0, cid=1205, SUCCESS, logIndex=2098, commits[85302df8-7a7f-4077-a053-c26dc3d3d65a:c2098]
2019-06-13 22:53:45,004 INFO  client.GrpcClientProtocolClient (GrpcClientProtocolClient.java:onNext(254)) - client-C82EA620EB9B->85302df8-7a7f-4077-a053-c26dc3d3d65a: receive RaftClientReply:client-C82EA620EB9B->85302df8-7a7f-4077-a053-c26dc3d3d65a@group-4701ABA8D7D0, cid=1206, SUCCESS, logIndex=2100, commits[85302df8-7a7f-4077-a053-c26dc3d3d65a:c2100]
2019-06-13 22:53:45,006 INFO  client.GrpcClientProtocolClient (GrpcClientProtocolClient.java:onNext(254)) - client-C82EA620EB9B->85302df8-7a7f-4077-a053-c26dc3d3d65a: receive RaftClientReply:client-C82EA620EB9B->85302df8-7a7f-4077-a053-c26dc3d3d65a@group-4701ABA8D7D0, cid=1207, SUCCESS, logIndex=2101, commits[85302df8-7a7f-4077-a053-c26dc3d3d65a:c2103]
2019-06-13 22:53:45,006 INFO  client.GrpcClientProtocolClient (GrpcClientProtocolClient.java:onNext(254)) - client-C82EA620EB9B->85302df8-7a7f-4077-a053-c26dc3d3d65a: receive RaftClientReply:client-C82EA620EB9B->85302df8-7a7f-4077-a053-c26dc3d3d65a@group-4701ABA8D7D0, cid=1208, SUCCESS, logIndex=2102, commits[85302df8-7a7f-4077-a053-c26dc3d3d65a:c2103]
2019-06-13 22:53:45,016 INFO  client.GrpcClientProtocolClient (GrpcClientProtocolClient.java:onNext(254)) - client-C82EA620EB9B->85302df8-7a7f-4077-a053-c26dc3d3d65a: receive RaftClientReply:client-C82EA620EB9B->85302df8-7a7f-4077-a053-c26dc3d3d65a@group-4701ABA8D7D0, cid=1209, SUCCESS, logIndex=2104, commits[85302df8-7a7f-4077-a053-c26dc3d3d65a:c2104]
2019-06-13 22:53:45,018 INFO  client.GrpcClientProtocolClient (GrpcClientProtocolClient.java:onNext(254)) - client-C82EA620EB9B->85302df8-7a7f-4077-a053-c26dc3d3d65a: receive RaftClientReply:client-C82EA620EB9B->85302df8-7a7f-4077-a053-c26dc3d3d65a@group-4701ABA8D7D0, cid=1210, SUCCESS, logIndex=2106, commits[85302df8-7a7f-4077-a053-c26dc3d3d65a:c2106]
2019-06-13 22:53:45,019 INFO  client.GrpcClientProtocolClient (GrpcClientProtocolClient.java:onNext(254)) - client-C82EA620EB9B->85302df8-7a7f-4077-a053-c26dc3d3d65a: receive RaftClientReply:client-C82EA620EB9B->85302df8-7a7f-4077-a053-c26dc3d3d65a@group-4701ABA8D7D0, cid=1211, SUCCESS, logIndex=2107, commits[85302df8-7a7f-4077-a053-c26dc3d3d65a:c2109]
2019-06-13 22:53:45,019 INFO  client.GrpcClientProtocolClient (GrpcClientProtocolClient.java:onNext(254)) - client-C82EA620EB9B->85302df8-7a7f-4077-a053-c26dc3d3d65a: receive RaftClientReply:client-C82EA620EB9B->85302df8-7a7f-4077-a053-c26dc3d3d65a@group-4701ABA8D7D0, cid=1212, SUCCESS, logIndex=2108, commits[85302df8-7a7f-4077-a053-c26dc3d3d65a:c2109]
2019-06-13 22:53:45,025 INFO  client.GrpcClientProtocolClient (GrpcClientProtocolClient.java:onNext(254)) - client-C82EA620EB9B->85302df8-7a7f-4077-a053-c26dc3d3d65a: receive RaftClientReply:client-C82EA620EB9B->85302df8-7a7f-4077-a053-c26dc3d3d65a@group-4701ABA8D7D0, cid=1213, SUCCESS, logIndex=2110, commits[85302df8-7a7f-4077-a053-c26dc3d3d65a:c2110]
2019-06-13 22:53:45,027 INFO  client.GrpcClientProtocolClient (GrpcClientProtocolClient.java:onNext(254)) - client-C82EA620EB9B->85302df8-7a7f-4077-a053-c26dc3d3d65a: receive RaftClientReply:client-C82EA620EB9B->85302df8-7a7f-4077-a053-c26dc3d3d65a@group-4701ABA8D7D0, cid=1214, SUCCESS, logIndex=2112, commits[85302df8-7a7f-4077-a053-c26dc3d3d65a:c2112]
2019-06-13 22:53:45,028 INFO  client.GrpcClientProtocolClient (GrpcClientProtocolClient.java:onNext(254)) - client-C82EA620EB9B->85302df8-7a7f-4077-a053-c26dc3d3d65a: receive RaftClientReply:client-C82EA620EB9B->85302df8-7a7f-4077-a053-c26dc3d3d65a@group-4701ABA8D7D0, cid=1215, SUCCESS, logIndex=2113, commits[85302df8-7a7f-4077-a053-c26dc3d3d65a:c2114]
2019-06-13 22:53:45,029 INFO  client.GrpcClientProtocolClient (GrpcClientProtocolClient.java:onNext(254)) - client-C82EA620EB9B->85302df8-7a7f-4077-a053-c26dc3d3d65a: receive RaftClientReply:client-C82EA620EB9B->85302df8-7a7f-4077-a053-c26dc3d3d65a@group-4701ABA8D7D0, cid=1216, SUCCESS, logIndex=2115, commits[85302df8-7a7f-4077-a053-c26dc3d3d65a:c2115]
2019-06-13 22:53:45,033 DEBUG block.SCMBlockDeletingService (SCMBlockDeletingService.java:call(138)) - Running DeletedBlockTransactionScanner
2019-06-13 22:53:45,033 DEBUG block.SCMBlockDeletingService (SCMBlockDeletingService.java:call(155)) - Scanned deleted blocks log and got 0 delTX to process.
2019-06-13 22:53:45,049 INFO  client.GrpcClientProtocolClient (GrpcClientProtocolClient.java:onNext(254)) - client-C82EA620EB9B->85302df8-7a7f-4077-a053-c26dc3d3d65a: receive RaftClientReply:client-C82EA620EB9B->85302df8-7a7f-4077-a053-c26dc3d3d65a@group-4701ABA8D7D0, cid=1217, SUCCESS, logIndex=2117, commits[85302df8-7a7f-4077-a053-c26dc3d3d65a:c2117]
2019-06-13 22:53:45,050 INFO  client.GrpcClientProtocolClient (GrpcClientProtocolClient.java:onNext(254)) - client-C82EA620EB9B->85302df8-7a7f-4077-a053-c26dc3d3d65a: receive RaftClientReply:client-C82EA620EB9B->85302df8-7a7f-4077-a053-c26dc3d3d65a@group-4701ABA8D7D0, cid=1218, SUCCESS, logIndex=2119, commits[85302df8-7a7f-4077-a053-c26dc3d3d65a:c2119]
2019-06-13 22:53:45,053 INFO  client.GrpcClientProtocolClient (GrpcClientProtocolClient.java:onNext(254)) - client-C82EA620EB9B->85302df8-7a7f-4077-a053-c26dc3d3d65a: receive RaftClientReply:client-C82EA620EB9B->85302df8-7a7f-4077-a053-c26dc3d3d65a@group-4701ABA8D7D0, cid=1219, SUCCESS, logIndex=2121, commits[85302df8-7a7f-4077-a053-c26dc3d3d65a:c2122]
2019-06-13 22:53:45,053 INFO  client.GrpcClientProtocolClient (GrpcClientProtocolClient.java:onNext(254)) - client-C82EA620EB9B->85302df8-7a7f-4077-a053-c26dc3d3d65a: receive RaftClientReply:client-C82EA620EB9B->85302df8-7a7f-4077-a053-c26dc3d3d65a@group-4701ABA8D7D0, cid=1220, SUCCESS, logIndex=2122, commits[85302df8-7a7f-4077-a053-c26dc3d3d65a:c2123]
2019-06-13 22:53:45,060 INFO  client.GrpcClientProtocolClient (GrpcClientProtocolClient.java:onNext(254)) - client-C82EA620EB9B->85302df8-7a7f-4077-a053-c26dc3d3d65a: receive RaftClientReply:client-C82EA620EB9B->85302df8-7a7f-4077-a053-c26dc3d3d65a@group-4701ABA8D7D0, cid=1221, SUCCESS, logIndex=2124, commits[85302df8-7a7f-4077-a053-c26dc3d3d65a:c2124]
2019-06-13 22:53:45,064 INFO  client.GrpcClientProtocolClient (GrpcClientProtocolClient.java:onNext(254)) - client-C82EA620EB9B->85302df8-7a7f-4077-a053-c26dc3d3d65a: receive RaftClientReply:client-C82EA620EB9B->85302df8-7a7f-4077-a053-c26dc3d3d65a@group-4701ABA8D7D0, cid=1222, SUCCESS, logIndex=2126, commits[85302df8-7a7f-4077-a053-c26dc3d3d65a:c2126]
2019-06-13 22:53:45,064 INFO  client.GrpcClientProtocolClient (GrpcClientProtocolClient.java:onNext(254)) - client-C82EA620EB9B->85302df8-7a7f-4077-a053-c26dc3d3d65a: receive RaftClientReply:client-C82EA620EB9B->85302df8-7a7f-4077-a053-c26dc3d3d65a@group-4701ABA8D7D0, cid=1223, SUCCESS, logIndex=2127, commits[85302df8-7a7f-4077-a053-c26dc3d3d65a:c2128]
2019-06-13 22:53:45,065 INFO  client.GrpcClientProtocolClient (GrpcClientProtocolClient.java:onNext(254)) - client-C82EA620EB9B->85302df8-7a7f-4077-a053-c26dc3d3d65a: receive RaftClientReply:client-C82EA620EB9B->85302df8-7a7f-4077-a053-c26dc3d3d65a@group-4701ABA8D7D0, cid=1224, SUCCESS, logIndex=2128, commits[85302df8-7a7f-4077-a053-c26dc3d3d65a:c2130]
2019-06-13 22:53:45,076 INFO  client.GrpcClientProtocolClient (GrpcClientProtocolClient.java:onNext(254)) - client-C82EA620EB9B->85302df8-7a7f-4077-a053-c26dc3d3d65a: receive RaftClientReply:client-C82EA620EB9B->85302df8-7a7f-4077-a053-c26dc3d3d65a@group-4701ABA8D7D0, cid=1225, SUCCESS, logIndex=2131, commits[85302df8-7a7f-4077-a053-c26dc3d3d65a:c2131]
2019-06-13 22:53:45,078 INFO  client.GrpcClientProtocolClient (GrpcClientProtocolClient.java:onNext(254)) - client-C82EA620EB9B->85302df8-7a7f-4077-a053-c26dc3d3d65a: receive RaftClientReply:client-C82EA620EB9B->85302df8-7a7f-4077-a053-c26dc3d3d65a@group-4701ABA8D7D0, cid=1226, SUCCESS, logIndex=2133, commits[85302df8-7a7f-4077-a053-c26dc3d3d65a:c2133]
2019-06-13 22:53:45,079 INFO  client.GrpcClientProtocolClient (GrpcClientProtocolClient.java:onNext(254)) - client-C82EA620EB9B->85302df8-7a7f-4077-a053-c26dc3d3d65a: receive RaftClientReply:client-C82EA620EB9B->85302df8-7a7f-4077-a053-c26dc3d3d65a@group-4701ABA8D7D0, cid=1227, SUCCESS, logIndex=2134, commits[85302df8-7a7f-4077-a053-c26dc3d3d65a:c2136]
2019-06-13 22:53:45,079 INFO  client.GrpcClientProtocolClient (GrpcClientProtocolClient.java:onNext(254)) - client-C82EA620EB9B->85302df8-7a7f-4077-a053-c26dc3d3d65a: receive RaftClientReply:client-C82EA620EB9B->85302df8-7a7f-4077-a053-c26dc3d3d65a@group-4701ABA8D7D0, cid=1228, SUCCESS, logIndex=2136, commits[85302df8-7a7f-4077-a053-c26dc3d3d65a:c2136]
2019-06-13 22:53:45,086 INFO  client.GrpcClientProtocolClient (GrpcClientProtocolClient.java:onNext(254)) - client-C82EA620EB9B->85302df8-7a7f-4077-a053-c26dc3d3d65a: receive RaftClientReply:client-C82EA620EB9B->85302df8-7a7f-4077-a053-c26dc3d3d65a@group-4701ABA8D7D0, cid=1229, SUCCESS, logIndex=2138, commits[85302df8-7a7f-4077-a053-c26dc3d3d65a:c2138]
2019-06-13 22:53:45,088 INFO  client.GrpcClientProtocolClient (GrpcClientProtocolClient.java:onNext(254)) - client-C82EA620EB9B->85302df8-7a7f-4077-a053-c26dc3d3d65a: receive RaftClientReply:client-C82EA620EB9B->85302df8-7a7f-4077-a053-c26dc3d3d65a@group-4701ABA8D7D0, cid=1230, SUCCESS, logIndex=2140, commits[85302df8-7a7f-4077-a053-c26dc3d3d65a:c2140]
2019-06-13 22:53:45,089 INFO  client.GrpcClientProtocolClient (GrpcClientProtocolClient.java:onNext(254)) - client-C82EA620EB9B->85302df8-7a7f-4077-a053-c26dc3d3d65a: receive RaftClientReply:client-C82EA620EB9B->85302df8-7a7f-4077-a053-c26dc3d3d65a@group-4701ABA8D7D0, cid=1231, SUCCESS, logIndex=2141, commits[85302df8-7a7f-4077-a053-c26dc3d3d65a:c2142]
2019-06-13 22:53:45,089 INFO  client.GrpcClientProtocolClient (GrpcClientProtocolClient.java:onNext(254)) - client-C82EA620EB9B->85302df8-7a7f-4077-a053-c26dc3d3d65a: receive RaftClientReply:client-C82EA620EB9B->85302df8-7a7f-4077-a053-c26dc3d3d65a@group-4701ABA8D7D0, cid=1232, SUCCESS, logIndex=2142, commits[85302df8-7a7f-4077-a053-c26dc3d3d65a:c2142]
2019-06-13 22:53:45,099 INFO  client.GrpcClientProtocolClient (GrpcClientProtocolClient.java:onNext(254)) - client-C82EA620EB9B->85302df8-7a7f-4077-a053-c26dc3d3d65a: receive RaftClientReply:client-C82EA620EB9B->85302df8-7a7f-4077-a053-c26dc3d3d65a@group-4701ABA8D7D0, cid=1233, SUCCESS, logIndex=2145, commits[85302df8-7a7f-4077-a053-c26dc3d3d65a:c2145]
2019-06-13 22:53:45,102 INFO  client.GrpcClientProtocolClient (GrpcClientProtocolClient.java:onNext(254)) - client-C82EA620EB9B->85302df8-7a7f-4077-a053-c26dc3d3d65a: receive RaftClientReply:client-C82EA620EB9B->85302df8-7a7f-4077-a053-c26dc3d3d65a@group-4701ABA8D7D0, cid=1234, SUCCESS, logIndex=2147, commits[85302df8-7a7f-4077-a053-c26dc3d3d65a:c2147]
2019-06-13 22:53:45,102 INFO  client.GrpcClientProtocolClient (GrpcClientProtocolClient.java:onNext(254)) - client-C82EA620EB9B->85302df8-7a7f-4077-a053-c26dc3d3d65a: receive RaftClientReply:client-C82EA620EB9B->85302df8-7a7f-4077-a053-c26dc3d3d65a@group-4701ABA8D7D0, cid=1235, SUCCESS, logIndex=2148, commits[85302df8-7a7f-4077-a053-c26dc3d3d65a:c2148]
2019-06-13 22:53:45,104 INFO  client.GrpcClientProtocolClient (GrpcClientProtocolClient.java:onNext(254)) - client-C82EA620EB9B->85302df8-7a7f-4077-a053-c26dc3d3d65a: receive RaftClientReply:client-C82EA620EB9B->85302df8-7a7f-4077-a053-c26dc3d3d65a@group-4701ABA8D7D0, cid=1236, SUCCESS, logIndex=2151, commits[85302df8-7a7f-4077-a053-c26dc3d3d65a:c2151]
2019-06-13 22:53:45,134 DEBUG block.SCMBlockDeletingService (SCMBlockDeletingService.java:call(138)) - Running DeletedBlockTransactionScanner
2019-06-13 22:53:45,134 DEBUG block.SCMBlockDeletingService (SCMBlockDeletingService.java:call(155)) - Scanned deleted blocks log and got 0 delTX to process.
2019-06-13 22:53:45,183 INFO  client.GrpcClientProtocolClient (GrpcClientProtocolClient.java:onNext(254)) - client-C82EA620EB9B->85302df8-7a7f-4077-a053-c26dc3d3d65a: receive RaftClientReply:client-C82EA620EB9B->85302df8-7a7f-4077-a053-c26dc3d3d65a@group-4701ABA8D7D0, cid=1237, SUCCESS, logIndex=2153, commits[85302df8-7a7f-4077-a053-c26dc3d3d65a:c2153]
2019-06-13 22:53:45,184 INFO  storage.RaftLogWorker (RaftLogWorker.java:rollLogSegment(303)) - 85302df8-7a7f-4077-a053-c26dc3d3d65a-RaftLogWorker: Rolling segment log-2088_2157 to index:2157
2019-06-13 22:53:45,185 INFO  storage.RaftLogWorker (RaftLogWorker.java:execute(433)) - 85302df8-7a7f-4077-a053-c26dc3d3d65a-RaftLogWorker: Rolled log segment from /opt/src/hadoop-ozone/integration-test/target/test-dir/MiniOzoneClusterImpl-550f9ca0-a6d9-4a4a-902f-f07ac81eac7b/datanode-0/data/ratis/5ad10fc2-5a33-4bdd-8958-4701aba8d7d0/current/log_inprogress_2088 to /opt/src/hadoop-ozone/integration-test/target/test-dir/MiniOzoneClusterImpl-550f9ca0-a6d9-4a4a-902f-f07ac81eac7b/datanode-0/data/ratis/5ad10fc2-5a33-4bdd-8958-4701aba8d7d0/current/log_2088-2157
2019-06-13 22:53:45,194 INFO  client.GrpcClientProtocolClient (GrpcClientProtocolClient.java:onNext(254)) - client-C82EA620EB9B->85302df8-7a7f-4077-a053-c26dc3d3d65a: receive RaftClientReply:client-C82EA620EB9B->85302df8-7a7f-4077-a053-c26dc3d3d65a@group-4701ABA8D7D0, cid=1238, SUCCESS, logIndex=2155, commits[85302df8-7a7f-4077-a053-c26dc3d3d65a:c2155]
2019-06-13 22:53:45,195 INFO  client.GrpcClientProtocolClient (GrpcClientProtocolClient.java:onNext(254)) - client-C82EA620EB9B->85302df8-7a7f-4077-a053-c26dc3d3d65a: receive RaftClientReply:client-C82EA620EB9B->85302df8-7a7f-4077-a053-c26dc3d3d65a@group-4701ABA8D7D0, cid=1239, SUCCESS, logIndex=2156, commits[85302df8-7a7f-4077-a053-c26dc3d3d65a:c2157]
2019-06-13 22:53:45,234 INFO  storage.RaftLogWorker (RaftLogWorker.java:execute(469)) - 85302df8-7a7f-4077-a053-c26dc3d3d65a-RaftLogWorker: created new log segment /opt/src/hadoop-ozone/integration-test/target/test-dir/MiniOzoneClusterImpl-550f9ca0-a6d9-4a4a-902f-f07ac81eac7b/datanode-0/data/ratis/5ad10fc2-5a33-4bdd-8958-4701aba8d7d0/current/log_inprogress_2158
2019-06-13 22:53:45,234 DEBUG block.SCMBlockDeletingService (SCMBlockDeletingService.java:call(138)) - Running DeletedBlockTransactionScanner
2019-06-13 22:53:45,234 DEBUG block.SCMBlockDeletingService (SCMBlockDeletingService.java:call(155)) - Scanned deleted blocks log and got 0 delTX to process.
2019-06-13 22:53:45,236 INFO  client.GrpcClientProtocolClient (GrpcClientProtocolClient.java:onNext(254)) - client-C82EA620EB9B->85302df8-7a7f-4077-a053-c26dc3d3d65a: receive RaftClientReply:client-C82EA620EB9B->85302df8-7a7f-4077-a053-c26dc3d3d65a@group-4701ABA8D7D0, cid=1240, SUCCESS, logIndex=2158, commits[85302df8-7a7f-4077-a053-c26dc3d3d65a:c2158]
2019-06-13 22:53:45,246 INFO  client.GrpcClientProtocolClient (GrpcClientProtocolClient.java:onNext(254)) - client-C82EA620EB9B->85302df8-7a7f-4077-a053-c26dc3d3d65a: receive RaftClientReply:client-C82EA620EB9B->85302df8-7a7f-4077-a053-c26dc3d3d65a@group-4701ABA8D7D0, cid=1241, SUCCESS, logIndex=2160, commits[85302df8-7a7f-4077-a053-c26dc3d3d65a:c2160]
2019-06-13 22:53:45,249 INFO  client.GrpcClientProtocolClient (GrpcClientProtocolClient.java:onNext(254)) - client-C82EA620EB9B->85302df8-7a7f-4077-a053-c26dc3d3d65a: receive RaftClientReply:client-C82EA620EB9B->85302df8-7a7f-4077-a053-c26dc3d3d65a@group-4701ABA8D7D0, cid=1242, SUCCESS, logIndex=2162, commits[85302df8-7a7f-4077-a053-c26dc3d3d65a:c2164]
2019-06-13 22:53:45,249 INFO  client.GrpcClientProtocolClient (GrpcClientProtocolClient.java:onNext(254)) - client-C82EA620EB9B->85302df8-7a7f-4077-a053-c26dc3d3d65a: receive RaftClientReply:client-C82EA620EB9B->85302df8-7a7f-4077-a053-c26dc3d3d65a@group-4701ABA8D7D0, cid=1243, SUCCESS, logIndex=2163, commits[85302df8-7a7f-4077-a053-c26dc3d3d65a:c2164]
2019-06-13 22:53:45,250 INFO  client.GrpcClientProtocolClient (GrpcClientProtocolClient.java:onNext(254)) - client-C82EA620EB9B->85302df8-7a7f-4077-a053-c26dc3d3d65a: receive RaftClientReply:client-C82EA620EB9B->85302df8-7a7f-4077-a053-c26dc3d3d65a@group-4701ABA8D7D0, cid=1244, SUCCESS, logIndex=2164, commits[85302df8-7a7f-4077-a053-c26dc3d3d65a:c2164]
2019-06-13 22:53:45,256 INFO  client.GrpcClientProtocolClient (GrpcClientProtocolClient.java:onNext(254)) - client-C82EA620EB9B->85302df8-7a7f-4077-a053-c26dc3d3d65a: receive RaftClientReply:client-C82EA620EB9B->85302df8-7a7f-4077-a053-c26dc3d3d65a@group-4701ABA8D7D0, cid=1245, SUCCESS, logIndex=2166, commits[85302df8-7a7f-4077-a053-c26dc3d3d65a:c2166]
2019-06-13 22:53:45,258 INFO  client.GrpcClientProtocolClient (GrpcClientProtocolClient.java:onNext(254)) - client-C82EA620EB9B->85302df8-7a7f-4077-a053-c26dc3d3d65a: receive RaftClientReply:client-C82EA620EB9B->85302df8-7a7f-4077-a053-c26dc3d3d65a@group-4701ABA8D7D0, cid=1246, SUCCESS, logIndex=2168, commits[85302df8-7a7f-4077-a053-c26dc3d3d65a:c2168]
2019-06-13 22:53:45,260 INFO  client.GrpcClientProtocolClient (GrpcClientProtocolClient.java:onNext(254)) - client-C82EA620EB9B->85302df8-7a7f-4077-a053-c26dc3d3d65a: receive RaftClientReply:client-C82EA620EB9B->85302df8-7a7f-4077-a053-c26dc3d3d65a@group-4701ABA8D7D0, cid=1247, SUCCESS, logIndex=2169, commits[85302df8-7a7f-4077-a053-c26dc3d3d65a:c2171]
2019-06-13 22:53:45,260 INFO  client.GrpcClientProtocolClient (GrpcClientProtocolClient.java:onNext(254)) - client-C82EA620EB9B->85302df8-7a7f-4077-a053-c26dc3d3d65a: receive RaftClientReply:client-C82EA620EB9B->85302df8-7a7f-4077-a053-c26dc3d3d65a@group-4701ABA8D7D0, cid=1248, SUCCESS, logIndex=2170, commits[85302df8-7a7f-4077-a053-c26dc3d3d65a:c2171]
2019-06-13 22:53:45,270 INFO  client.GrpcClientProtocolClient (GrpcClientProtocolClient.java:onNext(254)) - client-C82EA620EB9B->85302df8-7a7f-4077-a053-c26dc3d3d65a: receive RaftClientReply:client-C82EA620EB9B->85302df8-7a7f-4077-a053-c26dc3d3d65a@group-4701ABA8D7D0, cid=1249, SUCCESS, logIndex=2172, commits[85302df8-7a7f-4077-a053-c26dc3d3d65a:c2172]
2019-06-13 22:53:45,273 INFO  client.GrpcClientProtocolClient (GrpcClientProtocolClient.java:onNext(254)) - client-C82EA620EB9B->85302df8-7a7f-4077-a053-c26dc3d3d65a: receive RaftClientReply:client-C82EA620EB9B->85302df8-7a7f-4077-a053-c26dc3d3d65a@group-4701ABA8D7D0, cid=1250, SUCCESS, logIndex=2174, commits[85302df8-7a7f-4077-a053-c26dc3d3d65a:c2174]
2019-06-13 22:53:45,311 INFO  client.GrpcClientProtocolClient (GrpcClientProtocolClient.java:onNext(254)) - client-C82EA620EB9B->85302df8-7a7f-4077-a053-c26dc3d3d65a: receive RaftClientReply:client-C82EA620EB9B->85302df8-7a7f-4077-a053-c26dc3d3d65a@group-4701ABA8D7D0, cid=1251, SUCCESS, logIndex=2175, commits[85302df8-7a7f-4077-a053-c26dc3d3d65a:c2176]
2019-06-13 22:53:45,312 INFO  client.GrpcClientProtocolClient (GrpcClientProtocolClient.java:onNext(254)) - client-C82EA620EB9B->85302df8-7a7f-4077-a053-c26dc3d3d65a: receive RaftClientReply:client-C82EA620EB9B->85302df8-7a7f-4077-a053-c26dc3d3d65a@group-4701ABA8D7D0, cid=1252, SUCCESS, logIndex=2177, commits[85302df8-7a7f-4077-a053-c26dc3d3d65a:c2177]
2019-06-13 22:53:45,319 INFO  client.GrpcClientProtocolClient (GrpcClientProtocolClient.java:onNext(254)) - client-C82EA620EB9B->85302df8-7a7f-4077-a053-c26dc3d3d65a: receive RaftClientReply:client-C82EA620EB9B->85302df8-7a7f-4077-a053-c26dc3d3d65a@group-4701ABA8D7D0, cid=1253, SUCCESS, logIndex=2179, commits[85302df8-7a7f-4077-a053-c26dc3d3d65a:c2179]
2019-06-13 22:53:45,322 INFO  client.GrpcClientProtocolClient (GrpcClientProtocolClient.java:onNext(254)) - client-C82EA620EB9B->85302df8-7a7f-4077-a053-c26dc3d3d65a: receive RaftClientReply:client-C82EA620EB9B->85302df8-7a7f-4077-a053-c26dc3d3d65a@group-4701ABA8D7D0, cid=1254, SUCCESS, logIndex=2181, commits[85302df8-7a7f-4077-a053-c26dc3d3d65a:c2181]
2019-06-13 22:53:45,322 INFO  client.GrpcClientProtocolClient (GrpcClientProtocolClient.java:onNext(254)) - client-C82EA620EB9B->85302df8-7a7f-4077-a053-c26dc3d3d65a: receive RaftClientReply:client-C82EA620EB9B->85302df8-7a7f-4077-a053-c26dc3d3d65a@group-4701ABA8D7D0, cid=1255, SUCCESS, logIndex=2182, commits[85302df8-7a7f-4077-a053-c26dc3d3d65a:c2184]
2019-06-13 22:53:45,323 INFO  client.GrpcClientProtocolClient (GrpcClientProtocolClient.java:onNext(254)) - client-C82EA620EB9B->85302df8-7a7f-4077-a053-c26dc3d3d65a: receive RaftClientReply:client-C82EA620EB9B->85302df8-7a7f-4077-a053-c26dc3d3d65a@group-4701ABA8D7D0, cid=1256, SUCCESS, logIndex=2183, commits[85302df8-7a7f-4077-a053-c26dc3d3d65a:c2184]
2019-06-13 22:53:45,333 INFO  client.GrpcClientProtocolClient (GrpcClientProtocolClient.java:onNext(254)) - client-C82EA620EB9B->85302df8-7a7f-4077-a053-c26dc3d3d65a: receive RaftClientReply:client-C82EA620EB9B->85302df8-7a7f-4077-a053-c26dc3d3d65a@group-4701ABA8D7D0, cid=1257, SUCCESS, logIndex=2185, commits[85302df8-7a7f-4077-a053-c26dc3d3d65a:c2185]
2019-06-13 22:53:45,334 INFO  client.GrpcClientProtocolClient (GrpcClientProtocolClient.java:onNext(254)) - client-C82EA620EB9B->85302df8-7a7f-4077-a053-c26dc3d3d65a: receive RaftClientReply:client-C82EA620EB9B->85302df8-7a7f-4077-a053-c26dc3d3d65a@group-4701ABA8D7D0, cid=1258, SUCCESS, logIndex=2187, commits[85302df8-7a7f-4077-a053-c26dc3d3d65a:c2187]
2019-06-13 22:53:45,335 DEBUG block.SCMBlockDeletingService (SCMBlockDeletingService.java:call(138)) - Running DeletedBlockTransactionScanner
2019-06-13 22:53:45,335 DEBUG block.SCMBlockDeletingService (SCMBlockDeletingService.java:call(155)) - Scanned deleted blocks log and got 0 delTX to process.
2019-06-13 22:53:45,335 INFO  client.GrpcClientProtocolClient (GrpcClientProtocolClient.java:onNext(254)) - client-C82EA620EB9B->85302df8-7a7f-4077-a053-c26dc3d3d65a: receive RaftClientReply:client-C82EA620EB9B->85302df8-7a7f-4077-a053-c26dc3d3d65a@group-4701ABA8D7D0, cid=1259, SUCCESS, logIndex=2188, commits[85302df8-7a7f-4077-a053-c26dc3d3d65a:c2190]
2019-06-13 22:53:45,336 INFO  client.GrpcClientProtocolClient (GrpcClientProtocolClient.java:onNext(254)) - client-C82EA620EB9B->85302df8-7a7f-4077-a053-c26dc3d3d65a: receive RaftClientReply:client-C82EA620EB9B->85302df8-7a7f-4077-a053-c26dc3d3d65a@group-4701ABA8D7D0, cid=1260, SUCCESS, logIndex=2189, commits[85302df8-7a7f-4077-a053-c26dc3d3d65a:c2190]
2019-06-13 22:53:45,342 INFO  client.GrpcClientProtocolClient (GrpcClientProtocolClient.java:onNext(254)) - client-C82EA620EB9B->85302df8-7a7f-4077-a053-c26dc3d3d65a: receive RaftClientReply:client-C82EA620EB9B->85302df8-7a7f-4077-a053-c26dc3d3d65a@group-4701ABA8D7D0, cid=1261, SUCCESS, logIndex=2191, commits[85302df8-7a7f-4077-a053-c26dc3d3d65a:c2191]
2019-06-13 22:53:45,345 INFO  client.GrpcClientProtocolClient (GrpcClientProtocolClient.java:onNext(254)) - client-C82EA620EB9B->85302df8-7a7f-4077-a053-c26dc3d3d65a: receive RaftClientReply:client-C82EA620EB9B->85302df8-7a7f-4077-a053-c26dc3d3d65a@group-4701ABA8D7D0, cid=1262, SUCCESS, logIndex=2193, commits[85302df8-7a7f-4077-a053-c26dc3d3d65a:c2193]
2019-06-13 22:53:45,346 INFO  client.GrpcClientProtocolClient (GrpcClientProtocolClient.java:onNext(254)) - client-C82EA620EB9B->85302df8-7a7f-4077-a053-c26dc3d3d65a: receive RaftClientReply:client-C82EA620EB9B->85302df8-7a7f-4077-a053-c26dc3d3d65a@group-4701ABA8D7D0, cid=1263, SUCCESS, logIndex=2194, commits[85302df8-7a7f-4077-a053-c26dc3d3d65a:c2195]
2019-06-13 22:53:45,347 INFO  client.GrpcClientProtocolClient (GrpcClientProtocolClient.java:onNext(254)) - client-C82EA620EB9B->85302df8-7a7f-4077-a053-c26dc3d3d65a: receive RaftClientReply:client-C82EA620EB9B->85302df8-7a7f-4077-a053-c26dc3d3d65a@group-4701ABA8D7D0, cid=1264, SUCCESS, logIndex=2196, commits[85302df8-7a7f-4077-a053-c26dc3d3d65a:c2196]
2019-06-13 22:53:45,357 INFO  client.GrpcClientProtocolClient (GrpcClientProtocolClient.java:onNext(254)) - client-C82EA620EB9B->85302df8-7a7f-4077-a053-c26dc3d3d65a: receive RaftClientReply:client-C82EA620EB9B->85302df8-7a7f-4077-a053-c26dc3d3d65a@group-4701ABA8D7D0, cid=1265, SUCCESS, logIndex=2198, commits[85302df8-7a7f-4077-a053-c26dc3d3d65a:c2198]
2019-06-13 22:53:45,360 INFO  client.GrpcClientProtocolClient (GrpcClientProtocolClient.java:onNext(254)) - client-C82EA620EB9B->85302df8-7a7f-4077-a053-c26dc3d3d65a: receive RaftClientReply:client-C82EA620EB9B->85302df8-7a7f-4077-a053-c26dc3d3d65a@group-4701ABA8D7D0, cid=1266, SUCCESS, logIndex=2200, commits[85302df8-7a7f-4077-a053-c26dc3d3d65a:c2200]
2019-06-13 22:53:45,360 INFO  client.GrpcClientProtocolClient (GrpcClientProtocolClient.java:onNext(254)) - client-C82EA620EB9B->85302df8-7a7f-4077-a053-c26dc3d3d65a: receive RaftClientReply:client-C82EA620EB9B->85302df8-7a7f-4077-a053-c26dc3d3d65a@group-4701ABA8D7D0, cid=1267, SUCCESS, logIndex=2201, commits[85302df8-7a7f-4077-a053-c26dc3d3d65a:c2203]
2019-06-13 22:53:45,360 INFO  client.GrpcClientProtocolClient (GrpcClientProtocolClient.java:onNext(254)) - client-C82EA620EB9B->85302df8-7a7f-4077-a053-c26dc3d3d65a: receive RaftClientReply:client-C82EA620EB9B->85302df8-7a7f-4077-a053-c26dc3d3d65a@group-4701ABA8D7D0, cid=1268, SUCCESS, logIndex=2203, commits[85302df8-7a7f-4077-a053-c26dc3d3d65a:c2203]
2019-06-13 22:53:45,366 INFO  client.GrpcClientProtocolClient (GrpcClientProtocolClient.java:onNext(254)) - client-C82EA620EB9B->85302df8-7a7f-4077-a053-c26dc3d3d65a: receive RaftClientReply:client-C82EA620EB9B->85302df8-7a7f-4077-a053-c26dc3d3d65a@group-4701ABA8D7D0, cid=1269, SUCCESS, logIndex=2205, commits[85302df8-7a7f-4077-a053-c26dc3d3d65a:c2205]
2019-06-13 22:53:45,369 INFO  client.GrpcClientProtocolClient (GrpcClientProtocolClient.java:onNext(254)) - client-C82EA620EB9B->85302df8-7a7f-4077-a053-c26dc3d3d65a: receive RaftClientReply:client-C82EA620EB9B->85302df8-7a7f-4077-a053-c26dc3d3d65a@group-4701ABA8D7D0, cid=1270, SUCCESS, logIndex=2207, commits[85302df8-7a7f-4077-a053-c26dc3d3d65a:c2207]
2019-06-13 22:53:45,369 INFO  client.GrpcClientProtocolClient (GrpcClientProtocolClient.java:onNext(254)) - client-C82EA620EB9B->85302df8-7a7f-4077-a053-c26dc3d3d65a: receive RaftClientReply:client-C82EA620EB9B->85302df8-7a7f-4077-a053-c26dc3d3d65a@group-4701ABA8D7D0, cid=1271, SUCCESS, logIndex=2208, commits[85302df8-7a7f-4077-a053-c26dc3d3d65a:c2210]
2019-06-13 22:53:45,370 INFO  client.GrpcClientProtocolClient (GrpcClientProtocolClient.java:onNext(254)) - client-C82EA620EB9B->85302df8-7a7f-4077-a053-c26dc3d3d65a: receive RaftClientReply:client-C82EA620EB9B->85302df8-7a7f-4077-a053-c26dc3d3d65a@group-4701ABA8D7D0, cid=1272, SUCCESS, logIndex=2209, commits[85302df8-7a7f-4077-a053-c26dc3d3d65a:c2210]
2019-06-13 22:53:45,380 INFO  client.GrpcClientProtocolClient (GrpcClientProtocolClient.java:onNext(254)) - client-C82EA620EB9B->85302df8-7a7f-4077-a053-c26dc3d3d65a: receive RaftClientReply:client-C82EA620EB9B->85302df8-7a7f-4077-a053-c26dc3d3d65a@group-4701ABA8D7D0, cid=1273, SUCCESS, logIndex=2211, commits[85302df8-7a7f-4077-a053-c26dc3d3d65a:c2211]
2019-06-13 22:53:45,383 INFO  client.GrpcClientProtocolClient (GrpcClientProtocolClient.java:onNext(254)) - client-C82EA620EB9B->85302df8-7a7f-4077-a053-c26dc3d3d65a: receive RaftClientReply:client-C82EA620EB9B->85302df8-7a7f-4077-a053-c26dc3d3d65a@group-4701ABA8D7D0, cid=1274, SUCCESS, logIndex=2213, commits[85302df8-7a7f-4077-a053-c26dc3d3d65a:c2213]
2019-06-13 22:53:45,384 INFO  client.GrpcClientProtocolClient (GrpcClientProtocolClient.java:onNext(254)) - client-C82EA620EB9B->85302df8-7a7f-4077-a053-c26dc3d3d65a: receive RaftClientReply:client-C82EA620EB9B->85302df8-7a7f-4077-a053-c26dc3d3d65a@group-4701ABA8D7D0, cid=1275, SUCCESS, logIndex=2214, commits[85302df8-7a7f-4077-a053-c26dc3d3d65a:c2215]
2019-06-13 22:53:45,385 INFO  client.GrpcClientProtocolClient (GrpcClientProtocolClient.java:onNext(254)) - client-C82EA620EB9B->85302df8-7a7f-4077-a053-c26dc3d3d65a: receive RaftClientReply:client-C82EA620EB9B->85302df8-7a7f-4077-a053-c26dc3d3d65a@group-4701ABA8D7D0, cid=1276, SUCCESS, logIndex=2215, commits[85302df8-7a7f-4077-a053-c26dc3d3d65a:c2215]
2019-06-13 22:53:45,393 INFO  client.GrpcClientProtocolClient (GrpcClientProtocolClient.java:onNext(254)) - client-C82EA620EB9B->85302df8-7a7f-4077-a053-c26dc3d3d65a: receive RaftClientReply:client-C82EA620EB9B->85302df8-7a7f-4077-a053-c26dc3d3d65a@group-4701ABA8D7D0, cid=1277, SUCCESS, logIndex=2218, commits[85302df8-7a7f-4077-a053-c26dc3d3d65a:c2218]
2019-06-13 22:53:45,395 INFO  client.GrpcClientProtocolClient (GrpcClientProtocolClient.java:onNext(254)) - client-C82EA620EB9B->85302df8-7a7f-4077-a053-c26dc3d3d65a: receive RaftClientReply:client-C82EA620EB9B->85302df8-7a7f-4077-a053-c26dc3d3d65a@group-4701ABA8D7D0, cid=1278, SUCCESS, logIndex=2220, commits[85302df8-7a7f-4077-a053-c26dc3d3d65a:c2220]
2019-06-13 22:53:45,398 INFO  client.GrpcClientProtocolClient (GrpcClientProtocolClient.java:onNext(254)) - client-C82EA620EB9B->85302df8-7a7f-4077-a053-c26dc3d3d65a: receive RaftClientReply:client-C82EA620EB9B->85302df8-7a7f-4077-a053-c26dc3d3d65a@group-4701ABA8D7D0, cid=1279, SUCCESS, logIndex=2222, commits[85302df8-7a7f-4077-a053-c26dc3d3d65a:c2222]
2019-06-13 22:53:45,402 INFO  client.GrpcClientProtocolClient (GrpcClientProtocolClient.java:onNext(254)) - client-C82EA620EB9B->85302df8-7a7f-4077-a053-c26dc3d3d65a: receive RaftClientReply:client-C82EA620EB9B->85302df8-7a7f-4077-a053-c26dc3d3d65a@group-4701ABA8D7D0, cid=1280, SUCCESS, logIndex=2224, commits[85302df8-7a7f-4077-a053-c26dc3d3d65a:c2224]
2019-06-13 22:53:45,418 INFO  client.GrpcClientProtocolClient (GrpcClientProtocolClient.java:onNext(254)) - client-C82EA620EB9B->85302df8-7a7f-4077-a053-c26dc3d3d65a: receive RaftClientReply:client-C82EA620EB9B->85302df8-7a7f-4077-a053-c26dc3d3d65a@group-4701ABA8D7D0, cid=1281, SUCCESS, logIndex=2226, commits[85302df8-7a7f-4077-a053-c26dc3d3d65a:c2226]
2019-06-13 22:53:45,425 INFO  client.GrpcClientProtocolClient (GrpcClientProtocolClient.java:onNext(254)) - client-C82EA620EB9B->85302df8-7a7f-4077-a053-c26dc3d3d65a: receive RaftClientReply:client-C82EA620EB9B->85302df8-7a7f-4077-a053-c26dc3d3d65a@group-4701ABA8D7D0, cid=1282, SUCCESS, logIndex=2228, commits[85302df8-7a7f-4077-a053-c26dc3d3d65a:c2228]
2019-06-13 22:53:45,435 DEBUG block.SCMBlockDeletingService (SCMBlockDeletingService.java:call(138)) - Running DeletedBlockTransactionScanner
2019-06-13 22:53:45,435 DEBUG block.SCMBlockDeletingService (SCMBlockDeletingService.java:call(155)) - Scanned deleted blocks log and got 0 delTX to process.
2019-06-13 22:53:45,504 INFO  storage.RaftLogWorker (RaftLogWorker.java:rollLogSegment(303)) - 85302df8-7a7f-4077-a053-c26dc3d3d65a-RaftLogWorker: Rolling segment log-2158_2229 to index:2229
2019-06-13 22:53:45,504 INFO  storage.RaftLogWorker (RaftLogWorker.java:execute(433)) - 85302df8-7a7f-4077-a053-c26dc3d3d65a-RaftLogWorker: Rolled log segment from /opt/src/hadoop-ozone/integration-test/target/test-dir/MiniOzoneClusterImpl-550f9ca0-a6d9-4a4a-902f-f07ac81eac7b/datanode-0/data/ratis/5ad10fc2-5a33-4bdd-8958-4701aba8d7d0/current/log_inprogress_2158 to /opt/src/hadoop-ozone/integration-test/target/test-dir/MiniOzoneClusterImpl-550f9ca0-a6d9-4a4a-902f-f07ac81eac7b/datanode-0/data/ratis/5ad10fc2-5a33-4bdd-8958-4701aba8d7d0/current/log_2158-2229
2019-06-13 22:53:45,535 DEBUG block.SCMBlockDeletingService (SCMBlockDeletingService.java:call(138)) - Running DeletedBlockTransactionScanner
2019-06-13 22:53:45,536 DEBUG block.SCMBlockDeletingService (SCMBlockDeletingService.java:call(155)) - Scanned deleted blocks log and got 0 delTX to process.
2019-06-13 22:53:45,540 INFO  storage.RaftLogWorker (RaftLogWorker.java:execute(469)) - 85302df8-7a7f-4077-a053-c26dc3d3d65a-RaftLogWorker: created new log segment /opt/src/hadoop-ozone/integration-test/target/test-dir/MiniOzoneClusterImpl-550f9ca0-a6d9-4a4a-902f-f07ac81eac7b/datanode-0/data/ratis/5ad10fc2-5a33-4bdd-8958-4701aba8d7d0/current/log_inprogress_2230
2019-06-13 22:53:45,542 INFO  client.GrpcClientProtocolClient (GrpcClientProtocolClient.java:onNext(254)) - client-C82EA620EB9B->85302df8-7a7f-4077-a053-c26dc3d3d65a: receive RaftClientReply:client-C82EA620EB9B->85302df8-7a7f-4077-a053-c26dc3d3d65a@group-4701ABA8D7D0, cid=1283, SUCCESS, logIndex=2230, commits[85302df8-7a7f-4077-a053-c26dc3d3d65a:c2230]
2019-06-13 22:53:45,544 INFO  client.GrpcClientProtocolClient (GrpcClientProtocolClient.java:onNext(254)) - client-C82EA620EB9B->85302df8-7a7f-4077-a053-c26dc3d3d65a: receive RaftClientReply:client-C82EA620EB9B->85302df8-7a7f-4077-a053-c26dc3d3d65a@group-4701ABA8D7D0, cid=1284, SUCCESS, logIndex=2232, commits[85302df8-7a7f-4077-a053-c26dc3d3d65a:c2232]
2019-06-13 22:53:45,550 INFO  client.GrpcClientProtocolClient (GrpcClientProtocolClient.java:onNext(254)) - client-C82EA620EB9B->85302df8-7a7f-4077-a053-c26dc3d3d65a: receive RaftClientReply:client-C82EA620EB9B->85302df8-7a7f-4077-a053-c26dc3d3d65a@group-4701ABA8D7D0, cid=1285, SUCCESS, logIndex=2234, commits[85302df8-7a7f-4077-a053-c26dc3d3d65a:c2234]
2019-06-13 22:53:45,551 INFO  client.GrpcClientProtocolClient (GrpcClientProtocolClient.java:onNext(254)) - client-C82EA620EB9B->85302df8-7a7f-4077-a053-c26dc3d3d65a: receive RaftClientReply:client-C82EA620EB9B->85302df8-7a7f-4077-a053-c26dc3d3d65a@group-4701ABA8D7D0, cid=1286, SUCCESS, logIndex=2236, commits[85302df8-7a7f-4077-a053-c26dc3d3d65a:c2236]
2019-06-13 22:53:45,553 INFO  client.GrpcClientProtocolClient (GrpcClientProtocolClient.java:onNext(254)) - client-C82EA620EB9B->85302df8-7a7f-4077-a053-c26dc3d3d65a: receive RaftClientReply:client-C82EA620EB9B->85302df8-7a7f-4077-a053-c26dc3d3d65a@group-4701ABA8D7D0, cid=1287, SUCCESS, logIndex=2237, commits[85302df8-7a7f-4077-a053-c26dc3d3d65a:c2239]
2019-06-13 22:53:45,553 INFO  client.GrpcClientProtocolClient (GrpcClientProtocolClient.java:onNext(254)) - client-C82EA620EB9B->85302df8-7a7f-4077-a053-c26dc3d3d65a: receive RaftClientReply:client-C82EA620EB9B->85302df8-7a7f-4077-a053-c26dc3d3d65a@group-4701ABA8D7D0, cid=1288, SUCCESS, logIndex=2238, commits[85302df8-7a7f-4077-a053-c26dc3d3d65a:c2239]
2019-06-13 22:53:45,563 INFO  client.GrpcClientProtocolClient (GrpcClientProtocolClient.java:onNext(254)) - client-C82EA620EB9B->85302df8-7a7f-4077-a053-c26dc3d3d65a: receive RaftClientReply:client-C82EA620EB9B->85302df8-7a7f-4077-a053-c26dc3d3d65a@group-4701ABA8D7D0, cid=1289, SUCCESS, logIndex=2240, commits[85302df8-7a7f-4077-a053-c26dc3d3d65a:c2240]
2019-06-13 22:53:45,566 INFO  client.GrpcClientProtocolClient (GrpcClientProtocolClient.java:onNext(254)) - client-C82EA620EB9B->85302df8-7a7f-4077-a053-c26dc3d3d65a: receive RaftClientReply:client-C82EA620EB9B->85302df8-7a7f-4077-a053-c26dc3d3d65a@group-4701ABA8D7D0, cid=1290, SUCCESS, logIndex=2242, commits[85302df8-7a7f-4077-a053-c26dc3d3d65a:c2242]
2019-06-13 22:53:45,567 INFO  client.GrpcClientProtocolClient (GrpcClientProtocolClient.java:onNext(254)) - client-C82EA620EB9B->85302df8-7a7f-4077-a053-c26dc3d3d65a: receive RaftClientReply:client-C82EA620EB9B->85302df8-7a7f-4077-a053-c26dc3d3d65a@group-4701ABA8D7D0, cid=1291, SUCCESS, logIndex=2243, commits[85302df8-7a7f-4077-a053-c26dc3d3d65a:c2245]
2019-06-13 22:53:45,567 INFO  client.GrpcClientProtocolClient (GrpcClientProtocolClient.java:onNext(254)) - client-C82EA620EB9B->85302df8-7a7f-4077-a053-c26dc3d3d65a: receive RaftClientReply:client-C82EA620EB9B->85302df8-7a7f-4077-a053-c26dc3d3d65a@group-4701ABA8D7D0, cid=1292, SUCCESS, logIndex=2245, commits[85302df8-7a7f-4077-a053-c26dc3d3d65a:c2246]
2019-06-13 22:53:45,574 INFO  client.GrpcClientProtocolClient (GrpcClientProtocolClient.java:onNext(254)) - client-C82EA620EB9B->85302df8-7a7f-4077-a053-c26dc3d3d65a: receive RaftClientReply:client-C82EA620EB9B->85302df8-7a7f-4077-a053-c26dc3d3d65a@group-4701ABA8D7D0, cid=1293, SUCCESS, logIndex=2247, commits[85302df8-7a7f-4077-a053-c26dc3d3d65a:c2247]
2019-06-13 22:53:45,577 INFO  client.GrpcClientProtocolClient (GrpcClientProtocolClient.java:onNext(254)) - client-C82EA620EB9B->85302df8-7a7f-4077-a053-c26dc3d3d65a: receive RaftClientReply:client-C82EA620EB9B->85302df8-7a7f-4077-a053-c26dc3d3d65a@group-4701ABA8D7D0, cid=1294, SUCCESS, logIndex=2249, commits[85302df8-7a7f-4077-a053-c26dc3d3d65a:c2249]
2019-06-13 22:53:45,578 INFO  client.GrpcClientProtocolClient (GrpcClientProtocolClient.java:onNext(254)) - client-C82EA620EB9B->85302df8-7a7f-4077-a053-c26dc3d3d65a: receive RaftClientReply:client-C82EA620EB9B->85302df8-7a7f-4077-a053-c26dc3d3d65a@group-4701ABA8D7D0, cid=1295, SUCCESS, logIndex=2250, commits[85302df8-7a7f-4077-a053-c26dc3d3d65a:c2252]
2019-06-13 22:53:45,578 INFO  client.GrpcClientProtocolClient (GrpcClientProtocolClient.java:onNext(254)) - client-C82EA620EB9B->85302df8-7a7f-4077-a053-c26dc3d3d65a: receive RaftClientReply:client-C82EA620EB9B->85302df8-7a7f-4077-a053-c26dc3d3d65a@group-4701ABA8D7D0, cid=1296, SUCCESS, logIndex=2251, commits[85302df8-7a7f-4077-a053-c26dc3d3d65a:c2252]
2019-06-13 22:53:45,589 INFO  client.GrpcClientProtocolClient (GrpcClientProtocolClient.java:onNext(254)) - client-C82EA620EB9B->85302df8-7a7f-4077-a053-c26dc3d3d65a: receive RaftClientReply:client-C82EA620EB9B->85302df8-7a7f-4077-a053-c26dc3d3d65a@group-4701ABA8D7D0, cid=1297, SUCCESS, logIndex=2253, commits[85302df8-7a7f-4077-a053-c26dc3d3d65a:c2253]
2019-06-13 22:53:45,591 INFO  client.GrpcClientProtocolClient (GrpcClientProtocolClient.java:onNext(254)) - client-C82EA620EB9B->85302df8-7a7f-4077-a053-c26dc3d3d65a: receive RaftClientReply:client-C82EA620EB9B->85302df8-7a7f-4077-a053-c26dc3d3d65a@group-4701ABA8D7D0, cid=1298, SUCCESS, logIndex=2255, commits[85302df8-7a7f-4077-a053-c26dc3d3d65a:c2255]
2019-06-13 22:53:45,592 INFO  client.GrpcClientProtocolClient (GrpcClientProtocolClient.java:onNext(254)) - client-C82EA620EB9B->85302df8-7a7f-4077-a053-c26dc3d3d65a: receive RaftClientReply:client-C82EA620EB9B->85302df8-7a7f-4077-a053-c26dc3d3d65a@group-4701ABA8D7D0, cid=1299, SUCCESS, logIndex=2256, commits[85302df8-7a7f-4077-a053-c26dc3d3d65a:c2256]
2019-06-13 22:53:45,592 INFO  client.GrpcClientProtocolClient (GrpcClientProtocolClient.java:onNext(254)) - client-C82EA620EB9B->85302df8-7a7f-4077-a053-c26dc3d3d65a: receive RaftClientReply:client-C82EA620EB9B->85302df8-7a7f-4077-a053-c26dc3d3d65a@group-4701ABA8D7D0, cid=1300, SUCCESS, logIndex=2258, commits[85302df8-7a7f-4077-a053-c26dc3d3d65a:c2258]
2019-06-13 22:53:45,606 INFO  client.GrpcClientProtocolClient (GrpcClientProtocolClient.java:onNext(254)) - client-C82EA620EB9B->85302df8-7a7f-4077-a053-c26dc3d3d65a: receive RaftClientReply:client-C82EA620EB9B->85302df8-7a7f-4077-a053-c26dc3d3d65a@group-4701ABA8D7D0, cid=1301, SUCCESS, logIndex=2261, commits[85302df8-7a7f-4077-a053-c26dc3d3d65a:c2261]
2019-06-13 22:53:45,608 INFO  client.GrpcClientProtocolClient (GrpcClientProtocolClient.java:onNext(254)) - client-C82EA620EB9B->85302df8-7a7f-4077-a053-c26dc3d3d65a: receive RaftClientReply:client-C82EA620EB9B->85302df8-7a7f-4077-a053-c26dc3d3d65a@group-4701ABA8D7D0, cid=1302, SUCCESS, logIndex=2263, commits[85302df8-7a7f-4077-a053-c26dc3d3d65a:c2263]
2019-06-13 22:53:45,610 INFO  client.GrpcClientProtocolClient (GrpcClientProtocolClient.java:onNext(254)) - client-C82EA620EB9B->85302df8-7a7f-4077-a053-c26dc3d3d65a: receive RaftClientReply:client-C82EA620EB9B->85302df8-7a7f-4077-a053-c26dc3d3d65a@group-4701ABA8D7D0, cid=1303, SUCCESS, logIndex=2265, commits[85302df8-7a7f-4077-a053-c26dc3d3d65a:c2266]
2019-06-13 22:53:45,611 INFO  client.GrpcClientProtocolClient (GrpcClientProtocolClient.java:onNext(254)) - client-C82EA620EB9B->85302df8-7a7f-4077-a053-c26dc3d3d65a: receive RaftClientReply:client-C82EA620EB9B->85302df8-7a7f-4077-a053-c26dc3d3d65a@group-4701ABA8D7D0, cid=1304, SUCCESS, logIndex=2266, commits[85302df8-7a7f-4077-a053-c26dc3d3d65a:c2266]
2019-06-13 22:53:45,624 INFO  client.GrpcClientProtocolClient (GrpcClientProtocolClient.java:onNext(254)) - client-C82EA620EB9B->85302df8-7a7f-4077-a053-c26dc3d3d65a: receive RaftClientReply:client-C82EA620EB9B->85302df8-7a7f-4077-a053-c26dc3d3d65a@group-4701ABA8D7D0, cid=1305, SUCCESS, logIndex=2268, commits[85302df8-7a7f-4077-a053-c26dc3d3d65a:c2268]
2019-06-13 22:53:45,626 INFO  client.GrpcClientProtocolClient (GrpcClientProtocolClient.java:onNext(254)) - client-C82EA620EB9B->85302df8-7a7f-4077-a053-c26dc3d3d65a: receive RaftClientReply:client-C82EA620EB9B->85302df8-7a7f-4077-a053-c26dc3d3d65a@group-4701ABA8D7D0, cid=1306, SUCCESS, logIndex=2270, commits[85302df8-7a7f-4077-a053-c26dc3d3d65a:c2270]
2019-06-13 22:53:45,630 INFO  client.GrpcClientProtocolClient (GrpcClientProtocolClient.java:onNext(254)) - client-C82EA620EB9B->85302df8-7a7f-4077-a053-c26dc3d3d65a: receive RaftClientReply:client-C82EA620EB9B->85302df8-7a7f-4077-a053-c26dc3d3d65a@group-4701ABA8D7D0, cid=1307, SUCCESS, logIndex=2271, commits[85302df8-7a7f-4077-a053-c26dc3d3d65a:c2273]
2019-06-13 22:53:45,630 INFO  client.GrpcClientProtocolClient (GrpcClientProtocolClient.java:onNext(254)) - client-C82EA620EB9B->85302df8-7a7f-4077-a053-c26dc3d3d65a: receive RaftClientReply:client-C82EA620EB9B->85302df8-7a7f-4077-a053-c26dc3d3d65a@group-4701ABA8D7D0, cid=1308, SUCCESS, logIndex=2272, commits[85302df8-7a7f-4077-a053-c26dc3d3d65a:c2273]
2019-06-13 22:53:45,636 DEBUG block.SCMBlockDeletingService (SCMBlockDeletingService.java:call(138)) - Running DeletedBlockTransactionScanner
2019-06-13 22:53:45,636 DEBUG block.SCMBlockDeletingService (SCMBlockDeletingService.java:call(155)) - Scanned deleted blocks log and got 0 delTX to process.
2019-06-13 22:53:45,638 INFO  client.GrpcClientProtocolClient (GrpcClientProtocolClient.java:onNext(254)) - client-C82EA620EB9B->85302df8-7a7f-4077-a053-c26dc3d3d65a: receive RaftClientReply:client-C82EA620EB9B->85302df8-7a7f-4077-a053-c26dc3d3d65a@group-4701ABA8D7D0, cid=1309, SUCCESS, logIndex=2274, commits[85302df8-7a7f-4077-a053-c26dc3d3d65a:c2274]
2019-06-13 22:53:45,640 INFO  client.GrpcClientProtocolClient (GrpcClientProtocolClient.java:onNext(254)) - client-C82EA620EB9B->85302df8-7a7f-4077-a053-c26dc3d3d65a: receive RaftClientReply:client-C82EA620EB9B->85302df8-7a7f-4077-a053-c26dc3d3d65a@group-4701ABA8D7D0, cid=1310, SUCCESS, logIndex=2276, commits[85302df8-7a7f-4077-a053-c26dc3d3d65a:c2276]
2019-06-13 22:53:45,641 INFO  client.GrpcClientProtocolClient (GrpcClientProtocolClient.java:onNext(254)) - client-C82EA620EB9B->85302df8-7a7f-4077-a053-c26dc3d3d65a: receive RaftClientReply:client-C82EA620EB9B->85302df8-7a7f-4077-a053-c26dc3d3d65a@group-4701ABA8D7D0, cid=1311, SUCCESS, logIndex=2277, commits[85302df8-7a7f-4077-a053-c26dc3d3d65a:c2278]
2019-06-13 22:53:45,641 INFO  client.GrpcClientProtocolClient (GrpcClientProtocolClient.java:onNext(254)) - client-C82EA620EB9B->85302df8-7a7f-4077-a053-c26dc3d3d65a: receive RaftClientReply:client-C82EA620EB9B->85302df8-7a7f-4077-a053-c26dc3d3d65a@group-4701ABA8D7D0, cid=1312, SUCCESS, logIndex=2278, commits[85302df8-7a7f-4077-a053-c26dc3d3d65a:c2278]
2019-06-13 22:53:45,652 INFO  client.GrpcClientProtocolClient (GrpcClientProtocolClient.java:onNext(254)) - client-C82EA620EB9B->85302df8-7a7f-4077-a053-c26dc3d3d65a: receive RaftClientReply:client-C82EA620EB9B->85302df8-7a7f-4077-a053-c26dc3d3d65a@group-4701ABA8D7D0, cid=1313, SUCCESS, logIndex=2281, commits[85302df8-7a7f-4077-a053-c26dc3d3d65a:c2281]
2019-06-13 22:53:45,653 INFO  client.GrpcClientProtocolClient (GrpcClientProtocolClient.java:onNext(254)) - client-C82EA620EB9B->85302df8-7a7f-4077-a053-c26dc3d3d65a: receive RaftClientReply:client-C82EA620EB9B->85302df8-7a7f-4077-a053-c26dc3d3d65a@group-4701ABA8D7D0, cid=1314, SUCCESS, logIndex=2283, commits[85302df8-7a7f-4077-a053-c26dc3d3d65a:c2283]
2019-06-13 22:53:45,655 INFO  client.GrpcClientProtocolClient (GrpcClientProtocolClient.java:onNext(254)) - client-C82EA620EB9B->85302df8-7a7f-4077-a053-c26dc3d3d65a: receive RaftClientReply:client-C82EA620EB9B->85302df8-7a7f-4077-a053-c26dc3d3d65a@group-4701ABA8D7D0, cid=1315, SUCCESS, logIndex=2284, commits[85302df8-7a7f-4077-a053-c26dc3d3d65a:c2286]
2019-06-13 22:53:45,655 INFO  client.GrpcClientProtocolClient (GrpcClientProtocolClient.java:onNext(254)) - client-C82EA620EB9B->85302df8-7a7f-4077-a053-c26dc3d3d65a: receive RaftClientReply:client-C82EA620EB9B->85302df8-7a7f-4077-a053-c26dc3d3d65a@group-4701ABA8D7D0, cid=1316, SUCCESS, logIndex=2286, commits[85302df8-7a7f-4077-a053-c26dc3d3d65a:c2287]
2019-06-13 22:53:45,661 INFO  client.GrpcClientProtocolClient (GrpcClientProtocolClient.java:onNext(254)) - client-C82EA620EB9B->85302df8-7a7f-4077-a053-c26dc3d3d65a: receive RaftClientReply:client-C82EA620EB9B->85302df8-7a7f-4077-a053-c26dc3d3d65a@group-4701ABA8D7D0, cid=1317, SUCCESS, logIndex=2288, commits[85302df8-7a7f-4077-a053-c26dc3d3d65a:c2288]
2019-06-13 22:53:45,663 INFO  client.GrpcClientProtocolClient (GrpcClientProtocolClient.java:onNext(254)) - client-C82EA620EB9B->85302df8-7a7f-4077-a053-c26dc3d3d65a: receive RaftClientReply:client-C82EA620EB9B->85302df8-7a7f-4077-a053-c26dc3d3d65a@group-4701ABA8D7D0, cid=1318, SUCCESS, logIndex=2290, commits[85302df8-7a7f-4077-a053-c26dc3d3d65a:c2290]
2019-06-13 22:53:45,664 INFO  client.GrpcClientProtocolClient (GrpcClientProtocolClient.java:onNext(254)) - client-C82EA620EB9B->85302df8-7a7f-4077-a053-c26dc3d3d65a: receive RaftClientReply:client-C82EA620EB9B->85302df8-7a7f-4077-a053-c26dc3d3d65a@group-4701ABA8D7D0, cid=1319, SUCCESS, logIndex=2291, commits[85302df8-7a7f-4077-a053-c26dc3d3d65a:c2292]
2019-06-13 22:53:45,665 INFO  client.GrpcClientProtocolClient (GrpcClientProtocolClient.java:onNext(254)) - client-C82EA620EB9B->85302df8-7a7f-4077-a053-c26dc3d3d65a: receive RaftClientReply:client-C82EA620EB9B->85302df8-7a7f-4077-a053-c26dc3d3d65a@group-4701ABA8D7D0, cid=1320, SUCCESS, logIndex=2293, commits[85302df8-7a7f-4077-a053-c26dc3d3d65a:c2293]
2019-06-13 22:53:45,676 INFO  client.GrpcClientProtocolClient (GrpcClientProtocolClient.java:onNext(254)) - client-C82EA620EB9B->85302df8-7a7f-4077-a053-c26dc3d3d65a: receive RaftClientReply:client-C82EA620EB9B->85302df8-7a7f-4077-a053-c26dc3d3d65a@group-4701ABA8D7D0, cid=1321, SUCCESS, logIndex=2295, commits[85302df8-7a7f-4077-a053-c26dc3d3d65a:c2295]
2019-06-13 22:53:45,677 INFO  client.GrpcClientProtocolClient (GrpcClientProtocolClient.java:onNext(254)) - client-C82EA620EB9B->85302df8-7a7f-4077-a053-c26dc3d3d65a: receive RaftClientReply:client-C82EA620EB9B->85302df8-7a7f-4077-a053-c26dc3d3d65a@group-4701ABA8D7D0, cid=1322, SUCCESS, logIndex=2297, commits[85302df8-7a7f-4077-a053-c26dc3d3d65a:c2297]
2019-06-13 22:53:45,678 INFO  client.GrpcClientProtocolClient (GrpcClientProtocolClient.java:onNext(254)) - client-C82EA620EB9B->85302df8-7a7f-4077-a053-c26dc3d3d65a: receive RaftClientReply:client-C82EA620EB9B->85302df8-7a7f-4077-a053-c26dc3d3d65a@group-4701ABA8D7D0, cid=1323, SUCCESS, logIndex=2298, commits[85302df8-7a7f-4077-a053-c26dc3d3d65a:c2300]
2019-06-13 22:53:45,679 INFO  client.GrpcClientProtocolClient (GrpcClientProtocolClient.java:onNext(254)) - client-C82EA620EB9B->85302df8-7a7f-4077-a053-c26dc3d3d65a: receive RaftClientReply:client-C82EA620EB9B->85302df8-7a7f-4077-a053-c26dc3d3d65a@group-4701ABA8D7D0, cid=1324, SUCCESS, logIndex=2299, commits[85302df8-7a7f-4077-a053-c26dc3d3d65a:c2300]
2019-06-13 22:53:45,685 INFO  client.GrpcClientProtocolClient (GrpcClientProtocolClient.java:onNext(254)) - client-C82EA620EB9B->85302df8-7a7f-4077-a053-c26dc3d3d65a: receive RaftClientReply:client-C82EA620EB9B->85302df8-7a7f-4077-a053-c26dc3d3d65a@group-4701ABA8D7D0, cid=1325, SUCCESS, logIndex=2301, commits[85302df8-7a7f-4077-a053-c26dc3d3d65a:c2301]
2019-06-13 22:53:45,685 INFO  storage.RaftLogWorker (RaftLogWorker.java:rollLogSegment(303)) - 85302df8-7a7f-4077-a053-c26dc3d3d65a-RaftLogWorker: Rolling segment log-2230_2302 to index:2302
2019-06-13 22:53:45,685 INFO  storage.RaftLogWorker (RaftLogWorker.java:execute(433)) - 85302df8-7a7f-4077-a053-c26dc3d3d65a-RaftLogWorker: Rolled log segment from /opt/src/hadoop-ozone/integration-test/target/test-dir/MiniOzoneClusterImpl-550f9ca0-a6d9-4a4a-902f-f07ac81eac7b/datanode-0/data/ratis/5ad10fc2-5a33-4bdd-8958-4701aba8d7d0/current/log_inprogress_2230 to /opt/src/hadoop-ozone/integration-test/target/test-dir/MiniOzoneClusterImpl-550f9ca0-a6d9-4a4a-902f-f07ac81eac7b/datanode-0/data/ratis/5ad10fc2-5a33-4bdd-8958-4701aba8d7d0/current/log_2230-2302
2019-06-13 22:53:45,723 INFO  storage.RaftLogWorker (RaftLogWorker.java:execute(469)) - 85302df8-7a7f-4077-a053-c26dc3d3d65a-RaftLogWorker: created new log segment /opt/src/hadoop-ozone/integration-test/target/test-dir/MiniOzoneClusterImpl-550f9ca0-a6d9-4a4a-902f-f07ac81eac7b/datanode-0/data/ratis/5ad10fc2-5a33-4bdd-8958-4701aba8d7d0/current/log_inprogress_2303
2019-06-13 22:53:45,725 INFO  client.GrpcClientProtocolClient (GrpcClientProtocolClient.java:onNext(254)) - client-C82EA620EB9B->85302df8-7a7f-4077-a053-c26dc3d3d65a: receive RaftClientReply:client-C82EA620EB9B->85302df8-7a7f-4077-a053-c26dc3d3d65a@group-4701ABA8D7D0, cid=1326, SUCCESS, logIndex=2303, commits[85302df8-7a7f-4077-a053-c26dc3d3d65a:c2303]
2019-06-13 22:53:45,737 DEBUG block.SCMBlockDeletingService (SCMBlockDeletingService.java:call(138)) - Running DeletedBlockTransactionScanner
2019-06-13 22:53:45,737 DEBUG block.SCMBlockDeletingService (SCMBlockDeletingService.java:call(155)) - Scanned deleted blocks log and got 0 delTX to process.
2019-06-13 22:53:45,820 INFO  client.GrpcClientProtocolClient (GrpcClientProtocolClient.java:onNext(254)) - client-C82EA620EB9B->85302df8-7a7f-4077-a053-c26dc3d3d65a: receive RaftClientReply:client-C82EA620EB9B->85302df8-7a7f-4077-a053-c26dc3d3d65a@group-4701ABA8D7D0, cid=1327, SUCCESS, logIndex=2305, commits[85302df8-7a7f-4077-a053-c26dc3d3d65a:c2305]
2019-06-13 22:53:45,822 INFO  client.GrpcClientProtocolClient (GrpcClientProtocolClient.java:onNext(254)) - client-C82EA620EB9B->85302df8-7a7f-4077-a053-c26dc3d3d65a: receive RaftClientReply:client-C82EA620EB9B->85302df8-7a7f-4077-a053-c26dc3d3d65a@group-4701ABA8D7D0, cid=1328, SUCCESS, logIndex=2307, commits[85302df8-7a7f-4077-a053-c26dc3d3d65a:c2307]
2019-06-13 22:53:45,831 INFO  client.GrpcClientProtocolClient (GrpcClientProtocolClient.java:onNext(254)) - client-C82EA620EB9B->85302df8-7a7f-4077-a053-c26dc3d3d65a: receive RaftClientReply:client-C82EA620EB9B->85302df8-7a7f-4077-a053-c26dc3d3d65a@group-4701ABA8D7D0, cid=1329, SUCCESS, logIndex=2309, commits[85302df8-7a7f-4077-a053-c26dc3d3d65a:c2309]
2019-06-13 22:53:45,833 INFO  client.GrpcClientProtocolClient (GrpcClientProtocolClient.java:onNext(254)) - client-C82EA620EB9B->85302df8-7a7f-4077-a053-c26dc3d3d65a: receive RaftClientReply:client-C82EA620EB9B->85302df8-7a7f-4077-a053-c26dc3d3d65a@group-4701ABA8D7D0, cid=1330, SUCCESS, logIndex=2311, commits[85302df8-7a7f-4077-a053-c26dc3d3d65a:c2311]
2019-06-13 22:53:45,836 INFO  client.GrpcClientProtocolClient (GrpcClientProtocolClient.java:onNext(254)) - client-C82EA620EB9B->85302df8-7a7f-4077-a053-c26dc3d3d65a: receive RaftClientReply:client-C82EA620EB9B->85302df8-7a7f-4077-a053-c26dc3d3d65a@group-4701ABA8D7D0, cid=1331, SUCCESS, logIndex=2313, commits[85302df8-7a7f-4077-a053-c26dc3d3d65a:c2314]
2019-06-13 22:53:45,837 INFO  client.GrpcClientProtocolClient (GrpcClientProtocolClient.java:onNext(254)) - client-C82EA620EB9B->85302df8-7a7f-4077-a053-c26dc3d3d65a: receive RaftClientReply:client-C82EA620EB9B->85302df8-7a7f-4077-a053-c26dc3d3d65a@group-4701ABA8D7D0, cid=1332, SUCCESS, logIndex=2314, commits[85302df8-7a7f-4077-a053-c26dc3d3d65a:c2314]
2019-06-13 22:53:45,837 DEBUG block.SCMBlockDeletingService (SCMBlockDeletingService.java:call(138)) - Running DeletedBlockTransactionScanner
2019-06-13 22:53:45,837 DEBUG block.SCMBlockDeletingService (SCMBlockDeletingService.java:call(155)) - Scanned deleted blocks log and got 0 delTX to process.
2019-06-13 22:53:45,843 INFO  client.GrpcClientProtocolClient (GrpcClientProtocolClient.java:onNext(254)) - client-C82EA620EB9B->85302df8-7a7f-4077-a053-c26dc3d3d65a: receive RaftClientReply:client-C82EA620EB9B->85302df8-7a7f-4077-a053-c26dc3d3d65a@group-4701ABA8D7D0, cid=1333, SUCCESS, logIndex=2316, commits[85302df8-7a7f-4077-a053-c26dc3d3d65a:c2316]
2019-06-13 22:53:45,845 INFO  client.GrpcClientProtocolClient (GrpcClientProtocolClient.java:onNext(254)) - client-C82EA620EB9B->85302df8-7a7f-4077-a053-c26dc3d3d65a: receive RaftClientReply:client-C82EA620EB9B->85302df8-7a7f-4077-a053-c26dc3d3d65a@group-4701ABA8D7D0, cid=1334, SUCCESS, logIndex=2318, commits[85302df8-7a7f-4077-a053-c26dc3d3d65a:c2318]
2019-06-13 22:53:45,846 INFO  client.GrpcClientProtocolClient (GrpcClientProtocolClient.java:onNext(254)) - client-C82EA620EB9B->85302df8-7a7f-4077-a053-c26dc3d3d65a: receive RaftClientReply:client-C82EA620EB9B->85302df8-7a7f-4077-a053-c26dc3d3d65a@group-4701ABA8D7D0, cid=1335, SUCCESS, logIndex=2319, commits[85302df8-7a7f-4077-a053-c26dc3d3d65a:c2321]
2019-06-13 22:53:45,847 INFO  client.GrpcClientProtocolClient (GrpcClientProtocolClient.java:onNext(254)) - client-C82EA620EB9B->85302df8-7a7f-4077-a053-c26dc3d3d65a: receive RaftClientReply:client-C82EA620EB9B->85302df8-7a7f-4077-a053-c26dc3d3d65a@group-4701ABA8D7D0, cid=1336, SUCCESS, logIndex=2320, commits[85302df8-7a7f-4077-a053-c26dc3d3d65a:c2321]
2019-06-13 22:53:45,856 INFO  client.GrpcClientProtocolClient (GrpcClientProtocolClient.java:onNext(254)) - client-C82EA620EB9B->85302df8-7a7f-4077-a053-c26dc3d3d65a: receive RaftClientReply:client-C82EA620EB9B->85302df8-7a7f-4077-a053-c26dc3d3d65a@group-4701ABA8D7D0, cid=1337, SUCCESS, logIndex=2322, commits[85302df8-7a7f-4077-a053-c26dc3d3d65a:c2322]
2019-06-13 22:53:45,857 INFO  client.GrpcClientProtocolClient (GrpcClientProtocolClient.java:onNext(254)) - client-C82EA620EB9B->85302df8-7a7f-4077-a053-c26dc3d3d65a: receive RaftClientReply:client-C82EA620EB9B->85302df8-7a7f-4077-a053-c26dc3d3d65a@group-4701ABA8D7D0, cid=1338, SUCCESS, logIndex=2324, commits[85302df8-7a7f-4077-a053-c26dc3d3d65a:c2324]
2019-06-13 22:53:45,858 INFO  client.GrpcClientProtocolClient (GrpcClientProtocolClient.java:onNext(254)) - client-C82EA620EB9B->85302df8-7a7f-4077-a053-c26dc3d3d65a: receive RaftClientReply:client-C82EA620EB9B->85302df8-7a7f-4077-a053-c26dc3d3d65a@group-4701ABA8D7D0, cid=1339, SUCCESS, logIndex=2325, commits[85302df8-7a7f-4077-a053-c26dc3d3d65a:c2327]
2019-06-13 22:53:45,859 INFO  client.GrpcClientProtocolClient (GrpcClientProtocolClient.java:onNext(254)) - client-C82EA620EB9B->85302df8-7a7f-4077-a053-c26dc3d3d65a: receive RaftClientReply:client-C82EA620EB9B->85302df8-7a7f-4077-a053-c26dc3d3d65a@group-4701ABA8D7D0, cid=1340, SUCCESS, logIndex=2327, commits[85302df8-7a7f-4077-a053-c26dc3d3d65a:c2327]
2019-06-13 22:53:45,864 INFO  client.GrpcClientProtocolClient (GrpcClientProtocolClient.java:onNext(254)) - client-C82EA620EB9B->85302df8-7a7f-4077-a053-c26dc3d3d65a: receive RaftClientReply:client-C82EA620EB9B->85302df8-7a7f-4077-a053-c26dc3d3d65a@group-4701ABA8D7D0, cid=1341, SUCCESS, logIndex=2329, commits[85302df8-7a7f-4077-a053-c26dc3d3d65a:c2329]
2019-06-13 22:53:45,866 INFO  client.GrpcClientProtocolClient (GrpcClientProtocolClient.java:onNext(254)) - client-C82EA620EB9B->85302df8-7a7f-4077-a053-c26dc3d3d65a: receive RaftClientReply:client-C82EA620EB9B->85302df8-7a7f-4077-a053-c26dc3d3d65a@group-4701ABA8D7D0, cid=1342, SUCCESS, logIndex=2331, commits[85302df8-7a7f-4077-a053-c26dc3d3d65a:c2331]
2019-06-13 22:53:45,867 INFO  client.GrpcClientProtocolClient (GrpcClientProtocolClient.java:onNext(254)) - client-C82EA620EB9B->85302df8-7a7f-4077-a053-c26dc3d3d65a: receive RaftClientReply:client-C82EA620EB9B->85302df8-7a7f-4077-a053-c26dc3d3d65a@group-4701ABA8D7D0, cid=1343, SUCCESS, logIndex=2332, commits[85302df8-7a7f-4077-a053-c26dc3d3d65a:c2334]
2019-06-13 22:53:45,867 INFO  client.GrpcClientProtocolClient (GrpcClientProtocolClient.java:onNext(254)) - client-C82EA620EB9B->85302df8-7a7f-4077-a053-c26dc3d3d65a: receive RaftClientReply:client-C82EA620EB9B->85302df8-7a7f-4077-a053-c26dc3d3d65a@group-4701ABA8D7D0, cid=1344, SUCCESS, logIndex=2333, commits[85302df8-7a7f-4077-a053-c26dc3d3d65a:c2334]
2019-06-13 22:53:45,877 INFO  client.GrpcClientProtocolClient (GrpcClientProtocolClient.java:onNext(254)) - client-C82EA620EB9B->85302df8-7a7f-4077-a053-c26dc3d3d65a: receive RaftClientReply:client-C82EA620EB9B->85302df8-7a7f-4077-a053-c26dc3d3d65a@group-4701ABA8D7D0, cid=1345, SUCCESS, logIndex=2335, commits[85302df8-7a7f-4077-a053-c26dc3d3d65a:c2335]
2019-06-13 22:53:45,880 INFO  client.GrpcClientProtocolClient (GrpcClientProtocolClient.java:onNext(254)) - client-C82EA620EB9B->85302df8-7a7f-4077-a053-c26dc3d3d65a: receive RaftClientReply:client-C82EA620EB9B->85302df8-7a7f-4077-a053-c26dc3d3d65a@group-4701ABA8D7D0, cid=1346, SUCCESS, logIndex=2337, commits[85302df8-7a7f-4077-a053-c26dc3d3d65a:c2337]
2019-06-13 22:53:45,881 INFO  client.GrpcClientProtocolClient (GrpcClientProtocolClient.java:onNext(254)) - client-C82EA620EB9B->85302df8-7a7f-4077-a053-c26dc3d3d65a: receive RaftClientReply:client-C82EA620EB9B->85302df8-7a7f-4077-a053-c26dc3d3d65a@group-4701ABA8D7D0, cid=1347, SUCCESS, logIndex=2338, commits[85302df8-7a7f-4077-a053-c26dc3d3d65a:c2340]
2019-06-13 22:53:45,881 INFO  client.GrpcClientProtocolClient (GrpcClientProtocolClient.java:onNext(254)) - client-C82EA620EB9B->85302df8-7a7f-4077-a053-c26dc3d3d65a: receive RaftClientReply:client-C82EA620EB9B->85302df8-7a7f-4077-a053-c26dc3d3d65a@group-4701ABA8D7D0, cid=1348, SUCCESS, logIndex=2340, commits[85302df8-7a7f-4077-a053-c26dc3d3d65a:c2340]
2019-06-13 22:53:45,890 INFO  client.GrpcClientProtocolClient (GrpcClientProtocolClient.java:onNext(254)) - client-C82EA620EB9B->85302df8-7a7f-4077-a053-c26dc3d3d65a: receive RaftClientReply:client-C82EA620EB9B->85302df8-7a7f-4077-a053-c26dc3d3d65a@group-4701ABA8D7D0, cid=1349, SUCCESS, logIndex=2342, commits[85302df8-7a7f-4077-a053-c26dc3d3d65a:c2342]
2019-06-13 22:53:45,891 INFO  client.GrpcClientProtocolClient (GrpcClientProtocolClient.java:onNext(254)) - client-C82EA620EB9B->85302df8-7a7f-4077-a053-c26dc3d3d65a: receive RaftClientReply:client-C82EA620EB9B->85302df8-7a7f-4077-a053-c26dc3d3d65a@group-4701ABA8D7D0, cid=1350, SUCCESS, logIndex=2344, commits[85302df8-7a7f-4077-a053-c26dc3d3d65a:c2344]
2019-06-13 22:53:45,893 INFO  client.GrpcClientProtocolClient (GrpcClientProtocolClient.java:onNext(254)) - client-C82EA620EB9B->85302df8-7a7f-4077-a053-c26dc3d3d65a: receive RaftClientReply:client-C82EA620EB9B->85302df8-7a7f-4077-a053-c26dc3d3d65a@group-4701ABA8D7D0, cid=1351, SUCCESS, logIndex=2345, commits[85302df8-7a7f-4077-a053-c26dc3d3d65a:c2347]
2019-06-13 22:53:45,893 INFO  client.GrpcClientProtocolClient (GrpcClientProtocolClient.java:onNext(254)) - client-C82EA620EB9B->85302df8-7a7f-4077-a053-c26dc3d3d65a: receive RaftClientReply:client-C82EA620EB9B->85302df8-7a7f-4077-a053-c26dc3d3d65a@group-4701ABA8D7D0, cid=1352, SUCCESS, logIndex=2347, commits[85302df8-7a7f-4077-a053-c26dc3d3d65a:c2347]
2019-06-13 22:53:45,903 INFO  client.GrpcClientProtocolClient (GrpcClientProtocolClient.java:onNext(254)) - client-C82EA620EB9B->85302df8-7a7f-4077-a053-c26dc3d3d65a: receive RaftClientReply:client-C82EA620EB9B->85302df8-7a7f-4077-a053-c26dc3d3d65a@group-4701ABA8D7D0, cid=1353, SUCCESS, logIndex=2349, commits[85302df8-7a7f-4077-a053-c26dc3d3d65a:c2349]
2019-06-13 22:53:45,906 INFO  client.GrpcClientProtocolClient (GrpcClientProtocolClient.java:onNext(254)) - client-C82EA620EB9B->85302df8-7a7f-4077-a053-c26dc3d3d65a: receive RaftClientReply:client-C82EA620EB9B->85302df8-7a7f-4077-a053-c26dc3d3d65a@group-4701ABA8D7D0, cid=1354, SUCCESS, logIndex=2351, commits[85302df8-7a7f-4077-a053-c26dc3d3d65a:c2351]
2019-06-13 22:53:45,906 INFO  client.GrpcClientProtocolClient (GrpcClientProtocolClient.java:onNext(254)) - client-C82EA620EB9B->85302df8-7a7f-4077-a053-c26dc3d3d65a: receive RaftClientReply:client-C82EA620EB9B->85302df8-7a7f-4077-a053-c26dc3d3d65a@group-4701ABA8D7D0, cid=1355, SUCCESS, logIndex=2352, commits[85302df8-7a7f-4077-a053-c26dc3d3d65a:c2352]
2019-06-13 22:53:45,908 INFO  client.GrpcClientProtocolClient (GrpcClientProtocolClient.java:onNext(254)) - client-C82EA620EB9B->85302df8-7a7f-4077-a053-c26dc3d3d65a: receive RaftClientReply:client-C82EA620EB9B->85302df8-7a7f-4077-a053-c26dc3d3d65a@group-4701ABA8D7D0, cid=1356, SUCCESS, logIndex=2355, commits[85302df8-7a7f-4077-a053-c26dc3d3d65a:c2355]
2019-06-13 22:53:45,914 INFO  client.GrpcClientProtocolClient (GrpcClientProtocolClient.java:onNext(254)) - client-C82EA620EB9B->85302df8-7a7f-4077-a053-c26dc3d3d65a: receive RaftClientReply:client-C82EA620EB9B->85302df8-7a7f-4077-a053-c26dc3d3d65a@group-4701ABA8D7D0, cid=1357, SUCCESS, logIndex=2357, commits[85302df8-7a7f-4077-a053-c26dc3d3d65a:c2357]
2019-06-13 22:53:45,916 INFO  client.GrpcClientProtocolClient (GrpcClientProtocolClient.java:onNext(254)) - client-C82EA620EB9B->85302df8-7a7f-4077-a053-c26dc3d3d65a: receive RaftClientReply:client-C82EA620EB9B->85302df8-7a7f-4077-a053-c26dc3d3d65a@group-4701ABA8D7D0, cid=1358, SUCCESS, logIndex=2359, commits[85302df8-7a7f-4077-a053-c26dc3d3d65a:c2359]
2019-06-13 22:53:45,917 INFO  client.GrpcClientProtocolClient (GrpcClientProtocolClient.java:onNext(254)) - client-C82EA620EB9B->85302df8-7a7f-4077-a053-c26dc3d3d65a: receive RaftClientReply:client-C82EA620EB9B->85302df8-7a7f-4077-a053-c26dc3d3d65a@group-4701ABA8D7D0, cid=1359, SUCCESS, logIndex=2360, commits[85302df8-7a7f-4077-a053-c26dc3d3d65a:c2362]
2019-06-13 22:53:45,917 INFO  client.GrpcClientProtocolClient (GrpcClientProtocolClient.java:onNext(254)) - client-C82EA620EB9B->85302df8-7a7f-4077-a053-c26dc3d3d65a: receive RaftClientReply:client-C82EA620EB9B->85302df8-7a7f-4077-a053-c26dc3d3d65a@group-4701ABA8D7D0, cid=1360, SUCCESS, logIndex=2361, commits[85302df8-7a7f-4077-a053-c26dc3d3d65a:c2362]
2019-06-13 22:53:45,928 INFO  client.GrpcClientProtocolClient (GrpcClientProtocolClient.java:onNext(254)) - client-C82EA620EB9B->85302df8-7a7f-4077-a053-c26dc3d3d65a: receive RaftClientReply:client-C82EA620EB9B->85302df8-7a7f-4077-a053-c26dc3d3d65a@group-4701ABA8D7D0, cid=1361, SUCCESS, logIndex=2363, commits[85302df8-7a7f-4077-a053-c26dc3d3d65a:c2363]
2019-06-13 22:53:45,930 INFO  client.GrpcClientProtocolClient (GrpcClientProtocolClient.java:onNext(254)) - client-C82EA620EB9B->85302df8-7a7f-4077-a053-c26dc3d3d65a: receive RaftClientReply:client-C82EA620EB9B->85302df8-7a7f-4077-a053-c26dc3d3d65a@group-4701ABA8D7D0, cid=1362, SUCCESS, logIndex=2365, commits[85302df8-7a7f-4077-a053-c26dc3d3d65a:c2365]
2019-06-13 22:53:45,931 INFO  client.GrpcClientProtocolClient (GrpcClientProtocolClient.java:onNext(254)) - client-C82EA620EB9B->85302df8-7a7f-4077-a053-c26dc3d3d65a: receive RaftClientReply:client-C82EA620EB9B->85302df8-7a7f-4077-a053-c26dc3d3d65a@group-4701ABA8D7D0, cid=1363, SUCCESS, logIndex=2366, commits[85302df8-7a7f-4077-a053-c26dc3d3d65a:c2368]
2019-06-13 22:53:45,932 INFO  client.GrpcClientProtocolClient (GrpcClientProtocolClient.java:onNext(254)) - client-C82EA620EB9B->85302df8-7a7f-4077-a053-c26dc3d3d65a: receive RaftClientReply:client-C82EA620EB9B->85302df8-7a7f-4077-a053-c26dc3d3d65a@group-4701ABA8D7D0, cid=1364, SUCCESS, logIndex=2368, commits[85302df8-7a7f-4077-a053-c26dc3d3d65a:c2369]
2019-06-13 22:53:45,938 DEBUG block.SCMBlockDeletingService (SCMBlockDeletingService.java:call(138)) - Running DeletedBlockTransactionScanner
2019-06-13 22:53:45,938 DEBUG block.SCMBlockDeletingService (SCMBlockDeletingService.java:call(155)) - Scanned deleted blocks log and got 0 delTX to process.
2019-06-13 22:53:45,940 INFO  client.GrpcClientProtocolClient (GrpcClientProtocolClient.java:onNext(254)) - client-C82EA620EB9B->85302df8-7a7f-4077-a053-c26dc3d3d65a: receive RaftClientReply:client-C82EA620EB9B->85302df8-7a7f-4077-a053-c26dc3d3d65a@group-4701ABA8D7D0, cid=1365, SUCCESS, logIndex=2370, commits[85302df8-7a7f-4077-a053-c26dc3d3d65a:c2371]
2019-06-13 22:53:45,941 INFO  storage.RaftLogWorker (RaftLogWorker.java:rollLogSegment(303)) - 85302df8-7a7f-4077-a053-c26dc3d3d65a-RaftLogWorker: Rolling segment log-2303_2374 to index:2374
2019-06-13 22:53:45,942 INFO  client.GrpcClientProtocolClient (GrpcClientProtocolClient.java:onNext(254)) - client-C82EA620EB9B->85302df8-7a7f-4077-a053-c26dc3d3d65a: receive RaftClientReply:client-C82EA620EB9B->85302df8-7a7f-4077-a053-c26dc3d3d65a@group-4701ABA8D7D0, cid=1366, SUCCESS, logIndex=2372, commits[85302df8-7a7f-4077-a053-c26dc3d3d65a:c2372]
2019-06-13 22:53:45,942 INFO  storage.RaftLogWorker (RaftLogWorker.java:execute(433)) - 85302df8-7a7f-4077-a053-c26dc3d3d65a-RaftLogWorker: Rolled log segment from /opt/src/hadoop-ozone/integration-test/target/test-dir/MiniOzoneClusterImpl-550f9ca0-a6d9-4a4a-902f-f07ac81eac7b/datanode-0/data/ratis/5ad10fc2-5a33-4bdd-8958-4701aba8d7d0/current/log_inprogress_2303 to /opt/src/hadoop-ozone/integration-test/target/test-dir/MiniOzoneClusterImpl-550f9ca0-a6d9-4a4a-902f-f07ac81eac7b/datanode-0/data/ratis/5ad10fc2-5a33-4bdd-8958-4701aba8d7d0/current/log_2303-2374
2019-06-13 22:53:45,943 INFO  client.GrpcClientProtocolClient (GrpcClientProtocolClient.java:onNext(254)) - client-C82EA620EB9B->85302df8-7a7f-4077-a053-c26dc3d3d65a: receive RaftClientReply:client-C82EA620EB9B->85302df8-7a7f-4077-a053-c26dc3d3d65a@group-4701ABA8D7D0, cid=1367, SUCCESS, logIndex=2373, commits[85302df8-7a7f-4077-a053-c26dc3d3d65a:c2374]
2019-06-13 22:53:45,978 INFO  storage.RaftLogWorker (RaftLogWorker.java:execute(469)) - 85302df8-7a7f-4077-a053-c26dc3d3d65a-RaftLogWorker: created new log segment /opt/src/hadoop-ozone/integration-test/target/test-dir/MiniOzoneClusterImpl-550f9ca0-a6d9-4a4a-902f-f07ac81eac7b/datanode-0/data/ratis/5ad10fc2-5a33-4bdd-8958-4701aba8d7d0/current/log_inprogress_2375
2019-06-13 22:53:45,980 INFO  client.GrpcClientProtocolClient (GrpcClientProtocolClient.java:onNext(254)) - client-C82EA620EB9B->85302df8-7a7f-4077-a053-c26dc3d3d65a: receive RaftClientReply:client-C82EA620EB9B->85302df8-7a7f-4077-a053-c26dc3d3d65a@group-4701ABA8D7D0, cid=1368, SUCCESS, logIndex=2375, commits[85302df8-7a7f-4077-a053-c26dc3d3d65a:c2375]
2019-06-13 22:53:45,990 INFO  client.GrpcClientProtocolClient (GrpcClientProtocolClient.java:onNext(254)) - client-C82EA620EB9B->85302df8-7a7f-4077-a053-c26dc3d3d65a: receive RaftClientReply:client-C82EA620EB9B->85302df8-7a7f-4077-a053-c26dc3d3d65a@group-4701ABA8D7D0, cid=1369, SUCCESS, logIndex=2377, commits[85302df8-7a7f-4077-a053-c26dc3d3d65a:c2377]
2019-06-13 22:53:45,998 INFO  client.GrpcClientProtocolClient (GrpcClientProtocolClient.java:onNext(254)) - client-C82EA620EB9B->85302df8-7a7f-4077-a053-c26dc3d3d65a: receive RaftClientReply:client-C82EA620EB9B->85302df8-7a7f-4077-a053-c26dc3d3d65a@group-4701ABA8D7D0, cid=1370, SUCCESS, logIndex=2379, commits[85302df8-7a7f-4077-a053-c26dc3d3d65a:c2379]
2019-06-13 22:53:46,038 DEBUG block.SCMBlockDeletingService (SCMBlockDeletingService.java:call(138)) - Running DeletedBlockTransactionScanner
2019-06-13 22:53:46,039 DEBUG block.SCMBlockDeletingService (SCMBlockDeletingService.java:call(155)) - Scanned deleted blocks log and got 0 delTX to process.
2019-06-13 22:53:46,062 INFO  client.GrpcClientProtocolClient (GrpcClientProtocolClient.java:onNext(254)) - client-C82EA620EB9B->85302df8-7a7f-4077-a053-c26dc3d3d65a: receive RaftClientReply:client-C82EA620EB9B->85302df8-7a7f-4077-a053-c26dc3d3d65a@group-4701ABA8D7D0, cid=1371, SUCCESS, logIndex=2381, commits[85302df8-7a7f-4077-a053-c26dc3d3d65a:c2381]
2019-06-13 22:53:46,064 INFO  client.GrpcClientProtocolClient (GrpcClientProtocolClient.java:onNext(254)) - client-C82EA620EB9B->85302df8-7a7f-4077-a053-c26dc3d3d65a: receive RaftClientReply:client-C82EA620EB9B->85302df8-7a7f-4077-a053-c26dc3d3d65a@group-4701ABA8D7D0, cid=1372, SUCCESS, logIndex=2383, commits[85302df8-7a7f-4077-a053-c26dc3d3d65a:c2383]
2019-06-13 22:53:46,070 INFO  client.GrpcClientProtocolClient (GrpcClientProtocolClient.java:onNext(254)) - client-C82EA620EB9B->85302df8-7a7f-4077-a053-c26dc3d3d65a: receive RaftClientReply:client-C82EA620EB9B->85302df8-7a7f-4077-a053-c26dc3d3d65a@group-4701ABA8D7D0, cid=1373, SUCCESS, logIndex=2385, commits[85302df8-7a7f-4077-a053-c26dc3d3d65a:c2385]
2019-06-13 22:53:46,071 INFO  client.GrpcClientProtocolClient (GrpcClientProtocolClient.java:onNext(254)) - client-C82EA620EB9B->85302df8-7a7f-4077-a053-c26dc3d3d65a: receive RaftClientReply:client-C82EA620EB9B->85302df8-7a7f-4077-a053-c26dc3d3d65a@group-4701ABA8D7D0, cid=1374, SUCCESS, logIndex=2387, commits[85302df8-7a7f-4077-a053-c26dc3d3d65a:c2387]
2019-06-13 22:53:46,073 INFO  client.GrpcClientProtocolClient (GrpcClientProtocolClient.java:onNext(254)) - client-C82EA620EB9B->85302df8-7a7f-4077-a053-c26dc3d3d65a: receive RaftClientReply:client-C82EA620EB9B->85302df8-7a7f-4077-a053-c26dc3d3d65a@group-4701ABA8D7D0, cid=1375, SUCCESS, logIndex=2388, commits[85302df8-7a7f-4077-a053-c26dc3d3d65a:c2390]
2019-06-13 22:53:46,074 INFO  client.GrpcClientProtocolClient (GrpcClientProtocolClient.java:onNext(254)) - client-C82EA620EB9B->85302df8-7a7f-4077-a053-c26dc3d3d65a: receive RaftClientReply:client-C82EA620EB9B->85302df8-7a7f-4077-a053-c26dc3d3d65a@group-4701ABA8D7D0, cid=1376, SUCCESS, logIndex=2390, commits[85302df8-7a7f-4077-a053-c26dc3d3d65a:c2390]
2019-06-13 22:53:46,083 INFO  client.GrpcClientProtocolClient (GrpcClientProtocolClient.java:onNext(254)) - client-C82EA620EB9B->85302df8-7a7f-4077-a053-c26dc3d3d65a: receive RaftClientReply:client-C82EA620EB9B->85302df8-7a7f-4077-a053-c26dc3d3d65a@group-4701ABA8D7D0, cid=1377, SUCCESS, logIndex=2392, commits[85302df8-7a7f-4077-a053-c26dc3d3d65a:c2392]
2019-06-13 22:53:46,085 INFO  client.GrpcClientProtocolClient (GrpcClientProtocolClient.java:onNext(254)) - client-C82EA620EB9B->85302df8-7a7f-4077-a053-c26dc3d3d65a: receive RaftClientReply:client-C82EA620EB9B->85302df8-7a7f-4077-a053-c26dc3d3d65a@group-4701ABA8D7D0, cid=1378, SUCCESS, logIndex=2394, commits[85302df8-7a7f-4077-a053-c26dc3d3d65a:c2394]
2019-06-13 22:53:46,086 INFO  client.GrpcClientProtocolClient (GrpcClientProtocolClient.java:onNext(254)) - client-C82EA620EB9B->85302df8-7a7f-4077-a053-c26dc3d3d65a: receive RaftClientReply:client-C82EA620EB9B->85302df8-7a7f-4077-a053-c26dc3d3d65a@group-4701ABA8D7D0, cid=1379, SUCCESS, logIndex=2395, commits[85302df8-7a7f-4077-a053-c26dc3d3d65a:c2397]
2019-06-13 22:53:46,086 INFO  client.GrpcClientProtocolClient (GrpcClientProtocolClient.java:onNext(254)) - client-C82EA620EB9B->85302df8-7a7f-4077-a053-c26dc3d3d65a: receive RaftClientReply:client-C82EA620EB9B->85302df8-7a7f-4077-a053-c26dc3d3d65a@group-4701ABA8D7D0, cid=1380, SUCCESS, logIndex=2396, commits[85302df8-7a7f-4077-a053-c26dc3d3d65a:c2397]
2019-06-13 22:53:46,092 INFO  client.GrpcClientProtocolClient (GrpcClientProtocolClient.java:onNext(254)) - client-C82EA620EB9B->85302df8-7a7f-4077-a053-c26dc3d3d65a: receive RaftClientReply:client-C82EA620EB9B->85302df8-7a7f-4077-a053-c26dc3d3d65a@group-4701ABA8D7D0, cid=1381, SUCCESS, logIndex=2398, commits[85302df8-7a7f-4077-a053-c26dc3d3d65a:c2398]
2019-06-13 22:53:46,094 INFO  client.GrpcClientProtocolClient (GrpcClientProtocolClient.java:onNext(254)) - client-C82EA620EB9B->85302df8-7a7f-4077-a053-c26dc3d3d65a: receive RaftClientReply:client-C82EA620EB9B->85302df8-7a7f-4077-a053-c26dc3d3d65a@group-4701ABA8D7D0, cid=1382, SUCCESS, logIndex=2400, commits[85302df8-7a7f-4077-a053-c26dc3d3d65a:c2400]
2019-06-13 22:53:46,095 INFO  client.GrpcClientProtocolClient (GrpcClientProtocolClient.java:onNext(254)) - client-C82EA620EB9B->85302df8-7a7f-4077-a053-c26dc3d3d65a: receive RaftClientReply:client-C82EA620EB9B->85302df8-7a7f-4077-a053-c26dc3d3d65a@group-4701ABA8D7D0, cid=1383, SUCCESS, logIndex=2401, commits[85302df8-7a7f-4077-a053-c26dc3d3d65a:c2403]
2019-06-13 22:53:46,098 INFO  client.GrpcClientProtocolClient (GrpcClientProtocolClient.java:onNext(254)) - client-C82EA620EB9B->85302df8-7a7f-4077-a053-c26dc3d3d65a: receive RaftClientReply:client-C82EA620EB9B->85302df8-7a7f-4077-a053-c26dc3d3d65a@group-4701ABA8D7D0, cid=1384, SUCCESS, logIndex=2403, commits[85302df8-7a7f-4077-a053-c26dc3d3d65a:c2403]
2019-06-13 22:53:46,108 INFO  client.GrpcClientProtocolClient (GrpcClientProtocolClient.java:onNext(254)) - client-C82EA620EB9B->85302df8-7a7f-4077-a053-c26dc3d3d65a: receive RaftClientReply:client-C82EA620EB9B->85302df8-7a7f-4077-a053-c26dc3d3d65a@group-4701ABA8D7D0, cid=1385, SUCCESS, logIndex=2405, commits[85302df8-7a7f-4077-a053-c26dc3d3d65a:c2405]
2019-06-13 22:53:46,110 INFO  client.GrpcClientProtocolClient (GrpcClientProtocolClient.java:onNext(254)) - client-C82EA620EB9B->85302df8-7a7f-4077-a053-c26dc3d3d65a: receive RaftClientReply:client-C82EA620EB9B->85302df8-7a7f-4077-a053-c26dc3d3d65a@group-4701ABA8D7D0, cid=1386, SUCCESS, logIndex=2407, commits[85302df8-7a7f-4077-a053-c26dc3d3d65a:c2407]
2019-06-13 22:53:46,111 INFO  client.GrpcClientProtocolClient (GrpcClientProtocolClient.java:onNext(254)) - client-C82EA620EB9B->85302df8-7a7f-4077-a053-c26dc3d3d65a: receive RaftClientReply:client-C82EA620EB9B->85302df8-7a7f-4077-a053-c26dc3d3d65a@group-4701ABA8D7D0, cid=1387, SUCCESS, logIndex=2408, commits[85302df8-7a7f-4077-a053-c26dc3d3d65a:c2409]
2019-06-13 22:53:46,112 INFO  client.GrpcClientProtocolClient (GrpcClientProtocolClient.java:onNext(254)) - client-C82EA620EB9B->85302df8-7a7f-4077-a053-c26dc3d3d65a: receive RaftClientReply:client-C82EA620EB9B->85302df8-7a7f-4077-a053-c26dc3d3d65a@group-4701ABA8D7D0, cid=1388, SUCCESS, logIndex=2409, commits[85302df8-7a7f-4077-a053-c26dc3d3d65a:c2409]
2019-06-13 22:53:46,117 INFO  client.GrpcClientProtocolClient (GrpcClientProtocolClient.java:onNext(254)) - client-C82EA620EB9B->85302df8-7a7f-4077-a053-c26dc3d3d65a: receive RaftClientReply:client-C82EA620EB9B->85302df8-7a7f-4077-a053-c26dc3d3d65a@group-4701ABA8D7D0, cid=1389, SUCCESS, logIndex=2412, commits[85302df8-7a7f-4077-a053-c26dc3d3d65a:c2412]
2019-06-13 22:53:46,119 INFO  client.GrpcClientProtocolClient (GrpcClientProtocolClient.java:onNext(254)) - client-C82EA620EB9B->85302df8-7a7f-4077-a053-c26dc3d3d65a: receive RaftClientReply:client-C82EA620EB9B->85302df8-7a7f-4077-a053-c26dc3d3d65a@group-4701ABA8D7D0, cid=1390, SUCCESS, logIndex=2414, commits[85302df8-7a7f-4077-a053-c26dc3d3d65a:c2414]
2019-06-13 22:53:46,120 INFO  client.GrpcClientProtocolClient (GrpcClientProtocolClient.java:onNext(254)) - client-C82EA620EB9B->85302df8-7a7f-4077-a053-c26dc3d3d65a: receive RaftClientReply:client-C82EA620EB9B->85302df8-7a7f-4077-a053-c26dc3d3d65a@group-4701ABA8D7D0, cid=1391, SUCCESS, logIndex=2415, commits[85302df8-7a7f-4077-a053-c26dc3d3d65a:c2417]
2019-06-13 22:53:46,120 INFO  client.GrpcClientProtocolClient (GrpcClientProtocolClient.java:onNext(254)) - client-C82EA620EB9B->85302df8-7a7f-4077-a053-c26dc3d3d65a: receive RaftClientReply:client-C82EA620EB9B->85302df8-7a7f-4077-a053-c26dc3d3d65a@group-4701ABA8D7D0, cid=1392, SUCCESS, logIndex=2417, commits[85302df8-7a7f-4077-a053-c26dc3d3d65a:c2417]
2019-06-13 22:53:46,130 INFO  client.GrpcClientProtocolClient (GrpcClientProtocolClient.java:onNext(254)) - client-C82EA620EB9B->85302df8-7a7f-4077-a053-c26dc3d3d65a: receive RaftClientReply:client-C82EA620EB9B->85302df8-7a7f-4077-a053-c26dc3d3d65a@group-4701ABA8D7D0, cid=1393, SUCCESS, logIndex=2419, commits[85302df8-7a7f-4077-a053-c26dc3d3d65a:c2419]
2019-06-13 22:53:46,134 INFO  client.GrpcClientProtocolClient (GrpcClientProtocolClient.java:onNext(254)) - client-C82EA620EB9B->85302df8-7a7f-4077-a053-c26dc3d3d65a: receive RaftClientReply:client-C82EA620EB9B->85302df8-7a7f-4077-a053-c26dc3d3d65a@group-4701ABA8D7D0, cid=1394, SUCCESS, logIndex=2421, commits[85302df8-7a7f-4077-a053-c26dc3d3d65a:c2421]
2019-06-13 22:53:46,137 INFO  client.GrpcClientProtocolClient (GrpcClientProtocolClient.java:onNext(254)) - client-C82EA620EB9B->85302df8-7a7f-4077-a053-c26dc3d3d65a: receive RaftClientReply:client-C82EA620EB9B->85302df8-7a7f-4077-a053-c26dc3d3d65a@group-4701ABA8D7D0, cid=1395, SUCCESS, logIndex=2422, commits[85302df8-7a7f-4077-a053-c26dc3d3d65a:c2424]
2019-06-13 22:53:46,139 INFO  client.GrpcClientProtocolClient (GrpcClientProtocolClient.java:onNext(254)) - client-C82EA620EB9B->85302df8-7a7f-4077-a053-c26dc3d3d65a: receive RaftClientReply:client-C82EA620EB9B->85302df8-7a7f-4077-a053-c26dc3d3d65a@group-4701ABA8D7D0, cid=1396, SUCCESS, logIndex=2424, commits[85302df8-7a7f-4077-a053-c26dc3d3d65a:c2424]
2019-06-13 22:53:46,139 DEBUG block.SCMBlockDeletingService (SCMBlockDeletingService.java:call(138)) - Running DeletedBlockTransactionScanner
2019-06-13 22:53:46,139 DEBUG block.SCMBlockDeletingService (SCMBlockDeletingService.java:call(155)) - Scanned deleted blocks log and got 0 delTX to process.
2019-06-13 22:53:46,146 INFO  client.GrpcClientProtocolClient (GrpcClientProtocolClient.java:onNext(254)) - client-C82EA620EB9B->85302df8-7a7f-4077-a053-c26dc3d3d65a: receive RaftClientReply:client-C82EA620EB9B->85302df8-7a7f-4077-a053-c26dc3d3d65a@group-4701ABA8D7D0, cid=1397, SUCCESS, logIndex=2426, commits[85302df8-7a7f-4077-a053-c26dc3d3d65a:c2426]
2019-06-13 22:53:46,148 INFO  client.GrpcClientProtocolClient (GrpcClientProtocolClient.java:onNext(254)) - client-C82EA620EB9B->85302df8-7a7f-4077-a053-c26dc3d3d65a: receive RaftClientReply:client-C82EA620EB9B->85302df8-7a7f-4077-a053-c26dc3d3d65a@group-4701ABA8D7D0, cid=1398, SUCCESS, logIndex=2428, commits[85302df8-7a7f-4077-a053-c26dc3d3d65a:c2428]
2019-06-13 22:53:46,148 INFO  client.GrpcClientProtocolClient (GrpcClientProtocolClient.java:onNext(254)) - client-C82EA620EB9B->85302df8-7a7f-4077-a053-c26dc3d3d65a: receive RaftClientReply:client-C82EA620EB9B->85302df8-7a7f-4077-a053-c26dc3d3d65a@group-4701ABA8D7D0, cid=1399, SUCCESS, logIndex=2429, commits[85302df8-7a7f-4077-a053-c26dc3d3d65a:c2431]
2019-06-13 22:53:46,149 INFO  client.GrpcClientProtocolClient (GrpcClientProtocolClient.java:onNext(254)) - client-C82EA620EB9B->85302df8-7a7f-4077-a053-c26dc3d3d65a: receive RaftClientReply:client-C82EA620EB9B->85302df8-7a7f-4077-a053-c26dc3d3d65a@group-4701ABA8D7D0, cid=1400, SUCCESS, logIndex=2430, commits[85302df8-7a7f-4077-a053-c26dc3d3d65a:c2431]
2019-06-13 22:53:46,163 INFO  client.GrpcClientProtocolClient (GrpcClientProtocolClient.java:onNext(254)) - client-C82EA620EB9B->85302df8-7a7f-4077-a053-c26dc3d3d65a: receive RaftClientReply:client-C82EA620EB9B->85302df8-7a7f-4077-a053-c26dc3d3d65a@group-4701ABA8D7D0, cid=1401, SUCCESS, logIndex=2432, commits[85302df8-7a7f-4077-a053-c26dc3d3d65a:c2432]
2019-06-13 22:53:46,165 INFO  client.GrpcClientProtocolClient (GrpcClientProtocolClient.java:onNext(254)) - client-C82EA620EB9B->85302df8-7a7f-4077-a053-c26dc3d3d65a: receive RaftClientReply:client-C82EA620EB9B->85302df8-7a7f-4077-a053-c26dc3d3d65a@group-4701ABA8D7D0, cid=1402, SUCCESS, logIndex=2434, commits[85302df8-7a7f-4077-a053-c26dc3d3d65a:c2434]
2019-06-13 22:53:46,166 INFO  client.GrpcClientProtocolClient (GrpcClientProtocolClient.java:onNext(254)) - client-C82EA620EB9B->85302df8-7a7f-4077-a053-c26dc3d3d65a: receive RaftClientReply:client-C82EA620EB9B->85302df8-7a7f-4077-a053-c26dc3d3d65a@group-4701ABA8D7D0, cid=1403, SUCCESS, logIndex=2435, commits[85302df8-7a7f-4077-a053-c26dc3d3d65a:c2437]
2019-06-13 22:53:46,166 INFO  client.GrpcClientProtocolClient (GrpcClientProtocolClient.java:onNext(254)) - client-C82EA620EB9B->85302df8-7a7f-4077-a053-c26dc3d3d65a: receive RaftClientReply:client-C82EA620EB9B->85302df8-7a7f-4077-a053-c26dc3d3d65a@group-4701ABA8D7D0, cid=1404, SUCCESS, logIndex=2437, commits[85302df8-7a7f-4077-a053-c26dc3d3d65a:c2437]
2019-06-13 22:53:46,394 DEBUG block.SCMBlockDeletingService (SCMBlockDeletingService.java:call(138)) - Running DeletedBlockTransactionScanner
2019-06-13 22:53:46,394 DEBUG block.SCMBlockDeletingService (SCMBlockDeletingService.java:call(155)) - Scanned deleted blocks log and got 0 delTX to process.
2019-06-13 22:53:46,400 INFO  client.GrpcClientProtocolClient (GrpcClientProtocolClient.java:onNext(254)) - client-C82EA620EB9B->85302df8-7a7f-4077-a053-c26dc3d3d65a: receive RaftClientReply:client-C82EA620EB9B->85302df8-7a7f-4077-a053-c26dc3d3d65a@group-4701ABA8D7D0, cid=1405, SUCCESS, logIndex=2439, commits[85302df8-7a7f-4077-a053-c26dc3d3d65a:c2439]
2019-06-13 22:53:46,402 INFO  client.GrpcClientProtocolClient (GrpcClientProtocolClient.java:onNext(254)) - client-C82EA620EB9B->85302df8-7a7f-4077-a053-c26dc3d3d65a: receive RaftClientReply:client-C82EA620EB9B->85302df8-7a7f-4077-a053-c26dc3d3d65a@group-4701ABA8D7D0, cid=1406, SUCCESS, logIndex=2441, commits[85302df8-7a7f-4077-a053-c26dc3d3d65a:c2441]
2019-06-13 22:53:46,405 INFO  client.GrpcClientProtocolClient (GrpcClientProtocolClient.java:onNext(254)) - client-C82EA620EB9B->85302df8-7a7f-4077-a053-c26dc3d3d65a: receive RaftClientReply:client-C82EA620EB9B->85302df8-7a7f-4077-a053-c26dc3d3d65a@group-4701ABA8D7D0, cid=1407, SUCCESS, logIndex=2442, commits[85302df8-7a7f-4077-a053-c26dc3d3d65a:c2444]
2019-06-13 22:53:46,405 INFO  client.GrpcClientProtocolClient (GrpcClientProtocolClient.java:onNext(254)) - client-C82EA620EB9B->85302df8-7a7f-4077-a053-c26dc3d3d65a: receive RaftClientReply:client-C82EA620EB9B->85302df8-7a7f-4077-a053-c26dc3d3d65a@group-4701ABA8D7D0, cid=1408, SUCCESS, logIndex=2444, commits[85302df8-7a7f-4077-a053-c26dc3d3d65a:c2444]
2019-06-13 22:53:46,418 INFO  client.GrpcClientProtocolClient (GrpcClientProtocolClient.java:onNext(254)) - client-C82EA620EB9B->85302df8-7a7f-4077-a053-c26dc3d3d65a: receive RaftClientReply:client-C82EA620EB9B->85302df8-7a7f-4077-a053-c26dc3d3d65a@group-4701ABA8D7D0, cid=1409, SUCCESS, logIndex=2446, commits[85302df8-7a7f-4077-a053-c26dc3d3d65a:c2446]
2019-06-13 22:53:46,418 INFO  storage.RaftLogWorker (RaftLogWorker.java:rollLogSegment(303)) - 85302df8-7a7f-4077-a053-c26dc3d3d65a-RaftLogWorker: Rolling segment log-2375_2448 to index:2448
2019-06-13 22:53:46,419 INFO  storage.RaftLogWorker (RaftLogWorker.java:execute(433)) - 85302df8-7a7f-4077-a053-c26dc3d3d65a-RaftLogWorker: Rolled log segment from /opt/src/hadoop-ozone/integration-test/target/test-dir/MiniOzoneClusterImpl-550f9ca0-a6d9-4a4a-902f-f07ac81eac7b/datanode-0/data/ratis/5ad10fc2-5a33-4bdd-8958-4701aba8d7d0/current/log_inprogress_2375 to /opt/src/hadoop-ozone/integration-test/target/test-dir/MiniOzoneClusterImpl-550f9ca0-a6d9-4a4a-902f-f07ac81eac7b/datanode-0/data/ratis/5ad10fc2-5a33-4bdd-8958-4701aba8d7d0/current/log_2375-2448
2019-06-13 22:53:46,422 INFO  client.GrpcClientProtocolClient (GrpcClientProtocolClient.java:onNext(254)) - client-C82EA620EB9B->85302df8-7a7f-4077-a053-c26dc3d3d65a: receive RaftClientReply:client-C82EA620EB9B->85302df8-7a7f-4077-a053-c26dc3d3d65a@group-4701ABA8D7D0, cid=1410, SUCCESS, logIndex=2448, commits[85302df8-7a7f-4077-a053-c26dc3d3d65a:c2448]
2019-06-13 22:53:46,456 INFO  storage.RaftLogWorker (RaftLogWorker.java:execute(469)) - 85302df8-7a7f-4077-a053-c26dc3d3d65a-RaftLogWorker: created new log segment /opt/src/hadoop-ozone/integration-test/target/test-dir/MiniOzoneClusterImpl-550f9ca0-a6d9-4a4a-902f-f07ac81eac7b/datanode-0/data/ratis/5ad10fc2-5a33-4bdd-8958-4701aba8d7d0/current/log_inprogress_2449
2019-06-13 22:53:46,458 INFO  client.GrpcClientProtocolClient (GrpcClientProtocolClient.java:onNext(254)) - client-C82EA620EB9B->85302df8-7a7f-4077-a053-c26dc3d3d65a: receive RaftClientReply:client-C82EA620EB9B->85302df8-7a7f-4077-a053-c26dc3d3d65a@group-4701ABA8D7D0, cid=1411, SUCCESS, logIndex=2449, commits[85302df8-7a7f-4077-a053-c26dc3d3d65a:c2451]
2019-06-13 22:53:46,459 INFO  client.GrpcClientProtocolClient (GrpcClientProtocolClient.java:onNext(254)) - client-C82EA620EB9B->85302df8-7a7f-4077-a053-c26dc3d3d65a: receive RaftClientReply:client-C82EA620EB9B->85302df8-7a7f-4077-a053-c26dc3d3d65a@group-4701ABA8D7D0, cid=1412, SUCCESS, logIndex=2450, commits[85302df8-7a7f-4077-a053-c26dc3d3d65a:c2451]
2019-06-13 22:53:46,465 INFO  client.GrpcClientProtocolClient (GrpcClientProtocolClient.java:onNext(254)) - client-C82EA620EB9B->85302df8-7a7f-4077-a053-c26dc3d3d65a: receive RaftClientReply:client-C82EA620EB9B->85302df8-7a7f-4077-a053-c26dc3d3d65a@group-4701ABA8D7D0, cid=1413, SUCCESS, logIndex=2452, commits[85302df8-7a7f-4077-a053-c26dc3d3d65a:c2452]
2019-06-13 22:53:46,466 INFO  client.GrpcClientProtocolClient (GrpcClientProtocolClient.java:onNext(254)) - client-C82EA620EB9B->85302df8-7a7f-4077-a053-c26dc3d3d65a: receive RaftClientReply:client-C82EA620EB9B->85302df8-7a7f-4077-a053-c26dc3d3d65a@group-4701ABA8D7D0, cid=1414, SUCCESS, logIndex=2454, commits[85302df8-7a7f-4077-a053-c26dc3d3d65a:c2454]
2019-06-13 22:53:46,494 DEBUG block.SCMBlockDeletingService (SCMBlockDeletingService.java:call(138)) - Running DeletedBlockTransactionScanner
2019-06-13 22:53:46,495 DEBUG block.SCMBlockDeletingService (SCMBlockDeletingService.java:call(155)) - Scanned deleted blocks log and got 0 delTX to process.
2019-06-13 22:53:46,533 INFO  client.GrpcClientProtocolClient (GrpcClientProtocolClient.java:onNext(254)) - client-C82EA620EB9B->85302df8-7a7f-4077-a053-c26dc3d3d65a: receive RaftClientReply:client-C82EA620EB9B->85302df8-7a7f-4077-a053-c26dc3d3d65a@group-4701ABA8D7D0, cid=1415, SUCCESS, logIndex=2456, commits[85302df8-7a7f-4077-a053-c26dc3d3d65a:c2456]
2019-06-13 22:53:46,534 INFO  client.GrpcClientProtocolClient (GrpcClientProtocolClient.java:onNext(254)) - client-C82EA620EB9B->85302df8-7a7f-4077-a053-c26dc3d3d65a: receive RaftClientReply:client-C82EA620EB9B->85302df8-7a7f-4077-a053-c26dc3d3d65a@group-4701ABA8D7D0, cid=1416, SUCCESS, logIndex=2458, commits[85302df8-7a7f-4077-a053-c26dc3d3d65a:c2458]
2019-06-13 22:53:46,543 INFO  client.GrpcClientProtocolClient (GrpcClientProtocolClient.java:onNext(254)) - client-C82EA620EB9B->85302df8-7a7f-4077-a053-c26dc3d3d65a: receive RaftClientReply:client-C82EA620EB9B->85302df8-7a7f-4077-a053-c26dc3d3d65a@group-4701ABA8D7D0, cid=1417, SUCCESS, logIndex=2460, commits[85302df8-7a7f-4077-a053-c26dc3d3d65a:c2460]
2019-06-13 22:53:46,545 INFO  client.GrpcClientProtocolClient (GrpcClientProtocolClient.java:onNext(254)) - client-C82EA620EB9B->85302df8-7a7f-4077-a053-c26dc3d3d65a: receive RaftClientReply:client-C82EA620EB9B->85302df8-7a7f-4077-a053-c26dc3d3d65a@group-4701ABA8D7D0, cid=1418, SUCCESS, logIndex=2462, commits[85302df8-7a7f-4077-a053-c26dc3d3d65a:c2462]
2019-06-13 22:53:46,546 INFO  client.GrpcClientProtocolClient (GrpcClientProtocolClient.java:onNext(254)) - client-C82EA620EB9B->85302df8-7a7f-4077-a053-c26dc3d3d65a: receive RaftClientReply:client-C82EA620EB9B->85302df8-7a7f-4077-a053-c26dc3d3d65a@group-4701ABA8D7D0, cid=1419, SUCCESS, logIndex=2463, commits[85302df8-7a7f-4077-a053-c26dc3d3d65a:c2465]
2019-06-13 22:53:46,546 INFO  client.GrpcClientProtocolClient (GrpcClientProtocolClient.java:onNext(254)) - client-C82EA620EB9B->85302df8-7a7f-4077-a053-c26dc3d3d65a: receive RaftClientReply:client-C82EA620EB9B->85302df8-7a7f-4077-a053-c26dc3d3d65a@group-4701ABA8D7D0, cid=1420, SUCCESS, logIndex=2464, commits[85302df8-7a7f-4077-a053-c26dc3d3d65a:c2465]
2019-06-13 22:53:46,552 INFO  client.GrpcClientProtocolClient (GrpcClientProtocolClient.java:onNext(254)) - client-C82EA620EB9B->85302df8-7a7f-4077-a053-c26dc3d3d65a: receive RaftClientReply:client-C82EA620EB9B->85302df8-7a7f-4077-a053-c26dc3d3d65a@group-4701ABA8D7D0, cid=1421, SUCCESS, logIndex=2466, commits[85302df8-7a7f-4077-a053-c26dc3d3d65a:c2466]
2019-06-13 22:53:46,554 INFO  client.GrpcClientProtocolClient (GrpcClientProtocolClient.java:onNext(254)) - client-C82EA620EB9B->85302df8-7a7f-4077-a053-c26dc3d3d65a: receive RaftClientReply:client-C82EA620EB9B->85302df8-7a7f-4077-a053-c26dc3d3d65a@group-4701ABA8D7D0, cid=1422, SUCCESS, logIndex=2468, commits[85302df8-7a7f-4077-a053-c26dc3d3d65a:c2468]
2019-06-13 22:53:46,555 INFO  client.GrpcClientProtocolClient (GrpcClientProtocolClient.java:onNext(254)) - client-C82EA620EB9B->85302df8-7a7f-4077-a053-c26dc3d3d65a: receive RaftClientReply:client-C82EA620EB9B->85302df8-7a7f-4077-a053-c26dc3d3d65a@group-4701ABA8D7D0, cid=1423, SUCCESS, logIndex=2469, commits[85302df8-7a7f-4077-a053-c26dc3d3d65a:c2471]
2019-06-13 22:53:46,556 INFO  client.GrpcClientProtocolClient (GrpcClientProtocolClient.java:onNext(254)) - client-C82EA620EB9B->85302df8-7a7f-4077-a053-c26dc3d3d65a: receive RaftClientReply:client-C82EA620EB9B->85302df8-7a7f-4077-a053-c26dc3d3d65a@group-4701ABA8D7D0, cid=1424, SUCCESS, logIndex=2470, commits[85302df8-7a7f-4077-a053-c26dc3d3d65a:c2471]
2019-06-13 22:53:46,565 INFO  client.GrpcClientProtocolClient (GrpcClientProtocolClient.java:onNext(254)) - client-C82EA620EB9B->85302df8-7a7f-4077-a053-c26dc3d3d65a: receive RaftClientReply:client-C82EA620EB9B->85302df8-7a7f-4077-a053-c26dc3d3d65a@group-4701ABA8D7D0, cid=1425, SUCCESS, logIndex=2472, commits[85302df8-7a7f-4077-a053-c26dc3d3d65a:c2473]
2019-06-13 22:53:46,573 INFO  client.GrpcClientProtocolClient (GrpcClientProtocolClient.java:onNext(254)) - client-C82EA620EB9B->85302df8-7a7f-4077-a053-c26dc3d3d65a: receive RaftClientReply:client-C82EA620EB9B->85302df8-7a7f-4077-a053-c26dc3d3d65a@group-4701ABA8D7D0, cid=1426, SUCCESS, logIndex=2474, commits[85302df8-7a7f-4077-a053-c26dc3d3d65a:c2474]
2019-06-13 22:53:46,574 INFO  client.GrpcClientProtocolClient (GrpcClientProtocolClient.java:onNext(254)) - client-C82EA620EB9B->85302df8-7a7f-4077-a053-c26dc3d3d65a: receive RaftClientReply:client-C82EA620EB9B->85302df8-7a7f-4077-a053-c26dc3d3d65a@group-4701ABA8D7D0, cid=1427, SUCCESS, logIndex=2475, commits[85302df8-7a7f-4077-a053-c26dc3d3d65a:c2477]
2019-06-13 22:53:46,578 INFO  client.GrpcClientProtocolClient (GrpcClientProtocolClient.java:onNext(254)) - client-C82EA620EB9B->85302df8-7a7f-4077-a053-c26dc3d3d65a: receive RaftClientReply:client-C82EA620EB9B->85302df8-7a7f-4077-a053-c26dc3d3d65a@group-4701ABA8D7D0, cid=1428, SUCCESS, logIndex=2477, commits[85302df8-7a7f-4077-a053-c26dc3d3d65a:c2477]
2019-06-13 22:53:46,584 INFO  client.GrpcClientProtocolClient (GrpcClientProtocolClient.java:onNext(254)) - client-C82EA620EB9B->85302df8-7a7f-4077-a053-c26dc3d3d65a: receive RaftClientReply:client-C82EA620EB9B->85302df8-7a7f-4077-a053-c26dc3d3d65a@group-4701ABA8D7D0, cid=1429, SUCCESS, logIndex=2479, commits[85302df8-7a7f-4077-a053-c26dc3d3d65a:c2479]
2019-06-13 22:53:46,586 INFO  client.GrpcClientProtocolClient (GrpcClientProtocolClient.java:onNext(254)) - client-C82EA620EB9B->85302df8-7a7f-4077-a053-c26dc3d3d65a: receive RaftClientReply:client-C82EA620EB9B->85302df8-7a7f-4077-a053-c26dc3d3d65a@group-4701ABA8D7D0, cid=1430, SUCCESS, logIndex=2481, commits[85302df8-7a7f-4077-a053-c26dc3d3d65a:c2481]
2019-06-13 22:53:46,587 INFO  client.GrpcClientProtocolClient (GrpcClientProtocolClient.java:onNext(254)) - client-C82EA620EB9B->85302df8-7a7f-4077-a053-c26dc3d3d65a: receive RaftClientReply:client-C82EA620EB9B->85302df8-7a7f-4077-a053-c26dc3d3d65a@group-4701ABA8D7D0, cid=1431, SUCCESS, logIndex=2482, commits[85302df8-7a7f-4077-a053-c26dc3d3d65a:c2484]
2019-06-13 22:53:46,587 INFO  client.GrpcClientProtocolClient (GrpcClientProtocolClient.java:onNext(254)) - client-C82EA620EB9B->85302df8-7a7f-4077-a053-c26dc3d3d65a: receive RaftClientReply:client-C82EA620EB9B->85302df8-7a7f-4077-a053-c26dc3d3d65a@group-4701ABA8D7D0, cid=1432, SUCCESS, logIndex=2483, commits[85302df8-7a7f-4077-a053-c26dc3d3d65a:c2484]
2019-06-13 22:53:46,595 DEBUG block.SCMBlockDeletingService (SCMBlockDeletingService.java:call(138)) - Running DeletedBlockTransactionScanner
2019-06-13 22:53:46,595 DEBUG block.SCMBlockDeletingService (SCMBlockDeletingService.java:call(155)) - Scanned deleted blocks log and got 0 delTX to process.
2019-06-13 22:53:46,598 INFO  client.GrpcClientProtocolClient (GrpcClientProtocolClient.java:onNext(254)) - client-C82EA620EB9B->85302df8-7a7f-4077-a053-c26dc3d3d65a: receive RaftClientReply:client-C82EA620EB9B->85302df8-7a7f-4077-a053-c26dc3d3d65a@group-4701ABA8D7D0, cid=1433, SUCCESS, logIndex=2485, commits[85302df8-7a7f-4077-a053-c26dc3d3d65a:c2485]
2019-06-13 22:53:46,599 INFO  client.GrpcClientProtocolClient (GrpcClientProtocolClient.java:onNext(254)) - client-C82EA620EB9B->85302df8-7a7f-4077-a053-c26dc3d3d65a: receive RaftClientReply:client-C82EA620EB9B->85302df8-7a7f-4077-a053-c26dc3d3d65a@group-4701ABA8D7D0, cid=1434, SUCCESS, logIndex=2487, commits[85302df8-7a7f-4077-a053-c26dc3d3d65a:c2487]
2019-06-13 22:53:46,602 INFO  client.GrpcClientProtocolClient (GrpcClientProtocolClient.java:onNext(254)) - client-C82EA620EB9B->85302df8-7a7f-4077-a053-c26dc3d3d65a: receive RaftClientReply:client-C82EA620EB9B->85302df8-7a7f-4077-a053-c26dc3d3d65a@group-4701ABA8D7D0, cid=1435, SUCCESS, logIndex=2489, commits[85302df8-7a7f-4077-a053-c26dc3d3d65a:c2490]
2019-06-13 22:53:46,602 INFO  client.GrpcClientProtocolClient (GrpcClientProtocolClient.java:onNext(254)) - client-C82EA620EB9B->85302df8-7a7f-4077-a053-c26dc3d3d65a: receive RaftClientReply:client-C82EA620EB9B->85302df8-7a7f-4077-a053-c26dc3d3d65a@group-4701ABA8D7D0, cid=1436, SUCCESS, logIndex=2490, commits[85302df8-7a7f-4077-a053-c26dc3d3d65a:c2490]
2019-06-13 22:53:46,609 INFO  client.GrpcClientProtocolClient (GrpcClientProtocolClient.java:onNext(254)) - client-C82EA620EB9B->85302df8-7a7f-4077-a053-c26dc3d3d65a: receive RaftClientReply:client-C82EA620EB9B->85302df8-7a7f-4077-a053-c26dc3d3d65a@group-4701ABA8D7D0, cid=1437, SUCCESS, logIndex=2492, commits[85302df8-7a7f-4077-a053-c26dc3d3d65a:c2492]
2019-06-13 22:53:46,611 INFO  client.GrpcClientProtocolClient (GrpcClientProtocolClient.java:onNext(254)) - client-C82EA620EB9B->85302df8-7a7f-4077-a053-c26dc3d3d65a: receive RaftClientReply:client-C82EA620EB9B->85302df8-7a7f-4077-a053-c26dc3d3d65a@group-4701ABA8D7D0, cid=1438, SUCCESS, logIndex=2494, commits[85302df8-7a7f-4077-a053-c26dc3d3d65a:c2494]
2019-06-13 22:53:46,615 INFO  client.GrpcClientProtocolClient (GrpcClientProtocolClient.java:onNext(254)) - client-C82EA620EB9B->85302df8-7a7f-4077-a053-c26dc3d3d65a: receive RaftClientReply:client-C82EA620EB9B->85302df8-7a7f-4077-a053-c26dc3d3d65a@group-4701ABA8D7D0, cid=1439, SUCCESS, logIndex=2496, commits[85302df8-7a7f-4077-a053-c26dc3d3d65a:c2497]
2019-06-13 22:53:46,615 INFO  client.GrpcClientProtocolClient (GrpcClientProtocolClient.java:onNext(254)) - client-C82EA620EB9B->85302df8-7a7f-4077-a053-c26dc3d3d65a: receive RaftClientReply:client-C82EA620EB9B->85302df8-7a7f-4077-a053-c26dc3d3d65a@group-4701ABA8D7D0, cid=1440, SUCCESS, logIndex=2497, commits[85302df8-7a7f-4077-a053-c26dc3d3d65a:c2497]
2019-06-13 22:53:46,626 INFO  client.GrpcClientProtocolClient (GrpcClientProtocolClient.java:onNext(254)) - client-C82EA620EB9B->85302df8-7a7f-4077-a053-c26dc3d3d65a: receive RaftClientReply:client-C82EA620EB9B->85302df8-7a7f-4077-a053-c26dc3d3d65a@group-4701ABA8D7D0, cid=1441, SUCCESS, logIndex=2499, commits[85302df8-7a7f-4077-a053-c26dc3d3d65a:c2499]
2019-06-13 22:53:46,628 INFO  client.GrpcClientProtocolClient (GrpcClientProtocolClient.java:onNext(254)) - client-C82EA620EB9B->85302df8-7a7f-4077-a053-c26dc3d3d65a: receive RaftClientReply:client-C82EA620EB9B->85302df8-7a7f-4077-a053-c26dc3d3d65a@group-4701ABA8D7D0, cid=1442, SUCCESS, logIndex=2501, commits[85302df8-7a7f-4077-a053-c26dc3d3d65a:c2501]
2019-06-13 22:53:46,628 INFO  client.GrpcClientProtocolClient (GrpcClientProtocolClient.java:onNext(254)) - client-C82EA620EB9B->85302df8-7a7f-4077-a053-c26dc3d3d65a: receive RaftClientReply:client-C82EA620EB9B->85302df8-7a7f-4077-a053-c26dc3d3d65a@group-4701ABA8D7D0, cid=1443, SUCCESS, logIndex=2502, commits[85302df8-7a7f-4077-a053-c26dc3d3d65a:c2504]
2019-06-13 22:53:46,629 INFO  client.GrpcClientProtocolClient (GrpcClientProtocolClient.java:onNext(254)) - client-C82EA620EB9B->85302df8-7a7f-4077-a053-c26dc3d3d65a: receive RaftClientReply:client-C82EA620EB9B->85302df8-7a7f-4077-a053-c26dc3d3d65a@group-4701ABA8D7D0, cid=1444, SUCCESS, logIndex=2503, commits[85302df8-7a7f-4077-a053-c26dc3d3d65a:c2504]
2019-06-13 22:53:46,635 INFO  client.GrpcClientProtocolClient (GrpcClientProtocolClient.java:onNext(254)) - client-C82EA620EB9B->85302df8-7a7f-4077-a053-c26dc3d3d65a: receive RaftClientReply:client-C82EA620EB9B->85302df8-7a7f-4077-a053-c26dc3d3d65a@group-4701ABA8D7D0, cid=1445, SUCCESS, logIndex=2505, commits[85302df8-7a7f-4077-a053-c26dc3d3d65a:c2506]
2019-06-13 22:53:46,637 INFO  client.GrpcClientProtocolClient (GrpcClientProtocolClient.java:onNext(254)) - client-C82EA620EB9B->85302df8-7a7f-4077-a053-c26dc3d3d65a: receive RaftClientReply:client-C82EA620EB9B->85302df8-7a7f-4077-a053-c26dc3d3d65a@group-4701ABA8D7D0, cid=1446, SUCCESS, logIndex=2507, commits[85302df8-7a7f-4077-a053-c26dc3d3d65a:c2507]
2019-06-13 22:53:46,638 INFO  client.GrpcClientProtocolClient (GrpcClientProtocolClient.java:onNext(254)) - client-C82EA620EB9B->85302df8-7a7f-4077-a053-c26dc3d3d65a: receive RaftClientReply:client-C82EA620EB9B->85302df8-7a7f-4077-a053-c26dc3d3d65a@group-4701ABA8D7D0, cid=1447, SUCCESS, logIndex=2508, commits[85302df8-7a7f-4077-a053-c26dc3d3d65a:c2510]
2019-06-13 22:53:46,638 INFO  client.GrpcClientProtocolClient (GrpcClientProtocolClient.java:onNext(254)) - client-C82EA620EB9B->85302df8-7a7f-4077-a053-c26dc3d3d65a: receive RaftClientReply:client-C82EA620EB9B->85302df8-7a7f-4077-a053-c26dc3d3d65a@group-4701ABA8D7D0, cid=1448, SUCCESS, logIndex=2509, commits[85302df8-7a7f-4077-a053-c26dc3d3d65a:c2510]
2019-06-13 22:53:46,648 INFO  client.GrpcClientProtocolClient (GrpcClientProtocolClient.java:onNext(254)) - client-C82EA620EB9B->85302df8-7a7f-4077-a053-c26dc3d3d65a: receive RaftClientReply:client-C82EA620EB9B->85302df8-7a7f-4077-a053-c26dc3d3d65a@group-4701ABA8D7D0, cid=1449, SUCCESS, logIndex=2511, commits[85302df8-7a7f-4077-a053-c26dc3d3d65a:c2511]
2019-06-13 22:53:46,651 INFO  client.GrpcClientProtocolClient (GrpcClientProtocolClient.java:onNext(254)) - client-C82EA620EB9B->85302df8-7a7f-4077-a053-c26dc3d3d65a: receive RaftClientReply:client-C82EA620EB9B->85302df8-7a7f-4077-a053-c26dc3d3d65a@group-4701ABA8D7D0, cid=1450, SUCCESS, logIndex=2513, commits[85302df8-7a7f-4077-a053-c26dc3d3d65a:c2513]
2019-06-13 22:53:46,651 INFO  client.GrpcClientProtocolClient (GrpcClientProtocolClient.java:onNext(254)) - client-C82EA620EB9B->85302df8-7a7f-4077-a053-c26dc3d3d65a: receive RaftClientReply:client-C82EA620EB9B->85302df8-7a7f-4077-a053-c26dc3d3d65a@group-4701ABA8D7D0, cid=1451, SUCCESS, logIndex=2514, commits[85302df8-7a7f-4077-a053-c26dc3d3d65a:c2515]
2019-06-13 22:53:46,652 INFO  client.GrpcClientProtocolClient (GrpcClientProtocolClient.java:onNext(254)) - client-C82EA620EB9B->85302df8-7a7f-4077-a053-c26dc3d3d65a: receive RaftClientReply:client-C82EA620EB9B->85302df8-7a7f-4077-a053-c26dc3d3d65a@group-4701ABA8D7D0, cid=1452, SUCCESS, logIndex=2515, commits[85302df8-7a7f-4077-a053-c26dc3d3d65a:c2515]
2019-06-13 22:53:46,658 INFO  storage.RaftLogWorker (RaftLogWorker.java:rollLogSegment(303)) - 85302df8-7a7f-4077-a053-c26dc3d3d65a-RaftLogWorker: Rolling segment log-2449_2519 to index:2519
2019-06-13 22:53:46,658 INFO  client.GrpcClientProtocolClient (GrpcClientProtocolClient.java:onNext(254)) - client-C82EA620EB9B->85302df8-7a7f-4077-a053-c26dc3d3d65a: receive RaftClientReply:client-C82EA620EB9B->85302df8-7a7f-4077-a053-c26dc3d3d65a@group-4701ABA8D7D0, cid=1453, SUCCESS, logIndex=2518, commits[85302df8-7a7f-4077-a053-c26dc3d3d65a:c2518]
2019-06-13 22:53:46,658 INFO  storage.RaftLogWorker (RaftLogWorker.java:execute(433)) - 85302df8-7a7f-4077-a053-c26dc3d3d65a-RaftLogWorker: Rolled log segment from /opt/src/hadoop-ozone/integration-test/target/test-dir/MiniOzoneClusterImpl-550f9ca0-a6d9-4a4a-902f-f07ac81eac7b/datanode-0/data/ratis/5ad10fc2-5a33-4bdd-8958-4701aba8d7d0/current/log_inprogress_2449 to /opt/src/hadoop-ozone/integration-test/target/test-dir/MiniOzoneClusterImpl-550f9ca0-a6d9-4a4a-902f-f07ac81eac7b/datanode-0/data/ratis/5ad10fc2-5a33-4bdd-8958-4701aba8d7d0/current/log_2449-2519
2019-06-13 22:53:46,695 INFO  storage.RaftLogWorker (RaftLogWorker.java:execute(469)) - 85302df8-7a7f-4077-a053-c26dc3d3d65a-RaftLogWorker: created new log segment /opt/src/hadoop-ozone/integration-test/target/test-dir/MiniOzoneClusterImpl-550f9ca0-a6d9-4a4a-902f-f07ac81eac7b/datanode-0/data/ratis/5ad10fc2-5a33-4bdd-8958-4701aba8d7d0/current/log_inprogress_2520
2019-06-13 22:53:46,695 DEBUG block.SCMBlockDeletingService (SCMBlockDeletingService.java:call(138)) - Running DeletedBlockTransactionScanner
2019-06-13 22:53:46,696 DEBUG block.SCMBlockDeletingService (SCMBlockDeletingService.java:call(155)) - Scanned deleted blocks log and got 0 delTX to process.
2019-06-13 22:53:46,698 INFO  client.GrpcClientProtocolClient (GrpcClientProtocolClient.java:onNext(254)) - client-C82EA620EB9B->85302df8-7a7f-4077-a053-c26dc3d3d65a: receive RaftClientReply:client-C82EA620EB9B->85302df8-7a7f-4077-a053-c26dc3d3d65a@group-4701ABA8D7D0, cid=1454, SUCCESS, logIndex=2520, commits[85302df8-7a7f-4077-a053-c26dc3d3d65a:c2522]
2019-06-13 22:53:46,698 INFO  client.GrpcClientProtocolClient (GrpcClientProtocolClient.java:onNext(254)) - client-C82EA620EB9B->85302df8-7a7f-4077-a053-c26dc3d3d65a: receive RaftClientReply:client-C82EA620EB9B->85302df8-7a7f-4077-a053-c26dc3d3d65a@group-4701ABA8D7D0, cid=1455, SUCCESS, logIndex=2521, commits[85302df8-7a7f-4077-a053-c26dc3d3d65a:c2522]
2019-06-13 22:53:46,699 INFO  client.GrpcClientProtocolClient (GrpcClientProtocolClient.java:onNext(254)) - client-C82EA620EB9B->85302df8-7a7f-4077-a053-c26dc3d3d65a: receive RaftClientReply:client-C82EA620EB9B->85302df8-7a7f-4077-a053-c26dc3d3d65a@group-4701ABA8D7D0, cid=1456, SUCCESS, logIndex=2522, commits[85302df8-7a7f-4077-a053-c26dc3d3d65a:c2523]
2019-06-13 22:53:46,710 INFO  client.GrpcClientProtocolClient (GrpcClientProtocolClient.java:onNext(254)) - client-C82EA620EB9B->85302df8-7a7f-4077-a053-c26dc3d3d65a: receive RaftClientReply:client-C82EA620EB9B->85302df8-7a7f-4077-a053-c26dc3d3d65a@group-4701ABA8D7D0, cid=1457, SUCCESS, logIndex=2524, commits[85302df8-7a7f-4077-a053-c26dc3d3d65a:c2524]
2019-06-13 22:53:46,711 INFO  client.GrpcClientProtocolClient (GrpcClientProtocolClient.java:onNext(254)) - client-C82EA620EB9B->85302df8-7a7f-4077-a053-c26dc3d3d65a: receive RaftClientReply:client-C82EA620EB9B->85302df8-7a7f-4077-a053-c26dc3d3d65a@group-4701ABA8D7D0, cid=1458, SUCCESS, logIndex=2526, commits[85302df8-7a7f-4077-a053-c26dc3d3d65a:c2526]
2019-06-13 22:53:46,780 INFO  client.GrpcClientProtocolClient (GrpcClientProtocolClient.java:onNext(254)) - client-C82EA620EB9B->85302df8-7a7f-4077-a053-c26dc3d3d65a: receive RaftClientReply:client-C82EA620EB9B->85302df8-7a7f-4077-a053-c26dc3d3d65a@group-4701ABA8D7D0, cid=1459, SUCCESS, logIndex=2528, commits[85302df8-7a7f-4077-a053-c26dc3d3d65a:c2528]
2019-06-13 22:53:46,781 INFO  client.GrpcClientProtocolClient (GrpcClientProtocolClient.java:onNext(254)) - client-C82EA620EB9B->85302df8-7a7f-4077-a053-c26dc3d3d65a: receive RaftClientReply:client-C82EA620EB9B->85302df8-7a7f-4077-a053-c26dc3d3d65a@group-4701ABA8D7D0, cid=1460, SUCCESS, logIndex=2530, commits[85302df8-7a7f-4077-a053-c26dc3d3d65a:c2530]
2019-06-13 22:53:46,787 INFO  client.GrpcClientProtocolClient (GrpcClientProtocolClient.java:onNext(254)) - client-C82EA620EB9B->85302df8-7a7f-4077-a053-c26dc3d3d65a: receive RaftClientReply:client-C82EA620EB9B->85302df8-7a7f-4077-a053-c26dc3d3d65a@group-4701ABA8D7D0, cid=1461, SUCCESS, logIndex=2532, commits[85302df8-7a7f-4077-a053-c26dc3d3d65a:c2532]
2019-06-13 22:53:46,790 INFO  client.GrpcClientProtocolClient (GrpcClientProtocolClient.java:onNext(254)) - client-C82EA620EB9B->85302df8-7a7f-4077-a053-c26dc3d3d65a: receive RaftClientReply:client-C82EA620EB9B->85302df8-7a7f-4077-a053-c26dc3d3d65a@group-4701ABA8D7D0, cid=1462, SUCCESS, logIndex=2534, commits[85302df8-7a7f-4077-a053-c26dc3d3d65a:c2534]
2019-06-13 22:53:46,790 INFO  client.GrpcClientProtocolClient (GrpcClientProtocolClient.java:onNext(254)) - client-C82EA620EB9B->85302df8-7a7f-4077-a053-c26dc3d3d65a: receive RaftClientReply:client-C82EA620EB9B->85302df8-7a7f-4077-a053-c26dc3d3d65a@group-4701ABA8D7D0, cid=1463, SUCCESS, logIndex=2535, commits[85302df8-7a7f-4077-a053-c26dc3d3d65a:c2537]
2019-06-13 22:53:46,790 INFO  client.GrpcClientProtocolClient (GrpcClientProtocolClient.java:onNext(254)) - client-C82EA620EB9B->85302df8-7a7f-4077-a053-c26dc3d3d65a: receive RaftClientReply:client-C82EA620EB9B->85302df8-7a7f-4077-a053-c26dc3d3d65a@group-4701ABA8D7D0, cid=1464, SUCCESS, logIndex=2536, commits[85302df8-7a7f-4077-a053-c26dc3d3d65a:c2537]
2019-06-13 22:53:46,797 DEBUG block.SCMBlockDeletingService (SCMBlockDeletingService.java:call(138)) - Running DeletedBlockTransactionScanner
2019-06-13 22:53:46,797 DEBUG block.SCMBlockDeletingService (SCMBlockDeletingService.java:call(155)) - Scanned deleted blocks log and got 0 delTX to process.
2019-06-13 22:53:46,800 INFO  client.GrpcClientProtocolClient (GrpcClientProtocolClient.java:onNext(254)) - client-C82EA620EB9B->85302df8-7a7f-4077-a053-c26dc3d3d65a: receive RaftClientReply:client-C82EA620EB9B->85302df8-7a7f-4077-a053-c26dc3d3d65a@group-4701ABA8D7D0, cid=1465, SUCCESS, logIndex=2538, commits[85302df8-7a7f-4077-a053-c26dc3d3d65a:c2538]
2019-06-13 22:53:46,801 INFO  client.GrpcClientProtocolClient (GrpcClientProtocolClient.java:onNext(254)) - client-C82EA620EB9B->85302df8-7a7f-4077-a053-c26dc3d3d65a: receive RaftClientReply:client-C82EA620EB9B->85302df8-7a7f-4077-a053-c26dc3d3d65a@group-4701ABA8D7D0, cid=1466, SUCCESS, logIndex=2540, commits[85302df8-7a7f-4077-a053-c26dc3d3d65a:c2540]
2019-06-13 22:53:46,802 INFO  client.GrpcClientProtocolClient (GrpcClientProtocolClient.java:onNext(254)) - client-C82EA620EB9B->85302df8-7a7f-4077-a053-c26dc3d3d65a: receive RaftClientReply:client-C82EA620EB9B->85302df8-7a7f-4077-a053-c26dc3d3d65a@group-4701ABA8D7D0, cid=1467, SUCCESS, logIndex=2541, commits[85302df8-7a7f-4077-a053-c26dc3d3d65a:c2543]
2019-06-13 22:53:46,802 INFO  client.GrpcClientProtocolClient (GrpcClientProtocolClient.java:onNext(254)) - client-C82EA620EB9B->85302df8-7a7f-4077-a053-c26dc3d3d65a: receive RaftClientReply:client-C82EA620EB9B->85302df8-7a7f-4077-a053-c26dc3d3d65a@group-4701ABA8D7D0, cid=1468, SUCCESS, logIndex=2542, commits[85302df8-7a7f-4077-a053-c26dc3d3d65a:c2543]
2019-06-13 22:53:46,808 INFO  client.GrpcClientProtocolClient (GrpcClientProtocolClient.java:onNext(254)) - client-C82EA620EB9B->85302df8-7a7f-4077-a053-c26dc3d3d65a: receive RaftClientReply:client-C82EA620EB9B->85302df8-7a7f-4077-a053-c26dc3d3d65a@group-4701ABA8D7D0, cid=1469, SUCCESS, logIndex=2544, commits[85302df8-7a7f-4077-a053-c26dc3d3d65a:c2544]
2019-06-13 22:53:46,809 INFO  client.GrpcClientProtocolClient (GrpcClientProtocolClient.java:onNext(254)) - client-C82EA620EB9B->85302df8-7a7f-4077-a053-c26dc3d3d65a: receive RaftClientReply:client-C82EA620EB9B->85302df8-7a7f-4077-a053-c26dc3d3d65a@group-4701ABA8D7D0, cid=1470, SUCCESS, logIndex=2546, commits[85302df8-7a7f-4077-a053-c26dc3d3d65a:c2546]
2019-06-13 22:53:46,810 INFO  client.GrpcClientProtocolClient (GrpcClientProtocolClient.java:onNext(254)) - client-C82EA620EB9B->85302df8-7a7f-4077-a053-c26dc3d3d65a: receive RaftClientReply:client-C82EA620EB9B->85302df8-7a7f-4077-a053-c26dc3d3d65a@group-4701ABA8D7D0, cid=1471, SUCCESS, logIndex=2547, commits[85302df8-7a7f-4077-a053-c26dc3d3d65a:c2549]
2019-06-13 22:53:46,811 INFO  client.GrpcClientProtocolClient (GrpcClientProtocolClient.java:onNext(254)) - client-C82EA620EB9B->85302df8-7a7f-4077-a053-c26dc3d3d65a: receive RaftClientReply:client-C82EA620EB9B->85302df8-7a7f-4077-a053-c26dc3d3d65a@group-4701ABA8D7D0, cid=1472, SUCCESS, logIndex=2548, commits[85302df8-7a7f-4077-a053-c26dc3d3d65a:c2549]
2019-06-13 22:53:46,860 INFO  client.GrpcClientProtocolClient (GrpcClientProtocolClient.java:onNext(254)) - client-C82EA620EB9B->85302df8-7a7f-4077-a053-c26dc3d3d65a: receive RaftClientReply:client-C82EA620EB9B->85302df8-7a7f-4077-a053-c26dc3d3d65a@group-4701ABA8D7D0, cid=1473, SUCCESS, logIndex=2550, commits[85302df8-7a7f-4077-a053-c26dc3d3d65a:c2550]
2019-06-13 22:53:46,862 INFO  client.GrpcClientProtocolClient (GrpcClientProtocolClient.java:onNext(254)) - client-C82EA620EB9B->85302df8-7a7f-4077-a053-c26dc3d3d65a: receive RaftClientReply:client-C82EA620EB9B->85302df8-7a7f-4077-a053-c26dc3d3d65a@group-4701ABA8D7D0, cid=1474, SUCCESS, logIndex=2552, commits[85302df8-7a7f-4077-a053-c26dc3d3d65a:c2552]
2019-06-13 22:53:46,863 INFO  client.GrpcClientProtocolClient (GrpcClientProtocolClient.java:onNext(254)) - client-C82EA620EB9B->85302df8-7a7f-4077-a053-c26dc3d3d65a: receive RaftClientReply:client-C82EA620EB9B->85302df8-7a7f-4077-a053-c26dc3d3d65a@group-4701ABA8D7D0, cid=1475, SUCCESS, logIndex=2553, commits[85302df8-7a7f-4077-a053-c26dc3d3d65a:c2555]
2019-06-13 22:53:46,863 INFO  client.GrpcClientProtocolClient (GrpcClientProtocolClient.java:onNext(254)) - client-C82EA620EB9B->85302df8-7a7f-4077-a053-c26dc3d3d65a: receive RaftClientReply:client-C82EA620EB9B->85302df8-7a7f-4077-a053-c26dc3d3d65a@group-4701ABA8D7D0, cid=1476, SUCCESS, logIndex=2555, commits[85302df8-7a7f-4077-a053-c26dc3d3d65a:c2555]
2019-06-13 22:53:46,870 INFO  client.GrpcClientProtocolClient (GrpcClientProtocolClient.java:onNext(254)) - client-C82EA620EB9B->85302df8-7a7f-4077-a053-c26dc3d3d65a: receive RaftClientReply:client-C82EA620EB9B->85302df8-7a7f-4077-a053-c26dc3d3d65a@group-4701ABA8D7D0, cid=1477, SUCCESS, logIndex=2557, commits[85302df8-7a7f-4077-a053-c26dc3d3d65a:c2557]
2019-06-13 22:53:46,871 INFO  client.GrpcClientProtocolClient (GrpcClientProtocolClient.java:onNext(254)) - client-C82EA620EB9B->85302df8-7a7f-4077-a053-c26dc3d3d65a: receive RaftClientReply:client-C82EA620EB9B->85302df8-7a7f-4077-a053-c26dc3d3d65a@group-4701ABA8D7D0, cid=1478, SUCCESS, logIndex=2559, commits[85302df8-7a7f-4077-a053-c26dc3d3d65a:c2559]
2019-06-13 22:53:46,873 INFO  client.GrpcClientProtocolClient (GrpcClientProtocolClient.java:onNext(254)) - client-C82EA620EB9B->85302df8-7a7f-4077-a053-c26dc3d3d65a: receive RaftClientReply:client-C82EA620EB9B->85302df8-7a7f-4077-a053-c26dc3d3d65a@group-4701ABA8D7D0, cid=1479, SUCCESS, logIndex=2560, commits[85302df8-7a7f-4077-a053-c26dc3d3d65a:c2562]
2019-06-13 22:53:46,873 INFO  client.GrpcClientProtocolClient (GrpcClientProtocolClient.java:onNext(254)) - client-C82EA620EB9B->85302df8-7a7f-4077-a053-c26dc3d3d65a: receive RaftClientReply:client-C82EA620EB9B->85302df8-7a7f-4077-a053-c26dc3d3d65a@group-4701ABA8D7D0, cid=1480, SUCCESS, logIndex=2561, commits[85302df8-7a7f-4077-a053-c26dc3d3d65a:c2562]
2019-06-13 22:53:46,884 INFO  client.GrpcClientProtocolClient (GrpcClientProtocolClient.java:onNext(254)) - client-C82EA620EB9B->85302df8-7a7f-4077-a053-c26dc3d3d65a: receive RaftClientReply:client-C82EA620EB9B->85302df8-7a7f-4077-a053-c26dc3d3d65a@group-4701ABA8D7D0, cid=1481, SUCCESS, logIndex=2563, commits[85302df8-7a7f-4077-a053-c26dc3d3d65a:c2564]
2019-06-13 22:53:46,886 INFO  client.GrpcClientProtocolClient (GrpcClientProtocolClient.java:onNext(254)) - client-C82EA620EB9B->85302df8-7a7f-4077-a053-c26dc3d3d65a: receive RaftClientReply:client-C82EA620EB9B->85302df8-7a7f-4077-a053-c26dc3d3d65a@group-4701ABA8D7D0, cid=1482, SUCCESS, logIndex=2565, commits[85302df8-7a7f-4077-a053-c26dc3d3d65a:c2565]
2019-06-13 22:53:46,887 INFO  client.GrpcClientProtocolClient (GrpcClientProtocolClient.java:onNext(254)) - client-C82EA620EB9B->85302df8-7a7f-4077-a053-c26dc3d3d65a: receive RaftClientReply:client-C82EA620EB9B->85302df8-7a7f-4077-a053-c26dc3d3d65a@group-4701ABA8D7D0, cid=1483, SUCCESS, logIndex=2566, commits[85302df8-7a7f-4077-a053-c26dc3d3d65a:c2568]
2019-06-13 22:53:46,887 INFO  client.GrpcClientProtocolClient (GrpcClientProtocolClient.java:onNext(254)) - client-C82EA620EB9B->85302df8-7a7f-4077-a053-c26dc3d3d65a: receive RaftClientReply:client-C82EA620EB9B->85302df8-7a7f-4077-a053-c26dc3d3d65a@group-4701ABA8D7D0, cid=1484, SUCCESS, logIndex=2568, commits[85302df8-7a7f-4077-a053-c26dc3d3d65a:c2569]
2019-06-13 22:53:46,894 INFO  client.GrpcClientProtocolClient (GrpcClientProtocolClient.java:onNext(254)) - client-C82EA620EB9B->85302df8-7a7f-4077-a053-c26dc3d3d65a: receive RaftClientReply:client-C82EA620EB9B->85302df8-7a7f-4077-a053-c26dc3d3d65a@group-4701ABA8D7D0, cid=1485, SUCCESS, logIndex=2570, commits[85302df8-7a7f-4077-a053-c26dc3d3d65a:c2570]
2019-06-13 22:53:46,896 INFO  client.GrpcClientProtocolClient (GrpcClientProtocolClient.java:onNext(254)) - client-C82EA620EB9B->85302df8-7a7f-4077-a053-c26dc3d3d65a: receive RaftClientReply:client-C82EA620EB9B->85302df8-7a7f-4077-a053-c26dc3d3d65a@group-4701ABA8D7D0, cid=1486, SUCCESS, logIndex=2572, commits[85302df8-7a7f-4077-a053-c26dc3d3d65a:c2572]
2019-06-13 22:53:46,897 INFO  client.GrpcClientProtocolClient (GrpcClientProtocolClient.java:onNext(254)) - client-C82EA620EB9B->85302df8-7a7f-4077-a053-c26dc3d3d65a: receive RaftClientReply:client-C82EA620EB9B->85302df8-7a7f-4077-a053-c26dc3d3d65a@group-4701ABA8D7D0, cid=1487, SUCCESS, logIndex=2573, commits[85302df8-7a7f-4077-a053-c26dc3d3d65a:c2575]
2019-06-13 22:53:46,897 INFO  client.GrpcClientProtocolClient (GrpcClientProtocolClient.java:onNext(254)) - client-C82EA620EB9B->85302df8-7a7f-4077-a053-c26dc3d3d65a: receive RaftClientReply:client-C82EA620EB9B->85302df8-7a7f-4077-a053-c26dc3d3d65a@group-4701ABA8D7D0, cid=1488, SUCCESS, logIndex=2574, commits[85302df8-7a7f-4077-a053-c26dc3d3d65a:c2575]
2019-06-13 22:53:46,897 DEBUG block.SCMBlockDeletingService (SCMBlockDeletingService.java:call(138)) - Running DeletedBlockTransactionScanner
2019-06-13 22:53:46,897 DEBUG block.SCMBlockDeletingService (SCMBlockDeletingService.java:call(155)) - Scanned deleted blocks log and got 0 delTX to process.
2019-06-13 22:53:46,908 INFO  client.GrpcClientProtocolClient (GrpcClientProtocolClient.java:onNext(254)) - client-C82EA620EB9B->85302df8-7a7f-4077-a053-c26dc3d3d65a: receive RaftClientReply:client-C82EA620EB9B->85302df8-7a7f-4077-a053-c26dc3d3d65a@group-4701ABA8D7D0, cid=1489, SUCCESS, logIndex=2576, commits[85302df8-7a7f-4077-a053-c26dc3d3d65a:c2576]
2019-06-13 22:53:46,911 INFO  client.GrpcClientProtocolClient (GrpcClientProtocolClient.java:onNext(254)) - client-C82EA620EB9B->85302df8-7a7f-4077-a053-c26dc3d3d65a: receive RaftClientReply:client-C82EA620EB9B->85302df8-7a7f-4077-a053-c26dc3d3d65a@group-4701ABA8D7D0, cid=1490, SUCCESS, logIndex=2578, commits[85302df8-7a7f-4077-a053-c26dc3d3d65a:c2578]
2019-06-13 22:53:46,911 INFO  client.GrpcClientProtocolClient (GrpcClientProtocolClient.java:onNext(254)) - client-C82EA620EB9B->85302df8-7a7f-4077-a053-c26dc3d3d65a: receive RaftClientReply:client-C82EA620EB9B->85302df8-7a7f-4077-a053-c26dc3d3d65a@group-4701ABA8D7D0, cid=1491, SUCCESS, logIndex=2579, commits[85302df8-7a7f-4077-a053-c26dc3d3d65a:c2581]
2019-06-13 22:53:46,912 INFO  client.GrpcClientProtocolClient (GrpcClientProtocolClient.java:onNext(254)) - client-C82EA620EB9B->85302df8-7a7f-4077-a053-c26dc3d3d65a: receive RaftClientReply:client-C82EA620EB9B->85302df8-7a7f-4077-a053-c26dc3d3d65a@group-4701ABA8D7D0, cid=1492, SUCCESS, logIndex=2581, commits[85302df8-7a7f-4077-a053-c26dc3d3d65a:c2581]
2019-06-13 22:53:46,917 INFO  client.GrpcClientProtocolClient (GrpcClientProtocolClient.java:onNext(254)) - client-C82EA620EB9B->85302df8-7a7f-4077-a053-c26dc3d3d65a: receive RaftClientReply:client-C82EA620EB9B->85302df8-7a7f-4077-a053-c26dc3d3d65a@group-4701ABA8D7D0, cid=1493, SUCCESS, logIndex=2583, commits[85302df8-7a7f-4077-a053-c26dc3d3d65a:c2583]
2019-06-13 22:53:46,918 INFO  client.GrpcClientProtocolClient (GrpcClientProtocolClient.java:onNext(254)) - client-C82EA620EB9B->85302df8-7a7f-4077-a053-c26dc3d3d65a: receive RaftClientReply:client-C82EA620EB9B->85302df8-7a7f-4077-a053-c26dc3d3d65a@group-4701ABA8D7D0, cid=1494, SUCCESS, logIndex=2585, commits[85302df8-7a7f-4077-a053-c26dc3d3d65a:c2585]
2019-06-13 22:53:46,921 INFO  client.GrpcClientProtocolClient (GrpcClientProtocolClient.java:onNext(254)) - client-C82EA620EB9B->85302df8-7a7f-4077-a053-c26dc3d3d65a: receive RaftClientReply:client-C82EA620EB9B->85302df8-7a7f-4077-a053-c26dc3d3d65a@group-4701ABA8D7D0, cid=1495, SUCCESS, logIndex=2586, commits[85302df8-7a7f-4077-a053-c26dc3d3d65a:c2588]
2019-06-13 22:53:46,922 INFO  client.GrpcClientProtocolClient (GrpcClientProtocolClient.java:onNext(254)) - client-C82EA620EB9B->85302df8-7a7f-4077-a053-c26dc3d3d65a: receive RaftClientReply:client-C82EA620EB9B->85302df8-7a7f-4077-a053-c26dc3d3d65a@group-4701ABA8D7D0, cid=1496, SUCCESS, logIndex=2587, commits[85302df8-7a7f-4077-a053-c26dc3d3d65a:c2588]
2019-06-13 22:53:46,929 INFO  storage.RaftLogWorker (RaftLogWorker.java:rollLogSegment(303)) - 85302df8-7a7f-4077-a053-c26dc3d3d65a-RaftLogWorker: Rolling segment log-2520_2588 to index:2588
2019-06-13 22:53:46,929 INFO  storage.RaftLogWorker (RaftLogWorker.java:execute(433)) - 85302df8-7a7f-4077-a053-c26dc3d3d65a-RaftLogWorker: Rolled log segment from /opt/src/hadoop-ozone/integration-test/target/test-dir/MiniOzoneClusterImpl-550f9ca0-a6d9-4a4a-902f-f07ac81eac7b/datanode-0/data/ratis/5ad10fc2-5a33-4bdd-8958-4701aba8d7d0/current/log_inprogress_2520 to /opt/src/hadoop-ozone/integration-test/target/test-dir/MiniOzoneClusterImpl-550f9ca0-a6d9-4a4a-902f-f07ac81eac7b/datanode-0/data/ratis/5ad10fc2-5a33-4bdd-8958-4701aba8d7d0/current/log_2520-2588
2019-06-13 22:53:46,972 INFO  storage.RaftLogWorker (RaftLogWorker.java:execute(469)) - 85302df8-7a7f-4077-a053-c26dc3d3d65a-RaftLogWorker: created new log segment /opt/src/hadoop-ozone/integration-test/target/test-dir/MiniOzoneClusterImpl-550f9ca0-a6d9-4a4a-902f-f07ac81eac7b/datanode-0/data/ratis/5ad10fc2-5a33-4bdd-8958-4701aba8d7d0/current/log_inprogress_2589
2019-06-13 22:53:46,973 INFO  client.GrpcClientProtocolClient (GrpcClientProtocolClient.java:onNext(254)) - client-C82EA620EB9B->85302df8-7a7f-4077-a053-c26dc3d3d65a: receive RaftClientReply:client-C82EA620EB9B->85302df8-7a7f-4077-a053-c26dc3d3d65a@group-4701ABA8D7D0, cid=1497, SUCCESS, logIndex=2589, commits[85302df8-7a7f-4077-a053-c26dc3d3d65a:c2589]
2019-06-13 22:53:46,976 INFO  client.GrpcClientProtocolClient (GrpcClientProtocolClient.java:onNext(254)) - client-C82EA620EB9B->85302df8-7a7f-4077-a053-c26dc3d3d65a: receive RaftClientReply:client-C82EA620EB9B->85302df8-7a7f-4077-a053-c26dc3d3d65a@group-4701ABA8D7D0, cid=1498, SUCCESS, logIndex=2591, commits[85302df8-7a7f-4077-a053-c26dc3d3d65a:c2591]
2019-06-13 22:53:46,978 INFO  client.GrpcClientProtocolClient (GrpcClientProtocolClient.java:onNext(254)) - client-C82EA620EB9B->85302df8-7a7f-4077-a053-c26dc3d3d65a: receive RaftClientReply:client-C82EA620EB9B->85302df8-7a7f-4077-a053-c26dc3d3d65a@group-4701ABA8D7D0, cid=1499, SUCCESS, logIndex=2593, commits[85302df8-7a7f-4077-a053-c26dc3d3d65a:c2594]
2019-06-13 22:53:46,978 INFO  client.GrpcClientProtocolClient (GrpcClientProtocolClient.java:onNext(254)) - client-C82EA620EB9B->85302df8-7a7f-4077-a053-c26dc3d3d65a: receive RaftClientReply:client-C82EA620EB9B->85302df8-7a7f-4077-a053-c26dc3d3d65a@group-4701ABA8D7D0, cid=1500, SUCCESS, logIndex=2594, commits[85302df8-7a7f-4077-a053-c26dc3d3d65a:c2594]
2019-06-13 22:53:46,984 INFO  client.GrpcClientProtocolClient (GrpcClientProtocolClient.java:onNext(254)) - client-C82EA620EB9B->85302df8-7a7f-4077-a053-c26dc3d3d65a: receive RaftClientReply:client-C82EA620EB9B->85302df8-7a7f-4077-a053-c26dc3d3d65a@group-4701ABA8D7D0, cid=1501, SUCCESS, logIndex=2596, commits[85302df8-7a7f-4077-a053-c26dc3d3d65a:c2596]
2019-06-13 22:53:46,990 INFO  client.GrpcClientProtocolClient (GrpcClientProtocolClient.java:onNext(254)) - client-C82EA620EB9B->85302df8-7a7f-4077-a053-c26dc3d3d65a: receive RaftClientReply:client-C82EA620EB9B->85302df8-7a7f-4077-a053-c26dc3d3d65a@group-4701ABA8D7D0, cid=1502, SUCCESS, logIndex=2598, commits[85302df8-7a7f-4077-a053-c26dc3d3d65a:c2598]
2019-06-13 22:53:46,998 DEBUG block.SCMBlockDeletingService (SCMBlockDeletingService.java:call(138)) - Running DeletedBlockTransactionScanner
2019-06-13 22:53:46,998 DEBUG block.SCMBlockDeletingService (SCMBlockDeletingService.java:call(155)) - Scanned deleted blocks log and got 0 delTX to process.
2019-06-13 22:53:47,058 INFO  client.GrpcClientProtocolClient (GrpcClientProtocolClient.java:onNext(254)) - client-C82EA620EB9B->85302df8-7a7f-4077-a053-c26dc3d3d65a: receive RaftClientReply:client-C82EA620EB9B->85302df8-7a7f-4077-a053-c26dc3d3d65a@group-4701ABA8D7D0, cid=1503, SUCCESS, logIndex=2600, commits[85302df8-7a7f-4077-a053-c26dc3d3d65a:c2600]
2019-06-13 22:53:47,059 INFO  client.GrpcClientProtocolClient (GrpcClientProtocolClient.java:onNext(254)) - client-C82EA620EB9B->85302df8-7a7f-4077-a053-c26dc3d3d65a: receive RaftClientReply:client-C82EA620EB9B->85302df8-7a7f-4077-a053-c26dc3d3d65a@group-4701ABA8D7D0, cid=1504, SUCCESS, logIndex=2602, commits[85302df8-7a7f-4077-a053-c26dc3d3d65a:c2602]
2019-06-13 22:53:47,073 INFO  client.GrpcClientProtocolClient (GrpcClientProtocolClient.java:onNext(254)) - client-C82EA620EB9B->85302df8-7a7f-4077-a053-c26dc3d3d65a: receive RaftClientReply:client-C82EA620EB9B->85302df8-7a7f-4077-a053-c26dc3d3d65a@group-4701ABA8D7D0, cid=1505, SUCCESS, logIndex=2604, commits[85302df8-7a7f-4077-a053-c26dc3d3d65a:c2604]
2019-06-13 22:53:47,078 INFO  client.GrpcClientProtocolClient (GrpcClientProtocolClient.java:onNext(254)) - client-C82EA620EB9B->85302df8-7a7f-4077-a053-c26dc3d3d65a: receive RaftClientReply:client-C82EA620EB9B->85302df8-7a7f-4077-a053-c26dc3d3d65a@group-4701ABA8D7D0, cid=1506, SUCCESS, logIndex=2606, commits[85302df8-7a7f-4077-a053-c26dc3d3d65a:c2606]
2019-06-13 22:53:47,081 INFO  client.GrpcClientProtocolClient (GrpcClientProtocolClient.java:onNext(254)) - client-C82EA620EB9B->85302df8-7a7f-4077-a053-c26dc3d3d65a: receive RaftClientReply:client-C82EA620EB9B->85302df8-7a7f-4077-a053-c26dc3d3d65a@group-4701ABA8D7D0, cid=1507, SUCCESS, logIndex=2608, commits[85302df8-7a7f-4077-a053-c26dc3d3d65a:c2609]
2019-06-13 22:53:47,081 INFO  client.GrpcClientProtocolClient (GrpcClientProtocolClient.java:onNext(254)) - client-C82EA620EB9B->85302df8-7a7f-4077-a053-c26dc3d3d65a: receive RaftClientReply:client-C82EA620EB9B->85302df8-7a7f-4077-a053-c26dc3d3d65a@group-4701ABA8D7D0, cid=1508, SUCCESS, logIndex=2609, commits[85302df8-7a7f-4077-a053-c26dc3d3d65a:c2609]
2019-06-13 22:53:47,086 INFO  client.GrpcClientProtocolClient (GrpcClientProtocolClient.java:onNext(254)) - client-C82EA620EB9B->85302df8-7a7f-4077-a053-c26dc3d3d65a: receive RaftClientReply:client-C82EA620EB9B->85302df8-7a7f-4077-a053-c26dc3d3d65a@group-4701ABA8D7D0, cid=1509, SUCCESS, logIndex=2611, commits[85302df8-7a7f-4077-a053-c26dc3d3d65a:c2611]
2019-06-13 22:53:47,088 INFO  client.GrpcClientProtocolClient (GrpcClientProtocolClient.java:onNext(254)) - client-C82EA620EB9B->85302df8-7a7f-4077-a053-c26dc3d3d65a: receive RaftClientReply:client-C82EA620EB9B->85302df8-7a7f-4077-a053-c26dc3d3d65a@group-4701ABA8D7D0, cid=1510, SUCCESS, logIndex=2613, commits[85302df8-7a7f-4077-a053-c26dc3d3d65a:c2613]
2019-06-13 22:53:47,089 INFO  client.GrpcClientProtocolClient (GrpcClientProtocolClient.java:onNext(254)) - client-C82EA620EB9B->85302df8-7a7f-4077-a053-c26dc3d3d65a: receive RaftClientReply:client-C82EA620EB9B->85302df8-7a7f-4077-a053-c26dc3d3d65a@group-4701ABA8D7D0, cid=1511, SUCCESS, logIndex=2614, commits[85302df8-7a7f-4077-a053-c26dc3d3d65a:c2616]
2019-06-13 22:53:47,090 INFO  client.GrpcClientProtocolClient (GrpcClientProtocolClient.java:onNext(254)) - client-C82EA620EB9B->85302df8-7a7f-4077-a053-c26dc3d3d65a: receive RaftClientReply:client-C82EA620EB9B->85302df8-7a7f-4077-a053-c26dc3d3d65a@group-4701ABA8D7D0, cid=1512, SUCCESS, logIndex=2615, commits[85302df8-7a7f-4077-a053-c26dc3d3d65a:c2616]
2019-06-13 22:53:47,098 DEBUG block.SCMBlockDeletingService (SCMBlockDeletingService.java:call(138)) - Running DeletedBlockTransactionScanner
2019-06-13 22:53:47,098 DEBUG block.SCMBlockDeletingService (SCMBlockDeletingService.java:call(155)) - Scanned deleted blocks log and got 0 delTX to process.
2019-06-13 22:53:47,100 INFO  client.GrpcClientProtocolClient (GrpcClientProtocolClient.java:onNext(254)) - client-C82EA620EB9B->85302df8-7a7f-4077-a053-c26dc3d3d65a: receive RaftClientReply:client-C82EA620EB9B->85302df8-7a7f-4077-a053-c26dc3d3d65a@group-4701ABA8D7D0, cid=1513, SUCCESS, logIndex=2617, commits[85302df8-7a7f-4077-a053-c26dc3d3d65a:c2617]
2019-06-13 22:53:47,101 INFO  client.GrpcClientProtocolClient (GrpcClientProtocolClient.java:onNext(254)) - client-C82EA620EB9B->85302df8-7a7f-4077-a053-c26dc3d3d65a: receive RaftClientReply:client-C82EA620EB9B->85302df8-7a7f-4077-a053-c26dc3d3d65a@group-4701ABA8D7D0, cid=1514, SUCCESS, logIndex=2619, commits[85302df8-7a7f-4077-a053-c26dc3d3d65a:c2619]
2019-06-13 22:53:47,103 INFO  client.GrpcClientProtocolClient (GrpcClientProtocolClient.java:onNext(254)) - client-C82EA620EB9B->85302df8-7a7f-4077-a053-c26dc3d3d65a: receive RaftClientReply:client-C82EA620EB9B->85302df8-7a7f-4077-a053-c26dc3d3d65a@group-4701ABA8D7D0, cid=1515, SUCCESS, logIndex=2620, commits[85302df8-7a7f-4077-a053-c26dc3d3d65a:c2622]
2019-06-13 22:53:47,103 INFO  client.GrpcClientProtocolClient (GrpcClientProtocolClient.java:onNext(254)) - client-C82EA620EB9B->85302df8-7a7f-4077-a053-c26dc3d3d65a: receive RaftClientReply:client-C82EA620EB9B->85302df8-7a7f-4077-a053-c26dc3d3d65a@group-4701ABA8D7D0, cid=1516, SUCCESS, logIndex=2621, commits[85302df8-7a7f-4077-a053-c26dc3d3d65a:c2622]
2019-06-13 22:53:47,109 INFO  client.GrpcClientProtocolClient (GrpcClientProtocolClient.java:onNext(254)) - client-C82EA620EB9B->85302df8-7a7f-4077-a053-c26dc3d3d65a: receive RaftClientReply:client-C82EA620EB9B->85302df8-7a7f-4077-a053-c26dc3d3d65a@group-4701ABA8D7D0, cid=1517, SUCCESS, logIndex=2623, commits[85302df8-7a7f-4077-a053-c26dc3d3d65a:c2623]
2019-06-13 22:53:47,111 INFO  client.GrpcClientProtocolClient (GrpcClientProtocolClient.java:onNext(254)) - client-C82EA620EB9B->85302df8-7a7f-4077-a053-c26dc3d3d65a: receive RaftClientReply:client-C82EA620EB9B->85302df8-7a7f-4077-a053-c26dc3d3d65a@group-4701ABA8D7D0, cid=1518, SUCCESS, logIndex=2625, commits[85302df8-7a7f-4077-a053-c26dc3d3d65a:c2625]
2019-06-13 22:53:47,112 INFO  client.GrpcClientProtocolClient (GrpcClientProtocolClient.java:onNext(254)) - client-C82EA620EB9B->85302df8-7a7f-4077-a053-c26dc3d3d65a: receive RaftClientReply:client-C82EA620EB9B->85302df8-7a7f-4077-a053-c26dc3d3d65a@group-4701ABA8D7D0, cid=1519, SUCCESS, logIndex=2626, commits[85302df8-7a7f-4077-a053-c26dc3d3d65a:c2628]
2019-06-13 22:53:47,113 INFO  client.GrpcClientProtocolClient (GrpcClientProtocolClient.java:onNext(254)) - client-C82EA620EB9B->85302df8-7a7f-4077-a053-c26dc3d3d65a: receive RaftClientReply:client-C82EA620EB9B->85302df8-7a7f-4077-a053-c26dc3d3d65a@group-4701ABA8D7D0, cid=1520, SUCCESS, logIndex=2628, commits[85302df8-7a7f-4077-a053-c26dc3d3d65a:c2628]
2019-06-13 22:53:47,121 INFO  client.GrpcClientProtocolClient (GrpcClientProtocolClient.java:onNext(254)) - client-C82EA620EB9B->85302df8-7a7f-4077-a053-c26dc3d3d65a: receive RaftClientReply:client-C82EA620EB9B->85302df8-7a7f-4077-a053-c26dc3d3d65a@group-4701ABA8D7D0, cid=1521, SUCCESS, logIndex=2630, commits[85302df8-7a7f-4077-a053-c26dc3d3d65a:c2630]
2019-06-13 22:53:47,123 INFO  client.GrpcClientProtocolClient (GrpcClientProtocolClient.java:onNext(254)) - client-C82EA620EB9B->85302df8-7a7f-4077-a053-c26dc3d3d65a: receive RaftClientReply:client-C82EA620EB9B->85302df8-7a7f-4077-a053-c26dc3d3d65a@group-4701ABA8D7D0, cid=1522, SUCCESS, logIndex=2632, commits[85302df8-7a7f-4077-a053-c26dc3d3d65a:c2632]
2019-06-13 22:53:47,124 INFO  client.GrpcClientProtocolClient (GrpcClientProtocolClient.java:onNext(254)) - client-C82EA620EB9B->85302df8-7a7f-4077-a053-c26dc3d3d65a: receive RaftClientReply:client-C82EA620EB9B->85302df8-7a7f-4077-a053-c26dc3d3d65a@group-4701ABA8D7D0, cid=1523, SUCCESS, logIndex=2633, commits[85302df8-7a7f-4077-a053-c26dc3d3d65a:c2635]
2019-06-13 22:53:47,124 INFO  client.GrpcClientProtocolClient (GrpcClientProtocolClient.java:onNext(254)) - client-C82EA620EB9B->85302df8-7a7f-4077-a053-c26dc3d3d65a: receive RaftClientReply:client-C82EA620EB9B->85302df8-7a7f-4077-a053-c26dc3d3d65a@group-4701ABA8D7D0, cid=1524, SUCCESS, logIndex=2634, commits[85302df8-7a7f-4077-a053-c26dc3d3d65a:c2635]
2019-06-13 22:53:47,130 INFO  client.GrpcClientProtocolClient (GrpcClientProtocolClient.java:onNext(254)) - client-C82EA620EB9B->85302df8-7a7f-4077-a053-c26dc3d3d65a: receive RaftClientReply:client-C82EA620EB9B->85302df8-7a7f-4077-a053-c26dc3d3d65a@group-4701ABA8D7D0, cid=1525, SUCCESS, logIndex=2636, commits[85302df8-7a7f-4077-a053-c26dc3d3d65a:c2636]
2019-06-13 22:53:47,133 INFO  client.GrpcClientProtocolClient (GrpcClientProtocolClient.java:onNext(254)) - client-C82EA620EB9B->85302df8-7a7f-4077-a053-c26dc3d3d65a: receive RaftClientReply:client-C82EA620EB9B->85302df8-7a7f-4077-a053-c26dc3d3d65a@group-4701ABA8D7D0, cid=1526, SUCCESS, logIndex=2638, commits[85302df8-7a7f-4077-a053-c26dc3d3d65a:c2640]
2019-06-13 22:53:47,133 INFO  client.GrpcClientProtocolClient (GrpcClientProtocolClient.java:onNext(254)) - client-C82EA620EB9B->85302df8-7a7f-4077-a053-c26dc3d3d65a: receive RaftClientReply:client-C82EA620EB9B->85302df8-7a7f-4077-a053-c26dc3d3d65a@group-4701ABA8D7D0, cid=1527, SUCCESS, logIndex=2639, commits[85302df8-7a7f-4077-a053-c26dc3d3d65a:c2640]
2019-06-13 22:53:47,134 INFO  client.GrpcClientProtocolClient (GrpcClientProtocolClient.java:onNext(254)) - client-C82EA620EB9B->85302df8-7a7f-4077-a053-c26dc3d3d65a: receive RaftClientReply:client-C82EA620EB9B->85302df8-7a7f-4077-a053-c26dc3d3d65a@group-4701ABA8D7D0, cid=1528, SUCCESS, logIndex=2640, commits[85302df8-7a7f-4077-a053-c26dc3d3d65a:c2641]
2019-06-13 22:53:47,144 INFO  client.GrpcClientProtocolClient (GrpcClientProtocolClient.java:onNext(254)) - client-C82EA620EB9B->85302df8-7a7f-4077-a053-c26dc3d3d65a: receive RaftClientReply:client-C82EA620EB9B->85302df8-7a7f-4077-a053-c26dc3d3d65a@group-4701ABA8D7D0, cid=1529, SUCCESS, logIndex=2642, commits[85302df8-7a7f-4077-a053-c26dc3d3d65a:c2642]
2019-06-13 22:53:47,146 INFO  client.GrpcClientProtocolClient (GrpcClientProtocolClient.java:onNext(254)) - client-C82EA620EB9B->85302df8-7a7f-4077-a053-c26dc3d3d65a: receive RaftClientReply:client-C82EA620EB9B->85302df8-7a7f-4077-a053-c26dc3d3d65a@group-4701ABA8D7D0, cid=1530, SUCCESS, logIndex=2644, commits[85302df8-7a7f-4077-a053-c26dc3d3d65a:c2644]
2019-06-13 22:53:47,147 INFO  client.GrpcClientProtocolClient (GrpcClientProtocolClient.java:onNext(254)) - client-C82EA620EB9B->85302df8-7a7f-4077-a053-c26dc3d3d65a: receive RaftClientReply:client-C82EA620EB9B->85302df8-7a7f-4077-a053-c26dc3d3d65a@group-4701ABA8D7D0, cid=1531, SUCCESS, logIndex=2645, commits[85302df8-7a7f-4077-a053-c26dc3d3d65a:c2647]
2019-06-13 22:53:47,147 INFO  client.GrpcClientProtocolClient (GrpcClientProtocolClient.java:onNext(254)) - client-C82EA620EB9B->85302df8-7a7f-4077-a053-c26dc3d3d65a: receive RaftClientReply:client-C82EA620EB9B->85302df8-7a7f-4077-a053-c26dc3d3d65a@group-4701ABA8D7D0, cid=1532, SUCCESS, logIndex=2646, commits[85302df8-7a7f-4077-a053-c26dc3d3d65a:c2647]
2019-06-13 22:53:47,153 INFO  client.GrpcClientProtocolClient (GrpcClientProtocolClient.java:onNext(254)) - client-C82EA620EB9B->85302df8-7a7f-4077-a053-c26dc3d3d65a: receive RaftClientReply:client-C82EA620EB9B->85302df8-7a7f-4077-a053-c26dc3d3d65a@group-4701ABA8D7D0, cid=1533, SUCCESS, logIndex=2648, commits[85302df8-7a7f-4077-a053-c26dc3d3d65a:c2648]
2019-06-13 22:53:47,159 INFO  client.GrpcClientProtocolClient (GrpcClientProtocolClient.java:onNext(254)) - client-C82EA620EB9B->85302df8-7a7f-4077-a053-c26dc3d3d65a: receive RaftClientReply:client-C82EA620EB9B->85302df8-7a7f-4077-a053-c26dc3d3d65a@group-4701ABA8D7D0, cid=1534, SUCCESS, logIndex=2650, commits[85302df8-7a7f-4077-a053-c26dc3d3d65a:c2651]
2019-06-13 22:53:47,166 INFO  client.GrpcClientProtocolClient (GrpcClientProtocolClient.java:onNext(254)) - client-C82EA620EB9B->85302df8-7a7f-4077-a053-c26dc3d3d65a: receive RaftClientReply:client-C82EA620EB9B->85302df8-7a7f-4077-a053-c26dc3d3d65a@group-4701ABA8D7D0, cid=1535, SUCCESS, logIndex=2652, commits[85302df8-7a7f-4077-a053-c26dc3d3d65a:c2654]
2019-06-13 22:53:47,170 INFO  client.GrpcClientProtocolClient (GrpcClientProtocolClient.java:onNext(254)) - client-C82EA620EB9B->85302df8-7a7f-4077-a053-c26dc3d3d65a: receive RaftClientReply:client-C82EA620EB9B->85302df8-7a7f-4077-a053-c26dc3d3d65a@group-4701ABA8D7D0, cid=1536, SUCCESS, logIndex=2653, commits[85302df8-7a7f-4077-a053-c26dc3d3d65a:c2654]
2019-06-13 22:53:47,189 INFO  client.GrpcClientProtocolClient (GrpcClientProtocolClient.java:onNext(254)) - client-C82EA620EB9B->85302df8-7a7f-4077-a053-c26dc3d3d65a: receive RaftClientReply:client-C82EA620EB9B->85302df8-7a7f-4077-a053-c26dc3d3d65a@group-4701ABA8D7D0, cid=1537, SUCCESS, logIndex=2655, commits[85302df8-7a7f-4077-a053-c26dc3d3d65a:c2655]
2019-06-13 22:53:47,199 DEBUG block.SCMBlockDeletingService (SCMBlockDeletingService.java:call(138)) - Running DeletedBlockTransactionScanner
2019-06-13 22:53:47,199 DEBUG block.SCMBlockDeletingService (SCMBlockDeletingService.java:call(155)) - Scanned deleted blocks log and got 0 delTX to process.
2019-06-13 22:53:47,201 INFO  client.GrpcClientProtocolClient (GrpcClientProtocolClient.java:onNext(254)) - client-C82EA620EB9B->85302df8-7a7f-4077-a053-c26dc3d3d65a: receive RaftClientReply:client-C82EA620EB9B->85302df8-7a7f-4077-a053-c26dc3d3d65a@group-4701ABA8D7D0, cid=1538, SUCCESS, logIndex=2657, commits[85302df8-7a7f-4077-a053-c26dc3d3d65a:c2657]
2019-06-13 22:53:47,202 INFO  client.GrpcClientProtocolClient (GrpcClientProtocolClient.java:onNext(254)) - client-C82EA620EB9B->85302df8-7a7f-4077-a053-c26dc3d3d65a: receive RaftClientReply:client-C82EA620EB9B->85302df8-7a7f-4077-a053-c26dc3d3d65a@group-4701ABA8D7D0, cid=1539, SUCCESS, logIndex=2658, commits[85302df8-7a7f-4077-a053-c26dc3d3d65a:c2659]
2019-06-13 22:53:47,203 INFO  client.GrpcClientProtocolClient (GrpcClientProtocolClient.java:onNext(254)) - client-C82EA620EB9B->85302df8-7a7f-4077-a053-c26dc3d3d65a: receive RaftClientReply:client-C82EA620EB9B->85302df8-7a7f-4077-a053-c26dc3d3d65a@group-4701ABA8D7D0, cid=1540, SUCCESS, logIndex=2660, commits[85302df8-7a7f-4077-a053-c26dc3d3d65a:c2660]
2019-06-13 22:53:47,206 INFO  storage.RaftLogWorker (RaftLogWorker.java:rollLogSegment(303)) - 85302df8-7a7f-4077-a053-c26dc3d3d65a-RaftLogWorker: Rolling segment log-2589_2661 to index:2661
2019-06-13 22:53:47,206 INFO  storage.RaftLogWorker (RaftLogWorker.java:execute(433)) - 85302df8-7a7f-4077-a053-c26dc3d3d65a-RaftLogWorker: Rolled log segment from /opt/src/hadoop-ozone/integration-test/target/test-dir/MiniOzoneClusterImpl-550f9ca0-a6d9-4a4a-902f-f07ac81eac7b/datanode-0/data/ratis/5ad10fc2-5a33-4bdd-8958-4701aba8d7d0/current/log_inprogress_2589 to /opt/src/hadoop-ozone/integration-test/target/test-dir/MiniOzoneClusterImpl-550f9ca0-a6d9-4a4a-902f-f07ac81eac7b/datanode-0/data/ratis/5ad10fc2-5a33-4bdd-8958-4701aba8d7d0/current/log_2589-2661
2019-06-13 22:53:47,242 INFO  storage.RaftLogWorker (RaftLogWorker.java:execute(469)) - 85302df8-7a7f-4077-a053-c26dc3d3d65a-RaftLogWorker: created new log segment /opt/src/hadoop-ozone/integration-test/target/test-dir/MiniOzoneClusterImpl-550f9ca0-a6d9-4a4a-902f-f07ac81eac7b/datanode-0/data/ratis/5ad10fc2-5a33-4bdd-8958-4701aba8d7d0/current/log_inprogress_2662
2019-06-13 22:53:47,244 INFO  client.GrpcClientProtocolClient (GrpcClientProtocolClient.java:onNext(254)) - client-C82EA620EB9B->85302df8-7a7f-4077-a053-c26dc3d3d65a: receive RaftClientReply:client-C82EA620EB9B->85302df8-7a7f-4077-a053-c26dc3d3d65a@group-4701ABA8D7D0, cid=1541, SUCCESS, logIndex=2662, commits[85302df8-7a7f-4077-a053-c26dc3d3d65a:c2662]
2019-06-13 22:53:47,246 INFO  client.GrpcClientProtocolClient (GrpcClientProtocolClient.java:onNext(254)) - client-C82EA620EB9B->85302df8-7a7f-4077-a053-c26dc3d3d65a: receive RaftClientReply:client-C82EA620EB9B->85302df8-7a7f-4077-a053-c26dc3d3d65a@group-4701ABA8D7D0, cid=1542, SUCCESS, logIndex=2664, commits[85302df8-7a7f-4077-a053-c26dc3d3d65a:c2664]
2019-06-13 22:53:47,247 INFO  client.GrpcClientProtocolClient (GrpcClientProtocolClient.java:onNext(254)) - client-C82EA620EB9B->85302df8-7a7f-4077-a053-c26dc3d3d65a: receive RaftClientReply:client-C82EA620EB9B->85302df8-7a7f-4077-a053-c26dc3d3d65a@group-4701ABA8D7D0, cid=1543, SUCCESS, logIndex=2666, commits[85302df8-7a7f-4077-a053-c26dc3d3d65a:c2667]
2019-06-13 22:53:47,247 INFO  client.GrpcClientProtocolClient (GrpcClientProtocolClient.java:onNext(254)) - client-C82EA620EB9B->85302df8-7a7f-4077-a053-c26dc3d3d65a: receive RaftClientReply:client-C82EA620EB9B->85302df8-7a7f-4077-a053-c26dc3d3d65a@group-4701ABA8D7D0, cid=1544, SUCCESS, logIndex=2667, commits[85302df8-7a7f-4077-a053-c26dc3d3d65a:c2667]
2019-06-13 22:53:47,258 INFO  client.GrpcClientProtocolClient (GrpcClientProtocolClient.java:onNext(254)) - client-C82EA620EB9B->85302df8-7a7f-4077-a053-c26dc3d3d65a: receive RaftClientReply:client-C82EA620EB9B->85302df8-7a7f-4077-a053-c26dc3d3d65a@group-4701ABA8D7D0, cid=1545, SUCCESS, logIndex=2669, commits[85302df8-7a7f-4077-a053-c26dc3d3d65a:c2669]
2019-06-13 22:53:47,260 INFO  client.GrpcClientProtocolClient (GrpcClientProtocolClient.java:onNext(254)) - client-C82EA620EB9B->85302df8-7a7f-4077-a053-c26dc3d3d65a: receive RaftClientReply:client-C82EA620EB9B->85302df8-7a7f-4077-a053-c26dc3d3d65a@group-4701ABA8D7D0, cid=1546, SUCCESS, logIndex=2671, commits[85302df8-7a7f-4077-a053-c26dc3d3d65a:c2671]
2019-06-13 22:53:47,299 DEBUG block.SCMBlockDeletingService (SCMBlockDeletingService.java:call(138)) - Running DeletedBlockTransactionScanner
2019-06-13 22:53:47,299 DEBUG block.SCMBlockDeletingService (SCMBlockDeletingService.java:call(155)) - Scanned deleted blocks log and got 0 delTX to process.
2019-06-13 22:53:47,367 INFO  client.GrpcClientProtocolClient (GrpcClientProtocolClient.java:onNext(254)) - client-C82EA620EB9B->85302df8-7a7f-4077-a053-c26dc3d3d65a: receive RaftClientReply:client-C82EA620EB9B->85302df8-7a7f-4077-a053-c26dc3d3d65a@group-4701ABA8D7D0, cid=1547, SUCCESS, logIndex=2673, commits[85302df8-7a7f-4077-a053-c26dc3d3d65a:c2673]
2019-06-13 22:53:47,369 INFO  client.GrpcClientProtocolClient (GrpcClientProtocolClient.java:onNext(254)) - client-C82EA620EB9B->85302df8-7a7f-4077-a053-c26dc3d3d65a: receive RaftClientReply:client-C82EA620EB9B->85302df8-7a7f-4077-a053-c26dc3d3d65a@group-4701ABA8D7D0, cid=1548, SUCCESS, logIndex=2675, commits[85302df8-7a7f-4077-a053-c26dc3d3d65a:c2675]
2019-06-13 22:53:47,375 INFO  client.GrpcClientProtocolClient (GrpcClientProtocolClient.java:onNext(254)) - client-C82EA620EB9B->85302df8-7a7f-4077-a053-c26dc3d3d65a: receive RaftClientReply:client-C82EA620EB9B->85302df8-7a7f-4077-a053-c26dc3d3d65a@group-4701ABA8D7D0, cid=1549, SUCCESS, logIndex=2677, commits[85302df8-7a7f-4077-a053-c26dc3d3d65a:c2677]
2019-06-13 22:53:47,377 INFO  client.GrpcClientProtocolClient (GrpcClientProtocolClient.java:onNext(254)) - client-C82EA620EB9B->85302df8-7a7f-4077-a053-c26dc3d3d65a: receive RaftClientReply:client-C82EA620EB9B->85302df8-7a7f-4077-a053-c26dc3d3d65a@group-4701ABA8D7D0, cid=1550, SUCCESS, logIndex=2679, commits[85302df8-7a7f-4077-a053-c26dc3d3d65a:c2679]
2019-06-13 22:53:47,377 INFO  client.GrpcClientProtocolClient (GrpcClientProtocolClient.java:onNext(254)) - client-C82EA620EB9B->85302df8-7a7f-4077-a053-c26dc3d3d65a: receive RaftClientReply:client-C82EA620EB9B->85302df8-7a7f-4077-a053-c26dc3d3d65a@group-4701ABA8D7D0, cid=1551, SUCCESS, logIndex=2680, commits[85302df8-7a7f-4077-a053-c26dc3d3d65a:c2681]
2019-06-13 22:53:47,382 INFO  client.GrpcClientProtocolClient (GrpcClientProtocolClient.java:onNext(254)) - client-C82EA620EB9B->85302df8-7a7f-4077-a053-c26dc3d3d65a: receive RaftClientReply:client-C82EA620EB9B->85302df8-7a7f-4077-a053-c26dc3d3d65a@group-4701ABA8D7D0, cid=1552, SUCCESS, logIndex=2681, commits[85302df8-7a7f-4077-a053-c26dc3d3d65a:c2681]
2019-06-13 22:53:47,391 INFO  client.GrpcClientProtocolClient (GrpcClientProtocolClient.java:onNext(254)) - client-C82EA620EB9B->85302df8-7a7f-4077-a053-c26dc3d3d65a: receive RaftClientReply:client-C82EA620EB9B->85302df8-7a7f-4077-a053-c26dc3d3d65a@group-4701ABA8D7D0, cid=1553, SUCCESS, logIndex=2684, commits[85302df8-7a7f-4077-a053-c26dc3d3d65a:c2684]
2019-06-13 22:53:47,393 INFO  client.GrpcClientProtocolClient (GrpcClientProtocolClient.java:onNext(254)) - client-C82EA620EB9B->85302df8-7a7f-4077-a053-c26dc3d3d65a: receive RaftClientReply:client-C82EA620EB9B->85302df8-7a7f-4077-a053-c26dc3d3d65a@group-4701ABA8D7D0, cid=1554, SUCCESS, logIndex=2686, commits[85302df8-7a7f-4077-a053-c26dc3d3d65a:c2686]
2019-06-13 22:53:47,394 INFO  client.GrpcClientProtocolClient (GrpcClientProtocolClient.java:onNext(254)) - client-C82EA620EB9B->85302df8-7a7f-4077-a053-c26dc3d3d65a: receive RaftClientReply:client-C82EA620EB9B->85302df8-7a7f-4077-a053-c26dc3d3d65a@group-4701ABA8D7D0, cid=1555, SUCCESS, logIndex=2687, commits[85302df8-7a7f-4077-a053-c26dc3d3d65a:c2688]
2019-06-13 22:53:47,394 INFO  client.GrpcClientProtocolClient (GrpcClientProtocolClient.java:onNext(254)) - client-C82EA620EB9B->85302df8-7a7f-4077-a053-c26dc3d3d65a: receive RaftClientReply:client-C82EA620EB9B->85302df8-7a7f-4077-a053-c26dc3d3d65a@group-4701ABA8D7D0, cid=1556, SUCCESS, logIndex=2688, commits[85302df8-7a7f-4077-a053-c26dc3d3d65a:c2689]
2019-06-13 22:53:47,399 DEBUG block.SCMBlockDeletingService (SCMBlockDeletingService.java:call(138)) - Running DeletedBlockTransactionScanner
2019-06-13 22:53:47,400 DEBUG block.SCMBlockDeletingService (SCMBlockDeletingService.java:call(155)) - Scanned deleted blocks log and got 0 delTX to process.
2019-06-13 22:53:47,400 INFO  client.GrpcClientProtocolClient (GrpcClientProtocolClient.java:onNext(254)) - client-C82EA620EB9B->85302df8-7a7f-4077-a053-c26dc3d3d65a: receive RaftClientReply:client-C82EA620EB9B->85302df8-7a7f-4077-a053-c26dc3d3d65a@group-4701ABA8D7D0, cid=1557, SUCCESS, logIndex=2691, commits[85302df8-7a7f-4077-a053-c26dc3d3d65a:c2691]
2019-06-13 22:53:47,401 INFO  client.GrpcClientProtocolClient (GrpcClientProtocolClient.java:onNext(254)) - client-C82EA620EB9B->85302df8-7a7f-4077-a053-c26dc3d3d65a: receive RaftClientReply:client-C82EA620EB9B->85302df8-7a7f-4077-a053-c26dc3d3d65a@group-4701ABA8D7D0, cid=1558, SUCCESS, logIndex=2693, commits[85302df8-7a7f-4077-a053-c26dc3d3d65a:c2693]
2019-06-13 22:53:47,403 INFO  client.GrpcClientProtocolClient (GrpcClientProtocolClient.java:onNext(254)) - client-C82EA620EB9B->85302df8-7a7f-4077-a053-c26dc3d3d65a: receive RaftClientReply:client-C82EA620EB9B->85302df8-7a7f-4077-a053-c26dc3d3d65a@group-4701ABA8D7D0, cid=1559, SUCCESS, logIndex=2694, commits[85302df8-7a7f-4077-a053-c26dc3d3d65a:c2696]
2019-06-13 22:53:47,403 INFO  client.GrpcClientProtocolClient (GrpcClientProtocolClient.java:onNext(254)) - client-C82EA620EB9B->85302df8-7a7f-4077-a053-c26dc3d3d65a: receive RaftClientReply:client-C82EA620EB9B->85302df8-7a7f-4077-a053-c26dc3d3d65a@group-4701ABA8D7D0, cid=1560, SUCCESS, logIndex=2695, commits[85302df8-7a7f-4077-a053-c26dc3d3d65a:c2696]
2019-06-13 22:53:47,413 INFO  client.GrpcClientProtocolClient (GrpcClientProtocolClient.java:onNext(254)) - client-C82EA620EB9B->85302df8-7a7f-4077-a053-c26dc3d3d65a: receive RaftClientReply:client-C82EA620EB9B->85302df8-7a7f-4077-a053-c26dc3d3d65a@group-4701ABA8D7D0, cid=1561, SUCCESS, logIndex=2697, commits[85302df8-7a7f-4077-a053-c26dc3d3d65a:c2697]
2019-06-13 22:53:47,414 INFO  client.GrpcClientProtocolClient (GrpcClientProtocolClient.java:onNext(254)) - client-C82EA620EB9B->85302df8-7a7f-4077-a053-c26dc3d3d65a: receive RaftClientReply:client-C82EA620EB9B->85302df8-7a7f-4077-a053-c26dc3d3d65a@group-4701ABA8D7D0, cid=1562, SUCCESS, logIndex=2699, commits[85302df8-7a7f-4077-a053-c26dc3d3d65a:c2699]
2019-06-13 22:53:47,415 INFO  client.GrpcClientProtocolClient (GrpcClientProtocolClient.java:onNext(254)) - client-C82EA620EB9B->85302df8-7a7f-4077-a053-c26dc3d3d65a: receive RaftClientReply:client-C82EA620EB9B->85302df8-7a7f-4077-a053-c26dc3d3d65a@group-4701ABA8D7D0, cid=1563, SUCCESS, logIndex=2700, commits[85302df8-7a7f-4077-a053-c26dc3d3d65a:c2702]
2019-06-13 22:53:47,415 INFO  client.GrpcClientProtocolClient (GrpcClientProtocolClient.java:onNext(254)) - client-C82EA620EB9B->85302df8-7a7f-4077-a053-c26dc3d3d65a: receive RaftClientReply:client-C82EA620EB9B->85302df8-7a7f-4077-a053-c26dc3d3d65a@group-4701ABA8D7D0, cid=1564, SUCCESS, logIndex=2701, commits[85302df8-7a7f-4077-a053-c26dc3d3d65a:c2702]
2019-06-13 22:53:47,421 INFO  client.GrpcClientProtocolClient (GrpcClientProtocolClient.java:onNext(254)) - client-C82EA620EB9B->85302df8-7a7f-4077-a053-c26dc3d3d65a: receive RaftClientReply:client-C82EA620EB9B->85302df8-7a7f-4077-a053-c26dc3d3d65a@group-4701ABA8D7D0, cid=1565, SUCCESS, logIndex=2703, commits[85302df8-7a7f-4077-a053-c26dc3d3d65a:c2703]
2019-06-13 22:53:47,423 INFO  client.GrpcClientProtocolClient (GrpcClientProtocolClient.java:onNext(254)) - client-C82EA620EB9B->85302df8-7a7f-4077-a053-c26dc3d3d65a: receive RaftClientReply:client-C82EA620EB9B->85302df8-7a7f-4077-a053-c26dc3d3d65a@group-4701ABA8D7D0, cid=1566, SUCCESS, logIndex=2705, commits[85302df8-7a7f-4077-a053-c26dc3d3d65a:c2705]
2019-06-13 22:53:47,424 INFO  client.GrpcClientProtocolClient (GrpcClientProtocolClient.java:onNext(254)) - client-C82EA620EB9B->85302df8-7a7f-4077-a053-c26dc3d3d65a: receive RaftClientReply:client-C82EA620EB9B->85302df8-7a7f-4077-a053-c26dc3d3d65a@group-4701ABA8D7D0, cid=1567, SUCCESS, logIndex=2706, commits[85302df8-7a7f-4077-a053-c26dc3d3d65a:c2707]
2019-06-13 22:53:47,424 INFO  client.GrpcClientProtocolClient (GrpcClientProtocolClient.java:onNext(254)) - client-C82EA620EB9B->85302df8-7a7f-4077-a053-c26dc3d3d65a: receive RaftClientReply:client-C82EA620EB9B->85302df8-7a7f-4077-a053-c26dc3d3d65a@group-4701ABA8D7D0, cid=1568, SUCCESS, logIndex=2707, commits[85302df8-7a7f-4077-a053-c26dc3d3d65a:c2707]
2019-06-13 22:53:47,435 INFO  client.GrpcClientProtocolClient (GrpcClientProtocolClient.java:onNext(254)) - client-C82EA620EB9B->85302df8-7a7f-4077-a053-c26dc3d3d65a: receive RaftClientReply:client-C82EA620EB9B->85302df8-7a7f-4077-a053-c26dc3d3d65a@group-4701ABA8D7D0, cid=1569, SUCCESS, logIndex=2710, commits[85302df8-7a7f-4077-a053-c26dc3d3d65a:c2710]
2019-06-13 22:53:47,437 INFO  client.GrpcClientProtocolClient (GrpcClientProtocolClient.java:onNext(254)) - client-C82EA620EB9B->85302df8-7a7f-4077-a053-c26dc3d3d65a: receive RaftClientReply:client-C82EA620EB9B->85302df8-7a7f-4077-a053-c26dc3d3d65a@group-4701ABA8D7D0, cid=1570, SUCCESS, logIndex=2712, commits[85302df8-7a7f-4077-a053-c26dc3d3d65a:c2712]
2019-06-13 22:53:47,438 INFO  client.GrpcClientProtocolClient (GrpcClientProtocolClient.java:onNext(254)) - client-C82EA620EB9B->85302df8-7a7f-4077-a053-c26dc3d3d65a: receive RaftClientReply:client-C82EA620EB9B->85302df8-7a7f-4077-a053-c26dc3d3d65a@group-4701ABA8D7D0, cid=1571, SUCCESS, logIndex=2713, commits[85302df8-7a7f-4077-a053-c26dc3d3d65a:c2715]
2019-06-13 22:53:47,438 INFO  client.GrpcClientProtocolClient (GrpcClientProtocolClient.java:onNext(254)) - client-C82EA620EB9B->85302df8-7a7f-4077-a053-c26dc3d3d65a: receive RaftClientReply:client-C82EA620EB9B->85302df8-7a7f-4077-a053-c26dc3d3d65a@group-4701ABA8D7D0, cid=1572, SUCCESS, logIndex=2714, commits[85302df8-7a7f-4077-a053-c26dc3d3d65a:c2715]
2019-06-13 22:53:47,444 INFO  client.GrpcClientProtocolClient (GrpcClientProtocolClient.java:onNext(254)) - client-C82EA620EB9B->85302df8-7a7f-4077-a053-c26dc3d3d65a: receive RaftClientReply:client-C82EA620EB9B->85302df8-7a7f-4077-a053-c26dc3d3d65a@group-4701ABA8D7D0, cid=1573, SUCCESS, logIndex=2716, commits[85302df8-7a7f-4077-a053-c26dc3d3d65a:c2716]
2019-06-13 22:53:47,446 INFO  client.GrpcClientProtocolClient (GrpcClientProtocolClient.java:onNext(254)) - client-C82EA620EB9B->85302df8-7a7f-4077-a053-c26dc3d3d65a: receive RaftClientReply:client-C82EA620EB9B->85302df8-7a7f-4077-a053-c26dc3d3d65a@group-4701ABA8D7D0, cid=1574, SUCCESS, logIndex=2718, commits[85302df8-7a7f-4077-a053-c26dc3d3d65a:c2718]
2019-06-13 22:53:47,447 INFO  client.GrpcClientProtocolClient (GrpcClientProtocolClient.java:onNext(254)) - client-C82EA620EB9B->85302df8-7a7f-4077-a053-c26dc3d3d65a: receive RaftClientReply:client-C82EA620EB9B->85302df8-7a7f-4077-a053-c26dc3d3d65a@group-4701ABA8D7D0, cid=1575, SUCCESS, logIndex=2719, commits[85302df8-7a7f-4077-a053-c26dc3d3d65a:c2721]
2019-06-13 22:53:47,447 INFO  client.GrpcClientProtocolClient (GrpcClientProtocolClient.java:onNext(254)) - client-C82EA620EB9B->85302df8-7a7f-4077-a053-c26dc3d3d65a: receive RaftClientReply:client-C82EA620EB9B->85302df8-7a7f-4077-a053-c26dc3d3d65a@group-4701ABA8D7D0, cid=1576, SUCCESS, logIndex=2721, commits[85302df8-7a7f-4077-a053-c26dc3d3d65a:c2721]
2019-06-13 22:53:47,457 INFO  client.GrpcClientProtocolClient (GrpcClientProtocolClient.java:onNext(254)) - client-C82EA620EB9B->85302df8-7a7f-4077-a053-c26dc3d3d65a: receive RaftClientReply:client-C82EA620EB9B->85302df8-7a7f-4077-a053-c26dc3d3d65a@group-4701ABA8D7D0, cid=1577, SUCCESS, logIndex=2723, commits[85302df8-7a7f-4077-a053-c26dc3d3d65a:c2723]
2019-06-13 22:53:47,459 INFO  client.GrpcClientProtocolClient (GrpcClientProtocolClient.java:onNext(254)) - client-C82EA620EB9B->85302df8-7a7f-4077-a053-c26dc3d3d65a: receive RaftClientReply:client-C82EA620EB9B->85302df8-7a7f-4077-a053-c26dc3d3d65a@group-4701ABA8D7D0, cid=1578, SUCCESS, logIndex=2725, commits[85302df8-7a7f-4077-a053-c26dc3d3d65a:c2725]
2019-06-13 22:53:47,460 INFO  client.GrpcClientProtocolClient (GrpcClientProtocolClient.java:onNext(254)) - client-C82EA620EB9B->85302df8-7a7f-4077-a053-c26dc3d3d65a: receive RaftClientReply:client-C82EA620EB9B->85302df8-7a7f-4077-a053-c26dc3d3d65a@group-4701ABA8D7D0, cid=1579, SUCCESS, logIndex=2726, commits[85302df8-7a7f-4077-a053-c26dc3d3d65a:c2728]
2019-06-13 22:53:47,460 INFO  client.GrpcClientProtocolClient (GrpcClientProtocolClient.java:onNext(254)) - client-C82EA620EB9B->85302df8-7a7f-4077-a053-c26dc3d3d65a: receive RaftClientReply:client-C82EA620EB9B->85302df8-7a7f-4077-a053-c26dc3d3d65a@group-4701ABA8D7D0, cid=1580, SUCCESS, logIndex=2727, commits[85302df8-7a7f-4077-a053-c26dc3d3d65a:c2728]
2019-06-13 22:53:47,466 INFO  client.GrpcClientProtocolClient (GrpcClientProtocolClient.java:onNext(254)) - client-C82EA620EB9B->85302df8-7a7f-4077-a053-c26dc3d3d65a: receive RaftClientReply:client-C82EA620EB9B->85302df8-7a7f-4077-a053-c26dc3d3d65a@group-4701ABA8D7D0, cid=1581, SUCCESS, logIndex=2729, commits[85302df8-7a7f-4077-a053-c26dc3d3d65a:c2729]
2019-06-13 22:53:47,466 INFO  storage.RaftLogWorker (RaftLogWorker.java:rollLogSegment(303)) - 85302df8-7a7f-4077-a053-c26dc3d3d65a-RaftLogWorker: Rolling segment log-2662_2732 to index:2732
2019-06-13 22:53:47,467 INFO  storage.RaftLogWorker (RaftLogWorker.java:execute(433)) - 85302df8-7a7f-4077-a053-c26dc3d3d65a-RaftLogWorker: Rolled log segment from /opt/src/hadoop-ozone/integration-test/target/test-dir/MiniOzoneClusterImpl-550f9ca0-a6d9-4a4a-902f-f07ac81eac7b/datanode-0/data/ratis/5ad10fc2-5a33-4bdd-8958-4701aba8d7d0/current/log_inprogress_2662 to /opt/src/hadoop-ozone/integration-test/target/test-dir/MiniOzoneClusterImpl-550f9ca0-a6d9-4a4a-902f-f07ac81eac7b/datanode-0/data/ratis/5ad10fc2-5a33-4bdd-8958-4701aba8d7d0/current/log_2662-2732
2019-06-13 22:53:47,468 INFO  client.GrpcClientProtocolClient (GrpcClientProtocolClient.java:onNext(254)) - client-C82EA620EB9B->85302df8-7a7f-4077-a053-c26dc3d3d65a: receive RaftClientReply:client-C82EA620EB9B->85302df8-7a7f-4077-a053-c26dc3d3d65a@group-4701ABA8D7D0, cid=1582, SUCCESS, logIndex=2731, commits[85302df8-7a7f-4077-a053-c26dc3d3d65a:c2731]
2019-06-13 22:53:47,470 INFO  client.GrpcClientProtocolClient (GrpcClientProtocolClient.java:onNext(254)) - client-C82EA620EB9B->85302df8-7a7f-4077-a053-c26dc3d3d65a: receive RaftClientReply:client-C82EA620EB9B->85302df8-7a7f-4077-a053-c26dc3d3d65a@group-4701ABA8D7D0, cid=1583, SUCCESS, logIndex=2732, commits[85302df8-7a7f-4077-a053-c26dc3d3d65a:c2732]
2019-06-13 22:53:47,500 DEBUG block.SCMBlockDeletingService (SCMBlockDeletingService.java:call(138)) - Running DeletedBlockTransactionScanner
2019-06-13 22:53:47,503 DEBUG block.SCMBlockDeletingService (SCMBlockDeletingService.java:call(155)) - Scanned deleted blocks log and got 0 delTX to process.
2019-06-13 22:53:47,505 INFO  storage.RaftLogWorker (RaftLogWorker.java:execute(469)) - 85302df8-7a7f-4077-a053-c26dc3d3d65a-RaftLogWorker: created new log segment /opt/src/hadoop-ozone/integration-test/target/test-dir/MiniOzoneClusterImpl-550f9ca0-a6d9-4a4a-902f-f07ac81eac7b/datanode-0/data/ratis/5ad10fc2-5a33-4bdd-8958-4701aba8d7d0/current/log_inprogress_2733
2019-06-13 22:53:47,507 INFO  client.GrpcClientProtocolClient (GrpcClientProtocolClient.java:onNext(254)) - client-C82EA620EB9B->85302df8-7a7f-4077-a053-c26dc3d3d65a: receive RaftClientReply:client-C82EA620EB9B->85302df8-7a7f-4077-a053-c26dc3d3d65a@group-4701ABA8D7D0, cid=1584, SUCCESS, logIndex=2733, commits[85302df8-7a7f-4077-a053-c26dc3d3d65a:c2735]
2019-06-13 22:53:47,516 INFO  client.GrpcClientProtocolClient (GrpcClientProtocolClient.java:onNext(254)) - client-C82EA620EB9B->85302df8-7a7f-4077-a053-c26dc3d3d65a: receive RaftClientReply:client-C82EA620EB9B->85302df8-7a7f-4077-a053-c26dc3d3d65a@group-4701ABA8D7D0, cid=1585, SUCCESS, logIndex=2736, commits[85302df8-7a7f-4077-a053-c26dc3d3d65a:c2736]
2019-06-13 22:53:47,519 INFO  client.GrpcClientProtocolClient (GrpcClientProtocolClient.java:onNext(254)) - client-C82EA620EB9B->85302df8-7a7f-4077-a053-c26dc3d3d65a: receive RaftClientReply:client-C82EA620EB9B->85302df8-7a7f-4077-a053-c26dc3d3d65a@group-4701ABA8D7D0, cid=1586, SUCCESS, logIndex=2738, commits[85302df8-7a7f-4077-a053-c26dc3d3d65a:c2738]
2019-06-13 22:53:47,519 INFO  client.GrpcClientProtocolClient (GrpcClientProtocolClient.java:onNext(254)) - client-C82EA620EB9B->85302df8-7a7f-4077-a053-c26dc3d3d65a: receive RaftClientReply:client-C82EA620EB9B->85302df8-7a7f-4077-a053-c26dc3d3d65a@group-4701ABA8D7D0, cid=1587, SUCCESS, logIndex=2739, commits[85302df8-7a7f-4077-a053-c26dc3d3d65a:c2740]
2019-06-13 22:53:47,520 INFO  client.GrpcClientProtocolClient (GrpcClientProtocolClient.java:onNext(254)) - client-C82EA620EB9B->85302df8-7a7f-4077-a053-c26dc3d3d65a: receive RaftClientReply:client-C82EA620EB9B->85302df8-7a7f-4077-a053-c26dc3d3d65a@group-4701ABA8D7D0, cid=1588, SUCCESS, logIndex=2740, commits[85302df8-7a7f-4077-a053-c26dc3d3d65a:c2740]
2019-06-13 22:53:47,526 INFO  client.GrpcClientProtocolClient (GrpcClientProtocolClient.java:onNext(254)) - client-C82EA620EB9B->85302df8-7a7f-4077-a053-c26dc3d3d65a: receive RaftClientReply:client-C82EA620EB9B->85302df8-7a7f-4077-a053-c26dc3d3d65a@group-4701ABA8D7D0, cid=1589, SUCCESS, logIndex=2743, commits[85302df8-7a7f-4077-a053-c26dc3d3d65a:c2743]
2019-06-13 22:53:47,527 INFO  client.GrpcClientProtocolClient (GrpcClientProtocolClient.java:onNext(254)) - client-C82EA620EB9B->85302df8-7a7f-4077-a053-c26dc3d3d65a: receive RaftClientReply:client-C82EA620EB9B->85302df8-7a7f-4077-a053-c26dc3d3d65a@group-4701ABA8D7D0, cid=1590, SUCCESS, logIndex=2745, commits[85302df8-7a7f-4077-a053-c26dc3d3d65a:c2745]
2019-06-13 22:53:47,595 INFO  client.GrpcClientProtocolClient (GrpcClientProtocolClient.java:onNext(254)) - client-C82EA620EB9B->85302df8-7a7f-4077-a053-c26dc3d3d65a: receive RaftClientReply:client-C82EA620EB9B->85302df8-7a7f-4077-a053-c26dc3d3d65a@group-4701ABA8D7D0, cid=1591, SUCCESS, logIndex=2747, commits[85302df8-7a7f-4077-a053-c26dc3d3d65a:c2747]
2019-06-13 22:53:47,596 INFO  client.GrpcClientProtocolClient (GrpcClientProtocolClient.java:onNext(254)) - client-C82EA620EB9B->85302df8-7a7f-4077-a053-c26dc3d3d65a: receive RaftClientReply:client-C82EA620EB9B->85302df8-7a7f-4077-a053-c26dc3d3d65a@group-4701ABA8D7D0, cid=1592, SUCCESS, logIndex=2749, commits[85302df8-7a7f-4077-a053-c26dc3d3d65a:c2749]
2019-06-13 22:53:47,603 DEBUG block.SCMBlockDeletingService (SCMBlockDeletingService.java:call(138)) - Running DeletedBlockTransactionScanner
2019-06-13 22:53:47,603 DEBUG block.SCMBlockDeletingService (SCMBlockDeletingService.java:call(155)) - Scanned deleted blocks log and got 0 delTX to process.
2019-06-13 22:53:47,608 INFO  client.GrpcClientProtocolClient (GrpcClientProtocolClient.java:onNext(254)) - client-C82EA620EB9B->85302df8-7a7f-4077-a053-c26dc3d3d65a: receive RaftClientReply:client-C82EA620EB9B->85302df8-7a7f-4077-a053-c26dc3d3d65a@group-4701ABA8D7D0, cid=1593, SUCCESS, logIndex=2751, commits[85302df8-7a7f-4077-a053-c26dc3d3d65a:c2751]
2019-06-13 22:53:47,609 INFO  client.GrpcClientProtocolClient (GrpcClientProtocolClient.java:onNext(254)) - client-C82EA620EB9B->85302df8-7a7f-4077-a053-c26dc3d3d65a: receive RaftClientReply:client-C82EA620EB9B->85302df8-7a7f-4077-a053-c26dc3d3d65a@group-4701ABA8D7D0, cid=1594, SUCCESS, logIndex=2753, commits[85302df8-7a7f-4077-a053-c26dc3d3d65a:c2753]
2019-06-13 22:53:47,615 INFO  client.GrpcClientProtocolClient (GrpcClientProtocolClient.java:onNext(254)) - client-C82EA620EB9B->85302df8-7a7f-4077-a053-c26dc3d3d65a: receive RaftClientReply:client-C82EA620EB9B->85302df8-7a7f-4077-a053-c26dc3d3d65a@group-4701ABA8D7D0, cid=1595, SUCCESS, logIndex=2755, commits[85302df8-7a7f-4077-a053-c26dc3d3d65a:c2756]
2019-06-13 22:53:47,615 INFO  client.GrpcClientProtocolClient (GrpcClientProtocolClient.java:onNext(254)) - client-C82EA620EB9B->85302df8-7a7f-4077-a053-c26dc3d3d65a: receive RaftClientReply:client-C82EA620EB9B->85302df8-7a7f-4077-a053-c26dc3d3d65a@group-4701ABA8D7D0, cid=1596, SUCCESS, logIndex=2756, commits[85302df8-7a7f-4077-a053-c26dc3d3d65a:c2756]
2019-06-13 22:53:47,622 INFO  client.GrpcClientProtocolClient (GrpcClientProtocolClient.java:onNext(254)) - client-C82EA620EB9B->85302df8-7a7f-4077-a053-c26dc3d3d65a: receive RaftClientReply:client-C82EA620EB9B->85302df8-7a7f-4077-a053-c26dc3d3d65a@group-4701ABA8D7D0, cid=1597, SUCCESS, logIndex=2758, commits[85302df8-7a7f-4077-a053-c26dc3d3d65a:c2758]
2019-06-13 22:53:47,624 INFO  client.GrpcClientProtocolClient (GrpcClientProtocolClient.java:onNext(254)) - client-C82EA620EB9B->85302df8-7a7f-4077-a053-c26dc3d3d65a: receive RaftClientReply:client-C82EA620EB9B->85302df8-7a7f-4077-a053-c26dc3d3d65a@group-4701ABA8D7D0, cid=1598, SUCCESS, logIndex=2760, commits[85302df8-7a7f-4077-a053-c26dc3d3d65a:c2760]
2019-06-13 22:53:47,624 INFO  client.GrpcClientProtocolClient (GrpcClientProtocolClient.java:onNext(254)) - client-C82EA620EB9B->85302df8-7a7f-4077-a053-c26dc3d3d65a: receive RaftClientReply:client-C82EA620EB9B->85302df8-7a7f-4077-a053-c26dc3d3d65a@group-4701ABA8D7D0, cid=1599, SUCCESS, logIndex=2761, commits[85302df8-7a7f-4077-a053-c26dc3d3d65a:c2763]
2019-06-13 22:53:47,625 INFO  client.GrpcClientProtocolClient (GrpcClientProtocolClient.java:onNext(254)) - client-C82EA620EB9B->85302df8-7a7f-4077-a053-c26dc3d3d65a: receive RaftClientReply:client-C82EA620EB9B->85302df8-7a7f-4077-a053-c26dc3d3d65a@group-4701ABA8D7D0, cid=1600, SUCCESS, logIndex=2762, commits[85302df8-7a7f-4077-a053-c26dc3d3d65a:c2763]
2019-06-13 22:53:47,635 INFO  client.GrpcClientProtocolClient (GrpcClientProtocolClient.java:onNext(254)) - client-C82EA620EB9B->85302df8-7a7f-4077-a053-c26dc3d3d65a: receive RaftClientReply:client-C82EA620EB9B->85302df8-7a7f-4077-a053-c26dc3d3d65a@group-4701ABA8D7D0, cid=1601, SUCCESS, logIndex=2764, commits[85302df8-7a7f-4077-a053-c26dc3d3d65a:c2764]
2019-06-13 22:53:47,637 INFO  client.GrpcClientProtocolClient (GrpcClientProtocolClient.java:onNext(254)) - client-C82EA620EB9B->85302df8-7a7f-4077-a053-c26dc3d3d65a: receive RaftClientReply:client-C82EA620EB9B->85302df8-7a7f-4077-a053-c26dc3d3d65a@group-4701ABA8D7D0, cid=1602, SUCCESS, logIndex=2766, commits[85302df8-7a7f-4077-a053-c26dc3d3d65a:c2766]
2019-06-13 22:53:47,637 INFO  client.GrpcClientProtocolClient (GrpcClientProtocolClient.java:onNext(254)) - client-C82EA620EB9B->85302df8-7a7f-4077-a053-c26dc3d3d65a: receive RaftClientReply:client-C82EA620EB9B->85302df8-7a7f-4077-a053-c26dc3d3d65a@group-4701ABA8D7D0, cid=1603, SUCCESS, logIndex=2767, commits[85302df8-7a7f-4077-a053-c26dc3d3d65a:c2769]
2019-06-13 22:53:47,638 INFO  client.GrpcClientProtocolClient (GrpcClientProtocolClient.java:onNext(254)) - client-C82EA620EB9B->85302df8-7a7f-4077-a053-c26dc3d3d65a: receive RaftClientReply:client-C82EA620EB9B->85302df8-7a7f-4077-a053-c26dc3d3d65a@group-4701ABA8D7D0, cid=1604, SUCCESS, logIndex=2768, commits[85302df8-7a7f-4077-a053-c26dc3d3d65a:c2769]
2019-06-13 22:53:47,643 INFO  client.GrpcClientProtocolClient (GrpcClientProtocolClient.java:onNext(254)) - client-C82EA620EB9B->85302df8-7a7f-4077-a053-c26dc3d3d65a: receive RaftClientReply:client-C82EA620EB9B->85302df8-7a7f-4077-a053-c26dc3d3d65a@group-4701ABA8D7D0, cid=1605, SUCCESS, logIndex=2770, commits[85302df8-7a7f-4077-a053-c26dc3d3d65a:c2770]
2019-06-13 22:53:47,644 INFO  client.GrpcClientProtocolClient (GrpcClientProtocolClient.java:onNext(254)) - client-C82EA620EB9B->85302df8-7a7f-4077-a053-c26dc3d3d65a: receive RaftClientReply:client-C82EA620EB9B->85302df8-7a7f-4077-a053-c26dc3d3d65a@group-4701ABA8D7D0, cid=1606, SUCCESS, logIndex=2772, commits[85302df8-7a7f-4077-a053-c26dc3d3d65a:c2772]
2019-06-13 22:53:47,646 INFO  client.GrpcClientProtocolClient (GrpcClientProtocolClient.java:onNext(254)) - client-C82EA620EB9B->85302df8-7a7f-4077-a053-c26dc3d3d65a: receive RaftClientReply:client-C82EA620EB9B->85302df8-7a7f-4077-a053-c26dc3d3d65a@group-4701ABA8D7D0, cid=1607, SUCCESS, logIndex=2773, commits[85302df8-7a7f-4077-a053-c26dc3d3d65a:c2775]
2019-06-13 22:53:47,646 INFO  client.GrpcClientProtocolClient (GrpcClientProtocolClient.java:onNext(254)) - client-C82EA620EB9B->85302df8-7a7f-4077-a053-c26dc3d3d65a: receive RaftClientReply:client-C82EA620EB9B->85302df8-7a7f-4077-a053-c26dc3d3d65a@group-4701ABA8D7D0, cid=1608, SUCCESS, logIndex=2774, commits[85302df8-7a7f-4077-a053-c26dc3d3d65a:c2775]
2019-06-13 22:53:47,655 INFO  client.GrpcClientProtocolClient (GrpcClientProtocolClient.java:onNext(254)) - client-C82EA620EB9B->85302df8-7a7f-4077-a053-c26dc3d3d65a: receive RaftClientReply:client-C82EA620EB9B->85302df8-7a7f-4077-a053-c26dc3d3d65a@group-4701ABA8D7D0, cid=1609, SUCCESS, logIndex=2776, commits[85302df8-7a7f-4077-a053-c26dc3d3d65a:c2776]
2019-06-13 22:53:47,657 INFO  client.GrpcClientProtocolClient (GrpcClientProtocolClient.java:onNext(254)) - client-C82EA620EB9B->85302df8-7a7f-4077-a053-c26dc3d3d65a: receive RaftClientReply:client-C82EA620EB9B->85302df8-7a7f-4077-a053-c26dc3d3d65a@group-4701ABA8D7D0, cid=1610, SUCCESS, logIndex=2778, commits[85302df8-7a7f-4077-a053-c26dc3d3d65a:c2778]
2019-06-13 22:53:47,657 INFO  client.GrpcClientProtocolClient (GrpcClientProtocolClient.java:onNext(254)) - client-C82EA620EB9B->85302df8-7a7f-4077-a053-c26dc3d3d65a: receive RaftClientReply:client-C82EA620EB9B->85302df8-7a7f-4077-a053-c26dc3d3d65a@group-4701ABA8D7D0, cid=1611, SUCCESS, logIndex=2779, commits[85302df8-7a7f-4077-a053-c26dc3d3d65a:c2780]
2019-06-13 22:53:47,658 INFO  client.GrpcClientProtocolClient (GrpcClientProtocolClient.java:onNext(254)) - client-C82EA620EB9B->85302df8-7a7f-4077-a053-c26dc3d3d65a: receive RaftClientReply:client-C82EA620EB9B->85302df8-7a7f-4077-a053-c26dc3d3d65a@group-4701ABA8D7D0, cid=1612, SUCCESS, logIndex=2780, commits[85302df8-7a7f-4077-a053-c26dc3d3d65a:c2780]
2019-06-13 22:53:47,663 INFO  client.GrpcClientProtocolClient (GrpcClientProtocolClient.java:onNext(254)) - client-C82EA620EB9B->85302df8-7a7f-4077-a053-c26dc3d3d65a: receive RaftClientReply:client-C82EA620EB9B->85302df8-7a7f-4077-a053-c26dc3d3d65a@group-4701ABA8D7D0, cid=1613, SUCCESS, logIndex=2783, commits[85302df8-7a7f-4077-a053-c26dc3d3d65a:c2783]
2019-06-13 22:53:47,664 INFO  client.GrpcClientProtocolClient (GrpcClientProtocolClient.java:onNext(254)) - client-C82EA620EB9B->85302df8-7a7f-4077-a053-c26dc3d3d65a: receive RaftClientReply:client-C82EA620EB9B->85302df8-7a7f-4077-a053-c26dc3d3d65a@group-4701ABA8D7D0, cid=1614, SUCCESS, logIndex=2785, commits[85302df8-7a7f-4077-a053-c26dc3d3d65a:c2785]
2019-06-13 22:53:47,666 INFO  client.GrpcClientProtocolClient (GrpcClientProtocolClient.java:onNext(254)) - client-C82EA620EB9B->85302df8-7a7f-4077-a053-c26dc3d3d65a: receive RaftClientReply:client-C82EA620EB9B->85302df8-7a7f-4077-a053-c26dc3d3d65a@group-4701ABA8D7D0, cid=1615, SUCCESS, logIndex=2786, commits[85302df8-7a7f-4077-a053-c26dc3d3d65a:c2788]
2019-06-13 22:53:47,666 INFO  client.GrpcClientProtocolClient (GrpcClientProtocolClient.java:onNext(254)) - client-C82EA620EB9B->85302df8-7a7f-4077-a053-c26dc3d3d65a: receive RaftClientReply:client-C82EA620EB9B->85302df8-7a7f-4077-a053-c26dc3d3d65a@group-4701ABA8D7D0, cid=1616, SUCCESS, logIndex=2787, commits[85302df8-7a7f-4077-a053-c26dc3d3d65a:c2788]
2019-06-13 22:53:47,675 INFO  client.GrpcClientProtocolClient (GrpcClientProtocolClient.java:onNext(254)) - client-C82EA620EB9B->85302df8-7a7f-4077-a053-c26dc3d3d65a: receive RaftClientReply:client-C82EA620EB9B->85302df8-7a7f-4077-a053-c26dc3d3d65a@group-4701ABA8D7D0, cid=1617, SUCCESS, logIndex=2789, commits[85302df8-7a7f-4077-a053-c26dc3d3d65a:c2789]
2019-06-13 22:53:47,676 INFO  client.GrpcClientProtocolClient (GrpcClientProtocolClient.java:onNext(254)) - client-C82EA620EB9B->85302df8-7a7f-4077-a053-c26dc3d3d65a: receive RaftClientReply:client-C82EA620EB9B->85302df8-7a7f-4077-a053-c26dc3d3d65a@group-4701ABA8D7D0, cid=1618, SUCCESS, logIndex=2791, commits[85302df8-7a7f-4077-a053-c26dc3d3d65a:c2791]
2019-06-13 22:53:47,677 INFO  client.GrpcClientProtocolClient (GrpcClientProtocolClient.java:onNext(254)) - client-C82EA620EB9B->85302df8-7a7f-4077-a053-c26dc3d3d65a: receive RaftClientReply:client-C82EA620EB9B->85302df8-7a7f-4077-a053-c26dc3d3d65a@group-4701ABA8D7D0, cid=1619, SUCCESS, logIndex=2792, commits[85302df8-7a7f-4077-a053-c26dc3d3d65a:c2794]
2019-06-13 22:53:47,677 INFO  client.GrpcClientProtocolClient (GrpcClientProtocolClient.java:onNext(254)) - client-C82EA620EB9B->85302df8-7a7f-4077-a053-c26dc3d3d65a: receive RaftClientReply:client-C82EA620EB9B->85302df8-7a7f-4077-a053-c26dc3d3d65a@group-4701ABA8D7D0, cid=1620, SUCCESS, logIndex=2793, commits[85302df8-7a7f-4077-a053-c26dc3d3d65a:c2794]
2019-06-13 22:53:47,687 INFO  client.GrpcClientProtocolClient (GrpcClientProtocolClient.java:onNext(254)) - client-C82EA620EB9B->85302df8-7a7f-4077-a053-c26dc3d3d65a: receive RaftClientReply:client-C82EA620EB9B->85302df8-7a7f-4077-a053-c26dc3d3d65a@group-4701ABA8D7D0, cid=1621, SUCCESS, logIndex=2795, commits[85302df8-7a7f-4077-a053-c26dc3d3d65a:c2795]
2019-06-13 22:53:47,690 INFO  client.GrpcClientProtocolClient (GrpcClientProtocolClient.java:onNext(254)) - client-C82EA620EB9B->85302df8-7a7f-4077-a053-c26dc3d3d65a: receive RaftClientReply:client-C82EA620EB9B->85302df8-7a7f-4077-a053-c26dc3d3d65a@group-4701ABA8D7D0, cid=1622, SUCCESS, logIndex=2797, commits[85302df8-7a7f-4077-a053-c26dc3d3d65a:c2797]
2019-06-13 22:53:47,690 INFO  client.GrpcClientProtocolClient (GrpcClientProtocolClient.java:onNext(254)) - client-C82EA620EB9B->85302df8-7a7f-4077-a053-c26dc3d3d65a: receive RaftClientReply:client-C82EA620EB9B->85302df8-7a7f-4077-a053-c26dc3d3d65a@group-4701ABA8D7D0, cid=1623, SUCCESS, logIndex=2798, commits[85302df8-7a7f-4077-a053-c26dc3d3d65a:c2798]
2019-06-13 22:53:47,698 INFO  client.GrpcClientProtocolClient (GrpcClientProtocolClient.java:onNext(254)) - client-C82EA620EB9B->85302df8-7a7f-4077-a053-c26dc3d3d65a: receive RaftClientReply:client-C82EA620EB9B->85302df8-7a7f-4077-a053-c26dc3d3d65a@group-4701ABA8D7D0, cid=1624, SUCCESS, logIndex=2800, commits[85302df8-7a7f-4077-a053-c26dc3d3d65a:c2802]
2019-06-13 22:53:47,703 DEBUG block.SCMBlockDeletingService (SCMBlockDeletingService.java:call(138)) - Running DeletedBlockTransactionScanner
2019-06-13 22:53:47,704 DEBUG block.SCMBlockDeletingService (SCMBlockDeletingService.java:call(155)) - Scanned deleted blocks log and got 0 delTX to process.
2019-06-13 22:53:47,929 DEBUG block.SCMBlockDeletingService (SCMBlockDeletingService.java:call(138)) - Running DeletedBlockTransactionScanner
2019-06-13 22:53:47,929 INFO  client.GrpcClientProtocolClient (GrpcClientProtocolClient.java:onNext(254)) - client-C82EA620EB9B->85302df8-7a7f-4077-a053-c26dc3d3d65a: receive RaftClientReply:client-C82EA620EB9B->85302df8-7a7f-4077-a053-c26dc3d3d65a@group-4701ABA8D7D0, cid=1625, SUCCESS, logIndex=2803, commits[85302df8-7a7f-4077-a053-c26dc3d3d65a:c2804]
2019-06-13 22:53:47,929 DEBUG block.SCMBlockDeletingService (SCMBlockDeletingService.java:call(155)) - Scanned deleted blocks log and got 0 delTX to process.
2019-06-13 22:53:47,931 INFO  storage.RaftLogWorker (RaftLogWorker.java:rollLogSegment(303)) - 85302df8-7a7f-4077-a053-c26dc3d3d65a-RaftLogWorker: Rolling segment log-2733_2805 to index:2805
2019-06-13 22:53:47,931 INFO  storage.RaftLogWorker (RaftLogWorker.java:execute(433)) - 85302df8-7a7f-4077-a053-c26dc3d3d65a-RaftLogWorker: Rolled log segment from /opt/src/hadoop-ozone/integration-test/target/test-dir/MiniOzoneClusterImpl-550f9ca0-a6d9-4a4a-902f-f07ac81eac7b/datanode-0/data/ratis/5ad10fc2-5a33-4bdd-8958-4701aba8d7d0/current/log_inprogress_2733 to /opt/src/hadoop-ozone/integration-test/target/test-dir/MiniOzoneClusterImpl-550f9ca0-a6d9-4a4a-902f-f07ac81eac7b/datanode-0/data/ratis/5ad10fc2-5a33-4bdd-8958-4701aba8d7d0/current/log_2733-2805
2019-06-13 22:53:47,938 INFO  client.GrpcClientProtocolClient (GrpcClientProtocolClient.java:onNext(254)) - client-C82EA620EB9B->85302df8-7a7f-4077-a053-c26dc3d3d65a: receive RaftClientReply:client-C82EA620EB9B->85302df8-7a7f-4077-a053-c26dc3d3d65a@group-4701ABA8D7D0, cid=1626, SUCCESS, logIndex=2805, commits[85302df8-7a7f-4077-a053-c26dc3d3d65a:c2805]
2019-06-13 22:53:47,972 INFO  storage.RaftLogWorker (RaftLogWorker.java:execute(469)) - 85302df8-7a7f-4077-a053-c26dc3d3d65a-RaftLogWorker: created new log segment /opt/src/hadoop-ozone/integration-test/target/test-dir/MiniOzoneClusterImpl-550f9ca0-a6d9-4a4a-902f-f07ac81eac7b/datanode-0/data/ratis/5ad10fc2-5a33-4bdd-8958-4701aba8d7d0/current/log_inprogress_2806
2019-06-13 22:53:47,975 INFO  client.GrpcClientProtocolClient (GrpcClientProtocolClient.java:onNext(254)) - client-C82EA620EB9B->85302df8-7a7f-4077-a053-c26dc3d3d65a: receive RaftClientReply:client-C82EA620EB9B->85302df8-7a7f-4077-a053-c26dc3d3d65a@group-4701ABA8D7D0, cid=1627, SUCCESS, logIndex=2806, commits[85302df8-7a7f-4077-a053-c26dc3d3d65a:c2808]
2019-06-13 22:53:47,975 INFO  client.GrpcClientProtocolClient (GrpcClientProtocolClient.java:onNext(254)) - client-C82EA620EB9B->85302df8-7a7f-4077-a053-c26dc3d3d65a: receive RaftClientReply:client-C82EA620EB9B->85302df8-7a7f-4077-a053-c26dc3d3d65a@group-4701ABA8D7D0, cid=1628, SUCCESS, logIndex=2807, commits[85302df8-7a7f-4077-a053-c26dc3d3d65a:c2808]
2019-06-13 22:53:47,982 INFO  client.GrpcClientProtocolClient (GrpcClientProtocolClient.java:onNext(254)) - client-C82EA620EB9B->85302df8-7a7f-4077-a053-c26dc3d3d65a: receive RaftClientReply:client-C82EA620EB9B->85302df8-7a7f-4077-a053-c26dc3d3d65a@group-4701ABA8D7D0, cid=1629, SUCCESS, logIndex=2809, commits[85302df8-7a7f-4077-a053-c26dc3d3d65a:c2809]
2019-06-13 22:53:47,983 INFO  client.GrpcClientProtocolClient (GrpcClientProtocolClient.java:onNext(254)) - client-C82EA620EB9B->85302df8-7a7f-4077-a053-c26dc3d3d65a: receive RaftClientReply:client-C82EA620EB9B->85302df8-7a7f-4077-a053-c26dc3d3d65a@group-4701ABA8D7D0, cid=1630, SUCCESS, logIndex=2811, commits[85302df8-7a7f-4077-a053-c26dc3d3d65a:c2811]
2019-06-13 22:53:47,984 INFO  client.GrpcClientProtocolClient (GrpcClientProtocolClient.java:onNext(254)) - client-C82EA620EB9B->85302df8-7a7f-4077-a053-c26dc3d3d65a: receive RaftClientReply:client-C82EA620EB9B->85302df8-7a7f-4077-a053-c26dc3d3d65a@group-4701ABA8D7D0, cid=1631, SUCCESS, logIndex=2812, commits[85302df8-7a7f-4077-a053-c26dc3d3d65a:c2814]
2019-06-13 22:53:47,984 INFO  client.GrpcClientProtocolClient (GrpcClientProtocolClient.java:onNext(254)) - client-C82EA620EB9B->85302df8-7a7f-4077-a053-c26dc3d3d65a: receive RaftClientReply:client-C82EA620EB9B->85302df8-7a7f-4077-a053-c26dc3d3d65a@group-4701ABA8D7D0, cid=1632, SUCCESS, logIndex=2813, commits[85302df8-7a7f-4077-a053-c26dc3d3d65a:c2814]
2019-06-13 22:53:47,994 INFO  client.GrpcClientProtocolClient (GrpcClientProtocolClient.java:onNext(254)) - client-C82EA620EB9B->85302df8-7a7f-4077-a053-c26dc3d3d65a: receive RaftClientReply:client-C82EA620EB9B->85302df8-7a7f-4077-a053-c26dc3d3d65a@group-4701ABA8D7D0, cid=1633, SUCCESS, logIndex=2815, commits[85302df8-7a7f-4077-a053-c26dc3d3d65a:c2815]
2019-06-13 22:53:47,996 INFO  client.GrpcClientProtocolClient (GrpcClientProtocolClient.java:onNext(254)) - client-C82EA620EB9B->85302df8-7a7f-4077-a053-c26dc3d3d65a: receive RaftClientReply:client-C82EA620EB9B->85302df8-7a7f-4077-a053-c26dc3d3d65a@group-4701ABA8D7D0, cid=1634, SUCCESS, logIndex=2817, commits[85302df8-7a7f-4077-a053-c26dc3d3d65a:c2817]
2019-06-13 22:53:48,030 DEBUG block.SCMBlockDeletingService (SCMBlockDeletingService.java:call(138)) - Running DeletedBlockTransactionScanner
2019-06-13 22:53:48,030 DEBUG block.SCMBlockDeletingService (SCMBlockDeletingService.java:call(155)) - Scanned deleted blocks log and got 0 delTX to process.
2019-06-13 22:53:48,063 INFO  client.GrpcClientProtocolClient (GrpcClientProtocolClient.java:onNext(254)) - client-C82EA620EB9B->85302df8-7a7f-4077-a053-c26dc3d3d65a: receive RaftClientReply:client-C82EA620EB9B->85302df8-7a7f-4077-a053-c26dc3d3d65a@group-4701ABA8D7D0, cid=1635, SUCCESS, logIndex=2819, commits[85302df8-7a7f-4077-a053-c26dc3d3d65a:c2819]
2019-06-13 22:53:48,065 INFO  client.GrpcClientProtocolClient (GrpcClientProtocolClient.java:onNext(254)) - client-C82EA620EB9B->85302df8-7a7f-4077-a053-c26dc3d3d65a: receive RaftClientReply:client-C82EA620EB9B->85302df8-7a7f-4077-a053-c26dc3d3d65a@group-4701ABA8D7D0, cid=1636, SUCCESS, logIndex=2821, commits[85302df8-7a7f-4077-a053-c26dc3d3d65a:c2821]
2019-06-13 22:53:48,070 INFO  client.GrpcClientProtocolClient (GrpcClientProtocolClient.java:onNext(254)) - client-C82EA620EB9B->85302df8-7a7f-4077-a053-c26dc3d3d65a: receive RaftClientReply:client-C82EA620EB9B->85302df8-7a7f-4077-a053-c26dc3d3d65a@group-4701ABA8D7D0, cid=1637, SUCCESS, logIndex=2823, commits[85302df8-7a7f-4077-a053-c26dc3d3d65a:c2823]
2019-06-13 22:53:48,072 INFO  client.GrpcClientProtocolClient (GrpcClientProtocolClient.java:onNext(254)) - client-C82EA620EB9B->85302df8-7a7f-4077-a053-c26dc3d3d65a: receive RaftClientReply:client-C82EA620EB9B->85302df8-7a7f-4077-a053-c26dc3d3d65a@group-4701ABA8D7D0, cid=1638, SUCCESS, logIndex=2825, commits[85302df8-7a7f-4077-a053-c26dc3d3d65a:c2825]
2019-06-13 22:53:48,073 INFO  client.GrpcClientProtocolClient (GrpcClientProtocolClient.java:onNext(254)) - client-C82EA620EB9B->85302df8-7a7f-4077-a053-c26dc3d3d65a: receive RaftClientReply:client-C82EA620EB9B->85302df8-7a7f-4077-a053-c26dc3d3d65a@group-4701ABA8D7D0, cid=1639, SUCCESS, logIndex=2826, commits[85302df8-7a7f-4077-a053-c26dc3d3d65a:c2828]
2019-06-13 22:53:48,074 INFO  client.GrpcClientProtocolClient (GrpcClientProtocolClient.java:onNext(254)) - client-C82EA620EB9B->85302df8-7a7f-4077-a053-c26dc3d3d65a: receive RaftClientReply:client-C82EA620EB9B->85302df8-7a7f-4077-a053-c26dc3d3d65a@group-4701ABA8D7D0, cid=1640, SUCCESS, logIndex=2827, commits[85302df8-7a7f-4077-a053-c26dc3d3d65a:c2828]
2019-06-13 22:53:48,086 INFO  client.GrpcClientProtocolClient (GrpcClientProtocolClient.java:onNext(254)) - client-C82EA620EB9B->85302df8-7a7f-4077-a053-c26dc3d3d65a: receive RaftClientReply:client-C82EA620EB9B->85302df8-7a7f-4077-a053-c26dc3d3d65a@group-4701ABA8D7D0, cid=1641, SUCCESS, logIndex=2829, commits[85302df8-7a7f-4077-a053-c26dc3d3d65a:c2829]
2019-06-13 22:53:48,087 INFO  client.GrpcClientProtocolClient (GrpcClientProtocolClient.java:onNext(254)) - client-C82EA620EB9B->85302df8-7a7f-4077-a053-c26dc3d3d65a: receive RaftClientReply:client-C82EA620EB9B->85302df8-7a7f-4077-a053-c26dc3d3d65a@group-4701ABA8D7D0, cid=1642, SUCCESS, logIndex=2831, commits[85302df8-7a7f-4077-a053-c26dc3d3d65a:c2831]
2019-06-13 22:53:48,090 INFO  client.GrpcClientProtocolClient (GrpcClientProtocolClient.java:onNext(254)) - client-C82EA620EB9B->85302df8-7a7f-4077-a053-c26dc3d3d65a: receive RaftClientReply:client-C82EA620EB9B->85302df8-7a7f-4077-a053-c26dc3d3d65a@group-4701ABA8D7D0, cid=1643, SUCCESS, logIndex=2832, commits[85302df8-7a7f-4077-a053-c26dc3d3d65a:c2834]
2019-06-13 22:53:48,094 INFO  client.GrpcClientProtocolClient (GrpcClientProtocolClient.java:onNext(254)) - client-C82EA620EB9B->85302df8-7a7f-4077-a053-c26dc3d3d65a: receive RaftClientReply:client-C82EA620EB9B->85302df8-7a7f-4077-a053-c26dc3d3d65a@group-4701ABA8D7D0, cid=1644, SUCCESS, logIndex=2833, commits[85302df8-7a7f-4077-a053-c26dc3d3d65a:c2834]
2019-06-13 22:53:48,100 INFO  client.GrpcClientProtocolClient (GrpcClientProtocolClient.java:onNext(254)) - client-C82EA620EB9B->85302df8-7a7f-4077-a053-c26dc3d3d65a: receive RaftClientReply:client-C82EA620EB9B->85302df8-7a7f-4077-a053-c26dc3d3d65a@group-4701ABA8D7D0, cid=1645, SUCCESS, logIndex=2835, commits[85302df8-7a7f-4077-a053-c26dc3d3d65a:c2835]
2019-06-13 22:53:48,102 INFO  client.GrpcClientProtocolClient (GrpcClientProtocolClient.java:onNext(254)) - client-C82EA620EB9B->85302df8-7a7f-4077-a053-c26dc3d3d65a: receive RaftClientReply:client-C82EA620EB9B->85302df8-7a7f-4077-a053-c26dc3d3d65a@group-4701ABA8D7D0, cid=1646, SUCCESS, logIndex=2837, commits[85302df8-7a7f-4077-a053-c26dc3d3d65a:c2837]
2019-06-13 22:53:48,103 INFO  client.GrpcClientProtocolClient (GrpcClientProtocolClient.java:onNext(254)) - client-C82EA620EB9B->85302df8-7a7f-4077-a053-c26dc3d3d65a: receive RaftClientReply:client-C82EA620EB9B->85302df8-7a7f-4077-a053-c26dc3d3d65a@group-4701ABA8D7D0, cid=1647, SUCCESS, logIndex=2838, commits[85302df8-7a7f-4077-a053-c26dc3d3d65a:c2840]
2019-06-13 22:53:48,103 INFO  client.GrpcClientProtocolClient (GrpcClientProtocolClient.java:onNext(254)) - client-C82EA620EB9B->85302df8-7a7f-4077-a053-c26dc3d3d65a: receive RaftClientReply:client-C82EA620EB9B->85302df8-7a7f-4077-a053-c26dc3d3d65a@group-4701ABA8D7D0, cid=1648, SUCCESS, logIndex=2839, commits[85302df8-7a7f-4077-a053-c26dc3d3d65a:c2840]
2019-06-13 22:53:48,113 INFO  client.GrpcClientProtocolClient (GrpcClientProtocolClient.java:onNext(254)) - client-C82EA620EB9B->85302df8-7a7f-4077-a053-c26dc3d3d65a: receive RaftClientReply:client-C82EA620EB9B->85302df8-7a7f-4077-a053-c26dc3d3d65a@group-4701ABA8D7D0, cid=1649, SUCCESS, logIndex=2841, commits[85302df8-7a7f-4077-a053-c26dc3d3d65a:c2841]
2019-06-13 22:53:48,115 INFO  client.GrpcClientProtocolClient (GrpcClientProtocolClient.java:onNext(254)) - client-C82EA620EB9B->85302df8-7a7f-4077-a053-c26dc3d3d65a: receive RaftClientReply:client-C82EA620EB9B->85302df8-7a7f-4077-a053-c26dc3d3d65a@group-4701ABA8D7D0, cid=1650, SUCCESS, logIndex=2843, commits[85302df8-7a7f-4077-a053-c26dc3d3d65a:c2843]
2019-06-13 22:53:48,116 INFO  client.GrpcClientProtocolClient (GrpcClientProtocolClient.java:onNext(254)) - client-C82EA620EB9B->85302df8-7a7f-4077-a053-c26dc3d3d65a: receive RaftClientReply:client-C82EA620EB9B->85302df8-7a7f-4077-a053-c26dc3d3d65a@group-4701ABA8D7D0, cid=1651, SUCCESS, logIndex=2844, commits[85302df8-7a7f-4077-a053-c26dc3d3d65a:c2846]
2019-06-13 22:53:48,116 INFO  client.GrpcClientProtocolClient (GrpcClientProtocolClient.java:onNext(254)) - client-C82EA620EB9B->85302df8-7a7f-4077-a053-c26dc3d3d65a: receive RaftClientReply:client-C82EA620EB9B->85302df8-7a7f-4077-a053-c26dc3d3d65a@group-4701ABA8D7D0, cid=1652, SUCCESS, logIndex=2845, commits[85302df8-7a7f-4077-a053-c26dc3d3d65a:c2846]
2019-06-13 22:53:48,122 INFO  client.GrpcClientProtocolClient (GrpcClientProtocolClient.java:onNext(254)) - client-C82EA620EB9B->85302df8-7a7f-4077-a053-c26dc3d3d65a: receive RaftClientReply:client-C82EA620EB9B->85302df8-7a7f-4077-a053-c26dc3d3d65a@group-4701ABA8D7D0, cid=1653, SUCCESS, logIndex=2847, commits[85302df8-7a7f-4077-a053-c26dc3d3d65a:c2847]
2019-06-13 22:53:48,123 INFO  client.GrpcClientProtocolClient (GrpcClientProtocolClient.java:onNext(254)) - client-C82EA620EB9B->85302df8-7a7f-4077-a053-c26dc3d3d65a: receive RaftClientReply:client-C82EA620EB9B->85302df8-7a7f-4077-a053-c26dc3d3d65a@group-4701ABA8D7D0, cid=1654, SUCCESS, logIndex=2849, commits[85302df8-7a7f-4077-a053-c26dc3d3d65a:c2849]
2019-06-13 22:53:48,125 INFO  client.GrpcClientProtocolClient (GrpcClientProtocolClient.java:onNext(254)) - client-C82EA620EB9B->85302df8-7a7f-4077-a053-c26dc3d3d65a: receive RaftClientReply:client-C82EA620EB9B->85302df8-7a7f-4077-a053-c26dc3d3d65a@group-4701ABA8D7D0, cid=1655, SUCCESS, logIndex=2850, commits[85302df8-7a7f-4077-a053-c26dc3d3d65a:c2852]
2019-06-13 22:53:48,125 INFO  client.GrpcClientProtocolClient (GrpcClientProtocolClient.java:onNext(254)) - client-C82EA620EB9B->85302df8-7a7f-4077-a053-c26dc3d3d65a: receive RaftClientReply:client-C82EA620EB9B->85302df8-7a7f-4077-a053-c26dc3d3d65a@group-4701ABA8D7D0, cid=1656, SUCCESS, logIndex=2851, commits[85302df8-7a7f-4077-a053-c26dc3d3d65a:c2852]
2019-06-13 22:53:48,130 DEBUG block.SCMBlockDeletingService (SCMBlockDeletingService.java:call(138)) - Running DeletedBlockTransactionScanner
2019-06-13 22:53:48,130 DEBUG block.SCMBlockDeletingService (SCMBlockDeletingService.java:call(155)) - Scanned deleted blocks log and got 0 delTX to process.
2019-06-13 22:53:48,137 INFO  client.GrpcClientProtocolClient (GrpcClientProtocolClient.java:onNext(254)) - client-C82EA620EB9B->85302df8-7a7f-4077-a053-c26dc3d3d65a: receive RaftClientReply:client-C82EA620EB9B->85302df8-7a7f-4077-a053-c26dc3d3d65a@group-4701ABA8D7D0, cid=1657, SUCCESS, logIndex=2853, commits[85302df8-7a7f-4077-a053-c26dc3d3d65a:c2853]
2019-06-13 22:53:48,138 INFO  client.GrpcClientProtocolClient (GrpcClientProtocolClient.java:onNext(254)) - client-C82EA620EB9B->85302df8-7a7f-4077-a053-c26dc3d3d65a: receive RaftClientReply:client-C82EA620EB9B->85302df8-7a7f-4077-a053-c26dc3d3d65a@group-4701ABA8D7D0, cid=1658, SUCCESS, logIndex=2855, commits[85302df8-7a7f-4077-a053-c26dc3d3d65a:c2855]
2019-06-13 22:53:48,139 INFO  client.GrpcClientProtocolClient (GrpcClientProtocolClient.java:onNext(254)) - client-C82EA620EB9B->85302df8-7a7f-4077-a053-c26dc3d3d65a: receive RaftClientReply:client-C82EA620EB9B->85302df8-7a7f-4077-a053-c26dc3d3d65a@group-4701ABA8D7D0, cid=1659, SUCCESS, logIndex=2856, commits[85302df8-7a7f-4077-a053-c26dc3d3d65a:c2858]
2019-06-13 22:53:48,140 INFO  client.GrpcClientProtocolClient (GrpcClientProtocolClient.java:onNext(254)) - client-C82EA620EB9B->85302df8-7a7f-4077-a053-c26dc3d3d65a: receive RaftClientReply:client-C82EA620EB9B->85302df8-7a7f-4077-a053-c26dc3d3d65a@group-4701ABA8D7D0, cid=1660, SUCCESS, logIndex=2857, commits[85302df8-7a7f-4077-a053-c26dc3d3d65a:c2858]
2019-06-13 22:53:48,145 INFO  client.GrpcClientProtocolClient (GrpcClientProtocolClient.java:onNext(254)) - client-C82EA620EB9B->85302df8-7a7f-4077-a053-c26dc3d3d65a: receive RaftClientReply:client-C82EA620EB9B->85302df8-7a7f-4077-a053-c26dc3d3d65a@group-4701ABA8D7D0, cid=1661, SUCCESS, logIndex=2859, commits[85302df8-7a7f-4077-a053-c26dc3d3d65a:c2859]
2019-06-13 22:53:48,153 INFO  client.GrpcClientProtocolClient (GrpcClientProtocolClient.java:onNext(254)) - client-C82EA620EB9B->85302df8-7a7f-4077-a053-c26dc3d3d65a: receive RaftClientReply:client-C82EA620EB9B->85302df8-7a7f-4077-a053-c26dc3d3d65a@group-4701ABA8D7D0, cid=1662, SUCCESS, logIndex=2861, commits[85302df8-7a7f-4077-a053-c26dc3d3d65a:c2861]
2019-06-13 22:53:48,153 INFO  client.GrpcClientProtocolClient (GrpcClientProtocolClient.java:onNext(254)) - client-C82EA620EB9B->85302df8-7a7f-4077-a053-c26dc3d3d65a: receive RaftClientReply:client-C82EA620EB9B->85302df8-7a7f-4077-a053-c26dc3d3d65a@group-4701ABA8D7D0, cid=1663, SUCCESS, logIndex=2862, commits[85302df8-7a7f-4077-a053-c26dc3d3d65a:c2863]
2019-06-13 22:53:48,154 INFO  client.GrpcClientProtocolClient (GrpcClientProtocolClient.java:onNext(254)) - client-C82EA620EB9B->85302df8-7a7f-4077-a053-c26dc3d3d65a: receive RaftClientReply:client-C82EA620EB9B->85302df8-7a7f-4077-a053-c26dc3d3d65a@group-4701ABA8D7D0, cid=1664, SUCCESS, logIndex=2863, commits[85302df8-7a7f-4077-a053-c26dc3d3d65a:c2864]
2019-06-13 22:53:48,166 INFO  client.GrpcClientProtocolClient (GrpcClientProtocolClient.java:onNext(254)) - client-C82EA620EB9B->85302df8-7a7f-4077-a053-c26dc3d3d65a: receive RaftClientReply:client-C82EA620EB9B->85302df8-7a7f-4077-a053-c26dc3d3d65a@group-4701ABA8D7D0, cid=1665, SUCCESS, logIndex=2866, commits[85302df8-7a7f-4077-a053-c26dc3d3d65a:c2866]
2019-06-13 22:53:48,170 INFO  client.GrpcClientProtocolClient (GrpcClientProtocolClient.java:onNext(254)) - client-C82EA620EB9B->85302df8-7a7f-4077-a053-c26dc3d3d65a: receive RaftClientReply:client-C82EA620EB9B->85302df8-7a7f-4077-a053-c26dc3d3d65a@group-4701ABA8D7D0, cid=1666, SUCCESS, logIndex=2868, commits[85302df8-7a7f-4077-a053-c26dc3d3d65a:c2868]
2019-06-13 22:53:48,170 INFO  client.GrpcClientProtocolClient (GrpcClientProtocolClient.java:onNext(254)) - client-C82EA620EB9B->85302df8-7a7f-4077-a053-c26dc3d3d65a: receive RaftClientReply:client-C82EA620EB9B->85302df8-7a7f-4077-a053-c26dc3d3d65a@group-4701ABA8D7D0, cid=1667, SUCCESS, logIndex=2869, commits[85302df8-7a7f-4077-a053-c26dc3d3d65a:c2871]
2019-06-13 22:53:48,171 INFO  client.GrpcClientProtocolClient (GrpcClientProtocolClient.java:onNext(254)) - client-C82EA620EB9B->85302df8-7a7f-4077-a053-c26dc3d3d65a: receive RaftClientReply:client-C82EA620EB9B->85302df8-7a7f-4077-a053-c26dc3d3d65a@group-4701ABA8D7D0, cid=1668, SUCCESS, logIndex=2871, commits[85302df8-7a7f-4077-a053-c26dc3d3d65a:c2871]
2019-06-13 22:53:48,177 INFO  client.GrpcClientProtocolClient (GrpcClientProtocolClient.java:onNext(254)) - client-C82EA620EB9B->85302df8-7a7f-4077-a053-c26dc3d3d65a: receive RaftClientReply:client-C82EA620EB9B->85302df8-7a7f-4077-a053-c26dc3d3d65a@group-4701ABA8D7D0, cid=1669, SUCCESS, logIndex=2873, commits[85302df8-7a7f-4077-a053-c26dc3d3d65a:c2873]
2019-06-13 22:53:48,177 INFO  storage.RaftLogWorker (RaftLogWorker.java:rollLogSegment(303)) - 85302df8-7a7f-4077-a053-c26dc3d3d65a-RaftLogWorker: Rolling segment log-2806_2874 to index:2874
2019-06-13 22:53:48,178 INFO  storage.RaftLogWorker (RaftLogWorker.java:execute(433)) - 85302df8-7a7f-4077-a053-c26dc3d3d65a-RaftLogWorker: Rolled log segment from /opt/src/hadoop-ozone/integration-test/target/test-dir/MiniOzoneClusterImpl-550f9ca0-a6d9-4a4a-902f-f07ac81eac7b/datanode-0/data/ratis/5ad10fc2-5a33-4bdd-8958-4701aba8d7d0/current/log_inprogress_2806 to /opt/src/hadoop-ozone/integration-test/target/test-dir/MiniOzoneClusterImpl-550f9ca0-a6d9-4a4a-902f-f07ac81eac7b/datanode-0/data/ratis/5ad10fc2-5a33-4bdd-8958-4701aba8d7d0/current/log_2806-2874
2019-06-13 22:53:48,213 INFO  storage.RaftLogWorker (RaftLogWorker.java:execute(469)) - 85302df8-7a7f-4077-a053-c26dc3d3d65a-RaftLogWorker: created new log segment /opt/src/hadoop-ozone/integration-test/target/test-dir/MiniOzoneClusterImpl-550f9ca0-a6d9-4a4a-902f-f07ac81eac7b/datanode-0/data/ratis/5ad10fc2-5a33-4bdd-8958-4701aba8d7d0/current/log_inprogress_2875
2019-06-13 22:53:48,215 INFO  client.GrpcClientProtocolClient (GrpcClientProtocolClient.java:onNext(254)) - client-C82EA620EB9B->85302df8-7a7f-4077-a053-c26dc3d3d65a: receive RaftClientReply:client-C82EA620EB9B->85302df8-7a7f-4077-a053-c26dc3d3d65a@group-4701ABA8D7D0, cid=1670, SUCCESS, logIndex=2875, commits[85302df8-7a7f-4077-a053-c26dc3d3d65a:c2875]
2019-06-13 22:53:48,219 INFO  client.GrpcClientProtocolClient (GrpcClientProtocolClient.java:onNext(254)) - client-C82EA620EB9B->85302df8-7a7f-4077-a053-c26dc3d3d65a: receive RaftClientReply:client-C82EA620EB9B->85302df8-7a7f-4077-a053-c26dc3d3d65a@group-4701ABA8D7D0, cid=1671, SUCCESS, logIndex=2877, commits[85302df8-7a7f-4077-a053-c26dc3d3d65a:c2878]
2019-06-13 22:53:48,220 INFO  client.GrpcClientProtocolClient (GrpcClientProtocolClient.java:onNext(254)) - client-C82EA620EB9B->85302df8-7a7f-4077-a053-c26dc3d3d65a: receive RaftClientReply:client-C82EA620EB9B->85302df8-7a7f-4077-a053-c26dc3d3d65a@group-4701ABA8D7D0, cid=1672, SUCCESS, logIndex=2878, commits[85302df8-7a7f-4077-a053-c26dc3d3d65a:c2878]
2019-06-13 22:53:48,229 INFO  client.GrpcClientProtocolClient (GrpcClientProtocolClient.java:onNext(254)) - client-C82EA620EB9B->85302df8-7a7f-4077-a053-c26dc3d3d65a: receive RaftClientReply:client-C82EA620EB9B->85302df8-7a7f-4077-a053-c26dc3d3d65a@group-4701ABA8D7D0, cid=1673, SUCCESS, logIndex=2880, commits[85302df8-7a7f-4077-a053-c26dc3d3d65a:c2880]
2019-06-13 22:53:48,230 INFO  client.GrpcClientProtocolClient (GrpcClientProtocolClient.java:onNext(254)) - client-C82EA620EB9B->85302df8-7a7f-4077-a053-c26dc3d3d65a: receive RaftClientReply:client-C82EA620EB9B->85302df8-7a7f-4077-a053-c26dc3d3d65a@group-4701ABA8D7D0, cid=1674, SUCCESS, logIndex=2882, commits[85302df8-7a7f-4077-a053-c26dc3d3d65a:c2882]
2019-06-13 22:53:48,231 DEBUG block.SCMBlockDeletingService (SCMBlockDeletingService.java:call(138)) - Running DeletedBlockTransactionScanner
2019-06-13 22:53:48,231 DEBUG block.SCMBlockDeletingService (SCMBlockDeletingService.java:call(155)) - Scanned deleted blocks log and got 0 delTX to process.
2019-06-13 22:53:48,231 INFO  client.GrpcClientProtocolClient (GrpcClientProtocolClient.java:onNext(254)) - client-C82EA620EB9B->85302df8-7a7f-4077-a053-c26dc3d3d65a: receive RaftClientReply:client-C82EA620EB9B->85302df8-7a7f-4077-a053-c26dc3d3d65a@group-4701ABA8D7D0, cid=1675, SUCCESS, logIndex=2883, commits[85302df8-7a7f-4077-a053-c26dc3d3d65a:c2885]
2019-06-13 22:53:48,232 INFO  client.GrpcClientProtocolClient (GrpcClientProtocolClient.java:onNext(254)) - client-C82EA620EB9B->85302df8-7a7f-4077-a053-c26dc3d3d65a: receive RaftClientReply:client-C82EA620EB9B->85302df8-7a7f-4077-a053-c26dc3d3d65a@group-4701ABA8D7D0, cid=1676, SUCCESS, logIndex=2884, commits[85302df8-7a7f-4077-a053-c26dc3d3d65a:c2885]
2019-06-13 22:53:48,237 INFO  client.GrpcClientProtocolClient (GrpcClientProtocolClient.java:onNext(254)) - client-C82EA620EB9B->85302df8-7a7f-4077-a053-c26dc3d3d65a: receive RaftClientReply:client-C82EA620EB9B->85302df8-7a7f-4077-a053-c26dc3d3d65a@group-4701ABA8D7D0, cid=1677, SUCCESS, logIndex=2886, commits[85302df8-7a7f-4077-a053-c26dc3d3d65a:c2886]
2019-06-13 22:53:48,239 INFO  client.GrpcClientProtocolClient (GrpcClientProtocolClient.java:onNext(254)) - client-C82EA620EB9B->85302df8-7a7f-4077-a053-c26dc3d3d65a: receive RaftClientReply:client-C82EA620EB9B->85302df8-7a7f-4077-a053-c26dc3d3d65a@group-4701ABA8D7D0, cid=1678, SUCCESS, logIndex=2888, commits[85302df8-7a7f-4077-a053-c26dc3d3d65a:c2888]
2019-06-13 22:53:48,240 INFO  client.GrpcClientProtocolClient (GrpcClientProtocolClient.java:onNext(254)) - client-C82EA620EB9B->85302df8-7a7f-4077-a053-c26dc3d3d65a: receive RaftClientReply:client-C82EA620EB9B->85302df8-7a7f-4077-a053-c26dc3d3d65a@group-4701ABA8D7D0, cid=1679, SUCCESS, logIndex=2889, commits[85302df8-7a7f-4077-a053-c26dc3d3d65a:c2891]
2019-06-13 22:53:48,241 INFO  client.GrpcClientProtocolClient (GrpcClientProtocolClient.java:onNext(254)) - client-C82EA620EB9B->85302df8-7a7f-4077-a053-c26dc3d3d65a: receive RaftClientReply:client-C82EA620EB9B->85302df8-7a7f-4077-a053-c26dc3d3d65a@group-4701ABA8D7D0, cid=1680, SUCCESS, logIndex=2890, commits[85302df8-7a7f-4077-a053-c26dc3d3d65a:c2891]
2019-06-13 22:53:48,317 INFO  client.GrpcClientProtocolClient (GrpcClientProtocolClient.java:onNext(254)) - client-C82EA620EB9B->85302df8-7a7f-4077-a053-c26dc3d3d65a: receive RaftClientReply:client-C82EA620EB9B->85302df8-7a7f-4077-a053-c26dc3d3d65a@group-4701ABA8D7D0, cid=1681, SUCCESS, logIndex=2892, commits[85302df8-7a7f-4077-a053-c26dc3d3d65a:c2892]
2019-06-13 22:53:48,320 INFO  client.GrpcClientProtocolClient (GrpcClientProtocolClient.java:onNext(254)) - client-C82EA620EB9B->85302df8-7a7f-4077-a053-c26dc3d3d65a: receive RaftClientReply:client-C82EA620EB9B->85302df8-7a7f-4077-a053-c26dc3d3d65a@group-4701ABA8D7D0, cid=1682, SUCCESS, logIndex=2894, commits[85302df8-7a7f-4077-a053-c26dc3d3d65a:c2894]
2019-06-13 22:53:48,321 INFO  client.GrpcClientProtocolClient (GrpcClientProtocolClient.java:onNext(254)) - client-C82EA620EB9B->85302df8-7a7f-4077-a053-c26dc3d3d65a: receive RaftClientReply:client-C82EA620EB9B->85302df8-7a7f-4077-a053-c26dc3d3d65a@group-4701ABA8D7D0, cid=1683, SUCCESS, logIndex=2895, commits[85302df8-7a7f-4077-a053-c26dc3d3d65a:c2896]
2019-06-13 22:53:48,321 INFO  client.GrpcClientProtocolClient (GrpcClientProtocolClient.java:onNext(254)) - client-C82EA620EB9B->85302df8-7a7f-4077-a053-c26dc3d3d65a: receive RaftClientReply:client-C82EA620EB9B->85302df8-7a7f-4077-a053-c26dc3d3d65a@group-4701ABA8D7D0, cid=1684, SUCCESS, logIndex=2896, commits[85302df8-7a7f-4077-a053-c26dc3d3d65a:c2897]
2019-06-13 22:53:48,327 INFO  client.GrpcClientProtocolClient (GrpcClientProtocolClient.java:onNext(254)) - client-C82EA620EB9B->85302df8-7a7f-4077-a053-c26dc3d3d65a: receive RaftClientReply:client-C82EA620EB9B->85302df8-7a7f-4077-a053-c26dc3d3d65a@group-4701ABA8D7D0, cid=1685, SUCCESS, logIndex=2899, commits[85302df8-7a7f-4077-a053-c26dc3d3d65a:c2899]
2019-06-13 22:53:48,328 INFO  client.GrpcClientProtocolClient (GrpcClientProtocolClient.java:onNext(254)) - client-C82EA620EB9B->85302df8-7a7f-4077-a053-c26dc3d3d65a: receive RaftClientReply:client-C82EA620EB9B->85302df8-7a7f-4077-a053-c26dc3d3d65a@group-4701ABA8D7D0, cid=1686, SUCCESS, logIndex=2901, commits[85302df8-7a7f-4077-a053-c26dc3d3d65a:c2901]
2019-06-13 22:53:48,329 INFO  client.GrpcClientProtocolClient (GrpcClientProtocolClient.java:onNext(254)) - client-C82EA620EB9B->85302df8-7a7f-4077-a053-c26dc3d3d65a: receive RaftClientReply:client-C82EA620EB9B->85302df8-7a7f-4077-a053-c26dc3d3d65a@group-4701ABA8D7D0, cid=1687, SUCCESS, logIndex=2902, commits[85302df8-7a7f-4077-a053-c26dc3d3d65a:c2904]
2019-06-13 22:53:48,330 INFO  client.GrpcClientProtocolClient (GrpcClientProtocolClient.java:onNext(254)) - client-C82EA620EB9B->85302df8-7a7f-4077-a053-c26dc3d3d65a: receive RaftClientReply:client-C82EA620EB9B->85302df8-7a7f-4077-a053-c26dc3d3d65a@group-4701ABA8D7D0, cid=1688, SUCCESS, logIndex=2903, commits[85302df8-7a7f-4077-a053-c26dc3d3d65a:c2904]
2019-06-13 22:53:48,331 DEBUG block.SCMBlockDeletingService (SCMBlockDeletingService.java:call(138)) - Running DeletedBlockTransactionScanner
2019-06-13 22:53:48,331 DEBUG block.SCMBlockDeletingService (SCMBlockDeletingService.java:call(155)) - Scanned deleted blocks log and got 0 delTX to process.
2019-06-13 22:53:48,341 INFO  client.GrpcClientProtocolClient (GrpcClientProtocolClient.java:onNext(254)) - client-C82EA620EB9B->85302df8-7a7f-4077-a053-c26dc3d3d65a: receive RaftClientReply:client-C82EA620EB9B->85302df8-7a7f-4077-a053-c26dc3d3d65a@group-4701ABA8D7D0, cid=1689, SUCCESS, logIndex=2905, commits[85302df8-7a7f-4077-a053-c26dc3d3d65a:c2905]
2019-06-13 22:53:48,342 INFO  client.GrpcClientProtocolClient (GrpcClientProtocolClient.java:onNext(254)) - client-C82EA620EB9B->85302df8-7a7f-4077-a053-c26dc3d3d65a: receive RaftClientReply:client-C82EA620EB9B->85302df8-7a7f-4077-a053-c26dc3d3d65a@group-4701ABA8D7D0, cid=1690, SUCCESS, logIndex=2907, commits[85302df8-7a7f-4077-a053-c26dc3d3d65a:c2907]
2019-06-13 22:53:48,343 INFO  client.GrpcClientProtocolClient (GrpcClientProtocolClient.java:onNext(254)) - client-C82EA620EB9B->85302df8-7a7f-4077-a053-c26dc3d3d65a: receive RaftClientReply:client-C82EA620EB9B->85302df8-7a7f-4077-a053-c26dc3d3d65a@group-4701ABA8D7D0, cid=1691, SUCCESS, logIndex=2908, commits[85302df8-7a7f-4077-a053-c26dc3d3d65a:c2910]
2019-06-13 22:53:48,343 INFO  client.GrpcClientProtocolClient (GrpcClientProtocolClient.java:onNext(254)) - client-C82EA620EB9B->85302df8-7a7f-4077-a053-c26dc3d3d65a: receive RaftClientReply:client-C82EA620EB9B->85302df8-7a7f-4077-a053-c26dc3d3d65a@group-4701ABA8D7D0, cid=1692, SUCCESS, logIndex=2909, commits[85302df8-7a7f-4077-a053-c26dc3d3d65a:c2910]
2019-06-13 22:53:48,390 INFO  client.GrpcClientProtocolClient (GrpcClientProtocolClient.java:onNext(254)) - client-C82EA620EB9B->85302df8-7a7f-4077-a053-c26dc3d3d65a: receive RaftClientReply:client-C82EA620EB9B->85302df8-7a7f-4077-a053-c26dc3d3d65a@group-4701ABA8D7D0, cid=1693, SUCCESS, logIndex=2911, commits[85302df8-7a7f-4077-a053-c26dc3d3d65a:c2911]
2019-06-13 22:53:48,393 INFO  client.GrpcClientProtocolClient (GrpcClientProtocolClient.java:onNext(254)) - client-C82EA620EB9B->85302df8-7a7f-4077-a053-c26dc3d3d65a: receive RaftClientReply:client-C82EA620EB9B->85302df8-7a7f-4077-a053-c26dc3d3d65a@group-4701ABA8D7D0, cid=1694, SUCCESS, logIndex=2913, commits[85302df8-7a7f-4077-a053-c26dc3d3d65a:c2915]
2019-06-13 22:53:48,393 INFO  client.GrpcClientProtocolClient (GrpcClientProtocolClient.java:onNext(254)) - client-C82EA620EB9B->85302df8-7a7f-4077-a053-c26dc3d3d65a: receive RaftClientReply:client-C82EA620EB9B->85302df8-7a7f-4077-a053-c26dc3d3d65a@group-4701ABA8D7D0, cid=1695, SUCCESS, logIndex=2914, commits[85302df8-7a7f-4077-a053-c26dc3d3d65a:c2915]
2019-06-13 22:53:48,393 INFO  client.GrpcClientProtocolClient (GrpcClientProtocolClient.java:onNext(254)) - client-C82EA620EB9B->85302df8-7a7f-4077-a053-c26dc3d3d65a: receive RaftClientReply:client-C82EA620EB9B->85302df8-7a7f-4077-a053-c26dc3d3d65a@group-4701ABA8D7D0, cid=1696, SUCCESS, logIndex=2915, commits[85302df8-7a7f-4077-a053-c26dc3d3d65a:c2916]
2019-06-13 22:53:48,403 INFO  client.GrpcClientProtocolClient (GrpcClientProtocolClient.java:onNext(254)) - client-C82EA620EB9B->85302df8-7a7f-4077-a053-c26dc3d3d65a: receive RaftClientReply:client-C82EA620EB9B->85302df8-7a7f-4077-a053-c26dc3d3d65a@group-4701ABA8D7D0, cid=1697, SUCCESS, logIndex=2917, commits[85302df8-7a7f-4077-a053-c26dc3d3d65a:c2917]
2019-06-13 22:53:48,404 INFO  client.GrpcClientProtocolClient (GrpcClientProtocolClient.java:onNext(254)) - client-C82EA620EB9B->85302df8-7a7f-4077-a053-c26dc3d3d65a: receive RaftClientReply:client-C82EA620EB9B->85302df8-7a7f-4077-a053-c26dc3d3d65a@group-4701ABA8D7D0, cid=1698, SUCCESS, logIndex=2919, commits[85302df8-7a7f-4077-a053-c26dc3d3d65a:c2919]
2019-06-13 22:53:48,406 INFO  client.GrpcClientProtocolClient (GrpcClientProtocolClient.java:onNext(254)) - client-C82EA620EB9B->85302df8-7a7f-4077-a053-c26dc3d3d65a: receive RaftClientReply:client-C82EA620EB9B->85302df8-7a7f-4077-a053-c26dc3d3d65a@group-4701ABA8D7D0, cid=1699, SUCCESS, logIndex=2920, commits[85302df8-7a7f-4077-a053-c26dc3d3d65a:c2922]
2019-06-13 22:53:48,406 INFO  client.GrpcClientProtocolClient (GrpcClientProtocolClient.java:onNext(254)) - client-C82EA620EB9B->85302df8-7a7f-4077-a053-c26dc3d3d65a: receive RaftClientReply:client-C82EA620EB9B->85302df8-7a7f-4077-a053-c26dc3d3d65a@group-4701ABA8D7D0, cid=1700, SUCCESS, logIndex=2921, commits[85302df8-7a7f-4077-a053-c26dc3d3d65a:c2922]
2019-06-13 22:53:48,412 INFO  client.GrpcClientProtocolClient (GrpcClientProtocolClient.java:onNext(254)) - client-C82EA620EB9B->85302df8-7a7f-4077-a053-c26dc3d3d65a: receive RaftClientReply:client-C82EA620EB9B->85302df8-7a7f-4077-a053-c26dc3d3d65a@group-4701ABA8D7D0, cid=1701, SUCCESS, logIndex=2923, commits[85302df8-7a7f-4077-a053-c26dc3d3d65a:c2923]
2019-06-13 22:53:48,413 INFO  client.GrpcClientProtocolClient (GrpcClientProtocolClient.java:onNext(254)) - client-C82EA620EB9B->85302df8-7a7f-4077-a053-c26dc3d3d65a: receive RaftClientReply:client-C82EA620EB9B->85302df8-7a7f-4077-a053-c26dc3d3d65a@group-4701ABA8D7D0, cid=1702, SUCCESS, logIndex=2925, commits[85302df8-7a7f-4077-a053-c26dc3d3d65a:c2925]
2019-06-13 22:53:48,414 INFO  client.GrpcClientProtocolClient (GrpcClientProtocolClient.java:onNext(254)) - client-C82EA620EB9B->85302df8-7a7f-4077-a053-c26dc3d3d65a: receive RaftClientReply:client-C82EA620EB9B->85302df8-7a7f-4077-a053-c26dc3d3d65a@group-4701ABA8D7D0, cid=1703, SUCCESS, logIndex=2926, commits[85302df8-7a7f-4077-a053-c26dc3d3d65a:c2928]
2019-06-13 22:53:48,414 INFO  client.GrpcClientProtocolClient (GrpcClientProtocolClient.java:onNext(254)) - client-C82EA620EB9B->85302df8-7a7f-4077-a053-c26dc3d3d65a: receive RaftClientReply:client-C82EA620EB9B->85302df8-7a7f-4077-a053-c26dc3d3d65a@group-4701ABA8D7D0, cid=1704, SUCCESS, logIndex=2927, commits[85302df8-7a7f-4077-a053-c26dc3d3d65a:c2928]
2019-06-13 22:53:48,426 INFO  client.GrpcClientProtocolClient (GrpcClientProtocolClient.java:onNext(254)) - client-C82EA620EB9B->85302df8-7a7f-4077-a053-c26dc3d3d65a: receive RaftClientReply:client-C82EA620EB9B->85302df8-7a7f-4077-a053-c26dc3d3d65a@group-4701ABA8D7D0, cid=1705, SUCCESS, logIndex=2929, commits[85302df8-7a7f-4077-a053-c26dc3d3d65a:c2929]
2019-06-13 22:53:48,427 INFO  client.GrpcClientProtocolClient (GrpcClientProtocolClient.java:onNext(254)) - client-C82EA620EB9B->85302df8-7a7f-4077-a053-c26dc3d3d65a: receive RaftClientReply:client-C82EA620EB9B->85302df8-7a7f-4077-a053-c26dc3d3d65a@group-4701ABA8D7D0, cid=1706, SUCCESS, logIndex=2931, commits[85302df8-7a7f-4077-a053-c26dc3d3d65a:c2933]
2019-06-13 22:53:48,428 INFO  client.GrpcClientProtocolClient (GrpcClientProtocolClient.java:onNext(254)) - client-C82EA620EB9B->85302df8-7a7f-4077-a053-c26dc3d3d65a: receive RaftClientReply:client-C82EA620EB9B->85302df8-7a7f-4077-a053-c26dc3d3d65a@group-4701ABA8D7D0, cid=1707, SUCCESS, logIndex=2932, commits[85302df8-7a7f-4077-a053-c26dc3d3d65a:c2933]
2019-06-13 22:53:48,429 INFO  client.GrpcClientProtocolClient (GrpcClientProtocolClient.java:onNext(254)) - client-C82EA620EB9B->85302df8-7a7f-4077-a053-c26dc3d3d65a: receive RaftClientReply:client-C82EA620EB9B->85302df8-7a7f-4077-a053-c26dc3d3d65a@group-4701ABA8D7D0, cid=1708, SUCCESS, logIndex=2933, commits[85302df8-7a7f-4077-a053-c26dc3d3d65a:c2933]
2019-06-13 22:53:48,431 DEBUG block.SCMBlockDeletingService (SCMBlockDeletingService.java:call(138)) - Running DeletedBlockTransactionScanner
2019-06-13 22:53:48,432 DEBUG block.SCMBlockDeletingService (SCMBlockDeletingService.java:call(155)) - Scanned deleted blocks log and got 0 delTX to process.
2019-06-13 22:53:48,436 INFO  client.GrpcClientProtocolClient (GrpcClientProtocolClient.java:onNext(254)) - client-C82EA620EB9B->85302df8-7a7f-4077-a053-c26dc3d3d65a: receive RaftClientReply:client-C82EA620EB9B->85302df8-7a7f-4077-a053-c26dc3d3d65a@group-4701ABA8D7D0, cid=1709, SUCCESS, logIndex=2935, commits[85302df8-7a7f-4077-a053-c26dc3d3d65a:c2935]
2019-06-13 22:53:48,438 INFO  client.GrpcClientProtocolClient (GrpcClientProtocolClient.java:onNext(254)) - client-C82EA620EB9B->85302df8-7a7f-4077-a053-c26dc3d3d65a: receive RaftClientReply:client-C82EA620EB9B->85302df8-7a7f-4077-a053-c26dc3d3d65a@group-4701ABA8D7D0, cid=1710, SUCCESS, logIndex=2937, commits[85302df8-7a7f-4077-a053-c26dc3d3d65a:c2937]
2019-06-13 22:53:48,439 INFO  client.GrpcClientProtocolClient (GrpcClientProtocolClient.java:onNext(254)) - client-C82EA620EB9B->85302df8-7a7f-4077-a053-c26dc3d3d65a: receive RaftClientReply:client-C82EA620EB9B->85302df8-7a7f-4077-a053-c26dc3d3d65a@group-4701ABA8D7D0, cid=1711, SUCCESS, logIndex=2938, commits[85302df8-7a7f-4077-a053-c26dc3d3d65a:c2940]
2019-06-13 22:53:48,439 INFO  client.GrpcClientProtocolClient (GrpcClientProtocolClient.java:onNext(254)) - client-C82EA620EB9B->85302df8-7a7f-4077-a053-c26dc3d3d65a: receive RaftClientReply:client-C82EA620EB9B->85302df8-7a7f-4077-a053-c26dc3d3d65a@group-4701ABA8D7D0, cid=1712, SUCCESS, logIndex=2939, commits[85302df8-7a7f-4077-a053-c26dc3d3d65a:c2940]
2019-06-13 22:53:48,446 INFO  storage.RaftLogWorker (RaftLogWorker.java:rollLogSegment(303)) - 85302df8-7a7f-4077-a053-c26dc3d3d65a-RaftLogWorker: Rolling segment log-2875_2940 to index:2940
2019-06-13 22:53:48,446 INFO  storage.RaftLogWorker (RaftLogWorker.java:execute(433)) - 85302df8-7a7f-4077-a053-c26dc3d3d65a-RaftLogWorker: Rolled log segment from /opt/src/hadoop-ozone/integration-test/target/test-dir/MiniOzoneClusterImpl-550f9ca0-a6d9-4a4a-902f-f07ac81eac7b/datanode-0/data/ratis/5ad10fc2-5a33-4bdd-8958-4701aba8d7d0/current/log_inprogress_2875 to /opt/src/hadoop-ozone/integration-test/target/test-dir/MiniOzoneClusterImpl-550f9ca0-a6d9-4a4a-902f-f07ac81eac7b/datanode-0/data/ratis/5ad10fc2-5a33-4bdd-8958-4701aba8d7d0/current/log_2875-2940
2019-06-13 22:53:48,483 INFO  storage.RaftLogWorker (RaftLogWorker.java:execute(469)) - 85302df8-7a7f-4077-a053-c26dc3d3d65a-RaftLogWorker: created new log segment /opt/src/hadoop-ozone/integration-test/target/test-dir/MiniOzoneClusterImpl-550f9ca0-a6d9-4a4a-902f-f07ac81eac7b/datanode-0/data/ratis/5ad10fc2-5a33-4bdd-8958-4701aba8d7d0/current/log_inprogress_2941
2019-06-13 22:53:48,484 INFO  client.GrpcClientProtocolClient (GrpcClientProtocolClient.java:onNext(254)) - client-C82EA620EB9B->85302df8-7a7f-4077-a053-c26dc3d3d65a: receive RaftClientReply:client-C82EA620EB9B->85302df8-7a7f-4077-a053-c26dc3d3d65a@group-4701ABA8D7D0, cid=1713, SUCCESS, logIndex=2941, commits[85302df8-7a7f-4077-a053-c26dc3d3d65a:c2941]
2019-06-13 22:53:48,485 INFO  client.GrpcClientProtocolClient (GrpcClientProtocolClient.java:onNext(254)) - client-C82EA620EB9B->85302df8-7a7f-4077-a053-c26dc3d3d65a: receive RaftClientReply:client-C82EA620EB9B->85302df8-7a7f-4077-a053-c26dc3d3d65a@group-4701ABA8D7D0, cid=1714, SUCCESS, logIndex=2943, commits[85302df8-7a7f-4077-a053-c26dc3d3d65a:c2943]
2019-06-13 22:53:48,487 INFO  client.GrpcClientProtocolClient (GrpcClientProtocolClient.java:onNext(254)) - client-C82EA620EB9B->85302df8-7a7f-4077-a053-c26dc3d3d65a: receive RaftClientReply:client-C82EA620EB9B->85302df8-7a7f-4077-a053-c26dc3d3d65a@group-4701ABA8D7D0, cid=1715, SUCCESS, logIndex=2944, commits[85302df8-7a7f-4077-a053-c26dc3d3d65a:c2946]
2019-06-13 22:53:48,489 INFO  client.GrpcClientProtocolClient (GrpcClientProtocolClient.java:onNext(254)) - client-C82EA620EB9B->85302df8-7a7f-4077-a053-c26dc3d3d65a: receive RaftClientReply:client-C82EA620EB9B->85302df8-7a7f-4077-a053-c26dc3d3d65a@group-4701ABA8D7D0, cid=1716, SUCCESS, logIndex=2945, commits[85302df8-7a7f-4077-a053-c26dc3d3d65a:c2946]
2019-06-13 22:53:48,496 INFO  client.GrpcClientProtocolClient (GrpcClientProtocolClient.java:onNext(254)) - client-C82EA620EB9B->85302df8-7a7f-4077-a053-c26dc3d3d65a: receive RaftClientReply:client-C82EA620EB9B->85302df8-7a7f-4077-a053-c26dc3d3d65a@group-4701ABA8D7D0, cid=1717, SUCCESS, logIndex=2947, commits[85302df8-7a7f-4077-a053-c26dc3d3d65a:c2947]
2019-06-13 22:53:48,497 INFO  client.GrpcClientProtocolClient (GrpcClientProtocolClient.java:onNext(254)) - client-C82EA620EB9B->85302df8-7a7f-4077-a053-c26dc3d3d65a: receive RaftClientReply:client-C82EA620EB9B->85302df8-7a7f-4077-a053-c26dc3d3d65a@group-4701ABA8D7D0, cid=1718, SUCCESS, logIndex=2949, commits[85302df8-7a7f-4077-a053-c26dc3d3d65a:c2949]
2019-06-13 22:53:48,498 INFO  client.GrpcClientProtocolClient (GrpcClientProtocolClient.java:onNext(254)) - client-C82EA620EB9B->85302df8-7a7f-4077-a053-c26dc3d3d65a: receive RaftClientReply:client-C82EA620EB9B->85302df8-7a7f-4077-a053-c26dc3d3d65a@group-4701ABA8D7D0, cid=1719, SUCCESS, logIndex=2950, commits[85302df8-7a7f-4077-a053-c26dc3d3d65a:c2952]
2019-06-13 22:53:48,499 INFO  client.GrpcClientProtocolClient (GrpcClientProtocolClient.java:onNext(254)) - client-C82EA620EB9B->85302df8-7a7f-4077-a053-c26dc3d3d65a: receive RaftClientReply:client-C82EA620EB9B->85302df8-7a7f-4077-a053-c26dc3d3d65a@group-4701ABA8D7D0, cid=1720, SUCCESS, logIndex=2951, commits[85302df8-7a7f-4077-a053-c26dc3d3d65a:c2952]
2019-06-13 22:53:48,508 INFO  client.GrpcClientProtocolClient (GrpcClientProtocolClient.java:onNext(254)) - client-C82EA620EB9B->85302df8-7a7f-4077-a053-c26dc3d3d65a: receive RaftClientReply:client-C82EA620EB9B->85302df8-7a7f-4077-a053-c26dc3d3d65a@group-4701ABA8D7D0, cid=1721, SUCCESS, logIndex=2953, commits[85302df8-7a7f-4077-a053-c26dc3d3d65a:c2953]
2019-06-13 22:53:48,510 INFO  client.GrpcClientProtocolClient (GrpcClientProtocolClient.java:onNext(254)) - client-C82EA620EB9B->85302df8-7a7f-4077-a053-c26dc3d3d65a: receive RaftClientReply:client-C82EA620EB9B->85302df8-7a7f-4077-a053-c26dc3d3d65a@group-4701ABA8D7D0, cid=1722, SUCCESS, logIndex=2955, commits[85302df8-7a7f-4077-a053-c26dc3d3d65a:c2955]
2019-06-13 22:53:48,511 INFO  client.GrpcClientProtocolClient (GrpcClientProtocolClient.java:onNext(254)) - client-C82EA620EB9B->85302df8-7a7f-4077-a053-c26dc3d3d65a: receive RaftClientReply:client-C82EA620EB9B->85302df8-7a7f-4077-a053-c26dc3d3d65a@group-4701ABA8D7D0, cid=1723, SUCCESS, logIndex=2956, commits[85302df8-7a7f-4077-a053-c26dc3d3d65a:c2958]
2019-06-13 22:53:48,512 INFO  client.GrpcClientProtocolClient (GrpcClientProtocolClient.java:onNext(254)) - client-C82EA620EB9B->85302df8-7a7f-4077-a053-c26dc3d3d65a: receive RaftClientReply:client-C82EA620EB9B->85302df8-7a7f-4077-a053-c26dc3d3d65a@group-4701ABA8D7D0, cid=1724, SUCCESS, logIndex=2957, commits[85302df8-7a7f-4077-a053-c26dc3d3d65a:c2958]
2019-06-13 22:53:48,532 DEBUG block.SCMBlockDeletingService (SCMBlockDeletingService.java:call(138)) - Running DeletedBlockTransactionScanner
2019-06-13 22:53:48,532 DEBUG block.SCMBlockDeletingService (SCMBlockDeletingService.java:call(155)) - Scanned deleted blocks log and got 0 delTX to process.
2019-06-13 22:53:48,586 INFO  client.GrpcClientProtocolClient (GrpcClientProtocolClient.java:onNext(254)) - client-C82EA620EB9B->85302df8-7a7f-4077-a053-c26dc3d3d65a: receive RaftClientReply:client-C82EA620EB9B->85302df8-7a7f-4077-a053-c26dc3d3d65a@group-4701ABA8D7D0, cid=1725, SUCCESS, logIndex=2959, commits[85302df8-7a7f-4077-a053-c26dc3d3d65a:c2959]
2019-06-13 22:53:48,587 INFO  client.GrpcClientProtocolClient (GrpcClientProtocolClient.java:onNext(254)) - client-C82EA620EB9B->85302df8-7a7f-4077-a053-c26dc3d3d65a: receive RaftClientReply:client-C82EA620EB9B->85302df8-7a7f-4077-a053-c26dc3d3d65a@group-4701ABA8D7D0, cid=1726, SUCCESS, logIndex=2961, commits[85302df8-7a7f-4077-a053-c26dc3d3d65a:c2961]
2019-06-13 22:53:48,588 INFO  client.GrpcClientProtocolClient (GrpcClientProtocolClient.java:onNext(254)) - client-C82EA620EB9B->85302df8-7a7f-4077-a053-c26dc3d3d65a: receive RaftClientReply:client-C82EA620EB9B->85302df8-7a7f-4077-a053-c26dc3d3d65a@group-4701ABA8D7D0, cid=1727, SUCCESS, logIndex=2962, commits[85302df8-7a7f-4077-a053-c26dc3d3d65a:c2964]
2019-06-13 22:53:48,588 INFO  client.GrpcClientProtocolClient (GrpcClientProtocolClient.java:onNext(254)) - client-C82EA620EB9B->85302df8-7a7f-4077-a053-c26dc3d3d65a: receive RaftClientReply:client-C82EA620EB9B->85302df8-7a7f-4077-a053-c26dc3d3d65a@group-4701ABA8D7D0, cid=1728, SUCCESS, logIndex=2963, commits[85302df8-7a7f-4077-a053-c26dc3d3d65a:c2964]
2019-06-13 22:53:48,599 INFO  client.GrpcClientProtocolClient (GrpcClientProtocolClient.java:onNext(254)) - client-C82EA620EB9B->85302df8-7a7f-4077-a053-c26dc3d3d65a: receive RaftClientReply:client-C82EA620EB9B->85302df8-7a7f-4077-a053-c26dc3d3d65a@group-4701ABA8D7D0, cid=1729, SUCCESS, logIndex=2965, commits[85302df8-7a7f-4077-a053-c26dc3d3d65a:c2965]
2019-06-13 22:53:48,600 INFO  client.GrpcClientProtocolClient (GrpcClientProtocolClient.java:onNext(254)) - client-C82EA620EB9B->85302df8-7a7f-4077-a053-c26dc3d3d65a: receive RaftClientReply:client-C82EA620EB9B->85302df8-7a7f-4077-a053-c26dc3d3d65a@group-4701ABA8D7D0, cid=1730, SUCCESS, logIndex=2967, commits[85302df8-7a7f-4077-a053-c26dc3d3d65a:c2967]
2019-06-13 22:53:48,602 INFO  client.GrpcClientProtocolClient (GrpcClientProtocolClient.java:onNext(254)) - client-C82EA620EB9B->85302df8-7a7f-4077-a053-c26dc3d3d65a: receive RaftClientReply:client-C82EA620EB9B->85302df8-7a7f-4077-a053-c26dc3d3d65a@group-4701ABA8D7D0, cid=1731, SUCCESS, logIndex=2968, commits[85302df8-7a7f-4077-a053-c26dc3d3d65a:c2970]
2019-06-13 22:53:48,602 INFO  client.GrpcClientProtocolClient (GrpcClientProtocolClient.java:onNext(254)) - client-C82EA620EB9B->85302df8-7a7f-4077-a053-c26dc3d3d65a: receive RaftClientReply:client-C82EA620EB9B->85302df8-7a7f-4077-a053-c26dc3d3d65a@group-4701ABA8D7D0, cid=1732, SUCCESS, logIndex=2969, commits[85302df8-7a7f-4077-a053-c26dc3d3d65a:c2970]
2019-06-13 22:53:48,607 INFO  client.GrpcClientProtocolClient (GrpcClientProtocolClient.java:onNext(254)) - client-C82EA620EB9B->85302df8-7a7f-4077-a053-c26dc3d3d65a: receive RaftClientReply:client-C82EA620EB9B->85302df8-7a7f-4077-a053-c26dc3d3d65a@group-4701ABA8D7D0, cid=1733, SUCCESS, logIndex=2971, commits[85302df8-7a7f-4077-a053-c26dc3d3d65a:c2971]
2019-06-13 22:53:48,609 INFO  client.GrpcClientProtocolClient (GrpcClientProtocolClient.java:onNext(254)) - client-C82EA620EB9B->85302df8-7a7f-4077-a053-c26dc3d3d65a: receive RaftClientReply:client-C82EA620EB9B->85302df8-7a7f-4077-a053-c26dc3d3d65a@group-4701ABA8D7D0, cid=1734, SUCCESS, logIndex=2973, commits[85302df8-7a7f-4077-a053-c26dc3d3d65a:c2973]
2019-06-13 22:53:48,610 INFO  client.GrpcClientProtocolClient (GrpcClientProtocolClient.java:onNext(254)) - client-C82EA620EB9B->85302df8-7a7f-4077-a053-c26dc3d3d65a: receive RaftClientReply:client-C82EA620EB9B->85302df8-7a7f-4077-a053-c26dc3d3d65a@group-4701ABA8D7D0, cid=1735, SUCCESS, logIndex=2974, commits[85302df8-7a7f-4077-a053-c26dc3d3d65a:c2976]
2019-06-13 22:53:48,610 INFO  client.GrpcClientProtocolClient (GrpcClientProtocolClient.java:onNext(254)) - client-C82EA620EB9B->85302df8-7a7f-4077-a053-c26dc3d3d65a: receive RaftClientReply:client-C82EA620EB9B->85302df8-7a7f-4077-a053-c26dc3d3d65a@group-4701ABA8D7D0, cid=1736, SUCCESS, logIndex=2975, commits[85302df8-7a7f-4077-a053-c26dc3d3d65a:c2976]
2019-06-13 22:53:48,621 INFO  client.GrpcClientProtocolClient (GrpcClientProtocolClient.java:onNext(254)) - client-C82EA620EB9B->85302df8-7a7f-4077-a053-c26dc3d3d65a: receive RaftClientReply:client-C82EA620EB9B->85302df8-7a7f-4077-a053-c26dc3d3d65a@group-4701ABA8D7D0, cid=1737, SUCCESS, logIndex=2977, commits[85302df8-7a7f-4077-a053-c26dc3d3d65a:c2977]
2019-06-13 22:53:48,623 INFO  client.GrpcClientProtocolClient (GrpcClientProtocolClient.java:onNext(254)) - client-C82EA620EB9B->85302df8-7a7f-4077-a053-c26dc3d3d65a: receive RaftClientReply:client-C82EA620EB9B->85302df8-7a7f-4077-a053-c26dc3d3d65a@group-4701ABA8D7D0, cid=1738, SUCCESS, logIndex=2979, commits[85302df8-7a7f-4077-a053-c26dc3d3d65a:c2979]
2019-06-13 22:53:48,624 INFO  client.GrpcClientProtocolClient (GrpcClientProtocolClient.java:onNext(254)) - client-C82EA620EB9B->85302df8-7a7f-4077-a053-c26dc3d3d65a: receive RaftClientReply:client-C82EA620EB9B->85302df8-7a7f-4077-a053-c26dc3d3d65a@group-4701ABA8D7D0, cid=1739, SUCCESS, logIndex=2980, commits[85302df8-7a7f-4077-a053-c26dc3d3d65a:c2981]
2019-06-13 22:53:48,624 INFO  client.GrpcClientProtocolClient (GrpcClientProtocolClient.java:onNext(254)) - client-C82EA620EB9B->85302df8-7a7f-4077-a053-c26dc3d3d65a: receive RaftClientReply:client-C82EA620EB9B->85302df8-7a7f-4077-a053-c26dc3d3d65a@group-4701ABA8D7D0, cid=1740, SUCCESS, logIndex=2981, commits[85302df8-7a7f-4077-a053-c26dc3d3d65a:c2981]
2019-06-13 22:53:48,630 INFO  client.GrpcClientProtocolClient (GrpcClientProtocolClient.java:onNext(254)) - client-C82EA620EB9B->85302df8-7a7f-4077-a053-c26dc3d3d65a: receive RaftClientReply:client-C82EA620EB9B->85302df8-7a7f-4077-a053-c26dc3d3d65a@group-4701ABA8D7D0, cid=1741, SUCCESS, logIndex=2984, commits[85302df8-7a7f-4077-a053-c26dc3d3d65a:c2984]
2019-06-13 22:53:48,631 INFO  client.GrpcClientProtocolClient (GrpcClientProtocolClient.java:onNext(254)) - client-C82EA620EB9B->85302df8-7a7f-4077-a053-c26dc3d3d65a: receive RaftClientReply:client-C82EA620EB9B->85302df8-7a7f-4077-a053-c26dc3d3d65a@group-4701ABA8D7D0, cid=1742, SUCCESS, logIndex=2986, commits[85302df8-7a7f-4077-a053-c26dc3d3d65a:c2986]
2019-06-13 22:53:48,632 INFO  client.GrpcClientProtocolClient (GrpcClientProtocolClient.java:onNext(254)) - client-C82EA620EB9B->85302df8-7a7f-4077-a053-c26dc3d3d65a: receive RaftClientReply:client-C82EA620EB9B->85302df8-7a7f-4077-a053-c26dc3d3d65a@group-4701ABA8D7D0, cid=1743, SUCCESS, logIndex=2987, commits[85302df8-7a7f-4077-a053-c26dc3d3d65a:c2989]
2019-06-13 22:53:48,632 DEBUG block.SCMBlockDeletingService (SCMBlockDeletingService.java:call(138)) - Running DeletedBlockTransactionScanner
2019-06-13 22:53:48,633 INFO  client.GrpcClientProtocolClient (GrpcClientProtocolClient.java:onNext(254)) - client-C82EA620EB9B->85302df8-7a7f-4077-a053-c26dc3d3d65a: receive RaftClientReply:client-C82EA620EB9B->85302df8-7a7f-4077-a053-c26dc3d3d65a@group-4701ABA8D7D0, cid=1744, SUCCESS, logIndex=2988, commits[85302df8-7a7f-4077-a053-c26dc3d3d65a:c2989]
2019-06-13 22:53:48,633 DEBUG block.SCMBlockDeletingService (SCMBlockDeletingService.java:call(155)) - Scanned deleted blocks log and got 0 delTX to process.
2019-06-13 22:53:48,647 INFO  client.GrpcClientProtocolClient (GrpcClientProtocolClient.java:onNext(254)) - client-C82EA620EB9B->85302df8-7a7f-4077-a053-c26dc3d3d65a: receive RaftClientReply:client-C82EA620EB9B->85302df8-7a7f-4077-a053-c26dc3d3d65a@group-4701ABA8D7D0, cid=1745, SUCCESS, logIndex=2990, commits[85302df8-7a7f-4077-a053-c26dc3d3d65a:c2990]
2019-06-13 22:53:48,650 INFO  client.GrpcClientProtocolClient (GrpcClientProtocolClient.java:onNext(254)) - client-C82EA620EB9B->85302df8-7a7f-4077-a053-c26dc3d3d65a: receive RaftClientReply:client-C82EA620EB9B->85302df8-7a7f-4077-a053-c26dc3d3d65a@group-4701ABA8D7D0, cid=1746, SUCCESS, logIndex=2992, commits[85302df8-7a7f-4077-a053-c26dc3d3d65a:c2992]
2019-06-13 22:53:48,650 INFO  client.GrpcClientProtocolClient (GrpcClientProtocolClient.java:onNext(254)) - client-C82EA620EB9B->85302df8-7a7f-4077-a053-c26dc3d3d65a: receive RaftClientReply:client-C82EA620EB9B->85302df8-7a7f-4077-a053-c26dc3d3d65a@group-4701ABA8D7D0, cid=1747, SUCCESS, logIndex=2993, commits[85302df8-7a7f-4077-a053-c26dc3d3d65a:c2994]
2019-06-13 22:53:48,651 INFO  client.GrpcClientProtocolClient (GrpcClientProtocolClient.java:onNext(254)) - client-C82EA620EB9B->85302df8-7a7f-4077-a053-c26dc3d3d65a: receive RaftClientReply:client-C82EA620EB9B->85302df8-7a7f-4077-a053-c26dc3d3d65a@group-4701ABA8D7D0, cid=1748, SUCCESS, logIndex=2994, commits[85302df8-7a7f-4077-a053-c26dc3d3d65a:c2995]
2019-06-13 22:53:48,656 INFO  client.GrpcClientProtocolClient (GrpcClientProtocolClient.java:onNext(254)) - client-C82EA620EB9B->85302df8-7a7f-4077-a053-c26dc3d3d65a: receive RaftClientReply:client-C82EA620EB9B->85302df8-7a7f-4077-a053-c26dc3d3d65a@group-4701ABA8D7D0, cid=1749, SUCCESS, logIndex=2997, commits[85302df8-7a7f-4077-a053-c26dc3d3d65a:c2997]
2019-06-13 22:53:48,660 INFO  client.GrpcClientProtocolClient (GrpcClientProtocolClient.java:onNext(254)) - client-C82EA620EB9B->85302df8-7a7f-4077-a053-c26dc3d3d65a: receive RaftClientReply:client-C82EA620EB9B->85302df8-7a7f-4077-a053-c26dc3d3d65a@group-4701ABA8D7D0, cid=1750, SUCCESS, logIndex=2999, commits[85302df8-7a7f-4077-a053-c26dc3d3d65a:c3003]
2019-06-13 22:53:48,660 INFO  client.GrpcClientProtocolClient (GrpcClientProtocolClient.java:onNext(254)) - client-C82EA620EB9B->85302df8-7a7f-4077-a053-c26dc3d3d65a: receive RaftClientReply:client-C82EA620EB9B->85302df8-7a7f-4077-a053-c26dc3d3d65a@group-4701ABA8D7D0, cid=1751, SUCCESS, logIndex=3000, commits[85302df8-7a7f-4077-a053-c26dc3d3d65a:c3003]
2019-06-13 22:53:48,660 INFO  client.GrpcClientProtocolClient (GrpcClientProtocolClient.java:onNext(254)) - client-C82EA620EB9B->85302df8-7a7f-4077-a053-c26dc3d3d65a: receive RaftClientReply:client-C82EA620EB9B->85302df8-7a7f-4077-a053-c26dc3d3d65a@group-4701ABA8D7D0, cid=1752, SUCCESS, logIndex=3002, commits[85302df8-7a7f-4077-a053-c26dc3d3d65a:c3003]
2019-06-13 22:53:48,670 INFO  client.GrpcClientProtocolClient (GrpcClientProtocolClient.java:onNext(254)) - client-C82EA620EB9B->85302df8-7a7f-4077-a053-c26dc3d3d65a: receive RaftClientReply:client-C82EA620EB9B->85302df8-7a7f-4077-a053-c26dc3d3d65a@group-4701ABA8D7D0, cid=1753, SUCCESS, logIndex=3004, commits[85302df8-7a7f-4077-a053-c26dc3d3d65a:c3004]
2019-06-13 22:53:48,671 INFO  client.GrpcClientProtocolClient (GrpcClientProtocolClient.java:onNext(254)) - client-C82EA620EB9B->85302df8-7a7f-4077-a053-c26dc3d3d65a: receive RaftClientReply:client-C82EA620EB9B->85302df8-7a7f-4077-a053-c26dc3d3d65a@group-4701ABA8D7D0, cid=1754, SUCCESS, logIndex=3006, commits[85302df8-7a7f-4077-a053-c26dc3d3d65a:c3006]
2019-06-13 22:53:48,672 INFO  client.GrpcClientProtocolClient (GrpcClientProtocolClient.java:onNext(254)) - client-C82EA620EB9B->85302df8-7a7f-4077-a053-c26dc3d3d65a: receive RaftClientReply:client-C82EA620EB9B->85302df8-7a7f-4077-a053-c26dc3d3d65a@group-4701ABA8D7D0, cid=1755, SUCCESS, logIndex=3007, commits[85302df8-7a7f-4077-a053-c26dc3d3d65a:c3009]
2019-06-13 22:53:48,672 INFO  client.GrpcClientProtocolClient (GrpcClientProtocolClient.java:onNext(254)) - client-C82EA620EB9B->85302df8-7a7f-4077-a053-c26dc3d3d65a: receive RaftClientReply:client-C82EA620EB9B->85302df8-7a7f-4077-a053-c26dc3d3d65a@group-4701ABA8D7D0, cid=1756, SUCCESS, logIndex=3008, commits[85302df8-7a7f-4077-a053-c26dc3d3d65a:c3009]
2019-06-13 22:53:48,675 INFO  storage.RaftLogWorker (RaftLogWorker.java:rollLogSegment(303)) - 85302df8-7a7f-4077-a053-c26dc3d3d65a-RaftLogWorker: Rolling segment log-2941_3009 to index:3009
2019-06-13 22:53:48,676 INFO  storage.RaftLogWorker (RaftLogWorker.java:execute(433)) - 85302df8-7a7f-4077-a053-c26dc3d3d65a-RaftLogWorker: Rolled log segment from /opt/src/hadoop-ozone/integration-test/target/test-dir/MiniOzoneClusterImpl-550f9ca0-a6d9-4a4a-902f-f07ac81eac7b/datanode-0/data/ratis/5ad10fc2-5a33-4bdd-8958-4701aba8d7d0/current/log_inprogress_2941 to /opt/src/hadoop-ozone/integration-test/target/test-dir/MiniOzoneClusterImpl-550f9ca0-a6d9-4a4a-902f-f07ac81eac7b/datanode-0/data/ratis/5ad10fc2-5a33-4bdd-8958-4701aba8d7d0/current/log_2941-3009
2019-06-13 22:53:48,712 INFO  storage.RaftLogWorker (RaftLogWorker.java:execute(469)) - 85302df8-7a7f-4077-a053-c26dc3d3d65a-RaftLogWorker: created new log segment /opt/src/hadoop-ozone/integration-test/target/test-dir/MiniOzoneClusterImpl-550f9ca0-a6d9-4a4a-902f-f07ac81eac7b/datanode-0/data/ratis/5ad10fc2-5a33-4bdd-8958-4701aba8d7d0/current/log_inprogress_3010
2019-06-13 22:53:48,713 INFO  client.GrpcClientProtocolClient (GrpcClientProtocolClient.java:onNext(254)) - client-C82EA620EB9B->85302df8-7a7f-4077-a053-c26dc3d3d65a: receive RaftClientReply:client-C82EA620EB9B->85302df8-7a7f-4077-a053-c26dc3d3d65a@group-4701ABA8D7D0, cid=1757, SUCCESS, logIndex=3010, commits[85302df8-7a7f-4077-a053-c26dc3d3d65a:c3010]
2019-06-13 22:53:48,715 INFO  client.GrpcClientProtocolClient (GrpcClientProtocolClient.java:onNext(254)) - client-C82EA620EB9B->85302df8-7a7f-4077-a053-c26dc3d3d65a: receive RaftClientReply:client-C82EA620EB9B->85302df8-7a7f-4077-a053-c26dc3d3d65a@group-4701ABA8D7D0, cid=1758, SUCCESS, logIndex=3012, commits[85302df8-7a7f-4077-a053-c26dc3d3d65a:c3012]
2019-06-13 22:53:48,716 INFO  client.GrpcClientProtocolClient (GrpcClientProtocolClient.java:onNext(254)) - client-C82EA620EB9B->85302df8-7a7f-4077-a053-c26dc3d3d65a: receive RaftClientReply:client-C82EA620EB9B->85302df8-7a7f-4077-a053-c26dc3d3d65a@group-4701ABA8D7D0, cid=1759, SUCCESS, logIndex=3013, commits[85302df8-7a7f-4077-a053-c26dc3d3d65a:c3015]
2019-06-13 22:53:48,716 INFO  client.GrpcClientProtocolClient (GrpcClientProtocolClient.java:onNext(254)) - client-C82EA620EB9B->85302df8-7a7f-4077-a053-c26dc3d3d65a: receive RaftClientReply:client-C82EA620EB9B->85302df8-7a7f-4077-a053-c26dc3d3d65a@group-4701ABA8D7D0, cid=1760, SUCCESS, logIndex=3014, commits[85302df8-7a7f-4077-a053-c26dc3d3d65a:c3015]
2019-06-13 22:53:48,727 INFO  client.GrpcClientProtocolClient (GrpcClientProtocolClient.java:onNext(254)) - client-C82EA620EB9B->85302df8-7a7f-4077-a053-c26dc3d3d65a: receive RaftClientReply:client-C82EA620EB9B->85302df8-7a7f-4077-a053-c26dc3d3d65a@group-4701ABA8D7D0, cid=1761, SUCCESS, logIndex=3016, commits[85302df8-7a7f-4077-a053-c26dc3d3d65a:c3016]
2019-06-13 22:53:48,728 INFO  client.GrpcClientProtocolClient (GrpcClientProtocolClient.java:onNext(254)) - client-C82EA620EB9B->85302df8-7a7f-4077-a053-c26dc3d3d65a: receive RaftClientReply:client-C82EA620EB9B->85302df8-7a7f-4077-a053-c26dc3d3d65a@group-4701ABA8D7D0, cid=1762, SUCCESS, logIndex=3018, commits[85302df8-7a7f-4077-a053-c26dc3d3d65a:c3018]
2019-06-13 22:53:48,730 INFO  client.GrpcClientProtocolClient (GrpcClientProtocolClient.java:onNext(254)) - client-C82EA620EB9B->85302df8-7a7f-4077-a053-c26dc3d3d65a: receive RaftClientReply:client-C82EA620EB9B->85302df8-7a7f-4077-a053-c26dc3d3d65a@group-4701ABA8D7D0, cid=1763, SUCCESS, logIndex=3019, commits[85302df8-7a7f-4077-a053-c26dc3d3d65a:c3021]
2019-06-13 22:53:48,731 INFO  client.GrpcClientProtocolClient (GrpcClientProtocolClient.java:onNext(254)) - client-C82EA620EB9B->85302df8-7a7f-4077-a053-c26dc3d3d65a: receive RaftClientReply:client-C82EA620EB9B->85302df8-7a7f-4077-a053-c26dc3d3d65a@group-4701ABA8D7D0, cid=1764, SUCCESS, logIndex=3020, commits[85302df8-7a7f-4077-a053-c26dc3d3d65a:c3021]
2019-06-13 22:53:48,733 DEBUG block.SCMBlockDeletingService (SCMBlockDeletingService.java:call(138)) - Running DeletedBlockTransactionScanner
2019-06-13 22:53:48,734 DEBUG block.SCMBlockDeletingService (SCMBlockDeletingService.java:call(155)) - Scanned deleted blocks log and got 0 delTX to process.
2019-06-13 22:53:48,736 INFO  client.GrpcClientProtocolClient (GrpcClientProtocolClient.java:onNext(254)) - client-C82EA620EB9B->85302df8-7a7f-4077-a053-c26dc3d3d65a: receive RaftClientReply:client-C82EA620EB9B->85302df8-7a7f-4077-a053-c26dc3d3d65a@group-4701ABA8D7D0, cid=1765, SUCCESS, logIndex=3022, commits[85302df8-7a7f-4077-a053-c26dc3d3d65a:c3022]
2019-06-13 22:53:48,738 INFO  client.GrpcClientProtocolClient (GrpcClientProtocolClient.java:onNext(254)) - client-C82EA620EB9B->85302df8-7a7f-4077-a053-c26dc3d3d65a: receive RaftClientReply:client-C82EA620EB9B->85302df8-7a7f-4077-a053-c26dc3d3d65a@group-4701ABA8D7D0, cid=1766, SUCCESS, logIndex=3024, commits[85302df8-7a7f-4077-a053-c26dc3d3d65a:c3024]
2019-06-13 22:53:48,739 INFO  client.GrpcClientProtocolClient (GrpcClientProtocolClient.java:onNext(254)) - client-C82EA620EB9B->85302df8-7a7f-4077-a053-c26dc3d3d65a: receive RaftClientReply:client-C82EA620EB9B->85302df8-7a7f-4077-a053-c26dc3d3d65a@group-4701ABA8D7D0, cid=1767, SUCCESS, logIndex=3025, commits[85302df8-7a7f-4077-a053-c26dc3d3d65a:c3027]
2019-06-13 22:53:48,739 INFO  client.GrpcClientProtocolClient (GrpcClientProtocolClient.java:onNext(254)) - client-C82EA620EB9B->85302df8-7a7f-4077-a053-c26dc3d3d65a: receive RaftClientReply:client-C82EA620EB9B->85302df8-7a7f-4077-a053-c26dc3d3d65a@group-4701ABA8D7D0, cid=1768, SUCCESS, logIndex=3026, commits[85302df8-7a7f-4077-a053-c26dc3d3d65a:c3027]
2019-06-13 22:53:48,843 DEBUG block.SCMBlockDeletingService (SCMBlockDeletingService.java:call(138)) - Running DeletedBlockTransactionScanner
2019-06-13 22:53:48,843 DEBUG block.SCMBlockDeletingService (SCMBlockDeletingService.java:call(155)) - Scanned deleted blocks log and got 0 delTX to process.
2019-06-13 22:53:48,855 INFO  client.GrpcClientProtocolClient (GrpcClientProtocolClient.java:onNext(254)) - client-C82EA620EB9B->85302df8-7a7f-4077-a053-c26dc3d3d65a: receive RaftClientReply:client-C82EA620EB9B->85302df8-7a7f-4077-a053-c26dc3d3d65a@group-4701ABA8D7D0, cid=1769, SUCCESS, logIndex=3028, commits[85302df8-7a7f-4077-a053-c26dc3d3d65a:c3028]
2019-06-13 22:53:48,856 INFO  client.GrpcClientProtocolClient (GrpcClientProtocolClient.java:onNext(254)) - client-C82EA620EB9B->85302df8-7a7f-4077-a053-c26dc3d3d65a: receive RaftClientReply:client-C82EA620EB9B->85302df8-7a7f-4077-a053-c26dc3d3d65a@group-4701ABA8D7D0, cid=1770, SUCCESS, logIndex=3030, commits[85302df8-7a7f-4077-a053-c26dc3d3d65a:c3030]
2019-06-13 22:53:48,857 INFO  client.GrpcClientProtocolClient (GrpcClientProtocolClient.java:onNext(254)) - client-C82EA620EB9B->85302df8-7a7f-4077-a053-c26dc3d3d65a: receive RaftClientReply:client-C82EA620EB9B->85302df8-7a7f-4077-a053-c26dc3d3d65a@group-4701ABA8D7D0, cid=1771, SUCCESS, logIndex=3031, commits[85302df8-7a7f-4077-a053-c26dc3d3d65a:c3033]
2019-06-13 22:53:48,858 INFO  client.GrpcClientProtocolClient (GrpcClientProtocolClient.java:onNext(254)) - client-C82EA620EB9B->85302df8-7a7f-4077-a053-c26dc3d3d65a: receive RaftClientReply:client-C82EA620EB9B->85302df8-7a7f-4077-a053-c26dc3d3d65a@group-4701ABA8D7D0, cid=1772, SUCCESS, logIndex=3032, commits[85302df8-7a7f-4077-a053-c26dc3d3d65a:c3033]
2019-06-13 22:53:48,863 INFO  client.GrpcClientProtocolClient (GrpcClientProtocolClient.java:onNext(254)) - client-C82EA620EB9B->85302df8-7a7f-4077-a053-c26dc3d3d65a: receive RaftClientReply:client-C82EA620EB9B->85302df8-7a7f-4077-a053-c26dc3d3d65a@group-4701ABA8D7D0, cid=1773, SUCCESS, logIndex=3034, commits[85302df8-7a7f-4077-a053-c26dc3d3d65a:c3034]
2019-06-13 22:53:48,864 INFO  client.GrpcClientProtocolClient (GrpcClientProtocolClient.java:onNext(254)) - client-C82EA620EB9B->85302df8-7a7f-4077-a053-c26dc3d3d65a: receive RaftClientReply:client-C82EA620EB9B->85302df8-7a7f-4077-a053-c26dc3d3d65a@group-4701ABA8D7D0, cid=1774, SUCCESS, logIndex=3036, commits[85302df8-7a7f-4077-a053-c26dc3d3d65a:c3036]
2019-06-13 22:53:48,866 INFO  client.GrpcClientProtocolClient (GrpcClientProtocolClient.java:onNext(254)) - client-C82EA620EB9B->85302df8-7a7f-4077-a053-c26dc3d3d65a: receive RaftClientReply:client-C82EA620EB9B->85302df8-7a7f-4077-a053-c26dc3d3d65a@group-4701ABA8D7D0, cid=1775, SUCCESS, logIndex=3037, commits[85302df8-7a7f-4077-a053-c26dc3d3d65a:c3039]
2019-06-13 22:53:48,866 INFO  client.GrpcClientProtocolClient (GrpcClientProtocolClient.java:onNext(254)) - client-C82EA620EB9B->85302df8-7a7f-4077-a053-c26dc3d3d65a: receive RaftClientReply:client-C82EA620EB9B->85302df8-7a7f-4077-a053-c26dc3d3d65a@group-4701ABA8D7D0, cid=1776, SUCCESS, logIndex=3038, commits[85302df8-7a7f-4077-a053-c26dc3d3d65a:c3039]
2019-06-13 22:53:48,875 INFO  client.GrpcClientProtocolClient (GrpcClientProtocolClient.java:onNext(254)) - client-C82EA620EB9B->85302df8-7a7f-4077-a053-c26dc3d3d65a: receive RaftClientReply:client-C82EA620EB9B->85302df8-7a7f-4077-a053-c26dc3d3d65a@group-4701ABA8D7D0, cid=1777, SUCCESS, logIndex=3040, commits[85302df8-7a7f-4077-a053-c26dc3d3d65a:c3040]
2019-06-13 22:53:48,876 INFO  client.GrpcClientProtocolClient (GrpcClientProtocolClient.java:onNext(254)) - client-C82EA620EB9B->85302df8-7a7f-4077-a053-c26dc3d3d65a: receive RaftClientReply:client-C82EA620EB9B->85302df8-7a7f-4077-a053-c26dc3d3d65a@group-4701ABA8D7D0, cid=1778, SUCCESS, logIndex=3042, commits[85302df8-7a7f-4077-a053-c26dc3d3d65a:c3042]
2019-06-13 22:53:48,878 INFO  client.GrpcClientProtocolClient (GrpcClientProtocolClient.java:onNext(254)) - client-C82EA620EB9B->85302df8-7a7f-4077-a053-c26dc3d3d65a: receive RaftClientReply:client-C82EA620EB9B->85302df8-7a7f-4077-a053-c26dc3d3d65a@group-4701ABA8D7D0, cid=1779, SUCCESS, logIndex=3043, commits[85302df8-7a7f-4077-a053-c26dc3d3d65a:c3045]
2019-06-13 22:53:48,878 INFO  client.GrpcClientProtocolClient (GrpcClientProtocolClient.java:onNext(254)) - client-C82EA620EB9B->85302df8-7a7f-4077-a053-c26dc3d3d65a: receive RaftClientReply:client-C82EA620EB9B->85302df8-7a7f-4077-a053-c26dc3d3d65a@group-4701ABA8D7D0, cid=1780, SUCCESS, logIndex=3044, commits[85302df8-7a7f-4077-a053-c26dc3d3d65a:c3045]
2019-06-13 22:53:48,884 INFO  client.GrpcClientProtocolClient (GrpcClientProtocolClient.java:onNext(254)) - client-C82EA620EB9B->85302df8-7a7f-4077-a053-c26dc3d3d65a: receive RaftClientReply:client-C82EA620EB9B->85302df8-7a7f-4077-a053-c26dc3d3d65a@group-4701ABA8D7D0, cid=1781, SUCCESS, logIndex=3046, commits[85302df8-7a7f-4077-a053-c26dc3d3d65a:c3046]
2019-06-13 22:53:48,885 INFO  client.GrpcClientProtocolClient (GrpcClientProtocolClient.java:onNext(254)) - client-C82EA620EB9B->85302df8-7a7f-4077-a053-c26dc3d3d65a: receive RaftClientReply:client-C82EA620EB9B->85302df8-7a7f-4077-a053-c26dc3d3d65a@group-4701ABA8D7D0, cid=1782, SUCCESS, logIndex=3048, commits[85302df8-7a7f-4077-a053-c26dc3d3d65a:c3048]
2019-06-13 22:53:48,887 INFO  client.GrpcClientProtocolClient (GrpcClientProtocolClient.java:onNext(254)) - client-C82EA620EB9B->85302df8-7a7f-4077-a053-c26dc3d3d65a: receive RaftClientReply:client-C82EA620EB9B->85302df8-7a7f-4077-a053-c26dc3d3d65a@group-4701ABA8D7D0, cid=1783, SUCCESS, logIndex=3049, commits[85302df8-7a7f-4077-a053-c26dc3d3d65a:c3051]
2019-06-13 22:53:48,887 INFO  client.GrpcClientProtocolClient (GrpcClientProtocolClient.java:onNext(254)) - client-C82EA620EB9B->85302df8-7a7f-4077-a053-c26dc3d3d65a: receive RaftClientReply:client-C82EA620EB9B->85302df8-7a7f-4077-a053-c26dc3d3d65a@group-4701ABA8D7D0, cid=1784, SUCCESS, logIndex=3050, commits[85302df8-7a7f-4077-a053-c26dc3d3d65a:c3051]
2019-06-13 22:53:48,896 INFO  client.GrpcClientProtocolClient (GrpcClientProtocolClient.java:onNext(254)) - client-C82EA620EB9B->85302df8-7a7f-4077-a053-c26dc3d3d65a: receive RaftClientReply:client-C82EA620EB9B->85302df8-7a7f-4077-a053-c26dc3d3d65a@group-4701ABA8D7D0, cid=1785, SUCCESS, logIndex=3052, commits[85302df8-7a7f-4077-a053-c26dc3d3d65a:c3052]
2019-06-13 22:53:48,897 INFO  client.GrpcClientProtocolClient (GrpcClientProtocolClient.java:onNext(254)) - client-C82EA620EB9B->85302df8-7a7f-4077-a053-c26dc3d3d65a: receive RaftClientReply:client-C82EA620EB9B->85302df8-7a7f-4077-a053-c26dc3d3d65a@group-4701ABA8D7D0, cid=1786, SUCCESS, logIndex=3054, commits[85302df8-7a7f-4077-a053-c26dc3d3d65a:c3054]
2019-06-13 22:53:48,899 INFO  client.GrpcClientProtocolClient (GrpcClientProtocolClient.java:onNext(254)) - client-C82EA620EB9B->85302df8-7a7f-4077-a053-c26dc3d3d65a: receive RaftClientReply:client-C82EA620EB9B->85302df8-7a7f-4077-a053-c26dc3d3d65a@group-4701ABA8D7D0, cid=1787, SUCCESS, logIndex=3055, commits[85302df8-7a7f-4077-a053-c26dc3d3d65a:c3057]
2019-06-13 22:53:48,899 INFO  client.GrpcClientProtocolClient (GrpcClientProtocolClient.java:onNext(254)) - client-C82EA620EB9B->85302df8-7a7f-4077-a053-c26dc3d3d65a: receive RaftClientReply:client-C82EA620EB9B->85302df8-7a7f-4077-a053-c26dc3d3d65a@group-4701ABA8D7D0, cid=1788, SUCCESS, logIndex=3056, commits[85302df8-7a7f-4077-a053-c26dc3d3d65a:c3057]
2019-06-13 22:53:48,906 INFO  client.GrpcClientProtocolClient (GrpcClientProtocolClient.java:onNext(254)) - client-C82EA620EB9B->85302df8-7a7f-4077-a053-c26dc3d3d65a: receive RaftClientReply:client-C82EA620EB9B->85302df8-7a7f-4077-a053-c26dc3d3d65a@group-4701ABA8D7D0, cid=1789, SUCCESS, logIndex=3058, commits[85302df8-7a7f-4077-a053-c26dc3d3d65a:c3058]
2019-06-13 22:53:48,906 INFO  client.GrpcClientProtocolClient (GrpcClientProtocolClient.java:onNext(254)) - client-C82EA620EB9B->85302df8-7a7f-4077-a053-c26dc3d3d65a: receive RaftClientReply:client-C82EA620EB9B->85302df8-7a7f-4077-a053-c26dc3d3d65a@group-4701ABA8D7D0, cid=1790, SUCCESS, logIndex=3060, commits[85302df8-7a7f-4077-a053-c26dc3d3d65a:c3060]
2019-06-13 22:53:48,909 INFO  client.GrpcClientProtocolClient (GrpcClientProtocolClient.java:onNext(254)) - client-C82EA620EB9B->85302df8-7a7f-4077-a053-c26dc3d3d65a: receive RaftClientReply:client-C82EA620EB9B->85302df8-7a7f-4077-a053-c26dc3d3d65a@group-4701ABA8D7D0, cid=1791, SUCCESS, logIndex=3062, commits[85302df8-7a7f-4077-a053-c26dc3d3d65a:c3062]
2019-06-13 22:53:48,911 INFO  client.GrpcClientProtocolClient (GrpcClientProtocolClient.java:onNext(254)) - client-C82EA620EB9B->85302df8-7a7f-4077-a053-c26dc3d3d65a: receive RaftClientReply:client-C82EA620EB9B->85302df8-7a7f-4077-a053-c26dc3d3d65a@group-4701ABA8D7D0, cid=1792, SUCCESS, logIndex=3064, commits[85302df8-7a7f-4077-a053-c26dc3d3d65a:c3064]
2019-06-13 22:53:48,924 INFO  client.GrpcClientProtocolClient (GrpcClientProtocolClient.java:onNext(254)) - client-C82EA620EB9B->85302df8-7a7f-4077-a053-c26dc3d3d65a: receive RaftClientReply:client-C82EA620EB9B->85302df8-7a7f-4077-a053-c26dc3d3d65a@group-4701ABA8D7D0, cid=1793, SUCCESS, logIndex=3066, commits[85302df8-7a7f-4077-a053-c26dc3d3d65a:c3066]
2019-06-13 22:53:48,927 INFO  client.GrpcClientProtocolClient (GrpcClientProtocolClient.java:onNext(254)) - client-C82EA620EB9B->85302df8-7a7f-4077-a053-c26dc3d3d65a: receive RaftClientReply:client-C82EA620EB9B->85302df8-7a7f-4077-a053-c26dc3d3d65a@group-4701ABA8D7D0, cid=1794, SUCCESS, logIndex=3068, commits[85302df8-7a7f-4077-a053-c26dc3d3d65a:c3068]
2019-06-13 22:53:48,929 INFO  client.GrpcClientProtocolClient (GrpcClientProtocolClient.java:onNext(254)) - client-C82EA620EB9B->85302df8-7a7f-4077-a053-c26dc3d3d65a: receive RaftClientReply:client-C82EA620EB9B->85302df8-7a7f-4077-a053-c26dc3d3d65a@group-4701ABA8D7D0, cid=1795, SUCCESS, logIndex=3070, commits[85302df8-7a7f-4077-a053-c26dc3d3d65a:c3071]
2019-06-13 22:53:48,929 INFO  client.GrpcClientProtocolClient (GrpcClientProtocolClient.java:onNext(254)) - client-C82EA620EB9B->85302df8-7a7f-4077-a053-c26dc3d3d65a: receive RaftClientReply:client-C82EA620EB9B->85302df8-7a7f-4077-a053-c26dc3d3d65a@group-4701ABA8D7D0, cid=1796, SUCCESS, logIndex=3071, commits[85302df8-7a7f-4077-a053-c26dc3d3d65a:c3072]
2019-06-13 22:53:48,935 INFO  client.GrpcClientProtocolClient (GrpcClientProtocolClient.java:onNext(254)) - client-C82EA620EB9B->85302df8-7a7f-4077-a053-c26dc3d3d65a: receive RaftClientReply:client-C82EA620EB9B->85302df8-7a7f-4077-a053-c26dc3d3d65a@group-4701ABA8D7D0, cid=1797, SUCCESS, logIndex=3073, commits[85302df8-7a7f-4077-a053-c26dc3d3d65a:c3073]
2019-06-13 22:53:48,936 INFO  storage.RaftLogWorker (RaftLogWorker.java:rollLogSegment(303)) - 85302df8-7a7f-4077-a053-c26dc3d3d65a-RaftLogWorker: Rolling segment log-3010_3076 to index:3076
2019-06-13 22:53:48,937 INFO  storage.RaftLogWorker (RaftLogWorker.java:execute(433)) - 85302df8-7a7f-4077-a053-c26dc3d3d65a-RaftLogWorker: Rolled log segment from /opt/src/hadoop-ozone/integration-test/target/test-dir/MiniOzoneClusterImpl-550f9ca0-a6d9-4a4a-902f-f07ac81eac7b/datanode-0/data/ratis/5ad10fc2-5a33-4bdd-8958-4701aba8d7d0/current/log_inprogress_3010 to /opt/src/hadoop-ozone/integration-test/target/test-dir/MiniOzoneClusterImpl-550f9ca0-a6d9-4a4a-902f-f07ac81eac7b/datanode-0/data/ratis/5ad10fc2-5a33-4bdd-8958-4701aba8d7d0/current/log_3010-3076
2019-06-13 22:53:48,944 DEBUG block.SCMBlockDeletingService (SCMBlockDeletingService.java:call(138)) - Running DeletedBlockTransactionScanner
2019-06-13 22:53:48,944 DEBUG block.SCMBlockDeletingService (SCMBlockDeletingService.java:call(155)) - Scanned deleted blocks log and got 0 delTX to process.
2019-06-13 22:53:48,945 INFO  client.GrpcClientProtocolClient (GrpcClientProtocolClient.java:onNext(254)) - client-C82EA620EB9B->85302df8-7a7f-4077-a053-c26dc3d3d65a: receive RaftClientReply:client-C82EA620EB9B->85302df8-7a7f-4077-a053-c26dc3d3d65a@group-4701ABA8D7D0, cid=1798, SUCCESS, logIndex=3075, commits[85302df8-7a7f-4077-a053-c26dc3d3d65a:c3076]
2019-06-13 22:53:48,946 INFO  client.GrpcClientProtocolClient (GrpcClientProtocolClient.java:onNext(254)) - client-C82EA620EB9B->85302df8-7a7f-4077-a053-c26dc3d3d65a: receive RaftClientReply:client-C82EA620EB9B->85302df8-7a7f-4077-a053-c26dc3d3d65a@group-4701ABA8D7D0, cid=1799, SUCCESS, logIndex=3076, commits[85302df8-7a7f-4077-a053-c26dc3d3d65a:c3076]
2019-06-13 22:53:48,973 INFO  storage.RaftLogWorker (RaftLogWorker.java:execute(469)) - 85302df8-7a7f-4077-a053-c26dc3d3d65a-RaftLogWorker: created new log segment /opt/src/hadoop-ozone/integration-test/target/test-dir/MiniOzoneClusterImpl-550f9ca0-a6d9-4a4a-902f-f07ac81eac7b/datanode-0/data/ratis/5ad10fc2-5a33-4bdd-8958-4701aba8d7d0/current/log_inprogress_3077
2019-06-13 22:53:48,975 INFO  client.GrpcClientProtocolClient (GrpcClientProtocolClient.java:onNext(254)) - client-C82EA620EB9B->85302df8-7a7f-4077-a053-c26dc3d3d65a: receive RaftClientReply:client-C82EA620EB9B->85302df8-7a7f-4077-a053-c26dc3d3d65a@group-4701ABA8D7D0, cid=1800, SUCCESS, logIndex=3077, commits[85302df8-7a7f-4077-a053-c26dc3d3d65a:c3079]
2019-06-13 22:53:48,985 INFO  client.GrpcClientProtocolClient (GrpcClientProtocolClient.java:onNext(254)) - client-C82EA620EB9B->85302df8-7a7f-4077-a053-c26dc3d3d65a: receive RaftClientReply:client-C82EA620EB9B->85302df8-7a7f-4077-a053-c26dc3d3d65a@group-4701ABA8D7D0, cid=1801, SUCCESS, logIndex=3080, commits[85302df8-7a7f-4077-a053-c26dc3d3d65a:c3080]
2019-06-13 22:53:48,986 INFO  client.GrpcClientProtocolClient (GrpcClientProtocolClient.java:onNext(254)) - client-C82EA620EB9B->85302df8-7a7f-4077-a053-c26dc3d3d65a: receive RaftClientReply:client-C82EA620EB9B->85302df8-7a7f-4077-a053-c26dc3d3d65a@group-4701ABA8D7D0, cid=1802, SUCCESS, logIndex=3082, commits[85302df8-7a7f-4077-a053-c26dc3d3d65a:c3082]
2019-06-13 22:53:48,987 INFO  client.GrpcClientProtocolClient (GrpcClientProtocolClient.java:onNext(254)) - client-C82EA620EB9B->85302df8-7a7f-4077-a053-c26dc3d3d65a: receive RaftClientReply:client-C82EA620EB9B->85302df8-7a7f-4077-a053-c26dc3d3d65a@group-4701ABA8D7D0, cid=1803, SUCCESS, logIndex=3083, commits[85302df8-7a7f-4077-a053-c26dc3d3d65a:c3085]
2019-06-13 22:53:48,988 INFO  client.GrpcClientProtocolClient (GrpcClientProtocolClient.java:onNext(254)) - client-C82EA620EB9B->85302df8-7a7f-4077-a053-c26dc3d3d65a: receive RaftClientReply:client-C82EA620EB9B->85302df8-7a7f-4077-a053-c26dc3d3d65a@group-4701ABA8D7D0, cid=1804, SUCCESS, logIndex=3084, commits[85302df8-7a7f-4077-a053-c26dc3d3d65a:c3085]
2019-06-13 22:53:48,994 INFO  client.GrpcClientProtocolClient (GrpcClientProtocolClient.java:onNext(254)) - client-C82EA620EB9B->85302df8-7a7f-4077-a053-c26dc3d3d65a: receive RaftClientReply:client-C82EA620EB9B->85302df8-7a7f-4077-a053-c26dc3d3d65a@group-4701ABA8D7D0, cid=1805, SUCCESS, logIndex=3086, commits[85302df8-7a7f-4077-a053-c26dc3d3d65a:c3086]
2019-06-13 22:53:48,995 INFO  client.GrpcClientProtocolClient (GrpcClientProtocolClient.java:onNext(254)) - client-C82EA620EB9B->85302df8-7a7f-4077-a053-c26dc3d3d65a: receive RaftClientReply:client-C82EA620EB9B->85302df8-7a7f-4077-a053-c26dc3d3d65a@group-4701ABA8D7D0, cid=1806, SUCCESS, logIndex=3088, commits[85302df8-7a7f-4077-a053-c26dc3d3d65a:c3088]
2019-06-13 22:53:48,996 INFO  client.GrpcClientProtocolClient (GrpcClientProtocolClient.java:onNext(254)) - client-C82EA620EB9B->85302df8-7a7f-4077-a053-c26dc3d3d65a: receive RaftClientReply:client-C82EA620EB9B->85302df8-7a7f-4077-a053-c26dc3d3d65a@group-4701ABA8D7D0, cid=1807, SUCCESS, logIndex=3089, commits[85302df8-7a7f-4077-a053-c26dc3d3d65a:c3091]
2019-06-13 22:53:48,997 INFO  client.GrpcClientProtocolClient (GrpcClientProtocolClient.java:onNext(254)) - client-C82EA620EB9B->85302df8-7a7f-4077-a053-c26dc3d3d65a: receive RaftClientReply:client-C82EA620EB9B->85302df8-7a7f-4077-a053-c26dc3d3d65a@group-4701ABA8D7D0, cid=1808, SUCCESS, logIndex=3090, commits[85302df8-7a7f-4077-a053-c26dc3d3d65a:c3091]
2019-06-13 22:53:49,006 INFO  client.GrpcClientProtocolClient (GrpcClientProtocolClient.java:onNext(254)) - client-C82EA620EB9B->85302df8-7a7f-4077-a053-c26dc3d3d65a: receive RaftClientReply:client-C82EA620EB9B->85302df8-7a7f-4077-a053-c26dc3d3d65a@group-4701ABA8D7D0, cid=1809, SUCCESS, logIndex=3092, commits[85302df8-7a7f-4077-a053-c26dc3d3d65a:c3092]
2019-06-13 22:53:49,007 INFO  client.GrpcClientProtocolClient (GrpcClientProtocolClient.java:onNext(254)) - client-C82EA620EB9B->85302df8-7a7f-4077-a053-c26dc3d3d65a: receive RaftClientReply:client-C82EA620EB9B->85302df8-7a7f-4077-a053-c26dc3d3d65a@group-4701ABA8D7D0, cid=1810, SUCCESS, logIndex=3094, commits[85302df8-7a7f-4077-a053-c26dc3d3d65a:c3094]
2019-06-13 22:53:49,008 INFO  client.GrpcClientProtocolClient (GrpcClientProtocolClient.java:onNext(254)) - client-C82EA620EB9B->85302df8-7a7f-4077-a053-c26dc3d3d65a: receive RaftClientReply:client-C82EA620EB9B->85302df8-7a7f-4077-a053-c26dc3d3d65a@group-4701ABA8D7D0, cid=1811, SUCCESS, logIndex=3095, commits[85302df8-7a7f-4077-a053-c26dc3d3d65a:c3097]
2019-06-13 22:53:49,008 INFO  client.GrpcClientProtocolClient (GrpcClientProtocolClient.java:onNext(254)) - client-C82EA620EB9B->85302df8-7a7f-4077-a053-c26dc3d3d65a: receive RaftClientReply:client-C82EA620EB9B->85302df8-7a7f-4077-a053-c26dc3d3d65a@group-4701ABA8D7D0, cid=1812, SUCCESS, logIndex=3096, commits[85302df8-7a7f-4077-a053-c26dc3d3d65a:c3097]
2019-06-13 22:53:49,044 DEBUG block.SCMBlockDeletingService (SCMBlockDeletingService.java:call(138)) - Running DeletedBlockTransactionScanner
2019-06-13 22:53:49,044 DEBUG block.SCMBlockDeletingService (SCMBlockDeletingService.java:call(155)) - Scanned deleted blocks log and got 0 delTX to process.
2019-06-13 22:53:49,082 INFO  client.GrpcClientProtocolClient (GrpcClientProtocolClient.java:onNext(254)) - client-C82EA620EB9B->85302df8-7a7f-4077-a053-c26dc3d3d65a: receive RaftClientReply:client-C82EA620EB9B->85302df8-7a7f-4077-a053-c26dc3d3d65a@group-4701ABA8D7D0, cid=1813, SUCCESS, logIndex=3098, commits[85302df8-7a7f-4077-a053-c26dc3d3d65a:c3098]
2019-06-13 22:53:49,083 INFO  client.GrpcClientProtocolClient (GrpcClientProtocolClient.java:onNext(254)) - client-C82EA620EB9B->85302df8-7a7f-4077-a053-c26dc3d3d65a: receive RaftClientReply:client-C82EA620EB9B->85302df8-7a7f-4077-a053-c26dc3d3d65a@group-4701ABA8D7D0, cid=1814, SUCCESS, logIndex=3100, commits[85302df8-7a7f-4077-a053-c26dc3d3d65a:c3100]
2019-06-13 22:53:49,084 INFO  client.GrpcClientProtocolClient (GrpcClientProtocolClient.java:onNext(254)) - client-C82EA620EB9B->85302df8-7a7f-4077-a053-c26dc3d3d65a: receive RaftClientReply:client-C82EA620EB9B->85302df8-7a7f-4077-a053-c26dc3d3d65a@group-4701ABA8D7D0, cid=1815, SUCCESS, logIndex=3101, commits[85302df8-7a7f-4077-a053-c26dc3d3d65a:c3103]
2019-06-13 22:53:49,085 INFO  client.GrpcClientProtocolClient (GrpcClientProtocolClient.java:onNext(254)) - client-C82EA620EB9B->85302df8-7a7f-4077-a053-c26dc3d3d65a: receive RaftClientReply:client-C82EA620EB9B->85302df8-7a7f-4077-a053-c26dc3d3d65a@group-4701ABA8D7D0, cid=1816, SUCCESS, logIndex=3102, commits[85302df8-7a7f-4077-a053-c26dc3d3d65a:c3103]
2019-06-13 22:53:49,094 INFO  client.GrpcClientProtocolClient (GrpcClientProtocolClient.java:onNext(254)) - client-C82EA620EB9B->85302df8-7a7f-4077-a053-c26dc3d3d65a: receive RaftClientReply:client-C82EA620EB9B->85302df8-7a7f-4077-a053-c26dc3d3d65a@group-4701ABA8D7D0, cid=1817, SUCCESS, logIndex=3104, commits[85302df8-7a7f-4077-a053-c26dc3d3d65a:c3104]
2019-06-13 22:53:49,095 INFO  client.GrpcClientProtocolClient (GrpcClientProtocolClient.java:onNext(254)) - client-C82EA620EB9B->85302df8-7a7f-4077-a053-c26dc3d3d65a: receive RaftClientReply:client-C82EA620EB9B->85302df8-7a7f-4077-a053-c26dc3d3d65a@group-4701ABA8D7D0, cid=1818, SUCCESS, logIndex=3106, commits[85302df8-7a7f-4077-a053-c26dc3d3d65a:c3106]
2019-06-13 22:53:49,097 INFO  client.GrpcClientProtocolClient (GrpcClientProtocolClient.java:onNext(254)) - client-C82EA620EB9B->85302df8-7a7f-4077-a053-c26dc3d3d65a: receive RaftClientReply:client-C82EA620EB9B->85302df8-7a7f-4077-a053-c26dc3d3d65a@group-4701ABA8D7D0, cid=1819, SUCCESS, logIndex=3107, commits[85302df8-7a7f-4077-a053-c26dc3d3d65a:c3109]
2019-06-13 22:53:49,098 INFO  client.GrpcClientProtocolClient (GrpcClientProtocolClient.java:onNext(254)) - client-C82EA620EB9B->85302df8-7a7f-4077-a053-c26dc3d3d65a: receive RaftClientReply:client-C82EA620EB9B->85302df8-7a7f-4077-a053-c26dc3d3d65a@group-4701ABA8D7D0, cid=1820, SUCCESS, logIndex=3108, commits[85302df8-7a7f-4077-a053-c26dc3d3d65a:c3109]
2019-06-13 22:53:49,104 INFO  client.GrpcClientProtocolClient (GrpcClientProtocolClient.java:onNext(254)) - client-C82EA620EB9B->85302df8-7a7f-4077-a053-c26dc3d3d65a: receive RaftClientReply:client-C82EA620EB9B->85302df8-7a7f-4077-a053-c26dc3d3d65a@group-4701ABA8D7D0, cid=1821, SUCCESS, logIndex=3110, commits[85302df8-7a7f-4077-a053-c26dc3d3d65a:c3110]
2019-06-13 22:53:49,110 INFO  client.GrpcClientProtocolClient (GrpcClientProtocolClient.java:onNext(254)) - client-C82EA620EB9B->85302df8-7a7f-4077-a053-c26dc3d3d65a: receive RaftClientReply:client-C82EA620EB9B->85302df8-7a7f-4077-a053-c26dc3d3d65a@group-4701ABA8D7D0, cid=1822, SUCCESS, logIndex=3112, commits[85302df8-7a7f-4077-a053-c26dc3d3d65a:c3114]
2019-06-13 22:53:49,110 INFO  client.GrpcClientProtocolClient (GrpcClientProtocolClient.java:onNext(254)) - client-C82EA620EB9B->85302df8-7a7f-4077-a053-c26dc3d3d65a: receive RaftClientReply:client-C82EA620EB9B->85302df8-7a7f-4077-a053-c26dc3d3d65a@group-4701ABA8D7D0, cid=1823, SUCCESS, logIndex=3113, commits[85302df8-7a7f-4077-a053-c26dc3d3d65a:c3114]
2019-06-13 22:53:49,110 INFO  client.GrpcClientProtocolClient (GrpcClientProtocolClient.java:onNext(254)) - client-C82EA620EB9B->85302df8-7a7f-4077-a053-c26dc3d3d65a: receive RaftClientReply:client-C82EA620EB9B->85302df8-7a7f-4077-a053-c26dc3d3d65a@group-4701ABA8D7D0, cid=1824, SUCCESS, logIndex=3114, commits[85302df8-7a7f-4077-a053-c26dc3d3d65a:c3115]
2019-06-13 22:53:49,119 INFO  client.GrpcClientProtocolClient (GrpcClientProtocolClient.java:onNext(254)) - client-C82EA620EB9B->85302df8-7a7f-4077-a053-c26dc3d3d65a: receive RaftClientReply:client-C82EA620EB9B->85302df8-7a7f-4077-a053-c26dc3d3d65a@group-4701ABA8D7D0, cid=1825, SUCCESS, logIndex=3116, commits[85302df8-7a7f-4077-a053-c26dc3d3d65a:c3116]
2019-06-13 22:53:49,121 INFO  client.GrpcClientProtocolClient (GrpcClientProtocolClient.java:onNext(254)) - client-C82EA620EB9B->85302df8-7a7f-4077-a053-c26dc3d3d65a: receive RaftClientReply:client-C82EA620EB9B->85302df8-7a7f-4077-a053-c26dc3d3d65a@group-4701ABA8D7D0, cid=1826, SUCCESS, logIndex=3118, commits[85302df8-7a7f-4077-a053-c26dc3d3d65a:c3118]
2019-06-13 22:53:49,122 INFO  client.GrpcClientProtocolClient (GrpcClientProtocolClient.java:onNext(254)) - client-C82EA620EB9B->85302df8-7a7f-4077-a053-c26dc3d3d65a: receive RaftClientReply:client-C82EA620EB9B->85302df8-7a7f-4077-a053-c26dc3d3d65a@group-4701ABA8D7D0, cid=1827, SUCCESS, logIndex=3119, commits[85302df8-7a7f-4077-a053-c26dc3d3d65a:c3120]
2019-06-13 22:53:49,122 INFO  client.GrpcClientProtocolClient (GrpcClientProtocolClient.java:onNext(254)) - client-C82EA620EB9B->85302df8-7a7f-4077-a053-c26dc3d3d65a: receive RaftClientReply:client-C82EA620EB9B->85302df8-7a7f-4077-a053-c26dc3d3d65a@group-4701ABA8D7D0, cid=1828, SUCCESS, logIndex=3120, commits[85302df8-7a7f-4077-a053-c26dc3d3d65a:c3120]
2019-06-13 22:53:49,127 INFO  client.GrpcClientProtocolClient (GrpcClientProtocolClient.java:onNext(254)) - client-C82EA620EB9B->85302df8-7a7f-4077-a053-c26dc3d3d65a: receive RaftClientReply:client-C82EA620EB9B->85302df8-7a7f-4077-a053-c26dc3d3d65a@group-4701ABA8D7D0, cid=1829, SUCCESS, logIndex=3123, commits[85302df8-7a7f-4077-a053-c26dc3d3d65a:c3123]
2019-06-13 22:53:49,128 INFO  client.GrpcClientProtocolClient (GrpcClientProtocolClient.java:onNext(254)) - client-C82EA620EB9B->85302df8-7a7f-4077-a053-c26dc3d3d65a: receive RaftClientReply:client-C82EA620EB9B->85302df8-7a7f-4077-a053-c26dc3d3d65a@group-4701ABA8D7D0, cid=1830, SUCCESS, logIndex=3125, commits[85302df8-7a7f-4077-a053-c26dc3d3d65a:c3125]
2019-06-13 22:53:49,130 INFO  client.GrpcClientProtocolClient (GrpcClientProtocolClient.java:onNext(254)) - client-C82EA620EB9B->85302df8-7a7f-4077-a053-c26dc3d3d65a: receive RaftClientReply:client-C82EA620EB9B->85302df8-7a7f-4077-a053-c26dc3d3d65a@group-4701ABA8D7D0, cid=1831, SUCCESS, logIndex=3126, commits[85302df8-7a7f-4077-a053-c26dc3d3d65a:c3128]
2019-06-13 22:53:49,131 INFO  client.GrpcClientProtocolClient (GrpcClientProtocolClient.java:onNext(254)) - client-C82EA620EB9B->85302df8-7a7f-4077-a053-c26dc3d3d65a: receive RaftClientReply:client-C82EA620EB9B->85302df8-7a7f-4077-a053-c26dc3d3d65a@group-4701ABA8D7D0, cid=1832, SUCCESS, logIndex=3127, commits[85302df8-7a7f-4077-a053-c26dc3d3d65a:c3128]
2019-06-13 22:53:49,144 DEBUG block.SCMBlockDeletingService (SCMBlockDeletingService.java:call(138)) - Running DeletedBlockTransactionScanner
2019-06-13 22:53:49,145 DEBUG block.SCMBlockDeletingService (SCMBlockDeletingService.java:call(155)) - Scanned deleted blocks log and got 0 delTX to process.
2019-06-13 22:53:49,145 INFO  client.GrpcClientProtocolClient (GrpcClientProtocolClient.java:onNext(254)) - client-C82EA620EB9B->85302df8-7a7f-4077-a053-c26dc3d3d65a: receive RaftClientReply:client-C82EA620EB9B->85302df8-7a7f-4077-a053-c26dc3d3d65a@group-4701ABA8D7D0, cid=1833, SUCCESS, logIndex=3129, commits[85302df8-7a7f-4077-a053-c26dc3d3d65a:c3129]
2019-06-13 22:53:49,150 INFO  client.GrpcClientProtocolClient (GrpcClientProtocolClient.java:onNext(254)) - client-C82EA620EB9B->85302df8-7a7f-4077-a053-c26dc3d3d65a: receive RaftClientReply:client-C82EA620EB9B->85302df8-7a7f-4077-a053-c26dc3d3d65a@group-4701ABA8D7D0, cid=1834, SUCCESS, logIndex=3131, commits[85302df8-7a7f-4077-a053-c26dc3d3d65a:c3131]
2019-06-13 22:53:49,151 INFO  client.GrpcClientProtocolClient (GrpcClientProtocolClient.java:onNext(254)) - client-C82EA620EB9B->85302df8-7a7f-4077-a053-c26dc3d3d65a: receive RaftClientReply:client-C82EA620EB9B->85302df8-7a7f-4077-a053-c26dc3d3d65a@group-4701ABA8D7D0, cid=1835, SUCCESS, logIndex=3132, commits[85302df8-7a7f-4077-a053-c26dc3d3d65a:c3134]
2019-06-13 22:53:49,151 INFO  client.GrpcClientProtocolClient (GrpcClientProtocolClient.java:onNext(254)) - client-C82EA620EB9B->85302df8-7a7f-4077-a053-c26dc3d3d65a: receive RaftClientReply:client-C82EA620EB9B->85302df8-7a7f-4077-a053-c26dc3d3d65a@group-4701ABA8D7D0, cid=1836, SUCCESS, logIndex=3133, commits[85302df8-7a7f-4077-a053-c26dc3d3d65a:c3134]
2019-06-13 22:53:49,157 INFO  client.GrpcClientProtocolClient (GrpcClientProtocolClient.java:onNext(254)) - client-C82EA620EB9B->85302df8-7a7f-4077-a053-c26dc3d3d65a: receive RaftClientReply:client-C82EA620EB9B->85302df8-7a7f-4077-a053-c26dc3d3d65a@group-4701ABA8D7D0, cid=1837, SUCCESS, logIndex=3135, commits[85302df8-7a7f-4077-a053-c26dc3d3d65a:c3135]
2019-06-13 22:53:49,159 INFO  client.GrpcClientProtocolClient (GrpcClientProtocolClient.java:onNext(254)) - client-C82EA620EB9B->85302df8-7a7f-4077-a053-c26dc3d3d65a: receive RaftClientReply:client-C82EA620EB9B->85302df8-7a7f-4077-a053-c26dc3d3d65a@group-4701ABA8D7D0, cid=1838, SUCCESS, logIndex=3137, commits[85302df8-7a7f-4077-a053-c26dc3d3d65a:c3137]
2019-06-13 22:53:49,160 INFO  client.GrpcClientProtocolClient (GrpcClientProtocolClient.java:onNext(254)) - client-C82EA620EB9B->85302df8-7a7f-4077-a053-c26dc3d3d65a: receive RaftClientReply:client-C82EA620EB9B->85302df8-7a7f-4077-a053-c26dc3d3d65a@group-4701ABA8D7D0, cid=1839, SUCCESS, logIndex=3138, commits[85302df8-7a7f-4077-a053-c26dc3d3d65a:c3140]
2019-06-13 22:53:49,162 INFO  client.GrpcClientProtocolClient (GrpcClientProtocolClient.java:onNext(254)) - client-C82EA620EB9B->85302df8-7a7f-4077-a053-c26dc3d3d65a: receive RaftClientReply:client-C82EA620EB9B->85302df8-7a7f-4077-a053-c26dc3d3d65a@group-4701ABA8D7D0, cid=1840, SUCCESS, logIndex=3140, commits[85302df8-7a7f-4077-a053-c26dc3d3d65a:c3140]
2019-06-13 22:53:49,175 INFO  client.GrpcClientProtocolClient (GrpcClientProtocolClient.java:onNext(254)) - client-C82EA620EB9B->85302df8-7a7f-4077-a053-c26dc3d3d65a: receive RaftClientReply:client-C82EA620EB9B->85302df8-7a7f-4077-a053-c26dc3d3d65a@group-4701ABA8D7D0, cid=1841, SUCCESS, logIndex=3142, commits[85302df8-7a7f-4077-a053-c26dc3d3d65a:c3142]
2019-06-13 22:53:49,175 INFO  storage.RaftLogWorker (RaftLogWorker.java:rollLogSegment(303)) - 85302df8-7a7f-4077-a053-c26dc3d3d65a-RaftLogWorker: Rolling segment log-3077_3144 to index:3144
2019-06-13 22:53:49,177 INFO  storage.RaftLogWorker (RaftLogWorker.java:execute(433)) - 85302df8-7a7f-4077-a053-c26dc3d3d65a-RaftLogWorker: Rolled log segment from /opt/src/hadoop-ozone/integration-test/target/test-dir/MiniOzoneClusterImpl-550f9ca0-a6d9-4a4a-902f-f07ac81eac7b/datanode-0/data/ratis/5ad10fc2-5a33-4bdd-8958-4701aba8d7d0/current/log_inprogress_3077 to /opt/src/hadoop-ozone/integration-test/target/test-dir/MiniOzoneClusterImpl-550f9ca0-a6d9-4a4a-902f-f07ac81eac7b/datanode-0/data/ratis/5ad10fc2-5a33-4bdd-8958-4701aba8d7d0/current/log_3077-3144
2019-06-13 22:53:49,183 INFO  client.GrpcClientProtocolClient (GrpcClientProtocolClient.java:onNext(254)) - client-C82EA620EB9B->85302df8-7a7f-4077-a053-c26dc3d3d65a: receive RaftClientReply:client-C82EA620EB9B->85302df8-7a7f-4077-a053-c26dc3d3d65a@group-4701ABA8D7D0, cid=1842, SUCCESS, logIndex=3144, commits[85302df8-7a7f-4077-a053-c26dc3d3d65a:c3144]
2019-06-13 22:53:49,213 INFO  storage.RaftLogWorker (RaftLogWorker.java:execute(469)) - 85302df8-7a7f-4077-a053-c26dc3d3d65a-RaftLogWorker: created new log segment /opt/src/hadoop-ozone/integration-test/target/test-dir/MiniOzoneClusterImpl-550f9ca0-a6d9-4a4a-902f-f07ac81eac7b/datanode-0/data/ratis/5ad10fc2-5a33-4bdd-8958-4701aba8d7d0/current/log_inprogress_3145
2019-06-13 22:53:49,215 INFO  client.GrpcClientProtocolClient (GrpcClientProtocolClient.java:onNext(254)) - client-C82EA620EB9B->85302df8-7a7f-4077-a053-c26dc3d3d65a: receive RaftClientReply:client-C82EA620EB9B->85302df8-7a7f-4077-a053-c26dc3d3d65a@group-4701ABA8D7D0, cid=1843, SUCCESS, logIndex=3145, commits[85302df8-7a7f-4077-a053-c26dc3d3d65a:c3147]
2019-06-13 22:53:49,215 INFO  client.GrpcClientProtocolClient (GrpcClientProtocolClient.java:onNext(254)) - client-C82EA620EB9B->85302df8-7a7f-4077-a053-c26dc3d3d65a: receive RaftClientReply:client-C82EA620EB9B->85302df8-7a7f-4077-a053-c26dc3d3d65a@group-4701ABA8D7D0, cid=1844, SUCCESS, logIndex=3146, commits[85302df8-7a7f-4077-a053-c26dc3d3d65a:c3147]
2019-06-13 22:53:49,222 INFO  client.GrpcClientProtocolClient (GrpcClientProtocolClient.java:onNext(254)) - client-C82EA620EB9B->85302df8-7a7f-4077-a053-c26dc3d3d65a: receive RaftClientReply:client-C82EA620EB9B->85302df8-7a7f-4077-a053-c26dc3d3d65a@group-4701ABA8D7D0, cid=1845, SUCCESS, logIndex=3148, commits[85302df8-7a7f-4077-a053-c26dc3d3d65a:c3148]
2019-06-13 22:53:49,223 INFO  client.GrpcClientProtocolClient (GrpcClientProtocolClient.java:onNext(254)) - client-C82EA620EB9B->85302df8-7a7f-4077-a053-c26dc3d3d65a: receive RaftClientReply:client-C82EA620EB9B->85302df8-7a7f-4077-a053-c26dc3d3d65a@group-4701ABA8D7D0, cid=1846, SUCCESS, logIndex=3150, commits[85302df8-7a7f-4077-a053-c26dc3d3d65a:c3150]
2019-06-13 22:53:49,224 INFO  client.GrpcClientProtocolClient (GrpcClientProtocolClient.java:onNext(254)) - client-C82EA620EB9B->85302df8-7a7f-4077-a053-c26dc3d3d65a: receive RaftClientReply:client-C82EA620EB9B->85302df8-7a7f-4077-a053-c26dc3d3d65a@group-4701ABA8D7D0, cid=1847, SUCCESS, logIndex=3151, commits[85302df8-7a7f-4077-a053-c26dc3d3d65a:c3153]
2019-06-13 22:53:49,224 INFO  client.GrpcClientProtocolClient (GrpcClientProtocolClient.java:onNext(254)) - client-C82EA620EB9B->85302df8-7a7f-4077-a053-c26dc3d3d65a: receive RaftClientReply:client-C82EA620EB9B->85302df8-7a7f-4077-a053-c26dc3d3d65a@group-4701ABA8D7D0, cid=1848, SUCCESS, logIndex=3152, commits[85302df8-7a7f-4077-a053-c26dc3d3d65a:c3153]
2019-06-13 22:53:49,461 DEBUG block.SCMBlockDeletingService (SCMBlockDeletingService.java:call(138)) - Running DeletedBlockTransactionScanner
2019-06-13 22:53:49,461 DEBUG block.SCMBlockDeletingService (SCMBlockDeletingService.java:call(155)) - Scanned deleted blocks log and got 0 delTX to process.
2019-06-13 22:53:49,472 INFO  client.GrpcClientProtocolClient (GrpcClientProtocolClient.java:onNext(254)) - client-C82EA620EB9B->85302df8-7a7f-4077-a053-c26dc3d3d65a: receive RaftClientReply:client-C82EA620EB9B->85302df8-7a7f-4077-a053-c26dc3d3d65a@group-4701ABA8D7D0, cid=1849, SUCCESS, logIndex=3154, commits[85302df8-7a7f-4077-a053-c26dc3d3d65a:c3154]
2019-06-13 22:53:49,473 INFO  client.GrpcClientProtocolClient (GrpcClientProtocolClient.java:onNext(254)) - client-C82EA620EB9B->85302df8-7a7f-4077-a053-c26dc3d3d65a: receive RaftClientReply:client-C82EA620EB9B->85302df8-7a7f-4077-a053-c26dc3d3d65a@group-4701ABA8D7D0, cid=1850, SUCCESS, logIndex=3156, commits[85302df8-7a7f-4077-a053-c26dc3d3d65a:c3156]
2019-06-13 22:53:49,478 INFO  client.GrpcClientProtocolClient (GrpcClientProtocolClient.java:onNext(254)) - client-C82EA620EB9B->85302df8-7a7f-4077-a053-c26dc3d3d65a: receive RaftClientReply:client-C82EA620EB9B->85302df8-7a7f-4077-a053-c26dc3d3d65a@group-4701ABA8D7D0, cid=1851, SUCCESS, logIndex=3157, commits[85302df8-7a7f-4077-a053-c26dc3d3d65a:c3159]
2019-06-13 22:53:49,478 INFO  client.GrpcClientProtocolClient (GrpcClientProtocolClient.java:onNext(254)) - client-C82EA620EB9B->85302df8-7a7f-4077-a053-c26dc3d3d65a: receive RaftClientReply:client-C82EA620EB9B->85302df8-7a7f-4077-a053-c26dc3d3d65a@group-4701ABA8D7D0, cid=1852, SUCCESS, logIndex=3158, commits[85302df8-7a7f-4077-a053-c26dc3d3d65a:c3159]
2019-06-13 22:53:49,485 INFO  client.GrpcClientProtocolClient (GrpcClientProtocolClient.java:onNext(254)) - client-C82EA620EB9B->85302df8-7a7f-4077-a053-c26dc3d3d65a: receive RaftClientReply:client-C82EA620EB9B->85302df8-7a7f-4077-a053-c26dc3d3d65a@group-4701ABA8D7D0, cid=1853, SUCCESS, logIndex=3160, commits[85302df8-7a7f-4077-a053-c26dc3d3d65a:c3160]
2019-06-13 22:53:49,486 INFO  client.GrpcClientProtocolClient (GrpcClientProtocolClient.java:onNext(254)) - client-C82EA620EB9B->85302df8-7a7f-4077-a053-c26dc3d3d65a: receive RaftClientReply:client-C82EA620EB9B->85302df8-7a7f-4077-a053-c26dc3d3d65a@group-4701ABA8D7D0, cid=1854, SUCCESS, logIndex=3162, commits[85302df8-7a7f-4077-a053-c26dc3d3d65a:c3162]
2019-06-13 22:53:49,487 INFO  client.GrpcClientProtocolClient (GrpcClientProtocolClient.java:onNext(254)) - client-C82EA620EB9B->85302df8-7a7f-4077-a053-c26dc3d3d65a: receive RaftClientReply:client-C82EA620EB9B->85302df8-7a7f-4077-a053-c26dc3d3d65a@group-4701ABA8D7D0, cid=1855, SUCCESS, logIndex=3163, commits[85302df8-7a7f-4077-a053-c26dc3d3d65a:c3165]
2019-06-13 22:53:49,487 INFO  client.GrpcClientProtocolClient (GrpcClientProtocolClient.java:onNext(254)) - client-C82EA620EB9B->85302df8-7a7f-4077-a053-c26dc3d3d65a: receive RaftClientReply:client-C82EA620EB9B->85302df8-7a7f-4077-a053-c26dc3d3d65a@group-4701ABA8D7D0, cid=1856, SUCCESS, logIndex=3164, commits[85302df8-7a7f-4077-a053-c26dc3d3d65a:c3165]
2019-06-13 22:53:49,561 DEBUG block.SCMBlockDeletingService (SCMBlockDeletingService.java:call(138)) - Running DeletedBlockTransactionScanner
2019-06-13 22:53:49,562 DEBUG block.SCMBlockDeletingService (SCMBlockDeletingService.java:call(155)) - Scanned deleted blocks log and got 0 delTX to process.
2019-06-13 22:53:49,564 INFO  client.GrpcClientProtocolClient (GrpcClientProtocolClient.java:onNext(254)) - client-C82EA620EB9B->85302df8-7a7f-4077-a053-c26dc3d3d65a: receive RaftClientReply:client-C82EA620EB9B->85302df8-7a7f-4077-a053-c26dc3d3d65a@group-4701ABA8D7D0, cid=1857, SUCCESS, logIndex=3166, commits[85302df8-7a7f-4077-a053-c26dc3d3d65a:c3166]
2019-06-13 22:53:49,566 INFO  client.GrpcClientProtocolClient (GrpcClientProtocolClient.java:onNext(254)) - client-C82EA620EB9B->85302df8-7a7f-4077-a053-c26dc3d3d65a: receive RaftClientReply:client-C82EA620EB9B->85302df8-7a7f-4077-a053-c26dc3d3d65a@group-4701ABA8D7D0, cid=1858, SUCCESS, logIndex=3168, commits[85302df8-7a7f-4077-a053-c26dc3d3d65a:c3168]
2019-06-13 22:53:49,566 INFO  client.GrpcClientProtocolClient (GrpcClientProtocolClient.java:onNext(254)) - client-C82EA620EB9B->85302df8-7a7f-4077-a053-c26dc3d3d65a: receive RaftClientReply:client-C82EA620EB9B->85302df8-7a7f-4077-a053-c26dc3d3d65a@group-4701ABA8D7D0, cid=1859, SUCCESS, logIndex=3169, commits[85302df8-7a7f-4077-a053-c26dc3d3d65a:c3171]
2019-06-13 22:53:49,567 INFO  client.GrpcClientProtocolClient (GrpcClientProtocolClient.java:onNext(254)) - client-C82EA620EB9B->85302df8-7a7f-4077-a053-c26dc3d3d65a: receive RaftClientReply:client-C82EA620EB9B->85302df8-7a7f-4077-a053-c26dc3d3d65a@group-4701ABA8D7D0, cid=1860, SUCCESS, logIndex=3170, commits[85302df8-7a7f-4077-a053-c26dc3d3d65a:c3171]
2019-06-13 22:53:49,572 INFO  client.GrpcClientProtocolClient (GrpcClientProtocolClient.java:onNext(254)) - client-C82EA620EB9B->85302df8-7a7f-4077-a053-c26dc3d3d65a: receive RaftClientReply:client-C82EA620EB9B->85302df8-7a7f-4077-a053-c26dc3d3d65a@group-4701ABA8D7D0, cid=1861, SUCCESS, logIndex=3172, commits[85302df8-7a7f-4077-a053-c26dc3d3d65a:c3172]
2019-06-13 22:53:49,574 INFO  client.GrpcClientProtocolClient (GrpcClientProtocolClient.java:onNext(254)) - client-C82EA620EB9B->85302df8-7a7f-4077-a053-c26dc3d3d65a: receive RaftClientReply:client-C82EA620EB9B->85302df8-7a7f-4077-a053-c26dc3d3d65a@group-4701ABA8D7D0, cid=1862, SUCCESS, logIndex=3174, commits[85302df8-7a7f-4077-a053-c26dc3d3d65a:c3174]
2019-06-13 22:53:49,575 INFO  client.GrpcClientProtocolClient (GrpcClientProtocolClient.java:onNext(254)) - client-C82EA620EB9B->85302df8-7a7f-4077-a053-c26dc3d3d65a: receive RaftClientReply:client-C82EA620EB9B->85302df8-7a7f-4077-a053-c26dc3d3d65a@group-4701ABA8D7D0, cid=1863, SUCCESS, logIndex=3175, commits[85302df8-7a7f-4077-a053-c26dc3d3d65a:c3177]
2019-06-13 22:53:49,575 INFO  client.GrpcClientProtocolClient (GrpcClientProtocolClient.java:onNext(254)) - client-C82EA620EB9B->85302df8-7a7f-4077-a053-c26dc3d3d65a: receive RaftClientReply:client-C82EA620EB9B->85302df8-7a7f-4077-a053-c26dc3d3d65a@group-4701ABA8D7D0, cid=1864, SUCCESS, logIndex=3176, commits[85302df8-7a7f-4077-a053-c26dc3d3d65a:c3177]
2019-06-13 22:53:49,585 INFO  client.GrpcClientProtocolClient (GrpcClientProtocolClient.java:onNext(254)) - client-C82EA620EB9B->85302df8-7a7f-4077-a053-c26dc3d3d65a: receive RaftClientReply:client-C82EA620EB9B->85302df8-7a7f-4077-a053-c26dc3d3d65a@group-4701ABA8D7D0, cid=1865, SUCCESS, logIndex=3178, commits[85302df8-7a7f-4077-a053-c26dc3d3d65a:c3178]
2019-06-13 22:53:49,587 INFO  client.GrpcClientProtocolClient (GrpcClientProtocolClient.java:onNext(254)) - client-C82EA620EB9B->85302df8-7a7f-4077-a053-c26dc3d3d65a: receive RaftClientReply:client-C82EA620EB9B->85302df8-7a7f-4077-a053-c26dc3d3d65a@group-4701ABA8D7D0, cid=1866, SUCCESS, logIndex=3180, commits[85302df8-7a7f-4077-a053-c26dc3d3d65a:c3180]
2019-06-13 22:53:49,588 INFO  client.GrpcClientProtocolClient (GrpcClientProtocolClient.java:onNext(254)) - client-C82EA620EB9B->85302df8-7a7f-4077-a053-c26dc3d3d65a: receive RaftClientReply:client-C82EA620EB9B->85302df8-7a7f-4077-a053-c26dc3d3d65a@group-4701ABA8D7D0, cid=1867, SUCCESS, logIndex=3181, commits[85302df8-7a7f-4077-a053-c26dc3d3d65a:c3183]
2019-06-13 22:53:49,588 INFO  client.GrpcClientProtocolClient (GrpcClientProtocolClient.java:onNext(254)) - client-C82EA620EB9B->85302df8-7a7f-4077-a053-c26dc3d3d65a: receive RaftClientReply:client-C82EA620EB9B->85302df8-7a7f-4077-a053-c26dc3d3d65a@group-4701ABA8D7D0, cid=1868, SUCCESS, logIndex=3182, commits[85302df8-7a7f-4077-a053-c26dc3d3d65a:c3183]
2019-06-13 22:53:49,594 INFO  client.GrpcClientProtocolClient (GrpcClientProtocolClient.java:onNext(254)) - client-C82EA620EB9B->85302df8-7a7f-4077-a053-c26dc3d3d65a: receive RaftClientReply:client-C82EA620EB9B->85302df8-7a7f-4077-a053-c26dc3d3d65a@group-4701ABA8D7D0, cid=1869, SUCCESS, logIndex=3184, commits[85302df8-7a7f-4077-a053-c26dc3d3d65a:c3184]
2019-06-13 22:53:49,596 INFO  client.GrpcClientProtocolClient (GrpcClientProtocolClient.java:onNext(254)) - client-C82EA620EB9B->85302df8-7a7f-4077-a053-c26dc3d3d65a: receive RaftClientReply:client-C82EA620EB9B->85302df8-7a7f-4077-a053-c26dc3d3d65a@group-4701ABA8D7D0, cid=1870, SUCCESS, logIndex=3186, commits[85302df8-7a7f-4077-a053-c26dc3d3d65a:c3186]
2019-06-13 22:53:49,597 INFO  client.GrpcClientProtocolClient (GrpcClientProtocolClient.java:onNext(254)) - client-C82EA620EB9B->85302df8-7a7f-4077-a053-c26dc3d3d65a: receive RaftClientReply:client-C82EA620EB9B->85302df8-7a7f-4077-a053-c26dc3d3d65a@group-4701ABA8D7D0, cid=1871, SUCCESS, logIndex=3187, commits[85302df8-7a7f-4077-a053-c26dc3d3d65a:c3188]
2019-06-13 22:53:49,597 INFO  client.GrpcClientProtocolClient (GrpcClientProtocolClient.java:onNext(254)) - client-C82EA620EB9B->85302df8-7a7f-4077-a053-c26dc3d3d65a: receive RaftClientReply:client-C82EA620EB9B->85302df8-7a7f-4077-a053-c26dc3d3d65a@group-4701ABA8D7D0, cid=1872, SUCCESS, logIndex=3188, commits[85302df8-7a7f-4077-a053-c26dc3d3d65a:c3188]
2019-06-13 22:53:49,606 INFO  client.GrpcClientProtocolClient (GrpcClientProtocolClient.java:onNext(254)) - client-C82EA620EB9B->85302df8-7a7f-4077-a053-c26dc3d3d65a: receive RaftClientReply:client-C82EA620EB9B->85302df8-7a7f-4077-a053-c26dc3d3d65a@group-4701ABA8D7D0, cid=1873, SUCCESS, logIndex=3191, commits[85302df8-7a7f-4077-a053-c26dc3d3d65a:c3191]
2019-06-13 22:53:49,608 INFO  client.GrpcClientProtocolClient (GrpcClientProtocolClient.java:onNext(254)) - client-C82EA620EB9B->85302df8-7a7f-4077-a053-c26dc3d3d65a: receive RaftClientReply:client-C82EA620EB9B->85302df8-7a7f-4077-a053-c26dc3d3d65a@group-4701ABA8D7D0, cid=1874, SUCCESS, logIndex=3193, commits[85302df8-7a7f-4077-a053-c26dc3d3d65a:c3193]
2019-06-13 22:53:49,609 INFO  client.GrpcClientProtocolClient (GrpcClientProtocolClient.java:onNext(254)) - client-C82EA620EB9B->85302df8-7a7f-4077-a053-c26dc3d3d65a: receive RaftClientReply:client-C82EA620EB9B->85302df8-7a7f-4077-a053-c26dc3d3d65a@group-4701ABA8D7D0, cid=1875, SUCCESS, logIndex=3194, commits[85302df8-7a7f-4077-a053-c26dc3d3d65a:c3196]
2019-06-13 22:53:49,609 INFO  client.GrpcClientProtocolClient (GrpcClientProtocolClient.java:onNext(254)) - client-C82EA620EB9B->85302df8-7a7f-4077-a053-c26dc3d3d65a: receive RaftClientReply:client-C82EA620EB9B->85302df8-7a7f-4077-a053-c26dc3d3d65a@group-4701ABA8D7D0, cid=1876, SUCCESS, logIndex=3195, commits[85302df8-7a7f-4077-a053-c26dc3d3d65a:c3196]
2019-06-13 22:53:49,616 INFO  client.GrpcClientProtocolClient (GrpcClientProtocolClient.java:onNext(254)) - client-C82EA620EB9B->85302df8-7a7f-4077-a053-c26dc3d3d65a: receive RaftClientReply:client-C82EA620EB9B->85302df8-7a7f-4077-a053-c26dc3d3d65a@group-4701ABA8D7D0, cid=1877, SUCCESS, logIndex=3197, commits[85302df8-7a7f-4077-a053-c26dc3d3d65a:c3197]
2019-06-13 22:53:49,617 INFO  client.GrpcClientProtocolClient (GrpcClientProtocolClient.java:onNext(254)) - client-C82EA620EB9B->85302df8-7a7f-4077-a053-c26dc3d3d65a: receive RaftClientReply:client-C82EA620EB9B->85302df8-7a7f-4077-a053-c26dc3d3d65a@group-4701ABA8D7D0, cid=1878, SUCCESS, logIndex=3199, commits[85302df8-7a7f-4077-a053-c26dc3d3d65a:c3199]
2019-06-13 22:53:49,618 INFO  client.GrpcClientProtocolClient (GrpcClientProtocolClient.java:onNext(254)) - client-C82EA620EB9B->85302df8-7a7f-4077-a053-c26dc3d3d65a: receive RaftClientReply:client-C82EA620EB9B->85302df8-7a7f-4077-a053-c26dc3d3d65a@group-4701ABA8D7D0, cid=1879, SUCCESS, logIndex=3200, commits[85302df8-7a7f-4077-a053-c26dc3d3d65a:c3202]
2019-06-13 22:53:49,619 INFO  client.GrpcClientProtocolClient (GrpcClientProtocolClient.java:onNext(254)) - client-C82EA620EB9B->85302df8-7a7f-4077-a053-c26dc3d3d65a: receive RaftClientReply:client-C82EA620EB9B->85302df8-7a7f-4077-a053-c26dc3d3d65a@group-4701ABA8D7D0, cid=1880, SUCCESS, logIndex=3201, commits[85302df8-7a7f-4077-a053-c26dc3d3d65a:c3202]
2019-06-13 22:53:49,632 INFO  client.GrpcClientProtocolClient (GrpcClientProtocolClient.java:onNext(254)) - client-C82EA620EB9B->85302df8-7a7f-4077-a053-c26dc3d3d65a: receive RaftClientReply:client-C82EA620EB9B->85302df8-7a7f-4077-a053-c26dc3d3d65a@group-4701ABA8D7D0, cid=1881, SUCCESS, logIndex=3203, commits[85302df8-7a7f-4077-a053-c26dc3d3d65a:c3203]
2019-06-13 22:53:49,634 INFO  client.GrpcClientProtocolClient (GrpcClientProtocolClient.java:onNext(254)) - client-C82EA620EB9B->85302df8-7a7f-4077-a053-c26dc3d3d65a: receive RaftClientReply:client-C82EA620EB9B->85302df8-7a7f-4077-a053-c26dc3d3d65a@group-4701ABA8D7D0, cid=1882, SUCCESS, logIndex=3205, commits[85302df8-7a7f-4077-a053-c26dc3d3d65a:c3205]
2019-06-13 22:53:49,635 INFO  client.GrpcClientProtocolClient (GrpcClientProtocolClient.java:onNext(254)) - client-C82EA620EB9B->85302df8-7a7f-4077-a053-c26dc3d3d65a: receive RaftClientReply:client-C82EA620EB9B->85302df8-7a7f-4077-a053-c26dc3d3d65a@group-4701ABA8D7D0, cid=1883, SUCCESS, logIndex=3206, commits[85302df8-7a7f-4077-a053-c26dc3d3d65a:c3208]
2019-06-13 22:53:49,635 INFO  client.GrpcClientProtocolClient (GrpcClientProtocolClient.java:onNext(254)) - client-C82EA620EB9B->85302df8-7a7f-4077-a053-c26dc3d3d65a: receive RaftClientReply:client-C82EA620EB9B->85302df8-7a7f-4077-a053-c26dc3d3d65a@group-4701ABA8D7D0, cid=1884, SUCCESS, logIndex=3207, commits[85302df8-7a7f-4077-a053-c26dc3d3d65a:c3208]
2019-06-13 22:53:49,641 INFO  client.GrpcClientProtocolClient (GrpcClientProtocolClient.java:onNext(254)) - client-C82EA620EB9B->85302df8-7a7f-4077-a053-c26dc3d3d65a: receive RaftClientReply:client-C82EA620EB9B->85302df8-7a7f-4077-a053-c26dc3d3d65a@group-4701ABA8D7D0, cid=1885, SUCCESS, logIndex=3209, commits[85302df8-7a7f-4077-a053-c26dc3d3d65a:c3209]
2019-06-13 22:53:49,641 INFO  storage.RaftLogWorker (RaftLogWorker.java:rollLogSegment(303)) - 85302df8-7a7f-4077-a053-c26dc3d3d65a-RaftLogWorker: Rolling segment log-3145_3210 to index:3210
2019-06-13 22:53:49,641 INFO  storage.RaftLogWorker (RaftLogWorker.java:execute(433)) - 85302df8-7a7f-4077-a053-c26dc3d3d65a-RaftLogWorker: Rolled log segment from /opt/src/hadoop-ozone/integration-test/target/test-dir/MiniOzoneClusterImpl-550f9ca0-a6d9-4a4a-902f-f07ac81eac7b/datanode-0/data/ratis/5ad10fc2-5a33-4bdd-8958-4701aba8d7d0/current/log_inprogress_3145 to /opt/src/hadoop-ozone/integration-test/target/test-dir/MiniOzoneClusterImpl-550f9ca0-a6d9-4a4a-902f-f07ac81eac7b/datanode-0/data/ratis/5ad10fc2-5a33-4bdd-8958-4701aba8d7d0/current/log_3145-3210
2019-06-13 22:53:49,662 DEBUG block.SCMBlockDeletingService (SCMBlockDeletingService.java:call(138)) - Running DeletedBlockTransactionScanner
2019-06-13 22:53:49,662 DEBUG block.SCMBlockDeletingService (SCMBlockDeletingService.java:call(155)) - Scanned deleted blocks log and got 0 delTX to process.
2019-06-13 22:53:49,677 INFO  storage.RaftLogWorker (RaftLogWorker.java:execute(469)) - 85302df8-7a7f-4077-a053-c26dc3d3d65a-RaftLogWorker: created new log segment /opt/src/hadoop-ozone/integration-test/target/test-dir/MiniOzoneClusterImpl-550f9ca0-a6d9-4a4a-902f-f07ac81eac7b/datanode-0/data/ratis/5ad10fc2-5a33-4bdd-8958-4701aba8d7d0/current/log_inprogress_3211
2019-06-13 22:53:49,679 INFO  client.GrpcClientProtocolClient (GrpcClientProtocolClient.java:onNext(254)) - client-C82EA620EB9B->85302df8-7a7f-4077-a053-c26dc3d3d65a: receive RaftClientReply:client-C82EA620EB9B->85302df8-7a7f-4077-a053-c26dc3d3d65a@group-4701ABA8D7D0, cid=1886, SUCCESS, logIndex=3211, commits[85302df8-7a7f-4077-a053-c26dc3d3d65a:c3213]
2019-06-13 22:53:49,680 INFO  client.GrpcClientProtocolClient (GrpcClientProtocolClient.java:onNext(254)) - client-C82EA620EB9B->85302df8-7a7f-4077-a053-c26dc3d3d65a: receive RaftClientReply:client-C82EA620EB9B->85302df8-7a7f-4077-a053-c26dc3d3d65a@group-4701ABA8D7D0, cid=1887, SUCCESS, logIndex=3212, commits[85302df8-7a7f-4077-a053-c26dc3d3d65a:c3213]
2019-06-13 22:53:49,680 INFO  client.GrpcClientProtocolClient (GrpcClientProtocolClient.java:onNext(254)) - client-C82EA620EB9B->85302df8-7a7f-4077-a053-c26dc3d3d65a: receive RaftClientReply:client-C82EA620EB9B->85302df8-7a7f-4077-a053-c26dc3d3d65a@group-4701ABA8D7D0, cid=1888, SUCCESS, logIndex=3213, commits[85302df8-7a7f-4077-a053-c26dc3d3d65a:c3213]
2019-06-13 22:53:49,694 INFO  client.GrpcClientProtocolClient (GrpcClientProtocolClient.java:onNext(254)) - client-C82EA620EB9B->85302df8-7a7f-4077-a053-c26dc3d3d65a: receive RaftClientReply:client-C82EA620EB9B->85302df8-7a7f-4077-a053-c26dc3d3d65a@group-4701ABA8D7D0, cid=1889, SUCCESS, logIndex=3215, commits[85302df8-7a7f-4077-a053-c26dc3d3d65a:c3216]
2019-06-13 22:53:49,696 INFO  client.GrpcClientProtocolClient (GrpcClientProtocolClient.java:onNext(254)) - client-C82EA620EB9B->85302df8-7a7f-4077-a053-c26dc3d3d65a: receive RaftClientReply:client-C82EA620EB9B->85302df8-7a7f-4077-a053-c26dc3d3d65a@group-4701ABA8D7D0, cid=1890, SUCCESS, logIndex=3217, commits[85302df8-7a7f-4077-a053-c26dc3d3d65a:c3217]
2019-06-13 22:53:49,697 INFO  client.GrpcClientProtocolClient (GrpcClientProtocolClient.java:onNext(254)) - client-C82EA620EB9B->85302df8-7a7f-4077-a053-c26dc3d3d65a: receive RaftClientReply:client-C82EA620EB9B->85302df8-7a7f-4077-a053-c26dc3d3d65a@group-4701ABA8D7D0, cid=1891, SUCCESS, logIndex=3218, commits[85302df8-7a7f-4077-a053-c26dc3d3d65a:c3218]
2019-06-13 22:53:49,697 INFO  client.GrpcClientProtocolClient (GrpcClientProtocolClient.java:onNext(254)) - client-C82EA620EB9B->85302df8-7a7f-4077-a053-c26dc3d3d65a: receive RaftClientReply:client-C82EA620EB9B->85302df8-7a7f-4077-a053-c26dc3d3d65a@group-4701ABA8D7D0, cid=1892, SUCCESS, logIndex=3220, commits[85302df8-7a7f-4077-a053-c26dc3d3d65a:c3220]
2019-06-13 22:53:49,703 INFO  client.GrpcClientProtocolClient (GrpcClientProtocolClient.java:onNext(254)) - client-C82EA620EB9B->85302df8-7a7f-4077-a053-c26dc3d3d65a: receive RaftClientReply:client-C82EA620EB9B->85302df8-7a7f-4077-a053-c26dc3d3d65a@group-4701ABA8D7D0, cid=1893, SUCCESS, logIndex=3223, commits[85302df8-7a7f-4077-a053-c26dc3d3d65a:c3223]
2019-06-13 22:53:49,705 INFO  client.GrpcClientProtocolClient (GrpcClientProtocolClient.java:onNext(254)) - client-C82EA620EB9B->85302df8-7a7f-4077-a053-c26dc3d3d65a: receive RaftClientReply:client-C82EA620EB9B->85302df8-7a7f-4077-a053-c26dc3d3d65a@group-4701ABA8D7D0, cid=1894, SUCCESS, logIndex=3225, commits[85302df8-7a7f-4077-a053-c26dc3d3d65a:c3225]
2019-06-13 22:53:49,706 INFO  client.GrpcClientProtocolClient (GrpcClientProtocolClient.java:onNext(254)) - client-C82EA620EB9B->85302df8-7a7f-4077-a053-c26dc3d3d65a: receive RaftClientReply:client-C82EA620EB9B->85302df8-7a7f-4077-a053-c26dc3d3d65a@group-4701ABA8D7D0, cid=1895, SUCCESS, logIndex=3226, commits[85302df8-7a7f-4077-a053-c26dc3d3d65a:c3228]
2019-06-13 22:53:49,706 INFO  client.GrpcClientProtocolClient (GrpcClientProtocolClient.java:onNext(254)) - client-C82EA620EB9B->85302df8-7a7f-4077-a053-c26dc3d3d65a: receive RaftClientReply:client-C82EA620EB9B->85302df8-7a7f-4077-a053-c26dc3d3d65a@group-4701ABA8D7D0, cid=1896, SUCCESS, logIndex=3227, commits[85302df8-7a7f-4077-a053-c26dc3d3d65a:c3228]
2019-06-13 22:53:49,715 INFO  client.GrpcClientProtocolClient (GrpcClientProtocolClient.java:onNext(254)) - client-C82EA620EB9B->85302df8-7a7f-4077-a053-c26dc3d3d65a: receive RaftClientReply:client-C82EA620EB9B->85302df8-7a7f-4077-a053-c26dc3d3d65a@group-4701ABA8D7D0, cid=1897, SUCCESS, logIndex=3229, commits[85302df8-7a7f-4077-a053-c26dc3d3d65a:c3229]
2019-06-13 22:53:49,717 INFO  client.GrpcClientProtocolClient (GrpcClientProtocolClient.java:onNext(254)) - client-C82EA620EB9B->85302df8-7a7f-4077-a053-c26dc3d3d65a: receive RaftClientReply:client-C82EA620EB9B->85302df8-7a7f-4077-a053-c26dc3d3d65a@group-4701ABA8D7D0, cid=1898, SUCCESS, logIndex=3231, commits[85302df8-7a7f-4077-a053-c26dc3d3d65a:c3231]
2019-06-13 22:53:49,718 INFO  client.GrpcClientProtocolClient (GrpcClientProtocolClient.java:onNext(254)) - client-C82EA620EB9B->85302df8-7a7f-4077-a053-c26dc3d3d65a: receive RaftClientReply:client-C82EA620EB9B->85302df8-7a7f-4077-a053-c26dc3d3d65a@group-4701ABA8D7D0, cid=1899, SUCCESS, logIndex=3232, commits[85302df8-7a7f-4077-a053-c26dc3d3d65a:c3234]
2019-06-13 22:53:49,720 INFO  client.GrpcClientProtocolClient (GrpcClientProtocolClient.java:onNext(254)) - client-C82EA620EB9B->85302df8-7a7f-4077-a053-c26dc3d3d65a: receive RaftClientReply:client-C82EA620EB9B->85302df8-7a7f-4077-a053-c26dc3d3d65a@group-4701ABA8D7D0, cid=1900, SUCCESS, logIndex=3233, commits[85302df8-7a7f-4077-a053-c26dc3d3d65a:c3234]
2019-06-13 22:53:49,762 DEBUG block.SCMBlockDeletingService (SCMBlockDeletingService.java:call(138)) - Running DeletedBlockTransactionScanner
2019-06-13 22:53:49,762 DEBUG block.SCMBlockDeletingService (SCMBlockDeletingService.java:call(155)) - Scanned deleted blocks log and got 0 delTX to process.
2019-06-13 22:53:49,792 INFO  client.GrpcClientProtocolClient (GrpcClientProtocolClient.java:onNext(254)) - client-C82EA620EB9B->85302df8-7a7f-4077-a053-c26dc3d3d65a: receive RaftClientReply:client-C82EA620EB9B->85302df8-7a7f-4077-a053-c26dc3d3d65a@group-4701ABA8D7D0, cid=1901, SUCCESS, logIndex=3235, commits[85302df8-7a7f-4077-a053-c26dc3d3d65a:c3235]
2019-06-13 22:53:49,794 INFO  client.GrpcClientProtocolClient (GrpcClientProtocolClient.java:onNext(254)) - client-C82EA620EB9B->85302df8-7a7f-4077-a053-c26dc3d3d65a: receive RaftClientReply:client-C82EA620EB9B->85302df8-7a7f-4077-a053-c26dc3d3d65a@group-4701ABA8D7D0, cid=1902, SUCCESS, logIndex=3237, commits[85302df8-7a7f-4077-a053-c26dc3d3d65a:c3237]
2019-06-13 22:53:49,795 INFO  client.GrpcClientProtocolClient (GrpcClientProtocolClient.java:onNext(254)) - client-C82EA620EB9B->85302df8-7a7f-4077-a053-c26dc3d3d65a: receive RaftClientReply:client-C82EA620EB9B->85302df8-7a7f-4077-a053-c26dc3d3d65a@group-4701ABA8D7D0, cid=1903, SUCCESS, logIndex=3238, commits[85302df8-7a7f-4077-a053-c26dc3d3d65a:c3240]
2019-06-13 22:53:49,795 INFO  client.GrpcClientProtocolClient (GrpcClientProtocolClient.java:onNext(254)) - client-C82EA620EB9B->85302df8-7a7f-4077-a053-c26dc3d3d65a: receive RaftClientReply:client-C82EA620EB9B->85302df8-7a7f-4077-a053-c26dc3d3d65a@group-4701ABA8D7D0, cid=1904, SUCCESS, logIndex=3239, commits[85302df8-7a7f-4077-a053-c26dc3d3d65a:c3240]
2019-06-13 22:53:49,805 INFO  client.GrpcClientProtocolClient (GrpcClientProtocolClient.java:onNext(254)) - client-C82EA620EB9B->85302df8-7a7f-4077-a053-c26dc3d3d65a: receive RaftClientReply:client-C82EA620EB9B->85302df8-7a7f-4077-a053-c26dc3d3d65a@group-4701ABA8D7D0, cid=1905, SUCCESS, logIndex=3241, commits[85302df8-7a7f-4077-a053-c26dc3d3d65a:c3241]
2019-06-13 22:53:49,806 INFO  client.GrpcClientProtocolClient (GrpcClientProtocolClient.java:onNext(254)) - client-C82EA620EB9B->85302df8-7a7f-4077-a053-c26dc3d3d65a: receive RaftClientReply:client-C82EA620EB9B->85302df8-7a7f-4077-a053-c26dc3d3d65a@group-4701ABA8D7D0, cid=1906, SUCCESS, logIndex=3243, commits[85302df8-7a7f-4077-a053-c26dc3d3d65a:c3243]
2019-06-13 22:53:49,808 INFO  client.GrpcClientProtocolClient (GrpcClientProtocolClient.java:onNext(254)) - client-C82EA620EB9B->85302df8-7a7f-4077-a053-c26dc3d3d65a: receive RaftClientReply:client-C82EA620EB9B->85302df8-7a7f-4077-a053-c26dc3d3d65a@group-4701ABA8D7D0, cid=1907, SUCCESS, logIndex=3244, commits[85302df8-7a7f-4077-a053-c26dc3d3d65a:c3246]
2019-06-13 22:53:49,808 INFO  client.GrpcClientProtocolClient (GrpcClientProtocolClient.java:onNext(254)) - client-C82EA620EB9B->85302df8-7a7f-4077-a053-c26dc3d3d65a: receive RaftClientReply:client-C82EA620EB9B->85302df8-7a7f-4077-a053-c26dc3d3d65a@group-4701ABA8D7D0, cid=1908, SUCCESS, logIndex=3245, commits[85302df8-7a7f-4077-a053-c26dc3d3d65a:c3246]
2019-06-13 22:53:49,813 INFO  client.GrpcClientProtocolClient (GrpcClientProtocolClient.java:onNext(254)) - client-C82EA620EB9B->85302df8-7a7f-4077-a053-c26dc3d3d65a: receive RaftClientReply:client-C82EA620EB9B->85302df8-7a7f-4077-a053-c26dc3d3d65a@group-4701ABA8D7D0, cid=1909, SUCCESS, logIndex=3247, commits[85302df8-7a7f-4077-a053-c26dc3d3d65a:c3247]
2019-06-13 22:53:49,815 INFO  client.GrpcClientProtocolClient (GrpcClientProtocolClient.java:onNext(254)) - client-C82EA620EB9B->85302df8-7a7f-4077-a053-c26dc3d3d65a: receive RaftClientReply:client-C82EA620EB9B->85302df8-7a7f-4077-a053-c26dc3d3d65a@group-4701ABA8D7D0, cid=1910, SUCCESS, logIndex=3249, commits[85302df8-7a7f-4077-a053-c26dc3d3d65a:c3249]
2019-06-13 22:53:49,816 INFO  client.GrpcClientProtocolClient (GrpcClientProtocolClient.java:onNext(254)) - client-C82EA620EB9B->85302df8-7a7f-4077-a053-c26dc3d3d65a: receive RaftClientReply:client-C82EA620EB9B->85302df8-7a7f-4077-a053-c26dc3d3d65a@group-4701ABA8D7D0, cid=1911, SUCCESS, logIndex=3250, commits[85302df8-7a7f-4077-a053-c26dc3d3d65a:c3252]
2019-06-13 22:53:49,816 INFO  client.GrpcClientProtocolClient (GrpcClientProtocolClient.java:onNext(254)) - client-C82EA620EB9B->85302df8-7a7f-4077-a053-c26dc3d3d65a: receive RaftClientReply:client-C82EA620EB9B->85302df8-7a7f-4077-a053-c26dc3d3d65a@group-4701ABA8D7D0, cid=1912, SUCCESS, logIndex=3251, commits[85302df8-7a7f-4077-a053-c26dc3d3d65a:c3252]
2019-06-13 22:53:49,860 INFO  client.GrpcClientProtocolClient (GrpcClientProtocolClient.java:onNext(254)) - client-C82EA620EB9B->85302df8-7a7f-4077-a053-c26dc3d3d65a: receive RaftClientReply:client-C82EA620EB9B->85302df8-7a7f-4077-a053-c26dc3d3d65a@group-4701ABA8D7D0, cid=1913, SUCCESS, logIndex=3253, commits[85302df8-7a7f-4077-a053-c26dc3d3d65a:c3253]
2019-06-13 22:53:49,862 INFO  client.GrpcClientProtocolClient (GrpcClientProtocolClient.java:onNext(254)) - client-C82EA620EB9B->85302df8-7a7f-4077-a053-c26dc3d3d65a: receive RaftClientReply:client-C82EA620EB9B->85302df8-7a7f-4077-a053-c26dc3d3d65a@group-4701ABA8D7D0, cid=1914, SUCCESS, logIndex=3255, commits[85302df8-7a7f-4077-a053-c26dc3d3d65a:c3255]
2019-06-13 22:53:49,863 DEBUG block.SCMBlockDeletingService (SCMBlockDeletingService.java:call(138)) - Running DeletedBlockTransactionScanner
2019-06-13 22:53:49,863 DEBUG block.SCMBlockDeletingService (SCMBlockDeletingService.java:call(155)) - Scanned deleted blocks log and got 0 delTX to process.
2019-06-13 22:53:49,863 INFO  client.GrpcClientProtocolClient (GrpcClientProtocolClient.java:onNext(254)) - client-C82EA620EB9B->85302df8-7a7f-4077-a053-c26dc3d3d65a: receive RaftClientReply:client-C82EA620EB9B->85302df8-7a7f-4077-a053-c26dc3d3d65a@group-4701ABA8D7D0, cid=1915, SUCCESS, logIndex=3256, commits[85302df8-7a7f-4077-a053-c26dc3d3d65a:c3258]
2019-06-13 22:53:49,864 INFO  client.GrpcClientProtocolClient (GrpcClientProtocolClient.java:onNext(254)) - client-C82EA620EB9B->85302df8-7a7f-4077-a053-c26dc3d3d65a: receive RaftClientReply:client-C82EA620EB9B->85302df8-7a7f-4077-a053-c26dc3d3d65a@group-4701ABA8D7D0, cid=1916, SUCCESS, logIndex=3258, commits[85302df8-7a7f-4077-a053-c26dc3d3d65a:c3258]
2019-06-13 22:53:49,869 INFO  client.GrpcClientProtocolClient (GrpcClientProtocolClient.java:onNext(254)) - client-C82EA620EB9B->85302df8-7a7f-4077-a053-c26dc3d3d65a: receive RaftClientReply:client-C82EA620EB9B->85302df8-7a7f-4077-a053-c26dc3d3d65a@group-4701ABA8D7D0, cid=1917, SUCCESS, logIndex=3260, commits[85302df8-7a7f-4077-a053-c26dc3d3d65a:c3260]
2019-06-13 22:53:49,872 INFO  client.GrpcClientProtocolClient (GrpcClientProtocolClient.java:onNext(254)) - client-C82EA620EB9B->85302df8-7a7f-4077-a053-c26dc3d3d65a: receive RaftClientReply:client-C82EA620EB9B->85302df8-7a7f-4077-a053-c26dc3d3d65a@group-4701ABA8D7D0, cid=1918, SUCCESS, logIndex=3262, commits[85302df8-7a7f-4077-a053-c26dc3d3d65a:c3264]
2019-06-13 22:53:49,872 INFO  client.GrpcClientProtocolClient (GrpcClientProtocolClient.java:onNext(254)) - client-C82EA620EB9B->85302df8-7a7f-4077-a053-c26dc3d3d65a: receive RaftClientReply:client-C82EA620EB9B->85302df8-7a7f-4077-a053-c26dc3d3d65a@group-4701ABA8D7D0, cid=1919, SUCCESS, logIndex=3263, commits[85302df8-7a7f-4077-a053-c26dc3d3d65a:c3264]
2019-06-13 22:53:49,873 INFO  client.GrpcClientProtocolClient (GrpcClientProtocolClient.java:onNext(254)) - client-C82EA620EB9B->85302df8-7a7f-4077-a053-c26dc3d3d65a: receive RaftClientReply:client-C82EA620EB9B->85302df8-7a7f-4077-a053-c26dc3d3d65a@group-4701ABA8D7D0, cid=1920, SUCCESS, logIndex=3264, commits[85302df8-7a7f-4077-a053-c26dc3d3d65a:c3265]
2019-06-13 22:53:49,883 INFO  client.GrpcClientProtocolClient (GrpcClientProtocolClient.java:onNext(254)) - client-C82EA620EB9B->85302df8-7a7f-4077-a053-c26dc3d3d65a: receive RaftClientReply:client-C82EA620EB9B->85302df8-7a7f-4077-a053-c26dc3d3d65a@group-4701ABA8D7D0, cid=1921, SUCCESS, logIndex=3266, commits[85302df8-7a7f-4077-a053-c26dc3d3d65a:c3266]
2019-06-13 22:53:49,885 INFO  client.GrpcClientProtocolClient (GrpcClientProtocolClient.java:onNext(254)) - client-C82EA620EB9B->85302df8-7a7f-4077-a053-c26dc3d3d65a: receive RaftClientReply:client-C82EA620EB9B->85302df8-7a7f-4077-a053-c26dc3d3d65a@group-4701ABA8D7D0, cid=1922, SUCCESS, logIndex=3268, commits[85302df8-7a7f-4077-a053-c26dc3d3d65a:c3268]
2019-06-13 22:53:49,890 INFO  client.GrpcClientProtocolClient (GrpcClientProtocolClient.java:onNext(254)) - client-C82EA620EB9B->85302df8-7a7f-4077-a053-c26dc3d3d65a: receive RaftClientReply:client-C82EA620EB9B->85302df8-7a7f-4077-a053-c26dc3d3d65a@group-4701ABA8D7D0, cid=1923, SUCCESS, logIndex=3269, commits[85302df8-7a7f-4077-a053-c26dc3d3d65a:c3271]
2019-06-13 22:53:49,890 INFO  client.GrpcClientProtocolClient (GrpcClientProtocolClient.java:onNext(254)) - client-C82EA620EB9B->85302df8-7a7f-4077-a053-c26dc3d3d65a: receive RaftClientReply:client-C82EA620EB9B->85302df8-7a7f-4077-a053-c26dc3d3d65a@group-4701ABA8D7D0, cid=1924, SUCCESS, logIndex=3270, commits[85302df8-7a7f-4077-a053-c26dc3d3d65a:c3271]
2019-06-13 22:53:49,896 INFO  client.GrpcClientProtocolClient (GrpcClientProtocolClient.java:onNext(254)) - client-C82EA620EB9B->85302df8-7a7f-4077-a053-c26dc3d3d65a: receive RaftClientReply:client-C82EA620EB9B->85302df8-7a7f-4077-a053-c26dc3d3d65a@group-4701ABA8D7D0, cid=1925, SUCCESS, logIndex=3272, commits[85302df8-7a7f-4077-a053-c26dc3d3d65a:c3272]
2019-06-13 22:53:49,898 INFO  client.GrpcClientProtocolClient (GrpcClientProtocolClient.java:onNext(254)) - client-C82EA620EB9B->85302df8-7a7f-4077-a053-c26dc3d3d65a: receive RaftClientReply:client-C82EA620EB9B->85302df8-7a7f-4077-a053-c26dc3d3d65a@group-4701ABA8D7D0, cid=1926, SUCCESS, logIndex=3274, commits[85302df8-7a7f-4077-a053-c26dc3d3d65a:c3274]
2019-06-13 22:53:49,899 INFO  client.GrpcClientProtocolClient (GrpcClientProtocolClient.java:onNext(254)) - client-C82EA620EB9B->85302df8-7a7f-4077-a053-c26dc3d3d65a: receive RaftClientReply:client-C82EA620EB9B->85302df8-7a7f-4077-a053-c26dc3d3d65a@group-4701ABA8D7D0, cid=1927, SUCCESS, logIndex=3275, commits[85302df8-7a7f-4077-a053-c26dc3d3d65a:c3277]
2019-06-13 22:53:49,900 INFO  client.GrpcClientProtocolClient (GrpcClientProtocolClient.java:onNext(254)) - client-C82EA620EB9B->85302df8-7a7f-4077-a053-c26dc3d3d65a: receive RaftClientReply:client-C82EA620EB9B->85302df8-7a7f-4077-a053-c26dc3d3d65a@group-4701ABA8D7D0, cid=1928, SUCCESS, logIndex=3276, commits[85302df8-7a7f-4077-a053-c26dc3d3d65a:c3277]
2019-06-13 22:53:49,907 INFO  storage.RaftLogWorker (RaftLogWorker.java:rollLogSegment(303)) - 85302df8-7a7f-4077-a053-c26dc3d3d65a-RaftLogWorker: Rolling segment log-3211_3277 to index:3277
2019-06-13 22:53:49,907 INFO  storage.RaftLogWorker (RaftLogWorker.java:execute(433)) - 85302df8-7a7f-4077-a053-c26dc3d3d65a-RaftLogWorker: Rolled log segment from /opt/src/hadoop-ozone/integration-test/target/test-dir/MiniOzoneClusterImpl-550f9ca0-a6d9-4a4a-902f-f07ac81eac7b/datanode-0/data/ratis/5ad10fc2-5a33-4bdd-8958-4701aba8d7d0/current/log_inprogress_3211 to /opt/src/hadoop-ozone/integration-test/target/test-dir/MiniOzoneClusterImpl-550f9ca0-a6d9-4a4a-902f-f07ac81eac7b/datanode-0/data/ratis/5ad10fc2-5a33-4bdd-8958-4701aba8d7d0/current/log_3211-3277
2019-06-13 22:53:49,943 INFO  storage.RaftLogWorker (RaftLogWorker.java:execute(469)) - 85302df8-7a7f-4077-a053-c26dc3d3d65a-RaftLogWorker: created new log segment /opt/src/hadoop-ozone/integration-test/target/test-dir/MiniOzoneClusterImpl-550f9ca0-a6d9-4a4a-902f-f07ac81eac7b/datanode-0/data/ratis/5ad10fc2-5a33-4bdd-8958-4701aba8d7d0/current/log_inprogress_3278
2019-06-13 22:53:49,945 INFO  client.GrpcClientProtocolClient (GrpcClientProtocolClient.java:onNext(254)) - client-C82EA620EB9B->85302df8-7a7f-4077-a053-c26dc3d3d65a: receive RaftClientReply:client-C82EA620EB9B->85302df8-7a7f-4077-a053-c26dc3d3d65a@group-4701ABA8D7D0, cid=1929, SUCCESS, logIndex=3278, commits[85302df8-7a7f-4077-a053-c26dc3d3d65a:c3278]
2019-06-13 22:53:49,947 INFO  client.GrpcClientProtocolClient (GrpcClientProtocolClient.java:onNext(254)) - client-C82EA620EB9B->85302df8-7a7f-4077-a053-c26dc3d3d65a: receive RaftClientReply:client-C82EA620EB9B->85302df8-7a7f-4077-a053-c26dc3d3d65a@group-4701ABA8D7D0, cid=1930, SUCCESS, logIndex=3280, commits[85302df8-7a7f-4077-a053-c26dc3d3d65a:c3280]
2019-06-13 22:53:49,948 INFO  client.GrpcClientProtocolClient (GrpcClientProtocolClient.java:onNext(254)) - client-C82EA620EB9B->85302df8-7a7f-4077-a053-c26dc3d3d65a: receive RaftClientReply:client-C82EA620EB9B->85302df8-7a7f-4077-a053-c26dc3d3d65a@group-4701ABA8D7D0, cid=1931, SUCCESS, logIndex=3281, commits[85302df8-7a7f-4077-a053-c26dc3d3d65a:c3283]
2019-06-13 22:53:49,948 INFO  client.GrpcClientProtocolClient (GrpcClientProtocolClient.java:onNext(254)) - client-C82EA620EB9B->85302df8-7a7f-4077-a053-c26dc3d3d65a: receive RaftClientReply:client-C82EA620EB9B->85302df8-7a7f-4077-a053-c26dc3d3d65a@group-4701ABA8D7D0, cid=1932, SUCCESS, logIndex=3282, commits[85302df8-7a7f-4077-a053-c26dc3d3d65a:c3283]
2019-06-13 22:53:49,954 INFO  client.GrpcClientProtocolClient (GrpcClientProtocolClient.java:onNext(254)) - client-C82EA620EB9B->85302df8-7a7f-4077-a053-c26dc3d3d65a: receive RaftClientReply:client-C82EA620EB9B->85302df8-7a7f-4077-a053-c26dc3d3d65a@group-4701ABA8D7D0, cid=1933, SUCCESS, logIndex=3284, commits[85302df8-7a7f-4077-a053-c26dc3d3d65a:c3284]
2019-06-13 22:53:49,956 INFO  client.GrpcClientProtocolClient (GrpcClientProtocolClient.java:onNext(254)) - client-C82EA620EB9B->85302df8-7a7f-4077-a053-c26dc3d3d65a: receive RaftClientReply:client-C82EA620EB9B->85302df8-7a7f-4077-a053-c26dc3d3d65a@group-4701ABA8D7D0, cid=1934, SUCCESS, logIndex=3286, commits[85302df8-7a7f-4077-a053-c26dc3d3d65a:c3286]
2019-06-13 22:53:49,957 INFO  client.GrpcClientProtocolClient (GrpcClientProtocolClient.java:onNext(254)) - client-C82EA620EB9B->85302df8-7a7f-4077-a053-c26dc3d3d65a: receive RaftClientReply:client-C82EA620EB9B->85302df8-7a7f-4077-a053-c26dc3d3d65a@group-4701ABA8D7D0, cid=1935, SUCCESS, logIndex=3287, commits[85302df8-7a7f-4077-a053-c26dc3d3d65a:c3288]
2019-06-13 22:53:49,958 INFO  client.GrpcClientProtocolClient (GrpcClientProtocolClient.java:onNext(254)) - client-C82EA620EB9B->85302df8-7a7f-4077-a053-c26dc3d3d65a: receive RaftClientReply:client-C82EA620EB9B->85302df8-7a7f-4077-a053-c26dc3d3d65a@group-4701ABA8D7D0, cid=1936, SUCCESS, logIndex=3288, commits[85302df8-7a7f-4077-a053-c26dc3d3d65a:c3288]
2019-06-13 22:53:49,963 DEBUG block.SCMBlockDeletingService (SCMBlockDeletingService.java:call(138)) - Running DeletedBlockTransactionScanner
2019-06-13 22:53:49,963 DEBUG block.SCMBlockDeletingService (SCMBlockDeletingService.java:call(155)) - Scanned deleted blocks log and got 0 delTX to process.
2019-06-13 22:53:49,967 INFO  client.GrpcClientProtocolClient (GrpcClientProtocolClient.java:onNext(254)) - client-C82EA620EB9B->85302df8-7a7f-4077-a053-c26dc3d3d65a: receive RaftClientReply:client-C82EA620EB9B->85302df8-7a7f-4077-a053-c26dc3d3d65a@group-4701ABA8D7D0, cid=1937, SUCCESS, logIndex=3291, commits[85302df8-7a7f-4077-a053-c26dc3d3d65a:c3291]
2019-06-13 22:53:49,969 INFO  client.GrpcClientProtocolClient (GrpcClientProtocolClient.java:onNext(254)) - client-C82EA620EB9B->85302df8-7a7f-4077-a053-c26dc3d3d65a: receive RaftClientReply:client-C82EA620EB9B->85302df8-7a7f-4077-a053-c26dc3d3d65a@group-4701ABA8D7D0, cid=1938, SUCCESS, logIndex=3293, commits[85302df8-7a7f-4077-a053-c26dc3d3d65a:c3293]
2019-06-13 22:53:49,970 INFO  client.GrpcClientProtocolClient (GrpcClientProtocolClient.java:onNext(254)) - client-C82EA620EB9B->85302df8-7a7f-4077-a053-c26dc3d3d65a: receive RaftClientReply:client-C82EA620EB9B->85302df8-7a7f-4077-a053-c26dc3d3d65a@group-4701ABA8D7D0, cid=1939, SUCCESS, logIndex=3294, commits[85302df8-7a7f-4077-a053-c26dc3d3d65a:c3296]
2019-06-13 22:53:49,970 INFO  client.GrpcClientProtocolClient (GrpcClientProtocolClient.java:onNext(254)) - client-C82EA620EB9B->85302df8-7a7f-4077-a053-c26dc3d3d65a: receive RaftClientReply:client-C82EA620EB9B->85302df8-7a7f-4077-a053-c26dc3d3d65a@group-4701ABA8D7D0, cid=1940, SUCCESS, logIndex=3295, commits[85302df8-7a7f-4077-a053-c26dc3d3d65a:c3296]
2019-06-13 22:53:49,975 INFO  client.GrpcClientProtocolClient (GrpcClientProtocolClient.java:onNext(254)) - client-C82EA620EB9B->85302df8-7a7f-4077-a053-c26dc3d3d65a: receive RaftClientReply:client-C82EA620EB9B->85302df8-7a7f-4077-a053-c26dc3d3d65a@group-4701ABA8D7D0, cid=1941, SUCCESS, logIndex=3297, commits[85302df8-7a7f-4077-a053-c26dc3d3d65a:c3297]
2019-06-13 22:53:49,976 INFO  client.GrpcClientProtocolClient (GrpcClientProtocolClient.java:onNext(254)) - client-C82EA620EB9B->85302df8-7a7f-4077-a053-c26dc3d3d65a: receive RaftClientReply:client-C82EA620EB9B->85302df8-7a7f-4077-a053-c26dc3d3d65a@group-4701ABA8D7D0, cid=1942, SUCCESS, logIndex=3299, commits[85302df8-7a7f-4077-a053-c26dc3d3d65a:c3299]
2019-06-13 22:53:49,978 INFO  client.GrpcClientProtocolClient (GrpcClientProtocolClient.java:onNext(254)) - client-C82EA620EB9B->85302df8-7a7f-4077-a053-c26dc3d3d65a: receive RaftClientReply:client-C82EA620EB9B->85302df8-7a7f-4077-a053-c26dc3d3d65a@group-4701ABA8D7D0, cid=1943, SUCCESS, logIndex=3300, commits[85302df8-7a7f-4077-a053-c26dc3d3d65a:c3302]
2019-06-13 22:53:49,978 INFO  client.GrpcClientProtocolClient (GrpcClientProtocolClient.java:onNext(254)) - client-C82EA620EB9B->85302df8-7a7f-4077-a053-c26dc3d3d65a: receive RaftClientReply:client-C82EA620EB9B->85302df8-7a7f-4077-a053-c26dc3d3d65a@group-4701ABA8D7D0, cid=1944, SUCCESS, logIndex=3301, commits[85302df8-7a7f-4077-a053-c26dc3d3d65a:c3302]
2019-06-13 22:53:50,054 INFO  client.GrpcClientProtocolClient (GrpcClientProtocolClient.java:onNext(254)) - client-C82EA620EB9B->85302df8-7a7f-4077-a053-c26dc3d3d65a: receive RaftClientReply:client-C82EA620EB9B->85302df8-7a7f-4077-a053-c26dc3d3d65a@group-4701ABA8D7D0, cid=1945, SUCCESS, logIndex=3303, commits[85302df8-7a7f-4077-a053-c26dc3d3d65a:c3303]
2019-06-13 22:53:50,055 INFO  client.GrpcClientProtocolClient (GrpcClientProtocolClient.java:onNext(254)) - client-C82EA620EB9B->85302df8-7a7f-4077-a053-c26dc3d3d65a: receive RaftClientReply:client-C82EA620EB9B->85302df8-7a7f-4077-a053-c26dc3d3d65a@group-4701ABA8D7D0, cid=1946, SUCCESS, logIndex=3305, commits[85302df8-7a7f-4077-a053-c26dc3d3d65a:c3305]
2019-06-13 22:53:50,056 INFO  client.GrpcClientProtocolClient (GrpcClientProtocolClient.java:onNext(254)) - client-C82EA620EB9B->85302df8-7a7f-4077-a053-c26dc3d3d65a: receive RaftClientReply:client-C82EA620EB9B->85302df8-7a7f-4077-a053-c26dc3d3d65a@group-4701ABA8D7D0, cid=1947, SUCCESS, logIndex=3306, commits[85302df8-7a7f-4077-a053-c26dc3d3d65a:c3308]
2019-06-13 22:53:50,056 INFO  client.GrpcClientProtocolClient (GrpcClientProtocolClient.java:onNext(254)) - client-C82EA620EB9B->85302df8-7a7f-4077-a053-c26dc3d3d65a: receive RaftClientReply:client-C82EA620EB9B->85302df8-7a7f-4077-a053-c26dc3d3d65a@group-4701ABA8D7D0, cid=1948, SUCCESS, logIndex=3307, commits[85302df8-7a7f-4077-a053-c26dc3d3d65a:c3308]
2019-06-13 22:53:50,062 INFO  client.GrpcClientProtocolClient (GrpcClientProtocolClient.java:onNext(254)) - client-C82EA620EB9B->85302df8-7a7f-4077-a053-c26dc3d3d65a: receive RaftClientReply:client-C82EA620EB9B->85302df8-7a7f-4077-a053-c26dc3d3d65a@group-4701ABA8D7D0, cid=1949, SUCCESS, logIndex=3309, commits[85302df8-7a7f-4077-a053-c26dc3d3d65a:c3309]
2019-06-13 22:53:50,064 DEBUG block.SCMBlockDeletingService (SCMBlockDeletingService.java:call(138)) - Running DeletedBlockTransactionScanner
2019-06-13 22:53:50,064 DEBUG block.SCMBlockDeletingService (SCMBlockDeletingService.java:call(155)) - Scanned deleted blocks log and got 0 delTX to process.
2019-06-13 22:53:50,065 INFO  client.GrpcClientProtocolClient (GrpcClientProtocolClient.java:onNext(254)) - client-C82EA620EB9B->85302df8-7a7f-4077-a053-c26dc3d3d65a: receive RaftClientReply:client-C82EA620EB9B->85302df8-7a7f-4077-a053-c26dc3d3d65a@group-4701ABA8D7D0, cid=1950, SUCCESS, logIndex=3311, commits[85302df8-7a7f-4077-a053-c26dc3d3d65a:c3313]
2019-06-13 22:53:50,065 INFO  client.GrpcClientProtocolClient (GrpcClientProtocolClient.java:onNext(254)) - client-C82EA620EB9B->85302df8-7a7f-4077-a053-c26dc3d3d65a: receive RaftClientReply:client-C82EA620EB9B->85302df8-7a7f-4077-a053-c26dc3d3d65a@group-4701ABA8D7D0, cid=1951, SUCCESS, logIndex=3312, commits[85302df8-7a7f-4077-a053-c26dc3d3d65a:c3313]
2019-06-13 22:53:50,066 INFO  client.GrpcClientProtocolClient (GrpcClientProtocolClient.java:onNext(254)) - client-C82EA620EB9B->85302df8-7a7f-4077-a053-c26dc3d3d65a: receive RaftClientReply:client-C82EA620EB9B->85302df8-7a7f-4077-a053-c26dc3d3d65a@group-4701ABA8D7D0, cid=1952, SUCCESS, logIndex=3313, commits[85302df8-7a7f-4077-a053-c26dc3d3d65a:c3314]
2019-06-13 22:53:50,076 INFO  client.GrpcClientProtocolClient (GrpcClientProtocolClient.java:onNext(254)) - client-C82EA620EB9B->85302df8-7a7f-4077-a053-c26dc3d3d65a: receive RaftClientReply:client-C82EA620EB9B->85302df8-7a7f-4077-a053-c26dc3d3d65a@group-4701ABA8D7D0, cid=1953, SUCCESS, logIndex=3315, commits[85302df8-7a7f-4077-a053-c26dc3d3d65a:c3315]
2019-06-13 22:53:50,077 INFO  client.GrpcClientProtocolClient (GrpcClientProtocolClient.java:onNext(254)) - client-C82EA620EB9B->85302df8-7a7f-4077-a053-c26dc3d3d65a: receive RaftClientReply:client-C82EA620EB9B->85302df8-7a7f-4077-a053-c26dc3d3d65a@group-4701ABA8D7D0, cid=1954, SUCCESS, logIndex=3317, commits[85302df8-7a7f-4077-a053-c26dc3d3d65a:c3317]
2019-06-13 22:53:50,078 INFO  client.GrpcClientProtocolClient (GrpcClientProtocolClient.java:onNext(254)) - client-C82EA620EB9B->85302df8-7a7f-4077-a053-c26dc3d3d65a: receive RaftClientReply:client-C82EA620EB9B->85302df8-7a7f-4077-a053-c26dc3d3d65a@group-4701ABA8D7D0, cid=1955, SUCCESS, logIndex=3318, commits[85302df8-7a7f-4077-a053-c26dc3d3d65a:c3320]
2019-06-13 22:53:50,079 INFO  client.GrpcClientProtocolClient (GrpcClientProtocolClient.java:onNext(254)) - client-C82EA620EB9B->85302df8-7a7f-4077-a053-c26dc3d3d65a: receive RaftClientReply:client-C82EA620EB9B->85302df8-7a7f-4077-a053-c26dc3d3d65a@group-4701ABA8D7D0, cid=1956, SUCCESS, logIndex=3319, commits[85302df8-7a7f-4077-a053-c26dc3d3d65a:c3320]
2019-06-13 22:53:50,084 INFO  client.GrpcClientProtocolClient (GrpcClientProtocolClient.java:onNext(254)) - client-C82EA620EB9B->85302df8-7a7f-4077-a053-c26dc3d3d65a: receive RaftClientReply:client-C82EA620EB9B->85302df8-7a7f-4077-a053-c26dc3d3d65a@group-4701ABA8D7D0, cid=1957, SUCCESS, logIndex=3321, commits[85302df8-7a7f-4077-a053-c26dc3d3d65a:c3321]
2019-06-13 22:53:50,085 INFO  client.GrpcClientProtocolClient (GrpcClientProtocolClient.java:onNext(254)) - client-C82EA620EB9B->85302df8-7a7f-4077-a053-c26dc3d3d65a: receive RaftClientReply:client-C82EA620EB9B->85302df8-7a7f-4077-a053-c26dc3d3d65a@group-4701ABA8D7D0, cid=1958, SUCCESS, logIndex=3323, commits[85302df8-7a7f-4077-a053-c26dc3d3d65a:c3323]
2019-06-13 22:53:50,086 INFO  client.GrpcClientProtocolClient (GrpcClientProtocolClient.java:onNext(254)) - client-C82EA620EB9B->85302df8-7a7f-4077-a053-c26dc3d3d65a: receive RaftClientReply:client-C82EA620EB9B->85302df8-7a7f-4077-a053-c26dc3d3d65a@group-4701ABA8D7D0, cid=1959, SUCCESS, logIndex=3324, commits[85302df8-7a7f-4077-a053-c26dc3d3d65a:c3326]
2019-06-13 22:53:50,086 INFO  client.GrpcClientProtocolClient (GrpcClientProtocolClient.java:onNext(254)) - client-C82EA620EB9B->85302df8-7a7f-4077-a053-c26dc3d3d65a: receive RaftClientReply:client-C82EA620EB9B->85302df8-7a7f-4077-a053-c26dc3d3d65a@group-4701ABA8D7D0, cid=1960, SUCCESS, logIndex=3325, commits[85302df8-7a7f-4077-a053-c26dc3d3d65a:c3326]
2019-06-13 22:53:50,097 INFO  client.GrpcClientProtocolClient (GrpcClientProtocolClient.java:onNext(254)) - client-C82EA620EB9B->85302df8-7a7f-4077-a053-c26dc3d3d65a: receive RaftClientReply:client-C82EA620EB9B->85302df8-7a7f-4077-a053-c26dc3d3d65a@group-4701ABA8D7D0, cid=1961, SUCCESS, logIndex=3327, commits[85302df8-7a7f-4077-a053-c26dc3d3d65a:c3327]
2019-06-13 22:53:50,098 INFO  client.GrpcClientProtocolClient (GrpcClientProtocolClient.java:onNext(254)) - client-C82EA620EB9B->85302df8-7a7f-4077-a053-c26dc3d3d65a: receive RaftClientReply:client-C82EA620EB9B->85302df8-7a7f-4077-a053-c26dc3d3d65a@group-4701ABA8D7D0, cid=1962, SUCCESS, logIndex=3329, commits[85302df8-7a7f-4077-a053-c26dc3d3d65a:c3329]
2019-06-13 22:53:50,099 INFO  client.GrpcClientProtocolClient (GrpcClientProtocolClient.java:onNext(254)) - client-C82EA620EB9B->85302df8-7a7f-4077-a053-c26dc3d3d65a: receive RaftClientReply:client-C82EA620EB9B->85302df8-7a7f-4077-a053-c26dc3d3d65a@group-4701ABA8D7D0, cid=1963, SUCCESS, logIndex=3330, commits[85302df8-7a7f-4077-a053-c26dc3d3d65a:c3332]
2019-06-13 22:53:50,100 INFO  client.GrpcClientProtocolClient (GrpcClientProtocolClient.java:onNext(254)) - client-C82EA620EB9B->85302df8-7a7f-4077-a053-c26dc3d3d65a: receive RaftClientReply:client-C82EA620EB9B->85302df8-7a7f-4077-a053-c26dc3d3d65a@group-4701ABA8D7D0, cid=1964, SUCCESS, logIndex=3331, commits[85302df8-7a7f-4077-a053-c26dc3d3d65a:c3332]
2019-06-13 22:53:50,105 INFO  client.GrpcClientProtocolClient (GrpcClientProtocolClient.java:onNext(254)) - client-C82EA620EB9B->85302df8-7a7f-4077-a053-c26dc3d3d65a: receive RaftClientReply:client-C82EA620EB9B->85302df8-7a7f-4077-a053-c26dc3d3d65a@group-4701ABA8D7D0, cid=1965, SUCCESS, logIndex=3333, commits[85302df8-7a7f-4077-a053-c26dc3d3d65a:c3333]
2019-06-13 22:53:50,106 INFO  client.GrpcClientProtocolClient (GrpcClientProtocolClient.java:onNext(254)) - client-C82EA620EB9B->85302df8-7a7f-4077-a053-c26dc3d3d65a: receive RaftClientReply:client-C82EA620EB9B->85302df8-7a7f-4077-a053-c26dc3d3d65a@group-4701ABA8D7D0, cid=1966, SUCCESS, logIndex=3335, commits[85302df8-7a7f-4077-a053-c26dc3d3d65a:c3335]
2019-06-13 22:53:50,107 INFO  client.GrpcClientProtocolClient (GrpcClientProtocolClient.java:onNext(254)) - client-C82EA620EB9B->85302df8-7a7f-4077-a053-c26dc3d3d65a: receive RaftClientReply:client-C82EA620EB9B->85302df8-7a7f-4077-a053-c26dc3d3d65a@group-4701ABA8D7D0, cid=1967, SUCCESS, logIndex=3336, commits[85302df8-7a7f-4077-a053-c26dc3d3d65a:c3338]
2019-06-13 22:53:50,108 INFO  client.GrpcClientProtocolClient (GrpcClientProtocolClient.java:onNext(254)) - client-C82EA620EB9B->85302df8-7a7f-4077-a053-c26dc3d3d65a: receive RaftClientReply:client-C82EA620EB9B->85302df8-7a7f-4077-a053-c26dc3d3d65a@group-4701ABA8D7D0, cid=1968, SUCCESS, logIndex=3337, commits[85302df8-7a7f-4077-a053-c26dc3d3d65a:c3338]
2019-06-13 22:53:50,119 INFO  client.GrpcClientProtocolClient (GrpcClientProtocolClient.java:onNext(254)) - client-C82EA620EB9B->85302df8-7a7f-4077-a053-c26dc3d3d65a: receive RaftClientReply:client-C82EA620EB9B->85302df8-7a7f-4077-a053-c26dc3d3d65a@group-4701ABA8D7D0, cid=1969, SUCCESS, logIndex=3339, commits[85302df8-7a7f-4077-a053-c26dc3d3d65a:c3339]
2019-06-13 22:53:50,121 INFO  client.GrpcClientProtocolClient (GrpcClientProtocolClient.java:onNext(254)) - client-C82EA620EB9B->85302df8-7a7f-4077-a053-c26dc3d3d65a: receive RaftClientReply:client-C82EA620EB9B->85302df8-7a7f-4077-a053-c26dc3d3d65a@group-4701ABA8D7D0, cid=1970, SUCCESS, logIndex=3341, commits[85302df8-7a7f-4077-a053-c26dc3d3d65a:c3341]
2019-06-13 22:53:50,122 INFO  client.GrpcClientProtocolClient (GrpcClientProtocolClient.java:onNext(254)) - client-C82EA620EB9B->85302df8-7a7f-4077-a053-c26dc3d3d65a: receive RaftClientReply:client-C82EA620EB9B->85302df8-7a7f-4077-a053-c26dc3d3d65a@group-4701ABA8D7D0, cid=1971, SUCCESS, logIndex=3342, commits[85302df8-7a7f-4077-a053-c26dc3d3d65a:c3344]
2019-06-13 22:53:50,123 INFO  client.GrpcClientProtocolClient (GrpcClientProtocolClient.java:onNext(254)) - client-C82EA620EB9B->85302df8-7a7f-4077-a053-c26dc3d3d65a: receive RaftClientReply:client-C82EA620EB9B->85302df8-7a7f-4077-a053-c26dc3d3d65a@group-4701ABA8D7D0, cid=1972, SUCCESS, logIndex=3343, commits[85302df8-7a7f-4077-a053-c26dc3d3d65a:c3344]
2019-06-13 22:53:50,126 INFO  storage.RaftLogWorker (RaftLogWorker.java:rollLogSegment(303)) - 85302df8-7a7f-4077-a053-c26dc3d3d65a-RaftLogWorker: Rolling segment log-3278_3344 to index:3344
2019-06-13 22:53:50,127 INFO  storage.RaftLogWorker (RaftLogWorker.java:execute(433)) - 85302df8-7a7f-4077-a053-c26dc3d3d65a-RaftLogWorker: Rolled log segment from /opt/src/hadoop-ozone/integration-test/target/test-dir/MiniOzoneClusterImpl-550f9ca0-a6d9-4a4a-902f-f07ac81eac7b/datanode-0/data/ratis/5ad10fc2-5a33-4bdd-8958-4701aba8d7d0/current/log_inprogress_3278 to /opt/src/hadoop-ozone/integration-test/target/test-dir/MiniOzoneClusterImpl-550f9ca0-a6d9-4a4a-902f-f07ac81eac7b/datanode-0/data/ratis/5ad10fc2-5a33-4bdd-8958-4701aba8d7d0/current/log_3278-3344
2019-06-13 22:53:50,164 DEBUG block.SCMBlockDeletingService (SCMBlockDeletingService.java:call(138)) - Running DeletedBlockTransactionScanner
2019-06-13 22:53:50,164 DEBUG block.SCMBlockDeletingService (SCMBlockDeletingService.java:call(155)) - Scanned deleted blocks log and got 0 delTX to process.
2019-06-13 22:53:50,167 INFO  storage.RaftLogWorker (RaftLogWorker.java:execute(469)) - 85302df8-7a7f-4077-a053-c26dc3d3d65a-RaftLogWorker: created new log segment /opt/src/hadoop-ozone/integration-test/target/test-dir/MiniOzoneClusterImpl-550f9ca0-a6d9-4a4a-902f-f07ac81eac7b/datanode-0/data/ratis/5ad10fc2-5a33-4bdd-8958-4701aba8d7d0/current/log_inprogress_3345
2019-06-13 22:53:50,168 INFO  client.GrpcClientProtocolClient (GrpcClientProtocolClient.java:onNext(254)) - client-C82EA620EB9B->85302df8-7a7f-4077-a053-c26dc3d3d65a: receive RaftClientReply:client-C82EA620EB9B->85302df8-7a7f-4077-a053-c26dc3d3d65a@group-4701ABA8D7D0, cid=1973, SUCCESS, logIndex=3345, commits[85302df8-7a7f-4077-a053-c26dc3d3d65a:c3345]
2019-06-13 22:53:50,169 INFO  client.GrpcClientProtocolClient (GrpcClientProtocolClient.java:onNext(254)) - client-C82EA620EB9B->85302df8-7a7f-4077-a053-c26dc3d3d65a: receive RaftClientReply:client-C82EA620EB9B->85302df8-7a7f-4077-a053-c26dc3d3d65a@group-4701ABA8D7D0, cid=1974, SUCCESS, logIndex=3347, commits[85302df8-7a7f-4077-a053-c26dc3d3d65a:c3347]
2019-06-13 22:53:50,171 INFO  client.GrpcClientProtocolClient (GrpcClientProtocolClient.java:onNext(254)) - client-C82EA620EB9B->85302df8-7a7f-4077-a053-c26dc3d3d65a: receive RaftClientReply:client-C82EA620EB9B->85302df8-7a7f-4077-a053-c26dc3d3d65a@group-4701ABA8D7D0, cid=1975, SUCCESS, logIndex=3348, commits[85302df8-7a7f-4077-a053-c26dc3d3d65a:c3350]
2019-06-13 22:53:50,171 INFO  client.GrpcClientProtocolClient (GrpcClientProtocolClient.java:onNext(254)) - client-C82EA620EB9B->85302df8-7a7f-4077-a053-c26dc3d3d65a: receive RaftClientReply:client-C82EA620EB9B->85302df8-7a7f-4077-a053-c26dc3d3d65a@group-4701ABA8D7D0, cid=1976, SUCCESS, logIndex=3349, commits[85302df8-7a7f-4077-a053-c26dc3d3d65a:c3350]
2019-06-13 22:53:50,182 INFO  client.GrpcClientProtocolClient (GrpcClientProtocolClient.java:onNext(254)) - client-C82EA620EB9B->85302df8-7a7f-4077-a053-c26dc3d3d65a: receive RaftClientReply:client-C82EA620EB9B->85302df8-7a7f-4077-a053-c26dc3d3d65a@group-4701ABA8D7D0, cid=1977, SUCCESS, logIndex=3351, commits[85302df8-7a7f-4077-a053-c26dc3d3d65a:c3351]
2019-06-13 22:53:50,184 INFO  client.GrpcClientProtocolClient (GrpcClientProtocolClient.java:onNext(254)) - client-C82EA620EB9B->85302df8-7a7f-4077-a053-c26dc3d3d65a: receive RaftClientReply:client-C82EA620EB9B->85302df8-7a7f-4077-a053-c26dc3d3d65a@group-4701ABA8D7D0, cid=1978, SUCCESS, logIndex=3353, commits[85302df8-7a7f-4077-a053-c26dc3d3d65a:c3353]
2019-06-13 22:53:50,185 INFO  client.GrpcClientProtocolClient (GrpcClientProtocolClient.java:onNext(254)) - client-C82EA620EB9B->85302df8-7a7f-4077-a053-c26dc3d3d65a: receive RaftClientReply:client-C82EA620EB9B->85302df8-7a7f-4077-a053-c26dc3d3d65a@group-4701ABA8D7D0, cid=1979, SUCCESS, logIndex=3354, commits[85302df8-7a7f-4077-a053-c26dc3d3d65a:c3356]
2019-06-13 22:53:50,185 INFO  client.GrpcClientProtocolClient (GrpcClientProtocolClient.java:onNext(254)) - client-C82EA620EB9B->85302df8-7a7f-4077-a053-c26dc3d3d65a: receive RaftClientReply:client-C82EA620EB9B->85302df8-7a7f-4077-a053-c26dc3d3d65a@group-4701ABA8D7D0, cid=1980, SUCCESS, logIndex=3356, commits[85302df8-7a7f-4077-a053-c26dc3d3d65a:c3356]
2019-06-13 22:53:50,191 INFO  client.GrpcClientProtocolClient (GrpcClientProtocolClient.java:onNext(254)) - client-C82EA620EB9B->85302df8-7a7f-4077-a053-c26dc3d3d65a: receive RaftClientReply:client-C82EA620EB9B->85302df8-7a7f-4077-a053-c26dc3d3d65a@group-4701ABA8D7D0, cid=1981, SUCCESS, logIndex=3358, commits[85302df8-7a7f-4077-a053-c26dc3d3d65a:c3358]
2019-06-13 22:53:50,192 INFO  client.GrpcClientProtocolClient (GrpcClientProtocolClient.java:onNext(254)) - client-C82EA620EB9B->85302df8-7a7f-4077-a053-c26dc3d3d65a: receive RaftClientReply:client-C82EA620EB9B->85302df8-7a7f-4077-a053-c26dc3d3d65a@group-4701ABA8D7D0, cid=1982, SUCCESS, logIndex=3360, commits[85302df8-7a7f-4077-a053-c26dc3d3d65a:c3360]
2019-06-13 22:53:50,193 INFO  client.GrpcClientProtocolClient (GrpcClientProtocolClient.java:onNext(254)) - client-C82EA620EB9B->85302df8-7a7f-4077-a053-c26dc3d3d65a: receive RaftClientReply:client-C82EA620EB9B->85302df8-7a7f-4077-a053-c26dc3d3d65a@group-4701ABA8D7D0, cid=1983, SUCCESS, logIndex=3361, commits[85302df8-7a7f-4077-a053-c26dc3d3d65a:c3363]
2019-06-13 22:53:50,194 INFO  client.GrpcClientProtocolClient (GrpcClientProtocolClient.java:onNext(254)) - client-C82EA620EB9B->85302df8-7a7f-4077-a053-c26dc3d3d65a: receive RaftClientReply:client-C82EA620EB9B->85302df8-7a7f-4077-a053-c26dc3d3d65a@group-4701ABA8D7D0, cid=1984, SUCCESS, logIndex=3362, commits[85302df8-7a7f-4077-a053-c26dc3d3d65a:c3363]
2019-06-13 22:53:50,204 INFO  client.GrpcClientProtocolClient (GrpcClientProtocolClient.java:onNext(254)) - client-C82EA620EB9B->85302df8-7a7f-4077-a053-c26dc3d3d65a: receive RaftClientReply:client-C82EA620EB9B->85302df8-7a7f-4077-a053-c26dc3d3d65a@group-4701ABA8D7D0, cid=1985, SUCCESS, logIndex=3364, commits[85302df8-7a7f-4077-a053-c26dc3d3d65a:c3364]
2019-06-13 22:53:50,205 INFO  client.GrpcClientProtocolClient (GrpcClientProtocolClient.java:onNext(254)) - client-C82EA620EB9B->85302df8-7a7f-4077-a053-c26dc3d3d65a: receive RaftClientReply:client-C82EA620EB9B->85302df8-7a7f-4077-a053-c26dc3d3d65a@group-4701ABA8D7D0, cid=1986, SUCCESS, logIndex=3366, commits[85302df8-7a7f-4077-a053-c26dc3d3d65a:c3366]
2019-06-13 22:53:50,207 INFO  client.GrpcClientProtocolClient (GrpcClientProtocolClient.java:onNext(254)) - client-C82EA620EB9B->85302df8-7a7f-4077-a053-c26dc3d3d65a: receive RaftClientReply:client-C82EA620EB9B->85302df8-7a7f-4077-a053-c26dc3d3d65a@group-4701ABA8D7D0, cid=1987, SUCCESS, logIndex=3367, commits[85302df8-7a7f-4077-a053-c26dc3d3d65a:c3368]
2019-06-13 22:53:50,208 INFO  client.GrpcClientProtocolClient (GrpcClientProtocolClient.java:onNext(254)) - client-C82EA620EB9B->85302df8-7a7f-4077-a053-c26dc3d3d65a: receive RaftClientReply:client-C82EA620EB9B->85302df8-7a7f-4077-a053-c26dc3d3d65a@group-4701ABA8D7D0, cid=1988, SUCCESS, logIndex=3369, commits[85302df8-7a7f-4077-a053-c26dc3d3d65a:c3369]
2019-06-13 22:53:50,264 DEBUG block.SCMBlockDeletingService (SCMBlockDeletingService.java:call(138)) - Running DeletedBlockTransactionScanner
2019-06-13 22:53:50,265 DEBUG block.SCMBlockDeletingService (SCMBlockDeletingService.java:call(155)) - Scanned deleted blocks log and got 0 delTX to process.
2019-06-13 22:53:50,332 INFO  client.GrpcClientProtocolClient (GrpcClientProtocolClient.java:onNext(254)) - client-C82EA620EB9B->85302df8-7a7f-4077-a053-c26dc3d3d65a: receive RaftClientReply:client-C82EA620EB9B->85302df8-7a7f-4077-a053-c26dc3d3d65a@group-4701ABA8D7D0, cid=1989, SUCCESS, logIndex=3371, commits[85302df8-7a7f-4077-a053-c26dc3d3d65a:c3371]
2019-06-13 22:53:50,333 INFO  client.GrpcClientProtocolClient (GrpcClientProtocolClient.java:onNext(254)) - client-C82EA620EB9B->85302df8-7a7f-4077-a053-c26dc3d3d65a: receive RaftClientReply:client-C82EA620EB9B->85302df8-7a7f-4077-a053-c26dc3d3d65a@group-4701ABA8D7D0, cid=1990, SUCCESS, logIndex=3373, commits[85302df8-7a7f-4077-a053-c26dc3d3d65a:c3373]
2019-06-13 22:53:50,334 INFO  client.GrpcClientProtocolClient (GrpcClientProtocolClient.java:onNext(254)) - client-C82EA620EB9B->85302df8-7a7f-4077-a053-c26dc3d3d65a: receive RaftClientReply:client-C82EA620EB9B->85302df8-7a7f-4077-a053-c26dc3d3d65a@group-4701ABA8D7D0, cid=1991, SUCCESS, logIndex=3374, commits[85302df8-7a7f-4077-a053-c26dc3d3d65a:c3376]
2019-06-13 22:53:50,334 INFO  client.GrpcClientProtocolClient (GrpcClientProtocolClient.java:onNext(254)) - client-C82EA620EB9B->85302df8-7a7f-4077-a053-c26dc3d3d65a: receive RaftClientReply:client-C82EA620EB9B->85302df8-7a7f-4077-a053-c26dc3d3d65a@group-4701ABA8D7D0, cid=1992, SUCCESS, logIndex=3375, commits[85302df8-7a7f-4077-a053-c26dc3d3d65a:c3376]
2019-06-13 22:53:50,343 INFO  client.GrpcClientProtocolClient (GrpcClientProtocolClient.java:onNext(254)) - client-C82EA620EB9B->85302df8-7a7f-4077-a053-c26dc3d3d65a: receive RaftClientReply:client-C82EA620EB9B->85302df8-7a7f-4077-a053-c26dc3d3d65a@group-4701ABA8D7D0, cid=1993, SUCCESS, logIndex=3377, commits[85302df8-7a7f-4077-a053-c26dc3d3d65a:c3377]
2019-06-13 22:53:50,345 INFO  client.GrpcClientProtocolClient (GrpcClientProtocolClient.java:onNext(254)) - client-C82EA620EB9B->85302df8-7a7f-4077-a053-c26dc3d3d65a: receive RaftClientReply:client-C82EA620EB9B->85302df8-7a7f-4077-a053-c26dc3d3d65a@group-4701ABA8D7D0, cid=1994, SUCCESS, logIndex=3379, commits[85302df8-7a7f-4077-a053-c26dc3d3d65a:c3379]
2019-06-13 22:53:50,346 INFO  client.GrpcClientProtocolClient (GrpcClientProtocolClient.java:onNext(254)) - client-C82EA620EB9B->85302df8-7a7f-4077-a053-c26dc3d3d65a: receive RaftClientReply:client-C82EA620EB9B->85302df8-7a7f-4077-a053-c26dc3d3d65a@group-4701ABA8D7D0, cid=1995, SUCCESS, logIndex=3380, commits[85302df8-7a7f-4077-a053-c26dc3d3d65a:c3382]
2019-06-13 22:53:50,346 INFO  client.GrpcClientProtocolClient (GrpcClientProtocolClient.java:onNext(254)) - client-C82EA620EB9B->85302df8-7a7f-4077-a053-c26dc3d3d65a: receive RaftClientReply:client-C82EA620EB9B->85302df8-7a7f-4077-a053-c26dc3d3d65a@group-4701ABA8D7D0, cid=1996, SUCCESS, logIndex=3381, commits[85302df8-7a7f-4077-a053-c26dc3d3d65a:c3382]
2019-06-13 22:53:50,351 INFO  client.GrpcClientProtocolClient (GrpcClientProtocolClient.java:onNext(254)) - client-C82EA620EB9B->85302df8-7a7f-4077-a053-c26dc3d3d65a: receive RaftClientReply:client-C82EA620EB9B->85302df8-7a7f-4077-a053-c26dc3d3d65a@group-4701ABA8D7D0, cid=1997, SUCCESS, logIndex=3383, commits[85302df8-7a7f-4077-a053-c26dc3d3d65a:c3383]
2019-06-13 22:53:50,353 INFO  client.GrpcClientProtocolClient (GrpcClientProtocolClient.java:onNext(254)) - client-C82EA620EB9B->85302df8-7a7f-4077-a053-c26dc3d3d65a: receive RaftClientReply:client-C82EA620EB9B->85302df8-7a7f-4077-a053-c26dc3d3d65a@group-4701ABA8D7D0, cid=1998, SUCCESS, logIndex=3385, commits[85302df8-7a7f-4077-a053-c26dc3d3d65a:c3385]
2019-06-13 22:53:50,354 INFO  client.GrpcClientProtocolClient (GrpcClientProtocolClient.java:onNext(254)) - client-C82EA620EB9B->85302df8-7a7f-4077-a053-c26dc3d3d65a: receive RaftClientReply:client-C82EA620EB9B->85302df8-7a7f-4077-a053-c26dc3d3d65a@group-4701ABA8D7D0, cid=1999, SUCCESS, logIndex=3386, commits[85302df8-7a7f-4077-a053-c26dc3d3d65a:c3388]
2019-06-13 22:53:50,354 INFO  client.GrpcClientProtocolClient (GrpcClientProtocolClient.java:onNext(254)) - client-C82EA620EB9B->85302df8-7a7f-4077-a053-c26dc3d3d65a: receive RaftClientReply:client-C82EA620EB9B->85302df8-7a7f-4077-a053-c26dc3d3d65a@group-4701ABA8D7D0, cid=2000, SUCCESS, logIndex=3387, commits[85302df8-7a7f-4077-a053-c26dc3d3d65a:c3388]
2019-06-13 22:53:50,363 INFO  client.GrpcClientProtocolClient (GrpcClientProtocolClient.java:onNext(254)) - client-C82EA620EB9B->85302df8-7a7f-4077-a053-c26dc3d3d65a: receive RaftClientReply:client-C82EA620EB9B->85302df8-7a7f-4077-a053-c26dc3d3d65a@group-4701ABA8D7D0, cid=2001, SUCCESS, logIndex=3389, commits[85302df8-7a7f-4077-a053-c26dc3d3d65a:c3389]
2019-06-13 22:53:50,364 INFO  client.GrpcClientProtocolClient (GrpcClientProtocolClient.java:onNext(254)) - client-C82EA620EB9B->85302df8-7a7f-4077-a053-c26dc3d3d65a: receive RaftClientReply:client-C82EA620EB9B->85302df8-7a7f-4077-a053-c26dc3d3d65a@group-4701ABA8D7D0, cid=2002, SUCCESS, logIndex=3391, commits[85302df8-7a7f-4077-a053-c26dc3d3d65a:c3391]
2019-06-13 22:53:50,365 DEBUG block.SCMBlockDeletingService (SCMBlockDeletingService.java:call(138)) - Running DeletedBlockTransactionScanner
2019-06-13 22:53:50,365 DEBUG block.SCMBlockDeletingService (SCMBlockDeletingService.java:call(155)) - Scanned deleted blocks log and got 0 delTX to process.
2019-06-13 22:53:50,366 INFO  client.GrpcClientProtocolClient (GrpcClientProtocolClient.java:onNext(254)) - client-C82EA620EB9B->85302df8-7a7f-4077-a053-c26dc3d3d65a: receive RaftClientReply:client-C82EA620EB9B->85302df8-7a7f-4077-a053-c26dc3d3d65a@group-4701ABA8D7D0, cid=2003, SUCCESS, logIndex=3392, commits[85302df8-7a7f-4077-a053-c26dc3d3d65a:c3394]
2019-06-13 22:53:50,366 INFO  client.GrpcClientProtocolClient (GrpcClientProtocolClient.java:onNext(254)) - client-C82EA620EB9B->85302df8-7a7f-4077-a053-c26dc3d3d65a: receive RaftClientReply:client-C82EA620EB9B->85302df8-7a7f-4077-a053-c26dc3d3d65a@group-4701ABA8D7D0, cid=2004, SUCCESS, logIndex=3393, commits[85302df8-7a7f-4077-a053-c26dc3d3d65a:c3394]
2019-06-13 22:53:50,371 INFO  client.GrpcClientProtocolClient (GrpcClientProtocolClient.java:onNext(254)) - client-C82EA620EB9B->85302df8-7a7f-4077-a053-c26dc3d3d65a: receive RaftClientReply:client-C82EA620EB9B->85302df8-7a7f-4077-a053-c26dc3d3d65a@group-4701ABA8D7D0, cid=2005, SUCCESS, logIndex=3395, commits[85302df8-7a7f-4077-a053-c26dc3d3d65a:c3395]
2019-06-13 22:53:50,373 INFO  client.GrpcClientProtocolClient (GrpcClientProtocolClient.java:onNext(254)) - client-C82EA620EB9B->85302df8-7a7f-4077-a053-c26dc3d3d65a: receive RaftClientReply:client-C82EA620EB9B->85302df8-7a7f-4077-a053-c26dc3d3d65a@group-4701ABA8D7D0, cid=2006, SUCCESS, logIndex=3397, commits[85302df8-7a7f-4077-a053-c26dc3d3d65a:c3397]
2019-06-13 22:53:50,374 INFO  client.GrpcClientProtocolClient (GrpcClientProtocolClient.java:onNext(254)) - client-C82EA620EB9B->85302df8-7a7f-4077-a053-c26dc3d3d65a: receive RaftClientReply:client-C82EA620EB9B->85302df8-7a7f-4077-a053-c26dc3d3d65a@group-4701ABA8D7D0, cid=2007, SUCCESS, logIndex=3398, commits[85302df8-7a7f-4077-a053-c26dc3d3d65a:c3400]
2019-06-13 22:53:50,374 INFO  client.GrpcClientProtocolClient (GrpcClientProtocolClient.java:onNext(254)) - client-C82EA620EB9B->85302df8-7a7f-4077-a053-c26dc3d3d65a: receive RaftClientReply:client-C82EA620EB9B->85302df8-7a7f-4077-a053-c26dc3d3d65a@group-4701ABA8D7D0, cid=2008, SUCCESS, logIndex=3399, commits[85302df8-7a7f-4077-a053-c26dc3d3d65a:c3400]
2019-06-13 22:53:50,384 INFO  client.GrpcClientProtocolClient (GrpcClientProtocolClient.java:onNext(254)) - client-C82EA620EB9B->85302df8-7a7f-4077-a053-c26dc3d3d65a: receive RaftClientReply:client-C82EA620EB9B->85302df8-7a7f-4077-a053-c26dc3d3d65a@group-4701ABA8D7D0, cid=2009, SUCCESS, logIndex=3401, commits[85302df8-7a7f-4077-a053-c26dc3d3d65a:c3401]
2019-06-13 22:53:50,387 INFO  client.GrpcClientProtocolClient (GrpcClientProtocolClient.java:onNext(254)) - client-C82EA620EB9B->85302df8-7a7f-4077-a053-c26dc3d3d65a: receive RaftClientReply:client-C82EA620EB9B->85302df8-7a7f-4077-a053-c26dc3d3d65a@group-4701ABA8D7D0, cid=2010, SUCCESS, logIndex=3403, commits[85302df8-7a7f-4077-a053-c26dc3d3d65a:c3403]
2019-06-13 22:53:50,389 INFO  client.GrpcClientProtocolClient (GrpcClientProtocolClient.java:onNext(254)) - client-C82EA620EB9B->85302df8-7a7f-4077-a053-c26dc3d3d65a: receive RaftClientReply:client-C82EA620EB9B->85302df8-7a7f-4077-a053-c26dc3d3d65a@group-4701ABA8D7D0, cid=2011, SUCCESS, logIndex=3405, commits[85302df8-7a7f-4077-a053-c26dc3d3d65a:c3406]
2019-06-13 22:53:50,389 INFO  client.GrpcClientProtocolClient (GrpcClientProtocolClient.java:onNext(254)) - client-C82EA620EB9B->85302df8-7a7f-4077-a053-c26dc3d3d65a: receive RaftClientReply:client-C82EA620EB9B->85302df8-7a7f-4077-a053-c26dc3d3d65a@group-4701ABA8D7D0, cid=2012, SUCCESS, logIndex=3406, commits[85302df8-7a7f-4077-a053-c26dc3d3d65a:c3406]
2019-06-13 22:53:50,395 INFO  client.GrpcClientProtocolClient (GrpcClientProtocolClient.java:onNext(254)) - client-C82EA620EB9B->85302df8-7a7f-4077-a053-c26dc3d3d65a: receive RaftClientReply:client-C82EA620EB9B->85302df8-7a7f-4077-a053-c26dc3d3d65a@group-4701ABA8D7D0, cid=2013, SUCCESS, logIndex=3408, commits[85302df8-7a7f-4077-a053-c26dc3d3d65a:c3408]
2019-06-13 22:53:50,395 INFO  storage.RaftLogWorker (RaftLogWorker.java:rollLogSegment(303)) - 85302df8-7a7f-4077-a053-c26dc3d3d65a-RaftLogWorker: Rolling segment log-3345_3411 to index:3411
2019-06-13 22:53:50,397 INFO  storage.RaftLogWorker (RaftLogWorker.java:execute(433)) - 85302df8-7a7f-4077-a053-c26dc3d3d65a-RaftLogWorker: Rolled log segment from /opt/src/hadoop-ozone/integration-test/target/test-dir/MiniOzoneClusterImpl-550f9ca0-a6d9-4a4a-902f-f07ac81eac7b/datanode-0/data/ratis/5ad10fc2-5a33-4bdd-8958-4701aba8d7d0/current/log_inprogress_3345 to /opt/src/hadoop-ozone/integration-test/target/test-dir/MiniOzoneClusterImpl-550f9ca0-a6d9-4a4a-902f-f07ac81eac7b/datanode-0/data/ratis/5ad10fc2-5a33-4bdd-8958-4701aba8d7d0/current/log_3345-3411
2019-06-13 22:53:50,397 INFO  client.GrpcClientProtocolClient (GrpcClientProtocolClient.java:onNext(254)) - client-C82EA620EB9B->85302df8-7a7f-4077-a053-c26dc3d3d65a: receive RaftClientReply:client-C82EA620EB9B->85302df8-7a7f-4077-a053-c26dc3d3d65a@group-4701ABA8D7D0, cid=2014, SUCCESS, logIndex=3410, commits[85302df8-7a7f-4077-a053-c26dc3d3d65a:c3410]
2019-06-13 22:53:50,398 INFO  client.GrpcClientProtocolClient (GrpcClientProtocolClient.java:onNext(254)) - client-C82EA620EB9B->85302df8-7a7f-4077-a053-c26dc3d3d65a: receive RaftClientReply:client-C82EA620EB9B->85302df8-7a7f-4077-a053-c26dc3d3d65a@group-4701ABA8D7D0, cid=2015, SUCCESS, logIndex=3411, commits[85302df8-7a7f-4077-a053-c26dc3d3d65a:c3411]
2019-06-13 22:53:50,433 INFO  storage.RaftLogWorker (RaftLogWorker.java:execute(469)) - 85302df8-7a7f-4077-a053-c26dc3d3d65a-RaftLogWorker: created new log segment /opt/src/hadoop-ozone/integration-test/target/test-dir/MiniOzoneClusterImpl-550f9ca0-a6d9-4a4a-902f-f07ac81eac7b/datanode-0/data/ratis/5ad10fc2-5a33-4bdd-8958-4701aba8d7d0/current/log_inprogress_3412
2019-06-13 22:53:50,434 INFO  client.GrpcClientProtocolClient (GrpcClientProtocolClient.java:onNext(254)) - client-C82EA620EB9B->85302df8-7a7f-4077-a053-c26dc3d3d65a: receive RaftClientReply:client-C82EA620EB9B->85302df8-7a7f-4077-a053-c26dc3d3d65a@group-4701ABA8D7D0, cid=2016, SUCCESS, logIndex=3412, commits[85302df8-7a7f-4077-a053-c26dc3d3d65a:c3414]
2019-06-13 22:53:50,445 INFO  client.GrpcClientProtocolClient (GrpcClientProtocolClient.java:onNext(254)) - client-C82EA620EB9B->85302df8-7a7f-4077-a053-c26dc3d3d65a: receive RaftClientReply:client-C82EA620EB9B->85302df8-7a7f-4077-a053-c26dc3d3d65a@group-4701ABA8D7D0, cid=2017, SUCCESS, logIndex=3415, commits[85302df8-7a7f-4077-a053-c26dc3d3d65a:c3415]
2019-06-13 22:53:50,446 INFO  client.GrpcClientProtocolClient (GrpcClientProtocolClient.java:onNext(254)) - client-C82EA620EB9B->85302df8-7a7f-4077-a053-c26dc3d3d65a: receive RaftClientReply:client-C82EA620EB9B->85302df8-7a7f-4077-a053-c26dc3d3d65a@group-4701ABA8D7D0, cid=2018, SUCCESS, logIndex=3417, commits[85302df8-7a7f-4077-a053-c26dc3d3d65a:c3417]
2019-06-13 22:53:50,447 INFO  client.GrpcClientProtocolClient (GrpcClientProtocolClient.java:onNext(254)) - client-C82EA620EB9B->85302df8-7a7f-4077-a053-c26dc3d3d65a: receive RaftClientReply:client-C82EA620EB9B->85302df8-7a7f-4077-a053-c26dc3d3d65a@group-4701ABA8D7D0, cid=2019, SUCCESS, logIndex=3418, commits[85302df8-7a7f-4077-a053-c26dc3d3d65a:c3420]
2019-06-13 22:53:50,447 INFO  client.GrpcClientProtocolClient (GrpcClientProtocolClient.java:onNext(254)) - client-C82EA620EB9B->85302df8-7a7f-4077-a053-c26dc3d3d65a: receive RaftClientReply:client-C82EA620EB9B->85302df8-7a7f-4077-a053-c26dc3d3d65a@group-4701ABA8D7D0, cid=2020, SUCCESS, logIndex=3419, commits[85302df8-7a7f-4077-a053-c26dc3d3d65a:c3420]
2019-06-13 22:53:50,458 INFO  client.GrpcClientProtocolClient (GrpcClientProtocolClient.java:onNext(254)) - client-C82EA620EB9B->85302df8-7a7f-4077-a053-c26dc3d3d65a: receive RaftClientReply:client-C82EA620EB9B->85302df8-7a7f-4077-a053-c26dc3d3d65a@group-4701ABA8D7D0, cid=2021, SUCCESS, logIndex=3421, commits[85302df8-7a7f-4077-a053-c26dc3d3d65a:c3421]
2019-06-13 22:53:50,458 INFO  client.GrpcClientProtocolClient (GrpcClientProtocolClient.java:onNext(254)) - client-C82EA620EB9B->85302df8-7a7f-4077-a053-c26dc3d3d65a: receive RaftClientReply:client-C82EA620EB9B->85302df8-7a7f-4077-a053-c26dc3d3d65a@group-4701ABA8D7D0, cid=2022, SUCCESS, logIndex=3423, commits[85302df8-7a7f-4077-a053-c26dc3d3d65a:c3423]
2019-06-13 22:53:50,459 INFO  client.GrpcClientProtocolClient (GrpcClientProtocolClient.java:onNext(254)) - client-C82EA620EB9B->85302df8-7a7f-4077-a053-c26dc3d3d65a: receive RaftClientReply:client-C82EA620EB9B->85302df8-7a7f-4077-a053-c26dc3d3d65a@group-4701ABA8D7D0, cid=2023, SUCCESS, logIndex=3424, commits[85302df8-7a7f-4077-a053-c26dc3d3d65a:c3426]
2019-06-13 22:53:50,459 INFO  client.GrpcClientProtocolClient (GrpcClientProtocolClient.java:onNext(254)) - client-C82EA620EB9B->85302df8-7a7f-4077-a053-c26dc3d3d65a: receive RaftClientReply:client-C82EA620EB9B->85302df8-7a7f-4077-a053-c26dc3d3d65a@group-4701ABA8D7D0, cid=2024, SUCCESS, logIndex=3425, commits[85302df8-7a7f-4077-a053-c26dc3d3d65a:c3426]
2019-06-13 22:53:50,465 DEBUG block.SCMBlockDeletingService (SCMBlockDeletingService.java:call(138)) - Running DeletedBlockTransactionScanner
2019-06-13 22:53:50,465 DEBUG block.SCMBlockDeletingService (SCMBlockDeletingService.java:call(155)) - Scanned deleted blocks log and got 0 delTX to process.
2019-06-13 22:53:50,471 INFO  client.GrpcClientProtocolClient (GrpcClientProtocolClient.java:onNext(254)) - client-C82EA620EB9B->85302df8-7a7f-4077-a053-c26dc3d3d65a: receive RaftClientReply:client-C82EA620EB9B->85302df8-7a7f-4077-a053-c26dc3d3d65a@group-4701ABA8D7D0, cid=2025, SUCCESS, logIndex=3427, commits[85302df8-7a7f-4077-a053-c26dc3d3d65a:c3427]
2019-06-13 22:53:50,472 INFO  client.GrpcClientProtocolClient (GrpcClientProtocolClient.java:onNext(254)) - client-C82EA620EB9B->85302df8-7a7f-4077-a053-c26dc3d3d65a: receive RaftClientReply:client-C82EA620EB9B->85302df8-7a7f-4077-a053-c26dc3d3d65a@group-4701ABA8D7D0, cid=2026, SUCCESS, logIndex=3429, commits[85302df8-7a7f-4077-a053-c26dc3d3d65a:c3429]
2019-06-13 22:53:50,473 INFO  client.GrpcClientProtocolClient (GrpcClientProtocolClient.java:onNext(254)) - client-C82EA620EB9B->85302df8-7a7f-4077-a053-c26dc3d3d65a: receive RaftClientReply:client-C82EA620EB9B->85302df8-7a7f-4077-a053-c26dc3d3d65a@group-4701ABA8D7D0, cid=2027, SUCCESS, logIndex=3430, commits[85302df8-7a7f-4077-a053-c26dc3d3d65a:c3432]
2019-06-13 22:53:50,473 INFO  client.GrpcClientProtocolClient (GrpcClientProtocolClient.java:onNext(254)) - client-C82EA620EB9B->85302df8-7a7f-4077-a053-c26dc3d3d65a: receive RaftClientReply:client-C82EA620EB9B->85302df8-7a7f-4077-a053-c26dc3d3d65a@group-4701ABA8D7D0, cid=2028, SUCCESS, logIndex=3431, commits[85302df8-7a7f-4077-a053-c26dc3d3d65a:c3432]
2019-06-13 22:53:50,479 INFO  client.GrpcClientProtocolClient (GrpcClientProtocolClient.java:onNext(254)) - client-C82EA620EB9B->85302df8-7a7f-4077-a053-c26dc3d3d65a: receive RaftClientReply:client-C82EA620EB9B->85302df8-7a7f-4077-a053-c26dc3d3d65a@group-4701ABA8D7D0, cid=2029, SUCCESS, logIndex=3433, commits[85302df8-7a7f-4077-a053-c26dc3d3d65a:c3433]
2019-06-13 22:53:50,480 INFO  client.GrpcClientProtocolClient (GrpcClientProtocolClient.java:onNext(254)) - client-C82EA620EB9B->85302df8-7a7f-4077-a053-c26dc3d3d65a: receive RaftClientReply:client-C82EA620EB9B->85302df8-7a7f-4077-a053-c26dc3d3d65a@group-4701ABA8D7D0, cid=2030, SUCCESS, logIndex=3435, commits[85302df8-7a7f-4077-a053-c26dc3d3d65a:c3435]
2019-06-13 22:53:50,481 INFO  client.GrpcClientProtocolClient (GrpcClientProtocolClient.java:onNext(254)) - client-C82EA620EB9B->85302df8-7a7f-4077-a053-c26dc3d3d65a: receive RaftClientReply:client-C82EA620EB9B->85302df8-7a7f-4077-a053-c26dc3d3d65a@group-4701ABA8D7D0, cid=2031, SUCCESS, logIndex=3436, commits[85302df8-7a7f-4077-a053-c26dc3d3d65a:c3438]
2019-06-13 22:53:50,481 INFO  client.GrpcClientProtocolClient (GrpcClientProtocolClient.java:onNext(254)) - client-C82EA620EB9B->85302df8-7a7f-4077-a053-c26dc3d3d65a: receive RaftClientReply:client-C82EA620EB9B->85302df8-7a7f-4077-a053-c26dc3d3d65a@group-4701ABA8D7D0, cid=2032, SUCCESS, logIndex=3437, commits[85302df8-7a7f-4077-a053-c26dc3d3d65a:c3438]
2019-06-13 22:53:50,558 INFO  client.GrpcClientProtocolClient (GrpcClientProtocolClient.java:onNext(254)) - client-C82EA620EB9B->85302df8-7a7f-4077-a053-c26dc3d3d65a: receive RaftClientReply:client-C82EA620EB9B->85302df8-7a7f-4077-a053-c26dc3d3d65a@group-4701ABA8D7D0, cid=2033, SUCCESS, logIndex=3439, commits[85302df8-7a7f-4077-a053-c26dc3d3d65a:c3439]
2019-06-13 22:53:50,559 INFO  client.GrpcClientProtocolClient (GrpcClientProtocolClient.java:onNext(254)) - client-C82EA620EB9B->85302df8-7a7f-4077-a053-c26dc3d3d65a: receive RaftClientReply:client-C82EA620EB9B->85302df8-7a7f-4077-a053-c26dc3d3d65a@group-4701ABA8D7D0, cid=2034, SUCCESS, logIndex=3441, commits[85302df8-7a7f-4077-a053-c26dc3d3d65a:c3441]
2019-06-13 22:53:50,560 INFO  client.GrpcClientProtocolClient (GrpcClientProtocolClient.java:onNext(254)) - client-C82EA620EB9B->85302df8-7a7f-4077-a053-c26dc3d3d65a: receive RaftClientReply:client-C82EA620EB9B->85302df8-7a7f-4077-a053-c26dc3d3d65a@group-4701ABA8D7D0, cid=2035, SUCCESS, logIndex=3442, commits[85302df8-7a7f-4077-a053-c26dc3d3d65a:c3444]
2019-06-13 22:53:50,560 INFO  client.GrpcClientProtocolClient (GrpcClientProtocolClient.java:onNext(254)) - client-C82EA620EB9B->85302df8-7a7f-4077-a053-c26dc3d3d65a: receive RaftClientReply:client-C82EA620EB9B->85302df8-7a7f-4077-a053-c26dc3d3d65a@group-4701ABA8D7D0, cid=2036, SUCCESS, logIndex=3444, commits[85302df8-7a7f-4077-a053-c26dc3d3d65a:c3444]
2019-06-13 22:53:50,565 DEBUG block.SCMBlockDeletingService (SCMBlockDeletingService.java:call(138)) - Running DeletedBlockTransactionScanner
2019-06-13 22:53:50,566 DEBUG block.SCMBlockDeletingService (SCMBlockDeletingService.java:call(155)) - Scanned deleted blocks log and got 0 delTX to process.
2019-06-13 22:53:50,566 INFO  client.GrpcClientProtocolClient (GrpcClientProtocolClient.java:onNext(254)) - client-C82EA620EB9B->85302df8-7a7f-4077-a053-c26dc3d3d65a: receive RaftClientReply:client-C82EA620EB9B->85302df8-7a7f-4077-a053-c26dc3d3d65a@group-4701ABA8D7D0, cid=2037, SUCCESS, logIndex=3446, commits[85302df8-7a7f-4077-a053-c26dc3d3d65a:c3446]
2019-06-13 22:53:50,568 INFO  client.GrpcClientProtocolClient (GrpcClientProtocolClient.java:onNext(254)) - client-C82EA620EB9B->85302df8-7a7f-4077-a053-c26dc3d3d65a: receive RaftClientReply:client-C82EA620EB9B->85302df8-7a7f-4077-a053-c26dc3d3d65a@group-4701ABA8D7D0, cid=2038, SUCCESS, logIndex=3448, commits[85302df8-7a7f-4077-a053-c26dc3d3d65a:c3448]
2019-06-13 22:53:50,573 INFO  client.GrpcClientProtocolClient (GrpcClientProtocolClient.java:onNext(254)) - client-C82EA620EB9B->85302df8-7a7f-4077-a053-c26dc3d3d65a: receive RaftClientReply:client-C82EA620EB9B->85302df8-7a7f-4077-a053-c26dc3d3d65a@group-4701ABA8D7D0, cid=2039, SUCCESS, logIndex=3449, commits[85302df8-7a7f-4077-a053-c26dc3d3d65a:c3451]
2019-06-13 22:53:50,573 INFO  client.GrpcClientProtocolClient (GrpcClientProtocolClient.java:onNext(254)) - client-C82EA620EB9B->85302df8-7a7f-4077-a053-c26dc3d3d65a: receive RaftClientReply:client-C82EA620EB9B->85302df8-7a7f-4077-a053-c26dc3d3d65a@group-4701ABA8D7D0, cid=2040, SUCCESS, logIndex=3450, commits[85302df8-7a7f-4077-a053-c26dc3d3d65a:c3451]
2019-06-13 22:53:50,587 INFO  client.GrpcClientProtocolClient (GrpcClientProtocolClient.java:onNext(254)) - client-C82EA620EB9B->85302df8-7a7f-4077-a053-c26dc3d3d65a: receive RaftClientReply:client-C82EA620EB9B->85302df8-7a7f-4077-a053-c26dc3d3d65a@group-4701ABA8D7D0, cid=2041, SUCCESS, logIndex=3452, commits[85302df8-7a7f-4077-a053-c26dc3d3d65a:c3452]
2019-06-13 22:53:50,590 INFO  client.GrpcClientProtocolClient (GrpcClientProtocolClient.java:onNext(254)) - client-C82EA620EB9B->85302df8-7a7f-4077-a053-c26dc3d3d65a: receive RaftClientReply:client-C82EA620EB9B->85302df8-7a7f-4077-a053-c26dc3d3d65a@group-4701ABA8D7D0, cid=2042, SUCCESS, logIndex=3454, commits[85302df8-7a7f-4077-a053-c26dc3d3d65a:c3454]
2019-06-13 22:53:50,591 INFO  client.GrpcClientProtocolClient (GrpcClientProtocolClient.java:onNext(254)) - client-C82EA620EB9B->85302df8-7a7f-4077-a053-c26dc3d3d65a: receive RaftClientReply:client-C82EA620EB9B->85302df8-7a7f-4077-a053-c26dc3d3d65a@group-4701ABA8D7D0, cid=2043, SUCCESS, logIndex=3455, commits[85302df8-7a7f-4077-a053-c26dc3d3d65a:c3457]
2019-06-13 22:53:50,591 INFO  client.GrpcClientProtocolClient (GrpcClientProtocolClient.java:onNext(254)) - client-C82EA620EB9B->85302df8-7a7f-4077-a053-c26dc3d3d65a: receive RaftClientReply:client-C82EA620EB9B->85302df8-7a7f-4077-a053-c26dc3d3d65a@group-4701ABA8D7D0, cid=2044, SUCCESS, logIndex=3456, commits[85302df8-7a7f-4077-a053-c26dc3d3d65a:c3457]
2019-06-13 22:53:50,599 INFO  client.GrpcClientProtocolClient (GrpcClientProtocolClient.java:onNext(254)) - client-C82EA620EB9B->85302df8-7a7f-4077-a053-c26dc3d3d65a: receive RaftClientReply:client-C82EA620EB9B->85302df8-7a7f-4077-a053-c26dc3d3d65a@group-4701ABA8D7D0, cid=2045, SUCCESS, logIndex=3458, commits[85302df8-7a7f-4077-a053-c26dc3d3d65a:c3458]
2019-06-13 22:53:50,601 INFO  client.GrpcClientProtocolClient (GrpcClientProtocolClient.java:onNext(254)) - client-C82EA620EB9B->85302df8-7a7f-4077-a053-c26dc3d3d65a: receive RaftClientReply:client-C82EA620EB9B->85302df8-7a7f-4077-a053-c26dc3d3d65a@group-4701ABA8D7D0, cid=2046, SUCCESS, logIndex=3460, commits[85302df8-7a7f-4077-a053-c26dc3d3d65a:c3460]
2019-06-13 22:53:50,602 INFO  client.GrpcClientProtocolClient (GrpcClientProtocolClient.java:onNext(254)) - client-C82EA620EB9B->85302df8-7a7f-4077-a053-c26dc3d3d65a: receive RaftClientReply:client-C82EA620EB9B->85302df8-7a7f-4077-a053-c26dc3d3d65a@group-4701ABA8D7D0, cid=2047, SUCCESS, logIndex=3461, commits[85302df8-7a7f-4077-a053-c26dc3d3d65a:c3463]
2019-06-13 22:53:50,603 INFO  client.GrpcClientProtocolClient (GrpcClientProtocolClient.java:onNext(254)) - client-C82EA620EB9B->85302df8-7a7f-4077-a053-c26dc3d3d65a: receive RaftClientReply:client-C82EA620EB9B->85302df8-7a7f-4077-a053-c26dc3d3d65a@group-4701ABA8D7D0, cid=2048, SUCCESS, logIndex=3462, commits[85302df8-7a7f-4077-a053-c26dc3d3d65a:c3463]
2019-06-13 22:53:50,614 INFO  client.GrpcClientProtocolClient (GrpcClientProtocolClient.java:onNext(254)) - client-C82EA620EB9B->85302df8-7a7f-4077-a053-c26dc3d3d65a: receive RaftClientReply:client-C82EA620EB9B->85302df8-7a7f-4077-a053-c26dc3d3d65a@group-4701ABA8D7D0, cid=2049, SUCCESS, logIndex=3464, commits[85302df8-7a7f-4077-a053-c26dc3d3d65a:c3464]
2019-06-13 22:53:50,616 INFO  client.GrpcClientProtocolClient (GrpcClientProtocolClient.java:onNext(254)) - client-C82EA620EB9B->85302df8-7a7f-4077-a053-c26dc3d3d65a: receive RaftClientReply:client-C82EA620EB9B->85302df8-7a7f-4077-a053-c26dc3d3d65a@group-4701ABA8D7D0, cid=2050, SUCCESS, logIndex=3466, commits[85302df8-7a7f-4077-a053-c26dc3d3d65a:c3466]
2019-06-13 22:53:50,616 INFO  client.GrpcClientProtocolClient (GrpcClientProtocolClient.java:onNext(254)) - client-C82EA620EB9B->85302df8-7a7f-4077-a053-c26dc3d3d65a: receive RaftClientReply:client-C82EA620EB9B->85302df8-7a7f-4077-a053-c26dc3d3d65a@group-4701ABA8D7D0, cid=2051, SUCCESS, logIndex=3467, commits[85302df8-7a7f-4077-a053-c26dc3d3d65a:c3469]
2019-06-13 22:53:50,617 INFO  client.GrpcClientProtocolClient (GrpcClientProtocolClient.java:onNext(254)) - client-C82EA620EB9B->85302df8-7a7f-4077-a053-c26dc3d3d65a: receive RaftClientReply:client-C82EA620EB9B->85302df8-7a7f-4077-a053-c26dc3d3d65a@group-4701ABA8D7D0, cid=2052, SUCCESS, logIndex=3468, commits[85302df8-7a7f-4077-a053-c26dc3d3d65a:c3469]
2019-06-13 22:53:50,624 INFO  client.GrpcClientProtocolClient (GrpcClientProtocolClient.java:onNext(254)) - client-C82EA620EB9B->85302df8-7a7f-4077-a053-c26dc3d3d65a: receive RaftClientReply:client-C82EA620EB9B->85302df8-7a7f-4077-a053-c26dc3d3d65a@group-4701ABA8D7D0, cid=2053, SUCCESS, logIndex=3470, commits[85302df8-7a7f-4077-a053-c26dc3d3d65a:c3470]
2019-06-13 22:53:50,628 INFO  client.GrpcClientProtocolClient (GrpcClientProtocolClient.java:onNext(254)) - client-C82EA620EB9B->85302df8-7a7f-4077-a053-c26dc3d3d65a: receive RaftClientReply:client-C82EA620EB9B->85302df8-7a7f-4077-a053-c26dc3d3d65a@group-4701ABA8D7D0, cid=2054, SUCCESS, logIndex=3472, commits[85302df8-7a7f-4077-a053-c26dc3d3d65a:c3472]
2019-06-13 22:53:50,628 INFO  client.GrpcClientProtocolClient (GrpcClientProtocolClient.java:onNext(254)) - client-C82EA620EB9B->85302df8-7a7f-4077-a053-c26dc3d3d65a: receive RaftClientReply:client-C82EA620EB9B->85302df8-7a7f-4077-a053-c26dc3d3d65a@group-4701ABA8D7D0, cid=2055, SUCCESS, logIndex=3473, commits[85302df8-7a7f-4077-a053-c26dc3d3d65a:c3473]
2019-06-13 22:53:50,629 INFO  client.GrpcClientProtocolClient (GrpcClientProtocolClient.java:onNext(254)) - client-C82EA620EB9B->85302df8-7a7f-4077-a053-c26dc3d3d65a: receive RaftClientReply:client-C82EA620EB9B->85302df8-7a7f-4077-a053-c26dc3d3d65a@group-4701ABA8D7D0, cid=2056, SUCCESS, logIndex=3475, commits[85302df8-7a7f-4077-a053-c26dc3d3d65a:c3475]
2019-06-13 22:53:50,641 INFO  client.GrpcClientProtocolClient (GrpcClientProtocolClient.java:onNext(254)) - client-C82EA620EB9B->85302df8-7a7f-4077-a053-c26dc3d3d65a: receive RaftClientReply:client-C82EA620EB9B->85302df8-7a7f-4077-a053-c26dc3d3d65a@group-4701ABA8D7D0, cid=2057, SUCCESS, logIndex=3478, commits[85302df8-7a7f-4077-a053-c26dc3d3d65a:c3478]
2019-06-13 22:53:50,641 INFO  storage.RaftLogWorker (RaftLogWorker.java:rollLogSegment(303)) - 85302df8-7a7f-4077-a053-c26dc3d3d65a-RaftLogWorker: Rolling segment log-3412_3480 to index:3480
2019-06-13 22:53:50,642 INFO  storage.RaftLogWorker (RaftLogWorker.java:execute(433)) - 85302df8-7a7f-4077-a053-c26dc3d3d65a-RaftLogWorker: Rolled log segment from /opt/src/hadoop-ozone/integration-test/target/test-dir/MiniOzoneClusterImpl-550f9ca0-a6d9-4a4a-902f-f07ac81eac7b/datanode-0/data/ratis/5ad10fc2-5a33-4bdd-8958-4701aba8d7d0/current/log_inprogress_3412 to /opt/src/hadoop-ozone/integration-test/target/test-dir/MiniOzoneClusterImpl-550f9ca0-a6d9-4a4a-902f-f07ac81eac7b/datanode-0/data/ratis/5ad10fc2-5a33-4bdd-8958-4701aba8d7d0/current/log_3412-3480
2019-06-13 22:53:50,645 INFO  client.GrpcClientProtocolClient (GrpcClientProtocolClient.java:onNext(254)) - client-C82EA620EB9B->85302df8-7a7f-4077-a053-c26dc3d3d65a: receive RaftClientReply:client-C82EA620EB9B->85302df8-7a7f-4077-a053-c26dc3d3d65a@group-4701ABA8D7D0, cid=2058, SUCCESS, logIndex=3480, commits[85302df8-7a7f-4077-a053-c26dc3d3d65a:c3480]
2019-06-13 22:53:50,666 DEBUG block.SCMBlockDeletingService (SCMBlockDeletingService.java:call(138)) - Running DeletedBlockTransactionScanner
2019-06-13 22:53:50,666 DEBUG block.SCMBlockDeletingService (SCMBlockDeletingService.java:call(155)) - Scanned deleted blocks log and got 0 delTX to process.
2019-06-13 22:53:50,678 INFO  storage.RaftLogWorker (RaftLogWorker.java:execute(469)) - 85302df8-7a7f-4077-a053-c26dc3d3d65a-RaftLogWorker: created new log segment /opt/src/hadoop-ozone/integration-test/target/test-dir/MiniOzoneClusterImpl-550f9ca0-a6d9-4a4a-902f-f07ac81eac7b/datanode-0/data/ratis/5ad10fc2-5a33-4bdd-8958-4701aba8d7d0/current/log_inprogress_3481
2019-06-13 22:53:50,680 INFO  client.GrpcClientProtocolClient (GrpcClientProtocolClient.java:onNext(254)) - client-C82EA620EB9B->85302df8-7a7f-4077-a053-c26dc3d3d65a: receive RaftClientReply:client-C82EA620EB9B->85302df8-7a7f-4077-a053-c26dc3d3d65a@group-4701ABA8D7D0, cid=2059, SUCCESS, logIndex=3481, commits[85302df8-7a7f-4077-a053-c26dc3d3d65a:c3483]
2019-06-13 22:53:50,680 INFO  client.GrpcClientProtocolClient (GrpcClientProtocolClient.java:onNext(254)) - client-C82EA620EB9B->85302df8-7a7f-4077-a053-c26dc3d3d65a: receive RaftClientReply:client-C82EA620EB9B->85302df8-7a7f-4077-a053-c26dc3d3d65a@group-4701ABA8D7D0, cid=2060, SUCCESS, logIndex=3483, commits[85302df8-7a7f-4077-a053-c26dc3d3d65a:c3484]
2019-06-13 22:53:50,689 INFO  client.GrpcClientProtocolClient (GrpcClientProtocolClient.java:onNext(254)) - client-C82EA620EB9B->85302df8-7a7f-4077-a053-c26dc3d3d65a: receive RaftClientReply:client-C82EA620EB9B->85302df8-7a7f-4077-a053-c26dc3d3d65a@group-4701ABA8D7D0, cid=2061, SUCCESS, logIndex=3485, commits[85302df8-7a7f-4077-a053-c26dc3d3d65a:c3485]
2019-06-13 22:53:50,690 INFO  client.GrpcClientProtocolClient (GrpcClientProtocolClient.java:onNext(254)) - client-C82EA620EB9B->85302df8-7a7f-4077-a053-c26dc3d3d65a: receive RaftClientReply:client-C82EA620EB9B->85302df8-7a7f-4077-a053-c26dc3d3d65a@group-4701ABA8D7D0, cid=2062, SUCCESS, logIndex=3487, commits[85302df8-7a7f-4077-a053-c26dc3d3d65a:c3487]
2019-06-13 22:53:50,690 INFO  client.GrpcClientProtocolClient (GrpcClientProtocolClient.java:onNext(254)) - client-C82EA620EB9B->85302df8-7a7f-4077-a053-c26dc3d3d65a: receive RaftClientReply:client-C82EA620EB9B->85302df8-7a7f-4077-a053-c26dc3d3d65a@group-4701ABA8D7D0, cid=2063, SUCCESS, logIndex=3488, commits[85302df8-7a7f-4077-a053-c26dc3d3d65a:c3490]
2019-06-13 22:53:50,690 INFO  client.GrpcClientProtocolClient (GrpcClientProtocolClient.java:onNext(254)) - client-C82EA620EB9B->85302df8-7a7f-4077-a053-c26dc3d3d65a: receive RaftClientReply:client-C82EA620EB9B->85302df8-7a7f-4077-a053-c26dc3d3d65a@group-4701ABA8D7D0, cid=2064, SUCCESS, logIndex=3489, commits[85302df8-7a7f-4077-a053-c26dc3d3d65a:c3490]
2019-06-13 22:53:50,928 DEBUG block.SCMBlockDeletingService (SCMBlockDeletingService.java:call(138)) - Running DeletedBlockTransactionScanner
2019-06-13 22:53:50,928 DEBUG block.SCMBlockDeletingService (SCMBlockDeletingService.java:call(155)) - Scanned deleted blocks log and got 0 delTX to process.
2019-06-13 22:53:50,936 INFO  client.GrpcClientProtocolClient (GrpcClientProtocolClient.java:onNext(254)) - client-C82EA620EB9B->85302df8-7a7f-4077-a053-c26dc3d3d65a: receive RaftClientReply:client-C82EA620EB9B->85302df8-7a7f-4077-a053-c26dc3d3d65a@group-4701ABA8D7D0, cid=2065, SUCCESS, logIndex=3491, commits[85302df8-7a7f-4077-a053-c26dc3d3d65a:c3491]
2019-06-13 22:53:50,937 INFO  client.GrpcClientProtocolClient (GrpcClientProtocolClient.java:onNext(254)) - client-C82EA620EB9B->85302df8-7a7f-4077-a053-c26dc3d3d65a: receive RaftClientReply:client-C82EA620EB9B->85302df8-7a7f-4077-a053-c26dc3d3d65a@group-4701ABA8D7D0, cid=2066, SUCCESS, logIndex=3493, commits[85302df8-7a7f-4077-a053-c26dc3d3d65a:c3493]
2019-06-13 22:53:50,938 INFO  client.GrpcClientProtocolClient (GrpcClientProtocolClient.java:onNext(254)) - client-C82EA620EB9B->85302df8-7a7f-4077-a053-c26dc3d3d65a: receive RaftClientReply:client-C82EA620EB9B->85302df8-7a7f-4077-a053-c26dc3d3d65a@group-4701ABA8D7D0, cid=2067, SUCCESS, logIndex=3494, commits[85302df8-7a7f-4077-a053-c26dc3d3d65a:c3496]
2019-06-13 22:53:50,938 INFO  client.GrpcClientProtocolClient (GrpcClientProtocolClient.java:onNext(254)) - client-C82EA620EB9B->85302df8-7a7f-4077-a053-c26dc3d3d65a: receive RaftClientReply:client-C82EA620EB9B->85302df8-7a7f-4077-a053-c26dc3d3d65a@group-4701ABA8D7D0, cid=2068, SUCCESS, logIndex=3495, commits[85302df8-7a7f-4077-a053-c26dc3d3d65a:c3496]
2019-06-13 22:53:50,944 INFO  client.GrpcClientProtocolClient (GrpcClientProtocolClient.java:onNext(254)) - client-C82EA620EB9B->85302df8-7a7f-4077-a053-c26dc3d3d65a: receive RaftClientReply:client-C82EA620EB9B->85302df8-7a7f-4077-a053-c26dc3d3d65a@group-4701ABA8D7D0, cid=2069, SUCCESS, logIndex=3497, commits[85302df8-7a7f-4077-a053-c26dc3d3d65a:c3497]
2019-06-13 22:53:50,945 INFO  client.GrpcClientProtocolClient (GrpcClientProtocolClient.java:onNext(254)) - client-C82EA620EB9B->85302df8-7a7f-4077-a053-c26dc3d3d65a: receive RaftClientReply:client-C82EA620EB9B->85302df8-7a7f-4077-a053-c26dc3d3d65a@group-4701ABA8D7D0, cid=2070, SUCCESS, logIndex=3499, commits[85302df8-7a7f-4077-a053-c26dc3d3d65a:c3499]
2019-06-13 22:53:50,947 INFO  client.GrpcClientProtocolClient (GrpcClientProtocolClient.java:onNext(254)) - client-C82EA620EB9B->85302df8-7a7f-4077-a053-c26dc3d3d65a: receive RaftClientReply:client-C82EA620EB9B->85302df8-7a7f-4077-a053-c26dc3d3d65a@group-4701ABA8D7D0, cid=2071, SUCCESS, logIndex=3500, commits[85302df8-7a7f-4077-a053-c26dc3d3d65a:c3502]
2019-06-13 22:53:50,948 INFO  client.GrpcClientProtocolClient (GrpcClientProtocolClient.java:onNext(254)) - client-C82EA620EB9B->85302df8-7a7f-4077-a053-c26dc3d3d65a: receive RaftClientReply:client-C82EA620EB9B->85302df8-7a7f-4077-a053-c26dc3d3d65a@group-4701ABA8D7D0, cid=2072, SUCCESS, logIndex=3502, commits[85302df8-7a7f-4077-a053-c26dc3d3d65a:c3502]
2019-06-13 22:53:50,961 INFO  client.GrpcClientProtocolClient (GrpcClientProtocolClient.java:onNext(254)) - client-C82EA620EB9B->85302df8-7a7f-4077-a053-c26dc3d3d65a: receive RaftClientReply:client-C82EA620EB9B->85302df8-7a7f-4077-a053-c26dc3d3d65a@group-4701ABA8D7D0, cid=2073, SUCCESS, logIndex=3504, commits[85302df8-7a7f-4077-a053-c26dc3d3d65a:c3504]
2019-06-13 22:53:50,963 INFO  client.GrpcClientProtocolClient (GrpcClientProtocolClient.java:onNext(254)) - client-C82EA620EB9B->85302df8-7a7f-4077-a053-c26dc3d3d65a: receive RaftClientReply:client-C82EA620EB9B->85302df8-7a7f-4077-a053-c26dc3d3d65a@group-4701ABA8D7D0, cid=2074, SUCCESS, logIndex=3506, commits[85302df8-7a7f-4077-a053-c26dc3d3d65a:c3506]
2019-06-13 22:53:50,964 INFO  client.GrpcClientProtocolClient (GrpcClientProtocolClient.java:onNext(254)) - client-C82EA620EB9B->85302df8-7a7f-4077-a053-c26dc3d3d65a: receive RaftClientReply:client-C82EA620EB9B->85302df8-7a7f-4077-a053-c26dc3d3d65a@group-4701ABA8D7D0, cid=2075, SUCCESS, logIndex=3507, commits[85302df8-7a7f-4077-a053-c26dc3d3d65a:c3509]
2019-06-13 22:53:50,964 INFO  client.GrpcClientProtocolClient (GrpcClientProtocolClient.java:onNext(254)) - client-C82EA620EB9B->85302df8-7a7f-4077-a053-c26dc3d3d65a: receive RaftClientReply:client-C82EA620EB9B->85302df8-7a7f-4077-a053-c26dc3d3d65a@group-4701ABA8D7D0, cid=2076, SUCCESS, logIndex=3508, commits[85302df8-7a7f-4077-a053-c26dc3d3d65a:c3509]
2019-06-13 22:53:51,028 DEBUG block.SCMBlockDeletingService (SCMBlockDeletingService.java:call(138)) - Running DeletedBlockTransactionScanner
2019-06-13 22:53:51,029 DEBUG block.SCMBlockDeletingService (SCMBlockDeletingService.java:call(155)) - Scanned deleted blocks log and got 0 delTX to process.
2019-06-13 22:53:51,039 INFO  client.GrpcClientProtocolClient (GrpcClientProtocolClient.java:onNext(254)) - client-C82EA620EB9B->85302df8-7a7f-4077-a053-c26dc3d3d65a: receive RaftClientReply:client-C82EA620EB9B->85302df8-7a7f-4077-a053-c26dc3d3d65a@group-4701ABA8D7D0, cid=2077, SUCCESS, logIndex=3510, commits[85302df8-7a7f-4077-a053-c26dc3d3d65a:c3510]
2019-06-13 22:53:51,040 INFO  client.GrpcClientProtocolClient (GrpcClientProtocolClient.java:onNext(254)) - client-C82EA620EB9B->85302df8-7a7f-4077-a053-c26dc3d3d65a: receive RaftClientReply:client-C82EA620EB9B->85302df8-7a7f-4077-a053-c26dc3d3d65a@group-4701ABA8D7D0, cid=2078, SUCCESS, logIndex=3512, commits[85302df8-7a7f-4077-a053-c26dc3d3d65a:c3512]
2019-06-13 22:53:51,041 INFO  client.GrpcClientProtocolClient (GrpcClientProtocolClient.java:onNext(254)) - client-C82EA620EB9B->85302df8-7a7f-4077-a053-c26dc3d3d65a: receive RaftClientReply:client-C82EA620EB9B->85302df8-7a7f-4077-a053-c26dc3d3d65a@group-4701ABA8D7D0, cid=2079, SUCCESS, logIndex=3513, commits[85302df8-7a7f-4077-a053-c26dc3d3d65a:c3515]
2019-06-13 22:53:51,042 INFO  client.GrpcClientProtocolClient (GrpcClientProtocolClient.java:onNext(254)) - client-C82EA620EB9B->85302df8-7a7f-4077-a053-c26dc3d3d65a: receive RaftClientReply:client-C82EA620EB9B->85302df8-7a7f-4077-a053-c26dc3d3d65a@group-4701ABA8D7D0, cid=2080, SUCCESS, logIndex=3514, commits[85302df8-7a7f-4077-a053-c26dc3d3d65a:c3515]
2019-06-13 22:53:51,053 INFO  client.GrpcClientProtocolClient (GrpcClientProtocolClient.java:onNext(254)) - client-C82EA620EB9B->85302df8-7a7f-4077-a053-c26dc3d3d65a: receive RaftClientReply:client-C82EA620EB9B->85302df8-7a7f-4077-a053-c26dc3d3d65a@group-4701ABA8D7D0, cid=2081, SUCCESS, logIndex=3516, commits[85302df8-7a7f-4077-a053-c26dc3d3d65a:c3516]
2019-06-13 22:53:51,058 INFO  client.GrpcClientProtocolClient (GrpcClientProtocolClient.java:onNext(254)) - client-C82EA620EB9B->85302df8-7a7f-4077-a053-c26dc3d3d65a: receive RaftClientReply:client-C82EA620EB9B->85302df8-7a7f-4077-a053-c26dc3d3d65a@group-4701ABA8D7D0, cid=2082, SUCCESS, logIndex=3518, commits[85302df8-7a7f-4077-a053-c26dc3d3d65a:c3518]
2019-06-13 22:53:51,058 INFO  client.GrpcClientProtocolClient (GrpcClientProtocolClient.java:onNext(254)) - client-C82EA620EB9B->85302df8-7a7f-4077-a053-c26dc3d3d65a: receive RaftClientReply:client-C82EA620EB9B->85302df8-7a7f-4077-a053-c26dc3d3d65a@group-4701ABA8D7D0, cid=2083, SUCCESS, logIndex=3519, commits[85302df8-7a7f-4077-a053-c26dc3d3d65a:c3521]
2019-06-13 22:53:51,058 INFO  client.GrpcClientProtocolClient (GrpcClientProtocolClient.java:onNext(254)) - client-C82EA620EB9B->85302df8-7a7f-4077-a053-c26dc3d3d65a: receive RaftClientReply:client-C82EA620EB9B->85302df8-7a7f-4077-a053-c26dc3d3d65a@group-4701ABA8D7D0, cid=2084, SUCCESS, logIndex=3520, commits[85302df8-7a7f-4077-a053-c26dc3d3d65a:c3521]
2019-06-13 22:53:51,065 INFO  client.GrpcClientProtocolClient (GrpcClientProtocolClient.java:onNext(254)) - client-C82EA620EB9B->85302df8-7a7f-4077-a053-c26dc3d3d65a: receive RaftClientReply:client-C82EA620EB9B->85302df8-7a7f-4077-a053-c26dc3d3d65a@group-4701ABA8D7D0, cid=2085, SUCCESS, logIndex=3522, commits[85302df8-7a7f-4077-a053-c26dc3d3d65a:c3522]
2019-06-13 22:53:51,066 INFO  client.GrpcClientProtocolClient (GrpcClientProtocolClient.java:onNext(254)) - client-C82EA620EB9B->85302df8-7a7f-4077-a053-c26dc3d3d65a: receive RaftClientReply:client-C82EA620EB9B->85302df8-7a7f-4077-a053-c26dc3d3d65a@group-4701ABA8D7D0, cid=2086, SUCCESS, logIndex=3524, commits[85302df8-7a7f-4077-a053-c26dc3d3d65a:c3524]
2019-06-13 22:53:51,069 INFO  client.GrpcClientProtocolClient (GrpcClientProtocolClient.java:onNext(254)) - client-C82EA620EB9B->85302df8-7a7f-4077-a053-c26dc3d3d65a: receive RaftClientReply:client-C82EA620EB9B->85302df8-7a7f-4077-a053-c26dc3d3d65a@group-4701ABA8D7D0, cid=2087, SUCCESS, logIndex=3526, commits[85302df8-7a7f-4077-a053-c26dc3d3d65a:c3526]
2019-06-13 22:53:51,070 INFO  client.GrpcClientProtocolClient (GrpcClientProtocolClient.java:onNext(254)) - client-C82EA620EB9B->85302df8-7a7f-4077-a053-c26dc3d3d65a: receive RaftClientReply:client-C82EA620EB9B->85302df8-7a7f-4077-a053-c26dc3d3d65a@group-4701ABA8D7D0, cid=2088, SUCCESS, logIndex=3527, commits[85302df8-7a7f-4077-a053-c26dc3d3d65a:c3527]
2019-06-13 22:53:51,083 INFO  client.GrpcClientProtocolClient (GrpcClientProtocolClient.java:onNext(254)) - client-C82EA620EB9B->85302df8-7a7f-4077-a053-c26dc3d3d65a: receive RaftClientReply:client-C82EA620EB9B->85302df8-7a7f-4077-a053-c26dc3d3d65a@group-4701ABA8D7D0, cid=2089, SUCCESS, logIndex=3530, commits[85302df8-7a7f-4077-a053-c26dc3d3d65a:c3530]
2019-06-13 22:53:51,084 INFO  client.GrpcClientProtocolClient (GrpcClientProtocolClient.java:onNext(254)) - client-C82EA620EB9B->85302df8-7a7f-4077-a053-c26dc3d3d65a: receive RaftClientReply:client-C82EA620EB9B->85302df8-7a7f-4077-a053-c26dc3d3d65a@group-4701ABA8D7D0, cid=2090, SUCCESS, logIndex=3532, commits[85302df8-7a7f-4077-a053-c26dc3d3d65a:c3532]
2019-06-13 22:53:51,086 INFO  client.GrpcClientProtocolClient (GrpcClientProtocolClient.java:onNext(254)) - client-C82EA620EB9B->85302df8-7a7f-4077-a053-c26dc3d3d65a: receive RaftClientReply:client-C82EA620EB9B->85302df8-7a7f-4077-a053-c26dc3d3d65a@group-4701ABA8D7D0, cid=2091, SUCCESS, logIndex=3534, commits[85302df8-7a7f-4077-a053-c26dc3d3d65a:c3535]
2019-06-13 22:53:51,087 INFO  client.GrpcClientProtocolClient (GrpcClientProtocolClient.java:onNext(254)) - client-C82EA620EB9B->85302df8-7a7f-4077-a053-c26dc3d3d65a: receive RaftClientReply:client-C82EA620EB9B->85302df8-7a7f-4077-a053-c26dc3d3d65a@group-4701ABA8D7D0, cid=2092, SUCCESS, logIndex=3535, commits[85302df8-7a7f-4077-a053-c26dc3d3d65a:c3535]
2019-06-13 22:53:51,093 INFO  client.GrpcClientProtocolClient (GrpcClientProtocolClient.java:onNext(254)) - client-C82EA620EB9B->85302df8-7a7f-4077-a053-c26dc3d3d65a: receive RaftClientReply:client-C82EA620EB9B->85302df8-7a7f-4077-a053-c26dc3d3d65a@group-4701ABA8D7D0, cid=2093, SUCCESS, logIndex=3537, commits[85302df8-7a7f-4077-a053-c26dc3d3d65a:c3537]
2019-06-13 22:53:51,095 INFO  client.GrpcClientProtocolClient (GrpcClientProtocolClient.java:onNext(254)) - client-C82EA620EB9B->85302df8-7a7f-4077-a053-c26dc3d3d65a: receive RaftClientReply:client-C82EA620EB9B->85302df8-7a7f-4077-a053-c26dc3d3d65a@group-4701ABA8D7D0, cid=2094, SUCCESS, logIndex=3539, commits[85302df8-7a7f-4077-a053-c26dc3d3d65a:c3539]
2019-06-13 22:53:51,096 INFO  client.GrpcClientProtocolClient (GrpcClientProtocolClient.java:onNext(254)) - client-C82EA620EB9B->85302df8-7a7f-4077-a053-c26dc3d3d65a: receive RaftClientReply:client-C82EA620EB9B->85302df8-7a7f-4077-a053-c26dc3d3d65a@group-4701ABA8D7D0, cid=2095, SUCCESS, logIndex=3540, commits[85302df8-7a7f-4077-a053-c26dc3d3d65a:c3540]
2019-06-13 22:53:51,096 INFO  client.GrpcClientProtocolClient (GrpcClientProtocolClient.java:onNext(254)) - client-C82EA620EB9B->85302df8-7a7f-4077-a053-c26dc3d3d65a: receive RaftClientReply:client-C82EA620EB9B->85302df8-7a7f-4077-a053-c26dc3d3d65a@group-4701ABA8D7D0, cid=2096, SUCCESS, logIndex=3542, commits[85302df8-7a7f-4077-a053-c26dc3d3d65a:c3542]
2019-06-13 22:53:51,106 INFO  client.GrpcClientProtocolClient (GrpcClientProtocolClient.java:onNext(254)) - client-C82EA620EB9B->85302df8-7a7f-4077-a053-c26dc3d3d65a: receive RaftClientReply:client-C82EA620EB9B->85302df8-7a7f-4077-a053-c26dc3d3d65a@group-4701ABA8D7D0, cid=2097, SUCCESS, logIndex=3545, commits[85302df8-7a7f-4077-a053-c26dc3d3d65a:c3545]
2019-06-13 22:53:51,107 INFO  client.GrpcClientProtocolClient (GrpcClientProtocolClient.java:onNext(254)) - client-C82EA620EB9B->85302df8-7a7f-4077-a053-c26dc3d3d65a: receive RaftClientReply:client-C82EA620EB9B->85302df8-7a7f-4077-a053-c26dc3d3d65a@group-4701ABA8D7D0, cid=2098, SUCCESS, logIndex=3547, commits[85302df8-7a7f-4077-a053-c26dc3d3d65a:c3547]
2019-06-13 22:53:51,108 INFO  client.GrpcClientProtocolClient (GrpcClientProtocolClient.java:onNext(254)) - client-C82EA620EB9B->85302df8-7a7f-4077-a053-c26dc3d3d65a: receive RaftClientReply:client-C82EA620EB9B->85302df8-7a7f-4077-a053-c26dc3d3d65a@group-4701ABA8D7D0, cid=2099, SUCCESS, logIndex=3548, commits[85302df8-7a7f-4077-a053-c26dc3d3d65a:c3550]
2019-06-13 22:53:51,108 INFO  client.GrpcClientProtocolClient (GrpcClientProtocolClient.java:onNext(254)) - client-C82EA620EB9B->85302df8-7a7f-4077-a053-c26dc3d3d65a: receive RaftClientReply:client-C82EA620EB9B->85302df8-7a7f-4077-a053-c26dc3d3d65a@group-4701ABA8D7D0, cid=2100, SUCCESS, logIndex=3549, commits[85302df8-7a7f-4077-a053-c26dc3d3d65a:c3550]
2019-06-13 22:53:51,113 INFO  client.GrpcClientProtocolClient (GrpcClientProtocolClient.java:onNext(254)) - client-C82EA620EB9B->85302df8-7a7f-4077-a053-c26dc3d3d65a: receive RaftClientReply:client-C82EA620EB9B->85302df8-7a7f-4077-a053-c26dc3d3d65a@group-4701ABA8D7D0, cid=2101, SUCCESS, logIndex=3551, commits[85302df8-7a7f-4077-a053-c26dc3d3d65a:c3551]
2019-06-13 22:53:51,114 INFO  storage.RaftLogWorker (RaftLogWorker.java:rollLogSegment(303)) - 85302df8-7a7f-4077-a053-c26dc3d3d65a-RaftLogWorker: Rolling segment log-3481_3552 to index:3552
2019-06-13 22:53:51,114 INFO  storage.RaftLogWorker (RaftLogWorker.java:execute(433)) - 85302df8-7a7f-4077-a053-c26dc3d3d65a-RaftLogWorker: Rolled log segment from /opt/src/hadoop-ozone/integration-test/target/test-dir/MiniOzoneClusterImpl-550f9ca0-a6d9-4a4a-902f-f07ac81eac7b/datanode-0/data/ratis/5ad10fc2-5a33-4bdd-8958-4701aba8d7d0/current/log_inprogress_3481 to /opt/src/hadoop-ozone/integration-test/target/test-dir/MiniOzoneClusterImpl-550f9ca0-a6d9-4a4a-902f-f07ac81eac7b/datanode-0/data/ratis/5ad10fc2-5a33-4bdd-8958-4701aba8d7d0/current/log_3481-3552
2019-06-13 22:53:51,129 DEBUG block.SCMBlockDeletingService (SCMBlockDeletingService.java:call(138)) - Running DeletedBlockTransactionScanner
2019-06-13 22:53:51,129 DEBUG block.SCMBlockDeletingService (SCMBlockDeletingService.java:call(155)) - Scanned deleted blocks log and got 0 delTX to process.
2019-06-13 22:53:51,152 INFO  storage.RaftLogWorker (RaftLogWorker.java:execute(469)) - 85302df8-7a7f-4077-a053-c26dc3d3d65a-RaftLogWorker: created new log segment /opt/src/hadoop-ozone/integration-test/target/test-dir/MiniOzoneClusterImpl-550f9ca0-a6d9-4a4a-902f-f07ac81eac7b/datanode-0/data/ratis/5ad10fc2-5a33-4bdd-8958-4701aba8d7d0/current/log_inprogress_3553
2019-06-13 22:53:51,154 INFO  client.GrpcClientProtocolClient (GrpcClientProtocolClient.java:onNext(254)) - client-C82EA620EB9B->85302df8-7a7f-4077-a053-c26dc3d3d65a: receive RaftClientReply:client-C82EA620EB9B->85302df8-7a7f-4077-a053-c26dc3d3d65a@group-4701ABA8D7D0, cid=2102, SUCCESS, logIndex=3553, commits[85302df8-7a7f-4077-a053-c26dc3d3d65a:c3555]
2019-06-13 22:53:51,154 INFO  client.GrpcClientProtocolClient (GrpcClientProtocolClient.java:onNext(254)) - client-C82EA620EB9B->85302df8-7a7f-4077-a053-c26dc3d3d65a: receive RaftClientReply:client-C82EA620EB9B->85302df8-7a7f-4077-a053-c26dc3d3d65a@group-4701ABA8D7D0, cid=2103, SUCCESS, logIndex=3554, commits[85302df8-7a7f-4077-a053-c26dc3d3d65a:c3556]
2019-06-13 22:53:51,154 INFO  client.GrpcClientProtocolClient (GrpcClientProtocolClient.java:onNext(254)) - client-C82EA620EB9B->85302df8-7a7f-4077-a053-c26dc3d3d65a: receive RaftClientReply:client-C82EA620EB9B->85302df8-7a7f-4077-a053-c26dc3d3d65a@group-4701ABA8D7D0, cid=2104, SUCCESS, logIndex=3555, commits[85302df8-7a7f-4077-a053-c26dc3d3d65a:c3556]
2019-06-13 22:53:51,164 INFO  client.GrpcClientProtocolClient (GrpcClientProtocolClient.java:onNext(254)) - client-C82EA620EB9B->85302df8-7a7f-4077-a053-c26dc3d3d65a: receive RaftClientReply:client-C82EA620EB9B->85302df8-7a7f-4077-a053-c26dc3d3d65a@group-4701ABA8D7D0, cid=2105, SUCCESS, logIndex=3557, commits[85302df8-7a7f-4077-a053-c26dc3d3d65a:c3557]
2019-06-13 22:53:51,165 INFO  client.GrpcClientProtocolClient (GrpcClientProtocolClient.java:onNext(254)) - client-C82EA620EB9B->85302df8-7a7f-4077-a053-c26dc3d3d65a: receive RaftClientReply:client-C82EA620EB9B->85302df8-7a7f-4077-a053-c26dc3d3d65a@group-4701ABA8D7D0, cid=2106, SUCCESS, logIndex=3559, commits[85302df8-7a7f-4077-a053-c26dc3d3d65a:c3559]
2019-06-13 22:53:51,166 INFO  client.GrpcClientProtocolClient (GrpcClientProtocolClient.java:onNext(254)) - client-C82EA620EB9B->85302df8-7a7f-4077-a053-c26dc3d3d65a: receive RaftClientReply:client-C82EA620EB9B->85302df8-7a7f-4077-a053-c26dc3d3d65a@group-4701ABA8D7D0, cid=2107, SUCCESS, logIndex=3560, commits[85302df8-7a7f-4077-a053-c26dc3d3d65a:c3562]
2019-06-13 22:53:51,167 INFO  client.GrpcClientProtocolClient (GrpcClientProtocolClient.java:onNext(254)) - client-C82EA620EB9B->85302df8-7a7f-4077-a053-c26dc3d3d65a: receive RaftClientReply:client-C82EA620EB9B->85302df8-7a7f-4077-a053-c26dc3d3d65a@group-4701ABA8D7D0, cid=2108, SUCCESS, logIndex=3561, commits[85302df8-7a7f-4077-a053-c26dc3d3d65a:c3562]
2019-06-13 22:53:51,173 INFO  client.GrpcClientProtocolClient (GrpcClientProtocolClient.java:onNext(254)) - client-C82EA620EB9B->85302df8-7a7f-4077-a053-c26dc3d3d65a: receive RaftClientReply:client-C82EA620EB9B->85302df8-7a7f-4077-a053-c26dc3d3d65a@group-4701ABA8D7D0, cid=2109, SUCCESS, logIndex=3563, commits[85302df8-7a7f-4077-a053-c26dc3d3d65a:c3563]
2019-06-13 22:53:51,174 INFO  client.GrpcClientProtocolClient (GrpcClientProtocolClient.java:onNext(254)) - client-C82EA620EB9B->85302df8-7a7f-4077-a053-c26dc3d3d65a: receive RaftClientReply:client-C82EA620EB9B->85302df8-7a7f-4077-a053-c26dc3d3d65a@group-4701ABA8D7D0, cid=2110, SUCCESS, logIndex=3565, commits[85302df8-7a7f-4077-a053-c26dc3d3d65a:c3565]
2019-06-13 22:53:51,177 INFO  client.GrpcClientProtocolClient (GrpcClientProtocolClient.java:onNext(254)) - client-C82EA620EB9B->85302df8-7a7f-4077-a053-c26dc3d3d65a: receive RaftClientReply:client-C82EA620EB9B->85302df8-7a7f-4077-a053-c26dc3d3d65a@group-4701ABA8D7D0, cid=2111, SUCCESS, logIndex=3566, commits[85302df8-7a7f-4077-a053-c26dc3d3d65a:c3568]
2019-06-13 22:53:51,177 INFO  client.GrpcClientProtocolClient (GrpcClientProtocolClient.java:onNext(254)) - client-C82EA620EB9B->85302df8-7a7f-4077-a053-c26dc3d3d65a: receive RaftClientReply:client-C82EA620EB9B->85302df8-7a7f-4077-a053-c26dc3d3d65a@group-4701ABA8D7D0, cid=2112, SUCCESS, logIndex=3567, commits[85302df8-7a7f-4077-a053-c26dc3d3d65a:c3568]
2019-06-13 22:53:51,194 INFO  client.GrpcClientProtocolClient (GrpcClientProtocolClient.java:onNext(254)) - client-C82EA620EB9B->85302df8-7a7f-4077-a053-c26dc3d3d65a: receive RaftClientReply:client-C82EA620EB9B->85302df8-7a7f-4077-a053-c26dc3d3d65a@group-4701ABA8D7D0, cid=2113, SUCCESS, logIndex=3569, commits[85302df8-7a7f-4077-a053-c26dc3d3d65a:c3569]
2019-06-13 22:53:51,195 INFO  client.GrpcClientProtocolClient (GrpcClientProtocolClient.java:onNext(254)) - client-C82EA620EB9B->85302df8-7a7f-4077-a053-c26dc3d3d65a: receive RaftClientReply:client-C82EA620EB9B->85302df8-7a7f-4077-a053-c26dc3d3d65a@group-4701ABA8D7D0, cid=2114, SUCCESS, logIndex=3571, commits[85302df8-7a7f-4077-a053-c26dc3d3d65a:c3571]
2019-06-13 22:53:51,196 INFO  client.GrpcClientProtocolClient (GrpcClientProtocolClient.java:onNext(254)) - client-C82EA620EB9B->85302df8-7a7f-4077-a053-c26dc3d3d65a: receive RaftClientReply:client-C82EA620EB9B->85302df8-7a7f-4077-a053-c26dc3d3d65a@group-4701ABA8D7D0, cid=2115, SUCCESS, logIndex=3572, commits[85302df8-7a7f-4077-a053-c26dc3d3d65a:c3574]
2019-06-13 22:53:51,196 INFO  client.GrpcClientProtocolClient (GrpcClientProtocolClient.java:onNext(254)) - client-C82EA620EB9B->85302df8-7a7f-4077-a053-c26dc3d3d65a: receive RaftClientReply:client-C82EA620EB9B->85302df8-7a7f-4077-a053-c26dc3d3d65a@group-4701ABA8D7D0, cid=2116, SUCCESS, logIndex=3573, commits[85302df8-7a7f-4077-a053-c26dc3d3d65a:c3574]
2019-06-13 22:53:51,202 INFO  client.GrpcClientProtocolClient (GrpcClientProtocolClient.java:onNext(254)) - client-C82EA620EB9B->85302df8-7a7f-4077-a053-c26dc3d3d65a: receive RaftClientReply:client-C82EA620EB9B->85302df8-7a7f-4077-a053-c26dc3d3d65a@group-4701ABA8D7D0, cid=2117, SUCCESS, logIndex=3575, commits[85302df8-7a7f-4077-a053-c26dc3d3d65a:c3575]
2019-06-13 22:53:51,203 INFO  client.GrpcClientProtocolClient (GrpcClientProtocolClient.java:onNext(254)) - client-C82EA620EB9B->85302df8-7a7f-4077-a053-c26dc3d3d65a: receive RaftClientReply:client-C82EA620EB9B->85302df8-7a7f-4077-a053-c26dc3d3d65a@group-4701ABA8D7D0, cid=2118, SUCCESS, logIndex=3577, commits[85302df8-7a7f-4077-a053-c26dc3d3d65a:c3577]
2019-06-13 22:53:51,204 INFO  client.GrpcClientProtocolClient (GrpcClientProtocolClient.java:onNext(254)) - client-C82EA620EB9B->85302df8-7a7f-4077-a053-c26dc3d3d65a: receive RaftClientReply:client-C82EA620EB9B->85302df8-7a7f-4077-a053-c26dc3d3d65a@group-4701ABA8D7D0, cid=2119, SUCCESS, logIndex=3578, commits[85302df8-7a7f-4077-a053-c26dc3d3d65a:c3580]
2019-06-13 22:53:51,204 INFO  client.GrpcClientProtocolClient (GrpcClientProtocolClient.java:onNext(254)) - client-C82EA620EB9B->85302df8-7a7f-4077-a053-c26dc3d3d65a: receive RaftClientReply:client-C82EA620EB9B->85302df8-7a7f-4077-a053-c26dc3d3d65a@group-4701ABA8D7D0, cid=2120, SUCCESS, logIndex=3579, commits[85302df8-7a7f-4077-a053-c26dc3d3d65a:c3580]
2019-06-13 22:53:51,213 INFO  client.GrpcClientProtocolClient (GrpcClientProtocolClient.java:onNext(254)) - client-C82EA620EB9B->85302df8-7a7f-4077-a053-c26dc3d3d65a: receive RaftClientReply:client-C82EA620EB9B->85302df8-7a7f-4077-a053-c26dc3d3d65a@group-4701ABA8D7D0, cid=2121, SUCCESS, logIndex=3581, commits[85302df8-7a7f-4077-a053-c26dc3d3d65a:c3581]
2019-06-13 22:53:51,215 INFO  client.GrpcClientProtocolClient (GrpcClientProtocolClient.java:onNext(254)) - client-C82EA620EB9B->85302df8-7a7f-4077-a053-c26dc3d3d65a: receive RaftClientReply:client-C82EA620EB9B->85302df8-7a7f-4077-a053-c26dc3d3d65a@group-4701ABA8D7D0, cid=2122, SUCCESS, logIndex=3583, commits[85302df8-7a7f-4077-a053-c26dc3d3d65a:c3583]
2019-06-13 22:53:51,229 DEBUG block.SCMBlockDeletingService (SCMBlockDeletingService.java:call(138)) - Running DeletedBlockTransactionScanner
2019-06-13 22:53:51,230 DEBUG block.SCMBlockDeletingService (SCMBlockDeletingService.java:call(155)) - Scanned deleted blocks log and got 0 delTX to process.
2019-06-13 22:53:51,283 INFO  client.GrpcClientProtocolClient (GrpcClientProtocolClient.java:onNext(254)) - client-C82EA620EB9B->85302df8-7a7f-4077-a053-c26dc3d3d65a: receive RaftClientReply:client-C82EA620EB9B->85302df8-7a7f-4077-a053-c26dc3d3d65a@group-4701ABA8D7D0, cid=2123, SUCCESS, logIndex=3585, commits[85302df8-7a7f-4077-a053-c26dc3d3d65a:c3585]
2019-06-13 22:53:51,285 INFO  client.GrpcClientProtocolClient (GrpcClientProtocolClient.java:onNext(254)) - client-C82EA620EB9B->85302df8-7a7f-4077-a053-c26dc3d3d65a: receive RaftClientReply:client-C82EA620EB9B->85302df8-7a7f-4077-a053-c26dc3d3d65a@group-4701ABA8D7D0, cid=2124, SUCCESS, logIndex=3587, commits[85302df8-7a7f-4077-a053-c26dc3d3d65a:c3587]
2019-06-13 22:53:51,290 INFO  client.GrpcClientProtocolClient (GrpcClientProtocolClient.java:onNext(254)) - client-C82EA620EB9B->85302df8-7a7f-4077-a053-c26dc3d3d65a: receive RaftClientReply:client-C82EA620EB9B->85302df8-7a7f-4077-a053-c26dc3d3d65a@group-4701ABA8D7D0, cid=2125, SUCCESS, logIndex=3589, commits[85302df8-7a7f-4077-a053-c26dc3d3d65a:c3589]
2019-06-13 22:53:51,291 INFO  client.GrpcClientProtocolClient (GrpcClientProtocolClient.java:onNext(254)) - client-C82EA620EB9B->85302df8-7a7f-4077-a053-c26dc3d3d65a: receive RaftClientReply:client-C82EA620EB9B->85302df8-7a7f-4077-a053-c26dc3d3d65a@group-4701ABA8D7D0, cid=2126, SUCCESS, logIndex=3591, commits[85302df8-7a7f-4077-a053-c26dc3d3d65a:c3591]
2019-06-13 22:53:51,293 INFO  client.GrpcClientProtocolClient (GrpcClientProtocolClient.java:onNext(254)) - client-C82EA620EB9B->85302df8-7a7f-4077-a053-c26dc3d3d65a: receive RaftClientReply:client-C82EA620EB9B->85302df8-7a7f-4077-a053-c26dc3d3d65a@group-4701ABA8D7D0, cid=2127, SUCCESS, logIndex=3592, commits[85302df8-7a7f-4077-a053-c26dc3d3d65a:c3594]
2019-06-13 22:53:51,293 INFO  client.GrpcClientProtocolClient (GrpcClientProtocolClient.java:onNext(254)) - client-C82EA620EB9B->85302df8-7a7f-4077-a053-c26dc3d3d65a: receive RaftClientReply:client-C82EA620EB9B->85302df8-7a7f-4077-a053-c26dc3d3d65a@group-4701ABA8D7D0, cid=2128, SUCCESS, logIndex=3593, commits[85302df8-7a7f-4077-a053-c26dc3d3d65a:c3594]
2019-06-13 22:53:51,335 DEBUG block.SCMBlockDeletingService (SCMBlockDeletingService.java:call(138)) - Running DeletedBlockTransactionScanner
2019-06-13 22:53:51,335 DEBUG block.SCMBlockDeletingService (SCMBlockDeletingService.java:call(155)) - Scanned deleted blocks log and got 0 delTX to process.
2019-06-13 22:53:51,338 INFO  client.GrpcClientProtocolClient (GrpcClientProtocolClient.java:onNext(254)) - client-C82EA620EB9B->85302df8-7a7f-4077-a053-c26dc3d3d65a: receive RaftClientReply:client-C82EA620EB9B->85302df8-7a7f-4077-a053-c26dc3d3d65a@group-4701ABA8D7D0, cid=2129, SUCCESS, logIndex=3595, commits[85302df8-7a7f-4077-a053-c26dc3d3d65a:c3596]
2019-06-13 22:53:51,340 INFO  client.GrpcClientProtocolClient (GrpcClientProtocolClient.java:onNext(254)) - client-C82EA620EB9B->85302df8-7a7f-4077-a053-c26dc3d3d65a: receive RaftClientReply:client-C82EA620EB9B->85302df8-7a7f-4077-a053-c26dc3d3d65a@group-4701ABA8D7D0, cid=2130, SUCCESS, logIndex=3597, commits[85302df8-7a7f-4077-a053-c26dc3d3d65a:c3597]
2019-06-13 22:53:51,341 INFO  client.GrpcClientProtocolClient (GrpcClientProtocolClient.java:onNext(254)) - client-C82EA620EB9B->85302df8-7a7f-4077-a053-c26dc3d3d65a: receive RaftClientReply:client-C82EA620EB9B->85302df8-7a7f-4077-a053-c26dc3d3d65a@group-4701ABA8D7D0, cid=2131, SUCCESS, logIndex=3598, commits[85302df8-7a7f-4077-a053-c26dc3d3d65a:c3600]
2019-06-13 22:53:51,342 INFO  client.GrpcClientProtocolClient (GrpcClientProtocolClient.java:onNext(254)) - client-C82EA620EB9B->85302df8-7a7f-4077-a053-c26dc3d3d65a: receive RaftClientReply:client-C82EA620EB9B->85302df8-7a7f-4077-a053-c26dc3d3d65a@group-4701ABA8D7D0, cid=2132, SUCCESS, logIndex=3599, commits[85302df8-7a7f-4077-a053-c26dc3d3d65a:c3600]
2019-06-13 22:53:51,348 INFO  client.GrpcClientProtocolClient (GrpcClientProtocolClient.java:onNext(254)) - client-C82EA620EB9B->85302df8-7a7f-4077-a053-c26dc3d3d65a: receive RaftClientReply:client-C82EA620EB9B->85302df8-7a7f-4077-a053-c26dc3d3d65a@group-4701ABA8D7D0, cid=2133, SUCCESS, logIndex=3601, commits[85302df8-7a7f-4077-a053-c26dc3d3d65a:c3601]
2019-06-13 22:53:51,349 INFO  client.GrpcClientProtocolClient (GrpcClientProtocolClient.java:onNext(254)) - client-C82EA620EB9B->85302df8-7a7f-4077-a053-c26dc3d3d65a: receive RaftClientReply:client-C82EA620EB9B->85302df8-7a7f-4077-a053-c26dc3d3d65a@group-4701ABA8D7D0, cid=2134, SUCCESS, logIndex=3603, commits[85302df8-7a7f-4077-a053-c26dc3d3d65a:c3603]
2019-06-13 22:53:51,350 INFO  client.GrpcClientProtocolClient (GrpcClientProtocolClient.java:onNext(254)) - client-C82EA620EB9B->85302df8-7a7f-4077-a053-c26dc3d3d65a: receive RaftClientReply:client-C82EA620EB9B->85302df8-7a7f-4077-a053-c26dc3d3d65a@group-4701ABA8D7D0, cid=2135, SUCCESS, logIndex=3604, commits[85302df8-7a7f-4077-a053-c26dc3d3d65a:c3606]
2019-06-13 22:53:51,351 INFO  client.GrpcClientProtocolClient (GrpcClientProtocolClient.java:onNext(254)) - client-C82EA620EB9B->85302df8-7a7f-4077-a053-c26dc3d3d65a: receive RaftClientReply:client-C82EA620EB9B->85302df8-7a7f-4077-a053-c26dc3d3d65a@group-4701ABA8D7D0, cid=2136, SUCCESS, logIndex=3605, commits[85302df8-7a7f-4077-a053-c26dc3d3d65a:c3606]
2019-06-13 22:53:51,361 INFO  client.GrpcClientProtocolClient (GrpcClientProtocolClient.java:onNext(254)) - client-C82EA620EB9B->85302df8-7a7f-4077-a053-c26dc3d3d65a: receive RaftClientReply:client-C82EA620EB9B->85302df8-7a7f-4077-a053-c26dc3d3d65a@group-4701ABA8D7D0, cid=2137, SUCCESS, logIndex=3607, commits[85302df8-7a7f-4077-a053-c26dc3d3d65a:c3607]
2019-06-13 22:53:51,363 INFO  client.GrpcClientProtocolClient (GrpcClientProtocolClient.java:onNext(254)) - client-C82EA620EB9B->85302df8-7a7f-4077-a053-c26dc3d3d65a: receive RaftClientReply:client-C82EA620EB9B->85302df8-7a7f-4077-a053-c26dc3d3d65a@group-4701ABA8D7D0, cid=2138, SUCCESS, logIndex=3609, commits[85302df8-7a7f-4077-a053-c26dc3d3d65a:c3609]
2019-06-13 22:53:51,365 INFO  client.GrpcClientProtocolClient (GrpcClientProtocolClient.java:onNext(254)) - client-C82EA620EB9B->85302df8-7a7f-4077-a053-c26dc3d3d65a: receive RaftClientReply:client-C82EA620EB9B->85302df8-7a7f-4077-a053-c26dc3d3d65a@group-4701ABA8D7D0, cid=2139, SUCCESS, logIndex=3611, commits[85302df8-7a7f-4077-a053-c26dc3d3d65a:c3612]
2019-06-13 22:53:51,365 INFO  client.GrpcClientProtocolClient (GrpcClientProtocolClient.java:onNext(254)) - client-C82EA620EB9B->85302df8-7a7f-4077-a053-c26dc3d3d65a: receive RaftClientReply:client-C82EA620EB9B->85302df8-7a7f-4077-a053-c26dc3d3d65a@group-4701ABA8D7D0, cid=2140, SUCCESS, logIndex=3612, commits[85302df8-7a7f-4077-a053-c26dc3d3d65a:c3612]
2019-06-13 22:53:51,371 INFO  client.GrpcClientProtocolClient (GrpcClientProtocolClient.java:onNext(254)) - client-C82EA620EB9B->85302df8-7a7f-4077-a053-c26dc3d3d65a: receive RaftClientReply:client-C82EA620EB9B->85302df8-7a7f-4077-a053-c26dc3d3d65a@group-4701ABA8D7D0, cid=2141, SUCCESS, logIndex=3614, commits[85302df8-7a7f-4077-a053-c26dc3d3d65a:c3614]
2019-06-13 22:53:51,372 INFO  client.GrpcClientProtocolClient (GrpcClientProtocolClient.java:onNext(254)) - client-C82EA620EB9B->85302df8-7a7f-4077-a053-c26dc3d3d65a: receive RaftClientReply:client-C82EA620EB9B->85302df8-7a7f-4077-a053-c26dc3d3d65a@group-4701ABA8D7D0, cid=2142, SUCCESS, logIndex=3616, commits[85302df8-7a7f-4077-a053-c26dc3d3d65a:c3616]
2019-06-13 22:53:51,373 INFO  client.GrpcClientProtocolClient (GrpcClientProtocolClient.java:onNext(254)) - client-C82EA620EB9B->85302df8-7a7f-4077-a053-c26dc3d3d65a: receive RaftClientReply:client-C82EA620EB9B->85302df8-7a7f-4077-a053-c26dc3d3d65a@group-4701ABA8D7D0, cid=2143, SUCCESS, logIndex=3617, commits[85302df8-7a7f-4077-a053-c26dc3d3d65a:c3619]
2019-06-13 22:53:51,374 INFO  client.GrpcClientProtocolClient (GrpcClientProtocolClient.java:onNext(254)) - client-C82EA620EB9B->85302df8-7a7f-4077-a053-c26dc3d3d65a: receive RaftClientReply:client-C82EA620EB9B->85302df8-7a7f-4077-a053-c26dc3d3d65a@group-4701ABA8D7D0, cid=2144, SUCCESS, logIndex=3618, commits[85302df8-7a7f-4077-a053-c26dc3d3d65a:c3619]
2019-06-13 22:53:51,380 INFO  storage.RaftLogWorker (RaftLogWorker.java:rollLogSegment(303)) - 85302df8-7a7f-4077-a053-c26dc3d3d65a-RaftLogWorker: Rolling segment log-3553_3619 to index:3619
2019-06-13 22:53:51,381 INFO  storage.RaftLogWorker (RaftLogWorker.java:execute(433)) - 85302df8-7a7f-4077-a053-c26dc3d3d65a-RaftLogWorker: Rolled log segment from /opt/src/hadoop-ozone/integration-test/target/test-dir/MiniOzoneClusterImpl-550f9ca0-a6d9-4a4a-902f-f07ac81eac7b/datanode-0/data/ratis/5ad10fc2-5a33-4bdd-8958-4701aba8d7d0/current/log_inprogress_3553 to /opt/src/hadoop-ozone/integration-test/target/test-dir/MiniOzoneClusterImpl-550f9ca0-a6d9-4a4a-902f-f07ac81eac7b/datanode-0/data/ratis/5ad10fc2-5a33-4bdd-8958-4701aba8d7d0/current/log_3553-3619
2019-06-13 22:53:51,417 INFO  storage.RaftLogWorker (RaftLogWorker.java:execute(469)) - 85302df8-7a7f-4077-a053-c26dc3d3d65a-RaftLogWorker: created new log segment /opt/src/hadoop-ozone/integration-test/target/test-dir/MiniOzoneClusterImpl-550f9ca0-a6d9-4a4a-902f-f07ac81eac7b/datanode-0/data/ratis/5ad10fc2-5a33-4bdd-8958-4701aba8d7d0/current/log_inprogress_3620
2019-06-13 22:53:51,419 INFO  client.GrpcClientProtocolClient (GrpcClientProtocolClient.java:onNext(254)) - client-C82EA620EB9B->85302df8-7a7f-4077-a053-c26dc3d3d65a: receive RaftClientReply:client-C82EA620EB9B->85302df8-7a7f-4077-a053-c26dc3d3d65a@group-4701ABA8D7D0, cid=2145, SUCCESS, logIndex=3620, commits[85302df8-7a7f-4077-a053-c26dc3d3d65a:c3620]
2019-06-13 22:53:51,421 INFO  client.GrpcClientProtocolClient (GrpcClientProtocolClient.java:onNext(254)) - client-C82EA620EB9B->85302df8-7a7f-4077-a053-c26dc3d3d65a: receive RaftClientReply:client-C82EA620EB9B->85302df8-7a7f-4077-a053-c26dc3d3d65a@group-4701ABA8D7D0, cid=2146, SUCCESS, logIndex=3622, commits[85302df8-7a7f-4077-a053-c26dc3d3d65a:c3622]
2019-06-13 22:53:51,421 INFO  client.GrpcClientProtocolClient (GrpcClientProtocolClient.java:onNext(254)) - client-C82EA620EB9B->85302df8-7a7f-4077-a053-c26dc3d3d65a: receive RaftClientReply:client-C82EA620EB9B->85302df8-7a7f-4077-a053-c26dc3d3d65a@group-4701ABA8D7D0, cid=2147, SUCCESS, logIndex=3623, commits[85302df8-7a7f-4077-a053-c26dc3d3d65a:c3625]
2019-06-13 22:53:51,421 INFO  client.GrpcClientProtocolClient (GrpcClientProtocolClient.java:onNext(254)) - client-C82EA620EB9B->85302df8-7a7f-4077-a053-c26dc3d3d65a: receive RaftClientReply:client-C82EA620EB9B->85302df8-7a7f-4077-a053-c26dc3d3d65a@group-4701ABA8D7D0, cid=2148, SUCCESS, logIndex=3624, commits[85302df8-7a7f-4077-a053-c26dc3d3d65a:c3625]
2019-06-13 22:53:51,428 INFO  client.GrpcClientProtocolClient (GrpcClientProtocolClient.java:onNext(254)) - client-C82EA620EB9B->85302df8-7a7f-4077-a053-c26dc3d3d65a: receive RaftClientReply:client-C82EA620EB9B->85302df8-7a7f-4077-a053-c26dc3d3d65a@group-4701ABA8D7D0, cid=2149, SUCCESS, logIndex=3626, commits[85302df8-7a7f-4077-a053-c26dc3d3d65a:c3627]
2019-06-13 22:53:51,429 INFO  client.GrpcClientProtocolClient (GrpcClientProtocolClient.java:onNext(254)) - client-C82EA620EB9B->85302df8-7a7f-4077-a053-c26dc3d3d65a: receive RaftClientReply:client-C82EA620EB9B->85302df8-7a7f-4077-a053-c26dc3d3d65a@group-4701ABA8D7D0, cid=2150, SUCCESS, logIndex=3628, commits[85302df8-7a7f-4077-a053-c26dc3d3d65a:c3628]
2019-06-13 22:53:51,431 INFO  client.GrpcClientProtocolClient (GrpcClientProtocolClient.java:onNext(254)) - client-C82EA620EB9B->85302df8-7a7f-4077-a053-c26dc3d3d65a: receive RaftClientReply:client-C82EA620EB9B->85302df8-7a7f-4077-a053-c26dc3d3d65a@group-4701ABA8D7D0, cid=2151, SUCCESS, logIndex=3629, commits[85302df8-7a7f-4077-a053-c26dc3d3d65a:c3631]
2019-06-13 22:53:51,431 INFO  client.GrpcClientProtocolClient (GrpcClientProtocolClient.java:onNext(254)) - client-C82EA620EB9B->85302df8-7a7f-4077-a053-c26dc3d3d65a: receive RaftClientReply:client-C82EA620EB9B->85302df8-7a7f-4077-a053-c26dc3d3d65a@group-4701ABA8D7D0, cid=2152, SUCCESS, logIndex=3630, commits[85302df8-7a7f-4077-a053-c26dc3d3d65a:c3631]
2019-06-13 22:53:51,435 DEBUG block.SCMBlockDeletingService (SCMBlockDeletingService.java:call(138)) - Running DeletedBlockTransactionScanner
2019-06-13 22:53:51,436 DEBUG block.SCMBlockDeletingService (SCMBlockDeletingService.java:call(155)) - Scanned deleted blocks log and got 0 delTX to process.
2019-06-13 22:53:51,440 INFO  client.GrpcClientProtocolClient (GrpcClientProtocolClient.java:onNext(254)) - client-C82EA620EB9B->85302df8-7a7f-4077-a053-c26dc3d3d65a: receive RaftClientReply:client-C82EA620EB9B->85302df8-7a7f-4077-a053-c26dc3d3d65a@group-4701ABA8D7D0, cid=2153, SUCCESS, logIndex=3632, commits[85302df8-7a7f-4077-a053-c26dc3d3d65a:c3632]
2019-06-13 22:53:51,441 INFO  client.GrpcClientProtocolClient (GrpcClientProtocolClient.java:onNext(254)) - client-C82EA620EB9B->85302df8-7a7f-4077-a053-c26dc3d3d65a: receive RaftClientReply:client-C82EA620EB9B->85302df8-7a7f-4077-a053-c26dc3d3d65a@group-4701ABA8D7D0, cid=2154, SUCCESS, logIndex=3634, commits[85302df8-7a7f-4077-a053-c26dc3d3d65a:c3634]
2019-06-13 22:53:51,443 INFO  client.GrpcClientProtocolClient (GrpcClientProtocolClient.java:onNext(254)) - client-C82EA620EB9B->85302df8-7a7f-4077-a053-c26dc3d3d65a: receive RaftClientReply:client-C82EA620EB9B->85302df8-7a7f-4077-a053-c26dc3d3d65a@group-4701ABA8D7D0, cid=2155, SUCCESS, logIndex=3635, commits[85302df8-7a7f-4077-a053-c26dc3d3d65a:c3637]
2019-06-13 22:53:51,443 INFO  client.GrpcClientProtocolClient (GrpcClientProtocolClient.java:onNext(254)) - client-C82EA620EB9B->85302df8-7a7f-4077-a053-c26dc3d3d65a: receive RaftClientReply:client-C82EA620EB9B->85302df8-7a7f-4077-a053-c26dc3d3d65a@group-4701ABA8D7D0, cid=2156, SUCCESS, logIndex=3636, commits[85302df8-7a7f-4077-a053-c26dc3d3d65a:c3637]
2019-06-13 22:53:51,449 INFO  client.GrpcClientProtocolClient (GrpcClientProtocolClient.java:onNext(254)) - client-C82EA620EB9B->85302df8-7a7f-4077-a053-c26dc3d3d65a: receive RaftClientReply:client-C82EA620EB9B->85302df8-7a7f-4077-a053-c26dc3d3d65a@group-4701ABA8D7D0, cid=2157, SUCCESS, logIndex=3638, commits[85302df8-7a7f-4077-a053-c26dc3d3d65a:c3638]
2019-06-13 22:53:51,450 INFO  client.GrpcClientProtocolClient (GrpcClientProtocolClient.java:onNext(254)) - client-C82EA620EB9B->85302df8-7a7f-4077-a053-c26dc3d3d65a: receive RaftClientReply:client-C82EA620EB9B->85302df8-7a7f-4077-a053-c26dc3d3d65a@group-4701ABA8D7D0, cid=2158, SUCCESS, logIndex=3640, commits[85302df8-7a7f-4077-a053-c26dc3d3d65a:c3640]
2019-06-13 22:53:51,451 INFO  client.GrpcClientProtocolClient (GrpcClientProtocolClient.java:onNext(254)) - client-C82EA620EB9B->85302df8-7a7f-4077-a053-c26dc3d3d65a: receive RaftClientReply:client-C82EA620EB9B->85302df8-7a7f-4077-a053-c26dc3d3d65a@group-4701ABA8D7D0, cid=2159, SUCCESS, logIndex=3641, commits[85302df8-7a7f-4077-a053-c26dc3d3d65a:c3643]
2019-06-13 22:53:51,451 INFO  client.GrpcClientProtocolClient (GrpcClientProtocolClient.java:onNext(254)) - client-C82EA620EB9B->85302df8-7a7f-4077-a053-c26dc3d3d65a: receive RaftClientReply:client-C82EA620EB9B->85302df8-7a7f-4077-a053-c26dc3d3d65a@group-4701ABA8D7D0, cid=2160, SUCCESS, logIndex=3642, commits[85302df8-7a7f-4077-a053-c26dc3d3d65a:c3643]
2019-06-13 22:53:51,461 INFO  client.GrpcClientProtocolClient (GrpcClientProtocolClient.java:onNext(254)) - client-C82EA620EB9B->85302df8-7a7f-4077-a053-c26dc3d3d65a: receive RaftClientReply:client-C82EA620EB9B->85302df8-7a7f-4077-a053-c26dc3d3d65a@group-4701ABA8D7D0, cid=2161, SUCCESS, logIndex=3644, commits[85302df8-7a7f-4077-a053-c26dc3d3d65a:c3644]
2019-06-13 22:53:51,464 INFO  client.GrpcClientProtocolClient (GrpcClientProtocolClient.java:onNext(254)) - client-C82EA620EB9B->85302df8-7a7f-4077-a053-c26dc3d3d65a: receive RaftClientReply:client-C82EA620EB9B->85302df8-7a7f-4077-a053-c26dc3d3d65a@group-4701ABA8D7D0, cid=2162, SUCCESS, logIndex=3646, commits[85302df8-7a7f-4077-a053-c26dc3d3d65a:c3648]
2019-06-13 22:53:51,464 INFO  client.GrpcClientProtocolClient (GrpcClientProtocolClient.java:onNext(254)) - client-C82EA620EB9B->85302df8-7a7f-4077-a053-c26dc3d3d65a: receive RaftClientReply:client-C82EA620EB9B->85302df8-7a7f-4077-a053-c26dc3d3d65a@group-4701ABA8D7D0, cid=2163, SUCCESS, logIndex=3647, commits[85302df8-7a7f-4077-a053-c26dc3d3d65a:c3648]
2019-06-13 22:53:51,464 INFO  client.GrpcClientProtocolClient (GrpcClientProtocolClient.java:onNext(254)) - client-C82EA620EB9B->85302df8-7a7f-4077-a053-c26dc3d3d65a: receive RaftClientReply:client-C82EA620EB9B->85302df8-7a7f-4077-a053-c26dc3d3d65a@group-4701ABA8D7D0, cid=2164, SUCCESS, logIndex=3648, commits[85302df8-7a7f-4077-a053-c26dc3d3d65a:c3649]
2019-06-13 22:53:51,470 INFO  client.GrpcClientProtocolClient (GrpcClientProtocolClient.java:onNext(254)) - client-C82EA620EB9B->85302df8-7a7f-4077-a053-c26dc3d3d65a: receive RaftClientReply:client-C82EA620EB9B->85302df8-7a7f-4077-a053-c26dc3d3d65a@group-4701ABA8D7D0, cid=2165, SUCCESS, logIndex=3650, commits[85302df8-7a7f-4077-a053-c26dc3d3d65a:c3650]
2019-06-13 22:53:51,471 INFO  client.GrpcClientProtocolClient (GrpcClientProtocolClient.java:onNext(254)) - client-C82EA620EB9B->85302df8-7a7f-4077-a053-c26dc3d3d65a: receive RaftClientReply:client-C82EA620EB9B->85302df8-7a7f-4077-a053-c26dc3d3d65a@group-4701ABA8D7D0, cid=2166, SUCCESS, logIndex=3652, commits[85302df8-7a7f-4077-a053-c26dc3d3d65a:c3652]
2019-06-13 22:53:51,536 DEBUG block.SCMBlockDeletingService (SCMBlockDeletingService.java:call(138)) - Running DeletedBlockTransactionScanner
2019-06-13 22:53:51,536 DEBUG block.SCMBlockDeletingService (SCMBlockDeletingService.java:call(155)) - Scanned deleted blocks log and got 0 delTX to process.
2019-06-13 22:53:51,539 INFO  client.GrpcClientProtocolClient (GrpcClientProtocolClient.java:onNext(254)) - client-C82EA620EB9B->85302df8-7a7f-4077-a053-c26dc3d3d65a: receive RaftClientReply:client-C82EA620EB9B->85302df8-7a7f-4077-a053-c26dc3d3d65a@group-4701ABA8D7D0, cid=2167, SUCCESS, logIndex=3654, commits[85302df8-7a7f-4077-a053-c26dc3d3d65a:c3654]
2019-06-13 22:53:51,540 INFO  client.GrpcClientProtocolClient (GrpcClientProtocolClient.java:onNext(254)) - client-C82EA620EB9B->85302df8-7a7f-4077-a053-c26dc3d3d65a: receive RaftClientReply:client-C82EA620EB9B->85302df8-7a7f-4077-a053-c26dc3d3d65a@group-4701ABA8D7D0, cid=2168, SUCCESS, logIndex=3656, commits[85302df8-7a7f-4077-a053-c26dc3d3d65a:c3656]
2019-06-13 22:53:51,549 INFO  client.GrpcClientProtocolClient (GrpcClientProtocolClient.java:onNext(254)) - client-C82EA620EB9B->85302df8-7a7f-4077-a053-c26dc3d3d65a: receive RaftClientReply:client-C82EA620EB9B->85302df8-7a7f-4077-a053-c26dc3d3d65a@group-4701ABA8D7D0, cid=2169, SUCCESS, logIndex=3658, commits[85302df8-7a7f-4077-a053-c26dc3d3d65a:c3658]
2019-06-13 22:53:51,551 INFO  client.GrpcClientProtocolClient (GrpcClientProtocolClient.java:onNext(254)) - client-C82EA620EB9B->85302df8-7a7f-4077-a053-c26dc3d3d65a: receive RaftClientReply:client-C82EA620EB9B->85302df8-7a7f-4077-a053-c26dc3d3d65a@group-4701ABA8D7D0, cid=2170, SUCCESS, logIndex=3660, commits[85302df8-7a7f-4077-a053-c26dc3d3d65a:c3660]
2019-06-13 22:53:51,552 INFO  client.GrpcClientProtocolClient (GrpcClientProtocolClient.java:onNext(254)) - client-C82EA620EB9B->85302df8-7a7f-4077-a053-c26dc3d3d65a: receive RaftClientReply:client-C82EA620EB9B->85302df8-7a7f-4077-a053-c26dc3d3d65a@group-4701ABA8D7D0, cid=2171, SUCCESS, logIndex=3661, commits[85302df8-7a7f-4077-a053-c26dc3d3d65a:c3663]
2019-06-13 22:53:51,552 INFO  client.GrpcClientProtocolClient (GrpcClientProtocolClient.java:onNext(254)) - client-C82EA620EB9B->85302df8-7a7f-4077-a053-c26dc3d3d65a: receive RaftClientReply:client-C82EA620EB9B->85302df8-7a7f-4077-a053-c26dc3d3d65a@group-4701ABA8D7D0, cid=2172, SUCCESS, logIndex=3662, commits[85302df8-7a7f-4077-a053-c26dc3d3d65a:c3663]
2019-06-13 22:53:51,558 INFO  client.GrpcClientProtocolClient (GrpcClientProtocolClient.java:onNext(254)) - client-C82EA620EB9B->85302df8-7a7f-4077-a053-c26dc3d3d65a: receive RaftClientReply:client-C82EA620EB9B->85302df8-7a7f-4077-a053-c26dc3d3d65a@group-4701ABA8D7D0, cid=2173, SUCCESS, logIndex=3664, commits[85302df8-7a7f-4077-a053-c26dc3d3d65a:c3664]
2019-06-13 22:53:51,559 INFO  client.GrpcClientProtocolClient (GrpcClientProtocolClient.java:onNext(254)) - client-C82EA620EB9B->85302df8-7a7f-4077-a053-c26dc3d3d65a: receive RaftClientReply:client-C82EA620EB9B->85302df8-7a7f-4077-a053-c26dc3d3d65a@group-4701ABA8D7D0, cid=2174, SUCCESS, logIndex=3666, commits[85302df8-7a7f-4077-a053-c26dc3d3d65a:c3666]
2019-06-13 22:53:51,560 INFO  client.GrpcClientProtocolClient (GrpcClientProtocolClient.java:onNext(254)) - client-C82EA620EB9B->85302df8-7a7f-4077-a053-c26dc3d3d65a: receive RaftClientReply:client-C82EA620EB9B->85302df8-7a7f-4077-a053-c26dc3d3d65a@group-4701ABA8D7D0, cid=2175, SUCCESS, logIndex=3667, commits[85302df8-7a7f-4077-a053-c26dc3d3d65a:c3669]
2019-06-13 22:53:51,560 INFO  client.GrpcClientProtocolClient (GrpcClientProtocolClient.java:onNext(254)) - client-C82EA620EB9B->85302df8-7a7f-4077-a053-c26dc3d3d65a: receive RaftClientReply:client-C82EA620EB9B->85302df8-7a7f-4077-a053-c26dc3d3d65a@group-4701ABA8D7D0, cid=2176, SUCCESS, logIndex=3668, commits[85302df8-7a7f-4077-a053-c26dc3d3d65a:c3669]
2019-06-13 22:53:51,570 INFO  client.GrpcClientProtocolClient (GrpcClientProtocolClient.java:onNext(254)) - client-C82EA620EB9B->85302df8-7a7f-4077-a053-c26dc3d3d65a: receive RaftClientReply:client-C82EA620EB9B->85302df8-7a7f-4077-a053-c26dc3d3d65a@group-4701ABA8D7D0, cid=2177, SUCCESS, logIndex=3670, commits[85302df8-7a7f-4077-a053-c26dc3d3d65a:c3670]
2019-06-13 22:53:51,571 INFO  client.GrpcClientProtocolClient (GrpcClientProtocolClient.java:onNext(254)) - client-C82EA620EB9B->85302df8-7a7f-4077-a053-c26dc3d3d65a: receive RaftClientReply:client-C82EA620EB9B->85302df8-7a7f-4077-a053-c26dc3d3d65a@group-4701ABA8D7D0, cid=2178, SUCCESS, logIndex=3672, commits[85302df8-7a7f-4077-a053-c26dc3d3d65a:c3672]
2019-06-13 22:53:51,572 INFO  client.GrpcClientProtocolClient (GrpcClientProtocolClient.java:onNext(254)) - client-C82EA620EB9B->85302df8-7a7f-4077-a053-c26dc3d3d65a: receive RaftClientReply:client-C82EA620EB9B->85302df8-7a7f-4077-a053-c26dc3d3d65a@group-4701ABA8D7D0, cid=2179, SUCCESS, logIndex=3673, commits[85302df8-7a7f-4077-a053-c26dc3d3d65a:c3675]
2019-06-13 22:53:51,573 INFO  client.GrpcClientProtocolClient (GrpcClientProtocolClient.java:onNext(254)) - client-C82EA620EB9B->85302df8-7a7f-4077-a053-c26dc3d3d65a: receive RaftClientReply:client-C82EA620EB9B->85302df8-7a7f-4077-a053-c26dc3d3d65a@group-4701ABA8D7D0, cid=2180, SUCCESS, logIndex=3674, commits[85302df8-7a7f-4077-a053-c26dc3d3d65a:c3675]
2019-06-13 22:53:51,578 INFO  client.GrpcClientProtocolClient (GrpcClientProtocolClient.java:onNext(254)) - client-C82EA620EB9B->85302df8-7a7f-4077-a053-c26dc3d3d65a: receive RaftClientReply:client-C82EA620EB9B->85302df8-7a7f-4077-a053-c26dc3d3d65a@group-4701ABA8D7D0, cid=2181, SUCCESS, logIndex=3676, commits[85302df8-7a7f-4077-a053-c26dc3d3d65a:c3676]
2019-06-13 22:53:51,580 INFO  client.GrpcClientProtocolClient (GrpcClientProtocolClient.java:onNext(254)) - client-C82EA620EB9B->85302df8-7a7f-4077-a053-c26dc3d3d65a: receive RaftClientReply:client-C82EA620EB9B->85302df8-7a7f-4077-a053-c26dc3d3d65a@group-4701ABA8D7D0, cid=2182, SUCCESS, logIndex=3678, commits[85302df8-7a7f-4077-a053-c26dc3d3d65a:c3678]
2019-06-13 22:53:51,581 INFO  client.GrpcClientProtocolClient (GrpcClientProtocolClient.java:onNext(254)) - client-C82EA620EB9B->85302df8-7a7f-4077-a053-c26dc3d3d65a: receive RaftClientReply:client-C82EA620EB9B->85302df8-7a7f-4077-a053-c26dc3d3d65a@group-4701ABA8D7D0, cid=2183, SUCCESS, logIndex=3679, commits[85302df8-7a7f-4077-a053-c26dc3d3d65a:c3681]
2019-06-13 22:53:51,581 INFO  client.GrpcClientProtocolClient (GrpcClientProtocolClient.java:onNext(254)) - client-C82EA620EB9B->85302df8-7a7f-4077-a053-c26dc3d3d65a: receive RaftClientReply:client-C82EA620EB9B->85302df8-7a7f-4077-a053-c26dc3d3d65a@group-4701ABA8D7D0, cid=2184, SUCCESS, logIndex=3680, commits[85302df8-7a7f-4077-a053-c26dc3d3d65a:c3681]
2019-06-13 22:53:51,592 INFO  client.GrpcClientProtocolClient (GrpcClientProtocolClient.java:onNext(254)) - client-C82EA620EB9B->85302df8-7a7f-4077-a053-c26dc3d3d65a: receive RaftClientReply:client-C82EA620EB9B->85302df8-7a7f-4077-a053-c26dc3d3d65a@group-4701ABA8D7D0, cid=2185, SUCCESS, logIndex=3682, commits[85302df8-7a7f-4077-a053-c26dc3d3d65a:c3682]
2019-06-13 22:53:51,593 INFO  client.GrpcClientProtocolClient (GrpcClientProtocolClient.java:onNext(254)) - client-C82EA620EB9B->85302df8-7a7f-4077-a053-c26dc3d3d65a: receive RaftClientReply:client-C82EA620EB9B->85302df8-7a7f-4077-a053-c26dc3d3d65a@group-4701ABA8D7D0, cid=2186, SUCCESS, logIndex=3684, commits[85302df8-7a7f-4077-a053-c26dc3d3d65a:c3684]
2019-06-13 22:53:51,594 INFO  client.GrpcClientProtocolClient (GrpcClientProtocolClient.java:onNext(254)) - client-C82EA620EB9B->85302df8-7a7f-4077-a053-c26dc3d3d65a: receive RaftClientReply:client-C82EA620EB9B->85302df8-7a7f-4077-a053-c26dc3d3d65a@group-4701ABA8D7D0, cid=2187, SUCCESS, logIndex=3685, commits[85302df8-7a7f-4077-a053-c26dc3d3d65a:c3687]
2019-06-13 22:53:51,594 INFO  client.GrpcClientProtocolClient (GrpcClientProtocolClient.java:onNext(254)) - client-C82EA620EB9B->85302df8-7a7f-4077-a053-c26dc3d3d65a: receive RaftClientReply:client-C82EA620EB9B->85302df8-7a7f-4077-a053-c26dc3d3d65a@group-4701ABA8D7D0, cid=2188, SUCCESS, logIndex=3686, commits[85302df8-7a7f-4077-a053-c26dc3d3d65a:c3687]
2019-06-13 22:53:51,597 INFO  storage.RaftLogWorker (RaftLogWorker.java:rollLogSegment(303)) - 85302df8-7a7f-4077-a053-c26dc3d3d65a-RaftLogWorker: Rolling segment log-3620_3687 to index:3687
2019-06-13 22:53:51,598 INFO  storage.RaftLogWorker (RaftLogWorker.java:execute(433)) - 85302df8-7a7f-4077-a053-c26dc3d3d65a-RaftLogWorker: Rolled log segment from /opt/src/hadoop-ozone/integration-test/target/test-dir/MiniOzoneClusterImpl-550f9ca0-a6d9-4a4a-902f-f07ac81eac7b/datanode-0/data/ratis/5ad10fc2-5a33-4bdd-8958-4701aba8d7d0/current/log_inprogress_3620 to /opt/src/hadoop-ozone/integration-test/target/test-dir/MiniOzoneClusterImpl-550f9ca0-a6d9-4a4a-902f-f07ac81eac7b/datanode-0/data/ratis/5ad10fc2-5a33-4bdd-8958-4701aba8d7d0/current/log_3620-3687
2019-06-13 22:53:51,633 INFO  storage.RaftLogWorker (RaftLogWorker.java:execute(469)) - 85302df8-7a7f-4077-a053-c26dc3d3d65a-RaftLogWorker: created new log segment /opt/src/hadoop-ozone/integration-test/target/test-dir/MiniOzoneClusterImpl-550f9ca0-a6d9-4a4a-902f-f07ac81eac7b/datanode-0/data/ratis/5ad10fc2-5a33-4bdd-8958-4701aba8d7d0/current/log_inprogress_3688
2019-06-13 22:53:51,635 INFO  client.GrpcClientProtocolClient (GrpcClientProtocolClient.java:onNext(254)) - client-C82EA620EB9B->85302df8-7a7f-4077-a053-c26dc3d3d65a: receive RaftClientReply:client-C82EA620EB9B->85302df8-7a7f-4077-a053-c26dc3d3d65a@group-4701ABA8D7D0, cid=2189, SUCCESS, logIndex=3688, commits[85302df8-7a7f-4077-a053-c26dc3d3d65a:c3688]
2019-06-13 22:53:51,636 INFO  client.GrpcClientProtocolClient (GrpcClientProtocolClient.java:onNext(254)) - client-C82EA620EB9B->85302df8-7a7f-4077-a053-c26dc3d3d65a: receive RaftClientReply:client-C82EA620EB9B->85302df8-7a7f-4077-a053-c26dc3d3d65a@group-4701ABA8D7D0, cid=2190, SUCCESS, logIndex=3690, commits[85302df8-7a7f-4077-a053-c26dc3d3d65a:c3690]
2019-06-13 22:53:51,637 DEBUG block.SCMBlockDeletingService (SCMBlockDeletingService.java:call(138)) - Running DeletedBlockTransactionScanner
2019-06-13 22:53:51,637 DEBUG block.SCMBlockDeletingService (SCMBlockDeletingService.java:call(155)) - Scanned deleted blocks log and got 0 delTX to process.
2019-06-13 22:53:51,638 INFO  client.GrpcClientProtocolClient (GrpcClientProtocolClient.java:onNext(254)) - client-C82EA620EB9B->85302df8-7a7f-4077-a053-c26dc3d3d65a: receive RaftClientReply:client-C82EA620EB9B->85302df8-7a7f-4077-a053-c26dc3d3d65a@group-4701ABA8D7D0, cid=2191, SUCCESS, logIndex=3691, commits[85302df8-7a7f-4077-a053-c26dc3d3d65a:c3693]
2019-06-13 22:53:51,638 INFO  client.GrpcClientProtocolClient (GrpcClientProtocolClient.java:onNext(254)) - client-C82EA620EB9B->85302df8-7a7f-4077-a053-c26dc3d3d65a: receive RaftClientReply:client-C82EA620EB9B->85302df8-7a7f-4077-a053-c26dc3d3d65a@group-4701ABA8D7D0, cid=2192, SUCCESS, logIndex=3692, commits[85302df8-7a7f-4077-a053-c26dc3d3d65a:c3693]
2019-06-13 22:53:51,647 INFO  client.GrpcClientProtocolClient (GrpcClientProtocolClient.java:onNext(254)) - client-C82EA620EB9B->85302df8-7a7f-4077-a053-c26dc3d3d65a: receive RaftClientReply:client-C82EA620EB9B->85302df8-7a7f-4077-a053-c26dc3d3d65a@group-4701ABA8D7D0, cid=2193, SUCCESS, logIndex=3694, commits[85302df8-7a7f-4077-a053-c26dc3d3d65a:c3694]
2019-06-13 22:53:51,649 INFO  client.GrpcClientProtocolClient (GrpcClientProtocolClient.java:onNext(254)) - client-C82EA620EB9B->85302df8-7a7f-4077-a053-c26dc3d3d65a: receive RaftClientReply:client-C82EA620EB9B->85302df8-7a7f-4077-a053-c26dc3d3d65a@group-4701ABA8D7D0, cid=2194, SUCCESS, logIndex=3696, commits[85302df8-7a7f-4077-a053-c26dc3d3d65a:c3696]
2019-06-13 22:53:51,650 INFO  client.GrpcClientProtocolClient (GrpcClientProtocolClient.java:onNext(254)) - client-C82EA620EB9B->85302df8-7a7f-4077-a053-c26dc3d3d65a: receive RaftClientReply:client-C82EA620EB9B->85302df8-7a7f-4077-a053-c26dc3d3d65a@group-4701ABA8D7D0, cid=2195, SUCCESS, logIndex=3697, commits[85302df8-7a7f-4077-a053-c26dc3d3d65a:c3698]
2019-06-13 22:53:51,650 INFO  client.GrpcClientProtocolClient (GrpcClientProtocolClient.java:onNext(254)) - client-C82EA620EB9B->85302df8-7a7f-4077-a053-c26dc3d3d65a: receive RaftClientReply:client-C82EA620EB9B->85302df8-7a7f-4077-a053-c26dc3d3d65a@group-4701ABA8D7D0, cid=2196, SUCCESS, logIndex=3698, commits[85302df8-7a7f-4077-a053-c26dc3d3d65a:c3699]
2019-06-13 22:53:51,655 INFO  client.GrpcClientProtocolClient (GrpcClientProtocolClient.java:onNext(254)) - client-C82EA620EB9B->85302df8-7a7f-4077-a053-c26dc3d3d65a: receive RaftClientReply:client-C82EA620EB9B->85302df8-7a7f-4077-a053-c26dc3d3d65a@group-4701ABA8D7D0, cid=2197, SUCCESS, logIndex=3701, commits[85302df8-7a7f-4077-a053-c26dc3d3d65a:c3701]
2019-06-13 22:53:51,657 INFO  client.GrpcClientProtocolClient (GrpcClientProtocolClient.java:onNext(254)) - client-C82EA620EB9B->85302df8-7a7f-4077-a053-c26dc3d3d65a: receive RaftClientReply:client-C82EA620EB9B->85302df8-7a7f-4077-a053-c26dc3d3d65a@group-4701ABA8D7D0, cid=2198, SUCCESS, logIndex=3703, commits[85302df8-7a7f-4077-a053-c26dc3d3d65a:c3703]
2019-06-13 22:53:51,660 INFO  client.GrpcClientProtocolClient (GrpcClientProtocolClient.java:onNext(254)) - client-C82EA620EB9B->85302df8-7a7f-4077-a053-c26dc3d3d65a: receive RaftClientReply:client-C82EA620EB9B->85302df8-7a7f-4077-a053-c26dc3d3d65a@group-4701ABA8D7D0, cid=2199, SUCCESS, logIndex=3704, commits[85302df8-7a7f-4077-a053-c26dc3d3d65a:c3706]
2019-06-13 22:53:51,660 INFO  client.GrpcClientProtocolClient (GrpcClientProtocolClient.java:onNext(254)) - client-C82EA620EB9B->85302df8-7a7f-4077-a053-c26dc3d3d65a: receive RaftClientReply:client-C82EA620EB9B->85302df8-7a7f-4077-a053-c26dc3d3d65a@group-4701ABA8D7D0, cid=2200, SUCCESS, logIndex=3705, commits[85302df8-7a7f-4077-a053-c26dc3d3d65a:c3706]
2019-06-13 22:53:51,674 INFO  client.GrpcClientProtocolClient (GrpcClientProtocolClient.java:onNext(254)) - client-C82EA620EB9B->85302df8-7a7f-4077-a053-c26dc3d3d65a: receive RaftClientReply:client-C82EA620EB9B->85302df8-7a7f-4077-a053-c26dc3d3d65a@group-4701ABA8D7D0, cid=2201, SUCCESS, logIndex=3707, commits[85302df8-7a7f-4077-a053-c26dc3d3d65a:c3707]
2019-06-13 22:53:51,675 INFO  client.GrpcClientProtocolClient (GrpcClientProtocolClient.java:onNext(254)) - client-C82EA620EB9B->85302df8-7a7f-4077-a053-c26dc3d3d65a: receive RaftClientReply:client-C82EA620EB9B->85302df8-7a7f-4077-a053-c26dc3d3d65a@group-4701ABA8D7D0, cid=2202, SUCCESS, logIndex=3709, commits[85302df8-7a7f-4077-a053-c26dc3d3d65a:c3709]
2019-06-13 22:53:51,676 INFO  client.GrpcClientProtocolClient (GrpcClientProtocolClient.java:onNext(254)) - client-C82EA620EB9B->85302df8-7a7f-4077-a053-c26dc3d3d65a: receive RaftClientReply:client-C82EA620EB9B->85302df8-7a7f-4077-a053-c26dc3d3d65a@group-4701ABA8D7D0, cid=2203, SUCCESS, logIndex=3710, commits[85302df8-7a7f-4077-a053-c26dc3d3d65a:c3712]
2019-06-13 22:53:51,677 INFO  client.GrpcClientProtocolClient (GrpcClientProtocolClient.java:onNext(254)) - client-C82EA620EB9B->85302df8-7a7f-4077-a053-c26dc3d3d65a: receive RaftClientReply:client-C82EA620EB9B->85302df8-7a7f-4077-a053-c26dc3d3d65a@group-4701ABA8D7D0, cid=2204, SUCCESS, logIndex=3711, commits[85302df8-7a7f-4077-a053-c26dc3d3d65a:c3712]
2019-06-13 22:53:51,682 INFO  client.GrpcClientProtocolClient (GrpcClientProtocolClient.java:onNext(254)) - client-C82EA620EB9B->85302df8-7a7f-4077-a053-c26dc3d3d65a: receive RaftClientReply:client-C82EA620EB9B->85302df8-7a7f-4077-a053-c26dc3d3d65a@group-4701ABA8D7D0, cid=2205, SUCCESS, logIndex=3713, commits[85302df8-7a7f-4077-a053-c26dc3d3d65a:c3713]
2019-06-13 22:53:51,684 INFO  client.GrpcClientProtocolClient (GrpcClientProtocolClient.java:onNext(254)) - client-C82EA620EB9B->85302df8-7a7f-4077-a053-c26dc3d3d65a: receive RaftClientReply:client-C82EA620EB9B->85302df8-7a7f-4077-a053-c26dc3d3d65a@group-4701ABA8D7D0, cid=2206, SUCCESS, logIndex=3715, commits[85302df8-7a7f-4077-a053-c26dc3d3d65a:c3715]
2019-06-13 22:53:51,685 INFO  client.GrpcClientProtocolClient (GrpcClientProtocolClient.java:onNext(254)) - client-C82EA620EB9B->85302df8-7a7f-4077-a053-c26dc3d3d65a: receive RaftClientReply:client-C82EA620EB9B->85302df8-7a7f-4077-a053-c26dc3d3d65a@group-4701ABA8D7D0, cid=2207, SUCCESS, logIndex=3716, commits[85302df8-7a7f-4077-a053-c26dc3d3d65a:c3718]
2019-06-13 22:53:51,685 INFO  client.GrpcClientProtocolClient (GrpcClientProtocolClient.java:onNext(254)) - client-C82EA620EB9B->85302df8-7a7f-4077-a053-c26dc3d3d65a: receive RaftClientReply:client-C82EA620EB9B->85302df8-7a7f-4077-a053-c26dc3d3d65a@group-4701ABA8D7D0, cid=2208, SUCCESS, logIndex=3717, commits[85302df8-7a7f-4077-a053-c26dc3d3d65a:c3718]
2019-06-13 22:53:51,731 INFO  client.GrpcClientProtocolClient (GrpcClientProtocolClient.java:onNext(254)) - client-C82EA620EB9B->85302df8-7a7f-4077-a053-c26dc3d3d65a: receive RaftClientReply:client-C82EA620EB9B->85302df8-7a7f-4077-a053-c26dc3d3d65a@group-4701ABA8D7D0, cid=2209, SUCCESS, logIndex=3719, commits[85302df8-7a7f-4077-a053-c26dc3d3d65a:c3719]
2019-06-13 22:53:51,732 INFO  client.GrpcClientProtocolClient (GrpcClientProtocolClient.java:onNext(254)) - client-C82EA620EB9B->85302df8-7a7f-4077-a053-c26dc3d3d65a: receive RaftClientReply:client-C82EA620EB9B->85302df8-7a7f-4077-a053-c26dc3d3d65a@group-4701ABA8D7D0, cid=2210, SUCCESS, logIndex=3721, commits[85302df8-7a7f-4077-a053-c26dc3d3d65a:c3721]
2019-06-13 22:53:51,737 DEBUG block.SCMBlockDeletingService (SCMBlockDeletingService.java:call(138)) - Running DeletedBlockTransactionScanner
2019-06-13 22:53:51,737 DEBUG block.SCMBlockDeletingService (SCMBlockDeletingService.java:call(155)) - Scanned deleted blocks log and got 0 delTX to process.
2019-06-13 22:53:51,798 INFO  client.GrpcClientProtocolClient (GrpcClientProtocolClient.java:onNext(254)) - client-C82EA620EB9B->85302df8-7a7f-4077-a053-c26dc3d3d65a: receive RaftClientReply:client-C82EA620EB9B->85302df8-7a7f-4077-a053-c26dc3d3d65a@group-4701ABA8D7D0, cid=2211, SUCCESS, logIndex=3723, commits[85302df8-7a7f-4077-a053-c26dc3d3d65a:c3723]
2019-06-13 22:53:51,799 INFO  client.GrpcClientProtocolClient (GrpcClientProtocolClient.java:onNext(254)) - client-C82EA620EB9B->85302df8-7a7f-4077-a053-c26dc3d3d65a: receive RaftClientReply:client-C82EA620EB9B->85302df8-7a7f-4077-a053-c26dc3d3d65a@group-4701ABA8D7D0, cid=2212, SUCCESS, logIndex=3725, commits[85302df8-7a7f-4077-a053-c26dc3d3d65a:c3725]
2019-06-13 22:53:51,805 INFO  client.GrpcClientProtocolClient (GrpcClientProtocolClient.java:onNext(254)) - client-C82EA620EB9B->85302df8-7a7f-4077-a053-c26dc3d3d65a: receive RaftClientReply:client-C82EA620EB9B->85302df8-7a7f-4077-a053-c26dc3d3d65a@group-4701ABA8D7D0, cid=2213, SUCCESS, logIndex=3727, commits[85302df8-7a7f-4077-a053-c26dc3d3d65a:c3727]
2019-06-13 22:53:51,806 INFO  client.GrpcClientProtocolClient (GrpcClientProtocolClient.java:onNext(254)) - client-C82EA620EB9B->85302df8-7a7f-4077-a053-c26dc3d3d65a: receive RaftClientReply:client-C82EA620EB9B->85302df8-7a7f-4077-a053-c26dc3d3d65a@group-4701ABA8D7D0, cid=2214, SUCCESS, logIndex=3729, commits[85302df8-7a7f-4077-a053-c26dc3d3d65a:c3729]
2019-06-13 22:53:51,808 INFO  client.GrpcClientProtocolClient (GrpcClientProtocolClient.java:onNext(254)) - client-C82EA620EB9B->85302df8-7a7f-4077-a053-c26dc3d3d65a: receive RaftClientReply:client-C82EA620EB9B->85302df8-7a7f-4077-a053-c26dc3d3d65a@group-4701ABA8D7D0, cid=2215, SUCCESS, logIndex=3730, commits[85302df8-7a7f-4077-a053-c26dc3d3d65a:c3732]
2019-06-13 22:53:51,808 INFO  client.GrpcClientProtocolClient (GrpcClientProtocolClient.java:onNext(254)) - client-C82EA620EB9B->85302df8-7a7f-4077-a053-c26dc3d3d65a: receive RaftClientReply:client-C82EA620EB9B->85302df8-7a7f-4077-a053-c26dc3d3d65a@group-4701ABA8D7D0, cid=2216, SUCCESS, logIndex=3731, commits[85302df8-7a7f-4077-a053-c26dc3d3d65a:c3732]
2019-06-13 22:53:51,819 INFO  client.GrpcClientProtocolClient (GrpcClientProtocolClient.java:onNext(254)) - client-C82EA620EB9B->85302df8-7a7f-4077-a053-c26dc3d3d65a: receive RaftClientReply:client-C82EA620EB9B->85302df8-7a7f-4077-a053-c26dc3d3d65a@group-4701ABA8D7D0, cid=2217, SUCCESS, logIndex=3733, commits[85302df8-7a7f-4077-a053-c26dc3d3d65a:c3733]
2019-06-13 22:53:51,825 INFO  client.GrpcClientProtocolClient (GrpcClientProtocolClient.java:onNext(254)) - client-C82EA620EB9B->85302df8-7a7f-4077-a053-c26dc3d3d65a: receive RaftClientReply:client-C82EA620EB9B->85302df8-7a7f-4077-a053-c26dc3d3d65a@group-4701ABA8D7D0, cid=2218, SUCCESS, logIndex=3735, commits[85302df8-7a7f-4077-a053-c26dc3d3d65a:c3736]
2019-06-13 22:53:51,826 INFO  client.GrpcClientProtocolClient (GrpcClientProtocolClient.java:onNext(254)) - client-C82EA620EB9B->85302df8-7a7f-4077-a053-c26dc3d3d65a: receive RaftClientReply:client-C82EA620EB9B->85302df8-7a7f-4077-a053-c26dc3d3d65a@group-4701ABA8D7D0, cid=2219, SUCCESS, logIndex=3736, commits[85302df8-7a7f-4077-a053-c26dc3d3d65a:c3736]
2019-06-13 22:53:51,827 INFO  client.GrpcClientProtocolClient (GrpcClientProtocolClient.java:onNext(254)) - client-C82EA620EB9B->85302df8-7a7f-4077-a053-c26dc3d3d65a: receive RaftClientReply:client-C82EA620EB9B->85302df8-7a7f-4077-a053-c26dc3d3d65a@group-4701ABA8D7D0, cid=2220, SUCCESS, logIndex=3738, commits[85302df8-7a7f-4077-a053-c26dc3d3d65a:c3738]
2019-06-13 22:53:51,834 INFO  client.GrpcClientProtocolClient (GrpcClientProtocolClient.java:onNext(254)) - client-C82EA620EB9B->85302df8-7a7f-4077-a053-c26dc3d3d65a: receive RaftClientReply:client-C82EA620EB9B->85302df8-7a7f-4077-a053-c26dc3d3d65a@group-4701ABA8D7D0, cid=2221, SUCCESS, logIndex=3740, commits[85302df8-7a7f-4077-a053-c26dc3d3d65a:c3740]
2019-06-13 22:53:51,838 DEBUG block.SCMBlockDeletingService (SCMBlockDeletingService.java:call(138)) - Running DeletedBlockTransactionScanner
2019-06-13 22:53:51,838 DEBUG block.SCMBlockDeletingService (SCMBlockDeletingService.java:call(155)) - Scanned deleted blocks log and got 0 delTX to process.
2019-06-13 22:53:51,840 INFO  client.GrpcClientProtocolClient (GrpcClientProtocolClient.java:onNext(254)) - client-C82EA620EB9B->85302df8-7a7f-4077-a053-c26dc3d3d65a: receive RaftClientReply:client-C82EA620EB9B->85302df8-7a7f-4077-a053-c26dc3d3d65a@group-4701ABA8D7D0, cid=2222, SUCCESS, logIndex=3742, commits[85302df8-7a7f-4077-a053-c26dc3d3d65a:c3746]
2019-06-13 22:53:51,840 INFO  client.GrpcClientProtocolClient (GrpcClientProtocolClient.java:onNext(254)) - client-C82EA620EB9B->85302df8-7a7f-4077-a053-c26dc3d3d65a: receive RaftClientReply:client-C82EA620EB9B->85302df8-7a7f-4077-a053-c26dc3d3d65a@group-4701ABA8D7D0, cid=2223, SUCCESS, logIndex=3743, commits[85302df8-7a7f-4077-a053-c26dc3d3d65a:c3746]
2019-06-13 22:53:51,842 INFO  client.GrpcClientProtocolClient (GrpcClientProtocolClient.java:onNext(254)) - client-C82EA620EB9B->85302df8-7a7f-4077-a053-c26dc3d3d65a: receive RaftClientReply:client-C82EA620EB9B->85302df8-7a7f-4077-a053-c26dc3d3d65a@group-4701ABA8D7D0, cid=2224, SUCCESS, logIndex=3744, commits[85302df8-7a7f-4077-a053-c26dc3d3d65a:c3746]
2019-06-13 22:53:51,851 INFO  client.GrpcClientProtocolClient (GrpcClientProtocolClient.java:onNext(254)) - client-C82EA620EB9B->85302df8-7a7f-4077-a053-c26dc3d3d65a: receive RaftClientReply:client-C82EA620EB9B->85302df8-7a7f-4077-a053-c26dc3d3d65a@group-4701ABA8D7D0, cid=2225, SUCCESS, logIndex=3747, commits[85302df8-7a7f-4077-a053-c26dc3d3d65a:c3747]
2019-06-13 22:53:51,853 INFO  client.GrpcClientProtocolClient (GrpcClientProtocolClient.java:onNext(254)) - client-C82EA620EB9B->85302df8-7a7f-4077-a053-c26dc3d3d65a: receive RaftClientReply:client-C82EA620EB9B->85302df8-7a7f-4077-a053-c26dc3d3d65a@group-4701ABA8D7D0, cid=2226, SUCCESS, logIndex=3749, commits[85302df8-7a7f-4077-a053-c26dc3d3d65a:c3749]
2019-06-13 22:53:51,854 INFO  client.GrpcClientProtocolClient (GrpcClientProtocolClient.java:onNext(254)) - client-C82EA620EB9B->85302df8-7a7f-4077-a053-c26dc3d3d65a: receive RaftClientReply:client-C82EA620EB9B->85302df8-7a7f-4077-a053-c26dc3d3d65a@group-4701ABA8D7D0, cid=2227, SUCCESS, logIndex=3750, commits[85302df8-7a7f-4077-a053-c26dc3d3d65a:c3752]
2019-06-13 22:53:51,854 INFO  client.GrpcClientProtocolClient (GrpcClientProtocolClient.java:onNext(254)) - client-C82EA620EB9B->85302df8-7a7f-4077-a053-c26dc3d3d65a: receive RaftClientReply:client-C82EA620EB9B->85302df8-7a7f-4077-a053-c26dc3d3d65a@group-4701ABA8D7D0, cid=2228, SUCCESS, logIndex=3751, commits[85302df8-7a7f-4077-a053-c26dc3d3d65a:c3752]
2019-06-13 22:53:51,860 INFO  client.GrpcClientProtocolClient (GrpcClientProtocolClient.java:onNext(254)) - client-C82EA620EB9B->85302df8-7a7f-4077-a053-c26dc3d3d65a: receive RaftClientReply:client-C82EA620EB9B->85302df8-7a7f-4077-a053-c26dc3d3d65a@group-4701ABA8D7D0, cid=2229, SUCCESS, logIndex=3753, commits[85302df8-7a7f-4077-a053-c26dc3d3d65a:c3753]
2019-06-13 22:53:51,861 INFO  storage.RaftLogWorker (RaftLogWorker.java:rollLogSegment(303)) - 85302df8-7a7f-4077-a053-c26dc3d3d65a-RaftLogWorker: Rolling segment log-3688_3756 to index:3756
2019-06-13 22:53:51,862 INFO  storage.RaftLogWorker (RaftLogWorker.java:execute(433)) - 85302df8-7a7f-4077-a053-c26dc3d3d65a-RaftLogWorker: Rolled log segment from /opt/src/hadoop-ozone/integration-test/target/test-dir/MiniOzoneClusterImpl-550f9ca0-a6d9-4a4a-902f-f07ac81eac7b/datanode-0/data/ratis/5ad10fc2-5a33-4bdd-8958-4701aba8d7d0/current/log_inprogress_3688 to /opt/src/hadoop-ozone/integration-test/target/test-dir/MiniOzoneClusterImpl-550f9ca0-a6d9-4a4a-902f-f07ac81eac7b/datanode-0/data/ratis/5ad10fc2-5a33-4bdd-8958-4701aba8d7d0/current/log_3688-3756
2019-06-13 22:53:51,862 INFO  client.GrpcClientProtocolClient (GrpcClientProtocolClient.java:onNext(254)) - client-C82EA620EB9B->85302df8-7a7f-4077-a053-c26dc3d3d65a: receive RaftClientReply:client-C82EA620EB9B->85302df8-7a7f-4077-a053-c26dc3d3d65a@group-4701ABA8D7D0, cid=2230, SUCCESS, logIndex=3755, commits[85302df8-7a7f-4077-a053-c26dc3d3d65a:c3755]
2019-06-13 22:53:51,866 INFO  client.GrpcClientProtocolClient (GrpcClientProtocolClient.java:onNext(254)) - client-C82EA620EB9B->85302df8-7a7f-4077-a053-c26dc3d3d65a: receive RaftClientReply:client-C82EA620EB9B->85302df8-7a7f-4077-a053-c26dc3d3d65a@group-4701ABA8D7D0, cid=2231, SUCCESS, logIndex=3756, commits[85302df8-7a7f-4077-a053-c26dc3d3d65a:c3756]
2019-06-13 22:53:51,898 INFO  storage.RaftLogWorker (RaftLogWorker.java:execute(469)) - 85302df8-7a7f-4077-a053-c26dc3d3d65a-RaftLogWorker: created new log segment /opt/src/hadoop-ozone/integration-test/target/test-dir/MiniOzoneClusterImpl-550f9ca0-a6d9-4a4a-902f-f07ac81eac7b/datanode-0/data/ratis/5ad10fc2-5a33-4bdd-8958-4701aba8d7d0/current/log_inprogress_3757
2019-06-13 22:53:51,899 INFO  client.GrpcClientProtocolClient (GrpcClientProtocolClient.java:onNext(254)) - client-C82EA620EB9B->85302df8-7a7f-4077-a053-c26dc3d3d65a: receive RaftClientReply:client-C82EA620EB9B->85302df8-7a7f-4077-a053-c26dc3d3d65a@group-4701ABA8D7D0, cid=2232, SUCCESS, logIndex=3757, commits[85302df8-7a7f-4077-a053-c26dc3d3d65a:c3759]
2019-06-13 22:53:51,909 INFO  client.GrpcClientProtocolClient (GrpcClientProtocolClient.java:onNext(254)) - client-C82EA620EB9B->85302df8-7a7f-4077-a053-c26dc3d3d65a: receive RaftClientReply:client-C82EA620EB9B->85302df8-7a7f-4077-a053-c26dc3d3d65a@group-4701ABA8D7D0, cid=2233, SUCCESS, logIndex=3760, commits[85302df8-7a7f-4077-a053-c26dc3d3d65a:c3760]
2019-06-13 22:53:51,911 INFO  client.GrpcClientProtocolClient (GrpcClientProtocolClient.java:onNext(254)) - client-C82EA620EB9B->85302df8-7a7f-4077-a053-c26dc3d3d65a: receive RaftClientReply:client-C82EA620EB9B->85302df8-7a7f-4077-a053-c26dc3d3d65a@group-4701ABA8D7D0, cid=2234, SUCCESS, logIndex=3762, commits[85302df8-7a7f-4077-a053-c26dc3d3d65a:c3762]
2019-06-13 22:53:51,912 INFO  client.GrpcClientProtocolClient (GrpcClientProtocolClient.java:onNext(254)) - client-C82EA620EB9B->85302df8-7a7f-4077-a053-c26dc3d3d65a: receive RaftClientReply:client-C82EA620EB9B->85302df8-7a7f-4077-a053-c26dc3d3d65a@group-4701ABA8D7D0, cid=2235, SUCCESS, logIndex=3763, commits[85302df8-7a7f-4077-a053-c26dc3d3d65a:c3765]
2019-06-13 22:53:51,912 INFO  client.GrpcClientProtocolClient (GrpcClientProtocolClient.java:onNext(254)) - client-C82EA620EB9B->85302df8-7a7f-4077-a053-c26dc3d3d65a: receive RaftClientReply:client-C82EA620EB9B->85302df8-7a7f-4077-a053-c26dc3d3d65a@group-4701ABA8D7D0, cid=2236, SUCCESS, logIndex=3764, commits[85302df8-7a7f-4077-a053-c26dc3d3d65a:c3765]
2019-06-13 22:53:51,917 INFO  client.GrpcClientProtocolClient (GrpcClientProtocolClient.java:onNext(254)) - client-C82EA620EB9B->85302df8-7a7f-4077-a053-c26dc3d3d65a: receive RaftClientReply:client-C82EA620EB9B->85302df8-7a7f-4077-a053-c26dc3d3d65a@group-4701ABA8D7D0, cid=2237, SUCCESS, logIndex=3766, commits[85302df8-7a7f-4077-a053-c26dc3d3d65a:c3766]
2019-06-13 22:53:51,918 INFO  client.GrpcClientProtocolClient (GrpcClientProtocolClient.java:onNext(254)) - client-C82EA620EB9B->85302df8-7a7f-4077-a053-c26dc3d3d65a: receive RaftClientReply:client-C82EA620EB9B->85302df8-7a7f-4077-a053-c26dc3d3d65a@group-4701ABA8D7D0, cid=2238, SUCCESS, logIndex=3768, commits[85302df8-7a7f-4077-a053-c26dc3d3d65a:c3768]
2019-06-13 22:53:51,920 INFO  client.GrpcClientProtocolClient (GrpcClientProtocolClient.java:onNext(254)) - client-C82EA620EB9B->85302df8-7a7f-4077-a053-c26dc3d3d65a: receive RaftClientReply:client-C82EA620EB9B->85302df8-7a7f-4077-a053-c26dc3d3d65a@group-4701ABA8D7D0, cid=2239, SUCCESS, logIndex=3769, commits[85302df8-7a7f-4077-a053-c26dc3d3d65a:c3771]
2019-06-13 22:53:51,920 INFO  client.GrpcClientProtocolClient (GrpcClientProtocolClient.java:onNext(254)) - client-C82EA620EB9B->85302df8-7a7f-4077-a053-c26dc3d3d65a: receive RaftClientReply:client-C82EA620EB9B->85302df8-7a7f-4077-a053-c26dc3d3d65a@group-4701ABA8D7D0, cid=2240, SUCCESS, logIndex=3770, commits[85302df8-7a7f-4077-a053-c26dc3d3d65a:c3771]
2019-06-13 22:53:51,930 INFO  client.GrpcClientProtocolClient (GrpcClientProtocolClient.java:onNext(254)) - client-C82EA620EB9B->85302df8-7a7f-4077-a053-c26dc3d3d65a: receive RaftClientReply:client-C82EA620EB9B->85302df8-7a7f-4077-a053-c26dc3d3d65a@group-4701ABA8D7D0, cid=2241, SUCCESS, logIndex=3772, commits[85302df8-7a7f-4077-a053-c26dc3d3d65a:c3772]
2019-06-13 22:53:51,931 INFO  client.GrpcClientProtocolClient (GrpcClientProtocolClient.java:onNext(254)) - client-C82EA620EB9B->85302df8-7a7f-4077-a053-c26dc3d3d65a: receive RaftClientReply:client-C82EA620EB9B->85302df8-7a7f-4077-a053-c26dc3d3d65a@group-4701ABA8D7D0, cid=2242, SUCCESS, logIndex=3774, commits[85302df8-7a7f-4077-a053-c26dc3d3d65a:c3774]
2019-06-13 22:53:51,932 INFO  client.GrpcClientProtocolClient (GrpcClientProtocolClient.java:onNext(254)) - client-C82EA620EB9B->85302df8-7a7f-4077-a053-c26dc3d3d65a: receive RaftClientReply:client-C82EA620EB9B->85302df8-7a7f-4077-a053-c26dc3d3d65a@group-4701ABA8D7D0, cid=2243, SUCCESS, logIndex=3775, commits[85302df8-7a7f-4077-a053-c26dc3d3d65a:c3777]
2019-06-13 22:53:51,932 INFO  client.GrpcClientProtocolClient (GrpcClientProtocolClient.java:onNext(254)) - client-C82EA620EB9B->85302df8-7a7f-4077-a053-c26dc3d3d65a: receive RaftClientReply:client-C82EA620EB9B->85302df8-7a7f-4077-a053-c26dc3d3d65a@group-4701ABA8D7D0, cid=2244, SUCCESS, logIndex=3776, commits[85302df8-7a7f-4077-a053-c26dc3d3d65a:c3777]
2019-06-13 22:53:51,938 INFO  client.GrpcClientProtocolClient (GrpcClientProtocolClient.java:onNext(254)) - client-C82EA620EB9B->85302df8-7a7f-4077-a053-c26dc3d3d65a: receive RaftClientReply:client-C82EA620EB9B->85302df8-7a7f-4077-a053-c26dc3d3d65a@group-4701ABA8D7D0, cid=2245, SUCCESS, logIndex=3778, commits[85302df8-7a7f-4077-a053-c26dc3d3d65a:c3778]
2019-06-13 22:53:51,938 DEBUG block.SCMBlockDeletingService (SCMBlockDeletingService.java:call(138)) - Running DeletedBlockTransactionScanner
2019-06-13 22:53:51,938 DEBUG block.SCMBlockDeletingService (SCMBlockDeletingService.java:call(155)) - Scanned deleted blocks log and got 0 delTX to process.
2019-06-13 22:53:51,939 INFO  client.GrpcClientProtocolClient (GrpcClientProtocolClient.java:onNext(254)) - client-C82EA620EB9B->85302df8-7a7f-4077-a053-c26dc3d3d65a: receive RaftClientReply:client-C82EA620EB9B->85302df8-7a7f-4077-a053-c26dc3d3d65a@group-4701ABA8D7D0, cid=2246, SUCCESS, logIndex=3780, commits[85302df8-7a7f-4077-a053-c26dc3d3d65a:c3780]
2019-06-13 22:53:51,941 INFO  client.GrpcClientProtocolClient (GrpcClientProtocolClient.java:onNext(254)) - client-C82EA620EB9B->85302df8-7a7f-4077-a053-c26dc3d3d65a: receive RaftClientReply:client-C82EA620EB9B->85302df8-7a7f-4077-a053-c26dc3d3d65a@group-4701ABA8D7D0, cid=2247, SUCCESS, logIndex=3781, commits[85302df8-7a7f-4077-a053-c26dc3d3d65a:c3783]
2019-06-13 22:53:51,941 INFO  client.GrpcClientProtocolClient (GrpcClientProtocolClient.java:onNext(254)) - client-C82EA620EB9B->85302df8-7a7f-4077-a053-c26dc3d3d65a: receive RaftClientReply:client-C82EA620EB9B->85302df8-7a7f-4077-a053-c26dc3d3d65a@group-4701ABA8D7D0, cid=2248, SUCCESS, logIndex=3782, commits[85302df8-7a7f-4077-a053-c26dc3d3d65a:c3783]
2019-06-13 22:53:51,950 INFO  client.GrpcClientProtocolClient (GrpcClientProtocolClient.java:onNext(254)) - client-C82EA620EB9B->85302df8-7a7f-4077-a053-c26dc3d3d65a: receive RaftClientReply:client-C82EA620EB9B->85302df8-7a7f-4077-a053-c26dc3d3d65a@group-4701ABA8D7D0, cid=2249, SUCCESS, logIndex=3784, commits[85302df8-7a7f-4077-a053-c26dc3d3d65a:c3784]
2019-06-13 22:53:51,951 INFO  client.GrpcClientProtocolClient (GrpcClientProtocolClient.java:onNext(254)) - client-C82EA620EB9B->85302df8-7a7f-4077-a053-c26dc3d3d65a: receive RaftClientReply:client-C82EA620EB9B->85302df8-7a7f-4077-a053-c26dc3d3d65a@group-4701ABA8D7D0, cid=2250, SUCCESS, logIndex=3786, commits[85302df8-7a7f-4077-a053-c26dc3d3d65a:c3786]
2019-06-13 22:53:51,953 INFO  client.GrpcClientProtocolClient (GrpcClientProtocolClient.java:onNext(254)) - client-C82EA620EB9B->85302df8-7a7f-4077-a053-c26dc3d3d65a: receive RaftClientReply:client-C82EA620EB9B->85302df8-7a7f-4077-a053-c26dc3d3d65a@group-4701ABA8D7D0, cid=2251, SUCCESS, logIndex=3787, commits[85302df8-7a7f-4077-a053-c26dc3d3d65a:c3789]
2019-06-13 22:53:51,953 INFO  client.GrpcClientProtocolClient (GrpcClientProtocolClient.java:onNext(254)) - client-C82EA620EB9B->85302df8-7a7f-4077-a053-c26dc3d3d65a: receive RaftClientReply:client-C82EA620EB9B->85302df8-7a7f-4077-a053-c26dc3d3d65a@group-4701ABA8D7D0, cid=2252, SUCCESS, logIndex=3788, commits[85302df8-7a7f-4077-a053-c26dc3d3d65a:c3789]
2019-06-13 22:53:51,961 INFO  client.GrpcClientProtocolClient (GrpcClientProtocolClient.java:onNext(254)) - client-C82EA620EB9B->85302df8-7a7f-4077-a053-c26dc3d3d65a: receive RaftClientReply:client-C82EA620EB9B->85302df8-7a7f-4077-a053-c26dc3d3d65a@group-4701ABA8D7D0, cid=2253, SUCCESS, logIndex=3790, commits[85302df8-7a7f-4077-a053-c26dc3d3d65a:c3790]
2019-06-13 22:53:51,962 INFO  client.GrpcClientProtocolClient (GrpcClientProtocolClient.java:onNext(254)) - client-C82EA620EB9B->85302df8-7a7f-4077-a053-c26dc3d3d65a: receive RaftClientReply:client-C82EA620EB9B->85302df8-7a7f-4077-a053-c26dc3d3d65a@group-4701ABA8D7D0, cid=2254, SUCCESS, logIndex=3792, commits[85302df8-7a7f-4077-a053-c26dc3d3d65a:c3792]
2019-06-13 22:53:52,029 INFO  client.GrpcClientProtocolClient (GrpcClientProtocolClient.java:onNext(254)) - client-C82EA620EB9B->85302df8-7a7f-4077-a053-c26dc3d3d65a: receive RaftClientReply:client-C82EA620EB9B->85302df8-7a7f-4077-a053-c26dc3d3d65a@group-4701ABA8D7D0, cid=2255, SUCCESS, logIndex=3794, commits[85302df8-7a7f-4077-a053-c26dc3d3d65a:c3794]
2019-06-13 22:53:52,030 INFO  client.GrpcClientProtocolClient (GrpcClientProtocolClient.java:onNext(254)) - client-C82EA620EB9B->85302df8-7a7f-4077-a053-c26dc3d3d65a: receive RaftClientReply:client-C82EA620EB9B->85302df8-7a7f-4077-a053-c26dc3d3d65a@group-4701ABA8D7D0, cid=2256, SUCCESS, logIndex=3796, commits[85302df8-7a7f-4077-a053-c26dc3d3d65a:c3796]
2019-06-13 22:53:52,038 DEBUG block.SCMBlockDeletingService (SCMBlockDeletingService.java:call(138)) - Running DeletedBlockTransactionScanner
2019-06-13 22:53:52,039 DEBUG block.SCMBlockDeletingService (SCMBlockDeletingService.java:call(155)) - Scanned deleted blocks log and got 0 delTX to process.
2019-06-13 22:53:52,040 INFO  client.GrpcClientProtocolClient (GrpcClientProtocolClient.java:onNext(254)) - client-C82EA620EB9B->85302df8-7a7f-4077-a053-c26dc3d3d65a: receive RaftClientReply:client-C82EA620EB9B->85302df8-7a7f-4077-a053-c26dc3d3d65a@group-4701ABA8D7D0, cid=2257, SUCCESS, logIndex=3798, commits[85302df8-7a7f-4077-a053-c26dc3d3d65a:c3798]
2019-06-13 22:53:52,041 INFO  client.GrpcClientProtocolClient (GrpcClientProtocolClient.java:onNext(254)) - client-C82EA620EB9B->85302df8-7a7f-4077-a053-c26dc3d3d65a: receive RaftClientReply:client-C82EA620EB9B->85302df8-7a7f-4077-a053-c26dc3d3d65a@group-4701ABA8D7D0, cid=2258, SUCCESS, logIndex=3800, commits[85302df8-7a7f-4077-a053-c26dc3d3d65a:c3800]
2019-06-13 22:53:52,043 INFO  client.GrpcClientProtocolClient (GrpcClientProtocolClient.java:onNext(254)) - client-C82EA620EB9B->85302df8-7a7f-4077-a053-c26dc3d3d65a: receive RaftClientReply:client-C82EA620EB9B->85302df8-7a7f-4077-a053-c26dc3d3d65a@group-4701ABA8D7D0, cid=2259, SUCCESS, logIndex=3801, commits[85302df8-7a7f-4077-a053-c26dc3d3d65a:c3803]
2019-06-13 22:53:52,043 INFO  client.GrpcClientProtocolClient (GrpcClientProtocolClient.java:onNext(254)) - client-C82EA620EB9B->85302df8-7a7f-4077-a053-c26dc3d3d65a: receive RaftClientReply:client-C82EA620EB9B->85302df8-7a7f-4077-a053-c26dc3d3d65a@group-4701ABA8D7D0, cid=2260, SUCCESS, logIndex=3802, commits[85302df8-7a7f-4077-a053-c26dc3d3d65a:c3803]
2019-06-13 22:53:52,049 INFO  client.GrpcClientProtocolClient (GrpcClientProtocolClient.java:onNext(254)) - client-C82EA620EB9B->85302df8-7a7f-4077-a053-c26dc3d3d65a: receive RaftClientReply:client-C82EA620EB9B->85302df8-7a7f-4077-a053-c26dc3d3d65a@group-4701ABA8D7D0, cid=2261, SUCCESS, logIndex=3804, commits[85302df8-7a7f-4077-a053-c26dc3d3d65a:c3804]
2019-06-13 22:53:52,050 INFO  client.GrpcClientProtocolClient (GrpcClientProtocolClient.java:onNext(254)) - client-C82EA620EB9B->85302df8-7a7f-4077-a053-c26dc3d3d65a: receive RaftClientReply:client-C82EA620EB9B->85302df8-7a7f-4077-a053-c26dc3d3d65a@group-4701ABA8D7D0, cid=2262, SUCCESS, logIndex=3806, commits[85302df8-7a7f-4077-a053-c26dc3d3d65a:c3806]
2019-06-13 22:53:52,051 INFO  client.GrpcClientProtocolClient (GrpcClientProtocolClient.java:onNext(254)) - client-C82EA620EB9B->85302df8-7a7f-4077-a053-c26dc3d3d65a: receive RaftClientReply:client-C82EA620EB9B->85302df8-7a7f-4077-a053-c26dc3d3d65a@group-4701ABA8D7D0, cid=2263, SUCCESS, logIndex=3807, commits[85302df8-7a7f-4077-a053-c26dc3d3d65a:c3809]
2019-06-13 22:53:52,052 INFO  client.GrpcClientProtocolClient (GrpcClientProtocolClient.java:onNext(254)) - client-C82EA620EB9B->85302df8-7a7f-4077-a053-c26dc3d3d65a: receive RaftClientReply:client-C82EA620EB9B->85302df8-7a7f-4077-a053-c26dc3d3d65a@group-4701ABA8D7D0, cid=2264, SUCCESS, logIndex=3808, commits[85302df8-7a7f-4077-a053-c26dc3d3d65a:c3809]
2019-06-13 22:53:52,061 INFO  client.GrpcClientProtocolClient (GrpcClientProtocolClient.java:onNext(254)) - client-C82EA620EB9B->85302df8-7a7f-4077-a053-c26dc3d3d65a: receive RaftClientReply:client-C82EA620EB9B->85302df8-7a7f-4077-a053-c26dc3d3d65a@group-4701ABA8D7D0, cid=2265, SUCCESS, logIndex=3810, commits[85302df8-7a7f-4077-a053-c26dc3d3d65a:c3810]
2019-06-13 22:53:52,063 INFO  client.GrpcClientProtocolClient (GrpcClientProtocolClient.java:onNext(254)) - client-C82EA620EB9B->85302df8-7a7f-4077-a053-c26dc3d3d65a: receive RaftClientReply:client-C82EA620EB9B->85302df8-7a7f-4077-a053-c26dc3d3d65a@group-4701ABA8D7D0, cid=2266, SUCCESS, logIndex=3812, commits[85302df8-7a7f-4077-a053-c26dc3d3d65a:c3812]
2019-06-13 22:53:52,064 INFO  client.GrpcClientProtocolClient (GrpcClientProtocolClient.java:onNext(254)) - client-C82EA620EB9B->85302df8-7a7f-4077-a053-c26dc3d3d65a: receive RaftClientReply:client-C82EA620EB9B->85302df8-7a7f-4077-a053-c26dc3d3d65a@group-4701ABA8D7D0, cid=2267, SUCCESS, logIndex=3813, commits[85302df8-7a7f-4077-a053-c26dc3d3d65a:c3815]
2019-06-13 22:53:52,064 INFO  client.GrpcClientProtocolClient (GrpcClientProtocolClient.java:onNext(254)) - client-C82EA620EB9B->85302df8-7a7f-4077-a053-c26dc3d3d65a: receive RaftClientReply:client-C82EA620EB9B->85302df8-7a7f-4077-a053-c26dc3d3d65a@group-4701ABA8D7D0, cid=2268, SUCCESS, logIndex=3814, commits[85302df8-7a7f-4077-a053-c26dc3d3d65a:c3815]
2019-06-13 22:53:52,070 INFO  client.GrpcClientProtocolClient (GrpcClientProtocolClient.java:onNext(254)) - client-C82EA620EB9B->85302df8-7a7f-4077-a053-c26dc3d3d65a: receive RaftClientReply:client-C82EA620EB9B->85302df8-7a7f-4077-a053-c26dc3d3d65a@group-4701ABA8D7D0, cid=2269, SUCCESS, logIndex=3816, commits[85302df8-7a7f-4077-a053-c26dc3d3d65a:c3816]
2019-06-13 22:53:52,071 INFO  client.GrpcClientProtocolClient (GrpcClientProtocolClient.java:onNext(254)) - client-C82EA620EB9B->85302df8-7a7f-4077-a053-c26dc3d3d65a: receive RaftClientReply:client-C82EA620EB9B->85302df8-7a7f-4077-a053-c26dc3d3d65a@group-4701ABA8D7D0, cid=2270, SUCCESS, logIndex=3818, commits[85302df8-7a7f-4077-a053-c26dc3d3d65a:c3818]
2019-06-13 22:53:52,072 INFO  client.GrpcClientProtocolClient (GrpcClientProtocolClient.java:onNext(254)) - client-C82EA620EB9B->85302df8-7a7f-4077-a053-c26dc3d3d65a: receive RaftClientReply:client-C82EA620EB9B->85302df8-7a7f-4077-a053-c26dc3d3d65a@group-4701ABA8D7D0, cid=2271, SUCCESS, logIndex=3819, commits[85302df8-7a7f-4077-a053-c26dc3d3d65a:c3821]
2019-06-13 22:53:52,073 INFO  client.GrpcClientProtocolClient (GrpcClientProtocolClient.java:onNext(254)) - client-C82EA620EB9B->85302df8-7a7f-4077-a053-c26dc3d3d65a: receive RaftClientReply:client-C82EA620EB9B->85302df8-7a7f-4077-a053-c26dc3d3d65a@group-4701ABA8D7D0, cid=2272, SUCCESS, logIndex=3820, commits[85302df8-7a7f-4077-a053-c26dc3d3d65a:c3821]
2019-06-13 22:53:52,120 INFO  client.GrpcClientProtocolClient (GrpcClientProtocolClient.java:onNext(254)) - client-C82EA620EB9B->85302df8-7a7f-4077-a053-c26dc3d3d65a: receive RaftClientReply:client-C82EA620EB9B->85302df8-7a7f-4077-a053-c26dc3d3d65a@group-4701ABA8D7D0, cid=2273, SUCCESS, logIndex=3822, commits[85302df8-7a7f-4077-a053-c26dc3d3d65a:c3822]
2019-06-13 22:53:52,120 INFO  storage.RaftLogWorker (RaftLogWorker.java:rollLogSegment(303)) - 85302df8-7a7f-4077-a053-c26dc3d3d65a-RaftLogWorker: Rolling segment log-3757_3824 to index:3824
2019-06-13 22:53:52,121 INFO  storage.RaftLogWorker (RaftLogWorker.java:execute(433)) - 85302df8-7a7f-4077-a053-c26dc3d3d65a-RaftLogWorker: Rolled log segment from /opt/src/hadoop-ozone/integration-test/target/test-dir/MiniOzoneClusterImpl-550f9ca0-a6d9-4a4a-902f-f07ac81eac7b/datanode-0/data/ratis/5ad10fc2-5a33-4bdd-8958-4701aba8d7d0/current/log_inprogress_3757 to /opt/src/hadoop-ozone/integration-test/target/test-dir/MiniOzoneClusterImpl-550f9ca0-a6d9-4a4a-902f-f07ac81eac7b/datanode-0/data/ratis/5ad10fc2-5a33-4bdd-8958-4701aba8d7d0/current/log_3757-3824
2019-06-13 22:53:52,121 INFO  client.GrpcClientProtocolClient (GrpcClientProtocolClient.java:onNext(254)) - client-C82EA620EB9B->85302df8-7a7f-4077-a053-c26dc3d3d65a: receive RaftClientReply:client-C82EA620EB9B->85302df8-7a7f-4077-a053-c26dc3d3d65a@group-4701ABA8D7D0, cid=2274, SUCCESS, logIndex=3824, commits[85302df8-7a7f-4077-a053-c26dc3d3d65a:c3824]
2019-06-13 22:53:52,139 DEBUG block.SCMBlockDeletingService (SCMBlockDeletingService.java:call(138)) - Running DeletedBlockTransactionScanner
2019-06-13 22:53:52,139 DEBUG block.SCMBlockDeletingService (SCMBlockDeletingService.java:call(155)) - Scanned deleted blocks log and got 0 delTX to process.
2019-06-13 22:53:52,157 INFO  storage.RaftLogWorker (RaftLogWorker.java:execute(469)) - 85302df8-7a7f-4077-a053-c26dc3d3d65a-RaftLogWorker: created new log segment /opt/src/hadoop-ozone/integration-test/target/test-dir/MiniOzoneClusterImpl-550f9ca0-a6d9-4a4a-902f-f07ac81eac7b/datanode-0/data/ratis/5ad10fc2-5a33-4bdd-8958-4701aba8d7d0/current/log_inprogress_3825
2019-06-13 22:53:52,159 INFO  client.GrpcClientProtocolClient (GrpcClientProtocolClient.java:onNext(254)) - client-C82EA620EB9B->85302df8-7a7f-4077-a053-c26dc3d3d65a: receive RaftClientReply:client-C82EA620EB9B->85302df8-7a7f-4077-a053-c26dc3d3d65a@group-4701ABA8D7D0, cid=2275, SUCCESS, logIndex=3825, commits[85302df8-7a7f-4077-a053-c26dc3d3d65a:c3827]
2019-06-13 22:53:52,159 INFO  client.GrpcClientProtocolClient (GrpcClientProtocolClient.java:onNext(254)) - client-C82EA620EB9B->85302df8-7a7f-4077-a053-c26dc3d3d65a: receive RaftClientReply:client-C82EA620EB9B->85302df8-7a7f-4077-a053-c26dc3d3d65a@group-4701ABA8D7D0, cid=2276, SUCCESS, logIndex=3827, commits[85302df8-7a7f-4077-a053-c26dc3d3d65a:c3828]
2019-06-13 22:53:52,165 INFO  client.GrpcClientProtocolClient (GrpcClientProtocolClient.java:onNext(254)) - client-C82EA620EB9B->85302df8-7a7f-4077-a053-c26dc3d3d65a: receive RaftClientReply:client-C82EA620EB9B->85302df8-7a7f-4077-a053-c26dc3d3d65a@group-4701ABA8D7D0, cid=2277, SUCCESS, logIndex=3829, commits[85302df8-7a7f-4077-a053-c26dc3d3d65a:c3829]
2019-06-13 22:53:52,171 INFO  client.GrpcClientProtocolClient (GrpcClientProtocolClient.java:onNext(254)) - client-C82EA620EB9B->85302df8-7a7f-4077-a053-c26dc3d3d65a: receive RaftClientReply:client-C82EA620EB9B->85302df8-7a7f-4077-a053-c26dc3d3d65a@group-4701ABA8D7D0, cid=2278, SUCCESS, logIndex=3831, commits[85302df8-7a7f-4077-a053-c26dc3d3d65a:c3831]
2019-06-13 22:53:52,173 INFO  client.GrpcClientProtocolClient (GrpcClientProtocolClient.java:onNext(254)) - client-C82EA620EB9B->85302df8-7a7f-4077-a053-c26dc3d3d65a: receive RaftClientReply:client-C82EA620EB9B->85302df8-7a7f-4077-a053-c26dc3d3d65a@group-4701ABA8D7D0, cid=2279, SUCCESS, logIndex=3833, commits[85302df8-7a7f-4077-a053-c26dc3d3d65a:c3834]
2019-06-13 22:53:52,174 INFO  client.GrpcClientProtocolClient (GrpcClientProtocolClient.java:onNext(254)) - client-C82EA620EB9B->85302df8-7a7f-4077-a053-c26dc3d3d65a: receive RaftClientReply:client-C82EA620EB9B->85302df8-7a7f-4077-a053-c26dc3d3d65a@group-4701ABA8D7D0, cid=2280, SUCCESS, logIndex=3834, commits[85302df8-7a7f-4077-a053-c26dc3d3d65a:c3834]
2019-06-13 22:53:52,183 INFO  client.GrpcClientProtocolClient (GrpcClientProtocolClient.java:onNext(254)) - client-C82EA620EB9B->85302df8-7a7f-4077-a053-c26dc3d3d65a: receive RaftClientReply:client-C82EA620EB9B->85302df8-7a7f-4077-a053-c26dc3d3d65a@group-4701ABA8D7D0, cid=2281, SUCCESS, logIndex=3836, commits[85302df8-7a7f-4077-a053-c26dc3d3d65a:c3836]
2019-06-13 22:53:52,185 INFO  client.GrpcClientProtocolClient (GrpcClientProtocolClient.java:onNext(254)) - client-C82EA620EB9B->85302df8-7a7f-4077-a053-c26dc3d3d65a: receive RaftClientReply:client-C82EA620EB9B->85302df8-7a7f-4077-a053-c26dc3d3d65a@group-4701ABA8D7D0, cid=2282, SUCCESS, logIndex=3838, commits[85302df8-7a7f-4077-a053-c26dc3d3d65a:c3838]
2019-06-13 22:53:52,186 INFO  client.GrpcClientProtocolClient (GrpcClientProtocolClient.java:onNext(254)) - client-C82EA620EB9B->85302df8-7a7f-4077-a053-c26dc3d3d65a: receive RaftClientReply:client-C82EA620EB9B->85302df8-7a7f-4077-a053-c26dc3d3d65a@group-4701ABA8D7D0, cid=2283, SUCCESS, logIndex=3839, commits[85302df8-7a7f-4077-a053-c26dc3d3d65a:c3841]
2019-06-13 22:53:52,186 INFO  client.GrpcClientProtocolClient (GrpcClientProtocolClient.java:onNext(254)) - client-C82EA620EB9B->85302df8-7a7f-4077-a053-c26dc3d3d65a: receive RaftClientReply:client-C82EA620EB9B->85302df8-7a7f-4077-a053-c26dc3d3d65a@group-4701ABA8D7D0, cid=2284, SUCCESS, logIndex=3840, commits[85302df8-7a7f-4077-a053-c26dc3d3d65a:c3841]
2019-06-13 22:53:52,192 INFO  client.GrpcClientProtocolClient (GrpcClientProtocolClient.java:onNext(254)) - client-C82EA620EB9B->85302df8-7a7f-4077-a053-c26dc3d3d65a: receive RaftClientReply:client-C82EA620EB9B->85302df8-7a7f-4077-a053-c26dc3d3d65a@group-4701ABA8D7D0, cid=2285, SUCCESS, logIndex=3842, commits[85302df8-7a7f-4077-a053-c26dc3d3d65a:c3842]
2019-06-13 22:53:52,193 INFO  client.GrpcClientProtocolClient (GrpcClientProtocolClient.java:onNext(254)) - client-C82EA620EB9B->85302df8-7a7f-4077-a053-c26dc3d3d65a: receive RaftClientReply:client-C82EA620EB9B->85302df8-7a7f-4077-a053-c26dc3d3d65a@group-4701ABA8D7D0, cid=2286, SUCCESS, logIndex=3844, commits[85302df8-7a7f-4077-a053-c26dc3d3d65a:c3844]
2019-06-13 22:53:52,194 INFO  client.GrpcClientProtocolClient (GrpcClientProtocolClient.java:onNext(254)) - client-C82EA620EB9B->85302df8-7a7f-4077-a053-c26dc3d3d65a: receive RaftClientReply:client-C82EA620EB9B->85302df8-7a7f-4077-a053-c26dc3d3d65a@group-4701ABA8D7D0, cid=2287, SUCCESS, logIndex=3845, commits[85302df8-7a7f-4077-a053-c26dc3d3d65a:c3847]
2019-06-13 22:53:52,194 INFO  client.GrpcClientProtocolClient (GrpcClientProtocolClient.java:onNext(254)) - client-C82EA620EB9B->85302df8-7a7f-4077-a053-c26dc3d3d65a: receive RaftClientReply:client-C82EA620EB9B->85302df8-7a7f-4077-a053-c26dc3d3d65a@group-4701ABA8D7D0, cid=2288, SUCCESS, logIndex=3846, commits[85302df8-7a7f-4077-a053-c26dc3d3d65a:c3847]
2019-06-13 22:53:52,204 INFO  client.GrpcClientProtocolClient (GrpcClientProtocolClient.java:onNext(254)) - client-C82EA620EB9B->85302df8-7a7f-4077-a053-c26dc3d3d65a: receive RaftClientReply:client-C82EA620EB9B->85302df8-7a7f-4077-a053-c26dc3d3d65a@group-4701ABA8D7D0, cid=2289, SUCCESS, logIndex=3848, commits[85302df8-7a7f-4077-a053-c26dc3d3d65a:c3848]
2019-06-13 22:53:52,205 INFO  client.GrpcClientProtocolClient (GrpcClientProtocolClient.java:onNext(254)) - client-C82EA620EB9B->85302df8-7a7f-4077-a053-c26dc3d3d65a: receive RaftClientReply:client-C82EA620EB9B->85302df8-7a7f-4077-a053-c26dc3d3d65a@group-4701ABA8D7D0, cid=2290, SUCCESS, logIndex=3850, commits[85302df8-7a7f-4077-a053-c26dc3d3d65a:c3850]
2019-06-13 22:53:52,206 INFO  client.GrpcClientProtocolClient (GrpcClientProtocolClient.java:onNext(254)) - client-C82EA620EB9B->85302df8-7a7f-4077-a053-c26dc3d3d65a: receive RaftClientReply:client-C82EA620EB9B->85302df8-7a7f-4077-a053-c26dc3d3d65a@group-4701ABA8D7D0, cid=2291, SUCCESS, logIndex=3851, commits[85302df8-7a7f-4077-a053-c26dc3d3d65a:c3853]
2019-06-13 22:53:52,206 INFO  client.GrpcClientProtocolClient (GrpcClientProtocolClient.java:onNext(254)) - client-C82EA620EB9B->85302df8-7a7f-4077-a053-c26dc3d3d65a: receive RaftClientReply:client-C82EA620EB9B->85302df8-7a7f-4077-a053-c26dc3d3d65a@group-4701ABA8D7D0, cid=2292, SUCCESS, logIndex=3852, commits[85302df8-7a7f-4077-a053-c26dc3d3d65a:c3853]
2019-06-13 22:53:52,211 INFO  client.GrpcClientProtocolClient (GrpcClientProtocolClient.java:onNext(254)) - client-C82EA620EB9B->85302df8-7a7f-4077-a053-c26dc3d3d65a: receive RaftClientReply:client-C82EA620EB9B->85302df8-7a7f-4077-a053-c26dc3d3d65a@group-4701ABA8D7D0, cid=2293, SUCCESS, logIndex=3854, commits[85302df8-7a7f-4077-a053-c26dc3d3d65a:c3854]
2019-06-13 22:53:52,213 INFO  client.GrpcClientProtocolClient (GrpcClientProtocolClient.java:onNext(254)) - client-C82EA620EB9B->85302df8-7a7f-4077-a053-c26dc3d3d65a: receive RaftClientReply:client-C82EA620EB9B->85302df8-7a7f-4077-a053-c26dc3d3d65a@group-4701ABA8D7D0, cid=2294, SUCCESS, logIndex=3856, commits[85302df8-7a7f-4077-a053-c26dc3d3d65a:c3856]
2019-06-13 22:53:52,214 INFO  client.GrpcClientProtocolClient (GrpcClientProtocolClient.java:onNext(254)) - client-C82EA620EB9B->85302df8-7a7f-4077-a053-c26dc3d3d65a: receive RaftClientReply:client-C82EA620EB9B->85302df8-7a7f-4077-a053-c26dc3d3d65a@group-4701ABA8D7D0, cid=2295, SUCCESS, logIndex=3857, commits[85302df8-7a7f-4077-a053-c26dc3d3d65a:c3859]
2019-06-13 22:53:52,214 INFO  client.GrpcClientProtocolClient (GrpcClientProtocolClient.java:onNext(254)) - client-C82EA620EB9B->85302df8-7a7f-4077-a053-c26dc3d3d65a: receive RaftClientReply:client-C82EA620EB9B->85302df8-7a7f-4077-a053-c26dc3d3d65a@group-4701ABA8D7D0, cid=2296, SUCCESS, logIndex=3858, commits[85302df8-7a7f-4077-a053-c26dc3d3d65a:c3859]
2019-06-13 22:53:52,224 INFO  client.GrpcClientProtocolClient (GrpcClientProtocolClient.java:onNext(254)) - client-C82EA620EB9B->85302df8-7a7f-4077-a053-c26dc3d3d65a: receive RaftClientReply:client-C82EA620EB9B->85302df8-7a7f-4077-a053-c26dc3d3d65a@group-4701ABA8D7D0, cid=2297, SUCCESS, logIndex=3860, commits[85302df8-7a7f-4077-a053-c26dc3d3d65a:c3860]
2019-06-13 22:53:52,225 INFO  client.GrpcClientProtocolClient (GrpcClientProtocolClient.java:onNext(254)) - client-C82EA620EB9B->85302df8-7a7f-4077-a053-c26dc3d3d65a: receive RaftClientReply:client-C82EA620EB9B->85302df8-7a7f-4077-a053-c26dc3d3d65a@group-4701ABA8D7D0, cid=2298, SUCCESS, logIndex=3862, commits[85302df8-7a7f-4077-a053-c26dc3d3d65a:c3862]
2019-06-13 22:53:52,239 DEBUG block.SCMBlockDeletingService (SCMBlockDeletingService.java:call(138)) - Running DeletedBlockTransactionScanner
2019-06-13 22:53:52,239 DEBUG block.SCMBlockDeletingService (SCMBlockDeletingService.java:call(155)) - Scanned deleted blocks log and got 0 delTX to process.
2019-06-13 22:53:52,293 INFO  client.GrpcClientProtocolClient (GrpcClientProtocolClient.java:onNext(254)) - client-C82EA620EB9B->85302df8-7a7f-4077-a053-c26dc3d3d65a: receive RaftClientReply:client-C82EA620EB9B->85302df8-7a7f-4077-a053-c26dc3d3d65a@group-4701ABA8D7D0, cid=2299, SUCCESS, logIndex=3864, commits[85302df8-7a7f-4077-a053-c26dc3d3d65a:c3864]
2019-06-13 22:53:52,294 INFO  client.GrpcClientProtocolClient (GrpcClientProtocolClient.java:onNext(254)) - client-C82EA620EB9B->85302df8-7a7f-4077-a053-c26dc3d3d65a: receive RaftClientReply:client-C82EA620EB9B->85302df8-7a7f-4077-a053-c26dc3d3d65a@group-4701ABA8D7D0, cid=2300, SUCCESS, logIndex=3866, commits[85302df8-7a7f-4077-a053-c26dc3d3d65a:c3866]
2019-06-13 22:53:52,299 INFO  client.GrpcClientProtocolClient (GrpcClientProtocolClient.java:onNext(254)) - client-C82EA620EB9B->85302df8-7a7f-4077-a053-c26dc3d3d65a: receive RaftClientReply:client-C82EA620EB9B->85302df8-7a7f-4077-a053-c26dc3d3d65a@group-4701ABA8D7D0, cid=2301, SUCCESS, logIndex=3868, commits[85302df8-7a7f-4077-a053-c26dc3d3d65a:c3868]
2019-06-13 22:53:52,301 INFO  client.GrpcClientProtocolClient (GrpcClientProtocolClient.java:onNext(254)) - client-C82EA620EB9B->85302df8-7a7f-4077-a053-c26dc3d3d65a: receive RaftClientReply:client-C82EA620EB9B->85302df8-7a7f-4077-a053-c26dc3d3d65a@group-4701ABA8D7D0, cid=2302, SUCCESS, logIndex=3870, commits[85302df8-7a7f-4077-a053-c26dc3d3d65a:c3870]
2019-06-13 22:53:52,302 INFO  client.GrpcClientProtocolClient (GrpcClientProtocolClient.java:onNext(254)) - client-C82EA620EB9B->85302df8-7a7f-4077-a053-c26dc3d3d65a: receive RaftClientReply:client-C82EA620EB9B->85302df8-7a7f-4077-a053-c26dc3d3d65a@group-4701ABA8D7D0, cid=2303, SUCCESS, logIndex=3871, commits[85302df8-7a7f-4077-a053-c26dc3d3d65a:c3872]
2019-06-13 22:53:52,302 INFO  client.GrpcClientProtocolClient (GrpcClientProtocolClient.java:onNext(254)) - client-C82EA620EB9B->85302df8-7a7f-4077-a053-c26dc3d3d65a: receive RaftClientReply:client-C82EA620EB9B->85302df8-7a7f-4077-a053-c26dc3d3d65a@group-4701ABA8D7D0, cid=2304, SUCCESS, logIndex=3872, commits[85302df8-7a7f-4077-a053-c26dc3d3d65a:c3872]
2019-06-13 22:53:52,316 INFO  client.GrpcClientProtocolClient (GrpcClientProtocolClient.java:onNext(254)) - client-C82EA620EB9B->85302df8-7a7f-4077-a053-c26dc3d3d65a: receive RaftClientReply:client-C82EA620EB9B->85302df8-7a7f-4077-a053-c26dc3d3d65a@group-4701ABA8D7D0, cid=2305, SUCCESS, logIndex=3875, commits[85302df8-7a7f-4077-a053-c26dc3d3d65a:c3875]
2019-06-13 22:53:52,318 INFO  client.GrpcClientProtocolClient (GrpcClientProtocolClient.java:onNext(254)) - client-C82EA620EB9B->85302df8-7a7f-4077-a053-c26dc3d3d65a: receive RaftClientReply:client-C82EA620EB9B->85302df8-7a7f-4077-a053-c26dc3d3d65a@group-4701ABA8D7D0, cid=2306, SUCCESS, logIndex=3877, commits[85302df8-7a7f-4077-a053-c26dc3d3d65a:c3877]
2019-06-13 22:53:52,319 INFO  client.GrpcClientProtocolClient (GrpcClientProtocolClient.java:onNext(254)) - client-C82EA620EB9B->85302df8-7a7f-4077-a053-c26dc3d3d65a: receive RaftClientReply:client-C82EA620EB9B->85302df8-7a7f-4077-a053-c26dc3d3d65a@group-4701ABA8D7D0, cid=2307, SUCCESS, logIndex=3878, commits[85302df8-7a7f-4077-a053-c26dc3d3d65a:c3879]
2019-06-13 22:53:52,320 INFO  client.GrpcClientProtocolClient (GrpcClientProtocolClient.java:onNext(254)) - client-C82EA620EB9B->85302df8-7a7f-4077-a053-c26dc3d3d65a: receive RaftClientReply:client-C82EA620EB9B->85302df8-7a7f-4077-a053-c26dc3d3d65a@group-4701ABA8D7D0, cid=2308, SUCCESS, logIndex=3880, commits[85302df8-7a7f-4077-a053-c26dc3d3d65a:c3880]
2019-06-13 22:53:52,326 INFO  client.GrpcClientProtocolClient (GrpcClientProtocolClient.java:onNext(254)) - client-C82EA620EB9B->85302df8-7a7f-4077-a053-c26dc3d3d65a: receive RaftClientReply:client-C82EA620EB9B->85302df8-7a7f-4077-a053-c26dc3d3d65a@group-4701ABA8D7D0, cid=2309, SUCCESS, logIndex=3882, commits[85302df8-7a7f-4077-a053-c26dc3d3d65a:c3882]
2019-06-13 22:53:52,328 INFO  client.GrpcClientProtocolClient (GrpcClientProtocolClient.java:onNext(254)) - client-C82EA620EB9B->85302df8-7a7f-4077-a053-c26dc3d3d65a: receive RaftClientReply:client-C82EA620EB9B->85302df8-7a7f-4077-a053-c26dc3d3d65a@group-4701ABA8D7D0, cid=2310, SUCCESS, logIndex=3884, commits[85302df8-7a7f-4077-a053-c26dc3d3d65a:c3884]
2019-06-13 22:53:52,328 INFO  client.GrpcClientProtocolClient (GrpcClientProtocolClient.java:onNext(254)) - client-C82EA620EB9B->85302df8-7a7f-4077-a053-c26dc3d3d65a: receive RaftClientReply:client-C82EA620EB9B->85302df8-7a7f-4077-a053-c26dc3d3d65a@group-4701ABA8D7D0, cid=2311, SUCCESS, logIndex=3885, commits[85302df8-7a7f-4077-a053-c26dc3d3d65a:c3887]
2019-06-13 22:53:52,329 INFO  client.GrpcClientProtocolClient (GrpcClientProtocolClient.java:onNext(254)) - client-C82EA620EB9B->85302df8-7a7f-4077-a053-c26dc3d3d65a: receive RaftClientReply:client-C82EA620EB9B->85302df8-7a7f-4077-a053-c26dc3d3d65a@group-4701ABA8D7D0, cid=2312, SUCCESS, logIndex=3886, commits[85302df8-7a7f-4077-a053-c26dc3d3d65a:c3887]
2019-06-13 22:53:52,338 INFO  client.GrpcClientProtocolClient (GrpcClientProtocolClient.java:onNext(254)) - client-C82EA620EB9B->85302df8-7a7f-4077-a053-c26dc3d3d65a: receive RaftClientReply:client-C82EA620EB9B->85302df8-7a7f-4077-a053-c26dc3d3d65a@group-4701ABA8D7D0, cid=2313, SUCCESS, logIndex=3888, commits[85302df8-7a7f-4077-a053-c26dc3d3d65a:c3888]
2019-06-13 22:53:52,340 INFO  client.GrpcClientProtocolClient (GrpcClientProtocolClient.java:onNext(254)) - client-C82EA620EB9B->85302df8-7a7f-4077-a053-c26dc3d3d65a: receive RaftClientReply:client-C82EA620EB9B->85302df8-7a7f-4077-a053-c26dc3d3d65a@group-4701ABA8D7D0, cid=2314, SUCCESS, logIndex=3890, commits[85302df8-7a7f-4077-a053-c26dc3d3d65a:c3890]
2019-06-13 22:53:52,340 DEBUG block.SCMBlockDeletingService (SCMBlockDeletingService.java:call(138)) - Running DeletedBlockTransactionScanner
2019-06-13 22:53:52,340 DEBUG block.SCMBlockDeletingService (SCMBlockDeletingService.java:call(155)) - Scanned deleted blocks log and got 0 delTX to process.
2019-06-13 22:53:52,345 INFO  client.GrpcClientProtocolClient (GrpcClientProtocolClient.java:onNext(254)) - client-C82EA620EB9B->85302df8-7a7f-4077-a053-c26dc3d3d65a: receive RaftClientReply:client-C82EA620EB9B->85302df8-7a7f-4077-a053-c26dc3d3d65a@group-4701ABA8D7D0, cid=2315, SUCCESS, logIndex=3891, commits[85302df8-7a7f-4077-a053-c26dc3d3d65a:c3893]
2019-06-13 22:53:52,346 INFO  client.GrpcClientProtocolClient (GrpcClientProtocolClient.java:onNext(254)) - client-C82EA620EB9B->85302df8-7a7f-4077-a053-c26dc3d3d65a: receive RaftClientReply:client-C82EA620EB9B->85302df8-7a7f-4077-a053-c26dc3d3d65a@group-4701ABA8D7D0, cid=2316, SUCCESS, logIndex=3892, commits[85302df8-7a7f-4077-a053-c26dc3d3d65a:c3893]
2019-06-13 22:53:52,352 INFO  client.GrpcClientProtocolClient (GrpcClientProtocolClient.java:onNext(254)) - client-C82EA620EB9B->85302df8-7a7f-4077-a053-c26dc3d3d65a: receive RaftClientReply:client-C82EA620EB9B->85302df8-7a7f-4077-a053-c26dc3d3d65a@group-4701ABA8D7D0, cid=2317, SUCCESS, logIndex=3894, commits[85302df8-7a7f-4077-a053-c26dc3d3d65a:c3894]
2019-06-13 22:53:52,352 INFO  storage.RaftLogWorker (RaftLogWorker.java:rollLogSegment(303)) - 85302df8-7a7f-4077-a053-c26dc3d3d65a-RaftLogWorker: Rolling segment log-3825_3895 to index:3895
2019-06-13 22:53:52,353 INFO  storage.RaftLogWorker (RaftLogWorker.java:execute(433)) - 85302df8-7a7f-4077-a053-c26dc3d3d65a-RaftLogWorker: Rolled log segment from /opt/src/hadoop-ozone/integration-test/target/test-dir/MiniOzoneClusterImpl-550f9ca0-a6d9-4a4a-902f-f07ac81eac7b/datanode-0/data/ratis/5ad10fc2-5a33-4bdd-8958-4701aba8d7d0/current/log_inprogress_3825 to /opt/src/hadoop-ozone/integration-test/target/test-dir/MiniOzoneClusterImpl-550f9ca0-a6d9-4a4a-902f-f07ac81eac7b/datanode-0/data/ratis/5ad10fc2-5a33-4bdd-8958-4701aba8d7d0/current/log_3825-3895
2019-06-13 22:53:52,397 INFO  storage.RaftLogWorker (RaftLogWorker.java:execute(469)) - 85302df8-7a7f-4077-a053-c26dc3d3d65a-RaftLogWorker: created new log segment /opt/src/hadoop-ozone/integration-test/target/test-dir/MiniOzoneClusterImpl-550f9ca0-a6d9-4a4a-902f-f07ac81eac7b/datanode-0/data/ratis/5ad10fc2-5a33-4bdd-8958-4701aba8d7d0/current/log_inprogress_3896
2019-06-13 22:53:52,399 INFO  client.GrpcClientProtocolClient (GrpcClientProtocolClient.java:onNext(254)) - client-C82EA620EB9B->85302df8-7a7f-4077-a053-c26dc3d3d65a: receive RaftClientReply:client-C82EA620EB9B->85302df8-7a7f-4077-a053-c26dc3d3d65a@group-4701ABA8D7D0, cid=2318, SUCCESS, logIndex=3896, commits[85302df8-7a7f-4077-a053-c26dc3d3d65a:c3896]
2019-06-13 22:53:52,402 INFO  client.GrpcClientProtocolClient (GrpcClientProtocolClient.java:onNext(254)) - client-C82EA620EB9B->85302df8-7a7f-4077-a053-c26dc3d3d65a: receive RaftClientReply:client-C82EA620EB9B->85302df8-7a7f-4077-a053-c26dc3d3d65a@group-4701ABA8D7D0, cid=2319, SUCCESS, logIndex=3898, commits[85302df8-7a7f-4077-a053-c26dc3d3d65a:c3899]
2019-06-13 22:53:52,402 INFO  client.GrpcClientProtocolClient (GrpcClientProtocolClient.java:onNext(254)) - client-C82EA620EB9B->85302df8-7a7f-4077-a053-c26dc3d3d65a: receive RaftClientReply:client-C82EA620EB9B->85302df8-7a7f-4077-a053-c26dc3d3d65a@group-4701ABA8D7D0, cid=2320, SUCCESS, logIndex=3899, commits[85302df8-7a7f-4077-a053-c26dc3d3d65a:c3899]
2019-06-13 22:53:52,412 INFO  client.GrpcClientProtocolClient (GrpcClientProtocolClient.java:onNext(254)) - client-C82EA620EB9B->85302df8-7a7f-4077-a053-c26dc3d3d65a: receive RaftClientReply:client-C82EA620EB9B->85302df8-7a7f-4077-a053-c26dc3d3d65a@group-4701ABA8D7D0, cid=2321, SUCCESS, logIndex=3901, commits[85302df8-7a7f-4077-a053-c26dc3d3d65a:c3901]
2019-06-13 22:53:52,414 INFO  client.GrpcClientProtocolClient (GrpcClientProtocolClient.java:onNext(254)) - client-C82EA620EB9B->85302df8-7a7f-4077-a053-c26dc3d3d65a: receive RaftClientReply:client-C82EA620EB9B->85302df8-7a7f-4077-a053-c26dc3d3d65a@group-4701ABA8D7D0, cid=2322, SUCCESS, logIndex=3903, commits[85302df8-7a7f-4077-a053-c26dc3d3d65a:c3903]
2019-06-13 22:53:52,415 INFO  client.GrpcClientProtocolClient (GrpcClientProtocolClient.java:onNext(254)) - client-C82EA620EB9B->85302df8-7a7f-4077-a053-c26dc3d3d65a: receive RaftClientReply:client-C82EA620EB9B->85302df8-7a7f-4077-a053-c26dc3d3d65a@group-4701ABA8D7D0, cid=2323, SUCCESS, logIndex=3904, commits[85302df8-7a7f-4077-a053-c26dc3d3d65a:c3906]
2019-06-13 22:53:52,415 INFO  client.GrpcClientProtocolClient (GrpcClientProtocolClient.java:onNext(254)) - client-C82EA620EB9B->85302df8-7a7f-4077-a053-c26dc3d3d65a: receive RaftClientReply:client-C82EA620EB9B->85302df8-7a7f-4077-a053-c26dc3d3d65a@group-4701ABA8D7D0, cid=2324, SUCCESS, logIndex=3905, commits[85302df8-7a7f-4077-a053-c26dc3d3d65a:c3906]
2019-06-13 22:53:52,421 INFO  client.GrpcClientProtocolClient (GrpcClientProtocolClient.java:onNext(254)) - client-C82EA620EB9B->85302df8-7a7f-4077-a053-c26dc3d3d65a: receive RaftClientReply:client-C82EA620EB9B->85302df8-7a7f-4077-a053-c26dc3d3d65a@group-4701ABA8D7D0, cid=2325, SUCCESS, logIndex=3907, commits[85302df8-7a7f-4077-a053-c26dc3d3d65a:c3907]
2019-06-13 22:53:52,422 INFO  client.GrpcClientProtocolClient (GrpcClientProtocolClient.java:onNext(254)) - client-C82EA620EB9B->85302df8-7a7f-4077-a053-c26dc3d3d65a: receive RaftClientReply:client-C82EA620EB9B->85302df8-7a7f-4077-a053-c26dc3d3d65a@group-4701ABA8D7D0, cid=2326, SUCCESS, logIndex=3909, commits[85302df8-7a7f-4077-a053-c26dc3d3d65a:c3909]
2019-06-13 22:53:52,423 INFO  client.GrpcClientProtocolClient (GrpcClientProtocolClient.java:onNext(254)) - client-C82EA620EB9B->85302df8-7a7f-4077-a053-c26dc3d3d65a: receive RaftClientReply:client-C82EA620EB9B->85302df8-7a7f-4077-a053-c26dc3d3d65a@group-4701ABA8D7D0, cid=2327, SUCCESS, logIndex=3910, commits[85302df8-7a7f-4077-a053-c26dc3d3d65a:c3912]
2019-06-13 22:53:52,424 INFO  client.GrpcClientProtocolClient (GrpcClientProtocolClient.java:onNext(254)) - client-C82EA620EB9B->85302df8-7a7f-4077-a053-c26dc3d3d65a: receive RaftClientReply:client-C82EA620EB9B->85302df8-7a7f-4077-a053-c26dc3d3d65a@group-4701ABA8D7D0, cid=2328, SUCCESS, logIndex=3911, commits[85302df8-7a7f-4077-a053-c26dc3d3d65a:c3912]
2019-06-13 22:53:52,433 INFO  client.GrpcClientProtocolClient (GrpcClientProtocolClient.java:onNext(254)) - client-C82EA620EB9B->85302df8-7a7f-4077-a053-c26dc3d3d65a: receive RaftClientReply:client-C82EA620EB9B->85302df8-7a7f-4077-a053-c26dc3d3d65a@group-4701ABA8D7D0, cid=2329, SUCCESS, logIndex=3913, commits[85302df8-7a7f-4077-a053-c26dc3d3d65a:c3913]
2019-06-13 22:53:52,434 INFO  client.GrpcClientProtocolClient (GrpcClientProtocolClient.java:onNext(254)) - client-C82EA620EB9B->85302df8-7a7f-4077-a053-c26dc3d3d65a: receive RaftClientReply:client-C82EA620EB9B->85302df8-7a7f-4077-a053-c26dc3d3d65a@group-4701ABA8D7D0, cid=2330, SUCCESS, logIndex=3915, commits[85302df8-7a7f-4077-a053-c26dc3d3d65a:c3915]
2019-06-13 22:53:52,435 INFO  client.GrpcClientProtocolClient (GrpcClientProtocolClient.java:onNext(254)) - client-C82EA620EB9B->85302df8-7a7f-4077-a053-c26dc3d3d65a: receive RaftClientReply:client-C82EA620EB9B->85302df8-7a7f-4077-a053-c26dc3d3d65a@group-4701ABA8D7D0, cid=2331, SUCCESS, logIndex=3916, commits[85302df8-7a7f-4077-a053-c26dc3d3d65a:c3917]
2019-06-13 22:53:52,436 INFO  client.GrpcClientProtocolClient (GrpcClientProtocolClient.java:onNext(254)) - client-C82EA620EB9B->85302df8-7a7f-4077-a053-c26dc3d3d65a: receive RaftClientReply:client-C82EA620EB9B->85302df8-7a7f-4077-a053-c26dc3d3d65a@group-4701ABA8D7D0, cid=2332, SUCCESS, logIndex=3918, commits[85302df8-7a7f-4077-a053-c26dc3d3d65a:c3918]
2019-06-13 22:53:52,441 DEBUG block.SCMBlockDeletingService (SCMBlockDeletingService.java:call(138)) - Running DeletedBlockTransactionScanner
2019-06-13 22:53:52,441 DEBUG block.SCMBlockDeletingService (SCMBlockDeletingService.java:call(155)) - Scanned deleted blocks log and got 0 delTX to process.
2019-06-13 22:53:52,443 INFO  client.GrpcClientProtocolClient (GrpcClientProtocolClient.java:onNext(254)) - client-C82EA620EB9B->85302df8-7a7f-4077-a053-c26dc3d3d65a: receive RaftClientReply:client-C82EA620EB9B->85302df8-7a7f-4077-a053-c26dc3d3d65a@group-4701ABA8D7D0, cid=2333, SUCCESS, logIndex=3920, commits[85302df8-7a7f-4077-a053-c26dc3d3d65a:c3920]
2019-06-13 22:53:52,444 INFO  client.GrpcClientProtocolClient (GrpcClientProtocolClient.java:onNext(254)) - client-C82EA620EB9B->85302df8-7a7f-4077-a053-c26dc3d3d65a: receive RaftClientReply:client-C82EA620EB9B->85302df8-7a7f-4077-a053-c26dc3d3d65a@group-4701ABA8D7D0, cid=2334, SUCCESS, logIndex=3922, commits[85302df8-7a7f-4077-a053-c26dc3d3d65a:c3922]
2019-06-13 22:53:52,445 INFO  client.GrpcClientProtocolClient (GrpcClientProtocolClient.java:onNext(254)) - client-C82EA620EB9B->85302df8-7a7f-4077-a053-c26dc3d3d65a: receive RaftClientReply:client-C82EA620EB9B->85302df8-7a7f-4077-a053-c26dc3d3d65a@group-4701ABA8D7D0, cid=2335, SUCCESS, logIndex=3923, commits[85302df8-7a7f-4077-a053-c26dc3d3d65a:c3925]
2019-06-13 22:53:52,446 INFO  client.GrpcClientProtocolClient (GrpcClientProtocolClient.java:onNext(254)) - client-C82EA620EB9B->85302df8-7a7f-4077-a053-c26dc3d3d65a: receive RaftClientReply:client-C82EA620EB9B->85302df8-7a7f-4077-a053-c26dc3d3d65a@group-4701ABA8D7D0, cid=2336, SUCCESS, logIndex=3924, commits[85302df8-7a7f-4077-a053-c26dc3d3d65a:c3925]
2019-06-13 22:53:52,455 INFO  client.GrpcClientProtocolClient (GrpcClientProtocolClient.java:onNext(254)) - client-C82EA620EB9B->85302df8-7a7f-4077-a053-c26dc3d3d65a: receive RaftClientReply:client-C82EA620EB9B->85302df8-7a7f-4077-a053-c26dc3d3d65a@group-4701ABA8D7D0, cid=2337, SUCCESS, logIndex=3926, commits[85302df8-7a7f-4077-a053-c26dc3d3d65a:c3926]
2019-06-13 22:53:52,456 INFO  client.GrpcClientProtocolClient (GrpcClientProtocolClient.java:onNext(254)) - client-C82EA620EB9B->85302df8-7a7f-4077-a053-c26dc3d3d65a: receive RaftClientReply:client-C82EA620EB9B->85302df8-7a7f-4077-a053-c26dc3d3d65a@group-4701ABA8D7D0, cid=2338, SUCCESS, logIndex=3928, commits[85302df8-7a7f-4077-a053-c26dc3d3d65a:c3928]
2019-06-13 22:53:52,458 INFO  client.GrpcClientProtocolClient (GrpcClientProtocolClient.java:onNext(254)) - client-C82EA620EB9B->85302df8-7a7f-4077-a053-c26dc3d3d65a: receive RaftClientReply:client-C82EA620EB9B->85302df8-7a7f-4077-a053-c26dc3d3d65a@group-4701ABA8D7D0, cid=2339, SUCCESS, logIndex=3929, commits[85302df8-7a7f-4077-a053-c26dc3d3d65a:c3931]
2019-06-13 22:53:52,458 INFO  client.GrpcClientProtocolClient (GrpcClientProtocolClient.java:onNext(254)) - client-C82EA620EB9B->85302df8-7a7f-4077-a053-c26dc3d3d65a: receive RaftClientReply:client-C82EA620EB9B->85302df8-7a7f-4077-a053-c26dc3d3d65a@group-4701ABA8D7D0, cid=2340, SUCCESS, logIndex=3930, commits[85302df8-7a7f-4077-a053-c26dc3d3d65a:c3931]
2019-06-13 22:53:52,464 INFO  client.GrpcClientProtocolClient (GrpcClientProtocolClient.java:onNext(254)) - client-C82EA620EB9B->85302df8-7a7f-4077-a053-c26dc3d3d65a: receive RaftClientReply:client-C82EA620EB9B->85302df8-7a7f-4077-a053-c26dc3d3d65a@group-4701ABA8D7D0, cid=2341, SUCCESS, logIndex=3932, commits[85302df8-7a7f-4077-a053-c26dc3d3d65a:c3932]
2019-06-13 22:53:52,465 INFO  client.GrpcClientProtocolClient (GrpcClientProtocolClient.java:onNext(254)) - client-C82EA620EB9B->85302df8-7a7f-4077-a053-c26dc3d3d65a: receive RaftClientReply:client-C82EA620EB9B->85302df8-7a7f-4077-a053-c26dc3d3d65a@group-4701ABA8D7D0, cid=2342, SUCCESS, logIndex=3934, commits[85302df8-7a7f-4077-a053-c26dc3d3d65a:c3934]
2019-06-13 22:53:52,778 DEBUG block.SCMBlockDeletingService (SCMBlockDeletingService.java:call(138)) - Running DeletedBlockTransactionScanner
2019-06-13 22:53:52,778 DEBUG block.SCMBlockDeletingService (SCMBlockDeletingService.java:call(155)) - Scanned deleted blocks log and got 0 delTX to process.
2019-06-13 22:53:52,791 INFO  client.GrpcClientProtocolClient (GrpcClientProtocolClient.java:onNext(254)) - client-C82EA620EB9B->85302df8-7a7f-4077-a053-c26dc3d3d65a: receive RaftClientReply:client-C82EA620EB9B->85302df8-7a7f-4077-a053-c26dc3d3d65a@group-4701ABA8D7D0, cid=2343, SUCCESS, logIndex=3936, commits[85302df8-7a7f-4077-a053-c26dc3d3d65a:c3936]
2019-06-13 22:53:52,792 INFO  client.GrpcClientProtocolClient (GrpcClientProtocolClient.java:onNext(254)) - client-C82EA620EB9B->85302df8-7a7f-4077-a053-c26dc3d3d65a: receive RaftClientReply:client-C82EA620EB9B->85302df8-7a7f-4077-a053-c26dc3d3d65a@group-4701ABA8D7D0, cid=2344, SUCCESS, logIndex=3938, commits[85302df8-7a7f-4077-a053-c26dc3d3d65a:c3938]
2019-06-13 22:53:52,802 INFO  client.GrpcClientProtocolClient (GrpcClientProtocolClient.java:onNext(254)) - client-C82EA620EB9B->85302df8-7a7f-4077-a053-c26dc3d3d65a: receive RaftClientReply:client-C82EA620EB9B->85302df8-7a7f-4077-a053-c26dc3d3d65a@group-4701ABA8D7D0, cid=2345, SUCCESS, logIndex=3940, commits[85302df8-7a7f-4077-a053-c26dc3d3d65a:c3940]
2019-06-13 22:53:52,803 INFO  client.GrpcClientProtocolClient (GrpcClientProtocolClient.java:onNext(254)) - client-C82EA620EB9B->85302df8-7a7f-4077-a053-c26dc3d3d65a: receive RaftClientReply:client-C82EA620EB9B->85302df8-7a7f-4077-a053-c26dc3d3d65a@group-4701ABA8D7D0, cid=2346, SUCCESS, logIndex=3942, commits[85302df8-7a7f-4077-a053-c26dc3d3d65a:c3942]
2019-06-13 22:53:52,804 INFO  client.GrpcClientProtocolClient (GrpcClientProtocolClient.java:onNext(254)) - client-C82EA620EB9B->85302df8-7a7f-4077-a053-c26dc3d3d65a: receive RaftClientReply:client-C82EA620EB9B->85302df8-7a7f-4077-a053-c26dc3d3d65a@group-4701ABA8D7D0, cid=2347, SUCCESS, logIndex=3943, commits[85302df8-7a7f-4077-a053-c26dc3d3d65a:c3945]
2019-06-13 22:53:52,805 INFO  client.GrpcClientProtocolClient (GrpcClientProtocolClient.java:onNext(254)) - client-C82EA620EB9B->85302df8-7a7f-4077-a053-c26dc3d3d65a: receive RaftClientReply:client-C82EA620EB9B->85302df8-7a7f-4077-a053-c26dc3d3d65a@group-4701ABA8D7D0, cid=2348, SUCCESS, logIndex=3944, commits[85302df8-7a7f-4077-a053-c26dc3d3d65a:c3945]
2019-06-13 22:53:52,810 INFO  client.GrpcClientProtocolClient (GrpcClientProtocolClient.java:onNext(254)) - client-C82EA620EB9B->85302df8-7a7f-4077-a053-c26dc3d3d65a: receive RaftClientReply:client-C82EA620EB9B->85302df8-7a7f-4077-a053-c26dc3d3d65a@group-4701ABA8D7D0, cid=2349, SUCCESS, logIndex=3946, commits[85302df8-7a7f-4077-a053-c26dc3d3d65a:c3946]
2019-06-13 22:53:52,811 INFO  client.GrpcClientProtocolClient (GrpcClientProtocolClient.java:onNext(254)) - client-C82EA620EB9B->85302df8-7a7f-4077-a053-c26dc3d3d65a: receive RaftClientReply:client-C82EA620EB9B->85302df8-7a7f-4077-a053-c26dc3d3d65a@group-4701ABA8D7D0, cid=2350, SUCCESS, logIndex=3948, commits[85302df8-7a7f-4077-a053-c26dc3d3d65a:c3948]
2019-06-13 22:53:52,813 INFO  client.GrpcClientProtocolClient (GrpcClientProtocolClient.java:onNext(254)) - client-C82EA620EB9B->85302df8-7a7f-4077-a053-c26dc3d3d65a: receive RaftClientReply:client-C82EA620EB9B->85302df8-7a7f-4077-a053-c26dc3d3d65a@group-4701ABA8D7D0, cid=2351, SUCCESS, logIndex=3949, commits[85302df8-7a7f-4077-a053-c26dc3d3d65a:c3951]
2019-06-13 22:53:52,813 INFO  client.GrpcClientProtocolClient (GrpcClientProtocolClient.java:onNext(254)) - client-C82EA620EB9B->85302df8-7a7f-4077-a053-c26dc3d3d65a: receive RaftClientReply:client-C82EA620EB9B->85302df8-7a7f-4077-a053-c26dc3d3d65a@group-4701ABA8D7D0, cid=2352, SUCCESS, logIndex=3950, commits[85302df8-7a7f-4077-a053-c26dc3d3d65a:c3951]
2019-06-13 22:53:52,822 INFO  client.GrpcClientProtocolClient (GrpcClientProtocolClient.java:onNext(254)) - client-C82EA620EB9B->85302df8-7a7f-4077-a053-c26dc3d3d65a: receive RaftClientReply:client-C82EA620EB9B->85302df8-7a7f-4077-a053-c26dc3d3d65a@group-4701ABA8D7D0, cid=2353, SUCCESS, logIndex=3952, commits[85302df8-7a7f-4077-a053-c26dc3d3d65a:c3952]
2019-06-13 22:53:52,823 INFO  client.GrpcClientProtocolClient (GrpcClientProtocolClient.java:onNext(254)) - client-C82EA620EB9B->85302df8-7a7f-4077-a053-c26dc3d3d65a: receive RaftClientReply:client-C82EA620EB9B->85302df8-7a7f-4077-a053-c26dc3d3d65a@group-4701ABA8D7D0, cid=2354, SUCCESS, logIndex=3954, commits[85302df8-7a7f-4077-a053-c26dc3d3d65a:c3954]
2019-06-13 22:53:52,825 INFO  client.GrpcClientProtocolClient (GrpcClientProtocolClient.java:onNext(254)) - client-C82EA620EB9B->85302df8-7a7f-4077-a053-c26dc3d3d65a: receive RaftClientReply:client-C82EA620EB9B->85302df8-7a7f-4077-a053-c26dc3d3d65a@group-4701ABA8D7D0, cid=2355, SUCCESS, logIndex=3955, commits[85302df8-7a7f-4077-a053-c26dc3d3d65a:c3957]
2019-06-13 22:53:52,825 INFO  client.GrpcClientProtocolClient (GrpcClientProtocolClient.java:onNext(254)) - client-C82EA620EB9B->85302df8-7a7f-4077-a053-c26dc3d3d65a: receive RaftClientReply:client-C82EA620EB9B->85302df8-7a7f-4077-a053-c26dc3d3d65a@group-4701ABA8D7D0, cid=2356, SUCCESS, logIndex=3956, commits[85302df8-7a7f-4077-a053-c26dc3d3d65a:c3957]
2019-06-13 22:53:52,830 INFO  client.GrpcClientProtocolClient (GrpcClientProtocolClient.java:onNext(254)) - client-C82EA620EB9B->85302df8-7a7f-4077-a053-c26dc3d3d65a: receive RaftClientReply:client-C82EA620EB9B->85302df8-7a7f-4077-a053-c26dc3d3d65a@group-4701ABA8D7D0, cid=2357, SUCCESS, logIndex=3958, commits[85302df8-7a7f-4077-a053-c26dc3d3d65a:c3958]
2019-06-13 22:53:52,831 INFO  client.GrpcClientProtocolClient (GrpcClientProtocolClient.java:onNext(254)) - client-C82EA620EB9B->85302df8-7a7f-4077-a053-c26dc3d3d65a: receive RaftClientReply:client-C82EA620EB9B->85302df8-7a7f-4077-a053-c26dc3d3d65a@group-4701ABA8D7D0, cid=2358, SUCCESS, logIndex=3960, commits[85302df8-7a7f-4077-a053-c26dc3d3d65a:c3960]
2019-06-13 22:53:52,832 INFO  client.GrpcClientProtocolClient (GrpcClientProtocolClient.java:onNext(254)) - client-C82EA620EB9B->85302df8-7a7f-4077-a053-c26dc3d3d65a: receive RaftClientReply:client-C82EA620EB9B->85302df8-7a7f-4077-a053-c26dc3d3d65a@group-4701ABA8D7D0, cid=2359, SUCCESS, logIndex=3961, commits[85302df8-7a7f-4077-a053-c26dc3d3d65a:c3963]
2019-06-13 22:53:52,833 INFO  client.GrpcClientProtocolClient (GrpcClientProtocolClient.java:onNext(254)) - client-C82EA620EB9B->85302df8-7a7f-4077-a053-c26dc3d3d65a: receive RaftClientReply:client-C82EA620EB9B->85302df8-7a7f-4077-a053-c26dc3d3d65a@group-4701ABA8D7D0, cid=2360, SUCCESS, logIndex=3962, commits[85302df8-7a7f-4077-a053-c26dc3d3d65a:c3963]
2019-06-13 22:53:52,839 INFO  storage.RaftLogWorker (RaftLogWorker.java:rollLogSegment(303)) - 85302df8-7a7f-4077-a053-c26dc3d3d65a-RaftLogWorker: Rolling segment log-3896_3963 to index:3963
2019-06-13 22:53:52,840 INFO  storage.RaftLogWorker (RaftLogWorker.java:execute(433)) - 85302df8-7a7f-4077-a053-c26dc3d3d65a-RaftLogWorker: Rolled log segment from /opt/src/hadoop-ozone/integration-test/target/test-dir/MiniOzoneClusterImpl-550f9ca0-a6d9-4a4a-902f-f07ac81eac7b/datanode-0/data/ratis/5ad10fc2-5a33-4bdd-8958-4701aba8d7d0/current/log_inprogress_3896 to /opt/src/hadoop-ozone/integration-test/target/test-dir/MiniOzoneClusterImpl-550f9ca0-a6d9-4a4a-902f-f07ac81eac7b/datanode-0/data/ratis/5ad10fc2-5a33-4bdd-8958-4701aba8d7d0/current/log_3896-3963
2019-06-13 22:53:52,876 INFO  storage.RaftLogWorker (RaftLogWorker.java:execute(469)) - 85302df8-7a7f-4077-a053-c26dc3d3d65a-RaftLogWorker: created new log segment /opt/src/hadoop-ozone/integration-test/target/test-dir/MiniOzoneClusterImpl-550f9ca0-a6d9-4a4a-902f-f07ac81eac7b/datanode-0/data/ratis/5ad10fc2-5a33-4bdd-8958-4701aba8d7d0/current/log_inprogress_3964
2019-06-13 22:53:52,877 INFO  client.GrpcClientProtocolClient (GrpcClientProtocolClient.java:onNext(254)) - client-C82EA620EB9B->85302df8-7a7f-4077-a053-c26dc3d3d65a: receive RaftClientReply:client-C82EA620EB9B->85302df8-7a7f-4077-a053-c26dc3d3d65a@group-4701ABA8D7D0, cid=2361, SUCCESS, logIndex=3964, commits[85302df8-7a7f-4077-a053-c26dc3d3d65a:c3964]
2019-06-13 22:53:52,878 INFO  client.GrpcClientProtocolClient (GrpcClientProtocolClient.java:onNext(254)) - client-C82EA620EB9B->85302df8-7a7f-4077-a053-c26dc3d3d65a: receive RaftClientReply:client-C82EA620EB9B->85302df8-7a7f-4077-a053-c26dc3d3d65a@group-4701ABA8D7D0, cid=2362, SUCCESS, logIndex=3966, commits[85302df8-7a7f-4077-a053-c26dc3d3d65a:c3966]
2019-06-13 22:53:52,878 DEBUG block.SCMBlockDeletingService (SCMBlockDeletingService.java:call(138)) - Running DeletedBlockTransactionScanner
2019-06-13 22:53:52,878 DEBUG block.SCMBlockDeletingService (SCMBlockDeletingService.java:call(155)) - Scanned deleted blocks log and got 0 delTX to process.
2019-06-13 22:53:52,879 INFO  client.GrpcClientProtocolClient (GrpcClientProtocolClient.java:onNext(254)) - client-C82EA620EB9B->85302df8-7a7f-4077-a053-c26dc3d3d65a: receive RaftClientReply:client-C82EA620EB9B->85302df8-7a7f-4077-a053-c26dc3d3d65a@group-4701ABA8D7D0, cid=2363, SUCCESS, logIndex=3967, commits[85302df8-7a7f-4077-a053-c26dc3d3d65a:c3969]
2019-06-13 22:53:52,880 INFO  client.GrpcClientProtocolClient (GrpcClientProtocolClient.java:onNext(254)) - client-C82EA620EB9B->85302df8-7a7f-4077-a053-c26dc3d3d65a: receive RaftClientReply:client-C82EA620EB9B->85302df8-7a7f-4077-a053-c26dc3d3d65a@group-4701ABA8D7D0, cid=2364, SUCCESS, logIndex=3968, commits[85302df8-7a7f-4077-a053-c26dc3d3d65a:c3969]
2019-06-13 22:53:52,885 INFO  client.GrpcClientProtocolClient (GrpcClientProtocolClient.java:onNext(254)) - client-C82EA620EB9B->85302df8-7a7f-4077-a053-c26dc3d3d65a: receive RaftClientReply:client-C82EA620EB9B->85302df8-7a7f-4077-a053-c26dc3d3d65a@group-4701ABA8D7D0, cid=2365, SUCCESS, logIndex=3970, commits[85302df8-7a7f-4077-a053-c26dc3d3d65a:c3970]
2019-06-13 22:53:52,886 INFO  client.GrpcClientProtocolClient (GrpcClientProtocolClient.java:onNext(254)) - client-C82EA620EB9B->85302df8-7a7f-4077-a053-c26dc3d3d65a: receive RaftClientReply:client-C82EA620EB9B->85302df8-7a7f-4077-a053-c26dc3d3d65a@group-4701ABA8D7D0, cid=2366, SUCCESS, logIndex=3972, commits[85302df8-7a7f-4077-a053-c26dc3d3d65a:c3972]
2019-06-13 22:53:52,889 INFO  client.GrpcClientProtocolClient (GrpcClientProtocolClient.java:onNext(254)) - client-C82EA620EB9B->85302df8-7a7f-4077-a053-c26dc3d3d65a: receive RaftClientReply:client-C82EA620EB9B->85302df8-7a7f-4077-a053-c26dc3d3d65a@group-4701ABA8D7D0, cid=2367, SUCCESS, logIndex=3974, commits[85302df8-7a7f-4077-a053-c26dc3d3d65a:c3975]
2019-06-13 22:53:52,889 INFO  client.GrpcClientProtocolClient (GrpcClientProtocolClient.java:onNext(254)) - client-C82EA620EB9B->85302df8-7a7f-4077-a053-c26dc3d3d65a: receive RaftClientReply:client-C82EA620EB9B->85302df8-7a7f-4077-a053-c26dc3d3d65a@group-4701ABA8D7D0, cid=2368, SUCCESS, logIndex=3975, commits[85302df8-7a7f-4077-a053-c26dc3d3d65a:c3975]
2019-06-13 22:53:52,898 INFO  client.GrpcClientProtocolClient (GrpcClientProtocolClient.java:onNext(254)) - client-C82EA620EB9B->85302df8-7a7f-4077-a053-c26dc3d3d65a: receive RaftClientReply:client-C82EA620EB9B->85302df8-7a7f-4077-a053-c26dc3d3d65a@group-4701ABA8D7D0, cid=2369, SUCCESS, logIndex=3977, commits[85302df8-7a7f-4077-a053-c26dc3d3d65a:c3977]
2019-06-13 22:53:52,900 INFO  client.GrpcClientProtocolClient (GrpcClientProtocolClient.java:onNext(254)) - client-C82EA620EB9B->85302df8-7a7f-4077-a053-c26dc3d3d65a: receive RaftClientReply:client-C82EA620EB9B->85302df8-7a7f-4077-a053-c26dc3d3d65a@group-4701ABA8D7D0, cid=2370, SUCCESS, logIndex=3979, commits[85302df8-7a7f-4077-a053-c26dc3d3d65a:c3979]
2019-06-13 22:53:52,901 INFO  client.GrpcClientProtocolClient (GrpcClientProtocolClient.java:onNext(254)) - client-C82EA620EB9B->85302df8-7a7f-4077-a053-c26dc3d3d65a: receive RaftClientReply:client-C82EA620EB9B->85302df8-7a7f-4077-a053-c26dc3d3d65a@group-4701ABA8D7D0, cid=2371, SUCCESS, logIndex=3980, commits[85302df8-7a7f-4077-a053-c26dc3d3d65a:c3982]
2019-06-13 22:53:52,901 INFO  client.GrpcClientProtocolClient (GrpcClientProtocolClient.java:onNext(254)) - client-C82EA620EB9B->85302df8-7a7f-4077-a053-c26dc3d3d65a: receive RaftClientReply:client-C82EA620EB9B->85302df8-7a7f-4077-a053-c26dc3d3d65a@group-4701ABA8D7D0, cid=2372, SUCCESS, logIndex=3981, commits[85302df8-7a7f-4077-a053-c26dc3d3d65a:c3982]
2019-06-13 22:53:52,906 INFO  client.GrpcClientProtocolClient (GrpcClientProtocolClient.java:onNext(254)) - client-C82EA620EB9B->85302df8-7a7f-4077-a053-c26dc3d3d65a: receive RaftClientReply:client-C82EA620EB9B->85302df8-7a7f-4077-a053-c26dc3d3d65a@group-4701ABA8D7D0, cid=2373, SUCCESS, logIndex=3983, commits[85302df8-7a7f-4077-a053-c26dc3d3d65a:c3983]
2019-06-13 22:53:52,908 INFO  client.GrpcClientProtocolClient (GrpcClientProtocolClient.java:onNext(254)) - client-C82EA620EB9B->85302df8-7a7f-4077-a053-c26dc3d3d65a: receive RaftClientReply:client-C82EA620EB9B->85302df8-7a7f-4077-a053-c26dc3d3d65a@group-4701ABA8D7D0, cid=2374, SUCCESS, logIndex=3985, commits[85302df8-7a7f-4077-a053-c26dc3d3d65a:c3987]
2019-06-13 22:53:52,909 INFO  client.GrpcClientProtocolClient (GrpcClientProtocolClient.java:onNext(254)) - client-C82EA620EB9B->85302df8-7a7f-4077-a053-c26dc3d3d65a: receive RaftClientReply:client-C82EA620EB9B->85302df8-7a7f-4077-a053-c26dc3d3d65a@group-4701ABA8D7D0, cid=2375, SUCCESS, logIndex=3986, commits[85302df8-7a7f-4077-a053-c26dc3d3d65a:c3987]
2019-06-13 22:53:52,909 INFO  client.GrpcClientProtocolClient (GrpcClientProtocolClient.java:onNext(254)) - client-C82EA620EB9B->85302df8-7a7f-4077-a053-c26dc3d3d65a: receive RaftClientReply:client-C82EA620EB9B->85302df8-7a7f-4077-a053-c26dc3d3d65a@group-4701ABA8D7D0, cid=2376, SUCCESS, logIndex=3987, commits[85302df8-7a7f-4077-a053-c26dc3d3d65a:c3988]
2019-06-13 22:53:52,918 INFO  client.GrpcClientProtocolClient (GrpcClientProtocolClient.java:onNext(254)) - client-C82EA620EB9B->85302df8-7a7f-4077-a053-c26dc3d3d65a: receive RaftClientReply:client-C82EA620EB9B->85302df8-7a7f-4077-a053-c26dc3d3d65a@group-4701ABA8D7D0, cid=2377, SUCCESS, logIndex=3989, commits[85302df8-7a7f-4077-a053-c26dc3d3d65a:c3989]
2019-06-13 22:53:52,919 INFO  client.GrpcClientProtocolClient (GrpcClientProtocolClient.java:onNext(254)) - client-C82EA620EB9B->85302df8-7a7f-4077-a053-c26dc3d3d65a: receive RaftClientReply:client-C82EA620EB9B->85302df8-7a7f-4077-a053-c26dc3d3d65a@group-4701ABA8D7D0, cid=2378, SUCCESS, logIndex=3991, commits[85302df8-7a7f-4077-a053-c26dc3d3d65a:c3991]
2019-06-13 22:53:52,921 INFO  client.GrpcClientProtocolClient (GrpcClientProtocolClient.java:onNext(254)) - client-C82EA620EB9B->85302df8-7a7f-4077-a053-c26dc3d3d65a: receive RaftClientReply:client-C82EA620EB9B->85302df8-7a7f-4077-a053-c26dc3d3d65a@group-4701ABA8D7D0, cid=2379, SUCCESS, logIndex=3992, commits[85302df8-7a7f-4077-a053-c26dc3d3d65a:c3994]
2019-06-13 22:53:52,921 INFO  client.GrpcClientProtocolClient (GrpcClientProtocolClient.java:onNext(254)) - client-C82EA620EB9B->85302df8-7a7f-4077-a053-c26dc3d3d65a: receive RaftClientReply:client-C82EA620EB9B->85302df8-7a7f-4077-a053-c26dc3d3d65a@group-4701ABA8D7D0, cid=2380, SUCCESS, logIndex=3993, commits[85302df8-7a7f-4077-a053-c26dc3d3d65a:c3994]
2019-06-13 22:53:52,929 INFO  client.GrpcClientProtocolClient (GrpcClientProtocolClient.java:onNext(254)) - client-C82EA620EB9B->85302df8-7a7f-4077-a053-c26dc3d3d65a: receive RaftClientReply:client-C82EA620EB9B->85302df8-7a7f-4077-a053-c26dc3d3d65a@group-4701ABA8D7D0, cid=2381, SUCCESS, logIndex=3995, commits[85302df8-7a7f-4077-a053-c26dc3d3d65a:c3995]
2019-06-13 22:53:52,930 INFO  client.GrpcClientProtocolClient (GrpcClientProtocolClient.java:onNext(254)) - client-C82EA620EB9B->85302df8-7a7f-4077-a053-c26dc3d3d65a: receive RaftClientReply:client-C82EA620EB9B->85302df8-7a7f-4077-a053-c26dc3d3d65a@group-4701ABA8D7D0, cid=2382, SUCCESS, logIndex=3997, commits[85302df8-7a7f-4077-a053-c26dc3d3d65a:c3997]
2019-06-13 22:53:52,931 INFO  client.GrpcClientProtocolClient (GrpcClientProtocolClient.java:onNext(254)) - client-C82EA620EB9B->85302df8-7a7f-4077-a053-c26dc3d3d65a: receive RaftClientReply:client-C82EA620EB9B->85302df8-7a7f-4077-a053-c26dc3d3d65a@group-4701ABA8D7D0, cid=2383, SUCCESS, logIndex=3998, commits[85302df8-7a7f-4077-a053-c26dc3d3d65a:c4000]
2019-06-13 22:53:52,931 INFO  client.GrpcClientProtocolClient (GrpcClientProtocolClient.java:onNext(254)) - client-C82EA620EB9B->85302df8-7a7f-4077-a053-c26dc3d3d65a: receive RaftClientReply:client-C82EA620EB9B->85302df8-7a7f-4077-a053-c26dc3d3d65a@group-4701ABA8D7D0, cid=2384, SUCCESS, logIndex=3999, commits[85302df8-7a7f-4077-a053-c26dc3d3d65a:c4000]
2019-06-13 22:53:52,941 INFO  client.GrpcClientProtocolClient (GrpcClientProtocolClient.java:onNext(254)) - client-C82EA620EB9B->85302df8-7a7f-4077-a053-c26dc3d3d65a: receive RaftClientReply:client-C82EA620EB9B->85302df8-7a7f-4077-a053-c26dc3d3d65a@group-4701ABA8D7D0, cid=2385, SUCCESS, logIndex=4001, commits[85302df8-7a7f-4077-a053-c26dc3d3d65a:c4001]
2019-06-13 22:53:52,942 INFO  client.GrpcClientProtocolClient (GrpcClientProtocolClient.java:onNext(254)) - client-C82EA620EB9B->85302df8-7a7f-4077-a053-c26dc3d3d65a: receive RaftClientReply:client-C82EA620EB9B->85302df8-7a7f-4077-a053-c26dc3d3d65a@group-4701ABA8D7D0, cid=2386, SUCCESS, logIndex=4003, commits[85302df8-7a7f-4077-a053-c26dc3d3d65a:c4003]
2019-06-13 22:53:52,979 DEBUG block.SCMBlockDeletingService (SCMBlockDeletingService.java:call(138)) - Running DeletedBlockTransactionScanner
2019-06-13 22:53:52,979 DEBUG block.SCMBlockDeletingService (SCMBlockDeletingService.java:call(155)) - Scanned deleted blocks log and got 0 delTX to process.
2019-06-13 22:53:53,010 INFO  client.GrpcClientProtocolClient (GrpcClientProtocolClient.java:onNext(254)) - client-C82EA620EB9B->85302df8-7a7f-4077-a053-c26dc3d3d65a: receive RaftClientReply:client-C82EA620EB9B->85302df8-7a7f-4077-a053-c26dc3d3d65a@group-4701ABA8D7D0, cid=2387, SUCCESS, logIndex=4005, commits[85302df8-7a7f-4077-a053-c26dc3d3d65a:c4005]
2019-06-13 22:53:53,011 INFO  client.GrpcClientProtocolClient (GrpcClientProtocolClient.java:onNext(254)) - client-C82EA620EB9B->85302df8-7a7f-4077-a053-c26dc3d3d65a: receive RaftClientReply:client-C82EA620EB9B->85302df8-7a7f-4077-a053-c26dc3d3d65a@group-4701ABA8D7D0, cid=2388, SUCCESS, logIndex=4007, commits[85302df8-7a7f-4077-a053-c26dc3d3d65a:c4007]
2019-06-13 22:53:53,016 INFO  client.GrpcClientProtocolClient (GrpcClientProtocolClient.java:onNext(254)) - client-C82EA620EB9B->85302df8-7a7f-4077-a053-c26dc3d3d65a: receive RaftClientReply:client-C82EA620EB9B->85302df8-7a7f-4077-a053-c26dc3d3d65a@group-4701ABA8D7D0, cid=2389, SUCCESS, logIndex=4009, commits[85302df8-7a7f-4077-a053-c26dc3d3d65a:c4009]
2019-06-13 22:53:53,017 INFO  client.GrpcClientProtocolClient (GrpcClientProtocolClient.java:onNext(254)) - client-C82EA620EB9B->85302df8-7a7f-4077-a053-c26dc3d3d65a: receive RaftClientReply:client-C82EA620EB9B->85302df8-7a7f-4077-a053-c26dc3d3d65a@group-4701ABA8D7D0, cid=2390, SUCCESS, logIndex=4011, commits[85302df8-7a7f-4077-a053-c26dc3d3d65a:c4011]
2019-06-13 22:53:53,019 INFO  client.GrpcClientProtocolClient (GrpcClientProtocolClient.java:onNext(254)) - client-C82EA620EB9B->85302df8-7a7f-4077-a053-c26dc3d3d65a: receive RaftClientReply:client-C82EA620EB9B->85302df8-7a7f-4077-a053-c26dc3d3d65a@group-4701ABA8D7D0, cid=2391, SUCCESS, logIndex=4012, commits[85302df8-7a7f-4077-a053-c26dc3d3d65a:c4014]
2019-06-13 22:53:53,020 INFO  client.GrpcClientProtocolClient (GrpcClientProtocolClient.java:onNext(254)) - client-C82EA620EB9B->85302df8-7a7f-4077-a053-c26dc3d3d65a: receive RaftClientReply:client-C82EA620EB9B->85302df8-7a7f-4077-a053-c26dc3d3d65a@group-4701ABA8D7D0, cid=2392, SUCCESS, logIndex=4013, commits[85302df8-7a7f-4077-a053-c26dc3d3d65a:c4014]
2019-06-13 22:53:53,030 INFO  client.GrpcClientProtocolClient (GrpcClientProtocolClient.java:onNext(254)) - client-C82EA620EB9B->85302df8-7a7f-4077-a053-c26dc3d3d65a: receive RaftClientReply:client-C82EA620EB9B->85302df8-7a7f-4077-a053-c26dc3d3d65a@group-4701ABA8D7D0, cid=2393, SUCCESS, logIndex=4015, commits[85302df8-7a7f-4077-a053-c26dc3d3d65a:c4015]
2019-06-13 22:53:53,031 INFO  client.GrpcClientProtocolClient (GrpcClientProtocolClient.java:onNext(254)) - client-C82EA620EB9B->85302df8-7a7f-4077-a053-c26dc3d3d65a: receive RaftClientReply:client-C82EA620EB9B->85302df8-7a7f-4077-a053-c26dc3d3d65a@group-4701ABA8D7D0, cid=2394, SUCCESS, logIndex=4017, commits[85302df8-7a7f-4077-a053-c26dc3d3d65a:c4017]
2019-06-13 22:53:53,032 INFO  client.GrpcClientProtocolClient (GrpcClientProtocolClient.java:onNext(254)) - client-C82EA620EB9B->85302df8-7a7f-4077-a053-c26dc3d3d65a: receive RaftClientReply:client-C82EA620EB9B->85302df8-7a7f-4077-a053-c26dc3d3d65a@group-4701ABA8D7D0, cid=2395, SUCCESS, logIndex=4018, commits[85302df8-7a7f-4077-a053-c26dc3d3d65a:c4020]
2019-06-13 22:53:53,033 INFO  client.GrpcClientProtocolClient (GrpcClientProtocolClient.java:onNext(254)) - client-C82EA620EB9B->85302df8-7a7f-4077-a053-c26dc3d3d65a: receive RaftClientReply:client-C82EA620EB9B->85302df8-7a7f-4077-a053-c26dc3d3d65a@group-4701ABA8D7D0, cid=2396, SUCCESS, logIndex=4019, commits[85302df8-7a7f-4077-a053-c26dc3d3d65a:c4020]
2019-06-13 22:53:53,040 INFO  client.GrpcClientProtocolClient (GrpcClientProtocolClient.java:onNext(254)) - client-C82EA620EB9B->85302df8-7a7f-4077-a053-c26dc3d3d65a: receive RaftClientReply:client-C82EA620EB9B->85302df8-7a7f-4077-a053-c26dc3d3d65a@group-4701ABA8D7D0, cid=2397, SUCCESS, logIndex=4021, commits[85302df8-7a7f-4077-a053-c26dc3d3d65a:c4021]
2019-06-13 22:53:53,041 INFO  client.GrpcClientProtocolClient (GrpcClientProtocolClient.java:onNext(254)) - client-C82EA620EB9B->85302df8-7a7f-4077-a053-c26dc3d3d65a: receive RaftClientReply:client-C82EA620EB9B->85302df8-7a7f-4077-a053-c26dc3d3d65a@group-4701ABA8D7D0, cid=2398, SUCCESS, logIndex=4023, commits[85302df8-7a7f-4077-a053-c26dc3d3d65a:c4023]
2019-06-13 22:53:53,043 INFO  client.GrpcClientProtocolClient (GrpcClientProtocolClient.java:onNext(254)) - client-C82EA620EB9B->85302df8-7a7f-4077-a053-c26dc3d3d65a: receive RaftClientReply:client-C82EA620EB9B->85302df8-7a7f-4077-a053-c26dc3d3d65a@group-4701ABA8D7D0, cid=2399, SUCCESS, logIndex=4025, commits[85302df8-7a7f-4077-a053-c26dc3d3d65a:c4026]
2019-06-13 22:53:53,043 INFO  client.GrpcClientProtocolClient (GrpcClientProtocolClient.java:onNext(254)) - client-C82EA620EB9B->85302df8-7a7f-4077-a053-c26dc3d3d65a: receive RaftClientReply:client-C82EA620EB9B->85302df8-7a7f-4077-a053-c26dc3d3d65a@group-4701ABA8D7D0, cid=2400, SUCCESS, logIndex=4026, commits[85302df8-7a7f-4077-a053-c26dc3d3d65a:c4027]
2019-06-13 22:53:53,053 INFO  client.GrpcClientProtocolClient (GrpcClientProtocolClient.java:onNext(254)) - client-C82EA620EB9B->85302df8-7a7f-4077-a053-c26dc3d3d65a: receive RaftClientReply:client-C82EA620EB9B->85302df8-7a7f-4077-a053-c26dc3d3d65a@group-4701ABA8D7D0, cid=2401, SUCCESS, logIndex=4028, commits[85302df8-7a7f-4077-a053-c26dc3d3d65a:c4028]
2019-06-13 22:53:53,055 INFO  client.GrpcClientProtocolClient (GrpcClientProtocolClient.java:onNext(254)) - client-C82EA620EB9B->85302df8-7a7f-4077-a053-c26dc3d3d65a: receive RaftClientReply:client-C82EA620EB9B->85302df8-7a7f-4077-a053-c26dc3d3d65a@group-4701ABA8D7D0, cid=2402, SUCCESS, logIndex=4030, commits[85302df8-7a7f-4077-a053-c26dc3d3d65a:c4030]
2019-06-13 22:53:53,060 INFO  client.GrpcClientProtocolClient (GrpcClientProtocolClient.java:onNext(254)) - client-C82EA620EB9B->85302df8-7a7f-4077-a053-c26dc3d3d65a: receive RaftClientReply:client-C82EA620EB9B->85302df8-7a7f-4077-a053-c26dc3d3d65a@group-4701ABA8D7D0, cid=2403, SUCCESS, logIndex=4031, commits[85302df8-7a7f-4077-a053-c26dc3d3d65a:c4032]
2019-06-13 22:53:53,060 INFO  client.GrpcClientProtocolClient (GrpcClientProtocolClient.java:onNext(254)) - client-C82EA620EB9B->85302df8-7a7f-4077-a053-c26dc3d3d65a: receive RaftClientReply:client-C82EA620EB9B->85302df8-7a7f-4077-a053-c26dc3d3d65a@group-4701ABA8D7D0, cid=2404, SUCCESS, logIndex=4032, commits[85302df8-7a7f-4077-a053-c26dc3d3d65a:c4032]
2019-06-13 22:53:53,066 INFO  storage.RaftLogWorker (RaftLogWorker.java:rollLogSegment(303)) - 85302df8-7a7f-4077-a053-c26dc3d3d65a-RaftLogWorker: Rolling segment log-3964_4034 to index:4034
2019-06-13 22:53:53,066 INFO  storage.RaftLogWorker (RaftLogWorker.java:execute(433)) - 85302df8-7a7f-4077-a053-c26dc3d3d65a-RaftLogWorker: Rolled log segment from /opt/src/hadoop-ozone/integration-test/target/test-dir/MiniOzoneClusterImpl-550f9ca0-a6d9-4a4a-902f-f07ac81eac7b/datanode-0/data/ratis/5ad10fc2-5a33-4bdd-8958-4701aba8d7d0/current/log_inprogress_3964 to /opt/src/hadoop-ozone/integration-test/target/test-dir/MiniOzoneClusterImpl-550f9ca0-a6d9-4a4a-902f-f07ac81eac7b/datanode-0/data/ratis/5ad10fc2-5a33-4bdd-8958-4701aba8d7d0/current/log_3964-4034
2019-06-13 22:53:53,079 DEBUG block.SCMBlockDeletingService (SCMBlockDeletingService.java:call(138)) - Running DeletedBlockTransactionScanner
2019-06-13 22:53:53,079 DEBUG block.SCMBlockDeletingService (SCMBlockDeletingService.java:call(155)) - Scanned deleted blocks log and got 0 delTX to process.
2019-06-13 22:53:53,106 INFO  storage.RaftLogWorker (RaftLogWorker.java:execute(469)) - 85302df8-7a7f-4077-a053-c26dc3d3d65a-RaftLogWorker: created new log segment /opt/src/hadoop-ozone/integration-test/target/test-dir/MiniOzoneClusterImpl-550f9ca0-a6d9-4a4a-902f-f07ac81eac7b/datanode-0/data/ratis/5ad10fc2-5a33-4bdd-8958-4701aba8d7d0/current/log_inprogress_4035
2019-06-13 22:53:53,107 INFO  client.GrpcClientProtocolClient (GrpcClientProtocolClient.java:onNext(254)) - client-C82EA620EB9B->85302df8-7a7f-4077-a053-c26dc3d3d65a: receive RaftClientReply:client-C82EA620EB9B->85302df8-7a7f-4077-a053-c26dc3d3d65a@group-4701ABA8D7D0, cid=2405, SUCCESS, logIndex=4035, commits[85302df8-7a7f-4077-a053-c26dc3d3d65a:c4035]
2019-06-13 22:53:53,108 INFO  client.GrpcClientProtocolClient (GrpcClientProtocolClient.java:onNext(254)) - client-C82EA620EB9B->85302df8-7a7f-4077-a053-c26dc3d3d65a: receive RaftClientReply:client-C82EA620EB9B->85302df8-7a7f-4077-a053-c26dc3d3d65a@group-4701ABA8D7D0, cid=2406, SUCCESS, logIndex=4037, commits[85302df8-7a7f-4077-a053-c26dc3d3d65a:c4037]
2019-06-13 22:53:53,109 INFO  client.GrpcClientProtocolClient (GrpcClientProtocolClient.java:onNext(254)) - client-C82EA620EB9B->85302df8-7a7f-4077-a053-c26dc3d3d65a: receive RaftClientReply:client-C82EA620EB9B->85302df8-7a7f-4077-a053-c26dc3d3d65a@group-4701ABA8D7D0, cid=2407, SUCCESS, logIndex=4038, commits[85302df8-7a7f-4077-a053-c26dc3d3d65a:c4040]
2019-06-13 22:53:53,110 INFO  client.GrpcClientProtocolClient (GrpcClientProtocolClient.java:onNext(254)) - client-C82EA620EB9B->85302df8-7a7f-4077-a053-c26dc3d3d65a: receive RaftClientReply:client-C82EA620EB9B->85302df8-7a7f-4077-a053-c26dc3d3d65a@group-4701ABA8D7D0, cid=2408, SUCCESS, logIndex=4039, commits[85302df8-7a7f-4077-a053-c26dc3d3d65a:c4040]
2019-06-13 22:53:53,119 INFO  client.GrpcClientProtocolClient (GrpcClientProtocolClient.java:onNext(254)) - client-C82EA620EB9B->85302df8-7a7f-4077-a053-c26dc3d3d65a: receive RaftClientReply:client-C82EA620EB9B->85302df8-7a7f-4077-a053-c26dc3d3d65a@group-4701ABA8D7D0, cid=2409, SUCCESS, logIndex=4041, commits[85302df8-7a7f-4077-a053-c26dc3d3d65a:c4041]
2019-06-13 22:53:53,120 INFO  client.GrpcClientProtocolClient (GrpcClientProtocolClient.java:onNext(254)) - client-C82EA620EB9B->85302df8-7a7f-4077-a053-c26dc3d3d65a: receive RaftClientReply:client-C82EA620EB9B->85302df8-7a7f-4077-a053-c26dc3d3d65a@group-4701ABA8D7D0, cid=2410, SUCCESS, logIndex=4043, commits[85302df8-7a7f-4077-a053-c26dc3d3d65a:c4043]
2019-06-13 22:53:53,121 INFO  client.GrpcClientProtocolClient (GrpcClientProtocolClient.java:onNext(254)) - client-C82EA620EB9B->85302df8-7a7f-4077-a053-c26dc3d3d65a: receive RaftClientReply:client-C82EA620EB9B->85302df8-7a7f-4077-a053-c26dc3d3d65a@group-4701ABA8D7D0, cid=2411, SUCCESS, logIndex=4044, commits[85302df8-7a7f-4077-a053-c26dc3d3d65a:c4046]
2019-06-13 22:53:53,122 INFO  client.GrpcClientProtocolClient (GrpcClientProtocolClient.java:onNext(254)) - client-C82EA620EB9B->85302df8-7a7f-4077-a053-c26dc3d3d65a: receive RaftClientReply:client-C82EA620EB9B->85302df8-7a7f-4077-a053-c26dc3d3d65a@group-4701ABA8D7D0, cid=2412, SUCCESS, logIndex=4045, commits[85302df8-7a7f-4077-a053-c26dc3d3d65a:c4046]
2019-06-13 22:53:53,129 INFO  client.GrpcClientProtocolClient (GrpcClientProtocolClient.java:onNext(254)) - client-C82EA620EB9B->85302df8-7a7f-4077-a053-c26dc3d3d65a: receive RaftClientReply:client-C82EA620EB9B->85302df8-7a7f-4077-a053-c26dc3d3d65a@group-4701ABA8D7D0, cid=2413, SUCCESS, logIndex=4047, commits[85302df8-7a7f-4077-a053-c26dc3d3d65a:c4047]
2019-06-13 22:53:53,130 INFO  client.GrpcClientProtocolClient (GrpcClientProtocolClient.java:onNext(254)) - client-C82EA620EB9B->85302df8-7a7f-4077-a053-c26dc3d3d65a: receive RaftClientReply:client-C82EA620EB9B->85302df8-7a7f-4077-a053-c26dc3d3d65a@group-4701ABA8D7D0, cid=2414, SUCCESS, logIndex=4049, commits[85302df8-7a7f-4077-a053-c26dc3d3d65a:c4049]
2019-06-13 22:53:53,133 INFO  client.GrpcClientProtocolClient (GrpcClientProtocolClient.java:onNext(254)) - client-C82EA620EB9B->85302df8-7a7f-4077-a053-c26dc3d3d65a: receive RaftClientReply:client-C82EA620EB9B->85302df8-7a7f-4077-a053-c26dc3d3d65a@group-4701ABA8D7D0, cid=2415, SUCCESS, logIndex=4051, commits[85302df8-7a7f-4077-a053-c26dc3d3d65a:c4052]
2019-06-13 22:53:53,133 INFO  client.GrpcClientProtocolClient (GrpcClientProtocolClient.java:onNext(254)) - client-C82EA620EB9B->85302df8-7a7f-4077-a053-c26dc3d3d65a: receive RaftClientReply:client-C82EA620EB9B->85302df8-7a7f-4077-a053-c26dc3d3d65a@group-4701ABA8D7D0, cid=2416, SUCCESS, logIndex=4052, commits[85302df8-7a7f-4077-a053-c26dc3d3d65a:c4052]
2019-06-13 22:53:53,142 INFO  client.GrpcClientProtocolClient (GrpcClientProtocolClient.java:onNext(254)) - client-C82EA620EB9B->85302df8-7a7f-4077-a053-c26dc3d3d65a: receive RaftClientReply:client-C82EA620EB9B->85302df8-7a7f-4077-a053-c26dc3d3d65a@group-4701ABA8D7D0, cid=2417, SUCCESS, logIndex=4054, commits[85302df8-7a7f-4077-a053-c26dc3d3d65a:c4054]
2019-06-13 22:53:53,143 INFO  client.GrpcClientProtocolClient (GrpcClientProtocolClient.java:onNext(254)) - client-C82EA620EB9B->85302df8-7a7f-4077-a053-c26dc3d3d65a: receive RaftClientReply:client-C82EA620EB9B->85302df8-7a7f-4077-a053-c26dc3d3d65a@group-4701ABA8D7D0, cid=2418, SUCCESS, logIndex=4056, commits[85302df8-7a7f-4077-a053-c26dc3d3d65a:c4056]
2019-06-13 22:53:53,145 INFO  client.GrpcClientProtocolClient (GrpcClientProtocolClient.java:onNext(254)) - client-C82EA620EB9B->85302df8-7a7f-4077-a053-c26dc3d3d65a: receive RaftClientReply:client-C82EA620EB9B->85302df8-7a7f-4077-a053-c26dc3d3d65a@group-4701ABA8D7D0, cid=2419, SUCCESS, logIndex=4057, commits[85302df8-7a7f-4077-a053-c26dc3d3d65a:c4059]
2019-06-13 22:53:53,145 INFO  client.GrpcClientProtocolClient (GrpcClientProtocolClient.java:onNext(254)) - client-C82EA620EB9B->85302df8-7a7f-4077-a053-c26dc3d3d65a: receive RaftClientReply:client-C82EA620EB9B->85302df8-7a7f-4077-a053-c26dc3d3d65a@group-4701ABA8D7D0, cid=2420, SUCCESS, logIndex=4058, commits[85302df8-7a7f-4077-a053-c26dc3d3d65a:c4059]
2019-06-13 22:53:53,151 INFO  client.GrpcClientProtocolClient (GrpcClientProtocolClient.java:onNext(254)) - client-C82EA620EB9B->85302df8-7a7f-4077-a053-c26dc3d3d65a: receive RaftClientReply:client-C82EA620EB9B->85302df8-7a7f-4077-a053-c26dc3d3d65a@group-4701ABA8D7D0, cid=2421, SUCCESS, logIndex=4060, commits[85302df8-7a7f-4077-a053-c26dc3d3d65a:c4060]
2019-06-13 22:53:53,152 INFO  client.GrpcClientProtocolClient (GrpcClientProtocolClient.java:onNext(254)) - client-C82EA620EB9B->85302df8-7a7f-4077-a053-c26dc3d3d65a: receive RaftClientReply:client-C82EA620EB9B->85302df8-7a7f-4077-a053-c26dc3d3d65a@group-4701ABA8D7D0, cid=2422, SUCCESS, logIndex=4062, commits[85302df8-7a7f-4077-a053-c26dc3d3d65a:c4062]
2019-06-13 22:53:53,153 INFO  client.GrpcClientProtocolClient (GrpcClientProtocolClient.java:onNext(254)) - client-C82EA620EB9B->85302df8-7a7f-4077-a053-c26dc3d3d65a: receive RaftClientReply:client-C82EA620EB9B->85302df8-7a7f-4077-a053-c26dc3d3d65a@group-4701ABA8D7D0, cid=2423, SUCCESS, logIndex=4063, commits[85302df8-7a7f-4077-a053-c26dc3d3d65a:c4063]
2019-06-13 22:53:53,153 INFO  client.GrpcClientProtocolClient (GrpcClientProtocolClient.java:onNext(254)) - client-C82EA620EB9B->85302df8-7a7f-4077-a053-c26dc3d3d65a: receive RaftClientReply:client-C82EA620EB9B->85302df8-7a7f-4077-a053-c26dc3d3d65a@group-4701ABA8D7D0, cid=2424, SUCCESS, logIndex=4065, commits[85302df8-7a7f-4077-a053-c26dc3d3d65a:c4065]
2019-06-13 22:53:53,213 DEBUG block.SCMBlockDeletingService (SCMBlockDeletingService.java:call(138)) - Running DeletedBlockTransactionScanner
2019-06-13 22:53:53,214 DEBUG block.SCMBlockDeletingService (SCMBlockDeletingService.java:call(155)) - Scanned deleted blocks log and got 0 delTX to process.
2019-06-13 22:53:53,219 INFO  client.GrpcClientProtocolClient (GrpcClientProtocolClient.java:onNext(254)) - client-C82EA620EB9B->85302df8-7a7f-4077-a053-c26dc3d3d65a: receive RaftClientReply:client-C82EA620EB9B->85302df8-7a7f-4077-a053-c26dc3d3d65a@group-4701ABA8D7D0, cid=2425, SUCCESS, logIndex=4068, commits[85302df8-7a7f-4077-a053-c26dc3d3d65a:c4068]
2019-06-13 22:53:53,221 INFO  client.GrpcClientProtocolClient (GrpcClientProtocolClient.java:onNext(254)) - client-C82EA620EB9B->85302df8-7a7f-4077-a053-c26dc3d3d65a: receive RaftClientReply:client-C82EA620EB9B->85302df8-7a7f-4077-a053-c26dc3d3d65a@group-4701ABA8D7D0, cid=2426, SUCCESS, logIndex=4070, commits[85302df8-7a7f-4077-a053-c26dc3d3d65a:c4070]
2019-06-13 22:53:53,222 INFO  client.GrpcClientProtocolClient (GrpcClientProtocolClient.java:onNext(254)) - client-C82EA620EB9B->85302df8-7a7f-4077-a053-c26dc3d3d65a: receive RaftClientReply:client-C82EA620EB9B->85302df8-7a7f-4077-a053-c26dc3d3d65a@group-4701ABA8D7D0, cid=2427, SUCCESS, logIndex=4071, commits[85302df8-7a7f-4077-a053-c26dc3d3d65a:c4073]
2019-06-13 22:53:53,222 INFO  client.GrpcClientProtocolClient (GrpcClientProtocolClient.java:onNext(254)) - client-C82EA620EB9B->85302df8-7a7f-4077-a053-c26dc3d3d65a: receive RaftClientReply:client-C82EA620EB9B->85302df8-7a7f-4077-a053-c26dc3d3d65a@group-4701ABA8D7D0, cid=2428, SUCCESS, logIndex=4072, commits[85302df8-7a7f-4077-a053-c26dc3d3d65a:c4073]
2019-06-13 22:53:53,228 INFO  client.GrpcClientProtocolClient (GrpcClientProtocolClient.java:onNext(254)) - client-C82EA620EB9B->85302df8-7a7f-4077-a053-c26dc3d3d65a: receive RaftClientReply:client-C82EA620EB9B->85302df8-7a7f-4077-a053-c26dc3d3d65a@group-4701ABA8D7D0, cid=2429, SUCCESS, logIndex=4074, commits[85302df8-7a7f-4077-a053-c26dc3d3d65a:c4074]
2019-06-13 22:53:53,229 INFO  client.GrpcClientProtocolClient (GrpcClientProtocolClient.java:onNext(254)) - client-C82EA620EB9B->85302df8-7a7f-4077-a053-c26dc3d3d65a: receive RaftClientReply:client-C82EA620EB9B->85302df8-7a7f-4077-a053-c26dc3d3d65a@group-4701ABA8D7D0, cid=2430, SUCCESS, logIndex=4076, commits[85302df8-7a7f-4077-a053-c26dc3d3d65a:c4076]
2019-06-13 22:53:53,297 INFO  client.GrpcClientProtocolClient (GrpcClientProtocolClient.java:onNext(254)) - client-C82EA620EB9B->85302df8-7a7f-4077-a053-c26dc3d3d65a: receive RaftClientReply:client-C82EA620EB9B->85302df8-7a7f-4077-a053-c26dc3d3d65a@group-4701ABA8D7D0, cid=2431, SUCCESS, logIndex=4078, commits[85302df8-7a7f-4077-a053-c26dc3d3d65a:c4078]
2019-06-13 22:53:53,298 INFO  client.GrpcClientProtocolClient (GrpcClientProtocolClient.java:onNext(254)) - client-C82EA620EB9B->85302df8-7a7f-4077-a053-c26dc3d3d65a: receive RaftClientReply:client-C82EA620EB9B->85302df8-7a7f-4077-a053-c26dc3d3d65a@group-4701ABA8D7D0, cid=2432, SUCCESS, logIndex=4080, commits[85302df8-7a7f-4077-a053-c26dc3d3d65a:c4080]
2019-06-13 22:53:53,307 INFO  client.GrpcClientProtocolClient (GrpcClientProtocolClient.java:onNext(254)) - client-C82EA620EB9B->85302df8-7a7f-4077-a053-c26dc3d3d65a: receive RaftClientReply:client-C82EA620EB9B->85302df8-7a7f-4077-a053-c26dc3d3d65a@group-4701ABA8D7D0, cid=2433, SUCCESS, logIndex=4082, commits[85302df8-7a7f-4077-a053-c26dc3d3d65a:c4082]
2019-06-13 22:53:53,309 INFO  client.GrpcClientProtocolClient (GrpcClientProtocolClient.java:onNext(254)) - client-C82EA620EB9B->85302df8-7a7f-4077-a053-c26dc3d3d65a: receive RaftClientReply:client-C82EA620EB9B->85302df8-7a7f-4077-a053-c26dc3d3d65a@group-4701ABA8D7D0, cid=2434, SUCCESS, logIndex=4084, commits[85302df8-7a7f-4077-a053-c26dc3d3d65a:c4084]
2019-06-13 22:53:53,310 INFO  client.GrpcClientProtocolClient (GrpcClientProtocolClient.java:onNext(254)) - client-C82EA620EB9B->85302df8-7a7f-4077-a053-c26dc3d3d65a: receive RaftClientReply:client-C82EA620EB9B->85302df8-7a7f-4077-a053-c26dc3d3d65a@group-4701ABA8D7D0, cid=2435, SUCCESS, logIndex=4085, commits[85302df8-7a7f-4077-a053-c26dc3d3d65a:c4087]
2019-06-13 22:53:53,310 INFO  client.GrpcClientProtocolClient (GrpcClientProtocolClient.java:onNext(254)) - client-C82EA620EB9B->85302df8-7a7f-4077-a053-c26dc3d3d65a: receive RaftClientReply:client-C82EA620EB9B->85302df8-7a7f-4077-a053-c26dc3d3d65a@group-4701ABA8D7D0, cid=2436, SUCCESS, logIndex=4086, commits[85302df8-7a7f-4077-a053-c26dc3d3d65a:c4087]
2019-06-13 22:53:53,314 DEBUG block.SCMBlockDeletingService (SCMBlockDeletingService.java:call(138)) - Running DeletedBlockTransactionScanner
2019-06-13 22:53:53,314 DEBUG block.SCMBlockDeletingService (SCMBlockDeletingService.java:call(155)) - Scanned deleted blocks log and got 0 delTX to process.
2019-06-13 22:53:53,316 INFO  client.GrpcClientProtocolClient (GrpcClientProtocolClient.java:onNext(254)) - client-C82EA620EB9B->85302df8-7a7f-4077-a053-c26dc3d3d65a: receive RaftClientReply:client-C82EA620EB9B->85302df8-7a7f-4077-a053-c26dc3d3d65a@group-4701ABA8D7D0, cid=2437, SUCCESS, logIndex=4088, commits[85302df8-7a7f-4077-a053-c26dc3d3d65a:c4088]
2019-06-13 22:53:53,317 INFO  client.GrpcClientProtocolClient (GrpcClientProtocolClient.java:onNext(254)) - client-C82EA620EB9B->85302df8-7a7f-4077-a053-c26dc3d3d65a: receive RaftClientReply:client-C82EA620EB9B->85302df8-7a7f-4077-a053-c26dc3d3d65a@group-4701ABA8D7D0, cid=2438, SUCCESS, logIndex=4090, commits[85302df8-7a7f-4077-a053-c26dc3d3d65a:c4090]
2019-06-13 22:53:53,318 INFO  client.GrpcClientProtocolClient (GrpcClientProtocolClient.java:onNext(254)) - client-C82EA620EB9B->85302df8-7a7f-4077-a053-c26dc3d3d65a: receive RaftClientReply:client-C82EA620EB9B->85302df8-7a7f-4077-a053-c26dc3d3d65a@group-4701ABA8D7D0, cid=2439, SUCCESS, logIndex=4091, commits[85302df8-7a7f-4077-a053-c26dc3d3d65a:c4093]
2019-06-13 22:53:53,318 INFO  client.GrpcClientProtocolClient (GrpcClientProtocolClient.java:onNext(254)) - client-C82EA620EB9B->85302df8-7a7f-4077-a053-c26dc3d3d65a: receive RaftClientReply:client-C82EA620EB9B->85302df8-7a7f-4077-a053-c26dc3d3d65a@group-4701ABA8D7D0, cid=2440, SUCCESS, logIndex=4092, commits[85302df8-7a7f-4077-a053-c26dc3d3d65a:c4093]
2019-06-13 22:53:53,330 INFO  client.GrpcClientProtocolClient (GrpcClientProtocolClient.java:onNext(254)) - client-C82EA620EB9B->85302df8-7a7f-4077-a053-c26dc3d3d65a: receive RaftClientReply:client-C82EA620EB9B->85302df8-7a7f-4077-a053-c26dc3d3d65a@group-4701ABA8D7D0, cid=2441, SUCCESS, logIndex=4094, commits[85302df8-7a7f-4077-a053-c26dc3d3d65a:c4094]
2019-06-13 22:53:53,334 INFO  client.GrpcClientProtocolClient (GrpcClientProtocolClient.java:onNext(254)) - client-C82EA620EB9B->85302df8-7a7f-4077-a053-c26dc3d3d65a: receive RaftClientReply:client-C82EA620EB9B->85302df8-7a7f-4077-a053-c26dc3d3d65a@group-4701ABA8D7D0, cid=2442, SUCCESS, logIndex=4096, commits[85302df8-7a7f-4077-a053-c26dc3d3d65a:c4096]
2019-06-13 22:53:53,334 INFO  client.GrpcClientProtocolClient (GrpcClientProtocolClient.java:onNext(254)) - client-C82EA620EB9B->85302df8-7a7f-4077-a053-c26dc3d3d65a: receive RaftClientReply:client-C82EA620EB9B->85302df8-7a7f-4077-a053-c26dc3d3d65a@group-4701ABA8D7D0, cid=2443, SUCCESS, logIndex=4097, commits[85302df8-7a7f-4077-a053-c26dc3d3d65a:c4099]
2019-06-13 22:53:53,335 INFO  client.GrpcClientProtocolClient (GrpcClientProtocolClient.java:onNext(254)) - client-C82EA620EB9B->85302df8-7a7f-4077-a053-c26dc3d3d65a: receive RaftClientReply:client-C82EA620EB9B->85302df8-7a7f-4077-a053-c26dc3d3d65a@group-4701ABA8D7D0, cid=2444, SUCCESS, logIndex=4098, commits[85302df8-7a7f-4077-a053-c26dc3d3d65a:c4099]
2019-06-13 22:53:53,340 INFO  client.GrpcClientProtocolClient (GrpcClientProtocolClient.java:onNext(254)) - client-C82EA620EB9B->85302df8-7a7f-4077-a053-c26dc3d3d65a: receive RaftClientReply:client-C82EA620EB9B->85302df8-7a7f-4077-a053-c26dc3d3d65a@group-4701ABA8D7D0, cid=2445, SUCCESS, logIndex=4100, commits[85302df8-7a7f-4077-a053-c26dc3d3d65a:c4100]
2019-06-13 22:53:53,341 INFO  storage.RaftLogWorker (RaftLogWorker.java:rollLogSegment(303)) - 85302df8-7a7f-4077-a053-c26dc3d3d65a-RaftLogWorker: Rolling segment log-4035_4103 to index:4103
2019-06-13 22:53:53,342 INFO  storage.RaftLogWorker (RaftLogWorker.java:execute(433)) - 85302df8-7a7f-4077-a053-c26dc3d3d65a-RaftLogWorker: Rolled log segment from /opt/src/hadoop-ozone/integration-test/target/test-dir/MiniOzoneClusterImpl-550f9ca0-a6d9-4a4a-902f-f07ac81eac7b/datanode-0/data/ratis/5ad10fc2-5a33-4bdd-8958-4701aba8d7d0/current/log_inprogress_4035 to /opt/src/hadoop-ozone/integration-test/target/test-dir/MiniOzoneClusterImpl-550f9ca0-a6d9-4a4a-902f-f07ac81eac7b/datanode-0/data/ratis/5ad10fc2-5a33-4bdd-8958-4701aba8d7d0/current/log_4035-4103
2019-06-13 22:53:53,343 INFO  client.GrpcClientProtocolClient (GrpcClientProtocolClient.java:onNext(254)) - client-C82EA620EB9B->85302df8-7a7f-4077-a053-c26dc3d3d65a: receive RaftClientReply:client-C82EA620EB9B->85302df8-7a7f-4077-a053-c26dc3d3d65a@group-4701ABA8D7D0, cid=2446, SUCCESS, logIndex=4102, commits[85302df8-7a7f-4077-a053-c26dc3d3d65a:c4102]
2019-06-13 22:53:53,346 INFO  client.GrpcClientProtocolClient (GrpcClientProtocolClient.java:onNext(254)) - client-C82EA620EB9B->85302df8-7a7f-4077-a053-c26dc3d3d65a: receive RaftClientReply:client-C82EA620EB9B->85302df8-7a7f-4077-a053-c26dc3d3d65a@group-4701ABA8D7D0, cid=2447, SUCCESS, logIndex=4103, commits[85302df8-7a7f-4077-a053-c26dc3d3d65a:c4103]
2019-06-13 22:53:53,378 INFO  storage.RaftLogWorker (RaftLogWorker.java:execute(469)) - 85302df8-7a7f-4077-a053-c26dc3d3d65a-RaftLogWorker: created new log segment /opt/src/hadoop-ozone/integration-test/target/test-dir/MiniOzoneClusterImpl-550f9ca0-a6d9-4a4a-902f-f07ac81eac7b/datanode-0/data/ratis/5ad10fc2-5a33-4bdd-8958-4701aba8d7d0/current/log_inprogress_4104
2019-06-13 22:53:53,380 INFO  client.GrpcClientProtocolClient (GrpcClientProtocolClient.java:onNext(254)) - client-C82EA620EB9B->85302df8-7a7f-4077-a053-c26dc3d3d65a: receive RaftClientReply:client-C82EA620EB9B->85302df8-7a7f-4077-a053-c26dc3d3d65a@group-4701ABA8D7D0, cid=2448, SUCCESS, logIndex=4104, commits[85302df8-7a7f-4077-a053-c26dc3d3d65a:c4106]
2019-06-13 22:53:53,392 INFO  client.GrpcClientProtocolClient (GrpcClientProtocolClient.java:onNext(254)) - client-C82EA620EB9B->85302df8-7a7f-4077-a053-c26dc3d3d65a: receive RaftClientReply:client-C82EA620EB9B->85302df8-7a7f-4077-a053-c26dc3d3d65a@group-4701ABA8D7D0, cid=2449, SUCCESS, logIndex=4107, commits[85302df8-7a7f-4077-a053-c26dc3d3d65a:c4107]
2019-06-13 22:53:53,398 INFO  client.GrpcClientProtocolClient (GrpcClientProtocolClient.java:onNext(254)) - client-C82EA620EB9B->85302df8-7a7f-4077-a053-c26dc3d3d65a: receive RaftClientReply:client-C82EA620EB9B->85302df8-7a7f-4077-a053-c26dc3d3d65a@group-4701ABA8D7D0, cid=2450, SUCCESS, logIndex=4109, commits[85302df8-7a7f-4077-a053-c26dc3d3d65a:c4109]
2019-06-13 22:53:53,398 INFO  client.GrpcClientProtocolClient (GrpcClientProtocolClient.java:onNext(254)) - client-C82EA620EB9B->85302df8-7a7f-4077-a053-c26dc3d3d65a: receive RaftClientReply:client-C82EA620EB9B->85302df8-7a7f-4077-a053-c26dc3d3d65a@group-4701ABA8D7D0, cid=2451, SUCCESS, logIndex=4110, commits[85302df8-7a7f-4077-a053-c26dc3d3d65a:c4112]
2019-06-13 22:53:53,399 INFO  client.GrpcClientProtocolClient (GrpcClientProtocolClient.java:onNext(254)) - client-C82EA620EB9B->85302df8-7a7f-4077-a053-c26dc3d3d65a: receive RaftClientReply:client-C82EA620EB9B->85302df8-7a7f-4077-a053-c26dc3d3d65a@group-4701ABA8D7D0, cid=2452, SUCCESS, logIndex=4111, commits[85302df8-7a7f-4077-a053-c26dc3d3d65a:c4112]
2019-06-13 22:53:53,405 INFO  client.GrpcClientProtocolClient (GrpcClientProtocolClient.java:onNext(254)) - client-C82EA620EB9B->85302df8-7a7f-4077-a053-c26dc3d3d65a: receive RaftClientReply:client-C82EA620EB9B->85302df8-7a7f-4077-a053-c26dc3d3d65a@group-4701ABA8D7D0, cid=2453, SUCCESS, logIndex=4113, commits[85302df8-7a7f-4077-a053-c26dc3d3d65a:c4114]
2019-06-13 22:53:53,407 INFO  client.GrpcClientProtocolClient (GrpcClientProtocolClient.java:onNext(254)) - client-C82EA620EB9B->85302df8-7a7f-4077-a053-c26dc3d3d65a: receive RaftClientReply:client-C82EA620EB9B->85302df8-7a7f-4077-a053-c26dc3d3d65a@group-4701ABA8D7D0, cid=2454, SUCCESS, logIndex=4115, commits[85302df8-7a7f-4077-a053-c26dc3d3d65a:c4115]
2019-06-13 22:53:53,408 INFO  client.GrpcClientProtocolClient (GrpcClientProtocolClient.java:onNext(254)) - client-C82EA620EB9B->85302df8-7a7f-4077-a053-c26dc3d3d65a: receive RaftClientReply:client-C82EA620EB9B->85302df8-7a7f-4077-a053-c26dc3d3d65a@group-4701ABA8D7D0, cid=2455, SUCCESS, logIndex=4116, commits[85302df8-7a7f-4077-a053-c26dc3d3d65a:c4118]
2019-06-13 22:53:53,408 INFO  client.GrpcClientProtocolClient (GrpcClientProtocolClient.java:onNext(254)) - client-C82EA620EB9B->85302df8-7a7f-4077-a053-c26dc3d3d65a: receive RaftClientReply:client-C82EA620EB9B->85302df8-7a7f-4077-a053-c26dc3d3d65a@group-4701ABA8D7D0, cid=2456, SUCCESS, logIndex=4117, commits[85302df8-7a7f-4077-a053-c26dc3d3d65a:c4118]
2019-06-13 22:53:53,416 DEBUG block.SCMBlockDeletingService (SCMBlockDeletingService.java:call(138)) - Running DeletedBlockTransactionScanner
2019-06-13 22:53:53,417 DEBUG block.SCMBlockDeletingService (SCMBlockDeletingService.java:call(155)) - Scanned deleted blocks log and got 0 delTX to process.
2019-06-13 22:53:53,420 INFO  client.GrpcClientProtocolClient (GrpcClientProtocolClient.java:onNext(254)) - client-C82EA620EB9B->85302df8-7a7f-4077-a053-c26dc3d3d65a: receive RaftClientReply:client-C82EA620EB9B->85302df8-7a7f-4077-a053-c26dc3d3d65a@group-4701ABA8D7D0, cid=2457, SUCCESS, logIndex=4119, commits[85302df8-7a7f-4077-a053-c26dc3d3d65a:c4119]
2019-06-13 22:53:53,422 INFO  client.GrpcClientProtocolClient (GrpcClientProtocolClient.java:onNext(254)) - client-C82EA620EB9B->85302df8-7a7f-4077-a053-c26dc3d3d65a: receive RaftClientReply:client-C82EA620EB9B->85302df8-7a7f-4077-a053-c26dc3d3d65a@group-4701ABA8D7D0, cid=2458, SUCCESS, logIndex=4121, commits[85302df8-7a7f-4077-a053-c26dc3d3d65a:c4121]
2019-06-13 22:53:53,423 INFO  client.GrpcClientProtocolClient (GrpcClientProtocolClient.java:onNext(254)) - client-C82EA620EB9B->85302df8-7a7f-4077-a053-c26dc3d3d65a: receive RaftClientReply:client-C82EA620EB9B->85302df8-7a7f-4077-a053-c26dc3d3d65a@group-4701ABA8D7D0, cid=2459, SUCCESS, logIndex=4122, commits[85302df8-7a7f-4077-a053-c26dc3d3d65a:c4124]
2019-06-13 22:53:53,423 INFO  client.GrpcClientProtocolClient (GrpcClientProtocolClient.java:onNext(254)) - client-C82EA620EB9B->85302df8-7a7f-4077-a053-c26dc3d3d65a: receive RaftClientReply:client-C82EA620EB9B->85302df8-7a7f-4077-a053-c26dc3d3d65a@group-4701ABA8D7D0, cid=2460, SUCCESS, logIndex=4123, commits[85302df8-7a7f-4077-a053-c26dc3d3d65a:c4124]
2019-06-13 22:53:53,428 INFO  client.GrpcClientProtocolClient (GrpcClientProtocolClient.java:onNext(254)) - client-C82EA620EB9B->85302df8-7a7f-4077-a053-c26dc3d3d65a: receive RaftClientReply:client-C82EA620EB9B->85302df8-7a7f-4077-a053-c26dc3d3d65a@group-4701ABA8D7D0, cid=2461, SUCCESS, logIndex=4125, commits[85302df8-7a7f-4077-a053-c26dc3d3d65a:c4125]
2019-06-13 22:53:53,430 INFO  client.GrpcClientProtocolClient (GrpcClientProtocolClient.java:onNext(254)) - client-C82EA620EB9B->85302df8-7a7f-4077-a053-c26dc3d3d65a: receive RaftClientReply:client-C82EA620EB9B->85302df8-7a7f-4077-a053-c26dc3d3d65a@group-4701ABA8D7D0, cid=2462, SUCCESS, logIndex=4127, commits[85302df8-7a7f-4077-a053-c26dc3d3d65a:c4127]
2019-06-13 22:53:53,431 INFO  client.GrpcClientProtocolClient (GrpcClientProtocolClient.java:onNext(254)) - client-C82EA620EB9B->85302df8-7a7f-4077-a053-c26dc3d3d65a: receive RaftClientReply:client-C82EA620EB9B->85302df8-7a7f-4077-a053-c26dc3d3d65a@group-4701ABA8D7D0, cid=2463, SUCCESS, logIndex=4128, commits[85302df8-7a7f-4077-a053-c26dc3d3d65a:c4130]
2019-06-13 22:53:53,431 INFO  client.GrpcClientProtocolClient (GrpcClientProtocolClient.java:onNext(254)) - client-C82EA620EB9B->85302df8-7a7f-4077-a053-c26dc3d3d65a: receive RaftClientReply:client-C82EA620EB9B->85302df8-7a7f-4077-a053-c26dc3d3d65a@group-4701ABA8D7D0, cid=2464, SUCCESS, logIndex=4129, commits[85302df8-7a7f-4077-a053-c26dc3d3d65a:c4130]
2019-06-13 22:53:53,441 INFO  client.GrpcClientProtocolClient (GrpcClientProtocolClient.java:onNext(254)) - client-C82EA620EB9B->85302df8-7a7f-4077-a053-c26dc3d3d65a: receive RaftClientReply:client-C82EA620EB9B->85302df8-7a7f-4077-a053-c26dc3d3d65a@group-4701ABA8D7D0, cid=2465, SUCCESS, logIndex=4131, commits[85302df8-7a7f-4077-a053-c26dc3d3d65a:c4131]
2019-06-13 22:53:53,442 INFO  client.GrpcClientProtocolClient (GrpcClientProtocolClient.java:onNext(254)) - client-C82EA620EB9B->85302df8-7a7f-4077-a053-c26dc3d3d65a: receive RaftClientReply:client-C82EA620EB9B->85302df8-7a7f-4077-a053-c26dc3d3d65a@group-4701ABA8D7D0, cid=2466, SUCCESS, logIndex=4133, commits[85302df8-7a7f-4077-a053-c26dc3d3d65a:c4133]
2019-06-13 22:53:53,443 INFO  client.GrpcClientProtocolClient (GrpcClientProtocolClient.java:onNext(254)) - client-C82EA620EB9B->85302df8-7a7f-4077-a053-c26dc3d3d65a: receive RaftClientReply:client-C82EA620EB9B->85302df8-7a7f-4077-a053-c26dc3d3d65a@group-4701ABA8D7D0, cid=2467, SUCCESS, logIndex=4134, commits[85302df8-7a7f-4077-a053-c26dc3d3d65a:c4136]
2019-06-13 22:53:53,444 INFO  client.GrpcClientProtocolClient (GrpcClientProtocolClient.java:onNext(254)) - client-C82EA620EB9B->85302df8-7a7f-4077-a053-c26dc3d3d65a: receive RaftClientReply:client-C82EA620EB9B->85302df8-7a7f-4077-a053-c26dc3d3d65a@group-4701ABA8D7D0, cid=2468, SUCCESS, logIndex=4135, commits[85302df8-7a7f-4077-a053-c26dc3d3d65a:c4136]
2019-06-13 22:53:53,449 INFO  client.GrpcClientProtocolClient (GrpcClientProtocolClient.java:onNext(254)) - client-C82EA620EB9B->85302df8-7a7f-4077-a053-c26dc3d3d65a: receive RaftClientReply:client-C82EA620EB9B->85302df8-7a7f-4077-a053-c26dc3d3d65a@group-4701ABA8D7D0, cid=2469, SUCCESS, logIndex=4137, commits[85302df8-7a7f-4077-a053-c26dc3d3d65a:c4137]
2019-06-13 22:53:53,451 INFO  client.GrpcClientProtocolClient (GrpcClientProtocolClient.java:onNext(254)) - client-C82EA620EB9B->85302df8-7a7f-4077-a053-c26dc3d3d65a: receive RaftClientReply:client-C82EA620EB9B->85302df8-7a7f-4077-a053-c26dc3d3d65a@group-4701ABA8D7D0, cid=2470, SUCCESS, logIndex=4139, commits[85302df8-7a7f-4077-a053-c26dc3d3d65a:c4139]
2019-06-13 22:53:53,451 INFO  client.GrpcClientProtocolClient (GrpcClientProtocolClient.java:onNext(254)) - client-C82EA620EB9B->85302df8-7a7f-4077-a053-c26dc3d3d65a: receive RaftClientReply:client-C82EA620EB9B->85302df8-7a7f-4077-a053-c26dc3d3d65a@group-4701ABA8D7D0, cid=2471, SUCCESS, logIndex=4140, commits[85302df8-7a7f-4077-a053-c26dc3d3d65a:c4141]
2019-06-13 22:53:53,452 INFO  client.GrpcClientProtocolClient (GrpcClientProtocolClient.java:onNext(254)) - client-C82EA620EB9B->85302df8-7a7f-4077-a053-c26dc3d3d65a: receive RaftClientReply:client-C82EA620EB9B->85302df8-7a7f-4077-a053-c26dc3d3d65a@group-4701ABA8D7D0, cid=2472, SUCCESS, logIndex=4142, commits[85302df8-7a7f-4077-a053-c26dc3d3d65a:c4142]
2019-06-13 22:53:53,462 INFO  client.GrpcClientProtocolClient (GrpcClientProtocolClient.java:onNext(254)) - client-C82EA620EB9B->85302df8-7a7f-4077-a053-c26dc3d3d65a: receive RaftClientReply:client-C82EA620EB9B->85302df8-7a7f-4077-a053-c26dc3d3d65a@group-4701ABA8D7D0, cid=2473, SUCCESS, logIndex=4144, commits[85302df8-7a7f-4077-a053-c26dc3d3d65a:c4144]
2019-06-13 22:53:53,463 INFO  client.GrpcClientProtocolClient (GrpcClientProtocolClient.java:onNext(254)) - client-C82EA620EB9B->85302df8-7a7f-4077-a053-c26dc3d3d65a: receive RaftClientReply:client-C82EA620EB9B->85302df8-7a7f-4077-a053-c26dc3d3d65a@group-4701ABA8D7D0, cid=2474, SUCCESS, logIndex=4146, commits[85302df8-7a7f-4077-a053-c26dc3d3d65a:c4146]
2019-06-13 22:53:53,517 DEBUG block.SCMBlockDeletingService (SCMBlockDeletingService.java:call(138)) - Running DeletedBlockTransactionScanner
2019-06-13 22:53:53,517 DEBUG block.SCMBlockDeletingService (SCMBlockDeletingService.java:call(155)) - Scanned deleted blocks log and got 0 delTX to process.
2019-06-13 22:53:53,531 INFO  client.GrpcClientProtocolClient (GrpcClientProtocolClient.java:onNext(254)) - client-C82EA620EB9B->85302df8-7a7f-4077-a053-c26dc3d3d65a: receive RaftClientReply:client-C82EA620EB9B->85302df8-7a7f-4077-a053-c26dc3d3d65a@group-4701ABA8D7D0, cid=2475, SUCCESS, logIndex=4148, commits[85302df8-7a7f-4077-a053-c26dc3d3d65a:c4148]
2019-06-13 22:53:53,532 INFO  client.GrpcClientProtocolClient (GrpcClientProtocolClient.java:onNext(254)) - client-C82EA620EB9B->85302df8-7a7f-4077-a053-c26dc3d3d65a: receive RaftClientReply:client-C82EA620EB9B->85302df8-7a7f-4077-a053-c26dc3d3d65a@group-4701ABA8D7D0, cid=2476, SUCCESS, logIndex=4150, commits[85302df8-7a7f-4077-a053-c26dc3d3d65a:c4150]
2019-06-13 22:53:53,537 INFO  client.GrpcClientProtocolClient (GrpcClientProtocolClient.java:onNext(254)) - client-C82EA620EB9B->85302df8-7a7f-4077-a053-c26dc3d3d65a: receive RaftClientReply:client-C82EA620EB9B->85302df8-7a7f-4077-a053-c26dc3d3d65a@group-4701ABA8D7D0, cid=2477, SUCCESS, logIndex=4152, commits[85302df8-7a7f-4077-a053-c26dc3d3d65a:c4152]
2019-06-13 22:53:53,538 INFO  client.GrpcClientProtocolClient (GrpcClientProtocolClient.java:onNext(254)) - client-C82EA620EB9B->85302df8-7a7f-4077-a053-c26dc3d3d65a: receive RaftClientReply:client-C82EA620EB9B->85302df8-7a7f-4077-a053-c26dc3d3d65a@group-4701ABA8D7D0, cid=2478, SUCCESS, logIndex=4154, commits[85302df8-7a7f-4077-a053-c26dc3d3d65a:c4154]
2019-06-13 22:53:53,540 INFO  client.GrpcClientProtocolClient (GrpcClientProtocolClient.java:onNext(254)) - client-C82EA620EB9B->85302df8-7a7f-4077-a053-c26dc3d3d65a: receive RaftClientReply:client-C82EA620EB9B->85302df8-7a7f-4077-a053-c26dc3d3d65a@group-4701ABA8D7D0, cid=2479, SUCCESS, logIndex=4155, commits[85302df8-7a7f-4077-a053-c26dc3d3d65a:c4157]
2019-06-13 22:53:53,540 INFO  client.GrpcClientProtocolClient (GrpcClientProtocolClient.java:onNext(254)) - client-C82EA620EB9B->85302df8-7a7f-4077-a053-c26dc3d3d65a: receive RaftClientReply:client-C82EA620EB9B->85302df8-7a7f-4077-a053-c26dc3d3d65a@group-4701ABA8D7D0, cid=2480, SUCCESS, logIndex=4156, commits[85302df8-7a7f-4077-a053-c26dc3d3d65a:c4157]
2019-06-13 22:53:53,550 INFO  client.GrpcClientProtocolClient (GrpcClientProtocolClient.java:onNext(254)) - client-C82EA620EB9B->85302df8-7a7f-4077-a053-c26dc3d3d65a: receive RaftClientReply:client-C82EA620EB9B->85302df8-7a7f-4077-a053-c26dc3d3d65a@group-4701ABA8D7D0, cid=2481, SUCCESS, logIndex=4158, commits[85302df8-7a7f-4077-a053-c26dc3d3d65a:c4158]
2019-06-13 22:53:53,552 INFO  client.GrpcClientProtocolClient (GrpcClientProtocolClient.java:onNext(254)) - client-C82EA620EB9B->85302df8-7a7f-4077-a053-c26dc3d3d65a: receive RaftClientReply:client-C82EA620EB9B->85302df8-7a7f-4077-a053-c26dc3d3d65a@group-4701ABA8D7D0, cid=2482, SUCCESS, logIndex=4160, commits[85302df8-7a7f-4077-a053-c26dc3d3d65a:c4160]
2019-06-13 22:53:53,553 INFO  client.GrpcClientProtocolClient (GrpcClientProtocolClient.java:onNext(254)) - client-C82EA620EB9B->85302df8-7a7f-4077-a053-c26dc3d3d65a: receive RaftClientReply:client-C82EA620EB9B->85302df8-7a7f-4077-a053-c26dc3d3d65a@group-4701ABA8D7D0, cid=2483, SUCCESS, logIndex=4161, commits[85302df8-7a7f-4077-a053-c26dc3d3d65a:c4162]
2019-06-13 22:53:53,553 INFO  client.GrpcClientProtocolClient (GrpcClientProtocolClient.java:onNext(254)) - client-C82EA620EB9B->85302df8-7a7f-4077-a053-c26dc3d3d65a: receive RaftClientReply:client-C82EA620EB9B->85302df8-7a7f-4077-a053-c26dc3d3d65a@group-4701ABA8D7D0, cid=2484, SUCCESS, logIndex=4162, commits[85302df8-7a7f-4077-a053-c26dc3d3d65a:c4162]
2019-06-13 22:53:53,558 INFO  client.GrpcClientProtocolClient (GrpcClientProtocolClient.java:onNext(254)) - client-C82EA620EB9B->85302df8-7a7f-4077-a053-c26dc3d3d65a: receive RaftClientReply:client-C82EA620EB9B->85302df8-7a7f-4077-a053-c26dc3d3d65a@group-4701ABA8D7D0, cid=2485, SUCCESS, logIndex=4165, commits[85302df8-7a7f-4077-a053-c26dc3d3d65a:c4165]
2019-06-13 22:53:53,559 INFO  client.GrpcClientProtocolClient (GrpcClientProtocolClient.java:onNext(254)) - client-C82EA620EB9B->85302df8-7a7f-4077-a053-c26dc3d3d65a: receive RaftClientReply:client-C82EA620EB9B->85302df8-7a7f-4077-a053-c26dc3d3d65a@group-4701ABA8D7D0, cid=2486, SUCCESS, logIndex=4167, commits[85302df8-7a7f-4077-a053-c26dc3d3d65a:c4167]
2019-06-13 22:53:53,567 INFO  client.GrpcClientProtocolClient (GrpcClientProtocolClient.java:onNext(254)) - client-C82EA620EB9B->85302df8-7a7f-4077-a053-c26dc3d3d65a: receive RaftClientReply:client-C82EA620EB9B->85302df8-7a7f-4077-a053-c26dc3d3d65a@group-4701ABA8D7D0, cid=2487, SUCCESS, logIndex=4169, commits[85302df8-7a7f-4077-a053-c26dc3d3d65a:c4169]
2019-06-13 22:53:53,569 INFO  client.GrpcClientProtocolClient (GrpcClientProtocolClient.java:onNext(254)) - client-C82EA620EB9B->85302df8-7a7f-4077-a053-c26dc3d3d65a: receive RaftClientReply:client-C82EA620EB9B->85302df8-7a7f-4077-a053-c26dc3d3d65a@group-4701ABA8D7D0, cid=2488, SUCCESS, logIndex=4171, commits[85302df8-7a7f-4077-a053-c26dc3d3d65a:c4171]
2019-06-13 22:53:53,581 INFO  client.GrpcClientProtocolClient (GrpcClientProtocolClient.java:onNext(254)) - client-C82EA620EB9B->85302df8-7a7f-4077-a053-c26dc3d3d65a: receive RaftClientReply:client-C82EA620EB9B->85302df8-7a7f-4077-a053-c26dc3d3d65a@group-4701ABA8D7D0, cid=2489, SUCCESS, logIndex=4173, commits[85302df8-7a7f-4077-a053-c26dc3d3d65a:c4173]
2019-06-13 22:53:53,581 INFO  storage.RaftLogWorker (RaftLogWorker.java:rollLogSegment(303)) - 85302df8-7a7f-4077-a053-c26dc3d3d65a-RaftLogWorker: Rolling segment log-4104_4175 to index:4175
2019-06-13 22:53:53,581 INFO  storage.RaftLogWorker (RaftLogWorker.java:execute(433)) - 85302df8-7a7f-4077-a053-c26dc3d3d65a-RaftLogWorker: Rolled log segment from /opt/src/hadoop-ozone/integration-test/target/test-dir/MiniOzoneClusterImpl-550f9ca0-a6d9-4a4a-902f-f07ac81eac7b/datanode-0/data/ratis/5ad10fc2-5a33-4bdd-8958-4701aba8d7d0/current/log_inprogress_4104 to /opt/src/hadoop-ozone/integration-test/target/test-dir/MiniOzoneClusterImpl-550f9ca0-a6d9-4a4a-902f-f07ac81eac7b/datanode-0/data/ratis/5ad10fc2-5a33-4bdd-8958-4701aba8d7d0/current/log_4104-4175
2019-06-13 22:53:53,583 INFO  client.GrpcClientProtocolClient (GrpcClientProtocolClient.java:onNext(254)) - client-C82EA620EB9B->85302df8-7a7f-4077-a053-c26dc3d3d65a: receive RaftClientReply:client-C82EA620EB9B->85302df8-7a7f-4077-a053-c26dc3d3d65a@group-4701ABA8D7D0, cid=2490, SUCCESS, logIndex=4175, commits[85302df8-7a7f-4077-a053-c26dc3d3d65a:c4175]
2019-06-13 22:53:53,617 DEBUG block.SCMBlockDeletingService (SCMBlockDeletingService.java:call(138)) - Running DeletedBlockTransactionScanner
2019-06-13 22:53:53,618 DEBUG block.SCMBlockDeletingService (SCMBlockDeletingService.java:call(155)) - Scanned deleted blocks log and got 0 delTX to process.
2019-06-13 22:53:53,618 INFO  storage.RaftLogWorker (RaftLogWorker.java:execute(469)) - 85302df8-7a7f-4077-a053-c26dc3d3d65a-RaftLogWorker: created new log segment /opt/src/hadoop-ozone/integration-test/target/test-dir/MiniOzoneClusterImpl-550f9ca0-a6d9-4a4a-902f-f07ac81eac7b/datanode-0/data/ratis/5ad10fc2-5a33-4bdd-8958-4701aba8d7d0/current/log_inprogress_4176
2019-06-13 22:53:53,619 INFO  client.GrpcClientProtocolClient (GrpcClientProtocolClient.java:onNext(254)) - client-C82EA620EB9B->85302df8-7a7f-4077-a053-c26dc3d3d65a: receive RaftClientReply:client-C82EA620EB9B->85302df8-7a7f-4077-a053-c26dc3d3d65a@group-4701ABA8D7D0, cid=2491, SUCCESS, logIndex=4176, commits[85302df8-7a7f-4077-a053-c26dc3d3d65a:c4178]
2019-06-13 22:53:53,619 INFO  client.GrpcClientProtocolClient (GrpcClientProtocolClient.java:onNext(254)) - client-C82EA620EB9B->85302df8-7a7f-4077-a053-c26dc3d3d65a: receive RaftClientReply:client-C82EA620EB9B->85302df8-7a7f-4077-a053-c26dc3d3d65a@group-4701ABA8D7D0, cid=2492, SUCCESS, logIndex=4177, commits[85302df8-7a7f-4077-a053-c26dc3d3d65a:c4178]
2019-06-13 22:53:53,625 INFO  client.GrpcClientProtocolClient (GrpcClientProtocolClient.java:onNext(254)) - client-C82EA620EB9B->85302df8-7a7f-4077-a053-c26dc3d3d65a: receive RaftClientReply:client-C82EA620EB9B->85302df8-7a7f-4077-a053-c26dc3d3d65a@group-4701ABA8D7D0, cid=2493, SUCCESS, logIndex=4179, commits[85302df8-7a7f-4077-a053-c26dc3d3d65a:c4179]
2019-06-13 22:53:53,626 INFO  client.GrpcClientProtocolClient (GrpcClientProtocolClient.java:onNext(254)) - client-C82EA620EB9B->85302df8-7a7f-4077-a053-c26dc3d3d65a: receive RaftClientReply:client-C82EA620EB9B->85302df8-7a7f-4077-a053-c26dc3d3d65a@group-4701ABA8D7D0, cid=2494, SUCCESS, logIndex=4181, commits[85302df8-7a7f-4077-a053-c26dc3d3d65a:c4181]
2019-06-13 22:53:53,627 INFO  client.GrpcClientProtocolClient (GrpcClientProtocolClient.java:onNext(254)) - client-C82EA620EB9B->85302df8-7a7f-4077-a053-c26dc3d3d65a: receive RaftClientReply:client-C82EA620EB9B->85302df8-7a7f-4077-a053-c26dc3d3d65a@group-4701ABA8D7D0, cid=2495, SUCCESS, logIndex=4182, commits[85302df8-7a7f-4077-a053-c26dc3d3d65a:c4184]
2019-06-13 22:53:53,628 INFO  client.GrpcClientProtocolClient (GrpcClientProtocolClient.java:onNext(254)) - client-C82EA620EB9B->85302df8-7a7f-4077-a053-c26dc3d3d65a: receive RaftClientReply:client-C82EA620EB9B->85302df8-7a7f-4077-a053-c26dc3d3d65a@group-4701ABA8D7D0, cid=2496, SUCCESS, logIndex=4183, commits[85302df8-7a7f-4077-a053-c26dc3d3d65a:c4184]
2019-06-13 22:53:53,679 INFO  client.GrpcClientProtocolClient (GrpcClientProtocolClient.java:onNext(254)) - client-C82EA620EB9B->85302df8-7a7f-4077-a053-c26dc3d3d65a: receive RaftClientReply:client-C82EA620EB9B->85302df8-7a7f-4077-a053-c26dc3d3d65a@group-4701ABA8D7D0, cid=2497, SUCCESS, logIndex=4185, commits[85302df8-7a7f-4077-a053-c26dc3d3d65a:c4185]
2019-06-13 22:53:53,680 INFO  client.GrpcClientProtocolClient (GrpcClientProtocolClient.java:onNext(254)) - client-C82EA620EB9B->85302df8-7a7f-4077-a053-c26dc3d3d65a: receive RaftClientReply:client-C82EA620EB9B->85302df8-7a7f-4077-a053-c26dc3d3d65a@group-4701ABA8D7D0, cid=2498, SUCCESS, logIndex=4187, commits[85302df8-7a7f-4077-a053-c26dc3d3d65a:c4187]
2019-06-13 22:53:53,681 INFO  client.GrpcClientProtocolClient (GrpcClientProtocolClient.java:onNext(254)) - client-C82EA620EB9B->85302df8-7a7f-4077-a053-c26dc3d3d65a: receive RaftClientReply:client-C82EA620EB9B->85302df8-7a7f-4077-a053-c26dc3d3d65a@group-4701ABA8D7D0, cid=2499, SUCCESS, logIndex=4188, commits[85302df8-7a7f-4077-a053-c26dc3d3d65a:c4190]
2019-06-13 22:53:53,681 INFO  client.GrpcClientProtocolClient (GrpcClientProtocolClient.java:onNext(254)) - client-C82EA620EB9B->85302df8-7a7f-4077-a053-c26dc3d3d65a: receive RaftClientReply:client-C82EA620EB9B->85302df8-7a7f-4077-a053-c26dc3d3d65a@group-4701ABA8D7D0, cid=2500, SUCCESS, logIndex=4189, commits[85302df8-7a7f-4077-a053-c26dc3d3d65a:c4190]
2019-06-13 22:53:53,686 INFO  client.GrpcClientProtocolClient (GrpcClientProtocolClient.java:onNext(254)) - client-C82EA620EB9B->85302df8-7a7f-4077-a053-c26dc3d3d65a: receive RaftClientReply:client-C82EA620EB9B->85302df8-7a7f-4077-a053-c26dc3d3d65a@group-4701ABA8D7D0, cid=2501, SUCCESS, logIndex=4191, commits[85302df8-7a7f-4077-a053-c26dc3d3d65a:c4191]
2019-06-13 22:53:53,693 INFO  client.GrpcClientProtocolClient (GrpcClientProtocolClient.java:onNext(254)) - client-C82EA620EB9B->85302df8-7a7f-4077-a053-c26dc3d3d65a: receive RaftClientReply:client-C82EA620EB9B->85302df8-7a7f-4077-a053-c26dc3d3d65a@group-4701ABA8D7D0, cid=2502, SUCCESS, logIndex=4193, commits[85302df8-7a7f-4077-a053-c26dc3d3d65a:c4193]
2019-06-13 22:53:53,694 INFO  client.GrpcClientProtocolClient (GrpcClientProtocolClient.java:onNext(254)) - client-C82EA620EB9B->85302df8-7a7f-4077-a053-c26dc3d3d65a: receive RaftClientReply:client-C82EA620EB9B->85302df8-7a7f-4077-a053-c26dc3d3d65a@group-4701ABA8D7D0, cid=2503, SUCCESS, logIndex=4194, commits[85302df8-7a7f-4077-a053-c26dc3d3d65a:c4196]
2019-06-13 22:53:53,694 INFO  client.GrpcClientProtocolClient (GrpcClientProtocolClient.java:onNext(254)) - client-C82EA620EB9B->85302df8-7a7f-4077-a053-c26dc3d3d65a: receive RaftClientReply:client-C82EA620EB9B->85302df8-7a7f-4077-a053-c26dc3d3d65a@group-4701ABA8D7D0, cid=2504, SUCCESS, logIndex=4195, commits[85302df8-7a7f-4077-a053-c26dc3d3d65a:c4196]
2019-06-13 22:53:53,706 INFO  client.GrpcClientProtocolClient (GrpcClientProtocolClient.java:onNext(254)) - client-C82EA620EB9B->85302df8-7a7f-4077-a053-c26dc3d3d65a: receive RaftClientReply:client-C82EA620EB9B->85302df8-7a7f-4077-a053-c26dc3d3d65a@group-4701ABA8D7D0, cid=2505, SUCCESS, logIndex=4197, commits[85302df8-7a7f-4077-a053-c26dc3d3d65a:c4197]
2019-06-13 22:53:53,708 INFO  client.GrpcClientProtocolClient (GrpcClientProtocolClient.java:onNext(254)) - client-C82EA620EB9B->85302df8-7a7f-4077-a053-c26dc3d3d65a: receive RaftClientReply:client-C82EA620EB9B->85302df8-7a7f-4077-a053-c26dc3d3d65a@group-4701ABA8D7D0, cid=2506, SUCCESS, logIndex=4199, commits[85302df8-7a7f-4077-a053-c26dc3d3d65a:c4199]
2019-06-13 22:53:53,708 INFO  client.GrpcClientProtocolClient (GrpcClientProtocolClient.java:onNext(254)) - client-C82EA620EB9B->85302df8-7a7f-4077-a053-c26dc3d3d65a: receive RaftClientReply:client-C82EA620EB9B->85302df8-7a7f-4077-a053-c26dc3d3d65a@group-4701ABA8D7D0, cid=2507, SUCCESS, logIndex=4200, commits[85302df8-7a7f-4077-a053-c26dc3d3d65a:c4200]
2019-06-13 22:53:53,709 INFO  client.GrpcClientProtocolClient (GrpcClientProtocolClient.java:onNext(254)) - client-C82EA620EB9B->85302df8-7a7f-4077-a053-c26dc3d3d65a: receive RaftClientReply:client-C82EA620EB9B->85302df8-7a7f-4077-a053-c26dc3d3d65a@group-4701ABA8D7D0, cid=2508, SUCCESS, logIndex=4202, commits[85302df8-7a7f-4077-a053-c26dc3d3d65a:c4202]
2019-06-13 22:53:53,714 INFO  client.GrpcClientProtocolClient (GrpcClientProtocolClient.java:onNext(254)) - client-C82EA620EB9B->85302df8-7a7f-4077-a053-c26dc3d3d65a: receive RaftClientReply:client-C82EA620EB9B->85302df8-7a7f-4077-a053-c26dc3d3d65a@group-4701ABA8D7D0, cid=2509, SUCCESS, logIndex=4205, commits[85302df8-7a7f-4077-a053-c26dc3d3d65a:c4205]
2019-06-13 22:53:53,716 INFO  client.GrpcClientProtocolClient (GrpcClientProtocolClient.java:onNext(254)) - client-C82EA620EB9B->85302df8-7a7f-4077-a053-c26dc3d3d65a: receive RaftClientReply:client-C82EA620EB9B->85302df8-7a7f-4077-a053-c26dc3d3d65a@group-4701ABA8D7D0, cid=2510, SUCCESS, logIndex=4207, commits[85302df8-7a7f-4077-a053-c26dc3d3d65a:c4207]
2019-06-13 22:53:53,717 INFO  client.GrpcClientProtocolClient (GrpcClientProtocolClient.java:onNext(254)) - client-C82EA620EB9B->85302df8-7a7f-4077-a053-c26dc3d3d65a: receive RaftClientReply:client-C82EA620EB9B->85302df8-7a7f-4077-a053-c26dc3d3d65a@group-4701ABA8D7D0, cid=2511, SUCCESS, logIndex=4208, commits[85302df8-7a7f-4077-a053-c26dc3d3d65a:c4210]
2019-06-13 22:53:53,717 INFO  client.GrpcClientProtocolClient (GrpcClientProtocolClient.java:onNext(254)) - client-C82EA620EB9B->85302df8-7a7f-4077-a053-c26dc3d3d65a: receive RaftClientReply:client-C82EA620EB9B->85302df8-7a7f-4077-a053-c26dc3d3d65a@group-4701ABA8D7D0, cid=2512, SUCCESS, logIndex=4209, commits[85302df8-7a7f-4077-a053-c26dc3d3d65a:c4210]
2019-06-13 22:53:53,721 DEBUG block.SCMBlockDeletingService (SCMBlockDeletingService.java:call(138)) - Running DeletedBlockTransactionScanner
2019-06-13 22:53:53,721 DEBUG block.SCMBlockDeletingService (SCMBlockDeletingService.java:call(155)) - Scanned deleted blocks log and got 0 delTX to process.
2019-06-13 22:53:53,728 INFO  client.GrpcClientProtocolClient (GrpcClientProtocolClient.java:onNext(254)) - client-C82EA620EB9B->85302df8-7a7f-4077-a053-c26dc3d3d65a: receive RaftClientReply:client-C82EA620EB9B->85302df8-7a7f-4077-a053-c26dc3d3d65a@group-4701ABA8D7D0, cid=2513, SUCCESS, logIndex=4211, commits[85302df8-7a7f-4077-a053-c26dc3d3d65a:c4211]
2019-06-13 22:53:53,730 INFO  client.GrpcClientProtocolClient (GrpcClientProtocolClient.java:onNext(254)) - client-C82EA620EB9B->85302df8-7a7f-4077-a053-c26dc3d3d65a: receive RaftClientReply:client-C82EA620EB9B->85302df8-7a7f-4077-a053-c26dc3d3d65a@group-4701ABA8D7D0, cid=2514, SUCCESS, logIndex=4213, commits[85302df8-7a7f-4077-a053-c26dc3d3d65a:c4213]
2019-06-13 22:53:53,731 INFO  client.GrpcClientProtocolClient (GrpcClientProtocolClient.java:onNext(254)) - client-C82EA620EB9B->85302df8-7a7f-4077-a053-c26dc3d3d65a: receive RaftClientReply:client-C82EA620EB9B->85302df8-7a7f-4077-a053-c26dc3d3d65a@group-4701ABA8D7D0, cid=2515, SUCCESS, logIndex=4214, commits[85302df8-7a7f-4077-a053-c26dc3d3d65a:c4216]
2019-06-13 22:53:53,731 INFO  client.GrpcClientProtocolClient (GrpcClientProtocolClient.java:onNext(254)) - client-C82EA620EB9B->85302df8-7a7f-4077-a053-c26dc3d3d65a: receive RaftClientReply:client-C82EA620EB9B->85302df8-7a7f-4077-a053-c26dc3d3d65a@group-4701ABA8D7D0, cid=2516, SUCCESS, logIndex=4215, commits[85302df8-7a7f-4077-a053-c26dc3d3d65a:c4216]
2019-06-13 22:53:53,737 INFO  client.GrpcClientProtocolClient (GrpcClientProtocolClient.java:onNext(254)) - client-C82EA620EB9B->85302df8-7a7f-4077-a053-c26dc3d3d65a: receive RaftClientReply:client-C82EA620EB9B->85302df8-7a7f-4077-a053-c26dc3d3d65a@group-4701ABA8D7D0, cid=2517, SUCCESS, logIndex=4217, commits[85302df8-7a7f-4077-a053-c26dc3d3d65a:c4217]
2019-06-13 22:53:53,738 INFO  client.GrpcClientProtocolClient (GrpcClientProtocolClient.java:onNext(254)) - client-C82EA620EB9B->85302df8-7a7f-4077-a053-c26dc3d3d65a: receive RaftClientReply:client-C82EA620EB9B->85302df8-7a7f-4077-a053-c26dc3d3d65a@group-4701ABA8D7D0, cid=2518, SUCCESS, logIndex=4219, commits[85302df8-7a7f-4077-a053-c26dc3d3d65a:c4219]
2019-06-13 22:53:53,740 INFO  client.GrpcClientProtocolClient (GrpcClientProtocolClient.java:onNext(254)) - client-C82EA620EB9B->85302df8-7a7f-4077-a053-c26dc3d3d65a: receive RaftClientReply:client-C82EA620EB9B->85302df8-7a7f-4077-a053-c26dc3d3d65a@group-4701ABA8D7D0, cid=2519, SUCCESS, logIndex=4220, commits[85302df8-7a7f-4077-a053-c26dc3d3d65a:c4222]
2019-06-13 22:53:53,740 INFO  client.GrpcClientProtocolClient (GrpcClientProtocolClient.java:onNext(254)) - client-C82EA620EB9B->85302df8-7a7f-4077-a053-c26dc3d3d65a: receive RaftClientReply:client-C82EA620EB9B->85302df8-7a7f-4077-a053-c26dc3d3d65a@group-4701ABA8D7D0, cid=2520, SUCCESS, logIndex=4221, commits[85302df8-7a7f-4077-a053-c26dc3d3d65a:c4222]
2019-06-13 22:53:53,817 INFO  client.GrpcClientProtocolClient (GrpcClientProtocolClient.java:onNext(254)) - client-C82EA620EB9B->85302df8-7a7f-4077-a053-c26dc3d3d65a: receive RaftClientReply:client-C82EA620EB9B->85302df8-7a7f-4077-a053-c26dc3d3d65a@group-4701ABA8D7D0, cid=2521, SUCCESS, logIndex=4223, commits[85302df8-7a7f-4077-a053-c26dc3d3d65a:c4223]
2019-06-13 22:53:53,819 INFO  client.GrpcClientProtocolClient (GrpcClientProtocolClient.java:onNext(254)) - client-C82EA620EB9B->85302df8-7a7f-4077-a053-c26dc3d3d65a: receive RaftClientReply:client-C82EA620EB9B->85302df8-7a7f-4077-a053-c26dc3d3d65a@group-4701ABA8D7D0, cid=2522, SUCCESS, logIndex=4225, commits[85302df8-7a7f-4077-a053-c26dc3d3d65a:c4225]
2019-06-13 22:53:53,820 INFO  client.GrpcClientProtocolClient (GrpcClientProtocolClient.java:onNext(254)) - client-C82EA620EB9B->85302df8-7a7f-4077-a053-c26dc3d3d65a: receive RaftClientReply:client-C82EA620EB9B->85302df8-7a7f-4077-a053-c26dc3d3d65a@group-4701ABA8D7D0, cid=2523, SUCCESS, logIndex=4226, commits[85302df8-7a7f-4077-a053-c26dc3d3d65a:c4228]
2019-06-13 22:53:53,820 INFO  client.GrpcClientProtocolClient (GrpcClientProtocolClient.java:onNext(254)) - client-C82EA620EB9B->85302df8-7a7f-4077-a053-c26dc3d3d65a: receive RaftClientReply:client-C82EA620EB9B->85302df8-7a7f-4077-a053-c26dc3d3d65a@group-4701ABA8D7D0, cid=2524, SUCCESS, logIndex=4227, commits[85302df8-7a7f-4077-a053-c26dc3d3d65a:c4228]
2019-06-13 22:53:53,822 DEBUG block.SCMBlockDeletingService (SCMBlockDeletingService.java:call(138)) - Running DeletedBlockTransactionScanner
2019-06-13 22:53:53,822 DEBUG block.SCMBlockDeletingService (SCMBlockDeletingService.java:call(155)) - Scanned deleted blocks log and got 0 delTX to process.
2019-06-13 22:53:53,828 INFO  client.GrpcClientProtocolClient (GrpcClientProtocolClient.java:onNext(254)) - client-C82EA620EB9B->85302df8-7a7f-4077-a053-c26dc3d3d65a: receive RaftClientReply:client-C82EA620EB9B->85302df8-7a7f-4077-a053-c26dc3d3d65a@group-4701ABA8D7D0, cid=2525, SUCCESS, logIndex=4229, commits[85302df8-7a7f-4077-a053-c26dc3d3d65a:c4229]
2019-06-13 22:53:53,830 INFO  client.GrpcClientProtocolClient (GrpcClientProtocolClient.java:onNext(254)) - client-C82EA620EB9B->85302df8-7a7f-4077-a053-c26dc3d3d65a: receive RaftClientReply:client-C82EA620EB9B->85302df8-7a7f-4077-a053-c26dc3d3d65a@group-4701ABA8D7D0, cid=2526, SUCCESS, logIndex=4231, commits[85302df8-7a7f-4077-a053-c26dc3d3d65a:c4231]
2019-06-13 22:53:53,831 INFO  client.GrpcClientProtocolClient (GrpcClientProtocolClient.java:onNext(254)) - client-C82EA620EB9B->85302df8-7a7f-4077-a053-c26dc3d3d65a: receive RaftClientReply:client-C82EA620EB9B->85302df8-7a7f-4077-a053-c26dc3d3d65a@group-4701ABA8D7D0, cid=2527, SUCCESS, logIndex=4232, commits[85302df8-7a7f-4077-a053-c26dc3d3d65a:c4234]
2019-06-13 22:53:53,831 INFO  client.GrpcClientProtocolClient (GrpcClientProtocolClient.java:onNext(254)) - client-C82EA620EB9B->85302df8-7a7f-4077-a053-c26dc3d3d65a: receive RaftClientReply:client-C82EA620EB9B->85302df8-7a7f-4077-a053-c26dc3d3d65a@group-4701ABA8D7D0, cid=2528, SUCCESS, logIndex=4233, commits[85302df8-7a7f-4077-a053-c26dc3d3d65a:c4234]
2019-06-13 22:53:53,841 INFO  client.GrpcClientProtocolClient (GrpcClientProtocolClient.java:onNext(254)) - client-C82EA620EB9B->85302df8-7a7f-4077-a053-c26dc3d3d65a: receive RaftClientReply:client-C82EA620EB9B->85302df8-7a7f-4077-a053-c26dc3d3d65a@group-4701ABA8D7D0, cid=2529, SUCCESS, logIndex=4235, commits[85302df8-7a7f-4077-a053-c26dc3d3d65a:c4235]
2019-06-13 22:53:53,843 INFO  client.GrpcClientProtocolClient (GrpcClientProtocolClient.java:onNext(254)) - client-C82EA620EB9B->85302df8-7a7f-4077-a053-c26dc3d3d65a: receive RaftClientReply:client-C82EA620EB9B->85302df8-7a7f-4077-a053-c26dc3d3d65a@group-4701ABA8D7D0, cid=2530, SUCCESS, logIndex=4237, commits[85302df8-7a7f-4077-a053-c26dc3d3d65a:c4237]
2019-06-13 22:53:53,844 INFO  client.GrpcClientProtocolClient (GrpcClientProtocolClient.java:onNext(254)) - client-C82EA620EB9B->85302df8-7a7f-4077-a053-c26dc3d3d65a: receive RaftClientReply:client-C82EA620EB9B->85302df8-7a7f-4077-a053-c26dc3d3d65a@group-4701ABA8D7D0, cid=2531, SUCCESS, logIndex=4238, commits[85302df8-7a7f-4077-a053-c26dc3d3d65a:c4240]
2019-06-13 22:53:53,844 INFO  client.GrpcClientProtocolClient (GrpcClientProtocolClient.java:onNext(254)) - client-C82EA620EB9B->85302df8-7a7f-4077-a053-c26dc3d3d65a: receive RaftClientReply:client-C82EA620EB9B->85302df8-7a7f-4077-a053-c26dc3d3d65a@group-4701ABA8D7D0, cid=2532, SUCCESS, logIndex=4239, commits[85302df8-7a7f-4077-a053-c26dc3d3d65a:c4240]
2019-06-13 22:53:53,850 INFO  client.GrpcClientProtocolClient (GrpcClientProtocolClient.java:onNext(254)) - client-C82EA620EB9B->85302df8-7a7f-4077-a053-c26dc3d3d65a: receive RaftClientReply:client-C82EA620EB9B->85302df8-7a7f-4077-a053-c26dc3d3d65a@group-4701ABA8D7D0, cid=2533, SUCCESS, logIndex=4241, commits[85302df8-7a7f-4077-a053-c26dc3d3d65a:c4241]
2019-06-13 22:53:53,850 INFO  storage.RaftLogWorker (RaftLogWorker.java:rollLogSegment(303)) - 85302df8-7a7f-4077-a053-c26dc3d3d65a-RaftLogWorker: Rolling segment log-4176_4242 to index:4242
2019-06-13 22:53:53,850 INFO  storage.RaftLogWorker (RaftLogWorker.java:execute(433)) - 85302df8-7a7f-4077-a053-c26dc3d3d65a-RaftLogWorker: Rolled log segment from /opt/src/hadoop-ozone/integration-test/target/test-dir/MiniOzoneClusterImpl-550f9ca0-a6d9-4a4a-902f-f07ac81eac7b/datanode-0/data/ratis/5ad10fc2-5a33-4bdd-8958-4701aba8d7d0/current/log_inprogress_4176 to /opt/src/hadoop-ozone/integration-test/target/test-dir/MiniOzoneClusterImpl-550f9ca0-a6d9-4a4a-902f-f07ac81eac7b/datanode-0/data/ratis/5ad10fc2-5a33-4bdd-8958-4701aba8d7d0/current/log_4176-4242
2019-06-13 22:53:53,886 INFO  storage.RaftLogWorker (RaftLogWorker.java:execute(469)) - 85302df8-7a7f-4077-a053-c26dc3d3d65a-RaftLogWorker: created new log segment /opt/src/hadoop-ozone/integration-test/target/test-dir/MiniOzoneClusterImpl-550f9ca0-a6d9-4a4a-902f-f07ac81eac7b/datanode-0/data/ratis/5ad10fc2-5a33-4bdd-8958-4701aba8d7d0/current/log_inprogress_4243
2019-06-13 22:53:53,888 INFO  client.GrpcClientProtocolClient (GrpcClientProtocolClient.java:onNext(254)) - client-C82EA620EB9B->85302df8-7a7f-4077-a053-c26dc3d3d65a: receive RaftClientReply:client-C82EA620EB9B->85302df8-7a7f-4077-a053-c26dc3d3d65a@group-4701ABA8D7D0, cid=2534, SUCCESS, logIndex=4243, commits[85302df8-7a7f-4077-a053-c26dc3d3d65a:c4245]
2019-06-13 22:53:53,889 INFO  client.GrpcClientProtocolClient (GrpcClientProtocolClient.java:onNext(254)) - client-C82EA620EB9B->85302df8-7a7f-4077-a053-c26dc3d3d65a: receive RaftClientReply:client-C82EA620EB9B->85302df8-7a7f-4077-a053-c26dc3d3d65a@group-4701ABA8D7D0, cid=2535, SUCCESS, logIndex=4244, commits[85302df8-7a7f-4077-a053-c26dc3d3d65a:c4246]
2019-06-13 22:53:53,890 INFO  client.GrpcClientProtocolClient (GrpcClientProtocolClient.java:onNext(254)) - client-C82EA620EB9B->85302df8-7a7f-4077-a053-c26dc3d3d65a: receive RaftClientReply:client-C82EA620EB9B->85302df8-7a7f-4077-a053-c26dc3d3d65a@group-4701ABA8D7D0, cid=2536, SUCCESS, logIndex=4245, commits[85302df8-7a7f-4077-a053-c26dc3d3d65a:c4246]
2019-06-13 22:53:53,900 INFO  client.GrpcClientProtocolClient (GrpcClientProtocolClient.java:onNext(254)) - client-C82EA620EB9B->85302df8-7a7f-4077-a053-c26dc3d3d65a: receive RaftClientReply:client-C82EA620EB9B->85302df8-7a7f-4077-a053-c26dc3d3d65a@group-4701ABA8D7D0, cid=2537, SUCCESS, logIndex=4247, commits[85302df8-7a7f-4077-a053-c26dc3d3d65a:c4247]
2019-06-13 22:53:53,902 INFO  client.GrpcClientProtocolClient (GrpcClientProtocolClient.java:onNext(254)) - client-C82EA620EB9B->85302df8-7a7f-4077-a053-c26dc3d3d65a: receive RaftClientReply:client-C82EA620EB9B->85302df8-7a7f-4077-a053-c26dc3d3d65a@group-4701ABA8D7D0, cid=2538, SUCCESS, logIndex=4249, commits[85302df8-7a7f-4077-a053-c26dc3d3d65a:c4249]
2019-06-13 22:53:53,903 INFO  client.GrpcClientProtocolClient (GrpcClientProtocolClient.java:onNext(254)) - client-C82EA620EB9B->85302df8-7a7f-4077-a053-c26dc3d3d65a: receive RaftClientReply:client-C82EA620EB9B->85302df8-7a7f-4077-a053-c26dc3d3d65a@group-4701ABA8D7D0, cid=2539, SUCCESS, logIndex=4250, commits[85302df8-7a7f-4077-a053-c26dc3d3d65a:c4252]
2019-06-13 22:53:53,903 INFO  client.GrpcClientProtocolClient (GrpcClientProtocolClient.java:onNext(254)) - client-C82EA620EB9B->85302df8-7a7f-4077-a053-c26dc3d3d65a: receive RaftClientReply:client-C82EA620EB9B->85302df8-7a7f-4077-a053-c26dc3d3d65a@group-4701ABA8D7D0, cid=2540, SUCCESS, logIndex=4251, commits[85302df8-7a7f-4077-a053-c26dc3d3d65a:c4252]
2019-06-13 22:53:53,911 INFO  client.GrpcClientProtocolClient (GrpcClientProtocolClient.java:onNext(254)) - client-C82EA620EB9B->85302df8-7a7f-4077-a053-c26dc3d3d65a: receive RaftClientReply:client-C82EA620EB9B->85302df8-7a7f-4077-a053-c26dc3d3d65a@group-4701ABA8D7D0, cid=2541, SUCCESS, logIndex=4253, commits[85302df8-7a7f-4077-a053-c26dc3d3d65a:c4253]
2019-06-13 22:53:53,912 INFO  client.GrpcClientProtocolClient (GrpcClientProtocolClient.java:onNext(254)) - client-C82EA620EB9B->85302df8-7a7f-4077-a053-c26dc3d3d65a: receive RaftClientReply:client-C82EA620EB9B->85302df8-7a7f-4077-a053-c26dc3d3d65a@group-4701ABA8D7D0, cid=2542, SUCCESS, logIndex=4255, commits[85302df8-7a7f-4077-a053-c26dc3d3d65a:c4255]
2019-06-13 22:53:53,913 INFO  client.GrpcClientProtocolClient (GrpcClientProtocolClient.java:onNext(254)) - client-C82EA620EB9B->85302df8-7a7f-4077-a053-c26dc3d3d65a: receive RaftClientReply:client-C82EA620EB9B->85302df8-7a7f-4077-a053-c26dc3d3d65a@group-4701ABA8D7D0, cid=2543, SUCCESS, logIndex=4256, commits[85302df8-7a7f-4077-a053-c26dc3d3d65a:c4258]
2019-06-13 22:53:53,914 INFO  client.GrpcClientProtocolClient (GrpcClientProtocolClient.java:onNext(254)) - client-C82EA620EB9B->85302df8-7a7f-4077-a053-c26dc3d3d65a: receive RaftClientReply:client-C82EA620EB9B->85302df8-7a7f-4077-a053-c26dc3d3d65a@group-4701ABA8D7D0, cid=2544, SUCCESS, logIndex=4257, commits[85302df8-7a7f-4077-a053-c26dc3d3d65a:c4258]
2019-06-13 22:53:53,922 DEBUG block.SCMBlockDeletingService (SCMBlockDeletingService.java:call(138)) - Running DeletedBlockTransactionScanner
2019-06-13 22:53:53,922 DEBUG block.SCMBlockDeletingService (SCMBlockDeletingService.java:call(155)) - Scanned deleted blocks log and got 0 delTX to process.
2019-06-13 22:53:53,923 INFO  client.GrpcClientProtocolClient (GrpcClientProtocolClient.java:onNext(254)) - client-C82EA620EB9B->85302df8-7a7f-4077-a053-c26dc3d3d65a: receive RaftClientReply:client-C82EA620EB9B->85302df8-7a7f-4077-a053-c26dc3d3d65a@group-4701ABA8D7D0, cid=2545, SUCCESS, logIndex=4259, commits[85302df8-7a7f-4077-a053-c26dc3d3d65a:c4259]
2019-06-13 22:53:53,925 INFO  client.GrpcClientProtocolClient (GrpcClientProtocolClient.java:onNext(254)) - client-C82EA620EB9B->85302df8-7a7f-4077-a053-c26dc3d3d65a: receive RaftClientReply:client-C82EA620EB9B->85302df8-7a7f-4077-a053-c26dc3d3d65a@group-4701ABA8D7D0, cid=2546, SUCCESS, logIndex=4261, commits[85302df8-7a7f-4077-a053-c26dc3d3d65a:c4261]
2019-06-13 22:53:53,926 INFO  client.GrpcClientProtocolClient (GrpcClientProtocolClient.java:onNext(254)) - client-C82EA620EB9B->85302df8-7a7f-4077-a053-c26dc3d3d65a: receive RaftClientReply:client-C82EA620EB9B->85302df8-7a7f-4077-a053-c26dc3d3d65a@group-4701ABA8D7D0, cid=2547, SUCCESS, logIndex=4262, commits[85302df8-7a7f-4077-a053-c26dc3d3d65a:c4264]
2019-06-13 22:53:53,926 INFO  client.GrpcClientProtocolClient (GrpcClientProtocolClient.java:onNext(254)) - client-C82EA620EB9B->85302df8-7a7f-4077-a053-c26dc3d3d65a: receive RaftClientReply:client-C82EA620EB9B->85302df8-7a7f-4077-a053-c26dc3d3d65a@group-4701ABA8D7D0, cid=2548, SUCCESS, logIndex=4263, commits[85302df8-7a7f-4077-a053-c26dc3d3d65a:c4264]
2019-06-13 22:53:53,931 INFO  client.GrpcClientProtocolClient (GrpcClientProtocolClient.java:onNext(254)) - client-C82EA620EB9B->85302df8-7a7f-4077-a053-c26dc3d3d65a: receive RaftClientReply:client-C82EA620EB9B->85302df8-7a7f-4077-a053-c26dc3d3d65a@group-4701ABA8D7D0, cid=2549, SUCCESS, logIndex=4265, commits[85302df8-7a7f-4077-a053-c26dc3d3d65a:c4265]
2019-06-13 22:53:53,933 INFO  client.GrpcClientProtocolClient (GrpcClientProtocolClient.java:onNext(254)) - client-C82EA620EB9B->85302df8-7a7f-4077-a053-c26dc3d3d65a: receive RaftClientReply:client-C82EA620EB9B->85302df8-7a7f-4077-a053-c26dc3d3d65a@group-4701ABA8D7D0, cid=2550, SUCCESS, logIndex=4267, commits[85302df8-7a7f-4077-a053-c26dc3d3d65a:c4267]
2019-06-13 22:53:53,934 INFO  client.GrpcClientProtocolClient (GrpcClientProtocolClient.java:onNext(254)) - client-C82EA620EB9B->85302df8-7a7f-4077-a053-c26dc3d3d65a: receive RaftClientReply:client-C82EA620EB9B->85302df8-7a7f-4077-a053-c26dc3d3d65a@group-4701ABA8D7D0, cid=2551, SUCCESS, logIndex=4268, commits[85302df8-7a7f-4077-a053-c26dc3d3d65a:c4268]
2019-06-13 22:53:53,934 INFO  client.GrpcClientProtocolClient (GrpcClientProtocolClient.java:onNext(254)) - client-C82EA620EB9B->85302df8-7a7f-4077-a053-c26dc3d3d65a: receive RaftClientReply:client-C82EA620EB9B->85302df8-7a7f-4077-a053-c26dc3d3d65a@group-4701ABA8D7D0, cid=2552, SUCCESS, logIndex=4270, commits[85302df8-7a7f-4077-a053-c26dc3d3d65a:c4270]
2019-06-13 22:53:53,951 INFO  client.GrpcClientProtocolClient (GrpcClientProtocolClient.java:onNext(254)) - client-C82EA620EB9B->85302df8-7a7f-4077-a053-c26dc3d3d65a: receive RaftClientReply:client-C82EA620EB9B->85302df8-7a7f-4077-a053-c26dc3d3d65a@group-4701ABA8D7D0, cid=2553, SUCCESS, logIndex=4273, commits[85302df8-7a7f-4077-a053-c26dc3d3d65a:c4273]
2019-06-13 22:53:53,953 INFO  client.GrpcClientProtocolClient (GrpcClientProtocolClient.java:onNext(254)) - client-C82EA620EB9B->85302df8-7a7f-4077-a053-c26dc3d3d65a: receive RaftClientReply:client-C82EA620EB9B->85302df8-7a7f-4077-a053-c26dc3d3d65a@group-4701ABA8D7D0, cid=2554, SUCCESS, logIndex=4275, commits[85302df8-7a7f-4077-a053-c26dc3d3d65a:c4275]
2019-06-13 22:53:53,954 INFO  client.GrpcClientProtocolClient (GrpcClientProtocolClient.java:onNext(254)) - client-C82EA620EB9B->85302df8-7a7f-4077-a053-c26dc3d3d65a: receive RaftClientReply:client-C82EA620EB9B->85302df8-7a7f-4077-a053-c26dc3d3d65a@group-4701ABA8D7D0, cid=2555, SUCCESS, logIndex=4276, commits[85302df8-7a7f-4077-a053-c26dc3d3d65a:c4278]
2019-06-13 22:53:53,954 INFO  client.GrpcClientProtocolClient (GrpcClientProtocolClient.java:onNext(254)) - client-C82EA620EB9B->85302df8-7a7f-4077-a053-c26dc3d3d65a: receive RaftClientReply:client-C82EA620EB9B->85302df8-7a7f-4077-a053-c26dc3d3d65a@group-4701ABA8D7D0, cid=2556, SUCCESS, logIndex=4277, commits[85302df8-7a7f-4077-a053-c26dc3d3d65a:c4278]
2019-06-13 22:53:53,960 INFO  client.GrpcClientProtocolClient (GrpcClientProtocolClient.java:onNext(254)) - client-C82EA620EB9B->85302df8-7a7f-4077-a053-c26dc3d3d65a: receive RaftClientReply:client-C82EA620EB9B->85302df8-7a7f-4077-a053-c26dc3d3d65a@group-4701ABA8D7D0, cid=2557, SUCCESS, logIndex=4279, commits[85302df8-7a7f-4077-a053-c26dc3d3d65a:c4279]
2019-06-13 22:53:53,961 INFO  client.GrpcClientProtocolClient (GrpcClientProtocolClient.java:onNext(254)) - client-C82EA620EB9B->85302df8-7a7f-4077-a053-c26dc3d3d65a: receive RaftClientReply:client-C82EA620EB9B->85302df8-7a7f-4077-a053-c26dc3d3d65a@group-4701ABA8D7D0, cid=2558, SUCCESS, logIndex=4281, commits[85302df8-7a7f-4077-a053-c26dc3d3d65a:c4281]
2019-06-13 22:53:53,962 INFO  client.GrpcClientProtocolClient (GrpcClientProtocolClient.java:onNext(254)) - client-C82EA620EB9B->85302df8-7a7f-4077-a053-c26dc3d3d65a: receive RaftClientReply:client-C82EA620EB9B->85302df8-7a7f-4077-a053-c26dc3d3d65a@group-4701ABA8D7D0, cid=2559, SUCCESS, logIndex=4282, commits[85302df8-7a7f-4077-a053-c26dc3d3d65a:c4284]
2019-06-13 22:53:53,963 INFO  client.GrpcClientProtocolClient (GrpcClientProtocolClient.java:onNext(254)) - client-C82EA620EB9B->85302df8-7a7f-4077-a053-c26dc3d3d65a: receive RaftClientReply:client-C82EA620EB9B->85302df8-7a7f-4077-a053-c26dc3d3d65a@group-4701ABA8D7D0, cid=2560, SUCCESS, logIndex=4283, commits[85302df8-7a7f-4077-a053-c26dc3d3d65a:c4284]
2019-06-13 22:53:53,977 INFO  client.GrpcClientProtocolClient (GrpcClientProtocolClient.java:onNext(254)) - client-C82EA620EB9B->85302df8-7a7f-4077-a053-c26dc3d3d65a: receive RaftClientReply:client-C82EA620EB9B->85302df8-7a7f-4077-a053-c26dc3d3d65a@group-4701ABA8D7D0, cid=2561, SUCCESS, logIndex=4285, commits[85302df8-7a7f-4077-a053-c26dc3d3d65a:c4285]
2019-06-13 22:53:53,980 INFO  client.GrpcClientProtocolClient (GrpcClientProtocolClient.java:onNext(254)) - client-C82EA620EB9B->85302df8-7a7f-4077-a053-c26dc3d3d65a: receive RaftClientReply:client-C82EA620EB9B->85302df8-7a7f-4077-a053-c26dc3d3d65a@group-4701ABA8D7D0, cid=2562, SUCCESS, logIndex=4287, commits[85302df8-7a7f-4077-a053-c26dc3d3d65a:c4287]
2019-06-13 22:53:53,981 INFO  client.GrpcClientProtocolClient (GrpcClientProtocolClient.java:onNext(254)) - client-C82EA620EB9B->85302df8-7a7f-4077-a053-c26dc3d3d65a: receive RaftClientReply:client-C82EA620EB9B->85302df8-7a7f-4077-a053-c26dc3d3d65a@group-4701ABA8D7D0, cid=2563, SUCCESS, logIndex=4288, commits[85302df8-7a7f-4077-a053-c26dc3d3d65a:c4289]
2019-06-13 22:53:53,981 INFO  client.GrpcClientProtocolClient (GrpcClientProtocolClient.java:onNext(254)) - client-C82EA620EB9B->85302df8-7a7f-4077-a053-c26dc3d3d65a: receive RaftClientReply:client-C82EA620EB9B->85302df8-7a7f-4077-a053-c26dc3d3d65a@group-4701ABA8D7D0, cid=2564, SUCCESS, logIndex=4289, commits[85302df8-7a7f-4077-a053-c26dc3d3d65a:c4289]
2019-06-13 22:53:54,023 DEBUG block.SCMBlockDeletingService (SCMBlockDeletingService.java:call(138)) - Running DeletedBlockTransactionScanner
2019-06-13 22:53:54,023 DEBUG block.SCMBlockDeletingService (SCMBlockDeletingService.java:call(155)) - Scanned deleted blocks log and got 0 delTX to process.
2019-06-13 22:53:54,055 INFO  client.GrpcClientProtocolClient (GrpcClientProtocolClient.java:onNext(254)) - client-C82EA620EB9B->85302df8-7a7f-4077-a053-c26dc3d3d65a: receive RaftClientReply:client-C82EA620EB9B->85302df8-7a7f-4077-a053-c26dc3d3d65a@group-4701ABA8D7D0, cid=2565, SUCCESS, logIndex=4292, commits[85302df8-7a7f-4077-a053-c26dc3d3d65a:c4292]
2019-06-13 22:53:54,056 INFO  client.GrpcClientProtocolClient (GrpcClientProtocolClient.java:onNext(254)) - client-C82EA620EB9B->85302df8-7a7f-4077-a053-c26dc3d3d65a: receive RaftClientReply:client-C82EA620EB9B->85302df8-7a7f-4077-a053-c26dc3d3d65a@group-4701ABA8D7D0, cid=2566, SUCCESS, logIndex=4294, commits[85302df8-7a7f-4077-a053-c26dc3d3d65a:c4294]
2019-06-13 22:53:54,057 INFO  client.GrpcClientProtocolClient (GrpcClientProtocolClient.java:onNext(254)) - client-C82EA620EB9B->85302df8-7a7f-4077-a053-c26dc3d3d65a: receive RaftClientReply:client-C82EA620EB9B->85302df8-7a7f-4077-a053-c26dc3d3d65a@group-4701ABA8D7D0, cid=2567, SUCCESS, logIndex=4295, commits[85302df8-7a7f-4077-a053-c26dc3d3d65a:c4297]
2019-06-13 22:53:54,058 INFO  client.GrpcClientProtocolClient (GrpcClientProtocolClient.java:onNext(254)) - client-C82EA620EB9B->85302df8-7a7f-4077-a053-c26dc3d3d65a: receive RaftClientReply:client-C82EA620EB9B->85302df8-7a7f-4077-a053-c26dc3d3d65a@group-4701ABA8D7D0, cid=2568, SUCCESS, logIndex=4296, commits[85302df8-7a7f-4077-a053-c26dc3d3d65a:c4297]
2019-06-13 22:53:54,108 INFO  client.GrpcClientProtocolClient (GrpcClientProtocolClient.java:onNext(254)) - client-C82EA620EB9B->85302df8-7a7f-4077-a053-c26dc3d3d65a: receive RaftClientReply:client-C82EA620EB9B->85302df8-7a7f-4077-a053-c26dc3d3d65a@group-4701ABA8D7D0, cid=2569, SUCCESS, logIndex=4298, commits[85302df8-7a7f-4077-a053-c26dc3d3d65a:c4298]
2019-06-13 22:53:54,110 INFO  client.GrpcClientProtocolClient (GrpcClientProtocolClient.java:onNext(254)) - client-C82EA620EB9B->85302df8-7a7f-4077-a053-c26dc3d3d65a: receive RaftClientReply:client-C82EA620EB9B->85302df8-7a7f-4077-a053-c26dc3d3d65a@group-4701ABA8D7D0, cid=2570, SUCCESS, logIndex=4300, commits[85302df8-7a7f-4077-a053-c26dc3d3d65a:c4300]
2019-06-13 22:53:54,111 INFO  client.GrpcClientProtocolClient (GrpcClientProtocolClient.java:onNext(254)) - client-C82EA620EB9B->85302df8-7a7f-4077-a053-c26dc3d3d65a: receive RaftClientReply:client-C82EA620EB9B->85302df8-7a7f-4077-a053-c26dc3d3d65a@group-4701ABA8D7D0, cid=2571, SUCCESS, logIndex=4301, commits[85302df8-7a7f-4077-a053-c26dc3d3d65a:c4303]
2019-06-13 22:53:54,111 INFO  client.GrpcClientProtocolClient (GrpcClientProtocolClient.java:onNext(254)) - client-C82EA620EB9B->85302df8-7a7f-4077-a053-c26dc3d3d65a: receive RaftClientReply:client-C82EA620EB9B->85302df8-7a7f-4077-a053-c26dc3d3d65a@group-4701ABA8D7D0, cid=2572, SUCCESS, logIndex=4302, commits[85302df8-7a7f-4077-a053-c26dc3d3d65a:c4303]
2019-06-13 22:53:54,117 INFO  client.GrpcClientProtocolClient (GrpcClientProtocolClient.java:onNext(254)) - client-C82EA620EB9B->85302df8-7a7f-4077-a053-c26dc3d3d65a: receive RaftClientReply:client-C82EA620EB9B->85302df8-7a7f-4077-a053-c26dc3d3d65a@group-4701ABA8D7D0, cid=2573, SUCCESS, logIndex=4304, commits[85302df8-7a7f-4077-a053-c26dc3d3d65a:c4304]
2019-06-13 22:53:54,118 INFO  client.GrpcClientProtocolClient (GrpcClientProtocolClient.java:onNext(254)) - client-C82EA620EB9B->85302df8-7a7f-4077-a053-c26dc3d3d65a: receive RaftClientReply:client-C82EA620EB9B->85302df8-7a7f-4077-a053-c26dc3d3d65a@group-4701ABA8D7D0, cid=2574, SUCCESS, logIndex=4306, commits[85302df8-7a7f-4077-a053-c26dc3d3d65a:c4306]
2019-06-13 22:53:54,119 INFO  client.GrpcClientProtocolClient (GrpcClientProtocolClient.java:onNext(254)) - client-C82EA620EB9B->85302df8-7a7f-4077-a053-c26dc3d3d65a: receive RaftClientReply:client-C82EA620EB9B->85302df8-7a7f-4077-a053-c26dc3d3d65a@group-4701ABA8D7D0, cid=2575, SUCCESS, logIndex=4307, commits[85302df8-7a7f-4077-a053-c26dc3d3d65a:c4309]
2019-06-13 22:53:54,120 INFO  client.GrpcClientProtocolClient (GrpcClientProtocolClient.java:onNext(254)) - client-C82EA620EB9B->85302df8-7a7f-4077-a053-c26dc3d3d65a: receive RaftClientReply:client-C82EA620EB9B->85302df8-7a7f-4077-a053-c26dc3d3d65a@group-4701ABA8D7D0, cid=2576, SUCCESS, logIndex=4308, commits[85302df8-7a7f-4077-a053-c26dc3d3d65a:c4309]
2019-06-13 22:53:54,123 DEBUG block.SCMBlockDeletingService (SCMBlockDeletingService.java:call(138)) - Running DeletedBlockTransactionScanner
2019-06-13 22:53:54,123 DEBUG block.SCMBlockDeletingService (SCMBlockDeletingService.java:call(155)) - Scanned deleted blocks log and got 0 delTX to process.
2019-06-13 22:53:54,128 INFO  storage.RaftLogWorker (RaftLogWorker.java:rollLogSegment(303)) - 85302df8-7a7f-4077-a053-c26dc3d3d65a-RaftLogWorker: Rolling segment log-4243_4309 to index:4309
2019-06-13 22:53:54,129 INFO  storage.RaftLogWorker (RaftLogWorker.java:execute(433)) - 85302df8-7a7f-4077-a053-c26dc3d3d65a-RaftLogWorker: Rolled log segment from /opt/src/hadoop-ozone/integration-test/target/test-dir/MiniOzoneClusterImpl-550f9ca0-a6d9-4a4a-902f-f07ac81eac7b/datanode-0/data/ratis/5ad10fc2-5a33-4bdd-8958-4701aba8d7d0/current/log_inprogress_4243 to /opt/src/hadoop-ozone/integration-test/target/test-dir/MiniOzoneClusterImpl-550f9ca0-a6d9-4a4a-902f-f07ac81eac7b/datanode-0/data/ratis/5ad10fc2-5a33-4bdd-8958-4701aba8d7d0/current/log_4243-4309
2019-06-13 22:53:54,170 INFO  storage.RaftLogWorker (RaftLogWorker.java:execute(469)) - 85302df8-7a7f-4077-a053-c26dc3d3d65a-RaftLogWorker: created new log segment /opt/src/hadoop-ozone/integration-test/target/test-dir/MiniOzoneClusterImpl-550f9ca0-a6d9-4a4a-902f-f07ac81eac7b/datanode-0/data/ratis/5ad10fc2-5a33-4bdd-8958-4701aba8d7d0/current/log_inprogress_4310
2019-06-13 22:53:54,171 INFO  client.GrpcClientProtocolClient (GrpcClientProtocolClient.java:onNext(254)) - client-C82EA620EB9B->85302df8-7a7f-4077-a053-c26dc3d3d65a: receive RaftClientReply:client-C82EA620EB9B->85302df8-7a7f-4077-a053-c26dc3d3d65a@group-4701ABA8D7D0, cid=2577, SUCCESS, logIndex=4310, commits[85302df8-7a7f-4077-a053-c26dc3d3d65a:c4310]
2019-06-13 22:53:54,173 INFO  client.GrpcClientProtocolClient (GrpcClientProtocolClient.java:onNext(254)) - client-C82EA620EB9B->85302df8-7a7f-4077-a053-c26dc3d3d65a: receive RaftClientReply:client-C82EA620EB9B->85302df8-7a7f-4077-a053-c26dc3d3d65a@group-4701ABA8D7D0, cid=2578, SUCCESS, logIndex=4312, commits[85302df8-7a7f-4077-a053-c26dc3d3d65a:c4312]
2019-06-13 22:53:54,174 INFO  client.GrpcClientProtocolClient (GrpcClientProtocolClient.java:onNext(254)) - client-C82EA620EB9B->85302df8-7a7f-4077-a053-c26dc3d3d65a: receive RaftClientReply:client-C82EA620EB9B->85302df8-7a7f-4077-a053-c26dc3d3d65a@group-4701ABA8D7D0, cid=2579, SUCCESS, logIndex=4313, commits[85302df8-7a7f-4077-a053-c26dc3d3d65a:c4315]
2019-06-13 22:53:54,174 INFO  client.GrpcClientProtocolClient (GrpcClientProtocolClient.java:onNext(254)) - client-C82EA620EB9B->85302df8-7a7f-4077-a053-c26dc3d3d65a: receive RaftClientReply:client-C82EA620EB9B->85302df8-7a7f-4077-a053-c26dc3d3d65a@group-4701ABA8D7D0, cid=2580, SUCCESS, logIndex=4314, commits[85302df8-7a7f-4077-a053-c26dc3d3d65a:c4315]
2019-06-13 22:53:54,183 INFO  client.GrpcClientProtocolClient (GrpcClientProtocolClient.java:onNext(254)) - client-C82EA620EB9B->85302df8-7a7f-4077-a053-c26dc3d3d65a: receive RaftClientReply:client-C82EA620EB9B->85302df8-7a7f-4077-a053-c26dc3d3d65a@group-4701ABA8D7D0, cid=2581, SUCCESS, logIndex=4316, commits[85302df8-7a7f-4077-a053-c26dc3d3d65a:c4316]
2019-06-13 22:53:54,183 INFO  client.GrpcClientProtocolClient (GrpcClientProtocolClient.java:onNext(254)) - client-C82EA620EB9B->85302df8-7a7f-4077-a053-c26dc3d3d65a: receive RaftClientReply:client-C82EA620EB9B->85302df8-7a7f-4077-a053-c26dc3d3d65a@group-4701ABA8D7D0, cid=2582, SUCCESS, logIndex=4318, commits[85302df8-7a7f-4077-a053-c26dc3d3d65a:c4318]
2019-06-13 22:53:54,189 INFO  client.GrpcClientProtocolClient (GrpcClientProtocolClient.java:onNext(254)) - client-C82EA620EB9B->85302df8-7a7f-4077-a053-c26dc3d3d65a: receive RaftClientReply:client-C82EA620EB9B->85302df8-7a7f-4077-a053-c26dc3d3d65a@group-4701ABA8D7D0, cid=2583, SUCCESS, logIndex=4320, commits[85302df8-7a7f-4077-a053-c26dc3d3d65a:c4321]
2019-06-13 22:53:54,190 INFO  client.GrpcClientProtocolClient (GrpcClientProtocolClient.java:onNext(254)) - client-C82EA620EB9B->85302df8-7a7f-4077-a053-c26dc3d3d65a: receive RaftClientReply:client-C82EA620EB9B->85302df8-7a7f-4077-a053-c26dc3d3d65a@group-4701ABA8D7D0, cid=2584, SUCCESS, logIndex=4321, commits[85302df8-7a7f-4077-a053-c26dc3d3d65a:c4322]
2019-06-13 22:53:54,201 INFO  client.GrpcClientProtocolClient (GrpcClientProtocolClient.java:onNext(254)) - client-C82EA620EB9B->85302df8-7a7f-4077-a053-c26dc3d3d65a: receive RaftClientReply:client-C82EA620EB9B->85302df8-7a7f-4077-a053-c26dc3d3d65a@group-4701ABA8D7D0, cid=2585, SUCCESS, logIndex=4323, commits[85302df8-7a7f-4077-a053-c26dc3d3d65a:c4323]
2019-06-13 22:53:54,203 INFO  client.GrpcClientProtocolClient (GrpcClientProtocolClient.java:onNext(254)) - client-C82EA620EB9B->85302df8-7a7f-4077-a053-c26dc3d3d65a: receive RaftClientReply:client-C82EA620EB9B->85302df8-7a7f-4077-a053-c26dc3d3d65a@group-4701ABA8D7D0, cid=2586, SUCCESS, logIndex=4325, commits[85302df8-7a7f-4077-a053-c26dc3d3d65a:c4325]
2019-06-13 22:53:54,204 INFO  client.GrpcClientProtocolClient (GrpcClientProtocolClient.java:onNext(254)) - client-C82EA620EB9B->85302df8-7a7f-4077-a053-c26dc3d3d65a: receive RaftClientReply:client-C82EA620EB9B->85302df8-7a7f-4077-a053-c26dc3d3d65a@group-4701ABA8D7D0, cid=2587, SUCCESS, logIndex=4326, commits[85302df8-7a7f-4077-a053-c26dc3d3d65a:c4328]
2019-06-13 22:53:54,204 INFO  client.GrpcClientProtocolClient (GrpcClientProtocolClient.java:onNext(254)) - client-C82EA620EB9B->85302df8-7a7f-4077-a053-c26dc3d3d65a: receive RaftClientReply:client-C82EA620EB9B->85302df8-7a7f-4077-a053-c26dc3d3d65a@group-4701ABA8D7D0, cid=2588, SUCCESS, logIndex=4327, commits[85302df8-7a7f-4077-a053-c26dc3d3d65a:c4328]
2019-06-13 22:53:54,209 INFO  client.GrpcClientProtocolClient (GrpcClientProtocolClient.java:onNext(254)) - client-C82EA620EB9B->85302df8-7a7f-4077-a053-c26dc3d3d65a: receive RaftClientReply:client-C82EA620EB9B->85302df8-7a7f-4077-a053-c26dc3d3d65a@group-4701ABA8D7D0, cid=2589, SUCCESS, logIndex=4329, commits[85302df8-7a7f-4077-a053-c26dc3d3d65a:c4329]
2019-06-13 22:53:54,211 INFO  client.GrpcClientProtocolClient (GrpcClientProtocolClient.java:onNext(254)) - client-C82EA620EB9B->85302df8-7a7f-4077-a053-c26dc3d3d65a: receive RaftClientReply:client-C82EA620EB9B->85302df8-7a7f-4077-a053-c26dc3d3d65a@group-4701ABA8D7D0, cid=2590, SUCCESS, logIndex=4331, commits[85302df8-7a7f-4077-a053-c26dc3d3d65a:c4331]
2019-06-13 22:53:54,212 INFO  client.GrpcClientProtocolClient (GrpcClientProtocolClient.java:onNext(254)) - client-C82EA620EB9B->85302df8-7a7f-4077-a053-c26dc3d3d65a: receive RaftClientReply:client-C82EA620EB9B->85302df8-7a7f-4077-a053-c26dc3d3d65a@group-4701ABA8D7D0, cid=2591, SUCCESS, logIndex=4332, commits[85302df8-7a7f-4077-a053-c26dc3d3d65a:c4333]
2019-06-13 22:53:54,212 INFO  client.GrpcClientProtocolClient (GrpcClientProtocolClient.java:onNext(254)) - client-C82EA620EB9B->85302df8-7a7f-4077-a053-c26dc3d3d65a: receive RaftClientReply:client-C82EA620EB9B->85302df8-7a7f-4077-a053-c26dc3d3d65a@group-4701ABA8D7D0, cid=2592, SUCCESS, logIndex=4333, commits[85302df8-7a7f-4077-a053-c26dc3d3d65a:c4333]
2019-06-13 22:53:54,223 INFO  client.GrpcClientProtocolClient (GrpcClientProtocolClient.java:onNext(254)) - client-C82EA620EB9B->85302df8-7a7f-4077-a053-c26dc3d3d65a: receive RaftClientReply:client-C82EA620EB9B->85302df8-7a7f-4077-a053-c26dc3d3d65a@group-4701ABA8D7D0, cid=2593, SUCCESS, logIndex=4336, commits[85302df8-7a7f-4077-a053-c26dc3d3d65a:c4337]
2019-06-13 22:53:54,224 DEBUG block.SCMBlockDeletingService (SCMBlockDeletingService.java:call(138)) - Running DeletedBlockTransactionScanner
2019-06-13 22:53:54,224 DEBUG block.SCMBlockDeletingService (SCMBlockDeletingService.java:call(155)) - Scanned deleted blocks log and got 0 delTX to process.
2019-06-13 22:53:54,224 INFO  client.GrpcClientProtocolClient (GrpcClientProtocolClient.java:onNext(254)) - client-C82EA620EB9B->85302df8-7a7f-4077-a053-c26dc3d3d65a: receive RaftClientReply:client-C82EA620EB9B->85302df8-7a7f-4077-a053-c26dc3d3d65a@group-4701ABA8D7D0, cid=2594, SUCCESS, logIndex=4338, commits[85302df8-7a7f-4077-a053-c26dc3d3d65a:c4338]
2019-06-13 22:53:54,225 INFO  client.GrpcClientProtocolClient (GrpcClientProtocolClient.java:onNext(254)) - client-C82EA620EB9B->85302df8-7a7f-4077-a053-c26dc3d3d65a: receive RaftClientReply:client-C82EA620EB9B->85302df8-7a7f-4077-a053-c26dc3d3d65a@group-4701ABA8D7D0, cid=2595, SUCCESS, logIndex=4339, commits[85302df8-7a7f-4077-a053-c26dc3d3d65a:c4341]
2019-06-13 22:53:54,225 INFO  client.GrpcClientProtocolClient (GrpcClientProtocolClient.java:onNext(254)) - client-C82EA620EB9B->85302df8-7a7f-4077-a053-c26dc3d3d65a: receive RaftClientReply:client-C82EA620EB9B->85302df8-7a7f-4077-a053-c26dc3d3d65a@group-4701ABA8D7D0, cid=2596, SUCCESS, logIndex=4340, commits[85302df8-7a7f-4077-a053-c26dc3d3d65a:c4341]
2019-06-13 22:53:54,231 INFO  client.GrpcClientProtocolClient (GrpcClientProtocolClient.java:onNext(254)) - client-C82EA620EB9B->85302df8-7a7f-4077-a053-c26dc3d3d65a: receive RaftClientReply:client-C82EA620EB9B->85302df8-7a7f-4077-a053-c26dc3d3d65a@group-4701ABA8D7D0, cid=2597, SUCCESS, logIndex=4342, commits[85302df8-7a7f-4077-a053-c26dc3d3d65a:c4342]
2019-06-13 22:53:54,233 INFO  client.GrpcClientProtocolClient (GrpcClientProtocolClient.java:onNext(254)) - client-C82EA620EB9B->85302df8-7a7f-4077-a053-c26dc3d3d65a: receive RaftClientReply:client-C82EA620EB9B->85302df8-7a7f-4077-a053-c26dc3d3d65a@group-4701ABA8D7D0, cid=2598, SUCCESS, logIndex=4344, commits[85302df8-7a7f-4077-a053-c26dc3d3d65a:c4344]
2019-06-13 22:53:54,233 INFO  client.GrpcClientProtocolClient (GrpcClientProtocolClient.java:onNext(254)) - client-C82EA620EB9B->85302df8-7a7f-4077-a053-c26dc3d3d65a: receive RaftClientReply:client-C82EA620EB9B->85302df8-7a7f-4077-a053-c26dc3d3d65a@group-4701ABA8D7D0, cid=2599, SUCCESS, logIndex=4345, commits[85302df8-7a7f-4077-a053-c26dc3d3d65a:c4347]
2019-06-13 22:53:54,234 INFO  client.GrpcClientProtocolClient (GrpcClientProtocolClient.java:onNext(254)) - client-C82EA620EB9B->85302df8-7a7f-4077-a053-c26dc3d3d65a: receive RaftClientReply:client-C82EA620EB9B->85302df8-7a7f-4077-a053-c26dc3d3d65a@group-4701ABA8D7D0, cid=2600, SUCCESS, logIndex=4346, commits[85302df8-7a7f-4077-a053-c26dc3d3d65a:c4347]
2019-06-13 22:53:54,244 INFO  client.GrpcClientProtocolClient (GrpcClientProtocolClient.java:onNext(254)) - client-C82EA620EB9B->85302df8-7a7f-4077-a053-c26dc3d3d65a: receive RaftClientReply:client-C82EA620EB9B->85302df8-7a7f-4077-a053-c26dc3d3d65a@group-4701ABA8D7D0, cid=2601, SUCCESS, logIndex=4348, commits[85302df8-7a7f-4077-a053-c26dc3d3d65a:c4348]
2019-06-13 22:53:54,246 INFO  client.GrpcClientProtocolClient (GrpcClientProtocolClient.java:onNext(254)) - client-C82EA620EB9B->85302df8-7a7f-4077-a053-c26dc3d3d65a: receive RaftClientReply:client-C82EA620EB9B->85302df8-7a7f-4077-a053-c26dc3d3d65a@group-4701ABA8D7D0, cid=2602, SUCCESS, logIndex=4350, commits[85302df8-7a7f-4077-a053-c26dc3d3d65a:c4350]
2019-06-13 22:53:54,247 INFO  client.GrpcClientProtocolClient (GrpcClientProtocolClient.java:onNext(254)) - client-C82EA620EB9B->85302df8-7a7f-4077-a053-c26dc3d3d65a: receive RaftClientReply:client-C82EA620EB9B->85302df8-7a7f-4077-a053-c26dc3d3d65a@group-4701ABA8D7D0, cid=2603, SUCCESS, logIndex=4351, commits[85302df8-7a7f-4077-a053-c26dc3d3d65a:c4353]
2019-06-13 22:53:54,247 INFO  client.GrpcClientProtocolClient (GrpcClientProtocolClient.java:onNext(254)) - client-C82EA620EB9B->85302df8-7a7f-4077-a053-c26dc3d3d65a: receive RaftClientReply:client-C82EA620EB9B->85302df8-7a7f-4077-a053-c26dc3d3d65a@group-4701ABA8D7D0, cid=2604, SUCCESS, logIndex=4352, commits[85302df8-7a7f-4077-a053-c26dc3d3d65a:c4353]
2019-06-13 22:53:54,252 INFO  client.GrpcClientProtocolClient (GrpcClientProtocolClient.java:onNext(254)) - client-C82EA620EB9B->85302df8-7a7f-4077-a053-c26dc3d3d65a: receive RaftClientReply:client-C82EA620EB9B->85302df8-7a7f-4077-a053-c26dc3d3d65a@group-4701ABA8D7D0, cid=2605, SUCCESS, logIndex=4354, commits[85302df8-7a7f-4077-a053-c26dc3d3d65a:c4354]
2019-06-13 22:53:54,253 INFO  client.GrpcClientProtocolClient (GrpcClientProtocolClient.java:onNext(254)) - client-C82EA620EB9B->85302df8-7a7f-4077-a053-c26dc3d3d65a: receive RaftClientReply:client-C82EA620EB9B->85302df8-7a7f-4077-a053-c26dc3d3d65a@group-4701ABA8D7D0, cid=2606, SUCCESS, logIndex=4356, commits[85302df8-7a7f-4077-a053-c26dc3d3d65a:c4356]
2019-06-13 22:53:54,255 INFO  client.GrpcClientProtocolClient (GrpcClientProtocolClient.java:onNext(254)) - client-C82EA620EB9B->85302df8-7a7f-4077-a053-c26dc3d3d65a: receive RaftClientReply:client-C82EA620EB9B->85302df8-7a7f-4077-a053-c26dc3d3d65a@group-4701ABA8D7D0, cid=2607, SUCCESS, logIndex=4357, commits[85302df8-7a7f-4077-a053-c26dc3d3d65a:c4359]
2019-06-13 22:53:54,255 INFO  client.GrpcClientProtocolClient (GrpcClientProtocolClient.java:onNext(254)) - client-C82EA620EB9B->85302df8-7a7f-4077-a053-c26dc3d3d65a: receive RaftClientReply:client-C82EA620EB9B->85302df8-7a7f-4077-a053-c26dc3d3d65a@group-4701ABA8D7D0, cid=2608, SUCCESS, logIndex=4358, commits[85302df8-7a7f-4077-a053-c26dc3d3d65a:c4359]
2019-06-13 22:53:54,324 DEBUG block.SCMBlockDeletingService (SCMBlockDeletingService.java:call(138)) - Running DeletedBlockTransactionScanner
2019-06-13 22:53:54,324 DEBUG block.SCMBlockDeletingService (SCMBlockDeletingService.java:call(155)) - Scanned deleted blocks log and got 0 delTX to process.
2019-06-13 22:53:54,333 INFO  client.GrpcClientProtocolClient (GrpcClientProtocolClient.java:onNext(254)) - client-C82EA620EB9B->85302df8-7a7f-4077-a053-c26dc3d3d65a: receive RaftClientReply:client-C82EA620EB9B->85302df8-7a7f-4077-a053-c26dc3d3d65a@group-4701ABA8D7D0, cid=2609, SUCCESS, logIndex=4360, commits[85302df8-7a7f-4077-a053-c26dc3d3d65a:c4360]
2019-06-13 22:53:54,335 INFO  client.GrpcClientProtocolClient (GrpcClientProtocolClient.java:onNext(254)) - client-C82EA620EB9B->85302df8-7a7f-4077-a053-c26dc3d3d65a: receive RaftClientReply:client-C82EA620EB9B->85302df8-7a7f-4077-a053-c26dc3d3d65a@group-4701ABA8D7D0, cid=2610, SUCCESS, logIndex=4362, commits[85302df8-7a7f-4077-a053-c26dc3d3d65a:c4362]
2019-06-13 22:53:54,335 INFO  client.GrpcClientProtocolClient (GrpcClientProtocolClient.java:onNext(254)) - client-C82EA620EB9B->85302df8-7a7f-4077-a053-c26dc3d3d65a: receive RaftClientReply:client-C82EA620EB9B->85302df8-7a7f-4077-a053-c26dc3d3d65a@group-4701ABA8D7D0, cid=2611, SUCCESS, logIndex=4363, commits[85302df8-7a7f-4077-a053-c26dc3d3d65a:c4365]
2019-06-13 22:53:54,336 INFO  client.GrpcClientProtocolClient (GrpcClientProtocolClient.java:onNext(254)) - client-C82EA620EB9B->85302df8-7a7f-4077-a053-c26dc3d3d65a: receive RaftClientReply:client-C82EA620EB9B->85302df8-7a7f-4077-a053-c26dc3d3d65a@group-4701ABA8D7D0, cid=2612, SUCCESS, logIndex=4364, commits[85302df8-7a7f-4077-a053-c26dc3d3d65a:c4365]
2019-06-13 22:53:54,341 INFO  client.GrpcClientProtocolClient (GrpcClientProtocolClient.java:onNext(254)) - client-C82EA620EB9B->85302df8-7a7f-4077-a053-c26dc3d3d65a: receive RaftClientReply:client-C82EA620EB9B->85302df8-7a7f-4077-a053-c26dc3d3d65a@group-4701ABA8D7D0, cid=2613, SUCCESS, logIndex=4366, commits[85302df8-7a7f-4077-a053-c26dc3d3d65a:c4366]
2019-06-13 22:53:54,343 INFO  client.GrpcClientProtocolClient (GrpcClientProtocolClient.java:onNext(254)) - client-C82EA620EB9B->85302df8-7a7f-4077-a053-c26dc3d3d65a: receive RaftClientReply:client-C82EA620EB9B->85302df8-7a7f-4077-a053-c26dc3d3d65a@group-4701ABA8D7D0, cid=2614, SUCCESS, logIndex=4368, commits[85302df8-7a7f-4077-a053-c26dc3d3d65a:c4368]
2019-06-13 22:53:54,344 INFO  client.GrpcClientProtocolClient (GrpcClientProtocolClient.java:onNext(254)) - client-C82EA620EB9B->85302df8-7a7f-4077-a053-c26dc3d3d65a: receive RaftClientReply:client-C82EA620EB9B->85302df8-7a7f-4077-a053-c26dc3d3d65a@group-4701ABA8D7D0, cid=2615, SUCCESS, logIndex=4369, commits[85302df8-7a7f-4077-a053-c26dc3d3d65a:c4370]
2019-06-13 22:53:54,344 INFO  client.GrpcClientProtocolClient (GrpcClientProtocolClient.java:onNext(254)) - client-C82EA620EB9B->85302df8-7a7f-4077-a053-c26dc3d3d65a: receive RaftClientReply:client-C82EA620EB9B->85302df8-7a7f-4077-a053-c26dc3d3d65a@group-4701ABA8D7D0, cid=2616, SUCCESS, logIndex=4370, commits[85302df8-7a7f-4077-a053-c26dc3d3d65a:c4370]
2019-06-13 22:53:54,353 INFO  client.GrpcClientProtocolClient (GrpcClientProtocolClient.java:onNext(254)) - client-C82EA620EB9B->85302df8-7a7f-4077-a053-c26dc3d3d65a: receive RaftClientReply:client-C82EA620EB9B->85302df8-7a7f-4077-a053-c26dc3d3d65a@group-4701ABA8D7D0, cid=2617, SUCCESS, logIndex=4373, commits[85302df8-7a7f-4077-a053-c26dc3d3d65a:c4373]
2019-06-13 22:53:54,355 INFO  client.GrpcClientProtocolClient (GrpcClientProtocolClient.java:onNext(254)) - client-C82EA620EB9B->85302df8-7a7f-4077-a053-c26dc3d3d65a: receive RaftClientReply:client-C82EA620EB9B->85302df8-7a7f-4077-a053-c26dc3d3d65a@group-4701ABA8D7D0, cid=2618, SUCCESS, logIndex=4375, commits[85302df8-7a7f-4077-a053-c26dc3d3d65a:c4375]
2019-06-13 22:53:54,356 INFO  client.GrpcClientProtocolClient (GrpcClientProtocolClient.java:onNext(254)) - client-C82EA620EB9B->85302df8-7a7f-4077-a053-c26dc3d3d65a: receive RaftClientReply:client-C82EA620EB9B->85302df8-7a7f-4077-a053-c26dc3d3d65a@group-4701ABA8D7D0, cid=2619, SUCCESS, logIndex=4376, commits[85302df8-7a7f-4077-a053-c26dc3d3d65a:c4378]
2019-06-13 22:53:54,356 INFO  client.GrpcClientProtocolClient (GrpcClientProtocolClient.java:onNext(254)) - client-C82EA620EB9B->85302df8-7a7f-4077-a053-c26dc3d3d65a: receive RaftClientReply:client-C82EA620EB9B->85302df8-7a7f-4077-a053-c26dc3d3d65a@group-4701ABA8D7D0, cid=2620, SUCCESS, logIndex=4377, commits[85302df8-7a7f-4077-a053-c26dc3d3d65a:c4378]
2019-06-13 22:53:54,359 INFO  storage.RaftLogWorker (RaftLogWorker.java:rollLogSegment(303)) - 85302df8-7a7f-4077-a053-c26dc3d3d65a-RaftLogWorker: Rolling segment log-4310_4378 to index:4378
2019-06-13 22:53:54,359 INFO  storage.RaftLogWorker (RaftLogWorker.java:execute(433)) - 85302df8-7a7f-4077-a053-c26dc3d3d65a-RaftLogWorker: Rolled log segment from /opt/src/hadoop-ozone/integration-test/target/test-dir/MiniOzoneClusterImpl-550f9ca0-a6d9-4a4a-902f-f07ac81eac7b/datanode-0/data/ratis/5ad10fc2-5a33-4bdd-8958-4701aba8d7d0/current/log_inprogress_4310 to /opt/src/hadoop-ozone/integration-test/target/test-dir/MiniOzoneClusterImpl-550f9ca0-a6d9-4a4a-902f-f07ac81eac7b/datanode-0/data/ratis/5ad10fc2-5a33-4bdd-8958-4701aba8d7d0/current/log_4310-4378
2019-06-13 22:53:54,395 INFO  storage.RaftLogWorker (RaftLogWorker.java:execute(469)) - 85302df8-7a7f-4077-a053-c26dc3d3d65a-RaftLogWorker: created new log segment /opt/src/hadoop-ozone/integration-test/target/test-dir/MiniOzoneClusterImpl-550f9ca0-a6d9-4a4a-902f-f07ac81eac7b/datanode-0/data/ratis/5ad10fc2-5a33-4bdd-8958-4701aba8d7d0/current/log_inprogress_4379
2019-06-13 22:53:54,397 INFO  client.GrpcClientProtocolClient (GrpcClientProtocolClient.java:onNext(254)) - client-C82EA620EB9B->85302df8-7a7f-4077-a053-c26dc3d3d65a: receive RaftClientReply:client-C82EA620EB9B->85302df8-7a7f-4077-a053-c26dc3d3d65a@group-4701ABA8D7D0, cid=2621, SUCCESS, logIndex=4379, commits[85302df8-7a7f-4077-a053-c26dc3d3d65a:c4379]
2019-06-13 22:53:54,399 INFO  client.GrpcClientProtocolClient (GrpcClientProtocolClient.java:onNext(254)) - client-C82EA620EB9B->85302df8-7a7f-4077-a053-c26dc3d3d65a: receive RaftClientReply:client-C82EA620EB9B->85302df8-7a7f-4077-a053-c26dc3d3d65a@group-4701ABA8D7D0, cid=2622, SUCCESS, logIndex=4381, commits[85302df8-7a7f-4077-a053-c26dc3d3d65a:c4381]
2019-06-13 22:53:54,399 INFO  client.GrpcClientProtocolClient (GrpcClientProtocolClient.java:onNext(254)) - client-C82EA620EB9B->85302df8-7a7f-4077-a053-c26dc3d3d65a: receive RaftClientReply:client-C82EA620EB9B->85302df8-7a7f-4077-a053-c26dc3d3d65a@group-4701ABA8D7D0, cid=2623, SUCCESS, logIndex=4382, commits[85302df8-7a7f-4077-a053-c26dc3d3d65a:c4383]
2019-06-13 22:53:54,399 INFO  client.GrpcClientProtocolClient (GrpcClientProtocolClient.java:onNext(254)) - client-C82EA620EB9B->85302df8-7a7f-4077-a053-c26dc3d3d65a: receive RaftClientReply:client-C82EA620EB9B->85302df8-7a7f-4077-a053-c26dc3d3d65a@group-4701ABA8D7D0, cid=2624, SUCCESS, logIndex=4383, commits[85302df8-7a7f-4077-a053-c26dc3d3d65a:c4384]
2019-06-13 22:53:54,409 INFO  client.GrpcClientProtocolClient (GrpcClientProtocolClient.java:onNext(254)) - client-C82EA620EB9B->85302df8-7a7f-4077-a053-c26dc3d3d65a: receive RaftClientReply:client-C82EA620EB9B->85302df8-7a7f-4077-a053-c26dc3d3d65a@group-4701ABA8D7D0, cid=2625, SUCCESS, logIndex=4386, commits[85302df8-7a7f-4077-a053-c26dc3d3d65a:c4386]
2019-06-13 22:53:54,411 INFO  client.GrpcClientProtocolClient (GrpcClientProtocolClient.java:onNext(254)) - client-C82EA620EB9B->85302df8-7a7f-4077-a053-c26dc3d3d65a: receive RaftClientReply:client-C82EA620EB9B->85302df8-7a7f-4077-a053-c26dc3d3d65a@group-4701ABA8D7D0, cid=2626, SUCCESS, logIndex=4388, commits[85302df8-7a7f-4077-a053-c26dc3d3d65a:c4388]
2019-06-13 22:53:54,411 INFO  client.GrpcClientProtocolClient (GrpcClientProtocolClient.java:onNext(254)) - client-C82EA620EB9B->85302df8-7a7f-4077-a053-c26dc3d3d65a: receive RaftClientReply:client-C82EA620EB9B->85302df8-7a7f-4077-a053-c26dc3d3d65a@group-4701ABA8D7D0, cid=2627, SUCCESS, logIndex=4389, commits[85302df8-7a7f-4077-a053-c26dc3d3d65a:c4391]
2019-06-13 22:53:54,412 INFO  client.GrpcClientProtocolClient (GrpcClientProtocolClient.java:onNext(254)) - client-C82EA620EB9B->85302df8-7a7f-4077-a053-c26dc3d3d65a: receive RaftClientReply:client-C82EA620EB9B->85302df8-7a7f-4077-a053-c26dc3d3d65a@group-4701ABA8D7D0, cid=2628, SUCCESS, logIndex=4390, commits[85302df8-7a7f-4077-a053-c26dc3d3d65a:c4391]
2019-06-13 22:53:54,421 INFO  client.GrpcClientProtocolClient (GrpcClientProtocolClient.java:onNext(254)) - client-C82EA620EB9B->85302df8-7a7f-4077-a053-c26dc3d3d65a: receive RaftClientReply:client-C82EA620EB9B->85302df8-7a7f-4077-a053-c26dc3d3d65a@group-4701ABA8D7D0, cid=2629, SUCCESS, logIndex=4392, commits[85302df8-7a7f-4077-a053-c26dc3d3d65a:c4393]
2019-06-13 22:53:54,422 INFO  client.GrpcClientProtocolClient (GrpcClientProtocolClient.java:onNext(254)) - client-C82EA620EB9B->85302df8-7a7f-4077-a053-c26dc3d3d65a: receive RaftClientReply:client-C82EA620EB9B->85302df8-7a7f-4077-a053-c26dc3d3d65a@group-4701ABA8D7D0, cid=2630, SUCCESS, logIndex=4394, commits[85302df8-7a7f-4077-a053-c26dc3d3d65a:c4394]
2019-06-13 22:53:54,423 INFO  client.GrpcClientProtocolClient (GrpcClientProtocolClient.java:onNext(254)) - client-C82EA620EB9B->85302df8-7a7f-4077-a053-c26dc3d3d65a: receive RaftClientReply:client-C82EA620EB9B->85302df8-7a7f-4077-a053-c26dc3d3d65a@group-4701ABA8D7D0, cid=2631, SUCCESS, logIndex=4395, commits[85302df8-7a7f-4077-a053-c26dc3d3d65a:c4397]
2019-06-13 22:53:54,424 INFO  client.GrpcClientProtocolClient (GrpcClientProtocolClient.java:onNext(254)) - client-C82EA620EB9B->85302df8-7a7f-4077-a053-c26dc3d3d65a: receive RaftClientReply:client-C82EA620EB9B->85302df8-7a7f-4077-a053-c26dc3d3d65a@group-4701ABA8D7D0, cid=2632, SUCCESS, logIndex=4396, commits[85302df8-7a7f-4077-a053-c26dc3d3d65a:c4397]
2019-06-13 22:53:54,424 DEBUG block.SCMBlockDeletingService (SCMBlockDeletingService.java:call(138)) - Running DeletedBlockTransactionScanner
2019-06-13 22:53:54,424 DEBUG block.SCMBlockDeletingService (SCMBlockDeletingService.java:call(155)) - Scanned deleted blocks log and got 0 delTX to process.
2019-06-13 22:53:54,433 INFO  client.GrpcClientProtocolClient (GrpcClientProtocolClient.java:onNext(254)) - client-C82EA620EB9B->85302df8-7a7f-4077-a053-c26dc3d3d65a: receive RaftClientReply:client-C82EA620EB9B->85302df8-7a7f-4077-a053-c26dc3d3d65a@group-4701ABA8D7D0, cid=2633, SUCCESS, logIndex=4398, commits[85302df8-7a7f-4077-a053-c26dc3d3d65a:c4398]
2019-06-13 22:53:54,438 INFO  client.GrpcClientProtocolClient (GrpcClientProtocolClient.java:onNext(254)) - client-C82EA620EB9B->85302df8-7a7f-4077-a053-c26dc3d3d65a: receive RaftClientReply:client-C82EA620EB9B->85302df8-7a7f-4077-a053-c26dc3d3d65a@group-4701ABA8D7D0, cid=2634, SUCCESS, logIndex=4400, commits[85302df8-7a7f-4077-a053-c26dc3d3d65a:c4403]
2019-06-13 22:53:54,438 INFO  client.GrpcClientProtocolClient (GrpcClientProtocolClient.java:onNext(254)) - client-C82EA620EB9B->85302df8-7a7f-4077-a053-c26dc3d3d65a: receive RaftClientReply:client-C82EA620EB9B->85302df8-7a7f-4077-a053-c26dc3d3d65a@group-4701ABA8D7D0, cid=2635, SUCCESS, logIndex=4401, commits[85302df8-7a7f-4077-a053-c26dc3d3d65a:c4403]
2019-06-13 22:53:54,439 INFO  client.GrpcClientProtocolClient (GrpcClientProtocolClient.java:onNext(254)) - client-C82EA620EB9B->85302df8-7a7f-4077-a053-c26dc3d3d65a: receive RaftClientReply:client-C82EA620EB9B->85302df8-7a7f-4077-a053-c26dc3d3d65a@group-4701ABA8D7D0, cid=2636, SUCCESS, logIndex=4402, commits[85302df8-7a7f-4077-a053-c26dc3d3d65a:c4403]
2019-06-13 22:53:54,446 INFO  client.GrpcClientProtocolClient (GrpcClientProtocolClient.java:onNext(254)) - client-C82EA620EB9B->85302df8-7a7f-4077-a053-c26dc3d3d65a: receive RaftClientReply:client-C82EA620EB9B->85302df8-7a7f-4077-a053-c26dc3d3d65a@group-4701ABA8D7D0, cid=2637, SUCCESS, logIndex=4404, commits[85302df8-7a7f-4077-a053-c26dc3d3d65a:c4404]
2019-06-13 22:53:54,447 INFO  client.GrpcClientProtocolClient (GrpcClientProtocolClient.java:onNext(254)) - client-C82EA620EB9B->85302df8-7a7f-4077-a053-c26dc3d3d65a: receive RaftClientReply:client-C82EA620EB9B->85302df8-7a7f-4077-a053-c26dc3d3d65a@group-4701ABA8D7D0, cid=2638, SUCCESS, logIndex=4406, commits[85302df8-7a7f-4077-a053-c26dc3d3d65a:c4406]
2019-06-13 22:53:54,449 INFO  client.GrpcClientProtocolClient (GrpcClientProtocolClient.java:onNext(254)) - client-C82EA620EB9B->85302df8-7a7f-4077-a053-c26dc3d3d65a: receive RaftClientReply:client-C82EA620EB9B->85302df8-7a7f-4077-a053-c26dc3d3d65a@group-4701ABA8D7D0, cid=2639, SUCCESS, logIndex=4407, commits[85302df8-7a7f-4077-a053-c26dc3d3d65a:c4409]
2019-06-13 22:53:54,449 INFO  client.GrpcClientProtocolClient (GrpcClientProtocolClient.java:onNext(254)) - client-C82EA620EB9B->85302df8-7a7f-4077-a053-c26dc3d3d65a: receive RaftClientReply:client-C82EA620EB9B->85302df8-7a7f-4077-a053-c26dc3d3d65a@group-4701ABA8D7D0, cid=2640, SUCCESS, logIndex=4408, commits[85302df8-7a7f-4077-a053-c26dc3d3d65a:c4409]
2019-06-13 22:53:54,459 INFO  client.GrpcClientProtocolClient (GrpcClientProtocolClient.java:onNext(254)) - client-C82EA620EB9B->85302df8-7a7f-4077-a053-c26dc3d3d65a: receive RaftClientReply:client-C82EA620EB9B->85302df8-7a7f-4077-a053-c26dc3d3d65a@group-4701ABA8D7D0, cid=2641, SUCCESS, logIndex=4410, commits[85302df8-7a7f-4077-a053-c26dc3d3d65a:c4410]
2019-06-13 22:53:54,461 INFO  client.GrpcClientProtocolClient (GrpcClientProtocolClient.java:onNext(254)) - client-C82EA620EB9B->85302df8-7a7f-4077-a053-c26dc3d3d65a: receive RaftClientReply:client-C82EA620EB9B->85302df8-7a7f-4077-a053-c26dc3d3d65a@group-4701ABA8D7D0, cid=2642, SUCCESS, logIndex=4412, commits[85302df8-7a7f-4077-a053-c26dc3d3d65a:c4412]
2019-06-13 22:53:54,463 INFO  client.GrpcClientProtocolClient (GrpcClientProtocolClient.java:onNext(254)) - client-C82EA620EB9B->85302df8-7a7f-4077-a053-c26dc3d3d65a: receive RaftClientReply:client-C82EA620EB9B->85302df8-7a7f-4077-a053-c26dc3d3d65a@group-4701ABA8D7D0, cid=2643, SUCCESS, logIndex=4413, commits[85302df8-7a7f-4077-a053-c26dc3d3d65a:c4414]
2019-06-13 22:53:54,464 INFO  client.GrpcClientProtocolClient (GrpcClientProtocolClient.java:onNext(254)) - client-C82EA620EB9B->85302df8-7a7f-4077-a053-c26dc3d3d65a: receive RaftClientReply:client-C82EA620EB9B->85302df8-7a7f-4077-a053-c26dc3d3d65a@group-4701ABA8D7D0, cid=2644, SUCCESS, logIndex=4415, commits[85302df8-7a7f-4077-a053-c26dc3d3d65a:c4415]
2019-06-13 22:53:54,470 INFO  client.GrpcClientProtocolClient (GrpcClientProtocolClient.java:onNext(254)) - client-C82EA620EB9B->85302df8-7a7f-4077-a053-c26dc3d3d65a: receive RaftClientReply:client-C82EA620EB9B->85302df8-7a7f-4077-a053-c26dc3d3d65a@group-4701ABA8D7D0, cid=2645, SUCCESS, logIndex=4417, commits[85302df8-7a7f-4077-a053-c26dc3d3d65a:c4417]
2019-06-13 22:53:54,471 INFO  client.GrpcClientProtocolClient (GrpcClientProtocolClient.java:onNext(254)) - client-C82EA620EB9B->85302df8-7a7f-4077-a053-c26dc3d3d65a: receive RaftClientReply:client-C82EA620EB9B->85302df8-7a7f-4077-a053-c26dc3d3d65a@group-4701ABA8D7D0, cid=2646, SUCCESS, logIndex=4419, commits[85302df8-7a7f-4077-a053-c26dc3d3d65a:c4419]
2019-06-13 22:53:54,472 INFO  client.GrpcClientProtocolClient (GrpcClientProtocolClient.java:onNext(254)) - client-C82EA620EB9B->85302df8-7a7f-4077-a053-c26dc3d3d65a: receive RaftClientReply:client-C82EA620EB9B->85302df8-7a7f-4077-a053-c26dc3d3d65a@group-4701ABA8D7D0, cid=2647, SUCCESS, logIndex=4420, commits[85302df8-7a7f-4077-a053-c26dc3d3d65a:c4422]
2019-06-13 22:53:54,472 INFO  client.GrpcClientProtocolClient (GrpcClientProtocolClient.java:onNext(254)) - client-C82EA620EB9B->85302df8-7a7f-4077-a053-c26dc3d3d65a: receive RaftClientReply:client-C82EA620EB9B->85302df8-7a7f-4077-a053-c26dc3d3d65a@group-4701ABA8D7D0, cid=2648, SUCCESS, logIndex=4421, commits[85302df8-7a7f-4077-a053-c26dc3d3d65a:c4422]
2019-06-13 22:53:54,483 INFO  client.GrpcClientProtocolClient (GrpcClientProtocolClient.java:onNext(254)) - client-C82EA620EB9B->85302df8-7a7f-4077-a053-c26dc3d3d65a: receive RaftClientReply:client-C82EA620EB9B->85302df8-7a7f-4077-a053-c26dc3d3d65a@group-4701ABA8D7D0, cid=2649, SUCCESS, logIndex=4423, commits[85302df8-7a7f-4077-a053-c26dc3d3d65a:c4423]
2019-06-13 22:53:54,485 INFO  client.GrpcClientProtocolClient (GrpcClientProtocolClient.java:onNext(254)) - client-C82EA620EB9B->85302df8-7a7f-4077-a053-c26dc3d3d65a: receive RaftClientReply:client-C82EA620EB9B->85302df8-7a7f-4077-a053-c26dc3d3d65a@group-4701ABA8D7D0, cid=2650, SUCCESS, logIndex=4425, commits[85302df8-7a7f-4077-a053-c26dc3d3d65a:c4425]
2019-06-13 22:53:54,486 INFO  client.GrpcClientProtocolClient (GrpcClientProtocolClient.java:onNext(254)) - client-C82EA620EB9B->85302df8-7a7f-4077-a053-c26dc3d3d65a: receive RaftClientReply:client-C82EA620EB9B->85302df8-7a7f-4077-a053-c26dc3d3d65a@group-4701ABA8D7D0, cid=2651, SUCCESS, logIndex=4426, commits[85302df8-7a7f-4077-a053-c26dc3d3d65a:c4428]
2019-06-13 22:53:54,486 INFO  client.GrpcClientProtocolClient (GrpcClientProtocolClient.java:onNext(254)) - client-C82EA620EB9B->85302df8-7a7f-4077-a053-c26dc3d3d65a: receive RaftClientReply:client-C82EA620EB9B->85302df8-7a7f-4077-a053-c26dc3d3d65a@group-4701ABA8D7D0, cid=2652, SUCCESS, logIndex=4428, commits[85302df8-7a7f-4077-a053-c26dc3d3d65a:c4428]
2019-06-13 22:53:54,741 DEBUG block.SCMBlockDeletingService (SCMBlockDeletingService.java:call(138)) - Running DeletedBlockTransactionScanner
2019-06-13 22:53:54,741 DEBUG block.SCMBlockDeletingService (SCMBlockDeletingService.java:call(155)) - Scanned deleted blocks log and got 0 delTX to process.
2019-06-13 22:53:54,820 INFO  client.GrpcClientProtocolClient (GrpcClientProtocolClient.java:onNext(254)) - client-C82EA620EB9B->85302df8-7a7f-4077-a053-c26dc3d3d65a: receive RaftClientReply:client-C82EA620EB9B->85302df8-7a7f-4077-a053-c26dc3d3d65a@group-4701ABA8D7D0, cid=2653, SUCCESS, logIndex=4430, commits[85302df8-7a7f-4077-a053-c26dc3d3d65a:c4430]
2019-06-13 22:53:54,821 INFO  client.GrpcClientProtocolClient (GrpcClientProtocolClient.java:onNext(254)) - client-C82EA620EB9B->85302df8-7a7f-4077-a053-c26dc3d3d65a: receive RaftClientReply:client-C82EA620EB9B->85302df8-7a7f-4077-a053-c26dc3d3d65a@group-4701ABA8D7D0, cid=2654, SUCCESS, logIndex=4432, commits[85302df8-7a7f-4077-a053-c26dc3d3d65a:c4432]
2019-06-13 22:53:54,823 INFO  client.GrpcClientProtocolClient (GrpcClientProtocolClient.java:onNext(254)) - client-C82EA620EB9B->85302df8-7a7f-4077-a053-c26dc3d3d65a: receive RaftClientReply:client-C82EA620EB9B->85302df8-7a7f-4077-a053-c26dc3d3d65a@group-4701ABA8D7D0, cid=2655, SUCCESS, logIndex=4433, commits[85302df8-7a7f-4077-a053-c26dc3d3d65a:c4435]
2019-06-13 22:53:54,823 INFO  client.GrpcClientProtocolClient (GrpcClientProtocolClient.java:onNext(254)) - client-C82EA620EB9B->85302df8-7a7f-4077-a053-c26dc3d3d65a: receive RaftClientReply:client-C82EA620EB9B->85302df8-7a7f-4077-a053-c26dc3d3d65a@group-4701ABA8D7D0, cid=2656, SUCCESS, logIndex=4434, commits[85302df8-7a7f-4077-a053-c26dc3d3d65a:c4435]
2019-06-13 22:53:54,834 INFO  client.GrpcClientProtocolClient (GrpcClientProtocolClient.java:onNext(254)) - client-C82EA620EB9B->85302df8-7a7f-4077-a053-c26dc3d3d65a: receive RaftClientReply:client-C82EA620EB9B->85302df8-7a7f-4077-a053-c26dc3d3d65a@group-4701ABA8D7D0, cid=2657, SUCCESS, logIndex=4436, commits[85302df8-7a7f-4077-a053-c26dc3d3d65a:c4436]
2019-06-13 22:53:54,836 INFO  client.GrpcClientProtocolClient (GrpcClientProtocolClient.java:onNext(254)) - client-C82EA620EB9B->85302df8-7a7f-4077-a053-c26dc3d3d65a: receive RaftClientReply:client-C82EA620EB9B->85302df8-7a7f-4077-a053-c26dc3d3d65a@group-4701ABA8D7D0, cid=2658, SUCCESS, logIndex=4438, commits[85302df8-7a7f-4077-a053-c26dc3d3d65a:c4438]
2019-06-13 22:53:54,836 INFO  client.GrpcClientProtocolClient (GrpcClientProtocolClient.java:onNext(254)) - client-C82EA620EB9B->85302df8-7a7f-4077-a053-c26dc3d3d65a: receive RaftClientReply:client-C82EA620EB9B->85302df8-7a7f-4077-a053-c26dc3d3d65a@group-4701ABA8D7D0, cid=2659, SUCCESS, logIndex=4439, commits[85302df8-7a7f-4077-a053-c26dc3d3d65a:c4440]
2019-06-13 22:53:54,837 INFO  client.GrpcClientProtocolClient (GrpcClientProtocolClient.java:onNext(254)) - client-C82EA620EB9B->85302df8-7a7f-4077-a053-c26dc3d3d65a: receive RaftClientReply:client-C82EA620EB9B->85302df8-7a7f-4077-a053-c26dc3d3d65a@group-4701ABA8D7D0, cid=2660, SUCCESS, logIndex=4440, commits[85302df8-7a7f-4077-a053-c26dc3d3d65a:c4440]
2019-06-13 22:53:54,841 DEBUG block.SCMBlockDeletingService (SCMBlockDeletingService.java:call(138)) - Running DeletedBlockTransactionScanner
2019-06-13 22:53:54,841 DEBUG block.SCMBlockDeletingService (SCMBlockDeletingService.java:call(155)) - Scanned deleted blocks log and got 0 delTX to process.
2019-06-13 22:53:54,842 INFO  client.GrpcClientProtocolClient (GrpcClientProtocolClient.java:onNext(254)) - client-C82EA620EB9B->85302df8-7a7f-4077-a053-c26dc3d3d65a: receive RaftClientReply:client-C82EA620EB9B->85302df8-7a7f-4077-a053-c26dc3d3d65a@group-4701ABA8D7D0, cid=2661, SUCCESS, logIndex=4443, commits[85302df8-7a7f-4077-a053-c26dc3d3d65a:c4443]
2019-06-13 22:53:54,843 INFO  storage.RaftLogWorker (RaftLogWorker.java:rollLogSegment(303)) - 85302df8-7a7f-4077-a053-c26dc3d3d65a-RaftLogWorker: Rolling segment log-4379_4447 to index:4447
2019-06-13 22:53:54,844 INFO  client.GrpcClientProtocolClient (GrpcClientProtocolClient.java:onNext(254)) - client-C82EA620EB9B->85302df8-7a7f-4077-a053-c26dc3d3d65a: receive RaftClientReply:client-C82EA620EB9B->85302df8-7a7f-4077-a053-c26dc3d3d65a@group-4701ABA8D7D0, cid=2662, SUCCESS, logIndex=4445, commits[85302df8-7a7f-4077-a053-c26dc3d3d65a:c4445]
2019-06-13 22:53:54,844 INFO  storage.RaftLogWorker (RaftLogWorker.java:execute(433)) - 85302df8-7a7f-4077-a053-c26dc3d3d65a-RaftLogWorker: Rolled log segment from /opt/src/hadoop-ozone/integration-test/target/test-dir/MiniOzoneClusterImpl-550f9ca0-a6d9-4a4a-902f-f07ac81eac7b/datanode-0/data/ratis/5ad10fc2-5a33-4bdd-8958-4701aba8d7d0/current/log_inprogress_4379 to /opt/src/hadoop-ozone/integration-test/target/test-dir/MiniOzoneClusterImpl-550f9ca0-a6d9-4a4a-902f-f07ac81eac7b/datanode-0/data/ratis/5ad10fc2-5a33-4bdd-8958-4701aba8d7d0/current/log_4379-4447
2019-06-13 22:53:54,847 INFO  client.GrpcClientProtocolClient (GrpcClientProtocolClient.java:onNext(254)) - client-C82EA620EB9B->85302df8-7a7f-4077-a053-c26dc3d3d65a: receive RaftClientReply:client-C82EA620EB9B->85302df8-7a7f-4077-a053-c26dc3d3d65a@group-4701ABA8D7D0, cid=2663, SUCCESS, logIndex=4446, commits[85302df8-7a7f-4077-a053-c26dc3d3d65a:c4447]
2019-06-13 22:53:54,880 INFO  storage.RaftLogWorker (RaftLogWorker.java:execute(469)) - 85302df8-7a7f-4077-a053-c26dc3d3d65a-RaftLogWorker: created new log segment /opt/src/hadoop-ozone/integration-test/target/test-dir/MiniOzoneClusterImpl-550f9ca0-a6d9-4a4a-902f-f07ac81eac7b/datanode-0/data/ratis/5ad10fc2-5a33-4bdd-8958-4701aba8d7d0/current/log_inprogress_4448
2019-06-13 22:53:54,881 INFO  client.GrpcClientProtocolClient (GrpcClientProtocolClient.java:onNext(254)) - client-C82EA620EB9B->85302df8-7a7f-4077-a053-c26dc3d3d65a: receive RaftClientReply:client-C82EA620EB9B->85302df8-7a7f-4077-a053-c26dc3d3d65a@group-4701ABA8D7D0, cid=2664, SUCCESS, logIndex=4448, commits[85302df8-7a7f-4077-a053-c26dc3d3d65a:c4448]
2019-06-13 22:53:54,895 INFO  client.GrpcClientProtocolClient (GrpcClientProtocolClient.java:onNext(254)) - client-C82EA620EB9B->85302df8-7a7f-4077-a053-c26dc3d3d65a: receive RaftClientReply:client-C82EA620EB9B->85302df8-7a7f-4077-a053-c26dc3d3d65a@group-4701ABA8D7D0, cid=2665, SUCCESS, logIndex=4450, commits[85302df8-7a7f-4077-a053-c26dc3d3d65a:c4450]
2019-06-13 22:53:54,896 INFO  client.GrpcClientProtocolClient (GrpcClientProtocolClient.java:onNext(254)) - client-C82EA620EB9B->85302df8-7a7f-4077-a053-c26dc3d3d65a: receive RaftClientReply:client-C82EA620EB9B->85302df8-7a7f-4077-a053-c26dc3d3d65a@group-4701ABA8D7D0, cid=2666, SUCCESS, logIndex=4452, commits[85302df8-7a7f-4077-a053-c26dc3d3d65a:c4452]
2019-06-13 22:53:54,898 INFO  client.GrpcClientProtocolClient (GrpcClientProtocolClient.java:onNext(254)) - client-C82EA620EB9B->85302df8-7a7f-4077-a053-c26dc3d3d65a: receive RaftClientReply:client-C82EA620EB9B->85302df8-7a7f-4077-a053-c26dc3d3d65a@group-4701ABA8D7D0, cid=2667, SUCCESS, logIndex=4453, commits[85302df8-7a7f-4077-a053-c26dc3d3d65a:c4455]
2019-06-13 22:53:54,898 INFO  client.GrpcClientProtocolClient (GrpcClientProtocolClient.java:onNext(254)) - client-C82EA620EB9B->85302df8-7a7f-4077-a053-c26dc3d3d65a: receive RaftClientReply:client-C82EA620EB9B->85302df8-7a7f-4077-a053-c26dc3d3d65a@group-4701ABA8D7D0, cid=2668, SUCCESS, logIndex=4454, commits[85302df8-7a7f-4077-a053-c26dc3d3d65a:c4455]
2019-06-13 22:53:54,907 INFO  client.GrpcClientProtocolClient (GrpcClientProtocolClient.java:onNext(254)) - client-C82EA620EB9B->85302df8-7a7f-4077-a053-c26dc3d3d65a: receive RaftClientReply:client-C82EA620EB9B->85302df8-7a7f-4077-a053-c26dc3d3d65a@group-4701ABA8D7D0, cid=2669, SUCCESS, logIndex=4456, commits[85302df8-7a7f-4077-a053-c26dc3d3d65a:c4456]
2019-06-13 22:53:54,908 INFO  client.GrpcClientProtocolClient (GrpcClientProtocolClient.java:onNext(254)) - client-C82EA620EB9B->85302df8-7a7f-4077-a053-c26dc3d3d65a: receive RaftClientReply:client-C82EA620EB9B->85302df8-7a7f-4077-a053-c26dc3d3d65a@group-4701ABA8D7D0, cid=2670, SUCCESS, logIndex=4458, commits[85302df8-7a7f-4077-a053-c26dc3d3d65a:c4458]
2019-06-13 22:53:54,909 INFO  client.GrpcClientProtocolClient (GrpcClientProtocolClient.java:onNext(254)) - client-C82EA620EB9B->85302df8-7a7f-4077-a053-c26dc3d3d65a: receive RaftClientReply:client-C82EA620EB9B->85302df8-7a7f-4077-a053-c26dc3d3d65a@group-4701ABA8D7D0, cid=2671, SUCCESS, logIndex=4459, commits[85302df8-7a7f-4077-a053-c26dc3d3d65a:c4461]
2019-06-13 22:53:54,910 INFO  client.GrpcClientProtocolClient (GrpcClientProtocolClient.java:onNext(254)) - client-C82EA620EB9B->85302df8-7a7f-4077-a053-c26dc3d3d65a: receive RaftClientReply:client-C82EA620EB9B->85302df8-7a7f-4077-a053-c26dc3d3d65a@group-4701ABA8D7D0, cid=2672, SUCCESS, logIndex=4460, commits[85302df8-7a7f-4077-a053-c26dc3d3d65a:c4461]
2019-06-13 22:53:54,925 INFO  client.GrpcClientProtocolClient (GrpcClientProtocolClient.java:onNext(254)) - client-C82EA620EB9B->85302df8-7a7f-4077-a053-c26dc3d3d65a: receive RaftClientReply:client-C82EA620EB9B->85302df8-7a7f-4077-a053-c26dc3d3d65a@group-4701ABA8D7D0, cid=2673, SUCCESS, logIndex=4462, commits[85302df8-7a7f-4077-a053-c26dc3d3d65a:c4462]
2019-06-13 22:53:54,927 INFO  client.GrpcClientProtocolClient (GrpcClientProtocolClient.java:onNext(254)) - client-C82EA620EB9B->85302df8-7a7f-4077-a053-c26dc3d3d65a: receive RaftClientReply:client-C82EA620EB9B->85302df8-7a7f-4077-a053-c26dc3d3d65a@group-4701ABA8D7D0, cid=2674, SUCCESS, logIndex=4464, commits[85302df8-7a7f-4077-a053-c26dc3d3d65a:c4464]
2019-06-13 22:53:54,927 INFO  client.GrpcClientProtocolClient (GrpcClientProtocolClient.java:onNext(254)) - client-C82EA620EB9B->85302df8-7a7f-4077-a053-c26dc3d3d65a: receive RaftClientReply:client-C82EA620EB9B->85302df8-7a7f-4077-a053-c26dc3d3d65a@group-4701ABA8D7D0, cid=2675, SUCCESS, logIndex=4465, commits[85302df8-7a7f-4077-a053-c26dc3d3d65a:c4465]
2019-06-13 22:53:54,928 INFO  client.GrpcClientProtocolClient (GrpcClientProtocolClient.java:onNext(254)) - client-C82EA620EB9B->85302df8-7a7f-4077-a053-c26dc3d3d65a: receive RaftClientReply:client-C82EA620EB9B->85302df8-7a7f-4077-a053-c26dc3d3d65a@group-4701ABA8D7D0, cid=2676, SUCCESS, logIndex=4467, commits[85302df8-7a7f-4077-a053-c26dc3d3d65a:c4467]
2019-06-13 22:53:54,934 INFO  client.GrpcClientProtocolClient (GrpcClientProtocolClient.java:onNext(254)) - client-C82EA620EB9B->85302df8-7a7f-4077-a053-c26dc3d3d65a: receive RaftClientReply:client-C82EA620EB9B->85302df8-7a7f-4077-a053-c26dc3d3d65a@group-4701ABA8D7D0, cid=2677, SUCCESS, logIndex=4470, commits[85302df8-7a7f-4077-a053-c26dc3d3d65a:c4470]
2019-06-13 22:53:54,935 INFO  client.GrpcClientProtocolClient (GrpcClientProtocolClient.java:onNext(254)) - client-C82EA620EB9B->85302df8-7a7f-4077-a053-c26dc3d3d65a: receive RaftClientReply:client-C82EA620EB9B->85302df8-7a7f-4077-a053-c26dc3d3d65a@group-4701ABA8D7D0, cid=2678, SUCCESS, logIndex=4472, commits[85302df8-7a7f-4077-a053-c26dc3d3d65a:c4472]
2019-06-13 22:53:54,937 INFO  client.GrpcClientProtocolClient (GrpcClientProtocolClient.java:onNext(254)) - client-C82EA620EB9B->85302df8-7a7f-4077-a053-c26dc3d3d65a: receive RaftClientReply:client-C82EA620EB9B->85302df8-7a7f-4077-a053-c26dc3d3d65a@group-4701ABA8D7D0, cid=2679, SUCCESS, logIndex=4474, commits[85302df8-7a7f-4077-a053-c26dc3d3d65a:c4475]
2019-06-13 22:53:54,938 INFO  client.GrpcClientProtocolClient (GrpcClientProtocolClient.java:onNext(254)) - client-C82EA620EB9B->85302df8-7a7f-4077-a053-c26dc3d3d65a: receive RaftClientReply:client-C82EA620EB9B->85302df8-7a7f-4077-a053-c26dc3d3d65a@group-4701ABA8D7D0, cid=2680, SUCCESS, logIndex=4475, commits[85302df8-7a7f-4077-a053-c26dc3d3d65a:c4475]
2019-06-13 22:53:54,942 DEBUG block.SCMBlockDeletingService (SCMBlockDeletingService.java:call(138)) - Running DeletedBlockTransactionScanner
2019-06-13 22:53:54,942 DEBUG block.SCMBlockDeletingService (SCMBlockDeletingService.java:call(155)) - Scanned deleted blocks log and got 0 delTX to process.
2019-06-13 22:53:54,948 INFO  client.GrpcClientProtocolClient (GrpcClientProtocolClient.java:onNext(254)) - client-C82EA620EB9B->85302df8-7a7f-4077-a053-c26dc3d3d65a: receive RaftClientReply:client-C82EA620EB9B->85302df8-7a7f-4077-a053-c26dc3d3d65a@group-4701ABA8D7D0, cid=2681, SUCCESS, logIndex=4477, commits[85302df8-7a7f-4077-a053-c26dc3d3d65a:c4477]
2019-06-13 22:53:54,950 INFO  client.GrpcClientProtocolClient (GrpcClientProtocolClient.java:onNext(254)) - client-C82EA620EB9B->85302df8-7a7f-4077-a053-c26dc3d3d65a: receive RaftClientReply:client-C82EA620EB9B->85302df8-7a7f-4077-a053-c26dc3d3d65a@group-4701ABA8D7D0, cid=2682, SUCCESS, logIndex=4479, commits[85302df8-7a7f-4077-a053-c26dc3d3d65a:c4479]
2019-06-13 22:53:54,951 INFO  client.GrpcClientProtocolClient (GrpcClientProtocolClient.java:onNext(254)) - client-C82EA620EB9B->85302df8-7a7f-4077-a053-c26dc3d3d65a: receive RaftClientReply:client-C82EA620EB9B->85302df8-7a7f-4077-a053-c26dc3d3d65a@group-4701ABA8D7D0, cid=2683, SUCCESS, logIndex=4480, commits[85302df8-7a7f-4077-a053-c26dc3d3d65a:c4482]
2019-06-13 22:53:54,951 INFO  client.GrpcClientProtocolClient (GrpcClientProtocolClient.java:onNext(254)) - client-C82EA620EB9B->85302df8-7a7f-4077-a053-c26dc3d3d65a: receive RaftClientReply:client-C82EA620EB9B->85302df8-7a7f-4077-a053-c26dc3d3d65a@group-4701ABA8D7D0, cid=2684, SUCCESS, logIndex=4481, commits[85302df8-7a7f-4077-a053-c26dc3d3d65a:c4482]
2019-06-13 22:53:54,957 INFO  client.GrpcClientProtocolClient (GrpcClientProtocolClient.java:onNext(254)) - client-C82EA620EB9B->85302df8-7a7f-4077-a053-c26dc3d3d65a: receive RaftClientReply:client-C82EA620EB9B->85302df8-7a7f-4077-a053-c26dc3d3d65a@group-4701ABA8D7D0, cid=2685, SUCCESS, logIndex=4483, commits[85302df8-7a7f-4077-a053-c26dc3d3d65a:c4483]
2019-06-13 22:53:54,959 INFO  client.GrpcClientProtocolClient (GrpcClientProtocolClient.java:onNext(254)) - client-C82EA620EB9B->85302df8-7a7f-4077-a053-c26dc3d3d65a: receive RaftClientReply:client-C82EA620EB9B->85302df8-7a7f-4077-a053-c26dc3d3d65a@group-4701ABA8D7D0, cid=2686, SUCCESS, logIndex=4485, commits[85302df8-7a7f-4077-a053-c26dc3d3d65a:c4485]
2019-06-13 22:53:54,959 INFO  client.GrpcClientProtocolClient (GrpcClientProtocolClient.java:onNext(254)) - client-C82EA620EB9B->85302df8-7a7f-4077-a053-c26dc3d3d65a: receive RaftClientReply:client-C82EA620EB9B->85302df8-7a7f-4077-a053-c26dc3d3d65a@group-4701ABA8D7D0, cid=2687, SUCCESS, logIndex=4486, commits[85302df8-7a7f-4077-a053-c26dc3d3d65a:c4486]
2019-06-13 22:53:54,960 INFO  client.GrpcClientProtocolClient (GrpcClientProtocolClient.java:onNext(254)) - client-C82EA620EB9B->85302df8-7a7f-4077-a053-c26dc3d3d65a: receive RaftClientReply:client-C82EA620EB9B->85302df8-7a7f-4077-a053-c26dc3d3d65a@group-4701ABA8D7D0, cid=2688, SUCCESS, logIndex=4488, commits[85302df8-7a7f-4077-a053-c26dc3d3d65a:c4488]
2019-06-13 22:53:54,970 INFO  client.GrpcClientProtocolClient (GrpcClientProtocolClient.java:onNext(254)) - client-C82EA620EB9B->85302df8-7a7f-4077-a053-c26dc3d3d65a: receive RaftClientReply:client-C82EA620EB9B->85302df8-7a7f-4077-a053-c26dc3d3d65a@group-4701ABA8D7D0, cid=2689, SUCCESS, logIndex=4491, commits[85302df8-7a7f-4077-a053-c26dc3d3d65a:c4491]
2019-06-13 22:53:54,971 INFO  client.GrpcClientProtocolClient (GrpcClientProtocolClient.java:onNext(254)) - client-C82EA620EB9B->85302df8-7a7f-4077-a053-c26dc3d3d65a: receive RaftClientReply:client-C82EA620EB9B->85302df8-7a7f-4077-a053-c26dc3d3d65a@group-4701ABA8D7D0, cid=2690, SUCCESS, logIndex=4493, commits[85302df8-7a7f-4077-a053-c26dc3d3d65a:c4493]
2019-06-13 22:53:54,972 INFO  client.GrpcClientProtocolClient (GrpcClientProtocolClient.java:onNext(254)) - client-C82EA620EB9B->85302df8-7a7f-4077-a053-c26dc3d3d65a: receive RaftClientReply:client-C82EA620EB9B->85302df8-7a7f-4077-a053-c26dc3d3d65a@group-4701ABA8D7D0, cid=2691, SUCCESS, logIndex=4494, commits[85302df8-7a7f-4077-a053-c26dc3d3d65a:c4496]
2019-06-13 22:53:54,973 INFO  client.GrpcClientProtocolClient (GrpcClientProtocolClient.java:onNext(254)) - client-C82EA620EB9B->85302df8-7a7f-4077-a053-c26dc3d3d65a: receive RaftClientReply:client-C82EA620EB9B->85302df8-7a7f-4077-a053-c26dc3d3d65a@group-4701ABA8D7D0, cid=2692, SUCCESS, logIndex=4495, commits[85302df8-7a7f-4077-a053-c26dc3d3d65a:c4496]
2019-06-13 22:53:54,978 INFO  client.GrpcClientProtocolClient (GrpcClientProtocolClient.java:onNext(254)) - client-C82EA620EB9B->85302df8-7a7f-4077-a053-c26dc3d3d65a: receive RaftClientReply:client-C82EA620EB9B->85302df8-7a7f-4077-a053-c26dc3d3d65a@group-4701ABA8D7D0, cid=2693, SUCCESS, logIndex=4497, commits[85302df8-7a7f-4077-a053-c26dc3d3d65a:c4497]
2019-06-13 22:53:54,980 INFO  client.GrpcClientProtocolClient (GrpcClientProtocolClient.java:onNext(254)) - client-C82EA620EB9B->85302df8-7a7f-4077-a053-c26dc3d3d65a: receive RaftClientReply:client-C82EA620EB9B->85302df8-7a7f-4077-a053-c26dc3d3d65a@group-4701ABA8D7D0, cid=2694, SUCCESS, logIndex=4499, commits[85302df8-7a7f-4077-a053-c26dc3d3d65a:c4499]
2019-06-13 22:53:54,981 INFO  client.GrpcClientProtocolClient (GrpcClientProtocolClient.java:onNext(254)) - client-C82EA620EB9B->85302df8-7a7f-4077-a053-c26dc3d3d65a: receive RaftClientReply:client-C82EA620EB9B->85302df8-7a7f-4077-a053-c26dc3d3d65a@group-4701ABA8D7D0, cid=2695, SUCCESS, logIndex=4500, commits[85302df8-7a7f-4077-a053-c26dc3d3d65a:c4501]
2019-06-13 22:53:54,981 INFO  client.GrpcClientProtocolClient (GrpcClientProtocolClient.java:onNext(254)) - client-C82EA620EB9B->85302df8-7a7f-4077-a053-c26dc3d3d65a: receive RaftClientReply:client-C82EA620EB9B->85302df8-7a7f-4077-a053-c26dc3d3d65a@group-4701ABA8D7D0, cid=2696, SUCCESS, logIndex=4501, commits[85302df8-7a7f-4077-a053-c26dc3d3d65a:c4501]
2019-06-13 22:53:55,042 DEBUG block.SCMBlockDeletingService (SCMBlockDeletingService.java:call(138)) - Running DeletedBlockTransactionScanner
2019-06-13 22:53:55,042 DEBUG block.SCMBlockDeletingService (SCMBlockDeletingService.java:call(155)) - Scanned deleted blocks log and got 0 delTX to process.
2019-06-13 22:53:55,088 INFO  client.GrpcClientProtocolClient (GrpcClientProtocolClient.java:onNext(254)) - client-C82EA620EB9B->85302df8-7a7f-4077-a053-c26dc3d3d65a: receive RaftClientReply:client-C82EA620EB9B->85302df8-7a7f-4077-a053-c26dc3d3d65a@group-4701ABA8D7D0, cid=2697, SUCCESS, logIndex=4504, commits[85302df8-7a7f-4077-a053-c26dc3d3d65a:c4504]
2019-06-13 22:53:55,091 INFO  client.GrpcClientProtocolClient (GrpcClientProtocolClient.java:onNext(254)) - client-C82EA620EB9B->85302df8-7a7f-4077-a053-c26dc3d3d65a: receive RaftClientReply:client-C82EA620EB9B->85302df8-7a7f-4077-a053-c26dc3d3d65a@group-4701ABA8D7D0, cid=2698, SUCCESS, logIndex=4506, commits[85302df8-7a7f-4077-a053-c26dc3d3d65a:c4508]
2019-06-13 22:53:55,091 INFO  client.GrpcClientProtocolClient (GrpcClientProtocolClient.java:onNext(254)) - client-C82EA620EB9B->85302df8-7a7f-4077-a053-c26dc3d3d65a: receive RaftClientReply:client-C82EA620EB9B->85302df8-7a7f-4077-a053-c26dc3d3d65a@group-4701ABA8D7D0, cid=2699, SUCCESS, logIndex=4507, commits[85302df8-7a7f-4077-a053-c26dc3d3d65a:c4508]
2019-06-13 22:53:55,091 INFO  client.GrpcClientProtocolClient (GrpcClientProtocolClient.java:onNext(254)) - client-C82EA620EB9B->85302df8-7a7f-4077-a053-c26dc3d3d65a: receive RaftClientReply:client-C82EA620EB9B->85302df8-7a7f-4077-a053-c26dc3d3d65a@group-4701ABA8D7D0, cid=2700, SUCCESS, logIndex=4508, commits[85302df8-7a7f-4077-a053-c26dc3d3d65a:c4509]
2019-06-13 22:53:55,098 INFO  client.GrpcClientProtocolClient (GrpcClientProtocolClient.java:onNext(254)) - client-C82EA620EB9B->85302df8-7a7f-4077-a053-c26dc3d3d65a: receive RaftClientReply:client-C82EA620EB9B->85302df8-7a7f-4077-a053-c26dc3d3d65a@group-4701ABA8D7D0, cid=2701, SUCCESS, logIndex=4510, commits[85302df8-7a7f-4077-a053-c26dc3d3d65a:c4510]
2019-06-13 22:53:55,099 INFO  client.GrpcClientProtocolClient (GrpcClientProtocolClient.java:onNext(254)) - client-C82EA620EB9B->85302df8-7a7f-4077-a053-c26dc3d3d65a: receive RaftClientReply:client-C82EA620EB9B->85302df8-7a7f-4077-a053-c26dc3d3d65a@group-4701ABA8D7D0, cid=2702, SUCCESS, logIndex=4512, commits[85302df8-7a7f-4077-a053-c26dc3d3d65a:c4512]
2019-06-13 22:53:55,100 INFO  client.GrpcClientProtocolClient (GrpcClientProtocolClient.java:onNext(254)) - client-C82EA620EB9B->85302df8-7a7f-4077-a053-c26dc3d3d65a: receive RaftClientReply:client-C82EA620EB9B->85302df8-7a7f-4077-a053-c26dc3d3d65a@group-4701ABA8D7D0, cid=2703, SUCCESS, logIndex=4513, commits[85302df8-7a7f-4077-a053-c26dc3d3d65a:c4515]
2019-06-13 22:53:55,100 INFO  client.GrpcClientProtocolClient (GrpcClientProtocolClient.java:onNext(254)) - client-C82EA620EB9B->85302df8-7a7f-4077-a053-c26dc3d3d65a: receive RaftClientReply:client-C82EA620EB9B->85302df8-7a7f-4077-a053-c26dc3d3d65a@group-4701ABA8D7D0, cid=2704, SUCCESS, logIndex=4514, commits[85302df8-7a7f-4077-a053-c26dc3d3d65a:c4515]
2019-06-13 22:53:55,113 INFO  client.GrpcClientProtocolClient (GrpcClientProtocolClient.java:onNext(254)) - client-C82EA620EB9B->85302df8-7a7f-4077-a053-c26dc3d3d65a: receive RaftClientReply:client-C82EA620EB9B->85302df8-7a7f-4077-a053-c26dc3d3d65a@group-4701ABA8D7D0, cid=2705, SUCCESS, logIndex=4516, commits[85302df8-7a7f-4077-a053-c26dc3d3d65a:c4516]
2019-06-13 22:53:55,113 INFO  storage.RaftLogWorker (RaftLogWorker.java:rollLogSegment(303)) - 85302df8-7a7f-4077-a053-c26dc3d3d65a-RaftLogWorker: Rolling segment log-4448_4518 to index:4518
2019-06-13 22:53:55,113 INFO  storage.RaftLogWorker (RaftLogWorker.java:execute(433)) - 85302df8-7a7f-4077-a053-c26dc3d3d65a-RaftLogWorker: Rolled log segment from /opt/src/hadoop-ozone/integration-test/target/test-dir/MiniOzoneClusterImpl-550f9ca0-a6d9-4a4a-902f-f07ac81eac7b/datanode-0/data/ratis/5ad10fc2-5a33-4bdd-8958-4701aba8d7d0/current/log_inprogress_4448 to /opt/src/hadoop-ozone/integration-test/target/test-dir/MiniOzoneClusterImpl-550f9ca0-a6d9-4a4a-902f-f07ac81eac7b/datanode-0/data/ratis/5ad10fc2-5a33-4bdd-8958-4701aba8d7d0/current/log_4448-4518
2019-06-13 22:53:55,118 INFO  client.GrpcClientProtocolClient (GrpcClientProtocolClient.java:onNext(254)) - client-C82EA620EB9B->85302df8-7a7f-4077-a053-c26dc3d3d65a: receive RaftClientReply:client-C82EA620EB9B->85302df8-7a7f-4077-a053-c26dc3d3d65a@group-4701ABA8D7D0, cid=2706, SUCCESS, logIndex=4518, commits[85302df8-7a7f-4077-a053-c26dc3d3d65a:c4518]
2019-06-13 22:53:55,142 DEBUG block.SCMBlockDeletingService (SCMBlockDeletingService.java:call(138)) - Running DeletedBlockTransactionScanner
2019-06-13 22:53:55,143 DEBUG block.SCMBlockDeletingService (SCMBlockDeletingService.java:call(155)) - Scanned deleted blocks log and got 0 delTX to process.
2019-06-13 22:53:55,155 INFO  storage.RaftLogWorker (RaftLogWorker.java:execute(469)) - 85302df8-7a7f-4077-a053-c26dc3d3d65a-RaftLogWorker: created new log segment /opt/src/hadoop-ozone/integration-test/target/test-dir/MiniOzoneClusterImpl-550f9ca0-a6d9-4a4a-902f-f07ac81eac7b/datanode-0/data/ratis/5ad10fc2-5a33-4bdd-8958-4701aba8d7d0/current/log_inprogress_4519
2019-06-13 22:53:55,156 INFO  client.GrpcClientProtocolClient (GrpcClientProtocolClient.java:onNext(254)) - client-C82EA620EB9B->85302df8-7a7f-4077-a053-c26dc3d3d65a: receive RaftClientReply:client-C82EA620EB9B->85302df8-7a7f-4077-a053-c26dc3d3d65a@group-4701ABA8D7D0, cid=2707, SUCCESS, logIndex=4519, commits[85302df8-7a7f-4077-a053-c26dc3d3d65a:c4521]
2019-06-13 22:53:55,157 INFO  client.GrpcClientProtocolClient (GrpcClientProtocolClient.java:onNext(254)) - client-C82EA620EB9B->85302df8-7a7f-4077-a053-c26dc3d3d65a: receive RaftClientReply:client-C82EA620EB9B->85302df8-7a7f-4077-a053-c26dc3d3d65a@group-4701ABA8D7D0, cid=2708, SUCCESS, logIndex=4520, commits[85302df8-7a7f-4077-a053-c26dc3d3d65a:c4521]
2019-06-13 22:53:55,163 INFO  client.GrpcClientProtocolClient (GrpcClientProtocolClient.java:onNext(254)) - client-C82EA620EB9B->85302df8-7a7f-4077-a053-c26dc3d3d65a: receive RaftClientReply:client-C82EA620EB9B->85302df8-7a7f-4077-a053-c26dc3d3d65a@group-4701ABA8D7D0, cid=2709, SUCCESS, logIndex=4522, commits[85302df8-7a7f-4077-a053-c26dc3d3d65a:c4522]
2019-06-13 22:53:55,164 INFO  client.GrpcClientProtocolClient (GrpcClientProtocolClient.java:onNext(254)) - client-C82EA620EB9B->85302df8-7a7f-4077-a053-c26dc3d3d65a: receive RaftClientReply:client-C82EA620EB9B->85302df8-7a7f-4077-a053-c26dc3d3d65a@group-4701ABA8D7D0, cid=2710, SUCCESS, logIndex=4524, commits[85302df8-7a7f-4077-a053-c26dc3d3d65a:c4524]
2019-06-13 22:53:55,165 INFO  client.GrpcClientProtocolClient (GrpcClientProtocolClient.java:onNext(254)) - client-C82EA620EB9B->85302df8-7a7f-4077-a053-c26dc3d3d65a: receive RaftClientReply:client-C82EA620EB9B->85302df8-7a7f-4077-a053-c26dc3d3d65a@group-4701ABA8D7D0, cid=2711, SUCCESS, logIndex=4525, commits[85302df8-7a7f-4077-a053-c26dc3d3d65a:c4527]
2019-06-13 22:53:55,166 INFO  client.GrpcClientProtocolClient (GrpcClientProtocolClient.java:onNext(254)) - client-C82EA620EB9B->85302df8-7a7f-4077-a053-c26dc3d3d65a: receive RaftClientReply:client-C82EA620EB9B->85302df8-7a7f-4077-a053-c26dc3d3d65a@group-4701ABA8D7D0, cid=2712, SUCCESS, logIndex=4526, commits[85302df8-7a7f-4077-a053-c26dc3d3d65a:c4527]
2019-06-13 22:53:55,195 INFO  client.GrpcClientProtocolClient (GrpcClientProtocolClient.java:onNext(254)) - client-C82EA620EB9B->85302df8-7a7f-4077-a053-c26dc3d3d65a: receive RaftClientReply:client-C82EA620EB9B->85302df8-7a7f-4077-a053-c26dc3d3d65a@group-4701ABA8D7D0, cid=2713, SUCCESS, logIndex=4528, commits[85302df8-7a7f-4077-a053-c26dc3d3d65a:c4528]
2019-06-13 22:53:55,196 INFO  client.GrpcClientProtocolClient (GrpcClientProtocolClient.java:onNext(254)) - client-C82EA620EB9B->85302df8-7a7f-4077-a053-c26dc3d3d65a: receive RaftClientReply:client-C82EA620EB9B->85302df8-7a7f-4077-a053-c26dc3d3d65a@group-4701ABA8D7D0, cid=2714, SUCCESS, logIndex=4530, commits[85302df8-7a7f-4077-a053-c26dc3d3d65a:c4530]
2019-06-13 22:53:55,199 INFO  client.GrpcClientProtocolClient (GrpcClientProtocolClient.java:onNext(254)) - client-C82EA620EB9B->85302df8-7a7f-4077-a053-c26dc3d3d65a: receive RaftClientReply:client-C82EA620EB9B->85302df8-7a7f-4077-a053-c26dc3d3d65a@group-4701ABA8D7D0, cid=2715, SUCCESS, logIndex=4532, commits[85302df8-7a7f-4077-a053-c26dc3d3d65a:c4534]
2019-06-13 22:53:55,200 INFO  client.GrpcClientProtocolClient (GrpcClientProtocolClient.java:onNext(254)) - client-C82EA620EB9B->85302df8-7a7f-4077-a053-c26dc3d3d65a: receive RaftClientReply:client-C82EA620EB9B->85302df8-7a7f-4077-a053-c26dc3d3d65a@group-4701ABA8D7D0, cid=2716, SUCCESS, logIndex=4533, commits[85302df8-7a7f-4077-a053-c26dc3d3d65a:c4534]
2019-06-13 22:53:55,206 INFO  client.GrpcClientProtocolClient (GrpcClientProtocolClient.java:onNext(254)) - client-C82EA620EB9B->85302df8-7a7f-4077-a053-c26dc3d3d65a: receive RaftClientReply:client-C82EA620EB9B->85302df8-7a7f-4077-a053-c26dc3d3d65a@group-4701ABA8D7D0, cid=2717, SUCCESS, logIndex=4535, commits[85302df8-7a7f-4077-a053-c26dc3d3d65a:c4535]
2019-06-13 22:53:55,207 INFO  client.GrpcClientProtocolClient (GrpcClientProtocolClient.java:onNext(254)) - client-C82EA620EB9B->85302df8-7a7f-4077-a053-c26dc3d3d65a: receive RaftClientReply:client-C82EA620EB9B->85302df8-7a7f-4077-a053-c26dc3d3d65a@group-4701ABA8D7D0, cid=2718, SUCCESS, logIndex=4537, commits[85302df8-7a7f-4077-a053-c26dc3d3d65a:c4537]
2019-06-13 22:53:55,209 INFO  client.GrpcClientProtocolClient (GrpcClientProtocolClient.java:onNext(254)) - client-C82EA620EB9B->85302df8-7a7f-4077-a053-c26dc3d3d65a: receive RaftClientReply:client-C82EA620EB9B->85302df8-7a7f-4077-a053-c26dc3d3d65a@group-4701ABA8D7D0, cid=2719, SUCCESS, logIndex=4538, commits[85302df8-7a7f-4077-a053-c26dc3d3d65a:c4540]
2019-06-13 22:53:55,209 INFO  client.GrpcClientProtocolClient (GrpcClientProtocolClient.java:onNext(254)) - client-C82EA620EB9B->85302df8-7a7f-4077-a053-c26dc3d3d65a: receive RaftClientReply:client-C82EA620EB9B->85302df8-7a7f-4077-a053-c26dc3d3d65a@group-4701ABA8D7D0, cid=2720, SUCCESS, logIndex=4539, commits[85302df8-7a7f-4077-a053-c26dc3d3d65a:c4540]
2019-06-13 22:53:55,259 DEBUG block.SCMBlockDeletingService (SCMBlockDeletingService.java:call(138)) - Running DeletedBlockTransactionScanner
2019-06-13 22:53:55,259 DEBUG block.SCMBlockDeletingService (SCMBlockDeletingService.java:call(155)) - Scanned deleted blocks log and got 0 delTX to process.
2019-06-13 22:53:55,264 INFO  client.GrpcClientProtocolClient (GrpcClientProtocolClient.java:onNext(254)) - client-C82EA620EB9B->85302df8-7a7f-4077-a053-c26dc3d3d65a: receive RaftClientReply:client-C82EA620EB9B->85302df8-7a7f-4077-a053-c26dc3d3d65a@group-4701ABA8D7D0, cid=2721, SUCCESS, logIndex=4541, commits[85302df8-7a7f-4077-a053-c26dc3d3d65a:c4541]
2019-06-13 22:53:55,266 INFO  client.GrpcClientProtocolClient (GrpcClientProtocolClient.java:onNext(254)) - client-C82EA620EB9B->85302df8-7a7f-4077-a053-c26dc3d3d65a: receive RaftClientReply:client-C82EA620EB9B->85302df8-7a7f-4077-a053-c26dc3d3d65a@group-4701ABA8D7D0, cid=2722, SUCCESS, logIndex=4543, commits[85302df8-7a7f-4077-a053-c26dc3d3d65a:c4543]
2019-06-13 22:53:55,267 INFO  client.GrpcClientProtocolClient (GrpcClientProtocolClient.java:onNext(254)) - client-C82EA620EB9B->85302df8-7a7f-4077-a053-c26dc3d3d65a: receive RaftClientReply:client-C82EA620EB9B->85302df8-7a7f-4077-a053-c26dc3d3d65a@group-4701ABA8D7D0, cid=2723, SUCCESS, logIndex=4544, commits[85302df8-7a7f-4077-a053-c26dc3d3d65a:c4546]
2019-06-13 22:53:55,267 INFO  client.GrpcClientProtocolClient (GrpcClientProtocolClient.java:onNext(254)) - client-C82EA620EB9B->85302df8-7a7f-4077-a053-c26dc3d3d65a: receive RaftClientReply:client-C82EA620EB9B->85302df8-7a7f-4077-a053-c26dc3d3d65a@group-4701ABA8D7D0, cid=2724, SUCCESS, logIndex=4545, commits[85302df8-7a7f-4077-a053-c26dc3d3d65a:c4546]
2019-06-13 22:53:55,272 INFO  client.GrpcClientProtocolClient (GrpcClientProtocolClient.java:onNext(254)) - client-C82EA620EB9B->85302df8-7a7f-4077-a053-c26dc3d3d65a: receive RaftClientReply:client-C82EA620EB9B->85302df8-7a7f-4077-a053-c26dc3d3d65a@group-4701ABA8D7D0, cid=2725, SUCCESS, logIndex=4547, commits[85302df8-7a7f-4077-a053-c26dc3d3d65a:c4547]
2019-06-13 22:53:55,273 INFO  client.GrpcClientProtocolClient (GrpcClientProtocolClient.java:onNext(254)) - client-C82EA620EB9B->85302df8-7a7f-4077-a053-c26dc3d3d65a: receive RaftClientReply:client-C82EA620EB9B->85302df8-7a7f-4077-a053-c26dc3d3d65a@group-4701ABA8D7D0, cid=2726, SUCCESS, logIndex=4549, commits[85302df8-7a7f-4077-a053-c26dc3d3d65a:c4549]
2019-06-13 22:53:55,275 INFO  client.GrpcClientProtocolClient (GrpcClientProtocolClient.java:onNext(254)) - client-C82EA620EB9B->85302df8-7a7f-4077-a053-c26dc3d3d65a: receive RaftClientReply:client-C82EA620EB9B->85302df8-7a7f-4077-a053-c26dc3d3d65a@group-4701ABA8D7D0, cid=2727, SUCCESS, logIndex=4550, commits[85302df8-7a7f-4077-a053-c26dc3d3d65a:c4552]
2019-06-13 22:53:55,275 INFO  client.GrpcClientProtocolClient (GrpcClientProtocolClient.java:onNext(254)) - client-C82EA620EB9B->85302df8-7a7f-4077-a053-c26dc3d3d65a: receive RaftClientReply:client-C82EA620EB9B->85302df8-7a7f-4077-a053-c26dc3d3d65a@group-4701ABA8D7D0, cid=2728, SUCCESS, logIndex=4551, commits[85302df8-7a7f-4077-a053-c26dc3d3d65a:c4552]
2019-06-13 22:53:55,285 INFO  client.GrpcClientProtocolClient (GrpcClientProtocolClient.java:onNext(254)) - client-C82EA620EB9B->85302df8-7a7f-4077-a053-c26dc3d3d65a: receive RaftClientReply:client-C82EA620EB9B->85302df8-7a7f-4077-a053-c26dc3d3d65a@group-4701ABA8D7D0, cid=2729, SUCCESS, logIndex=4553, commits[85302df8-7a7f-4077-a053-c26dc3d3d65a:c4553]
2019-06-13 22:53:55,287 INFO  client.GrpcClientProtocolClient (GrpcClientProtocolClient.java:onNext(254)) - client-C82EA620EB9B->85302df8-7a7f-4077-a053-c26dc3d3d65a: receive RaftClientReply:client-C82EA620EB9B->85302df8-7a7f-4077-a053-c26dc3d3d65a@group-4701ABA8D7D0, cid=2730, SUCCESS, logIndex=4555, commits[85302df8-7a7f-4077-a053-c26dc3d3d65a:c4555]
2019-06-13 22:53:55,287 INFO  client.GrpcClientProtocolClient (GrpcClientProtocolClient.java:onNext(254)) - client-C82EA620EB9B->85302df8-7a7f-4077-a053-c26dc3d3d65a: receive RaftClientReply:client-C82EA620EB9B->85302df8-7a7f-4077-a053-c26dc3d3d65a@group-4701ABA8D7D0, cid=2731, SUCCESS, logIndex=4556, commits[85302df8-7a7f-4077-a053-c26dc3d3d65a:c4558]
2019-06-13 22:53:55,288 INFO  client.GrpcClientProtocolClient (GrpcClientProtocolClient.java:onNext(254)) - client-C82EA620EB9B->85302df8-7a7f-4077-a053-c26dc3d3d65a: receive RaftClientReply:client-C82EA620EB9B->85302df8-7a7f-4077-a053-c26dc3d3d65a@group-4701ABA8D7D0, cid=2732, SUCCESS, logIndex=4557, commits[85302df8-7a7f-4077-a053-c26dc3d3d65a:c4558]
2019-06-13 22:53:55,293 INFO  client.GrpcClientProtocolClient (GrpcClientProtocolClient.java:onNext(254)) - client-C82EA620EB9B->85302df8-7a7f-4077-a053-c26dc3d3d65a: receive RaftClientReply:client-C82EA620EB9B->85302df8-7a7f-4077-a053-c26dc3d3d65a@group-4701ABA8D7D0, cid=2733, SUCCESS, logIndex=4559, commits[85302df8-7a7f-4077-a053-c26dc3d3d65a:c4559]
2019-06-13 22:53:55,294 INFO  client.GrpcClientProtocolClient (GrpcClientProtocolClient.java:onNext(254)) - client-C82EA620EB9B->85302df8-7a7f-4077-a053-c26dc3d3d65a: receive RaftClientReply:client-C82EA620EB9B->85302df8-7a7f-4077-a053-c26dc3d3d65a@group-4701ABA8D7D0, cid=2734, SUCCESS, logIndex=4561, commits[85302df8-7a7f-4077-a053-c26dc3d3d65a:c4561]
2019-06-13 22:53:55,295 INFO  client.GrpcClientProtocolClient (GrpcClientProtocolClient.java:onNext(254)) - client-C82EA620EB9B->85302df8-7a7f-4077-a053-c26dc3d3d65a: receive RaftClientReply:client-C82EA620EB9B->85302df8-7a7f-4077-a053-c26dc3d3d65a@group-4701ABA8D7D0, cid=2735, SUCCESS, logIndex=4562, commits[85302df8-7a7f-4077-a053-c26dc3d3d65a:c4564]
2019-06-13 22:53:55,295 INFO  client.GrpcClientProtocolClient (GrpcClientProtocolClient.java:onNext(254)) - client-C82EA620EB9B->85302df8-7a7f-4077-a053-c26dc3d3d65a: receive RaftClientReply:client-C82EA620EB9B->85302df8-7a7f-4077-a053-c26dc3d3d65a@group-4701ABA8D7D0, cid=2736, SUCCESS, logIndex=4563, commits[85302df8-7a7f-4077-a053-c26dc3d3d65a:c4564]
2019-06-13 22:53:55,305 INFO  client.GrpcClientProtocolClient (GrpcClientProtocolClient.java:onNext(254)) - client-C82EA620EB9B->85302df8-7a7f-4077-a053-c26dc3d3d65a: receive RaftClientReply:client-C82EA620EB9B->85302df8-7a7f-4077-a053-c26dc3d3d65a@group-4701ABA8D7D0, cid=2737, SUCCESS, logIndex=4565, commits[85302df8-7a7f-4077-a053-c26dc3d3d65a:c4565]
2019-06-13 22:53:55,306 INFO  client.GrpcClientProtocolClient (GrpcClientProtocolClient.java:onNext(254)) - client-C82EA620EB9B->85302df8-7a7f-4077-a053-c26dc3d3d65a: receive RaftClientReply:client-C82EA620EB9B->85302df8-7a7f-4077-a053-c26dc3d3d65a@group-4701ABA8D7D0, cid=2738, SUCCESS, logIndex=4567, commits[85302df8-7a7f-4077-a053-c26dc3d3d65a:c4567]
2019-06-13 22:53:55,308 INFO  client.GrpcClientProtocolClient (GrpcClientProtocolClient.java:onNext(254)) - client-C82EA620EB9B->85302df8-7a7f-4077-a053-c26dc3d3d65a: receive RaftClientReply:client-C82EA620EB9B->85302df8-7a7f-4077-a053-c26dc3d3d65a@group-4701ABA8D7D0, cid=2739, SUCCESS, logIndex=4568, commits[85302df8-7a7f-4077-a053-c26dc3d3d65a:c4570]
2019-06-13 22:53:55,308 INFO  client.GrpcClientProtocolClient (GrpcClientProtocolClient.java:onNext(254)) - client-C82EA620EB9B->85302df8-7a7f-4077-a053-c26dc3d3d65a: receive RaftClientReply:client-C82EA620EB9B->85302df8-7a7f-4077-a053-c26dc3d3d65a@group-4701ABA8D7D0, cid=2740, SUCCESS, logIndex=4569, commits[85302df8-7a7f-4077-a053-c26dc3d3d65a:c4570]
2019-06-13 22:53:55,359 DEBUG block.SCMBlockDeletingService (SCMBlockDeletingService.java:call(138)) - Running DeletedBlockTransactionScanner
2019-06-13 22:53:55,359 DEBUG block.SCMBlockDeletingService (SCMBlockDeletingService.java:call(155)) - Scanned deleted blocks log and got 0 delTX to process.
2019-06-13 22:53:55,381 INFO  client.GrpcClientProtocolClient (GrpcClientProtocolClient.java:onNext(254)) - client-C82EA620EB9B->85302df8-7a7f-4077-a053-c26dc3d3d65a: receive RaftClientReply:client-C82EA620EB9B->85302df8-7a7f-4077-a053-c26dc3d3d65a@group-4701ABA8D7D0, cid=2741, SUCCESS, logIndex=4571, commits[85302df8-7a7f-4077-a053-c26dc3d3d65a:c4571]
2019-06-13 22:53:55,382 INFO  client.GrpcClientProtocolClient (GrpcClientProtocolClient.java:onNext(254)) - client-C82EA620EB9B->85302df8-7a7f-4077-a053-c26dc3d3d65a: receive RaftClientReply:client-C82EA620EB9B->85302df8-7a7f-4077-a053-c26dc3d3d65a@group-4701ABA8D7D0, cid=2742, SUCCESS, logIndex=4573, commits[85302df8-7a7f-4077-a053-c26dc3d3d65a:c4573]
2019-06-13 22:53:55,383 INFO  client.GrpcClientProtocolClient (GrpcClientProtocolClient.java:onNext(254)) - client-C82EA620EB9B->85302df8-7a7f-4077-a053-c26dc3d3d65a: receive RaftClientReply:client-C82EA620EB9B->85302df8-7a7f-4077-a053-c26dc3d3d65a@group-4701ABA8D7D0, cid=2743, SUCCESS, logIndex=4574, commits[85302df8-7a7f-4077-a053-c26dc3d3d65a:c4576]
2019-06-13 22:53:55,384 INFO  client.GrpcClientProtocolClient (GrpcClientProtocolClient.java:onNext(254)) - client-C82EA620EB9B->85302df8-7a7f-4077-a053-c26dc3d3d65a: receive RaftClientReply:client-C82EA620EB9B->85302df8-7a7f-4077-a053-c26dc3d3d65a@group-4701ABA8D7D0, cid=2744, SUCCESS, logIndex=4575, commits[85302df8-7a7f-4077-a053-c26dc3d3d65a:c4576]
2019-06-13 22:53:55,396 INFO  client.GrpcClientProtocolClient (GrpcClientProtocolClient.java:onNext(254)) - client-C82EA620EB9B->85302df8-7a7f-4077-a053-c26dc3d3d65a: receive RaftClientReply:client-C82EA620EB9B->85302df8-7a7f-4077-a053-c26dc3d3d65a@group-4701ABA8D7D0, cid=2745, SUCCESS, logIndex=4577, commits[85302df8-7a7f-4077-a053-c26dc3d3d65a:c4577]
2019-06-13 22:53:55,397 INFO  client.GrpcClientProtocolClient (GrpcClientProtocolClient.java:onNext(254)) - client-C82EA620EB9B->85302df8-7a7f-4077-a053-c26dc3d3d65a: receive RaftClientReply:client-C82EA620EB9B->85302df8-7a7f-4077-a053-c26dc3d3d65a@group-4701ABA8D7D0, cid=2746, SUCCESS, logIndex=4579, commits[85302df8-7a7f-4077-a053-c26dc3d3d65a:c4579]
2019-06-13 22:53:55,400 INFO  client.GrpcClientProtocolClient (GrpcClientProtocolClient.java:onNext(254)) - client-C82EA620EB9B->85302df8-7a7f-4077-a053-c26dc3d3d65a: receive RaftClientReply:client-C82EA620EB9B->85302df8-7a7f-4077-a053-c26dc3d3d65a@group-4701ABA8D7D0, cid=2747, SUCCESS, logIndex=4581, commits[85302df8-7a7f-4077-a053-c26dc3d3d65a:c4582]
2019-06-13 22:53:55,400 INFO  client.GrpcClientProtocolClient (GrpcClientProtocolClient.java:onNext(254)) - client-C82EA620EB9B->85302df8-7a7f-4077-a053-c26dc3d3d65a: receive RaftClientReply:client-C82EA620EB9B->85302df8-7a7f-4077-a053-c26dc3d3d65a@group-4701ABA8D7D0, cid=2748, SUCCESS, logIndex=4582, commits[85302df8-7a7f-4077-a053-c26dc3d3d65a:c4582]
2019-06-13 22:53:55,406 INFO  client.GrpcClientProtocolClient (GrpcClientProtocolClient.java:onNext(254)) - client-C82EA620EB9B->85302df8-7a7f-4077-a053-c26dc3d3d65a: receive RaftClientReply:client-C82EA620EB9B->85302df8-7a7f-4077-a053-c26dc3d3d65a@group-4701ABA8D7D0, cid=2749, SUCCESS, logIndex=4584, commits[85302df8-7a7f-4077-a053-c26dc3d3d65a:c4584]
2019-06-13 22:53:55,406 INFO  storage.RaftLogWorker (RaftLogWorker.java:rollLogSegment(303)) - 85302df8-7a7f-4077-a053-c26dc3d3d65a-RaftLogWorker: Rolling segment log-4519_4585 to index:4585
2019-06-13 22:53:55,407 INFO  storage.RaftLogWorker (RaftLogWorker.java:execute(433)) - 85302df8-7a7f-4077-a053-c26dc3d3d65a-RaftLogWorker: Rolled log segment from /opt/src/hadoop-ozone/integration-test/target/test-dir/MiniOzoneClusterImpl-550f9ca0-a6d9-4a4a-902f-f07ac81eac7b/datanode-0/data/ratis/5ad10fc2-5a33-4bdd-8958-4701aba8d7d0/current/log_inprogress_4519 to /opt/src/hadoop-ozone/integration-test/target/test-dir/MiniOzoneClusterImpl-550f9ca0-a6d9-4a4a-902f-f07ac81eac7b/datanode-0/data/ratis/5ad10fc2-5a33-4bdd-8958-4701aba8d7d0/current/log_4519-4585
2019-06-13 22:53:55,443 INFO  storage.RaftLogWorker (RaftLogWorker.java:execute(469)) - 85302df8-7a7f-4077-a053-c26dc3d3d65a-RaftLogWorker: created new log segment /opt/src/hadoop-ozone/integration-test/target/test-dir/MiniOzoneClusterImpl-550f9ca0-a6d9-4a4a-902f-f07ac81eac7b/datanode-0/data/ratis/5ad10fc2-5a33-4bdd-8958-4701aba8d7d0/current/log_inprogress_4586
2019-06-13 22:53:55,445 INFO  client.GrpcClientProtocolClient (GrpcClientProtocolClient.java:onNext(254)) - client-C82EA620EB9B->85302df8-7a7f-4077-a053-c26dc3d3d65a: receive RaftClientReply:client-C82EA620EB9B->85302df8-7a7f-4077-a053-c26dc3d3d65a@group-4701ABA8D7D0, cid=2750, SUCCESS, logIndex=4586, commits[85302df8-7a7f-4077-a053-c26dc3d3d65a:c4588]
2019-06-13 22:53:55,445 INFO  client.GrpcClientProtocolClient (GrpcClientProtocolClient.java:onNext(254)) - client-C82EA620EB9B->85302df8-7a7f-4077-a053-c26dc3d3d65a: receive RaftClientReply:client-C82EA620EB9B->85302df8-7a7f-4077-a053-c26dc3d3d65a@group-4701ABA8D7D0, cid=2751, SUCCESS, logIndex=4587, commits[85302df8-7a7f-4077-a053-c26dc3d3d65a:c4589]
2019-06-13 22:53:55,446 INFO  client.GrpcClientProtocolClient (GrpcClientProtocolClient.java:onNext(254)) - client-C82EA620EB9B->85302df8-7a7f-4077-a053-c26dc3d3d65a: receive RaftClientReply:client-C82EA620EB9B->85302df8-7a7f-4077-a053-c26dc3d3d65a@group-4701ABA8D7D0, cid=2752, SUCCESS, logIndex=4588, commits[85302df8-7a7f-4077-a053-c26dc3d3d65a:c4589]
2019-06-13 22:53:55,457 INFO  client.GrpcClientProtocolClient (GrpcClientProtocolClient.java:onNext(254)) - client-C82EA620EB9B->85302df8-7a7f-4077-a053-c26dc3d3d65a: receive RaftClientReply:client-C82EA620EB9B->85302df8-7a7f-4077-a053-c26dc3d3d65a@group-4701ABA8D7D0, cid=2753, SUCCESS, logIndex=4590, commits[85302df8-7a7f-4077-a053-c26dc3d3d65a:c4590]
2019-06-13 22:53:55,459 DEBUG block.SCMBlockDeletingService (SCMBlockDeletingService.java:call(138)) - Running DeletedBlockTransactionScanner
2019-06-13 22:53:55,460 DEBUG block.SCMBlockDeletingService (SCMBlockDeletingService.java:call(155)) - Scanned deleted blocks log and got 0 delTX to process.
2019-06-13 22:53:55,459 INFO  client.GrpcClientProtocolClient (GrpcClientProtocolClient.java:onNext(254)) - client-C82EA620EB9B->85302df8-7a7f-4077-a053-c26dc3d3d65a: receive RaftClientReply:client-C82EA620EB9B->85302df8-7a7f-4077-a053-c26dc3d3d65a@group-4701ABA8D7D0, cid=2754, SUCCESS, logIndex=4592, commits[85302df8-7a7f-4077-a053-c26dc3d3d65a:c4592]
2019-06-13 22:53:55,465 INFO  client.GrpcClientProtocolClient (GrpcClientProtocolClient.java:onNext(254)) - client-C82EA620EB9B->85302df8-7a7f-4077-a053-c26dc3d3d65a: receive RaftClientReply:client-C82EA620EB9B->85302df8-7a7f-4077-a053-c26dc3d3d65a@group-4701ABA8D7D0, cid=2755, SUCCESS, logIndex=4593, commits[85302df8-7a7f-4077-a053-c26dc3d3d65a:c4593]
2019-06-13 22:53:55,466 INFO  client.GrpcClientProtocolClient (GrpcClientProtocolClient.java:onNext(254)) - client-C82EA620EB9B->85302df8-7a7f-4077-a053-c26dc3d3d65a: receive RaftClientReply:client-C82EA620EB9B->85302df8-7a7f-4077-a053-c26dc3d3d65a@group-4701ABA8D7D0, cid=2756, SUCCESS, logIndex=4595, commits[85302df8-7a7f-4077-a053-c26dc3d3d65a:c4595]
2019-06-13 22:53:55,474 INFO  client.GrpcClientProtocolClient (GrpcClientProtocolClient.java:onNext(254)) - client-C82EA620EB9B->85302df8-7a7f-4077-a053-c26dc3d3d65a: receive RaftClientReply:client-C82EA620EB9B->85302df8-7a7f-4077-a053-c26dc3d3d65a@group-4701ABA8D7D0, cid=2757, SUCCESS, logIndex=4598, commits[85302df8-7a7f-4077-a053-c26dc3d3d65a:c4598]
2019-06-13 22:53:55,476 INFO  client.GrpcClientProtocolClient (GrpcClientProtocolClient.java:onNext(254)) - client-C82EA620EB9B->85302df8-7a7f-4077-a053-c26dc3d3d65a: receive RaftClientReply:client-C82EA620EB9B->85302df8-7a7f-4077-a053-c26dc3d3d65a@group-4701ABA8D7D0, cid=2758, SUCCESS, logIndex=4600, commits[85302df8-7a7f-4077-a053-c26dc3d3d65a:c4600]
2019-06-13 22:53:55,477 INFO  client.GrpcClientProtocolClient (GrpcClientProtocolClient.java:onNext(254)) - client-C82EA620EB9B->85302df8-7a7f-4077-a053-c26dc3d3d65a: receive RaftClientReply:client-C82EA620EB9B->85302df8-7a7f-4077-a053-c26dc3d3d65a@group-4701ABA8D7D0, cid=2759, SUCCESS, logIndex=4601, commits[85302df8-7a7f-4077-a053-c26dc3d3d65a:c4603]
2019-06-13 22:53:55,477 INFO  client.GrpcClientProtocolClient (GrpcClientProtocolClient.java:onNext(254)) - client-C82EA620EB9B->85302df8-7a7f-4077-a053-c26dc3d3d65a: receive RaftClientReply:client-C82EA620EB9B->85302df8-7a7f-4077-a053-c26dc3d3d65a@group-4701ABA8D7D0, cid=2760, SUCCESS, logIndex=4602, commits[85302df8-7a7f-4077-a053-c26dc3d3d65a:c4603]
2019-06-13 22:53:55,487 INFO  client.GrpcClientProtocolClient (GrpcClientProtocolClient.java:onNext(254)) - client-C82EA620EB9B->85302df8-7a7f-4077-a053-c26dc3d3d65a: receive RaftClientReply:client-C82EA620EB9B->85302df8-7a7f-4077-a053-c26dc3d3d65a@group-4701ABA8D7D0, cid=2761, SUCCESS, logIndex=4604, commits[85302df8-7a7f-4077-a053-c26dc3d3d65a:c4604]
2019-06-13 22:53:55,488 INFO  client.GrpcClientProtocolClient (GrpcClientProtocolClient.java:onNext(254)) - client-C82EA620EB9B->85302df8-7a7f-4077-a053-c26dc3d3d65a: receive RaftClientReply:client-C82EA620EB9B->85302df8-7a7f-4077-a053-c26dc3d3d65a@group-4701ABA8D7D0, cid=2762, SUCCESS, logIndex=4606, commits[85302df8-7a7f-4077-a053-c26dc3d3d65a:c4606]
2019-06-13 22:53:55,489 INFO  client.GrpcClientProtocolClient (GrpcClientProtocolClient.java:onNext(254)) - client-C82EA620EB9B->85302df8-7a7f-4077-a053-c26dc3d3d65a: receive RaftClientReply:client-C82EA620EB9B->85302df8-7a7f-4077-a053-c26dc3d3d65a@group-4701ABA8D7D0, cid=2763, SUCCESS, logIndex=4607, commits[85302df8-7a7f-4077-a053-c26dc3d3d65a:c4609]
2019-06-13 22:53:55,490 INFO  client.GrpcClientProtocolClient (GrpcClientProtocolClient.java:onNext(254)) - client-C82EA620EB9B->85302df8-7a7f-4077-a053-c26dc3d3d65a: receive RaftClientReply:client-C82EA620EB9B->85302df8-7a7f-4077-a053-c26dc3d3d65a@group-4701ABA8D7D0, cid=2764, SUCCESS, logIndex=4608, commits[85302df8-7a7f-4077-a053-c26dc3d3d65a:c4609]
2019-06-13 22:53:55,498 INFO  client.GrpcClientProtocolClient (GrpcClientProtocolClient.java:onNext(254)) - client-C82EA620EB9B->85302df8-7a7f-4077-a053-c26dc3d3d65a: receive RaftClientReply:client-C82EA620EB9B->85302df8-7a7f-4077-a053-c26dc3d3d65a@group-4701ABA8D7D0, cid=2765, SUCCESS, logIndex=4610, commits[85302df8-7a7f-4077-a053-c26dc3d3d65a:c4610]
2019-06-13 22:53:55,499 INFO  client.GrpcClientProtocolClient (GrpcClientProtocolClient.java:onNext(254)) - client-C82EA620EB9B->85302df8-7a7f-4077-a053-c26dc3d3d65a: receive RaftClientReply:client-C82EA620EB9B->85302df8-7a7f-4077-a053-c26dc3d3d65a@group-4701ABA8D7D0, cid=2766, SUCCESS, logIndex=4612, commits[85302df8-7a7f-4077-a053-c26dc3d3d65a:c4612]
2019-06-13 22:53:55,501 INFO  client.GrpcClientProtocolClient (GrpcClientProtocolClient.java:onNext(254)) - client-C82EA620EB9B->85302df8-7a7f-4077-a053-c26dc3d3d65a: receive RaftClientReply:client-C82EA620EB9B->85302df8-7a7f-4077-a053-c26dc3d3d65a@group-4701ABA8D7D0, cid=2767, SUCCESS, logIndex=4613, commits[85302df8-7a7f-4077-a053-c26dc3d3d65a:c4615]
2019-06-13 22:53:55,501 INFO  client.GrpcClientProtocolClient (GrpcClientProtocolClient.java:onNext(254)) - client-C82EA620EB9B->85302df8-7a7f-4077-a053-c26dc3d3d65a: receive RaftClientReply:client-C82EA620EB9B->85302df8-7a7f-4077-a053-c26dc3d3d65a@group-4701ABA8D7D0, cid=2768, SUCCESS, logIndex=4614, commits[85302df8-7a7f-4077-a053-c26dc3d3d65a:c4615]
2019-06-13 22:53:55,510 INFO  client.GrpcClientProtocolClient (GrpcClientProtocolClient.java:onNext(254)) - client-C82EA620EB9B->85302df8-7a7f-4077-a053-c26dc3d3d65a: receive RaftClientReply:client-C82EA620EB9B->85302df8-7a7f-4077-a053-c26dc3d3d65a@group-4701ABA8D7D0, cid=2769, SUCCESS, logIndex=4616, commits[85302df8-7a7f-4077-a053-c26dc3d3d65a:c4616]
2019-06-13 22:53:55,512 INFO  client.GrpcClientProtocolClient (GrpcClientProtocolClient.java:onNext(254)) - client-C82EA620EB9B->85302df8-7a7f-4077-a053-c26dc3d3d65a: receive RaftClientReply:client-C82EA620EB9B->85302df8-7a7f-4077-a053-c26dc3d3d65a@group-4701ABA8D7D0, cid=2770, SUCCESS, logIndex=4618, commits[85302df8-7a7f-4077-a053-c26dc3d3d65a:c4618]
2019-06-13 22:53:55,513 INFO  client.GrpcClientProtocolClient (GrpcClientProtocolClient.java:onNext(254)) - client-C82EA620EB9B->85302df8-7a7f-4077-a053-c26dc3d3d65a: receive RaftClientReply:client-C82EA620EB9B->85302df8-7a7f-4077-a053-c26dc3d3d65a@group-4701ABA8D7D0, cid=2771, SUCCESS, logIndex=4619, commits[85302df8-7a7f-4077-a053-c26dc3d3d65a:c4621]
2019-06-13 22:53:55,513 INFO  client.GrpcClientProtocolClient (GrpcClientProtocolClient.java:onNext(254)) - client-C82EA620EB9B->85302df8-7a7f-4077-a053-c26dc3d3d65a: receive RaftClientReply:client-C82EA620EB9B->85302df8-7a7f-4077-a053-c26dc3d3d65a@group-4701ABA8D7D0, cid=2772, SUCCESS, logIndex=4620, commits[85302df8-7a7f-4077-a053-c26dc3d3d65a:c4621]
2019-06-13 22:53:55,518 INFO  client.GrpcClientProtocolClient (GrpcClientProtocolClient.java:onNext(254)) - client-C82EA620EB9B->85302df8-7a7f-4077-a053-c26dc3d3d65a: receive RaftClientReply:client-C82EA620EB9B->85302df8-7a7f-4077-a053-c26dc3d3d65a@group-4701ABA8D7D0, cid=2773, SUCCESS, logIndex=4622, commits[85302df8-7a7f-4077-a053-c26dc3d3d65a:c4622]
2019-06-13 22:53:55,520 INFO  client.GrpcClientProtocolClient (GrpcClientProtocolClient.java:onNext(254)) - client-C82EA620EB9B->85302df8-7a7f-4077-a053-c26dc3d3d65a: receive RaftClientReply:client-C82EA620EB9B->85302df8-7a7f-4077-a053-c26dc3d3d65a@group-4701ABA8D7D0, cid=2774, SUCCESS, logIndex=4624, commits[85302df8-7a7f-4077-a053-c26dc3d3d65a:c4624]
2019-06-13 22:53:55,521 INFO  client.GrpcClientProtocolClient (GrpcClientProtocolClient.java:onNext(254)) - client-C82EA620EB9B->85302df8-7a7f-4077-a053-c26dc3d3d65a: receive RaftClientReply:client-C82EA620EB9B->85302df8-7a7f-4077-a053-c26dc3d3d65a@group-4701ABA8D7D0, cid=2775, SUCCESS, logIndex=4625, commits[85302df8-7a7f-4077-a053-c26dc3d3d65a:c4627]
2019-06-13 22:53:55,521 INFO  client.GrpcClientProtocolClient (GrpcClientProtocolClient.java:onNext(254)) - client-C82EA620EB9B->85302df8-7a7f-4077-a053-c26dc3d3d65a: receive RaftClientReply:client-C82EA620EB9B->85302df8-7a7f-4077-a053-c26dc3d3d65a@group-4701ABA8D7D0, cid=2776, SUCCESS, logIndex=4626, commits[85302df8-7a7f-4077-a053-c26dc3d3d65a:c4627]
2019-06-13 22:53:55,531 INFO  client.GrpcClientProtocolClient (GrpcClientProtocolClient.java:onNext(254)) - client-C82EA620EB9B->85302df8-7a7f-4077-a053-c26dc3d3d65a: receive RaftClientReply:client-C82EA620EB9B->85302df8-7a7f-4077-a053-c26dc3d3d65a@group-4701ABA8D7D0, cid=2777, SUCCESS, logIndex=4628, commits[85302df8-7a7f-4077-a053-c26dc3d3d65a:c4628]
2019-06-13 22:53:55,533 INFO  client.GrpcClientProtocolClient (GrpcClientProtocolClient.java:onNext(254)) - client-C82EA620EB9B->85302df8-7a7f-4077-a053-c26dc3d3d65a: receive RaftClientReply:client-C82EA620EB9B->85302df8-7a7f-4077-a053-c26dc3d3d65a@group-4701ABA8D7D0, cid=2778, SUCCESS, logIndex=4630, commits[85302df8-7a7f-4077-a053-c26dc3d3d65a:c4630]
2019-06-13 22:53:55,536 INFO  client.GrpcClientProtocolClient (GrpcClientProtocolClient.java:onNext(254)) - client-C82EA620EB9B->85302df8-7a7f-4077-a053-c26dc3d3d65a: receive RaftClientReply:client-C82EA620EB9B->85302df8-7a7f-4077-a053-c26dc3d3d65a@group-4701ABA8D7D0, cid=2779, SUCCESS, logIndex=4632, commits[85302df8-7a7f-4077-a053-c26dc3d3d65a:c4632]
2019-06-13 22:53:55,536 INFO  client.GrpcClientProtocolClient (GrpcClientProtocolClient.java:onNext(254)) - client-C82EA620EB9B->85302df8-7a7f-4077-a053-c26dc3d3d65a: receive RaftClientReply:client-C82EA620EB9B->85302df8-7a7f-4077-a053-c26dc3d3d65a@group-4701ABA8D7D0, cid=2780, SUCCESS, logIndex=4633, commits[85302df8-7a7f-4077-a053-c26dc3d3d65a:c4634]
2019-06-13 22:53:55,546 INFO  client.GrpcClientProtocolClient (GrpcClientProtocolClient.java:onNext(254)) - client-C82EA620EB9B->85302df8-7a7f-4077-a053-c26dc3d3d65a: receive RaftClientReply:client-C82EA620EB9B->85302df8-7a7f-4077-a053-c26dc3d3d65a@group-4701ABA8D7D0, cid=2781, SUCCESS, logIndex=4635, commits[85302df8-7a7f-4077-a053-c26dc3d3d65a:c4635]
2019-06-13 22:53:55,546 INFO  client.GrpcClientProtocolClient (GrpcClientProtocolClient.java:onNext(254)) - client-C82EA620EB9B->85302df8-7a7f-4077-a053-c26dc3d3d65a: receive RaftClientReply:client-C82EA620EB9B->85302df8-7a7f-4077-a053-c26dc3d3d65a@group-4701ABA8D7D0, cid=2782, SUCCESS, logIndex=4637, commits[85302df8-7a7f-4077-a053-c26dc3d3d65a:c4637]
2019-06-13 22:53:55,549 INFO  client.GrpcClientProtocolClient (GrpcClientProtocolClient.java:onNext(254)) - client-C82EA620EB9B->85302df8-7a7f-4077-a053-c26dc3d3d65a: receive RaftClientReply:client-C82EA620EB9B->85302df8-7a7f-4077-a053-c26dc3d3d65a@group-4701ABA8D7D0, cid=2783, SUCCESS, logIndex=4639, commits[85302df8-7a7f-4077-a053-c26dc3d3d65a:c4639]
2019-06-13 22:53:55,550 INFO  client.GrpcClientProtocolClient (GrpcClientProtocolClient.java:onNext(254)) - client-C82EA620EB9B->85302df8-7a7f-4077-a053-c26dc3d3d65a: receive RaftClientReply:client-C82EA620EB9B->85302df8-7a7f-4077-a053-c26dc3d3d65a@group-4701ABA8D7D0, cid=2784, SUCCESS, logIndex=4641, commits[85302df8-7a7f-4077-a053-c26dc3d3d65a:c4641]
2019-06-13 22:53:55,560 DEBUG block.SCMBlockDeletingService (SCMBlockDeletingService.java:call(138)) - Running DeletedBlockTransactionScanner
2019-06-13 22:53:55,560 DEBUG block.SCMBlockDeletingService (SCMBlockDeletingService.java:call(155)) - Scanned deleted blocks log and got 0 delTX to process.
2019-06-13 22:53:55,628 INFO  client.GrpcClientProtocolClient (GrpcClientProtocolClient.java:onNext(254)) - client-C82EA620EB9B->85302df8-7a7f-4077-a053-c26dc3d3d65a: receive RaftClientReply:client-C82EA620EB9B->85302df8-7a7f-4077-a053-c26dc3d3d65a@group-4701ABA8D7D0, cid=2785, SUCCESS, logIndex=4643, commits[85302df8-7a7f-4077-a053-c26dc3d3d65a:c4643]
2019-06-13 22:53:55,629 INFO  client.GrpcClientProtocolClient (GrpcClientProtocolClient.java:onNext(254)) - client-C82EA620EB9B->85302df8-7a7f-4077-a053-c26dc3d3d65a: receive RaftClientReply:client-C82EA620EB9B->85302df8-7a7f-4077-a053-c26dc3d3d65a@group-4701ABA8D7D0, cid=2786, SUCCESS, logIndex=4645, commits[85302df8-7a7f-4077-a053-c26dc3d3d65a:c4645]
2019-06-13 22:53:55,630 INFO  client.GrpcClientProtocolClient (GrpcClientProtocolClient.java:onNext(254)) - client-C82EA620EB9B->85302df8-7a7f-4077-a053-c26dc3d3d65a: receive RaftClientReply:client-C82EA620EB9B->85302df8-7a7f-4077-a053-c26dc3d3d65a@group-4701ABA8D7D0, cid=2787, SUCCESS, logIndex=4646, commits[85302df8-7a7f-4077-a053-c26dc3d3d65a:c4648]
2019-06-13 22:53:55,630 INFO  client.GrpcClientProtocolClient (GrpcClientProtocolClient.java:onNext(254)) - client-C82EA620EB9B->85302df8-7a7f-4077-a053-c26dc3d3d65a: receive RaftClientReply:client-C82EA620EB9B->85302df8-7a7f-4077-a053-c26dc3d3d65a@group-4701ABA8D7D0, cid=2788, SUCCESS, logIndex=4647, commits[85302df8-7a7f-4077-a053-c26dc3d3d65a:c4648]
2019-06-13 22:53:55,636 INFO  client.GrpcClientProtocolClient (GrpcClientProtocolClient.java:onNext(254)) - client-C82EA620EB9B->85302df8-7a7f-4077-a053-c26dc3d3d65a: receive RaftClientReply:client-C82EA620EB9B->85302df8-7a7f-4077-a053-c26dc3d3d65a@group-4701ABA8D7D0, cid=2789, SUCCESS, logIndex=4649, commits[85302df8-7a7f-4077-a053-c26dc3d3d65a:c4649]
2019-06-13 22:53:55,637 INFO  client.GrpcClientProtocolClient (GrpcClientProtocolClient.java:onNext(254)) - client-C82EA620EB9B->85302df8-7a7f-4077-a053-c26dc3d3d65a: receive RaftClientReply:client-C82EA620EB9B->85302df8-7a7f-4077-a053-c26dc3d3d65a@group-4701ABA8D7D0, cid=2790, SUCCESS, logIndex=4651, commits[85302df8-7a7f-4077-a053-c26dc3d3d65a:c4651]
2019-06-13 22:53:55,638 INFO  client.GrpcClientProtocolClient (GrpcClientProtocolClient.java:onNext(254)) - client-C82EA620EB9B->85302df8-7a7f-4077-a053-c26dc3d3d65a: receive RaftClientReply:client-C82EA620EB9B->85302df8-7a7f-4077-a053-c26dc3d3d65a@group-4701ABA8D7D0, cid=2791, SUCCESS, logIndex=4652, commits[85302df8-7a7f-4077-a053-c26dc3d3d65a:c4654]
2019-06-13 22:53:55,674 DEBUG block.SCMBlockDeletingService (SCMBlockDeletingService.java:call(138)) - Running DeletedBlockTransactionScanner
2019-06-13 22:53:55,675 INFO  client.GrpcClientProtocolClient (GrpcClientProtocolClient.java:onNext(254)) - client-C82EA620EB9B->85302df8-7a7f-4077-a053-c26dc3d3d65a: receive RaftClientReply:client-C82EA620EB9B->85302df8-7a7f-4077-a053-c26dc3d3d65a@group-4701ABA8D7D0, cid=2792, SUCCESS, logIndex=4653, commits[85302df8-7a7f-4077-a053-c26dc3d3d65a:c4654]
2019-06-13 22:53:55,675 DEBUG block.SCMBlockDeletingService (SCMBlockDeletingService.java:call(155)) - Scanned deleted blocks log and got 0 delTX to process.
2019-06-13 22:53:55,683 INFO  storage.RaftLogWorker (RaftLogWorker.java:rollLogSegment(303)) - 85302df8-7a7f-4077-a053-c26dc3d3d65a-RaftLogWorker: Rolling segment log-4586_4654 to index:4654
2019-06-13 22:53:55,683 INFO  storage.RaftLogWorker (RaftLogWorker.java:execute(433)) - 85302df8-7a7f-4077-a053-c26dc3d3d65a-RaftLogWorker: Rolled log segment from /opt/src/hadoop-ozone/integration-test/target/test-dir/MiniOzoneClusterImpl-550f9ca0-a6d9-4a4a-902f-f07ac81eac7b/datanode-0/data/ratis/5ad10fc2-5a33-4bdd-8958-4701aba8d7d0/current/log_inprogress_4586 to /opt/src/hadoop-ozone/integration-test/target/test-dir/MiniOzoneClusterImpl-550f9ca0-a6d9-4a4a-902f-f07ac81eac7b/datanode-0/data/ratis/5ad10fc2-5a33-4bdd-8958-4701aba8d7d0/current/log_4586-4654
2019-06-13 22:53:55,718 INFO  storage.RaftLogWorker (RaftLogWorker.java:execute(469)) - 85302df8-7a7f-4077-a053-c26dc3d3d65a-RaftLogWorker: created new log segment /opt/src/hadoop-ozone/integration-test/target/test-dir/MiniOzoneClusterImpl-550f9ca0-a6d9-4a4a-902f-f07ac81eac7b/datanode-0/data/ratis/5ad10fc2-5a33-4bdd-8958-4701aba8d7d0/current/log_inprogress_4655
2019-06-13 22:53:55,720 INFO  client.GrpcClientProtocolClient (GrpcClientProtocolClient.java:onNext(254)) - client-C82EA620EB9B->85302df8-7a7f-4077-a053-c26dc3d3d65a: receive RaftClientReply:client-C82EA620EB9B->85302df8-7a7f-4077-a053-c26dc3d3d65a@group-4701ABA8D7D0, cid=2793, SUCCESS, logIndex=4655, commits[85302df8-7a7f-4077-a053-c26dc3d3d65a:c4655]
2019-06-13 22:53:55,722 INFO  client.GrpcClientProtocolClient (GrpcClientProtocolClient.java:onNext(254)) - client-C82EA620EB9B->85302df8-7a7f-4077-a053-c26dc3d3d65a: receive RaftClientReply:client-C82EA620EB9B->85302df8-7a7f-4077-a053-c26dc3d3d65a@group-4701ABA8D7D0, cid=2794, SUCCESS, logIndex=4657, commits[85302df8-7a7f-4077-a053-c26dc3d3d65a:c4657]
2019-06-13 22:53:55,722 INFO  client.GrpcClientProtocolClient (GrpcClientProtocolClient.java:onNext(254)) - client-C82EA620EB9B->85302df8-7a7f-4077-a053-c26dc3d3d65a: receive RaftClientReply:client-C82EA620EB9B->85302df8-7a7f-4077-a053-c26dc3d3d65a@group-4701ABA8D7D0, cid=2795, SUCCESS, logIndex=4658, commits[85302df8-7a7f-4077-a053-c26dc3d3d65a:c4660]
2019-06-13 22:53:55,722 INFO  client.GrpcClientProtocolClient (GrpcClientProtocolClient.java:onNext(254)) - client-C82EA620EB9B->85302df8-7a7f-4077-a053-c26dc3d3d65a: receive RaftClientReply:client-C82EA620EB9B->85302df8-7a7f-4077-a053-c26dc3d3d65a@group-4701ABA8D7D0, cid=2796, SUCCESS, logIndex=4659, commits[85302df8-7a7f-4077-a053-c26dc3d3d65a:c4660]
2019-06-13 22:53:55,728 INFO  client.GrpcClientProtocolClient (GrpcClientProtocolClient.java:onNext(254)) - client-C82EA620EB9B->85302df8-7a7f-4077-a053-c26dc3d3d65a: receive RaftClientReply:client-C82EA620EB9B->85302df8-7a7f-4077-a053-c26dc3d3d65a@group-4701ABA8D7D0, cid=2797, SUCCESS, logIndex=4661, commits[85302df8-7a7f-4077-a053-c26dc3d3d65a:c4661]
2019-06-13 22:53:55,729 INFO  client.GrpcClientProtocolClient (GrpcClientProtocolClient.java:onNext(254)) - client-C82EA620EB9B->85302df8-7a7f-4077-a053-c26dc3d3d65a: receive RaftClientReply:client-C82EA620EB9B->85302df8-7a7f-4077-a053-c26dc3d3d65a@group-4701ABA8D7D0, cid=2798, SUCCESS, logIndex=4663, commits[85302df8-7a7f-4077-a053-c26dc3d3d65a:c4663]
2019-06-13 22:53:55,730 INFO  client.GrpcClientProtocolClient (GrpcClientProtocolClient.java:onNext(254)) - client-C82EA620EB9B->85302df8-7a7f-4077-a053-c26dc3d3d65a: receive RaftClientReply:client-C82EA620EB9B->85302df8-7a7f-4077-a053-c26dc3d3d65a@group-4701ABA8D7D0, cid=2799, SUCCESS, logIndex=4664, commits[85302df8-7a7f-4077-a053-c26dc3d3d65a:c4666]
2019-06-13 22:53:55,730 INFO  client.GrpcClientProtocolClient (GrpcClientProtocolClient.java:onNext(254)) - client-C82EA620EB9B->85302df8-7a7f-4077-a053-c26dc3d3d65a: receive RaftClientReply:client-C82EA620EB9B->85302df8-7a7f-4077-a053-c26dc3d3d65a@group-4701ABA8D7D0, cid=2800, SUCCESS, logIndex=4665, commits[85302df8-7a7f-4077-a053-c26dc3d3d65a:c4666]
2019-06-13 22:53:55,740 INFO  client.GrpcClientProtocolClient (GrpcClientProtocolClient.java:onNext(254)) - client-C82EA620EB9B->85302df8-7a7f-4077-a053-c26dc3d3d65a: receive RaftClientReply:client-C82EA620EB9B->85302df8-7a7f-4077-a053-c26dc3d3d65a@group-4701ABA8D7D0, cid=2801, SUCCESS, logIndex=4667, commits[85302df8-7a7f-4077-a053-c26dc3d3d65a:c4667]
2019-06-13 22:53:55,741 INFO  client.GrpcClientProtocolClient (GrpcClientProtocolClient.java:onNext(254)) - client-C82EA620EB9B->85302df8-7a7f-4077-a053-c26dc3d3d65a: receive RaftClientReply:client-C82EA620EB9B->85302df8-7a7f-4077-a053-c26dc3d3d65a@group-4701ABA8D7D0, cid=2802, SUCCESS, logIndex=4669, commits[85302df8-7a7f-4077-a053-c26dc3d3d65a:c4669]
2019-06-13 22:53:55,742 INFO  client.GrpcClientProtocolClient (GrpcClientProtocolClient.java:onNext(254)) - client-C82EA620EB9B->85302df8-7a7f-4077-a053-c26dc3d3d65a: receive RaftClientReply:client-C82EA620EB9B->85302df8-7a7f-4077-a053-c26dc3d3d65a@group-4701ABA8D7D0, cid=2803, SUCCESS, logIndex=4670, commits[85302df8-7a7f-4077-a053-c26dc3d3d65a:c4672]
2019-06-13 22:53:55,743 INFO  client.GrpcClientProtocolClient (GrpcClientProtocolClient.java:onNext(254)) - client-C82EA620EB9B->85302df8-7a7f-4077-a053-c26dc3d3d65a: receive RaftClientReply:client-C82EA620EB9B->85302df8-7a7f-4077-a053-c26dc3d3d65a@group-4701ABA8D7D0, cid=2804, SUCCESS, logIndex=4671, commits[85302df8-7a7f-4077-a053-c26dc3d3d65a:c4672]
2019-06-13 22:53:55,748 INFO  client.GrpcClientProtocolClient (GrpcClientProtocolClient.java:onNext(254)) - client-C82EA620EB9B->85302df8-7a7f-4077-a053-c26dc3d3d65a: receive RaftClientReply:client-C82EA620EB9B->85302df8-7a7f-4077-a053-c26dc3d3d65a@group-4701ABA8D7D0, cid=2805, SUCCESS, logIndex=4673, commits[85302df8-7a7f-4077-a053-c26dc3d3d65a:c4673]
2019-06-13 22:53:55,749 INFO  client.GrpcClientProtocolClient (GrpcClientProtocolClient.java:onNext(254)) - client-C82EA620EB9B->85302df8-7a7f-4077-a053-c26dc3d3d65a: receive RaftClientReply:client-C82EA620EB9B->85302df8-7a7f-4077-a053-c26dc3d3d65a@group-4701ABA8D7D0, cid=2806, SUCCESS, logIndex=4675, commits[85302df8-7a7f-4077-a053-c26dc3d3d65a:c4675]
2019-06-13 22:53:55,750 INFO  client.GrpcClientProtocolClient (GrpcClientProtocolClient.java:onNext(254)) - client-C82EA620EB9B->85302df8-7a7f-4077-a053-c26dc3d3d65a: receive RaftClientReply:client-C82EA620EB9B->85302df8-7a7f-4077-a053-c26dc3d3d65a@group-4701ABA8D7D0, cid=2807, SUCCESS, logIndex=4676, commits[85302df8-7a7f-4077-a053-c26dc3d3d65a:c4678]
2019-06-13 22:53:55,750 INFO  client.GrpcClientProtocolClient (GrpcClientProtocolClient.java:onNext(254)) - client-C82EA620EB9B->85302df8-7a7f-4077-a053-c26dc3d3d65a: receive RaftClientReply:client-C82EA620EB9B->85302df8-7a7f-4077-a053-c26dc3d3d65a@group-4701ABA8D7D0, cid=2808, SUCCESS, logIndex=4677, commits[85302df8-7a7f-4077-a053-c26dc3d3d65a:c4678]
2019-06-13 22:53:55,760 INFO  client.GrpcClientProtocolClient (GrpcClientProtocolClient.java:onNext(254)) - client-C82EA620EB9B->85302df8-7a7f-4077-a053-c26dc3d3d65a: receive RaftClientReply:client-C82EA620EB9B->85302df8-7a7f-4077-a053-c26dc3d3d65a@group-4701ABA8D7D0, cid=2809, SUCCESS, logIndex=4679, commits[85302df8-7a7f-4077-a053-c26dc3d3d65a:c4679]
2019-06-13 22:53:55,762 INFO  client.GrpcClientProtocolClient (GrpcClientProtocolClient.java:onNext(254)) - client-C82EA620EB9B->85302df8-7a7f-4077-a053-c26dc3d3d65a: receive RaftClientReply:client-C82EA620EB9B->85302df8-7a7f-4077-a053-c26dc3d3d65a@group-4701ABA8D7D0, cid=2810, SUCCESS, logIndex=4681, commits[85302df8-7a7f-4077-a053-c26dc3d3d65a:c4681]
2019-06-13 22:53:55,762 INFO  client.GrpcClientProtocolClient (GrpcClientProtocolClient.java:onNext(254)) - client-C82EA620EB9B->85302df8-7a7f-4077-a053-c26dc3d3d65a: receive RaftClientReply:client-C82EA620EB9B->85302df8-7a7f-4077-a053-c26dc3d3d65a@group-4701ABA8D7D0, cid=2811, SUCCESS, logIndex=4682, commits[85302df8-7a7f-4077-a053-c26dc3d3d65a:c4684]
2019-06-13 22:53:55,762 INFO  client.GrpcClientProtocolClient (GrpcClientProtocolClient.java:onNext(254)) - client-C82EA620EB9B->85302df8-7a7f-4077-a053-c26dc3d3d65a: receive RaftClientReply:client-C82EA620EB9B->85302df8-7a7f-4077-a053-c26dc3d3d65a@group-4701ABA8D7D0, cid=2812, SUCCESS, logIndex=4683, commits[85302df8-7a7f-4077-a053-c26dc3d3d65a:c4684]
2019-06-13 22:53:55,769 INFO  client.GrpcClientProtocolClient (GrpcClientProtocolClient.java:onNext(254)) - client-C82EA620EB9B->85302df8-7a7f-4077-a053-c26dc3d3d65a: receive RaftClientReply:client-C82EA620EB9B->85302df8-7a7f-4077-a053-c26dc3d3d65a@group-4701ABA8D7D0, cid=2813, SUCCESS, logIndex=4685, commits[85302df8-7a7f-4077-a053-c26dc3d3d65a:c4685]
2019-06-13 22:53:55,770 INFO  client.GrpcClientProtocolClient (GrpcClientProtocolClient.java:onNext(254)) - client-C82EA620EB9B->85302df8-7a7f-4077-a053-c26dc3d3d65a: receive RaftClientReply:client-C82EA620EB9B->85302df8-7a7f-4077-a053-c26dc3d3d65a@group-4701ABA8D7D0, cid=2814, SUCCESS, logIndex=4687, commits[85302df8-7a7f-4077-a053-c26dc3d3d65a:c4687]
2019-06-13 22:53:55,774 INFO  client.GrpcClientProtocolClient (GrpcClientProtocolClient.java:onNext(254)) - client-C82EA620EB9B->85302df8-7a7f-4077-a053-c26dc3d3d65a: receive RaftClientReply:client-C82EA620EB9B->85302df8-7a7f-4077-a053-c26dc3d3d65a@group-4701ABA8D7D0, cid=2815, SUCCESS, logIndex=4688, commits[85302df8-7a7f-4077-a053-c26dc3d3d65a:c4690]
2019-06-13 22:53:55,774 INFO  client.GrpcClientProtocolClient (GrpcClientProtocolClient.java:onNext(254)) - client-C82EA620EB9B->85302df8-7a7f-4077-a053-c26dc3d3d65a: receive RaftClientReply:client-C82EA620EB9B->85302df8-7a7f-4077-a053-c26dc3d3d65a@group-4701ABA8D7D0, cid=2816, SUCCESS, logIndex=4689, commits[85302df8-7a7f-4077-a053-c26dc3d3d65a:c4690]
2019-06-13 22:53:55,775 DEBUG block.SCMBlockDeletingService (SCMBlockDeletingService.java:call(138)) - Running DeletedBlockTransactionScanner
2019-06-13 22:53:55,775 DEBUG block.SCMBlockDeletingService (SCMBlockDeletingService.java:call(155)) - Scanned deleted blocks log and got 0 delTX to process.
2019-06-13 22:53:55,785 INFO  client.GrpcClientProtocolClient (GrpcClientProtocolClient.java:onNext(254)) - client-C82EA620EB9B->85302df8-7a7f-4077-a053-c26dc3d3d65a: receive RaftClientReply:client-C82EA620EB9B->85302df8-7a7f-4077-a053-c26dc3d3d65a@group-4701ABA8D7D0, cid=2817, SUCCESS, logIndex=4691, commits[85302df8-7a7f-4077-a053-c26dc3d3d65a:c4691]
2019-06-13 22:53:55,787 INFO  client.GrpcClientProtocolClient (GrpcClientProtocolClient.java:onNext(254)) - client-C82EA620EB9B->85302df8-7a7f-4077-a053-c26dc3d3d65a: receive RaftClientReply:client-C82EA620EB9B->85302df8-7a7f-4077-a053-c26dc3d3d65a@group-4701ABA8D7D0, cid=2818, SUCCESS, logIndex=4693, commits[85302df8-7a7f-4077-a053-c26dc3d3d65a:c4695]
2019-06-13 22:53:55,788 INFO  client.GrpcClientProtocolClient (GrpcClientProtocolClient.java:onNext(254)) - client-C82EA620EB9B->85302df8-7a7f-4077-a053-c26dc3d3d65a: receive RaftClientReply:client-C82EA620EB9B->85302df8-7a7f-4077-a053-c26dc3d3d65a@group-4701ABA8D7D0, cid=2819, SUCCESS, logIndex=4694, commits[85302df8-7a7f-4077-a053-c26dc3d3d65a:c4695]
2019-06-13 22:53:55,788 INFO  client.GrpcClientProtocolClient (GrpcClientProtocolClient.java:onNext(254)) - client-C82EA620EB9B->85302df8-7a7f-4077-a053-c26dc3d3d65a: receive RaftClientReply:client-C82EA620EB9B->85302df8-7a7f-4077-a053-c26dc3d3d65a@group-4701ABA8D7D0, cid=2820, SUCCESS, logIndex=4695, commits[85302df8-7a7f-4077-a053-c26dc3d3d65a:c4696]
2019-06-13 22:53:55,794 INFO  client.GrpcClientProtocolClient (GrpcClientProtocolClient.java:onNext(254)) - client-C82EA620EB9B->85302df8-7a7f-4077-a053-c26dc3d3d65a: receive RaftClientReply:client-C82EA620EB9B->85302df8-7a7f-4077-a053-c26dc3d3d65a@group-4701ABA8D7D0, cid=2821, SUCCESS, logIndex=4697, commits[85302df8-7a7f-4077-a053-c26dc3d3d65a:c4697]
2019-06-13 22:53:55,796 INFO  client.GrpcClientProtocolClient (GrpcClientProtocolClient.java:onNext(254)) - client-C82EA620EB9B->85302df8-7a7f-4077-a053-c26dc3d3d65a: receive RaftClientReply:client-C82EA620EB9B->85302df8-7a7f-4077-a053-c26dc3d3d65a@group-4701ABA8D7D0, cid=2822, SUCCESS, logIndex=4699, commits[85302df8-7a7f-4077-a053-c26dc3d3d65a:c4699]
2019-06-13 22:53:55,796 INFO  client.GrpcClientProtocolClient (GrpcClientProtocolClient.java:onNext(254)) - client-C82EA620EB9B->85302df8-7a7f-4077-a053-c26dc3d3d65a: receive RaftClientReply:client-C82EA620EB9B->85302df8-7a7f-4077-a053-c26dc3d3d65a@group-4701ABA8D7D0, cid=2823, SUCCESS, logIndex=4700, commits[85302df8-7a7f-4077-a053-c26dc3d3d65a:c4702]
2019-06-13 22:53:55,796 INFO  client.GrpcClientProtocolClient (GrpcClientProtocolClient.java:onNext(254)) - client-C82EA620EB9B->85302df8-7a7f-4077-a053-c26dc3d3d65a: receive RaftClientReply:client-C82EA620EB9B->85302df8-7a7f-4077-a053-c26dc3d3d65a@group-4701ABA8D7D0, cid=2824, SUCCESS, logIndex=4701, commits[85302df8-7a7f-4077-a053-c26dc3d3d65a:c4702]
2019-06-13 22:53:55,808 INFO  client.GrpcClientProtocolClient (GrpcClientProtocolClient.java:onNext(254)) - client-C82EA620EB9B->85302df8-7a7f-4077-a053-c26dc3d3d65a: receive RaftClientReply:client-C82EA620EB9B->85302df8-7a7f-4077-a053-c26dc3d3d65a@group-4701ABA8D7D0, cid=2825, SUCCESS, logIndex=4703, commits[85302df8-7a7f-4077-a053-c26dc3d3d65a:c4703]
2019-06-13 22:53:55,809 INFO  client.GrpcClientProtocolClient (GrpcClientProtocolClient.java:onNext(254)) - client-C82EA620EB9B->85302df8-7a7f-4077-a053-c26dc3d3d65a: receive RaftClientReply:client-C82EA620EB9B->85302df8-7a7f-4077-a053-c26dc3d3d65a@group-4701ABA8D7D0, cid=2826, SUCCESS, logIndex=4705, commits[85302df8-7a7f-4077-a053-c26dc3d3d65a:c4705]
2019-06-13 22:53:55,812 INFO  client.GrpcClientProtocolClient (GrpcClientProtocolClient.java:onNext(254)) - client-C82EA620EB9B->85302df8-7a7f-4077-a053-c26dc3d3d65a: receive RaftClientReply:client-C82EA620EB9B->85302df8-7a7f-4077-a053-c26dc3d3d65a@group-4701ABA8D7D0, cid=2827, SUCCESS, logIndex=4707, commits[85302df8-7a7f-4077-a053-c26dc3d3d65a:c4708]
2019-06-13 22:53:55,812 INFO  client.GrpcClientProtocolClient (GrpcClientProtocolClient.java:onNext(254)) - client-C82EA620EB9B->85302df8-7a7f-4077-a053-c26dc3d3d65a: receive RaftClientReply:client-C82EA620EB9B->85302df8-7a7f-4077-a053-c26dc3d3d65a@group-4701ABA8D7D0, cid=2828, SUCCESS, logIndex=4708, commits[85302df8-7a7f-4077-a053-c26dc3d3d65a:c4708]
2019-06-13 22:53:55,876 DEBUG block.SCMBlockDeletingService (SCMBlockDeletingService.java:call(138)) - Running DeletedBlockTransactionScanner
2019-06-13 22:53:55,876 DEBUG block.SCMBlockDeletingService (SCMBlockDeletingService.java:call(155)) - Scanned deleted blocks log and got 0 delTX to process.
2019-06-13 22:53:55,885 INFO  client.GrpcClientProtocolClient (GrpcClientProtocolClient.java:onNext(254)) - client-C82EA620EB9B->85302df8-7a7f-4077-a053-c26dc3d3d65a: receive RaftClientReply:client-C82EA620EB9B->85302df8-7a7f-4077-a053-c26dc3d3d65a@group-4701ABA8D7D0, cid=2829, SUCCESS, logIndex=4710, commits[85302df8-7a7f-4077-a053-c26dc3d3d65a:c4710]
2019-06-13 22:53:55,886 INFO  client.GrpcClientProtocolClient (GrpcClientProtocolClient.java:onNext(254)) - client-C82EA620EB9B->85302df8-7a7f-4077-a053-c26dc3d3d65a: receive RaftClientReply:client-C82EA620EB9B->85302df8-7a7f-4077-a053-c26dc3d3d65a@group-4701ABA8D7D0, cid=2830, SUCCESS, logIndex=4712, commits[85302df8-7a7f-4077-a053-c26dc3d3d65a:c4712]
2019-06-13 22:53:55,887 INFO  client.GrpcClientProtocolClient (GrpcClientProtocolClient.java:onNext(254)) - client-C82EA620EB9B->85302df8-7a7f-4077-a053-c26dc3d3d65a: receive RaftClientReply:client-C82EA620EB9B->85302df8-7a7f-4077-a053-c26dc3d3d65a@group-4701ABA8D7D0, cid=2831, SUCCESS, logIndex=4713, commits[85302df8-7a7f-4077-a053-c26dc3d3d65a:c4715]
2019-06-13 22:53:55,887 INFO  client.GrpcClientProtocolClient (GrpcClientProtocolClient.java:onNext(254)) - client-C82EA620EB9B->85302df8-7a7f-4077-a053-c26dc3d3d65a: receive RaftClientReply:client-C82EA620EB9B->85302df8-7a7f-4077-a053-c26dc3d3d65a@group-4701ABA8D7D0, cid=2832, SUCCESS, logIndex=4714, commits[85302df8-7a7f-4077-a053-c26dc3d3d65a:c4715]
2019-06-13 22:53:55,897 INFO  client.GrpcClientProtocolClient (GrpcClientProtocolClient.java:onNext(254)) - client-C82EA620EB9B->85302df8-7a7f-4077-a053-c26dc3d3d65a: receive RaftClientReply:client-C82EA620EB9B->85302df8-7a7f-4077-a053-c26dc3d3d65a@group-4701ABA8D7D0, cid=2833, SUCCESS, logIndex=4716, commits[85302df8-7a7f-4077-a053-c26dc3d3d65a:c4716]
2019-06-13 22:53:55,898 INFO  client.GrpcClientProtocolClient (GrpcClientProtocolClient.java:onNext(254)) - client-C82EA620EB9B->85302df8-7a7f-4077-a053-c26dc3d3d65a: receive RaftClientReply:client-C82EA620EB9B->85302df8-7a7f-4077-a053-c26dc3d3d65a@group-4701ABA8D7D0, cid=2834, SUCCESS, logIndex=4718, commits[85302df8-7a7f-4077-a053-c26dc3d3d65a:c4718]
2019-06-13 22:53:55,899 INFO  client.GrpcClientProtocolClient (GrpcClientProtocolClient.java:onNext(254)) - client-C82EA620EB9B->85302df8-7a7f-4077-a053-c26dc3d3d65a: receive RaftClientReply:client-C82EA620EB9B->85302df8-7a7f-4077-a053-c26dc3d3d65a@group-4701ABA8D7D0, cid=2835, SUCCESS, logIndex=4719, commits[85302df8-7a7f-4077-a053-c26dc3d3d65a:c4721]
2019-06-13 22:53:55,899 INFO  client.GrpcClientProtocolClient (GrpcClientProtocolClient.java:onNext(254)) - client-C82EA620EB9B->85302df8-7a7f-4077-a053-c26dc3d3d65a: receive RaftClientReply:client-C82EA620EB9B->85302df8-7a7f-4077-a053-c26dc3d3d65a@group-4701ABA8D7D0, cid=2836, SUCCESS, logIndex=4720, commits[85302df8-7a7f-4077-a053-c26dc3d3d65a:c4721]
2019-06-13 22:53:55,902 INFO  storage.RaftLogWorker (RaftLogWorker.java:rollLogSegment(303)) - 85302df8-7a7f-4077-a053-c26dc3d3d65a-RaftLogWorker: Rolling segment log-4655_4721 to index:4721
2019-06-13 22:53:55,903 INFO  storage.RaftLogWorker (RaftLogWorker.java:execute(433)) - 85302df8-7a7f-4077-a053-c26dc3d3d65a-RaftLogWorker: Rolled log segment from /opt/src/hadoop-ozone/integration-test/target/test-dir/MiniOzoneClusterImpl-550f9ca0-a6d9-4a4a-902f-f07ac81eac7b/datanode-0/data/ratis/5ad10fc2-5a33-4bdd-8958-4701aba8d7d0/current/log_inprogress_4655 to /opt/src/hadoop-ozone/integration-test/target/test-dir/MiniOzoneClusterImpl-550f9ca0-a6d9-4a4a-902f-f07ac81eac7b/datanode-0/data/ratis/5ad10fc2-5a33-4bdd-8958-4701aba8d7d0/current/log_4655-4721
2019-06-13 22:53:55,938 INFO  storage.RaftLogWorker (RaftLogWorker.java:execute(469)) - 85302df8-7a7f-4077-a053-c26dc3d3d65a-RaftLogWorker: created new log segment /opt/src/hadoop-ozone/integration-test/target/test-dir/MiniOzoneClusterImpl-550f9ca0-a6d9-4a4a-902f-f07ac81eac7b/datanode-0/data/ratis/5ad10fc2-5a33-4bdd-8958-4701aba8d7d0/current/log_inprogress_4722
2019-06-13 22:53:55,939 INFO  client.GrpcClientProtocolClient (GrpcClientProtocolClient.java:onNext(254)) - client-C82EA620EB9B->85302df8-7a7f-4077-a053-c26dc3d3d65a: receive RaftClientReply:client-C82EA620EB9B->85302df8-7a7f-4077-a053-c26dc3d3d65a@group-4701ABA8D7D0, cid=2837, SUCCESS, logIndex=4722, commits[85302df8-7a7f-4077-a053-c26dc3d3d65a:c4722]
2019-06-13 22:53:55,940 INFO  client.GrpcClientProtocolClient (GrpcClientProtocolClient.java:onNext(254)) - client-C82EA620EB9B->85302df8-7a7f-4077-a053-c26dc3d3d65a: receive RaftClientReply:client-C82EA620EB9B->85302df8-7a7f-4077-a053-c26dc3d3d65a@group-4701ABA8D7D0, cid=2838, SUCCESS, logIndex=4724, commits[85302df8-7a7f-4077-a053-c26dc3d3d65a:c4724]
2019-06-13 22:53:55,942 INFO  client.GrpcClientProtocolClient (GrpcClientProtocolClient.java:onNext(254)) - client-C82EA620EB9B->85302df8-7a7f-4077-a053-c26dc3d3d65a: receive RaftClientReply:client-C82EA620EB9B->85302df8-7a7f-4077-a053-c26dc3d3d65a@group-4701ABA8D7D0, cid=2839, SUCCESS, logIndex=4725, commits[85302df8-7a7f-4077-a053-c26dc3d3d65a:c4727]
2019-06-13 22:53:55,942 INFO  client.GrpcClientProtocolClient (GrpcClientProtocolClient.java:onNext(254)) - client-C82EA620EB9B->85302df8-7a7f-4077-a053-c26dc3d3d65a: receive RaftClientReply:client-C82EA620EB9B->85302df8-7a7f-4077-a053-c26dc3d3d65a@group-4701ABA8D7D0, cid=2840, SUCCESS, logIndex=4726, commits[85302df8-7a7f-4077-a053-c26dc3d3d65a:c4727]
2019-06-13 22:53:55,952 INFO  client.GrpcClientProtocolClient (GrpcClientProtocolClient.java:onNext(254)) - client-C82EA620EB9B->85302df8-7a7f-4077-a053-c26dc3d3d65a: receive RaftClientReply:client-C82EA620EB9B->85302df8-7a7f-4077-a053-c26dc3d3d65a@group-4701ABA8D7D0, cid=2841, SUCCESS, logIndex=4728, commits[85302df8-7a7f-4077-a053-c26dc3d3d65a:c4728]
2019-06-13 22:53:55,954 INFO  client.GrpcClientProtocolClient (GrpcClientProtocolClient.java:onNext(254)) - client-C82EA620EB9B->85302df8-7a7f-4077-a053-c26dc3d3d65a: receive RaftClientReply:client-C82EA620EB9B->85302df8-7a7f-4077-a053-c26dc3d3d65a@group-4701ABA8D7D0, cid=2842, SUCCESS, logIndex=4730, commits[85302df8-7a7f-4077-a053-c26dc3d3d65a:c4730]
2019-06-13 22:53:55,954 INFO  client.GrpcClientProtocolClient (GrpcClientProtocolClient.java:onNext(254)) - client-C82EA620EB9B->85302df8-7a7f-4077-a053-c26dc3d3d65a: receive RaftClientReply:client-C82EA620EB9B->85302df8-7a7f-4077-a053-c26dc3d3d65a@group-4701ABA8D7D0, cid=2843, SUCCESS, logIndex=4731, commits[85302df8-7a7f-4077-a053-c26dc3d3d65a:c4732]
2019-06-13 22:53:55,954 INFO  client.GrpcClientProtocolClient (GrpcClientProtocolClient.java:onNext(254)) - client-C82EA620EB9B->85302df8-7a7f-4077-a053-c26dc3d3d65a: receive RaftClientReply:client-C82EA620EB9B->85302df8-7a7f-4077-a053-c26dc3d3d65a@group-4701ABA8D7D0, cid=2844, SUCCESS, logIndex=4732, commits[85302df8-7a7f-4077-a053-c26dc3d3d65a:c4732]
2019-06-13 22:53:55,960 INFO  client.GrpcClientProtocolClient (GrpcClientProtocolClient.java:onNext(254)) - client-C82EA620EB9B->85302df8-7a7f-4077-a053-c26dc3d3d65a: receive RaftClientReply:client-C82EA620EB9B->85302df8-7a7f-4077-a053-c26dc3d3d65a@group-4701ABA8D7D0, cid=2845, SUCCESS, logIndex=4735, commits[85302df8-7a7f-4077-a053-c26dc3d3d65a:c4735]
2019-06-13 22:53:55,961 INFO  client.GrpcClientProtocolClient (GrpcClientProtocolClient.java:onNext(254)) - client-C82EA620EB9B->85302df8-7a7f-4077-a053-c26dc3d3d65a: receive RaftClientReply:client-C82EA620EB9B->85302df8-7a7f-4077-a053-c26dc3d3d65a@group-4701ABA8D7D0, cid=2846, SUCCESS, logIndex=4737, commits[85302df8-7a7f-4077-a053-c26dc3d3d65a:c4737]
2019-06-13 22:53:55,962 INFO  client.GrpcClientProtocolClient (GrpcClientProtocolClient.java:onNext(254)) - client-C82EA620EB9B->85302df8-7a7f-4077-a053-c26dc3d3d65a: receive RaftClientReply:client-C82EA620EB9B->85302df8-7a7f-4077-a053-c26dc3d3d65a@group-4701ABA8D7D0, cid=2847, SUCCESS, logIndex=4738, commits[85302df8-7a7f-4077-a053-c26dc3d3d65a:c4740]
2019-06-13 22:53:55,962 INFO  client.GrpcClientProtocolClient (GrpcClientProtocolClient.java:onNext(254)) - client-C82EA620EB9B->85302df8-7a7f-4077-a053-c26dc3d3d65a: receive RaftClientReply:client-C82EA620EB9B->85302df8-7a7f-4077-a053-c26dc3d3d65a@group-4701ABA8D7D0, cid=2848, SUCCESS, logIndex=4739, commits[85302df8-7a7f-4077-a053-c26dc3d3d65a:c4740]
2019-06-13 22:53:55,973 INFO  client.GrpcClientProtocolClient (GrpcClientProtocolClient.java:onNext(254)) - client-C82EA620EB9B->85302df8-7a7f-4077-a053-c26dc3d3d65a: receive RaftClientReply:client-C82EA620EB9B->85302df8-7a7f-4077-a053-c26dc3d3d65a@group-4701ABA8D7D0, cid=2849, SUCCESS, logIndex=4741, commits[85302df8-7a7f-4077-a053-c26dc3d3d65a:c4741]
2019-06-13 22:53:55,974 INFO  client.GrpcClientProtocolClient (GrpcClientProtocolClient.java:onNext(254)) - client-C82EA620EB9B->85302df8-7a7f-4077-a053-c26dc3d3d65a: receive RaftClientReply:client-C82EA620EB9B->85302df8-7a7f-4077-a053-c26dc3d3d65a@group-4701ABA8D7D0, cid=2850, SUCCESS, logIndex=4743, commits[85302df8-7a7f-4077-a053-c26dc3d3d65a:c4743]
2019-06-13 22:53:55,975 INFO  client.GrpcClientProtocolClient (GrpcClientProtocolClient.java:onNext(254)) - client-C82EA620EB9B->85302df8-7a7f-4077-a053-c26dc3d3d65a: receive RaftClientReply:client-C82EA620EB9B->85302df8-7a7f-4077-a053-c26dc3d3d65a@group-4701ABA8D7D0, cid=2851, SUCCESS, logIndex=4744, commits[85302df8-7a7f-4077-a053-c26dc3d3d65a:c4746]
2019-06-13 22:53:55,975 INFO  client.GrpcClientProtocolClient (GrpcClientProtocolClient.java:onNext(254)) - client-C82EA620EB9B->85302df8-7a7f-4077-a053-c26dc3d3d65a: receive RaftClientReply:client-C82EA620EB9B->85302df8-7a7f-4077-a053-c26dc3d3d65a@group-4701ABA8D7D0, cid=2852, SUCCESS, logIndex=4745, commits[85302df8-7a7f-4077-a053-c26dc3d3d65a:c4746]
2019-06-13 22:53:55,976 DEBUG block.SCMBlockDeletingService (SCMBlockDeletingService.java:call(138)) - Running DeletedBlockTransactionScanner
2019-06-13 22:53:55,976 DEBUG block.SCMBlockDeletingService (SCMBlockDeletingService.java:call(155)) - Scanned deleted blocks log and got 0 delTX to process.
2019-06-13 22:53:55,981 INFO  client.GrpcClientProtocolClient (GrpcClientProtocolClient.java:onNext(254)) - client-C82EA620EB9B->85302df8-7a7f-4077-a053-c26dc3d3d65a: receive RaftClientReply:client-C82EA620EB9B->85302df8-7a7f-4077-a053-c26dc3d3d65a@group-4701ABA8D7D0, cid=2853, SUCCESS, logIndex=4747, commits[85302df8-7a7f-4077-a053-c26dc3d3d65a:c4747]
2019-06-13 22:53:55,982 INFO  client.GrpcClientProtocolClient (GrpcClientProtocolClient.java:onNext(254)) - client-C82EA620EB9B->85302df8-7a7f-4077-a053-c26dc3d3d65a: receive RaftClientReply:client-C82EA620EB9B->85302df8-7a7f-4077-a053-c26dc3d3d65a@group-4701ABA8D7D0, cid=2854, SUCCESS, logIndex=4749, commits[85302df8-7a7f-4077-a053-c26dc3d3d65a:c4749]
2019-06-13 22:53:55,983 INFO  client.GrpcClientProtocolClient (GrpcClientProtocolClient.java:onNext(254)) - client-C82EA620EB9B->85302df8-7a7f-4077-a053-c26dc3d3d65a: receive RaftClientReply:client-C82EA620EB9B->85302df8-7a7f-4077-a053-c26dc3d3d65a@group-4701ABA8D7D0, cid=2855, SUCCESS, logIndex=4750, commits[85302df8-7a7f-4077-a053-c26dc3d3d65a:c4752]
2019-06-13 22:53:55,983 INFO  client.GrpcClientProtocolClient (GrpcClientProtocolClient.java:onNext(254)) - client-C82EA620EB9B->85302df8-7a7f-4077-a053-c26dc3d3d65a: receive RaftClientReply:client-C82EA620EB9B->85302df8-7a7f-4077-a053-c26dc3d3d65a@group-4701ABA8D7D0, cid=2856, SUCCESS, logIndex=4751, commits[85302df8-7a7f-4077-a053-c26dc3d3d65a:c4752]
2019-06-13 22:53:55,992 INFO  client.GrpcClientProtocolClient (GrpcClientProtocolClient.java:onNext(254)) - client-C82EA620EB9B->85302df8-7a7f-4077-a053-c26dc3d3d65a: receive RaftClientReply:client-C82EA620EB9B->85302df8-7a7f-4077-a053-c26dc3d3d65a@group-4701ABA8D7D0, cid=2857, SUCCESS, logIndex=4753, commits[85302df8-7a7f-4077-a053-c26dc3d3d65a:c4753]
2019-06-13 22:53:55,993 INFO  client.GrpcClientProtocolClient (GrpcClientProtocolClient.java:onNext(254)) - client-C82EA620EB9B->85302df8-7a7f-4077-a053-c26dc3d3d65a: receive RaftClientReply:client-C82EA620EB9B->85302df8-7a7f-4077-a053-c26dc3d3d65a@group-4701ABA8D7D0, cid=2858, SUCCESS, logIndex=4755, commits[85302df8-7a7f-4077-a053-c26dc3d3d65a:c4755]
2019-06-13 22:53:55,995 INFO  client.GrpcClientProtocolClient (GrpcClientProtocolClient.java:onNext(254)) - client-C82EA620EB9B->85302df8-7a7f-4077-a053-c26dc3d3d65a: receive RaftClientReply:client-C82EA620EB9B->85302df8-7a7f-4077-a053-c26dc3d3d65a@group-4701ABA8D7D0, cid=2859, SUCCESS, logIndex=4756, commits[85302df8-7a7f-4077-a053-c26dc3d3d65a:c4758]
2019-06-13 22:53:55,995 INFO  client.GrpcClientProtocolClient (GrpcClientProtocolClient.java:onNext(254)) - client-C82EA620EB9B->85302df8-7a7f-4077-a053-c26dc3d3d65a: receive RaftClientReply:client-C82EA620EB9B->85302df8-7a7f-4077-a053-c26dc3d3d65a@group-4701ABA8D7D0, cid=2860, SUCCESS, logIndex=4757, commits[85302df8-7a7f-4077-a053-c26dc3d3d65a:c4758]
2019-06-13 22:53:56,000 INFO  client.GrpcClientProtocolClient (GrpcClientProtocolClient.java:onNext(254)) - client-C82EA620EB9B->85302df8-7a7f-4077-a053-c26dc3d3d65a: receive RaftClientReply:client-C82EA620EB9B->85302df8-7a7f-4077-a053-c26dc3d3d65a@group-4701ABA8D7D0, cid=2861, SUCCESS, logIndex=4759, commits[85302df8-7a7f-4077-a053-c26dc3d3d65a:c4759]
2019-06-13 22:53:56,001 INFO  client.GrpcClientProtocolClient (GrpcClientProtocolClient.java:onNext(254)) - client-C82EA620EB9B->85302df8-7a7f-4077-a053-c26dc3d3d65a: receive RaftClientReply:client-C82EA620EB9B->85302df8-7a7f-4077-a053-c26dc3d3d65a@group-4701ABA8D7D0, cid=2862, SUCCESS, logIndex=4761, commits[85302df8-7a7f-4077-a053-c26dc3d3d65a:c4761]
2019-06-13 22:53:56,002 INFO  client.GrpcClientProtocolClient (GrpcClientProtocolClient.java:onNext(254)) - client-C82EA620EB9B->85302df8-7a7f-4077-a053-c26dc3d3d65a: receive RaftClientReply:client-C82EA620EB9B->85302df8-7a7f-4077-a053-c26dc3d3d65a@group-4701ABA8D7D0, cid=2863, SUCCESS, logIndex=4762, commits[85302df8-7a7f-4077-a053-c26dc3d3d65a:c4764]
2019-06-13 22:53:56,003 INFO  client.GrpcClientProtocolClient (GrpcClientProtocolClient.java:onNext(254)) - client-C82EA620EB9B->85302df8-7a7f-4077-a053-c26dc3d3d65a: receive RaftClientReply:client-C82EA620EB9B->85302df8-7a7f-4077-a053-c26dc3d3d65a@group-4701ABA8D7D0, cid=2864, SUCCESS, logIndex=4763, commits[85302df8-7a7f-4077-a053-c26dc3d3d65a:c4764]
2019-06-13 22:53:56,013 INFO  client.GrpcClientProtocolClient (GrpcClientProtocolClient.java:onNext(254)) - client-C82EA620EB9B->85302df8-7a7f-4077-a053-c26dc3d3d65a: receive RaftClientReply:client-C82EA620EB9B->85302df8-7a7f-4077-a053-c26dc3d3d65a@group-4701ABA8D7D0, cid=2865, SUCCESS, logIndex=4765, commits[85302df8-7a7f-4077-a053-c26dc3d3d65a:c4765]
2019-06-13 22:53:56,015 INFO  client.GrpcClientProtocolClient (GrpcClientProtocolClient.java:onNext(254)) - client-C82EA620EB9B->85302df8-7a7f-4077-a053-c26dc3d3d65a: receive RaftClientReply:client-C82EA620EB9B->85302df8-7a7f-4077-a053-c26dc3d3d65a@group-4701ABA8D7D0, cid=2866, SUCCESS, logIndex=4767, commits[85302df8-7a7f-4077-a053-c26dc3d3d65a:c4767]
2019-06-13 22:53:56,015 INFO  client.GrpcClientProtocolClient (GrpcClientProtocolClient.java:onNext(254)) - client-C82EA620EB9B->85302df8-7a7f-4077-a053-c26dc3d3d65a: receive RaftClientReply:client-C82EA620EB9B->85302df8-7a7f-4077-a053-c26dc3d3d65a@group-4701ABA8D7D0, cid=2867, SUCCESS, logIndex=4768, commits[85302df8-7a7f-4077-a053-c26dc3d3d65a:c4768]
2019-06-13 22:53:56,016 INFO  client.GrpcClientProtocolClient (GrpcClientProtocolClient.java:onNext(254)) - client-C82EA620EB9B->85302df8-7a7f-4077-a053-c26dc3d3d65a: receive RaftClientReply:client-C82EA620EB9B->85302df8-7a7f-4077-a053-c26dc3d3d65a@group-4701ABA8D7D0, cid=2868, SUCCESS, logIndex=4770, commits[85302df8-7a7f-4077-a053-c26dc3d3d65a:c4770]
2019-06-13 22:53:56,021 INFO  client.GrpcClientProtocolClient (GrpcClientProtocolClient.java:onNext(254)) - client-C82EA620EB9B->85302df8-7a7f-4077-a053-c26dc3d3d65a: receive RaftClientReply:client-C82EA620EB9B->85302df8-7a7f-4077-a053-c26dc3d3d65a@group-4701ABA8D7D0, cid=2869, SUCCESS, logIndex=4773, commits[85302df8-7a7f-4077-a053-c26dc3d3d65a:c4773]
2019-06-13 22:53:56,022 INFO  client.GrpcClientProtocolClient (GrpcClientProtocolClient.java:onNext(254)) - client-C82EA620EB9B->85302df8-7a7f-4077-a053-c26dc3d3d65a: receive RaftClientReply:client-C82EA620EB9B->85302df8-7a7f-4077-a053-c26dc3d3d65a@group-4701ABA8D7D0, cid=2870, SUCCESS, logIndex=4775, commits[85302df8-7a7f-4077-a053-c26dc3d3d65a:c4775]
2019-06-13 22:53:56,023 INFO  client.GrpcClientProtocolClient (GrpcClientProtocolClient.java:onNext(254)) - client-C82EA620EB9B->85302df8-7a7f-4077-a053-c26dc3d3d65a: receive RaftClientReply:client-C82EA620EB9B->85302df8-7a7f-4077-a053-c26dc3d3d65a@group-4701ABA8D7D0, cid=2871, SUCCESS, logIndex=4776, commits[85302df8-7a7f-4077-a053-c26dc3d3d65a:c4778]
2019-06-13 22:53:56,023 INFO  client.GrpcClientProtocolClient (GrpcClientProtocolClient.java:onNext(254)) - client-C82EA620EB9B->85302df8-7a7f-4077-a053-c26dc3d3d65a: receive RaftClientReply:client-C82EA620EB9B->85302df8-7a7f-4077-a053-c26dc3d3d65a@group-4701ABA8D7D0, cid=2872, SUCCESS, logIndex=4777, commits[85302df8-7a7f-4077-a053-c26dc3d3d65a:c4778]
2019-06-13 22:53:56,081 DEBUG block.SCMBlockDeletingService (SCMBlockDeletingService.java:call(138)) - Running DeletedBlockTransactionScanner
2019-06-13 22:53:56,081 DEBUG block.SCMBlockDeletingService (SCMBlockDeletingService.java:call(155)) - Scanned deleted blocks log and got 0 delTX to process.
2019-06-13 22:53:56,139 INFO  client.GrpcClientProtocolClient (GrpcClientProtocolClient.java:onNext(254)) - client-C82EA620EB9B->85302df8-7a7f-4077-a053-c26dc3d3d65a: receive RaftClientReply:client-C82EA620EB9B->85302df8-7a7f-4077-a053-c26dc3d3d65a@group-4701ABA8D7D0, cid=2873, SUCCESS, logIndex=4779, commits[85302df8-7a7f-4077-a053-c26dc3d3d65a:c4779]
2019-06-13 22:53:56,146 INFO  client.GrpcClientProtocolClient (GrpcClientProtocolClient.java:onNext(254)) - client-C82EA620EB9B->85302df8-7a7f-4077-a053-c26dc3d3d65a: receive RaftClientReply:client-C82EA620EB9B->85302df8-7a7f-4077-a053-c26dc3d3d65a@group-4701ABA8D7D0, cid=2874, SUCCESS, logIndex=4781, commits[85302df8-7a7f-4077-a053-c26dc3d3d65a:c4781]
2019-06-13 22:53:56,146 INFO  client.GrpcClientProtocolClient (GrpcClientProtocolClient.java:onNext(254)) - client-C82EA620EB9B->85302df8-7a7f-4077-a053-c26dc3d3d65a: receive RaftClientReply:client-C82EA620EB9B->85302df8-7a7f-4077-a053-c26dc3d3d65a@group-4701ABA8D7D0, cid=2875, SUCCESS, logIndex=4782, commits[85302df8-7a7f-4077-a053-c26dc3d3d65a:c4784]
2019-06-13 22:53:56,147 INFO  client.GrpcClientProtocolClient (GrpcClientProtocolClient.java:onNext(254)) - client-C82EA620EB9B->85302df8-7a7f-4077-a053-c26dc3d3d65a: receive RaftClientReply:client-C82EA620EB9B->85302df8-7a7f-4077-a053-c26dc3d3d65a@group-4701ABA8D7D0, cid=2876, SUCCESS, logIndex=4783, commits[85302df8-7a7f-4077-a053-c26dc3d3d65a:c4784]
2019-06-13 22:53:56,153 INFO  client.GrpcClientProtocolClient (GrpcClientProtocolClient.java:onNext(254)) - client-C82EA620EB9B->85302df8-7a7f-4077-a053-c26dc3d3d65a: receive RaftClientReply:client-C82EA620EB9B->85302df8-7a7f-4077-a053-c26dc3d3d65a@group-4701ABA8D7D0, cid=2877, SUCCESS, logIndex=4785, commits[85302df8-7a7f-4077-a053-c26dc3d3d65a:c4785]
2019-06-13 22:53:56,153 INFO  storage.RaftLogWorker (RaftLogWorker.java:rollLogSegment(303)) - 85302df8-7a7f-4077-a053-c26dc3d3d65a-RaftLogWorker: Rolling segment log-4722_4788 to index:4788
2019-06-13 22:53:56,154 INFO  client.GrpcClientProtocolClient (GrpcClientProtocolClient.java:onNext(254)) - client-C82EA620EB9B->85302df8-7a7f-4077-a053-c26dc3d3d65a: receive RaftClientReply:client-C82EA620EB9B->85302df8-7a7f-4077-a053-c26dc3d3d65a@group-4701ABA8D7D0, cid=2878, SUCCESS, logIndex=4787, commits[85302df8-7a7f-4077-a053-c26dc3d3d65a:c4787]
2019-06-13 22:53:56,155 INFO  storage.RaftLogWorker (RaftLogWorker.java:execute(433)) - 85302df8-7a7f-4077-a053-c26dc3d3d65a-RaftLogWorker: Rolled log segment from /opt/src/hadoop-ozone/integration-test/target/test-dir/MiniOzoneClusterImpl-550f9ca0-a6d9-4a4a-902f-f07ac81eac7b/datanode-0/data/ratis/5ad10fc2-5a33-4bdd-8958-4701aba8d7d0/current/log_inprogress_4722 to /opt/src/hadoop-ozone/integration-test/target/test-dir/MiniOzoneClusterImpl-550f9ca0-a6d9-4a4a-902f-f07ac81eac7b/datanode-0/data/ratis/5ad10fc2-5a33-4bdd-8958-4701aba8d7d0/current/log_4722-4788
2019-06-13 22:53:56,158 INFO  client.GrpcClientProtocolClient (GrpcClientProtocolClient.java:onNext(254)) - client-C82EA620EB9B->85302df8-7a7f-4077-a053-c26dc3d3d65a: receive RaftClientReply:client-C82EA620EB9B->85302df8-7a7f-4077-a053-c26dc3d3d65a@group-4701ABA8D7D0, cid=2879, SUCCESS, logIndex=4788, commits[85302df8-7a7f-4077-a053-c26dc3d3d65a:c4788]
2019-06-13 22:53:56,182 DEBUG block.SCMBlockDeletingService (SCMBlockDeletingService.java:call(138)) - Running DeletedBlockTransactionScanner
2019-06-13 22:53:56,182 DEBUG block.SCMBlockDeletingService (SCMBlockDeletingService.java:call(155)) - Scanned deleted blocks log and got 0 delTX to process.
2019-06-13 22:53:56,192 INFO  storage.RaftLogWorker (RaftLogWorker.java:execute(469)) - 85302df8-7a7f-4077-a053-c26dc3d3d65a-RaftLogWorker: created new log segment /opt/src/hadoop-ozone/integration-test/target/test-dir/MiniOzoneClusterImpl-550f9ca0-a6d9-4a4a-902f-f07ac81eac7b/datanode-0/data/ratis/5ad10fc2-5a33-4bdd-8958-4701aba8d7d0/current/log_inprogress_4789
2019-06-13 22:53:56,194 INFO  client.GrpcClientProtocolClient (GrpcClientProtocolClient.java:onNext(254)) - client-C82EA620EB9B->85302df8-7a7f-4077-a053-c26dc3d3d65a: receive RaftClientReply:client-C82EA620EB9B->85302df8-7a7f-4077-a053-c26dc3d3d65a@group-4701ABA8D7D0, cid=2880, SUCCESS, logIndex=4789, commits[85302df8-7a7f-4077-a053-c26dc3d3d65a:c4791]
2019-06-13 22:53:56,205 INFO  client.GrpcClientProtocolClient (GrpcClientProtocolClient.java:onNext(254)) - client-C82EA620EB9B->85302df8-7a7f-4077-a053-c26dc3d3d65a: receive RaftClientReply:client-C82EA620EB9B->85302df8-7a7f-4077-a053-c26dc3d3d65a@group-4701ABA8D7D0, cid=2881, SUCCESS, logIndex=4792, commits[85302df8-7a7f-4077-a053-c26dc3d3d65a:c4792]
2019-06-13 22:53:56,206 INFO  client.GrpcClientProtocolClient (GrpcClientProtocolClient.java:onNext(254)) - client-C82EA620EB9B->85302df8-7a7f-4077-a053-c26dc3d3d65a: receive RaftClientReply:client-C82EA620EB9B->85302df8-7a7f-4077-a053-c26dc3d3d65a@group-4701ABA8D7D0, cid=2882, SUCCESS, logIndex=4794, commits[85302df8-7a7f-4077-a053-c26dc3d3d65a:c4794]
2019-06-13 22:53:56,207 INFO  client.GrpcClientProtocolClient (GrpcClientProtocolClient.java:onNext(254)) - client-C82EA620EB9B->85302df8-7a7f-4077-a053-c26dc3d3d65a: receive RaftClientReply:client-C82EA620EB9B->85302df8-7a7f-4077-a053-c26dc3d3d65a@group-4701ABA8D7D0, cid=2883, SUCCESS, logIndex=4795, commits[85302df8-7a7f-4077-a053-c26dc3d3d65a:c4796]
2019-06-13 22:53:56,208 INFO  client.GrpcClientProtocolClient (GrpcClientProtocolClient.java:onNext(254)) - client-C82EA620EB9B->85302df8-7a7f-4077-a053-c26dc3d3d65a: receive RaftClientReply:client-C82EA620EB9B->85302df8-7a7f-4077-a053-c26dc3d3d65a@group-4701ABA8D7D0, cid=2884, SUCCESS, logIndex=4797, commits[85302df8-7a7f-4077-a053-c26dc3d3d65a:c4797]
2019-06-13 22:53:56,214 INFO  client.GrpcClientProtocolClient (GrpcClientProtocolClient.java:onNext(254)) - client-C82EA620EB9B->85302df8-7a7f-4077-a053-c26dc3d3d65a: receive RaftClientReply:client-C82EA620EB9B->85302df8-7a7f-4077-a053-c26dc3d3d65a@group-4701ABA8D7D0, cid=2885, SUCCESS, logIndex=4799, commits[85302df8-7a7f-4077-a053-c26dc3d3d65a:c4799]
2019-06-13 22:53:56,217 INFO  client.GrpcClientProtocolClient (GrpcClientProtocolClient.java:onNext(254)) - client-C82EA620EB9B->85302df8-7a7f-4077-a053-c26dc3d3d65a: receive RaftClientReply:client-C82EA620EB9B->85302df8-7a7f-4077-a053-c26dc3d3d65a@group-4701ABA8D7D0, cid=2886, SUCCESS, logIndex=4801, commits[85302df8-7a7f-4077-a053-c26dc3d3d65a:c4803]
2019-06-13 22:53:56,218 INFO  client.GrpcClientProtocolClient (GrpcClientProtocolClient.java:onNext(254)) - client-C82EA620EB9B->85302df8-7a7f-4077-a053-c26dc3d3d65a: receive RaftClientReply:client-C82EA620EB9B->85302df8-7a7f-4077-a053-c26dc3d3d65a@group-4701ABA8D7D0, cid=2887, SUCCESS, logIndex=4802, commits[85302df8-7a7f-4077-a053-c26dc3d3d65a:c4803]
2019-06-13 22:53:56,218 INFO  client.GrpcClientProtocolClient (GrpcClientProtocolClient.java:onNext(254)) - client-C82EA620EB9B->85302df8-7a7f-4077-a053-c26dc3d3d65a: receive RaftClientReply:client-C82EA620EB9B->85302df8-7a7f-4077-a053-c26dc3d3d65a@group-4701ABA8D7D0, cid=2888, SUCCESS, logIndex=4803, commits[85302df8-7a7f-4077-a053-c26dc3d3d65a:c4804]
2019-06-13 22:53:56,234 INFO  client.GrpcClientProtocolClient (GrpcClientProtocolClient.java:onNext(254)) - client-C82EA620EB9B->85302df8-7a7f-4077-a053-c26dc3d3d65a: receive RaftClientReply:client-C82EA620EB9B->85302df8-7a7f-4077-a053-c26dc3d3d65a@group-4701ABA8D7D0, cid=2889, SUCCESS, logIndex=4805, commits[85302df8-7a7f-4077-a053-c26dc3d3d65a:c4805]
2019-06-13 22:53:56,236 INFO  client.GrpcClientProtocolClient (GrpcClientProtocolClient.java:onNext(254)) - client-C82EA620EB9B->85302df8-7a7f-4077-a053-c26dc3d3d65a: receive RaftClientReply:client-C82EA620EB9B->85302df8-7a7f-4077-a053-c26dc3d3d65a@group-4701ABA8D7D0, cid=2890, SUCCESS, logIndex=4807, commits[85302df8-7a7f-4077-a053-c26dc3d3d65a:c4809]
2019-06-13 22:53:56,237 INFO  client.GrpcClientProtocolClient (GrpcClientProtocolClient.java:onNext(254)) - client-C82EA620EB9B->85302df8-7a7f-4077-a053-c26dc3d3d65a: receive RaftClientReply:client-C82EA620EB9B->85302df8-7a7f-4077-a053-c26dc3d3d65a@group-4701ABA8D7D0, cid=2891, SUCCESS, logIndex=4808, commits[85302df8-7a7f-4077-a053-c26dc3d3d65a:c4809]
2019-06-13 22:53:56,237 INFO  client.GrpcClientProtocolClient (GrpcClientProtocolClient.java:onNext(254)) - client-C82EA620EB9B->85302df8-7a7f-4077-a053-c26dc3d3d65a: receive RaftClientReply:client-C82EA620EB9B->85302df8-7a7f-4077-a053-c26dc3d3d65a@group-4701ABA8D7D0, cid=2892, SUCCESS, logIndex=4809, commits[85302df8-7a7f-4077-a053-c26dc3d3d65a:c4809]
2019-06-13 22:53:56,243 INFO  client.GrpcClientProtocolClient (GrpcClientProtocolClient.java:onNext(254)) - client-C82EA620EB9B->85302df8-7a7f-4077-a053-c26dc3d3d65a: receive RaftClientReply:client-C82EA620EB9B->85302df8-7a7f-4077-a053-c26dc3d3d65a@group-4701ABA8D7D0, cid=2893, SUCCESS, logIndex=4811, commits[85302df8-7a7f-4077-a053-c26dc3d3d65a:c4811]
2019-06-13 22:53:56,244 INFO  client.GrpcClientProtocolClient (GrpcClientProtocolClient.java:onNext(254)) - client-C82EA620EB9B->85302df8-7a7f-4077-a053-c26dc3d3d65a: receive RaftClientReply:client-C82EA620EB9B->85302df8-7a7f-4077-a053-c26dc3d3d65a@group-4701ABA8D7D0, cid=2894, SUCCESS, logIndex=4813, commits[85302df8-7a7f-4077-a053-c26dc3d3d65a:c4813]
2019-06-13 22:53:56,246 INFO  client.GrpcClientProtocolClient (GrpcClientProtocolClient.java:onNext(254)) - client-C82EA620EB9B->85302df8-7a7f-4077-a053-c26dc3d3d65a: receive RaftClientReply:client-C82EA620EB9B->85302df8-7a7f-4077-a053-c26dc3d3d65a@group-4701ABA8D7D0, cid=2895, SUCCESS, logIndex=4815, commits[85302df8-7a7f-4077-a053-c26dc3d3d65a:c4816]
2019-06-13 22:53:56,247 INFO  client.GrpcClientProtocolClient (GrpcClientProtocolClient.java:onNext(254)) - client-C82EA620EB9B->85302df8-7a7f-4077-a053-c26dc3d3d65a: receive RaftClientReply:client-C82EA620EB9B->85302df8-7a7f-4077-a053-c26dc3d3d65a@group-4701ABA8D7D0, cid=2896, SUCCESS, logIndex=4816, commits[85302df8-7a7f-4077-a053-c26dc3d3d65a:c4816]
2019-06-13 22:53:56,257 INFO  client.GrpcClientProtocolClient (GrpcClientProtocolClient.java:onNext(254)) - client-C82EA620EB9B->85302df8-7a7f-4077-a053-c26dc3d3d65a: receive RaftClientReply:client-C82EA620EB9B->85302df8-7a7f-4077-a053-c26dc3d3d65a@group-4701ABA8D7D0, cid=2897, SUCCESS, logIndex=4818, commits[85302df8-7a7f-4077-a053-c26dc3d3d65a:c4818]
2019-06-13 22:53:56,259 INFO  client.GrpcClientProtocolClient (GrpcClientProtocolClient.java:onNext(254)) - client-C82EA620EB9B->85302df8-7a7f-4077-a053-c26dc3d3d65a: receive RaftClientReply:client-C82EA620EB9B->85302df8-7a7f-4077-a053-c26dc3d3d65a@group-4701ABA8D7D0, cid=2898, SUCCESS, logIndex=4820, commits[85302df8-7a7f-4077-a053-c26dc3d3d65a:c4820]
2019-06-13 22:53:56,259 INFO  client.GrpcClientProtocolClient (GrpcClientProtocolClient.java:onNext(254)) - client-C82EA620EB9B->85302df8-7a7f-4077-a053-c26dc3d3d65a: receive RaftClientReply:client-C82EA620EB9B->85302df8-7a7f-4077-a053-c26dc3d3d65a@group-4701ABA8D7D0, cid=2899, SUCCESS, logIndex=4821, commits[85302df8-7a7f-4077-a053-c26dc3d3d65a:c4822]
2019-06-13 22:53:56,260 INFO  client.GrpcClientProtocolClient (GrpcClientProtocolClient.java:onNext(254)) - client-C82EA620EB9B->85302df8-7a7f-4077-a053-c26dc3d3d65a: receive RaftClientReply:client-C82EA620EB9B->85302df8-7a7f-4077-a053-c26dc3d3d65a@group-4701ABA8D7D0, cid=2900, SUCCESS, logIndex=4822, commits[85302df8-7a7f-4077-a053-c26dc3d3d65a:c4822]
2019-06-13 22:53:56,265 INFO  client.GrpcClientProtocolClient (GrpcClientProtocolClient.java:onNext(254)) - client-C82EA620EB9B->85302df8-7a7f-4077-a053-c26dc3d3d65a: receive RaftClientReply:client-C82EA620EB9B->85302df8-7a7f-4077-a053-c26dc3d3d65a@group-4701ABA8D7D0, cid=2901, SUCCESS, logIndex=4825, commits[85302df8-7a7f-4077-a053-c26dc3d3d65a:c4825]
2019-06-13 22:53:56,267 INFO  client.GrpcClientProtocolClient (GrpcClientProtocolClient.java:onNext(254)) - client-C82EA620EB9B->85302df8-7a7f-4077-a053-c26dc3d3d65a: receive RaftClientReply:client-C82EA620EB9B->85302df8-7a7f-4077-a053-c26dc3d3d65a@group-4701ABA8D7D0, cid=2902, SUCCESS, logIndex=4827, commits[85302df8-7a7f-4077-a053-c26dc3d3d65a:c4827]
2019-06-13 22:53:56,268 INFO  client.GrpcClientProtocolClient (GrpcClientProtocolClient.java:onNext(254)) - client-C82EA620EB9B->85302df8-7a7f-4077-a053-c26dc3d3d65a: receive RaftClientReply:client-C82EA620EB9B->85302df8-7a7f-4077-a053-c26dc3d3d65a@group-4701ABA8D7D0, cid=2903, SUCCESS, logIndex=4828, commits[85302df8-7a7f-4077-a053-c26dc3d3d65a:c4830]
2019-06-13 22:53:56,270 INFO  client.GrpcClientProtocolClient (GrpcClientProtocolClient.java:onNext(254)) - client-C82EA620EB9B->85302df8-7a7f-4077-a053-c26dc3d3d65a: receive RaftClientReply:client-C82EA620EB9B->85302df8-7a7f-4077-a053-c26dc3d3d65a@group-4701ABA8D7D0, cid=2904, SUCCESS, logIndex=4829, commits[85302df8-7a7f-4077-a053-c26dc3d3d65a:c4830]
2019-06-13 22:53:56,282 INFO  client.GrpcClientProtocolClient (GrpcClientProtocolClient.java:onNext(254)) - client-C82EA620EB9B->85302df8-7a7f-4077-a053-c26dc3d3d65a: receive RaftClientReply:client-C82EA620EB9B->85302df8-7a7f-4077-a053-c26dc3d3d65a@group-4701ABA8D7D0, cid=2905, SUCCESS, logIndex=4831, commits[85302df8-7a7f-4077-a053-c26dc3d3d65a:c4831]
2019-06-13 22:53:56,282 DEBUG block.SCMBlockDeletingService (SCMBlockDeletingService.java:call(138)) - Running DeletedBlockTransactionScanner
2019-06-13 22:53:56,282 DEBUG block.SCMBlockDeletingService (SCMBlockDeletingService.java:call(155)) - Scanned deleted blocks log and got 0 delTX to process.
2019-06-13 22:53:56,284 INFO  client.GrpcClientProtocolClient (GrpcClientProtocolClient.java:onNext(254)) - client-C82EA620EB9B->85302df8-7a7f-4077-a053-c26dc3d3d65a: receive RaftClientReply:client-C82EA620EB9B->85302df8-7a7f-4077-a053-c26dc3d3d65a@group-4701ABA8D7D0, cid=2906, SUCCESS, logIndex=4833, commits[85302df8-7a7f-4077-a053-c26dc3d3d65a:c4833]
2019-06-13 22:53:56,285 INFO  client.GrpcClientProtocolClient (GrpcClientProtocolClient.java:onNext(254)) - client-C82EA620EB9B->85302df8-7a7f-4077-a053-c26dc3d3d65a: receive RaftClientReply:client-C82EA620EB9B->85302df8-7a7f-4077-a053-c26dc3d3d65a@group-4701ABA8D7D0, cid=2907, SUCCESS, logIndex=4834, commits[85302df8-7a7f-4077-a053-c26dc3d3d65a:c4835]
2019-06-13 22:53:56,285 INFO  client.GrpcClientProtocolClient (GrpcClientProtocolClient.java:onNext(254)) - client-C82EA620EB9B->85302df8-7a7f-4077-a053-c26dc3d3d65a: receive RaftClientReply:client-C82EA620EB9B->85302df8-7a7f-4077-a053-c26dc3d3d65a@group-4701ABA8D7D0, cid=2908, SUCCESS, logIndex=4835, commits[85302df8-7a7f-4077-a053-c26dc3d3d65a:c4836]
2019-06-13 22:53:56,290 INFO  client.GrpcClientProtocolClient (GrpcClientProtocolClient.java:onNext(254)) - client-C82EA620EB9B->85302df8-7a7f-4077-a053-c26dc3d3d65a: receive RaftClientReply:client-C82EA620EB9B->85302df8-7a7f-4077-a053-c26dc3d3d65a@group-4701ABA8D7D0, cid=2909, SUCCESS, logIndex=4838, commits[85302df8-7a7f-4077-a053-c26dc3d3d65a:c4838]
2019-06-13 22:53:56,292 INFO  client.GrpcClientProtocolClient (GrpcClientProtocolClient.java:onNext(254)) - client-C82EA620EB9B->85302df8-7a7f-4077-a053-c26dc3d3d65a: receive RaftClientReply:client-C82EA620EB9B->85302df8-7a7f-4077-a053-c26dc3d3d65a@group-4701ABA8D7D0, cid=2910, SUCCESS, logIndex=4840, commits[85302df8-7a7f-4077-a053-c26dc3d3d65a:c4840]
2019-06-13 22:53:56,293 INFO  client.GrpcClientProtocolClient (GrpcClientProtocolClient.java:onNext(254)) - client-C82EA620EB9B->85302df8-7a7f-4077-a053-c26dc3d3d65a: receive RaftClientReply:client-C82EA620EB9B->85302df8-7a7f-4077-a053-c26dc3d3d65a@group-4701ABA8D7D0, cid=2911, SUCCESS, logIndex=4841, commits[85302df8-7a7f-4077-a053-c26dc3d3d65a:c4843]
2019-06-13 22:53:56,293 INFO  client.GrpcClientProtocolClient (GrpcClientProtocolClient.java:onNext(254)) - client-C82EA620EB9B->85302df8-7a7f-4077-a053-c26dc3d3d65a: receive RaftClientReply:client-C82EA620EB9B->85302df8-7a7f-4077-a053-c26dc3d3d65a@group-4701ABA8D7D0, cid=2912, SUCCESS, logIndex=4842, commits[85302df8-7a7f-4077-a053-c26dc3d3d65a:c4843]
2019-06-13 22:53:56,305 INFO  client.GrpcClientProtocolClient (GrpcClientProtocolClient.java:onNext(254)) - client-C82EA620EB9B->85302df8-7a7f-4077-a053-c26dc3d3d65a: receive RaftClientReply:client-C82EA620EB9B->85302df8-7a7f-4077-a053-c26dc3d3d65a@group-4701ABA8D7D0, cid=2913, SUCCESS, logIndex=4844, commits[85302df8-7a7f-4077-a053-c26dc3d3d65a:c4844]
2019-06-13 22:53:56,306 INFO  client.GrpcClientProtocolClient (GrpcClientProtocolClient.java:onNext(254)) - client-C82EA620EB9B->85302df8-7a7f-4077-a053-c26dc3d3d65a: receive RaftClientReply:client-C82EA620EB9B->85302df8-7a7f-4077-a053-c26dc3d3d65a@group-4701ABA8D7D0, cid=2914, SUCCESS, logIndex=4846, commits[85302df8-7a7f-4077-a053-c26dc3d3d65a:c4846]
2019-06-13 22:53:56,307 INFO  client.GrpcClientProtocolClient (GrpcClientProtocolClient.java:onNext(254)) - client-C82EA620EB9B->85302df8-7a7f-4077-a053-c26dc3d3d65a: receive RaftClientReply:client-C82EA620EB9B->85302df8-7a7f-4077-a053-c26dc3d3d65a@group-4701ABA8D7D0, cid=2915, SUCCESS, logIndex=4847, commits[85302df8-7a7f-4077-a053-c26dc3d3d65a:c4848]
2019-06-13 22:53:56,308 INFO  client.GrpcClientProtocolClient (GrpcClientProtocolClient.java:onNext(254)) - client-C82EA620EB9B->85302df8-7a7f-4077-a053-c26dc3d3d65a: receive RaftClientReply:client-C82EA620EB9B->85302df8-7a7f-4077-a053-c26dc3d3d65a@group-4701ABA8D7D0, cid=2916, SUCCESS, logIndex=4849, commits[85302df8-7a7f-4077-a053-c26dc3d3d65a:c4849]
2019-06-13 22:53:56,381 INFO  client.GrpcClientProtocolClient (GrpcClientProtocolClient.java:onNext(254)) - client-C82EA620EB9B->85302df8-7a7f-4077-a053-c26dc3d3d65a: receive RaftClientReply:client-C82EA620EB9B->85302df8-7a7f-4077-a053-c26dc3d3d65a@group-4701ABA8D7D0, cid=2917, SUCCESS, logIndex=4851, commits[85302df8-7a7f-4077-a053-c26dc3d3d65a:c4851]
2019-06-13 22:53:56,383 INFO  client.GrpcClientProtocolClient (GrpcClientProtocolClient.java:onNext(254)) - client-C82EA620EB9B->85302df8-7a7f-4077-a053-c26dc3d3d65a: receive RaftClientReply:client-C82EA620EB9B->85302df8-7a7f-4077-a053-c26dc3d3d65a@group-4701ABA8D7D0, cid=2918, SUCCESS, logIndex=4853, commits[85302df8-7a7f-4077-a053-c26dc3d3d65a:c4853]
2019-06-13 22:53:56,383 DEBUG block.SCMBlockDeletingService (SCMBlockDeletingService.java:call(138)) - Running DeletedBlockTransactionScanner
2019-06-13 22:53:56,383 DEBUG block.SCMBlockDeletingService (SCMBlockDeletingService.java:call(155)) - Scanned deleted blocks log and got 0 delTX to process.
2019-06-13 22:53:56,384 INFO  client.GrpcClientProtocolClient (GrpcClientProtocolClient.java:onNext(254)) - client-C82EA620EB9B->85302df8-7a7f-4077-a053-c26dc3d3d65a: receive RaftClientReply:client-C82EA620EB9B->85302df8-7a7f-4077-a053-c26dc3d3d65a@group-4701ABA8D7D0, cid=2919, SUCCESS, logIndex=4854, commits[85302df8-7a7f-4077-a053-c26dc3d3d65a:c4856]
2019-06-13 22:53:56,384 INFO  client.GrpcClientProtocolClient (GrpcClientProtocolClient.java:onNext(254)) - client-C82EA620EB9B->85302df8-7a7f-4077-a053-c26dc3d3d65a: receive RaftClientReply:client-C82EA620EB9B->85302df8-7a7f-4077-a053-c26dc3d3d65a@group-4701ABA8D7D0, cid=2920, SUCCESS, logIndex=4855, commits[85302df8-7a7f-4077-a053-c26dc3d3d65a:c4856]
2019-06-13 22:53:56,394 INFO  client.GrpcClientProtocolClient (GrpcClientProtocolClient.java:onNext(254)) - client-C82EA620EB9B->85302df8-7a7f-4077-a053-c26dc3d3d65a: receive RaftClientReply:client-C82EA620EB9B->85302df8-7a7f-4077-a053-c26dc3d3d65a@group-4701ABA8D7D0, cid=2921, SUCCESS, logIndex=4857, commits[85302df8-7a7f-4077-a053-c26dc3d3d65a:c4857]
2019-06-13 22:53:56,394 INFO  storage.RaftLogWorker (RaftLogWorker.java:rollLogSegment(303)) - 85302df8-7a7f-4077-a053-c26dc3d3d65a-RaftLogWorker: Rolling segment log-4789_4859 to index:4859
2019-06-13 22:53:56,394 INFO  storage.RaftLogWorker (RaftLogWorker.java:execute(433)) - 85302df8-7a7f-4077-a053-c26dc3d3d65a-RaftLogWorker: Rolled log segment from /opt/src/hadoop-ozone/integration-test/target/test-dir/MiniOzoneClusterImpl-550f9ca0-a6d9-4a4a-902f-f07ac81eac7b/datanode-0/data/ratis/5ad10fc2-5a33-4bdd-8958-4701aba8d7d0/current/log_inprogress_4789 to /opt/src/hadoop-ozone/integration-test/target/test-dir/MiniOzoneClusterImpl-550f9ca0-a6d9-4a4a-902f-f07ac81eac7b/datanode-0/data/ratis/5ad10fc2-5a33-4bdd-8958-4701aba8d7d0/current/log_4789-4859
2019-06-13 22:53:56,396 INFO  client.GrpcClientProtocolClient (GrpcClientProtocolClient.java:onNext(254)) - client-C82EA620EB9B->85302df8-7a7f-4077-a053-c26dc3d3d65a: receive RaftClientReply:client-C82EA620EB9B->85302df8-7a7f-4077-a053-c26dc3d3d65a@group-4701ABA8D7D0, cid=2922, SUCCESS, logIndex=4859, commits[85302df8-7a7f-4077-a053-c26dc3d3d65a:c4859]
2019-06-13 22:53:56,431 INFO  storage.RaftLogWorker (RaftLogWorker.java:execute(469)) - 85302df8-7a7f-4077-a053-c26dc3d3d65a-RaftLogWorker: created new log segment /opt/src/hadoop-ozone/integration-test/target/test-dir/MiniOzoneClusterImpl-550f9ca0-a6d9-4a4a-902f-f07ac81eac7b/datanode-0/data/ratis/5ad10fc2-5a33-4bdd-8958-4701aba8d7d0/current/log_inprogress_4860
2019-06-13 22:53:56,432 INFO  client.GrpcClientProtocolClient (GrpcClientProtocolClient.java:onNext(254)) - client-C82EA620EB9B->85302df8-7a7f-4077-a053-c26dc3d3d65a: receive RaftClientReply:client-C82EA620EB9B->85302df8-7a7f-4077-a053-c26dc3d3d65a@group-4701ABA8D7D0, cid=2923, SUCCESS, logIndex=4860, commits[85302df8-7a7f-4077-a053-c26dc3d3d65a:c4862]
2019-06-13 22:53:56,432 INFO  client.GrpcClientProtocolClient (GrpcClientProtocolClient.java:onNext(254)) - client-C82EA620EB9B->85302df8-7a7f-4077-a053-c26dc3d3d65a: receive RaftClientReply:client-C82EA620EB9B->85302df8-7a7f-4077-a053-c26dc3d3d65a@group-4701ABA8D7D0, cid=2924, SUCCESS, logIndex=4861, commits[85302df8-7a7f-4077-a053-c26dc3d3d65a:c4862]
2019-06-13 22:53:56,438 INFO  client.GrpcClientProtocolClient (GrpcClientProtocolClient.java:onNext(254)) - client-C82EA620EB9B->85302df8-7a7f-4077-a053-c26dc3d3d65a: receive RaftClientReply:client-C82EA620EB9B->85302df8-7a7f-4077-a053-c26dc3d3d65a@group-4701ABA8D7D0, cid=2925, SUCCESS, logIndex=4863, commits[85302df8-7a7f-4077-a053-c26dc3d3d65a:c4863]
2019-06-13 22:53:56,439 INFO  client.GrpcClientProtocolClient (GrpcClientProtocolClient.java:onNext(254)) - client-C82EA620EB9B->85302df8-7a7f-4077-a053-c26dc3d3d65a: receive RaftClientReply:client-C82EA620EB9B->85302df8-7a7f-4077-a053-c26dc3d3d65a@group-4701ABA8D7D0, cid=2926, SUCCESS, logIndex=4865, commits[85302df8-7a7f-4077-a053-c26dc3d3d65a:c4865]
2019-06-13 22:53:56,440 INFO  client.GrpcClientProtocolClient (GrpcClientProtocolClient.java:onNext(254)) - client-C82EA620EB9B->85302df8-7a7f-4077-a053-c26dc3d3d65a: receive RaftClientReply:client-C82EA620EB9B->85302df8-7a7f-4077-a053-c26dc3d3d65a@group-4701ABA8D7D0, cid=2927, SUCCESS, logIndex=4866, commits[85302df8-7a7f-4077-a053-c26dc3d3d65a:c4868]
2019-06-13 22:53:56,441 INFO  client.GrpcClientProtocolClient (GrpcClientProtocolClient.java:onNext(254)) - client-C82EA620EB9B->85302df8-7a7f-4077-a053-c26dc3d3d65a: receive RaftClientReply:client-C82EA620EB9B->85302df8-7a7f-4077-a053-c26dc3d3d65a@group-4701ABA8D7D0, cid=2928, SUCCESS, logIndex=4867, commits[85302df8-7a7f-4077-a053-c26dc3d3d65a:c4868]
2019-06-13 22:53:56,455 INFO  client.GrpcClientProtocolClient (GrpcClientProtocolClient.java:onNext(254)) - client-C82EA620EB9B->85302df8-7a7f-4077-a053-c26dc3d3d65a: receive RaftClientReply:client-C82EA620EB9B->85302df8-7a7f-4077-a053-c26dc3d3d65a@group-4701ABA8D7D0, cid=2929, SUCCESS, logIndex=4869, commits[85302df8-7a7f-4077-a053-c26dc3d3d65a:c4869]
2019-06-13 22:53:56,456 INFO  client.GrpcClientProtocolClient (GrpcClientProtocolClient.java:onNext(254)) - client-C82EA620EB9B->85302df8-7a7f-4077-a053-c26dc3d3d65a: receive RaftClientReply:client-C82EA620EB9B->85302df8-7a7f-4077-a053-c26dc3d3d65a@group-4701ABA8D7D0, cid=2930, SUCCESS, logIndex=4871, commits[85302df8-7a7f-4077-a053-c26dc3d3d65a:c4871]
2019-06-13 22:53:56,457 INFO  client.GrpcClientProtocolClient (GrpcClientProtocolClient.java:onNext(254)) - client-C82EA620EB9B->85302df8-7a7f-4077-a053-c26dc3d3d65a: receive RaftClientReply:client-C82EA620EB9B->85302df8-7a7f-4077-a053-c26dc3d3d65a@group-4701ABA8D7D0, cid=2931, SUCCESS, logIndex=4872, commits[85302df8-7a7f-4077-a053-c26dc3d3d65a:c4874]
2019-06-13 22:53:56,457 INFO  client.GrpcClientProtocolClient (GrpcClientProtocolClient.java:onNext(254)) - client-C82EA620EB9B->85302df8-7a7f-4077-a053-c26dc3d3d65a: receive RaftClientReply:client-C82EA620EB9B->85302df8-7a7f-4077-a053-c26dc3d3d65a@group-4701ABA8D7D0, cid=2932, SUCCESS, logIndex=4873, commits[85302df8-7a7f-4077-a053-c26dc3d3d65a:c4874]
2019-06-13 22:53:56,464 INFO  client.GrpcClientProtocolClient (GrpcClientProtocolClient.java:onNext(254)) - client-C82EA620EB9B->85302df8-7a7f-4077-a053-c26dc3d3d65a: receive RaftClientReply:client-C82EA620EB9B->85302df8-7a7f-4077-a053-c26dc3d3d65a@group-4701ABA8D7D0, cid=2933, SUCCESS, logIndex=4875, commits[85302df8-7a7f-4077-a053-c26dc3d3d65a:c4875]
2019-06-13 22:53:56,465 INFO  client.GrpcClientProtocolClient (GrpcClientProtocolClient.java:onNext(254)) - client-C82EA620EB9B->85302df8-7a7f-4077-a053-c26dc3d3d65a: receive RaftClientReply:client-C82EA620EB9B->85302df8-7a7f-4077-a053-c26dc3d3d65a@group-4701ABA8D7D0, cid=2934, SUCCESS, logIndex=4877, commits[85302df8-7a7f-4077-a053-c26dc3d3d65a:c4877]
2019-06-13 22:53:56,467 INFO  client.GrpcClientProtocolClient (GrpcClientProtocolClient.java:onNext(254)) - client-C82EA620EB9B->85302df8-7a7f-4077-a053-c26dc3d3d65a: receive RaftClientReply:client-C82EA620EB9B->85302df8-7a7f-4077-a053-c26dc3d3d65a@group-4701ABA8D7D0, cid=2935, SUCCESS, logIndex=4879, commits[85302df8-7a7f-4077-a053-c26dc3d3d65a:c4880]
2019-06-13 22:53:56,468 INFO  client.GrpcClientProtocolClient (GrpcClientProtocolClient.java:onNext(254)) - client-C82EA620EB9B->85302df8-7a7f-4077-a053-c26dc3d3d65a: receive RaftClientReply:client-C82EA620EB9B->85302df8-7a7f-4077-a053-c26dc3d3d65a@group-4701ABA8D7D0, cid=2936, SUCCESS, logIndex=4880, commits[85302df8-7a7f-4077-a053-c26dc3d3d65a:c4881]
2019-06-13 22:53:56,479 INFO  client.GrpcClientProtocolClient (GrpcClientProtocolClient.java:onNext(254)) - client-C82EA620EB9B->85302df8-7a7f-4077-a053-c26dc3d3d65a: receive RaftClientReply:client-C82EA620EB9B->85302df8-7a7f-4077-a053-c26dc3d3d65a@group-4701ABA8D7D0, cid=2937, SUCCESS, logIndex=4882, commits[85302df8-7a7f-4077-a053-c26dc3d3d65a:c4882]
2019-06-13 22:53:56,481 INFO  client.GrpcClientProtocolClient (GrpcClientProtocolClient.java:onNext(254)) - client-C82EA620EB9B->85302df8-7a7f-4077-a053-c26dc3d3d65a: receive RaftClientReply:client-C82EA620EB9B->85302df8-7a7f-4077-a053-c26dc3d3d65a@group-4701ABA8D7D0, cid=2938, SUCCESS, logIndex=4884, commits[85302df8-7a7f-4077-a053-c26dc3d3d65a:c4884]
2019-06-13 22:53:56,481 INFO  client.GrpcClientProtocolClient (GrpcClientProtocolClient.java:onNext(254)) - client-C82EA620EB9B->85302df8-7a7f-4077-a053-c26dc3d3d65a: receive RaftClientReply:client-C82EA620EB9B->85302df8-7a7f-4077-a053-c26dc3d3d65a@group-4701ABA8D7D0, cid=2939, SUCCESS, logIndex=4885, commits[85302df8-7a7f-4077-a053-c26dc3d3d65a:c4887]
2019-06-13 22:53:56,482 INFO  client.GrpcClientProtocolClient (GrpcClientProtocolClient.java:onNext(254)) - client-C82EA620EB9B->85302df8-7a7f-4077-a053-c26dc3d3d65a: receive RaftClientReply:client-C82EA620EB9B->85302df8-7a7f-4077-a053-c26dc3d3d65a@group-4701ABA8D7D0, cid=2940, SUCCESS, logIndex=4886, commits[85302df8-7a7f-4077-a053-c26dc3d3d65a:c4887]
2019-06-13 22:53:56,483 DEBUG block.SCMBlockDeletingService (SCMBlockDeletingService.java:call(138)) - Running DeletedBlockTransactionScanner
2019-06-13 22:53:56,483 DEBUG block.SCMBlockDeletingService (SCMBlockDeletingService.java:call(155)) - Scanned deleted blocks log and got 0 delTX to process.
2019-06-13 22:53:56,488 INFO  client.GrpcClientProtocolClient (GrpcClientProtocolClient.java:onNext(254)) - client-C82EA620EB9B->85302df8-7a7f-4077-a053-c26dc3d3d65a: receive RaftClientReply:client-C82EA620EB9B->85302df8-7a7f-4077-a053-c26dc3d3d65a@group-4701ABA8D7D0, cid=2941, SUCCESS, logIndex=4888, commits[85302df8-7a7f-4077-a053-c26dc3d3d65a:c4888]
2019-06-13 22:53:56,759 DEBUG block.SCMBlockDeletingService (SCMBlockDeletingService.java:call(138)) - Running DeletedBlockTransactionScanner
2019-06-13 22:53:56,760 INFO  client.GrpcClientProtocolClient (GrpcClientProtocolClient.java:onNext(254)) - client-C82EA620EB9B->85302df8-7a7f-4077-a053-c26dc3d3d65a: receive RaftClientReply:client-C82EA620EB9B->85302df8-7a7f-4077-a053-c26dc3d3d65a@group-4701ABA8D7D0, cid=2942, SUCCESS, logIndex=4890, commits[85302df8-7a7f-4077-a053-c26dc3d3d65a:c4890]
2019-06-13 22:53:56,760 DEBUG block.SCMBlockDeletingService (SCMBlockDeletingService.java:call(155)) - Scanned deleted blocks log and got 0 delTX to process.
2019-06-13 22:53:56,771 INFO  client.GrpcClientProtocolClient (GrpcClientProtocolClient.java:onNext(254)) - client-C82EA620EB9B->85302df8-7a7f-4077-a053-c26dc3d3d65a: receive RaftClientReply:client-C82EA620EB9B->85302df8-7a7f-4077-a053-c26dc3d3d65a@group-4701ABA8D7D0, cid=2943, SUCCESS, logIndex=4891, commits[85302df8-7a7f-4077-a053-c26dc3d3d65a:c4893]
2019-06-13 22:53:56,771 INFO  client.GrpcClientProtocolClient (GrpcClientProtocolClient.java:onNext(254)) - client-C82EA620EB9B->85302df8-7a7f-4077-a053-c26dc3d3d65a: receive RaftClientReply:client-C82EA620EB9B->85302df8-7a7f-4077-a053-c26dc3d3d65a@group-4701ABA8D7D0, cid=2944, SUCCESS, logIndex=4892, commits[85302df8-7a7f-4077-a053-c26dc3d3d65a:c4893]
2019-06-13 22:53:56,781 INFO  client.GrpcClientProtocolClient (GrpcClientProtocolClient.java:onNext(254)) - client-C82EA620EB9B->85302df8-7a7f-4077-a053-c26dc3d3d65a: receive RaftClientReply:client-C82EA620EB9B->85302df8-7a7f-4077-a053-c26dc3d3d65a@group-4701ABA8D7D0, cid=2945, SUCCESS, logIndex=4894, commits[85302df8-7a7f-4077-a053-c26dc3d3d65a:c4894]
2019-06-13 22:53:56,782 INFO  client.GrpcClientProtocolClient (GrpcClientProtocolClient.java:onNext(254)) - client-C82EA620EB9B->85302df8-7a7f-4077-a053-c26dc3d3d65a: receive RaftClientReply:client-C82EA620EB9B->85302df8-7a7f-4077-a053-c26dc3d3d65a@group-4701ABA8D7D0, cid=2946, SUCCESS, logIndex=4896, commits[85302df8-7a7f-4077-a053-c26dc3d3d65a:c4896]
2019-06-13 22:53:56,784 INFO  client.GrpcClientProtocolClient (GrpcClientProtocolClient.java:onNext(254)) - client-C82EA620EB9B->85302df8-7a7f-4077-a053-c26dc3d3d65a: receive RaftClientReply:client-C82EA620EB9B->85302df8-7a7f-4077-a053-c26dc3d3d65a@group-4701ABA8D7D0, cid=2947, SUCCESS, logIndex=4897, commits[85302df8-7a7f-4077-a053-c26dc3d3d65a:c4899]
2019-06-13 22:53:56,784 INFO  client.GrpcClientProtocolClient (GrpcClientProtocolClient.java:onNext(254)) - client-C82EA620EB9B->85302df8-7a7f-4077-a053-c26dc3d3d65a: receive RaftClientReply:client-C82EA620EB9B->85302df8-7a7f-4077-a053-c26dc3d3d65a@group-4701ABA8D7D0, cid=2948, SUCCESS, logIndex=4898, commits[85302df8-7a7f-4077-a053-c26dc3d3d65a:c4899]
2019-06-13 22:53:56,789 INFO  client.GrpcClientProtocolClient (GrpcClientProtocolClient.java:onNext(254)) - client-C82EA620EB9B->85302df8-7a7f-4077-a053-c26dc3d3d65a: receive RaftClientReply:client-C82EA620EB9B->85302df8-7a7f-4077-a053-c26dc3d3d65a@group-4701ABA8D7D0, cid=2949, SUCCESS, logIndex=4900, commits[85302df8-7a7f-4077-a053-c26dc3d3d65a:c4900]
2019-06-13 22:53:56,790 INFO  client.GrpcClientProtocolClient (GrpcClientProtocolClient.java:onNext(254)) - client-C82EA620EB9B->85302df8-7a7f-4077-a053-c26dc3d3d65a: receive RaftClientReply:client-C82EA620EB9B->85302df8-7a7f-4077-a053-c26dc3d3d65a@group-4701ABA8D7D0, cid=2950, SUCCESS, logIndex=4902, commits[85302df8-7a7f-4077-a053-c26dc3d3d65a:c4902]
2019-06-13 22:53:56,792 INFO  client.GrpcClientProtocolClient (GrpcClientProtocolClient.java:onNext(254)) - client-C82EA620EB9B->85302df8-7a7f-4077-a053-c26dc3d3d65a: receive RaftClientReply:client-C82EA620EB9B->85302df8-7a7f-4077-a053-c26dc3d3d65a@group-4701ABA8D7D0, cid=2951, SUCCESS, logIndex=4903, commits[85302df8-7a7f-4077-a053-c26dc3d3d65a:c4905]
2019-06-13 22:53:56,792 INFO  client.GrpcClientProtocolClient (GrpcClientProtocolClient.java:onNext(254)) - client-C82EA620EB9B->85302df8-7a7f-4077-a053-c26dc3d3d65a: receive RaftClientReply:client-C82EA620EB9B->85302df8-7a7f-4077-a053-c26dc3d3d65a@group-4701ABA8D7D0, cid=2952, SUCCESS, logIndex=4904, commits[85302df8-7a7f-4077-a053-c26dc3d3d65a:c4905]
2019-06-13 22:53:56,801 INFO  client.GrpcClientProtocolClient (GrpcClientProtocolClient.java:onNext(254)) - client-C82EA620EB9B->85302df8-7a7f-4077-a053-c26dc3d3d65a: receive RaftClientReply:client-C82EA620EB9B->85302df8-7a7f-4077-a053-c26dc3d3d65a@group-4701ABA8D7D0, cid=2953, SUCCESS, logIndex=4906, commits[85302df8-7a7f-4077-a053-c26dc3d3d65a:c4906]
2019-06-13 22:53:56,805 INFO  client.GrpcClientProtocolClient (GrpcClientProtocolClient.java:onNext(254)) - client-C82EA620EB9B->85302df8-7a7f-4077-a053-c26dc3d3d65a: receive RaftClientReply:client-C82EA620EB9B->85302df8-7a7f-4077-a053-c26dc3d3d65a@group-4701ABA8D7D0, cid=2954, SUCCESS, logIndex=4908, commits[85302df8-7a7f-4077-a053-c26dc3d3d65a:c4908]
2019-06-13 22:53:56,806 INFO  client.GrpcClientProtocolClient (GrpcClientProtocolClient.java:onNext(254)) - client-C82EA620EB9B->85302df8-7a7f-4077-a053-c26dc3d3d65a: receive RaftClientReply:client-C82EA620EB9B->85302df8-7a7f-4077-a053-c26dc3d3d65a@group-4701ABA8D7D0, cid=2955, SUCCESS, logIndex=4909, commits[85302df8-7a7f-4077-a053-c26dc3d3d65a:c4911]
2019-06-13 22:53:56,806 INFO  client.GrpcClientProtocolClient (GrpcClientProtocolClient.java:onNext(254)) - client-C82EA620EB9B->85302df8-7a7f-4077-a053-c26dc3d3d65a: receive RaftClientReply:client-C82EA620EB9B->85302df8-7a7f-4077-a053-c26dc3d3d65a@group-4701ABA8D7D0, cid=2956, SUCCESS, logIndex=4911, commits[85302df8-7a7f-4077-a053-c26dc3d3d65a:c4912]
2019-06-13 22:53:56,811 INFO  client.GrpcClientProtocolClient (GrpcClientProtocolClient.java:onNext(254)) - client-C82EA620EB9B->85302df8-7a7f-4077-a053-c26dc3d3d65a: receive RaftClientReply:client-C82EA620EB9B->85302df8-7a7f-4077-a053-c26dc3d3d65a@group-4701ABA8D7D0, cid=2957, SUCCESS, logIndex=4913, commits[85302df8-7a7f-4077-a053-c26dc3d3d65a:c4913]
2019-06-13 22:53:56,812 INFO  client.GrpcClientProtocolClient (GrpcClientProtocolClient.java:onNext(254)) - client-C82EA620EB9B->85302df8-7a7f-4077-a053-c26dc3d3d65a: receive RaftClientReply:client-C82EA620EB9B->85302df8-7a7f-4077-a053-c26dc3d3d65a@group-4701ABA8D7D0, cid=2958, SUCCESS, logIndex=4915, commits[85302df8-7a7f-4077-a053-c26dc3d3d65a:c4915]
2019-06-13 22:53:56,817 INFO  client.GrpcClientProtocolClient (GrpcClientProtocolClient.java:onNext(254)) - client-C82EA620EB9B->85302df8-7a7f-4077-a053-c26dc3d3d65a: receive RaftClientReply:client-C82EA620EB9B->85302df8-7a7f-4077-a053-c26dc3d3d65a@group-4701ABA8D7D0, cid=2959, SUCCESS, logIndex=4917, commits[85302df8-7a7f-4077-a053-c26dc3d3d65a:c4917]
2019-06-13 22:53:56,818 INFO  client.GrpcClientProtocolClient (GrpcClientProtocolClient.java:onNext(254)) - client-C82EA620EB9B->85302df8-7a7f-4077-a053-c26dc3d3d65a: receive RaftClientReply:client-C82EA620EB9B->85302df8-7a7f-4077-a053-c26dc3d3d65a@group-4701ABA8D7D0, cid=2960, SUCCESS, logIndex=4919, commits[85302df8-7a7f-4077-a053-c26dc3d3d65a:c4919]
2019-06-13 22:53:56,829 INFO  client.GrpcClientProtocolClient (GrpcClientProtocolClient.java:onNext(254)) - client-C82EA620EB9B->85302df8-7a7f-4077-a053-c26dc3d3d65a: receive RaftClientReply:client-C82EA620EB9B->85302df8-7a7f-4077-a053-c26dc3d3d65a@group-4701ABA8D7D0, cid=2961, SUCCESS, logIndex=4921, commits[85302df8-7a7f-4077-a053-c26dc3d3d65a:c4921]
2019-06-13 22:53:56,830 INFO  client.GrpcClientProtocolClient (GrpcClientProtocolClient.java:onNext(254)) - client-C82EA620EB9B->85302df8-7a7f-4077-a053-c26dc3d3d65a: receive RaftClientReply:client-C82EA620EB9B->85302df8-7a7f-4077-a053-c26dc3d3d65a@group-4701ABA8D7D0, cid=2962, SUCCESS, logIndex=4923, commits[85302df8-7a7f-4077-a053-c26dc3d3d65a:c4923]
2019-06-13 22:53:56,860 DEBUG block.SCMBlockDeletingService (SCMBlockDeletingService.java:call(138)) - Running DeletedBlockTransactionScanner
2019-06-13 22:53:56,860 DEBUG block.SCMBlockDeletingService (SCMBlockDeletingService.java:call(155)) - Scanned deleted blocks log and got 0 delTX to process.
2019-06-13 22:53:56,902 INFO  client.GrpcClientProtocolClient (GrpcClientProtocolClient.java:onNext(254)) - client-C82EA620EB9B->85302df8-7a7f-4077-a053-c26dc3d3d65a: receive RaftClientReply:client-C82EA620EB9B->85302df8-7a7f-4077-a053-c26dc3d3d65a@group-4701ABA8D7D0, cid=2963, SUCCESS, logIndex=4925, commits[85302df8-7a7f-4077-a053-c26dc3d3d65a:c4925]
2019-06-13 22:53:56,903 INFO  client.GrpcClientProtocolClient (GrpcClientProtocolClient.java:onNext(254)) - client-C82EA620EB9B->85302df8-7a7f-4077-a053-c26dc3d3d65a: receive RaftClientReply:client-C82EA620EB9B->85302df8-7a7f-4077-a053-c26dc3d3d65a@group-4701ABA8D7D0, cid=2964, SUCCESS, logIndex=4927, commits[85302df8-7a7f-4077-a053-c26dc3d3d65a:c4927]
2019-06-13 22:53:56,910 INFO  client.GrpcClientProtocolClient (GrpcClientProtocolClient.java:onNext(254)) - client-C82EA620EB9B->85302df8-7a7f-4077-a053-c26dc3d3d65a: receive RaftClientReply:client-C82EA620EB9B->85302df8-7a7f-4077-a053-c26dc3d3d65a@group-4701ABA8D7D0, cid=2965, SUCCESS, logIndex=4929, commits[85302df8-7a7f-4077-a053-c26dc3d3d65a:c4929]
2019-06-13 22:53:56,910 INFO  storage.RaftLogWorker (RaftLogWorker.java:rollLogSegment(303)) - 85302df8-7a7f-4077-a053-c26dc3d3d65a-RaftLogWorker: Rolling segment log-4860_4930 to index:4930
2019-06-13 22:53:56,911 INFO  storage.RaftLogWorker (RaftLogWorker.java:execute(433)) - 85302df8-7a7f-4077-a053-c26dc3d3d65a-RaftLogWorker: Rolled log segment from /opt/src/hadoop-ozone/integration-test/target/test-dir/MiniOzoneClusterImpl-550f9ca0-a6d9-4a4a-902f-f07ac81eac7b/datanode-0/data/ratis/5ad10fc2-5a33-4bdd-8958-4701aba8d7d0/current/log_inprogress_4860 to /opt/src/hadoop-ozone/integration-test/target/test-dir/MiniOzoneClusterImpl-550f9ca0-a6d9-4a4a-902f-f07ac81eac7b/datanode-0/data/ratis/5ad10fc2-5a33-4bdd-8958-4701aba8d7d0/current/log_4860-4930
2019-06-13 22:53:56,947 INFO  storage.RaftLogWorker (RaftLogWorker.java:execute(469)) - 85302df8-7a7f-4077-a053-c26dc3d3d65a-RaftLogWorker: created new log segment /opt/src/hadoop-ozone/integration-test/target/test-dir/MiniOzoneClusterImpl-550f9ca0-a6d9-4a4a-902f-f07ac81eac7b/datanode-0/data/ratis/5ad10fc2-5a33-4bdd-8958-4701aba8d7d0/current/log_inprogress_4931
2019-06-13 22:53:56,948 INFO  client.GrpcClientProtocolClient (GrpcClientProtocolClient.java:onNext(254)) - client-C82EA620EB9B->85302df8-7a7f-4077-a053-c26dc3d3d65a: receive RaftClientReply:client-C82EA620EB9B->85302df8-7a7f-4077-a053-c26dc3d3d65a@group-4701ABA8D7D0, cid=2966, SUCCESS, logIndex=4931, commits[85302df8-7a7f-4077-a053-c26dc3d3d65a:c4933]
2019-06-13 22:53:56,949 INFO  client.GrpcClientProtocolClient (GrpcClientProtocolClient.java:onNext(254)) - client-C82EA620EB9B->85302df8-7a7f-4077-a053-c26dc3d3d65a: receive RaftClientReply:client-C82EA620EB9B->85302df8-7a7f-4077-a053-c26dc3d3d65a@group-4701ABA8D7D0, cid=2967, SUCCESS, logIndex=4932, commits[85302df8-7a7f-4077-a053-c26dc3d3d65a:c4934]
2019-06-13 22:53:56,949 INFO  client.GrpcClientProtocolClient (GrpcClientProtocolClient.java:onNext(254)) - client-C82EA620EB9B->85302df8-7a7f-4077-a053-c26dc3d3d65a: receive RaftClientReply:client-C82EA620EB9B->85302df8-7a7f-4077-a053-c26dc3d3d65a@group-4701ABA8D7D0, cid=2968, SUCCESS, logIndex=4933, commits[85302df8-7a7f-4077-a053-c26dc3d3d65a:c4934]
2019-06-13 22:53:56,959 INFO  client.GrpcClientProtocolClient (GrpcClientProtocolClient.java:onNext(254)) - client-C82EA620EB9B->85302df8-7a7f-4077-a053-c26dc3d3d65a: receive RaftClientReply:client-C82EA620EB9B->85302df8-7a7f-4077-a053-c26dc3d3d65a@group-4701ABA8D7D0, cid=2969, SUCCESS, logIndex=4935, commits[85302df8-7a7f-4077-a053-c26dc3d3d65a:c4935]
2019-06-13 22:53:56,963 DEBUG block.SCMBlockDeletingService (SCMBlockDeletingService.java:call(138)) - Running DeletedBlockTransactionScanner
2019-06-13 22:53:56,963 INFO  client.GrpcClientProtocolClient (GrpcClientProtocolClient.java:onNext(254)) - client-C82EA620EB9B->85302df8-7a7f-4077-a053-c26dc3d3d65a: receive RaftClientReply:client-C82EA620EB9B->85302df8-7a7f-4077-a053-c26dc3d3d65a@group-4701ABA8D7D0, cid=2970, SUCCESS, logIndex=4937, commits[85302df8-7a7f-4077-a053-c26dc3d3d65a:c4937]
2019-06-13 22:53:56,963 DEBUG block.SCMBlockDeletingService (SCMBlockDeletingService.java:call(155)) - Scanned deleted blocks log and got 0 delTX to process.
2019-06-13 22:53:56,963 INFO  client.GrpcClientProtocolClient (GrpcClientProtocolClient.java:onNext(254)) - client-C82EA620EB9B->85302df8-7a7f-4077-a053-c26dc3d3d65a: receive RaftClientReply:client-C82EA620EB9B->85302df8-7a7f-4077-a053-c26dc3d3d65a@group-4701ABA8D7D0, cid=2971, SUCCESS, logIndex=4938, commits[85302df8-7a7f-4077-a053-c26dc3d3d65a:c4940]
2019-06-13 22:53:56,963 INFO  client.GrpcClientProtocolClient (GrpcClientProtocolClient.java:onNext(254)) - client-C82EA620EB9B->85302df8-7a7f-4077-a053-c26dc3d3d65a: receive RaftClientReply:client-C82EA620EB9B->85302df8-7a7f-4077-a053-c26dc3d3d65a@group-4701ABA8D7D0, cid=2972, SUCCESS, logIndex=4939, commits[85302df8-7a7f-4077-a053-c26dc3d3d65a:c4940]
2019-06-13 22:53:56,969 INFO  client.GrpcClientProtocolClient (GrpcClientProtocolClient.java:onNext(254)) - client-C82EA620EB9B->85302df8-7a7f-4077-a053-c26dc3d3d65a: receive RaftClientReply:client-C82EA620EB9B->85302df8-7a7f-4077-a053-c26dc3d3d65a@group-4701ABA8D7D0, cid=2973, SUCCESS, logIndex=4941, commits[85302df8-7a7f-4077-a053-c26dc3d3d65a:c4941]
2019-06-13 22:53:56,970 INFO  client.GrpcClientProtocolClient (GrpcClientProtocolClient.java:onNext(254)) - client-C82EA620EB9B->85302df8-7a7f-4077-a053-c26dc3d3d65a: receive RaftClientReply:client-C82EA620EB9B->85302df8-7a7f-4077-a053-c26dc3d3d65a@group-4701ABA8D7D0, cid=2974, SUCCESS, logIndex=4943, commits[85302df8-7a7f-4077-a053-c26dc3d3d65a:c4943]
2019-06-13 22:53:56,971 INFO  client.GrpcClientProtocolClient (GrpcClientProtocolClient.java:onNext(254)) - client-C82EA620EB9B->85302df8-7a7f-4077-a053-c26dc3d3d65a: receive RaftClientReply:client-C82EA620EB9B->85302df8-7a7f-4077-a053-c26dc3d3d65a@group-4701ABA8D7D0, cid=2975, SUCCESS, logIndex=4944, commits[85302df8-7a7f-4077-a053-c26dc3d3d65a:c4946]
2019-06-13 22:53:56,971 INFO  client.GrpcClientProtocolClient (GrpcClientProtocolClient.java:onNext(254)) - client-C82EA620EB9B->85302df8-7a7f-4077-a053-c26dc3d3d65a: receive RaftClientReply:client-C82EA620EB9B->85302df8-7a7f-4077-a053-c26dc3d3d65a@group-4701ABA8D7D0, cid=2976, SUCCESS, logIndex=4945, commits[85302df8-7a7f-4077-a053-c26dc3d3d65a:c4946]
2019-06-13 22:53:56,981 INFO  client.GrpcClientProtocolClient (GrpcClientProtocolClient.java:onNext(254)) - client-C82EA620EB9B->85302df8-7a7f-4077-a053-c26dc3d3d65a: receive RaftClientReply:client-C82EA620EB9B->85302df8-7a7f-4077-a053-c26dc3d3d65a@group-4701ABA8D7D0, cid=2977, SUCCESS, logIndex=4947, commits[85302df8-7a7f-4077-a053-c26dc3d3d65a:c4947]
2019-06-13 22:53:56,982 INFO  client.GrpcClientProtocolClient (GrpcClientProtocolClient.java:onNext(254)) - client-C82EA620EB9B->85302df8-7a7f-4077-a053-c26dc3d3d65a: receive RaftClientReply:client-C82EA620EB9B->85302df8-7a7f-4077-a053-c26dc3d3d65a@group-4701ABA8D7D0, cid=2978, SUCCESS, logIndex=4949, commits[85302df8-7a7f-4077-a053-c26dc3d3d65a:c4949]
2019-06-13 22:53:56,983 INFO  client.GrpcClientProtocolClient (GrpcClientProtocolClient.java:onNext(254)) - client-C82EA620EB9B->85302df8-7a7f-4077-a053-c26dc3d3d65a: receive RaftClientReply:client-C82EA620EB9B->85302df8-7a7f-4077-a053-c26dc3d3d65a@group-4701ABA8D7D0, cid=2979, SUCCESS, logIndex=4950, commits[85302df8-7a7f-4077-a053-c26dc3d3d65a:c4952]
2019-06-13 22:53:56,983 INFO  client.GrpcClientProtocolClient (GrpcClientProtocolClient.java:onNext(254)) - client-C82EA620EB9B->85302df8-7a7f-4077-a053-c26dc3d3d65a: receive RaftClientReply:client-C82EA620EB9B->85302df8-7a7f-4077-a053-c26dc3d3d65a@group-4701ABA8D7D0, cid=2980, SUCCESS, logIndex=4951, commits[85302df8-7a7f-4077-a053-c26dc3d3d65a:c4952]
2019-06-13 22:53:56,989 INFO  client.GrpcClientProtocolClient (GrpcClientProtocolClient.java:onNext(254)) - client-C82EA620EB9B->85302df8-7a7f-4077-a053-c26dc3d3d65a: receive RaftClientReply:client-C82EA620EB9B->85302df8-7a7f-4077-a053-c26dc3d3d65a@group-4701ABA8D7D0, cid=2981, SUCCESS, logIndex=4953, commits[85302df8-7a7f-4077-a053-c26dc3d3d65a:c4953]
2019-06-13 22:53:56,990 INFO  client.GrpcClientProtocolClient (GrpcClientProtocolClient.java:onNext(254)) - client-C82EA620EB9B->85302df8-7a7f-4077-a053-c26dc3d3d65a: receive RaftClientReply:client-C82EA620EB9B->85302df8-7a7f-4077-a053-c26dc3d3d65a@group-4701ABA8D7D0, cid=2982, SUCCESS, logIndex=4955, commits[85302df8-7a7f-4077-a053-c26dc3d3d65a:c4955]
2019-06-13 22:53:56,991 INFO  client.GrpcClientProtocolClient (GrpcClientProtocolClient.java:onNext(254)) - client-C82EA620EB9B->85302df8-7a7f-4077-a053-c26dc3d3d65a: receive RaftClientReply:client-C82EA620EB9B->85302df8-7a7f-4077-a053-c26dc3d3d65a@group-4701ABA8D7D0, cid=2983, SUCCESS, logIndex=4956, commits[85302df8-7a7f-4077-a053-c26dc3d3d65a:c4958]
2019-06-13 22:53:56,991 INFO  client.GrpcClientProtocolClient (GrpcClientProtocolClient.java:onNext(254)) - client-C82EA620EB9B->85302df8-7a7f-4077-a053-c26dc3d3d65a: receive RaftClientReply:client-C82EA620EB9B->85302df8-7a7f-4077-a053-c26dc3d3d65a@group-4701ABA8D7D0, cid=2984, SUCCESS, logIndex=4957, commits[85302df8-7a7f-4077-a053-c26dc3d3d65a:c4958]
2019-06-13 22:53:57,001 INFO  client.GrpcClientProtocolClient (GrpcClientProtocolClient.java:onNext(254)) - client-C82EA620EB9B->85302df8-7a7f-4077-a053-c26dc3d3d65a: receive RaftClientReply:client-C82EA620EB9B->85302df8-7a7f-4077-a053-c26dc3d3d65a@group-4701ABA8D7D0, cid=2985, SUCCESS, logIndex=4959, commits[85302df8-7a7f-4077-a053-c26dc3d3d65a:c4959]
2019-06-13 22:53:57,002 INFO  client.GrpcClientProtocolClient (GrpcClientProtocolClient.java:onNext(254)) - client-C82EA620EB9B->85302df8-7a7f-4077-a053-c26dc3d3d65a: receive RaftClientReply:client-C82EA620EB9B->85302df8-7a7f-4077-a053-c26dc3d3d65a@group-4701ABA8D7D0, cid=2986, SUCCESS, logIndex=4961, commits[85302df8-7a7f-4077-a053-c26dc3d3d65a:c4961]
2019-06-13 22:53:57,003 INFO  client.GrpcClientProtocolClient (GrpcClientProtocolClient.java:onNext(254)) - client-C82EA620EB9B->85302df8-7a7f-4077-a053-c26dc3d3d65a: receive RaftClientReply:client-C82EA620EB9B->85302df8-7a7f-4077-a053-c26dc3d3d65a@group-4701ABA8D7D0, cid=2987, SUCCESS, logIndex=4962, commits[85302df8-7a7f-4077-a053-c26dc3d3d65a:c4964]
2019-06-13 22:53:57,004 INFO  client.GrpcClientProtocolClient (GrpcClientProtocolClient.java:onNext(254)) - client-C82EA620EB9B->85302df8-7a7f-4077-a053-c26dc3d3d65a: receive RaftClientReply:client-C82EA620EB9B->85302df8-7a7f-4077-a053-c26dc3d3d65a@group-4701ABA8D7D0, cid=2988, SUCCESS, logIndex=4963, commits[85302df8-7a7f-4077-a053-c26dc3d3d65a:c4964]
2019-06-13 22:53:57,010 INFO  client.GrpcClientProtocolClient (GrpcClientProtocolClient.java:onNext(254)) - client-C82EA620EB9B->85302df8-7a7f-4077-a053-c26dc3d3d65a: receive RaftClientReply:client-C82EA620EB9B->85302df8-7a7f-4077-a053-c26dc3d3d65a@group-4701ABA8D7D0, cid=2989, SUCCESS, logIndex=4965, commits[85302df8-7a7f-4077-a053-c26dc3d3d65a:c4965]
2019-06-13 22:53:57,012 INFO  client.GrpcClientProtocolClient (GrpcClientProtocolClient.java:onNext(254)) - client-C82EA620EB9B->85302df8-7a7f-4077-a053-c26dc3d3d65a: receive RaftClientReply:client-C82EA620EB9B->85302df8-7a7f-4077-a053-c26dc3d3d65a@group-4701ABA8D7D0, cid=2990, SUCCESS, logIndex=4967, commits[85302df8-7a7f-4077-a053-c26dc3d3d65a:c4967]
2019-06-13 22:53:57,013 INFO  client.GrpcClientProtocolClient (GrpcClientProtocolClient.java:onNext(254)) - client-C82EA620EB9B->85302df8-7a7f-4077-a053-c26dc3d3d65a: receive RaftClientReply:client-C82EA620EB9B->85302df8-7a7f-4077-a053-c26dc3d3d65a@group-4701ABA8D7D0, cid=2991, SUCCESS, logIndex=4968, commits[85302df8-7a7f-4077-a053-c26dc3d3d65a:c4970]
2019-06-13 22:53:57,013 INFO  client.GrpcClientProtocolClient (GrpcClientProtocolClient.java:onNext(254)) - client-C82EA620EB9B->85302df8-7a7f-4077-a053-c26dc3d3d65a: receive RaftClientReply:client-C82EA620EB9B->85302df8-7a7f-4077-a053-c26dc3d3d65a@group-4701ABA8D7D0, cid=2992, SUCCESS, logIndex=4970, commits[85302df8-7a7f-4077-a053-c26dc3d3d65a:c4970]
2019-06-13 22:53:57,023 INFO  client.GrpcClientProtocolClient (GrpcClientProtocolClient.java:onNext(254)) - client-C82EA620EB9B->85302df8-7a7f-4077-a053-c26dc3d3d65a: receive RaftClientReply:client-C82EA620EB9B->85302df8-7a7f-4077-a053-c26dc3d3d65a@group-4701ABA8D7D0, cid=2993, SUCCESS, logIndex=4972, commits[85302df8-7a7f-4077-a053-c26dc3d3d65a:c4972]
2019-06-13 22:53:57,024 INFO  client.GrpcClientProtocolClient (GrpcClientProtocolClient.java:onNext(254)) - client-C82EA620EB9B->85302df8-7a7f-4077-a053-c26dc3d3d65a: receive RaftClientReply:client-C82EA620EB9B->85302df8-7a7f-4077-a053-c26dc3d3d65a@group-4701ABA8D7D0, cid=2994, SUCCESS, logIndex=4974, commits[85302df8-7a7f-4077-a053-c26dc3d3d65a:c4974]
2019-06-13 22:53:57,025 INFO  client.GrpcClientProtocolClient (GrpcClientProtocolClient.java:onNext(254)) - client-C82EA620EB9B->85302df8-7a7f-4077-a053-c26dc3d3d65a: receive RaftClientReply:client-C82EA620EB9B->85302df8-7a7f-4077-a053-c26dc3d3d65a@group-4701ABA8D7D0, cid=2995, SUCCESS, logIndex=4975, commits[85302df8-7a7f-4077-a053-c26dc3d3d65a:c4977]
2019-06-13 22:53:57,025 INFO  client.GrpcClientProtocolClient (GrpcClientProtocolClient.java:onNext(254)) - client-C82EA620EB9B->85302df8-7a7f-4077-a053-c26dc3d3d65a: receive RaftClientReply:client-C82EA620EB9B->85302df8-7a7f-4077-a053-c26dc3d3d65a@group-4701ABA8D7D0, cid=2996, SUCCESS, logIndex=4976, commits[85302df8-7a7f-4077-a053-c26dc3d3d65a:c4977]
2019-06-13 22:53:57,030 INFO  client.GrpcClientProtocolClient (GrpcClientProtocolClient.java:onNext(254)) - client-C82EA620EB9B->85302df8-7a7f-4077-a053-c26dc3d3d65a: receive RaftClientReply:client-C82EA620EB9B->85302df8-7a7f-4077-a053-c26dc3d3d65a@group-4701ABA8D7D0, cid=2997, SUCCESS, logIndex=4978, commits[85302df8-7a7f-4077-a053-c26dc3d3d65a:c4978]
2019-06-13 22:53:57,032 INFO  client.GrpcClientProtocolClient (GrpcClientProtocolClient.java:onNext(254)) - client-C82EA620EB9B->85302df8-7a7f-4077-a053-c26dc3d3d65a: receive RaftClientReply:client-C82EA620EB9B->85302df8-7a7f-4077-a053-c26dc3d3d65a@group-4701ABA8D7D0, cid=2998, SUCCESS, logIndex=4980, commits[85302df8-7a7f-4077-a053-c26dc3d3d65a:c4980]
2019-06-13 22:53:57,033 INFO  client.GrpcClientProtocolClient (GrpcClientProtocolClient.java:onNext(254)) - client-C82EA620EB9B->85302df8-7a7f-4077-a053-c26dc3d3d65a: receive RaftClientReply:client-C82EA620EB9B->85302df8-7a7f-4077-a053-c26dc3d3d65a@group-4701ABA8D7D0, cid=2999, SUCCESS, logIndex=4981, commits[85302df8-7a7f-4077-a053-c26dc3d3d65a:c4983]
2019-06-13 22:53:57,033 INFO  client.GrpcClientProtocolClient (GrpcClientProtocolClient.java:onNext(254)) - client-C82EA620EB9B->85302df8-7a7f-4077-a053-c26dc3d3d65a: receive RaftClientReply:client-C82EA620EB9B->85302df8-7a7f-4077-a053-c26dc3d3d65a@group-4701ABA8D7D0, cid=3000, SUCCESS, logIndex=4982, commits[85302df8-7a7f-4077-a053-c26dc3d3d65a:c4983]
2019-06-13 22:53:57,043 INFO  client.GrpcClientProtocolClient (GrpcClientProtocolClient.java:onNext(254)) - client-C82EA620EB9B->85302df8-7a7f-4077-a053-c26dc3d3d65a: receive RaftClientReply:client-C82EA620EB9B->85302df8-7a7f-4077-a053-c26dc3d3d65a@group-4701ABA8D7D0, cid=3001, SUCCESS, logIndex=4984, commits[85302df8-7a7f-4077-a053-c26dc3d3d65a:c4984]
2019-06-13 22:53:57,044 INFO  client.GrpcClientProtocolClient (GrpcClientProtocolClient.java:onNext(254)) - client-C82EA620EB9B->85302df8-7a7f-4077-a053-c26dc3d3d65a: receive RaftClientReply:client-C82EA620EB9B->85302df8-7a7f-4077-a053-c26dc3d3d65a@group-4701ABA8D7D0, cid=3002, SUCCESS, logIndex=4986, commits[85302df8-7a7f-4077-a053-c26dc3d3d65a:c4986]
2019-06-13 22:53:57,046 INFO  client.GrpcClientProtocolClient (GrpcClientProtocolClient.java:onNext(254)) - client-C82EA620EB9B->85302df8-7a7f-4077-a053-c26dc3d3d65a: receive RaftClientReply:client-C82EA620EB9B->85302df8-7a7f-4077-a053-c26dc3d3d65a@group-4701ABA8D7D0, cid=3003, SUCCESS, logIndex=4987, commits[85302df8-7a7f-4077-a053-c26dc3d3d65a:c4989]
2019-06-13 22:53:57,046 INFO  client.GrpcClientProtocolClient (GrpcClientProtocolClient.java:onNext(254)) - client-C82EA620EB9B->85302df8-7a7f-4077-a053-c26dc3d3d65a: receive RaftClientReply:client-C82EA620EB9B->85302df8-7a7f-4077-a053-c26dc3d3d65a@group-4701ABA8D7D0, cid=3004, SUCCESS, logIndex=4988, commits[85302df8-7a7f-4077-a053-c26dc3d3d65a:c4989]
2019-06-13 22:53:57,051 INFO  client.GrpcClientProtocolClient (GrpcClientProtocolClient.java:onNext(254)) - client-C82EA620EB9B->85302df8-7a7f-4077-a053-c26dc3d3d65a: receive RaftClientReply:client-C82EA620EB9B->85302df8-7a7f-4077-a053-c26dc3d3d65a@group-4701ABA8D7D0, cid=3005, SUCCESS, logIndex=4990, commits[85302df8-7a7f-4077-a053-c26dc3d3d65a:c4990]
2019-06-13 22:53:57,052 INFO  client.GrpcClientProtocolClient (GrpcClientProtocolClient.java:onNext(254)) - client-C82EA620EB9B->85302df8-7a7f-4077-a053-c26dc3d3d65a: receive RaftClientReply:client-C82EA620EB9B->85302df8-7a7f-4077-a053-c26dc3d3d65a@group-4701ABA8D7D0, cid=3006, SUCCESS, logIndex=4992, commits[85302df8-7a7f-4077-a053-c26dc3d3d65a:c4992]
2019-06-13 22:53:57,063 DEBUG block.SCMBlockDeletingService (SCMBlockDeletingService.java:call(138)) - Running DeletedBlockTransactionScanner
2019-06-13 22:53:57,063 DEBUG block.SCMBlockDeletingService (SCMBlockDeletingService.java:call(155)) - Scanned deleted blocks log and got 0 delTX to process.
2019-06-13 22:53:57,120 INFO  client.GrpcClientProtocolClient (GrpcClientProtocolClient.java:onNext(254)) - client-C82EA620EB9B->85302df8-7a7f-4077-a053-c26dc3d3d65a: receive RaftClientReply:client-C82EA620EB9B->85302df8-7a7f-4077-a053-c26dc3d3d65a@group-4701ABA8D7D0, cid=3007, SUCCESS, logIndex=4994, commits[85302df8-7a7f-4077-a053-c26dc3d3d65a:c4994]
2019-06-13 22:53:57,121 INFO  client.GrpcClientProtocolClient (GrpcClientProtocolClient.java:onNext(254)) - client-C82EA620EB9B->85302df8-7a7f-4077-a053-c26dc3d3d65a: receive RaftClientReply:client-C82EA620EB9B->85302df8-7a7f-4077-a053-c26dc3d3d65a@group-4701ABA8D7D0, cid=3008, SUCCESS, logIndex=4996, commits[85302df8-7a7f-4077-a053-c26dc3d3d65a:c4996]
2019-06-13 22:53:57,129 INFO  storage.RaftLogWorker (RaftLogWorker.java:rollLogSegment(303)) - 85302df8-7a7f-4077-a053-c26dc3d3d65a-RaftLogWorker: Rolling segment log-4931_4997 to index:4997
2019-06-13 22:53:57,129 INFO  storage.RaftLogWorker (RaftLogWorker.java:execute(433)) - 85302df8-7a7f-4077-a053-c26dc3d3d65a-RaftLogWorker: Rolled log segment from /opt/src/hadoop-ozone/integration-test/target/test-dir/MiniOzoneClusterImpl-550f9ca0-a6d9-4a4a-902f-f07ac81eac7b/datanode-0/data/ratis/5ad10fc2-5a33-4bdd-8958-4701aba8d7d0/current/log_inprogress_4931 to /opt/src/hadoop-ozone/integration-test/target/test-dir/MiniOzoneClusterImpl-550f9ca0-a6d9-4a4a-902f-f07ac81eac7b/datanode-0/data/ratis/5ad10fc2-5a33-4bdd-8958-4701aba8d7d0/current/log_4931-4997
2019-06-13 22:53:57,164 DEBUG block.SCMBlockDeletingService (SCMBlockDeletingService.java:call(138)) - Running DeletedBlockTransactionScanner
2019-06-13 22:53:57,164 DEBUG block.SCMBlockDeletingService (SCMBlockDeletingService.java:call(155)) - Scanned deleted blocks log and got 0 delTX to process.
2019-06-13 22:53:57,165 INFO  storage.RaftLogWorker (RaftLogWorker.java:execute(469)) - 85302df8-7a7f-4077-a053-c26dc3d3d65a-RaftLogWorker: created new log segment /opt/src/hadoop-ozone/integration-test/target/test-dir/MiniOzoneClusterImpl-550f9ca0-a6d9-4a4a-902f-f07ac81eac7b/datanode-0/data/ratis/5ad10fc2-5a33-4bdd-8958-4701aba8d7d0/current/log_inprogress_4998
2019-06-13 22:53:57,166 INFO  client.GrpcClientProtocolClient (GrpcClientProtocolClient.java:onNext(254)) - client-C82EA620EB9B->85302df8-7a7f-4077-a053-c26dc3d3d65a: receive RaftClientReply:client-C82EA620EB9B->85302df8-7a7f-4077-a053-c26dc3d3d65a@group-4701ABA8D7D0, cid=3009, SUCCESS, logIndex=4998, commits[85302df8-7a7f-4077-a053-c26dc3d3d65a:c4998]
2019-06-13 22:53:57,168 INFO  client.GrpcClientProtocolClient (GrpcClientProtocolClient.java:onNext(254)) - client-C82EA620EB9B->85302df8-7a7f-4077-a053-c26dc3d3d65a: receive RaftClientReply:client-C82EA620EB9B->85302df8-7a7f-4077-a053-c26dc3d3d65a@group-4701ABA8D7D0, cid=3010, SUCCESS, logIndex=5000, commits[85302df8-7a7f-4077-a053-c26dc3d3d65a:c5000]
2019-06-13 22:53:57,169 INFO  client.GrpcClientProtocolClient (GrpcClientProtocolClient.java:onNext(254)) - client-C82EA620EB9B->85302df8-7a7f-4077-a053-c26dc3d3d65a: receive RaftClientReply:client-C82EA620EB9B->85302df8-7a7f-4077-a053-c26dc3d3d65a@group-4701ABA8D7D0, cid=3011, SUCCESS, logIndex=5001, commits[85302df8-7a7f-4077-a053-c26dc3d3d65a:c5003]
2019-06-13 22:53:57,169 INFO  client.GrpcClientProtocolClient (GrpcClientProtocolClient.java:onNext(254)) - client-C82EA620EB9B->85302df8-7a7f-4077-a053-c26dc3d3d65a: receive RaftClientReply:client-C82EA620EB9B->85302df8-7a7f-4077-a053-c26dc3d3d65a@group-4701ABA8D7D0, cid=3012, SUCCESS, logIndex=5002, commits[85302df8-7a7f-4077-a053-c26dc3d3d65a:c5003]
2019-06-13 22:53:57,213 INFO  client.GrpcClientProtocolClient (GrpcClientProtocolClient.java:onNext(254)) - client-C82EA620EB9B->85302df8-7a7f-4077-a053-c26dc3d3d65a: receive RaftClientReply:client-C82EA620EB9B->85302df8-7a7f-4077-a053-c26dc3d3d65a@group-4701ABA8D7D0, cid=3013, SUCCESS, logIndex=5004, commits[85302df8-7a7f-4077-a053-c26dc3d3d65a:c5004]
2019-06-13 22:53:57,214 INFO  client.GrpcClientProtocolClient (GrpcClientProtocolClient.java:onNext(254)) - client-C82EA620EB9B->85302df8-7a7f-4077-a053-c26dc3d3d65a: receive RaftClientReply:client-C82EA620EB9B->85302df8-7a7f-4077-a053-c26dc3d3d65a@group-4701ABA8D7D0, cid=3014, SUCCESS, logIndex=5006, commits[85302df8-7a7f-4077-a053-c26dc3d3d65a:c5006]
2019-06-13 22:53:57,216 INFO  client.GrpcClientProtocolClient (GrpcClientProtocolClient.java:onNext(254)) - client-C82EA620EB9B->85302df8-7a7f-4077-a053-c26dc3d3d65a: receive RaftClientReply:client-C82EA620EB9B->85302df8-7a7f-4077-a053-c26dc3d3d65a@group-4701ABA8D7D0, cid=3015, SUCCESS, logIndex=5007, commits[85302df8-7a7f-4077-a053-c26dc3d3d65a:c5009]
2019-06-13 22:53:57,216 INFO  client.GrpcClientProtocolClient (GrpcClientProtocolClient.java:onNext(254)) - client-C82EA620EB9B->85302df8-7a7f-4077-a053-c26dc3d3d65a: receive RaftClientReply:client-C82EA620EB9B->85302df8-7a7f-4077-a053-c26dc3d3d65a@group-4701ABA8D7D0, cid=3016, SUCCESS, logIndex=5008, commits[85302df8-7a7f-4077-a053-c26dc3d3d65a:c5009]
2019-06-13 22:53:57,226 INFO  client.GrpcClientProtocolClient (GrpcClientProtocolClient.java:onNext(254)) - client-C82EA620EB9B->85302df8-7a7f-4077-a053-c26dc3d3d65a: receive RaftClientReply:client-C82EA620EB9B->85302df8-7a7f-4077-a053-c26dc3d3d65a@group-4701ABA8D7D0, cid=3017, SUCCESS, logIndex=5010, commits[85302df8-7a7f-4077-a053-c26dc3d3d65a:c5010]
2019-06-13 22:53:57,227 INFO  client.GrpcClientProtocolClient (GrpcClientProtocolClient.java:onNext(254)) - client-C82EA620EB9B->85302df8-7a7f-4077-a053-c26dc3d3d65a: receive RaftClientReply:client-C82EA620EB9B->85302df8-7a7f-4077-a053-c26dc3d3d65a@group-4701ABA8D7D0, cid=3018, SUCCESS, logIndex=5012, commits[85302df8-7a7f-4077-a053-c26dc3d3d65a:c5012]
2019-06-13 22:53:57,228 INFO  client.GrpcClientProtocolClient (GrpcClientProtocolClient.java:onNext(254)) - client-C82EA620EB9B->85302df8-7a7f-4077-a053-c26dc3d3d65a: receive RaftClientReply:client-C82EA620EB9B->85302df8-7a7f-4077-a053-c26dc3d3d65a@group-4701ABA8D7D0, cid=3019, SUCCESS, logIndex=5013, commits[85302df8-7a7f-4077-a053-c26dc3d3d65a:c5015]
2019-06-13 22:53:57,229 INFO  client.GrpcClientProtocolClient (GrpcClientProtocolClient.java:onNext(254)) - client-C82EA620EB9B->85302df8-7a7f-4077-a053-c26dc3d3d65a: receive RaftClientReply:client-C82EA620EB9B->85302df8-7a7f-4077-a053-c26dc3d3d65a@group-4701ABA8D7D0, cid=3020, SUCCESS, logIndex=5014, commits[85302df8-7a7f-4077-a053-c26dc3d3d65a:c5015]
2019-06-13 22:53:57,234 INFO  client.GrpcClientProtocolClient (GrpcClientProtocolClient.java:onNext(254)) - client-C82EA620EB9B->85302df8-7a7f-4077-a053-c26dc3d3d65a: receive RaftClientReply:client-C82EA620EB9B->85302df8-7a7f-4077-a053-c26dc3d3d65a@group-4701ABA8D7D0, cid=3021, SUCCESS, logIndex=5016, commits[85302df8-7a7f-4077-a053-c26dc3d3d65a:c5016]
2019-06-13 22:53:57,235 INFO  client.GrpcClientProtocolClient (GrpcClientProtocolClient.java:onNext(254)) - client-C82EA620EB9B->85302df8-7a7f-4077-a053-c26dc3d3d65a: receive RaftClientReply:client-C82EA620EB9B->85302df8-7a7f-4077-a053-c26dc3d3d65a@group-4701ABA8D7D0, cid=3022, SUCCESS, logIndex=5018, commits[85302df8-7a7f-4077-a053-c26dc3d3d65a:c5018]
2019-06-13 22:53:57,241 INFO  client.GrpcClientProtocolClient (GrpcClientProtocolClient.java:onNext(254)) - client-C82EA620EB9B->85302df8-7a7f-4077-a053-c26dc3d3d65a: receive RaftClientReply:client-C82EA620EB9B->85302df8-7a7f-4077-a053-c26dc3d3d65a@group-4701ABA8D7D0, cid=3023, SUCCESS, logIndex=5019, commits[85302df8-7a7f-4077-a053-c26dc3d3d65a:c5021]
2019-06-13 22:53:57,241 INFO  client.GrpcClientProtocolClient (GrpcClientProtocolClient.java:onNext(254)) - client-C82EA620EB9B->85302df8-7a7f-4077-a053-c26dc3d3d65a: receive RaftClientReply:client-C82EA620EB9B->85302df8-7a7f-4077-a053-c26dc3d3d65a@group-4701ABA8D7D0, cid=3024, SUCCESS, logIndex=5020, commits[85302df8-7a7f-4077-a053-c26dc3d3d65a:c5021]
2019-06-13 22:53:57,257 INFO  client.GrpcClientProtocolClient (GrpcClientProtocolClient.java:onNext(254)) - client-C82EA620EB9B->85302df8-7a7f-4077-a053-c26dc3d3d65a: receive RaftClientReply:client-C82EA620EB9B->85302df8-7a7f-4077-a053-c26dc3d3d65a@group-4701ABA8D7D0, cid=3025, SUCCESS, logIndex=5022, commits[85302df8-7a7f-4077-a053-c26dc3d3d65a:c5022]
2019-06-13 22:53:57,258 INFO  client.GrpcClientProtocolClient (GrpcClientProtocolClient.java:onNext(254)) - client-C82EA620EB9B->85302df8-7a7f-4077-a053-c26dc3d3d65a: receive RaftClientReply:client-C82EA620EB9B->85302df8-7a7f-4077-a053-c26dc3d3d65a@group-4701ABA8D7D0, cid=3026, SUCCESS, logIndex=5024, commits[85302df8-7a7f-4077-a053-c26dc3d3d65a:c5024]
2019-06-13 22:53:57,258 INFO  client.GrpcClientProtocolClient (GrpcClientProtocolClient.java:onNext(254)) - client-C82EA620EB9B->85302df8-7a7f-4077-a053-c26dc3d3d65a: receive RaftClientReply:client-C82EA620EB9B->85302df8-7a7f-4077-a053-c26dc3d3d65a@group-4701ABA8D7D0, cid=3027, SUCCESS, logIndex=5026, commits[85302df8-7a7f-4077-a053-c26dc3d3d65a:c5027]
2019-06-13 22:53:57,258 INFO  client.GrpcClientProtocolClient (GrpcClientProtocolClient.java:onNext(254)) - client-C82EA620EB9B->85302df8-7a7f-4077-a053-c26dc3d3d65a: receive RaftClientReply:client-C82EA620EB9B->85302df8-7a7f-4077-a053-c26dc3d3d65a@group-4701ABA8D7D0, cid=3028, SUCCESS, logIndex=5027, commits[85302df8-7a7f-4077-a053-c26dc3d3d65a:c5027]
2019-06-13 22:53:57,264 DEBUG block.SCMBlockDeletingService (SCMBlockDeletingService.java:call(138)) - Running DeletedBlockTransactionScanner
2019-06-13 22:53:57,264 DEBUG block.SCMBlockDeletingService (SCMBlockDeletingService.java:call(155)) - Scanned deleted blocks log and got 0 delTX to process.
2019-06-13 22:53:57,266 INFO  client.GrpcClientProtocolClient (GrpcClientProtocolClient.java:onNext(254)) - client-C82EA620EB9B->85302df8-7a7f-4077-a053-c26dc3d3d65a: receive RaftClientReply:client-C82EA620EB9B->85302df8-7a7f-4077-a053-c26dc3d3d65a@group-4701ABA8D7D0, cid=3029, SUCCESS, logIndex=5029, commits[85302df8-7a7f-4077-a053-c26dc3d3d65a:c5029]
2019-06-13 22:53:57,268 INFO  client.GrpcClientProtocolClient (GrpcClientProtocolClient.java:onNext(254)) - client-C82EA620EB9B->85302df8-7a7f-4077-a053-c26dc3d3d65a: receive RaftClientReply:client-C82EA620EB9B->85302df8-7a7f-4077-a053-c26dc3d3d65a@group-4701ABA8D7D0, cid=3030, SUCCESS, logIndex=5031, commits[85302df8-7a7f-4077-a053-c26dc3d3d65a:c5031]
2019-06-13 22:53:57,268 INFO  client.GrpcClientProtocolClient (GrpcClientProtocolClient.java:onNext(254)) - client-C82EA620EB9B->85302df8-7a7f-4077-a053-c26dc3d3d65a: receive RaftClientReply:client-C82EA620EB9B->85302df8-7a7f-4077-a053-c26dc3d3d65a@group-4701ABA8D7D0, cid=3031, SUCCESS, logIndex=5032, commits[85302df8-7a7f-4077-a053-c26dc3d3d65a:c5034]
2019-06-13 22:53:57,269 INFO  client.GrpcClientProtocolClient (GrpcClientProtocolClient.java:onNext(254)) - client-C82EA620EB9B->85302df8-7a7f-4077-a053-c26dc3d3d65a: receive RaftClientReply:client-C82EA620EB9B->85302df8-7a7f-4077-a053-c26dc3d3d65a@group-4701ABA8D7D0, cid=3032, SUCCESS, logIndex=5033, commits[85302df8-7a7f-4077-a053-c26dc3d3d65a:c5034]
2019-06-13 22:53:57,278 INFO  client.GrpcClientProtocolClient (GrpcClientProtocolClient.java:onNext(254)) - client-C82EA620EB9B->85302df8-7a7f-4077-a053-c26dc3d3d65a: receive RaftClientReply:client-C82EA620EB9B->85302df8-7a7f-4077-a053-c26dc3d3d65a@group-4701ABA8D7D0, cid=3033, SUCCESS, logIndex=5035, commits[85302df8-7a7f-4077-a053-c26dc3d3d65a:c5035]
2019-06-13 22:53:57,280 INFO  client.GrpcClientProtocolClient (GrpcClientProtocolClient.java:onNext(254)) - client-C82EA620EB9B->85302df8-7a7f-4077-a053-c26dc3d3d65a: receive RaftClientReply:client-C82EA620EB9B->85302df8-7a7f-4077-a053-c26dc3d3d65a@group-4701ABA8D7D0, cid=3034, SUCCESS, logIndex=5037, commits[85302df8-7a7f-4077-a053-c26dc3d3d65a:c5037]
2019-06-13 22:53:57,281 INFO  client.GrpcClientProtocolClient (GrpcClientProtocolClient.java:onNext(254)) - client-C82EA620EB9B->85302df8-7a7f-4077-a053-c26dc3d3d65a: receive RaftClientReply:client-C82EA620EB9B->85302df8-7a7f-4077-a053-c26dc3d3d65a@group-4701ABA8D7D0, cid=3035, SUCCESS, logIndex=5038, commits[85302df8-7a7f-4077-a053-c26dc3d3d65a:c5040]
2019-06-13 22:53:57,281 INFO  client.GrpcClientProtocolClient (GrpcClientProtocolClient.java:onNext(254)) - client-C82EA620EB9B->85302df8-7a7f-4077-a053-c26dc3d3d65a: receive RaftClientReply:client-C82EA620EB9B->85302df8-7a7f-4077-a053-c26dc3d3d65a@group-4701ABA8D7D0, cid=3036, SUCCESS, logIndex=5039, commits[85302df8-7a7f-4077-a053-c26dc3d3d65a:c5040]
2019-06-13 22:53:57,286 INFO  client.GrpcClientProtocolClient (GrpcClientProtocolClient.java:onNext(254)) - client-C82EA620EB9B->85302df8-7a7f-4077-a053-c26dc3d3d65a: receive RaftClientReply:client-C82EA620EB9B->85302df8-7a7f-4077-a053-c26dc3d3d65a@group-4701ABA8D7D0, cid=3037, SUCCESS, logIndex=5041, commits[85302df8-7a7f-4077-a053-c26dc3d3d65a:c5041]
2019-06-13 22:53:57,288 INFO  client.GrpcClientProtocolClient (GrpcClientProtocolClient.java:onNext(254)) - client-C82EA620EB9B->85302df8-7a7f-4077-a053-c26dc3d3d65a: receive RaftClientReply:client-C82EA620EB9B->85302df8-7a7f-4077-a053-c26dc3d3d65a@group-4701ABA8D7D0, cid=3038, SUCCESS, logIndex=5043, commits[85302df8-7a7f-4077-a053-c26dc3d3d65a:c5043]
2019-06-13 22:53:57,289 INFO  client.GrpcClientProtocolClient (GrpcClientProtocolClient.java:onNext(254)) - client-C82EA620EB9B->85302df8-7a7f-4077-a053-c26dc3d3d65a: receive RaftClientReply:client-C82EA620EB9B->85302df8-7a7f-4077-a053-c26dc3d3d65a@group-4701ABA8D7D0, cid=3039, SUCCESS, logIndex=5044, commits[85302df8-7a7f-4077-a053-c26dc3d3d65a:c5046]
2019-06-13 22:53:57,289 INFO  client.GrpcClientProtocolClient (GrpcClientProtocolClient.java:onNext(254)) - client-C82EA620EB9B->85302df8-7a7f-4077-a053-c26dc3d3d65a: receive RaftClientReply:client-C82EA620EB9B->85302df8-7a7f-4077-a053-c26dc3d3d65a@group-4701ABA8D7D0, cid=3040, SUCCESS, logIndex=5045, commits[85302df8-7a7f-4077-a053-c26dc3d3d65a:c5046]
2019-06-13 22:53:57,299 INFO  client.GrpcClientProtocolClient (GrpcClientProtocolClient.java:onNext(254)) - client-C82EA620EB9B->85302df8-7a7f-4077-a053-c26dc3d3d65a: receive RaftClientReply:client-C82EA620EB9B->85302df8-7a7f-4077-a053-c26dc3d3d65a@group-4701ABA8D7D0, cid=3041, SUCCESS, logIndex=5047, commits[85302df8-7a7f-4077-a053-c26dc3d3d65a:c5047]
2019-06-13 22:53:57,301 INFO  client.GrpcClientProtocolClient (GrpcClientProtocolClient.java:onNext(254)) - client-C82EA620EB9B->85302df8-7a7f-4077-a053-c26dc3d3d65a: receive RaftClientReply:client-C82EA620EB9B->85302df8-7a7f-4077-a053-c26dc3d3d65a@group-4701ABA8D7D0, cid=3042, SUCCESS, logIndex=5049, commits[85302df8-7a7f-4077-a053-c26dc3d3d65a:c5049]
2019-06-13 22:53:57,302 INFO  client.GrpcClientProtocolClient (GrpcClientProtocolClient.java:onNext(254)) - client-C82EA620EB9B->85302df8-7a7f-4077-a053-c26dc3d3d65a: receive RaftClientReply:client-C82EA620EB9B->85302df8-7a7f-4077-a053-c26dc3d3d65a@group-4701ABA8D7D0, cid=3043, SUCCESS, logIndex=5050, commits[85302df8-7a7f-4077-a053-c26dc3d3d65a:c5052]
2019-06-13 22:53:57,302 INFO  client.GrpcClientProtocolClient (GrpcClientProtocolClient.java:onNext(254)) - client-C82EA620EB9B->85302df8-7a7f-4077-a053-c26dc3d3d65a: receive RaftClientReply:client-C82EA620EB9B->85302df8-7a7f-4077-a053-c26dc3d3d65a@group-4701ABA8D7D0, cid=3044, SUCCESS, logIndex=5051, commits[85302df8-7a7f-4077-a053-c26dc3d3d65a:c5052]
2019-06-13 22:53:57,307 INFO  client.GrpcClientProtocolClient (GrpcClientProtocolClient.java:onNext(254)) - client-C82EA620EB9B->85302df8-7a7f-4077-a053-c26dc3d3d65a: receive RaftClientReply:client-C82EA620EB9B->85302df8-7a7f-4077-a053-c26dc3d3d65a@group-4701ABA8D7D0, cid=3045, SUCCESS, logIndex=5053, commits[85302df8-7a7f-4077-a053-c26dc3d3d65a:c5053]
2019-06-13 22:53:57,309 INFO  client.GrpcClientProtocolClient (GrpcClientProtocolClient.java:onNext(254)) - client-C82EA620EB9B->85302df8-7a7f-4077-a053-c26dc3d3d65a: receive RaftClientReply:client-C82EA620EB9B->85302df8-7a7f-4077-a053-c26dc3d3d65a@group-4701ABA8D7D0, cid=3046, SUCCESS, logIndex=5055, commits[85302df8-7a7f-4077-a053-c26dc3d3d65a:c5055]
2019-06-13 22:53:57,310 INFO  client.GrpcClientProtocolClient (GrpcClientProtocolClient.java:onNext(254)) - client-C82EA620EB9B->85302df8-7a7f-4077-a053-c26dc3d3d65a: receive RaftClientReply:client-C82EA620EB9B->85302df8-7a7f-4077-a053-c26dc3d3d65a@group-4701ABA8D7D0, cid=3047, SUCCESS, logIndex=5056, commits[85302df8-7a7f-4077-a053-c26dc3d3d65a:c5058]
2019-06-13 22:53:57,310 INFO  client.GrpcClientProtocolClient (GrpcClientProtocolClient.java:onNext(254)) - client-C82EA620EB9B->85302df8-7a7f-4077-a053-c26dc3d3d65a: receive RaftClientReply:client-C82EA620EB9B->85302df8-7a7f-4077-a053-c26dc3d3d65a@group-4701ABA8D7D0, cid=3048, SUCCESS, logIndex=5057, commits[85302df8-7a7f-4077-a053-c26dc3d3d65a:c5058]
2019-06-13 22:53:57,320 INFO  client.GrpcClientProtocolClient (GrpcClientProtocolClient.java:onNext(254)) - client-C82EA620EB9B->85302df8-7a7f-4077-a053-c26dc3d3d65a: receive RaftClientReply:client-C82EA620EB9B->85302df8-7a7f-4077-a053-c26dc3d3d65a@group-4701ABA8D7D0, cid=3049, SUCCESS, logIndex=5059, commits[85302df8-7a7f-4077-a053-c26dc3d3d65a:c5059]
2019-06-13 22:53:57,321 INFO  client.GrpcClientProtocolClient (GrpcClientProtocolClient.java:onNext(254)) - client-C82EA620EB9B->85302df8-7a7f-4077-a053-c26dc3d3d65a: receive RaftClientReply:client-C82EA620EB9B->85302df8-7a7f-4077-a053-c26dc3d3d65a@group-4701ABA8D7D0, cid=3050, SUCCESS, logIndex=5061, commits[85302df8-7a7f-4077-a053-c26dc3d3d65a:c5061]
2019-06-13 22:53:57,364 DEBUG block.SCMBlockDeletingService (SCMBlockDeletingService.java:call(138)) - Running DeletedBlockTransactionScanner
2019-06-13 22:53:57,365 DEBUG block.SCMBlockDeletingService (SCMBlockDeletingService.java:call(155)) - Scanned deleted blocks log and got 0 delTX to process.
2019-06-13 22:53:57,389 INFO  client.GrpcClientProtocolClient (GrpcClientProtocolClient.java:onNext(254)) - client-C82EA620EB9B->85302df8-7a7f-4077-a053-c26dc3d3d65a: receive RaftClientReply:client-C82EA620EB9B->85302df8-7a7f-4077-a053-c26dc3d3d65a@group-4701ABA8D7D0, cid=3051, SUCCESS, logIndex=5063, commits[85302df8-7a7f-4077-a053-c26dc3d3d65a:c5063]
2019-06-13 22:53:57,391 INFO  client.GrpcClientProtocolClient (GrpcClientProtocolClient.java:onNext(254)) - client-C82EA620EB9B->85302df8-7a7f-4077-a053-c26dc3d3d65a: receive RaftClientReply:client-C82EA620EB9B->85302df8-7a7f-4077-a053-c26dc3d3d65a@group-4701ABA8D7D0, cid=3052, SUCCESS, logIndex=5065, commits[85302df8-7a7f-4077-a053-c26dc3d3d65a:c5065]
2019-06-13 22:53:57,394 INFO  storage.RaftLogWorker (RaftLogWorker.java:rollLogSegment(303)) - 85302df8-7a7f-4077-a053-c26dc3d3d65a-RaftLogWorker: Rolling segment log-4998_5066 to index:5066
2019-06-13 22:53:57,395 INFO  storage.RaftLogWorker (RaftLogWorker.java:execute(433)) - 85302df8-7a7f-4077-a053-c26dc3d3d65a-RaftLogWorker: Rolled log segment from /opt/src/hadoop-ozone/integration-test/target/test-dir/MiniOzoneClusterImpl-550f9ca0-a6d9-4a4a-902f-f07ac81eac7b/datanode-0/data/ratis/5ad10fc2-5a33-4bdd-8958-4701aba8d7d0/current/log_inprogress_4998 to /opt/src/hadoop-ozone/integration-test/target/test-dir/MiniOzoneClusterImpl-550f9ca0-a6d9-4a4a-902f-f07ac81eac7b/datanode-0/data/ratis/5ad10fc2-5a33-4bdd-8958-4701aba8d7d0/current/log_4998-5066
2019-06-13 22:53:57,431 INFO  storage.RaftLogWorker (RaftLogWorker.java:execute(469)) - 85302df8-7a7f-4077-a053-c26dc3d3d65a-RaftLogWorker: created new log segment /opt/src/hadoop-ozone/integration-test/target/test-dir/MiniOzoneClusterImpl-550f9ca0-a6d9-4a4a-902f-f07ac81eac7b/datanode-0/data/ratis/5ad10fc2-5a33-4bdd-8958-4701aba8d7d0/current/log_inprogress_5067
2019-06-13 22:53:57,433 INFO  client.GrpcClientProtocolClient (GrpcClientProtocolClient.java:onNext(254)) - client-C82EA620EB9B->85302df8-7a7f-4077-a053-c26dc3d3d65a: receive RaftClientReply:client-C82EA620EB9B->85302df8-7a7f-4077-a053-c26dc3d3d65a@group-4701ABA8D7D0, cid=3053, SUCCESS, logIndex=5067, commits[85302df8-7a7f-4077-a053-c26dc3d3d65a:c5067]
2019-06-13 22:53:57,434 INFO  client.GrpcClientProtocolClient (GrpcClientProtocolClient.java:onNext(254)) - client-C82EA620EB9B->85302df8-7a7f-4077-a053-c26dc3d3d65a: receive RaftClientReply:client-C82EA620EB9B->85302df8-7a7f-4077-a053-c26dc3d3d65a@group-4701ABA8D7D0, cid=3054, SUCCESS, logIndex=5069, commits[85302df8-7a7f-4077-a053-c26dc3d3d65a:c5069]
2019-06-13 22:53:57,435 INFO  client.GrpcClientProtocolClient (GrpcClientProtocolClient.java:onNext(254)) - client-C82EA620EB9B->85302df8-7a7f-4077-a053-c26dc3d3d65a: receive RaftClientReply:client-C82EA620EB9B->85302df8-7a7f-4077-a053-c26dc3d3d65a@group-4701ABA8D7D0, cid=3055, SUCCESS, logIndex=5070, commits[85302df8-7a7f-4077-a053-c26dc3d3d65a:c5072]
2019-06-13 22:53:57,436 INFO  client.GrpcClientProtocolClient (GrpcClientProtocolClient.java:onNext(254)) - client-C82EA620EB9B->85302df8-7a7f-4077-a053-c26dc3d3d65a: receive RaftClientReply:client-C82EA620EB9B->85302df8-7a7f-4077-a053-c26dc3d3d65a@group-4701ABA8D7D0, cid=3056, SUCCESS, logIndex=5071, commits[85302df8-7a7f-4077-a053-c26dc3d3d65a:c5072]
2019-06-13 22:53:57,445 INFO  client.GrpcClientProtocolClient (GrpcClientProtocolClient.java:onNext(254)) - client-C82EA620EB9B->85302df8-7a7f-4077-a053-c26dc3d3d65a: receive RaftClientReply:client-C82EA620EB9B->85302df8-7a7f-4077-a053-c26dc3d3d65a@group-4701ABA8D7D0, cid=3057, SUCCESS, logIndex=5073, commits[85302df8-7a7f-4077-a053-c26dc3d3d65a:c5073]
2019-06-13 22:53:57,447 INFO  client.GrpcClientProtocolClient (GrpcClientProtocolClient.java:onNext(254)) - client-C82EA620EB9B->85302df8-7a7f-4077-a053-c26dc3d3d65a: receive RaftClientReply:client-C82EA620EB9B->85302df8-7a7f-4077-a053-c26dc3d3d65a@group-4701ABA8D7D0, cid=3058, SUCCESS, logIndex=5075, commits[85302df8-7a7f-4077-a053-c26dc3d3d65a:c5075]
2019-06-13 22:53:57,448 INFO  client.GrpcClientProtocolClient (GrpcClientProtocolClient.java:onNext(254)) - client-C82EA620EB9B->85302df8-7a7f-4077-a053-c26dc3d3d65a: receive RaftClientReply:client-C82EA620EB9B->85302df8-7a7f-4077-a053-c26dc3d3d65a@group-4701ABA8D7D0, cid=3059, SUCCESS, logIndex=5076, commits[85302df8-7a7f-4077-a053-c26dc3d3d65a:c5078]
2019-06-13 22:53:57,448 INFO  client.GrpcClientProtocolClient (GrpcClientProtocolClient.java:onNext(254)) - client-C82EA620EB9B->85302df8-7a7f-4077-a053-c26dc3d3d65a: receive RaftClientReply:client-C82EA620EB9B->85302df8-7a7f-4077-a053-c26dc3d3d65a@group-4701ABA8D7D0, cid=3060, SUCCESS, logIndex=5077, commits[85302df8-7a7f-4077-a053-c26dc3d3d65a:c5078]
2019-06-13 22:53:57,453 INFO  client.GrpcClientProtocolClient (GrpcClientProtocolClient.java:onNext(254)) - client-C82EA620EB9B->85302df8-7a7f-4077-a053-c26dc3d3d65a: receive RaftClientReply:client-C82EA620EB9B->85302df8-7a7f-4077-a053-c26dc3d3d65a@group-4701ABA8D7D0, cid=3061, SUCCESS, logIndex=5079, commits[85302df8-7a7f-4077-a053-c26dc3d3d65a:c5079]
2019-06-13 22:53:57,454 INFO  client.GrpcClientProtocolClient (GrpcClientProtocolClient.java:onNext(254)) - client-C82EA620EB9B->85302df8-7a7f-4077-a053-c26dc3d3d65a: receive RaftClientReply:client-C82EA620EB9B->85302df8-7a7f-4077-a053-c26dc3d3d65a@group-4701ABA8D7D0, cid=3062, SUCCESS, logIndex=5081, commits[85302df8-7a7f-4077-a053-c26dc3d3d65a:c5081]
2019-06-13 22:53:57,456 INFO  client.GrpcClientProtocolClient (GrpcClientProtocolClient.java:onNext(254)) - client-C82EA620EB9B->85302df8-7a7f-4077-a053-c26dc3d3d65a: receive RaftClientReply:client-C82EA620EB9B->85302df8-7a7f-4077-a053-c26dc3d3d65a@group-4701ABA8D7D0, cid=3063, SUCCESS, logIndex=5082, commits[85302df8-7a7f-4077-a053-c26dc3d3d65a:c5084]
2019-06-13 22:53:57,456 INFO  client.GrpcClientProtocolClient (GrpcClientProtocolClient.java:onNext(254)) - client-C82EA620EB9B->85302df8-7a7f-4077-a053-c26dc3d3d65a: receive RaftClientReply:client-C82EA620EB9B->85302df8-7a7f-4077-a053-c26dc3d3d65a@group-4701ABA8D7D0, cid=3064, SUCCESS, logIndex=5083, commits[85302df8-7a7f-4077-a053-c26dc3d3d65a:c5084]
2019-06-13 22:53:57,465 DEBUG block.SCMBlockDeletingService (SCMBlockDeletingService.java:call(138)) - Running DeletedBlockTransactionScanner
2019-06-13 22:53:57,465 DEBUG block.SCMBlockDeletingService (SCMBlockDeletingService.java:call(155)) - Scanned deleted blocks log and got 0 delTX to process.
2019-06-13 22:53:57,472 INFO  client.GrpcClientProtocolClient (GrpcClientProtocolClient.java:onNext(254)) - client-C82EA620EB9B->85302df8-7a7f-4077-a053-c26dc3d3d65a: receive RaftClientReply:client-C82EA620EB9B->85302df8-7a7f-4077-a053-c26dc3d3d65a@group-4701ABA8D7D0, cid=3065, SUCCESS, logIndex=5085, commits[85302df8-7a7f-4077-a053-c26dc3d3d65a:c5085]
2019-06-13 22:53:57,474 INFO  client.GrpcClientProtocolClient (GrpcClientProtocolClient.java:onNext(254)) - client-C82EA620EB9B->85302df8-7a7f-4077-a053-c26dc3d3d65a: receive RaftClientReply:client-C82EA620EB9B->85302df8-7a7f-4077-a053-c26dc3d3d65a@group-4701ABA8D7D0, cid=3066, SUCCESS, logIndex=5087, commits[85302df8-7a7f-4077-a053-c26dc3d3d65a:c5089]
2019-06-13 22:53:57,478 INFO  client.GrpcClientProtocolClient (GrpcClientProtocolClient.java:onNext(254)) - client-C82EA620EB9B->85302df8-7a7f-4077-a053-c26dc3d3d65a: receive RaftClientReply:client-C82EA620EB9B->85302df8-7a7f-4077-a053-c26dc3d3d65a@group-4701ABA8D7D0, cid=3067, SUCCESS, logIndex=5088, commits[85302df8-7a7f-4077-a053-c26dc3d3d65a:c5089]
2019-06-13 22:53:57,478 INFO  client.GrpcClientProtocolClient (GrpcClientProtocolClient.java:onNext(254)) - client-C82EA620EB9B->85302df8-7a7f-4077-a053-c26dc3d3d65a: receive RaftClientReply:client-C82EA620EB9B->85302df8-7a7f-4077-a053-c26dc3d3d65a@group-4701ABA8D7D0, cid=3068, SUCCESS, logIndex=5089, commits[85302df8-7a7f-4077-a053-c26dc3d3d65a:c5089]
2019-06-13 22:53:57,484 INFO  client.GrpcClientProtocolClient (GrpcClientProtocolClient.java:onNext(254)) - client-C82EA620EB9B->85302df8-7a7f-4077-a053-c26dc3d3d65a: receive RaftClientReply:client-C82EA620EB9B->85302df8-7a7f-4077-a053-c26dc3d3d65a@group-4701ABA8D7D0, cid=3069, SUCCESS, logIndex=5091, commits[85302df8-7a7f-4077-a053-c26dc3d3d65a:c5091]
2019-06-13 22:53:57,485 INFO  client.GrpcClientProtocolClient (GrpcClientProtocolClient.java:onNext(254)) - client-C82EA620EB9B->85302df8-7a7f-4077-a053-c26dc3d3d65a: receive RaftClientReply:client-C82EA620EB9B->85302df8-7a7f-4077-a053-c26dc3d3d65a@group-4701ABA8D7D0, cid=3070, SUCCESS, logIndex=5093, commits[85302df8-7a7f-4077-a053-c26dc3d3d65a:c5093]
2019-06-13 22:53:57,486 INFO  client.GrpcClientProtocolClient (GrpcClientProtocolClient.java:onNext(254)) - client-C82EA620EB9B->85302df8-7a7f-4077-a053-c26dc3d3d65a: receive RaftClientReply:client-C82EA620EB9B->85302df8-7a7f-4077-a053-c26dc3d3d65a@group-4701ABA8D7D0, cid=3071, SUCCESS, logIndex=5094, commits[85302df8-7a7f-4077-a053-c26dc3d3d65a:c5096]
2019-06-13 22:53:57,486 INFO  client.GrpcClientProtocolClient (GrpcClientProtocolClient.java:onNext(254)) - client-C82EA620EB9B->85302df8-7a7f-4077-a053-c26dc3d3d65a: receive RaftClientReply:client-C82EA620EB9B->85302df8-7a7f-4077-a053-c26dc3d3d65a@group-4701ABA8D7D0, cid=3072, SUCCESS, logIndex=5095, commits[85302df8-7a7f-4077-a053-c26dc3d3d65a:c5096]
2019-06-13 22:53:57,499 INFO  client.GrpcClientProtocolClient (GrpcClientProtocolClient.java:onNext(254)) - client-C82EA620EB9B->85302df8-7a7f-4077-a053-c26dc3d3d65a: receive RaftClientReply:client-C82EA620EB9B->85302df8-7a7f-4077-a053-c26dc3d3d65a@group-4701ABA8D7D0, cid=3073, SUCCESS, logIndex=5097, commits[85302df8-7a7f-4077-a053-c26dc3d3d65a:c5097]
2019-06-13 22:53:57,501 INFO  client.GrpcClientProtocolClient (GrpcClientProtocolClient.java:onNext(254)) - client-C82EA620EB9B->85302df8-7a7f-4077-a053-c26dc3d3d65a: receive RaftClientReply:client-C82EA620EB9B->85302df8-7a7f-4077-a053-c26dc3d3d65a@group-4701ABA8D7D0, cid=3074, SUCCESS, logIndex=5099, commits[85302df8-7a7f-4077-a053-c26dc3d3d65a:c5099]
2019-06-13 22:53:57,501 INFO  client.GrpcClientProtocolClient (GrpcClientProtocolClient.java:onNext(254)) - client-C82EA620EB9B->85302df8-7a7f-4077-a053-c26dc3d3d65a: receive RaftClientReply:client-C82EA620EB9B->85302df8-7a7f-4077-a053-c26dc3d3d65a@group-4701ABA8D7D0, cid=3075, SUCCESS, logIndex=5100, commits[85302df8-7a7f-4077-a053-c26dc3d3d65a:c5101]
2019-06-13 22:53:57,502 INFO  client.GrpcClientProtocolClient (GrpcClientProtocolClient.java:onNext(254)) - client-C82EA620EB9B->85302df8-7a7f-4077-a053-c26dc3d3d65a: receive RaftClientReply:client-C82EA620EB9B->85302df8-7a7f-4077-a053-c26dc3d3d65a@group-4701ABA8D7D0, cid=3076, SUCCESS, logIndex=5102, commits[85302df8-7a7f-4077-a053-c26dc3d3d65a:c5102]
2019-06-13 22:53:57,508 INFO  client.GrpcClientProtocolClient (GrpcClientProtocolClient.java:onNext(254)) - client-C82EA620EB9B->85302df8-7a7f-4077-a053-c26dc3d3d65a: receive RaftClientReply:client-C82EA620EB9B->85302df8-7a7f-4077-a053-c26dc3d3d65a@group-4701ABA8D7D0, cid=3077, SUCCESS, logIndex=5104, commits[85302df8-7a7f-4077-a053-c26dc3d3d65a:c5104]
2019-06-13 22:53:57,511 INFO  client.GrpcClientProtocolClient (GrpcClientProtocolClient.java:onNext(254)) - client-C82EA620EB9B->85302df8-7a7f-4077-a053-c26dc3d3d65a: receive RaftClientReply:client-C82EA620EB9B->85302df8-7a7f-4077-a053-c26dc3d3d65a@group-4701ABA8D7D0, cid=3078, SUCCESS, logIndex=5106, commits[85302df8-7a7f-4077-a053-c26dc3d3d65a:c5106]
2019-06-13 22:53:57,511 INFO  client.GrpcClientProtocolClient (GrpcClientProtocolClient.java:onNext(254)) - client-C82EA620EB9B->85302df8-7a7f-4077-a053-c26dc3d3d65a: receive RaftClientReply:client-C82EA620EB9B->85302df8-7a7f-4077-a053-c26dc3d3d65a@group-4701ABA8D7D0, cid=3079, SUCCESS, logIndex=5107, commits[85302df8-7a7f-4077-a053-c26dc3d3d65a:c5109]
2019-06-13 22:53:57,514 INFO  client.GrpcClientProtocolClient (GrpcClientProtocolClient.java:onNext(254)) - client-C82EA620EB9B->85302df8-7a7f-4077-a053-c26dc3d3d65a: receive RaftClientReply:client-C82EA620EB9B->85302df8-7a7f-4077-a053-c26dc3d3d65a@group-4701ABA8D7D0, cid=3080, SUCCESS, logIndex=5109, commits[85302df8-7a7f-4077-a053-c26dc3d3d65a:c5109]
2019-06-13 22:53:57,524 INFO  client.GrpcClientProtocolClient (GrpcClientProtocolClient.java:onNext(254)) - client-C82EA620EB9B->85302df8-7a7f-4077-a053-c26dc3d3d65a: receive RaftClientReply:client-C82EA620EB9B->85302df8-7a7f-4077-a053-c26dc3d3d65a@group-4701ABA8D7D0, cid=3081, SUCCESS, logIndex=5111, commits[85302df8-7a7f-4077-a053-c26dc3d3d65a:c5111]
2019-06-13 22:53:57,525 INFO  client.GrpcClientProtocolClient (GrpcClientProtocolClient.java:onNext(254)) - client-C82EA620EB9B->85302df8-7a7f-4077-a053-c26dc3d3d65a: receive RaftClientReply:client-C82EA620EB9B->85302df8-7a7f-4077-a053-c26dc3d3d65a@group-4701ABA8D7D0, cid=3082, SUCCESS, logIndex=5113, commits[85302df8-7a7f-4077-a053-c26dc3d3d65a:c5113]
2019-06-13 22:53:57,526 INFO  client.GrpcClientProtocolClient (GrpcClientProtocolClient.java:onNext(254)) - client-C82EA620EB9B->85302df8-7a7f-4077-a053-c26dc3d3d65a: receive RaftClientReply:client-C82EA620EB9B->85302df8-7a7f-4077-a053-c26dc3d3d65a@group-4701ABA8D7D0, cid=3083, SUCCESS, logIndex=5114, commits[85302df8-7a7f-4077-a053-c26dc3d3d65a:c5116]
2019-06-13 22:53:57,527 INFO  client.GrpcClientProtocolClient (GrpcClientProtocolClient.java:onNext(254)) - client-C82EA620EB9B->85302df8-7a7f-4077-a053-c26dc3d3d65a: receive RaftClientReply:client-C82EA620EB9B->85302df8-7a7f-4077-a053-c26dc3d3d65a@group-4701ABA8D7D0, cid=3084, SUCCESS, logIndex=5115, commits[85302df8-7a7f-4077-a053-c26dc3d3d65a:c5116]
2019-06-13 22:53:57,532 INFO  client.GrpcClientProtocolClient (GrpcClientProtocolClient.java:onNext(254)) - client-C82EA620EB9B->85302df8-7a7f-4077-a053-c26dc3d3d65a: receive RaftClientReply:client-C82EA620EB9B->85302df8-7a7f-4077-a053-c26dc3d3d65a@group-4701ABA8D7D0, cid=3085, SUCCESS, logIndex=5117, commits[85302df8-7a7f-4077-a053-c26dc3d3d65a:c5117]
2019-06-13 22:53:57,533 INFO  client.GrpcClientProtocolClient (GrpcClientProtocolClient.java:onNext(254)) - client-C82EA620EB9B->85302df8-7a7f-4077-a053-c26dc3d3d65a: receive RaftClientReply:client-C82EA620EB9B->85302df8-7a7f-4077-a053-c26dc3d3d65a@group-4701ABA8D7D0, cid=3086, SUCCESS, logIndex=5119, commits[85302df8-7a7f-4077-a053-c26dc3d3d65a:c5119]
2019-06-13 22:53:57,534 INFO  client.GrpcClientProtocolClient (GrpcClientProtocolClient.java:onNext(254)) - client-C82EA620EB9B->85302df8-7a7f-4077-a053-c26dc3d3d65a: receive RaftClientReply:client-C82EA620EB9B->85302df8-7a7f-4077-a053-c26dc3d3d65a@group-4701ABA8D7D0, cid=3087, SUCCESS, logIndex=5120, commits[85302df8-7a7f-4077-a053-c26dc3d3d65a:c5122]
2019-06-13 22:53:57,534 INFO  client.GrpcClientProtocolClient (GrpcClientProtocolClient.java:onNext(254)) - client-C82EA620EB9B->85302df8-7a7f-4077-a053-c26dc3d3d65a: receive RaftClientReply:client-C82EA620EB9B->85302df8-7a7f-4077-a053-c26dc3d3d65a@group-4701ABA8D7D0, cid=3088, SUCCESS, logIndex=5121, commits[85302df8-7a7f-4077-a053-c26dc3d3d65a:c5122]
2019-06-13 22:53:57,544 INFO  client.GrpcClientProtocolClient (GrpcClientProtocolClient.java:onNext(254)) - client-C82EA620EB9B->85302df8-7a7f-4077-a053-c26dc3d3d65a: receive RaftClientReply:client-C82EA620EB9B->85302df8-7a7f-4077-a053-c26dc3d3d65a@group-4701ABA8D7D0, cid=3089, SUCCESS, logIndex=5123, commits[85302df8-7a7f-4077-a053-c26dc3d3d65a:c5123]
2019-06-13 22:53:57,545 INFO  client.GrpcClientProtocolClient (GrpcClientProtocolClient.java:onNext(254)) - client-C82EA620EB9B->85302df8-7a7f-4077-a053-c26dc3d3d65a: receive RaftClientReply:client-C82EA620EB9B->85302df8-7a7f-4077-a053-c26dc3d3d65a@group-4701ABA8D7D0, cid=3090, SUCCESS, logIndex=5125, commits[85302df8-7a7f-4077-a053-c26dc3d3d65a:c5125]
2019-06-13 22:53:57,547 INFO  client.GrpcClientProtocolClient (GrpcClientProtocolClient.java:onNext(254)) - client-C82EA620EB9B->85302df8-7a7f-4077-a053-c26dc3d3d65a: receive RaftClientReply:client-C82EA620EB9B->85302df8-7a7f-4077-a053-c26dc3d3d65a@group-4701ABA8D7D0, cid=3091, SUCCESS, logIndex=5127, commits[85302df8-7a7f-4077-a053-c26dc3d3d65a:c5128]
2019-06-13 22:53:57,547 INFO  client.GrpcClientProtocolClient (GrpcClientProtocolClient.java:onNext(254)) - client-C82EA620EB9B->85302df8-7a7f-4077-a053-c26dc3d3d65a: receive RaftClientReply:client-C82EA620EB9B->85302df8-7a7f-4077-a053-c26dc3d3d65a@group-4701ABA8D7D0, cid=3092, SUCCESS, logIndex=5128, commits[85302df8-7a7f-4077-a053-c26dc3d3d65a:c5128]
2019-06-13 22:53:57,584 DEBUG block.SCMBlockDeletingService (SCMBlockDeletingService.java:call(138)) - Running DeletedBlockTransactionScanner
2019-06-13 22:53:57,585 DEBUG block.SCMBlockDeletingService (SCMBlockDeletingService.java:call(155)) - Scanned deleted blocks log and got 0 delTX to process.
2019-06-13 22:53:57,589 INFO  client.GrpcClientProtocolClient (GrpcClientProtocolClient.java:onNext(254)) - client-C82EA620EB9B->85302df8-7a7f-4077-a053-c26dc3d3d65a: receive RaftClientReply:client-C82EA620EB9B->85302df8-7a7f-4077-a053-c26dc3d3d65a@group-4701ABA8D7D0, cid=3093, SUCCESS, logIndex=5130, commits[85302df8-7a7f-4077-a053-c26dc3d3d65a:c5130]
2019-06-13 22:53:57,591 INFO  client.GrpcClientProtocolClient (GrpcClientProtocolClient.java:onNext(254)) - client-C82EA620EB9B->85302df8-7a7f-4077-a053-c26dc3d3d65a: receive RaftClientReply:client-C82EA620EB9B->85302df8-7a7f-4077-a053-c26dc3d3d65a@group-4701ABA8D7D0, cid=3094, SUCCESS, logIndex=5132, commits[85302df8-7a7f-4077-a053-c26dc3d3d65a:c5132]
2019-06-13 22:53:57,657 INFO  client.GrpcClientProtocolClient (GrpcClientProtocolClient.java:onNext(254)) - client-C82EA620EB9B->85302df8-7a7f-4077-a053-c26dc3d3d65a: receive RaftClientReply:client-C82EA620EB9B->85302df8-7a7f-4077-a053-c26dc3d3d65a@group-4701ABA8D7D0, cid=3095, SUCCESS, logIndex=5134, commits[85302df8-7a7f-4077-a053-c26dc3d3d65a:c5134]
2019-06-13 22:53:57,657 INFO  storage.RaftLogWorker (RaftLogWorker.java:rollLogSegment(303)) - 85302df8-7a7f-4077-a053-c26dc3d3d65a-RaftLogWorker: Rolling segment log-5067_5135 to index:5135
2019-06-13 22:53:57,658 INFO  storage.RaftLogWorker (RaftLogWorker.java:execute(433)) - 85302df8-7a7f-4077-a053-c26dc3d3d65a-RaftLogWorker: Rolled log segment from /opt/src/hadoop-ozone/integration-test/target/test-dir/MiniOzoneClusterImpl-550f9ca0-a6d9-4a4a-902f-f07ac81eac7b/datanode-0/data/ratis/5ad10fc2-5a33-4bdd-8958-4701aba8d7d0/current/log_inprogress_5067 to /opt/src/hadoop-ozone/integration-test/target/test-dir/MiniOzoneClusterImpl-550f9ca0-a6d9-4a4a-902f-f07ac81eac7b/datanode-0/data/ratis/5ad10fc2-5a33-4bdd-8958-4701aba8d7d0/current/log_5067-5135
2019-06-13 22:53:57,685 DEBUG block.SCMBlockDeletingService (SCMBlockDeletingService.java:call(138)) - Running DeletedBlockTransactionScanner
2019-06-13 22:53:57,685 DEBUG block.SCMBlockDeletingService (SCMBlockDeletingService.java:call(155)) - Scanned deleted blocks log and got 0 delTX to process.
2019-06-13 22:53:57,694 INFO  storage.RaftLogWorker (RaftLogWorker.java:execute(469)) - 85302df8-7a7f-4077-a053-c26dc3d3d65a-RaftLogWorker: created new log segment /opt/src/hadoop-ozone/integration-test/target/test-dir/MiniOzoneClusterImpl-550f9ca0-a6d9-4a4a-902f-f07ac81eac7b/datanode-0/data/ratis/5ad10fc2-5a33-4bdd-8958-4701aba8d7d0/current/log_inprogress_5136
2019-06-13 22:53:57,695 INFO  client.GrpcClientProtocolClient (GrpcClientProtocolClient.java:onNext(254)) - client-C82EA620EB9B->85302df8-7a7f-4077-a053-c26dc3d3d65a: receive RaftClientReply:client-C82EA620EB9B->85302df8-7a7f-4077-a053-c26dc3d3d65a@group-4701ABA8D7D0, cid=3096, SUCCESS, logIndex=5136, commits[85302df8-7a7f-4077-a053-c26dc3d3d65a:c5136]
2019-06-13 22:53:57,707 INFO  client.GrpcClientProtocolClient (GrpcClientProtocolClient.java:onNext(254)) - client-C82EA620EB9B->85302df8-7a7f-4077-a053-c26dc3d3d65a: receive RaftClientReply:client-C82EA620EB9B->85302df8-7a7f-4077-a053-c26dc3d3d65a@group-4701ABA8D7D0, cid=3097, SUCCESS, logIndex=5138, commits[85302df8-7a7f-4077-a053-c26dc3d3d65a:c5138]
2019-06-13 22:53:57,708 INFO  client.GrpcClientProtocolClient (GrpcClientProtocolClient.java:onNext(254)) - client-C82EA620EB9B->85302df8-7a7f-4077-a053-c26dc3d3d65a: receive RaftClientReply:client-C82EA620EB9B->85302df8-7a7f-4077-a053-c26dc3d3d65a@group-4701ABA8D7D0, cid=3098, SUCCESS, logIndex=5140, commits[85302df8-7a7f-4077-a053-c26dc3d3d65a:c5140]
2019-06-13 22:53:57,709 INFO  client.GrpcClientProtocolClient (GrpcClientProtocolClient.java:onNext(254)) - client-C82EA620EB9B->85302df8-7a7f-4077-a053-c26dc3d3d65a: receive RaftClientReply:client-C82EA620EB9B->85302df8-7a7f-4077-a053-c26dc3d3d65a@group-4701ABA8D7D0, cid=3099, SUCCESS, logIndex=5141, commits[85302df8-7a7f-4077-a053-c26dc3d3d65a:c5143]
2019-06-13 22:53:57,709 INFO  client.GrpcClientProtocolClient (GrpcClientProtocolClient.java:onNext(254)) - client-C82EA620EB9B->85302df8-7a7f-4077-a053-c26dc3d3d65a: receive RaftClientReply:client-C82EA620EB9B->85302df8-7a7f-4077-a053-c26dc3d3d65a@group-4701ABA8D7D0, cid=3100, SUCCESS, logIndex=5143, commits[85302df8-7a7f-4077-a053-c26dc3d3d65a:c5143]
2019-06-13 22:53:57,719 INFO  client.GrpcClientProtocolClient (GrpcClientProtocolClient.java:onNext(254)) - client-C82EA620EB9B->85302df8-7a7f-4077-a053-c26dc3d3d65a: receive RaftClientReply:client-C82EA620EB9B->85302df8-7a7f-4077-a053-c26dc3d3d65a@group-4701ABA8D7D0, cid=3101, SUCCESS, logIndex=5145, commits[85302df8-7a7f-4077-a053-c26dc3d3d65a:c5145]
2019-06-13 22:53:57,720 INFO  client.GrpcClientProtocolClient (GrpcClientProtocolClient.java:onNext(254)) - client-C82EA620EB9B->85302df8-7a7f-4077-a053-c26dc3d3d65a: receive RaftClientReply:client-C82EA620EB9B->85302df8-7a7f-4077-a053-c26dc3d3d65a@group-4701ABA8D7D0, cid=3102, SUCCESS, logIndex=5147, commits[85302df8-7a7f-4077-a053-c26dc3d3d65a:c5147]
2019-06-13 22:53:57,721 INFO  client.GrpcClientProtocolClient (GrpcClientProtocolClient.java:onNext(254)) - client-C82EA620EB9B->85302df8-7a7f-4077-a053-c26dc3d3d65a: receive RaftClientReply:client-C82EA620EB9B->85302df8-7a7f-4077-a053-c26dc3d3d65a@group-4701ABA8D7D0, cid=3103, SUCCESS, logIndex=5148, commits[85302df8-7a7f-4077-a053-c26dc3d3d65a:c5150]
2019-06-13 22:53:57,722 INFO  client.GrpcClientProtocolClient (GrpcClientProtocolClient.java:onNext(254)) - client-C82EA620EB9B->85302df8-7a7f-4077-a053-c26dc3d3d65a: receive RaftClientReply:client-C82EA620EB9B->85302df8-7a7f-4077-a053-c26dc3d3d65a@group-4701ABA8D7D0, cid=3104, SUCCESS, logIndex=5149, commits[85302df8-7a7f-4077-a053-c26dc3d3d65a:c5150]
2019-06-13 22:53:57,734 INFO  client.GrpcClientProtocolClient (GrpcClientProtocolClient.java:onNext(254)) - client-C82EA620EB9B->85302df8-7a7f-4077-a053-c26dc3d3d65a: receive RaftClientReply:client-C82EA620EB9B->85302df8-7a7f-4077-a053-c26dc3d3d65a@group-4701ABA8D7D0, cid=3105, SUCCESS, logIndex=5151, commits[85302df8-7a7f-4077-a053-c26dc3d3d65a:c5151]
2019-06-13 22:53:57,735 INFO  client.GrpcClientProtocolClient (GrpcClientProtocolClient.java:onNext(254)) - client-C82EA620EB9B->85302df8-7a7f-4077-a053-c26dc3d3d65a: receive RaftClientReply:client-C82EA620EB9B->85302df8-7a7f-4077-a053-c26dc3d3d65a@group-4701ABA8D7D0, cid=3106, SUCCESS, logIndex=5153, commits[85302df8-7a7f-4077-a053-c26dc3d3d65a:c5153]
2019-06-13 22:53:57,738 INFO  client.GrpcClientProtocolClient (GrpcClientProtocolClient.java:onNext(254)) - client-C82EA620EB9B->85302df8-7a7f-4077-a053-c26dc3d3d65a: receive RaftClientReply:client-C82EA620EB9B->85302df8-7a7f-4077-a053-c26dc3d3d65a@group-4701ABA8D7D0, cid=3107, SUCCESS, logIndex=5155, commits[85302df8-7a7f-4077-a053-c26dc3d3d65a:c5156]
2019-06-13 22:53:57,738 INFO  client.GrpcClientProtocolClient (GrpcClientProtocolClient.java:onNext(254)) - client-C82EA620EB9B->85302df8-7a7f-4077-a053-c26dc3d3d65a: receive RaftClientReply:client-C82EA620EB9B->85302df8-7a7f-4077-a053-c26dc3d3d65a@group-4701ABA8D7D0, cid=3108, SUCCESS, logIndex=5156, commits[85302df8-7a7f-4077-a053-c26dc3d3d65a:c5156]
2019-06-13 22:53:57,743 INFO  client.GrpcClientProtocolClient (GrpcClientProtocolClient.java:onNext(254)) - client-C82EA620EB9B->85302df8-7a7f-4077-a053-c26dc3d3d65a: receive RaftClientReply:client-C82EA620EB9B->85302df8-7a7f-4077-a053-c26dc3d3d65a@group-4701ABA8D7D0, cid=3109, SUCCESS, logIndex=5158, commits[85302df8-7a7f-4077-a053-c26dc3d3d65a:c5158]
2019-06-13 22:53:57,745 INFO  client.GrpcClientProtocolClient (GrpcClientProtocolClient.java:onNext(254)) - client-C82EA620EB9B->85302df8-7a7f-4077-a053-c26dc3d3d65a: receive RaftClientReply:client-C82EA620EB9B->85302df8-7a7f-4077-a053-c26dc3d3d65a@group-4701ABA8D7D0, cid=3110, SUCCESS, logIndex=5160, commits[85302df8-7a7f-4077-a053-c26dc3d3d65a:c5160]
2019-06-13 22:53:57,746 INFO  client.GrpcClientProtocolClient (GrpcClientProtocolClient.java:onNext(254)) - client-C82EA620EB9B->85302df8-7a7f-4077-a053-c26dc3d3d65a: receive RaftClientReply:client-C82EA620EB9B->85302df8-7a7f-4077-a053-c26dc3d3d65a@group-4701ABA8D7D0, cid=3111, SUCCESS, logIndex=5161, commits[85302df8-7a7f-4077-a053-c26dc3d3d65a:c5163]
2019-06-13 22:53:57,746 INFO  client.GrpcClientProtocolClient (GrpcClientProtocolClient.java:onNext(254)) - client-C82EA620EB9B->85302df8-7a7f-4077-a053-c26dc3d3d65a: receive RaftClientReply:client-C82EA620EB9B->85302df8-7a7f-4077-a053-c26dc3d3d65a@group-4701ABA8D7D0, cid=3112, SUCCESS, logIndex=5162, commits[85302df8-7a7f-4077-a053-c26dc3d3d65a:c5163]
2019-06-13 22:53:57,757 INFO  client.GrpcClientProtocolClient (GrpcClientProtocolClient.java:onNext(254)) - client-C82EA620EB9B->85302df8-7a7f-4077-a053-c26dc3d3d65a: receive RaftClientReply:client-C82EA620EB9B->85302df8-7a7f-4077-a053-c26dc3d3d65a@group-4701ABA8D7D0, cid=3113, SUCCESS, logIndex=5164, commits[85302df8-7a7f-4077-a053-c26dc3d3d65a:c5164]
2019-06-13 22:53:57,758 INFO  client.GrpcClientProtocolClient (GrpcClientProtocolClient.java:onNext(254)) - client-C82EA620EB9B->85302df8-7a7f-4077-a053-c26dc3d3d65a: receive RaftClientReply:client-C82EA620EB9B->85302df8-7a7f-4077-a053-c26dc3d3d65a@group-4701ABA8D7D0, cid=3114, SUCCESS, logIndex=5166, commits[85302df8-7a7f-4077-a053-c26dc3d3d65a:c5166]
2019-06-13 22:53:57,759 INFO  client.GrpcClientProtocolClient (GrpcClientProtocolClient.java:onNext(254)) - client-C82EA620EB9B->85302df8-7a7f-4077-a053-c26dc3d3d65a: receive RaftClientReply:client-C82EA620EB9B->85302df8-7a7f-4077-a053-c26dc3d3d65a@group-4701ABA8D7D0, cid=3115, SUCCESS, logIndex=5167, commits[85302df8-7a7f-4077-a053-c26dc3d3d65a:c5169]
2019-06-13 22:53:57,759 INFO  client.GrpcClientProtocolClient (GrpcClientProtocolClient.java:onNext(254)) - client-C82EA620EB9B->85302df8-7a7f-4077-a053-c26dc3d3d65a: receive RaftClientReply:client-C82EA620EB9B->85302df8-7a7f-4077-a053-c26dc3d3d65a@group-4701ABA8D7D0, cid=3116, SUCCESS, logIndex=5168, commits[85302df8-7a7f-4077-a053-c26dc3d3d65a:c5169]
2019-06-13 22:53:57,765 INFO  client.GrpcClientProtocolClient (GrpcClientProtocolClient.java:onNext(254)) - client-C82EA620EB9B->85302df8-7a7f-4077-a053-c26dc3d3d65a: receive RaftClientReply:client-C82EA620EB9B->85302df8-7a7f-4077-a053-c26dc3d3d65a@group-4701ABA8D7D0, cid=3117, SUCCESS, logIndex=5170, commits[85302df8-7a7f-4077-a053-c26dc3d3d65a:c5170]
2019-06-13 22:53:57,766 INFO  client.GrpcClientProtocolClient (GrpcClientProtocolClient.java:onNext(254)) - client-C82EA620EB9B->85302df8-7a7f-4077-a053-c26dc3d3d65a: receive RaftClientReply:client-C82EA620EB9B->85302df8-7a7f-4077-a053-c26dc3d3d65a@group-4701ABA8D7D0, cid=3118, SUCCESS, logIndex=5172, commits[85302df8-7a7f-4077-a053-c26dc3d3d65a:c5172]
2019-06-13 22:53:57,767 INFO  client.GrpcClientProtocolClient (GrpcClientProtocolClient.java:onNext(254)) - client-C82EA620EB9B->85302df8-7a7f-4077-a053-c26dc3d3d65a: receive RaftClientReply:client-C82EA620EB9B->85302df8-7a7f-4077-a053-c26dc3d3d65a@group-4701ABA8D7D0, cid=3119, SUCCESS, logIndex=5173, commits[85302df8-7a7f-4077-a053-c26dc3d3d65a:c5175]
2019-06-13 22:53:57,767 INFO  client.GrpcClientProtocolClient (GrpcClientProtocolClient.java:onNext(254)) - client-C82EA620EB9B->85302df8-7a7f-4077-a053-c26dc3d3d65a: receive RaftClientReply:client-C82EA620EB9B->85302df8-7a7f-4077-a053-c26dc3d3d65a@group-4701ABA8D7D0, cid=3120, SUCCESS, logIndex=5174, commits[85302df8-7a7f-4077-a053-c26dc3d3d65a:c5175]
2019-06-13 22:53:57,777 INFO  client.GrpcClientProtocolClient (GrpcClientProtocolClient.java:onNext(254)) - client-C82EA620EB9B->85302df8-7a7f-4077-a053-c26dc3d3d65a: receive RaftClientReply:client-C82EA620EB9B->85302df8-7a7f-4077-a053-c26dc3d3d65a@group-4701ABA8D7D0, cid=3121, SUCCESS, logIndex=5176, commits[85302df8-7a7f-4077-a053-c26dc3d3d65a:c5176]
2019-06-13 22:53:57,779 INFO  client.GrpcClientProtocolClient (GrpcClientProtocolClient.java:onNext(254)) - client-C82EA620EB9B->85302df8-7a7f-4077-a053-c26dc3d3d65a: receive RaftClientReply:client-C82EA620EB9B->85302df8-7a7f-4077-a053-c26dc3d3d65a@group-4701ABA8D7D0, cid=3122, SUCCESS, logIndex=5178, commits[85302df8-7a7f-4077-a053-c26dc3d3d65a:c5178]
2019-06-13 22:53:57,780 INFO  client.GrpcClientProtocolClient (GrpcClientProtocolClient.java:onNext(254)) - client-C82EA620EB9B->85302df8-7a7f-4077-a053-c26dc3d3d65a: receive RaftClientReply:client-C82EA620EB9B->85302df8-7a7f-4077-a053-c26dc3d3d65a@group-4701ABA8D7D0, cid=3123, SUCCESS, logIndex=5179, commits[85302df8-7a7f-4077-a053-c26dc3d3d65a:c5181]
2019-06-13 22:53:57,780 INFO  client.GrpcClientProtocolClient (GrpcClientProtocolClient.java:onNext(254)) - client-C82EA620EB9B->85302df8-7a7f-4077-a053-c26dc3d3d65a: receive RaftClientReply:client-C82EA620EB9B->85302df8-7a7f-4077-a053-c26dc3d3d65a@group-4701ABA8D7D0, cid=3124, SUCCESS, logIndex=5181, commits[85302df8-7a7f-4077-a053-c26dc3d3d65a:c5181]
2019-06-13 22:53:57,785 DEBUG block.SCMBlockDeletingService (SCMBlockDeletingService.java:call(138)) - Running DeletedBlockTransactionScanner
2019-06-13 22:53:57,785 DEBUG block.SCMBlockDeletingService (SCMBlockDeletingService.java:call(155)) - Scanned deleted blocks log and got 0 delTX to process.
2019-06-13 22:53:57,786 INFO  client.GrpcClientProtocolClient (GrpcClientProtocolClient.java:onNext(254)) - client-C82EA620EB9B->85302df8-7a7f-4077-a053-c26dc3d3d65a: receive RaftClientReply:client-C82EA620EB9B->85302df8-7a7f-4077-a053-c26dc3d3d65a@group-4701ABA8D7D0, cid=3125, SUCCESS, logIndex=5183, commits[85302df8-7a7f-4077-a053-c26dc3d3d65a:c5183]
2019-06-13 22:53:57,787 INFO  client.GrpcClientProtocolClient (GrpcClientProtocolClient.java:onNext(254)) - client-C82EA620EB9B->85302df8-7a7f-4077-a053-c26dc3d3d65a: receive RaftClientReply:client-C82EA620EB9B->85302df8-7a7f-4077-a053-c26dc3d3d65a@group-4701ABA8D7D0, cid=3126, SUCCESS, logIndex=5185, commits[85302df8-7a7f-4077-a053-c26dc3d3d65a:c5185]
2019-06-13 22:53:57,788 INFO  client.GrpcClientProtocolClient (GrpcClientProtocolClient.java:onNext(254)) - client-C82EA620EB9B->85302df8-7a7f-4077-a053-c26dc3d3d65a: receive RaftClientReply:client-C82EA620EB9B->85302df8-7a7f-4077-a053-c26dc3d3d65a@group-4701ABA8D7D0, cid=3127, SUCCESS, logIndex=5186, commits[85302df8-7a7f-4077-a053-c26dc3d3d65a:c5188]
2019-06-13 22:53:57,788 INFO  client.GrpcClientProtocolClient (GrpcClientProtocolClient.java:onNext(254)) - client-C82EA620EB9B->85302df8-7a7f-4077-a053-c26dc3d3d65a: receive RaftClientReply:client-C82EA620EB9B->85302df8-7a7f-4077-a053-c26dc3d3d65a@group-4701ABA8D7D0, cid=3128, SUCCESS, logIndex=5187, commits[85302df8-7a7f-4077-a053-c26dc3d3d65a:c5188]
2019-06-13 22:53:57,799 INFO  client.GrpcClientProtocolClient (GrpcClientProtocolClient.java:onNext(254)) - client-C82EA620EB9B->85302df8-7a7f-4077-a053-c26dc3d3d65a: receive RaftClientReply:client-C82EA620EB9B->85302df8-7a7f-4077-a053-c26dc3d3d65a@group-4701ABA8D7D0, cid=3129, SUCCESS, logIndex=5189, commits[85302df8-7a7f-4077-a053-c26dc3d3d65a:c5189]
2019-06-13 22:53:57,801 INFO  client.GrpcClientProtocolClient (GrpcClientProtocolClient.java:onNext(254)) - client-C82EA620EB9B->85302df8-7a7f-4077-a053-c26dc3d3d65a: receive RaftClientReply:client-C82EA620EB9B->85302df8-7a7f-4077-a053-c26dc3d3d65a@group-4701ABA8D7D0, cid=3130, SUCCESS, logIndex=5191, commits[85302df8-7a7f-4077-a053-c26dc3d3d65a:c5191]
2019-06-13 22:53:57,802 INFO  client.GrpcClientProtocolClient (GrpcClientProtocolClient.java:onNext(254)) - client-C82EA620EB9B->85302df8-7a7f-4077-a053-c26dc3d3d65a: receive RaftClientReply:client-C82EA620EB9B->85302df8-7a7f-4077-a053-c26dc3d3d65a@group-4701ABA8D7D0, cid=3131, SUCCESS, logIndex=5192, commits[85302df8-7a7f-4077-a053-c26dc3d3d65a:c5194]
2019-06-13 22:53:57,802 INFO  client.GrpcClientProtocolClient (GrpcClientProtocolClient.java:onNext(254)) - client-C82EA620EB9B->85302df8-7a7f-4077-a053-c26dc3d3d65a: receive RaftClientReply:client-C82EA620EB9B->85302df8-7a7f-4077-a053-c26dc3d3d65a@group-4701ABA8D7D0, cid=3132, SUCCESS, logIndex=5193, commits[85302df8-7a7f-4077-a053-c26dc3d3d65a:c5194]
2019-06-13 22:53:57,817 INFO  client.GrpcClientProtocolClient (GrpcClientProtocolClient.java:onNext(254)) - client-C82EA620EB9B->85302df8-7a7f-4077-a053-c26dc3d3d65a: receive RaftClientReply:client-C82EA620EB9B->85302df8-7a7f-4077-a053-c26dc3d3d65a@group-4701ABA8D7D0, cid=3133, SUCCESS, logIndex=5195, commits[85302df8-7a7f-4077-a053-c26dc3d3d65a:c5195]
2019-06-13 22:53:57,818 INFO  client.GrpcClientProtocolClient (GrpcClientProtocolClient.java:onNext(254)) - client-C82EA620EB9B->85302df8-7a7f-4077-a053-c26dc3d3d65a: receive RaftClientReply:client-C82EA620EB9B->85302df8-7a7f-4077-a053-c26dc3d3d65a@group-4701ABA8D7D0, cid=3134, SUCCESS, logIndex=5197, commits[85302df8-7a7f-4077-a053-c26dc3d3d65a:c5197]
2019-06-13 22:53:57,819 INFO  client.GrpcClientProtocolClient (GrpcClientProtocolClient.java:onNext(254)) - client-C82EA620EB9B->85302df8-7a7f-4077-a053-c26dc3d3d65a: receive RaftClientReply:client-C82EA620EB9B->85302df8-7a7f-4077-a053-c26dc3d3d65a@group-4701ABA8D7D0, cid=3135, SUCCESS, logIndex=5198, commits[85302df8-7a7f-4077-a053-c26dc3d3d65a:c5200]
2019-06-13 22:53:57,819 INFO  client.GrpcClientProtocolClient (GrpcClientProtocolClient.java:onNext(254)) - client-C82EA620EB9B->85302df8-7a7f-4077-a053-c26dc3d3d65a: receive RaftClientReply:client-C82EA620EB9B->85302df8-7a7f-4077-a053-c26dc3d3d65a@group-4701ABA8D7D0, cid=3136, SUCCESS, logIndex=5199, commits[85302df8-7a7f-4077-a053-c26dc3d3d65a:c5200]
2019-06-13 22:53:57,830 INFO  client.GrpcClientProtocolClient (GrpcClientProtocolClient.java:onNext(254)) - client-C82EA620EB9B->85302df8-7a7f-4077-a053-c26dc3d3d65a: receive RaftClientReply:client-C82EA620EB9B->85302df8-7a7f-4077-a053-c26dc3d3d65a@group-4701ABA8D7D0, cid=3137, SUCCESS, logIndex=5201, commits[85302df8-7a7f-4077-a053-c26dc3d3d65a:c5201]
2019-06-13 22:53:57,831 INFO  client.GrpcClientProtocolClient (GrpcClientProtocolClient.java:onNext(254)) - client-C82EA620EB9B->85302df8-7a7f-4077-a053-c26dc3d3d65a: receive RaftClientReply:client-C82EA620EB9B->85302df8-7a7f-4077-a053-c26dc3d3d65a@group-4701ABA8D7D0, cid=3138, SUCCESS, logIndex=5203, commits[85302df8-7a7f-4077-a053-c26dc3d3d65a:c5203]
2019-06-13 22:53:57,886 DEBUG block.SCMBlockDeletingService (SCMBlockDeletingService.java:call(138)) - Running DeletedBlockTransactionScanner
2019-06-13 22:53:57,886 DEBUG block.SCMBlockDeletingService (SCMBlockDeletingService.java:call(155)) - Scanned deleted blocks log and got 0 delTX to process.
2019-06-13 22:53:57,896 INFO  storage.RaftLogWorker (RaftLogWorker.java:rollLogSegment(303)) - 85302df8-7a7f-4077-a053-c26dc3d3d65a-RaftLogWorker: Rolling segment log-5136_5204 to index:5204
2019-06-13 22:53:57,897 INFO  storage.RaftLogWorker (RaftLogWorker.java:execute(433)) - 85302df8-7a7f-4077-a053-c26dc3d3d65a-RaftLogWorker: Rolled log segment from /opt/src/hadoop-ozone/integration-test/target/test-dir/MiniOzoneClusterImpl-550f9ca0-a6d9-4a4a-902f-f07ac81eac7b/datanode-0/data/ratis/5ad10fc2-5a33-4bdd-8958-4701aba8d7d0/current/log_inprogress_5136 to /opt/src/hadoop-ozone/integration-test/target/test-dir/MiniOzoneClusterImpl-550f9ca0-a6d9-4a4a-902f-f07ac81eac7b/datanode-0/data/ratis/5ad10fc2-5a33-4bdd-8958-4701aba8d7d0/current/log_5136-5204
2019-06-13 22:53:57,932 INFO  storage.RaftLogWorker (RaftLogWorker.java:execute(469)) - 85302df8-7a7f-4077-a053-c26dc3d3d65a-RaftLogWorker: created new log segment /opt/src/hadoop-ozone/integration-test/target/test-dir/MiniOzoneClusterImpl-550f9ca0-a6d9-4a4a-902f-f07ac81eac7b/datanode-0/data/ratis/5ad10fc2-5a33-4bdd-8958-4701aba8d7d0/current/log_inprogress_5205
2019-06-13 22:53:57,934 INFO  client.GrpcClientProtocolClient (GrpcClientProtocolClient.java:onNext(254)) - client-C82EA620EB9B->85302df8-7a7f-4077-a053-c26dc3d3d65a: receive RaftClientReply:client-C82EA620EB9B->85302df8-7a7f-4077-a053-c26dc3d3d65a@group-4701ABA8D7D0, cid=3139, SUCCESS, logIndex=5205, commits[85302df8-7a7f-4077-a053-c26dc3d3d65a:c5205]
2019-06-13 22:53:57,935 INFO  client.GrpcClientProtocolClient (GrpcClientProtocolClient.java:onNext(254)) - client-C82EA620EB9B->85302df8-7a7f-4077-a053-c26dc3d3d65a: receive RaftClientReply:client-C82EA620EB9B->85302df8-7a7f-4077-a053-c26dc3d3d65a@group-4701ABA8D7D0, cid=3140, SUCCESS, logIndex=5207, commits[85302df8-7a7f-4077-a053-c26dc3d3d65a:c5207]
2019-06-13 22:53:57,940 INFO  client.GrpcClientProtocolClient (GrpcClientProtocolClient.java:onNext(254)) - client-C82EA620EB9B->85302df8-7a7f-4077-a053-c26dc3d3d65a: receive RaftClientReply:client-C82EA620EB9B->85302df8-7a7f-4077-a053-c26dc3d3d65a@group-4701ABA8D7D0, cid=3141, SUCCESS, logIndex=5209, commits[85302df8-7a7f-4077-a053-c26dc3d3d65a:c5209]
2019-06-13 22:53:57,943 INFO  client.GrpcClientProtocolClient (GrpcClientProtocolClient.java:onNext(254)) - client-C82EA620EB9B->85302df8-7a7f-4077-a053-c26dc3d3d65a: receive RaftClientReply:client-C82EA620EB9B->85302df8-7a7f-4077-a053-c26dc3d3d65a@group-4701ABA8D7D0, cid=3142, SUCCESS, logIndex=5211, commits[85302df8-7a7f-4077-a053-c26dc3d3d65a:c5214]
2019-06-13 22:53:57,944 INFO  client.GrpcClientProtocolClient (GrpcClientProtocolClient.java:onNext(254)) - client-C82EA620EB9B->85302df8-7a7f-4077-a053-c26dc3d3d65a: receive RaftClientReply:client-C82EA620EB9B->85302df8-7a7f-4077-a053-c26dc3d3d65a@group-4701ABA8D7D0, cid=3143, SUCCESS, logIndex=5212, commits[85302df8-7a7f-4077-a053-c26dc3d3d65a:c5214]
2019-06-13 22:53:57,944 INFO  client.GrpcClientProtocolClient (GrpcClientProtocolClient.java:onNext(254)) - client-C82EA620EB9B->85302df8-7a7f-4077-a053-c26dc3d3d65a: receive RaftClientReply:client-C82EA620EB9B->85302df8-7a7f-4077-a053-c26dc3d3d65a@group-4701ABA8D7D0, cid=3144, SUCCESS, logIndex=5213, commits[85302df8-7a7f-4077-a053-c26dc3d3d65a:c5214]
2019-06-13 22:53:57,953 INFO  client.GrpcClientProtocolClient (GrpcClientProtocolClient.java:onNext(254)) - client-C82EA620EB9B->85302df8-7a7f-4077-a053-c26dc3d3d65a: receive RaftClientReply:client-C82EA620EB9B->85302df8-7a7f-4077-a053-c26dc3d3d65a@group-4701ABA8D7D0, cid=3145, SUCCESS, logIndex=5215, commits[85302df8-7a7f-4077-a053-c26dc3d3d65a:c5215]
2019-06-13 22:53:57,955 INFO  client.GrpcClientProtocolClient (GrpcClientProtocolClient.java:onNext(254)) - client-C82EA620EB9B->85302df8-7a7f-4077-a053-c26dc3d3d65a: receive RaftClientReply:client-C82EA620EB9B->85302df8-7a7f-4077-a053-c26dc3d3d65a@group-4701ABA8D7D0, cid=3146, SUCCESS, logIndex=5217, commits[85302df8-7a7f-4077-a053-c26dc3d3d65a:c5217]
2019-06-13 22:53:57,956 INFO  client.GrpcClientProtocolClient (GrpcClientProtocolClient.java:onNext(254)) - client-C82EA620EB9B->85302df8-7a7f-4077-a053-c26dc3d3d65a: receive RaftClientReply:client-C82EA620EB9B->85302df8-7a7f-4077-a053-c26dc3d3d65a@group-4701ABA8D7D0, cid=3147, SUCCESS, logIndex=5218, commits[85302df8-7a7f-4077-a053-c26dc3d3d65a:c5220]
2019-06-13 22:53:57,956 INFO  client.GrpcClientProtocolClient (GrpcClientProtocolClient.java:onNext(254)) - client-C82EA620EB9B->85302df8-7a7f-4077-a053-c26dc3d3d65a: receive RaftClientReply:client-C82EA620EB9B->85302df8-7a7f-4077-a053-c26dc3d3d65a@group-4701ABA8D7D0, cid=3148, SUCCESS, logIndex=5219, commits[85302df8-7a7f-4077-a053-c26dc3d3d65a:c5220]
2019-06-13 22:53:57,962 INFO  client.GrpcClientProtocolClient (GrpcClientProtocolClient.java:onNext(254)) - client-C82EA620EB9B->85302df8-7a7f-4077-a053-c26dc3d3d65a: receive RaftClientReply:client-C82EA620EB9B->85302df8-7a7f-4077-a053-c26dc3d3d65a@group-4701ABA8D7D0, cid=3149, SUCCESS, logIndex=5221, commits[85302df8-7a7f-4077-a053-c26dc3d3d65a:c5221]
2019-06-13 22:53:57,963 INFO  client.GrpcClientProtocolClient (GrpcClientProtocolClient.java:onNext(254)) - client-C82EA620EB9B->85302df8-7a7f-4077-a053-c26dc3d3d65a: receive RaftClientReply:client-C82EA620EB9B->85302df8-7a7f-4077-a053-c26dc3d3d65a@group-4701ABA8D7D0, cid=3150, SUCCESS, logIndex=5223, commits[85302df8-7a7f-4077-a053-c26dc3d3d65a:c5223]
2019-06-13 22:53:57,964 INFO  client.GrpcClientProtocolClient (GrpcClientProtocolClient.java:onNext(254)) - client-C82EA620EB9B->85302df8-7a7f-4077-a053-c26dc3d3d65a: receive RaftClientReply:client-C82EA620EB9B->85302df8-7a7f-4077-a053-c26dc3d3d65a@group-4701ABA8D7D0, cid=3151, SUCCESS, logIndex=5224, commits[85302df8-7a7f-4077-a053-c26dc3d3d65a:c5226]
2019-06-13 22:53:57,964 INFO  client.GrpcClientProtocolClient (GrpcClientProtocolClient.java:onNext(254)) - client-C82EA620EB9B->85302df8-7a7f-4077-a053-c26dc3d3d65a: receive RaftClientReply:client-C82EA620EB9B->85302df8-7a7f-4077-a053-c26dc3d3d65a@group-4701ABA8D7D0, cid=3152, SUCCESS, logIndex=5225, commits[85302df8-7a7f-4077-a053-c26dc3d3d65a:c5226]
2019-06-13 22:53:57,977 INFO  client.GrpcClientProtocolClient (GrpcClientProtocolClient.java:onNext(254)) - client-C82EA620EB9B->85302df8-7a7f-4077-a053-c26dc3d3d65a: receive RaftClientReply:client-C82EA620EB9B->85302df8-7a7f-4077-a053-c26dc3d3d65a@group-4701ABA8D7D0, cid=3153, SUCCESS, logIndex=5227, commits[85302df8-7a7f-4077-a053-c26dc3d3d65a:c5228]
2019-06-13 22:53:57,981 INFO  client.GrpcClientProtocolClient (GrpcClientProtocolClient.java:onNext(254)) - client-C82EA620EB9B->85302df8-7a7f-4077-a053-c26dc3d3d65a: receive RaftClientReply:client-C82EA620EB9B->85302df8-7a7f-4077-a053-c26dc3d3d65a@group-4701ABA8D7D0, cid=3154, SUCCESS, logIndex=5229, commits[85302df8-7a7f-4077-a053-c26dc3d3d65a:c5229]
2019-06-13 22:53:57,983 INFO  client.GrpcClientProtocolClient (GrpcClientProtocolClient.java:onNext(254)) - client-C82EA620EB9B->85302df8-7a7f-4077-a053-c26dc3d3d65a: receive RaftClientReply:client-C82EA620EB9B->85302df8-7a7f-4077-a053-c26dc3d3d65a@group-4701ABA8D7D0, cid=3155, SUCCESS, logIndex=5230, commits[85302df8-7a7f-4077-a053-c26dc3d3d65a:c5232]
2019-06-13 22:53:57,983 INFO  client.GrpcClientProtocolClient (GrpcClientProtocolClient.java:onNext(254)) - client-C82EA620EB9B->85302df8-7a7f-4077-a053-c26dc3d3d65a: receive RaftClientReply:client-C82EA620EB9B->85302df8-7a7f-4077-a053-c26dc3d3d65a@group-4701ABA8D7D0, cid=3156, SUCCESS, logIndex=5231, commits[85302df8-7a7f-4077-a053-c26dc3d3d65a:c5232]
2019-06-13 22:53:57,986 DEBUG block.SCMBlockDeletingService (SCMBlockDeletingService.java:call(138)) - Running DeletedBlockTransactionScanner
2019-06-13 22:53:57,986 DEBUG block.SCMBlockDeletingService (SCMBlockDeletingService.java:call(155)) - Scanned deleted blocks log and got 0 delTX to process.
2019-06-13 22:53:57,993 INFO  client.GrpcClientProtocolClient (GrpcClientProtocolClient.java:onNext(254)) - client-C82EA620EB9B->85302df8-7a7f-4077-a053-c26dc3d3d65a: receive RaftClientReply:client-C82EA620EB9B->85302df8-7a7f-4077-a053-c26dc3d3d65a@group-4701ABA8D7D0, cid=3157, SUCCESS, logIndex=5233, commits[85302df8-7a7f-4077-a053-c26dc3d3d65a:c5233]
2019-06-13 22:53:57,998 INFO  client.GrpcClientProtocolClient (GrpcClientProtocolClient.java:onNext(254)) - client-C82EA620EB9B->85302df8-7a7f-4077-a053-c26dc3d3d65a: receive RaftClientReply:client-C82EA620EB9B->85302df8-7a7f-4077-a053-c26dc3d3d65a@group-4701ABA8D7D0, cid=3158, SUCCESS, logIndex=5235, commits[85302df8-7a7f-4077-a053-c26dc3d3d65a:c5235]
2019-06-13 22:53:58,001 INFO  client.GrpcClientProtocolClient (GrpcClientProtocolClient.java:onNext(254)) - client-C82EA620EB9B->85302df8-7a7f-4077-a053-c26dc3d3d65a: receive RaftClientReply:client-C82EA620EB9B->85302df8-7a7f-4077-a053-c26dc3d3d65a@group-4701ABA8D7D0, cid=3159, SUCCESS, logIndex=5236, commits[85302df8-7a7f-4077-a053-c26dc3d3d65a:c5238]
2019-06-13 22:53:58,003 INFO  client.GrpcClientProtocolClient (GrpcClientProtocolClient.java:onNext(254)) - client-C82EA620EB9B->85302df8-7a7f-4077-a053-c26dc3d3d65a: receive RaftClientReply:client-C82EA620EB9B->85302df8-7a7f-4077-a053-c26dc3d3d65a@group-4701ABA8D7D0, cid=3160, SUCCESS, logIndex=5237, commits[85302df8-7a7f-4077-a053-c26dc3d3d65a:c5238]
2019-06-13 22:53:58,064 INFO  client.GrpcClientProtocolClient (GrpcClientProtocolClient.java:onNext(254)) - client-C82EA620EB9B->85302df8-7a7f-4077-a053-c26dc3d3d65a: receive RaftClientReply:client-C82EA620EB9B->85302df8-7a7f-4077-a053-c26dc3d3d65a@group-4701ABA8D7D0, cid=3161, SUCCESS, logIndex=5239, commits[85302df8-7a7f-4077-a053-c26dc3d3d65a:c5240]
2019-06-13 22:53:58,070 INFO  client.GrpcClientProtocolClient (GrpcClientProtocolClient.java:onNext(254)) - client-C82EA620EB9B->85302df8-7a7f-4077-a053-c26dc3d3d65a: receive RaftClientReply:client-C82EA620EB9B->85302df8-7a7f-4077-a053-c26dc3d3d65a@group-4701ABA8D7D0, cid=3162, SUCCESS, logIndex=5241, commits[85302df8-7a7f-4077-a053-c26dc3d3d65a:c5241]
2019-06-13 22:53:58,071 INFO  client.GrpcClientProtocolClient (GrpcClientProtocolClient.java:onNext(254)) - client-C82EA620EB9B->85302df8-7a7f-4077-a053-c26dc3d3d65a: receive RaftClientReply:client-C82EA620EB9B->85302df8-7a7f-4077-a053-c26dc3d3d65a@group-4701ABA8D7D0, cid=3163, SUCCESS, logIndex=5242, commits[85302df8-7a7f-4077-a053-c26dc3d3d65a:c5244]
2019-06-13 22:53:58,071 INFO  client.GrpcClientProtocolClient (GrpcClientProtocolClient.java:onNext(254)) - client-C82EA620EB9B->85302df8-7a7f-4077-a053-c26dc3d3d65a: receive RaftClientReply:client-C82EA620EB9B->85302df8-7a7f-4077-a053-c26dc3d3d65a@group-4701ABA8D7D0, cid=3164, SUCCESS, logIndex=5243, commits[85302df8-7a7f-4077-a053-c26dc3d3d65a:c5244]
2019-06-13 22:53:58,079 INFO  client.GrpcClientProtocolClient (GrpcClientProtocolClient.java:onNext(254)) - client-C82EA620EB9B->85302df8-7a7f-4077-a053-c26dc3d3d65a: receive RaftClientReply:client-C82EA620EB9B->85302df8-7a7f-4077-a053-c26dc3d3d65a@group-4701ABA8D7D0, cid=3165, SUCCESS, logIndex=5245, commits[85302df8-7a7f-4077-a053-c26dc3d3d65a:c5245]
2019-06-13 22:53:58,080 INFO  client.GrpcClientProtocolClient (GrpcClientProtocolClient.java:onNext(254)) - client-C82EA620EB9B->85302df8-7a7f-4077-a053-c26dc3d3d65a: receive RaftClientReply:client-C82EA620EB9B->85302df8-7a7f-4077-a053-c26dc3d3d65a@group-4701ABA8D7D0, cid=3166, SUCCESS, logIndex=5247, commits[85302df8-7a7f-4077-a053-c26dc3d3d65a:c5247]
2019-06-13 22:53:58,082 INFO  client.GrpcClientProtocolClient (GrpcClientProtocolClient.java:onNext(254)) - client-C82EA620EB9B->85302df8-7a7f-4077-a053-c26dc3d3d65a: receive RaftClientReply:client-C82EA620EB9B->85302df8-7a7f-4077-a053-c26dc3d3d65a@group-4701ABA8D7D0, cid=3167, SUCCESS, logIndex=5248, commits[85302df8-7a7f-4077-a053-c26dc3d3d65a:c5250]
2019-06-13 22:53:58,085 INFO  client.GrpcClientProtocolClient (GrpcClientProtocolClient.java:onNext(254)) - client-C82EA620EB9B->85302df8-7a7f-4077-a053-c26dc3d3d65a: receive RaftClientReply:client-C82EA620EB9B->85302df8-7a7f-4077-a053-c26dc3d3d65a@group-4701ABA8D7D0, cid=3168, SUCCESS, logIndex=5249, commits[85302df8-7a7f-4077-a053-c26dc3d3d65a:c5250]
2019-06-13 22:53:58,087 DEBUG block.SCMBlockDeletingService (SCMBlockDeletingService.java:call(138)) - Running DeletedBlockTransactionScanner
2019-06-13 22:53:58,087 DEBUG block.SCMBlockDeletingService (SCMBlockDeletingService.java:call(155)) - Scanned deleted blocks log and got 0 delTX to process.
2019-06-13 22:53:58,096 INFO  client.GrpcClientProtocolClient (GrpcClientProtocolClient.java:onNext(254)) - client-C82EA620EB9B->85302df8-7a7f-4077-a053-c26dc3d3d65a: receive RaftClientReply:client-C82EA620EB9B->85302df8-7a7f-4077-a053-c26dc3d3d65a@group-4701ABA8D7D0, cid=3169, SUCCESS, logIndex=5251, commits[85302df8-7a7f-4077-a053-c26dc3d3d65a:c5251]
2019-06-13 22:53:58,098 INFO  client.GrpcClientProtocolClient (GrpcClientProtocolClient.java:onNext(254)) - client-C82EA620EB9B->85302df8-7a7f-4077-a053-c26dc3d3d65a: receive RaftClientReply:client-C82EA620EB9B->85302df8-7a7f-4077-a053-c26dc3d3d65a@group-4701ABA8D7D0, cid=3170, SUCCESS, logIndex=5253, commits[85302df8-7a7f-4077-a053-c26dc3d3d65a:c5253]
2019-06-13 22:53:58,099 INFO  client.GrpcClientProtocolClient (GrpcClientProtocolClient.java:onNext(254)) - client-C82EA620EB9B->85302df8-7a7f-4077-a053-c26dc3d3d65a: receive RaftClientReply:client-C82EA620EB9B->85302df8-7a7f-4077-a053-c26dc3d3d65a@group-4701ABA8D7D0, cid=3171, SUCCESS, logIndex=5254, commits[85302df8-7a7f-4077-a053-c26dc3d3d65a:c5256]
2019-06-13 22:53:58,099 INFO  client.GrpcClientProtocolClient (GrpcClientProtocolClient.java:onNext(254)) - client-C82EA620EB9B->85302df8-7a7f-4077-a053-c26dc3d3d65a: receive RaftClientReply:client-C82EA620EB9B->85302df8-7a7f-4077-a053-c26dc3d3d65a@group-4701ABA8D7D0, cid=3172, SUCCESS, logIndex=5255, commits[85302df8-7a7f-4077-a053-c26dc3d3d65a:c5256]
2019-06-13 22:53:58,106 INFO  client.GrpcClientProtocolClient (GrpcClientProtocolClient.java:onNext(254)) - client-C82EA620EB9B->85302df8-7a7f-4077-a053-c26dc3d3d65a: receive RaftClientReply:client-C82EA620EB9B->85302df8-7a7f-4077-a053-c26dc3d3d65a@group-4701ABA8D7D0, cid=3173, SUCCESS, logIndex=5257, commits[85302df8-7a7f-4077-a053-c26dc3d3d65a:c5257]
2019-06-13 22:53:58,107 INFO  client.GrpcClientProtocolClient (GrpcClientProtocolClient.java:onNext(254)) - client-C82EA620EB9B->85302df8-7a7f-4077-a053-c26dc3d3d65a: receive RaftClientReply:client-C82EA620EB9B->85302df8-7a7f-4077-a053-c26dc3d3d65a@group-4701ABA8D7D0, cid=3174, SUCCESS, logIndex=5259, commits[85302df8-7a7f-4077-a053-c26dc3d3d65a:c5259]
2019-06-13 22:53:58,122 INFO  client.GrpcClientProtocolClient (GrpcClientProtocolClient.java:onNext(254)) - client-C82EA620EB9B->85302df8-7a7f-4077-a053-c26dc3d3d65a: receive RaftClientReply:client-C82EA620EB9B->85302df8-7a7f-4077-a053-c26dc3d3d65a@group-4701ABA8D7D0, cid=3175, SUCCESS, logIndex=5260, commits[85302df8-7a7f-4077-a053-c26dc3d3d65a:c5262]
2019-06-13 22:53:58,123 INFO  client.GrpcClientProtocolClient (GrpcClientProtocolClient.java:onNext(254)) - client-C82EA620EB9B->85302df8-7a7f-4077-a053-c26dc3d3d65a: receive RaftClientReply:client-C82EA620EB9B->85302df8-7a7f-4077-a053-c26dc3d3d65a@group-4701ABA8D7D0, cid=3176, SUCCESS, logIndex=5261, commits[85302df8-7a7f-4077-a053-c26dc3d3d65a:c5262]
2019-06-13 22:53:58,135 INFO  client.GrpcClientProtocolClient (GrpcClientProtocolClient.java:onNext(254)) - client-C82EA620EB9B->85302df8-7a7f-4077-a053-c26dc3d3d65a: receive RaftClientReply:client-C82EA620EB9B->85302df8-7a7f-4077-a053-c26dc3d3d65a@group-4701ABA8D7D0, cid=3177, SUCCESS, logIndex=5263, commits[85302df8-7a7f-4077-a053-c26dc3d3d65a:c5263]
2019-06-13 22:53:58,137 INFO  client.GrpcClientProtocolClient (GrpcClientProtocolClient.java:onNext(254)) - client-C82EA620EB9B->85302df8-7a7f-4077-a053-c26dc3d3d65a: receive RaftClientReply:client-C82EA620EB9B->85302df8-7a7f-4077-a053-c26dc3d3d65a@group-4701ABA8D7D0, cid=3178, SUCCESS, logIndex=5265, commits[85302df8-7a7f-4077-a053-c26dc3d3d65a:c5265]
2019-06-13 22:53:58,137 INFO  client.GrpcClientProtocolClient (GrpcClientProtocolClient.java:onNext(254)) - client-C82EA620EB9B->85302df8-7a7f-4077-a053-c26dc3d3d65a: receive RaftClientReply:client-C82EA620EB9B->85302df8-7a7f-4077-a053-c26dc3d3d65a@group-4701ABA8D7D0, cid=3179, SUCCESS, logIndex=5266, commits[85302df8-7a7f-4077-a053-c26dc3d3d65a:c5266]
2019-06-13 22:53:58,139 INFO  client.GrpcClientProtocolClient (GrpcClientProtocolClient.java:onNext(254)) - client-C82EA620EB9B->85302df8-7a7f-4077-a053-c26dc3d3d65a: receive RaftClientReply:client-C82EA620EB9B->85302df8-7a7f-4077-a053-c26dc3d3d65a@group-4701ABA8D7D0, cid=3180, SUCCESS, logIndex=5269, commits[85302df8-7a7f-4077-a053-c26dc3d3d65a:c5269]
2019-06-13 22:53:58,145 INFO  storage.RaftLogWorker (RaftLogWorker.java:rollLogSegment(303)) - 85302df8-7a7f-4077-a053-c26dc3d3d65a-RaftLogWorker: Rolling segment log-5205_5272 to index:5272
2019-06-13 22:53:58,145 INFO  client.GrpcClientProtocolClient (GrpcClientProtocolClient.java:onNext(254)) - client-C82EA620EB9B->85302df8-7a7f-4077-a053-c26dc3d3d65a: receive RaftClientReply:client-C82EA620EB9B->85302df8-7a7f-4077-a053-c26dc3d3d65a@group-4701ABA8D7D0, cid=3181, SUCCESS, logIndex=5271, commits[85302df8-7a7f-4077-a053-c26dc3d3d65a:c5271]
2019-06-13 22:53:58,145 INFO  storage.RaftLogWorker (RaftLogWorker.java:execute(433)) - 85302df8-7a7f-4077-a053-c26dc3d3d65a-RaftLogWorker: Rolled log segment from /opt/src/hadoop-ozone/integration-test/target/test-dir/MiniOzoneClusterImpl-550f9ca0-a6d9-4a4a-902f-f07ac81eac7b/datanode-0/data/ratis/5ad10fc2-5a33-4bdd-8958-4701aba8d7d0/current/log_inprogress_5205 to /opt/src/hadoop-ozone/integration-test/target/test-dir/MiniOzoneClusterImpl-550f9ca0-a6d9-4a4a-902f-f07ac81eac7b/datanode-0/data/ratis/5ad10fc2-5a33-4bdd-8958-4701aba8d7d0/current/log_5205-5272
2019-06-13 22:53:58,183 INFO  storage.RaftLogWorker (RaftLogWorker.java:execute(469)) - 85302df8-7a7f-4077-a053-c26dc3d3d65a-RaftLogWorker: created new log segment /opt/src/hadoop-ozone/integration-test/target/test-dir/MiniOzoneClusterImpl-550f9ca0-a6d9-4a4a-902f-f07ac81eac7b/datanode-0/data/ratis/5ad10fc2-5a33-4bdd-8958-4701aba8d7d0/current/log_inprogress_5273
2019-06-13 22:53:58,185 INFO  client.GrpcClientProtocolClient (GrpcClientProtocolClient.java:onNext(254)) - client-C82EA620EB9B->85302df8-7a7f-4077-a053-c26dc3d3d65a: receive RaftClientReply:client-C82EA620EB9B->85302df8-7a7f-4077-a053-c26dc3d3d65a@group-4701ABA8D7D0, cid=3182, SUCCESS, logIndex=5273, commits[85302df8-7a7f-4077-a053-c26dc3d3d65a:c5273]
2019-06-13 22:53:58,187 DEBUG block.SCMBlockDeletingService (SCMBlockDeletingService.java:call(138)) - Running DeletedBlockTransactionScanner
2019-06-13 22:53:58,187 DEBUG block.SCMBlockDeletingService (SCMBlockDeletingService.java:call(155)) - Scanned deleted blocks log and got 0 delTX to process.
2019-06-13 22:53:58,244 INFO  client.GrpcClientProtocolClient (GrpcClientProtocolClient.java:onNext(254)) - client-C82EA620EB9B->85302df8-7a7f-4077-a053-c26dc3d3d65a: receive RaftClientReply:client-C82EA620EB9B->85302df8-7a7f-4077-a053-c26dc3d3d65a@group-4701ABA8D7D0, cid=3183, SUCCESS, logIndex=5275, commits[85302df8-7a7f-4077-a053-c26dc3d3d65a:c5276]
2019-06-13 22:53:58,246 INFO  client.GrpcClientProtocolClient (GrpcClientProtocolClient.java:onNext(254)) - client-C82EA620EB9B->85302df8-7a7f-4077-a053-c26dc3d3d65a: receive RaftClientReply:client-C82EA620EB9B->85302df8-7a7f-4077-a053-c26dc3d3d65a@group-4701ABA8D7D0, cid=3184, SUCCESS, logIndex=5277, commits[85302df8-7a7f-4077-a053-c26dc3d3d65a:c5277]
2019-06-13 22:53:58,258 INFO  client.GrpcClientProtocolClient (GrpcClientProtocolClient.java:onNext(254)) - client-C82EA620EB9B->85302df8-7a7f-4077-a053-c26dc3d3d65a: receive RaftClientReply:client-C82EA620EB9B->85302df8-7a7f-4077-a053-c26dc3d3d65a@group-4701ABA8D7D0, cid=3185, SUCCESS, logIndex=5279, commits[85302df8-7a7f-4077-a053-c26dc3d3d65a:c5280]
2019-06-13 22:53:58,266 INFO  client.GrpcClientProtocolClient (GrpcClientProtocolClient.java:onNext(254)) - client-C82EA620EB9B->85302df8-7a7f-4077-a053-c26dc3d3d65a: receive RaftClientReply:client-C82EA620EB9B->85302df8-7a7f-4077-a053-c26dc3d3d65a@group-4701ABA8D7D0, cid=3186, SUCCESS, logIndex=5281, commits[85302df8-7a7f-4077-a053-c26dc3d3d65a:c5282]
2019-06-13 22:53:58,266 INFO  client.GrpcClientProtocolClient (GrpcClientProtocolClient.java:onNext(254)) - client-C82EA620EB9B->85302df8-7a7f-4077-a053-c26dc3d3d65a: receive RaftClientReply:client-C82EA620EB9B->85302df8-7a7f-4077-a053-c26dc3d3d65a@group-4701ABA8D7D0, cid=3187, SUCCESS, logIndex=5283, commits[85302df8-7a7f-4077-a053-c26dc3d3d65a:c5283]
2019-06-13 22:53:58,274 INFO  client.GrpcClientProtocolClient (GrpcClientProtocolClient.java:onNext(254)) - client-C82EA620EB9B->85302df8-7a7f-4077-a053-c26dc3d3d65a: receive RaftClientReply:client-C82EA620EB9B->85302df8-7a7f-4077-a053-c26dc3d3d65a@group-4701ABA8D7D0, cid=3188, SUCCESS, logIndex=5285, commits[85302df8-7a7f-4077-a053-c26dc3d3d65a:c5285]
2019-06-13 22:53:58,286 INFO  client.GrpcClientProtocolClient (GrpcClientProtocolClient.java:onNext(254)) - client-C82EA620EB9B->85302df8-7a7f-4077-a053-c26dc3d3d65a: receive RaftClientReply:client-C82EA620EB9B->85302df8-7a7f-4077-a053-c26dc3d3d65a@group-4701ABA8D7D0, cid=3189, SUCCESS, logIndex=5287, commits[85302df8-7a7f-4077-a053-c26dc3d3d65a:c5287]
2019-06-13 22:53:58,287 INFO  client.GrpcClientProtocolClient (GrpcClientProtocolClient.java:onNext(254)) - client-C82EA620EB9B->85302df8-7a7f-4077-a053-c26dc3d3d65a: receive RaftClientReply:client-C82EA620EB9B->85302df8-7a7f-4077-a053-c26dc3d3d65a@group-4701ABA8D7D0, cid=3190, SUCCESS, logIndex=5289, commits[85302df8-7a7f-4077-a053-c26dc3d3d65a:c5289]
2019-06-13 22:53:58,288 DEBUG block.SCMBlockDeletingService (SCMBlockDeletingService.java:call(138)) - Running DeletedBlockTransactionScanner
2019-06-13 22:53:58,288 DEBUG block.SCMBlockDeletingService (SCMBlockDeletingService.java:call(155)) - Scanned deleted blocks log and got 0 delTX to process.
2019-06-13 22:53:58,288 INFO  client.GrpcClientProtocolClient (GrpcClientProtocolClient.java:onNext(254)) - client-C82EA620EB9B->85302df8-7a7f-4077-a053-c26dc3d3d65a: receive RaftClientReply:client-C82EA620EB9B->85302df8-7a7f-4077-a053-c26dc3d3d65a@group-4701ABA8D7D0, cid=3191, SUCCESS, logIndex=5290, commits[85302df8-7a7f-4077-a053-c26dc3d3d65a:c5292]
2019-06-13 22:53:58,289 INFO  client.GrpcClientProtocolClient (GrpcClientProtocolClient.java:onNext(254)) - client-C82EA620EB9B->85302df8-7a7f-4077-a053-c26dc3d3d65a: receive RaftClientReply:client-C82EA620EB9B->85302df8-7a7f-4077-a053-c26dc3d3d65a@group-4701ABA8D7D0, cid=3192, SUCCESS, logIndex=5292, commits[85302df8-7a7f-4077-a053-c26dc3d3d65a:c5292]
2019-06-13 22:53:58,302 INFO  client.GrpcClientProtocolClient (GrpcClientProtocolClient.java:onNext(254)) - client-C82EA620EB9B->85302df8-7a7f-4077-a053-c26dc3d3d65a: receive RaftClientReply:client-C82EA620EB9B->85302df8-7a7f-4077-a053-c26dc3d3d65a@group-4701ABA8D7D0, cid=3193, SUCCESS, logIndex=5294, commits[85302df8-7a7f-4077-a053-c26dc3d3d65a:c5294]
2019-06-13 22:53:58,304 INFO  client.GrpcClientProtocolClient (GrpcClientProtocolClient.java:onNext(254)) - client-C82EA620EB9B->85302df8-7a7f-4077-a053-c26dc3d3d65a: receive RaftClientReply:client-C82EA620EB9B->85302df8-7a7f-4077-a053-c26dc3d3d65a@group-4701ABA8D7D0, cid=3194, SUCCESS, logIndex=5296, commits[85302df8-7a7f-4077-a053-c26dc3d3d65a:c5296]
2019-06-13 22:53:58,305 INFO  client.GrpcClientProtocolClient (GrpcClientProtocolClient.java:onNext(254)) - client-C82EA620EB9B->85302df8-7a7f-4077-a053-c26dc3d3d65a: receive RaftClientReply:client-C82EA620EB9B->85302df8-7a7f-4077-a053-c26dc3d3d65a@group-4701ABA8D7D0, cid=3195, SUCCESS, logIndex=5297, commits[85302df8-7a7f-4077-a053-c26dc3d3d65a:c5298]
2019-06-13 22:53:58,305 INFO  client.GrpcClientProtocolClient (GrpcClientProtocolClient.java:onNext(254)) - client-C82EA620EB9B->85302df8-7a7f-4077-a053-c26dc3d3d65a: receive RaftClientReply:client-C82EA620EB9B->85302df8-7a7f-4077-a053-c26dc3d3d65a@group-4701ABA8D7D0, cid=3196, SUCCESS, logIndex=5298, commits[85302df8-7a7f-4077-a053-c26dc3d3d65a:c5299]
2019-06-13 22:53:58,311 INFO  client.GrpcClientProtocolClient (GrpcClientProtocolClient.java:onNext(254)) - client-C82EA620EB9B->85302df8-7a7f-4077-a053-c26dc3d3d65a: receive RaftClientReply:client-C82EA620EB9B->85302df8-7a7f-4077-a053-c26dc3d3d65a@group-4701ABA8D7D0, cid=3197, SUCCESS, logIndex=5301, commits[85302df8-7a7f-4077-a053-c26dc3d3d65a:c5301]
2019-06-13 22:53:58,313 INFO  client.GrpcClientProtocolClient (GrpcClientProtocolClient.java:onNext(254)) - client-C82EA620EB9B->85302df8-7a7f-4077-a053-c26dc3d3d65a: receive RaftClientReply:client-C82EA620EB9B->85302df8-7a7f-4077-a053-c26dc3d3d65a@group-4701ABA8D7D0, cid=3198, SUCCESS, logIndex=5303, commits[85302df8-7a7f-4077-a053-c26dc3d3d65a:c5303]
2019-06-13 22:53:58,316 INFO  client.GrpcClientProtocolClient (GrpcClientProtocolClient.java:onNext(254)) - client-C82EA620EB9B->85302df8-7a7f-4077-a053-c26dc3d3d65a: receive RaftClientReply:client-C82EA620EB9B->85302df8-7a7f-4077-a053-c26dc3d3d65a@group-4701ABA8D7D0, cid=3199, SUCCESS, logIndex=5305, commits[85302df8-7a7f-4077-a053-c26dc3d3d65a:c5306]
2019-06-13 22:53:58,322 INFO  client.GrpcClientProtocolClient (GrpcClientProtocolClient.java:onNext(254)) - client-C82EA620EB9B->85302df8-7a7f-4077-a053-c26dc3d3d65a: receive RaftClientReply:client-C82EA620EB9B->85302df8-7a7f-4077-a053-c26dc3d3d65a@group-4701ABA8D7D0, cid=3200, SUCCESS, logIndex=5306, commits[85302df8-7a7f-4077-a053-c26dc3d3d65a:c5306]
2019-06-13 22:53:58,334 INFO  client.GrpcClientProtocolClient (GrpcClientProtocolClient.java:onNext(254)) - client-C82EA620EB9B->85302df8-7a7f-4077-a053-c26dc3d3d65a: receive RaftClientReply:client-C82EA620EB9B->85302df8-7a7f-4077-a053-c26dc3d3d65a@group-4701ABA8D7D0, cid=3201, SUCCESS, logIndex=5308, commits[85302df8-7a7f-4077-a053-c26dc3d3d65a:c5308]
2019-06-13 22:53:58,342 INFO  client.GrpcClientProtocolClient (GrpcClientProtocolClient.java:onNext(254)) - client-C82EA620EB9B->85302df8-7a7f-4077-a053-c26dc3d3d65a: receive RaftClientReply:client-C82EA620EB9B->85302df8-7a7f-4077-a053-c26dc3d3d65a@group-4701ABA8D7D0, cid=3202, SUCCESS, logIndex=5310, commits[85302df8-7a7f-4077-a053-c26dc3d3d65a:c5310]
2019-06-13 22:53:58,342 INFO  client.GrpcClientProtocolClient (GrpcClientProtocolClient.java:onNext(254)) - client-C82EA620EB9B->85302df8-7a7f-4077-a053-c26dc3d3d65a: receive RaftClientReply:client-C82EA620EB9B->85302df8-7a7f-4077-a053-c26dc3d3d65a@group-4701ABA8D7D0, cid=3203, SUCCESS, logIndex=5311, commits[85302df8-7a7f-4077-a053-c26dc3d3d65a:c5313]
2019-06-13 22:53:58,343 INFO  client.GrpcClientProtocolClient (GrpcClientProtocolClient.java:onNext(254)) - client-C82EA620EB9B->85302df8-7a7f-4077-a053-c26dc3d3d65a: receive RaftClientReply:client-C82EA620EB9B->85302df8-7a7f-4077-a053-c26dc3d3d65a@group-4701ABA8D7D0, cid=3204, SUCCESS, logIndex=5312, commits[85302df8-7a7f-4077-a053-c26dc3d3d65a:c5313]
2019-06-13 22:53:58,348 INFO  client.GrpcClientProtocolClient (GrpcClientProtocolClient.java:onNext(254)) - client-C82EA620EB9B->85302df8-7a7f-4077-a053-c26dc3d3d65a: receive RaftClientReply:client-C82EA620EB9B->85302df8-7a7f-4077-a053-c26dc3d3d65a@group-4701ABA8D7D0, cid=3205, SUCCESS, logIndex=5314, commits[85302df8-7a7f-4077-a053-c26dc3d3d65a:c5314]
2019-06-13 22:53:58,354 INFO  client.GrpcClientProtocolClient (GrpcClientProtocolClient.java:onNext(254)) - client-C82EA620EB9B->85302df8-7a7f-4077-a053-c26dc3d3d65a: receive RaftClientReply:client-C82EA620EB9B->85302df8-7a7f-4077-a053-c26dc3d3d65a@group-4701ABA8D7D0, cid=3206, SUCCESS, logIndex=5316, commits[85302df8-7a7f-4077-a053-c26dc3d3d65a:c5319]
2019-06-13 22:53:58,354 INFO  client.GrpcClientProtocolClient (GrpcClientProtocolClient.java:onNext(254)) - client-C82EA620EB9B->85302df8-7a7f-4077-a053-c26dc3d3d65a: receive RaftClientReply:client-C82EA620EB9B->85302df8-7a7f-4077-a053-c26dc3d3d65a@group-4701ABA8D7D0, cid=3207, SUCCESS, logIndex=5317, commits[85302df8-7a7f-4077-a053-c26dc3d3d65a:c5319]
2019-06-13 22:53:58,355 INFO  client.GrpcClientProtocolClient (GrpcClientProtocolClient.java:onNext(254)) - client-C82EA620EB9B->85302df8-7a7f-4077-a053-c26dc3d3d65a: receive RaftClientReply:client-C82EA620EB9B->85302df8-7a7f-4077-a053-c26dc3d3d65a@group-4701ABA8D7D0, cid=3208, SUCCESS, logIndex=5318, commits[85302df8-7a7f-4077-a053-c26dc3d3d65a:c5319]
2019-06-13 22:53:58,375 INFO  client.GrpcClientProtocolClient (GrpcClientProtocolClient.java:onNext(254)) - client-C82EA620EB9B->85302df8-7a7f-4077-a053-c26dc3d3d65a: receive RaftClientReply:client-C82EA620EB9B->85302df8-7a7f-4077-a053-c26dc3d3d65a@group-4701ABA8D7D0, cid=3209, SUCCESS, logIndex=5320, commits[85302df8-7a7f-4077-a053-c26dc3d3d65a:c5321]
2019-06-13 22:53:58,376 INFO  client.GrpcClientProtocolClient (GrpcClientProtocolClient.java:onNext(254)) - client-C82EA620EB9B->85302df8-7a7f-4077-a053-c26dc3d3d65a: receive RaftClientReply:client-C82EA620EB9B->85302df8-7a7f-4077-a053-c26dc3d3d65a@group-4701ABA8D7D0, cid=3210, SUCCESS, logIndex=5322, commits[85302df8-7a7f-4077-a053-c26dc3d3d65a:c5322]
2019-06-13 22:53:58,377 INFO  client.GrpcClientProtocolClient (GrpcClientProtocolClient.java:onNext(254)) - client-C82EA620EB9B->85302df8-7a7f-4077-a053-c26dc3d3d65a: receive RaftClientReply:client-C82EA620EB9B->85302df8-7a7f-4077-a053-c26dc3d3d65a@group-4701ABA8D7D0, cid=3211, SUCCESS, logIndex=5323, commits[85302df8-7a7f-4077-a053-c26dc3d3d65a:c5325]
2019-06-13 22:53:58,377 INFO  client.GrpcClientProtocolClient (GrpcClientProtocolClient.java:onNext(254)) - client-C82EA620EB9B->85302df8-7a7f-4077-a053-c26dc3d3d65a: receive RaftClientReply:client-C82EA620EB9B->85302df8-7a7f-4077-a053-c26dc3d3d65a@group-4701ABA8D7D0, cid=3212, SUCCESS, logIndex=5324, commits[85302df8-7a7f-4077-a053-c26dc3d3d65a:c5325]
2019-06-13 22:53:58,387 INFO  client.GrpcClientProtocolClient (GrpcClientProtocolClient.java:onNext(254)) - client-C82EA620EB9B->85302df8-7a7f-4077-a053-c26dc3d3d65a: receive RaftClientReply:client-C82EA620EB9B->85302df8-7a7f-4077-a053-c26dc3d3d65a@group-4701ABA8D7D0, cid=3213, SUCCESS, logIndex=5326, commits[85302df8-7a7f-4077-a053-c26dc3d3d65a:c5326]
2019-06-13 22:53:58,388 INFO  client.GrpcClientProtocolClient (GrpcClientProtocolClient.java:onNext(254)) - client-C82EA620EB9B->85302df8-7a7f-4077-a053-c26dc3d3d65a: receive RaftClientReply:client-C82EA620EB9B->85302df8-7a7f-4077-a053-c26dc3d3d65a@group-4701ABA8D7D0, cid=3214, SUCCESS, logIndex=5328, commits[85302df8-7a7f-4077-a053-c26dc3d3d65a:c5328]
2019-06-13 22:53:58,388 DEBUG block.SCMBlockDeletingService (SCMBlockDeletingService.java:call(138)) - Running DeletedBlockTransactionScanner
2019-06-13 22:53:58,388 DEBUG block.SCMBlockDeletingService (SCMBlockDeletingService.java:call(155)) - Scanned deleted blocks log and got 0 delTX to process.
2019-06-13 22:53:58,389 INFO  client.GrpcClientProtocolClient (GrpcClientProtocolClient.java:onNext(254)) - client-C82EA620EB9B->85302df8-7a7f-4077-a053-c26dc3d3d65a: receive RaftClientReply:client-C82EA620EB9B->85302df8-7a7f-4077-a053-c26dc3d3d65a@group-4701ABA8D7D0, cid=3215, SUCCESS, logIndex=5329, commits[85302df8-7a7f-4077-a053-c26dc3d3d65a:c5330]
2019-06-13 22:53:58,390 INFO  client.GrpcClientProtocolClient (GrpcClientProtocolClient.java:onNext(254)) - client-C82EA620EB9B->85302df8-7a7f-4077-a053-c26dc3d3d65a: receive RaftClientReply:client-C82EA620EB9B->85302df8-7a7f-4077-a053-c26dc3d3d65a@group-4701ABA8D7D0, cid=3216, SUCCESS, logIndex=5330, commits[85302df8-7a7f-4077-a053-c26dc3d3d65a:c5331]
2019-06-13 22:53:58,401 INFO  client.GrpcClientProtocolClient (GrpcClientProtocolClient.java:onNext(254)) - client-C82EA620EB9B->85302df8-7a7f-4077-a053-c26dc3d3d65a: receive RaftClientReply:client-C82EA620EB9B->85302df8-7a7f-4077-a053-c26dc3d3d65a@group-4701ABA8D7D0, cid=3217, SUCCESS, logIndex=5333, commits[85302df8-7a7f-4077-a053-c26dc3d3d65a:c5333]
2019-06-13 22:53:58,404 INFO  client.GrpcClientProtocolClient (GrpcClientProtocolClient.java:onNext(254)) - client-C82EA620EB9B->85302df8-7a7f-4077-a053-c26dc3d3d65a: receive RaftClientReply:client-C82EA620EB9B->85302df8-7a7f-4077-a053-c26dc3d3d65a@group-4701ABA8D7D0, cid=3218, SUCCESS, logIndex=5335, commits[85302df8-7a7f-4077-a053-c26dc3d3d65a:c5335]
2019-06-13 22:53:58,404 INFO  client.GrpcClientProtocolClient (GrpcClientProtocolClient.java:onNext(254)) - client-C82EA620EB9B->85302df8-7a7f-4077-a053-c26dc3d3d65a: receive RaftClientReply:client-C82EA620EB9B->85302df8-7a7f-4077-a053-c26dc3d3d65a@group-4701ABA8D7D0, cid=3219, SUCCESS, logIndex=5336, commits[85302df8-7a7f-4077-a053-c26dc3d3d65a:c5336]
2019-06-13 22:53:58,404 INFO  client.GrpcClientProtocolClient (GrpcClientProtocolClient.java:onNext(254)) - client-C82EA620EB9B->85302df8-7a7f-4077-a053-c26dc3d3d65a: receive RaftClientReply:client-C82EA620EB9B->85302df8-7a7f-4077-a053-c26dc3d3d65a@group-4701ABA8D7D0, cid=3220, SUCCESS, logIndex=5338, commits[85302df8-7a7f-4077-a053-c26dc3d3d65a:c5338]
2019-06-13 22:53:58,410 INFO  client.GrpcClientProtocolClient (GrpcClientProtocolClient.java:onNext(254)) - client-C82EA620EB9B->85302df8-7a7f-4077-a053-c26dc3d3d65a: receive RaftClientReply:client-C82EA620EB9B->85302df8-7a7f-4077-a053-c26dc3d3d65a@group-4701ABA8D7D0, cid=3221, SUCCESS, logIndex=5341, commits[85302df8-7a7f-4077-a053-c26dc3d3d65a:c5341]
2019-06-13 22:53:58,411 INFO  storage.RaftLogWorker (RaftLogWorker.java:rollLogSegment(303)) - 85302df8-7a7f-4077-a053-c26dc3d3d65a-RaftLogWorker: Rolling segment log-5273_5344 to index:5344
2019-06-13 22:53:58,412 INFO  storage.RaftLogWorker (RaftLogWorker.java:execute(433)) - 85302df8-7a7f-4077-a053-c26dc3d3d65a-RaftLogWorker: Rolled log segment from /opt/src/hadoop-ozone/integration-test/target/test-dir/MiniOzoneClusterImpl-550f9ca0-a6d9-4a4a-902f-f07ac81eac7b/datanode-0/data/ratis/5ad10fc2-5a33-4bdd-8958-4701aba8d7d0/current/log_inprogress_5273 to /opt/src/hadoop-ozone/integration-test/target/test-dir/MiniOzoneClusterImpl-550f9ca0-a6d9-4a4a-902f-f07ac81eac7b/datanode-0/data/ratis/5ad10fc2-5a33-4bdd-8958-4701aba8d7d0/current/log_5273-5344
2019-06-13 22:53:58,413 INFO  client.GrpcClientProtocolClient (GrpcClientProtocolClient.java:onNext(254)) - client-C82EA620EB9B->85302df8-7a7f-4077-a053-c26dc3d3d65a: receive RaftClientReply:client-C82EA620EB9B->85302df8-7a7f-4077-a053-c26dc3d3d65a@group-4701ABA8D7D0, cid=3222, SUCCESS, logIndex=5343, commits[85302df8-7a7f-4077-a053-c26dc3d3d65a:c5343]
2019-06-13 22:53:58,414 INFO  client.GrpcClientProtocolClient (GrpcClientProtocolClient.java:onNext(254)) - client-C82EA620EB9B->85302df8-7a7f-4077-a053-c26dc3d3d65a: receive RaftClientReply:client-C82EA620EB9B->85302df8-7a7f-4077-a053-c26dc3d3d65a@group-4701ABA8D7D0, cid=3223, SUCCESS, logIndex=5344, commits[85302df8-7a7f-4077-a053-c26dc3d3d65a:c5344]
2019-06-13 22:53:58,448 INFO  storage.RaftLogWorker (RaftLogWorker.java:execute(469)) - 85302df8-7a7f-4077-a053-c26dc3d3d65a-RaftLogWorker: created new log segment /opt/src/hadoop-ozone/integration-test/target/test-dir/MiniOzoneClusterImpl-550f9ca0-a6d9-4a4a-902f-f07ac81eac7b/datanode-0/data/ratis/5ad10fc2-5a33-4bdd-8958-4701aba8d7d0/current/log_inprogress_5345
2019-06-13 22:53:58,450 INFO  client.GrpcClientProtocolClient (GrpcClientProtocolClient.java:onNext(254)) - client-C82EA620EB9B->85302df8-7a7f-4077-a053-c26dc3d3d65a: receive RaftClientReply:client-C82EA620EB9B->85302df8-7a7f-4077-a053-c26dc3d3d65a@group-4701ABA8D7D0, cid=3224, SUCCESS, logIndex=5345, commits[85302df8-7a7f-4077-a053-c26dc3d3d65a:c5347]
2019-06-13 22:53:58,460 INFO  client.GrpcClientProtocolClient (GrpcClientProtocolClient.java:onNext(254)) - client-C82EA620EB9B->85302df8-7a7f-4077-a053-c26dc3d3d65a: receive RaftClientReply:client-C82EA620EB9B->85302df8-7a7f-4077-a053-c26dc3d3d65a@group-4701ABA8D7D0, cid=3225, SUCCESS, logIndex=5348, commits[85302df8-7a7f-4077-a053-c26dc3d3d65a:c5348]
2019-06-13 22:53:58,461 INFO  client.GrpcClientProtocolClient (GrpcClientProtocolClient.java:onNext(254)) - client-C82EA620EB9B->85302df8-7a7f-4077-a053-c26dc3d3d65a: receive RaftClientReply:client-C82EA620EB9B->85302df8-7a7f-4077-a053-c26dc3d3d65a@group-4701ABA8D7D0, cid=3226, SUCCESS, logIndex=5350, commits[85302df8-7a7f-4077-a053-c26dc3d3d65a:c5350]
2019-06-13 22:53:58,488 DEBUG block.SCMBlockDeletingService (SCMBlockDeletingService.java:call(138)) - Running DeletedBlockTransactionScanner
2019-06-13 22:53:58,489 DEBUG block.SCMBlockDeletingService (SCMBlockDeletingService.java:call(155)) - Scanned deleted blocks log and got 0 delTX to process.
2019-06-13 22:53:58,547 INFO  client.GrpcClientProtocolClient (GrpcClientProtocolClient.java:onNext(254)) - client-C82EA620EB9B->85302df8-7a7f-4077-a053-c26dc3d3d65a: receive RaftClientReply:client-C82EA620EB9B->85302df8-7a7f-4077-a053-c26dc3d3d65a@group-4701ABA8D7D0, cid=3227, SUCCESS, logIndex=5352, commits[85302df8-7a7f-4077-a053-c26dc3d3d65a:c5352]
2019-06-13 22:53:58,548 INFO  client.GrpcClientProtocolClient (GrpcClientProtocolClient.java:onNext(254)) - client-C82EA620EB9B->85302df8-7a7f-4077-a053-c26dc3d3d65a: receive RaftClientReply:client-C82EA620EB9B->85302df8-7a7f-4077-a053-c26dc3d3d65a@group-4701ABA8D7D0, cid=3228, SUCCESS, logIndex=5354, commits[85302df8-7a7f-4077-a053-c26dc3d3d65a:c5354]
2019-06-13 22:53:58,801 DEBUG block.SCMBlockDeletingService (SCMBlockDeletingService.java:call(138)) - Running DeletedBlockTransactionScanner
2019-06-13 22:53:58,802 DEBUG block.SCMBlockDeletingService (SCMBlockDeletingService.java:call(155)) - Scanned deleted blocks log and got 0 delTX to process.
2019-06-13 22:53:58,808 INFO  client.GrpcClientProtocolClient (GrpcClientProtocolClient.java:onNext(254)) - client-C82EA620EB9B->85302df8-7a7f-4077-a053-c26dc3d3d65a: receive RaftClientReply:client-C82EA620EB9B->85302df8-7a7f-4077-a053-c26dc3d3d65a@group-4701ABA8D7D0, cid=3229, SUCCESS, logIndex=5356, commits[85302df8-7a7f-4077-a053-c26dc3d3d65a:c5356]
2019-06-13 22:53:58,813 INFO  client.GrpcClientProtocolClient (GrpcClientProtocolClient.java:onNext(254)) - client-C82EA620EB9B->85302df8-7a7f-4077-a053-c26dc3d3d65a: receive RaftClientReply:client-C82EA620EB9B->85302df8-7a7f-4077-a053-c26dc3d3d65a@group-4701ABA8D7D0, cid=3230, SUCCESS, logIndex=5358, commits[85302df8-7a7f-4077-a053-c26dc3d3d65a:c5358]
2019-06-13 22:53:58,813 INFO  client.GrpcClientProtocolClient (GrpcClientProtocolClient.java:onNext(254)) - client-C82EA620EB9B->85302df8-7a7f-4077-a053-c26dc3d3d65a: receive RaftClientReply:client-C82EA620EB9B->85302df8-7a7f-4077-a053-c26dc3d3d65a@group-4701ABA8D7D0, cid=3231, SUCCESS, logIndex=5359, commits[85302df8-7a7f-4077-a053-c26dc3d3d65a:c5361]
2019-06-13 22:53:58,813 INFO  client.GrpcClientProtocolClient (GrpcClientProtocolClient.java:onNext(254)) - client-C82EA620EB9B->85302df8-7a7f-4077-a053-c26dc3d3d65a: receive RaftClientReply:client-C82EA620EB9B->85302df8-7a7f-4077-a053-c26dc3d3d65a@group-4701ABA8D7D0, cid=3232, SUCCESS, logIndex=5360, commits[85302df8-7a7f-4077-a053-c26dc3d3d65a:c5361]
2019-06-13 22:53:58,826 INFO  client.GrpcClientProtocolClient (GrpcClientProtocolClient.java:onNext(254)) - client-C82EA620EB9B->85302df8-7a7f-4077-a053-c26dc3d3d65a: receive RaftClientReply:client-C82EA620EB9B->85302df8-7a7f-4077-a053-c26dc3d3d65a@group-4701ABA8D7D0, cid=3233, SUCCESS, logIndex=5362, commits[85302df8-7a7f-4077-a053-c26dc3d3d65a:c5362]
2019-06-13 22:53:58,828 INFO  client.GrpcClientProtocolClient (GrpcClientProtocolClient.java:onNext(254)) - client-C82EA620EB9B->85302df8-7a7f-4077-a053-c26dc3d3d65a: receive RaftClientReply:client-C82EA620EB9B->85302df8-7a7f-4077-a053-c26dc3d3d65a@group-4701ABA8D7D0, cid=3234, SUCCESS, logIndex=5364, commits[85302df8-7a7f-4077-a053-c26dc3d3d65a:c5364]
2019-06-13 22:53:58,829 INFO  client.GrpcClientProtocolClient (GrpcClientProtocolClient.java:onNext(254)) - client-C82EA620EB9B->85302df8-7a7f-4077-a053-c26dc3d3d65a: receive RaftClientReply:client-C82EA620EB9B->85302df8-7a7f-4077-a053-c26dc3d3d65a@group-4701ABA8D7D0, cid=3235, SUCCESS, logIndex=5365, commits[85302df8-7a7f-4077-a053-c26dc3d3d65a:c5367]
2019-06-13 22:53:58,829 INFO  client.GrpcClientProtocolClient (GrpcClientProtocolClient.java:onNext(254)) - client-C82EA620EB9B->85302df8-7a7f-4077-a053-c26dc3d3d65a: receive RaftClientReply:client-C82EA620EB9B->85302df8-7a7f-4077-a053-c26dc3d3d65a@group-4701ABA8D7D0, cid=3236, SUCCESS, logIndex=5366, commits[85302df8-7a7f-4077-a053-c26dc3d3d65a:c5367]
2019-06-13 22:53:58,834 INFO  client.GrpcClientProtocolClient (GrpcClientProtocolClient.java:onNext(254)) - client-C82EA620EB9B->85302df8-7a7f-4077-a053-c26dc3d3d65a: receive RaftClientReply:client-C82EA620EB9B->85302df8-7a7f-4077-a053-c26dc3d3d65a@group-4701ABA8D7D0, cid=3237, SUCCESS, logIndex=5368, commits[85302df8-7a7f-4077-a053-c26dc3d3d65a:c5368]
2019-06-13 22:53:58,836 INFO  client.GrpcClientProtocolClient (GrpcClientProtocolClient.java:onNext(254)) - client-C82EA620EB9B->85302df8-7a7f-4077-a053-c26dc3d3d65a: receive RaftClientReply:client-C82EA620EB9B->85302df8-7a7f-4077-a053-c26dc3d3d65a@group-4701ABA8D7D0, cid=3238, SUCCESS, logIndex=5370, commits[85302df8-7a7f-4077-a053-c26dc3d3d65a:c5370]
2019-06-13 22:53:58,837 INFO  client.GrpcClientProtocolClient (GrpcClientProtocolClient.java:onNext(254)) - client-C82EA620EB9B->85302df8-7a7f-4077-a053-c26dc3d3d65a: receive RaftClientReply:client-C82EA620EB9B->85302df8-7a7f-4077-a053-c26dc3d3d65a@group-4701ABA8D7D0, cid=3239, SUCCESS, logIndex=5371, commits[85302df8-7a7f-4077-a053-c26dc3d3d65a:c5373]
2019-06-13 22:53:58,837 INFO  client.GrpcClientProtocolClient (GrpcClientProtocolClient.java:onNext(254)) - client-C82EA620EB9B->85302df8-7a7f-4077-a053-c26dc3d3d65a: receive RaftClientReply:client-C82EA620EB9B->85302df8-7a7f-4077-a053-c26dc3d3d65a@group-4701ABA8D7D0, cid=3240, SUCCESS, logIndex=5372, commits[85302df8-7a7f-4077-a053-c26dc3d3d65a:c5373]
2019-06-13 22:53:58,847 INFO  client.GrpcClientProtocolClient (GrpcClientProtocolClient.java:onNext(254)) - client-C82EA620EB9B->85302df8-7a7f-4077-a053-c26dc3d3d65a: receive RaftClientReply:client-C82EA620EB9B->85302df8-7a7f-4077-a053-c26dc3d3d65a@group-4701ABA8D7D0, cid=3241, SUCCESS, logIndex=5374, commits[85302df8-7a7f-4077-a053-c26dc3d3d65a:c5374]
2019-06-13 22:53:58,849 INFO  client.GrpcClientProtocolClient (GrpcClientProtocolClient.java:onNext(254)) - client-C82EA620EB9B->85302df8-7a7f-4077-a053-c26dc3d3d65a: receive RaftClientReply:client-C82EA620EB9B->85302df8-7a7f-4077-a053-c26dc3d3d65a@group-4701ABA8D7D0, cid=3242, SUCCESS, logIndex=5376, commits[85302df8-7a7f-4077-a053-c26dc3d3d65a:c5376]
2019-06-13 22:53:58,850 INFO  client.GrpcClientProtocolClient (GrpcClientProtocolClient.java:onNext(254)) - client-C82EA620EB9B->85302df8-7a7f-4077-a053-c26dc3d3d65a: receive RaftClientReply:client-C82EA620EB9B->85302df8-7a7f-4077-a053-c26dc3d3d65a@group-4701ABA8D7D0, cid=3243, SUCCESS, logIndex=5377, commits[85302df8-7a7f-4077-a053-c26dc3d3d65a:c5379]
2019-06-13 22:53:58,850 INFO  client.GrpcClientProtocolClient (GrpcClientProtocolClient.java:onNext(254)) - client-C82EA620EB9B->85302df8-7a7f-4077-a053-c26dc3d3d65a: receive RaftClientReply:client-C82EA620EB9B->85302df8-7a7f-4077-a053-c26dc3d3d65a@group-4701ABA8D7D0, cid=3244, SUCCESS, logIndex=5378, commits[85302df8-7a7f-4077-a053-c26dc3d3d65a:c5379]
2019-06-13 22:53:58,858 INFO  client.GrpcClientProtocolClient (GrpcClientProtocolClient.java:onNext(254)) - client-C82EA620EB9B->85302df8-7a7f-4077-a053-c26dc3d3d65a: receive RaftClientReply:client-C82EA620EB9B->85302df8-7a7f-4077-a053-c26dc3d3d65a@group-4701ABA8D7D0, cid=3245, SUCCESS, logIndex=5380, commits[85302df8-7a7f-4077-a053-c26dc3d3d65a:c5380]
2019-06-13 22:53:58,859 INFO  client.GrpcClientProtocolClient (GrpcClientProtocolClient.java:onNext(254)) - client-C82EA620EB9B->85302df8-7a7f-4077-a053-c26dc3d3d65a: receive RaftClientReply:client-C82EA620EB9B->85302df8-7a7f-4077-a053-c26dc3d3d65a@group-4701ABA8D7D0, cid=3246, SUCCESS, logIndex=5382, commits[85302df8-7a7f-4077-a053-c26dc3d3d65a:c5382]
2019-06-13 22:53:58,860 INFO  client.GrpcClientProtocolClient (GrpcClientProtocolClient.java:onNext(254)) - client-C82EA620EB9B->85302df8-7a7f-4077-a053-c26dc3d3d65a: receive RaftClientReply:client-C82EA620EB9B->85302df8-7a7f-4077-a053-c26dc3d3d65a@group-4701ABA8D7D0, cid=3247, SUCCESS, logIndex=5383, commits[85302df8-7a7f-4077-a053-c26dc3d3d65a:c5385]
2019-06-13 22:53:58,861 INFO  client.GrpcClientProtocolClient (GrpcClientProtocolClient.java:onNext(254)) - client-C82EA620EB9B->85302df8-7a7f-4077-a053-c26dc3d3d65a: receive RaftClientReply:client-C82EA620EB9B->85302df8-7a7f-4077-a053-c26dc3d3d65a@group-4701ABA8D7D0, cid=3248, SUCCESS, logIndex=5384, commits[85302df8-7a7f-4077-a053-c26dc3d3d65a:c5385]
2019-06-13 22:53:58,871 INFO  client.GrpcClientProtocolClient (GrpcClientProtocolClient.java:onNext(254)) - client-C82EA620EB9B->85302df8-7a7f-4077-a053-c26dc3d3d65a: receive RaftClientReply:client-C82EA620EB9B->85302df8-7a7f-4077-a053-c26dc3d3d65a@group-4701ABA8D7D0, cid=3249, SUCCESS, logIndex=5386, commits[85302df8-7a7f-4077-a053-c26dc3d3d65a:c5386]
2019-06-13 22:53:58,872 INFO  client.GrpcClientProtocolClient (GrpcClientProtocolClient.java:onNext(254)) - client-C82EA620EB9B->85302df8-7a7f-4077-a053-c26dc3d3d65a: receive RaftClientReply:client-C82EA620EB9B->85302df8-7a7f-4077-a053-c26dc3d3d65a@group-4701ABA8D7D0, cid=3250, SUCCESS, logIndex=5388, commits[85302df8-7a7f-4077-a053-c26dc3d3d65a:c5388]
2019-06-13 22:53:58,874 INFO  client.GrpcClientProtocolClient (GrpcClientProtocolClient.java:onNext(254)) - client-C82EA620EB9B->85302df8-7a7f-4077-a053-c26dc3d3d65a: receive RaftClientReply:client-C82EA620EB9B->85302df8-7a7f-4077-a053-c26dc3d3d65a@group-4701ABA8D7D0, cid=3251, SUCCESS, logIndex=5389, commits[85302df8-7a7f-4077-a053-c26dc3d3d65a:c5391]
2019-06-13 22:53:58,874 INFO  client.GrpcClientProtocolClient (GrpcClientProtocolClient.java:onNext(254)) - client-C82EA620EB9B->85302df8-7a7f-4077-a053-c26dc3d3d65a: receive RaftClientReply:client-C82EA620EB9B->85302df8-7a7f-4077-a053-c26dc3d3d65a@group-4701ABA8D7D0, cid=3252, SUCCESS, logIndex=5390, commits[85302df8-7a7f-4077-a053-c26dc3d3d65a:c5391]
2019-06-13 22:53:58,880 INFO  client.GrpcClientProtocolClient (GrpcClientProtocolClient.java:onNext(254)) - client-C82EA620EB9B->85302df8-7a7f-4077-a053-c26dc3d3d65a: receive RaftClientReply:client-C82EA620EB9B->85302df8-7a7f-4077-a053-c26dc3d3d65a@group-4701ABA8D7D0, cid=3253, SUCCESS, logIndex=5392, commits[85302df8-7a7f-4077-a053-c26dc3d3d65a:c5392]
2019-06-13 22:53:58,882 INFO  client.GrpcClientProtocolClient (GrpcClientProtocolClient.java:onNext(254)) - client-C82EA620EB9B->85302df8-7a7f-4077-a053-c26dc3d3d65a: receive RaftClientReply:client-C82EA620EB9B->85302df8-7a7f-4077-a053-c26dc3d3d65a@group-4701ABA8D7D0, cid=3254, SUCCESS, logIndex=5394, commits[85302df8-7a7f-4077-a053-c26dc3d3d65a:c5396]
2019-06-13 22:53:58,883 INFO  client.GrpcClientProtocolClient (GrpcClientProtocolClient.java:onNext(254)) - client-C82EA620EB9B->85302df8-7a7f-4077-a053-c26dc3d3d65a: receive RaftClientReply:client-C82EA620EB9B->85302df8-7a7f-4077-a053-c26dc3d3d65a@group-4701ABA8D7D0, cid=3255, SUCCESS, logIndex=5395, commits[85302df8-7a7f-4077-a053-c26dc3d3d65a:c5396]
2019-06-13 22:53:58,883 INFO  client.GrpcClientProtocolClient (GrpcClientProtocolClient.java:onNext(254)) - client-C82EA620EB9B->85302df8-7a7f-4077-a053-c26dc3d3d65a: receive RaftClientReply:client-C82EA620EB9B->85302df8-7a7f-4077-a053-c26dc3d3d65a@group-4701ABA8D7D0, cid=3256, SUCCESS, logIndex=5396, commits[85302df8-7a7f-4077-a053-c26dc3d3d65a:c5396]
2019-06-13 22:53:58,894 INFO  client.GrpcClientProtocolClient (GrpcClientProtocolClient.java:onNext(254)) - client-C82EA620EB9B->85302df8-7a7f-4077-a053-c26dc3d3d65a: receive RaftClientReply:client-C82EA620EB9B->85302df8-7a7f-4077-a053-c26dc3d3d65a@group-4701ABA8D7D0, cid=3257, SUCCESS, logIndex=5398, commits[85302df8-7a7f-4077-a053-c26dc3d3d65a:c5398]
2019-06-13 22:53:58,896 INFO  client.GrpcClientProtocolClient (GrpcClientProtocolClient.java:onNext(254)) - client-C82EA620EB9B->85302df8-7a7f-4077-a053-c26dc3d3d65a: receive RaftClientReply:client-C82EA620EB9B->85302df8-7a7f-4077-a053-c26dc3d3d65a@group-4701ABA8D7D0, cid=3258, SUCCESS, logIndex=5400, commits[85302df8-7a7f-4077-a053-c26dc3d3d65a:c5400]
2019-06-13 22:53:58,896 INFO  client.GrpcClientProtocolClient (GrpcClientProtocolClient.java:onNext(254)) - client-C82EA620EB9B->85302df8-7a7f-4077-a053-c26dc3d3d65a: receive RaftClientReply:client-C82EA620EB9B->85302df8-7a7f-4077-a053-c26dc3d3d65a@group-4701ABA8D7D0, cid=3259, SUCCESS, logIndex=5401, commits[85302df8-7a7f-4077-a053-c26dc3d3d65a:c5402]
2019-06-13 22:53:58,897 INFO  client.GrpcClientProtocolClient (GrpcClientProtocolClient.java:onNext(254)) - client-C82EA620EB9B->85302df8-7a7f-4077-a053-c26dc3d3d65a: receive RaftClientReply:client-C82EA620EB9B->85302df8-7a7f-4077-a053-c26dc3d3d65a@group-4701ABA8D7D0, cid=3260, SUCCESS, logIndex=5402, commits[85302df8-7a7f-4077-a053-c26dc3d3d65a:c5402]
2019-06-13 22:53:58,902 DEBUG block.SCMBlockDeletingService (SCMBlockDeletingService.java:call(138)) - Running DeletedBlockTransactionScanner
2019-06-13 22:53:58,902 DEBUG block.SCMBlockDeletingService (SCMBlockDeletingService.java:call(155)) - Scanned deleted blocks log and got 0 delTX to process.
2019-06-13 22:53:58,902 INFO  client.GrpcClientProtocolClient (GrpcClientProtocolClient.java:onNext(254)) - client-C82EA620EB9B->85302df8-7a7f-4077-a053-c26dc3d3d65a: receive RaftClientReply:client-C82EA620EB9B->85302df8-7a7f-4077-a053-c26dc3d3d65a@group-4701ABA8D7D0, cid=3261, SUCCESS, logIndex=5405, commits[85302df8-7a7f-4077-a053-c26dc3d3d65a:c5405]
2019-06-13 22:53:58,904 INFO  client.GrpcClientProtocolClient (GrpcClientProtocolClient.java:onNext(254)) - client-C82EA620EB9B->85302df8-7a7f-4077-a053-c26dc3d3d65a: receive RaftClientReply:client-C82EA620EB9B->85302df8-7a7f-4077-a053-c26dc3d3d65a@group-4701ABA8D7D0, cid=3262, SUCCESS, logIndex=5407, commits[85302df8-7a7f-4077-a053-c26dc3d3d65a:c5407]
2019-06-13 22:53:58,905 INFO  client.GrpcClientProtocolClient (GrpcClientProtocolClient.java:onNext(254)) - client-C82EA620EB9B->85302df8-7a7f-4077-a053-c26dc3d3d65a: receive RaftClientReply:client-C82EA620EB9B->85302df8-7a7f-4077-a053-c26dc3d3d65a@group-4701ABA8D7D0, cid=3263, SUCCESS, logIndex=5408, commits[85302df8-7a7f-4077-a053-c26dc3d3d65a:c5410]
2019-06-13 22:53:58,905 INFO  client.GrpcClientProtocolClient (GrpcClientProtocolClient.java:onNext(254)) - client-C82EA620EB9B->85302df8-7a7f-4077-a053-c26dc3d3d65a: receive RaftClientReply:client-C82EA620EB9B->85302df8-7a7f-4077-a053-c26dc3d3d65a@group-4701ABA8D7D0, cid=3264, SUCCESS, logIndex=5409, commits[85302df8-7a7f-4077-a053-c26dc3d3d65a:c5410]
2019-06-13 22:53:58,916 INFO  client.GrpcClientProtocolClient (GrpcClientProtocolClient.java:onNext(254)) - client-C82EA620EB9B->85302df8-7a7f-4077-a053-c26dc3d3d65a: receive RaftClientReply:client-C82EA620EB9B->85302df8-7a7f-4077-a053-c26dc3d3d65a@group-4701ABA8D7D0, cid=3265, SUCCESS, logIndex=5411, commits[85302df8-7a7f-4077-a053-c26dc3d3d65a:c5411]
2019-06-13 22:53:58,917 INFO  client.GrpcClientProtocolClient (GrpcClientProtocolClient.java:onNext(254)) - client-C82EA620EB9B->85302df8-7a7f-4077-a053-c26dc3d3d65a: receive RaftClientReply:client-C82EA620EB9B->85302df8-7a7f-4077-a053-c26dc3d3d65a@group-4701ABA8D7D0, cid=3266, SUCCESS, logIndex=5413, commits[85302df8-7a7f-4077-a053-c26dc3d3d65a:c5413]
2019-06-13 22:53:58,918 INFO  storage.RaftLogWorker (RaftLogWorker.java:rollLogSegment(303)) - 85302df8-7a7f-4077-a053-c26dc3d3d65a-RaftLogWorker: Rolling segment log-5345_5414 to index:5414
2019-06-13 22:53:58,918 INFO  storage.RaftLogWorker (RaftLogWorker.java:execute(433)) - 85302df8-7a7f-4077-a053-c26dc3d3d65a-RaftLogWorker: Rolled log segment from /opt/src/hadoop-ozone/integration-test/target/test-dir/MiniOzoneClusterImpl-550f9ca0-a6d9-4a4a-902f-f07ac81eac7b/datanode-0/data/ratis/5ad10fc2-5a33-4bdd-8958-4701aba8d7d0/current/log_inprogress_5345 to /opt/src/hadoop-ozone/integration-test/target/test-dir/MiniOzoneClusterImpl-550f9ca0-a6d9-4a4a-902f-f07ac81eac7b/datanode-0/data/ratis/5ad10fc2-5a33-4bdd-8958-4701aba8d7d0/current/log_5345-5414
2019-06-13 22:53:58,954 INFO  storage.RaftLogWorker (RaftLogWorker.java:execute(469)) - 85302df8-7a7f-4077-a053-c26dc3d3d65a-RaftLogWorker: created new log segment /opt/src/hadoop-ozone/integration-test/target/test-dir/MiniOzoneClusterImpl-550f9ca0-a6d9-4a4a-902f-f07ac81eac7b/datanode-0/data/ratis/5ad10fc2-5a33-4bdd-8958-4701aba8d7d0/current/log_inprogress_5415
2019-06-13 22:53:58,956 INFO  client.GrpcClientProtocolClient (GrpcClientProtocolClient.java:onNext(254)) - client-C82EA620EB9B->85302df8-7a7f-4077-a053-c26dc3d3d65a: receive RaftClientReply:client-C82EA620EB9B->85302df8-7a7f-4077-a053-c26dc3d3d65a@group-4701ABA8D7D0, cid=3267, SUCCESS, logIndex=5415, commits[85302df8-7a7f-4077-a053-c26dc3d3d65a:c5416]
2019-06-13 22:53:58,956 INFO  client.GrpcClientProtocolClient (GrpcClientProtocolClient.java:onNext(254)) - client-C82EA620EB9B->85302df8-7a7f-4077-a053-c26dc3d3d65a: receive RaftClientReply:client-C82EA620EB9B->85302df8-7a7f-4077-a053-c26dc3d3d65a@group-4701ABA8D7D0, cid=3268, SUCCESS, logIndex=5416, commits[85302df8-7a7f-4077-a053-c26dc3d3d65a:c5416]
2019-06-13 22:53:58,963 INFO  client.GrpcClientProtocolClient (GrpcClientProtocolClient.java:onNext(254)) - client-C82EA620EB9B->85302df8-7a7f-4077-a053-c26dc3d3d65a: receive RaftClientReply:client-C82EA620EB9B->85302df8-7a7f-4077-a053-c26dc3d3d65a@group-4701ABA8D7D0, cid=3269, SUCCESS, logIndex=5418, commits[85302df8-7a7f-4077-a053-c26dc3d3d65a:c5418]
2019-06-13 22:53:58,964 INFO  client.GrpcClientProtocolClient (GrpcClientProtocolClient.java:onNext(254)) - client-C82EA620EB9B->85302df8-7a7f-4077-a053-c26dc3d3d65a: receive RaftClientReply:client-C82EA620EB9B->85302df8-7a7f-4077-a053-c26dc3d3d65a@group-4701ABA8D7D0, cid=3270, SUCCESS, logIndex=5420, commits[85302df8-7a7f-4077-a053-c26dc3d3d65a:c5420]
2019-06-13 22:53:59,002 DEBUG block.SCMBlockDeletingService (SCMBlockDeletingService.java:call(138)) - Running DeletedBlockTransactionScanner
2019-06-13 22:53:59,003 DEBUG block.SCMBlockDeletingService (SCMBlockDeletingService.java:call(155)) - Scanned deleted blocks log and got 0 delTX to process.
2019-06-13 22:53:59,060 INFO  client.GrpcClientProtocolClient (GrpcClientProtocolClient.java:onNext(254)) - client-C82EA620EB9B->85302df8-7a7f-4077-a053-c26dc3d3d65a: receive RaftClientReply:client-C82EA620EB9B->85302df8-7a7f-4077-a053-c26dc3d3d65a@group-4701ABA8D7D0, cid=3271, SUCCESS, logIndex=5422, commits[85302df8-7a7f-4077-a053-c26dc3d3d65a:c5422]
2019-06-13 22:53:59,061 INFO  client.GrpcClientProtocolClient (GrpcClientProtocolClient.java:onNext(254)) - client-C82EA620EB9B->85302df8-7a7f-4077-a053-c26dc3d3d65a: receive RaftClientReply:client-C82EA620EB9B->85302df8-7a7f-4077-a053-c26dc3d3d65a@group-4701ABA8D7D0, cid=3272, SUCCESS, logIndex=5424, commits[85302df8-7a7f-4077-a053-c26dc3d3d65a:c5424]
2019-06-13 22:53:59,072 INFO  client.GrpcClientProtocolClient (GrpcClientProtocolClient.java:onNext(254)) - client-C82EA620EB9B->85302df8-7a7f-4077-a053-c26dc3d3d65a: receive RaftClientReply:client-C82EA620EB9B->85302df8-7a7f-4077-a053-c26dc3d3d65a@group-4701ABA8D7D0, cid=3273, SUCCESS, logIndex=5426, commits[85302df8-7a7f-4077-a053-c26dc3d3d65a:c5426]
2019-06-13 22:53:59,074 INFO  client.GrpcClientProtocolClient (GrpcClientProtocolClient.java:onNext(254)) - client-C82EA620EB9B->85302df8-7a7f-4077-a053-c26dc3d3d65a: receive RaftClientReply:client-C82EA620EB9B->85302df8-7a7f-4077-a053-c26dc3d3d65a@group-4701ABA8D7D0, cid=3274, SUCCESS, logIndex=5428, commits[85302df8-7a7f-4077-a053-c26dc3d3d65a:c5428]
2019-06-13 22:53:59,075 INFO  client.GrpcClientProtocolClient (GrpcClientProtocolClient.java:onNext(254)) - client-C82EA620EB9B->85302df8-7a7f-4077-a053-c26dc3d3d65a: receive RaftClientReply:client-C82EA620EB9B->85302df8-7a7f-4077-a053-c26dc3d3d65a@group-4701ABA8D7D0, cid=3275, SUCCESS, logIndex=5429, commits[85302df8-7a7f-4077-a053-c26dc3d3d65a:c5431]
2019-06-13 22:53:59,075 INFO  client.GrpcClientProtocolClient (GrpcClientProtocolClient.java:onNext(254)) - client-C82EA620EB9B->85302df8-7a7f-4077-a053-c26dc3d3d65a: receive RaftClientReply:client-C82EA620EB9B->85302df8-7a7f-4077-a053-c26dc3d3d65a@group-4701ABA8D7D0, cid=3276, SUCCESS, logIndex=5430, commits[85302df8-7a7f-4077-a053-c26dc3d3d65a:c5431]
2019-06-13 22:53:59,084 INFO  client.GrpcClientProtocolClient (GrpcClientProtocolClient.java:onNext(254)) - client-C82EA620EB9B->85302df8-7a7f-4077-a053-c26dc3d3d65a: receive RaftClientReply:client-C82EA620EB9B->85302df8-7a7f-4077-a053-c26dc3d3d65a@group-4701ABA8D7D0, cid=3277, SUCCESS, logIndex=5432, commits[85302df8-7a7f-4077-a053-c26dc3d3d65a:c5432]
2019-06-13 22:53:59,086 INFO  client.GrpcClientProtocolClient (GrpcClientProtocolClient.java:onNext(254)) - client-C82EA620EB9B->85302df8-7a7f-4077-a053-c26dc3d3d65a: receive RaftClientReply:client-C82EA620EB9B->85302df8-7a7f-4077-a053-c26dc3d3d65a@group-4701ABA8D7D0, cid=3278, SUCCESS, logIndex=5434, commits[85302df8-7a7f-4077-a053-c26dc3d3d65a:c5436]
2019-06-13 22:53:59,086 INFO  client.GrpcClientProtocolClient (GrpcClientProtocolClient.java:onNext(254)) - client-C82EA620EB9B->85302df8-7a7f-4077-a053-c26dc3d3d65a: receive RaftClientReply:client-C82EA620EB9B->85302df8-7a7f-4077-a053-c26dc3d3d65a@group-4701ABA8D7D0, cid=3279, SUCCESS, logIndex=5435, commits[85302df8-7a7f-4077-a053-c26dc3d3d65a:c5436]
2019-06-13 22:53:59,087 INFO  client.GrpcClientProtocolClient (GrpcClientProtocolClient.java:onNext(254)) - client-C82EA620EB9B->85302df8-7a7f-4077-a053-c26dc3d3d65a: receive RaftClientReply:client-C82EA620EB9B->85302df8-7a7f-4077-a053-c26dc3d3d65a@group-4701ABA8D7D0, cid=3280, SUCCESS, logIndex=5436, commits[85302df8-7a7f-4077-a053-c26dc3d3d65a:c5437]
2019-06-13 22:53:59,098 INFO  client.GrpcClientProtocolClient (GrpcClientProtocolClient.java:onNext(254)) - client-C82EA620EB9B->85302df8-7a7f-4077-a053-c26dc3d3d65a: receive RaftClientReply:client-C82EA620EB9B->85302df8-7a7f-4077-a053-c26dc3d3d65a@group-4701ABA8D7D0, cid=3281, SUCCESS, logIndex=5438, commits[85302df8-7a7f-4077-a053-c26dc3d3d65a:c5438]
2019-06-13 22:53:59,100 INFO  client.GrpcClientProtocolClient (GrpcClientProtocolClient.java:onNext(254)) - client-C82EA620EB9B->85302df8-7a7f-4077-a053-c26dc3d3d65a: receive RaftClientReply:client-C82EA620EB9B->85302df8-7a7f-4077-a053-c26dc3d3d65a@group-4701ABA8D7D0, cid=3282, SUCCESS, logIndex=5440, commits[85302df8-7a7f-4077-a053-c26dc3d3d65a:c5440]
2019-06-13 22:53:59,101 INFO  client.GrpcClientProtocolClient (GrpcClientProtocolClient.java:onNext(254)) - client-C82EA620EB9B->85302df8-7a7f-4077-a053-c26dc3d3d65a: receive RaftClientReply:client-C82EA620EB9B->85302df8-7a7f-4077-a053-c26dc3d3d65a@group-4701ABA8D7D0, cid=3283, SUCCESS, logIndex=5441, commits[85302df8-7a7f-4077-a053-c26dc3d3d65a:c5443]
2019-06-13 22:53:59,101 INFO  client.GrpcClientProtocolClient (GrpcClientProtocolClient.java:onNext(254)) - client-C82EA620EB9B->85302df8-7a7f-4077-a053-c26dc3d3d65a: receive RaftClientReply:client-C82EA620EB9B->85302df8-7a7f-4077-a053-c26dc3d3d65a@group-4701ABA8D7D0, cid=3284, SUCCESS, logIndex=5442, commits[85302df8-7a7f-4077-a053-c26dc3d3d65a:c5443]
2019-06-13 22:53:59,103 DEBUG block.SCMBlockDeletingService (SCMBlockDeletingService.java:call(138)) - Running DeletedBlockTransactionScanner
2019-06-13 22:53:59,103 DEBUG block.SCMBlockDeletingService (SCMBlockDeletingService.java:call(155)) - Scanned deleted blocks log and got 0 delTX to process.
2019-06-13 22:53:59,107 INFO  client.GrpcClientProtocolClient (GrpcClientProtocolClient.java:onNext(254)) - client-C82EA620EB9B->85302df8-7a7f-4077-a053-c26dc3d3d65a: receive RaftClientReply:client-C82EA620EB9B->85302df8-7a7f-4077-a053-c26dc3d3d65a@group-4701ABA8D7D0, cid=3285, SUCCESS, logIndex=5444, commits[85302df8-7a7f-4077-a053-c26dc3d3d65a:c5444]
2019-06-13 22:53:59,108 INFO  client.GrpcClientProtocolClient (GrpcClientProtocolClient.java:onNext(254)) - client-C82EA620EB9B->85302df8-7a7f-4077-a053-c26dc3d3d65a: receive RaftClientReply:client-C82EA620EB9B->85302df8-7a7f-4077-a053-c26dc3d3d65a@group-4701ABA8D7D0, cid=3286, SUCCESS, logIndex=5446, commits[85302df8-7a7f-4077-a053-c26dc3d3d65a:c5446]
2019-06-13 22:53:59,111 INFO  client.GrpcClientProtocolClient (GrpcClientProtocolClient.java:onNext(254)) - client-C82EA620EB9B->85302df8-7a7f-4077-a053-c26dc3d3d65a: receive RaftClientReply:client-C82EA620EB9B->85302df8-7a7f-4077-a053-c26dc3d3d65a@group-4701ABA8D7D0, cid=3287, SUCCESS, logIndex=5448, commits[85302df8-7a7f-4077-a053-c26dc3d3d65a:c5449]
2019-06-13 22:53:59,111 INFO  client.GrpcClientProtocolClient (GrpcClientProtocolClient.java:onNext(254)) - client-C82EA620EB9B->85302df8-7a7f-4077-a053-c26dc3d3d65a: receive RaftClientReply:client-C82EA620EB9B->85302df8-7a7f-4077-a053-c26dc3d3d65a@group-4701ABA8D7D0, cid=3288, SUCCESS, logIndex=5449, commits[85302df8-7a7f-4077-a053-c26dc3d3d65a:c5449]
2019-06-13 22:53:59,122 INFO  client.GrpcClientProtocolClient (GrpcClientProtocolClient.java:onNext(254)) - client-C82EA620EB9B->85302df8-7a7f-4077-a053-c26dc3d3d65a: receive RaftClientReply:client-C82EA620EB9B->85302df8-7a7f-4077-a053-c26dc3d3d65a@group-4701ABA8D7D0, cid=3289, SUCCESS, logIndex=5451, commits[85302df8-7a7f-4077-a053-c26dc3d3d65a:c5451]
2019-06-13 22:53:59,125 INFO  client.GrpcClientProtocolClient (GrpcClientProtocolClient.java:onNext(254)) - client-C82EA620EB9B->85302df8-7a7f-4077-a053-c26dc3d3d65a: receive RaftClientReply:client-C82EA620EB9B->85302df8-7a7f-4077-a053-c26dc3d3d65a@group-4701ABA8D7D0, cid=3290, SUCCESS, logIndex=5453, commits[85302df8-7a7f-4077-a053-c26dc3d3d65a:c5453]
2019-06-13 22:53:59,125 INFO  client.GrpcClientProtocolClient (GrpcClientProtocolClient.java:onNext(254)) - client-C82EA620EB9B->85302df8-7a7f-4077-a053-c26dc3d3d65a: receive RaftClientReply:client-C82EA620EB9B->85302df8-7a7f-4077-a053-c26dc3d3d65a@group-4701ABA8D7D0, cid=3291, SUCCESS, logIndex=5454, commits[85302df8-7a7f-4077-a053-c26dc3d3d65a:c5455]
2019-06-13 22:53:59,126 INFO  client.GrpcClientProtocolClient (GrpcClientProtocolClient.java:onNext(254)) - client-C82EA620EB9B->85302df8-7a7f-4077-a053-c26dc3d3d65a: receive RaftClientReply:client-C82EA620EB9B->85302df8-7a7f-4077-a053-c26dc3d3d65a@group-4701ABA8D7D0, cid=3292, SUCCESS, logIndex=5455, commits[85302df8-7a7f-4077-a053-c26dc3d3d65a:c5456]
2019-06-13 22:53:59,131 INFO  client.GrpcClientProtocolClient (GrpcClientProtocolClient.java:onNext(254)) - client-C82EA620EB9B->85302df8-7a7f-4077-a053-c26dc3d3d65a: receive RaftClientReply:client-C82EA620EB9B->85302df8-7a7f-4077-a053-c26dc3d3d65a@group-4701ABA8D7D0, cid=3293, SUCCESS, logIndex=5458, commits[85302df8-7a7f-4077-a053-c26dc3d3d65a:c5458]
2019-06-13 22:53:59,132 INFO  client.GrpcClientProtocolClient (GrpcClientProtocolClient.java:onNext(254)) - client-C82EA620EB9B->85302df8-7a7f-4077-a053-c26dc3d3d65a: receive RaftClientReply:client-C82EA620EB9B->85302df8-7a7f-4077-a053-c26dc3d3d65a@group-4701ABA8D7D0, cid=3294, SUCCESS, logIndex=5460, commits[85302df8-7a7f-4077-a053-c26dc3d3d65a:c5460]
2019-06-13 22:53:59,133 INFO  client.GrpcClientProtocolClient (GrpcClientProtocolClient.java:onNext(254)) - client-C82EA620EB9B->85302df8-7a7f-4077-a053-c26dc3d3d65a: receive RaftClientReply:client-C82EA620EB9B->85302df8-7a7f-4077-a053-c26dc3d3d65a@group-4701ABA8D7D0, cid=3295, SUCCESS, logIndex=5461, commits[85302df8-7a7f-4077-a053-c26dc3d3d65a:c5463]
2019-06-13 22:53:59,133 INFO  client.GrpcClientProtocolClient (GrpcClientProtocolClient.java:onNext(254)) - client-C82EA620EB9B->85302df8-7a7f-4077-a053-c26dc3d3d65a: receive RaftClientReply:client-C82EA620EB9B->85302df8-7a7f-4077-a053-c26dc3d3d65a@group-4701ABA8D7D0, cid=3296, SUCCESS, logIndex=5462, commits[85302df8-7a7f-4077-a053-c26dc3d3d65a:c5463]
2019-06-13 22:53:59,145 INFO  client.GrpcClientProtocolClient (GrpcClientProtocolClient.java:onNext(254)) - client-C82EA620EB9B->85302df8-7a7f-4077-a053-c26dc3d3d65a: receive RaftClientReply:client-C82EA620EB9B->85302df8-7a7f-4077-a053-c26dc3d3d65a@group-4701ABA8D7D0, cid=3297, SUCCESS, logIndex=5464, commits[85302df8-7a7f-4077-a053-c26dc3d3d65a:c5464]
2019-06-13 22:53:59,147 INFO  client.GrpcClientProtocolClient (GrpcClientProtocolClient.java:onNext(254)) - client-C82EA620EB9B->85302df8-7a7f-4077-a053-c26dc3d3d65a: receive RaftClientReply:client-C82EA620EB9B->85302df8-7a7f-4077-a053-c26dc3d3d65a@group-4701ABA8D7D0, cid=3298, SUCCESS, logIndex=5466, commits[85302df8-7a7f-4077-a053-c26dc3d3d65a:c5466]
2019-06-13 22:53:59,148 INFO  client.GrpcClientProtocolClient (GrpcClientProtocolClient.java:onNext(254)) - client-C82EA620EB9B->85302df8-7a7f-4077-a053-c26dc3d3d65a: receive RaftClientReply:client-C82EA620EB9B->85302df8-7a7f-4077-a053-c26dc3d3d65a@group-4701ABA8D7D0, cid=3299, SUCCESS, logIndex=5467, commits[85302df8-7a7f-4077-a053-c26dc3d3d65a:c5467]
2019-06-13 22:53:59,148 INFO  client.GrpcClientProtocolClient (GrpcClientProtocolClient.java:onNext(254)) - client-C82EA620EB9B->85302df8-7a7f-4077-a053-c26dc3d3d65a: receive RaftClientReply:client-C82EA620EB9B->85302df8-7a7f-4077-a053-c26dc3d3d65a@group-4701ABA8D7D0, cid=3300, SUCCESS, logIndex=5469, commits[85302df8-7a7f-4077-a053-c26dc3d3d65a:c5469]
2019-06-13 22:53:59,155 INFO  client.GrpcClientProtocolClient (GrpcClientProtocolClient.java:onNext(254)) - client-C82EA620EB9B->85302df8-7a7f-4077-a053-c26dc3d3d65a: receive RaftClientReply:client-C82EA620EB9B->85302df8-7a7f-4077-a053-c26dc3d3d65a@group-4701ABA8D7D0, cid=3301, SUCCESS, logIndex=5472, commits[85302df8-7a7f-4077-a053-c26dc3d3d65a:c5472]
2019-06-13 22:53:59,157 INFO  client.GrpcClientProtocolClient (GrpcClientProtocolClient.java:onNext(254)) - client-C82EA620EB9B->85302df8-7a7f-4077-a053-c26dc3d3d65a: receive RaftClientReply:client-C82EA620EB9B->85302df8-7a7f-4077-a053-c26dc3d3d65a@group-4701ABA8D7D0, cid=3302, SUCCESS, logIndex=5474, commits[85302df8-7a7f-4077-a053-c26dc3d3d65a:c5474]
2019-06-13 22:53:59,157 INFO  client.GrpcClientProtocolClient (GrpcClientProtocolClient.java:onNext(254)) - client-C82EA620EB9B->85302df8-7a7f-4077-a053-c26dc3d3d65a: receive RaftClientReply:client-C82EA620EB9B->85302df8-7a7f-4077-a053-c26dc3d3d65a@group-4701ABA8D7D0, cid=3303, SUCCESS, logIndex=5475, commits[85302df8-7a7f-4077-a053-c26dc3d3d65a:c5476]
2019-06-13 22:53:59,158 INFO  client.GrpcClientProtocolClient (GrpcClientProtocolClient.java:onNext(254)) - client-C82EA620EB9B->85302df8-7a7f-4077-a053-c26dc3d3d65a: receive RaftClientReply:client-C82EA620EB9B->85302df8-7a7f-4077-a053-c26dc3d3d65a@group-4701ABA8D7D0, cid=3304, SUCCESS, logIndex=5476, commits[85302df8-7a7f-4077-a053-c26dc3d3d65a:c5476]
2019-06-13 22:53:59,170 INFO  client.GrpcClientProtocolClient (GrpcClientProtocolClient.java:onNext(254)) - client-C82EA620EB9B->85302df8-7a7f-4077-a053-c26dc3d3d65a: receive RaftClientReply:client-C82EA620EB9B->85302df8-7a7f-4077-a053-c26dc3d3d65a@group-4701ABA8D7D0, cid=3305, SUCCESS, logIndex=5479, commits[85302df8-7a7f-4077-a053-c26dc3d3d65a:c5479]
2019-06-13 22:53:59,171 INFO  client.GrpcClientProtocolClient (GrpcClientProtocolClient.java:onNext(254)) - client-C82EA620EB9B->85302df8-7a7f-4077-a053-c26dc3d3d65a: receive RaftClientReply:client-C82EA620EB9B->85302df8-7a7f-4077-a053-c26dc3d3d65a@group-4701ABA8D7D0, cid=3306, SUCCESS, logIndex=5481, commits[85302df8-7a7f-4077-a053-c26dc3d3d65a:c5481]
2019-06-13 22:53:59,176 INFO  client.GrpcClientProtocolClient (GrpcClientProtocolClient.java:onNext(254)) - client-C82EA620EB9B->85302df8-7a7f-4077-a053-c26dc3d3d65a: receive RaftClientReply:client-C82EA620EB9B->85302df8-7a7f-4077-a053-c26dc3d3d65a@group-4701ABA8D7D0, cid=3307, SUCCESS, logIndex=5482, commits[85302df8-7a7f-4077-a053-c26dc3d3d65a:c5484]
2019-06-13 22:53:59,176 INFO  client.GrpcClientProtocolClient (GrpcClientProtocolClient.java:onNext(254)) - client-C82EA620EB9B->85302df8-7a7f-4077-a053-c26dc3d3d65a: receive RaftClientReply:client-C82EA620EB9B->85302df8-7a7f-4077-a053-c26dc3d3d65a@group-4701ABA8D7D0, cid=3308, SUCCESS, logIndex=5483, commits[85302df8-7a7f-4077-a053-c26dc3d3d65a:c5484]
2019-06-13 22:53:59,182 INFO  storage.RaftLogWorker (RaftLogWorker.java:rollLogSegment(303)) - 85302df8-7a7f-4077-a053-c26dc3d3d65a-RaftLogWorker: Rolling segment log-5415_5486 to index:5486
2019-06-13 22:53:59,182 INFO  storage.RaftLogWorker (RaftLogWorker.java:execute(433)) - 85302df8-7a7f-4077-a053-c26dc3d3d65a-RaftLogWorker: Rolled log segment from /opt/src/hadoop-ozone/integration-test/target/test-dir/MiniOzoneClusterImpl-550f9ca0-a6d9-4a4a-902f-f07ac81eac7b/datanode-0/data/ratis/5ad10fc2-5a33-4bdd-8958-4701aba8d7d0/current/log_inprogress_5415 to /opt/src/hadoop-ozone/integration-test/target/test-dir/MiniOzoneClusterImpl-550f9ca0-a6d9-4a4a-902f-f07ac81eac7b/datanode-0/data/ratis/5ad10fc2-5a33-4bdd-8958-4701aba8d7d0/current/log_5415-5486
2019-06-13 22:53:59,184 INFO  client.GrpcClientProtocolClient (GrpcClientProtocolClient.java:onNext(254)) - client-C82EA620EB9B->85302df8-7a7f-4077-a053-c26dc3d3d65a: receive RaftClientReply:client-C82EA620EB9B->85302df8-7a7f-4077-a053-c26dc3d3d65a@group-4701ABA8D7D0, cid=3309, SUCCESS, logIndex=5485, commits[85302df8-7a7f-4077-a053-c26dc3d3d65a:c5485]
2019-06-13 22:53:59,203 DEBUG block.SCMBlockDeletingService (SCMBlockDeletingService.java:call(138)) - Running DeletedBlockTransactionScanner
2019-06-13 22:53:59,204 DEBUG block.SCMBlockDeletingService (SCMBlockDeletingService.java:call(155)) - Scanned deleted blocks log and got 0 delTX to process.
2019-06-13 22:53:59,222 INFO  storage.RaftLogWorker (RaftLogWorker.java:execute(469)) - 85302df8-7a7f-4077-a053-c26dc3d3d65a-RaftLogWorker: created new log segment /opt/src/hadoop-ozone/integration-test/target/test-dir/MiniOzoneClusterImpl-550f9ca0-a6d9-4a4a-902f-f07ac81eac7b/datanode-0/data/ratis/5ad10fc2-5a33-4bdd-8958-4701aba8d7d0/current/log_inprogress_5487
2019-06-13 22:53:59,223 INFO  client.GrpcClientProtocolClient (GrpcClientProtocolClient.java:onNext(254)) - client-C82EA620EB9B->85302df8-7a7f-4077-a053-c26dc3d3d65a: receive RaftClientReply:client-C82EA620EB9B->85302df8-7a7f-4077-a053-c26dc3d3d65a@group-4701ABA8D7D0, cid=3310, SUCCESS, logIndex=5487, commits[85302df8-7a7f-4077-a053-c26dc3d3d65a:c5489]
2019-06-13 22:53:59,224 INFO  client.GrpcClientProtocolClient (GrpcClientProtocolClient.java:onNext(254)) - client-C82EA620EB9B->85302df8-7a7f-4077-a053-c26dc3d3d65a: receive RaftClientReply:client-C82EA620EB9B->85302df8-7a7f-4077-a053-c26dc3d3d65a@group-4701ABA8D7D0, cid=3311, SUCCESS, logIndex=5488, commits[85302df8-7a7f-4077-a053-c26dc3d3d65a:c5490]
2019-06-13 22:53:59,224 INFO  client.GrpcClientProtocolClient (GrpcClientProtocolClient.java:onNext(254)) - client-C82EA620EB9B->85302df8-7a7f-4077-a053-c26dc3d3d65a: receive RaftClientReply:client-C82EA620EB9B->85302df8-7a7f-4077-a053-c26dc3d3d65a@group-4701ABA8D7D0, cid=3312, SUCCESS, logIndex=5489, commits[85302df8-7a7f-4077-a053-c26dc3d3d65a:c5490]
2019-06-13 22:53:59,276 INFO  client.GrpcClientProtocolClient (GrpcClientProtocolClient.java:onNext(254)) - client-C82EA620EB9B->85302df8-7a7f-4077-a053-c26dc3d3d65a: receive RaftClientReply:client-C82EA620EB9B->85302df8-7a7f-4077-a053-c26dc3d3d65a@group-4701ABA8D7D0, cid=3313, SUCCESS, logIndex=5491, commits[85302df8-7a7f-4077-a053-c26dc3d3d65a:c5491]
2019-06-13 22:53:59,277 INFO  client.GrpcClientProtocolClient (GrpcClientProtocolClient.java:onNext(254)) - client-C82EA620EB9B->85302df8-7a7f-4077-a053-c26dc3d3d65a: receive RaftClientReply:client-C82EA620EB9B->85302df8-7a7f-4077-a053-c26dc3d3d65a@group-4701ABA8D7D0, cid=3314, SUCCESS, logIndex=5493, commits[85302df8-7a7f-4077-a053-c26dc3d3d65a:c5493]
2019-06-13 22:53:59,304 DEBUG block.SCMBlockDeletingService (SCMBlockDeletingService.java:call(138)) - Running DeletedBlockTransactionScanner
2019-06-13 22:53:59,304 DEBUG block.SCMBlockDeletingService (SCMBlockDeletingService.java:call(155)) - Scanned deleted blocks log and got 0 delTX to process.
2019-06-13 22:53:59,347 INFO  client.GrpcClientProtocolClient (GrpcClientProtocolClient.java:onNext(254)) - client-C82EA620EB9B->85302df8-7a7f-4077-a053-c26dc3d3d65a: receive RaftClientReply:client-C82EA620EB9B->85302df8-7a7f-4077-a053-c26dc3d3d65a@group-4701ABA8D7D0, cid=3315, SUCCESS, logIndex=5495, commits[85302df8-7a7f-4077-a053-c26dc3d3d65a:c5495]
2019-06-13 22:53:59,349 INFO  client.GrpcClientProtocolClient (GrpcClientProtocolClient.java:onNext(254)) - client-C82EA620EB9B->85302df8-7a7f-4077-a053-c26dc3d3d65a: receive RaftClientReply:client-C82EA620EB9B->85302df8-7a7f-4077-a053-c26dc3d3d65a@group-4701ABA8D7D0, cid=3316, SUCCESS, logIndex=5497, commits[85302df8-7a7f-4077-a053-c26dc3d3d65a:c5497]
2019-06-13 22:53:59,354 INFO  client.GrpcClientProtocolClient (GrpcClientProtocolClient.java:onNext(254)) - client-C82EA620EB9B->85302df8-7a7f-4077-a053-c26dc3d3d65a: receive RaftClientReply:client-C82EA620EB9B->85302df8-7a7f-4077-a053-c26dc3d3d65a@group-4701ABA8D7D0, cid=3317, SUCCESS, logIndex=5499, commits[85302df8-7a7f-4077-a053-c26dc3d3d65a:c5499]
2019-06-13 22:53:59,356 INFO  client.GrpcClientProtocolClient (GrpcClientProtocolClient.java:onNext(254)) - client-C82EA620EB9B->85302df8-7a7f-4077-a053-c26dc3d3d65a: receive RaftClientReply:client-C82EA620EB9B->85302df8-7a7f-4077-a053-c26dc3d3d65a@group-4701ABA8D7D0, cid=3318, SUCCESS, logIndex=5501, commits[85302df8-7a7f-4077-a053-c26dc3d3d65a:c5501]
2019-06-13 22:53:59,357 INFO  client.GrpcClientProtocolClient (GrpcClientProtocolClient.java:onNext(254)) - client-C82EA620EB9B->85302df8-7a7f-4077-a053-c26dc3d3d65a: receive RaftClientReply:client-C82EA620EB9B->85302df8-7a7f-4077-a053-c26dc3d3d65a@group-4701ABA8D7D0, cid=3319, SUCCESS, logIndex=5502, commits[85302df8-7a7f-4077-a053-c26dc3d3d65a:c5504]
2019-06-13 22:53:59,357 INFO  client.GrpcClientProtocolClient (GrpcClientProtocolClient.java:onNext(254)) - client-C82EA620EB9B->85302df8-7a7f-4077-a053-c26dc3d3d65a: receive RaftClientReply:client-C82EA620EB9B->85302df8-7a7f-4077-a053-c26dc3d3d65a@group-4701ABA8D7D0, cid=3320, SUCCESS, logIndex=5503, commits[85302df8-7a7f-4077-a053-c26dc3d3d65a:c5504]
2019-06-13 22:53:59,369 INFO  client.GrpcClientProtocolClient (GrpcClientProtocolClient.java:onNext(254)) - client-C82EA620EB9B->85302df8-7a7f-4077-a053-c26dc3d3d65a: receive RaftClientReply:client-C82EA620EB9B->85302df8-7a7f-4077-a053-c26dc3d3d65a@group-4701ABA8D7D0, cid=3321, SUCCESS, logIndex=5505, commits[85302df8-7a7f-4077-a053-c26dc3d3d65a:c5505]
2019-06-13 22:53:59,372 INFO  client.GrpcClientProtocolClient (GrpcClientProtocolClient.java:onNext(254)) - client-C82EA620EB9B->85302df8-7a7f-4077-a053-c26dc3d3d65a: receive RaftClientReply:client-C82EA620EB9B->85302df8-7a7f-4077-a053-c26dc3d3d65a@group-4701ABA8D7D0, cid=3322, SUCCESS, logIndex=5507, commits[85302df8-7a7f-4077-a053-c26dc3d3d65a:c5509]
2019-06-13 22:53:59,372 INFO  client.GrpcClientProtocolClient (GrpcClientProtocolClient.java:onNext(254)) - client-C82EA620EB9B->85302df8-7a7f-4077-a053-c26dc3d3d65a: receive RaftClientReply:client-C82EA620EB9B->85302df8-7a7f-4077-a053-c26dc3d3d65a@group-4701ABA8D7D0, cid=3323, SUCCESS, logIndex=5508, commits[85302df8-7a7f-4077-a053-c26dc3d3d65a:c5509]
2019-06-13 22:53:59,373 INFO  client.GrpcClientProtocolClient (GrpcClientProtocolClient.java:onNext(254)) - client-C82EA620EB9B->85302df8-7a7f-4077-a053-c26dc3d3d65a: receive RaftClientReply:client-C82EA620EB9B->85302df8-7a7f-4077-a053-c26dc3d3d65a@group-4701ABA8D7D0, cid=3324, SUCCESS, logIndex=5509, commits[85302df8-7a7f-4077-a053-c26dc3d3d65a:c5509]
2019-06-13 22:53:59,379 INFO  client.GrpcClientProtocolClient (GrpcClientProtocolClient.java:onNext(254)) - client-C82EA620EB9B->85302df8-7a7f-4077-a053-c26dc3d3d65a: receive RaftClientReply:client-C82EA620EB9B->85302df8-7a7f-4077-a053-c26dc3d3d65a@group-4701ABA8D7D0, cid=3325, SUCCESS, logIndex=5511, commits[85302df8-7a7f-4077-a053-c26dc3d3d65a:c5511]
2019-06-13 22:53:59,380 INFO  client.GrpcClientProtocolClient (GrpcClientProtocolClient.java:onNext(254)) - client-C82EA620EB9B->85302df8-7a7f-4077-a053-c26dc3d3d65a: receive RaftClientReply:client-C82EA620EB9B->85302df8-7a7f-4077-a053-c26dc3d3d65a@group-4701ABA8D7D0, cid=3326, SUCCESS, logIndex=5513, commits[85302df8-7a7f-4077-a053-c26dc3d3d65a:c5513]
2019-06-13 22:53:59,381 INFO  client.GrpcClientProtocolClient (GrpcClientProtocolClient.java:onNext(254)) - client-C82EA620EB9B->85302df8-7a7f-4077-a053-c26dc3d3d65a: receive RaftClientReply:client-C82EA620EB9B->85302df8-7a7f-4077-a053-c26dc3d3d65a@group-4701ABA8D7D0, cid=3327, SUCCESS, logIndex=5514, commits[85302df8-7a7f-4077-a053-c26dc3d3d65a:c5516]
2019-06-13 22:53:59,382 INFO  client.GrpcClientProtocolClient (GrpcClientProtocolClient.java:onNext(254)) - client-C82EA620EB9B->85302df8-7a7f-4077-a053-c26dc3d3d65a: receive RaftClientReply:client-C82EA620EB9B->85302df8-7a7f-4077-a053-c26dc3d3d65a@group-4701ABA8D7D0, cid=3328, SUCCESS, logIndex=5515, commits[85302df8-7a7f-4077-a053-c26dc3d3d65a:c5516]
2019-06-13 22:53:59,392 INFO  client.GrpcClientProtocolClient (GrpcClientProtocolClient.java:onNext(254)) - client-C82EA620EB9B->85302df8-7a7f-4077-a053-c26dc3d3d65a: receive RaftClientReply:client-C82EA620EB9B->85302df8-7a7f-4077-a053-c26dc3d3d65a@group-4701ABA8D7D0, cid=3329, SUCCESS, logIndex=5517, commits[85302df8-7a7f-4077-a053-c26dc3d3d65a:c5517]
2019-06-13 22:53:59,394 INFO  client.GrpcClientProtocolClient (GrpcClientProtocolClient.java:onNext(254)) - client-C82EA620EB9B->85302df8-7a7f-4077-a053-c26dc3d3d65a: receive RaftClientReply:client-C82EA620EB9B->85302df8-7a7f-4077-a053-c26dc3d3d65a@group-4701ABA8D7D0, cid=3330, SUCCESS, logIndex=5519, commits[85302df8-7a7f-4077-a053-c26dc3d3d65a:c5519]
2019-06-13 22:53:59,396 INFO  client.GrpcClientProtocolClient (GrpcClientProtocolClient.java:onNext(254)) - client-C82EA620EB9B->85302df8-7a7f-4077-a053-c26dc3d3d65a: receive RaftClientReply:client-C82EA620EB9B->85302df8-7a7f-4077-a053-c26dc3d3d65a@group-4701ABA8D7D0, cid=3331, SUCCESS, logIndex=5521, commits[85302df8-7a7f-4077-a053-c26dc3d3d65a:c5521]
2019-06-13 22:53:59,396 INFO  client.GrpcClientProtocolClient (GrpcClientProtocolClient.java:onNext(254)) - client-C82EA620EB9B->85302df8-7a7f-4077-a053-c26dc3d3d65a: receive RaftClientReply:client-C82EA620EB9B->85302df8-7a7f-4077-a053-c26dc3d3d65a@group-4701ABA8D7D0, cid=3332, SUCCESS, logIndex=5522, commits[85302df8-7a7f-4077-a053-c26dc3d3d65a:c5522]
2019-06-13 22:53:59,402 INFO  client.GrpcClientProtocolClient (GrpcClientProtocolClient.java:onNext(254)) - client-C82EA620EB9B->85302df8-7a7f-4077-a053-c26dc3d3d65a: receive RaftClientReply:client-C82EA620EB9B->85302df8-7a7f-4077-a053-c26dc3d3d65a@group-4701ABA8D7D0, cid=3333, SUCCESS, logIndex=5525, commits[85302df8-7a7f-4077-a053-c26dc3d3d65a:c5525]
2019-06-13 22:53:59,404 INFO  client.GrpcClientProtocolClient (GrpcClientProtocolClient.java:onNext(254)) - client-C82EA620EB9B->85302df8-7a7f-4077-a053-c26dc3d3d65a: receive RaftClientReply:client-C82EA620EB9B->85302df8-7a7f-4077-a053-c26dc3d3d65a@group-4701ABA8D7D0, cid=3334, SUCCESS, logIndex=5527, commits[85302df8-7a7f-4077-a053-c26dc3d3d65a:c5527]
2019-06-13 22:53:59,405 DEBUG block.SCMBlockDeletingService (SCMBlockDeletingService.java:call(138)) - Running DeletedBlockTransactionScanner
2019-06-13 22:53:59,405 DEBUG block.SCMBlockDeletingService (SCMBlockDeletingService.java:call(155)) - Scanned deleted blocks log and got 0 delTX to process.
2019-06-13 22:53:59,406 INFO  client.GrpcClientProtocolClient (GrpcClientProtocolClient.java:onNext(254)) - client-C82EA620EB9B->85302df8-7a7f-4077-a053-c26dc3d3d65a: receive RaftClientReply:client-C82EA620EB9B->85302df8-7a7f-4077-a053-c26dc3d3d65a@group-4701ABA8D7D0, cid=3335, SUCCESS, logIndex=5529, commits[85302df8-7a7f-4077-a053-c26dc3d3d65a:c5530]
2019-06-13 22:53:59,406 INFO  client.GrpcClientProtocolClient (GrpcClientProtocolClient.java:onNext(254)) - client-C82EA620EB9B->85302df8-7a7f-4077-a053-c26dc3d3d65a: receive RaftClientReply:client-C82EA620EB9B->85302df8-7a7f-4077-a053-c26dc3d3d65a@group-4701ABA8D7D0, cid=3336, SUCCESS, logIndex=5530, commits[85302df8-7a7f-4077-a053-c26dc3d3d65a:c5530]
2019-06-13 22:53:59,417 INFO  client.GrpcClientProtocolClient (GrpcClientProtocolClient.java:onNext(254)) - client-C82EA620EB9B->85302df8-7a7f-4077-a053-c26dc3d3d65a: receive RaftClientReply:client-C82EA620EB9B->85302df8-7a7f-4077-a053-c26dc3d3d65a@group-4701ABA8D7D0, cid=3337, SUCCESS, logIndex=5532, commits[85302df8-7a7f-4077-a053-c26dc3d3d65a:c5532]
2019-06-13 22:53:59,418 INFO  client.GrpcClientProtocolClient (GrpcClientProtocolClient.java:onNext(254)) - client-C82EA620EB9B->85302df8-7a7f-4077-a053-c26dc3d3d65a: receive RaftClientReply:client-C82EA620EB9B->85302df8-7a7f-4077-a053-c26dc3d3d65a@group-4701ABA8D7D0, cid=3338, SUCCESS, logIndex=5534, commits[85302df8-7a7f-4077-a053-c26dc3d3d65a:c5534]
2019-06-13 22:53:59,420 INFO  client.GrpcClientProtocolClient (GrpcClientProtocolClient.java:onNext(254)) - client-C82EA620EB9B->85302df8-7a7f-4077-a053-c26dc3d3d65a: receive RaftClientReply:client-C82EA620EB9B->85302df8-7a7f-4077-a053-c26dc3d3d65a@group-4701ABA8D7D0, cid=3339, SUCCESS, logIndex=5535, commits[85302df8-7a7f-4077-a053-c26dc3d3d65a:c5537]
2019-06-13 22:53:59,421 INFO  client.GrpcClientProtocolClient (GrpcClientProtocolClient.java:onNext(254)) - client-C82EA620EB9B->85302df8-7a7f-4077-a053-c26dc3d3d65a: receive RaftClientReply:client-C82EA620EB9B->85302df8-7a7f-4077-a053-c26dc3d3d65a@group-4701ABA8D7D0, cid=3340, SUCCESS, logIndex=5536, commits[85302df8-7a7f-4077-a053-c26dc3d3d65a:c5537]
2019-06-13 22:53:59,427 INFO  client.GrpcClientProtocolClient (GrpcClientProtocolClient.java:onNext(254)) - client-C82EA620EB9B->85302df8-7a7f-4077-a053-c26dc3d3d65a: receive RaftClientReply:client-C82EA620EB9B->85302df8-7a7f-4077-a053-c26dc3d3d65a@group-4701ABA8D7D0, cid=3341, SUCCESS, logIndex=5538, commits[85302df8-7a7f-4077-a053-c26dc3d3d65a:c5538]
2019-06-13 22:53:59,428 INFO  client.GrpcClientProtocolClient (GrpcClientProtocolClient.java:onNext(254)) - client-C82EA620EB9B->85302df8-7a7f-4077-a053-c26dc3d3d65a: receive RaftClientReply:client-C82EA620EB9B->85302df8-7a7f-4077-a053-c26dc3d3d65a@group-4701ABA8D7D0, cid=3342, SUCCESS, logIndex=5540, commits[85302df8-7a7f-4077-a053-c26dc3d3d65a:c5540]
2019-06-13 22:53:59,430 INFO  client.GrpcClientProtocolClient (GrpcClientProtocolClient.java:onNext(254)) - client-C82EA620EB9B->85302df8-7a7f-4077-a053-c26dc3d3d65a: receive RaftClientReply:client-C82EA620EB9B->85302df8-7a7f-4077-a053-c26dc3d3d65a@group-4701ABA8D7D0, cid=3343, SUCCESS, logIndex=5542, commits[85302df8-7a7f-4077-a053-c26dc3d3d65a:c5543]
2019-06-13 22:53:59,431 INFO  client.GrpcClientProtocolClient (GrpcClientProtocolClient.java:onNext(254)) - client-C82EA620EB9B->85302df8-7a7f-4077-a053-c26dc3d3d65a: receive RaftClientReply:client-C82EA620EB9B->85302df8-7a7f-4077-a053-c26dc3d3d65a@group-4701ABA8D7D0, cid=3344, SUCCESS, logIndex=5543, commits[85302df8-7a7f-4077-a053-c26dc3d3d65a:c5543]
2019-06-13 22:53:59,442 INFO  client.GrpcClientProtocolClient (GrpcClientProtocolClient.java:onNext(254)) - client-C82EA620EB9B->85302df8-7a7f-4077-a053-c26dc3d3d65a: receive RaftClientReply:client-C82EA620EB9B->85302df8-7a7f-4077-a053-c26dc3d3d65a@group-4701ABA8D7D0, cid=3345, SUCCESS, logIndex=5545, commits[85302df8-7a7f-4077-a053-c26dc3d3d65a:c5545]
2019-06-13 22:53:59,444 INFO  client.GrpcClientProtocolClient (GrpcClientProtocolClient.java:onNext(254)) - client-C82EA620EB9B->85302df8-7a7f-4077-a053-c26dc3d3d65a: receive RaftClientReply:client-C82EA620EB9B->85302df8-7a7f-4077-a053-c26dc3d3d65a@group-4701ABA8D7D0, cid=3346, SUCCESS, logIndex=5547, commits[85302df8-7a7f-4077-a053-c26dc3d3d65a:c5547]
2019-06-13 22:53:59,444 INFO  client.GrpcClientProtocolClient (GrpcClientProtocolClient.java:onNext(254)) - client-C82EA620EB9B->85302df8-7a7f-4077-a053-c26dc3d3d65a: receive RaftClientReply:client-C82EA620EB9B->85302df8-7a7f-4077-a053-c26dc3d3d65a@group-4701ABA8D7D0, cid=3347, SUCCESS, logIndex=5548, commits[85302df8-7a7f-4077-a053-c26dc3d3d65a:c5549]
2019-06-13 22:53:59,445 INFO  client.GrpcClientProtocolClient (GrpcClientProtocolClient.java:onNext(254)) - client-C82EA620EB9B->85302df8-7a7f-4077-a053-c26dc3d3d65a: receive RaftClientReply:client-C82EA620EB9B->85302df8-7a7f-4077-a053-c26dc3d3d65a@group-4701ABA8D7D0, cid=3348, SUCCESS, logIndex=5549, commits[85302df8-7a7f-4077-a053-c26dc3d3d65a:c5549]
2019-06-13 22:53:59,450 INFO  client.GrpcClientProtocolClient (GrpcClientProtocolClient.java:onNext(254)) - client-C82EA620EB9B->85302df8-7a7f-4077-a053-c26dc3d3d65a: receive RaftClientReply:client-C82EA620EB9B->85302df8-7a7f-4077-a053-c26dc3d3d65a@group-4701ABA8D7D0, cid=3349, SUCCESS, logIndex=5552, commits[85302df8-7a7f-4077-a053-c26dc3d3d65a:c5552]
2019-06-13 22:53:59,451 INFO  client.GrpcClientProtocolClient (GrpcClientProtocolClient.java:onNext(254)) - client-C82EA620EB9B->85302df8-7a7f-4077-a053-c26dc3d3d65a: receive RaftClientReply:client-C82EA620EB9B->85302df8-7a7f-4077-a053-c26dc3d3d65a@group-4701ABA8D7D0, cid=3350, SUCCESS, logIndex=5554, commits[85302df8-7a7f-4077-a053-c26dc3d3d65a:c5554]
2019-06-13 22:53:59,452 INFO  storage.RaftLogWorker (RaftLogWorker.java:rollLogSegment(303)) - 85302df8-7a7f-4077-a053-c26dc3d3d65a-RaftLogWorker: Rolling segment log-5487_5556 to index:5556
2019-06-13 22:53:59,453 INFO  storage.RaftLogWorker (RaftLogWorker.java:execute(433)) - 85302df8-7a7f-4077-a053-c26dc3d3d65a-RaftLogWorker: Rolled log segment from /opt/src/hadoop-ozone/integration-test/target/test-dir/MiniOzoneClusterImpl-550f9ca0-a6d9-4a4a-902f-f07ac81eac7b/datanode-0/data/ratis/5ad10fc2-5a33-4bdd-8958-4701aba8d7d0/current/log_inprogress_5487 to /opt/src/hadoop-ozone/integration-test/target/test-dir/MiniOzoneClusterImpl-550f9ca0-a6d9-4a4a-902f-f07ac81eac7b/datanode-0/data/ratis/5ad10fc2-5a33-4bdd-8958-4701aba8d7d0/current/log_5487-5556
2019-06-13 22:53:59,454 INFO  client.GrpcClientProtocolClient (GrpcClientProtocolClient.java:onNext(254)) - client-C82EA620EB9B->85302df8-7a7f-4077-a053-c26dc3d3d65a: receive RaftClientReply:client-C82EA620EB9B->85302df8-7a7f-4077-a053-c26dc3d3d65a@group-4701ABA8D7D0, cid=3351, SUCCESS, logIndex=5556, commits[85302df8-7a7f-4077-a053-c26dc3d3d65a:c5556]
2019-06-13 22:53:59,489 INFO  storage.RaftLogWorker (RaftLogWorker.java:execute(469)) - 85302df8-7a7f-4077-a053-c26dc3d3d65a-RaftLogWorker: created new log segment /opt/src/hadoop-ozone/integration-test/target/test-dir/MiniOzoneClusterImpl-550f9ca0-a6d9-4a4a-902f-f07ac81eac7b/datanode-0/data/ratis/5ad10fc2-5a33-4bdd-8958-4701aba8d7d0/current/log_inprogress_5557
2019-06-13 22:53:59,491 INFO  client.GrpcClientProtocolClient (GrpcClientProtocolClient.java:onNext(254)) - client-C82EA620EB9B->85302df8-7a7f-4077-a053-c26dc3d3d65a: receive RaftClientReply:client-C82EA620EB9B->85302df8-7a7f-4077-a053-c26dc3d3d65a@group-4701ABA8D7D0, cid=3352, SUCCESS, logIndex=5557, commits[85302df8-7a7f-4077-a053-c26dc3d3d65a:c5558]
2019-06-13 22:53:59,503 INFO  client.GrpcClientProtocolClient (GrpcClientProtocolClient.java:onNext(254)) - client-C82EA620EB9B->85302df8-7a7f-4077-a053-c26dc3d3d65a: receive RaftClientReply:client-C82EA620EB9B->85302df8-7a7f-4077-a053-c26dc3d3d65a@group-4701ABA8D7D0, cid=3353, SUCCESS, logIndex=5559, commits[85302df8-7a7f-4077-a053-c26dc3d3d65a:c5559]
2019-06-13 22:53:59,505 INFO  client.GrpcClientProtocolClient (GrpcClientProtocolClient.java:onNext(254)) - client-C82EA620EB9B->85302df8-7a7f-4077-a053-c26dc3d3d65a: receive RaftClientReply:client-C82EA620EB9B->85302df8-7a7f-4077-a053-c26dc3d3d65a@group-4701ABA8D7D0, cid=3354, SUCCESS, logIndex=5561, commits[85302df8-7a7f-4077-a053-c26dc3d3d65a:c5561]
2019-06-13 22:53:59,505 INFO  client.GrpcClientProtocolClient (GrpcClientProtocolClient.java:onNext(254)) - client-C82EA620EB9B->85302df8-7a7f-4077-a053-c26dc3d3d65a: receive RaftClientReply:client-C82EA620EB9B->85302df8-7a7f-4077-a053-c26dc3d3d65a@group-4701ABA8D7D0, cid=3355, SUCCESS, logIndex=5562, commits[85302df8-7a7f-4077-a053-c26dc3d3d65a:c5563]
2019-06-13 22:53:59,506 DEBUG block.SCMBlockDeletingService (SCMBlockDeletingService.java:call(138)) - Running DeletedBlockTransactionScanner
2019-06-13 22:53:59,506 INFO  client.GrpcClientProtocolClient (GrpcClientProtocolClient.java:onNext(254)) - client-C82EA620EB9B->85302df8-7a7f-4077-a053-c26dc3d3d65a: receive RaftClientReply:client-C82EA620EB9B->85302df8-7a7f-4077-a053-c26dc3d3d65a@group-4701ABA8D7D0, cid=3356, SUCCESS, logIndex=5563, commits[85302df8-7a7f-4077-a053-c26dc3d3d65a:c5563]
2019-06-13 22:53:59,506 DEBUG block.SCMBlockDeletingService (SCMBlockDeletingService.java:call(155)) - Scanned deleted blocks log and got 0 delTX to process.
2019-06-13 22:53:59,512 INFO  client.GrpcClientProtocolClient (GrpcClientProtocolClient.java:onNext(254)) - client-C82EA620EB9B->85302df8-7a7f-4077-a053-c26dc3d3d65a: receive RaftClientReply:client-C82EA620EB9B->85302df8-7a7f-4077-a053-c26dc3d3d65a@group-4701ABA8D7D0, cid=3357, SUCCESS, logIndex=5566, commits[85302df8-7a7f-4077-a053-c26dc3d3d65a:c5566]
2019-06-13 22:53:59,513 INFO  client.GrpcClientProtocolClient (GrpcClientProtocolClient.java:onNext(254)) - client-C82EA620EB9B->85302df8-7a7f-4077-a053-c26dc3d3d65a: receive RaftClientReply:client-C82EA620EB9B->85302df8-7a7f-4077-a053-c26dc3d3d65a@group-4701ABA8D7D0, cid=3358, SUCCESS, logIndex=5568, commits[85302df8-7a7f-4077-a053-c26dc3d3d65a:c5568]
2019-06-13 22:53:59,516 INFO  client.GrpcClientProtocolClient (GrpcClientProtocolClient.java:onNext(254)) - client-C82EA620EB9B->85302df8-7a7f-4077-a053-c26dc3d3d65a: receive RaftClientReply:client-C82EA620EB9B->85302df8-7a7f-4077-a053-c26dc3d3d65a@group-4701ABA8D7D0, cid=3359, SUCCESS, logIndex=5570, commits[85302df8-7a7f-4077-a053-c26dc3d3d65a:c5571]
2019-06-13 22:53:59,516 INFO  client.GrpcClientProtocolClient (GrpcClientProtocolClient.java:onNext(254)) - client-C82EA620EB9B->85302df8-7a7f-4077-a053-c26dc3d3d65a: receive RaftClientReply:client-C82EA620EB9B->85302df8-7a7f-4077-a053-c26dc3d3d65a@group-4701ABA8D7D0, cid=3360, SUCCESS, logIndex=5571, commits[85302df8-7a7f-4077-a053-c26dc3d3d65a:c5571]
2019-06-13 22:53:59,593 INFO  client.GrpcClientProtocolClient (GrpcClientProtocolClient.java:onNext(254)) - client-C82EA620EB9B->85302df8-7a7f-4077-a053-c26dc3d3d65a: receive RaftClientReply:client-C82EA620EB9B->85302df8-7a7f-4077-a053-c26dc3d3d65a@group-4701ABA8D7D0, cid=3361, SUCCESS, logIndex=5573, commits[85302df8-7a7f-4077-a053-c26dc3d3d65a:c5573]
2019-06-13 22:53:59,595 INFO  client.GrpcClientProtocolClient (GrpcClientProtocolClient.java:onNext(254)) - client-C82EA620EB9B->85302df8-7a7f-4077-a053-c26dc3d3d65a: receive RaftClientReply:client-C82EA620EB9B->85302df8-7a7f-4077-a053-c26dc3d3d65a@group-4701ABA8D7D0, cid=3362, SUCCESS, logIndex=5575, commits[85302df8-7a7f-4077-a053-c26dc3d3d65a:c5575]
2019-06-13 22:53:59,596 INFO  client.GrpcClientProtocolClient (GrpcClientProtocolClient.java:onNext(254)) - client-C82EA620EB9B->85302df8-7a7f-4077-a053-c26dc3d3d65a: receive RaftClientReply:client-C82EA620EB9B->85302df8-7a7f-4077-a053-c26dc3d3d65a@group-4701ABA8D7D0, cid=3363, SUCCESS, logIndex=5576, commits[85302df8-7a7f-4077-a053-c26dc3d3d65a:c5577]
2019-06-13 22:53:59,596 INFO  client.GrpcClientProtocolClient (GrpcClientProtocolClient.java:onNext(254)) - client-C82EA620EB9B->85302df8-7a7f-4077-a053-c26dc3d3d65a: receive RaftClientReply:client-C82EA620EB9B->85302df8-7a7f-4077-a053-c26dc3d3d65a@group-4701ABA8D7D0, cid=3364, SUCCESS, logIndex=5577, commits[85302df8-7a7f-4077-a053-c26dc3d3d65a:c5577]
2019-06-13 22:53:59,602 INFO  client.GrpcClientProtocolClient (GrpcClientProtocolClient.java:onNext(254)) - client-C82EA620EB9B->85302df8-7a7f-4077-a053-c26dc3d3d65a: receive RaftClientReply:client-C82EA620EB9B->85302df8-7a7f-4077-a053-c26dc3d3d65a@group-4701ABA8D7D0, cid=3365, SUCCESS, logIndex=5580, commits[85302df8-7a7f-4077-a053-c26dc3d3d65a:c5580]
2019-06-13 22:53:59,604 INFO  client.GrpcClientProtocolClient (GrpcClientProtocolClient.java:onNext(254)) - client-C82EA620EB9B->85302df8-7a7f-4077-a053-c26dc3d3d65a: receive RaftClientReply:client-C82EA620EB9B->85302df8-7a7f-4077-a053-c26dc3d3d65a@group-4701ABA8D7D0, cid=3366, SUCCESS, logIndex=5582, commits[85302df8-7a7f-4077-a053-c26dc3d3d65a:c5582]
2019-06-13 22:53:59,604 INFO  client.GrpcClientProtocolClient (GrpcClientProtocolClient.java:onNext(254)) - client-C82EA620EB9B->85302df8-7a7f-4077-a053-c26dc3d3d65a: receive RaftClientReply:client-C82EA620EB9B->85302df8-7a7f-4077-a053-c26dc3d3d65a@group-4701ABA8D7D0, cid=3367, SUCCESS, logIndex=5583, commits[85302df8-7a7f-4077-a053-c26dc3d3d65a:c5585]
2019-06-13 22:53:59,605 INFO  client.GrpcClientProtocolClient (GrpcClientProtocolClient.java:onNext(254)) - client-C82EA620EB9B->85302df8-7a7f-4077-a053-c26dc3d3d65a: receive RaftClientReply:client-C82EA620EB9B->85302df8-7a7f-4077-a053-c26dc3d3d65a@group-4701ABA8D7D0, cid=3368, SUCCESS, logIndex=5584, commits[85302df8-7a7f-4077-a053-c26dc3d3d65a:c5585]
2019-06-13 22:53:59,606 DEBUG block.SCMBlockDeletingService (SCMBlockDeletingService.java:call(138)) - Running DeletedBlockTransactionScanner
2019-06-13 22:53:59,606 DEBUG block.SCMBlockDeletingService (SCMBlockDeletingService.java:call(155)) - Scanned deleted blocks log and got 0 delTX to process.
2019-06-13 22:53:59,616 INFO  client.GrpcClientProtocolClient (GrpcClientProtocolClient.java:onNext(254)) - client-C82EA620EB9B->85302df8-7a7f-4077-a053-c26dc3d3d65a: receive RaftClientReply:client-C82EA620EB9B->85302df8-7a7f-4077-a053-c26dc3d3d65a@group-4701ABA8D7D0, cid=3369, SUCCESS, logIndex=5586, commits[85302df8-7a7f-4077-a053-c26dc3d3d65a:c5586]
2019-06-13 22:53:59,618 INFO  client.GrpcClientProtocolClient (GrpcClientProtocolClient.java:onNext(254)) - client-C82EA620EB9B->85302df8-7a7f-4077-a053-c26dc3d3d65a: receive RaftClientReply:client-C82EA620EB9B->85302df8-7a7f-4077-a053-c26dc3d3d65a@group-4701ABA8D7D0, cid=3370, SUCCESS, logIndex=5588, commits[85302df8-7a7f-4077-a053-c26dc3d3d65a:c5588]
2019-06-13 22:53:59,619 INFO  client.GrpcClientProtocolClient (GrpcClientProtocolClient.java:onNext(254)) - client-C82EA620EB9B->85302df8-7a7f-4077-a053-c26dc3d3d65a: receive RaftClientReply:client-C82EA620EB9B->85302df8-7a7f-4077-a053-c26dc3d3d65a@group-4701ABA8D7D0, cid=3371, SUCCESS, logIndex=5589, commits[85302df8-7a7f-4077-a053-c26dc3d3d65a:c5591]
2019-06-13 22:53:59,619 INFO  client.GrpcClientProtocolClient (GrpcClientProtocolClient.java:onNext(254)) - client-C82EA620EB9B->85302df8-7a7f-4077-a053-c26dc3d3d65a: receive RaftClientReply:client-C82EA620EB9B->85302df8-7a7f-4077-a053-c26dc3d3d65a@group-4701ABA8D7D0, cid=3372, SUCCESS, logIndex=5591, commits[85302df8-7a7f-4077-a053-c26dc3d3d65a:c5591]
2019-06-13 22:53:59,624 INFO  client.GrpcClientProtocolClient (GrpcClientProtocolClient.java:onNext(254)) - client-C82EA620EB9B->85302df8-7a7f-4077-a053-c26dc3d3d65a: receive RaftClientReply:client-C82EA620EB9B->85302df8-7a7f-4077-a053-c26dc3d3d65a@group-4701ABA8D7D0, cid=3373, SUCCESS, logIndex=5593, commits[85302df8-7a7f-4077-a053-c26dc3d3d65a:c5593]
2019-06-13 22:53:59,626 INFO  client.GrpcClientProtocolClient (GrpcClientProtocolClient.java:onNext(254)) - client-C82EA620EB9B->85302df8-7a7f-4077-a053-c26dc3d3d65a: receive RaftClientReply:client-C82EA620EB9B->85302df8-7a7f-4077-a053-c26dc3d3d65a@group-4701ABA8D7D0, cid=3374, SUCCESS, logIndex=5595, commits[85302df8-7a7f-4077-a053-c26dc3d3d65a:c5595]
2019-06-13 22:53:59,627 INFO  client.GrpcClientProtocolClient (GrpcClientProtocolClient.java:onNext(254)) - client-C82EA620EB9B->85302df8-7a7f-4077-a053-c26dc3d3d65a: receive RaftClientReply:client-C82EA620EB9B->85302df8-7a7f-4077-a053-c26dc3d3d65a@group-4701ABA8D7D0, cid=3375, SUCCESS, logIndex=5596, commits[85302df8-7a7f-4077-a053-c26dc3d3d65a:c5598]
2019-06-13 22:53:59,627 INFO  client.GrpcClientProtocolClient (GrpcClientProtocolClient.java:onNext(254)) - client-C82EA620EB9B->85302df8-7a7f-4077-a053-c26dc3d3d65a: receive RaftClientReply:client-C82EA620EB9B->85302df8-7a7f-4077-a053-c26dc3d3d65a@group-4701ABA8D7D0, cid=3376, SUCCESS, logIndex=5597, commits[85302df8-7a7f-4077-a053-c26dc3d3d65a:c5598]
2019-06-13 22:53:59,637 INFO  client.GrpcClientProtocolClient (GrpcClientProtocolClient.java:onNext(254)) - client-C82EA620EB9B->85302df8-7a7f-4077-a053-c26dc3d3d65a: receive RaftClientReply:client-C82EA620EB9B->85302df8-7a7f-4077-a053-c26dc3d3d65a@group-4701ABA8D7D0, cid=3377, SUCCESS, logIndex=5599, commits[85302df8-7a7f-4077-a053-c26dc3d3d65a:c5599]
2019-06-13 22:53:59,639 INFO  client.GrpcClientProtocolClient (GrpcClientProtocolClient.java:onNext(254)) - client-C82EA620EB9B->85302df8-7a7f-4077-a053-c26dc3d3d65a: receive RaftClientReply:client-C82EA620EB9B->85302df8-7a7f-4077-a053-c26dc3d3d65a@group-4701ABA8D7D0, cid=3378, SUCCESS, logIndex=5601, commits[85302df8-7a7f-4077-a053-c26dc3d3d65a:c5601]
2019-06-13 22:53:59,639 INFO  client.GrpcClientProtocolClient (GrpcClientProtocolClient.java:onNext(254)) - client-C82EA620EB9B->85302df8-7a7f-4077-a053-c26dc3d3d65a: receive RaftClientReply:client-C82EA620EB9B->85302df8-7a7f-4077-a053-c26dc3d3d65a@group-4701ABA8D7D0, cid=3379, SUCCESS, logIndex=5602, commits[85302df8-7a7f-4077-a053-c26dc3d3d65a:c5604]
2019-06-13 22:53:59,640 INFO  client.GrpcClientProtocolClient (GrpcClientProtocolClient.java:onNext(254)) - client-C82EA620EB9B->85302df8-7a7f-4077-a053-c26dc3d3d65a: receive RaftClientReply:client-C82EA620EB9B->85302df8-7a7f-4077-a053-c26dc3d3d65a@group-4701ABA8D7D0, cid=3380, SUCCESS, logIndex=5603, commits[85302df8-7a7f-4077-a053-c26dc3d3d65a:c5604]
2019-06-13 22:53:59,684 INFO  client.GrpcClientProtocolClient (GrpcClientProtocolClient.java:onNext(254)) - client-C82EA620EB9B->85302df8-7a7f-4077-a053-c26dc3d3d65a: receive RaftClientReply:client-C82EA620EB9B->85302df8-7a7f-4077-a053-c26dc3d3d65a@group-4701ABA8D7D0, cid=3381, SUCCESS, logIndex=5605, commits[85302df8-7a7f-4077-a053-c26dc3d3d65a:c5605]
2019-06-13 22:53:59,686 INFO  client.GrpcClientProtocolClient (GrpcClientProtocolClient.java:onNext(254)) - client-C82EA620EB9B->85302df8-7a7f-4077-a053-c26dc3d3d65a: receive RaftClientReply:client-C82EA620EB9B->85302df8-7a7f-4077-a053-c26dc3d3d65a@group-4701ABA8D7D0, cid=3382, SUCCESS, logIndex=5607, commits[85302df8-7a7f-4077-a053-c26dc3d3d65a:c5607]
2019-06-13 22:53:59,687 INFO  client.GrpcClientProtocolClient (GrpcClientProtocolClient.java:onNext(254)) - client-C82EA620EB9B->85302df8-7a7f-4077-a053-c26dc3d3d65a: receive RaftClientReply:client-C82EA620EB9B->85302df8-7a7f-4077-a053-c26dc3d3d65a@group-4701ABA8D7D0, cid=3383, SUCCESS, logIndex=5608, commits[85302df8-7a7f-4077-a053-c26dc3d3d65a:c5610]
2019-06-13 22:53:59,687 INFO  client.GrpcClientProtocolClient (GrpcClientProtocolClient.java:onNext(254)) - client-C82EA620EB9B->85302df8-7a7f-4077-a053-c26dc3d3d65a: receive RaftClientReply:client-C82EA620EB9B->85302df8-7a7f-4077-a053-c26dc3d3d65a@group-4701ABA8D7D0, cid=3384, SUCCESS, logIndex=5609, commits[85302df8-7a7f-4077-a053-c26dc3d3d65a:c5610]
2019-06-13 22:53:59,697 INFO  client.GrpcClientProtocolClient (GrpcClientProtocolClient.java:onNext(254)) - client-C82EA620EB9B->85302df8-7a7f-4077-a053-c26dc3d3d65a: receive RaftClientReply:client-C82EA620EB9B->85302df8-7a7f-4077-a053-c26dc3d3d65a@group-4701ABA8D7D0, cid=3385, SUCCESS, logIndex=5611, commits[85302df8-7a7f-4077-a053-c26dc3d3d65a:c5611]
2019-06-13 22:53:59,698 INFO  client.GrpcClientProtocolClient (GrpcClientProtocolClient.java:onNext(254)) - client-C82EA620EB9B->85302df8-7a7f-4077-a053-c26dc3d3d65a: receive RaftClientReply:client-C82EA620EB9B->85302df8-7a7f-4077-a053-c26dc3d3d65a@group-4701ABA8D7D0, cid=3386, SUCCESS, logIndex=5613, commits[85302df8-7a7f-4077-a053-c26dc3d3d65a:c5613]
2019-06-13 22:53:59,699 INFO  client.GrpcClientProtocolClient (GrpcClientProtocolClient.java:onNext(254)) - client-C82EA620EB9B->85302df8-7a7f-4077-a053-c26dc3d3d65a: receive RaftClientReply:client-C82EA620EB9B->85302df8-7a7f-4077-a053-c26dc3d3d65a@group-4701ABA8D7D0, cid=3387, SUCCESS, logIndex=5614, commits[85302df8-7a7f-4077-a053-c26dc3d3d65a:c5616]
2019-06-13 22:53:59,700 INFO  client.GrpcClientProtocolClient (GrpcClientProtocolClient.java:onNext(254)) - client-C82EA620EB9B->85302df8-7a7f-4077-a053-c26dc3d3d65a: receive RaftClientReply:client-C82EA620EB9B->85302df8-7a7f-4077-a053-c26dc3d3d65a@group-4701ABA8D7D0, cid=3388, SUCCESS, logIndex=5615, commits[85302df8-7a7f-4077-a053-c26dc3d3d65a:c5616]
2019-06-13 22:53:59,706 INFO  client.GrpcClientProtocolClient (GrpcClientProtocolClient.java:onNext(254)) - client-C82EA620EB9B->85302df8-7a7f-4077-a053-c26dc3d3d65a: receive RaftClientReply:client-C82EA620EB9B->85302df8-7a7f-4077-a053-c26dc3d3d65a@group-4701ABA8D7D0, cid=3389, SUCCESS, logIndex=5617, commits[85302df8-7a7f-4077-a053-c26dc3d3d65a:c5618]
2019-06-13 22:53:59,708 INFO  client.GrpcClientProtocolClient (GrpcClientProtocolClient.java:onNext(254)) - client-C82EA620EB9B->85302df8-7a7f-4077-a053-c26dc3d3d65a: receive RaftClientReply:client-C82EA620EB9B->85302df8-7a7f-4077-a053-c26dc3d3d65a@group-4701ABA8D7D0, cid=3390, SUCCESS, logIndex=5619, commits[85302df8-7a7f-4077-a053-c26dc3d3d65a:c5619]
2019-06-13 22:53:59,708 DEBUG block.SCMBlockDeletingService (SCMBlockDeletingService.java:call(138)) - Running DeletedBlockTransactionScanner
2019-06-13 22:53:59,708 DEBUG block.SCMBlockDeletingService (SCMBlockDeletingService.java:call(155)) - Scanned deleted blocks log and got 0 delTX to process.
2019-06-13 22:53:59,711 INFO  client.GrpcClientProtocolClient (GrpcClientProtocolClient.java:onNext(254)) - client-C82EA620EB9B->85302df8-7a7f-4077-a053-c26dc3d3d65a: receive RaftClientReply:client-C82EA620EB9B->85302df8-7a7f-4077-a053-c26dc3d3d65a@group-4701ABA8D7D0, cid=3391, SUCCESS, logIndex=5620, commits[85302df8-7a7f-4077-a053-c26dc3d3d65a:c5622]
2019-06-13 22:53:59,711 INFO  client.GrpcClientProtocolClient (GrpcClientProtocolClient.java:onNext(254)) - client-C82EA620EB9B->85302df8-7a7f-4077-a053-c26dc3d3d65a: receive RaftClientReply:client-C82EA620EB9B->85302df8-7a7f-4077-a053-c26dc3d3d65a@group-4701ABA8D7D0, cid=3392, SUCCESS, logIndex=5621, commits[85302df8-7a7f-4077-a053-c26dc3d3d65a:c5622]
2019-06-13 22:53:59,729 INFO  client.GrpcClientProtocolClient (GrpcClientProtocolClient.java:onNext(254)) - client-C82EA620EB9B->85302df8-7a7f-4077-a053-c26dc3d3d65a: receive RaftClientReply:client-C82EA620EB9B->85302df8-7a7f-4077-a053-c26dc3d3d65a@group-4701ABA8D7D0, cid=3393, SUCCESS, logIndex=5623, commits[85302df8-7a7f-4077-a053-c26dc3d3d65a:c5623]
2019-06-13 22:53:59,731 INFO  client.GrpcClientProtocolClient (GrpcClientProtocolClient.java:onNext(254)) - client-C82EA620EB9B->85302df8-7a7f-4077-a053-c26dc3d3d65a: receive RaftClientReply:client-C82EA620EB9B->85302df8-7a7f-4077-a053-c26dc3d3d65a@group-4701ABA8D7D0, cid=3394, SUCCESS, logIndex=5625, commits[85302df8-7a7f-4077-a053-c26dc3d3d65a:c5625]
2019-06-13 22:53:59,731 INFO  storage.RaftLogWorker (RaftLogWorker.java:rollLogSegment(303)) - 85302df8-7a7f-4077-a053-c26dc3d3d65a-RaftLogWorker: Rolling segment log-5557_5626 to index:5626
2019-06-13 22:53:59,731 INFO  storage.RaftLogWorker (RaftLogWorker.java:execute(433)) - 85302df8-7a7f-4077-a053-c26dc3d3d65a-RaftLogWorker: Rolled log segment from /opt/src/hadoop-ozone/integration-test/target/test-dir/MiniOzoneClusterImpl-550f9ca0-a6d9-4a4a-902f-f07ac81eac7b/datanode-0/data/ratis/5ad10fc2-5a33-4bdd-8958-4701aba8d7d0/current/log_inprogress_5557 to /opt/src/hadoop-ozone/integration-test/target/test-dir/MiniOzoneClusterImpl-550f9ca0-a6d9-4a4a-902f-f07ac81eac7b/datanode-0/data/ratis/5ad10fc2-5a33-4bdd-8958-4701aba8d7d0/current/log_5557-5626
2019-06-13 22:53:59,767 INFO  storage.RaftLogWorker (RaftLogWorker.java:execute(469)) - 85302df8-7a7f-4077-a053-c26dc3d3d65a-RaftLogWorker: created new log segment /opt/src/hadoop-ozone/integration-test/target/test-dir/MiniOzoneClusterImpl-550f9ca0-a6d9-4a4a-902f-f07ac81eac7b/datanode-0/data/ratis/5ad10fc2-5a33-4bdd-8958-4701aba8d7d0/current/log_inprogress_5627
2019-06-13 22:53:59,769 INFO  client.GrpcClientProtocolClient (GrpcClientProtocolClient.java:onNext(254)) - client-C82EA620EB9B->85302df8-7a7f-4077-a053-c26dc3d3d65a: receive RaftClientReply:client-C82EA620EB9B->85302df8-7a7f-4077-a053-c26dc3d3d65a@group-4701ABA8D7D0, cid=3395, SUCCESS, logIndex=5627, commits[85302df8-7a7f-4077-a053-c26dc3d3d65a:c5628]
2019-06-13 22:53:59,769 INFO  client.GrpcClientProtocolClient (GrpcClientProtocolClient.java:onNext(254)) - client-C82EA620EB9B->85302df8-7a7f-4077-a053-c26dc3d3d65a: receive RaftClientReply:client-C82EA620EB9B->85302df8-7a7f-4077-a053-c26dc3d3d65a@group-4701ABA8D7D0, cid=3396, SUCCESS, logIndex=5628, commits[85302df8-7a7f-4077-a053-c26dc3d3d65a:c5628]
2019-06-13 22:53:59,774 INFO  client.GrpcClientProtocolClient (GrpcClientProtocolClient.java:onNext(254)) - client-C82EA620EB9B->85302df8-7a7f-4077-a053-c26dc3d3d65a: receive RaftClientReply:client-C82EA620EB9B->85302df8-7a7f-4077-a053-c26dc3d3d65a@group-4701ABA8D7D0, cid=3397, SUCCESS, logIndex=5630, commits[85302df8-7a7f-4077-a053-c26dc3d3d65a:c5630]
2019-06-13 22:53:59,776 INFO  client.GrpcClientProtocolClient (GrpcClientProtocolClient.java:onNext(254)) - client-C82EA620EB9B->85302df8-7a7f-4077-a053-c26dc3d3d65a: receive RaftClientReply:client-C82EA620EB9B->85302df8-7a7f-4077-a053-c26dc3d3d65a@group-4701ABA8D7D0, cid=3398, SUCCESS, logIndex=5632, commits[85302df8-7a7f-4077-a053-c26dc3d3d65a:c5632]
2019-06-13 22:53:59,777 INFO  client.GrpcClientProtocolClient (GrpcClientProtocolClient.java:onNext(254)) - client-C82EA620EB9B->85302df8-7a7f-4077-a053-c26dc3d3d65a: receive RaftClientReply:client-C82EA620EB9B->85302df8-7a7f-4077-a053-c26dc3d3d65a@group-4701ABA8D7D0, cid=3399, SUCCESS, logIndex=5633, commits[85302df8-7a7f-4077-a053-c26dc3d3d65a:c5635]
2019-06-13 22:53:59,777 INFO  client.GrpcClientProtocolClient (GrpcClientProtocolClient.java:onNext(254)) - client-C82EA620EB9B->85302df8-7a7f-4077-a053-c26dc3d3d65a: receive RaftClientReply:client-C82EA620EB9B->85302df8-7a7f-4077-a053-c26dc3d3d65a@group-4701ABA8D7D0, cid=3400, SUCCESS, logIndex=5634, commits[85302df8-7a7f-4077-a053-c26dc3d3d65a:c5635]
2019-06-13 22:53:59,789 INFO  client.GrpcClientProtocolClient (GrpcClientProtocolClient.java:onNext(254)) - client-C82EA620EB9B->85302df8-7a7f-4077-a053-c26dc3d3d65a: receive RaftClientReply:client-C82EA620EB9B->85302df8-7a7f-4077-a053-c26dc3d3d65a@group-4701ABA8D7D0, cid=3401, SUCCESS, logIndex=5636, commits[85302df8-7a7f-4077-a053-c26dc3d3d65a:c5636]
2019-06-13 22:53:59,790 INFO  client.GrpcClientProtocolClient (GrpcClientProtocolClient.java:onNext(254)) - client-C82EA620EB9B->85302df8-7a7f-4077-a053-c26dc3d3d65a: receive RaftClientReply:client-C82EA620EB9B->85302df8-7a7f-4077-a053-c26dc3d3d65a@group-4701ABA8D7D0, cid=3402, SUCCESS, logIndex=5638, commits[85302df8-7a7f-4077-a053-c26dc3d3d65a:c5638]
2019-06-13 22:53:59,792 INFO  client.GrpcClientProtocolClient (GrpcClientProtocolClient.java:onNext(254)) - client-C82EA620EB9B->85302df8-7a7f-4077-a053-c26dc3d3d65a: receive RaftClientReply:client-C82EA620EB9B->85302df8-7a7f-4077-a053-c26dc3d3d65a@group-4701ABA8D7D0, cid=3403, SUCCESS, logIndex=5639, commits[85302df8-7a7f-4077-a053-c26dc3d3d65a:c5641]
2019-06-13 22:53:59,792 INFO  client.GrpcClientProtocolClient (GrpcClientProtocolClient.java:onNext(254)) - client-C82EA620EB9B->85302df8-7a7f-4077-a053-c26dc3d3d65a: receive RaftClientReply:client-C82EA620EB9B->85302df8-7a7f-4077-a053-c26dc3d3d65a@group-4701ABA8D7D0, cid=3404, SUCCESS, logIndex=5640, commits[85302df8-7a7f-4077-a053-c26dc3d3d65a:c5641]
2019-06-13 22:53:59,808 DEBUG block.SCMBlockDeletingService (SCMBlockDeletingService.java:call(138)) - Running DeletedBlockTransactionScanner
2019-06-13 22:53:59,808 DEBUG block.SCMBlockDeletingService (SCMBlockDeletingService.java:call(155)) - Scanned deleted blocks log and got 0 delTX to process.
2019-06-13 22:53:59,895 INFO  client.GrpcClientProtocolClient (GrpcClientProtocolClient.java:onNext(254)) - client-C82EA620EB9B->85302df8-7a7f-4077-a053-c26dc3d3d65a: receive RaftClientReply:client-C82EA620EB9B->85302df8-7a7f-4077-a053-c26dc3d3d65a@group-4701ABA8D7D0, cid=3405, SUCCESS, logIndex=5642, commits[85302df8-7a7f-4077-a053-c26dc3d3d65a:c5642]
2019-06-13 22:53:59,897 INFO  client.GrpcClientProtocolClient (GrpcClientProtocolClient.java:onNext(254)) - client-C82EA620EB9B->85302df8-7a7f-4077-a053-c26dc3d3d65a: receive RaftClientReply:client-C82EA620EB9B->85302df8-7a7f-4077-a053-c26dc3d3d65a@group-4701ABA8D7D0, cid=3406, SUCCESS, logIndex=5644, commits[85302df8-7a7f-4077-a053-c26dc3d3d65a:c5644]
2019-06-13 22:53:59,898 INFO  client.GrpcClientProtocolClient (GrpcClientProtocolClient.java:onNext(254)) - client-C82EA620EB9B->85302df8-7a7f-4077-a053-c26dc3d3d65a: receive RaftClientReply:client-C82EA620EB9B->85302df8-7a7f-4077-a053-c26dc3d3d65a@group-4701ABA8D7D0, cid=3407, SUCCESS, logIndex=5645, commits[85302df8-7a7f-4077-a053-c26dc3d3d65a:c5646]
2019-06-13 22:53:59,898 INFO  client.GrpcClientProtocolClient (GrpcClientProtocolClient.java:onNext(254)) - client-C82EA620EB9B->85302df8-7a7f-4077-a053-c26dc3d3d65a: receive RaftClientReply:client-C82EA620EB9B->85302df8-7a7f-4077-a053-c26dc3d3d65a@group-4701ABA8D7D0, cid=3408, SUCCESS, logIndex=5646, commits[85302df8-7a7f-4077-a053-c26dc3d3d65a:c5646]
2019-06-13 22:53:59,909 DEBUG block.SCMBlockDeletingService (SCMBlockDeletingService.java:call(138)) - Running DeletedBlockTransactionScanner
2019-06-13 22:53:59,909 DEBUG block.SCMBlockDeletingService (SCMBlockDeletingService.java:call(155)) - Scanned deleted blocks log and got 0 delTX to process.
2019-06-13 22:53:59,910 INFO  client.GrpcClientProtocolClient (GrpcClientProtocolClient.java:onNext(254)) - client-C82EA620EB9B->85302df8-7a7f-4077-a053-c26dc3d3d65a: receive RaftClientReply:client-C82EA620EB9B->85302df8-7a7f-4077-a053-c26dc3d3d65a@group-4701ABA8D7D0, cid=3409, SUCCESS, logIndex=5649, commits[85302df8-7a7f-4077-a053-c26dc3d3d65a:c5649]
2019-06-13 22:53:59,913 INFO  client.GrpcClientProtocolClient (GrpcClientProtocolClient.java:onNext(254)) - client-C82EA620EB9B->85302df8-7a7f-4077-a053-c26dc3d3d65a: receive RaftClientReply:client-C82EA620EB9B->85302df8-7a7f-4077-a053-c26dc3d3d65a@group-4701ABA8D7D0, cid=3410, SUCCESS, logIndex=5651, commits[85302df8-7a7f-4077-a053-c26dc3d3d65a:c5651]
2019-06-13 22:53:59,913 INFO  client.GrpcClientProtocolClient (GrpcClientProtocolClient.java:onNext(254)) - client-C82EA620EB9B->85302df8-7a7f-4077-a053-c26dc3d3d65a: receive RaftClientReply:client-C82EA620EB9B->85302df8-7a7f-4077-a053-c26dc3d3d65a@group-4701ABA8D7D0, cid=3411, SUCCESS, logIndex=5652, commits[85302df8-7a7f-4077-a053-c26dc3d3d65a:c5653]
2019-06-13 22:53:59,914 INFO  client.GrpcClientProtocolClient (GrpcClientProtocolClient.java:onNext(254)) - client-C82EA620EB9B->85302df8-7a7f-4077-a053-c26dc3d3d65a: receive RaftClientReply:client-C82EA620EB9B->85302df8-7a7f-4077-a053-c26dc3d3d65a@group-4701ABA8D7D0, cid=3412, SUCCESS, logIndex=5653, commits[85302df8-7a7f-4077-a053-c26dc3d3d65a:c5654]
2019-06-13 22:53:59,920 INFO  client.GrpcClientProtocolClient (GrpcClientProtocolClient.java:onNext(254)) - client-C82EA620EB9B->85302df8-7a7f-4077-a053-c26dc3d3d65a: receive RaftClientReply:client-C82EA620EB9B->85302df8-7a7f-4077-a053-c26dc3d3d65a@group-4701ABA8D7D0, cid=3413, SUCCESS, logIndex=5656, commits[85302df8-7a7f-4077-a053-c26dc3d3d65a:c5656]
2019-06-13 22:53:59,922 INFO  client.GrpcClientProtocolClient (GrpcClientProtocolClient.java:onNext(254)) - client-C82EA620EB9B->85302df8-7a7f-4077-a053-c26dc3d3d65a: receive RaftClientReply:client-C82EA620EB9B->85302df8-7a7f-4077-a053-c26dc3d3d65a@group-4701ABA8D7D0, cid=3414, SUCCESS, logIndex=5658, commits[85302df8-7a7f-4077-a053-c26dc3d3d65a:c5658]
2019-06-13 22:53:59,923 INFO  client.GrpcClientProtocolClient (GrpcClientProtocolClient.java:onNext(254)) - client-C82EA620EB9B->85302df8-7a7f-4077-a053-c26dc3d3d65a: receive RaftClientReply:client-C82EA620EB9B->85302df8-7a7f-4077-a053-c26dc3d3d65a@group-4701ABA8D7D0, cid=3415, SUCCESS, logIndex=5659, commits[85302df8-7a7f-4077-a053-c26dc3d3d65a:c5660]
2019-06-13 22:53:59,923 INFO  client.GrpcClientProtocolClient (GrpcClientProtocolClient.java:onNext(254)) - client-C82EA620EB9B->85302df8-7a7f-4077-a053-c26dc3d3d65a: receive RaftClientReply:client-C82EA620EB9B->85302df8-7a7f-4077-a053-c26dc3d3d65a@group-4701ABA8D7D0, cid=3416, SUCCESS, logIndex=5661, commits[85302df8-7a7f-4077-a053-c26dc3d3d65a:c5661]
2019-06-13 22:53:59,935 INFO  client.GrpcClientProtocolClient (GrpcClientProtocolClient.java:onNext(254)) - client-C82EA620EB9B->85302df8-7a7f-4077-a053-c26dc3d3d65a: receive RaftClientReply:client-C82EA620EB9B->85302df8-7a7f-4077-a053-c26dc3d3d65a@group-4701ABA8D7D0, cid=3417, SUCCESS, logIndex=5663, commits[85302df8-7a7f-4077-a053-c26dc3d3d65a:c5663]
2019-06-13 22:53:59,936 INFO  client.GrpcClientProtocolClient (GrpcClientProtocolClient.java:onNext(254)) - client-C82EA620EB9B->85302df8-7a7f-4077-a053-c26dc3d3d65a: receive RaftClientReply:client-C82EA620EB9B->85302df8-7a7f-4077-a053-c26dc3d3d65a@group-4701ABA8D7D0, cid=3418, SUCCESS, logIndex=5665, commits[85302df8-7a7f-4077-a053-c26dc3d3d65a:c5665]
2019-06-13 22:53:59,937 INFO  client.GrpcClientProtocolClient (GrpcClientProtocolClient.java:onNext(254)) - client-C82EA620EB9B->85302df8-7a7f-4077-a053-c26dc3d3d65a: receive RaftClientReply:client-C82EA620EB9B->85302df8-7a7f-4077-a053-c26dc3d3d65a@group-4701ABA8D7D0, cid=3419, SUCCESS, logIndex=5666, commits[85302df8-7a7f-4077-a053-c26dc3d3d65a:c5666]
2019-06-13 22:53:59,937 INFO  client.GrpcClientProtocolClient (GrpcClientProtocolClient.java:onNext(254)) - client-C82EA620EB9B->85302df8-7a7f-4077-a053-c26dc3d3d65a: receive RaftClientReply:client-C82EA620EB9B->85302df8-7a7f-4077-a053-c26dc3d3d65a@group-4701ABA8D7D0, cid=3420, SUCCESS, logIndex=5668, commits[85302df8-7a7f-4077-a053-c26dc3d3d65a:c5668]
2019-06-13 22:53:59,943 INFO  client.GrpcClientProtocolClient (GrpcClientProtocolClient.java:onNext(254)) - client-C82EA620EB9B->85302df8-7a7f-4077-a053-c26dc3d3d65a: receive RaftClientReply:client-C82EA620EB9B->85302df8-7a7f-4077-a053-c26dc3d3d65a@group-4701ABA8D7D0, cid=3421, SUCCESS, logIndex=5671, commits[85302df8-7a7f-4077-a053-c26dc3d3d65a:c5671]
2019-06-13 22:53:59,944 INFO  client.GrpcClientProtocolClient (GrpcClientProtocolClient.java:onNext(254)) - client-C82EA620EB9B->85302df8-7a7f-4077-a053-c26dc3d3d65a: receive RaftClientReply:client-C82EA620EB9B->85302df8-7a7f-4077-a053-c26dc3d3d65a@group-4701ABA8D7D0, cid=3422, SUCCESS, logIndex=5673, commits[85302df8-7a7f-4077-a053-c26dc3d3d65a:c5673]
2019-06-13 22:53:59,945 INFO  client.GrpcClientProtocolClient (GrpcClientProtocolClient.java:onNext(254)) - client-C82EA620EB9B->85302df8-7a7f-4077-a053-c26dc3d3d65a: receive RaftClientReply:client-C82EA620EB9B->85302df8-7a7f-4077-a053-c26dc3d3d65a@group-4701ABA8D7D0, cid=3423, SUCCESS, logIndex=5674, commits[85302df8-7a7f-4077-a053-c26dc3d3d65a:c5676]
2019-06-13 22:53:59,946 INFO  client.GrpcClientProtocolClient (GrpcClientProtocolClient.java:onNext(254)) - client-C82EA620EB9B->85302df8-7a7f-4077-a053-c26dc3d3d65a: receive RaftClientReply:client-C82EA620EB9B->85302df8-7a7f-4077-a053-c26dc3d3d65a@group-4701ABA8D7D0, cid=3424, SUCCESS, logIndex=5675, commits[85302df8-7a7f-4077-a053-c26dc3d3d65a:c5676]
2019-06-13 22:53:59,957 INFO  client.GrpcClientProtocolClient (GrpcClientProtocolClient.java:onNext(254)) - client-C82EA620EB9B->85302df8-7a7f-4077-a053-c26dc3d3d65a: receive RaftClientReply:client-C82EA620EB9B->85302df8-7a7f-4077-a053-c26dc3d3d65a@group-4701ABA8D7D0, cid=3425, SUCCESS, logIndex=5677, commits[85302df8-7a7f-4077-a053-c26dc3d3d65a:c5677]
2019-06-13 22:53:59,958 INFO  client.GrpcClientProtocolClient (GrpcClientProtocolClient.java:onNext(254)) - client-C82EA620EB9B->85302df8-7a7f-4077-a053-c26dc3d3d65a: receive RaftClientReply:client-C82EA620EB9B->85302df8-7a7f-4077-a053-c26dc3d3d65a@group-4701ABA8D7D0, cid=3426, SUCCESS, logIndex=5679, commits[85302df8-7a7f-4077-a053-c26dc3d3d65a:c5679]
2019-06-13 22:53:59,960 INFO  client.GrpcClientProtocolClient (GrpcClientProtocolClient.java:onNext(254)) - client-C82EA620EB9B->85302df8-7a7f-4077-a053-c26dc3d3d65a: receive RaftClientReply:client-C82EA620EB9B->85302df8-7a7f-4077-a053-c26dc3d3d65a@group-4701ABA8D7D0, cid=3427, SUCCESS, logIndex=5680, commits[85302df8-7a7f-4077-a053-c26dc3d3d65a:c5682]
2019-06-13 22:53:59,960 INFO  client.GrpcClientProtocolClient (GrpcClientProtocolClient.java:onNext(254)) - client-C82EA620EB9B->85302df8-7a7f-4077-a053-c26dc3d3d65a: receive RaftClientReply:client-C82EA620EB9B->85302df8-7a7f-4077-a053-c26dc3d3d65a@group-4701ABA8D7D0, cid=3428, SUCCESS, logIndex=5681, commits[85302df8-7a7f-4077-a053-c26dc3d3d65a:c5682]
2019-06-13 22:53:59,966 INFO  client.GrpcClientProtocolClient (GrpcClientProtocolClient.java:onNext(254)) - client-C82EA620EB9B->85302df8-7a7f-4077-a053-c26dc3d3d65a: receive RaftClientReply:client-C82EA620EB9B->85302df8-7a7f-4077-a053-c26dc3d3d65a@group-4701ABA8D7D0, cid=3429, SUCCESS, logIndex=5683, commits[85302df8-7a7f-4077-a053-c26dc3d3d65a:c5683]
2019-06-13 22:53:59,967 INFO  client.GrpcClientProtocolClient (GrpcClientProtocolClient.java:onNext(254)) - client-C82EA620EB9B->85302df8-7a7f-4077-a053-c26dc3d3d65a: receive RaftClientReply:client-C82EA620EB9B->85302df8-7a7f-4077-a053-c26dc3d3d65a@group-4701ABA8D7D0, cid=3430, SUCCESS, logIndex=5685, commits[85302df8-7a7f-4077-a053-c26dc3d3d65a:c5685]
2019-06-13 22:53:59,968 INFO  client.GrpcClientProtocolClient (GrpcClientProtocolClient.java:onNext(254)) - client-C82EA620EB9B->85302df8-7a7f-4077-a053-c26dc3d3d65a: receive RaftClientReply:client-C82EA620EB9B->85302df8-7a7f-4077-a053-c26dc3d3d65a@group-4701ABA8D7D0, cid=3431, SUCCESS, logIndex=5686, commits[85302df8-7a7f-4077-a053-c26dc3d3d65a:c5688]
2019-06-13 22:53:59,969 INFO  client.GrpcClientProtocolClient (GrpcClientProtocolClient.java:onNext(254)) - client-C82EA620EB9B->85302df8-7a7f-4077-a053-c26dc3d3d65a: receive RaftClientReply:client-C82EA620EB9B->85302df8-7a7f-4077-a053-c26dc3d3d65a@group-4701ABA8D7D0, cid=3432, SUCCESS, logIndex=5687, commits[85302df8-7a7f-4077-a053-c26dc3d3d65a:c5688]
2019-06-13 22:53:59,979 INFO  client.GrpcClientProtocolClient (GrpcClientProtocolClient.java:onNext(254)) - client-C82EA620EB9B->85302df8-7a7f-4077-a053-c26dc3d3d65a: receive RaftClientReply:client-C82EA620EB9B->85302df8-7a7f-4077-a053-c26dc3d3d65a@group-4701ABA8D7D0, cid=3433, SUCCESS, logIndex=5689, commits[85302df8-7a7f-4077-a053-c26dc3d3d65a:c5689]
2019-06-13 22:53:59,980 INFO  client.GrpcClientProtocolClient (GrpcClientProtocolClient.java:onNext(254)) - client-C82EA620EB9B->85302df8-7a7f-4077-a053-c26dc3d3d65a: receive RaftClientReply:client-C82EA620EB9B->85302df8-7a7f-4077-a053-c26dc3d3d65a@group-4701ABA8D7D0, cid=3434, SUCCESS, logIndex=5691, commits[85302df8-7a7f-4077-a053-c26dc3d3d65a:c5691]
2019-06-13 22:53:59,982 INFO  client.GrpcClientProtocolClient (GrpcClientProtocolClient.java:onNext(254)) - client-C82EA620EB9B->85302df8-7a7f-4077-a053-c26dc3d3d65a: receive RaftClientReply:client-C82EA620EB9B->85302df8-7a7f-4077-a053-c26dc3d3d65a@group-4701ABA8D7D0, cid=3435, SUCCESS, logIndex=5693, commits[85302df8-7a7f-4077-a053-c26dc3d3d65a:c5694]
2019-06-13 22:53:59,982 INFO  client.GrpcClientProtocolClient (GrpcClientProtocolClient.java:onNext(254)) - client-C82EA620EB9B->85302df8-7a7f-4077-a053-c26dc3d3d65a: receive RaftClientReply:client-C82EA620EB9B->85302df8-7a7f-4077-a053-c26dc3d3d65a@group-4701ABA8D7D0, cid=3436, SUCCESS, logIndex=5694, commits[85302df8-7a7f-4077-a053-c26dc3d3d65a:c5694]
2019-06-13 22:53:59,988 INFO  client.GrpcClientProtocolClient (GrpcClientProtocolClient.java:onNext(254)) - client-C82EA620EB9B->85302df8-7a7f-4077-a053-c26dc3d3d65a: receive RaftClientReply:client-C82EA620EB9B->85302df8-7a7f-4077-a053-c26dc3d3d65a@group-4701ABA8D7D0, cid=3437, SUCCESS, logIndex=5696, commits[85302df8-7a7f-4077-a053-c26dc3d3d65a:c5696]
2019-06-13 22:53:59,988 INFO  storage.RaftLogWorker (RaftLogWorker.java:rollLogSegment(303)) - 85302df8-7a7f-4077-a053-c26dc3d3d65a-RaftLogWorker: Rolling segment log-5627_5697 to index:5697
2019-06-13 22:53:59,988 INFO  storage.RaftLogWorker (RaftLogWorker.java:execute(433)) - 85302df8-7a7f-4077-a053-c26dc3d3d65a-RaftLogWorker: Rolled log segment from /opt/src/hadoop-ozone/integration-test/target/test-dir/MiniOzoneClusterImpl-550f9ca0-a6d9-4a4a-902f-f07ac81eac7b/datanode-0/data/ratis/5ad10fc2-5a33-4bdd-8958-4701aba8d7d0/current/log_inprogress_5627 to /opt/src/hadoop-ozone/integration-test/target/test-dir/MiniOzoneClusterImpl-550f9ca0-a6d9-4a4a-902f-f07ac81eac7b/datanode-0/data/ratis/5ad10fc2-5a33-4bdd-8958-4701aba8d7d0/current/log_5627-5697
2019-06-13 22:54:00,009 DEBUG block.SCMBlockDeletingService (SCMBlockDeletingService.java:call(138)) - Running DeletedBlockTransactionScanner
2019-06-13 22:54:00,009 DEBUG block.SCMBlockDeletingService (SCMBlockDeletingService.java:call(155)) - Scanned deleted blocks log and got 0 delTX to process.
2019-06-13 22:54:00,033 INFO  storage.RaftLogWorker (RaftLogWorker.java:execute(469)) - 85302df8-7a7f-4077-a053-c26dc3d3d65a-RaftLogWorker: created new log segment /opt/src/hadoop-ozone/integration-test/target/test-dir/MiniOzoneClusterImpl-550f9ca0-a6d9-4a4a-902f-f07ac81eac7b/datanode-0/data/ratis/5ad10fc2-5a33-4bdd-8958-4701aba8d7d0/current/log_inprogress_5698
2019-06-13 22:54:00,035 INFO  client.GrpcClientProtocolClient (GrpcClientProtocolClient.java:onNext(254)) - client-C82EA620EB9B->85302df8-7a7f-4077-a053-c26dc3d3d65a: receive RaftClientReply:client-C82EA620EB9B->85302df8-7a7f-4077-a053-c26dc3d3d65a@group-4701ABA8D7D0, cid=3438, SUCCESS, logIndex=5698, commits[85302df8-7a7f-4077-a053-c26dc3d3d65a:c5700]
2019-06-13 22:54:00,035 INFO  client.GrpcClientProtocolClient (GrpcClientProtocolClient.java:onNext(254)) - client-C82EA620EB9B->85302df8-7a7f-4077-a053-c26dc3d3d65a: receive RaftClientReply:client-C82EA620EB9B->85302df8-7a7f-4077-a053-c26dc3d3d65a@group-4701ABA8D7D0, cid=3439, SUCCESS, logIndex=5699, commits[85302df8-7a7f-4077-a053-c26dc3d3d65a:c5700]
2019-06-13 22:54:00,035 INFO  client.GrpcClientProtocolClient (GrpcClientProtocolClient.java:onNext(254)) - client-C82EA620EB9B->85302df8-7a7f-4077-a053-c26dc3d3d65a: receive RaftClientReply:client-C82EA620EB9B->85302df8-7a7f-4077-a053-c26dc3d3d65a@group-4701ABA8D7D0, cid=3440, SUCCESS, logIndex=5700, commits[85302df8-7a7f-4077-a053-c26dc3d3d65a:c5701]
2019-06-13 22:54:00,046 INFO  client.GrpcClientProtocolClient (GrpcClientProtocolClient.java:onNext(254)) - client-C82EA620EB9B->85302df8-7a7f-4077-a053-c26dc3d3d65a: receive RaftClientReply:client-C82EA620EB9B->85302df8-7a7f-4077-a053-c26dc3d3d65a@group-4701ABA8D7D0, cid=3441, SUCCESS, logIndex=5702, commits[85302df8-7a7f-4077-a053-c26dc3d3d65a:c5702]
2019-06-13 22:54:00,048 INFO  client.GrpcClientProtocolClient (GrpcClientProtocolClient.java:onNext(254)) - client-C82EA620EB9B->85302df8-7a7f-4077-a053-c26dc3d3d65a: receive RaftClientReply:client-C82EA620EB9B->85302df8-7a7f-4077-a053-c26dc3d3d65a@group-4701ABA8D7D0, cid=3442, SUCCESS, logIndex=5704, commits[85302df8-7a7f-4077-a053-c26dc3d3d65a:c5704]
2019-06-13 22:54:00,049 INFO  client.GrpcClientProtocolClient (GrpcClientProtocolClient.java:onNext(254)) - client-C82EA620EB9B->85302df8-7a7f-4077-a053-c26dc3d3d65a: receive RaftClientReply:client-C82EA620EB9B->85302df8-7a7f-4077-a053-c26dc3d3d65a@group-4701ABA8D7D0, cid=3443, SUCCESS, logIndex=5705, commits[85302df8-7a7f-4077-a053-c26dc3d3d65a:c5707]
2019-06-13 22:54:00,049 INFO  client.GrpcClientProtocolClient (GrpcClientProtocolClient.java:onNext(254)) - client-C82EA620EB9B->85302df8-7a7f-4077-a053-c26dc3d3d65a: receive RaftClientReply:client-C82EA620EB9B->85302df8-7a7f-4077-a053-c26dc3d3d65a@group-4701ABA8D7D0, cid=3444, SUCCESS, logIndex=5706, commits[85302df8-7a7f-4077-a053-c26dc3d3d65a:c5707]
2019-06-13 22:54:00,055 INFO  client.GrpcClientProtocolClient (GrpcClientProtocolClient.java:onNext(254)) - client-C82EA620EB9B->85302df8-7a7f-4077-a053-c26dc3d3d65a: receive RaftClientReply:client-C82EA620EB9B->85302df8-7a7f-4077-a053-c26dc3d3d65a@group-4701ABA8D7D0, cid=3445, SUCCESS, logIndex=5708, commits[85302df8-7a7f-4077-a053-c26dc3d3d65a:c5708]
2019-06-13 22:54:00,056 INFO  client.GrpcClientProtocolClient (GrpcClientProtocolClient.java:onNext(254)) - client-C82EA620EB9B->85302df8-7a7f-4077-a053-c26dc3d3d65a: receive RaftClientReply:client-C82EA620EB9B->85302df8-7a7f-4077-a053-c26dc3d3d65a@group-4701ABA8D7D0, cid=3446, SUCCESS, logIndex=5710, commits[85302df8-7a7f-4077-a053-c26dc3d3d65a:c5710]
2019-06-13 22:54:00,059 INFO  client.GrpcClientProtocolClient (GrpcClientProtocolClient.java:onNext(254)) - client-C82EA620EB9B->85302df8-7a7f-4077-a053-c26dc3d3d65a: receive RaftClientReply:client-C82EA620EB9B->85302df8-7a7f-4077-a053-c26dc3d3d65a@group-4701ABA8D7D0, cid=3447, SUCCESS, logIndex=5712, commits[85302df8-7a7f-4077-a053-c26dc3d3d65a:c5713]
2019-06-13 22:54:00,060 INFO  client.GrpcClientProtocolClient (GrpcClientProtocolClient.java:onNext(254)) - client-C82EA620EB9B->85302df8-7a7f-4077-a053-c26dc3d3d65a: receive RaftClientReply:client-C82EA620EB9B->85302df8-7a7f-4077-a053-c26dc3d3d65a@group-4701ABA8D7D0, cid=3448, SUCCESS, logIndex=5713, commits[85302df8-7a7f-4077-a053-c26dc3d3d65a:c5714]
2019-06-13 22:54:00,110 DEBUG block.SCMBlockDeletingService (SCMBlockDeletingService.java:call(138)) - Running DeletedBlockTransactionScanner
2019-06-13 22:54:00,110 DEBUG block.SCMBlockDeletingService (SCMBlockDeletingService.java:call(155)) - Scanned deleted blocks log and got 0 delTX to process.
2019-06-13 22:54:00,201 INFO  client.GrpcClientProtocolClient (GrpcClientProtocolClient.java:onNext(254)) - client-C82EA620EB9B->85302df8-7a7f-4077-a053-c26dc3d3d65a: receive RaftClientReply:client-C82EA620EB9B->85302df8-7a7f-4077-a053-c26dc3d3d65a@group-4701ABA8D7D0, cid=3449, SUCCESS, logIndex=5715, commits[85302df8-7a7f-4077-a053-c26dc3d3d65a:c5715]
2019-06-13 22:54:00,202 INFO  client.GrpcClientProtocolClient (GrpcClientProtocolClient.java:onNext(254)) - client-C82EA620EB9B->85302df8-7a7f-4077-a053-c26dc3d3d65a: receive RaftClientReply:client-C82EA620EB9B->85302df8-7a7f-4077-a053-c26dc3d3d65a@group-4701ABA8D7D0, cid=3450, SUCCESS, logIndex=5717, commits[85302df8-7a7f-4077-a053-c26dc3d3d65a:c5717]
2019-06-13 22:54:00,204 INFO  client.GrpcClientProtocolClient (GrpcClientProtocolClient.java:onNext(254)) - client-C82EA620EB9B->85302df8-7a7f-4077-a053-c26dc3d3d65a: receive RaftClientReply:client-C82EA620EB9B->85302df8-7a7f-4077-a053-c26dc3d3d65a@group-4701ABA8D7D0, cid=3451, SUCCESS, logIndex=5719, commits[85302df8-7a7f-4077-a053-c26dc3d3d65a:c5720]
2019-06-13 22:54:00,204 INFO  client.GrpcClientProtocolClient (GrpcClientProtocolClient.java:onNext(254)) - client-C82EA620EB9B->85302df8-7a7f-4077-a053-c26dc3d3d65a: receive RaftClientReply:client-C82EA620EB9B->85302df8-7a7f-4077-a053-c26dc3d3d65a@group-4701ABA8D7D0, cid=3452, SUCCESS, logIndex=5720, commits[85302df8-7a7f-4077-a053-c26dc3d3d65a:c5720]
2019-06-13 22:54:00,210 DEBUG block.SCMBlockDeletingService (SCMBlockDeletingService.java:call(138)) - Running DeletedBlockTransactionScanner
2019-06-13 22:54:00,210 INFO  client.GrpcClientProtocolClient (GrpcClientProtocolClient.java:onNext(254)) - client-C82EA620EB9B->85302df8-7a7f-4077-a053-c26dc3d3d65a: receive RaftClientReply:client-C82EA620EB9B->85302df8-7a7f-4077-a053-c26dc3d3d65a@group-4701ABA8D7D0, cid=3453, SUCCESS, logIndex=5722, commits[85302df8-7a7f-4077-a053-c26dc3d3d65a:c5722]
2019-06-13 22:54:00,210 DEBUG block.SCMBlockDeletingService (SCMBlockDeletingService.java:call(155)) - Scanned deleted blocks log and got 0 delTX to process.
2019-06-13 22:54:00,212 INFO  client.GrpcClientProtocolClient (GrpcClientProtocolClient.java:onNext(254)) - client-C82EA620EB9B->85302df8-7a7f-4077-a053-c26dc3d3d65a: receive RaftClientReply:client-C82EA620EB9B->85302df8-7a7f-4077-a053-c26dc3d3d65a@group-4701ABA8D7D0, cid=3454, SUCCESS, logIndex=5724, commits[85302df8-7a7f-4077-a053-c26dc3d3d65a:c5724]
2019-06-13 22:54:00,214 INFO  client.GrpcClientProtocolClient (GrpcClientProtocolClient.java:onNext(254)) - client-C82EA620EB9B->85302df8-7a7f-4077-a053-c26dc3d3d65a: receive RaftClientReply:client-C82EA620EB9B->85302df8-7a7f-4077-a053-c26dc3d3d65a@group-4701ABA8D7D0, cid=3455, SUCCESS, logIndex=5726, commits[85302df8-7a7f-4077-a053-c26dc3d3d65a:c5727]
2019-06-13 22:54:00,215 INFO  client.GrpcClientProtocolClient (GrpcClientProtocolClient.java:onNext(254)) - client-C82EA620EB9B->85302df8-7a7f-4077-a053-c26dc3d3d65a: receive RaftClientReply:client-C82EA620EB9B->85302df8-7a7f-4077-a053-c26dc3d3d65a@group-4701ABA8D7D0, cid=3456, SUCCESS, logIndex=5727, commits[85302df8-7a7f-4077-a053-c26dc3d3d65a:c5727]
2019-06-13 22:54:00,226 INFO  client.GrpcClientProtocolClient (GrpcClientProtocolClient.java:onNext(254)) - client-C82EA620EB9B->85302df8-7a7f-4077-a053-c26dc3d3d65a: receive RaftClientReply:client-C82EA620EB9B->85302df8-7a7f-4077-a053-c26dc3d3d65a@group-4701ABA8D7D0, cid=3457, SUCCESS, logIndex=5729, commits[85302df8-7a7f-4077-a053-c26dc3d3d65a:c5729]
2019-06-13 22:54:00,228 INFO  client.GrpcClientProtocolClient (GrpcClientProtocolClient.java:onNext(254)) - client-C82EA620EB9B->85302df8-7a7f-4077-a053-c26dc3d3d65a: receive RaftClientReply:client-C82EA620EB9B->85302df8-7a7f-4077-a053-c26dc3d3d65a@group-4701ABA8D7D0, cid=3458, SUCCESS, logIndex=5731, commits[85302df8-7a7f-4077-a053-c26dc3d3d65a:c5731]
2019-06-13 22:54:00,229 INFO  client.GrpcClientProtocolClient (GrpcClientProtocolClient.java:onNext(254)) - client-C82EA620EB9B->85302df8-7a7f-4077-a053-c26dc3d3d65a: receive RaftClientReply:client-C82EA620EB9B->85302df8-7a7f-4077-a053-c26dc3d3d65a@group-4701ABA8D7D0, cid=3459, SUCCESS, logIndex=5732, commits[85302df8-7a7f-4077-a053-c26dc3d3d65a:c5734]
2019-06-13 22:54:00,229 INFO  client.GrpcClientProtocolClient (GrpcClientProtocolClient.java:onNext(254)) - client-C82EA620EB9B->85302df8-7a7f-4077-a053-c26dc3d3d65a: receive RaftClientReply:client-C82EA620EB9B->85302df8-7a7f-4077-a053-c26dc3d3d65a@group-4701ABA8D7D0, cid=3460, SUCCESS, logIndex=5733, commits[85302df8-7a7f-4077-a053-c26dc3d3d65a:c5734]
2019-06-13 22:54:00,235 INFO  client.GrpcClientProtocolClient (GrpcClientProtocolClient.java:onNext(254)) - client-C82EA620EB9B->85302df8-7a7f-4077-a053-c26dc3d3d65a: receive RaftClientReply:client-C82EA620EB9B->85302df8-7a7f-4077-a053-c26dc3d3d65a@group-4701ABA8D7D0, cid=3461, SUCCESS, logIndex=5735, commits[85302df8-7a7f-4077-a053-c26dc3d3d65a:c5735]
2019-06-13 22:54:00,236 INFO  client.GrpcClientProtocolClient (GrpcClientProtocolClient.java:onNext(254)) - client-C82EA620EB9B->85302df8-7a7f-4077-a053-c26dc3d3d65a: receive RaftClientReply:client-C82EA620EB9B->85302df8-7a7f-4077-a053-c26dc3d3d65a@group-4701ABA8D7D0, cid=3462, SUCCESS, logIndex=5737, commits[85302df8-7a7f-4077-a053-c26dc3d3d65a:c5737]
2019-06-13 22:54:00,238 INFO  client.GrpcClientProtocolClient (GrpcClientProtocolClient.java:onNext(254)) - client-C82EA620EB9B->85302df8-7a7f-4077-a053-c26dc3d3d65a: receive RaftClientReply:client-C82EA620EB9B->85302df8-7a7f-4077-a053-c26dc3d3d65a@group-4701ABA8D7D0, cid=3463, SUCCESS, logIndex=5738, commits[85302df8-7a7f-4077-a053-c26dc3d3d65a:c5740]
2019-06-13 22:54:00,238 INFO  client.GrpcClientProtocolClient (GrpcClientProtocolClient.java:onNext(254)) - client-C82EA620EB9B->85302df8-7a7f-4077-a053-c26dc3d3d65a: receive RaftClientReply:client-C82EA620EB9B->85302df8-7a7f-4077-a053-c26dc3d3d65a@group-4701ABA8D7D0, cid=3464, SUCCESS, logIndex=5739, commits[85302df8-7a7f-4077-a053-c26dc3d3d65a:c5740]
2019-06-13 22:54:00,250 INFO  client.GrpcClientProtocolClient (GrpcClientProtocolClient.java:onNext(254)) - client-C82EA620EB9B->85302df8-7a7f-4077-a053-c26dc3d3d65a: receive RaftClientReply:client-C82EA620EB9B->85302df8-7a7f-4077-a053-c26dc3d3d65a@group-4701ABA8D7D0, cid=3465, SUCCESS, logIndex=5741, commits[85302df8-7a7f-4077-a053-c26dc3d3d65a:c5741]
2019-06-13 22:54:00,252 INFO  client.GrpcClientProtocolClient (GrpcClientProtocolClient.java:onNext(254)) - client-C82EA620EB9B->85302df8-7a7f-4077-a053-c26dc3d3d65a: receive RaftClientReply:client-C82EA620EB9B->85302df8-7a7f-4077-a053-c26dc3d3d65a@group-4701ABA8D7D0, cid=3466, SUCCESS, logIndex=5743, commits[85302df8-7a7f-4077-a053-c26dc3d3d65a:c5743]
2019-06-13 22:54:00,252 INFO  client.GrpcClientProtocolClient (GrpcClientProtocolClient.java:onNext(254)) - client-C82EA620EB9B->85302df8-7a7f-4077-a053-c26dc3d3d65a: receive RaftClientReply:client-C82EA620EB9B->85302df8-7a7f-4077-a053-c26dc3d3d65a@group-4701ABA8D7D0, cid=3467, SUCCESS, logIndex=5744, commits[85302df8-7a7f-4077-a053-c26dc3d3d65a:c5744]
2019-06-13 22:54:00,253 INFO  client.GrpcClientProtocolClient (GrpcClientProtocolClient.java:onNext(254)) - client-C82EA620EB9B->85302df8-7a7f-4077-a053-c26dc3d3d65a: receive RaftClientReply:client-C82EA620EB9B->85302df8-7a7f-4077-a053-c26dc3d3d65a@group-4701ABA8D7D0, cid=3468, SUCCESS, logIndex=5746, commits[85302df8-7a7f-4077-a053-c26dc3d3d65a:c5746]
2019-06-13 22:54:00,258 INFO  client.GrpcClientProtocolClient (GrpcClientProtocolClient.java:onNext(254)) - client-C82EA620EB9B->85302df8-7a7f-4077-a053-c26dc3d3d65a: receive RaftClientReply:client-C82EA620EB9B->85302df8-7a7f-4077-a053-c26dc3d3d65a@group-4701ABA8D7D0, cid=3469, SUCCESS, logIndex=5749, commits[85302df8-7a7f-4077-a053-c26dc3d3d65a:c5749]
2019-06-13 22:54:00,261 INFO  client.GrpcClientProtocolClient (GrpcClientProtocolClient.java:onNext(254)) - client-C82EA620EB9B->85302df8-7a7f-4077-a053-c26dc3d3d65a: receive RaftClientReply:client-C82EA620EB9B->85302df8-7a7f-4077-a053-c26dc3d3d65a@group-4701ABA8D7D0, cid=3470, SUCCESS, logIndex=5751, commits[85302df8-7a7f-4077-a053-c26dc3d3d65a:c5753]
2019-06-13 22:54:00,261 INFO  client.GrpcClientProtocolClient (GrpcClientProtocolClient.java:onNext(254)) - client-C82EA620EB9B->85302df8-7a7f-4077-a053-c26dc3d3d65a: receive RaftClientReply:client-C82EA620EB9B->85302df8-7a7f-4077-a053-c26dc3d3d65a@group-4701ABA8D7D0, cid=3471, SUCCESS, logIndex=5752, commits[85302df8-7a7f-4077-a053-c26dc3d3d65a:c5753]
2019-06-13 22:54:00,262 INFO  client.GrpcClientProtocolClient (GrpcClientProtocolClient.java:onNext(254)) - client-C82EA620EB9B->85302df8-7a7f-4077-a053-c26dc3d3d65a: receive RaftClientReply:client-C82EA620EB9B->85302df8-7a7f-4077-a053-c26dc3d3d65a@group-4701ABA8D7D0, cid=3472, SUCCESS, logIndex=5753, commits[85302df8-7a7f-4077-a053-c26dc3d3d65a:c5753]
2019-06-13 22:54:00,272 INFO  client.GrpcClientProtocolClient (GrpcClientProtocolClient.java:onNext(254)) - client-C82EA620EB9B->85302df8-7a7f-4077-a053-c26dc3d3d65a: receive RaftClientReply:client-C82EA620EB9B->85302df8-7a7f-4077-a053-c26dc3d3d65a@group-4701ABA8D7D0, cid=3473, SUCCESS, logIndex=5755, commits[85302df8-7a7f-4077-a053-c26dc3d3d65a:c5755]
2019-06-13 22:54:00,274 INFO  client.GrpcClientProtocolClient (GrpcClientProtocolClient.java:onNext(254)) - client-C82EA620EB9B->85302df8-7a7f-4077-a053-c26dc3d3d65a: receive RaftClientReply:client-C82EA620EB9B->85302df8-7a7f-4077-a053-c26dc3d3d65a@group-4701ABA8D7D0, cid=3474, SUCCESS, logIndex=5757, commits[85302df8-7a7f-4077-a053-c26dc3d3d65a:c5757]
2019-06-13 22:54:00,274 INFO  client.GrpcClientProtocolClient (GrpcClientProtocolClient.java:onNext(254)) - client-C82EA620EB9B->85302df8-7a7f-4077-a053-c26dc3d3d65a: receive RaftClientReply:client-C82EA620EB9B->85302df8-7a7f-4077-a053-c26dc3d3d65a@group-4701ABA8D7D0, cid=3475, SUCCESS, logIndex=5758, commits[85302df8-7a7f-4077-a053-c26dc3d3d65a:c5760]
2019-06-13 22:54:00,275 INFO  client.GrpcClientProtocolClient (GrpcClientProtocolClient.java:onNext(254)) - client-C82EA620EB9B->85302df8-7a7f-4077-a053-c26dc3d3d65a: receive RaftClientReply:client-C82EA620EB9B->85302df8-7a7f-4077-a053-c26dc3d3d65a@group-4701ABA8D7D0, cid=3476, SUCCESS, logIndex=5759, commits[85302df8-7a7f-4077-a053-c26dc3d3d65a:c5760]
2019-06-13 22:54:00,280 INFO  client.GrpcClientProtocolClient (GrpcClientProtocolClient.java:onNext(254)) - client-C82EA620EB9B->85302df8-7a7f-4077-a053-c26dc3d3d65a: receive RaftClientReply:client-C82EA620EB9B->85302df8-7a7f-4077-a053-c26dc3d3d65a@group-4701ABA8D7D0, cid=3477, SUCCESS, logIndex=5761, commits[85302df8-7a7f-4077-a053-c26dc3d3d65a:c5761]
2019-06-13 22:54:00,282 INFO  client.GrpcClientProtocolClient (GrpcClientProtocolClient.java:onNext(254)) - client-C82EA620EB9B->85302df8-7a7f-4077-a053-c26dc3d3d65a: receive RaftClientReply:client-C82EA620EB9B->85302df8-7a7f-4077-a053-c26dc3d3d65a@group-4701ABA8D7D0, cid=3478, SUCCESS, logIndex=5763, commits[85302df8-7a7f-4077-a053-c26dc3d3d65a:c5763]
2019-06-13 22:54:00,283 INFO  client.GrpcClientProtocolClient (GrpcClientProtocolClient.java:onNext(254)) - client-C82EA620EB9B->85302df8-7a7f-4077-a053-c26dc3d3d65a: receive RaftClientReply:client-C82EA620EB9B->85302df8-7a7f-4077-a053-c26dc3d3d65a@group-4701ABA8D7D0, cid=3479, SUCCESS, logIndex=5764, commits[85302df8-7a7f-4077-a053-c26dc3d3d65a:c5766]
2019-06-13 22:54:00,283 INFO  client.GrpcClientProtocolClient (GrpcClientProtocolClient.java:onNext(254)) - client-C82EA620EB9B->85302df8-7a7f-4077-a053-c26dc3d3d65a: receive RaftClientReply:client-C82EA620EB9B->85302df8-7a7f-4077-a053-c26dc3d3d65a@group-4701ABA8D7D0, cid=3480, SUCCESS, logIndex=5765, commits[85302df8-7a7f-4077-a053-c26dc3d3d65a:c5766]
2019-06-13 22:54:00,292 INFO  storage.RaftLogWorker (RaftLogWorker.java:rollLogSegment(303)) - 85302df8-7a7f-4077-a053-c26dc3d3d65a-RaftLogWorker: Rolling segment log-5698_5766 to index:5766
2019-06-13 22:54:00,292 INFO  storage.RaftLogWorker (RaftLogWorker.java:execute(433)) - 85302df8-7a7f-4077-a053-c26dc3d3d65a-RaftLogWorker: Rolled log segment from /opt/src/hadoop-ozone/integration-test/target/test-dir/MiniOzoneClusterImpl-550f9ca0-a6d9-4a4a-902f-f07ac81eac7b/datanode-0/data/ratis/5ad10fc2-5a33-4bdd-8958-4701aba8d7d0/current/log_inprogress_5698 to /opt/src/hadoop-ozone/integration-test/target/test-dir/MiniOzoneClusterImpl-550f9ca0-a6d9-4a4a-902f-f07ac81eac7b/datanode-0/data/ratis/5ad10fc2-5a33-4bdd-8958-4701aba8d7d0/current/log_5698-5766
2019-06-13 22:54:00,317 DEBUG block.SCMBlockDeletingService (SCMBlockDeletingService.java:call(138)) - Running DeletedBlockTransactionScanner
2019-06-13 22:54:00,317 DEBUG block.SCMBlockDeletingService (SCMBlockDeletingService.java:call(155)) - Scanned deleted blocks log and got 0 delTX to process.
2019-06-13 22:54:00,345 INFO  storage.RaftLogWorker (RaftLogWorker.java:execute(469)) - 85302df8-7a7f-4077-a053-c26dc3d3d65a-RaftLogWorker: created new log segment /opt/src/hadoop-ozone/integration-test/target/test-dir/MiniOzoneClusterImpl-550f9ca0-a6d9-4a4a-902f-f07ac81eac7b/datanode-0/data/ratis/5ad10fc2-5a33-4bdd-8958-4701aba8d7d0/current/log_inprogress_5767
2019-06-13 22:54:00,347 INFO  client.GrpcClientProtocolClient (GrpcClientProtocolClient.java:onNext(254)) - client-C82EA620EB9B->85302df8-7a7f-4077-a053-c26dc3d3d65a: receive RaftClientReply:client-C82EA620EB9B->85302df8-7a7f-4077-a053-c26dc3d3d65a@group-4701ABA8D7D0, cid=3481, SUCCESS, logIndex=5767, commits[85302df8-7a7f-4077-a053-c26dc3d3d65a:c5767]
2019-06-13 22:54:00,349 INFO  client.GrpcClientProtocolClient (GrpcClientProtocolClient.java:onNext(254)) - client-C82EA620EB9B->85302df8-7a7f-4077-a053-c26dc3d3d65a: receive RaftClientReply:client-C82EA620EB9B->85302df8-7a7f-4077-a053-c26dc3d3d65a@group-4701ABA8D7D0, cid=3482, SUCCESS, logIndex=5769, commits[85302df8-7a7f-4077-a053-c26dc3d3d65a:c5769]
2019-06-13 22:54:00,349 INFO  client.GrpcClientProtocolClient (GrpcClientProtocolClient.java:onNext(254)) - client-C82EA620EB9B->85302df8-7a7f-4077-a053-c26dc3d3d65a: receive RaftClientReply:client-C82EA620EB9B->85302df8-7a7f-4077-a053-c26dc3d3d65a@group-4701ABA8D7D0, cid=3483, SUCCESS, logIndex=5770, commits[85302df8-7a7f-4077-a053-c26dc3d3d65a:c5770]
2019-06-13 22:54:00,350 INFO  client.GrpcClientProtocolClient (GrpcClientProtocolClient.java:onNext(254)) - client-C82EA620EB9B->85302df8-7a7f-4077-a053-c26dc3d3d65a: receive RaftClientReply:client-C82EA620EB9B->85302df8-7a7f-4077-a053-c26dc3d3d65a@group-4701ABA8D7D0, cid=3484, SUCCESS, logIndex=5772, commits[85302df8-7a7f-4077-a053-c26dc3d3d65a:c5772]
2019-06-13 22:54:00,356 INFO  client.GrpcClientProtocolClient (GrpcClientProtocolClient.java:onNext(254)) - client-C82EA620EB9B->85302df8-7a7f-4077-a053-c26dc3d3d65a: receive RaftClientReply:client-C82EA620EB9B->85302df8-7a7f-4077-a053-c26dc3d3d65a@group-4701ABA8D7D0, cid=3485, SUCCESS, logIndex=5775, commits[85302df8-7a7f-4077-a053-c26dc3d3d65a:c5775]
2019-06-13 22:54:00,358 INFO  client.GrpcClientProtocolClient (GrpcClientProtocolClient.java:onNext(254)) - client-C82EA620EB9B->85302df8-7a7f-4077-a053-c26dc3d3d65a: receive RaftClientReply:client-C82EA620EB9B->85302df8-7a7f-4077-a053-c26dc3d3d65a@group-4701ABA8D7D0, cid=3486, SUCCESS, logIndex=5777, commits[85302df8-7a7f-4077-a053-c26dc3d3d65a:c5777]
2019-06-13 22:54:00,359 INFO  client.GrpcClientProtocolClient (GrpcClientProtocolClient.java:onNext(254)) - client-C82EA620EB9B->85302df8-7a7f-4077-a053-c26dc3d3d65a: receive RaftClientReply:client-C82EA620EB9B->85302df8-7a7f-4077-a053-c26dc3d3d65a@group-4701ABA8D7D0, cid=3487, SUCCESS, logIndex=5778, commits[85302df8-7a7f-4077-a053-c26dc3d3d65a:c5780]
2019-06-13 22:54:00,359 INFO  client.GrpcClientProtocolClient (GrpcClientProtocolClient.java:onNext(254)) - client-C82EA620EB9B->85302df8-7a7f-4077-a053-c26dc3d3d65a: receive RaftClientReply:client-C82EA620EB9B->85302df8-7a7f-4077-a053-c26dc3d3d65a@group-4701ABA8D7D0, cid=3488, SUCCESS, logIndex=5780, commits[85302df8-7a7f-4077-a053-c26dc3d3d65a:c5780]
2019-06-13 22:54:00,370 INFO  client.GrpcClientProtocolClient (GrpcClientProtocolClient.java:onNext(254)) - client-C82EA620EB9B->85302df8-7a7f-4077-a053-c26dc3d3d65a: receive RaftClientReply:client-C82EA620EB9B->85302df8-7a7f-4077-a053-c26dc3d3d65a@group-4701ABA8D7D0, cid=3489, SUCCESS, logIndex=5782, commits[85302df8-7a7f-4077-a053-c26dc3d3d65a:c5782]
2019-06-13 22:54:00,372 INFO  client.GrpcClientProtocolClient (GrpcClientProtocolClient.java:onNext(254)) - client-C82EA620EB9B->85302df8-7a7f-4077-a053-c26dc3d3d65a: receive RaftClientReply:client-C82EA620EB9B->85302df8-7a7f-4077-a053-c26dc3d3d65a@group-4701ABA8D7D0, cid=3490, SUCCESS, logIndex=5784, commits[85302df8-7a7f-4077-a053-c26dc3d3d65a:c5784]
2019-06-13 22:54:00,372 INFO  client.GrpcClientProtocolClient (GrpcClientProtocolClient.java:onNext(254)) - client-C82EA620EB9B->85302df8-7a7f-4077-a053-c26dc3d3d65a: receive RaftClientReply:client-C82EA620EB9B->85302df8-7a7f-4077-a053-c26dc3d3d65a@group-4701ABA8D7D0, cid=3491, SUCCESS, logIndex=5785, commits[85302df8-7a7f-4077-a053-c26dc3d3d65a:c5785]
2019-06-13 22:54:00,373 INFO  client.GrpcClientProtocolClient (GrpcClientProtocolClient.java:onNext(254)) - client-C82EA620EB9B->85302df8-7a7f-4077-a053-c26dc3d3d65a: receive RaftClientReply:client-C82EA620EB9B->85302df8-7a7f-4077-a053-c26dc3d3d65a@group-4701ABA8D7D0, cid=3492, SUCCESS, logIndex=5787, commits[85302df8-7a7f-4077-a053-c26dc3d3d65a:c5787]
2019-06-13 22:54:00,417 DEBUG block.SCMBlockDeletingService (SCMBlockDeletingService.java:call(138)) - Running DeletedBlockTransactionScanner
2019-06-13 22:54:00,418 DEBUG block.SCMBlockDeletingService (SCMBlockDeletingService.java:call(155)) - Scanned deleted blocks log and got 0 delTX to process.
2019-06-13 22:54:00,447 INFO  client.GrpcClientProtocolClient (GrpcClientProtocolClient.java:onNext(254)) - client-C82EA620EB9B->85302df8-7a7f-4077-a053-c26dc3d3d65a: receive RaftClientReply:client-C82EA620EB9B->85302df8-7a7f-4077-a053-c26dc3d3d65a@group-4701ABA8D7D0, cid=3493, SUCCESS, logIndex=5790, commits[85302df8-7a7f-4077-a053-c26dc3d3d65a:c5790]
2019-06-13 22:54:00,448 INFO  client.GrpcClientProtocolClient (GrpcClientProtocolClient.java:onNext(254)) - client-C82EA620EB9B->85302df8-7a7f-4077-a053-c26dc3d3d65a: receive RaftClientReply:client-C82EA620EB9B->85302df8-7a7f-4077-a053-c26dc3d3d65a@group-4701ABA8D7D0, cid=3494, SUCCESS, logIndex=5792, commits[85302df8-7a7f-4077-a053-c26dc3d3d65a:c5792]
2019-06-13 22:54:00,450 INFO  client.GrpcClientProtocolClient (GrpcClientProtocolClient.java:onNext(254)) - client-C82EA620EB9B->85302df8-7a7f-4077-a053-c26dc3d3d65a: receive RaftClientReply:client-C82EA620EB9B->85302df8-7a7f-4077-a053-c26dc3d3d65a@group-4701ABA8D7D0, cid=3495, SUCCESS, logIndex=5793, commits[85302df8-7a7f-4077-a053-c26dc3d3d65a:c5795]
2019-06-13 22:54:00,450 INFO  client.GrpcClientProtocolClient (GrpcClientProtocolClient.java:onNext(254)) - client-C82EA620EB9B->85302df8-7a7f-4077-a053-c26dc3d3d65a: receive RaftClientReply:client-C82EA620EB9B->85302df8-7a7f-4077-a053-c26dc3d3d65a@group-4701ABA8D7D0, cid=3496, SUCCESS, logIndex=5794, commits[85302df8-7a7f-4077-a053-c26dc3d3d65a:c5795]
2019-06-13 22:54:00,461 INFO  client.GrpcClientProtocolClient (GrpcClientProtocolClient.java:onNext(254)) - client-C82EA620EB9B->85302df8-7a7f-4077-a053-c26dc3d3d65a: receive RaftClientReply:client-C82EA620EB9B->85302df8-7a7f-4077-a053-c26dc3d3d65a@group-4701ABA8D7D0, cid=3497, SUCCESS, logIndex=5796, commits[85302df8-7a7f-4077-a053-c26dc3d3d65a:c5796]
2019-06-13 22:54:00,462 INFO  client.GrpcClientProtocolClient (GrpcClientProtocolClient.java:onNext(254)) - client-C82EA620EB9B->85302df8-7a7f-4077-a053-c26dc3d3d65a: receive RaftClientReply:client-C82EA620EB9B->85302df8-7a7f-4077-a053-c26dc3d3d65a@group-4701ABA8D7D0, cid=3498, SUCCESS, logIndex=5798, commits[85302df8-7a7f-4077-a053-c26dc3d3d65a:c5798]
2019-06-13 22:54:00,464 INFO  client.GrpcClientProtocolClient (GrpcClientProtocolClient.java:onNext(254)) - client-C82EA620EB9B->85302df8-7a7f-4077-a053-c26dc3d3d65a: receive RaftClientReply:client-C82EA620EB9B->85302df8-7a7f-4077-a053-c26dc3d3d65a@group-4701ABA8D7D0, cid=3499, SUCCESS, logIndex=5800, commits[85302df8-7a7f-4077-a053-c26dc3d3d65a:c5801]
2019-06-13 22:54:00,464 INFO  client.GrpcClientProtocolClient (GrpcClientProtocolClient.java:onNext(254)) - client-C82EA620EB9B->85302df8-7a7f-4077-a053-c26dc3d3d65a: receive RaftClientReply:client-C82EA620EB9B->85302df8-7a7f-4077-a053-c26dc3d3d65a@group-4701ABA8D7D0, cid=3500, SUCCESS, logIndex=5801, commits[85302df8-7a7f-4077-a053-c26dc3d3d65a:c5801]
2019-06-13 22:54:00,470 INFO  client.GrpcClientProtocolClient (GrpcClientProtocolClient.java:onNext(254)) - client-C82EA620EB9B->85302df8-7a7f-4077-a053-c26dc3d3d65a: receive RaftClientReply:client-C82EA620EB9B->85302df8-7a7f-4077-a053-c26dc3d3d65a@group-4701ABA8D7D0, cid=3501, SUCCESS, logIndex=5803, commits[85302df8-7a7f-4077-a053-c26dc3d3d65a:c5803]
2019-06-13 22:54:00,472 INFO  client.GrpcClientProtocolClient (GrpcClientProtocolClient.java:onNext(254)) - client-C82EA620EB9B->85302df8-7a7f-4077-a053-c26dc3d3d65a: receive RaftClientReply:client-C82EA620EB9B->85302df8-7a7f-4077-a053-c26dc3d3d65a@group-4701ABA8D7D0, cid=3502, SUCCESS, logIndex=5805, commits[85302df8-7a7f-4077-a053-c26dc3d3d65a:c5805]
2019-06-13 22:54:00,473 INFO  client.GrpcClientProtocolClient (GrpcClientProtocolClient.java:onNext(254)) - client-C82EA620EB9B->85302df8-7a7f-4077-a053-c26dc3d3d65a: receive RaftClientReply:client-C82EA620EB9B->85302df8-7a7f-4077-a053-c26dc3d3d65a@group-4701ABA8D7D0, cid=3503, SUCCESS, logIndex=5806, commits[85302df8-7a7f-4077-a053-c26dc3d3d65a:c5807]
2019-06-13 22:54:00,474 INFO  client.GrpcClientProtocolClient (GrpcClientProtocolClient.java:onNext(254)) - client-C82EA620EB9B->85302df8-7a7f-4077-a053-c26dc3d3d65a: receive RaftClientReply:client-C82EA620EB9B->85302df8-7a7f-4077-a053-c26dc3d3d65a@group-4701ABA8D7D0, cid=3504, SUCCESS, logIndex=5807, commits[85302df8-7a7f-4077-a053-c26dc3d3d65a:c5807]
2019-06-13 22:54:00,485 INFO  client.GrpcClientProtocolClient (GrpcClientProtocolClient.java:onNext(254)) - client-C82EA620EB9B->85302df8-7a7f-4077-a053-c26dc3d3d65a: receive RaftClientReply:client-C82EA620EB9B->85302df8-7a7f-4077-a053-c26dc3d3d65a@group-4701ABA8D7D0, cid=3505, SUCCESS, logIndex=5810, commits[85302df8-7a7f-4077-a053-c26dc3d3d65a:c5810]
2019-06-13 22:54:00,486 INFO  client.GrpcClientProtocolClient (GrpcClientProtocolClient.java:onNext(254)) - client-C82EA620EB9B->85302df8-7a7f-4077-a053-c26dc3d3d65a: receive RaftClientReply:client-C82EA620EB9B->85302df8-7a7f-4077-a053-c26dc3d3d65a@group-4701ABA8D7D0, cid=3506, SUCCESS, logIndex=5812, commits[85302df8-7a7f-4077-a053-c26dc3d3d65a:c5812]
2019-06-13 22:54:00,487 INFO  client.GrpcClientProtocolClient (GrpcClientProtocolClient.java:onNext(254)) - client-C82EA620EB9B->85302df8-7a7f-4077-a053-c26dc3d3d65a: receive RaftClientReply:client-C82EA620EB9B->85302df8-7a7f-4077-a053-c26dc3d3d65a@group-4701ABA8D7D0, cid=3507, SUCCESS, logIndex=5813, commits[85302df8-7a7f-4077-a053-c26dc3d3d65a:c5815]
2019-06-13 22:54:00,487 INFO  client.GrpcClientProtocolClient (GrpcClientProtocolClient.java:onNext(254)) - client-C82EA620EB9B->85302df8-7a7f-4077-a053-c26dc3d3d65a: receive RaftClientReply:client-C82EA620EB9B->85302df8-7a7f-4077-a053-c26dc3d3d65a@group-4701ABA8D7D0, cid=3508, SUCCESS, logIndex=5814, commits[85302df8-7a7f-4077-a053-c26dc3d3d65a:c5815]
2019-06-13 22:54:00,493 INFO  client.GrpcClientProtocolClient (GrpcClientProtocolClient.java:onNext(254)) - client-C82EA620EB9B->85302df8-7a7f-4077-a053-c26dc3d3d65a: receive RaftClientReply:client-C82EA620EB9B->85302df8-7a7f-4077-a053-c26dc3d3d65a@group-4701ABA8D7D0, cid=3509, SUCCESS, logIndex=5816, commits[85302df8-7a7f-4077-a053-c26dc3d3d65a:c5816]
2019-06-13 22:54:00,494 INFO  client.GrpcClientProtocolClient (GrpcClientProtocolClient.java:onNext(254)) - client-C82EA620EB9B->85302df8-7a7f-4077-a053-c26dc3d3d65a: receive RaftClientReply:client-C82EA620EB9B->85302df8-7a7f-4077-a053-c26dc3d3d65a@group-4701ABA8D7D0, cid=3510, SUCCESS, logIndex=5818, commits[85302df8-7a7f-4077-a053-c26dc3d3d65a:c5818]
2019-06-13 22:54:00,496 INFO  client.GrpcClientProtocolClient (GrpcClientProtocolClient.java:onNext(254)) - client-C82EA620EB9B->85302df8-7a7f-4077-a053-c26dc3d3d65a: receive RaftClientReply:client-C82EA620EB9B->85302df8-7a7f-4077-a053-c26dc3d3d65a@group-4701ABA8D7D0, cid=3511, SUCCESS, logIndex=5819, commits[85302df8-7a7f-4077-a053-c26dc3d3d65a:c5821]
2019-06-13 22:54:00,496 INFO  client.GrpcClientProtocolClient (GrpcClientProtocolClient.java:onNext(254)) - client-C82EA620EB9B->85302df8-7a7f-4077-a053-c26dc3d3d65a: receive RaftClientReply:client-C82EA620EB9B->85302df8-7a7f-4077-a053-c26dc3d3d65a@group-4701ABA8D7D0, cid=3512, SUCCESS, logIndex=5820, commits[85302df8-7a7f-4077-a053-c26dc3d3d65a:c5821]
2019-06-13 22:54:00,507 INFO  client.GrpcClientProtocolClient (GrpcClientProtocolClient.java:onNext(254)) - client-C82EA620EB9B->85302df8-7a7f-4077-a053-c26dc3d3d65a: receive RaftClientReply:client-C82EA620EB9B->85302df8-7a7f-4077-a053-c26dc3d3d65a@group-4701ABA8D7D0, cid=3513, SUCCESS, logIndex=5822, commits[85302df8-7a7f-4077-a053-c26dc3d3d65a:c5822]
2019-06-13 22:54:00,508 INFO  client.GrpcClientProtocolClient (GrpcClientProtocolClient.java:onNext(254)) - client-C82EA620EB9B->85302df8-7a7f-4077-a053-c26dc3d3d65a: receive RaftClientReply:client-C82EA620EB9B->85302df8-7a7f-4077-a053-c26dc3d3d65a@group-4701ABA8D7D0, cid=3514, SUCCESS, logIndex=5824, commits[85302df8-7a7f-4077-a053-c26dc3d3d65a:c5824]
2019-06-13 22:54:00,510 INFO  client.GrpcClientProtocolClient (GrpcClientProtocolClient.java:onNext(254)) - client-C82EA620EB9B->85302df8-7a7f-4077-a053-c26dc3d3d65a: receive RaftClientReply:client-C82EA620EB9B->85302df8-7a7f-4077-a053-c26dc3d3d65a@group-4701ABA8D7D0, cid=3515, SUCCESS, logIndex=5826, commits[85302df8-7a7f-4077-a053-c26dc3d3d65a:c5827]
2019-06-13 22:54:00,511 INFO  client.GrpcClientProtocolClient (GrpcClientProtocolClient.java:onNext(254)) - client-C82EA620EB9B->85302df8-7a7f-4077-a053-c26dc3d3d65a: receive RaftClientReply:client-C82EA620EB9B->85302df8-7a7f-4077-a053-c26dc3d3d65a@group-4701ABA8D7D0, cid=3516, SUCCESS, logIndex=5827, commits[85302df8-7a7f-4077-a053-c26dc3d3d65a:c5827]
2019-06-13 22:54:00,516 INFO  client.GrpcClientProtocolClient (GrpcClientProtocolClient.java:onNext(254)) - client-C82EA620EB9B->85302df8-7a7f-4077-a053-c26dc3d3d65a: receive RaftClientReply:client-C82EA620EB9B->85302df8-7a7f-4077-a053-c26dc3d3d65a@group-4701ABA8D7D0, cid=3517, SUCCESS, logIndex=5829, commits[85302df8-7a7f-4077-a053-c26dc3d3d65a:c5829]
2019-06-13 22:54:00,517 INFO  client.GrpcClientProtocolClient (GrpcClientProtocolClient.java:onNext(254)) - client-C82EA620EB9B->85302df8-7a7f-4077-a053-c26dc3d3d65a: receive RaftClientReply:client-C82EA620EB9B->85302df8-7a7f-4077-a053-c26dc3d3d65a@group-4701ABA8D7D0, cid=3518, SUCCESS, logIndex=5831, commits[85302df8-7a7f-4077-a053-c26dc3d3d65a:c5831]
2019-06-13 22:54:00,518 DEBUG block.SCMBlockDeletingService (SCMBlockDeletingService.java:call(138)) - Running DeletedBlockTransactionScanner
2019-06-13 22:54:00,518 DEBUG block.SCMBlockDeletingService (SCMBlockDeletingService.java:call(155)) - Scanned deleted blocks log and got 0 delTX to process.
2019-06-13 22:54:00,520 INFO  client.GrpcClientProtocolClient (GrpcClientProtocolClient.java:onNext(254)) - client-C82EA620EB9B->85302df8-7a7f-4077-a053-c26dc3d3d65a: receive RaftClientReply:client-C82EA620EB9B->85302df8-7a7f-4077-a053-c26dc3d3d65a@group-4701ABA8D7D0, cid=3519, SUCCESS, logIndex=5833, commits[85302df8-7a7f-4077-a053-c26dc3d3d65a:c5834]
2019-06-13 22:54:00,520 INFO  client.GrpcClientProtocolClient (GrpcClientProtocolClient.java:onNext(254)) - client-C82EA620EB9B->85302df8-7a7f-4077-a053-c26dc3d3d65a: receive RaftClientReply:client-C82EA620EB9B->85302df8-7a7f-4077-a053-c26dc3d3d65a@group-4701ABA8D7D0, cid=3520, SUCCESS, logIndex=5834, commits[85302df8-7a7f-4077-a053-c26dc3d3d65a:c5834]
2019-06-13 22:54:00,531 INFO  client.GrpcClientProtocolClient (GrpcClientProtocolClient.java:onNext(254)) - client-C82EA620EB9B->85302df8-7a7f-4077-a053-c26dc3d3d65a: receive RaftClientReply:client-C82EA620EB9B->85302df8-7a7f-4077-a053-c26dc3d3d65a@group-4701ABA8D7D0, cid=3521, SUCCESS, logIndex=5836, commits[85302df8-7a7f-4077-a053-c26dc3d3d65a:c5836]
2019-06-13 22:54:00,534 INFO  client.GrpcClientProtocolClient (GrpcClientProtocolClient.java:onNext(254)) - client-C82EA620EB9B->85302df8-7a7f-4077-a053-c26dc3d3d65a: receive RaftClientReply:client-C82EA620EB9B->85302df8-7a7f-4077-a053-c26dc3d3d65a@group-4701ABA8D7D0, cid=3522, SUCCESS, logIndex=5838, commits[85302df8-7a7f-4077-a053-c26dc3d3d65a:c5838]
2019-06-13 22:54:00,534 INFO  client.GrpcClientProtocolClient (GrpcClientProtocolClient.java:onNext(254)) - client-C82EA620EB9B->85302df8-7a7f-4077-a053-c26dc3d3d65a: receive RaftClientReply:client-C82EA620EB9B->85302df8-7a7f-4077-a053-c26dc3d3d65a@group-4701ABA8D7D0, cid=3523, SUCCESS, logIndex=5839, commits[85302df8-7a7f-4077-a053-c26dc3d3d65a:c5841]
2019-06-13 22:54:00,535 INFO  client.GrpcClientProtocolClient (GrpcClientProtocolClient.java:onNext(254)) - client-C82EA620EB9B->85302df8-7a7f-4077-a053-c26dc3d3d65a: receive RaftClientReply:client-C82EA620EB9B->85302df8-7a7f-4077-a053-c26dc3d3d65a@group-4701ABA8D7D0, cid=3524, SUCCESS, logIndex=5841, commits[85302df8-7a7f-4077-a053-c26dc3d3d65a:c5842]
2019-06-13 22:54:00,538 INFO  storage.RaftLogWorker (RaftLogWorker.java:rollLogSegment(303)) - 85302df8-7a7f-4077-a053-c26dc3d3d65a-RaftLogWorker: Rolling segment log-5767_5842 to index:5842
2019-06-13 22:54:00,538 INFO  storage.RaftLogWorker (RaftLogWorker.java:execute(433)) - 85302df8-7a7f-4077-a053-c26dc3d3d65a-RaftLogWorker: Rolled log segment from /opt/src/hadoop-ozone/integration-test/target/test-dir/MiniOzoneClusterImpl-550f9ca0-a6d9-4a4a-902f-f07ac81eac7b/datanode-0/data/ratis/5ad10fc2-5a33-4bdd-8958-4701aba8d7d0/current/log_inprogress_5767 to /opt/src/hadoop-ozone/integration-test/target/test-dir/MiniOzoneClusterImpl-550f9ca0-a6d9-4a4a-902f-f07ac81eac7b/datanode-0/data/ratis/5ad10fc2-5a33-4bdd-8958-4701aba8d7d0/current/log_5767-5842
2019-06-13 22:54:00,574 INFO  storage.RaftLogWorker (RaftLogWorker.java:execute(469)) - 85302df8-7a7f-4077-a053-c26dc3d3d65a-RaftLogWorker: created new log segment /opt/src/hadoop-ozone/integration-test/target/test-dir/MiniOzoneClusterImpl-550f9ca0-a6d9-4a4a-902f-f07ac81eac7b/datanode-0/data/ratis/5ad10fc2-5a33-4bdd-8958-4701aba8d7d0/current/log_inprogress_5843
2019-06-13 22:54:00,576 INFO  client.GrpcClientProtocolClient (GrpcClientProtocolClient.java:onNext(254)) - client-C82EA620EB9B->85302df8-7a7f-4077-a053-c26dc3d3d65a: receive RaftClientReply:client-C82EA620EB9B->85302df8-7a7f-4077-a053-c26dc3d3d65a@group-4701ABA8D7D0, cid=3525, SUCCESS, logIndex=5843, commits[85302df8-7a7f-4077-a053-c26dc3d3d65a:c5843]
2019-06-13 22:54:00,577 INFO  client.GrpcClientProtocolClient (GrpcClientProtocolClient.java:onNext(254)) - client-C82EA620EB9B->85302df8-7a7f-4077-a053-c26dc3d3d65a: receive RaftClientReply:client-C82EA620EB9B->85302df8-7a7f-4077-a053-c26dc3d3d65a@group-4701ABA8D7D0, cid=3526, SUCCESS, logIndex=5845, commits[85302df8-7a7f-4077-a053-c26dc3d3d65a:c5845]
2019-06-13 22:54:00,578 INFO  client.GrpcClientProtocolClient (GrpcClientProtocolClient.java:onNext(254)) - client-C82EA620EB9B->85302df8-7a7f-4077-a053-c26dc3d3d65a: receive RaftClientReply:client-C82EA620EB9B->85302df8-7a7f-4077-a053-c26dc3d3d65a@group-4701ABA8D7D0, cid=3527, SUCCESS, logIndex=5846, commits[85302df8-7a7f-4077-a053-c26dc3d3d65a:c5848]
2019-06-13 22:54:00,578 INFO  client.GrpcClientProtocolClient (GrpcClientProtocolClient.java:onNext(254)) - client-C82EA620EB9B->85302df8-7a7f-4077-a053-c26dc3d3d65a: receive RaftClientReply:client-C82EA620EB9B->85302df8-7a7f-4077-a053-c26dc3d3d65a@group-4701ABA8D7D0, cid=3528, SUCCESS, logIndex=5847, commits[85302df8-7a7f-4077-a053-c26dc3d3d65a:c5848]
2019-06-13 22:54:00,840 DEBUG block.SCMBlockDeletingService (SCMBlockDeletingService.java:call(138)) - Running DeletedBlockTransactionScanner
2019-06-13 22:54:00,843 DEBUG block.SCMBlockDeletingService (SCMBlockDeletingService.java:call(155)) - Scanned deleted blocks log and got 0 delTX to process.
2019-06-13 22:54:00,856 INFO  client.GrpcClientProtocolClient (GrpcClientProtocolClient.java:onNext(254)) - client-C82EA620EB9B->85302df8-7a7f-4077-a053-c26dc3d3d65a: receive RaftClientReply:client-C82EA620EB9B->85302df8-7a7f-4077-a053-c26dc3d3d65a@group-4701ABA8D7D0, cid=3529, SUCCESS, logIndex=5849, commits[85302df8-7a7f-4077-a053-c26dc3d3d65a:c5849]
2019-06-13 22:54:00,857 INFO  client.GrpcClientProtocolClient (GrpcClientProtocolClient.java:onNext(254)) - client-C82EA620EB9B->85302df8-7a7f-4077-a053-c26dc3d3d65a: receive RaftClientReply:client-C82EA620EB9B->85302df8-7a7f-4077-a053-c26dc3d3d65a@group-4701ABA8D7D0, cid=3530, SUCCESS, logIndex=5851, commits[85302df8-7a7f-4077-a053-c26dc3d3d65a:c5851]
2019-06-13 22:54:00,859 INFO  client.GrpcClientProtocolClient (GrpcClientProtocolClient.java:onNext(254)) - client-C82EA620EB9B->85302df8-7a7f-4077-a053-c26dc3d3d65a: receive RaftClientReply:client-C82EA620EB9B->85302df8-7a7f-4077-a053-c26dc3d3d65a@group-4701ABA8D7D0, cid=3531, SUCCESS, logIndex=5852, commits[85302df8-7a7f-4077-a053-c26dc3d3d65a:c5854]
2019-06-13 22:54:00,859 INFO  client.GrpcClientProtocolClient (GrpcClientProtocolClient.java:onNext(254)) - client-C82EA620EB9B->85302df8-7a7f-4077-a053-c26dc3d3d65a: receive RaftClientReply:client-C82EA620EB9B->85302df8-7a7f-4077-a053-c26dc3d3d65a@group-4701ABA8D7D0, cid=3532, SUCCESS, logIndex=5853, commits[85302df8-7a7f-4077-a053-c26dc3d3d65a:c5854]
2019-06-13 22:54:00,866 INFO  client.GrpcClientProtocolClient (GrpcClientProtocolClient.java:onNext(254)) - client-C82EA620EB9B->85302df8-7a7f-4077-a053-c26dc3d3d65a: receive RaftClientReply:client-C82EA620EB9B->85302df8-7a7f-4077-a053-c26dc3d3d65a@group-4701ABA8D7D0, cid=3533, SUCCESS, logIndex=5855, commits[85302df8-7a7f-4077-a053-c26dc3d3d65a:c5855]
2019-06-13 22:54:00,867 INFO  client.GrpcClientProtocolClient (GrpcClientProtocolClient.java:onNext(254)) - client-C82EA620EB9B->85302df8-7a7f-4077-a053-c26dc3d3d65a: receive RaftClientReply:client-C82EA620EB9B->85302df8-7a7f-4077-a053-c26dc3d3d65a@group-4701ABA8D7D0, cid=3534, SUCCESS, logIndex=5857, commits[85302df8-7a7f-4077-a053-c26dc3d3d65a:c5857]
2019-06-13 22:54:00,868 INFO  client.GrpcClientProtocolClient (GrpcClientProtocolClient.java:onNext(254)) - client-C82EA620EB9B->85302df8-7a7f-4077-a053-c26dc3d3d65a: receive RaftClientReply:client-C82EA620EB9B->85302df8-7a7f-4077-a053-c26dc3d3d65a@group-4701ABA8D7D0, cid=3535, SUCCESS, logIndex=5858, commits[85302df8-7a7f-4077-a053-c26dc3d3d65a:c5860]
2019-06-13 22:54:00,869 INFO  client.GrpcClientProtocolClient (GrpcClientProtocolClient.java:onNext(254)) - client-C82EA620EB9B->85302df8-7a7f-4077-a053-c26dc3d3d65a: receive RaftClientReply:client-C82EA620EB9B->85302df8-7a7f-4077-a053-c26dc3d3d65a@group-4701ABA8D7D0, cid=3536, SUCCESS, logIndex=5859, commits[85302df8-7a7f-4077-a053-c26dc3d3d65a:c5860]
2019-06-13 22:54:00,943 DEBUG block.SCMBlockDeletingService (SCMBlockDeletingService.java:call(138)) - Running DeletedBlockTransactionScanner
2019-06-13 22:54:00,944 DEBUG block.SCMBlockDeletingService (SCMBlockDeletingService.java:call(155)) - Scanned deleted blocks log and got 0 delTX to process.
2019-06-13 22:54:00,957 INFO  client.GrpcClientProtocolClient (GrpcClientProtocolClient.java:onNext(254)) - client-C82EA620EB9B->85302df8-7a7f-4077-a053-c26dc3d3d65a: receive RaftClientReply:client-C82EA620EB9B->85302df8-7a7f-4077-a053-c26dc3d3d65a@group-4701ABA8D7D0, cid=3537, SUCCESS, logIndex=5861, commits[85302df8-7a7f-4077-a053-c26dc3d3d65a:c5861]
2019-06-13 22:54:00,959 INFO  client.GrpcClientProtocolClient (GrpcClientProtocolClient.java:onNext(254)) - client-C82EA620EB9B->85302df8-7a7f-4077-a053-c26dc3d3d65a: receive RaftClientReply:client-C82EA620EB9B->85302df8-7a7f-4077-a053-c26dc3d3d65a@group-4701ABA8D7D0, cid=3538, SUCCESS, logIndex=5863, commits[85302df8-7a7f-4077-a053-c26dc3d3d65a:c5863]
2019-06-13 22:54:00,959 INFO  client.GrpcClientProtocolClient (GrpcClientProtocolClient.java:onNext(254)) - client-C82EA620EB9B->85302df8-7a7f-4077-a053-c26dc3d3d65a: receive RaftClientReply:client-C82EA620EB9B->85302df8-7a7f-4077-a053-c26dc3d3d65a@group-4701ABA8D7D0, cid=3539, SUCCESS, logIndex=5864, commits[85302df8-7a7f-4077-a053-c26dc3d3d65a:c5865]
2019-06-13 22:54:00,959 INFO  client.GrpcClientProtocolClient (GrpcClientProtocolClient.java:onNext(254)) - client-C82EA620EB9B->85302df8-7a7f-4077-a053-c26dc3d3d65a: receive RaftClientReply:client-C82EA620EB9B->85302df8-7a7f-4077-a053-c26dc3d3d65a@group-4701ABA8D7D0, cid=3540, SUCCESS, logIndex=5865, commits[85302df8-7a7f-4077-a053-c26dc3d3d65a:c5865]
2019-06-13 22:54:00,965 INFO  client.GrpcClientProtocolClient (GrpcClientProtocolClient.java:onNext(254)) - client-C82EA620EB9B->85302df8-7a7f-4077-a053-c26dc3d3d65a: receive RaftClientReply:client-C82EA620EB9B->85302df8-7a7f-4077-a053-c26dc3d3d65a@group-4701ABA8D7D0, cid=3541, SUCCESS, logIndex=5868, commits[85302df8-7a7f-4077-a053-c26dc3d3d65a:c5868]
2019-06-13 22:54:00,966 INFO  client.GrpcClientProtocolClient (GrpcClientProtocolClient.java:onNext(254)) - client-C82EA620EB9B->85302df8-7a7f-4077-a053-c26dc3d3d65a: receive RaftClientReply:client-C82EA620EB9B->85302df8-7a7f-4077-a053-c26dc3d3d65a@group-4701ABA8D7D0, cid=3542, SUCCESS, logIndex=5870, commits[85302df8-7a7f-4077-a053-c26dc3d3d65a:c5870]
2019-06-13 22:54:00,967 INFO  client.GrpcClientProtocolClient (GrpcClientProtocolClient.java:onNext(254)) - client-C82EA620EB9B->85302df8-7a7f-4077-a053-c26dc3d3d65a: receive RaftClientReply:client-C82EA620EB9B->85302df8-7a7f-4077-a053-c26dc3d3d65a@group-4701ABA8D7D0, cid=3543, SUCCESS, logIndex=5871, commits[85302df8-7a7f-4077-a053-c26dc3d3d65a:c5873]
2019-06-13 22:54:00,967 INFO  client.GrpcClientProtocolClient (GrpcClientProtocolClient.java:onNext(254)) - client-C82EA620EB9B->85302df8-7a7f-4077-a053-c26dc3d3d65a: receive RaftClientReply:client-C82EA620EB9B->85302df8-7a7f-4077-a053-c26dc3d3d65a@group-4701ABA8D7D0, cid=3544, SUCCESS, logIndex=5872, commits[85302df8-7a7f-4077-a053-c26dc3d3d65a:c5873]
2019-06-13 22:54:00,978 INFO  client.GrpcClientProtocolClient (GrpcClientProtocolClient.java:onNext(254)) - client-C82EA620EB9B->85302df8-7a7f-4077-a053-c26dc3d3d65a: receive RaftClientReply:client-C82EA620EB9B->85302df8-7a7f-4077-a053-c26dc3d3d65a@group-4701ABA8D7D0, cid=3545, SUCCESS, logIndex=5874, commits[85302df8-7a7f-4077-a053-c26dc3d3d65a:c5874]
2019-06-13 22:54:00,979 INFO  client.GrpcClientProtocolClient (GrpcClientProtocolClient.java:onNext(254)) - client-C82EA620EB9B->85302df8-7a7f-4077-a053-c26dc3d3d65a: receive RaftClientReply:client-C82EA620EB9B->85302df8-7a7f-4077-a053-c26dc3d3d65a@group-4701ABA8D7D0, cid=3546, SUCCESS, logIndex=5876, commits[85302df8-7a7f-4077-a053-c26dc3d3d65a:c5876]
2019-06-13 22:54:00,980 INFO  client.GrpcClientProtocolClient (GrpcClientProtocolClient.java:onNext(254)) - client-C82EA620EB9B->85302df8-7a7f-4077-a053-c26dc3d3d65a: receive RaftClientReply:client-C82EA620EB9B->85302df8-7a7f-4077-a053-c26dc3d3d65a@group-4701ABA8D7D0, cid=3547, SUCCESS, logIndex=5877, commits[85302df8-7a7f-4077-a053-c26dc3d3d65a:c5877]
2019-06-13 22:54:00,980 INFO  client.GrpcClientProtocolClient (GrpcClientProtocolClient.java:onNext(254)) - client-C82EA620EB9B->85302df8-7a7f-4077-a053-c26dc3d3d65a: receive RaftClientReply:client-C82EA620EB9B->85302df8-7a7f-4077-a053-c26dc3d3d65a@group-4701ABA8D7D0, cid=3548, SUCCESS, logIndex=5879, commits[85302df8-7a7f-4077-a053-c26dc3d3d65a:c5879]
2019-06-13 22:54:00,986 INFO  client.GrpcClientProtocolClient (GrpcClientProtocolClient.java:onNext(254)) - client-C82EA620EB9B->85302df8-7a7f-4077-a053-c26dc3d3d65a: receive RaftClientReply:client-C82EA620EB9B->85302df8-7a7f-4077-a053-c26dc3d3d65a@group-4701ABA8D7D0, cid=3549, SUCCESS, logIndex=5882, commits[85302df8-7a7f-4077-a053-c26dc3d3d65a:c5882]
2019-06-13 22:54:00,987 INFO  client.GrpcClientProtocolClient (GrpcClientProtocolClient.java:onNext(254)) - client-C82EA620EB9B->85302df8-7a7f-4077-a053-c26dc3d3d65a: receive RaftClientReply:client-C82EA620EB9B->85302df8-7a7f-4077-a053-c26dc3d3d65a@group-4701ABA8D7D0, cid=3550, SUCCESS, logIndex=5884, commits[85302df8-7a7f-4077-a053-c26dc3d3d65a:c5884]
2019-06-13 22:54:00,988 INFO  client.GrpcClientProtocolClient (GrpcClientProtocolClient.java:onNext(254)) - client-C82EA620EB9B->85302df8-7a7f-4077-a053-c26dc3d3d65a: receive RaftClientReply:client-C82EA620EB9B->85302df8-7a7f-4077-a053-c26dc3d3d65a@group-4701ABA8D7D0, cid=3551, SUCCESS, logIndex=5885, commits[85302df8-7a7f-4077-a053-c26dc3d3d65a:c5887]
2019-06-13 22:54:00,988 INFO  client.GrpcClientProtocolClient (GrpcClientProtocolClient.java:onNext(254)) - client-C82EA620EB9B->85302df8-7a7f-4077-a053-c26dc3d3d65a: receive RaftClientReply:client-C82EA620EB9B->85302df8-7a7f-4077-a053-c26dc3d3d65a@group-4701ABA8D7D0, cid=3552, SUCCESS, logIndex=5886, commits[85302df8-7a7f-4077-a053-c26dc3d3d65a:c5887]
2019-06-13 22:54:00,998 INFO  client.GrpcClientProtocolClient (GrpcClientProtocolClient.java:onNext(254)) - client-C82EA620EB9B->85302df8-7a7f-4077-a053-c26dc3d3d65a: receive RaftClientReply:client-C82EA620EB9B->85302df8-7a7f-4077-a053-c26dc3d3d65a@group-4701ABA8D7D0, cid=3553, SUCCESS, logIndex=5888, commits[85302df8-7a7f-4077-a053-c26dc3d3d65a:c5888]
2019-06-13 22:54:00,999 INFO  client.GrpcClientProtocolClient (GrpcClientProtocolClient.java:onNext(254)) - client-C82EA620EB9B->85302df8-7a7f-4077-a053-c26dc3d3d65a: receive RaftClientReply:client-C82EA620EB9B->85302df8-7a7f-4077-a053-c26dc3d3d65a@group-4701ABA8D7D0, cid=3554, SUCCESS, logIndex=5890, commits[85302df8-7a7f-4077-a053-c26dc3d3d65a:c5890]
2019-06-13 22:54:01,001 INFO  client.GrpcClientProtocolClient (GrpcClientProtocolClient.java:onNext(254)) - client-C82EA620EB9B->85302df8-7a7f-4077-a053-c26dc3d3d65a: receive RaftClientReply:client-C82EA620EB9B->85302df8-7a7f-4077-a053-c26dc3d3d65a@group-4701ABA8D7D0, cid=3555, SUCCESS, logIndex=5891, commits[85302df8-7a7f-4077-a053-c26dc3d3d65a:c5893]
2019-06-13 22:54:01,001 INFO  client.GrpcClientProtocolClient (GrpcClientProtocolClient.java:onNext(254)) - client-C82EA620EB9B->85302df8-7a7f-4077-a053-c26dc3d3d65a: receive RaftClientReply:client-C82EA620EB9B->85302df8-7a7f-4077-a053-c26dc3d3d65a@group-4701ABA8D7D0, cid=3556, SUCCESS, logIndex=5892, commits[85302df8-7a7f-4077-a053-c26dc3d3d65a:c5893]
2019-06-13 22:54:01,006 INFO  client.GrpcClientProtocolClient (GrpcClientProtocolClient.java:onNext(254)) - client-C82EA620EB9B->85302df8-7a7f-4077-a053-c26dc3d3d65a: receive RaftClientReply:client-C82EA620EB9B->85302df8-7a7f-4077-a053-c26dc3d3d65a@group-4701ABA8D7D0, cid=3557, SUCCESS, logIndex=5894, commits[85302df8-7a7f-4077-a053-c26dc3d3d65a:c5894]
2019-06-13 22:54:01,008 INFO  client.GrpcClientProtocolClient (GrpcClientProtocolClient.java:onNext(254)) - client-C82EA620EB9B->85302df8-7a7f-4077-a053-c26dc3d3d65a: receive RaftClientReply:client-C82EA620EB9B->85302df8-7a7f-4077-a053-c26dc3d3d65a@group-4701ABA8D7D0, cid=3558, SUCCESS, logIndex=5896, commits[85302df8-7a7f-4077-a053-c26dc3d3d65a:c5896]
2019-06-13 22:54:01,009 INFO  client.GrpcClientProtocolClient (GrpcClientProtocolClient.java:onNext(254)) - client-C82EA620EB9B->85302df8-7a7f-4077-a053-c26dc3d3d65a: receive RaftClientReply:client-C82EA620EB9B->85302df8-7a7f-4077-a053-c26dc3d3d65a@group-4701ABA8D7D0, cid=3559, SUCCESS, logIndex=5897, commits[85302df8-7a7f-4077-a053-c26dc3d3d65a:c5899]
2019-06-13 22:54:01,009 INFO  client.GrpcClientProtocolClient (GrpcClientProtocolClient.java:onNext(254)) - client-C82EA620EB9B->85302df8-7a7f-4077-a053-c26dc3d3d65a: receive RaftClientReply:client-C82EA620EB9B->85302df8-7a7f-4077-a053-c26dc3d3d65a@group-4701ABA8D7D0, cid=3560, SUCCESS, logIndex=5898, commits[85302df8-7a7f-4077-a053-c26dc3d3d65a:c5899]
2019-06-13 22:54:01,021 INFO  client.GrpcClientProtocolClient (GrpcClientProtocolClient.java:onNext(254)) - client-C82EA620EB9B->85302df8-7a7f-4077-a053-c26dc3d3d65a: receive RaftClientReply:client-C82EA620EB9B->85302df8-7a7f-4077-a053-c26dc3d3d65a@group-4701ABA8D7D0, cid=3561, SUCCESS, logIndex=5900, commits[85302df8-7a7f-4077-a053-c26dc3d3d65a:c5900]
2019-06-13 22:54:01,023 INFO  client.GrpcClientProtocolClient (GrpcClientProtocolClient.java:onNext(254)) - client-C82EA620EB9B->85302df8-7a7f-4077-a053-c26dc3d3d65a: receive RaftClientReply:client-C82EA620EB9B->85302df8-7a7f-4077-a053-c26dc3d3d65a@group-4701ABA8D7D0, cid=3562, SUCCESS, logIndex=5902, commits[85302df8-7a7f-4077-a053-c26dc3d3d65a:c5902]
2019-06-13 22:54:01,023 INFO  client.GrpcClientProtocolClient (GrpcClientProtocolClient.java:onNext(254)) - client-C82EA620EB9B->85302df8-7a7f-4077-a053-c26dc3d3d65a: receive RaftClientReply:client-C82EA620EB9B->85302df8-7a7f-4077-a053-c26dc3d3d65a@group-4701ABA8D7D0, cid=3563, SUCCESS, logIndex=5903, commits[85302df8-7a7f-4077-a053-c26dc3d3d65a:c5903]
2019-06-13 22:54:01,024 INFO  client.GrpcClientProtocolClient (GrpcClientProtocolClient.java:onNext(254)) - client-C82EA620EB9B->85302df8-7a7f-4077-a053-c26dc3d3d65a: receive RaftClientReply:client-C82EA620EB9B->85302df8-7a7f-4077-a053-c26dc3d3d65a@group-4701ABA8D7D0, cid=3564, SUCCESS, logIndex=5905, commits[85302df8-7a7f-4077-a053-c26dc3d3d65a:c5905]
2019-06-13 22:54:01,030 INFO  client.GrpcClientProtocolClient (GrpcClientProtocolClient.java:onNext(254)) - client-C82EA620EB9B->85302df8-7a7f-4077-a053-c26dc3d3d65a: receive RaftClientReply:client-C82EA620EB9B->85302df8-7a7f-4077-a053-c26dc3d3d65a@group-4701ABA8D7D0, cid=3565, SUCCESS, logIndex=5908, commits[85302df8-7a7f-4077-a053-c26dc3d3d65a:c5908]
2019-06-13 22:54:01,030 INFO  storage.RaftLogWorker (RaftLogWorker.java:rollLogSegment(303)) - 85302df8-7a7f-4077-a053-c26dc3d3d65a-RaftLogWorker: Rolling segment log-5843_5911 to index:5911
2019-06-13 22:54:01,031 INFO  client.GrpcClientProtocolClient (GrpcClientProtocolClient.java:onNext(254)) - client-C82EA620EB9B->85302df8-7a7f-4077-a053-c26dc3d3d65a: receive RaftClientReply:client-C82EA620EB9B->85302df8-7a7f-4077-a053-c26dc3d3d65a@group-4701ABA8D7D0, cid=3566, SUCCESS, logIndex=5910, commits[85302df8-7a7f-4077-a053-c26dc3d3d65a:c5910]
2019-06-13 22:54:01,031 INFO  storage.RaftLogWorker (RaftLogWorker.java:execute(433)) - 85302df8-7a7f-4077-a053-c26dc3d3d65a-RaftLogWorker: Rolled log segment from /opt/src/hadoop-ozone/integration-test/target/test-dir/MiniOzoneClusterImpl-550f9ca0-a6d9-4a4a-902f-f07ac81eac7b/datanode-0/data/ratis/5ad10fc2-5a33-4bdd-8958-4701aba8d7d0/current/log_inprogress_5843 to /opt/src/hadoop-ozone/integration-test/target/test-dir/MiniOzoneClusterImpl-550f9ca0-a6d9-4a4a-902f-f07ac81eac7b/datanode-0/data/ratis/5ad10fc2-5a33-4bdd-8958-4701aba8d7d0/current/log_5843-5911
2019-06-13 22:54:01,037 INFO  client.GrpcClientProtocolClient (GrpcClientProtocolClient.java:onNext(254)) - client-C82EA620EB9B->85302df8-7a7f-4077-a053-c26dc3d3d65a: receive RaftClientReply:client-C82EA620EB9B->85302df8-7a7f-4077-a053-c26dc3d3d65a@group-4701ABA8D7D0, cid=3567, SUCCESS, logIndex=5911, commits[85302df8-7a7f-4077-a053-c26dc3d3d65a:c5911]
2019-06-13 22:54:01,044 DEBUG block.SCMBlockDeletingService (SCMBlockDeletingService.java:call(138)) - Running DeletedBlockTransactionScanner
2019-06-13 22:54:01,044 DEBUG block.SCMBlockDeletingService (SCMBlockDeletingService.java:call(155)) - Scanned deleted blocks log and got 0 delTX to process.
2019-06-13 22:54:01,068 INFO  storage.RaftLogWorker (RaftLogWorker.java:execute(469)) - 85302df8-7a7f-4077-a053-c26dc3d3d65a-RaftLogWorker: created new log segment /opt/src/hadoop-ozone/integration-test/target/test-dir/MiniOzoneClusterImpl-550f9ca0-a6d9-4a4a-902f-f07ac81eac7b/datanode-0/data/ratis/5ad10fc2-5a33-4bdd-8958-4701aba8d7d0/current/log_inprogress_5912
2019-06-13 22:54:01,070 INFO  client.GrpcClientProtocolClient (GrpcClientProtocolClient.java:onNext(254)) - client-C82EA620EB9B->85302df8-7a7f-4077-a053-c26dc3d3d65a: receive RaftClientReply:client-C82EA620EB9B->85302df8-7a7f-4077-a053-c26dc3d3d65a@group-4701ABA8D7D0, cid=3568, SUCCESS, logIndex=5912, commits[85302df8-7a7f-4077-a053-c26dc3d3d65a:c5914]
2019-06-13 22:54:01,081 INFO  client.GrpcClientProtocolClient (GrpcClientProtocolClient.java:onNext(254)) - client-C82EA620EB9B->85302df8-7a7f-4077-a053-c26dc3d3d65a: receive RaftClientReply:client-C82EA620EB9B->85302df8-7a7f-4077-a053-c26dc3d3d65a@group-4701ABA8D7D0, cid=3569, SUCCESS, logIndex=5915, commits[85302df8-7a7f-4077-a053-c26dc3d3d65a:c5915]
2019-06-13 22:54:01,082 INFO  client.GrpcClientProtocolClient (GrpcClientProtocolClient.java:onNext(254)) - client-C82EA620EB9B->85302df8-7a7f-4077-a053-c26dc3d3d65a: receive RaftClientReply:client-C82EA620EB9B->85302df8-7a7f-4077-a053-c26dc3d3d65a@group-4701ABA8D7D0, cid=3570, SUCCESS, logIndex=5917, commits[85302df8-7a7f-4077-a053-c26dc3d3d65a:c5917]
2019-06-13 22:54:01,083 INFO  client.GrpcClientProtocolClient (GrpcClientProtocolClient.java:onNext(254)) - client-C82EA620EB9B->85302df8-7a7f-4077-a053-c26dc3d3d65a: receive RaftClientReply:client-C82EA620EB9B->85302df8-7a7f-4077-a053-c26dc3d3d65a@group-4701ABA8D7D0, cid=3571, SUCCESS, logIndex=5918, commits[85302df8-7a7f-4077-a053-c26dc3d3d65a:c5920]
2019-06-13 22:54:01,083 INFO  client.GrpcClientProtocolClient (GrpcClientProtocolClient.java:onNext(254)) - client-C82EA620EB9B->85302df8-7a7f-4077-a053-c26dc3d3d65a: receive RaftClientReply:client-C82EA620EB9B->85302df8-7a7f-4077-a053-c26dc3d3d65a@group-4701ABA8D7D0, cid=3572, SUCCESS, logIndex=5919, commits[85302df8-7a7f-4077-a053-c26dc3d3d65a:c5920]
2019-06-13 22:54:01,089 INFO  client.GrpcClientProtocolClient (GrpcClientProtocolClient.java:onNext(254)) - client-C82EA620EB9B->85302df8-7a7f-4077-a053-c26dc3d3d65a: receive RaftClientReply:client-C82EA620EB9B->85302df8-7a7f-4077-a053-c26dc3d3d65a@group-4701ABA8D7D0, cid=3573, SUCCESS, logIndex=5921, commits[85302df8-7a7f-4077-a053-c26dc3d3d65a:c5921]
2019-06-13 22:54:01,091 INFO  client.GrpcClientProtocolClient (GrpcClientProtocolClient.java:onNext(254)) - client-C82EA620EB9B->85302df8-7a7f-4077-a053-c26dc3d3d65a: receive RaftClientReply:client-C82EA620EB9B->85302df8-7a7f-4077-a053-c26dc3d3d65a@group-4701ABA8D7D0, cid=3574, SUCCESS, logIndex=5923, commits[85302df8-7a7f-4077-a053-c26dc3d3d65a:c5923]
2019-06-13 22:54:01,091 INFO  client.GrpcClientProtocolClient (GrpcClientProtocolClient.java:onNext(254)) - client-C82EA620EB9B->85302df8-7a7f-4077-a053-c26dc3d3d65a: receive RaftClientReply:client-C82EA620EB9B->85302df8-7a7f-4077-a053-c26dc3d3d65a@group-4701ABA8D7D0, cid=3575, SUCCESS, logIndex=5924, commits[85302df8-7a7f-4077-a053-c26dc3d3d65a:c5926]
2019-06-13 22:54:01,092 INFO  client.GrpcClientProtocolClient (GrpcClientProtocolClient.java:onNext(254)) - client-C82EA620EB9B->85302df8-7a7f-4077-a053-c26dc3d3d65a: receive RaftClientReply:client-C82EA620EB9B->85302df8-7a7f-4077-a053-c26dc3d3d65a@group-4701ABA8D7D0, cid=3576, SUCCESS, logIndex=5926, commits[85302df8-7a7f-4077-a053-c26dc3d3d65a:c5926]
2019-06-13 22:54:01,103 INFO  client.GrpcClientProtocolClient (GrpcClientProtocolClient.java:onNext(254)) - client-C82EA620EB9B->85302df8-7a7f-4077-a053-c26dc3d3d65a: receive RaftClientReply:client-C82EA620EB9B->85302df8-7a7f-4077-a053-c26dc3d3d65a@group-4701ABA8D7D0, cid=3577, SUCCESS, logIndex=5928, commits[85302df8-7a7f-4077-a053-c26dc3d3d65a:c5928]
2019-06-13 22:54:01,106 INFO  client.GrpcClientProtocolClient (GrpcClientProtocolClient.java:onNext(254)) - client-C82EA620EB9B->85302df8-7a7f-4077-a053-c26dc3d3d65a: receive RaftClientReply:client-C82EA620EB9B->85302df8-7a7f-4077-a053-c26dc3d3d65a@group-4701ABA8D7D0, cid=3578, SUCCESS, logIndex=5930, commits[85302df8-7a7f-4077-a053-c26dc3d3d65a:c5932]
2019-06-13 22:54:01,106 INFO  client.GrpcClientProtocolClient (GrpcClientProtocolClient.java:onNext(254)) - client-C82EA620EB9B->85302df8-7a7f-4077-a053-c26dc3d3d65a: receive RaftClientReply:client-C82EA620EB9B->85302df8-7a7f-4077-a053-c26dc3d3d65a@group-4701ABA8D7D0, cid=3579, SUCCESS, logIndex=5931, commits[85302df8-7a7f-4077-a053-c26dc3d3d65a:c5933]
2019-06-13 22:54:01,106 INFO  client.GrpcClientProtocolClient (GrpcClientProtocolClient.java:onNext(254)) - client-C82EA620EB9B->85302df8-7a7f-4077-a053-c26dc3d3d65a: receive RaftClientReply:client-C82EA620EB9B->85302df8-7a7f-4077-a053-c26dc3d3d65a@group-4701ABA8D7D0, cid=3580, SUCCESS, logIndex=5932, commits[85302df8-7a7f-4077-a053-c26dc3d3d65a:c5933]
2019-06-13 22:54:01,144 DEBUG block.SCMBlockDeletingService (SCMBlockDeletingService.java:call(138)) - Running DeletedBlockTransactionScanner
2019-06-13 22:54:01,145 DEBUG block.SCMBlockDeletingService (SCMBlockDeletingService.java:call(155)) - Scanned deleted blocks log and got 0 delTX to process.
2019-06-13 22:54:01,180 INFO  client.GrpcClientProtocolClient (GrpcClientProtocolClient.java:onNext(254)) - client-C82EA620EB9B->85302df8-7a7f-4077-a053-c26dc3d3d65a: receive RaftClientReply:client-C82EA620EB9B->85302df8-7a7f-4077-a053-c26dc3d3d65a@group-4701ABA8D7D0, cid=3581, SUCCESS, logIndex=5934, commits[85302df8-7a7f-4077-a053-c26dc3d3d65a:c5934]
2019-06-13 22:54:01,186 INFO  client.GrpcClientProtocolClient (GrpcClientProtocolClient.java:onNext(254)) - client-C82EA620EB9B->85302df8-7a7f-4077-a053-c26dc3d3d65a: receive RaftClientReply:client-C82EA620EB9B->85302df8-7a7f-4077-a053-c26dc3d3d65a@group-4701ABA8D7D0, cid=3582, SUCCESS, logIndex=5936, commits[85302df8-7a7f-4077-a053-c26dc3d3d65a:c5938]
2019-06-13 22:54:01,186 INFO  client.GrpcClientProtocolClient (GrpcClientProtocolClient.java:onNext(254)) - client-C82EA620EB9B->85302df8-7a7f-4077-a053-c26dc3d3d65a: receive RaftClientReply:client-C82EA620EB9B->85302df8-7a7f-4077-a053-c26dc3d3d65a@group-4701ABA8D7D0, cid=3583, SUCCESS, logIndex=5937, commits[85302df8-7a7f-4077-a053-c26dc3d3d65a:c5938]
2019-06-13 22:54:01,190 INFO  client.GrpcClientProtocolClient (GrpcClientProtocolClient.java:onNext(254)) - client-C82EA620EB9B->85302df8-7a7f-4077-a053-c26dc3d3d65a: receive RaftClientReply:client-C82EA620EB9B->85302df8-7a7f-4077-a053-c26dc3d3d65a@group-4701ABA8D7D0, cid=3584, SUCCESS, logIndex=5938, commits[85302df8-7a7f-4077-a053-c26dc3d3d65a:c5938]
2019-06-13 22:54:01,203 INFO  client.GrpcClientProtocolClient (GrpcClientProtocolClient.java:onNext(254)) - client-C82EA620EB9B->85302df8-7a7f-4077-a053-c26dc3d3d65a: receive RaftClientReply:client-C82EA620EB9B->85302df8-7a7f-4077-a053-c26dc3d3d65a@group-4701ABA8D7D0, cid=3585, SUCCESS, logIndex=5940, commits[85302df8-7a7f-4077-a053-c26dc3d3d65a:c5940]
2019-06-13 22:54:01,204 INFO  client.GrpcClientProtocolClient (GrpcClientProtocolClient.java:onNext(254)) - client-C82EA620EB9B->85302df8-7a7f-4077-a053-c26dc3d3d65a: receive RaftClientReply:client-C82EA620EB9B->85302df8-7a7f-4077-a053-c26dc3d3d65a@group-4701ABA8D7D0, cid=3586, SUCCESS, logIndex=5942, commits[85302df8-7a7f-4077-a053-c26dc3d3d65a:c5942]
2019-06-13 22:54:01,205 INFO  client.GrpcClientProtocolClient (GrpcClientProtocolClient.java:onNext(254)) - client-C82EA620EB9B->85302df8-7a7f-4077-a053-c26dc3d3d65a: receive RaftClientReply:client-C82EA620EB9B->85302df8-7a7f-4077-a053-c26dc3d3d65a@group-4701ABA8D7D0, cid=3587, SUCCESS, logIndex=5943, commits[85302df8-7a7f-4077-a053-c26dc3d3d65a:c5945]
2019-06-13 22:54:01,205 INFO  client.GrpcClientProtocolClient (GrpcClientProtocolClient.java:onNext(254)) - client-C82EA620EB9B->85302df8-7a7f-4077-a053-c26dc3d3d65a: receive RaftClientReply:client-C82EA620EB9B->85302df8-7a7f-4077-a053-c26dc3d3d65a@group-4701ABA8D7D0, cid=3588, SUCCESS, logIndex=5944, commits[85302df8-7a7f-4077-a053-c26dc3d3d65a:c5945]
2019-06-13 22:54:01,211 INFO  client.GrpcClientProtocolClient (GrpcClientProtocolClient.java:onNext(254)) - client-C82EA620EB9B->85302df8-7a7f-4077-a053-c26dc3d3d65a: receive RaftClientReply:client-C82EA620EB9B->85302df8-7a7f-4077-a053-c26dc3d3d65a@group-4701ABA8D7D0, cid=3589, SUCCESS, logIndex=5946, commits[85302df8-7a7f-4077-a053-c26dc3d3d65a:c5946]
2019-06-13 22:54:01,212 INFO  client.GrpcClientProtocolClient (GrpcClientProtocolClient.java:onNext(254)) - client-C82EA620EB9B->85302df8-7a7f-4077-a053-c26dc3d3d65a: receive RaftClientReply:client-C82EA620EB9B->85302df8-7a7f-4077-a053-c26dc3d3d65a@group-4701ABA8D7D0, cid=3590, SUCCESS, logIndex=5948, commits[85302df8-7a7f-4077-a053-c26dc3d3d65a:c5948]
2019-06-13 22:54:01,213 INFO  client.GrpcClientProtocolClient (GrpcClientProtocolClient.java:onNext(254)) - client-C82EA620EB9B->85302df8-7a7f-4077-a053-c26dc3d3d65a: receive RaftClientReply:client-C82EA620EB9B->85302df8-7a7f-4077-a053-c26dc3d3d65a@group-4701ABA8D7D0, cid=3591, SUCCESS, logIndex=5949, commits[85302df8-7a7f-4077-a053-c26dc3d3d65a:c5951]
2019-06-13 22:54:01,214 INFO  client.GrpcClientProtocolClient (GrpcClientProtocolClient.java:onNext(254)) - client-C82EA620EB9B->85302df8-7a7f-4077-a053-c26dc3d3d65a: receive RaftClientReply:client-C82EA620EB9B->85302df8-7a7f-4077-a053-c26dc3d3d65a@group-4701ABA8D7D0, cid=3592, SUCCESS, logIndex=5950, commits[85302df8-7a7f-4077-a053-c26dc3d3d65a:c5951]
2019-06-13 22:54:01,225 INFO  client.GrpcClientProtocolClient (GrpcClientProtocolClient.java:onNext(254)) - client-C82EA620EB9B->85302df8-7a7f-4077-a053-c26dc3d3d65a: receive RaftClientReply:client-C82EA620EB9B->85302df8-7a7f-4077-a053-c26dc3d3d65a@group-4701ABA8D7D0, cid=3593, SUCCESS, logIndex=5952, commits[85302df8-7a7f-4077-a053-c26dc3d3d65a:c5952]
2019-06-13 22:54:01,227 INFO  client.GrpcClientProtocolClient (GrpcClientProtocolClient.java:onNext(254)) - client-C82EA620EB9B->85302df8-7a7f-4077-a053-c26dc3d3d65a: receive RaftClientReply:client-C82EA620EB9B->85302df8-7a7f-4077-a053-c26dc3d3d65a@group-4701ABA8D7D0, cid=3594, SUCCESS, logIndex=5954, commits[85302df8-7a7f-4077-a053-c26dc3d3d65a:c5954]
2019-06-13 22:54:01,227 INFO  client.GrpcClientProtocolClient (GrpcClientProtocolClient.java:onNext(254)) - client-C82EA620EB9B->85302df8-7a7f-4077-a053-c26dc3d3d65a: receive RaftClientReply:client-C82EA620EB9B->85302df8-7a7f-4077-a053-c26dc3d3d65a@group-4701ABA8D7D0, cid=3595, SUCCESS, logIndex=5955, commits[85302df8-7a7f-4077-a053-c26dc3d3d65a:c5957]
2019-06-13 22:54:01,261 DEBUG block.SCMBlockDeletingService (SCMBlockDeletingService.java:call(138)) - Running DeletedBlockTransactionScanner
2019-06-13 22:54:01,262 DEBUG block.SCMBlockDeletingService (SCMBlockDeletingService.java:call(155)) - Scanned deleted blocks log and got 0 delTX to process.
2019-06-13 22:54:01,262 INFO  client.GrpcClientProtocolClient (GrpcClientProtocolClient.java:onNext(254)) - client-C82EA620EB9B->85302df8-7a7f-4077-a053-c26dc3d3d65a: receive RaftClientReply:client-C82EA620EB9B->85302df8-7a7f-4077-a053-c26dc3d3d65a@group-4701ABA8D7D0, cid=3596, SUCCESS, logIndex=5956, commits[85302df8-7a7f-4077-a053-c26dc3d3d65a:c5957]
2019-06-13 22:54:01,268 INFO  client.GrpcClientProtocolClient (GrpcClientProtocolClient.java:onNext(254)) - client-C82EA620EB9B->85302df8-7a7f-4077-a053-c26dc3d3d65a: receive RaftClientReply:client-C82EA620EB9B->85302df8-7a7f-4077-a053-c26dc3d3d65a@group-4701ABA8D7D0, cid=3597, SUCCESS, logIndex=5958, commits[85302df8-7a7f-4077-a053-c26dc3d3d65a:c5958]
2019-06-13 22:54:01,269 INFO  client.GrpcClientProtocolClient (GrpcClientProtocolClient.java:onNext(254)) - client-C82EA620EB9B->85302df8-7a7f-4077-a053-c26dc3d3d65a: receive RaftClientReply:client-C82EA620EB9B->85302df8-7a7f-4077-a053-c26dc3d3d65a@group-4701ABA8D7D0, cid=3598, SUCCESS, logIndex=5960, commits[85302df8-7a7f-4077-a053-c26dc3d3d65a:c5960]
2019-06-13 22:54:01,271 INFO  client.GrpcClientProtocolClient (GrpcClientProtocolClient.java:onNext(254)) - client-C82EA620EB9B->85302df8-7a7f-4077-a053-c26dc3d3d65a: receive RaftClientReply:client-C82EA620EB9B->85302df8-7a7f-4077-a053-c26dc3d3d65a@group-4701ABA8D7D0, cid=3599, SUCCESS, logIndex=5961, commits[85302df8-7a7f-4077-a053-c26dc3d3d65a:c5963]
2019-06-13 22:54:01,271 INFO  client.GrpcClientProtocolClient (GrpcClientProtocolClient.java:onNext(254)) - client-C82EA620EB9B->85302df8-7a7f-4077-a053-c26dc3d3d65a: receive RaftClientReply:client-C82EA620EB9B->85302df8-7a7f-4077-a053-c26dc3d3d65a@group-4701ABA8D7D0, cid=3600, SUCCESS, logIndex=5962, commits[85302df8-7a7f-4077-a053-c26dc3d3d65a:c5963]
2019-06-13 22:54:01,281 INFO  client.GrpcClientProtocolClient (GrpcClientProtocolClient.java:onNext(254)) - client-C82EA620EB9B->85302df8-7a7f-4077-a053-c26dc3d3d65a: receive RaftClientReply:client-C82EA620EB9B->85302df8-7a7f-4077-a053-c26dc3d3d65a@group-4701ABA8D7D0, cid=3601, SUCCESS, logIndex=5964, commits[85302df8-7a7f-4077-a053-c26dc3d3d65a:c5964]
2019-06-13 22:54:01,282 INFO  client.GrpcClientProtocolClient (GrpcClientProtocolClient.java:onNext(254)) - client-C82EA620EB9B->85302df8-7a7f-4077-a053-c26dc3d3d65a: receive RaftClientReply:client-C82EA620EB9B->85302df8-7a7f-4077-a053-c26dc3d3d65a@group-4701ABA8D7D0, cid=3602, SUCCESS, logIndex=5966, commits[85302df8-7a7f-4077-a053-c26dc3d3d65a:c5966]
2019-06-13 22:54:01,285 INFO  client.GrpcClientProtocolClient (GrpcClientProtocolClient.java:onNext(254)) - client-C82EA620EB9B->85302df8-7a7f-4077-a053-c26dc3d3d65a: receive RaftClientReply:client-C82EA620EB9B->85302df8-7a7f-4077-a053-c26dc3d3d65a@group-4701ABA8D7D0, cid=3603, SUCCESS, logIndex=5967, commits[85302df8-7a7f-4077-a053-c26dc3d3d65a:c5969]
2019-06-13 22:54:01,286 INFO  client.GrpcClientProtocolClient (GrpcClientProtocolClient.java:onNext(254)) - client-C82EA620EB9B->85302df8-7a7f-4077-a053-c26dc3d3d65a: receive RaftClientReply:client-C82EA620EB9B->85302df8-7a7f-4077-a053-c26dc3d3d65a@group-4701ABA8D7D0, cid=3604, SUCCESS, logIndex=5968, commits[85302df8-7a7f-4077-a053-c26dc3d3d65a:c5969]
2019-06-13 22:54:01,291 INFO  client.GrpcClientProtocolClient (GrpcClientProtocolClient.java:onNext(254)) - client-C82EA620EB9B->85302df8-7a7f-4077-a053-c26dc3d3d65a: receive RaftClientReply:client-C82EA620EB9B->85302df8-7a7f-4077-a053-c26dc3d3d65a@group-4701ABA8D7D0, cid=3605, SUCCESS, logIndex=5970, commits[85302df8-7a7f-4077-a053-c26dc3d3d65a:c5970]
2019-06-13 22:54:01,292 INFO  client.GrpcClientProtocolClient (GrpcClientProtocolClient.java:onNext(254)) - client-C82EA620EB9B->85302df8-7a7f-4077-a053-c26dc3d3d65a: receive RaftClientReply:client-C82EA620EB9B->85302df8-7a7f-4077-a053-c26dc3d3d65a@group-4701ABA8D7D0, cid=3606, SUCCESS, logIndex=5972, commits[85302df8-7a7f-4077-a053-c26dc3d3d65a:c5972]
2019-06-13 22:54:01,294 INFO  client.GrpcClientProtocolClient (GrpcClientProtocolClient.java:onNext(254)) - client-C82EA620EB9B->85302df8-7a7f-4077-a053-c26dc3d3d65a: receive RaftClientReply:client-C82EA620EB9B->85302df8-7a7f-4077-a053-c26dc3d3d65a@group-4701ABA8D7D0, cid=3607, SUCCESS, logIndex=5973, commits[85302df8-7a7f-4077-a053-c26dc3d3d65a:c5975]
2019-06-13 22:54:01,294 INFO  client.GrpcClientProtocolClient (GrpcClientProtocolClient.java:onNext(254)) - client-C82EA620EB9B->85302df8-7a7f-4077-a053-c26dc3d3d65a: receive RaftClientReply:client-C82EA620EB9B->85302df8-7a7f-4077-a053-c26dc3d3d65a@group-4701ABA8D7D0, cid=3608, SUCCESS, logIndex=5974, commits[85302df8-7a7f-4077-a053-c26dc3d3d65a:c5975]
2019-06-13 22:54:01,306 INFO  client.GrpcClientProtocolClient (GrpcClientProtocolClient.java:onNext(254)) - client-C82EA620EB9B->85302df8-7a7f-4077-a053-c26dc3d3d65a: receive RaftClientReply:client-C82EA620EB9B->85302df8-7a7f-4077-a053-c26dc3d3d65a@group-4701ABA8D7D0, cid=3609, SUCCESS, logIndex=5976, commits[85302df8-7a7f-4077-a053-c26dc3d3d65a:c5976]
2019-06-13 22:54:01,306 INFO  storage.RaftLogWorker (RaftLogWorker.java:rollLogSegment(303)) - 85302df8-7a7f-4077-a053-c26dc3d3d65a-RaftLogWorker: Rolling segment log-5912_5978 to index:5978
2019-06-13 22:54:01,308 INFO  storage.RaftLogWorker (RaftLogWorker.java:execute(433)) - 85302df8-7a7f-4077-a053-c26dc3d3d65a-RaftLogWorker: Rolled log segment from /opt/src/hadoop-ozone/integration-test/target/test-dir/MiniOzoneClusterImpl-550f9ca0-a6d9-4a4a-902f-f07ac81eac7b/datanode-0/data/ratis/5ad10fc2-5a33-4bdd-8958-4701aba8d7d0/current/log_inprogress_5912 to /opt/src/hadoop-ozone/integration-test/target/test-dir/MiniOzoneClusterImpl-550f9ca0-a6d9-4a4a-902f-f07ac81eac7b/datanode-0/data/ratis/5ad10fc2-5a33-4bdd-8958-4701aba8d7d0/current/log_5912-5978
2019-06-13 22:54:01,310 INFO  client.GrpcClientProtocolClient (GrpcClientProtocolClient.java:onNext(254)) - client-C82EA620EB9B->85302df8-7a7f-4077-a053-c26dc3d3d65a: receive RaftClientReply:client-C82EA620EB9B->85302df8-7a7f-4077-a053-c26dc3d3d65a@group-4701ABA8D7D0, cid=3610, SUCCESS, logIndex=5978, commits[85302df8-7a7f-4077-a053-c26dc3d3d65a:c5978]
2019-06-13 22:54:01,343 INFO  storage.RaftLogWorker (RaftLogWorker.java:execute(469)) - 85302df8-7a7f-4077-a053-c26dc3d3d65a-RaftLogWorker: created new log segment /opt/src/hadoop-ozone/integration-test/target/test-dir/MiniOzoneClusterImpl-550f9ca0-a6d9-4a4a-902f-f07ac81eac7b/datanode-0/data/ratis/5ad10fc2-5a33-4bdd-8958-4701aba8d7d0/current/log_inprogress_5979
2019-06-13 22:54:01,345 INFO  client.GrpcClientProtocolClient (GrpcClientProtocolClient.java:onNext(254)) - client-C82EA620EB9B->85302df8-7a7f-4077-a053-c26dc3d3d65a: receive RaftClientReply:client-C82EA620EB9B->85302df8-7a7f-4077-a053-c26dc3d3d65a@group-4701ABA8D7D0, cid=3611, SUCCESS, logIndex=5979, commits[85302df8-7a7f-4077-a053-c26dc3d3d65a:c5981]
2019-06-13 22:54:01,346 INFO  client.GrpcClientProtocolClient (GrpcClientProtocolClient.java:onNext(254)) - client-C82EA620EB9B->85302df8-7a7f-4077-a053-c26dc3d3d65a: receive RaftClientReply:client-C82EA620EB9B->85302df8-7a7f-4077-a053-c26dc3d3d65a@group-4701ABA8D7D0, cid=3612, SUCCESS, logIndex=5980, commits[85302df8-7a7f-4077-a053-c26dc3d3d65a:c5981]
2019-06-13 22:54:01,354 INFO  client.GrpcClientProtocolClient (GrpcClientProtocolClient.java:onNext(254)) - client-C82EA620EB9B->85302df8-7a7f-4077-a053-c26dc3d3d65a: receive RaftClientReply:client-C82EA620EB9B->85302df8-7a7f-4077-a053-c26dc3d3d65a@group-4701ABA8D7D0, cid=3613, SUCCESS, logIndex=5982, commits[85302df8-7a7f-4077-a053-c26dc3d3d65a:c5982]
2019-06-13 22:54:01,356 INFO  client.GrpcClientProtocolClient (GrpcClientProtocolClient.java:onNext(254)) - client-C82EA620EB9B->85302df8-7a7f-4077-a053-c26dc3d3d65a: receive RaftClientReply:client-C82EA620EB9B->85302df8-7a7f-4077-a053-c26dc3d3d65a@group-4701ABA8D7D0, cid=3614, SUCCESS, logIndex=5984, commits[85302df8-7a7f-4077-a053-c26dc3d3d65a:c5984]
2019-06-13 22:54:01,357 INFO  client.GrpcClientProtocolClient (GrpcClientProtocolClient.java:onNext(254)) - client-C82EA620EB9B->85302df8-7a7f-4077-a053-c26dc3d3d65a: receive RaftClientReply:client-C82EA620EB9B->85302df8-7a7f-4077-a053-c26dc3d3d65a@group-4701ABA8D7D0, cid=3615, SUCCESS, logIndex=5985, commits[85302df8-7a7f-4077-a053-c26dc3d3d65a:c5985]
2019-06-13 22:54:01,357 INFO  client.GrpcClientProtocolClient (GrpcClientProtocolClient.java:onNext(254)) - client-C82EA620EB9B->85302df8-7a7f-4077-a053-c26dc3d3d65a: receive RaftClientReply:client-C82EA620EB9B->85302df8-7a7f-4077-a053-c26dc3d3d65a@group-4701ABA8D7D0, cid=3616, SUCCESS, logIndex=5987, commits[85302df8-7a7f-4077-a053-c26dc3d3d65a:c5987]
2019-06-13 22:54:01,362 DEBUG block.SCMBlockDeletingService (SCMBlockDeletingService.java:call(138)) - Running DeletedBlockTransactionScanner
2019-06-13 22:54:01,362 DEBUG block.SCMBlockDeletingService (SCMBlockDeletingService.java:call(155)) - Scanned deleted blocks log and got 0 delTX to process.
2019-06-13 22:54:01,368 INFO  client.GrpcClientProtocolClient (GrpcClientProtocolClient.java:onNext(254)) - client-C82EA620EB9B->85302df8-7a7f-4077-a053-c26dc3d3d65a: receive RaftClientReply:client-C82EA620EB9B->85302df8-7a7f-4077-a053-c26dc3d3d65a@group-4701ABA8D7D0, cid=3617, SUCCESS, logIndex=5990, commits[85302df8-7a7f-4077-a053-c26dc3d3d65a:c5990]
2019-06-13 22:54:01,369 INFO  client.GrpcClientProtocolClient (GrpcClientProtocolClient.java:onNext(254)) - client-C82EA620EB9B->85302df8-7a7f-4077-a053-c26dc3d3d65a: receive RaftClientReply:client-C82EA620EB9B->85302df8-7a7f-4077-a053-c26dc3d3d65a@group-4701ABA8D7D0, cid=3618, SUCCESS, logIndex=5992, commits[85302df8-7a7f-4077-a053-c26dc3d3d65a:c5992]
2019-06-13 22:54:01,370 INFO  client.GrpcClientProtocolClient (GrpcClientProtocolClient.java:onNext(254)) - client-C82EA620EB9B->85302df8-7a7f-4077-a053-c26dc3d3d65a: receive RaftClientReply:client-C82EA620EB9B->85302df8-7a7f-4077-a053-c26dc3d3d65a@group-4701ABA8D7D0, cid=3619, SUCCESS, logIndex=5993, commits[85302df8-7a7f-4077-a053-c26dc3d3d65a:c5995]
2019-06-13 22:54:01,370 INFO  client.GrpcClientProtocolClient (GrpcClientProtocolClient.java:onNext(254)) - client-C82EA620EB9B->85302df8-7a7f-4077-a053-c26dc3d3d65a: receive RaftClientReply:client-C82EA620EB9B->85302df8-7a7f-4077-a053-c26dc3d3d65a@group-4701ABA8D7D0, cid=3620, SUCCESS, logIndex=5994, commits[85302df8-7a7f-4077-a053-c26dc3d3d65a:c5995]
2019-06-13 22:54:01,375 INFO  client.GrpcClientProtocolClient (GrpcClientProtocolClient.java:onNext(254)) - client-C82EA620EB9B->85302df8-7a7f-4077-a053-c26dc3d3d65a: receive RaftClientReply:client-C82EA620EB9B->85302df8-7a7f-4077-a053-c26dc3d3d65a@group-4701ABA8D7D0, cid=3621, SUCCESS, logIndex=5996, commits[85302df8-7a7f-4077-a053-c26dc3d3d65a:c5996]
2019-06-13 22:54:01,377 INFO  client.GrpcClientProtocolClient (GrpcClientProtocolClient.java:onNext(254)) - client-C82EA620EB9B->85302df8-7a7f-4077-a053-c26dc3d3d65a: receive RaftClientReply:client-C82EA620EB9B->85302df8-7a7f-4077-a053-c26dc3d3d65a@group-4701ABA8D7D0, cid=3622, SUCCESS, logIndex=5998, commits[85302df8-7a7f-4077-a053-c26dc3d3d65a:c5998]
2019-06-13 22:54:01,378 INFO  client.GrpcClientProtocolClient (GrpcClientProtocolClient.java:onNext(254)) - client-C82EA620EB9B->85302df8-7a7f-4077-a053-c26dc3d3d65a: receive RaftClientReply:client-C82EA620EB9B->85302df8-7a7f-4077-a053-c26dc3d3d65a@group-4701ABA8D7D0, cid=3623, SUCCESS, logIndex=5999, commits[85302df8-7a7f-4077-a053-c26dc3d3d65a:c6001]
2019-06-13 22:54:01,378 INFO  client.GrpcClientProtocolClient (GrpcClientProtocolClient.java:onNext(254)) - client-C82EA620EB9B->85302df8-7a7f-4077-a053-c26dc3d3d65a: receive RaftClientReply:client-C82EA620EB9B->85302df8-7a7f-4077-a053-c26dc3d3d65a@group-4701ABA8D7D0, cid=3624, SUCCESS, logIndex=6000, commits[85302df8-7a7f-4077-a053-c26dc3d3d65a:c6001]
2019-06-13 22:54:01,456 INFO  client.GrpcClientProtocolClient (GrpcClientProtocolClient.java:onNext(254)) - client-C82EA620EB9B->85302df8-7a7f-4077-a053-c26dc3d3d65a: receive RaftClientReply:client-C82EA620EB9B->85302df8-7a7f-4077-a053-c26dc3d3d65a@group-4701ABA8D7D0, cid=3625, SUCCESS, logIndex=6002, commits[85302df8-7a7f-4077-a053-c26dc3d3d65a:c6002]
2019-06-13 22:54:01,457 INFO  client.GrpcClientProtocolClient (GrpcClientProtocolClient.java:onNext(254)) - client-C82EA620EB9B->85302df8-7a7f-4077-a053-c26dc3d3d65a: receive RaftClientReply:client-C82EA620EB9B->85302df8-7a7f-4077-a053-c26dc3d3d65a@group-4701ABA8D7D0, cid=3626, SUCCESS, logIndex=6004, commits[85302df8-7a7f-4077-a053-c26dc3d3d65a:c6004]
2019-06-13 22:54:01,459 INFO  client.GrpcClientProtocolClient (GrpcClientProtocolClient.java:onNext(254)) - client-C82EA620EB9B->85302df8-7a7f-4077-a053-c26dc3d3d65a: receive RaftClientReply:client-C82EA620EB9B->85302df8-7a7f-4077-a053-c26dc3d3d65a@group-4701ABA8D7D0, cid=3627, SUCCESS, logIndex=6005, commits[85302df8-7a7f-4077-a053-c26dc3d3d65a:c6007]
2019-06-13 22:54:01,459 INFO  client.GrpcClientProtocolClient (GrpcClientProtocolClient.java:onNext(254)) - client-C82EA620EB9B->85302df8-7a7f-4077-a053-c26dc3d3d65a: receive RaftClientReply:client-C82EA620EB9B->85302df8-7a7f-4077-a053-c26dc3d3d65a@group-4701ABA8D7D0, cid=3628, SUCCESS, logIndex=6006, commits[85302df8-7a7f-4077-a053-c26dc3d3d65a:c6007]
2019-06-13 22:54:01,462 DEBUG block.SCMBlockDeletingService (SCMBlockDeletingService.java:call(138)) - Running DeletedBlockTransactionScanner
2019-06-13 22:54:01,463 DEBUG block.SCMBlockDeletingService (SCMBlockDeletingService.java:call(155)) - Scanned deleted blocks log and got 0 delTX to process.
2019-06-13 22:54:01,464 INFO  client.GrpcClientProtocolClient (GrpcClientProtocolClient.java:onNext(254)) - client-C82EA620EB9B->85302df8-7a7f-4077-a053-c26dc3d3d65a: receive RaftClientReply:client-C82EA620EB9B->85302df8-7a7f-4077-a053-c26dc3d3d65a@group-4701ABA8D7D0, cid=3629, SUCCESS, logIndex=6008, commits[85302df8-7a7f-4077-a053-c26dc3d3d65a:c6008]
2019-06-13 22:54:01,466 INFO  client.GrpcClientProtocolClient (GrpcClientProtocolClient.java:onNext(254)) - client-C82EA620EB9B->85302df8-7a7f-4077-a053-c26dc3d3d65a: receive RaftClientReply:client-C82EA620EB9B->85302df8-7a7f-4077-a053-c26dc3d3d65a@group-4701ABA8D7D0, cid=3630, SUCCESS, logIndex=6010, commits[85302df8-7a7f-4077-a053-c26dc3d3d65a:c6010]
2019-06-13 22:54:01,467 INFO  client.GrpcClientProtocolClient (GrpcClientProtocolClient.java:onNext(254)) - client-C82EA620EB9B->85302df8-7a7f-4077-a053-c26dc3d3d65a: receive RaftClientReply:client-C82EA620EB9B->85302df8-7a7f-4077-a053-c26dc3d3d65a@group-4701ABA8D7D0, cid=3631, SUCCESS, logIndex=6011, commits[85302df8-7a7f-4077-a053-c26dc3d3d65a:c6013]
2019-06-13 22:54:01,467 INFO  client.GrpcClientProtocolClient (GrpcClientProtocolClient.java:onNext(254)) - client-C82EA620EB9B->85302df8-7a7f-4077-a053-c26dc3d3d65a: receive RaftClientReply:client-C82EA620EB9B->85302df8-7a7f-4077-a053-c26dc3d3d65a@group-4701ABA8D7D0, cid=3632, SUCCESS, logIndex=6012, commits[85302df8-7a7f-4077-a053-c26dc3d3d65a:c6013]
2019-06-13 22:54:01,477 INFO  client.GrpcClientProtocolClient (GrpcClientProtocolClient.java:onNext(254)) - client-C82EA620EB9B->85302df8-7a7f-4077-a053-c26dc3d3d65a: receive RaftClientReply:client-C82EA620EB9B->85302df8-7a7f-4077-a053-c26dc3d3d65a@group-4701ABA8D7D0, cid=3633, SUCCESS, logIndex=6014, commits[85302df8-7a7f-4077-a053-c26dc3d3d65a:c6014]
2019-06-13 22:54:01,478 INFO  client.GrpcClientProtocolClient (GrpcClientProtocolClient.java:onNext(254)) - client-C82EA620EB9B->85302df8-7a7f-4077-a053-c26dc3d3d65a: receive RaftClientReply:client-C82EA620EB9B->85302df8-7a7f-4077-a053-c26dc3d3d65a@group-4701ABA8D7D0, cid=3634, SUCCESS, logIndex=6016, commits[85302df8-7a7f-4077-a053-c26dc3d3d65a:c6016]
2019-06-13 22:54:01,479 INFO  client.GrpcClientProtocolClient (GrpcClientProtocolClient.java:onNext(254)) - client-C82EA620EB9B->85302df8-7a7f-4077-a053-c26dc3d3d65a: receive RaftClientReply:client-C82EA620EB9B->85302df8-7a7f-4077-a053-c26dc3d3d65a@group-4701ABA8D7D0, cid=3635, SUCCESS, logIndex=6017, commits[85302df8-7a7f-4077-a053-c26dc3d3d65a:c6019]
2019-06-13 22:54:01,479 INFO  client.GrpcClientProtocolClient (GrpcClientProtocolClient.java:onNext(254)) - client-C82EA620EB9B->85302df8-7a7f-4077-a053-c26dc3d3d65a: receive RaftClientReply:client-C82EA620EB9B->85302df8-7a7f-4077-a053-c26dc3d3d65a@group-4701ABA8D7D0, cid=3636, SUCCESS, logIndex=6018, commits[85302df8-7a7f-4077-a053-c26dc3d3d65a:c6019]
2019-06-13 22:54:01,485 INFO  client.GrpcClientProtocolClient (GrpcClientProtocolClient.java:onNext(254)) - client-C82EA620EB9B->85302df8-7a7f-4077-a053-c26dc3d3d65a: receive RaftClientReply:client-C82EA620EB9B->85302df8-7a7f-4077-a053-c26dc3d3d65a@group-4701ABA8D7D0, cid=3637, SUCCESS, logIndex=6020, commits[85302df8-7a7f-4077-a053-c26dc3d3d65a:c6020]
2019-06-13 22:54:01,486 INFO  client.GrpcClientProtocolClient (GrpcClientProtocolClient.java:onNext(254)) - client-C82EA620EB9B->85302df8-7a7f-4077-a053-c26dc3d3d65a: receive RaftClientReply:client-C82EA620EB9B->85302df8-7a7f-4077-a053-c26dc3d3d65a@group-4701ABA8D7D0, cid=3638, SUCCESS, logIndex=6022, commits[85302df8-7a7f-4077-a053-c26dc3d3d65a:c6022]
2019-06-13 22:54:01,487 INFO  client.GrpcClientProtocolClient (GrpcClientProtocolClient.java:onNext(254)) - client-C82EA620EB9B->85302df8-7a7f-4077-a053-c26dc3d3d65a: receive RaftClientReply:client-C82EA620EB9B->85302df8-7a7f-4077-a053-c26dc3d3d65a@group-4701ABA8D7D0, cid=3639, SUCCESS, logIndex=6023, commits[85302df8-7a7f-4077-a053-c26dc3d3d65a:c6025]
2019-06-13 22:54:01,487 INFO  client.GrpcClientProtocolClient (GrpcClientProtocolClient.java:onNext(254)) - client-C82EA620EB9B->85302df8-7a7f-4077-a053-c26dc3d3d65a: receive RaftClientReply:client-C82EA620EB9B->85302df8-7a7f-4077-a053-c26dc3d3d65a@group-4701ABA8D7D0, cid=3640, SUCCESS, logIndex=6024, commits[85302df8-7a7f-4077-a053-c26dc3d3d65a:c6025]
2019-06-13 22:54:01,499 INFO  client.GrpcClientProtocolClient (GrpcClientProtocolClient.java:onNext(254)) - client-C82EA620EB9B->85302df8-7a7f-4077-a053-c26dc3d3d65a: receive RaftClientReply:client-C82EA620EB9B->85302df8-7a7f-4077-a053-c26dc3d3d65a@group-4701ABA8D7D0, cid=3641, SUCCESS, logIndex=6026, commits[85302df8-7a7f-4077-a053-c26dc3d3d65a:c6026]
2019-06-13 22:54:01,502 INFO  client.GrpcClientProtocolClient (GrpcClientProtocolClient.java:onNext(254)) - client-C82EA620EB9B->85302df8-7a7f-4077-a053-c26dc3d3d65a: receive RaftClientReply:client-C82EA620EB9B->85302df8-7a7f-4077-a053-c26dc3d3d65a@group-4701ABA8D7D0, cid=3642, SUCCESS, logIndex=6028, commits[85302df8-7a7f-4077-a053-c26dc3d3d65a:c6028]
2019-06-13 22:54:01,509 INFO  client.GrpcClientProtocolClient (GrpcClientProtocolClient.java:onNext(254)) - client-C82EA620EB9B->85302df8-7a7f-4077-a053-c26dc3d3d65a: receive RaftClientReply:client-C82EA620EB9B->85302df8-7a7f-4077-a053-c26dc3d3d65a@group-4701ABA8D7D0, cid=3643, SUCCESS, logIndex=6029, commits[85302df8-7a7f-4077-a053-c26dc3d3d65a:c6030]
2019-06-13 22:54:01,510 INFO  client.GrpcClientProtocolClient (GrpcClientProtocolClient.java:onNext(254)) - client-C82EA620EB9B->85302df8-7a7f-4077-a053-c26dc3d3d65a: receive RaftClientReply:client-C82EA620EB9B->85302df8-7a7f-4077-a053-c26dc3d3d65a@group-4701ABA8D7D0, cid=3644, SUCCESS, logIndex=6030, commits[85302df8-7a7f-4077-a053-c26dc3d3d65a:c6031]
2019-06-13 22:54:01,515 INFO  client.GrpcClientProtocolClient (GrpcClientProtocolClient.java:onNext(254)) - client-C82EA620EB9B->85302df8-7a7f-4077-a053-c26dc3d3d65a: receive RaftClientReply:client-C82EA620EB9B->85302df8-7a7f-4077-a053-c26dc3d3d65a@group-4701ABA8D7D0, cid=3645, SUCCESS, logIndex=6033, commits[85302df8-7a7f-4077-a053-c26dc3d3d65a:c6033]
2019-06-13 22:54:01,517 INFO  client.GrpcClientProtocolClient (GrpcClientProtocolClient.java:onNext(254)) - client-C82EA620EB9B->85302df8-7a7f-4077-a053-c26dc3d3d65a: receive RaftClientReply:client-C82EA620EB9B->85302df8-7a7f-4077-a053-c26dc3d3d65a@group-4701ABA8D7D0, cid=3646, SUCCESS, logIndex=6035, commits[85302df8-7a7f-4077-a053-c26dc3d3d65a:c6035]
2019-06-13 22:54:01,518 INFO  client.GrpcClientProtocolClient (GrpcClientProtocolClient.java:onNext(254)) - client-C82EA620EB9B->85302df8-7a7f-4077-a053-c26dc3d3d65a: receive RaftClientReply:client-C82EA620EB9B->85302df8-7a7f-4077-a053-c26dc3d3d65a@group-4701ABA8D7D0, cid=3647, SUCCESS, logIndex=6036, commits[85302df8-7a7f-4077-a053-c26dc3d3d65a:c6038]
2019-06-13 22:54:01,518 INFO  client.GrpcClientProtocolClient (GrpcClientProtocolClient.java:onNext(254)) - client-C82EA620EB9B->85302df8-7a7f-4077-a053-c26dc3d3d65a: receive RaftClientReply:client-C82EA620EB9B->85302df8-7a7f-4077-a053-c26dc3d3d65a@group-4701ABA8D7D0, cid=3648, SUCCESS, logIndex=6037, commits[85302df8-7a7f-4077-a053-c26dc3d3d65a:c6038]
2019-06-13 22:54:01,530 INFO  client.GrpcClientProtocolClient (GrpcClientProtocolClient.java:onNext(254)) - client-C82EA620EB9B->85302df8-7a7f-4077-a053-c26dc3d3d65a: receive RaftClientReply:client-C82EA620EB9B->85302df8-7a7f-4077-a053-c26dc3d3d65a@group-4701ABA8D7D0, cid=3649, SUCCESS, logIndex=6039, commits[85302df8-7a7f-4077-a053-c26dc3d3d65a:c6039]
2019-06-13 22:54:01,531 INFO  client.GrpcClientProtocolClient (GrpcClientProtocolClient.java:onNext(254)) - client-C82EA620EB9B->85302df8-7a7f-4077-a053-c26dc3d3d65a: receive RaftClientReply:client-C82EA620EB9B->85302df8-7a7f-4077-a053-c26dc3d3d65a@group-4701ABA8D7D0, cid=3650, SUCCESS, logIndex=6041, commits[85302df8-7a7f-4077-a053-c26dc3d3d65a:c6041]
2019-06-13 22:54:01,532 INFO  client.GrpcClientProtocolClient (GrpcClientProtocolClient.java:onNext(254)) - client-C82EA620EB9B->85302df8-7a7f-4077-a053-c26dc3d3d65a: receive RaftClientReply:client-C82EA620EB9B->85302df8-7a7f-4077-a053-c26dc3d3d65a@group-4701ABA8D7D0, cid=3651, SUCCESS, logIndex=6042, commits[85302df8-7a7f-4077-a053-c26dc3d3d65a:c6044]
2019-06-13 22:54:01,533 INFO  client.GrpcClientProtocolClient (GrpcClientProtocolClient.java:onNext(254)) - client-C82EA620EB9B->85302df8-7a7f-4077-a053-c26dc3d3d65a: receive RaftClientReply:client-C82EA620EB9B->85302df8-7a7f-4077-a053-c26dc3d3d65a@group-4701ABA8D7D0, cid=3652, SUCCESS, logIndex=6043, commits[85302df8-7a7f-4077-a053-c26dc3d3d65a:c6044]
2019-06-13 22:54:01,539 INFO  storage.RaftLogWorker (RaftLogWorker.java:rollLogSegment(303)) - 85302df8-7a7f-4077-a053-c26dc3d3d65a-RaftLogWorker: Rolling segment log-5979_6046 to index:6046
2019-06-13 22:54:01,539 INFO  client.GrpcClientProtocolClient (GrpcClientProtocolClient.java:onNext(254)) - client-C82EA620EB9B->85302df8-7a7f-4077-a053-c26dc3d3d65a: receive RaftClientReply:client-C82EA620EB9B->85302df8-7a7f-4077-a053-c26dc3d3d65a@group-4701ABA8D7D0, cid=3653, SUCCESS, logIndex=6045, commits[85302df8-7a7f-4077-a053-c26dc3d3d65a:c6045]
2019-06-13 22:54:01,539 INFO  storage.RaftLogWorker (RaftLogWorker.java:execute(433)) - 85302df8-7a7f-4077-a053-c26dc3d3d65a-RaftLogWorker: Rolled log segment from /opt/src/hadoop-ozone/integration-test/target/test-dir/MiniOzoneClusterImpl-550f9ca0-a6d9-4a4a-902f-f07ac81eac7b/datanode-0/data/ratis/5ad10fc2-5a33-4bdd-8958-4701aba8d7d0/current/log_inprogress_5979 to /opt/src/hadoop-ozone/integration-test/target/test-dir/MiniOzoneClusterImpl-550f9ca0-a6d9-4a4a-902f-f07ac81eac7b/datanode-0/data/ratis/5ad10fc2-5a33-4bdd-8958-4701aba8d7d0/current/log_5979-6046
2019-06-13 22:54:01,563 DEBUG block.SCMBlockDeletingService (SCMBlockDeletingService.java:call(138)) - Running DeletedBlockTransactionScanner
2019-06-13 22:54:01,563 DEBUG block.SCMBlockDeletingService (SCMBlockDeletingService.java:call(155)) - Scanned deleted blocks log and got 0 delTX to process.
2019-06-13 22:54:01,575 INFO  storage.RaftLogWorker (RaftLogWorker.java:execute(469)) - 85302df8-7a7f-4077-a053-c26dc3d3d65a-RaftLogWorker: created new log segment /opt/src/hadoop-ozone/integration-test/target/test-dir/MiniOzoneClusterImpl-550f9ca0-a6d9-4a4a-902f-f07ac81eac7b/datanode-0/data/ratis/5ad10fc2-5a33-4bdd-8958-4701aba8d7d0/current/log_inprogress_6047
2019-06-13 22:54:01,577 INFO  client.GrpcClientProtocolClient (GrpcClientProtocolClient.java:onNext(254)) - client-C82EA620EB9B->85302df8-7a7f-4077-a053-c26dc3d3d65a: receive RaftClientReply:client-C82EA620EB9B->85302df8-7a7f-4077-a053-c26dc3d3d65a@group-4701ABA8D7D0, cid=3654, SUCCESS, logIndex=6047, commits[85302df8-7a7f-4077-a053-c26dc3d3d65a:c6049]
2019-06-13 22:54:01,577 INFO  client.GrpcClientProtocolClient (GrpcClientProtocolClient.java:onNext(254)) - client-C82EA620EB9B->85302df8-7a7f-4077-a053-c26dc3d3d65a: receive RaftClientReply:client-C82EA620EB9B->85302df8-7a7f-4077-a053-c26dc3d3d65a@group-4701ABA8D7D0, cid=3655, SUCCESS, logIndex=6048, commits[85302df8-7a7f-4077-a053-c26dc3d3d65a:c6049]
2019-06-13 22:54:01,577 INFO  client.GrpcClientProtocolClient (GrpcClientProtocolClient.java:onNext(254)) - client-C82EA620EB9B->85302df8-7a7f-4077-a053-c26dc3d3d65a: receive RaftClientReply:client-C82EA620EB9B->85302df8-7a7f-4077-a053-c26dc3d3d65a@group-4701ABA8D7D0, cid=3656, SUCCESS, logIndex=6049, commits[85302df8-7a7f-4077-a053-c26dc3d3d65a:c6050]
2019-06-13 22:54:01,588 INFO  client.GrpcClientProtocolClient (GrpcClientProtocolClient.java:onNext(254)) - client-C82EA620EB9B->85302df8-7a7f-4077-a053-c26dc3d3d65a: receive RaftClientReply:client-C82EA620EB9B->85302df8-7a7f-4077-a053-c26dc3d3d65a@group-4701ABA8D7D0, cid=3657, SUCCESS, logIndex=6051, commits[85302df8-7a7f-4077-a053-c26dc3d3d65a:c6051]
2019-06-13 22:54:01,589 INFO  client.GrpcClientProtocolClient (GrpcClientProtocolClient.java:onNext(254)) - client-C82EA620EB9B->85302df8-7a7f-4077-a053-c26dc3d3d65a: receive RaftClientReply:client-C82EA620EB9B->85302df8-7a7f-4077-a053-c26dc3d3d65a@group-4701ABA8D7D0, cid=3658, SUCCESS, logIndex=6053, commits[85302df8-7a7f-4077-a053-c26dc3d3d65a:c6053]
2019-06-13 22:54:01,590 INFO  client.GrpcClientProtocolClient (GrpcClientProtocolClient.java:onNext(254)) - client-C82EA620EB9B->85302df8-7a7f-4077-a053-c26dc3d3d65a: receive RaftClientReply:client-C82EA620EB9B->85302df8-7a7f-4077-a053-c26dc3d3d65a@group-4701ABA8D7D0, cid=3659, SUCCESS, logIndex=6054, commits[85302df8-7a7f-4077-a053-c26dc3d3d65a:c6054]
2019-06-13 22:54:01,590 INFO  client.GrpcClientProtocolClient (GrpcClientProtocolClient.java:onNext(254)) - client-C82EA620EB9B->85302df8-7a7f-4077-a053-c26dc3d3d65a: receive RaftClientReply:client-C82EA620EB9B->85302df8-7a7f-4077-a053-c26dc3d3d65a@group-4701ABA8D7D0, cid=3660, SUCCESS, logIndex=6056, commits[85302df8-7a7f-4077-a053-c26dc3d3d65a:c6056]
2019-06-13 22:54:01,596 INFO  client.GrpcClientProtocolClient (GrpcClientProtocolClient.java:onNext(254)) - client-C82EA620EB9B->85302df8-7a7f-4077-a053-c26dc3d3d65a: receive RaftClientReply:client-C82EA620EB9B->85302df8-7a7f-4077-a053-c26dc3d3d65a@group-4701ABA8D7D0, cid=3661, SUCCESS, logIndex=6059, commits[85302df8-7a7f-4077-a053-c26dc3d3d65a:c6059]
2019-06-13 22:54:01,598 INFO  client.GrpcClientProtocolClient (GrpcClientProtocolClient.java:onNext(254)) - client-C82EA620EB9B->85302df8-7a7f-4077-a053-c26dc3d3d65a: receive RaftClientReply:client-C82EA620EB9B->85302df8-7a7f-4077-a053-c26dc3d3d65a@group-4701ABA8D7D0, cid=3662, SUCCESS, logIndex=6061, commits[85302df8-7a7f-4077-a053-c26dc3d3d65a:c6061]
2019-06-13 22:54:01,599 INFO  client.GrpcClientProtocolClient (GrpcClientProtocolClient.java:onNext(254)) - client-C82EA620EB9B->85302df8-7a7f-4077-a053-c26dc3d3d65a: receive RaftClientReply:client-C82EA620EB9B->85302df8-7a7f-4077-a053-c26dc3d3d65a@group-4701ABA8D7D0, cid=3663, SUCCESS, logIndex=6062, commits[85302df8-7a7f-4077-a053-c26dc3d3d65a:c6063]
2019-06-13 22:54:01,600 INFO  client.GrpcClientProtocolClient (GrpcClientProtocolClient.java:onNext(254)) - client-C82EA620EB9B->85302df8-7a7f-4077-a053-c26dc3d3d65a: receive RaftClientReply:client-C82EA620EB9B->85302df8-7a7f-4077-a053-c26dc3d3d65a@group-4701ABA8D7D0, cid=3664, SUCCESS, logIndex=6064, commits[85302df8-7a7f-4077-a053-c26dc3d3d65a:c6064]
2019-06-13 22:54:01,613 INFO  client.GrpcClientProtocolClient (GrpcClientProtocolClient.java:onNext(254)) - client-C82EA620EB9B->85302df8-7a7f-4077-a053-c26dc3d3d65a: receive RaftClientReply:client-C82EA620EB9B->85302df8-7a7f-4077-a053-c26dc3d3d65a@group-4701ABA8D7D0, cid=3665, SUCCESS, logIndex=6066, commits[85302df8-7a7f-4077-a053-c26dc3d3d65a:c6066]
2019-06-13 22:54:01,615 INFO  client.GrpcClientProtocolClient (GrpcClientProtocolClient.java:onNext(254)) - client-C82EA620EB9B->85302df8-7a7f-4077-a053-c26dc3d3d65a: receive RaftClientReply:client-C82EA620EB9B->85302df8-7a7f-4077-a053-c26dc3d3d65a@group-4701ABA8D7D0, cid=3666, SUCCESS, logIndex=6068, commits[85302df8-7a7f-4077-a053-c26dc3d3d65a:c6068]
2019-06-13 22:54:01,615 INFO  client.GrpcClientProtocolClient (GrpcClientProtocolClient.java:onNext(254)) - client-C82EA620EB9B->85302df8-7a7f-4077-a053-c26dc3d3d65a: receive RaftClientReply:client-C82EA620EB9B->85302df8-7a7f-4077-a053-c26dc3d3d65a@group-4701ABA8D7D0, cid=3667, SUCCESS, logIndex=6069, commits[85302df8-7a7f-4077-a053-c26dc3d3d65a:c6070]
2019-06-13 22:54:01,616 INFO  client.GrpcClientProtocolClient (GrpcClientProtocolClient.java:onNext(254)) - client-C82EA620EB9B->85302df8-7a7f-4077-a053-c26dc3d3d65a: receive RaftClientReply:client-C82EA620EB9B->85302df8-7a7f-4077-a053-c26dc3d3d65a@group-4701ABA8D7D0, cid=3668, SUCCESS, logIndex=6070, commits[85302df8-7a7f-4077-a053-c26dc3d3d65a:c6070]
2019-06-13 22:54:01,663 DEBUG block.SCMBlockDeletingService (SCMBlockDeletingService.java:call(138)) - Running DeletedBlockTransactionScanner
2019-06-13 22:54:01,663 DEBUG block.SCMBlockDeletingService (SCMBlockDeletingService.java:call(155)) - Scanned deleted blocks log and got 0 delTX to process.
2019-06-13 22:54:01,726 INFO  client.GrpcClientProtocolClient (GrpcClientProtocolClient.java:onNext(254)) - client-C82EA620EB9B->85302df8-7a7f-4077-a053-c26dc3d3d65a: receive RaftClientReply:client-C82EA620EB9B->85302df8-7a7f-4077-a053-c26dc3d3d65a@group-4701ABA8D7D0, cid=3669, SUCCESS, logIndex=6073, commits[85302df8-7a7f-4077-a053-c26dc3d3d65a:c6073]
2019-06-13 22:54:01,728 INFO  client.GrpcClientProtocolClient (GrpcClientProtocolClient.java:onNext(254)) - client-C82EA620EB9B->85302df8-7a7f-4077-a053-c26dc3d3d65a: receive RaftClientReply:client-C82EA620EB9B->85302df8-7a7f-4077-a053-c26dc3d3d65a@group-4701ABA8D7D0, cid=3670, SUCCESS, logIndex=6075, commits[85302df8-7a7f-4077-a053-c26dc3d3d65a:c6075]
2019-06-13 22:54:01,728 INFO  client.GrpcClientProtocolClient (GrpcClientProtocolClient.java:onNext(254)) - client-C82EA620EB9B->85302df8-7a7f-4077-a053-c26dc3d3d65a: receive RaftClientReply:client-C82EA620EB9B->85302df8-7a7f-4077-a053-c26dc3d3d65a@group-4701ABA8D7D0, cid=3671, SUCCESS, logIndex=6076, commits[85302df8-7a7f-4077-a053-c26dc3d3d65a:c6077]
2019-06-13 22:54:01,729 INFO  client.GrpcClientProtocolClient (GrpcClientProtocolClient.java:onNext(254)) - client-C82EA620EB9B->85302df8-7a7f-4077-a053-c26dc3d3d65a: receive RaftClientReply:client-C82EA620EB9B->85302df8-7a7f-4077-a053-c26dc3d3d65a@group-4701ABA8D7D0, cid=3672, SUCCESS, logIndex=6077, commits[85302df8-7a7f-4077-a053-c26dc3d3d65a:c6077]
2019-06-13 22:54:01,739 INFO  client.GrpcClientProtocolClient (GrpcClientProtocolClient.java:onNext(254)) - client-C82EA620EB9B->85302df8-7a7f-4077-a053-c26dc3d3d65a: receive RaftClientReply:client-C82EA620EB9B->85302df8-7a7f-4077-a053-c26dc3d3d65a@group-4701ABA8D7D0, cid=3673, SUCCESS, logIndex=6080, commits[85302df8-7a7f-4077-a053-c26dc3d3d65a:c6080]
2019-06-13 22:54:01,740 INFO  client.GrpcClientProtocolClient (GrpcClientProtocolClient.java:onNext(254)) - client-C82EA620EB9B->85302df8-7a7f-4077-a053-c26dc3d3d65a: receive RaftClientReply:client-C82EA620EB9B->85302df8-7a7f-4077-a053-c26dc3d3d65a@group-4701ABA8D7D0, cid=3674, SUCCESS, logIndex=6082, commits[85302df8-7a7f-4077-a053-c26dc3d3d65a:c6082]
2019-06-13 22:54:01,741 INFO  client.GrpcClientProtocolClient (GrpcClientProtocolClient.java:onNext(254)) - client-C82EA620EB9B->85302df8-7a7f-4077-a053-c26dc3d3d65a: receive RaftClientReply:client-C82EA620EB9B->85302df8-7a7f-4077-a053-c26dc3d3d65a@group-4701ABA8D7D0, cid=3675, SUCCESS, logIndex=6083, commits[85302df8-7a7f-4077-a053-c26dc3d3d65a:c6085]
2019-06-13 22:54:01,741 INFO  client.GrpcClientProtocolClient (GrpcClientProtocolClient.java:onNext(254)) - client-C82EA620EB9B->85302df8-7a7f-4077-a053-c26dc3d3d65a: receive RaftClientReply:client-C82EA620EB9B->85302df8-7a7f-4077-a053-c26dc3d3d65a@group-4701ABA8D7D0, cid=3676, SUCCESS, logIndex=6084, commits[85302df8-7a7f-4077-a053-c26dc3d3d65a:c6085]
2019-06-13 22:54:01,746 INFO  client.GrpcClientProtocolClient (GrpcClientProtocolClient.java:onNext(254)) - client-C82EA620EB9B->85302df8-7a7f-4077-a053-c26dc3d3d65a: receive RaftClientReply:client-C82EA620EB9B->85302df8-7a7f-4077-a053-c26dc3d3d65a@group-4701ABA8D7D0, cid=3677, SUCCESS, logIndex=6086, commits[85302df8-7a7f-4077-a053-c26dc3d3d65a:c6086]
2019-06-13 22:54:01,747 INFO  client.GrpcClientProtocolClient (GrpcClientProtocolClient.java:onNext(254)) - client-C82EA620EB9B->85302df8-7a7f-4077-a053-c26dc3d3d65a: receive RaftClientReply:client-C82EA620EB9B->85302df8-7a7f-4077-a053-c26dc3d3d65a@group-4701ABA8D7D0, cid=3678, SUCCESS, logIndex=6088, commits[85302df8-7a7f-4077-a053-c26dc3d3d65a:c6088]
2019-06-13 22:54:01,748 INFO  client.GrpcClientProtocolClient (GrpcClientProtocolClient.java:onNext(254)) - client-C82EA620EB9B->85302df8-7a7f-4077-a053-c26dc3d3d65a: receive RaftClientReply:client-C82EA620EB9B->85302df8-7a7f-4077-a053-c26dc3d3d65a@group-4701ABA8D7D0, cid=3679, SUCCESS, logIndex=6089, commits[85302df8-7a7f-4077-a053-c26dc3d3d65a:c6091]
2019-06-13 22:54:01,749 INFO  client.GrpcClientProtocolClient (GrpcClientProtocolClient.java:onNext(254)) - client-C82EA620EB9B->85302df8-7a7f-4077-a053-c26dc3d3d65a: receive RaftClientReply:client-C82EA620EB9B->85302df8-7a7f-4077-a053-c26dc3d3d65a@group-4701ABA8D7D0, cid=3680, SUCCESS, logIndex=6090, commits[85302df8-7a7f-4077-a053-c26dc3d3d65a:c6091]
2019-06-13 22:54:01,758 INFO  client.GrpcClientProtocolClient (GrpcClientProtocolClient.java:onNext(254)) - client-C82EA620EB9B->85302df8-7a7f-4077-a053-c26dc3d3d65a: receive RaftClientReply:client-C82EA620EB9B->85302df8-7a7f-4077-a053-c26dc3d3d65a@group-4701ABA8D7D0, cid=3681, SUCCESS, logIndex=6092, commits[85302df8-7a7f-4077-a053-c26dc3d3d65a:c6092]
2019-06-13 22:54:01,759 INFO  client.GrpcClientProtocolClient (GrpcClientProtocolClient.java:onNext(254)) - client-C82EA620EB9B->85302df8-7a7f-4077-a053-c26dc3d3d65a: receive RaftClientReply:client-C82EA620EB9B->85302df8-7a7f-4077-a053-c26dc3d3d65a@group-4701ABA8D7D0, cid=3682, SUCCESS, logIndex=6094, commits[85302df8-7a7f-4077-a053-c26dc3d3d65a:c6094]
2019-06-13 22:54:01,761 INFO  client.GrpcClientProtocolClient (GrpcClientProtocolClient.java:onNext(254)) - client-C82EA620EB9B->85302df8-7a7f-4077-a053-c26dc3d3d65a: receive RaftClientReply:client-C82EA620EB9B->85302df8-7a7f-4077-a053-c26dc3d3d65a@group-4701ABA8D7D0, cid=3683, SUCCESS, logIndex=6095, commits[85302df8-7a7f-4077-a053-c26dc3d3d65a:c6097]
2019-06-13 22:54:01,761 INFO  client.GrpcClientProtocolClient (GrpcClientProtocolClient.java:onNext(254)) - client-C82EA620EB9B->85302df8-7a7f-4077-a053-c26dc3d3d65a: receive RaftClientReply:client-C82EA620EB9B->85302df8-7a7f-4077-a053-c26dc3d3d65a@group-4701ABA8D7D0, cid=3684, SUCCESS, logIndex=6096, commits[85302df8-7a7f-4077-a053-c26dc3d3d65a:c6097]
2019-06-13 22:54:01,764 DEBUG block.SCMBlockDeletingService (SCMBlockDeletingService.java:call(138)) - Running DeletedBlockTransactionScanner
2019-06-13 22:54:01,764 DEBUG block.SCMBlockDeletingService (SCMBlockDeletingService.java:call(155)) - Scanned deleted blocks log and got 0 delTX to process.
2019-06-13 22:54:01,771 INFO  client.GrpcClientProtocolClient (GrpcClientProtocolClient.java:onNext(254)) - client-C82EA620EB9B->85302df8-7a7f-4077-a053-c26dc3d3d65a: receive RaftClientReply:client-C82EA620EB9B->85302df8-7a7f-4077-a053-c26dc3d3d65a@group-4701ABA8D7D0, cid=3685, SUCCESS, logIndex=6098, commits[85302df8-7a7f-4077-a053-c26dc3d3d65a:c6098]
2019-06-13 22:54:01,772 INFO  client.GrpcClientProtocolClient (GrpcClientProtocolClient.java:onNext(254)) - client-C82EA620EB9B->85302df8-7a7f-4077-a053-c26dc3d3d65a: receive RaftClientReply:client-C82EA620EB9B->85302df8-7a7f-4077-a053-c26dc3d3d65a@group-4701ABA8D7D0, cid=3686, SUCCESS, logIndex=6100, commits[85302df8-7a7f-4077-a053-c26dc3d3d65a:c6100]
2019-06-13 22:54:01,774 INFO  client.GrpcClientProtocolClient (GrpcClientProtocolClient.java:onNext(254)) - client-C82EA620EB9B->85302df8-7a7f-4077-a053-c26dc3d3d65a: receive RaftClientReply:client-C82EA620EB9B->85302df8-7a7f-4077-a053-c26dc3d3d65a@group-4701ABA8D7D0, cid=3687, SUCCESS, logIndex=6101, commits[85302df8-7a7f-4077-a053-c26dc3d3d65a:c6103]
2019-06-13 22:54:01,774 INFO  client.GrpcClientProtocolClient (GrpcClientProtocolClient.java:onNext(254)) - client-C82EA620EB9B->85302df8-7a7f-4077-a053-c26dc3d3d65a: receive RaftClientReply:client-C82EA620EB9B->85302df8-7a7f-4077-a053-c26dc3d3d65a@group-4701ABA8D7D0, cid=3688, SUCCESS, logIndex=6102, commits[85302df8-7a7f-4077-a053-c26dc3d3d65a:c6103]
2019-06-13 22:54:01,785 INFO  client.GrpcClientProtocolClient (GrpcClientProtocolClient.java:onNext(254)) - client-C82EA620EB9B->85302df8-7a7f-4077-a053-c26dc3d3d65a: receive RaftClientReply:client-C82EA620EB9B->85302df8-7a7f-4077-a053-c26dc3d3d65a@group-4701ABA8D7D0, cid=3689, SUCCESS, logIndex=6104, commits[85302df8-7a7f-4077-a053-c26dc3d3d65a:c6104]
2019-06-13 22:54:01,787 INFO  client.GrpcClientProtocolClient (GrpcClientProtocolClient.java:onNext(254)) - client-C82EA620EB9B->85302df8-7a7f-4077-a053-c26dc3d3d65a: receive RaftClientReply:client-C82EA620EB9B->85302df8-7a7f-4077-a053-c26dc3d3d65a@group-4701ABA8D7D0, cid=3690, SUCCESS, logIndex=6106, commits[85302df8-7a7f-4077-a053-c26dc3d3d65a:c6106]
2019-06-13 22:54:01,787 INFO  client.GrpcClientProtocolClient (GrpcClientProtocolClient.java:onNext(254)) - client-C82EA620EB9B->85302df8-7a7f-4077-a053-c26dc3d3d65a: receive RaftClientReply:client-C82EA620EB9B->85302df8-7a7f-4077-a053-c26dc3d3d65a@group-4701ABA8D7D0, cid=3691, SUCCESS, logIndex=6107, commits[85302df8-7a7f-4077-a053-c26dc3d3d65a:c6107]
2019-06-13 22:54:01,788 INFO  client.GrpcClientProtocolClient (GrpcClientProtocolClient.java:onNext(254)) - client-C82EA620EB9B->85302df8-7a7f-4077-a053-c26dc3d3d65a: receive RaftClientReply:client-C82EA620EB9B->85302df8-7a7f-4077-a053-c26dc3d3d65a@group-4701ABA8D7D0, cid=3692, SUCCESS, logIndex=6109, commits[85302df8-7a7f-4077-a053-c26dc3d3d65a:c6109]
2019-06-13 22:54:01,794 INFO  client.GrpcClientProtocolClient (GrpcClientProtocolClient.java:onNext(254)) - client-C82EA620EB9B->85302df8-7a7f-4077-a053-c26dc3d3d65a: receive RaftClientReply:client-C82EA620EB9B->85302df8-7a7f-4077-a053-c26dc3d3d65a@group-4701ABA8D7D0, cid=3693, SUCCESS, logIndex=6112, commits[85302df8-7a7f-4077-a053-c26dc3d3d65a:c6112]
2019-06-13 22:54:01,794 INFO  storage.RaftLogWorker (RaftLogWorker.java:rollLogSegment(303)) - 85302df8-7a7f-4077-a053-c26dc3d3d65a-RaftLogWorker: Rolling segment log-6047_6115 to index:6115
2019-06-13 22:54:01,795 INFO  storage.RaftLogWorker (RaftLogWorker.java:execute(433)) - 85302df8-7a7f-4077-a053-c26dc3d3d65a-RaftLogWorker: Rolled log segment from /opt/src/hadoop-ozone/integration-test/target/test-dir/MiniOzoneClusterImpl-550f9ca0-a6d9-4a4a-902f-f07ac81eac7b/datanode-0/data/ratis/5ad10fc2-5a33-4bdd-8958-4701aba8d7d0/current/log_inprogress_6047 to /opt/src/hadoop-ozone/integration-test/target/test-dir/MiniOzoneClusterImpl-550f9ca0-a6d9-4a4a-902f-f07ac81eac7b/datanode-0/data/ratis/5ad10fc2-5a33-4bdd-8958-4701aba8d7d0/current/log_6047-6115
2019-06-13 22:54:01,795 INFO  client.GrpcClientProtocolClient (GrpcClientProtocolClient.java:onNext(254)) - client-C82EA620EB9B->85302df8-7a7f-4077-a053-c26dc3d3d65a: receive RaftClientReply:client-C82EA620EB9B->85302df8-7a7f-4077-a053-c26dc3d3d65a@group-4701ABA8D7D0, cid=3694, SUCCESS, logIndex=6114, commits[85302df8-7a7f-4077-a053-c26dc3d3d65a:c6114]
2019-06-13 22:54:01,802 INFO  client.GrpcClientProtocolClient (GrpcClientProtocolClient.java:onNext(254)) - client-C82EA620EB9B->85302df8-7a7f-4077-a053-c26dc3d3d65a: receive RaftClientReply:client-C82EA620EB9B->85302df8-7a7f-4077-a053-c26dc3d3d65a@group-4701ABA8D7D0, cid=3695, SUCCESS, logIndex=6115, commits[85302df8-7a7f-4077-a053-c26dc3d3d65a:c6115]
2019-06-13 22:54:01,839 INFO  storage.RaftLogWorker (RaftLogWorker.java:execute(469)) - 85302df8-7a7f-4077-a053-c26dc3d3d65a-RaftLogWorker: created new log segment /opt/src/hadoop-ozone/integration-test/target/test-dir/MiniOzoneClusterImpl-550f9ca0-a6d9-4a4a-902f-f07ac81eac7b/datanode-0/data/ratis/5ad10fc2-5a33-4bdd-8958-4701aba8d7d0/current/log_inprogress_6116
2019-06-13 22:54:01,841 INFO  client.GrpcClientProtocolClient (GrpcClientProtocolClient.java:onNext(254)) - client-C82EA620EB9B->85302df8-7a7f-4077-a053-c26dc3d3d65a: receive RaftClientReply:client-C82EA620EB9B->85302df8-7a7f-4077-a053-c26dc3d3d65a@group-4701ABA8D7D0, cid=3696, SUCCESS, logIndex=6116, commits[85302df8-7a7f-4077-a053-c26dc3d3d65a:c6118]
2019-06-13 22:54:01,855 INFO  client.GrpcClientProtocolClient (GrpcClientProtocolClient.java:onNext(254)) - client-C82EA620EB9B->85302df8-7a7f-4077-a053-c26dc3d3d65a: receive RaftClientReply:client-C82EA620EB9B->85302df8-7a7f-4077-a053-c26dc3d3d65a@group-4701ABA8D7D0, cid=3697, SUCCESS, logIndex=6119, commits[85302df8-7a7f-4077-a053-c26dc3d3d65a:c6119]
2019-06-13 22:54:01,857 INFO  client.GrpcClientProtocolClient (GrpcClientProtocolClient.java:onNext(254)) - client-C82EA620EB9B->85302df8-7a7f-4077-a053-c26dc3d3d65a: receive RaftClientReply:client-C82EA620EB9B->85302df8-7a7f-4077-a053-c26dc3d3d65a@group-4701ABA8D7D0, cid=3698, SUCCESS, logIndex=6121, commits[85302df8-7a7f-4077-a053-c26dc3d3d65a:c6121]
2019-06-13 22:54:01,858 INFO  client.GrpcClientProtocolClient (GrpcClientProtocolClient.java:onNext(254)) - client-C82EA620EB9B->85302df8-7a7f-4077-a053-c26dc3d3d65a: receive RaftClientReply:client-C82EA620EB9B->85302df8-7a7f-4077-a053-c26dc3d3d65a@group-4701ABA8D7D0, cid=3699, SUCCESS, logIndex=6122, commits[85302df8-7a7f-4077-a053-c26dc3d3d65a:c6122]
2019-06-13 22:54:01,858 INFO  client.GrpcClientProtocolClient (GrpcClientProtocolClient.java:onNext(254)) - client-C82EA620EB9B->85302df8-7a7f-4077-a053-c26dc3d3d65a: receive RaftClientReply:client-C82EA620EB9B->85302df8-7a7f-4077-a053-c26dc3d3d65a@group-4701ABA8D7D0, cid=3700, SUCCESS, logIndex=6124, commits[85302df8-7a7f-4077-a053-c26dc3d3d65a:c6124]
2019-06-13 22:54:01,864 INFO  client.GrpcClientProtocolClient (GrpcClientProtocolClient.java:onNext(254)) - client-C82EA620EB9B->85302df8-7a7f-4077-a053-c26dc3d3d65a: receive RaftClientReply:client-C82EA620EB9B->85302df8-7a7f-4077-a053-c26dc3d3d65a@group-4701ABA8D7D0, cid=3701, SUCCESS, logIndex=6127, commits[85302df8-7a7f-4077-a053-c26dc3d3d65a:c6127]
2019-06-13 22:54:01,864 DEBUG block.SCMBlockDeletingService (SCMBlockDeletingService.java:call(138)) - Running DeletedBlockTransactionScanner
2019-06-13 22:54:01,864 DEBUG block.SCMBlockDeletingService (SCMBlockDeletingService.java:call(155)) - Scanned deleted blocks log and got 0 delTX to process.
2019-06-13 22:54:01,866 INFO  client.GrpcClientProtocolClient (GrpcClientProtocolClient.java:onNext(254)) - client-C82EA620EB9B->85302df8-7a7f-4077-a053-c26dc3d3d65a: receive RaftClientReply:client-C82EA620EB9B->85302df8-7a7f-4077-a053-c26dc3d3d65a@group-4701ABA8D7D0, cid=3702, SUCCESS, logIndex=6129, commits[85302df8-7a7f-4077-a053-c26dc3d3d65a:c6129]
2019-06-13 22:54:01,867 INFO  client.GrpcClientProtocolClient (GrpcClientProtocolClient.java:onNext(254)) - client-C82EA620EB9B->85302df8-7a7f-4077-a053-c26dc3d3d65a: receive RaftClientReply:client-C82EA620EB9B->85302df8-7a7f-4077-a053-c26dc3d3d65a@group-4701ABA8D7D0, cid=3703, SUCCESS, logIndex=6130, commits[85302df8-7a7f-4077-a053-c26dc3d3d65a:c6132]
2019-06-13 22:54:01,867 INFO  client.GrpcClientProtocolClient (GrpcClientProtocolClient.java:onNext(254)) - client-C82EA620EB9B->85302df8-7a7f-4077-a053-c26dc3d3d65a: receive RaftClientReply:client-C82EA620EB9B->85302df8-7a7f-4077-a053-c26dc3d3d65a@group-4701ABA8D7D0, cid=3704, SUCCESS, logIndex=6132, commits[85302df8-7a7f-4077-a053-c26dc3d3d65a:c6132]
2019-06-13 22:54:01,880 INFO  client.GrpcClientProtocolClient (GrpcClientProtocolClient.java:onNext(254)) - client-C82EA620EB9B->85302df8-7a7f-4077-a053-c26dc3d3d65a: receive RaftClientReply:client-C82EA620EB9B->85302df8-7a7f-4077-a053-c26dc3d3d65a@group-4701ABA8D7D0, cid=3705, SUCCESS, logIndex=6134, commits[85302df8-7a7f-4077-a053-c26dc3d3d65a:c6134]
2019-06-13 22:54:01,882 INFO  client.GrpcClientProtocolClient (GrpcClientProtocolClient.java:onNext(254)) - client-C82EA620EB9B->85302df8-7a7f-4077-a053-c26dc3d3d65a: receive RaftClientReply:client-C82EA620EB9B->85302df8-7a7f-4077-a053-c26dc3d3d65a@group-4701ABA8D7D0, cid=3706, SUCCESS, logIndex=6136, commits[85302df8-7a7f-4077-a053-c26dc3d3d65a:c6136]
2019-06-13 22:54:01,882 INFO  client.GrpcClientProtocolClient (GrpcClientProtocolClient.java:onNext(254)) - client-C82EA620EB9B->85302df8-7a7f-4077-a053-c26dc3d3d65a: receive RaftClientReply:client-C82EA620EB9B->85302df8-7a7f-4077-a053-c26dc3d3d65a@group-4701ABA8D7D0, cid=3707, SUCCESS, logIndex=6137, commits[85302df8-7a7f-4077-a053-c26dc3d3d65a:c6138]
2019-06-13 22:54:01,883 INFO  client.GrpcClientProtocolClient (GrpcClientProtocolClient.java:onNext(254)) - client-C82EA620EB9B->85302df8-7a7f-4077-a053-c26dc3d3d65a: receive RaftClientReply:client-C82EA620EB9B->85302df8-7a7f-4077-a053-c26dc3d3d65a@group-4701ABA8D7D0, cid=3708, SUCCESS, logIndex=6138, commits[85302df8-7a7f-4077-a053-c26dc3d3d65a:c6138]
2019-06-13 22:54:01,888 INFO  client.GrpcClientProtocolClient (GrpcClientProtocolClient.java:onNext(254)) - client-C82EA620EB9B->85302df8-7a7f-4077-a053-c26dc3d3d65a: receive RaftClientReply:client-C82EA620EB9B->85302df8-7a7f-4077-a053-c26dc3d3d65a@group-4701ABA8D7D0, cid=3709, SUCCESS, logIndex=6141, commits[85302df8-7a7f-4077-a053-c26dc3d3d65a:c6141]
2019-06-13 22:54:01,889 INFO  client.GrpcClientProtocolClient (GrpcClientProtocolClient.java:onNext(254)) - client-C82EA620EB9B->85302df8-7a7f-4077-a053-c26dc3d3d65a: receive RaftClientReply:client-C82EA620EB9B->85302df8-7a7f-4077-a053-c26dc3d3d65a@group-4701ABA8D7D0, cid=3710, SUCCESS, logIndex=6143, commits[85302df8-7a7f-4077-a053-c26dc3d3d65a:c6143]
2019-06-13 22:54:01,891 INFO  client.GrpcClientProtocolClient (GrpcClientProtocolClient.java:onNext(254)) - client-C82EA620EB9B->85302df8-7a7f-4077-a053-c26dc3d3d65a: receive RaftClientReply:client-C82EA620EB9B->85302df8-7a7f-4077-a053-c26dc3d3d65a@group-4701ABA8D7D0, cid=3711, SUCCESS, logIndex=6144, commits[85302df8-7a7f-4077-a053-c26dc3d3d65a:c6145]
2019-06-13 22:54:01,892 INFO  client.GrpcClientProtocolClient (GrpcClientProtocolClient.java:onNext(254)) - client-C82EA620EB9B->85302df8-7a7f-4077-a053-c26dc3d3d65a: receive RaftClientReply:client-C82EA620EB9B->85302df8-7a7f-4077-a053-c26dc3d3d65a@group-4701ABA8D7D0, cid=3712, SUCCESS, logIndex=6146, commits[85302df8-7a7f-4077-a053-c26dc3d3d65a:c6146]
2019-06-13 22:54:01,965 DEBUG block.SCMBlockDeletingService (SCMBlockDeletingService.java:call(138)) - Running DeletedBlockTransactionScanner
2019-06-13 22:54:01,965 DEBUG block.SCMBlockDeletingService (SCMBlockDeletingService.java:call(155)) - Scanned deleted blocks log and got 0 delTX to process.
2019-06-13 22:54:01,987 INFO  client.GrpcClientProtocolClient (GrpcClientProtocolClient.java:onNext(254)) - client-C82EA620EB9B->85302df8-7a7f-4077-a053-c26dc3d3d65a: receive RaftClientReply:client-C82EA620EB9B->85302df8-7a7f-4077-a053-c26dc3d3d65a@group-4701ABA8D7D0, cid=3713, SUCCESS, logIndex=6148, commits[85302df8-7a7f-4077-a053-c26dc3d3d65a:c6148]
2019-06-13 22:54:01,988 INFO  client.GrpcClientProtocolClient (GrpcClientProtocolClient.java:onNext(254)) - client-C82EA620EB9B->85302df8-7a7f-4077-a053-c26dc3d3d65a: receive RaftClientReply:client-C82EA620EB9B->85302df8-7a7f-4077-a053-c26dc3d3d65a@group-4701ABA8D7D0, cid=3714, SUCCESS, logIndex=6150, commits[85302df8-7a7f-4077-a053-c26dc3d3d65a:c6150]
2019-06-13 22:54:01,989 INFO  client.GrpcClientProtocolClient (GrpcClientProtocolClient.java:onNext(254)) - client-C82EA620EB9B->85302df8-7a7f-4077-a053-c26dc3d3d65a: receive RaftClientReply:client-C82EA620EB9B->85302df8-7a7f-4077-a053-c26dc3d3d65a@group-4701ABA8D7D0, cid=3715, SUCCESS, logIndex=6151, commits[85302df8-7a7f-4077-a053-c26dc3d3d65a:c6152]
2019-06-13 22:54:01,989 INFO  client.GrpcClientProtocolClient (GrpcClientProtocolClient.java:onNext(254)) - client-C82EA620EB9B->85302df8-7a7f-4077-a053-c26dc3d3d65a: receive RaftClientReply:client-C82EA620EB9B->85302df8-7a7f-4077-a053-c26dc3d3d65a@group-4701ABA8D7D0, cid=3716, SUCCESS, logIndex=6152, commits[85302df8-7a7f-4077-a053-c26dc3d3d65a:c6152]
2019-06-13 22:54:01,995 INFO  client.GrpcClientProtocolClient (GrpcClientProtocolClient.java:onNext(254)) - client-C82EA620EB9B->85302df8-7a7f-4077-a053-c26dc3d3d65a: receive RaftClientReply:client-C82EA620EB9B->85302df8-7a7f-4077-a053-c26dc3d3d65a@group-4701ABA8D7D0, cid=3717, SUCCESS, logIndex=6155, commits[85302df8-7a7f-4077-a053-c26dc3d3d65a:c6155]
2019-06-13 22:54:01,996 INFO  client.GrpcClientProtocolClient (GrpcClientProtocolClient.java:onNext(254)) - client-C82EA620EB9B->85302df8-7a7f-4077-a053-c26dc3d3d65a: receive RaftClientReply:client-C82EA620EB9B->85302df8-7a7f-4077-a053-c26dc3d3d65a@group-4701ABA8D7D0, cid=3718, SUCCESS, logIndex=6157, commits[85302df8-7a7f-4077-a053-c26dc3d3d65a:c6157]
2019-06-13 22:54:01,997 INFO  client.GrpcClientProtocolClient (GrpcClientProtocolClient.java:onNext(254)) - client-C82EA620EB9B->85302df8-7a7f-4077-a053-c26dc3d3d65a: receive RaftClientReply:client-C82EA620EB9B->85302df8-7a7f-4077-a053-c26dc3d3d65a@group-4701ABA8D7D0, cid=3719, SUCCESS, logIndex=6158, commits[85302df8-7a7f-4077-a053-c26dc3d3d65a:c6160]
2019-06-13 22:54:01,997 INFO  client.GrpcClientProtocolClient (GrpcClientProtocolClient.java:onNext(254)) - client-C82EA620EB9B->85302df8-7a7f-4077-a053-c26dc3d3d65a: receive RaftClientReply:client-C82EA620EB9B->85302df8-7a7f-4077-a053-c26dc3d3d65a@group-4701ABA8D7D0, cid=3720, SUCCESS, logIndex=6159, commits[85302df8-7a7f-4077-a053-c26dc3d3d65a:c6160]
2019-06-13 22:54:02,007 INFO  client.GrpcClientProtocolClient (GrpcClientProtocolClient.java:onNext(254)) - client-C82EA620EB9B->85302df8-7a7f-4077-a053-c26dc3d3d65a: receive RaftClientReply:client-C82EA620EB9B->85302df8-7a7f-4077-a053-c26dc3d3d65a@group-4701ABA8D7D0, cid=3721, SUCCESS, logIndex=6161, commits[85302df8-7a7f-4077-a053-c26dc3d3d65a:c6161]
2019-06-13 22:54:02,009 INFO  client.GrpcClientProtocolClient (GrpcClientProtocolClient.java:onNext(254)) - client-C82EA620EB9B->85302df8-7a7f-4077-a053-c26dc3d3d65a: receive RaftClientReply:client-C82EA620EB9B->85302df8-7a7f-4077-a053-c26dc3d3d65a@group-4701ABA8D7D0, cid=3722, SUCCESS, logIndex=6163, commits[85302df8-7a7f-4077-a053-c26dc3d3d65a:c6163]
2019-06-13 22:54:02,010 INFO  client.GrpcClientProtocolClient (GrpcClientProtocolClient.java:onNext(254)) - client-C82EA620EB9B->85302df8-7a7f-4077-a053-c26dc3d3d65a: receive RaftClientReply:client-C82EA620EB9B->85302df8-7a7f-4077-a053-c26dc3d3d65a@group-4701ABA8D7D0, cid=3723, SUCCESS, logIndex=6164, commits[85302df8-7a7f-4077-a053-c26dc3d3d65a:c6165]
2019-06-13 22:54:02,010 INFO  client.GrpcClientProtocolClient (GrpcClientProtocolClient.java:onNext(254)) - client-C82EA620EB9B->85302df8-7a7f-4077-a053-c26dc3d3d65a: receive RaftClientReply:client-C82EA620EB9B->85302df8-7a7f-4077-a053-c26dc3d3d65a@group-4701ABA8D7D0, cid=3724, SUCCESS, logIndex=6165, commits[85302df8-7a7f-4077-a053-c26dc3d3d65a:c6166]
2019-06-13 22:54:02,015 INFO  client.GrpcClientProtocolClient (GrpcClientProtocolClient.java:onNext(254)) - client-C82EA620EB9B->85302df8-7a7f-4077-a053-c26dc3d3d65a: receive RaftClientReply:client-C82EA620EB9B->85302df8-7a7f-4077-a053-c26dc3d3d65a@group-4701ABA8D7D0, cid=3725, SUCCESS, logIndex=6168, commits[85302df8-7a7f-4077-a053-c26dc3d3d65a:c6168]
2019-06-13 22:54:02,016 INFO  client.GrpcClientProtocolClient (GrpcClientProtocolClient.java:onNext(254)) - client-C82EA620EB9B->85302df8-7a7f-4077-a053-c26dc3d3d65a: receive RaftClientReply:client-C82EA620EB9B->85302df8-7a7f-4077-a053-c26dc3d3d65a@group-4701ABA8D7D0, cid=3726, SUCCESS, logIndex=6170, commits[85302df8-7a7f-4077-a053-c26dc3d3d65a:c6170]
2019-06-13 22:54:02,017 INFO  client.GrpcClientProtocolClient (GrpcClientProtocolClient.java:onNext(254)) - client-C82EA620EB9B->85302df8-7a7f-4077-a053-c26dc3d3d65a: receive RaftClientReply:client-C82EA620EB9B->85302df8-7a7f-4077-a053-c26dc3d3d65a@group-4701ABA8D7D0, cid=3727, SUCCESS, logIndex=6171, commits[85302df8-7a7f-4077-a053-c26dc3d3d65a:c6173]
2019-06-13 22:54:02,017 INFO  client.GrpcClientProtocolClient (GrpcClientProtocolClient.java:onNext(254)) - client-C82EA620EB9B->85302df8-7a7f-4077-a053-c26dc3d3d65a: receive RaftClientReply:client-C82EA620EB9B->85302df8-7a7f-4077-a053-c26dc3d3d65a@group-4701ABA8D7D0, cid=3728, SUCCESS, logIndex=6172, commits[85302df8-7a7f-4077-a053-c26dc3d3d65a:c6173]
2019-06-13 22:54:02,034 INFO  client.GrpcClientProtocolClient (GrpcClientProtocolClient.java:onNext(254)) - client-C82EA620EB9B->85302df8-7a7f-4077-a053-c26dc3d3d65a: receive RaftClientReply:client-C82EA620EB9B->85302df8-7a7f-4077-a053-c26dc3d3d65a@group-4701ABA8D7D0, cid=3729, SUCCESS, logIndex=6174, commits[85302df8-7a7f-4077-a053-c26dc3d3d65a:c6175]
2019-06-13 22:54:02,036 INFO  client.GrpcClientProtocolClient (GrpcClientProtocolClient.java:onNext(254)) - client-C82EA620EB9B->85302df8-7a7f-4077-a053-c26dc3d3d65a: receive RaftClientReply:client-C82EA620EB9B->85302df8-7a7f-4077-a053-c26dc3d3d65a@group-4701ABA8D7D0, cid=3730, SUCCESS, logIndex=6176, commits[85302df8-7a7f-4077-a053-c26dc3d3d65a:c6176]
2019-06-13 22:54:02,036 INFO  client.GrpcClientProtocolClient (GrpcClientProtocolClient.java:onNext(254)) - client-C82EA620EB9B->85302df8-7a7f-4077-a053-c26dc3d3d65a: receive RaftClientReply:client-C82EA620EB9B->85302df8-7a7f-4077-a053-c26dc3d3d65a@group-4701ABA8D7D0, cid=3731, SUCCESS, logIndex=6177, commits[85302df8-7a7f-4077-a053-c26dc3d3d65a:c6179]
2019-06-13 22:54:02,037 INFO  client.GrpcClientProtocolClient (GrpcClientProtocolClient.java:onNext(254)) - client-C82EA620EB9B->85302df8-7a7f-4077-a053-c26dc3d3d65a: receive RaftClientReply:client-C82EA620EB9B->85302df8-7a7f-4077-a053-c26dc3d3d65a@group-4701ABA8D7D0, cid=3732, SUCCESS, logIndex=6178, commits[85302df8-7a7f-4077-a053-c26dc3d3d65a:c6179]
2019-06-13 22:54:02,042 INFO  client.GrpcClientProtocolClient (GrpcClientProtocolClient.java:onNext(254)) - client-C82EA620EB9B->85302df8-7a7f-4077-a053-c26dc3d3d65a: receive RaftClientReply:client-C82EA620EB9B->85302df8-7a7f-4077-a053-c26dc3d3d65a@group-4701ABA8D7D0, cid=3733, SUCCESS, logIndex=6180, commits[85302df8-7a7f-4077-a053-c26dc3d3d65a:c6180]
2019-06-13 22:54:02,043 INFO  client.GrpcClientProtocolClient (GrpcClientProtocolClient.java:onNext(254)) - client-C82EA620EB9B->85302df8-7a7f-4077-a053-c26dc3d3d65a: receive RaftClientReply:client-C82EA620EB9B->85302df8-7a7f-4077-a053-c26dc3d3d65a@group-4701ABA8D7D0, cid=3734, SUCCESS, logIndex=6182, commits[85302df8-7a7f-4077-a053-c26dc3d3d65a:c6182]
2019-06-13 22:54:02,045 INFO  client.GrpcClientProtocolClient (GrpcClientProtocolClient.java:onNext(254)) - client-C82EA620EB9B->85302df8-7a7f-4077-a053-c26dc3d3d65a: receive RaftClientReply:client-C82EA620EB9B->85302df8-7a7f-4077-a053-c26dc3d3d65a@group-4701ABA8D7D0, cid=3735, SUCCESS, logIndex=6183, commits[85302df8-7a7f-4077-a053-c26dc3d3d65a:c6185]
2019-06-13 22:54:02,045 INFO  client.GrpcClientProtocolClient (GrpcClientProtocolClient.java:onNext(254)) - client-C82EA620EB9B->85302df8-7a7f-4077-a053-c26dc3d3d65a: receive RaftClientReply:client-C82EA620EB9B->85302df8-7a7f-4077-a053-c26dc3d3d65a@group-4701ABA8D7D0, cid=3736, SUCCESS, logIndex=6184, commits[85302df8-7a7f-4077-a053-c26dc3d3d65a:c6185]
2019-06-13 22:54:02,055 INFO  client.GrpcClientProtocolClient (GrpcClientProtocolClient.java:onNext(254)) - client-C82EA620EB9B->85302df8-7a7f-4077-a053-c26dc3d3d65a: receive RaftClientReply:client-C82EA620EB9B->85302df8-7a7f-4077-a053-c26dc3d3d65a@group-4701ABA8D7D0, cid=3737, SUCCESS, logIndex=6186, commits[85302df8-7a7f-4077-a053-c26dc3d3d65a:c6186]
2019-06-13 22:54:02,055 INFO  storage.RaftLogWorker (RaftLogWorker.java:rollLogSegment(303)) - 85302df8-7a7f-4077-a053-c26dc3d3d65a-RaftLogWorker: Rolling segment log-6116_6188 to index:6188
2019-06-13 22:54:02,056 INFO  storage.RaftLogWorker (RaftLogWorker.java:execute(433)) - 85302df8-7a7f-4077-a053-c26dc3d3d65a-RaftLogWorker: Rolled log segment from /opt/src/hadoop-ozone/integration-test/target/test-dir/MiniOzoneClusterImpl-550f9ca0-a6d9-4a4a-902f-f07ac81eac7b/datanode-0/data/ratis/5ad10fc2-5a33-4bdd-8958-4701aba8d7d0/current/log_inprogress_6116 to /opt/src/hadoop-ozone/integration-test/target/test-dir/MiniOzoneClusterImpl-550f9ca0-a6d9-4a4a-902f-f07ac81eac7b/datanode-0/data/ratis/5ad10fc2-5a33-4bdd-8958-4701aba8d7d0/current/log_6116-6188
2019-06-13 22:54:02,058 INFO  client.GrpcClientProtocolClient (GrpcClientProtocolClient.java:onNext(254)) - client-C82EA620EB9B->85302df8-7a7f-4077-a053-c26dc3d3d65a: receive RaftClientReply:client-C82EA620EB9B->85302df8-7a7f-4077-a053-c26dc3d3d65a@group-4701ABA8D7D0, cid=3738, SUCCESS, logIndex=6188, commits[85302df8-7a7f-4077-a053-c26dc3d3d65a:c6188]
2019-06-13 22:54:02,065 DEBUG block.SCMBlockDeletingService (SCMBlockDeletingService.java:call(138)) - Running DeletedBlockTransactionScanner
2019-06-13 22:54:02,065 DEBUG block.SCMBlockDeletingService (SCMBlockDeletingService.java:call(155)) - Scanned deleted blocks log and got 0 delTX to process.
2019-06-13 22:54:02,093 INFO  storage.RaftLogWorker (RaftLogWorker.java:execute(469)) - 85302df8-7a7f-4077-a053-c26dc3d3d65a-RaftLogWorker: created new log segment /opt/src/hadoop-ozone/integration-test/target/test-dir/MiniOzoneClusterImpl-550f9ca0-a6d9-4a4a-902f-f07ac81eac7b/datanode-0/data/ratis/5ad10fc2-5a33-4bdd-8958-4701aba8d7d0/current/log_inprogress_6189
2019-06-13 22:54:02,094 INFO  client.GrpcClientProtocolClient (GrpcClientProtocolClient.java:onNext(254)) - client-C82EA620EB9B->85302df8-7a7f-4077-a053-c26dc3d3d65a: receive RaftClientReply:client-C82EA620EB9B->85302df8-7a7f-4077-a053-c26dc3d3d65a@group-4701ABA8D7D0, cid=3739, SUCCESS, logIndex=6189, commits[85302df8-7a7f-4077-a053-c26dc3d3d65a:c6191]
2019-06-13 22:54:02,095 INFO  client.GrpcClientProtocolClient (GrpcClientProtocolClient.java:onNext(254)) - client-C82EA620EB9B->85302df8-7a7f-4077-a053-c26dc3d3d65a: receive RaftClientReply:client-C82EA620EB9B->85302df8-7a7f-4077-a053-c26dc3d3d65a@group-4701ABA8D7D0, cid=3740, SUCCESS, logIndex=6190, commits[85302df8-7a7f-4077-a053-c26dc3d3d65a:c6191]
2019-06-13 22:54:02,100 INFO  client.GrpcClientProtocolClient (GrpcClientProtocolClient.java:onNext(254)) - client-C82EA620EB9B->85302df8-7a7f-4077-a053-c26dc3d3d65a: receive RaftClientReply:client-C82EA620EB9B->85302df8-7a7f-4077-a053-c26dc3d3d65a@group-4701ABA8D7D0, cid=3741, SUCCESS, logIndex=6192, commits[85302df8-7a7f-4077-a053-c26dc3d3d65a:c6192]
2019-06-13 22:54:02,102 INFO  client.GrpcClientProtocolClient (GrpcClientProtocolClient.java:onNext(254)) - client-C82EA620EB9B->85302df8-7a7f-4077-a053-c26dc3d3d65a: receive RaftClientReply:client-C82EA620EB9B->85302df8-7a7f-4077-a053-c26dc3d3d65a@group-4701ABA8D7D0, cid=3742, SUCCESS, logIndex=6194, commits[85302df8-7a7f-4077-a053-c26dc3d3d65a:c6194]
2019-06-13 22:54:02,102 INFO  client.GrpcClientProtocolClient (GrpcClientProtocolClient.java:onNext(254)) - client-C82EA620EB9B->85302df8-7a7f-4077-a053-c26dc3d3d65a: receive RaftClientReply:client-C82EA620EB9B->85302df8-7a7f-4077-a053-c26dc3d3d65a@group-4701ABA8D7D0, cid=3743, SUCCESS, logIndex=6195, commits[85302df8-7a7f-4077-a053-c26dc3d3d65a:c6197]
2019-06-13 22:54:02,103 INFO  client.GrpcClientProtocolClient (GrpcClientProtocolClient.java:onNext(254)) - client-C82EA620EB9B->85302df8-7a7f-4077-a053-c26dc3d3d65a: receive RaftClientReply:client-C82EA620EB9B->85302df8-7a7f-4077-a053-c26dc3d3d65a@group-4701ABA8D7D0, cid=3744, SUCCESS, logIndex=6196, commits[85302df8-7a7f-4077-a053-c26dc3d3d65a:c6197]
2019-06-13 22:54:02,156 INFO  client.GrpcClientProtocolClient (GrpcClientProtocolClient.java:onNext(254)) - client-C82EA620EB9B->85302df8-7a7f-4077-a053-c26dc3d3d65a: receive RaftClientReply:client-C82EA620EB9B->85302df8-7a7f-4077-a053-c26dc3d3d65a@group-4701ABA8D7D0, cid=3745, SUCCESS, logIndex=6198, commits[85302df8-7a7f-4077-a053-c26dc3d3d65a:c6198]
2019-06-13 22:54:02,158 INFO  client.GrpcClientProtocolClient (GrpcClientProtocolClient.java:onNext(254)) - client-C82EA620EB9B->85302df8-7a7f-4077-a053-c26dc3d3d65a: receive RaftClientReply:client-C82EA620EB9B->85302df8-7a7f-4077-a053-c26dc3d3d65a@group-4701ABA8D7D0, cid=3746, SUCCESS, logIndex=6200, commits[85302df8-7a7f-4077-a053-c26dc3d3d65a:c6200]
2019-06-13 22:54:02,159 INFO  client.GrpcClientProtocolClient (GrpcClientProtocolClient.java:onNext(254)) - client-C82EA620EB9B->85302df8-7a7f-4077-a053-c26dc3d3d65a: receive RaftClientReply:client-C82EA620EB9B->85302df8-7a7f-4077-a053-c26dc3d3d65a@group-4701ABA8D7D0, cid=3747, SUCCESS, logIndex=6201, commits[85302df8-7a7f-4077-a053-c26dc3d3d65a:c6203]
2019-06-13 22:54:02,161 INFO  client.GrpcClientProtocolClient (GrpcClientProtocolClient.java:onNext(254)) - client-C82EA620EB9B->85302df8-7a7f-4077-a053-c26dc3d3d65a: receive RaftClientReply:client-C82EA620EB9B->85302df8-7a7f-4077-a053-c26dc3d3d65a@group-4701ABA8D7D0, cid=3748, SUCCESS, logIndex=6202, commits[85302df8-7a7f-4077-a053-c26dc3d3d65a:c6203]
2019-06-13 22:54:02,165 DEBUG block.SCMBlockDeletingService (SCMBlockDeletingService.java:call(138)) - Running DeletedBlockTransactionScanner
2019-06-13 22:54:02,166 DEBUG block.SCMBlockDeletingService (SCMBlockDeletingService.java:call(155)) - Scanned deleted blocks log and got 0 delTX to process.
2019-06-13 22:54:02,168 INFO  client.GrpcClientProtocolClient (GrpcClientProtocolClient.java:onNext(254)) - client-C82EA620EB9B->85302df8-7a7f-4077-a053-c26dc3d3d65a: receive RaftClientReply:client-C82EA620EB9B->85302df8-7a7f-4077-a053-c26dc3d3d65a@group-4701ABA8D7D0, cid=3749, SUCCESS, logIndex=6204, commits[85302df8-7a7f-4077-a053-c26dc3d3d65a:c6204]
2019-06-13 22:54:02,170 INFO  client.GrpcClientProtocolClient (GrpcClientProtocolClient.java:onNext(254)) - client-C82EA620EB9B->85302df8-7a7f-4077-a053-c26dc3d3d65a: receive RaftClientReply:client-C82EA620EB9B->85302df8-7a7f-4077-a053-c26dc3d3d65a@group-4701ABA8D7D0, cid=3750, SUCCESS, logIndex=6206, commits[85302df8-7a7f-4077-a053-c26dc3d3d65a:c6206]
2019-06-13 22:54:02,172 INFO  client.GrpcClientProtocolClient (GrpcClientProtocolClient.java:onNext(254)) - client-C82EA620EB9B->85302df8-7a7f-4077-a053-c26dc3d3d65a: receive RaftClientReply:client-C82EA620EB9B->85302df8-7a7f-4077-a053-c26dc3d3d65a@group-4701ABA8D7D0, cid=3751, SUCCESS, logIndex=6207, commits[85302df8-7a7f-4077-a053-c26dc3d3d65a:c6209]
2019-06-13 22:54:02,172 INFO  client.GrpcClientProtocolClient (GrpcClientProtocolClient.java:onNext(254)) - client-C82EA620EB9B->85302df8-7a7f-4077-a053-c26dc3d3d65a: receive RaftClientReply:client-C82EA620EB9B->85302df8-7a7f-4077-a053-c26dc3d3d65a@group-4701ABA8D7D0, cid=3752, SUCCESS, logIndex=6208, commits[85302df8-7a7f-4077-a053-c26dc3d3d65a:c6209]
2019-06-13 22:54:02,183 INFO  client.GrpcClientProtocolClient (GrpcClientProtocolClient.java:onNext(254)) - client-C82EA620EB9B->85302df8-7a7f-4077-a053-c26dc3d3d65a: receive RaftClientReply:client-C82EA620EB9B->85302df8-7a7f-4077-a053-c26dc3d3d65a@group-4701ABA8D7D0, cid=3753, SUCCESS, logIndex=6210, commits[85302df8-7a7f-4077-a053-c26dc3d3d65a:c6210]
2019-06-13 22:54:02,185 INFO  client.GrpcClientProtocolClient (GrpcClientProtocolClient.java:onNext(254)) - client-C82EA620EB9B->85302df8-7a7f-4077-a053-c26dc3d3d65a: receive RaftClientReply:client-C82EA620EB9B->85302df8-7a7f-4077-a053-c26dc3d3d65a@group-4701ABA8D7D0, cid=3754, SUCCESS, logIndex=6212, commits[85302df8-7a7f-4077-a053-c26dc3d3d65a:c6212]
2019-06-13 22:54:02,185 INFO  client.GrpcClientProtocolClient (GrpcClientProtocolClient.java:onNext(254)) - client-C82EA620EB9B->85302df8-7a7f-4077-a053-c26dc3d3d65a: receive RaftClientReply:client-C82EA620EB9B->85302df8-7a7f-4077-a053-c26dc3d3d65a@group-4701ABA8D7D0, cid=3755, SUCCESS, logIndex=6213, commits[85302df8-7a7f-4077-a053-c26dc3d3d65a:c6214]
2019-06-13 22:54:02,186 INFO  client.GrpcClientProtocolClient (GrpcClientProtocolClient.java:onNext(254)) - client-C82EA620EB9B->85302df8-7a7f-4077-a053-c26dc3d3d65a: receive RaftClientReply:client-C82EA620EB9B->85302df8-7a7f-4077-a053-c26dc3d3d65a@group-4701ABA8D7D0, cid=3756, SUCCESS, logIndex=6214, commits[85302df8-7a7f-4077-a053-c26dc3d3d65a:c6214]
2019-06-13 22:54:02,258 INFO  client.GrpcClientProtocolClient (GrpcClientProtocolClient.java:onNext(254)) - client-C82EA620EB9B->85302df8-7a7f-4077-a053-c26dc3d3d65a: receive RaftClientReply:client-C82EA620EB9B->85302df8-7a7f-4077-a053-c26dc3d3d65a@group-4701ABA8D7D0, cid=3757, SUCCESS, logIndex=6217, commits[85302df8-7a7f-4077-a053-c26dc3d3d65a:c6217]
2019-06-13 22:54:02,260 INFO  client.GrpcClientProtocolClient (GrpcClientProtocolClient.java:onNext(254)) - client-C82EA620EB9B->85302df8-7a7f-4077-a053-c26dc3d3d65a: receive RaftClientReply:client-C82EA620EB9B->85302df8-7a7f-4077-a053-c26dc3d3d65a@group-4701ABA8D7D0, cid=3758, SUCCESS, logIndex=6219, commits[85302df8-7a7f-4077-a053-c26dc3d3d65a:c6219]
2019-06-13 22:54:02,261 INFO  client.GrpcClientProtocolClient (GrpcClientProtocolClient.java:onNext(254)) - client-C82EA620EB9B->85302df8-7a7f-4077-a053-c26dc3d3d65a: receive RaftClientReply:client-C82EA620EB9B->85302df8-7a7f-4077-a053-c26dc3d3d65a@group-4701ABA8D7D0, cid=3759, SUCCESS, logIndex=6220, commits[85302df8-7a7f-4077-a053-c26dc3d3d65a:c6222]
2019-06-13 22:54:02,261 INFO  client.GrpcClientProtocolClient (GrpcClientProtocolClient.java:onNext(254)) - client-C82EA620EB9B->85302df8-7a7f-4077-a053-c26dc3d3d65a: receive RaftClientReply:client-C82EA620EB9B->85302df8-7a7f-4077-a053-c26dc3d3d65a@group-4701ABA8D7D0, cid=3760, SUCCESS, logIndex=6221, commits[85302df8-7a7f-4077-a053-c26dc3d3d65a:c6222]
2019-06-13 22:54:02,266 DEBUG block.SCMBlockDeletingService (SCMBlockDeletingService.java:call(138)) - Running DeletedBlockTransactionScanner
2019-06-13 22:54:02,266 DEBUG block.SCMBlockDeletingService (SCMBlockDeletingService.java:call(155)) - Scanned deleted blocks log and got 0 delTX to process.
2019-06-13 22:54:02,272 INFO  client.GrpcClientProtocolClient (GrpcClientProtocolClient.java:onNext(254)) - client-C82EA620EB9B->85302df8-7a7f-4077-a053-c26dc3d3d65a: receive RaftClientReply:client-C82EA620EB9B->85302df8-7a7f-4077-a053-c26dc3d3d65a@group-4701ABA8D7D0, cid=3761, SUCCESS, logIndex=6223, commits[85302df8-7a7f-4077-a053-c26dc3d3d65a:c6223]
2019-06-13 22:54:02,274 INFO  client.GrpcClientProtocolClient (GrpcClientProtocolClient.java:onNext(254)) - client-C82EA620EB9B->85302df8-7a7f-4077-a053-c26dc3d3d65a: receive RaftClientReply:client-C82EA620EB9B->85302df8-7a7f-4077-a053-c26dc3d3d65a@group-4701ABA8D7D0, cid=3762, SUCCESS, logIndex=6225, commits[85302df8-7a7f-4077-a053-c26dc3d3d65a:c6225]
2019-06-13 22:54:02,275 INFO  client.GrpcClientProtocolClient (GrpcClientProtocolClient.java:onNext(254)) - client-C82EA620EB9B->85302df8-7a7f-4077-a053-c26dc3d3d65a: receive RaftClientReply:client-C82EA620EB9B->85302df8-7a7f-4077-a053-c26dc3d3d65a@group-4701ABA8D7D0, cid=3763, SUCCESS, logIndex=6226, commits[85302df8-7a7f-4077-a053-c26dc3d3d65a:c6227]
2019-06-13 22:54:02,275 INFO  client.GrpcClientProtocolClient (GrpcClientProtocolClient.java:onNext(254)) - client-C82EA620EB9B->85302df8-7a7f-4077-a053-c26dc3d3d65a: receive RaftClientReply:client-C82EA620EB9B->85302df8-7a7f-4077-a053-c26dc3d3d65a@group-4701ABA8D7D0, cid=3764, SUCCESS, logIndex=6227, commits[85302df8-7a7f-4077-a053-c26dc3d3d65a:c6227]
2019-06-13 22:54:02,281 INFO  client.GrpcClientProtocolClient (GrpcClientProtocolClient.java:onNext(254)) - client-C82EA620EB9B->85302df8-7a7f-4077-a053-c26dc3d3d65a: receive RaftClientReply:client-C82EA620EB9B->85302df8-7a7f-4077-a053-c26dc3d3d65a@group-4701ABA8D7D0, cid=3765, SUCCESS, logIndex=6230, commits[85302df8-7a7f-4077-a053-c26dc3d3d65a:c6230]
2019-06-13 22:54:02,282 INFO  client.GrpcClientProtocolClient (GrpcClientProtocolClient.java:onNext(254)) - client-C82EA620EB9B->85302df8-7a7f-4077-a053-c26dc3d3d65a: receive RaftClientReply:client-C82EA620EB9B->85302df8-7a7f-4077-a053-c26dc3d3d65a@group-4701ABA8D7D0, cid=3766, SUCCESS, logIndex=6232, commits[85302df8-7a7f-4077-a053-c26dc3d3d65a:c6232]
2019-06-13 22:54:02,283 INFO  client.GrpcClientProtocolClient (GrpcClientProtocolClient.java:onNext(254)) - client-C82EA620EB9B->85302df8-7a7f-4077-a053-c26dc3d3d65a: receive RaftClientReply:client-C82EA620EB9B->85302df8-7a7f-4077-a053-c26dc3d3d65a@group-4701ABA8D7D0, cid=3767, SUCCESS, logIndex=6233, commits[85302df8-7a7f-4077-a053-c26dc3d3d65a:c6235]
2019-06-13 22:54:02,284 INFO  client.GrpcClientProtocolClient (GrpcClientProtocolClient.java:onNext(254)) - client-C82EA620EB9B->85302df8-7a7f-4077-a053-c26dc3d3d65a: receive RaftClientReply:client-C82EA620EB9B->85302df8-7a7f-4077-a053-c26dc3d3d65a@group-4701ABA8D7D0, cid=3768, SUCCESS, logIndex=6234, commits[85302df8-7a7f-4077-a053-c26dc3d3d65a:c6235]
2019-06-13 22:54:02,294 INFO  client.GrpcClientProtocolClient (GrpcClientProtocolClient.java:onNext(254)) - client-C82EA620EB9B->85302df8-7a7f-4077-a053-c26dc3d3d65a: receive RaftClientReply:client-C82EA620EB9B->85302df8-7a7f-4077-a053-c26dc3d3d65a@group-4701ABA8D7D0, cid=3769, SUCCESS, logIndex=6236, commits[85302df8-7a7f-4077-a053-c26dc3d3d65a:c6236]
2019-06-13 22:54:02,296 INFO  client.GrpcClientProtocolClient (GrpcClientProtocolClient.java:onNext(254)) - client-C82EA620EB9B->85302df8-7a7f-4077-a053-c26dc3d3d65a: receive RaftClientReply:client-C82EA620EB9B->85302df8-7a7f-4077-a053-c26dc3d3d65a@group-4701ABA8D7D0, cid=3770, SUCCESS, logIndex=6238, commits[85302df8-7a7f-4077-a053-c26dc3d3d65a:c6238]
2019-06-13 22:54:02,297 INFO  client.GrpcClientProtocolClient (GrpcClientProtocolClient.java:onNext(254)) - client-C82EA620EB9B->85302df8-7a7f-4077-a053-c26dc3d3d65a: receive RaftClientReply:client-C82EA620EB9B->85302df8-7a7f-4077-a053-c26dc3d3d65a@group-4701ABA8D7D0, cid=3771, SUCCESS, logIndex=6239, commits[85302df8-7a7f-4077-a053-c26dc3d3d65a:c6241]
2019-06-13 22:54:02,297 INFO  client.GrpcClientProtocolClient (GrpcClientProtocolClient.java:onNext(254)) - client-C82EA620EB9B->85302df8-7a7f-4077-a053-c26dc3d3d65a: receive RaftClientReply:client-C82EA620EB9B->85302df8-7a7f-4077-a053-c26dc3d3d65a@group-4701ABA8D7D0, cid=3772, SUCCESS, logIndex=6240, commits[85302df8-7a7f-4077-a053-c26dc3d3d65a:c6241]
2019-06-13 22:54:02,302 INFO  client.GrpcClientProtocolClient (GrpcClientProtocolClient.java:onNext(254)) - client-C82EA620EB9B->85302df8-7a7f-4077-a053-c26dc3d3d65a: receive RaftClientReply:client-C82EA620EB9B->85302df8-7a7f-4077-a053-c26dc3d3d65a@group-4701ABA8D7D0, cid=3773, SUCCESS, logIndex=6242, commits[85302df8-7a7f-4077-a053-c26dc3d3d65a:c6242]
2019-06-13 22:54:02,304 INFO  client.GrpcClientProtocolClient (GrpcClientProtocolClient.java:onNext(254)) - client-C82EA620EB9B->85302df8-7a7f-4077-a053-c26dc3d3d65a: receive RaftClientReply:client-C82EA620EB9B->85302df8-7a7f-4077-a053-c26dc3d3d65a@group-4701ABA8D7D0, cid=3774, SUCCESS, logIndex=6244, commits[85302df8-7a7f-4077-a053-c26dc3d3d65a:c6244]
2019-06-13 22:54:02,305 INFO  client.GrpcClientProtocolClient (GrpcClientProtocolClient.java:onNext(254)) - client-C82EA620EB9B->85302df8-7a7f-4077-a053-c26dc3d3d65a: receive RaftClientReply:client-C82EA620EB9B->85302df8-7a7f-4077-a053-c26dc3d3d65a@group-4701ABA8D7D0, cid=3775, SUCCESS, logIndex=6245, commits[85302df8-7a7f-4077-a053-c26dc3d3d65a:c6247]
2019-06-13 22:54:02,305 INFO  client.GrpcClientProtocolClient (GrpcClientProtocolClient.java:onNext(254)) - client-C82EA620EB9B->85302df8-7a7f-4077-a053-c26dc3d3d65a: receive RaftClientReply:client-C82EA620EB9B->85302df8-7a7f-4077-a053-c26dc3d3d65a@group-4701ABA8D7D0, cid=3776, SUCCESS, logIndex=6246, commits[85302df8-7a7f-4077-a053-c26dc3d3d65a:c6247]
2019-06-13 22:54:02,317 INFO  client.GrpcClientProtocolClient (GrpcClientProtocolClient.java:onNext(254)) - client-C82EA620EB9B->85302df8-7a7f-4077-a053-c26dc3d3d65a: receive RaftClientReply:client-C82EA620EB9B->85302df8-7a7f-4077-a053-c26dc3d3d65a@group-4701ABA8D7D0, cid=3777, SUCCESS, logIndex=6248, commits[85302df8-7a7f-4077-a053-c26dc3d3d65a:c6248]
2019-06-13 22:54:02,318 INFO  client.GrpcClientProtocolClient (GrpcClientProtocolClient.java:onNext(254)) - client-C82EA620EB9B->85302df8-7a7f-4077-a053-c26dc3d3d65a: receive RaftClientReply:client-C82EA620EB9B->85302df8-7a7f-4077-a053-c26dc3d3d65a@group-4701ABA8D7D0, cid=3778, SUCCESS, logIndex=6250, commits[85302df8-7a7f-4077-a053-c26dc3d3d65a:c6250]
2019-06-13 22:54:02,319 INFO  client.GrpcClientProtocolClient (GrpcClientProtocolClient.java:onNext(254)) - client-C82EA620EB9B->85302df8-7a7f-4077-a053-c26dc3d3d65a: receive RaftClientReply:client-C82EA620EB9B->85302df8-7a7f-4077-a053-c26dc3d3d65a@group-4701ABA8D7D0, cid=3779, SUCCESS, logIndex=6251, commits[85302df8-7a7f-4077-a053-c26dc3d3d65a:c6253]
2019-06-13 22:54:02,320 INFO  client.GrpcClientProtocolClient (GrpcClientProtocolClient.java:onNext(254)) - client-C82EA620EB9B->85302df8-7a7f-4077-a053-c26dc3d3d65a: receive RaftClientReply:client-C82EA620EB9B->85302df8-7a7f-4077-a053-c26dc3d3d65a@group-4701ABA8D7D0, cid=3780, SUCCESS, logIndex=6252, commits[85302df8-7a7f-4077-a053-c26dc3d3d65a:c6253]
2019-06-13 22:54:02,325 INFO  client.GrpcClientProtocolClient (GrpcClientProtocolClient.java:onNext(254)) - client-C82EA620EB9B->85302df8-7a7f-4077-a053-c26dc3d3d65a: receive RaftClientReply:client-C82EA620EB9B->85302df8-7a7f-4077-a053-c26dc3d3d65a@group-4701ABA8D7D0, cid=3781, SUCCESS, logIndex=6254, commits[85302df8-7a7f-4077-a053-c26dc3d3d65a:c6254]
2019-06-13 22:54:02,325 INFO  storage.RaftLogWorker (RaftLogWorker.java:rollLogSegment(303)) - 85302df8-7a7f-4077-a053-c26dc3d3d65a-RaftLogWorker: Rolling segment log-6189_6255 to index:6255
2019-06-13 22:54:02,325 INFO  storage.RaftLogWorker (RaftLogWorker.java:execute(433)) - 85302df8-7a7f-4077-a053-c26dc3d3d65a-RaftLogWorker: Rolled log segment from /opt/src/hadoop-ozone/integration-test/target/test-dir/MiniOzoneClusterImpl-550f9ca0-a6d9-4a4a-902f-f07ac81eac7b/datanode-0/data/ratis/5ad10fc2-5a33-4bdd-8958-4701aba8d7d0/current/log_inprogress_6189 to /opt/src/hadoop-ozone/integration-test/target/test-dir/MiniOzoneClusterImpl-550f9ca0-a6d9-4a4a-902f-f07ac81eac7b/datanode-0/data/ratis/5ad10fc2-5a33-4bdd-8958-4701aba8d7d0/current/log_6189-6255
2019-06-13 22:54:02,361 INFO  storage.RaftLogWorker (RaftLogWorker.java:execute(469)) - 85302df8-7a7f-4077-a053-c26dc3d3d65a-RaftLogWorker: created new log segment /opt/src/hadoop-ozone/integration-test/target/test-dir/MiniOzoneClusterImpl-550f9ca0-a6d9-4a4a-902f-f07ac81eac7b/datanode-0/data/ratis/5ad10fc2-5a33-4bdd-8958-4701aba8d7d0/current/log_inprogress_6256
2019-06-13 22:54:02,363 INFO  client.GrpcClientProtocolClient (GrpcClientProtocolClient.java:onNext(254)) - client-C82EA620EB9B->85302df8-7a7f-4077-a053-c26dc3d3d65a: receive RaftClientReply:client-C82EA620EB9B->85302df8-7a7f-4077-a053-c26dc3d3d65a@group-4701ABA8D7D0, cid=3782, SUCCESS, logIndex=6256, commits[85302df8-7a7f-4077-a053-c26dc3d3d65a:c6258]
2019-06-13 22:54:02,363 INFO  client.GrpcClientProtocolClient (GrpcClientProtocolClient.java:onNext(254)) - client-C82EA620EB9B->85302df8-7a7f-4077-a053-c26dc3d3d65a: receive RaftClientReply:client-C82EA620EB9B->85302df8-7a7f-4077-a053-c26dc3d3d65a@group-4701ABA8D7D0, cid=3783, SUCCESS, logIndex=6257, commits[85302df8-7a7f-4077-a053-c26dc3d3d65a:c6258]
2019-06-13 22:54:02,364 INFO  client.GrpcClientProtocolClient (GrpcClientProtocolClient.java:onNext(254)) - client-C82EA620EB9B->85302df8-7a7f-4077-a053-c26dc3d3d65a: receive RaftClientReply:client-C82EA620EB9B->85302df8-7a7f-4077-a053-c26dc3d3d65a@group-4701ABA8D7D0, cid=3784, SUCCESS, logIndex=6258, commits[85302df8-7a7f-4077-a053-c26dc3d3d65a:c6259]
2019-06-13 22:54:02,366 DEBUG block.SCMBlockDeletingService (SCMBlockDeletingService.java:call(138)) - Running DeletedBlockTransactionScanner
2019-06-13 22:54:02,367 DEBUG block.SCMBlockDeletingService (SCMBlockDeletingService.java:call(155)) - Scanned deleted blocks log and got 0 delTX to process.
2019-06-13 22:54:02,376 INFO  client.GrpcClientProtocolClient (GrpcClientProtocolClient.java:onNext(254)) - client-C82EA620EB9B->85302df8-7a7f-4077-a053-c26dc3d3d65a: receive RaftClientReply:client-C82EA620EB9B->85302df8-7a7f-4077-a053-c26dc3d3d65a@group-4701ABA8D7D0, cid=3785, SUCCESS, logIndex=6260, commits[85302df8-7a7f-4077-a053-c26dc3d3d65a:c6260]
2019-06-13 22:54:02,378 INFO  client.GrpcClientProtocolClient (GrpcClientProtocolClient.java:onNext(254)) - client-C82EA620EB9B->85302df8-7a7f-4077-a053-c26dc3d3d65a: receive RaftClientReply:client-C82EA620EB9B->85302df8-7a7f-4077-a053-c26dc3d3d65a@group-4701ABA8D7D0, cid=3786, SUCCESS, logIndex=6262, commits[85302df8-7a7f-4077-a053-c26dc3d3d65a:c6262]
2019-06-13 22:54:02,379 INFO  client.GrpcClientProtocolClient (GrpcClientProtocolClient.java:onNext(254)) - client-C82EA620EB9B->85302df8-7a7f-4077-a053-c26dc3d3d65a: receive RaftClientReply:client-C82EA620EB9B->85302df8-7a7f-4077-a053-c26dc3d3d65a@group-4701ABA8D7D0, cid=3787, SUCCESS, logIndex=6263, commits[85302df8-7a7f-4077-a053-c26dc3d3d65a:c6265]
2019-06-13 22:54:02,379 INFO  client.GrpcClientProtocolClient (GrpcClientProtocolClient.java:onNext(254)) - client-C82EA620EB9B->85302df8-7a7f-4077-a053-c26dc3d3d65a: receive RaftClientReply:client-C82EA620EB9B->85302df8-7a7f-4077-a053-c26dc3d3d65a@group-4701ABA8D7D0, cid=3788, SUCCESS, logIndex=6264, commits[85302df8-7a7f-4077-a053-c26dc3d3d65a:c6265]
2019-06-13 22:54:02,384 INFO  client.GrpcClientProtocolClient (GrpcClientProtocolClient.java:onNext(254)) - client-C82EA620EB9B->85302df8-7a7f-4077-a053-c26dc3d3d65a: receive RaftClientReply:client-C82EA620EB9B->85302df8-7a7f-4077-a053-c26dc3d3d65a@group-4701ABA8D7D0, cid=3789, SUCCESS, logIndex=6266, commits[85302df8-7a7f-4077-a053-c26dc3d3d65a:c6266]
2019-06-13 22:54:02,386 INFO  client.GrpcClientProtocolClient (GrpcClientProtocolClient.java:onNext(254)) - client-C82EA620EB9B->85302df8-7a7f-4077-a053-c26dc3d3d65a: receive RaftClientReply:client-C82EA620EB9B->85302df8-7a7f-4077-a053-c26dc3d3d65a@group-4701ABA8D7D0, cid=3790, SUCCESS, logIndex=6268, commits[85302df8-7a7f-4077-a053-c26dc3d3d65a:c6268]
2019-06-13 22:54:02,386 INFO  client.GrpcClientProtocolClient (GrpcClientProtocolClient.java:onNext(254)) - client-C82EA620EB9B->85302df8-7a7f-4077-a053-c26dc3d3d65a: receive RaftClientReply:client-C82EA620EB9B->85302df8-7a7f-4077-a053-c26dc3d3d65a@group-4701ABA8D7D0, cid=3791, SUCCESS, logIndex=6269, commits[85302df8-7a7f-4077-a053-c26dc3d3d65a:c6270]
2019-06-13 22:54:02,387 INFO  client.GrpcClientProtocolClient (GrpcClientProtocolClient.java:onNext(254)) - client-C82EA620EB9B->85302df8-7a7f-4077-a053-c26dc3d3d65a: receive RaftClientReply:client-C82EA620EB9B->85302df8-7a7f-4077-a053-c26dc3d3d65a@group-4701ABA8D7D0, cid=3792, SUCCESS, logIndex=6270, commits[85302df8-7a7f-4077-a053-c26dc3d3d65a:c6270]
2019-06-13 22:54:02,397 INFO  client.GrpcClientProtocolClient (GrpcClientProtocolClient.java:onNext(254)) - client-C82EA620EB9B->85302df8-7a7f-4077-a053-c26dc3d3d65a: receive RaftClientReply:client-C82EA620EB9B->85302df8-7a7f-4077-a053-c26dc3d3d65a@group-4701ABA8D7D0, cid=3793, SUCCESS, logIndex=6273, commits[85302df8-7a7f-4077-a053-c26dc3d3d65a:c6273]
2019-06-13 22:54:02,402 INFO  client.GrpcClientProtocolClient (GrpcClientProtocolClient.java:onNext(254)) - client-C82EA620EB9B->85302df8-7a7f-4077-a053-c26dc3d3d65a: receive RaftClientReply:client-C82EA620EB9B->85302df8-7a7f-4077-a053-c26dc3d3d65a@group-4701ABA8D7D0, cid=3794, SUCCESS, logIndex=6275, commits[85302df8-7a7f-4077-a053-c26dc3d3d65a:c6275]
2019-06-13 22:54:02,403 INFO  client.GrpcClientProtocolClient (GrpcClientProtocolClient.java:onNext(254)) - client-C82EA620EB9B->85302df8-7a7f-4077-a053-c26dc3d3d65a: receive RaftClientReply:client-C82EA620EB9B->85302df8-7a7f-4077-a053-c26dc3d3d65a@group-4701ABA8D7D0, cid=3795, SUCCESS, logIndex=6276, commits[85302df8-7a7f-4077-a053-c26dc3d3d65a:c6278]
2019-06-13 22:54:02,409 INFO  client.GrpcClientProtocolClient (GrpcClientProtocolClient.java:onNext(254)) - client-C82EA620EB9B->85302df8-7a7f-4077-a053-c26dc3d3d65a: receive RaftClientReply:client-C82EA620EB9B->85302df8-7a7f-4077-a053-c26dc3d3d65a@group-4701ABA8D7D0, cid=3796, SUCCESS, logIndex=6277, commits[85302df8-7a7f-4077-a053-c26dc3d3d65a:c6278]
2019-06-13 22:54:02,415 INFO  client.GrpcClientProtocolClient (GrpcClientProtocolClient.java:onNext(254)) - client-C82EA620EB9B->85302df8-7a7f-4077-a053-c26dc3d3d65a: receive RaftClientReply:client-C82EA620EB9B->85302df8-7a7f-4077-a053-c26dc3d3d65a@group-4701ABA8D7D0, cid=3797, SUCCESS, logIndex=6279, commits[85302df8-7a7f-4077-a053-c26dc3d3d65a:c6279]
2019-06-13 22:54:02,416 INFO  client.GrpcClientProtocolClient (GrpcClientProtocolClient.java:onNext(254)) - client-C82EA620EB9B->85302df8-7a7f-4077-a053-c26dc3d3d65a: receive RaftClientReply:client-C82EA620EB9B->85302df8-7a7f-4077-a053-c26dc3d3d65a@group-4701ABA8D7D0, cid=3798, SUCCESS, logIndex=6281, commits[85302df8-7a7f-4077-a053-c26dc3d3d65a:c6281]
2019-06-13 22:54:02,418 INFO  client.GrpcClientProtocolClient (GrpcClientProtocolClient.java:onNext(254)) - client-C82EA620EB9B->85302df8-7a7f-4077-a053-c26dc3d3d65a: receive RaftClientReply:client-C82EA620EB9B->85302df8-7a7f-4077-a053-c26dc3d3d65a@group-4701ABA8D7D0, cid=3799, SUCCESS, logIndex=6283, commits[85302df8-7a7f-4077-a053-c26dc3d3d65a:c6284]
2019-06-13 22:54:02,418 INFO  client.GrpcClientProtocolClient (GrpcClientProtocolClient.java:onNext(254)) - client-C82EA620EB9B->85302df8-7a7f-4077-a053-c26dc3d3d65a: receive RaftClientReply:client-C82EA620EB9B->85302df8-7a7f-4077-a053-c26dc3d3d65a@group-4701ABA8D7D0, cid=3800, SUCCESS, logIndex=6284, commits[85302df8-7a7f-4077-a053-c26dc3d3d65a:c6284]
2019-06-13 22:54:02,428 INFO  client.GrpcClientProtocolClient (GrpcClientProtocolClient.java:onNext(254)) - client-C82EA620EB9B->85302df8-7a7f-4077-a053-c26dc3d3d65a: receive RaftClientReply:client-C82EA620EB9B->85302df8-7a7f-4077-a053-c26dc3d3d65a@group-4701ABA8D7D0, cid=3801, SUCCESS, logIndex=6286, commits[85302df8-7a7f-4077-a053-c26dc3d3d65a:c6286]
2019-06-13 22:54:02,429 INFO  client.GrpcClientProtocolClient (GrpcClientProtocolClient.java:onNext(254)) - client-C82EA620EB9B->85302df8-7a7f-4077-a053-c26dc3d3d65a: receive RaftClientReply:client-C82EA620EB9B->85302df8-7a7f-4077-a053-c26dc3d3d65a@group-4701ABA8D7D0, cid=3802, SUCCESS, logIndex=6288, commits[85302df8-7a7f-4077-a053-c26dc3d3d65a:c6288]
2019-06-13 22:54:02,467 DEBUG block.SCMBlockDeletingService (SCMBlockDeletingService.java:call(138)) - Running DeletedBlockTransactionScanner
2019-06-13 22:54:02,467 DEBUG block.SCMBlockDeletingService (SCMBlockDeletingService.java:call(155)) - Scanned deleted blocks log and got 0 delTX to process.
2019-06-13 22:54:02,498 INFO  client.GrpcClientProtocolClient (GrpcClientProtocolClient.java:onNext(254)) - client-C82EA620EB9B->85302df8-7a7f-4077-a053-c26dc3d3d65a: receive RaftClientReply:client-C82EA620EB9B->85302df8-7a7f-4077-a053-c26dc3d3d65a@group-4701ABA8D7D0, cid=3803, SUCCESS, logIndex=6290, commits[85302df8-7a7f-4077-a053-c26dc3d3d65a:c6290]
2019-06-13 22:54:02,499 INFO  client.GrpcClientProtocolClient (GrpcClientProtocolClient.java:onNext(254)) - client-C82EA620EB9B->85302df8-7a7f-4077-a053-c26dc3d3d65a: receive RaftClientReply:client-C82EA620EB9B->85302df8-7a7f-4077-a053-c26dc3d3d65a@group-4701ABA8D7D0, cid=3804, SUCCESS, logIndex=6292, commits[85302df8-7a7f-4077-a053-c26dc3d3d65a:c6292]
2019-06-13 22:54:02,504 INFO  client.GrpcClientProtocolClient (GrpcClientProtocolClient.java:onNext(254)) - client-C82EA620EB9B->85302df8-7a7f-4077-a053-c26dc3d3d65a: receive RaftClientReply:client-C82EA620EB9B->85302df8-7a7f-4077-a053-c26dc3d3d65a@group-4701ABA8D7D0, cid=3805, SUCCESS, logIndex=6294, commits[85302df8-7a7f-4077-a053-c26dc3d3d65a:c6294]
2019-06-13 22:54:02,505 INFO  client.GrpcClientProtocolClient (GrpcClientProtocolClient.java:onNext(254)) - client-C82EA620EB9B->85302df8-7a7f-4077-a053-c26dc3d3d65a: receive RaftClientReply:client-C82EA620EB9B->85302df8-7a7f-4077-a053-c26dc3d3d65a@group-4701ABA8D7D0, cid=3806, SUCCESS, logIndex=6296, commits[85302df8-7a7f-4077-a053-c26dc3d3d65a:c6296]
2019-06-13 22:54:02,506 INFO  client.GrpcClientProtocolClient (GrpcClientProtocolClient.java:onNext(254)) - client-C82EA620EB9B->85302df8-7a7f-4077-a053-c26dc3d3d65a: receive RaftClientReply:client-C82EA620EB9B->85302df8-7a7f-4077-a053-c26dc3d3d65a@group-4701ABA8D7D0, cid=3807, SUCCESS, logIndex=6297, commits[85302df8-7a7f-4077-a053-c26dc3d3d65a:c6299]
2019-06-13 22:54:02,507 INFO  client.GrpcClientProtocolClient (GrpcClientProtocolClient.java:onNext(254)) - client-C82EA620EB9B->85302df8-7a7f-4077-a053-c26dc3d3d65a: receive RaftClientReply:client-C82EA620EB9B->85302df8-7a7f-4077-a053-c26dc3d3d65a@group-4701ABA8D7D0, cid=3808, SUCCESS, logIndex=6298, commits[85302df8-7a7f-4077-a053-c26dc3d3d65a:c6299]
2019-06-13 22:54:02,517 INFO  client.GrpcClientProtocolClient (GrpcClientProtocolClient.java:onNext(254)) - client-C82EA620EB9B->85302df8-7a7f-4077-a053-c26dc3d3d65a: receive RaftClientReply:client-C82EA620EB9B->85302df8-7a7f-4077-a053-c26dc3d3d65a@group-4701ABA8D7D0, cid=3809, SUCCESS, logIndex=6300, commits[85302df8-7a7f-4077-a053-c26dc3d3d65a:c6300]
2019-06-13 22:54:02,519 INFO  client.GrpcClientProtocolClient (GrpcClientProtocolClient.java:onNext(254)) - client-C82EA620EB9B->85302df8-7a7f-4077-a053-c26dc3d3d65a: receive RaftClientReply:client-C82EA620EB9B->85302df8-7a7f-4077-a053-c26dc3d3d65a@group-4701ABA8D7D0, cid=3810, SUCCESS, logIndex=6302, commits[85302df8-7a7f-4077-a053-c26dc3d3d65a:c6304]
2019-06-13 22:54:02,520 INFO  client.GrpcClientProtocolClient (GrpcClientProtocolClient.java:onNext(254)) - client-C82EA620EB9B->85302df8-7a7f-4077-a053-c26dc3d3d65a: receive RaftClientReply:client-C82EA620EB9B->85302df8-7a7f-4077-a053-c26dc3d3d65a@group-4701ABA8D7D0, cid=3811, SUCCESS, logIndex=6303, commits[85302df8-7a7f-4077-a053-c26dc3d3d65a:c6304]
2019-06-13 22:54:02,520 INFO  client.GrpcClientProtocolClient (GrpcClientProtocolClient.java:onNext(254)) - client-C82EA620EB9B->85302df8-7a7f-4077-a053-c26dc3d3d65a: receive RaftClientReply:client-C82EA620EB9B->85302df8-7a7f-4077-a053-c26dc3d3d65a@group-4701ABA8D7D0, cid=3812, SUCCESS, logIndex=6304, commits[85302df8-7a7f-4077-a053-c26dc3d3d65a:c6305]
2019-06-13 22:54:02,757 DEBUG block.SCMBlockDeletingService (SCMBlockDeletingService.java:call(138)) - Running DeletedBlockTransactionScanner
2019-06-13 22:54:02,757 DEBUG block.SCMBlockDeletingService (SCMBlockDeletingService.java:call(155)) - Scanned deleted blocks log and got 0 delTX to process.
2019-06-13 22:54:02,763 INFO  client.GrpcClientProtocolClient (GrpcClientProtocolClient.java:onNext(254)) - client-C82EA620EB9B->85302df8-7a7f-4077-a053-c26dc3d3d65a: receive RaftClientReply:client-C82EA620EB9B->85302df8-7a7f-4077-a053-c26dc3d3d65a@group-4701ABA8D7D0, cid=3813, SUCCESS, logIndex=6306, commits[85302df8-7a7f-4077-a053-c26dc3d3d65a:c6306]
2019-06-13 22:54:02,764 INFO  client.GrpcClientProtocolClient (GrpcClientProtocolClient.java:onNext(254)) - client-C82EA620EB9B->85302df8-7a7f-4077-a053-c26dc3d3d65a: receive RaftClientReply:client-C82EA620EB9B->85302df8-7a7f-4077-a053-c26dc3d3d65a@group-4701ABA8D7D0, cid=3814, SUCCESS, logIndex=6308, commits[85302df8-7a7f-4077-a053-c26dc3d3d65a:c6308]
2019-06-13 22:54:02,765 INFO  client.GrpcClientProtocolClient (GrpcClientProtocolClient.java:onNext(254)) - client-C82EA620EB9B->85302df8-7a7f-4077-a053-c26dc3d3d65a: receive RaftClientReply:client-C82EA620EB9B->85302df8-7a7f-4077-a053-c26dc3d3d65a@group-4701ABA8D7D0, cid=3815, SUCCESS, logIndex=6309, commits[85302df8-7a7f-4077-a053-c26dc3d3d65a:c6311]
2019-06-13 22:54:02,765 INFO  client.GrpcClientProtocolClient (GrpcClientProtocolClient.java:onNext(254)) - client-C82EA620EB9B->85302df8-7a7f-4077-a053-c26dc3d3d65a: receive RaftClientReply:client-C82EA620EB9B->85302df8-7a7f-4077-a053-c26dc3d3d65a@group-4701ABA8D7D0, cid=3816, SUCCESS, logIndex=6311, commits[85302df8-7a7f-4077-a053-c26dc3d3d65a:c6311]
2019-06-13 22:54:02,775 INFO  client.GrpcClientProtocolClient (GrpcClientProtocolClient.java:onNext(254)) - client-C82EA620EB9B->85302df8-7a7f-4077-a053-c26dc3d3d65a: receive RaftClientReply:client-C82EA620EB9B->85302df8-7a7f-4077-a053-c26dc3d3d65a@group-4701ABA8D7D0, cid=3817, SUCCESS, logIndex=6313, commits[85302df8-7a7f-4077-a053-c26dc3d3d65a:c6313]
2019-06-13 22:54:02,778 INFO  client.GrpcClientProtocolClient (GrpcClientProtocolClient.java:onNext(254)) - client-C82EA620EB9B->85302df8-7a7f-4077-a053-c26dc3d3d65a: receive RaftClientReply:client-C82EA620EB9B->85302df8-7a7f-4077-a053-c26dc3d3d65a@group-4701ABA8D7D0, cid=3818, SUCCESS, logIndex=6315, commits[85302df8-7a7f-4077-a053-c26dc3d3d65a:c6315]
2019-06-13 22:54:02,778 INFO  client.GrpcClientProtocolClient (GrpcClientProtocolClient.java:onNext(254)) - client-C82EA620EB9B->85302df8-7a7f-4077-a053-c26dc3d3d65a: receive RaftClientReply:client-C82EA620EB9B->85302df8-7a7f-4077-a053-c26dc3d3d65a@group-4701ABA8D7D0, cid=3819, SUCCESS, logIndex=6316, commits[85302df8-7a7f-4077-a053-c26dc3d3d65a:c6318]
2019-06-13 22:54:02,779 INFO  client.GrpcClientProtocolClient (GrpcClientProtocolClient.java:onNext(254)) - client-C82EA620EB9B->85302df8-7a7f-4077-a053-c26dc3d3d65a: receive RaftClientReply:client-C82EA620EB9B->85302df8-7a7f-4077-a053-c26dc3d3d65a@group-4701ABA8D7D0, cid=3820, SUCCESS, logIndex=6317, commits[85302df8-7a7f-4077-a053-c26dc3d3d65a:c6318]
2019-06-13 22:54:02,784 INFO  client.GrpcClientProtocolClient (GrpcClientProtocolClient.java:onNext(254)) - client-C82EA620EB9B->85302df8-7a7f-4077-a053-c26dc3d3d65a: receive RaftClientReply:client-C82EA620EB9B->85302df8-7a7f-4077-a053-c26dc3d3d65a@group-4701ABA8D7D0, cid=3821, SUCCESS, logIndex=6319, commits[85302df8-7a7f-4077-a053-c26dc3d3d65a:c6319]
2019-06-13 22:54:02,785 INFO  client.GrpcClientProtocolClient (GrpcClientProtocolClient.java:onNext(254)) - client-C82EA620EB9B->85302df8-7a7f-4077-a053-c26dc3d3d65a: receive RaftClientReply:client-C82EA620EB9B->85302df8-7a7f-4077-a053-c26dc3d3d65a@group-4701ABA8D7D0, cid=3822, SUCCESS, logIndex=6321, commits[85302df8-7a7f-4077-a053-c26dc3d3d65a:c6321]
2019-06-13 22:54:02,787 INFO  client.GrpcClientProtocolClient (GrpcClientProtocolClient.java:onNext(254)) - client-C82EA620EB9B->85302df8-7a7f-4077-a053-c26dc3d3d65a: receive RaftClientReply:client-C82EA620EB9B->85302df8-7a7f-4077-a053-c26dc3d3d65a@group-4701ABA8D7D0, cid=3823, SUCCESS, logIndex=6322, commits[85302df8-7a7f-4077-a053-c26dc3d3d65a:c6324]
2019-06-13 22:54:02,787 INFO  client.GrpcClientProtocolClient (GrpcClientProtocolClient.java:onNext(254)) - client-C82EA620EB9B->85302df8-7a7f-4077-a053-c26dc3d3d65a: receive RaftClientReply:client-C82EA620EB9B->85302df8-7a7f-4077-a053-c26dc3d3d65a@group-4701ABA8D7D0, cid=3824, SUCCESS, logIndex=6323, commits[85302df8-7a7f-4077-a053-c26dc3d3d65a:c6324]
2019-06-13 22:54:02,795 INFO  storage.RaftLogWorker (RaftLogWorker.java:rollLogSegment(303)) - 85302df8-7a7f-4077-a053-c26dc3d3d65a-RaftLogWorker: Rolling segment log-6256_6324 to index:6324
2019-06-13 22:54:02,795 INFO  storage.RaftLogWorker (RaftLogWorker.java:execute(433)) - 85302df8-7a7f-4077-a053-c26dc3d3d65a-RaftLogWorker: Rolled log segment from /opt/src/hadoop-ozone/integration-test/target/test-dir/MiniOzoneClusterImpl-550f9ca0-a6d9-4a4a-902f-f07ac81eac7b/datanode-0/data/ratis/5ad10fc2-5a33-4bdd-8958-4701aba8d7d0/current/log_inprogress_6256 to /opt/src/hadoop-ozone/integration-test/target/test-dir/MiniOzoneClusterImpl-550f9ca0-a6d9-4a4a-902f-f07ac81eac7b/datanode-0/data/ratis/5ad10fc2-5a33-4bdd-8958-4701aba8d7d0/current/log_6256-6324
2019-06-13 22:54:02,831 INFO  storage.RaftLogWorker (RaftLogWorker.java:execute(469)) - 85302df8-7a7f-4077-a053-c26dc3d3d65a-RaftLogWorker: created new log segment /opt/src/hadoop-ozone/integration-test/target/test-dir/MiniOzoneClusterImpl-550f9ca0-a6d9-4a4a-902f-f07ac81eac7b/datanode-0/data/ratis/5ad10fc2-5a33-4bdd-8958-4701aba8d7d0/current/log_inprogress_6325
2019-06-13 22:54:02,833 INFO  client.GrpcClientProtocolClient (GrpcClientProtocolClient.java:onNext(254)) - client-C82EA620EB9B->85302df8-7a7f-4077-a053-c26dc3d3d65a: receive RaftClientReply:client-C82EA620EB9B->85302df8-7a7f-4077-a053-c26dc3d3d65a@group-4701ABA8D7D0, cid=3825, SUCCESS, logIndex=6325, commits[85302df8-7a7f-4077-a053-c26dc3d3d65a:c6325]
2019-06-13 22:54:02,835 INFO  client.GrpcClientProtocolClient (GrpcClientProtocolClient.java:onNext(254)) - client-C82EA620EB9B->85302df8-7a7f-4077-a053-c26dc3d3d65a: receive RaftClientReply:client-C82EA620EB9B->85302df8-7a7f-4077-a053-c26dc3d3d65a@group-4701ABA8D7D0, cid=3826, SUCCESS, logIndex=6327, commits[85302df8-7a7f-4077-a053-c26dc3d3d65a:c6327]
2019-06-13 22:54:02,835 INFO  client.GrpcClientProtocolClient (GrpcClientProtocolClient.java:onNext(254)) - client-C82EA620EB9B->85302df8-7a7f-4077-a053-c26dc3d3d65a: receive RaftClientReply:client-C82EA620EB9B->85302df8-7a7f-4077-a053-c26dc3d3d65a@group-4701ABA8D7D0, cid=3827, SUCCESS, logIndex=6328, commits[85302df8-7a7f-4077-a053-c26dc3d3d65a:c6329]
2019-06-13 22:54:02,836 INFO  client.GrpcClientProtocolClient (GrpcClientProtocolClient.java:onNext(254)) - client-C82EA620EB9B->85302df8-7a7f-4077-a053-c26dc3d3d65a: receive RaftClientReply:client-C82EA620EB9B->85302df8-7a7f-4077-a053-c26dc3d3d65a@group-4701ABA8D7D0, cid=3828, SUCCESS, logIndex=6329, commits[85302df8-7a7f-4077-a053-c26dc3d3d65a:c6329]
2019-06-13 22:54:02,842 INFO  client.GrpcClientProtocolClient (GrpcClientProtocolClient.java:onNext(254)) - client-C82EA620EB9B->85302df8-7a7f-4077-a053-c26dc3d3d65a: receive RaftClientReply:client-C82EA620EB9B->85302df8-7a7f-4077-a053-c26dc3d3d65a@group-4701ABA8D7D0, cid=3829, SUCCESS, logIndex=6332, commits[85302df8-7a7f-4077-a053-c26dc3d3d65a:c6332]
2019-06-13 22:54:02,843 INFO  client.GrpcClientProtocolClient (GrpcClientProtocolClient.java:onNext(254)) - client-C82EA620EB9B->85302df8-7a7f-4077-a053-c26dc3d3d65a: receive RaftClientReply:client-C82EA620EB9B->85302df8-7a7f-4077-a053-c26dc3d3d65a@group-4701ABA8D7D0, cid=3830, SUCCESS, logIndex=6334, commits[85302df8-7a7f-4077-a053-c26dc3d3d65a:c6334]
2019-06-13 22:54:02,844 INFO  client.GrpcClientProtocolClient (GrpcClientProtocolClient.java:onNext(254)) - client-C82EA620EB9B->85302df8-7a7f-4077-a053-c26dc3d3d65a: receive RaftClientReply:client-C82EA620EB9B->85302df8-7a7f-4077-a053-c26dc3d3d65a@group-4701ABA8D7D0, cid=3831, SUCCESS, logIndex=6335, commits[85302df8-7a7f-4077-a053-c26dc3d3d65a:c6337]
2019-06-13 22:54:02,845 INFO  client.GrpcClientProtocolClient (GrpcClientProtocolClient.java:onNext(254)) - client-C82EA620EB9B->85302df8-7a7f-4077-a053-c26dc3d3d65a: receive RaftClientReply:client-C82EA620EB9B->85302df8-7a7f-4077-a053-c26dc3d3d65a@group-4701ABA8D7D0, cid=3832, SUCCESS, logIndex=6336, commits[85302df8-7a7f-4077-a053-c26dc3d3d65a:c6337]
2019-06-13 22:54:02,857 DEBUG block.SCMBlockDeletingService (SCMBlockDeletingService.java:call(138)) - Running DeletedBlockTransactionScanner
2019-06-13 22:54:02,857 DEBUG block.SCMBlockDeletingService (SCMBlockDeletingService.java:call(155)) - Scanned deleted blocks log and got 0 delTX to process.
2019-06-13 22:54:02,857 INFO  client.GrpcClientProtocolClient (GrpcClientProtocolClient.java:onNext(254)) - client-C82EA620EB9B->85302df8-7a7f-4077-a053-c26dc3d3d65a: receive RaftClientReply:client-C82EA620EB9B->85302df8-7a7f-4077-a053-c26dc3d3d65a@group-4701ABA8D7D0, cid=3833, SUCCESS, logIndex=6338, commits[85302df8-7a7f-4077-a053-c26dc3d3d65a:c6338]
2019-06-13 22:54:02,859 INFO  client.GrpcClientProtocolClient (GrpcClientProtocolClient.java:onNext(254)) - client-C82EA620EB9B->85302df8-7a7f-4077-a053-c26dc3d3d65a: receive RaftClientReply:client-C82EA620EB9B->85302df8-7a7f-4077-a053-c26dc3d3d65a@group-4701ABA8D7D0, cid=3834, SUCCESS, logIndex=6340, commits[85302df8-7a7f-4077-a053-c26dc3d3d65a:c6340]
2019-06-13 22:54:02,861 INFO  client.GrpcClientProtocolClient (GrpcClientProtocolClient.java:onNext(254)) - client-C82EA620EB9B->85302df8-7a7f-4077-a053-c26dc3d3d65a: receive RaftClientReply:client-C82EA620EB9B->85302df8-7a7f-4077-a053-c26dc3d3d65a@group-4701ABA8D7D0, cid=3835, SUCCESS, logIndex=6342, commits[85302df8-7a7f-4077-a053-c26dc3d3d65a:c6343]
2019-06-13 22:54:02,861 INFO  client.GrpcClientProtocolClient (GrpcClientProtocolClient.java:onNext(254)) - client-C82EA620EB9B->85302df8-7a7f-4077-a053-c26dc3d3d65a: receive RaftClientReply:client-C82EA620EB9B->85302df8-7a7f-4077-a053-c26dc3d3d65a@group-4701ABA8D7D0, cid=3836, SUCCESS, logIndex=6343, commits[85302df8-7a7f-4077-a053-c26dc3d3d65a:c6343]
2019-06-13 22:54:02,867 INFO  client.GrpcClientProtocolClient (GrpcClientProtocolClient.java:onNext(254)) - client-C82EA620EB9B->85302df8-7a7f-4077-a053-c26dc3d3d65a: receive RaftClientReply:client-C82EA620EB9B->85302df8-7a7f-4077-a053-c26dc3d3d65a@group-4701ABA8D7D0, cid=3837, SUCCESS, logIndex=6345, commits[85302df8-7a7f-4077-a053-c26dc3d3d65a:c6345]
2019-06-13 22:54:02,868 INFO  client.GrpcClientProtocolClient (GrpcClientProtocolClient.java:onNext(254)) - client-C82EA620EB9B->85302df8-7a7f-4077-a053-c26dc3d3d65a: receive RaftClientReply:client-C82EA620EB9B->85302df8-7a7f-4077-a053-c26dc3d3d65a@group-4701ABA8D7D0, cid=3838, SUCCESS, logIndex=6347, commits[85302df8-7a7f-4077-a053-c26dc3d3d65a:c6347]
2019-06-13 22:54:02,869 INFO  client.GrpcClientProtocolClient (GrpcClientProtocolClient.java:onNext(254)) - client-C82EA620EB9B->85302df8-7a7f-4077-a053-c26dc3d3d65a: receive RaftClientReply:client-C82EA620EB9B->85302df8-7a7f-4077-a053-c26dc3d3d65a@group-4701ABA8D7D0, cid=3839, SUCCESS, logIndex=6348, commits[85302df8-7a7f-4077-a053-c26dc3d3d65a:c6350]
2019-06-13 22:54:02,869 INFO  client.GrpcClientProtocolClient (GrpcClientProtocolClient.java:onNext(254)) - client-C82EA620EB9B->85302df8-7a7f-4077-a053-c26dc3d3d65a: receive RaftClientReply:client-C82EA620EB9B->85302df8-7a7f-4077-a053-c26dc3d3d65a@group-4701ABA8D7D0, cid=3840, SUCCESS, logIndex=6349, commits[85302df8-7a7f-4077-a053-c26dc3d3d65a:c6350]
2019-06-13 22:54:02,880 INFO  client.GrpcClientProtocolClient (GrpcClientProtocolClient.java:onNext(254)) - client-C82EA620EB9B->85302df8-7a7f-4077-a053-c26dc3d3d65a: receive RaftClientReply:client-C82EA620EB9B->85302df8-7a7f-4077-a053-c26dc3d3d65a@group-4701ABA8D7D0, cid=3841, SUCCESS, logIndex=6351, commits[85302df8-7a7f-4077-a053-c26dc3d3d65a:c6351]
2019-06-13 22:54:02,882 INFO  client.GrpcClientProtocolClient (GrpcClientProtocolClient.java:onNext(254)) - client-C82EA620EB9B->85302df8-7a7f-4077-a053-c26dc3d3d65a: receive RaftClientReply:client-C82EA620EB9B->85302df8-7a7f-4077-a053-c26dc3d3d65a@group-4701ABA8D7D0, cid=3842, SUCCESS, logIndex=6353, commits[85302df8-7a7f-4077-a053-c26dc3d3d65a:c6353]
2019-06-13 22:54:02,882 INFO  client.GrpcClientProtocolClient (GrpcClientProtocolClient.java:onNext(254)) - client-C82EA620EB9B->85302df8-7a7f-4077-a053-c26dc3d3d65a: receive RaftClientReply:client-C82EA620EB9B->85302df8-7a7f-4077-a053-c26dc3d3d65a@group-4701ABA8D7D0, cid=3843, SUCCESS, logIndex=6354, commits[85302df8-7a7f-4077-a053-c26dc3d3d65a:c6356]
2019-06-13 22:54:02,882 INFO  client.GrpcClientProtocolClient (GrpcClientProtocolClient.java:onNext(254)) - client-C82EA620EB9B->85302df8-7a7f-4077-a053-c26dc3d3d65a: receive RaftClientReply:client-C82EA620EB9B->85302df8-7a7f-4077-a053-c26dc3d3d65a@group-4701ABA8D7D0, cid=3844, SUCCESS, logIndex=6355, commits[85302df8-7a7f-4077-a053-c26dc3d3d65a:c6356]
2019-06-13 22:54:02,888 INFO  client.GrpcClientProtocolClient (GrpcClientProtocolClient.java:onNext(254)) - client-C82EA620EB9B->85302df8-7a7f-4077-a053-c26dc3d3d65a: receive RaftClientReply:client-C82EA620EB9B->85302df8-7a7f-4077-a053-c26dc3d3d65a@group-4701ABA8D7D0, cid=3845, SUCCESS, logIndex=6357, commits[85302df8-7a7f-4077-a053-c26dc3d3d65a:c6357]
2019-06-13 22:54:02,889 INFO  client.GrpcClientProtocolClient (GrpcClientProtocolClient.java:onNext(254)) - client-C82EA620EB9B->85302df8-7a7f-4077-a053-c26dc3d3d65a: receive RaftClientReply:client-C82EA620EB9B->85302df8-7a7f-4077-a053-c26dc3d3d65a@group-4701ABA8D7D0, cid=3846, SUCCESS, logIndex=6359, commits[85302df8-7a7f-4077-a053-c26dc3d3d65a:c6359]
2019-06-13 22:54:02,957 INFO  client.GrpcClientProtocolClient (GrpcClientProtocolClient.java:onNext(254)) - client-C82EA620EB9B->85302df8-7a7f-4077-a053-c26dc3d3d65a: receive RaftClientReply:client-C82EA620EB9B->85302df8-7a7f-4077-a053-c26dc3d3d65a@group-4701ABA8D7D0, cid=3847, SUCCESS, logIndex=6361, commits[85302df8-7a7f-4077-a053-c26dc3d3d65a:c6361]
2019-06-13 22:54:02,958 DEBUG block.SCMBlockDeletingService (SCMBlockDeletingService.java:call(138)) - Running DeletedBlockTransactionScanner
2019-06-13 22:54:02,958 DEBUG block.SCMBlockDeletingService (SCMBlockDeletingService.java:call(155)) - Scanned deleted blocks log and got 0 delTX to process.
2019-06-13 22:54:02,958 INFO  client.GrpcClientProtocolClient (GrpcClientProtocolClient.java:onNext(254)) - client-C82EA620EB9B->85302df8-7a7f-4077-a053-c26dc3d3d65a: receive RaftClientReply:client-C82EA620EB9B->85302df8-7a7f-4077-a053-c26dc3d3d65a@group-4701ABA8D7D0, cid=3848, SUCCESS, logIndex=6363, commits[85302df8-7a7f-4077-a053-c26dc3d3d65a:c6363]
2019-06-13 22:54:02,968 INFO  client.GrpcClientProtocolClient (GrpcClientProtocolClient.java:onNext(254)) - client-C82EA620EB9B->85302df8-7a7f-4077-a053-c26dc3d3d65a: receive RaftClientReply:client-C82EA620EB9B->85302df8-7a7f-4077-a053-c26dc3d3d65a@group-4701ABA8D7D0, cid=3849, SUCCESS, logIndex=6365, commits[85302df8-7a7f-4077-a053-c26dc3d3d65a:c6365]
2019-06-13 22:54:02,970 INFO  client.GrpcClientProtocolClient (GrpcClientProtocolClient.java:onNext(254)) - client-C82EA620EB9B->85302df8-7a7f-4077-a053-c26dc3d3d65a: receive RaftClientReply:client-C82EA620EB9B->85302df8-7a7f-4077-a053-c26dc3d3d65a@group-4701ABA8D7D0, cid=3850, SUCCESS, logIndex=6367, commits[85302df8-7a7f-4077-a053-c26dc3d3d65a:c6367]
2019-06-13 22:54:02,970 INFO  client.GrpcClientProtocolClient (GrpcClientProtocolClient.java:onNext(254)) - client-C82EA620EB9B->85302df8-7a7f-4077-a053-c26dc3d3d65a: receive RaftClientReply:client-C82EA620EB9B->85302df8-7a7f-4077-a053-c26dc3d3d65a@group-4701ABA8D7D0, cid=3851, SUCCESS, logIndex=6368, commits[85302df8-7a7f-4077-a053-c26dc3d3d65a:c6370]
2019-06-13 22:54:02,971 INFO  client.GrpcClientProtocolClient (GrpcClientProtocolClient.java:onNext(254)) - client-C82EA620EB9B->85302df8-7a7f-4077-a053-c26dc3d3d65a: receive RaftClientReply:client-C82EA620EB9B->85302df8-7a7f-4077-a053-c26dc3d3d65a@group-4701ABA8D7D0, cid=3852, SUCCESS, logIndex=6369, commits[85302df8-7a7f-4077-a053-c26dc3d3d65a:c6370]
2019-06-13 22:54:02,989 INFO  client.GrpcClientProtocolClient (GrpcClientProtocolClient.java:onNext(254)) - client-C82EA620EB9B->85302df8-7a7f-4077-a053-c26dc3d3d65a: receive RaftClientReply:client-C82EA620EB9B->85302df8-7a7f-4077-a053-c26dc3d3d65a@group-4701ABA8D7D0, cid=3853, SUCCESS, logIndex=6371, commits[85302df8-7a7f-4077-a053-c26dc3d3d65a:c6371]
2019-06-13 22:54:02,990 INFO  client.GrpcClientProtocolClient (GrpcClientProtocolClient.java:onNext(254)) - client-C82EA620EB9B->85302df8-7a7f-4077-a053-c26dc3d3d65a: receive RaftClientReply:client-C82EA620EB9B->85302df8-7a7f-4077-a053-c26dc3d3d65a@group-4701ABA8D7D0, cid=3854, SUCCESS, logIndex=6373, commits[85302df8-7a7f-4077-a053-c26dc3d3d65a:c6373]
2019-06-13 22:54:02,990 INFO  client.GrpcClientProtocolClient (GrpcClientProtocolClient.java:onNext(254)) - client-C82EA620EB9B->85302df8-7a7f-4077-a053-c26dc3d3d65a: receive RaftClientReply:client-C82EA620EB9B->85302df8-7a7f-4077-a053-c26dc3d3d65a@group-4701ABA8D7D0, cid=3855, SUCCESS, logIndex=6374, commits[85302df8-7a7f-4077-a053-c26dc3d3d65a:c6375]
2019-06-13 22:54:02,990 INFO  client.GrpcClientProtocolClient (GrpcClientProtocolClient.java:onNext(254)) - client-C82EA620EB9B->85302df8-7a7f-4077-a053-c26dc3d3d65a: receive RaftClientReply:client-C82EA620EB9B->85302df8-7a7f-4077-a053-c26dc3d3d65a@group-4701ABA8D7D0, cid=3856, SUCCESS, logIndex=6375, commits[85302df8-7a7f-4077-a053-c26dc3d3d65a:c6376]
2019-06-13 22:54:03,002 INFO  client.GrpcClientProtocolClient (GrpcClientProtocolClient.java:onNext(254)) - client-C82EA620EB9B->85302df8-7a7f-4077-a053-c26dc3d3d65a: receive RaftClientReply:client-C82EA620EB9B->85302df8-7a7f-4077-a053-c26dc3d3d65a@group-4701ABA8D7D0, cid=3857, SUCCESS, logIndex=6378, commits[85302df8-7a7f-4077-a053-c26dc3d3d65a:c6378]
2019-06-13 22:54:03,006 INFO  client.GrpcClientProtocolClient (GrpcClientProtocolClient.java:onNext(254)) - client-C82EA620EB9B->85302df8-7a7f-4077-a053-c26dc3d3d65a: receive RaftClientReply:client-C82EA620EB9B->85302df8-7a7f-4077-a053-c26dc3d3d65a@group-4701ABA8D7D0, cid=3858, SUCCESS, logIndex=6380, commits[85302df8-7a7f-4077-a053-c26dc3d3d65a:c6380]
2019-06-13 22:54:03,010 INFO  client.GrpcClientProtocolClient (GrpcClientProtocolClient.java:onNext(254)) - client-C82EA620EB9B->85302df8-7a7f-4077-a053-c26dc3d3d65a: receive RaftClientReply:client-C82EA620EB9B->85302df8-7a7f-4077-a053-c26dc3d3d65a@group-4701ABA8D7D0, cid=3859, SUCCESS, logIndex=6381, commits[85302df8-7a7f-4077-a053-c26dc3d3d65a:c6383]
2019-06-13 22:54:03,012 INFO  client.GrpcClientProtocolClient (GrpcClientProtocolClient.java:onNext(254)) - client-C82EA620EB9B->85302df8-7a7f-4077-a053-c26dc3d3d65a: receive RaftClientReply:client-C82EA620EB9B->85302df8-7a7f-4077-a053-c26dc3d3d65a@group-4701ABA8D7D0, cid=3860, SUCCESS, logIndex=6382, commits[85302df8-7a7f-4077-a053-c26dc3d3d65a:c6383]
2019-06-13 22:54:03,018 INFO  client.GrpcClientProtocolClient (GrpcClientProtocolClient.java:onNext(254)) - client-C82EA620EB9B->85302df8-7a7f-4077-a053-c26dc3d3d65a: receive RaftClientReply:client-C82EA620EB9B->85302df8-7a7f-4077-a053-c26dc3d3d65a@group-4701ABA8D7D0, cid=3861, SUCCESS, logIndex=6384, commits[85302df8-7a7f-4077-a053-c26dc3d3d65a:c6384]
2019-06-13 22:54:03,020 INFO  client.GrpcClientProtocolClient (GrpcClientProtocolClient.java:onNext(254)) - client-C82EA620EB9B->85302df8-7a7f-4077-a053-c26dc3d3d65a: receive RaftClientReply:client-C82EA620EB9B->85302df8-7a7f-4077-a053-c26dc3d3d65a@group-4701ABA8D7D0, cid=3862, SUCCESS, logIndex=6386, commits[85302df8-7a7f-4077-a053-c26dc3d3d65a:c6386]
2019-06-13 22:54:03,023 INFO  client.GrpcClientProtocolClient (GrpcClientProtocolClient.java:onNext(254)) - client-C82EA620EB9B->85302df8-7a7f-4077-a053-c26dc3d3d65a: receive RaftClientReply:client-C82EA620EB9B->85302df8-7a7f-4077-a053-c26dc3d3d65a@group-4701ABA8D7D0, cid=3863, SUCCESS, logIndex=6387, commits[85302df8-7a7f-4077-a053-c26dc3d3d65a:c6389]
2019-06-13 22:54:03,023 INFO  client.GrpcClientProtocolClient (GrpcClientProtocolClient.java:onNext(254)) - client-C82EA620EB9B->85302df8-7a7f-4077-a053-c26dc3d3d65a: receive RaftClientReply:client-C82EA620EB9B->85302df8-7a7f-4077-a053-c26dc3d3d65a@group-4701ABA8D7D0, cid=3864, SUCCESS, logIndex=6388, commits[85302df8-7a7f-4077-a053-c26dc3d3d65a:c6389]
2019-06-13 22:54:03,035 INFO  client.GrpcClientProtocolClient (GrpcClientProtocolClient.java:onNext(254)) - client-C82EA620EB9B->85302df8-7a7f-4077-a053-c26dc3d3d65a: receive RaftClientReply:client-C82EA620EB9B->85302df8-7a7f-4077-a053-c26dc3d3d65a@group-4701ABA8D7D0, cid=3865, SUCCESS, logIndex=6390, commits[85302df8-7a7f-4077-a053-c26dc3d3d65a:c6390]
2019-06-13 22:54:03,042 INFO  client.GrpcClientProtocolClient (GrpcClientProtocolClient.java:onNext(254)) - client-C82EA620EB9B->85302df8-7a7f-4077-a053-c26dc3d3d65a: receive RaftClientReply:client-C82EA620EB9B->85302df8-7a7f-4077-a053-c26dc3d3d65a@group-4701ABA8D7D0, cid=3866, SUCCESS, logIndex=6392, commits[85302df8-7a7f-4077-a053-c26dc3d3d65a:c6395]
2019-06-13 22:54:03,042 INFO  client.GrpcClientProtocolClient (GrpcClientProtocolClient.java:onNext(254)) - client-C82EA620EB9B->85302df8-7a7f-4077-a053-c26dc3d3d65a: receive RaftClientReply:client-C82EA620EB9B->85302df8-7a7f-4077-a053-c26dc3d3d65a@group-4701ABA8D7D0, cid=3867, SUCCESS, logIndex=6393, commits[85302df8-7a7f-4077-a053-c26dc3d3d65a:c6395]
2019-06-13 22:54:03,043 INFO  client.GrpcClientProtocolClient (GrpcClientProtocolClient.java:onNext(254)) - client-C82EA620EB9B->85302df8-7a7f-4077-a053-c26dc3d3d65a: receive RaftClientReply:client-C82EA620EB9B->85302df8-7a7f-4077-a053-c26dc3d3d65a@group-4701ABA8D7D0, cid=3868, SUCCESS, logIndex=6394, commits[85302df8-7a7f-4077-a053-c26dc3d3d65a:c6395]
2019-06-13 22:54:03,049 INFO  storage.RaftLogWorker (RaftLogWorker.java:rollLogSegment(303)) - 85302df8-7a7f-4077-a053-c26dc3d3d65a-RaftLogWorker: Rolling segment log-6325_6396 to index:6396
2019-06-13 22:54:03,050 INFO  storage.RaftLogWorker (RaftLogWorker.java:execute(433)) - 85302df8-7a7f-4077-a053-c26dc3d3d65a-RaftLogWorker: Rolled log segment from /opt/src/hadoop-ozone/integration-test/target/test-dir/MiniOzoneClusterImpl-550f9ca0-a6d9-4a4a-902f-f07ac81eac7b/datanode-0/data/ratis/5ad10fc2-5a33-4bdd-8958-4701aba8d7d0/current/log_inprogress_6325 to /opt/src/hadoop-ozone/integration-test/target/test-dir/MiniOzoneClusterImpl-550f9ca0-a6d9-4a4a-902f-f07ac81eac7b/datanode-0/data/ratis/5ad10fc2-5a33-4bdd-8958-4701aba8d7d0/current/log_6325-6396
2019-06-13 22:54:03,058 DEBUG block.SCMBlockDeletingService (SCMBlockDeletingService.java:call(138)) - Running DeletedBlockTransactionScanner
2019-06-13 22:54:03,058 DEBUG block.SCMBlockDeletingService (SCMBlockDeletingService.java:call(155)) - Scanned deleted blocks log and got 0 delTX to process.
2019-06-13 22:54:03,093 INFO  storage.RaftLogWorker (RaftLogWorker.java:execute(469)) - 85302df8-7a7f-4077-a053-c26dc3d3d65a-RaftLogWorker: created new log segment /opt/src/hadoop-ozone/integration-test/target/test-dir/MiniOzoneClusterImpl-550f9ca0-a6d9-4a4a-902f-f07ac81eac7b/datanode-0/data/ratis/5ad10fc2-5a33-4bdd-8958-4701aba8d7d0/current/log_inprogress_6397
2019-06-13 22:54:03,094 INFO  client.GrpcClientProtocolClient (GrpcClientProtocolClient.java:onNext(254)) - client-C82EA620EB9B->85302df8-7a7f-4077-a053-c26dc3d3d65a: receive RaftClientReply:client-C82EA620EB9B->85302df8-7a7f-4077-a053-c26dc3d3d65a@group-4701ABA8D7D0, cid=3869, SUCCESS, logIndex=6397, commits[85302df8-7a7f-4077-a053-c26dc3d3d65a:c6397]
2019-06-13 22:54:03,102 INFO  client.GrpcClientProtocolClient (GrpcClientProtocolClient.java:onNext(254)) - client-C82EA620EB9B->85302df8-7a7f-4077-a053-c26dc3d3d65a: receive RaftClientReply:client-C82EA620EB9B->85302df8-7a7f-4077-a053-c26dc3d3d65a@group-4701ABA8D7D0, cid=3870, SUCCESS, logIndex=6399, commits[85302df8-7a7f-4077-a053-c26dc3d3d65a:c6401]
2019-06-13 22:54:03,103 INFO  client.GrpcClientProtocolClient (GrpcClientProtocolClient.java:onNext(254)) - client-C82EA620EB9B->85302df8-7a7f-4077-a053-c26dc3d3d65a: receive RaftClientReply:client-C82EA620EB9B->85302df8-7a7f-4077-a053-c26dc3d3d65a@group-4701ABA8D7D0, cid=3871, SUCCESS, logIndex=6400, commits[85302df8-7a7f-4077-a053-c26dc3d3d65a:c6401]
2019-06-13 22:54:03,103 INFO  client.GrpcClientProtocolClient (GrpcClientProtocolClient.java:onNext(254)) - client-C82EA620EB9B->85302df8-7a7f-4077-a053-c26dc3d3d65a: receive RaftClientReply:client-C82EA620EB9B->85302df8-7a7f-4077-a053-c26dc3d3d65a@group-4701ABA8D7D0, cid=3872, SUCCESS, logIndex=6401, commits[85302df8-7a7f-4077-a053-c26dc3d3d65a:c6402]
2019-06-13 22:54:03,113 INFO  client.GrpcClientProtocolClient (GrpcClientProtocolClient.java:onNext(254)) - client-C82EA620EB9B->85302df8-7a7f-4077-a053-c26dc3d3d65a: receive RaftClientReply:client-C82EA620EB9B->85302df8-7a7f-4077-a053-c26dc3d3d65a@group-4701ABA8D7D0, cid=3873, SUCCESS, logIndex=6403, commits[85302df8-7a7f-4077-a053-c26dc3d3d65a:c6403]
2019-06-13 22:54:03,118 INFO  client.GrpcClientProtocolClient (GrpcClientProtocolClient.java:onNext(254)) - client-C82EA620EB9B->85302df8-7a7f-4077-a053-c26dc3d3d65a: receive RaftClientReply:client-C82EA620EB9B->85302df8-7a7f-4077-a053-c26dc3d3d65a@group-4701ABA8D7D0, cid=3874, SUCCESS, logIndex=6405, commits[85302df8-7a7f-4077-a053-c26dc3d3d65a:c6405]
2019-06-13 22:54:03,122 INFO  client.GrpcClientProtocolClient (GrpcClientProtocolClient.java:onNext(254)) - client-C82EA620EB9B->85302df8-7a7f-4077-a053-c26dc3d3d65a: receive RaftClientReply:client-C82EA620EB9B->85302df8-7a7f-4077-a053-c26dc3d3d65a@group-4701ABA8D7D0, cid=3875, SUCCESS, logIndex=6406, commits[85302df8-7a7f-4077-a053-c26dc3d3d65a:c6408]
2019-06-13 22:54:03,122 INFO  client.GrpcClientProtocolClient (GrpcClientProtocolClient.java:onNext(254)) - client-C82EA620EB9B->85302df8-7a7f-4077-a053-c26dc3d3d65a: receive RaftClientReply:client-C82EA620EB9B->85302df8-7a7f-4077-a053-c26dc3d3d65a@group-4701ABA8D7D0, cid=3876, SUCCESS, logIndex=6407, commits[85302df8-7a7f-4077-a053-c26dc3d3d65a:c6408]
2019-06-13 22:54:03,128 INFO  client.GrpcClientProtocolClient (GrpcClientProtocolClient.java:onNext(254)) - client-C82EA620EB9B->85302df8-7a7f-4077-a053-c26dc3d3d65a: receive RaftClientReply:client-C82EA620EB9B->85302df8-7a7f-4077-a053-c26dc3d3d65a@group-4701ABA8D7D0, cid=3877, SUCCESS, logIndex=6409, commits[85302df8-7a7f-4077-a053-c26dc3d3d65a:c6409]
2019-06-13 22:54:03,130 INFO  client.GrpcClientProtocolClient (GrpcClientProtocolClient.java:onNext(254)) - client-C82EA620EB9B->85302df8-7a7f-4077-a053-c26dc3d3d65a: receive RaftClientReply:client-C82EA620EB9B->85302df8-7a7f-4077-a053-c26dc3d3d65a@group-4701ABA8D7D0, cid=3878, SUCCESS, logIndex=6411, commits[85302df8-7a7f-4077-a053-c26dc3d3d65a:c6411]
2019-06-13 22:54:03,130 INFO  client.GrpcClientProtocolClient (GrpcClientProtocolClient.java:onNext(254)) - client-C82EA620EB9B->85302df8-7a7f-4077-a053-c26dc3d3d65a: receive RaftClientReply:client-C82EA620EB9B->85302df8-7a7f-4077-a053-c26dc3d3d65a@group-4701ABA8D7D0, cid=3879, SUCCESS, logIndex=6412, commits[85302df8-7a7f-4077-a053-c26dc3d3d65a:c6414]
2019-06-13 22:54:03,141 INFO  client.GrpcClientProtocolClient (GrpcClientProtocolClient.java:onNext(254)) - client-C82EA620EB9B->85302df8-7a7f-4077-a053-c26dc3d3d65a: receive RaftClientReply:client-C82EA620EB9B->85302df8-7a7f-4077-a053-c26dc3d3d65a@group-4701ABA8D7D0, cid=3880, SUCCESS, logIndex=6413, commits[85302df8-7a7f-4077-a053-c26dc3d3d65a:c6414]
2019-06-13 22:54:03,155 INFO  client.GrpcClientProtocolClient (GrpcClientProtocolClient.java:onNext(254)) - client-C82EA620EB9B->85302df8-7a7f-4077-a053-c26dc3d3d65a: receive RaftClientReply:client-C82EA620EB9B->85302df8-7a7f-4077-a053-c26dc3d3d65a@group-4701ABA8D7D0, cid=3881, SUCCESS, logIndex=6415, commits[85302df8-7a7f-4077-a053-c26dc3d3d65a:c6415]
2019-06-13 22:54:03,157 INFO  client.GrpcClientProtocolClient (GrpcClientProtocolClient.java:onNext(254)) - client-C82EA620EB9B->85302df8-7a7f-4077-a053-c26dc3d3d65a: receive RaftClientReply:client-C82EA620EB9B->85302df8-7a7f-4077-a053-c26dc3d3d65a@group-4701ABA8D7D0, cid=3882, SUCCESS, logIndex=6417, commits[85302df8-7a7f-4077-a053-c26dc3d3d65a:c6419]
2019-06-13 22:54:03,158 INFO  client.GrpcClientProtocolClient (GrpcClientProtocolClient.java:onNext(254)) - client-C82EA620EB9B->85302df8-7a7f-4077-a053-c26dc3d3d65a: receive RaftClientReply:client-C82EA620EB9B->85302df8-7a7f-4077-a053-c26dc3d3d65a@group-4701ABA8D7D0, cid=3883, SUCCESS, logIndex=6418, commits[85302df8-7a7f-4077-a053-c26dc3d3d65a:c6420]
2019-06-13 22:54:03,158 INFO  client.GrpcClientProtocolClient (GrpcClientProtocolClient.java:onNext(254)) - client-C82EA620EB9B->85302df8-7a7f-4077-a053-c26dc3d3d65a: receive RaftClientReply:client-C82EA620EB9B->85302df8-7a7f-4077-a053-c26dc3d3d65a@group-4701ABA8D7D0, cid=3884, SUCCESS, logIndex=6419, commits[85302df8-7a7f-4077-a053-c26dc3d3d65a:c6420]
2019-06-13 22:54:03,161 DEBUG block.SCMBlockDeletingService (SCMBlockDeletingService.java:call(138)) - Running DeletedBlockTransactionScanner
2019-06-13 22:54:03,161 DEBUG block.SCMBlockDeletingService (SCMBlockDeletingService.java:call(155)) - Scanned deleted blocks log and got 0 delTX to process.
2019-06-13 22:54:03,164 INFO  client.GrpcClientProtocolClient (GrpcClientProtocolClient.java:onNext(254)) - client-C82EA620EB9B->85302df8-7a7f-4077-a053-c26dc3d3d65a: receive RaftClientReply:client-C82EA620EB9B->85302df8-7a7f-4077-a053-c26dc3d3d65a@group-4701ABA8D7D0, cid=3885, SUCCESS, logIndex=6421, commits[85302df8-7a7f-4077-a053-c26dc3d3d65a:c6421]
2019-06-13 22:54:03,166 INFO  client.GrpcClientProtocolClient (GrpcClientProtocolClient.java:onNext(254)) - client-C82EA620EB9B->85302df8-7a7f-4077-a053-c26dc3d3d65a: receive RaftClientReply:client-C82EA620EB9B->85302df8-7a7f-4077-a053-c26dc3d3d65a@group-4701ABA8D7D0, cid=3886, SUCCESS, logIndex=6423, commits[85302df8-7a7f-4077-a053-c26dc3d3d65a:c6423]
2019-06-13 22:54:03,167 INFO  client.GrpcClientProtocolClient (GrpcClientProtocolClient.java:onNext(254)) - client-C82EA620EB9B->85302df8-7a7f-4077-a053-c26dc3d3d65a: receive RaftClientReply:client-C82EA620EB9B->85302df8-7a7f-4077-a053-c26dc3d3d65a@group-4701ABA8D7D0, cid=3887, SUCCESS, logIndex=6424, commits[85302df8-7a7f-4077-a053-c26dc3d3d65a:c6426]
2019-06-13 22:54:03,167 INFO  client.GrpcClientProtocolClient (GrpcClientProtocolClient.java:onNext(254)) - client-C82EA620EB9B->85302df8-7a7f-4077-a053-c26dc3d3d65a: receive RaftClientReply:client-C82EA620EB9B->85302df8-7a7f-4077-a053-c26dc3d3d65a@group-4701ABA8D7D0, cid=3888, SUCCESS, logIndex=6425, commits[85302df8-7a7f-4077-a053-c26dc3d3d65a:c6426]
2019-06-13 22:54:03,222 INFO  client.GrpcClientProtocolClient (GrpcClientProtocolClient.java:onNext(254)) - client-C82EA620EB9B->85302df8-7a7f-4077-a053-c26dc3d3d65a: receive RaftClientReply:client-C82EA620EB9B->85302df8-7a7f-4077-a053-c26dc3d3d65a@group-4701ABA8D7D0, cid=3889, SUCCESS, logIndex=6427, commits[85302df8-7a7f-4077-a053-c26dc3d3d65a:c6427]
2019-06-13 22:54:03,223 INFO  client.GrpcClientProtocolClient (GrpcClientProtocolClient.java:onNext(254)) - client-C82EA620EB9B->85302df8-7a7f-4077-a053-c26dc3d3d65a: receive RaftClientReply:client-C82EA620EB9B->85302df8-7a7f-4077-a053-c26dc3d3d65a@group-4701ABA8D7D0, cid=3890, SUCCESS, logIndex=6429, commits[85302df8-7a7f-4077-a053-c26dc3d3d65a:c6429]
2019-06-13 22:54:03,262 DEBUG block.SCMBlockDeletingService (SCMBlockDeletingService.java:call(138)) - Running DeletedBlockTransactionScanner
2019-06-13 22:54:03,262 DEBUG block.SCMBlockDeletingService (SCMBlockDeletingService.java:call(155)) - Scanned deleted blocks log and got 0 delTX to process.
2019-06-13 22:54:03,295 INFO  client.GrpcClientProtocolClient (GrpcClientProtocolClient.java:onNext(254)) - client-C82EA620EB9B->85302df8-7a7f-4077-a053-c26dc3d3d65a: receive RaftClientReply:client-C82EA620EB9B->85302df8-7a7f-4077-a053-c26dc3d3d65a@group-4701ABA8D7D0, cid=3891, SUCCESS, logIndex=6431, commits[85302df8-7a7f-4077-a053-c26dc3d3d65a:c6431]
2019-06-13 22:54:03,297 INFO  client.GrpcClientProtocolClient (GrpcClientProtocolClient.java:onNext(254)) - client-C82EA620EB9B->85302df8-7a7f-4077-a053-c26dc3d3d65a: receive RaftClientReply:client-C82EA620EB9B->85302df8-7a7f-4077-a053-c26dc3d3d65a@group-4701ABA8D7D0, cid=3892, SUCCESS, logIndex=6433, commits[85302df8-7a7f-4077-a053-c26dc3d3d65a:c6433]
2019-06-13 22:54:03,308 INFO  client.GrpcClientProtocolClient (GrpcClientProtocolClient.java:onNext(254)) - client-C82EA620EB9B->85302df8-7a7f-4077-a053-c26dc3d3d65a: receive RaftClientReply:client-C82EA620EB9B->85302df8-7a7f-4077-a053-c26dc3d3d65a@group-4701ABA8D7D0, cid=3893, SUCCESS, logIndex=6435, commits[85302df8-7a7f-4077-a053-c26dc3d3d65a:c6436]
2019-06-13 22:54:03,310 INFO  client.GrpcClientProtocolClient (GrpcClientProtocolClient.java:onNext(254)) - client-C82EA620EB9B->85302df8-7a7f-4077-a053-c26dc3d3d65a: receive RaftClientReply:client-C82EA620EB9B->85302df8-7a7f-4077-a053-c26dc3d3d65a@group-4701ABA8D7D0, cid=3894, SUCCESS, logIndex=6437, commits[85302df8-7a7f-4077-a053-c26dc3d3d65a:c6437]
2019-06-13 22:54:03,315 INFO  client.GrpcClientProtocolClient (GrpcClientProtocolClient.java:onNext(254)) - client-C82EA620EB9B->85302df8-7a7f-4077-a053-c26dc3d3d65a: receive RaftClientReply:client-C82EA620EB9B->85302df8-7a7f-4077-a053-c26dc3d3d65a@group-4701ABA8D7D0, cid=3895, SUCCESS, logIndex=6438, commits[85302df8-7a7f-4077-a053-c26dc3d3d65a:c6438]
2019-06-13 22:54:03,317 INFO  client.GrpcClientProtocolClient (GrpcClientProtocolClient.java:onNext(254)) - client-C82EA620EB9B->85302df8-7a7f-4077-a053-c26dc3d3d65a: receive RaftClientReply:client-C82EA620EB9B->85302df8-7a7f-4077-a053-c26dc3d3d65a@group-4701ABA8D7D0, cid=3896, SUCCESS, logIndex=6440, commits[85302df8-7a7f-4077-a053-c26dc3d3d65a:c6441]
2019-06-13 22:54:03,331 INFO  client.GrpcClientProtocolClient (GrpcClientProtocolClient.java:onNext(254)) - client-C82EA620EB9B->85302df8-7a7f-4077-a053-c26dc3d3d65a: receive RaftClientReply:client-C82EA620EB9B->85302df8-7a7f-4077-a053-c26dc3d3d65a@group-4701ABA8D7D0, cid=3897, SUCCESS, logIndex=6442, commits[85302df8-7a7f-4077-a053-c26dc3d3d65a:c6442]
2019-06-13 22:54:03,333 INFO  client.GrpcClientProtocolClient (GrpcClientProtocolClient.java:onNext(254)) - client-C82EA620EB9B->85302df8-7a7f-4077-a053-c26dc3d3d65a: receive RaftClientReply:client-C82EA620EB9B->85302df8-7a7f-4077-a053-c26dc3d3d65a@group-4701ABA8D7D0, cid=3898, SUCCESS, logIndex=6444, commits[85302df8-7a7f-4077-a053-c26dc3d3d65a:c6444]
2019-06-13 22:54:03,334 INFO  client.GrpcClientProtocolClient (GrpcClientProtocolClient.java:onNext(254)) - client-C82EA620EB9B->85302df8-7a7f-4077-a053-c26dc3d3d65a: receive RaftClientReply:client-C82EA620EB9B->85302df8-7a7f-4077-a053-c26dc3d3d65a@group-4701ABA8D7D0, cid=3899, SUCCESS, logIndex=6445, commits[85302df8-7a7f-4077-a053-c26dc3d3d65a:c6447]
2019-06-13 22:54:03,334 INFO  client.GrpcClientProtocolClient (GrpcClientProtocolClient.java:onNext(254)) - client-C82EA620EB9B->85302df8-7a7f-4077-a053-c26dc3d3d65a: receive RaftClientReply:client-C82EA620EB9B->85302df8-7a7f-4077-a053-c26dc3d3d65a@group-4701ABA8D7D0, cid=3900, SUCCESS, logIndex=6446, commits[85302df8-7a7f-4077-a053-c26dc3d3d65a:c6447]
2019-06-13 22:54:03,339 INFO  client.GrpcClientProtocolClient (GrpcClientProtocolClient.java:onNext(254)) - client-C82EA620EB9B->85302df8-7a7f-4077-a053-c26dc3d3d65a: receive RaftClientReply:client-C82EA620EB9B->85302df8-7a7f-4077-a053-c26dc3d3d65a@group-4701ABA8D7D0, cid=3901, SUCCESS, logIndex=6448, commits[85302df8-7a7f-4077-a053-c26dc3d3d65a:c6448]
2019-06-13 22:54:03,340 INFO  client.GrpcClientProtocolClient (GrpcClientProtocolClient.java:onNext(254)) - client-C82EA620EB9B->85302df8-7a7f-4077-a053-c26dc3d3d65a: receive RaftClientReply:client-C82EA620EB9B->85302df8-7a7f-4077-a053-c26dc3d3d65a@group-4701ABA8D7D0, cid=3902, SUCCESS, logIndex=6450, commits[85302df8-7a7f-4077-a053-c26dc3d3d65a:c6450]
2019-06-13 22:54:03,341 INFO  client.GrpcClientProtocolClient (GrpcClientProtocolClient.java:onNext(254)) - client-C82EA620EB9B->85302df8-7a7f-4077-a053-c26dc3d3d65a: receive RaftClientReply:client-C82EA620EB9B->85302df8-7a7f-4077-a053-c26dc3d3d65a@group-4701ABA8D7D0, cid=3903, SUCCESS, logIndex=6451, commits[85302df8-7a7f-4077-a053-c26dc3d3d65a:c6453]
2019-06-13 22:54:03,342 INFO  client.GrpcClientProtocolClient (GrpcClientProtocolClient.java:onNext(254)) - client-C82EA620EB9B->85302df8-7a7f-4077-a053-c26dc3d3d65a: receive RaftClientReply:client-C82EA620EB9B->85302df8-7a7f-4077-a053-c26dc3d3d65a@group-4701ABA8D7D0, cid=3904, SUCCESS, logIndex=6452, commits[85302df8-7a7f-4077-a053-c26dc3d3d65a:c6453]
2019-06-13 22:54:03,355 INFO  client.GrpcClientProtocolClient (GrpcClientProtocolClient.java:onNext(254)) - client-C82EA620EB9B->85302df8-7a7f-4077-a053-c26dc3d3d65a: receive RaftClientReply:client-C82EA620EB9B->85302df8-7a7f-4077-a053-c26dc3d3d65a@group-4701ABA8D7D0, cid=3905, SUCCESS, logIndex=6454, commits[85302df8-7a7f-4077-a053-c26dc3d3d65a:c6454]
2019-06-13 22:54:03,357 INFO  client.GrpcClientProtocolClient (GrpcClientProtocolClient.java:onNext(254)) - client-C82EA620EB9B->85302df8-7a7f-4077-a053-c26dc3d3d65a: receive RaftClientReply:client-C82EA620EB9B->85302df8-7a7f-4077-a053-c26dc3d3d65a@group-4701ABA8D7D0, cid=3906, SUCCESS, logIndex=6456, commits[85302df8-7a7f-4077-a053-c26dc3d3d65a:c6456]
2019-06-13 22:54:03,357 INFO  client.GrpcClientProtocolClient (GrpcClientProtocolClient.java:onNext(254)) - client-C82EA620EB9B->85302df8-7a7f-4077-a053-c26dc3d3d65a: receive RaftClientReply:client-C82EA620EB9B->85302df8-7a7f-4077-a053-c26dc3d3d65a@group-4701ABA8D7D0, cid=3907, SUCCESS, logIndex=6457, commits[85302df8-7a7f-4077-a053-c26dc3d3d65a:c6459]
2019-06-13 22:54:03,358 INFO  client.GrpcClientProtocolClient (GrpcClientProtocolClient.java:onNext(254)) - client-C82EA620EB9B->85302df8-7a7f-4077-a053-c26dc3d3d65a: receive RaftClientReply:client-C82EA620EB9B->85302df8-7a7f-4077-a053-c26dc3d3d65a@group-4701ABA8D7D0, cid=3908, SUCCESS, logIndex=6458, commits[85302df8-7a7f-4077-a053-c26dc3d3d65a:c6459]
2019-06-13 22:54:03,363 DEBUG block.SCMBlockDeletingService (SCMBlockDeletingService.java:call(138)) - Running DeletedBlockTransactionScanner
2019-06-13 22:54:03,363 DEBUG block.SCMBlockDeletingService (SCMBlockDeletingService.java:call(155)) - Scanned deleted blocks log and got 0 delTX to process.
2019-06-13 22:54:03,365 INFO  client.GrpcClientProtocolClient (GrpcClientProtocolClient.java:onNext(254)) - client-C82EA620EB9B->85302df8-7a7f-4077-a053-c26dc3d3d65a: receive RaftClientReply:client-C82EA620EB9B->85302df8-7a7f-4077-a053-c26dc3d3d65a@group-4701ABA8D7D0, cid=3909, SUCCESS, logIndex=6460, commits[85302df8-7a7f-4077-a053-c26dc3d3d65a:c6460]
2019-06-13 22:54:03,365 INFO  storage.RaftLogWorker (RaftLogWorker.java:rollLogSegment(303)) - 85302df8-7a7f-4077-a053-c26dc3d3d65a-RaftLogWorker: Rolling segment log-6397_6463 to index:6463
2019-06-13 22:54:03,366 INFO  storage.RaftLogWorker (RaftLogWorker.java:execute(433)) - 85302df8-7a7f-4077-a053-c26dc3d3d65a-RaftLogWorker: Rolled log segment from /opt/src/hadoop-ozone/integration-test/target/test-dir/MiniOzoneClusterImpl-550f9ca0-a6d9-4a4a-902f-f07ac81eac7b/datanode-0/data/ratis/5ad10fc2-5a33-4bdd-8958-4701aba8d7d0/current/log_inprogress_6397 to /opt/src/hadoop-ozone/integration-test/target/test-dir/MiniOzoneClusterImpl-550f9ca0-a6d9-4a4a-902f-f07ac81eac7b/datanode-0/data/ratis/5ad10fc2-5a33-4bdd-8958-4701aba8d7d0/current/log_6397-6463
2019-06-13 22:54:03,370 INFO  client.GrpcClientProtocolClient (GrpcClientProtocolClient.java:onNext(254)) - client-C82EA620EB9B->85302df8-7a7f-4077-a053-c26dc3d3d65a: receive RaftClientReply:client-C82EA620EB9B->85302df8-7a7f-4077-a053-c26dc3d3d65a@group-4701ABA8D7D0, cid=3910, SUCCESS, logIndex=6462, commits[85302df8-7a7f-4077-a053-c26dc3d3d65a:c6462]
2019-06-13 22:54:03,374 INFO  client.GrpcClientProtocolClient (GrpcClientProtocolClient.java:onNext(254)) - client-C82EA620EB9B->85302df8-7a7f-4077-a053-c26dc3d3d65a: receive RaftClientReply:client-C82EA620EB9B->85302df8-7a7f-4077-a053-c26dc3d3d65a@group-4701ABA8D7D0, cid=3911, SUCCESS, logIndex=6463, commits[85302df8-7a7f-4077-a053-c26dc3d3d65a:c6463]
2019-06-13 22:54:03,405 INFO  storage.RaftLogWorker (RaftLogWorker.java:execute(469)) - 85302df8-7a7f-4077-a053-c26dc3d3d65a-RaftLogWorker: created new log segment /opt/src/hadoop-ozone/integration-test/target/test-dir/MiniOzoneClusterImpl-550f9ca0-a6d9-4a4a-902f-f07ac81eac7b/datanode-0/data/ratis/5ad10fc2-5a33-4bdd-8958-4701aba8d7d0/current/log_inprogress_6464
2019-06-13 22:54:03,407 INFO  client.GrpcClientProtocolClient (GrpcClientProtocolClient.java:onNext(254)) - client-C82EA620EB9B->85302df8-7a7f-4077-a053-c26dc3d3d65a: receive RaftClientReply:client-C82EA620EB9B->85302df8-7a7f-4077-a053-c26dc3d3d65a@group-4701ABA8D7D0, cid=3912, SUCCESS, logIndex=6464, commits[85302df8-7a7f-4077-a053-c26dc3d3d65a:c6466]
2019-06-13 22:54:03,418 INFO  client.GrpcClientProtocolClient (GrpcClientProtocolClient.java:onNext(254)) - client-C82EA620EB9B->85302df8-7a7f-4077-a053-c26dc3d3d65a: receive RaftClientReply:client-C82EA620EB9B->85302df8-7a7f-4077-a053-c26dc3d3d65a@group-4701ABA8D7D0, cid=3913, SUCCESS, logIndex=6467, commits[85302df8-7a7f-4077-a053-c26dc3d3d65a:c6467]
2019-06-13 22:54:03,419 INFO  client.GrpcClientProtocolClient (GrpcClientProtocolClient.java:onNext(254)) - client-C82EA620EB9B->85302df8-7a7f-4077-a053-c26dc3d3d65a: receive RaftClientReply:client-C82EA620EB9B->85302df8-7a7f-4077-a053-c26dc3d3d65a@group-4701ABA8D7D0, cid=3914, SUCCESS, logIndex=6469, commits[85302df8-7a7f-4077-a053-c26dc3d3d65a:c6469]
2019-06-13 22:54:03,420 INFO  client.GrpcClientProtocolClient (GrpcClientProtocolClient.java:onNext(254)) - client-C82EA620EB9B->85302df8-7a7f-4077-a053-c26dc3d3d65a: receive RaftClientReply:client-C82EA620EB9B->85302df8-7a7f-4077-a053-c26dc3d3d65a@group-4701ABA8D7D0, cid=3915, SUCCESS, logIndex=6470, commits[85302df8-7a7f-4077-a053-c26dc3d3d65a:c6472]
2019-06-13 22:54:03,420 INFO  client.GrpcClientProtocolClient (GrpcClientProtocolClient.java:onNext(254)) - client-C82EA620EB9B->85302df8-7a7f-4077-a053-c26dc3d3d65a: receive RaftClientReply:client-C82EA620EB9B->85302df8-7a7f-4077-a053-c26dc3d3d65a@group-4701ABA8D7D0, cid=3916, SUCCESS, logIndex=6471, commits[85302df8-7a7f-4077-a053-c26dc3d3d65a:c6472]
2019-06-13 22:54:03,425 INFO  client.GrpcClientProtocolClient (GrpcClientProtocolClient.java:onNext(254)) - client-C82EA620EB9B->85302df8-7a7f-4077-a053-c26dc3d3d65a: receive RaftClientReply:client-C82EA620EB9B->85302df8-7a7f-4077-a053-c26dc3d3d65a@group-4701ABA8D7D0, cid=3917, SUCCESS, logIndex=6473, commits[85302df8-7a7f-4077-a053-c26dc3d3d65a:c6473]
2019-06-13 22:54:03,426 INFO  client.GrpcClientProtocolClient (GrpcClientProtocolClient.java:onNext(254)) - client-C82EA620EB9B->85302df8-7a7f-4077-a053-c26dc3d3d65a: receive RaftClientReply:client-C82EA620EB9B->85302df8-7a7f-4077-a053-c26dc3d3d65a@group-4701ABA8D7D0, cid=3918, SUCCESS, logIndex=6475, commits[85302df8-7a7f-4077-a053-c26dc3d3d65a:c6475]
2019-06-13 22:54:03,428 INFO  client.GrpcClientProtocolClient (GrpcClientProtocolClient.java:onNext(254)) - client-C82EA620EB9B->85302df8-7a7f-4077-a053-c26dc3d3d65a: receive RaftClientReply:client-C82EA620EB9B->85302df8-7a7f-4077-a053-c26dc3d3d65a@group-4701ABA8D7D0, cid=3919, SUCCESS, logIndex=6476, commits[85302df8-7a7f-4077-a053-c26dc3d3d65a:c6478]
2019-06-13 22:54:03,428 INFO  client.GrpcClientProtocolClient (GrpcClientProtocolClient.java:onNext(254)) - client-C82EA620EB9B->85302df8-7a7f-4077-a053-c26dc3d3d65a: receive RaftClientReply:client-C82EA620EB9B->85302df8-7a7f-4077-a053-c26dc3d3d65a@group-4701ABA8D7D0, cid=3920, SUCCESS, logIndex=6477, commits[85302df8-7a7f-4077-a053-c26dc3d3d65a:c6478]
2019-06-13 22:54:03,438 INFO  client.GrpcClientProtocolClient (GrpcClientProtocolClient.java:onNext(254)) - client-C82EA620EB9B->85302df8-7a7f-4077-a053-c26dc3d3d65a: receive RaftClientReply:client-C82EA620EB9B->85302df8-7a7f-4077-a053-c26dc3d3d65a@group-4701ABA8D7D0, cid=3921, SUCCESS, logIndex=6479, commits[85302df8-7a7f-4077-a053-c26dc3d3d65a:c6479]
2019-06-13 22:54:03,440 INFO  client.GrpcClientProtocolClient (GrpcClientProtocolClient.java:onNext(254)) - client-C82EA620EB9B->85302df8-7a7f-4077-a053-c26dc3d3d65a: receive RaftClientReply:client-C82EA620EB9B->85302df8-7a7f-4077-a053-c26dc3d3d65a@group-4701ABA8D7D0, cid=3922, SUCCESS, logIndex=6481, commits[85302df8-7a7f-4077-a053-c26dc3d3d65a:c6481]
2019-06-13 22:54:03,441 INFO  client.GrpcClientProtocolClient (GrpcClientProtocolClient.java:onNext(254)) - client-C82EA620EB9B->85302df8-7a7f-4077-a053-c26dc3d3d65a: receive RaftClientReply:client-C82EA620EB9B->85302df8-7a7f-4077-a053-c26dc3d3d65a@group-4701ABA8D7D0, cid=3923, SUCCESS, logIndex=6482, commits[85302df8-7a7f-4077-a053-c26dc3d3d65a:c6482]
2019-06-13 22:54:03,441 INFO  client.GrpcClientProtocolClient (GrpcClientProtocolClient.java:onNext(254)) - client-C82EA620EB9B->85302df8-7a7f-4077-a053-c26dc3d3d65a: receive RaftClientReply:client-C82EA620EB9B->85302df8-7a7f-4077-a053-c26dc3d3d65a@group-4701ABA8D7D0, cid=3924, SUCCESS, logIndex=6484, commits[85302df8-7a7f-4077-a053-c26dc3d3d65a:c6484]
2019-06-13 22:54:03,446 INFO  client.GrpcClientProtocolClient (GrpcClientProtocolClient.java:onNext(254)) - client-C82EA620EB9B->85302df8-7a7f-4077-a053-c26dc3d3d65a: receive RaftClientReply:client-C82EA620EB9B->85302df8-7a7f-4077-a053-c26dc3d3d65a@group-4701ABA8D7D0, cid=3925, SUCCESS, logIndex=6487, commits[85302df8-7a7f-4077-a053-c26dc3d3d65a:c6487]
2019-06-13 22:54:03,447 INFO  client.GrpcClientProtocolClient (GrpcClientProtocolClient.java:onNext(254)) - client-C82EA620EB9B->85302df8-7a7f-4077-a053-c26dc3d3d65a: receive RaftClientReply:client-C82EA620EB9B->85302df8-7a7f-4077-a053-c26dc3d3d65a@group-4701ABA8D7D0, cid=3926, SUCCESS, logIndex=6489, commits[85302df8-7a7f-4077-a053-c26dc3d3d65a:c6489]
2019-06-13 22:54:03,449 INFO  client.GrpcClientProtocolClient (GrpcClientProtocolClient.java:onNext(254)) - client-C82EA620EB9B->85302df8-7a7f-4077-a053-c26dc3d3d65a: receive RaftClientReply:client-C82EA620EB9B->85302df8-7a7f-4077-a053-c26dc3d3d65a@group-4701ABA8D7D0, cid=3927, SUCCESS, logIndex=6490, commits[85302df8-7a7f-4077-a053-c26dc3d3d65a:c6492]
2019-06-13 22:54:03,449 INFO  client.GrpcClientProtocolClient (GrpcClientProtocolClient.java:onNext(254)) - client-C82EA620EB9B->85302df8-7a7f-4077-a053-c26dc3d3d65a: receive RaftClientReply:client-C82EA620EB9B->85302df8-7a7f-4077-a053-c26dc3d3d65a@group-4701ABA8D7D0, cid=3928, SUCCESS, logIndex=6491, commits[85302df8-7a7f-4077-a053-c26dc3d3d65a:c6492]
2019-06-13 22:54:03,460 INFO  client.GrpcClientProtocolClient (GrpcClientProtocolClient.java:onNext(254)) - client-C82EA620EB9B->85302df8-7a7f-4077-a053-c26dc3d3d65a: receive RaftClientReply:client-C82EA620EB9B->85302df8-7a7f-4077-a053-c26dc3d3d65a@group-4701ABA8D7D0, cid=3929, SUCCESS, logIndex=6493, commits[85302df8-7a7f-4077-a053-c26dc3d3d65a:c6493]
2019-06-13 22:54:03,461 INFO  client.GrpcClientProtocolClient (GrpcClientProtocolClient.java:onNext(254)) - client-C82EA620EB9B->85302df8-7a7f-4077-a053-c26dc3d3d65a: receive RaftClientReply:client-C82EA620EB9B->85302df8-7a7f-4077-a053-c26dc3d3d65a@group-4701ABA8D7D0, cid=3930, SUCCESS, logIndex=6495, commits[85302df8-7a7f-4077-a053-c26dc3d3d65a:c6495]
2019-06-13 22:54:03,462 INFO  client.GrpcClientProtocolClient (GrpcClientProtocolClient.java:onNext(254)) - client-C82EA620EB9B->85302df8-7a7f-4077-a053-c26dc3d3d65a: receive RaftClientReply:client-C82EA620EB9B->85302df8-7a7f-4077-a053-c26dc3d3d65a@group-4701ABA8D7D0, cid=3931, SUCCESS, logIndex=6496, commits[85302df8-7a7f-4077-a053-c26dc3d3d65a:c6498]
2019-06-13 22:54:03,462 INFO  client.GrpcClientProtocolClient (GrpcClientProtocolClient.java:onNext(254)) - client-C82EA620EB9B->85302df8-7a7f-4077-a053-c26dc3d3d65a: receive RaftClientReply:client-C82EA620EB9B->85302df8-7a7f-4077-a053-c26dc3d3d65a@group-4701ABA8D7D0, cid=3932, SUCCESS, logIndex=6497, commits[85302df8-7a7f-4077-a053-c26dc3d3d65a:c6498]
2019-06-13 22:54:03,463 DEBUG block.SCMBlockDeletingService (SCMBlockDeletingService.java:call(138)) - Running DeletedBlockTransactionScanner
2019-06-13 22:54:03,463 DEBUG block.SCMBlockDeletingService (SCMBlockDeletingService.java:call(155)) - Scanned deleted blocks log and got 0 delTX to process.
2019-06-13 22:54:03,468 INFO  client.GrpcClientProtocolClient (GrpcClientProtocolClient.java:onNext(254)) - client-C82EA620EB9B->85302df8-7a7f-4077-a053-c26dc3d3d65a: receive RaftClientReply:client-C82EA620EB9B->85302df8-7a7f-4077-a053-c26dc3d3d65a@group-4701ABA8D7D0, cid=3933, SUCCESS, logIndex=6499, commits[85302df8-7a7f-4077-a053-c26dc3d3d65a:c6499]
2019-06-13 22:54:03,469 INFO  client.GrpcClientProtocolClient (GrpcClientProtocolClient.java:onNext(254)) - client-C82EA620EB9B->85302df8-7a7f-4077-a053-c26dc3d3d65a: receive RaftClientReply:client-C82EA620EB9B->85302df8-7a7f-4077-a053-c26dc3d3d65a@group-4701ABA8D7D0, cid=3934, SUCCESS, logIndex=6501, commits[85302df8-7a7f-4077-a053-c26dc3d3d65a:c6501]
2019-06-13 22:54:03,536 INFO  client.GrpcClientProtocolClient (GrpcClientProtocolClient.java:onNext(254)) - client-C82EA620EB9B->85302df8-7a7f-4077-a053-c26dc3d3d65a: receive RaftClientReply:client-C82EA620EB9B->85302df8-7a7f-4077-a053-c26dc3d3d65a@group-4701ABA8D7D0, cid=3935, SUCCESS, logIndex=6503, commits[85302df8-7a7f-4077-a053-c26dc3d3d65a:c6503]
2019-06-13 22:54:03,537 INFO  client.GrpcClientProtocolClient (GrpcClientProtocolClient.java:onNext(254)) - client-C82EA620EB9B->85302df8-7a7f-4077-a053-c26dc3d3d65a: receive RaftClientReply:client-C82EA620EB9B->85302df8-7a7f-4077-a053-c26dc3d3d65a@group-4701ABA8D7D0, cid=3936, SUCCESS, logIndex=6505, commits[85302df8-7a7f-4077-a053-c26dc3d3d65a:c6505]
2019-06-13 22:54:03,548 INFO  client.GrpcClientProtocolClient (GrpcClientProtocolClient.java:onNext(254)) - client-C82EA620EB9B->85302df8-7a7f-4077-a053-c26dc3d3d65a: receive RaftClientReply:client-C82EA620EB9B->85302df8-7a7f-4077-a053-c26dc3d3d65a@group-4701ABA8D7D0, cid=3937, SUCCESS, logIndex=6507, commits[85302df8-7a7f-4077-a053-c26dc3d3d65a:c6507]
2019-06-13 22:54:03,549 INFO  client.GrpcClientProtocolClient (GrpcClientProtocolClient.java:onNext(254)) - client-C82EA620EB9B->85302df8-7a7f-4077-a053-c26dc3d3d65a: receive RaftClientReply:client-C82EA620EB9B->85302df8-7a7f-4077-a053-c26dc3d3d65a@group-4701ABA8D7D0, cid=3938, SUCCESS, logIndex=6509, commits[85302df8-7a7f-4077-a053-c26dc3d3d65a:c6509]
2019-06-13 22:54:03,550 INFO  client.GrpcClientProtocolClient (GrpcClientProtocolClient.java:onNext(254)) - client-C82EA620EB9B->85302df8-7a7f-4077-a053-c26dc3d3d65a: receive RaftClientReply:client-C82EA620EB9B->85302df8-7a7f-4077-a053-c26dc3d3d65a@group-4701ABA8D7D0, cid=3939, SUCCESS, logIndex=6510, commits[85302df8-7a7f-4077-a053-c26dc3d3d65a:c6512]
2019-06-13 22:54:03,553 INFO  client.GrpcClientProtocolClient (GrpcClientProtocolClient.java:onNext(254)) - client-C82EA620EB9B->85302df8-7a7f-4077-a053-c26dc3d3d65a: receive RaftClientReply:client-C82EA620EB9B->85302df8-7a7f-4077-a053-c26dc3d3d65a@group-4701ABA8D7D0, cid=3940, SUCCESS, logIndex=6511, commits[85302df8-7a7f-4077-a053-c26dc3d3d65a:c6512]
2019-06-13 22:54:03,559 INFO  client.GrpcClientProtocolClient (GrpcClientProtocolClient.java:onNext(254)) - client-C82EA620EB9B->85302df8-7a7f-4077-a053-c26dc3d3d65a: receive RaftClientReply:client-C82EA620EB9B->85302df8-7a7f-4077-a053-c26dc3d3d65a@group-4701ABA8D7D0, cid=3941, SUCCESS, logIndex=6513, commits[85302df8-7a7f-4077-a053-c26dc3d3d65a:c6513]
2019-06-13 22:54:03,560 INFO  client.GrpcClientProtocolClient (GrpcClientProtocolClient.java:onNext(254)) - client-C82EA620EB9B->85302df8-7a7f-4077-a053-c26dc3d3d65a: receive RaftClientReply:client-C82EA620EB9B->85302df8-7a7f-4077-a053-c26dc3d3d65a@group-4701ABA8D7D0, cid=3942, SUCCESS, logIndex=6515, commits[85302df8-7a7f-4077-a053-c26dc3d3d65a:c6515]
2019-06-13 22:54:03,561 INFO  client.GrpcClientProtocolClient (GrpcClientProtocolClient.java:onNext(254)) - client-C82EA620EB9B->85302df8-7a7f-4077-a053-c26dc3d3d65a: receive RaftClientReply:client-C82EA620EB9B->85302df8-7a7f-4077-a053-c26dc3d3d65a@group-4701ABA8D7D0, cid=3943, SUCCESS, logIndex=6516, commits[85302df8-7a7f-4077-a053-c26dc3d3d65a:c6518]
2019-06-13 22:54:03,562 INFO  client.GrpcClientProtocolClient (GrpcClientProtocolClient.java:onNext(254)) - client-C82EA620EB9B->85302df8-7a7f-4077-a053-c26dc3d3d65a: receive RaftClientReply:client-C82EA620EB9B->85302df8-7a7f-4077-a053-c26dc3d3d65a@group-4701ABA8D7D0, cid=3944, SUCCESS, logIndex=6517, commits[85302df8-7a7f-4077-a053-c26dc3d3d65a:c6518]
2019-06-13 22:54:03,563 DEBUG block.SCMBlockDeletingService (SCMBlockDeletingService.java:call(138)) - Running DeletedBlockTransactionScanner
2019-06-13 22:54:03,563 DEBUG block.SCMBlockDeletingService (SCMBlockDeletingService.java:call(155)) - Scanned deleted blocks log and got 0 delTX to process.
2019-06-13 22:54:03,572 INFO  client.GrpcClientProtocolClient (GrpcClientProtocolClient.java:onNext(254)) - client-C82EA620EB9B->85302df8-7a7f-4077-a053-c26dc3d3d65a: receive RaftClientReply:client-C82EA620EB9B->85302df8-7a7f-4077-a053-c26dc3d3d65a@group-4701ABA8D7D0, cid=3945, SUCCESS, logIndex=6519, commits[85302df8-7a7f-4077-a053-c26dc3d3d65a:c6519]
2019-06-13 22:54:03,573 INFO  client.GrpcClientProtocolClient (GrpcClientProtocolClient.java:onNext(254)) - client-C82EA620EB9B->85302df8-7a7f-4077-a053-c26dc3d3d65a: receive RaftClientReply:client-C82EA620EB9B->85302df8-7a7f-4077-a053-c26dc3d3d65a@group-4701ABA8D7D0, cid=3946, SUCCESS, logIndex=6521, commits[85302df8-7a7f-4077-a053-c26dc3d3d65a:c6521]
2019-06-13 22:54:03,575 INFO  client.GrpcClientProtocolClient (GrpcClientProtocolClient.java:onNext(254)) - client-C82EA620EB9B->85302df8-7a7f-4077-a053-c26dc3d3d65a: receive RaftClientReply:client-C82EA620EB9B->85302df8-7a7f-4077-a053-c26dc3d3d65a@group-4701ABA8D7D0, cid=3947, SUCCESS, logIndex=6522, commits[85302df8-7a7f-4077-a053-c26dc3d3d65a:c6524]
2019-06-13 22:54:03,575 INFO  client.GrpcClientProtocolClient (GrpcClientProtocolClient.java:onNext(254)) - client-C82EA620EB9B->85302df8-7a7f-4077-a053-c26dc3d3d65a: receive RaftClientReply:client-C82EA620EB9B->85302df8-7a7f-4077-a053-c26dc3d3d65a@group-4701ABA8D7D0, cid=3948, SUCCESS, logIndex=6523, commits[85302df8-7a7f-4077-a053-c26dc3d3d65a:c6524]
2019-06-13 22:54:03,581 INFO  client.GrpcClientProtocolClient (GrpcClientProtocolClient.java:onNext(254)) - client-C82EA620EB9B->85302df8-7a7f-4077-a053-c26dc3d3d65a: receive RaftClientReply:client-C82EA620EB9B->85302df8-7a7f-4077-a053-c26dc3d3d65a@group-4701ABA8D7D0, cid=3949, SUCCESS, logIndex=6525, commits[85302df8-7a7f-4077-a053-c26dc3d3d65a:c6525]
2019-06-13 22:54:03,582 INFO  client.GrpcClientProtocolClient (GrpcClientProtocolClient.java:onNext(254)) - client-C82EA620EB9B->85302df8-7a7f-4077-a053-c26dc3d3d65a: receive RaftClientReply:client-C82EA620EB9B->85302df8-7a7f-4077-a053-c26dc3d3d65a@group-4701ABA8D7D0, cid=3950, SUCCESS, logIndex=6527, commits[85302df8-7a7f-4077-a053-c26dc3d3d65a:c6527]
2019-06-13 22:54:03,584 INFO  client.GrpcClientProtocolClient (GrpcClientProtocolClient.java:onNext(254)) - client-C82EA620EB9B->85302df8-7a7f-4077-a053-c26dc3d3d65a: receive RaftClientReply:client-C82EA620EB9B->85302df8-7a7f-4077-a053-c26dc3d3d65a@group-4701ABA8D7D0, cid=3951, SUCCESS, logIndex=6529, commits[85302df8-7a7f-4077-a053-c26dc3d3d65a:c6529]
2019-06-13 22:54:03,585 INFO  client.GrpcClientProtocolClient (GrpcClientProtocolClient.java:onNext(254)) - client-C82EA620EB9B->85302df8-7a7f-4077-a053-c26dc3d3d65a: receive RaftClientReply:client-C82EA620EB9B->85302df8-7a7f-4077-a053-c26dc3d3d65a@group-4701ABA8D7D0, cid=3952, SUCCESS, logIndex=6531, commits[85302df8-7a7f-4077-a053-c26dc3d3d65a:c6531]
2019-06-13 22:54:03,640 INFO  client.GrpcClientProtocolClient (GrpcClientProtocolClient.java:onNext(254)) - client-C82EA620EB9B->85302df8-7a7f-4077-a053-c26dc3d3d65a: receive RaftClientReply:client-C82EA620EB9B->85302df8-7a7f-4077-a053-c26dc3d3d65a@group-4701ABA8D7D0, cid=3953, SUCCESS, logIndex=6533, commits[85302df8-7a7f-4077-a053-c26dc3d3d65a:c6533]
2019-06-13 22:54:03,641 INFO  client.GrpcClientProtocolClient (GrpcClientProtocolClient.java:onNext(254)) - client-C82EA620EB9B->85302df8-7a7f-4077-a053-c26dc3d3d65a: receive RaftClientReply:client-C82EA620EB9B->85302df8-7a7f-4077-a053-c26dc3d3d65a@group-4701ABA8D7D0, cid=3954, SUCCESS, logIndex=6535, commits[85302df8-7a7f-4077-a053-c26dc3d3d65a:c6535]
2019-06-13 22:54:03,641 INFO  storage.RaftLogWorker (RaftLogWorker.java:rollLogSegment(303)) - 85302df8-7a7f-4077-a053-c26dc3d3d65a-RaftLogWorker: Rolling segment log-6464_6536 to index:6536
2019-06-13 22:54:03,641 INFO  storage.RaftLogWorker (RaftLogWorker.java:execute(433)) - 85302df8-7a7f-4077-a053-c26dc3d3d65a-RaftLogWorker: Rolled log segment from /opt/src/hadoop-ozone/integration-test/target/test-dir/MiniOzoneClusterImpl-550f9ca0-a6d9-4a4a-902f-f07ac81eac7b/datanode-0/data/ratis/5ad10fc2-5a33-4bdd-8958-4701aba8d7d0/current/log_inprogress_6464 to /opt/src/hadoop-ozone/integration-test/target/test-dir/MiniOzoneClusterImpl-550f9ca0-a6d9-4a4a-902f-f07ac81eac7b/datanode-0/data/ratis/5ad10fc2-5a33-4bdd-8958-4701aba8d7d0/current/log_6464-6536
2019-06-13 22:54:03,664 DEBUG block.SCMBlockDeletingService (SCMBlockDeletingService.java:call(138)) - Running DeletedBlockTransactionScanner
2019-06-13 22:54:03,664 DEBUG block.SCMBlockDeletingService (SCMBlockDeletingService.java:call(155)) - Scanned deleted blocks log and got 0 delTX to process.
2019-06-13 22:54:03,681 INFO  storage.RaftLogWorker (RaftLogWorker.java:execute(469)) - 85302df8-7a7f-4077-a053-c26dc3d3d65a-RaftLogWorker: created new log segment /opt/src/hadoop-ozone/integration-test/target/test-dir/MiniOzoneClusterImpl-550f9ca0-a6d9-4a4a-902f-f07ac81eac7b/datanode-0/data/ratis/5ad10fc2-5a33-4bdd-8958-4701aba8d7d0/current/log_inprogress_6537
2019-06-13 22:54:03,682 INFO  client.GrpcClientProtocolClient (GrpcClientProtocolClient.java:onNext(254)) - client-C82EA620EB9B->85302df8-7a7f-4077-a053-c26dc3d3d65a: receive RaftClientReply:client-C82EA620EB9B->85302df8-7a7f-4077-a053-c26dc3d3d65a@group-4701ABA8D7D0, cid=3955, SUCCESS, logIndex=6537, commits[85302df8-7a7f-4077-a053-c26dc3d3d65a:c6538]
2019-06-13 22:54:03,683 INFO  client.GrpcClientProtocolClient (GrpcClientProtocolClient.java:onNext(254)) - client-C82EA620EB9B->85302df8-7a7f-4077-a053-c26dc3d3d65a: receive RaftClientReply:client-C82EA620EB9B->85302df8-7a7f-4077-a053-c26dc3d3d65a@group-4701ABA8D7D0, cid=3956, SUCCESS, logIndex=6538, commits[85302df8-7a7f-4077-a053-c26dc3d3d65a:c6539]
2019-06-13 22:54:03,688 INFO  client.GrpcClientProtocolClient (GrpcClientProtocolClient.java:onNext(254)) - client-C82EA620EB9B->85302df8-7a7f-4077-a053-c26dc3d3d65a: receive RaftClientReply:client-C82EA620EB9B->85302df8-7a7f-4077-a053-c26dc3d3d65a@group-4701ABA8D7D0, cid=3957, SUCCESS, logIndex=6540, commits[85302df8-7a7f-4077-a053-c26dc3d3d65a:c6540]
2019-06-13 22:54:03,689 INFO  client.GrpcClientProtocolClient (GrpcClientProtocolClient.java:onNext(254)) - client-C82EA620EB9B->85302df8-7a7f-4077-a053-c26dc3d3d65a: receive RaftClientReply:client-C82EA620EB9B->85302df8-7a7f-4077-a053-c26dc3d3d65a@group-4701ABA8D7D0, cid=3958, SUCCESS, logIndex=6542, commits[85302df8-7a7f-4077-a053-c26dc3d3d65a:c6542]
2019-06-13 22:54:03,690 INFO  client.GrpcClientProtocolClient (GrpcClientProtocolClient.java:onNext(254)) - client-C82EA620EB9B->85302df8-7a7f-4077-a053-c26dc3d3d65a: receive RaftClientReply:client-C82EA620EB9B->85302df8-7a7f-4077-a053-c26dc3d3d65a@group-4701ABA8D7D0, cid=3959, SUCCESS, logIndex=6543, commits[85302df8-7a7f-4077-a053-c26dc3d3d65a:c6545]
2019-06-13 22:54:03,691 INFO  client.GrpcClientProtocolClient (GrpcClientProtocolClient.java:onNext(254)) - client-C82EA620EB9B->85302df8-7a7f-4077-a053-c26dc3d3d65a: receive RaftClientReply:client-C82EA620EB9B->85302df8-7a7f-4077-a053-c26dc3d3d65a@group-4701ABA8D7D0, cid=3960, SUCCESS, logIndex=6544, commits[85302df8-7a7f-4077-a053-c26dc3d3d65a:c6545]
2019-06-13 22:54:03,701 INFO  client.GrpcClientProtocolClient (GrpcClientProtocolClient.java:onNext(254)) - client-C82EA620EB9B->85302df8-7a7f-4077-a053-c26dc3d3d65a: receive RaftClientReply:client-C82EA620EB9B->85302df8-7a7f-4077-a053-c26dc3d3d65a@group-4701ABA8D7D0, cid=3961, SUCCESS, logIndex=6546, commits[85302df8-7a7f-4077-a053-c26dc3d3d65a:c6546]
2019-06-13 22:54:03,702 INFO  client.GrpcClientProtocolClient (GrpcClientProtocolClient.java:onNext(254)) - client-C82EA620EB9B->85302df8-7a7f-4077-a053-c26dc3d3d65a: receive RaftClientReply:client-C82EA620EB9B->85302df8-7a7f-4077-a053-c26dc3d3d65a@group-4701ABA8D7D0, cid=3962, SUCCESS, logIndex=6548, commits[85302df8-7a7f-4077-a053-c26dc3d3d65a:c6548]
2019-06-13 22:54:03,703 INFO  client.GrpcClientProtocolClient (GrpcClientProtocolClient.java:onNext(254)) - client-C82EA620EB9B->85302df8-7a7f-4077-a053-c26dc3d3d65a: receive RaftClientReply:client-C82EA620EB9B->85302df8-7a7f-4077-a053-c26dc3d3d65a@group-4701ABA8D7D0, cid=3963, SUCCESS, logIndex=6549, commits[85302df8-7a7f-4077-a053-c26dc3d3d65a:c6551]
2019-06-13 22:54:03,703 INFO  client.GrpcClientProtocolClient (GrpcClientProtocolClient.java:onNext(254)) - client-C82EA620EB9B->85302df8-7a7f-4077-a053-c26dc3d3d65a: receive RaftClientReply:client-C82EA620EB9B->85302df8-7a7f-4077-a053-c26dc3d3d65a@group-4701ABA8D7D0, cid=3964, SUCCESS, logIndex=6550, commits[85302df8-7a7f-4077-a053-c26dc3d3d65a:c6551]
2019-06-13 22:54:03,708 INFO  client.GrpcClientProtocolClient (GrpcClientProtocolClient.java:onNext(254)) - client-C82EA620EB9B->85302df8-7a7f-4077-a053-c26dc3d3d65a: receive RaftClientReply:client-C82EA620EB9B->85302df8-7a7f-4077-a053-c26dc3d3d65a@group-4701ABA8D7D0, cid=3965, SUCCESS, logIndex=6552, commits[85302df8-7a7f-4077-a053-c26dc3d3d65a:c6552]
2019-06-13 22:54:03,709 INFO  client.GrpcClientProtocolClient (GrpcClientProtocolClient.java:onNext(254)) - client-C82EA620EB9B->85302df8-7a7f-4077-a053-c26dc3d3d65a: receive RaftClientReply:client-C82EA620EB9B->85302df8-7a7f-4077-a053-c26dc3d3d65a@group-4701ABA8D7D0, cid=3966, SUCCESS, logIndex=6554, commits[85302df8-7a7f-4077-a053-c26dc3d3d65a:c6554]
2019-06-13 22:54:03,711 INFO  client.GrpcClientProtocolClient (GrpcClientProtocolClient.java:onNext(254)) - client-C82EA620EB9B->85302df8-7a7f-4077-a053-c26dc3d3d65a: receive RaftClientReply:client-C82EA620EB9B->85302df8-7a7f-4077-a053-c26dc3d3d65a@group-4701ABA8D7D0, cid=3967, SUCCESS, logIndex=6555, commits[85302df8-7a7f-4077-a053-c26dc3d3d65a:c6557]
2019-06-13 22:54:03,711 INFO  client.GrpcClientProtocolClient (GrpcClientProtocolClient.java:onNext(254)) - client-C82EA620EB9B->85302df8-7a7f-4077-a053-c26dc3d3d65a: receive RaftClientReply:client-C82EA620EB9B->85302df8-7a7f-4077-a053-c26dc3d3d65a@group-4701ABA8D7D0, cid=3968, SUCCESS, logIndex=6556, commits[85302df8-7a7f-4077-a053-c26dc3d3d65a:c6557]
2019-06-13 22:54:03,721 INFO  client.GrpcClientProtocolClient (GrpcClientProtocolClient.java:onNext(254)) - client-C82EA620EB9B->85302df8-7a7f-4077-a053-c26dc3d3d65a: receive RaftClientReply:client-C82EA620EB9B->85302df8-7a7f-4077-a053-c26dc3d3d65a@group-4701ABA8D7D0, cid=3969, SUCCESS, logIndex=6558, commits[85302df8-7a7f-4077-a053-c26dc3d3d65a:c6558]
2019-06-13 22:54:03,722 INFO  client.GrpcClientProtocolClient (GrpcClientProtocolClient.java:onNext(254)) - client-C82EA620EB9B->85302df8-7a7f-4077-a053-c26dc3d3d65a: receive RaftClientReply:client-C82EA620EB9B->85302df8-7a7f-4077-a053-c26dc3d3d65a@group-4701ABA8D7D0, cid=3970, SUCCESS, logIndex=6560, commits[85302df8-7a7f-4077-a053-c26dc3d3d65a:c6560]
2019-06-13 22:54:03,723 INFO  client.GrpcClientProtocolClient (GrpcClientProtocolClient.java:onNext(254)) - client-C82EA620EB9B->85302df8-7a7f-4077-a053-c26dc3d3d65a: receive RaftClientReply:client-C82EA620EB9B->85302df8-7a7f-4077-a053-c26dc3d3d65a@group-4701ABA8D7D0, cid=3971, SUCCESS, logIndex=6561, commits[85302df8-7a7f-4077-a053-c26dc3d3d65a:c6563]
2019-06-13 22:54:03,723 INFO  client.GrpcClientProtocolClient (GrpcClientProtocolClient.java:onNext(254)) - client-C82EA620EB9B->85302df8-7a7f-4077-a053-c26dc3d3d65a: receive RaftClientReply:client-C82EA620EB9B->85302df8-7a7f-4077-a053-c26dc3d3d65a@group-4701ABA8D7D0, cid=3972, SUCCESS, logIndex=6562, commits[85302df8-7a7f-4077-a053-c26dc3d3d65a:c6563]
2019-06-13 22:54:03,728 INFO  client.GrpcClientProtocolClient (GrpcClientProtocolClient.java:onNext(254)) - client-C82EA620EB9B->85302df8-7a7f-4077-a053-c26dc3d3d65a: receive RaftClientReply:client-C82EA620EB9B->85302df8-7a7f-4077-a053-c26dc3d3d65a@group-4701ABA8D7D0, cid=3973, SUCCESS, logIndex=6564, commits[85302df8-7a7f-4077-a053-c26dc3d3d65a:c6564]
2019-06-13 22:54:03,730 INFO  client.GrpcClientProtocolClient (GrpcClientProtocolClient.java:onNext(254)) - client-C82EA620EB9B->85302df8-7a7f-4077-a053-c26dc3d3d65a: receive RaftClientReply:client-C82EA620EB9B->85302df8-7a7f-4077-a053-c26dc3d3d65a@group-4701ABA8D7D0, cid=3974, SUCCESS, logIndex=6566, commits[85302df8-7a7f-4077-a053-c26dc3d3d65a:c6566]
2019-06-13 22:54:03,731 INFO  client.GrpcClientProtocolClient (GrpcClientProtocolClient.java:onNext(254)) - client-C82EA620EB9B->85302df8-7a7f-4077-a053-c26dc3d3d65a: receive RaftClientReply:client-C82EA620EB9B->85302df8-7a7f-4077-a053-c26dc3d3d65a@group-4701ABA8D7D0, cid=3975, SUCCESS, logIndex=6567, commits[85302df8-7a7f-4077-a053-c26dc3d3d65a:c6569]
2019-06-13 22:54:03,731 INFO  client.GrpcClientProtocolClient (GrpcClientProtocolClient.java:onNext(254)) - client-C82EA620EB9B->85302df8-7a7f-4077-a053-c26dc3d3d65a: receive RaftClientReply:client-C82EA620EB9B->85302df8-7a7f-4077-a053-c26dc3d3d65a@group-4701ABA8D7D0, cid=3976, SUCCESS, logIndex=6568, commits[85302df8-7a7f-4077-a053-c26dc3d3d65a:c6569]
2019-06-13 22:54:03,742 INFO  client.GrpcClientProtocolClient (GrpcClientProtocolClient.java:onNext(254)) - client-C82EA620EB9B->85302df8-7a7f-4077-a053-c26dc3d3d65a: receive RaftClientReply:client-C82EA620EB9B->85302df8-7a7f-4077-a053-c26dc3d3d65a@group-4701ABA8D7D0, cid=3977, SUCCESS, logIndex=6570, commits[85302df8-7a7f-4077-a053-c26dc3d3d65a:c6570]
2019-06-13 22:54:03,744 INFO  client.GrpcClientProtocolClient (GrpcClientProtocolClient.java:onNext(254)) - client-C82EA620EB9B->85302df8-7a7f-4077-a053-c26dc3d3d65a: receive RaftClientReply:client-C82EA620EB9B->85302df8-7a7f-4077-a053-c26dc3d3d65a@group-4701ABA8D7D0, cid=3978, SUCCESS, logIndex=6572, commits[85302df8-7a7f-4077-a053-c26dc3d3d65a:c6572]
2019-06-13 22:54:03,764 DEBUG block.SCMBlockDeletingService (SCMBlockDeletingService.java:call(138)) - Running DeletedBlockTransactionScanner
2019-06-13 22:54:03,764 DEBUG block.SCMBlockDeletingService (SCMBlockDeletingService.java:call(155)) - Scanned deleted blocks log and got 0 delTX to process.
2019-06-13 22:54:03,812 INFO  client.GrpcClientProtocolClient (GrpcClientProtocolClient.java:onNext(254)) - client-C82EA620EB9B->85302df8-7a7f-4077-a053-c26dc3d3d65a: receive RaftClientReply:client-C82EA620EB9B->85302df8-7a7f-4077-a053-c26dc3d3d65a@group-4701ABA8D7D0, cid=3979, SUCCESS, logIndex=6574, commits[85302df8-7a7f-4077-a053-c26dc3d3d65a:c6574]
2019-06-13 22:54:03,813 INFO  client.GrpcClientProtocolClient (GrpcClientProtocolClient.java:onNext(254)) - client-C82EA620EB9B->85302df8-7a7f-4077-a053-c26dc3d3d65a: receive RaftClientReply:client-C82EA620EB9B->85302df8-7a7f-4077-a053-c26dc3d3d65a@group-4701ABA8D7D0, cid=3980, SUCCESS, logIndex=6576, commits[85302df8-7a7f-4077-a053-c26dc3d3d65a:c6576]
2019-06-13 22:54:03,818 INFO  client.GrpcClientProtocolClient (GrpcClientProtocolClient.java:onNext(254)) - client-C82EA620EB9B->85302df8-7a7f-4077-a053-c26dc3d3d65a: receive RaftClientReply:client-C82EA620EB9B->85302df8-7a7f-4077-a053-c26dc3d3d65a@group-4701ABA8D7D0, cid=3981, SUCCESS, logIndex=6578, commits[85302df8-7a7f-4077-a053-c26dc3d3d65a:c6578]
2019-06-13 22:54:03,819 INFO  client.GrpcClientProtocolClient (GrpcClientProtocolClient.java:onNext(254)) - client-C82EA620EB9B->85302df8-7a7f-4077-a053-c26dc3d3d65a: receive RaftClientReply:client-C82EA620EB9B->85302df8-7a7f-4077-a053-c26dc3d3d65a@group-4701ABA8D7D0, cid=3982, SUCCESS, logIndex=6580, commits[85302df8-7a7f-4077-a053-c26dc3d3d65a:c6580]
2019-06-13 22:54:03,820 INFO  client.GrpcClientProtocolClient (GrpcClientProtocolClient.java:onNext(254)) - client-C82EA620EB9B->85302df8-7a7f-4077-a053-c26dc3d3d65a: receive RaftClientReply:client-C82EA620EB9B->85302df8-7a7f-4077-a053-c26dc3d3d65a@group-4701ABA8D7D0, cid=3983, SUCCESS, logIndex=6581, commits[85302df8-7a7f-4077-a053-c26dc3d3d65a:c6583]
2019-06-13 22:54:03,821 INFO  client.GrpcClientProtocolClient (GrpcClientProtocolClient.java:onNext(254)) - client-C82EA620EB9B->85302df8-7a7f-4077-a053-c26dc3d3d65a: receive RaftClientReply:client-C82EA620EB9B->85302df8-7a7f-4077-a053-c26dc3d3d65a@group-4701ABA8D7D0, cid=3984, SUCCESS, logIndex=6582, commits[85302df8-7a7f-4077-a053-c26dc3d3d65a:c6583]
2019-06-13 22:54:03,831 INFO  client.GrpcClientProtocolClient (GrpcClientProtocolClient.java:onNext(254)) - client-C82EA620EB9B->85302df8-7a7f-4077-a053-c26dc3d3d65a: receive RaftClientReply:client-C82EA620EB9B->85302df8-7a7f-4077-a053-c26dc3d3d65a@group-4701ABA8D7D0, cid=3985, SUCCESS, logIndex=6584, commits[85302df8-7a7f-4077-a053-c26dc3d3d65a:c6584]
2019-06-13 22:54:03,833 INFO  client.GrpcClientProtocolClient (GrpcClientProtocolClient.java:onNext(254)) - client-C82EA620EB9B->85302df8-7a7f-4077-a053-c26dc3d3d65a: receive RaftClientReply:client-C82EA620EB9B->85302df8-7a7f-4077-a053-c26dc3d3d65a@group-4701ABA8D7D0, cid=3986, SUCCESS, logIndex=6586, commits[85302df8-7a7f-4077-a053-c26dc3d3d65a:c6586]
2019-06-13 22:54:03,833 INFO  client.GrpcClientProtocolClient (GrpcClientProtocolClient.java:onNext(254)) - client-C82EA620EB9B->85302df8-7a7f-4077-a053-c26dc3d3d65a: receive RaftClientReply:client-C82EA620EB9B->85302df8-7a7f-4077-a053-c26dc3d3d65a@group-4701ABA8D7D0, cid=3987, SUCCESS, logIndex=6587, commits[85302df8-7a7f-4077-a053-c26dc3d3d65a:c6587]
2019-06-13 22:54:03,834 INFO  client.GrpcClientProtocolClient (GrpcClientProtocolClient.java:onNext(254)) - client-C82EA620EB9B->85302df8-7a7f-4077-a053-c26dc3d3d65a: receive RaftClientReply:client-C82EA620EB9B->85302df8-7a7f-4077-a053-c26dc3d3d65a@group-4701ABA8D7D0, cid=3988, SUCCESS, logIndex=6589, commits[85302df8-7a7f-4077-a053-c26dc3d3d65a:c6589]
2019-06-13 22:54:03,839 INFO  client.GrpcClientProtocolClient (GrpcClientProtocolClient.java:onNext(254)) - client-C82EA620EB9B->85302df8-7a7f-4077-a053-c26dc3d3d65a: receive RaftClientReply:client-C82EA620EB9B->85302df8-7a7f-4077-a053-c26dc3d3d65a@group-4701ABA8D7D0, cid=3989, SUCCESS, logIndex=6592, commits[85302df8-7a7f-4077-a053-c26dc3d3d65a:c6592]
2019-06-13 22:54:03,841 INFO  client.GrpcClientProtocolClient (GrpcClientProtocolClient.java:onNext(254)) - client-C82EA620EB9B->85302df8-7a7f-4077-a053-c26dc3d3d65a: receive RaftClientReply:client-C82EA620EB9B->85302df8-7a7f-4077-a053-c26dc3d3d65a@group-4701ABA8D7D0, cid=3990, SUCCESS, logIndex=6594, commits[85302df8-7a7f-4077-a053-c26dc3d3d65a:c6594]
2019-06-13 22:54:03,842 INFO  client.GrpcClientProtocolClient (GrpcClientProtocolClient.java:onNext(254)) - client-C82EA620EB9B->85302df8-7a7f-4077-a053-c26dc3d3d65a: receive RaftClientReply:client-C82EA620EB9B->85302df8-7a7f-4077-a053-c26dc3d3d65a@group-4701ABA8D7D0, cid=3991, SUCCESS, logIndex=6595, commits[85302df8-7a7f-4077-a053-c26dc3d3d65a:c6597]
2019-06-13 22:54:03,842 INFO  client.GrpcClientProtocolClient (GrpcClientProtocolClient.java:onNext(254)) - client-C82EA620EB9B->85302df8-7a7f-4077-a053-c26dc3d3d65a: receive RaftClientReply:client-C82EA620EB9B->85302df8-7a7f-4077-a053-c26dc3d3d65a@group-4701ABA8D7D0, cid=3992, SUCCESS, logIndex=6596, commits[85302df8-7a7f-4077-a053-c26dc3d3d65a:c6597]
2019-06-13 22:54:03,853 INFO  client.GrpcClientProtocolClient (GrpcClientProtocolClient.java:onNext(254)) - client-C82EA620EB9B->85302df8-7a7f-4077-a053-c26dc3d3d65a: receive RaftClientReply:client-C82EA620EB9B->85302df8-7a7f-4077-a053-c26dc3d3d65a@group-4701ABA8D7D0, cid=3993, SUCCESS, logIndex=6598, commits[85302df8-7a7f-4077-a053-c26dc3d3d65a:c6598]
2019-06-13 22:54:03,854 INFO  client.GrpcClientProtocolClient (GrpcClientProtocolClient.java:onNext(254)) - client-C82EA620EB9B->85302df8-7a7f-4077-a053-c26dc3d3d65a: receive RaftClientReply:client-C82EA620EB9B->85302df8-7a7f-4077-a053-c26dc3d3d65a@group-4701ABA8D7D0, cid=3994, SUCCESS, logIndex=6600, commits[85302df8-7a7f-4077-a053-c26dc3d3d65a:c6600]
2019-06-13 22:54:03,855 INFO  client.GrpcClientProtocolClient (GrpcClientProtocolClient.java:onNext(254)) - client-C82EA620EB9B->85302df8-7a7f-4077-a053-c26dc3d3d65a: receive RaftClientReply:client-C82EA620EB9B->85302df8-7a7f-4077-a053-c26dc3d3d65a@group-4701ABA8D7D0, cid=3995, SUCCESS, logIndex=6601, commits[85302df8-7a7f-4077-a053-c26dc3d3d65a:c6603]
2019-06-13 22:54:03,856 INFO  client.GrpcClientProtocolClient (GrpcClientProtocolClient.java:onNext(254)) - client-C82EA620EB9B->85302df8-7a7f-4077-a053-c26dc3d3d65a: receive RaftClientReply:client-C82EA620EB9B->85302df8-7a7f-4077-a053-c26dc3d3d65a@group-4701ABA8D7D0, cid=3996, SUCCESS, logIndex=6602, commits[85302df8-7a7f-4077-a053-c26dc3d3d65a:c6603]
2019-06-13 22:54:03,864 INFO  client.GrpcClientProtocolClient (GrpcClientProtocolClient.java:onNext(254)) - client-C82EA620EB9B->85302df8-7a7f-4077-a053-c26dc3d3d65a: receive RaftClientReply:client-C82EA620EB9B->85302df8-7a7f-4077-a053-c26dc3d3d65a@group-4701ABA8D7D0, cid=3997, SUCCESS, logIndex=6604, commits[85302df8-7a7f-4077-a053-c26dc3d3d65a:c6604]
2019-06-13 22:54:03,864 INFO  storage.RaftLogWorker (RaftLogWorker.java:rollLogSegment(303)) - 85302df8-7a7f-4077-a053-c26dc3d3d65a-RaftLogWorker: Rolling segment log-6537_6605 to index:6605
2019-06-13 22:54:03,864 DEBUG block.SCMBlockDeletingService (SCMBlockDeletingService.java:call(138)) - Running DeletedBlockTransactionScanner
2019-06-13 22:54:03,865 DEBUG block.SCMBlockDeletingService (SCMBlockDeletingService.java:call(155)) - Scanned deleted blocks log and got 0 delTX to process.
2019-06-13 22:54:03,865 INFO  storage.RaftLogWorker (RaftLogWorker.java:execute(433)) - 85302df8-7a7f-4077-a053-c26dc3d3d65a-RaftLogWorker: Rolled log segment from /opt/src/hadoop-ozone/integration-test/target/test-dir/MiniOzoneClusterImpl-550f9ca0-a6d9-4a4a-902f-f07ac81eac7b/datanode-0/data/ratis/5ad10fc2-5a33-4bdd-8958-4701aba8d7d0/current/log_inprogress_6537 to /opt/src/hadoop-ozone/integration-test/target/test-dir/MiniOzoneClusterImpl-550f9ca0-a6d9-4a4a-902f-f07ac81eac7b/datanode-0/data/ratis/5ad10fc2-5a33-4bdd-8958-4701aba8d7d0/current/log_6537-6605
2019-06-13 22:54:03,902 INFO  storage.RaftLogWorker (RaftLogWorker.java:execute(469)) - 85302df8-7a7f-4077-a053-c26dc3d3d65a-RaftLogWorker: created new log segment /opt/src/hadoop-ozone/integration-test/target/test-dir/MiniOzoneClusterImpl-550f9ca0-a6d9-4a4a-902f-f07ac81eac7b/datanode-0/data/ratis/5ad10fc2-5a33-4bdd-8958-4701aba8d7d0/current/log_inprogress_6606
2019-06-13 22:54:03,903 INFO  client.GrpcClientProtocolClient (GrpcClientProtocolClient.java:onNext(254)) - client-C82EA620EB9B->85302df8-7a7f-4077-a053-c26dc3d3d65a: receive RaftClientReply:client-C82EA620EB9B->85302df8-7a7f-4077-a053-c26dc3d3d65a@group-4701ABA8D7D0, cid=3998, SUCCESS, logIndex=6606, commits[85302df8-7a7f-4077-a053-c26dc3d3d65a:c6608]
2019-06-13 22:54:03,904 INFO  client.GrpcClientProtocolClient (GrpcClientProtocolClient.java:onNext(254)) - client-C82EA620EB9B->85302df8-7a7f-4077-a053-c26dc3d3d65a: receive RaftClientReply:client-C82EA620EB9B->85302df8-7a7f-4077-a053-c26dc3d3d65a@group-4701ABA8D7D0, cid=3999, SUCCESS, logIndex=6607, commits[85302df8-7a7f-4077-a053-c26dc3d3d65a:c6609]
2019-06-13 22:54:03,904 INFO  client.GrpcClientProtocolClient (GrpcClientProtocolClient.java:onNext(254)) - client-C82EA620EB9B->85302df8-7a7f-4077-a053-c26dc3d3d65a: receive RaftClientReply:client-C82EA620EB9B->85302df8-7a7f-4077-a053-c26dc3d3d65a@group-4701ABA8D7D0, cid=4000, SUCCESS, logIndex=6608, commits[85302df8-7a7f-4077-a053-c26dc3d3d65a:c6609]
2019-06-13 22:54:03,916 INFO  client.GrpcClientProtocolClient (GrpcClientProtocolClient.java:onNext(254)) - client-C82EA620EB9B->85302df8-7a7f-4077-a053-c26dc3d3d65a: receive RaftClientReply:client-C82EA620EB9B->85302df8-7a7f-4077-a053-c26dc3d3d65a@group-4701ABA8D7D0, cid=4001, SUCCESS, logIndex=6610, commits[85302df8-7a7f-4077-a053-c26dc3d3d65a:c6610]
2019-06-13 22:54:03,917 INFO  client.GrpcClientProtocolClient (GrpcClientProtocolClient.java:onNext(254)) - client-C82EA620EB9B->85302df8-7a7f-4077-a053-c26dc3d3d65a: receive RaftClientReply:client-C82EA620EB9B->85302df8-7a7f-4077-a053-c26dc3d3d65a@group-4701ABA8D7D0, cid=4002, SUCCESS, logIndex=6612, commits[85302df8-7a7f-4077-a053-c26dc3d3d65a:c6612]
2019-06-13 22:54:03,918 INFO  client.GrpcClientProtocolClient (GrpcClientProtocolClient.java:onNext(254)) - client-C82EA620EB9B->85302df8-7a7f-4077-a053-c26dc3d3d65a: receive RaftClientReply:client-C82EA620EB9B->85302df8-7a7f-4077-a053-c26dc3d3d65a@group-4701ABA8D7D0, cid=4003, SUCCESS, logIndex=6613, commits[85302df8-7a7f-4077-a053-c26dc3d3d65a:c6615]
2019-06-13 22:54:03,918 INFO  client.GrpcClientProtocolClient (GrpcClientProtocolClient.java:onNext(254)) - client-C82EA620EB9B->85302df8-7a7f-4077-a053-c26dc3d3d65a: receive RaftClientReply:client-C82EA620EB9B->85302df8-7a7f-4077-a053-c26dc3d3d65a@group-4701ABA8D7D0, cid=4004, SUCCESS, logIndex=6614, commits[85302df8-7a7f-4077-a053-c26dc3d3d65a:c6615]
2019-06-13 22:54:03,924 INFO  client.GrpcClientProtocolClient (GrpcClientProtocolClient.java:onNext(254)) - client-C82EA620EB9B->85302df8-7a7f-4077-a053-c26dc3d3d65a: receive RaftClientReply:client-C82EA620EB9B->85302df8-7a7f-4077-a053-c26dc3d3d65a@group-4701ABA8D7D0, cid=4005, SUCCESS, logIndex=6616, commits[85302df8-7a7f-4077-a053-c26dc3d3d65a:c6616]
2019-06-13 22:54:03,925 INFO  client.GrpcClientProtocolClient (GrpcClientProtocolClient.java:onNext(254)) - client-C82EA620EB9B->85302df8-7a7f-4077-a053-c26dc3d3d65a: receive RaftClientReply:client-C82EA620EB9B->85302df8-7a7f-4077-a053-c26dc3d3d65a@group-4701ABA8D7D0, cid=4006, SUCCESS, logIndex=6618, commits[85302df8-7a7f-4077-a053-c26dc3d3d65a:c6618]
2019-06-13 22:54:03,926 INFO  client.GrpcClientProtocolClient (GrpcClientProtocolClient.java:onNext(254)) - client-C82EA620EB9B->85302df8-7a7f-4077-a053-c26dc3d3d65a: receive RaftClientReply:client-C82EA620EB9B->85302df8-7a7f-4077-a053-c26dc3d3d65a@group-4701ABA8D7D0, cid=4007, SUCCESS, logIndex=6619, commits[85302df8-7a7f-4077-a053-c26dc3d3d65a:c6621]
2019-06-13 22:54:03,926 INFO  client.GrpcClientProtocolClient (GrpcClientProtocolClient.java:onNext(254)) - client-C82EA620EB9B->85302df8-7a7f-4077-a053-c26dc3d3d65a: receive RaftClientReply:client-C82EA620EB9B->85302df8-7a7f-4077-a053-c26dc3d3d65a@group-4701ABA8D7D0, cid=4008, SUCCESS, logIndex=6620, commits[85302df8-7a7f-4077-a053-c26dc3d3d65a:c6621]
2019-06-13 22:54:03,937 INFO  client.GrpcClientProtocolClient (GrpcClientProtocolClient.java:onNext(254)) - client-C82EA620EB9B->85302df8-7a7f-4077-a053-c26dc3d3d65a: receive RaftClientReply:client-C82EA620EB9B->85302df8-7a7f-4077-a053-c26dc3d3d65a@group-4701ABA8D7D0, cid=4009, SUCCESS, logIndex=6622, commits[85302df8-7a7f-4077-a053-c26dc3d3d65a:c6622]
2019-06-13 22:54:03,939 INFO  client.GrpcClientProtocolClient (GrpcClientProtocolClient.java:onNext(254)) - client-C82EA620EB9B->85302df8-7a7f-4077-a053-c26dc3d3d65a: receive RaftClientReply:client-C82EA620EB9B->85302df8-7a7f-4077-a053-c26dc3d3d65a@group-4701ABA8D7D0, cid=4010, SUCCESS, logIndex=6624, commits[85302df8-7a7f-4077-a053-c26dc3d3d65a:c6624]
2019-06-13 22:54:03,939 INFO  client.GrpcClientProtocolClient (GrpcClientProtocolClient.java:onNext(254)) - client-C82EA620EB9B->85302df8-7a7f-4077-a053-c26dc3d3d65a: receive RaftClientReply:client-C82EA620EB9B->85302df8-7a7f-4077-a053-c26dc3d3d65a@group-4701ABA8D7D0, cid=4011, SUCCESS, logIndex=6625, commits[85302df8-7a7f-4077-a053-c26dc3d3d65a:c6627]
2019-06-13 22:54:03,939 INFO  client.GrpcClientProtocolClient (GrpcClientProtocolClient.java:onNext(254)) - client-C82EA620EB9B->85302df8-7a7f-4077-a053-c26dc3d3d65a: receive RaftClientReply:client-C82EA620EB9B->85302df8-7a7f-4077-a053-c26dc3d3d65a@group-4701ABA8D7D0, cid=4012, SUCCESS, logIndex=6626, commits[85302df8-7a7f-4077-a053-c26dc3d3d65a:c6627]
2019-06-13 22:54:03,945 INFO  client.GrpcClientProtocolClient (GrpcClientProtocolClient.java:onNext(254)) - client-C82EA620EB9B->85302df8-7a7f-4077-a053-c26dc3d3d65a: receive RaftClientReply:client-C82EA620EB9B->85302df8-7a7f-4077-a053-c26dc3d3d65a@group-4701ABA8D7D0, cid=4013, SUCCESS, logIndex=6628, commits[85302df8-7a7f-4077-a053-c26dc3d3d65a:c6628]
2019-06-13 22:54:03,946 INFO  client.GrpcClientProtocolClient (GrpcClientProtocolClient.java:onNext(254)) - client-C82EA620EB9B->85302df8-7a7f-4077-a053-c26dc3d3d65a: receive RaftClientReply:client-C82EA620EB9B->85302df8-7a7f-4077-a053-c26dc3d3d65a@group-4701ABA8D7D0, cid=4014, SUCCESS, logIndex=6630, commits[85302df8-7a7f-4077-a053-c26dc3d3d65a:c6630]
2019-06-13 22:54:03,947 INFO  client.GrpcClientProtocolClient (GrpcClientProtocolClient.java:onNext(254)) - client-C82EA620EB9B->85302df8-7a7f-4077-a053-c26dc3d3d65a: receive RaftClientReply:client-C82EA620EB9B->85302df8-7a7f-4077-a053-c26dc3d3d65a@group-4701ABA8D7D0, cid=4015, SUCCESS, logIndex=6631, commits[85302df8-7a7f-4077-a053-c26dc3d3d65a:c6633]
2019-06-13 22:54:03,947 INFO  client.GrpcClientProtocolClient (GrpcClientProtocolClient.java:onNext(254)) - client-C82EA620EB9B->85302df8-7a7f-4077-a053-c26dc3d3d65a: receive RaftClientReply:client-C82EA620EB9B->85302df8-7a7f-4077-a053-c26dc3d3d65a@group-4701ABA8D7D0, cid=4016, SUCCESS, logIndex=6632, commits[85302df8-7a7f-4077-a053-c26dc3d3d65a:c6633]
2019-06-13 22:54:03,962 INFO  client.GrpcClientProtocolClient (GrpcClientProtocolClient.java:onNext(254)) - client-C82EA620EB9B->85302df8-7a7f-4077-a053-c26dc3d3d65a: receive RaftClientReply:client-C82EA620EB9B->85302df8-7a7f-4077-a053-c26dc3d3d65a@group-4701ABA8D7D0, cid=4017, SUCCESS, logIndex=6634, commits[85302df8-7a7f-4077-a053-c26dc3d3d65a:c6634]
2019-06-13 22:54:03,963 INFO  client.GrpcClientProtocolClient (GrpcClientProtocolClient.java:onNext(254)) - client-C82EA620EB9B->85302df8-7a7f-4077-a053-c26dc3d3d65a: receive RaftClientReply:client-C82EA620EB9B->85302df8-7a7f-4077-a053-c26dc3d3d65a@group-4701ABA8D7D0, cid=4018, SUCCESS, logIndex=6636, commits[85302df8-7a7f-4077-a053-c26dc3d3d65a:c6636]
2019-06-13 22:54:03,964 INFO  client.GrpcClientProtocolClient (GrpcClientProtocolClient.java:onNext(254)) - client-C82EA620EB9B->85302df8-7a7f-4077-a053-c26dc3d3d65a: receive RaftClientReply:client-C82EA620EB9B->85302df8-7a7f-4077-a053-c26dc3d3d65a@group-4701ABA8D7D0, cid=4019, SUCCESS, logIndex=6637, commits[85302df8-7a7f-4077-a053-c26dc3d3d65a:c6639]
2019-06-13 22:54:03,964 INFO  client.GrpcClientProtocolClient (GrpcClientProtocolClient.java:onNext(254)) - client-C82EA620EB9B->85302df8-7a7f-4077-a053-c26dc3d3d65a: receive RaftClientReply:client-C82EA620EB9B->85302df8-7a7f-4077-a053-c26dc3d3d65a@group-4701ABA8D7D0, cid=4020, SUCCESS, logIndex=6638, commits[85302df8-7a7f-4077-a053-c26dc3d3d65a:c6639]
2019-06-13 22:54:03,965 DEBUG block.SCMBlockDeletingService (SCMBlockDeletingService.java:call(138)) - Running DeletedBlockTransactionScanner
2019-06-13 22:54:03,965 DEBUG block.SCMBlockDeletingService (SCMBlockDeletingService.java:call(155)) - Scanned deleted blocks log and got 0 delTX to process.
2019-06-13 22:54:03,970 INFO  client.GrpcClientProtocolClient (GrpcClientProtocolClient.java:onNext(254)) - client-C82EA620EB9B->85302df8-7a7f-4077-a053-c26dc3d3d65a: receive RaftClientReply:client-C82EA620EB9B->85302df8-7a7f-4077-a053-c26dc3d3d65a@group-4701ABA8D7D0, cid=4021, SUCCESS, logIndex=6640, commits[85302df8-7a7f-4077-a053-c26dc3d3d65a:c6640]
2019-06-13 22:54:03,971 INFO  client.GrpcClientProtocolClient (GrpcClientProtocolClient.java:onNext(254)) - client-C82EA620EB9B->85302df8-7a7f-4077-a053-c26dc3d3d65a: receive RaftClientReply:client-C82EA620EB9B->85302df8-7a7f-4077-a053-c26dc3d3d65a@group-4701ABA8D7D0, cid=4022, SUCCESS, logIndex=6642, commits[85302df8-7a7f-4077-a053-c26dc3d3d65a:c6642]
2019-06-13 22:54:04,068 DEBUG block.SCMBlockDeletingService (SCMBlockDeletingService.java:call(138)) - Running DeletedBlockTransactionScanner
2019-06-13 22:54:04,068 DEBUG block.SCMBlockDeletingService (SCMBlockDeletingService.java:call(155)) - Scanned deleted blocks log and got 0 delTX to process.
2019-06-13 22:54:04,077 INFO  client.GrpcClientProtocolClient (GrpcClientProtocolClient.java:onNext(254)) - client-C82EA620EB9B->85302df8-7a7f-4077-a053-c26dc3d3d65a: receive RaftClientReply:client-C82EA620EB9B->85302df8-7a7f-4077-a053-c26dc3d3d65a@group-4701ABA8D7D0, cid=4023, SUCCESS, logIndex=6644, commits[85302df8-7a7f-4077-a053-c26dc3d3d65a:c6644]
2019-06-13 22:54:04,078 INFO  client.GrpcClientProtocolClient (GrpcClientProtocolClient.java:onNext(254)) - client-C82EA620EB9B->85302df8-7a7f-4077-a053-c26dc3d3d65a: receive RaftClientReply:client-C82EA620EB9B->85302df8-7a7f-4077-a053-c26dc3d3d65a@group-4701ABA8D7D0, cid=4024, SUCCESS, logIndex=6646, commits[85302df8-7a7f-4077-a053-c26dc3d3d65a:c6646]
2019-06-13 22:54:04,089 INFO  client.GrpcClientProtocolClient (GrpcClientProtocolClient.java:onNext(254)) - client-C82EA620EB9B->85302df8-7a7f-4077-a053-c26dc3d3d65a: receive RaftClientReply:client-C82EA620EB9B->85302df8-7a7f-4077-a053-c26dc3d3d65a@group-4701ABA8D7D0, cid=4025, SUCCESS, logIndex=6648, commits[85302df8-7a7f-4077-a053-c26dc3d3d65a:c6648]
2019-06-13 22:54:04,090 INFO  client.GrpcClientProtocolClient (GrpcClientProtocolClient.java:onNext(254)) - client-C82EA620EB9B->85302df8-7a7f-4077-a053-c26dc3d3d65a: receive RaftClientReply:client-C82EA620EB9B->85302df8-7a7f-4077-a053-c26dc3d3d65a@group-4701ABA8D7D0, cid=4026, SUCCESS, logIndex=6650, commits[85302df8-7a7f-4077-a053-c26dc3d3d65a:c6650]
2019-06-13 22:54:04,091 INFO  client.GrpcClientProtocolClient (GrpcClientProtocolClient.java:onNext(254)) - client-C82EA620EB9B->85302df8-7a7f-4077-a053-c26dc3d3d65a: receive RaftClientReply:client-C82EA620EB9B->85302df8-7a7f-4077-a053-c26dc3d3d65a@group-4701ABA8D7D0, cid=4027, SUCCESS, logIndex=6651, commits[85302df8-7a7f-4077-a053-c26dc3d3d65a:c6653]
2019-06-13 22:54:04,092 INFO  client.GrpcClientProtocolClient (GrpcClientProtocolClient.java:onNext(254)) - client-C82EA620EB9B->85302df8-7a7f-4077-a053-c26dc3d3d65a: receive RaftClientReply:client-C82EA620EB9B->85302df8-7a7f-4077-a053-c26dc3d3d65a@group-4701ABA8D7D0, cid=4028, SUCCESS, logIndex=6652, commits[85302df8-7a7f-4077-a053-c26dc3d3d65a:c6653]
2019-06-13 22:54:04,097 INFO  client.GrpcClientProtocolClient (GrpcClientProtocolClient.java:onNext(254)) - client-C82EA620EB9B->85302df8-7a7f-4077-a053-c26dc3d3d65a: receive RaftClientReply:client-C82EA620EB9B->85302df8-7a7f-4077-a053-c26dc3d3d65a@group-4701ABA8D7D0, cid=4029, SUCCESS, logIndex=6654, commits[85302df8-7a7f-4077-a053-c26dc3d3d65a:c6654]
2019-06-13 22:54:04,098 INFO  client.GrpcClientProtocolClient (GrpcClientProtocolClient.java:onNext(254)) - client-C82EA620EB9B->85302df8-7a7f-4077-a053-c26dc3d3d65a: receive RaftClientReply:client-C82EA620EB9B->85302df8-7a7f-4077-a053-c26dc3d3d65a@group-4701ABA8D7D0, cid=4030, SUCCESS, logIndex=6656, commits[85302df8-7a7f-4077-a053-c26dc3d3d65a:c6656]
2019-06-13 22:54:04,100 INFO  client.GrpcClientProtocolClient (GrpcClientProtocolClient.java:onNext(254)) - client-C82EA620EB9B->85302df8-7a7f-4077-a053-c26dc3d3d65a: receive RaftClientReply:client-C82EA620EB9B->85302df8-7a7f-4077-a053-c26dc3d3d65a@group-4701ABA8D7D0, cid=4031, SUCCESS, logIndex=6657, commits[85302df8-7a7f-4077-a053-c26dc3d3d65a:c6659]
2019-06-13 22:54:04,100 INFO  client.GrpcClientProtocolClient (GrpcClientProtocolClient.java:onNext(254)) - client-C82EA620EB9B->85302df8-7a7f-4077-a053-c26dc3d3d65a: receive RaftClientReply:client-C82EA620EB9B->85302df8-7a7f-4077-a053-c26dc3d3d65a@group-4701ABA8D7D0, cid=4032, SUCCESS, logIndex=6658, commits[85302df8-7a7f-4077-a053-c26dc3d3d65a:c6659]
2019-06-13 22:54:04,111 INFO  client.GrpcClientProtocolClient (GrpcClientProtocolClient.java:onNext(254)) - client-C82EA620EB9B->85302df8-7a7f-4077-a053-c26dc3d3d65a: receive RaftClientReply:client-C82EA620EB9B->85302df8-7a7f-4077-a053-c26dc3d3d65a@group-4701ABA8D7D0, cid=4033, SUCCESS, logIndex=6660, commits[85302df8-7a7f-4077-a053-c26dc3d3d65a:c6660]
2019-06-13 22:54:04,113 INFO  client.GrpcClientProtocolClient (GrpcClientProtocolClient.java:onNext(254)) - client-C82EA620EB9B->85302df8-7a7f-4077-a053-c26dc3d3d65a: receive RaftClientReply:client-C82EA620EB9B->85302df8-7a7f-4077-a053-c26dc3d3d65a@group-4701ABA8D7D0, cid=4034, SUCCESS, logIndex=6662, commits[85302df8-7a7f-4077-a053-c26dc3d3d65a:c6662]
2019-06-13 22:54:04,114 INFO  client.GrpcClientProtocolClient (GrpcClientProtocolClient.java:onNext(254)) - client-C82EA620EB9B->85302df8-7a7f-4077-a053-c26dc3d3d65a: receive RaftClientReply:client-C82EA620EB9B->85302df8-7a7f-4077-a053-c26dc3d3d65a@group-4701ABA8D7D0, cid=4035, SUCCESS, logIndex=6663, commits[85302df8-7a7f-4077-a053-c26dc3d3d65a:c6664]
2019-06-13 22:54:04,114 INFO  client.GrpcClientProtocolClient (GrpcClientProtocolClient.java:onNext(254)) - client-C82EA620EB9B->85302df8-7a7f-4077-a053-c26dc3d3d65a: receive RaftClientReply:client-C82EA620EB9B->85302df8-7a7f-4077-a053-c26dc3d3d65a@group-4701ABA8D7D0, cid=4036, SUCCESS, logIndex=6664, commits[85302df8-7a7f-4077-a053-c26dc3d3d65a:c6665]
2019-06-13 22:54:04,120 INFO  client.GrpcClientProtocolClient (GrpcClientProtocolClient.java:onNext(254)) - client-C82EA620EB9B->85302df8-7a7f-4077-a053-c26dc3d3d65a: receive RaftClientReply:client-C82EA620EB9B->85302df8-7a7f-4077-a053-c26dc3d3d65a@group-4701ABA8D7D0, cid=4037, SUCCESS, logIndex=6667, commits[85302df8-7a7f-4077-a053-c26dc3d3d65a:c6667]
2019-06-13 22:54:04,121 INFO  client.GrpcClientProtocolClient (GrpcClientProtocolClient.java:onNext(254)) - client-C82EA620EB9B->85302df8-7a7f-4077-a053-c26dc3d3d65a: receive RaftClientReply:client-C82EA620EB9B->85302df8-7a7f-4077-a053-c26dc3d3d65a@group-4701ABA8D7D0, cid=4038, SUCCESS, logIndex=6669, commits[85302df8-7a7f-4077-a053-c26dc3d3d65a:c6669]
2019-06-13 22:54:04,122 INFO  client.GrpcClientProtocolClient (GrpcClientProtocolClient.java:onNext(254)) - client-C82EA620EB9B->85302df8-7a7f-4077-a053-c26dc3d3d65a: receive RaftClientReply:client-C82EA620EB9B->85302df8-7a7f-4077-a053-c26dc3d3d65a@group-4701ABA8D7D0, cid=4039, SUCCESS, logIndex=6670, commits[85302df8-7a7f-4077-a053-c26dc3d3d65a:c6672]
2019-06-13 22:54:04,123 INFO  client.GrpcClientProtocolClient (GrpcClientProtocolClient.java:onNext(254)) - client-C82EA620EB9B->85302df8-7a7f-4077-a053-c26dc3d3d65a: receive RaftClientReply:client-C82EA620EB9B->85302df8-7a7f-4077-a053-c26dc3d3d65a@group-4701ABA8D7D0, cid=4040, SUCCESS, logIndex=6671, commits[85302df8-7a7f-4077-a053-c26dc3d3d65a:c6672]
2019-06-13 22:54:04,133 INFO  storage.RaftLogWorker (RaftLogWorker.java:rollLogSegment(303)) - 85302df8-7a7f-4077-a053-c26dc3d3d65a-RaftLogWorker: Rolling segment log-6606_6672 to index:6672
2019-06-13 22:54:04,134 INFO  storage.RaftLogWorker (RaftLogWorker.java:execute(433)) - 85302df8-7a7f-4077-a053-c26dc3d3d65a-RaftLogWorker: Rolled log segment from /opt/src/hadoop-ozone/integration-test/target/test-dir/MiniOzoneClusterImpl-550f9ca0-a6d9-4a4a-902f-f07ac81eac7b/datanode-0/data/ratis/5ad10fc2-5a33-4bdd-8958-4701aba8d7d0/current/log_inprogress_6606 to /opt/src/hadoop-ozone/integration-test/target/test-dir/MiniOzoneClusterImpl-550f9ca0-a6d9-4a4a-902f-f07ac81eac7b/datanode-0/data/ratis/5ad10fc2-5a33-4bdd-8958-4701aba8d7d0/current/log_6606-6672
2019-06-13 22:54:04,168 DEBUG block.SCMBlockDeletingService (SCMBlockDeletingService.java:call(138)) - Running DeletedBlockTransactionScanner
2019-06-13 22:54:04,168 DEBUG block.SCMBlockDeletingService (SCMBlockDeletingService.java:call(155)) - Scanned deleted blocks log and got 0 delTX to process.
2019-06-13 22:54:04,178 INFO  storage.RaftLogWorker (RaftLogWorker.java:execute(469)) - 85302df8-7a7f-4077-a053-c26dc3d3d65a-RaftLogWorker: created new log segment /opt/src/hadoop-ozone/integration-test/target/test-dir/MiniOzoneClusterImpl-550f9ca0-a6d9-4a4a-902f-f07ac81eac7b/datanode-0/data/ratis/5ad10fc2-5a33-4bdd-8958-4701aba8d7d0/current/log_inprogress_6673
2019-06-13 22:54:04,180 INFO  client.GrpcClientProtocolClient (GrpcClientProtocolClient.java:onNext(254)) - client-C82EA620EB9B->85302df8-7a7f-4077-a053-c26dc3d3d65a: receive RaftClientReply:client-C82EA620EB9B->85302df8-7a7f-4077-a053-c26dc3d3d65a@group-4701ABA8D7D0, cid=4041, SUCCESS, logIndex=6673, commits[85302df8-7a7f-4077-a053-c26dc3d3d65a:c6673]
2019-06-13 22:54:04,182 INFO  client.GrpcClientProtocolClient (GrpcClientProtocolClient.java:onNext(254)) - client-C82EA620EB9B->85302df8-7a7f-4077-a053-c26dc3d3d65a: receive RaftClientReply:client-C82EA620EB9B->85302df8-7a7f-4077-a053-c26dc3d3d65a@group-4701ABA8D7D0, cid=4042, SUCCESS, logIndex=6675, commits[85302df8-7a7f-4077-a053-c26dc3d3d65a:c6675]
2019-06-13 22:54:04,182 INFO  client.GrpcClientProtocolClient (GrpcClientProtocolClient.java:onNext(254)) - client-C82EA620EB9B->85302df8-7a7f-4077-a053-c26dc3d3d65a: receive RaftClientReply:client-C82EA620EB9B->85302df8-7a7f-4077-a053-c26dc3d3d65a@group-4701ABA8D7D0, cid=4043, SUCCESS, logIndex=6676, commits[85302df8-7a7f-4077-a053-c26dc3d3d65a:c6677]
2019-06-13 22:54:04,183 INFO  client.GrpcClientProtocolClient (GrpcClientProtocolClient.java:onNext(254)) - client-C82EA620EB9B->85302df8-7a7f-4077-a053-c26dc3d3d65a: receive RaftClientReply:client-C82EA620EB9B->85302df8-7a7f-4077-a053-c26dc3d3d65a@group-4701ABA8D7D0, cid=4044, SUCCESS, logIndex=6677, commits[85302df8-7a7f-4077-a053-c26dc3d3d65a:c6677]
2019-06-13 22:54:04,188 INFO  client.GrpcClientProtocolClient (GrpcClientProtocolClient.java:onNext(254)) - client-C82EA620EB9B->85302df8-7a7f-4077-a053-c26dc3d3d65a: receive RaftClientReply:client-C82EA620EB9B->85302df8-7a7f-4077-a053-c26dc3d3d65a@group-4701ABA8D7D0, cid=4045, SUCCESS, logIndex=6680, commits[85302df8-7a7f-4077-a053-c26dc3d3d65a:c6680]
2019-06-13 22:54:04,189 INFO  client.GrpcClientProtocolClient (GrpcClientProtocolClient.java:onNext(254)) - client-C82EA620EB9B->85302df8-7a7f-4077-a053-c26dc3d3d65a: receive RaftClientReply:client-C82EA620EB9B->85302df8-7a7f-4077-a053-c26dc3d3d65a@group-4701ABA8D7D0, cid=4046, SUCCESS, logIndex=6682, commits[85302df8-7a7f-4077-a053-c26dc3d3d65a:c6682]
2019-06-13 22:54:04,191 INFO  client.GrpcClientProtocolClient (GrpcClientProtocolClient.java:onNext(254)) - client-C82EA620EB9B->85302df8-7a7f-4077-a053-c26dc3d3d65a: receive RaftClientReply:client-C82EA620EB9B->85302df8-7a7f-4077-a053-c26dc3d3d65a@group-4701ABA8D7D0, cid=4047, SUCCESS, logIndex=6683, commits[85302df8-7a7f-4077-a053-c26dc3d3d65a:c6685]
2019-06-13 22:54:04,191 INFO  client.GrpcClientProtocolClient (GrpcClientProtocolClient.java:onNext(254)) - client-C82EA620EB9B->85302df8-7a7f-4077-a053-c26dc3d3d65a: receive RaftClientReply:client-C82EA620EB9B->85302df8-7a7f-4077-a053-c26dc3d3d65a@group-4701ABA8D7D0, cid=4048, SUCCESS, logIndex=6684, commits[85302df8-7a7f-4077-a053-c26dc3d3d65a:c6685]
2019-06-13 22:54:04,202 INFO  client.GrpcClientProtocolClient (GrpcClientProtocolClient.java:onNext(254)) - client-C82EA620EB9B->85302df8-7a7f-4077-a053-c26dc3d3d65a: receive RaftClientReply:client-C82EA620EB9B->85302df8-7a7f-4077-a053-c26dc3d3d65a@group-4701ABA8D7D0, cid=4049, SUCCESS, logIndex=6686, commits[85302df8-7a7f-4077-a053-c26dc3d3d65a:c6686]
2019-06-13 22:54:04,203 INFO  client.GrpcClientProtocolClient (GrpcClientProtocolClient.java:onNext(254)) - client-C82EA620EB9B->85302df8-7a7f-4077-a053-c26dc3d3d65a: receive RaftClientReply:client-C82EA620EB9B->85302df8-7a7f-4077-a053-c26dc3d3d65a@group-4701ABA8D7D0, cid=4050, SUCCESS, logIndex=6688, commits[85302df8-7a7f-4077-a053-c26dc3d3d65a:c6688]
2019-06-13 22:54:04,206 INFO  client.GrpcClientProtocolClient (GrpcClientProtocolClient.java:onNext(254)) - client-C82EA620EB9B->85302df8-7a7f-4077-a053-c26dc3d3d65a: receive RaftClientReply:client-C82EA620EB9B->85302df8-7a7f-4077-a053-c26dc3d3d65a@group-4701ABA8D7D0, cid=4051, SUCCESS, logIndex=6690, commits[85302df8-7a7f-4077-a053-c26dc3d3d65a:c6690]
2019-06-13 22:54:04,206 INFO  client.GrpcClientProtocolClient (GrpcClientProtocolClient.java:onNext(254)) - client-C82EA620EB9B->85302df8-7a7f-4077-a053-c26dc3d3d65a: receive RaftClientReply:client-C82EA620EB9B->85302df8-7a7f-4077-a053-c26dc3d3d65a@group-4701ABA8D7D0, cid=4052, SUCCESS, logIndex=6691, commits[85302df8-7a7f-4077-a053-c26dc3d3d65a:c6691]
2019-06-13 22:54:04,212 INFO  client.GrpcClientProtocolClient (GrpcClientProtocolClient.java:onNext(254)) - client-C82EA620EB9B->85302df8-7a7f-4077-a053-c26dc3d3d65a: receive RaftClientReply:client-C82EA620EB9B->85302df8-7a7f-4077-a053-c26dc3d3d65a@group-4701ABA8D7D0, cid=4053, SUCCESS, logIndex=6694, commits[85302df8-7a7f-4077-a053-c26dc3d3d65a:c6694]
2019-06-13 22:54:04,214 INFO  client.GrpcClientProtocolClient (GrpcClientProtocolClient.java:onNext(254)) - client-C82EA620EB9B->85302df8-7a7f-4077-a053-c26dc3d3d65a: receive RaftClientReply:client-C82EA620EB9B->85302df8-7a7f-4077-a053-c26dc3d3d65a@group-4701ABA8D7D0, cid=4054, SUCCESS, logIndex=6696, commits[85302df8-7a7f-4077-a053-c26dc3d3d65a:c6698]
2019-06-13 22:54:04,215 INFO  client.GrpcClientProtocolClient (GrpcClientProtocolClient.java:onNext(254)) - client-C82EA620EB9B->85302df8-7a7f-4077-a053-c26dc3d3d65a: receive RaftClientReply:client-C82EA620EB9B->85302df8-7a7f-4077-a053-c26dc3d3d65a@group-4701ABA8D7D0, cid=4055, SUCCESS, logIndex=6697, commits[85302df8-7a7f-4077-a053-c26dc3d3d65a:c6698]
2019-06-13 22:54:04,215 INFO  client.GrpcClientProtocolClient (GrpcClientProtocolClient.java:onNext(254)) - client-C82EA620EB9B->85302df8-7a7f-4077-a053-c26dc3d3d65a: receive RaftClientReply:client-C82EA620EB9B->85302df8-7a7f-4077-a053-c26dc3d3d65a@group-4701ABA8D7D0, cid=4056, SUCCESS, logIndex=6698, commits[85302df8-7a7f-4077-a053-c26dc3d3d65a:c6699]
2019-06-13 22:54:04,227 INFO  client.GrpcClientProtocolClient (GrpcClientProtocolClient.java:onNext(254)) - client-C82EA620EB9B->85302df8-7a7f-4077-a053-c26dc3d3d65a: receive RaftClientReply:client-C82EA620EB9B->85302df8-7a7f-4077-a053-c26dc3d3d65a@group-4701ABA8D7D0, cid=4057, SUCCESS, logIndex=6700, commits[85302df8-7a7f-4077-a053-c26dc3d3d65a:c6700]
2019-06-13 22:54:04,228 INFO  client.GrpcClientProtocolClient (GrpcClientProtocolClient.java:onNext(254)) - client-C82EA620EB9B->85302df8-7a7f-4077-a053-c26dc3d3d65a: receive RaftClientReply:client-C82EA620EB9B->85302df8-7a7f-4077-a053-c26dc3d3d65a@group-4701ABA8D7D0, cid=4058, SUCCESS, logIndex=6702, commits[85302df8-7a7f-4077-a053-c26dc3d3d65a:c6702]
2019-06-13 22:54:04,231 INFO  client.GrpcClientProtocolClient (GrpcClientProtocolClient.java:onNext(254)) - client-C82EA620EB9B->85302df8-7a7f-4077-a053-c26dc3d3d65a: receive RaftClientReply:client-C82EA620EB9B->85302df8-7a7f-4077-a053-c26dc3d3d65a@group-4701ABA8D7D0, cid=4059, SUCCESS, logIndex=6704, commits[85302df8-7a7f-4077-a053-c26dc3d3d65a:c6705]
2019-06-13 22:54:04,231 INFO  client.GrpcClientProtocolClient (GrpcClientProtocolClient.java:onNext(254)) - client-C82EA620EB9B->85302df8-7a7f-4077-a053-c26dc3d3d65a: receive RaftClientReply:client-C82EA620EB9B->85302df8-7a7f-4077-a053-c26dc3d3d65a@group-4701ABA8D7D0, cid=4060, SUCCESS, logIndex=6705, commits[85302df8-7a7f-4077-a053-c26dc3d3d65a:c6705]
2019-06-13 22:54:04,237 INFO  client.GrpcClientProtocolClient (GrpcClientProtocolClient.java:onNext(254)) - client-C82EA620EB9B->85302df8-7a7f-4077-a053-c26dc3d3d65a: receive RaftClientReply:client-C82EA620EB9B->85302df8-7a7f-4077-a053-c26dc3d3d65a@group-4701ABA8D7D0, cid=4061, SUCCESS, logIndex=6707, commits[85302df8-7a7f-4077-a053-c26dc3d3d65a:c6707]
2019-06-13 22:54:04,239 INFO  client.GrpcClientProtocolClient (GrpcClientProtocolClient.java:onNext(254)) - client-C82EA620EB9B->85302df8-7a7f-4077-a053-c26dc3d3d65a: receive RaftClientReply:client-C82EA620EB9B->85302df8-7a7f-4077-a053-c26dc3d3d65a@group-4701ABA8D7D0, cid=4062, SUCCESS, logIndex=6709, commits[85302df8-7a7f-4077-a053-c26dc3d3d65a:c6709]
2019-06-13 22:54:04,242 INFO  client.GrpcClientProtocolClient (GrpcClientProtocolClient.java:onNext(254)) - client-C82EA620EB9B->85302df8-7a7f-4077-a053-c26dc3d3d65a: receive RaftClientReply:client-C82EA620EB9B->85302df8-7a7f-4077-a053-c26dc3d3d65a@group-4701ABA8D7D0, cid=4063, SUCCESS, logIndex=6710, commits[85302df8-7a7f-4077-a053-c26dc3d3d65a:c6712]
2019-06-13 22:54:04,242 INFO  client.GrpcClientProtocolClient (GrpcClientProtocolClient.java:onNext(254)) - client-C82EA620EB9B->85302df8-7a7f-4077-a053-c26dc3d3d65a: receive RaftClientReply:client-C82EA620EB9B->85302df8-7a7f-4077-a053-c26dc3d3d65a@group-4701ABA8D7D0, cid=4064, SUCCESS, logIndex=6711, commits[85302df8-7a7f-4077-a053-c26dc3d3d65a:c6712]
2019-06-13 22:54:04,253 INFO  client.GrpcClientProtocolClient (GrpcClientProtocolClient.java:onNext(254)) - client-C82EA620EB9B->85302df8-7a7f-4077-a053-c26dc3d3d65a: receive RaftClientReply:client-C82EA620EB9B->85302df8-7a7f-4077-a053-c26dc3d3d65a@group-4701ABA8D7D0, cid=4065, SUCCESS, logIndex=6713, commits[85302df8-7a7f-4077-a053-c26dc3d3d65a:c6713]
2019-06-13 22:54:04,254 INFO  client.GrpcClientProtocolClient (GrpcClientProtocolClient.java:onNext(254)) - client-C82EA620EB9B->85302df8-7a7f-4077-a053-c26dc3d3d65a: receive RaftClientReply:client-C82EA620EB9B->85302df8-7a7f-4077-a053-c26dc3d3d65a@group-4701ABA8D7D0, cid=4066, SUCCESS, logIndex=6715, commits[85302df8-7a7f-4077-a053-c26dc3d3d65a:c6715]
2019-06-13 22:54:04,269 DEBUG block.SCMBlockDeletingService (SCMBlockDeletingService.java:call(138)) - Running DeletedBlockTransactionScanner
2019-06-13 22:54:04,269 DEBUG block.SCMBlockDeletingService (SCMBlockDeletingService.java:call(155)) - Scanned deleted blocks log and got 0 delTX to process.
2019-06-13 22:54:04,345 INFO  client.GrpcClientProtocolClient (GrpcClientProtocolClient.java:onNext(254)) - client-C82EA620EB9B->85302df8-7a7f-4077-a053-c26dc3d3d65a: receive RaftClientReply:client-C82EA620EB9B->85302df8-7a7f-4077-a053-c26dc3d3d65a@group-4701ABA8D7D0, cid=4067, SUCCESS, logIndex=6717, commits[85302df8-7a7f-4077-a053-c26dc3d3d65a:c6717]
2019-06-13 22:54:04,346 INFO  client.GrpcClientProtocolClient (GrpcClientProtocolClient.java:onNext(254)) - client-C82EA620EB9B->85302df8-7a7f-4077-a053-c26dc3d3d65a: receive RaftClientReply:client-C82EA620EB9B->85302df8-7a7f-4077-a053-c26dc3d3d65a@group-4701ABA8D7D0, cid=4068, SUCCESS, logIndex=6719, commits[85302df8-7a7f-4077-a053-c26dc3d3d65a:c6719]
2019-06-13 22:54:04,352 INFO  client.GrpcClientProtocolClient (GrpcClientProtocolClient.java:onNext(254)) - client-C82EA620EB9B->85302df8-7a7f-4077-a053-c26dc3d3d65a: receive RaftClientReply:client-C82EA620EB9B->85302df8-7a7f-4077-a053-c26dc3d3d65a@group-4701ABA8D7D0, cid=4069, SUCCESS, logIndex=6721, commits[85302df8-7a7f-4077-a053-c26dc3d3d65a:c6721]
2019-06-13 22:54:04,353 INFO  client.GrpcClientProtocolClient (GrpcClientProtocolClient.java:onNext(254)) - client-C82EA620EB9B->85302df8-7a7f-4077-a053-c26dc3d3d65a: receive RaftClientReply:client-C82EA620EB9B->85302df8-7a7f-4077-a053-c26dc3d3d65a@group-4701ABA8D7D0, cid=4070, SUCCESS, logIndex=6723, commits[85302df8-7a7f-4077-a053-c26dc3d3d65a:c6723]
2019-06-13 22:54:04,354 INFO  client.GrpcClientProtocolClient (GrpcClientProtocolClient.java:onNext(254)) - client-C82EA620EB9B->85302df8-7a7f-4077-a053-c26dc3d3d65a: receive RaftClientReply:client-C82EA620EB9B->85302df8-7a7f-4077-a053-c26dc3d3d65a@group-4701ABA8D7D0, cid=4071, SUCCESS, logIndex=6724, commits[85302df8-7a7f-4077-a053-c26dc3d3d65a:c6726]
2019-06-13 22:54:04,355 INFO  client.GrpcClientProtocolClient (GrpcClientProtocolClient.java:onNext(254)) - client-C82EA620EB9B->85302df8-7a7f-4077-a053-c26dc3d3d65a: receive RaftClientReply:client-C82EA620EB9B->85302df8-7a7f-4077-a053-c26dc3d3d65a@group-4701ABA8D7D0, cid=4072, SUCCESS, logIndex=6725, commits[85302df8-7a7f-4077-a053-c26dc3d3d65a:c6726]
2019-06-13 22:54:04,365 INFO  client.GrpcClientProtocolClient (GrpcClientProtocolClient.java:onNext(254)) - client-C82EA620EB9B->85302df8-7a7f-4077-a053-c26dc3d3d65a: receive RaftClientReply:client-C82EA620EB9B->85302df8-7a7f-4077-a053-c26dc3d3d65a@group-4701ABA8D7D0, cid=4073, SUCCESS, logIndex=6727, commits[85302df8-7a7f-4077-a053-c26dc3d3d65a:c6727]
2019-06-13 22:54:04,367 INFO  client.GrpcClientProtocolClient (GrpcClientProtocolClient.java:onNext(254)) - client-C82EA620EB9B->85302df8-7a7f-4077-a053-c26dc3d3d65a: receive RaftClientReply:client-C82EA620EB9B->85302df8-7a7f-4077-a053-c26dc3d3d65a@group-4701ABA8D7D0, cid=4074, SUCCESS, logIndex=6729, commits[85302df8-7a7f-4077-a053-c26dc3d3d65a:c6729]
2019-06-13 22:54:04,368 INFO  client.GrpcClientProtocolClient (GrpcClientProtocolClient.java:onNext(254)) - client-C82EA620EB9B->85302df8-7a7f-4077-a053-c26dc3d3d65a: receive RaftClientReply:client-C82EA620EB9B->85302df8-7a7f-4077-a053-c26dc3d3d65a@group-4701ABA8D7D0, cid=4075, SUCCESS, logIndex=6730, commits[85302df8-7a7f-4077-a053-c26dc3d3d65a:c6732]
2019-06-13 22:54:04,368 INFO  client.GrpcClientProtocolClient (GrpcClientProtocolClient.java:onNext(254)) - client-C82EA620EB9B->85302df8-7a7f-4077-a053-c26dc3d3d65a: receive RaftClientReply:client-C82EA620EB9B->85302df8-7a7f-4077-a053-c26dc3d3d65a@group-4701ABA8D7D0, cid=4076, SUCCESS, logIndex=6732, commits[85302df8-7a7f-4077-a053-c26dc3d3d65a:c6732]
2019-06-13 22:54:04,369 DEBUG block.SCMBlockDeletingService (SCMBlockDeletingService.java:call(138)) - Running DeletedBlockTransactionScanner
2019-06-13 22:54:04,369 DEBUG block.SCMBlockDeletingService (SCMBlockDeletingService.java:call(155)) - Scanned deleted blocks log and got 0 delTX to process.
2019-06-13 22:54:04,374 INFO  client.GrpcClientProtocolClient (GrpcClientProtocolClient.java:onNext(254)) - client-C82EA620EB9B->85302df8-7a7f-4077-a053-c26dc3d3d65a: receive RaftClientReply:client-C82EA620EB9B->85302df8-7a7f-4077-a053-c26dc3d3d65a@group-4701ABA8D7D0, cid=4077, SUCCESS, logIndex=6734, commits[85302df8-7a7f-4077-a053-c26dc3d3d65a:c6734]
2019-06-13 22:54:04,375 INFO  client.GrpcClientProtocolClient (GrpcClientProtocolClient.java:onNext(254)) - client-C82EA620EB9B->85302df8-7a7f-4077-a053-c26dc3d3d65a: receive RaftClientReply:client-C82EA620EB9B->85302df8-7a7f-4077-a053-c26dc3d3d65a@group-4701ABA8D7D0, cid=4078, SUCCESS, logIndex=6736, commits[85302df8-7a7f-4077-a053-c26dc3d3d65a:c6736]
2019-06-13 22:54:04,376 INFO  client.GrpcClientProtocolClient (GrpcClientProtocolClient.java:onNext(254)) - client-C82EA620EB9B->85302df8-7a7f-4077-a053-c26dc3d3d65a: receive RaftClientReply:client-C82EA620EB9B->85302df8-7a7f-4077-a053-c26dc3d3d65a@group-4701ABA8D7D0, cid=4079, SUCCESS, logIndex=6737, commits[85302df8-7a7f-4077-a053-c26dc3d3d65a:c6739]
2019-06-13 22:54:04,377 INFO  client.GrpcClientProtocolClient (GrpcClientProtocolClient.java:onNext(254)) - client-C82EA620EB9B->85302df8-7a7f-4077-a053-c26dc3d3d65a: receive RaftClientReply:client-C82EA620EB9B->85302df8-7a7f-4077-a053-c26dc3d3d65a@group-4701ABA8D7D0, cid=4080, SUCCESS, logIndex=6738, commits[85302df8-7a7f-4077-a053-c26dc3d3d65a:c6739]
2019-06-13 22:54:04,390 INFO  client.GrpcClientProtocolClient (GrpcClientProtocolClient.java:onNext(254)) - client-C82EA620EB9B->85302df8-7a7f-4077-a053-c26dc3d3d65a: receive RaftClientReply:client-C82EA620EB9B->85302df8-7a7f-4077-a053-c26dc3d3d65a@group-4701ABA8D7D0, cid=4081, SUCCESS, logIndex=6740, commits[85302df8-7a7f-4077-a053-c26dc3d3d65a:c6740]
2019-06-13 22:54:04,399 INFO  client.GrpcClientProtocolClient (GrpcClientProtocolClient.java:onNext(254)) - client-C82EA620EB9B->85302df8-7a7f-4077-a053-c26dc3d3d65a: receive RaftClientReply:client-C82EA620EB9B->85302df8-7a7f-4077-a053-c26dc3d3d65a@group-4701ABA8D7D0, cid=4082, SUCCESS, logIndex=6742, commits[85302df8-7a7f-4077-a053-c26dc3d3d65a:c6742]
2019-06-13 22:54:04,399 INFO  client.GrpcClientProtocolClient (GrpcClientProtocolClient.java:onNext(254)) - client-C82EA620EB9B->85302df8-7a7f-4077-a053-c26dc3d3d65a: receive RaftClientReply:client-C82EA620EB9B->85302df8-7a7f-4077-a053-c26dc3d3d65a@group-4701ABA8D7D0, cid=4083, SUCCESS, logIndex=6743, commits[85302df8-7a7f-4077-a053-c26dc3d3d65a:c6744]
2019-06-13 22:54:04,400 INFO  client.GrpcClientProtocolClient (GrpcClientProtocolClient.java:onNext(254)) - client-C82EA620EB9B->85302df8-7a7f-4077-a053-c26dc3d3d65a: receive RaftClientReply:client-C82EA620EB9B->85302df8-7a7f-4077-a053-c26dc3d3d65a@group-4701ABA8D7D0, cid=4084, SUCCESS, logIndex=6744, commits[85302df8-7a7f-4077-a053-c26dc3d3d65a:c6744]
2019-06-13 22:54:04,406 INFO  storage.RaftLogWorker (RaftLogWorker.java:rollLogSegment(303)) - 85302df8-7a7f-4077-a053-c26dc3d3d65a-RaftLogWorker: Rolling segment log-6673_6746 to index:6746
2019-06-13 22:54:04,407 INFO  storage.RaftLogWorker (RaftLogWorker.java:execute(433)) - 85302df8-7a7f-4077-a053-c26dc3d3d65a-RaftLogWorker: Rolled log segment from /opt/src/hadoop-ozone/integration-test/target/test-dir/MiniOzoneClusterImpl-550f9ca0-a6d9-4a4a-902f-f07ac81eac7b/datanode-0/data/ratis/5ad10fc2-5a33-4bdd-8958-4701aba8d7d0/current/log_inprogress_6673 to /opt/src/hadoop-ozone/integration-test/target/test-dir/MiniOzoneClusterImpl-550f9ca0-a6d9-4a4a-902f-f07ac81eac7b/datanode-0/data/ratis/5ad10fc2-5a33-4bdd-8958-4701aba8d7d0/current/log_6673-6746
2019-06-13 22:54:04,450 INFO  storage.RaftLogWorker (RaftLogWorker.java:execute(469)) - 85302df8-7a7f-4077-a053-c26dc3d3d65a-RaftLogWorker: created new log segment /opt/src/hadoop-ozone/integration-test/target/test-dir/MiniOzoneClusterImpl-550f9ca0-a6d9-4a4a-902f-f07ac81eac7b/datanode-0/data/ratis/5ad10fc2-5a33-4bdd-8958-4701aba8d7d0/current/log_inprogress_6747
2019-06-13 22:54:04,452 INFO  client.GrpcClientProtocolClient (GrpcClientProtocolClient.java:onNext(254)) - client-C82EA620EB9B->85302df8-7a7f-4077-a053-c26dc3d3d65a: receive RaftClientReply:client-C82EA620EB9B->85302df8-7a7f-4077-a053-c26dc3d3d65a@group-4701ABA8D7D0, cid=4085, SUCCESS, logIndex=6747, commits[85302df8-7a7f-4077-a053-c26dc3d3d65a:c6747]
2019-06-13 22:54:04,454 INFO  client.GrpcClientProtocolClient (GrpcClientProtocolClient.java:onNext(254)) - client-C82EA620EB9B->85302df8-7a7f-4077-a053-c26dc3d3d65a: receive RaftClientReply:client-C82EA620EB9B->85302df8-7a7f-4077-a053-c26dc3d3d65a@group-4701ABA8D7D0, cid=4086, SUCCESS, logIndex=6749, commits[85302df8-7a7f-4077-a053-c26dc3d3d65a:c6749]
2019-06-13 22:54:04,455 INFO  client.GrpcClientProtocolClient (GrpcClientProtocolClient.java:onNext(254)) - client-C82EA620EB9B->85302df8-7a7f-4077-a053-c26dc3d3d65a: receive RaftClientReply:client-C82EA620EB9B->85302df8-7a7f-4077-a053-c26dc3d3d65a@group-4701ABA8D7D0, cid=4087, SUCCESS, logIndex=6750, commits[85302df8-7a7f-4077-a053-c26dc3d3d65a:c6752]
2019-06-13 22:54:04,455 INFO  client.GrpcClientProtocolClient (GrpcClientProtocolClient.java:onNext(254)) - client-C82EA620EB9B->85302df8-7a7f-4077-a053-c26dc3d3d65a: receive RaftClientReply:client-C82EA620EB9B->85302df8-7a7f-4077-a053-c26dc3d3d65a@group-4701ABA8D7D0, cid=4088, SUCCESS, logIndex=6751, commits[85302df8-7a7f-4077-a053-c26dc3d3d65a:c6752]
2019-06-13 22:54:04,469 DEBUG block.SCMBlockDeletingService (SCMBlockDeletingService.java:call(138)) - Running DeletedBlockTransactionScanner
2019-06-13 22:54:04,470 DEBUG block.SCMBlockDeletingService (SCMBlockDeletingService.java:call(155)) - Scanned deleted blocks log and got 0 delTX to process.
2019-06-13 22:54:04,477 INFO  client.GrpcClientProtocolClient (GrpcClientProtocolClient.java:onNext(254)) - client-C82EA620EB9B->85302df8-7a7f-4077-a053-c26dc3d3d65a: receive RaftClientReply:client-C82EA620EB9B->85302df8-7a7f-4077-a053-c26dc3d3d65a@group-4701ABA8D7D0, cid=4089, SUCCESS, logIndex=6753, commits[85302df8-7a7f-4077-a053-c26dc3d3d65a:c6753]
2019-06-13 22:54:04,478 INFO  client.GrpcClientProtocolClient (GrpcClientProtocolClient.java:onNext(254)) - client-C82EA620EB9B->85302df8-7a7f-4077-a053-c26dc3d3d65a: receive RaftClientReply:client-C82EA620EB9B->85302df8-7a7f-4077-a053-c26dc3d3d65a@group-4701ABA8D7D0, cid=4090, SUCCESS, logIndex=6755, commits[85302df8-7a7f-4077-a053-c26dc3d3d65a:c6755]
2019-06-13 22:54:04,479 INFO  client.GrpcClientProtocolClient (GrpcClientProtocolClient.java:onNext(254)) - client-C82EA620EB9B->85302df8-7a7f-4077-a053-c26dc3d3d65a: receive RaftClientReply:client-C82EA620EB9B->85302df8-7a7f-4077-a053-c26dc3d3d65a@group-4701ABA8D7D0, cid=4091, SUCCESS, logIndex=6756, commits[85302df8-7a7f-4077-a053-c26dc3d3d65a:c6758]
2019-06-13 22:54:04,480 INFO  client.GrpcClientProtocolClient (GrpcClientProtocolClient.java:onNext(254)) - client-C82EA620EB9B->85302df8-7a7f-4077-a053-c26dc3d3d65a: receive RaftClientReply:client-C82EA620EB9B->85302df8-7a7f-4077-a053-c26dc3d3d65a@group-4701ABA8D7D0, cid=4092, SUCCESS, logIndex=6758, commits[85302df8-7a7f-4077-a053-c26dc3d3d65a:c6758]
2019-06-13 22:54:04,486 INFO  client.GrpcClientProtocolClient (GrpcClientProtocolClient.java:onNext(254)) - client-C82EA620EB9B->85302df8-7a7f-4077-a053-c26dc3d3d65a: receive RaftClientReply:client-C82EA620EB9B->85302df8-7a7f-4077-a053-c26dc3d3d65a@group-4701ABA8D7D0, cid=4093, SUCCESS, logIndex=6760, commits[85302df8-7a7f-4077-a053-c26dc3d3d65a:c6760]
2019-06-13 22:54:04,488 INFO  client.GrpcClientProtocolClient (GrpcClientProtocolClient.java:onNext(254)) - client-C82EA620EB9B->85302df8-7a7f-4077-a053-c26dc3d3d65a: receive RaftClientReply:client-C82EA620EB9B->85302df8-7a7f-4077-a053-c26dc3d3d65a@group-4701ABA8D7D0, cid=4094, SUCCESS, logIndex=6762, commits[85302df8-7a7f-4077-a053-c26dc3d3d65a:c6762]
2019-06-13 22:54:04,489 INFO  client.GrpcClientProtocolClient (GrpcClientProtocolClient.java:onNext(254)) - client-C82EA620EB9B->85302df8-7a7f-4077-a053-c26dc3d3d65a: receive RaftClientReply:client-C82EA620EB9B->85302df8-7a7f-4077-a053-c26dc3d3d65a@group-4701ABA8D7D0, cid=4095, SUCCESS, logIndex=6763, commits[85302df8-7a7f-4077-a053-c26dc3d3d65a:c6764]
2019-06-13 22:54:04,489 INFO  client.GrpcClientProtocolClient (GrpcClientProtocolClient.java:onNext(254)) - client-C82EA620EB9B->85302df8-7a7f-4077-a053-c26dc3d3d65a: receive RaftClientReply:client-C82EA620EB9B->85302df8-7a7f-4077-a053-c26dc3d3d65a@group-4701ABA8D7D0, cid=4096, SUCCESS, logIndex=6764, commits[85302df8-7a7f-4077-a053-c26dc3d3d65a:c6764]
2019-06-13 22:54:04,770 DEBUG block.SCMBlockDeletingService (SCMBlockDeletingService.java:call(138)) - Running DeletedBlockTransactionScanner
2019-06-13 22:54:04,770 DEBUG block.SCMBlockDeletingService (SCMBlockDeletingService.java:call(155)) - Scanned deleted blocks log and got 0 delTX to process.
2019-06-13 22:54:04,777 INFO  client.GrpcClientProtocolClient (GrpcClientProtocolClient.java:onNext(254)) - client-C82EA620EB9B->85302df8-7a7f-4077-a053-c26dc3d3d65a: receive RaftClientReply:client-C82EA620EB9B->85302df8-7a7f-4077-a053-c26dc3d3d65a@group-4701ABA8D7D0, cid=4097, SUCCESS, logIndex=6767, commits[85302df8-7a7f-4077-a053-c26dc3d3d65a:c6767]
2019-06-13 22:54:04,785 INFO  client.GrpcClientProtocolClient (GrpcClientProtocolClient.java:onNext(254)) - client-C82EA620EB9B->85302df8-7a7f-4077-a053-c26dc3d3d65a: receive RaftClientReply:client-C82EA620EB9B->85302df8-7a7f-4077-a053-c26dc3d3d65a@group-4701ABA8D7D0, cid=4098, SUCCESS, logIndex=6769, commits[85302df8-7a7f-4077-a053-c26dc3d3d65a:c6770]
2019-06-13 22:54:04,786 INFO  client.GrpcClientProtocolClient (GrpcClientProtocolClient.java:onNext(254)) - client-C82EA620EB9B->85302df8-7a7f-4077-a053-c26dc3d3d65a: receive RaftClientReply:client-C82EA620EB9B->85302df8-7a7f-4077-a053-c26dc3d3d65a@group-4701ABA8D7D0, cid=4099, SUCCESS, logIndex=6770, commits[85302df8-7a7f-4077-a053-c26dc3d3d65a:c6770]
2019-06-13 22:54:04,786 INFO  client.GrpcClientProtocolClient (GrpcClientProtocolClient.java:onNext(254)) - client-C82EA620EB9B->85302df8-7a7f-4077-a053-c26dc3d3d65a: receive RaftClientReply:client-C82EA620EB9B->85302df8-7a7f-4077-a053-c26dc3d3d65a@group-4701ABA8D7D0, cid=4100, SUCCESS, logIndex=6772, commits[85302df8-7a7f-4077-a053-c26dc3d3d65a:c6772]
2019-06-13 22:54:04,794 INFO  client.GrpcClientProtocolClient (GrpcClientProtocolClient.java:onNext(254)) - client-C82EA620EB9B->85302df8-7a7f-4077-a053-c26dc3d3d65a: receive RaftClientReply:client-C82EA620EB9B->85302df8-7a7f-4077-a053-c26dc3d3d65a@group-4701ABA8D7D0, cid=4101, SUCCESS, logIndex=6774, commits[85302df8-7a7f-4077-a053-c26dc3d3d65a:c6774]
2019-06-13 22:54:04,797 INFO  client.GrpcClientProtocolClient (GrpcClientProtocolClient.java:onNext(254)) - client-C82EA620EB9B->85302df8-7a7f-4077-a053-c26dc3d3d65a: receive RaftClientReply:client-C82EA620EB9B->85302df8-7a7f-4077-a053-c26dc3d3d65a@group-4701ABA8D7D0, cid=4102, SUCCESS, logIndex=6776, commits[85302df8-7a7f-4077-a053-c26dc3d3d65a:c6776]
2019-06-13 22:54:04,797 INFO  client.GrpcClientProtocolClient (GrpcClientProtocolClient.java:onNext(254)) - client-C82EA620EB9B->85302df8-7a7f-4077-a053-c26dc3d3d65a: receive RaftClientReply:client-C82EA620EB9B->85302df8-7a7f-4077-a053-c26dc3d3d65a@group-4701ABA8D7D0, cid=4103, SUCCESS, logIndex=6777, commits[85302df8-7a7f-4077-a053-c26dc3d3d65a:c6779]
2019-06-13 22:54:04,797 INFO  client.GrpcClientProtocolClient (GrpcClientProtocolClient.java:onNext(254)) - client-C82EA620EB9B->85302df8-7a7f-4077-a053-c26dc3d3d65a: receive RaftClientReply:client-C82EA620EB9B->85302df8-7a7f-4077-a053-c26dc3d3d65a@group-4701ABA8D7D0, cid=4104, SUCCESS, logIndex=6779, commits[85302df8-7a7f-4077-a053-c26dc3d3d65a:c6780]
2019-06-13 22:54:04,810 INFO  client.GrpcClientProtocolClient (GrpcClientProtocolClient.java:onNext(254)) - client-C82EA620EB9B->85302df8-7a7f-4077-a053-c26dc3d3d65a: receive RaftClientReply:client-C82EA620EB9B->85302df8-7a7f-4077-a053-c26dc3d3d65a@group-4701ABA8D7D0, cid=4105, SUCCESS, logIndex=6782, commits[85302df8-7a7f-4077-a053-c26dc3d3d65a:c6782]
2019-06-13 22:54:04,812 INFO  client.GrpcClientProtocolClient (GrpcClientProtocolClient.java:onNext(254)) - client-C82EA620EB9B->85302df8-7a7f-4077-a053-c26dc3d3d65a: receive RaftClientReply:client-C82EA620EB9B->85302df8-7a7f-4077-a053-c26dc3d3d65a@group-4701ABA8D7D0, cid=4106, SUCCESS, logIndex=6784, commits[85302df8-7a7f-4077-a053-c26dc3d3d65a:c6784]
2019-06-13 22:54:04,813 INFO  client.GrpcClientProtocolClient (GrpcClientProtocolClient.java:onNext(254)) - client-C82EA620EB9B->85302df8-7a7f-4077-a053-c26dc3d3d65a: receive RaftClientReply:client-C82EA620EB9B->85302df8-7a7f-4077-a053-c26dc3d3d65a@group-4701ABA8D7D0, cid=4107, SUCCESS, logIndex=6785, commits[85302df8-7a7f-4077-a053-c26dc3d3d65a:c6787]
2019-06-13 22:54:04,813 INFO  client.GrpcClientProtocolClient (GrpcClientProtocolClient.java:onNext(254)) - client-C82EA620EB9B->85302df8-7a7f-4077-a053-c26dc3d3d65a: receive RaftClientReply:client-C82EA620EB9B->85302df8-7a7f-4077-a053-c26dc3d3d65a@group-4701ABA8D7D0, cid=4108, SUCCESS, logIndex=6786, commits[85302df8-7a7f-4077-a053-c26dc3d3d65a:c6787]
2019-06-13 22:54:04,818 INFO  client.GrpcClientProtocolClient (GrpcClientProtocolClient.java:onNext(254)) - client-C82EA620EB9B->85302df8-7a7f-4077-a053-c26dc3d3d65a: receive RaftClientReply:client-C82EA620EB9B->85302df8-7a7f-4077-a053-c26dc3d3d65a@group-4701ABA8D7D0, cid=4109, SUCCESS, logIndex=6788, commits[85302df8-7a7f-4077-a053-c26dc3d3d65a:c6788]
2019-06-13 22:54:04,820 INFO  client.GrpcClientProtocolClient (GrpcClientProtocolClient.java:onNext(254)) - client-C82EA620EB9B->85302df8-7a7f-4077-a053-c26dc3d3d65a: receive RaftClientReply:client-C82EA620EB9B->85302df8-7a7f-4077-a053-c26dc3d3d65a@group-4701ABA8D7D0, cid=4110, SUCCESS, logIndex=6790, commits[85302df8-7a7f-4077-a053-c26dc3d3d65a:c6790]
2019-06-13 22:54:04,871 DEBUG block.SCMBlockDeletingService (SCMBlockDeletingService.java:call(138)) - Running DeletedBlockTransactionScanner
2019-06-13 22:54:04,871 DEBUG block.SCMBlockDeletingService (SCMBlockDeletingService.java:call(155)) - Scanned deleted blocks log and got 0 delTX to process.
2019-06-13 22:54:04,890 INFO  client.GrpcClientProtocolClient (GrpcClientProtocolClient.java:onNext(254)) - client-C82EA620EB9B->85302df8-7a7f-4077-a053-c26dc3d3d65a: receive RaftClientReply:client-C82EA620EB9B->85302df8-7a7f-4077-a053-c26dc3d3d65a@group-4701ABA8D7D0, cid=4111, SUCCESS, logIndex=6792, commits[85302df8-7a7f-4077-a053-c26dc3d3d65a:c6792]
2019-06-13 22:54:04,891 INFO  client.GrpcClientProtocolClient (GrpcClientProtocolClient.java:onNext(254)) - client-C82EA620EB9B->85302df8-7a7f-4077-a053-c26dc3d3d65a: receive RaftClientReply:client-C82EA620EB9B->85302df8-7a7f-4077-a053-c26dc3d3d65a@group-4701ABA8D7D0, cid=4112, SUCCESS, logIndex=6794, commits[85302df8-7a7f-4077-a053-c26dc3d3d65a:c6794]
2019-06-13 22:54:04,904 INFO  client.GrpcClientProtocolClient (GrpcClientProtocolClient.java:onNext(254)) - client-C82EA620EB9B->85302df8-7a7f-4077-a053-c26dc3d3d65a: receive RaftClientReply:client-C82EA620EB9B->85302df8-7a7f-4077-a053-c26dc3d3d65a@group-4701ABA8D7D0, cid=4113, SUCCESS, logIndex=6796, commits[85302df8-7a7f-4077-a053-c26dc3d3d65a:c6796]
2019-06-13 22:54:04,906 INFO  client.GrpcClientProtocolClient (GrpcClientProtocolClient.java:onNext(254)) - client-C82EA620EB9B->85302df8-7a7f-4077-a053-c26dc3d3d65a: receive RaftClientReply:client-C82EA620EB9B->85302df8-7a7f-4077-a053-c26dc3d3d65a@group-4701ABA8D7D0, cid=4114, SUCCESS, logIndex=6798, commits[85302df8-7a7f-4077-a053-c26dc3d3d65a:c6798]
2019-06-13 22:54:04,907 INFO  client.GrpcClientProtocolClient (GrpcClientProtocolClient.java:onNext(254)) - client-C82EA620EB9B->85302df8-7a7f-4077-a053-c26dc3d3d65a: receive RaftClientReply:client-C82EA620EB9B->85302df8-7a7f-4077-a053-c26dc3d3d65a@group-4701ABA8D7D0, cid=4115, SUCCESS, logIndex=6799, commits[85302df8-7a7f-4077-a053-c26dc3d3d65a:c6801]
2019-06-13 22:54:04,908 INFO  client.GrpcClientProtocolClient (GrpcClientProtocolClient.java:onNext(254)) - client-C82EA620EB9B->85302df8-7a7f-4077-a053-c26dc3d3d65a: receive RaftClientReply:client-C82EA620EB9B->85302df8-7a7f-4077-a053-c26dc3d3d65a@group-4701ABA8D7D0, cid=4116, SUCCESS, logIndex=6800, commits[85302df8-7a7f-4077-a053-c26dc3d3d65a:c6801]
2019-06-13 22:54:04,913 INFO  client.GrpcClientProtocolClient (GrpcClientProtocolClient.java:onNext(254)) - client-C82EA620EB9B->85302df8-7a7f-4077-a053-c26dc3d3d65a: receive RaftClientReply:client-C82EA620EB9B->85302df8-7a7f-4077-a053-c26dc3d3d65a@group-4701ABA8D7D0, cid=4117, SUCCESS, logIndex=6802, commits[85302df8-7a7f-4077-a053-c26dc3d3d65a:c6802]
2019-06-13 22:54:04,915 INFO  client.GrpcClientProtocolClient (GrpcClientProtocolClient.java:onNext(254)) - client-C82EA620EB9B->85302df8-7a7f-4077-a053-c26dc3d3d65a: receive RaftClientReply:client-C82EA620EB9B->85302df8-7a7f-4077-a053-c26dc3d3d65a@group-4701ABA8D7D0, cid=4118, SUCCESS, logIndex=6804, commits[85302df8-7a7f-4077-a053-c26dc3d3d65a:c6804]
2019-06-13 22:54:04,915 INFO  client.GrpcClientProtocolClient (GrpcClientProtocolClient.java:onNext(254)) - client-C82EA620EB9B->85302df8-7a7f-4077-a053-c26dc3d3d65a: receive RaftClientReply:client-C82EA620EB9B->85302df8-7a7f-4077-a053-c26dc3d3d65a@group-4701ABA8D7D0, cid=4119, SUCCESS, logIndex=6805, commits[85302df8-7a7f-4077-a053-c26dc3d3d65a:c6805]
2019-06-13 22:54:04,916 INFO  client.GrpcClientProtocolClient (GrpcClientProtocolClient.java:onNext(254)) - client-C82EA620EB9B->85302df8-7a7f-4077-a053-c26dc3d3d65a: receive RaftClientReply:client-C82EA620EB9B->85302df8-7a7f-4077-a053-c26dc3d3d65a@group-4701ABA8D7D0, cid=4120, SUCCESS, logIndex=6807, commits[85302df8-7a7f-4077-a053-c26dc3d3d65a:c6807]
2019-06-13 22:54:04,928 INFO  client.GrpcClientProtocolClient (GrpcClientProtocolClient.java:onNext(254)) - client-C82EA620EB9B->85302df8-7a7f-4077-a053-c26dc3d3d65a: receive RaftClientReply:client-C82EA620EB9B->85302df8-7a7f-4077-a053-c26dc3d3d65a@group-4701ABA8D7D0, cid=4121, SUCCESS, logIndex=6810, commits[85302df8-7a7f-4077-a053-c26dc3d3d65a:c6810]
2019-06-13 22:54:04,929 INFO  client.GrpcClientProtocolClient (GrpcClientProtocolClient.java:onNext(254)) - client-C82EA620EB9B->85302df8-7a7f-4077-a053-c26dc3d3d65a: receive RaftClientReply:client-C82EA620EB9B->85302df8-7a7f-4077-a053-c26dc3d3d65a@group-4701ABA8D7D0, cid=4122, SUCCESS, logIndex=6812, commits[85302df8-7a7f-4077-a053-c26dc3d3d65a:c6812]
2019-06-13 22:54:04,930 INFO  client.GrpcClientProtocolClient (GrpcClientProtocolClient.java:onNext(254)) - client-C82EA620EB9B->85302df8-7a7f-4077-a053-c26dc3d3d65a: receive RaftClientReply:client-C82EA620EB9B->85302df8-7a7f-4077-a053-c26dc3d3d65a@group-4701ABA8D7D0, cid=4123, SUCCESS, logIndex=6813, commits[85302df8-7a7f-4077-a053-c26dc3d3d65a:c6815]
2019-06-13 22:54:04,930 INFO  client.GrpcClientProtocolClient (GrpcClientProtocolClient.java:onNext(254)) - client-C82EA620EB9B->85302df8-7a7f-4077-a053-c26dc3d3d65a: receive RaftClientReply:client-C82EA620EB9B->85302df8-7a7f-4077-a053-c26dc3d3d65a@group-4701ABA8D7D0, cid=4124, SUCCESS, logIndex=6814, commits[85302df8-7a7f-4077-a053-c26dc3d3d65a:c6815]
2019-06-13 22:54:04,936 INFO  client.GrpcClientProtocolClient (GrpcClientProtocolClient.java:onNext(254)) - client-C82EA620EB9B->85302df8-7a7f-4077-a053-c26dc3d3d65a: receive RaftClientReply:client-C82EA620EB9B->85302df8-7a7f-4077-a053-c26dc3d3d65a@group-4701ABA8D7D0, cid=4125, SUCCESS, logIndex=6816, commits[85302df8-7a7f-4077-a053-c26dc3d3d65a:c6816]
2019-06-13 22:54:04,936 INFO  storage.RaftLogWorker (RaftLogWorker.java:rollLogSegment(303)) - 85302df8-7a7f-4077-a053-c26dc3d3d65a-RaftLogWorker: Rolling segment log-6747_6819 to index:6819
2019-06-13 22:54:04,937 INFO  client.GrpcClientProtocolClient (GrpcClientProtocolClient.java:onNext(254)) - client-C82EA620EB9B->85302df8-7a7f-4077-a053-c26dc3d3d65a: receive RaftClientReply:client-C82EA620EB9B->85302df8-7a7f-4077-a053-c26dc3d3d65a@group-4701ABA8D7D0, cid=4126, SUCCESS, logIndex=6818, commits[85302df8-7a7f-4077-a053-c26dc3d3d65a:c6818]
2019-06-13 22:54:04,937 INFO  storage.RaftLogWorker (RaftLogWorker.java:execute(433)) - 85302df8-7a7f-4077-a053-c26dc3d3d65a-RaftLogWorker: Rolled log segment from /opt/src/hadoop-ozone/integration-test/target/test-dir/MiniOzoneClusterImpl-550f9ca0-a6d9-4a4a-902f-f07ac81eac7b/datanode-0/data/ratis/5ad10fc2-5a33-4bdd-8958-4701aba8d7d0/current/log_inprogress_6747 to /opt/src/hadoop-ozone/integration-test/target/test-dir/MiniOzoneClusterImpl-550f9ca0-a6d9-4a4a-902f-f07ac81eac7b/datanode-0/data/ratis/5ad10fc2-5a33-4bdd-8958-4701aba8d7d0/current/log_6747-6819
2019-06-13 22:54:04,938 INFO  client.GrpcClientProtocolClient (GrpcClientProtocolClient.java:onNext(254)) - client-C82EA620EB9B->85302df8-7a7f-4077-a053-c26dc3d3d65a: receive RaftClientReply:client-C82EA620EB9B->85302df8-7a7f-4077-a053-c26dc3d3d65a@group-4701ABA8D7D0, cid=4127, SUCCESS, logIndex=6819, commits[85302df8-7a7f-4077-a053-c26dc3d3d65a:c6819]
2019-06-13 22:54:04,971 DEBUG block.SCMBlockDeletingService (SCMBlockDeletingService.java:call(138)) - Running DeletedBlockTransactionScanner
2019-06-13 22:54:04,971 DEBUG block.SCMBlockDeletingService (SCMBlockDeletingService.java:call(155)) - Scanned deleted blocks log and got 0 delTX to process.
2019-06-13 22:54:04,973 INFO  storage.RaftLogWorker (RaftLogWorker.java:execute(469)) - 85302df8-7a7f-4077-a053-c26dc3d3d65a-RaftLogWorker: created new log segment /opt/src/hadoop-ozone/integration-test/target/test-dir/MiniOzoneClusterImpl-550f9ca0-a6d9-4a4a-902f-f07ac81eac7b/datanode-0/data/ratis/5ad10fc2-5a33-4bdd-8958-4701aba8d7d0/current/log_inprogress_6820
2019-06-13 22:54:04,974 INFO  client.GrpcClientProtocolClient (GrpcClientProtocolClient.java:onNext(254)) - client-C82EA620EB9B->85302df8-7a7f-4077-a053-c26dc3d3d65a: receive RaftClientReply:client-C82EA620EB9B->85302df8-7a7f-4077-a053-c26dc3d3d65a@group-4701ABA8D7D0, cid=4128, SUCCESS, logIndex=6820, commits[85302df8-7a7f-4077-a053-c26dc3d3d65a:c6822]
2019-06-13 22:54:04,987 INFO  client.GrpcClientProtocolClient (GrpcClientProtocolClient.java:onNext(254)) - client-C82EA620EB9B->85302df8-7a7f-4077-a053-c26dc3d3d65a: receive RaftClientReply:client-C82EA620EB9B->85302df8-7a7f-4077-a053-c26dc3d3d65a@group-4701ABA8D7D0, cid=4129, SUCCESS, logIndex=6823, commits[85302df8-7a7f-4077-a053-c26dc3d3d65a:c6823]
2019-06-13 22:54:04,989 INFO  client.GrpcClientProtocolClient (GrpcClientProtocolClient.java:onNext(254)) - client-C82EA620EB9B->85302df8-7a7f-4077-a053-c26dc3d3d65a: receive RaftClientReply:client-C82EA620EB9B->85302df8-7a7f-4077-a053-c26dc3d3d65a@group-4701ABA8D7D0, cid=4130, SUCCESS, logIndex=6825, commits[85302df8-7a7f-4077-a053-c26dc3d3d65a:c6825]
2019-06-13 22:54:04,990 INFO  client.GrpcClientProtocolClient (GrpcClientProtocolClient.java:onNext(254)) - client-C82EA620EB9B->85302df8-7a7f-4077-a053-c26dc3d3d65a: receive RaftClientReply:client-C82EA620EB9B->85302df8-7a7f-4077-a053-c26dc3d3d65a@group-4701ABA8D7D0, cid=4131, SUCCESS, logIndex=6826, commits[85302df8-7a7f-4077-a053-c26dc3d3d65a:c6828]
2019-06-13 22:54:04,990 INFO  client.GrpcClientProtocolClient (GrpcClientProtocolClient.java:onNext(254)) - client-C82EA620EB9B->85302df8-7a7f-4077-a053-c26dc3d3d65a: receive RaftClientReply:client-C82EA620EB9B->85302df8-7a7f-4077-a053-c26dc3d3d65a@group-4701ABA8D7D0, cid=4132, SUCCESS, logIndex=6827, commits[85302df8-7a7f-4077-a053-c26dc3d3d65a:c6828]
2019-06-13 22:54:04,995 INFO  client.GrpcClientProtocolClient (GrpcClientProtocolClient.java:onNext(254)) - client-C82EA620EB9B->85302df8-7a7f-4077-a053-c26dc3d3d65a: receive RaftClientReply:client-C82EA620EB9B->85302df8-7a7f-4077-a053-c26dc3d3d65a@group-4701ABA8D7D0, cid=4133, SUCCESS, logIndex=6829, commits[85302df8-7a7f-4077-a053-c26dc3d3d65a:c6829]
2019-06-13 22:54:04,997 INFO  client.GrpcClientProtocolClient (GrpcClientProtocolClient.java:onNext(254)) - client-C82EA620EB9B->85302df8-7a7f-4077-a053-c26dc3d3d65a: receive RaftClientReply:client-C82EA620EB9B->85302df8-7a7f-4077-a053-c26dc3d3d65a@group-4701ABA8D7D0, cid=4134, SUCCESS, logIndex=6831, commits[85302df8-7a7f-4077-a053-c26dc3d3d65a:c6831]
2019-06-13 22:54:04,997 INFO  client.GrpcClientProtocolClient (GrpcClientProtocolClient.java:onNext(254)) - client-C82EA620EB9B->85302df8-7a7f-4077-a053-c26dc3d3d65a: receive RaftClientReply:client-C82EA620EB9B->85302df8-7a7f-4077-a053-c26dc3d3d65a@group-4701ABA8D7D0, cid=4135, SUCCESS, logIndex=6832, commits[85302df8-7a7f-4077-a053-c26dc3d3d65a:c6832]
2019-06-13 22:54:04,998 INFO  client.GrpcClientProtocolClient (GrpcClientProtocolClient.java:onNext(254)) - client-C82EA620EB9B->85302df8-7a7f-4077-a053-c26dc3d3d65a: receive RaftClientReply:client-C82EA620EB9B->85302df8-7a7f-4077-a053-c26dc3d3d65a@group-4701ABA8D7D0, cid=4136, SUCCESS, logIndex=6834, commits[85302df8-7a7f-4077-a053-c26dc3d3d65a:c6834]
2019-06-13 22:54:05,011 INFO  client.GrpcClientProtocolClient (GrpcClientProtocolClient.java:onNext(254)) - client-C82EA620EB9B->85302df8-7a7f-4077-a053-c26dc3d3d65a: receive RaftClientReply:client-C82EA620EB9B->85302df8-7a7f-4077-a053-c26dc3d3d65a@group-4701ABA8D7D0, cid=4137, SUCCESS, logIndex=6837, commits[85302df8-7a7f-4077-a053-c26dc3d3d65a:c6837]
2019-06-13 22:54:05,012 INFO  client.GrpcClientProtocolClient (GrpcClientProtocolClient.java:onNext(254)) - client-C82EA620EB9B->85302df8-7a7f-4077-a053-c26dc3d3d65a: receive RaftClientReply:client-C82EA620EB9B->85302df8-7a7f-4077-a053-c26dc3d3d65a@group-4701ABA8D7D0, cid=4138, SUCCESS, logIndex=6839, commits[85302df8-7a7f-4077-a053-c26dc3d3d65a:c6839]
2019-06-13 22:54:05,013 INFO  client.GrpcClientProtocolClient (GrpcClientProtocolClient.java:onNext(254)) - client-C82EA620EB9B->85302df8-7a7f-4077-a053-c26dc3d3d65a: receive RaftClientReply:client-C82EA620EB9B->85302df8-7a7f-4077-a053-c26dc3d3d65a@group-4701ABA8D7D0, cid=4139, SUCCESS, logIndex=6840, commits[85302df8-7a7f-4077-a053-c26dc3d3d65a:c6842]
2019-06-13 22:54:05,013 INFO  client.GrpcClientProtocolClient (GrpcClientProtocolClient.java:onNext(254)) - client-C82EA620EB9B->85302df8-7a7f-4077-a053-c26dc3d3d65a: receive RaftClientReply:client-C82EA620EB9B->85302df8-7a7f-4077-a053-c26dc3d3d65a@group-4701ABA8D7D0, cid=4140, SUCCESS, logIndex=6841, commits[85302df8-7a7f-4077-a053-c26dc3d3d65a:c6842]
2019-06-13 22:54:05,018 INFO  client.GrpcClientProtocolClient (GrpcClientProtocolClient.java:onNext(254)) - client-C82EA620EB9B->85302df8-7a7f-4077-a053-c26dc3d3d65a: receive RaftClientReply:client-C82EA620EB9B->85302df8-7a7f-4077-a053-c26dc3d3d65a@group-4701ABA8D7D0, cid=4141, SUCCESS, logIndex=6843, commits[85302df8-7a7f-4077-a053-c26dc3d3d65a:c6843]
2019-06-13 22:54:05,019 INFO  client.GrpcClientProtocolClient (GrpcClientProtocolClient.java:onNext(254)) - client-C82EA620EB9B->85302df8-7a7f-4077-a053-c26dc3d3d65a: receive RaftClientReply:client-C82EA620EB9B->85302df8-7a7f-4077-a053-c26dc3d3d65a@group-4701ABA8D7D0, cid=4142, SUCCESS, logIndex=6845, commits[85302df8-7a7f-4077-a053-c26dc3d3d65a:c6845]
2019-06-13 22:54:05,021 INFO  client.GrpcClientProtocolClient (GrpcClientProtocolClient.java:onNext(254)) - client-C82EA620EB9B->85302df8-7a7f-4077-a053-c26dc3d3d65a: receive RaftClientReply:client-C82EA620EB9B->85302df8-7a7f-4077-a053-c26dc3d3d65a@group-4701ABA8D7D0, cid=4143, SUCCESS, logIndex=6846, commits[85302df8-7a7f-4077-a053-c26dc3d3d65a:c6848]
2019-06-13 22:54:05,021 INFO  client.GrpcClientProtocolClient (GrpcClientProtocolClient.java:onNext(254)) - client-C82EA620EB9B->85302df8-7a7f-4077-a053-c26dc3d3d65a: receive RaftClientReply:client-C82EA620EB9B->85302df8-7a7f-4077-a053-c26dc3d3d65a@group-4701ABA8D7D0, cid=4144, SUCCESS, logIndex=6847, commits[85302df8-7a7f-4077-a053-c26dc3d3d65a:c6848]
2019-06-13 22:54:05,033 INFO  client.GrpcClientProtocolClient (GrpcClientProtocolClient.java:onNext(254)) - client-C82EA620EB9B->85302df8-7a7f-4077-a053-c26dc3d3d65a: receive RaftClientReply:client-C82EA620EB9B->85302df8-7a7f-4077-a053-c26dc3d3d65a@group-4701ABA8D7D0, cid=4145, SUCCESS, logIndex=6849, commits[85302df8-7a7f-4077-a053-c26dc3d3d65a:c6849]
2019-06-13 22:54:05,034 INFO  client.GrpcClientProtocolClient (GrpcClientProtocolClient.java:onNext(254)) - client-C82EA620EB9B->85302df8-7a7f-4077-a053-c26dc3d3d65a: receive RaftClientReply:client-C82EA620EB9B->85302df8-7a7f-4077-a053-c26dc3d3d65a@group-4701ABA8D7D0, cid=4146, SUCCESS, logIndex=6851, commits[85302df8-7a7f-4077-a053-c26dc3d3d65a:c6851]
2019-06-13 22:54:05,035 INFO  client.GrpcClientProtocolClient (GrpcClientProtocolClient.java:onNext(254)) - client-C82EA620EB9B->85302df8-7a7f-4077-a053-c26dc3d3d65a: receive RaftClientReply:client-C82EA620EB9B->85302df8-7a7f-4077-a053-c26dc3d3d65a@group-4701ABA8D7D0, cid=4147, SUCCESS, logIndex=6852, commits[85302df8-7a7f-4077-a053-c26dc3d3d65a:c6854]
2019-06-13 22:54:05,035 INFO  client.GrpcClientProtocolClient (GrpcClientProtocolClient.java:onNext(254)) - client-C82EA620EB9B->85302df8-7a7f-4077-a053-c26dc3d3d65a: receive RaftClientReply:client-C82EA620EB9B->85302df8-7a7f-4077-a053-c26dc3d3d65a@group-4701ABA8D7D0, cid=4148, SUCCESS, logIndex=6853, commits[85302df8-7a7f-4077-a053-c26dc3d3d65a:c6854]
2019-06-13 22:54:05,041 INFO  client.GrpcClientProtocolClient (GrpcClientProtocolClient.java:onNext(254)) - client-C82EA620EB9B->85302df8-7a7f-4077-a053-c26dc3d3d65a: receive RaftClientReply:client-C82EA620EB9B->85302df8-7a7f-4077-a053-c26dc3d3d65a@group-4701ABA8D7D0, cid=4149, SUCCESS, logIndex=6855, commits[85302df8-7a7f-4077-a053-c26dc3d3d65a:c6855]
2019-06-13 22:54:05,042 INFO  client.GrpcClientProtocolClient (GrpcClientProtocolClient.java:onNext(254)) - client-C82EA620EB9B->85302df8-7a7f-4077-a053-c26dc3d3d65a: receive RaftClientReply:client-C82EA620EB9B->85302df8-7a7f-4077-a053-c26dc3d3d65a@group-4701ABA8D7D0, cid=4150, SUCCESS, logIndex=6857, commits[85302df8-7a7f-4077-a053-c26dc3d3d65a:c6857]
2019-06-13 22:54:05,043 INFO  client.GrpcClientProtocolClient (GrpcClientProtocolClient.java:onNext(254)) - client-C82EA620EB9B->85302df8-7a7f-4077-a053-c26dc3d3d65a: receive RaftClientReply:client-C82EA620EB9B->85302df8-7a7f-4077-a053-c26dc3d3d65a@group-4701ABA8D7D0, cid=4151, SUCCESS, logIndex=6858, commits[85302df8-7a7f-4077-a053-c26dc3d3d65a:c6859]
2019-06-13 22:54:05,044 INFO  client.GrpcClientProtocolClient (GrpcClientProtocolClient.java:onNext(254)) - client-C82EA620EB9B->85302df8-7a7f-4077-a053-c26dc3d3d65a: receive RaftClientReply:client-C82EA620EB9B->85302df8-7a7f-4077-a053-c26dc3d3d65a@group-4701ABA8D7D0, cid=4152, SUCCESS, logIndex=6860, commits[85302df8-7a7f-4077-a053-c26dc3d3d65a:c6860]
2019-06-13 22:54:05,057 INFO  client.GrpcClientProtocolClient (GrpcClientProtocolClient.java:onNext(254)) - client-C82EA620EB9B->85302df8-7a7f-4077-a053-c26dc3d3d65a: receive RaftClientReply:client-C82EA620EB9B->85302df8-7a7f-4077-a053-c26dc3d3d65a@group-4701ABA8D7D0, cid=4153, SUCCESS, logIndex=6862, commits[85302df8-7a7f-4077-a053-c26dc3d3d65a:c6862]
2019-06-13 22:54:05,070 INFO  client.GrpcClientProtocolClient (GrpcClientProtocolClient.java:onNext(254)) - client-C82EA620EB9B->85302df8-7a7f-4077-a053-c26dc3d3d65a: receive RaftClientReply:client-C82EA620EB9B->85302df8-7a7f-4077-a053-c26dc3d3d65a@group-4701ABA8D7D0, cid=4154, SUCCESS, logIndex=6864, commits[85302df8-7a7f-4077-a053-c26dc3d3d65a:c6864]
2019-06-13 22:54:05,071 DEBUG block.SCMBlockDeletingService (SCMBlockDeletingService.java:call(138)) - Running DeletedBlockTransactionScanner
2019-06-13 22:54:05,072 DEBUG block.SCMBlockDeletingService (SCMBlockDeletingService.java:call(155)) - Scanned deleted blocks log and got 0 delTX to process.
2019-06-13 22:54:05,135 INFO  client.GrpcClientProtocolClient (GrpcClientProtocolClient.java:onNext(254)) - client-C82EA620EB9B->85302df8-7a7f-4077-a053-c26dc3d3d65a: receive RaftClientReply:client-C82EA620EB9B->85302df8-7a7f-4077-a053-c26dc3d3d65a@group-4701ABA8D7D0, cid=4155, SUCCESS, logIndex=6866, commits[85302df8-7a7f-4077-a053-c26dc3d3d65a:c6866]
2019-06-13 22:54:05,136 INFO  client.GrpcClientProtocolClient (GrpcClientProtocolClient.java:onNext(254)) - client-C82EA620EB9B->85302df8-7a7f-4077-a053-c26dc3d3d65a: receive RaftClientReply:client-C82EA620EB9B->85302df8-7a7f-4077-a053-c26dc3d3d65a@group-4701ABA8D7D0, cid=4156, SUCCESS, logIndex=6868, commits[85302df8-7a7f-4077-a053-c26dc3d3d65a:c6868]
2019-06-13 22:54:05,142 INFO  client.GrpcClientProtocolClient (GrpcClientProtocolClient.java:onNext(254)) - client-C82EA620EB9B->85302df8-7a7f-4077-a053-c26dc3d3d65a: receive RaftClientReply:client-C82EA620EB9B->85302df8-7a7f-4077-a053-c26dc3d3d65a@group-4701ABA8D7D0, cid=4157, SUCCESS, logIndex=6870, commits[85302df8-7a7f-4077-a053-c26dc3d3d65a:c6870]
2019-06-13 22:54:05,143 INFO  client.GrpcClientProtocolClient (GrpcClientProtocolClient.java:onNext(254)) - client-C82EA620EB9B->85302df8-7a7f-4077-a053-c26dc3d3d65a: receive RaftClientReply:client-C82EA620EB9B->85302df8-7a7f-4077-a053-c26dc3d3d65a@group-4701ABA8D7D0, cid=4158, SUCCESS, logIndex=6872, commits[85302df8-7a7f-4077-a053-c26dc3d3d65a:c6872]
2019-06-13 22:54:05,144 INFO  client.GrpcClientProtocolClient (GrpcClientProtocolClient.java:onNext(254)) - client-C82EA620EB9B->85302df8-7a7f-4077-a053-c26dc3d3d65a: receive RaftClientReply:client-C82EA620EB9B->85302df8-7a7f-4077-a053-c26dc3d3d65a@group-4701ABA8D7D0, cid=4159, SUCCESS, logIndex=6873, commits[85302df8-7a7f-4077-a053-c26dc3d3d65a:c6875]
2019-06-13 22:54:05,145 INFO  client.GrpcClientProtocolClient (GrpcClientProtocolClient.java:onNext(254)) - client-C82EA620EB9B->85302df8-7a7f-4077-a053-c26dc3d3d65a: receive RaftClientReply:client-C82EA620EB9B->85302df8-7a7f-4077-a053-c26dc3d3d65a@group-4701ABA8D7D0, cid=4160, SUCCESS, logIndex=6874, commits[85302df8-7a7f-4077-a053-c26dc3d3d65a:c6875]
2019-06-13 22:54:05,189 DEBUG block.SCMBlockDeletingService (SCMBlockDeletingService.java:call(138)) - Running DeletedBlockTransactionScanner
2019-06-13 22:54:05,189 DEBUG block.SCMBlockDeletingService (SCMBlockDeletingService.java:call(155)) - Scanned deleted blocks log and got 0 delTX to process.
2019-06-13 22:54:05,192 INFO  client.GrpcClientProtocolClient (GrpcClientProtocolClient.java:onNext(254)) - client-C82EA620EB9B->85302df8-7a7f-4077-a053-c26dc3d3d65a: receive RaftClientReply:client-C82EA620EB9B->85302df8-7a7f-4077-a053-c26dc3d3d65a@group-4701ABA8D7D0, cid=4161, SUCCESS, logIndex=6876, commits[85302df8-7a7f-4077-a053-c26dc3d3d65a:c6876]
2019-06-13 22:54:05,193 INFO  client.GrpcClientProtocolClient (GrpcClientProtocolClient.java:onNext(254)) - client-C82EA620EB9B->85302df8-7a7f-4077-a053-c26dc3d3d65a: receive RaftClientReply:client-C82EA620EB9B->85302df8-7a7f-4077-a053-c26dc3d3d65a@group-4701ABA8D7D0, cid=4162, SUCCESS, logIndex=6878, commits[85302df8-7a7f-4077-a053-c26dc3d3d65a:c6878]
2019-06-13 22:54:05,195 INFO  client.GrpcClientProtocolClient (GrpcClientProtocolClient.java:onNext(254)) - client-C82EA620EB9B->85302df8-7a7f-4077-a053-c26dc3d3d65a: receive RaftClientReply:client-C82EA620EB9B->85302df8-7a7f-4077-a053-c26dc3d3d65a@group-4701ABA8D7D0, cid=4163, SUCCESS, logIndex=6880, commits[85302df8-7a7f-4077-a053-c26dc3d3d65a:c6881]
2019-06-13 22:54:05,195 INFO  client.GrpcClientProtocolClient (GrpcClientProtocolClient.java:onNext(254)) - client-C82EA620EB9B->85302df8-7a7f-4077-a053-c26dc3d3d65a: receive RaftClientReply:client-C82EA620EB9B->85302df8-7a7f-4077-a053-c26dc3d3d65a@group-4701ABA8D7D0, cid=4164, SUCCESS, logIndex=6881, commits[85302df8-7a7f-4077-a053-c26dc3d3d65a:c6881]
2019-06-13 22:54:05,200 INFO  client.GrpcClientProtocolClient (GrpcClientProtocolClient.java:onNext(254)) - client-C82EA620EB9B->85302df8-7a7f-4077-a053-c26dc3d3d65a: receive RaftClientReply:client-C82EA620EB9B->85302df8-7a7f-4077-a053-c26dc3d3d65a@group-4701ABA8D7D0, cid=4165, SUCCESS, logIndex=6883, commits[85302df8-7a7f-4077-a053-c26dc3d3d65a:c6883]
2019-06-13 22:54:05,201 INFO  client.GrpcClientProtocolClient (GrpcClientProtocolClient.java:onNext(254)) - client-C82EA620EB9B->85302df8-7a7f-4077-a053-c26dc3d3d65a: receive RaftClientReply:client-C82EA620EB9B->85302df8-7a7f-4077-a053-c26dc3d3d65a@group-4701ABA8D7D0, cid=4166, SUCCESS, logIndex=6885, commits[85302df8-7a7f-4077-a053-c26dc3d3d65a:c6885]
2019-06-13 22:54:05,203 INFO  client.GrpcClientProtocolClient (GrpcClientProtocolClient.java:onNext(254)) - client-C82EA620EB9B->85302df8-7a7f-4077-a053-c26dc3d3d65a: receive RaftClientReply:client-C82EA620EB9B->85302df8-7a7f-4077-a053-c26dc3d3d65a@group-4701ABA8D7D0, cid=4167, SUCCESS, logIndex=6886, commits[85302df8-7a7f-4077-a053-c26dc3d3d65a:c6888]
2019-06-13 22:54:05,203 INFO  client.GrpcClientProtocolClient (GrpcClientProtocolClient.java:onNext(254)) - client-C82EA620EB9B->85302df8-7a7f-4077-a053-c26dc3d3d65a: receive RaftClientReply:client-C82EA620EB9B->85302df8-7a7f-4077-a053-c26dc3d3d65a@group-4701ABA8D7D0, cid=4168, SUCCESS, logIndex=6887, commits[85302df8-7a7f-4077-a053-c26dc3d3d65a:c6888]
2019-06-13 22:54:05,215 INFO  client.GrpcClientProtocolClient (GrpcClientProtocolClient.java:onNext(254)) - client-C82EA620EB9B->85302df8-7a7f-4077-a053-c26dc3d3d65a: receive RaftClientReply:client-C82EA620EB9B->85302df8-7a7f-4077-a053-c26dc3d3d65a@group-4701ABA8D7D0, cid=4169, SUCCESS, logIndex=6889, commits[85302df8-7a7f-4077-a053-c26dc3d3d65a:c6889]
2019-06-13 22:54:05,215 INFO  storage.RaftLogWorker (RaftLogWorker.java:rollLogSegment(303)) - 85302df8-7a7f-4077-a053-c26dc3d3d65a-RaftLogWorker: Rolling segment log-6820_6891 to index:6891
2019-06-13 22:54:05,215 INFO  storage.RaftLogWorker (RaftLogWorker.java:execute(433)) - 85302df8-7a7f-4077-a053-c26dc3d3d65a-RaftLogWorker: Rolled log segment from /opt/src/hadoop-ozone/integration-test/target/test-dir/MiniOzoneClusterImpl-550f9ca0-a6d9-4a4a-902f-f07ac81eac7b/datanode-0/data/ratis/5ad10fc2-5a33-4bdd-8958-4701aba8d7d0/current/log_inprogress_6820 to /opt/src/hadoop-ozone/integration-test/target/test-dir/MiniOzoneClusterImpl-550f9ca0-a6d9-4a4a-902f-f07ac81eac7b/datanode-0/data/ratis/5ad10fc2-5a33-4bdd-8958-4701aba8d7d0/current/log_6820-6891
2019-06-13 22:54:05,218 INFO  client.GrpcClientProtocolClient (GrpcClientProtocolClient.java:onNext(254)) - client-C82EA620EB9B->85302df8-7a7f-4077-a053-c26dc3d3d65a: receive RaftClientReply:client-C82EA620EB9B->85302df8-7a7f-4077-a053-c26dc3d3d65a@group-4701ABA8D7D0, cid=4170, SUCCESS, logIndex=6891, commits[85302df8-7a7f-4077-a053-c26dc3d3d65a:c6891]
2019-06-13 22:54:05,251 INFO  storage.RaftLogWorker (RaftLogWorker.java:execute(469)) - 85302df8-7a7f-4077-a053-c26dc3d3d65a-RaftLogWorker: created new log segment /opt/src/hadoop-ozone/integration-test/target/test-dir/MiniOzoneClusterImpl-550f9ca0-a6d9-4a4a-902f-f07ac81eac7b/datanode-0/data/ratis/5ad10fc2-5a33-4bdd-8958-4701aba8d7d0/current/log_inprogress_6892
2019-06-13 22:54:05,252 INFO  client.GrpcClientProtocolClient (GrpcClientProtocolClient.java:onNext(254)) - client-C82EA620EB9B->85302df8-7a7f-4077-a053-c26dc3d3d65a: receive RaftClientReply:client-C82EA620EB9B->85302df8-7a7f-4077-a053-c26dc3d3d65a@group-4701ABA8D7D0, cid=4171, SUCCESS, logIndex=6892, commits[85302df8-7a7f-4077-a053-c26dc3d3d65a:c6894]
2019-06-13 22:54:05,253 INFO  client.GrpcClientProtocolClient (GrpcClientProtocolClient.java:onNext(254)) - client-C82EA620EB9B->85302df8-7a7f-4077-a053-c26dc3d3d65a: receive RaftClientReply:client-C82EA620EB9B->85302df8-7a7f-4077-a053-c26dc3d3d65a@group-4701ABA8D7D0, cid=4172, SUCCESS, logIndex=6893, commits[85302df8-7a7f-4077-a053-c26dc3d3d65a:c6894]
2019-06-13 22:54:05,258 INFO  client.GrpcClientProtocolClient (GrpcClientProtocolClient.java:onNext(254)) - client-C82EA620EB9B->85302df8-7a7f-4077-a053-c26dc3d3d65a: receive RaftClientReply:client-C82EA620EB9B->85302df8-7a7f-4077-a053-c26dc3d3d65a@group-4701ABA8D7D0, cid=4173, SUCCESS, logIndex=6895, commits[85302df8-7a7f-4077-a053-c26dc3d3d65a:c6895]
2019-06-13 22:54:05,259 INFO  client.GrpcClientProtocolClient (GrpcClientProtocolClient.java:onNext(254)) - client-C82EA620EB9B->85302df8-7a7f-4077-a053-c26dc3d3d65a: receive RaftClientReply:client-C82EA620EB9B->85302df8-7a7f-4077-a053-c26dc3d3d65a@group-4701ABA8D7D0, cid=4174, SUCCESS, logIndex=6897, commits[85302df8-7a7f-4077-a053-c26dc3d3d65a:c6897]
2019-06-13 22:54:05,260 INFO  client.GrpcClientProtocolClient (GrpcClientProtocolClient.java:onNext(254)) - client-C82EA620EB9B->85302df8-7a7f-4077-a053-c26dc3d3d65a: receive RaftClientReply:client-C82EA620EB9B->85302df8-7a7f-4077-a053-c26dc3d3d65a@group-4701ABA8D7D0, cid=4175, SUCCESS, logIndex=6898, commits[85302df8-7a7f-4077-a053-c26dc3d3d65a:c6900]
2019-06-13 22:54:05,261 INFO  client.GrpcClientProtocolClient (GrpcClientProtocolClient.java:onNext(254)) - client-C82EA620EB9B->85302df8-7a7f-4077-a053-c26dc3d3d65a: receive RaftClientReply:client-C82EA620EB9B->85302df8-7a7f-4077-a053-c26dc3d3d65a@group-4701ABA8D7D0, cid=4176, SUCCESS, logIndex=6899, commits[85302df8-7a7f-4077-a053-c26dc3d3d65a:c6900]
2019-06-13 22:54:05,274 INFO  client.GrpcClientProtocolClient (GrpcClientProtocolClient.java:onNext(254)) - client-C82EA620EB9B->85302df8-7a7f-4077-a053-c26dc3d3d65a: receive RaftClientReply:client-C82EA620EB9B->85302df8-7a7f-4077-a053-c26dc3d3d65a@group-4701ABA8D7D0, cid=4177, SUCCESS, logIndex=6901, commits[85302df8-7a7f-4077-a053-c26dc3d3d65a:c6901]
2019-06-13 22:54:05,276 INFO  client.GrpcClientProtocolClient (GrpcClientProtocolClient.java:onNext(254)) - client-C82EA620EB9B->85302df8-7a7f-4077-a053-c26dc3d3d65a: receive RaftClientReply:client-C82EA620EB9B->85302df8-7a7f-4077-a053-c26dc3d3d65a@group-4701ABA8D7D0, cid=4178, SUCCESS, logIndex=6903, commits[85302df8-7a7f-4077-a053-c26dc3d3d65a:c6903]
2019-06-13 22:54:05,276 INFO  client.GrpcClientProtocolClient (GrpcClientProtocolClient.java:onNext(254)) - client-C82EA620EB9B->85302df8-7a7f-4077-a053-c26dc3d3d65a: receive RaftClientReply:client-C82EA620EB9B->85302df8-7a7f-4077-a053-c26dc3d3d65a@group-4701ABA8D7D0, cid=4179, SUCCESS, logIndex=6904, commits[85302df8-7a7f-4077-a053-c26dc3d3d65a:c6906]
2019-06-13 22:54:05,277 INFO  client.GrpcClientProtocolClient (GrpcClientProtocolClient.java:onNext(254)) - client-C82EA620EB9B->85302df8-7a7f-4077-a053-c26dc3d3d65a: receive RaftClientReply:client-C82EA620EB9B->85302df8-7a7f-4077-a053-c26dc3d3d65a@group-4701ABA8D7D0, cid=4180, SUCCESS, logIndex=6905, commits[85302df8-7a7f-4077-a053-c26dc3d3d65a:c6906]
2019-06-13 22:54:05,282 INFO  client.GrpcClientProtocolClient (GrpcClientProtocolClient.java:onNext(254)) - client-C82EA620EB9B->85302df8-7a7f-4077-a053-c26dc3d3d65a: receive RaftClientReply:client-C82EA620EB9B->85302df8-7a7f-4077-a053-c26dc3d3d65a@group-4701ABA8D7D0, cid=4181, SUCCESS, logIndex=6907, commits[85302df8-7a7f-4077-a053-c26dc3d3d65a:c6907]
2019-06-13 22:54:05,284 INFO  client.GrpcClientProtocolClient (GrpcClientProtocolClient.java:onNext(254)) - client-C82EA620EB9B->85302df8-7a7f-4077-a053-c26dc3d3d65a: receive RaftClientReply:client-C82EA620EB9B->85302df8-7a7f-4077-a053-c26dc3d3d65a@group-4701ABA8D7D0, cid=4182, SUCCESS, logIndex=6909, commits[85302df8-7a7f-4077-a053-c26dc3d3d65a:c6909]
2019-06-13 22:54:05,285 INFO  client.GrpcClientProtocolClient (GrpcClientProtocolClient.java:onNext(254)) - client-C82EA620EB9B->85302df8-7a7f-4077-a053-c26dc3d3d65a: receive RaftClientReply:client-C82EA620EB9B->85302df8-7a7f-4077-a053-c26dc3d3d65a@group-4701ABA8D7D0, cid=4183, SUCCESS, logIndex=6910, commits[85302df8-7a7f-4077-a053-c26dc3d3d65a:c6912]
2019-06-13 22:54:05,285 INFO  client.GrpcClientProtocolClient (GrpcClientProtocolClient.java:onNext(254)) - client-C82EA620EB9B->85302df8-7a7f-4077-a053-c26dc3d3d65a: receive RaftClientReply:client-C82EA620EB9B->85302df8-7a7f-4077-a053-c26dc3d3d65a@group-4701ABA8D7D0, cid=4184, SUCCESS, logIndex=6911, commits[85302df8-7a7f-4077-a053-c26dc3d3d65a:c6912]
2019-06-13 22:54:05,289 DEBUG block.SCMBlockDeletingService (SCMBlockDeletingService.java:call(138)) - Running DeletedBlockTransactionScanner
2019-06-13 22:54:05,289 DEBUG block.SCMBlockDeletingService (SCMBlockDeletingService.java:call(155)) - Scanned deleted blocks log and got 0 delTX to process.
2019-06-13 22:54:05,297 INFO  client.GrpcClientProtocolClient (GrpcClientProtocolClient.java:onNext(254)) - client-C82EA620EB9B->85302df8-7a7f-4077-a053-c26dc3d3d65a: receive RaftClientReply:client-C82EA620EB9B->85302df8-7a7f-4077-a053-c26dc3d3d65a@group-4701ABA8D7D0, cid=4185, SUCCESS, logIndex=6913, commits[85302df8-7a7f-4077-a053-c26dc3d3d65a:c6913]
2019-06-13 22:54:05,299 INFO  client.GrpcClientProtocolClient (GrpcClientProtocolClient.java:onNext(254)) - client-C82EA620EB9B->85302df8-7a7f-4077-a053-c26dc3d3d65a: receive RaftClientReply:client-C82EA620EB9B->85302df8-7a7f-4077-a053-c26dc3d3d65a@group-4701ABA8D7D0, cid=4186, SUCCESS, logIndex=6915, commits[85302df8-7a7f-4077-a053-c26dc3d3d65a:c6915]
2019-06-13 22:54:05,299 INFO  client.GrpcClientProtocolClient (GrpcClientProtocolClient.java:onNext(254)) - client-C82EA620EB9B->85302df8-7a7f-4077-a053-c26dc3d3d65a: receive RaftClientReply:client-C82EA620EB9B->85302df8-7a7f-4077-a053-c26dc3d3d65a@group-4701ABA8D7D0, cid=4187, SUCCESS, logIndex=6916, commits[85302df8-7a7f-4077-a053-c26dc3d3d65a:c6918]
2019-06-13 22:54:05,299 INFO  client.GrpcClientProtocolClient (GrpcClientProtocolClient.java:onNext(254)) - client-C82EA620EB9B->85302df8-7a7f-4077-a053-c26dc3d3d65a: receive RaftClientReply:client-C82EA620EB9B->85302df8-7a7f-4077-a053-c26dc3d3d65a@group-4701ABA8D7D0, cid=4188, SUCCESS, logIndex=6917, commits[85302df8-7a7f-4077-a053-c26dc3d3d65a:c6918]
2019-06-13 22:54:05,305 INFO  client.GrpcClientProtocolClient (GrpcClientProtocolClient.java:onNext(254)) - client-C82EA620EB9B->85302df8-7a7f-4077-a053-c26dc3d3d65a: receive RaftClientReply:client-C82EA620EB9B->85302df8-7a7f-4077-a053-c26dc3d3d65a@group-4701ABA8D7D0, cid=4189, SUCCESS, logIndex=6919, commits[85302df8-7a7f-4077-a053-c26dc3d3d65a:c6919]
2019-06-13 22:54:05,307 INFO  client.GrpcClientProtocolClient (GrpcClientProtocolClient.java:onNext(254)) - client-C82EA620EB9B->85302df8-7a7f-4077-a053-c26dc3d3d65a: receive RaftClientReply:client-C82EA620EB9B->85302df8-7a7f-4077-a053-c26dc3d3d65a@group-4701ABA8D7D0, cid=4190, SUCCESS, logIndex=6921, commits[85302df8-7a7f-4077-a053-c26dc3d3d65a:c6921]
2019-06-13 22:54:05,308 INFO  client.GrpcClientProtocolClient (GrpcClientProtocolClient.java:onNext(254)) - client-C82EA620EB9B->85302df8-7a7f-4077-a053-c26dc3d3d65a: receive RaftClientReply:client-C82EA620EB9B->85302df8-7a7f-4077-a053-c26dc3d3d65a@group-4701ABA8D7D0, cid=4191, SUCCESS, logIndex=6922, commits[85302df8-7a7f-4077-a053-c26dc3d3d65a:c6922]
2019-06-13 22:54:05,308 INFO  client.GrpcClientProtocolClient (GrpcClientProtocolClient.java:onNext(254)) - client-C82EA620EB9B->85302df8-7a7f-4077-a053-c26dc3d3d65a: receive RaftClientReply:client-C82EA620EB9B->85302df8-7a7f-4077-a053-c26dc3d3d65a@group-4701ABA8D7D0, cid=4192, SUCCESS, logIndex=6924, commits[85302df8-7a7f-4077-a053-c26dc3d3d65a:c6924]
2019-06-13 22:54:05,319 INFO  client.GrpcClientProtocolClient (GrpcClientProtocolClient.java:onNext(254)) - client-C82EA620EB9B->85302df8-7a7f-4077-a053-c26dc3d3d65a: receive RaftClientReply:client-C82EA620EB9B->85302df8-7a7f-4077-a053-c26dc3d3d65a@group-4701ABA8D7D0, cid=4193, SUCCESS, logIndex=6927, commits[85302df8-7a7f-4077-a053-c26dc3d3d65a:c6927]
2019-06-13 22:54:05,320 INFO  client.GrpcClientProtocolClient (GrpcClientProtocolClient.java:onNext(254)) - client-C82EA620EB9B->85302df8-7a7f-4077-a053-c26dc3d3d65a: receive RaftClientReply:client-C82EA620EB9B->85302df8-7a7f-4077-a053-c26dc3d3d65a@group-4701ABA8D7D0, cid=4194, SUCCESS, logIndex=6929, commits[85302df8-7a7f-4077-a053-c26dc3d3d65a:c6929]
2019-06-13 22:54:05,321 INFO  client.GrpcClientProtocolClient (GrpcClientProtocolClient.java:onNext(254)) - client-C82EA620EB9B->85302df8-7a7f-4077-a053-c26dc3d3d65a: receive RaftClientReply:client-C82EA620EB9B->85302df8-7a7f-4077-a053-c26dc3d3d65a@group-4701ABA8D7D0, cid=4195, SUCCESS, logIndex=6930, commits[85302df8-7a7f-4077-a053-c26dc3d3d65a:c6932]
2019-06-13 22:54:05,322 INFO  client.GrpcClientProtocolClient (GrpcClientProtocolClient.java:onNext(254)) - client-C82EA620EB9B->85302df8-7a7f-4077-a053-c26dc3d3d65a: receive RaftClientReply:client-C82EA620EB9B->85302df8-7a7f-4077-a053-c26dc3d3d65a@group-4701ABA8D7D0, cid=4196, SUCCESS, logIndex=6931, commits[85302df8-7a7f-4077-a053-c26dc3d3d65a:c6932]
2019-06-13 22:54:05,327 INFO  client.GrpcClientProtocolClient (GrpcClientProtocolClient.java:onNext(254)) - client-C82EA620EB9B->85302df8-7a7f-4077-a053-c26dc3d3d65a: receive RaftClientReply:client-C82EA620EB9B->85302df8-7a7f-4077-a053-c26dc3d3d65a@group-4701ABA8D7D0, cid=4197, SUCCESS, logIndex=6933, commits[85302df8-7a7f-4077-a053-c26dc3d3d65a:c6933]
2019-06-13 22:54:05,328 INFO  client.GrpcClientProtocolClient (GrpcClientProtocolClient.java:onNext(254)) - client-C82EA620EB9B->85302df8-7a7f-4077-a053-c26dc3d3d65a: receive RaftClientReply:client-C82EA620EB9B->85302df8-7a7f-4077-a053-c26dc3d3d65a@group-4701ABA8D7D0, cid=4198, SUCCESS, logIndex=6935, commits[85302df8-7a7f-4077-a053-c26dc3d3d65a:c6935]
2019-06-13 22:54:05,330 INFO  client.GrpcClientProtocolClient (GrpcClientProtocolClient.java:onNext(254)) - client-C82EA620EB9B->85302df8-7a7f-4077-a053-c26dc3d3d65a: receive RaftClientReply:client-C82EA620EB9B->85302df8-7a7f-4077-a053-c26dc3d3d65a@group-4701ABA8D7D0, cid=4199, SUCCESS, logIndex=6936, commits[85302df8-7a7f-4077-a053-c26dc3d3d65a:c6938]
2019-06-13 22:54:05,330 INFO  client.GrpcClientProtocolClient (GrpcClientProtocolClient.java:onNext(254)) - client-C82EA620EB9B->85302df8-7a7f-4077-a053-c26dc3d3d65a: receive RaftClientReply:client-C82EA620EB9B->85302df8-7a7f-4077-a053-c26dc3d3d65a@group-4701ABA8D7D0, cid=4200, SUCCESS, logIndex=6937, commits[85302df8-7a7f-4077-a053-c26dc3d3d65a:c6938]
2019-06-13 22:54:05,389 DEBUG block.SCMBlockDeletingService (SCMBlockDeletingService.java:call(138)) - Running DeletedBlockTransactionScanner
2019-06-13 22:54:05,390 DEBUG block.SCMBlockDeletingService (SCMBlockDeletingService.java:call(155)) - Scanned deleted blocks log and got 0 delTX to process.
2019-06-13 22:54:05,412 INFO  client.GrpcClientProtocolClient (GrpcClientProtocolClient.java:onNext(254)) - client-C82EA620EB9B->85302df8-7a7f-4077-a053-c26dc3d3d65a: receive RaftClientReply:client-C82EA620EB9B->85302df8-7a7f-4077-a053-c26dc3d3d65a@group-4701ABA8D7D0, cid=4201, SUCCESS, logIndex=6939, commits[85302df8-7a7f-4077-a053-c26dc3d3d65a:c6939]
2019-06-13 22:54:05,422 INFO  client.GrpcClientProtocolClient (GrpcClientProtocolClient.java:onNext(254)) - client-C82EA620EB9B->85302df8-7a7f-4077-a053-c26dc3d3d65a: receive RaftClientReply:client-C82EA620EB9B->85302df8-7a7f-4077-a053-c26dc3d3d65a@group-4701ABA8D7D0, cid=4202, SUCCESS, logIndex=6941, commits[85302df8-7a7f-4077-a053-c26dc3d3d65a:c6941]
2019-06-13 22:54:05,429 INFO  client.GrpcClientProtocolClient (GrpcClientProtocolClient.java:onNext(254)) - client-C82EA620EB9B->85302df8-7a7f-4077-a053-c26dc3d3d65a: receive RaftClientReply:client-C82EA620EB9B->85302df8-7a7f-4077-a053-c26dc3d3d65a@group-4701ABA8D7D0, cid=4203, SUCCESS, logIndex=6943, commits[85302df8-7a7f-4077-a053-c26dc3d3d65a:c6943]
2019-06-13 22:54:05,430 INFO  client.GrpcClientProtocolClient (GrpcClientProtocolClient.java:onNext(254)) - client-C82EA620EB9B->85302df8-7a7f-4077-a053-c26dc3d3d65a: receive RaftClientReply:client-C82EA620EB9B->85302df8-7a7f-4077-a053-c26dc3d3d65a@group-4701ABA8D7D0, cid=4204, SUCCESS, logIndex=6945, commits[85302df8-7a7f-4077-a053-c26dc3d3d65a:c6945]
2019-06-13 22:54:05,436 INFO  client.GrpcClientProtocolClient (GrpcClientProtocolClient.java:onNext(254)) - client-C82EA620EB9B->85302df8-7a7f-4077-a053-c26dc3d3d65a: receive RaftClientReply:client-C82EA620EB9B->85302df8-7a7f-4077-a053-c26dc3d3d65a@group-4701ABA8D7D0, cid=4205, SUCCESS, logIndex=6947, commits[85302df8-7a7f-4077-a053-c26dc3d3d65a:c6947]
2019-06-13 22:54:05,437 INFO  client.GrpcClientProtocolClient (GrpcClientProtocolClient.java:onNext(254)) - client-C82EA620EB9B->85302df8-7a7f-4077-a053-c26dc3d3d65a: receive RaftClientReply:client-C82EA620EB9B->85302df8-7a7f-4077-a053-c26dc3d3d65a@group-4701ABA8D7D0, cid=4206, SUCCESS, logIndex=6949, commits[85302df8-7a7f-4077-a053-c26dc3d3d65a:c6949]
2019-06-13 22:54:05,439 INFO  client.GrpcClientProtocolClient (GrpcClientProtocolClient.java:onNext(254)) - client-C82EA620EB9B->85302df8-7a7f-4077-a053-c26dc3d3d65a: receive RaftClientReply:client-C82EA620EB9B->85302df8-7a7f-4077-a053-c26dc3d3d65a@group-4701ABA8D7D0, cid=4207, SUCCESS, logIndex=6950, commits[85302df8-7a7f-4077-a053-c26dc3d3d65a:c6952]
2019-06-13 22:54:05,439 INFO  client.GrpcClientProtocolClient (GrpcClientProtocolClient.java:onNext(254)) - client-C82EA620EB9B->85302df8-7a7f-4077-a053-c26dc3d3d65a: receive RaftClientReply:client-C82EA620EB9B->85302df8-7a7f-4077-a053-c26dc3d3d65a@group-4701ABA8D7D0, cid=4208, SUCCESS, logIndex=6951, commits[85302df8-7a7f-4077-a053-c26dc3d3d65a:c6952]
2019-06-13 22:54:05,450 INFO  client.GrpcClientProtocolClient (GrpcClientProtocolClient.java:onNext(254)) - client-C82EA620EB9B->85302df8-7a7f-4077-a053-c26dc3d3d65a: receive RaftClientReply:client-C82EA620EB9B->85302df8-7a7f-4077-a053-c26dc3d3d65a@group-4701ABA8D7D0, cid=4209, SUCCESS, logIndex=6953, commits[85302df8-7a7f-4077-a053-c26dc3d3d65a:c6953]
2019-06-13 22:54:05,451 INFO  client.GrpcClientProtocolClient (GrpcClientProtocolClient.java:onNext(254)) - client-C82EA620EB9B->85302df8-7a7f-4077-a053-c26dc3d3d65a: receive RaftClientReply:client-C82EA620EB9B->85302df8-7a7f-4077-a053-c26dc3d3d65a@group-4701ABA8D7D0, cid=4210, SUCCESS, logIndex=6955, commits[85302df8-7a7f-4077-a053-c26dc3d3d65a:c6955]
2019-06-13 22:54:05,452 INFO  client.GrpcClientProtocolClient (GrpcClientProtocolClient.java:onNext(254)) - client-C82EA620EB9B->85302df8-7a7f-4077-a053-c26dc3d3d65a: receive RaftClientReply:client-C82EA620EB9B->85302df8-7a7f-4077-a053-c26dc3d3d65a@group-4701ABA8D7D0, cid=4211, SUCCESS, logIndex=6956, commits[85302df8-7a7f-4077-a053-c26dc3d3d65a:c6958]
2019-06-13 22:54:05,452 INFO  client.GrpcClientProtocolClient (GrpcClientProtocolClient.java:onNext(254)) - client-C82EA620EB9B->85302df8-7a7f-4077-a053-c26dc3d3d65a: receive RaftClientReply:client-C82EA620EB9B->85302df8-7a7f-4077-a053-c26dc3d3d65a@group-4701ABA8D7D0, cid=4212, SUCCESS, logIndex=6957, commits[85302df8-7a7f-4077-a053-c26dc3d3d65a:c6958]
2019-06-13 22:54:05,458 INFO  client.GrpcClientProtocolClient (GrpcClientProtocolClient.java:onNext(254)) - client-C82EA620EB9B->85302df8-7a7f-4077-a053-c26dc3d3d65a: receive RaftClientReply:client-C82EA620EB9B->85302df8-7a7f-4077-a053-c26dc3d3d65a@group-4701ABA8D7D0, cid=4213, SUCCESS, logIndex=6959, commits[85302df8-7a7f-4077-a053-c26dc3d3d65a:c6959]
2019-06-13 22:54:05,458 INFO  storage.RaftLogWorker (RaftLogWorker.java:rollLogSegment(303)) - 85302df8-7a7f-4077-a053-c26dc3d3d65a-RaftLogWorker: Rolling segment log-6892_6960 to index:6960
2019-06-13 22:54:05,458 INFO  storage.RaftLogWorker (RaftLogWorker.java:execute(433)) - 85302df8-7a7f-4077-a053-c26dc3d3d65a-RaftLogWorker: Rolled log segment from /opt/src/hadoop-ozone/integration-test/target/test-dir/MiniOzoneClusterImpl-550f9ca0-a6d9-4a4a-902f-f07ac81eac7b/datanode-0/data/ratis/5ad10fc2-5a33-4bdd-8958-4701aba8d7d0/current/log_inprogress_6892 to /opt/src/hadoop-ozone/integration-test/target/test-dir/MiniOzoneClusterImpl-550f9ca0-a6d9-4a4a-902f-f07ac81eac7b/datanode-0/data/ratis/5ad10fc2-5a33-4bdd-8958-4701aba8d7d0/current/log_6892-6960
2019-06-13 22:54:05,490 DEBUG block.SCMBlockDeletingService (SCMBlockDeletingService.java:call(138)) - Running DeletedBlockTransactionScanner
2019-06-13 22:54:05,490 DEBUG block.SCMBlockDeletingService (SCMBlockDeletingService.java:call(155)) - Scanned deleted blocks log and got 0 delTX to process.
2019-06-13 22:54:05,494 INFO  storage.RaftLogWorker (RaftLogWorker.java:execute(469)) - 85302df8-7a7f-4077-a053-c26dc3d3d65a-RaftLogWorker: created new log segment /opt/src/hadoop-ozone/integration-test/target/test-dir/MiniOzoneClusterImpl-550f9ca0-a6d9-4a4a-902f-f07ac81eac7b/datanode-0/data/ratis/5ad10fc2-5a33-4bdd-8958-4701aba8d7d0/current/log_inprogress_6961
2019-06-13 22:54:05,495 INFO  client.GrpcClientProtocolClient (GrpcClientProtocolClient.java:onNext(254)) - client-C82EA620EB9B->85302df8-7a7f-4077-a053-c26dc3d3d65a: receive RaftClientReply:client-C82EA620EB9B->85302df8-7a7f-4077-a053-c26dc3d3d65a@group-4701ABA8D7D0, cid=4214, SUCCESS, logIndex=6961, commits[85302df8-7a7f-4077-a053-c26dc3d3d65a:c6963]
2019-06-13 22:54:05,496 INFO  client.GrpcClientProtocolClient (GrpcClientProtocolClient.java:onNext(254)) - client-C82EA620EB9B->85302df8-7a7f-4077-a053-c26dc3d3d65a: receive RaftClientReply:client-C82EA620EB9B->85302df8-7a7f-4077-a053-c26dc3d3d65a@group-4701ABA8D7D0, cid=4215, SUCCESS, logIndex=6962, commits[85302df8-7a7f-4077-a053-c26dc3d3d65a:c6964]
2019-06-13 22:54:05,496 INFO  client.GrpcClientProtocolClient (GrpcClientProtocolClient.java:onNext(254)) - client-C82EA620EB9B->85302df8-7a7f-4077-a053-c26dc3d3d65a: receive RaftClientReply:client-C82EA620EB9B->85302df8-7a7f-4077-a053-c26dc3d3d65a@group-4701ABA8D7D0, cid=4216, SUCCESS, logIndex=6963, commits[85302df8-7a7f-4077-a053-c26dc3d3d65a:c6964]
2019-06-13 22:54:05,507 INFO  client.GrpcClientProtocolClient (GrpcClientProtocolClient.java:onNext(254)) - client-C82EA620EB9B->85302df8-7a7f-4077-a053-c26dc3d3d65a: receive RaftClientReply:client-C82EA620EB9B->85302df8-7a7f-4077-a053-c26dc3d3d65a@group-4701ABA8D7D0, cid=4217, SUCCESS, logIndex=6965, commits[85302df8-7a7f-4077-a053-c26dc3d3d65a:c6965]
2019-06-13 22:54:05,509 INFO  client.GrpcClientProtocolClient (GrpcClientProtocolClient.java:onNext(254)) - client-C82EA620EB9B->85302df8-7a7f-4077-a053-c26dc3d3d65a: receive RaftClientReply:client-C82EA620EB9B->85302df8-7a7f-4077-a053-c26dc3d3d65a@group-4701ABA8D7D0, cid=4218, SUCCESS, logIndex=6967, commits[85302df8-7a7f-4077-a053-c26dc3d3d65a:c6967]
2019-06-13 22:54:05,510 INFO  client.GrpcClientProtocolClient (GrpcClientProtocolClient.java:onNext(254)) - client-C82EA620EB9B->85302df8-7a7f-4077-a053-c26dc3d3d65a: receive RaftClientReply:client-C82EA620EB9B->85302df8-7a7f-4077-a053-c26dc3d3d65a@group-4701ABA8D7D0, cid=4219, SUCCESS, logIndex=6968, commits[85302df8-7a7f-4077-a053-c26dc3d3d65a:c6970]
2019-06-13 22:54:05,510 INFO  client.GrpcClientProtocolClient (GrpcClientProtocolClient.java:onNext(254)) - client-C82EA620EB9B->85302df8-7a7f-4077-a053-c26dc3d3d65a: receive RaftClientReply:client-C82EA620EB9B->85302df8-7a7f-4077-a053-c26dc3d3d65a@group-4701ABA8D7D0, cid=4220, SUCCESS, logIndex=6969, commits[85302df8-7a7f-4077-a053-c26dc3d3d65a:c6970]
2019-06-13 22:54:05,515 INFO  client.GrpcClientProtocolClient (GrpcClientProtocolClient.java:onNext(254)) - client-C82EA620EB9B->85302df8-7a7f-4077-a053-c26dc3d3d65a: receive RaftClientReply:client-C82EA620EB9B->85302df8-7a7f-4077-a053-c26dc3d3d65a@group-4701ABA8D7D0, cid=4221, SUCCESS, logIndex=6971, commits[85302df8-7a7f-4077-a053-c26dc3d3d65a:c6971]
2019-06-13 22:54:05,516 INFO  client.GrpcClientProtocolClient (GrpcClientProtocolClient.java:onNext(254)) - client-C82EA620EB9B->85302df8-7a7f-4077-a053-c26dc3d3d65a: receive RaftClientReply:client-C82EA620EB9B->85302df8-7a7f-4077-a053-c26dc3d3d65a@group-4701ABA8D7D0, cid=4222, SUCCESS, logIndex=6973, commits[85302df8-7a7f-4077-a053-c26dc3d3d65a:c6973]
2019-06-13 22:54:05,517 INFO  client.GrpcClientProtocolClient (GrpcClientProtocolClient.java:onNext(254)) - client-C82EA620EB9B->85302df8-7a7f-4077-a053-c26dc3d3d65a: receive RaftClientReply:client-C82EA620EB9B->85302df8-7a7f-4077-a053-c26dc3d3d65a@group-4701ABA8D7D0, cid=4223, SUCCESS, logIndex=6974, commits[85302df8-7a7f-4077-a053-c26dc3d3d65a:c6976]
2019-06-13 22:54:05,518 INFO  client.GrpcClientProtocolClient (GrpcClientProtocolClient.java:onNext(254)) - client-C82EA620EB9B->85302df8-7a7f-4077-a053-c26dc3d3d65a: receive RaftClientReply:client-C82EA620EB9B->85302df8-7a7f-4077-a053-c26dc3d3d65a@group-4701ABA8D7D0, cid=4224, SUCCESS, logIndex=6975, commits[85302df8-7a7f-4077-a053-c26dc3d3d65a:c6976]
2019-06-13 22:54:05,528 INFO  client.GrpcClientProtocolClient (GrpcClientProtocolClient.java:onNext(254)) - client-C82EA620EB9B->85302df8-7a7f-4077-a053-c26dc3d3d65a: receive RaftClientReply:client-C82EA620EB9B->85302df8-7a7f-4077-a053-c26dc3d3d65a@group-4701ABA8D7D0, cid=4225, SUCCESS, logIndex=6977, commits[85302df8-7a7f-4077-a053-c26dc3d3d65a:c6977]
2019-06-13 22:54:05,529 INFO  client.GrpcClientProtocolClient (GrpcClientProtocolClient.java:onNext(254)) - client-C82EA620EB9B->85302df8-7a7f-4077-a053-c26dc3d3d65a: receive RaftClientReply:client-C82EA620EB9B->85302df8-7a7f-4077-a053-c26dc3d3d65a@group-4701ABA8D7D0, cid=4226, SUCCESS, logIndex=6979, commits[85302df8-7a7f-4077-a053-c26dc3d3d65a:c6979]
2019-06-13 22:54:05,530 INFO  client.GrpcClientProtocolClient (GrpcClientProtocolClient.java:onNext(254)) - client-C82EA620EB9B->85302df8-7a7f-4077-a053-c26dc3d3d65a: receive RaftClientReply:client-C82EA620EB9B->85302df8-7a7f-4077-a053-c26dc3d3d65a@group-4701ABA8D7D0, cid=4227, SUCCESS, logIndex=6980, commits[85302df8-7a7f-4077-a053-c26dc3d3d65a:c6982]
2019-06-13 22:54:05,531 INFO  client.GrpcClientProtocolClient (GrpcClientProtocolClient.java:onNext(254)) - client-C82EA620EB9B->85302df8-7a7f-4077-a053-c26dc3d3d65a: receive RaftClientReply:client-C82EA620EB9B->85302df8-7a7f-4077-a053-c26dc3d3d65a@group-4701ABA8D7D0, cid=4228, SUCCESS, logIndex=6981, commits[85302df8-7a7f-4077-a053-c26dc3d3d65a:c6982]
2019-06-13 22:54:05,535 INFO  client.GrpcClientProtocolClient (GrpcClientProtocolClient.java:onNext(254)) - client-C82EA620EB9B->85302df8-7a7f-4077-a053-c26dc3d3d65a: receive RaftClientReply:client-C82EA620EB9B->85302df8-7a7f-4077-a053-c26dc3d3d65a@group-4701ABA8D7D0, cid=4229, SUCCESS, logIndex=6983, commits[85302df8-7a7f-4077-a053-c26dc3d3d65a:c6983]
2019-06-13 22:54:05,536 INFO  client.GrpcClientProtocolClient (GrpcClientProtocolClient.java:onNext(254)) - client-C82EA620EB9B->85302df8-7a7f-4077-a053-c26dc3d3d65a: receive RaftClientReply:client-C82EA620EB9B->85302df8-7a7f-4077-a053-c26dc3d3d65a@group-4701ABA8D7D0, cid=4230, SUCCESS, logIndex=6985, commits[85302df8-7a7f-4077-a053-c26dc3d3d65a:c6985]
2019-06-13 22:54:05,538 INFO  client.GrpcClientProtocolClient (GrpcClientProtocolClient.java:onNext(254)) - client-C82EA620EB9B->85302df8-7a7f-4077-a053-c26dc3d3d65a: receive RaftClientReply:client-C82EA620EB9B->85302df8-7a7f-4077-a053-c26dc3d3d65a@group-4701ABA8D7D0, cid=4231, SUCCESS, logIndex=6986, commits[85302df8-7a7f-4077-a053-c26dc3d3d65a:c6988]
2019-06-13 22:54:05,538 INFO  client.GrpcClientProtocolClient (GrpcClientProtocolClient.java:onNext(254)) - client-C82EA620EB9B->85302df8-7a7f-4077-a053-c26dc3d3d65a: receive RaftClientReply:client-C82EA620EB9B->85302df8-7a7f-4077-a053-c26dc3d3d65a@group-4701ABA8D7D0, cid=4232, SUCCESS, logIndex=6987, commits[85302df8-7a7f-4077-a053-c26dc3d3d65a:c6988]
2019-06-13 22:54:05,548 INFO  client.GrpcClientProtocolClient (GrpcClientProtocolClient.java:onNext(254)) - client-C82EA620EB9B->85302df8-7a7f-4077-a053-c26dc3d3d65a: receive RaftClientReply:client-C82EA620EB9B->85302df8-7a7f-4077-a053-c26dc3d3d65a@group-4701ABA8D7D0, cid=4233, SUCCESS, logIndex=6989, commits[85302df8-7a7f-4077-a053-c26dc3d3d65a:c6989]
2019-06-13 22:54:05,549 INFO  client.GrpcClientProtocolClient (GrpcClientProtocolClient.java:onNext(254)) - client-C82EA620EB9B->85302df8-7a7f-4077-a053-c26dc3d3d65a: receive RaftClientReply:client-C82EA620EB9B->85302df8-7a7f-4077-a053-c26dc3d3d65a@group-4701ABA8D7D0, cid=4234, SUCCESS, logIndex=6991, commits[85302df8-7a7f-4077-a053-c26dc3d3d65a:c6991]
2019-06-13 22:54:05,551 INFO  client.GrpcClientProtocolClient (GrpcClientProtocolClient.java:onNext(254)) - client-C82EA620EB9B->85302df8-7a7f-4077-a053-c26dc3d3d65a: receive RaftClientReply:client-C82EA620EB9B->85302df8-7a7f-4077-a053-c26dc3d3d65a@group-4701ABA8D7D0, cid=4235, SUCCESS, logIndex=6992, commits[85302df8-7a7f-4077-a053-c26dc3d3d65a:c6994]
2019-06-13 22:54:05,551 INFO  client.GrpcClientProtocolClient (GrpcClientProtocolClient.java:onNext(254)) - client-C82EA620EB9B->85302df8-7a7f-4077-a053-c26dc3d3d65a: receive RaftClientReply:client-C82EA620EB9B->85302df8-7a7f-4077-a053-c26dc3d3d65a@group-4701ABA8D7D0, cid=4236, SUCCESS, logIndex=6993, commits[85302df8-7a7f-4077-a053-c26dc3d3d65a:c6994]
2019-06-13 22:54:05,557 INFO  client.GrpcClientProtocolClient (GrpcClientProtocolClient.java:onNext(254)) - client-C82EA620EB9B->85302df8-7a7f-4077-a053-c26dc3d3d65a: receive RaftClientReply:client-C82EA620EB9B->85302df8-7a7f-4077-a053-c26dc3d3d65a@group-4701ABA8D7D0, cid=4237, SUCCESS, logIndex=6995, commits[85302df8-7a7f-4077-a053-c26dc3d3d65a:c6995]
2019-06-13 22:54:05,558 INFO  client.GrpcClientProtocolClient (GrpcClientProtocolClient.java:onNext(254)) - client-C82EA620EB9B->85302df8-7a7f-4077-a053-c26dc3d3d65a: receive RaftClientReply:client-C82EA620EB9B->85302df8-7a7f-4077-a053-c26dc3d3d65a@group-4701ABA8D7D0, cid=4238, SUCCESS, logIndex=6997, commits[85302df8-7a7f-4077-a053-c26dc3d3d65a:c6997]
2019-06-13 22:54:05,559 INFO  client.GrpcClientProtocolClient (GrpcClientProtocolClient.java:onNext(254)) - client-C82EA620EB9B->85302df8-7a7f-4077-a053-c26dc3d3d65a: receive RaftClientReply:client-C82EA620EB9B->85302df8-7a7f-4077-a053-c26dc3d3d65a@group-4701ABA8D7D0, cid=4239, SUCCESS, logIndex=6998, commits[85302df8-7a7f-4077-a053-c26dc3d3d65a:c6999]
2019-06-13 22:54:05,560 INFO  client.GrpcClientProtocolClient (GrpcClientProtocolClient.java:onNext(254)) - client-C82EA620EB9B->85302df8-7a7f-4077-a053-c26dc3d3d65a: receive RaftClientReply:client-C82EA620EB9B->85302df8-7a7f-4077-a053-c26dc3d3d65a@group-4701ABA8D7D0, cid=4240, SUCCESS, logIndex=7000, commits[85302df8-7a7f-4077-a053-c26dc3d3d65a:c7000]
2019-06-13 22:54:05,571 INFO  client.GrpcClientProtocolClient (GrpcClientProtocolClient.java:onNext(254)) - client-C82EA620EB9B->85302df8-7a7f-4077-a053-c26dc3d3d65a: receive RaftClientReply:client-C82EA620EB9B->85302df8-7a7f-4077-a053-c26dc3d3d65a@group-4701ABA8D7D0, cid=4241, SUCCESS, logIndex=7002, commits[85302df8-7a7f-4077-a053-c26dc3d3d65a:c7002]
2019-06-13 22:54:05,572 INFO  client.GrpcClientProtocolClient (GrpcClientProtocolClient.java:onNext(254)) - client-C82EA620EB9B->85302df8-7a7f-4077-a053-c26dc3d3d65a: receive RaftClientReply:client-C82EA620EB9B->85302df8-7a7f-4077-a053-c26dc3d3d65a@group-4701ABA8D7D0, cid=4242, SUCCESS, logIndex=7004, commits[85302df8-7a7f-4077-a053-c26dc3d3d65a:c7004]
2019-06-13 22:54:05,573 INFO  client.GrpcClientProtocolClient (GrpcClientProtocolClient.java:onNext(254)) - client-C82EA620EB9B->85302df8-7a7f-4077-a053-c26dc3d3d65a: receive RaftClientReply:client-C82EA620EB9B->85302df8-7a7f-4077-a053-c26dc3d3d65a@group-4701ABA8D7D0, cid=4243, SUCCESS, logIndex=7005, commits[85302df8-7a7f-4077-a053-c26dc3d3d65a:c7007]
2019-06-13 22:54:05,574 INFO  client.GrpcClientProtocolClient (GrpcClientProtocolClient.java:onNext(254)) - client-C82EA620EB9B->85302df8-7a7f-4077-a053-c26dc3d3d65a: receive RaftClientReply:client-C82EA620EB9B->85302df8-7a7f-4077-a053-c26dc3d3d65a@group-4701ABA8D7D0, cid=4244, SUCCESS, logIndex=7006, commits[85302df8-7a7f-4077-a053-c26dc3d3d65a:c7007]
2019-06-13 22:54:05,612 DEBUG block.SCMBlockDeletingService (SCMBlockDeletingService.java:call(138)) - Running DeletedBlockTransactionScanner
2019-06-13 22:54:05,612 DEBUG block.SCMBlockDeletingService (SCMBlockDeletingService.java:call(155)) - Scanned deleted blocks log and got 0 delTX to process.
2019-06-13 22:54:05,684 INFO  client.GrpcClientProtocolClient (GrpcClientProtocolClient.java:onNext(254)) - client-C82EA620EB9B->85302df8-7a7f-4077-a053-c26dc3d3d65a: receive RaftClientReply:client-C82EA620EB9B->85302df8-7a7f-4077-a053-c26dc3d3d65a@group-4701ABA8D7D0, cid=4245, SUCCESS, logIndex=7008, commits[85302df8-7a7f-4077-a053-c26dc3d3d65a:c7008]
2019-06-13 22:54:05,685 INFO  client.GrpcClientProtocolClient (GrpcClientProtocolClient.java:onNext(254)) - client-C82EA620EB9B->85302df8-7a7f-4077-a053-c26dc3d3d65a: receive RaftClientReply:client-C82EA620EB9B->85302df8-7a7f-4077-a053-c26dc3d3d65a@group-4701ABA8D7D0, cid=4246, SUCCESS, logIndex=7010, commits[85302df8-7a7f-4077-a053-c26dc3d3d65a:c7010]
2019-06-13 22:54:05,687 INFO  client.GrpcClientProtocolClient (GrpcClientProtocolClient.java:onNext(254)) - client-C82EA620EB9B->85302df8-7a7f-4077-a053-c26dc3d3d65a: receive RaftClientReply:client-C82EA620EB9B->85302df8-7a7f-4077-a053-c26dc3d3d65a@group-4701ABA8D7D0, cid=4247, SUCCESS, logIndex=7011, commits[85302df8-7a7f-4077-a053-c26dc3d3d65a:c7013]
2019-06-13 22:54:05,687 INFO  client.GrpcClientProtocolClient (GrpcClientProtocolClient.java:onNext(254)) - client-C82EA620EB9B->85302df8-7a7f-4077-a053-c26dc3d3d65a: receive RaftClientReply:client-C82EA620EB9B->85302df8-7a7f-4077-a053-c26dc3d3d65a@group-4701ABA8D7D0, cid=4248, SUCCESS, logIndex=7012, commits[85302df8-7a7f-4077-a053-c26dc3d3d65a:c7013]
2019-06-13 22:54:05,700 INFO  client.GrpcClientProtocolClient (GrpcClientProtocolClient.java:onNext(254)) - client-C82EA620EB9B->85302df8-7a7f-4077-a053-c26dc3d3d65a: receive RaftClientReply:client-C82EA620EB9B->85302df8-7a7f-4077-a053-c26dc3d3d65a@group-4701ABA8D7D0, cid=4249, SUCCESS, logIndex=7014, commits[85302df8-7a7f-4077-a053-c26dc3d3d65a:c7014]
2019-06-13 22:54:05,702 INFO  client.GrpcClientProtocolClient (GrpcClientProtocolClient.java:onNext(254)) - client-C82EA620EB9B->85302df8-7a7f-4077-a053-c26dc3d3d65a: receive RaftClientReply:client-C82EA620EB9B->85302df8-7a7f-4077-a053-c26dc3d3d65a@group-4701ABA8D7D0, cid=4250, SUCCESS, logIndex=7016, commits[85302df8-7a7f-4077-a053-c26dc3d3d65a:c7016]
2019-06-13 22:54:05,702 INFO  client.GrpcClientProtocolClient (GrpcClientProtocolClient.java:onNext(254)) - client-C82EA620EB9B->85302df8-7a7f-4077-a053-c26dc3d3d65a: receive RaftClientReply:client-C82EA620EB9B->85302df8-7a7f-4077-a053-c26dc3d3d65a@group-4701ABA8D7D0, cid=4251, SUCCESS, logIndex=7018, commits[85302df8-7a7f-4077-a053-c26dc3d3d65a:c7018]
2019-06-13 22:54:05,703 INFO  client.GrpcClientProtocolClient (GrpcClientProtocolClient.java:onNext(254)) - client-C82EA620EB9B->85302df8-7a7f-4077-a053-c26dc3d3d65a: receive RaftClientReply:client-C82EA620EB9B->85302df8-7a7f-4077-a053-c26dc3d3d65a@group-4701ABA8D7D0, cid=4252, SUCCESS, logIndex=7019, commits[85302df8-7a7f-4077-a053-c26dc3d3d65a:c7019]
2019-06-13 22:54:05,708 INFO  client.GrpcClientProtocolClient (GrpcClientProtocolClient.java:onNext(254)) - client-C82EA620EB9B->85302df8-7a7f-4077-a053-c26dc3d3d65a: receive RaftClientReply:client-C82EA620EB9B->85302df8-7a7f-4077-a053-c26dc3d3d65a@group-4701ABA8D7D0, cid=4253, SUCCESS, logIndex=7022, commits[85302df8-7a7f-4077-a053-c26dc3d3d65a:c7022]
2019-06-13 22:54:05,711 INFO  client.GrpcClientProtocolClient (GrpcClientProtocolClient.java:onNext(254)) - client-C82EA620EB9B->85302df8-7a7f-4077-a053-c26dc3d3d65a: receive RaftClientReply:client-C82EA620EB9B->85302df8-7a7f-4077-a053-c26dc3d3d65a@group-4701ABA8D7D0, cid=4254, SUCCESS, logIndex=7024, commits[85302df8-7a7f-4077-a053-c26dc3d3d65a:c7024]
2019-06-13 22:54:05,711 INFO  client.GrpcClientProtocolClient (GrpcClientProtocolClient.java:onNext(254)) - client-C82EA620EB9B->85302df8-7a7f-4077-a053-c26dc3d3d65a: receive RaftClientReply:client-C82EA620EB9B->85302df8-7a7f-4077-a053-c26dc3d3d65a@group-4701ABA8D7D0, cid=4255, SUCCESS, logIndex=7025, commits[85302df8-7a7f-4077-a053-c26dc3d3d65a:c7027]
2019-06-13 22:54:05,712 INFO  client.GrpcClientProtocolClient (GrpcClientProtocolClient.java:onNext(254)) - client-C82EA620EB9B->85302df8-7a7f-4077-a053-c26dc3d3d65a: receive RaftClientReply:client-C82EA620EB9B->85302df8-7a7f-4077-a053-c26dc3d3d65a@group-4701ABA8D7D0, cid=4256, SUCCESS, logIndex=7026, commits[85302df8-7a7f-4077-a053-c26dc3d3d65a:c7027]
2019-06-13 22:54:05,712 DEBUG block.SCMBlockDeletingService (SCMBlockDeletingService.java:call(138)) - Running DeletedBlockTransactionScanner
2019-06-13 22:54:05,712 DEBUG block.SCMBlockDeletingService (SCMBlockDeletingService.java:call(155)) - Scanned deleted blocks log and got 0 delTX to process.
2019-06-13 22:54:05,722 INFO  storage.RaftLogWorker (RaftLogWorker.java:rollLogSegment(303)) - 85302df8-7a7f-4077-a053-c26dc3d3d65a-RaftLogWorker: Rolling segment log-6961_7027 to index:7027
2019-06-13 22:54:05,722 INFO  storage.RaftLogWorker (RaftLogWorker.java:execute(433)) - 85302df8-7a7f-4077-a053-c26dc3d3d65a-RaftLogWorker: Rolled log segment from /opt/src/hadoop-ozone/integration-test/target/test-dir/MiniOzoneClusterImpl-550f9ca0-a6d9-4a4a-902f-f07ac81eac7b/datanode-0/data/ratis/5ad10fc2-5a33-4bdd-8958-4701aba8d7d0/current/log_inprogress_6961 to /opt/src/hadoop-ozone/integration-test/target/test-dir/MiniOzoneClusterImpl-550f9ca0-a6d9-4a4a-902f-f07ac81eac7b/datanode-0/data/ratis/5ad10fc2-5a33-4bdd-8958-4701aba8d7d0/current/log_6961-7027
2019-06-13 22:54:05,759 INFO  storage.RaftLogWorker (RaftLogWorker.java:execute(469)) - 85302df8-7a7f-4077-a053-c26dc3d3d65a-RaftLogWorker: created new log segment /opt/src/hadoop-ozone/integration-test/target/test-dir/MiniOzoneClusterImpl-550f9ca0-a6d9-4a4a-902f-f07ac81eac7b/datanode-0/data/ratis/5ad10fc2-5a33-4bdd-8958-4701aba8d7d0/current/log_inprogress_7028
2019-06-13 22:54:05,760 INFO  client.GrpcClientProtocolClient (GrpcClientProtocolClient.java:onNext(254)) - client-C82EA620EB9B->85302df8-7a7f-4077-a053-c26dc3d3d65a: receive RaftClientReply:client-C82EA620EB9B->85302df8-7a7f-4077-a053-c26dc3d3d65a@group-4701ABA8D7D0, cid=4257, SUCCESS, logIndex=7028, commits[85302df8-7a7f-4077-a053-c26dc3d3d65a:c7028]
2019-06-13 22:54:05,762 INFO  client.GrpcClientProtocolClient (GrpcClientProtocolClient.java:onNext(254)) - client-C82EA620EB9B->85302df8-7a7f-4077-a053-c26dc3d3d65a: receive RaftClientReply:client-C82EA620EB9B->85302df8-7a7f-4077-a053-c26dc3d3d65a@group-4701ABA8D7D0, cid=4258, SUCCESS, logIndex=7030, commits[85302df8-7a7f-4077-a053-c26dc3d3d65a:c7030]
2019-06-13 22:54:05,763 INFO  client.GrpcClientProtocolClient (GrpcClientProtocolClient.java:onNext(254)) - client-C82EA620EB9B->85302df8-7a7f-4077-a053-c26dc3d3d65a: receive RaftClientReply:client-C82EA620EB9B->85302df8-7a7f-4077-a053-c26dc3d3d65a@group-4701ABA8D7D0, cid=4259, SUCCESS, logIndex=7031, commits[85302df8-7a7f-4077-a053-c26dc3d3d65a:c7033]
2019-06-13 22:54:05,763 INFO  client.GrpcClientProtocolClient (GrpcClientProtocolClient.java:onNext(254)) - client-C82EA620EB9B->85302df8-7a7f-4077-a053-c26dc3d3d65a: receive RaftClientReply:client-C82EA620EB9B->85302df8-7a7f-4077-a053-c26dc3d3d65a@group-4701ABA8D7D0, cid=4260, SUCCESS, logIndex=7032, commits[85302df8-7a7f-4077-a053-c26dc3d3d65a:c7033]
2019-06-13 22:54:05,768 INFO  client.GrpcClientProtocolClient (GrpcClientProtocolClient.java:onNext(254)) - client-C82EA620EB9B->85302df8-7a7f-4077-a053-c26dc3d3d65a: receive RaftClientReply:client-C82EA620EB9B->85302df8-7a7f-4077-a053-c26dc3d3d65a@group-4701ABA8D7D0, cid=4261, SUCCESS, logIndex=7034, commits[85302df8-7a7f-4077-a053-c26dc3d3d65a:c7034]
2019-06-13 22:54:05,770 INFO  client.GrpcClientProtocolClient (GrpcClientProtocolClient.java:onNext(254)) - client-C82EA620EB9B->85302df8-7a7f-4077-a053-c26dc3d3d65a: receive RaftClientReply:client-C82EA620EB9B->85302df8-7a7f-4077-a053-c26dc3d3d65a@group-4701ABA8D7D0, cid=4262, SUCCESS, logIndex=7036, commits[85302df8-7a7f-4077-a053-c26dc3d3d65a:c7036]
2019-06-13 22:54:05,771 INFO  client.GrpcClientProtocolClient (GrpcClientProtocolClient.java:onNext(254)) - client-C82EA620EB9B->85302df8-7a7f-4077-a053-c26dc3d3d65a: receive RaftClientReply:client-C82EA620EB9B->85302df8-7a7f-4077-a053-c26dc3d3d65a@group-4701ABA8D7D0, cid=4263, SUCCESS, logIndex=7037, commits[85302df8-7a7f-4077-a053-c26dc3d3d65a:c7039]
2019-06-13 22:54:05,771 INFO  client.GrpcClientProtocolClient (GrpcClientProtocolClient.java:onNext(254)) - client-C82EA620EB9B->85302df8-7a7f-4077-a053-c26dc3d3d65a: receive RaftClientReply:client-C82EA620EB9B->85302df8-7a7f-4077-a053-c26dc3d3d65a@group-4701ABA8D7D0, cid=4264, SUCCESS, logIndex=7038, commits[85302df8-7a7f-4077-a053-c26dc3d3d65a:c7039]
2019-06-13 22:54:05,783 INFO  client.GrpcClientProtocolClient (GrpcClientProtocolClient.java:onNext(254)) - client-C82EA620EB9B->85302df8-7a7f-4077-a053-c26dc3d3d65a: receive RaftClientReply:client-C82EA620EB9B->85302df8-7a7f-4077-a053-c26dc3d3d65a@group-4701ABA8D7D0, cid=4265, SUCCESS, logIndex=7040, commits[85302df8-7a7f-4077-a053-c26dc3d3d65a:c7040]
2019-06-13 22:54:05,786 INFO  client.GrpcClientProtocolClient (GrpcClientProtocolClient.java:onNext(254)) - client-C82EA620EB9B->85302df8-7a7f-4077-a053-c26dc3d3d65a: receive RaftClientReply:client-C82EA620EB9B->85302df8-7a7f-4077-a053-c26dc3d3d65a@group-4701ABA8D7D0, cid=4266, SUCCESS, logIndex=7042, commits[85302df8-7a7f-4077-a053-c26dc3d3d65a:c7044]
2019-06-13 22:54:05,786 INFO  client.GrpcClientProtocolClient (GrpcClientProtocolClient.java:onNext(254)) - client-C82EA620EB9B->85302df8-7a7f-4077-a053-c26dc3d3d65a: receive RaftClientReply:client-C82EA620EB9B->85302df8-7a7f-4077-a053-c26dc3d3d65a@group-4701ABA8D7D0, cid=4267, SUCCESS, logIndex=7043, commits[85302df8-7a7f-4077-a053-c26dc3d3d65a:c7044]
2019-06-13 22:54:05,786 INFO  client.GrpcClientProtocolClient (GrpcClientProtocolClient.java:onNext(254)) - client-C82EA620EB9B->85302df8-7a7f-4077-a053-c26dc3d3d65a: receive RaftClientReply:client-C82EA620EB9B->85302df8-7a7f-4077-a053-c26dc3d3d65a@group-4701ABA8D7D0, cid=4268, SUCCESS, logIndex=7044, commits[85302df8-7a7f-4077-a053-c26dc3d3d65a:c7044]
2019-06-13 22:54:05,792 INFO  client.GrpcClientProtocolClient (GrpcClientProtocolClient.java:onNext(254)) - client-C82EA620EB9B->85302df8-7a7f-4077-a053-c26dc3d3d65a: receive RaftClientReply:client-C82EA620EB9B->85302df8-7a7f-4077-a053-c26dc3d3d65a@group-4701ABA8D7D0, cid=4269, SUCCESS, logIndex=7046, commits[85302df8-7a7f-4077-a053-c26dc3d3d65a:c7046]
2019-06-13 22:54:05,794 INFO  client.GrpcClientProtocolClient (GrpcClientProtocolClient.java:onNext(254)) - client-C82EA620EB9B->85302df8-7a7f-4077-a053-c26dc3d3d65a: receive RaftClientReply:client-C82EA620EB9B->85302df8-7a7f-4077-a053-c26dc3d3d65a@group-4701ABA8D7D0, cid=4270, SUCCESS, logIndex=7048, commits[85302df8-7a7f-4077-a053-c26dc3d3d65a:c7050]
2019-06-13 22:54:05,795 INFO  client.GrpcClientProtocolClient (GrpcClientProtocolClient.java:onNext(254)) - client-C82EA620EB9B->85302df8-7a7f-4077-a053-c26dc3d3d65a: receive RaftClientReply:client-C82EA620EB9B->85302df8-7a7f-4077-a053-c26dc3d3d65a@group-4701ABA8D7D0, cid=4271, SUCCESS, logIndex=7049, commits[85302df8-7a7f-4077-a053-c26dc3d3d65a:c7050]
2019-06-13 22:54:05,799 INFO  client.GrpcClientProtocolClient (GrpcClientProtocolClient.java:onNext(254)) - client-C82EA620EB9B->85302df8-7a7f-4077-a053-c26dc3d3d65a: receive RaftClientReply:client-C82EA620EB9B->85302df8-7a7f-4077-a053-c26dc3d3d65a@group-4701ABA8D7D0, cid=4272, SUCCESS, logIndex=7050, commits[85302df8-7a7f-4077-a053-c26dc3d3d65a:c7050]
2019-06-13 22:54:05,810 INFO  client.GrpcClientProtocolClient (GrpcClientProtocolClient.java:onNext(254)) - client-C82EA620EB9B->85302df8-7a7f-4077-a053-c26dc3d3d65a: receive RaftClientReply:client-C82EA620EB9B->85302df8-7a7f-4077-a053-c26dc3d3d65a@group-4701ABA8D7D0, cid=4273, SUCCESS, logIndex=7052, commits[85302df8-7a7f-4077-a053-c26dc3d3d65a:c7052]
2019-06-13 22:54:05,812 INFO  client.GrpcClientProtocolClient (GrpcClientProtocolClient.java:onNext(254)) - client-C82EA620EB9B->85302df8-7a7f-4077-a053-c26dc3d3d65a: receive RaftClientReply:client-C82EA620EB9B->85302df8-7a7f-4077-a053-c26dc3d3d65a@group-4701ABA8D7D0, cid=4274, SUCCESS, logIndex=7054, commits[85302df8-7a7f-4077-a053-c26dc3d3d65a:c7054]
2019-06-13 22:54:05,813 DEBUG block.SCMBlockDeletingService (SCMBlockDeletingService.java:call(138)) - Running DeletedBlockTransactionScanner
2019-06-13 22:54:05,813 DEBUG block.SCMBlockDeletingService (SCMBlockDeletingService.java:call(155)) - Scanned deleted blocks log and got 0 delTX to process.
2019-06-13 22:54:05,813 INFO  client.GrpcClientProtocolClient (GrpcClientProtocolClient.java:onNext(254)) - client-C82EA620EB9B->85302df8-7a7f-4077-a053-c26dc3d3d65a: receive RaftClientReply:client-C82EA620EB9B->85302df8-7a7f-4077-a053-c26dc3d3d65a@group-4701ABA8D7D0, cid=4275, SUCCESS, logIndex=7055, commits[85302df8-7a7f-4077-a053-c26dc3d3d65a:c7056]
2019-06-13 22:54:05,813 INFO  client.GrpcClientProtocolClient (GrpcClientProtocolClient.java:onNext(254)) - client-C82EA620EB9B->85302df8-7a7f-4077-a053-c26dc3d3d65a: receive RaftClientReply:client-C82EA620EB9B->85302df8-7a7f-4077-a053-c26dc3d3d65a@group-4701ABA8D7D0, cid=4276, SUCCESS, logIndex=7056, commits[85302df8-7a7f-4077-a053-c26dc3d3d65a:c7056]
2019-06-13 22:54:05,819 INFO  client.GrpcClientProtocolClient (GrpcClientProtocolClient.java:onNext(254)) - client-C82EA620EB9B->85302df8-7a7f-4077-a053-c26dc3d3d65a: receive RaftClientReply:client-C82EA620EB9B->85302df8-7a7f-4077-a053-c26dc3d3d65a@group-4701ABA8D7D0, cid=4277, SUCCESS, logIndex=7059, commits[85302df8-7a7f-4077-a053-c26dc3d3d65a:c7059]
2019-06-13 22:54:05,821 INFO  client.GrpcClientProtocolClient (GrpcClientProtocolClient.java:onNext(254)) - client-C82EA620EB9B->85302df8-7a7f-4077-a053-c26dc3d3d65a: receive RaftClientReply:client-C82EA620EB9B->85302df8-7a7f-4077-a053-c26dc3d3d65a@group-4701ABA8D7D0, cid=4278, SUCCESS, logIndex=7061, commits[85302df8-7a7f-4077-a053-c26dc3d3d65a:c7061]
2019-06-13 22:54:05,822 INFO  client.GrpcClientProtocolClient (GrpcClientProtocolClient.java:onNext(254)) - client-C82EA620EB9B->85302df8-7a7f-4077-a053-c26dc3d3d65a: receive RaftClientReply:client-C82EA620EB9B->85302df8-7a7f-4077-a053-c26dc3d3d65a@group-4701ABA8D7D0, cid=4279, SUCCESS, logIndex=7062, commits[85302df8-7a7f-4077-a053-c26dc3d3d65a:c7064]
2019-06-13 22:54:05,822 INFO  client.GrpcClientProtocolClient (GrpcClientProtocolClient.java:onNext(254)) - client-C82EA620EB9B->85302df8-7a7f-4077-a053-c26dc3d3d65a: receive RaftClientReply:client-C82EA620EB9B->85302df8-7a7f-4077-a053-c26dc3d3d65a@group-4701ABA8D7D0, cid=4280, SUCCESS, logIndex=7063, commits[85302df8-7a7f-4077-a053-c26dc3d3d65a:c7064]
2019-06-13 22:54:05,833 INFO  client.GrpcClientProtocolClient (GrpcClientProtocolClient.java:onNext(254)) - client-C82EA620EB9B->85302df8-7a7f-4077-a053-c26dc3d3d65a: receive RaftClientReply:client-C82EA620EB9B->85302df8-7a7f-4077-a053-c26dc3d3d65a@group-4701ABA8D7D0, cid=4281, SUCCESS, logIndex=7065, commits[85302df8-7a7f-4077-a053-c26dc3d3d65a:c7065]
2019-06-13 22:54:05,835 INFO  client.GrpcClientProtocolClient (GrpcClientProtocolClient.java:onNext(254)) - client-C82EA620EB9B->85302df8-7a7f-4077-a053-c26dc3d3d65a: receive RaftClientReply:client-C82EA620EB9B->85302df8-7a7f-4077-a053-c26dc3d3d65a@group-4701ABA8D7D0, cid=4282, SUCCESS, logIndex=7067, commits[85302df8-7a7f-4077-a053-c26dc3d3d65a:c7067]
2019-06-13 22:54:05,835 INFO  client.GrpcClientProtocolClient (GrpcClientProtocolClient.java:onNext(254)) - client-C82EA620EB9B->85302df8-7a7f-4077-a053-c26dc3d3d65a: receive RaftClientReply:client-C82EA620EB9B->85302df8-7a7f-4077-a053-c26dc3d3d65a@group-4701ABA8D7D0, cid=4283, SUCCESS, logIndex=7068, commits[85302df8-7a7f-4077-a053-c26dc3d3d65a:c7069]
2019-06-13 22:54:05,836 INFO  client.GrpcClientProtocolClient (GrpcClientProtocolClient.java:onNext(254)) - client-C82EA620EB9B->85302df8-7a7f-4077-a053-c26dc3d3d65a: receive RaftClientReply:client-C82EA620EB9B->85302df8-7a7f-4077-a053-c26dc3d3d65a@group-4701ABA8D7D0, cid=4284, SUCCESS, logIndex=7069, commits[85302df8-7a7f-4077-a053-c26dc3d3d65a:c7069]
2019-06-13 22:54:05,842 INFO  client.GrpcClientProtocolClient (GrpcClientProtocolClient.java:onNext(254)) - client-C82EA620EB9B->85302df8-7a7f-4077-a053-c26dc3d3d65a: receive RaftClientReply:client-C82EA620EB9B->85302df8-7a7f-4077-a053-c26dc3d3d65a@group-4701ABA8D7D0, cid=4285, SUCCESS, logIndex=7072, commits[85302df8-7a7f-4077-a053-c26dc3d3d65a:c7072]
2019-06-13 22:54:05,844 INFO  client.GrpcClientProtocolClient (GrpcClientProtocolClient.java:onNext(254)) - client-C82EA620EB9B->85302df8-7a7f-4077-a053-c26dc3d3d65a: receive RaftClientReply:client-C82EA620EB9B->85302df8-7a7f-4077-a053-c26dc3d3d65a@group-4701ABA8D7D0, cid=4286, SUCCESS, logIndex=7074, commits[85302df8-7a7f-4077-a053-c26dc3d3d65a:c7076]
2019-06-13 22:54:05,845 INFO  client.GrpcClientProtocolClient (GrpcClientProtocolClient.java:onNext(254)) - client-C82EA620EB9B->85302df8-7a7f-4077-a053-c26dc3d3d65a: receive RaftClientReply:client-C82EA620EB9B->85302df8-7a7f-4077-a053-c26dc3d3d65a@group-4701ABA8D7D0, cid=4287, SUCCESS, logIndex=7075, commits[85302df8-7a7f-4077-a053-c26dc3d3d65a:c7076]
2019-06-13 22:54:05,845 INFO  client.GrpcClientProtocolClient (GrpcClientProtocolClient.java:onNext(254)) - client-C82EA620EB9B->85302df8-7a7f-4077-a053-c26dc3d3d65a: receive RaftClientReply:client-C82EA620EB9B->85302df8-7a7f-4077-a053-c26dc3d3d65a@group-4701ABA8D7D0, cid=4288, SUCCESS, logIndex=7076, commits[85302df8-7a7f-4077-a053-c26dc3d3d65a:c7076]
2019-06-13 22:54:05,913 DEBUG block.SCMBlockDeletingService (SCMBlockDeletingService.java:call(138)) - Running DeletedBlockTransactionScanner
2019-06-13 22:54:05,913 DEBUG block.SCMBlockDeletingService (SCMBlockDeletingService.java:call(155)) - Scanned deleted blocks log and got 0 delTX to process.
2019-06-13 22:54:05,934 INFO  client.GrpcClientProtocolClient (GrpcClientProtocolClient.java:onNext(254)) - client-C82EA620EB9B->85302df8-7a7f-4077-a053-c26dc3d3d65a: receive RaftClientReply:client-C82EA620EB9B->85302df8-7a7f-4077-a053-c26dc3d3d65a@group-4701ABA8D7D0, cid=4289, SUCCESS, logIndex=7078, commits[85302df8-7a7f-4077-a053-c26dc3d3d65a:c7078]
2019-06-13 22:54:05,936 INFO  client.GrpcClientProtocolClient (GrpcClientProtocolClient.java:onNext(254)) - client-C82EA620EB9B->85302df8-7a7f-4077-a053-c26dc3d3d65a: receive RaftClientReply:client-C82EA620EB9B->85302df8-7a7f-4077-a053-c26dc3d3d65a@group-4701ABA8D7D0, cid=4290, SUCCESS, logIndex=7080, commits[85302df8-7a7f-4077-a053-c26dc3d3d65a:c7080]
2019-06-13 22:54:05,936 INFO  client.GrpcClientProtocolClient (GrpcClientProtocolClient.java:onNext(254)) - client-C82EA620EB9B->85302df8-7a7f-4077-a053-c26dc3d3d65a: receive RaftClientReply:client-C82EA620EB9B->85302df8-7a7f-4077-a053-c26dc3d3d65a@group-4701ABA8D7D0, cid=4291, SUCCESS, logIndex=7081, commits[85302df8-7a7f-4077-a053-c26dc3d3d65a:c7083]
2019-06-13 22:54:05,936 INFO  client.GrpcClientProtocolClient (GrpcClientProtocolClient.java:onNext(254)) - client-C82EA620EB9B->85302df8-7a7f-4077-a053-c26dc3d3d65a: receive RaftClientReply:client-C82EA620EB9B->85302df8-7a7f-4077-a053-c26dc3d3d65a@group-4701ABA8D7D0, cid=4292, SUCCESS, logIndex=7082, commits[85302df8-7a7f-4077-a053-c26dc3d3d65a:c7083]
2019-06-13 22:54:05,942 INFO  client.GrpcClientProtocolClient (GrpcClientProtocolClient.java:onNext(254)) - client-C82EA620EB9B->85302df8-7a7f-4077-a053-c26dc3d3d65a: receive RaftClientReply:client-C82EA620EB9B->85302df8-7a7f-4077-a053-c26dc3d3d65a@group-4701ABA8D7D0, cid=4293, SUCCESS, logIndex=7084, commits[85302df8-7a7f-4077-a053-c26dc3d3d65a:c7084]
2019-06-13 22:54:05,943 INFO  client.GrpcClientProtocolClient (GrpcClientProtocolClient.java:onNext(254)) - client-C82EA620EB9B->85302df8-7a7f-4077-a053-c26dc3d3d65a: receive RaftClientReply:client-C82EA620EB9B->85302df8-7a7f-4077-a053-c26dc3d3d65a@group-4701ABA8D7D0, cid=4294, SUCCESS, logIndex=7086, commits[85302df8-7a7f-4077-a053-c26dc3d3d65a:c7086]
2019-06-13 22:54:05,944 INFO  client.GrpcClientProtocolClient (GrpcClientProtocolClient.java:onNext(254)) - client-C82EA620EB9B->85302df8-7a7f-4077-a053-c26dc3d3d65a: receive RaftClientReply:client-C82EA620EB9B->85302df8-7a7f-4077-a053-c26dc3d3d65a@group-4701ABA8D7D0, cid=4295, SUCCESS, logIndex=7087, commits[85302df8-7a7f-4077-a053-c26dc3d3d65a:c7089]
2019-06-13 22:54:05,944 INFO  client.GrpcClientProtocolClient (GrpcClientProtocolClient.java:onNext(254)) - client-C82EA620EB9B->85302df8-7a7f-4077-a053-c26dc3d3d65a: receive RaftClientReply:client-C82EA620EB9B->85302df8-7a7f-4077-a053-c26dc3d3d65a@group-4701ABA8D7D0, cid=4296, SUCCESS, logIndex=7088, commits[85302df8-7a7f-4077-a053-c26dc3d3d65a:c7089]
2019-06-13 22:54:05,955 INFO  client.GrpcClientProtocolClient (GrpcClientProtocolClient.java:onNext(254)) - client-C82EA620EB9B->85302df8-7a7f-4077-a053-c26dc3d3d65a: receive RaftClientReply:client-C82EA620EB9B->85302df8-7a7f-4077-a053-c26dc3d3d65a@group-4701ABA8D7D0, cid=4297, SUCCESS, logIndex=7090, commits[85302df8-7a7f-4077-a053-c26dc3d3d65a:c7090]
2019-06-13 22:54:05,955 INFO  client.GrpcClientProtocolClient (GrpcClientProtocolClient.java:onNext(254)) - client-C82EA620EB9B->85302df8-7a7f-4077-a053-c26dc3d3d65a: receive RaftClientReply:client-C82EA620EB9B->85302df8-7a7f-4077-a053-c26dc3d3d65a@group-4701ABA8D7D0, cid=4298, SUCCESS, logIndex=7092, commits[85302df8-7a7f-4077-a053-c26dc3d3d65a:c7092]
2019-06-13 22:54:05,957 INFO  client.GrpcClientProtocolClient (GrpcClientProtocolClient.java:onNext(254)) - client-C82EA620EB9B->85302df8-7a7f-4077-a053-c26dc3d3d65a: receive RaftClientReply:client-C82EA620EB9B->85302df8-7a7f-4077-a053-c26dc3d3d65a@group-4701ABA8D7D0, cid=4299, SUCCESS, logIndex=7093, commits[85302df8-7a7f-4077-a053-c26dc3d3d65a:c7095]
2019-06-13 22:54:05,957 INFO  client.GrpcClientProtocolClient (GrpcClientProtocolClient.java:onNext(254)) - client-C82EA620EB9B->85302df8-7a7f-4077-a053-c26dc3d3d65a: receive RaftClientReply:client-C82EA620EB9B->85302df8-7a7f-4077-a053-c26dc3d3d65a@group-4701ABA8D7D0, cid=4300, SUCCESS, logIndex=7094, commits[85302df8-7a7f-4077-a053-c26dc3d3d65a:c7095]
2019-06-13 22:54:05,960 INFO  storage.RaftLogWorker (RaftLogWorker.java:rollLogSegment(303)) - 85302df8-7a7f-4077-a053-c26dc3d3d65a-RaftLogWorker: Rolling segment log-7028_7095 to index:7095
2019-06-13 22:54:05,960 INFO  storage.RaftLogWorker (RaftLogWorker.java:execute(433)) - 85302df8-7a7f-4077-a053-c26dc3d3d65a-RaftLogWorker: Rolled log segment from /opt/src/hadoop-ozone/integration-test/target/test-dir/MiniOzoneClusterImpl-550f9ca0-a6d9-4a4a-902f-f07ac81eac7b/datanode-0/data/ratis/5ad10fc2-5a33-4bdd-8958-4701aba8d7d0/current/log_inprogress_7028 to /opt/src/hadoop-ozone/integration-test/target/test-dir/MiniOzoneClusterImpl-550f9ca0-a6d9-4a4a-902f-f07ac81eac7b/datanode-0/data/ratis/5ad10fc2-5a33-4bdd-8958-4701aba8d7d0/current/log_7028-7095
2019-06-13 22:54:05,996 INFO  storage.RaftLogWorker (RaftLogWorker.java:execute(469)) - 85302df8-7a7f-4077-a053-c26dc3d3d65a-RaftLogWorker: created new log segment /opt/src/hadoop-ozone/integration-test/target/test-dir/MiniOzoneClusterImpl-550f9ca0-a6d9-4a4a-902f-f07ac81eac7b/datanode-0/data/ratis/5ad10fc2-5a33-4bdd-8958-4701aba8d7d0/current/log_inprogress_7096
2019-06-13 22:54:05,998 INFO  client.GrpcClientProtocolClient (GrpcClientProtocolClient.java:onNext(254)) - client-C82EA620EB9B->85302df8-7a7f-4077-a053-c26dc3d3d65a: receive RaftClientReply:client-C82EA620EB9B->85302df8-7a7f-4077-a053-c26dc3d3d65a@group-4701ABA8D7D0, cid=4301, SUCCESS, logIndex=7096, commits[85302df8-7a7f-4077-a053-c26dc3d3d65a:c7096]
2019-06-13 22:54:06,000 INFO  client.GrpcClientProtocolClient (GrpcClientProtocolClient.java:onNext(254)) - client-C82EA620EB9B->85302df8-7a7f-4077-a053-c26dc3d3d65a: receive RaftClientReply:client-C82EA620EB9B->85302df8-7a7f-4077-a053-c26dc3d3d65a@group-4701ABA8D7D0, cid=4302, SUCCESS, logIndex=7098, commits[85302df8-7a7f-4077-a053-c26dc3d3d65a:c7098]
2019-06-13 22:54:06,000 INFO  client.GrpcClientProtocolClient (GrpcClientProtocolClient.java:onNext(254)) - client-C82EA620EB9B->85302df8-7a7f-4077-a053-c26dc3d3d65a: receive RaftClientReply:client-C82EA620EB9B->85302df8-7a7f-4077-a053-c26dc3d3d65a@group-4701ABA8D7D0, cid=4303, SUCCESS, logIndex=7099, commits[85302df8-7a7f-4077-a053-c26dc3d3d65a:c7099]
2019-06-13 22:54:06,000 INFO  client.GrpcClientProtocolClient (GrpcClientProtocolClient.java:onNext(254)) - client-C82EA620EB9B->85302df8-7a7f-4077-a053-c26dc3d3d65a: receive RaftClientReply:client-C82EA620EB9B->85302df8-7a7f-4077-a053-c26dc3d3d65a@group-4701ABA8D7D0, cid=4304, SUCCESS, logIndex=7101, commits[85302df8-7a7f-4077-a053-c26dc3d3d65a:c7101]
2019-06-13 22:54:06,011 INFO  client.GrpcClientProtocolClient (GrpcClientProtocolClient.java:onNext(254)) - client-C82EA620EB9B->85302df8-7a7f-4077-a053-c26dc3d3d65a: receive RaftClientReply:client-C82EA620EB9B->85302df8-7a7f-4077-a053-c26dc3d3d65a@group-4701ABA8D7D0, cid=4305, SUCCESS, logIndex=7104, commits[85302df8-7a7f-4077-a053-c26dc3d3d65a:c7104]
2019-06-13 22:54:06,013 INFO  client.GrpcClientProtocolClient (GrpcClientProtocolClient.java:onNext(254)) - client-C82EA620EB9B->85302df8-7a7f-4077-a053-c26dc3d3d65a: receive RaftClientReply:client-C82EA620EB9B->85302df8-7a7f-4077-a053-c26dc3d3d65a@group-4701ABA8D7D0, cid=4306, SUCCESS, logIndex=7106, commits[85302df8-7a7f-4077-a053-c26dc3d3d65a:c7106]
2019-06-13 22:54:06,014 DEBUG block.SCMBlockDeletingService (SCMBlockDeletingService.java:call(138)) - Running DeletedBlockTransactionScanner
2019-06-13 22:54:06,014 DEBUG block.SCMBlockDeletingService (SCMBlockDeletingService.java:call(155)) - Scanned deleted blocks log and got 0 delTX to process.
2019-06-13 22:54:06,014 INFO  client.GrpcClientProtocolClient (GrpcClientProtocolClient.java:onNext(254)) - client-C82EA620EB9B->85302df8-7a7f-4077-a053-c26dc3d3d65a: receive RaftClientReply:client-C82EA620EB9B->85302df8-7a7f-4077-a053-c26dc3d3d65a@group-4701ABA8D7D0, cid=4307, SUCCESS, logIndex=7107, commits[85302df8-7a7f-4077-a053-c26dc3d3d65a:c7108]
2019-06-13 22:54:06,014 INFO  client.GrpcClientProtocolClient (GrpcClientProtocolClient.java:onNext(254)) - client-C82EA620EB9B->85302df8-7a7f-4077-a053-c26dc3d3d65a: receive RaftClientReply:client-C82EA620EB9B->85302df8-7a7f-4077-a053-c26dc3d3d65a@group-4701ABA8D7D0, cid=4308, SUCCESS, logIndex=7108, commits[85302df8-7a7f-4077-a053-c26dc3d3d65a:c7109]
2019-06-13 22:54:06,059 INFO  client.GrpcClientProtocolClient (GrpcClientProtocolClient.java:onNext(254)) - client-C82EA620EB9B->85302df8-7a7f-4077-a053-c26dc3d3d65a: receive RaftClientReply:client-C82EA620EB9B->85302df8-7a7f-4077-a053-c26dc3d3d65a@group-4701ABA8D7D0, cid=4309, SUCCESS, logIndex=7111, commits[85302df8-7a7f-4077-a053-c26dc3d3d65a:c7111]
2019-06-13 22:54:06,060 INFO  client.GrpcClientProtocolClient (GrpcClientProtocolClient.java:onNext(254)) - client-C82EA620EB9B->85302df8-7a7f-4077-a053-c26dc3d3d65a: receive RaftClientReply:client-C82EA620EB9B->85302df8-7a7f-4077-a053-c26dc3d3d65a@group-4701ABA8D7D0, cid=4310, SUCCESS, logIndex=7113, commits[85302df8-7a7f-4077-a053-c26dc3d3d65a:c7113]
2019-06-13 22:54:06,061 INFO  client.GrpcClientProtocolClient (GrpcClientProtocolClient.java:onNext(254)) - client-C82EA620EB9B->85302df8-7a7f-4077-a053-c26dc3d3d65a: receive RaftClientReply:client-C82EA620EB9B->85302df8-7a7f-4077-a053-c26dc3d3d65a@group-4701ABA8D7D0, cid=4311, SUCCESS, logIndex=7114, commits[85302df8-7a7f-4077-a053-c26dc3d3d65a:c7116]
2019-06-13 22:54:06,062 INFO  client.GrpcClientProtocolClient (GrpcClientProtocolClient.java:onNext(254)) - client-C82EA620EB9B->85302df8-7a7f-4077-a053-c26dc3d3d65a: receive RaftClientReply:client-C82EA620EB9B->85302df8-7a7f-4077-a053-c26dc3d3d65a@group-4701ABA8D7D0, cid=4312, SUCCESS, logIndex=7115, commits[85302df8-7a7f-4077-a053-c26dc3d3d65a:c7116]
2019-06-13 22:54:06,072 INFO  client.GrpcClientProtocolClient (GrpcClientProtocolClient.java:onNext(254)) - client-C82EA620EB9B->85302df8-7a7f-4077-a053-c26dc3d3d65a: receive RaftClientReply:client-C82EA620EB9B->85302df8-7a7f-4077-a053-c26dc3d3d65a@group-4701ABA8D7D0, cid=4313, SUCCESS, logIndex=7117, commits[85302df8-7a7f-4077-a053-c26dc3d3d65a:c7117]
2019-06-13 22:54:06,073 INFO  client.GrpcClientProtocolClient (GrpcClientProtocolClient.java:onNext(254)) - client-C82EA620EB9B->85302df8-7a7f-4077-a053-c26dc3d3d65a: receive RaftClientReply:client-C82EA620EB9B->85302df8-7a7f-4077-a053-c26dc3d3d65a@group-4701ABA8D7D0, cid=4314, SUCCESS, logIndex=7119, commits[85302df8-7a7f-4077-a053-c26dc3d3d65a:c7119]
2019-06-13 22:54:06,074 INFO  client.GrpcClientProtocolClient (GrpcClientProtocolClient.java:onNext(254)) - client-C82EA620EB9B->85302df8-7a7f-4077-a053-c26dc3d3d65a: receive RaftClientReply:client-C82EA620EB9B->85302df8-7a7f-4077-a053-c26dc3d3d65a@group-4701ABA8D7D0, cid=4315, SUCCESS, logIndex=7120, commits[85302df8-7a7f-4077-a053-c26dc3d3d65a:c7122]
2019-06-13 22:54:06,075 INFO  client.GrpcClientProtocolClient (GrpcClientProtocolClient.java:onNext(254)) - client-C82EA620EB9B->85302df8-7a7f-4077-a053-c26dc3d3d65a: receive RaftClientReply:client-C82EA620EB9B->85302df8-7a7f-4077-a053-c26dc3d3d65a@group-4701ABA8D7D0, cid=4316, SUCCESS, logIndex=7121, commits[85302df8-7a7f-4077-a053-c26dc3d3d65a:c7122]
2019-06-13 22:54:06,079 INFO  client.GrpcClientProtocolClient (GrpcClientProtocolClient.java:onNext(254)) - client-C82EA620EB9B->85302df8-7a7f-4077-a053-c26dc3d3d65a: receive RaftClientReply:client-C82EA620EB9B->85302df8-7a7f-4077-a053-c26dc3d3d65a@group-4701ABA8D7D0, cid=4317, SUCCESS, logIndex=7123, commits[85302df8-7a7f-4077-a053-c26dc3d3d65a:c7123]
2019-06-13 22:54:06,081 INFO  client.GrpcClientProtocolClient (GrpcClientProtocolClient.java:onNext(254)) - client-C82EA620EB9B->85302df8-7a7f-4077-a053-c26dc3d3d65a: receive RaftClientReply:client-C82EA620EB9B->85302df8-7a7f-4077-a053-c26dc3d3d65a@group-4701ABA8D7D0, cid=4318, SUCCESS, logIndex=7125, commits[85302df8-7a7f-4077-a053-c26dc3d3d65a:c7125]
2019-06-13 22:54:06,082 INFO  client.GrpcClientProtocolClient (GrpcClientProtocolClient.java:onNext(254)) - client-C82EA620EB9B->85302df8-7a7f-4077-a053-c26dc3d3d65a: receive RaftClientReply:client-C82EA620EB9B->85302df8-7a7f-4077-a053-c26dc3d3d65a@group-4701ABA8D7D0, cid=4319, SUCCESS, logIndex=7126, commits[85302df8-7a7f-4077-a053-c26dc3d3d65a:c7128]
2019-06-13 22:54:06,082 INFO  client.GrpcClientProtocolClient (GrpcClientProtocolClient.java:onNext(254)) - client-C82EA620EB9B->85302df8-7a7f-4077-a053-c26dc3d3d65a: receive RaftClientReply:client-C82EA620EB9B->85302df8-7a7f-4077-a053-c26dc3d3d65a@group-4701ABA8D7D0, cid=4320, SUCCESS, logIndex=7127, commits[85302df8-7a7f-4077-a053-c26dc3d3d65a:c7128]
2019-06-13 22:54:06,093 INFO  client.GrpcClientProtocolClient (GrpcClientProtocolClient.java:onNext(254)) - client-C82EA620EB9B->85302df8-7a7f-4077-a053-c26dc3d3d65a: receive RaftClientReply:client-C82EA620EB9B->85302df8-7a7f-4077-a053-c26dc3d3d65a@group-4701ABA8D7D0, cid=4321, SUCCESS, logIndex=7129, commits[85302df8-7a7f-4077-a053-c26dc3d3d65a:c7129]
2019-06-13 22:54:06,094 INFO  client.GrpcClientProtocolClient (GrpcClientProtocolClient.java:onNext(254)) - client-C82EA620EB9B->85302df8-7a7f-4077-a053-c26dc3d3d65a: receive RaftClientReply:client-C82EA620EB9B->85302df8-7a7f-4077-a053-c26dc3d3d65a@group-4701ABA8D7D0, cid=4322, SUCCESS, logIndex=7131, commits[85302df8-7a7f-4077-a053-c26dc3d3d65a:c7131]
2019-06-13 22:54:06,095 INFO  client.GrpcClientProtocolClient (GrpcClientProtocolClient.java:onNext(254)) - client-C82EA620EB9B->85302df8-7a7f-4077-a053-c26dc3d3d65a: receive RaftClientReply:client-C82EA620EB9B->85302df8-7a7f-4077-a053-c26dc3d3d65a@group-4701ABA8D7D0, cid=4323, SUCCESS, logIndex=7132, commits[85302df8-7a7f-4077-a053-c26dc3d3d65a:c7134]
2019-06-13 22:54:06,096 INFO  client.GrpcClientProtocolClient (GrpcClientProtocolClient.java:onNext(254)) - client-C82EA620EB9B->85302df8-7a7f-4077-a053-c26dc3d3d65a: receive RaftClientReply:client-C82EA620EB9B->85302df8-7a7f-4077-a053-c26dc3d3d65a@group-4701ABA8D7D0, cid=4324, SUCCESS, logIndex=7133, commits[85302df8-7a7f-4077-a053-c26dc3d3d65a:c7134]
2019-06-13 22:54:06,101 INFO  client.GrpcClientProtocolClient (GrpcClientProtocolClient.java:onNext(254)) - client-C82EA620EB9B->85302df8-7a7f-4077-a053-c26dc3d3d65a: receive RaftClientReply:client-C82EA620EB9B->85302df8-7a7f-4077-a053-c26dc3d3d65a@group-4701ABA8D7D0, cid=4325, SUCCESS, logIndex=7135, commits[85302df8-7a7f-4077-a053-c26dc3d3d65a:c7135]
2019-06-13 22:54:06,103 INFO  client.GrpcClientProtocolClient (GrpcClientProtocolClient.java:onNext(254)) - client-C82EA620EB9B->85302df8-7a7f-4077-a053-c26dc3d3d65a: receive RaftClientReply:client-C82EA620EB9B->85302df8-7a7f-4077-a053-c26dc3d3d65a@group-4701ABA8D7D0, cid=4326, SUCCESS, logIndex=7137, commits[85302df8-7a7f-4077-a053-c26dc3d3d65a:c7137]
2019-06-13 22:54:06,104 INFO  client.GrpcClientProtocolClient (GrpcClientProtocolClient.java:onNext(254)) - client-C82EA620EB9B->85302df8-7a7f-4077-a053-c26dc3d3d65a: receive RaftClientReply:client-C82EA620EB9B->85302df8-7a7f-4077-a053-c26dc3d3d65a@group-4701ABA8D7D0, cid=4327, SUCCESS, logIndex=7138, commits[85302df8-7a7f-4077-a053-c26dc3d3d65a:c7140]
2019-06-13 22:54:06,104 INFO  client.GrpcClientProtocolClient (GrpcClientProtocolClient.java:onNext(254)) - client-C82EA620EB9B->85302df8-7a7f-4077-a053-c26dc3d3d65a: receive RaftClientReply:client-C82EA620EB9B->85302df8-7a7f-4077-a053-c26dc3d3d65a@group-4701ABA8D7D0, cid=4328, SUCCESS, logIndex=7139, commits[85302df8-7a7f-4077-a053-c26dc3d3d65a:c7140]
2019-06-13 22:54:06,114 DEBUG block.SCMBlockDeletingService (SCMBlockDeletingService.java:call(138)) - Running DeletedBlockTransactionScanner
2019-06-13 22:54:06,115 DEBUG block.SCMBlockDeletingService (SCMBlockDeletingService.java:call(155)) - Scanned deleted blocks log and got 0 delTX to process.
2019-06-13 22:54:06,116 INFO  client.GrpcClientProtocolClient (GrpcClientProtocolClient.java:onNext(254)) - client-C82EA620EB9B->85302df8-7a7f-4077-a053-c26dc3d3d65a: receive RaftClientReply:client-C82EA620EB9B->85302df8-7a7f-4077-a053-c26dc3d3d65a@group-4701ABA8D7D0, cid=4329, SUCCESS, logIndex=7141, commits[85302df8-7a7f-4077-a053-c26dc3d3d65a:c7141]
2019-06-13 22:54:06,117 INFO  client.GrpcClientProtocolClient (GrpcClientProtocolClient.java:onNext(254)) - client-C82EA620EB9B->85302df8-7a7f-4077-a053-c26dc3d3d65a: receive RaftClientReply:client-C82EA620EB9B->85302df8-7a7f-4077-a053-c26dc3d3d65a@group-4701ABA8D7D0, cid=4330, SUCCESS, logIndex=7143, commits[85302df8-7a7f-4077-a053-c26dc3d3d65a:c7143]
2019-06-13 22:54:06,119 INFO  client.GrpcClientProtocolClient (GrpcClientProtocolClient.java:onNext(254)) - client-C82EA620EB9B->85302df8-7a7f-4077-a053-c26dc3d3d65a: receive RaftClientReply:client-C82EA620EB9B->85302df8-7a7f-4077-a053-c26dc3d3d65a@group-4701ABA8D7D0, cid=4331, SUCCESS, logIndex=7144, commits[85302df8-7a7f-4077-a053-c26dc3d3d65a:c7146]
2019-06-13 22:54:06,119 INFO  client.GrpcClientProtocolClient (GrpcClientProtocolClient.java:onNext(254)) - client-C82EA620EB9B->85302df8-7a7f-4077-a053-c26dc3d3d65a: receive RaftClientReply:client-C82EA620EB9B->85302df8-7a7f-4077-a053-c26dc3d3d65a@group-4701ABA8D7D0, cid=4332, SUCCESS, logIndex=7145, commits[85302df8-7a7f-4077-a053-c26dc3d3d65a:c7146]
2019-06-13 22:54:06,191 INFO  client.GrpcClientProtocolClient (GrpcClientProtocolClient.java:onNext(254)) - client-C82EA620EB9B->85302df8-7a7f-4077-a053-c26dc3d3d65a: receive RaftClientReply:client-C82EA620EB9B->85302df8-7a7f-4077-a053-c26dc3d3d65a@group-4701ABA8D7D0, cid=4333, SUCCESS, logIndex=7147, commits[85302df8-7a7f-4077-a053-c26dc3d3d65a:c7147]
2019-06-13 22:54:06,192 INFO  client.GrpcClientProtocolClient (GrpcClientProtocolClient.java:onNext(254)) - client-C82EA620EB9B->85302df8-7a7f-4077-a053-c26dc3d3d65a: receive RaftClientReply:client-C82EA620EB9B->85302df8-7a7f-4077-a053-c26dc3d3d65a@group-4701ABA8D7D0, cid=4334, SUCCESS, logIndex=7149, commits[85302df8-7a7f-4077-a053-c26dc3d3d65a:c7149]
2019-06-13 22:54:06,194 INFO  client.GrpcClientProtocolClient (GrpcClientProtocolClient.java:onNext(254)) - client-C82EA620EB9B->85302df8-7a7f-4077-a053-c26dc3d3d65a: receive RaftClientReply:client-C82EA620EB9B->85302df8-7a7f-4077-a053-c26dc3d3d65a@group-4701ABA8D7D0, cid=4335, SUCCESS, logIndex=7150, commits[85302df8-7a7f-4077-a053-c26dc3d3d65a:c7152]
2019-06-13 22:54:06,194 INFO  client.GrpcClientProtocolClient (GrpcClientProtocolClient.java:onNext(254)) - client-C82EA620EB9B->85302df8-7a7f-4077-a053-c26dc3d3d65a: receive RaftClientReply:client-C82EA620EB9B->85302df8-7a7f-4077-a053-c26dc3d3d65a@group-4701ABA8D7D0, cid=4336, SUCCESS, logIndex=7151, commits[85302df8-7a7f-4077-a053-c26dc3d3d65a:c7152]
2019-06-13 22:54:06,205 INFO  client.GrpcClientProtocolClient (GrpcClientProtocolClient.java:onNext(254)) - client-C82EA620EB9B->85302df8-7a7f-4077-a053-c26dc3d3d65a: receive RaftClientReply:client-C82EA620EB9B->85302df8-7a7f-4077-a053-c26dc3d3d65a@group-4701ABA8D7D0, cid=4337, SUCCESS, logIndex=7153, commits[85302df8-7a7f-4077-a053-c26dc3d3d65a:c7153]
2019-06-13 22:54:06,206 INFO  client.GrpcClientProtocolClient (GrpcClientProtocolClient.java:onNext(254)) - client-C82EA620EB9B->85302df8-7a7f-4077-a053-c26dc3d3d65a: receive RaftClientReply:client-C82EA620EB9B->85302df8-7a7f-4077-a053-c26dc3d3d65a@group-4701ABA8D7D0, cid=4338, SUCCESS, logIndex=7155, commits[85302df8-7a7f-4077-a053-c26dc3d3d65a:c7155]
2019-06-13 22:54:06,207 INFO  client.GrpcClientProtocolClient (GrpcClientProtocolClient.java:onNext(254)) - client-C82EA620EB9B->85302df8-7a7f-4077-a053-c26dc3d3d65a: receive RaftClientReply:client-C82EA620EB9B->85302df8-7a7f-4077-a053-c26dc3d3d65a@group-4701ABA8D7D0, cid=4339, SUCCESS, logIndex=7156, commits[85302df8-7a7f-4077-a053-c26dc3d3d65a:c7158]
2019-06-13 22:54:06,207 INFO  client.GrpcClientProtocolClient (GrpcClientProtocolClient.java:onNext(254)) - client-C82EA620EB9B->85302df8-7a7f-4077-a053-c26dc3d3d65a: receive RaftClientReply:client-C82EA620EB9B->85302df8-7a7f-4077-a053-c26dc3d3d65a@group-4701ABA8D7D0, cid=4340, SUCCESS, logIndex=7157, commits[85302df8-7a7f-4077-a053-c26dc3d3d65a:c7158]
2019-06-13 22:54:06,213 INFO  client.GrpcClientProtocolClient (GrpcClientProtocolClient.java:onNext(254)) - client-C82EA620EB9B->85302df8-7a7f-4077-a053-c26dc3d3d65a: receive RaftClientReply:client-C82EA620EB9B->85302df8-7a7f-4077-a053-c26dc3d3d65a@group-4701ABA8D7D0, cid=4341, SUCCESS, logIndex=7159, commits[85302df8-7a7f-4077-a053-c26dc3d3d65a:c7159]
2019-06-13 22:54:06,213 INFO  storage.RaftLogWorker (RaftLogWorker.java:rollLogSegment(303)) - 85302df8-7a7f-4077-a053-c26dc3d3d65a-RaftLogWorker: Rolling segment log-7096_7163 to index:7163
2019-06-13 22:54:06,214 INFO  client.GrpcClientProtocolClient (GrpcClientProtocolClient.java:onNext(254)) - client-C82EA620EB9B->85302df8-7a7f-4077-a053-c26dc3d3d65a: receive RaftClientReply:client-C82EA620EB9B->85302df8-7a7f-4077-a053-c26dc3d3d65a@group-4701ABA8D7D0, cid=4342, SUCCESS, logIndex=7161, commits[85302df8-7a7f-4077-a053-c26dc3d3d65a:c7161]
2019-06-13 22:54:06,214 INFO  storage.RaftLogWorker (RaftLogWorker.java:execute(433)) - 85302df8-7a7f-4077-a053-c26dc3d3d65a-RaftLogWorker: Rolled log segment from /opt/src/hadoop-ozone/integration-test/target/test-dir/MiniOzoneClusterImpl-550f9ca0-a6d9-4a4a-902f-f07ac81eac7b/datanode-0/data/ratis/5ad10fc2-5a33-4bdd-8958-4701aba8d7d0/current/log_inprogress_7096 to /opt/src/hadoop-ozone/integration-test/target/test-dir/MiniOzoneClusterImpl-550f9ca0-a6d9-4a4a-902f-f07ac81eac7b/datanode-0/data/ratis/5ad10fc2-5a33-4bdd-8958-4701aba8d7d0/current/log_7096-7163
2019-06-13 22:54:06,215 DEBUG block.SCMBlockDeletingService (SCMBlockDeletingService.java:call(138)) - Running DeletedBlockTransactionScanner
2019-06-13 22:54:06,215 DEBUG block.SCMBlockDeletingService (SCMBlockDeletingService.java:call(155)) - Scanned deleted blocks log and got 0 delTX to process.
2019-06-13 22:54:06,215 INFO  client.GrpcClientProtocolClient (GrpcClientProtocolClient.java:onNext(254)) - client-C82EA620EB9B->85302df8-7a7f-4077-a053-c26dc3d3d65a: receive RaftClientReply:client-C82EA620EB9B->85302df8-7a7f-4077-a053-c26dc3d3d65a@group-4701ABA8D7D0, cid=4343, SUCCESS, logIndex=7162, commits[85302df8-7a7f-4077-a053-c26dc3d3d65a:c7163]
2019-06-13 22:54:06,250 INFO  storage.RaftLogWorker (RaftLogWorker.java:execute(469)) - 85302df8-7a7f-4077-a053-c26dc3d3d65a-RaftLogWorker: created new log segment /opt/src/hadoop-ozone/integration-test/target/test-dir/MiniOzoneClusterImpl-550f9ca0-a6d9-4a4a-902f-f07ac81eac7b/datanode-0/data/ratis/5ad10fc2-5a33-4bdd-8958-4701aba8d7d0/current/log_inprogress_7164
2019-06-13 22:54:06,252 INFO  client.GrpcClientProtocolClient (GrpcClientProtocolClient.java:onNext(254)) - client-C82EA620EB9B->85302df8-7a7f-4077-a053-c26dc3d3d65a: receive RaftClientReply:client-C82EA620EB9B->85302df8-7a7f-4077-a053-c26dc3d3d65a@group-4701ABA8D7D0, cid=4344, SUCCESS, logIndex=7164, commits[85302df8-7a7f-4077-a053-c26dc3d3d65a:c7164]
2019-06-13 22:54:06,262 INFO  client.GrpcClientProtocolClient (GrpcClientProtocolClient.java:onNext(254)) - client-C82EA620EB9B->85302df8-7a7f-4077-a053-c26dc3d3d65a: receive RaftClientReply:client-C82EA620EB9B->85302df8-7a7f-4077-a053-c26dc3d3d65a@group-4701ABA8D7D0, cid=4345, SUCCESS, logIndex=7166, commits[85302df8-7a7f-4077-a053-c26dc3d3d65a:c7166]
2019-06-13 22:54:06,263 INFO  client.GrpcClientProtocolClient (GrpcClientProtocolClient.java:onNext(254)) - client-C82EA620EB9B->85302df8-7a7f-4077-a053-c26dc3d3d65a: receive RaftClientReply:client-C82EA620EB9B->85302df8-7a7f-4077-a053-c26dc3d3d65a@group-4701ABA8D7D0, cid=4346, SUCCESS, logIndex=7168, commits[85302df8-7a7f-4077-a053-c26dc3d3d65a:c7168]
2019-06-13 22:54:06,265 INFO  client.GrpcClientProtocolClient (GrpcClientProtocolClient.java:onNext(254)) - client-C82EA620EB9B->85302df8-7a7f-4077-a053-c26dc3d3d65a: receive RaftClientReply:client-C82EA620EB9B->85302df8-7a7f-4077-a053-c26dc3d3d65a@group-4701ABA8D7D0, cid=4347, SUCCESS, logIndex=7169, commits[85302df8-7a7f-4077-a053-c26dc3d3d65a:c7171]
2019-06-13 22:54:06,265 INFO  client.GrpcClientProtocolClient (GrpcClientProtocolClient.java:onNext(254)) - client-C82EA620EB9B->85302df8-7a7f-4077-a053-c26dc3d3d65a: receive RaftClientReply:client-C82EA620EB9B->85302df8-7a7f-4077-a053-c26dc3d3d65a@group-4701ABA8D7D0, cid=4348, SUCCESS, logIndex=7170, commits[85302df8-7a7f-4077-a053-c26dc3d3d65a:c7171]
2019-06-13 22:54:06,270 INFO  client.GrpcClientProtocolClient (GrpcClientProtocolClient.java:onNext(254)) - client-C82EA620EB9B->85302df8-7a7f-4077-a053-c26dc3d3d65a: receive RaftClientReply:client-C82EA620EB9B->85302df8-7a7f-4077-a053-c26dc3d3d65a@group-4701ABA8D7D0, cid=4349, SUCCESS, logIndex=7172, commits[85302df8-7a7f-4077-a053-c26dc3d3d65a:c7172]
2019-06-13 22:54:06,272 INFO  client.GrpcClientProtocolClient (GrpcClientProtocolClient.java:onNext(254)) - client-C82EA620EB9B->85302df8-7a7f-4077-a053-c26dc3d3d65a: receive RaftClientReply:client-C82EA620EB9B->85302df8-7a7f-4077-a053-c26dc3d3d65a@group-4701ABA8D7D0, cid=4350, SUCCESS, logIndex=7174, commits[85302df8-7a7f-4077-a053-c26dc3d3d65a:c7174]
2019-06-13 22:54:06,272 INFO  client.GrpcClientProtocolClient (GrpcClientProtocolClient.java:onNext(254)) - client-C82EA620EB9B->85302df8-7a7f-4077-a053-c26dc3d3d65a: receive RaftClientReply:client-C82EA620EB9B->85302df8-7a7f-4077-a053-c26dc3d3d65a@group-4701ABA8D7D0, cid=4351, SUCCESS, logIndex=7175, commits[85302df8-7a7f-4077-a053-c26dc3d3d65a:c7177]
2019-06-13 22:54:06,273 INFO  client.GrpcClientProtocolClient (GrpcClientProtocolClient.java:onNext(254)) - client-C82EA620EB9B->85302df8-7a7f-4077-a053-c26dc3d3d65a: receive RaftClientReply:client-C82EA620EB9B->85302df8-7a7f-4077-a053-c26dc3d3d65a@group-4701ABA8D7D0, cid=4352, SUCCESS, logIndex=7176, commits[85302df8-7a7f-4077-a053-c26dc3d3d65a:c7177]
2019-06-13 22:54:06,283 INFO  client.GrpcClientProtocolClient (GrpcClientProtocolClient.java:onNext(254)) - client-C82EA620EB9B->85302df8-7a7f-4077-a053-c26dc3d3d65a: receive RaftClientReply:client-C82EA620EB9B->85302df8-7a7f-4077-a053-c26dc3d3d65a@group-4701ABA8D7D0, cid=4353, SUCCESS, logIndex=7178, commits[85302df8-7a7f-4077-a053-c26dc3d3d65a:c7178]
2019-06-13 22:54:06,284 INFO  client.GrpcClientProtocolClient (GrpcClientProtocolClient.java:onNext(254)) - client-C82EA620EB9B->85302df8-7a7f-4077-a053-c26dc3d3d65a: receive RaftClientReply:client-C82EA620EB9B->85302df8-7a7f-4077-a053-c26dc3d3d65a@group-4701ABA8D7D0, cid=4354, SUCCESS, logIndex=7180, commits[85302df8-7a7f-4077-a053-c26dc3d3d65a:c7180]
2019-06-13 22:54:06,285 INFO  client.GrpcClientProtocolClient (GrpcClientProtocolClient.java:onNext(254)) - client-C82EA620EB9B->85302df8-7a7f-4077-a053-c26dc3d3d65a: receive RaftClientReply:client-C82EA620EB9B->85302df8-7a7f-4077-a053-c26dc3d3d65a@group-4701ABA8D7D0, cid=4355, SUCCESS, logIndex=7181, commits[85302df8-7a7f-4077-a053-c26dc3d3d65a:c7183]
2019-06-13 22:54:06,286 INFO  client.GrpcClientProtocolClient (GrpcClientProtocolClient.java:onNext(254)) - client-C82EA620EB9B->85302df8-7a7f-4077-a053-c26dc3d3d65a: receive RaftClientReply:client-C82EA620EB9B->85302df8-7a7f-4077-a053-c26dc3d3d65a@group-4701ABA8D7D0, cid=4356, SUCCESS, logIndex=7182, commits[85302df8-7a7f-4077-a053-c26dc3d3d65a:c7183]
2019-06-13 22:54:06,291 INFO  client.GrpcClientProtocolClient (GrpcClientProtocolClient.java:onNext(254)) - client-C82EA620EB9B->85302df8-7a7f-4077-a053-c26dc3d3d65a: receive RaftClientReply:client-C82EA620EB9B->85302df8-7a7f-4077-a053-c26dc3d3d65a@group-4701ABA8D7D0, cid=4357, SUCCESS, logIndex=7184, commits[85302df8-7a7f-4077-a053-c26dc3d3d65a:c7184]
2019-06-13 22:54:06,292 INFO  client.GrpcClientProtocolClient (GrpcClientProtocolClient.java:onNext(254)) - client-C82EA620EB9B->85302df8-7a7f-4077-a053-c26dc3d3d65a: receive RaftClientReply:client-C82EA620EB9B->85302df8-7a7f-4077-a053-c26dc3d3d65a@group-4701ABA8D7D0, cid=4358, SUCCESS, logIndex=7186, commits[85302df8-7a7f-4077-a053-c26dc3d3d65a:c7186]
2019-06-13 22:54:06,293 INFO  client.GrpcClientProtocolClient (GrpcClientProtocolClient.java:onNext(254)) - client-C82EA620EB9B->85302df8-7a7f-4077-a053-c26dc3d3d65a: receive RaftClientReply:client-C82EA620EB9B->85302df8-7a7f-4077-a053-c26dc3d3d65a@group-4701ABA8D7D0, cid=4359, SUCCESS, logIndex=7187, commits[85302df8-7a7f-4077-a053-c26dc3d3d65a:c7189]
2019-06-13 22:54:06,293 INFO  client.GrpcClientProtocolClient (GrpcClientProtocolClient.java:onNext(254)) - client-C82EA620EB9B->85302df8-7a7f-4077-a053-c26dc3d3d65a: receive RaftClientReply:client-C82EA620EB9B->85302df8-7a7f-4077-a053-c26dc3d3d65a@group-4701ABA8D7D0, cid=4360, SUCCESS, logIndex=7188, commits[85302df8-7a7f-4077-a053-c26dc3d3d65a:c7189]
2019-06-13 22:54:06,304 INFO  client.GrpcClientProtocolClient (GrpcClientProtocolClient.java:onNext(254)) - client-C82EA620EB9B->85302df8-7a7f-4077-a053-c26dc3d3d65a: receive RaftClientReply:client-C82EA620EB9B->85302df8-7a7f-4077-a053-c26dc3d3d65a@group-4701ABA8D7D0, cid=4361, SUCCESS, logIndex=7190, commits[85302df8-7a7f-4077-a053-c26dc3d3d65a:c7190]
2019-06-13 22:54:06,305 INFO  client.GrpcClientProtocolClient (GrpcClientProtocolClient.java:onNext(254)) - client-C82EA620EB9B->85302df8-7a7f-4077-a053-c26dc3d3d65a: receive RaftClientReply:client-C82EA620EB9B->85302df8-7a7f-4077-a053-c26dc3d3d65a@group-4701ABA8D7D0, cid=4362, SUCCESS, logIndex=7192, commits[85302df8-7a7f-4077-a053-c26dc3d3d65a:c7192]
2019-06-13 22:54:06,306 INFO  client.GrpcClientProtocolClient (GrpcClientProtocolClient.java:onNext(254)) - client-C82EA620EB9B->85302df8-7a7f-4077-a053-c26dc3d3d65a: receive RaftClientReply:client-C82EA620EB9B->85302df8-7a7f-4077-a053-c26dc3d3d65a@group-4701ABA8D7D0, cid=4363, SUCCESS, logIndex=7193, commits[85302df8-7a7f-4077-a053-c26dc3d3d65a:c7195]
2019-06-13 22:54:06,307 INFO  client.GrpcClientProtocolClient (GrpcClientProtocolClient.java:onNext(254)) - client-C82EA620EB9B->85302df8-7a7f-4077-a053-c26dc3d3d65a: receive RaftClientReply:client-C82EA620EB9B->85302df8-7a7f-4077-a053-c26dc3d3d65a@group-4701ABA8D7D0, cid=4364, SUCCESS, logIndex=7194, commits[85302df8-7a7f-4077-a053-c26dc3d3d65a:c7195]
2019-06-13 22:54:06,312 INFO  client.GrpcClientProtocolClient (GrpcClientProtocolClient.java:onNext(254)) - client-C82EA620EB9B->85302df8-7a7f-4077-a053-c26dc3d3d65a: receive RaftClientReply:client-C82EA620EB9B->85302df8-7a7f-4077-a053-c26dc3d3d65a@group-4701ABA8D7D0, cid=4365, SUCCESS, logIndex=7196, commits[85302df8-7a7f-4077-a053-c26dc3d3d65a:c7196]
2019-06-13 22:54:06,314 INFO  client.GrpcClientProtocolClient (GrpcClientProtocolClient.java:onNext(254)) - client-C82EA620EB9B->85302df8-7a7f-4077-a053-c26dc3d3d65a: receive RaftClientReply:client-C82EA620EB9B->85302df8-7a7f-4077-a053-c26dc3d3d65a@group-4701ABA8D7D0, cid=4366, SUCCESS, logIndex=7198, commits[85302df8-7a7f-4077-a053-c26dc3d3d65a:c7198]
2019-06-13 22:54:06,314 INFO  client.GrpcClientProtocolClient (GrpcClientProtocolClient.java:onNext(254)) - client-C82EA620EB9B->85302df8-7a7f-4077-a053-c26dc3d3d65a: receive RaftClientReply:client-C82EA620EB9B->85302df8-7a7f-4077-a053-c26dc3d3d65a@group-4701ABA8D7D0, cid=4367, SUCCESS, logIndex=7199, commits[85302df8-7a7f-4077-a053-c26dc3d3d65a:c7201]
2019-06-13 22:54:06,315 INFO  client.GrpcClientProtocolClient (GrpcClientProtocolClient.java:onNext(254)) - client-C82EA620EB9B->85302df8-7a7f-4077-a053-c26dc3d3d65a: receive RaftClientReply:client-C82EA620EB9B->85302df8-7a7f-4077-a053-c26dc3d3d65a@group-4701ABA8D7D0, cid=4368, SUCCESS, logIndex=7200, commits[85302df8-7a7f-4077-a053-c26dc3d3d65a:c7201]
2019-06-13 22:54:06,315 DEBUG block.SCMBlockDeletingService (SCMBlockDeletingService.java:call(138)) - Running DeletedBlockTransactionScanner
2019-06-13 22:54:06,315 DEBUG block.SCMBlockDeletingService (SCMBlockDeletingService.java:call(155)) - Scanned deleted blocks log and got 0 delTX to process.
2019-06-13 22:54:06,326 INFO  client.GrpcClientProtocolClient (GrpcClientProtocolClient.java:onNext(254)) - client-C82EA620EB9B->85302df8-7a7f-4077-a053-c26dc3d3d65a: receive RaftClientReply:client-C82EA620EB9B->85302df8-7a7f-4077-a053-c26dc3d3d65a@group-4701ABA8D7D0, cid=4369, SUCCESS, logIndex=7202, commits[85302df8-7a7f-4077-a053-c26dc3d3d65a:c7202]
2019-06-13 22:54:06,328 INFO  client.GrpcClientProtocolClient (GrpcClientProtocolClient.java:onNext(254)) - client-C82EA620EB9B->85302df8-7a7f-4077-a053-c26dc3d3d65a: receive RaftClientReply:client-C82EA620EB9B->85302df8-7a7f-4077-a053-c26dc3d3d65a@group-4701ABA8D7D0, cid=4370, SUCCESS, logIndex=7204, commits[85302df8-7a7f-4077-a053-c26dc3d3d65a:c7204]
2019-06-13 22:54:06,328 INFO  client.GrpcClientProtocolClient (GrpcClientProtocolClient.java:onNext(254)) - client-C82EA620EB9B->85302df8-7a7f-4077-a053-c26dc3d3d65a: receive RaftClientReply:client-C82EA620EB9B->85302df8-7a7f-4077-a053-c26dc3d3d65a@group-4701ABA8D7D0, cid=4371, SUCCESS, logIndex=7205, commits[85302df8-7a7f-4077-a053-c26dc3d3d65a:c7206]
2019-06-13 22:54:06,329 INFO  client.GrpcClientProtocolClient (GrpcClientProtocolClient.java:onNext(254)) - client-C82EA620EB9B->85302df8-7a7f-4077-a053-c26dc3d3d65a: receive RaftClientReply:client-C82EA620EB9B->85302df8-7a7f-4077-a053-c26dc3d3d65a@group-4701ABA8D7D0, cid=4372, SUCCESS, logIndex=7206, commits[85302df8-7a7f-4077-a053-c26dc3d3d65a:c7206]
2019-06-13 22:54:06,334 INFO  client.GrpcClientProtocolClient (GrpcClientProtocolClient.java:onNext(254)) - client-C82EA620EB9B->85302df8-7a7f-4077-a053-c26dc3d3d65a: receive RaftClientReply:client-C82EA620EB9B->85302df8-7a7f-4077-a053-c26dc3d3d65a@group-4701ABA8D7D0, cid=4373, SUCCESS, logIndex=7209, commits[85302df8-7a7f-4077-a053-c26dc3d3d65a:c7209]
2019-06-13 22:54:06,336 INFO  client.GrpcClientProtocolClient (GrpcClientProtocolClient.java:onNext(254)) - client-C82EA620EB9B->85302df8-7a7f-4077-a053-c26dc3d3d65a: receive RaftClientReply:client-C82EA620EB9B->85302df8-7a7f-4077-a053-c26dc3d3d65a@group-4701ABA8D7D0, cid=4374, SUCCESS, logIndex=7211, commits[85302df8-7a7f-4077-a053-c26dc3d3d65a:c7211]
2019-06-13 22:54:06,338 INFO  client.GrpcClientProtocolClient (GrpcClientProtocolClient.java:onNext(254)) - client-C82EA620EB9B->85302df8-7a7f-4077-a053-c26dc3d3d65a: receive RaftClientReply:client-C82EA620EB9B->85302df8-7a7f-4077-a053-c26dc3d3d65a@group-4701ABA8D7D0, cid=4375, SUCCESS, logIndex=7213, commits[85302df8-7a7f-4077-a053-c26dc3d3d65a:c7214]
2019-06-13 22:54:06,338 INFO  client.GrpcClientProtocolClient (GrpcClientProtocolClient.java:onNext(254)) - client-C82EA620EB9B->85302df8-7a7f-4077-a053-c26dc3d3d65a: receive RaftClientReply:client-C82EA620EB9B->85302df8-7a7f-4077-a053-c26dc3d3d65a@group-4701ABA8D7D0, cid=4376, SUCCESS, logIndex=7214, commits[85302df8-7a7f-4077-a053-c26dc3d3d65a:c7214]
2019-06-13 22:54:06,663 DEBUG block.SCMBlockDeletingService (SCMBlockDeletingService.java:call(138)) - Running DeletedBlockTransactionScanner
2019-06-13 22:54:06,663 DEBUG block.SCMBlockDeletingService (SCMBlockDeletingService.java:call(155)) - Scanned deleted blocks log and got 0 delTX to process.
2019-06-13 22:54:06,673 INFO  client.GrpcClientProtocolClient (GrpcClientProtocolClient.java:onNext(254)) - client-C82EA620EB9B->85302df8-7a7f-4077-a053-c26dc3d3d65a: receive RaftClientReply:client-C82EA620EB9B->85302df8-7a7f-4077-a053-c26dc3d3d65a@group-4701ABA8D7D0, cid=4377, SUCCESS, logIndex=7216, commits[85302df8-7a7f-4077-a053-c26dc3d3d65a:c7216]
2019-06-13 22:54:06,675 INFO  client.GrpcClientProtocolClient (GrpcClientProtocolClient.java:onNext(254)) - client-C82EA620EB9B->85302df8-7a7f-4077-a053-c26dc3d3d65a: receive RaftClientReply:client-C82EA620EB9B->85302df8-7a7f-4077-a053-c26dc3d3d65a@group-4701ABA8D7D0, cid=4378, SUCCESS, logIndex=7218, commits[85302df8-7a7f-4077-a053-c26dc3d3d65a:c7218]
2019-06-13 22:54:06,676 INFO  client.GrpcClientProtocolClient (GrpcClientProtocolClient.java:onNext(254)) - client-C82EA620EB9B->85302df8-7a7f-4077-a053-c26dc3d3d65a: receive RaftClientReply:client-C82EA620EB9B->85302df8-7a7f-4077-a053-c26dc3d3d65a@group-4701ABA8D7D0, cid=4379, SUCCESS, logIndex=7219, commits[85302df8-7a7f-4077-a053-c26dc3d3d65a:c7221]
2019-06-13 22:54:06,676 INFO  client.GrpcClientProtocolClient (GrpcClientProtocolClient.java:onNext(254)) - client-C82EA620EB9B->85302df8-7a7f-4077-a053-c26dc3d3d65a: receive RaftClientReply:client-C82EA620EB9B->85302df8-7a7f-4077-a053-c26dc3d3d65a@group-4701ABA8D7D0, cid=4380, SUCCESS, logIndex=7220, commits[85302df8-7a7f-4077-a053-c26dc3d3d65a:c7221]
2019-06-13 22:54:06,682 INFO  client.GrpcClientProtocolClient (GrpcClientProtocolClient.java:onNext(254)) - client-C82EA620EB9B->85302df8-7a7f-4077-a053-c26dc3d3d65a: receive RaftClientReply:client-C82EA620EB9B->85302df8-7a7f-4077-a053-c26dc3d3d65a@group-4701ABA8D7D0, cid=4381, SUCCESS, logIndex=7222, commits[85302df8-7a7f-4077-a053-c26dc3d3d65a:c7222]
2019-06-13 22:54:06,684 INFO  client.GrpcClientProtocolClient (GrpcClientProtocolClient.java:onNext(254)) - client-C82EA620EB9B->85302df8-7a7f-4077-a053-c26dc3d3d65a: receive RaftClientReply:client-C82EA620EB9B->85302df8-7a7f-4077-a053-c26dc3d3d65a@group-4701ABA8D7D0, cid=4382, SUCCESS, logIndex=7224, commits[85302df8-7a7f-4077-a053-c26dc3d3d65a:c7224]
2019-06-13 22:54:06,685 INFO  client.GrpcClientProtocolClient (GrpcClientProtocolClient.java:onNext(254)) - client-C82EA620EB9B->85302df8-7a7f-4077-a053-c26dc3d3d65a: receive RaftClientReply:client-C82EA620EB9B->85302df8-7a7f-4077-a053-c26dc3d3d65a@group-4701ABA8D7D0, cid=4383, SUCCESS, logIndex=7225, commits[85302df8-7a7f-4077-a053-c26dc3d3d65a:c7227]
2019-06-13 22:54:06,685 INFO  client.GrpcClientProtocolClient (GrpcClientProtocolClient.java:onNext(254)) - client-C82EA620EB9B->85302df8-7a7f-4077-a053-c26dc3d3d65a: receive RaftClientReply:client-C82EA620EB9B->85302df8-7a7f-4077-a053-c26dc3d3d65a@group-4701ABA8D7D0, cid=4384, SUCCESS, logIndex=7226, commits[85302df8-7a7f-4077-a053-c26dc3d3d65a:c7227]
2019-06-13 22:54:06,696 INFO  client.GrpcClientProtocolClient (GrpcClientProtocolClient.java:onNext(254)) - client-C82EA620EB9B->85302df8-7a7f-4077-a053-c26dc3d3d65a: receive RaftClientReply:client-C82EA620EB9B->85302df8-7a7f-4077-a053-c26dc3d3d65a@group-4701ABA8D7D0, cid=4385, SUCCESS, logIndex=7228, commits[85302df8-7a7f-4077-a053-c26dc3d3d65a:c7228]
2019-06-13 22:54:06,696 INFO  storage.RaftLogWorker (RaftLogWorker.java:rollLogSegment(303)) - 85302df8-7a7f-4077-a053-c26dc3d3d65a-RaftLogWorker: Rolling segment log-7164_7230 to index:7230
2019-06-13 22:54:06,696 INFO  storage.RaftLogWorker (RaftLogWorker.java:execute(433)) - 85302df8-7a7f-4077-a053-c26dc3d3d65a-RaftLogWorker: Rolled log segment from /opt/src/hadoop-ozone/integration-test/target/test-dir/MiniOzoneClusterImpl-550f9ca0-a6d9-4a4a-902f-f07ac81eac7b/datanode-0/data/ratis/5ad10fc2-5a33-4bdd-8958-4701aba8d7d0/current/log_inprogress_7164 to /opt/src/hadoop-ozone/integration-test/target/test-dir/MiniOzoneClusterImpl-550f9ca0-a6d9-4a4a-902f-f07ac81eac7b/datanode-0/data/ratis/5ad10fc2-5a33-4bdd-8958-4701aba8d7d0/current/log_7164-7230
2019-06-13 22:54:06,698 INFO  client.GrpcClientProtocolClient (GrpcClientProtocolClient.java:onNext(254)) - client-C82EA620EB9B->85302df8-7a7f-4077-a053-c26dc3d3d65a: receive RaftClientReply:client-C82EA620EB9B->85302df8-7a7f-4077-a053-c26dc3d3d65a@group-4701ABA8D7D0, cid=4386, SUCCESS, logIndex=7230, commits[85302df8-7a7f-4077-a053-c26dc3d3d65a:c7230]
2019-06-13 22:54:06,732 INFO  storage.RaftLogWorker (RaftLogWorker.java:execute(469)) - 85302df8-7a7f-4077-a053-c26dc3d3d65a-RaftLogWorker: created new log segment /opt/src/hadoop-ozone/integration-test/target/test-dir/MiniOzoneClusterImpl-550f9ca0-a6d9-4a4a-902f-f07ac81eac7b/datanode-0/data/ratis/5ad10fc2-5a33-4bdd-8958-4701aba8d7d0/current/log_inprogress_7231
2019-06-13 22:54:06,733 INFO  client.GrpcClientProtocolClient (GrpcClientProtocolClient.java:onNext(254)) - client-C82EA620EB9B->85302df8-7a7f-4077-a053-c26dc3d3d65a: receive RaftClientReply:client-C82EA620EB9B->85302df8-7a7f-4077-a053-c26dc3d3d65a@group-4701ABA8D7D0, cid=4387, SUCCESS, logIndex=7231, commits[85302df8-7a7f-4077-a053-c26dc3d3d65a:c7233]
2019-06-13 22:54:06,734 INFO  client.GrpcClientProtocolClient (GrpcClientProtocolClient.java:onNext(254)) - client-C82EA620EB9B->85302df8-7a7f-4077-a053-c26dc3d3d65a: receive RaftClientReply:client-C82EA620EB9B->85302df8-7a7f-4077-a053-c26dc3d3d65a@group-4701ABA8D7D0, cid=4388, SUCCESS, logIndex=7233, commits[85302df8-7a7f-4077-a053-c26dc3d3d65a:c7233]
2019-06-13 22:54:06,739 INFO  client.GrpcClientProtocolClient (GrpcClientProtocolClient.java:onNext(254)) - client-C82EA620EB9B->85302df8-7a7f-4077-a053-c26dc3d3d65a: receive RaftClientReply:client-C82EA620EB9B->85302df8-7a7f-4077-a053-c26dc3d3d65a@group-4701ABA8D7D0, cid=4389, SUCCESS, logIndex=7235, commits[85302df8-7a7f-4077-a053-c26dc3d3d65a:c7235]
2019-06-13 22:54:06,740 INFO  client.GrpcClientProtocolClient (GrpcClientProtocolClient.java:onNext(254)) - client-C82EA620EB9B->85302df8-7a7f-4077-a053-c26dc3d3d65a: receive RaftClientReply:client-C82EA620EB9B->85302df8-7a7f-4077-a053-c26dc3d3d65a@group-4701ABA8D7D0, cid=4390, SUCCESS, logIndex=7237, commits[85302df8-7a7f-4077-a053-c26dc3d3d65a:c7237]
2019-06-13 22:54:06,742 INFO  client.GrpcClientProtocolClient (GrpcClientProtocolClient.java:onNext(254)) - client-C82EA620EB9B->85302df8-7a7f-4077-a053-c26dc3d3d65a: receive RaftClientReply:client-C82EA620EB9B->85302df8-7a7f-4077-a053-c26dc3d3d65a@group-4701ABA8D7D0, cid=4391, SUCCESS, logIndex=7238, commits[85302df8-7a7f-4077-a053-c26dc3d3d65a:c7240]
2019-06-13 22:54:06,742 INFO  client.GrpcClientProtocolClient (GrpcClientProtocolClient.java:onNext(254)) - client-C82EA620EB9B->85302df8-7a7f-4077-a053-c26dc3d3d65a: receive RaftClientReply:client-C82EA620EB9B->85302df8-7a7f-4077-a053-c26dc3d3d65a@group-4701ABA8D7D0, cid=4392, SUCCESS, logIndex=7239, commits[85302df8-7a7f-4077-a053-c26dc3d3d65a:c7240]
2019-06-13 22:54:06,752 INFO  client.GrpcClientProtocolClient (GrpcClientProtocolClient.java:onNext(254)) - client-C82EA620EB9B->85302df8-7a7f-4077-a053-c26dc3d3d65a: receive RaftClientReply:client-C82EA620EB9B->85302df8-7a7f-4077-a053-c26dc3d3d65a@group-4701ABA8D7D0, cid=4393, SUCCESS, logIndex=7241, commits[85302df8-7a7f-4077-a053-c26dc3d3d65a:c7241]
2019-06-13 22:54:06,754 INFO  client.GrpcClientProtocolClient (GrpcClientProtocolClient.java:onNext(254)) - client-C82EA620EB9B->85302df8-7a7f-4077-a053-c26dc3d3d65a: receive RaftClientReply:client-C82EA620EB9B->85302df8-7a7f-4077-a053-c26dc3d3d65a@group-4701ABA8D7D0, cid=4394, SUCCESS, logIndex=7243, commits[85302df8-7a7f-4077-a053-c26dc3d3d65a:c7243]
2019-06-13 22:54:06,754 INFO  client.GrpcClientProtocolClient (GrpcClientProtocolClient.java:onNext(254)) - client-C82EA620EB9B->85302df8-7a7f-4077-a053-c26dc3d3d65a: receive RaftClientReply:client-C82EA620EB9B->85302df8-7a7f-4077-a053-c26dc3d3d65a@group-4701ABA8D7D0, cid=4395, SUCCESS, logIndex=7244, commits[85302df8-7a7f-4077-a053-c26dc3d3d65a:c7246]
2019-06-13 22:54:06,755 INFO  client.GrpcClientProtocolClient (GrpcClientProtocolClient.java:onNext(254)) - client-C82EA620EB9B->85302df8-7a7f-4077-a053-c26dc3d3d65a: receive RaftClientReply:client-C82EA620EB9B->85302df8-7a7f-4077-a053-c26dc3d3d65a@group-4701ABA8D7D0, cid=4396, SUCCESS, logIndex=7245, commits[85302df8-7a7f-4077-a053-c26dc3d3d65a:c7246]
2019-06-13 22:54:06,760 INFO  client.GrpcClientProtocolClient (GrpcClientProtocolClient.java:onNext(254)) - client-C82EA620EB9B->85302df8-7a7f-4077-a053-c26dc3d3d65a: receive RaftClientReply:client-C82EA620EB9B->85302df8-7a7f-4077-a053-c26dc3d3d65a@group-4701ABA8D7D0, cid=4397, SUCCESS, logIndex=7247, commits[85302df8-7a7f-4077-a053-c26dc3d3d65a:c7247]
2019-06-13 22:54:06,761 INFO  client.GrpcClientProtocolClient (GrpcClientProtocolClient.java:onNext(254)) - client-C82EA620EB9B->85302df8-7a7f-4077-a053-c26dc3d3d65a: receive RaftClientReply:client-C82EA620EB9B->85302df8-7a7f-4077-a053-c26dc3d3d65a@group-4701ABA8D7D0, cid=4398, SUCCESS, logIndex=7249, commits[85302df8-7a7f-4077-a053-c26dc3d3d65a:c7249]
2019-06-13 22:54:06,762 INFO  client.GrpcClientProtocolClient (GrpcClientProtocolClient.java:onNext(254)) - client-C82EA620EB9B->85302df8-7a7f-4077-a053-c26dc3d3d65a: receive RaftClientReply:client-C82EA620EB9B->85302df8-7a7f-4077-a053-c26dc3d3d65a@group-4701ABA8D7D0, cid=4399, SUCCESS, logIndex=7250, commits[85302df8-7a7f-4077-a053-c26dc3d3d65a:c7252]
2019-06-13 22:54:06,762 INFO  client.GrpcClientProtocolClient (GrpcClientProtocolClient.java:onNext(254)) - client-C82EA620EB9B->85302df8-7a7f-4077-a053-c26dc3d3d65a: receive RaftClientReply:client-C82EA620EB9B->85302df8-7a7f-4077-a053-c26dc3d3d65a@group-4701ABA8D7D0, cid=4400, SUCCESS, logIndex=7251, commits[85302df8-7a7f-4077-a053-c26dc3d3d65a:c7252]
2019-06-13 22:54:06,763 DEBUG block.SCMBlockDeletingService (SCMBlockDeletingService.java:call(138)) - Running DeletedBlockTransactionScanner
2019-06-13 22:54:06,763 DEBUG block.SCMBlockDeletingService (SCMBlockDeletingService.java:call(155)) - Scanned deleted blocks log and got 0 delTX to process.
2019-06-13 22:54:06,773 INFO  client.GrpcClientProtocolClient (GrpcClientProtocolClient.java:onNext(254)) - client-C82EA620EB9B->85302df8-7a7f-4077-a053-c26dc3d3d65a: receive RaftClientReply:client-C82EA620EB9B->85302df8-7a7f-4077-a053-c26dc3d3d65a@group-4701ABA8D7D0, cid=4401, SUCCESS, logIndex=7253, commits[85302df8-7a7f-4077-a053-c26dc3d3d65a:c7253]
2019-06-13 22:54:06,775 INFO  client.GrpcClientProtocolClient (GrpcClientProtocolClient.java:onNext(254)) - client-C82EA620EB9B->85302df8-7a7f-4077-a053-c26dc3d3d65a: receive RaftClientReply:client-C82EA620EB9B->85302df8-7a7f-4077-a053-c26dc3d3d65a@group-4701ABA8D7D0, cid=4402, SUCCESS, logIndex=7255, commits[85302df8-7a7f-4077-a053-c26dc3d3d65a:c7255]
2019-06-13 22:54:06,775 INFO  client.GrpcClientProtocolClient (GrpcClientProtocolClient.java:onNext(254)) - client-C82EA620EB9B->85302df8-7a7f-4077-a053-c26dc3d3d65a: receive RaftClientReply:client-C82EA620EB9B->85302df8-7a7f-4077-a053-c26dc3d3d65a@group-4701ABA8D7D0, cid=4403, SUCCESS, logIndex=7256, commits[85302df8-7a7f-4077-a053-c26dc3d3d65a:c7256]
2019-06-13 22:54:06,776 INFO  client.GrpcClientProtocolClient (GrpcClientProtocolClient.java:onNext(254)) - client-C82EA620EB9B->85302df8-7a7f-4077-a053-c26dc3d3d65a: receive RaftClientReply:client-C82EA620EB9B->85302df8-7a7f-4077-a053-c26dc3d3d65a@group-4701ABA8D7D0, cid=4404, SUCCESS, logIndex=7259, commits[85302df8-7a7f-4077-a053-c26dc3d3d65a:c7259]
2019-06-13 22:54:06,782 INFO  client.GrpcClientProtocolClient (GrpcClientProtocolClient.java:onNext(254)) - client-C82EA620EB9B->85302df8-7a7f-4077-a053-c26dc3d3d65a: receive RaftClientReply:client-C82EA620EB9B->85302df8-7a7f-4077-a053-c26dc3d3d65a@group-4701ABA8D7D0, cid=4405, SUCCESS, logIndex=7261, commits[85302df8-7a7f-4077-a053-c26dc3d3d65a:c7261]
2019-06-13 22:54:06,783 INFO  client.GrpcClientProtocolClient (GrpcClientProtocolClient.java:onNext(254)) - client-C82EA620EB9B->85302df8-7a7f-4077-a053-c26dc3d3d65a: receive RaftClientReply:client-C82EA620EB9B->85302df8-7a7f-4077-a053-c26dc3d3d65a@group-4701ABA8D7D0, cid=4406, SUCCESS, logIndex=7263, commits[85302df8-7a7f-4077-a053-c26dc3d3d65a:c7263]
2019-06-13 22:54:06,788 INFO  client.GrpcClientProtocolClient (GrpcClientProtocolClient.java:onNext(254)) - client-C82EA620EB9B->85302df8-7a7f-4077-a053-c26dc3d3d65a: receive RaftClientReply:client-C82EA620EB9B->85302df8-7a7f-4077-a053-c26dc3d3d65a@group-4701ABA8D7D0, cid=4407, SUCCESS, logIndex=7265, commits[85302df8-7a7f-4077-a053-c26dc3d3d65a:c7265]
2019-06-13 22:54:06,789 INFO  client.GrpcClientProtocolClient (GrpcClientProtocolClient.java:onNext(254)) - client-C82EA620EB9B->85302df8-7a7f-4077-a053-c26dc3d3d65a: receive RaftClientReply:client-C82EA620EB9B->85302df8-7a7f-4077-a053-c26dc3d3d65a@group-4701ABA8D7D0, cid=4408, SUCCESS, logIndex=7267, commits[85302df8-7a7f-4077-a053-c26dc3d3d65a:c7267]
2019-06-13 22:54:06,800 INFO  client.GrpcClientProtocolClient (GrpcClientProtocolClient.java:onNext(254)) - client-C82EA620EB9B->85302df8-7a7f-4077-a053-c26dc3d3d65a: receive RaftClientReply:client-C82EA620EB9B->85302df8-7a7f-4077-a053-c26dc3d3d65a@group-4701ABA8D7D0, cid=4409, SUCCESS, logIndex=7269, commits[85302df8-7a7f-4077-a053-c26dc3d3d65a:c7269]
2019-06-13 22:54:06,802 INFO  client.GrpcClientProtocolClient (GrpcClientProtocolClient.java:onNext(254)) - client-C82EA620EB9B->85302df8-7a7f-4077-a053-c26dc3d3d65a: receive RaftClientReply:client-C82EA620EB9B->85302df8-7a7f-4077-a053-c26dc3d3d65a@group-4701ABA8D7D0, cid=4410, SUCCESS, logIndex=7271, commits[85302df8-7a7f-4077-a053-c26dc3d3d65a:c7271]
2019-06-13 22:54:06,802 INFO  client.GrpcClientProtocolClient (GrpcClientProtocolClient.java:onNext(254)) - client-C82EA620EB9B->85302df8-7a7f-4077-a053-c26dc3d3d65a: receive RaftClientReply:client-C82EA620EB9B->85302df8-7a7f-4077-a053-c26dc3d3d65a@group-4701ABA8D7D0, cid=4411, SUCCESS, logIndex=7272, commits[85302df8-7a7f-4077-a053-c26dc3d3d65a:c7274]
2019-06-13 22:54:06,803 INFO  client.GrpcClientProtocolClient (GrpcClientProtocolClient.java:onNext(254)) - client-C82EA620EB9B->85302df8-7a7f-4077-a053-c26dc3d3d65a: receive RaftClientReply:client-C82EA620EB9B->85302df8-7a7f-4077-a053-c26dc3d3d65a@group-4701ABA8D7D0, cid=4412, SUCCESS, logIndex=7273, commits[85302df8-7a7f-4077-a053-c26dc3d3d65a:c7274]
2019-06-13 22:54:06,807 INFO  client.GrpcClientProtocolClient (GrpcClientProtocolClient.java:onNext(254)) - client-C82EA620EB9B->85302df8-7a7f-4077-a053-c26dc3d3d65a: receive RaftClientReply:client-C82EA620EB9B->85302df8-7a7f-4077-a053-c26dc3d3d65a@group-4701ABA8D7D0, cid=4413, SUCCESS, logIndex=7275, commits[85302df8-7a7f-4077-a053-c26dc3d3d65a:c7275]
2019-06-13 22:54:06,808 INFO  client.GrpcClientProtocolClient (GrpcClientProtocolClient.java:onNext(254)) - client-C82EA620EB9B->85302df8-7a7f-4077-a053-c26dc3d3d65a: receive RaftClientReply:client-C82EA620EB9B->85302df8-7a7f-4077-a053-c26dc3d3d65a@group-4701ABA8D7D0, cid=4414, SUCCESS, logIndex=7277, commits[85302df8-7a7f-4077-a053-c26dc3d3d65a:c7277]
2019-06-13 22:54:06,810 INFO  client.GrpcClientProtocolClient (GrpcClientProtocolClient.java:onNext(254)) - client-C82EA620EB9B->85302df8-7a7f-4077-a053-c26dc3d3d65a: receive RaftClientReply:client-C82EA620EB9B->85302df8-7a7f-4077-a053-c26dc3d3d65a@group-4701ABA8D7D0, cid=4415, SUCCESS, logIndex=7278, commits[85302df8-7a7f-4077-a053-c26dc3d3d65a:c7280]
2019-06-13 22:54:06,810 INFO  client.GrpcClientProtocolClient (GrpcClientProtocolClient.java:onNext(254)) - client-C82EA620EB9B->85302df8-7a7f-4077-a053-c26dc3d3d65a: receive RaftClientReply:client-C82EA620EB9B->85302df8-7a7f-4077-a053-c26dc3d3d65a@group-4701ABA8D7D0, cid=4416, SUCCESS, logIndex=7279, commits[85302df8-7a7f-4077-a053-c26dc3d3d65a:c7280]
2019-06-13 22:54:06,821 INFO  client.GrpcClientProtocolClient (GrpcClientProtocolClient.java:onNext(254)) - client-C82EA620EB9B->85302df8-7a7f-4077-a053-c26dc3d3d65a: receive RaftClientReply:client-C82EA620EB9B->85302df8-7a7f-4077-a053-c26dc3d3d65a@group-4701ABA8D7D0, cid=4417, SUCCESS, logIndex=7281, commits[85302df8-7a7f-4077-a053-c26dc3d3d65a:c7281]
2019-06-13 22:54:06,823 INFO  client.GrpcClientProtocolClient (GrpcClientProtocolClient.java:onNext(254)) - client-C82EA620EB9B->85302df8-7a7f-4077-a053-c26dc3d3d65a: receive RaftClientReply:client-C82EA620EB9B->85302df8-7a7f-4077-a053-c26dc3d3d65a@group-4701ABA8D7D0, cid=4418, SUCCESS, logIndex=7283, commits[85302df8-7a7f-4077-a053-c26dc3d3d65a:c7283]
2019-06-13 22:54:06,824 INFO  client.GrpcClientProtocolClient (GrpcClientProtocolClient.java:onNext(254)) - client-C82EA620EB9B->85302df8-7a7f-4077-a053-c26dc3d3d65a: receive RaftClientReply:client-C82EA620EB9B->85302df8-7a7f-4077-a053-c26dc3d3d65a@group-4701ABA8D7D0, cid=4419, SUCCESS, logIndex=7284, commits[85302df8-7a7f-4077-a053-c26dc3d3d65a:c7284]
2019-06-13 22:54:06,824 INFO  client.GrpcClientProtocolClient (GrpcClientProtocolClient.java:onNext(254)) - client-C82EA620EB9B->85302df8-7a7f-4077-a053-c26dc3d3d65a: receive RaftClientReply:client-C82EA620EB9B->85302df8-7a7f-4077-a053-c26dc3d3d65a@group-4701ABA8D7D0, cid=4420, SUCCESS, logIndex=7286, commits[85302df8-7a7f-4077-a053-c26dc3d3d65a:c7286]
2019-06-13 22:54:06,827 INFO  client.GrpcClientProtocolClient (GrpcClientProtocolClient.java:onNext(254)) - client-C82EA620EB9B->85302df8-7a7f-4077-a053-c26dc3d3d65a: receive RaftClientReply:client-C82EA620EB9B->85302df8-7a7f-4077-a053-c26dc3d3d65a@group-4701ABA8D7D0, cid=4421, SUCCESS, logIndex=7289, commits[85302df8-7a7f-4077-a053-c26dc3d3d65a:c7289]
2019-06-13 22:54:06,828 INFO  client.GrpcClientProtocolClient (GrpcClientProtocolClient.java:onNext(254)) - client-C82EA620EB9B->85302df8-7a7f-4077-a053-c26dc3d3d65a: receive RaftClientReply:client-C82EA620EB9B->85302df8-7a7f-4077-a053-c26dc3d3d65a@group-4701ABA8D7D0, cid=4422, SUCCESS, logIndex=7291, commits[85302df8-7a7f-4077-a053-c26dc3d3d65a:c7291]
2019-06-13 22:54:06,863 DEBUG block.SCMBlockDeletingService (SCMBlockDeletingService.java:call(138)) - Running DeletedBlockTransactionScanner
2019-06-13 22:54:06,864 DEBUG block.SCMBlockDeletingService (SCMBlockDeletingService.java:call(155)) - Scanned deleted blocks log and got 0 delTX to process.
2019-06-13 22:54:06,964 DEBUG block.SCMBlockDeletingService (SCMBlockDeletingService.java:call(138)) - Running DeletedBlockTransactionScanner
2019-06-13 22:54:06,964 DEBUG block.SCMBlockDeletingService (SCMBlockDeletingService.java:call(155)) - Scanned deleted blocks log and got 0 delTX to process.
2019-06-13 22:54:07,069 DEBUG block.SCMBlockDeletingService (SCMBlockDeletingService.java:call(138)) - Running DeletedBlockTransactionScanner
2019-06-13 22:54:07,069 DEBUG block.SCMBlockDeletingService (SCMBlockDeletingService.java:call(155)) - Scanned deleted blocks log and got 0 delTX to process.
2019-06-13 22:54:07,081 INFO  server.SCMBlockProtocolServer (SCMBlockProtocolServer.java:deleteKeyBlocks(202)) - SCM is informed by OM to delete 1 blocks
2019-06-13 22:54:07,082 INFO  block.BlockManagerImpl (BlockManagerImpl.java:deleteBlocks(268)) - Deleting blocks conID: 1 locID: 102266726946897921 bcsId: 0,conID: 2 locID: 102266726947028994 bcsId: 0,conID: 3 locID: 102266726947028995 bcsId: 0,conID: 1 locID: 102266726947160068 bcsId: 0,conID: 2 locID: 102266726947160069 bcsId: 0,conID: 3 locID: 102266726947160070 bcsId: 0,conID: 1 locID: 102266727006732295 bcsId: 0,conID: 2 locID: 102266727009812488 bcsId: 0,conID: 3 locID: 102266727016955913 bcsId: 0,conID: 1 locID: 102266727020036106 bcsId: 0,conID: 2 locID: 102266727022854155 bcsId: 0,conID: 3 locID: 102266727028490252 bcsId: 0,conID: 1 locID: 102266727036223501 bcsId: 0,conID: 2 locID: 102266727043760142 bcsId: 0,conID: 3 locID: 102266727046447119 bcsId: 0,conID: 1 locID: 102266727049330704 bcsId: 0,conID: 2 locID: 102266727052148753 bcsId: 0,conID: 3 locID: 102266727061454866 bcsId: 0,conID: 1 locID: 102266727067418643 bcsId: 0,conID: 2 locID: 102266727070171156 bcsId: 0,conID: 3 locID: 102266727073316885 bcsId: 0,conID: 1 locID: 102266727076331542 bcsId: 0,conID: 2 locID: 102266727081705495 bcsId: 0,conID: 3 locID: 102266727103791128 bcsId: 0,conID: 1 locID: 102266727106543641 bcsId: 0,conID: 2 locID: 102266727108902938 bcsId: 0,conID: 3 locID: 102266727111262235 bcsId: 0,conID: 1 locID: 102266727116505116 bcsId: 0,conID: 2 locID: 102266727123648541 bcsId: 0,conID: 3 locID: 102266727128367134 bcsId: 0,conID: 1 locID: 102266727130595359 bcsId: 0,conID: 2 locID: 102266727132954656 bcsId: 0,conID: 3 locID: 102266727135313953 bcsId: 0,conID: 1 locID: 102266727140163618 bcsId: 0,conID: 2 locID: 102266727146717219 bcsId: 0,conID: 3 locID: 102266727148814372 bcsId: 0,conID: 1 locID: 102266727153860645 bcsId: 0,conID: 2 locID: 102266727155892262 bcsId: 0,conID: 3 locID: 102266727160152103 bcsId: 0,conID: 1 locID: 102266727166640168 bcsId: 0,conID: 2 locID: 102266727168868393 bcsId: 0,conID: 3 locID: 102266727170900010 bcsId: 0,conID: 1 locID: 102266727172669483 bcsId: 0,conID: 2 locID: 102266727192395820 bcsId: 0,conID: 3 locID: 102266727195213869 bcsId: 0,conID: 1 locID: 102266727202488366 bcsId: 0,conID: 2 locID: 102266727204388911 bcsId: 0,conID: 3 locID: 102266727206486064 bcsId: 0,conID: 1 locID: 102266727208845361 bcsId: 0,conID: 2 locID: 102266727213563954 bcsId: 0,conID: 3 locID: 102266727223394355 bcsId: 0,conID: 1 locID: 102266727225294900 bcsId: 0,conID: 2 locID: 102266727227392053 bcsId: 0,conID: 3 locID: 102266727229554742 bcsId: 0,conID: 1 locID: 102266727234928695 bcsId: 0,conID: 2 locID: 102266727237091384 bcsId: 0,conID: 3 locID: 102266727244038201 bcsId: 0,conID: 1 locID: 102266727245873210 bcsId: 0,conID: 2 locID: 102266727248887867 bcsId: 0,conID: 3 locID: 102266727257800764 bcsId: 0,conID: 1 locID: 102266727259963453 bcsId: 0,conID: 2 locID: 102266727266779198 bcsId: 0,conID: 3 locID: 102266727268876351 bcsId: 0,conID: 1 locID: 102266727270711360 bcsId: 0,conID: 2 locID: 102266727273005121 bcsId: 0,conID: 3 locID: 102266727277920322 bcsId: 0,conID: 1 locID: 102266727280672835 bcsId: 0,conID: 2 locID: 102266727302168644 bcsId: 0,conID: 3 locID: 102266727303938117 bcsId: 0,conID: 1 locID: 102266727305773126 bcsId: 0,conID: 2 locID: 102266727310032967 bcsId: 0,conID: 3 locID: 102266727311999048 bcsId: 0,conID: 1 locID: 102266727320453193 bcsId: 0,conID: 2 locID: 102266727322288202 bcsId: 0,conID: 3 locID: 102266727323992139 bcsId: 0,conID: 1 locID: 102266727328579660 bcsId: 0,conID: 2 locID: 102266727330414669 bcsId: 0,conID: 3 locID: 102266727335133262 bcsId: 0,conID: 1 locID: 102266727341359183 bcsId: 0,conID: 2 locID: 102266727343128656 bcsId: 0,conID: 3 locID: 102266727345291345 bcsId: 0,conID: 1 locID: 102266727349616722 bcsId: 0,conID: 2 locID: 102266727351648339 bcsId: 0,conID: 3 locID: 102266727357874260 bcsId: 0,conID: 1 locID: 102266727363248213 bcsId: 0,conID: 2 locID: 102266727365607510 bcsId: 0,conID: 3 locID: 102266727370129495 bcsId: 0,conID: 1 locID: 102266727371964504 bcsId: 0,conID: 2 locID: 102266727373733977 bcsId: 0,conID: 3 locID: 102266727380025434 bcsId: 0,conID: 1 locID: 102266727381860443 bcsId: 0,conID: 2 locID: 102266727386054748 bcsId: 0,conID: 3 locID: 102266727387824221 bcsId: 0,conID: 1 locID: 102266727389331550 bcsId: 0,conID: 2 locID: 102266727410171999 bcsId: 0,conID: 3 locID: 102266727411875936 bcsId: 0,conID: 1 locID: 102266727413776481 bcsId: 0,conID: 2 locID: 102266727418429538 bcsId: 0,conID: 3 locID: 102266727420264547 bcsId: 0,conID: 1 locID: 102266727421968484 bcsId: 0,conID: 2 locID: 102266727428194405 bcsId: 0,conID: 3 locID: 102266727429832806 bcsId: 0,conID: 1 locID: 102266727437566055 bcsId: 0,conID: 2 locID: 102266727439597672 bcsId: 0,conID: 3 locID: 102266727441498217 bcsId: 0,conID: 1 locID: 102266727443136618 bcsId: 0,conID: 2 locID: 102266727449428075 bcsId: 0,conID: 3 locID: 102266727454474348 bcsId: 0,conID: 1 locID: 102266727456309357 bcsId: 0,conID: 2 locID: 102266727458144366 bcsId: 0,conID: 3 locID: 102266727459979375 bcsId: 0,conID: 1 locID: 102266727468433520 bcsId: 0,conID: 2 locID: 102266727470661745 bcsId: 0,conID: 3 locID: 102266727474593906 bcsId: 0,conID: 1 locID: 102266727476363379 bcsId: 0,conID: 2 locID: 102266727478067316 bcsId: 0,conID: 3 locID: 102266727479836789 bcsId: 0,conID: 1 locID: 102266727486193782 bcsId: 0,conID: 2 locID: 102266727490453623 bcsId: 0,conID: 3 locID: 102266727491960952 bcsId: 0,conID: 1 locID: 102266727494189177 bcsId: 0,conID: 2 locID: 102266727513129082 bcsId: 0,conID: 3 locID: 102266727520665723 bcsId: 0,conID: 1 locID: 102266727524925564 bcsId: 0,conID: 2 locID: 102266727526498429 bcsId: 0,conID: 3 locID: 102266727528136830 bcsId: 0,conID: 1 locID: 102266727529644159 bcsId: 0,conID: 2 locID: 102266727531217024 bcsId: 0,conID: 3 locID: 102266727537705089 bcsId: 0,conID: 1 locID: 102266727545045122 bcsId: 0,conID: 2 locID: 102266727546749059 bcsId: 0,conID: 3 locID: 102266727548387460 bcsId: 0,conID: 1 locID: 102266727550222469 bcsId: 0,conID: 2 locID: 102266727556382854 bcsId: 0,conID: 3 locID: 102266727560511623 bcsId: 0,conID: 1 locID: 102266727562412168 bcsId: 0,conID: 2 locID: 102266727565230217 bcsId: 0,conID: 3 locID: 102266727566737546 bcsId: 0,conID: 1 locID: 102266727568310411 bcsId: 0,conID: 2 locID: 102266727579451532 bcsId: 0,conID: 3 locID: 102266727581024397 bcsId: 0,conID: 1 locID: 102266727582597262 bcsId: 0,conID: 2 locID: 102266727584432271 bcsId: 0,conID: 3 locID: 102266727586136208 bcsId: 0,conID: 1 locID: 102266727593476241 bcsId: 0,conID: 2 locID: 102266727597605010 bcsId: 0,conID: 3 locID: 102266727599112339 bcsId: 0,conID: 1 locID: 102266727600750740 bcsId: 0,conID: 2 locID: 102266727602978965 bcsId: 0,conID: 3 locID: 102266727619494038 bcsId: 0,conID: 1 locID: 102266727627817111 bcsId: 0,conID: 2 locID: 102266727629324440 bcsId: 0,conID: 3 locID: 102266727631356057 bcsId: 0,conID: 1 locID: 102266727633256602 bcsId: 0,conID: 2 locID: 102266727634763931 bcsId: 0,conID: 3 locID: 102266727644397724 bcsId: 0,conID: 1 locID: 102266727645970589 bcsId: 0,conID: 2 locID: 102266727650099358 bcsId: 0,conID: 3 locID: 102266727651672223 bcsId: 0,conID: 1 locID: 102266727653179552 bcsId: 0,conID: 2 locID: 102266727655342241 bcsId: 0,conID: 3 locID: 102266727665172642 bcsId: 0,conID: 1 locID: 102266727666876579 bcsId: 0,conID: 2 locID: 102266727669039268 bcsId: 0,conID: 3 locID: 102266727671005349 bcsId: 0,conID: 1 locID: 102266727672512678 bcsId: 0,conID: 2 locID: 102266727682801831 bcsId: 0,conID: 3 locID: 102266727684440232 bcsId: 0,conID: 1 locID: 102266727685816489 bcsId: 0,conID: 2 locID: 102266727687454890 bcsId: 0,conID: 3 locID: 102266727689093291 bcsId: 0,conID: 1 locID: 102266727693222060 bcsId: 0,conID: 2 locID: 102266727699316909 bcsId: 0,conID: 3 locID: 102266727700889774 bcsId: 0,conID: 1 locID: 102266727702397103 bcsId: 0,conID: 2 locID: 102266727704494256 bcsId: 0,conID: 3 locID: 102266727721074865 bcsId: 0,conID: 1 locID: 102266727729463474 bcsId: 0,conID: 2 locID: 102266727730839731 bcsId: 0,conID: 3 locID: 102266727732936884 bcsId: 0,conID: 1 locID: 102266727734837429 bcsId: 0,conID: 2 locID: 102266727736344758 bcsId: 0,conID: 3 locID: 102266727740276919 bcsId: 0,conID: 1 locID: 102266727746240696 bcsId: 0,conID: 2 locID: 102266727747616953 bcsId: 0,conID: 3 locID: 102266727751745722 bcsId: 0,conID: 1 locID: 102266727753318587 bcsId: 0,conID: 2 locID: 102266727754891452 bcsId: 0,conID: 3 locID: 102266727763869885 bcsId: 0,conID: 1 locID: 102266727765901502 bcsId: 0,conID: 2 locID: 102266727767408831 bcsId: 0,conID: 3 locID: 102266727768785088 bcsId: 0,conID: 1 locID: 102266727771472065 bcsId: 0,conID: 2 locID: 102266727776256194 bcsId: 0,conID: 3 locID: 102266727785038019 bcsId: 0,conID: 1 locID: 102266727786414276 bcsId: 0,conID: 2 locID: 102266727787790533 bcsId: 0,conID: 3 locID: 102266727789363398 bcsId: 0,conID: 1 locID: 102266727793230023 bcsId: 0,conID: 2 locID: 102266727799128264 bcsId: 0,conID: 3 locID: 102266727800963273 bcsId: 0,conID: 1 locID: 102266727802339530 bcsId: 0,conID: 2 locID: 102266727803650251 bcsId: 0,conID: 3 locID: 102266727805747404 bcsId: 0,conID: 1 locID: 102266727824490701 bcsId: 0,conID: 2 locID: 102266727830388942 bcsId: 0,conID: 3 locID: 102266727832289487 bcsId: 0,conID: 1 locID: 102266727833731280 bcsId: 0,conID: 2 locID: 102266727835631825 bcsId: 0,conID: 3 locID: 102266727839957202 bcsId: 0,conID: 1 locID: 102266727841333459 bcsId: 0,conID: 2 locID: 102266727847231700 bcsId: 0,conID: 3 locID: 102266727851360469 bcsId: 0,conID: 1 locID: 102266727852671190 bcsId: 0,conID: 2 locID: 102266727854309591 bcsId: 0,conID: 3 locID: 102266727858241752 bcsId: 0,conID: 1 locID: 102266727864139993 bcsId: 0,conID: 2 locID: 102266727865516250 bcsId: 0,conID: 3 locID: 102266727867089115 bcsId: 0,conID: 1 locID: 102266727868858588 bcsId: 0,conID: 2 locID: 102266727872528605 bcsId: 0,conID: 3 locID: 102266727873970398 bcsId: 0,conID: 1 locID: 102266727882293471 bcsId: 0,conID: 2 locID: 102266727883669728 bcsId: 0,conID: 3 locID: 102266727885439201 bcsId: 0,conID: 1 locID: 102266727889436898 bcsId: 0,conID: 2 locID: 102266727890878691 bcsId: 0,conID: 3 locID: 102266727896645860 bcsId: 0,conID: 1 locID: 102266727898284261 bcsId: 0,conID: 2 locID: 102266727899726054 bcsId: 0,conID: 3 locID: 102266727901692135 bcsId: 0,conID: 1 locID: 102266727905755368 bcsId: 0,conID: 2 locID: 102266727923056873 bcsId: 0,conID: 3 locID: 102266727928758506 bcsId: 0,conID: 1 locID: 102266727930200299 bcsId: 0,conID: 2 locID: 102266727931707628 bcsId: 0,conID: 3 locID: 102266727935705325 bcsId: 0,conID: 1 locID: 102266727937343726 bcsId: 0,conID: 2 locID: 102266727943176431 bcsId: 0,conID: 3 locID: 102266727944552688 bcsId: 0,conID: 1 locID: 102266727948288241 bcsId: 0,conID: 2 locID: 102266727950057714 bcsId: 0,conID: 3 locID: 102266727953858803 bcsId: 0,conID: 1 locID: 102266727955169524 bcsId: 0,conID: 2 locID: 102266727960936693 bcsId: 0,conID: 3 locID: 102266727962312950 bcsId: 0,conID: 1 locID: 102266727963689207 bcsId: 0,conID: 2 locID: 102266727967883512 bcsId: 0,conID: 3 locID: 102266727969325305 bcsId: 0,conID: 1 locID: 102266727978500346 bcsId: 0,conID: 2 locID: 102266727979811067 bcsId: 0,conID: 3 locID: 102266727981121788 bcsId: 0,conID: 1 locID: 102266727985119485 bcsId: 0,conID: 2 locID: 102266727986823422 bcsId: 0,conID: 3 locID: 102266727988199679 bcsId: 0,conID: 1 locID: 102266727994294528 bcsId: 0,conID: 2 locID: 102266727996129537 bcsId: 0,conID: 3 locID: 102266727997964546 bcsId: 0,conID: 1 locID: 102266728001831171 bcsId: 0,conID: 2 locID: 102266728018870532 bcsId: 0,conID: 3 locID: 102266728024965381 bcsId: 0,conID: 1 locID: 102266728026800390 bcsId: 0,conID: 2 locID: 102266728028438791 bcsId: 0,conID: 3 locID: 102266728032239880 bcsId: 0,conID: 1 locID: 102266728034205961 bcsId: 0,conID: 2 locID: 102266728035516682 bcsId: 0,conID: 3 locID: 102266728041349387 bcsId: 0,conID: 1 locID: 102266728045216012 bcsId: 0,conID: 2 locID: 102266728046657805 bcsId: 0,conID: 3 locID: 102266728050393358 bcsId: 0,conID: 1 locID: 102266728051769615 bcsId: 0,conID: 2 locID: 102266728057536784 bcsId: 0,conID: 3 locID: 102266728058913041 bcsId: 0,conID: 1 locID: 102266728060223762 bcsId: 0,conID: 2 locID: 102266728063959315 bcsId: 0,conID: 3 locID: 102266728065466644 bcsId: 0,conID: 1 locID: 102266728067039509 bcsId: 0,conID: 2 locID: 102266728075165974 bcsId: 0,conID: 3 locID: 102266728077328663 bcsId: 0,conID: 1 locID: 102266728081129752 bcsId: 0,conID: 2 locID: 102266728082440473 bcsId: 0,conID: 3 locID: 102266728083816730 bcsId: 0,conID: 1 locID: 102266728089649435 bcsId: 0,conID: 2 locID: 102266728091091228 bcsId: 0,conID: 3 locID: 102266728092533021 bcsId: 0,conID: 1 locID: 102266728099086622 bcsId: 0,conID: 2 locID: 102266728100397343 bcsId: 0,conID: 3 locID: 102266728101708064 bcsId: 0,conID: 1 locID: 102266728107737377 bcsId: 0,conID: 2 locID: 102266728109244706 bcsId: 0,conID: 3 locID: 102266728114028835 bcsId: 0,conID: 1 locID: 102266728115470628 bcsId: 0,conID: 2 locID: 102266728116912421 bcsId: 0,conID: 3 locID: 102266728139653414 bcsId: 0,conID: 1 locID: 102266728140964135 bcsId: 0,conID: 2 locID: 102266728142274856 bcsId: 0,conID: 3 locID: 102266728145944873 bcsId: 0,conID: 1 locID: 102266728147255594 bcsId: 0,conID: 2 locID: 102266728148697387 bcsId: 0,conID: 3 locID: 102266728154530092 bcsId: 0,conID: 1 locID: 102266728156102957 bcsId: 0,conID: 2 locID: 102266728160428334 bcsId: 0,conID: 3 locID: 102266728161935663 bcsId: 0,conID: 1 locID: 102266728163311920 bcsId: 0,conID: 2 locID: 102266728172749105 bcsId: 0,conID: 3 locID: 102266728174059826 bcsId: 0,conID: 1 locID: 102266728178123059 bcsId: 0,conID: 2 locID: 102266728180023604 bcsId: 0,conID: 3 locID: 102266728181465397 bcsId: 0,conID: 1 locID: 102266728182907190 bcsId: 0,conID: 2 locID: 102266728188608823 bcsId: 0,conID: 3 locID: 102266728190509368 bcsId: 0,conID: 1 locID: 102266728194375993 bcsId: 0,conID: 2 locID: 102266728198766906 bcsId: 0,conID: 3 locID: 102266728200274235 bcsId: 0,conID: 1 locID: 102266728201716028 bcsId: 0,conID: 2 locID: 102266728207745341 bcsId: 0,conID: 3 locID: 102266728211546430 bcsId: 0,conID: 1 locID: 102266728213119295 bcsId: 0,conID: 2 locID: 102266728214823232 bcsId: 0,conID: 3 locID: 102266728216461633 bcsId: 0,conID: 1 locID: 102266728225112386 bcsId: 0,conID: 2 locID: 102266728226685251 bcsId: 0,conID: 3 locID: 102266728231207236 bcsId: 0,conID: 1 locID: 102266728232649029 bcsId: 0,conID: 2 locID: 102266728234156358 bcsId: 0,conID: 3 locID: 102266728235467079 bcsId: 0,conID: 1 locID: 102266728241299784 bcsId: 0,conID: 2 locID: 102266728244969801 bcsId: 0,conID: 3 locID: 102266728246542666 bcsId: 0,conID: 1 locID: 102266728248181067 bcsId: 0,conID: 2 locID: 102266728249753932 bcsId: 0,conID: 3 locID: 102266728272757069 bcsId: 0,conID: 1 locID: 102266728276558158 bcsId: 0,conID: 2 locID: 102266728278458703 bcsId: 0,conID: 3 locID: 102266728280228176 bcsId: 0,conID: 1 locID: 102266728281669969 bcsId: 0,conID: 2 locID: 102266728283111762 bcsId: 0,conID: 3 locID: 102266728290976083 bcsId: 0,conID: 1 locID: 102266728295235924 bcsId: 0,conID: 2 locID: 102266728298250581 bcsId: 0,conID: 3 locID: 102266728302313814 bcsId: 0,conID: 1 locID: 102266728303690071 bcsId: 0,conID: 2 locID: 102266728309522776 bcsId: 0,conID: 3 locID: 102266728313520473 bcsId: 0,conID: 1 locID: 102266728315552090 bcsId: 0,conID: 2 locID: 102266728317124955 bcsId: 0,conID: 3 locID: 102266728318501212 bcsId: 0,conID: 1 locID: 102266728320336221 bcsId: 0,conID: 2 locID: 102266728328593758 bcsId: 0,conID: 3 locID: 102266728332198239 bcsId: 0,conID: 1 locID: 102266728333508960 bcsId: 0,conID: 2 locID: 102266728335081825 bcsId: 0,conID: 3 locID: 102266728336523618 bcsId: 0,conID: 1 locID: 102266728342487395 bcsId: 0,conID: 2 locID: 102266728346026340 bcsId: 0,conID: 3 locID: 102266728347468133 bcsId: 0,conID: 1 locID: 102266728348713318 bcsId: 0,conID: 2 locID: 102266728350024039 bcsId: 0,conID: 3 locID: 102266728351400296 bcsId: 0,conID: 1 locID: 102266728362541417 bcsId: 0,conID: 2 locID: 102266728364179818 bcsId: 0,conID: 3 locID: 102266728366014827 bcsId: 0,conID: 1 locID: 102266728367587692 bcsId: 0,conID: 2 locID: 102266728369095021 bcsId: 0,conID: 3 locID: 102266728374993262 bcsId: 0,conID: 1 locID: 102266728378728815 bcsId: 0,conID: 2 locID: 102266728380498288 bcsId: 0,conID: 3 locID: 102266728400421233 bcsId: 0,conID: 1 locID: 102266728401731954 bcsId: 0,conID: 2 locID: 102266728403501427 bcsId: 0,conID: 3 locID: 102266728412086644 bcsId: 0,conID: 1 locID: 102266728413528437 bcsId: 0,conID: 2 locID: 102266728414839158 bcsId: 0,conID: 3 locID: 102266728416215415 bcsId: 0,conID: 1 locID: 102266728417591672 bcsId: 0,conID: 2 locID: 102266728423358841 bcsId: 0,conID: 3 locID: 102266728429519226 bcsId: 0,conID: 1 locID: 102266728431223163 bcsId: 0,conID: 2 locID: 102266728432992636 bcsId: 0,conID: 3 locID: 102266728434303357 bcsId: 0,conID: 1 locID: 102266728435679614 bcsId: 0,conID: 2 locID: 102266728443937151 bcsId: 0,conID: 3 locID: 102266728445575552 bcsId: 0,conID: 1 locID: 102266728447345025 bcsId: 0,conID: 2 locID: 102266728449114498 bcsId: 0,conID: 3 locID: 102266728450425219 bcsId: 0,conID: 1 locID: 102266728460976516 bcsId: 0,conID: 2 locID: 102266728462811525 bcsId: 0,conID: 3 locID: 102266728464318854 bcsId: 0,conID: 1 locID: 102266728465695111 bcsId: 0,conID: 2 locID: 102266728467071368 bcsId: 0,conID: 3 locID: 102266728469102985 bcsId: 0,conID: 1 locID: 102266728477229450 bcsId: 0,conID: 2 locID: 102266728478605707 bcsId: 0,conID: 3 locID: 102266728481227148 bcsId: 0,conID: 1 locID: 102266728486535565 bcsId: 0,conID: 2 locID: 102266728489025934 bcsId: 0,conID: 3 locID: 102266728497021327 bcsId: 0,conID: 1 locID: 102266728499970448 bcsId: 0,conID: 2 locID: 102266728502002065 bcsId: 0,conID: 3 locID: 102266728504295826 bcsId: 0,conID: 1 locID: 102266728506524051 bcsId: 0,conID: 2 locID: 102266728510390676 bcsId: 0,conID: 3 locID: 102266728534376853 bcsId: 0,conID: 1 locID: 102266728535753110 bcsId: 0,conID: 2 locID: 102266728537325975 bcsId: 0,conID: 3 locID: 102266728538833304 bcsId: 0,conID: 1 locID: 102266728540275097 bcsId: 0,conID: 2 locID: 102266728550498714 bcsId: 0,conID: 3 locID: 102266728552202651 bcsId: 0,conID: 1 locID: 102266728553775516 bcsId: 0,conID: 2 locID: 102266728555282845 bcsId: 0,conID: 3 locID: 102266728556855710 bcsId: 0,conID: 1 locID: 102266728561246623 bcsId: 0,conID: 2 locID: 102266728569897376 bcsId: 0,conID: 3 locID: 102266728571470241 bcsId: 0,conID: 1 locID: 102266728573108642 bcsId: 0,conID: 2 locID: 102266728574681507 bcsId: 0,conID: 3 locID: 102266728578679204 bcsId: 0,conID: 1 locID: 102266728580317605 bcsId: 0,conID: 2 locID: 102266728586150310 bcsId: 0,conID: 3 locID: 102266728587592103 bcsId: 0,conID: 1 locID: 102266728591524264 bcsId: 0,conID: 2 locID: 102266728593490345 bcsId: 0,conID: 3 locID: 102266728597422506 bcsId: 0,conID: 1 locID: 102266728605352363 bcsId: 0,conID: 2 locID: 102266728606990764 bcsId: 0,conID: 3 locID: 102266728608498093 bcsId: 0,conID: 1 locID: 102266728609939886 bcsId: 0,conID: 2 locID: 102266728614330799 bcsId: 0,conID: 3 locID: 102266728615969200 bcsId: 0,conID: 1 locID: 102266728626061745 bcsId: 0,conID: 2 locID: 102266728627634610 bcsId: 0,conID: 3 locID: 102266728629141939 bcsId: 0,conID: 1 locID: 102266728630583732 bcsId: 0,conID: 2 locID: 102266728635564469 bcsId: 0,conID: 3 locID: 102266728641528246 bcsId: 0,conID: 1 locID: 102266728643035575 bcsId: 0,conID: 2 locID: 102266728644542904 bcsId: 0,conID: 3 locID: 102266728646115769 bcsId: 0,conID: 1 locID: 102266728649916858 bcsId: 0,conID: 2 locID: 102266728668987835 bcsId: 0,conID: 3 locID: 102266728675410364 bcsId: 0,conID: 1 locID: 102266728676786621 bcsId: 0,conID: 2 locID: 102266728678162878 bcsId: 0,conID: 3 locID: 102266728682095039 bcsId: 0,conID: 1 locID: 102266728683602368 bcsId: 0,conID: 2 locID: 102266728689959361 bcsId: 0,conID: 3 locID: 102266728691532226 bcsId: 0,conID: 1 locID: 102266728695333315 bcsId: 0,conID: 2 locID: 102266728696775108 bcsId: 0,conID: 3 locID: 102266728700969413 bcsId: 0,conID: 1 locID: 102266728702345670 bcsId: 0,conID: 2 locID: 102266728708112839 bcsId: 0,conID: 3 locID: 102266728709554632 bcsId: 0,conID: 1 locID: 102266728711520713 bcsId: 0,conID: 2 locID: 102266728715387338 bcsId: 0,conID: 3 locID: 102266728716960203 bcsId: 0,conID: 1 locID: 102266728725283276 bcsId: 0,conID: 2 locID: 102266728726593997 bcsId: 0,conID: 3 locID: 102266728728297934 bcsId: 0,conID: 1 locID: 102266728732754383 bcsId: 0,conID: 2 locID: 102266728734458320 bcsId: 0,conID: 3 locID: 102266728736031185 bcsId: 0,conID: 1 locID: 102266728742912466 bcsId: 0,conID: 2 locID: 102266728744485331 bcsId: 0,conID: 3 locID: 102266728745992660 bcsId: 0,conID: 1 locID: 102266728749859285 bcsId: 0,conID: 2 locID: 102266728754381270 bcsId: 0,conID: 3 locID: 102266728760213975 bcsId: 0,conID: 1 locID: 102266728761655768 bcsId: 0,conID: 2 locID: 102266728763163097 bcsId: 0,conID: 3 locID: 102266728766964186 bcsId: 0,conID: 1 locID: 102266728768405979 bcsId: 0,conID: 2 locID: 102266728770503132 bcsId: 0,conID: 3 locID: 102266728776270301 bcsId: 0,conID: 1 locID: 102266728793244126 bcsId: 0,conID: 2 locID: 102266728794620383 bcsId: 0,conID: 3 locID: 102266728798421472 bcsId: 0,conID: 1 locID: 102266728800059873 bcsId: 0,conID: 2 locID: 102266728805827042 bcsId: 0,conID: 3 locID: 102266728807989731 bcsId: 0,conID: 1 locID: 102266728810152420 bcsId: 0,conID: 2 locID: 102266728815329765 bcsId: 0,conID: 3 locID: 102266728817951206 bcsId: 0,conID: 1 locID: 102266728819589607 bcsId: 0,conID: 2 locID: 102266728829485544 bcsId: 0,conID: 3 locID: 102266728831123945 bcsId: 0,conID: 1 locID: 102266728835318250 bcsId: 0,conID: 2 locID: 102266728836694507 bcsId: 0,conID: 3 locID: 102266728838070764 bcsId: 0,conID: 1 locID: 102266728843837933 bcsId: 0,conID: 2 locID: 102266728845410798 bcsId: 0,conID: 3 locID: 102266728847114735 bcsId: 0,conID: 1 locID: 102266728853864944 bcsId: 0,conID: 2 locID: 102266728855175665 bcsId: 0,conID: 3 locID: 102266728856551922 bcsId: 0,conID: 1 locID: 102266728862384627 bcsId: 0,conID: 2 locID: 102266728863826420 bcsId: 0,conID: 3 locID: 102266728867889653 bcsId: 0,conID: 1 locID: 102266728869331446 bcsId: 0,conID: 2 locID: 102266728870707703 bcsId: 0,conID: 3 locID: 102266728879292920 bcsId: 0,conID: 1 locID: 102266728880669177 bcsId: 0,conID: 2 locID: 102266728882307578 bcsId: 0,conID: 3 locID: 102266728886698491 bcsId: 0,conID: 1 locID: 102266728888271356 bcsId: 0,conID: 2 locID: 102266728890040829 bcsId: 0,conID: 3 locID: 102266728897380862 bcsId: 0,conID: 1 locID: 102266728898953727 bcsId: 0,conID: 2 locID: 102266728904458752 bcsId: 0,conID: 3 locID: 102266728906359297 bcsId: 0,conID: 1 locID: 102266728926478850 bcsId: 0,conID: 2 locID: 102266728932639235 bcsId: 0,conID: 3 locID: 102266728934212100 bcsId: 0,conID: 1 locID: 102266728938078725 bcsId: 0,conID: 2 locID: 102266728939651590 bcsId: 0,conID: 3 locID: 102266728941093383 bcsId: 0,conID: 1 locID: 102266728942666248 bcsId: 0,conID: 2 locID: 102266728949219849 bcsId: 0,conID: 3 locID: 102266728953086474 bcsId: 0,conID: 1 locID: 102266728956887563 bcsId: 0,conID: 2 locID: 102266728958394892 bcsId: 0,conID: 3 locID: 102266728959902221 bcsId: 0,conID: 1 locID: 102266728961344014 bcsId: 0,conID: 2 locID: 102266728968487439 bcsId: 0,conID: 3 locID: 102266728972222992 bcsId: 0,conID: 1 locID: 102266728973599249 bcsId: 0,conID: 2 locID: 102266728974909970 bcsId: 0,conID: 3 locID: 102266728976417299 bcsId: 0,conID: 1 locID: 102266728984805908 bcsId: 0,conID: 2 locID: 102266728986378773 bcsId: 0,conID: 3 locID: 102266728990245398 bcsId: 0,conID: 1 locID: 102266728992080407 bcsId: 0,conID: 2 locID: 102266728993587736 bcsId: 0,conID: 3 locID: 102266728995160601 bcsId: 0,conID: 1 locID: 102266729001583130 bcsId: 0,conID: 2 locID: 102266729005253147 bcsId: 0,conID: 3 locID: 102266729009250844 bcsId: 0,conID: 1 locID: 102266729010627101 bcsId: 0,conID: 2 locID: 102266729012134430 bcsId: 0,conID: 3 locID: 102266729017967135 bcsId: 0,conID: 1 locID: 102266729021702688 bcsId: 0,conID: 2 locID: 102266729023078945 bcsId: 0,conID: 3 locID: 102266729024455202 bcsId: 0,conID: 1 locID: 102266729025896995 bcsId: 0,conID: 2 locID: 102266729027404324 bcsId: 0,conID: 3 locID: 102266729050145317 bcsId: 0,conID: 1 locID: 102266729053880870 bcsId: 0,conID: 2 locID: 102266729055191591 bcsId: 0,conID: 3 locID: 102266729056961064 bcsId: 0,conID: 1 locID: 102266729058337321 bcsId: 0
2019-06-13 22:54:07,170 DEBUG block.SCMBlockDeletingService (SCMBlockDeletingService.java:call(138)) - Running DeletedBlockTransactionScanner
2019-06-13 22:54:07,170 DEBUG block.SCMBlockDeletingService (SCMBlockDeletingService.java:call(155)) - Scanned deleted blocks log and got 0 delTX to process.
2019-06-13 22:54:07,270 DEBUG block.SCMBlockDeletingService (SCMBlockDeletingService.java:call(138)) - Running DeletedBlockTransactionScanner
2019-06-13 22:54:07,271 DEBUG block.SCMBlockDeletingService (SCMBlockDeletingService.java:call(155)) - Scanned deleted blocks log and got 0 delTX to process.
2019-06-13 22:54:07,371 DEBUG block.SCMBlockDeletingService (SCMBlockDeletingService.java:call(138)) - Running DeletedBlockTransactionScanner
2019-06-13 22:54:07,371 DEBUG block.SCMBlockDeletingService (SCMBlockDeletingService.java:call(155)) - Scanned deleted blocks log and got 0 delTX to process.
2019-06-13 22:54:07,472 DEBUG block.SCMBlockDeletingService (SCMBlockDeletingService.java:call(138)) - Running DeletedBlockTransactionScanner
2019-06-13 22:54:07,472 DEBUG block.SCMBlockDeletingService (SCMBlockDeletingService.java:call(155)) - Scanned deleted blocks log and got 0 delTX to process.
2019-06-13 22:54:07,572 DEBUG block.SCMBlockDeletingService (SCMBlockDeletingService.java:call(138)) - Running DeletedBlockTransactionScanner
2019-06-13 22:54:07,572 DEBUG block.SCMBlockDeletingService (SCMBlockDeletingService.java:call(155)) - Scanned deleted blocks log and got 0 delTX to process.
2019-06-13 22:54:07,673 DEBUG block.SCMBlockDeletingService (SCMBlockDeletingService.java:call(138)) - Running DeletedBlockTransactionScanner
2019-06-13 22:54:07,673 DEBUG block.SCMBlockDeletingService (SCMBlockDeletingService.java:call(155)) - Scanned deleted blocks log and got 0 delTX to process.
2019-06-13 22:54:07,773 DEBUG block.SCMBlockDeletingService (SCMBlockDeletingService.java:call(138)) - Running DeletedBlockTransactionScanner
2019-06-13 22:54:07,774 DEBUG block.SCMBlockDeletingService (SCMBlockDeletingService.java:call(155)) - Scanned deleted blocks log and got 0 delTX to process.
2019-06-13 22:54:07,874 DEBUG block.SCMBlockDeletingService (SCMBlockDeletingService.java:call(138)) - Running DeletedBlockTransactionScanner
2019-06-13 22:54:07,874 DEBUG block.SCMBlockDeletingService (SCMBlockDeletingService.java:call(155)) - Scanned deleted blocks log and got 0 delTX to process.
2019-06-13 22:54:07,975 DEBUG block.SCMBlockDeletingService (SCMBlockDeletingService.java:call(138)) - Running DeletedBlockTransactionScanner
2019-06-13 22:54:07,975 DEBUG block.SCMBlockDeletingService (SCMBlockDeletingService.java:call(155)) - Scanned deleted blocks log and got 0 delTX to process.
2019-06-13 22:54:08,075 DEBUG block.SCMBlockDeletingService (SCMBlockDeletingService.java:call(138)) - Running DeletedBlockTransactionScanner
2019-06-13 22:54:08,076 DEBUG block.SCMBlockDeletingService (SCMBlockDeletingService.java:call(155)) - Scanned deleted blocks log and got 0 delTX to process.
2019-06-13 22:54:08,176 DEBUG block.SCMBlockDeletingService (SCMBlockDeletingService.java:call(138)) - Running DeletedBlockTransactionScanner
2019-06-13 22:54:08,176 DEBUG block.SCMBlockDeletingService (SCMBlockDeletingService.java:call(155)) - Scanned deleted blocks log and got 0 delTX to process.
2019-06-13 22:54:08,276 DEBUG block.SCMBlockDeletingService (SCMBlockDeletingService.java:call(138)) - Running DeletedBlockTransactionScanner
2019-06-13 22:54:08,277 DEBUG block.SCMBlockDeletingService (SCMBlockDeletingService.java:call(155)) - Scanned deleted blocks log and got 0 delTX to process.
2019-06-13 22:54:08,377 DEBUG block.SCMBlockDeletingService (SCMBlockDeletingService.java:call(138)) - Running DeletedBlockTransactionScanner
2019-06-13 22:54:08,377 DEBUG block.SCMBlockDeletingService (SCMBlockDeletingService.java:call(155)) - Scanned deleted blocks log and got 0 delTX to process.
2019-06-13 22:54:08,477 DEBUG block.SCMBlockDeletingService (SCMBlockDeletingService.java:call(138)) - Running DeletedBlockTransactionScanner
2019-06-13 22:54:08,478 DEBUG block.SCMBlockDeletingService (SCMBlockDeletingService.java:call(155)) - Scanned deleted blocks log and got 0 delTX to process.
2019-06-13 22:54:08,578 DEBUG block.SCMBlockDeletingService (SCMBlockDeletingService.java:call(138)) - Running DeletedBlockTransactionScanner
2019-06-13 22:54:08,578 DEBUG block.SCMBlockDeletingService (SCMBlockDeletingService.java:call(155)) - Scanned deleted blocks log and got 0 delTX to process.
2019-06-13 22:54:08,679 DEBUG block.SCMBlockDeletingService (SCMBlockDeletingService.java:call(138)) - Running DeletedBlockTransactionScanner
2019-06-13 22:54:08,679 DEBUG block.SCMBlockDeletingService (SCMBlockDeletingService.java:call(155)) - Scanned deleted blocks log and got 0 delTX to process.
2019-06-13 22:54:08,779 DEBUG block.SCMBlockDeletingService (SCMBlockDeletingService.java:call(138)) - Running DeletedBlockTransactionScanner
2019-06-13 22:54:08,780 DEBUG block.SCMBlockDeletingService (SCMBlockDeletingService.java:call(155)) - Scanned deleted blocks log and got 0 delTX to process.
2019-06-13 22:54:08,880 DEBUG block.SCMBlockDeletingService (SCMBlockDeletingService.java:call(138)) - Running DeletedBlockTransactionScanner
2019-06-13 22:54:08,880 DEBUG block.SCMBlockDeletingService (SCMBlockDeletingService.java:call(155)) - Scanned deleted blocks log and got 0 delTX to process.
2019-06-13 22:54:08,980 DEBUG block.SCMBlockDeletingService (SCMBlockDeletingService.java:call(138)) - Running DeletedBlockTransactionScanner
2019-06-13 22:54:08,981 DEBUG block.SCMBlockDeletingService (SCMBlockDeletingService.java:call(155)) - Scanned deleted blocks log and got 0 delTX to process.
2019-06-13 22:54:09,081 DEBUG block.SCMBlockDeletingService (SCMBlockDeletingService.java:call(138)) - Running DeletedBlockTransactionScanner
2019-06-13 22:54:09,081 DEBUG block.SCMBlockDeletingService (SCMBlockDeletingService.java:call(155)) - Scanned deleted blocks log and got 0 delTX to process.
2019-06-13 22:54:09,181 DEBUG block.SCMBlockDeletingService (SCMBlockDeletingService.java:call(138)) - Running DeletedBlockTransactionScanner
2019-06-13 22:54:09,182 DEBUG block.SCMBlockDeletingService (SCMBlockDeletingService.java:call(155)) - Scanned deleted blocks log and got 0 delTX to process.
2019-06-13 22:54:09,282 DEBUG block.SCMBlockDeletingService (SCMBlockDeletingService.java:call(138)) - Running DeletedBlockTransactionScanner
2019-06-13 22:54:09,283 DEBUG block.SCMBlockDeletingService (SCMBlockDeletingService.java:call(155)) - Scanned deleted blocks log and got 0 delTX to process.
2019-06-13 22:54:09,383 DEBUG block.SCMBlockDeletingService (SCMBlockDeletingService.java:call(138)) - Running DeletedBlockTransactionScanner
2019-06-13 22:54:09,383 DEBUG block.SCMBlockDeletingService (SCMBlockDeletingService.java:call(155)) - Scanned deleted blocks log and got 0 delTX to process.
2019-06-13 22:54:09,483 DEBUG block.SCMBlockDeletingService (SCMBlockDeletingService.java:call(138)) - Running DeletedBlockTransactionScanner
2019-06-13 22:54:09,484 DEBUG block.SCMBlockDeletingService (SCMBlockDeletingService.java:call(155)) - Scanned deleted blocks log and got 0 delTX to process.
2019-06-13 22:54:09,584 DEBUG block.SCMBlockDeletingService (SCMBlockDeletingService.java:call(138)) - Running DeletedBlockTransactionScanner
2019-06-13 22:54:09,584 DEBUG block.SCMBlockDeletingService (SCMBlockDeletingService.java:call(155)) - Scanned deleted blocks log and got 0 delTX to process.
2019-06-13 22:54:09,684 DEBUG block.SCMBlockDeletingService (SCMBlockDeletingService.java:call(138)) - Running DeletedBlockTransactionScanner
2019-06-13 22:54:09,685 DEBUG block.SCMBlockDeletingService (SCMBlockDeletingService.java:call(155)) - Scanned deleted blocks log and got 0 delTX to process.
2019-06-13 22:54:09,785 DEBUG block.SCMBlockDeletingService (SCMBlockDeletingService.java:call(138)) - Running DeletedBlockTransactionScanner
2019-06-13 22:54:09,785 DEBUG block.SCMBlockDeletingService (SCMBlockDeletingService.java:call(155)) - Scanned deleted blocks log and got 0 delTX to process.
2019-06-13 22:54:09,886 DEBUG block.SCMBlockDeletingService (SCMBlockDeletingService.java:call(138)) - Running DeletedBlockTransactionScanner
2019-06-13 22:54:09,886 DEBUG block.SCMBlockDeletingService (SCMBlockDeletingService.java:call(155)) - Scanned deleted blocks log and got 0 delTX to process.
2019-06-13 22:54:09,986 DEBUG block.SCMBlockDeletingService (SCMBlockDeletingService.java:call(138)) - Running DeletedBlockTransactionScanner
2019-06-13 22:54:09,987 DEBUG block.SCMBlockDeletingService (SCMBlockDeletingService.java:call(155)) - Scanned deleted blocks log and got 0 delTX to process.
2019-06-13 22:54:10,087 DEBUG block.SCMBlockDeletingService (SCMBlockDeletingService.java:call(138)) - Running DeletedBlockTransactionScanner
2019-06-13 22:54:10,087 DEBUG block.SCMBlockDeletingService (SCMBlockDeletingService.java:call(155)) - Scanned deleted blocks log and got 0 delTX to process.
2019-06-13 22:54:10,188 DEBUG block.SCMBlockDeletingService (SCMBlockDeletingService.java:call(138)) - Running DeletedBlockTransactionScanner
2019-06-13 22:54:10,188 DEBUG block.SCMBlockDeletingService (SCMBlockDeletingService.java:call(155)) - Scanned deleted blocks log and got 0 delTX to process.
2019-06-13 22:54:10,288 DEBUG block.SCMBlockDeletingService (SCMBlockDeletingService.java:call(138)) - Running DeletedBlockTransactionScanner
2019-06-13 22:54:10,289 DEBUG block.SCMBlockDeletingService (SCMBlockDeletingService.java:call(155)) - Scanned deleted blocks log and got 0 delTX to process.
2019-06-13 22:54:10,389 DEBUG block.SCMBlockDeletingService (SCMBlockDeletingService.java:call(138)) - Running DeletedBlockTransactionScanner
2019-06-13 22:54:10,389 DEBUG block.SCMBlockDeletingService (SCMBlockDeletingService.java:call(155)) - Scanned deleted blocks log and got 0 delTX to process.
2019-06-13 22:54:10,489 DEBUG block.SCMBlockDeletingService (SCMBlockDeletingService.java:call(138)) - Running DeletedBlockTransactionScanner
2019-06-13 22:54:10,490 DEBUG block.SCMBlockDeletingService (SCMBlockDeletingService.java:call(155)) - Scanned deleted blocks log and got 0 delTX to process.
2019-06-13 22:54:10,590 DEBUG block.SCMBlockDeletingService (SCMBlockDeletingService.java:call(138)) - Running DeletedBlockTransactionScanner
2019-06-13 22:54:10,590 DEBUG block.SCMBlockDeletingService (SCMBlockDeletingService.java:call(155)) - Scanned deleted blocks log and got 0 delTX to process.
2019-06-13 22:54:10,691 DEBUG block.SCMBlockDeletingService (SCMBlockDeletingService.java:call(138)) - Running DeletedBlockTransactionScanner
2019-06-13 22:54:10,691 DEBUG block.SCMBlockDeletingService (SCMBlockDeletingService.java:call(155)) - Scanned deleted blocks log and got 0 delTX to process.
2019-06-13 22:54:10,791 DEBUG block.SCMBlockDeletingService (SCMBlockDeletingService.java:call(138)) - Running DeletedBlockTransactionScanner
2019-06-13 22:54:10,792 DEBUG block.SCMBlockDeletingService (SCMBlockDeletingService.java:call(155)) - Scanned deleted blocks log and got 0 delTX to process.
2019-06-13 22:54:10,892 DEBUG block.SCMBlockDeletingService (SCMBlockDeletingService.java:call(138)) - Running DeletedBlockTransactionScanner
2019-06-13 22:54:10,892 DEBUG block.SCMBlockDeletingService (SCMBlockDeletingService.java:call(155)) - Scanned deleted blocks log and got 0 delTX to process.
2019-06-13 22:54:10,993 DEBUG block.SCMBlockDeletingService (SCMBlockDeletingService.java:call(138)) - Running DeletedBlockTransactionScanner
2019-06-13 22:54:10,993 DEBUG block.SCMBlockDeletingService (SCMBlockDeletingService.java:call(155)) - Scanned deleted blocks log and got 0 delTX to process.
2019-06-13 22:54:11,094 DEBUG block.SCMBlockDeletingService (SCMBlockDeletingService.java:call(138)) - Running DeletedBlockTransactionScanner
2019-06-13 22:54:11,094 DEBUG block.SCMBlockDeletingService (SCMBlockDeletingService.java:call(155)) - Scanned deleted blocks log and got 0 delTX to process.
2019-06-13 22:54:11,194 DEBUG block.SCMBlockDeletingService (SCMBlockDeletingService.java:call(138)) - Running DeletedBlockTransactionScanner
2019-06-13 22:54:11,194 DEBUG block.SCMBlockDeletingService (SCMBlockDeletingService.java:call(155)) - Scanned deleted blocks log and got 0 delTX to process.
2019-06-13 22:54:11,295 DEBUG block.SCMBlockDeletingService (SCMBlockDeletingService.java:call(138)) - Running DeletedBlockTransactionScanner
2019-06-13 22:54:11,295 DEBUG block.SCMBlockDeletingService (SCMBlockDeletingService.java:call(155)) - Scanned deleted blocks log and got 0 delTX to process.
2019-06-13 22:54:11,395 DEBUG block.SCMBlockDeletingService (SCMBlockDeletingService.java:call(138)) - Running DeletedBlockTransactionScanner
2019-06-13 22:54:11,396 DEBUG block.SCMBlockDeletingService (SCMBlockDeletingService.java:call(155)) - Scanned deleted blocks log and got 0 delTX to process.
2019-06-13 22:54:11,496 DEBUG block.SCMBlockDeletingService (SCMBlockDeletingService.java:call(138)) - Running DeletedBlockTransactionScanner
2019-06-13 22:54:11,496 DEBUG block.SCMBlockDeletingService (SCMBlockDeletingService.java:call(155)) - Scanned deleted blocks log and got 0 delTX to process.
2019-06-13 22:54:11,596 DEBUG block.SCMBlockDeletingService (SCMBlockDeletingService.java:call(138)) - Running DeletedBlockTransactionScanner
2019-06-13 22:54:11,597 DEBUG block.SCMBlockDeletingService (SCMBlockDeletingService.java:call(155)) - Scanned deleted blocks log and got 0 delTX to process.
2019-06-13 22:54:11,697 DEBUG block.SCMBlockDeletingService (SCMBlockDeletingService.java:call(138)) - Running DeletedBlockTransactionScanner
2019-06-13 22:54:11,697 DEBUG block.SCMBlockDeletingService (SCMBlockDeletingService.java:call(155)) - Scanned deleted blocks log and got 0 delTX to process.
2019-06-13 22:54:11,798 DEBUG block.SCMBlockDeletingService (SCMBlockDeletingService.java:call(138)) - Running DeletedBlockTransactionScanner
2019-06-13 22:54:11,798 DEBUG block.SCMBlockDeletingService (SCMBlockDeletingService.java:call(155)) - Scanned deleted blocks log and got 0 delTX to process.
2019-06-13 22:54:11,898 DEBUG block.SCMBlockDeletingService (SCMBlockDeletingService.java:call(138)) - Running DeletedBlockTransactionScanner
2019-06-13 22:54:11,898 DEBUG block.SCMBlockDeletingService (SCMBlockDeletingService.java:call(155)) - Scanned deleted blocks log and got 0 delTX to process.
2019-06-13 22:54:11,999 DEBUG block.SCMBlockDeletingService (SCMBlockDeletingService.java:call(138)) - Running DeletedBlockTransactionScanner
2019-06-13 22:54:11,999 DEBUG block.SCMBlockDeletingService (SCMBlockDeletingService.java:call(155)) - Scanned deleted blocks log and got 0 delTX to process.
2019-06-13 22:54:12,060 INFO  datanode.ObjectStoreHandler (ObjectStoreHandler.java:close(155)) - Closing ObjectStoreHandler.
2019-06-13 22:54:12,060 INFO  ozone.HddsDatanodeService (HddsDatanodeService.java:stop(452)) - Stopped plug-in org.apache.hadoop.ozone.web.OzoneHddsDatanodeService@433d9680
2019-06-13 22:54:12,061 INFO  statemachine.DatanodeStateMachine (DatanodeStateMachine.java:lambda$startDaemon$0(350)) - Ozone container server started.
2019-06-13 22:54:12,062 INFO  ozoneimpl.OzoneContainer (OzoneContainer.java:stop(199)) - Attempting to stop container services.
2019-06-13 22:54:12,062 INFO  impl.RaftServerProxy (RaftServerProxy.java:lambda$close$4(314)) - 85302df8-7a7f-4077-a053-c26dc3d3d65a: close
2019-06-13 22:54:12,063 INFO  impl.RaftServerImpl (RaftServerImpl.java:lambda$shutdown$3(238)) - 85302df8-7a7f-4077-a053-c26dc3d3d65a: shutdown group-4701ABA8D7D0
2019-06-13 22:54:12,063 INFO  util.JmxRegister (JmxRegister.java:unregister(73)) - Successfully un-registered JMX Bean with object name Ratis:service=RaftServer,group=group-4701ABA8D7D0,id=85302df8-7a7f-4077-a053-c26dc3d3d65a
2019-06-13 22:54:12,064 INFO  impl.RoleInfo (RoleInfo.java:shutdownLeaderState(104)) - 85302df8-7a7f-4077-a053-c26dc3d3d65a: shutdown LeaderState
2019-06-13 22:54:12,064 INFO  impl.PendingRequests (PendingRequests.java:sendNotLeaderResponses(140)) - 85302df8-7a7f-4077-a053-c26dc3d3d65a-PendingRequests: sendNotLeaderResponses
2019-06-13 22:54:12,068 INFO  impl.StateMachineUpdater (StateMachineUpdater.java:stopAndJoin(109)) - StateMachineUpdater-85302df8-7a7f-4077-a053-c26dc3d3d65a-group-4701ABA8D7D0: set stopIndex = 7292
2019-06-13 22:54:12,068 INFO  ratis.ContainerStateMachine (ContainerStateMachine.java:takeSnapshot(245)) - Taking snapshot at termIndex:(t:1, i:7291)
2019-06-13 22:54:12,068 INFO  ratis.ContainerStateMachine (ContainerStateMachine.java:takeSnapshot(249)) - Taking a snapshot to file /opt/src/hadoop-ozone/integration-test/target/test-dir/MiniOzoneClusterImpl-550f9ca0-a6d9-4a4a-902f-f07ac81eac7b/datanode-0/data/ratis/5ad10fc2-5a33-4bdd-8958-4701aba8d7d0/sm/snapshot.1_7291
2019-06-13 22:54:12,075 INFO  impl.RaftServerImpl (ServerState.java:close(394)) - 85302df8-7a7f-4077-a053-c26dc3d3d65a:group-4701ABA8D7D0 closes. The last applied log index is 7292
2019-06-13 22:54:12,079 INFO  storage.RaftLogWorker (RaftLogWorker.java:close(168)) - 85302df8-7a7f-4077-a053-c26dc3d3d65a-RaftLogWorker close()
2019-06-13 22:54:12,080 INFO  server.GrpcService (GrpcService.java:closeImpl(154)) - 85302df8-7a7f-4077-a053-c26dc3d3d65a: shutdown server with port 43785 now
2019-06-13 22:54:12,082 INFO  server.GrpcService (GrpcService.java:closeImpl(162)) - 85302df8-7a7f-4077-a053-c26dc3d3d65a: shutdown server with port 43785 successfully
2019-06-13 22:54:12,084 WARN  fs.CachingGetSpaceUsed (CachingGetSpaceUsed.java:run(183)) - Thread Interrupted waiting to refresh disk information: sleep interrupted
2019-06-13 22:54:12,098 INFO  statemachine.DatanodeStateMachine (DatanodeStateMachine.java:stopDaemon(395)) - Ozone container server stopped.
2019-06-13 22:54:12,101 DEBUG block.SCMBlockDeletingService (SCMBlockDeletingService.java:call(138)) - Running DeletedBlockTransactionScanner
2019-06-13 22:54:12,103 INFO  handler.ContextHandler (ContextHandler.java:doStop(910)) - Stopped o.e.j.w.WebAppContext@36c0d0bd{/,null,UNAVAILABLE}{/hddsDatanode}
2019-06-13 22:54:12,103 DEBUG block.SCMBlockDeletingService (SCMBlockDeletingService.java:call(155)) - Scanned deleted blocks log and got 3 delTX to process.
2019-06-13 22:54:12,107 INFO  server.AbstractConnector (AbstractConnector.java:doStop(318)) - Stopped ServerConnector@5e1fc2aa{HTTP/1.1,[http/1.1]}{0.0.0.0:0}
2019-06-13 22:54:12,109 INFO  handler.ContextHandler (ContextHandler.java:doStop(910)) - Stopped o.e.j.s.ServletContextHandler@4f5f6e45{/static,jar:file:/root/.m2/repository/org/apache/hadoop/hadoop-hdds-container-service/0.5.0-SNAPSHOT/hadoop-hdds-container-service-0.5.0-SNAPSHOT.jar!/webapps/static,UNAVAILABLE}
2019-06-13 22:54:12,110 INFO  handler.ContextHandler (ContextHandler.java:doStop(910)) - Stopped o.e.j.s.ServletContextHandler@6438a7fe{/logs,file:///opt/src/hadoop-ozone/integration-test/target/log,UNAVAILABLE}
2019-06-13 22:54:12,110 DEBUG block.SCMBlockDeletingService (SCMBlockDeletingService.java:call(171)) - Added delete block command for datanode 85302df8-7a7f-4077-a053-c26dc3d3d65a in the queue, number of delete block transactions: 3, TxID list: 1,2,3
2019-06-13 22:54:12,112 INFO  block.SCMBlockDeletingService (SCMBlockDeletingService.java:call(182)) - Totally added 3 delete blocks command for 1 datanodes, task elapsed time: 11ms
2019-06-13 22:54:12,212 DEBUG block.SCMBlockDeletingService (SCMBlockDeletingService.java:call(138)) - Running DeletedBlockTransactionScanner
2019-06-13 22:54:12,212 DEBUG block.SCMBlockDeletingService (SCMBlockDeletingService.java:call(155)) - Scanned deleted blocks log and got 3 delTX to process.
2019-06-13 22:54:12,213 DEBUG block.SCMBlockDeletingService (SCMBlockDeletingService.java:call(171)) - Added delete block command for datanode 85302df8-7a7f-4077-a053-c26dc3d3d65a in the queue, number of delete block transactions: 3, TxID list: 1,2,3
2019-06-13 22:54:12,213 INFO  block.SCMBlockDeletingService (SCMBlockDeletingService.java:call(182)) - Totally added 3 delete blocks command for 1 datanodes, task elapsed time: 1ms
2019-06-13 22:54:12,313 DEBUG block.SCMBlockDeletingService (SCMBlockDeletingService.java:call(138)) - Running DeletedBlockTransactionScanner
2019-06-13 22:54:12,313 DEBUG block.SCMBlockDeletingService (SCMBlockDeletingService.java:call(155)) - Scanned deleted blocks log and got 3 delTX to process.
2019-06-13 22:54:12,314 DEBUG block.SCMBlockDeletingService (SCMBlockDeletingService.java:call(171)) - Added delete block command for datanode 85302df8-7a7f-4077-a053-c26dc3d3d65a in the queue, number of delete block transactions: 3, TxID list: 1,2,3
2019-06-13 22:54:12,314 INFO  block.SCMBlockDeletingService (SCMBlockDeletingService.java:call(182)) - Totally added 3 delete blocks command for 1 datanodes, task elapsed time: 1ms
2019-06-13 22:54:12,414 DEBUG block.SCMBlockDeletingService (SCMBlockDeletingService.java:call(138)) - Running DeletedBlockTransactionScanner
2019-06-13 22:54:12,415 DEBUG block.SCMBlockDeletingService (SCMBlockDeletingService.java:call(155)) - Scanned deleted blocks log and got 3 delTX to process.
2019-06-13 22:54:12,415 DEBUG block.SCMBlockDeletingService (SCMBlockDeletingService.java:call(171)) - Added delete block command for datanode 85302df8-7a7f-4077-a053-c26dc3d3d65a in the queue, number of delete block transactions: 3, TxID list: 1,2,3
2019-06-13 22:54:12,415 INFO  block.SCMBlockDeletingService (SCMBlockDeletingService.java:call(182)) - Totally added 3 delete blocks command for 1 datanodes, task elapsed time: 1ms
2019-06-13 22:54:12,515 DEBUG block.SCMBlockDeletingService (SCMBlockDeletingService.java:call(138)) - Running DeletedBlockTransactionScanner
2019-06-13 22:54:12,516 DEBUG block.SCMBlockDeletingService (SCMBlockDeletingService.java:call(155)) - Scanned deleted blocks log and got 3 delTX to process.
2019-06-13 22:54:12,516 DEBUG block.SCMBlockDeletingService (SCMBlockDeletingService.java:call(171)) - Added delete block command for datanode 85302df8-7a7f-4077-a053-c26dc3d3d65a in the queue, number of delete block transactions: 3, TxID list: 1,2,3
2019-06-13 22:54:12,516 INFO  block.SCMBlockDeletingService (SCMBlockDeletingService.java:call(182)) - Totally added 3 delete blocks command for 1 datanodes, task elapsed time: 1ms
2019-06-13 22:54:12,617 DEBUG block.SCMBlockDeletingService (SCMBlockDeletingService.java:call(138)) - Running DeletedBlockTransactionScanner
2019-06-13 22:54:12,617 DEBUG block.SCMBlockDeletingService (SCMBlockDeletingService.java:call(155)) - Scanned deleted blocks log and got 3 delTX to process.
2019-06-13 22:54:12,617 DEBUG block.SCMBlockDeletingService (SCMBlockDeletingService.java:call(171)) - Added delete block command for datanode 85302df8-7a7f-4077-a053-c26dc3d3d65a in the queue, number of delete block transactions: 3, TxID list: 1,2,3
2019-06-13 22:54:12,617 INFO  block.SCMBlockDeletingService (SCMBlockDeletingService.java:call(182)) - Totally added 3 delete blocks command for 1 datanodes, task elapsed time: 1ms
2019-06-13 22:54:12,718 DEBUG block.SCMBlockDeletingService (SCMBlockDeletingService.java:call(138)) - Running DeletedBlockTransactionScanner
2019-06-13 22:54:12,718 DEBUG block.SCMBlockDeletingService (SCMBlockDeletingService.java:call(155)) - Scanned deleted blocks log and got 3 delTX to process.
2019-06-13 22:54:12,718 DEBUG block.SCMBlockDeletingService (SCMBlockDeletingService.java:call(171)) - Added delete block command for datanode 85302df8-7a7f-4077-a053-c26dc3d3d65a in the queue, number of delete block transactions: 3, TxID list: 1,2,3
2019-06-13 22:54:12,718 INFO  block.SCMBlockDeletingService (SCMBlockDeletingService.java:call(182)) - Totally added 3 delete blocks command for 1 datanodes, task elapsed time: 1ms
2019-06-13 22:54:12,818 DEBUG block.SCMBlockDeletingService (SCMBlockDeletingService.java:call(138)) - Running DeletedBlockTransactionScanner
2019-06-13 22:54:12,819 DEBUG block.SCMBlockDeletingService (SCMBlockDeletingService.java:call(155)) - Scanned deleted blocks log and got 3 delTX to process.
2019-06-13 22:54:12,819 DEBUG block.SCMBlockDeletingService (SCMBlockDeletingService.java:call(171)) - Added delete block command for datanode 85302df8-7a7f-4077-a053-c26dc3d3d65a in the queue, number of delete block transactions: 3, TxID list: 1,2,3
2019-06-13 22:54:12,819 INFO  block.SCMBlockDeletingService (SCMBlockDeletingService.java:call(182)) - Totally added 3 delete blocks command for 1 datanodes, task elapsed time: 0ms
2019-06-13 22:54:12,919 DEBUG block.SCMBlockDeletingService (SCMBlockDeletingService.java:call(138)) - Running DeletedBlockTransactionScanner
2019-06-13 22:54:12,920 DEBUG block.SCMBlockDeletingService (SCMBlockDeletingService.java:call(155)) - Scanned deleted blocks log and got 3 delTX to process.
2019-06-13 22:54:12,920 DEBUG block.SCMBlockDeletingService (SCMBlockDeletingService.java:call(171)) - Added delete block command for datanode 85302df8-7a7f-4077-a053-c26dc3d3d65a in the queue, number of delete block transactions: 3, TxID list: 1,2,3
2019-06-13 22:54:12,920 INFO  block.SCMBlockDeletingService (SCMBlockDeletingService.java:call(182)) - Totally added 3 delete blocks command for 1 datanodes, task elapsed time: 0ms
2019-06-13 22:54:13,020 DEBUG block.SCMBlockDeletingService (SCMBlockDeletingService.java:call(138)) - Running DeletedBlockTransactionScanner
2019-06-13 22:54:13,021 DEBUG block.SCMBlockDeletingService (SCMBlockDeletingService.java:call(155)) - Scanned deleted blocks log and got 3 delTX to process.
2019-06-13 22:54:13,021 DEBUG block.SCMBlockDeletingService (SCMBlockDeletingService.java:call(171)) - Added delete block command for datanode 85302df8-7a7f-4077-a053-c26dc3d3d65a in the queue, number of delete block transactions: 3, TxID list: 1,2,3
2019-06-13 22:54:13,021 INFO  block.SCMBlockDeletingService (SCMBlockDeletingService.java:call(182)) - Totally added 3 delete blocks command for 1 datanodes, task elapsed time: 1ms
2019-06-13 22:54:13,108 INFO  commands.RetriableDatanodeEventWatcher (RetriableDatanodeEventWatcher.java:onTimeout(47)) - RetriableDatanodeCommand type=deleteBlocksCommand with id=1560466452107 timed out. Retrying.
2019-06-13 22:54:13,112 INFO  ozone.MiniOzoneClusterImpl (MiniOzoneClusterImpl.java:lambda$waitForClusterToBeReady$0(142)) - Waiting for cluster to be ready. Got 1 of 0 DN Heartbeats.
2019-06-13 22:54:13,122 DEBUG block.SCMBlockDeletingService (SCMBlockDeletingService.java:call(138)) - Running DeletedBlockTransactionScanner
2019-06-13 22:54:13,122 DEBUG block.SCMBlockDeletingService (SCMBlockDeletingService.java:call(155)) - Scanned deleted blocks log and got 3 delTX to process.
2019-06-13 22:54:13,122 DEBUG block.SCMBlockDeletingService (SCMBlockDeletingService.java:call(171)) - Added delete block command for datanode 85302df8-7a7f-4077-a053-c26dc3d3d65a in the queue, number of delete block transactions: 3, TxID list: 1,2,3
2019-06-13 22:54:13,123 INFO  block.SCMBlockDeletingService (SCMBlockDeletingService.java:call(182)) - Totally added 3 delete blocks command for 1 datanodes, task elapsed time: 1ms
2019-06-13 22:54:13,212 INFO  commands.RetriableDatanodeEventWatcher (RetriableDatanodeEventWatcher.java:onTimeout(47)) - RetriableDatanodeCommand type=deleteBlocksCommand with id=1560466452108 timed out. Retrying.
2019-06-13 22:54:13,223 DEBUG block.SCMBlockDeletingService (SCMBlockDeletingService.java:call(138)) - Running DeletedBlockTransactionScanner
2019-06-13 22:54:13,223 DEBUG block.SCMBlockDeletingService (SCMBlockDeletingService.java:call(155)) - Scanned deleted blocks log and got 3 delTX to process.
2019-06-13 22:54:13,224 DEBUG block.SCMBlockDeletingService (SCMBlockDeletingService.java:call(171)) - Added delete block command for datanode 85302df8-7a7f-4077-a053-c26dc3d3d65a in the queue, number of delete block transactions: 3, TxID list: 1,2,3
2019-06-13 22:54:13,224 INFO  block.SCMBlockDeletingService (SCMBlockDeletingService.java:call(182)) - Totally added 3 delete blocks command for 1 datanodes, task elapsed time: 1ms
2019-06-13 22:54:13,315 INFO  commands.RetriableDatanodeEventWatcher (RetriableDatanodeEventWatcher.java:onTimeout(47)) - RetriableDatanodeCommand type=deleteBlocksCommand with id=1560466452109 timed out. Retrying.
2019-06-13 22:54:13,324 DEBUG block.SCMBlockDeletingService (SCMBlockDeletingService.java:call(138)) - Running DeletedBlockTransactionScanner
2019-06-13 22:54:13,324 DEBUG block.SCMBlockDeletingService (SCMBlockDeletingService.java:call(155)) - Scanned deleted blocks log and got 3 delTX to process.
2019-06-13 22:54:13,325 DEBUG block.SCMBlockDeletingService (SCMBlockDeletingService.java:call(171)) - Added delete block command for datanode 85302df8-7a7f-4077-a053-c26dc3d3d65a in the queue, number of delete block transactions: 3, TxID list: 1,2,3
2019-06-13 22:54:13,325 INFO  block.SCMBlockDeletingService (SCMBlockDeletingService.java:call(182)) - Totally added 3 delete blocks command for 1 datanodes, task elapsed time: 1ms
2019-06-13 22:54:13,415 INFO  commands.RetriableDatanodeEventWatcher (RetriableDatanodeEventWatcher.java:onTimeout(47)) - RetriableDatanodeCommand type=deleteBlocksCommand with id=1560466452110 timed out. Retrying.
2019-06-13 22:54:13,425 DEBUG block.SCMBlockDeletingService (SCMBlockDeletingService.java:call(138)) - Running DeletedBlockTransactionScanner
2019-06-13 22:54:13,426 DEBUG block.SCMBlockDeletingService (SCMBlockDeletingService.java:call(155)) - Scanned deleted blocks log and got 3 delTX to process.
2019-06-13 22:54:13,426 DEBUG block.SCMBlockDeletingService (SCMBlockDeletingService.java:call(171)) - Added delete block command for datanode 85302df8-7a7f-4077-a053-c26dc3d3d65a in the queue, number of delete block transactions: 3, TxID list: 1,2,3
2019-06-13 22:54:13,426 INFO  block.SCMBlockDeletingService (SCMBlockDeletingService.java:call(182)) - Totally added 3 delete blocks command for 1 datanodes, task elapsed time: 1ms
2019-06-13 22:54:13,517 INFO  commands.RetriableDatanodeEventWatcher (RetriableDatanodeEventWatcher.java:onTimeout(47)) - RetriableDatanodeCommand type=deleteBlocksCommand with id=1560466452111 timed out. Retrying.
2019-06-13 22:54:13,526 DEBUG block.SCMBlockDeletingService (SCMBlockDeletingService.java:call(138)) - Running DeletedBlockTransactionScanner
2019-06-13 22:54:13,527 DEBUG block.SCMBlockDeletingService (SCMBlockDeletingService.java:call(155)) - Scanned deleted blocks log and got 3 delTX to process.
2019-06-13 22:54:13,527 DEBUG block.SCMBlockDeletingService (SCMBlockDeletingService.java:call(171)) - Added delete block command for datanode 85302df8-7a7f-4077-a053-c26dc3d3d65a in the queue, number of delete block transactions: 3, TxID list: 1,2,3
2019-06-13 22:54:13,527 INFO  block.SCMBlockDeletingService (SCMBlockDeletingService.java:call(182)) - Totally added 3 delete blocks command for 1 datanodes, task elapsed time: 1ms
2019-06-13 22:54:13,617 INFO  commands.RetriableDatanodeEventWatcher (RetriableDatanodeEventWatcher.java:onTimeout(47)) - RetriableDatanodeCommand type=deleteBlocksCommand with id=1560466452112 timed out. Retrying.
2019-06-13 22:54:13,628 DEBUG block.SCMBlockDeletingService (SCMBlockDeletingService.java:call(138)) - Running DeletedBlockTransactionScanner
2019-06-13 22:54:13,628 DEBUG block.SCMBlockDeletingService (SCMBlockDeletingService.java:call(155)) - Scanned deleted blocks log and got 3 delTX to process.
2019-06-13 22:54:13,628 DEBUG block.SCMBlockDeletingService (SCMBlockDeletingService.java:call(171)) - Added delete block command for datanode 85302df8-7a7f-4077-a053-c26dc3d3d65a in the queue, number of delete block transactions: 3, TxID list: 1,2,3
2019-06-13 22:54:13,628 INFO  block.SCMBlockDeletingService (SCMBlockDeletingService.java:call(182)) - Totally added 3 delete blocks command for 1 datanodes, task elapsed time: 1ms
2019-06-13 22:54:13,718 INFO  commands.RetriableDatanodeEventWatcher (RetriableDatanodeEventWatcher.java:onTimeout(47)) - RetriableDatanodeCommand type=deleteBlocksCommand with id=1560466452113 timed out. Retrying.
2019-06-13 22:54:13,728 DEBUG block.SCMBlockDeletingService (SCMBlockDeletingService.java:call(138)) - Running DeletedBlockTransactionScanner
2019-06-13 22:54:13,729 DEBUG block.SCMBlockDeletingService (SCMBlockDeletingService.java:call(155)) - Scanned deleted blocks log and got 3 delTX to process.
2019-06-13 22:54:13,729 DEBUG block.SCMBlockDeletingService (SCMBlockDeletingService.java:call(171)) - Added delete block command for datanode 85302df8-7a7f-4077-a053-c26dc3d3d65a in the queue, number of delete block transactions: 3, TxID list: 1,2,3
2019-06-13 22:54:13,729 INFO  block.SCMBlockDeletingService (SCMBlockDeletingService.java:call(182)) - Totally added 3 delete blocks command for 1 datanodes, task elapsed time: 1ms
2019-06-13 22:54:13,819 INFO  commands.RetriableDatanodeEventWatcher (RetriableDatanodeEventWatcher.java:onTimeout(47)) - RetriableDatanodeCommand type=deleteBlocksCommand with id=1560466452114 timed out. Retrying.
2019-06-13 22:54:13,829 DEBUG block.SCMBlockDeletingService (SCMBlockDeletingService.java:call(138)) - Running DeletedBlockTransactionScanner
2019-06-13 22:54:13,830 DEBUG block.SCMBlockDeletingService (SCMBlockDeletingService.java:call(155)) - Scanned deleted blocks log and got 3 delTX to process.
2019-06-13 22:54:13,830 DEBUG block.SCMBlockDeletingService (SCMBlockDeletingService.java:call(171)) - Added delete block command for datanode 85302df8-7a7f-4077-a053-c26dc3d3d65a in the queue, number of delete block transactions: 3, TxID list: 1,2,3
2019-06-13 22:54:13,830 INFO  block.SCMBlockDeletingService (SCMBlockDeletingService.java:call(182)) - Totally added 3 delete blocks command for 1 datanodes, task elapsed time: 1ms
2019-06-13 22:54:13,920 INFO  commands.RetriableDatanodeEventWatcher (RetriableDatanodeEventWatcher.java:onTimeout(47)) - RetriableDatanodeCommand type=deleteBlocksCommand with id=1560466452115 timed out. Retrying.
2019-06-13 22:54:13,931 DEBUG block.SCMBlockDeletingService (SCMBlockDeletingService.java:call(138)) - Running DeletedBlockTransactionScanner
2019-06-13 22:54:13,931 DEBUG block.SCMBlockDeletingService (SCMBlockDeletingService.java:call(155)) - Scanned deleted blocks log and got 3 delTX to process.
2019-06-13 22:54:13,931 DEBUG block.SCMBlockDeletingService (SCMBlockDeletingService.java:call(171)) - Added delete block command for datanode 85302df8-7a7f-4077-a053-c26dc3d3d65a in the queue, number of delete block transactions: 3, TxID list: 1,2,3
2019-06-13 22:54:13,931 INFO  block.SCMBlockDeletingService (SCMBlockDeletingService.java:call(182)) - Totally added 3 delete blocks command for 1 datanodes, task elapsed time: 1ms
2019-06-13 22:54:14,022 INFO  commands.RetriableDatanodeEventWatcher (RetriableDatanodeEventWatcher.java:onTimeout(47)) - RetriableDatanodeCommand type=deleteBlocksCommand with id=1560466452116 timed out. Retrying.
2019-06-13 22:54:14,032 DEBUG block.SCMBlockDeletingService (SCMBlockDeletingService.java:call(138)) - Running DeletedBlockTransactionScanner
2019-06-13 22:54:14,032 DEBUG block.SCMBlockDeletingService (SCMBlockDeletingService.java:call(155)) - Scanned deleted blocks log and got 3 delTX to process.
2019-06-13 22:54:14,032 DEBUG block.SCMBlockDeletingService (SCMBlockDeletingService.java:call(171)) - Added delete block command for datanode 85302df8-7a7f-4077-a053-c26dc3d3d65a in the queue, number of delete block transactions: 3, TxID list: 1,2,3
2019-06-13 22:54:14,033 INFO  block.SCMBlockDeletingService (SCMBlockDeletingService.java:call(182)) - Totally added 3 delete blocks command for 1 datanodes, task elapsed time: 1ms
2019-06-13 22:54:14,108 INFO  commands.RetriableDatanodeEventWatcher (RetriableDatanodeEventWatcher.java:onTimeout(47)) - RetriableDatanodeCommand type=deleteBlocksCommand with id=1560466452107 timed out. Retrying.
2019-06-13 22:54:14,113 INFO  ozone.MiniOzoneClusterImpl (MiniOzoneClusterImpl.java:lambda$waitForClusterToBeReady$0(142)) - Waiting for cluster to be ready. Got 1 of 0 DN Heartbeats.
2019-06-13 22:54:14,123 INFO  commands.RetriableDatanodeEventWatcher (RetriableDatanodeEventWatcher.java:onTimeout(47)) - RetriableDatanodeCommand type=deleteBlocksCommand with id=1560466452117 timed out. Retrying.
2019-06-13 22:54:14,133 DEBUG block.SCMBlockDeletingService (SCMBlockDeletingService.java:call(138)) - Running DeletedBlockTransactionScanner
2019-06-13 22:54:14,133 DEBUG block.SCMBlockDeletingService (SCMBlockDeletingService.java:call(155)) - Scanned deleted blocks log and got 3 delTX to process.
2019-06-13 22:54:14,133 DEBUG block.SCMBlockDeletingService (SCMBlockDeletingService.java:call(171)) - Added delete block command for datanode 85302df8-7a7f-4077-a053-c26dc3d3d65a in the queue, number of delete block transactions: 3, TxID list: 1,2,3
2019-06-13 22:54:14,134 INFO  block.SCMBlockDeletingService (SCMBlockDeletingService.java:call(182)) - Totally added 3 delete blocks command for 1 datanodes, task elapsed time: 1ms
2019-06-13 22:54:14,212 INFO  commands.RetriableDatanodeEventWatcher (RetriableDatanodeEventWatcher.java:onTimeout(47)) - RetriableDatanodeCommand type=deleteBlocksCommand with id=1560466452108 timed out. Retrying.
2019-06-13 22:54:14,224 INFO  commands.RetriableDatanodeEventWatcher (RetriableDatanodeEventWatcher.java:onTimeout(47)) - RetriableDatanodeCommand type=deleteBlocksCommand with id=1560466452118 timed out. Retrying.
2019-06-13 22:54:14,234 DEBUG block.SCMBlockDeletingService (SCMBlockDeletingService.java:call(138)) - Running DeletedBlockTransactionScanner
2019-06-13 22:54:14,234 DEBUG block.SCMBlockDeletingService (SCMBlockDeletingService.java:call(155)) - Scanned deleted blocks log and got 3 delTX to process.
2019-06-13 22:54:14,234 DEBUG block.SCMBlockDeletingService (SCMBlockDeletingService.java:call(171)) - Added delete block command for datanode 85302df8-7a7f-4077-a053-c26dc3d3d65a in the queue, number of delete block transactions: 3, TxID list: 1,2,3
2019-06-13 22:54:14,235 INFO  block.SCMBlockDeletingService (SCMBlockDeletingService.java:call(182)) - Totally added 3 delete blocks command for 1 datanodes, task elapsed time: 1ms
2019-06-13 22:54:14,315 INFO  commands.RetriableDatanodeEventWatcher (RetriableDatanodeEventWatcher.java:onTimeout(47)) - RetriableDatanodeCommand type=deleteBlocksCommand with id=1560466452109 timed out. Retrying.
2019-06-13 22:54:14,325 INFO  commands.RetriableDatanodeEventWatcher (RetriableDatanodeEventWatcher.java:onTimeout(47)) - RetriableDatanodeCommand type=deleteBlocksCommand with id=1560466452119 timed out. Retrying.
2019-06-13 22:54:14,335 DEBUG block.SCMBlockDeletingService (SCMBlockDeletingService.java:call(138)) - Running DeletedBlockTransactionScanner
2019-06-13 22:54:14,335 DEBUG block.SCMBlockDeletingService (SCMBlockDeletingService.java:call(155)) - Scanned deleted blocks log and got 3 delTX to process.
2019-06-13 22:54:14,335 DEBUG block.SCMBlockDeletingService (SCMBlockDeletingService.java:call(171)) - Added delete block command for datanode 85302df8-7a7f-4077-a053-c26dc3d3d65a in the queue, number of delete block transactions: 3, TxID list: 1,2,3
2019-06-13 22:54:14,335 INFO  block.SCMBlockDeletingService (SCMBlockDeletingService.java:call(182)) - Totally added 3 delete blocks command for 1 datanodes, task elapsed time: 1ms
2019-06-13 22:54:14,414 INFO  commands.RetriableDatanodeEventWatcher (RetriableDatanodeEventWatcher.java:onTimeout(47)) - RetriableDatanodeCommand type=deleteBlocksCommand with id=1560466452110 timed out. Retrying.
2019-06-13 22:54:14,427 INFO  commands.RetriableDatanodeEventWatcher (RetriableDatanodeEventWatcher.java:onTimeout(47)) - RetriableDatanodeCommand type=deleteBlocksCommand with id=1560466452120 timed out. Retrying.
2019-06-13 22:54:14,436 DEBUG block.SCMBlockDeletingService (SCMBlockDeletingService.java:call(138)) - Running DeletedBlockTransactionScanner
2019-06-13 22:54:14,436 DEBUG block.SCMBlockDeletingService (SCMBlockDeletingService.java:call(155)) - Scanned deleted blocks log and got 3 delTX to process.
2019-06-13 22:54:14,436 DEBUG block.SCMBlockDeletingService (SCMBlockDeletingService.java:call(171)) - Added delete block command for datanode 85302df8-7a7f-4077-a053-c26dc3d3d65a in the queue, number of delete block transactions: 3, TxID list: 1,2,3
2019-06-13 22:54:14,436 INFO  block.SCMBlockDeletingService (SCMBlockDeletingService.java:call(182)) - Totally added 3 delete blocks command for 1 datanodes, task elapsed time: 1ms
2019-06-13 22:54:14,517 INFO  commands.RetriableDatanodeEventWatcher (RetriableDatanodeEventWatcher.java:onTimeout(47)) - RetriableDatanodeCommand type=deleteBlocksCommand with id=1560466452111 timed out. Retrying.
2019-06-13 22:54:14,527 INFO  commands.RetriableDatanodeEventWatcher (RetriableDatanodeEventWatcher.java:onTimeout(47)) - RetriableDatanodeCommand type=deleteBlocksCommand with id=1560466452121 timed out. Retrying.
2019-06-13 22:54:14,537 DEBUG block.SCMBlockDeletingService (SCMBlockDeletingService.java:call(138)) - Running DeletedBlockTransactionScanner
2019-06-13 22:54:14,537 DEBUG block.SCMBlockDeletingService (SCMBlockDeletingService.java:call(155)) - Scanned deleted blocks log and got 3 delTX to process.
2019-06-13 22:54:14,537 DEBUG block.SCMBlockDeletingService (SCMBlockDeletingService.java:call(171)) - Added delete block command for datanode 85302df8-7a7f-4077-a053-c26dc3d3d65a in the queue, number of delete block transactions: 3, TxID list: 1,2,3
2019-06-13 22:54:14,537 INFO  block.SCMBlockDeletingService (SCMBlockDeletingService.java:call(182)) - Totally added 3 delete blocks command for 1 datanodes, task elapsed time: 1ms
2019-06-13 22:54:14,618 INFO  commands.RetriableDatanodeEventWatcher (RetriableDatanodeEventWatcher.java:onTimeout(47)) - RetriableDatanodeCommand type=deleteBlocksCommand with id=1560466452112 timed out. Retrying.
2019-06-13 22:54:14,628 INFO  commands.RetriableDatanodeEventWatcher (RetriableDatanodeEventWatcher.java:onTimeout(47)) - RetriableDatanodeCommand type=deleteBlocksCommand with id=1560466452122 timed out. Retrying.
2019-06-13 22:54:14,638 DEBUG block.SCMBlockDeletingService (SCMBlockDeletingService.java:call(138)) - Running DeletedBlockTransactionScanner
2019-06-13 22:54:14,638 DEBUG block.SCMBlockDeletingService (SCMBlockDeletingService.java:call(155)) - Scanned deleted blocks log and got 3 delTX to process.
2019-06-13 22:54:14,638 DEBUG block.SCMBlockDeletingService (SCMBlockDeletingService.java:call(171)) - Added delete block command for datanode 85302df8-7a7f-4077-a053-c26dc3d3d65a in the queue, number of delete block transactions: 3, TxID list: 1,2,3
2019-06-13 22:54:14,639 INFO  block.SCMBlockDeletingService (SCMBlockDeletingService.java:call(182)) - Totally added 3 delete blocks command for 1 datanodes, task elapsed time: 1ms
2019-06-13 22:54:14,719 INFO  commands.RetriableDatanodeEventWatcher (RetriableDatanodeEventWatcher.java:onTimeout(47)) - RetriableDatanodeCommand type=deleteBlocksCommand with id=1560466452113 timed out. Retrying.
2019-06-13 22:54:14,728 INFO  commands.RetriableDatanodeEventWatcher (RetriableDatanodeEventWatcher.java:onTimeout(47)) - RetriableDatanodeCommand type=deleteBlocksCommand with id=1560466452123 timed out. Retrying.
2019-06-13 22:54:14,739 DEBUG block.SCMBlockDeletingService (SCMBlockDeletingService.java:call(138)) - Running DeletedBlockTransactionScanner
2019-06-13 22:54:14,739 DEBUG block.SCMBlockDeletingService (SCMBlockDeletingService.java:call(155)) - Scanned deleted blocks log and got 3 delTX to process.
2019-06-13 22:54:14,739 DEBUG block.SCMBlockDeletingService (SCMBlockDeletingService.java:call(171)) - Added delete block command for datanode 85302df8-7a7f-4077-a053-c26dc3d3d65a in the queue, number of delete block transactions: 3, TxID list: 1,2,3
2019-06-13 22:54:14,740 INFO  block.SCMBlockDeletingService (SCMBlockDeletingService.java:call(182)) - Totally added 3 delete blocks command for 1 datanodes, task elapsed time: 1ms
2019-06-13 22:54:14,820 INFO  commands.RetriableDatanodeEventWatcher (RetriableDatanodeEventWatcher.java:onTimeout(47)) - RetriableDatanodeCommand type=deleteBlocksCommand with id=1560466452114 timed out. Retrying.
2019-06-13 22:54:14,830 INFO  commands.RetriableDatanodeEventWatcher (RetriableDatanodeEventWatcher.java:onTimeout(47)) - RetriableDatanodeCommand type=deleteBlocksCommand with id=1560466452124 timed out. Retrying.
2019-06-13 22:54:14,840 DEBUG block.SCMBlockDeletingService (SCMBlockDeletingService.java:call(138)) - Running DeletedBlockTransactionScanner
2019-06-13 22:54:14,840 DEBUG block.SCMBlockDeletingService (SCMBlockDeletingService.java:call(155)) - Scanned deleted blocks log and got 3 delTX to process.
2019-06-13 22:54:14,840 DEBUG block.SCMBlockDeletingService (SCMBlockDeletingService.java:call(171)) - Added delete block command for datanode 85302df8-7a7f-4077-a053-c26dc3d3d65a in the queue, number of delete block transactions: 3, TxID list: 1,2,3
2019-06-13 22:54:14,841 INFO  block.SCMBlockDeletingService (SCMBlockDeletingService.java:call(182)) - Totally added 3 delete blocks command for 1 datanodes, task elapsed time: 1ms
2019-06-13 22:54:14,872 INFO  node.StaleNodeHandler (StaleNodeHandler.java:onMessage(58)) - Datanode 85302df8-7a7f-4077-a053-c26dc3d3d65a{ip: 192.168.105.135, host: ozone-t78nf-2139872126, networkLocation: /default-rack, certSerialId: null} moved to stale state. Finalizing its pipelines [PipelineID=5ad10fc2-5a33-4bdd-8958-4701aba8d7d0]
2019-06-13 22:54:14,872 INFO  pipeline.SCMPipelineManager (SCMPipelineManager.java:finalizeAndDestroyPipeline(307)) - destroying pipeline:Pipeline[ Id: 5ad10fc2-5a33-4bdd-8958-4701aba8d7d0, Nodes: 85302df8-7a7f-4077-a053-c26dc3d3d65a{ip: 192.168.105.135, host: ozone-t78nf-2139872126, networkLocation: /default-rack, certSerialId: null}, Type:RATIS, Factor:ONE, State:OPEN]
2019-06-13 22:54:14,873 INFO  pipeline.PipelineStateManager (PipelineStateManager.java:finalizePipeline(123)) - Pipeline Pipeline[ Id: 5ad10fc2-5a33-4bdd-8958-4701aba8d7d0, Nodes: 85302df8-7a7f-4077-a053-c26dc3d3d65a{ip: 192.168.105.135, host: ozone-t78nf-2139872126, networkLocation: /default-rack, certSerialId: null}, Type:RATIS, Factor:ONE, State:CLOSED] moved to CLOSED state
2019-06-13 22:54:14,921 INFO  commands.RetriableDatanodeEventWatcher (RetriableDatanodeEventWatcher.java:onTimeout(47)) - RetriableDatanodeCommand type=deleteBlocksCommand with id=1560466452115 timed out. Retrying.
2019-06-13 22:54:14,931 INFO  commands.RetriableDatanodeEventWatcher (RetriableDatanodeEventWatcher.java:onTimeout(47)) - RetriableDatanodeCommand type=deleteBlocksCommand with id=1560466452125 timed out. Retrying.
2019-06-13 22:54:14,941 DEBUG block.SCMBlockDeletingService (SCMBlockDeletingService.java:call(138)) - Running DeletedBlockTransactionScanner
2019-06-13 22:54:14,941 DEBUG block.SCMBlockDeletingService (SCMBlockDeletingService.java:call(155)) - Scanned deleted blocks log and got 3 delTX to process.
2019-06-13 22:54:14,941 DEBUG block.SCMBlockDeletingService (SCMBlockDeletingService.java:call(171)) - Added delete block command for datanode 85302df8-7a7f-4077-a053-c26dc3d3d65a in the queue, number of delete block transactions: 3, TxID list: 1,2,3
2019-06-13 22:54:14,942 INFO  block.SCMBlockDeletingService (SCMBlockDeletingService.java:call(182)) - Totally added 3 delete blocks command for 1 datanodes, task elapsed time: 1ms
2019-06-13 22:54:15,023 INFO  commands.RetriableDatanodeEventWatcher (RetriableDatanodeEventWatcher.java:onTimeout(47)) - RetriableDatanodeCommand type=deleteBlocksCommand with id=1560466452116 timed out. Retrying.
2019-06-13 22:54:15,032 INFO  commands.RetriableDatanodeEventWatcher (RetriableDatanodeEventWatcher.java:onTimeout(47)) - RetriableDatanodeCommand type=deleteBlocksCommand with id=1560466452126 timed out. Retrying.
2019-06-13 22:54:15,042 DEBUG block.SCMBlockDeletingService (SCMBlockDeletingService.java:call(138)) - Running DeletedBlockTransactionScanner
2019-06-13 22:54:15,042 DEBUG block.SCMBlockDeletingService (SCMBlockDeletingService.java:call(155)) - Scanned deleted blocks log and got 3 delTX to process.
2019-06-13 22:54:15,043 DEBUG block.SCMBlockDeletingService (SCMBlockDeletingService.java:call(171)) - Added delete block command for datanode 85302df8-7a7f-4077-a053-c26dc3d3d65a in the queue, number of delete block transactions: 3, TxID list: 1,2,3
2019-06-13 22:54:15,043 INFO  block.SCMBlockDeletingService (SCMBlockDeletingService.java:call(182)) - Totally added 3 delete blocks command for 1 datanodes, task elapsed time: 1ms
2019-06-13 22:54:15,109 INFO  commands.RetriableDatanodeEventWatcher (RetriableDatanodeEventWatcher.java:onTimeout(47)) - RetriableDatanodeCommand type=deleteBlocksCommand with id=1560466452107 timed out. Retrying.
2019-06-13 22:54:15,113 INFO  ozone.MiniOzoneClusterImpl (MiniOzoneClusterImpl.java:lambda$waitForClusterToBeReady$0(142)) - Cluster is ready. Got 0 of 0 DN Heartbeats.
2019-06-13 22:54:15,115 INFO  impl.MetricsSystemImpl (MetricsSystemImpl.java:init(158)) - HddsDatanode metrics system started (again)
2019-06-13 22:54:15,123 INFO  commands.RetriableDatanodeEventWatcher (RetriableDatanodeEventWatcher.java:onTimeout(47)) - RetriableDatanodeCommand type=deleteBlocksCommand with id=1560466452117 timed out. Retrying.
2019-06-13 22:54:15,134 INFO  commands.RetriableDatanodeEventWatcher (RetriableDatanodeEventWatcher.java:onTimeout(47)) - RetriableDatanodeCommand type=deleteBlocksCommand with id=1560466452127 timed out. Retrying.
2019-06-13 22:54:15,141 INFO  ozone.HddsDatanodeService (HddsDatanodeService.java:start(185)) - HddsDatanodeService host:ozone-t78nf-2139872126 ip:192.168.105.135
2019-06-13 22:54:15,143 DEBUG block.SCMBlockDeletingService (SCMBlockDeletingService.java:call(138)) - Running DeletedBlockTransactionScanner
2019-06-13 22:54:15,143 DEBUG block.SCMBlockDeletingService (SCMBlockDeletingService.java:call(155)) - Scanned deleted blocks log and got 3 delTX to process.
2019-06-13 22:54:15,144 DEBUG block.SCMBlockDeletingService (SCMBlockDeletingService.java:call(171)) - Added delete block command for datanode 85302df8-7a7f-4077-a053-c26dc3d3d65a in the queue, number of delete block transactions: 3, TxID list: 1,2,3
2019-06-13 22:54:15,144 INFO  volume.VolumeUsage (VolumeUsage.java:loadScmUsed(144)) - Cached ScmUsed found for /opt/src/hadoop-ozone/integration-test/target/test-dir/MiniOzoneClusterImpl-550f9ca0-a6d9-4a4a-902f-f07ac81eac7b/datanode-0/data/containers : 4096 
2019-06-13 22:54:15,144 INFO  block.SCMBlockDeletingService (SCMBlockDeletingService.java:call(182)) - Totally added 3 delete blocks command for 1 datanodes, task elapsed time: 1ms
2019-06-13 22:54:15,144 INFO  volume.HddsVolume (HddsVolume.java:<init>(176)) - Creating Volume: /opt/src/hadoop-ozone/integration-test/target/test-dir/MiniOzoneClusterImpl-550f9ca0-a6d9-4a4a-902f-f07ac81eac7b/datanode-0/data/containers/hdds of  storage type : DISK and capacity : 104021790720
2019-06-13 22:54:15,145 INFO  volume.VolumeSet (VolumeSet.java:initializeVolumeSet(170)) - Added Volume : /opt/src/hadoop-ozone/integration-test/target/test-dir/MiniOzoneClusterImpl-550f9ca0-a6d9-4a4a-902f-f07ac81eac7b/datanode-0/data/containers/hdds to VolumeSet
2019-06-13 22:54:15,145 INFO  volume.ThrottledAsyncChecker (ThrottledAsyncChecker.java:schedule(140)) - Scheduling a check for org.apache.hadoop.ozone.container.common.volume.HddsVolume@382dc417
2019-06-13 22:54:15,146 INFO  volume.HddsVolumeChecker (HddsVolumeChecker.java:checkAllVolumes(203)) - Scheduled health check for volume org.apache.hadoop.ozone.container.common.volume.HddsVolume@382dc417
2019-06-13 22:54:15,213 INFO  commands.RetriableDatanodeEventWatcher (RetriableDatanodeEventWatcher.java:onTimeout(47)) - RetriableDatanodeCommand type=deleteBlocksCommand with id=1560466452108 timed out. Retrying.
2019-06-13 22:54:15,224 INFO  commands.RetriableDatanodeEventWatcher (RetriableDatanodeEventWatcher.java:onTimeout(47)) - RetriableDatanodeCommand type=deleteBlocksCommand with id=1560466452118 timed out. Retrying.
2019-06-13 22:54:15,226 INFO  impl.RaftServerProxy (ConfUtils.java:logGet(43)) - raft.rpc.type = GRPC (default)
2019-06-13 22:54:15,227 INFO  grpc.GrpcConfigKeys$Server (ConfUtils.java:logGet(43)) - raft.grpc.server.port = 43785 (custom)
2019-06-13 22:54:15,227 INFO  server.GrpcService (ConfUtils.java:logGet(43)) - raft.grpc.message.size.max = 33570816 (custom)
2019-06-13 22:54:15,227 INFO  server.RaftServerConfigKeys (ConfUtils.java:logGet(43)) - raft.server.log.appender.buffer.byte-limit = 33554432 (custom)
2019-06-13 22:54:15,227 INFO  server.GrpcService (ConfUtils.java:logGet(43)) - raft.grpc.flow.control.window = 1MB (=1048576) (default)
2019-06-13 22:54:15,228 INFO  server.RaftServerConfigKeys (ConfUtils.java:logGet(43)) - raft.server.rpc.request.timeout = 3000ms (default)
2019-06-13 22:54:15,228 INFO  server.RaftServerConfigKeys (ConfUtils.java:logGet(43)) - raft.server.storage.dir = [/opt/src/hadoop-ozone/integration-test/target/test-dir/MiniOzoneClusterImpl-550f9ca0-a6d9-4a4a-902f-f07ac81eac7b/datanode-0/data/ratis] (custom)
2019-06-13 22:54:15,229 INFO  impl.RaftServerProxy (RaftServerProxy.java:lambda$null$0(191)) - 85302df8-7a7f-4077-a053-c26dc3d3d65a: found a subdirectory /opt/src/hadoop-ozone/integration-test/target/test-dir/MiniOzoneClusterImpl-550f9ca0-a6d9-4a4a-902f-f07ac81eac7b/datanode-0/data/ratis/5ad10fc2-5a33-4bdd-8958-4701aba8d7d0
2019-06-13 22:54:15,230 INFO  impl.RaftServerProxy (RaftServerProxy.java:addNew(89)) - 85302df8-7a7f-4077-a053-c26dc3d3d65a: addNew group-4701ABA8D7D0:[] returns group-4701ABA8D7D0:java.util.concurrent.CompletableFuture@5f08fe00[Not completed]
2019-06-13 22:54:15,231 INFO  replication.SimpleContainerDownloader (SimpleContainerDownloader.java:<init>(72)) - Starting container downloader service to copy containers to replicate.
2019-06-13 22:54:15,231 INFO  impl.RaftServerImpl (RaftServerImpl.java:<init>(91)) - 85302df8-7a7f-4077-a053-c26dc3d3d65a: new RaftServerImpl for group-4701ABA8D7D0:[] with ContainerStateMachine:uninitialized
2019-06-13 22:54:15,231 INFO  server.RaftServerConfigKeys (ConfUtils.java:logGet(43)) - raft.server.rpc.timeout.min = 1s (custom)
2019-06-13 22:54:15,232 INFO  server.RaftServerConfigKeys (ConfUtils.java:logGet(43)) - raft.server.rpc.timeout.max = 1200ms (custom)
2019-06-13 22:54:15,232 INFO  server.RaftServerConfigKeys (ConfUtils.java:logGet(43)) - raft.server.rpcslowness.timeout = 120s (custom)
2019-06-13 22:54:15,232 INFO  server.RaftServerConfigKeys (ConfUtils.java:logGet(43)) - raft.server.log.appender.install.snapshot.enabled = true (default)
2019-06-13 22:54:15,232 INFO  impl.RaftServerImpl (ServerState.java:<init>(101)) - 85302df8-7a7f-4077-a053-c26dc3d3d65a:group-4701ABA8D7D0 ConfigurationManager, init=-1: [], old=null, confs=<EMPTY_MAP>
2019-06-13 22:54:15,232 INFO  server.RaftServerConfigKeys (ConfUtils.java:logGet(43)) - raft.server.storage.dir = [/opt/src/hadoop-ozone/integration-test/target/test-dir/MiniOzoneClusterImpl-550f9ca0-a6d9-4a4a-902f-f07ac81eac7b/datanode-0/data/ratis] (custom)
2019-06-13 22:54:15,235 INFO  commands.RetriableDatanodeEventWatcher (RetriableDatanodeEventWatcher.java:onTimeout(47)) - RetriableDatanodeCommand type=deleteBlocksCommand with id=1560466452128 timed out. Retrying.
2019-06-13 22:54:15,243 INFO  storage.RaftStorageDirectory (RaftStorageDirectory.java:tryLock(328)) - Lock on /opt/src/hadoop-ozone/integration-test/target/test-dir/MiniOzoneClusterImpl-550f9ca0-a6d9-4a4a-902f-f07ac81eac7b/datanode-0/data/ratis/5ad10fc2-5a33-4bdd-8958-4701aba8d7d0/in_use.lock acquired by nodename 28592@ozone-t78nf-2139872126
2019-06-13 22:54:15,244 DEBUG block.SCMBlockDeletingService (SCMBlockDeletingService.java:call(138)) - Running DeletedBlockTransactionScanner
2019-06-13 22:54:15,245 DEBUG block.SCMBlockDeletingService (SCMBlockDeletingService.java:call(155)) - Scanned deleted blocks log and got 3 delTX to process.
2019-06-13 22:54:15,245 DEBUG block.SCMBlockDeletingService (SCMBlockDeletingService.java:call(171)) - Added delete block command for datanode 85302df8-7a7f-4077-a053-c26dc3d3d65a in the queue, number of delete block transactions: 3, TxID list: 1,2,3
2019-06-13 22:54:15,245 INFO  block.SCMBlockDeletingService (SCMBlockDeletingService.java:call(182)) - Totally added 3 delete blocks command for 1 datanodes, task elapsed time: 0ms
2019-06-13 22:54:15,246 INFO  ratis.ContainerStateMachine (ContainerStateMachine.java:loadSnapshot(209)) - Setting the last applied index to (t:1, i:7291)
2019-06-13 22:54:15,250 INFO  impl.RaftServerImpl (ServerState.java:setRaftConf(361)) - 85302df8-7a7f-4077-a053-c26dc3d3d65a:group-4701ABA8D7D0 set configuration 0: [85302df8-7a7f-4077-a053-c26dc3d3d65a:192.168.105.135:43785], old=null at 0
2019-06-13 22:54:15,250 INFO  server.RaftServerConfigKeys (ConfUtils.java:logGet(43)) - raft.server.leader.election.timeout = 120s (custom)
2019-06-13 22:54:15,250 INFO  server.RaftServerConfigKeys (ConfUtils.java:logGet(43)) - raft.server.log.use.memory = false (default)
2019-06-13 22:54:15,250 INFO  server.RaftServerConfigKeys (ConfUtils.java:logGet(43)) - raft.server.log.appender.buffer.byte-limit = 33554432 (custom)
2019-06-13 22:54:15,250 INFO  server.RaftServerConfigKeys (ConfUtils.java:logGet(43)) - raft.server.log.segment.size.max = 16384 (custom)
2019-06-13 22:54:15,250 INFO  server.RaftServerConfigKeys (ConfUtils.java:logGet(43)) - raft.server.log.segment.cache.num.max = 2 (custom)
2019-06-13 22:54:15,250 INFO  storage.RaftLogWorker (RaftLogWorker.java:<init>(123)) - new 85302df8-7a7f-4077-a053-c26dc3d3d65a-RaftLogWorker for Storage Directory /opt/src/hadoop-ozone/integration-test/target/test-dir/MiniOzoneClusterImpl-550f9ca0-a6d9-4a4a-902f-f07ac81eac7b/datanode-0/data/ratis/5ad10fc2-5a33-4bdd-8958-4701aba8d7d0
2019-06-13 22:54:15,250 INFO  server.RaftServerConfigKeys (ConfUtils.java:logGet(43)) - raft.server.log.queue.byte-limit = 2147483647 (custom)
2019-06-13 22:54:15,250 INFO  server.RaftServerConfigKeys (ConfUtils.java:logGet(43)) - raft.server.log.queue.element-limit = 1024 (custom)
2019-06-13 22:54:15,251 INFO  server.RaftServerConfigKeys (ConfUtils.java:logGet(43)) - raft.server.log.segment.size.max = 16384 (custom)
2019-06-13 22:54:15,251 INFO  server.RaftServerConfigKeys (ConfUtils.java:logGet(43)) - raft.server.log.preallocated.size = 16384 (custom)
2019-06-13 22:54:15,251 INFO  server.RaftServerConfigKeys (ConfUtils.java:logGet(43)) - raft.server.log.write.buffer.size = 33554432 (custom)
2019-06-13 22:54:15,251 INFO  server.RaftServerConfigKeys (ConfUtils.java:logGet(43)) - raft.server.log.force.sync.num = 128 (default)
2019-06-13 22:54:15,251 INFO  server.RaftServerConfigKeys (ConfUtils.java:logGet(43)) - raft.server.log.statemachine.data.sync = true (default)
2019-06-13 22:54:15,251 INFO  server.RaftServerConfigKeys (ConfUtils.java:logGet(43)) - raft.server.log.statemachine.data.sync.timeout = 10s (default)
2019-06-13 22:54:15,251 INFO  server.RaftServerConfigKeys (ConfUtils.java:logGet(43)) - raft.server.log.statemachine.data.sync.timeout.retry = -1 (default)
2019-06-13 22:54:15,251 INFO  server.RaftServerConfigKeys (ConfUtils.java:logGet(43)) - raft.server.log.statemachine.data.caching.enabled = true (custom)
2019-06-13 22:54:15,257 INFO  storage.LogSegment (LogSegment.java:loadSegment(143)) - Successfully read 62 entries from segment file /opt/src/hadoop-ozone/integration-test/target/test-dir/MiniOzoneClusterImpl-550f9ca0-a6d9-4a4a-902f-f07ac81eac7b/datanode-0/data/ratis/5ad10fc2-5a33-4bdd-8958-4701aba8d7d0/current/log_inprogress_7231
2019-06-13 22:54:15,260 INFO  hdfs.DFSUtil (DFSUtil.java:httpServerTemplateForNNAndJN(1641)) - Starting Web-server for hddsDatanode at: http://0.0.0.0:36703
2019-06-13 22:54:15,262 INFO  server.AuthenticationFilter (AuthenticationFilter.java:constructSecretProvider(240)) - Unable to initialize FileSignerSecretProvider, falling back to use random secrets.
2019-06-13 22:54:15,263 WARN  http.HttpRequestLog (HttpRequestLog.java:getRequestLog(97)) - Jetty request log can only be enabled using Log4j
2019-06-13 22:54:15,265 INFO  http.HttpServer2 (HttpServer2.java:addGlobalFilter(975)) - Added global filter 'safety' (class=org.apache.hadoop.http.HttpServer2$QuotingInputFilter)
2019-06-13 22:54:15,266 INFO  http.HttpServer2 (HttpServer2.java:addFilter(948)) - Added filter static_user_filter (class=org.apache.hadoop.http.lib.StaticUserWebFilter$StaticUserFilter) to context hddsDatanode
2019-06-13 22:54:15,266 INFO  http.HttpServer2 (HttpServer2.java:addFilter(958)) - Added filter static_user_filter (class=org.apache.hadoop.http.lib.StaticUserWebFilter$StaticUserFilter) to context logs
2019-06-13 22:54:15,266 INFO  http.HttpServer2 (HttpServer2.java:addFilter(958)) - Added filter static_user_filter (class=org.apache.hadoop.http.lib.StaticUserWebFilter$StaticUserFilter) to context static
2019-06-13 22:54:15,267 INFO  http.HttpServer2 (HttpServer2.java:bindListener(1191)) - Jetty bound to port 36703
2019-06-13 22:54:15,267 INFO  server.Server (Server.java:doStart(351)) - jetty-9.3.24.v20180605, build timestamp: 2018-06-05T17:11:56Z, git hash: 84205aa28f11a4f31f2a3b86d1bba2cc8ab69827
2019-06-13 22:54:15,275 INFO  handler.ContextHandler (ContextHandler.java:doStart(781)) - Started o.e.j.s.ServletContextHandler@7f0a133d{/logs,file:///opt/src/hadoop-ozone/integration-test/target/log,AVAILABLE}
2019-06-13 22:54:15,276 INFO  handler.ContextHandler (ContextHandler.java:doStart(781)) - Started o.e.j.s.ServletContextHandler@715fa8c5{/static,jar:file:/root/.m2/repository/org/apache/hadoop/hadoop-hdds-container-service/0.5.0-SNAPSHOT/hadoop-hdds-container-service-0.5.0-SNAPSHOT.jar!/webapps/static,AVAILABLE}
2019-06-13 22:54:15,304 INFO  handler.ContextHandler (ContextHandler.java:doStart(781)) - Started o.e.j.w.WebAppContext@100aa331{/,file:///tmp/jetty-0.0.0.0-36703-hddsDatanode-_-any-4844764423996277361.dir/webapp/,AVAILABLE}{/hddsDatanode}
2019-06-13 22:54:15,306 INFO  server.AbstractConnector (AbstractConnector.java:doStart(278)) - Started ServerConnector@c2cf597{HTTP/1.1,[http/1.1]}{0.0.0.0:36703}
2019-06-13 22:54:15,306 INFO  server.Server (Server.java:doStart(419)) - Started @52148ms
2019-06-13 22:54:15,307 INFO  server.BaseHttpServer (BaseHttpServer.java:updateConnectorAddress(207)) - HTTP server of HDDSDATANODE is listening at http://0.0.0.0:36703
2019-06-13 22:54:15,308 INFO  storage.RaftLog (RaftLog.java:lambda$new$0(59)) - 85302df8-7a7f-4077-a053-c26dc3d3d65a: commitIndex: updateToMax old=7291, new=7291, updated? false
2019-06-13 22:54:15,309 INFO  server.RaftServerConfigKeys (ConfUtils.java:logGet(43)) - raft.server.snapshot.auto.trigger.enabled = true (custom)
2019-06-13 22:54:15,309 INFO  server.RaftServerConfigKeys (ConfUtils.java:logGet(43)) - raft.server.snapshot.auto.trigger.threshold = 10000 (custom)
2019-06-13 22:54:15,309 INFO  server.RaftServerConfigKeys (ConfUtils.java:logGet(43)) - raft.server.retrycache.expirytime = 600000ms (custom)
2019-06-13 22:54:15,315 INFO  commands.RetriableDatanodeEventWatcher (RetriableDatanodeEventWatcher.java:onTimeout(47)) - RetriableDatanodeCommand type=deleteBlocksCommand with id=1560466452109 timed out. Retrying.
2019-06-13 22:54:15,324 INFO  commands.RetriableDatanodeEventWatcher (RetriableDatanodeEventWatcher.java:onTimeout(47)) - RetriableDatanodeCommand type=deleteBlocksCommand with id=1560466452119 timed out. Retrying.
2019-06-13 22:54:15,335 INFO  commands.RetriableDatanodeEventWatcher (RetriableDatanodeEventWatcher.java:onTimeout(47)) - RetriableDatanodeCommand type=deleteBlocksCommand with id=1560466452129 timed out. Retrying.
2019-06-13 22:54:15,345 DEBUG block.SCMBlockDeletingService (SCMBlockDeletingService.java:call(138)) - Running DeletedBlockTransactionScanner
2019-06-13 22:54:15,346 DEBUG block.SCMBlockDeletingService (SCMBlockDeletingService.java:call(155)) - Scanned deleted blocks log and got 3 delTX to process.
2019-06-13 22:54:15,346 DEBUG block.SCMBlockDeletingService (SCMBlockDeletingService.java:call(171)) - Added delete block command for datanode 85302df8-7a7f-4077-a053-c26dc3d3d65a in the queue, number of delete block transactions: 3, TxID list: 1,2,3
2019-06-13 22:54:15,346 INFO  block.SCMBlockDeletingService (SCMBlockDeletingService.java:call(182)) - Totally added 3 delete blocks command for 1 datanodes, task elapsed time: 1ms
2019-06-13 22:54:15,415 INFO  commands.RetriableDatanodeEventWatcher (RetriableDatanodeEventWatcher.java:onTimeout(47)) - RetriableDatanodeCommand type=deleteBlocksCommand with id=1560466452110 timed out. Retrying.
2019-06-13 22:54:15,427 INFO  commands.RetriableDatanodeEventWatcher (RetriableDatanodeEventWatcher.java:onTimeout(47)) - RetriableDatanodeCommand type=deleteBlocksCommand with id=1560466452120 timed out. Retrying.
2019-06-13 22:54:15,436 INFO  commands.RetriableDatanodeEventWatcher (RetriableDatanodeEventWatcher.java:onTimeout(47)) - RetriableDatanodeCommand type=deleteBlocksCommand with id=1560466452130 timed out. Retrying.
2019-06-13 22:54:15,446 INFO  ozone.HddsDatanodeService (HddsDatanodeService.java:startPlugins(396)) - Started plug-in org.apache.hadoop.ozone.web.OzoneHddsDatanodeService@34045582
2019-06-13 22:54:15,446 INFO  ozone.MiniOzoneClusterImpl (MiniOzoneClusterImpl.java:lambda$waitForClusterToBeReady$0(142)) - Waiting for cluster to be ready. Got 0 of 1 DN Heartbeats.
2019-06-13 22:54:15,447 DEBUG block.SCMBlockDeletingService (SCMBlockDeletingService.java:call(138)) - Running DeletedBlockTransactionScanner
2019-06-13 22:54:15,447 DEBUG block.SCMBlockDeletingService (SCMBlockDeletingService.java:call(155)) - Scanned deleted blocks log and got 3 delTX to process.
2019-06-13 22:54:15,447 DEBUG block.SCMBlockDeletingService (SCMBlockDeletingService.java:call(171)) - Added delete block command for datanode 85302df8-7a7f-4077-a053-c26dc3d3d65a in the queue, number of delete block transactions: 3, TxID list: 1,2,3
2019-06-13 22:54:15,447 INFO  block.SCMBlockDeletingService (SCMBlockDeletingService.java:call(182)) - Totally added 3 delete blocks command for 1 datanodes, task elapsed time: 1ms
2019-06-13 22:54:15,448 INFO  util.JvmPauseMonitor (JvmPauseMonitor.java:run(188)) - Starting JVM pause monitor
2019-06-13 22:54:15,518 INFO  commands.RetriableDatanodeEventWatcher (RetriableDatanodeEventWatcher.java:onTimeout(47)) - RetriableDatanodeCommand type=deleteBlocksCommand with id=1560466452111 timed out. Retrying.
2019-06-13 22:54:15,527 INFO  commands.RetriableDatanodeEventWatcher (RetriableDatanodeEventWatcher.java:onTimeout(47)) - RetriableDatanodeCommand type=deleteBlocksCommand with id=1560466452121 timed out. Retrying.
2019-06-13 22:54:15,537 INFO  commands.RetriableDatanodeEventWatcher (RetriableDatanodeEventWatcher.java:onTimeout(47)) - RetriableDatanodeCommand type=deleteBlocksCommand with id=1560466452131 timed out. Retrying.
2019-06-13 22:54:15,548 DEBUG block.SCMBlockDeletingService (SCMBlockDeletingService.java:call(138)) - Running DeletedBlockTransactionScanner
2019-06-13 22:54:15,548 DEBUG block.SCMBlockDeletingService (SCMBlockDeletingService.java:call(155)) - Scanned deleted blocks log and got 3 delTX to process.
2019-06-13 22:54:15,548 DEBUG block.SCMBlockDeletingService (SCMBlockDeletingService.java:call(171)) - Added delete block command for datanode 85302df8-7a7f-4077-a053-c26dc3d3d65a in the queue, number of delete block transactions: 3, TxID list: 1,2,3
2019-06-13 22:54:15,549 INFO  block.SCMBlockDeletingService (SCMBlockDeletingService.java:call(182)) - Totally added 3 delete blocks command for 1 datanodes, task elapsed time: 1ms
2019-06-13 22:54:15,619 INFO  commands.RetriableDatanodeEventWatcher (RetriableDatanodeEventWatcher.java:onTimeout(47)) - RetriableDatanodeCommand type=deleteBlocksCommand with id=1560466452112 timed out. Retrying.
2019-06-13 22:54:15,628 INFO  commands.RetriableDatanodeEventWatcher (RetriableDatanodeEventWatcher.java:onTimeout(47)) - RetriableDatanodeCommand type=deleteBlocksCommand with id=1560466452122 timed out. Retrying.
2019-06-13 22:54:15,639 INFO  commands.RetriableDatanodeEventWatcher (RetriableDatanodeEventWatcher.java:onTimeout(47)) - RetriableDatanodeCommand type=deleteBlocksCommand with id=1560466452132 timed out. Retrying.
2019-06-13 22:54:15,649 DEBUG block.SCMBlockDeletingService (SCMBlockDeletingService.java:call(138)) - Running DeletedBlockTransactionScanner
2019-06-13 22:54:15,649 DEBUG block.SCMBlockDeletingService (SCMBlockDeletingService.java:call(155)) - Scanned deleted blocks log and got 3 delTX to process.
2019-06-13 22:54:15,649 DEBUG block.SCMBlockDeletingService (SCMBlockDeletingService.java:call(171)) - Added delete block command for datanode 85302df8-7a7f-4077-a053-c26dc3d3d65a in the queue, number of delete block transactions: 3, TxID list: 1,2,3
2019-06-13 22:54:15,650 INFO  block.SCMBlockDeletingService (SCMBlockDeletingService.java:call(182)) - Totally added 3 delete blocks command for 1 datanodes, task elapsed time: 1ms
2019-06-13 22:54:15,720 INFO  commands.RetriableDatanodeEventWatcher (RetriableDatanodeEventWatcher.java:onTimeout(47)) - RetriableDatanodeCommand type=deleteBlocksCommand with id=1560466452113 timed out. Retrying.
2019-06-13 22:54:15,728 INFO  commands.RetriableDatanodeEventWatcher (RetriableDatanodeEventWatcher.java:onTimeout(47)) - RetriableDatanodeCommand type=deleteBlocksCommand with id=1560466452123 timed out. Retrying.
2019-06-13 22:54:15,740 INFO  commands.RetriableDatanodeEventWatcher (RetriableDatanodeEventWatcher.java:onTimeout(47)) - RetriableDatanodeCommand type=deleteBlocksCommand with id=1560466452133 timed out. Retrying.
2019-06-13 22:54:15,750 DEBUG block.SCMBlockDeletingService (SCMBlockDeletingService.java:call(138)) - Running DeletedBlockTransactionScanner
2019-06-13 22:54:15,751 DEBUG block.SCMBlockDeletingService (SCMBlockDeletingService.java:call(155)) - Scanned deleted blocks log and got 3 delTX to process.
2019-06-13 22:54:15,751 DEBUG block.SCMBlockDeletingService (SCMBlockDeletingService.java:call(171)) - Added delete block command for datanode 85302df8-7a7f-4077-a053-c26dc3d3d65a in the queue, number of delete block transactions: 3, TxID list: 1,2,3
2019-06-13 22:54:15,751 INFO  block.SCMBlockDeletingService (SCMBlockDeletingService.java:call(182)) - Totally added 3 delete blocks command for 1 datanodes, task elapsed time: 1ms
2019-06-13 22:54:15,820 INFO  commands.RetriableDatanodeEventWatcher (RetriableDatanodeEventWatcher.java:onTimeout(47)) - RetriableDatanodeCommand type=deleteBlocksCommand with id=1560466452114 timed out. Retrying.
2019-06-13 22:54:15,830 INFO  commands.RetriableDatanodeEventWatcher (RetriableDatanodeEventWatcher.java:onTimeout(47)) - RetriableDatanodeCommand type=deleteBlocksCommand with id=1560466452124 timed out. Retrying.
2019-06-13 22:54:15,840 INFO  commands.RetriableDatanodeEventWatcher (RetriableDatanodeEventWatcher.java:onTimeout(47)) - RetriableDatanodeCommand type=deleteBlocksCommand with id=1560466452134 timed out. Retrying.
2019-06-13 22:54:15,851 DEBUG block.SCMBlockDeletingService (SCMBlockDeletingService.java:call(138)) - Running DeletedBlockTransactionScanner
2019-06-13 22:54:15,852 DEBUG block.SCMBlockDeletingService (SCMBlockDeletingService.java:call(155)) - Scanned deleted blocks log and got 3 delTX to process.
2019-06-13 22:54:15,852 DEBUG block.SCMBlockDeletingService (SCMBlockDeletingService.java:call(171)) - Added delete block command for datanode 85302df8-7a7f-4077-a053-c26dc3d3d65a in the queue, number of delete block transactions: 3, TxID list: 1,2,3
2019-06-13 22:54:15,852 INFO  block.SCMBlockDeletingService (SCMBlockDeletingService.java:call(182)) - Totally added 3 delete blocks command for 1 datanodes, task elapsed time: 0ms
2019-06-13 22:54:15,921 INFO  commands.RetriableDatanodeEventWatcher (RetriableDatanodeEventWatcher.java:onTimeout(47)) - RetriableDatanodeCommand type=deleteBlocksCommand with id=1560466452115 timed out. Retrying.
2019-06-13 22:54:15,931 INFO  commands.RetriableDatanodeEventWatcher (RetriableDatanodeEventWatcher.java:onTimeout(47)) - RetriableDatanodeCommand type=deleteBlocksCommand with id=1560466452125 timed out. Retrying.
2019-06-13 22:54:15,942 INFO  commands.RetriableDatanodeEventWatcher (RetriableDatanodeEventWatcher.java:onTimeout(47)) - RetriableDatanodeCommand type=deleteBlocksCommand with id=1560466452135 timed out. Retrying.
2019-06-13 22:54:15,952 DEBUG block.SCMBlockDeletingService (SCMBlockDeletingService.java:call(138)) - Running DeletedBlockTransactionScanner
2019-06-13 22:54:15,953 DEBUG block.SCMBlockDeletingService (SCMBlockDeletingService.java:call(155)) - Scanned deleted blocks log and got 3 delTX to process.
2019-06-13 22:54:15,953 DEBUG block.SCMBlockDeletingService (SCMBlockDeletingService.java:call(171)) - Added delete block command for datanode 85302df8-7a7f-4077-a053-c26dc3d3d65a in the queue, number of delete block transactions: 3, TxID list: 1,2,3
2019-06-13 22:54:15,953 INFO  block.SCMBlockDeletingService (SCMBlockDeletingService.java:call(182)) - Totally added 3 delete blocks command for 1 datanodes, task elapsed time: 0ms
2019-06-13 22:54:16,023 INFO  commands.RetriableDatanodeEventWatcher (RetriableDatanodeEventWatcher.java:onTimeout(47)) - RetriableDatanodeCommand type=deleteBlocksCommand with id=1560466452116 timed out. Retrying.
2019-06-13 22:54:16,032 INFO  commands.RetriableDatanodeEventWatcher (RetriableDatanodeEventWatcher.java:onTimeout(47)) - RetriableDatanodeCommand type=deleteBlocksCommand with id=1560466452126 timed out. Retrying.
2019-06-13 22:54:16,043 INFO  commands.RetriableDatanodeEventWatcher (RetriableDatanodeEventWatcher.java:onTimeout(47)) - RetriableDatanodeCommand type=deleteBlocksCommand with id=1560466452136 timed out. Retrying.
2019-06-13 22:54:16,053 DEBUG block.SCMBlockDeletingService (SCMBlockDeletingService.java:call(138)) - Running DeletedBlockTransactionScanner
2019-06-13 22:54:16,054 DEBUG block.SCMBlockDeletingService (SCMBlockDeletingService.java:call(155)) - Scanned deleted blocks log and got 3 delTX to process.
2019-06-13 22:54:16,054 DEBUG block.SCMBlockDeletingService (SCMBlockDeletingService.java:call(171)) - Added delete block command for datanode 85302df8-7a7f-4077-a053-c26dc3d3d65a in the queue, number of delete block transactions: 3, TxID list: 1,2,3
2019-06-13 22:54:16,054 INFO  block.SCMBlockDeletingService (SCMBlockDeletingService.java:call(182)) - Totally added 3 delete blocks command for 1 datanodes, task elapsed time: 0ms
2019-06-13 22:54:16,109 INFO  commands.RetriableDatanodeEventWatcher (RetriableDatanodeEventWatcher.java:onTimeout(47)) - RetriableDatanodeCommand type=deleteBlocksCommand with id=1560466452107 timed out. Retrying.
2019-06-13 22:54:16,124 INFO  commands.RetriableDatanodeEventWatcher (RetriableDatanodeEventWatcher.java:onTimeout(47)) - RetriableDatanodeCommand type=deleteBlocksCommand with id=1560466452117 timed out. Retrying.
2019-06-13 22:54:16,134 INFO  commands.RetriableDatanodeEventWatcher (RetriableDatanodeEventWatcher.java:onTimeout(47)) - RetriableDatanodeCommand type=deleteBlocksCommand with id=1560466452127 timed out. Retrying.
2019-06-13 22:54:16,143 INFO  commands.RetriableDatanodeEventWatcher (RetriableDatanodeEventWatcher.java:onTimeout(47)) - RetriableDatanodeCommand type=deleteBlocksCommand with id=1560466452137 timed out. Retrying.
2019-06-13 22:54:16,154 DEBUG block.SCMBlockDeletingService (SCMBlockDeletingService.java:call(138)) - Running DeletedBlockTransactionScanner
2019-06-13 22:54:16,154 DEBUG block.SCMBlockDeletingService (SCMBlockDeletingService.java:call(155)) - Scanned deleted blocks log and got 3 delTX to process.
2019-06-13 22:54:16,155 DEBUG block.SCMBlockDeletingService (SCMBlockDeletingService.java:call(171)) - Added delete block command for datanode 85302df8-7a7f-4077-a053-c26dc3d3d65a in the queue, number of delete block transactions: 3, TxID list: 1,2,3
2019-06-13 22:54:16,155 INFO  block.SCMBlockDeletingService (SCMBlockDeletingService.java:call(182)) - Totally added 3 delete blocks command for 1 datanodes, task elapsed time: 1ms
2019-06-13 22:54:16,214 INFO  commands.RetriableDatanodeEventWatcher (RetriableDatanodeEventWatcher.java:onTimeout(47)) - RetriableDatanodeCommand type=deleteBlocksCommand with id=1560466452108 timed out. Retrying.
2019-06-13 22:54:16,225 INFO  commands.RetriableDatanodeEventWatcher (RetriableDatanodeEventWatcher.java:onTimeout(47)) - RetriableDatanodeCommand type=deleteBlocksCommand with id=1560466452118 timed out. Retrying.
2019-06-13 22:54:16,235 INFO  commands.RetriableDatanodeEventWatcher (RetriableDatanodeEventWatcher.java:onTimeout(47)) - RetriableDatanodeCommand type=deleteBlocksCommand with id=1560466452128 timed out. Retrying.
2019-06-13 22:54:16,245 INFO  commands.RetriableDatanodeEventWatcher (RetriableDatanodeEventWatcher.java:onTimeout(47)) - RetriableDatanodeCommand type=deleteBlocksCommand with id=1560466452138 timed out. Retrying.
2019-06-13 22:54:16,255 DEBUG block.SCMBlockDeletingService (SCMBlockDeletingService.java:call(138)) - Running DeletedBlockTransactionScanner
2019-06-13 22:54:16,255 DEBUG block.SCMBlockDeletingService (SCMBlockDeletingService.java:call(155)) - Scanned deleted blocks log and got 3 delTX to process.
2019-06-13 22:54:16,256 DEBUG block.SCMBlockDeletingService (SCMBlockDeletingService.java:call(171)) - Added delete block command for datanode 85302df8-7a7f-4077-a053-c26dc3d3d65a in the queue, number of delete block transactions: 3, TxID list: 1,2,3
2019-06-13 22:54:16,256 INFO  block.SCMBlockDeletingService (SCMBlockDeletingService.java:call(182)) - Totally added 3 delete blocks command for 1 datanodes, task elapsed time: 1ms
2019-06-13 22:54:16,316 INFO  commands.RetriableDatanodeEventWatcher (RetriableDatanodeEventWatcher.java:onTimeout(47)) - RetriableDatanodeCommand type=deleteBlocksCommand with id=1560466452109 timed out. Retrying.
2019-06-13 22:54:16,325 INFO  commands.RetriableDatanodeEventWatcher (RetriableDatanodeEventWatcher.java:onTimeout(47)) - RetriableDatanodeCommand type=deleteBlocksCommand with id=1560466452119 timed out. Retrying.
2019-06-13 22:54:16,335 INFO  commands.RetriableDatanodeEventWatcher (RetriableDatanodeEventWatcher.java:onTimeout(47)) - RetriableDatanodeCommand type=deleteBlocksCommand with id=1560466452129 timed out. Retrying.
2019-06-13 22:54:16,346 INFO  commands.RetriableDatanodeEventWatcher (RetriableDatanodeEventWatcher.java:onTimeout(47)) - RetriableDatanodeCommand type=deleteBlocksCommand with id=1560466452139 timed out. Retrying.
2019-06-13 22:54:16,356 DEBUG block.SCMBlockDeletingService (SCMBlockDeletingService.java:call(138)) - Running DeletedBlockTransactionScanner
2019-06-13 22:54:16,356 DEBUG block.SCMBlockDeletingService (SCMBlockDeletingService.java:call(155)) - Scanned deleted blocks log and got 3 delTX to process.
2019-06-13 22:54:16,357 DEBUG block.SCMBlockDeletingService (SCMBlockDeletingService.java:call(171)) - Added delete block command for datanode 85302df8-7a7f-4077-a053-c26dc3d3d65a in the queue, number of delete block transactions: 3, TxID list: 1,2,3
2019-06-13 22:54:16,357 INFO  block.SCMBlockDeletingService (SCMBlockDeletingService.java:call(182)) - Totally added 3 delete blocks command for 1 datanodes, task elapsed time: 1ms
2019-06-13 22:54:16,416 INFO  commands.RetriableDatanodeEventWatcher (RetriableDatanodeEventWatcher.java:onTimeout(47)) - RetriableDatanodeCommand type=deleteBlocksCommand with id=1560466452110 timed out. Retrying.
2019-06-13 22:54:16,433 INFO  commands.RetriableDatanodeEventWatcher (RetriableDatanodeEventWatcher.java:onTimeout(47)) - RetriableDatanodeCommand type=deleteBlocksCommand with id=1560466452120 timed out. Retrying.
2019-06-13 22:54:16,436 INFO  commands.RetriableDatanodeEventWatcher (RetriableDatanodeEventWatcher.java:onTimeout(47)) - RetriableDatanodeCommand type=deleteBlocksCommand with id=1560466452130 timed out. Retrying.
2019-06-13 22:54:16,447 INFO  ozone.MiniOzoneClusterImpl (MiniOzoneClusterImpl.java:lambda$waitForClusterToBeReady$0(142)) - Waiting for cluster to be ready. Got 0 of 1 DN Heartbeats.
2019-06-13 22:54:16,447 INFO  commands.RetriableDatanodeEventWatcher (RetriableDatanodeEventWatcher.java:onTimeout(47)) - RetriableDatanodeCommand type=deleteBlocksCommand with id=1560466452140 timed out. Retrying.
2019-06-13 22:54:16,457 DEBUG block.SCMBlockDeletingService (SCMBlockDeletingService.java:call(138)) - Running DeletedBlockTransactionScanner
2019-06-13 22:54:16,458 DEBUG block.SCMBlockDeletingService (SCMBlockDeletingService.java:call(155)) - Scanned deleted blocks log and got 3 delTX to process.
2019-06-13 22:54:16,458 DEBUG block.SCMBlockDeletingService (SCMBlockDeletingService.java:call(171)) - Added delete block command for datanode 85302df8-7a7f-4077-a053-c26dc3d3d65a in the queue, number of delete block transactions: 3, TxID list: 1,2,3
2019-06-13 22:54:16,458 INFO  block.SCMBlockDeletingService (SCMBlockDeletingService.java:call(182)) - Totally added 3 delete blocks command for 1 datanodes, task elapsed time: 1ms
2019-06-13 22:54:16,518 INFO  commands.RetriableDatanodeEventWatcher (RetriableDatanodeEventWatcher.java:onTimeout(47)) - RetriableDatanodeCommand type=deleteBlocksCommand with id=1560466452111 timed out. Retrying.
2019-06-13 22:54:16,526 INFO  commands.RetriableDatanodeEventWatcher (RetriableDatanodeEventWatcher.java:onTimeout(47)) - RetriableDatanodeCommand type=deleteBlocksCommand with id=1560466452121 timed out. Retrying.
2019-06-13 22:54:16,538 INFO  commands.RetriableDatanodeEventWatcher (RetriableDatanodeEventWatcher.java:onTimeout(47)) - RetriableDatanodeCommand type=deleteBlocksCommand with id=1560466452131 timed out. Retrying.
2019-06-13 22:54:16,549 INFO  commands.RetriableDatanodeEventWatcher (RetriableDatanodeEventWatcher.java:onTimeout(47)) - RetriableDatanodeCommand type=deleteBlocksCommand with id=1560466452141 timed out. Retrying.
2019-06-13 22:54:16,558 DEBUG block.SCMBlockDeletingService (SCMBlockDeletingService.java:call(138)) - Running DeletedBlockTransactionScanner
2019-06-13 22:54:16,559 DEBUG block.SCMBlockDeletingService (SCMBlockDeletingService.java:call(155)) - Scanned deleted blocks log and got 3 delTX to process.
2019-06-13 22:54:16,559 DEBUG block.SCMBlockDeletingService (SCMBlockDeletingService.java:call(171)) - Added delete block command for datanode 85302df8-7a7f-4077-a053-c26dc3d3d65a in the queue, number of delete block transactions: 3, TxID list: 1,2,3
2019-06-13 22:54:16,559 INFO  block.SCMBlockDeletingService (SCMBlockDeletingService.java:call(182)) - Totally added 3 delete blocks command for 1 datanodes, task elapsed time: 0ms
2019-06-13 22:54:16,619 INFO  commands.RetriableDatanodeEventWatcher (RetriableDatanodeEventWatcher.java:onTimeout(47)) - RetriableDatanodeCommand type=deleteBlocksCommand with id=1560466452112 timed out. Retrying.
2019-06-13 22:54:16,628 INFO  commands.RetriableDatanodeEventWatcher (RetriableDatanodeEventWatcher.java:onTimeout(47)) - RetriableDatanodeCommand type=deleteBlocksCommand with id=1560466452122 timed out. Retrying.
2019-06-13 22:54:16,640 INFO  commands.RetriableDatanodeEventWatcher (RetriableDatanodeEventWatcher.java:onTimeout(47)) - RetriableDatanodeCommand type=deleteBlocksCommand with id=1560466452132 timed out. Retrying.
2019-06-13 22:54:16,650 INFO  commands.RetriableDatanodeEventWatcher (RetriableDatanodeEventWatcher.java:onTimeout(47)) - RetriableDatanodeCommand type=deleteBlocksCommand with id=1560466452142 timed out. Retrying.
2019-06-13 22:54:16,659 DEBUG block.SCMBlockDeletingService (SCMBlockDeletingService.java:call(138)) - Running DeletedBlockTransactionScanner
2019-06-13 22:54:16,660 DEBUG block.SCMBlockDeletingService (SCMBlockDeletingService.java:call(155)) - Scanned deleted blocks log and got 3 delTX to process.
2019-06-13 22:54:16,660 DEBUG block.SCMBlockDeletingService (SCMBlockDeletingService.java:call(171)) - Added delete block command for datanode 85302df8-7a7f-4077-a053-c26dc3d3d65a in the queue, number of delete block transactions: 3, TxID list: 1,2,3
2019-06-13 22:54:16,660 INFO  block.SCMBlockDeletingService (SCMBlockDeletingService.java:call(182)) - Totally added 3 delete blocks command for 1 datanodes, task elapsed time: 0ms
2019-06-13 22:54:16,721 INFO  commands.RetriableDatanodeEventWatcher (RetriableDatanodeEventWatcher.java:onTimeout(47)) - RetriableDatanodeCommand type=deleteBlocksCommand with id=1560466452113 timed out. Retrying.
2019-06-13 22:54:16,728 INFO  commands.RetriableDatanodeEventWatcher (RetriableDatanodeEventWatcher.java:onTimeout(47)) - RetriableDatanodeCommand type=deleteBlocksCommand with id=1560466452123 timed out. Retrying.
2019-06-13 22:54:16,741 INFO  commands.RetriableDatanodeEventWatcher (RetriableDatanodeEventWatcher.java:onTimeout(47)) - RetriableDatanodeCommand type=deleteBlocksCommand with id=1560466452133 timed out. Retrying.
2019-06-13 22:54:16,751 INFO  commands.RetriableDatanodeEventWatcher (RetriableDatanodeEventWatcher.java:onTimeout(47)) - RetriableDatanodeCommand type=deleteBlocksCommand with id=1560466452143 timed out. Retrying.
2019-06-13 22:54:16,760 DEBUG block.SCMBlockDeletingService (SCMBlockDeletingService.java:call(138)) - Running DeletedBlockTransactionScanner
2019-06-13 22:54:16,761 DEBUG block.SCMBlockDeletingService (SCMBlockDeletingService.java:call(155)) - Scanned deleted blocks log and got 3 delTX to process.
2019-06-13 22:54:16,761 DEBUG block.SCMBlockDeletingService (SCMBlockDeletingService.java:call(171)) - Added delete block command for datanode 85302df8-7a7f-4077-a053-c26dc3d3d65a in the queue, number of delete block transactions: 3, TxID list: 1,2,3
2019-06-13 22:54:16,761 INFO  block.SCMBlockDeletingService (SCMBlockDeletingService.java:call(182)) - Totally added 3 delete blocks command for 1 datanodes, task elapsed time: 0ms
2019-06-13 22:54:16,820 INFO  commands.RetriableDatanodeEventWatcher (RetriableDatanodeEventWatcher.java:onTimeout(47)) - RetriableDatanodeCommand type=deleteBlocksCommand with id=1560466452114 timed out. Retrying.
2019-06-13 22:54:16,830 INFO  commands.RetriableDatanodeEventWatcher (RetriableDatanodeEventWatcher.java:onTimeout(47)) - RetriableDatanodeCommand type=deleteBlocksCommand with id=1560466452124 timed out. Retrying.
2019-06-13 22:54:16,841 INFO  commands.RetriableDatanodeEventWatcher (RetriableDatanodeEventWatcher.java:onTimeout(47)) - RetriableDatanodeCommand type=deleteBlocksCommand with id=1560466452134 timed out. Retrying.
2019-06-13 22:54:16,852 INFO  commands.RetriableDatanodeEventWatcher (RetriableDatanodeEventWatcher.java:onTimeout(47)) - RetriableDatanodeCommand type=deleteBlocksCommand with id=1560466452144 timed out. Retrying.
2019-06-13 22:54:16,861 DEBUG block.SCMBlockDeletingService (SCMBlockDeletingService.java:call(138)) - Running DeletedBlockTransactionScanner
2019-06-13 22:54:16,861 DEBUG block.SCMBlockDeletingService (SCMBlockDeletingService.java:call(155)) - Scanned deleted blocks log and got 3 delTX to process.
2019-06-13 22:54:16,862 DEBUG block.SCMBlockDeletingService (SCMBlockDeletingService.java:call(171)) - Added delete block command for datanode 85302df8-7a7f-4077-a053-c26dc3d3d65a in the queue, number of delete block transactions: 3, TxID list: 1,2,3
2019-06-13 22:54:16,862 INFO  block.SCMBlockDeletingService (SCMBlockDeletingService.java:call(182)) - Totally added 3 delete blocks command for 1 datanodes, task elapsed time: 1ms
2019-06-13 22:54:16,922 INFO  commands.RetriableDatanodeEventWatcher (RetriableDatanodeEventWatcher.java:onTimeout(47)) - RetriableDatanodeCommand type=deleteBlocksCommand with id=1560466452115 timed out. Retrying.
2019-06-13 22:54:16,932 INFO  commands.RetriableDatanodeEventWatcher (RetriableDatanodeEventWatcher.java:onTimeout(47)) - RetriableDatanodeCommand type=deleteBlocksCommand with id=1560466452125 timed out. Retrying.
2019-06-13 22:54:16,942 INFO  commands.RetriableDatanodeEventWatcher (RetriableDatanodeEventWatcher.java:onTimeout(47)) - RetriableDatanodeCommand type=deleteBlocksCommand with id=1560466452135 timed out. Retrying.
2019-06-13 22:54:16,953 INFO  commands.RetriableDatanodeEventWatcher (RetriableDatanodeEventWatcher.java:onTimeout(47)) - RetriableDatanodeCommand type=deleteBlocksCommand with id=1560466452145 timed out. Retrying.
2019-06-13 22:54:16,962 DEBUG block.SCMBlockDeletingService (SCMBlockDeletingService.java:call(138)) - Running DeletedBlockTransactionScanner
2019-06-13 22:54:16,962 DEBUG block.SCMBlockDeletingService (SCMBlockDeletingService.java:call(155)) - Scanned deleted blocks log and got 3 delTX to process.
2019-06-13 22:54:16,962 DEBUG block.SCMBlockDeletingService (SCMBlockDeletingService.java:call(171)) - Added delete block command for datanode 85302df8-7a7f-4077-a053-c26dc3d3d65a in the queue, number of delete block transactions: 3, TxID list: 1,2,3
2019-06-13 22:54:16,963 INFO  block.SCMBlockDeletingService (SCMBlockDeletingService.java:call(182)) - Totally added 3 delete blocks command for 1 datanodes, task elapsed time: 1ms
2019-06-13 22:54:17,023 INFO  commands.RetriableDatanodeEventWatcher (RetriableDatanodeEventWatcher.java:onTimeout(47)) - RetriableDatanodeCommand type=deleteBlocksCommand with id=1560466452116 timed out. Retrying.
2019-06-13 22:54:17,033 INFO  commands.RetriableDatanodeEventWatcher (RetriableDatanodeEventWatcher.java:onTimeout(47)) - RetriableDatanodeCommand type=deleteBlocksCommand with id=1560466452126 timed out. Retrying.
2019-06-13 22:54:17,042 INFO  commands.RetriableDatanodeEventWatcher (RetriableDatanodeEventWatcher.java:onTimeout(47)) - RetriableDatanodeCommand type=deleteBlocksCommand with id=1560466452136 timed out. Retrying.
2019-06-13 22:54:17,054 INFO  commands.RetriableDatanodeEventWatcher (RetriableDatanodeEventWatcher.java:onTimeout(47)) - RetriableDatanodeCommand type=deleteBlocksCommand with id=1560466452146 timed out. Retrying.
2019-06-13 22:54:17,063 DEBUG block.SCMBlockDeletingService (SCMBlockDeletingService.java:call(138)) - Running DeletedBlockTransactionScanner
2019-06-13 22:54:17,063 DEBUG block.SCMBlockDeletingService (SCMBlockDeletingService.java:call(155)) - Scanned deleted blocks log and got 3 delTX to process.
2019-06-13 22:54:17,064 DEBUG block.SCMBlockDeletingService (SCMBlockDeletingService.java:call(171)) - Added delete block command for datanode 85302df8-7a7f-4077-a053-c26dc3d3d65a in the queue, number of delete block transactions: 3, TxID list: 1,2,3
2019-06-13 22:54:17,064 INFO  block.SCMBlockDeletingService (SCMBlockDeletingService.java:call(182)) - Totally added 3 delete blocks command for 1 datanodes, task elapsed time: 1ms
2019-06-13 22:54:17,110 INFO  commands.RetriableDatanodeEventWatcher (RetriableDatanodeEventWatcher.java:onTimeout(47)) - RetriableDatanodeCommand type=deleteBlocksCommand with id=1560466452107 timed out. Retrying.
2019-06-13 22:54:17,124 INFO  commands.RetriableDatanodeEventWatcher (RetriableDatanodeEventWatcher.java:onTimeout(47)) - RetriableDatanodeCommand type=deleteBlocksCommand with id=1560466452117 timed out. Retrying.
2019-06-13 22:54:17,135 INFO  commands.RetriableDatanodeEventWatcher (RetriableDatanodeEventWatcher.java:onTimeout(47)) - RetriableDatanodeCommand type=deleteBlocksCommand with id=1560466452127 timed out. Retrying.
2019-06-13 22:54:17,144 INFO  commands.RetriableDatanodeEventWatcher (RetriableDatanodeEventWatcher.java:onTimeout(47)) - RetriableDatanodeCommand type=deleteBlocksCommand with id=1560466452137 timed out. Retrying.
2019-06-13 22:54:17,155 INFO  commands.RetriableDatanodeEventWatcher (RetriableDatanodeEventWatcher.java:onTimeout(47)) - RetriableDatanodeCommand type=deleteBlocksCommand with id=1560466452147 timed out. Retrying.
2019-06-13 22:54:17,164 DEBUG block.SCMBlockDeletingService (SCMBlockDeletingService.java:call(138)) - Running DeletedBlockTransactionScanner
2019-06-13 22:54:17,164 DEBUG block.SCMBlockDeletingService (SCMBlockDeletingService.java:call(155)) - Scanned deleted blocks log and got 3 delTX to process.
2019-06-13 22:54:17,164 DEBUG block.SCMBlockDeletingService (SCMBlockDeletingService.java:call(171)) - Added delete block command for datanode 85302df8-7a7f-4077-a053-c26dc3d3d65a in the queue, number of delete block transactions: 3, TxID list: 1,2,3
2019-06-13 22:54:17,165 INFO  block.SCMBlockDeletingService (SCMBlockDeletingService.java:call(182)) - Totally added 3 delete blocks command for 1 datanodes, task elapsed time: 1ms
2019-06-13 22:54:17,214 INFO  commands.RetriableDatanodeEventWatcher (RetriableDatanodeEventWatcher.java:onTimeout(47)) - RetriableDatanodeCommand type=deleteBlocksCommand with id=1560466452108 timed out. Retrying.
2019-06-13 22:54:17,226 INFO  commands.RetriableDatanodeEventWatcher (RetriableDatanodeEventWatcher.java:onTimeout(47)) - RetriableDatanodeCommand type=deleteBlocksCommand with id=1560466452118 timed out. Retrying.
2019-06-13 22:54:17,234 INFO  commands.RetriableDatanodeEventWatcher (RetriableDatanodeEventWatcher.java:onTimeout(47)) - RetriableDatanodeCommand type=deleteBlocksCommand with id=1560466452128 timed out. Retrying.
2019-06-13 22:54:17,246 INFO  commands.RetriableDatanodeEventWatcher (RetriableDatanodeEventWatcher.java:onTimeout(47)) - RetriableDatanodeCommand type=deleteBlocksCommand with id=1560466452138 timed out. Retrying.
2019-06-13 22:54:17,256 INFO  commands.RetriableDatanodeEventWatcher (RetriableDatanodeEventWatcher.java:onTimeout(47)) - RetriableDatanodeCommand type=deleteBlocksCommand with id=1560466452148 timed out. Retrying.
2019-06-13 22:54:17,265 DEBUG block.SCMBlockDeletingService (SCMBlockDeletingService.java:call(138)) - Running DeletedBlockTransactionScanner
2019-06-13 22:54:17,265 DEBUG block.SCMBlockDeletingService (SCMBlockDeletingService.java:call(155)) - Scanned deleted blocks log and got 3 delTX to process.
2019-06-13 22:54:17,265 DEBUG block.SCMBlockDeletingService (SCMBlockDeletingService.java:call(171)) - Added delete block command for datanode 85302df8-7a7f-4077-a053-c26dc3d3d65a in the queue, number of delete block transactions: 3, TxID list: 1,2,3
2019-06-13 22:54:17,266 INFO  block.SCMBlockDeletingService (SCMBlockDeletingService.java:call(182)) - Totally added 3 delete blocks command for 1 datanodes, task elapsed time: 1ms
2019-06-13 22:54:17,316 INFO  commands.RetriableDatanodeEventWatcher (RetriableDatanodeEventWatcher.java:onTimeout(47)) - RetriableDatanodeCommand type=deleteBlocksCommand with id=1560466452109 timed out. Retrying.
2019-06-13 22:54:17,326 INFO  commands.RetriableDatanodeEventWatcher (RetriableDatanodeEventWatcher.java:onTimeout(47)) - RetriableDatanodeCommand type=deleteBlocksCommand with id=1560466452119 timed out. Retrying.
2019-06-13 22:54:17,334 INFO  commands.RetriableDatanodeEventWatcher (RetriableDatanodeEventWatcher.java:onTimeout(47)) - RetriableDatanodeCommand type=deleteBlocksCommand with id=1560466452129 timed out. Retrying.
2019-06-13 22:54:17,347 INFO  commands.RetriableDatanodeEventWatcher (RetriableDatanodeEventWatcher.java:onTimeout(47)) - RetriableDatanodeCommand type=deleteBlocksCommand with id=1560466452139 timed out. Retrying.
2019-06-13 22:54:17,357 INFO  commands.RetriableDatanodeEventWatcher (RetriableDatanodeEventWatcher.java:onTimeout(47)) - RetriableDatanodeCommand type=deleteBlocksCommand with id=1560466452149 timed out. Retrying.
2019-06-13 22:54:17,366 DEBUG block.SCMBlockDeletingService (SCMBlockDeletingService.java:call(138)) - Running DeletedBlockTransactionScanner
2019-06-13 22:54:17,366 DEBUG block.SCMBlockDeletingService (SCMBlockDeletingService.java:call(155)) - Scanned deleted blocks log and got 3 delTX to process.
2019-06-13 22:54:17,366 DEBUG block.SCMBlockDeletingService (SCMBlockDeletingService.java:call(171)) - Added delete block command for datanode 85302df8-7a7f-4077-a053-c26dc3d3d65a in the queue, number of delete block transactions: 3, TxID list: 1,2,3
2019-06-13 22:54:17,367 INFO  block.SCMBlockDeletingService (SCMBlockDeletingService.java:call(182)) - Totally added 3 delete blocks command for 1 datanodes, task elapsed time: 1ms
2019-06-13 22:54:17,416 INFO  commands.RetriableDatanodeEventWatcher (RetriableDatanodeEventWatcher.java:onTimeout(47)) - RetriableDatanodeCommand type=deleteBlocksCommand with id=1560466452110 timed out. Retrying.
2019-06-13 22:54:17,434 INFO  commands.RetriableDatanodeEventWatcher (RetriableDatanodeEventWatcher.java:onTimeout(47)) - RetriableDatanodeCommand type=deleteBlocksCommand with id=1560466452120 timed out. Retrying.
2019-06-13 22:54:17,435 INFO  commands.RetriableDatanodeEventWatcher (RetriableDatanodeEventWatcher.java:onTimeout(47)) - RetriableDatanodeCommand type=deleteBlocksCommand with id=1560466452130 timed out. Retrying.
2019-06-13 22:54:17,447 INFO  ozone.MiniOzoneClusterImpl (MiniOzoneClusterImpl.java:lambda$waitForClusterToBeReady$0(142)) - Waiting for cluster to be ready. Got 0 of 1 DN Heartbeats.
2019-06-13 22:54:17,448 INFO  commands.RetriableDatanodeEventWatcher (RetriableDatanodeEventWatcher.java:onTimeout(47)) - RetriableDatanodeCommand type=deleteBlocksCommand with id=1560466452140 timed out. Retrying.
2019-06-13 22:54:17,449 INFO  ozoneimpl.OzoneContainer (OzoneContainer.java:start(186)) - Attempting to start container services.
2019-06-13 22:54:17,449 INFO  ozoneimpl.OzoneContainer (OzoneContainer.java:startContainerScrub(160)) - Background container scrubber has been disabled by hdds.containerscrub.enabled
2019-06-13 22:54:17,450 INFO  ratis.XceiverServerRatis (XceiverServerRatis.java:start(418)) - Starting XceiverServerRatis 85302df8-7a7f-4077-a053-c26dc3d3d65a at port 43785
2019-06-13 22:54:17,453 INFO  impl.RaftServerImpl (RaftServerImpl.java:start(173)) - 85302df8-7a7f-4077-a053-c26dc3d3d65a: start group-4701ABA8D7D0
2019-06-13 22:54:17,454 INFO  impl.RaftServerImpl (RaftServerImpl.java:setRole(164)) - 85302df8-7a7f-4077-a053-c26dc3d3d65a:group-4701ABA8D7D0 changes role from null to FOLLOWER at term 1 for startAsFollower
2019-06-13 22:54:17,454 INFO  impl.RoleInfo (RoleInfo.java:updateAndGet(143)) - 85302df8-7a7f-4077-a053-c26dc3d3d65a: start FollowerState
2019-06-13 22:54:17,454 INFO  util.JmxRegister (JmxRegister.java:tryRegister(44)) - Successfully registered JMX Bean with object name Ratis:service=RaftServer,group=group-4701ABA8D7D0,id=85302df8-7a7f-4077-a053-c26dc3d3d65a
2019-06-13 22:54:17,455 INFO  impl.RaftServerProxy (RaftServerProxy.java:lambda$start$3(299)) - 85302df8-7a7f-4077-a053-c26dc3d3d65a: start RPC server
2019-06-13 22:54:17,457 INFO  server.GrpcService (GrpcService.java:startImpl(148)) - 85302df8-7a7f-4077-a053-c26dc3d3d65a: GrpcService started, listening on 0.0.0.0/0.0.0.0:43785
2019-06-13 22:54:17,458 INFO  commands.RetriableDatanodeEventWatcher (RetriableDatanodeEventWatcher.java:onTimeout(47)) - RetriableDatanodeCommand type=deleteBlocksCommand with id=1560466452150 timed out. Retrying.
2019-06-13 22:54:17,467 DEBUG block.SCMBlockDeletingService (SCMBlockDeletingService.java:call(138)) - Running DeletedBlockTransactionScanner
2019-06-13 22:54:17,467 DEBUG block.SCMBlockDeletingService (SCMBlockDeletingService.java:call(155)) - Scanned deleted blocks log and got 3 delTX to process.
2019-06-13 22:54:17,467 DEBUG block.SCMBlockDeletingService (SCMBlockDeletingService.java:call(171)) - Added delete block command for datanode 85302df8-7a7f-4077-a053-c26dc3d3d65a in the queue, number of delete block transactions: 3, TxID list: 1,2,3
2019-06-13 22:54:17,467 INFO  block.SCMBlockDeletingService (SCMBlockDeletingService.java:call(182)) - Totally added 3 delete blocks command for 1 datanodes, task elapsed time: 1ms
2019-06-13 22:54:17,517 INFO  commands.RetriableDatanodeEventWatcher (RetriableDatanodeEventWatcher.java:onTimeout(47)) - RetriableDatanodeCommand type=deleteBlocksCommand with id=1560466452111 timed out. Retrying.
2019-06-13 22:54:17,527 INFO  commands.RetriableDatanodeEventWatcher (RetriableDatanodeEventWatcher.java:onTimeout(47)) - RetriableDatanodeCommand type=deleteBlocksCommand with id=1560466452121 timed out. Retrying.
2019-06-13 22:54:17,538 INFO  commands.RetriableDatanodeEventWatcher (RetriableDatanodeEventWatcher.java:onTimeout(47)) - RetriableDatanodeCommand type=deleteBlocksCommand with id=1560466452131 timed out. Retrying.
2019-06-13 22:54:17,550 INFO  commands.RetriableDatanodeEventWatcher (RetriableDatanodeEventWatcher.java:onTimeout(47)) - RetriableDatanodeCommand type=deleteBlocksCommand with id=1560466452141 timed out. Retrying.
2019-06-13 22:54:17,559 INFO  commands.RetriableDatanodeEventWatcher (RetriableDatanodeEventWatcher.java:onTimeout(47)) - RetriableDatanodeCommand type=deleteBlocksCommand with id=1560466452151 timed out. Retrying.
2019-06-13 22:54:17,568 DEBUG block.SCMBlockDeletingService (SCMBlockDeletingService.java:call(138)) - Running DeletedBlockTransactionScanner
2019-06-13 22:54:17,568 DEBUG block.SCMBlockDeletingService (SCMBlockDeletingService.java:call(155)) - Scanned deleted blocks log and got 3 delTX to process.
2019-06-13 22:54:17,568 DEBUG block.SCMBlockDeletingService (SCMBlockDeletingService.java:call(171)) - Added delete block command for datanode 85302df8-7a7f-4077-a053-c26dc3d3d65a in the queue, number of delete block transactions: 3, TxID list: 1,2,3
2019-06-13 22:54:17,568 INFO  block.SCMBlockDeletingService (SCMBlockDeletingService.java:call(182)) - Totally added 3 delete blocks command for 1 datanodes, task elapsed time: 1ms
2019-06-13 22:54:17,620 INFO  commands.RetriableDatanodeEventWatcher (RetriableDatanodeEventWatcher.java:onTimeout(47)) - RetriableDatanodeCommand type=deleteBlocksCommand with id=1560466452112 timed out. Retrying.
2019-06-13 22:54:17,629 INFO  commands.RetriableDatanodeEventWatcher (RetriableDatanodeEventWatcher.java:onTimeout(47)) - RetriableDatanodeCommand type=deleteBlocksCommand with id=1560466452122 timed out. Retrying.
2019-06-13 22:54:17,640 INFO  commands.RetriableDatanodeEventWatcher (RetriableDatanodeEventWatcher.java:onTimeout(47)) - RetriableDatanodeCommand type=deleteBlocksCommand with id=1560466452132 timed out. Retrying.
2019-06-13 22:54:17,651 INFO  commands.RetriableDatanodeEventWatcher (RetriableDatanodeEventWatcher.java:onTimeout(47)) - RetriableDatanodeCommand type=deleteBlocksCommand with id=1560466452142 timed out. Retrying.
2019-06-13 22:54:17,660 INFO  commands.RetriableDatanodeEventWatcher (RetriableDatanodeEventWatcher.java:onTimeout(47)) - RetriableDatanodeCommand type=deleteBlocksCommand with id=1560466452152 timed out. Retrying.
2019-06-13 22:54:17,668 DEBUG block.SCMBlockDeletingService (SCMBlockDeletingService.java:call(138)) - Running DeletedBlockTransactionScanner
2019-06-13 22:54:17,669 DEBUG block.SCMBlockDeletingService (SCMBlockDeletingService.java:call(155)) - Scanned deleted blocks log and got 3 delTX to process.
2019-06-13 22:54:17,669 DEBUG block.SCMBlockDeletingService (SCMBlockDeletingService.java:call(171)) - Added delete block command for datanode 85302df8-7a7f-4077-a053-c26dc3d3d65a in the queue, number of delete block transactions: 3, TxID list: 1,2,3
2019-06-13 22:54:17,669 INFO  block.SCMBlockDeletingService (SCMBlockDeletingService.java:call(182)) - Totally added 3 delete blocks command for 1 datanodes, task elapsed time: 0ms
2019-06-13 22:54:17,721 INFO  commands.RetriableDatanodeEventWatcher (RetriableDatanodeEventWatcher.java:onTimeout(47)) - RetriableDatanodeCommand type=deleteBlocksCommand with id=1560466452113 timed out. Retrying.
2019-06-13 22:54:17,729 INFO  commands.RetriableDatanodeEventWatcher (RetriableDatanodeEventWatcher.java:onTimeout(47)) - RetriableDatanodeCommand type=deleteBlocksCommand with id=1560466452123 timed out. Retrying.
2019-06-13 22:54:17,741 INFO  commands.RetriableDatanodeEventWatcher (RetriableDatanodeEventWatcher.java:onTimeout(47)) - RetriableDatanodeCommand type=deleteBlocksCommand with id=1560466452133 timed out. Retrying.
2019-06-13 22:54:17,752 INFO  commands.RetriableDatanodeEventWatcher (RetriableDatanodeEventWatcher.java:onTimeout(47)) - RetriableDatanodeCommand type=deleteBlocksCommand with id=1560466452143 timed out. Retrying.
2019-06-13 22:54:17,761 INFO  commands.RetriableDatanodeEventWatcher (RetriableDatanodeEventWatcher.java:onTimeout(47)) - RetriableDatanodeCommand type=deleteBlocksCommand with id=1560466452153 timed out. Retrying.
2019-06-13 22:54:17,769 DEBUG block.SCMBlockDeletingService (SCMBlockDeletingService.java:call(138)) - Running DeletedBlockTransactionScanner
2019-06-13 22:54:17,770 DEBUG block.SCMBlockDeletingService (SCMBlockDeletingService.java:call(155)) - Scanned deleted blocks log and got 3 delTX to process.
2019-06-13 22:54:17,770 DEBUG block.SCMBlockDeletingService (SCMBlockDeletingService.java:call(171)) - Added delete block command for datanode 85302df8-7a7f-4077-a053-c26dc3d3d65a in the queue, number of delete block transactions: 3, TxID list: 1,2,3
2019-06-13 22:54:17,770 INFO  block.SCMBlockDeletingService (SCMBlockDeletingService.java:call(182)) - Totally added 3 delete blocks command for 1 datanodes, task elapsed time: 0ms
2019-06-13 22:54:17,820 INFO  commands.RetriableDatanodeEventWatcher (RetriableDatanodeEventWatcher.java:onTimeout(47)) - RetriableDatanodeCommand type=deleteBlocksCommand with id=1560466452114 timed out. Retrying.
2019-06-13 22:54:17,830 INFO  commands.RetriableDatanodeEventWatcher (RetriableDatanodeEventWatcher.java:onTimeout(47)) - RetriableDatanodeCommand type=deleteBlocksCommand with id=1560466452124 timed out. Retrying.
2019-06-13 22:54:17,841 INFO  commands.RetriableDatanodeEventWatcher (RetriableDatanodeEventWatcher.java:onTimeout(47)) - RetriableDatanodeCommand type=deleteBlocksCommand with id=1560466452134 timed out. Retrying.
2019-06-13 22:54:17,852 INFO  commands.RetriableDatanodeEventWatcher (RetriableDatanodeEventWatcher.java:onTimeout(47)) - RetriableDatanodeCommand type=deleteBlocksCommand with id=1560466452144 timed out. Retrying.
2019-06-13 22:54:17,862 INFO  commands.RetriableDatanodeEventWatcher (RetriableDatanodeEventWatcher.java:onTimeout(47)) - RetriableDatanodeCommand type=deleteBlocksCommand with id=1560466452154 timed out. Retrying.
2019-06-13 22:54:17,870 DEBUG block.SCMBlockDeletingService (SCMBlockDeletingService.java:call(138)) - Running DeletedBlockTransactionScanner
2019-06-13 22:54:17,870 DEBUG block.SCMBlockDeletingService (SCMBlockDeletingService.java:call(155)) - Scanned deleted blocks log and got 3 delTX to process.
2019-06-13 22:54:17,871 DEBUG block.SCMBlockDeletingService (SCMBlockDeletingService.java:call(171)) - Added delete block command for datanode 85302df8-7a7f-4077-a053-c26dc3d3d65a in the queue, number of delete block transactions: 3, TxID list: 1,2,3
2019-06-13 22:54:17,871 INFO  block.SCMBlockDeletingService (SCMBlockDeletingService.java:call(182)) - Totally added 3 delete blocks command for 1 datanodes, task elapsed time: 0ms
2019-06-13 22:54:17,922 INFO  commands.RetriableDatanodeEventWatcher (RetriableDatanodeEventWatcher.java:onTimeout(47)) - RetriableDatanodeCommand type=deleteBlocksCommand with id=1560466452115 timed out. Retrying.
2019-06-13 22:54:17,933 INFO  commands.RetriableDatanodeEventWatcher (RetriableDatanodeEventWatcher.java:onTimeout(47)) - RetriableDatanodeCommand type=deleteBlocksCommand with id=1560466452125 timed out. Retrying.
2019-06-13 22:54:17,941 INFO  commands.RetriableDatanodeEventWatcher (RetriableDatanodeEventWatcher.java:onTimeout(47)) - RetriableDatanodeCommand type=deleteBlocksCommand with id=1560466452135 timed out. Retrying.
2019-06-13 22:54:17,953 INFO  commands.RetriableDatanodeEventWatcher (RetriableDatanodeEventWatcher.java:onTimeout(47)) - RetriableDatanodeCommand type=deleteBlocksCommand with id=1560466452145 timed out. Retrying.
2019-06-13 22:54:17,963 INFO  commands.RetriableDatanodeEventWatcher (RetriableDatanodeEventWatcher.java:onTimeout(47)) - RetriableDatanodeCommand type=deleteBlocksCommand with id=1560466452155 timed out. Retrying.
2019-06-13 22:54:17,971 DEBUG block.SCMBlockDeletingService (SCMBlockDeletingService.java:call(138)) - Running DeletedBlockTransactionScanner
2019-06-13 22:54:17,971 DEBUG block.SCMBlockDeletingService (SCMBlockDeletingService.java:call(155)) - Scanned deleted blocks log and got 3 delTX to process.
2019-06-13 22:54:17,971 DEBUG block.SCMBlockDeletingService (SCMBlockDeletingService.java:call(171)) - Added delete block command for datanode 85302df8-7a7f-4077-a053-c26dc3d3d65a in the queue, number of delete block transactions: 3, TxID list: 1,2,3
2019-06-13 22:54:17,972 INFO  block.SCMBlockDeletingService (SCMBlockDeletingService.java:call(182)) - Totally added 3 delete blocks command for 1 datanodes, task elapsed time: 1ms
2019-06-13 22:54:18,023 INFO  commands.RetriableDatanodeEventWatcher (RetriableDatanodeEventWatcher.java:onTimeout(47)) - RetriableDatanodeCommand type=deleteBlocksCommand with id=1560466452116 timed out. Retrying.
2019-06-13 22:54:18,034 INFO  commands.RetriableDatanodeEventWatcher (RetriableDatanodeEventWatcher.java:onTimeout(47)) - RetriableDatanodeCommand type=deleteBlocksCommand with id=1560466452126 timed out. Retrying.
2019-06-13 22:54:18,042 INFO  commands.RetriableDatanodeEventWatcher (RetriableDatanodeEventWatcher.java:onTimeout(47)) - RetriableDatanodeCommand type=deleteBlocksCommand with id=1560466452136 timed out. Retrying.
2019-06-13 22:54:18,054 INFO  commands.RetriableDatanodeEventWatcher (RetriableDatanodeEventWatcher.java:onTimeout(47)) - RetriableDatanodeCommand type=deleteBlocksCommand with id=1560466452146 timed out. Retrying.
2019-06-13 22:54:18,064 INFO  commands.RetriableDatanodeEventWatcher (RetriableDatanodeEventWatcher.java:onTimeout(47)) - RetriableDatanodeCommand type=deleteBlocksCommand with id=1560466452156 timed out. Retrying.
2019-06-13 22:54:18,072 DEBUG block.SCMBlockDeletingService (SCMBlockDeletingService.java:call(138)) - Running DeletedBlockTransactionScanner
2019-06-13 22:54:18,072 DEBUG block.SCMBlockDeletingService (SCMBlockDeletingService.java:call(155)) - Scanned deleted blocks log and got 3 delTX to process.
2019-06-13 22:54:18,072 DEBUG block.SCMBlockDeletingService (SCMBlockDeletingService.java:call(171)) - Added delete block command for datanode 85302df8-7a7f-4077-a053-c26dc3d3d65a in the queue, number of delete block transactions: 3, TxID list: 1,2,3
2019-06-13 22:54:18,073 INFO  block.SCMBlockDeletingService (SCMBlockDeletingService.java:call(182)) - Totally added 3 delete blocks command for 1 datanodes, task elapsed time: 1ms
2019-06-13 22:54:18,110 INFO  commands.RetriableDatanodeEventWatcher (RetriableDatanodeEventWatcher.java:onTimeout(47)) - RetriableDatanodeCommand type=deleteBlocksCommand with id=1560466452107 timed out. Retrying.
2019-06-13 22:54:18,125 INFO  commands.RetriableDatanodeEventWatcher (RetriableDatanodeEventWatcher.java:onTimeout(47)) - RetriableDatanodeCommand type=deleteBlocksCommand with id=1560466452117 timed out. Retrying.
2019-06-13 22:54:18,134 INFO  commands.RetriableDatanodeEventWatcher (RetriableDatanodeEventWatcher.java:onTimeout(47)) - RetriableDatanodeCommand type=deleteBlocksCommand with id=1560466452127 timed out. Retrying.
2019-06-13 22:54:18,144 INFO  commands.RetriableDatanodeEventWatcher (RetriableDatanodeEventWatcher.java:onTimeout(47)) - RetriableDatanodeCommand type=deleteBlocksCommand with id=1560466452137 timed out. Retrying.
2019-06-13 22:54:18,156 INFO  commands.RetriableDatanodeEventWatcher (RetriableDatanodeEventWatcher.java:onTimeout(47)) - RetriableDatanodeCommand type=deleteBlocksCommand with id=1560466452147 timed out. Retrying.
2019-06-13 22:54:18,165 INFO  commands.RetriableDatanodeEventWatcher (RetriableDatanodeEventWatcher.java:onTimeout(47)) - RetriableDatanodeCommand type=deleteBlocksCommand with id=1560466452157 timed out. Retrying.
2019-06-13 22:54:18,173 DEBUG block.SCMBlockDeletingService (SCMBlockDeletingService.java:call(138)) - Running DeletedBlockTransactionScanner
2019-06-13 22:54:18,194 DEBUG block.SCMBlockDeletingService (SCMBlockDeletingService.java:call(155)) - Scanned deleted blocks log and got 3 delTX to process.
2019-06-13 22:54:18,194 DEBUG block.SCMBlockDeletingService (SCMBlockDeletingService.java:call(171)) - Added delete block command for datanode 85302df8-7a7f-4077-a053-c26dc3d3d65a in the queue, number of delete block transactions: 3, TxID list: 1,2,3
2019-06-13 22:54:18,194 INFO  block.SCMBlockDeletingService (SCMBlockDeletingService.java:call(182)) - Totally added 3 delete blocks command for 1 datanodes, task elapsed time: 22ms
2019-06-13 22:54:18,214 INFO  commands.RetriableDatanodeEventWatcher (RetriableDatanodeEventWatcher.java:onTimeout(47)) - RetriableDatanodeCommand type=deleteBlocksCommand with id=1560466452108 timed out. Retrying.
2019-06-13 22:54:18,227 INFO  commands.RetriableDatanodeEventWatcher (RetriableDatanodeEventWatcher.java:onTimeout(47)) - RetriableDatanodeCommand type=deleteBlocksCommand with id=1560466452118 timed out. Retrying.
2019-06-13 22:54:18,235 INFO  commands.RetriableDatanodeEventWatcher (RetriableDatanodeEventWatcher.java:onTimeout(47)) - RetriableDatanodeCommand type=deleteBlocksCommand with id=1560466452128 timed out. Retrying.
2019-06-13 22:54:18,245 INFO  commands.RetriableDatanodeEventWatcher (RetriableDatanodeEventWatcher.java:onTimeout(47)) - RetriableDatanodeCommand type=deleteBlocksCommand with id=1560466452138 timed out. Retrying.
2019-06-13 22:54:18,256 INFO  commands.RetriableDatanodeEventWatcher (RetriableDatanodeEventWatcher.java:onTimeout(47)) - RetriableDatanodeCommand type=deleteBlocksCommand with id=1560466452148 timed out. Retrying.
2019-06-13 22:54:18,266 INFO  commands.RetriableDatanodeEventWatcher (RetriableDatanodeEventWatcher.java:onTimeout(47)) - RetriableDatanodeCommand type=deleteBlocksCommand with id=1560466452158 timed out. Retrying.
2019-06-13 22:54:18,295 DEBUG block.SCMBlockDeletingService (SCMBlockDeletingService.java:call(138)) - Running DeletedBlockTransactionScanner
2019-06-13 22:54:18,295 DEBUG block.SCMBlockDeletingService (SCMBlockDeletingService.java:call(155)) - Scanned deleted blocks log and got 3 delTX to process.
2019-06-13 22:54:18,295 DEBUG block.SCMBlockDeletingService (SCMBlockDeletingService.java:call(171)) - Added delete block command for datanode 85302df8-7a7f-4077-a053-c26dc3d3d65a in the queue, number of delete block transactions: 3, TxID list: 1,2,3
2019-06-13 22:54:18,295 INFO  block.SCMBlockDeletingService (SCMBlockDeletingService.java:call(182)) - Totally added 3 delete blocks command for 1 datanodes, task elapsed time: 1ms
2019-06-13 22:54:18,316 INFO  commands.RetriableDatanodeEventWatcher (RetriableDatanodeEventWatcher.java:onTimeout(47)) - RetriableDatanodeCommand type=deleteBlocksCommand with id=1560466452109 timed out. Retrying.
2019-06-13 22:54:18,327 INFO  commands.RetriableDatanodeEventWatcher (RetriableDatanodeEventWatcher.java:onTimeout(47)) - RetriableDatanodeCommand type=deleteBlocksCommand with id=1560466452119 timed out. Retrying.
2019-06-13 22:54:18,335 INFO  commands.RetriableDatanodeEventWatcher (RetriableDatanodeEventWatcher.java:onTimeout(47)) - RetriableDatanodeCommand type=deleteBlocksCommand with id=1560466452129 timed out. Retrying.
2019-06-13 22:54:18,347 INFO  commands.RetriableDatanodeEventWatcher (RetriableDatanodeEventWatcher.java:onTimeout(47)) - RetriableDatanodeCommand type=deleteBlocksCommand with id=1560466452139 timed out. Retrying.
2019-06-13 22:54:18,358 INFO  commands.RetriableDatanodeEventWatcher (RetriableDatanodeEventWatcher.java:onTimeout(47)) - RetriableDatanodeCommand type=deleteBlocksCommand with id=1560466452149 timed out. Retrying.
2019-06-13 22:54:18,367 INFO  commands.RetriableDatanodeEventWatcher (RetriableDatanodeEventWatcher.java:onTimeout(47)) - RetriableDatanodeCommand type=deleteBlocksCommand with id=1560466452159 timed out. Retrying.
2019-06-13 22:54:18,396 DEBUG block.SCMBlockDeletingService (SCMBlockDeletingService.java:call(138)) - Running DeletedBlockTransactionScanner
2019-06-13 22:54:18,396 DEBUG block.SCMBlockDeletingService (SCMBlockDeletingService.java:call(155)) - Scanned deleted blocks log and got 3 delTX to process.
2019-06-13 22:54:18,396 DEBUG block.SCMBlockDeletingService (SCMBlockDeletingService.java:call(171)) - Added delete block command for datanode 85302df8-7a7f-4077-a053-c26dc3d3d65a in the queue, number of delete block transactions: 3, TxID list: 1,2,3
2019-06-13 22:54:18,396 INFO  block.SCMBlockDeletingService (SCMBlockDeletingService.java:call(182)) - Totally added 3 delete blocks command for 1 datanodes, task elapsed time: 1ms
2019-06-13 22:54:18,416 INFO  commands.RetriableDatanodeEventWatcher (RetriableDatanodeEventWatcher.java:onTimeout(47)) - RetriableDatanodeCommand type=deleteBlocksCommand with id=1560466452110 timed out. Retrying.
2019-06-13 22:54:18,434 INFO  commands.RetriableDatanodeEventWatcher (RetriableDatanodeEventWatcher.java:onTimeout(47)) - RetriableDatanodeCommand type=deleteBlocksCommand with id=1560466452120 timed out. Retrying.
2019-06-13 22:54:18,436 INFO  commands.RetriableDatanodeEventWatcher (RetriableDatanodeEventWatcher.java:onTimeout(47)) - RetriableDatanodeCommand type=deleteBlocksCommand with id=1560466452130 timed out. Retrying.
2019-06-13 22:54:18,447 INFO  ozone.MiniOzoneClusterImpl (MiniOzoneClusterImpl.java:lambda$waitForClusterToBeReady$0(142)) - Waiting for cluster to be ready. Got 0 of 1 DN Heartbeats.
2019-06-13 22:54:18,448 INFO  commands.RetriableDatanodeEventWatcher (RetriableDatanodeEventWatcher.java:onTimeout(47)) - RetriableDatanodeCommand type=deleteBlocksCommand with id=1560466452140 timed out. Retrying.
2019-06-13 22:54:18,458 INFO  commands.RetriableDatanodeEventWatcher (RetriableDatanodeEventWatcher.java:onTimeout(47)) - RetriableDatanodeCommand type=deleteBlocksCommand with id=1560466452150 timed out. Retrying.
2019-06-13 22:54:18,467 INFO  commands.RetriableDatanodeEventWatcher (RetriableDatanodeEventWatcher.java:onTimeout(47)) - RetriableDatanodeCommand type=deleteBlocksCommand with id=1560466452160 timed out. Retrying.
2019-06-13 22:54:18,496 DEBUG block.SCMBlockDeletingService (SCMBlockDeletingService.java:call(138)) - Running DeletedBlockTransactionScanner
2019-06-13 22:54:18,497 DEBUG block.SCMBlockDeletingService (SCMBlockDeletingService.java:call(155)) - Scanned deleted blocks log and got 3 delTX to process.
2019-06-13 22:54:18,497 DEBUG block.SCMBlockDeletingService (SCMBlockDeletingService.java:call(171)) - Added delete block command for datanode 85302df8-7a7f-4077-a053-c26dc3d3d65a in the queue, number of delete block transactions: 3, TxID list: 1,2,3
2019-06-13 22:54:18,497 INFO  block.SCMBlockDeletingService (SCMBlockDeletingService.java:call(182)) - Totally added 3 delete blocks command for 1 datanodes, task elapsed time: 0ms
2019-06-13 22:54:18,518 INFO  commands.RetriableDatanodeEventWatcher (RetriableDatanodeEventWatcher.java:onTimeout(47)) - RetriableDatanodeCommand type=deleteBlocksCommand with id=1560466452111 timed out. Retrying.
2019-06-13 22:54:18,526 INFO  commands.RetriableDatanodeEventWatcher (RetriableDatanodeEventWatcher.java:onTimeout(47)) - RetriableDatanodeCommand type=deleteBlocksCommand with id=1560466452121 timed out. Retrying.
2019-06-13 22:54:18,539 INFO  commands.RetriableDatanodeEventWatcher (RetriableDatanodeEventWatcher.java:onTimeout(47)) - RetriableDatanodeCommand type=deleteBlocksCommand with id=1560466452131 timed out. Retrying.
2019-06-13 22:54:18,550 INFO  commands.RetriableDatanodeEventWatcher (RetriableDatanodeEventWatcher.java:onTimeout(47)) - RetriableDatanodeCommand type=deleteBlocksCommand with id=1560466452141 timed out. Retrying.
2019-06-13 22:54:18,558 INFO  commands.RetriableDatanodeEventWatcher (RetriableDatanodeEventWatcher.java:onTimeout(47)) - RetriableDatanodeCommand type=deleteBlocksCommand with id=1560466452151 timed out. Retrying.
2019-06-13 22:54:18,568 INFO  commands.RetriableDatanodeEventWatcher (RetriableDatanodeEventWatcher.java:onTimeout(47)) - RetriableDatanodeCommand type=deleteBlocksCommand with id=1560466452161 timed out. Retrying.
2019-06-13 22:54:18,597 DEBUG block.SCMBlockDeletingService (SCMBlockDeletingService.java:call(138)) - Running DeletedBlockTransactionScanner
2019-06-13 22:54:18,598 DEBUG block.SCMBlockDeletingService (SCMBlockDeletingService.java:call(155)) - Scanned deleted blocks log and got 3 delTX to process.
2019-06-13 22:54:18,598 DEBUG block.SCMBlockDeletingService (SCMBlockDeletingService.java:call(171)) - Added delete block command for datanode 85302df8-7a7f-4077-a053-c26dc3d3d65a in the queue, number of delete block transactions: 3, TxID list: 1,2,3
2019-06-13 22:54:18,598 INFO  block.SCMBlockDeletingService (SCMBlockDeletingService.java:call(182)) - Totally added 3 delete blocks command for 1 datanodes, task elapsed time: 1ms
2019-06-13 22:54:18,621 INFO  commands.RetriableDatanodeEventWatcher (RetriableDatanodeEventWatcher.java:onTimeout(47)) - RetriableDatanodeCommand type=deleteBlocksCommand with id=1560466452112 timed out. Retrying.
2019-06-13 22:54:18,629 INFO  commands.RetriableDatanodeEventWatcher (RetriableDatanodeEventWatcher.java:onTimeout(47)) - RetriableDatanodeCommand type=deleteBlocksCommand with id=1560466452122 timed out. Retrying.
2019-06-13 22:54:18,640 INFO  commands.RetriableDatanodeEventWatcher (RetriableDatanodeEventWatcher.java:onTimeout(47)) - RetriableDatanodeCommand type=deleteBlocksCommand with id=1560466452132 timed out. Retrying.
2019-06-13 22:54:18,649 INFO  impl.FollowerState (FollowerState.java:run(101)) - 85302df8-7a7f-4077-a053-c26dc3d3d65a:group-4701ABA8D7D0 changes to CANDIDATE, lastRpcTime:1195, electionTimeout:1195ms
2019-06-13 22:54:18,649 INFO  impl.RoleInfo (RoleInfo.java:shutdownFollowerState(121)) - 85302df8-7a7f-4077-a053-c26dc3d3d65a: shutdown FollowerState
2019-06-13 22:54:18,650 INFO  impl.RaftServerImpl (RaftServerImpl.java:setRole(164)) - 85302df8-7a7f-4077-a053-c26dc3d3d65a:group-4701ABA8D7D0 changes role from FOLLOWER to CANDIDATE at term 1 for changeToCandidate
2019-06-13 22:54:18,650 INFO  impl.RoleInfo (RoleInfo.java:updateAndGet(143)) - 85302df8-7a7f-4077-a053-c26dc3d3d65a: start LeaderElection
2019-06-13 22:54:18,651 INFO  commands.RetriableDatanodeEventWatcher (RetriableDatanodeEventWatcher.java:onTimeout(47)) - RetriableDatanodeCommand type=deleteBlocksCommand with id=1560466452142 timed out. Retrying.
2019-06-13 22:54:18,660 INFO  commands.RetriableDatanodeEventWatcher (RetriableDatanodeEventWatcher.java:onTimeout(47)) - RetriableDatanodeCommand type=deleteBlocksCommand with id=1560466452152 timed out. Retrying.
2019-06-13 22:54:18,669 INFO  commands.RetriableDatanodeEventWatcher (RetriableDatanodeEventWatcher.java:onTimeout(47)) - RetriableDatanodeCommand type=deleteBlocksCommand with id=1560466452162 timed out. Retrying.
2019-06-13 22:54:18,698 DEBUG block.SCMBlockDeletingService (SCMBlockDeletingService.java:call(138)) - Running DeletedBlockTransactionScanner
2019-06-13 22:54:18,699 DEBUG block.SCMBlockDeletingService (SCMBlockDeletingService.java:call(155)) - Scanned deleted blocks log and got 3 delTX to process.
2019-06-13 22:54:18,699 DEBUG block.SCMBlockDeletingService (SCMBlockDeletingService.java:call(171)) - Added delete block command for datanode 85302df8-7a7f-4077-a053-c26dc3d3d65a in the queue, number of delete block transactions: 3, TxID list: 1,2,3
2019-06-13 22:54:18,699 INFO  block.SCMBlockDeletingService (SCMBlockDeletingService.java:call(182)) - Totally added 3 delete blocks command for 1 datanodes, task elapsed time: 1ms
2019-06-13 22:54:18,720 INFO  impl.LeaderElection (LeaderElection.java:askForVotes(181)) - 85302df8-7a7f-4077-a053-c26dc3d3d65a:group-4701ABA8D7D0:LeaderElection2: begin an election at term 2 for 0: [85302df8-7a7f-4077-a053-c26dc3d3d65a:192.168.105.135:43785], old=null
2019-06-13 22:54:18,721 INFO  impl.RoleInfo (RoleInfo.java:shutdownLeaderElection(134)) - 85302df8-7a7f-4077-a053-c26dc3d3d65a: shutdown LeaderElection
2019-06-13 22:54:18,721 INFO  impl.RaftServerImpl (RaftServerImpl.java:setRole(164)) - 85302df8-7a7f-4077-a053-c26dc3d3d65a:group-4701ABA8D7D0 changes role from CANDIDATE to LEADER at term 2 for changeToLeader
2019-06-13 22:54:18,721 INFO  impl.RaftServerImpl (ServerState.java:setLeader(263)) - 85302df8-7a7f-4077-a053-c26dc3d3d65a:group-4701ABA8D7D0 change Leader from null to 85302df8-7a7f-4077-a053-c26dc3d3d65a at term 2 for becomeLeader, leader elected after 3471ms
2019-06-13 22:54:18,721 INFO  server.RaftServerConfigKeys (ConfUtils.java:logGet(43)) - raft.server.staging.catchup.gap = 1000 (default)
2019-06-13 22:54:18,721 INFO  server.RaftServerConfigKeys (ConfUtils.java:logGet(43)) - raft.server.rpc.sleep.time = 25ms (default)
2019-06-13 22:54:18,721 INFO  server.RaftServerConfigKeys (ConfUtils.java:logGet(43)) - raft.server.watch.timeout = 10s (default)
2019-06-13 22:54:18,721 INFO  server.RaftServerConfigKeys (ConfUtils.java:logGet(43)) - raft.server.watch.timeout.denomination = 1s (default)
2019-06-13 22:54:18,721 INFO  impl.RoleInfo (RoleInfo.java:updateAndGet(143)) - 85302df8-7a7f-4077-a053-c26dc3d3d65a: start LeaderState
2019-06-13 22:54:18,722 INFO  commands.RetriableDatanodeEventWatcher (RetriableDatanodeEventWatcher.java:onTimeout(47)) - RetriableDatanodeCommand type=deleteBlocksCommand with id=1560466452113 timed out. Retrying.
RaftLogWorker.java:rollLogSegment(303)) - 85302df8-7a7f-4077-a053-c26dc3d3d65a-RaftLogWorker: Rolling segment log-7231_7292 to index:7292
2019-06-13 22:54:18,722 INFO  commands.RetriableDatanodeEventWatcher (RetriableDatanodeEventWatcher.java:onTimeout(47)) - RetriableDatanodeCommand type=deleteBlocksCommand with id=1560466452113 timed out. Retrying.
2019-06-13 22:54:18,723 INFO  storage.RaftLogWorker (RaftLogWorker.java:execute(433)) - 85302df8-7a7f-4077-a053-c26dc3d3d65a-RaftLogWorker: Rolled log segment from /opt/src/hadoop-ozone/integration-test/target/test-dir/MiniOzoneClusterImpl-550f9ca0-a6d9-4a4a-902f-f07ac81eac7b/datanode-0/data/ratis/5ad10fc2-5a33-4bdd-8958-4701aba8d7d0/current/log_inprogress_7231 to /opt/src/hadoop-ozone/integration-test/target/test-dir/MiniOzoneClusterImpl-550f9ca0-a6d9-4a4a-902f-f07ac81eac7b/datanode-0/data/ratis/5ad10fc2-5a33-4bdd-8958-4701aba8d7d0/current/log_7231-7292
2019-06-13 22:54:18,725 INFO  impl.RaftServerImpl (ServerState.java:setRaftConf(361)) - 85302df8-7a7f-4077-a053-c26dc3d3d65a:group-4701ABA8D7D0 set configuration 7293: [85302df8-7a7f-4077-a053-c26dc3d3d65a:192.168.105.135:43785], old=null at 7293
2019-06-13 22:54:18,741 INFO  commands.RetriableDatanodeEventWatcher (RetriableDatanodeEventWatcher.java:onTimeout(47)) - RetriableDatanodeCommand type=deleteBlocksCommand with id=1560466452133 timed out. Retrying.
2019-06-13 22:54:18,742 INFO  commands.RetriableDatanodeEventWatcher (RetriableDatanodeEventWatcher.java:onTimeout(47)) - RetriableDatanodeCommand type=deleteBlocksCommand with id=1560466452123 timed out. Retrying.
2019-06-13 22:54:18,753 INFO  commands.RetriableDatanodeEventWatcher (RetriableDatanodeEventWatcher.java:onTimeout(47)) - RetriableDatanodeCommand type=deleteBlocksCommand with id=1560466452143 timed out. Retrying.
2019-06-13 22:54:18,760 INFO  commands.RetriableDatanodeEventWatcher (RetriableDatanodeEventWatcher.java:onTimeout(47)) - RetriableDatanodeCommand type=deleteBlocksCommand with id=1560466452153 timed out. Retrying.
2019-06-13 22:54:18,770 INFO  commands.RetriableDatanodeEventWatcher (RetriableDatanodeEventWatcher.java:onTimeout(47)) - RetriableDatanodeCommand type=deleteBlocksCommand with id=1560466452163 timed out. Retrying.
2019-06-13 22:54:18,799 DEBUG block.SCMBlockDeletingService (SCMBlockDeletingService.java:call(138)) - Running DeletedBlockTransactionScanner
2019-06-13 22:54:18,800 DEBUG block.SCMBlockDeletingService (SCMBlockDeletingService.java:call(155)) - Scanned deleted blocks log and got 3 delTX to process.
2019-06-13 22:54:18,800 DEBUG block.SCMBlockDeletingService (SCMBlockDeletingService.java:call(171)) - Added delete block command for datanode 85302df8-7a7f-4077-a053-c26dc3d3d65a in the queue, number of delete block transactions: 3, TxID list: 1,2,3
2019-06-13 22:54:18,800 INFO  block.SCMBlockDeletingService (SCMBlockDeletingService.java:call(182)) - Totally added 3 delete blocks command for 1 datanodes, task elapsed time: 0ms
2019-06-13 22:54:18,815 INFO  storage.RaftLogWorker (RaftLogWorker.java:execute(469)) - 85302df8-7a7f-4077-a053-c26dc3d3d65a-RaftLogWorker: created new log segment /opt/src/hadoop-ozone/integration-test/target/test-dir/MiniOzoneClusterImpl-550f9ca0-a6d9-4a4a-902f-f07ac81eac7b/datanode-0/data/ratis/5ad10fc2-5a33-4bdd-8958-4701aba8d7d0/current/log_inprogress_7293
2019-06-13 22:54:18,820 INFO  commands.RetriableDatanodeEventWatcher (RetriableDatanodeEventWatcher.java:onTimeout(47)) - RetriableDatanodeCommand type=deleteBlocksCommand with id=1560466452114 timed out. Retrying.
2019-06-13 22:54:18,830 INFO  commands.RetriableDatanodeEventWatcher (RetriableDatanodeEventWatcher.java:onTimeout(47)) - RetriableDatanodeCommand type=deleteBlocksCommand with id=1560466452124 timed out. Retrying.
2019-06-13 22:54:18,841 INFO  commands.RetriableDatanodeEventWatcher (RetriableDatanodeEventWatcher.java:onTimeout(47)) - RetriableDatanodeCommand type=deleteBlocksCommand with id=1560466452134 timed out. Retrying.
2019-06-13 22:54:18,852 INFO  commands.RetriableDatanodeEventWatcher (RetriableDatanodeEventWatcher.java:onTimeout(47)) - RetriableDatanodeCommand type=deleteBlocksCommand with id=1560466452144 timed out. Retrying.
2019-06-13 22:54:18,862 INFO  commands.RetriableDatanodeEventWatcher (RetriableDatanodeEventWatcher.java:onTimeout(47)) - RetriableDatanodeCommand type=deleteBlocksCommand with id=1560466452154 timed out. Retrying.
2019-06-13 22:54:18,871 INFO  commands.RetriableDatanodeEventWatcher (RetriableDatanodeEventWatcher.java:onTimeout(47)) - RetriableDatanodeCommand type=deleteBlocksCommand with id=1560466452164 timed out. Retrying.
2019-06-13 22:54:18,900 DEBUG block.SCMBlockDeletingService (SCMBlockDeletingService.java:call(138)) - Running DeletedBlockTransactionScanner
2019-06-13 22:54:18,901 DEBUG block.SCMBlockDeletingService (SCMBlockDeletingService.java:call(155)) - Scanned deleted blocks log and got 3 delTX to process.
2019-06-13 22:54:18,901 DEBUG block.SCMBlockDeletingService (SCMBlockDeletingService.java:call(171)) - Added delete block command for datanode 85302df8-7a7f-4077-a053-c26dc3d3d65a in the queue, number of delete block transactions: 3, TxID list: 1,2,3
2019-06-13 22:54:18,901 INFO  block.SCMBlockDeletingService (SCMBlockDeletingService.java:call(182)) - Totally added 3 delete blocks command for 1 datanodes, task elapsed time: 0ms
2019-06-13 22:54:18,922 INFO  commands.RetriableDatanodeEventWatcher (RetriableDatanodeEventWatcher.java:onTimeout(47)) - RetriableDatanodeCommand type=deleteBlocksCommand with id=1560466452115 timed out. Retrying.
2019-06-13 22:54:18,933 INFO  commands.RetriableDatanodeEventWatcher (RetriableDatanodeEventWatcher.java:onTimeout(47)) - RetriableDatanodeCommand type=deleteBlocksCommand with id=1560466452125 timed out. Retrying.
2019-06-13 22:54:18,942 INFO  commands.RetriableDatanodeEventWatcher (RetriableDatanodeEventWatcher.java:onTimeout(47)) - RetriableDatanodeCommand type=deleteBlocksCommand with id=1560466452135 timed out. Retrying.
2019-06-13 22:54:18,953 INFO  commands.RetriableDatanodeEventWatcher (RetriableDatanodeEventWatcher.java:onTimeout(47)) - RetriableDatanodeCommand type=deleteBlocksCommand with id=1560466452145 timed out. Retrying.
2019-06-13 22:54:18,964 INFO  commands.RetriableDatanodeEventWatcher (RetriableDatanodeEventWatcher.java:onTimeout(47)) - RetriableDatanodeCommand type=deleteBlocksCommand with id=1560466452155 timed out. Retrying.
2019-06-13 22:54:18,972 INFO  commands.RetriableDatanodeEventWatcher (RetriableDatanodeEventWatcher.java:onTimeout(47)) - RetriableDatanodeCommand type=deleteBlocksCommand with id=1560466452165 timed out. Retrying.
2019-06-13 22:54:19,001 DEBUG block.SCMBlockDeletingService (SCMBlockDeletingService.java:call(138)) - Running DeletedBlockTransactionScanner
2019-06-13 22:54:19,002 DEBUG block.SCMBlockDeletingService (SCMBlockDeletingService.java:call(155)) - Scanned deleted blocks log and got 3 delTX to process.
2019-06-13 22:54:19,002 DEBUG block.SCMBlockDeletingService (SCMBlockDeletingService.java:call(171)) - Added delete block command for datanode 85302df8-7a7f-4077-a053-c26dc3d3d65a in the queue, number of delete block transactions: 3, TxID list: 1,2,3
2019-06-13 22:54:19,002 INFO  block.SCMBlockDeletingService (SCMBlockDeletingService.java:call(182)) - Totally added 3 delete blocks command for 1 datanodes, task elapsed time: 0ms
2019-06-13 22:54:19,023 INFO  commands.RetriableDatanodeEventWatcher (RetriableDatanodeEventWatcher.java:onTimeout(47)) - RetriableDatanodeCommand type=deleteBlocksCommand with id=1560466452116 timed out. Retrying.
2019-06-13 22:54:19,035 INFO  commands.RetriableDatanodeEventWatcher (RetriableDatanodeEventWatcher.java:onTimeout(47)) - RetriableDatanodeCommand type=deleteBlocksCommand with id=1560466452126 timed out. Retrying.
2019-06-13 22:54:19,043 INFO  commands.RetriableDatanodeEventWatcher (RetriableDatanodeEventWatcher.java:onTimeout(47)) - RetriableDatanodeCommand type=deleteBlocksCommand with id=1560466452136 timed out. Retrying.
2019-06-13 22:54:19,054 INFO  commands.RetriableDatanodeEventWatcher (RetriableDatanodeEventWatcher.java:onTimeout(47)) - RetriableDatanodeCommand type=deleteBlocksCommand with id=1560466452146 timed out. Retrying.
2019-06-13 22:54:19,065 INFO  commands.RetriableDatanodeEventWatcher (RetriableDatanodeEventWatcher.java:onTimeout(47)) - RetriableDatanodeCommand type=deleteBlocksCommand with id=1560466452156 timed out. Retrying.
2019-06-13 22:54:19,073 INFO  commands.RetriableDatanodeEventWatcher (RetriableDatanodeEventWatcher.java:onTimeout(47)) - RetriableDatanodeCommand type=deleteBlocksCommand with id=1560466452166 timed out. Retrying.
2019-06-13 22:54:19,102 DEBUG block.SCMBlockDeletingService (SCMBlockDeletingService.java:call(138)) - Running DeletedBlockTransactionScanner
2019-06-13 22:54:19,102 DEBUG block.SCMBlockDeletingService (SCMBlockDeletingService.java:call(155)) - Scanned deleted blocks log and got 3 delTX to process.
2019-06-13 22:54:19,103 DEBUG block.SCMBlockDeletingService (SCMBlockDeletingService.java:call(171)) - Added delete block command for datanode 85302df8-7a7f-4077-a053-c26dc3d3d65a in the queue, number of delete block transactions: 3, TxID list: 1,2,3
2019-06-13 22:54:19,103 INFO  block.SCMBlockDeletingService (SCMBlockDeletingService.java:call(182)) - Totally added 3 delete blocks command for 1 datanodes, task elapsed time: 0ms
2019-06-13 22:54:19,110 INFO  commands.RetriableDatanodeEventWatcher (RetriableDatanodeEventWatcher.java:onTimeout(47)) - RetriableDatanodeCommand type=deleteBlocksCommand with id=1560466452107 timed out. Retrying.
2019-06-13 22:54:19,125 INFO  commands.RetriableDatanodeEventWatcher (RetriableDatanodeEventWatcher.java:onTimeout(47)) - RetriableDatanodeCommand type=deleteBlocksCommand with id=1560466452117 timed out. Retrying.
2019-06-13 22:54:19,134 INFO  commands.RetriableDatanodeEventWatcher (RetriableDatanodeEventWatcher.java:onTimeout(47)) - RetriableDatanodeCommand type=deleteBlocksCommand with id=1560466452127 timed out. Retrying.
2019-06-13 22:54:19,144 INFO  commands.RetriableDatanodeEventWatcher (RetriableDatanodeEventWatcher.java:onTimeout(47)) - RetriableDatanodeCommand type=deleteBlocksCommand with id=1560466452137 timed out. Retrying.
2019-06-13 22:54:19,157 INFO  commands.RetriableDatanodeEventWatcher (RetriableDatanodeEventWatcher.java:onTimeout(47)) - RetriableDatanodeCommand type=deleteBlocksCommand with id=1560466452147 timed out. Retrying.
2019-06-13 22:54:19,164 INFO  commands.RetriableDatanodeEventWatcher (RetriableDatanodeEventWatcher.java:onTimeout(47)) - RetriableDatanodeCommand type=deleteBlocksCommand with id=1560466452157 timed out. Retrying.
2019-06-13 22:54:19,194 INFO  commands.RetriableDatanodeEventWatcher (RetriableDatanodeEventWatcher.java:onTimeout(47)) - RetriableDatanodeCommand type=deleteBlocksCommand with id=1560466452167 timed out. Retrying.
2019-06-13 22:54:19,203 DEBUG block.SCMBlockDeletingService (SCMBlockDeletingService.java:call(138)) - Running DeletedBlockTransactionScanner
2019-06-13 22:54:19,203 DEBUG block.SCMBlockDeletingService (SCMBlockDeletingService.java:call(155)) - Scanned deleted blocks log and got 3 delTX to process.
2019-06-13 22:54:19,204 DEBUG block.SCMBlockDeletingService (SCMBlockDeletingService.java:call(171)) - Added delete block command for datanode 85302df8-7a7f-4077-a053-c26dc3d3d65a in the queue, number of delete block transactions: 3, TxID list: 1,2,3
2019-06-13 22:54:19,204 INFO  block.SCMBlockDeletingService (SCMBlockDeletingService.java:call(182)) - Totally added 3 delete blocks command for 1 datanodes, task elapsed time: 1ms
2019-06-13 22:54:19,215 INFO  commands.RetriableDatanodeEventWatcher (RetriableDatanodeEventWatcher.java:onTimeout(47)) - RetriableDatanodeCommand type=deleteBlocksCommand with id=1560466452108 timed out. Retrying.
2019-06-13 22:54:19,227 INFO  commands.RetriableDatanodeEventWatcher (RetriableDatanodeEventWatcher.java:onTimeout(47)) - RetriableDatanodeCommand type=deleteBlocksCommand with id=1560466452118 timed out. Retrying.
2019-06-13 22:54:19,235 INFO  commands.RetriableDatanodeEventWatcher (RetriableDatanodeEventWatcher.java:onTimeout(47)) - RetriableDatanodeCommand type=deleteBlocksCommand with id=1560466452128 timed out. Retrying.
2019-06-13 22:54:19,246 INFO  commands.RetriableDatanodeEventWatcher (RetriableDatanodeEventWatcher.java:onTimeout(47)) - RetriableDatanodeCommand type=deleteBlocksCommand with id=1560466452138 timed out. Retrying.
2019-06-13 22:54:19,256 INFO  commands.RetriableDatanodeEventWatcher (RetriableDatanodeEventWatcher.java:onTimeout(47)) - RetriableDatanodeCommand type=deleteBlocksCommand with id=1560466452148 timed out. Retrying.
2019-06-13 22:54:19,267 INFO  commands.RetriableDatanodeEventWatcher (RetriableDatanodeEventWatcher.java:onTimeout(47)) - RetriableDatanodeCommand type=deleteBlocksCommand with id=1560466452158 timed out. Retrying.
2019-06-13 22:54:19,295 INFO  commands.RetriableDatanodeEventWatcher (RetriableDatanodeEventWatcher.java:onTimeout(47)) - RetriableDatanodeCommand type=deleteBlocksCommand with id=1560466452168 timed out. Retrying.
2019-06-13 22:54:19,304 DEBUG block.SCMBlockDeletingService (SCMBlockDeletingService.java:call(138)) - Running DeletedBlockTransactionScanner
2019-06-13 22:54:19,304 DEBUG block.SCMBlockDeletingService (SCMBlockDeletingService.java:call(155)) - Scanned deleted blocks log and got 3 delTX to process.
2019-06-13 22:54:19,304 DEBUG block.SCMBlockDeletingService (SCMBlockDeletingService.java:call(171)) - Added delete block command for datanode 85302df8-7a7f-4077-a053-c26dc3d3d65a in the queue, number of delete block transactions: 3, TxID list: 1,2,3
2019-06-13 22:54:19,305 INFO  block.SCMBlockDeletingService (SCMBlockDeletingService.java:call(182)) - Totally added 3 delete blocks command for 1 datanodes, task elapsed time: 1ms
2019-06-13 22:54:19,317 INFO  commands.RetriableDatanodeEventWatcher (RetriableDatanodeEventWatcher.java:onTimeout(47)) - RetriableDatanodeCommand type=deleteBlocksCommand with id=1560466452109 timed out. Retrying.
2019-06-13 22:54:19,327 INFO  commands.RetriableDatanodeEventWatcher (RetriableDatanodeEventWatcher.java:onTimeout(47)) - RetriableDatanodeCommand type=deleteBlocksCommand with id=1560466452119 timed out. Retrying.
2019-06-13 22:54:19,335 INFO  commands.RetriableDatanodeEventWatcher (RetriableDatanodeEventWatcher.java:onTimeout(47)) - RetriableDatanodeCommand type=deleteBlocksCommand with id=1560466452129 timed out. Retrying.
2019-06-13 22:54:19,347 INFO  commands.RetriableDatanodeEventWatcher (RetriableDatanodeEventWatcher.java:onTimeout(47)) - RetriableDatanodeCommand type=deleteBlocksCommand with id=1560466452139 timed out. Retrying.
2019-06-13 22:54:19,358 INFO  commands.RetriableDatanodeEventWatcher (RetriableDatanodeEventWatcher.java:onTimeout(47)) - RetriableDatanodeCommand type=deleteBlocksCommand with id=1560466452149 timed out. Retrying.
2019-06-13 22:54:19,367 INFO  commands.RetriableDatanodeEventWatcher (RetriableDatanodeEventWatcher.java:onTimeout(47)) - RetriableDatanodeCommand type=deleteBlocksCommand with id=1560466452159 timed out. Retrying.
2019-06-13 22:54:19,396 INFO  commands.RetriableDatanodeEventWatcher (RetriableDatanodeEventWatcher.java:onTimeout(47)) - RetriableDatanodeCommand type=deleteBlocksCommand with id=1560466452169 timed out. Retrying.
2019-06-13 22:54:19,405 DEBUG block.SCMBlockDeletingService (SCMBlockDeletingService.java:call(138)) - Running DeletedBlockTransactionScanner
2019-06-13 22:54:19,405 DEBUG block.SCMBlockDeletingService (SCMBlockDeletingService.java:call(155)) - Scanned deleted blocks log and got 3 delTX to process.
2019-06-13 22:54:19,405 DEBUG block.SCMBlockDeletingService (SCMBlockDeletingService.java:call(171)) - Added delete block command for datanode 85302df8-7a7f-4077-a053-c26dc3d3d65a in the queue, number of delete block transactions: 3, TxID list: 1,2,3
2019-06-13 22:54:19,406 INFO  block.SCMBlockDeletingService (SCMBlockDeletingService.java:call(182)) - Totally added 3 delete blocks command for 1 datanodes, task elapsed time: 1ms
2019-06-13 22:54:19,417 INFO  commands.RetriableDatanodeEventWatcher (RetriableDatanodeEventWatcher.java:onTimeout(47)) - RetriableDatanodeCommand type=deleteBlocksCommand with id=1560466452110 timed out. Retrying.
2019-06-13 22:54:19,434 INFO  commands.RetriableDatanodeEventWatcher (RetriableDatanodeEventWatcher.java:onTimeout(47)) - RetriableDatanodeCommand type=deleteBlocksCommand with id=1560466452120 timed out. Retrying.
2019-06-13 22:54:19,436 INFO  commands.RetriableDatanodeEventWatcher (RetriableDatanodeEventWatcher.java:onTimeout(47)) - RetriableDatanodeCommand type=deleteBlocksCommand with id=1560466452130 timed out. Retrying.
2019-06-13 22:54:19,447 INFO  ozone.MiniOzoneClusterImpl (MiniOzoneClusterImpl.java:lambda$waitForClusterToBeReady$0(142)) - Waiting for cluster to be ready. Got 0 of 1 DN Heartbeats.
2019-06-13 22:54:19,449 INFO  commands.RetriableDatanodeEventWatcher (RetriableDatanodeEventWatcher.java:onTimeout(47)) - RetriableDatanodeCommand type=deleteBlocksCommand with id=1560466452140 timed out. Retrying.
2019-06-13 22:54:19,452 INFO  block.SCMBlockDeletingService (SCMBlockDeletingService.java:handlePendingDeletes(115)) - Block deletion txnID mismatch in datanode 85302df8-7a7f-4077-a053-c26dc3d3d65a for containerID 1. Datanode delete txnID: 0, SCM txnID: 1
2019-06-13 22:54:19,452 INFO  block.SCMBlockDeletingService (SCMBlockDeletingService.java:handlePendingDeletes(115)) - Block deletion txnID mismatch in datanode 85302df8-7a7f-4077-a053-c26dc3d3d65a for containerID 2. Datanode delete txnID: 0, SCM txnID: 2
2019-06-13 22:54:19,452 INFO  block.SCMBlockDeletingService (SCMBlockDeletingService.java:handlePendingDeletes(115)) - Block deletion txnID mismatch in datanode 85302df8-7a7f-4077-a053-c26dc3d3d65a for containerID 3. Datanode delete txnID: 0, SCM txnID: 3
2019-06-13 22:54:19,458 INFO  commands.RetriableDatanodeEventWatcher (RetriableDatanodeEventWatcher.java:onTimeout(47)) - RetriableDatanodeCommand type=deleteBlocksCommand with id=1560466452150 timed out. Retrying.
2019-06-13 22:54:19,468 INFO  commands.RetriableDatanodeEventWatcher (RetriableDatanodeEventWatcher.java:onTimeout(47)) - RetriableDatanodeCommand type=deleteBlocksCommand with id=1560466452160 timed out. Retrying.
2019-06-13 22:54:19,497 INFO  commands.RetriableDatanodeEventWatcher (RetriableDatanodeEventWatcher.java:onTimeout(47)) - RetriableDatanodeCommand type=deleteBlocksCommand with id=1560466452170 timed out. Retrying.
2019-06-13 22:54:19,506 DEBUG block.SCMBlockDeletingService (SCMBlockDeletingService.java:call(138)) - Running DeletedBlockTransactionScanner
2019-06-13 22:54:19,506 DEBUG block.SCMBlockDeletingService (SCMBlockDeletingService.java:call(155)) - Scanned deleted blocks log and got 3 delTX to process.
2019-06-13 22:54:19,506 DEBUG block.SCMBlockDeletingService (SCMBlockDeletingService.java:call(171)) - Added delete block command for datanode 85302df8-7a7f-4077-a053-c26dc3d3d65a in the queue, number of delete block transactions: 3, TxID list: 1,2,3
2019-06-13 22:54:19,507 INFO  block.SCMBlockDeletingService (SCMBlockDeletingService.java:call(182)) - Totally added 3 delete blocks command for 1 datanodes, task elapsed time: 1ms
2019-06-13 22:54:19,519 INFO  commands.RetriableDatanodeEventWatcher (RetriableDatanodeEventWatcher.java:onTimeout(47)) - RetriableDatanodeCommand type=deleteBlocksCommand with id=1560466452111 timed out. Retrying.
2019-06-13 22:54:19,527 INFO  commands.RetriableDatanodeEventWatcher (RetriableDatanodeEventWatcher.java:onTimeout(47)) - RetriableDatanodeCommand type=deleteBlocksCommand with id=1560466452121 timed out. Retrying.
2019-06-13 22:54:19,539 INFO  commands.RetriableDatanodeEventWatcher (RetriableDatanodeEventWatcher.java:onTimeout(47)) - RetriableDatanodeCommand type=deleteBlocksCommand with id=1560466452131 timed out. Retrying.
2019-06-13 22:54:19,551 INFO  commands.RetriableDatanodeEventWatcher (RetriableDatanodeEventWatcher.java:onTimeout(47)) - RetriableDatanodeCommand type=deleteBlocksCommand with id=1560466452141 timed out. Retrying.
2019-06-13 22:54:19,559 INFO  commands.RetriableDatanodeEventWatcher (RetriableDatanodeEventWatcher.java:onTimeout(47)) - RetriableDatanodeCommand type=deleteBlocksCommand with id=1560466452151 timed out. Retrying.
2019-06-13 22:54:19,568 INFO  commands.RetriableDatanodeEventWatcher (RetriableDatanodeEventWatcher.java:onTimeout(47)) - RetriableDatanodeCommand type=deleteBlocksCommand with id=1560466452161 timed out. Retrying.
2019-06-13 22:54:19,598 INFO  commands.RetriableDatanodeEventWatcher (RetriableDatanodeEventWatcher.java:onTimeout(47)) - RetriableDatanodeCommand type=deleteBlocksCommand with id=1560466452171 timed out. Retrying.
2019-06-13 22:54:19,607 DEBUG block.SCMBlockDeletingService (SCMBlockDeletingService.java:call(138)) - Running DeletedBlockTransactionScanner
2019-06-13 22:54:19,607 DEBUG block.SCMBlockDeletingService (SCMBlockDeletingService.java:call(155)) - Scanned deleted blocks log and got 3 delTX to process.
2019-06-13 22:54:19,607 DEBUG block.SCMBlockDeletingService (SCMBlockDeletingService.java:call(171)) - Added delete block command for datanode 85302df8-7a7f-4077-a053-c26dc3d3d65a in the queue, number of delete block transactions: 3, TxID list: 1,2,3
2019-06-13 22:54:19,608 INFO  block.SCMBlockDeletingService (SCMBlockDeletingService.java:call(182)) - Totally added 3 delete blocks command for 1 datanodes, task elapsed time: 1ms
2019-06-13 22:54:19,621 INFO  commands.RetriableDatanodeEventWatcher (RetriableDatanodeEventWatcher.java:onTimeout(47)) - RetriableDatanodeCommand type=deleteBlocksCommand with id=1560466452112 timed out. Retrying.
2019-06-13 22:54:19,629 INFO  commands.RetriableDatanodeEventWatcher (RetriableDatanodeEventWatcher.java:onTimeout(47)) - RetriableDatanodeCommand type=deleteBlocksCommand with id=1560466452122 timed out. Retrying.
2019-06-13 22:54:19,641 INFO  commands.RetriableDatanodeEventWatcher (RetriableDatanodeEventWatcher.java:onTimeout(47)) - RetriableDatanodeCommand type=deleteBlocksCommand with id=1560466452132 timed out. Retrying.
2019-06-13 22:54:19,652 INFO  commands.RetriableDatanodeEventWatcher (RetriableDatanodeEventWatcher.java:onTimeout(47)) - RetriableDatanodeCommand type=deleteBlocksCommand with id=1560466452142 timed out. Retrying.
2019-06-13 22:54:19,660 INFO  commands.RetriableDatanodeEventWatcher (RetriableDatanodeEventWatcher.java:onTimeout(47)) - RetriableDatanodeCommand type=deleteBlocksCommand with id=1560466452152 timed out. Retrying.
2019-06-13 22:54:19,669 INFO  commands.RetriableDatanodeEventWatcher (RetriableDatanodeEventWatcher.java:onTimeout(47)) - RetriableDatanodeCommand type=deleteBlocksCommand with id=1560466452162 timed out. Retrying.
2019-06-13 22:54:19,699 INFO  commands.RetriableDatanodeEventWatcher (RetriableDatanodeEventWatcher.java:onTimeout(47)) - RetriableDatanodeCommand type=deleteBlocksCommand with id=1560466452172 timed out. Retrying.
2019-06-13 22:54:19,708 DEBUG block.SCMBlockDeletingService (SCMBlockDeletingService.java:call(138)) - Running DeletedBlockTransactionScanner
2019-06-13 22:54:19,708 DEBUG block.SCMBlockDeletingService (SCMBlockDeletingService.java:call(155)) - Scanned deleted blocks log and got 3 delTX to process.
2019-06-13 22:54:19,708 DEBUG block.SCMBlockDeletingService (SCMBlockDeletingService.java:call(171)) - Added delete block command for datanode 85302df8-7a7f-4077-a053-c26dc3d3d65a in the queue, number of delete block transactions: 3, TxID list: 1,2,3
2019-06-13 22:54:19,709 INFO  block.SCMBlockDeletingService (SCMBlockDeletingService.java:call(182)) - Totally added 3 delete blocks command for 1 datanodes, task elapsed time: 1ms
2019-06-13 22:54:19,724 INFO  commands.RetriableDatanodeEventWatcher (RetriableDatanodeEventWatcher.java:onTimeout(47)) - RetriableDatanodeCommand type=deleteBlocksCommand with id=1560466452113 timed out. Retrying.
2019-06-13 22:54:19,742 INFO  commands.RetriableDatanodeEventWatcher (RetriableDatanodeEventWatcher.java:onTimeout(47)) - RetriableDatanodeCommand type=deleteBlocksCommand with id=1560466452133 timed out. Retrying.
2019-06-13 22:54:19,742 INFO  commands.RetriableDatanodeEventWatcher (RetriableDatanodeEventWatcher.java:onTimeout(47)) - RetriableDatanodeCommand type=deleteBlocksCommand with id=1560466452123 timed out. Retrying.
2019-06-13 22:54:19,754 INFO  commands.RetriableDatanodeEventWatcher (RetriableDatanodeEventWatcher.java:onTimeout(47)) - RetriableDatanodeCommand type=deleteBlocksCommand with id=1560466452143 timed out. Retrying.
2019-06-13 22:54:19,761 INFO  commands.RetriableDatanodeEventWatcher (RetriableDatanodeEventWatcher.java:onTimeout(47)) - RetriableDatanodeCommand type=deleteBlocksCommand with id=1560466452153 timed out. Retrying.
2019-06-13 22:54:19,770 INFO  commands.RetriableDatanodeEventWatcher (RetriableDatanodeEventWatcher.java:onTimeout(47)) - RetriableDatanodeCommand type=deleteBlocksCommand with id=1560466452163 timed out. Retrying.
2019-06-13 22:54:19,800 INFO  commands.RetriableDatanodeEventWatcher (RetriableDatanodeEventWatcher.java:onTimeout(47)) - RetriableDatanodeCommand type=deleteBlocksCommand with id=1560466452173 timed out. Retrying.
2019-06-13 22:54:19,809 DEBUG block.SCMBlockDeletingService (SCMBlockDeletingService.java:call(138)) - Running DeletedBlockTransactionScanner
2019-06-13 22:54:19,809 DEBUG block.SCMBlockDeletingService (SCMBlockDeletingService.java:call(155)) - Scanned deleted blocks log and got 3 delTX to process.
2019-06-13 22:54:19,809 DEBUG block.SCMBlockDeletingService (SCMBlockDeletingService.java:call(171)) - Added delete block command for datanode 85302df8-7a7f-4077-a053-c26dc3d3d65a in the queue, number of delete block transactions: 3, TxID list: 1,2,3
2019-06-13 22:54:19,810 INFO  block.SCMBlockDeletingService (SCMBlockDeletingService.java:call(182)) - Totally added 3 delete blocks command for 1 datanodes, task elapsed time: 1ms
2019-06-13 22:54:19,820 INFO  commands.RetriableDatanodeEventWatcher (RetriableDatanodeEventWatcher.java:onTimeout(47)) - RetriableDatanodeCommand type=deleteBlocksCommand with id=1560466452114 timed out. Retrying.
2019-06-13 22:54:19,831 INFO  commands.RetriableDatanodeEventWatcher (RetriableDatanodeEventWatcher.java:onTimeout(47)) - RetriableDatanodeCommand type=deleteBlocksCommand with id=1560466452124 timed out. Retrying.
2019-06-13 22:54:19,841 INFO  commands.RetriableDatanodeEventWatcher (RetriableDatanodeEventWatcher.java:onTimeout(47)) - RetriableDatanodeCommand type=deleteBlocksCommand with id=1560466452134 timed out. Retrying.
2019-06-13 22:54:19,851 INFO  commands.RetriableDatanodeEventWatcher (RetriableDatanodeEventWatcher.java:onTimeout(47)) - RetriableDatanodeCommand type=deleteBlocksCommand with id=1560466452144 timed out. Retrying.
2019-06-13 22:54:19,863 INFO  commands.RetriableDatanodeEventWatcher (RetriableDatanodeEventWatcher.java:onTimeout(47)) - RetriableDatanodeCommand type=deleteBlocksCommand with id=1560466452154 timed out. Retrying.
2019-06-13 22:54:19,871 INFO  commands.RetriableDatanodeEventWatcher (RetriableDatanodeEventWatcher.java:onTimeout(47)) - RetriableDatanodeCommand type=deleteBlocksCommand with id=1560466452164 timed out. Retrying.
2019-06-13 22:54:19,900 INFO  commands.RetriableDatanodeEventWatcher (RetriableDatanodeEventWatcher.java:onTimeout(47)) - RetriableDatanodeCommand type=deleteBlocksCommand with id=1560466452174 timed out. Retrying.
2019-06-13 22:54:19,910 DEBUG block.SCMBlockDeletingService (SCMBlockDeletingService.java:call(138)) - Running DeletedBlockTransactionScanner
2019-06-13 22:54:19,910 DEBUG block.SCMBlockDeletingService (SCMBlockDeletingService.java:call(155)) - Scanned deleted blocks log and got 3 delTX to process.
2019-06-13 22:54:19,910 DEBUG block.SCMBlockDeletingService (SCMBlockDeletingService.java:call(171)) - Added delete block command for datanode 85302df8-7a7f-4077-a053-c26dc3d3d65a in the queue, number of delete block transactions: 3, TxID list: 1,2,3
2019-06-13 22:54:19,911 INFO  block.SCMBlockDeletingService (SCMBlockDeletingService.java:call(182)) - Totally added 3 delete blocks command for 1 datanodes, task elapsed time: 1ms
2019-06-13 22:54:19,921 INFO  commands.RetriableDatanodeEventWatcher (RetriableDatanodeEventWatcher.java:onTimeout(47)) - RetriableDatanodeCommand type=deleteBlocksCommand with id=1560466452115 timed out. Retrying.
2019-06-13 22:54:19,934 INFO  commands.RetriableDatanodeEventWatcher (RetriableDatanodeEventWatcher.java:onTimeout(47)) - RetriableDatanodeCommand type=deleteBlocksCommand with id=1560466452125 timed out. Retrying.
2019-06-13 22:54:19,942 INFO  commands.RetriableDatanodeEventWatcher (RetriableDatanodeEventWatcher.java:onTimeout(47)) - RetriableDatanodeCommand type=deleteBlocksCommand with id=1560466452135 timed out. Retrying.
2019-06-13 22:54:19,952 INFO  commands.RetriableDatanodeEventWatcher (RetriableDatanodeEventWatcher.java:onTimeout(47)) - RetriableDatanodeCommand type=deleteBlocksCommand with id=1560466452145 timed out. Retrying.
2019-06-13 22:54:19,965 INFO  commands.RetriableDatanodeEventWatcher (RetriableDatanodeEventWatcher.java:onTimeout(47)) - RetriableDatanodeCommand type=deleteBlocksCommand with id=1560466452155 timed out. Retrying.
2019-06-13 22:54:19,972 INFO  commands.RetriableDatanodeEventWatcher (RetriableDatanodeEventWatcher.java:onTimeout(47)) - RetriableDatanodeCommand type=deleteBlocksCommand with id=1560466452165 timed out. Retrying.
2019-06-13 22:54:20,002 INFO  commands.RetriableDatanodeEventWatcher (RetriableDatanodeEventWatcher.java:onTimeout(47)) - RetriableDatanodeCommand type=deleteBlocksCommand with id=1560466452175 timed out. Retrying.
2019-06-13 22:54:20,011 DEBUG block.SCMBlockDeletingService (SCMBlockDeletingService.java:call(138)) - Running DeletedBlockTransactionScanner
2019-06-13 22:54:20,011 DEBUG block.SCMBlockDeletingService (SCMBlockDeletingService.java:call(155)) - Scanned deleted blocks log and got 3 delTX to process.
2019-06-13 22:54:20,011 DEBUG block.SCMBlockDeletingService (SCMBlockDeletingService.java:call(171)) - Added delete block command for datanode 85302df8-7a7f-4077-a053-c26dc3d3d65a in the queue, number of delete block transactions: 3, TxID list: 1,2,3
2019-06-13 22:54:20,012 INFO  block.SCMBlockDeletingService (SCMBlockDeletingService.java:call(182)) - Totally added 3 delete blocks command for 1 datanodes, task elapsed time: 1ms
2019-06-13 22:54:20,022 INFO  commands.RetriableDatanodeEventWatcher (RetriableDatanodeEventWatcher.java:onTimeout(47)) - RetriableDatanodeCommand type=deleteBlocksCommand with id=1560466452116 timed out. Retrying.
2019-06-13 22:54:20,036 INFO  commands.RetriableDatanodeEventWatcher (RetriableDatanodeEventWatcher.java:onTimeout(47)) - RetriableDatanodeCommand type=deleteBlocksCommand with id=1560466452126 timed out. Retrying.
2019-06-13 22:54:20,043 INFO  commands.RetriableDatanodeEventWatcher (RetriableDatanodeEventWatcher.java:onTimeout(47)) - RetriableDatanodeCommand type=deleteBlocksCommand with id=1560466452136 timed out. Retrying.
2019-06-13 22:54:20,053 INFO  commands.RetriableDatanodeEventWatcher (RetriableDatanodeEventWatcher.java:onTimeout(47)) - RetriableDatanodeCommand type=deleteBlocksCommand with id=1560466452146 timed out. Retrying.
2019-06-13 22:54:20,066 INFO  commands.RetriableDatanodeEventWatcher (RetriableDatanodeEventWatcher.java:onTimeout(47)) - RetriableDatanodeCommand type=deleteBlocksCommand with id=1560466452156 timed out. Retrying.
2019-06-13 22:54:20,073 INFO  commands.RetriableDatanodeEventWatcher (RetriableDatanodeEventWatcher.java:onTimeout(47)) - RetriableDatanodeCommand type=deleteBlocksCommand with id=1560466452166 timed out. Retrying.
2019-06-13 22:54:20,102 INFO  commands.RetriableDatanodeEventWatcher (RetriableDatanodeEventWatcher.java:onTimeout(47)) - RetriableDatanodeCommand type=deleteBlocksCommand with id=1560466452176 timed out. Retrying.
2019-06-13 22:54:20,110 INFO  commands.RetriableDatanodeEventWatcher (RetriableDatanodeEventWatcher.java:onTimeout(47)) - RetriableDatanodeCommand type=deleteBlocksCommand with id=1560466452107 timed out. Retrying.
2019-06-13 22:54:20,112 DEBUG block.SCMBlockDeletingService (SCMBlockDeletingService.java:call(138)) - Running DeletedBlockTransactionScanner
2019-06-13 22:54:20,112 DEBUG block.SCMBlockDeletingService (SCMBlockDeletingService.java:call(155)) - Scanned deleted blocks log and got 3 delTX to process.
2019-06-13 22:54:20,112 DEBUG block.SCMBlockDeletingService (SCMBlockDeletingService.java:call(171)) - Added delete block command for datanode 85302df8-7a7f-4077-a053-c26dc3d3d65a in the queue, number of delete block transactions: 3, TxID list: 1,2,3
2019-06-13 22:54:20,112 INFO  block.SCMBlockDeletingService (SCMBlockDeletingService.java:call(182)) - Totally added 3 delete blocks command for 1 datanodes, task elapsed time: 1ms
2019-06-13 22:54:20,125 INFO  commands.RetriableDatanodeEventWatcher (RetriableDatanodeEventWatcher.java:onTimeout(47)) - RetriableDatanodeCommand type=deleteBlocksCommand with id=1560466452117 timed out. Retrying.
2019-06-13 22:54:20,135 INFO  commands.RetriableDatanodeEventWatcher (RetriableDatanodeEventWatcher.java:onTimeout(47)) - RetriableDatanodeCommand type=deleteBlocksCommand with id=1560466452127 timed out. Retrying.
2019-06-13 22:54:20,144 INFO  commands.RetriableDatanodeEventWatcher (RetriableDatanodeEventWatcher.java:onTimeout(47)) - RetriableDatanodeCommand type=deleteBlocksCommand with id=1560466452137 timed out. Retrying.
2019-06-13 22:54:20,158 INFO  commands.RetriableDatanodeEventWatcher (RetriableDatanodeEventWatcher.java:onTimeout(47)) - RetriableDatanodeCommand type=deleteBlocksCommand with id=1560466452147 timed out. Retrying.
2019-06-13 22:54:20,165 INFO  commands.RetriableDatanodeEventWatcher (RetriableDatanodeEventWatcher.java:onTimeout(47)) - RetriableDatanodeCommand type=deleteBlocksCommand with id=1560466452157 timed out. Retrying.
2019-06-13 22:54:20,194 INFO  commands.RetriableDatanodeEventWatcher (RetriableDatanodeEventWatcher.java:onTimeout(47)) - RetriableDatanodeCommand type=deleteBlocksCommand with id=1560466452167 timed out. Retrying.
2019-06-13 22:54:20,204 INFO  commands.RetriableDatanodeEventWatcher (RetriableDatanodeEventWatcher.java:onTimeout(47)) - RetriableDatanodeCommand type=deleteBlocksCommand with id=1560466452177 timed out. Retrying.
2019-06-13 22:54:20,213 DEBUG block.SCMBlockDeletingService (SCMBlockDeletingService.java:call(138)) - Running DeletedBlockTransactionScanner
2019-06-13 22:54:20,213 DEBUG block.SCMBlockDeletingService (SCMBlockDeletingService.java:call(155)) - Scanned deleted blocks log and got 3 delTX to process.
2019-06-13 22:54:20,213 DEBUG block.SCMBlockDeletingService (SCMBlockDeletingService.java:call(171)) - Added delete block command for datanode 85302df8-7a7f-4077-a053-c26dc3d3d65a in the queue, number of delete block transactions: 3, TxID list: 1,2,3
2019-06-13 22:54:20,213 INFO  block.SCMBlockDeletingService (SCMBlockDeletingService.java:call(182)) - Totally added 3 delete blocks command for 1 datanodes, task elapsed time: 1ms
2019-06-13 22:54:20,215 INFO  commands.RetriableDatanodeEventWatcher (RetriableDatanodeEventWatcher.java:onTimeout(47)) - RetriableDatanodeCommand type=deleteBlocksCommand with id=1560466452108 timed out. Retrying.
2019-06-13 22:54:20,227 INFO  commands.RetriableDatanodeEventWatcher (RetriableDatanodeEventWatcher.java:onTimeout(47)) - RetriableDatanodeCommand type=deleteBlocksCommand with id=1560466452118 timed out. Retrying.
2019-06-13 22:54:20,236 INFO  commands.RetriableDatanodeEventWatcher (RetriableDatanodeEventWatcher.java:onTimeout(47)) - RetriableDatanodeCommand type=deleteBlocksCommand with id=1560466452128 timed out. Retrying.
2019-06-13 22:54:20,246 INFO  commands.RetriableDatanodeEventWatcher (RetriableDatanodeEventWatcher.java:onTimeout(47)) - RetriableDatanodeCommand type=deleteBlocksCommand with id=1560466452138 timed out. Retrying.
2019-06-13 22:54:20,255 INFO  commands.RetriableDatanodeEventWatcher (RetriableDatanodeEventWatcher.java:onTimeout(47)) - RetriableDatanodeCommand type=deleteBlocksCommand with id=1560466452148 timed out. Retrying.
2019-06-13 22:54:20,268 INFO  commands.RetriableDatanodeEventWatcher (RetriableDatanodeEventWatcher.java:onTimeout(47)) - RetriableDatanodeCommand type=deleteBlocksCommand with id=1560466452158 timed out. Retrying.
2019-06-13 22:54:20,295 INFO  commands.RetriableDatanodeEventWatcher (RetriableDatanodeEventWatcher.java:onTimeout(47)) - RetriableDatanodeCommand type=deleteBlocksCommand with id=1560466452168 timed out. Retrying.
2019-06-13 22:54:20,304 INFO  commands.RetriableDatanodeEventWatcher (RetriableDatanodeEventWatcher.java:onTimeout(47)) - RetriableDatanodeCommand type=deleteBlocksCommand with id=1560466452178 timed out. Retrying.
2019-06-13 22:54:20,313 DEBUG block.SCMBlockDeletingService (SCMBlockDeletingService.java:call(138)) - Running DeletedBlockTransactionScanner
2019-06-13 22:54:20,314 DEBUG block.SCMBlockDeletingService (SCMBlockDeletingService.java:call(155)) - Scanned deleted blocks log and got 3 delTX to process.
2019-06-13 22:54:20,314 DEBUG block.SCMBlockDeletingService (SCMBlockDeletingService.java:call(171)) - Added delete block command for datanode 85302df8-7a7f-4077-a053-c26dc3d3d65a in the queue, number of delete block transactions: 3, TxID list: 1,2,3
2019-06-13 22:54:20,314 INFO  block.SCMBlockDeletingService (SCMBlockDeletingService.java:call(182)) - Totally added 3 delete blocks command for 1 datanodes, task elapsed time: 0ms
2019-06-13 22:54:20,317 INFO  commands.RetriableDatanodeEventWatcher (RetriableDatanodeEventWatcher.java:onTimeout(47)) - RetriableDatanodeCommand type=deleteBlocksCommand with id=1560466452109 timed out. Retrying.
2019-06-13 22:54:20,326 INFO  commands.RetriableDatanodeEventWatcher (RetriableDatanodeEventWatcher.java:onTimeout(47)) - RetriableDatanodeCommand type=deleteBlocksCommand with id=1560466452119 timed out. Retrying.
2019-06-13 22:54:20,336 INFO  commands.RetriableDatanodeEventWatcher (RetriableDatanodeEventWatcher.java:onTimeout(47)) - RetriableDatanodeCommand type=deleteBlocksCommand with id=1560466452129 timed out. Retrying.
2019-06-13 22:54:20,348 INFO  commands.RetriableDatanodeEventWatcher (RetriableDatanodeEventWatcher.java:onTimeout(47)) - RetriableDatanodeCommand type=deleteBlocksCommand with id=1560466452139 timed out. Retrying.
2019-06-13 22:54:20,357 INFO  commands.RetriableDatanodeEventWatcher (RetriableDatanodeEventWatcher.java:onTimeout(47)) - RetriableDatanodeCommand type=deleteBlocksCommand with id=1560466452149 timed out. Retrying.
2019-06-13 22:54:20,367 INFO  commands.RetriableDatanodeEventWatcher (RetriableDatanodeEventWatcher.java:onTimeout(47)) - RetriableDatanodeCommand type=deleteBlocksCommand with id=1560466452159 timed out. Retrying.
2019-06-13 22:54:20,397 INFO  commands.RetriableDatanodeEventWatcher (RetriableDatanodeEventWatcher.java:onTimeout(47)) - RetriableDatanodeCommand type=deleteBlocksCommand with id=1560466452169 timed out. Retrying.
2019-06-13 22:54:20,406 INFO  commands.RetriableDatanodeEventWatcher (RetriableDatanodeEventWatcher.java:onTimeout(47)) - RetriableDatanodeCommand type=deleteBlocksCommand with id=1560466452179 timed out. Retrying.
2019-06-13 22:54:20,414 DEBUG block.SCMBlockDeletingService (SCMBlockDeletingService.java:call(138)) - Running DeletedBlockTransactionScanner
2019-06-13 22:54:20,415 DEBUG block.SCMBlockDeletingService (SCMBlockDeletingService.java:call(155)) - Scanned deleted blocks log and got 3 delTX to process.
2019-06-13 22:54:20,415 DEBUG block.SCMBlockDeletingService (SCMBlockDeletingService.java:call(171)) - Added delete block command for datanode 85302df8-7a7f-4077-a053-c26dc3d3d65a in the queue, number of delete block transactions: 3, TxID list: 1,2,3
2019-06-13 22:54:20,415 INFO  block.SCMBlockDeletingService (SCMBlockDeletingService.java:call(182)) - Totally added 3 delete blocks command for 1 datanodes, task elapsed time: 0ms
2019-06-13 22:54:20,417 INFO  commands.RetriableDatanodeEventWatcher (RetriableDatanodeEventWatcher.java:onTimeout(47)) - RetriableDatanodeCommand type=deleteBlocksCommand with id=1560466452110 timed out. Retrying.
2019-06-13 22:54:20,434 INFO  commands.RetriableDatanodeEventWatcher (RetriableDatanodeEventWatcher.java:onTimeout(47)) - RetriableDatanodeCommand type=deleteBlocksCommand with id=1560466452120 timed out. Retrying.
2019-06-13 22:54:20,437 INFO  commands.RetriableDatanodeEventWatcher (RetriableDatanodeEventWatcher.java:onTimeout(47)) - RetriableDatanodeCommand type=deleteBlocksCommand with id=1560466452130 timed out. Retrying.
2019-06-13 22:54:20,448 INFO  ozone.MiniOzoneClusterImpl (MiniOzoneClusterImpl.java:lambda$waitForClusterToBeReady$0(142)) - Waiting for cluster to be ready. Got 0 of 1 DN Heartbeats.
2019-06-13 22:54:20,449 INFO  commands.RetriableDatanodeEventWatcher (RetriableDatanodeEventWatcher.java:onTimeout(47)) - RetriableDatanodeCommand type=deleteBlocksCommand with id=1560466452140 timed out. Retrying.
2019-06-13 22:54:20,458 INFO  commands.RetriableDatanodeEventWatcher (RetriableDatanodeEventWatcher.java:onTimeout(47)) - RetriableDatanodeCommand type=deleteBlocksCommand with id=1560466452150 timed out. Retrying.
2019-06-13 22:54:20,468 INFO  commands.RetriableDatanodeEventWatcher (RetriableDatanodeEventWatcher.java:onTimeout(47)) - RetriableDatanodeCommand type=deleteBlocksCommand with id=1560466452160 timed out. Retrying.
2019-06-13 22:54:20,497 INFO  commands.RetriableDatanodeEventWatcher (RetriableDatanodeEventWatcher.java:onTimeout(47)) - RetriableDatanodeCommand type=deleteBlocksCommand with id=1560466452170 timed out. Retrying.
2019-06-13 22:54:20,507 INFO  commands.RetriableDatanodeEventWatcher (RetriableDatanodeEventWatcher.java:onTimeout(47)) - RetriableDatanodeCommand type=deleteBlocksCommand with id=1560466452180 timed out. Retrying.
2019-06-13 22:54:20,515 DEBUG block.SCMBlockDeletingService (SCMBlockDeletingService.java:call(138)) - Running DeletedBlockTransactionScanner
2019-06-13 22:54:20,515 DEBUG block.SCMBlockDeletingService (SCMBlockDeletingService.java:call(155)) - Scanned deleted blocks log and got 3 delTX to process.
2019-06-13 22:54:20,516 DEBUG block.SCMBlockDeletingService (SCMBlockDeletingService.java:call(171)) - Added delete block command for datanode 85302df8-7a7f-4077-a053-c26dc3d3d65a in the queue, number of delete block transactions: 3, TxID list: 1,2,3
2019-06-13 22:54:20,516 INFO  block.SCMBlockDeletingService (SCMBlockDeletingService.java:call(182)) - Totally added 3 delete blocks command for 1 datanodes, task elapsed time: 1ms
2019-06-13 22:54:20,519 INFO  commands.RetriableDatanodeEventWatcher (RetriableDatanodeEventWatcher.java:onTimeout(47)) - RetriableDatanodeCommand type=deleteBlocksCommand with id=1560466452111 timed out. Retrying.
2019-06-13 22:54:20,527 INFO  commands.RetriableDatanodeEventWatcher (RetriableDatanodeEventWatcher.java:onTimeout(47)) - RetriableDatanodeCommand type=deleteBlocksCommand with id=1560466452121 timed out. Retrying.
2019-06-13 22:54:20,540 INFO  commands.RetriableDatanodeEventWatcher (RetriableDatanodeEventWatcher.java:onTimeout(47)) - RetriableDatanodeCommand type=deleteBlocksCommand with id=1560466452131 timed out. Retrying.
2019-06-13 22:54:20,550 INFO  commands.RetriableDatanodeEventWatcher (RetriableDatanodeEventWatcher.java:onTimeout(47)) - RetriableDatanodeCommand type=deleteBlocksCommand with id=1560466452141 timed out. Retrying.
2019-06-13 22:54:20,559 INFO  commands.RetriableDatanodeEventWatcher (RetriableDatanodeEventWatcher.java:onTimeout(47)) - RetriableDatanodeCommand type=deleteBlocksCommand with id=1560466452151 timed out. Retrying.
2019-06-13 22:54:20,569 INFO  commands.RetriableDatanodeEventWatcher (RetriableDatanodeEventWatcher.java:onTimeout(47)) - RetriableDatanodeCommand type=deleteBlocksCommand with id=1560466452161 timed out. Retrying.
2019-06-13 22:54:20,597 INFO  commands.RetriableDatanodeEventWatcher (RetriableDatanodeEventWatcher.java:onTimeout(47)) - RetriableDatanodeCommand type=deleteBlocksCommand with id=1560466452171 timed out. Retrying.
2019-06-13 22:54:20,608 INFO  commands.RetriableDatanodeEventWatcher (RetriableDatanodeEventWatcher.java:onTimeout(47)) - RetriableDatanodeCommand type=deleteBlocksCommand with id=1560466452181 timed out. Retrying.
2019-06-13 22:54:20,616 DEBUG block.SCMBlockDeletingService (SCMBlockDeletingService.java:call(138)) - Running DeletedBlockTransactionScanner
2019-06-13 22:54:20,616 DEBUG block.SCMBlockDeletingService (SCMBlockDeletingService.java:call(155)) - Scanned deleted blocks log and got 3 delTX to process.
2019-06-13 22:54:20,616 DEBUG block.SCMBlockDeletingService (SCMBlockDeletingService.java:call(171)) - Added delete block command for datanode 85302df8-7a7f-4077-a053-c26dc3d3d65a in the queue, number of delete block transactions: 3, TxID list: 1,2,3
2019-06-13 22:54:20,617 INFO  block.SCMBlockDeletingService (SCMBlockDeletingService.java:call(182)) - Totally added 3 delete blocks command for 1 datanodes, task elapsed time: 1ms
2019-06-13 22:54:20,622 INFO  commands.RetriableDatanodeEventWatcher (RetriableDatanodeEventWatcher.java:onTimeout(47)) - RetriableDatanodeCommand type=deleteBlocksCommand with id=1560466452112 timed out. Retrying.
2019-06-13 22:54:20,629 INFO  commands.RetriableDatanodeEventWatcher (RetriableDatanodeEventWatcher.java:onTimeout(47)) - RetriableDatanodeCommand type=deleteBlocksCommand with id=1560466452122 timed out. Retrying.
2019-06-13 22:54:20,642 INFO  commands.RetriableDatanodeEventWatcher (RetriableDatanodeEventWatcher.java:onTimeout(47)) - RetriableDatanodeCommand type=deleteBlocksCommand with id=1560466452132 timed out. Retrying.
2019-06-13 22:54:20,652 INFO  commands.RetriableDatanodeEventWatcher (RetriableDatanodeEventWatcher.java:onTimeout(47)) - RetriableDatanodeCommand type=deleteBlocksCommand with id=1560466452142 timed out. Retrying.
2019-06-13 22:54:20,661 INFO  commands.RetriableDatanodeEventWatcher (RetriableDatanodeEventWatcher.java:onTimeout(47)) - RetriableDatanodeCommand type=deleteBlocksCommand with id=1560466452152 timed out. Retrying.
2019-06-13 22:54:20,670 INFO  commands.RetriableDatanodeEventWatcher (RetriableDatanodeEventWatcher.java:onTimeout(47)) - RetriableDatanodeCommand type=deleteBlocksCommand with id=1560466452162 timed out. Retrying.
2019-06-13 22:54:20,699 INFO  commands.RetriableDatanodeEventWatcher (RetriableDatanodeEventWatcher.java:onTimeout(47)) - RetriableDatanodeCommand type=deleteBlocksCommand with id=1560466452172 timed out. Retrying.
2019-06-13 22:54:20,709 INFO  commands.RetriableDatanodeEventWatcher (RetriableDatanodeEventWatcher.java:onTimeout(47)) - RetriableDatanodeCommand type=deleteBlocksCommand with id=1560466452182 timed out. Retrying.
2019-06-13 22:54:20,717 DEBUG block.SCMBlockDeletingService (SCMBlockDeletingService.java:call(138)) - Running DeletedBlockTransactionScanner
2019-06-13 22:54:20,717 DEBUG block.SCMBlockDeletingService (SCMBlockDeletingService.java:call(155)) - Scanned deleted blocks log and got 3 delTX to process.
2019-06-13 22:54:20,717 DEBUG block.SCMBlockDeletingService (SCMBlockDeletingService.java:call(171)) - Added delete block command for datanode 85302df8-7a7f-4077-a053-c26dc3d3d65a in the queue, number of delete block transactions: 3, TxID list: 1,2,3
2019-06-13 22:54:20,717 INFO  block.SCMBlockDeletingService (SCMBlockDeletingService.java:call(182)) - Totally added 3 delete blocks command for 1 datanodes, task elapsed time: 1ms
2019-06-13 22:54:20,723 INFO  commands.RetriableDatanodeEventWatcher (RetriableDatanodeEventWatcher.java:onTimeout(47)) - RetriableDatanodeCommand type=deleteBlocksCommand with id=1560466452113 timed out. Retrying.
2019-06-13 22:54:20,743 INFO  commands.RetriableDatanodeEventWatcher (RetriableDatanodeEventWatcher.java:onTimeout(47)) - RetriableDatanodeCommand type=deleteBlocksCommand with id=1560466452133 timed out. Retrying.
2019-06-13 22:54:20,743 INFO  commands.RetriableDatanodeEventWatcher (RetriableDatanodeEventWatcher.java:onTimeout(47)) - RetriableDatanodeCommand type=deleteBlocksCommand with id=1560466452123 timed out. Retrying.
2019-06-13 22:54:20,753 INFO  commands.RetriableDatanodeEventWatcher (RetriableDatanodeEventWatcher.java:onTimeout(47)) - RetriableDatanodeCommand type=deleteBlocksCommand with id=1560466452143 timed out. Retrying.
2019-06-13 22:54:20,762 INFO  commands.RetriableDatanodeEventWatcher (RetriableDatanodeEventWatcher.java:onTimeout(47)) - RetriableDatanodeCommand type=deleteBlocksCommand with id=1560466452153 timed out. Retrying.
2019-06-13 22:54:20,770 INFO  commands.RetriableDatanodeEventWatcher (RetriableDatanodeEventWatcher.java:onTimeout(47)) - RetriableDatanodeCommand type=deleteBlocksCommand with id=1560466452163 timed out. Retrying.
2019-06-13 22:54:20,800 INFO  commands.RetriableDatanodeEventWatcher (RetriableDatanodeEventWatcher.java:onTimeout(47)) - RetriableDatanodeCommand type=deleteBlocksCommand with id=1560466452173 timed out. Retrying.
2019-06-13 22:54:20,809 INFO  commands.RetriableDatanodeEventWatcher (RetriableDatanodeEventWatcher.java:onTimeout(47)) - RetriableDatanodeCommand type=deleteBlocksCommand with id=1560466452183 timed out. Retrying.
2019-06-13 22:54:20,818 DEBUG block.SCMBlockDeletingService (SCMBlockDeletingService.java:call(138)) - Running DeletedBlockTransactionScanner
2019-06-13 22:54:20,818 DEBUG block.SCMBlockDeletingService (SCMBlockDeletingService.java:call(155)) - Scanned deleted blocks log and got 3 delTX to process.
2019-06-13 22:54:20,818 DEBUG block.SCMBlockDeletingService (SCMBlockDeletingService.java:call(171)) - Added delete block command for datanode 85302df8-7a7f-4077-a053-c26dc3d3d65a in the queue, number of delete block transactions: 3, TxID list: 1,2,3
2019-06-13 22:54:20,820 INFO  commands.RetriableDatanodeEventWatcher (RetriableDatanodeEventWatcher.java:onTimeout(47)) - RetriableDatanodeCommand type=deleteBlocksCommand with id=1560466452114 timed out. Retrying.
2019-06-13 22:54:20,821 INFO  block.SCMBlockDeletingService (SCMBlockDeletingService.java:call(182)) - Totally added 3 delete blocks command for 1 datanodes, task elapsed time: 3ms
2019-06-13 22:54:20,831 INFO  commands.RetriableDatanodeEventWatcher (RetriableDatanodeEventWatcher.java:onTimeout(47)) - RetriableDatanodeCommand type=deleteBlocksCommand with id=1560466452124 timed out. Retrying.
2019-06-13 22:54:20,842 INFO  commands.RetriableDatanodeEventWatcher (RetriableDatanodeEventWatcher.java:onTimeout(47)) - RetriableDatanodeCommand type=deleteBlocksCommand with id=1560466452134 timed out. Retrying.
2019-06-13 22:54:20,851 INFO  commands.RetriableDatanodeEventWatcher (RetriableDatanodeEventWatcher.java:onTimeout(47)) - RetriableDatanodeCommand type=deleteBlocksCommand with id=1560466452144 timed out. Retrying.
2019-06-13 22:54:20,863 INFO  commands.RetriableDatanodeEventWatcher (RetriableDatanodeEventWatcher.java:onTimeout(47)) - RetriableDatanodeCommand type=deleteBlocksCommand with id=1560466452154 timed out. Retrying.
2019-06-13 22:54:20,872 INFO  commands.RetriableDatanodeEventWatcher (RetriableDatanodeEventWatcher.java:onTimeout(47)) - RetriableDatanodeCommand type=deleteBlocksCommand with id=1560466452164 timed out. Retrying.
2019-06-13 22:54:20,901 INFO  commands.RetriableDatanodeEventWatcher (RetriableDatanodeEventWatcher.java:onTimeout(47)) - RetriableDatanodeCommand type=deleteBlocksCommand with id=1560466452174 timed out. Retrying.
2019-06-13 22:54:20,911 INFO  commands.RetriableDatanodeEventWatcher (RetriableDatanodeEventWatcher.java:onTimeout(47)) - RetriableDatanodeCommand type=deleteBlocksCommand with id=1560466452184 timed out. Retrying.
2019-06-13 22:54:20,921 DEBUG block.SCMBlockDeletingService (SCMBlockDeletingService.java:call(138)) - Running DeletedBlockTransactionScanner
2019-06-13 22:54:20,922 DEBUG block.SCMBlockDeletingService (SCMBlockDeletingService.java:call(155)) - Scanned deleted blocks log and got 3 delTX to process.
2019-06-13 22:54:20,922 DEBUG block.SCMBlockDeletingService (SCMBlockDeletingService.java:call(171)) - Added delete block command for datanode 85302df8-7a7f-4077-a053-c26dc3d3d65a in the queue, number of delete block transactions: 3, TxID list: 1,2,3
2019-06-13 22:54:20,922 INFO  commands.RetriableDatanodeEventWatcher (RetriableDatanodeEventWatcher.java:onTimeout(47)) - RetriableDatanodeCommand type=deleteBlocksCommand with id=1560466452115 timed out. Retrying.
2019-06-13 22:54:20,922 INFO  block.SCMBlockDeletingService (SCMBlockDeletingService.java:call(182)) - Totally added 3 delete blocks command for 1 datanodes, task elapsed time: 1ms
2019-06-13 22:54:20,934 INFO  commands.RetriableDatanodeEventWatcher (RetriableDatanodeEventWatcher.java:onTimeout(47)) - RetriableDatanodeCommand type=deleteBlocksCommand with id=1560466452125 timed out. Retrying.
2019-06-13 22:54:20,943 INFO  commands.RetriableDatanodeEventWatcher (RetriableDatanodeEventWatcher.java:onTimeout(47)) - RetriableDatanodeCommand type=deleteBlocksCommand with id=1560466452135 timed out. Retrying.
2019-06-13 22:54:20,953 INFO  commands.RetriableDatanodeEventWatcher (RetriableDatanodeEventWatcher.java:onTimeout(47)) - RetriableDatanodeCommand type=deleteBlocksCommand with id=1560466452145 timed out. Retrying.
2019-06-13 22:54:20,965 INFO  commands.RetriableDatanodeEventWatcher (RetriableDatanodeEventWatcher.java:onTimeout(47)) - RetriableDatanodeCommand type=deleteBlocksCommand with id=1560466452155 timed out. Retrying.
2019-06-13 22:54:20,972 INFO  commands.RetriableDatanodeEventWatcher (RetriableDatanodeEventWatcher.java:onTimeout(47)) - RetriableDatanodeCommand type=deleteBlocksCommand with id=1560466452165 timed out. Retrying.
2019-06-13 22:54:21,003 INFO  commands.RetriableDatanodeEventWatcher (RetriableDatanodeEventWatcher.java:onTimeout(47)) - RetriableDatanodeCommand type=deleteBlocksCommand with id=1560466452175 timed out. Retrying.
2019-06-13 22:54:21,011 INFO  commands.RetriableDatanodeEventWatcher (RetriableDatanodeEventWatcher.java:onTimeout(47)) - RetriableDatanodeCommand type=deleteBlocksCommand with id=1560466452185 timed out. Retrying.
2019-06-13 22:54:21,022 DEBUG block.SCMBlockDeletingService (SCMBlockDeletingService.java:call(138)) - Running DeletedBlockTransactionScanner
2019-06-13 22:54:21,022 DEBUG block.SCMBlockDeletingService (SCMBlockDeletingService.java:call(155)) - Scanned deleted blocks log and got 3 delTX to process.
2019-06-13 22:54:21,023 DEBUG block.SCMBlockDeletingService (SCMBlockDeletingService.java:call(171)) - Added delete block command for datanode 85302df8-7a7f-4077-a053-c26dc3d3d65a in the queue, number of delete block transactions: 3, TxID list: 1,2,3
2019-06-13 22:54:21,023 INFO  commands.RetriableDatanodeEventWatcher (RetriableDatanodeEventWatcher.java:onTimeout(47)) - RetriableDatanodeCommand type=deleteBlocksCommand with id=1560466452116 timed out. Retrying.
2019-06-13 22:54:21,023 INFO  block.SCMBlockDeletingService (SCMBlockDeletingService.java:call(182)) - Totally added 3 delete blocks command for 1 datanodes, task elapsed time: 0ms
2019-06-13 22:54:21,036 INFO  commands.RetriableDatanodeEventWatcher (RetriableDatanodeEventWatcher.java:onTimeout(47)) - RetriableDatanodeCommand type=deleteBlocksCommand with id=1560466452126 timed out. Retrying.
2019-06-13 22:54:21,043 INFO  commands.RetriableDatanodeEventWatcher (RetriableDatanodeEventWatcher.java:onTimeout(47)) - RetriableDatanodeCommand type=deleteBlocksCommand with id=1560466452136 timed out. Retrying.
2019-06-13 22:54:21,054 INFO  commands.RetriableDatanodeEventWatcher (RetriableDatanodeEventWatcher.java:onTimeout(47)) - RetriableDatanodeCommand type=deleteBlocksCommand with id=1560466452146 timed out. Retrying.
2019-06-13 22:54:21,066 INFO  commands.RetriableDatanodeEventWatcher (RetriableDatanodeEventWatcher.java:onTimeout(47)) - RetriableDatanodeCommand type=deleteBlocksCommand with id=1560466452156 timed out. Retrying.
2019-06-13 22:54:21,073 INFO  commands.RetriableDatanodeEventWatcher (RetriableDatanodeEventWatcher.java:onTimeout(47)) - RetriableDatanodeCommand type=deleteBlocksCommand with id=1560466452166 timed out. Retrying.
2019-06-13 22:54:21,103 INFO  commands.RetriableDatanodeEventWatcher (RetriableDatanodeEventWatcher.java:onTimeout(47)) - RetriableDatanodeCommand type=deleteBlocksCommand with id=1560466452176 timed out. Retrying.
2019-06-13 22:54:21,110 INFO  commands.RetriableDatanodeEventWatcher (RetriableDatanodeEventWatcher.java:onTimeout(47)) - RetriableDatanodeCommand type=deleteBlocksCommand with id=1560466452107 timed out. Retrying.
2019-06-13 22:54:21,111 INFO  commands.RetriableDatanodeEventWatcher (RetriableDatanodeEventWatcher.java:onTimeout(47)) - RetriableDatanodeCommand type=deleteBlocksCommand with id=1560466452186 timed out. Retrying.
2019-06-13 22:54:21,123 DEBUG block.SCMBlockDeletingService (SCMBlockDeletingService.java:call(138)) - Running DeletedBlockTransactionScanner
2019-06-13 22:54:21,123 DEBUG block.SCMBlockDeletingService (SCMBlockDeletingService.java:call(155)) - Scanned deleted blocks log and got 3 delTX to process.
2019-06-13 22:54:21,124 DEBUG block.SCMBlockDeletingService (SCMBlockDeletingService.java:call(171)) - Added delete block command for datanode 85302df8-7a7f-4077-a053-c26dc3d3d65a in the queue, number of delete block transactions: 3, TxID list: 1,2,3
2019-06-13 22:54:21,124 INFO  block.SCMBlockDeletingService (SCMBlockDeletingService.java:call(182)) - Totally added 3 delete blocks command for 1 datanodes, task elapsed time: 1ms
2019-06-13 22:54:21,126 INFO  commands.RetriableDatanodeEventWatcher (RetriableDatanodeEventWatcher.java:onTimeout(47)) - RetriableDatanodeCommand type=deleteBlocksCommand with id=1560466452117 timed out. Retrying.
2019-06-13 22:54:21,135 INFO  commands.RetriableDatanodeEventWatcher (RetriableDatanodeEventWatcher.java:onTimeout(47)) - RetriableDatanodeCommand type=deleteBlocksCommand with id=1560466452127 timed out. Retrying.
2019-06-13 22:54:21,143 INFO  commands.RetriableDatanodeEventWatcher (RetriableDatanodeEventWatcher.java:onTimeout(47)) - RetriableDatanodeCommand type=deleteBlocksCommand with id=1560466452137 timed out. Retrying.
2019-06-13 22:54:21,159 INFO  commands.RetriableDatanodeEventWatcher (RetriableDatanodeEventWatcher.java:onTimeout(47)) - RetriableDatanodeCommand type=deleteBlocksCommand with id=1560466452147 timed out. Retrying.
2019-06-13 22:54:21,165 INFO  commands.RetriableDatanodeEventWatcher (RetriableDatanodeEventWatcher.java:onTimeout(47)) - RetriableDatanodeCommand type=deleteBlocksCommand with id=1560466452157 timed out. Retrying.
2019-06-13 22:54:21,194 INFO  commands.RetriableDatanodeEventWatcher (RetriableDatanodeEventWatcher.java:onTimeout(47)) - RetriableDatanodeCommand type=deleteBlocksCommand with id=1560466452167 timed out. Retrying.
2019-06-13 22:54:21,205 INFO  commands.RetriableDatanodeEventWatcher (RetriableDatanodeEventWatcher.java:onTimeout(47)) - RetriableDatanodeCommand type=deleteBlocksCommand with id=1560466452177 timed out. Retrying.
2019-06-13 22:54:21,213 INFO  commands.RetriableDatanodeEventWatcher (RetriableDatanodeEventWatcher.java:onTimeout(47)) - RetriableDatanodeCommand type=deleteBlocksCommand with id=1560466452187 timed out. Retrying.
2019-06-13 22:54:21,215 INFO  commands.RetriableDatanodeEventWatcher (RetriableDatanodeEventWatcher.java:onTimeout(47)) - RetriableDatanodeCommand type=deleteBlocksCommand with id=1560466452108 timed out. Retrying.
2019-06-13 22:54:21,224 DEBUG block.SCMBlockDeletingService (SCMBlockDeletingService.java:call(138)) - Running DeletedBlockTransactionScanner
2019-06-13 22:54:21,224 DEBUG block.SCMBlockDeletingService (SCMBlockDeletingService.java:call(155)) - Scanned deleted blocks log and got 3 delTX to process.
2019-06-13 22:54:21,224 DEBUG block.SCMBlockDeletingService (SCMBlockDeletingService.java:call(171)) - Added delete block command for datanode 85302df8-7a7f-4077-a053-c26dc3d3d65a in the queue, number of delete block transactions: 3, TxID list: 1,2,3
2019-06-13 22:54:21,225 INFO  block.SCMBlockDeletingService (SCMBlockDeletingService.java:call(182)) - Totally added 3 delete blocks command for 1 datanodes, task elapsed time: 1ms
2019-06-13 22:54:21,227 INFO  commands.RetriableDatanodeEventWatcher (RetriableDatanodeEventWatcher.java:onTimeout(47)) - RetriableDatanodeCommand type=deleteBlocksCommand with id=1560466452118 timed out. Retrying.
2019-06-13 22:54:21,236 INFO  commands.RetriableDatanodeEventWatcher (RetriableDatanodeEventWatcher.java:onTimeout(47)) - RetriableDatanodeCommand type=deleteBlocksCommand with id=1560466452128 timed out. Retrying.
2019-06-13 22:54:21,247 INFO  commands.RetriableDatanodeEventWatcher (RetriableDatanodeEventWatcher.java:onTimeout(47)) - RetriableDatanodeCommand type=deleteBlocksCommand with id=1560466452138 timed out. Retrying.
2019-06-13 22:54:21,255 INFO  commands.RetriableDatanodeEventWatcher (RetriableDatanodeEventWatcher.java:onTimeout(47)) - RetriableDatanodeCommand type=deleteBlocksCommand with id=1560466452148 timed out. Retrying.
2019-06-13 22:54:21,268 INFO  commands.RetriableDatanodeEventWatcher (RetriableDatanodeEventWatcher.java:onTimeout(47)) - RetriableDatanodeCommand type=deleteBlocksCommand with id=1560466452158 timed out. Retrying.
2019-06-13 22:54:21,296 INFO  commands.RetriableDatanodeEventWatcher (RetriableDatanodeEventWatcher.java:onTimeout(47)) - RetriableDatanodeCommand type=deleteBlocksCommand with id=1560466452168 timed out. Retrying.
2019-06-13 22:54:21,304 INFO  commands.RetriableDatanodeEventWatcher (RetriableDatanodeEventWatcher.java:onTimeout(47)) - RetriableDatanodeCommand type=deleteBlocksCommand with id=1560466452178 timed out. Retrying.
2019-06-13 22:54:21,314 INFO  commands.RetriableDatanodeEventWatcher (RetriableDatanodeEventWatcher.java:onTimeout(47)) - RetriableDatanodeCommand type=deleteBlocksCommand with id=1560466452188 timed out. Retrying.
2019-06-13 22:54:21,318 INFO  commands.RetriableDatanodeEventWatcher (RetriableDatanodeEventWatcher.java:onTimeout(47)) - RetriableDatanodeCommand type=deleteBlocksCommand with id=1560466452109 timed out. Retrying.
2019-06-13 22:54:21,325 DEBUG block.SCMBlockDeletingService (SCMBlockDeletingService.java:call(138)) - Running DeletedBlockTransactionScanner
2019-06-13 22:54:21,325 DEBUG block.SCMBlockDeletingService (SCMBlockDeletingService.java:call(155)) - Scanned deleted blocks log and got 3 delTX to process.
2019-06-13 22:54:21,325 DEBUG block.SCMBlockDeletingService (SCMBlockDeletingService.java:call(171)) - Added delete block command for datanode 85302df8-7a7f-4077-a053-c26dc3d3d65a in the queue, number of delete block transactions: 3, TxID list: 1,2,3
2019-06-13 22:54:21,325 INFO  block.SCMBlockDeletingService (SCMBlockDeletingService.java:call(182)) - Totally added 3 delete blocks command for 1 datanodes, task elapsed time: 1ms
2019-06-13 22:54:21,327 INFO  commands.RetriableDatanodeEventWatcher (RetriableDatanodeEventWatcher.java:onTimeout(47)) - RetriableDatanodeCommand type=deleteBlocksCommand with id=1560466452119 timed out. Retrying.
2019-06-13 22:54:21,335 INFO  commands.RetriableDatanodeEventWatcher (RetriableDatanodeEventWatcher.java:onTimeout(47)) - RetriableDatanodeCommand type=deleteBlocksCommand with id=1560466452129 timed out. Retrying.
2019-06-13 22:54:21,348 INFO  commands.RetriableDatanodeEventWatcher (RetriableDatanodeEventWatcher.java:onTimeout(47)) - RetriableDatanodeCommand type=deleteBlocksCommand with id=1560466452139 timed out. Retrying.
2019-06-13 22:54:21,358 INFO  commands.RetriableDatanodeEventWatcher (RetriableDatanodeEventWatcher.java:onTimeout(47)) - RetriableDatanodeCommand type=deleteBlocksCommand with id=1560466452149 timed out. Retrying.
2019-06-13 22:54:21,366 INFO  commands.RetriableDatanodeEventWatcher (RetriableDatanodeEventWatcher.java:onTimeout(47)) - RetriableDatanodeCommand type=deleteBlocksCommand with id=1560466452159 timed out. Retrying.
2019-06-13 22:54:21,398 INFO  commands.RetriableDatanodeEventWatcher (RetriableDatanodeEventWatcher.java:onTimeout(47)) - RetriableDatanodeCommand type=deleteBlocksCommand with id=1560466452169 timed out. Retrying.
2019-06-13 22:54:21,406 INFO  commands.RetriableDatanodeEventWatcher (RetriableDatanodeEventWatcher.java:onTimeout(47)) - RetriableDatanodeCommand type=deleteBlocksCommand with id=1560466452179 timed out. Retrying.
2019-06-13 22:54:21,414 INFO  commands.RetriableDatanodeEventWatcher (RetriableDatanodeEventWatcher.java:onTimeout(47)) - RetriableDatanodeCommand type=deleteBlocksCommand with id=1560466452189 timed out. Retrying.
2019-06-13 22:54:21,417 INFO  commands.RetriableDatanodeEventWatcher (RetriableDatanodeEventWatcher.java:onTimeout(47)) - RetriableDatanodeCommand type=deleteBlocksCommand with id=1560466452110 timed out. Retrying.
2019-06-13 22:54:21,425 DEBUG block.SCMBlockDeletingService (SCMBlockDeletingService.java:call(138)) - Running DeletedBlockTransactionScanner
2019-06-13 22:54:21,426 DEBUG block.SCMBlockDeletingService (SCMBlockDeletingService.java:call(155)) - Scanned deleted blocks log and got 3 delTX to process.
2019-06-13 22:54:21,426 DEBUG block.SCMBlockDeletingService (SCMBlockDeletingService.java:call(171)) - Added delete block command for datanode 85302df8-7a7f-4077-a053-c26dc3d3d65a in the queue, number of delete block transactions: 3, TxID list: 1,2,3
2019-06-13 22:54:21,426 INFO  block.SCMBlockDeletingService (SCMBlockDeletingService.java:call(182)) - Totally added 3 delete blocks command for 1 datanodes, task elapsed time: 0ms
2019-06-13 22:54:21,435 INFO  commands.RetriableDatanodeEventWatcher (RetriableDatanodeEventWatcher.java:onTimeout(47)) - RetriableDatanodeCommand type=deleteBlocksCommand with id=1560466452120 timed out. Retrying.
2019-06-13 22:54:21,436 INFO  commands.RetriableDatanodeEventWatcher (RetriableDatanodeEventWatcher.java:onTimeout(47)) - RetriableDatanodeCommand type=deleteBlocksCommand with id=1560466452130 timed out. Retrying.
2019-06-13 22:54:21,448 INFO  ozone.MiniOzoneClusterImpl (MiniOzoneClusterImpl.java:lambda$waitForClusterToBeReady$0(142)) - Waiting for cluster to be ready. Got 0 of 1 DN Heartbeats.
2019-06-13 22:54:21,448 INFO  block.SCMBlockDeletingService (SCMBlockDeletingService.java:handlePendingDeletes(115)) - Block deletion txnID mismatch in datanode 85302df8-7a7f-4077-a053-c26dc3d3d65a for containerID 1. Datanode delete txnID: 0, SCM txnID: 1
2019-06-13 22:54:21,448 INFO  block.SCMBlockDeletingService (SCMBlockDeletingService.java:handlePendingDeletes(115)) - Block deletion txnID mismatch in datanode 85302df8-7a7f-4077-a053-c26dc3d3d65a for containerID 2. Datanode delete txnID: 0, SCM txnID: 2
2019-06-13 22:54:21,448 INFO  block.SCMBlockDeletingService (SCMBlockDeletingService.java:handlePendingDeletes(115)) - Block deletion txnID mismatch in datanode 85302df8-7a7f-4077-a053-c26dc3d3d65a for containerID 3. Datanode delete txnID: 0, SCM txnID: 3
2019-06-13 22:54:21,449 INFO  commands.RetriableDatanodeEventWatcher (RetriableDatanodeEventWatcher.java:onTimeout(47)) - RetriableDatanodeCommand type=deleteBlocksCommand with id=1560466452140 timed out. Retrying.
2019-06-13 22:54:21,459 INFO  commands.RetriableDatanodeEventWatcher (RetriableDatanodeEventWatcher.java:onTimeout(47)) - RetriableDatanodeCommand type=deleteBlocksCommand with id=1560466452150 timed out. Retrying.
2019-06-13 22:54:21,469 INFO  commands.RetriableDatanodeEventWatcher (RetriableDatanodeEventWatcher.java:onTimeout(47)) - RetriableDatanodeCommand type=deleteBlocksCommand with id=1560466452160 timed out. Retrying.
2019-06-13 22:54:21,497 INFO  commands.RetriableDatanodeEventWatcher (RetriableDatanodeEventWatcher.java:onTimeout(47)) - RetriableDatanodeCommand type=deleteBlocksCommand with id=1560466452170 timed out. Retrying.
2019-06-13 22:54:21,507 INFO  commands.RetriableDatanodeEventWatcher (RetriableDatanodeEventWatcher.java:onTimeout(47)) - RetriableDatanodeCommand type=deleteBlocksCommand with id=1560466452180 timed out. Retrying.
2019-06-13 22:54:21,509 INFO  impl.RaftServerProxy (RaftServerProxy.java:addNew(89)) - 85302df8-7a7f-4077-a053-c26dc3d3d65a: addNew group-1752A286CC6D:[85302df8-7a7f-4077-a053-c26dc3d3d65a:192.168.105.135:43785] returns group-1752A286CC6D:java.util.concurrent.CompletableFuture@212b89a7[Not completed]
2019-06-13 22:54:21,510 INFO  impl.RaftServerImpl (RaftServerImpl.java:<init>(91)) - 85302df8-7a7f-4077-a053-c26dc3d3d65a: new RaftServerImpl for group-1752A286CC6D:[85302df8-7a7f-4077-a053-c26dc3d3d65a:192.168.105.135:43785] with ContainerStateMachine:uninitialized
2019-06-13 22:54:21,510 INFO  server.RaftServerConfigKeys (ConfUtils.java:logGet(43)) - raft.server.rpc.timeout.min = 1s (custom)
2019-06-13 22:54:21,510 INFO  server.RaftServerConfigKeys (ConfUtils.java:logGet(43)) - raft.server.rpc.timeout.max = 1200ms (custom)
2019-06-13 22:54:21,510 INFO  server.RaftServerConfigKeys (ConfUtils.java:logGet(43)) - raft.server.rpcslowness.timeout = 120s (custom)
2019-06-13 22:54:21,510 INFO  server.RaftServerConfigKeys (ConfUtils.java:logGet(43)) - raft.server.log.appender.install.snapshot.enabled = true (default)
2019-06-13 22:54:21,510 INFO  impl.RaftServerImpl (ServerState.java:<init>(101)) - 85302df8-7a7f-4077-a053-c26dc3d3d65a:group-1752A286CC6D ConfigurationManager, init=-1: [85302df8-7a7f-4077-a053-c26dc3d3d65a:192.168.105.135:43785], old=null, confs=<EMPTY_MAP>
2019-06-13 22:54:21,510 INFO  server.RaftServerConfigKeys (ConfUtils.java:logGet(43)) - raft.server.storage.dir = [/opt/src/hadoop-ozone/integration-test/target/test-dir/MiniOzoneClusterImpl-550f9ca0-a6d9-4a4a-902f-f07ac81eac7b/datanode-0/data/ratis] (custom)
2019-06-13 22:54:21,511 INFO  storage.RaftStorageDirectory (RaftStorageDirectory.java:analyzeStorage(246)) - The storage directory /opt/src/hadoop-ozone/integration-test/target/test-dir/MiniOzoneClusterImpl-550f9ca0-a6d9-4a4a-902f-f07ac81eac7b/datanode-0/data/ratis/5cf6b604-141d-4674-ac7f-1752a286cc6d does not exist. Creating ...
2019-06-13 22:54:21,516 INFO  commands.RetriableDatanodeEventWatcher (RetriableDatanodeEventWatcher.java:onTimeout(47)) - RetriableDatanodeCommand type=deleteBlocksCommand with id=1560466452190 timed out. Retrying.
2019-06-13 22:54:21,519 INFO  commands.RetriableDatanodeEventWatcher (RetriableDatanodeEventWatcher.java:onTimeout(47)) - RetriableDatanodeCommand type=deleteBlocksCommand with id=1560466452111 timed out. Retrying.
2019-06-13 22:54:21,526 DEBUG block.SCMBlockDeletingService (SCMBlockDeletingService.java:call(138)) - Running DeletedBlockTransactionScanner
2019-06-13 22:54:21,527 DEBUG block.SCMBlockDeletingService (SCMBlockDeletingService.java:call(155)) - Scanned deleted blocks log and got 3 delTX to process.
2019-06-13 22:54:21,527 DEBUG block.SCMBlockDeletingService (SCMBlockDeletingService.java:call(171)) - Added delete block command for datanode 85302df8-7a7f-4077-a053-c26dc3d3d65a in the queue, number of delete block transactions: 3, TxID list: 1,2,3
2019-06-13 22:54:21,527 INFO  commands.RetriableDatanodeEventWatcher (RetriableDatanodeEventWatcher.java:onTimeout(47)) - RetriableDatanodeCommand type=deleteBlocksCommand with id=1560466452121 timed out. Retrying.
2019-06-13 22:54:21,541 INFO  commands.RetriableDatanodeEventWatcher (RetriableDatanodeEventWatcher.java:onTimeout(47)) - RetriableDatanodeCommand type=deleteBlocksCommand with id=1560466452131 timed out. Retrying.
2019-06-13 22:54:21,551 INFO  block.SCMBlockDeletingService (SCMBlockDeletingService.java:call(182)) - Totally added 3 delete blocks command for 1 datanodes, task elapsed time: 24ms
2019-06-13 22:54:21,551 INFO  commands.RetriableDatanodeEventWatcher (RetriableDatanodeEventWatcher.java:onTimeout(47)) - RetriableDatanodeCommand type=deleteBlocksCommand with id=1560466452141 timed out. Retrying.
2019-06-13 22:54:21,558 INFO  commands.RetriableDatanodeEventWatcher (RetriableDatanodeEventWatcher.java:onTimeout(47)) - RetriableDatanodeCommand type=deleteBlocksCommand with id=1560466452151 timed out. Retrying.
2019-06-13 22:54:21,569 INFO  commands.RetriableDatanodeEventWatcher (RetriableDatanodeEventWatcher.java:onTimeout(47)) - RetriableDatanodeCommand type=deleteBlocksCommand with id=1560466452161 timed out. Retrying.
2019-06-13 22:54:21,579 INFO  storage.RaftStorageDirectory (RaftStorageDirectory.java:tryLock(328)) - Lock on /opt/src/hadoop-ozone/integration-test/target/test-dir/MiniOzoneClusterImpl-550f9ca0-a6d9-4a4a-902f-f07ac81eac7b/datanode-0/data/ratis/5cf6b604-141d-4674-ac7f-1752a286cc6d/in_use.lock acquired by nodename 28592@ozone-t78nf-2139872126
2019-06-13 22:54:21,598 INFO  commands.RetriableDatanodeEventWatcher (RetriableDatanodeEventWatcher.java:onTimeout(47)) - RetriableDatanodeCommand type=deleteBlocksCommand with id=1560466452171 timed out. Retrying.
2019-06-13 22:54:21,608 INFO  commands.RetriableDatanodeEventWatcher (RetriableDatanodeEventWatcher.java:onTimeout(47)) - RetriableDatanodeCommand type=deleteBlocksCommand with id=1560466452181 timed out. Retrying.
2019-06-13 22:54:21,617 INFO  commands.RetriableDatanodeEventWatcher (RetriableDatanodeEventWatcher.java:onTimeout(47)) - RetriableDatanodeCommand type=deleteBlocksCommand with id=1560466452191 timed out. Retrying.
2019-06-13 22:54:21,621 INFO  commands.RetriableDatanodeEventWatcher (RetriableDatanodeEventWatcher.java:onTimeout(47)) - RetriableDatanodeCommand type=deleteBlocksCommand with id=1560466452112 timed out. Retrying.
2019-06-13 22:54:21,629 INFO  commands.RetriableDatanodeEventWatcher (RetriableDatanodeEventWatcher.java:onTimeout(47)) - RetriableDatanodeCommand type=deleteBlocksCommand with id=1560466452122 timed out. Retrying.
2019-06-13 22:54:21,644 INFO  commands.RetriableDatanodeEventWatcher (RetriableDatanodeEventWatcher.java:onTimeout(47)) - RetriableDatanodeCommand type=deleteBlocksCommand with id=1560466452132 timed out. Retrying.
2019-06-13 22:54:21,653 DEBUG block.SCMBlockDeletingService (SCMBlockDeletingService.java:call(138)) - Running DeletedBlockTransactionScanner
2019-06-13 22:54:21,654 DEBUG block.SCMBlockDeletingService (SCMBlockDeletingService.java:call(155)) - Scanned deleted blocks log and got 3 delTX to process.
2019-06-13 22:54:21,654 DEBUG block.SCMBlockDeletingService (SCMBlockDeletingService.java:call(171)) - Added delete block command for datanode 85302df8-7a7f-4077-a053-c26dc3d3d65a in the queue, number of delete block transactions: 3, TxID list: 1,2,3
2019-06-13 22:54:21,654 INFO  block.SCMBlockDeletingService (SCMBlockDeletingService.java:call(182)) - Totally added 3 delete blocks command for 1 datanodes, task elapsed time: 0ms
2019-06-13 22:54:21,655 INFO  commands.RetriableDatanodeEventWatcher (RetriableDatanodeEventWatcher.java:onTimeout(47)) - RetriableDatanodeCommand type=deleteBlocksCommand with id=1560466452142 timed out. Retrying.
2019-06-13 22:54:21,661 INFO  commands.RetriableDatanodeEventWatcher (RetriableDatanodeEventWatcher.java:onTimeout(47)) - RetriableDatanodeCommand type=deleteBlocksCommand with id=1560466452152 timed out. Retrying.
2019-06-13 22:54:21,671 INFO  commands.RetriableDatanodeEventWatcher (RetriableDatanodeEventWatcher.java:onTimeout(47)) - RetriableDatanodeCommand type=deleteBlocksCommand with id=1560466452162 timed out. Retrying.
2019-06-13 22:54:21,674 INFO  storage.RaftStorage (RaftStorage.java:format(75)) - Storage directory /opt/src/hadoop-ozone/integration-test/target/test-dir/MiniOzoneClusterImpl-550f9ca0-a6d9-4a4a-902f-f07ac81eac7b/datanode-0/data/ratis/5cf6b604-141d-4674-ac7f-1752a286cc6d has been successfully formatted.
2019-06-13 22:54:21,674 INFO  ratis.ContainerStateMachine (ContainerStateMachine.java:loadSnapshot(199)) - The snapshot info is null.Setting the last applied index to:(t:0, i:~)
2019-06-13 22:54:21,674 INFO  server.RaftServerConfigKeys (ConfUtils.java:logGet(43)) - raft.server.leader.election.timeout = 120s (custom)
2019-06-13 22:54:21,674 INFO  server.RaftServerConfigKeys (ConfUtils.java:logGet(43)) - raft.server.log.use.memory = false (default)
2019-06-13 22:54:21,675 INFO  server.RaftServerConfigKeys (ConfUtils.java:logGet(43)) - raft.server.log.appender.buffer.byte-limit = 33554432 (custom)
2019-06-13 22:54:21,675 INFO  server.RaftServerConfigKeys (ConfUtils.java:logGet(43)) - raft.server.log.segment.size.max = 16384 (custom)
2019-06-13 22:54:21,675 INFO  server.RaftServerConfigKeys (ConfUtils.java:logGet(43)) - raft.server.log.segment.cache.num.max = 2 (custom)
2019-06-13 22:54:21,675 INFO  storage.RaftLogWorker (RaftLogWorker.java:<init>(123)) - new 85302df8-7a7f-4077-a053-c26dc3d3d65a-RaftLogWorker for Storage Directory /opt/src/hadoop-ozone/integration-test/target/test-dir/MiniOzoneClusterImpl-550f9ca0-a6d9-4a4a-902f-f07ac81eac7b/datanode-0/data/ratis/5cf6b604-141d-4674-ac7f-1752a286cc6d
2019-06-13 22:54:21,675 INFO  server.RaftServerConfigKeys (ConfUtils.java:logGet(43)) - raft.server.log.queue.byte-limit = 2147483647 (custom)
2019-06-13 22:54:21,675 INFO  server.RaftServerConfigKeys (ConfUtils.java:logGet(43)) - raft.server.log.queue.element-limit = 1024 (custom)
2019-06-13 22:54:21,675 INFO  server.RaftServerConfigKeys (ConfUtils.java:logGet(43)) - raft.server.log.segment.size.max = 16384 (custom)
2019-06-13 22:54:21,675 INFO  server.RaftServerConfigKeys (ConfUtils.java:logGet(43)) - raft.server.log.preallocated.size = 16384 (custom)
2019-06-13 22:54:21,675 INFO  server.RaftServerConfigKeys (ConfUtils.java:logGet(43)) - raft.server.log.write.buffer.size = 33554432 (custom)
2019-06-13 22:54:21,676 INFO  server.RaftServerConfigKeys (ConfUtils.java:logGet(43)) - raft.server.log.force.sync.num = 128 (default)
2019-06-13 22:54:21,676 INFO  server.RaftServerConfigKeys (ConfUtils.java:logGet(43)) - raft.server.log.statemachine.data.sync = true (default)
2019-06-13 22:54:21,676 INFO  server.RaftServerConfigKeys (ConfUtils.java:logGet(43)) - raft.server.log.statemachine.data.sync.timeout = 10s (default)
2019-06-13 22:54:21,676 INFO  server.RaftServerConfigKeys (ConfUtils.java:logGet(43)) - raft.server.log.statemachine.data.sync.timeout.retry = -1 (default)
2019-06-13 22:54:21,676 INFO  server.RaftServerConfigKeys (ConfUtils.java:logGet(43)) - raft.server.log.statemachine.data.caching.enabled = true (custom)
2019-06-13 22:54:21,677 INFO  server.RaftServerConfigKeys (ConfUtils.java:logGet(43)) - raft.server.snapshot.auto.trigger.enabled = true (custom)
2019-06-13 22:54:21,677 INFO  server.RaftServerConfigKeys (ConfUtils.java:logGet(43)) - raft.server.snapshot.auto.trigger.threshold = 10000 (custom)
2019-06-13 22:54:21,677 INFO  server.RaftServerConfigKeys (ConfUtils.java:logGet(43)) - raft.server.retrycache.expirytime = 600000ms (custom)
2019-06-13 22:54:21,677 INFO  impl.RaftServerImpl (RaftServerImpl.java:start(173)) - 85302df8-7a7f-4077-a053-c26dc3d3d65a: start group-1752A286CC6D
2019-06-13 22:54:21,677 INFO  impl.RaftServerImpl (RaftServerImpl.java:setRole(164)) - 85302df8-7a7f-4077-a053-c26dc3d3d65a:group-1752A286CC6D changes role from null to FOLLOWER at term 0 for startAsFollower
2019-06-13 22:54:21,677 INFO  impl.RoleInfo (RoleInfo.java:updateAndGet(143)) - 85302df8-7a7f-4077-a053-c26dc3d3d65a: start FollowerState
2019-06-13 22:54:21,680 INFO  util.JmxRegister (JmxRegister.java:tryRegister(44)) - Successfully registered JMX Bean with object name Ratis:service=RaftServer,group=group-1752A286CC6D,id=85302df8-7a7f-4077-a053-c26dc3d3d65a
2019-06-13 22:54:21,686 INFO  pipeline.PipelineStateManager (PipelineStateManager.java:addPipeline(56)) - Created pipeline Pipeline[ Id: 5cf6b604-141d-4674-ac7f-1752a286cc6d, Nodes: 85302df8-7a7f-4077-a053-c26dc3d3d65a{ip: 192.168.105.135, host: ozone-t78nf-2139872126, networkLocation: /default-rack, certSerialId: null}, Type:RATIS, Factor:ONE, State:OPEN]
2019-06-13 22:54:21,699 INFO  commands.RetriableDatanodeEventWatcher (RetriableDatanodeEventWatcher.java:onTimeout(47)) - RetriableDatanodeCommand type=deleteBlocksCommand with id=1560466452172 timed out. Retrying.
2019-06-13 22:54:21,709 INFO  commands.RetriableDatanodeEventWatcher (RetriableDatanodeEventWatcher.java:onTimeout(47)) - RetriableDatanodeCommand type=deleteBlocksCommand with id=1560466452182 timed out. Retrying.
2019-06-13 22:54:21,717 INFO  commands.RetriableDatanodeEventWatcher (RetriableDatanodeEventWatcher.java:onTimeout(47)) - RetriableDatanodeCommand type=deleteBlocksCommand with id=1560466452192 timed out. Retrying.
2019-06-13 22:54:21,724 INFO  commands.RetriableDatanodeEventWatcher (RetriableDatanodeEventWatcher.java:onTimeout(47)) - RetriableDatanodeCommand type=deleteBlocksCommand with id=1560466452113 timed out. Retrying.
2019-06-13 22:54:21,742 INFO  commands.RetriableDatanodeEventWatcher (RetriableDatanodeEventWatcher.java:onTimeout(47)) - RetriableDatanodeCommand type=deleteBlocksCommand with id=1560466452133 timed out. Retrying.
2019-06-13 22:54:21,744 INFO  commands.RetriableDatanodeEventWatcher (RetriableDatanodeEventWatcher.java:onTimeout(47)) - RetriableDatanodeCommand type=deleteBlocksCommand with id=1560466452123 timed out. Retrying.
2019-06-13 22:54:21,754 INFO  commands.RetriableDatanodeEventWatcher (RetriableDatanodeEventWatcher.java:onTimeout(47)) - RetriableDatanodeCommand type=deleteBlocksCommand with id=1560466452143 timed out. Retrying.
2019-06-13 22:54:21,754 DEBUG block.SCMBlockDeletingService (SCMBlockDeletingService.java:call(138)) - Running DeletedBlockTransactionScanner
2019-06-13 22:54:21,755 DEBUG block.SCMBlockDeletingService (SCMBlockDeletingService.java:call(155)) - Scanned deleted blocks log and got 3 delTX to process.
2019-06-13 22:54:21,755 DEBUG block.SCMBlockDeletingService (SCMBlockDeletingService.java:call(171)) - Added delete block command for datanode 85302df8-7a7f-4077-a053-c26dc3d3d65a in the queue, number of delete block transactions: 3, TxID list: 1,2,3
2019-06-13 22:54:21,755 INFO  block.SCMBlockDeletingService (SCMBlockDeletingService.java:call(182)) - Totally added 3 delete blocks command for 1 datanodes, task elapsed time: 0ms
2019-06-13 22:54:21,762 INFO  commands.RetriableDatanodeEventWatcher (RetriableDatanodeEventWatcher.java:onTimeout(47)) - RetriableDatanodeCommand type=deleteBlocksCommand with id=1560466452153 timed out. Retrying.
2019-06-13 22:54:21,769 INFO  commands.RetriableDatanodeEventWatcher (RetriableDatanodeEventWatcher.java:onTimeout(47)) - RetriableDatanodeCommand type=deleteBlocksCommand with id=1560466452163 timed out. Retrying.
2019-06-13 22:54:21,801 INFO  commands.RetriableDatanodeEventWatcher (RetriableDatanodeEventWatcher.java:onTimeout(47)) - RetriableDatanodeCommand type=deleteBlocksCommand with id=1560466452173 timed out. Retrying.
2019-06-13 22:54:21,808 INFO  commands.RetriableDatanodeEventWatcher (RetriableDatanodeEventWatcher.java:onTimeout(47)) - RetriableDatanodeCommand type=deleteBlocksCommand with id=1560466452183 timed out. Retrying.
2019-06-13 22:54:21,818 INFO  commands.RetriableDatanodeEventWatcher (RetriableDatanodeEventWatcher.java:onTimeout(47)) - RetriableDatanodeCommand type=deleteBlocksCommand with id=1560466452193 timed out. Retrying.
2019-06-13 22:54:21,820 INFO  commands.RetriableDatanodeEventWatcher (RetriableDatanodeEventWatcher.java:onTimeout(47)) - RetriableDatanodeCommand type=deleteBlocksCommand with id=1560466452114 timed out. Retrying.
2019-06-13 22:54:21,831 INFO  commands.RetriableDatanodeEventWatcher (RetriableDatanodeEventWatcher.java:onTimeout(47)) - RetriableDatanodeCommand type=deleteBlocksCommand with id=1560466452124 timed out. Retrying.
2019-06-13 22:54:21,843 INFO  commands.RetriableDatanodeEventWatcher (RetriableDatanodeEventWatcher.java:onTimeout(47)) - RetriableDatanodeCommand type=deleteBlocksCommand with id=1560466452134 timed out. Retrying.
2019-06-13 22:54:21,852 INFO  commands.RetriableDatanodeEventWatcher (RetriableDatanodeEventWatcher.java:onTimeout(47)) - RetriableDatanodeCommand type=deleteBlocksCommand with id=1560466452144 timed out. Retrying.
2019-06-13 22:54:21,855 DEBUG block.SCMBlockDeletingService (SCMBlockDeletingService.java:call(138)) - Running DeletedBlockTransactionScanner
2019-06-13 22:54:21,856 DEBUG block.SCMBlockDeletingService (SCMBlockDeletingService.java:call(155)) - Scanned deleted blocks log and got 3 delTX to process.
2019-06-13 22:54:21,856 DEBUG block.SCMBlockDeletingService (SCMBlockDeletingService.java:call(171)) - Added delete block command for datanode 85302df8-7a7f-4077-a053-c26dc3d3d65a in the queue, number of delete block transactions: 3, TxID list: 1,2,3
2019-06-13 22:54:21,856 INFO  block.SCMBlockDeletingService (SCMBlockDeletingService.java:call(182)) - Totally added 3 delete blocks command for 1 datanodes, task elapsed time: 1ms
2019-06-13 22:54:21,863 INFO  commands.RetriableDatanodeEventWatcher (RetriableDatanodeEventWatcher.java:onTimeout(47)) - RetriableDatanodeCommand type=deleteBlocksCommand with id=1560466452154 timed out. Retrying.
2019-06-13 22:54:21,873 INFO  commands.RetriableDatanodeEventWatcher (RetriableDatanodeEventWatcher.java:onTimeout(47)) - RetriableDatanodeCommand type=deleteBlocksCommand with id=1560466452164 timed out. Retrying.
2019-06-13 22:54:21,916 INFO  commands.RetriableDatanodeEventWatcher (RetriableDatanodeEventWatcher.java:onTimeout(47)) - RetriableDatanodeCommand type=deleteBlocksCommand with id=1560466452184 timed out. Retrying.
2019-06-13 22:54:21,916 INFO  commands.RetriableDatanodeEventWatcher (RetriableDatanodeEventWatcher.java:onTimeout(47)) - RetriableDatanodeCommand type=deleteBlocksCommand with id=1560466452174 timed out. Retrying.
2019-06-13 22:54:21,922 INFO  commands.RetriableDatanodeEventWatcher (RetriableDatanodeEventWatcher.java:onTimeout(47)) - RetriableDatanodeCommand type=deleteBlocksCommand with id=1560466452194 timed out. Retrying.
2019-06-13 22:54:21,922 INFO  commands.RetriableDatanodeEventWatcher (RetriableDatanodeEventWatcher.java:onTimeout(47)) - RetriableDatanodeCommand type=deleteBlocksCommand with id=1560466452115 timed out. Retrying.
2019-06-13 22:54:21,935 INFO  commands.RetriableDatanodeEventWatcher (RetriableDatanodeEventWatcher.java:onTimeout(47)) - RetriableDatanodeCommand type=deleteBlocksCommand with id=1560466452125 timed out. Retrying.
2019-06-13 22:54:21,942 INFO  commands.RetriableDatanodeEventWatcher (RetriableDatanodeEventWatcher.java:onTimeout(47)) - RetriableDatanodeCommand type=deleteBlocksCommand with id=1560466452135 timed out. Retrying.
2019-06-13 22:54:21,953 INFO  commands.RetriableDatanodeEventWatcher (RetriableDatanodeEventWatcher.java:onTimeout(47)) - RetriableDatanodeCommand type=deleteBlocksCommand with id=1560466452145 timed out. Retrying.
2019-06-13 22:54:21,956 DEBUG block.SCMBlockDeletingService (SCMBlockDeletingService.java:call(138)) - Running DeletedBlockTransactionScanner
2019-06-13 22:54:21,957 DEBUG block.SCMBlockDeletingService (SCMBlockDeletingService.java:call(155)) - Scanned deleted blocks log and got 3 delTX to process.
2019-06-13 22:54:21,957 DEBUG block.SCMBlockDeletingService (SCMBlockDeletingService.java:call(171)) - Added delete block command for datanode 85302df8-7a7f-4077-a053-c26dc3d3d65a in the queue, number of delete block transactions: 3, TxID list: 1,2,3
2019-06-13 22:54:21,957 INFO  block.SCMBlockDeletingService (SCMBlockDeletingService.java:call(182)) - Totally added 3 delete blocks command for 1 datanodes, task elapsed time: 1ms
2019-06-13 22:54:21,966 INFO  commands.RetriableDatanodeEventWatcher (RetriableDatanodeEventWatcher.java:onTimeout(47)) - RetriableDatanodeCommand type=deleteBlocksCommand with id=1560466452155 timed out. Retrying.
2019-06-13 22:54:21,971 INFO  commands.RetriableDatanodeEventWatcher (RetriableDatanodeEventWatcher.java:onTimeout(47)) - RetriableDatanodeCommand type=deleteBlocksCommand with id=1560466452165 timed out. Retrying.
2019-06-13 22:54:22,003 INFO  commands.RetriableDatanodeEventWatcher (RetriableDatanodeEventWatcher.java:onTimeout(47)) - RetriableDatanodeCommand type=deleteBlocksCommand with id=1560466452175 timed out. Retrying.
2019-06-13 22:54:22,011 INFO  commands.RetriableDatanodeEventWatcher (RetriableDatanodeEventWatcher.java:onTimeout(47)) - RetriableDatanodeCommand type=deleteBlocksCommand with id=1560466452185 timed out. Retrying.
2019-06-13 22:54:22,019 WARN  ipc.Server (Server.java:setupResponse(2950)) - Large response size 2691350 for call Call#1840 Retry#0 org.apache.hadoop.ozone.protocol.StorageContainerDatanodeProtocol.sendHeartbeat from 192.168.105.135:47504
2019-06-13 22:54:22,023 INFO  commands.RetriableDatanodeEventWatcher (RetriableDatanodeEventWatcher.java:onTimeout(47)) - RetriableDatanodeCommand type=deleteBlocksCommand with id=1560466452195 timed out. Retrying.
2019-06-13 22:54:22,023 INFO  commands.RetriableDatanodeEventWatcher (RetriableDatanodeEventWatcher.java:onTimeout(47)) - RetriableDatanodeCommand type=deleteBlocksCommand with id=1560466452116 timed out. Retrying.
2019-06-13 22:54:22,037 INFO  commands.RetriableDatanodeEventWatcher (RetriableDatanodeEventWatcher.java:onTimeout(47)) - RetriableDatanodeCommand type=deleteBlocksCommand with id=1560466452126 timed out. Retrying.
2019-06-13 22:54:22,040 INFO  block.SCMBlockDeletingService (SCMBlockDeletingService.java:handlePendingDeletes(115)) - Block deletion txnID mismatch in datanode 85302df8-7a7f-4077-a053-c26dc3d3d65a for containerID 1. Datanode delete txnID: 0, SCM txnID: 1
2019-06-13 22:54:22,040 INFO  block.SCMBlockDeletingService (SCMBlockDeletingService.java:handlePendingDeletes(115)) - Block deletion txnID mismatch in datanode 85302df8-7a7f-4077-a053-c26dc3d3d65a for containerID 2. Datanode delete txnID: 0, SCM txnID: 2
2019-06-13 22:54:22,040 INFO  block.SCMBlockDeletingService (SCMBlockDeletingService.java:handlePendingDeletes(115)) - Block deletion txnID mismatch in datanode 85302df8-7a7f-4077-a053-c26dc3d3d65a for containerID 3. Datanode delete txnID: 0, SCM txnID: 3
2019-06-13 22:54:22,043 INFO  commands.RetriableDatanodeEventWatcher (RetriableDatanodeEventWatcher.java:onTimeout(47)) - RetriableDatanodeCommand type=deleteBlocksCommand with id=1560466452136 timed out. Retrying.
2019-06-13 22:54:22,054 INFO  commands.RetriableDatanodeEventWatcher (RetriableDatanodeEventWatcher.java:onTimeout(47)) - RetriableDatanodeCommand type=deleteBlocksCommand with id=1560466452146 timed out. Retrying.
2019-06-13 22:54:22,058 DEBUG block.SCMBlockDeletingService (SCMBlockDeletingService.java:call(138)) - Running DeletedBlockTransactionScanner
2019-06-13 22:54:22,058 DEBUG block.SCMBlockDeletingService (SCMBlockDeletingService.java:call(155)) - Scanned deleted blocks log and got 3 delTX to process.
2019-06-13 22:54:22,058 DEBUG block.SCMBlockDeletingService (SCMBlockDeletingService.java:call(171)) - Added delete block command for datanode 85302df8-7a7f-4077-a053-c26dc3d3d65a in the queue, number of delete block transactions: 3, TxID list: 1,2,3
2019-06-13 22:54:22,065 INFO  block.SCMBlockDeletingService (SCMBlockDeletingService.java:call(182)) - Totally added 3 delete blocks command for 1 datanodes, task elapsed time: 7ms
2019-06-13 22:54:22,067 INFO  commands.RetriableDatanodeEventWatcher (RetriableDatanodeEventWatcher.java:onTimeout(47)) - RetriableDatanodeCommand type=deleteBlocksCommand with id=1560466452156 timed out. Retrying.
2019-06-13 22:54:22,074 INFO  commands.RetriableDatanodeEventWatcher (RetriableDatanodeEventWatcher.java:onTimeout(47)) - RetriableDatanodeCommand type=deleteBlocksCommand with id=1560466452166 timed out. Retrying.
2019-06-13 22:54:22,103 INFO  commands.RetriableDatanodeEventWatcher (RetriableDatanodeEventWatcher.java:onTimeout(47)) - RetriableDatanodeCommand type=deleteBlocksCommand with id=1560466452176 timed out. Retrying.
2019-06-13 22:54:22,110 INFO  commands.RetriableDatanodeEventWatcher (RetriableDatanodeEventWatcher.java:onTimeout(47)) - RetriableDatanodeCommand type=deleteBlocksCommand with id=1560466452107 timed out. Retrying.
2019-06-13 22:54:22,112 INFO  commands.RetriableDatanodeEventWatcher (RetriableDatanodeEventWatcher.java:onTimeout(47)) - RetriableDatanodeCommand type=deleteBlocksCommand with id=1560466452186 timed out. Retrying.
2019-06-13 22:54:22,124 INFO  commands.RetriableDatanodeEventWatcher (RetriableDatanodeEventWatcher.java:onTimeout(47)) - RetriableDatanodeCommand type=deleteBlocksCommand with id=1560466452196 timed out. Retrying.
2019-06-13 22:54:22,126 INFO  commands.RetriableDatanodeEventWatcher (RetriableDatanodeEventWatcher.java:onTimeout(47)) - RetriableDatanodeCommand type=deleteBlocksCommand with id=1560466452117 timed out. Retrying.
2019-06-13 22:54:22,134 INFO  commands.RetriableDatanodeEventWatcher (RetriableDatanodeEventWatcher.java:onTimeout(47)) - RetriableDatanodeCommand type=deleteBlocksCommand with id=1560466452127 timed out. Retrying.
2019-06-13 22:54:22,144 INFO  commands.RetriableDatanodeEventWatcher (RetriableDatanodeEventWatcher.java:onTimeout(47)) - RetriableDatanodeCommand type=deleteBlocksCommand with id=1560466452137 timed out. Retrying.
2019-06-13 22:54:22,159 INFO  commands.RetriableDatanodeEventWatcher (RetriableDatanodeEventWatcher.java:onTimeout(47)) - RetriableDatanodeCommand type=deleteBlocksCommand with id=1560466452147 timed out. Retrying.
2019-06-13 22:54:22,165 DEBUG block.SCMBlockDeletingService (SCMBlockDeletingService.java:call(138)) - Running DeletedBlockTransactionScanner
2019-06-13 22:54:22,165 DEBUG block.SCMBlockDeletingService (RetriableDatanodeEventWatcher.java:onTimeout(47)) - RetriableDatanodeCommand type=deleteBlocksCommand with id=1560466452157 timed out. Retrying.
SCMBlockDeletingService.java:call(155)) - Scanned deleted blocks log and got 3 delTX to process.
2019-06-13 22:54:22,165 INFO  commands.RetriableDatanodeEventWatcher (RetriableDatanodeEventWatcher.java:onTimeout(47)) - RetriableDatanodeCommand type=deleteBlocksCommand with id=1560466452157 timed out. Retrying.
2019-06-13 22:54:22,165 DEBUG block.SCMBlockDeletingService (SCMBlockDeletingService.java:call(171)) - Added delete block command for datanode 85302df8-7a7f-4077-a053-c26dc3d3d65a in the queue, number of delete block transactions: 3, TxID list: 1,2,3
2019-06-13 22:54:22,166 INFO  block.SCMBlockDeletingService (SCMBlockDeletingService.java:call(182)) - Totally added 3 delete blocks command for 1 datanodes, task elapsed time: 1ms
2019-06-13 22:54:22,195 INFO  commands.RetriableDatanodeEventWatcher (RetriableDatanodeEventWatcher.java:onTimeout(47)) - RetriableDatanodeCommand type=deleteBlocksCommand with id=1560466452167 timed out. Retrying.
2019-06-13 22:54:22,205 INFO  commands.RetriableDatanodeEventWatcher (RetriableDatanodeEventWatcher.java:onTimeout(47)) - RetriableDatanodeCommand type=deleteBlocksCommand with id=1560466452177 timed out. Retrying.
2019-06-13 22:54:22,213 INFO  commands.RetriableDatanodeEventWatcher (RetriableDatanodeEventWatcher.java:onTimeout(47)) - RetriableDatanodeCommand type=deleteBlocksCommand with id=1560466452187 timed out. Retrying.
2019-06-13 22:54:22,216 INFO  commands.RetriableDatanodeEventWatcher (RetriableDatanodeEventWatcher.java:onTimeout(47)) - RetriableDatanodeCommand type=deleteBlocksCommand with id=1560466452108 timed out. Retrying.
2019-06-13 22:54:22,225 INFO  commands.RetriableDatanodeEventWatcher (RetriableDatanodeEventWatcher.java:onTimeout(47)) - RetriableDatanodeCommand type=deleteBlocksCommand with id=1560466452197 timed out. Retrying.
2019-06-13 22:54:22,228 INFO  commands.RetriableDatanodeEventWatcher (RetriableDatanodeEventWatcher.java:onTimeout(47)) - RetriableDatanodeCommand type=deleteBlocksCommand with id=1560466452118 timed out. Retrying.
2019-06-13 22:54:22,235 INFO  commands.RetriableDatanodeEventWatcher (RetriableDatanodeEventWatcher.java:onTimeout(47)) - RetriableDatanodeCommand type=deleteBlocksCommand with id=1560466452128 timed out. Retrying.
2019-06-13 22:54:22,248 INFO  commands.RetriableDatanodeEventWatcher (RetriableDatanodeEventWatcher.java:onTimeout(47)) - RetriableDatanodeCommand type=deleteBlocksCommand with id=1560466452138 timed out. Retrying.
2019-06-13 22:54:22,256 INFO  block.SCMBlockDeletingService (SCMBlockDeletingService.java:handlePendingDeletes(115)) - Block deletion txnID mismatch in datanode 85302df8-7a7f-4077-a053-c26dc3d3d65a for containerID 1. Datanode delete txnID: 0, SCM txnID: 1
2019-06-13 22:54:22,256 INFO  block.SCMBlockDeletingService (SCMBlockDeletingService.java:handlePendingDeletes(115)) - Block deletion txnID mismatch in datanode 85302df8-7a7f-4077-a053-c26dc3d3d65a for containerID 2. Datanode delete txnID: 0, SCM txnID: 2
2019-06-13 22:54:22,256 INFO  commands.RetriableDatanodeEventWatcher (SCMBlockDeletingService.java:handlePendingDeletes(115)) - Block deletion txnID mismatch in datanode 85302df8-7a7f-4077-a053-c26dc3d3d65a for containerID 3. Datanode delete txnID: 0, SCM txnID: 3
2019-06-13 22:54:22,256 INFO  commands.RetriableDatanodeEventWatcher (RetriableDatanodeEventWatcher.java:onTimeout(47)) - RetriableDatanodeCommand type=deleteBlocksCommand with id=1560466452148 timed out. Retrying.
2019-06-13 22:54:22,266 DEBUG block.SCMBlockDeletingService (SCMBlockDeletingService.java:call(138)) - Running DeletedBlockTransactionScanner
2019-06-13 22:54:22,266 DEBUG block.SCMBlockDeletingService (SCMBlockDeletingService.java:call(155)) - Scanned deleted blocks log and got 3 delTX to process.
2019-06-13 22:54:22,266 DEBUG block.SCMBlockDeletingService (SCMBlockDeletingService.java:call(171)) - Added delete block command for datanode 85302df8-7a7f-4077-a053-c26dc3d3d65a in the queue, number of delete block transactions: 3, TxID list: 1,2,3
2019-06-13 22:54:22,267 INFO  block.SCMBlockDeletingService (SCMBlockDeletingService.java:call(182)) - Totally added 3 delete blocks command for 1 datanodes, task elapsed time: 1ms
2019-06-13 22:54:22,268 INFO  commands.RetriableDatanodeEventWatcher (RetriableDatanodeEventWatcher.java:onTimeout(47)) - RetriableDatanodeCommand type=deleteBlocksCommand with id=1560466452158 timed out. Retrying.
2019-06-13 22:54:22,296 INFO  commands.RetriableDatanodeEventWatcher (RetriableDatanodeEventWatcher.java:onTimeout(47)) - RetriableDatanodeCommand type=deleteBlocksCommand with id=1560466452168 timed out. Retrying.
2019-06-13 22:54:22,304 INFO  commands.RetriableDatanodeEventWatcher (RetriableDatanodeEventWatcher.java:onTimeout(47)) - RetriableDatanodeCommand type=deleteBlocksCommand with id=1560466452178 timed out. Retrying.
2019-06-13 22:54:22,314 INFO  commands.RetriableDatanodeEventWatcher (RetriableDatanodeEventWatcher.java:onTimeout(47)) - RetriableDatanodeCommand type=deleteBlocksCommand with id=1560466452188 timed out. Retrying.
2019-06-13 22:54:22,319 INFO  commands.RetriableDatanodeEventWatcher (RetriableDatanodeEventWatcher.java:onTimeout(47)) - RetriableDatanodeCommand type=deleteBlocksCommand with id=1560466452109 timed out. Retrying.
2019-06-13 22:54:22,324 INFO  commands.RetriableDatanodeEventWatcher (RetriableDatanodeEventWatcher.java:onTimeout(47)) - RetriableDatanodeCommand type=deleteBlocksCommand with id=1560466452198 timed out. Retrying.
2019-06-13 22:54:22,328 INFO  commands.RetriableDatanodeEventWatcher (RetriableDatanodeEventWatcher.java:onTimeout(47)) - RetriableDatanodeCommand type=deleteBlocksCommand with id=1560466452119 timed out. Retrying.
2019-06-13 22:54:22,336 INFO  commands.RetriableDatanodeEventWatcher (RetriableDatanodeEventWatcher.java:onTimeout(47)) - RetriableDatanodeCommand type=deleteBlocksCommand with id=1560466452129 timed out. Retrying.
2019-06-13 22:54:22,348 INFO  commands.RetriableDatanodeEventWatcher (RetriableDatanodeEventWatcher.java:onTimeout(47)) - RetriableDatanodeCommand type=deleteBlocksCommand with id=1560466452139 timed out. Retrying.
2019-06-13 22:54:22,359 INFO  commands.RetriableDatanodeEventWatcher (RetriableDatanodeEventWatcher.java:onTimeout(47)) - RetriableDatanodeCommand type=deleteBlocksCommand with id=1560466452149 timed out. Retrying.
2019-06-13 22:54:22,367 INFO  commands.RetriableDatanodeEventWatcher (RetriableDatanodeEventWatcher.java:onTimeout(47)) - RetriableDatanodeCommand type=deleteBlocksCommand with id=1560466452159 timed out. Retrying.
2019-06-13 22:54:22,367 DEBUG block.SCMBlockDeletingService (SCMBlockDeletingService.java:call(138)) - Running DeletedBlockTransactionScanner
2019-06-13 22:54:22,367 DEBUG block.SCMBlockDeletingService (SCMBlockDeletingService.java:call(155)) - Scanned deleted blocks log and got 3 delTX to process.
2019-06-13 22:54:22,367 DEBUG block.SCMBlockDeletingService (SCMBlockDeletingService.java:call(171)) - Added delete block command for datanode 85302df8-7a7f-4077-a053-c26dc3d3d65a in the queue, number of delete block transactions: 3, TxID list: 1,2,3
2019-06-13 22:54:22,367 INFO  block.SCMBlockDeletingService (SCMBlockDeletingService.java:call(182)) - Totally added 3 delete blocks command for 1 datanodes, task elapsed time: 1ms
2019-06-13 22:54:22,398 INFO  commands.RetriableDatanodeEventWatcher (RetriableDatanodeEventWatcher.java:onTimeout(47)) - RetriableDatanodeCommand type=deleteBlocksCommand with id=1560466452169 timed out. Retrying.
2019-06-13 22:54:22,407 INFO  commands.RetriableDatanodeEventWatcher (RetriableDatanodeEventWatcher.java:onTimeout(47)) - RetriableDatanodeCommand type=deleteBlocksCommand with id=1560466452179 timed out. Retrying.
2019-06-13 22:54:22,415 INFO  commands.RetriableDatanodeEventWatcher (RetriableDatanodeEventWatcher.java:onTimeout(47)) - RetriableDatanodeCommand type=deleteBlocksCommand with id=1560466452189 timed out. Retrying.
2019-06-13 22:54:22,417 INFO  commands.RetriableDatanodeEventWatcher (RetriableDatanodeEventWatcher.java:onTimeout(47)) - RetriableDatanodeCommand type=deleteBlocksCommand with id=1560466452110 timed out. Retrying.
2019-06-13 22:54:22,425 INFO  commands.RetriableDatanodeEventWatcher (RetriableDatanodeEventWatcher.java:onTimeout(47)) - RetriableDatanodeCommand type=deleteBlocksCommand with id=1560466452199 timed out. Retrying.
2019-06-13 22:54:22,435 INFO  commands.RetriableDatanodeEventWatcher (RetriableDatanodeEventWatcher.java:onTimeout(47)) - RetriableDatanodeCommand type=deleteBlocksCommand with id=1560466452120 timed out. Retrying.
2019-06-13 22:54:22,437 INFO  commands.RetriableDatanodeEventWatcher (RetriableDatanodeEventWatcher.java:onTimeout(47)) - RetriableDatanodeCommand type=deleteBlocksCommand with id=1560466452130 timed out. Retrying.
2019-06-13 22:54:22,448 INFO  ozone.MiniOzoneClusterImpl (MiniOzoneClusterImpl.java:lambda$waitForClusterToBeReady$0(142)) - Cluster is ready. Got 1 of 1 DN Heartbeats.
2019-06-13 22:54:22,449 INFO  commands.RetriableDatanodeEventWatcher (RetriableDatanodeEventWatcher.java:onTimeout(47)) - RetriableDatanodeCommand type=deleteBlocksCommand with id=1560466452140 timed out. Retrying.
2019-06-13 22:54:22,450 INFO  commandhandler.DeleteBlocksCommandHandler (DeleteBlocksCommandHandler.java:handle(106)) - Start to delete container blocks, TXIDs=[1(0),2(0),3(0)], numOfContainers=3, numOfBlocks=553
2019-06-13 22:54:22,459 INFO  commands.RetriableDatanodeEventWatcher (RetriableDatanodeEventWatcher.java:onTimeout(47)) - RetriableDatanodeCommand type=deleteBlocksCommand with id=1560466452150 timed out. Retrying.
2019-06-13 22:54:22,468 DEBUG block.SCMBlockDeletingService (SCMBlockDeletingService.java:call(138)) - Running DeletedBlockTransactionScanner
2019-06-13 22:54:22,468 DEBUG block.SCMBlockDeletingService (SCMBlockDeletingService.java:call(155)) - Scanned deleted blocks log and got 3 delTX to process.
2019-06-13 22:54:22,468 DEBUG block.SCMBlockDeletingService (SCMBlockDeletingService.java:call(171)) - Added delete block command for datanode 85302df8-7a7f-4077-a053-c26dc3d3d65a in the queue, number of delete block transactions: 3, TxID list: 1,2,3
2019-06-13 22:54:22,468 INFO  block.SCMBlockDeletingService (SCMBlockDeletingService.java:call(182)) - Totally added 3 delete blocks command for 1 datanodes, task elapsed time: 1ms
2019-06-13 22:54:22,492 INFO  commands.RetriableDatanodeEventWatcher (RetriableDatanodeEventWatcher.java:onTimeout(47)) - RetriableDatanodeCommand type=deleteBlocksCommand with id=1560466452160 timed out. Retrying.
2019-06-13 22:54:22,496 INFO  commandhandler.DeleteBlocksCommandHandler (DeleteBlocksCommandHandler.java:handle(106)) - Start to delete container blocks, TXIDs=[1(0),2(0),3(0)], numOfContainers=3, numOfBlocks=553
2019-06-13 22:54:22,497 INFO  commands.RetriableDatanodeEventWatcher (RetriableDatanodeEventWatcher.java:onTimeout(47)) - RetriableDatanodeCommand type=deleteBlocksCommand with id=1560466452170 timed out. Retrying.
2019-06-13 22:54:22,497 INFO  commandhandler.DeleteBlocksCommandHandler (DeleteBlocksCommandHandler.java:handle(106)) - Start to delete container blocks, TXIDs=[1(0),2(0),3(0)], numOfContainers=3, numOfBlocks=553
2019-06-13 22:54:22,499 INFO  commandhandler.DeleteBlocksCommandHandler (DeleteBlocksCommandHandler.java:handle(106)) - Start to delete container blocks, TXIDs=[1(0),2(0),3(0)], numOfContainers=3, numOfBlocks=553
2019-06-13 22:54:22,500 INFO  commandhandler.DeleteBlocksCommandHandler (DeleteBlocksCommandHandler.java:handle(106)) - Start to delete container blocks, TXIDs=[1(0),2(0),3(0)], numOfContainers=3, numOfBlocks=553
2019-06-13 22:54:22,501 INFO  commandhandler.DeleteBlocksCommandHandler (DeleteBlocksCommandHandler.java:handle(106)) - Start to delete container blocks, TXIDs=[1(0),2(0),3(0)], numOfContainers=3, numOfBlocks=553
2019-06-13 22:54:22,502 INFO  commandhandler.DeleteBlocksCommandHandler (DeleteBlocksCommandHandler.java:handle(106)) - Start to delete container blocks, TXIDs=[1(0),2(0),3(0)], numOfContainers=3, numOfBlocks=553
2019-06-13 22:54:22,504 INFO  commandhandler.DeleteBlocksCommandHandler (DeleteBlocksCommandHandler.java:handle(106)) - Start to delete container blocks, TXIDs=[1(0),2(0),3(0)], numOfContainers=3, numOfBlocks=553
2019-06-13 22:54:22,505 INFO  commandhandler.DeleteBlocksCommandHandler (DeleteBlocksCommandHandler.java:handle(106)) - Start to delete container blocks, TXIDs=[1(0),2(0),3(0)], numOfContainers=3, numOfBlocks=553
2019-06-13 22:54:22,506 INFO  commandhandler.DeleteBlocksCommandHandler (DeleteBlocksCommandHandler.java:handle(106)) - Start to delete container blocks, TXIDs=[1(0),2(0),3(0)], numOfContainers=3, numOfBlocks=553
2019-06-13 22:54:22,508 INFO  commandhandler.DeleteBlocksCommandHandler (DeleteBlocksCommandHandler.java:handle(106)) - Start to delete container blocks, TXIDs=[1(0),2(0),3(0)], numOfContainers=3, numOfBlocks=553
2019-06-13 22:54:22,508 INFO  commands.RetriableDatanodeEventWatcher (RetriableDatanodeEventWatcher.java:onTimeout(47)) - RetriableDatanodeCommand type=deleteBlocksCommand with id=1560466452180 timed out. Retrying.
2019-06-13 22:54:22,508 INFO  commandhandler.DeleteBlocksCommandHandler (DeleteBlocksCommandHandler.java:handle(106)) - Start to delete container blocks, TXIDs=[1(0),2(0),3(0)], numOfContainers=3, numOfBlocks=553
2019-06-13 22:54:22,509 INFO  commandhandler.DeleteBlocksCommandHandler (DeleteBlocksCommandHandler.java:handle(106)) - Start to delete container blocks, TXIDs=[1(0),2(0),3(0)], numOfContainers=3, numOfBlocks=553
2019-06-13 22:54:22,510 INFO  commandhandler.DeleteBlocksCommandHandler (DeleteBlocksCommandHandler.java:handle(106)) - Start to delete container blocks, TXIDs=[1(0),2(0),3(0)], numOfContainers=3, numOfBlocks=553
2019-06-13 22:54:22,511 INFO  commandhandler.DeleteBlocksCommandHandler (DeleteBlocksCommandHandler.java:handle(106)) - Start to delete container blocks, TXIDs=[1(0),2(0),3(0)], numOfContainers=3, numOfBlocks=553
2019-06-13 22:54:22,511 INFO  commandhandler.DeleteBlocksCommandHandler (DeleteBlocksCommandHandler.java:handle(106)) - Start to delete container blocks, TXIDs=[1(0),2(0),3(0)], numOfContainers=3, numOfBlocks=553
2019-06-13 22:54:22,512 INFO  commandhandler.DeleteBlocksCommandHandler (DeleteBlocksCommandHandler.java:handle(106)) - Start to delete container blocks, TXIDs=[1(0),2(0),3(0)], numOfContainers=3, numOfBlocks=553
2019-06-13 22:54:22,513 INFO  commandhandler.DeleteBlocksCommandHandler (DeleteBlocksCommandHandler.java:handle(106)) - Start to delete container blocks, TXIDs=[1(0),2(0),3(0)], numOfContainers=3, numOfBlocks=553
2019-06-13 22:54:22,513 INFO  commandhandler.DeleteBlocksCommandHandler (DeleteBlocksCommandHandler.java:handle(106)) - Start to delete container blocks, TXIDs=[1(0),2(0),3(0)], numOfContainers=3, numOfBlocks=553
2019-06-13 22:54:22,514 INFO  commandhandler.DeleteBlocksCommandHandler (DeleteBlocksCommandHandler.java:handle(106)) - Start to delete container blocks, TXIDs=[1(0),2(0),3(0)], numOfContainers=3, numOfBlocks=553
2019-06-13 22:54:22,515 INFO  commandhandler.DeleteBlocksCommandHandler (DeleteBlocksCommandHandler.java:handle(106)) - Start to delete container blocks, TXIDs=[1(0),2(0),3(0)], numOfContainers=3, numOfBlocks=553
2019-06-13 22:54:22,515 INFO  commands.RetriableDatanodeEventWatcher (RetriableDatanodeEventWatcher.java:onTimeout(47)) - RetriableDatanodeCommand type=deleteBlocksCommand with id=1560466452190 timed out. Retrying.
2019-06-13 22:54:22,516 INFO  commandhandler.DeleteBlocksCommandHandler (DeleteBlocksCommandHandler.java:handle(106)) - Start to delete container blocks, TXIDs=[1(0),2(0),3(0)], numOfContainers=3, numOfBlocks=553
2019-06-13 22:54:22,516 INFO  commandhandler.DeleteBlocksCommandHandler (DeleteBlocksCommandHandler.java:handle(106)) - Start to delete container blocks, TXIDs=[1(0),2(0),3(0)], numOfContainers=3, numOfBlocks=553
2019-06-13 22:54:22,517 INFO  commandhandler.DeleteBlocksCommandHandler (DeleteBlocksCommandHandler.java:handle(106)) - Start to delete container blocks, TXIDs=[1(0),2(0),3(0)], numOfContainers=3, numOfBlocks=553
2019-06-13 22:54:22,518 INFO  commandhandler.DeleteBlocksCommandHandler (DeleteBlocksCommandHandler.java:handle(106)) - Start to delete container blocks, TXIDs=[1(0),2(0),3(0)], numOfContainers=3, numOfBlocks=553
2019-06-13 22:54:22,519 INFO  commandhandler.DeleteBlocksCommandHandler (DeleteBlocksCommandHandler.java:handle(106)) - Start to delete container blocks, TXIDs=[1(0),2(0),3(0)], numOfContainers=3, numOfBlocks=553
2019-06-13 22:54:22,519 INFO  commandhandler.DeleteBlocksCommandHandler (DeleteBlocksCommandHandler.java:handle(106)) - Start to delete container blocks, TXIDs=[1(0),2(0),3(0)], numOfContainers=3, numOfBlocks=553
2019-06-13 22:54:22,520 INFO  commands.RetriableDatanodeEventWatcher (RetriableDatanodeEventWatcher.java:onTimeout(47)) - RetriableDatanodeCommand type=deleteBlocksCommand with id=1560466452111 timed out. Retrying.
2019-06-13 22:54:22,520 INFO  commandhandler.DeleteBlocksCommandHandler (DeleteBlocksCommandHandler.java:handle(106)) - Start to delete container blocks, TXIDs=[1(0),2(0),3(0)], numOfContainers=3, numOfBlocks=553
2019-06-13 22:54:22,521 INFO  commandhandler.DeleteBlocksCommandHandler (DeleteBlocksCommandHandler.java:handle(106)) - Start to delete container blocks, TXIDs=[1(0),2(0),3(0)], numOfContainers=3, numOfBlocks=553
2019-06-13 22:54:22,521 INFO  commandhandler.DeleteBlocksCommandHandler (DeleteBlocksCommandHandler.java:handle(106)) - Start to delete container blocks, TXIDs=[1(0),2(0),3(0)], numOfContainers=3, numOfBlocks=553
2019-06-13 22:54:22,522 INFO  commandhandler.DeleteBlocksCommandHandler (DeleteBlocksCommandHandler.java:handle(106)) - Start to delete container blocks, TXIDs=[1(0),2(0),3(0)], numOfContainers=3, numOfBlocks=553
2019-06-13 22:54:22,523 INFO  commandhandler.DeleteBlocksCommandHandler (DeleteBlocksCommandHandler.java:handle(106)) - Start to delete container blocks, TXIDs=[1(0),2(0),3(0)], numOfContainers=3, numOfBlocks=553
2019-06-13 22:54:22,524 INFO  commandhandler.DeleteBlocksCommandHandler (DeleteBlocksCommandHandler.java:handle(106)) - Start to delete container blocks, TXIDs=[1(0),2(0),3(0)], numOfContainers=3, numOfBlocks=553
2019-06-13 22:54:22,524 INFO  commandhandler.DeleteBlocksCommandHandler (DeleteBlocksCommandHandler.java:handle(106)) - Start to delete container blocks, TXIDs=[1(0),2(0),3(0)], numOfContainers=3, numOfBlocks=553
2019-06-13 22:54:22,525 INFO  commandhandler.DeleteBlocksCommandHandler (DeleteBlocksCommandHandler.java:handle(106)) - Start to delete container blocks, TXIDs=[1(0),2(0),3(0)], numOfContainers=3, numOfBlocks=553
2019-06-13 22:54:22,526 INFO  commandhandler.DeleteBlocksCommandHandler (DeleteBlocksCommandHandler.java:handle(106)) - Start to delete container blocks, TXIDs=[1(0),2(0),3(0)], numOfContainers=3, numOfBlocks=553
2019-06-13 22:54:22,526 INFO  commandhandler.DeleteBlocksCommandHandler (DeleteBlocksCommandHandler.java:handle(106)) - Start to delete container blocks, TXIDs=[1(0),2(0),3(0)], numOfContainers=3, numOfBlocks=553
2019-06-13 22:54:22,527 INFO  commands.RetriableDatanodeEventWatcher (RetriableDatanodeEventWatcher.java:onTimeout(47)) - RetriableDatanodeCommand type=deleteBlocksCommand with id=1560466452200 timed out. Retrying.
2019-06-13 22:54:22,527 INFO  commandhandler.DeleteBlocksCommandHandler (DeleteBlocksCommandHandler.java:handle(106)) - Start to delete container blocks, TXIDs=[1(0),2(0),3(0)], numOfContainers=3, numOfBlocks=553
2019-06-13 22:54:22,528 INFO  commandhandler.DeleteBlocksCommandHandler (DeleteBlocksCommandHandler.java:handle(106)) - Start to delete container blocks, TXIDs=[1(0),2(0),3(0)], numOfContainers=3, numOfBlocks=553
2019-06-13 22:54:22,528 INFO  commands.RetriableDatanodeEventWatcher (RetriableDatanodeEventWatcher.java:onTimeout(47)) - RetriableDatanodeCommand type=deleteBlocksCommand with id=1560466452121 timed out. Retrying.
2019-06-13 22:54:22,529 INFO  commandhandler.DeleteBlocksCommandHandler (DeleteBlocksCommandHandler.java:handle(106)) - Start to delete container blocks, TXIDs=[1(0),2(0),3(0)], numOfContainers=3, numOfBlocks=553
2019-06-13 22:54:22,529 INFO  commandhandler.DeleteBlocksCommandHandler (DeleteBlocksCommandHandler.java:handle(106)) - Start to delete container blocks, TXIDs=[1(0),2(0),3(0)], numOfContainers=3, numOfBlocks=553
2019-06-13 22:54:22,530 INFO  commandhandler.DeleteBlocksCommandHandler (DeleteBlocksCommandHandler.java:handle(106)) - Start to delete container blocks, TXIDs=[1(0),2(0),3(0)], numOfContainers=3, numOfBlocks=553
2019-06-13 22:54:22,531 INFO  commandhandler.DeleteBlocksCommandHandler (DeleteBlocksCommandHandler.java:handle(106)) - Start to delete container blocks, TXIDs=[1(0),2(0),3(0)], numOfContainers=3, numOfBlocks=553
2019-06-13 22:54:22,532 INFO  commandhandler.DeleteBlocksCommandHandler (DeleteBlocksCommandHandler.java:handle(106)) - Start to delete container blocks, TXIDs=[1(0),2(0),3(0)], numOfContainers=3, numOfBlocks=553
2019-06-13 22:54:22,532 INFO  commandhandler.DeleteBlocksCommandHandler (DeleteBlocksCommandHandler.java:handle(106)) - Start to delete container blocks, TXIDs=[1(0),2(0),3(0)], numOfContainers=3, numOfBlocks=553
2019-06-13 22:54:22,533 INFO  commandhandler.DeleteBlocksCommandHandler (DeleteBlocksCommandHandler.java:handle(106)) - Start to delete container blocks, TXIDs=[1(0),2(0),3(0)], numOfContainers=3, numOfBlocks=553
2019-06-13 22:54:22,534 INFO  commandhandler.DeleteBlocksCommandHandler (DeleteBlocksCommandHandler.java:handle(106)) - Start to delete container blocks, TXIDs=[1(0),2(0),3(0)], numOfContainers=3, numOfBlocks=553
2019-06-13 22:54:22,534 INFO  commandhandler.DeleteBlocksCommandHandler (DeleteBlocksCommandHandler.java:handle(106)) - Start to delete container blocks, TXIDs=[1(0),2(0),3(0)], numOfContainers=3, numOfBlocks=553
2019-06-13 22:54:22,535 INFO  commandhandler.DeleteBlocksCommandHandler (DeleteBlocksCommandHandler.java:handle(106)) - Start to delete container blocks, TXIDs=[1(0),2(0),3(0)], numOfContainers=3, numOfBlocks=553
2019-06-13 22:54:22,536 INFO  commandhandler.DeleteBlocksCommandHandler (DeleteBlocksCommandHandler.java:handle(106)) - Start to delete container blocks, TXIDs=[1(0),2(0),3(0)], numOfContainers=3, numOfBlocks=553
2019-06-13 22:54:22,536 INFO  commandhandler.DeleteBlocksCommandHandler (DeleteBlocksCommandHandler.java:handle(106)) - Start to delete container blocks, TXIDs=[1(0),2(0),3(0)], numOfContainers=3, numOfBlocks=553
2019-06-13 22:54:22,537 INFO  commandhandler.DeleteBlocksCommandHandler (DeleteBlocksCommandHandler.java:handle(106)) - Start to delete container blocks, TXIDs=[1(0),2(0),3(0)], numOfContainers=3, numOfBlocks=553
2019-06-13 22:54:22,538 INFO  commandhandler.DeleteBlocksCommandHandler (DeleteBlocksCommandHandler.java:handle(106)) - Start to delete container blocks, TXIDs=[1(0),2(0),3(0)], numOfContainers=3, numOfBlocks=553
2019-06-13 22:54:22,538 INFO  commandhandler.DeleteBlocksCommandHandler (DeleteBlocksCommandHandler.java:handle(106)) - Start to delete container blocks, TXIDs=[1(0),2(0),3(0)], numOfContainers=3, numOfBlocks=553
2019-06-13 22:54:22,539 INFO  commandhandler.DeleteBlocksCommandHandler (DeleteBlocksCommandHandler.java:handle(106)) - Start to delete container blocks, TXIDs=[1(0),2(0),3(0)], numOfContainers=3, numOfBlocks=553
2019-06-13 22:54:22,539 INFO  commandhandler.DeleteBlocksCommandHandler (DeleteBlocksCommandHandler.java:handle(106)) - Start to delete container blocks, TXIDs=[1(0),2(0),3(0)], numOfContainers=3, numOfBlocks=553
2019-06-13 22:54:22,540 INFO  commandhandler.DeleteBlocksCommandHandler (DeleteBlocksCommandHandler.java:handle(106)) - Start to delete container blocks, TXIDs=[1(0),2(0),3(0)], numOfContainers=3, numOfBlocks=553
2019-06-13 22:54:22,540 INFO  commands.RetriableDatanodeEventWatcher (RetriableDatanodeEventWatcher.java:onTimeout(47)) - RetriableDatanodeCommand type=deleteBlocksCommand with id=1560466452131 timed out. Retrying.
2019-06-13 22:54:22,541 INFO  commandhandler.DeleteBlocksCommandHandler (DeleteBlocksCommandHandler.java:handle(106)) - Start to delete container blocks, TXIDs=[1(0),2(0),3(0)], numOfContainers=3, numOfBlocks=553
2019-06-13 22:54:22,541 INFO  commandhandler.DeleteBlocksCommandHandler (DeleteBlocksCommandHandler.java:handle(106)) - Start to delete container blocks, TXIDs=[1(0),2(0),3(0)], numOfContainers=3, numOfBlocks=553
2019-06-13 22:54:22,542 INFO  commandhandler.DeleteBlocksCommandHandler (DeleteBlocksCommandHandler.java:handle(106)) - Start to delete container blocks, TXIDs=[1(0),2(0),3(0)], numOfContainers=3, numOfBlocks=553
2019-06-13 22:54:22,543 INFO  commandhandler.DeleteBlocksCommandHandler (DeleteBlocksCommandHandler.java:handle(106)) - Start to delete container blocks, TXIDs=[1(0),2(0),3(0)], numOfContainers=3, numOfBlocks=553
2019-06-13 22:54:22,543 INFO  commandhandler.DeleteBlocksCommandHandler (DeleteBlocksCommandHandler.java:handle(106)) - Start to delete container blocks, TXIDs=[1(0),2(0),3(0)], numOfContainers=3, numOfBlocks=553
2019-06-13 22:54:22,544 INFO  commandhandler.DeleteBlocksCommandHandler (DeleteBlocksCommandHandler.java:handle(106)) - Start to delete container blocks, TXIDs=[1(0),2(0),3(0)], numOfContainers=3, numOfBlocks=553
2019-06-13 22:54:22,544 INFO  commandhandler.DeleteBlocksCommandHandler (DeleteBlocksCommandHandler.java:handle(106)) - Start to delete container blocks, TXIDs=[1(0),2(0),3(0)], numOfContainers=3, numOfBlocks=553
2019-06-13 22:54:22,545 INFO  commandhandler.DeleteBlocksCommandHandler (DeleteBlocksCommandHandler.java:handle(106)) - Start to delete container blocks, TXIDs=[1(0),2(0),3(0)], numOfContainers=3, numOfBlocks=553
2019-06-13 22:54:22,546 INFO  commandhandler.DeleteBlocksCommandHandler (DeleteBlocksCommandHandler.java:handle(106)) - Start to delete container blocks, TXIDs=[1(0),2(0),3(0)], numOfContainers=3, numOfBlocks=553
2019-06-13 22:54:22,546 INFO  commandhandler.DeleteBlocksCommandHandler (DeleteBlocksCommandHandler.java:handle(106)) - Start to delete container blocks, TXIDs=[1(0),2(0),3(0)], numOfContainers=3, numOfBlocks=553
2019-06-13 22:54:22,547 INFO  background.BlockDeletingService (BlockDeletingService.java:getTasks(123)) - Plan to choose 10 containers for block deletion, actually returns 3 valid containers.
2019-06-13 22:54:22,547 INFO  commandhandler.DeleteBlocksCommandHandler (DeleteBlocksCommandHandler.java:handle(106)) - Start to delete container blocks, TXIDs=[1(0),2(0),3(0)], numOfContainers=3, numOfBlocks=553
2019-06-13 22:54:22,548 INFO  commandhandler.DeleteBlocksCommandHandler (DeleteBlocksCommandHandler.java:handle(106)) - Start to delete container blocks, TXIDs=[1(0),2(0),3(0)], numOfContainers=3, numOfBlocks=553
2019-06-13 22:54:22,551 INFO  commandhandler.DeleteBlocksCommandHandler (DeleteBlocksCommandHandler.java:handle(106)) - Start to delete container blocks, TXIDs=[1(0),2(0),3(0)], numOfContainers=3, numOfBlocks=553
2019-06-13 22:54:22,552 INFO  commandhandler.DeleteBlocksCommandHandler (DeleteBlocksCommandHandler.java:handle(106)) - Start to delete container blocks, TXIDs=[1(0),2(0),3(0)], numOfContainers=3, numOfBlocks=553
2019-06-13 22:54:22,553 INFO  commandhandler.DeleteBlocksCommandHandler (DeleteBlocksCommandHandler.java:handle(106)) - Start to delete container blocks, TXIDs=[1(0),2(0),3(0)], numOfContainers=3, numOfBlocks=553
2019-06-13 22:54:22,554 INFO  commandhandler.DeleteBlocksCommandHandler (DeleteBlocksCommandHandler.java:handle(106)) - Start to delete container blocks, TXIDs=[1(0),2(0),3(0)], numOfContainers=3, numOfBlocks=553
2019-06-13 22:54:22,554 INFO  commands.RetriableDatanodeEventWatcher (RetriableDatanodeEventWatcher.java:onTimeout(47)) - RetriableDatanodeCommand type=deleteBlocksCommand with id=1560466452141 timed out. Retrying.
2019-06-13 22:54:22,555 INFO  commandhandler.DeleteBlocksCommandHandler (DeleteBlocksCommandHandler.java:handle(106)) - Start to delete container blocks, TXIDs=[1(0),2(0),3(0)], numOfContainers=3, numOfBlocks=553
2019-06-13 22:54:22,556 INFO  commandhandler.DeleteBlocksCommandHandler (DeleteBlocksCommandHandler.java:handle(106)) - Start to delete container blocks, TXIDs=[1(0),2(0),3(0)], numOfContainers=3, numOfBlocks=553
2019-06-13 22:54:22,557 INFO  commandhandler.DeleteBlocksCommandHandler (DeleteBlocksCommandHandler.java:handle(106)) - Start to delete container blocks, TXIDs=[1(0),2(0),3(0)], numOfContainers=3, numOfBlocks=553
2019-06-13 22:54:22,558 INFO  commandhandler.DeleteBlocksCommandHandler (DeleteBlocksCommandHandler.java:handle(106)) - Start to delete container blocks, TXIDs=[1(0),2(0),3(0)], numOfContainers=3, numOfBlocks=553
2019-06-13 22:54:22,559 INFO  commands.RetriableDatanodeEventWatcher (RetriableDatanodeEventWatcher.java:onTimeout(47)) - RetriableDatanodeCommand type=deleteBlocksCommand with id=1560466452151 timed out. Retrying.
2019-06-13 22:54:22,559 INFO  commandhandler.DeleteBlocksCommandHandler (DeleteBlocksCommandHandler.java:handle(106)) - Start to delete container blocks, TXIDs=[1(0),2(0),3(0)], numOfContainers=3, numOfBlocks=553
2019-06-13 22:54:22,560 INFO  commandhandler.DeleteBlocksCommandHandler (DeleteBlocksCommandHandler.java:handle(106)) - Start to delete container blocks, TXIDs=[1(0),2(0),3(0)], numOfContainers=3, numOfBlocks=553
2019-06-13 22:54:22,561 INFO  commandhandler.DeleteBlocksCommandHandler (DeleteBlocksCommandHandler.java:handle(106)) - Start to delete container blocks, TXIDs=[1(0),2(0),3(0)], numOfContainers=3, numOfBlocks=553
2019-06-13 22:54:22,562 INFO  commandhandler.DeleteBlocksCommandHandler (DeleteBlocksCommandHandler.java:handle(106)) - Start to delete container blocks, TXIDs=[1(0),2(0),3(0)], numOfContainers=3, numOfBlocks=553
2019-06-13 22:54:22,563 INFO  commandhandler.DeleteBlocksCommandHandler (DeleteBlocksCommandHandler.java:handle(106)) - Start to delete container blocks, TXIDs=[1(0),2(0),3(0)], numOfContainers=3, numOfBlocks=553
2019-06-13 22:54:22,564 INFO  commandhandler.DeleteBlocksCommandHandler (DeleteBlocksCommandHandler.java:handle(106)) - Start to delete container blocks, TXIDs=[1(0),2(0),3(0)], numOfContainers=3, numOfBlocks=553
2019-06-13 22:54:22,565 INFO  commandhandler.DeleteBlocksCommandHandler (DeleteBlocksCommandHandler.java:handle(106)) - Start to delete container blocks, TXIDs=[1(0),2(0),3(0)], numOfContainers=3, numOfBlocks=553
2019-06-13 22:54:22,566 INFO  commandhandler.DeleteBlocksCommandHandler (DeleteBlocksCommandHandler.java:handle(106)) - Start to delete container blocks, TXIDs=[1(0),2(0),3(0)], numOfContainers=3, numOfBlocks=553
2019-06-13 22:54:22,567 INFO  commandhandler.DeleteBlocksCommandHandler (DeleteBlocksCommandHandler.java:handle(106)) - Start to delete container blocks, TXIDs=[1(0),2(0),3(0)], numOfContainers=3, numOfBlocks=553
2019-06-13 22:54:22,568 INFO  commandhandler.DeleteBlocksCommandHandler (DeleteBlocksCommandHandler.java:handle(106)) - Start to delete container blocks, TXIDs=[1(0),2(0),3(0)], numOfContainers=3, numOfBlocks=553
2019-06-13 22:54:22,569 DEBUG block.SCMBlockDeletingService (SCMBlockDeletingService.java:call(138)) - Running DeletedBlockTransactionScanner
2019-06-13 22:54:22,569 DEBUG block.SCMBlockDeletingService (SCMBlockDeletingService.java:call(155)) - Scanned deleted blocks log and got 3 delTX to process.
2019-06-13 22:54:22,569 DEBUG block.SCMBlockDeletingService (SCMBlockDeletingService.java:call(171)) - Added delete block command for datanode 85302df8-7a7f-4077-a053-c26dc3d3d65a in the queue, number of delete block transactions: 3, TxID list: 1,2,3
2019-06-13 22:54:22,569 INFO  commandhandler.DeleteBlocksCommandHandler (DeleteBlocksCommandHandler.java:handle(106)) - Start to delete container blocks, TXIDs=[1(0),2(0),3(0)], numOfContainers=3, numOfBlocks=553
2019-06-13 22:54:22,569 INFO  block.SCMBlockDeletingService (SCMBlockDeletingService.java:call(182)) - Totally added 3 delete blocks command for 1 datanodes, task elapsed time: 1ms
2019-06-13 22:54:22,570 INFO  commands.RetriableDatanodeEventWatcher (RetriableDatanodeEventWatcher.java:onTimeout(47)) - RetriableDatanodeCommand type=deleteBlocksCommand with id=1560466452161 timed out. Retrying.
2019-06-13 22:54:22,570 INFO  commandhandler.DeleteBlocksCommandHandler (DeleteBlocksCommandHandler.java:handle(106)) - Start to delete container blocks, TXIDs=[1(0),2(0),3(0)], numOfContainers=3, numOfBlocks=553
2019-06-13 22:54:22,571 INFO  commandhandler.DeleteBlocksCommandHandler (DeleteBlocksCommandHandler.java:handle(106)) - Start to delete container blocks, TXIDs=[1(0),2(0),3(0)], numOfContainers=3, numOfBlocks=553
2019-06-13 22:54:22,572 INFO  commandhandler.DeleteBlocksCommandHandler (DeleteBlocksCommandHandler.java:handle(106)) - Start to delete container blocks, TXIDs=[1(0),2(0),3(0)], numOfContainers=3, numOfBlocks=553
2019-06-13 22:54:22,573 INFO  commandhandler.DeleteBlocksCommandHandler (DeleteBlocksCommandHandler.java:handle(106)) - Start to delete container blocks, TXIDs=[1(0),2(0),3(0)], numOfContainers=3, numOfBlocks=553
2019-06-13 22:54:22,574 INFO  commandhandler.DeleteBlocksCommandHandler (DeleteBlocksCommandHandler.java:handle(106)) - Start to delete container blocks, TXIDs=[1(0),2(0),3(0)], numOfContainers=3, numOfBlocks=553
2019-06-13 22:54:22,575 INFO  commandhandler.DeleteBlocksCommandHandler (DeleteBlocksCommandHandler.java:handle(106)) - Start to delete container blocks, TXIDs=[1(0),2(0),3(0)], numOfContainers=3, numOfBlocks=553
2019-06-13 22:54:22,576 INFO  commandhandler.DeleteBlocksCommandHandler (DeleteBlocksCommandHandler.java:handle(106)) - Start to delete container blocks, TXIDs=[1(0),2(0),3(0)], numOfContainers=3, numOfBlocks=553
2019-06-13 22:54:22,577 INFO  commandhandler.DeleteBlocksCommandHandler (DeleteBlocksCommandHandler.java:handle(106)) - Start to delete container blocks, TXIDs=[1(0),2(0),3(0)], numOfContainers=3, numOfBlocks=553
2019-06-13 22:54:22,578 INFO  commandhandler.DeleteBlocksCommandHandler (DeleteBlocksCommandHandler.java:handle(106)) - Start to delete container blocks, TXIDs=[1(0),2(0),3(0)], numOfContainers=3, numOfBlocks=553
2019-06-13 22:54:22,579 INFO  commandhandler.DeleteBlocksCommandHandler (DeleteBlocksCommandHandler.java:handle(106)) - Start to delete container blocks, TXIDs=[1(0),2(0),3(0)], numOfContainers=3, numOfBlocks=553
2019-06-13 22:54:22,580 INFO  commandhandler.DeleteBlocksCommandHandler (DeleteBlocksCommandHandler.java:handle(106)) - Start to delete container blocks, TXIDs=[1(0),2(0),3(0)], numOfContainers=3, numOfBlocks=553
2019-06-13 22:54:22,581 INFO  commandhandler.DeleteBlocksCommandHandler (DeleteBlocksCommandHandler.java:handle(106)) - Start to delete container blocks, TXIDs=[1(0),2(0),3(0)], numOfContainers=3, numOfBlocks=553
2019-06-13 22:54:22,582 INFO  commandhandler.DeleteBlocksCommandHandler (DeleteBlocksCommandHandler.java:handle(106)) - Start to delete container blocks, TXIDs=[1(0),2(0),3(0)], numOfContainers=3, numOfBlocks=553
2019-06-13 22:54:22,583 INFO  commandhandler.DeleteBlocksCommandHandler (DeleteBlocksCommandHandler.java:handle(106)) - Start to delete container blocks, TXIDs=[1(0),2(0),3(0)], numOfContainers=3, numOfBlocks=553
2019-06-13 22:54:22,584 INFO  commandhandler.DeleteBlocksCommandHandler (DeleteBlocksCommandHandler.java:handle(106)) - Start to delete container blocks, TXIDs=[1(0),2(0),3(0)], numOfContainers=3, numOfBlocks=553
2019-06-13 22:54:22,585 INFO  commandhandler.DeleteBlocksCommandHandler (DeleteBlocksCommandHandler.java:handle(106)) - Start to delete container blocks, TXIDs=[1(0),2(0),3(0)], numOfContainers=3, numOfBlocks=553
2019-06-13 22:54:22,586 INFO  commandhandler.DeleteBlocksCommandHandler (DeleteBlocksCommandHandler.java:handle(106)) - Start to delete container blocks, TXIDs=[1(0),2(0),3(0)], numOfContainers=3, numOfBlocks=553
2019-06-13 22:54:22,587 INFO  commandhandler.DeleteBlocksCommandHandler (DeleteBlocksCommandHandler.java:handle(106)) - Start to delete container blocks, TXIDs=[1(0),2(0),3(0)], numOfContainers=3, numOfBlocks=553
2019-06-13 22:54:22,588 INFO  commandhandler.DeleteBlocksCommandHandler (DeleteBlocksCommandHandler.java:handle(106)) - Start to delete container blocks, TXIDs=[1(0),2(0),3(0)], numOfContainers=3, numOfBlocks=553
2019-06-13 22:54:22,588 INFO  commandhandler.DeleteBlocksCommandHandler (DeleteBlocksCommandHandler.java:handle(106)) - Start to delete container blocks, TXIDs=[1(0),2(0),3(0)], numOfContainers=3, numOfBlocks=553
2019-06-13 22:54:22,589 INFO  commandhandler.DeleteBlocksCommandHandler (DeleteBlocksCommandHandler.java:handle(106)) - Start to delete container blocks, TXIDs=[1(0),2(0),3(0)], numOfContainers=3, numOfBlocks=553
2019-06-13 22:54:22,590 INFO  commandhandler.DeleteBlocksCommandHandler (DeleteBlocksCommandHandler.java:handle(106)) - Start to delete container blocks, TXIDs=[1(0),2(0),3(0)], numOfContainers=3, numOfBlocks=553
2019-06-13 22:54:22,591 INFO  commandhandler.DeleteBlocksCommandHandler (DeleteBlocksCommandHandler.java:handle(106)) - Start to delete container blocks, TXIDs=[1(0),2(0),3(0)], numOfContainers=3, numOfBlocks=553
2019-06-13 22:54:22,592 INFO  commandhandler.DeleteBlocksCommandHandler (DeleteBlocksCommandHandler.java:handle(106)) - Start to delete container blocks, TXIDs=[1(0),2(0),3(0)], numOfContainers=3, numOfBlocks=553
2019-06-13 22:54:22,593 INFO  commandhandler.DeleteBlocksCommandHandler (DeleteBlocksCommandHandler.java:handle(106)) - Start to delete container blocks, TXIDs=[1(0),2(0),3(0)], numOfContainers=3, numOfBlocks=553
2019-06-13 22:54:22,595 INFO  commandhandler.DeleteBlocksCommandHandler (DeleteBlocksCommandHandler.java:handle(106)) - Start to delete container blocks, TXIDs=[1(0),2(0),3(0)], numOfContainers=3, numOfBlocks=553
2019-06-13 22:54:22,596 INFO  commandhandler.DeleteBlocksCommandHandler (DeleteBlocksCommandHandler.java:handle(106)) - Start to delete container blocks, TXIDs=[1(0),2(0),3(0)], numOfContainers=3, numOfBlocks=553
2019-06-13 22:54:22,597 INFO  commandhandler.DeleteBlocksCommandHandler (DeleteBlocksCommandHandler.java:handle(106)) - Start to delete container blocks, TXIDs=[1(0),2(0),3(0)], numOfContainers=3, numOfBlocks=553
2019-06-13 22:54:22,598 INFO  commandhandler.DeleteBlocksCommandHandler (DeleteBlocksCommandHandler.java:handle(106)) - Start to delete container blocks, TXIDs=[1(0),2(0),3(0)], numOfContainers=3, numOfBlocks=553
2019-06-13 22:54:22,599 INFO  commands.RetriableDatanodeEventWatcher (RetriableDatanodeEventWatcher.java:onTimeout(47)) - RetriableDatanodeCommand type=deleteBlocksCommand with id=1560466452171 timed out. Retrying.
2019-06-13 22:54:22,599 INFO  commandhandler.DeleteBlocksCommandHandler (DeleteBlocksCommandHandler.java:handle(106)) - Start to delete container blocks, TXIDs=[1(0),2(0),3(0)], numOfContainers=3, numOfBlocks=553
2019-06-13 22:54:22,600 INFO  commandhandler.DeleteBlocksCommandHandler (DeleteBlocksCommandHandler.java:handle(106)) - Start to delete container blocks, TXIDs=[1(0),2(0),3(0)], numOfContainers=3, numOfBlocks=553
2019-06-13 22:54:22,601 INFO  commandhandler.DeleteBlocksCommandHandler (DeleteBlocksCommandHandler.java:handle(106)) - Start to delete container blocks, TXIDs=[1(0),2(0),3(0)], numOfContainers=3, numOfBlocks=553
2019-06-13 22:54:22,602 INFO  commandhandler.DeleteBlocksCommandHandler (DeleteBlocksCommandHandler.java:handle(106)) - Start to delete container blocks, TXIDs=[1(0),2(0),3(0)], numOfContainers=3, numOfBlocks=553
2019-06-13 22:54:22,603 INFO  commandhandler.DeleteBlocksCommandHandler (DeleteBlocksCommandHandler.java:handle(106)) - Start to delete container blocks, TXIDs=[1(0),2(0),3(0)], numOfContainers=3, numOfBlocks=553
2019-06-13 22:54:22,604 INFO  commandhandler.DeleteBlocksCommandHandler (DeleteBlocksCommandHandler.java:handle(106)) - Start to delete container blocks, TXIDs=[1(0),2(0),3(0)], numOfContainers=3, numOfBlocks=553
2019-06-13 22:54:22,605 INFO  commandhandler.DeleteBlocksCommandHandler (DeleteBlocksCommandHandler.java:handle(106)) - Start to delete container blocks, TXIDs=[1(0),2(0),3(0)], numOfContainers=3, numOfBlocks=553
2019-06-13 22:54:22,606 INFO  commandhandler.DeleteBlocksCommandHandler (DeleteBlocksCommandHandler.java:handle(106)) - Start to delete container blocks, TXIDs=[1(0),2(0),3(0)], numOfContainers=3, numOfBlocks=553
2019-06-13 22:54:22,607 INFO  commandhandler.DeleteBlocksCommandHandler (DeleteBlocksCommandHandler.java:handle(106)) - Start to delete container blocks, TXIDs=[1(0),2(0),3(0)], numOfContainers=3, numOfBlocks=553
2019-06-13 22:54:22,608 INFO  commandhandler.DeleteBlocksCommandHandler (DeleteBlocksCommandHandler.java:handle(106)) - Start to delete container blocks, TXIDs=[1(0),2(0),3(0)], numOfContainers=3, numOfBlocks=553
2019-06-13 22:54:22,608 INFO  commands.RetriableDatanodeEventWatcher (RetriableDatanodeEventWatcher.java:onTimeout(47)) - RetriableDatanodeCommand type=deleteBlocksCommand with id=1560466452181 timed out. Retrying.
2019-06-13 22:54:22,609 INFO  commandhandler.DeleteBlocksCommandHandler (DeleteBlocksCommandHandler.java:handle(106)) - Start to delete container blocks, TXIDs=[1(0),2(0),3(0)], numOfContainers=3, numOfBlocks=553
2019-06-13 22:54:22,610 INFO  commandhandler.DeleteBlocksCommandHandler (DeleteBlocksCommandHandler.java:handle(106)) - Start to delete container blocks, TXIDs=[1(0),2(0),3(0)], numOfContainers=3, numOfBlocks=553
2019-06-13 22:54:22,611 INFO  commandhandler.DeleteBlocksCommandHandler (DeleteBlocksCommandHandler.java:handle(106)) - Start to delete container blocks, TXIDs=[1(0),2(0),3(0)], numOfContainers=3, numOfBlocks=553
2019-06-13 22:54:22,612 INFO  commandhandler.DeleteBlocksCommandHandler (DeleteBlocksCommandHandler.java:handle(106)) - Start to delete container blocks, TXIDs=[1(0),2(0),3(0)], numOfContainers=3, numOfBlocks=553
2019-06-13 22:54:22,614 INFO  commandhandler.DeleteBlocksCommandHandler (DeleteBlocksCommandHandler.java:handle(106)) - Start to delete container blocks, TXIDs=[1(0),2(0),3(0)], numOfContainers=3, numOfBlocks=553
2019-06-13 22:54:22,615 INFO  commandhandler.DeleteBlocksCommandHandler (DeleteBlocksCommandHandler.java:handle(106)) - Start to delete container blocks, TXIDs=[1(0),2(0),3(0)], numOfContainers=3, numOfBlocks=553
2019-06-13 22:54:22,616 INFO  commandhandler.DeleteBlocksCommandHandler (DeleteBlocksCommandHandler.java:handle(106)) - Start to delete container blocks, TXIDs=[1(0),2(0),3(0)], numOfContainers=3, numOfBlocks=553
2019-06-13 22:54:22,617 INFO  commandhandler.DeleteBlocksCommandHandler (DeleteBlocksCommandHandler.java:handle(106)) - Start to delete container blocks, TXIDs=[1(0),2(0),3(0)], numOfContainers=3, numOfBlocks=553
2019-06-13 22:54:22,617 INFO  commands.RetriableDatanodeEventWatcher (RetriableDatanodeEventWatcher.java:onTimeout(47)) - RetriableDatanodeCommand type=deleteBlocksCommand with id=1560466452191 timed out. Retrying.
2019-06-13 22:54:22,618 INFO  commandhandler.DeleteBlocksCommandHandler (DeleteBlocksCommandHandler.java:handle(106)) - Start to delete container blocks, TXIDs=[1(0),2(0),3(0)], numOfContainers=3, numOfBlocks=553
2019-06-13 22:54:22,619 INFO  commandhandler.DeleteBlocksCommandHandler (DeleteBlocksCommandHandler.java:handle(106)) - Start to delete container blocks, TXIDs=[1(0),2(0),3(0)], numOfContainers=3, numOfBlocks=553
2019-06-13 22:54:22,620 INFO  commandhandler.DeleteBlocksCommandHandler (DeleteBlocksCommandHandler.java:handle(106)) - Start to delete container blocks, TXIDs=[1(0),2(0),3(0)], numOfContainers=3, numOfBlocks=553
2019-06-13 22:54:22,621 INFO  commandhandler.DeleteBlocksCommandHandler (DeleteBlocksCommandHandler.java:handle(106)) - Start to delete container blocks, TXIDs=[1(0),2(0),3(0)], numOfContainers=3, numOfBlocks=553
2019-06-13 22:54:22,622 INFO  commandhandler.DeleteBlocksCommandHandler (DeleteBlocksCommandHandler.java:handle(106)) - Start to delete container blocks, TXIDs=[1(0),2(0),3(0)], numOfContainers=3, numOfBlocks=553
2019-06-13 22:54:22,622 INFO  commands.RetriableDatanodeEventWatcher (RetriableDatanodeEventWatcher.java:onTimeout(47)) - RetriableDatanodeCommand type=deleteBlocksCommand with id=1560466452112 timed out. Retrying.
2019-06-13 22:54:22,623 INFO  commandhandler.DeleteBlocksCommandHandler (DeleteBlocksCommandHandler.java:handle(106)) - Start to delete container blocks, TXIDs=[1(0),2(0),3(0)], numOfContainers=3, numOfBlocks=553
2019-06-13 22:54:22,624 INFO  commandhandler.DeleteBlocksCommandHandler (DeleteBlocksCommandHandler.java:handle(106)) - Start to delete container blocks, TXIDs=[1(0),2(0),3(0)], numOfContainers=3, numOfBlocks=553
2019-06-13 22:54:22,625 INFO  commandhandler.DeleteBlocksCommandHandler (DeleteBlocksCommandHandler.java:handle(106)) - Start to delete container blocks, TXIDs=[1(0),2(0),3(0)], numOfContainers=3, numOfBlocks=553
2019-06-13 22:54:22,626 INFO  commandhandler.DeleteBlocksCommandHandler (DeleteBlocksCommandHandler.java:handle(106)) - Start to delete container blocks, TXIDs=[1(0),2(0),3(0)], numOfContainers=3, numOfBlocks=553
2019-06-13 22:54:22,627 INFO  commandhandler.DeleteBlocksCommandHandler (DeleteBlocksCommandHandler.java:handle(106)) - Start to delete container blocks, TXIDs=[1(0),2(0),3(0)], numOfContainers=3, numOfBlocks=553
2019-06-13 22:54:22,628 INFO  commandhandler.DeleteBlocksCommandHandler (DeleteBlocksCommandHandler.java:handle(106)) - Start to delete container blocks, TXIDs=[1(0),2(0),3(0)], numOfContainers=3, numOfBlocks=553
2019-06-13 22:54:22,629 INFO  commandhandler.DeleteBlocksCommandHandler (DeleteBlocksCommandHandler.java:handle(106)) - Start to delete container blocks, TXIDs=[1(0),2(0),3(0)], numOfContainers=3, numOfBlocks=553
2019-06-13 22:54:22,629 INFO  commands.RetriableDatanodeEventWatcher (RetriableDatanodeEventWatcher.java:onTimeout(47)) - RetriableDatanodeCommand type=deleteBlocksCommand with id=1560466452122 timed out. Retrying.
2019-06-13 22:54:22,630 INFO  commandhandler.DeleteBlocksCommandHandler (DeleteBlocksCommandHandler.java:handle(106)) - Start to delete container blocks, TXIDs=[1(0),2(0),3(0)], numOfContainers=3, numOfBlocks=553
2019-06-13 22:54:22,631 INFO  commandhandler.DeleteBlocksCommandHandler (DeleteBlocksCommandHandler.java:handle(106)) - Start to delete container blocks, TXIDs=[1(0),2(0),3(0)], numOfContainers=3, numOfBlocks=553
2019-06-13 22:54:22,632 INFO  commandhandler.DeleteBlocksCommandHandler (DeleteBlocksCommandHandler.java:handle(106)) - Start to delete container blocks, TXIDs=[1(0),2(0),3(0)], numOfContainers=3, numOfBlocks=553
2019-06-13 22:54:22,632 INFO  commandhandler.DeleteBlocksCommandHandler (DeleteBlocksCommandHandler.java:handle(106)) - Start to delete container blocks, TXIDs=[1(0),2(0),3(0)], numOfContainers=3, numOfBlocks=553
2019-06-13 22:54:22,634 INFO  commandhandler.DeleteBlocksCommandHandler (DeleteBlocksCommandHandler.java:handle(106)) - Start to delete container blocks, TXIDs=[1(0),2(0),3(0)], numOfContainers=3, numOfBlocks=553
2019-06-13 22:54:22,635 INFO  commandhandler.DeleteBlocksCommandHandler (DeleteBlocksCommandHandler.java:handle(106)) - Start to delete container blocks, TXIDs=[1(0),2(0),3(0)], numOfContainers=3, numOfBlocks=553
2019-06-13 22:54:22,636 INFO  commandhandler.DeleteBlocksCommandHandler (DeleteBlocksCommandHandler.java:handle(106)) - Start to delete container blocks, TXIDs=[1(0),2(0),3(0)], numOfContainers=3, numOfBlocks=553
2019-06-13 22:54:22,636 INFO  commandhandler.DeleteBlocksCommandHandler (DeleteBlocksCommandHandler.java:handle(106)) - Start to delete container blocks, TXIDs=[1(0),2(0),3(0)], numOfContainers=3, numOfBlocks=553
2019-06-13 22:54:22,638 INFO  commandhandler.DeleteBlocksCommandHandler (DeleteBlocksCommandHandler.java:handle(106)) - Start to delete container blocks, TXIDs=[1(0),2(0),3(0)], numOfContainers=3, numOfBlocks=553
2019-06-13 22:54:22,639 INFO  commandhandler.DeleteBlocksCommandHandler (DeleteBlocksCommandHandler.java:handle(106)) - Start to delete container blocks, TXIDs=[1(0),2(0),3(0)], numOfContainers=3, numOfBlocks=553
2019-06-13 22:54:22,640 INFO  commandhandler.DeleteBlocksCommandHandler (DeleteBlocksCommandHandler.java:handle(106)) - Start to delete container blocks, TXIDs=[1(0),2(0),3(0)], numOfContainers=3, numOfBlocks=553
2019-06-13 22:54:22,641 INFO  commandhandler.DeleteBlocksCommandHandler (DeleteBlocksCommandHandler.java:handle(106)) - Start to delete container blocks, TXIDs=[1(0),2(0),3(0)], numOfContainers=3, numOfBlocks=553
2019-06-13 22:54:22,643 INFO  commands.RetriableDatanodeEventWatcher (RetriableDatanodeEventWatcher.java:onTimeout(47)) - RetriableDatanodeCommand type=deleteBlocksCommand with id=1560466452132 timed out. Retrying.
2019-06-13 22:54:22,654 INFO  commandhandler.DeleteBlocksCommandHandler (DeleteBlocksCommandHandler.java:handle(106)) - Start to delete container blocks, TXIDs=[1(0),2(0),3(0)], numOfContainers=3, numOfBlocks=553
2019-06-13 22:54:22,655 INFO  commands.RetriableDatanodeEventWatcher (RetriableDatanodeEventWatcher.java:onTimeout(47)) - RetriableDatanodeCommand type=deleteBlocksCommand with id=1560466452201 timed out. Retrying.
2019-06-13 22:54:22,655 INFO  commandhandler.DeleteBlocksCommandHandler (DeleteBlocksCommandHandler.java:handle(106)) - Start to delete container blocks, TXIDs=[1(0),2(0),3(0)], numOfContainers=3, numOfBlocks=553
2019-06-13 22:54:22,656 INFO  commandhandler.DeleteBlocksCommandHandler (DeleteBlocksCommandHandler.java:handle(106)) - Start to delete container blocks, TXIDs=[1(0),2(0),3(0)], numOfContainers=3, numOfBlocks=553
2019-06-13 22:54:22,657 INFO  commandhandler.DeleteBlocksCommandHandler (DeleteBlocksCommandHandler.java:handle(106)) - Start to delete container blocks, TXIDs=[1(0),2(0),3(0)], numOfContainers=3, numOfBlocks=553
2019-06-13 22:54:22,658 INFO  commandhandler.DeleteBlocksCommandHandler (DeleteBlocksCommandHandler.java:handle(106)) - Start to delete container blocks, TXIDs=[1(0),2(0),3(0)], numOfContainers=3, numOfBlocks=553
2019-06-13 22:54:22,659 INFO  commandhandler.DeleteBlocksCommandHandler (DeleteBlocksCommandHandler.java:handle(106)) - Start to delete container blocks, TXIDs=[1(0),2(0),3(0)], numOfContainers=3, numOfBlocks=553
2019-06-13 22:54:22,660 INFO  commandhandler.DeleteBlocksCommandHandler (DeleteBlocksCommandHandler.java:handle(106)) - Start to delete container blocks, TXIDs=[1(0),2(0),3(0)], numOfContainers=3, numOfBlocks=553
2019-06-13 22:54:22,661 INFO  commands.RetriableDatanodeEventWatcher (RetriableDatanodeEventWatcher.java:onTimeout(47)) - RetriableDatanodeCommand type=deleteBlocksCommand with id=1560466452152 timed out. Retrying.
2019-06-13 22:54:22,662 INFO  commands.RetriableDatanodeEventWatcher (RetriableDatanodeEventWatcher.java:onTimeout(47)) - RetriableDatanodeCommand type=deleteBlocksCommand with id=1560466452142 timed out. Retrying.
2019-06-13 22:54:22,662 INFO  commandhandler.DeleteBlocksCommandHandler (DeleteBlocksCommandHandler.java:handle(106)) - Start to delete container blocks, TXIDs=[1(0),2(0),3(0)], numOfContainers=3, numOfBlocks=553
2019-06-13 22:54:22,663 INFO  commandhandler.DeleteBlocksCommandHandler (DeleteBlocksCommandHandler.java:handle(106)) - Start to delete container blocks, TXIDs=[1(0),2(0),3(0)], numOfContainers=3, numOfBlocks=553
2019-06-13 22:54:22,664 INFO  commandhandler.DeleteBlocksCommandHandler (DeleteBlocksCommandHandler.java:handle(106)) - Start to delete container blocks, TXIDs=[1(0),2(0),3(0)], numOfContainers=3, numOfBlocks=553
2019-06-13 22:54:22,665 INFO  commandhandler.DeleteBlocksCommandHandler (DeleteBlocksCommandHandler.java:handle(106)) - Start to delete container blocks, TXIDs=[1(0),2(0),3(0)], numOfContainers=3, numOfBlocks=553
2019-06-13 22:54:22,666 INFO  commandhandler.DeleteBlocksCommandHandler (DeleteBlocksCommandHandler.java:handle(106)) - Start to delete container blocks, TXIDs=[1(0),2(0),3(0)], numOfContainers=3, numOfBlocks=553
2019-06-13 22:54:22,669 INFO  commandhandler.DeleteBlocksCommandHandler (DeleteBlocksCommandHandler.java:handle(106)) - Start to delete container blocks, TXIDs=[1(0),2(0),3(0)], numOfContainers=3, numOfBlocks=553
2019-06-13 22:54:22,670 DEBUG block.SCMBlockDeletingService (SCMBlockDeletingService.java:call(138)) - Running DeletedBlockTransactionScanner
2019-06-13 22:54:22,670 DEBUG block.SCMBlockDeletingService (SCMBlockDeletingService.java:call(155)) - Scanned deleted blocks log and got 3 delTX to process.
2019-06-13 22:54:22,670 DEBUG block.SCMBlockDeletingService (SCMBlockDeletingService.java:call(171)) - Added delete block command for datanode 85302df8-7a7f-4077-a053-c26dc3d3d65a in the queue, number of delete block transactions: 3, TxID list: 1,2,3
2019-06-13 22:54:22,670 INFO  commandhandler.DeleteBlocksCommandHandler (SCMBlockDeletingService.java:call(182)) - Totally added 3 delete blocks command for 1 datanodes, task elapsed time: 1ms
2019-06-13 22:54:22,670 INFO  commandhandler.DeleteBlocksCommandHandler (DeleteBlocksCommandHandler.java:handle(106)) - Start to delete container blocks, TXIDs=[1(0),2(0),3(0)], numOfContainers=3, numOfBlocks=553
2019-06-13 22:54:22,672 INFO  commandhandler.DeleteBlocksCommandHandler (DeleteBlocksCommandHandler.java:handle(106)) - Start to delete container blocks, TXIDs=[1(0),2(0),3(0)], numOfContainers=3, numOfBlocks=553
2019-06-13 22:54:22,672 INFO  commands.RetriableDatanodeEventWatcher (RetriableDatanodeEventWatcher.java:onTimeout(47)) - RetriableDatanodeCommand type=deleteBlocksCommand with id=1560466452162 timed out. Retrying.
2019-06-13 22:54:22,673 INFO  commandhandler.DeleteBlocksCommandHandler (DeleteBlocksCommandHandler.java:handle(106)) - Start to delete container blocks, TXIDs=[1(0),2(0),3(0)], numOfContainers=3, numOfBlocks=553
2019-06-13 22:54:22,674 INFO  commandhandler.DeleteBlocksCommandHandler (DeleteBlocksCommandHandler.java:handle(106)) - Start to delete container blocks, TXIDs=[1(0),2(0),3(0)], numOfContainers=3, numOfBlocks=553
2019-06-13 22:54:22,675 INFO  commandhandler.DeleteBlocksCommandHandler (DeleteBlocksCommandHandler.java:handle(106)) - Start to delete container blocks, TXIDs=[1(0),2(0),3(0)], numOfContainers=3, numOfBlocks=553
2019-06-13 22:54:22,676 INFO  commandhandler.DeleteBlocksCommandHandler (DeleteBlocksCommandHandler.java:handle(106)) - Start to delete container blocks, TXIDs=[1(0),2(0),3(0)], numOfContainers=3, numOfBlocks=553
2019-06-13 22:54:22,677 INFO  commandhandler.DeleteBlocksCommandHandler (DeleteBlocksCommandHandler.java:handle(106)) - Start to delete container blocks, TXIDs=[1(0),2(0),3(0)], numOfContainers=3, numOfBlocks=553
2019-06-13 22:54:22,678 INFO  commandhandler.DeleteBlocksCommandHandler (DeleteBlocksCommandHandler.java:handle(106)) - Start to delete container blocks, TXIDs=[1(0),2(0),3(0)], numOfContainers=3, numOfBlocks=553
2019-06-13 22:54:22,679 INFO  commandhandler.DeleteBlocksCommandHandler (DeleteBlocksCommandHandler.java:handle(106)) - Start to delete container blocks, TXIDs=[1(0),2(0),3(0)], numOfContainers=3, numOfBlocks=553
2019-06-13 22:54:22,680 INFO  commandhandler.DeleteBlocksCommandHandler (DeleteBlocksCommandHandler.java:handle(106)) - Start to delete container blocks, TXIDs=[1(0),2(0),3(0)], numOfContainers=3, numOfBlocks=553
2019-06-13 22:54:22,682 INFO  commandhandler.DeleteBlocksCommandHandler (DeleteBlocksCommandHandler.java:handle(106)) - Start to delete container blocks, TXIDs=[1(0),2(0),3(0)], numOfContainers=3, numOfBlocks=553
2019-06-13 22:54:22,683 INFO  commandhandler.DeleteBlocksCommandHandler (DeleteBlocksCommandHandler.java:handle(106)) - Start to delete container blocks, TXIDs=[1(0),2(0),3(0)], numOfContainers=3, numOfBlocks=553
2019-06-13 22:54:22,684 INFO  commandhandler.DeleteBlocksCommandHandler (DeleteBlocksCommandHandler.java:handle(106)) - Start to delete container blocks, TXIDs=[1(0),2(0),3(0)], numOfContainers=3, numOfBlocks=553
2019-06-13 22:54:22,685 INFO  commandhandler.DeleteBlocksCommandHandler (DeleteBlocksCommandHandler.java:handle(106)) - Start to delete container blocks, TXIDs=[1(0),2(0),3(0)], numOfContainers=3, numOfBlocks=553
2019-06-13 22:54:22,686 INFO  commandhandler.DeleteBlocksCommandHandler (DeleteBlocksCommandHandler.java:handle(106)) - Start to delete container blocks, TXIDs=[1(0),2(0),3(0)], numOfContainers=3, numOfBlocks=553
2019-06-13 22:54:22,687 INFO  commandhandler.DeleteBlocksCommandHandler (DeleteBlocksCommandHandler.java:handle(106)) - Start to delete container blocks, TXIDs=[1(0),2(0),3(0)], numOfContainers=3, numOfBlocks=553
2019-06-13 22:54:22,688 INFO  commandhandler.DeleteBlocksCommandHandler (DeleteBlocksCommandHandler.java:handle(106)) - Start to delete container blocks, TXIDs=[1(0),2(0),3(0)], numOfContainers=3, numOfBlocks=553
2019-06-13 22:54:22,689 INFO  commandhandler.DeleteBlocksCommandHandler (DeleteBlocksCommandHandler.java:handle(106)) - Start to delete container blocks, TXIDs=[1(0),2(0),3(0)], numOfContainers=3, numOfBlocks=553
2019-06-13 22:54:22,690 INFO  commandhandler.DeleteBlocksCommandHandler (DeleteBlocksCommandHandler.java:handle(106)) - Start to delete container blocks, TXIDs=[1(0),2(0),3(0)], numOfContainers=3, numOfBlocks=553
2019-06-13 22:54:22,691 INFO  commandhandler.DeleteBlocksCommandHandler (DeleteBlocksCommandHandler.java:handle(106)) - Start to delete container blocks, TXIDs=[1(0),2(0),3(0)], numOfContainers=3, numOfBlocks=553
2019-06-13 22:54:22,692 INFO  commandhandler.DeleteBlocksCommandHandler (DeleteBlocksCommandHandler.java:handle(106)) - Start to delete container blocks, TXIDs=[1(0),2(0),3(0)], numOfContainers=3, numOfBlocks=553
2019-06-13 22:54:22,693 INFO  commandhandler.DeleteBlocksCommandHandler (DeleteBlocksCommandHandler.java:handle(106)) - Start to delete container blocks, TXIDs=[1(0),2(0),3(0)], numOfContainers=3, numOfBlocks=553
2019-06-13 22:54:22,694 INFO  commandhandler.DeleteBlocksCommandHandler (DeleteBlocksCommandHandler.java:handle(106)) - Start to delete container blocks, TXIDs=[1(0),2(0),3(0)], numOfContainers=3, numOfBlocks=553
2019-06-13 22:54:22,695 INFO  commandhandler.DeleteBlocksCommandHandler (DeleteBlocksCommandHandler.java:handle(106)) - Start to delete container blocks, TXIDs=[1(0),2(0),3(0)], numOfContainers=3, numOfBlocks=553
2019-06-13 22:54:22,696 INFO  commandhandler.DeleteBlocksCommandHandler (DeleteBlocksCommandHandler.java:handle(106)) - Start to delete container blocks, TXIDs=[1(0),2(0),3(0)], numOfContainers=3, numOfBlocks=553
2019-06-13 22:54:22,697 INFO  commandhandler.DeleteBlocksCommandHandler (DeleteBlocksCommandHandler.java:handle(106)) - Start to delete container blocks, TXIDs=[1(0),2(0),3(0)], numOfContainers=3, numOfBlocks=553
2019-06-13 22:54:22,698 INFO  commandhandler.DeleteBlocksCommandHandler (DeleteBlocksCommandHandler.java:handle(106)) - Start to delete container blocks, TXIDs=[1(0),2(0),3(0)], numOfContainers=3, numOfBlocks=553
2019-06-13 22:54:22,699 INFO  commands.RetriableDatanodeEventWatcher (RetriableDatanodeEventWatcher.java:onTimeout(47)) - RetriableDatanodeCommand type=deleteBlocksCommand with id=1560466452172 timed out. Retrying.
2019-06-13 22:54:22,699 INFO  commandhandler.DeleteBlocksCommandHandler (DeleteBlocksCommandHandler.java:handle(106)) - Start to delete container blocks, TXIDs=[1(0),2(0),3(0)], numOfContainers=3, numOfBlocks=553
2019-06-13 22:54:22,700 INFO  commandhandler.DeleteBlocksCommandHandler (DeleteBlocksCommandHandler.java:handle(106)) - Start to delete container blocks, TXIDs=[1(0),2(0),3(0)], numOfContainers=3, numOfBlocks=553
2019-06-13 22:54:22,701 INFO  commandhandler.DeleteBlocksCommandHandler (DeleteBlocksCommandHandler.java:handle(106)) - Start to delete container blocks, TXIDs=[1(0),2(0),3(0)], numOfContainers=3, numOfBlocks=553
2019-06-13 22:54:22,705 INFO  commandhandler.DeleteBlocksCommandHandler (DeleteBlocksCommandHandler.java:handle(106)) - Start to delete container blocks, TXIDs=[1(0),2(0),3(0)], numOfContainers=3, numOfBlocks=553
2019-06-13 22:54:22,706 INFO  commandhandler.DeleteBlocksCommandHandler (DeleteBlocksCommandHandler.java:handle(106)) - Start to delete container blocks, TXIDs=[1(0),2(0),3(0)], numOfContainers=3, numOfBlocks=553
2019-06-13 22:54:22,707 INFO  commandhandler.DeleteBlocksCommandHandler (DeleteBlocksCommandHandler.java:handle(106)) - Start to delete container blocks, TXIDs=[1(0),2(0),3(0)], numOfContainers=3, numOfBlocks=553
2019-06-13 22:54:22,708 INFO  commandhandler.DeleteBlocksCommandHandler (DeleteBlocksCommandHandler.java:handle(106)) - Start to delete container blocks, TXIDs=[1(0),2(0),3(0)], numOfContainers=3, numOfBlocks=553
2019-06-13 22:54:22,709 INFO  commandhandler.DeleteBlocksCommandHandler (DeleteBlocksCommandHandler.java:handle(106)) - Start to delete container blocks, TXIDs=[1(0),2(0),3(0)], numOfContainers=3, numOfBlocks=553
2019-06-13 22:54:22,710 INFO  commands.RetriableDatanodeEventWatcher (RetriableDatanodeEventWatcher.java:onTimeout(47)) - RetriableDatanodeCommand type=deleteBlocksCommand with id=1560466452182 timed out. Retrying.
2019-06-13 22:54:22,711 INFO  commandhandler.DeleteBlocksCommandHandler (DeleteBlocksCommandHandler.java:handle(106)) - Start to delete container blocks, TXIDs=[1(0),2(0),3(0)], numOfContainers=3, numOfBlocks=553
2019-06-13 22:54:22,712 INFO  commandhandler.DeleteBlocksCommandHandler (DeleteBlocksCommandHandler.java:handle(106)) - Start to delete container blocks, TXIDs=[1(0),2(0),3(0)], numOfContainers=3, numOfBlocks=553
2019-06-13 22:54:22,713 INFO  commandhandler.DeleteBlocksCommandHandler (DeleteBlocksCommandHandler.java:handle(106)) - Start to delete container blocks, TXIDs=[1(0),2(0),3(0)], numOfContainers=3, numOfBlocks=553
2019-06-13 22:54:22,714 INFO  commandhandler.DeleteBlocksCommandHandler (DeleteBlocksCommandHandler.java:handle(106)) - Start to delete container blocks, TXIDs=[1(0),2(0),3(0)], numOfContainers=3, numOfBlocks=553
2019-06-13 22:54:22,715 INFO  commandhandler.DeleteBlocksCommandHandler (DeleteBlocksCommandHandler.java:handle(106)) - Start to delete container blocks, TXIDs=[1(0),2(0),3(0)], numOfContainers=3, numOfBlocks=553
2019-06-13 22:54:22,716 INFO  commandhandler.DeleteBlocksCommandHandler (DeleteBlocksCommandHandler.java:handle(106)) - Start to delete container blocks, TXIDs=[1(0),2(0),3(0)], numOfContainers=3, numOfBlocks=553
2019-06-13 22:54:22,717 INFO  commandhandler.DeleteBlocksCommandHandler (DeleteBlocksCommandHandler.java:handle(106)) - Start to delete container blocks, TXIDs=[1(0),2(0),3(0)], numOfContainers=3, numOfBlocks=553
2019-06-13 22:54:22,717 INFO  commands.RetriableDatanodeEventWatcher (RetriableDatanodeEventWatcher.java:onTimeout(47)) - RetriableDatanodeCommand type=deleteBlocksCommand with id=1560466452192 timed out. Retrying.
2019-06-13 22:54:22,718 INFO  commandhandler.DeleteBlocksCommandHandler (DeleteBlocksCommandHandler.java:handle(106)) - Start to delete container blocks, TXIDs=[1(0),2(0),3(0)], numOfContainers=3, numOfBlocks=553
2019-06-13 22:54:22,719 INFO  commandhandler.DeleteBlocksCommandHandler (DeleteBlocksCommandHandler.java:handle(106)) - Start to delete container blocks, TXIDs=[1(0),2(0),3(0)], numOfContainers=3, numOfBlocks=553
2019-06-13 22:54:22,720 INFO  commandhandler.DeleteBlocksCommandHandler (DeleteBlocksCommandHandler.java:handle(106)) - Start to delete container blocks, TXIDs=[1(0),2(0),3(0)], numOfContainers=3, numOfBlocks=553
2019-06-13 22:54:22,721 INFO  commandhandler.DeleteBlocksCommandHandler (DeleteBlocksCommandHandler.java:handle(106)) - Start to delete container blocks, TXIDs=[1(0),2(0),3(0)], numOfContainers=3, numOfBlocks=553
2019-06-13 22:54:22,723 INFO  commands.RetriableDatanodeEventWatcher (RetriableDatanodeEventWatcher.java:onTimeout(47)) - RetriableDatanodeCommand type=deleteBlocksCommand with id=1560466452113 timed out. Retrying.
2019-06-13 22:54:22,724 INFO  commandhandler.DeleteBlocksCommandHandler (DeleteBlocksCommandHandler.java:handle(106)) - Start to delete container blocks, TXIDs=[1(0),2(0),3(0)], numOfContainers=3, numOfBlocks=553
2019-06-13 22:54:22,725 INFO  commandhandler.DeleteBlocksCommandHandler (DeleteBlocksCommandHandler.java:handle(106)) - Start to delete container blocks, TXIDs=[1(0),2(0),3(0)], numOfContainers=3, numOfBlocks=553
2019-06-13 22:54:22,726 INFO  commandhandler.DeleteBlocksCommandHandler (DeleteBlocksCommandHandler.java:handle(106)) - Start to delete container blocks, TXIDs=[1(0),2(0),3(0)], numOfContainers=3, numOfBlocks=553
2019-06-13 22:54:22,727 INFO  commandhandler.DeleteBlocksCommandHandler (DeleteBlocksCommandHandler.java:handle(106)) - Start to delete container blocks, TXIDs=[1(0),2(0),3(0)], numOfContainers=3, numOfBlocks=553
2019-06-13 22:54:22,728 INFO  commandhandler.DeleteBlocksCommandHandler (DeleteBlocksCommandHandler.java:handle(106)) - Start to delete container blocks, TXIDs=[1(0),2(0),3(0)], numOfContainers=3, numOfBlocks=553
2019-06-13 22:54:22,729 INFO  commandhandler.DeleteBlocksCommandHandler (DeleteBlocksCommandHandler.java:handle(106)) - Start to delete container blocks, TXIDs=[1(0),2(0),3(0)], numOfContainers=3, numOfBlocks=553
2019-06-13 22:54:22,730 INFO  commandhandler.DeleteBlocksCommandHandler (DeleteBlocksCommandHandler.java:handle(106)) - Start to delete container blocks, TXIDs=[1(0),2(0),3(0)], numOfContainers=3, numOfBlocks=553
2019-06-13 22:54:22,731 INFO  commandhandler.DeleteBlocksCommandHandler (DeleteBlocksCommandHandler.java:handle(106)) - Start to delete container blocks, TXIDs=[1(0),2(0),3(0)], numOfContainers=3, numOfBlocks=553
2019-06-13 22:54:22,732 INFO  commandhandler.DeleteBlocksCommandHandler (DeleteBlocksCommandHandler.java:handle(106)) - Start to delete container blocks, TXIDs=[1(0),2(0),3(0)], numOfContainers=3, numOfBlocks=553
2019-06-13 22:54:22,733 INFO  commandhandler.DeleteBlocksCommandHandler (DeleteBlocksCommandHandler.java:handle(106)) - Start to delete container blocks, TXIDs=[1(0),2(0),3(0)], numOfContainers=3, numOfBlocks=553
2019-06-13 22:54:22,734 INFO  commandhandler.DeleteBlocksCommandHandler (DeleteBlocksCommandHandler.java:handle(106)) - Start to delete container blocks, TXIDs=[1(0),2(0),3(0)], numOfContainers=3, numOfBlocks=553
2019-06-13 22:54:22,735 INFO  commandhandler.DeleteBlocksCommandHandler (DeleteBlocksCommandHandler.java:handle(106)) - Start to delete container blocks, TXIDs=[1(0),2(0),3(0)], numOfContainers=3, numOfBlocks=553
2019-06-13 22:54:22,736 INFO  commandhandler.DeleteBlocksCommandHandler (DeleteBlocksCommandHandler.java:handle(106)) - Start to delete container blocks, TXIDs=[1(0),2(0),3(0)], numOfContainers=3, numOfBlocks=553
2019-06-13 22:54:22,737 INFO  commandhandler.DeleteBlocksCommandHandler (DeleteBlocksCommandHandler.java:handle(106)) - Start to delete container blocks, TXIDs=[1(0),2(0),3(0)], numOfContainers=3, numOfBlocks=553
2019-06-13 22:54:22,738 INFO  commandhandler.DeleteBlocksCommandHandler (DeleteBlocksCommandHandler.java:handle(106)) - Start to delete container blocks, TXIDs=[1(0),2(0),3(0)], numOfContainers=3, numOfBlocks=553
2019-06-13 22:54:22,739 INFO  commandhandler.DeleteBlocksCommandHandler (DeleteBlocksCommandHandler.java:handle(106)) - Start to delete container blocks, TXIDs=[1(0),2(0),3(0)], numOfContainers=3, numOfBlocks=553
2019-06-13 22:54:22,740 INFO  commandhandler.DeleteBlocksCommandHandler (DeleteBlocksCommandHandler.java:handle(106)) - Start to delete container blocks, TXIDs=[1(0),2(0),3(0)], numOfContainers=3, numOfBlocks=553
2019-06-13 22:54:22,741 INFO  commandhandler.DeleteBlocksCommandHandler (DeleteBlocksCommandHandler.java:handle(106)) - Start to delete container blocks, TXIDs=[1(0),2(0),3(0)], numOfContainers=3, numOfBlocks=553
2019-06-13 22:54:22,743 INFO  commandhandler.DeleteBlocksCommandHandler (DeleteBlocksCommandHandler.java:handle(106)) - Start to delete container blocks, TXIDs=[1(0),2(0),3(0)], numOfContainers=3, numOfBlocks=553
2019-06-13 22:54:22,743 INFO  commands.RetriableDatanodeEventWatcher (RetriableDatanodeEventWatcher.java:onTimeout(47)) - RetriableDatanodeCommand type=deleteBlocksCommand with id=1560466452133 timed out. Retrying.
2019-06-13 22:54:22,744 INFO  commandhandler.DeleteBlocksCommandHandler (DeleteBlocksCommandHandler.java:handle(106)) - Start to delete container blocks, TXIDs=[1(0),2(0),3(0)], numOfContainers=3, numOfBlocks=553
2019-06-13 22:54:22,744 INFO  commands.RetriableDatanodeEventWatcher (RetriableDatanodeEventWatcher.java:onTimeout(47)) - RetriableDatanodeCommand type=deleteBlocksCommand with id=1560466452123 timed out. Retrying.
2019-06-13 22:54:22,746 INFO  commandhandler.DeleteBlocksCommandHandler (DeleteBlocksCommandHandler.java:handle(106)) - Start to delete container blocks, TXIDs=[1(0),2(0),3(0)], numOfContainers=3, numOfBlocks=553
2019-06-13 22:54:22,747 INFO  commandhandler.DeleteBlocksCommandHandler (DeleteBlocksCommandHandler.java:handle(106)) - Start to delete container blocks, TXIDs=[1(0),2(0),3(0)], numOfContainers=3, numOfBlocks=553
2019-06-13 22:54:22,748 INFO  commandhandler.DeleteBlocksCommandHandler (DeleteBlocksCommandHandler.java:handle(106)) - Start to delete container blocks, TXIDs=[1(0),2(0),3(0)], numOfContainers=3, numOfBlocks=553
2019-06-13 22:54:22,749 INFO  commandhandler.DeleteBlocksCommandHandler (DeleteBlocksCommandHandler.java:handle(106)) - Start to delete container blocks, TXIDs=[1(0),2(0),3(0)], numOfContainers=3, numOfBlocks=553
2019-06-13 22:54:22,750 INFO  commandhandler.DeleteBlocksCommandHandler (DeleteBlocksCommandHandler.java:handle(106)) - Start to delete container blocks, TXIDs=[1(0),2(0),3(0)], numOfContainers=3, numOfBlocks=553
2019-06-13 22:54:22,752 INFO  commandhandler.DeleteBlocksCommandHandler (DeleteBlocksCommandHandler.java:handle(106)) - Start to delete container blocks, TXIDs=[1(0),2(0),3(0)], numOfContainers=3, numOfBlocks=553
2019-06-13 22:54:22,753 INFO  commandhandler.DeleteBlocksCommandHandler (DeleteBlocksCommandHandler.java:handle(106)) - Start to delete container blocks, TXIDs=[1(0),2(0),3(0)], numOfContainers=3, numOfBlocks=553
2019-06-13 22:54:22,754 INFO  commandhandler.DeleteBlocksCommandHandler (DeleteBlocksCommandHandler.java:handle(106)) - Start to delete container blocks, TXIDs=[1(0),2(0),3(0)], numOfContainers=3, numOfBlocks=553
2019-06-13 22:54:22,755 INFO  commandhandler.DeleteBlocksCommandHandler (DeleteBlocksCommandHandler.java:handle(106)) - Start to delete container blocks, TXIDs=[1(0),2(0),3(0)], numOfContainers=3, numOfBlocks=553
2019-06-13 22:54:22,755 INFO  commands.RetriableDatanodeEventWatcher (RetriableDatanodeEventWatcher.java:onTimeout(47)) - RetriableDatanodeCommand type=deleteBlocksCommand with id=1560466452202 timed out. Retrying.
2019-06-13 22:54:22,755 INFO  commands.RetriableDatanodeEventWatcher (RetriableDatanodeEventWatcher.java:onTimeout(47)) - RetriableDatanodeCommand type=deleteBlocksCommand with id=1560466452143 timed out. Retrying.
2019-06-13 22:54:22,756 INFO  commandhandler.DeleteBlocksCommandHandler (DeleteBlocksCommandHandler.java:handle(106)) - Start to delete container blocks, TXIDs=[1(0),2(0),3(0)], numOfContainers=3, numOfBlocks=553
2019-06-13 22:54:22,757 INFO  commandhandler.DeleteBlocksCommandHandler (DeleteBlocksCommandHandler.java:handle(106)) - Start to delete container blocks, TXIDs=[1(0),2(0),3(0)], numOfContainers=3, numOfBlocks=553
2019-06-13 22:54:22,758 INFO  commandhandler.DeleteBlocksCommandHandler (DeleteBlocksCommandHandler.java:handle(106)) - Start to delete container blocks, TXIDs=[1(0),2(0),3(0)], numOfContainers=3, numOfBlocks=553
2019-06-13 22:54:22,759 INFO  commandhandler.DeleteBlocksCommandHandler (DeleteBlocksCommandHandler.java:handle(106)) - Start to delete container blocks, TXIDs=[1(0),2(0),3(0)], numOfContainers=3, numOfBlocks=553
2019-06-13 22:54:22,760 INFO  commandhandler.DeleteBlocksCommandHandler (DeleteBlocksCommandHandler.java:handle(106)) - Start to delete container blocks, TXIDs=[1(0),2(0),3(0)], numOfContainers=3, numOfBlocks=553
2019-06-13 22:54:22,762 INFO  commandhandler.DeleteBlocksCommandHandler (DeleteBlocksCommandHandler.java:handle(106)) - Start to delete container blocks, TXIDs=[1(0),2(0),3(0)], numOfContainers=3, numOfBlocks=553
2019-06-13 22:54:22,763 INFO  commandhandler.DeleteBlocksCommandHandler (DeleteBlocksCommandHandler.java:handle(106)) - Start to delete container blocks, TXIDs=[1(0),2(0),3(0)], numOfContainers=3, numOfBlocks=553
2019-06-13 22:54:22,763 INFO  commands.RetriableDatanodeEventWatcher (RetriableDatanodeEventWatcher.java:onTimeout(47)) - RetriableDatanodeCommand type=deleteBlocksCommand with id=1560466452153 timed out. Retrying.
2019-06-13 22:54:22,764 INFO  commandhandler.DeleteBlocksCommandHandler (DeleteBlocksCommandHandler.java:handle(106)) - Start to delete container blocks, TXIDs=[1(0),2(0),3(0)], numOfContainers=3, numOfBlocks=553
2019-06-13 22:54:22,770 INFO  commands.RetriableDatanodeEventWatcher (RetriableDatanodeEventWatcher.java:onTimeout(47)) - RetriableDatanodeCommand type=deleteBlocksCommand with id=1560466452163 timed out. Retrying.
2019-06-13 22:54:22,771 DEBUG block.SCMBlockDeletingService (SCMBlockDeletingService.java:call(138)) - Running DeletedBlockTransactionScanner
2019-06-13 22:54:22,771 DEBUG block.SCMBlockDeletingService (SCMBlockDeletingService.java:call(155)) - Scanned deleted blocks log and got 3 delTX to process.
2019-06-13 22:54:22,771 DEBUG block.SCMBlockDeletingService (SCMBlockDeletingService.java:call(171)) - Added delete block command for datanode 85302df8-7a7f-4077-a053-c26dc3d3d65a in the queue, number of delete block transactions: 3, TxID list: 1,2,3
2019-06-13 22:54:22,771 INFO  block.SCMBlockDeletingService (SCMBlockDeletingService.java:call(182)) - Totally added 3 delete blocks command for 1 datanodes, task elapsed time: 1ms
2019-06-13 22:54:22,772 INFO  commandhandler.DeleteBlocksCommandHandler (DeleteBlocksCommandHandler.java:handle(106)) - Start to delete container blocks, TXIDs=[1(0),2(0),3(0)], numOfContainers=3, numOfBlocks=553
2019-06-13 22:54:22,774 INFO  commandhandler.DeleteBlocksCommandHandler (DeleteBlocksCommandHandler.java:handle(106)) - Start to delete container blocks, TXIDs=[1(0),2(0),3(0)], numOfContainers=3, numOfBlocks=553
2019-06-13 22:54:22,776 INFO  commandhandler.DeleteBlocksCommandHandler (DeleteBlocksCommandHandler.java:handle(106)) - Start to delete container blocks, TXIDs=[1(0),2(0),3(0)], numOfContainers=3, numOfBlocks=553
2019-06-13 22:54:22,776 INFO  background.BlockDeletingService (BlockDeletingService.java:call(246)) - Container: 2, deleted blocks: 184, task elapsed time: 226ms
2019-06-13 22:54:22,777 INFO  commandhandler.DeleteBlocksCommandHandler (DeleteBlocksCommandHandler.java:handle(106)) - Start to delete container blocks, TXIDs=[1(0),2(0),3(0)], numOfContainers=3, numOfBlocks=553
2019-06-13 22:54:22,779 INFO  commandhandler.DeleteBlocksCommandHandler (DeleteBlocksCommandHandler.java:handle(106)) - Start to delete container blocks, TXIDs=[1(0),2(0),3(0)], numOfContainers=3, numOfBlocks=553
2019-06-13 22:54:22,780 INFO  commandhandler.DeleteBlocksCommandHandler (DeleteBlocksCommandHandler.java:handle(106)) - Start to delete container blocks, TXIDs=[1(0),2(0),3(0)], numOfContainers=3, numOfBlocks=553
2019-06-13 22:54:22,781 INFO  commandhandler.DeleteBlocksCommandHandler (DeleteBlocksCommandHandler.java:handle(106)) - Start to delete container blocks, TXIDs=[1(0),2(0),3(0)], numOfContainers=3, numOfBlocks=553
2019-06-13 22:54:22,782 INFO  background.BlockDeletingService (BlockDeletingService.java:call(246)) - Container: 3, deleted blocks: 184, task elapsed time: 231ms
2019-06-13 22:54:22,782 INFO  commandhandler.DeleteBlocksCommandHandler (DeleteBlocksCommandHandler.java:handle(106)) - Start to delete container blocks, TXIDs=[1(0),2(0),3(0)], numOfContainers=3, numOfBlocks=553
2019-06-13 22:54:22,783 INFO  commandhandler.DeleteBlocksCommandHandler (DeleteBlocksCommandHandler.java:handle(106)) - Start to delete container blocks, TXIDs=[1(0),2(0),3(0)], numOfContainers=3, numOfBlocks=553
2019-06-13 22:54:22,784 INFO  commandhandler.DeleteBlocksCommandHandler (DeleteBlocksCommandHandler.java:handle(106)) - Start to delete container blocks, TXIDs=[1(0),2(0),3(0)], numOfContainers=3, numOfBlocks=553
2019-06-13 22:54:22,785 INFO  commandhandler.DeleteBlocksCommandHandler (DeleteBlocksCommandHandler.java:handle(106)) - Start to delete container blocks, TXIDs=[1(0),2(0),3(0)], numOfContainers=3, numOfBlocks=553
2019-06-13 22:54:22,786 INFO  commandhandler.DeleteBlocksCommandHandler (DeleteBlocksCommandHandler.java:handle(106)) - Start to delete container blocks, TXIDs=[1(0),2(0),3(0)], numOfContainers=3, numOfBlocks=553
2019-06-13 22:54:22,788 INFO  commandhandler.DeleteBlocksCommandHandler (DeleteBlocksCommandHandler.java:handle(106)) - Start to delete container blocks, TXIDs=[1(0),2(0),3(0)], numOfContainers=3, numOfBlocks=553
2019-06-13 22:54:22,789 INFO  commandhandler.DeleteBlocksCommandHandler (DeleteBlocksCommandHandler.java:handle(106)) - Start to delete container blocks, TXIDs=[1(0),2(0),3(0)], numOfContainers=3, numOfBlocks=553
2019-06-13 22:54:22,790 INFO  commandhandler.DeleteBlocksCommandHandler (DeleteBlocksCommandHandler.java:handle(106)) - Start to delete container blocks, TXIDs=[1(0),2(0),3(0)], numOfContainers=3, numOfBlocks=553
2019-06-13 22:54:22,791 INFO  commandhandler.DeleteBlocksCommandHandler (DeleteBlocksCommandHandler.java:handle(106)) - Start to delete container blocks, TXIDs=[1(0),2(0),3(0)], numOfContainers=3, numOfBlocks=553
2019-06-13 22:54:22,792 INFO  commandhandler.DeleteBlocksCommandHandler (DeleteBlocksCommandHandler.java:handle(106)) - Start to delete container blocks, TXIDs=[1(0),2(0),3(0)], numOfContainers=3, numOfBlocks=553
2019-06-13 22:54:22,793 INFO  commandhandler.DeleteBlocksCommandHandler (DeleteBlocksCommandHandler.java:handle(106)) - Start to delete container blocks, TXIDs=[1(0),2(0),3(0)], numOfContainers=3, numOfBlocks=553
2019-06-13 22:54:22,794 INFO  commandhandler.DeleteBlocksCommandHandler (DeleteBlocksCommandHandler.java:handle(106)) - Start to delete container blocks, TXIDs=[1(0),2(0),3(0)], numOfContainers=3, numOfBlocks=553
2019-06-13 22:54:22,795 INFO  commandhandler.DeleteBlocksCommandHandler (DeleteBlocksCommandHandler.java:handle(106)) - Start to delete container blocks, TXIDs=[1(0),2(0),3(0)], numOfContainers=3, numOfBlocks=553
2019-06-13 22:54:22,796 INFO  commandhandler.DeleteBlocksCommandHandler (DeleteBlocksCommandHandler.java:handle(106)) - Start to delete container blocks, TXIDs=[1(0),2(0),3(0)], numOfContainers=3, numOfBlocks=553
2019-06-13 22:54:22,797 INFO  commandhandler.DeleteBlocksCommandHandler (DeleteBlocksCommandHandler.java:handle(106)) - Start to delete container blocks, TXIDs=[1(0),2(0),3(0)], numOfContainers=3, numOfBlocks=553
2019-06-13 22:54:22,798 INFO  commandhandler.DeleteBlocksCommandHandler (DeleteBlocksCommandHandler.java:handle(106)) - Start to delete container blocks, TXIDs=[1(0),2(0),3(0)], numOfContainers=3, numOfBlocks=553
2019-06-13 22:54:22,800 INFO  commandhandler.DeleteBlocksCommandHandler (DeleteBlocksCommandHandler.java:handle(106)) - Start to delete container blocks, TXIDs=[1(0),2(0),3(0)], numOfContainers=3, numOfBlocks=553
2019-06-13 22:54:22,800 INFO  commands.RetriableDatanodeEventWatcher (RetriableDatanodeEventWatcher.java:onTimeout(47)) - RetriableDatanodeCommand type=deleteBlocksCommand with id=1560466452173 timed out. Retrying.
2019-06-13 22:54:22,801 INFO  commandhandler.DeleteBlocksCommandHandler (DeleteBlocksCommandHandler.java:handle(106)) - Start to delete container blocks, TXIDs=[1(0),2(0),3(0)], numOfContainers=3, numOfBlocks=553
2019-06-13 22:54:22,802 INFO  commandhandler.DeleteBlocksCommandHandler (DeleteBlocksCommandHandler.java:handle(106)) - Start to delete container blocks, TXIDs=[1(0),2(0),3(0)], numOfContainers=3, numOfBlocks=553
2019-06-13 22:54:22,803 INFO  commandhandler.DeleteBlocksCommandHandler (DeleteBlocksCommandHandler.java:handle(106)) - Start to delete container blocks, TXIDs=[1(0),2(0),3(0)], numOfContainers=3, numOfBlocks=553
2019-06-13 22:54:22,804 INFO  commandhandler.DeleteBlocksCommandHandler (DeleteBlocksCommandHandler.java:handle(106)) - Start to delete container blocks, TXIDs=[1(0),2(0),3(0)], numOfContainers=3, numOfBlocks=553
2019-06-13 22:54:22,805 INFO  commandhandler.DeleteBlocksCommandHandler (DeleteBlocksCommandHandler.java:handle(106)) - Start to delete container blocks, TXIDs=[1(0),2(0),3(0)], numOfContainers=3, numOfBlocks=553
2019-06-13 22:54:22,806 INFO  commandhandler.DeleteBlocksCommandHandler (DeleteBlocksCommandHandler.java:handle(106)) - Start to delete container blocks, TXIDs=[1(0),2(0),3(0)], numOfContainers=3, numOfBlocks=553
2019-06-13 22:54:22,807 INFO  commandhandler.DeleteBlocksCommandHandler (DeleteBlocksCommandHandler.java:handle(106)) - Start to delete container blocks, TXIDs=[1(0),2(0),3(0)], numOfContainers=3, numOfBlocks=553
2019-06-13 22:54:22,808 INFO  commandhandler.DeleteBlocksCommandHandler (DeleteBlocksCommandHandler.java:handle(106)) - Start to delete container blocks, TXIDs=[1(0),2(0),3(0)], numOfContainers=3, numOfBlocks=553
2019-06-13 22:54:22,809 INFO  commands.RetriableDatanodeEventWatcher (RetriableDatanodeEventWatcher.java:onTimeout(47)) - RetriableDatanodeCommand type=deleteBlocksCommand with id=1560466452183 timed out. Retrying.
2019-06-13 22:54:22,809 INFO  commandhandler.DeleteBlocksCommandHandler (DeleteBlocksCommandHandler.java:handle(106)) - Start to delete container blocks, TXIDs=[1(0),2(0),3(0)], numOfContainers=3, numOfBlocks=553
2019-06-13 22:54:22,810 INFO  commandhandler.DeleteBlocksCommandHandler (DeleteBlocksCommandHandler.java:handle(106)) - Start to delete container blocks, TXIDs=[1(0),2(0),3(0)], numOfContainers=3, numOfBlocks=553
2019-06-13 22:54:22,811 INFO  commandhandler.DeleteBlocksCommandHandler (DeleteBlocksCommandHandler.java:handle(106)) - Start to delete container blocks, TXIDs=[1(0),2(0),3(0)], numOfContainers=3, numOfBlocks=553
2019-06-13 22:54:22,812 INFO  commandhandler.DeleteBlocksCommandHandler (DeleteBlocksCommandHandler.java:handle(106)) - Start to delete container blocks, TXIDs=[1(0),2(0),3(0)], numOfContainers=3, numOfBlocks=553
2019-06-13 22:54:22,813 INFO  impl.FollowerState (FollowerState.java:run(101)) - 85302df8-7a7f-4077-a053-c26dc3d3d65a:group-1752A286CC6D changes to CANDIDATE, lastRpcTime:1135, electionTimeout:1133ms
2019-06-13 22:54:22,814 INFO  impl.RoleInfo (RoleInfo.java:shutdownFollowerState(121)) - 85302df8-7a7f-4077-a053-c26dc3d3d65a: shutdown FollowerState
2019-06-13 22:54:22,814 INFO  impl.RaftServerImpl (RaftServerImpl.java:setRole(164)) - 85302df8-7a7f-4077-a053-c26dc3d3d65a:group-1752A286CC6D changes role from FOLLOWER to CANDIDATE at term 0 for changeToCandidate
2019-06-13 22:54:22,814 INFO  impl.RoleInfo (RoleInfo.java:updateAndGet(143)) - 85302df8-7a7f-4077-a053-c26dc3d3d65a: start LeaderElection
2019-06-13 22:54:22,815 INFO  commandhandler.DeleteBlocksCommandHandler (DeleteBlocksCommandHandler.java:handle(106)) - Start to delete container blocks, TXIDs=[1(0),2(0),3(0)], numOfContainers=3, numOfBlocks=553
2019-06-13 22:54:22,816 INFO  commandhandler.DeleteBlocksCommandHandler (DeleteBlocksCommandHandler.java:handle(106)) - Start to delete container blocks, TXIDs=[1(0),2(0),3(0)], numOfContainers=3, numOfBlocks=553
2019-06-13 22:54:22,817 INFO  commandhandler.DeleteBlocksCommandHandler (DeleteBlocksCommandHandler.java:handle(106)) - Start to delete container blocks, TXIDs=[1(0),2(0),3(0)], numOfContainers=3, numOfBlocks=553
2019-06-13 22:54:22,818 INFO  commandhandler.DeleteBlocksCommandHandler (DeleteBlocksCommandHandler.java:handle(106)) - Start to delete container blocks, TXIDs=[1(0),2(0),3(0)], numOfContainers=3, numOfBlocks=553
2019-06-13 22:54:22,818 INFO  commands.RetriableDatanodeEventWatcher (RetriableDatanodeEventWatcher.java:onTimeout(47)) - RetriableDatanodeCommand type=deleteBlocksCommand with id=1560466452193 timed out. Retrying.
2019-06-13 22:54:22,819 INFO  commandhandler.DeleteBlocksCommandHandler (DeleteBlocksCommandHandler.java:handle(106)) - Start to delete container blocks, TXIDs=[1(0),2(0),3(0)], numOfContainers=3, numOfBlocks=553
2019-06-13 22:54:22,819 INFO  commandhandler.DeleteBlocksCommandHandler (DeleteBlocksCommandHandler.java:handle(106)) - Start to delete container blocks, TXIDs=[1(0),2(0),3(0)], numOfContainers=3, numOfBlocks=553
2019-06-13 22:54:22,820 INFO  commandhandler.DeleteBlocksCommandHandler (DeleteBlocksCommandHandler.java:handle(106)) - Start to delete container blocks, TXIDs=[1(0),2(0),3(0)], numOfContainers=3, numOfBlocks=553
2019-06-13 22:54:22,820 INFO  commands.RetriableDatanodeEventWatcher (RetriableDatanodeEventWatcher.java:onTimeout(47)) - RetriableDatanodeCommand type=deleteBlocksCommand with id=1560466452114 timed out. Retrying.
2019-06-13 22:54:22,821 INFO  commandhandler.DeleteBlocksCommandHandler (DeleteBlocksCommandHandler.java:handle(106)) - Start to delete container blocks, TXIDs=[1(0),2(0),3(0)], numOfContainers=3, numOfBlocks=553
2019-06-13 22:54:22,821 INFO  commandhandler.DeleteBlocksCommandHandler (DeleteBlocksCommandHandler.java:handle(106)) - Start to delete container blocks, TXIDs=[1(0),2(0),3(0)], numOfContainers=3, numOfBlocks=553
2019-06-13 22:54:22,822 INFO  commandhandler.DeleteBlocksCommandHandler (DeleteBlocksCommandHandler.java:handle(106)) - Start to delete container blocks, TXIDs=[1(0),2(0),3(0)], numOfContainers=3, numOfBlocks=553
2019-06-13 22:54:22,823 INFO  commandhandler.DeleteBlocksCommandHandler (DeleteBlocksCommandHandler.java:handle(106)) - Start to delete container blocks, TXIDs=[1(0),2(0),3(0)], numOfContainers=3, numOfBlocks=553
2019-06-13 22:54:22,823 INFO  commandhandler.DeleteBlocksCommandHandler (DeleteBlocksCommandHandler.java:handle(106)) - Start to delete container blocks, TXIDs=[1(0),2(0),3(0)], numOfContainers=3, numOfBlocks=553
2019-06-13 22:54:22,824 INFO  commandhandler.DeleteBlocksCommandHandler (DeleteBlocksCommandHandler.java:handle(106)) - Start to delete container blocks, TXIDs=[1(0),2(0),3(0)], numOfContainers=3, numOfBlocks=553
2019-06-13 22:54:22,825 INFO  commandhandler.DeleteBlocksCommandHandler (DeleteBlocksCommandHandler.java:handle(106)) - Start to delete container blocks, TXIDs=[1(0),2(0),3(0)], numOfContainers=3, numOfBlocks=553
2019-06-13 22:54:22,825 INFO  commandhandler.DeleteBlocksCommandHandler (DeleteBlocksCommandHandler.java:handle(106)) - Start to delete container blocks, TXIDs=[1(0),2(0),3(0)], numOfContainers=3, numOfBlocks=553
2019-06-13 22:54:22,826 INFO  commandhandler.DeleteBlocksCommandHandler (DeleteBlocksCommandHandler.java:handle(106)) - Start to delete container blocks, TXIDs=[1(0),2(0),3(0)], numOfContainers=3, numOfBlocks=553
2019-06-13 22:54:22,827 INFO  commandhandler.DeleteBlocksCommandHandler (DeleteBlocksCommandHandler.java:handle(106)) - Start to delete container blocks, TXIDs=[1(0),2(0),3(0)], numOfContainers=3, numOfBlocks=553
2019-06-13 22:54:22,827 INFO  commandhandler.DeleteBlocksCommandHandler (DeleteBlocksCommandHandler.java:handle(106)) - Start to delete container blocks, TXIDs=[1(0),2(0),3(0)], numOfContainers=3, numOfBlocks=553
2019-06-13 22:54:22,828 INFO  commandhandler.DeleteBlocksCommandHandler (DeleteBlocksCommandHandler.java:handle(106)) - Start to delete container blocks, TXIDs=[1(0),2(0),3(0)], numOfContainers=3, numOfBlocks=553
2019-06-13 22:54:22,829 INFO  commandhandler.DeleteBlocksCommandHandler (DeleteBlocksCommandHandler.java:handle(106)) - Start to delete container blocks, TXIDs=[1(0),2(0),3(0)], numOfContainers=3, numOfBlocks=553
2019-06-13 22:54:22,829 INFO  commandhandler.DeleteBlocksCommandHandler (DeleteBlocksCommandHandler.java:handle(106)) - Start to delete container blocks, TXIDs=[1(0),2(0),3(0)], numOfContainers=3, numOfBlocks=553
2019-06-13 22:54:22,830 INFO  commandhandler.DeleteBlocksCommandHandler (DeleteBlocksCommandHandler.java:handle(106)) - Start to delete container blocks, TXIDs=[1(0),2(0),3(0)], numOfContainers=3, numOfBlocks=553
2019-06-13 22:54:22,831 INFO  commandhandler.DeleteBlocksCommandHandler (DeleteBlocksCommandHandler.java:handle(106)) - Start to delete container blocks, TXIDs=[1(0),2(0),3(0)], numOfContainers=3, numOfBlocks=553
2019-06-13 22:54:22,831 INFO  commands.RetriableDatanodeEventWatcher (RetriableDatanodeEventWatcher.java:onTimeout(47)) - RetriableDatanodeCommand type=deleteBlocksCommand with id=1560466452124 timed out. Retrying.
2019-06-13 22:54:22,831 INFO  commandhandler.DeleteBlocksCommandHandler (DeleteBlocksCommandHandler.java:handle(106)) - Start to delete container blocks, TXIDs=[1(0),2(0),3(0)], numOfContainers=3, numOfBlocks=553
2019-06-13 22:54:22,832 INFO  commandhandler.DeleteBlocksCommandHandler (DeleteBlocksCommandHandler.java:handle(106)) - Start to delete container blocks, TXIDs=[1(0),2(0),3(0)], numOfContainers=3, numOfBlocks=553
2019-06-13 22:54:22,833 INFO  commandhandler.DeleteBlocksCommandHandler (DeleteBlocksCommandHandler.java:handle(106)) - Start to delete container blocks, TXIDs=[1(0),2(0),3(0)], numOfContainers=3, numOfBlocks=553
2019-06-13 22:54:22,833 INFO  commandhandler.DeleteBlocksCommandHandler (DeleteBlocksCommandHandler.java:handle(106)) - Start to delete container blocks, TXIDs=[1(0),2(0),3(0)], numOfContainers=3, numOfBlocks=553
2019-06-13 22:54:22,834 INFO  commandhandler.DeleteBlocksCommandHandler (DeleteBlocksCommandHandler.java:handle(106)) - Start to delete container blocks, TXIDs=[1(0),2(0),3(0)], numOfContainers=3, numOfBlocks=553
2019-06-13 22:54:22,834 INFO  commandhandler.DeleteBlocksCommandHandler (DeleteBlocksCommandHandler.java:handle(106)) - Start to delete container blocks, TXIDs=[1(0),2(0),3(0)], numOfContainers=3, numOfBlocks=553
2019-06-13 22:54:22,844 INFO  commands.RetriableDatanodeEventWatcher (RetriableDatanodeEventWatcher.java:onTimeout(47)) - RetriableDatanodeCommand type=deleteBlocksCommand with id=1560466452134 timed out. Retrying.
2019-06-13 22:54:22,851 INFO  commands.RetriableDatanodeEventWatcher (RetriableDatanodeEventWatcher.java:onTimeout(47)) - RetriableDatanodeCommand type=deleteBlocksCommand with id=1560466452144 timed out. Retrying.
2019-06-13 22:54:22,856 INFO  commands.RetriableDatanodeEventWatcher (RetriableDatanodeEventWatcher.java:onTimeout(47)) - RetriableDatanodeCommand type=deleteBlocksCommand with id=1560466452203 timed out. Retrying.
2019-06-13 22:54:22,862 INFO  commandhandler.DeleteBlocksCommandHandler (DeleteBlocksCommandHandler.java:handle(106)) - Start to delete container blocks, TXIDs=[1(0),2(0),3(0)], numOfContainers=3, numOfBlocks=553
2019-06-13 22:54:22,862 DEBUG block.DeletedBlockLogImpl (DeletedBlockLogImpl.java:isTransactionFailed(245)) - Got block deletion ACK from datanode, TXIDs=1, success=true
2019-06-13 22:54:22,863 INFO  commandhandler.DeleteBlocksCommandHandler (DeleteBlocksCommandHandler.java:handle(106)) - Start to delete container blocks, TXIDs=[1(0),2(0),3(0)], numOfContainers=3, numOfBlocks=553
2019-06-13 22:54:22,863 DEBUG block.DeletedBlockLogImpl (DeletedBlockLogImpl.java:commitTransactions(227)) - Purging txId=1 from block deletion log
2019-06-13 22:54:22,864 DEBUG block.DeletedBlockLogImpl (DeletedBlockLogImpl.java:commitTransactions(231)) - Datanode txId=1 containerId=#1 committed by dnId=85302df8-7a7f-4077-a053-c26dc3d3d65a
2019-06-13 22:54:22,864 DEBUG block.DeletedBlockLogImpl (DeletedBlockLogImpl.java:isTransactionFailed(245)) - Got block deletion ACK from datanode, TXIDs=2, success=true
2019-06-13 22:54:22,864 DEBUG block.DeletedBlockLogImpl (DeletedBlockLogImpl.java:commitTransactions(227)) - Purging txId=2 from block deletion log
2019-06-13 22:54:22,864 DEBUG block.DeletedBlockLogImpl (DeletedBlockLogImpl.java:commitTransactions(231)) - Datanode txId=2 containerId=#2 committed by dnId=85302df8-7a7f-4077-a053-c26dc3d3d65a
2019-06-13 22:54:22,864 DEBUG block.DeletedBlockLogImpl (DeletedBlockLogImpl.java:isTransactionFailed(245)) - Got block deletion ACK from datanode, TXIDs=3, success=true
2019-06-13 22:54:22,864 DEBUG block.DeletedBlockLogImpl (DeletedBlockLogImpl.java:commitTransactions(227)) - Purging txId=3 from block deletion log
2019-06-13 22:54:22,864 DEBUG block.DeletedBlockLogImpl (DeleteBlocksCommandHandler.java:handle(106)) - Start to delete container blocks, TXIDs=[1(0),2(0),3(0)], numOfContainers=3, numOfBlocks=553
DeletedBlockLogImpl.java:commitTransactions(231)) - Datanode txId=3 containerId=#3 committed by dnId=85302df8-7a7f-4077-a053-c26dc3d3d65a
2019-06-13 22:54:22,864 INFO  commandhandler.DeleteBlocksCommandHandler (DeleteBlocksCommandHandler.java:handle(106)) - Start to delete container blocks, TXIDs=[1(0),2(0),3(0)], numOfContainers=3, numOfBlocks=553
2019-06-13 22:54:22,864 WARN  block.DeletedBlockLogImpl (DeletedBlockLogImpl.java:incrementCount(141)) - Deleted TXID not found.
2019-06-13 22:54:22,864 WARN  block.DeletedBlockLogImpl (DeletedBlockLogImpl.java:incrementCount(141)) - Deleted TXID not found.
2019-06-13 22:54:22,864 WARN  block.DeletedBlockLogImpl (DeletedBlockLogImpl.java:incrementCount(141)) - Deleted TXID not found.
2019-06-13 22:54:22,865 DEBUG block.DeletedBlockLogImpl (DeletedBlockLogImpl.java:isTransactionFailed(245)) - Got block deletion ACK from datanode, TXIDs=1, success=true
2019-06-13 22:54:22,865 WARN  block.DeletedBlockLogImpl (DeletedBlockLogImpl.java:commitTransactions(205)) - Transaction txId=1 commit by dnId=85302df8-7a7f-4077-a053-c26dc3d3d65a for containerID=#1 failed. Corresponding entry not found.
2019-06-13 22:54:22,865 WARN  block.DeletedBlockLogImpl (DeletedBlockLogImpl.java:incrementCount(141)) - Deleted TXID not found.
2019-06-13 22:54:22,865 WARN  block.DeletedBlockLogImpl (DeletedBlockLogImpl.java:incrementCount(141)) - Deleted TXID not found.
2019-06-13 22:54:22,865 WARN  block.DeletedBlockLogImpl (DeletedBlockLogImpl.java:incrementCount(141)) - Deleted TXID not found.
2019-06-13 22:54:22,865 INFO  commandhandler.DeleteBlocksCommandHandler (DeletedBlockLogImpl.java:isTransactionFailed(245)) - Got block deletion ACK from datanode, TXIDs=1, success=true
2019-06-13 22:54:22,865 INFO  commandhandler.DeleteBlocksCommandHandler (DeleteBlocksCommandHandler.java:handle(106)) - Start to delete container blocks, TXIDs=[1(0),2(0),3(0)], numOfContainers=3, numOfBlocks=553
2019-06-13 22:54:22,865 WARN  block.DeletedBlockLogImpl (DeletedBlockLogImpl.java:commitTransactions(205)) - Transaction txId=1 commit by dnId=85302df8-7a7f-4077-a053-c26dc3d3d65a for containerID=#1 failed. Corresponding entry not found.
2019-06-13 22:54:22,865 WARN  block.DeletedBlockLogImpl (DeletedBlockLogImpl.java:incrementCount(141)) - Deleted TXID not found.
2019-06-13 22:54:22,865 WARN  block.DeletedBlockLogImpl (DeletedBlockLogImpl.java:incrementCount(141)) - Deleted TXID not found.
2019-06-13 22:54:22,865 WARN  block.DeletedBlockLogImpl (DeletedBlockLogImpl.java:incrementCount(141)) - Deleted TXID not found.
2019-06-13 22:54:22,866 DEBUG block.DeletedBlockLogImpl (DeletedBlockLogImpl.java:isTransactionFailed(245)) - Got block deletion ACK from datanode, TXIDs=1, success=true
2019-06-13 22:54:22,866 WARN  block.DeletedBlockLogImpl (DeletedBlockLogImpl.java:commitTransactions(205)) - Transaction txId=1 commit by dnId=85302df8-7a7f-4077-a053-c26dc3d3d65a for containerID=#1 failed. Corresponding entry not found.
2019-06-13 22:54:22,866 DEBUG block.DeletedBlockLogImpl (DeletedBlockLogImpl.java:isTransactionFailed(245)) - Got block deletion ACK from datanode, TXIDs=1, success=true
2019-06-13 22:54:22,866 WARN  block.DeletedBlockLogImpl (DeletedBlockLogImpl.java:commitTransactions(205)) - Transaction txId=1 commit by dnId=85302df8-7a7f-4077-a053-c26dc3d3d65a for containerID=#1 failed. Corresponding entry not found.
2019-06-13 22:54:22,866 INFO  commandhandler.DeleteBlocksCommandHandler (DeletedBlockLogImpl.java:incrementCount(141)) - Deleted TXID not found.
2019-06-13 22:54:22,866 WARN  block.DeletedBlockLogImpl (DeleteBlocksCommandHandler.java:handle(106)) - Start to delete container blocks, TXIDs=[1(0),2(0),3(0)], numOfContainers=3, numOfBlocks=553
DeletedBlockLogImpl.java:incrementCount(141)) - Deleted TXID not found.
2019-06-13 22:54:22,866 INFO  commandhandler.DeleteBlocksCommandHandler (DeleteBlocksCommandHandler.java:handle(106)) - Start to delete container blocks, TXIDs=[1(0),2(0),3(0)], numOfContainers=3, numOfBlocks=553
2019-06-13 22:54:22,866 WARN  block.DeletedBlockLogImpl (DeletedBlockLogImpl.java:incrementCount(141)) - Deleted TXID not found.
2019-06-13 22:54:22,866 DEBUG block.DeletedBlockLogImpl (DeletedBlockLogImpl.java:isTransactionFailed(245)) - Got block deletion ACK from datanode, TXIDs=1, success=true
2019-06-13 22:54:22,866 WARN  block.DeletedBlockLogImpl (DeletedBlockLogImpl.java:commitTransactions(205)) - Transaction txId=1 commit by dnId=85302df8-7a7f-4077-a053-c26dc3d3d65a for containerID=#1 failed. Corresponding entry not found.
2019-06-13 22:54:22,866 DEBUG block.DeletedBlockLogImpl (DeletedBlockLogImpl.java:isTransactionFailed(245)) - Got block deletion ACK from datanode, TXIDs=1, success=true
2019-06-13 22:54:22,867 WARN  block.DeletedBlockLogImpl (DeletedBlockLogImpl.java:commitTransactions(205)) - Transaction txId=1 commit by dnId=85302df8-7a7f-4077-a053-c26dc3d3d65a for containerID=#1 failed. Corresponding entry not found.
2019-06-13 22:54:22,867 WARN  block.DeletedBlockLogImpl (DeletedBlockLogImpl.java:incrementCount(141)) - Deleted TXID not found.
2019-06-13 22:54:22,867 WARN  block.DeletedBlockLogImpl (DeletedBlockLogImpl.java:incrementCount(141)) - Deleted TXID not found.
2019-06-13 22:54:22,867 WARN  block.DeletedBlockLogImpl (DeletedBlockLogImpl.java:incrementCount(141)) - Deleted TXID not found.
2019-06-13 22:54:22,867 INFO  commandhandler.DeleteBlocksCommandHandler (DeletedBlockLogImpl.java:isTransactionFailed(245)) - Got block deletion ACK from datanode, TXIDs=1, success=true
2019-06-13 22:54:22,867 INFO  commandhandler.DeleteBlocksCommandHandler (DeleteBlocksCommandHandler.java:handle(106)) - Start to delete container blocks, TXIDs=[1(0),2(0),3(0)], numOfContainers=3, numOfBlocks=553
2019-06-13 22:54:22,867 WARN  block.DeletedBlockLogImpl (DeletedBlockLogImpl.java:commitTransactions(205)) - Transaction txId=1 commit by dnId=85302df8-7a7f-4077-a053-c26dc3d3d65a for containerID=#1 failed. Corresponding entry not found.
2019-06-13 22:54:22,867 DEBUG block.DeletedBlockLogImpl (DeletedBlockLogImpl.java:isTransactionFailed(245)) - Got block deletion ACK from datanode, TXIDs=1, success=true
2019-06-13 22:54:22,867 WARN  block.DeletedBlockLogImpl (DeletedBlockLogImpl.java:commitTransactions(205)) - Transaction txId=1 commit by dnId=85302df8-7a7f-4077-a053-c26dc3d3d65a for containerID=#1 failed. Corresponding entry not found.
2019-06-13 22:54:22,867 WARN  block.DeletedBlockLogImpl (DeletedBlockLogImpl.java:incrementCount(141)) - Deleted TXID not found.
2019-06-13 22:54:22,867 WARN  block.DeletedBlockLogImpl (DeletedBlockLogImpl.java:incrementCount(141)) - Deleted TXID not found.
2019-06-13 22:54:22,868 WARN  block.DeletedBlockLogImpl (DeletedBlockLogImpl.java:incrementCount(141)) - Deleted TXID not found.
2019-06-13 22:54:22,868 DEBUG block.DeletedBlockLogImpl (DeletedBlockLogImpl.java:isTransactionFailed(245)) - Got block deletion ACK from datanode, TXIDs=1, success=true
2019-06-13 22:54:22,868 WARN  block.DeletedBlockLogImpl (DeletedBlockLogImpl.java:commitTransactions(205)) - Transaction txId=1 commit by dnId=85302df8-7a7f-4077-a053-c26dc3d3d65a for containerID=#1 failed. Corresponding entry not found.
2019-06-13 22:54:22,868 DEBUG block.DeletedBlockLogImpl (DeletedBlockLogImpl.java:isTransactionFailed(245)) - Got block deletion ACK from datanode, TXIDs=1, success=true
2019-06-13 22:54:22,868 WARN  block.DeletedBlockLogImpl (DeletedBlockLogImpl.java:commitTransactions(205)) - Transaction txId=1 commit by dnId=85302df8-7a7f-4077-a053-c26dc3d3d65a for containerID=#1 failed. Corresponding entry not found.
2019-06-13 22:54:22,868 WARN  block.DeletedBlockLogImpl (DeletedBlockLogImpl.java:incrementCount(141)) - Deleted TXID not found.
2019-06-13 22:54:22,868 INFO  commandhandler.DeleteBlocksCommandHandler (DeleteBlocksCommandHandler.java:handle(106)) - Start to delete container blocks, TXIDs=[1(0),2(0),3(0)], numOfContainers=3, numOfBlocks=553
2019-06-13 22:54:22,868 WARN  block.DeletedBlockLogImpl (DeletedBlockLogImpl.java:incrementCount(141)) - Deleted TXID not found.
2019-06-13 22:54:22,868 WARN  block.DeletedBlockLogImpl (DeletedBlockLogImpl.java:incrementCount(141)) - Deleted TXID not found.
2019-06-13 22:54:22,868 DEBUG block.DeletedBlockLogImpl (DeletedBlockLogImpl.java:isTransactionFailed(245)) - Got block deletion ACK from datanode, TXIDs=1, success=true
2019-06-13 22:54:22,868 WARN  block.DeletedBlockLogImpl (DeletedBlockLogImpl.java:commitTransactions(205)) - Transaction txId=1 commit by dnId=85302df8-7a7f-4077-a053-c26dc3d3d65a for containerID=#1 failed. Corresponding entry not found.
2019-06-13 22:54:22,869 DEBUG block.DeletedBlockLogImpl (DeletedBlockLogImpl.java:isTransactionFailed(245)) - Got block deletion ACK from datanode, TXIDs=1, success=true
2019-06-13 22:54:22,869 WARN  block.DeletedBlockLogImpl (DeletedBlockLogImpl.java:commitTransactions(205)) - Transaction txId=1 commit by dnId=85302df8-7a7f-4077-a053-c26dc3d3d65a for containerID=#1 failed. Corresponding entry not found.
2019-06-13 22:54:22,869 DEBUG block.DeletedBlockLogImpl (DeletedBlockLogImpl.java:isTransactionFailed(245)) - Got block deletion ACK from datanode, TXIDs=1, success=true
2019-06-13 22:54:22,869 WARN  block.DeletedBlockLogImpl (DeletedBlockLogImpl.java:commitTransactions(205)) - Transaction txId=1 commit by dnId=85302df8-7a7f-4077-a053-c26dc3d3d65a for containerID=#1 failed. Corresponding entry not found.
2019-06-13 22:54:22,869 WARN  block.DeletedBlockLogImpl (DeletedBlockLogImpl.java:incrementCount(141)) - Deleted TXID not found.
2019-06-13 22:54:22,869 WARN  block.DeletedBlockLogImpl (DeleteBlocksCommandHandler.java:handle(106)) - Start to delete container blocks, TXIDs=[1(0),2(0),3(0)], numOfContainers=3, numOfBlocks=553
DeletedBlockLogImpl.java:incrementCount(141)) - Deleted TXID not found.
2019-06-13 22:54:22,869 WARN  block.DeletedBlockLogImpl (DeletedBlockLogImpl.java:incrementCount(141)) - Deleted TXID not found.
2019-06-13 22:54:22,869 WARN  block.DeletedBlockLogImpl (DeletedBlockLogImpl.java:incrementCount(141)) - Deleted TXID not found.
2019-06-13 22:54:22,869 WARN  block.DeletedBlockLogImpl (DeletedBlockLogImpl.java:incrementCount(141)) - Deleted TXID not found.
2019-06-13 22:54:22,870 WARN  block.DeletedBlockLogImpl (DeletedBlockLogImpl.java:incrementCount(141)) - Deleted TXID not found.
2019-06-13 22:54:22,870 WARN  block.DeletedBlockLogImpl (DeletedBlockLogImpl.java:incrementCount(141)) - Deleted TXID not found.
2019-06-13 22:54:22,870 WARN  block.DeletedBlockLogImpl (DeletedBlockLogImpl.java:incrementCount(141)) - Deleted TXID not found.
2019-06-13 22:54:22,870 WARN  block.DeletedBlockLogImpl (DeletedBlockLogImpl.java:incrementCount(141)) - Deleted TXID not found.
2019-06-13 22:54:22,870 WARN  block.DeletedBlockLogImpl (DeletedBlockLogImpl.java:incrementCount(141)) - Deleted TXID not found.
2019-06-13 22:54:22,870 WARN  block.DeletedBlockLogImpl (DeletedBlockLogImpl.java:incrementCount(141)) - Deleted TXID not found.
2019-06-13 22:54:22,870 WARN  block.DeletedBlockLogImpl (DeletedBlockLogImpl.java:incrementCount(141)) - Deleted TXID not found.
2019-06-13 22:54:22,869 INFO  commandhandler.DeleteBlocksCommandHandler (DeleteBlocksCommandHandler.java:handle(106)) - Start to delete container blocks, TXIDs=[1(0),2(0),3(0)], numOfContainers=3, numOfBlocks=553
2019-06-13 22:54:22,871 WARN  block.DeletedBlockLogImpl (DeletedBlockLogImpl.java:incrementCount(141)) - Deleted TXID not found.
2019-06-13 22:54:22,871 WARN  block.DeletedBlockLogImpl (DeletedBlockLogImpl.java:incrementCount(141)) - Deleted TXID not found.
2019-06-13 22:54:22,871 WARN  block.DeletedBlockLogImpl (DeletedBlockLogImpl.java:incrementCount(141)) - Deleted TXID not found.
2019-06-13 22:54:22,871 WARN  block.DeletedBlockLogImpl (DeletedBlockLogImpl.java:incrementCount(141)) - Deleted TXID not found.
2019-06-13 22:54:22,871 WARN  block.DeletedBlockLogImpl (DeletedBlockLogImpl.java:incrementCount(141)) - Deleted TXID not found.
2019-06-13 22:54:22,871 WARN  block.DeletedBlockLogImpl (DeletedBlockLogImpl.java:incrementCount(141)) - Deleted TXID not found.
2019-06-13 22:54:22,871 DEBUG block.SCMBlockDeletingService (SCMBlockDeletingService.java:call(138)) - Running DeletedBlockTransactionScanner
2019-06-13 22:54:22,872 INFO  commandhandler.DeleteBlocksCommandHandler (DeleteBlocksCommandHandler.java:handle(106)) - Start to delete container blocks, TXIDs=[1(0),2(0),3(0)], numOfContainers=3, numOfBlocks=553
2019-06-13 22:54:22,872 INFO  commands.RetriableDatanodeEventWatcher (LeaderElection.java:askForVotes(181)) - 85302df8-7a7f-4077-a053-c26dc3d3d65a:group-1752A286CC6D:LeaderElection3: begin an election at term 1 for -1: [85302df8-7a7f-4077-a053-c26dc3d3d65a:192.168.105.135:43785], old=null
2019-06-13 22:54:22,872 INFO  commands.RetriableDatanodeEventWatcher (RetriableDatanodeEventWatcher.java:onTimeout(47)) - RetriableDatanodeCommand type=deleteBlocksCommand with id=1560466452164 timed out. Retrying.
2019-06-13 22:54:22,873 INFO  impl.RoleInfo (RoleInfo.java:shutdownLeaderElection(134)) - 85302df8-7a7f-4077-a053-c26dc3d3d65a: shutdown LeaderElection
2019-06-13 22:54:22,871 WARN  block.DeletedBlockLogImpl (DeletedBlockLogImpl.java:incrementCount(141)) - Deleted TXID not found.
2019-06-13 22:54:22,873 WARN  block.DeletedBlockLogImpl (DeletedBlockLogImpl.java:incrementCount(141)) - Deleted TXID not found.
2019-06-13 22:54:22,873 WARN  block.DeletedBlockLogImpl (DeletedBlockLogImpl.java:incrementCount(141)) - Deleted TXID not found.
2019-06-13 22:54:22,873 WARN  block.DeletedBlockLogImpl (DeletedBlockLogImpl.java:incrementCount(141)) - Deleted TXID not found.
2019-06-13 22:54:22,873 WARN  block.DeletedBlockLogImpl (DeletedBlockLogImpl.java:incrementCount(141)) - Deleted TXID not found.
2019-06-13 22:54:22,873 WARN  block.DeletedBlockLogImpl (DeletedBlockLogImpl.java:incrementCount(141)) - Deleted TXID not found.
2019-06-13 22:54:22,873 INFO  commandhandler.DeleteBlocksCommandHandler (DeletedBlockLogImpl.java:incrementCount(141)) - Deleted TXID not found.
2019-06-13 22:54:22,873 INFO  commandhandler.DeleteBlocksCommandHandler (DeleteBlocksCommandHandler.java:handle(106)) - Start to delete container blocks, TXIDs=[1(0),2(0),3(0)], numOfContainers=3, numOfBlocks=553
2019-06-13 22:54:22,873 INFO  impl.RaftServerImpl (RaftServerImpl.java:setRole(164)) - 85302df8-7a7f-4077-a053-c26dc3d3d65a:group-1752A286CC6D changes role from CANDIDATE to LEADER at term 1 for changeToLeader
2019-06-13 22:54:22,873 INFO  impl.RaftServerImpl (ServerState.java:setLeader(263)) - 85302df8-7a7f-4077-a053-c26dc3d3d65a:group-1752A286CC6D change Leader from null to 85302df8-7a7f-4077-a053-c26dc3d3d65a at term 1 for becomeLeader, leader elected after 1199ms
2019-06-13 22:54:22,874 INFO  server.RaftServerConfigKeys (ConfUtils.java:logGet(43)) - raft.server.staging.catchup.gap = 1000 (default)
2019-06-13 22:54:22,874 INFO  server.RaftServerConfigKeys (ConfUtils.java:logGet(43)) - raft.server.rpc.sleep.time = 25ms (default)
2019-06-13 22:54:22,874 INFO  server.RaftServerConfigKeys (ConfUtils.java:logGet(43)) - raft.server.watch.timeout = 10s (default)
2019-06-13 22:54:22,874 INFO  server.RaftServerConfigKeys (ConfUtils.java:logGet(43)) - raft.server.watch.timeout.denomination = 1s (default)
2019-06-13 22:54:22,874 INFO  commandhandler.DeleteBlocksCommandHandler (DeleteBlocksCommandHandler.java:handle(106)) - Start to delete container blocks, TXIDs=[1(0),2(0),3(0)], numOfContainers=3, numOfBlocks=553
2019-06-13 22:54:22,873 WARN  block.DeletedBlockLogImpl (DeletedBlockLogImpl.java:incrementCount(141)) - Deleted TXID not found.
2019-06-13 22:54:22,874 WARN  block.DeletedBlockLogImpl (DeletedBlockLogImpl.java:incrementCount(141)) - Deleted TXID not found.
2019-06-13 22:54:22,874 WARN  block.DeletedBlockLogImpl (DeletedBlockLogImpl.java:incrementCount(141)) - Deleted TXID not found.
2019-06-13 22:54:22,874 WARN  block.DeletedBlockLogImpl (DeletedBlockLogImpl.java:incrementCount(141)) - Deleted TXID not found.
2019-06-13 22:54:22,875 WARN  block.DeletedBlockLogImpl (DeletedBlockLogImpl.java:incrementCount(141)) - Deleted TXID not found.
2019-06-13 22:54:22,875 WARN  block.DeletedBlockLogImpl (DeletedBlockLogImpl.java:incrementCount(141)) - Deleted TXID not found.
2019-06-13 22:54:22,875 WARN  block.DeletedBlockLogImpl (DeletedBlockLogImpl.java:incrementCount(141)) - Deleted TXID not found.
2019-06-13 22:54:22,875 WARN  block.DeletedBlockLogImpl (DeletedBlockLogImpl.java:incrementCount(141)) - Deleted TXID not found.
2019-06-13 22:54:22,875 WARN  block.DeletedBlockLogImpl (DeletedBlockLogImpl.java:incrementCount(141)) - Deleted TXID not found.
2019-06-13 22:54:22,875 INFO  commandhandler.DeleteBlocksCommandHandler (DeletedBlockLogImpl.java:incrementCount(141)) - Deleted TXID not found.
2019-06-13 22:54:22,875 WARN  block.DeletedBlockLogImpl (DeleteBlocksCommandHandler.java:handle(106)) - Start to delete container blocks, TXIDs=[1(0),2(0),3(0)], numOfContainers=3, numOfBlocks=553
DeletedBlockLogImpl.java:incrementCount(141)) - Deleted TXID not found.
2019-06-13 22:54:22,875 WARN  block.DeletedBlockLogImpl (DeletedBlockLogImpl.java:incrementCount(141)) - Deleted TXID not found.
2019-06-13 22:54:22,875 WARN  block.DeletedBlockLogImpl (DeletedBlockLogImpl.java:incrementCount(141)) - Deleted TXID not found.
2019-06-13 22:54:22,875 INFO  commandhandler.DeleteBlocksCommandHandler (DeleteBlocksCommandHandler.java:handle(106)) - Start to delete container blocks, TXIDs=[1(0),2(0),3(0)], numOfContainers=3, numOfBlocks=553
2019-06-13 22:54:22,875 WARN  block.DeletedBlockLogImpl (DeletedBlockLogImpl.java:incrementCount(141)) - Deleted TXID not found.
2019-06-13 22:54:22,875 WARN  block.DeletedBlockLogImpl (DeletedBlockLogImpl.java:incrementCount(141)) - Deleted TXID not found.
2019-06-13 22:54:22,875 WARN  block.DeletedBlockLogImpl (DeletedBlockLogImpl.java:incrementCount(141)) - Deleted TXID not found.
2019-06-13 22:54:22,875 WARN  block.DeletedBlockLogImpl (DeletedBlockLogImpl.java:incrementCount(141)) - Deleted TXID not found.
2019-06-13 22:54:22,876 WARN  block.DeletedBlockLogImpl (DeletedBlockLogImpl.java:incrementCount(141)) - Deleted TXID not found.
2019-06-13 22:54:22,876 WARN  block.DeletedBlockLogImpl (DeletedBlockLogImpl.java:incrementCount(141)) - Deleted TXID not found.
2019-06-13 22:54:22,876 WARN  block.DeletedBlockLogImpl (DeletedBlockLogImpl.java:incrementCount(141)) - Deleted TXID not found.
2019-06-13 22:54:22,876 INFO  commandhandler.DeleteBlocksCommandHandler (DeleteBlocksCommandHandler.java:handle(106)) - Start to delete container blocks, TXIDs=[1(0),2(0),3(0)], numOfContainers=3, numOfBlocks=553
2019-06-13 22:54:22,877 INFO  commandhandler.DeleteBlocksCommandHandler (DeleteBlocksCommandHandler.java:handle(106)) - Start to delete container blocks, TXIDs=[1(0),2(0),3(0)], numOfContainers=3, numOfBlocks=553
2019-06-13 22:54:22,878 INFO  impl.RoleInfo (RoleInfo.java:updateAndGet(143)) - 85302df8-7a7f-4077-a053-c26dc3d3d65a: start LeaderState
2019-06-13 22:54:22,878 INFO  commandhandler.DeleteBlocksCommandHandler (DeleteBlocksCommandHandler.java:handle(106)) - Start to delete container blocks, TXIDs=[1(0),2(0),3(0)], numOfContainers=3, numOfBlocks=553
2019-06-13 22:54:22,878 INFO  storage.RaftLogWorker (RaftLogWorker.java:startLogSegment(298)) - 85302df8-7a7f-4077-a053-c26dc3d3d65a-RaftLogWorker: Starting segment from index:0
2019-06-13 22:54:22,879 INFO  commandhandler.DeleteBlocksCommandHandler (DeleteBlocksCommandHandler.java:handle(106)) - Start to delete container blocks, TXIDs=[1(0),2(0),3(0)], numOfContainers=3, numOfBlocks=553
2019-06-13 22:54:22,880 INFO  commandhandler.DeleteBlocksCommandHandler (DeleteBlocksCommandHandler.java:handle(106)) - Start to delete container blocks, TXIDs=[1(0),2(0),3(0)], numOfContainers=3, numOfBlocks=553
2019-06-13 22:54:22,881 INFO  commandhandler.DeleteBlocksCommandHandler (DeleteBlocksCommandHandler.java:handle(106)) - Start to delete container blocks, TXIDs=[1(0),2(0),3(0)], numOfContainers=3, numOfBlocks=553
2019-06-13 22:54:22,881 DEBUG block.DeletedBlockLogImpl (DeletedBlockLogImpl.java:isTransactionFailed(245)) - Got block deletion ACK from datanode, TXIDs=1, success=true
2019-06-13 22:54:22,881 WARN  block.DeletedBlockLogImpl (DeletedBlockLogImpl.java:commitTransactions(205)) - Transaction txId=1 commit by dnId=85302df8-7a7f-4077-a053-c26dc3d3d65a for containerID=#1 failed. Corresponding entry not found.
2019-06-13 22:54:22,881 DEBUG block.DeletedBlockLogImpl (DeletedBlockLogImpl.java:isTransactionFailed(245)) - Got block deletion ACK from datanode, TXIDs=1, success=true
2019-06-13 22:54:22,882 WARN  block.DeletedBlockLogImpl (DeletedBlockLogImpl.java:commitTransactions(205)) - Transaction txId=1 commit by dnId=85302df8-7a7f-4077-a053-c26dc3d3d65a for containerID=#1 failed. Corresponding entry not found.
2019-06-13 22:54:22,882 DEBUG block.DeletedBlockLogImpl (DeletedBlockLogImpl.java:isTransactionFailed(245)) - Got block deletion ACK from datanode, TXIDs=1, success=true
2019-06-13 22:54:22,882 WARN  block.DeletedBlockLogImpl (DeletedBlockLogImpl.java:commitTransactions(205)) - Transaction txId=1 commit by dnId=85302df8-7a7f-4077-a053-c26dc3d3d65a for containerID=#1 failed. Corresponding entry not found.
2019-06-13 22:54:22,882 DEBUG block.DeletedBlockLogImpl (DeletedBlockLogImpl.java:isTransactionFailed(245)) - Got block deletion ACK from datanode, TXIDs=1, success=true
2019-06-13 22:54:22,882 WARN  block.DeletedBlockLogImpl (DeletedBlockLogImpl.java:commitTransactions(205)) - Transaction txId=1 commit by dnId=85302df8-7a7f-4077-a053-c26dc3d3d65a for containerID=#1 failed. Corresponding entry not found.
2019-06-13 22:54:22,882 DEBUG block.DeletedBlockLogImpl (DeletedBlockLogImpl.java:isTransactionFailed(245)) - Got block deletion ACK from datanode, TXIDs=1, success=true
2019-06-13 22:54:22,882 WARN  block.DeletedBlockLogImpl (DeletedBlockLogImpl.java:commitTransactions(205)) - Transaction txId=1 commit by dnId=85302df8-7a7f-4077-a053-c26dc3d3d65a for containerID=#1 failed. Corresponding entry not found.
2019-06-13 22:54:22,882 DEBUG block.DeletedBlockLogImpl (DeletedBlockLogImpl.java:isTransactionFailed(245)) - Got block deletion ACK from datanode, TXIDs=1, success=true
2019-06-13 22:54:22,882 WARN  block.DeletedBlockLogImpl (DeletedBlockLogImpl.java:commitTransactions(205)) - Transaction txId=1 commit by dnId=85302df8-7a7f-4077-a053-c26dc3d3d65a for containerID=#1 failed. Corresponding entry not found.
2019-06-13 22:54:22,882 DEBUG block.DeletedBlockLogImpl (DeletedBlockLogImpl.java:isTransactionFailed(245)) - Got block deletion ACK from datanode, TXIDs=1, success=true
2019-06-13 22:54:22,882 WARN  block.DeletedBlockLogImpl (DeletedBlockLogImpl.java:commitTransactions(205)) - Transaction txId=1 commit by dnId=85302df8-7a7f-4077-a053-c26dc3d3d65a for containerID=#1 failed. Corresponding entry not found.
2019-06-13 22:54:22,882 DEBUG block.DeletedBlockLogImpl (DeletedBlockLogImpl.java:isTransactionFailed(245)) - Got block deletion ACK from datanode, TXIDs=1, success=true
2019-06-13 22:54:22,882 WARN  block.DeletedBlockLogImpl (DeletedBlockLogImpl.java:commitTransactions(205)) - Transaction txId=1 commit by dnId=85302df8-7a7f-4077-a053-c26dc3d3d65a for containerID=#1 failed. Corresponding entry not found.
2019-06-13 22:54:22,882 DEBUG block.DeletedBlockLogImpl (DeletedBlockLogImpl.java:isTransactionFailed(245)) - Got block deletion ACK from datanode, TXIDs=1, success=true
2019-06-13 22:54:22,882 WARN  block.DeletedBlockLogImpl (DeletedBlockLogImpl.java:commitTransactions(205)) - Transaction txId=1 commit by dnId=85302df8-7a7f-4077-a053-c26dc3d3d65a for containerID=#1 failed. Corresponding entry not found.
2019-06-13 22:54:22,882 DEBUG block.DeletedBlockLogImpl (DeletedBlockLogImpl.java:isTransactionFailed(245)) - Got block deletion ACK from datanode, TXIDs=1, success=true
2019-06-13 22:54:22,882 WARN  block.DeletedBlockLogImpl (DeletedBlockLogImpl.java:commitTransactions(205)) - Transaction txId=1 commit by dnId=85302df8-7a7f-4077-a053-c26dc3d3d65a for containerID=#1 failed. Corresponding entry not found.
2019-06-13 22:54:22,883 DEBUG block.DeletedBlockLogImpl (DeletedBlockLogImpl.java:isTransactionFailed(245)) - Got block deletion ACK from datanode, TXIDs=1, success=true
2019-06-13 22:54:22,883 WARN  block.DeletedBlockLogImpl (DeletedBlockLogImpl.java:commitTransactions(205)) - Transaction txId=1 commit by dnId=85302df8-7a7f-4077-a053-c26dc3d3d65a for containerID=#1 failed. Corresponding entry not found.
2019-06-13 22:54:22,883 DEBUG block.DeletedBlockLogImpl (DeletedBlockLogImpl.java:isTransactionFailed(245)) - Got block deletion ACK from datanode, TXIDs=1, success=true
2019-06-13 22:54:22,883 WARN  block.DeletedBlockLogImpl (DeletedBlockLogImpl.java:commitTransactions(205)) - Transaction txId=1 commit by dnId=85302df8-7a7f-4077-a053-c26dc3d3d65a for containerID=#1 failed. Corresponding entry not found.
2019-06-13 22:54:22,883 DEBUG block.DeletedBlockLogImpl (DeletedBlockLogImpl.java:isTransactionFailed(245)) - Got block deletion ACK from datanode, TXIDs=1, success=true
2019-06-13 22:54:22,883 WARN  block.DeletedBlockLogImpl (DeletedBlockLogImpl.java:commitTransactions(205)) - Transaction txId=1 commit by dnId=85302df8-7a7f-4077-a053-c26dc3d3d65a for containerID=#1 failed. Corresponding entry not found.
2019-06-13 22:54:22,883 DEBUG block.DeletedBlockLogImpl (DeletedBlockLogImpl.java:isTransactionFailed(245)) - Got block deletion ACK from datanode, TXIDs=1, success=true
2019-06-13 22:54:22,883 WARN  block.DeletedBlockLogImpl (DeletedBlockLogImpl.java:commitTransactions(205)) - Transaction txId=1 commit by dnId=85302df8-7a7f-4077-a053-c26dc3d3d65a for containerID=#1 failed. Corresponding entry not found.
2019-06-13 22:54:22,883 DEBUG block.DeletedBlockLogImpl (DeletedBlockLogImpl.java:isTransactionFailed(245)) - Got block deletion ACK from datanode, TXIDs=1, success=true
2019-06-13 22:54:22,883 WARN  block.DeletedBlockLogImpl (DeletedBlockLogImpl.java:commitTransactions(205)) - Transaction txId=1 commit by dnId=85302df8-7a7f-4077-a053-c26dc3d3d65a for containerID=#1 failed. Corresponding entry not found.
2019-06-13 22:54:22,883 DEBUG block.DeletedBlockLogImpl (DeletedBlockLogImpl.java:isTransactionFailed(245)) - Got block deletion ACK from datanode, TXIDs=1, success=true
2019-06-13 22:54:22,883 WARN  block.DeletedBlockLogImpl (DeletedBlockLogImpl.java:commitTransactions(205)) - Transaction txId=1 commit by dnId=85302df8-7a7f-4077-a053-c26dc3d3d65a for containerID=#1 failed. Corresponding entry not found.
2019-06-13 22:54:22,883 DEBUG block.DeletedBlockLogImpl (DeletedBlockLogImpl.java:isTransactionFailed(245)) - Got block deletion ACK from datanode, TXIDs=1, success=true
2019-06-13 22:54:22,883 WARN  block.DeletedBlockLogImpl (DeletedBlockLogImpl.java:commitTransactions(205)) - Transaction txId=1 commit by dnId=85302df8-7a7f-4077-a053-c26dc3d3d65a for containerID=#1 failed. Corresponding entry not found.
2019-06-13 22:54:22,883 DEBUG block.DeletedBlockLogImpl (DeletedBlockLogImpl.java:isTransactionFailed(245)) - Got block deletion ACK from datanode, TXIDs=1, success=true
2019-06-13 22:54:22,883 WARN  block.DeletedBlockLogImpl (DeletedBlockLogImpl.java:commitTransactions(205)) - Transaction txId=1 commit by dnId=85302df8-7a7f-4077-a053-c26dc3d3d65a for containerID=#1 failed. Corresponding entry not found.
2019-06-13 22:54:22,884 DEBUG block.DeletedBlockLogImpl (DeletedBlockLogImpl.java:isTransactionFailed(245)) - Got block deletion ACK from datanode, TXIDs=1, success=true
2019-06-13 22:54:22,884 WARN  block.DeletedBlockLogImpl (DeletedBlockLogImpl.java:commitTransactions(205)) - Transaction txId=1 commit by dnId=85302df8-7a7f-4077-a053-c26dc3d3d65a for containerID=#1 failed. Corresponding entry not found.
2019-06-13 22:54:22,884 DEBUG block.DeletedBlockLogImpl (DeletedBlockLogImpl.java:isTransactionFailed(245)) - Got block deletion ACK from datanode, TXIDs=1, success=true
2019-06-13 22:54:22,884 WARN  block.DeletedBlockLogImpl (DeletedBlockLogImpl.java:commitTransactions(205)) - Transaction txId=1 commit by dnId=85302df8-7a7f-4077-a053-c26dc3d3d65a for containerID=#1 failed. Corresponding entry not found.
2019-06-13 22:54:22,884 DEBUG block.DeletedBlockLogImpl (DeletedBlockLogImpl.java:isTransactionFailed(245)) - Got block deletion ACK from datanode, TXIDs=1, success=true
2019-06-13 22:54:22,884 WARN  block.DeletedBlockLogImpl (DeletedBlockLogImpl.java:commitTransactions(205)) - Transaction txId=1 commit by dnId=85302df8-7a7f-4077-a053-c26dc3d3d65a for containerID=#1 failed. Corresponding entry not found.
2019-06-13 22:54:22,884 DEBUG block.DeletedBlockLogImpl (DeletedBlockLogImpl.java:isTransactionFailed(245)) - Got block deletion ACK from datanode, TXIDs=1, success=true
2019-06-13 22:54:22,884 WARN  block.DeletedBlockLogImpl (DeletedBlockLogImpl.java:commitTransactions(205)) - Transaction txId=1 commit by dnId=85302df8-7a7f-4077-a053-c26dc3d3d65a for containerID=#1 failed. Corresponding entry not found.
2019-06-13 22:54:22,884 DEBUG block.DeletedBlockLogImpl (DeletedBlockLogImpl.java:isTransactionFailed(245)) - Got block deletion ACK from datanode, TXIDs=1, success=true
2019-06-13 22:54:22,884 WARN  block.DeletedBlockLogImpl (DeletedBlockLogImpl.java:commitTransactions(205)) - Transaction txId=1 commit by dnId=85302df8-7a7f-4077-a053-c26dc3d3d65a for containerID=#1 failed. Corresponding entry not found.
2019-06-13 22:54:22,884 DEBUG block.DeletedBlockLogImpl (DeletedBlockLogImpl.java:isTransactionFailed(245)) - Got block deletion ACK from datanode, TXIDs=1, success=true
2019-06-13 22:54:22,884 WARN  block.DeletedBlockLogImpl (DeletedBlockLogImpl.java:commitTransactions(205)) - Transaction txId=1 commit by dnId=85302df8-7a7f-4077-a053-c26dc3d3d65a for containerID=#1 failed. Corresponding entry not found.
2019-06-13 22:54:22,884 DEBUG block.DeletedBlockLogImpl (DeletedBlockLogImpl.java:isTransactionFailed(245)) - Got block deletion ACK from datanode, TXIDs=1, success=true
2019-06-13 22:54:22,884 WARN  block.DeletedBlockLogImpl (DeletedBlockLogImpl.java:commitTransactions(205)) - Transaction txId=1 commit by dnId=85302df8-7a7f-4077-a053-c26dc3d3d65a for containerID=#1 failed. Corresponding entry not found.
2019-06-13 22:54:22,884 DEBUG block.DeletedBlockLogImpl (DeletedBlockLogImpl.java:isTransactionFailed(245)) - Got block deletion ACK from datanode, TXIDs=1, success=true
2019-06-13 22:54:22,884 WARN  block.DeletedBlockLogImpl (DeletedBlockLogImpl.java:commitTransactions(205)) - Transaction txId=1 commit by dnId=85302df8-7a7f-4077-a053-c26dc3d3d65a for containerID=#1 failed. Corresponding entry not found.
2019-06-13 22:54:22,884 DEBUG block.DeletedBlockLogImpl (DeletedBlockLogImpl.java:isTransactionFailed(245)) - Got block deletion ACK from datanode, TXIDs=1, success=true
2019-06-13 22:54:22,885 WARN  block.DeletedBlockLogImpl (DeletedBlockLogImpl.java:commitTransactions(205)) - Transaction txId=1 commit by dnId=85302df8-7a7f-4077-a053-c26dc3d3d65a for containerID=#1 failed. Corresponding entry not found.
2019-06-13 22:54:22,885 DEBUG block.DeletedBlockLogImpl (DeletedBlockLogImpl.java:isTransactionFailed(245)) - Got block deletion ACK from datanode, TXIDs=1, success=true
2019-06-13 22:54:22,885 WARN  block.DeletedBlockLogImpl (DeletedBlockLogImpl.java:commitTransactions(205)) - Transaction txId=1 commit by dnId=85302df8-7a7f-4077-a053-c26dc3d3d65a for containerID=#1 failed. Corresponding entry not found.
2019-06-13 22:54:22,885 DEBUG block.DeletedBlockLogImpl (DeletedBlockLogImpl.java:isTransactionFailed(245)) - Got block deletion ACK from datanode, TXIDs=1, success=true
2019-06-13 22:54:22,885 WARN  block.DeletedBlockLogImpl (DeletedBlockLogImpl.java:commitTransactions(205)) - Transaction txId=1 commit by dnId=85302df8-7a7f-4077-a053-c26dc3d3d65a for containerID=#1 failed. Corresponding entry not found.
2019-06-13 22:54:22,885 DEBUG block.DeletedBlockLogImpl (DeletedBlockLogImpl.java:isTransactionFailed(245)) - Got block deletion ACK from datanode, TXIDs=1, success=true
2019-06-13 22:54:22,885 WARN  block.DeletedBlockLogImpl (DeletedBlockLogImpl.java:commitTransactions(205)) - Transaction txId=1 commit by dnId=85302df8-7a7f-4077-a053-c26dc3d3d65a for containerID=#1 failed. Corresponding entry not found.
2019-06-13 22:54:22,885 DEBUG block.DeletedBlockLogImpl (DeletedBlockLogImpl.java:isTransactionFailed(245)) - Got block deletion ACK from datanode, TXIDs=1, success=true
2019-06-13 22:54:22,885 WARN  block.DeletedBlockLogImpl (DeletedBlockLogImpl.java:commitTransactions(205)) - Transaction txId=1 commit by dnId=85302df8-7a7f-4077-a053-c26dc3d3d65a for containerID=#1 failed. Corresponding entry not found.
2019-06-13 22:54:22,885 DEBUG block.DeletedBlockLogImpl (DeletedBlockLogImpl.java:isTransactionFailed(245)) - Got block deletion ACK from datanode, TXIDs=1, success=true
2019-06-13 22:54:22,885 WARN  block.DeletedBlockLogImpl (DeletedBlockLogImpl.java:commitTransactions(205)) - Transaction txId=1 commit by dnId=85302df8-7a7f-4077-a053-c26dc3d3d65a for containerID=#1 failed. Corresponding entry not found.
2019-06-13 22:54:22,885 DEBUG block.SCMBlockDeletingService (SCMBlockDeletingService.java:call(155)) - Scanned deleted blocks log and got 0 delTX to process.
2019-06-13 22:54:22,885 DEBUG block.DeletedBlockLogImpl (DeletedBlockLogImpl.java:isTransactionFailed(245)) - Got block deletion ACK from datanode, TXIDs=1, success=true
2019-06-13 22:54:22,886 WARN  block.DeletedBlockLogImpl (DeletedBlockLogImpl.java:commitTransactions(205)) - Transaction txId=1 commit by dnId=85302df8-7a7f-4077-a053-c26dc3d3d65a for containerID=#1 failed. Corresponding entry not found.
2019-06-13 22:54:22,886 DEBUG block.DeletedBlockLogImpl (DeletedBlockLogImpl.java:isTransactionFailed(245)) - Got block deletion ACK from datanode, TXIDs=1, success=true
2019-06-13 22:54:22,886 WARN  block.DeletedBlockLogImpl (DeletedBlockLogImpl.java:commitTransactions(205)) - Transaction txId=1 commit by dnId=85302df8-7a7f-4077-a053-c26dc3d3d65a for containerID=#1 failed. Corresponding entry not found.
2019-06-13 22:54:22,886 DEBUG block.DeletedBlockLogImpl (DeletedBlockLogImpl.java:isTransactionFailed(245)) - Got block deletion ACK from datanode, TXIDs=1, success=true
2019-06-13 22:54:22,886 WARN  block.DeletedBlockLogImpl (DeletedBlockLogImpl.java:commitTransactions(205)) - Transaction txId=1 commit by dnId=85302df8-7a7f-4077-a053-c26dc3d3d65a for containerID=#1 failed. Corresponding entry not found.
2019-06-13 22:54:22,886 DEBUG block.DeletedBlockLogImpl (DeletedBlockLogImpl.java:isTransactionFailed(245)) - Got block deletion ACK from datanode, TXIDs=1, success=true
2019-06-13 22:54:22,886 WARN  block.DeletedBlockLogImpl (DeletedBlockLogImpl.java:commitTransactions(205)) - Transaction txId=1 commit by dnId=85302df8-7a7f-4077-a053-c26dc3d3d65a for containerID=#1 failed. Corresponding entry not found.
2019-06-13 22:54:22,886 DEBUG block.DeletedBlockLogImpl (DeletedBlockLogImpl.java:isTransactionFailed(245)) - Got block deletion ACK from datanode, TXIDs=1, success=true
2019-06-13 22:54:22,886 WARN  block.DeletedBlockLogImpl (DeletedBlockLogImpl.java:commitTransactions(205)) - Transaction txId=1 commit by dnId=85302df8-7a7f-4077-a053-c26dc3d3d65a for containerID=#1 failed. Corresponding entry not found.
2019-06-13 22:54:22,886 DEBUG block.DeletedBlockLogImpl (DeletedBlockLogImpl.java:isTransactionFailed(245)) - Got block deletion ACK from datanode, TXIDs=1, success=true
2019-06-13 22:54:22,886 WARN  block.DeletedBlockLogImpl (DeletedBlockLogImpl.java:commitTransactions(205)) - Transaction txId=1 commit by dnId=85302df8-7a7f-4077-a053-c26dc3d3d65a for containerID=#1 failed. Corresponding entry not found.
2019-06-13 22:54:22,887 INFO  commandhandler.DeleteBlocksCommandHandler (DeleteBlocksCommandHandler.java:handle(106)) - Start to delete container blocks, TXIDs=[1(0),2(0),3(0)], numOfContainers=3, numOfBlocks=553
2019-06-13 22:54:22,888 INFO  commandhandler.DeleteBlocksCommandHandler (DeleteBlocksCommandHandler.java:handle(106)) - Start to delete container blocks, TXIDs=[1(0),2(0),3(0)], numOfContainers=3, numOfBlocks=553
2019-06-13 22:54:22,888 INFO  impl.RaftServerImpl (ServerState.java:setRaftConf(361)) - 85302df8-7a7f-4077-a053-c26dc3d3d65a:group-1752A286CC6D set configuration 0: [85302df8-7a7f-4077-a053-c26dc3d3d65a:192.168.105.135:43785], old=null at 0
2019-06-13 22:54:22,900 INFO  commandhandler.DeleteBlocksCommandHandler (DeleteBlocksCommandHandler.java:handle(106)) - Start to delete container blocks, TXIDs=[1(0),2(0),3(0)], numOfContainers=3, numOfBlocks=553
2019-06-13 22:54:22,901 INFO  commandhandler.DeleteBlocksCommandHandler (DeleteBlocksCommandHandler.java:handle(106)) - Start to delete container blocks, TXIDs=[1(0),2(0),3(0)], numOfContainers=3, numOfBlocks=553
2019-06-13 22:54:22,902 INFO  commandhandler.DeleteBlocksCommandHandler (DeleteBlocksCommandHandler.java:handle(106)) - Start to delete container blocks, TXIDs=[1(0),2(0),3(0)], numOfContainers=3, numOfBlocks=553
2019-06-13 22:54:22,903 INFO  commandhandler.DeleteBlocksCommandHandler (DeleteBlocksCommandHandler.java:handle(106)) - Start to delete container blocks, TXIDs=[1(0),2(0),3(0)], numOfContainers=3, numOfBlocks=553
2019-06-13 22:54:22,904 INFO  commandhandler.DeleteBlocksCommandHandler (DeleteBlocksCommandHandler.java:handle(106)) - Start to delete container blocks, TXIDs=[1(0),2(0),3(0)], numOfContainers=3, numOfBlocks=553
2019-06-13 22:54:22,905 INFO  commandhandler.DeleteBlocksCommandHandler (DeleteBlocksCommandHandler.java:handle(106)) - Start to delete container blocks, TXIDs=[1(0),2(0),3(0)], numOfContainers=3, numOfBlocks=553
2019-06-13 22:54:22,906 INFO  commandhandler.DeleteBlocksCommandHandler (DeleteBlocksCommandHandler.java:handle(106)) - Start to delete container blocks, TXIDs=[1(0),2(0),3(0)], numOfContainers=3, numOfBlocks=553
2019-06-13 22:54:22,907 INFO  commandhandler.DeleteBlocksCommandHandler (DeleteBlocksCommandHandler.java:handle(106)) - Start to delete container blocks, TXIDs=[1(0),2(0),3(0)], numOfContainers=3, numOfBlocks=553
2019-06-13 22:54:22,908 INFO  commandhandler.DeleteBlocksCommandHandler (DeleteBlocksCommandHandler.java:handle(106)) - Start to delete container blocks, TXIDs=[1(0),2(0),3(0)], numOfContainers=3, numOfBlocks=553
2019-06-13 22:54:22,909 INFO  commandhandler.DeleteBlocksCommandHandler (DeleteBlocksCommandHandler.java:handle(106)) - Start to delete container blocks, TXIDs=[1(0),2(0),3(0)], numOfContainers=3, numOfBlocks=553
2019-06-13 22:54:22,910 INFO  commandhandler.DeleteBlocksCommandHandler (DeleteBlocksCommandHandler.java:handle(106)) - Start to delete container blocks, TXIDs=[1(0),2(0),3(0)], numOfContainers=3, numOfBlocks=553
2019-06-13 22:54:22,911 INFO  commandhandler.DeleteBlocksCommandHandler (DeleteBlocksCommandHandler.java:handle(106)) - Start to delete container blocks, TXIDs=[1(0),2(0),3(0)], numOfContainers=3, numOfBlocks=553
2019-06-13 22:54:22,912 INFO  commandhandler.DeleteBlocksCommandHandler (DeleteBlocksCommandHandler.java:handle(106)) - Start to delete container blocks, TXIDs=[1(0),2(0),3(0)], numOfContainers=3, numOfBlocks=553
2019-06-13 22:54:22,913 INFO  commandhandler.DeleteBlocksCommandHandler (DeleteBlocksCommandHandler.java:handle(106)) - Start to delete container blocks, TXIDs=[1(0),2(0),3(0)], numOfContainers=3, numOfBlocks=553
2019-06-13 22:54:22,914 INFO  commandhandler.DeleteBlocksCommandHandler (DeleteBlocksCommandHandler.java:handle(106)) - Start to delete container blocks, TXIDs=[1(0),2(0),3(0)], numOfContainers=3, numOfBlocks=553
2019-06-13 22:54:22,916 INFO  commandhandler.DeleteBlocksCommandHandler (DeleteBlocksCommandHandler.java:handle(106)) - Start to delete container blocks, TXIDs=[1(0),2(0),3(0)], numOfContainers=3, numOfBlocks=553
2019-06-13 22:54:22,917 INFO  commands.RetriableDatanodeEventWatcher (RetriableDatanodeEventWatcher.java:onTimeout(47)) - RetriableDatanodeCommand type=deleteBlocksCommand with id=1560466452174 timed out. Retrying.
2019-06-13 22:54:22,917 INFO  commands.RetriableDatanodeEventWatcher (RetriableDatanodeEventWatcher.java:onTimeout(47)) - RetriableDatanodeCommand type=deleteBlocksCommand with id=1560466452184 timed out. Retrying.
2019-06-13 22:54:22,917 INFO  commandhandler.DeleteBlocksCommandHandler (DeleteBlocksCommandHandler.java:handle(106)) - Start to delete container blocks, TXIDs=[1(0),2(0),3(0)], numOfContainers=3, numOfBlocks=553
2019-06-13 22:54:22,918 INFO  commandhandler.DeleteBlocksCommandHandler (DeleteBlocksCommandHandler.java:handle(106)) - Start to delete container blocks, TXIDs=[1(0),2(0),3(0)], numOfContainers=3, numOfBlocks=553
2019-06-13 22:54:22,919 INFO  commandhandler.DeleteBlocksCommandHandler (DeleteBlocksCommandHandler.java:handle(106)) - Start to delete container blocks, TXIDs=[1(0),2(0),3(0)], numOfContainers=3, numOfBlocks=553
2019-06-13 22:54:22,920 INFO  commandhandler.DeleteBlocksCommandHandler (DeleteBlocksCommandHandler.java:handle(106)) - Start to delete container blocks, TXIDs=[1(0),2(0),3(0)], numOfContainers=3, numOfBlocks=553
2019-06-13 22:54:22,921 INFO  commandhandler.DeleteBlocksCommandHandler (DeleteBlocksCommandHandler.java:handle(106)) - Start to delete container blocks, TXIDs=[1(0),2(0),3(0)], numOfContainers=3, numOfBlocks=553
2019-06-13 22:54:22,921 INFO  commandhandler.DeleteBlocksCommandHandler (DeleteBlocksCommandHandler.java:handle(106)) - Start to delete container blocks, TXIDs=[1(0),2(0),3(0)], numOfContainers=3, numOfBlocks=553
2019-06-13 22:54:22,922 INFO  commandhandler.DeleteBlocksCommandHandler (DeleteBlocksCommandHandler.java:handle(106)) - Start to delete container blocks, TXIDs=[1(0),2(0),3(0)], numOfContainers=3, numOfBlocks=553
2019-06-13 22:54:22,922 INFO  commands.RetriableDatanodeEventWatcher (RetriableDatanodeEventWatcher.java:onTimeout(47)) - RetriableDatanodeCommand type=deleteBlocksCommand with id=1560466452194 timed out. Retrying.
2019-06-13 22:54:22,923 INFO  commandhandler.DeleteBlocksCommandHandler (DeleteBlocksCommandHandler.java:handle(106)) - Start to delete container blocks, TXIDs=[1(0),2(0),3(0)], numOfContainers=3, numOfBlocks=553
2019-06-13 22:54:22,923 INFO  commandhandler.DeleteBlocksCommandHandler (DeleteBlocksCommandHandler.java:handle(106)) - Start to delete container blocks, TXIDs=[1(0),2(0),3(0)], numOfContainers=3, numOfBlocks=553
2019-06-13 22:54:22,924 INFO  commandhandler.DeleteBlocksCommandHandler (DeleteBlocksCommandHandler.java:handle(106)) - Start to delete container blocks, TXIDs=[1(0),2(0),3(0)], numOfContainers=3, numOfBlocks=553
2019-06-13 22:54:22,924 INFO  commandhandler.DeleteBlocksCommandHandler (DeleteBlocksCommandHandler.java:handle(106)) - Start to delete container blocks, TXIDs=[1(0),2(0),3(0)], numOfContainers=3, numOfBlocks=553
2019-06-13 22:54:22,925 INFO  commandhandler.DeleteBlocksCommandHandler (DeleteBlocksCommandHandler.java:handle(106)) - Start to delete container blocks, TXIDs=[1(0),2(0),3(0)], numOfContainers=3, numOfBlocks=553
2019-06-13 22:54:22,926 INFO  commandhandler.DeleteBlocksCommandHandler (DeleteBlocksCommandHandler.java:handle(106)) - Start to delete container blocks, TXIDs=[1(0),2(0),3(0)], numOfContainers=3, numOfBlocks=553
2019-06-13 22:54:22,926 INFO  commandhandler.DeleteBlocksCommandHandler (DeleteBlocksCommandHandler.java:handle(106)) - Start to delete container blocks, TXIDs=[1(0),2(0),3(0)], numOfContainers=3, numOfBlocks=553
2019-06-13 22:54:22,927 INFO  commandhandler.DeleteBlocksCommandHandler (DeleteBlocksCommandHandler.java:handle(106)) - Start to delete container blocks, TXIDs=[1(0),2(0),3(0)], numOfContainers=3, numOfBlocks=553
2019-06-13 22:54:22,927 INFO  commandhandler.DeleteBlocksCommandHandler (DeleteBlocksCommandHandler.java:handle(106)) - Start to delete container blocks, TXIDs=[1(0),2(0),3(0)], numOfContainers=3, numOfBlocks=553
2019-06-13 22:54:22,928 INFO  commandhandler.DeleteBlocksCommandHandler (DeleteBlocksCommandHandler.java:handle(106)) - Start to delete container blocks, TXIDs=[1(0),2(0),3(0)], numOfContainers=3, numOfBlocks=553
2019-06-13 22:54:22,929 INFO  commandhandler.DeleteBlocksCommandHandler (DeleteBlocksCommandHandler.java:handle(106)) - Start to delete container blocks, TXIDs=[1(0),2(0),3(0)], numOfContainers=3, numOfBlocks=553
2019-06-13 22:54:22,929 INFO  commandhandler.DeleteBlocksCommandHandler (DeleteBlocksCommandHandler.java:handle(106)) - Start to delete container blocks, TXIDs=[1(0),2(0),3(0)], numOfContainers=3, numOfBlocks=553
2019-06-13 22:54:22,930 INFO  commandhandler.DeleteBlocksCommandHandler (DeleteBlocksCommandHandler.java:handle(106)) - Start to delete container blocks, TXIDs=[1(0),2(0),3(0)], numOfContainers=3, numOfBlocks=553
2019-06-13 22:54:22,930 INFO  commandhandler.DeleteBlocksCommandHandler (DeleteBlocksCommandHandler.java:handle(106)) - Start to delete container blocks, TXIDs=[1(0),2(0),3(0)], numOfContainers=3, numOfBlocks=553
2019-06-13 22:54:22,931 INFO  commandhandler.DeleteBlocksCommandHandler (DeleteBlocksCommandHandler.java:handle(106)) - Start to delete container blocks, TXIDs=[1(0),2(0),3(0)], numOfContainers=3, numOfBlocks=553
2019-06-13 22:54:22,931 INFO  commandhandler.DeleteBlocksCommandHandler (DeleteBlocksCommandHandler.java:handle(106)) - Start to delete container blocks, TXIDs=[1(0),2(0),3(0)], numOfContainers=3, numOfBlocks=553
2019-06-13 22:54:22,932 INFO  commandhandler.DeleteBlocksCommandHandler (DeleteBlocksCommandHandler.java:handle(106)) - Start to delete container blocks, TXIDs=[1(0),2(0),3(0)], numOfContainers=3, numOfBlocks=553
2019-06-13 22:54:22,933 INFO  commandhandler.DeleteBlocksCommandHandler (DeleteBlocksCommandHandler.java:handle(106)) - Start to delete container blocks, TXIDs=[1(0),2(0),3(0)], numOfContainers=3, numOfBlocks=553
2019-06-13 22:54:22,934 INFO  commandhandler.DeleteBlocksCommandHandler (DeleteBlocksCommandHandler.java:handle(106)) - Start to delete container blocks, TXIDs=[1(0),2(0),3(0)], numOfContainers=3, numOfBlocks=553
2019-06-13 22:54:22,935 INFO  commandhandler.DeleteBlocksCommandHandler (DeleteBlocksCommandHandler.java:handle(106)) - Start to delete container blocks, TXIDs=[1(0),2(0),3(0)], numOfContainers=3, numOfBlocks=553
2019-06-13 22:54:22,935 INFO  commandhandler.DeleteBlocksCommandHandler (DeleteBlocksCommandHandler.java:handle(106)) - Start to delete container blocks, TXIDs=[1(0),2(0),3(0)], numOfContainers=3, numOfBlocks=553
2019-06-13 22:54:22,936 INFO  commandhandler.DeleteBlocksCommandHandler (DeleteBlocksCommandHandler.java:handle(106)) - Start to delete container blocks, TXIDs=[1(0),2(0),3(0)], numOfContainers=3, numOfBlocks=553
2019-06-13 22:54:22,937 INFO  commandhandler.DeleteBlocksCommandHandler (DeleteBlocksCommandHandler.java:handle(106)) - Start to delete container blocks, TXIDs=[1(0),2(0),3(0)], numOfContainers=3, numOfBlocks=553
2019-06-13 22:54:22,938 INFO  commandhandler.DeleteBlocksCommandHandler (DeleteBlocksCommandHandler.java:handle(106)) - Start to delete container blocks, TXIDs=[1(0),2(0),3(0)], numOfContainers=3, numOfBlocks=553
2019-06-13 22:54:22,957 INFO  commands.RetriableDatanodeEventWatcher (RetriableDatanodeEventWatcher.java:onTimeout(47)) - RetriableDatanodeCommand type=deleteBlocksCommand with id=1560466452204 timed out. Retrying.
2019-06-13 22:54:22,963 INFO  commandhandler.DeleteBlocksCommandHandler (DeleteBlocksCommandHandler.java:handle(106)) - Start to delete container blocks, TXIDs=[1(0),2(0),3(0)], numOfContainers=3, numOfBlocks=553
2019-06-13 22:54:22,964 INFO  commandhandler.DeleteBlocksCommandHandler (DeleteBlocksCommandHandler.java:handle(106)) - Start to delete container blocks, TXIDs=[1(0),2(0),3(0)], numOfContainers=3, numOfBlocks=553
2019-06-13 22:54:22,965 INFO  commandhandler.DeleteBlocksCommandHandler (DeleteBlocksCommandHandler.java:handle(106)) - Start to delete container blocks, TXIDs=[1(0),2(0),3(0)], numOfContainers=3, numOfBlocks=553
2019-06-13 22:54:22,965 INFO  commandhandler.DeleteBlocksCommandHandler (DeleteBlocksCommandHandler.java:handle(106)) - Start to delete container blocks, TXIDs=[1(0),2(0),3(0)], numOfContainers=3, numOfBlocks=553
2019-06-13 22:54:22,966 INFO  commandhandler.DeleteBlocksCommandHandler (DeleteBlocksCommandHandler.java:handle(106)) - Start to delete container blocks, TXIDs=[1(0),2(0),3(0)], numOfContainers=3, numOfBlocks=553
2019-06-13 22:54:22,966 INFO  commandhandler.DeleteBlocksCommandHandler (DeleteBlocksCommandHandler.java:handle(106)) - Start to delete container blocks, TXIDs=[1(0),2(0),3(0)], numOfContainers=3, numOfBlocks=553
2019-06-13 22:54:22,967 INFO  commandhandler.DeleteBlocksCommandHandler (DeleteBlocksCommandHandler.java:handle(106)) - Start to delete container blocks, TXIDs=[1(0),2(0),3(0)], numOfContainers=3, numOfBlocks=553
2019-06-13 22:54:22,968 INFO  commandhandler.DeleteBlocksCommandHandler (DeleteBlocksCommandHandler.java:handle(106)) - Start to delete container blocks, TXIDs=[1(0),2(0),3(0)], numOfContainers=3, numOfBlocks=553
2019-06-13 22:54:22,968 INFO  commandhandler.DeleteBlocksCommandHandler (DeleteBlocksCommandHandler.java:handle(106)) - Start to delete container blocks, TXIDs=[1(0),2(0),3(0)], numOfContainers=3, numOfBlocks=553
2019-06-13 22:54:22,969 INFO  commandhandler.DeleteBlocksCommandHandler (DeleteBlocksCommandHandler.java:handle(106)) - Start to delete container blocks, TXIDs=[1(0),2(0),3(0)], numOfContainers=3, numOfBlocks=553
2019-06-13 22:54:22,969 INFO  commandhandler.DeleteBlocksCommandHandler (DeleteBlocksCommandHandler.java:handle(106)) - Start to delete container blocks, TXIDs=[1(0),2(0),3(0)], numOfContainers=3, numOfBlocks=553
2019-06-13 22:54:22,970 INFO  commandhandler.DeleteBlocksCommandHandler (DeleteBlocksCommandHandler.java:handle(106)) - Start to delete container blocks, TXIDs=[1(0),2(0),3(0)], numOfContainers=3, numOfBlocks=553
2019-06-13 22:54:22,970 INFO  commandhandler.DeleteBlocksCommandHandler (DeleteBlocksCommandHandler.java:handle(106)) - Start to delete container blocks, TXIDs=[1(0),2(0),3(0)], numOfContainers=3, numOfBlocks=553
2019-06-13 22:54:22,971 INFO  commandhandler.DeleteBlocksCommandHandler (DeleteBlocksCommandHandler.java:handle(106)) - Start to delete container blocks, TXIDs=[1(0),2(0),3(0)], numOfContainers=3, numOfBlocks=553
2019-06-13 22:54:22,972 INFO  commandhandler.DeleteBlocksCommandHandler (DeleteBlocksCommandHandler.java:handle(106)) - Start to delete container blocks, TXIDs=[1(0),2(0),3(0)], numOfContainers=3, numOfBlocks=553
2019-06-13 22:54:22,972 INFO  commands.RetriableDatanodeEventWatcher (RetriableDatanodeEventWatcher.java:onTimeout(47)) - RetriableDatanodeCommand type=deleteBlocksCommand with id=1560466452165 timed out. Retrying.
2019-06-13 22:54:22,972 INFO  commandhandler.DeleteBlocksCommandHandler (DeleteBlocksCommandHandler.java:handle(106)) - Start to delete container blocks, TXIDs=[1(0),2(0),3(0)], numOfContainers=3, numOfBlocks=553
2019-06-13 22:54:22,973 INFO  commandhandler.DeleteBlocksCommandHandler (DeleteBlocksCommandHandler.java:handle(106)) - Start to delete container blocks, TXIDs=[1(0),2(0),3(0)], numOfContainers=3, numOfBlocks=553
2019-06-13 22:54:22,973 INFO  commandhandler.DeleteBlocksCommandHandler (DeleteBlocksCommandHandler.java:handle(106)) - Start to delete container blocks, TXIDs=[1(0),2(0),3(0)], numOfContainers=3, numOfBlocks=553
2019-06-13 22:54:22,974 INFO  commandhandler.DeleteBlocksCommandHandler (DeleteBlocksCommandHandler.java:handle(106)) - Start to delete container blocks, TXIDs=[1(0),2(0),3(0)], numOfContainers=3, numOfBlocks=553
2019-06-13 22:54:22,975 INFO  commandhandler.DeleteBlocksCommandHandler (DeleteBlocksCommandHandler.java:handle(106)) - Start to delete container blocks, TXIDs=[1(0),2(0),3(0)], numOfContainers=3, numOfBlocks=553
2019-06-13 22:54:22,976 INFO  commandhandler.DeleteBlocksCommandHandler (DeleteBlocksCommandHandler.java:handle(106)) - Start to delete container blocks, TXIDs=[1(0),2(0),3(0)], numOfContainers=3, numOfBlocks=553
2019-06-13 22:54:22,977 INFO  commandhandler.DeleteBlocksCommandHandler (DeleteBlocksCommandHandler.java:handle(106)) - Start to delete container blocks, TXIDs=[1(0),2(0),3(0)], numOfContainers=3, numOfBlocks=553
2019-06-13 22:54:22,978 INFO  commandhandler.DeleteBlocksCommandHandler (DeleteBlocksCommandHandler.java:handle(106)) - Start to delete container blocks, TXIDs=[1(0),2(0),3(0)], numOfContainers=3, numOfBlocks=553
2019-06-13 22:54:22,979 INFO  commandhandler.DeleteBlocksCommandHandler (DeleteBlocksCommandHandler.java:handle(106)) - Start to delete container blocks, TXIDs=[1(0),2(0),3(0)], numOfContainers=3, numOfBlocks=553
2019-06-13 22:54:22,980 INFO  commandhandler.DeleteBlocksCommandHandler (DeleteBlocksCommandHandler.java:handle(106)) - Start to delete container blocks, TXIDs=[1(0),2(0),3(0)], numOfContainers=3, numOfBlocks=553
2019-06-13 22:54:22,981 INFO  commandhandler.DeleteBlocksCommandHandler (DeleteBlocksCommandHandler.java:handle(106)) - Start to delete container blocks, TXIDs=[1(0),2(0),3(0)], numOfContainers=3, numOfBlocks=553
2019-06-13 22:54:22,982 INFO  commandhandler.DeleteBlocksCommandHandler (DeleteBlocksCommandHandler.java:handle(106)) - Start to delete container blocks, TXIDs=[1(0),2(0),3(0)], numOfContainers=3, numOfBlocks=553
2019-06-13 22:54:22,982 INFO  commandhandler.DeleteBlocksCommandHandler (DeleteBlocksCommandHandler.java:handle(106)) - Start to delete container blocks, TXIDs=[1(0),2(0),3(0)], numOfContainers=3, numOfBlocks=553
2019-06-13 22:54:22,983 INFO  commandhandler.DeleteBlocksCommandHandler (DeleteBlocksCommandHandler.java:handle(106)) - Start to delete container blocks, TXIDs=[1(0),2(0),3(0)], numOfContainers=3, numOfBlocks=553
2019-06-13 22:54:22,984 INFO  commandhandler.DeleteBlocksCommandHandler (DeleteBlocksCommandHandler.java:handle(106)) - Start to delete container blocks, TXIDs=[1(0),2(0),3(0)], numOfContainers=3, numOfBlocks=553
2019-06-13 22:54:22,985 INFO  commandhandler.DeleteBlocksCommandHandler (DeleteBlocksCommandHandler.java:handle(106)) - Start to delete container blocks, TXIDs=[1(0),2(0),3(0)], numOfContainers=3, numOfBlocks=553
2019-06-13 22:54:22,986 DEBUG block.SCMBlockDeletingService (SCMBlockDeletingService.java:call(138)) - Running DeletedBlockTransactionScanner
2019-06-13 22:54:22,986 DEBUG block.SCMBlockDeletingService (SCMBlockDeletingService.java:call(155)) - Scanned deleted blocks log and got 0 delTX to process.
2019-06-13 22:54:22,986 INFO  commandhandler.DeleteBlocksCommandHandler (DeleteBlocksCommandHandler.java:handle(106)) - Start to delete container blocks, TXIDs=[1(0),2(0),3(0)], numOfContainers=3, numOfBlocks=553
2019-06-13 22:54:22,987 INFO  commandhandler.DeleteBlocksCommandHandler (DeleteBlocksCommandHandler.java:handle(106)) - Start to delete container blocks, TXIDs=[1(0),2(0),3(0)], numOfContainers=3, numOfBlocks=553
2019-06-13 22:54:22,988 INFO  commandhandler.DeleteBlocksCommandHandler (DeleteBlocksCommandHandler.java:handle(106)) - Start to delete container blocks, TXIDs=[1(0),2(0),3(0)], numOfContainers=3, numOfBlocks=553
2019-06-13 22:54:22,989 INFO  commandhandler.DeleteBlocksCommandHandler (DeleteBlocksCommandHandler.java:handle(106)) - Start to delete container blocks, TXIDs=[1(0),2(0),3(0)], numOfContainers=3, numOfBlocks=553
2019-06-13 22:54:22,990 INFO  commandhandler.DeleteBlocksCommandHandler (DeleteBlocksCommandHandler.java:handle(106)) - Start to delete container blocks, TXIDs=[1(0),2(0),3(0)], numOfContainers=3, numOfBlocks=553
2019-06-13 22:54:22,991 INFO  commandhandler.DeleteBlocksCommandHandler (DeleteBlocksCommandHandler.java:handle(106)) - Start to delete container blocks, TXIDs=[1(0),2(0),3(0)], numOfContainers=3, numOfBlocks=553
2019-06-13 22:54:22,991 INFO  commandhandler.DeleteBlocksCommandHandler (DeleteBlocksCommandHandler.java:handle(106)) - Start to delete container blocks, TXIDs=[1(0),2(0),3(0)], numOfContainers=3, numOfBlocks=553
2019-06-13 22:54:22,992 INFO  commandhandler.DeleteBlocksCommandHandler (DeleteBlocksCommandHandler.java:handle(106)) - Start to delete container blocks, TXIDs=[1(0),2(0),3(0)], numOfContainers=3, numOfBlocks=553
2019-06-13 22:54:22,993 INFO  commandhandler.DeleteBlocksCommandHandler (DeleteBlocksCommandHandler.java:handle(106)) - Start to delete container blocks, TXIDs=[1(0),2(0),3(0)], numOfContainers=3, numOfBlocks=553
2019-06-13 22:54:22,994 INFO  commandhandler.DeleteBlocksCommandHandler (DeleteBlocksCommandHandler.java:handle(106)) - Start to delete container blocks, TXIDs=[1(0),2(0),3(0)], numOfContainers=3, numOfBlocks=553
2019-06-13 22:54:22,995 INFO  commandhandler.DeleteBlocksCommandHandler (DeleteBlocksCommandHandler.java:handle(106)) - Start to delete container blocks, TXIDs=[1(0),2(0),3(0)], numOfContainers=3, numOfBlocks=553
2019-06-13 22:54:22,996 INFO  commandhandler.DeleteBlocksCommandHandler (DeleteBlocksCommandHandler.java:handle(106)) - Start to delete container blocks, TXIDs=[1(0),2(0),3(0)], numOfContainers=3, numOfBlocks=553
2019-06-13 22:54:22,997 INFO  commandhandler.DeleteBlocksCommandHandler (DeleteBlocksCommandHandler.java:handle(106)) - Start to delete container blocks, TXIDs=[1(0),2(0),3(0)], numOfContainers=3, numOfBlocks=553
2019-06-13 22:54:22,998 INFO  commandhandler.DeleteBlocksCommandHandler (DeleteBlocksCommandHandler.java:handle(106)) - Start to delete container blocks, TXIDs=[1(0),2(0),3(0)], numOfContainers=3, numOfBlocks=553
2019-06-13 22:54:22,999 INFO  commandhandler.DeleteBlocksCommandHandler (DeleteBlocksCommandHandler.java:handle(106)) - Start to delete container blocks, TXIDs=[1(0),2(0),3(0)], numOfContainers=3, numOfBlocks=553
2019-06-13 22:54:22,999 INFO  commandhandler.DeleteBlocksCommandHandler (DeleteBlocksCommandHandler.java:handle(106)) - Start to delete container blocks, TXIDs=[1(0),2(0),3(0)], numOfContainers=3, numOfBlocks=553
2019-06-13 22:54:23,000 INFO  commandhandler.DeleteBlocksCommandHandler (DeleteBlocksCommandHandler.java:handle(106)) - Start to delete container blocks, TXIDs=[1(0),2(0),3(0)], numOfContainers=3, numOfBlocks=553
2019-06-13 22:54:23,001 INFO  commandhandler.DeleteBlocksCommandHandler (DeleteBlocksCommandHandler.java:handle(106)) - Start to delete container blocks, TXIDs=[1(0),2(0),3(0)], numOfContainers=3, numOfBlocks=553
2019-06-13 22:54:23,002 INFO  commandhandler.DeleteBlocksCommandHandler (DeleteBlocksCommandHandler.java:handle(106)) - Start to delete container blocks, TXIDs=[1(0),2(0),3(0)], numOfContainers=3, numOfBlocks=553
2019-06-13 22:54:23,003 INFO  commandhandler.DeleteBlocksCommandHandler (DeleteBlocksCommandHandler.java:handle(106)) - Start to delete container blocks, TXIDs=[1(0),2(0),3(0)], numOfContainers=3, numOfBlocks=553
2019-06-13 22:54:23,003 INFO  commands.RetriableDatanodeEventWatcher (RetriableDatanodeEventWatcher.java:onTimeout(47)) - RetriableDatanodeCommand type=deleteBlocksCommand with id=1560466452175 timed out. Retrying.
2019-06-13 22:54:23,004 INFO  commandhandler.DeleteBlocksCommandHandler (DeleteBlocksCommandHandler.java:handle(106)) - Start to delete container blocks, TXIDs=[1(0),2(0),3(0)], numOfContainers=3, numOfBlocks=553
2019-06-13 22:54:23,005 INFO  commandhandler.DeleteBlocksCommandHandler (DeleteBlocksCommandHandler.java:handle(106)) - Start to delete container blocks, TXIDs=[1(0),2(0),3(0)], numOfContainers=3, numOfBlocks=553
2019-06-13 22:54:23,006 INFO  commandhandler.DeleteBlocksCommandHandler (DeleteBlocksCommandHandler.java:handle(106)) - Start to delete container blocks, TXIDs=[1(0),2(0),3(0)], numOfContainers=3, numOfBlocks=553
2019-06-13 22:54:23,007 INFO  commandhandler.DeleteBlocksCommandHandler (DeleteBlocksCommandHandler.java:handle(106)) - Start to delete container blocks, TXIDs=[1(0),2(0),3(0)], numOfContainers=3, numOfBlocks=553
2019-06-13 22:54:23,007 INFO  commandhandler.DeleteBlocksCommandHandler (DeleteBlocksCommandHandler.java:handle(106)) - Start to delete container blocks, TXIDs=[1(0),2(0),3(0)], numOfContainers=3, numOfBlocks=553
2019-06-13 22:54:23,008 INFO  commandhandler.DeleteBlocksCommandHandler (DeleteBlocksCommandHandler.java:handle(106)) - Start to delete container blocks, TXIDs=[1(0),2(0),3(0)], numOfContainers=3, numOfBlocks=553
2019-06-13 22:54:23,009 INFO  commandhandler.DeleteBlocksCommandHandler (DeleteBlocksCommandHandler.java:handle(106)) - Start to delete container blocks, TXIDs=[1(0),2(0),3(0)], numOfContainers=3, numOfBlocks=553
2019-06-13 22:54:23,010 INFO  storage.RaftLogWorker (RaftLogWorker.java:execute(469)) - 85302df8-7a7f-4077-a053-c26dc3d3d65a-RaftLogWorker: created new log segment /opt/src/hadoop-ozone/integration-test/target/test-dir/MiniOzoneClusterImpl-550f9ca0-a6d9-4a4a-902f-f07ac81eac7b/datanode-0/data/ratis/5cf6b604-141d-4674-ac7f-1752a286cc6d/current/log_inprogress_0
2019-06-13 22:54:23,010 INFO  commandhandler.DeleteBlocksCommandHandler (DeleteBlocksCommandHandler.java:handle(106)) - Start to delete container blocks, TXIDs=[1(0),2(0),3(0)], numOfContainers=3, numOfBlocks=553
2019-06-13 22:54:23,011 INFO  commandhandler.DeleteBlocksCommandHandler (DeleteBlocksCommandHandler.java:handle(106)) - Start to delete container blocks, TXIDs=[1(0),2(0),3(0)], numOfContainers=3, numOfBlocks=553
2019-06-13 22:54:23,012 INFO  commands.RetriableDatanodeEventWatcher (RetriableDatanodeEventWatcher.java:onTimeout(47)) - RetriableDatanodeCommand type=deleteBlocksCommand with id=1560466452185 timed out. Retrying.
2019-06-13 22:54:23,012 INFO  commandhandler.DeleteBlocksCommandHandler (DeleteBlocksCommandHandler.java:handle(106)) - Start to delete container blocks, TXIDs=[1(0),2(0),3(0)], numOfContainers=3, numOfBlocks=553
2019-06-13 22:54:23,013 INFO  commandhandler.DeleteBlocksCommandHandler (DeleteBlocksCommandHandler.java:handle(106)) - Start to delete container blocks, TXIDs=[1(0),2(0),3(0)], numOfContainers=3, numOfBlocks=553
2019-06-13 22:54:23,014 INFO  commandhandler.DeleteBlocksCommandHandler (DeleteBlocksCommandHandler.java:handle(106)) - Start to delete container blocks, TXIDs=[1(0),2(0),3(0)], numOfContainers=3, numOfBlocks=553
2019-06-13 22:54:23,015 INFO  commandhandler.DeleteBlocksCommandHandler (DeleteBlocksCommandHandler.java:handle(106)) - Start to delete container blocks, TXIDs=[1(0),2(0),3(0)], numOfContainers=3, numOfBlocks=553
2019-06-13 22:54:23,016 INFO  commandhandler.DeleteBlocksCommandHandler (DeleteBlocksCommandHandler.java:handle(106)) - Start to delete container blocks, TXIDs=[1(0),2(0),3(0)], numOfContainers=3, numOfBlocks=553
2019-06-13 22:54:23,016 INFO  commandhandler.DeleteBlocksCommandHandler (DeleteBlocksCommandHandler.java:handle(106)) - Start to delete container blocks, TXIDs=[1(0),2(0),3(0)], numOfContainers=3, numOfBlocks=553
2019-06-13 22:54:23,017 INFO  commandhandler.DeleteBlocksCommandHandler (DeleteBlocksCommandHandler.java:handle(106)) - Start to delete container blocks, TXIDs=[1(0),2(0),3(0)], numOfContainers=3, numOfBlocks=553
2019-06-13 22:54:23,018 INFO  commandhandler.DeleteBlocksCommandHandler (DeleteBlocksCommandHandler.java:handle(106)) - Start to delete container blocks, TXIDs=[1(0),2(0),3(0)], numOfContainers=3, numOfBlocks=553
2019-06-13 22:54:23,019 INFO  commandhandler.DeleteBlocksCommandHandler (DeleteBlocksCommandHandler.java:handle(106)) - Start to delete container blocks, TXIDs=[1(0),2(0),3(0)], numOfContainers=3, numOfBlocks=553
2019-06-13 22:54:23,020 INFO  commandhandler.DeleteBlocksCommandHandler (DeleteBlocksCommandHandler.java:handle(106)) - Start to delete container blocks, TXIDs=[1(0),2(0),3(0)], numOfContainers=3, numOfBlocks=553
2019-06-13 22:54:23,021 INFO  commandhandler.DeleteBlocksCommandHandler (DeleteBlocksCommandHandler.java:handle(106)) - Start to delete container blocks, TXIDs=[1(0),2(0),3(0)], numOfContainers=3, numOfBlocks=553
2019-06-13 22:54:23,022 INFO  commandhandler.DeleteBlocksCommandHandler (DeleteBlocksCommandHandler.java:handle(106)) - Start to delete container blocks, TXIDs=[1(0),2(0),3(0)], numOfContainers=3, numOfBlocks=553
2019-06-13 22:54:23,023 INFO  commandhandler.DeleteBlocksCommandHandler (DeleteBlocksCommandHandler.java:handle(106)) - Start to delete container blocks, TXIDs=[1(0),2(0),3(0)], numOfContainers=3, numOfBlocks=553
2019-06-13 22:54:23,023 INFO  commands.RetriableDatanodeEventWatcher (RetriableDatanodeEventWatcher.java:onTimeout(47)) - RetriableDatanodeCommand type=deleteBlocksCommand with id=1560466452195 timed out. Retrying.
2019-06-13 22:54:23,024 INFO  commandhandler.DeleteBlocksCommandHandler (DeleteBlocksCommandHandler.java:handle(106)) - Start to delete container blocks, TXIDs=[1(0),2(0),3(0)], numOfContainers=3, numOfBlocks=553
2019-06-13 22:54:23,025 INFO  commandhandler.DeleteBlocksCommandHandler (DeleteBlocksCommandHandler.java:handle(106)) - Start to delete container blocks, TXIDs=[1(0),2(0),3(0)], numOfContainers=3, numOfBlocks=553
2019-06-13 22:54:23,025 INFO  commandhandler.DeleteBlocksCommandHandler (DeleteBlocksCommandHandler.java:handle(106)) - Start to delete container blocks, TXIDs=[1(0),2(0),3(0)], numOfContainers=3, numOfBlocks=553
2019-06-13 22:54:23,026 INFO  commandhandler.DeleteBlocksCommandHandler (DeleteBlocksCommandHandler.java:handle(106)) - Start to delete container blocks, TXIDs=[1(0),2(0),3(0)], numOfContainers=3, numOfBlocks=553
2019-06-13 22:54:23,027 INFO  commandhandler.DeleteBlocksCommandHandler (DeleteBlocksCommandHandler.java:handle(106)) - Start to delete container blocks, TXIDs=[1(0),2(0),3(0)], numOfContainers=3, numOfBlocks=553
2019-06-13 22:54:23,028 INFO  commandhandler.DeleteBlocksCommandHandler (DeleteBlocksCommandHandler.java:handle(106)) - Start to delete container blocks, TXIDs=[1(0),2(0),3(0)], numOfContainers=3, numOfBlocks=553
2019-06-13 22:54:23,029 INFO  commandhandler.DeleteBlocksCommandHandler (DeleteBlocksCommandHandler.java:handle(106)) - Start to delete container blocks, TXIDs=[1(0),2(0),3(0)], numOfContainers=3, numOfBlocks=553
2019-06-13 22:54:23,030 INFO  commandhandler.DeleteBlocksCommandHandler (DeleteBlocksCommandHandler.java:handle(106)) - Start to delete container blocks, TXIDs=[1(0),2(0),3(0)], numOfContainers=3, numOfBlocks=553
2019-06-13 22:54:23,031 INFO  commandhandler.DeleteBlocksCommandHandler (DeleteBlocksCommandHandler.java:handle(106)) - Start to delete container blocks, TXIDs=[1(0),2(0),3(0)], numOfContainers=3, numOfBlocks=553
2019-06-13 22:54:23,032 INFO  commandhandler.DeleteBlocksCommandHandler (DeleteBlocksCommandHandler.java:handle(106)) - Start to delete container blocks, TXIDs=[1(0),2(0),3(0)], numOfContainers=3, numOfBlocks=553
2019-06-13 22:54:23,033 INFO  commandhandler.DeleteBlocksCommandHandler (DeleteBlocksCommandHandler.java:handle(106)) - Start to delete container blocks, TXIDs=[1(0),2(0),3(0)], numOfContainers=3, numOfBlocks=553
2019-06-13 22:54:23,033 INFO  commandhandler.DeleteBlocksCommandHandler (DeleteBlocksCommandHandler.java:handle(106)) - Start to delete container blocks, TXIDs=[1(0),2(0),3(0)], numOfContainers=3, numOfBlocks=553
2019-06-13 22:54:23,034 INFO  commandhandler.DeleteBlocksCommandHandler (DeleteBlocksCommandHandler.java:handle(106)) - Start to delete container blocks, TXIDs=[1(0),2(0),3(0)], numOfContainers=3, numOfBlocks=553
2019-06-13 22:54:23,035 INFO  commandhandler.DeleteBlocksCommandHandler (DeleteBlocksCommandHandler.java:handle(106)) - Start to delete container blocks, TXIDs=[1(0),2(0),3(0)], numOfContainers=3, numOfBlocks=553
2019-06-13 22:54:23,036 INFO  commandhandler.DeleteBlocksCommandHandler (DeleteBlocksCommandHandler.java:handle(106)) - Start to delete container blocks, TXIDs=[1(0),2(0),3(0)], numOfContainers=3, numOfBlocks=553
2019-06-13 22:54:23,037 INFO  commandhandler.DeleteBlocksCommandHandler (DeleteBlocksCommandHandler.java:handle(106)) - Start to delete container blocks, TXIDs=[1(0),2(0),3(0)], numOfContainers=3, numOfBlocks=553
2019-06-13 22:54:23,038 INFO  commandhandler.DeleteBlocksCommandHandler (DeleteBlocksCommandHandler.java:handle(106)) - Start to delete container blocks, TXIDs=[1(0),2(0),3(0)], numOfContainers=3, numOfBlocks=553
2019-06-13 22:54:23,039 INFO  commandhandler.DeleteBlocksCommandHandler (DeleteBlocksCommandHandler.java:handle(106)) - Start to delete container blocks, TXIDs=[1(0),2(0),3(0)], numOfContainers=3, numOfBlocks=553
2019-06-13 22:54:23,040 INFO  commandhandler.DeleteBlocksCommandHandler (DeleteBlocksCommandHandler.java:handle(106)) - Start to delete container blocks, TXIDs=[1(0),2(0),3(0)], numOfContainers=3, numOfBlocks=553
2019-06-13 22:54:23,041 INFO  commandhandler.DeleteBlocksCommandHandler (DeleteBlocksCommandHandler.java:handle(106)) - Start to delete container blocks, TXIDs=[1(0),2(0),3(0)], numOfContainers=3, numOfBlocks=553
2019-06-13 22:54:23,042 INFO  commandhandler.DeleteBlocksCommandHandler (DeleteBlocksCommandHandler.java:handle(106)) - Start to delete container blocks, TXIDs=[1(0),2(0),3(0)], numOfContainers=3, numOfBlocks=553
2019-06-13 22:54:23,042 INFO  commandhandler.DeleteBlocksCommandHandler (DeleteBlocksCommandHandler.java:handle(106)) - Start to delete container blocks, TXIDs=[1(0),2(0),3(0)], numOfContainers=3, numOfBlocks=553
2019-06-13 22:54:23,043 INFO  commandhandler.DeleteBlocksCommandHandler (DeleteBlocksCommandHandler.java:handle(106)) - Start to delete container blocks, TXIDs=[1(0),2(0),3(0)], numOfContainers=3, numOfBlocks=553
2019-06-13 22:54:23,044 INFO  commandhandler.DeleteBlocksCommandHandler (DeleteBlocksCommandHandler.java:handle(106)) - Start to delete container blocks, TXIDs=[1(0),2(0),3(0)], numOfContainers=3, numOfBlocks=553
2019-06-13 22:54:23,045 INFO  commandhandler.DeleteBlocksCommandHandler (DeleteBlocksCommandHandler.java:handle(106)) - Start to delete container blocks, TXIDs=[1(0),2(0),3(0)], numOfContainers=3, numOfBlocks=553
2019-06-13 22:54:23,046 INFO  commandhandler.DeleteBlocksCommandHandler (DeleteBlocksCommandHandler.java:handle(106)) - Start to delete container blocks, TXIDs=[1(0),2(0),3(0)], numOfContainers=3, numOfBlocks=553
2019-06-13 22:54:23,047 INFO  commandhandler.DeleteBlocksCommandHandler (DeleteBlocksCommandHandler.java:handle(106)) - Start to delete container blocks, TXIDs=[1(0),2(0),3(0)], numOfContainers=3, numOfBlocks=553
2019-06-13 22:54:23,048 INFO  commandhandler.DeleteBlocksCommandHandler (DeleteBlocksCommandHandler.java:handle(106)) - Start to delete container blocks, TXIDs=[1(0),2(0),3(0)], numOfContainers=3, numOfBlocks=553
2019-06-13 22:54:23,049 INFO  commandhandler.DeleteBlocksCommandHandler (DeleteBlocksCommandHandler.java:handle(106)) - Start to delete container blocks, TXIDs=[1(0),2(0),3(0)], numOfContainers=3, numOfBlocks=553
2019-06-13 22:54:23,050 INFO  commandhandler.DeleteBlocksCommandHandler (DeleteBlocksCommandHandler.java:handle(106)) - Start to delete container blocks, TXIDs=[1(0),2(0),3(0)], numOfContainers=3, numOfBlocks=553
2019-06-13 22:54:23,051 INFO  commandhandler.DeleteBlocksCommandHandler (DeleteBlocksCommandHandler.java:handle(106)) - Start to delete container blocks, TXIDs=[1(387),2(387),3(387)], numOfContainers=3, numOfBlocks=553
2019-06-13 22:54:23,051 INFO  commandhandler.DeleteBlocksCommandHandler (DeleteBlocksCommandHandler.java:handle(106)) - Start to delete container blocks, TXIDs=[1(0),2(0),3(0)], numOfContainers=3, numOfBlocks=553
2019-06-13 22:54:23,052 INFO  commandhandler.DeleteBlocksCommandHandler (DeleteBlocksCommandHandler.java:handle(106)) - Start to delete container blocks, TXIDs=[1(0),2(0),3(0)], numOfContainers=3, numOfBlocks=553
2019-06-13 22:54:23,053 INFO  commandhandler.DeleteBlocksCommandHandler (DeleteBlocksCommandHandler.java:handle(106)) - Start to delete container blocks, TXIDs=[1(0),2(0),3(0)], numOfContainers=3, numOfBlocks=553
2019-06-13 22:54:23,054 INFO  commandhandler.DeleteBlocksCommandHandler (DeleteBlocksCommandHandler.java:handle(106)) - Start to delete container blocks, TXIDs=[1(0),2(0),3(0)], numOfContainers=3, numOfBlocks=553
2019-06-13 22:54:23,055 INFO  commandhandler.DeleteBlocksCommandHandler (DeleteBlocksCommandHandler.java:handle(106)) - Start to delete container blocks, TXIDs=[1(0),2(0),3(0)], numOfContainers=3, numOfBlocks=553
2019-06-13 22:54:23,056 INFO  commandhandler.DeleteBlocksCommandHandler (DeleteBlocksCommandHandler.java:handle(106)) - Start to delete container blocks, TXIDs=[1(0),2(0),3(0)], numOfContainers=3, numOfBlocks=553
2019-06-13 22:54:23,057 INFO  commandhandler.DeleteBlocksCommandHandler (DeleteBlocksCommandHandler.java:handle(106)) - Start to delete container blocks, TXIDs=[1(0),2(0),3(0)], numOfContainers=3, numOfBlocks=553
2019-06-13 22:54:23,058 INFO  commandhandler.DeleteBlocksCommandHandler (DeleteBlocksCommandHandler.java:handle(106)) - Start to delete container blocks, TXIDs=[1(0),2(0),3(0)], numOfContainers=3, numOfBlocks=553
2019-06-13 22:54:23,058 WARN  block.DeletedBlockLogImpl (DeletedBlockLogImpl.java:incrementCount(141)) - Deleted TXID not found.
2019-06-13 22:54:23,058 INFO  commandhandler.DeleteBlocksCommandHandler (DeleteBlocksCommandHandler.java:handle(106)) - Start to delete container blocks, TXIDs=[1(0),2(0),3(0)], numOfContainers=3, numOfBlocks=553
DeletedBlockLogImpl.java:incrementCount(141)) - Deleted TXID not found.
2019-06-13 22:54:23,058 INFO  commandhandler.DeleteBlocksCommandHandler (DeleteBlocksCommandHandler.java:handle(106)) - Start to delete container blocks, TXIDs=[1(0),2(0),3(0)], numOfContainers=3, numOfBlocks=553
2019-06-13 22:54:23,059 INFO  commands.RetriableDatanodeEventWatcher (DeletedBlockLogImpl.java:incrementCount(141)) - Deleted TXID not found.
2019-06-13 22:54:23,059 INFO  commands.RetriableDatanodeEventWatcher (RetriableDatanodeEventWatcher.java:onTimeout(47)) - RetriableDatanodeCommand type=deleteBlocksCommand with id=1560466452205 timed out. Retrying.
2019-06-13 22:54:23,059 WARN  block.DeletedBlockLogImpl (DeletedBlockLogImpl.java:incrementCount(141)) - Deleted TXID not found.
2019-06-13 22:54:23,059 WARN  block.DeletedBlockLogImpl (DeletedBlockLogImpl.java:incrementCount(141)) - Deleted TXID not found.
2019-06-13 22:54:23,059 WARN  block.DeletedBlockLogImpl (DeletedBlockLogImpl.java:incrementCount(141)) - Deleted TXID not found.
2019-06-13 22:54:23,059 WARN  block.DeletedBlockLogImpl (DeletedBlockLogImpl.java:incrementCount(141)) - Deleted TXID not found.
2019-06-13 22:54:23,059 WARN  block.DeletedBlockLogImpl (DeletedBlockLogImpl.java:incrementCount(141)) - Deleted TXID not found.
2019-06-13 22:54:23,059 WARN  block.DeletedBlockLogImpl (DeletedBlockLogImpl.java:incrementCount(141)) - Deleted TXID not found.
2019-06-13 22:54:23,059 WARN  block.DeletedBlockLogImpl (DeletedBlockLogImpl.java:incrementCount(141)) - Deleted TXID not found.
2019-06-13 22:54:23,059 WARN  events.EventWatcher (EventWatcher.java:lambda$start$0(110)) - Completion event without active lease. Id=1560466452132
2019-06-13 22:54:23,059 INFO  commandhandler.DeleteBlocksCommandHandler (EventWatcher.java:lambda$start$0(110)) - Completion event without active lease. Id=1560466452131
2019-06-13 22:54:23,059 WARN  events.EventWatcher (DeleteBlocksCommandHandler.java:handle(106)) - Start to delete container blocks, TXIDs=[1(0),2(0),3(0)], numOfContainers=3, numOfBlocks=553
EventWatcher.java:lambda$start$0(110)) - Completion event without active lease. Id=1560466452141
2019-06-13 22:54:23,059 WARN  events.EventWatcher (EventWatcher.java:lambda$start$0(110)) - Completion event without active lease. Id=1560466452151
2019-06-13 22:54:23,059 WARN  events.EventWatcher (EventWatcher.java:lambda$start$0(110)) - Completion event without active lease. Id=1560466452150
2019-06-13 22:54:23,060 WARN  events.EventWatcher (EventWatcher.java:lambda$start$0(110)) - Completion event without active lease. Id=1560466452111
2019-06-13 22:54:23,060 WARN  events.EventWatcher (EventWatcher.java:lambda$start$0(110)) - Completion event without active lease. Id=1560466452112
2019-06-13 22:54:23,060 WARN  events.EventWatcher (EventWatcher.java:lambda$start$0(110)) - Completion event without active lease. Id=1560466452122
2019-06-13 22:54:23,060 WARN  events.EventWatcher (EventWatcher.java:lambda$start$0(110)) - Completion event without active lease. Id=1560466452121
2019-06-13 22:54:23,059 WARN  block.DeletedBlockLogImpl (DeletedBlockLogImpl.java:incrementCount(141)) - Deleted TXID not found.
2019-06-13 22:54:23,059 INFO  commandhandler.DeleteBlocksCommandHandler (DeleteBlocksCommandHandler.java:handle(106)) - Start to delete container blocks, TXIDs=[1(0),2(0),3(0)], numOfContainers=3, numOfBlocks=553
2019-06-13 22:54:23,060 WARN  block.DeletedBlockLogImpl (DeletedBlockLogImpl.java:incrementCount(141)) - Deleted TXID not found.
2019-06-13 22:54:23,060 WARN  block.DeletedBlockLogImpl (DeletedBlockLogImpl.java:incrementCount(141)) - Deleted TXID not found.
2019-06-13 22:54:23,060 WARN  block.DeletedBlockLogImpl (DeletedBlockLogImpl.java:incrementCount(141)) - Deleted TXID not found.
2019-06-13 22:54:23,060 WARN  block.DeletedBlockLogImpl (DeletedBlockLogImpl.java:incrementCount(141)) - Deleted TXID not found.
2019-06-13 22:54:23,060 WARN  block.DeletedBlockLogImpl (DeletedBlockLogImpl.java:incrementCount(141)) - Deleted TXID not found.
2019-06-13 22:54:23,060 WARN  block.DeletedBlockLogImpl (DeletedBlockLogImpl.java:incrementCount(141)) - Deleted TXID not found.
2019-06-13 22:54:23,060 WARN  block.DeletedBlockLogImpl (DeletedBlockLogImpl.java:incrementCount(141)) - Deleted TXID not found.
2019-06-13 22:54:23,060 WARN  block.DeletedBlockLogImpl (DeletedBlockLogImpl.java:incrementCount(141)) - Deleted TXID not found.
2019-06-13 22:54:23,060 WARN  block.DeletedBlockLogImpl (DeletedBlockLogImpl.java:incrementCount(141)) - Deleted TXID not found.
2019-06-13 22:54:23,061 WARN  block.DeletedBlockLogImpl (DeletedBlockLogImpl.java:incrementCount(141)) - Deleted TXID not found.
2019-06-13 22:54:23,061 WARN  block.DeletedBlockLogImpl (DeletedBlockLogImpl.java:incrementCount(141)) - Deleted TXID not found.
2019-06-13 22:54:23,061 INFO  commandhandler.DeleteBlocksCommandHandler (DeletedBlockLogImpl.java:incrementCount(141)) - Deleted TXID not found.
2019-06-13 22:54:23,061 WARN  block.DeletedBlockLogImpl (DeleteBlocksCommandHandler.java:handle(106)) - Start to delete container blocks, TXIDs=[1(0),2(0),3(0)], numOfContainers=3, numOfBlocks=553
DeletedBlockLogImpl.java:incrementCount(141)) - Deleted TXID not found.
2019-06-13 22:54:23,061 INFO  commandhandler.DeleteBlocksCommandHandler (DeleteBlocksCommandHandler.java:handle(106)) - Start to delete container blocks, TXIDs=[1(0),2(0),3(0)], numOfContainers=3, numOfBlocks=553
2019-06-13 22:54:23,061 WARN  block.DeletedBlockLogImpl (DeletedBlockLogImpl.java:incrementCount(141)) - Deleted TXID not found.
2019-06-13 22:54:23,061 WARN  block.DeletedBlockLogImpl (DeletedBlockLogImpl.java:incrementCount(141)) - Deleted TXID not found.
2019-06-13 22:54:23,061 WARN  block.DeletedBlockLogImpl (DeletedBlockLogImpl.java:incrementCount(141)) - Deleted TXID not found.
2019-06-13 22:54:23,062 INFO  commandhandler.DeleteBlocksCommandHandler (DeleteBlocksCommandHandler.java:handle(106)) - Start to delete container blocks, TXIDs=[1(483),2(483),3(483)], numOfContainers=3, numOfBlocks=553
2019-06-13 22:54:23,063 INFO  commandhandler.DeleteBlocksCommandHandler (DeleteBlocksCommandHandler.java:handle(106)) - Start to delete container blocks, TXIDs=[1(0),2(0),3(0)], numOfContainers=3, numOfBlocks=553
2019-06-13 22:54:23,064 INFO  commandhandler.DeleteBlocksCommandHandler (DeleteBlocksCommandHandler.java:handle(106)) - Start to delete container blocks, TXIDs=[1(0),2(0),3(0)], numOfContainers=3, numOfBlocks=553
2019-06-13 22:54:23,064 DEBUG block.DeletedBlockLogImpl (DeletedBlockLogImpl.java:isTransactionFailed(245)) - Got block deletion ACK from datanode, TXIDs=1, success=true
2019-06-13 22:54:23,064 WARN  block.DeletedBlockLogImpl (DeletedBlockLogImpl.java:commitTransactions(205)) - Transaction txId=1 commit by dnId=85302df8-7a7f-4077-a053-c26dc3d3d65a for containerID=#1 failed. Corresponding entry not found.
2019-06-13 22:54:23,064 DEBUG block.DeletedBlockLogImpl (DeletedBlockLogImpl.java:isTransactionFailed(245)) - Got block deletion ACK from datanode, TXIDs=1, success=true
2019-06-13 22:54:23,064 WARN  block.DeletedBlockLogImpl (DeletedBlockLogImpl.java:commitTransactions(205)) - Transaction txId=1 commit by dnId=85302df8-7a7f-4077-a053-c26dc3d3d65a for containerID=#1 failed. Corresponding entry not found.
2019-06-13 22:54:23,064 DEBUG block.DeletedBlockLogImpl (DeletedBlockLogImpl.java:isTransactionFailed(245)) - Got block deletion ACK from datanode, TXIDs=1, success=true
2019-06-13 22:54:23,064 WARN  block.DeletedBlockLogImpl (DeletedBlockLogImpl.java:commitTransactions(205)) - Transaction txId=1 commit by dnId=85302df8-7a7f-4077-a053-c26dc3d3d65a for containerID=#1 failed. Corresponding entry not found.
2019-06-13 22:54:23,064 DEBUG block.DeletedBlockLogImpl (DeletedBlockLogImpl.java:isTransactionFailed(245)) - Got block deletion ACK from datanode, TXIDs=1, success=true
2019-06-13 22:54:23,064 WARN  block.DeletedBlockLogImpl (DeletedBlockLogImpl.java:commitTransactions(205)) - Transaction txId=1 commit by dnId=85302df8-7a7f-4077-a053-c26dc3d3d65a for containerID=#1 failed. Corresponding entry not found.
2019-06-13 22:54:23,064 DEBUG block.DeletedBlockLogImpl (DeletedBlockLogImpl.java:isTransactionFailed(245)) - Got block deletion ACK from datanode, TXIDs=1, success=true
2019-06-13 22:54:23,064 WARN  block.DeletedBlockLogImpl (DeletedBlockLogImpl.java:commitTransactions(205)) - Transaction txId=1 commit by dnId=85302df8-7a7f-4077-a053-c26dc3d3d65a for containerID=#1 failed. Corresponding entry not found.
2019-06-13 22:54:23,064 DEBUG block.DeletedBlockLogImpl (DeletedBlockLogImpl.java:isTransactionFailed(245)) - Got block deletion ACK from datanode, TXIDs=1, success=true
2019-06-13 22:54:23,064 WARN  block.DeletedBlockLogImpl (DeletedBlockLogImpl.java:commitTransactions(205)) - Transaction txId=1 commit by dnId=85302df8-7a7f-4077-a053-c26dc3d3d65a for containerID=#1 failed. Corresponding entry not found.
2019-06-13 22:54:23,064 DEBUG block.DeletedBlockLogImpl (DeletedBlockLogImpl.java:isTransactionFailed(245)) - Got block deletion ACK from datanode, TXIDs=1, success=true
2019-06-13 22:54:23,064 INFO  commandhandler.DeleteBlocksCommandHandler (DeleteBlocksCommandHandler.java:handle(106)) - Start to delete container blocks, TXIDs=[1(0),2(0),3(0)], numOfContainers=3, numOfBlocks=553
DeletedBlockLogImpl.java:commitTransactions(205)) - Transaction txId=1 commit by dnId=85302df8-7a7f-4077-a053-c26dc3d3d65a for containerID=#1 failed. Corresponding entry not found.
2019-06-13 22:54:23,064 INFO  commandhandler.DeleteBlocksCommandHandler (DeleteBlocksCommandHandler.java:handle(106)) - Start to delete container blocks, TXIDs=[1(0),2(0),3(0)], numOfContainers=3, numOfBlocks=553
2019-06-13 22:54:23,065 DEBUG block.DeletedBlockLogImpl (DeletedBlockLogImpl.java:isTransactionFailed(245)) - Got block deletion ACK from datanode, TXIDs=1, success=true
2019-06-13 22:54:23,065 WARN  block.DeletedBlockLogImpl (DeletedBlockLogImpl.java:commitTransactions(205)) - Transaction txId=1 commit by dnId=85302df8-7a7f-4077-a053-c26dc3d3d65a for containerID=#1 failed. Corresponding entry not found.
2019-06-13 22:54:23,065 DEBUG block.DeletedBlockLogImpl (DeletedBlockLogImpl.java:isTransactionFailed(245)) - Got block deletion ACK from datanode, TXIDs=1, success=true
2019-06-13 22:54:23,065 WARN  block.DeletedBlockLogImpl (DeletedBlockLogImpl.java:commitTransactions(205)) - Transaction txId=1 commit by dnId=85302df8-7a7f-4077-a053-c26dc3d3d65a for containerID=#1 failed. Corresponding entry not found.
2019-06-13 22:54:23,065 DEBUG block.DeletedBlockLogImpl (DeletedBlockLogImpl.java:isTransactionFailed(245)) - Got block deletion ACK from datanode, TXIDs=1, success=true
2019-06-13 22:54:23,065 WARN  block.DeletedBlockLogImpl (DeletedBlockLogImpl.java:commitTransactions(205)) - Transaction txId=1 commit by dnId=85302df8-7a7f-4077-a053-c26dc3d3d65a for containerID=#1 failed. Corresponding entry not found.
2019-06-13 22:54:23,065 DEBUG block.DeletedBlockLogImpl (DeletedBlockLogImpl.java:isTransactionFailed(245)) - Got block deletion ACK from datanode, TXIDs=1, success=true
2019-06-13 22:54:23,065 WARN  block.DeletedBlockLogImpl (DeletedBlockLogImpl.java:commitTransactions(205)) - Transaction txId=1 commit by dnId=85302df8-7a7f-4077-a053-c26dc3d3d65a for containerID=#1 failed. Corresponding entry not found.
2019-06-13 22:54:23,065 DEBUG block.DeletedBlockLogImpl (DeletedBlockLogImpl.java:isTransactionFailed(245)) - Got block deletion ACK from datanode, TXIDs=1, success=true
2019-06-13 22:54:23,065 WARN  block.DeletedBlockLogImpl (DeletedBlockLogImpl.java:commitTransactions(205)) - Transaction txId=1 commit by dnId=85302df8-7a7f-4077-a053-c26dc3d3d65a for containerID=#1 failed. Corresponding entry not found.
2019-06-13 22:54:23,065 DEBUG block.DeletedBlockLogImpl (DeletedBlockLogImpl.java:isTransactionFailed(245)) - Got block deletion ACK from datanode, TXIDs=1, success=true
2019-06-13 22:54:23,065 WARN  block.DeletedBlockLogImpl (DeletedBlockLogImpl.java:commitTransactions(205)) - Transaction txId=1 commit by dnId=85302df8-7a7f-4077-a053-c26dc3d3d65a for containerID=#1 failed. Corresponding entry not found.
2019-06-13 22:54:23,065 DEBUG block.DeletedBlockLogImpl (DeletedBlockLogImpl.java:isTransactionFailed(245)) - Got block deletion ACK from datanode, TXIDs=1, success=true
2019-06-13 22:54:23,065 WARN  block.DeletedBlockLogImpl (DeletedBlockLogImpl.java:commitTransactions(205)) - Transaction txId=1 commit by dnId=85302df8-7a7f-4077-a053-c26dc3d3d65a for containerID=#1 failed. Corresponding entry not found.
2019-06-13 22:54:23,065 INFO  commandhandler.DeleteBlocksCommandHandler (DeletedBlockLogImpl.java:isTransactionFailed(245)) - Got block deletion ACK from datanode, TXIDs=1, success=true
2019-06-13 22:54:23,065 WARN  block.DeletedBlockLogImpl (DeleteBlocksCommandHandler.java:handle(106)) - Start to delete container blocks, TXIDs=[1(0),2(0),3(0)], numOfContainers=3, numOfBlocks=553
DeletedBlockLogImpl.java:commitTransactions(205)) - Transaction txId=1 commit by dnId=85302df8-7a7f-4077-a053-c26dc3d3d65a for containerID=#1 failed. Corresponding entry not found.
2019-06-13 22:54:23,065 INFO  commandhandler.DeleteBlocksCommandHandler (DeleteBlocksCommandHandler.java:handle(106)) - Start to delete container blocks, TXIDs=[1(0),2(0),3(0)], numOfContainers=3, numOfBlocks=553
2019-06-13 22:54:23,065 DEBUG block.DeletedBlockLogImpl (DeletedBlockLogImpl.java:isTransactionFailed(245)) - Got block deletion ACK from datanode, TXIDs=1, success=true
2019-06-13 22:54:23,066 WARN  block.DeletedBlockLogImpl (DeletedBlockLogImpl.java:commitTransactions(205)) - Transaction txId=1 commit by dnId=85302df8-7a7f-4077-a053-c26dc3d3d65a for containerID=#1 failed. Corresponding entry not found.
2019-06-13 22:54:23,066 DEBUG block.DeletedBlockLogImpl (DeletedBlockLogImpl.java:isTransactionFailed(245)) - Got block deletion ACK from datanode, TXIDs=1, success=true
2019-06-13 22:54:23,066 WARN  block.DeletedBlockLogImpl (DeletedBlockLogImpl.java:commitTransactions(205)) - Transaction txId=1 commit by dnId=85302df8-7a7f-4077-a053-c26dc3d3d65a for containerID=#1 failed. Corresponding entry not found.
2019-06-13 22:54:23,066 DEBUG block.DeletedBlockLogImpl (DeletedBlockLogImpl.java:isTransactionFailed(245)) - Got block deletion ACK from datanode, TXIDs=1, success=true
2019-06-13 22:54:23,066 WARN  block.DeletedBlockLogImpl (DeletedBlockLogImpl.java:commitTransactions(205)) - Transaction txId=1 commit by dnId=85302df8-7a7f-4077-a053-c26dc3d3d65a for containerID=#1 failed. Corresponding entry not found.
2019-06-13 22:54:23,066 DEBUG block.DeletedBlockLogImpl (DeletedBlockLogImpl.java:isTransactionFailed(245)) - Got block deletion ACK from datanode, TXIDs=1, success=true
2019-06-13 22:54:23,066 WARN  block.DeletedBlockLogImpl (DeletedBlockLogImpl.java:commitTransactions(205)) - Transaction txId=1 commit by dnId=85302df8-7a7f-4077-a053-c26dc3d3d65a for containerID=#1 failed. Corresponding entry not found.
2019-06-13 22:54:23,066 DEBUG block.DeletedBlockLogImpl (DeletedBlockLogImpl.java:isTransactionFailed(245)) - Got block deletion ACK from datanode, TXIDs=1, success=true
2019-06-13 22:54:23,066 WARN  block.DeletedBlockLogImpl (DeletedBlockLogImpl.java:commitTransactions(205)) - Transaction txId=1 commit by dnId=85302df8-7a7f-4077-a053-c26dc3d3d65a for containerID=#1 failed. Corresponding entry not found.
2019-06-13 22:54:23,066 DEBUG block.DeletedBlockLogImpl (DeletedBlockLogImpl.java:isTransactionFailed(245)) - Got block deletion ACK from datanode, TXIDs=1, success=true
2019-06-13 22:54:23,066 WARN  block.DeletedBlockLogImpl (DeletedBlockLogImpl.java:commitTransactions(205)) - Transaction txId=1 commit by dnId=85302df8-7a7f-4077-a053-c26dc3d3d65a for containerID=#1 failed. Corresponding entry not found.
2019-06-13 22:54:23,066 DEBUG block.DeletedBlockLogImpl (DeletedBlockLogImpl.java:isTransactionFailed(245)) - Got block deletion ACK from datanode, TXIDs=1, success=true
2019-06-13 22:54:23,066 WARN  block.DeletedBlockLogImpl (DeletedBlockLogImpl.java:commitTransactions(205)) - Transaction txId=1 commit by dnId=85302df8-7a7f-4077-a053-c26dc3d3d65a for containerID=#1 failed. Corresponding entry not found.
2019-06-13 22:54:23,066 DEBUG block.DeletedBlockLogImpl (DeletedBlockLogImpl.java:isTransactionFailed(245)) - Got block deletion ACK from datanode, TXIDs=1, success=true
2019-06-13 22:54:23,066 WARN  block.DeletedBlockLogImpl (DeletedBlockLogImpl.java:commitTransactions(205)) - Transaction txId=1 commit by dnId=85302df8-7a7f-4077-a053-c26dc3d3d65a for containerID=#1 failed. Corresponding entry not found.
2019-06-13 22:54:23,066 DEBUG block.DeletedBlockLogImpl (DeletedBlockLogImpl.java:isTransactionFailed(245)) - Got block deletion ACK from datanode, TXIDs=1, success=true
2019-06-13 22:54:23,066 WARN  block.DeletedBlockLogImpl (DeletedBlockLogImpl.java:commitTransactions(205)) - Transaction txId=1 commit by dnId=85302df8-7a7f-4077-a053-c26dc3d3d65a for containerID=#1 failed. Corresponding entry not found.
2019-06-13 22:54:23,066 DEBUG block.DeletedBlockLogImpl (DeletedBlockLogImpl.java:isTransactionFailed(245)) - Got block deletion ACK from datanode, TXIDs=1, success=true
2019-06-13 22:54:23,066 INFO  commandhandler.DeleteBlocksCommandHandler (DeletedBlockLogImpl.java:commitTransactions(205)) - Transaction txId=1 commit by dnId=85302df8-7a7f-4077-a053-c26dc3d3d65a for containerID=#1 failed. Corresponding entry not found.
2019-06-13 22:54:23,066 DEBUG block.DeletedBlockLogImpl (DeletedBlockLogImpl.java:isTransactionFailed(245)) - Got block deletion ACK from datanode, TXIDs=1, success=true
2019-06-13 22:54:23,066 INFO  commandhandler.DeleteBlocksCommandHandler (DeleteBlocksCommandHandler.java:handle(106)) - Start to delete container blocks, TXIDs=[1(0),2(0),3(0)], numOfContainers=3, numOfBlocks=553
2019-06-13 22:54:23,066 WARN  block.DeletedBlockLogImpl (DeletedBlockLogImpl.java:commitTransactions(205)) - Transaction txId=1 commit by dnId=85302df8-7a7f-4077-a053-c26dc3d3d65a for containerID=#1 failed. Corresponding entry not found.
2019-06-13 22:54:23,066 DEBUG block.DeletedBlockLogImpl (DeletedBlockLogImpl.java:isTransactionFailed(245)) - Got block deletion ACK from datanode, TXIDs=1, success=true
2019-06-13 22:54:23,067 WARN  block.DeletedBlockLogImpl (DeletedBlockLogImpl.java:commitTransactions(205)) - Transaction txId=1 commit by dnId=85302df8-7a7f-4077-a053-c26dc3d3d65a for containerID=#1 failed. Corresponding entry not found.
2019-06-13 22:54:23,067 DEBUG block.DeletedBlockLogImpl (DeletedBlockLogImpl.java:isTransactionFailed(245)) - Got block deletion ACK from datanode, TXIDs=1, success=true
2019-06-13 22:54:23,067 WARN  block.DeletedBlockLogImpl (DeletedBlockLogImpl.java:commitTransactions(205)) - Transaction txId=1 commit by dnId=85302df8-7a7f-4077-a053-c26dc3d3d65a for containerID=#1 failed. Corresponding entry not found.
2019-06-13 22:54:23,067 DEBUG block.DeletedBlockLogImpl (DeletedBlockLogImpl.java:isTransactionFailed(245)) - Got block deletion ACK from datanode, TXIDs=1, success=true
2019-06-13 22:54:23,067 WARN  block.DeletedBlockLogImpl (DeletedBlockLogImpl.java:commitTransactions(205)) - Transaction txId=1 commit by dnId=85302df8-7a7f-4077-a053-c26dc3d3d65a for containerID=#1 failed. Corresponding entry not found.
2019-06-13 22:54:23,067 DEBUG block.DeletedBlockLogImpl (DeletedBlockLogImpl.java:isTransactionFailed(245)) - Got block deletion ACK from datanode, TXIDs=1, success=true
2019-06-13 22:54:23,067 WARN  block.DeletedBlockLogImpl (DeletedBlockLogImpl.java:commitTransactions(205)) - Transaction txId=1 commit by dnId=85302df8-7a7f-4077-a053-c26dc3d3d65a for containerID=#1 failed. Corresponding entry not found.
2019-06-13 22:54:23,067 DEBUG block.DeletedBlockLogImpl (DeletedBlockLogImpl.java:isTransactionFailed(245)) - Got block deletion ACK from datanode, TXIDs=1, success=true
2019-06-13 22:54:23,067 WARN  block.DeletedBlockLogImpl (DeletedBlockLogImpl.java:commitTransactions(205)) - Transaction txId=1 commit by dnId=85302df8-7a7f-4077-a053-c26dc3d3d65a for containerID=#1 failed. Corresponding entry not found.
2019-06-13 22:54:23,067 DEBUG block.DeletedBlockLogImpl (DeletedBlockLogImpl.java:isTransactionFailed(245)) - Got block deletion ACK from datanode, TXIDs=1, success=true
2019-06-13 22:54:23,067 WARN  block.DeletedBlockLogImpl (DeletedBlockLogImpl.java:commitTransactions(205)) - Transaction txId=1 commit by dnId=85302df8-7a7f-4077-a053-c26dc3d3d65a for containerID=#1 failed. Corresponding entry not found.
2019-06-13 22:54:23,067 INFO  commandhandler.DeleteBlocksCommandHandler (DeleteBlocksCommandHandler.java:handle(106)) - Start to delete container blocks, TXIDs=[1(0),2(0),3(0)], numOfContainers=3, numOfBlocks=553
2019-06-13 22:54:23,068 INFO  commandhandler.DeleteBlocksCommandHandler (DeleteBlocksCommandHandler.java:handle(106)) - Start to delete container blocks, TXIDs=[1(0),2(0),3(0)], numOfContainers=3, numOfBlocks=553
2019-06-13 22:54:23,069 INFO  commandhandler.DeleteBlocksCommandHandler (DeleteBlocksCommandHandler.java:handle(106)) - Start to delete container blocks, TXIDs=[1(0),2(0),3(0)], numOfContainers=3, numOfBlocks=553
2019-06-13 22:54:23,070 INFO  commandhandler.DeleteBlocksCommandHandler (DeleteBlocksCommandHandler.java:handle(106)) - Start to delete container blocks, TXIDs=[1(0),2(0),3(0)], numOfContainers=3, numOfBlocks=553
2019-06-13 22:54:23,071 INFO  commandhandler.DeleteBlocksCommandHandler (DeleteBlocksCommandHandler.java:handle(106)) - Start to delete container blocks, TXIDs=[1(0),2(0),3(0)], numOfContainers=3, numOfBlocks=553
2019-06-13 22:54:23,071 INFO  commandhandler.DeleteBlocksCommandHandler (DeleteBlocksCommandHandler.java:handle(106)) - Start to delete container blocks, TXIDs=[1(483),2(483),3(483)], numOfContainers=3, numOfBlocks=553
2019-06-13 22:54:23,072 INFO  commandhandler.DeleteBlocksCommandHandler (DeleteBlocksCommandHandler.java:handle(106)) - Start to delete container blocks, TXIDs=[1(0),2(0),3(0)], numOfContainers=3, numOfBlocks=553
2019-06-13 22:54:23,073 INFO  commandhandler.DeleteBlocksCommandHandler (DeleteBlocksCommandHandler.java:handle(106)) - Start to delete container blocks, TXIDs=[1(0),2(0),3(0)], numOfContainers=3, numOfBlocks=553
2019-06-13 22:54:23,074 INFO  commandhandler.DeleteBlocksCommandHandler (DeleteBlocksCommandHandler.java:handle(106)) - Start to delete container blocks, TXIDs=[1(0),2(0),3(0)], numOfContainers=3, numOfBlocks=553
2019-06-13 22:54:23,075 INFO  commandhandler.DeleteBlocksCommandHandler (DeleteBlocksCommandHandler.java:handle(106)) - Start to delete container blocks, TXIDs=[1(0),2(0),3(0)], numOfContainers=3, numOfBlocks=553
2019-06-13 22:54:23,075 INFO  commandhandler.DeleteBlocksCommandHandler (DeleteBlocksCommandHandler.java:handle(106)) - Start to delete container blocks, TXIDs=[1(0),2(0),3(0)], numOfContainers=3, numOfBlocks=553
2019-06-13 22:54:23,076 INFO  commandhandler.DeleteBlocksCommandHandler (DeleteBlocksCommandHandler.java:handle(106)) - Start to delete container blocks, TXIDs=[1(0),2(0),3(0)], numOfContainers=3, numOfBlocks=553
2019-06-13 22:54:23,077 INFO  commandhandler.DeleteBlocksCommandHandler (DeleteBlocksCommandHandler.java:handle(106)) - Start to delete container blocks, TXIDs=[1(0),2(0),3(0)], numOfContainers=3, numOfBlocks=553
2019-06-13 22:54:23,077 INFO  commandhandler.DeleteBlocksCommandHandler (DeleteBlocksCommandHandler.java:handle(106)) - Start to delete container blocks, TXIDs=[1(0),2(0),3(0)], numOfContainers=3, numOfBlocks=553
2019-06-13 22:54:23,078 INFO  commandhandler.DeleteBlocksCommandHandler (DeleteBlocksCommandHandler.java:handle(106)) - Start to delete container blocks, TXIDs=[1(0),2(0),3(0)], numOfContainers=3, numOfBlocks=553
2019-06-13 22:54:23,079 INFO  commandhandler.DeleteBlocksCommandHandler (DeleteBlocksCommandHandler.java:handle(106)) - Start to delete container blocks, TXIDs=[1(483),2(483),3(483)], numOfContainers=3, numOfBlocks=553
2019-06-13 22:54:23,079 INFO  commandhandler.DeleteBlocksCommandHandler (DeleteBlocksCommandHandler.java:handle(106)) - Start to delete container blocks, TXIDs=[1(0),2(0),3(0)], numOfContainers=3, numOfBlocks=553
2019-06-13 22:54:23,080 INFO  commandhandler.DeleteBlocksCommandHandler (DeleteBlocksCommandHandler.java:handle(106)) - Start to delete container blocks, TXIDs=[1(0),2(0),3(0)], numOfContainers=3, numOfBlocks=553
2019-06-13 22:54:23,080 INFO  commandhandler.DeleteBlocksCommandHandler (DeleteBlocksCommandHandler.java:handle(106)) - Start to delete container blocks, TXIDs=[1(0),2(0),3(0)], numOfContainers=3, numOfBlocks=553
2019-06-13 22:54:23,081 INFO  commandhandler.DeleteBlocksCommandHandler (DeleteBlocksCommandHandler.java:handle(106)) - Start to delete container blocks, TXIDs=[1(0),2(0),3(0)], numOfContainers=3, numOfBlocks=553
2019-06-13 22:54:23,081 INFO  commandhandler.DeleteBlocksCommandHandler (DeleteBlocksCommandHandler.java:handle(106)) - Start to delete container blocks, TXIDs=[1(0),2(0),3(0)], numOfContainers=3, numOfBlocks=553
2019-06-13 22:54:23,082 INFO  commandhandler.DeleteBlocksCommandHandler (DeleteBlocksCommandHandler.java:handle(106)) - Start to delete container blocks, TXIDs=[1(0),2(0),3(0)], numOfContainers=3, numOfBlocks=553
2019-06-13 22:54:23,083 INFO  commandhandler.DeleteBlocksCommandHandler (DeleteBlocksCommandHandler.java:handle(106)) - Start to delete container blocks, TXIDs=[1(0),2(0),3(0)], numOfContainers=3, numOfBlocks=553
2019-06-13 22:54:23,083 INFO  commandhandler.DeleteBlocksCommandHandler (DeleteBlocksCommandHandler.java:handle(106)) - Start to delete container blocks, TXIDs=[1(0),2(0),3(0)], numOfContainers=3, numOfBlocks=553
2019-06-13 22:54:23,084 INFO  commandhandler.DeleteBlocksCommandHandler (DeleteBlocksCommandHandler.java:handle(106)) - Start to delete container blocks, TXIDs=[1(0),2(0),3(0)], numOfContainers=3, numOfBlocks=553
2019-06-13 22:54:23,084 INFO  commandhandler.DeleteBlocksCommandHandler (DeleteBlocksCommandHandler.java:handle(106)) - Start to delete container blocks, TXIDs=[1(483),2(483),3(483)], numOfContainers=3, numOfBlocks=553
2019-06-13 22:54:23,085 INFO  commandhandler.DeleteBlocksCommandHandler (DeleteBlocksCommandHandler.java:handle(106)) - Start to delete container blocks, TXIDs=[1(0),2(0),3(0)], numOfContainers=3, numOfBlocks=553
2019-06-13 22:54:23,085 INFO  commandhandler.DeleteBlocksCommandHandler (DeleteBlocksCommandHandler.java:handle(106)) - Start to delete container blocks, TXIDs=[1(0),2(0),3(0)], numOfContainers=3, numOfBlocks=553
2019-06-13 22:54:23,086 DEBUG block.SCMBlockDeletingService (DeleteBlocksCommandHandler.java:handle(106)) - Start to delete container blocks, TXIDs=[1(0),2(0),3(0)], numOfContainers=3, numOfBlocks=553
SCMBlockDeletingService.java:call(138)) - Running DeletedBlockTransactionScanner
2019-06-13 22:54:23,086 INFO  commandhandler.DeleteBlocksCommandHandler (DeleteBlocksCommandHandler.java:handle(106)) - Start to delete container blocks, TXIDs=[1(0),2(0),3(0)], numOfContainers=3, numOfBlocks=553
2019-06-13 22:54:23,086 DEBUG block.SCMBlockDeletingService (SCMBlockDeletingService.java:call(155)) - Scanned deleted blocks log and got 0 delTX to process.
2019-06-13 22:54:23,087 INFO  commandhandler.DeleteBlocksCommandHandler (DeleteBlocksCommandHandler.java:handle(106)) - Start to delete container blocks, TXIDs=[1(0),2(0),3(0)], numOfContainers=3, numOfBlocks=553
2019-06-13 22:54:23,088 INFO  commandhandler.DeleteBlocksCommandHandler (DeleteBlocksCommandHandler.java:handle(106)) - Start to delete container blocks, TXIDs=[1(0),2(0),3(0)], numOfContainers=3, numOfBlocks=553
2019-06-13 22:54:23,089 INFO  commandhandler.DeleteBlocksCommandHandler (DeleteBlocksCommandHandler.java:handle(106)) - Start to delete container blocks, TXIDs=[1(0),2(0),3(0)], numOfContainers=3, numOfBlocks=553
2019-06-13 22:54:23,090 INFO  commandhandler.DeleteBlocksCommandHandler (DeleteBlocksCommandHandler.java:handle(106)) - Start to delete container blocks, TXIDs=[1(0),2(0),3(0)], numOfContainers=3, numOfBlocks=553
2019-06-13 22:54:23,091 INFO  commandhandler.DeleteBlocksCommandHandler (DeleteBlocksCommandHandler.java:handle(106)) - Start to delete container blocks, TXIDs=[1(0),2(0),3(0)], numOfContainers=3, numOfBlocks=553
2019-06-13 22:54:23,092 INFO  commandhandler.DeleteBlocksCommandHandler (DeleteBlocksCommandHandler.java:handle(106)) - Start to delete container blocks, TXIDs=[1(0),2(0),3(0)], numOfContainers=3, numOfBlocks=553
2019-06-13 22:54:23,092 INFO  commandhandler.DeleteBlocksCommandHandler (DeleteBlocksCommandHandler.java:handle(106)) - Start to delete container blocks, TXIDs=[1(541),2(541),3(541)], numOfContainers=3, numOfBlocks=553
2019-06-13 22:54:23,093 INFO  commandhandler.DeleteBlocksCommandHandler (DeleteBlocksCommandHandler.java:handle(106)) - Start to delete container blocks, TXIDs=[1(0),2(0),3(0)], numOfContainers=3, numOfBlocks=553
2019-06-13 22:54:23,094 INFO  commandhandler.DeleteBlocksCommandHandler (DeleteBlocksCommandHandler.java:handle(106)) - Start to delete container blocks, TXIDs=[1(0),2(0),3(0)], numOfContainers=3, numOfBlocks=553
2019-06-13 22:54:23,095 INFO  commandhandler.DeleteBlocksCommandHandler (DeleteBlocksCommandHandler.java:handle(106)) - Start to delete container blocks, TXIDs=[1(0),2(0),3(0)], numOfContainers=3, numOfBlocks=553
2019-06-13 22:54:23,096 INFO  commandhandler.DeleteBlocksCommandHandler (DeleteBlocksCommandHandler.java:handle(106)) - Start to delete container blocks, TXIDs=[1(0),2(0),3(0)], numOfContainers=3, numOfBlocks=553
2019-06-13 22:54:23,097 INFO  commandhandler.DeleteBlocksCommandHandler (DeleteBlocksCommandHandler.java:handle(106)) - Start to delete container blocks, TXIDs=[1(0),2(0),3(0)], numOfContainers=3, numOfBlocks=553
2019-06-13 22:54:23,098 INFO  commandhandler.DeleteBlocksCommandHandler (DeleteBlocksCommandHandler.java:handle(106)) - Start to delete container blocks, TXIDs=[1(0),2(0),3(0)], numOfContainers=3, numOfBlocks=553
2019-06-13 22:54:23,099 INFO  commandhandler.DeleteBlocksCommandHandler (DeleteBlocksCommandHandler.java:handle(106)) - Start to delete container blocks, TXIDs=[1(0),2(0),3(0)], numOfContainers=3, numOfBlocks=553
2019-06-13 22:54:23,100 INFO  commandhandler.DeleteBlocksCommandHandler (DeleteBlocksCommandHandler.java:handle(106)) - Start to delete container blocks, TXIDs=[1(0),2(0),3(0)], numOfContainers=3, numOfBlocks=553
2019-06-13 22:54:23,101 INFO  commandhandler.DeleteBlocksCommandHandler (DeleteBlocksCommandHandler.java:handle(106)) - Start to delete container blocks, TXIDs=[1(0),2(0),3(0)], numOfContainers=3, numOfBlocks=553
2019-06-13 22:54:23,101 INFO  commandhandler.DeleteBlocksCommandHandler (DeleteBlocksCommandHandler.java:handle(106)) - Start to delete container blocks, TXIDs=[1(0),2(0),3(0)], numOfContainers=3, numOfBlocks=553
2019-06-13 22:54:23,102 INFO  commandhandler.DeleteBlocksCommandHandler (DeleteBlocksCommandHandler.java:handle(106)) - Start to delete container blocks, TXIDs=[1(546),2(546),3(546)], numOfContainers=3, numOfBlocks=553
2019-06-13 22:54:23,103 INFO  commandhandler.DeleteBlocksCommandHandler (DeleteBlocksCommandHandler.java:handle(106)) - Start to delete container blocks, TXIDs=[1(0),2(0),3(0)], numOfContainers=3, numOfBlocks=553
2019-06-13 22:54:23,104 INFO  commandhandler.DeleteBlocksCommandHandler (DeleteBlocksCommandHandler.java:handle(106)) - Start to delete container blocks, TXIDs=[1(0),2(0),3(0)], numOfContainers=3, numOfBlocks=553
2019-06-13 22:54:23,105 INFO  commandhandler.DeleteBlocksCommandHandler (DeleteBlocksCommandHandler.java:handle(106)) - Start to delete container blocks, TXIDs=[1(0),2(0),3(0)], numOfContainers=3, numOfBlocks=553
2019-06-13 22:54:23,106 INFO  commandhandler.DeleteBlocksCommandHandler (DeleteBlocksCommandHandler.java:handle(106)) - Start to delete container blocks, TXIDs=[1(0),2(0),3(0)], numOfContainers=3, numOfBlocks=553
2019-06-13 22:54:23,107 INFO  commandhandler.DeleteBlocksCommandHandler (DeleteBlocksCommandHandler.java:handle(106)) - Start to delete container blocks, TXIDs=[1(0),2(0),3(0)], numOfContainers=3, numOfBlocks=553
2019-06-13 22:54:23,108 INFO  commandhandler.DeleteBlocksCommandHandler (DeleteBlocksCommandHandler.java:handle(106)) - Start to delete container blocks, TXIDs=[1(0),2(0),3(0)], numOfContainers=3, numOfBlocks=553
2019-06-13 22:54:23,109 INFO  commandhandler.DeleteBlocksCommandHandler (DeleteBlocksCommandHandler.java:handle(106)) - Start to delete container blocks, TXIDs=[1(0),2(0),3(0)], numOfContainers=3, numOfBlocks=553
2019-06-13 22:54:23,110 INFO  commandhandler.DeleteBlocksCommandHandler (DeleteBlocksCommandHandler.java:handle(106)) - Start to delete container blocks, TXIDs=[1(0),2(0),3(0)], numOfContainers=3, numOfBlocks=553
2019-06-13 22:54:23,111 INFO  commandhandler.DeleteBlocksCommandHandler (DeleteBlocksCommandHandler.java:handle(106)) - Start to delete container blocks, TXIDs=[1(0),2(0),3(0)], numOfContainers=3, numOfBlocks=553
2019-06-13 22:54:23,111 INFO  commandhandler.DeleteBlocksCommandHandler (DeleteBlocksCommandHandler.java:handle(106)) - Start to delete container blocks, TXIDs=[1(0),2(0),3(0)], numOfContainers=3, numOfBlocks=553
2019-06-13 22:54:23,112 INFO  commands.RetriableDatanodeEventWatcher (RetriableDatanodeEventWatcher.java:onTimeout(47)) - RetriableDatanodeCommand type=deleteBlocksCommand with id=1560466452186 timed out. Retrying.
2019-06-13 22:54:23,112 INFO  commandhandler.DeleteBlocksCommandHandler (DeleteBlocksCommandHandler.java:handle(106)) - Start to delete container blocks, TXIDs=[1(564),2(564),3(564)], numOfContainers=3, numOfBlocks=553
2019-06-13 22:54:23,113 INFO  commandhandler.DeleteBlocksCommandHandler (DeleteBlocksCommandHandler.java:handle(106)) - Start to delete container blocks, TXIDs=[1(0),2(0),3(0)], numOfContainers=3, numOfBlocks=553
2019-06-13 22:54:23,114 INFO  commandhandler.DeleteBlocksCommandHandler (DeleteBlocksCommandHandler.java:handle(106)) - Start to delete container blocks, TXIDs=[1(0),2(0),3(0)], numOfContainers=3, numOfBlocks=553
2019-06-13 22:54:23,115 INFO  commandhandler.DeleteBlocksCommandHandler (DeleteBlocksCommandHandler.java:handle(106)) - Start to delete container blocks, TXIDs=[1(0),2(0),3(0)], numOfContainers=3, numOfBlocks=553
2019-06-13 22:54:23,116 INFO  commandhandler.DeleteBlocksCommandHandler (DeleteBlocksCommandHandler.java:handle(106)) - Start to delete container blocks, TXIDs=[1(0),2(0),3(0)], numOfContainers=3, numOfBlocks=553
2019-06-13 22:54:23,117 INFO  commandhandler.DeleteBlocksCommandHandler (DeleteBlocksCommandHandler.java:handle(106)) - Start to delete container blocks, TXIDs=[1(0),2(0),3(0)], numOfContainers=3, numOfBlocks=553
2019-06-13 22:54:23,118 INFO  commandhandler.DeleteBlocksCommandHandler (DeleteBlocksCommandHandler.java:handle(106)) - Start to delete container blocks, TXIDs=[1(0),2(0),3(0)], numOfContainers=3, numOfBlocks=553
2019-06-13 22:54:23,119 INFO  commandhandler.DeleteBlocksCommandHandler (DeleteBlocksCommandHandler.java:handle(106)) - Start to delete container blocks, TXIDs=[1(0),2(0),3(0)], numOfContainers=3, numOfBlocks=553
2019-06-13 22:54:23,120 INFO  commandhandler.DeleteBlocksCommandHandler (DeleteBlocksCommandHandler.java:handle(106)) - Start to delete container blocks, TXIDs=[1(0),2(0),3(0)], numOfContainers=3, numOfBlocks=553
2019-06-13 22:54:23,120 INFO  commandhandler.DeleteBlocksCommandHandler (DeleteBlocksCommandHandler.java:handle(106)) - Start to delete container blocks, TXIDs=[1(0),2(0),3(0)], numOfContainers=3, numOfBlocks=553
2019-06-13 22:54:23,121 INFO  commandhandler.DeleteBlocksCommandHandler (DeleteBlocksCommandHandler.java:handle(106)) - Start to delete container blocks, TXIDs=[1(0),2(0),3(0)], numOfContainers=3, numOfBlocks=553
2019-06-13 22:54:23,122 INFO  commandhandler.DeleteBlocksCommandHandler (DeleteBlocksCommandHandler.java:handle(106)) - Start to delete container blocks, TXIDs=[1(0),2(0),3(0)], numOfContainers=3, numOfBlocks=553
2019-06-13 22:54:23,123 INFO  commandhandler.DeleteBlocksCommandHandler (DeleteBlocksCommandHandler.java:handle(106)) - Start to delete container blocks, TXIDs=[1(564),2(564),3(564)], numOfContainers=3, numOfBlocks=553
2019-06-13 22:54:23,124 INFO  commandhandler.DeleteBlocksCommandHandler (DeleteBlocksCommandHandler.java:handle(106)) - Start to delete container blocks, TXIDs=[1(0),2(0),3(0)], numOfContainers=3, numOfBlocks=553
2019-06-13 22:54:23,124 INFO  commands.RetriableDatanodeEventWatcher (RetriableDatanodeEventWatcher.java:onTimeout(47)) - RetriableDatanodeCommand type=deleteBlocksCommand with id=1560466452196 timed out. Retrying.
2019-06-13 22:54:23,125 INFO  commandhandler.DeleteBlocksCommandHandler (DeleteBlocksCommandHandler.java:handle(106)) - Start to delete container blocks, TXIDs=[1(0),2(0),3(0)], numOfContainers=3, numOfBlocks=553
2019-06-13 22:54:23,126 INFO  commandhandler.DeleteBlocksCommandHandler (DeleteBlocksCommandHandler.java:handle(106)) - Start to delete container blocks, TXIDs=[1(0),2(0),3(0)], numOfContainers=3, numOfBlocks=553
2019-06-13 22:54:23,127 INFO  commandhandler.DeleteBlocksCommandHandler (DeleteBlocksCommandHandler.java:handle(106)) - Start to delete container blocks, TXIDs=[1(0),2(0),3(0)], numOfContainers=3, numOfBlocks=553
2019-06-13 22:54:23,128 INFO  commandhandler.DeleteBlocksCommandHandler (DeleteBlocksCommandHandler.java:handle(106)) - Start to delete container blocks, TXIDs=[1(0),2(0),3(0)], numOfContainers=3, numOfBlocks=553
2019-06-13 22:54:23,129 INFO  commandhandler.DeleteBlocksCommandHandler (DeleteBlocksCommandHandler.java:handle(106)) - Start to delete container blocks, TXIDs=[1(0),2(0),3(0)], numOfContainers=3, numOfBlocks=553
2019-06-13 22:54:23,129 INFO  commandhandler.DeleteBlocksCommandHandler (DeleteBlocksCommandHandler.java:handle(106)) - Start to delete container blocks, TXIDs=[1(0),2(0),3(0)], numOfContainers=3, numOfBlocks=553
2019-06-13 22:54:23,130 INFO  commandhandler.DeleteBlocksCommandHandler (DeleteBlocksCommandHandler.java:handle(106)) - Start to delete container blocks, TXIDs=[1(0),2(0),3(0)], numOfContainers=3, numOfBlocks=553
2019-06-13 22:54:23,131 INFO  commandhandler.DeleteBlocksCommandHandler (DeleteBlocksCommandHandler.java:handle(106)) - Start to delete container blocks, TXIDs=[1(0),2(0),3(0)], numOfContainers=3, numOfBlocks=553
2019-06-13 22:54:23,132 INFO  commandhandler.DeleteBlocksCommandHandler (DeleteBlocksCommandHandler.java:handle(106)) - Start to delete container blocks, TXIDs=[1(586),2(586),3(586)], numOfContainers=3, numOfBlocks=553
2019-06-13 22:54:23,133 INFO  commandhandler.DeleteBlocksCommandHandler (DeleteBlocksCommandHandler.java:handle(106)) - Start to delete container blocks, TXIDs=[1(0),2(0),3(0)], numOfContainers=3, numOfBlocks=553
2019-06-13 22:54:23,134 INFO  commandhandler.DeleteBlocksCommandHandler (DeleteBlocksCommandHandler.java:handle(106)) - Start to delete container blocks, TXIDs=[1(0),2(0),3(0)], numOfContainers=3, numOfBlocks=553
2019-06-13 22:54:23,135 INFO  commandhandler.DeleteBlocksCommandHandler (DeleteBlocksCommandHandler.java:handle(106)) - Start to delete container blocks, TXIDs=[1(0),2(0),3(0)], numOfContainers=3, numOfBlocks=553
2019-06-13 22:54:23,136 INFO  commandhandler.DeleteBlocksCommandHandler (DeleteBlocksCommandHandler.java:handle(106)) - Start to delete container blocks, TXIDs=[1(0),2(0),3(0)], numOfContainers=3, numOfBlocks=553
2019-06-13 22:54:23,137 INFO  commandhandler.DeleteBlocksCommandHandler (DeleteBlocksCommandHandler.java:handle(106)) - Start to delete container blocks, TXIDs=[1(0),2(0),3(0)], numOfContainers=3, numOfBlocks=553
2019-06-13 22:54:23,138 INFO  commandhandler.DeleteBlocksCommandHandler (DeleteBlocksCommandHandler.java:handle(106)) - Start to delete container blocks, TXIDs=[1(387),2(387),3(387)], numOfContainers=3, numOfBlocks=553
2019-06-13 22:54:23,139 INFO  commandhandler.DeleteBlocksCommandHandler (DeleteBlocksCommandHandler.java:handle(106)) - Start to delete container blocks, TXIDs=[1(0),2(0),3(0)], numOfContainers=3, numOfBlocks=553
2019-06-13 22:54:23,139 INFO  commandhandler.DeleteBlocksCommandHandler (DeleteBlocksCommandHandler.java:handle(106)) - Start to delete container blocks, TXIDs=[1(0),2(0),3(0)], numOfContainers=3, numOfBlocks=553
2019-06-13 22:54:23,140 INFO  commandhandler.DeleteBlocksCommandHandler (DeleteBlocksCommandHandler.java:handle(106)) - Start to delete container blocks, TXIDs=[1(0),2(0),3(0)], numOfContainers=3, numOfBlocks=553
2019-06-13 22:54:23,141 INFO  commandhandler.DeleteBlocksCommandHandler (DeleteBlocksCommandHandler.java:handle(106)) - Start to delete container blocks, TXIDs=[1(0),2(0),3(0)], numOfContainers=3, numOfBlocks=553
2019-06-13 22:54:23,142 INFO  commandhandler.DeleteBlocksCommandHandler (DeleteBlocksCommandHandler.java:handle(106)) - Start to delete container blocks, TXIDs=[1(586),2(586),3(586)], numOfContainers=3, numOfBlocks=553
2019-06-13 22:54:23,143 INFO  commandhandler.DeleteBlocksCommandHandler (DeleteBlocksCommandHandler.java:handle(106)) - Start to delete container blocks, TXIDs=[1(0),2(0),3(0)], numOfContainers=3, numOfBlocks=553
2019-06-13 22:54:23,144 INFO  commandhandler.DeleteBlocksCommandHandler (DeleteBlocksCommandHandler.java:handle(106)) - Start to delete container blocks, TXIDs=[1(0),2(0),3(0)], numOfContainers=3, numOfBlocks=553
2019-06-13 22:54:23,145 INFO  commandhandler.DeleteBlocksCommandHandler (DeleteBlocksCommandHandler.java:handle(106)) - Start to delete container blocks, TXIDs=[1(0),2(0),3(0)], numOfContainers=3, numOfBlocks=553
2019-06-13 22:54:23,146 INFO  commandhandler.DeleteBlocksCommandHandler (DeleteBlocksCommandHandler.java:handle(106)) - Start to delete container blocks, TXIDs=[1(0),2(0),3(0)], numOfContainers=3, numOfBlocks=553
2019-06-13 22:54:23,147 INFO  commandhandler.DeleteBlocksCommandHandler (DeleteBlocksCommandHandler.java:handle(106)) - Start to delete container blocks, TXIDs=[1(0),2(0),3(0)], numOfContainers=3, numOfBlocks=553
2019-06-13 22:54:23,147 INFO  commandhandler.DeleteBlocksCommandHandler (DeleteBlocksCommandHandler.java:handle(106)) - Start to delete container blocks, TXIDs=[1(0),2(0),3(0)], numOfContainers=3, numOfBlocks=553
2019-06-13 22:54:23,148 INFO  commandhandler.DeleteBlocksCommandHandler (DeleteBlocksCommandHandler.java:handle(106)) - Start to delete container blocks, TXIDs=[1(0),2(0),3(0)], numOfContainers=3, numOfBlocks=553
2019-06-13 22:54:23,149 INFO  commandhandler.DeleteBlocksCommandHandler (DeleteBlocksCommandHandler.java:handle(106)) - Start to delete container blocks, TXIDs=[1(483),2(483),3(483)], numOfContainers=3, numOfBlocks=553
2019-06-13 22:54:23,150 INFO  commandhandler.DeleteBlocksCommandHandler (DeleteBlocksCommandHandler.java:handle(106)) - Start to delete container blocks, TXIDs=[1(0),2(0),3(0)], numOfContainers=3, numOfBlocks=553
2019-06-13 22:54:23,151 INFO  commandhandler.DeleteBlocksCommandHandler (DeleteBlocksCommandHandler.java:handle(106)) - Start to delete container blocks, TXIDs=[1(0),2(0),3(0)], numOfContainers=3, numOfBlocks=553
2019-06-13 22:54:23,152 INFO  commandhandler.DeleteBlocksCommandHandler (DeleteBlocksCommandHandler.java:handle(106)) - Start to delete container blocks, TXIDs=[1(607),2(607),3(607)], numOfContainers=3, numOfBlocks=553
2019-06-13 22:54:23,153 INFO  commandhandler.DeleteBlocksCommandHandler (DeleteBlocksCommandHandler.java:handle(106)) - Start to delete container blocks, TXIDs=[1(0),2(0),3(0)], numOfContainers=3, numOfBlocks=553
2019-06-13 22:54:23,154 INFO  commandhandler.DeleteBlocksCommandHandler (DeleteBlocksCommandHandler.java:handle(106)) - Start to delete container blocks, TXIDs=[1(0),2(0),3(0)], numOfContainers=3, numOfBlocks=553
2019-06-13 22:54:23,155 INFO  commandhandler.DeleteBlocksCommandHandler (DeleteBlocksCommandHandler.java:handle(106)) - Start to delete container blocks, TXIDs=[1(0),2(0),3(0)], numOfContainers=3, numOfBlocks=553
2019-06-13 22:54:23,156 INFO  commandhandler.DeleteBlocksCommandHandler (DeleteBlocksCommandHandler.java:handle(106)) - Start to delete container blocks, TXIDs=[1(0),2(0),3(0)], numOfContainers=3, numOfBlocks=553
2019-06-13 22:54:23,156 INFO  commandhandler.DeleteBlocksCommandHandler (DeleteBlocksCommandHandler.java:handle(106)) - Start to delete container blocks, TXIDs=[1(0),2(0),3(0)], numOfContainers=3, numOfBlocks=553
2019-06-13 22:54:23,157 INFO  commandhandler.DeleteBlocksCommandHandler (DeleteBlocksCommandHandler.java:handle(106)) - Start to delete container blocks, TXIDs=[1(0),2(0),3(0)], numOfContainers=3, numOfBlocks=553
2019-06-13 22:54:23,158 INFO  commandhandler.DeleteBlocksCommandHandler (DeleteBlocksCommandHandler.java:handle(106)) - Start to delete container blocks, TXIDs=[1(0),2(0),3(0)], numOfContainers=3, numOfBlocks=553
2019-06-13 22:54:23,159 INFO  commandhandler.DeleteBlocksCommandHandler (DeleteBlocksCommandHandler.java:handle(106)) - Start to delete container blocks, TXIDs=[1(483),2(483),3(483)], numOfContainers=3, numOfBlocks=553
2019-06-13 22:54:23,160 INFO  commandhandler.DeleteBlocksCommandHandler (DeleteBlocksCommandHandler.java:handle(106)) - Start to delete container blocks, TXIDs=[1(0),2(0),3(0)], numOfContainers=3, numOfBlocks=553
2019-06-13 22:54:23,161 INFO  commandhandler.DeleteBlocksCommandHandler (DeleteBlocksCommandHandler.java:handle(106)) - Start to delete container blocks, TXIDs=[1(0),2(0),3(0)], numOfContainers=3, numOfBlocks=553
2019-06-13 22:54:23,162 INFO  commandhandler.DeleteBlocksCommandHandler (DeleteBlocksCommandHandler.java:handle(106)) - Start to delete container blocks, TXIDs=[1(0),2(0),3(0)], numOfContainers=3, numOfBlocks=553
2019-06-13 22:54:23,162 INFO  commandhandler.DeleteBlocksCommandHandler (DeleteBlocksCommandHandler.java:handle(106)) - Start to delete container blocks, TXIDs=[1(607),2(607),3(607)], numOfContainers=3, numOfBlocks=553
2019-06-13 22:54:23,163 INFO  commandhandler.DeleteBlocksCommandHandler (DeleteBlocksCommandHandler.java:handle(106)) - Start to delete container blocks, TXIDs=[1(0),2(0),3(0)], numOfContainers=3, numOfBlocks=553
2019-06-13 22:54:23,164 INFO  commandhandler.DeleteBlocksCommandHandler (DeleteBlocksCommandHandler.java:handle(106)) - Start to delete container blocks, TXIDs=[1(0),2(0),3(0)], numOfContainers=3, numOfBlocks=553
2019-06-13 22:54:23,165 INFO  commandhandler.DeleteBlocksCommandHandler (DeleteBlocksCommandHandler.java:handle(106)) - Start to delete container blocks, TXIDs=[1(0),2(0),3(0)], numOfContainers=3, numOfBlocks=553
2019-06-13 22:54:23,166 INFO  commandhandler.DeleteBlocksCommandHandler (DeleteBlocksCommandHandler.java:handle(106)) - Start to delete container blocks, TXIDs=[1(0),2(0),3(0)], numOfContainers=3, numOfBlocks=553
2019-06-13 22:54:23,166 INFO  commands.RetriableDatanodeEventWatcher (RetriableDatanodeEventWatcher.java:onTimeout(47)) - RetriableDatanodeCommand type=deleteBlocksCommand with id=1560466452206 timed out. Retrying.
2019-06-13 22:54:23,167 INFO  commandhandler.DeleteBlocksCommandHandler (DeleteBlocksCommandHandler.java:handle(106)) - Start to delete container blocks, TXIDs=[1(0),2(0),3(0)], numOfContainers=3, numOfBlocks=553
2019-06-13 22:54:23,168 INFO  commandhandler.DeleteBlocksCommandHandler (DeleteBlocksCommandHandler.java:handle(106)) - Start to delete container blocks, TXIDs=[1(0),2(0),3(0)], numOfContainers=3, numOfBlocks=553
2019-06-13 22:54:23,169 INFO  commandhandler.DeleteBlocksCommandHandler (DeleteBlocksCommandHandler.java:handle(106)) - Start to delete container blocks, TXIDs=[1(0),2(0),3(0)], numOfContainers=3, numOfBlocks=553
2019-06-13 22:54:23,169 INFO  commandhandler.DeleteBlocksCommandHandler (DeleteBlocksCommandHandler.java:handle(106)) - Start to delete container blocks, TXIDs=[1(483),2(483),3(483)], numOfContainers=3, numOfBlocks=553
2019-06-13 22:54:23,170 INFO  commandhandler.DeleteBlocksCommandHandler (DeleteBlocksCommandHandler.java:handle(106)) - Start to delete container blocks, TXIDs=[1(0),2(0),3(0)], numOfContainers=3, numOfBlocks=553
2019-06-13 22:54:23,171 INFO  commandhandler.DeleteBlocksCommandHandler (DeleteBlocksCommandHandler.java:handle(106)) - Start to delete container blocks, TXIDs=[1(0),2(0),3(0)], numOfContainers=3, numOfBlocks=553
2019-06-13 22:54:23,172 INFO  commandhandler.DeleteBlocksCommandHandler (DeleteBlocksCommandHandler.java:handle(106)) - Start to delete container blocks, TXIDs=[1(0),2(0),3(0)], numOfContainers=3, numOfBlocks=553
2019-06-13 22:54:23,173 INFO  commandhandler.DeleteBlocksCommandHandler (DeleteBlocksCommandHandler.java:handle(106)) - Start to delete container blocks, TXIDs=[1(0),2(0),3(0)], numOfContainers=3, numOfBlocks=553
2019-06-13 22:54:23,174 INFO  commandhandler.DeleteBlocksCommandHandler (DeleteBlocksCommandHandler.java:handle(106)) - Start to delete container blocks, TXIDs=[1(483),2(483),3(483)], numOfContainers=3, numOfBlocks=553
2019-06-13 22:54:23,175 INFO  commandhandler.DeleteBlocksCommandHandler (DeleteBlocksCommandHandler.java:handle(106)) - Start to delete container blocks, TXIDs=[1(0),2(0),3(0)], numOfContainers=3, numOfBlocks=553
2019-06-13 22:54:23,176 INFO  commandhandler.DeleteBlocksCommandHandler (DeleteBlocksCommandHandler.java:handle(106)) - Start to delete container blocks, TXIDs=[1(0),2(0),3(0)], numOfContainers=3, numOfBlocks=553
2019-06-13 22:54:23,176 INFO  commandhandler.DeleteBlocksCommandHandler (DeleteBlocksCommandHandler.java:handle(106)) - Start to delete container blocks, TXIDs=[1(0),2(0),3(0)], numOfContainers=3, numOfBlocks=553
2019-06-13 22:54:23,177 INFO  commandhandler.DeleteBlocksCommandHandler (DeleteBlocksCommandHandler.java:handle(106)) - Start to delete container blocks, TXIDs=[1(0),2(0),3(0)], numOfContainers=3, numOfBlocks=553
2019-06-13 22:54:23,186 DEBUG block.SCMBlockDeletingService (SCMBlockDeletingService.java:call(138)) - Running DeletedBlockTransactionScanner
2019-06-13 22:54:23,186 DEBUG block.SCMBlockDeletingService (SCMBlockDeletingService.java:call(155)) - Scanned deleted blocks log and got 0 delTX to process.
2019-06-13 22:54:23,214 INFO  commands.RetriableDatanodeEventWatcher (RetriableDatanodeEventWatcher.java:onTimeout(47)) - RetriableDatanodeCommand type=deleteBlocksCommand with id=1560466452187 timed out. Retrying.
2019-06-13 22:54:23,225 INFO  commands.RetriableDatanodeEventWatcher (RetriableDatanodeEventWatcher.java:onTimeout(47)) - RetriableDatanodeCommand type=deleteBlocksCommand with id=1560466452197 timed out. Retrying.
2019-06-13 22:54:23,259 WARN  block.DeletedBlockLogImpl (DeletedBlockLogImpl.java:incrementCount(141)) - Deleted TXID not found.
2019-06-13 22:54:23,259 WARN  block.DeletedBlockLogImpl (DeletedBlockLogImpl.java:incrementCount(141)) - Deleted TXID not found.
2019-06-13 22:54:23,259 WARN  block.DeletedBlockLogImpl (DeletedBlockLogImpl.java:incrementCount(141)) - Deleted TXID not found.
2019-06-13 22:54:23,259 WARN  events.EventWatcher (EventWatcher.java:lambda$start$0(110)) - Completion event without active lease. Id=1560466452163
2019-06-13 22:54:23,259 WARN  events.EventWatcher (EventWatcher.java:lambda$start$0(110)) - Completion event without active lease. Id=1560466452162
2019-06-13 22:54:23,259 WARN  events.EventWatcher (EventWatcher.java:lambda$start$0(110)) - Completion event without active lease. Id=1560466452173
2019-06-13 22:54:23,259 WARN  events.EventWatcher (EventWatcher.java:lambda$start$0(110)) - Completion event without active lease. Id=1560466452172
2019-06-13 22:54:23,259 WARN  events.EventWatcher (EventWatcher.java:lambda$start$0(110)) - Completion event without active lease. Id=1560466452134
2019-06-13 22:54:23,259 WARN  events.EventWatcher (EventWatcher.java:lambda$start$0(110)) - Completion event without active lease. Id=1560466452133
2019-06-13 22:54:23,259 WARN  events.EventWatcher (EventWatcher.java:lambda$start$0(110)) - Completion event without active lease. Id=1560466452143
2019-06-13 22:54:23,259 WARN  events.EventWatcher (EventWatcher.java:lambda$start$0(110)) - Completion event without active lease. Id=1560466452142
2019-06-13 22:54:23,259 WARN  events.EventWatcher (EventWatcher.java:lambda$start$0(110)) - Completion event without active lease. Id=1560466452144
2019-06-13 22:54:23,260 WARN  events.EventWatcher (EventWatcher.java:lambda$start$0(110)) - Completion event without active lease. Id=1560466452153
2019-06-13 22:54:23,260 WARN  events.EventWatcher (EventWatcher.java:lambda$start$0(110)) - Completion event without active lease. Id=1560466452152
2019-06-13 22:54:23,260 WARN  events.EventWatcher (EventWatcher.java:lambda$start$0(110)) - Completion event without active lease. Id=1560466452114
2019-06-13 22:54:23,260 WARN  events.EventWatcher (EventWatcher.java:lambda$start$0(110)) - Completion event without active lease. Id=1560466452113
2019-06-13 22:54:23,260 WARN  events.EventWatcher (EventWatcher.java:lambda$start$0(110)) - Completion event without active lease. Id=1560466452124
2019-06-13 22:54:23,260 WARN  events.EventWatcher (EventWatcher.java:lambda$start$0(110)) - Completion event without active lease. Id=1560466452123
2019-06-13 22:54:23,259 WARN  block.DeletedBlockLogImpl (DeletedBlockLogImpl.java:incrementCount(141)) - Deleted TXID not found.
2019-06-13 22:54:23,260 WARN  block.DeletedBlockLogImpl (DeletedBlockLogImpl.java:incrementCount(141)) - Deleted TXID not found.
2019-06-13 22:54:23,260 WARN  block.DeletedBlockLogImpl (DeletedBlockLogImpl.java:incrementCount(141)) - Deleted TXID not found.
2019-06-13 22:54:23,260 DEBUG block.DeletedBlockLogImpl (DeletedBlockLogImpl.java:isTransactionFailed(245)) - Got block deletion ACK from datanode, TXIDs=1, success=true
2019-06-13 22:54:23,260 WARN  block.DeletedBlockLogImpl (DeletedBlockLogImpl.java:commitTransactions(205)) - Transaction txId=1 commit by dnId=85302df8-7a7f-4077-a053-c26dc3d3d65a for containerID=#1 failed. Corresponding entry not found.
2019-06-13 22:54:23,260 WARN  block.DeletedBlockLogImpl (DeletedBlockLogImpl.java:incrementCount(141)) - Deleted TXID not found.
2019-06-13 22:54:23,260 WARN  block.DeletedBlockLogImpl (DeletedBlockLogImpl.java:incrementCount(141)) - Deleted TXID not found.
2019-06-13 22:54:23,261 WARN  block.DeletedBlockLogImpl (DeletedBlockLogImpl.java:incrementCount(141)) - Deleted TXID not found.
2019-06-13 22:54:23,261 DEBUG block.DeletedBlockLogImpl (DeletedBlockLogImpl.java:isTransactionFailed(245)) - Got block deletion ACK from datanode, TXIDs=1, success=true
2019-06-13 22:54:23,261 WARN  block.DeletedBlockLogImpl (DeletedBlockLogImpl.java:commitTransactions(205)) - Transaction txId=1 commit by dnId=85302df8-7a7f-4077-a053-c26dc3d3d65a for containerID=#1 failed. Corresponding entry not found.
2019-06-13 22:54:23,261 WARN  block.DeletedBlockLogImpl (DeletedBlockLogImpl.java:incrementCount(141)) - Deleted TXID not found.
2019-06-13 22:54:23,261 WARN  block.DeletedBlockLogImpl (DeletedBlockLogImpl.java:incrementCount(141)) - Deleted TXID not found.
2019-06-13 22:54:23,261 WARN  block.DeletedBlockLogImpl (DeletedBlockLogImpl.java:incrementCount(141)) - Deleted TXID not found.
2019-06-13 22:54:23,261 DEBUG block.DeletedBlockLogImpl (DeletedBlockLogImpl.java:isTransactionFailed(245)) - Got block deletion ACK from datanode, TXIDs=1, success=true
2019-06-13 22:54:23,261 WARN  block.DeletedBlockLogImpl (DeletedBlockLogImpl.java:commitTransactions(205)) - Transaction txId=1 commit by dnId=85302df8-7a7f-4077-a053-c26dc3d3d65a for containerID=#1 failed. Corresponding entry not found.
2019-06-13 22:54:23,261 WARN  block.DeletedBlockLogImpl (DeletedBlockLogImpl.java:incrementCount(141)) - Deleted TXID not found.
2019-06-13 22:54:23,261 WARN  block.DeletedBlockLogImpl (DeletedBlockLogImpl.java:incrementCount(141)) - Deleted TXID not found.
2019-06-13 22:54:23,261 WARN  block.DeletedBlockLogImpl (DeletedBlockLogImpl.java:incrementCount(141)) - Deleted TXID not found.
2019-06-13 22:54:23,262 DEBUG block.DeletedBlockLogImpl (DeletedBlockLogImpl.java:isTransactionFailed(245)) - Got block deletion ACK from datanode, TXIDs=1, success=true
2019-06-13 22:54:23,262 WARN  block.DeletedBlockLogImpl (DeletedBlockLogImpl.java:commitTransactions(205)) - Transaction txId=1 commit by dnId=85302df8-7a7f-4077-a053-c26dc3d3d65a for containerID=#1 failed. Corresponding entry not found.
2019-06-13 22:54:23,262 WARN  block.DeletedBlockLogImpl (DeletedBlockLogImpl.java:incrementCount(141)) - Deleted TXID not found.
2019-06-13 22:54:23,262 WARN  block.DeletedBlockLogImpl (DeletedBlockLogImpl.java:incrementCount(141)) - Deleted TXID not found.
2019-06-13 22:54:23,262 WARN  block.DeletedBlockLogImpl (DeletedBlockLogImpl.java:incrementCount(141)) - Deleted TXID not found.
2019-06-13 22:54:23,262 DEBUG block.DeletedBlockLogImpl (DeletedBlockLogImpl.java:isTransactionFailed(245)) - Got block deletion ACK from datanode, TXIDs=1, success=true
2019-06-13 22:54:23,262 WARN  block.DeletedBlockLogImpl (DeletedBlockLogImpl.java:commitTransactions(205)) - Transaction txId=1 commit by dnId=85302df8-7a7f-4077-a053-c26dc3d3d65a for containerID=#1 failed. Corresponding entry not found.
2019-06-13 22:54:23,262 DEBUG block.DeletedBlockLogImpl (DeletedBlockLogImpl.java:isTransactionFailed(245)) - Got block deletion ACK from datanode, TXIDs=1, success=true
2019-06-13 22:54:23,262 WARN  block.DeletedBlockLogImpl (DeletedBlockLogImpl.java:commitTransactions(205)) - Transaction txId=1 commit by dnId=85302df8-7a7f-4077-a053-c26dc3d3d65a for containerID=#1 failed. Corresponding entry not found.
2019-06-13 22:54:23,262 DEBUG block.DeletedBlockLogImpl (DeletedBlockLogImpl.java:isTransactionFailed(245)) - Got block deletion ACK from datanode, TXIDs=1, success=true
2019-06-13 22:54:23,262 WARN  block.DeletedBlockLogImpl (DeletedBlockLogImpl.java:commitTransactions(205)) - Transaction txId=1 commit by dnId=85302df8-7a7f-4077-a053-c26dc3d3d65a for containerID=#1 failed. Corresponding entry not found.
2019-06-13 22:54:23,262 DEBUG block.DeletedBlockLogImpl (DeletedBlockLogImpl.java:isTransactionFailed(245)) - Got block deletion ACK from datanode, TXIDs=1, success=true
2019-06-13 22:54:23,262 WARN  block.DeletedBlockLogImpl (DeletedBlockLogImpl.java:commitTransactions(205)) - Transaction txId=1 commit by dnId=85302df8-7a7f-4077-a053-c26dc3d3d65a for containerID=#1 failed. Corresponding entry not found.
2019-06-13 22:54:23,262 DEBUG block.DeletedBlockLogImpl (DeletedBlockLogImpl.java:isTransactionFailed(245)) - Got block deletion ACK from datanode, TXIDs=1, success=true
2019-06-13 22:54:23,262 WARN  block.DeletedBlockLogImpl (DeletedBlockLogImpl.java:commitTransactions(205)) - Transaction txId=1 commit by dnId=85302df8-7a7f-4077-a053-c26dc3d3d65a for containerID=#1 failed. Corresponding entry not found.
2019-06-13 22:54:23,262 DEBUG block.DeletedBlockLogImpl (DeletedBlockLogImpl.java:isTransactionFailed(245)) - Got block deletion ACK from datanode, TXIDs=1, success=true
2019-06-13 22:54:23,262 WARN  block.DeletedBlockLogImpl (DeletedBlockLogImpl.java:commitTransactions(205)) - Transaction txId=1 commit by dnId=85302df8-7a7f-4077-a053-c26dc3d3d65a for containerID=#1 failed. Corresponding entry not found.
2019-06-13 22:54:23,263 DEBUG block.DeletedBlockLogImpl (DeletedBlockLogImpl.java:isTransactionFailed(245)) - Got block deletion ACK from datanode, TXIDs=1, success=true
2019-06-13 22:54:23,263 WARN  block.DeletedBlockLogImpl (DeletedBlockLogImpl.java:commitTransactions(205)) - Transaction txId=1 commit by dnId=85302df8-7a7f-4077-a053-c26dc3d3d65a for containerID=#1 failed. Corresponding entry not found.
2019-06-13 22:54:23,263 DEBUG block.DeletedBlockLogImpl (DeletedBlockLogImpl.java:isTransactionFailed(245)) - Got block deletion ACK from datanode, TXIDs=1, success=true
2019-06-13 22:54:23,263 WARN  block.DeletedBlockLogImpl (DeletedBlockLogImpl.java:commitTransactions(205)) - Transaction txId=1 commit by dnId=85302df8-7a7f-4077-a053-c26dc3d3d65a for containerID=#1 failed. Corresponding entry not found.
2019-06-13 22:54:23,263 DEBUG block.DeletedBlockLogImpl (DeletedBlockLogImpl.java:isTransactionFailed(245)) - Got block deletion ACK from datanode, TXIDs=1, success=true
2019-06-13 22:54:23,263 WARN  block.DeletedBlockLogImpl (DeletedBlockLogImpl.java:commitTransactions(205)) - Transaction txId=1 commit by dnId=85302df8-7a7f-4077-a053-c26dc3d3d65a for containerID=#1 failed. Corresponding entry not found.
2019-06-13 22:54:23,263 DEBUG block.DeletedBlockLogImpl (DeletedBlockLogImpl.java:isTransactionFailed(245)) - Got block deletion ACK from datanode, TXIDs=1, success=true
2019-06-13 22:54:23,263 WARN  block.DeletedBlockLogImpl (DeletedBlockLogImpl.java:commitTransactions(205)) - Transaction txId=1 commit by dnId=85302df8-7a7f-4077-a053-c26dc3d3d65a for containerID=#1 failed. Corresponding entry not found.
2019-06-13 22:54:23,263 DEBUG block.DeletedBlockLogImpl (DeletedBlockLogImpl.java:isTransactionFailed(245)) - Got block deletion ACK from datanode, TXIDs=1, success=true
2019-06-13 22:54:23,263 WARN  block.DeletedBlockLogImpl (DeletedBlockLogImpl.java:commitTransactions(205)) - Transaction txId=1 commit by dnId=85302df8-7a7f-4077-a053-c26dc3d3d65a for containerID=#1 failed. Corresponding entry not found.
2019-06-13 22:54:23,263 DEBUG block.DeletedBlockLogImpl (DeletedBlockLogImpl.java:isTransactionFailed(245)) - Got block deletion ACK from datanode, TXIDs=1, success=true
2019-06-13 22:54:23,263 WARN  block.DeletedBlockLogImpl (DeletedBlockLogImpl.java:commitTransactions(205)) - Transaction txId=1 commit by dnId=85302df8-7a7f-4077-a053-c26dc3d3d65a for containerID=#1 failed. Corresponding entry not found.
2019-06-13 22:54:23,263 DEBUG block.DeletedBlockLogImpl (DeletedBlockLogImpl.java:isTransactionFailed(245)) - Got block deletion ACK from datanode, TXIDs=1, success=true
2019-06-13 22:54:23,263 WARN  block.DeletedBlockLogImpl (DeletedBlockLogImpl.java:commitTransactions(205)) - Transaction txId=1 commit by dnId=85302df8-7a7f-4077-a053-c26dc3d3d65a for containerID=#1 failed. Corresponding entry not found.
2019-06-13 22:54:23,263 DEBUG block.DeletedBlockLogImpl (DeletedBlockLogImpl.java:isTransactionFailed(245)) - Got block deletion ACK from datanode, TXIDs=1, success=true
2019-06-13 22:54:23,263 WARN  block.DeletedBlockLogImpl (DeletedBlockLogImpl.java:commitTransactions(205)) - Transaction txId=1 commit by dnId=85302df8-7a7f-4077-a053-c26dc3d3d65a for containerID=#1 failed. Corresponding entry not found.
2019-06-13 22:54:23,263 DEBUG block.DeletedBlockLogImpl (DeletedBlockLogImpl.java:isTransactionFailed(245)) - Got block deletion ACK from datanode, TXIDs=1, success=true
2019-06-13 22:54:23,263 WARN  block.DeletedBlockLogImpl (DeletedBlockLogImpl.java:commitTransactions(205)) - Transaction txId=1 commit by dnId=85302df8-7a7f-4077-a053-c26dc3d3d65a for containerID=#1 failed. Corresponding entry not found.
2019-06-13 22:54:23,263 DEBUG block.DeletedBlockLogImpl (DeletedBlockLogImpl.java:isTransactionFailed(245)) - Got block deletion ACK from datanode, TXIDs=1, success=true
2019-06-13 22:54:23,263 WARN  block.DeletedBlockLogImpl (DeletedBlockLogImpl.java:commitTransactions(205)) - Transaction txId=1 commit by dnId=85302df8-7a7f-4077-a053-c26dc3d3d65a for containerID=#1 failed. Corresponding entry not found.
2019-06-13 22:54:23,263 DEBUG block.DeletedBlockLogImpl (DeletedBlockLogImpl.java:isTransactionFailed(245)) - Got block deletion ACK from datanode, TXIDs=1, success=true
2019-06-13 22:54:23,263 WARN  block.DeletedBlockLogImpl (DeletedBlockLogImpl.java:commitTransactions(205)) - Transaction txId=1 commit by dnId=85302df8-7a7f-4077-a053-c26dc3d3d65a for containerID=#1 failed. Corresponding entry not found.
2019-06-13 22:54:23,263 DEBUG block.DeletedBlockLogImpl (DeletedBlockLogImpl.java:isTransactionFailed(245)) - Got block deletion ACK from datanode, TXIDs=1, success=true
2019-06-13 22:54:23,263 WARN  block.DeletedBlockLogImpl (DeletedBlockLogImpl.java:commitTransactions(205)) - Transaction txId=1 commit by dnId=85302df8-7a7f-4077-a053-c26dc3d3d65a for containerID=#1 failed. Corresponding entry not found.
2019-06-13 22:54:23,264 DEBUG block.DeletedBlockLogImpl (DeletedBlockLogImpl.java:isTransactionFailed(245)) - Got block deletion ACK from datanode, TXIDs=1, success=true
2019-06-13 22:54:23,264 WARN  block.DeletedBlockLogImpl (DeletedBlockLogImpl.java:commitTransactions(205)) - Transaction txId=1 commit by dnId=85302df8-7a7f-4077-a053-c26dc3d3d65a for containerID=#1 failed. Corresponding entry not found.
2019-06-13 22:54:23,264 DEBUG block.DeletedBlockLogImpl (DeletedBlockLogImpl.java:isTransactionFailed(245)) - Got block deletion ACK from datanode, TXIDs=1, success=true
2019-06-13 22:54:23,264 WARN  block.DeletedBlockLogImpl (DeletedBlockLogImpl.java:commitTransactions(205)) - Transaction txId=1 commit by dnId=85302df8-7a7f-4077-a053-c26dc3d3d65a for containerID=#1 failed. Corresponding entry not found.
2019-06-13 22:54:23,264 DEBUG block.DeletedBlockLogImpl (DeletedBlockLogImpl.java:isTransactionFailed(245)) - Got block deletion ACK from datanode, TXIDs=1, success=true
2019-06-13 22:54:23,264 WARN  block.DeletedBlockLogImpl (DeletedBlockLogImpl.java:commitTransactions(205)) - Transaction txId=1 commit by dnId=85302df8-7a7f-4077-a053-c26dc3d3d65a for containerID=#1 failed. Corresponding entry not found.
2019-06-13 22:54:23,264 DEBUG block.DeletedBlockLogImpl (DeletedBlockLogImpl.java:isTransactionFailed(245)) - Got block deletion ACK from datanode, TXIDs=1, success=true
2019-06-13 22:54:23,264 WARN  block.DeletedBlockLogImpl (DeletedBlockLogImpl.java:commitTransactions(205)) - Transaction txId=1 commit by dnId=85302df8-7a7f-4077-a053-c26dc3d3d65a for containerID=#1 failed. Corresponding entry not found.
2019-06-13 22:54:23,264 DEBUG block.DeletedBlockLogImpl (DeletedBlockLogImpl.java:isTransactionFailed(245)) - Got block deletion ACK from datanode, TXIDs=1, success=true
2019-06-13 22:54:23,264 WARN  block.DeletedBlockLogImpl (DeletedBlockLogImpl.java:commitTransactions(205)) - Transaction txId=1 commit by dnId=85302df8-7a7f-4077-a053-c26dc3d3d65a for containerID=#1 failed. Corresponding entry not found.
2019-06-13 22:54:23,264 DEBUG block.DeletedBlockLogImpl (DeletedBlockLogImpl.java:isTransactionFailed(245)) - Got block deletion ACK from datanode, TXIDs=1, success=true
2019-06-13 22:54:23,264 WARN  block.DeletedBlockLogImpl (DeletedBlockLogImpl.java:commitTransactions(205)) - Transaction txId=1 commit by dnId=85302df8-7a7f-4077-a053-c26dc3d3d65a for containerID=#1 failed. Corresponding entry not found.
2019-06-13 22:54:23,264 DEBUG block.DeletedBlockLogImpl (DeletedBlockLogImpl.java:isTransactionFailed(245)) - Got block deletion ACK from datanode, TXIDs=1, success=true
2019-06-13 22:54:23,264 WARN  block.DeletedBlockLogImpl (DeletedBlockLogImpl.java:commitTransactions(205)) - Transaction txId=1 commit by dnId=85302df8-7a7f-4077-a053-c26dc3d3d65a for containerID=#1 failed. Corresponding entry not found.
2019-06-13 22:54:23,264 DEBUG block.DeletedBlockLogImpl (DeletedBlockLogImpl.java:isTransactionFailed(245)) - Got block deletion ACK from datanode, TXIDs=1, success=true
2019-06-13 22:54:23,264 WARN  block.DeletedBlockLogImpl (DeletedBlockLogImpl.java:commitTransactions(205)) - Transaction txId=1 commit by dnId=85302df8-7a7f-4077-a053-c26dc3d3d65a for containerID=#1 failed. Corresponding entry not found.
2019-06-13 22:54:23,264 DEBUG block.DeletedBlockLogImpl (DeletedBlockLogImpl.java:isTransactionFailed(245)) - Got block deletion ACK from datanode, TXIDs=1, success=true
2019-06-13 22:54:23,264 WARN  block.DeletedBlockLogImpl (DeletedBlockLogImpl.java:commitTransactions(205)) - Transaction txId=1 commit by dnId=85302df8-7a7f-4077-a053-c26dc3d3d65a for containerID=#1 failed. Corresponding entry not found.
2019-06-13 22:54:23,264 DEBUG block.DeletedBlockLogImpl (DeletedBlockLogImpl.java:isTransactionFailed(245)) - Got block deletion ACK from datanode, TXIDs=1, success=true
2019-06-13 22:54:23,264 WARN  block.DeletedBlockLogImpl (DeletedBlockLogImpl.java:commitTransactions(205)) - Transaction txId=1 commit by dnId=85302df8-7a7f-4077-a053-c26dc3d3d65a for containerID=#1 failed. Corresponding entry not found.
2019-06-13 22:54:23,264 DEBUG block.DeletedBlockLogImpl (DeletedBlockLogImpl.java:isTransactionFailed(245)) - Got block deletion ACK from datanode, TXIDs=1, success=true
2019-06-13 22:54:23,264 WARN  block.DeletedBlockLogImpl (DeletedBlockLogImpl.java:commitTransactions(205)) - Transaction txId=1 commit by dnId=85302df8-7a7f-4077-a053-c26dc3d3d65a for containerID=#1 failed. Corresponding entry not found.
2019-06-13 22:54:23,264 DEBUG block.DeletedBlockLogImpl (DeletedBlockLogImpl.java:isTransactionFailed(245)) - Got block deletion ACK from datanode, TXIDs=1, success=true
2019-06-13 22:54:23,264 WARN  block.DeletedBlockLogImpl (DeletedBlockLogImpl.java:commitTransactions(205)) - Transaction txId=1 commit by dnId=85302df8-7a7f-4077-a053-c26dc3d3d65a for containerID=#1 failed. Corresponding entry not found.
2019-06-13 22:54:23,264 DEBUG block.DeletedBlockLogImpl (DeletedBlockLogImpl.java:isTransactionFailed(245)) - Got block deletion ACK from datanode, TXIDs=1, success=true
2019-06-13 22:54:23,264 WARN  block.DeletedBlockLogImpl (DeletedBlockLogImpl.java:commitTransactions(205)) - Transaction txId=1 commit by dnId=85302df8-7a7f-4077-a053-c26dc3d3d65a for containerID=#1 failed. Corresponding entry not found.
2019-06-13 22:54:23,267 INFO  commands.RetriableDatanodeEventWatcher (RetriableDatanodeEventWatcher.java:onTimeout(47)) - RetriableDatanodeCommand type=deleteBlocksCommand with id=1560466452207 timed out. Retrying.
2019-06-13 22:54:23,287 DEBUG block.SCMBlockDeletingService (SCMBlockDeletingService.java:call(138)) - Running DeletedBlockTransactionScanner
2019-06-13 22:54:23,287 DEBUG block.SCMBlockDeletingService (SCMBlockDeletingService.java:call(155)) - Scanned deleted blocks log and got 0 delTX to process.
2019-06-13 22:54:23,367 INFO  commands.RetriableDatanodeEventWatcher (RetriableDatanodeEventWatcher.java:onTimeout(47)) - RetriableDatanodeCommand type=deleteBlocksCommand with id=1560466452208 timed out. Retrying.
2019-06-13 22:54:23,387 DEBUG block.SCMBlockDeletingService (SCMBlockDeletingService.java:call(138)) - Running DeletedBlockTransactionScanner
2019-06-13 22:54:23,387 DEBUG block.SCMBlockDeletingService (SCMBlockDeletingService.java:call(155)) - Scanned deleted blocks log and got 0 delTX to process.
2019-06-13 22:54:23,458 WARN  block.DeletedBlockLogImpl (DeletedBlockLogImpl.java:incrementCount(141)) - Deleted TXID not found.
2019-06-13 22:54:23,458 WARN  events.EventWatcher (EventWatcher.java:lambda$start$0(110)) - Completion event without active lease. Id=1560466452195
2019-06-13 22:54:23,459 WARN  block.DeletedBlockLogImpl (DeletedBlockLogImpl.java:incrementCount(141)) - Deleted TXID not found.
2019-06-13 22:54:23,459 WARN  events.EventWatcher (EventWatcher.java:lambda$start$0(110)) - Completion event without active lease. Id=1560466452194
2019-06-13 22:54:23,459 WARN  block.DeletedBlockLogImpl (DeletedBlockLogImpl.java:incrementCount(141)) - Deleted TXID not found.
2019-06-13 22:54:23,459 WARN  events.EventWatcher (EventWatcher.java:lambda$start$0(110)) - Completion event without active lease. Id=1560466452165
2019-06-13 22:54:23,459 WARN  block.DeletedBlockLogImpl (DeletedBlockLogImpl.java:incrementCount(141)) - Deleted TXID not found.
2019-06-13 22:54:23,459 WARN  events.EventWatcher (EventWatcher.java:lambda$start$0(110)) - Completion event without active lease. Id=1560466452164
2019-06-13 22:54:23,459 WARN  block.DeletedBlockLogImpl (DeletedBlockLogImpl.java:incrementCount(141)) - Deleted TXID not found.
2019-06-13 22:54:23,459 WARN  events.EventWatcher (EventWatcher.java:lambda$start$0(110)) - Completion event without active lease. Id=1560466452175
2019-06-13 22:54:23,459 WARN  block.DeletedBlockLogImpl (DeletedBlockLogImpl.java:incrementCount(141)) - Deleted TXID not found.
2019-06-13 22:54:23,459 WARN  events.EventWatcher (EventWatcher.java:lambda$start$0(110)) - Completion event without active lease. Id=1560466452174
2019-06-13 22:54:23,459 WARN  events.EventWatcher (EventWatcher.java:lambda$start$0(110)) - Completion event without active lease. Id=1560466452185
2019-06-13 22:54:23,459 WARN  events.EventWatcher (EventWatcher.java:lambda$start$0(110)) - Completion event without active lease. Id=1560466452184
2019-06-13 22:54:23,459 DEBUG block.DeletedBlockLogImpl (DeletedBlockLogImpl.java:isTransactionFailed(245)) - Got block deletion ACK from datanode, TXIDs=1, success=true
2019-06-13 22:54:23,459 WARN  block.DeletedBlockLogImpl (DeletedBlockLogImpl.java:commitTransactions(205)) - Transaction txId=1 commit by dnId=85302df8-7a7f-4077-a053-c26dc3d3d65a for containerID=#1 failed. Corresponding entry not found.
2019-06-13 22:54:23,460 DEBUG block.DeletedBlockLogImpl (DeletedBlockLogImpl.java:isTransactionFailed(245)) - Got block deletion ACK from datanode, TXIDs=1, success=true
2019-06-13 22:54:23,460 WARN  block.DeletedBlockLogImpl (DeletedBlockLogImpl.java:commitTransactions(205)) - Transaction txId=1 commit by dnId=85302df8-7a7f-4077-a053-c26dc3d3d65a for containerID=#1 failed. Corresponding entry not found.
2019-06-13 22:54:23,460 DEBUG block.DeletedBlockLogImpl (DeletedBlockLogImpl.java:isTransactionFailed(245)) - Got block deletion ACK from datanode, TXIDs=1, success=true
2019-06-13 22:54:23,460 WARN  block.DeletedBlockLogImpl (DeletedBlockLogImpl.java:commitTransactions(205)) - Transaction txId=1 commit by dnId=85302df8-7a7f-4077-a053-c26dc3d3d65a for containerID=#1 failed. Corresponding entry not found.
2019-06-13 22:54:23,460 DEBUG block.DeletedBlockLogImpl (DeletedBlockLogImpl.java:isTransactionFailed(245)) - Got block deletion ACK from datanode, TXIDs=1, success=true
2019-06-13 22:54:23,460 WARN  block.DeletedBlockLogImpl (DeletedBlockLogImpl.java:commitTransactions(205)) - Transaction txId=1 commit by dnId=85302df8-7a7f-4077-a053-c26dc3d3d65a for containerID=#1 failed. Corresponding entry not found.
2019-06-13 22:54:23,460 DEBUG block.DeletedBlockLogImpl (DeletedBlockLogImpl.java:isTransactionFailed(245)) - Got block deletion ACK from datanode, TXIDs=1, success=true
2019-06-13 22:54:23,460 WARN  block.DeletedBlockLogImpl (DeletedBlockLogImpl.java:commitTransactions(205)) - Transaction txId=1 commit by dnId=85302df8-7a7f-4077-a053-c26dc3d3d65a for containerID=#1 failed. Corresponding entry not found.
2019-06-13 22:54:23,460 DEBUG block.DeletedBlockLogImpl (DeletedBlockLogImpl.java:isTransactionFailed(245)) - Got block deletion ACK from datanode, TXIDs=1, success=true
2019-06-13 22:54:23,460 WARN  block.DeletedBlockLogImpl (DeletedBlockLogImpl.java:commitTransactions(205)) - Transaction txId=1 commit by dnId=85302df8-7a7f-4077-a053-c26dc3d3d65a for containerID=#1 failed. Corresponding entry not found.
2019-06-13 22:54:23,460 DEBUG block.DeletedBlockLogImpl (DeletedBlockLogImpl.java:isTransactionFailed(245)) - Got block deletion ACK from datanode, TXIDs=1, success=true
2019-06-13 22:54:23,460 WARN  block.DeletedBlockLogImpl (DeletedBlockLogImpl.java:commitTransactions(205)) - Transaction txId=1 commit by dnId=85302df8-7a7f-4077-a053-c26dc3d3d65a for containerID=#1 failed. Corresponding entry not found.
2019-06-13 22:54:23,460 DEBUG block.DeletedBlockLogImpl (DeletedBlockLogImpl.java:isTransactionFailed(245)) - Got block deletion ACK from datanode, TXIDs=1, success=true
2019-06-13 22:54:23,460 WARN  block.DeletedBlockLogImpl (DeletedBlockLogImpl.java:commitTransactions(205)) - Transaction txId=1 commit by dnId=85302df8-7a7f-4077-a053-c26dc3d3d65a for containerID=#1 failed. Corresponding entry not found.
2019-06-13 22:54:23,460 DEBUG block.DeletedBlockLogImpl (DeletedBlockLogImpl.java:isTransactionFailed(245)) - Got block deletion ACK from datanode, TXIDs=1, success=true
2019-06-13 22:54:23,461 WARN  block.DeletedBlockLogImpl (DeletedBlockLogImpl.java:commitTransactions(205)) - Transaction txId=1 commit by dnId=85302df8-7a7f-4077-a053-c26dc3d3d65a for containerID=#1 failed. Corresponding entry not found.
2019-06-13 22:54:23,461 DEBUG block.DeletedBlockLogImpl (DeletedBlockLogImpl.java:isTransactionFailed(245)) - Got block deletion ACK from datanode, TXIDs=1, success=true
2019-06-13 22:54:23,461 WARN  block.DeletedBlockLogImpl (DeletedBlockLogImpl.java:commitTransactions(205)) - Transaction txId=1 commit by dnId=85302df8-7a7f-4077-a053-c26dc3d3d65a for containerID=#1 failed. Corresponding entry not found.
2019-06-13 22:54:23,461 DEBUG block.DeletedBlockLogImpl (DeletedBlockLogImpl.java:isTransactionFailed(245)) - Got block deletion ACK from datanode, TXIDs=1, success=true
2019-06-13 22:54:23,461 WARN  block.DeletedBlockLogImpl (DeletedBlockLogImpl.java:commitTransactions(205)) - Transaction txId=1 commit by dnId=85302df8-7a7f-4077-a053-c26dc3d3d65a for containerID=#1 failed. Corresponding entry not found.
2019-06-13 22:54:23,461 DEBUG block.DeletedBlockLogImpl (DeletedBlockLogImpl.java:isTransactionFailed(245)) - Got block deletion ACK from datanode, TXIDs=1, success=true
2019-06-13 22:54:23,461 WARN  block.DeletedBlockLogImpl (DeletedBlockLogImpl.java:commitTransactions(205)) - Transaction txId=1 commit by dnId=85302df8-7a7f-4077-a053-c26dc3d3d65a for containerID=#1 failed. Corresponding entry not found.
2019-06-13 22:54:23,461 DEBUG block.DeletedBlockLogImpl (DeletedBlockLogImpl.java:isTransactionFailed(245)) - Got block deletion ACK from datanode, TXIDs=1, success=true
2019-06-13 22:54:23,461 WARN  block.DeletedBlockLogImpl (DeletedBlockLogImpl.java:commitTransactions(205)) - Transaction txId=1 commit by dnId=85302df8-7a7f-4077-a053-c26dc3d3d65a for containerID=#1 failed. Corresponding entry not found.
2019-06-13 22:54:23,461 DEBUG block.DeletedBlockLogImpl (DeletedBlockLogImpl.java:isTransactionFailed(245)) - Got block deletion ACK from datanode, TXIDs=1, success=true
2019-06-13 22:54:23,461 WARN  block.DeletedBlockLogImpl (DeletedBlockLogImpl.java:commitTransactions(205)) - Transaction txId=1 commit by dnId=85302df8-7a7f-4077-a053-c26dc3d3d65a for containerID=#1 failed. Corresponding entry not found.
2019-06-13 22:54:23,461 DEBUG block.DeletedBlockLogImpl (DeletedBlockLogImpl.java:isTransactionFailed(245)) - Got block deletion ACK from datanode, TXIDs=1, success=true
2019-06-13 22:54:23,461 WARN  block.DeletedBlockLogImpl (DeletedBlockLogImpl.java:commitTransactions(205)) - Transaction txId=1 commit by dnId=85302df8-7a7f-4077-a053-c26dc3d3d65a for containerID=#1 failed. Corresponding entry not found.
2019-06-13 22:54:23,461 DEBUG block.DeletedBlockLogImpl (DeletedBlockLogImpl.java:isTransactionFailed(245)) - Got block deletion ACK from datanode, TXIDs=1, success=true
2019-06-13 22:54:23,461 WARN  block.DeletedBlockLogImpl (DeletedBlockLogImpl.java:commitTransactions(205)) - Transaction txId=1 commit by dnId=85302df8-7a7f-4077-a053-c26dc3d3d65a for containerID=#1 failed. Corresponding entry not found.
2019-06-13 22:54:23,461 DEBUG block.DeletedBlockLogImpl (DeletedBlockLogImpl.java:isTransactionFailed(245)) - Got block deletion ACK from datanode, TXIDs=1, success=true
2019-06-13 22:54:23,462 WARN  block.DeletedBlockLogImpl (DeletedBlockLogImpl.java:commitTransactions(205)) - Transaction txId=1 commit by dnId=85302df8-7a7f-4077-a053-c26dc3d3d65a for containerID=#1 failed. Corresponding entry not found.
2019-06-13 22:54:23,462 DEBUG block.DeletedBlockLogImpl (DeletedBlockLogImpl.java:isTransactionFailed(245)) - Got block deletion ACK from datanode, TXIDs=1, success=true
2019-06-13 22:54:23,462 WARN  block.DeletedBlockLogImpl (DeletedBlockLogImpl.java:commitTransactions(205)) - Transaction txId=1 commit by dnId=85302df8-7a7f-4077-a053-c26dc3d3d65a for containerID=#1 failed. Corresponding entry not found.
2019-06-13 22:54:23,462 DEBUG block.DeletedBlockLogImpl (DeletedBlockLogImpl.java:isTransactionFailed(245)) - Got block deletion ACK from datanode, TXIDs=1, success=true
2019-06-13 22:54:23,462 WARN  block.DeletedBlockLogImpl (DeletedBlockLogImpl.java:commitTransactions(205)) - Transaction txId=1 commit by dnId=85302df8-7a7f-4077-a053-c26dc3d3d65a for containerID=#1 failed. Corresponding entry not found.
2019-06-13 22:54:23,488 DEBUG block.SCMBlockDeletingService (SCMBlockDeletingService.java:call(138)) - Running DeletedBlockTransactionScanner
2019-06-13 22:54:23,488 DEBUG block.SCMBlockDeletingService (SCMBlockDeletingService.java:call(155)) - Scanned deleted blocks log and got 0 delTX to process.
2019-06-13 22:54:23,588 DEBUG block.SCMBlockDeletingService (SCMBlockDeletingService.java:call(138)) - Running DeletedBlockTransactionScanner
2019-06-13 22:54:23,588 DEBUG block.SCMBlockDeletingService (SCMBlockDeletingService.java:call(155)) - Scanned deleted blocks log and got 0 delTX to process.
2019-06-13 22:54:23,688 DEBUG block.SCMBlockDeletingService (SCMBlockDeletingService.java:call(138)) - Running DeletedBlockTransactionScanner
2019-06-13 22:54:23,689 DEBUG block.SCMBlockDeletingService (SCMBlockDeletingService.java:call(155)) - Scanned deleted blocks log and got 0 delTX to process.
2019-06-13 22:54:23,789 DEBUG block.SCMBlockDeletingService (SCMBlockDeletingService.java:call(138)) - Running DeletedBlockTransactionScanner
2019-06-13 22:54:23,789 DEBUG block.SCMBlockDeletingService (SCMBlockDeletingService.java:call(155)) - Scanned deleted blocks log and got 0 delTX to process.
2019-06-13 22:54:23,889 DEBUG block.SCMBlockDeletingService (SCMBlockDeletingService.java:call(138)) - Running DeletedBlockTransactionScanner
2019-06-13 22:54:23,889 DEBUG block.SCMBlockDeletingService (SCMBlockDeletingService.java:call(155)) - Scanned deleted blocks log and got 0 delTX to process.
]]></system-out>
    <system-err><![CDATA[ERROR StatusLogger No Log4j 2 configuration file found. Using default configuration (logging only errors to the console), or user programmatically provided configurations. Set system property 'log4j2.debug' to show Log4j 2 internal initialization logging. See https://logging.apache.org/log4j/2.x/manual/configuration.html for instructions on how to configure Log4j 2
Jun 13, 2019 10:53:26 PM com.sun.jersey.server.impl.application.WebApplicationImpl _initiate
INFO: Initiating Jersey application, version 'Jersey: 1.19 02/11/2015 03:25 AM'
Jun 13, 2019 10:54:15 PM com.sun.jersey.server.impl.application.WebApplicationImpl _initiate
INFO: Initiating Jersey application, version 'Jersey: 1.19 02/11/2015 03:25 AM'
]]></system-err>
  </testcase>
</testsuite>