<?xml version="1.0" encoding="UTF-8"?>
<testsuite xmlns:xsi="http://www.w3.org/2001/XMLSchema-instance" xsi:noNamespaceSchemaLocation="https://maven.apache.org/surefire/maven-surefire-plugin/xsd/surefire-test-report.xsd" name="org.apache.hadoop.hdds.scm.pipeline.TestNodeFailure" time="12.578" tests="1" errors="0" skipped="1" failures="0">
  <properties>
    <property name="awt.toolkit" value="sun.awt.X11.XToolkit"/>
    <property name="file.encoding.pkg" value="sun.io"/>
    <property name="java.specification.version" value="1.8"/>
    <property name="sun.cpu.isalist" value=""/>
    <property name="sun.jnu.encoding" value="UTF-8"/>
    <property name="java.class.path" value="/opt/src/hadoop-ozone/integration-test/target/test-classes:/opt/src/hadoop-ozone/integration-test/target/classes:/root/.m2/repository/org/apache/hadoop/hadoop-ozone-common/0.5.0-SNAPSHOT/hadoop-ozone-common-0.5.0-SNAPSHOT.jar:/root/.m2/repository/org/apache/commons/commons-compress/1.4.1/commons-compress-1.4.1.jar:/root/.m2/repository/org/tukaani/xz/1.0/xz-1.0.jar:/root/.m2/repository/org/apache/hadoop/hadoop-common/3.2.0/hadoop-common-3.2.0.jar:/root/.m2/repository/org/apache/hadoop/hadoop-hdfs/3.2.0/hadoop-hdfs-3.2.0.jar:/root/.m2/repository/org/apache/hadoop/hadoop-hdfs-client/3.2.0/hadoop-hdfs-client-3.2.0.jar:/root/.m2/repository/com/fasterxml/jackson/core/jackson-annotations/2.9.5/jackson-annotations-2.9.5.jar:/root/.m2/repository/org/apache/hadoop/hadoop-hdds-common/0.5.0-SNAPSHOT/hadoop-hdds-common-0.5.0-SNAPSHOT.jar:/root/.m2/repository/javax/annotation/javax.annotation-api/1.2/javax.annotation-api-1.2.jar:/root/.m2/repository/org/apache/ratis/ratis-server/0.4.0-fe2b15d-SNAPSHOT/ratis-server-0.4.0-fe2b15d-SNAPSHOT.jar:/root/.m2/repository/org/apache/ratis/ratis-thirdparty-misc/0.2.0/ratis-thirdparty-misc-0.2.0.jar:/root/.m2/repository/org/apache/ratis/ratis-proto/0.4.0-fe2b15d-SNAPSHOT/ratis-proto-0.4.0-fe2b15d-SNAPSHOT.jar:/root/.m2/repository/org/apache/ratis/ratis-common/0.4.0-fe2b15d-SNAPSHOT/ratis-common-0.4.0-fe2b15d-SNAPSHOT.jar:/root/.m2/repository/org/apache/ratis/ratis-client/0.4.0-fe2b15d-SNAPSHOT/ratis-client-0.4.0-fe2b15d-SNAPSHOT.jar:/root/.m2/repository/org/apache/ratis/ratis-netty/0.4.0-fe2b15d-SNAPSHOT/ratis-netty-0.4.0-fe2b15d-SNAPSHOT.jar:/root/.m2/repository/org/apache/ratis/ratis-grpc/0.4.0-fe2b15d-SNAPSHOT/ratis-grpc-0.4.0-fe2b15d-SNAPSHOT.jar:/root/.m2/repository/org/rocksdb/rocksdbjni/5.14.2/rocksdbjni-5.14.2.jar:/root/.m2/repository/org/apache/logging/log4j/log4j-api/2.11.0/log4j-api-2.11.0.jar:/root/.m2/repository/org/apache/logging/log4j/log4j-core/2.11.0/log4j-core-2.11.0.jar:/root/.m2/repository/com/lmax/disruptor/3.4.2/disruptor-3.4.2.jar:/root/.m2/repository/org/apache/commons/commons-pool2/2.6.0/commons-pool2-2.6.0.jar:/root/.m2/repository/org/bouncycastle/bcpkix-jdk15on/1.60/bcpkix-jdk15on-1.60.jar:/root/.m2/repository/commons-validator/commons-validator/1.6/commons-validator-1.6.jar:/root/.m2/repository/commons-digester/commons-digester/1.8.1/commons-digester-1.8.1.jar:/root/.m2/repository/io/jaegertracing/jaeger-client/0.33.1/jaeger-client-0.33.1.jar:/root/.m2/repository/io/jaegertracing/jaeger-thrift/0.33.1/jaeger-thrift-0.33.1.jar:/root/.m2/repository/org/apache/thrift/libthrift/0.11.0/libthrift-0.11.0.jar:/root/.m2/repository/com/squareup/okhttp3/okhttp/3.9.0/okhttp-3.9.0.jar:/root/.m2/repository/com/squareup/okio/okio/1.13.0/okio-1.13.0.jar:/root/.m2/repository/io/jaegertracing/jaeger-core/0.33.1/jaeger-core-0.33.1.jar:/root/.m2/repository/io/jaegertracing/jaeger-tracerresolver/0.33.1/jaeger-tracerresolver-0.33.1.jar:/root/.m2/repository/io/opentracing/contrib/opentracing-tracerresolver/0.1.5/opentracing-tracerresolver-0.1.5.jar:/root/.m2/repository/io/opentracing/opentracing-util/0.31.0/opentracing-util-0.31.0.jar:/root/.m2/repository/io/opentracing/opentracing-api/0.31.0/opentracing-api-0.31.0.jar:/root/.m2/repository/io/opentracing/opentracing-noop/0.31.0/opentracing-noop-0.31.0.jar:/root/.m2/repository/org/apache/hadoop/hadoop-hdds-server-framework/0.5.0-SNAPSHOT/hadoop-hdds-server-framework-0.5.0-SNAPSHOT.jar:/root/.m2/repository/org/apache/hadoop/hadoop-hdds-server-scm/0.5.0-SNAPSHOT/hadoop-hdds-server-scm-0.5.0-SNAPSHOT.jar:/root/.m2/repository/org/apache/hadoop/hadoop-hdds-container-service/0.5.0-SNAPSHOT/hadoop-hdds-container-service-0.5.0-SNAPSHOT.jar:/root/.m2/repository/org/apache/hadoop/hadoop-hdds-client/0.5.0-SNAPSHOT/hadoop-hdds-client-0.5.0-SNAPSHOT.jar:/root/.m2/repository/org/apache/hadoop/hadoop-hdds-tools/0.5.0-SNAPSHOT/hadoop-hdds-tools-0.5.0-SNAPSHOT.jar:/root/.m2/repository/org/apache/hadoop/hadoop-ozone-ozone-manager/0.5.0-SNAPSHOT/hadoop-ozone-ozone-manager-0.5.0-SNAPSHOT.jar:/root/.m2/repository/org/apache/hadoop/hadoop-hdds-docs/0.5.0-SNAPSHOT/hadoop-hdds-docs-0.5.0-SNAPSHOT.jar:/root/.m2/repository/org/bouncycastle/bcprov-jdk15on/1.60/bcprov-jdk15on-1.60.jar:/root/.m2/repository/org/apache/hadoop/hadoop-minikdc/3.2.0/hadoop-minikdc-3.2.0.jar:/root/.m2/repository/commons-io/commons-io/2.5/commons-io-2.5.jar:/root/.m2/repository/org/apache/kerby/kerb-simplekdc/1.0.1/kerb-simplekdc-1.0.1.jar:/root/.m2/repository/org/apache/kerby/kerb-client/1.0.1/kerb-client-1.0.1.jar:/root/.m2/repository/org/apache/kerby/kerby-config/1.0.1/kerby-config-1.0.1.jar:/root/.m2/repository/org/apache/kerby/kerb-core/1.0.1/kerb-core-1.0.1.jar:/root/.m2/repository/org/apache/kerby/kerby-pkix/1.0.1/kerby-pkix-1.0.1.jar:/root/.m2/repository/org/apache/kerby/kerby-asn1/1.0.1/kerby-asn1-1.0.1.jar:/root/.m2/repository/org/apache/kerby/kerby-util/1.0.1/kerby-util-1.0.1.jar:/root/.m2/repository/org/apache/kerby/kerb-common/1.0.1/kerb-common-1.0.1.jar:/root/.m2/repository/org/apache/kerby/kerb-crypto/1.0.1/kerb-crypto-1.0.1.jar:/root/.m2/repository/org/apache/kerby/kerb-util/1.0.1/kerb-util-1.0.1.jar:/root/.m2/repository/org/apache/kerby/token-provider/1.0.1/token-provider-1.0.1.jar:/root/.m2/repository/org/apache/kerby/kerb-admin/1.0.1/kerb-admin-1.0.1.jar:/root/.m2/repository/org/apache/kerby/kerb-server/1.0.1/kerb-server-1.0.1.jar:/root/.m2/repository/org/apache/kerby/kerb-identity/1.0.1/kerb-identity-1.0.1.jar:/root/.m2/repository/org/apache/kerby/kerby-xdr/1.0.1/kerby-xdr-1.0.1.jar:/root/.m2/repository/org/slf4j/slf4j-log4j12/1.7.25/slf4j-log4j12-1.7.25.jar:/root/.m2/repository/org/apache/hadoop/hadoop-ozone-objectstore-service/0.5.0-SNAPSHOT/hadoop-ozone-objectstore-service-0.5.0-SNAPSHOT.jar:/root/.m2/repository/org/apache/hadoop/hadoop-ozone-s3gateway/0.5.0-SNAPSHOT/hadoop-ozone-s3gateway-0.5.0-SNAPSHOT.jar:/root/.m2/repository/org/jboss/weld/servlet/weld-servlet/2.4.7.Final/weld-servlet-2.4.7.Final.jar:/root/.m2/repository/org/glassfish/jersey/containers/jersey-container-servlet-core/2.27/jersey-container-servlet-core-2.27.jar:/root/.m2/repository/org/glassfish/hk2/external/javax.inject/2.5.0-b42/javax.inject-2.5.0-b42.jar:/root/.m2/repository/org/glassfish/jersey/core/jersey-common/2.27/jersey-common-2.27.jar:/root/.m2/repository/org/glassfish/hk2/osgi-resource-locator/1.0.1/osgi-resource-locator-1.0.1.jar:/root/.m2/repository/javax/ws/rs/javax.ws.rs-api/2.1/javax.ws.rs-api-2.1.jar:/root/.m2/repository/org/glassfish/jersey/ext/cdi/jersey-cdi1x/2.27/jersey-cdi1x-2.27.jar:/root/.m2/repository/org/glassfish/jersey/inject/jersey-hk2/2.27/jersey-hk2-2.27.jar:/root/.m2/repository/org/glassfish/hk2/hk2-locator/2.5.0-b42/hk2-locator-2.5.0-b42.jar:/root/.m2/repository/org/javassist/javassist/3.22.0-CR2/javassist-3.22.0-CR2.jar:/root/.m2/repository/org/glassfish/hk2/hk2-api/2.5.0/hk2-api-2.5.0.jar:/root/.m2/repository/org/glassfish/hk2/external/jakarta.inject/2.5.0/jakarta.inject-2.5.0.jar:/root/.m2/repository/org/glassfish/hk2/hk2-utils/2.5.0/hk2-utils-2.5.0.jar:/root/.m2/repository/jakarta/annotation/jakarta.annotation-api/1.3.4/jakarta.annotation-api-1.3.4.jar:/root/.m2/repository/org/glassfish/hk2/external/aopalliance-repackaged/2.5.0/aopalliance-repackaged-2.5.0.jar:/root/.m2/repository/com/fasterxml/jackson/dataformat/jackson-dataformat-xml/2.9.0/jackson-dataformat-xml-2.9.0.jar:/root/.m2/repository/com/fasterxml/jackson/core/jackson-core/2.9.5/jackson-core-2.9.5.jar:/root/.m2/repository/com/fasterxml/jackson/module/jackson-module-jaxb-annotations/2.9.5/jackson-module-jaxb-annotations-2.9.5.jar:/root/.m2/repository/javax/enterprise/cdi-api/1.2/cdi-api-1.2.jar:/root/.m2/repository/javax/el/javax.el-api/3.0.0/javax.el-api-3.0.0.jar:/root/.m2/repository/javax/interceptor/javax.interceptor-api/1.2/javax.interceptor-api-1.2.jar:/root/.m2/repository/javax/inject/javax.inject/1/javax.inject-1.jar:/root/.m2/repository/com/sun/xml/bind/jaxb-impl/2.3.0.1/jaxb-impl-2.3.0.1.jar:/root/.m2/repository/com/sun/xml/bind/jaxb-core/2.3.0.1/jaxb-core-2.3.0.1.jar:/root/.m2/repository/javax/xml/bind/jaxb-api/2.3.0/jaxb-api-2.3.0.jar:/root/.m2/repository/javax/activation/activation/1.1.1/activation-1.1.1.jar:/root/.m2/repository/org/apache/hadoop/hadoop-ozone-csi/0.5.0-SNAPSHOT/hadoop-ozone-csi-0.5.0-SNAPSHOT.jar:/root/.m2/repository/com/google/protobuf/protobuf-java-util/3.5.1/protobuf-java-util-3.5.1.jar:/root/.m2/repository/org/apache/hadoop/hadoop-hdds-config/0.5.0-SNAPSHOT/hadoop-hdds-config-0.5.0-SNAPSHOT.jar:/root/.m2/repository/com/google/guava/guava/11.0.2/guava-11.0.2.jar:/root/.m2/repository/com/google/protobuf/protobuf-java/2.5.0/protobuf-java-2.5.0.jar:/root/.m2/repository/io/grpc/grpc-netty/1.17.1/grpc-netty-1.17.1.jar:/root/.m2/repository/io/grpc/grpc-core/1.17.1/grpc-core-1.17.1.jar:/root/.m2/repository/io/grpc/grpc-context/1.17.1/grpc-context-1.17.1.jar:/root/.m2/repository/com/google/errorprone/error_prone_annotations/2.2.0/error_prone_annotations-2.2.0.jar:/root/.m2/repository/org/codehaus/mojo/animal-sniffer-annotations/1.17/animal-sniffer-annotations-1.17.jar:/root/.m2/repository/io/opencensus/opencensus-api/0.17.0/opencensus-api-0.17.0.jar:/root/.m2/repository/io/opencensus/opencensus-contrib-grpc-metrics/0.17.0/opencensus-contrib-grpc-metrics-0.17.0.jar:/root/.m2/repository/io/netty/netty-codec-http2/4.1.30.Final/netty-codec-http2-4.1.30.Final.jar:/root/.m2/repository/io/netty/netty-codec-http/4.1.30.Final/netty-codec-http-4.1.30.Final.jar:/root/.m2/repository/io/netty/netty-codec/4.1.30.Final/netty-codec-4.1.30.Final.jar:/root/.m2/repository/io/netty/netty-handler/4.1.30.Final/netty-handler-4.1.30.Final.jar:/root/.m2/repository/io/netty/netty-handler-proxy/4.1.30.Final/netty-handler-proxy-4.1.30.Final.jar:/root/.m2/repository/io/netty/netty-codec-socks/4.1.30.Final/netty-codec-socks-4.1.30.Final.jar:/root/.m2/repository/io/netty/netty-transport-native-epoll/4.1.30.Final/netty-transport-native-epoll-4.1.30.Final.jar:/root/.m2/repository/io/netty/netty-common/4.1.30.Final/netty-common-4.1.30.Final.jar:/root/.m2/repository/io/netty/netty-buffer/4.1.30.Final/netty-buffer-4.1.30.Final.jar:/root/.m2/repository/io/netty/netty-transport/4.1.30.Final/netty-transport-4.1.30.Final.jar:/root/.m2/repository/io/netty/netty-resolver/4.1.30.Final/netty-resolver-4.1.30.Final.jar:/root/.m2/repository/io/netty/netty-transport-native-unix-common/4.1.30.Final/netty-transport-native-unix-common-4.1.30.Final.jar:/root/.m2/repository/io/grpc/grpc-protobuf/1.17.1/grpc-protobuf-1.17.1.jar:/root/.m2/repository/com/google/api/grpc/proto-google-common-protos/1.0.0/proto-google-common-protos-1.0.0.jar:/root/.m2/repository/io/grpc/grpc-protobuf-lite/1.17.1/grpc-protobuf-lite-1.17.1.jar:/root/.m2/repository/io/grpc/grpc-stub/1.17.1/grpc-stub-1.17.1.jar:/root/.m2/repository/org/apache/hadoop/hadoop-ozone-recon/0.5.0-SNAPSHOT/hadoop-ozone-recon-0.5.0-SNAPSHOT.jar:/root/.m2/repository/org/apache/hadoop/hadoop-ozone-reconcodegen/0.5.0-SNAPSHOT/hadoop-ozone-reconcodegen-0.5.0-SNAPSHOT.jar:/root/.m2/repository/com/google/inject/extensions/guice-multibindings/4.0/guice-multibindings-4.0.jar:/root/.m2/repository/com/google/inject/guice/4.0/guice-4.0.jar:/root/.m2/repository/aopalliance/aopalliance/1.0/aopalliance-1.0.jar:/root/.m2/repository/com/google/inject/extensions/guice-servlet/4.0/guice-servlet-4.0.jar:/root/.m2/repository/org/glassfish/jersey/containers/jersey-container-servlet/2.27/jersey-container-servlet-2.27.jar:/root/.m2/repository/org/glassfish/hk2/guice-bridge/2.5.0/guice-bridge-2.5.0.jar:/root/.m2/repository/org/glassfish/jersey/core/jersey-server/2.27/jersey-server-2.27.jar:/root/.m2/repository/org/glassfish/jersey/core/jersey-client/2.27/jersey-client-2.27.jar:/root/.m2/repository/org/glassfish/jersey/media/jersey-media-jaxb/2.27/jersey-media-jaxb-2.27.jar:/root/.m2/repository/javax/validation/validation-api/1.1.0.Final/validation-api-1.1.0.Final.jar:/root/.m2/repository/org/glassfish/jersey/media/jersey-media-json-jackson/2.27/jersey-media-json-jackson-2.27.jar:/root/.m2/repository/org/glassfish/jersey/ext/jersey-entity-filtering/2.27/jersey-entity-filtering-2.27.jar:/root/.m2/repository/com/google/inject/extensions/guice-assistedinject/4.0/guice-assistedinject-4.0.jar:/root/.m2/repository/org/jooq/jooq/3.11.10/jooq-3.11.10.jar:/root/.m2/repository/org/jooq/jooq-meta/3.11.10/jooq-meta-3.11.10.jar:/root/.m2/repository/org/jooq/jooq-codegen/3.11.10/jooq-codegen-3.11.10.jar:/root/.m2/repository/com/jolbox/bonecp/0.8.0.RELEASE/bonecp-0.8.0.RELEASE.jar:/root/.m2/repository/org/xerial/sqlite-jdbc/3.25.2/sqlite-jdbc-3.25.2.jar:/root/.m2/repository/org/springframework/spring-jdbc/5.1.3.RELEASE/spring-jdbc-5.1.3.RELEASE.jar:/root/.m2/repository/org/springframework/spring-beans/5.1.3.RELEASE/spring-beans-5.1.3.RELEASE.jar:/root/.m2/repository/org/springframework/spring-core/5.1.3.RELEASE/spring-core-5.1.3.RELEASE.jar:/root/.m2/repository/org/springframework/spring-jcl/5.1.3.RELEASE/spring-jcl-5.1.3.RELEASE.jar:/root/.m2/repository/org/springframework/spring-tx/5.1.3.RELEASE/spring-tx-5.1.3.RELEASE.jar:/root/.m2/repository/org/apache/hadoop/hadoop-ozone-client/0.5.0-SNAPSHOT/hadoop-ozone-client-0.5.0-SNAPSHOT.jar:/root/.m2/repository/org/apache/hadoop/hadoop-ozone-ozone-manager/0.5.0-SNAPSHOT/hadoop-ozone-ozone-manager-0.5.0-SNAPSHOT-tests.jar:/root/.m2/repository/junit/junit/4.11/junit-4.11.jar:/root/.m2/repository/org/hamcrest/hamcrest-core/1.3/hamcrest-core-1.3.jar:/root/.m2/repository/org/openjdk/jmh/jmh-core/1.19/jmh-core-1.19.jar:/root/.m2/repository/net/sf/jopt-simple/jopt-simple/4.6/jopt-simple-4.6.jar:/root/.m2/repository/org/apache/commons/commons-math3/3.1.1/commons-math3-3.1.1.jar:/root/.m2/repository/org/openjdk/jmh/jmh-generator-annprocess/1.19/jmh-generator-annprocess-1.19.jar:/root/.m2/repository/org/mockito/mockito-all/1.8.5/mockito-all-1.8.5.jar:/root/.m2/repository/org/apache/hadoop/hadoop-kms/3.2.0/hadoop-kms-3.2.0.jar:/root/.m2/repository/org/apache/hadoop/hadoop-auth/3.2.0/hadoop-auth-3.2.0.jar:/root/.m2/repository/com/nimbusds/nimbus-jose-jwt/4.41.1/nimbus-jose-jwt-4.41.1.jar:/root/.m2/repository/com/github/stephenc/jcip/jcip-annotations/1.0-1/jcip-annotations-1.0-1.jar:/root/.m2/repository/net/minidev/json-smart/2.3/json-smart-2.3.jar:/root/.m2/repository/net/minidev/accessors-smart/1.2/accessors-smart-1.2.jar:/root/.m2/repository/org/ow2/asm/asm/5.0.4/asm-5.0.4.jar:/root/.m2/repository/org/apache/curator/curator-framework/2.12.0/curator-framework-2.12.0.jar:/root/.m2/repository/com/sun/jersey/jersey-core/1.19/jersey-core-1.19.jar:/root/.m2/repository/javax/ws/rs/jsr311-api/1.1.1/jsr311-api-1.1.1.jar:/root/.m2/repository/com/sun/jersey/jersey-server/1.19/jersey-server-1.19.jar:/root/.m2/repository/javax/servlet/javax.servlet-api/3.1.0/javax.servlet-api-3.1.0.jar:/root/.m2/repository/org/eclipse/jetty/jetty-server/9.3.24.v20180605/jetty-server-9.3.24.v20180605.jar:/root/.m2/repository/org/eclipse/jetty/jetty-http/9.3.24.v20180605/jetty-http-9.3.24.v20180605.jar:/root/.m2/repository/org/eclipse/jetty/jetty-io/9.3.24.v20180605/jetty-io-9.3.24.v20180605.jar:/root/.m2/repository/org/eclipse/jetty/jetty-webapp/9.3.24.v20180605/jetty-webapp-9.3.24.v20180605.jar:/root/.m2/repository/org/eclipse/jetty/jetty-xml/9.3.24.v20180605/jetty-xml-9.3.24.v20180605.jar:/root/.m2/repository/log4j/log4j/1.2.17/log4j-1.2.17.jar:/root/.m2/repository/org/slf4j/slf4j-api/1.7.25/slf4j-api-1.7.25.jar:/root/.m2/repository/org/slf4j/jul-to-slf4j/1.7.25/jul-to-slf4j-1.7.25.jar:/root/.m2/repository/org/eclipse/jetty/jetty-util/9.3.24.v20180605/jetty-util-9.3.24.v20180605.jar:/root/.m2/repository/io/dropwizard/metrics/metrics-core/3.2.4/metrics-core-3.2.4.jar:/root/.m2/repository/com/fasterxml/jackson/core/jackson-databind/2.9.5/jackson-databind-2.9.5.jar:/root/.m2/repository/org/apache/hadoop/hadoop-kms/3.2.0/hadoop-kms-3.2.0-tests.jar:/root/.m2/repository/org/apache/hadoop/hadoop-hdds-server-scm/0.5.0-SNAPSHOT/hadoop-hdds-server-scm-0.5.0-SNAPSHOT-tests.jar:/root/.m2/repository/org/hamcrest/hamcrest-all/1.3/hamcrest-all-1.3.jar:/root/.m2/repository/info/picocli/picocli/3.9.6/picocli-3.9.6.jar:/root/.m2/repository/org/apache/hadoop/hadoop-hdds-container-service/0.5.0-SNAPSHOT/hadoop-hdds-container-service-0.5.0-SNAPSHOT-tests.jar:/root/.m2/repository/org/yaml/snakeyaml/1.16/snakeyaml-1.16.jar:/root/.m2/repository/org/apache/hadoop/hadoop-common/3.2.0/hadoop-common-3.2.0-tests.jar:/root/.m2/repository/org/apache/hadoop/hadoop-annotations/3.2.0/hadoop-annotations-3.2.0.jar:/usr/lib/jvm/java-1.8-openjdk/jre/../lib/tools.jar:/root/.m2/repository/commons-cli/commons-cli/1.2/commons-cli-1.2.jar:/root/.m2/repository/org/apache/httpcomponents/httpclient/4.5.2/httpclient-4.5.2.jar:/root/.m2/repository/org/apache/httpcomponents/httpcore/4.4.4/httpcore-4.4.4.jar:/root/.m2/repository/commons-codec/commons-codec/1.11/commons-codec-1.11.jar:/root/.m2/repository/commons-net/commons-net/3.6/commons-net-3.6.jar:/root/.m2/repository/commons-collections/commons-collections/3.2.2/commons-collections-3.2.2.jar:/root/.m2/repository/org/eclipse/jetty/jetty-servlet/9.3.24.v20180605/jetty-servlet-9.3.24.v20180605.jar:/root/.m2/repository/org/eclipse/jetty/jetty-security/9.3.24.v20180605/jetty-security-9.3.24.v20180605.jar:/root/.m2/repository/javax/servlet/jsp/jsp-api/2.1/jsp-api-2.1.jar:/root/.m2/repository/com/sun/jersey/jersey-servlet/1.19/jersey-servlet-1.19.jar:/root/.m2/repository/com/sun/jersey/jersey-json/1.19/jersey-json-1.19.jar:/root/.m2/repository/org/codehaus/jettison/jettison/1.1/jettison-1.1.jar:/root/.m2/repository/org/codehaus/jackson/jackson-core-asl/1.9.13/jackson-core-asl-1.9.13.jar:/root/.m2/repository/org/codehaus/jackson/jackson-mapper-asl/1.9.13/jackson-mapper-asl-1.9.13.jar:/root/.m2/repository/org/codehaus/jackson/jackson-jaxrs/1.9.13/jackson-jaxrs-1.9.13.jar:/root/.m2/repository/org/codehaus/jackson/jackson-xc/1.9.13/jackson-xc-1.9.13.jar:/root/.m2/repository/commons-logging/commons-logging/1.1.3/commons-logging-1.1.3.jar:/root/.m2/repository/commons-beanutils/commons-beanutils/1.9.3/commons-beanutils-1.9.3.jar:/root/.m2/repository/org/apache/commons/commons-configuration2/2.1.1/commons-configuration2-2.1.1.jar:/root/.m2/repository/org/apache/commons/commons-lang3/3.7/commons-lang3-3.7.jar:/root/.m2/repository/org/apache/commons/commons-text/1.4/commons-text-1.4.jar:/root/.m2/repository/org/apache/avro/avro/1.7.7/avro-1.7.7.jar:/root/.m2/repository/com/thoughtworks/paranamer/paranamer/2.3/paranamer-2.3.jar:/root/.m2/repository/org/xerial/snappy/snappy-java/1.0.5/snappy-java-1.0.5.jar:/root/.m2/repository/com/google/re2j/re2j/1.1/re2j-1.1.jar:/root/.m2/repository/com/google/code/gson/gson/2.2.4/gson-2.2.4.jar:/root/.m2/repository/com/jcraft/jsch/0.1.54/jsch-0.1.54.jar:/root/.m2/repository/org/apache/curator/curator-client/2.12.0/curator-client-2.12.0.jar:/root/.m2/repository/org/apache/curator/curator-recipes/2.12.0/curator-recipes-2.12.0.jar:/root/.m2/repository/com/google/code/findbugs/jsr305/3.0.0/jsr305-3.0.0.jar:/root/.m2/repository/org/apache/htrace/htrace-core4/4.1.0-incubating/htrace-core4-4.1.0-incubating.jar:/root/.m2/repository/org/apache/zookeeper/zookeeper/3.4.13/zookeeper-3.4.13.jar:/root/.m2/repository/org/apache/yetus/audience-annotations/0.5.0/audience-annotations-0.5.0.jar:/root/.m2/repository/org/codehaus/woodstox/stax2-api/3.1.4/stax2-api-3.1.4.jar:/root/.m2/repository/com/fasterxml/woodstox/woodstox-core/5.0.3/woodstox-core-5.0.3.jar:/root/.m2/repository/dnsjava/dnsjava/2.1.7/dnsjava-2.1.7.jar:/root/.m2/repository/org/apache/hadoop/hadoop-hdfs/3.2.0/hadoop-hdfs-3.2.0-tests.jar:/root/.m2/repository/org/eclipse/jetty/jetty-util-ajax/9.3.24.v20180605/jetty-util-ajax-9.3.24.v20180605.jar:/root/.m2/repository/commons-daemon/commons-daemon/1.0.13/commons-daemon-1.0.13.jar:/root/.m2/repository/io/netty/netty/3.10.5.Final/netty-3.10.5.Final.jar:/root/.m2/repository/io/netty/netty-all/4.0.52.Final/netty-all-4.0.52.Final.jar:/root/.m2/repository/org/fusesource/leveldbjni/leveldbjni-all/1.8/leveldbjni-all-1.8.jar:"/>
    <property name="java.vm.vendor" value="IcedTea"/>
    <property name="sun.arch.data.model" value="64"/>
    <property name="test.build.dir" value="/opt/src/hadoop-ozone/integration-test/target/test-dir"/>
    <property name="test.cache.data" value=""/>
    <property name="java.vendor.url" value="https://icedtea.classpath.org"/>
    <property name="user.timezone" value=""/>
    <property name="java.vm.specification.version" value="1.8"/>
    <property name="os.name" value="Linux"/>
    <property name="test.build.data" value="/opt/src/hadoop-ozone/integration-test/target/test-dir"/>
    <property name="user.country" value="US"/>
    <property name="sun.java.launcher" value="SUN_STANDARD"/>
    <property name="sun.boot.library.path" value="/usr/lib/jvm/java-1.8-openjdk/jre/lib/amd64"/>
    <property name="sun.java.command" value="/opt/src/hadoop-ozone/integration-test/target/surefire/surefirebooter6504341080280697196.jar /opt/src/hadoop-ozone/integration-test/target/surefire 2019-06-13T22-32-11_874-jvmRun1 surefire6912213702438738380tmp surefire_87587036394691149683tmp"/>
    <property name="surefire.test.class.path" value="/opt/src/hadoop-ozone/integration-test/target/test-classes:/opt/src/hadoop-ozone/integration-test/target/classes:/root/.m2/repository/org/apache/hadoop/hadoop-ozone-common/0.5.0-SNAPSHOT/hadoop-ozone-common-0.5.0-SNAPSHOT.jar:/root/.m2/repository/org/apache/commons/commons-compress/1.4.1/commons-compress-1.4.1.jar:/root/.m2/repository/org/tukaani/xz/1.0/xz-1.0.jar:/root/.m2/repository/org/apache/hadoop/hadoop-common/3.2.0/hadoop-common-3.2.0.jar:/root/.m2/repository/org/apache/hadoop/hadoop-hdfs/3.2.0/hadoop-hdfs-3.2.0.jar:/root/.m2/repository/org/apache/hadoop/hadoop-hdfs-client/3.2.0/hadoop-hdfs-client-3.2.0.jar:/root/.m2/repository/com/fasterxml/jackson/core/jackson-annotations/2.9.5/jackson-annotations-2.9.5.jar:/root/.m2/repository/org/apache/hadoop/hadoop-hdds-common/0.5.0-SNAPSHOT/hadoop-hdds-common-0.5.0-SNAPSHOT.jar:/root/.m2/repository/javax/annotation/javax.annotation-api/1.2/javax.annotation-api-1.2.jar:/root/.m2/repository/org/apache/ratis/ratis-server/0.4.0-fe2b15d-SNAPSHOT/ratis-server-0.4.0-fe2b15d-SNAPSHOT.jar:/root/.m2/repository/org/apache/ratis/ratis-thirdparty-misc/0.2.0/ratis-thirdparty-misc-0.2.0.jar:/root/.m2/repository/org/apache/ratis/ratis-proto/0.4.0-fe2b15d-SNAPSHOT/ratis-proto-0.4.0-fe2b15d-SNAPSHOT.jar:/root/.m2/repository/org/apache/ratis/ratis-common/0.4.0-fe2b15d-SNAPSHOT/ratis-common-0.4.0-fe2b15d-SNAPSHOT.jar:/root/.m2/repository/org/apache/ratis/ratis-client/0.4.0-fe2b15d-SNAPSHOT/ratis-client-0.4.0-fe2b15d-SNAPSHOT.jar:/root/.m2/repository/org/apache/ratis/ratis-netty/0.4.0-fe2b15d-SNAPSHOT/ratis-netty-0.4.0-fe2b15d-SNAPSHOT.jar:/root/.m2/repository/org/apache/ratis/ratis-grpc/0.4.0-fe2b15d-SNAPSHOT/ratis-grpc-0.4.0-fe2b15d-SNAPSHOT.jar:/root/.m2/repository/org/rocksdb/rocksdbjni/5.14.2/rocksdbjni-5.14.2.jar:/root/.m2/repository/org/apache/logging/log4j/log4j-api/2.11.0/log4j-api-2.11.0.jar:/root/.m2/repository/org/apache/logging/log4j/log4j-core/2.11.0/log4j-core-2.11.0.jar:/root/.m2/repository/com/lmax/disruptor/3.4.2/disruptor-3.4.2.jar:/root/.m2/repository/org/apache/commons/commons-pool2/2.6.0/commons-pool2-2.6.0.jar:/root/.m2/repository/org/bouncycastle/bcpkix-jdk15on/1.60/bcpkix-jdk15on-1.60.jar:/root/.m2/repository/commons-validator/commons-validator/1.6/commons-validator-1.6.jar:/root/.m2/repository/commons-digester/commons-digester/1.8.1/commons-digester-1.8.1.jar:/root/.m2/repository/io/jaegertracing/jaeger-client/0.33.1/jaeger-client-0.33.1.jar:/root/.m2/repository/io/jaegertracing/jaeger-thrift/0.33.1/jaeger-thrift-0.33.1.jar:/root/.m2/repository/org/apache/thrift/libthrift/0.11.0/libthrift-0.11.0.jar:/root/.m2/repository/com/squareup/okhttp3/okhttp/3.9.0/okhttp-3.9.0.jar:/root/.m2/repository/com/squareup/okio/okio/1.13.0/okio-1.13.0.jar:/root/.m2/repository/io/jaegertracing/jaeger-core/0.33.1/jaeger-core-0.33.1.jar:/root/.m2/repository/io/jaegertracing/jaeger-tracerresolver/0.33.1/jaeger-tracerresolver-0.33.1.jar:/root/.m2/repository/io/opentracing/contrib/opentracing-tracerresolver/0.1.5/opentracing-tracerresolver-0.1.5.jar:/root/.m2/repository/io/opentracing/opentracing-util/0.31.0/opentracing-util-0.31.0.jar:/root/.m2/repository/io/opentracing/opentracing-api/0.31.0/opentracing-api-0.31.0.jar:/root/.m2/repository/io/opentracing/opentracing-noop/0.31.0/opentracing-noop-0.31.0.jar:/root/.m2/repository/org/apache/hadoop/hadoop-hdds-server-framework/0.5.0-SNAPSHOT/hadoop-hdds-server-framework-0.5.0-SNAPSHOT.jar:/root/.m2/repository/org/apache/hadoop/hadoop-hdds-server-scm/0.5.0-SNAPSHOT/hadoop-hdds-server-scm-0.5.0-SNAPSHOT.jar:/root/.m2/repository/org/apache/hadoop/hadoop-hdds-container-service/0.5.0-SNAPSHOT/hadoop-hdds-container-service-0.5.0-SNAPSHOT.jar:/root/.m2/repository/org/apache/hadoop/hadoop-hdds-client/0.5.0-SNAPSHOT/hadoop-hdds-client-0.5.0-SNAPSHOT.jar:/root/.m2/repository/org/apache/hadoop/hadoop-hdds-tools/0.5.0-SNAPSHOT/hadoop-hdds-tools-0.5.0-SNAPSHOT.jar:/root/.m2/repository/org/apache/hadoop/hadoop-ozone-ozone-manager/0.5.0-SNAPSHOT/hadoop-ozone-ozone-manager-0.5.0-SNAPSHOT.jar:/root/.m2/repository/org/apache/hadoop/hadoop-hdds-docs/0.5.0-SNAPSHOT/hadoop-hdds-docs-0.5.0-SNAPSHOT.jar:/root/.m2/repository/org/bouncycastle/bcprov-jdk15on/1.60/bcprov-jdk15on-1.60.jar:/root/.m2/repository/org/apache/hadoop/hadoop-minikdc/3.2.0/hadoop-minikdc-3.2.0.jar:/root/.m2/repository/commons-io/commons-io/2.5/commons-io-2.5.jar:/root/.m2/repository/org/apache/kerby/kerb-simplekdc/1.0.1/kerb-simplekdc-1.0.1.jar:/root/.m2/repository/org/apache/kerby/kerb-client/1.0.1/kerb-client-1.0.1.jar:/root/.m2/repository/org/apache/kerby/kerby-config/1.0.1/kerby-config-1.0.1.jar:/root/.m2/repository/org/apache/kerby/kerb-core/1.0.1/kerb-core-1.0.1.jar:/root/.m2/repository/org/apache/kerby/kerby-pkix/1.0.1/kerby-pkix-1.0.1.jar:/root/.m2/repository/org/apache/kerby/kerby-asn1/1.0.1/kerby-asn1-1.0.1.jar:/root/.m2/repository/org/apache/kerby/kerby-util/1.0.1/kerby-util-1.0.1.jar:/root/.m2/repository/org/apache/kerby/kerb-common/1.0.1/kerb-common-1.0.1.jar:/root/.m2/repository/org/apache/kerby/kerb-crypto/1.0.1/kerb-crypto-1.0.1.jar:/root/.m2/repository/org/apache/kerby/kerb-util/1.0.1/kerb-util-1.0.1.jar:/root/.m2/repository/org/apache/kerby/token-provider/1.0.1/token-provider-1.0.1.jar:/root/.m2/repository/org/apache/kerby/kerb-admin/1.0.1/kerb-admin-1.0.1.jar:/root/.m2/repository/org/apache/kerby/kerb-server/1.0.1/kerb-server-1.0.1.jar:/root/.m2/repository/org/apache/kerby/kerb-identity/1.0.1/kerb-identity-1.0.1.jar:/root/.m2/repository/org/apache/kerby/kerby-xdr/1.0.1/kerby-xdr-1.0.1.jar:/root/.m2/repository/org/slf4j/slf4j-log4j12/1.7.25/slf4j-log4j12-1.7.25.jar:/root/.m2/repository/org/apache/hadoop/hadoop-ozone-objectstore-service/0.5.0-SNAPSHOT/hadoop-ozone-objectstore-service-0.5.0-SNAPSHOT.jar:/root/.m2/repository/org/apache/hadoop/hadoop-ozone-s3gateway/0.5.0-SNAPSHOT/hadoop-ozone-s3gateway-0.5.0-SNAPSHOT.jar:/root/.m2/repository/org/jboss/weld/servlet/weld-servlet/2.4.7.Final/weld-servlet-2.4.7.Final.jar:/root/.m2/repository/org/glassfish/jersey/containers/jersey-container-servlet-core/2.27/jersey-container-servlet-core-2.27.jar:/root/.m2/repository/org/glassfish/hk2/external/javax.inject/2.5.0-b42/javax.inject-2.5.0-b42.jar:/root/.m2/repository/org/glassfish/jersey/core/jersey-common/2.27/jersey-common-2.27.jar:/root/.m2/repository/org/glassfish/hk2/osgi-resource-locator/1.0.1/osgi-resource-locator-1.0.1.jar:/root/.m2/repository/javax/ws/rs/javax.ws.rs-api/2.1/javax.ws.rs-api-2.1.jar:/root/.m2/repository/org/glassfish/jersey/ext/cdi/jersey-cdi1x/2.27/jersey-cdi1x-2.27.jar:/root/.m2/repository/org/glassfish/jersey/inject/jersey-hk2/2.27/jersey-hk2-2.27.jar:/root/.m2/repository/org/glassfish/hk2/hk2-locator/2.5.0-b42/hk2-locator-2.5.0-b42.jar:/root/.m2/repository/org/javassist/javassist/3.22.0-CR2/javassist-3.22.0-CR2.jar:/root/.m2/repository/org/glassfish/hk2/hk2-api/2.5.0/hk2-api-2.5.0.jar:/root/.m2/repository/org/glassfish/hk2/external/jakarta.inject/2.5.0/jakarta.inject-2.5.0.jar:/root/.m2/repository/org/glassfish/hk2/hk2-utils/2.5.0/hk2-utils-2.5.0.jar:/root/.m2/repository/jakarta/annotation/jakarta.annotation-api/1.3.4/jakarta.annotation-api-1.3.4.jar:/root/.m2/repository/org/glassfish/hk2/external/aopalliance-repackaged/2.5.0/aopalliance-repackaged-2.5.0.jar:/root/.m2/repository/com/fasterxml/jackson/dataformat/jackson-dataformat-xml/2.9.0/jackson-dataformat-xml-2.9.0.jar:/root/.m2/repository/com/fasterxml/jackson/core/jackson-core/2.9.5/jackson-core-2.9.5.jar:/root/.m2/repository/com/fasterxml/jackson/module/jackson-module-jaxb-annotations/2.9.5/jackson-module-jaxb-annotations-2.9.5.jar:/root/.m2/repository/javax/enterprise/cdi-api/1.2/cdi-api-1.2.jar:/root/.m2/repository/javax/el/javax.el-api/3.0.0/javax.el-api-3.0.0.jar:/root/.m2/repository/javax/interceptor/javax.interceptor-api/1.2/javax.interceptor-api-1.2.jar:/root/.m2/repository/javax/inject/javax.inject/1/javax.inject-1.jar:/root/.m2/repository/com/sun/xml/bind/jaxb-impl/2.3.0.1/jaxb-impl-2.3.0.1.jar:/root/.m2/repository/com/sun/xml/bind/jaxb-core/2.3.0.1/jaxb-core-2.3.0.1.jar:/root/.m2/repository/javax/xml/bind/jaxb-api/2.3.0/jaxb-api-2.3.0.jar:/root/.m2/repository/javax/activation/activation/1.1.1/activation-1.1.1.jar:/root/.m2/repository/org/apache/hadoop/hadoop-ozone-csi/0.5.0-SNAPSHOT/hadoop-ozone-csi-0.5.0-SNAPSHOT.jar:/root/.m2/repository/com/google/protobuf/protobuf-java-util/3.5.1/protobuf-java-util-3.5.1.jar:/root/.m2/repository/org/apache/hadoop/hadoop-hdds-config/0.5.0-SNAPSHOT/hadoop-hdds-config-0.5.0-SNAPSHOT.jar:/root/.m2/repository/com/google/guava/guava/11.0.2/guava-11.0.2.jar:/root/.m2/repository/com/google/protobuf/protobuf-java/2.5.0/protobuf-java-2.5.0.jar:/root/.m2/repository/io/grpc/grpc-netty/1.17.1/grpc-netty-1.17.1.jar:/root/.m2/repository/io/grpc/grpc-core/1.17.1/grpc-core-1.17.1.jar:/root/.m2/repository/io/grpc/grpc-context/1.17.1/grpc-context-1.17.1.jar:/root/.m2/repository/com/google/errorprone/error_prone_annotations/2.2.0/error_prone_annotations-2.2.0.jar:/root/.m2/repository/org/codehaus/mojo/animal-sniffer-annotations/1.17/animal-sniffer-annotations-1.17.jar:/root/.m2/repository/io/opencensus/opencensus-api/0.17.0/opencensus-api-0.17.0.jar:/root/.m2/repository/io/opencensus/opencensus-contrib-grpc-metrics/0.17.0/opencensus-contrib-grpc-metrics-0.17.0.jar:/root/.m2/repository/io/netty/netty-codec-http2/4.1.30.Final/netty-codec-http2-4.1.30.Final.jar:/root/.m2/repository/io/netty/netty-codec-http/4.1.30.Final/netty-codec-http-4.1.30.Final.jar:/root/.m2/repository/io/netty/netty-codec/4.1.30.Final/netty-codec-4.1.30.Final.jar:/root/.m2/repository/io/netty/netty-handler/4.1.30.Final/netty-handler-4.1.30.Final.jar:/root/.m2/repository/io/netty/netty-handler-proxy/4.1.30.Final/netty-handler-proxy-4.1.30.Final.jar:/root/.m2/repository/io/netty/netty-codec-socks/4.1.30.Final/netty-codec-socks-4.1.30.Final.jar:/root/.m2/repository/io/netty/netty-transport-native-epoll/4.1.30.Final/netty-transport-native-epoll-4.1.30.Final.jar:/root/.m2/repository/io/netty/netty-common/4.1.30.Final/netty-common-4.1.30.Final.jar:/root/.m2/repository/io/netty/netty-buffer/4.1.30.Final/netty-buffer-4.1.30.Final.jar:/root/.m2/repository/io/netty/netty-transport/4.1.30.Final/netty-transport-4.1.30.Final.jar:/root/.m2/repository/io/netty/netty-resolver/4.1.30.Final/netty-resolver-4.1.30.Final.jar:/root/.m2/repository/io/netty/netty-transport-native-unix-common/4.1.30.Final/netty-transport-native-unix-common-4.1.30.Final.jar:/root/.m2/repository/io/grpc/grpc-protobuf/1.17.1/grpc-protobuf-1.17.1.jar:/root/.m2/repository/com/google/api/grpc/proto-google-common-protos/1.0.0/proto-google-common-protos-1.0.0.jar:/root/.m2/repository/io/grpc/grpc-protobuf-lite/1.17.1/grpc-protobuf-lite-1.17.1.jar:/root/.m2/repository/io/grpc/grpc-stub/1.17.1/grpc-stub-1.17.1.jar:/root/.m2/repository/org/apache/hadoop/hadoop-ozone-recon/0.5.0-SNAPSHOT/hadoop-ozone-recon-0.5.0-SNAPSHOT.jar:/root/.m2/repository/org/apache/hadoop/hadoop-ozone-reconcodegen/0.5.0-SNAPSHOT/hadoop-ozone-reconcodegen-0.5.0-SNAPSHOT.jar:/root/.m2/repository/com/google/inject/extensions/guice-multibindings/4.0/guice-multibindings-4.0.jar:/root/.m2/repository/com/google/inject/guice/4.0/guice-4.0.jar:/root/.m2/repository/aopalliance/aopalliance/1.0/aopalliance-1.0.jar:/root/.m2/repository/com/google/inject/extensions/guice-servlet/4.0/guice-servlet-4.0.jar:/root/.m2/repository/org/glassfish/jersey/containers/jersey-container-servlet/2.27/jersey-container-servlet-2.27.jar:/root/.m2/repository/org/glassfish/hk2/guice-bridge/2.5.0/guice-bridge-2.5.0.jar:/root/.m2/repository/org/glassfish/jersey/core/jersey-server/2.27/jersey-server-2.27.jar:/root/.m2/repository/org/glassfish/jersey/core/jersey-client/2.27/jersey-client-2.27.jar:/root/.m2/repository/org/glassfish/jersey/media/jersey-media-jaxb/2.27/jersey-media-jaxb-2.27.jar:/root/.m2/repository/javax/validation/validation-api/1.1.0.Final/validation-api-1.1.0.Final.jar:/root/.m2/repository/org/glassfish/jersey/media/jersey-media-json-jackson/2.27/jersey-media-json-jackson-2.27.jar:/root/.m2/repository/org/glassfish/jersey/ext/jersey-entity-filtering/2.27/jersey-entity-filtering-2.27.jar:/root/.m2/repository/com/google/inject/extensions/guice-assistedinject/4.0/guice-assistedinject-4.0.jar:/root/.m2/repository/org/jooq/jooq/3.11.10/jooq-3.11.10.jar:/root/.m2/repository/org/jooq/jooq-meta/3.11.10/jooq-meta-3.11.10.jar:/root/.m2/repository/org/jooq/jooq-codegen/3.11.10/jooq-codegen-3.11.10.jar:/root/.m2/repository/com/jolbox/bonecp/0.8.0.RELEASE/bonecp-0.8.0.RELEASE.jar:/root/.m2/repository/org/xerial/sqlite-jdbc/3.25.2/sqlite-jdbc-3.25.2.jar:/root/.m2/repository/org/springframework/spring-jdbc/5.1.3.RELEASE/spring-jdbc-5.1.3.RELEASE.jar:/root/.m2/repository/org/springframework/spring-beans/5.1.3.RELEASE/spring-beans-5.1.3.RELEASE.jar:/root/.m2/repository/org/springframework/spring-core/5.1.3.RELEASE/spring-core-5.1.3.RELEASE.jar:/root/.m2/repository/org/springframework/spring-jcl/5.1.3.RELEASE/spring-jcl-5.1.3.RELEASE.jar:/root/.m2/repository/org/springframework/spring-tx/5.1.3.RELEASE/spring-tx-5.1.3.RELEASE.jar:/root/.m2/repository/org/apache/hadoop/hadoop-ozone-client/0.5.0-SNAPSHOT/hadoop-ozone-client-0.5.0-SNAPSHOT.jar:/root/.m2/repository/org/apache/hadoop/hadoop-ozone-ozone-manager/0.5.0-SNAPSHOT/hadoop-ozone-ozone-manager-0.5.0-SNAPSHOT-tests.jar:/root/.m2/repository/junit/junit/4.11/junit-4.11.jar:/root/.m2/repository/org/hamcrest/hamcrest-core/1.3/hamcrest-core-1.3.jar:/root/.m2/repository/org/openjdk/jmh/jmh-core/1.19/jmh-core-1.19.jar:/root/.m2/repository/net/sf/jopt-simple/jopt-simple/4.6/jopt-simple-4.6.jar:/root/.m2/repository/org/apache/commons/commons-math3/3.1.1/commons-math3-3.1.1.jar:/root/.m2/repository/org/openjdk/jmh/jmh-generator-annprocess/1.19/jmh-generator-annprocess-1.19.jar:/root/.m2/repository/org/mockito/mockito-all/1.8.5/mockito-all-1.8.5.jar:/root/.m2/repository/org/apache/hadoop/hadoop-kms/3.2.0/hadoop-kms-3.2.0.jar:/root/.m2/repository/org/apache/hadoop/hadoop-auth/3.2.0/hadoop-auth-3.2.0.jar:/root/.m2/repository/com/nimbusds/nimbus-jose-jwt/4.41.1/nimbus-jose-jwt-4.41.1.jar:/root/.m2/repository/com/github/stephenc/jcip/jcip-annotations/1.0-1/jcip-annotations-1.0-1.jar:/root/.m2/repository/net/minidev/json-smart/2.3/json-smart-2.3.jar:/root/.m2/repository/net/minidev/accessors-smart/1.2/accessors-smart-1.2.jar:/root/.m2/repository/org/ow2/asm/asm/5.0.4/asm-5.0.4.jar:/root/.m2/repository/org/apache/curator/curator-framework/2.12.0/curator-framework-2.12.0.jar:/root/.m2/repository/com/sun/jersey/jersey-core/1.19/jersey-core-1.19.jar:/root/.m2/repository/javax/ws/rs/jsr311-api/1.1.1/jsr311-api-1.1.1.jar:/root/.m2/repository/com/sun/jersey/jersey-server/1.19/jersey-server-1.19.jar:/root/.m2/repository/javax/servlet/javax.servlet-api/3.1.0/javax.servlet-api-3.1.0.jar:/root/.m2/repository/org/eclipse/jetty/jetty-server/9.3.24.v20180605/jetty-server-9.3.24.v20180605.jar:/root/.m2/repository/org/eclipse/jetty/jetty-http/9.3.24.v20180605/jetty-http-9.3.24.v20180605.jar:/root/.m2/repository/org/eclipse/jetty/jetty-io/9.3.24.v20180605/jetty-io-9.3.24.v20180605.jar:/root/.m2/repository/org/eclipse/jetty/jetty-webapp/9.3.24.v20180605/jetty-webapp-9.3.24.v20180605.jar:/root/.m2/repository/org/eclipse/jetty/jetty-xml/9.3.24.v20180605/jetty-xml-9.3.24.v20180605.jar:/root/.m2/repository/log4j/log4j/1.2.17/log4j-1.2.17.jar:/root/.m2/repository/org/slf4j/slf4j-api/1.7.25/slf4j-api-1.7.25.jar:/root/.m2/repository/org/slf4j/jul-to-slf4j/1.7.25/jul-to-slf4j-1.7.25.jar:/root/.m2/repository/org/eclipse/jetty/jetty-util/9.3.24.v20180605/jetty-util-9.3.24.v20180605.jar:/root/.m2/repository/io/dropwizard/metrics/metrics-core/3.2.4/metrics-core-3.2.4.jar:/root/.m2/repository/com/fasterxml/jackson/core/jackson-databind/2.9.5/jackson-databind-2.9.5.jar:/root/.m2/repository/org/apache/hadoop/hadoop-kms/3.2.0/hadoop-kms-3.2.0-tests.jar:/root/.m2/repository/org/apache/hadoop/hadoop-hdds-server-scm/0.5.0-SNAPSHOT/hadoop-hdds-server-scm-0.5.0-SNAPSHOT-tests.jar:/root/.m2/repository/org/hamcrest/hamcrest-all/1.3/hamcrest-all-1.3.jar:/root/.m2/repository/info/picocli/picocli/3.9.6/picocli-3.9.6.jar:/root/.m2/repository/org/apache/hadoop/hadoop-hdds-container-service/0.5.0-SNAPSHOT/hadoop-hdds-container-service-0.5.0-SNAPSHOT-tests.jar:/root/.m2/repository/org/yaml/snakeyaml/1.16/snakeyaml-1.16.jar:/root/.m2/repository/org/apache/hadoop/hadoop-common/3.2.0/hadoop-common-3.2.0-tests.jar:/root/.m2/repository/org/apache/hadoop/hadoop-annotations/3.2.0/hadoop-annotations-3.2.0.jar:/usr/lib/jvm/java-1.8-openjdk/jre/../lib/tools.jar:/root/.m2/repository/commons-cli/commons-cli/1.2/commons-cli-1.2.jar:/root/.m2/repository/org/apache/httpcomponents/httpclient/4.5.2/httpclient-4.5.2.jar:/root/.m2/repository/org/apache/httpcomponents/httpcore/4.4.4/httpcore-4.4.4.jar:/root/.m2/repository/commons-codec/commons-codec/1.11/commons-codec-1.11.jar:/root/.m2/repository/commons-net/commons-net/3.6/commons-net-3.6.jar:/root/.m2/repository/commons-collections/commons-collections/3.2.2/commons-collections-3.2.2.jar:/root/.m2/repository/org/eclipse/jetty/jetty-servlet/9.3.24.v20180605/jetty-servlet-9.3.24.v20180605.jar:/root/.m2/repository/org/eclipse/jetty/jetty-security/9.3.24.v20180605/jetty-security-9.3.24.v20180605.jar:/root/.m2/repository/javax/servlet/jsp/jsp-api/2.1/jsp-api-2.1.jar:/root/.m2/repository/com/sun/jersey/jersey-servlet/1.19/jersey-servlet-1.19.jar:/root/.m2/repository/com/sun/jersey/jersey-json/1.19/jersey-json-1.19.jar:/root/.m2/repository/org/codehaus/jettison/jettison/1.1/jettison-1.1.jar:/root/.m2/repository/org/codehaus/jackson/jackson-core-asl/1.9.13/jackson-core-asl-1.9.13.jar:/root/.m2/repository/org/codehaus/jackson/jackson-mapper-asl/1.9.13/jackson-mapper-asl-1.9.13.jar:/root/.m2/repository/org/codehaus/jackson/jackson-jaxrs/1.9.13/jackson-jaxrs-1.9.13.jar:/root/.m2/repository/org/codehaus/jackson/jackson-xc/1.9.13/jackson-xc-1.9.13.jar:/root/.m2/repository/commons-logging/commons-logging/1.1.3/commons-logging-1.1.3.jar:/root/.m2/repository/commons-beanutils/commons-beanutils/1.9.3/commons-beanutils-1.9.3.jar:/root/.m2/repository/org/apache/commons/commons-configuration2/2.1.1/commons-configuration2-2.1.1.jar:/root/.m2/repository/org/apache/commons/commons-lang3/3.7/commons-lang3-3.7.jar:/root/.m2/repository/org/apache/commons/commons-text/1.4/commons-text-1.4.jar:/root/.m2/repository/org/apache/avro/avro/1.7.7/avro-1.7.7.jar:/root/.m2/repository/com/thoughtworks/paranamer/paranamer/2.3/paranamer-2.3.jar:/root/.m2/repository/org/xerial/snappy/snappy-java/1.0.5/snappy-java-1.0.5.jar:/root/.m2/repository/com/google/re2j/re2j/1.1/re2j-1.1.jar:/root/.m2/repository/com/google/code/gson/gson/2.2.4/gson-2.2.4.jar:/root/.m2/repository/com/jcraft/jsch/0.1.54/jsch-0.1.54.jar:/root/.m2/repository/org/apache/curator/curator-client/2.12.0/curator-client-2.12.0.jar:/root/.m2/repository/org/apache/curator/curator-recipes/2.12.0/curator-recipes-2.12.0.jar:/root/.m2/repository/com/google/code/findbugs/jsr305/3.0.0/jsr305-3.0.0.jar:/root/.m2/repository/org/apache/htrace/htrace-core4/4.1.0-incubating/htrace-core4-4.1.0-incubating.jar:/root/.m2/repository/org/apache/zookeeper/zookeeper/3.4.13/zookeeper-3.4.13.jar:/root/.m2/repository/org/apache/yetus/audience-annotations/0.5.0/audience-annotations-0.5.0.jar:/root/.m2/repository/org/codehaus/woodstox/stax2-api/3.1.4/stax2-api-3.1.4.jar:/root/.m2/repository/com/fasterxml/woodstox/woodstox-core/5.0.3/woodstox-core-5.0.3.jar:/root/.m2/repository/dnsjava/dnsjava/2.1.7/dnsjava-2.1.7.jar:/root/.m2/repository/org/apache/hadoop/hadoop-hdfs/3.2.0/hadoop-hdfs-3.2.0-tests.jar:/root/.m2/repository/org/eclipse/jetty/jetty-util-ajax/9.3.24.v20180605/jetty-util-ajax-9.3.24.v20180605.jar:/root/.m2/repository/commons-daemon/commons-daemon/1.0.13/commons-daemon-1.0.13.jar:/root/.m2/repository/io/netty/netty/3.10.5.Final/netty-3.10.5.Final.jar:/root/.m2/repository/io/netty/netty-all/4.0.52.Final/netty-all-4.0.52.Final.jar:/root/.m2/repository/org/fusesource/leveldbjni/leveldbjni-all/1.8/leveldbjni-all-1.8.jar:"/>
    <property name="sun.cpu.endian" value="little"/>
    <property name="user.home" value="/root"/>
    <property name="user.language" value="en"/>
    <property name="java.specification.vendor" value="Oracle Corporation"/>
    <property name="java.home" value="/usr/lib/jvm/java-1.8-openjdk/jre"/>
    <property name="java.security.krb5.conf" value="/opt/src/hadoop-ozone/integration-test/target/test-classes/krb5.conf"/>
    <property name="basedir" value="/opt/src/hadoop-ozone/integration-test"/>
    <property name="file.separator" value="/"/>
    <property name="line.separator" value="&#10;"/>
    <property name="java.vm.specification.vendor" value="Oracle Corporation"/>
    <property name="java.specification.name" value="Java Platform API Specification"/>
    <property name="java.awt.graphicsenv" value="sun.awt.X11GraphicsEnvironment"/>
    <property name="surefire.real.class.path" value="/opt/src/hadoop-ozone/integration-test/target/surefire/surefirebooter6504341080280697196.jar"/>
    <property name="hadoop.log.dir" value="/opt/src/hadoop-ozone/integration-test/target/log"/>
    <property name="sun.boot.class.path" value="/usr/lib/jvm/java-1.8-openjdk/jre/lib/resources.jar:/usr/lib/jvm/java-1.8-openjdk/jre/lib/rt.jar:/usr/lib/jvm/java-1.8-openjdk/jre/lib/sunrsasign.jar:/usr/lib/jvm/java-1.8-openjdk/jre/lib/jsse.jar:/usr/lib/jvm/java-1.8-openjdk/jre/lib/jce.jar:/usr/lib/jvm/java-1.8-openjdk/jre/lib/charsets.jar:/usr/lib/jvm/java-1.8-openjdk/jre/lib/jfr.jar:/usr/lib/jvm/java-1.8-openjdk/jre/classes"/>
    <property name="sun.management.compiler" value="HotSpot 64-Bit Tiered Compilers"/>
    <property name="java.runtime.version" value="1.8.0_212-b04"/>
    <property name="java.net.preferIPv4Stack" value="true"/>
    <property name="user.name" value="root"/>
    <property name="path.separator" value=":"/>
    <property name="java.security.egd" value="file:///dev/urandom"/>
    <property name="os.version" value="4.15.0-1021-aws"/>
    <property name="java.endorsed.dirs" value="/usr/lib/jvm/java-1.8-openjdk/jre/lib/endorsed"/>
    <property name="java.runtime.name" value="OpenJDK Runtime Environment"/>
    <property name="file.encoding" value="UTF-8"/>
    <property name="java.vm.name" value="OpenJDK 64-Bit Server VM"/>
    <property name="test.build.webapps" value=""/>
    <property name="localRepository" value="/root/.m2/repository"/>
    <property name="java.vendor.url.bug" value="https://icedtea.classpath.org/bugzilla"/>
    <property name="java.io.tmpdir" value="/tmp"/>
    <property name="require.test.libhadoop" value=""/>
    <property name="java.version" value="1.8.0_212"/>
    <property name="user.dir" value="/opt/src/hadoop-ozone/integration-test"/>
    <property name="os.arch" value="amd64"/>
    <property name="java.vm.specification.name" value="Java Virtual Machine Specification"/>
    <property name="test.build.classes" value="/opt/src/hadoop-ozone/integration-test/target/test-classes"/>
    <property name="java.awt.printerjob" value="sun.print.PSPrinterJob"/>
    <property name="sun.os.patch.level" value="unknown"/>
    <property name="hadoop.tmp.dir" value="/opt/src/hadoop-ozone/integration-test/target/tmp"/>
    <property name="java.library.path" value="/usr/lib/jvm/java-1.8-openjdk/jre/lib/amd64/server:/usr/lib/jvm/java-1.8-openjdk/jre/lib/amd64:/usr/lib/jvm/java-1.8-openjdk/jre/../lib/amd64:/opt/src/hadoop-ozone/integration-test/target/native/target/usr/local/lib:/opt/src/hadoop-ozone/integration-test/../../hadoop-common-project/hadoop-common/target/native/target/usr/local/lib:/usr/java/packages/lib/amd64:/usr/lib64:/lib64:/lib:/usr/lib"/>
    <property name="java.vm.info" value="mixed mode"/>
    <property name="java.vendor" value="IcedTea"/>
    <property name="java.vm.version" value="25.212-b04"/>
    <property name="java.ext.dirs" value="/usr/lib/jvm/java-1.8-openjdk/jre/lib/ext:/usr/java/packages/lib/ext"/>
    <property name="sun.io.unicode.encoding" value="UnicodeLittle"/>
    <property name="java.class.version" value="52.0"/>
  </properties>
  <testcase name="testPipelineFail" classname="org.apache.hadoop.hdds.scm.pipeline.TestNodeFailure" time="0">
    <skipped/>
    <system-out><![CDATA[2019-06-13 22:35:57,962 WARN  server.ServerUtils (ServerUtils.java:getScmDbDir(145)) - ozone.scm.db.dirs is not configured. We recommend adding this setting. Falling back to ozone.metadata.dirs instead.
2019-06-13 22:35:58,049 WARN  server.ServerUtils (ServerUtils.java:getScmDbDir(145)) - ozone.scm.db.dirs is not configured. We recommend adding this setting. Falling back to ozone.metadata.dirs instead.
2019-06-13 22:35:58,051 WARN  server.ServerUtils (ServerUtils.java:getScmDbDir(145)) - ozone.scm.db.dirs is not configured. We recommend adding this setting. Falling back to ozone.metadata.dirs instead.
2019-06-13 22:35:58,066 INFO  util.log (Log.java:initialized(192)) - Logging initialized @863ms
2019-06-13 22:35:58,149 INFO  db.DBStoreBuilder (DBStoreBuilder.java:addTable(110)) - using custom profile for table: deletedBlocks
2019-06-13 22:35:58,149 INFO  db.DBStoreBuilder (DBStoreBuilder.java:processTables(161)) - Using default column profile:DBProfile.DISK for Table:deletedBlocks
2019-06-13 22:35:58,149 INFO  db.DBStoreBuilder (DBStoreBuilder.java:addTable(110)) - using custom profile for table: validCerts
2019-06-13 22:35:58,149 INFO  db.DBStoreBuilder (DBStoreBuilder.java:processTables(161)) - Using default column profile:DBProfile.DISK for Table:validCerts
2019-06-13 22:35:58,150 INFO  db.DBStoreBuilder (DBStoreBuilder.java:addTable(110)) - using custom profile for table: revokedCerts
2019-06-13 22:35:58,150 INFO  db.DBStoreBuilder (DBStoreBuilder.java:processTables(161)) - Using default column profile:DBProfile.DISK for Table:revokedCerts
2019-06-13 22:35:58,160 INFO  db.DBStoreBuilder (DBStoreBuilder.java:addTable(110)) - using custom profile for table: default
2019-06-13 22:35:58,160 INFO  db.DBStoreBuilder (DBStoreBuilder.java:processTables(167)) - Using default column profile:DBProfile.DISK for Table:default
2019-06-13 22:35:58,162 INFO  db.DBStoreBuilder (DBStoreBuilder.java:getDbProfile(198)) - Using default options. DBProfile.DISK
2019-06-13 22:35:58,245 INFO  node.SCMNodeManager (SCMNodeManager.java:<init>(108)) - Entering startup safe mode.
2019-06-13 22:35:58,331 INFO  net.NodeSchemaLoader (NodeSchemaLoader.java:loadSchemaFromFile(125)) - Loading file from sun.misc.CompoundEnumeration@5fe94a96
2019-06-13 22:35:58,333 INFO  net.NodeSchemaLoader (NodeSchemaLoader.java:loadSchema(171)) - Loading network topology layer schema file
2019-06-13 22:35:58,416 WARN  server.ServerUtils (ServerUtils.java:getScmDbDir(145)) - ozone.scm.db.dirs is not configured. We recommend adding this setting. Falling back to ozone.metadata.dirs instead.
2019-06-13 22:35:58,440 INFO  pipeline.SCMPipelineManager (SCMPipelineManager.java:initializePipelineState(126)) - No pipeline exists in current db
2019-06-13 22:35:58,442 WARN  server.ServerUtils (ServerUtils.java:getScmDbDir(145)) - ozone.scm.db.dirs is not configured. We recommend adding this setting. Falling back to ozone.metadata.dirs instead.
2019-06-13 22:35:58,505 WARN  events.EventQueue (EventQueue.java:fireEvent(175)) - No event handler registered for event TypedEvent{payloadType=SafeModeStatus, name='SafeModeStatus'}
2019-06-13 22:35:58,772 INFO  ipc.CallQueueManager (CallQueueManager.java:<init>(84)) - Using callQueue: class java.util.concurrent.LinkedBlockingQueue, queueCapacity: 2000, scheduler: class org.apache.hadoop.ipc.DefaultRpcScheduler, ipcBackoff: false.
2019-06-13 22:35:58,794 INFO  ipc.Server (Server.java:run(1074)) - Starting Socket Reader #1 for port 40625
2019-06-13 22:35:58,815 INFO  ipc.CallQueueManager (CallQueueManager.java:<init>(84)) - Using callQueue: class java.util.concurrent.LinkedBlockingQueue, queueCapacity: 2000, scheduler: class org.apache.hadoop.ipc.DefaultRpcScheduler, ipcBackoff: false.
2019-06-13 22:35:58,816 INFO  ipc.Server (Server.java:run(1074)) - Starting Socket Reader #1 for port 46411
2019-06-13 22:35:58,822 INFO  ipc.CallQueueManager (CallQueueManager.java:<init>(84)) - Using callQueue: class java.util.concurrent.LinkedBlockingQueue, queueCapacity: 2000, scheduler: class org.apache.hadoop.ipc.DefaultRpcScheduler, ipcBackoff: false.
2019-06-13 22:35:58,850 INFO  ipc.Server (Server.java:run(1074)) - Starting Socket Reader #1 for port 33745
2019-06-13 22:35:58,869 INFO  hdfs.DFSUtil (DFSUtil.java:httpServerTemplateForNNAndJN(1641)) - Starting Web-server for scm at: http://0.0.0.0:0
2019-06-13 22:35:59,018 INFO  server.AuthenticationFilter (AuthenticationFilter.java:constructSecretProvider(240)) - Unable to initialize FileSignerSecretProvider, falling back to use random secrets.
2019-06-13 22:35:59,028 WARN  http.HttpRequestLog (HttpRequestLog.java:getRequestLog(97)) - Jetty request log can only be enabled using Log4j
2019-06-13 22:35:59,038 INFO  http.HttpServer2 (HttpServer2.java:addGlobalFilter(975)) - Added global filter 'safety' (class=org.apache.hadoop.http.HttpServer2$QuotingInputFilter)
2019-06-13 22:35:59,041 INFO  http.HttpServer2 (HttpServer2.java:addFilter(948)) - Added filter static_user_filter (class=org.apache.hadoop.http.lib.StaticUserWebFilter$StaticUserFilter) to context scm
2019-06-13 22:35:59,041 INFO  http.HttpServer2 (HttpServer2.java:addFilter(958)) - Added filter static_user_filter (class=org.apache.hadoop.http.lib.StaticUserWebFilter$StaticUserFilter) to context static
2019-06-13 22:35:59,041 INFO  http.HttpServer2 (HttpServer2.java:addFilter(958)) - Added filter static_user_filter (class=org.apache.hadoop.http.lib.StaticUserWebFilter$StaticUserFilter) to context logs
2019-06-13 22:35:59,071 INFO  server.StorageContainerManager (StorageContainerManager.java:start(752)) - StorageContainerLocationProtocol RPC server is listening at /0.0.0.0:33745
2019-06-13 22:35:59,133 WARN  impl.MetricsConfig (MetricsConfig.java:loadFirst(134)) - Cannot locate configuration: tried hadoop-metrics2-storagecontainermanager.properties,hadoop-metrics2.properties
2019-06-13 22:35:59,149 INFO  impl.MetricsSystemImpl (MetricsSystemImpl.java:startTimer(374)) - Scheduled Metric snapshot period at 10 second(s).
2019-06-13 22:35:59,150 INFO  impl.MetricsSystemImpl (MetricsSystemImpl.java:start(191)) - StorageContainerManager metrics system started
2019-06-13 22:35:59,437 INFO  server.SCMClientProtocolServer (SCMClientProtocolServer.java:start(149)) - RPC server for Client  is listening at /0.0.0.0:33745
2019-06-13 22:35:59,439 INFO  ipc.Server (Server.java:run(1314)) - IPC Server Responder: starting
2019-06-13 22:35:59,441 INFO  ipc.Server (Server.java:run(1153)) - IPC Server listener on 33745: starting
2019-06-13 22:35:59,447 INFO  server.StorageContainerManager (StorageContainerManager.java:start(761)) - ScmBlockLocationProtocol RPC server is listening at /0.0.0.0:46411
2019-06-13 22:35:59,448 INFO  server.SCMBlockProtocolServer (SCMBlockProtocolServer.java:start(137)) - RPC server for Block Protocol is listening at /0.0.0.0:46411
2019-06-13 22:35:59,448 INFO  ipc.Server (Server.java:run(1314)) - IPC Server Responder: starting
2019-06-13 22:35:59,448 INFO  ipc.Server (Server.java:run(1153)) - IPC Server listener on 46411: starting
2019-06-13 22:35:59,452 INFO  server.StorageContainerManager (StorageContainerManager.java:start(765)) - ScmDatanodeProtocl RPC server is listening at /0.0.0.0:40625
2019-06-13 22:35:59,452 INFO  server.SCMDatanodeProtocolServer (SCMDatanodeProtocolServer.java:start(191)) - RPC server for DataNodes is listening at /0.0.0.0:40625
2019-06-13 22:35:59,453 INFO  ipc.Server (Server.java:run(1314)) - IPC Server Responder: starting
2019-06-13 22:35:59,453 INFO  ipc.Server (Server.java:run(1153)) - IPC Server listener on 40625: starting
2019-06-13 22:35:59,458 INFO  http.HttpServer2 (HttpServer2.java:bindListener(1191)) - Jetty bound to port 32963
2019-06-13 22:35:59,459 INFO  server.Server (Server.java:doStart(351)) - jetty-9.3.24.v20180605, build timestamp: 2018-06-05T17:11:56Z, git hash: 84205aa28f11a4f31f2a3b86d1bba2cc8ab69827
2019-06-13 22:35:59,497 INFO  handler.ContextHandler (ContextHandler.java:doStart(781)) - Started o.e.j.s.ServletContextHandler@530712d{/logs,file:///opt/src/hadoop-ozone/integration-test/target/log,AVAILABLE}
2019-06-13 22:35:59,498 INFO  handler.ContextHandler (ContextHandler.java:doStart(781)) - Started o.e.j.s.ServletContextHandler@12ed9db6{/static,file:///opt/src/hadoop-ozone/integration-test/target/test-classes/webapps/static,AVAILABLE}
2019-06-13 22:35:59,540 INFO  handler.ContextHandler (ContextHandler.java:doStart(781)) - Started o.e.j.w.WebAppContext@94f6bfb{/,file:///opt/src/hadoop-ozone/integration-test/target/test-classes/webapps/scm/,AVAILABLE}{/scm}
2019-06-13 22:35:59,564 INFO  server.AbstractConnector (AbstractConnector.java:doStart(278)) - Started ServerConnector@7afa1994{HTTP/1.1,[http/1.1]}{0.0.0.0:32963}
2019-06-13 22:35:59,564 INFO  server.Server (Server.java:doStart(419)) - Started @2361ms
2019-06-13 22:35:59,565 INFO  server.BaseHttpServer (BaseHttpServer.java:updateConnectorAddress(207)) - HTTP server of SCM is listening at http://0.0.0.0:32963
2019-06-13 22:35:59,581 WARN  scm.ScmUtils (ScmUtils.java:getDBPath(63)) - ozone.om.db.dirs is not configured. We recommend adding this setting. Falling back to ozone.metadata.dirs instead.
2019-06-13 22:35:59,583 INFO  util.JvmPauseMonitor (JvmPauseMonitor.java:run(188)) - Starting JVM pause monitor
2019-06-13 22:35:59,687 WARN  scm.ScmUtils (ScmUtils.java:getDBPath(63)) - ozone.om.db.dirs is not configured. We recommend adding this setting. Falling back to ozone.metadata.dirs instead.
2019-06-13 22:35:59,688 INFO  om.OzoneManager (OzoneManager.java:setOMNodeDetails(519)) - OM Service ID is not set. Setting it to the default ID: omServiceIdDefault
2019-06-13 22:35:59,689 INFO  om.OzoneManager (OzoneManager.java:setOMNodeDetails(525)) - OM Node ID is not set. Setting it to the OmStorage's OmID: a0ad9b4f-b78d-4792-8ca3-13f503f862f0
2019-06-13 22:35:59,690 WARN  scm.HddsServerUtil (HddsServerUtil.java:getDefaultRatisDirectory(354)) - Storage directory for Ratis is not configured. It is a good idea to map this to an SSD disk. Falling back to ozone.metadata.dirs
2019-06-13 22:35:59,691 WARN  scm.HddsServerUtil (HddsServerUtil.java:getDefaultRatisDirectory(354)) - Storage directory for Ratis is not configured. It is a good idea to map this to an SSD disk. Falling back to ozone.metadata.dirs
2019-06-13 22:35:59,691 INFO  om.OzoneManager (OzoneManager.java:loadOMHAConfigs(476)) - Found matching OM address with OMServiceId: null, OMNodeId: null, RPC Address: localhost:0 and Ratis port: 9872
2019-06-13 22:35:59,906 WARN  scm.ScmUtils (ScmUtils.java:getDBPath(63)) - ozone.om.db.dirs is not configured. We recommend adding this setting. Falling back to ozone.metadata.dirs instead.
2019-06-13 22:35:59,912 INFO  db.DBStoreBuilder (DBStoreBuilder.java:addTable(110)) - using custom profile for table: userTable
2019-06-13 22:35:59,913 INFO  db.DBStoreBuilder (DBStoreBuilder.java:processTables(161)) - Using default column profile:DBProfile.DISK for Table:userTable
2019-06-13 22:35:59,913 INFO  db.DBStoreBuilder (DBStoreBuilder.java:addTable(110)) - using custom profile for table: volumeTable
2019-06-13 22:35:59,913 INFO  db.DBStoreBuilder (DBStoreBuilder.java:processTables(161)) - Using default column profile:DBProfile.DISK for Table:volumeTable
2019-06-13 22:35:59,913 INFO  db.DBStoreBuilder (DBStoreBuilder.java:addTable(110)) - using custom profile for table: bucketTable
2019-06-13 22:35:59,913 INFO  db.DBStoreBuilder (DBStoreBuilder.java:processTables(161)) - Using default column profile:DBProfile.DISK for Table:bucketTable
2019-06-13 22:35:59,914 INFO  db.DBStoreBuilder (DBStoreBuilder.java:addTable(110)) - using custom profile for table: keyTable
2019-06-13 22:35:59,914 INFO  db.DBStoreBuilder (DBStoreBuilder.java:processTables(161)) - Using default column profile:DBProfile.DISK for Table:keyTable
2019-06-13 22:35:59,914 INFO  db.DBStoreBuilder (DBStoreBuilder.java:addTable(110)) - using custom profile for table: deletedTable
2019-06-13 22:35:59,914 INFO  db.DBStoreBuilder (DBStoreBuilder.java:processTables(161)) - Using default column profile:DBProfile.DISK for Table:deletedTable
2019-06-13 22:35:59,915 INFO  db.DBStoreBuilder (DBStoreBuilder.java:addTable(110)) - using custom profile for table: openKeyTable
2019-06-13 22:35:59,915 INFO  db.DBStoreBuilder (DBStoreBuilder.java:processTables(161)) - Using default column profile:DBProfile.DISK for Table:openKeyTable
2019-06-13 22:35:59,915 INFO  db.DBStoreBuilder (DBStoreBuilder.java:addTable(110)) - using custom profile for table: s3Table
2019-06-13 22:35:59,915 INFO  db.DBStoreBuilder (DBStoreBuilder.java:processTables(161)) - Using default column profile:DBProfile.DISK for Table:s3Table
2019-06-13 22:35:59,916 INFO  db.DBStoreBuilder (DBStoreBuilder.java:addTable(110)) - using custom profile for table: multipartInfoTable
2019-06-13 22:35:59,916 INFO  db.DBStoreBuilder (DBStoreBuilder.java:processTables(161)) - Using default column profile:DBProfile.DISK for Table:multipartInfoTable
2019-06-13 22:35:59,916 INFO  db.DBStoreBuilder (DBStoreBuilder.java:addTable(110)) - using custom profile for table: dTokenTable
2019-06-13 22:35:59,916 INFO  db.DBStoreBuilder (DBStoreBuilder.java:processTables(161)) - Using default column profile:DBProfile.DISK for Table:dTokenTable
2019-06-13 22:35:59,917 INFO  db.DBStoreBuilder (DBStoreBuilder.java:addTable(110)) - using custom profile for table: s3SecretTable
2019-06-13 22:35:59,917 INFO  db.DBStoreBuilder (DBStoreBuilder.java:processTables(161)) - Using default column profile:DBProfile.DISK for Table:s3SecretTable
2019-06-13 22:35:59,917 INFO  db.DBStoreBuilder (DBStoreBuilder.java:addTable(110)) - using custom profile for table: prefixTable
2019-06-13 22:35:59,917 INFO  db.DBStoreBuilder (DBStoreBuilder.java:processTables(161)) - Using default column profile:DBProfile.DISK for Table:prefixTable
2019-06-13 22:35:59,918 INFO  db.DBStoreBuilder (DBStoreBuilder.java:addTable(110)) - using custom profile for table: default
2019-06-13 22:35:59,918 INFO  db.DBStoreBuilder (DBStoreBuilder.java:processTables(167)) - Using default column profile:DBProfile.DISK for Table:default
2019-06-13 22:35:59,918 INFO  db.DBStoreBuilder (DBStoreBuilder.java:getDbProfile(198)) - Using default options. DBProfile.DISK
2019-06-13 22:36:00,612 INFO  ipc.CallQueueManager (CallQueueManager.java:<init>(84)) - Using callQueue: class java.util.concurrent.LinkedBlockingQueue, queueCapacity: 2000, scheduler: class org.apache.hadoop.ipc.DefaultRpcScheduler, ipcBackoff: false.
2019-06-13 22:36:00,613 INFO  ipc.Server (Server.java:run(1074)) - Starting Socket Reader #1 for port 39163
2019-06-13 22:36:00,644 WARN  scm.ScmUtils (ScmUtils.java:getDBPath(63)) - ozone.om.db.dirs is not configured. We recommend adding this setting. Falling back to ozone.metadata.dirs instead.
2019-06-13 22:36:00,644 INFO  om.OzoneManager (OzoneManager.java:start(1217)) - OzoneManager RPC server is listening at localhost/127.0.0.1:39163
2019-06-13 22:36:00,645 INFO  impl.MetricsSystemImpl (MetricsSystemImpl.java:init(158)) - OzoneManager metrics system started (again)
2019-06-13 22:36:00,653 INFO  ipc.Server (Server.java:run(1314)) - IPC Server Responder: starting
2019-06-13 22:36:00,657 INFO  ipc.Server (Server.java:run(1153)) - IPC Server listener on 39163: starting
2019-06-13 22:36:00,667 INFO  hdfs.DFSUtil (DFSUtil.java:httpServerTemplateForNNAndJN(1641)) - Starting Web-server for ozoneManager at: http://0.0.0.0:0
2019-06-13 22:36:00,669 INFO  server.AuthenticationFilter (AuthenticationFilter.java:constructSecretProvider(240)) - Unable to initialize FileSignerSecretProvider, falling back to use random secrets.
2019-06-13 22:36:00,673 WARN  http.HttpRequestLog (HttpRequestLog.java:getRequestLog(97)) - Jetty request log can only be enabled using Log4j
2019-06-13 22:36:00,681 INFO  http.HttpServer2 (HttpServer2.java:addGlobalFilter(975)) - Added global filter 'safety' (class=org.apache.hadoop.http.HttpServer2$QuotingInputFilter)
2019-06-13 22:36:00,683 INFO  http.HttpServer2 (HttpServer2.java:addFilter(948)) - Added filter static_user_filter (class=org.apache.hadoop.http.lib.StaticUserWebFilter$StaticUserFilter) to context ozoneManager
2019-06-13 22:36:00,684 INFO  http.HttpServer2 (HttpServer2.java:addFilter(958)) - Added filter static_user_filter (class=org.apache.hadoop.http.lib.StaticUserWebFilter$StaticUserFilter) to context logs
2019-06-13 22:36:00,684 INFO  http.HttpServer2 (HttpServer2.java:addFilter(958)) - Added filter static_user_filter (class=org.apache.hadoop.http.lib.StaticUserWebFilter$StaticUserFilter) to context static
2019-06-13 22:36:00,688 INFO  http.HttpServer2 (HttpServer2.java:bindListener(1191)) - Jetty bound to port 35003
2019-06-13 22:36:00,688 INFO  server.Server (Server.java:doStart(351)) - jetty-9.3.24.v20180605, build timestamp: 2018-06-05T17:11:56Z, git hash: 84205aa28f11a4f31f2a3b86d1bba2cc8ab69827
2019-06-13 22:36:00,703 INFO  handler.ContextHandler (ContextHandler.java:doStart(781)) - Started o.e.j.s.ServletContextHandler@30feffc{/logs,file:///opt/src/hadoop-ozone/integration-test/target/log,AVAILABLE}
2019-06-13 22:36:00,704 INFO  handler.ContextHandler (ContextHandler.java:doStart(781)) - Started o.e.j.s.ServletContextHandler@bcb09a6{/static,file:///opt/src/hadoop-ozone/integration-test/target/test-classes/webapps/static,AVAILABLE}
2019-06-13 22:36:00,710 INFO  handler.ContextHandler (ContextHandler.java:doStart(781)) - Started o.e.j.w.WebAppContext@63429932{/,file:///opt/src/hadoop-ozone/integration-test/target/test-classes/webapps/ozoneManager/,AVAILABLE}{/ozoneManager}
2019-06-13 22:36:00,710 INFO  server.AbstractConnector (AbstractConnector.java:doStart(278)) - Started ServerConnector@69ce2f62{HTTP/1.1,[http/1.1]}{0.0.0.0:35003}
2019-06-13 22:36:00,711 INFO  server.Server (Server.java:doStart(419)) - Started @3508ms
2019-06-13 22:36:00,712 INFO  server.BaseHttpServer (BaseHttpServer.java:updateConnectorAddress(207)) - HTTP server of OZONEMANAGER is listening at http://0.0.0.0:35003
2019-06-13 22:36:00,890 INFO  impl.MetricsSystemImpl (MetricsSystemImpl.java:init(158)) - HddsDatanode metrics system started (again)
2019-06-13 22:36:01,113 INFO  ozone.HddsDatanodeService (HddsDatanodeService.java:start(185)) - HddsDatanodeService host:ozone-t78nf-2139872126 ip:192.168.105.135
2019-06-13 22:36:01,163 INFO  volume.HddsVolume (HddsVolume.java:<init>(176)) - Creating Volume: /opt/src/hadoop-ozone/integration-test/target/test-dir/MiniOzoneClusterImpl-0cde403e-272f-4bc0-9429-43d613d17110/datanode-0/data/containers/hdds of  storage type : DISK and capacity : 104021790720
2019-06-13 22:36:01,165 INFO  volume.VolumeSet (VolumeSet.java:initializeVolumeSet(170)) - Added Volume : /opt/src/hadoop-ozone/integration-test/target/test-dir/MiniOzoneClusterImpl-0cde403e-272f-4bc0-9429-43d613d17110/datanode-0/data/containers/hdds to VolumeSet
2019-06-13 22:36:01,169 INFO  volume.ThrottledAsyncChecker (ThrottledAsyncChecker.java:schedule(140)) - Scheduling a check for org.apache.hadoop.ozone.container.common.volume.HddsVolume@2a27cb34
2019-06-13 22:36:01,200 INFO  volume.HddsVolumeChecker (HddsVolumeChecker.java:checkAllVolumes(203)) - Scheduled health check for volume org.apache.hadoop.ozone.container.common.volume.HddsVolume@2a27cb34
2019-06-13 22:36:01,262 INFO  ratis.XceiverServerRatis (XceiverServerRatis.java:newXceiverServerRatis(401)) - Found a free port for the server : 41753
2019-06-13 22:36:01,351 INFO  impl.RaftServerProxy (ConfUtils.java:logGet(43)) - raft.rpc.type = GRPC (default)
2019-06-13 22:36:01,364 INFO  grpc.GrpcConfigKeys$Server (ConfUtils.java:logGet(43)) - raft.grpc.server.port = 41753 (custom)
2019-06-13 22:36:01,365 INFO  server.GrpcService (ConfUtils.java:logGet(43)) - raft.grpc.message.size.max = 33570816 (custom)
2019-06-13 22:36:01,367 INFO  server.RaftServerConfigKeys (ConfUtils.java:logGet(43)) - raft.server.log.appender.buffer.byte-limit = 33554432 (custom)
2019-06-13 22:36:01,368 INFO  server.GrpcService (ConfUtils.java:logGet(43)) - raft.grpc.flow.control.window = 1MB (=1048576) (default)
2019-06-13 22:36:01,369 INFO  server.RaftServerConfigKeys (ConfUtils.java:logGet(43)) - raft.server.rpc.request.timeout = 3000ms (default)
2019-06-13 22:36:01,551 INFO  server.RaftServerConfigKeys (ConfUtils.java:logGet(43)) - raft.server.storage.dir = [/opt/src/hadoop-ozone/integration-test/target/test-dir/MiniOzoneClusterImpl-0cde403e-272f-4bc0-9429-43d613d17110/datanode-0/data/ratis] (custom)
2019-06-13 22:36:01,559 INFO  server.XceiverServerGrpc (XceiverServerGrpc.java:<init>(97)) - Found a free port for the server : 34721
2019-06-13 22:36:01,590 INFO  replication.SimpleContainerDownloader (SimpleContainerDownloader.java:<init>(72)) - Starting container downloader service to copy containers to replicate.
2019-06-13 22:36:01,606 INFO  hdfs.DFSUtil (DFSUtil.java:httpServerTemplateForNNAndJN(1641)) - Starting Web-server for hddsDatanode at: http://0.0.0.0:0
2019-06-13 22:36:01,608 INFO  server.AuthenticationFilter (AuthenticationFilter.java:constructSecretProvider(240)) - Unable to initialize FileSignerSecretProvider, falling back to use random secrets.
2019-06-13 22:36:01,608 WARN  http.HttpRequestLog (HttpRequestLog.java:getRequestLog(97)) - Jetty request log can only be enabled using Log4j
2019-06-13 22:36:01,611 INFO  http.HttpServer2 (HttpServer2.java:addGlobalFilter(975)) - Added global filter 'safety' (class=org.apache.hadoop.http.HttpServer2$QuotingInputFilter)
2019-06-13 22:36:01,611 INFO  http.HttpServer2 (HttpServer2.java:addFilter(948)) - Added filter static_user_filter (class=org.apache.hadoop.http.lib.StaticUserWebFilter$StaticUserFilter) to context hddsDatanode
2019-06-13 22:36:01,612 INFO  http.HttpServer2 (HttpServer2.java:addFilter(958)) - Added filter static_user_filter (class=org.apache.hadoop.http.lib.StaticUserWebFilter$StaticUserFilter) to context logs
2019-06-13 22:36:01,612 INFO  http.HttpServer2 (HttpServer2.java:addFilter(958)) - Added filter static_user_filter (class=org.apache.hadoop.http.lib.StaticUserWebFilter$StaticUserFilter) to context static
2019-06-13 22:36:01,613 INFO  http.HttpServer2 (HttpServer2.java:bindListener(1191)) - Jetty bound to port 35427
2019-06-13 22:36:01,613 INFO  server.Server (Server.java:doStart(351)) - jetty-9.3.24.v20180605, build timestamp: 2018-06-05T17:11:56Z, git hash: 84205aa28f11a4f31f2a3b86d1bba2cc8ab69827
2019-06-13 22:36:01,616 INFO  handler.ContextHandler (ContextHandler.java:doStart(781)) - Started o.e.j.s.ServletContextHandler@3c0bbc9f{/logs,file:///opt/src/hadoop-ozone/integration-test/target/log,AVAILABLE}
2019-06-13 22:36:01,618 INFO  handler.ContextHandler (ContextHandler.java:doStart(781)) - Started o.e.j.s.ServletContextHandler@6438a7fe{/static,jar:file:/root/.m2/repository/org/apache/hadoop/hadoop-hdds-container-service/0.5.0-SNAPSHOT/hadoop-hdds-container-service-0.5.0-SNAPSHOT.jar!/webapps/static,AVAILABLE}
2019-06-13 22:36:01,663 INFO  handler.ContextHandler (ContextHandler.java:doStart(781)) - Started o.e.j.w.WebAppContext@2042ccce{/,file:///tmp/jetty-0.0.0.0-35427-hddsDatanode-_-any-5408130448896474978.dir/webapp/,AVAILABLE}{/hddsDatanode}
2019-06-13 22:36:01,670 INFO  server.AbstractConnector (AbstractConnector.java:doStart(278)) - Started ServerConnector@20de05e5{HTTP/1.1,[http/1.1]}{0.0.0.0:35427}
2019-06-13 22:36:01,671 INFO  server.Server (Server.java:doStart(419)) - Started @4468ms
2019-06-13 22:36:01,672 INFO  server.BaseHttpServer (BaseHttpServer.java:updateConnectorAddress(207)) - HTTP server of HDDSDATANODE is listening at http://0.0.0.0:35427
2019-06-13 22:36:02,835 INFO  ozone.HddsDatanodeService (HddsDatanodeService.java:startPlugins(396)) - Started plug-in org.apache.hadoop.ozone.web.OzoneHddsDatanodeService@566e142
2019-06-13 22:36:02,841 INFO  impl.MetricsSystemImpl (MetricsSystemImpl.java:init(158)) - HddsDatanode metrics system started (again)
2019-06-13 22:36:02,841 INFO  ozone.HddsDatanodeService (HddsDatanodeService.java:start(185)) - HddsDatanodeService host:ozone-t78nf-2139872126 ip:192.168.105.135
2019-06-13 22:36:02,869 INFO  util.JvmPauseMonitor (JvmPauseMonitor.java:run(188)) - Starting JVM pause monitor
2019-06-13 22:36:02,893 INFO  volume.HddsVolume (HddsVolume.java:<init>(176)) - Creating Volume: /opt/src/hadoop-ozone/integration-test/target/test-dir/MiniOzoneClusterImpl-0cde403e-272f-4bc0-9429-43d613d17110/datanode-1/data/containers/hdds of  storage type : DISK and capacity : 104021790720
2019-06-13 22:36:02,894 INFO  volume.VolumeSet (VolumeSet.java:initializeVolumeSet(170)) - Added Volume : /opt/src/hadoop-ozone/integration-test/target/test-dir/MiniOzoneClusterImpl-0cde403e-272f-4bc0-9429-43d613d17110/datanode-1/data/containers/hdds to VolumeSet
2019-06-13 22:36:02,894 INFO  volume.ThrottledAsyncChecker (ThrottledAsyncChecker.java:schedule(140)) - Scheduling a check for org.apache.hadoop.ozone.container.common.volume.HddsVolume@588545ac
2019-06-13 22:36:02,910 INFO  volume.HddsVolumeChecker (HddsVolumeChecker.java:checkAllVolumes(203)) - Scheduled health check for volume org.apache.hadoop.ozone.container.common.volume.HddsVolume@588545ac
2019-06-13 22:36:02,969 INFO  ratis.XceiverServerRatis (XceiverServerRatis.java:newXceiverServerRatis(401)) - Found a free port for the server : 41953
2019-06-13 22:36:02,971 INFO  impl.RaftServerProxy (ConfUtils.java:logGet(43)) - raft.rpc.type = GRPC (default)
2019-06-13 22:36:02,971 INFO  grpc.GrpcConfigKeys$Server (ConfUtils.java:logGet(43)) - raft.grpc.server.port = 41953 (custom)
2019-06-13 22:36:02,971 INFO  server.GrpcService (ConfUtils.java:logGet(43)) - raft.grpc.message.size.max = 33570816 (custom)
2019-06-13 22:36:02,971 INFO  server.RaftServerConfigKeys (ConfUtils.java:logGet(43)) - raft.server.log.appender.buffer.byte-limit = 33554432 (custom)
2019-06-13 22:36:02,972 INFO  server.GrpcService (ConfUtils.java:logGet(43)) - raft.grpc.flow.control.window = 1MB (=1048576) (default)
2019-06-13 22:36:02,972 INFO  server.RaftServerConfigKeys (ConfUtils.java:logGet(43)) - raft.server.rpc.request.timeout = 3000ms (default)
2019-06-13 22:36:02,973 INFO  server.RaftServerConfigKeys (ConfUtils.java:logGet(43)) - raft.server.storage.dir = [/opt/src/hadoop-ozone/integration-test/target/test-dir/MiniOzoneClusterImpl-0cde403e-272f-4bc0-9429-43d613d17110/datanode-1/data/ratis] (custom)
2019-06-13 22:36:02,973 INFO  server.XceiverServerGrpc (XceiverServerGrpc.java:<init>(97)) - Found a free port for the server : 46435
2019-06-13 22:36:02,974 INFO  replication.SimpleContainerDownloader (SimpleContainerDownloader.java:<init>(72)) - Starting container downloader service to copy containers to replicate.
2019-06-13 22:36:02,978 INFO  hdfs.DFSUtil (DFSUtil.java:httpServerTemplateForNNAndJN(1641)) - Starting Web-server for hddsDatanode at: http://0.0.0.0:0
2019-06-13 22:36:02,987 INFO  server.AuthenticationFilter (AuthenticationFilter.java:constructSecretProvider(240)) - Unable to initialize FileSignerSecretProvider, falling back to use random secrets.
2019-06-13 22:36:02,998 WARN  http.HttpRequestLog (HttpRequestLog.java:getRequestLog(97)) - Jetty request log can only be enabled using Log4j
2019-06-13 22:36:03,001 INFO  http.HttpServer2 (HttpServer2.java:addGlobalFilter(975)) - Added global filter 'safety' (class=org.apache.hadoop.http.HttpServer2$QuotingInputFilter)
2019-06-13 22:36:03,004 INFO  http.HttpServer2 (HttpServer2.java:addFilter(948)) - Added filter static_user_filter (class=org.apache.hadoop.http.lib.StaticUserWebFilter$StaticUserFilter) to context hddsDatanode
2019-06-13 22:36:03,006 INFO  http.HttpServer2 (HttpServer2.java:addFilter(958)) - Added filter static_user_filter (class=org.apache.hadoop.http.lib.StaticUserWebFilter$StaticUserFilter) to context static
2019-06-13 22:36:03,007 INFO  http.HttpServer2 (HttpServer2.java:addFilter(958)) - Added filter static_user_filter (class=org.apache.hadoop.http.lib.StaticUserWebFilter$StaticUserFilter) to context logs
2019-06-13 22:36:03,007 INFO  http.HttpServer2 (HttpServer2.java:bindListener(1191)) - Jetty bound to port 41817
2019-06-13 22:36:03,008 INFO  server.Server (Server.java:doStart(351)) - jetty-9.3.24.v20180605, build timestamp: 2018-06-05T17:11:56Z, git hash: 84205aa28f11a4f31f2a3b86d1bba2cc8ab69827
2019-06-13 22:36:03,021 INFO  handler.ContextHandler (ContextHandler.java:doStart(781)) - Started o.e.j.s.ServletContextHandler@3b0c3951{/logs,file:///opt/src/hadoop-ozone/integration-test/target/log,AVAILABLE}
2019-06-13 22:36:03,024 INFO  handler.ContextHandler (ContextHandler.java:doStart(781)) - Started o.e.j.s.ServletContextHandler@2574a9e3{/static,jar:file:/root/.m2/repository/org/apache/hadoop/hadoop-hdds-container-service/0.5.0-SNAPSHOT/hadoop-hdds-container-service-0.5.0-SNAPSHOT.jar!/webapps/static,AVAILABLE}
2019-06-13 22:36:03,080 INFO  handler.ContextHandler (ContextHandler.java:doStart(781)) - Started o.e.j.w.WebAppContext@6be6931f{/,file:///tmp/jetty-0.0.0.0-41817-hddsDatanode-_-any-7043999055743919293.dir/webapp/,AVAILABLE}{/hddsDatanode}
2019-06-13 22:36:03,084 INFO  server.AbstractConnector (AbstractConnector.java:doStart(278)) - Started ServerConnector@714a3517{HTTP/1.1,[http/1.1]}{0.0.0.0:41817}
2019-06-13 22:36:03,086 INFO  server.Server (Server.java:doStart(419)) - Started @5883ms
2019-06-13 22:36:03,087 INFO  server.BaseHttpServer (BaseHttpServer.java:updateConnectorAddress(207)) - HTTP server of HDDSDATANODE is listening at http://0.0.0.0:41817
2019-06-13 22:36:03,115 INFO  datanode.InitDatanodeState (InitDatanodeState.java:persistContainerDatanodeDetails(140)) - DatanodeDetails is persisted to /opt/src/hadoop-ozone/integration-test/target/test-dir/MiniOzoneClusterImpl-0cde403e-272f-4bc0-9429-43d613d17110/datanode-0/meta/datanode.id
2019-06-13 22:36:03,309 INFO  ozone.HddsDatanodeService (HddsDatanodeService.java:startPlugins(396)) - Started plug-in org.apache.hadoop.ozone.web.OzoneHddsDatanodeService@55c57422
2019-06-13 22:36:03,315 INFO  impl.MetricsSystemImpl (MetricsSystemImpl.java:init(158)) - HddsDatanode metrics system started (again)
2019-06-13 22:36:03,316 INFO  ozone.HddsDatanodeService (HddsDatanodeService.java:start(185)) - HddsDatanodeService host:ozone-t78nf-2139872126 ip:192.168.105.135
2019-06-13 22:36:03,341 INFO  util.JvmPauseMonitor (JvmPauseMonitor.java:run(188)) - Starting JVM pause monitor
2019-06-13 22:36:03,369 INFO  volume.HddsVolume (HddsVolume.java:<init>(176)) - Creating Volume: /opt/src/hadoop-ozone/integration-test/target/test-dir/MiniOzoneClusterImpl-0cde403e-272f-4bc0-9429-43d613d17110/datanode-2/data/containers/hdds of  storage type : DISK and capacity : 104021790720
2019-06-13 22:36:03,369 INFO  volume.VolumeSet (VolumeSet.java:initializeVolumeSet(170)) - Added Volume : /opt/src/hadoop-ozone/integration-test/target/test-dir/MiniOzoneClusterImpl-0cde403e-272f-4bc0-9429-43d613d17110/datanode-2/data/containers/hdds to VolumeSet
2019-06-13 22:36:03,370 INFO  volume.ThrottledAsyncChecker (ThrottledAsyncChecker.java:schedule(140)) - Scheduling a check for org.apache.hadoop.ozone.container.common.volume.HddsVolume@64502326
2019-06-13 22:36:03,375 INFO  volume.HddsVolumeChecker (HddsVolumeChecker.java:checkAllVolumes(203)) - Scheduled health check for volume org.apache.hadoop.ozone.container.common.volume.HddsVolume@64502326
2019-06-13 22:36:03,399 INFO  datanode.InitDatanodeState (InitDatanodeState.java:persistContainerDatanodeDetails(140)) - DatanodeDetails is persisted to /opt/src/hadoop-ozone/integration-test/target/test-dir/MiniOzoneClusterImpl-0cde403e-272f-4bc0-9429-43d613d17110/datanode-1/meta/datanode.id
2019-06-13 22:36:03,402 INFO  ratis.XceiverServerRatis (XceiverServerRatis.java:newXceiverServerRatis(401)) - Found a free port for the server : 44459
2019-06-13 22:36:03,404 INFO  impl.RaftServerProxy (ConfUtils.java:logGet(43)) - raft.rpc.type = GRPC (default)
2019-06-13 22:36:03,404 INFO  grpc.GrpcConfigKeys$Server (ConfUtils.java:logGet(43)) - raft.grpc.server.port = 44459 (custom)
2019-06-13 22:36:03,405 INFO  server.GrpcService (ConfUtils.java:logGet(43)) - raft.grpc.message.size.max = 33570816 (custom)
2019-06-13 22:36:03,405 INFO  server.RaftServerConfigKeys (ConfUtils.java:logGet(43)) - raft.server.log.appender.buffer.byte-limit = 33554432 (custom)
2019-06-13 22:36:03,405 INFO  server.GrpcService (ConfUtils.java:logGet(43)) - raft.grpc.flow.control.window = 1MB (=1048576) (default)
2019-06-13 22:36:03,407 INFO  server.RaftServerConfigKeys (ConfUtils.java:logGet(43)) - raft.server.rpc.request.timeout = 3000ms (default)
2019-06-13 22:36:03,407 INFO  server.RaftServerConfigKeys (ConfUtils.java:logGet(43)) - raft.server.storage.dir = [/opt/src/hadoop-ozone/integration-test/target/test-dir/MiniOzoneClusterImpl-0cde403e-272f-4bc0-9429-43d613d17110/datanode-2/data/ratis] (custom)
2019-06-13 22:36:03,408 INFO  server.XceiverServerGrpc (XceiverServerGrpc.java:<init>(97)) - Found a free port for the server : 34739
2019-06-13 22:36:03,409 INFO  replication.SimpleContainerDownloader (SimpleContainerDownloader.java:<init>(72)) - Starting container downloader service to copy containers to replicate.
2019-06-13 22:36:03,410 INFO  hdfs.DFSUtil (DFSUtil.java:httpServerTemplateForNNAndJN(1641)) - Starting Web-server for hddsDatanode at: http://0.0.0.0:0
2019-06-13 22:36:03,411 INFO  server.AuthenticationFilter (AuthenticationFilter.java:constructSecretProvider(240)) - Unable to initialize FileSignerSecretProvider, falling back to use random secrets.
2019-06-13 22:36:03,411 WARN  http.HttpRequestLog (HttpRequestLog.java:getRequestLog(97)) - Jetty request log can only be enabled using Log4j
2019-06-13 22:36:03,413 INFO  http.HttpServer2 (HttpServer2.java:addGlobalFilter(975)) - Added global filter 'safety' (class=org.apache.hadoop.http.HttpServer2$QuotingInputFilter)
2019-06-13 22:36:03,414 INFO  http.HttpServer2 (HttpServer2.java:addFilter(948)) - Added filter static_user_filter (class=org.apache.hadoop.http.lib.StaticUserWebFilter$StaticUserFilter) to context hddsDatanode
2019-06-13 22:36:03,414 INFO  http.HttpServer2 (HttpServer2.java:addFilter(958)) - Added filter static_user_filter (class=org.apache.hadoop.http.lib.StaticUserWebFilter$StaticUserFilter) to context static
2019-06-13 22:36:03,414 INFO  http.HttpServer2 (HttpServer2.java:addFilter(958)) - Added filter static_user_filter (class=org.apache.hadoop.http.lib.StaticUserWebFilter$StaticUserFilter) to context logs
2019-06-13 22:36:03,415 INFO  http.HttpServer2 (HttpServer2.java:bindListener(1191)) - Jetty bound to port 37661
2019-06-13 22:36:03,415 INFO  server.Server (Server.java:doStart(351)) - jetty-9.3.24.v20180605, build timestamp: 2018-06-05T17:11:56Z, git hash: 84205aa28f11a4f31f2a3b86d1bba2cc8ab69827
2019-06-13 22:36:03,432 INFO  handler.ContextHandler (ContextHandler.java:doStart(781)) - Started o.e.j.s.ServletContextHandler@71664560{/logs,file:///opt/src/hadoop-ozone/integration-test/target/log,AVAILABLE}
2019-06-13 22:36:03,433 INFO  handler.ContextHandler (ContextHandler.java:doStart(781)) - Started o.e.j.s.ServletContextHandler@39da5e49{/static,jar:file:/root/.m2/repository/org/apache/hadoop/hadoop-hdds-container-service/0.5.0-SNAPSHOT/hadoop-hdds-container-service-0.5.0-SNAPSHOT.jar!/webapps/static,AVAILABLE}
2019-06-13 22:36:03,467 INFO  handler.ContextHandler (ContextHandler.java:doStart(781)) - Started o.e.j.w.WebAppContext@2b6c7012{/,file:///tmp/jetty-0.0.0.0-37661-hddsDatanode-_-any-1188549458248342370.dir/webapp/,AVAILABLE}{/hddsDatanode}
2019-06-13 22:36:03,468 INFO  server.AbstractConnector (AbstractConnector.java:doStart(278)) - Started ServerConnector@31acfd4e{HTTP/1.1,[http/1.1]}{0.0.0.0:37661}
2019-06-13 22:36:03,469 INFO  server.Server (Server.java:doStart(419)) - Started @6267ms
2019-06-13 22:36:03,471 INFO  server.BaseHttpServer (BaseHttpServer.java:updateConnectorAddress(207)) - HTTP server of HDDSDATANODE is listening at http://0.0.0.0:37661
2019-06-13 22:36:03,706 INFO  ozone.HddsDatanodeService (HddsDatanodeService.java:startPlugins(396)) - Started plug-in org.apache.hadoop.ozone.web.OzoneHddsDatanodeService@35e98af
2019-06-13 22:36:03,708 INFO  impl.MetricsSystemImpl (MetricsSystemImpl.java:init(158)) - HddsDatanode metrics system started (again)
2019-06-13 22:36:03,708 INFO  ozone.HddsDatanodeService (HddsDatanodeService.java:start(185)) - HddsDatanodeService host:ozone-t78nf-2139872126 ip:192.168.105.135
2019-06-13 22:36:03,716 INFO  util.JvmPauseMonitor (JvmPauseMonitor.java:run(188)) - Starting JVM pause monitor
2019-06-13 22:36:03,733 INFO  datanode.InitDatanodeState (InitDatanodeState.java:persistContainerDatanodeDetails(140)) - DatanodeDetails is persisted to /opt/src/hadoop-ozone/integration-test/target/test-dir/MiniOzoneClusterImpl-0cde403e-272f-4bc0-9429-43d613d17110/datanode-2/meta/datanode.id
2019-06-13 22:36:03,734 INFO  volume.HddsVolume (HddsVolume.java:<init>(176)) - Creating Volume: /opt/src/hadoop-ozone/integration-test/target/test-dir/MiniOzoneClusterImpl-0cde403e-272f-4bc0-9429-43d613d17110/datanode-3/data/containers/hdds of  storage type : DISK and capacity : 104021790720
2019-06-13 22:36:03,734 INFO  volume.VolumeSet (VolumeSet.java:initializeVolumeSet(170)) - Added Volume : /opt/src/hadoop-ozone/integration-test/target/test-dir/MiniOzoneClusterImpl-0cde403e-272f-4bc0-9429-43d613d17110/datanode-3/data/containers/hdds to VolumeSet
2019-06-13 22:36:03,735 INFO  volume.ThrottledAsyncChecker (ThrottledAsyncChecker.java:schedule(140)) - Scheduling a check for org.apache.hadoop.ozone.container.common.volume.HddsVolume@4fecf308
2019-06-13 22:36:03,742 INFO  volume.HddsVolumeChecker (HddsVolumeChecker.java:checkAllVolumes(203)) - Scheduled health check for volume org.apache.hadoop.ozone.container.common.volume.HddsVolume@4fecf308
2019-06-13 22:36:03,774 INFO  ratis.XceiverServerRatis (XceiverServerRatis.java:newXceiverServerRatis(401)) - Found a free port for the server : 32931
2019-06-13 22:36:03,775 INFO  impl.RaftServerProxy (ConfUtils.java:logGet(43)) - raft.rpc.type = GRPC (default)
2019-06-13 22:36:03,775 INFO  grpc.GrpcConfigKeys$Server (ConfUtils.java:logGet(43)) - raft.grpc.server.port = 32931 (custom)
2019-06-13 22:36:03,775 INFO  server.GrpcService (ConfUtils.java:logGet(43)) - raft.grpc.message.size.max = 33570816 (custom)
2019-06-13 22:36:03,775 INFO  server.RaftServerConfigKeys (ConfUtils.java:logGet(43)) - raft.server.log.appender.buffer.byte-limit = 33554432 (custom)
2019-06-13 22:36:03,776 INFO  server.GrpcService (ConfUtils.java:logGet(43)) - raft.grpc.flow.control.window = 1MB (=1048576) (default)
2019-06-13 22:36:03,776 INFO  server.RaftServerConfigKeys (ConfUtils.java:logGet(43)) - raft.server.rpc.request.timeout = 3000ms (default)
2019-06-13 22:36:03,776 INFO  server.RaftServerConfigKeys (ConfUtils.java:logGet(43)) - raft.server.storage.dir = [/opt/src/hadoop-ozone/integration-test/target/test-dir/MiniOzoneClusterImpl-0cde403e-272f-4bc0-9429-43d613d17110/datanode-3/data/ratis] (custom)
2019-06-13 22:36:03,777 INFO  server.XceiverServerGrpc (XceiverServerGrpc.java:<init>(97)) - Found a free port for the server : 36447
2019-06-13 22:36:03,777 INFO  replication.SimpleContainerDownloader (SimpleContainerDownloader.java:<init>(72)) - Starting container downloader service to copy containers to replicate.
2019-06-13 22:36:03,784 INFO  hdfs.DFSUtil (DFSUtil.java:httpServerTemplateForNNAndJN(1641)) - Starting Web-server for hddsDatanode at: http://0.0.0.0:0
2019-06-13 22:36:03,785 INFO  server.AuthenticationFilter (AuthenticationFilter.java:constructSecretProvider(240)) - Unable to initialize FileSignerSecretProvider, falling back to use random secrets.
2019-06-13 22:36:03,787 WARN  http.HttpRequestLog (HttpRequestLog.java:getRequestLog(97)) - Jetty request log can only be enabled using Log4j
2019-06-13 22:36:03,790 INFO  http.HttpServer2 (HttpServer2.java:addGlobalFilter(975)) - Added global filter 'safety' (class=org.apache.hadoop.http.HttpServer2$QuotingInputFilter)
2019-06-13 22:36:03,791 INFO  http.HttpServer2 (HttpServer2.java:addFilter(948)) - Added filter static_user_filter (class=org.apache.hadoop.http.lib.StaticUserWebFilter$StaticUserFilter) to context hddsDatanode
2019-06-13 22:36:03,791 INFO  http.HttpServer2 (HttpServer2.java:addFilter(958)) - Added filter static_user_filter (class=org.apache.hadoop.http.lib.StaticUserWebFilter$StaticUserFilter) to context static
2019-06-13 22:36:03,791 INFO  http.HttpServer2 (HttpServer2.java:addFilter(958)) - Added filter static_user_filter (class=org.apache.hadoop.http.lib.StaticUserWebFilter$StaticUserFilter) to context logs
2019-06-13 22:36:03,792 INFO  http.HttpServer2 (HttpServer2.java:bindListener(1191)) - Jetty bound to port 32923
2019-06-13 22:36:03,792 INFO  server.Server (Server.java:doStart(351)) - jetty-9.3.24.v20180605, build timestamp: 2018-06-05T17:11:56Z, git hash: 84205aa28f11a4f31f2a3b86d1bba2cc8ab69827
2019-06-13 22:36:03,806 INFO  handler.ContextHandler (ContextHandler.java:doStart(781)) - Started o.e.j.s.ServletContextHandler@57fdb8a4{/logs,file:///opt/src/hadoop-ozone/integration-test/target/log,AVAILABLE}
2019-06-13 22:36:03,807 INFO  handler.ContextHandler (ContextHandler.java:doStart(781)) - Started o.e.j.s.ServletContextHandler@2db15f70{/static,jar:file:/root/.m2/repository/org/apache/hadoop/hadoop-hdds-container-service/0.5.0-SNAPSHOT/hadoop-hdds-container-service-0.5.0-SNAPSHOT.jar!/webapps/static,AVAILABLE}
2019-06-13 22:36:03,836 INFO  handler.ContextHandler (ContextHandler.java:doStart(781)) - Started o.e.j.w.WebAppContext@44b940a2{/,file:///tmp/jetty-0.0.0.0-32923-hddsDatanode-_-any-3927193602212857664.dir/webapp/,AVAILABLE}{/hddsDatanode}
2019-06-13 22:36:03,837 INFO  server.AbstractConnector (AbstractConnector.java:doStart(278)) - Started ServerConnector@34c53688{HTTP/1.1,[http/1.1]}{0.0.0.0:32923}
2019-06-13 22:36:03,837 INFO  server.Server (Server.java:doStart(419)) - Started @6634ms
2019-06-13 22:36:03,846 INFO  server.BaseHttpServer (BaseHttpServer.java:updateConnectorAddress(207)) - HTTP server of HDDSDATANODE is listening at http://0.0.0.0:32923
2019-06-13 22:36:04,019 INFO  ozone.HddsDatanodeService (HddsDatanodeService.java:startPlugins(396)) - Started plug-in org.apache.hadoop.ozone.web.OzoneHddsDatanodeService@1cd2143b
2019-06-13 22:36:04,021 INFO  impl.MetricsSystemImpl (MetricsSystemImpl.java:init(158)) - HddsDatanode metrics system started (again)
2019-06-13 22:36:04,021 INFO  ozone.HddsDatanodeService (HddsDatanodeService.java:start(185)) - HddsDatanodeService host:ozone-t78nf-2139872126 ip:192.168.105.135
2019-06-13 22:36:04,037 INFO  util.JvmPauseMonitor (JvmPauseMonitor.java:run(188)) - Starting JVM pause monitor
2019-06-13 22:36:04,048 INFO  datanode.InitDatanodeState (InitDatanodeState.java:persistContainerDatanodeDetails(140)) - DatanodeDetails is persisted to /opt/src/hadoop-ozone/integration-test/target/test-dir/MiniOzoneClusterImpl-0cde403e-272f-4bc0-9429-43d613d17110/datanode-3/meta/datanode.id
2019-06-13 22:36:04,057 INFO  volume.HddsVolume (HddsVolume.java:<init>(176)) - Creating Volume: /opt/src/hadoop-ozone/integration-test/target/test-dir/MiniOzoneClusterImpl-0cde403e-272f-4bc0-9429-43d613d17110/datanode-4/data/containers/hdds of  storage type : DISK and capacity : 104021790720
2019-06-13 22:36:04,058 INFO  volume.VolumeSet (VolumeSet.java:initializeVolumeSet(170)) - Added Volume : /opt/src/hadoop-ozone/integration-test/target/test-dir/MiniOzoneClusterImpl-0cde403e-272f-4bc0-9429-43d613d17110/datanode-4/data/containers/hdds to VolumeSet
2019-06-13 22:36:04,058 INFO  volume.ThrottledAsyncChecker (ThrottledAsyncChecker.java:schedule(140)) - Scheduling a check for org.apache.hadoop.ozone.container.common.volume.HddsVolume@261f359f
2019-06-13 22:36:04,062 INFO  volume.HddsVolumeChecker (HddsVolumeChecker.java:checkAllVolumes(203)) - Scheduled health check for volume org.apache.hadoop.ozone.container.common.volume.HddsVolume@261f359f
2019-06-13 22:36:04,088 INFO  ratis.XceiverServerRatis (XceiverServerRatis.java:newXceiverServerRatis(401)) - Found a free port for the server : 38755
2019-06-13 22:36:04,095 INFO  impl.RaftServerProxy (ConfUtils.java:logGet(43)) - raft.rpc.type = GRPC (default)
2019-06-13 22:36:04,104 INFO  grpc.GrpcConfigKeys$Server (ConfUtils.java:logGet(43)) - raft.grpc.server.port = 38755 (custom)
2019-06-13 22:36:04,105 INFO  server.GrpcService (ConfUtils.java:logGet(43)) - raft.grpc.message.size.max = 33570816 (custom)
2019-06-13 22:36:04,105 INFO  server.RaftServerConfigKeys (ConfUtils.java:logGet(43)) - raft.server.log.appender.buffer.byte-limit = 33554432 (custom)
2019-06-13 22:36:04,105 INFO  server.GrpcService (ConfUtils.java:logGet(43)) - raft.grpc.flow.control.window = 1MB (=1048576) (default)
2019-06-13 22:36:04,106 INFO  server.RaftServerConfigKeys (ConfUtils.java:logGet(43)) - raft.server.rpc.request.timeout = 3000ms (default)
2019-06-13 22:36:04,106 INFO  server.RaftServerConfigKeys (ConfUtils.java:logGet(43)) - raft.server.storage.dir = [/opt/src/hadoop-ozone/integration-test/target/test-dir/MiniOzoneClusterImpl-0cde403e-272f-4bc0-9429-43d613d17110/datanode-4/data/ratis] (custom)
2019-06-13 22:36:04,107 INFO  server.XceiverServerGrpc (XceiverServerGrpc.java:<init>(97)) - Found a free port for the server : 33797
2019-06-13 22:36:04,107 INFO  replication.SimpleContainerDownloader (SimpleContainerDownloader.java:<init>(72)) - Starting container downloader service to copy containers to replicate.
2019-06-13 22:36:04,108 INFO  hdfs.DFSUtil (DFSUtil.java:httpServerTemplateForNNAndJN(1641)) - Starting Web-server for hddsDatanode at: http://0.0.0.0:0
2019-06-13 22:36:04,110 INFO  server.AuthenticationFilter (AuthenticationFilter.java:constructSecretProvider(240)) - Unable to initialize FileSignerSecretProvider, falling back to use random secrets.
2019-06-13 22:36:04,117 WARN  http.HttpRequestLog (HttpRequestLog.java:getRequestLog(97)) - Jetty request log can only be enabled using Log4j
2019-06-13 22:36:04,120 INFO  http.HttpServer2 (HttpServer2.java:addGlobalFilter(975)) - Added global filter 'safety' (class=org.apache.hadoop.http.HttpServer2$QuotingInputFilter)
2019-06-13 22:36:04,121 INFO  http.HttpServer2 (HttpServer2.java:addFilter(948)) - Added filter static_user_filter (class=org.apache.hadoop.http.lib.StaticUserWebFilter$StaticUserFilter) to context hddsDatanode
2019-06-13 22:36:04,121 INFO  http.HttpServer2 (HttpServer2.java:addFilter(958)) - Added filter static_user_filter (class=org.apache.hadoop.http.lib.StaticUserWebFilter$StaticUserFilter) to context static
2019-06-13 22:36:04,121 INFO  http.HttpServer2 (HttpServer2.java:addFilter(958)) - Added filter static_user_filter (class=org.apache.hadoop.http.lib.StaticUserWebFilter$StaticUserFilter) to context logs
2019-06-13 22:36:04,122 INFO  http.HttpServer2 (HttpServer2.java:bindListener(1191)) - Jetty bound to port 33453
2019-06-13 22:36:04,125 INFO  server.Server (Server.java:doStart(351)) - jetty-9.3.24.v20180605, build timestamp: 2018-06-05T17:11:56Z, git hash: 84205aa28f11a4f31f2a3b86d1bba2cc8ab69827
2019-06-13 22:36:04,138 INFO  handler.ContextHandler (ContextHandler.java:doStart(781)) - Started o.e.j.s.ServletContextHandler@38732364{/logs,file:///opt/src/hadoop-ozone/integration-test/target/log,AVAILABLE}
2019-06-13 22:36:04,139 INFO  handler.ContextHandler (ContextHandler.java:doStart(781)) - Started o.e.j.s.ServletContextHandler@48cd319d{/static,jar:file:/root/.m2/repository/org/apache/hadoop/hadoop-hdds-container-service/0.5.0-SNAPSHOT/hadoop-hdds-container-service-0.5.0-SNAPSHOT.jar!/webapps/static,AVAILABLE}
2019-06-13 22:36:04,211 INFO  handler.ContextHandler (ContextHandler.java:doStart(781)) - Started o.e.j.w.WebAppContext@42c0a16e{/,file:///tmp/jetty-0.0.0.0-33453-hddsDatanode-_-any-6740617327842279686.dir/webapp/,AVAILABLE}{/hddsDatanode}
2019-06-13 22:36:04,213 INFO  server.AbstractConnector (AbstractConnector.java:doStart(278)) - Started ServerConnector@14d1f256{HTTP/1.1,[http/1.1]}{0.0.0.0:33453}
2019-06-13 22:36:04,213 INFO  server.Server (Server.java:doStart(419)) - Started @7010ms
2019-06-13 22:36:04,217 INFO  server.BaseHttpServer (BaseHttpServer.java:updateConnectorAddress(207)) - HTTP server of HDDSDATANODE is listening at http://0.0.0.0:33453
2019-06-13 22:36:04,420 INFO  ozone.HddsDatanodeService (HddsDatanodeService.java:startPlugins(396)) - Started plug-in org.apache.hadoop.ozone.web.OzoneHddsDatanodeService@6e95973c
2019-06-13 22:36:04,421 INFO  impl.MetricsSystemImpl (MetricsSystemImpl.java:init(158)) - HddsDatanode metrics system started (again)
2019-06-13 22:36:04,422 INFO  ozone.HddsDatanodeService (HddsDatanodeService.java:start(185)) - HddsDatanodeService host:ozone-t78nf-2139872126 ip:192.168.105.135
2019-06-13 22:36:04,455 INFO  util.JvmPauseMonitor (JvmPauseMonitor.java:run(188)) - Starting JVM pause monitor
2019-06-13 22:36:04,459 INFO  datanode.InitDatanodeState (InitDatanodeState.java:persistContainerDatanodeDetails(140)) - DatanodeDetails is persisted to /opt/src/hadoop-ozone/integration-test/target/test-dir/MiniOzoneClusterImpl-0cde403e-272f-4bc0-9429-43d613d17110/datanode-4/meta/datanode.id
2019-06-13 22:36:04,466 INFO  volume.HddsVolume (HddsVolume.java:<init>(176)) - Creating Volume: /opt/src/hadoop-ozone/integration-test/target/test-dir/MiniOzoneClusterImpl-0cde403e-272f-4bc0-9429-43d613d17110/datanode-5/data/containers/hdds of  storage type : DISK and capacity : 104021790720
2019-06-13 22:36:04,466 INFO  volume.VolumeSet (VolumeSet.java:initializeVolumeSet(170)) - Added Volume : /opt/src/hadoop-ozone/integration-test/target/test-dir/MiniOzoneClusterImpl-0cde403e-272f-4bc0-9429-43d613d17110/datanode-5/data/containers/hdds to VolumeSet
2019-06-13 22:36:04,466 INFO  volume.ThrottledAsyncChecker (ThrottledAsyncChecker.java:schedule(140)) - Scheduling a check for org.apache.hadoop.ozone.container.common.volume.HddsVolume@2c9fdb64
2019-06-13 22:36:04,477 INFO  volume.HddsVolumeChecker (HddsVolumeChecker.java:checkAllVolumes(203)) - Scheduled health check for volume org.apache.hadoop.ozone.container.common.volume.HddsVolume@2c9fdb64
2019-06-13 22:36:04,497 INFO  ratis.XceiverServerRatis (XceiverServerRatis.java:newXceiverServerRatis(401)) - Found a free port for the server : 42985
2019-06-13 22:36:04,499 INFO  impl.RaftServerProxy (ConfUtils.java:logGet(43)) - raft.rpc.type = GRPC (default)
2019-06-13 22:36:04,499 INFO  grpc.GrpcConfigKeys$Server (ConfUtils.java:logGet(43)) - raft.grpc.server.port = 42985 (custom)
2019-06-13 22:36:04,499 INFO  server.GrpcService (ConfUtils.java:logGet(43)) - raft.grpc.message.size.max = 33570816 (custom)
2019-06-13 22:36:04,499 INFO  server.RaftServerConfigKeys (ConfUtils.java:logGet(43)) - raft.server.log.appender.buffer.byte-limit = 33554432 (custom)
2019-06-13 22:36:04,499 INFO  server.GrpcService (ConfUtils.java:logGet(43)) - raft.grpc.flow.control.window = 1MB (=1048576) (default)
2019-06-13 22:36:04,500 INFO  server.RaftServerConfigKeys (ConfUtils.java:logGet(43)) - raft.server.rpc.request.timeout = 3000ms (default)
2019-06-13 22:36:04,501 INFO  server.RaftServerConfigKeys (ConfUtils.java:logGet(43)) - raft.server.storage.dir = [/opt/src/hadoop-ozone/integration-test/target/test-dir/MiniOzoneClusterImpl-0cde403e-272f-4bc0-9429-43d613d17110/datanode-5/data/ratis] (custom)
2019-06-13 22:36:04,502 INFO  server.XceiverServerGrpc (XceiverServerGrpc.java:<init>(97)) - Found a free port for the server : 34651
2019-06-13 22:36:04,502 INFO  replication.SimpleContainerDownloader (SimpleContainerDownloader.java:<init>(72)) - Starting container downloader service to copy containers to replicate.
2019-06-13 22:36:04,504 INFO  hdfs.DFSUtil (DFSUtil.java:httpServerTemplateForNNAndJN(1641)) - Starting Web-server for hddsDatanode at: http://0.0.0.0:0
2019-06-13 22:36:04,507 INFO  server.AuthenticationFilter (AuthenticationFilter.java:constructSecretProvider(240)) - Unable to initialize FileSignerSecretProvider, falling back to use random secrets.
2019-06-13 22:36:04,508 WARN  http.HttpRequestLog (HttpRequestLog.java:getRequestLog(97)) - Jetty request log can only be enabled using Log4j
2019-06-13 22:36:04,509 INFO  http.HttpServer2 (HttpServer2.java:addGlobalFilter(975)) - Added global filter 'safety' (class=org.apache.hadoop.http.HttpServer2$QuotingInputFilter)
2019-06-13 22:36:04,518 INFO  http.HttpServer2 (HttpServer2.java:addFilter(948)) - Added filter static_user_filter (class=org.apache.hadoop.http.lib.StaticUserWebFilter$StaticUserFilter) to context hddsDatanode
2019-06-13 22:36:04,518 INFO  http.HttpServer2 (HttpServer2.java:addFilter(958)) - Added filter static_user_filter (class=org.apache.hadoop.http.lib.StaticUserWebFilter$StaticUserFilter) to context static
2019-06-13 22:36:04,518 INFO  http.HttpServer2 (HttpServer2.java:addFilter(958)) - Added filter static_user_filter (class=org.apache.hadoop.http.lib.StaticUserWebFilter$StaticUserFilter) to context logs
2019-06-13 22:36:04,519 INFO  http.HttpServer2 (HttpServer2.java:bindListener(1191)) - Jetty bound to port 40595
2019-06-13 22:36:04,519 INFO  server.Server (Server.java:doStart(351)) - jetty-9.3.24.v20180605, build timestamp: 2018-06-05T17:11:56Z, git hash: 84205aa28f11a4f31f2a3b86d1bba2cc8ab69827
2019-06-13 22:36:04,521 INFO  handler.ContextHandler (ContextHandler.java:doStart(781)) - Started o.e.j.s.ServletContextHandler@147cc940{/logs,file:///opt/src/hadoop-ozone/integration-test/target/log,AVAILABLE}
2019-06-13 22:36:04,522 INFO  handler.ContextHandler (ContextHandler.java:doStart(781)) - Started o.e.j.s.ServletContextHandler@70c29356{/static,jar:file:/root/.m2/repository/org/apache/hadoop/hadoop-hdds-container-service/0.5.0-SNAPSHOT/hadoop-hdds-container-service-0.5.0-SNAPSHOT.jar!/webapps/static,AVAILABLE}
2019-06-13 22:36:04,553 INFO  handler.ContextHandler (ContextHandler.java:doStart(781)) - Started o.e.j.w.WebAppContext@78116659{/,file:///tmp/jetty-0.0.0.0-40595-hddsDatanode-_-any-3103761460751828959.dir/webapp/,AVAILABLE}{/hddsDatanode}
2019-06-13 22:36:04,554 INFO  server.AbstractConnector (AbstractConnector.java:doStart(278)) - Started ServerConnector@712e787e{HTTP/1.1,[http/1.1]}{0.0.0.0:40595}
2019-06-13 22:36:04,554 INFO  server.Server (Server.java:doStart(419)) - Started @7351ms
2019-06-13 22:36:04,555 INFO  server.BaseHttpServer (BaseHttpServer.java:updateConnectorAddress(207)) - HTTP server of HDDSDATANODE is listening at http://0.0.0.0:40595
2019-06-13 22:36:04,850 INFO  ozone.HddsDatanodeService (HddsDatanodeService.java:startPlugins(396)) - Started plug-in org.apache.hadoop.ozone.web.OzoneHddsDatanodeService@1cde374
2019-06-13 22:36:04,852 INFO  ozone.MiniOzoneClusterImpl (MiniOzoneClusterImpl.java:lambda$waitForClusterToBeReady$0(142)) - Waiting for cluster to be ready. Got 0 of 6 DN Heartbeats.
2019-06-13 22:36:04,866 INFO  util.JvmPauseMonitor (JvmPauseMonitor.java:run(188)) - Starting JVM pause monitor
2019-06-13 22:36:04,868 INFO  datanode.InitDatanodeState (InitDatanodeState.java:persistContainerDatanodeDetails(140)) - DatanodeDetails is persisted to /opt/src/hadoop-ozone/integration-test/target/test-dir/MiniOzoneClusterImpl-0cde403e-272f-4bc0-9429-43d613d17110/datanode-5/meta/datanode.id
2019-06-13 22:36:04,921 INFO  ozoneimpl.OzoneContainer (OzoneContainer.java:start(186)) - Attempting to start container services.
2019-06-13 22:36:04,921 INFO  ozoneimpl.OzoneContainer (OzoneContainer.java:startContainerScrub(160)) - Background container scrubber has been disabled by hdds.containerscrub.enabled
2019-06-13 22:36:04,921 INFO  ratis.XceiverServerRatis (XceiverServerRatis.java:start(418)) - Starting XceiverServerRatis b6f33d37-d07a-4cad-a1a8-414759879a91 at port 41753
2019-06-13 22:36:04,972 INFO  impl.RaftServerProxy (RaftServerProxy.java:lambda$start$3(299)) - b6f33d37-d07a-4cad-a1a8-414759879a91: start RPC server
2019-06-13 22:36:05,152 INFO  server.GrpcService (GrpcService.java:startImpl(148)) - b6f33d37-d07a-4cad-a1a8-414759879a91: GrpcService started, listening on 0.0.0.0/0.0.0.0:41753
2019-06-13 22:36:05,348 INFO  ozoneimpl.OzoneContainer (OzoneContainer.java:start(186)) - Attempting to start container services.
2019-06-13 22:36:05,350 INFO  ozoneimpl.OzoneContainer (OzoneContainer.java:startContainerScrub(160)) - Background container scrubber has been disabled by hdds.containerscrub.enabled
2019-06-13 22:36:05,350 INFO  ratis.XceiverServerRatis (XceiverServerRatis.java:start(418)) - Starting XceiverServerRatis a4ffd4fb-b071-43e2-a42d-1f8e9db2bf22 at port 41953
2019-06-13 22:36:05,359 INFO  impl.RaftServerProxy (RaftServerProxy.java:lambda$start$3(299)) - a4ffd4fb-b071-43e2-a42d-1f8e9db2bf22: start RPC server
2019-06-13 22:36:05,362 INFO  server.GrpcService (GrpcService.java:startImpl(148)) - a4ffd4fb-b071-43e2-a42d-1f8e9db2bf22: GrpcService started, listening on 0.0.0.0/0.0.0.0:41953
2019-06-13 22:36:05,720 INFO  ozoneimpl.OzoneContainer (OzoneContainer.java:start(186)) - Attempting to start container services.
2019-06-13 22:36:05,721 INFO  ozoneimpl.OzoneContainer (OzoneContainer.java:startContainerScrub(160)) - Background container scrubber has been disabled by hdds.containerscrub.enabled
2019-06-13 22:36:05,721 INFO  ratis.XceiverServerRatis (XceiverServerRatis.java:start(418)) - Starting XceiverServerRatis 88ff2d4d-8f54-47d0-8c8a-37afcf5c9a51 at port 44459
2019-06-13 22:36:05,728 INFO  impl.RaftServerProxy (RaftServerProxy.java:lambda$start$3(299)) - 88ff2d4d-8f54-47d0-8c8a-37afcf5c9a51: start RPC server
2019-06-13 22:36:05,729 INFO  server.GrpcService (GrpcService.java:startImpl(148)) - 88ff2d4d-8f54-47d0-8c8a-37afcf5c9a51: GrpcService started, listening on 0.0.0.0/0.0.0.0:44459
2019-06-13 22:36:05,852 INFO  ozone.MiniOzoneClusterImpl (MiniOzoneClusterImpl.java:lambda$waitForClusterToBeReady$0(142)) - Waiting for cluster to be ready. Got 0 of 6 DN Heartbeats.
2019-06-13 22:36:06,042 INFO  ozoneimpl.OzoneContainer (OzoneContainer.java:start(186)) - Attempting to start container services.
2019-06-13 22:36:06,043 INFO  ozoneimpl.OzoneContainer (OzoneContainer.java:startContainerScrub(160)) - Background container scrubber has been disabled by hdds.containerscrub.enabled
2019-06-13 22:36:06,044 INFO  ratis.XceiverServerRatis (XceiverServerRatis.java:start(418)) - Starting XceiverServerRatis 8ec4bb81-9a04-475b-b3d7-7a9c8a9f84c0 at port 32931
2019-06-13 22:36:06,049 INFO  impl.RaftServerProxy (RaftServerProxy.java:lambda$start$3(299)) - 8ec4bb81-9a04-475b-b3d7-7a9c8a9f84c0: start RPC server
2019-06-13 22:36:06,051 INFO  server.GrpcService (GrpcService.java:startImpl(148)) - 8ec4bb81-9a04-475b-b3d7-7a9c8a9f84c0: GrpcService started, listening on 0.0.0.0/0.0.0.0:32931
2019-06-13 22:36:06,461 INFO  ozoneimpl.OzoneContainer (OzoneContainer.java:start(186)) - Attempting to start container services.
2019-06-13 22:36:06,463 INFO  ozoneimpl.OzoneContainer (OzoneContainer.java:startContainerScrub(160)) - Background container scrubber has been disabled by hdds.containerscrub.enabled
2019-06-13 22:36:06,463 INFO  ratis.XceiverServerRatis (XceiverServerRatis.java:start(418)) - Starting XceiverServerRatis ade0d73f-a94f-40bc-baab-6dc80ad40c80 at port 38755
2019-06-13 22:36:06,469 INFO  impl.RaftServerProxy (RaftServerProxy.java:lambda$start$3(299)) - ade0d73f-a94f-40bc-baab-6dc80ad40c80: start RPC server
2019-06-13 22:36:06,471 INFO  server.GrpcService (GrpcService.java:startImpl(148)) - ade0d73f-a94f-40bc-baab-6dc80ad40c80: GrpcService started, listening on 0.0.0.0/0.0.0.0:38755
2019-06-13 22:36:06,852 INFO  ozone.MiniOzoneClusterImpl (MiniOzoneClusterImpl.java:lambda$waitForClusterToBeReady$0(142)) - Waiting for cluster to be ready. Got 0 of 6 DN Heartbeats.
2019-06-13 22:36:06,872 INFO  ozoneimpl.OzoneContainer (OzoneContainer.java:start(186)) - Attempting to start container services.
2019-06-13 22:36:06,875 INFO  ozoneimpl.OzoneContainer (OzoneContainer.java:startContainerScrub(160)) - Background container scrubber has been disabled by hdds.containerscrub.enabled
2019-06-13 22:36:06,875 INFO  ratis.XceiverServerRatis (XceiverServerRatis.java:start(418)) - Starting XceiverServerRatis bf1fd644-dc28-485b-8213-b1894242cdf3 at port 42985
2019-06-13 22:36:06,899 INFO  node.SCMNodeManager (SCMNodeManager.java:register(234)) - Registered Data node : b6f33d37-d07a-4cad-a1a8-414759879a91{ip: 192.168.105.135, host: ozone-t78nf-2139872126, networkLocation: /default-rack, certSerialId: null}
2019-06-13 22:36:06,912 INFO  impl.RaftServerProxy (RaftServerProxy.java:lambda$start$3(299)) - bf1fd644-dc28-485b-8213-b1894242cdf3: start RPC server
2019-06-13 22:36:06,916 INFO  server.GrpcService (GrpcService.java:startImpl(148)) - bf1fd644-dc28-485b-8213-b1894242cdf3: GrpcService started, listening on 0.0.0.0/0.0.0.0:42985
2019-06-13 22:36:06,917 INFO  safemode.SCMSafeModeManager (DataNodeSafeModeRule.java:process(71)) - SCM in safe mode. 1 DataNodes registered, 1 required.
2019-06-13 22:36:06,918 INFO  safemode.SCMSafeModeManager (SCMSafeModeManager.java:validateSafeModeExitRules(177)) - ScmSafeModeManager, all rules are successfully validated
2019-06-13 22:36:06,918 INFO  safemode.SCMSafeModeManager (SCMSafeModeManager.java:exitSafeMode(193)) - SCM exiting safe mode.
2019-06-13 22:36:07,338 INFO  impl.RaftServerProxy (RaftServerProxy.java:addNew(89)) - b6f33d37-d07a-4cad-a1a8-414759879a91: addNew group-C06CBBB7D808:[b6f33d37-d07a-4cad-a1a8-414759879a91:192.168.105.135:41753] returns group-C06CBBB7D808:java.util.concurrent.CompletableFuture@7446b380[Not completed]
2019-06-13 22:36:07,345 INFO  node.SCMNodeManager (SCMNodeManager.java:register(234)) - Registered Data node : a4ffd4fb-b071-43e2-a42d-1f8e9db2bf22{ip: 192.168.105.135, host: ozone-t78nf-2139872126, networkLocation: /default-rack, certSerialId: null}
2019-06-13 22:36:07,347 INFO  impl.RaftServerImpl (RaftServerImpl.java:<init>(91)) - b6f33d37-d07a-4cad-a1a8-414759879a91: new RaftServerImpl for group-C06CBBB7D808:[b6f33d37-d07a-4cad-a1a8-414759879a91:192.168.105.135:41753] with ContainerStateMachine:uninitialized
2019-06-13 22:36:07,350 INFO  server.RaftServerConfigKeys (ConfUtils.java:logGet(43)) - raft.server.rpc.timeout.min = 1s (custom)
2019-06-13 22:36:07,351 INFO  server.RaftServerConfigKeys (ConfUtils.java:logGet(43)) - raft.server.rpc.timeout.max = 1200ms (custom)
2019-06-13 22:36:07,351 INFO  server.RaftServerConfigKeys (ConfUtils.java:logGet(43)) - raft.server.rpcslowness.timeout = 10s (custom)
2019-06-13 22:36:07,352 INFO  server.RaftServerConfigKeys (ConfUtils.java:logGet(43)) - raft.server.log.appender.install.snapshot.enabled = true (default)
2019-06-13 22:36:07,358 INFO  impl.RaftServerImpl (ServerState.java:<init>(101)) - b6f33d37-d07a-4cad-a1a8-414759879a91:group-C06CBBB7D808 ConfigurationManager, init=-1: [b6f33d37-d07a-4cad-a1a8-414759879a91:192.168.105.135:41753], old=null, confs=<EMPTY_MAP>
2019-06-13 22:36:07,359 INFO  server.RaftServerConfigKeys (ConfUtils.java:logGet(43)) - raft.server.storage.dir = [/opt/src/hadoop-ozone/integration-test/target/test-dir/MiniOzoneClusterImpl-0cde403e-272f-4bc0-9429-43d613d17110/datanode-0/data/ratis] (custom)
2019-06-13 22:36:07,364 INFO  storage.RaftStorageDirectory (RaftStorageDirectory.java:analyzeStorage(246)) - The storage directory /opt/src/hadoop-ozone/integration-test/target/test-dir/MiniOzoneClusterImpl-0cde403e-272f-4bc0-9429-43d613d17110/datanode-0/data/ratis/7e156f30-4a48-4d4f-b81a-c06cbbb7d808 does not exist. Creating ...
2019-06-13 22:36:07,491 INFO  storage.RaftStorageDirectory (RaftStorageDirectory.java:tryLock(328)) - Lock on /opt/src/hadoop-ozone/integration-test/target/test-dir/MiniOzoneClusterImpl-0cde403e-272f-4bc0-9429-43d613d17110/datanode-0/data/ratis/7e156f30-4a48-4d4f-b81a-c06cbbb7d808/in_use.lock acquired by nodename 10087@ozone-t78nf-2139872126
2019-06-13 22:36:07,496 INFO  storage.RaftStorage (RaftStorage.java:format(75)) - Storage directory /opt/src/hadoop-ozone/integration-test/target/test-dir/MiniOzoneClusterImpl-0cde403e-272f-4bc0-9429-43d613d17110/datanode-0/data/ratis/7e156f30-4a48-4d4f-b81a-c06cbbb7d808 has been successfully formatted.
2019-06-13 22:36:07,498 INFO  ratis.ContainerStateMachine (ContainerStateMachine.java:loadSnapshot(199)) - The snapshot info is null.Setting the last applied index to:(t:0, i:~)
2019-06-13 22:36:07,498 INFO  server.RaftServerConfigKeys (ConfUtils.java:logGet(43)) - raft.server.leader.election.timeout = 10s (custom)
2019-06-13 22:36:07,500 INFO  server.RaftServerConfigKeys (ConfUtils.java:logGet(43)) - raft.server.log.use.memory = false (default)
2019-06-13 22:36:07,503 INFO  server.RaftServerConfigKeys (ConfUtils.java:logGet(43)) - raft.server.log.appender.buffer.byte-limit = 33554432 (custom)
2019-06-13 22:36:07,506 INFO  server.RaftServerConfigKeys (ConfUtils.java:logGet(43)) - raft.server.log.segment.size.max = 16384 (custom)
2019-06-13 22:36:07,510 INFO  server.RaftServerConfigKeys (ConfUtils.java:logGet(43)) - raft.server.log.segment.cache.num.max = 2 (custom)
2019-06-13 22:36:07,514 INFO  storage.RaftLogWorker (RaftLogWorker.java:<init>(123)) - new b6f33d37-d07a-4cad-a1a8-414759879a91-RaftLogWorker for Storage Directory /opt/src/hadoop-ozone/integration-test/target/test-dir/MiniOzoneClusterImpl-0cde403e-272f-4bc0-9429-43d613d17110/datanode-0/data/ratis/7e156f30-4a48-4d4f-b81a-c06cbbb7d808
2019-06-13 22:36:07,514 INFO  server.RaftServerConfigKeys (ConfUtils.java:logGet(43)) - raft.server.log.queue.byte-limit = 2147483647 (custom)
2019-06-13 22:36:07,514 INFO  server.RaftServerConfigKeys (ConfUtils.java:logGet(43)) - raft.server.log.queue.element-limit = 1024 (custom)
2019-06-13 22:36:07,516 INFO  server.RaftServerConfigKeys (ConfUtils.java:logGet(43)) - raft.server.log.segment.size.max = 16384 (custom)
2019-06-13 22:36:07,517 INFO  server.RaftServerConfigKeys (ConfUtils.java:logGet(43)) - raft.server.log.preallocated.size = 16384 (custom)
2019-06-13 22:36:07,517 INFO  server.RaftServerConfigKeys (ConfUtils.java:logGet(43)) - raft.server.log.write.buffer.size = 33554432 (custom)
2019-06-13 22:36:07,518 INFO  server.RaftServerConfigKeys (ConfUtils.java:logGet(43)) - raft.server.log.force.sync.num = 128 (default)
2019-06-13 22:36:07,519 INFO  server.RaftServerConfigKeys (ConfUtils.java:logGet(43)) - raft.server.log.statemachine.data.sync = true (default)
2019-06-13 22:36:07,519 INFO  server.RaftServerConfigKeys (ConfUtils.java:logGet(43)) - raft.server.log.statemachine.data.sync.timeout = 10s (default)
2019-06-13 22:36:07,519 INFO  server.RaftServerConfigKeys (ConfUtils.java:logGet(43)) - raft.server.log.statemachine.data.sync.timeout.retry = -1 (default)
2019-06-13 22:36:07,522 INFO  server.RaftServerConfigKeys (ConfUtils.java:logGet(43)) - raft.server.log.statemachine.data.caching.enabled = true (custom)
2019-06-13 22:36:07,526 INFO  server.RaftServerConfigKeys (ConfUtils.java:logGet(43)) - raft.server.snapshot.auto.trigger.enabled = true (custom)
2019-06-13 22:36:07,527 INFO  server.RaftServerConfigKeys (ConfUtils.java:logGet(43)) - raft.server.snapshot.auto.trigger.threshold = 10000 (custom)
2019-06-13 22:36:07,527 INFO  server.RaftServerConfigKeys (ConfUtils.java:logGet(43)) - raft.server.retrycache.expirytime = 600000ms (custom)
2019-06-13 22:36:07,542 INFO  impl.RaftServerImpl (RaftServerImpl.java:start(173)) - b6f33d37-d07a-4cad-a1a8-414759879a91: start group-C06CBBB7D808
2019-06-13 22:36:07,542 INFO  impl.RaftServerImpl (RaftServerImpl.java:setRole(164)) - b6f33d37-d07a-4cad-a1a8-414759879a91:group-C06CBBB7D808 changes role from null to FOLLOWER at term 0 for startAsFollower
2019-06-13 22:36:07,543 INFO  impl.RoleInfo (RoleInfo.java:updateAndGet(143)) - b6f33d37-d07a-4cad-a1a8-414759879a91: start FollowerState
2019-06-13 22:36:07,545 INFO  util.JmxRegister (JmxRegister.java:tryRegister(44)) - Successfully registered JMX Bean with object name Ratis:service=RaftServer,group=group-C06CBBB7D808,id=b6f33d37-d07a-4cad-a1a8-414759879a91
2019-06-13 22:36:07,585 INFO  pipeline.PipelineStateManager (PipelineStateManager.java:addPipeline(56)) - Created pipeline Pipeline[ Id: 7e156f30-4a48-4d4f-b81a-c06cbbb7d808, Nodes: b6f33d37-d07a-4cad-a1a8-414759879a91{ip: 192.168.105.135, host: ozone-t78nf-2139872126, networkLocation: /default-rack, certSerialId: null}, Type:RATIS, Factor:ONE, State:OPEN]
2019-06-13 22:36:07,603 INFO  impl.RaftServerProxy (RaftServerProxy.java:addNew(89)) - a4ffd4fb-b071-43e2-a42d-1f8e9db2bf22: addNew group-6BF9C1A6876E:[a4ffd4fb-b071-43e2-a42d-1f8e9db2bf22:192.168.105.135:41953] returns group-6BF9C1A6876E:java.util.concurrent.CompletableFuture@528f6342[Not completed]
2019-06-13 22:36:07,604 INFO  impl.RaftServerImpl (RaftServerImpl.java:<init>(91)) - a4ffd4fb-b071-43e2-a42d-1f8e9db2bf22: new RaftServerImpl for group-6BF9C1A6876E:[a4ffd4fb-b071-43e2-a42d-1f8e9db2bf22:192.168.105.135:41953] with ContainerStateMachine:uninitialized
2019-06-13 22:36:07,605 INFO  server.RaftServerConfigKeys (ConfUtils.java:logGet(43)) - raft.server.rpc.timeout.min = 1s (custom)
2019-06-13 22:36:07,605 INFO  server.RaftServerConfigKeys (ConfUtils.java:logGet(43)) - raft.server.rpc.timeout.max = 1200ms (custom)
2019-06-13 22:36:07,605 INFO  server.RaftServerConfigKeys (ConfUtils.java:logGet(43)) - raft.server.rpcslowness.timeout = 10s (custom)
2019-06-13 22:36:07,605 INFO  server.RaftServerConfigKeys (ConfUtils.java:logGet(43)) - raft.server.log.appender.install.snapshot.enabled = true (default)
2019-06-13 22:36:07,605 INFO  impl.RaftServerImpl (ServerState.java:<init>(101)) - a4ffd4fb-b071-43e2-a42d-1f8e9db2bf22:group-6BF9C1A6876E ConfigurationManager, init=-1: [a4ffd4fb-b071-43e2-a42d-1f8e9db2bf22:192.168.105.135:41953], old=null, confs=<EMPTY_MAP>
2019-06-13 22:36:07,605 INFO  server.RaftServerConfigKeys (ConfUtils.java:logGet(43)) - raft.server.storage.dir = [/opt/src/hadoop-ozone/integration-test/target/test-dir/MiniOzoneClusterImpl-0cde403e-272f-4bc0-9429-43d613d17110/datanode-1/data/ratis] (custom)
2019-06-13 22:36:07,606 INFO  storage.RaftStorageDirectory (RaftStorageDirectory.java:analyzeStorage(246)) - The storage directory /opt/src/hadoop-ozone/integration-test/target/test-dir/MiniOzoneClusterImpl-0cde403e-272f-4bc0-9429-43d613d17110/datanode-1/data/ratis/c9410202-b21f-4a66-a27b-6bf9c1a6876e does not exist. Creating ...
2019-06-13 22:36:07,608 INFO  storage.RaftStorageDirectory (RaftStorageDirectory.java:tryLock(328)) - Lock on /opt/src/hadoop-ozone/integration-test/target/test-dir/MiniOzoneClusterImpl-0cde403e-272f-4bc0-9429-43d613d17110/datanode-1/data/ratis/c9410202-b21f-4a66-a27b-6bf9c1a6876e/in_use.lock acquired by nodename 10087@ozone-t78nf-2139872126
2019-06-13 22:36:07,610 INFO  storage.RaftStorage (RaftStorage.java:format(75)) - Storage directory /opt/src/hadoop-ozone/integration-test/target/test-dir/MiniOzoneClusterImpl-0cde403e-272f-4bc0-9429-43d613d17110/datanode-1/data/ratis/c9410202-b21f-4a66-a27b-6bf9c1a6876e has been successfully formatted.
2019-06-13 22:36:07,612 INFO  ratis.ContainerStateMachine (ContainerStateMachine.java:loadSnapshot(199)) - The snapshot info is null.Setting the last applied index to:(t:0, i:~)
2019-06-13 22:36:07,612 INFO  server.RaftServerConfigKeys (ConfUtils.java:logGet(43)) - raft.server.leader.election.timeout = 10s (custom)
2019-06-13 22:36:07,613 INFO  server.RaftServerConfigKeys (ConfUtils.java:logGet(43)) - raft.server.log.use.memory = false (default)
2019-06-13 22:36:07,613 INFO  server.RaftServerConfigKeys (ConfUtils.java:logGet(43)) - raft.server.log.appender.buffer.byte-limit = 33554432 (custom)
2019-06-13 22:36:07,613 INFO  server.RaftServerConfigKeys (ConfUtils.java:logGet(43)) - raft.server.log.segment.size.max = 16384 (custom)
2019-06-13 22:36:07,613 INFO  server.RaftServerConfigKeys (ConfUtils.java:logGet(43)) - raft.server.log.segment.cache.num.max = 2 (custom)
2019-06-13 22:36:07,613 INFO  storage.RaftLogWorker (RaftLogWorker.java:<init>(123)) - new a4ffd4fb-b071-43e2-a42d-1f8e9db2bf22-RaftLogWorker for Storage Directory /opt/src/hadoop-ozone/integration-test/target/test-dir/MiniOzoneClusterImpl-0cde403e-272f-4bc0-9429-43d613d17110/datanode-1/data/ratis/c9410202-b21f-4a66-a27b-6bf9c1a6876e
2019-06-13 22:36:07,614 INFO  server.RaftServerConfigKeys (ConfUtils.java:logGet(43)) - raft.server.log.queue.byte-limit = 2147483647 (custom)
2019-06-13 22:36:07,614 INFO  server.RaftServerConfigKeys (ConfUtils.java:logGet(43)) - raft.server.log.queue.element-limit = 1024 (custom)
2019-06-13 22:36:07,614 INFO  server.RaftServerConfigKeys (ConfUtils.java:logGet(43)) - raft.server.log.segment.size.max = 16384 (custom)
2019-06-13 22:36:07,614 INFO  server.RaftServerConfigKeys (ConfUtils.java:logGet(43)) - raft.server.log.preallocated.size = 16384 (custom)
2019-06-13 22:36:07,614 INFO  server.RaftServerConfigKeys (ConfUtils.java:logGet(43)) - raft.server.log.write.buffer.size = 33554432 (custom)
2019-06-13 22:36:07,614 INFO  server.RaftServerConfigKeys (ConfUtils.java:logGet(43)) - raft.server.log.force.sync.num = 128 (default)
2019-06-13 22:36:07,614 INFO  server.RaftServerConfigKeys (ConfUtils.java:logGet(43)) - raft.server.log.statemachine.data.sync = true (default)
2019-06-13 22:36:07,614 INFO  server.RaftServerConfigKeys (ConfUtils.java:logGet(43)) - raft.server.log.statemachine.data.sync.timeout = 10s (default)
2019-06-13 22:36:07,614 INFO  server.RaftServerConfigKeys (ConfUtils.java:logGet(43)) - raft.server.log.statemachine.data.sync.timeout.retry = -1 (default)
2019-06-13 22:36:07,614 INFO  server.RaftServerConfigKeys (ConfUtils.java:logGet(43)) - raft.server.log.statemachine.data.caching.enabled = true (custom)
2019-06-13 22:36:07,615 INFO  server.RaftServerConfigKeys (ConfUtils.java:logGet(43)) - raft.server.snapshot.auto.trigger.enabled = true (custom)
2019-06-13 22:36:07,615 INFO  server.RaftServerConfigKeys (ConfUtils.java:logGet(43)) - raft.server.snapshot.auto.trigger.threshold = 10000 (custom)
2019-06-13 22:36:07,615 INFO  server.RaftServerConfigKeys (ConfUtils.java:logGet(43)) - raft.server.retrycache.expirytime = 600000ms (custom)
2019-06-13 22:36:07,615 INFO  impl.RaftServerImpl (RaftServerImpl.java:start(173)) - a4ffd4fb-b071-43e2-a42d-1f8e9db2bf22: start group-6BF9C1A6876E
2019-06-13 22:36:07,615 INFO  impl.RaftServerImpl (RaftServerImpl.java:setRole(164)) - a4ffd4fb-b071-43e2-a42d-1f8e9db2bf22:group-6BF9C1A6876E changes role from null to FOLLOWER at term 0 for startAsFollower
2019-06-13 22:36:07,615 INFO  impl.RoleInfo (RoleInfo.java:updateAndGet(143)) - a4ffd4fb-b071-43e2-a42d-1f8e9db2bf22: start FollowerState
2019-06-13 22:36:07,616 INFO  util.JmxRegister (JmxRegister.java:tryRegister(44)) - Successfully registered JMX Bean with object name Ratis:service=RaftServer,group=group-6BF9C1A6876E,id=a4ffd4fb-b071-43e2-a42d-1f8e9db2bf22
2019-06-13 22:36:07,624 INFO  pipeline.PipelineStateManager (PipelineStateManager.java:addPipeline(56)) - Created pipeline Pipeline[ Id: c9410202-b21f-4a66-a27b-6bf9c1a6876e, Nodes: a4ffd4fb-b071-43e2-a42d-1f8e9db2bf22{ip: 192.168.105.135, host: ozone-t78nf-2139872126, networkLocation: /default-rack, certSerialId: null}, Type:RATIS, Factor:ONE, State:OPEN]
2019-06-13 22:36:07,718 INFO  node.SCMNodeManager (SCMNodeManager.java:register(234)) - Registered Data node : 88ff2d4d-8f54-47d0-8c8a-37afcf5c9a51{ip: 192.168.105.135, host: ozone-t78nf-2139872126, networkLocation: /default-rack, certSerialId: null}
2019-06-13 22:36:07,735 INFO  impl.RaftServerProxy (RaftServerProxy.java:addNew(89)) - 88ff2d4d-8f54-47d0-8c8a-37afcf5c9a51: addNew group-4FCB19EC447A:[88ff2d4d-8f54-47d0-8c8a-37afcf5c9a51:192.168.105.135:44459] returns group-4FCB19EC447A:java.util.concurrent.CompletableFuture@721aa9a7[Not completed]
2019-06-13 22:36:07,760 INFO  impl.RaftServerImpl (RaftServerImpl.java:<init>(91)) - 88ff2d4d-8f54-47d0-8c8a-37afcf5c9a51: new RaftServerImpl for group-4FCB19EC447A:[88ff2d4d-8f54-47d0-8c8a-37afcf5c9a51:192.168.105.135:44459] with ContainerStateMachine:uninitialized
2019-06-13 22:36:07,760 INFO  server.RaftServerConfigKeys (ConfUtils.java:logGet(43)) - raft.server.rpc.timeout.min = 1s (custom)
2019-06-13 22:36:07,760 INFO  server.RaftServerConfigKeys (ConfUtils.java:logGet(43)) - raft.server.rpc.timeout.max = 1200ms (custom)
2019-06-13 22:36:07,760 INFO  server.RaftServerConfigKeys (ConfUtils.java:logGet(43)) - raft.server.rpcslowness.timeout = 10s (custom)
2019-06-13 22:36:07,760 INFO  server.RaftServerConfigKeys (ConfUtils.java:logGet(43)) - raft.server.log.appender.install.snapshot.enabled = true (default)
2019-06-13 22:36:07,760 INFO  impl.RaftServerImpl (ServerState.java:<init>(101)) - 88ff2d4d-8f54-47d0-8c8a-37afcf5c9a51:group-4FCB19EC447A ConfigurationManager, init=-1: [88ff2d4d-8f54-47d0-8c8a-37afcf5c9a51:192.168.105.135:44459], old=null, confs=<EMPTY_MAP>
2019-06-13 22:36:07,761 INFO  server.RaftServerConfigKeys (ConfUtils.java:logGet(43)) - raft.server.storage.dir = [/opt/src/hadoop-ozone/integration-test/target/test-dir/MiniOzoneClusterImpl-0cde403e-272f-4bc0-9429-43d613d17110/datanode-2/data/ratis] (custom)
2019-06-13 22:36:07,761 INFO  storage.RaftStorageDirectory (RaftStorageDirectory.java:analyzeStorage(246)) - The storage directory /opt/src/hadoop-ozone/integration-test/target/test-dir/MiniOzoneClusterImpl-0cde403e-272f-4bc0-9429-43d613d17110/datanode-2/data/ratis/7bdbd0cd-bf5e-46fc-b982-4fcb19ec447a does not exist. Creating ...
2019-06-13 22:36:07,763 INFO  storage.RaftStorageDirectory (RaftStorageDirectory.java:tryLock(328)) - Lock on /opt/src/hadoop-ozone/integration-test/target/test-dir/MiniOzoneClusterImpl-0cde403e-272f-4bc0-9429-43d613d17110/datanode-2/data/ratis/7bdbd0cd-bf5e-46fc-b982-4fcb19ec447a/in_use.lock acquired by nodename 10087@ozone-t78nf-2139872126
2019-06-13 22:36:07,765 INFO  storage.RaftStorage (RaftStorage.java:format(75)) - Storage directory /opt/src/hadoop-ozone/integration-test/target/test-dir/MiniOzoneClusterImpl-0cde403e-272f-4bc0-9429-43d613d17110/datanode-2/data/ratis/7bdbd0cd-bf5e-46fc-b982-4fcb19ec447a has been successfully formatted.
2019-06-13 22:36:07,765 INFO  ratis.ContainerStateMachine (ContainerStateMachine.java:loadSnapshot(199)) - The snapshot info is null.Setting the last applied index to:(t:0, i:~)
2019-06-13 22:36:07,765 INFO  server.RaftServerConfigKeys (ConfUtils.java:logGet(43)) - raft.server.leader.election.timeout = 10s (custom)
2019-06-13 22:36:07,766 INFO  server.RaftServerConfigKeys (ConfUtils.java:logGet(43)) - raft.server.log.use.memory = false (default)
2019-06-13 22:36:07,766 INFO  server.RaftServerConfigKeys (ConfUtils.java:logGet(43)) - raft.server.log.appender.buffer.byte-limit = 33554432 (custom)
2019-06-13 22:36:07,766 INFO  server.RaftServerConfigKeys (ConfUtils.java:logGet(43)) - raft.server.log.segment.size.max = 16384 (custom)
2019-06-13 22:36:07,766 INFO  server.RaftServerConfigKeys (ConfUtils.java:logGet(43)) - raft.server.log.segment.cache.num.max = 2 (custom)
2019-06-13 22:36:07,766 INFO  storage.RaftLogWorker (RaftLogWorker.java:<init>(123)) - new 88ff2d4d-8f54-47d0-8c8a-37afcf5c9a51-RaftLogWorker for Storage Directory /opt/src/hadoop-ozone/integration-test/target/test-dir/MiniOzoneClusterImpl-0cde403e-272f-4bc0-9429-43d613d17110/datanode-2/data/ratis/7bdbd0cd-bf5e-46fc-b982-4fcb19ec447a
2019-06-13 22:36:07,766 INFO  server.RaftServerConfigKeys (ConfUtils.java:logGet(43)) - raft.server.log.queue.byte-limit = 2147483647 (custom)
2019-06-13 22:36:07,766 INFO  server.RaftServerConfigKeys (ConfUtils.java:logGet(43)) - raft.server.log.queue.element-limit = 1024 (custom)
2019-06-13 22:36:07,766 INFO  server.RaftServerConfigKeys (ConfUtils.java:logGet(43)) - raft.server.log.segment.size.max = 16384 (custom)
2019-06-13 22:36:07,766 INFO  server.RaftServerConfigKeys (ConfUtils.java:logGet(43)) - raft.server.log.preallocated.size = 16384 (custom)
2019-06-13 22:36:07,766 INFO  server.RaftServerConfigKeys (ConfUtils.java:logGet(43)) - raft.server.log.write.buffer.size = 33554432 (custom)
2019-06-13 22:36:07,766 INFO  server.RaftServerConfigKeys (ConfUtils.java:logGet(43)) - raft.server.log.force.sync.num = 128 (default)
2019-06-13 22:36:07,766 INFO  server.RaftServerConfigKeys (ConfUtils.java:logGet(43)) - raft.server.log.statemachine.data.sync = true (default)
2019-06-13 22:36:07,767 INFO  server.RaftServerConfigKeys (ConfUtils.java:logGet(43)) - raft.server.log.statemachine.data.sync.timeout = 10s (default)
2019-06-13 22:36:07,767 INFO  server.RaftServerConfigKeys (ConfUtils.java:logGet(43)) - raft.server.log.statemachine.data.sync.timeout.retry = -1 (default)
2019-06-13 22:36:07,767 INFO  server.RaftServerConfigKeys (ConfUtils.java:logGet(43)) - raft.server.log.statemachine.data.caching.enabled = true (custom)
2019-06-13 22:36:07,767 INFO  server.RaftServerConfigKeys (ConfUtils.java:logGet(43)) - raft.server.snapshot.auto.trigger.enabled = true (custom)
2019-06-13 22:36:07,767 INFO  server.RaftServerConfigKeys (ConfUtils.java:logGet(43)) - raft.server.snapshot.auto.trigger.threshold = 10000 (custom)
2019-06-13 22:36:07,767 INFO  server.RaftServerConfigKeys (ConfUtils.java:logGet(43)) - raft.server.retrycache.expirytime = 600000ms (custom)
2019-06-13 22:36:07,767 INFO  impl.RaftServerImpl (RaftServerImpl.java:start(173)) - 88ff2d4d-8f54-47d0-8c8a-37afcf5c9a51: start group-4FCB19EC447A
2019-06-13 22:36:07,768 INFO  impl.RaftServerImpl (RaftServerImpl.java:setRole(164)) - 88ff2d4d-8f54-47d0-8c8a-37afcf5c9a51:group-4FCB19EC447A changes role from null to FOLLOWER at term 0 for startAsFollower
2019-06-13 22:36:07,768 INFO  impl.RoleInfo (RoleInfo.java:updateAndGet(143)) - 88ff2d4d-8f54-47d0-8c8a-37afcf5c9a51: start FollowerState
2019-06-13 22:36:07,768 INFO  util.JmxRegister (JmxRegister.java:tryRegister(44)) - Successfully registered JMX Bean with object name Ratis:service=RaftServer,group=group-4FCB19EC447A,id=88ff2d4d-8f54-47d0-8c8a-37afcf5c9a51
2019-06-13 22:36:07,773 INFO  pipeline.PipelineStateManager (PipelineStateManager.java:addPipeline(56)) - Created pipeline Pipeline[ Id: 7bdbd0cd-bf5e-46fc-b982-4fcb19ec447a, Nodes: 88ff2d4d-8f54-47d0-8c8a-37afcf5c9a51{ip: 192.168.105.135, host: ozone-t78nf-2139872126, networkLocation: /default-rack, certSerialId: null}, Type:RATIS, Factor:ONE, State:OPEN]
2019-06-13 22:36:07,807 INFO  impl.RaftServerProxy (RaftServerProxy.java:addNew(89)) - b6f33d37-d07a-4cad-a1a8-414759879a91: addNew group-CF6BBD870AE8:[a4ffd4fb-b071-43e2-a42d-1f8e9db2bf22:192.168.105.135:41953, b6f33d37-d07a-4cad-a1a8-414759879a91:192.168.105.135:41753, 88ff2d4d-8f54-47d0-8c8a-37afcf5c9a51:192.168.105.135:44459] returns group-CF6BBD870AE8:java.util.concurrent.CompletableFuture@7dc6bfb5[Not completed]
2019-06-13 22:36:07,808 INFO  impl.RaftServerProxy (RaftServerProxy.java:addNew(89)) - a4ffd4fb-b071-43e2-a42d-1f8e9db2bf22: addNew group-CF6BBD870AE8:[a4ffd4fb-b071-43e2-a42d-1f8e9db2bf22:192.168.105.135:41953, b6f33d37-d07a-4cad-a1a8-414759879a91:192.168.105.135:41753, 88ff2d4d-8f54-47d0-8c8a-37afcf5c9a51:192.168.105.135:44459] returns group-CF6BBD870AE8:java.util.concurrent.CompletableFuture@2370ae21[Not completed]
2019-06-13 22:36:07,811 INFO  impl.RaftServerProxy (RaftServerProxy.java:addNew(89)) - 88ff2d4d-8f54-47d0-8c8a-37afcf5c9a51: addNew group-CF6BBD870AE8:[a4ffd4fb-b071-43e2-a42d-1f8e9db2bf22:192.168.105.135:41953, b6f33d37-d07a-4cad-a1a8-414759879a91:192.168.105.135:41753, 88ff2d4d-8f54-47d0-8c8a-37afcf5c9a51:192.168.105.135:44459] returns group-CF6BBD870AE8:java.util.concurrent.CompletableFuture@6672242b[Not completed]
2019-06-13 22:36:07,812 INFO  impl.RaftServerImpl (RaftServerImpl.java:<init>(91)) - b6f33d37-d07a-4cad-a1a8-414759879a91: new RaftServerImpl for group-CF6BBD870AE8:[a4ffd4fb-b071-43e2-a42d-1f8e9db2bf22:192.168.105.135:41953, b6f33d37-d07a-4cad-a1a8-414759879a91:192.168.105.135:41753, 88ff2d4d-8f54-47d0-8c8a-37afcf5c9a51:192.168.105.135:44459] with ContainerStateMachine:uninitialized
2019-06-13 22:36:07,813 INFO  server.RaftServerConfigKeys (ConfUtils.java:logGet(43)) - raft.server.rpc.timeout.min = 1s (custom)
2019-06-13 22:36:07,813 INFO  server.RaftServerConfigKeys (ConfUtils.java:logGet(43)) - raft.server.rpc.timeout.max = 1200ms (custom)
2019-06-13 22:36:07,813 INFO  server.RaftServerConfigKeys (ConfUtils.java:logGet(43)) - raft.server.rpcslowness.timeout = 10s (custom)
2019-06-13 22:36:07,813 INFO  server.RaftServerConfigKeys (ConfUtils.java:logGet(43)) - raft.server.log.appender.install.snapshot.enabled = true (default)
2019-06-13 22:36:07,813 INFO  impl.RaftServerImpl (RaftServerImpl.java:<init>(91)) - 88ff2d4d-8f54-47d0-8c8a-37afcf5c9a51: new RaftServerImpl for group-CF6BBD870AE8:[a4ffd4fb-b071-43e2-a42d-1f8e9db2bf22:192.168.105.135:41953, b6f33d37-d07a-4cad-a1a8-414759879a91:192.168.105.135:41753, 88ff2d4d-8f54-47d0-8c8a-37afcf5c9a51:192.168.105.135:44459] with ContainerStateMachine:uninitialized
2019-06-13 22:36:07,813 INFO  impl.RaftServerImpl (ServerState.java:<init>(101)) - b6f33d37-d07a-4cad-a1a8-414759879a91:group-CF6BBD870AE8 ConfigurationManager, init=-1: [a4ffd4fb-b071-43e2-a42d-1f8e9db2bf22:192.168.105.135:41953, b6f33d37-d07a-4cad-a1a8-414759879a91:192.168.105.135:41753, 88ff2d4d-8f54-47d0-8c8a-37afcf5c9a51:192.168.105.135:44459], old=null, confs=<EMPTY_MAP>
2019-06-13 22:36:07,813 INFO  server.RaftServerConfigKeys (ConfUtils.java:logGet(43)) - raft.server.storage.dir = [/opt/src/hadoop-ozone/integration-test/target/test-dir/MiniOzoneClusterImpl-0cde403e-272f-4bc0-9429-43d613d17110/datanode-0/data/ratis] (custom)
2019-06-13 22:36:07,814 INFO  storage.RaftStorageDirectory (RaftStorageDirectory.java:analyzeStorage(246)) - The storage directory /opt/src/hadoop-ozone/integration-test/target/test-dir/MiniOzoneClusterImpl-0cde403e-272f-4bc0-9429-43d613d17110/datanode-0/data/ratis/5ca1c08e-4b0b-45d5-bb5c-cf6bbd870ae8 does not exist. Creating ...
2019-06-13 22:36:07,813 INFO  server.RaftServerConfigKeys (ConfUtils.java:logGet(43)) - raft.server.rpc.timeout.min = 1s (custom)
2019-06-13 22:36:07,813 INFO  impl.RaftServerImpl (RaftServerImpl.java:<init>(91)) - a4ffd4fb-b071-43e2-a42d-1f8e9db2bf22: new RaftServerImpl for group-CF6BBD870AE8:[a4ffd4fb-b071-43e2-a42d-1f8e9db2bf22:192.168.105.135:41953, b6f33d37-d07a-4cad-a1a8-414759879a91:192.168.105.135:41753, 88ff2d4d-8f54-47d0-8c8a-37afcf5c9a51:192.168.105.135:44459] with ContainerStateMachine:uninitialized
2019-06-13 22:36:07,814 INFO  server.RaftServerConfigKeys (ConfUtils.java:logGet(43)) - raft.server.rpc.timeout.max = 1200ms (custom)
2019-06-13 22:36:07,815 INFO  server.RaftServerConfigKeys (ConfUtils.java:logGet(43)) - raft.server.rpcslowness.timeout = 10s (custom)
2019-06-13 22:36:07,815 INFO  server.RaftServerConfigKeys (ConfUtils.java:logGet(43)) - raft.server.log.appender.install.snapshot.enabled = true (default)
2019-06-13 22:36:07,815 INFO  impl.RaftServerImpl (ServerState.java:<init>(101)) - 88ff2d4d-8f54-47d0-8c8a-37afcf5c9a51:group-CF6BBD870AE8 ConfigurationManager, init=-1: [a4ffd4fb-b071-43e2-a42d-1f8e9db2bf22:192.168.105.135:41953, b6f33d37-d07a-4cad-a1a8-414759879a91:192.168.105.135:41753, 88ff2d4d-8f54-47d0-8c8a-37afcf5c9a51:192.168.105.135:44459], old=null, confs=<EMPTY_MAP>
2019-06-13 22:36:07,815 INFO  server.RaftServerConfigKeys (ConfUtils.java:logGet(43)) - raft.server.storage.dir = [/opt/src/hadoop-ozone/integration-test/target/test-dir/MiniOzoneClusterImpl-0cde403e-272f-4bc0-9429-43d613d17110/datanode-2/data/ratis] (custom)
2019-06-13 22:36:07,815 INFO  storage.RaftStorageDirectory (RaftStorageDirectory.java:analyzeStorage(246)) - The storage directory /opt/src/hadoop-ozone/integration-test/target/test-dir/MiniOzoneClusterImpl-0cde403e-272f-4bc0-9429-43d613d17110/datanode-2/data/ratis/5ca1c08e-4b0b-45d5-bb5c-cf6bbd870ae8 does not exist. Creating ...
2019-06-13 22:36:07,814 INFO  server.RaftServerConfigKeys (ConfUtils.java:logGet(43)) - raft.server.rpc.timeout.min = 1s (custom)
2019-06-13 22:36:07,815 INFO  server.RaftServerConfigKeys (ConfUtils.java:logGet(43)) - raft.server.rpc.timeout.max = 1200ms (custom)
2019-06-13 22:36:07,816 INFO  server.RaftServerConfigKeys (ConfUtils.java:logGet(43)) - raft.server.rpcslowness.timeout = 10s (custom)
2019-06-13 22:36:07,816 INFO  server.RaftServerConfigKeys (ConfUtils.java:logGet(43)) - raft.server.log.appender.install.snapshot.enabled = true (default)
2019-06-13 22:36:07,816 INFO  impl.RaftServerImpl (ServerState.java:<init>(101)) - a4ffd4fb-b071-43e2-a42d-1f8e9db2bf22:group-CF6BBD870AE8 ConfigurationManager, init=-1: [a4ffd4fb-b071-43e2-a42d-1f8e9db2bf22:192.168.105.135:41953, b6f33d37-d07a-4cad-a1a8-414759879a91:192.168.105.135:41753, 88ff2d4d-8f54-47d0-8c8a-37afcf5c9a51:192.168.105.135:44459], old=null, confs=<EMPTY_MAP>
2019-06-13 22:36:07,816 INFO  server.RaftServerConfigKeys (ConfUtils.java:logGet(43)) - raft.server.storage.dir = [/opt/src/hadoop-ozone/integration-test/target/test-dir/MiniOzoneClusterImpl-0cde403e-272f-4bc0-9429-43d613d17110/datanode-1/data/ratis] (custom)
2019-06-13 22:36:07,816 INFO  storage.RaftStorageDirectory (RaftStorageDirectory.java:analyzeStorage(246)) - The storage directory /opt/src/hadoop-ozone/integration-test/target/test-dir/MiniOzoneClusterImpl-0cde403e-272f-4bc0-9429-43d613d17110/datanode-1/data/ratis/5ca1c08e-4b0b-45d5-bb5c-cf6bbd870ae8 does not exist. Creating ...
2019-06-13 22:36:07,816 INFO  storage.RaftStorageDirectory (RaftStorageDirectory.java:tryLock(328)) - Lock on /opt/src/hadoop-ozone/integration-test/target/test-dir/MiniOzoneClusterImpl-0cde403e-272f-4bc0-9429-43d613d17110/datanode-0/data/ratis/5ca1c08e-4b0b-45d5-bb5c-cf6bbd870ae8/in_use.lock acquired by nodename 10087@ozone-t78nf-2139872126
2019-06-13 22:36:07,817 INFO  storage.RaftStorageDirectory (RaftStorageDirectory.java:tryLock(328)) - Lock on /opt/src/hadoop-ozone/integration-test/target/test-dir/MiniOzoneClusterImpl-0cde403e-272f-4bc0-9429-43d613d17110/datanode-2/data/ratis/5ca1c08e-4b0b-45d5-bb5c-cf6bbd870ae8/in_use.lock acquired by nodename 10087@ozone-t78nf-2139872126
2019-06-13 22:36:07,819 INFO  storage.RaftStorageDirectory (RaftStorageDirectory.java:tryLock(328)) - Lock on /opt/src/hadoop-ozone/integration-test/target/test-dir/MiniOzoneClusterImpl-0cde403e-272f-4bc0-9429-43d613d17110/datanode-1/data/ratis/5ca1c08e-4b0b-45d5-bb5c-cf6bbd870ae8/in_use.lock acquired by nodename 10087@ozone-t78nf-2139872126
2019-06-13 22:36:07,819 INFO  storage.RaftStorage (RaftStorage.java:format(75)) - Storage directory /opt/src/hadoop-ozone/integration-test/target/test-dir/MiniOzoneClusterImpl-0cde403e-272f-4bc0-9429-43d613d17110/datanode-0/data/ratis/5ca1c08e-4b0b-45d5-bb5c-cf6bbd870ae8 has been successfully formatted.
2019-06-13 22:36:07,819 INFO  ratis.ContainerStateMachine (ContainerStateMachine.java:loadSnapshot(199)) - The snapshot info is null.Setting the last applied index to:(t:0, i:~)
2019-06-13 22:36:07,820 INFO  server.RaftServerConfigKeys (ConfUtils.java:logGet(43)) - raft.server.leader.election.timeout = 10s (custom)
2019-06-13 22:36:07,820 INFO  server.RaftServerConfigKeys (ConfUtils.java:logGet(43)) - raft.server.log.use.memory = false (default)
2019-06-13 22:36:07,820 INFO  server.RaftServerConfigKeys (ConfUtils.java:logGet(43)) - raft.server.log.appender.buffer.byte-limit = 33554432 (custom)
2019-06-13 22:36:07,820 INFO  server.RaftServerConfigKeys (ConfUtils.java:logGet(43)) - raft.server.log.segment.size.max = 16384 (custom)
2019-06-13 22:36:07,820 INFO  server.RaftServerConfigKeys (ConfUtils.java:logGet(43)) - raft.server.log.segment.cache.num.max = 2 (custom)
2019-06-13 22:36:07,820 INFO  storage.RaftLogWorker (RaftLogWorker.java:<init>(123)) - new b6f33d37-d07a-4cad-a1a8-414759879a91-RaftLogWorker for Storage Directory /opt/src/hadoop-ozone/integration-test/target/test-dir/MiniOzoneClusterImpl-0cde403e-272f-4bc0-9429-43d613d17110/datanode-0/data/ratis/5ca1c08e-4b0b-45d5-bb5c-cf6bbd870ae8
2019-06-13 22:36:07,820 INFO  server.RaftServerConfigKeys (ConfUtils.java:logGet(43)) - raft.server.log.queue.byte-limit = 2147483647 (custom)
2019-06-13 22:36:07,820 INFO  server.RaftServerConfigKeys (ConfUtils.java:logGet(43)) - raft.server.log.queue.element-limit = 1024 (custom)
2019-06-13 22:36:07,820 INFO  server.RaftServerConfigKeys (ConfUtils.java:logGet(43)) - raft.server.log.segment.size.max = 16384 (custom)
2019-06-13 22:36:07,820 INFO  server.RaftServerConfigKeys (ConfUtils.java:logGet(43)) - raft.server.log.preallocated.size = 16384 (custom)
2019-06-13 22:36:07,820 INFO  server.RaftServerConfigKeys (ConfUtils.java:logGet(43)) - raft.server.log.write.buffer.size = 33554432 (custom)
2019-06-13 22:36:07,820 INFO  server.RaftServerConfigKeys (ConfUtils.java:logGet(43)) - raft.server.log.force.sync.num = 128 (default)
2019-06-13 22:36:07,820 INFO  server.RaftServerConfigKeys (ConfUtils.java:logGet(43)) - raft.server.log.statemachine.data.sync = true (default)
2019-06-13 22:36:07,821 INFO  server.RaftServerConfigKeys (ConfUtils.java:logGet(43)) - raft.server.log.statemachine.data.sync.timeout = 10s (default)
2019-06-13 22:36:07,821 INFO  server.RaftServerConfigKeys (ConfUtils.java:logGet(43)) - raft.server.log.statemachine.data.sync.timeout.retry = -1 (default)
2019-06-13 22:36:07,821 INFO  server.RaftServerConfigKeys (ConfUtils.java:logGet(43)) - raft.server.log.statemachine.data.caching.enabled = true (custom)
2019-06-13 22:36:07,821 INFO  storage.RaftStorage (RaftStorage.java:format(75)) - Storage directory /opt/src/hadoop-ozone/integration-test/target/test-dir/MiniOzoneClusterImpl-0cde403e-272f-4bc0-9429-43d613d17110/datanode-2/data/ratis/5ca1c08e-4b0b-45d5-bb5c-cf6bbd870ae8 has been successfully formatted.
2019-06-13 22:36:07,821 INFO  ratis.ContainerStateMachine (ContainerStateMachine.java:loadSnapshot(199)) - The snapshot info is null.Setting the last applied index to:(t:0, i:~)
2019-06-13 22:36:07,821 INFO  server.RaftServerConfigKeys (ConfUtils.java:logGet(43)) - raft.server.snapshot.auto.trigger.enabled = true (custom)
2019-06-13 22:36:07,821 INFO  server.RaftServerConfigKeys (ConfUtils.java:logGet(43)) - raft.server.leader.election.timeout = 10s (custom)
2019-06-13 22:36:07,821 INFO  server.RaftServerConfigKeys (ConfUtils.java:logGet(43)) - raft.server.snapshot.auto.trigger.threshold = 10000 (custom)
2019-06-13 22:36:07,821 INFO  server.RaftServerConfigKeys (ConfUtils.java:logGet(43)) - raft.server.log.use.memory = false (default)
2019-06-13 22:36:07,821 INFO  server.RaftServerConfigKeys (ConfUtils.java:logGet(43)) - raft.server.retrycache.expirytime = 600000ms (custom)
2019-06-13 22:36:07,821 INFO  server.RaftServerConfigKeys (ConfUtils.java:logGet(43)) - raft.server.log.appender.buffer.byte-limit = 33554432 (custom)
2019-06-13 22:36:07,822 INFO  impl.RaftServerImpl (RaftServerImpl.java:start(173)) - b6f33d37-d07a-4cad-a1a8-414759879a91: start group-CF6BBD870AE8
2019-06-13 22:36:07,822 INFO  server.RaftServerConfigKeys (ConfUtils.java:logGet(43)) - raft.server.log.segment.size.max = 16384 (custom)
2019-06-13 22:36:07,822 INFO  impl.RaftServerImpl (RaftServerImpl.java:setRole(164)) - b6f33d37-d07a-4cad-a1a8-414759879a91:group-CF6BBD870AE8 changes role from null to FOLLOWER at term 0 for startAsFollower
2019-06-13 22:36:07,822 INFO  server.RaftServerConfigKeys (ConfUtils.java:logGet(43)) - raft.server.log.segment.cache.num.max = 2 (custom)
2019-06-13 22:36:07,822 INFO  impl.RoleInfo (RoleInfo.java:updateAndGet(143)) - b6f33d37-d07a-4cad-a1a8-414759879a91: start FollowerState
2019-06-13 22:36:07,822 INFO  storage.RaftLogWorker (RaftLogWorker.java:<init>(123)) - new 88ff2d4d-8f54-47d0-8c8a-37afcf5c9a51-RaftLogWorker for Storage Directory /opt/src/hadoop-ozone/integration-test/target/test-dir/MiniOzoneClusterImpl-0cde403e-272f-4bc0-9429-43d613d17110/datanode-2/data/ratis/5ca1c08e-4b0b-45d5-bb5c-cf6bbd870ae8
2019-06-13 22:36:07,822 INFO  storage.RaftStorage (RaftStorage.java:format(75)) - Storage directory /opt/src/hadoop-ozone/integration-test/target/test-dir/MiniOzoneClusterImpl-0cde403e-272f-4bc0-9429-43d613d17110/datanode-1/data/ratis/5ca1c08e-4b0b-45d5-bb5c-cf6bbd870ae8 has been successfully formatted.
2019-06-13 22:36:07,822 INFO  server.RaftServerConfigKeys (ConfUtils.java:logGet(43)) - raft.server.log.queue.byte-limit = 2147483647 (custom)
2019-06-13 22:36:07,822 INFO  ratis.ContainerStateMachine (ContainerStateMachine.java:loadSnapshot(199)) - The snapshot info is null.Setting the last applied index to:(t:0, i:~)
2019-06-13 22:36:07,822 INFO  util.JmxRegister (JmxRegister.java:tryRegister(44)) - Successfully registered JMX Bean with object name Ratis:service=RaftServer,group=group-CF6BBD870AE8,id=b6f33d37-d07a-4cad-a1a8-414759879a91
2019-06-13 22:36:07,822 INFO  server.RaftServerConfigKeys (ConfUtils.java:logGet(43)) - raft.server.log.queue.element-limit = 1024 (custom)
2019-06-13 22:36:07,822 INFO  server.RaftServerConfigKeys (ConfUtils.java:logGet(43)) - raft.server.leader.election.timeout = 10s (custom)
2019-06-13 22:36:07,823 INFO  server.RaftServerConfigKeys (ConfUtils.java:logGet(43)) - raft.server.log.segment.size.max = 16384 (custom)
2019-06-13 22:36:07,823 INFO  server.RaftServerConfigKeys (ConfUtils.java:logGet(43)) - raft.server.log.use.memory = false (default)
2019-06-13 22:36:07,823 INFO  server.RaftServerConfigKeys (ConfUtils.java:logGet(43)) - raft.server.log.preallocated.size = 16384 (custom)
2019-06-13 22:36:07,823 INFO  server.RaftServerConfigKeys (ConfUtils.java:logGet(43)) - raft.server.log.appender.buffer.byte-limit = 33554432 (custom)
2019-06-13 22:36:07,823 INFO  server.RaftServerConfigKeys (ConfUtils.java:logGet(43)) - raft.server.log.write.buffer.size = 33554432 (custom)
2019-06-13 22:36:07,823 INFO  server.RaftServerConfigKeys (ConfUtils.java:logGet(43)) - raft.server.log.segment.size.max = 16384 (custom)
2019-06-13 22:36:07,823 INFO  server.RaftServerConfigKeys (ConfUtils.java:logGet(43)) - raft.server.log.force.sync.num = 128 (default)
2019-06-13 22:36:07,823 INFO  server.RaftServerConfigKeys (ConfUtils.java:logGet(43)) - raft.server.log.segment.cache.num.max = 2 (custom)
2019-06-13 22:36:07,823 INFO  server.RaftServerConfigKeys (ConfUtils.java:logGet(43)) - raft.server.log.statemachine.data.sync = true (default)
2019-06-13 22:36:07,823 INFO  storage.RaftLogWorker (RaftLogWorker.java:<init>(123)) - new a4ffd4fb-b071-43e2-a42d-1f8e9db2bf22-RaftLogWorker for Storage Directory /opt/src/hadoop-ozone/integration-test/target/test-dir/MiniOzoneClusterImpl-0cde403e-272f-4bc0-9429-43d613d17110/datanode-1/data/ratis/5ca1c08e-4b0b-45d5-bb5c-cf6bbd870ae8
2019-06-13 22:36:07,824 INFO  server.RaftServerConfigKeys (ConfUtils.java:logGet(43)) - raft.server.log.queue.byte-limit = 2147483647 (custom)
2019-06-13 22:36:07,824 INFO  server.RaftServerConfigKeys (ConfUtils.java:logGet(43)) - raft.server.log.queue.element-limit = 1024 (custom)
2019-06-13 22:36:07,824 INFO  server.RaftServerConfigKeys (ConfUtils.java:logGet(43)) - raft.server.log.segment.size.max = 16384 (custom)
2019-06-13 22:36:07,824 INFO  server.RaftServerConfigKeys (ConfUtils.java:logGet(43)) - raft.server.log.preallocated.size = 16384 (custom)
2019-06-13 22:36:07,824 INFO  server.RaftServerConfigKeys (ConfUtils.java:logGet(43)) - raft.server.log.write.buffer.size = 33554432 (custom)
2019-06-13 22:36:07,824 INFO  server.RaftServerConfigKeys (ConfUtils.java:logGet(43)) - raft.server.log.force.sync.num = 128 (default)
2019-06-13 22:36:07,824 INFO  server.RaftServerConfigKeys (ConfUtils.java:logGet(43)) - raft.server.log.statemachine.data.sync = true (default)
2019-06-13 22:36:07,824 INFO  server.RaftServerConfigKeys (ConfUtils.java:logGet(43)) - raft.server.log.statemachine.data.sync.timeout = 10s (default)
2019-06-13 22:36:07,824 INFO  server.RaftServerConfigKeys (ConfUtils.java:logGet(43)) - raft.server.log.statemachine.data.sync.timeout.retry = -1 (default)
2019-06-13 22:36:07,824 INFO  server.RaftServerConfigKeys (ConfUtils.java:logGet(43)) - raft.server.log.statemachine.data.caching.enabled = true (custom)
2019-06-13 22:36:07,824 INFO  server.RaftServerConfigKeys (ConfUtils.java:logGet(43)) - raft.server.log.statemachine.data.sync.timeout = 10s (default)
2019-06-13 22:36:07,825 INFO  server.RaftServerConfigKeys (ConfUtils.java:logGet(43)) - raft.server.log.statemachine.data.sync.timeout.retry = -1 (default)
2019-06-13 22:36:07,825 INFO  server.RaftServerConfigKeys (ConfUtils.java:logGet(43)) - raft.server.snapshot.auto.trigger.enabled = true (custom)
2019-06-13 22:36:07,825 INFO  server.RaftServerConfigKeys (ConfUtils.java:logGet(43)) - raft.server.log.statemachine.data.caching.enabled = true (custom)
2019-06-13 22:36:07,825 INFO  server.RaftServerConfigKeys (ConfUtils.java:logGet(43)) - raft.server.snapshot.auto.trigger.threshold = 10000 (custom)
2019-06-13 22:36:07,825 INFO  server.RaftServerConfigKeys (ConfUtils.java:logGet(43)) - raft.server.retrycache.expirytime = 600000ms (custom)
2019-06-13 22:36:07,825 INFO  impl.RaftServerImpl (RaftServerImpl.java:start(173)) - a4ffd4fb-b071-43e2-a42d-1f8e9db2bf22: start group-CF6BBD870AE8
2019-06-13 22:36:07,825 INFO  impl.RaftServerImpl (RaftServerImpl.java:setRole(164)) - a4ffd4fb-b071-43e2-a42d-1f8e9db2bf22:group-CF6BBD870AE8 changes role from null to FOLLOWER at term 0 for startAsFollower
2019-06-13 22:36:07,827 INFO  server.RaftServerConfigKeys (ConfUtils.java:logGet(43)) - raft.server.snapshot.auto.trigger.enabled = true (custom)
2019-06-13 22:36:07,827 INFO  server.RaftServerConfigKeys (ConfUtils.java:logGet(43)) - raft.server.snapshot.auto.trigger.threshold = 10000 (custom)
2019-06-13 22:36:07,827 INFO  server.RaftServerConfigKeys (ConfUtils.java:logGet(43)) - raft.server.retrycache.expirytime = 600000ms (custom)
2019-06-13 22:36:07,827 INFO  impl.RaftServerImpl (RaftServerImpl.java:start(173)) - 88ff2d4d-8f54-47d0-8c8a-37afcf5c9a51: start group-CF6BBD870AE8
2019-06-13 22:36:07,827 INFO  impl.RaftServerImpl (RaftServerImpl.java:setRole(164)) - 88ff2d4d-8f54-47d0-8c8a-37afcf5c9a51:group-CF6BBD870AE8 changes role from null to FOLLOWER at term 0 for startAsFollower
2019-06-13 22:36:07,827 INFO  impl.RoleInfo (RoleInfo.java:updateAndGet(143)) - 88ff2d4d-8f54-47d0-8c8a-37afcf5c9a51: start FollowerState
2019-06-13 22:36:07,827 INFO  util.JmxRegister (JmxRegister.java:tryRegister(44)) - Successfully registered JMX Bean with object name Ratis:service=RaftServer,group=group-CF6BBD870AE8,id=88ff2d4d-8f54-47d0-8c8a-37afcf5c9a51
2019-06-13 22:36:07,828 INFO  impl.RoleInfo (RoleInfo.java:updateAndGet(143)) - a4ffd4fb-b071-43e2-a42d-1f8e9db2bf22: start FollowerState
2019-06-13 22:36:07,828 INFO  util.JmxRegister (JmxRegister.java:tryRegister(44)) - Successfully registered JMX Bean with object name Ratis:service=RaftServer,group=group-CF6BBD870AE8,id=a4ffd4fb-b071-43e2-a42d-1f8e9db2bf22
2019-06-13 22:36:07,850 INFO  pipeline.PipelineStateManager (PipelineStateManager.java:addPipeline(56)) - Created pipeline Pipeline[ Id: 5ca1c08e-4b0b-45d5-bb5c-cf6bbd870ae8, Nodes: a4ffd4fb-b071-43e2-a42d-1f8e9db2bf22{ip: 192.168.105.135, host: ozone-t78nf-2139872126, networkLocation: /default-rack, certSerialId: null}b6f33d37-d07a-4cad-a1a8-414759879a91{ip: 192.168.105.135, host: ozone-t78nf-2139872126, networkLocation: /default-rack, certSerialId: null}88ff2d4d-8f54-47d0-8c8a-37afcf5c9a51{ip: 192.168.105.135, host: ozone-t78nf-2139872126, networkLocation: /default-rack, certSerialId: null}, Type:RATIS, Factor:THREE, State:OPEN]
2019-06-13 22:36:07,852 INFO  ozone.MiniOzoneClusterImpl (MiniOzoneClusterImpl.java:lambda$waitForClusterToBeReady$0(142)) - Waiting for cluster to be ready. Got 3 of 6 DN Heartbeats.
2019-06-13 22:36:08,041 INFO  node.SCMNodeManager (SCMNodeManager.java:register(234)) - Registered Data node : 8ec4bb81-9a04-475b-b3d7-7a9c8a9f84c0{ip: 192.168.105.135, host: ozone-t78nf-2139872126, networkLocation: /default-rack, certSerialId: null}
2019-06-13 22:36:08,058 INFO  impl.RaftServerProxy (RaftServerProxy.java:addNew(89)) - 8ec4bb81-9a04-475b-b3d7-7a9c8a9f84c0: addNew group-8F528F29BF85:[8ec4bb81-9a04-475b-b3d7-7a9c8a9f84c0:192.168.105.135:32931] returns group-8F528F29BF85:java.util.concurrent.CompletableFuture@71f9fa0c[Not completed]
2019-06-13 22:36:08,059 INFO  impl.RaftServerImpl (RaftServerImpl.java:<init>(91)) - 8ec4bb81-9a04-475b-b3d7-7a9c8a9f84c0: new RaftServerImpl for group-8F528F29BF85:[8ec4bb81-9a04-475b-b3d7-7a9c8a9f84c0:192.168.105.135:32931] with ContainerStateMachine:uninitialized
2019-06-13 22:36:08,059 INFO  server.RaftServerConfigKeys (ConfUtils.java:logGet(43)) - raft.server.rpc.timeout.min = 1s (custom)
2019-06-13 22:36:08,059 INFO  server.RaftServerConfigKeys (ConfUtils.java:logGet(43)) - raft.server.rpc.timeout.max = 1200ms (custom)
2019-06-13 22:36:08,059 INFO  server.RaftServerConfigKeys (ConfUtils.java:logGet(43)) - raft.server.rpcslowness.timeout = 10s (custom)
2019-06-13 22:36:08,059 INFO  server.RaftServerConfigKeys (ConfUtils.java:logGet(43)) - raft.server.log.appender.install.snapshot.enabled = true (default)
2019-06-13 22:36:08,059 INFO  impl.RaftServerImpl (ServerState.java:<init>(101)) - 8ec4bb81-9a04-475b-b3d7-7a9c8a9f84c0:group-8F528F29BF85 ConfigurationManager, init=-1: [8ec4bb81-9a04-475b-b3d7-7a9c8a9f84c0:192.168.105.135:32931], old=null, confs=<EMPTY_MAP>
2019-06-13 22:36:08,059 INFO  server.RaftServerConfigKeys (ConfUtils.java:logGet(43)) - raft.server.storage.dir = [/opt/src/hadoop-ozone/integration-test/target/test-dir/MiniOzoneClusterImpl-0cde403e-272f-4bc0-9429-43d613d17110/datanode-3/data/ratis] (custom)
2019-06-13 22:36:08,060 INFO  storage.RaftStorageDirectory (RaftStorageDirectory.java:analyzeStorage(246)) - The storage directory /opt/src/hadoop-ozone/integration-test/target/test-dir/MiniOzoneClusterImpl-0cde403e-272f-4bc0-9429-43d613d17110/datanode-3/data/ratis/631bec1f-93c9-4225-a92f-8f528f29bf85 does not exist. Creating ...
2019-06-13 22:36:08,062 INFO  storage.RaftStorageDirectory (RaftStorageDirectory.java:tryLock(328)) - Lock on /opt/src/hadoop-ozone/integration-test/target/test-dir/MiniOzoneClusterImpl-0cde403e-272f-4bc0-9429-43d613d17110/datanode-3/data/ratis/631bec1f-93c9-4225-a92f-8f528f29bf85/in_use.lock acquired by nodename 10087@ozone-t78nf-2139872126
2019-06-13 22:36:08,065 INFO  storage.RaftStorage (RaftStorage.java:format(75)) - Storage directory /opt/src/hadoop-ozone/integration-test/target/test-dir/MiniOzoneClusterImpl-0cde403e-272f-4bc0-9429-43d613d17110/datanode-3/data/ratis/631bec1f-93c9-4225-a92f-8f528f29bf85 has been successfully formatted.
2019-06-13 22:36:08,065 INFO  ratis.ContainerStateMachine (ContainerStateMachine.java:loadSnapshot(199)) - The snapshot info is null.Setting the last applied index to:(t:0, i:~)
2019-06-13 22:36:08,065 INFO  server.RaftServerConfigKeys (ConfUtils.java:logGet(43)) - raft.server.leader.election.timeout = 10s (custom)
2019-06-13 22:36:08,065 INFO  server.RaftServerConfigKeys (ConfUtils.java:logGet(43)) - raft.server.log.use.memory = false (default)
2019-06-13 22:36:08,065 INFO  server.RaftServerConfigKeys (ConfUtils.java:logGet(43)) - raft.server.log.appender.buffer.byte-limit = 33554432 (custom)
2019-06-13 22:36:08,065 INFO  server.RaftServerConfigKeys (ConfUtils.java:logGet(43)) - raft.server.log.segment.size.max = 16384 (custom)
2019-06-13 22:36:08,066 INFO  server.RaftServerConfigKeys (ConfUtils.java:logGet(43)) - raft.server.log.segment.cache.num.max = 2 (custom)
2019-06-13 22:36:08,066 INFO  storage.RaftLogWorker (RaftLogWorker.java:<init>(123)) - new 8ec4bb81-9a04-475b-b3d7-7a9c8a9f84c0-RaftLogWorker for Storage Directory /opt/src/hadoop-ozone/integration-test/target/test-dir/MiniOzoneClusterImpl-0cde403e-272f-4bc0-9429-43d613d17110/datanode-3/data/ratis/631bec1f-93c9-4225-a92f-8f528f29bf85
2019-06-13 22:36:08,066 INFO  server.RaftServerConfigKeys (ConfUtils.java:logGet(43)) - raft.server.log.queue.byte-limit = 2147483647 (custom)
2019-06-13 22:36:08,066 INFO  server.RaftServerConfigKeys (ConfUtils.java:logGet(43)) - raft.server.log.queue.element-limit = 1024 (custom)
2019-06-13 22:36:08,066 INFO  server.RaftServerConfigKeys (ConfUtils.java:logGet(43)) - raft.server.log.segment.size.max = 16384 (custom)
2019-06-13 22:36:08,066 INFO  server.RaftServerConfigKeys (ConfUtils.java:logGet(43)) - raft.server.log.preallocated.size = 16384 (custom)
2019-06-13 22:36:08,066 INFO  server.RaftServerConfigKeys (ConfUtils.java:logGet(43)) - raft.server.log.write.buffer.size = 33554432 (custom)
2019-06-13 22:36:08,066 INFO  server.RaftServerConfigKeys (ConfUtils.java:logGet(43)) - raft.server.log.force.sync.num = 128 (default)
2019-06-13 22:36:08,066 INFO  server.RaftServerConfigKeys (ConfUtils.java:logGet(43)) - raft.server.log.statemachine.data.sync = true (default)
2019-06-13 22:36:08,066 INFO  server.RaftServerConfigKeys (ConfUtils.java:logGet(43)) - raft.server.log.statemachine.data.sync.timeout = 10s (default)
2019-06-13 22:36:08,067 INFO  server.RaftServerConfigKeys (ConfUtils.java:logGet(43)) - raft.server.log.statemachine.data.sync.timeout.retry = -1 (default)
2019-06-13 22:36:08,067 INFO  server.RaftServerConfigKeys (ConfUtils.java:logGet(43)) - raft.server.log.statemachine.data.caching.enabled = true (custom)
2019-06-13 22:36:08,067 INFO  server.RaftServerConfigKeys (ConfUtils.java:logGet(43)) - raft.server.snapshot.auto.trigger.enabled = true (custom)
2019-06-13 22:36:08,067 INFO  server.RaftServerConfigKeys (ConfUtils.java:logGet(43)) - raft.server.snapshot.auto.trigger.threshold = 10000 (custom)
2019-06-13 22:36:08,067 INFO  server.RaftServerConfigKeys (ConfUtils.java:logGet(43)) - raft.server.retrycache.expirytime = 600000ms (custom)
2019-06-13 22:36:08,068 INFO  impl.RaftServerImpl (RaftServerImpl.java:start(173)) - 8ec4bb81-9a04-475b-b3d7-7a9c8a9f84c0: start group-8F528F29BF85
2019-06-13 22:36:08,068 INFO  impl.RaftServerImpl (RaftServerImpl.java:setRole(164)) - 8ec4bb81-9a04-475b-b3d7-7a9c8a9f84c0:group-8F528F29BF85 changes role from null to FOLLOWER at term 0 for startAsFollower
2019-06-13 22:36:08,068 INFO  impl.RoleInfo (RoleInfo.java:updateAndGet(143)) - 8ec4bb81-9a04-475b-b3d7-7a9c8a9f84c0: start FollowerState
2019-06-13 22:36:08,069 INFO  util.JmxRegister (JmxRegister.java:tryRegister(44)) - Successfully registered JMX Bean with object name Ratis:service=RaftServer,group=group-8F528F29BF85,id=8ec4bb81-9a04-475b-b3d7-7a9c8a9f84c0
2019-06-13 22:36:08,080 INFO  pipeline.PipelineStateManager (PipelineStateManager.java:addPipeline(56)) - Created pipeline Pipeline[ Id: 631bec1f-93c9-4225-a92f-8f528f29bf85, Nodes: 8ec4bb81-9a04-475b-b3d7-7a9c8a9f84c0{ip: 192.168.105.135, host: ozone-t78nf-2139872126, networkLocation: /default-rack, certSerialId: null}, Type:RATIS, Factor:ONE, State:OPEN]
2019-06-13 22:36:08,459 INFO  node.SCMNodeManager (SCMNodeManager.java:register(234)) - Registered Data node : ade0d73f-a94f-40bc-baab-6dc80ad40c80{ip: 192.168.105.135, host: ozone-t78nf-2139872126, networkLocation: /default-rack, certSerialId: null}
2019-06-13 22:36:08,469 INFO  impl.RaftServerProxy (RaftServerProxy.java:addNew(89)) - ade0d73f-a94f-40bc-baab-6dc80ad40c80: addNew group-8F288D2D0770:[ade0d73f-a94f-40bc-baab-6dc80ad40c80:192.168.105.135:38755] returns group-8F288D2D0770:java.util.concurrent.CompletableFuture@546af85b[Not completed]
2019-06-13 22:36:08,470 INFO  impl.RaftServerImpl (RaftServerImpl.java:<init>(91)) - ade0d73f-a94f-40bc-baab-6dc80ad40c80: new RaftServerImpl for group-8F288D2D0770:[ade0d73f-a94f-40bc-baab-6dc80ad40c80:192.168.105.135:38755] with ContainerStateMachine:uninitialized
2019-06-13 22:36:08,470 INFO  server.RaftServerConfigKeys (ConfUtils.java:logGet(43)) - raft.server.rpc.timeout.min = 1s (custom)
2019-06-13 22:36:08,470 INFO  server.RaftServerConfigKeys (ConfUtils.java:logGet(43)) - raft.server.rpc.timeout.max = 1200ms (custom)
2019-06-13 22:36:08,471 INFO  server.RaftServerConfigKeys (ConfUtils.java:logGet(43)) - raft.server.rpcslowness.timeout = 10s (custom)
2019-06-13 22:36:08,471 INFO  server.RaftServerConfigKeys (ConfUtils.java:logGet(43)) - raft.server.log.appender.install.snapshot.enabled = true (default)
2019-06-13 22:36:08,471 INFO  impl.RaftServerImpl (ServerState.java:<init>(101)) - ade0d73f-a94f-40bc-baab-6dc80ad40c80:group-8F288D2D0770 ConfigurationManager, init=-1: [ade0d73f-a94f-40bc-baab-6dc80ad40c80:192.168.105.135:38755], old=null, confs=<EMPTY_MAP>
2019-06-13 22:36:08,471 INFO  server.RaftServerConfigKeys (ConfUtils.java:logGet(43)) - raft.server.storage.dir = [/opt/src/hadoop-ozone/integration-test/target/test-dir/MiniOzoneClusterImpl-0cde403e-272f-4bc0-9429-43d613d17110/datanode-4/data/ratis] (custom)
2019-06-13 22:36:08,471 INFO  storage.RaftStorageDirectory (RaftStorageDirectory.java:analyzeStorage(246)) - The storage directory /opt/src/hadoop-ozone/integration-test/target/test-dir/MiniOzoneClusterImpl-0cde403e-272f-4bc0-9429-43d613d17110/datanode-4/data/ratis/0b2d1fa0-4194-472c-8953-8f288d2d0770 does not exist. Creating ...
2019-06-13 22:36:08,473 INFO  storage.RaftStorageDirectory (RaftStorageDirectory.java:tryLock(328)) - Lock on /opt/src/hadoop-ozone/integration-test/target/test-dir/MiniOzoneClusterImpl-0cde403e-272f-4bc0-9429-43d613d17110/datanode-4/data/ratis/0b2d1fa0-4194-472c-8953-8f288d2d0770/in_use.lock acquired by nodename 10087@ozone-t78nf-2139872126
2019-06-13 22:36:08,476 INFO  storage.RaftStorage (RaftStorage.java:format(75)) - Storage directory /opt/src/hadoop-ozone/integration-test/target/test-dir/MiniOzoneClusterImpl-0cde403e-272f-4bc0-9429-43d613d17110/datanode-4/data/ratis/0b2d1fa0-4194-472c-8953-8f288d2d0770 has been successfully formatted.
2019-06-13 22:36:08,476 INFO  ratis.ContainerStateMachine (ContainerStateMachine.java:loadSnapshot(199)) - The snapshot info is null.Setting the last applied index to:(t:0, i:~)
2019-06-13 22:36:08,476 INFO  server.RaftServerConfigKeys (ConfUtils.java:logGet(43)) - raft.server.leader.election.timeout = 10s (custom)
2019-06-13 22:36:08,476 INFO  server.RaftServerConfigKeys (ConfUtils.java:logGet(43)) - raft.server.log.use.memory = false (default)
2019-06-13 22:36:08,476 INFO  server.RaftServerConfigKeys (ConfUtils.java:logGet(43)) - raft.server.log.appender.buffer.byte-limit = 33554432 (custom)
2019-06-13 22:36:08,476 INFO  server.RaftServerConfigKeys (ConfUtils.java:logGet(43)) - raft.server.log.segment.size.max = 16384 (custom)
2019-06-13 22:36:08,476 INFO  server.RaftServerConfigKeys (ConfUtils.java:logGet(43)) - raft.server.log.segment.cache.num.max = 2 (custom)
2019-06-13 22:36:08,476 INFO  storage.RaftLogWorker (RaftLogWorker.java:<init>(123)) - new ade0d73f-a94f-40bc-baab-6dc80ad40c80-RaftLogWorker for Storage Directory /opt/src/hadoop-ozone/integration-test/target/test-dir/MiniOzoneClusterImpl-0cde403e-272f-4bc0-9429-43d613d17110/datanode-4/data/ratis/0b2d1fa0-4194-472c-8953-8f288d2d0770
2019-06-13 22:36:08,476 INFO  server.RaftServerConfigKeys (ConfUtils.java:logGet(43)) - raft.server.log.queue.byte-limit = 2147483647 (custom)
2019-06-13 22:36:08,476 INFO  server.RaftServerConfigKeys (ConfUtils.java:logGet(43)) - raft.server.log.queue.element-limit = 1024 (custom)
2019-06-13 22:36:08,476 INFO  server.RaftServerConfigKeys (ConfUtils.java:logGet(43)) - raft.server.log.segment.size.max = 16384 (custom)
2019-06-13 22:36:08,477 INFO  server.RaftServerConfigKeys (ConfUtils.java:logGet(43)) - raft.server.log.preallocated.size = 16384 (custom)
2019-06-13 22:36:08,477 INFO  server.RaftServerConfigKeys (ConfUtils.java:logGet(43)) - raft.server.log.write.buffer.size = 33554432 (custom)
2019-06-13 22:36:08,477 INFO  server.RaftServerConfigKeys (ConfUtils.java:logGet(43)) - raft.server.log.force.sync.num = 128 (default)
2019-06-13 22:36:08,477 INFO  server.RaftServerConfigKeys (ConfUtils.java:logGet(43)) - raft.server.log.statemachine.data.sync = true (default)
2019-06-13 22:36:08,477 INFO  server.RaftServerConfigKeys (ConfUtils.java:logGet(43)) - raft.server.log.statemachine.data.sync.timeout = 10s (default)
2019-06-13 22:36:08,477 INFO  server.RaftServerConfigKeys (ConfUtils.java:logGet(43)) - raft.server.log.statemachine.data.sync.timeout.retry = -1 (default)
2019-06-13 22:36:08,477 INFO  server.RaftServerConfigKeys (ConfUtils.java:logGet(43)) - raft.server.log.statemachine.data.caching.enabled = true (custom)
2019-06-13 22:36:08,477 INFO  server.RaftServerConfigKeys (ConfUtils.java:logGet(43)) - raft.server.snapshot.auto.trigger.enabled = true (custom)
2019-06-13 22:36:08,477 INFO  server.RaftServerConfigKeys (ConfUtils.java:logGet(43)) - raft.server.snapshot.auto.trigger.threshold = 10000 (custom)
2019-06-13 22:36:08,478 INFO  server.RaftServerConfigKeys (ConfUtils.java:logGet(43)) - raft.server.retrycache.expirytime = 600000ms (custom)
2019-06-13 22:36:08,478 INFO  impl.RaftServerImpl (RaftServerImpl.java:start(173)) - ade0d73f-a94f-40bc-baab-6dc80ad40c80: start group-8F288D2D0770
2019-06-13 22:36:08,478 INFO  impl.RaftServerImpl (RaftServerImpl.java:setRole(164)) - ade0d73f-a94f-40bc-baab-6dc80ad40c80:group-8F288D2D0770 changes role from null to FOLLOWER at term 0 for startAsFollower
2019-06-13 22:36:08,478 INFO  impl.RoleInfo (RoleInfo.java:updateAndGet(143)) - ade0d73f-a94f-40bc-baab-6dc80ad40c80: start FollowerState
2019-06-13 22:36:08,478 INFO  util.JmxRegister (JmxRegister.java:tryRegister(44)) - Successfully registered JMX Bean with object name Ratis:service=RaftServer,group=group-8F288D2D0770,id=ade0d73f-a94f-40bc-baab-6dc80ad40c80
2019-06-13 22:36:08,484 INFO  pipeline.PipelineStateManager (PipelineStateManager.java:addPipeline(56)) - Created pipeline Pipeline[ Id: 0b2d1fa0-4194-472c-8953-8f288d2d0770, Nodes: ade0d73f-a94f-40bc-baab-6dc80ad40c80{ip: 192.168.105.135, host: ozone-t78nf-2139872126, networkLocation: /default-rack, certSerialId: null}, Type:RATIS, Factor:ONE, State:OPEN]
2019-06-13 22:36:08,565 INFO  impl.FollowerState (FollowerState.java:run(101)) - b6f33d37-d07a-4cad-a1a8-414759879a91:group-C06CBBB7D808 changes to CANDIDATE, lastRpcTime:1021, electionTimeout:1021ms
2019-06-13 22:36:08,565 INFO  impl.RoleInfo (RoleInfo.java:shutdownFollowerState(121)) - b6f33d37-d07a-4cad-a1a8-414759879a91: shutdown FollowerState
2019-06-13 22:36:08,565 INFO  impl.RaftServerImpl (RaftServerImpl.java:setRole(164)) - b6f33d37-d07a-4cad-a1a8-414759879a91:group-C06CBBB7D808 changes role from FOLLOWER to CANDIDATE at term 0 for changeToCandidate
2019-06-13 22:36:08,567 INFO  impl.RoleInfo (RoleInfo.java:updateAndGet(143)) - b6f33d37-d07a-4cad-a1a8-414759879a91: start LeaderElection
2019-06-13 22:36:08,573 INFO  impl.LeaderElection (LeaderElection.java:askForVotes(181)) - b6f33d37-d07a-4cad-a1a8-414759879a91:group-C06CBBB7D808:LeaderElection1: begin an election at term 1 for -1: [b6f33d37-d07a-4cad-a1a8-414759879a91:192.168.105.135:41753], old=null
2019-06-13 22:36:08,574 INFO  impl.RoleInfo (RoleInfo.java:shutdownLeaderElection(134)) - b6f33d37-d07a-4cad-a1a8-414759879a91: shutdown LeaderElection
2019-06-13 22:36:08,574 INFO  impl.RaftServerImpl (RaftServerImpl.java:setRole(164)) - b6f33d37-d07a-4cad-a1a8-414759879a91:group-C06CBBB7D808 changes role from CANDIDATE to LEADER at term 1 for changeToLeader
2019-06-13 22:36:08,574 INFO  impl.RaftServerImpl (ServerState.java:setLeader(263)) - b6f33d37-d07a-4cad-a1a8-414759879a91:group-C06CBBB7D808 change Leader from null to b6f33d37-d07a-4cad-a1a8-414759879a91 at term 1 for becomeLeader, leader elected after 1076ms
2019-06-13 22:36:08,578 INFO  server.RaftServerConfigKeys (ConfUtils.java:logGet(43)) - raft.server.staging.catchup.gap = 1000 (default)
2019-06-13 22:36:08,578 INFO  server.RaftServerConfigKeys (ConfUtils.java:logGet(43)) - raft.server.rpc.sleep.time = 25ms (default)
2019-06-13 22:36:08,580 INFO  server.RaftServerConfigKeys (ConfUtils.java:logGet(43)) - raft.server.watch.timeout = 10s (default)
2019-06-13 22:36:08,580 INFO  server.RaftServerConfigKeys (ConfUtils.java:logGet(43)) - raft.server.watch.timeout.denomination = 1s (default)
2019-06-13 22:36:08,586 INFO  impl.RoleInfo (RoleInfo.java:updateAndGet(143)) - b6f33d37-d07a-4cad-a1a8-414759879a91: start LeaderState
2019-06-13 22:36:08,600 INFO  storage.RaftLogWorker (RaftLogWorker.java:startLogSegment(298)) - b6f33d37-d07a-4cad-a1a8-414759879a91-RaftLogWorker: Starting segment from index:0
2019-06-13 22:36:08,608 INFO  impl.RaftServerImpl (ServerState.java:setRaftConf(361)) - b6f33d37-d07a-4cad-a1a8-414759879a91:group-C06CBBB7D808 set configuration 0: [b6f33d37-d07a-4cad-a1a8-414759879a91:192.168.105.135:41753], old=null at 0
2019-06-13 22:36:08,727 INFO  impl.FollowerState (FollowerState.java:run(101)) - a4ffd4fb-b071-43e2-a42d-1f8e9db2bf22:group-6BF9C1A6876E changes to CANDIDATE, lastRpcTime:1112, electionTimeout:1111ms
2019-06-13 22:36:08,735 INFO  impl.RoleInfo (RoleInfo.java:shutdownFollowerState(121)) - a4ffd4fb-b071-43e2-a42d-1f8e9db2bf22: shutdown FollowerState
2019-06-13 22:36:08,735 INFO  impl.RaftServerImpl (RaftServerImpl.java:setRole(164)) - a4ffd4fb-b071-43e2-a42d-1f8e9db2bf22:group-6BF9C1A6876E changes role from FOLLOWER to CANDIDATE at term 0 for changeToCandidate
2019-06-13 22:36:08,735 INFO  impl.RoleInfo (RoleInfo.java:updateAndGet(143)) - a4ffd4fb-b071-43e2-a42d-1f8e9db2bf22: start LeaderElection
2019-06-13 22:36:08,740 INFO  impl.LeaderElection (LeaderElection.java:askForVotes(181)) - a4ffd4fb-b071-43e2-a42d-1f8e9db2bf22:group-6BF9C1A6876E:LeaderElection2: begin an election at term 1 for -1: [a4ffd4fb-b071-43e2-a42d-1f8e9db2bf22:192.168.105.135:41953], old=null
2019-06-13 22:36:08,741 INFO  storage.RaftLogWorker (RaftLogWorker.java:execute(469)) - b6f33d37-d07a-4cad-a1a8-414759879a91-RaftLogWorker: created new log segment /opt/src/hadoop-ozone/integration-test/target/test-dir/MiniOzoneClusterImpl-0cde403e-272f-4bc0-9429-43d613d17110/datanode-0/data/ratis/7e156f30-4a48-4d4f-b81a-c06cbbb7d808/current/log_inprogress_0
2019-06-13 22:36:08,741 INFO  impl.RoleInfo (RoleInfo.java:shutdownLeaderElection(134)) - a4ffd4fb-b071-43e2-a42d-1f8e9db2bf22: shutdown LeaderElection
2019-06-13 22:36:08,742 INFO  impl.RaftServerImpl (RaftServerImpl.java:setRole(164)) - a4ffd4fb-b071-43e2-a42d-1f8e9db2bf22:group-6BF9C1A6876E changes role from CANDIDATE to LEADER at term 1 for changeToLeader
2019-06-13 22:36:08,742 INFO  impl.RaftServerImpl (ServerState.java:setLeader(263)) - a4ffd4fb-b071-43e2-a42d-1f8e9db2bf22:group-6BF9C1A6876E change Leader from null to a4ffd4fb-b071-43e2-a42d-1f8e9db2bf22 at term 1 for becomeLeader, leader elected after 1129ms
2019-06-13 22:36:08,743 INFO  server.RaftServerConfigKeys (ConfUtils.java:logGet(43)) - raft.server.staging.catchup.gap = 1000 (default)
2019-06-13 22:36:08,743 INFO  server.RaftServerConfigKeys (ConfUtils.java:logGet(43)) - raft.server.rpc.sleep.time = 25ms (default)
2019-06-13 22:36:08,743 INFO  server.RaftServerConfigKeys (ConfUtils.java:logGet(43)) - raft.server.watch.timeout = 10s (default)
2019-06-13 22:36:08,743 INFO  server.RaftServerConfigKeys (ConfUtils.java:logGet(43)) - raft.server.watch.timeout.denomination = 1s (default)
2019-06-13 22:36:08,743 INFO  impl.RoleInfo (RoleInfo.java:updateAndGet(143)) - a4ffd4fb-b071-43e2-a42d-1f8e9db2bf22: start LeaderState
2019-06-13 22:36:08,743 INFO  storage.RaftLogWorker (RaftLogWorker.java:startLogSegment(298)) - a4ffd4fb-b071-43e2-a42d-1f8e9db2bf22-RaftLogWorker: Starting segment from index:0
2019-06-13 22:36:08,745 INFO  impl.RaftServerImpl (ServerState.java:setRaftConf(361)) - a4ffd4fb-b071-43e2-a42d-1f8e9db2bf22:group-6BF9C1A6876E set configuration 0: [a4ffd4fb-b071-43e2-a42d-1f8e9db2bf22:192.168.105.135:41953], old=null at 0
2019-06-13 22:36:08,781 INFO  storage.RaftLogWorker (RaftLogWorker.java:execute(469)) - a4ffd4fb-b071-43e2-a42d-1f8e9db2bf22-RaftLogWorker: created new log segment /opt/src/hadoop-ozone/integration-test/target/test-dir/MiniOzoneClusterImpl-0cde403e-272f-4bc0-9429-43d613d17110/datanode-1/data/ratis/c9410202-b21f-4a66-a27b-6bf9c1a6876e/current/log_inprogress_0
2019-06-13 22:36:08,823 INFO  impl.FollowerState (FollowerState.java:run(101)) - 88ff2d4d-8f54-47d0-8c8a-37afcf5c9a51:group-4FCB19EC447A changes to CANDIDATE, lastRpcTime:1055, electionTimeout:1055ms
2019-06-13 22:36:08,823 INFO  impl.RoleInfo (RoleInfo.java:shutdownFollowerState(121)) - 88ff2d4d-8f54-47d0-8c8a-37afcf5c9a51: shutdown FollowerState
2019-06-13 22:36:08,823 INFO  impl.RaftServerImpl (RaftServerImpl.java:setRole(164)) - 88ff2d4d-8f54-47d0-8c8a-37afcf5c9a51:group-4FCB19EC447A changes role from FOLLOWER to CANDIDATE at term 0 for changeToCandidate
2019-06-13 22:36:08,823 INFO  impl.RoleInfo (RoleInfo.java:updateAndGet(143)) - 88ff2d4d-8f54-47d0-8c8a-37afcf5c9a51: start LeaderElection
2019-06-13 22:36:08,829 INFO  impl.LeaderElection (LeaderElection.java:askForVotes(181)) - 88ff2d4d-8f54-47d0-8c8a-37afcf5c9a51:group-4FCB19EC447A:LeaderElection3: begin an election at term 1 for -1: [88ff2d4d-8f54-47d0-8c8a-37afcf5c9a51:192.168.105.135:44459], old=null
2019-06-13 22:36:08,829 INFO  impl.RoleInfo (RoleInfo.java:shutdownLeaderElection(134)) - 88ff2d4d-8f54-47d0-8c8a-37afcf5c9a51: shutdown LeaderElection
2019-06-13 22:36:08,829 INFO  impl.RaftServerImpl (RaftServerImpl.java:setRole(164)) - 88ff2d4d-8f54-47d0-8c8a-37afcf5c9a51:group-4FCB19EC447A changes role from CANDIDATE to LEADER at term 1 for changeToLeader
2019-06-13 22:36:08,829 INFO  impl.RaftServerImpl (ServerState.java:setLeader(263)) - 88ff2d4d-8f54-47d0-8c8a-37afcf5c9a51:group-4FCB19EC447A change Leader from null to 88ff2d4d-8f54-47d0-8c8a-37afcf5c9a51 at term 1 for becomeLeader, leader elected after 1063ms
2019-06-13 22:36:08,830 INFO  server.RaftServerConfigKeys (ConfUtils.java:logGet(43)) - raft.server.staging.catchup.gap = 1000 (default)
2019-06-13 22:36:08,830 INFO  server.RaftServerConfigKeys (ConfUtils.java:logGet(43)) - raft.server.rpc.sleep.time = 25ms (default)
2019-06-13 22:36:08,830 INFO  server.RaftServerConfigKeys (ConfUtils.java:logGet(43)) - raft.server.watch.timeout = 10s (default)
2019-06-13 22:36:08,831 INFO  server.RaftServerConfigKeys (ConfUtils.java:logGet(43)) - raft.server.watch.timeout.denomination = 1s (default)
2019-06-13 22:36:08,831 INFO  impl.RoleInfo (RoleInfo.java:updateAndGet(143)) - 88ff2d4d-8f54-47d0-8c8a-37afcf5c9a51: start LeaderState
2019-06-13 22:36:08,831 INFO  storage.RaftLogWorker (RaftLogWorker.java:startLogSegment(298)) - 88ff2d4d-8f54-47d0-8c8a-37afcf5c9a51-RaftLogWorker: Starting segment from index:0
2019-06-13 22:36:08,837 INFO  impl.RaftServerImpl (ServerState.java:setRaftConf(361)) - 88ff2d4d-8f54-47d0-8c8a-37afcf5c9a51:group-4FCB19EC447A set configuration 0: [88ff2d4d-8f54-47d0-8c8a-37afcf5c9a51:192.168.105.135:44459], old=null at 0
2019-06-13 22:36:08,853 INFO  ozone.MiniOzoneClusterImpl (MiniOzoneClusterImpl.java:lambda$waitForClusterToBeReady$0(142)) - Waiting for cluster to be ready. Got 5 of 6 DN Heartbeats.
2019-06-13 22:36:08,870 INFO  node.SCMNodeManager (SCMNodeManager.java:register(234)) - Registered Data node : bf1fd644-dc28-485b-8213-b1894242cdf3{ip: 192.168.105.135, host: ozone-t78nf-2139872126, networkLocation: /default-rack, certSerialId: null}
2019-06-13 22:36:08,873 INFO  storage.RaftLogWorker (RaftLogWorker.java:execute(469)) - 88ff2d4d-8f54-47d0-8c8a-37afcf5c9a51-RaftLogWorker: created new log segment /opt/src/hadoop-ozone/integration-test/target/test-dir/MiniOzoneClusterImpl-0cde403e-272f-4bc0-9429-43d613d17110/datanode-2/data/ratis/7bdbd0cd-bf5e-46fc-b982-4fcb19ec447a/current/log_inprogress_0
2019-06-13 22:36:08,878 INFO  impl.FollowerState (FollowerState.java:run(101)) - b6f33d37-d07a-4cad-a1a8-414759879a91:group-CF6BBD870AE8 changes to CANDIDATE, lastRpcTime:1056, electionTimeout:1056ms
2019-06-13 22:36:08,879 INFO  impl.RoleInfo (RoleInfo.java:shutdownFollowerState(121)) - b6f33d37-d07a-4cad-a1a8-414759879a91: shutdown FollowerState
2019-06-13 22:36:08,879 INFO  impl.RaftServerImpl (RaftServerImpl.java:setRole(164)) - b6f33d37-d07a-4cad-a1a8-414759879a91:group-CF6BBD870AE8 changes role from FOLLOWER to CANDIDATE at term 0 for changeToCandidate
2019-06-13 22:36:08,879 INFO  impl.RoleInfo (RoleInfo.java:updateAndGet(143)) - b6f33d37-d07a-4cad-a1a8-414759879a91: start LeaderElection
2019-06-13 22:36:08,884 INFO  impl.RaftServerProxy (RaftServerProxy.java:addNew(89)) - bf1fd644-dc28-485b-8213-b1894242cdf3: addNew group-1C3D1C20D819:[bf1fd644-dc28-485b-8213-b1894242cdf3:192.168.105.135:42985] returns group-1C3D1C20D819:java.util.concurrent.CompletableFuture@25bc2597[Not completed]
2019-06-13 22:36:08,887 INFO  impl.RaftServerImpl (RaftServerImpl.java:<init>(91)) - bf1fd644-dc28-485b-8213-b1894242cdf3: new RaftServerImpl for group-1C3D1C20D819:[bf1fd644-dc28-485b-8213-b1894242cdf3:192.168.105.135:42985] with ContainerStateMachine:uninitialized
2019-06-13 22:36:08,887 INFO  server.RaftServerConfigKeys (ConfUtils.java:logGet(43)) - raft.server.rpc.timeout.min = 1s (custom)
2019-06-13 22:36:08,887 INFO  server.RaftServerConfigKeys (ConfUtils.java:logGet(43)) - raft.server.rpc.timeout.max = 1200ms (custom)
2019-06-13 22:36:08,888 INFO  server.RaftServerConfigKeys (ConfUtils.java:logGet(43)) - raft.server.rpcslowness.timeout = 10s (custom)
2019-06-13 22:36:08,888 INFO  server.RaftServerConfigKeys (ConfUtils.java:logGet(43)) - raft.server.log.appender.install.snapshot.enabled = true (default)
2019-06-13 22:36:08,888 INFO  impl.RaftServerImpl (ServerState.java:<init>(101)) - bf1fd644-dc28-485b-8213-b1894242cdf3:group-1C3D1C20D819 ConfigurationManager, init=-1: [bf1fd644-dc28-485b-8213-b1894242cdf3:192.168.105.135:42985], old=null, confs=<EMPTY_MAP>
2019-06-13 22:36:08,888 INFO  server.RaftServerConfigKeys (ConfUtils.java:logGet(43)) - raft.server.storage.dir = [/opt/src/hadoop-ozone/integration-test/target/test-dir/MiniOzoneClusterImpl-0cde403e-272f-4bc0-9429-43d613d17110/datanode-5/data/ratis] (custom)
2019-06-13 22:36:08,888 INFO  storage.RaftStorageDirectory (RaftStorageDirectory.java:analyzeStorage(246)) - The storage directory /opt/src/hadoop-ozone/integration-test/target/test-dir/MiniOzoneClusterImpl-0cde403e-272f-4bc0-9429-43d613d17110/datanode-5/data/ratis/fed1673c-a526-4028-8b53-1c3d1c20d819 does not exist. Creating ...
2019-06-13 22:36:08,891 INFO  storage.RaftStorageDirectory (RaftStorageDirectory.java:tryLock(328)) - Lock on /opt/src/hadoop-ozone/integration-test/target/test-dir/MiniOzoneClusterImpl-0cde403e-272f-4bc0-9429-43d613d17110/datanode-5/data/ratis/fed1673c-a526-4028-8b53-1c3d1c20d819/in_use.lock acquired by nodename 10087@ozone-t78nf-2139872126
2019-06-13 22:36:08,892 INFO  storage.RaftStorage (RaftStorage.java:format(75)) - Storage directory /opt/src/hadoop-ozone/integration-test/target/test-dir/MiniOzoneClusterImpl-0cde403e-272f-4bc0-9429-43d613d17110/datanode-5/data/ratis/fed1673c-a526-4028-8b53-1c3d1c20d819 has been successfully formatted.
2019-06-13 22:36:08,892 INFO  impl.LeaderElection (LeaderElection.java:askForVotes(181)) - b6f33d37-d07a-4cad-a1a8-414759879a91:group-CF6BBD870AE8:LeaderElection4: begin an election at term 1 for -1: [a4ffd4fb-b071-43e2-a42d-1f8e9db2bf22:192.168.105.135:41953, b6f33d37-d07a-4cad-a1a8-414759879a91:192.168.105.135:41753, 88ff2d4d-8f54-47d0-8c8a-37afcf5c9a51:192.168.105.135:44459], old=null
2019-06-13 22:36:08,893 INFO  ratis.ContainerStateMachine (ContainerStateMachine.java:loadSnapshot(199)) - The snapshot info is null.Setting the last applied index to:(t:0, i:~)
2019-06-13 22:36:08,893 INFO  server.RaftServerConfigKeys (ConfUtils.java:logGet(43)) - raft.server.leader.election.timeout = 10s (custom)
2019-06-13 22:36:08,893 INFO  server.RaftServerConfigKeys (ConfUtils.java:logGet(43)) - raft.server.log.use.memory = false (default)
2019-06-13 22:36:08,893 INFO  server.RaftServerConfigKeys (ConfUtils.java:logGet(43)) - raft.server.log.appender.buffer.byte-limit = 33554432 (custom)
2019-06-13 22:36:08,893 INFO  server.RaftServerConfigKeys (ConfUtils.java:logGet(43)) - raft.server.log.segment.size.max = 16384 (custom)
2019-06-13 22:36:08,893 INFO  server.RaftServerConfigKeys (ConfUtils.java:logGet(43)) - raft.server.log.segment.cache.num.max = 2 (custom)
2019-06-13 22:36:08,893 INFO  storage.RaftLogWorker (RaftLogWorker.java:<init>(123)) - new bf1fd644-dc28-485b-8213-b1894242cdf3-RaftLogWorker for Storage Directory /opt/src/hadoop-ozone/integration-test/target/test-dir/MiniOzoneClusterImpl-0cde403e-272f-4bc0-9429-43d613d17110/datanode-5/data/ratis/fed1673c-a526-4028-8b53-1c3d1c20d819
2019-06-13 22:36:08,893 INFO  server.RaftServerConfigKeys (ConfUtils.java:logGet(43)) - raft.server.log.queue.byte-limit = 2147483647 (custom)
2019-06-13 22:36:08,893 INFO  server.RaftServerConfigKeys (ConfUtils.java:logGet(43)) - raft.server.log.queue.element-limit = 1024 (custom)
2019-06-13 22:36:08,894 INFO  server.RaftServerConfigKeys (ConfUtils.java:logGet(43)) - raft.server.log.segment.size.max = 16384 (custom)
2019-06-13 22:36:08,894 INFO  server.RaftServerConfigKeys (ConfUtils.java:logGet(43)) - raft.server.log.preallocated.size = 16384 (custom)
2019-06-13 22:36:08,894 INFO  server.RaftServerConfigKeys (ConfUtils.java:logGet(43)) - raft.server.log.write.buffer.size = 33554432 (custom)
2019-06-13 22:36:08,894 INFO  server.RaftServerConfigKeys (ConfUtils.java:logGet(43)) - raft.server.log.force.sync.num = 128 (default)
2019-06-13 22:36:08,894 INFO  server.RaftServerConfigKeys (ConfUtils.java:logGet(43)) - raft.server.log.statemachine.data.sync = true (default)
2019-06-13 22:36:08,894 INFO  server.RaftServerConfigKeys (ConfUtils.java:logGet(43)) - raft.server.log.statemachine.data.sync.timeout = 10s (default)
2019-06-13 22:36:08,894 INFO  server.RaftServerConfigKeys (ConfUtils.java:logGet(43)) - raft.server.log.statemachine.data.sync.timeout.retry = -1 (default)
2019-06-13 22:36:08,894 INFO  server.RaftServerConfigKeys (ConfUtils.java:logGet(43)) - raft.server.log.statemachine.data.caching.enabled = true (custom)
2019-06-13 22:36:08,895 INFO  server.RaftServerConfigKeys (ConfUtils.java:logGet(43)) - raft.server.snapshot.auto.trigger.enabled = true (custom)
2019-06-13 22:36:08,895 INFO  server.RaftServerConfigKeys (ConfUtils.java:logGet(43)) - raft.server.snapshot.auto.trigger.threshold = 10000 (custom)
2019-06-13 22:36:08,895 INFO  server.RaftServerConfigKeys (ConfUtils.java:logGet(43)) - raft.server.retrycache.expirytime = 600000ms (custom)
2019-06-13 22:36:08,895 INFO  impl.RaftServerImpl (RaftServerImpl.java:start(173)) - bf1fd644-dc28-485b-8213-b1894242cdf3: start group-1C3D1C20D819
2019-06-13 22:36:08,895 INFO  impl.RaftServerImpl (RaftServerImpl.java:setRole(164)) - bf1fd644-dc28-485b-8213-b1894242cdf3:group-1C3D1C20D819 changes role from null to FOLLOWER at term 0 for startAsFollower
2019-06-13 22:36:08,895 INFO  impl.RoleInfo (RoleInfo.java:updateAndGet(143)) - bf1fd644-dc28-485b-8213-b1894242cdf3: start FollowerState
2019-06-13 22:36:08,896 INFO  util.JmxRegister (JmxRegister.java:tryRegister(44)) - Successfully registered JMX Bean with object name Ratis:service=RaftServer,group=group-1C3D1C20D819,id=bf1fd644-dc28-485b-8213-b1894242cdf3
2019-06-13 22:36:08,919 INFO  pipeline.PipelineStateManager (PipelineStateManager.java:addPipeline(56)) - Created pipeline Pipeline[ Id: fed1673c-a526-4028-8b53-1c3d1c20d819, Nodes: bf1fd644-dc28-485b-8213-b1894242cdf3{ip: 192.168.105.135, host: ozone-t78nf-2139872126, networkLocation: /default-rack, certSerialId: null}, Type:RATIS, Factor:ONE, State:OPEN]
2019-06-13 22:36:08,923 INFO  impl.RaftServerImpl (RaftServerImpl.java:setRole(164)) - 88ff2d4d-8f54-47d0-8c8a-37afcf5c9a51:group-CF6BBD870AE8 changes role from FOLLOWER to FOLLOWER at term 1 for recognizeCandidate:b6f33d37-d07a-4cad-a1a8-414759879a91
2019-06-13 22:36:08,923 INFO  impl.RoleInfo (RoleInfo.java:shutdownFollowerState(121)) - 88ff2d4d-8f54-47d0-8c8a-37afcf5c9a51: shutdown FollowerState
2019-06-13 22:36:08,923 INFO  impl.RoleInfo (RoleInfo.java:updateAndGet(143)) - 88ff2d4d-8f54-47d0-8c8a-37afcf5c9a51: start FollowerState
2019-06-13 22:36:08,924 INFO  impl.FollowerState (FollowerState.java:run(109)) - 88ff2d4d-8f54-47d0-8c8a-37afcf5c9a51: FollowerState was interrupted: java.lang.InterruptedException: sleep interrupted
2019-06-13 22:36:08,924 INFO  impl.RaftServerImpl (RaftServerImpl.java:setRole(164)) - a4ffd4fb-b071-43e2-a42d-1f8e9db2bf22:group-CF6BBD870AE8 changes role from FOLLOWER to FOLLOWER at term 1 for recognizeCandidate:b6f33d37-d07a-4cad-a1a8-414759879a91
2019-06-13 22:36:08,924 INFO  impl.RoleInfo (RoleInfo.java:shutdownFollowerState(121)) - a4ffd4fb-b071-43e2-a42d-1f8e9db2bf22: shutdown FollowerState
2019-06-13 22:36:08,925 INFO  impl.FollowerState (FollowerState.java:run(109)) - a4ffd4fb-b071-43e2-a42d-1f8e9db2bf22: FollowerState was interrupted: java.lang.InterruptedException: sleep interrupted
2019-06-13 22:36:08,928 INFO  impl.RoleInfo (RoleInfo.java:updateAndGet(143)) - a4ffd4fb-b071-43e2-a42d-1f8e9db2bf22: start FollowerState
2019-06-13 22:36:08,942 INFO  impl.LeaderElection (LeaderElection.java:logAndReturn(56)) - b6f33d37-d07a-4cad-a1a8-414759879a91:group-CF6BBD870AE8:LeaderElection4: Election PASSED; received 1 response(s) [b6f33d37-d07a-4cad-a1a8-414759879a91->a4ffd4fb-b071-43e2-a42d-1f8e9db2bf22,true-t1] and 0 exception(s); b6f33d37-d07a-4cad-a1a8-414759879a91:t1, leader=null, voted=b6f33d37-d07a-4cad-a1a8-414759879a91, raftlog=b6f33d37-d07a-4cad-a1a8-414759879a91-SegmentedRaftLog:OPENED:c-1,f-1,i0, conf=-1: [a4ffd4fb-b071-43e2-a42d-1f8e9db2bf22:192.168.105.135:41953, b6f33d37-d07a-4cad-a1a8-414759879a91:192.168.105.135:41753, 88ff2d4d-8f54-47d0-8c8a-37afcf5c9a51:192.168.105.135:44459], old=null
2019-06-13 22:36:08,942 INFO  impl.RoleInfo (RoleInfo.java:shutdownLeaderElection(134)) - b6f33d37-d07a-4cad-a1a8-414759879a91: shutdown LeaderElection
2019-06-13 22:36:08,942 INFO  impl.RaftServerImpl (RaftServerImpl.java:setRole(164)) - b6f33d37-d07a-4cad-a1a8-414759879a91:group-CF6BBD870AE8 changes role from CANDIDATE to LEADER at term 1 for changeToLeader
2019-06-13 22:36:08,942 INFO  impl.RaftServerImpl (ServerState.java:setLeader(263)) - b6f33d37-d07a-4cad-a1a8-414759879a91:group-CF6BBD870AE8 change Leader from null to b6f33d37-d07a-4cad-a1a8-414759879a91 at term 1 for becomeLeader, leader elected after 1122ms
2019-06-13 22:36:08,942 INFO  server.RaftServerConfigKeys (ConfUtils.java:logGet(43)) - raft.server.staging.catchup.gap = 1000 (default)
2019-06-13 22:36:08,943 INFO  server.RaftServerConfigKeys (ConfUtils.java:logGet(43)) - raft.server.rpc.sleep.time = 25ms (default)
2019-06-13 22:36:08,943 INFO  server.RaftServerConfigKeys (ConfUtils.java:logGet(43)) - raft.server.watch.timeout = 10s (default)
2019-06-13 22:36:08,943 INFO  server.RaftServerConfigKeys (ConfUtils.java:logGet(43)) - raft.server.watch.timeout.denomination = 1s (default)
2019-06-13 22:36:08,944 INFO  server.RaftServerConfigKeys (ConfUtils.java:logGet(43)) - raft.server.log.appender.snapshot.chunk.size.max = 16MB (=16777216) (default)
2019-06-13 22:36:08,945 INFO  server.RaftServerConfigKeys (ConfUtils.java:logGet(43)) - raft.server.log.appender.buffer.byte-limit = 33554432 (custom)
2019-06-13 22:36:08,945 INFO  server.RaftServerConfigKeys (ConfUtils.java:logGet(43)) - raft.server.log.appender.buffer.element-limit = 1 (custom)
2019-06-13 22:36:08,947 INFO  grpc.GrpcConfigKeys$Server (ConfUtils.java:logGet(43)) - raft.grpc.server.leader.outstanding.appends.max = 128 (default)
2019-06-13 22:36:08,948 INFO  server.RaftServerConfigKeys (ConfUtils.java:logGet(43)) - raft.server.rpc.request.timeout = 3000ms (default)
2019-06-13 22:36:08,950 INFO  server.RaftServerConfigKeys (ConfUtils.java:logGet(43)) - raft.server.log.appender.install.snapshot.enabled = true (default)
2019-06-13 22:36:08,950 INFO  server.RaftServerConfigKeys (ConfUtils.java:logGet(43)) - raft.server.log.appender.snapshot.chunk.size.max = 16MB (=16777216) (default)
2019-06-13 22:36:08,950 INFO  server.RaftServerConfigKeys (ConfUtils.java:logGet(43)) - raft.server.log.appender.buffer.byte-limit = 33554432 (custom)
2019-06-13 22:36:08,950 INFO  server.RaftServerConfigKeys (ConfUtils.java:logGet(43)) - raft.server.log.appender.buffer.element-limit = 1 (custom)
2019-06-13 22:36:08,950 INFO  grpc.GrpcConfigKeys$Server (ConfUtils.java:logGet(43)) - raft.grpc.server.leader.outstanding.appends.max = 128 (default)
2019-06-13 22:36:08,950 INFO  server.RaftServerConfigKeys (ConfUtils.java:logGet(43)) - raft.server.rpc.request.timeout = 3000ms (default)
2019-06-13 22:36:08,950 INFO  server.RaftServerConfigKeys (ConfUtils.java:logGet(43)) - raft.server.log.appender.install.snapshot.enabled = true (default)
2019-06-13 22:36:08,951 INFO  impl.RoleInfo (RoleInfo.java:updateAndGet(143)) - b6f33d37-d07a-4cad-a1a8-414759879a91: start LeaderState
2019-06-13 22:36:08,951 INFO  storage.RaftLogWorker (RaftLogWorker.java:startLogSegment(298)) - b6f33d37-d07a-4cad-a1a8-414759879a91-RaftLogWorker: Starting segment from index:0
2019-06-13 22:36:08,989 INFO  impl.RaftServerProxy (RaftServerProxy.java:addNew(89)) - ade0d73f-a94f-40bc-baab-6dc80ad40c80: addNew group-3D2F993F8138:[ade0d73f-a94f-40bc-baab-6dc80ad40c80:192.168.105.135:38755, bf1fd644-dc28-485b-8213-b1894242cdf3:192.168.105.135:42985, 8ec4bb81-9a04-475b-b3d7-7a9c8a9f84c0:192.168.105.135:32931] returns group-3D2F993F8138:java.util.concurrent.CompletableFuture@66eba070[Not completed]
2019-06-13 22:36:08,990 INFO  impl.RaftServerImpl (ServerState.java:setRaftConf(361)) - b6f33d37-d07a-4cad-a1a8-414759879a91:group-CF6BBD870AE8 set configuration 0: [a4ffd4fb-b071-43e2-a42d-1f8e9db2bf22:192.168.105.135:41953, b6f33d37-d07a-4cad-a1a8-414759879a91:192.168.105.135:41753, 88ff2d4d-8f54-47d0-8c8a-37afcf5c9a51:192.168.105.135:44459], old=null at 0
2019-06-13 22:36:08,992 INFO  impl.RaftServerProxy (RaftServerProxy.java:addNew(89)) - bf1fd644-dc28-485b-8213-b1894242cdf3: addNew group-3D2F993F8138:[ade0d73f-a94f-40bc-baab-6dc80ad40c80:192.168.105.135:38755, bf1fd644-dc28-485b-8213-b1894242cdf3:192.168.105.135:42985, 8ec4bb81-9a04-475b-b3d7-7a9c8a9f84c0:192.168.105.135:32931] returns group-3D2F993F8138:java.util.concurrent.CompletableFuture@41c59801[Not completed]
2019-06-13 22:36:08,993 INFO  impl.RaftServerImpl (RaftServerImpl.java:<init>(91)) - ade0d73f-a94f-40bc-baab-6dc80ad40c80: new RaftServerImpl for group-3D2F993F8138:[ade0d73f-a94f-40bc-baab-6dc80ad40c80:192.168.105.135:38755, bf1fd644-dc28-485b-8213-b1894242cdf3:192.168.105.135:42985, 8ec4bb81-9a04-475b-b3d7-7a9c8a9f84c0:192.168.105.135:32931] with ContainerStateMachine:uninitialized
2019-06-13 22:36:08,993 INFO  server.RaftServerConfigKeys (ConfUtils.java:logGet(43)) - raft.server.rpc.timeout.min = 1s (custom)
2019-06-13 22:36:08,993 INFO  server.RaftServerConfigKeys (ConfUtils.java:logGet(43)) - raft.server.rpc.timeout.max = 1200ms (custom)
2019-06-13 22:36:08,993 INFO  server.RaftServerConfigKeys (ConfUtils.java:logGet(43)) - raft.server.rpcslowness.timeout = 10s (custom)
2019-06-13 22:36:08,993 INFO  server.RaftServerConfigKeys (ConfUtils.java:logGet(43)) - raft.server.log.appender.install.snapshot.enabled = true (default)
2019-06-13 22:36:08,993 INFO  impl.RaftServerImpl (ServerState.java:<init>(101)) - ade0d73f-a94f-40bc-baab-6dc80ad40c80:group-3D2F993F8138 ConfigurationManager, init=-1: [ade0d73f-a94f-40bc-baab-6dc80ad40c80:192.168.105.135:38755, bf1fd644-dc28-485b-8213-b1894242cdf3:192.168.105.135:42985, 8ec4bb81-9a04-475b-b3d7-7a9c8a9f84c0:192.168.105.135:32931], old=null, confs=<EMPTY_MAP>
2019-06-13 22:36:08,994 INFO  server.RaftServerConfigKeys (ConfUtils.java:logGet(43)) - raft.server.storage.dir = [/opt/src/hadoop-ozone/integration-test/target/test-dir/MiniOzoneClusterImpl-0cde403e-272f-4bc0-9429-43d613d17110/datanode-4/data/ratis] (custom)
2019-06-13 22:36:08,994 INFO  storage.RaftStorageDirectory (RaftStorageDirectory.java:analyzeStorage(246)) - The storage directory /opt/src/hadoop-ozone/integration-test/target/test-dir/MiniOzoneClusterImpl-0cde403e-272f-4bc0-9429-43d613d17110/datanode-4/data/ratis/ea6b1a7f-878f-424d-b6e1-3d2f993f8138 does not exist. Creating ...
2019-06-13 22:36:08,995 INFO  impl.RaftServerImpl (RaftServerImpl.java:<init>(91)) - bf1fd644-dc28-485b-8213-b1894242cdf3: new RaftServerImpl for group-3D2F993F8138:[ade0d73f-a94f-40bc-baab-6dc80ad40c80:192.168.105.135:38755, bf1fd644-dc28-485b-8213-b1894242cdf3:192.168.105.135:42985, 8ec4bb81-9a04-475b-b3d7-7a9c8a9f84c0:192.168.105.135:32931] with ContainerStateMachine:uninitialized
2019-06-13 22:36:08,995 INFO  server.RaftServerConfigKeys (ConfUtils.java:logGet(43)) - raft.server.rpc.timeout.min = 1s (custom)
2019-06-13 22:36:08,995 INFO  server.RaftServerConfigKeys (ConfUtils.java:logGet(43)) - raft.server.rpc.timeout.max = 1200ms (custom)
2019-06-13 22:36:08,995 INFO  server.RaftServerConfigKeys (ConfUtils.java:logGet(43)) - raft.server.rpcslowness.timeout = 10s (custom)
2019-06-13 22:36:08,995 INFO  server.RaftServerConfigKeys (ConfUtils.java:logGet(43)) - raft.server.log.appender.install.snapshot.enabled = true (default)
2019-06-13 22:36:08,995 INFO  impl.RaftServerImpl (ServerState.java:<init>(101)) - bf1fd644-dc28-485b-8213-b1894242cdf3:group-3D2F993F8138 ConfigurationManager, init=-1: [ade0d73f-a94f-40bc-baab-6dc80ad40c80:192.168.105.135:38755, bf1fd644-dc28-485b-8213-b1894242cdf3:192.168.105.135:42985, 8ec4bb81-9a04-475b-b3d7-7a9c8a9f84c0:192.168.105.135:32931], old=null, confs=<EMPTY_MAP>
2019-06-13 22:36:08,996 INFO  server.RaftServerConfigKeys (ConfUtils.java:logGet(43)) - raft.server.storage.dir = [/opt/src/hadoop-ozone/integration-test/target/test-dir/MiniOzoneClusterImpl-0cde403e-272f-4bc0-9429-43d613d17110/datanode-5/data/ratis] (custom)
2019-06-13 22:36:08,997 INFO  storage.RaftStorageDirectory (RaftStorageDirectory.java:tryLock(328)) - Lock on /opt/src/hadoop-ozone/integration-test/target/test-dir/MiniOzoneClusterImpl-0cde403e-272f-4bc0-9429-43d613d17110/datanode-4/data/ratis/ea6b1a7f-878f-424d-b6e1-3d2f993f8138/in_use.lock acquired by nodename 10087@ozone-t78nf-2139872126
2019-06-13 22:36:08,997 INFO  storage.RaftStorageDirectory (RaftStorageDirectory.java:analyzeStorage(246)) - The storage directory /opt/src/hadoop-ozone/integration-test/target/test-dir/MiniOzoneClusterImpl-0cde403e-272f-4bc0-9429-43d613d17110/datanode-5/data/ratis/ea6b1a7f-878f-424d-b6e1-3d2f993f8138 does not exist. Creating ...
2019-06-13 22:36:08,997 INFO  storage.RaftLogWorker (RaftLogWorker.java:execute(469)) - b6f33d37-d07a-4cad-a1a8-414759879a91-RaftLogWorker: created new log segment /opt/src/hadoop-ozone/integration-test/target/test-dir/MiniOzoneClusterImpl-0cde403e-272f-4bc0-9429-43d613d17110/datanode-0/data/ratis/5ca1c08e-4b0b-45d5-bb5c-cf6bbd870ae8/current/log_inprogress_0
2019-06-13 22:36:08,998 INFO  impl.RaftServerImpl (RaftServerImpl.java:<init>(91)) - 8ec4bb81-9a04-475b-b3d7-7a9c8a9f84c0: new RaftServerImpl for group-3D2F993F8138:[ade0d73f-a94f-40bc-baab-6dc80ad40c80:192.168.105.135:38755, bf1fd644-dc28-485b-8213-b1894242cdf3:192.168.105.135:42985, 8ec4bb81-9a04-475b-b3d7-7a9c8a9f84c0:192.168.105.135:32931] with ContainerStateMachine:uninitialized
2019-06-13 22:36:08,997 INFO  impl.RaftServerProxy (RaftServerProxy.java:addNew(89)) - 8ec4bb81-9a04-475b-b3d7-7a9c8a9f84c0: addNew group-3D2F993F8138:[ade0d73f-a94f-40bc-baab-6dc80ad40c80:192.168.105.135:38755, bf1fd644-dc28-485b-8213-b1894242cdf3:192.168.105.135:42985, 8ec4bb81-9a04-475b-b3d7-7a9c8a9f84c0:192.168.105.135:32931] returns group-3D2F993F8138:java.util.concurrent.CompletableFuture@58ebc126[Not completed]
2019-06-13 22:36:08,998 INFO  server.RaftServerConfigKeys (ConfUtils.java:logGet(43)) - raft.server.rpc.timeout.min = 1s (custom)
2019-06-13 22:36:08,998 INFO  server.RaftServerConfigKeys (ConfUtils.java:logGet(43)) - raft.server.rpc.timeout.max = 1200ms (custom)
2019-06-13 22:36:08,999 INFO  server.RaftServerConfigKeys (ConfUtils.java:logGet(43)) - raft.server.rpcslowness.timeout = 10s (custom)
2019-06-13 22:36:08,999 INFO  server.RaftServerConfigKeys (ConfUtils.java:logGet(43)) - raft.server.log.appender.install.snapshot.enabled = true (default)
2019-06-13 22:36:08,999 INFO  impl.RaftServerImpl (ServerState.java:<init>(101)) - 8ec4bb81-9a04-475b-b3d7-7a9c8a9f84c0:group-3D2F993F8138 ConfigurationManager, init=-1: [ade0d73f-a94f-40bc-baab-6dc80ad40c80:192.168.105.135:38755, bf1fd644-dc28-485b-8213-b1894242cdf3:192.168.105.135:42985, 8ec4bb81-9a04-475b-b3d7-7a9c8a9f84c0:192.168.105.135:32931], old=null, confs=<EMPTY_MAP>
2019-06-13 22:36:08,999 INFO  server.RaftServerConfigKeys (ConfUtils.java:logGet(43)) - raft.server.storage.dir = [/opt/src/hadoop-ozone/integration-test/target/test-dir/MiniOzoneClusterImpl-0cde403e-272f-4bc0-9429-43d613d17110/datanode-3/data/ratis] (custom)
2019-06-13 22:36:08,999 INFO  storage.RaftStorageDirectory (RaftStorageDirectory.java:analyzeStorage(246)) - The storage directory /opt/src/hadoop-ozone/integration-test/target/test-dir/MiniOzoneClusterImpl-0cde403e-272f-4bc0-9429-43d613d17110/datanode-3/data/ratis/ea6b1a7f-878f-424d-b6e1-3d2f993f8138 does not exist. Creating ...
2019-06-13 22:36:08,999 INFO  storage.RaftStorageDirectory (RaftStorageDirectory.java:tryLock(328)) - Lock on /opt/src/hadoop-ozone/integration-test/target/test-dir/MiniOzoneClusterImpl-0cde403e-272f-4bc0-9429-43d613d17110/datanode-5/data/ratis/ea6b1a7f-878f-424d-b6e1-3d2f993f8138/in_use.lock acquired by nodename 10087@ozone-t78nf-2139872126
2019-06-13 22:36:08,999 INFO  storage.RaftStorage (RaftStorage.java:format(75)) - Storage directory /opt/src/hadoop-ozone/integration-test/target/test-dir/MiniOzoneClusterImpl-0cde403e-272f-4bc0-9429-43d613d17110/datanode-4/data/ratis/ea6b1a7f-878f-424d-b6e1-3d2f993f8138 has been successfully formatted.
2019-06-13 22:36:09,001 INFO  ratis.ContainerStateMachine (ContainerStateMachine.java:loadSnapshot(199)) - The snapshot info is null.Setting the last applied index to:(t:0, i:~)
2019-06-13 22:36:09,001 INFO  server.RaftServerConfigKeys (ConfUtils.java:logGet(43)) - raft.server.leader.election.timeout = 10s (custom)
2019-06-13 22:36:09,002 INFO  server.RaftServerConfigKeys (ConfUtils.java:logGet(43)) - raft.server.log.use.memory = false (default)
2019-06-13 22:36:09,002 INFO  storage.RaftStorageDirectory (RaftStorageDirectory.java:tryLock(328)) - Lock on /opt/src/hadoop-ozone/integration-test/target/test-dir/MiniOzoneClusterImpl-0cde403e-272f-4bc0-9429-43d613d17110/datanode-3/data/ratis/ea6b1a7f-878f-424d-b6e1-3d2f993f8138/in_use.lock acquired by nodename 10087@ozone-t78nf-2139872126
2019-06-13 22:36:09,002 INFO  server.RaftServerConfigKeys (ConfUtils.java:logGet(43)) - raft.server.log.appender.buffer.byte-limit = 33554432 (custom)
2019-06-13 22:36:09,002 INFO  server.RaftServerConfigKeys (ConfUtils.java:logGet(43)) - raft.server.log.segment.size.max = 16384 (custom)
2019-06-13 22:36:09,002 INFO  server.RaftServerConfigKeys (ConfUtils.java:logGet(43)) - raft.server.log.segment.cache.num.max = 2 (custom)
2019-06-13 22:36:09,002 INFO  storage.RaftLogWorker (RaftLogWorker.java:<init>(123)) - new ade0d73f-a94f-40bc-baab-6dc80ad40c80-RaftLogWorker for Storage Directory /opt/src/hadoop-ozone/integration-test/target/test-dir/MiniOzoneClusterImpl-0cde403e-272f-4bc0-9429-43d613d17110/datanode-4/data/ratis/ea6b1a7f-878f-424d-b6e1-3d2f993f8138
2019-06-13 22:36:09,002 INFO  server.RaftServerConfigKeys (ConfUtils.java:logGet(43)) - raft.server.log.queue.byte-limit = 2147483647 (custom)
2019-06-13 22:36:09,002 INFO  server.RaftServerConfigKeys (ConfUtils.java:logGet(43)) - raft.server.log.queue.element-limit = 1024 (custom)
2019-06-13 22:36:09,002 INFO  server.RaftServerConfigKeys (ConfUtils.java:logGet(43)) - raft.server.log.segment.size.max = 16384 (custom)
2019-06-13 22:36:09,002 INFO  server.RaftServerConfigKeys (ConfUtils.java:logGet(43)) - raft.server.log.preallocated.size = 16384 (custom)
2019-06-13 22:36:09,002 INFO  server.RaftServerConfigKeys (ConfUtils.java:logGet(43)) - raft.server.log.write.buffer.size = 33554432 (custom)
2019-06-13 22:36:09,003 INFO  server.RaftServerConfigKeys (ConfUtils.java:logGet(43)) - raft.server.log.force.sync.num = 128 (default)
2019-06-13 22:36:09,003 INFO  server.RaftServerConfigKeys (ConfUtils.java:logGet(43)) - raft.server.log.statemachine.data.sync = true (default)
2019-06-13 22:36:09,003 INFO  server.RaftServerConfigKeys (ConfUtils.java:logGet(43)) - raft.server.log.statemachine.data.sync.timeout = 10s (default)
2019-06-13 22:36:09,003 INFO  server.RaftServerConfigKeys (ConfUtils.java:logGet(43)) - raft.server.log.statemachine.data.sync.timeout.retry = -1 (default)
2019-06-13 22:36:09,003 INFO  server.RaftServerConfigKeys (ConfUtils.java:logGet(43)) - raft.server.log.statemachine.data.caching.enabled = true (custom)
2019-06-13 22:36:09,003 INFO  server.RaftServerConfigKeys (ConfUtils.java:logGet(43)) - raft.server.snapshot.auto.trigger.enabled = true (custom)
2019-06-13 22:36:09,003 INFO  server.RaftServerConfigKeys (ConfUtils.java:logGet(43)) - raft.server.snapshot.auto.trigger.threshold = 10000 (custom)
2019-06-13 22:36:09,004 INFO  storage.RaftStorage (RaftStorage.java:format(75)) - Storage directory /opt/src/hadoop-ozone/integration-test/target/test-dir/MiniOzoneClusterImpl-0cde403e-272f-4bc0-9429-43d613d17110/datanode-3/data/ratis/ea6b1a7f-878f-424d-b6e1-3d2f993f8138 has been successfully formatted.
2019-06-13 22:36:09,004 INFO  storage.RaftStorage (RaftStorage.java:format(75)) - Storage directory /opt/src/hadoop-ozone/integration-test/target/test-dir/MiniOzoneClusterImpl-0cde403e-272f-4bc0-9429-43d613d17110/datanode-5/data/ratis/ea6b1a7f-878f-424d-b6e1-3d2f993f8138 has been successfully formatted.
2019-06-13 22:36:09,004 INFO  server.RaftServerConfigKeys (ConfUtils.java:logGet(43)) - raft.server.retrycache.expirytime = 600000ms (custom)
2019-06-13 22:36:09,004 INFO  ratis.ContainerStateMachine (ContainerStateMachine.java:loadSnapshot(199)) - The snapshot info is null.Setting the last applied index to:(t:0, i:~)
2019-06-13 22:36:09,004 INFO  ratis.ContainerStateMachine (ContainerStateMachine.java:loadSnapshot(199)) - The snapshot info is null.Setting the last applied index to:(t:0, i:~)
2019-06-13 22:36:09,004 INFO  server.RaftServerConfigKeys (ConfUtils.java:logGet(43)) - raft.server.leader.election.timeout = 10s (custom)
2019-06-13 22:36:09,004 INFO  impl.RaftServerImpl (RaftServerImpl.java:start(173)) - ade0d73f-a94f-40bc-baab-6dc80ad40c80: start group-3D2F993F8138
2019-06-13 22:36:09,004 INFO  impl.RaftServerImpl (RaftServerImpl.java:setRole(164)) - ade0d73f-a94f-40bc-baab-6dc80ad40c80:group-3D2F993F8138 changes role from null to FOLLOWER at term 0 for startAsFollower
2019-06-13 22:36:09,004 INFO  impl.RoleInfo (RoleInfo.java:updateAndGet(143)) - ade0d73f-a94f-40bc-baab-6dc80ad40c80: start FollowerState
2019-06-13 22:36:09,004 INFO  server.RaftServerConfigKeys (ConfUtils.java:logGet(43)) - raft.server.log.use.memory = false (default)
2019-06-13 22:36:09,005 INFO  server.RaftServerConfigKeys (ConfUtils.java:logGet(43)) - raft.server.log.appender.buffer.byte-limit = 33554432 (custom)
2019-06-13 22:36:09,005 INFO  server.RaftServerConfigKeys (ConfUtils.java:logGet(43)) - raft.server.log.segment.size.max = 16384 (custom)
2019-06-13 22:36:09,005 INFO  server.RaftServerConfigKeys (ConfUtils.java:logGet(43)) - raft.server.log.segment.cache.num.max = 2 (custom)
2019-06-13 22:36:09,005 INFO  storage.RaftLogWorker (RaftLogWorker.java:<init>(123)) - new bf1fd644-dc28-485b-8213-b1894242cdf3-RaftLogWorker for Storage Directory /opt/src/hadoop-ozone/integration-test/target/test-dir/MiniOzoneClusterImpl-0cde403e-272f-4bc0-9429-43d613d17110/datanode-5/data/ratis/ea6b1a7f-878f-424d-b6e1-3d2f993f8138
2019-06-13 22:36:09,005 INFO  server.RaftServerConfigKeys (ConfUtils.java:logGet(43)) - raft.server.log.queue.byte-limit = 2147483647 (custom)
2019-06-13 22:36:09,005 INFO  server.RaftServerConfigKeys (ConfUtils.java:logGet(43)) - raft.server.log.queue.element-limit = 1024 (custom)
2019-06-13 22:36:09,005 INFO  server.RaftServerConfigKeys (ConfUtils.java:logGet(43)) - raft.server.log.segment.size.max = 16384 (custom)
2019-06-13 22:36:09,005 INFO  server.RaftServerConfigKeys (ConfUtils.java:logGet(43)) - raft.server.log.preallocated.size = 16384 (custom)
2019-06-13 22:36:09,005 INFO  server.RaftServerConfigKeys (ConfUtils.java:logGet(43)) - raft.server.log.write.buffer.size = 33554432 (custom)
2019-06-13 22:36:09,005 INFO  server.RaftServerConfigKeys (ConfUtils.java:logGet(43)) - raft.server.log.force.sync.num = 128 (default)
2019-06-13 22:36:09,006 INFO  server.RaftServerConfigKeys (ConfUtils.java:logGet(43)) - raft.server.log.statemachine.data.sync = true (default)
2019-06-13 22:36:09,006 INFO  server.RaftServerConfigKeys (ConfUtils.java:logGet(43)) - raft.server.log.statemachine.data.sync.timeout = 10s (default)
2019-06-13 22:36:09,006 INFO  server.RaftServerConfigKeys (ConfUtils.java:logGet(43)) - raft.server.log.statemachine.data.sync.timeout.retry = -1 (default)
2019-06-13 22:36:09,006 INFO  server.RaftServerConfigKeys (ConfUtils.java:logGet(43)) - raft.server.log.statemachine.data.caching.enabled = true (custom)
2019-06-13 22:36:09,004 INFO  server.RaftServerConfigKeys (ConfUtils.java:logGet(43)) - raft.server.leader.election.timeout = 10s (custom)
2019-06-13 22:36:09,006 INFO  server.RaftServerConfigKeys (ConfUtils.java:logGet(43)) - raft.server.log.use.memory = false (default)
2019-06-13 22:36:09,006 INFO  server.RaftServerConfigKeys (ConfUtils.java:logGet(43)) - raft.server.log.appender.buffer.byte-limit = 33554432 (custom)
2019-06-13 22:36:09,007 INFO  server.RaftServerConfigKeys (ConfUtils.java:logGet(43)) - raft.server.log.segment.size.max = 16384 (custom)
2019-06-13 22:36:09,007 INFO  server.RaftServerConfigKeys (ConfUtils.java:logGet(43)) - raft.server.log.segment.cache.num.max = 2 (custom)
2019-06-13 22:36:09,007 INFO  storage.RaftLogWorker (RaftLogWorker.java:<init>(123)) - new 8ec4bb81-9a04-475b-b3d7-7a9c8a9f84c0-RaftLogWorker for Storage Directory /opt/src/hadoop-ozone/integration-test/target/test-dir/MiniOzoneClusterImpl-0cde403e-272f-4bc0-9429-43d613d17110/datanode-3/data/ratis/ea6b1a7f-878f-424d-b6e1-3d2f993f8138
2019-06-13 22:36:09,007 INFO  server.RaftServerConfigKeys (ConfUtils.java:logGet(43)) - raft.server.log.queue.byte-limit = 2147483647 (custom)
2019-06-13 22:36:09,007 INFO  server.RaftServerConfigKeys (ConfUtils.java:logGet(43)) - raft.server.log.queue.element-limit = 1024 (custom)
2019-06-13 22:36:09,007 INFO  server.RaftServerConfigKeys (ConfUtils.java:logGet(43)) - raft.server.log.segment.size.max = 16384 (custom)
2019-06-13 22:36:09,007 INFO  server.RaftServerConfigKeys (ConfUtils.java:logGet(43)) - raft.server.log.preallocated.size = 16384 (custom)
2019-06-13 22:36:09,007 INFO  server.RaftServerConfigKeys (ConfUtils.java:logGet(43)) - raft.server.log.write.buffer.size = 33554432 (custom)
2019-06-13 22:36:09,007 INFO  server.RaftServerConfigKeys (ConfUtils.java:logGet(43)) - raft.server.log.force.sync.num = 128 (default)
2019-06-13 22:36:09,007 INFO  server.RaftServerConfigKeys (ConfUtils.java:logGet(43)) - raft.server.log.statemachine.data.sync = true (default)
2019-06-13 22:36:09,008 INFO  server.RaftServerConfigKeys (ConfUtils.java:logGet(43)) - raft.server.log.statemachine.data.sync.timeout = 10s (default)
2019-06-13 22:36:09,008 INFO  server.RaftServerConfigKeys (ConfUtils.java:logGet(43)) - raft.server.log.statemachine.data.sync.timeout.retry = -1 (default)
2019-06-13 22:36:09,005 INFO  util.JmxRegister (JmxRegister.java:tryRegister(44)) - Successfully registered JMX Bean with object name Ratis:service=RaftServer,group=group-3D2F993F8138,id=ade0d73f-a94f-40bc-baab-6dc80ad40c80
2019-06-13 22:36:09,011 INFO  server.RaftServerConfigKeys (ConfUtils.java:logGet(43)) - raft.server.snapshot.auto.trigger.enabled = true (custom)
2019-06-13 22:36:09,011 INFO  server.RaftServerConfigKeys (ConfUtils.java:logGet(43)) - raft.server.snapshot.auto.trigger.threshold = 10000 (custom)
2019-06-13 22:36:09,012 INFO  server.RaftServerConfigKeys (ConfUtils.java:logGet(43)) - raft.server.log.statemachine.data.caching.enabled = true (custom)
2019-06-13 22:36:09,013 INFO  impl.RaftServerImpl (ServerState.java:setLeader(263)) - a4ffd4fb-b071-43e2-a42d-1f8e9db2bf22:group-CF6BBD870AE8 change Leader from null to b6f33d37-d07a-4cad-a1a8-414759879a91 at term 1 for appendEntries, leader elected after 1190ms
2019-06-13 22:36:09,020 INFO  impl.RaftServerImpl (ServerState.java:setLeader(263)) - 88ff2d4d-8f54-47d0-8c8a-37afcf5c9a51:group-CF6BBD870AE8 change Leader from null to b6f33d37-d07a-4cad-a1a8-414759879a91 at term 1 for appendEntries, leader elected after 1199ms
2019-06-13 22:36:09,020 INFO  server.RaftServerConfigKeys (ConfUtils.java:logGet(43)) - raft.server.snapshot.auto.trigger.enabled = true (custom)
2019-06-13 22:36:09,021 INFO  server.RaftServerConfigKeys (ConfUtils.java:logGet(43)) - raft.server.snapshot.auto.trigger.threshold = 10000 (custom)
2019-06-13 22:36:09,021 INFO  server.RaftServerConfigKeys (ConfUtils.java:logGet(43)) - raft.server.retrycache.expirytime = 600000ms (custom)
2019-06-13 22:36:09,021 INFO  impl.RaftServerImpl (RaftServerImpl.java:start(173)) - 8ec4bb81-9a04-475b-b3d7-7a9c8a9f84c0: start group-3D2F993F8138
2019-06-13 22:36:09,021 INFO  impl.RaftServerImpl (RaftServerImpl.java:setRole(164)) - 8ec4bb81-9a04-475b-b3d7-7a9c8a9f84c0:group-3D2F993F8138 changes role from null to FOLLOWER at term 0 for startAsFollower
2019-06-13 22:36:09,021 INFO  impl.RoleInfo (RoleInfo.java:updateAndGet(143)) - 8ec4bb81-9a04-475b-b3d7-7a9c8a9f84c0: start FollowerState
2019-06-13 22:36:09,022 INFO  util.JmxRegister (JmxRegister.java:tryRegister(44)) - Successfully registered JMX Bean with object name Ratis:service=RaftServer,group=group-3D2F993F8138,id=8ec4bb81-9a04-475b-b3d7-7a9c8a9f84c0
2019-06-13 22:36:09,025 INFO  server.RaftServerConfigKeys (ConfUtils.java:logGet(43)) - raft.server.retrycache.expirytime = 600000ms (custom)
2019-06-13 22:36:09,026 INFO  impl.RaftServerImpl (RaftServerImpl.java:start(173)) - bf1fd644-dc28-485b-8213-b1894242cdf3: start group-3D2F993F8138
2019-06-13 22:36:09,026 INFO  impl.RaftServerImpl (RaftServerImpl.java:setRole(164)) - bf1fd644-dc28-485b-8213-b1894242cdf3:group-3D2F993F8138 changes role from null to FOLLOWER at term 0 for startAsFollower
2019-06-13 22:36:09,026 INFO  impl.RoleInfo (RoleInfo.java:updateAndGet(143)) - bf1fd644-dc28-485b-8213-b1894242cdf3: start FollowerState
2019-06-13 22:36:09,026 INFO  util.JmxRegister (JmxRegister.java:tryRegister(44)) - Successfully registered JMX Bean with object name Ratis:service=RaftServer,group=group-3D2F993F8138,id=bf1fd644-dc28-485b-8213-b1894242cdf3
2019-06-13 22:36:09,044 INFO  pipeline.PipelineStateManager (PipelineStateManager.java:addPipeline(56)) - Created pipeline Pipeline[ Id: ea6b1a7f-878f-424d-b6e1-3d2f993f8138, Nodes: bf1fd644-dc28-485b-8213-b1894242cdf3{ip: 192.168.105.135, host: ozone-t78nf-2139872126, networkLocation: /default-rack, certSerialId: null}ade0d73f-a94f-40bc-baab-6dc80ad40c80{ip: 192.168.105.135, host: ozone-t78nf-2139872126, networkLocation: /default-rack, certSerialId: null}8ec4bb81-9a04-475b-b3d7-7a9c8a9f84c0{ip: 192.168.105.135, host: ozone-t78nf-2139872126, networkLocation: /default-rack, certSerialId: null}, Type:RATIS, Factor:THREE, State:OPEN]
2019-06-13 22:36:09,047 INFO  impl.RaftServerImpl (ServerState.java:setRaftConf(361)) - 88ff2d4d-8f54-47d0-8c8a-37afcf5c9a51:group-CF6BBD870AE8 set configuration 0: [a4ffd4fb-b071-43e2-a42d-1f8e9db2bf22:192.168.105.135:41953, b6f33d37-d07a-4cad-a1a8-414759879a91:192.168.105.135:41753, 88ff2d4d-8f54-47d0-8c8a-37afcf5c9a51:192.168.105.135:44459], old=null at 0
2019-06-13 22:36:09,047 INFO  storage.RaftLogWorker (RaftLogWorker.java:startLogSegment(298)) - 88ff2d4d-8f54-47d0-8c8a-37afcf5c9a51-RaftLogWorker: Starting segment from index:0
2019-06-13 22:36:09,048 INFO  impl.RaftServerImpl (ServerState.java:setRaftConf(361)) - a4ffd4fb-b071-43e2-a42d-1f8e9db2bf22:group-CF6BBD870AE8 set configuration 0: [a4ffd4fb-b071-43e2-a42d-1f8e9db2bf22:192.168.105.135:41953, b6f33d37-d07a-4cad-a1a8-414759879a91:192.168.105.135:41753, 88ff2d4d-8f54-47d0-8c8a-37afcf5c9a51:192.168.105.135:44459], old=null at 0
2019-06-13 22:36:09,066 INFO  storage.RaftLogWorker (RaftLogWorker.java:startLogSegment(298)) - a4ffd4fb-b071-43e2-a42d-1f8e9db2bf22-RaftLogWorker: Starting segment from index:0
2019-06-13 22:36:09,094 INFO  storage.RaftLogWorker (RaftLogWorker.java:execute(469)) - 88ff2d4d-8f54-47d0-8c8a-37afcf5c9a51-RaftLogWorker: created new log segment /opt/src/hadoop-ozone/integration-test/target/test-dir/MiniOzoneClusterImpl-0cde403e-272f-4bc0-9429-43d613d17110/datanode-2/data/ratis/5ca1c08e-4b0b-45d5-bb5c-cf6bbd870ae8/current/log_inprogress_0
2019-06-13 22:36:09,122 INFO  storage.RaftLogWorker (RaftLogWorker.java:execute(469)) - a4ffd4fb-b071-43e2-a42d-1f8e9db2bf22-RaftLogWorker: created new log segment /opt/src/hadoop-ozone/integration-test/target/test-dir/MiniOzoneClusterImpl-0cde403e-272f-4bc0-9429-43d613d17110/datanode-1/data/ratis/5ca1c08e-4b0b-45d5-bb5c-cf6bbd870ae8/current/log_inprogress_0
2019-06-13 22:36:09,209 INFO  impl.FollowerState (FollowerState.java:run(101)) - 8ec4bb81-9a04-475b-b3d7-7a9c8a9f84c0:group-8F528F29BF85 changes to CANDIDATE, lastRpcTime:1141, electionTimeout:1135ms
2019-06-13 22:36:09,209 INFO  impl.RoleInfo (RoleInfo.java:shutdownFollowerState(121)) - 8ec4bb81-9a04-475b-b3d7-7a9c8a9f84c0: shutdown FollowerState
2019-06-13 22:36:09,209 INFO  impl.RaftServerImpl (RaftServerImpl.java:setRole(164)) - 8ec4bb81-9a04-475b-b3d7-7a9c8a9f84c0:group-8F528F29BF85 changes role from FOLLOWER to CANDIDATE at term 0 for changeToCandidate
2019-06-13 22:36:09,210 INFO  impl.RoleInfo (RoleInfo.java:updateAndGet(143)) - 8ec4bb81-9a04-475b-b3d7-7a9c8a9f84c0: start LeaderElection
2019-06-13 22:36:09,223 INFO  impl.LeaderElection (LeaderElection.java:askForVotes(181)) - 8ec4bb81-9a04-475b-b3d7-7a9c8a9f84c0:group-8F528F29BF85:LeaderElection5: begin an election at term 1 for -1: [8ec4bb81-9a04-475b-b3d7-7a9c8a9f84c0:192.168.105.135:32931], old=null
2019-06-13 22:36:09,223 INFO  impl.RoleInfo (RoleInfo.java:shutdownLeaderElection(134)) - 8ec4bb81-9a04-475b-b3d7-7a9c8a9f84c0: shutdown LeaderElection
2019-06-13 22:36:09,223 INFO  impl.RaftServerImpl (RaftServerImpl.java:setRole(164)) - 8ec4bb81-9a04-475b-b3d7-7a9c8a9f84c0:group-8F528F29BF85 changes role from CANDIDATE to LEADER at term 1 for changeToLeader
2019-06-13 22:36:09,223 INFO  impl.RaftServerImpl (ServerState.java:setLeader(263)) - 8ec4bb81-9a04-475b-b3d7-7a9c8a9f84c0:group-8F528F29BF85 change Leader from null to 8ec4bb81-9a04-475b-b3d7-7a9c8a9f84c0 at term 1 for becomeLeader, leader elected after 1158ms
2019-06-13 22:36:09,225 INFO  server.RaftServerConfigKeys (ConfUtils.java:logGet(43)) - raft.server.staging.catchup.gap = 1000 (default)
2019-06-13 22:36:09,225 INFO  server.RaftServerConfigKeys (ConfUtils.java:logGet(43)) - raft.server.rpc.sleep.time = 25ms (default)
2019-06-13 22:36:09,225 INFO  server.RaftServerConfigKeys (ConfUtils.java:logGet(43)) - raft.server.watch.timeout = 10s (default)
2019-06-13 22:36:09,225 INFO  server.RaftServerConfigKeys (ConfUtils.java:logGet(43)) - raft.server.watch.timeout.denomination = 1s (default)
2019-06-13 22:36:09,225 INFO  impl.RoleInfo (RoleInfo.java:updateAndGet(143)) - 8ec4bb81-9a04-475b-b3d7-7a9c8a9f84c0: start LeaderState
2019-06-13 22:36:09,225 INFO  storage.RaftLogWorker (RaftLogWorker.java:startLogSegment(298)) - 8ec4bb81-9a04-475b-b3d7-7a9c8a9f84c0-RaftLogWorker: Starting segment from index:0
2019-06-13 22:36:09,228 INFO  impl.RaftServerImpl (ServerState.java:setRaftConf(361)) - 8ec4bb81-9a04-475b-b3d7-7a9c8a9f84c0:group-8F528F29BF85 set configuration 0: [8ec4bb81-9a04-475b-b3d7-7a9c8a9f84c0:192.168.105.135:32931], old=null at 0
2019-06-13 22:36:09,271 INFO  storage.RaftLogWorker (RaftLogWorker.java:execute(469)) - 8ec4bb81-9a04-475b-b3d7-7a9c8a9f84c0-RaftLogWorker: created new log segment /opt/src/hadoop-ozone/integration-test/target/test-dir/MiniOzoneClusterImpl-0cde403e-272f-4bc0-9429-43d613d17110/datanode-3/data/ratis/631bec1f-93c9-4225-a92f-8f528f29bf85/current/log_inprogress_0
2019-06-13 22:36:09,492 INFO  impl.FollowerState (FollowerState.java:run(101)) - ade0d73f-a94f-40bc-baab-6dc80ad40c80:group-8F288D2D0770 changes to CANDIDATE, lastRpcTime:1014, electionTimeout:1014ms
2019-06-13 22:36:09,492 INFO  impl.RoleInfo (RoleInfo.java:shutdownFollowerState(121)) - ade0d73f-a94f-40bc-baab-6dc80ad40c80: shutdown FollowerState
2019-06-13 22:36:09,492 INFO  impl.RaftServerImpl (RaftServerImpl.java:setRole(164)) - ade0d73f-a94f-40bc-baab-6dc80ad40c80:group-8F288D2D0770 changes role from FOLLOWER to CANDIDATE at term 0 for changeToCandidate
2019-06-13 22:36:09,493 INFO  impl.RoleInfo (RoleInfo.java:updateAndGet(143)) - ade0d73f-a94f-40bc-baab-6dc80ad40c80: start LeaderElection
2019-06-13 22:36:09,509 INFO  impl.LeaderElection (LeaderElection.java:askForVotes(181)) - ade0d73f-a94f-40bc-baab-6dc80ad40c80:group-8F288D2D0770:LeaderElection6: begin an election at term 1 for -1: [ade0d73f-a94f-40bc-baab-6dc80ad40c80:192.168.105.135:38755], old=null
2019-06-13 22:36:09,509 INFO  impl.RoleInfo (RoleInfo.java:shutdownLeaderElection(134)) - ade0d73f-a94f-40bc-baab-6dc80ad40c80: shutdown LeaderElection
2019-06-13 22:36:09,509 INFO  impl.RaftServerImpl (RaftServerImpl.java:setRole(164)) - ade0d73f-a94f-40bc-baab-6dc80ad40c80:group-8F288D2D0770 changes role from CANDIDATE to LEADER at term 1 for changeToLeader
2019-06-13 22:36:09,509 INFO  impl.RaftServerImpl (ServerState.java:setLeader(263)) - ade0d73f-a94f-40bc-baab-6dc80ad40c80:group-8F288D2D0770 change Leader from null to ade0d73f-a94f-40bc-baab-6dc80ad40c80 at term 1 for becomeLeader, leader elected after 1033ms
2019-06-13 22:36:09,511 INFO  server.RaftServerConfigKeys (ConfUtils.java:logGet(43)) - raft.server.staging.catchup.gap = 1000 (default)
2019-06-13 22:36:09,511 INFO  server.RaftServerConfigKeys (ConfUtils.java:logGet(43)) - raft.server.rpc.sleep.time = 25ms (default)
2019-06-13 22:36:09,511 INFO  server.RaftServerConfigKeys (ConfUtils.java:logGet(43)) - raft.server.watch.timeout = 10s (default)
2019-06-13 22:36:09,511 INFO  server.RaftServerConfigKeys (ConfUtils.java:logGet(43)) - raft.server.watch.timeout.denomination = 1s (default)
2019-06-13 22:36:09,511 INFO  impl.RoleInfo (RoleInfo.java:updateAndGet(143)) - ade0d73f-a94f-40bc-baab-6dc80ad40c80: start LeaderState
2019-06-13 22:36:09,512 INFO  storage.RaftLogWorker (RaftLogWorker.java:startLogSegment(298)) - ade0d73f-a94f-40bc-baab-6dc80ad40c80-RaftLogWorker: Starting segment from index:0
2019-06-13 22:36:09,514 INFO  impl.RaftServerImpl (ServerState.java:setRaftConf(361)) - ade0d73f-a94f-40bc-baab-6dc80ad40c80:group-8F288D2D0770 set configuration 0: [ade0d73f-a94f-40bc-baab-6dc80ad40c80:192.168.105.135:38755], old=null at 0
2019-06-13 22:36:09,561 INFO  storage.RaftLogWorker (RaftLogWorker.java:execute(469)) - ade0d73f-a94f-40bc-baab-6dc80ad40c80-RaftLogWorker: created new log segment /opt/src/hadoop-ozone/integration-test/target/test-dir/MiniOzoneClusterImpl-0cde403e-272f-4bc0-9429-43d613d17110/datanode-4/data/ratis/0b2d1fa0-4194-472c-8953-8f288d2d0770/current/log_inprogress_0
2019-06-13 22:36:09,853 INFO  ozone.MiniOzoneClusterImpl (MiniOzoneClusterImpl.java:lambda$waitForClusterToBeReady$0(142)) - Cluster is ready. Got 6 of 6 DN Heartbeats.
]]></system-out>
    <system-err><![CDATA[ERROR StatusLogger No Log4j 2 configuration file found. Using default configuration (logging only errors to the console), or user programmatically provided configurations. Set system property 'log4j2.debug' to show Log4j 2 internal initialization logging. See https://logging.apache.org/log4j/2.x/manual/configuration.html for instructions on how to configure Log4j 2
Jun 13, 2019 10:36:01 PM com.sun.jersey.server.impl.application.WebApplicationImpl _initiate
INFO: Initiating Jersey application, version 'Jersey: 1.19 02/11/2015 03:25 AM'
Jun 13, 2019 10:36:03 PM com.sun.jersey.server.impl.application.WebApplicationImpl _initiate
INFO: Initiating Jersey application, version 'Jersey: 1.19 02/11/2015 03:25 AM'
Jun 13, 2019 10:36:03 PM com.sun.jersey.server.impl.application.WebApplicationImpl _initiate
INFO: Initiating Jersey application, version 'Jersey: 1.19 02/11/2015 03:25 AM'
Jun 13, 2019 10:36:03 PM com.sun.jersey.server.impl.application.WebApplicationImpl _initiate
INFO: Initiating Jersey application, version 'Jersey: 1.19 02/11/2015 03:25 AM'
Jun 13, 2019 10:36:04 PM com.sun.jersey.server.impl.application.WebApplicationImpl _initiate
INFO: Initiating Jersey application, version 'Jersey: 1.19 02/11/2015 03:25 AM'
Jun 13, 2019 10:36:04 PM com.sun.jersey.server.impl.application.WebApplicationImpl _initiate
INFO: Initiating Jersey application, version 'Jersey: 1.19 02/11/2015 03:25 AM'
]]></system-err>
  </testcase>
</testsuite>