<?xml version="1.0" encoding="UTF-8"?>
<testsuite xmlns:xsi="http://www.w3.org/2001/XMLSchema-instance" xsi:noNamespaceSchemaLocation="https://maven.apache.org/surefire/maven-surefire-plugin/xsd/surefire-test-report.xsd" name="org.apache.hadoop.hdds.scm.pipeline.TestNodeFailure" time="11.845" tests="1" errors="0" skipped="1" failures="0">
  <properties>
    <property name="awt.toolkit" value="sun.awt.X11.XToolkit"/>
    <property name="file.encoding.pkg" value="sun.io"/>
    <property name="java.specification.version" value="1.8"/>
    <property name="sun.cpu.isalist" value=""/>
    <property name="sun.jnu.encoding" value="UTF-8"/>
    <property name="java.class.path" value="/opt/src/hadoop-ozone/integration-test/target/test-classes:/opt/src/hadoop-ozone/integration-test/target/classes:/home/user/.m2/repository/org/apache/hadoop/hadoop-ozone-common/0.5.0-SNAPSHOT/hadoop-ozone-common-0.5.0-SNAPSHOT.jar:/home/user/.m2/repository/org/apache/commons/commons-compress/1.4.1/commons-compress-1.4.1.jar:/home/user/.m2/repository/org/tukaani/xz/1.0/xz-1.0.jar:/home/user/.m2/repository/org/apache/hadoop/hadoop-common/3.2.0/hadoop-common-3.2.0.jar:/home/user/.m2/repository/org/apache/hadoop/hadoop-hdfs/3.2.0/hadoop-hdfs-3.2.0.jar:/home/user/.m2/repository/org/apache/hadoop/hadoop-hdfs-client/3.2.0/hadoop-hdfs-client-3.2.0.jar:/home/user/.m2/repository/com/fasterxml/jackson/core/jackson-annotations/2.9.5/jackson-annotations-2.9.5.jar:/home/user/.m2/repository/org/apache/hadoop/hadoop-hdds-common/0.5.0-SNAPSHOT/hadoop-hdds-common-0.5.0-SNAPSHOT.jar:/home/user/.m2/repository/javax/annotation/javax.annotation-api/1.2/javax.annotation-api-1.2.jar:/home/user/.m2/repository/org/apache/ratis/ratis-server/0.4.0-fe2b15d-SNAPSHOT/ratis-server-0.4.0-fe2b15d-SNAPSHOT.jar:/home/user/.m2/repository/org/apache/ratis/ratis-thirdparty-misc/0.2.0/ratis-thirdparty-misc-0.2.0.jar:/home/user/.m2/repository/org/apache/ratis/ratis-proto/0.4.0-fe2b15d-SNAPSHOT/ratis-proto-0.4.0-fe2b15d-SNAPSHOT.jar:/home/user/.m2/repository/org/apache/ratis/ratis-common/0.4.0-fe2b15d-SNAPSHOT/ratis-common-0.4.0-fe2b15d-SNAPSHOT.jar:/home/user/.m2/repository/org/apache/ratis/ratis-client/0.4.0-fe2b15d-SNAPSHOT/ratis-client-0.4.0-fe2b15d-SNAPSHOT.jar:/home/user/.m2/repository/org/apache/ratis/ratis-netty/0.4.0-fe2b15d-SNAPSHOT/ratis-netty-0.4.0-fe2b15d-SNAPSHOT.jar:/home/user/.m2/repository/org/apache/ratis/ratis-grpc/0.4.0-fe2b15d-SNAPSHOT/ratis-grpc-0.4.0-fe2b15d-SNAPSHOT.jar:/home/user/.m2/repository/org/rocksdb/rocksdbjni/5.14.2/rocksdbjni-5.14.2.jar:/home/user/.m2/repository/org/apache/logging/log4j/log4j-api/2.11.0/log4j-api-2.11.0.jar:/home/user/.m2/repository/org/apache/logging/log4j/log4j-core/2.11.0/log4j-core-2.11.0.jar:/home/user/.m2/repository/com/lmax/disruptor/3.4.2/disruptor-3.4.2.jar:/home/user/.m2/repository/org/apache/commons/commons-pool2/2.6.0/commons-pool2-2.6.0.jar:/home/user/.m2/repository/org/bouncycastle/bcpkix-jdk15on/1.60/bcpkix-jdk15on-1.60.jar:/home/user/.m2/repository/commons-validator/commons-validator/1.6/commons-validator-1.6.jar:/home/user/.m2/repository/commons-digester/commons-digester/1.8.1/commons-digester-1.8.1.jar:/home/user/.m2/repository/io/jaegertracing/jaeger-client/0.33.1/jaeger-client-0.33.1.jar:/home/user/.m2/repository/io/jaegertracing/jaeger-thrift/0.33.1/jaeger-thrift-0.33.1.jar:/home/user/.m2/repository/org/apache/thrift/libthrift/0.11.0/libthrift-0.11.0.jar:/home/user/.m2/repository/com/squareup/okhttp3/okhttp/3.9.0/okhttp-3.9.0.jar:/home/user/.m2/repository/com/squareup/okio/okio/1.13.0/okio-1.13.0.jar:/home/user/.m2/repository/io/jaegertracing/jaeger-core/0.33.1/jaeger-core-0.33.1.jar:/home/user/.m2/repository/io/jaegertracing/jaeger-tracerresolver/0.33.1/jaeger-tracerresolver-0.33.1.jar:/home/user/.m2/repository/io/opentracing/contrib/opentracing-tracerresolver/0.1.5/opentracing-tracerresolver-0.1.5.jar:/home/user/.m2/repository/io/opentracing/opentracing-util/0.31.0/opentracing-util-0.31.0.jar:/home/user/.m2/repository/io/opentracing/opentracing-api/0.31.0/opentracing-api-0.31.0.jar:/home/user/.m2/repository/io/opentracing/opentracing-noop/0.31.0/opentracing-noop-0.31.0.jar:/home/user/.m2/repository/org/apache/hadoop/hadoop-hdds-server-framework/0.5.0-SNAPSHOT/hadoop-hdds-server-framework-0.5.0-SNAPSHOT.jar:/home/user/.m2/repository/org/apache/hadoop/hadoop-hdds-server-scm/0.5.0-SNAPSHOT/hadoop-hdds-server-scm-0.5.0-SNAPSHOT.jar:/home/user/.m2/repository/org/apache/hadoop/hadoop-hdds-container-service/0.5.0-SNAPSHOT/hadoop-hdds-container-service-0.5.0-SNAPSHOT.jar:/home/user/.m2/repository/org/apache/hadoop/hadoop-hdds-client/0.5.0-SNAPSHOT/hadoop-hdds-client-0.5.0-SNAPSHOT.jar:/home/user/.m2/repository/org/apache/hadoop/hadoop-hdds-tools/0.5.0-SNAPSHOT/hadoop-hdds-tools-0.5.0-SNAPSHOT.jar:/home/user/.m2/repository/org/apache/hadoop/hadoop-ozone-ozone-manager/0.5.0-SNAPSHOT/hadoop-ozone-ozone-manager-0.5.0-SNAPSHOT.jar:/home/user/.m2/repository/org/apache/hadoop/hadoop-hdds-docs/0.5.0-SNAPSHOT/hadoop-hdds-docs-0.5.0-SNAPSHOT.jar:/home/user/.m2/repository/org/bouncycastle/bcprov-jdk15on/1.60/bcprov-jdk15on-1.60.jar:/home/user/.m2/repository/org/apache/hadoop/hadoop-minikdc/3.2.0/hadoop-minikdc-3.2.0.jar:/home/user/.m2/repository/commons-io/commons-io/2.5/commons-io-2.5.jar:/home/user/.m2/repository/org/apache/kerby/kerb-simplekdc/1.0.1/kerb-simplekdc-1.0.1.jar:/home/user/.m2/repository/org/apache/kerby/kerb-client/1.0.1/kerb-client-1.0.1.jar:/home/user/.m2/repository/org/apache/kerby/kerby-config/1.0.1/kerby-config-1.0.1.jar:/home/user/.m2/repository/org/apache/kerby/kerb-core/1.0.1/kerb-core-1.0.1.jar:/home/user/.m2/repository/org/apache/kerby/kerby-pkix/1.0.1/kerby-pkix-1.0.1.jar:/home/user/.m2/repository/org/apache/kerby/kerby-asn1/1.0.1/kerby-asn1-1.0.1.jar:/home/user/.m2/repository/org/apache/kerby/kerby-util/1.0.1/kerby-util-1.0.1.jar:/home/user/.m2/repository/org/apache/kerby/kerb-common/1.0.1/kerb-common-1.0.1.jar:/home/user/.m2/repository/org/apache/kerby/kerb-crypto/1.0.1/kerb-crypto-1.0.1.jar:/home/user/.m2/repository/org/apache/kerby/kerb-util/1.0.1/kerb-util-1.0.1.jar:/home/user/.m2/repository/org/apache/kerby/token-provider/1.0.1/token-provider-1.0.1.jar:/home/user/.m2/repository/org/apache/kerby/kerb-admin/1.0.1/kerb-admin-1.0.1.jar:/home/user/.m2/repository/org/apache/kerby/kerb-server/1.0.1/kerb-server-1.0.1.jar:/home/user/.m2/repository/org/apache/kerby/kerb-identity/1.0.1/kerb-identity-1.0.1.jar:/home/user/.m2/repository/org/apache/kerby/kerby-xdr/1.0.1/kerby-xdr-1.0.1.jar:/home/user/.m2/repository/org/slf4j/slf4j-log4j12/1.7.25/slf4j-log4j12-1.7.25.jar:/home/user/.m2/repository/org/apache/hadoop/hadoop-ozone-objectstore-service/0.5.0-SNAPSHOT/hadoop-ozone-objectstore-service-0.5.0-SNAPSHOT.jar:/home/user/.m2/repository/org/apache/hadoop/hadoop-ozone-s3gateway/0.5.0-SNAPSHOT/hadoop-ozone-s3gateway-0.5.0-SNAPSHOT.jar:/home/user/.m2/repository/org/jboss/weld/servlet/weld-servlet/2.4.7.Final/weld-servlet-2.4.7.Final.jar:/home/user/.m2/repository/org/glassfish/jersey/containers/jersey-container-servlet-core/2.27/jersey-container-servlet-core-2.27.jar:/home/user/.m2/repository/org/glassfish/hk2/external/javax.inject/2.5.0-b42/javax.inject-2.5.0-b42.jar:/home/user/.m2/repository/org/glassfish/jersey/core/jersey-common/2.27/jersey-common-2.27.jar:/home/user/.m2/repository/org/glassfish/hk2/osgi-resource-locator/1.0.1/osgi-resource-locator-1.0.1.jar:/home/user/.m2/repository/javax/ws/rs/javax.ws.rs-api/2.1/javax.ws.rs-api-2.1.jar:/home/user/.m2/repository/org/glassfish/jersey/ext/cdi/jersey-cdi1x/2.27/jersey-cdi1x-2.27.jar:/home/user/.m2/repository/org/glassfish/jersey/inject/jersey-hk2/2.27/jersey-hk2-2.27.jar:/home/user/.m2/repository/org/glassfish/hk2/hk2-locator/2.5.0-b42/hk2-locator-2.5.0-b42.jar:/home/user/.m2/repository/org/javassist/javassist/3.22.0-CR2/javassist-3.22.0-CR2.jar:/home/user/.m2/repository/org/glassfish/hk2/hk2-api/2.5.0/hk2-api-2.5.0.jar:/home/user/.m2/repository/org/glassfish/hk2/external/jakarta.inject/2.5.0/jakarta.inject-2.5.0.jar:/home/user/.m2/repository/org/glassfish/hk2/hk2-utils/2.5.0/hk2-utils-2.5.0.jar:/home/user/.m2/repository/jakarta/annotation/jakarta.annotation-api/1.3.4/jakarta.annotation-api-1.3.4.jar:/home/user/.m2/repository/org/glassfish/hk2/external/aopalliance-repackaged/2.5.0/aopalliance-repackaged-2.5.0.jar:/home/user/.m2/repository/com/fasterxml/jackson/dataformat/jackson-dataformat-xml/2.9.0/jackson-dataformat-xml-2.9.0.jar:/home/user/.m2/repository/com/fasterxml/jackson/core/jackson-core/2.9.5/jackson-core-2.9.5.jar:/home/user/.m2/repository/com/fasterxml/jackson/module/jackson-module-jaxb-annotations/2.9.5/jackson-module-jaxb-annotations-2.9.5.jar:/home/user/.m2/repository/javax/enterprise/cdi-api/1.2/cdi-api-1.2.jar:/home/user/.m2/repository/javax/el/javax.el-api/3.0.0/javax.el-api-3.0.0.jar:/home/user/.m2/repository/javax/interceptor/javax.interceptor-api/1.2/javax.interceptor-api-1.2.jar:/home/user/.m2/repository/javax/inject/javax.inject/1/javax.inject-1.jar:/home/user/.m2/repository/com/sun/xml/bind/jaxb-impl/2.3.0.1/jaxb-impl-2.3.0.1.jar:/home/user/.m2/repository/com/sun/xml/bind/jaxb-core/2.3.0.1/jaxb-core-2.3.0.1.jar:/home/user/.m2/repository/javax/xml/bind/jaxb-api/2.3.0/jaxb-api-2.3.0.jar:/home/user/.m2/repository/javax/activation/activation/1.1.1/activation-1.1.1.jar:/home/user/.m2/repository/org/apache/hadoop/hadoop-ozone-csi/0.5.0-SNAPSHOT/hadoop-ozone-csi-0.5.0-SNAPSHOT.jar:/home/user/.m2/repository/com/google/protobuf/protobuf-java-util/3.5.1/protobuf-java-util-3.5.1.jar:/home/user/.m2/repository/org/apache/hadoop/hadoop-hdds-config/0.5.0-SNAPSHOT/hadoop-hdds-config-0.5.0-SNAPSHOT.jar:/home/user/.m2/repository/com/google/guava/guava/11.0.2/guava-11.0.2.jar:/home/user/.m2/repository/com/google/protobuf/protobuf-java/2.5.0/protobuf-java-2.5.0.jar:/home/user/.m2/repository/io/grpc/grpc-netty/1.17.1/grpc-netty-1.17.1.jar:/home/user/.m2/repository/io/grpc/grpc-core/1.17.1/grpc-core-1.17.1.jar:/home/user/.m2/repository/io/grpc/grpc-context/1.17.1/grpc-context-1.17.1.jar:/home/user/.m2/repository/com/google/errorprone/error_prone_annotations/2.2.0/error_prone_annotations-2.2.0.jar:/home/user/.m2/repository/org/codehaus/mojo/animal-sniffer-annotations/1.17/animal-sniffer-annotations-1.17.jar:/home/user/.m2/repository/io/opencensus/opencensus-api/0.17.0/opencensus-api-0.17.0.jar:/home/user/.m2/repository/io/opencensus/opencensus-contrib-grpc-metrics/0.17.0/opencensus-contrib-grpc-metrics-0.17.0.jar:/home/user/.m2/repository/io/netty/netty-codec-http2/4.1.30.Final/netty-codec-http2-4.1.30.Final.jar:/home/user/.m2/repository/io/netty/netty-codec-http/4.1.30.Final/netty-codec-http-4.1.30.Final.jar:/home/user/.m2/repository/io/netty/netty-codec/4.1.30.Final/netty-codec-4.1.30.Final.jar:/home/user/.m2/repository/io/netty/netty-handler/4.1.30.Final/netty-handler-4.1.30.Final.jar:/home/user/.m2/repository/io/netty/netty-handler-proxy/4.1.30.Final/netty-handler-proxy-4.1.30.Final.jar:/home/user/.m2/repository/io/netty/netty-codec-socks/4.1.30.Final/netty-codec-socks-4.1.30.Final.jar:/home/user/.m2/repository/io/netty/netty-transport-native-epoll/4.1.30.Final/netty-transport-native-epoll-4.1.30.Final.jar:/home/user/.m2/repository/io/netty/netty-common/4.1.30.Final/netty-common-4.1.30.Final.jar:/home/user/.m2/repository/io/netty/netty-buffer/4.1.30.Final/netty-buffer-4.1.30.Final.jar:/home/user/.m2/repository/io/netty/netty-transport/4.1.30.Final/netty-transport-4.1.30.Final.jar:/home/user/.m2/repository/io/netty/netty-resolver/4.1.30.Final/netty-resolver-4.1.30.Final.jar:/home/user/.m2/repository/io/netty/netty-transport-native-unix-common/4.1.30.Final/netty-transport-native-unix-common-4.1.30.Final.jar:/home/user/.m2/repository/io/grpc/grpc-protobuf/1.17.1/grpc-protobuf-1.17.1.jar:/home/user/.m2/repository/com/google/api/grpc/proto-google-common-protos/1.0.0/proto-google-common-protos-1.0.0.jar:/home/user/.m2/repository/io/grpc/grpc-protobuf-lite/1.17.1/grpc-protobuf-lite-1.17.1.jar:/home/user/.m2/repository/io/grpc/grpc-stub/1.17.1/grpc-stub-1.17.1.jar:/home/user/.m2/repository/org/apache/hadoop/hadoop-ozone-recon/0.5.0-SNAPSHOT/hadoop-ozone-recon-0.5.0-SNAPSHOT.jar:/home/user/.m2/repository/org/apache/hadoop/hadoop-ozone-reconcodegen/0.5.0-SNAPSHOT/hadoop-ozone-reconcodegen-0.5.0-SNAPSHOT.jar:/home/user/.m2/repository/com/google/inject/extensions/guice-multibindings/4.0/guice-multibindings-4.0.jar:/home/user/.m2/repository/com/google/inject/guice/4.0/guice-4.0.jar:/home/user/.m2/repository/aopalliance/aopalliance/1.0/aopalliance-1.0.jar:/home/user/.m2/repository/com/google/inject/extensions/guice-servlet/4.0/guice-servlet-4.0.jar:/home/user/.m2/repository/org/glassfish/jersey/containers/jersey-container-servlet/2.27/jersey-container-servlet-2.27.jar:/home/user/.m2/repository/org/glassfish/hk2/guice-bridge/2.5.0/guice-bridge-2.5.0.jar:/home/user/.m2/repository/org/glassfish/jersey/core/jersey-server/2.27/jersey-server-2.27.jar:/home/user/.m2/repository/org/glassfish/jersey/core/jersey-client/2.27/jersey-client-2.27.jar:/home/user/.m2/repository/org/glassfish/jersey/media/jersey-media-jaxb/2.27/jersey-media-jaxb-2.27.jar:/home/user/.m2/repository/javax/validation/validation-api/1.1.0.Final/validation-api-1.1.0.Final.jar:/home/user/.m2/repository/org/glassfish/jersey/media/jersey-media-json-jackson/2.27/jersey-media-json-jackson-2.27.jar:/home/user/.m2/repository/org/glassfish/jersey/ext/jersey-entity-filtering/2.27/jersey-entity-filtering-2.27.jar:/home/user/.m2/repository/com/google/inject/extensions/guice-assistedinject/4.0/guice-assistedinject-4.0.jar:/home/user/.m2/repository/org/jooq/jooq/3.11.10/jooq-3.11.10.jar:/home/user/.m2/repository/org/jooq/jooq-meta/3.11.10/jooq-meta-3.11.10.jar:/home/user/.m2/repository/org/jooq/jooq-codegen/3.11.10/jooq-codegen-3.11.10.jar:/home/user/.m2/repository/com/jolbox/bonecp/0.8.0.RELEASE/bonecp-0.8.0.RELEASE.jar:/home/user/.m2/repository/org/xerial/sqlite-jdbc/3.25.2/sqlite-jdbc-3.25.2.jar:/home/user/.m2/repository/org/springframework/spring-jdbc/5.1.3.RELEASE/spring-jdbc-5.1.3.RELEASE.jar:/home/user/.m2/repository/org/springframework/spring-beans/5.1.3.RELEASE/spring-beans-5.1.3.RELEASE.jar:/home/user/.m2/repository/org/springframework/spring-core/5.1.3.RELEASE/spring-core-5.1.3.RELEASE.jar:/home/user/.m2/repository/org/springframework/spring-jcl/5.1.3.RELEASE/spring-jcl-5.1.3.RELEASE.jar:/home/user/.m2/repository/org/springframework/spring-tx/5.1.3.RELEASE/spring-tx-5.1.3.RELEASE.jar:/home/user/.m2/repository/org/apache/hadoop/hadoop-ozone-client/0.5.0-SNAPSHOT/hadoop-ozone-client-0.5.0-SNAPSHOT.jar:/home/user/.m2/repository/org/apache/hadoop/hadoop-ozone-ozone-manager/0.5.0-SNAPSHOT/hadoop-ozone-ozone-manager-0.5.0-SNAPSHOT-tests.jar:/home/user/.m2/repository/junit/junit/4.11/junit-4.11.jar:/home/user/.m2/repository/org/hamcrest/hamcrest-core/1.3/hamcrest-core-1.3.jar:/home/user/.m2/repository/org/openjdk/jmh/jmh-core/1.19/jmh-core-1.19.jar:/home/user/.m2/repository/net/sf/jopt-simple/jopt-simple/4.6/jopt-simple-4.6.jar:/home/user/.m2/repository/org/apache/commons/commons-math3/3.1.1/commons-math3-3.1.1.jar:/home/user/.m2/repository/org/openjdk/jmh/jmh-generator-annprocess/1.19/jmh-generator-annprocess-1.19.jar:/home/user/.m2/repository/org/mockito/mockito-all/1.8.5/mockito-all-1.8.5.jar:/home/user/.m2/repository/org/apache/hadoop/hadoop-kms/3.2.0/hadoop-kms-3.2.0.jar:/home/user/.m2/repository/org/apache/hadoop/hadoop-auth/3.2.0/hadoop-auth-3.2.0.jar:/home/user/.m2/repository/com/nimbusds/nimbus-jose-jwt/4.41.1/nimbus-jose-jwt-4.41.1.jar:/home/user/.m2/repository/com/github/stephenc/jcip/jcip-annotations/1.0-1/jcip-annotations-1.0-1.jar:/home/user/.m2/repository/net/minidev/json-smart/2.3/json-smart-2.3.jar:/home/user/.m2/repository/net/minidev/accessors-smart/1.2/accessors-smart-1.2.jar:/home/user/.m2/repository/org/ow2/asm/asm/5.0.4/asm-5.0.4.jar:/home/user/.m2/repository/org/apache/curator/curator-framework/2.12.0/curator-framework-2.12.0.jar:/home/user/.m2/repository/com/sun/jersey/jersey-core/1.19/jersey-core-1.19.jar:/home/user/.m2/repository/javax/ws/rs/jsr311-api/1.1.1/jsr311-api-1.1.1.jar:/home/user/.m2/repository/com/sun/jersey/jersey-server/1.19/jersey-server-1.19.jar:/home/user/.m2/repository/javax/servlet/javax.servlet-api/3.1.0/javax.servlet-api-3.1.0.jar:/home/user/.m2/repository/org/eclipse/jetty/jetty-server/9.3.24.v20180605/jetty-server-9.3.24.v20180605.jar:/home/user/.m2/repository/org/eclipse/jetty/jetty-http/9.3.24.v20180605/jetty-http-9.3.24.v20180605.jar:/home/user/.m2/repository/org/eclipse/jetty/jetty-io/9.3.24.v20180605/jetty-io-9.3.24.v20180605.jar:/home/user/.m2/repository/org/eclipse/jetty/jetty-webapp/9.3.24.v20180605/jetty-webapp-9.3.24.v20180605.jar:/home/user/.m2/repository/org/eclipse/jetty/jetty-xml/9.3.24.v20180605/jetty-xml-9.3.24.v20180605.jar:/home/user/.m2/repository/log4j/log4j/1.2.17/log4j-1.2.17.jar:/home/user/.m2/repository/org/slf4j/slf4j-api/1.7.25/slf4j-api-1.7.25.jar:/home/user/.m2/repository/org/slf4j/jul-to-slf4j/1.7.25/jul-to-slf4j-1.7.25.jar:/home/user/.m2/repository/org/eclipse/jetty/jetty-util/9.3.24.v20180605/jetty-util-9.3.24.v20180605.jar:/home/user/.m2/repository/io/dropwizard/metrics/metrics-core/3.2.4/metrics-core-3.2.4.jar:/home/user/.m2/repository/com/fasterxml/jackson/core/jackson-databind/2.9.5/jackson-databind-2.9.5.jar:/home/user/.m2/repository/org/apache/hadoop/hadoop-kms/3.2.0/hadoop-kms-3.2.0-tests.jar:/home/user/.m2/repository/org/apache/hadoop/hadoop-hdds-server-scm/0.5.0-SNAPSHOT/hadoop-hdds-server-scm-0.5.0-SNAPSHOT-tests.jar:/home/user/.m2/repository/org/hamcrest/hamcrest-all/1.3/hamcrest-all-1.3.jar:/home/user/.m2/repository/info/picocli/picocli/3.9.6/picocli-3.9.6.jar:/home/user/.m2/repository/org/apache/hadoop/hadoop-hdds-container-service/0.5.0-SNAPSHOT/hadoop-hdds-container-service-0.5.0-SNAPSHOT-tests.jar:/home/user/.m2/repository/org/yaml/snakeyaml/1.16/snakeyaml-1.16.jar:/home/user/.m2/repository/org/apache/hadoop/hadoop-common/3.2.0/hadoop-common-3.2.0-tests.jar:/home/user/.m2/repository/org/apache/hadoop/hadoop-annotations/3.2.0/hadoop-annotations-3.2.0.jar:/usr/lib/jvm/java-1.8-openjdk/jre/../lib/tools.jar:/home/user/.m2/repository/commons-cli/commons-cli/1.2/commons-cli-1.2.jar:/home/user/.m2/repository/org/apache/httpcomponents/httpclient/4.5.2/httpclient-4.5.2.jar:/home/user/.m2/repository/org/apache/httpcomponents/httpcore/4.4.4/httpcore-4.4.4.jar:/home/user/.m2/repository/commons-codec/commons-codec/1.11/commons-codec-1.11.jar:/home/user/.m2/repository/commons-net/commons-net/3.6/commons-net-3.6.jar:/home/user/.m2/repository/commons-collections/commons-collections/3.2.2/commons-collections-3.2.2.jar:/home/user/.m2/repository/org/eclipse/jetty/jetty-servlet/9.3.24.v20180605/jetty-servlet-9.3.24.v20180605.jar:/home/user/.m2/repository/org/eclipse/jetty/jetty-security/9.3.24.v20180605/jetty-security-9.3.24.v20180605.jar:/home/user/.m2/repository/javax/servlet/jsp/jsp-api/2.1/jsp-api-2.1.jar:/home/user/.m2/repository/com/sun/jersey/jersey-servlet/1.19/jersey-servlet-1.19.jar:/home/user/.m2/repository/com/sun/jersey/jersey-json/1.19/jersey-json-1.19.jar:/home/user/.m2/repository/org/codehaus/jettison/jettison/1.1/jettison-1.1.jar:/home/user/.m2/repository/org/codehaus/jackson/jackson-core-asl/1.9.13/jackson-core-asl-1.9.13.jar:/home/user/.m2/repository/org/codehaus/jackson/jackson-mapper-asl/1.9.13/jackson-mapper-asl-1.9.13.jar:/home/user/.m2/repository/org/codehaus/jackson/jackson-jaxrs/1.9.13/jackson-jaxrs-1.9.13.jar:/home/user/.m2/repository/org/codehaus/jackson/jackson-xc/1.9.13/jackson-xc-1.9.13.jar:/home/user/.m2/repository/commons-logging/commons-logging/1.1.3/commons-logging-1.1.3.jar:/home/user/.m2/repository/commons-beanutils/commons-beanutils/1.9.3/commons-beanutils-1.9.3.jar:/home/user/.m2/repository/org/apache/commons/commons-configuration2/2.1.1/commons-configuration2-2.1.1.jar:/home/user/.m2/repository/org/apache/commons/commons-lang3/3.7/commons-lang3-3.7.jar:/home/user/.m2/repository/org/apache/commons/commons-text/1.4/commons-text-1.4.jar:/home/user/.m2/repository/org/apache/avro/avro/1.7.7/avro-1.7.7.jar:/home/user/.m2/repository/com/thoughtworks/paranamer/paranamer/2.3/paranamer-2.3.jar:/home/user/.m2/repository/org/xerial/snappy/snappy-java/1.0.5/snappy-java-1.0.5.jar:/home/user/.m2/repository/com/google/re2j/re2j/1.1/re2j-1.1.jar:/home/user/.m2/repository/com/google/code/gson/gson/2.2.4/gson-2.2.4.jar:/home/user/.m2/repository/com/jcraft/jsch/0.1.54/jsch-0.1.54.jar:/home/user/.m2/repository/org/apache/curator/curator-client/2.12.0/curator-client-2.12.0.jar:/home/user/.m2/repository/org/apache/curator/curator-recipes/2.12.0/curator-recipes-2.12.0.jar:/home/user/.m2/repository/com/google/code/findbugs/jsr305/3.0.0/jsr305-3.0.0.jar:/home/user/.m2/repository/org/apache/htrace/htrace-core4/4.1.0-incubating/htrace-core4-4.1.0-incubating.jar:/home/user/.m2/repository/org/apache/zookeeper/zookeeper/3.4.13/zookeeper-3.4.13.jar:/home/user/.m2/repository/org/apache/yetus/audience-annotations/0.5.0/audience-annotations-0.5.0.jar:/home/user/.m2/repository/org/codehaus/woodstox/stax2-api/3.1.4/stax2-api-3.1.4.jar:/home/user/.m2/repository/com/fasterxml/woodstox/woodstox-core/5.0.3/woodstox-core-5.0.3.jar:/home/user/.m2/repository/dnsjava/dnsjava/2.1.7/dnsjava-2.1.7.jar:/home/user/.m2/repository/org/apache/hadoop/hadoop-hdfs/3.2.0/hadoop-hdfs-3.2.0-tests.jar:/home/user/.m2/repository/org/eclipse/jetty/jetty-util-ajax/9.3.24.v20180605/jetty-util-ajax-9.3.24.v20180605.jar:/home/user/.m2/repository/commons-daemon/commons-daemon/1.0.13/commons-daemon-1.0.13.jar:/home/user/.m2/repository/io/netty/netty/3.10.5.Final/netty-3.10.5.Final.jar:/home/user/.m2/repository/io/netty/netty-all/4.0.52.Final/netty-all-4.0.52.Final.jar:/home/user/.m2/repository/org/fusesource/leveldbjni/leveldbjni-all/1.8/leveldbjni-all-1.8.jar:"/>
    <property name="java.vm.vendor" value="IcedTea"/>
    <property name="sun.arch.data.model" value="64"/>
    <property name="test.build.dir" value="/opt/src/hadoop-ozone/integration-test/target/test-dir"/>
    <property name="test.cache.data" value=""/>
    <property name="java.vendor.url" value="https://icedtea.classpath.org"/>
    <property name="user.timezone" value=""/>
    <property name="java.vm.specification.version" value="1.8"/>
    <property name="os.name" value="Linux"/>
    <property name="test.build.data" value="/opt/src/hadoop-ozone/integration-test/target/test-dir"/>
    <property name="user.country" value="US"/>
    <property name="sun.java.launcher" value="SUN_STANDARD"/>
    <property name="sun.boot.library.path" value="/usr/lib/jvm/java-1.8-openjdk/jre/lib/amd64"/>
    <property name="sun.java.command" value="/opt/src/hadoop-ozone/integration-test/target/surefire/surefirebooter320678785205032831.jar /opt/src/hadoop-ozone/integration-test/target/surefire 2019-06-15T12-48-31_817-jvmRun1 surefire741146580241958809tmp surefire_8312095667914720737tmp"/>
    <property name="surefire.test.class.path" value="/opt/src/hadoop-ozone/integration-test/target/test-classes:/opt/src/hadoop-ozone/integration-test/target/classes:/home/user/.m2/repository/org/apache/hadoop/hadoop-ozone-common/0.5.0-SNAPSHOT/hadoop-ozone-common-0.5.0-SNAPSHOT.jar:/home/user/.m2/repository/org/apache/commons/commons-compress/1.4.1/commons-compress-1.4.1.jar:/home/user/.m2/repository/org/tukaani/xz/1.0/xz-1.0.jar:/home/user/.m2/repository/org/apache/hadoop/hadoop-common/3.2.0/hadoop-common-3.2.0.jar:/home/user/.m2/repository/org/apache/hadoop/hadoop-hdfs/3.2.0/hadoop-hdfs-3.2.0.jar:/home/user/.m2/repository/org/apache/hadoop/hadoop-hdfs-client/3.2.0/hadoop-hdfs-client-3.2.0.jar:/home/user/.m2/repository/com/fasterxml/jackson/core/jackson-annotations/2.9.5/jackson-annotations-2.9.5.jar:/home/user/.m2/repository/org/apache/hadoop/hadoop-hdds-common/0.5.0-SNAPSHOT/hadoop-hdds-common-0.5.0-SNAPSHOT.jar:/home/user/.m2/repository/javax/annotation/javax.annotation-api/1.2/javax.annotation-api-1.2.jar:/home/user/.m2/repository/org/apache/ratis/ratis-server/0.4.0-fe2b15d-SNAPSHOT/ratis-server-0.4.0-fe2b15d-SNAPSHOT.jar:/home/user/.m2/repository/org/apache/ratis/ratis-thirdparty-misc/0.2.0/ratis-thirdparty-misc-0.2.0.jar:/home/user/.m2/repository/org/apache/ratis/ratis-proto/0.4.0-fe2b15d-SNAPSHOT/ratis-proto-0.4.0-fe2b15d-SNAPSHOT.jar:/home/user/.m2/repository/org/apache/ratis/ratis-common/0.4.0-fe2b15d-SNAPSHOT/ratis-common-0.4.0-fe2b15d-SNAPSHOT.jar:/home/user/.m2/repository/org/apache/ratis/ratis-client/0.4.0-fe2b15d-SNAPSHOT/ratis-client-0.4.0-fe2b15d-SNAPSHOT.jar:/home/user/.m2/repository/org/apache/ratis/ratis-netty/0.4.0-fe2b15d-SNAPSHOT/ratis-netty-0.4.0-fe2b15d-SNAPSHOT.jar:/home/user/.m2/repository/org/apache/ratis/ratis-grpc/0.4.0-fe2b15d-SNAPSHOT/ratis-grpc-0.4.0-fe2b15d-SNAPSHOT.jar:/home/user/.m2/repository/org/rocksdb/rocksdbjni/5.14.2/rocksdbjni-5.14.2.jar:/home/user/.m2/repository/org/apache/logging/log4j/log4j-api/2.11.0/log4j-api-2.11.0.jar:/home/user/.m2/repository/org/apache/logging/log4j/log4j-core/2.11.0/log4j-core-2.11.0.jar:/home/user/.m2/repository/com/lmax/disruptor/3.4.2/disruptor-3.4.2.jar:/home/user/.m2/repository/org/apache/commons/commons-pool2/2.6.0/commons-pool2-2.6.0.jar:/home/user/.m2/repository/org/bouncycastle/bcpkix-jdk15on/1.60/bcpkix-jdk15on-1.60.jar:/home/user/.m2/repository/commons-validator/commons-validator/1.6/commons-validator-1.6.jar:/home/user/.m2/repository/commons-digester/commons-digester/1.8.1/commons-digester-1.8.1.jar:/home/user/.m2/repository/io/jaegertracing/jaeger-client/0.33.1/jaeger-client-0.33.1.jar:/home/user/.m2/repository/io/jaegertracing/jaeger-thrift/0.33.1/jaeger-thrift-0.33.1.jar:/home/user/.m2/repository/org/apache/thrift/libthrift/0.11.0/libthrift-0.11.0.jar:/home/user/.m2/repository/com/squareup/okhttp3/okhttp/3.9.0/okhttp-3.9.0.jar:/home/user/.m2/repository/com/squareup/okio/okio/1.13.0/okio-1.13.0.jar:/home/user/.m2/repository/io/jaegertracing/jaeger-core/0.33.1/jaeger-core-0.33.1.jar:/home/user/.m2/repository/io/jaegertracing/jaeger-tracerresolver/0.33.1/jaeger-tracerresolver-0.33.1.jar:/home/user/.m2/repository/io/opentracing/contrib/opentracing-tracerresolver/0.1.5/opentracing-tracerresolver-0.1.5.jar:/home/user/.m2/repository/io/opentracing/opentracing-util/0.31.0/opentracing-util-0.31.0.jar:/home/user/.m2/repository/io/opentracing/opentracing-api/0.31.0/opentracing-api-0.31.0.jar:/home/user/.m2/repository/io/opentracing/opentracing-noop/0.31.0/opentracing-noop-0.31.0.jar:/home/user/.m2/repository/org/apache/hadoop/hadoop-hdds-server-framework/0.5.0-SNAPSHOT/hadoop-hdds-server-framework-0.5.0-SNAPSHOT.jar:/home/user/.m2/repository/org/apache/hadoop/hadoop-hdds-server-scm/0.5.0-SNAPSHOT/hadoop-hdds-server-scm-0.5.0-SNAPSHOT.jar:/home/user/.m2/repository/org/apache/hadoop/hadoop-hdds-container-service/0.5.0-SNAPSHOT/hadoop-hdds-container-service-0.5.0-SNAPSHOT.jar:/home/user/.m2/repository/org/apache/hadoop/hadoop-hdds-client/0.5.0-SNAPSHOT/hadoop-hdds-client-0.5.0-SNAPSHOT.jar:/home/user/.m2/repository/org/apache/hadoop/hadoop-hdds-tools/0.5.0-SNAPSHOT/hadoop-hdds-tools-0.5.0-SNAPSHOT.jar:/home/user/.m2/repository/org/apache/hadoop/hadoop-ozone-ozone-manager/0.5.0-SNAPSHOT/hadoop-ozone-ozone-manager-0.5.0-SNAPSHOT.jar:/home/user/.m2/repository/org/apache/hadoop/hadoop-hdds-docs/0.5.0-SNAPSHOT/hadoop-hdds-docs-0.5.0-SNAPSHOT.jar:/home/user/.m2/repository/org/bouncycastle/bcprov-jdk15on/1.60/bcprov-jdk15on-1.60.jar:/home/user/.m2/repository/org/apache/hadoop/hadoop-minikdc/3.2.0/hadoop-minikdc-3.2.0.jar:/home/user/.m2/repository/commons-io/commons-io/2.5/commons-io-2.5.jar:/home/user/.m2/repository/org/apache/kerby/kerb-simplekdc/1.0.1/kerb-simplekdc-1.0.1.jar:/home/user/.m2/repository/org/apache/kerby/kerb-client/1.0.1/kerb-client-1.0.1.jar:/home/user/.m2/repository/org/apache/kerby/kerby-config/1.0.1/kerby-config-1.0.1.jar:/home/user/.m2/repository/org/apache/kerby/kerb-core/1.0.1/kerb-core-1.0.1.jar:/home/user/.m2/repository/org/apache/kerby/kerby-pkix/1.0.1/kerby-pkix-1.0.1.jar:/home/user/.m2/repository/org/apache/kerby/kerby-asn1/1.0.1/kerby-asn1-1.0.1.jar:/home/user/.m2/repository/org/apache/kerby/kerby-util/1.0.1/kerby-util-1.0.1.jar:/home/user/.m2/repository/org/apache/kerby/kerb-common/1.0.1/kerb-common-1.0.1.jar:/home/user/.m2/repository/org/apache/kerby/kerb-crypto/1.0.1/kerb-crypto-1.0.1.jar:/home/user/.m2/repository/org/apache/kerby/kerb-util/1.0.1/kerb-util-1.0.1.jar:/home/user/.m2/repository/org/apache/kerby/token-provider/1.0.1/token-provider-1.0.1.jar:/home/user/.m2/repository/org/apache/kerby/kerb-admin/1.0.1/kerb-admin-1.0.1.jar:/home/user/.m2/repository/org/apache/kerby/kerb-server/1.0.1/kerb-server-1.0.1.jar:/home/user/.m2/repository/org/apache/kerby/kerb-identity/1.0.1/kerb-identity-1.0.1.jar:/home/user/.m2/repository/org/apache/kerby/kerby-xdr/1.0.1/kerby-xdr-1.0.1.jar:/home/user/.m2/repository/org/slf4j/slf4j-log4j12/1.7.25/slf4j-log4j12-1.7.25.jar:/home/user/.m2/repository/org/apache/hadoop/hadoop-ozone-objectstore-service/0.5.0-SNAPSHOT/hadoop-ozone-objectstore-service-0.5.0-SNAPSHOT.jar:/home/user/.m2/repository/org/apache/hadoop/hadoop-ozone-s3gateway/0.5.0-SNAPSHOT/hadoop-ozone-s3gateway-0.5.0-SNAPSHOT.jar:/home/user/.m2/repository/org/jboss/weld/servlet/weld-servlet/2.4.7.Final/weld-servlet-2.4.7.Final.jar:/home/user/.m2/repository/org/glassfish/jersey/containers/jersey-container-servlet-core/2.27/jersey-container-servlet-core-2.27.jar:/home/user/.m2/repository/org/glassfish/hk2/external/javax.inject/2.5.0-b42/javax.inject-2.5.0-b42.jar:/home/user/.m2/repository/org/glassfish/jersey/core/jersey-common/2.27/jersey-common-2.27.jar:/home/user/.m2/repository/org/glassfish/hk2/osgi-resource-locator/1.0.1/osgi-resource-locator-1.0.1.jar:/home/user/.m2/repository/javax/ws/rs/javax.ws.rs-api/2.1/javax.ws.rs-api-2.1.jar:/home/user/.m2/repository/org/glassfish/jersey/ext/cdi/jersey-cdi1x/2.27/jersey-cdi1x-2.27.jar:/home/user/.m2/repository/org/glassfish/jersey/inject/jersey-hk2/2.27/jersey-hk2-2.27.jar:/home/user/.m2/repository/org/glassfish/hk2/hk2-locator/2.5.0-b42/hk2-locator-2.5.0-b42.jar:/home/user/.m2/repository/org/javassist/javassist/3.22.0-CR2/javassist-3.22.0-CR2.jar:/home/user/.m2/repository/org/glassfish/hk2/hk2-api/2.5.0/hk2-api-2.5.0.jar:/home/user/.m2/repository/org/glassfish/hk2/external/jakarta.inject/2.5.0/jakarta.inject-2.5.0.jar:/home/user/.m2/repository/org/glassfish/hk2/hk2-utils/2.5.0/hk2-utils-2.5.0.jar:/home/user/.m2/repository/jakarta/annotation/jakarta.annotation-api/1.3.4/jakarta.annotation-api-1.3.4.jar:/home/user/.m2/repository/org/glassfish/hk2/external/aopalliance-repackaged/2.5.0/aopalliance-repackaged-2.5.0.jar:/home/user/.m2/repository/com/fasterxml/jackson/dataformat/jackson-dataformat-xml/2.9.0/jackson-dataformat-xml-2.9.0.jar:/home/user/.m2/repository/com/fasterxml/jackson/core/jackson-core/2.9.5/jackson-core-2.9.5.jar:/home/user/.m2/repository/com/fasterxml/jackson/module/jackson-module-jaxb-annotations/2.9.5/jackson-module-jaxb-annotations-2.9.5.jar:/home/user/.m2/repository/javax/enterprise/cdi-api/1.2/cdi-api-1.2.jar:/home/user/.m2/repository/javax/el/javax.el-api/3.0.0/javax.el-api-3.0.0.jar:/home/user/.m2/repository/javax/interceptor/javax.interceptor-api/1.2/javax.interceptor-api-1.2.jar:/home/user/.m2/repository/javax/inject/javax.inject/1/javax.inject-1.jar:/home/user/.m2/repository/com/sun/xml/bind/jaxb-impl/2.3.0.1/jaxb-impl-2.3.0.1.jar:/home/user/.m2/repository/com/sun/xml/bind/jaxb-core/2.3.0.1/jaxb-core-2.3.0.1.jar:/home/user/.m2/repository/javax/xml/bind/jaxb-api/2.3.0/jaxb-api-2.3.0.jar:/home/user/.m2/repository/javax/activation/activation/1.1.1/activation-1.1.1.jar:/home/user/.m2/repository/org/apache/hadoop/hadoop-ozone-csi/0.5.0-SNAPSHOT/hadoop-ozone-csi-0.5.0-SNAPSHOT.jar:/home/user/.m2/repository/com/google/protobuf/protobuf-java-util/3.5.1/protobuf-java-util-3.5.1.jar:/home/user/.m2/repository/org/apache/hadoop/hadoop-hdds-config/0.5.0-SNAPSHOT/hadoop-hdds-config-0.5.0-SNAPSHOT.jar:/home/user/.m2/repository/com/google/guava/guava/11.0.2/guava-11.0.2.jar:/home/user/.m2/repository/com/google/protobuf/protobuf-java/2.5.0/protobuf-java-2.5.0.jar:/home/user/.m2/repository/io/grpc/grpc-netty/1.17.1/grpc-netty-1.17.1.jar:/home/user/.m2/repository/io/grpc/grpc-core/1.17.1/grpc-core-1.17.1.jar:/home/user/.m2/repository/io/grpc/grpc-context/1.17.1/grpc-context-1.17.1.jar:/home/user/.m2/repository/com/google/errorprone/error_prone_annotations/2.2.0/error_prone_annotations-2.2.0.jar:/home/user/.m2/repository/org/codehaus/mojo/animal-sniffer-annotations/1.17/animal-sniffer-annotations-1.17.jar:/home/user/.m2/repository/io/opencensus/opencensus-api/0.17.0/opencensus-api-0.17.0.jar:/home/user/.m2/repository/io/opencensus/opencensus-contrib-grpc-metrics/0.17.0/opencensus-contrib-grpc-metrics-0.17.0.jar:/home/user/.m2/repository/io/netty/netty-codec-http2/4.1.30.Final/netty-codec-http2-4.1.30.Final.jar:/home/user/.m2/repository/io/netty/netty-codec-http/4.1.30.Final/netty-codec-http-4.1.30.Final.jar:/home/user/.m2/repository/io/netty/netty-codec/4.1.30.Final/netty-codec-4.1.30.Final.jar:/home/user/.m2/repository/io/netty/netty-handler/4.1.30.Final/netty-handler-4.1.30.Final.jar:/home/user/.m2/repository/io/netty/netty-handler-proxy/4.1.30.Final/netty-handler-proxy-4.1.30.Final.jar:/home/user/.m2/repository/io/netty/netty-codec-socks/4.1.30.Final/netty-codec-socks-4.1.30.Final.jar:/home/user/.m2/repository/io/netty/netty-transport-native-epoll/4.1.30.Final/netty-transport-native-epoll-4.1.30.Final.jar:/home/user/.m2/repository/io/netty/netty-common/4.1.30.Final/netty-common-4.1.30.Final.jar:/home/user/.m2/repository/io/netty/netty-buffer/4.1.30.Final/netty-buffer-4.1.30.Final.jar:/home/user/.m2/repository/io/netty/netty-transport/4.1.30.Final/netty-transport-4.1.30.Final.jar:/home/user/.m2/repository/io/netty/netty-resolver/4.1.30.Final/netty-resolver-4.1.30.Final.jar:/home/user/.m2/repository/io/netty/netty-transport-native-unix-common/4.1.30.Final/netty-transport-native-unix-common-4.1.30.Final.jar:/home/user/.m2/repository/io/grpc/grpc-protobuf/1.17.1/grpc-protobuf-1.17.1.jar:/home/user/.m2/repository/com/google/api/grpc/proto-google-common-protos/1.0.0/proto-google-common-protos-1.0.0.jar:/home/user/.m2/repository/io/grpc/grpc-protobuf-lite/1.17.1/grpc-protobuf-lite-1.17.1.jar:/home/user/.m2/repository/io/grpc/grpc-stub/1.17.1/grpc-stub-1.17.1.jar:/home/user/.m2/repository/org/apache/hadoop/hadoop-ozone-recon/0.5.0-SNAPSHOT/hadoop-ozone-recon-0.5.0-SNAPSHOT.jar:/home/user/.m2/repository/org/apache/hadoop/hadoop-ozone-reconcodegen/0.5.0-SNAPSHOT/hadoop-ozone-reconcodegen-0.5.0-SNAPSHOT.jar:/home/user/.m2/repository/com/google/inject/extensions/guice-multibindings/4.0/guice-multibindings-4.0.jar:/home/user/.m2/repository/com/google/inject/guice/4.0/guice-4.0.jar:/home/user/.m2/repository/aopalliance/aopalliance/1.0/aopalliance-1.0.jar:/home/user/.m2/repository/com/google/inject/extensions/guice-servlet/4.0/guice-servlet-4.0.jar:/home/user/.m2/repository/org/glassfish/jersey/containers/jersey-container-servlet/2.27/jersey-container-servlet-2.27.jar:/home/user/.m2/repository/org/glassfish/hk2/guice-bridge/2.5.0/guice-bridge-2.5.0.jar:/home/user/.m2/repository/org/glassfish/jersey/core/jersey-server/2.27/jersey-server-2.27.jar:/home/user/.m2/repository/org/glassfish/jersey/core/jersey-client/2.27/jersey-client-2.27.jar:/home/user/.m2/repository/org/glassfish/jersey/media/jersey-media-jaxb/2.27/jersey-media-jaxb-2.27.jar:/home/user/.m2/repository/javax/validation/validation-api/1.1.0.Final/validation-api-1.1.0.Final.jar:/home/user/.m2/repository/org/glassfish/jersey/media/jersey-media-json-jackson/2.27/jersey-media-json-jackson-2.27.jar:/home/user/.m2/repository/org/glassfish/jersey/ext/jersey-entity-filtering/2.27/jersey-entity-filtering-2.27.jar:/home/user/.m2/repository/com/google/inject/extensions/guice-assistedinject/4.0/guice-assistedinject-4.0.jar:/home/user/.m2/repository/org/jooq/jooq/3.11.10/jooq-3.11.10.jar:/home/user/.m2/repository/org/jooq/jooq-meta/3.11.10/jooq-meta-3.11.10.jar:/home/user/.m2/repository/org/jooq/jooq-codegen/3.11.10/jooq-codegen-3.11.10.jar:/home/user/.m2/repository/com/jolbox/bonecp/0.8.0.RELEASE/bonecp-0.8.0.RELEASE.jar:/home/user/.m2/repository/org/xerial/sqlite-jdbc/3.25.2/sqlite-jdbc-3.25.2.jar:/home/user/.m2/repository/org/springframework/spring-jdbc/5.1.3.RELEASE/spring-jdbc-5.1.3.RELEASE.jar:/home/user/.m2/repository/org/springframework/spring-beans/5.1.3.RELEASE/spring-beans-5.1.3.RELEASE.jar:/home/user/.m2/repository/org/springframework/spring-core/5.1.3.RELEASE/spring-core-5.1.3.RELEASE.jar:/home/user/.m2/repository/org/springframework/spring-jcl/5.1.3.RELEASE/spring-jcl-5.1.3.RELEASE.jar:/home/user/.m2/repository/org/springframework/spring-tx/5.1.3.RELEASE/spring-tx-5.1.3.RELEASE.jar:/home/user/.m2/repository/org/apache/hadoop/hadoop-ozone-client/0.5.0-SNAPSHOT/hadoop-ozone-client-0.5.0-SNAPSHOT.jar:/home/user/.m2/repository/org/apache/hadoop/hadoop-ozone-ozone-manager/0.5.0-SNAPSHOT/hadoop-ozone-ozone-manager-0.5.0-SNAPSHOT-tests.jar:/home/user/.m2/repository/junit/junit/4.11/junit-4.11.jar:/home/user/.m2/repository/org/hamcrest/hamcrest-core/1.3/hamcrest-core-1.3.jar:/home/user/.m2/repository/org/openjdk/jmh/jmh-core/1.19/jmh-core-1.19.jar:/home/user/.m2/repository/net/sf/jopt-simple/jopt-simple/4.6/jopt-simple-4.6.jar:/home/user/.m2/repository/org/apache/commons/commons-math3/3.1.1/commons-math3-3.1.1.jar:/home/user/.m2/repository/org/openjdk/jmh/jmh-generator-annprocess/1.19/jmh-generator-annprocess-1.19.jar:/home/user/.m2/repository/org/mockito/mockito-all/1.8.5/mockito-all-1.8.5.jar:/home/user/.m2/repository/org/apache/hadoop/hadoop-kms/3.2.0/hadoop-kms-3.2.0.jar:/home/user/.m2/repository/org/apache/hadoop/hadoop-auth/3.2.0/hadoop-auth-3.2.0.jar:/home/user/.m2/repository/com/nimbusds/nimbus-jose-jwt/4.41.1/nimbus-jose-jwt-4.41.1.jar:/home/user/.m2/repository/com/github/stephenc/jcip/jcip-annotations/1.0-1/jcip-annotations-1.0-1.jar:/home/user/.m2/repository/net/minidev/json-smart/2.3/json-smart-2.3.jar:/home/user/.m2/repository/net/minidev/accessors-smart/1.2/accessors-smart-1.2.jar:/home/user/.m2/repository/org/ow2/asm/asm/5.0.4/asm-5.0.4.jar:/home/user/.m2/repository/org/apache/curator/curator-framework/2.12.0/curator-framework-2.12.0.jar:/home/user/.m2/repository/com/sun/jersey/jersey-core/1.19/jersey-core-1.19.jar:/home/user/.m2/repository/javax/ws/rs/jsr311-api/1.1.1/jsr311-api-1.1.1.jar:/home/user/.m2/repository/com/sun/jersey/jersey-server/1.19/jersey-server-1.19.jar:/home/user/.m2/repository/javax/servlet/javax.servlet-api/3.1.0/javax.servlet-api-3.1.0.jar:/home/user/.m2/repository/org/eclipse/jetty/jetty-server/9.3.24.v20180605/jetty-server-9.3.24.v20180605.jar:/home/user/.m2/repository/org/eclipse/jetty/jetty-http/9.3.24.v20180605/jetty-http-9.3.24.v20180605.jar:/home/user/.m2/repository/org/eclipse/jetty/jetty-io/9.3.24.v20180605/jetty-io-9.3.24.v20180605.jar:/home/user/.m2/repository/org/eclipse/jetty/jetty-webapp/9.3.24.v20180605/jetty-webapp-9.3.24.v20180605.jar:/home/user/.m2/repository/org/eclipse/jetty/jetty-xml/9.3.24.v20180605/jetty-xml-9.3.24.v20180605.jar:/home/user/.m2/repository/log4j/log4j/1.2.17/log4j-1.2.17.jar:/home/user/.m2/repository/org/slf4j/slf4j-api/1.7.25/slf4j-api-1.7.25.jar:/home/user/.m2/repository/org/slf4j/jul-to-slf4j/1.7.25/jul-to-slf4j-1.7.25.jar:/home/user/.m2/repository/org/eclipse/jetty/jetty-util/9.3.24.v20180605/jetty-util-9.3.24.v20180605.jar:/home/user/.m2/repository/io/dropwizard/metrics/metrics-core/3.2.4/metrics-core-3.2.4.jar:/home/user/.m2/repository/com/fasterxml/jackson/core/jackson-databind/2.9.5/jackson-databind-2.9.5.jar:/home/user/.m2/repository/org/apache/hadoop/hadoop-kms/3.2.0/hadoop-kms-3.2.0-tests.jar:/home/user/.m2/repository/org/apache/hadoop/hadoop-hdds-server-scm/0.5.0-SNAPSHOT/hadoop-hdds-server-scm-0.5.0-SNAPSHOT-tests.jar:/home/user/.m2/repository/org/hamcrest/hamcrest-all/1.3/hamcrest-all-1.3.jar:/home/user/.m2/repository/info/picocli/picocli/3.9.6/picocli-3.9.6.jar:/home/user/.m2/repository/org/apache/hadoop/hadoop-hdds-container-service/0.5.0-SNAPSHOT/hadoop-hdds-container-service-0.5.0-SNAPSHOT-tests.jar:/home/user/.m2/repository/org/yaml/snakeyaml/1.16/snakeyaml-1.16.jar:/home/user/.m2/repository/org/apache/hadoop/hadoop-common/3.2.0/hadoop-common-3.2.0-tests.jar:/home/user/.m2/repository/org/apache/hadoop/hadoop-annotations/3.2.0/hadoop-annotations-3.2.0.jar:/usr/lib/jvm/java-1.8-openjdk/jre/../lib/tools.jar:/home/user/.m2/repository/commons-cli/commons-cli/1.2/commons-cli-1.2.jar:/home/user/.m2/repository/org/apache/httpcomponents/httpclient/4.5.2/httpclient-4.5.2.jar:/home/user/.m2/repository/org/apache/httpcomponents/httpcore/4.4.4/httpcore-4.4.4.jar:/home/user/.m2/repository/commons-codec/commons-codec/1.11/commons-codec-1.11.jar:/home/user/.m2/repository/commons-net/commons-net/3.6/commons-net-3.6.jar:/home/user/.m2/repository/commons-collections/commons-collections/3.2.2/commons-collections-3.2.2.jar:/home/user/.m2/repository/org/eclipse/jetty/jetty-servlet/9.3.24.v20180605/jetty-servlet-9.3.24.v20180605.jar:/home/user/.m2/repository/org/eclipse/jetty/jetty-security/9.3.24.v20180605/jetty-security-9.3.24.v20180605.jar:/home/user/.m2/repository/javax/servlet/jsp/jsp-api/2.1/jsp-api-2.1.jar:/home/user/.m2/repository/com/sun/jersey/jersey-servlet/1.19/jersey-servlet-1.19.jar:/home/user/.m2/repository/com/sun/jersey/jersey-json/1.19/jersey-json-1.19.jar:/home/user/.m2/repository/org/codehaus/jettison/jettison/1.1/jettison-1.1.jar:/home/user/.m2/repository/org/codehaus/jackson/jackson-core-asl/1.9.13/jackson-core-asl-1.9.13.jar:/home/user/.m2/repository/org/codehaus/jackson/jackson-mapper-asl/1.9.13/jackson-mapper-asl-1.9.13.jar:/home/user/.m2/repository/org/codehaus/jackson/jackson-jaxrs/1.9.13/jackson-jaxrs-1.9.13.jar:/home/user/.m2/repository/org/codehaus/jackson/jackson-xc/1.9.13/jackson-xc-1.9.13.jar:/home/user/.m2/repository/commons-logging/commons-logging/1.1.3/commons-logging-1.1.3.jar:/home/user/.m2/repository/commons-beanutils/commons-beanutils/1.9.3/commons-beanutils-1.9.3.jar:/home/user/.m2/repository/org/apache/commons/commons-configuration2/2.1.1/commons-configuration2-2.1.1.jar:/home/user/.m2/repository/org/apache/commons/commons-lang3/3.7/commons-lang3-3.7.jar:/home/user/.m2/repository/org/apache/commons/commons-text/1.4/commons-text-1.4.jar:/home/user/.m2/repository/org/apache/avro/avro/1.7.7/avro-1.7.7.jar:/home/user/.m2/repository/com/thoughtworks/paranamer/paranamer/2.3/paranamer-2.3.jar:/home/user/.m2/repository/org/xerial/snappy/snappy-java/1.0.5/snappy-java-1.0.5.jar:/home/user/.m2/repository/com/google/re2j/re2j/1.1/re2j-1.1.jar:/home/user/.m2/repository/com/google/code/gson/gson/2.2.4/gson-2.2.4.jar:/home/user/.m2/repository/com/jcraft/jsch/0.1.54/jsch-0.1.54.jar:/home/user/.m2/repository/org/apache/curator/curator-client/2.12.0/curator-client-2.12.0.jar:/home/user/.m2/repository/org/apache/curator/curator-recipes/2.12.0/curator-recipes-2.12.0.jar:/home/user/.m2/repository/com/google/code/findbugs/jsr305/3.0.0/jsr305-3.0.0.jar:/home/user/.m2/repository/org/apache/htrace/htrace-core4/4.1.0-incubating/htrace-core4-4.1.0-incubating.jar:/home/user/.m2/repository/org/apache/zookeeper/zookeeper/3.4.13/zookeeper-3.4.13.jar:/home/user/.m2/repository/org/apache/yetus/audience-annotations/0.5.0/audience-annotations-0.5.0.jar:/home/user/.m2/repository/org/codehaus/woodstox/stax2-api/3.1.4/stax2-api-3.1.4.jar:/home/user/.m2/repository/com/fasterxml/woodstox/woodstox-core/5.0.3/woodstox-core-5.0.3.jar:/home/user/.m2/repository/dnsjava/dnsjava/2.1.7/dnsjava-2.1.7.jar:/home/user/.m2/repository/org/apache/hadoop/hadoop-hdfs/3.2.0/hadoop-hdfs-3.2.0-tests.jar:/home/user/.m2/repository/org/eclipse/jetty/jetty-util-ajax/9.3.24.v20180605/jetty-util-ajax-9.3.24.v20180605.jar:/home/user/.m2/repository/commons-daemon/commons-daemon/1.0.13/commons-daemon-1.0.13.jar:/home/user/.m2/repository/io/netty/netty/3.10.5.Final/netty-3.10.5.Final.jar:/home/user/.m2/repository/io/netty/netty-all/4.0.52.Final/netty-all-4.0.52.Final.jar:/home/user/.m2/repository/org/fusesource/leveldbjni/leveldbjni-all/1.8/leveldbjni-all-1.8.jar:"/>
    <property name="sun.cpu.endian" value="little"/>
    <property name="user.home" value="/home/user"/>
    <property name="user.language" value="en"/>
    <property name="java.specification.vendor" value="Oracle Corporation"/>
    <property name="java.home" value="/usr/lib/jvm/java-1.8-openjdk/jre"/>
    <property name="java.security.krb5.conf" value="/opt/src/hadoop-ozone/integration-test/target/test-classes/krb5.conf"/>
    <property name="basedir" value="/opt/src/hadoop-ozone/integration-test"/>
    <property name="file.separator" value="/"/>
    <property name="line.separator" value="&#10;"/>
    <property name="java.vm.specification.vendor" value="Oracle Corporation"/>
    <property name="java.specification.name" value="Java Platform API Specification"/>
    <property name="java.awt.graphicsenv" value="sun.awt.X11GraphicsEnvironment"/>
    <property name="surefire.real.class.path" value="/opt/src/hadoop-ozone/integration-test/target/surefire/surefirebooter320678785205032831.jar"/>
    <property name="hadoop.log.dir" value="/opt/src/hadoop-ozone/integration-test/target/log"/>
    <property name="sun.boot.class.path" value="/usr/lib/jvm/java-1.8-openjdk/jre/lib/resources.jar:/usr/lib/jvm/java-1.8-openjdk/jre/lib/rt.jar:/usr/lib/jvm/java-1.8-openjdk/jre/lib/sunrsasign.jar:/usr/lib/jvm/java-1.8-openjdk/jre/lib/jsse.jar:/usr/lib/jvm/java-1.8-openjdk/jre/lib/jce.jar:/usr/lib/jvm/java-1.8-openjdk/jre/lib/charsets.jar:/usr/lib/jvm/java-1.8-openjdk/jre/lib/jfr.jar:/usr/lib/jvm/java-1.8-openjdk/jre/classes"/>
    <property name="sun.management.compiler" value="HotSpot 64-Bit Tiered Compilers"/>
    <property name="java.runtime.version" value="1.8.0_212-b04"/>
    <property name="java.net.preferIPv4Stack" value="true"/>
    <property name="user.name" value="jenkins1000"/>
    <property name="path.separator" value=":"/>
    <property name="java.security.egd" value="file:///dev/urandom"/>
    <property name="os.version" value="4.15.0-1021-aws"/>
    <property name="java.endorsed.dirs" value="/usr/lib/jvm/java-1.8-openjdk/jre/lib/endorsed"/>
    <property name="java.runtime.name" value="OpenJDK Runtime Environment"/>
    <property name="file.encoding" value="UTF-8"/>
    <property name="java.vm.name" value="OpenJDK 64-Bit Server VM"/>
    <property name="test.build.webapps" value=""/>
    <property name="localRepository" value="/home/user/.m2/repository"/>
    <property name="java.vendor.url.bug" value="https://icedtea.classpath.org/bugzilla"/>
    <property name="java.io.tmpdir" value="/tmp"/>
    <property name="require.test.libhadoop" value=""/>
    <property name="java.version" value="1.8.0_212"/>
    <property name="user.dir" value="/opt/src/hadoop-ozone/integration-test"/>
    <property name="os.arch" value="amd64"/>
    <property name="java.vm.specification.name" value="Java Virtual Machine Specification"/>
    <property name="test.build.classes" value="/opt/src/hadoop-ozone/integration-test/target/test-classes"/>
    <property name="java.awt.printerjob" value="sun.print.PSPrinterJob"/>
    <property name="sun.os.patch.level" value="unknown"/>
    <property name="hadoop.tmp.dir" value="/opt/src/hadoop-ozone/integration-test/target/tmp"/>
    <property name="java.library.path" value="/usr/lib/jvm/java-1.8-openjdk/jre/lib/amd64/server:/usr/lib/jvm/java-1.8-openjdk/jre/lib/amd64:/usr/lib/jvm/java-1.8-openjdk/jre/../lib/amd64:/opt/src/hadoop-ozone/integration-test/target/native/target/usr/local/lib:/opt/src/hadoop-ozone/integration-test/../../hadoop-common-project/hadoop-common/target/native/target/usr/local/lib:/usr/java/packages/lib/amd64:/usr/lib64:/lib64:/lib:/usr/lib"/>
    <property name="java.vm.info" value="mixed mode"/>
    <property name="java.vendor" value="IcedTea"/>
    <property name="java.vm.version" value="25.212-b04"/>
    <property name="java.ext.dirs" value="/usr/lib/jvm/java-1.8-openjdk/jre/lib/ext:/usr/java/packages/lib/ext"/>
    <property name="sun.io.unicode.encoding" value="UnicodeLittle"/>
    <property name="java.class.version" value="52.0"/>
  </properties>
  <testcase name="testPipelineFail" classname="org.apache.hadoop.hdds.scm.pipeline.TestNodeFailure" time="0">
    <skipped/>
    <system-out><![CDATA[2019-06-15 12:52:31,693 WARN  server.ServerUtils (ServerUtils.java:getScmDbDir(145)) - ozone.scm.db.dirs is not configured. We recommend adding this setting. Falling back to ozone.metadata.dirs instead.
2019-06-15 12:52:31,780 WARN  server.ServerUtils (ServerUtils.java:getScmDbDir(145)) - ozone.scm.db.dirs is not configured. We recommend adding this setting. Falling back to ozone.metadata.dirs instead.
2019-06-15 12:52:31,784 WARN  server.ServerUtils (ServerUtils.java:getScmDbDir(145)) - ozone.scm.db.dirs is not configured. We recommend adding this setting. Falling back to ozone.metadata.dirs instead.
2019-06-15 12:52:31,801 INFO  util.log (Log.java:initialized(192)) - Logging initialized @844ms
2019-06-15 12:52:31,903 INFO  db.DBStoreBuilder (DBStoreBuilder.java:addTable(110)) - using custom profile for table: deletedBlocks
2019-06-15 12:52:31,903 INFO  db.DBStoreBuilder (DBStoreBuilder.java:processTables(161)) - Using default column profile:DBProfile.DISK for Table:deletedBlocks
2019-06-15 12:52:31,903 INFO  db.DBStoreBuilder (DBStoreBuilder.java:addTable(110)) - using custom profile for table: validCerts
2019-06-15 12:52:31,904 INFO  db.DBStoreBuilder (DBStoreBuilder.java:processTables(161)) - Using default column profile:DBProfile.DISK for Table:validCerts
2019-06-15 12:52:31,904 INFO  db.DBStoreBuilder (DBStoreBuilder.java:addTable(110)) - using custom profile for table: revokedCerts
2019-06-15 12:52:31,904 INFO  db.DBStoreBuilder (DBStoreBuilder.java:processTables(161)) - Using default column profile:DBProfile.DISK for Table:revokedCerts
2019-06-15 12:52:31,918 INFO  db.DBStoreBuilder (DBStoreBuilder.java:addTable(110)) - using custom profile for table: default
2019-06-15 12:52:31,918 INFO  db.DBStoreBuilder (DBStoreBuilder.java:processTables(167)) - Using default column profile:DBProfile.DISK for Table:default
2019-06-15 12:52:31,920 INFO  db.DBStoreBuilder (DBStoreBuilder.java:getDbProfile(198)) - Using default options. DBProfile.DISK
2019-06-15 12:52:31,997 INFO  net.NodeSchemaLoader (NodeSchemaLoader.java:loadSchemaFromFile(125)) - Loading file from sun.misc.CompoundEnumeration@27ce24aa
2019-06-15 12:52:31,999 INFO  net.NodeSchemaLoader (NodeSchemaLoader.java:loadSchema(171)) - Loading network topology layer schema file
2019-06-15 12:52:32,078 INFO  node.SCMNodeManager (SCMNodeManager.java:<init>(119)) - Entering startup safe mode.
2019-06-15 12:52:32,167 WARN  server.ServerUtils (ServerUtils.java:getScmDbDir(145)) - ozone.scm.db.dirs is not configured. We recommend adding this setting. Falling back to ozone.metadata.dirs instead.
2019-06-15 12:52:32,193 INFO  pipeline.SCMPipelineManager (SCMPipelineManager.java:initializePipelineState(126)) - No pipeline exists in current db
2019-06-15 12:52:32,197 WARN  server.ServerUtils (ServerUtils.java:getScmDbDir(145)) - ozone.scm.db.dirs is not configured. We recommend adding this setting. Falling back to ozone.metadata.dirs instead.
2019-06-15 12:52:32,259 WARN  events.EventQueue (EventQueue.java:fireEvent(175)) - No event handler registered for event TypedEvent{payloadType=SafeModeStatus, name='SafeModeStatus'}
2019-06-15 12:52:32,593 INFO  ipc.CallQueueManager (CallQueueManager.java:<init>(84)) - Using callQueue: class java.util.concurrent.LinkedBlockingQueue, queueCapacity: 2000, scheduler: class org.apache.hadoop.ipc.DefaultRpcScheduler, ipcBackoff: false.
2019-06-15 12:52:32,618 INFO  ipc.Server (Server.java:run(1074)) - Starting Socket Reader #1 for port 40053
2019-06-15 12:52:32,646 INFO  ipc.CallQueueManager (CallQueueManager.java:<init>(84)) - Using callQueue: class java.util.concurrent.LinkedBlockingQueue, queueCapacity: 2000, scheduler: class org.apache.hadoop.ipc.DefaultRpcScheduler, ipcBackoff: false.
2019-06-15 12:52:32,647 INFO  ipc.Server (Server.java:run(1074)) - Starting Socket Reader #1 for port 39299
2019-06-15 12:52:32,727 INFO  ipc.CallQueueManager (CallQueueManager.java:<init>(84)) - Using callQueue: class java.util.concurrent.LinkedBlockingQueue, queueCapacity: 2000, scheduler: class org.apache.hadoop.ipc.DefaultRpcScheduler, ipcBackoff: false.
2019-06-15 12:52:32,730 INFO  ipc.Server (Server.java:run(1074)) - Starting Socket Reader #1 for port 43461
2019-06-15 12:52:32,754 INFO  hdfs.DFSUtil (DFSUtil.java:httpServerTemplateForNNAndJN(1641)) - Starting Web-server for scm at: http://0.0.0.0:0
2019-06-15 12:52:32,909 INFO  server.AuthenticationFilter (AuthenticationFilter.java:constructSecretProvider(240)) - Unable to initialize FileSignerSecretProvider, falling back to use random secrets.
2019-06-15 12:52:32,917 WARN  http.HttpRequestLog (HttpRequestLog.java:getRequestLog(97)) - Jetty request log can only be enabled using Log4j
2019-06-15 12:52:32,929 INFO  http.HttpServer2 (HttpServer2.java:addGlobalFilter(975)) - Added global filter 'safety' (class=org.apache.hadoop.http.HttpServer2$QuotingInputFilter)
2019-06-15 12:52:32,935 INFO  http.HttpServer2 (HttpServer2.java:addFilter(948)) - Added filter static_user_filter (class=org.apache.hadoop.http.lib.StaticUserWebFilter$StaticUserFilter) to context scm
2019-06-15 12:52:32,935 INFO  http.HttpServer2 (HttpServer2.java:addFilter(958)) - Added filter static_user_filter (class=org.apache.hadoop.http.lib.StaticUserWebFilter$StaticUserFilter) to context logs
2019-06-15 12:52:32,935 INFO  http.HttpServer2 (HttpServer2.java:addFilter(958)) - Added filter static_user_filter (class=org.apache.hadoop.http.lib.StaticUserWebFilter$StaticUserFilter) to context static
2019-06-15 12:52:32,980 INFO  server.StorageContainerManager (StorageContainerManager.java:start(753)) - StorageContainerLocationProtocol RPC server is listening at /0.0.0.0:43461
2019-06-15 12:52:33,049 WARN  impl.MetricsConfig (MetricsConfig.java:loadFirst(134)) - Cannot locate configuration: tried hadoop-metrics2-storagecontainermanager.properties,hadoop-metrics2.properties
2019-06-15 12:52:33,063 INFO  impl.MetricsSystemImpl (MetricsSystemImpl.java:startTimer(374)) - Scheduled Metric snapshot period at 10 second(s).
2019-06-15 12:52:33,063 INFO  impl.MetricsSystemImpl (MetricsSystemImpl.java:start(191)) - StorageContainerManager metrics system started
2019-06-15 12:52:33,246 INFO  server.SCMClientProtocolServer (SCMClientProtocolServer.java:start(149)) - RPC server for Client  is listening at /0.0.0.0:43461
2019-06-15 12:52:33,250 INFO  ipc.Server (Server.java:run(1314)) - IPC Server Responder: starting
2019-06-15 12:52:33,250 INFO  ipc.Server (Server.java:run(1153)) - IPC Server listener on 43461: starting
2019-06-15 12:52:33,252 INFO  server.StorageContainerManager (StorageContainerManager.java:start(762)) - ScmBlockLocationProtocol RPC server is listening at /0.0.0.0:39299
2019-06-15 12:52:33,252 INFO  server.SCMBlockProtocolServer (SCMBlockProtocolServer.java:start(137)) - RPC server for Block Protocol is listening at /0.0.0.0:39299
2019-06-15 12:52:33,253 INFO  ipc.Server (Server.java:run(1314)) - IPC Server Responder: starting
2019-06-15 12:52:33,253 INFO  ipc.Server (Server.java:run(1153)) - IPC Server listener on 39299: starting
2019-06-15 12:52:33,254 INFO  server.StorageContainerManager (StorageContainerManager.java:start(766)) - ScmDatanodeProtocl RPC server is listening at /0.0.0.0:40053
2019-06-15 12:52:33,254 INFO  server.SCMDatanodeProtocolServer (SCMDatanodeProtocolServer.java:start(191)) - RPC server for DataNodes is listening at /0.0.0.0:40053
2019-06-15 12:52:33,255 INFO  ipc.Server (Server.java:run(1314)) - IPC Server Responder: starting
2019-06-15 12:52:33,255 INFO  ipc.Server (Server.java:run(1153)) - IPC Server listener on 40053: starting
2019-06-15 12:52:33,258 INFO  http.HttpServer2 (HttpServer2.java:bindListener(1191)) - Jetty bound to port 46517
2019-06-15 12:52:33,259 INFO  server.Server (Server.java:doStart(351)) - jetty-9.3.24.v20180605, build timestamp: 2018-06-05T17:11:56Z, git hash: 84205aa28f11a4f31f2a3b86d1bba2cc8ab69827
2019-06-15 12:52:33,291 INFO  handler.ContextHandler (ContextHandler.java:doStart(781)) - Started o.e.j.s.ServletContextHandler@16c63f5{/logs,file:///opt/src/hadoop-ozone/integration-test/target/log,AVAILABLE}
2019-06-15 12:52:33,292 INFO  handler.ContextHandler (ContextHandler.java:doStart(781)) - Started o.e.j.s.ServletContextHandler@6d3c5255{/static,file:///opt/src/hadoop-ozone/integration-test/target/test-classes/webapps/static,AVAILABLE}
2019-06-15 12:52:33,316 INFO  handler.ContextHandler (ContextHandler.java:doStart(781)) - Started o.e.j.w.WebAppContext@2b62442c{/,file:///opt/src/hadoop-ozone/integration-test/target/test-classes/webapps/scm/,AVAILABLE}{/scm}
2019-06-15 12:52:33,320 INFO  server.AbstractConnector (AbstractConnector.java:doStart(278)) - Started ServerConnector@6e521c1e{HTTP/1.1,[http/1.1]}{0.0.0.0:46517}
2019-06-15 12:52:33,321 INFO  server.Server (Server.java:doStart(419)) - Started @2363ms
2019-06-15 12:52:33,323 INFO  server.BaseHttpServer (BaseHttpServer.java:updateConnectorAddress(207)) - HTTP server of SCM is listening at http://0.0.0.0:46517
2019-06-15 12:52:33,339 WARN  scm.ScmUtils (ScmUtils.java:getDBPath(63)) - ozone.om.db.dirs is not configured. We recommend adding this setting. Falling back to ozone.metadata.dirs instead.
2019-06-15 12:52:33,340 INFO  util.JvmPauseMonitor (JvmPauseMonitor.java:run(188)) - Starting JVM pause monitor
2019-06-15 12:52:33,401 WARN  scm.ScmUtils (ScmUtils.java:getDBPath(63)) - ozone.om.db.dirs is not configured. We recommend adding this setting. Falling back to ozone.metadata.dirs instead.
2019-06-15 12:52:33,402 INFO  om.OzoneManager (OzoneManager.java:setOMNodeDetails(532)) - OM Service ID is not set. Setting it to the default ID: omServiceIdDefault
2019-06-15 12:52:33,402 INFO  om.OzoneManager (OzoneManager.java:setOMNodeDetails(538)) - OM Node ID is not set. Setting it to the OmStorage's OmID: 1b84691c-bbbf-4764-b4a8-36f8da3c8f33
2019-06-15 12:52:33,404 WARN  scm.HddsServerUtil (HddsServerUtil.java:getDefaultRatisDirectory(354)) - Storage directory for Ratis is not configured. It is a good idea to map this to an SSD disk. Falling back to ozone.metadata.dirs
2019-06-15 12:52:33,404 WARN  scm.HddsServerUtil (HddsServerUtil.java:getDefaultRatisDirectory(354)) - Storage directory for Ratis is not configured. It is a good idea to map this to an SSD disk. Falling back to ozone.metadata.dirs
2019-06-15 12:52:33,404 INFO  om.OzoneManager (OzoneManager.java:loadOMHAConfigs(489)) - Found matching OM address with OMServiceId: null, OMNodeId: null, RPC Address: localhost:0 and Ratis port: 9872
2019-06-15 12:52:33,560 WARN  scm.ScmUtils (ScmUtils.java:getDBPath(63)) - ozone.om.db.dirs is not configured. We recommend adding this setting. Falling back to ozone.metadata.dirs instead.
2019-06-15 12:52:33,565 INFO  db.DBStoreBuilder (DBStoreBuilder.java:addTable(110)) - using custom profile for table: userTable
2019-06-15 12:52:33,565 INFO  db.DBStoreBuilder (DBStoreBuilder.java:processTables(161)) - Using default column profile:DBProfile.DISK for Table:userTable
2019-06-15 12:52:33,565 INFO  db.DBStoreBuilder (DBStoreBuilder.java:addTable(110)) - using custom profile for table: volumeTable
2019-06-15 12:52:33,565 INFO  db.DBStoreBuilder (DBStoreBuilder.java:processTables(161)) - Using default column profile:DBProfile.DISK for Table:volumeTable
2019-06-15 12:52:33,565 INFO  db.DBStoreBuilder (DBStoreBuilder.java:addTable(110)) - using custom profile for table: bucketTable
2019-06-15 12:52:33,566 INFO  db.DBStoreBuilder (DBStoreBuilder.java:processTables(161)) - Using default column profile:DBProfile.DISK for Table:bucketTable
2019-06-15 12:52:33,566 INFO  db.DBStoreBuilder (DBStoreBuilder.java:addTable(110)) - using custom profile for table: keyTable
2019-06-15 12:52:33,566 INFO  db.DBStoreBuilder (DBStoreBuilder.java:processTables(161)) - Using default column profile:DBProfile.DISK for Table:keyTable
2019-06-15 12:52:33,567 INFO  db.DBStoreBuilder (DBStoreBuilder.java:addTable(110)) - using custom profile for table: deletedTable
2019-06-15 12:52:33,567 INFO  db.DBStoreBuilder (DBStoreBuilder.java:processTables(161)) - Using default column profile:DBProfile.DISK for Table:deletedTable
2019-06-15 12:52:33,567 INFO  db.DBStoreBuilder (DBStoreBuilder.java:addTable(110)) - using custom profile for table: openKeyTable
2019-06-15 12:52:33,567 INFO  db.DBStoreBuilder (DBStoreBuilder.java:processTables(161)) - Using default column profile:DBProfile.DISK for Table:openKeyTable
2019-06-15 12:52:33,568 INFO  db.DBStoreBuilder (DBStoreBuilder.java:addTable(110)) - using custom profile for table: s3Table
2019-06-15 12:52:33,568 INFO  db.DBStoreBuilder (DBStoreBuilder.java:processTables(161)) - Using default column profile:DBProfile.DISK for Table:s3Table
2019-06-15 12:52:33,568 INFO  db.DBStoreBuilder (DBStoreBuilder.java:addTable(110)) - using custom profile for table: multipartInfoTable
2019-06-15 12:52:33,568 INFO  db.DBStoreBuilder (DBStoreBuilder.java:processTables(161)) - Using default column profile:DBProfile.DISK for Table:multipartInfoTable
2019-06-15 12:52:33,568 INFO  db.DBStoreBuilder (DBStoreBuilder.java:addTable(110)) - using custom profile for table: dTokenTable
2019-06-15 12:52:33,569 INFO  db.DBStoreBuilder (DBStoreBuilder.java:processTables(161)) - Using default column profile:DBProfile.DISK for Table:dTokenTable
2019-06-15 12:52:33,569 INFO  db.DBStoreBuilder (DBStoreBuilder.java:addTable(110)) - using custom profile for table: s3SecretTable
2019-06-15 12:52:33,569 INFO  db.DBStoreBuilder (DBStoreBuilder.java:processTables(161)) - Using default column profile:DBProfile.DISK for Table:s3SecretTable
2019-06-15 12:52:33,569 INFO  db.DBStoreBuilder (DBStoreBuilder.java:addTable(110)) - using custom profile for table: prefixTable
2019-06-15 12:52:33,570 INFO  db.DBStoreBuilder (DBStoreBuilder.java:processTables(161)) - Using default column profile:DBProfile.DISK for Table:prefixTable
2019-06-15 12:52:33,570 INFO  db.DBStoreBuilder (DBStoreBuilder.java:addTable(110)) - using custom profile for table: default
2019-06-15 12:52:33,570 INFO  db.DBStoreBuilder (DBStoreBuilder.java:processTables(167)) - Using default column profile:DBProfile.DISK for Table:default
2019-06-15 12:52:33,570 INFO  db.DBStoreBuilder (DBStoreBuilder.java:getDbProfile(198)) - Using default options. DBProfile.DISK
2019-06-15 12:52:34,160 INFO  ipc.CallQueueManager (CallQueueManager.java:<init>(84)) - Using callQueue: class java.util.concurrent.LinkedBlockingQueue, queueCapacity: 2000, scheduler: class org.apache.hadoop.ipc.DefaultRpcScheduler, ipcBackoff: false.
2019-06-15 12:52:34,164 INFO  ipc.Server (Server.java:run(1074)) - Starting Socket Reader #1 for port 46607
2019-06-15 12:52:34,202 WARN  scm.ScmUtils (ScmUtils.java:getDBPath(63)) - ozone.om.db.dirs is not configured. We recommend adding this setting. Falling back to ozone.metadata.dirs instead.
2019-06-15 12:52:34,203 INFO  om.OzoneManager (OzoneManager.java:start(1230)) - OzoneManager RPC server is listening at localhost/127.0.0.1:46607
2019-06-15 12:52:34,203 INFO  impl.MetricsSystemImpl (MetricsSystemImpl.java:init(158)) - OzoneManager metrics system started (again)
2019-06-15 12:52:34,222 INFO  ipc.Server (Server.java:run(1314)) - IPC Server Responder: starting
2019-06-15 12:52:34,226 INFO  ipc.Server (Server.java:run(1153)) - IPC Server listener on 46607: starting
2019-06-15 12:52:34,261 INFO  hdfs.DFSUtil (DFSUtil.java:httpServerTemplateForNNAndJN(1641)) - Starting Web-server for ozoneManager at: http://0.0.0.0:0
2019-06-15 12:52:34,262 INFO  server.AuthenticationFilter (AuthenticationFilter.java:constructSecretProvider(240)) - Unable to initialize FileSignerSecretProvider, falling back to use random secrets.
2019-06-15 12:52:34,271 WARN  http.HttpRequestLog (HttpRequestLog.java:getRequestLog(97)) - Jetty request log can only be enabled using Log4j
2019-06-15 12:52:34,273 INFO  http.HttpServer2 (HttpServer2.java:addGlobalFilter(975)) - Added global filter 'safety' (class=org.apache.hadoop.http.HttpServer2$QuotingInputFilter)
2019-06-15 12:52:34,275 INFO  http.HttpServer2 (HttpServer2.java:addFilter(948)) - Added filter static_user_filter (class=org.apache.hadoop.http.lib.StaticUserWebFilter$StaticUserFilter) to context ozoneManager
2019-06-15 12:52:34,276 INFO  http.HttpServer2 (HttpServer2.java:addFilter(958)) - Added filter static_user_filter (class=org.apache.hadoop.http.lib.StaticUserWebFilter$StaticUserFilter) to context logs
2019-06-15 12:52:34,276 INFO  http.HttpServer2 (HttpServer2.java:addFilter(958)) - Added filter static_user_filter (class=org.apache.hadoop.http.lib.StaticUserWebFilter$StaticUserFilter) to context static
2019-06-15 12:52:34,279 INFO  http.HttpServer2 (HttpServer2.java:bindListener(1191)) - Jetty bound to port 36599
2019-06-15 12:52:34,279 INFO  server.Server (Server.java:doStart(351)) - jetty-9.3.24.v20180605, build timestamp: 2018-06-05T17:11:56Z, git hash: 84205aa28f11a4f31f2a3b86d1bba2cc8ab69827
2019-06-15 12:52:34,295 INFO  handler.ContextHandler (ContextHandler.java:doStart(781)) - Started o.e.j.s.ServletContextHandler@3d7fa3ae{/logs,file:///opt/src/hadoop-ozone/integration-test/target/log,AVAILABLE}
2019-06-15 12:52:34,297 INFO  handler.ContextHandler (ContextHandler.java:doStart(781)) - Started o.e.j.s.ServletContextHandler@3605c4d3{/static,file:///opt/src/hadoop-ozone/integration-test/target/test-classes/webapps/static,AVAILABLE}
2019-06-15 12:52:34,303 INFO  handler.ContextHandler (ContextHandler.java:doStart(781)) - Started o.e.j.w.WebAppContext@7b60c3e{/,file:///opt/src/hadoop-ozone/integration-test/target/test-classes/webapps/ozoneManager/,AVAILABLE}{/ozoneManager}
2019-06-15 12:52:34,304 INFO  server.AbstractConnector (AbstractConnector.java:doStart(278)) - Started ServerConnector@3fbfa96{HTTP/1.1,[http/1.1]}{0.0.0.0:36599}
2019-06-15 12:52:34,304 INFO  server.Server (Server.java:doStart(419)) - Started @3347ms
2019-06-15 12:52:34,305 INFO  server.BaseHttpServer (BaseHttpServer.java:updateConnectorAddress(207)) - HTTP server of OZONEMANAGER is listening at http://0.0.0.0:36599
2019-06-15 12:52:34,516 INFO  impl.MetricsSystemImpl (MetricsSystemImpl.java:init(158)) - HddsDatanode metrics system started (again)
2019-06-15 12:52:34,725 INFO  ozone.HddsDatanodeService (HddsDatanodeService.java:start(185)) - HddsDatanodeService host:ozone-unit-076618677d3-6whwr-2921122196 ip:192.168.134.101
2019-06-15 12:52:34,757 INFO  volume.HddsVolume (HddsVolume.java:<init>(176)) - Creating Volume: /opt/src/hadoop-ozone/integration-test/target/test-dir/MiniOzoneClusterImpl-997ea152-f140-49c4-a1de-3dc5f78ba7e1/datanode-0/data/containers/hdds of  storage type : DISK and capacity : 104021790720
2019-06-15 12:52:34,758 INFO  volume.VolumeSet (VolumeSet.java:initializeVolumeSet(170)) - Added Volume : /opt/src/hadoop-ozone/integration-test/target/test-dir/MiniOzoneClusterImpl-997ea152-f140-49c4-a1de-3dc5f78ba7e1/datanode-0/data/containers/hdds to VolumeSet
2019-06-15 12:52:34,761 INFO  volume.ThrottledAsyncChecker (ThrottledAsyncChecker.java:schedule(140)) - Scheduling a check for org.apache.hadoop.ozone.container.common.volume.HddsVolume@5fb7183b
2019-06-15 12:52:34,801 INFO  volume.HddsVolumeChecker (HddsVolumeChecker.java:checkAllVolumes(203)) - Scheduled health check for volume org.apache.hadoop.ozone.container.common.volume.HddsVolume@5fb7183b
2019-06-15 12:52:34,845 INFO  ratis.XceiverServerRatis (XceiverServerRatis.java:newXceiverServerRatis(401)) - Found a free port for the server : 40761
2019-06-15 12:52:34,917 INFO  impl.RaftServerProxy (ConfUtils.java:logGet(43)) - raft.rpc.type = GRPC (default)
2019-06-15 12:52:34,927 INFO  grpc.GrpcConfigKeys$Server (ConfUtils.java:logGet(43)) - raft.grpc.server.port = 40761 (custom)
2019-06-15 12:52:34,928 INFO  server.GrpcService (ConfUtils.java:logGet(43)) - raft.grpc.message.size.max = 33570816 (custom)
2019-06-15 12:52:34,929 INFO  server.RaftServerConfigKeys (ConfUtils.java:logGet(43)) - raft.server.log.appender.buffer.byte-limit = 33554432 (custom)
2019-06-15 12:52:34,930 INFO  server.GrpcService (ConfUtils.java:logGet(43)) - raft.grpc.flow.control.window = 1MB (=1048576) (default)
2019-06-15 12:52:34,930 INFO  server.RaftServerConfigKeys (ConfUtils.java:logGet(43)) - raft.server.rpc.request.timeout = 3000ms (default)
2019-06-15 12:52:35,127 INFO  server.RaftServerConfigKeys (ConfUtils.java:logGet(43)) - raft.server.storage.dir = [/opt/src/hadoop-ozone/integration-test/target/test-dir/MiniOzoneClusterImpl-997ea152-f140-49c4-a1de-3dc5f78ba7e1/datanode-0/data/ratis] (custom)
2019-06-15 12:52:35,138 INFO  server.XceiverServerGrpc (XceiverServerGrpc.java:<init>(97)) - Found a free port for the server : 33725
2019-06-15 12:52:35,170 INFO  replication.SimpleContainerDownloader (SimpleContainerDownloader.java:<init>(72)) - Starting container downloader service to copy containers to replicate.
2019-06-15 12:52:35,196 INFO  hdfs.DFSUtil (DFSUtil.java:httpServerTemplateForNNAndJN(1641)) - Starting Web-server for hddsDatanode at: http://0.0.0.0:0
2019-06-15 12:52:35,198 INFO  server.AuthenticationFilter (AuthenticationFilter.java:constructSecretProvider(240)) - Unable to initialize FileSignerSecretProvider, falling back to use random secrets.
2019-06-15 12:52:35,199 WARN  http.HttpRequestLog (HttpRequestLog.java:getRequestLog(97)) - Jetty request log can only be enabled using Log4j
2019-06-15 12:52:35,201 INFO  http.HttpServer2 (HttpServer2.java:addGlobalFilter(975)) - Added global filter 'safety' (class=org.apache.hadoop.http.HttpServer2$QuotingInputFilter)
2019-06-15 12:52:35,202 INFO  http.HttpServer2 (HttpServer2.java:addFilter(948)) - Added filter static_user_filter (class=org.apache.hadoop.http.lib.StaticUserWebFilter$StaticUserFilter) to context hddsDatanode
2019-06-15 12:52:35,202 INFO  http.HttpServer2 (HttpServer2.java:addFilter(958)) - Added filter static_user_filter (class=org.apache.hadoop.http.lib.StaticUserWebFilter$StaticUserFilter) to context static
2019-06-15 12:52:35,202 INFO  http.HttpServer2 (HttpServer2.java:addFilter(958)) - Added filter static_user_filter (class=org.apache.hadoop.http.lib.StaticUserWebFilter$StaticUserFilter) to context logs
2019-06-15 12:52:35,203 INFO  http.HttpServer2 (HttpServer2.java:bindListener(1191)) - Jetty bound to port 38955
2019-06-15 12:52:35,203 INFO  server.Server (Server.java:doStart(351)) - jetty-9.3.24.v20180605, build timestamp: 2018-06-05T17:11:56Z, git hash: 84205aa28f11a4f31f2a3b86d1bba2cc8ab69827
2019-06-15 12:52:35,208 INFO  handler.ContextHandler (ContextHandler.java:doStart(781)) - Started o.e.j.s.ServletContextHandler@4cdb8504{/logs,file:///opt/src/hadoop-ozone/integration-test/target/log,AVAILABLE}
2019-06-15 12:52:35,209 INFO  handler.ContextHandler (ContextHandler.java:doStart(781)) - Started o.e.j.s.ServletContextHandler@10358c32{/static,jar:file:/home/user/.m2/repository/org/apache/hadoop/hadoop-hdds-container-service/0.5.0-SNAPSHOT/hadoop-hdds-container-service-0.5.0-SNAPSHOT.jar!/webapps/static,AVAILABLE}
2019-06-15 12:52:35,288 INFO  handler.ContextHandler (ContextHandler.java:doStart(781)) - Started o.e.j.w.WebAppContext@53830483{/,file:///tmp/jetty-0.0.0.0-38955-hddsDatanode-_-any-7648209183040375648.dir/webapp/,AVAILABLE}{/hddsDatanode}
2019-06-15 12:52:35,289 INFO  server.AbstractConnector (AbstractConnector.java:doStart(278)) - Started ServerConnector@3fc5cf1c{HTTP/1.1,[http/1.1]}{0.0.0.0:38955}
2019-06-15 12:52:35,290 INFO  server.Server (Server.java:doStart(419)) - Started @4332ms
2019-06-15 12:52:35,295 INFO  server.BaseHttpServer (BaseHttpServer.java:updateConnectorAddress(207)) - HTTP server of HDDSDATANODE is listening at http://0.0.0.0:38955
2019-06-15 12:52:36,288 INFO  ozone.HddsDatanodeService (HddsDatanodeService.java:startPlugins(396)) - Started plug-in org.apache.hadoop.ozone.web.OzoneHddsDatanodeService@469a7575
2019-06-15 12:52:36,294 INFO  impl.MetricsSystemImpl (MetricsSystemImpl.java:init(158)) - HddsDatanode metrics system started (again)
2019-06-15 12:52:36,294 INFO  ozone.HddsDatanodeService (HddsDatanodeService.java:start(185)) - HddsDatanodeService host:ozone-unit-076618677d3-6whwr-2921122196 ip:192.168.134.101
2019-06-15 12:52:36,304 INFO  util.JvmPauseMonitor (JvmPauseMonitor.java:run(188)) - Starting JVM pause monitor
2019-06-15 12:52:36,314 INFO  volume.HddsVolume (HddsVolume.java:<init>(176)) - Creating Volume: /opt/src/hadoop-ozone/integration-test/target/test-dir/MiniOzoneClusterImpl-997ea152-f140-49c4-a1de-3dc5f78ba7e1/datanode-1/data/containers/hdds of  storage type : DISK and capacity : 104021790720
2019-06-15 12:52:36,314 INFO  volume.VolumeSet (VolumeSet.java:initializeVolumeSet(170)) - Added Volume : /opt/src/hadoop-ozone/integration-test/target/test-dir/MiniOzoneClusterImpl-997ea152-f140-49c4-a1de-3dc5f78ba7e1/datanode-1/data/containers/hdds to VolumeSet
2019-06-15 12:52:36,315 INFO  volume.ThrottledAsyncChecker (ThrottledAsyncChecker.java:schedule(140)) - Scheduling a check for org.apache.hadoop.ozone.container.common.volume.HddsVolume@60f77af
2019-06-15 12:52:36,318 INFO  volume.HddsVolumeChecker (HddsVolumeChecker.java:checkAllVolumes(203)) - Scheduled health check for volume org.apache.hadoop.ozone.container.common.volume.HddsVolume@60f77af
2019-06-15 12:52:36,331 INFO  ratis.XceiverServerRatis (XceiverServerRatis.java:newXceiverServerRatis(401)) - Found a free port for the server : 37567
2019-06-15 12:52:36,332 INFO  impl.RaftServerProxy (ConfUtils.java:logGet(43)) - raft.rpc.type = GRPC (default)
2019-06-15 12:52:36,333 INFO  grpc.GrpcConfigKeys$Server (ConfUtils.java:logGet(43)) - raft.grpc.server.port = 37567 (custom)
2019-06-15 12:52:36,333 INFO  server.GrpcService (ConfUtils.java:logGet(43)) - raft.grpc.message.size.max = 33570816 (custom)
2019-06-15 12:52:36,333 INFO  server.RaftServerConfigKeys (ConfUtils.java:logGet(43)) - raft.server.log.appender.buffer.byte-limit = 33554432 (custom)
2019-06-15 12:52:36,333 INFO  server.GrpcService (ConfUtils.java:logGet(43)) - raft.grpc.flow.control.window = 1MB (=1048576) (default)
2019-06-15 12:52:36,334 INFO  server.RaftServerConfigKeys (ConfUtils.java:logGet(43)) - raft.server.rpc.request.timeout = 3000ms (default)
2019-06-15 12:52:36,334 INFO  server.RaftServerConfigKeys (ConfUtils.java:logGet(43)) - raft.server.storage.dir = [/opt/src/hadoop-ozone/integration-test/target/test-dir/MiniOzoneClusterImpl-997ea152-f140-49c4-a1de-3dc5f78ba7e1/datanode-1/data/ratis] (custom)
2019-06-15 12:52:36,335 INFO  server.XceiverServerGrpc (XceiverServerGrpc.java:<init>(97)) - Found a free port for the server : 44801
2019-06-15 12:52:36,335 INFO  replication.SimpleContainerDownloader (SimpleContainerDownloader.java:<init>(72)) - Starting container downloader service to copy containers to replicate.
2019-06-15 12:52:36,336 INFO  hdfs.DFSUtil (DFSUtil.java:httpServerTemplateForNNAndJN(1641)) - Starting Web-server for hddsDatanode at: http://0.0.0.0:0
2019-06-15 12:52:36,337 INFO  server.AuthenticationFilter (AuthenticationFilter.java:constructSecretProvider(240)) - Unable to initialize FileSignerSecretProvider, falling back to use random secrets.
2019-06-15 12:52:36,341 WARN  http.HttpRequestLog (HttpRequestLog.java:getRequestLog(97)) - Jetty request log can only be enabled using Log4j
2019-06-15 12:52:36,343 INFO  http.HttpServer2 (HttpServer2.java:addGlobalFilter(975)) - Added global filter 'safety' (class=org.apache.hadoop.http.HttpServer2$QuotingInputFilter)
2019-06-15 12:52:36,343 INFO  http.HttpServer2 (HttpServer2.java:addFilter(948)) - Added filter static_user_filter (class=org.apache.hadoop.http.lib.StaticUserWebFilter$StaticUserFilter) to context hddsDatanode
2019-06-15 12:52:36,343 INFO  http.HttpServer2 (HttpServer2.java:addFilter(958)) - Added filter static_user_filter (class=org.apache.hadoop.http.lib.StaticUserWebFilter$StaticUserFilter) to context static
2019-06-15 12:52:36,344 INFO  http.HttpServer2 (HttpServer2.java:addFilter(958)) - Added filter static_user_filter (class=org.apache.hadoop.http.lib.StaticUserWebFilter$StaticUserFilter) to context logs
2019-06-15 12:52:36,345 INFO  http.HttpServer2 (HttpServer2.java:bindListener(1191)) - Jetty bound to port 37843
2019-06-15 12:52:36,345 INFO  server.Server (Server.java:doStart(351)) - jetty-9.3.24.v20180605, build timestamp: 2018-06-05T17:11:56Z, git hash: 84205aa28f11a4f31f2a3b86d1bba2cc8ab69827
2019-06-15 12:52:36,348 INFO  handler.ContextHandler (ContextHandler.java:doStart(781)) - Started o.e.j.s.ServletContextHandler@2ac519dc{/logs,file:///opt/src/hadoop-ozone/integration-test/target/log,AVAILABLE}
2019-06-15 12:52:36,348 INFO  handler.ContextHandler (ContextHandler.java:doStart(781)) - Started o.e.j.s.ServletContextHandler@1de4bee0{/static,jar:file:/home/user/.m2/repository/org/apache/hadoop/hadoop-hdds-container-service/0.5.0-SNAPSHOT/hadoop-hdds-container-service-0.5.0-SNAPSHOT.jar!/webapps/static,AVAILABLE}
2019-06-15 12:52:36,396 INFO  handler.ContextHandler (ContextHandler.java:doStart(781)) - Started o.e.j.w.WebAppContext@648c5fb3{/,file:///tmp/jetty-0.0.0.0-37843-hddsDatanode-_-any-2622969006452263667.dir/webapp/,AVAILABLE}{/hddsDatanode}
2019-06-15 12:52:36,400 INFO  server.AbstractConnector (AbstractConnector.java:doStart(278)) - Started ServerConnector@1aaf64b9{HTTP/1.1,[http/1.1]}{0.0.0.0:37843}
2019-06-15 12:52:36,402 INFO  datanode.InitDatanodeState (InitDatanodeState.java:persistContainerDatanodeDetails(140)) - DatanodeDetails is persisted to /opt/src/hadoop-ozone/integration-test/target/test-dir/MiniOzoneClusterImpl-997ea152-f140-49c4-a1de-3dc5f78ba7e1/datanode-0/meta/datanode.id
2019-06-15 12:52:36,406 INFO  server.Server (Server.java:doStart(419)) - Started @5443ms
2019-06-15 12:52:36,407 INFO  server.BaseHttpServer (BaseHttpServer.java:updateConnectorAddress(207)) - HTTP server of HDDSDATANODE is listening at http://0.0.0.0:37843
2019-06-15 12:52:36,543 INFO  ozone.HddsDatanodeService (HddsDatanodeService.java:startPlugins(396)) - Started plug-in org.apache.hadoop.ozone.web.OzoneHddsDatanodeService@3d2f3dcb
2019-06-15 12:52:36,543 INFO  impl.MetricsSystemImpl (MetricsSystemImpl.java:init(158)) - HddsDatanode metrics system started (again)
2019-06-15 12:52:36,543 INFO  ozone.HddsDatanodeService (HddsDatanodeService.java:start(185)) - HddsDatanodeService host:ozone-unit-076618677d3-6whwr-2921122196 ip:192.168.134.101
2019-06-15 12:52:36,562 INFO  util.JvmPauseMonitor (JvmPauseMonitor.java:run(188)) - Starting JVM pause monitor
2019-06-15 12:52:36,561 INFO  datanode.InitDatanodeState (InitDatanodeState.java:persistContainerDatanodeDetails(140)) - DatanodeDetails is persisted to /opt/src/hadoop-ozone/integration-test/target/test-dir/MiniOzoneClusterImpl-997ea152-f140-49c4-a1de-3dc5f78ba7e1/datanode-1/meta/datanode.id
2019-06-15 12:52:36,576 INFO  volume.HddsVolume (HddsVolume.java:<init>(176)) - Creating Volume: /opt/src/hadoop-ozone/integration-test/target/test-dir/MiniOzoneClusterImpl-997ea152-f140-49c4-a1de-3dc5f78ba7e1/datanode-2/data/containers/hdds of  storage type : DISK and capacity : 104021790720
2019-06-15 12:52:36,577 INFO  volume.VolumeSet (VolumeSet.java:initializeVolumeSet(170)) - Added Volume : /opt/src/hadoop-ozone/integration-test/target/test-dir/MiniOzoneClusterImpl-997ea152-f140-49c4-a1de-3dc5f78ba7e1/datanode-2/data/containers/hdds to VolumeSet
2019-06-15 12:52:36,577 INFO  volume.ThrottledAsyncChecker (ThrottledAsyncChecker.java:schedule(140)) - Scheduling a check for org.apache.hadoop.ozone.container.common.volume.HddsVolume@4d4436d0
2019-06-15 12:52:36,582 INFO  volume.HddsVolumeChecker (HddsVolumeChecker.java:checkAllVolumes(203)) - Scheduled health check for volume org.apache.hadoop.ozone.container.common.volume.HddsVolume@4d4436d0
2019-06-15 12:52:36,595 INFO  ratis.XceiverServerRatis (XceiverServerRatis.java:newXceiverServerRatis(401)) - Found a free port for the server : 39871
2019-06-15 12:52:36,596 INFO  impl.RaftServerProxy (ConfUtils.java:logGet(43)) - raft.rpc.type = GRPC (default)
2019-06-15 12:52:36,597 INFO  grpc.GrpcConfigKeys$Server (ConfUtils.java:logGet(43)) - raft.grpc.server.port = 39871 (custom)
2019-06-15 12:52:36,597 INFO  server.GrpcService (ConfUtils.java:logGet(43)) - raft.grpc.message.size.max = 33570816 (custom)
2019-06-15 12:52:36,597 INFO  server.RaftServerConfigKeys (ConfUtils.java:logGet(43)) - raft.server.log.appender.buffer.byte-limit = 33554432 (custom)
2019-06-15 12:52:36,597 INFO  server.GrpcService (ConfUtils.java:logGet(43)) - raft.grpc.flow.control.window = 1MB (=1048576) (default)
2019-06-15 12:52:36,597 INFO  server.RaftServerConfigKeys (ConfUtils.java:logGet(43)) - raft.server.rpc.request.timeout = 3000ms (default)
2019-06-15 12:52:36,598 INFO  server.RaftServerConfigKeys (ConfUtils.java:logGet(43)) - raft.server.storage.dir = [/opt/src/hadoop-ozone/integration-test/target/test-dir/MiniOzoneClusterImpl-997ea152-f140-49c4-a1de-3dc5f78ba7e1/datanode-2/data/ratis] (custom)
2019-06-15 12:52:36,598 INFO  server.XceiverServerGrpc (XceiverServerGrpc.java:<init>(97)) - Found a free port for the server : 38497
2019-06-15 12:52:36,599 INFO  replication.SimpleContainerDownloader (SimpleContainerDownloader.java:<init>(72)) - Starting container downloader service to copy containers to replicate.
2019-06-15 12:52:36,600 INFO  hdfs.DFSUtil (DFSUtil.java:httpServerTemplateForNNAndJN(1641)) - Starting Web-server for hddsDatanode at: http://0.0.0.0:0
2019-06-15 12:52:36,601 INFO  server.AuthenticationFilter (AuthenticationFilter.java:constructSecretProvider(240)) - Unable to initialize FileSignerSecretProvider, falling back to use random secrets.
2019-06-15 12:52:36,604 WARN  http.HttpRequestLog (HttpRequestLog.java:getRequestLog(97)) - Jetty request log can only be enabled using Log4j
2019-06-15 12:52:36,605 INFO  http.HttpServer2 (HttpServer2.java:addGlobalFilter(975)) - Added global filter 'safety' (class=org.apache.hadoop.http.HttpServer2$QuotingInputFilter)
2019-06-15 12:52:36,606 INFO  http.HttpServer2 (HttpServer2.java:addFilter(948)) - Added filter static_user_filter (class=org.apache.hadoop.http.lib.StaticUserWebFilter$StaticUserFilter) to context hddsDatanode
2019-06-15 12:52:36,606 INFO  http.HttpServer2 (HttpServer2.java:addFilter(958)) - Added filter static_user_filter (class=org.apache.hadoop.http.lib.StaticUserWebFilter$StaticUserFilter) to context logs
2019-06-15 12:52:36,606 INFO  http.HttpServer2 (HttpServer2.java:addFilter(958)) - Added filter static_user_filter (class=org.apache.hadoop.http.lib.StaticUserWebFilter$StaticUserFilter) to context static
2019-06-15 12:52:36,607 INFO  http.HttpServer2 (HttpServer2.java:bindListener(1191)) - Jetty bound to port 35817
2019-06-15 12:52:36,607 INFO  server.Server (Server.java:doStart(351)) - jetty-9.3.24.v20180605, build timestamp: 2018-06-05T17:11:56Z, git hash: 84205aa28f11a4f31f2a3b86d1bba2cc8ab69827
2019-06-15 12:52:36,630 INFO  handler.ContextHandler (ContextHandler.java:doStart(781)) - Started o.e.j.s.ServletContextHandler@49cd946c{/logs,file:///opt/src/hadoop-ozone/integration-test/target/log,AVAILABLE}
2019-06-15 12:52:36,631 INFO  handler.ContextHandler (ContextHandler.java:doStart(781)) - Started o.e.j.s.ServletContextHandler@14d25b6e{/static,jar:file:/home/user/.m2/repository/org/apache/hadoop/hadoop-hdds-container-service/0.5.0-SNAPSHOT/hadoop-hdds-container-service-0.5.0-SNAPSHOT.jar!/webapps/static,AVAILABLE}
2019-06-15 12:52:36,661 INFO  handler.ContextHandler (ContextHandler.java:doStart(781)) - Started o.e.j.w.WebAppContext@6d6bff89{/,file:///tmp/jetty-0.0.0.0-35817-hddsDatanode-_-any-1780322959328617981.dir/webapp/,AVAILABLE}{/hddsDatanode}
2019-06-15 12:52:36,662 INFO  server.AbstractConnector (AbstractConnector.java:doStart(278)) - Started ServerConnector@541bf968{HTTP/1.1,[http/1.1]}{0.0.0.0:35817}
2019-06-15 12:52:36,662 INFO  server.Server (Server.java:doStart(419)) - Started @5705ms
2019-06-15 12:52:36,663 INFO  server.BaseHttpServer (BaseHttpServer.java:updateConnectorAddress(207)) - HTTP server of HDDSDATANODE is listening at http://0.0.0.0:35817
2019-06-15 12:52:36,836 INFO  ozone.HddsDatanodeService (HddsDatanodeService.java:startPlugins(396)) - Started plug-in org.apache.hadoop.ozone.web.OzoneHddsDatanodeService@5bb911c1
2019-06-15 12:52:36,837 INFO  impl.MetricsSystemImpl (MetricsSystemImpl.java:init(158)) - HddsDatanode metrics system started (again)
2019-06-15 12:52:36,838 INFO  ozone.HddsDatanodeService (HddsDatanodeService.java:start(185)) - HddsDatanodeService host:ozone-unit-076618677d3-6whwr-2921122196 ip:192.168.134.101
2019-06-15 12:52:36,846 INFO  util.JvmPauseMonitor (JvmPauseMonitor.java:run(188)) - Starting JVM pause monitor
2019-06-15 12:52:36,855 INFO  datanode.InitDatanodeState (InitDatanodeState.java:persistContainerDatanodeDetails(140)) - DatanodeDetails is persisted to /opt/src/hadoop-ozone/integration-test/target/test-dir/MiniOzoneClusterImpl-997ea152-f140-49c4-a1de-3dc5f78ba7e1/datanode-2/meta/datanode.id
2019-06-15 12:52:36,859 INFO  volume.HddsVolume (HddsVolume.java:<init>(176)) - Creating Volume: /opt/src/hadoop-ozone/integration-test/target/test-dir/MiniOzoneClusterImpl-997ea152-f140-49c4-a1de-3dc5f78ba7e1/datanode-3/data/containers/hdds of  storage type : DISK and capacity : 104021790720
2019-06-15 12:52:36,859 INFO  volume.VolumeSet (VolumeSet.java:initializeVolumeSet(170)) - Added Volume : /opt/src/hadoop-ozone/integration-test/target/test-dir/MiniOzoneClusterImpl-997ea152-f140-49c4-a1de-3dc5f78ba7e1/datanode-3/data/containers/hdds to VolumeSet
2019-06-15 12:52:36,860 INFO  volume.ThrottledAsyncChecker (ThrottledAsyncChecker.java:schedule(140)) - Scheduling a check for org.apache.hadoop.ozone.container.common.volume.HddsVolume@2db15f70
2019-06-15 12:52:36,861 INFO  volume.HddsVolumeChecker (HddsVolumeChecker.java:checkAllVolumes(203)) - Scheduled health check for volume org.apache.hadoop.ozone.container.common.volume.HddsVolume@2db15f70
2019-06-15 12:52:36,877 INFO  ratis.XceiverServerRatis (XceiverServerRatis.java:newXceiverServerRatis(401)) - Found a free port for the server : 46835
2019-06-15 12:52:36,881 INFO  impl.RaftServerProxy (ConfUtils.java:logGet(43)) - raft.rpc.type = GRPC (default)
2019-06-15 12:52:36,881 INFO  grpc.GrpcConfigKeys$Server (ConfUtils.java:logGet(43)) - raft.grpc.server.port = 46835 (custom)
2019-06-15 12:52:36,882 INFO  server.GrpcService (ConfUtils.java:logGet(43)) - raft.grpc.message.size.max = 33570816 (custom)
2019-06-15 12:52:36,882 INFO  server.RaftServerConfigKeys (ConfUtils.java:logGet(43)) - raft.server.log.appender.buffer.byte-limit = 33554432 (custom)
2019-06-15 12:52:36,882 INFO  server.GrpcService (ConfUtils.java:logGet(43)) - raft.grpc.flow.control.window = 1MB (=1048576) (default)
2019-06-15 12:52:36,882 INFO  server.RaftServerConfigKeys (ConfUtils.java:logGet(43)) - raft.server.rpc.request.timeout = 3000ms (default)
2019-06-15 12:52:36,883 INFO  server.RaftServerConfigKeys (ConfUtils.java:logGet(43)) - raft.server.storage.dir = [/opt/src/hadoop-ozone/integration-test/target/test-dir/MiniOzoneClusterImpl-997ea152-f140-49c4-a1de-3dc5f78ba7e1/datanode-3/data/ratis] (custom)
2019-06-15 12:52:36,883 INFO  server.XceiverServerGrpc (XceiverServerGrpc.java:<init>(97)) - Found a free port for the server : 37269
2019-06-15 12:52:36,883 INFO  replication.SimpleContainerDownloader (SimpleContainerDownloader.java:<init>(72)) - Starting container downloader service to copy containers to replicate.
2019-06-15 12:52:36,884 INFO  hdfs.DFSUtil (DFSUtil.java:httpServerTemplateForNNAndJN(1641)) - Starting Web-server for hddsDatanode at: http://0.0.0.0:0
2019-06-15 12:52:36,885 INFO  server.AuthenticationFilter (AuthenticationFilter.java:constructSecretProvider(240)) - Unable to initialize FileSignerSecretProvider, falling back to use random secrets.
2019-06-15 12:52:36,886 WARN  http.HttpRequestLog (HttpRequestLog.java:getRequestLog(97)) - Jetty request log can only be enabled using Log4j
2019-06-15 12:52:36,887 INFO  http.HttpServer2 (HttpServer2.java:addGlobalFilter(975)) - Added global filter 'safety' (class=org.apache.hadoop.http.HttpServer2$QuotingInputFilter)
2019-06-15 12:52:36,888 INFO  http.HttpServer2 (HttpServer2.java:addFilter(948)) - Added filter static_user_filter (class=org.apache.hadoop.http.lib.StaticUserWebFilter$StaticUserFilter) to context hddsDatanode
2019-06-15 12:52:36,888 INFO  http.HttpServer2 (HttpServer2.java:addFilter(958)) - Added filter static_user_filter (class=org.apache.hadoop.http.lib.StaticUserWebFilter$StaticUserFilter) to context static
2019-06-15 12:52:36,888 INFO  http.HttpServer2 (HttpServer2.java:addFilter(958)) - Added filter static_user_filter (class=org.apache.hadoop.http.lib.StaticUserWebFilter$StaticUserFilter) to context logs
2019-06-15 12:52:36,889 INFO  http.HttpServer2 (HttpServer2.java:bindListener(1191)) - Jetty bound to port 42735
2019-06-15 12:52:36,889 INFO  server.Server (Server.java:doStart(351)) - jetty-9.3.24.v20180605, build timestamp: 2018-06-05T17:11:56Z, git hash: 84205aa28f11a4f31f2a3b86d1bba2cc8ab69827
2019-06-15 12:52:36,891 INFO  handler.ContextHandler (ContextHandler.java:doStart(781)) - Started o.e.j.s.ServletContextHandler@2dba05b1{/logs,file:///opt/src/hadoop-ozone/integration-test/target/log,AVAILABLE}
2019-06-15 12:52:36,898 INFO  handler.ContextHandler (ContextHandler.java:doStart(781)) - Started o.e.j.s.ServletContextHandler@445bce9a{/static,jar:file:/home/user/.m2/repository/org/apache/hadoop/hadoop-hdds-container-service/0.5.0-SNAPSHOT/hadoop-hdds-container-service-0.5.0-SNAPSHOT.jar!/webapps/static,AVAILABLE}
2019-06-15 12:52:36,921 INFO  handler.ContextHandler (ContextHandler.java:doStart(781)) - Started o.e.j.w.WebAppContext@380ce5a3{/,file:///tmp/jetty-0.0.0.0-42735-hddsDatanode-_-any-3097385584204353007.dir/webapp/,AVAILABLE}{/hddsDatanode}
2019-06-15 12:52:36,923 INFO  server.AbstractConnector (AbstractConnector.java:doStart(278)) - Started ServerConnector@38029686{HTTP/1.1,[http/1.1]}{0.0.0.0:42735}
2019-06-15 12:52:36,923 INFO  server.Server (Server.java:doStart(419)) - Started @5966ms
2019-06-15 12:52:36,924 INFO  server.BaseHttpServer (BaseHttpServer.java:updateConnectorAddress(207)) - HTTP server of HDDSDATANODE is listening at http://0.0.0.0:42735
2019-06-15 12:52:37,143 INFO  ozone.HddsDatanodeService (HddsDatanodeService.java:startPlugins(396)) - Started plug-in org.apache.hadoop.ozone.web.OzoneHddsDatanodeService@1e226bcd
2019-06-15 12:52:37,144 INFO  impl.MetricsSystemImpl (MetricsSystemImpl.java:init(158)) - HddsDatanode metrics system started (again)
2019-06-15 12:52:37,144 INFO  ozone.HddsDatanodeService (HddsDatanodeService.java:start(185)) - HddsDatanodeService host:ozone-unit-076618677d3-6whwr-2921122196 ip:192.168.134.101
2019-06-15 12:52:37,146 INFO  util.JvmPauseMonitor (JvmPauseMonitor.java:run(188)) - Starting JVM pause monitor
2019-06-15 12:52:37,147 INFO  datanode.InitDatanodeState (InitDatanodeState.java:persistContainerDatanodeDetails(140)) - DatanodeDetails is persisted to /opt/src/hadoop-ozone/integration-test/target/test-dir/MiniOzoneClusterImpl-997ea152-f140-49c4-a1de-3dc5f78ba7e1/datanode-3/meta/datanode.id
2019-06-15 12:52:37,151 INFO  volume.HddsVolume (HddsVolume.java:<init>(176)) - Creating Volume: /opt/src/hadoop-ozone/integration-test/target/test-dir/MiniOzoneClusterImpl-997ea152-f140-49c4-a1de-3dc5f78ba7e1/datanode-4/data/containers/hdds of  storage type : DISK and capacity : 104021790720
2019-06-15 12:52:37,151 INFO  volume.VolumeSet (VolumeSet.java:initializeVolumeSet(170)) - Added Volume : /opt/src/hadoop-ozone/integration-test/target/test-dir/MiniOzoneClusterImpl-997ea152-f140-49c4-a1de-3dc5f78ba7e1/datanode-4/data/containers/hdds to VolumeSet
2019-06-15 12:52:37,151 INFO  volume.ThrottledAsyncChecker (ThrottledAsyncChecker.java:schedule(140)) - Scheduling a check for org.apache.hadoop.ozone.container.common.volume.HddsVolume@48cd319d
2019-06-15 12:52:37,154 INFO  volume.HddsVolumeChecker (HddsVolumeChecker.java:checkAllVolumes(203)) - Scheduled health check for volume org.apache.hadoop.ozone.container.common.volume.HddsVolume@48cd319d
2019-06-15 12:52:37,174 INFO  ratis.XceiverServerRatis (XceiverServerRatis.java:newXceiverServerRatis(401)) - Found a free port for the server : 36683
2019-06-15 12:52:37,174 INFO  impl.RaftServerProxy (ConfUtils.java:logGet(43)) - raft.rpc.type = GRPC (default)
2019-06-15 12:52:37,175 INFO  grpc.GrpcConfigKeys$Server (ConfUtils.java:logGet(43)) - raft.grpc.server.port = 36683 (custom)
2019-06-15 12:52:37,175 INFO  server.GrpcService (ConfUtils.java:logGet(43)) - raft.grpc.message.size.max = 33570816 (custom)
2019-06-15 12:52:37,175 INFO  server.RaftServerConfigKeys (ConfUtils.java:logGet(43)) - raft.server.log.appender.buffer.byte-limit = 33554432 (custom)
2019-06-15 12:52:37,175 INFO  server.GrpcService (ConfUtils.java:logGet(43)) - raft.grpc.flow.control.window = 1MB (=1048576) (default)
2019-06-15 12:52:37,176 INFO  server.RaftServerConfigKeys (ConfUtils.java:logGet(43)) - raft.server.rpc.request.timeout = 3000ms (default)
2019-06-15 12:52:37,176 INFO  server.RaftServerConfigKeys (ConfUtils.java:logGet(43)) - raft.server.storage.dir = [/opt/src/hadoop-ozone/integration-test/target/test-dir/MiniOzoneClusterImpl-997ea152-f140-49c4-a1de-3dc5f78ba7e1/datanode-4/data/ratis] (custom)
2019-06-15 12:52:37,176 INFO  server.XceiverServerGrpc (XceiverServerGrpc.java:<init>(97)) - Found a free port for the server : 43613
2019-06-15 12:52:37,177 INFO  replication.SimpleContainerDownloader (SimpleContainerDownloader.java:<init>(72)) - Starting container downloader service to copy containers to replicate.
2019-06-15 12:52:37,178 INFO  hdfs.DFSUtil (DFSUtil.java:httpServerTemplateForNNAndJN(1641)) - Starting Web-server for hddsDatanode at: http://0.0.0.0:0
2019-06-15 12:52:37,179 INFO  server.AuthenticationFilter (AuthenticationFilter.java:constructSecretProvider(240)) - Unable to initialize FileSignerSecretProvider, falling back to use random secrets.
2019-06-15 12:52:37,179 WARN  http.HttpRequestLog (HttpRequestLog.java:getRequestLog(97)) - Jetty request log can only be enabled using Log4j
2019-06-15 12:52:37,181 INFO  http.HttpServer2 (HttpServer2.java:addGlobalFilter(975)) - Added global filter 'safety' (class=org.apache.hadoop.http.HttpServer2$QuotingInputFilter)
2019-06-15 12:52:37,181 INFO  http.HttpServer2 (HttpServer2.java:addFilter(948)) - Added filter static_user_filter (class=org.apache.hadoop.http.lib.StaticUserWebFilter$StaticUserFilter) to context hddsDatanode
2019-06-15 12:52:37,181 INFO  http.HttpServer2 (HttpServer2.java:addFilter(958)) - Added filter static_user_filter (class=org.apache.hadoop.http.lib.StaticUserWebFilter$StaticUserFilter) to context static
2019-06-15 12:52:37,181 INFO  http.HttpServer2 (HttpServer2.java:addFilter(958)) - Added filter static_user_filter (class=org.apache.hadoop.http.lib.StaticUserWebFilter$StaticUserFilter) to context logs
2019-06-15 12:52:37,182 INFO  http.HttpServer2 (HttpServer2.java:bindListener(1191)) - Jetty bound to port 41987
2019-06-15 12:52:37,182 INFO  server.Server (Server.java:doStart(351)) - jetty-9.3.24.v20180605, build timestamp: 2018-06-05T17:11:56Z, git hash: 84205aa28f11a4f31f2a3b86d1bba2cc8ab69827
2019-06-15 12:52:37,185 INFO  handler.ContextHandler (ContextHandler.java:doStart(781)) - Started o.e.j.s.ServletContextHandler@3d104c9b{/logs,file:///opt/src/hadoop-ozone/integration-test/target/log,AVAILABLE}
2019-06-15 12:52:37,186 INFO  handler.ContextHandler (ContextHandler.java:doStart(781)) - Started o.e.j.s.ServletContextHandler@6da54910{/static,jar:file:/home/user/.m2/repository/org/apache/hadoop/hadoop-hdds-container-service/0.5.0-SNAPSHOT/hadoop-hdds-container-service-0.5.0-SNAPSHOT.jar!/webapps/static,AVAILABLE}
2019-06-15 12:52:37,208 INFO  handler.ContextHandler (ContextHandler.java:doStart(781)) - Started o.e.j.w.WebAppContext@7e61e25c{/,file:///tmp/jetty-0.0.0.0-41987-hddsDatanode-_-any-4653664063387289311.dir/webapp/,AVAILABLE}{/hddsDatanode}
2019-06-15 12:52:37,209 INFO  server.AbstractConnector (AbstractConnector.java:doStart(278)) - Started ServerConnector@615db358{HTTP/1.1,[http/1.1]}{0.0.0.0:41987}
2019-06-15 12:52:37,209 INFO  server.Server (Server.java:doStart(419)) - Started @6252ms
2019-06-15 12:52:37,209 INFO  server.BaseHttpServer (BaseHttpServer.java:updateConnectorAddress(207)) - HTTP server of HDDSDATANODE is listening at http://0.0.0.0:41987
2019-06-15 12:52:37,319 INFO  ozone.HddsDatanodeService (HddsDatanodeService.java:startPlugins(396)) - Started plug-in org.apache.hadoop.ozone.web.OzoneHddsDatanodeService@54f6b629
2019-06-15 12:52:37,320 INFO  impl.MetricsSystemImpl (MetricsSystemImpl.java:init(158)) - HddsDatanode metrics system started (again)
2019-06-15 12:52:37,320 INFO  ozone.HddsDatanodeService (HddsDatanodeService.java:start(185)) - HddsDatanodeService host:ozone-unit-076618677d3-6whwr-2921122196 ip:192.168.134.101
2019-06-15 12:52:37,321 INFO  util.JvmPauseMonitor (JvmPauseMonitor.java:run(188)) - Starting JVM pause monitor
2019-06-15 12:52:37,323 INFO  datanode.InitDatanodeState (InitDatanodeState.java:persistContainerDatanodeDetails(140)) - DatanodeDetails is persisted to /opt/src/hadoop-ozone/integration-test/target/test-dir/MiniOzoneClusterImpl-997ea152-f140-49c4-a1de-3dc5f78ba7e1/datanode-4/meta/datanode.id
2019-06-15 12:52:37,329 INFO  volume.HddsVolume (HddsVolume.java:<init>(176)) - Creating Volume: /opt/src/hadoop-ozone/integration-test/target/test-dir/MiniOzoneClusterImpl-997ea152-f140-49c4-a1de-3dc5f78ba7e1/datanode-5/data/containers/hdds of  storage type : DISK and capacity : 104021790720
2019-06-15 12:52:37,329 INFO  volume.VolumeSet (VolumeSet.java:initializeVolumeSet(170)) - Added Volume : /opt/src/hadoop-ozone/integration-test/target/test-dir/MiniOzoneClusterImpl-997ea152-f140-49c4-a1de-3dc5f78ba7e1/datanode-5/data/containers/hdds to VolumeSet
2019-06-15 12:52:37,329 INFO  volume.ThrottledAsyncChecker (ThrottledAsyncChecker.java:schedule(140)) - Scheduling a check for org.apache.hadoop.ozone.container.common.volume.HddsVolume@5122e4bf
2019-06-15 12:52:37,330 INFO  volume.HddsVolumeChecker (HddsVolumeChecker.java:checkAllVolumes(203)) - Scheduled health check for volume org.apache.hadoop.ozone.container.common.volume.HddsVolume@5122e4bf
2019-06-15 12:52:37,342 INFO  ratis.XceiverServerRatis (XceiverServerRatis.java:newXceiverServerRatis(401)) - Found a free port for the server : 36915
2019-06-15 12:52:37,344 INFO  impl.RaftServerProxy (ConfUtils.java:logGet(43)) - raft.rpc.type = GRPC (default)
2019-06-15 12:52:37,344 INFO  grpc.GrpcConfigKeys$Server (ConfUtils.java:logGet(43)) - raft.grpc.server.port = 36915 (custom)
2019-06-15 12:52:37,344 INFO  server.GrpcService (ConfUtils.java:logGet(43)) - raft.grpc.message.size.max = 33570816 (custom)
2019-06-15 12:52:37,344 INFO  server.RaftServerConfigKeys (ConfUtils.java:logGet(43)) - raft.server.log.appender.buffer.byte-limit = 33554432 (custom)
2019-06-15 12:52:37,344 INFO  server.GrpcService (ConfUtils.java:logGet(43)) - raft.grpc.flow.control.window = 1MB (=1048576) (default)
2019-06-15 12:52:37,345 INFO  server.RaftServerConfigKeys (ConfUtils.java:logGet(43)) - raft.server.rpc.request.timeout = 3000ms (default)
2019-06-15 12:52:37,345 INFO  server.RaftServerConfigKeys (ConfUtils.java:logGet(43)) - raft.server.storage.dir = [/opt/src/hadoop-ozone/integration-test/target/test-dir/MiniOzoneClusterImpl-997ea152-f140-49c4-a1de-3dc5f78ba7e1/datanode-5/data/ratis] (custom)
2019-06-15 12:52:37,346 INFO  server.XceiverServerGrpc (XceiverServerGrpc.java:<init>(97)) - Found a free port for the server : 40735
2019-06-15 12:52:37,346 INFO  replication.SimpleContainerDownloader (SimpleContainerDownloader.java:<init>(72)) - Starting container downloader service to copy containers to replicate.
2019-06-15 12:52:37,347 INFO  hdfs.DFSUtil (DFSUtil.java:httpServerTemplateForNNAndJN(1641)) - Starting Web-server for hddsDatanode at: http://0.0.0.0:0
2019-06-15 12:52:37,348 INFO  server.AuthenticationFilter (AuthenticationFilter.java:constructSecretProvider(240)) - Unable to initialize FileSignerSecretProvider, falling back to use random secrets.
2019-06-15 12:52:37,348 WARN  http.HttpRequestLog (HttpRequestLog.java:getRequestLog(97)) - Jetty request log can only be enabled using Log4j
2019-06-15 12:52:37,349 INFO  http.HttpServer2 (HttpServer2.java:addGlobalFilter(975)) - Added global filter 'safety' (class=org.apache.hadoop.http.HttpServer2$QuotingInputFilter)
2019-06-15 12:52:37,350 INFO  http.HttpServer2 (HttpServer2.java:addFilter(948)) - Added filter static_user_filter (class=org.apache.hadoop.http.lib.StaticUserWebFilter$StaticUserFilter) to context hddsDatanode
2019-06-15 12:52:37,350 INFO  http.HttpServer2 (HttpServer2.java:addFilter(958)) - Added filter static_user_filter (class=org.apache.hadoop.http.lib.StaticUserWebFilter$StaticUserFilter) to context static
2019-06-15 12:52:37,350 INFO  http.HttpServer2 (HttpServer2.java:addFilter(958)) - Added filter static_user_filter (class=org.apache.hadoop.http.lib.StaticUserWebFilter$StaticUserFilter) to context logs
2019-06-15 12:52:37,351 INFO  http.HttpServer2 (HttpServer2.java:bindListener(1191)) - Jetty bound to port 33159
2019-06-15 12:52:37,351 INFO  server.Server (Server.java:doStart(351)) - jetty-9.3.24.v20180605, build timestamp: 2018-06-05T17:11:56Z, git hash: 84205aa28f11a4f31f2a3b86d1bba2cc8ab69827
2019-06-15 12:52:37,362 INFO  handler.ContextHandler (ContextHandler.java:doStart(781)) - Started o.e.j.s.ServletContextHandler@2ce524d2{/logs,file:///opt/src/hadoop-ozone/integration-test/target/log,AVAILABLE}
2019-06-15 12:52:37,363 INFO  handler.ContextHandler (ContextHandler.java:doStart(781)) - Started o.e.j.s.ServletContextHandler@e3899fd{/static,jar:file:/home/user/.m2/repository/org/apache/hadoop/hadoop-hdds-container-service/0.5.0-SNAPSHOT/hadoop-hdds-container-service-0.5.0-SNAPSHOT.jar!/webapps/static,AVAILABLE}
2019-06-15 12:52:37,386 INFO  handler.ContextHandler (ContextHandler.java:doStart(781)) - Started o.e.j.w.WebAppContext@1eb85a47{/,file:///tmp/jetty-0.0.0.0-33159-hddsDatanode-_-any-1466509996574935748.dir/webapp/,AVAILABLE}{/hddsDatanode}
2019-06-15 12:52:37,387 INFO  server.AbstractConnector (AbstractConnector.java:doStart(278)) - Started ServerConnector@ca7e37f{HTTP/1.1,[http/1.1]}{0.0.0.0:33159}
2019-06-15 12:52:37,387 INFO  server.Server (Server.java:doStart(419)) - Started @6430ms
2019-06-15 12:52:37,388 INFO  server.BaseHttpServer (BaseHttpServer.java:updateConnectorAddress(207)) - HTTP server of HDDSDATANODE is listening at http://0.0.0.0:33159
2019-06-15 12:52:37,519 INFO  ozone.HddsDatanodeService (HddsDatanodeService.java:startPlugins(396)) - Started plug-in org.apache.hadoop.ozone.web.OzoneHddsDatanodeService@49cc9b2a
2019-06-15 12:52:37,520 INFO  ozone.MiniOzoneClusterImpl (MiniOzoneClusterImpl.java:lambda$waitForClusterToBeReady$0(142)) - Waiting for cluster to be ready. Got 0 of 6 DN Heartbeats.
2019-06-15 12:52:37,526 INFO  util.JvmPauseMonitor (JvmPauseMonitor.java:run(188)) - Starting JVM pause monitor
2019-06-15 12:52:37,527 INFO  datanode.InitDatanodeState (InitDatanodeState.java:persistContainerDatanodeDetails(140)) - DatanodeDetails is persisted to /opt/src/hadoop-ozone/integration-test/target/test-dir/MiniOzoneClusterImpl-997ea152-f140-49c4-a1de-3dc5f78ba7e1/datanode-5/meta/datanode.id
2019-06-15 12:52:38,326 INFO  ozoneimpl.OzoneContainer (OzoneContainer.java:start(186)) - Attempting to start container services.
2019-06-15 12:52:38,326 INFO  ozoneimpl.OzoneContainer (OzoneContainer.java:startContainerScrub(160)) - Background container scrubber has been disabled by hdds.containerscrub.enabled
2019-06-15 12:52:38,326 INFO  ratis.XceiverServerRatis (XceiverServerRatis.java:start(418)) - Starting XceiverServerRatis 602258c7-de02-4b5a-a6d4-3a466d67f0ea at port 40761
2019-06-15 12:52:38,349 INFO  impl.RaftServerProxy (RaftServerProxy.java:lambda$start$3(299)) - 602258c7-de02-4b5a-a6d4-3a466d67f0ea: start RPC server
2019-06-15 12:52:38,462 INFO  server.GrpcService (GrpcService.java:startImpl(148)) - 602258c7-de02-4b5a-a6d4-3a466d67f0ea: GrpcService started, listening on 0.0.0.0/0.0.0.0:40761
2019-06-15 12:52:38,521 INFO  ozone.MiniOzoneClusterImpl (MiniOzoneClusterImpl.java:lambda$waitForClusterToBeReady$0(142)) - Waiting for cluster to be ready. Got 0 of 6 DN Heartbeats.
2019-06-15 12:52:38,565 INFO  ozoneimpl.OzoneContainer (OzoneContainer.java:start(186)) - Attempting to start container services.
2019-06-15 12:52:38,567 INFO  ozoneimpl.OzoneContainer (OzoneContainer.java:startContainerScrub(160)) - Background container scrubber has been disabled by hdds.containerscrub.enabled
2019-06-15 12:52:38,567 INFO  ratis.XceiverServerRatis (XceiverServerRatis.java:start(418)) - Starting XceiverServerRatis 2f09ea52-ab8b-46b8-aa32-5693c9a97311 at port 37567
2019-06-15 12:52:38,595 INFO  impl.RaftServerProxy (RaftServerProxy.java:lambda$start$3(299)) - 2f09ea52-ab8b-46b8-aa32-5693c9a97311: start RPC server
2019-06-15 12:52:38,602 INFO  server.GrpcService (GrpcService.java:startImpl(148)) - 2f09ea52-ab8b-46b8-aa32-5693c9a97311: GrpcService started, listening on 0.0.0.0/0.0.0.0:37567
2019-06-15 12:52:38,851 INFO  ozoneimpl.OzoneContainer (OzoneContainer.java:start(186)) - Attempting to start container services.
2019-06-15 12:52:38,853 INFO  ozoneimpl.OzoneContainer (OzoneContainer.java:startContainerScrub(160)) - Background container scrubber has been disabled by hdds.containerscrub.enabled
2019-06-15 12:52:38,853 INFO  ratis.XceiverServerRatis (XceiverServerRatis.java:start(418)) - Starting XceiverServerRatis c3f9190a-b351-4d81-a791-a26b36568df0 at port 39871
2019-06-15 12:52:38,858 INFO  impl.RaftServerProxy (RaftServerProxy.java:lambda$start$3(299)) - c3f9190a-b351-4d81-a791-a26b36568df0: start RPC server
2019-06-15 12:52:38,861 INFO  server.GrpcService (GrpcService.java:startImpl(148)) - c3f9190a-b351-4d81-a791-a26b36568df0: GrpcService started, listening on 0.0.0.0/0.0.0.0:39871
2019-06-15 12:52:39,150 INFO  ozoneimpl.OzoneContainer (OzoneContainer.java:start(186)) - Attempting to start container services.
2019-06-15 12:52:39,152 INFO  ozoneimpl.OzoneContainer (OzoneContainer.java:startContainerScrub(160)) - Background container scrubber has been disabled by hdds.containerscrub.enabled
2019-06-15 12:52:39,152 INFO  ratis.XceiverServerRatis (XceiverServerRatis.java:start(418)) - Starting XceiverServerRatis 3499fbbb-0095-45f3-9db2-ae1600a749ce at port 46835
2019-06-15 12:52:39,160 INFO  impl.RaftServerProxy (RaftServerProxy.java:lambda$start$3(299)) - 3499fbbb-0095-45f3-9db2-ae1600a749ce: start RPC server
2019-06-15 12:52:39,162 INFO  server.GrpcService (GrpcService.java:startImpl(148)) - 3499fbbb-0095-45f3-9db2-ae1600a749ce: GrpcService started, listening on 0.0.0.0/0.0.0.0:46835
2019-06-15 12:52:39,325 INFO  ozoneimpl.OzoneContainer (OzoneContainer.java:start(186)) - Attempting to start container services.
2019-06-15 12:52:39,327 INFO  ozoneimpl.OzoneContainer (OzoneContainer.java:startContainerScrub(160)) - Background container scrubber has been disabled by hdds.containerscrub.enabled
2019-06-15 12:52:39,327 INFO  ratis.XceiverServerRatis (XceiverServerRatis.java:start(418)) - Starting XceiverServerRatis 790ea317-2d37-4ae7-b62a-d8c6be3d62d8 at port 36683
2019-06-15 12:52:39,337 INFO  impl.RaftServerProxy (RaftServerProxy.java:lambda$start$3(299)) - 790ea317-2d37-4ae7-b62a-d8c6be3d62d8: start RPC server
2019-06-15 12:52:39,340 INFO  server.GrpcService (GrpcService.java:startImpl(148)) - 790ea317-2d37-4ae7-b62a-d8c6be3d62d8: GrpcService started, listening on 0.0.0.0/0.0.0.0:36683
2019-06-15 12:52:39,521 INFO  ozone.MiniOzoneClusterImpl (MiniOzoneClusterImpl.java:lambda$waitForClusterToBeReady$0(142)) - Waiting for cluster to be ready. Got 0 of 6 DN Heartbeats.
2019-06-15 12:52:39,531 INFO  ozoneimpl.OzoneContainer (OzoneContainer.java:start(186)) - Attempting to start container services.
2019-06-15 12:52:39,537 INFO  ozoneimpl.OzoneContainer (OzoneContainer.java:startContainerScrub(160)) - Background container scrubber has been disabled by hdds.containerscrub.enabled
2019-06-15 12:52:39,538 INFO  ratis.XceiverServerRatis (XceiverServerRatis.java:start(418)) - Starting XceiverServerRatis 0ecd3a89-2722-497d-8807-08930910c885 at port 36915
2019-06-15 12:52:39,547 INFO  impl.RaftServerProxy (RaftServerProxy.java:lambda$start$3(299)) - 0ecd3a89-2722-497d-8807-08930910c885: start RPC server
2019-06-15 12:52:39,550 INFO  server.GrpcService (GrpcService.java:startImpl(148)) - 0ecd3a89-2722-497d-8807-08930910c885: GrpcService started, listening on 0.0.0.0/0.0.0.0:36915
2019-06-15 12:52:40,330 INFO  net.NetworkTopology (NetworkTopologyImpl.java:add(109)) - Added a new node: /default-rack/192.168.134.101
2019-06-15 12:52:40,331 INFO  node.SCMNodeManager (SCMNodeManager.java:register(269)) - Registered Data node : 602258c7-de02-4b5a-a6d4-3a466d67f0ea{ip: 192.168.134.101, host: ozone-unit-076618677d3-6whwr-2921122196, networkLocation: /default-rack, certSerialId: null}
2019-06-15 12:52:40,342 INFO  safemode.SCMSafeModeManager (DataNodeSafeModeRule.java:process(71)) - SCM in safe mode. 1 DataNodes registered, 1 required.
2019-06-15 12:52:40,346 INFO  safemode.SCMSafeModeManager (SCMSafeModeManager.java:validateSafeModeExitRules(177)) - ScmSafeModeManager, all rules are successfully validated
2019-06-15 12:52:40,353 INFO  safemode.SCMSafeModeManager (SCMSafeModeManager.java:exitSafeMode(193)) - SCM exiting safe mode.
2019-06-15 12:52:40,521 INFO  ozone.MiniOzoneClusterImpl (MiniOzoneClusterImpl.java:lambda$waitForClusterToBeReady$0(142)) - Waiting for cluster to be ready. Got 1 of 6 DN Heartbeats.
2019-06-15 12:52:40,561 INFO  node.SCMNodeManager (SCMNodeManager.java:register(269)) - Registered Data node : 2f09ea52-ab8b-46b8-aa32-5693c9a97311{ip: 192.168.134.101, host: ozone-unit-076618677d3-6whwr-2921122196, networkLocation: /default-rack, certSerialId: null}
2019-06-15 12:52:40,787 INFO  impl.RaftServerProxy (RaftServerProxy.java:addNew(89)) - 602258c7-de02-4b5a-a6d4-3a466d67f0ea: addNew group-35098C22CC76:[602258c7-de02-4b5a-a6d4-3a466d67f0ea:192.168.134.101:40761] returns group-35098C22CC76:java.util.concurrent.CompletableFuture@340e339d[Not completed]
2019-06-15 12:52:40,792 INFO  impl.RaftServerImpl (RaftServerImpl.java:<init>(91)) - 602258c7-de02-4b5a-a6d4-3a466d67f0ea: new RaftServerImpl for group-35098C22CC76:[602258c7-de02-4b5a-a6d4-3a466d67f0ea:192.168.134.101:40761] with ContainerStateMachine:uninitialized
2019-06-15 12:52:40,794 INFO  server.RaftServerConfigKeys (ConfUtils.java:logGet(43)) - raft.server.rpc.timeout.min = 1s (custom)
2019-06-15 12:52:40,794 INFO  server.RaftServerConfigKeys (ConfUtils.java:logGet(43)) - raft.server.rpc.timeout.max = 1200ms (custom)
2019-06-15 12:52:40,794 INFO  server.RaftServerConfigKeys (ConfUtils.java:logGet(43)) - raft.server.rpcslowness.timeout = 10s (custom)
2019-06-15 12:52:40,795 INFO  server.RaftServerConfigKeys (ConfUtils.java:logGet(43)) - raft.server.log.appender.install.snapshot.enabled = true (default)
2019-06-15 12:52:40,800 INFO  impl.RaftServerImpl (ServerState.java:<init>(101)) - 602258c7-de02-4b5a-a6d4-3a466d67f0ea:group-35098C22CC76 ConfigurationManager, init=-1: [602258c7-de02-4b5a-a6d4-3a466d67f0ea:192.168.134.101:40761], old=null, confs=<EMPTY_MAP>
2019-06-15 12:52:40,800 INFO  server.RaftServerConfigKeys (ConfUtils.java:logGet(43)) - raft.server.storage.dir = [/opt/src/hadoop-ozone/integration-test/target/test-dir/MiniOzoneClusterImpl-997ea152-f140-49c4-a1de-3dc5f78ba7e1/datanode-0/data/ratis] (custom)
2019-06-15 12:52:40,805 INFO  storage.RaftStorageDirectory (RaftStorageDirectory.java:analyzeStorage(246)) - The storage directory /opt/src/hadoop-ozone/integration-test/target/test-dir/MiniOzoneClusterImpl-997ea152-f140-49c4-a1de-3dc5f78ba7e1/datanode-0/data/ratis/1c694439-b2de-4213-8779-35098c22cc76 does not exist. Creating ...
2019-06-15 12:52:40,938 INFO  node.SCMNodeManager (SCMNodeManager.java:register(269)) - Registered Data node : c3f9190a-b351-4d81-a791-a26b36568df0{ip: 192.168.134.101, host: ozone-unit-076618677d3-6whwr-2921122196, networkLocation: /default-rack, certSerialId: null}
2019-06-15 12:52:40,940 INFO  storage.RaftStorageDirectory (RaftStorageDirectory.java:tryLock(328)) - Lock on /opt/src/hadoop-ozone/integration-test/target/test-dir/MiniOzoneClusterImpl-997ea152-f140-49c4-a1de-3dc5f78ba7e1/datanode-0/data/ratis/1c694439-b2de-4213-8779-35098c22cc76/in_use.lock acquired by nodename 10083@ozone-unit-076618677d3-6whwr-2921122196
2019-06-15 12:52:40,944 INFO  storage.RaftStorage (RaftStorage.java:format(75)) - Storage directory /opt/src/hadoop-ozone/integration-test/target/test-dir/MiniOzoneClusterImpl-997ea152-f140-49c4-a1de-3dc5f78ba7e1/datanode-0/data/ratis/1c694439-b2de-4213-8779-35098c22cc76 has been successfully formatted.
2019-06-15 12:52:40,946 INFO  ratis.ContainerStateMachine (ContainerStateMachine.java:loadSnapshot(199)) - The snapshot info is null.Setting the last applied index to:(t:0, i:~)
2019-06-15 12:52:40,946 INFO  server.RaftServerConfigKeys (ConfUtils.java:logGet(43)) - raft.server.leader.election.timeout = 10s (custom)
2019-06-15 12:52:40,948 INFO  server.RaftServerConfigKeys (ConfUtils.java:logGet(43)) - raft.server.log.use.memory = false (default)
2019-06-15 12:52:40,950 INFO  server.RaftServerConfigKeys (ConfUtils.java:logGet(43)) - raft.server.log.appender.buffer.byte-limit = 33554432 (custom)
2019-06-15 12:52:40,954 INFO  server.RaftServerConfigKeys (ConfUtils.java:logGet(43)) - raft.server.log.segment.size.max = 16384 (custom)
2019-06-15 12:52:40,958 INFO  server.RaftServerConfigKeys (ConfUtils.java:logGet(43)) - raft.server.log.segment.cache.num.max = 2 (custom)
2019-06-15 12:52:40,961 INFO  storage.RaftLogWorker (RaftLogWorker.java:<init>(123)) - new 602258c7-de02-4b5a-a6d4-3a466d67f0ea-RaftLogWorker for Storage Directory /opt/src/hadoop-ozone/integration-test/target/test-dir/MiniOzoneClusterImpl-997ea152-f140-49c4-a1de-3dc5f78ba7e1/datanode-0/data/ratis/1c694439-b2de-4213-8779-35098c22cc76
2019-06-15 12:52:40,961 INFO  server.RaftServerConfigKeys (ConfUtils.java:logGet(43)) - raft.server.log.queue.byte-limit = 2147483647 (custom)
2019-06-15 12:52:40,962 INFO  server.RaftServerConfigKeys (ConfUtils.java:logGet(43)) - raft.server.log.queue.element-limit = 1024 (custom)
2019-06-15 12:52:40,964 INFO  server.RaftServerConfigKeys (ConfUtils.java:logGet(43)) - raft.server.log.segment.size.max = 16384 (custom)
2019-06-15 12:52:40,964 INFO  server.RaftServerConfigKeys (ConfUtils.java:logGet(43)) - raft.server.log.preallocated.size = 16384 (custom)
2019-06-15 12:52:40,965 INFO  server.RaftServerConfigKeys (ConfUtils.java:logGet(43)) - raft.server.log.write.buffer.size = 33554432 (custom)
2019-06-15 12:52:40,965 INFO  server.RaftServerConfigKeys (ConfUtils.java:logGet(43)) - raft.server.log.force.sync.num = 128 (default)
2019-06-15 12:52:40,966 INFO  server.RaftServerConfigKeys (ConfUtils.java:logGet(43)) - raft.server.log.statemachine.data.sync = true (default)
2019-06-15 12:52:40,966 INFO  server.RaftServerConfigKeys (ConfUtils.java:logGet(43)) - raft.server.log.statemachine.data.sync.timeout = 10s (default)
2019-06-15 12:52:40,967 INFO  server.RaftServerConfigKeys (ConfUtils.java:logGet(43)) - raft.server.log.statemachine.data.sync.timeout.retry = -1 (default)
2019-06-15 12:52:40,969 INFO  server.RaftServerConfigKeys (ConfUtils.java:logGet(43)) - raft.server.log.statemachine.data.caching.enabled = true (custom)
2019-06-15 12:52:40,975 INFO  server.RaftServerConfigKeys (ConfUtils.java:logGet(43)) - raft.server.snapshot.auto.trigger.enabled = true (custom)
2019-06-15 12:52:40,976 INFO  server.RaftServerConfigKeys (ConfUtils.java:logGet(43)) - raft.server.snapshot.auto.trigger.threshold = 10000 (custom)
2019-06-15 12:52:40,976 INFO  server.RaftServerConfigKeys (ConfUtils.java:logGet(43)) - raft.server.retrycache.expirytime = 600000ms (custom)
2019-06-15 12:52:40,995 INFO  impl.RaftServerImpl (RaftServerImpl.java:start(173)) - 602258c7-de02-4b5a-a6d4-3a466d67f0ea: start group-35098C22CC76
2019-06-15 12:52:40,996 INFO  impl.RaftServerImpl (RaftServerImpl.java:setRole(164)) - 602258c7-de02-4b5a-a6d4-3a466d67f0ea:group-35098C22CC76 changes role from null to FOLLOWER at term 0 for startAsFollower
2019-06-15 12:52:40,997 INFO  impl.RoleInfo (RoleInfo.java:updateAndGet(143)) - 602258c7-de02-4b5a-a6d4-3a466d67f0ea: start FollowerState
2019-06-15 12:52:41,002 INFO  util.JmxRegister (JmxRegister.java:tryRegister(44)) - Successfully registered JMX Bean with object name Ratis:service=RaftServer,group=group-35098C22CC76,id=602258c7-de02-4b5a-a6d4-3a466d67f0ea
2019-06-15 12:52:41,064 INFO  pipeline.PipelineStateManager (PipelineStateManager.java:addPipeline(56)) - Created pipeline Pipeline[ Id: 1c694439-b2de-4213-8779-35098c22cc76, Nodes: 602258c7-de02-4b5a-a6d4-3a466d67f0ea{ip: 192.168.134.101, host: ozone-unit-076618677d3-6whwr-2921122196, networkLocation: /default-rack, certSerialId: null}, Type:RATIS, Factor:ONE, State:OPEN]
2019-06-15 12:52:41,084 INFO  impl.RaftServerProxy (RaftServerProxy.java:addNew(89)) - 2f09ea52-ab8b-46b8-aa32-5693c9a97311: addNew group-4F0794ADB890:[2f09ea52-ab8b-46b8-aa32-5693c9a97311:192.168.134.101:37567] returns group-4F0794ADB890:java.util.concurrent.CompletableFuture@3ee8e7bf[Not completed]
2019-06-15 12:52:41,085 INFO  impl.RaftServerImpl (RaftServerImpl.java:<init>(91)) - 2f09ea52-ab8b-46b8-aa32-5693c9a97311: new RaftServerImpl for group-4F0794ADB890:[2f09ea52-ab8b-46b8-aa32-5693c9a97311:192.168.134.101:37567] with ContainerStateMachine:uninitialized
2019-06-15 12:52:41,087 INFO  server.RaftServerConfigKeys (ConfUtils.java:logGet(43)) - raft.server.rpc.timeout.min = 1s (custom)
2019-06-15 12:52:41,087 INFO  server.RaftServerConfigKeys (ConfUtils.java:logGet(43)) - raft.server.rpc.timeout.max = 1200ms (custom)
2019-06-15 12:52:41,087 INFO  server.RaftServerConfigKeys (ConfUtils.java:logGet(43)) - raft.server.rpcslowness.timeout = 10s (custom)
2019-06-15 12:52:41,087 INFO  server.RaftServerConfigKeys (ConfUtils.java:logGet(43)) - raft.server.log.appender.install.snapshot.enabled = true (default)
2019-06-15 12:52:41,087 INFO  impl.RaftServerImpl (ServerState.java:<init>(101)) - 2f09ea52-ab8b-46b8-aa32-5693c9a97311:group-4F0794ADB890 ConfigurationManager, init=-1: [2f09ea52-ab8b-46b8-aa32-5693c9a97311:192.168.134.101:37567], old=null, confs=<EMPTY_MAP>
2019-06-15 12:52:41,087 INFO  server.RaftServerConfigKeys (ConfUtils.java:logGet(43)) - raft.server.storage.dir = [/opt/src/hadoop-ozone/integration-test/target/test-dir/MiniOzoneClusterImpl-997ea152-f140-49c4-a1de-3dc5f78ba7e1/datanode-1/data/ratis] (custom)
2019-06-15 12:52:41,087 INFO  storage.RaftStorageDirectory (RaftStorageDirectory.java:analyzeStorage(246)) - The storage directory /opt/src/hadoop-ozone/integration-test/target/test-dir/MiniOzoneClusterImpl-997ea152-f140-49c4-a1de-3dc5f78ba7e1/datanode-1/data/ratis/3ae3ded8-31cd-472d-a34c-4f0794adb890 does not exist. Creating ...
2019-06-15 12:52:41,091 INFO  storage.RaftStorageDirectory (RaftStorageDirectory.java:tryLock(328)) - Lock on /opt/src/hadoop-ozone/integration-test/target/test-dir/MiniOzoneClusterImpl-997ea152-f140-49c4-a1de-3dc5f78ba7e1/datanode-1/data/ratis/3ae3ded8-31cd-472d-a34c-4f0794adb890/in_use.lock acquired by nodename 10083@ozone-unit-076618677d3-6whwr-2921122196
2019-06-15 12:52:41,093 INFO  storage.RaftStorage (RaftStorage.java:format(75)) - Storage directory /opt/src/hadoop-ozone/integration-test/target/test-dir/MiniOzoneClusterImpl-997ea152-f140-49c4-a1de-3dc5f78ba7e1/datanode-1/data/ratis/3ae3ded8-31cd-472d-a34c-4f0794adb890 has been successfully formatted.
2019-06-15 12:52:41,094 INFO  ratis.ContainerStateMachine (ContainerStateMachine.java:loadSnapshot(199)) - The snapshot info is null.Setting the last applied index to:(t:0, i:~)
2019-06-15 12:52:41,095 INFO  server.RaftServerConfigKeys (ConfUtils.java:logGet(43)) - raft.server.leader.election.timeout = 10s (custom)
2019-06-15 12:52:41,095 INFO  server.RaftServerConfigKeys (ConfUtils.java:logGet(43)) - raft.server.log.use.memory = false (default)
2019-06-15 12:52:41,095 INFO  server.RaftServerConfigKeys (ConfUtils.java:logGet(43)) - raft.server.log.appender.buffer.byte-limit = 33554432 (custom)
2019-06-15 12:52:41,096 INFO  server.RaftServerConfigKeys (ConfUtils.java:logGet(43)) - raft.server.log.segment.size.max = 16384 (custom)
2019-06-15 12:52:41,096 INFO  server.RaftServerConfigKeys (ConfUtils.java:logGet(43)) - raft.server.log.segment.cache.num.max = 2 (custom)
2019-06-15 12:52:41,096 INFO  storage.RaftLogWorker (RaftLogWorker.java:<init>(123)) - new 2f09ea52-ab8b-46b8-aa32-5693c9a97311-RaftLogWorker for Storage Directory /opt/src/hadoop-ozone/integration-test/target/test-dir/MiniOzoneClusterImpl-997ea152-f140-49c4-a1de-3dc5f78ba7e1/datanode-1/data/ratis/3ae3ded8-31cd-472d-a34c-4f0794adb890
2019-06-15 12:52:41,098 INFO  server.RaftServerConfigKeys (ConfUtils.java:logGet(43)) - raft.server.log.queue.byte-limit = 2147483647 (custom)
2019-06-15 12:52:41,098 INFO  server.RaftServerConfigKeys (ConfUtils.java:logGet(43)) - raft.server.log.queue.element-limit = 1024 (custom)
2019-06-15 12:52:41,098 INFO  server.RaftServerConfigKeys (ConfUtils.java:logGet(43)) - raft.server.log.segment.size.max = 16384 (custom)
2019-06-15 12:52:41,098 INFO  server.RaftServerConfigKeys (ConfUtils.java:logGet(43)) - raft.server.log.preallocated.size = 16384 (custom)
2019-06-15 12:52:41,098 INFO  server.RaftServerConfigKeys (ConfUtils.java:logGet(43)) - raft.server.log.write.buffer.size = 33554432 (custom)
2019-06-15 12:52:41,098 INFO  server.RaftServerConfigKeys (ConfUtils.java:logGet(43)) - raft.server.log.force.sync.num = 128 (default)
2019-06-15 12:52:41,098 INFO  server.RaftServerConfigKeys (ConfUtils.java:logGet(43)) - raft.server.log.statemachine.data.sync = true (default)
2019-06-15 12:52:41,099 INFO  server.RaftServerConfigKeys (ConfUtils.java:logGet(43)) - raft.server.log.statemachine.data.sync.timeout = 10s (default)
2019-06-15 12:52:41,099 INFO  server.RaftServerConfigKeys (ConfUtils.java:logGet(43)) - raft.server.log.statemachine.data.sync.timeout.retry = -1 (default)
2019-06-15 12:52:41,099 INFO  server.RaftServerConfigKeys (ConfUtils.java:logGet(43)) - raft.server.log.statemachine.data.caching.enabled = true (custom)
2019-06-15 12:52:41,101 INFO  server.RaftServerConfigKeys (ConfUtils.java:logGet(43)) - raft.server.snapshot.auto.trigger.enabled = true (custom)
2019-06-15 12:52:41,101 INFO  server.RaftServerConfigKeys (ConfUtils.java:logGet(43)) - raft.server.snapshot.auto.trigger.threshold = 10000 (custom)
2019-06-15 12:52:41,102 INFO  server.RaftServerConfigKeys (ConfUtils.java:logGet(43)) - raft.server.retrycache.expirytime = 600000ms (custom)
2019-06-15 12:52:41,102 INFO  impl.RaftServerImpl (RaftServerImpl.java:start(173)) - 2f09ea52-ab8b-46b8-aa32-5693c9a97311: start group-4F0794ADB890
2019-06-15 12:52:41,102 INFO  impl.RaftServerImpl (RaftServerImpl.java:setRole(164)) - 2f09ea52-ab8b-46b8-aa32-5693c9a97311:group-4F0794ADB890 changes role from null to FOLLOWER at term 0 for startAsFollower
2019-06-15 12:52:41,102 INFO  impl.RoleInfo (RoleInfo.java:updateAndGet(143)) - 2f09ea52-ab8b-46b8-aa32-5693c9a97311: start FollowerState
2019-06-15 12:52:41,104 INFO  util.JmxRegister (JmxRegister.java:tryRegister(44)) - Successfully registered JMX Bean with object name Ratis:service=RaftServer,group=group-4F0794ADB890,id=2f09ea52-ab8b-46b8-aa32-5693c9a97311
2019-06-15 12:52:41,124 INFO  pipeline.PipelineStateManager (PipelineStateManager.java:addPipeline(56)) - Created pipeline Pipeline[ Id: 3ae3ded8-31cd-472d-a34c-4f0794adb890, Nodes: 2f09ea52-ab8b-46b8-aa32-5693c9a97311{ip: 192.168.134.101, host: ozone-unit-076618677d3-6whwr-2921122196, networkLocation: /default-rack, certSerialId: null}, Type:RATIS, Factor:ONE, State:OPEN]
2019-06-15 12:52:41,150 INFO  impl.RaftServerProxy (RaftServerProxy.java:addNew(89)) - c3f9190a-b351-4d81-a791-a26b36568df0: addNew group-F18C8F06145D:[c3f9190a-b351-4d81-a791-a26b36568df0:192.168.134.101:39871] returns group-F18C8F06145D:java.util.concurrent.CompletableFuture@381f596d[Not completed]
2019-06-15 12:52:41,154 INFO  node.SCMNodeManager (SCMNodeManager.java:register(269)) - Registered Data node : 3499fbbb-0095-45f3-9db2-ae1600a749ce{ip: 192.168.134.101, host: ozone-unit-076618677d3-6whwr-2921122196, networkLocation: /default-rack, certSerialId: null}
2019-06-15 12:52:41,191 INFO  impl.RaftServerImpl (RaftServerImpl.java:<init>(91)) - c3f9190a-b351-4d81-a791-a26b36568df0: new RaftServerImpl for group-F18C8F06145D:[c3f9190a-b351-4d81-a791-a26b36568df0:192.168.134.101:39871] with ContainerStateMachine:uninitialized
2019-06-15 12:52:41,191 INFO  server.RaftServerConfigKeys (ConfUtils.java:logGet(43)) - raft.server.rpc.timeout.min = 1s (custom)
2019-06-15 12:52:41,191 INFO  server.RaftServerConfigKeys (ConfUtils.java:logGet(43)) - raft.server.rpc.timeout.max = 1200ms (custom)
2019-06-15 12:52:41,191 INFO  server.RaftServerConfigKeys (ConfUtils.java:logGet(43)) - raft.server.rpcslowness.timeout = 10s (custom)
2019-06-15 12:52:41,191 INFO  server.RaftServerConfigKeys (ConfUtils.java:logGet(43)) - raft.server.log.appender.install.snapshot.enabled = true (default)
2019-06-15 12:52:41,191 INFO  impl.RaftServerImpl (ServerState.java:<init>(101)) - c3f9190a-b351-4d81-a791-a26b36568df0:group-F18C8F06145D ConfigurationManager, init=-1: [c3f9190a-b351-4d81-a791-a26b36568df0:192.168.134.101:39871], old=null, confs=<EMPTY_MAP>
2019-06-15 12:52:41,192 INFO  server.RaftServerConfigKeys (ConfUtils.java:logGet(43)) - raft.server.storage.dir = [/opt/src/hadoop-ozone/integration-test/target/test-dir/MiniOzoneClusterImpl-997ea152-f140-49c4-a1de-3dc5f78ba7e1/datanode-2/data/ratis] (custom)
2019-06-15 12:52:41,192 INFO  storage.RaftStorageDirectory (RaftStorageDirectory.java:analyzeStorage(246)) - The storage directory /opt/src/hadoop-ozone/integration-test/target/test-dir/MiniOzoneClusterImpl-997ea152-f140-49c4-a1de-3dc5f78ba7e1/datanode-2/data/ratis/5fe11c67-e9f4-4ecc-a486-f18c8f06145d does not exist. Creating ...
2019-06-15 12:52:41,194 INFO  storage.RaftStorageDirectory (RaftStorageDirectory.java:tryLock(328)) - Lock on /opt/src/hadoop-ozone/integration-test/target/test-dir/MiniOzoneClusterImpl-997ea152-f140-49c4-a1de-3dc5f78ba7e1/datanode-2/data/ratis/5fe11c67-e9f4-4ecc-a486-f18c8f06145d/in_use.lock acquired by nodename 10083@ozone-unit-076618677d3-6whwr-2921122196
2019-06-15 12:52:41,196 INFO  storage.RaftStorage (RaftStorage.java:format(75)) - Storage directory /opt/src/hadoop-ozone/integration-test/target/test-dir/MiniOzoneClusterImpl-997ea152-f140-49c4-a1de-3dc5f78ba7e1/datanode-2/data/ratis/5fe11c67-e9f4-4ecc-a486-f18c8f06145d has been successfully formatted.
2019-06-15 12:52:41,196 INFO  ratis.ContainerStateMachine (ContainerStateMachine.java:loadSnapshot(199)) - The snapshot info is null.Setting the last applied index to:(t:0, i:~)
2019-06-15 12:52:41,196 INFO  server.RaftServerConfigKeys (ConfUtils.java:logGet(43)) - raft.server.leader.election.timeout = 10s (custom)
2019-06-15 12:52:41,196 INFO  server.RaftServerConfigKeys (ConfUtils.java:logGet(43)) - raft.server.log.use.memory = false (default)
2019-06-15 12:52:41,197 INFO  server.RaftServerConfigKeys (ConfUtils.java:logGet(43)) - raft.server.log.appender.buffer.byte-limit = 33554432 (custom)
2019-06-15 12:52:41,197 INFO  server.RaftServerConfigKeys (ConfUtils.java:logGet(43)) - raft.server.log.segment.size.max = 16384 (custom)
2019-06-15 12:52:41,197 INFO  server.RaftServerConfigKeys (ConfUtils.java:logGet(43)) - raft.server.log.segment.cache.num.max = 2 (custom)
2019-06-15 12:52:41,197 INFO  storage.RaftLogWorker (RaftLogWorker.java:<init>(123)) - new c3f9190a-b351-4d81-a791-a26b36568df0-RaftLogWorker for Storage Directory /opt/src/hadoop-ozone/integration-test/target/test-dir/MiniOzoneClusterImpl-997ea152-f140-49c4-a1de-3dc5f78ba7e1/datanode-2/data/ratis/5fe11c67-e9f4-4ecc-a486-f18c8f06145d
2019-06-15 12:52:41,197 INFO  server.RaftServerConfigKeys (ConfUtils.java:logGet(43)) - raft.server.log.queue.byte-limit = 2147483647 (custom)
2019-06-15 12:52:41,197 INFO  server.RaftServerConfigKeys (ConfUtils.java:logGet(43)) - raft.server.log.queue.element-limit = 1024 (custom)
2019-06-15 12:52:41,197 INFO  server.RaftServerConfigKeys (ConfUtils.java:logGet(43)) - raft.server.log.segment.size.max = 16384 (custom)
2019-06-15 12:52:41,197 INFO  server.RaftServerConfigKeys (ConfUtils.java:logGet(43)) - raft.server.log.preallocated.size = 16384 (custom)
2019-06-15 12:52:41,198 INFO  server.RaftServerConfigKeys (ConfUtils.java:logGet(43)) - raft.server.log.write.buffer.size = 33554432 (custom)
2019-06-15 12:52:41,198 INFO  server.RaftServerConfigKeys (ConfUtils.java:logGet(43)) - raft.server.log.force.sync.num = 128 (default)
2019-06-15 12:52:41,198 INFO  server.RaftServerConfigKeys (ConfUtils.java:logGet(43)) - raft.server.log.statemachine.data.sync = true (default)
2019-06-15 12:52:41,198 INFO  server.RaftServerConfigKeys (ConfUtils.java:logGet(43)) - raft.server.log.statemachine.data.sync.timeout = 10s (default)
2019-06-15 12:52:41,198 INFO  server.RaftServerConfigKeys (ConfUtils.java:logGet(43)) - raft.server.log.statemachine.data.sync.timeout.retry = -1 (default)
2019-06-15 12:52:41,198 INFO  server.RaftServerConfigKeys (ConfUtils.java:logGet(43)) - raft.server.log.statemachine.data.caching.enabled = true (custom)
2019-06-15 12:52:41,199 INFO  server.RaftServerConfigKeys (ConfUtils.java:logGet(43)) - raft.server.snapshot.auto.trigger.enabled = true (custom)
2019-06-15 12:52:41,199 INFO  server.RaftServerConfigKeys (ConfUtils.java:logGet(43)) - raft.server.snapshot.auto.trigger.threshold = 10000 (custom)
2019-06-15 12:52:41,199 INFO  server.RaftServerConfigKeys (ConfUtils.java:logGet(43)) - raft.server.retrycache.expirytime = 600000ms (custom)
2019-06-15 12:52:41,199 INFO  impl.RaftServerImpl (RaftServerImpl.java:start(173)) - c3f9190a-b351-4d81-a791-a26b36568df0: start group-F18C8F06145D
2019-06-15 12:52:41,199 INFO  impl.RaftServerImpl (RaftServerImpl.java:setRole(164)) - c3f9190a-b351-4d81-a791-a26b36568df0:group-F18C8F06145D changes role from null to FOLLOWER at term 0 for startAsFollower
2019-06-15 12:52:41,199 INFO  impl.RoleInfo (RoleInfo.java:updateAndGet(143)) - c3f9190a-b351-4d81-a791-a26b36568df0: start FollowerState
2019-06-15 12:52:41,200 INFO  util.JmxRegister (JmxRegister.java:tryRegister(44)) - Successfully registered JMX Bean with object name Ratis:service=RaftServer,group=group-F18C8F06145D,id=c3f9190a-b351-4d81-a791-a26b36568df0
2019-06-15 12:52:41,209 INFO  pipeline.PipelineStateManager (PipelineStateManager.java:addPipeline(56)) - Created pipeline Pipeline[ Id: 5fe11c67-e9f4-4ecc-a486-f18c8f06145d, Nodes: c3f9190a-b351-4d81-a791-a26b36568df0{ip: 192.168.134.101, host: ozone-unit-076618677d3-6whwr-2921122196, networkLocation: /default-rack, certSerialId: null}, Type:RATIS, Factor:ONE, State:OPEN]
2019-06-15 12:52:41,237 INFO  impl.RaftServerProxy (RaftServerProxy.java:addNew(89)) - 3499fbbb-0095-45f3-9db2-ae1600a749ce: addNew group-2D68F1AC8E23:[3499fbbb-0095-45f3-9db2-ae1600a749ce:192.168.134.101:46835] returns group-2D68F1AC8E23:java.util.concurrent.CompletableFuture@1b0cbfc7[Not completed]
2019-06-15 12:52:41,240 INFO  impl.RaftServerImpl (RaftServerImpl.java:<init>(91)) - 3499fbbb-0095-45f3-9db2-ae1600a749ce: new RaftServerImpl for group-2D68F1AC8E23:[3499fbbb-0095-45f3-9db2-ae1600a749ce:192.168.134.101:46835] with ContainerStateMachine:uninitialized
2019-06-15 12:52:41,241 INFO  server.RaftServerConfigKeys (ConfUtils.java:logGet(43)) - raft.server.rpc.timeout.min = 1s (custom)
2019-06-15 12:52:41,241 INFO  server.RaftServerConfigKeys (ConfUtils.java:logGet(43)) - raft.server.rpc.timeout.max = 1200ms (custom)
2019-06-15 12:52:41,241 INFO  server.RaftServerConfigKeys (ConfUtils.java:logGet(43)) - raft.server.rpcslowness.timeout = 10s (custom)
2019-06-15 12:52:41,241 INFO  server.RaftServerConfigKeys (ConfUtils.java:logGet(43)) - raft.server.log.appender.install.snapshot.enabled = true (default)
2019-06-15 12:52:41,241 INFO  impl.RaftServerImpl (ServerState.java:<init>(101)) - 3499fbbb-0095-45f3-9db2-ae1600a749ce:group-2D68F1AC8E23 ConfigurationManager, init=-1: [3499fbbb-0095-45f3-9db2-ae1600a749ce:192.168.134.101:46835], old=null, confs=<EMPTY_MAP>
2019-06-15 12:52:41,241 INFO  server.RaftServerConfigKeys (ConfUtils.java:logGet(43)) - raft.server.storage.dir = [/opt/src/hadoop-ozone/integration-test/target/test-dir/MiniOzoneClusterImpl-997ea152-f140-49c4-a1de-3dc5f78ba7e1/datanode-3/data/ratis] (custom)
2019-06-15 12:52:41,241 INFO  storage.RaftStorageDirectory (RaftStorageDirectory.java:analyzeStorage(246)) - The storage directory /opt/src/hadoop-ozone/integration-test/target/test-dir/MiniOzoneClusterImpl-997ea152-f140-49c4-a1de-3dc5f78ba7e1/datanode-3/data/ratis/0cc0079e-3073-417f-94ce-2d68f1ac8e23 does not exist. Creating ...
2019-06-15 12:52:41,243 INFO  storage.RaftStorageDirectory (RaftStorageDirectory.java:tryLock(328)) - Lock on /opt/src/hadoop-ozone/integration-test/target/test-dir/MiniOzoneClusterImpl-997ea152-f140-49c4-a1de-3dc5f78ba7e1/datanode-3/data/ratis/0cc0079e-3073-417f-94ce-2d68f1ac8e23/in_use.lock acquired by nodename 10083@ozone-unit-076618677d3-6whwr-2921122196
2019-06-15 12:52:41,246 INFO  storage.RaftStorage (RaftStorage.java:format(75)) - Storage directory /opt/src/hadoop-ozone/integration-test/target/test-dir/MiniOzoneClusterImpl-997ea152-f140-49c4-a1de-3dc5f78ba7e1/datanode-3/data/ratis/0cc0079e-3073-417f-94ce-2d68f1ac8e23 has been successfully formatted.
2019-06-15 12:52:41,246 INFO  ratis.ContainerStateMachine (ContainerStateMachine.java:loadSnapshot(199)) - The snapshot info is null.Setting the last applied index to:(t:0, i:~)
2019-06-15 12:52:41,246 INFO  server.RaftServerConfigKeys (ConfUtils.java:logGet(43)) - raft.server.leader.election.timeout = 10s (custom)
2019-06-15 12:52:41,246 INFO  server.RaftServerConfigKeys (ConfUtils.java:logGet(43)) - raft.server.log.use.memory = false (default)
2019-06-15 12:52:41,246 INFO  server.RaftServerConfigKeys (ConfUtils.java:logGet(43)) - raft.server.log.appender.buffer.byte-limit = 33554432 (custom)
2019-06-15 12:52:41,246 INFO  server.RaftServerConfigKeys (ConfUtils.java:logGet(43)) - raft.server.log.segment.size.max = 16384 (custom)
2019-06-15 12:52:41,247 INFO  server.RaftServerConfigKeys (ConfUtils.java:logGet(43)) - raft.server.log.segment.cache.num.max = 2 (custom)
2019-06-15 12:52:41,247 INFO  storage.RaftLogWorker (RaftLogWorker.java:<init>(123)) - new 3499fbbb-0095-45f3-9db2-ae1600a749ce-RaftLogWorker for Storage Directory /opt/src/hadoop-ozone/integration-test/target/test-dir/MiniOzoneClusterImpl-997ea152-f140-49c4-a1de-3dc5f78ba7e1/datanode-3/data/ratis/0cc0079e-3073-417f-94ce-2d68f1ac8e23
2019-06-15 12:52:41,247 INFO  server.RaftServerConfigKeys (ConfUtils.java:logGet(43)) - raft.server.log.queue.byte-limit = 2147483647 (custom)
2019-06-15 12:52:41,247 INFO  server.RaftServerConfigKeys (ConfUtils.java:logGet(43)) - raft.server.log.queue.element-limit = 1024 (custom)
2019-06-15 12:52:41,247 INFO  server.RaftServerConfigKeys (ConfUtils.java:logGet(43)) - raft.server.log.segment.size.max = 16384 (custom)
2019-06-15 12:52:41,247 INFO  server.RaftServerConfigKeys (ConfUtils.java:logGet(43)) - raft.server.log.preallocated.size = 16384 (custom)
2019-06-15 12:52:41,247 INFO  server.RaftServerConfigKeys (ConfUtils.java:logGet(43)) - raft.server.log.write.buffer.size = 33554432 (custom)
2019-06-15 12:52:41,247 INFO  server.RaftServerConfigKeys (ConfUtils.java:logGet(43)) - raft.server.log.force.sync.num = 128 (default)
2019-06-15 12:52:41,247 INFO  server.RaftServerConfigKeys (ConfUtils.java:logGet(43)) - raft.server.log.statemachine.data.sync = true (default)
2019-06-15 12:52:41,247 INFO  server.RaftServerConfigKeys (ConfUtils.java:logGet(43)) - raft.server.log.statemachine.data.sync.timeout = 10s (default)
2019-06-15 12:52:41,248 INFO  server.RaftServerConfigKeys (ConfUtils.java:logGet(43)) - raft.server.log.statemachine.data.sync.timeout.retry = -1 (default)
2019-06-15 12:52:41,248 INFO  server.RaftServerConfigKeys (ConfUtils.java:logGet(43)) - raft.server.log.statemachine.data.caching.enabled = true (custom)
2019-06-15 12:52:41,248 INFO  server.RaftServerConfigKeys (ConfUtils.java:logGet(43)) - raft.server.snapshot.auto.trigger.enabled = true (custom)
2019-06-15 12:52:41,248 INFO  server.RaftServerConfigKeys (ConfUtils.java:logGet(43)) - raft.server.snapshot.auto.trigger.threshold = 10000 (custom)
2019-06-15 12:52:41,249 INFO  server.RaftServerConfigKeys (ConfUtils.java:logGet(43)) - raft.server.retrycache.expirytime = 600000ms (custom)
2019-06-15 12:52:41,249 INFO  impl.RaftServerImpl (RaftServerImpl.java:start(173)) - 3499fbbb-0095-45f3-9db2-ae1600a749ce: start group-2D68F1AC8E23
2019-06-15 12:52:41,249 INFO  impl.RaftServerImpl (RaftServerImpl.java:setRole(164)) - 3499fbbb-0095-45f3-9db2-ae1600a749ce:group-2D68F1AC8E23 changes role from null to FOLLOWER at term 0 for startAsFollower
2019-06-15 12:52:41,249 INFO  impl.RoleInfo (RoleInfo.java:updateAndGet(143)) - 3499fbbb-0095-45f3-9db2-ae1600a749ce: start FollowerState
2019-06-15 12:52:41,249 INFO  util.JmxRegister (JmxRegister.java:tryRegister(44)) - Successfully registered JMX Bean with object name Ratis:service=RaftServer,group=group-2D68F1AC8E23,id=3499fbbb-0095-45f3-9db2-ae1600a749ce
2019-06-15 12:52:41,276 INFO  pipeline.PipelineStateManager (PipelineStateManager.java:addPipeline(56)) - Created pipeline Pipeline[ Id: 0cc0079e-3073-417f-94ce-2d68f1ac8e23, Nodes: 3499fbbb-0095-45f3-9db2-ae1600a749ce{ip: 192.168.134.101, host: ozone-unit-076618677d3-6whwr-2921122196, networkLocation: /default-rack, certSerialId: null}, Type:RATIS, Factor:ONE, State:OPEN]
2019-06-15 12:52:41,311 INFO  impl.RaftServerProxy (RaftServerProxy.java:addNew(89)) - 602258c7-de02-4b5a-a6d4-3a466d67f0ea: addNew group-88AA52C33E7A:[3499fbbb-0095-45f3-9db2-ae1600a749ce:192.168.134.101:46835, 2f09ea52-ab8b-46b8-aa32-5693c9a97311:192.168.134.101:37567, 602258c7-de02-4b5a-a6d4-3a466d67f0ea:192.168.134.101:40761] returns group-88AA52C33E7A:java.util.concurrent.CompletableFuture@2f9087c2[Not completed]
2019-06-15 12:52:41,311 INFO  impl.RaftServerImpl (RaftServerImpl.java:<init>(91)) - 602258c7-de02-4b5a-a6d4-3a466d67f0ea: new RaftServerImpl for group-88AA52C33E7A:[3499fbbb-0095-45f3-9db2-ae1600a749ce:192.168.134.101:46835, 2f09ea52-ab8b-46b8-aa32-5693c9a97311:192.168.134.101:37567, 602258c7-de02-4b5a-a6d4-3a466d67f0ea:192.168.134.101:40761] with ContainerStateMachine:uninitialized
2019-06-15 12:52:41,312 INFO  server.RaftServerConfigKeys (ConfUtils.java:logGet(43)) - raft.server.rpc.timeout.min = 1s (custom)
2019-06-15 12:52:41,313 INFO  server.RaftServerConfigKeys (ConfUtils.java:logGet(43)) - raft.server.rpc.timeout.max = 1200ms (custom)
2019-06-15 12:52:41,313 INFO  server.RaftServerConfigKeys (ConfUtils.java:logGet(43)) - raft.server.rpcslowness.timeout = 10s (custom)
2019-06-15 12:52:41,313 INFO  impl.RaftServerProxy (RaftServerProxy.java:addNew(89)) - 3499fbbb-0095-45f3-9db2-ae1600a749ce: addNew group-88AA52C33E7A:[3499fbbb-0095-45f3-9db2-ae1600a749ce:192.168.134.101:46835, 2f09ea52-ab8b-46b8-aa32-5693c9a97311:192.168.134.101:37567, 602258c7-de02-4b5a-a6d4-3a466d67f0ea:192.168.134.101:40761] returns group-88AA52C33E7A:java.util.concurrent.CompletableFuture@45233f3[Not completed]
2019-06-15 12:52:41,313 INFO  server.RaftServerConfigKeys (ConfUtils.java:logGet(43)) - raft.server.log.appender.install.snapshot.enabled = true (default)
2019-06-15 12:52:41,313 INFO  impl.RaftServerImpl (ServerState.java:<init>(101)) - 602258c7-de02-4b5a-a6d4-3a466d67f0ea:group-88AA52C33E7A ConfigurationManager, init=-1: [3499fbbb-0095-45f3-9db2-ae1600a749ce:192.168.134.101:46835, 2f09ea52-ab8b-46b8-aa32-5693c9a97311:192.168.134.101:37567, 602258c7-de02-4b5a-a6d4-3a466d67f0ea:192.168.134.101:40761], old=null, confs=<EMPTY_MAP>
2019-06-15 12:52:41,314 INFO  server.RaftServerConfigKeys (ConfUtils.java:logGet(43)) - raft.server.storage.dir = [/opt/src/hadoop-ozone/integration-test/target/test-dir/MiniOzoneClusterImpl-997ea152-f140-49c4-a1de-3dc5f78ba7e1/datanode-0/data/ratis] (custom)
2019-06-15 12:52:41,314 INFO  storage.RaftStorageDirectory (RaftStorageDirectory.java:analyzeStorage(246)) - The storage directory /opt/src/hadoop-ozone/integration-test/target/test-dir/MiniOzoneClusterImpl-997ea152-f140-49c4-a1de-3dc5f78ba7e1/datanode-0/data/ratis/f941c1aa-e133-44af-ae14-88aa52c33e7a does not exist. Creating ...
2019-06-15 12:52:41,316 INFO  storage.RaftStorageDirectory (RaftStorageDirectory.java:tryLock(328)) - Lock on /opt/src/hadoop-ozone/integration-test/target/test-dir/MiniOzoneClusterImpl-997ea152-f140-49c4-a1de-3dc5f78ba7e1/datanode-0/data/ratis/f941c1aa-e133-44af-ae14-88aa52c33e7a/in_use.lock acquired by nodename 10083@ozone-unit-076618677d3-6whwr-2921122196
2019-06-15 12:52:41,317 INFO  impl.RaftServerProxy (RaftServerProxy.java:addNew(89)) - 2f09ea52-ab8b-46b8-aa32-5693c9a97311: addNew group-88AA52C33E7A:[3499fbbb-0095-45f3-9db2-ae1600a749ce:192.168.134.101:46835, 2f09ea52-ab8b-46b8-aa32-5693c9a97311:192.168.134.101:37567, 602258c7-de02-4b5a-a6d4-3a466d67f0ea:192.168.134.101:40761] returns group-88AA52C33E7A:java.util.concurrent.CompletableFuture@63364add[Not completed]
2019-06-15 12:52:41,318 INFO  impl.RaftServerImpl (RaftServerImpl.java:<init>(91)) - 2f09ea52-ab8b-46b8-aa32-5693c9a97311: new RaftServerImpl for group-88AA52C33E7A:[3499fbbb-0095-45f3-9db2-ae1600a749ce:192.168.134.101:46835, 2f09ea52-ab8b-46b8-aa32-5693c9a97311:192.168.134.101:37567, 602258c7-de02-4b5a-a6d4-3a466d67f0ea:192.168.134.101:40761] with ContainerStateMachine:uninitialized
2019-06-15 12:52:41,318 INFO  server.RaftServerConfigKeys (ConfUtils.java:logGet(43)) - raft.server.rpc.timeout.min = 1s (custom)
2019-06-15 12:52:41,318 INFO  server.RaftServerConfigKeys (ConfUtils.java:logGet(43)) - raft.server.rpc.timeout.max = 1200ms (custom)
2019-06-15 12:52:41,319 INFO  server.RaftServerConfigKeys (ConfUtils.java:logGet(43)) - raft.server.rpcslowness.timeout = 10s (custom)
2019-06-15 12:52:41,319 INFO  server.RaftServerConfigKeys (ConfUtils.java:logGet(43)) - raft.server.log.appender.install.snapshot.enabled = true (default)
2019-06-15 12:52:41,319 INFO  impl.RaftServerImpl (ServerState.java:<init>(101)) - 2f09ea52-ab8b-46b8-aa32-5693c9a97311:group-88AA52C33E7A ConfigurationManager, init=-1: [3499fbbb-0095-45f3-9db2-ae1600a749ce:192.168.134.101:46835, 2f09ea52-ab8b-46b8-aa32-5693c9a97311:192.168.134.101:37567, 602258c7-de02-4b5a-a6d4-3a466d67f0ea:192.168.134.101:40761], old=null, confs=<EMPTY_MAP>
2019-06-15 12:52:41,319 INFO  storage.RaftStorage (RaftStorage.java:format(75)) - Storage directory /opt/src/hadoop-ozone/integration-test/target/test-dir/MiniOzoneClusterImpl-997ea152-f140-49c4-a1de-3dc5f78ba7e1/datanode-0/data/ratis/f941c1aa-e133-44af-ae14-88aa52c33e7a has been successfully formatted.
2019-06-15 12:52:41,319 INFO  server.RaftServerConfigKeys (ConfUtils.java:logGet(43)) - raft.server.storage.dir = [/opt/src/hadoop-ozone/integration-test/target/test-dir/MiniOzoneClusterImpl-997ea152-f140-49c4-a1de-3dc5f78ba7e1/datanode-1/data/ratis] (custom)
2019-06-15 12:52:41,319 INFO  ratis.ContainerStateMachine (ContainerStateMachine.java:loadSnapshot(199)) - The snapshot info is null.Setting the last applied index to:(t:0, i:~)
2019-06-15 12:52:41,319 INFO  storage.RaftStorageDirectory (RaftStorageDirectory.java:analyzeStorage(246)) - The storage directory /opt/src/hadoop-ozone/integration-test/target/test-dir/MiniOzoneClusterImpl-997ea152-f140-49c4-a1de-3dc5f78ba7e1/datanode-1/data/ratis/f941c1aa-e133-44af-ae14-88aa52c33e7a does not exist. Creating ...
2019-06-15 12:52:41,319 INFO  server.RaftServerConfigKeys (ConfUtils.java:logGet(43)) - raft.server.leader.election.timeout = 10s (custom)
2019-06-15 12:52:41,319 INFO  server.RaftServerConfigKeys (ConfUtils.java:logGet(43)) - raft.server.log.use.memory = false (default)
2019-06-15 12:52:41,319 INFO  server.RaftServerConfigKeys (ConfUtils.java:logGet(43)) - raft.server.log.appender.buffer.byte-limit = 33554432 (custom)
2019-06-15 12:52:41,320 INFO  server.RaftServerConfigKeys (ConfUtils.java:logGet(43)) - raft.server.log.segment.size.max = 16384 (custom)
2019-06-15 12:52:41,320 INFO  server.RaftServerConfigKeys (ConfUtils.java:logGet(43)) - raft.server.log.segment.cache.num.max = 2 (custom)
2019-06-15 12:52:41,320 INFO  storage.RaftLogWorker (RaftLogWorker.java:<init>(123)) - new 602258c7-de02-4b5a-a6d4-3a466d67f0ea-RaftLogWorker for Storage Directory /opt/src/hadoop-ozone/integration-test/target/test-dir/MiniOzoneClusterImpl-997ea152-f140-49c4-a1de-3dc5f78ba7e1/datanode-0/data/ratis/f941c1aa-e133-44af-ae14-88aa52c33e7a
2019-06-15 12:52:41,320 INFO  server.RaftServerConfigKeys (ConfUtils.java:logGet(43)) - raft.server.log.queue.byte-limit = 2147483647 (custom)
2019-06-15 12:52:41,320 INFO  server.RaftServerConfigKeys (ConfUtils.java:logGet(43)) - raft.server.log.queue.element-limit = 1024 (custom)
2019-06-15 12:52:41,320 INFO  server.RaftServerConfigKeys (ConfUtils.java:logGet(43)) - raft.server.log.segment.size.max = 16384 (custom)
2019-06-15 12:52:41,320 INFO  server.RaftServerConfigKeys (ConfUtils.java:logGet(43)) - raft.server.log.preallocated.size = 16384 (custom)
2019-06-15 12:52:41,320 INFO  server.RaftServerConfigKeys (ConfUtils.java:logGet(43)) - raft.server.log.write.buffer.size = 33554432 (custom)
2019-06-15 12:52:41,320 INFO  server.RaftServerConfigKeys (ConfUtils.java:logGet(43)) - raft.server.log.force.sync.num = 128 (default)
2019-06-15 12:52:41,321 INFO  server.RaftServerConfigKeys (ConfUtils.java:logGet(43)) - raft.server.log.statemachine.data.sync = true (default)
2019-06-15 12:52:41,321 INFO  server.RaftServerConfigKeys (ConfUtils.java:logGet(43)) - raft.server.log.statemachine.data.sync.timeout = 10s (default)
2019-06-15 12:52:41,321 INFO  server.RaftServerConfigKeys (ConfUtils.java:logGet(43)) - raft.server.log.statemachine.data.sync.timeout.retry = -1 (default)
2019-06-15 12:52:41,321 INFO  server.RaftServerConfigKeys (ConfUtils.java:logGet(43)) - raft.server.log.statemachine.data.caching.enabled = true (custom)
2019-06-15 12:52:41,321 INFO  storage.RaftStorageDirectory (RaftStorageDirectory.java:tryLock(328)) - Lock on /opt/src/hadoop-ozone/integration-test/target/test-dir/MiniOzoneClusterImpl-997ea152-f140-49c4-a1de-3dc5f78ba7e1/datanode-1/data/ratis/f941c1aa-e133-44af-ae14-88aa52c33e7a/in_use.lock acquired by nodename 10083@ozone-unit-076618677d3-6whwr-2921122196
2019-06-15 12:52:41,319 INFO  impl.RaftServerImpl (RaftServerImpl.java:<init>(91)) - 3499fbbb-0095-45f3-9db2-ae1600a749ce: new RaftServerImpl for group-88AA52C33E7A:[3499fbbb-0095-45f3-9db2-ae1600a749ce:192.168.134.101:46835, 2f09ea52-ab8b-46b8-aa32-5693c9a97311:192.168.134.101:37567, 602258c7-de02-4b5a-a6d4-3a466d67f0ea:192.168.134.101:40761] with ContainerStateMachine:uninitialized
2019-06-15 12:52:41,322 INFO  server.RaftServerConfigKeys (ConfUtils.java:logGet(43)) - raft.server.rpc.timeout.min = 1s (custom)
2019-06-15 12:52:41,322 INFO  server.RaftServerConfigKeys (ConfUtils.java:logGet(43)) - raft.server.rpc.timeout.max = 1200ms (custom)
2019-06-15 12:52:41,322 INFO  server.RaftServerConfigKeys (ConfUtils.java:logGet(43)) - raft.server.rpcslowness.timeout = 10s (custom)
2019-06-15 12:52:41,322 INFO  server.RaftServerConfigKeys (ConfUtils.java:logGet(43)) - raft.server.log.appender.install.snapshot.enabled = true (default)
2019-06-15 12:52:41,322 INFO  impl.RaftServerImpl (ServerState.java:<init>(101)) - 3499fbbb-0095-45f3-9db2-ae1600a749ce:group-88AA52C33E7A ConfigurationManager, init=-1: [3499fbbb-0095-45f3-9db2-ae1600a749ce:192.168.134.101:46835, 2f09ea52-ab8b-46b8-aa32-5693c9a97311:192.168.134.101:37567, 602258c7-de02-4b5a-a6d4-3a466d67f0ea:192.168.134.101:40761], old=null, confs=<EMPTY_MAP>
2019-06-15 12:52:41,323 INFO  server.RaftServerConfigKeys (ConfUtils.java:logGet(43)) - raft.server.storage.dir = [/opt/src/hadoop-ozone/integration-test/target/test-dir/MiniOzoneClusterImpl-997ea152-f140-49c4-a1de-3dc5f78ba7e1/datanode-3/data/ratis] (custom)
2019-06-15 12:52:41,323 INFO  storage.RaftStorageDirectory (RaftStorageDirectory.java:analyzeStorage(246)) - The storage directory /opt/src/hadoop-ozone/integration-test/target/test-dir/MiniOzoneClusterImpl-997ea152-f140-49c4-a1de-3dc5f78ba7e1/datanode-3/data/ratis/f941c1aa-e133-44af-ae14-88aa52c33e7a does not exist. Creating ...
2019-06-15 12:52:41,324 INFO  storage.RaftStorage (RaftStorage.java:format(75)) - Storage directory /opt/src/hadoop-ozone/integration-test/target/test-dir/MiniOzoneClusterImpl-997ea152-f140-49c4-a1de-3dc5f78ba7e1/datanode-1/data/ratis/f941c1aa-e133-44af-ae14-88aa52c33e7a has been successfully formatted.
2019-06-15 12:52:41,324 INFO  ratis.ContainerStateMachine (ContainerStateMachine.java:loadSnapshot(199)) - The snapshot info is null.Setting the last applied index to:(t:0, i:~)
2019-06-15 12:52:41,324 INFO  server.RaftServerConfigKeys (ConfUtils.java:logGet(43)) - raft.server.leader.election.timeout = 10s (custom)
2019-06-15 12:52:41,324 INFO  server.RaftServerConfigKeys (ConfUtils.java:logGet(43)) - raft.server.log.use.memory = false (default)
2019-06-15 12:52:41,324 INFO  server.RaftServerConfigKeys (ConfUtils.java:logGet(43)) - raft.server.log.appender.buffer.byte-limit = 33554432 (custom)
2019-06-15 12:52:41,324 INFO  server.RaftServerConfigKeys (ConfUtils.java:logGet(43)) - raft.server.log.segment.size.max = 16384 (custom)
2019-06-15 12:52:41,324 INFO  server.RaftServerConfigKeys (ConfUtils.java:logGet(43)) - raft.server.log.segment.cache.num.max = 2 (custom)
2019-06-15 12:52:41,324 INFO  storage.RaftLogWorker (RaftLogWorker.java:<init>(123)) - new 2f09ea52-ab8b-46b8-aa32-5693c9a97311-RaftLogWorker for Storage Directory /opt/src/hadoop-ozone/integration-test/target/test-dir/MiniOzoneClusterImpl-997ea152-f140-49c4-a1de-3dc5f78ba7e1/datanode-1/data/ratis/f941c1aa-e133-44af-ae14-88aa52c33e7a
2019-06-15 12:52:41,325 INFO  server.RaftServerConfigKeys (ConfUtils.java:logGet(43)) - raft.server.log.queue.byte-limit = 2147483647 (custom)
2019-06-15 12:52:41,325 INFO  server.RaftServerConfigKeys (ConfUtils.java:logGet(43)) - raft.server.log.queue.element-limit = 1024 (custom)
2019-06-15 12:52:41,325 INFO  server.RaftServerConfigKeys (ConfUtils.java:logGet(43)) - raft.server.log.segment.size.max = 16384 (custom)
2019-06-15 12:52:41,325 INFO  server.RaftServerConfigKeys (ConfUtils.java:logGet(43)) - raft.server.log.preallocated.size = 16384 (custom)
2019-06-15 12:52:41,325 INFO  server.RaftServerConfigKeys (ConfUtils.java:logGet(43)) - raft.server.log.write.buffer.size = 33554432 (custom)
2019-06-15 12:52:41,325 INFO  server.RaftServerConfigKeys (ConfUtils.java:logGet(43)) - raft.server.log.force.sync.num = 128 (default)
2019-06-15 12:52:41,325 INFO  server.RaftServerConfigKeys (ConfUtils.java:logGet(43)) - raft.server.log.statemachine.data.sync = true (default)
2019-06-15 12:52:41,325 INFO  server.RaftServerConfigKeys (ConfUtils.java:logGet(43)) - raft.server.log.statemachine.data.sync.timeout = 10s (default)
2019-06-15 12:52:41,325 INFO  server.RaftServerConfigKeys (ConfUtils.java:logGet(43)) - raft.server.log.statemachine.data.sync.timeout.retry = -1 (default)
2019-06-15 12:52:41,326 INFO  server.RaftServerConfigKeys (ConfUtils.java:logGet(43)) - raft.server.snapshot.auto.trigger.enabled = true (custom)
2019-06-15 12:52:41,326 INFO  server.RaftServerConfigKeys (ConfUtils.java:logGet(43)) - raft.server.snapshot.auto.trigger.threshold = 10000 (custom)
2019-06-15 12:52:41,326 INFO  server.RaftServerConfigKeys (ConfUtils.java:logGet(43)) - raft.server.retrycache.expirytime = 600000ms (custom)
2019-06-15 12:52:41,326 INFO  impl.RaftServerImpl (RaftServerImpl.java:start(173)) - 602258c7-de02-4b5a-a6d4-3a466d67f0ea: start group-88AA52C33E7A
2019-06-15 12:52:41,327 INFO  impl.RaftServerImpl (RaftServerImpl.java:setRole(164)) - 602258c7-de02-4b5a-a6d4-3a466d67f0ea:group-88AA52C33E7A changes role from null to FOLLOWER at term 0 for startAsFollower
2019-06-15 12:52:41,331 INFO  impl.RoleInfo (RoleInfo.java:updateAndGet(143)) - 602258c7-de02-4b5a-a6d4-3a466d67f0ea: start FollowerState
2019-06-15 12:52:41,326 INFO  server.RaftServerConfigKeys (ConfUtils.java:logGet(43)) - raft.server.log.statemachine.data.caching.enabled = true (custom)
2019-06-15 12:52:41,330 INFO  node.SCMNodeManager (SCMNodeManager.java:register(269)) - Registered Data node : 790ea317-2d37-4ae7-b62a-d8c6be3d62d8{ip: 192.168.134.101, host: ozone-unit-076618677d3-6whwr-2921122196, networkLocation: /default-rack, certSerialId: null}
2019-06-15 12:52:41,328 INFO  storage.RaftStorageDirectory (RaftStorageDirectory.java:tryLock(328)) - Lock on /opt/src/hadoop-ozone/integration-test/target/test-dir/MiniOzoneClusterImpl-997ea152-f140-49c4-a1de-3dc5f78ba7e1/datanode-3/data/ratis/f941c1aa-e133-44af-ae14-88aa52c33e7a/in_use.lock acquired by nodename 10083@ozone-unit-076618677d3-6whwr-2921122196
2019-06-15 12:52:41,335 INFO  util.JmxRegister (JmxRegister.java:tryRegister(44)) - Successfully registered JMX Bean with object name Ratis:service=RaftServer,group=group-88AA52C33E7A,id=602258c7-de02-4b5a-a6d4-3a466d67f0ea
2019-06-15 12:52:41,337 INFO  storage.RaftStorage (RaftStorage.java:format(75)) - Storage directory /opt/src/hadoop-ozone/integration-test/target/test-dir/MiniOzoneClusterImpl-997ea152-f140-49c4-a1de-3dc5f78ba7e1/datanode-3/data/ratis/f941c1aa-e133-44af-ae14-88aa52c33e7a has been successfully formatted.
2019-06-15 12:52:41,337 INFO  ratis.ContainerStateMachine (ContainerStateMachine.java:loadSnapshot(199)) - The snapshot info is null.Setting the last applied index to:(t:0, i:~)
2019-06-15 12:52:41,338 INFO  server.RaftServerConfigKeys (ConfUtils.java:logGet(43)) - raft.server.snapshot.auto.trigger.enabled = true (custom)
2019-06-15 12:52:41,338 INFO  server.RaftServerConfigKeys (ConfUtils.java:logGet(43)) - raft.server.snapshot.auto.trigger.threshold = 10000 (custom)
2019-06-15 12:52:41,338 INFO  server.RaftServerConfigKeys (ConfUtils.java:logGet(43)) - raft.server.retrycache.expirytime = 600000ms (custom)
2019-06-15 12:52:41,339 INFO  impl.RaftServerImpl (RaftServerImpl.java:start(173)) - 2f09ea52-ab8b-46b8-aa32-5693c9a97311: start group-88AA52C33E7A
2019-06-15 12:52:41,339 INFO  impl.RaftServerImpl (RaftServerImpl.java:setRole(164)) - 2f09ea52-ab8b-46b8-aa32-5693c9a97311:group-88AA52C33E7A changes role from null to FOLLOWER at term 0 for startAsFollower
2019-06-15 12:52:41,339 INFO  impl.RoleInfo (RoleInfo.java:updateAndGet(143)) - 2f09ea52-ab8b-46b8-aa32-5693c9a97311: start FollowerState
2019-06-15 12:52:41,339 INFO  server.RaftServerConfigKeys (ConfUtils.java:logGet(43)) - raft.server.leader.election.timeout = 10s (custom)
2019-06-15 12:52:41,339 INFO  server.RaftServerConfigKeys (ConfUtils.java:logGet(43)) - raft.server.log.use.memory = false (default)
2019-06-15 12:52:41,339 INFO  server.RaftServerConfigKeys (ConfUtils.java:logGet(43)) - raft.server.log.appender.buffer.byte-limit = 33554432 (custom)
2019-06-15 12:52:41,339 INFO  server.RaftServerConfigKeys (ConfUtils.java:logGet(43)) - raft.server.log.segment.size.max = 16384 (custom)
2019-06-15 12:52:41,339 INFO  server.RaftServerConfigKeys (ConfUtils.java:logGet(43)) - raft.server.log.segment.cache.num.max = 2 (custom)
2019-06-15 12:52:41,339 INFO  storage.RaftLogWorker (RaftLogWorker.java:<init>(123)) - new 3499fbbb-0095-45f3-9db2-ae1600a749ce-RaftLogWorker for Storage Directory /opt/src/hadoop-ozone/integration-test/target/test-dir/MiniOzoneClusterImpl-997ea152-f140-49c4-a1de-3dc5f78ba7e1/datanode-3/data/ratis/f941c1aa-e133-44af-ae14-88aa52c33e7a
2019-06-15 12:52:41,340 INFO  server.RaftServerConfigKeys (ConfUtils.java:logGet(43)) - raft.server.log.queue.byte-limit = 2147483647 (custom)
2019-06-15 12:52:41,340 INFO  server.RaftServerConfigKeys (ConfUtils.java:logGet(43)) - raft.server.log.queue.element-limit = 1024 (custom)
2019-06-15 12:52:41,340 INFO  server.RaftServerConfigKeys (ConfUtils.java:logGet(43)) - raft.server.log.segment.size.max = 16384 (custom)
2019-06-15 12:52:41,340 INFO  server.RaftServerConfigKeys (ConfUtils.java:logGet(43)) - raft.server.log.preallocated.size = 16384 (custom)
2019-06-15 12:52:41,340 INFO  server.RaftServerConfigKeys (ConfUtils.java:logGet(43)) - raft.server.log.write.buffer.size = 33554432 (custom)
2019-06-15 12:52:41,340 INFO  server.RaftServerConfigKeys (ConfUtils.java:logGet(43)) - raft.server.log.force.sync.num = 128 (default)
2019-06-15 12:52:41,340 INFO  server.RaftServerConfigKeys (ConfUtils.java:logGet(43)) - raft.server.log.statemachine.data.sync = true (default)
2019-06-15 12:52:41,340 INFO  server.RaftServerConfigKeys (ConfUtils.java:logGet(43)) - raft.server.log.statemachine.data.sync.timeout = 10s (default)
2019-06-15 12:52:41,340 INFO  server.RaftServerConfigKeys (ConfUtils.java:logGet(43)) - raft.server.log.statemachine.data.sync.timeout.retry = -1 (default)
2019-06-15 12:52:41,343 INFO  util.JmxRegister (JmxRegister.java:tryRegister(44)) - Successfully registered JMX Bean with object name Ratis:service=RaftServer,group=group-88AA52C33E7A,id=2f09ea52-ab8b-46b8-aa32-5693c9a97311
2019-06-15 12:52:41,348 INFO  server.RaftServerConfigKeys (ConfUtils.java:logGet(43)) - raft.server.log.statemachine.data.caching.enabled = true (custom)
2019-06-15 12:52:41,352 INFO  server.RaftServerConfigKeys (ConfUtils.java:logGet(43)) - raft.server.snapshot.auto.trigger.enabled = true (custom)
2019-06-15 12:52:41,352 INFO  server.RaftServerConfigKeys (ConfUtils.java:logGet(43)) - raft.server.snapshot.auto.trigger.threshold = 10000 (custom)
2019-06-15 12:52:41,352 INFO  server.RaftServerConfigKeys (ConfUtils.java:logGet(43)) - raft.server.retrycache.expirytime = 600000ms (custom)
2019-06-15 12:52:41,352 INFO  impl.RaftServerImpl (RaftServerImpl.java:start(173)) - 3499fbbb-0095-45f3-9db2-ae1600a749ce: start group-88AA52C33E7A
2019-06-15 12:52:41,353 INFO  impl.RaftServerImpl (RaftServerImpl.java:setRole(164)) - 3499fbbb-0095-45f3-9db2-ae1600a749ce:group-88AA52C33E7A changes role from null to FOLLOWER at term 0 for startAsFollower
2019-06-15 12:52:41,353 INFO  impl.RoleInfo (RoleInfo.java:updateAndGet(143)) - 3499fbbb-0095-45f3-9db2-ae1600a749ce: start FollowerState
2019-06-15 12:52:41,357 INFO  util.JmxRegister (JmxRegister.java:tryRegister(44)) - Successfully registered JMX Bean with object name Ratis:service=RaftServer,group=group-88AA52C33E7A,id=3499fbbb-0095-45f3-9db2-ae1600a749ce
2019-06-15 12:52:41,392 INFO  pipeline.PipelineStateManager (PipelineStateManager.java:addPipeline(56)) - Created pipeline Pipeline[ Id: f941c1aa-e133-44af-ae14-88aa52c33e7a, Nodes: 2f09ea52-ab8b-46b8-aa32-5693c9a97311{ip: 192.168.134.101, host: ozone-unit-076618677d3-6whwr-2921122196, networkLocation: /default-rack, certSerialId: null}602258c7-de02-4b5a-a6d4-3a466d67f0ea{ip: 192.168.134.101, host: ozone-unit-076618677d3-6whwr-2921122196, networkLocation: /default-rack, certSerialId: null}3499fbbb-0095-45f3-9db2-ae1600a749ce{ip: 192.168.134.101, host: ozone-unit-076618677d3-6whwr-2921122196, networkLocation: /default-rack, certSerialId: null}, Type:RATIS, Factor:THREE, State:OPEN]
2019-06-15 12:52:41,443 INFO  impl.RaftServerProxy (RaftServerProxy.java:addNew(89)) - 790ea317-2d37-4ae7-b62a-d8c6be3d62d8: addNew group-AF8D68B1C148:[790ea317-2d37-4ae7-b62a-d8c6be3d62d8:192.168.134.101:36683] returns group-AF8D68B1C148:java.util.concurrent.CompletableFuture@42d24c95[Not completed]
2019-06-15 12:52:41,446 INFO  impl.RaftServerImpl (RaftServerImpl.java:<init>(91)) - 790ea317-2d37-4ae7-b62a-d8c6be3d62d8: new RaftServerImpl for group-AF8D68B1C148:[790ea317-2d37-4ae7-b62a-d8c6be3d62d8:192.168.134.101:36683] with ContainerStateMachine:uninitialized
2019-06-15 12:52:41,452 INFO  server.RaftServerConfigKeys (ConfUtils.java:logGet(43)) - raft.server.rpc.timeout.min = 1s (custom)
2019-06-15 12:52:41,452 INFO  server.RaftServerConfigKeys (ConfUtils.java:logGet(43)) - raft.server.rpc.timeout.max = 1200ms (custom)
2019-06-15 12:52:41,452 INFO  server.RaftServerConfigKeys (ConfUtils.java:logGet(43)) - raft.server.rpcslowness.timeout = 10s (custom)
2019-06-15 12:52:41,452 INFO  server.RaftServerConfigKeys (ConfUtils.java:logGet(43)) - raft.server.log.appender.install.snapshot.enabled = true (default)
2019-06-15 12:52:41,452 INFO  impl.RaftServerImpl (ServerState.java:<init>(101)) - 790ea317-2d37-4ae7-b62a-d8c6be3d62d8:group-AF8D68B1C148 ConfigurationManager, init=-1: [790ea317-2d37-4ae7-b62a-d8c6be3d62d8:192.168.134.101:36683], old=null, confs=<EMPTY_MAP>
2019-06-15 12:52:41,453 INFO  server.RaftServerConfigKeys (ConfUtils.java:logGet(43)) - raft.server.storage.dir = [/opt/src/hadoop-ozone/integration-test/target/test-dir/MiniOzoneClusterImpl-997ea152-f140-49c4-a1de-3dc5f78ba7e1/datanode-4/data/ratis] (custom)
2019-06-15 12:52:41,453 INFO  storage.RaftStorageDirectory (RaftStorageDirectory.java:analyzeStorage(246)) - The storage directory /opt/src/hadoop-ozone/integration-test/target/test-dir/MiniOzoneClusterImpl-997ea152-f140-49c4-a1de-3dc5f78ba7e1/datanode-4/data/ratis/cfc37256-9f6a-47bd-899b-af8d68b1c148 does not exist. Creating ...
2019-06-15 12:52:41,466 INFO  storage.RaftStorageDirectory (RaftStorageDirectory.java:tryLock(328)) - Lock on /opt/src/hadoop-ozone/integration-test/target/test-dir/MiniOzoneClusterImpl-997ea152-f140-49c4-a1de-3dc5f78ba7e1/datanode-4/data/ratis/cfc37256-9f6a-47bd-899b-af8d68b1c148/in_use.lock acquired by nodename 10083@ozone-unit-076618677d3-6whwr-2921122196
2019-06-15 12:52:41,468 INFO  storage.RaftStorage (RaftStorage.java:format(75)) - Storage directory /opt/src/hadoop-ozone/integration-test/target/test-dir/MiniOzoneClusterImpl-997ea152-f140-49c4-a1de-3dc5f78ba7e1/datanode-4/data/ratis/cfc37256-9f6a-47bd-899b-af8d68b1c148 has been successfully formatted.
2019-06-15 12:52:41,469 INFO  ratis.ContainerStateMachine (ContainerStateMachine.java:loadSnapshot(199)) - The snapshot info is null.Setting the last applied index to:(t:0, i:~)
2019-06-15 12:52:41,469 INFO  server.RaftServerConfigKeys (ConfUtils.java:logGet(43)) - raft.server.leader.election.timeout = 10s (custom)
2019-06-15 12:52:41,469 INFO  server.RaftServerConfigKeys (ConfUtils.java:logGet(43)) - raft.server.log.use.memory = false (default)
2019-06-15 12:52:41,469 INFO  server.RaftServerConfigKeys (ConfUtils.java:logGet(43)) - raft.server.log.appender.buffer.byte-limit = 33554432 (custom)
2019-06-15 12:52:41,469 INFO  server.RaftServerConfigKeys (ConfUtils.java:logGet(43)) - raft.server.log.segment.size.max = 16384 (custom)
2019-06-15 12:52:41,469 INFO  server.RaftServerConfigKeys (ConfUtils.java:logGet(43)) - raft.server.log.segment.cache.num.max = 2 (custom)
2019-06-15 12:52:41,470 INFO  storage.RaftLogWorker (RaftLogWorker.java:<init>(123)) - new 790ea317-2d37-4ae7-b62a-d8c6be3d62d8-RaftLogWorker for Storage Directory /opt/src/hadoop-ozone/integration-test/target/test-dir/MiniOzoneClusterImpl-997ea152-f140-49c4-a1de-3dc5f78ba7e1/datanode-4/data/ratis/cfc37256-9f6a-47bd-899b-af8d68b1c148
2019-06-15 12:52:41,470 INFO  server.RaftServerConfigKeys (ConfUtils.java:logGet(43)) - raft.server.log.queue.byte-limit = 2147483647 (custom)
2019-06-15 12:52:41,470 INFO  server.RaftServerConfigKeys (ConfUtils.java:logGet(43)) - raft.server.log.queue.element-limit = 1024 (custom)
2019-06-15 12:52:41,470 INFO  server.RaftServerConfigKeys (ConfUtils.java:logGet(43)) - raft.server.log.segment.size.max = 16384 (custom)
2019-06-15 12:52:41,470 INFO  server.RaftServerConfigKeys (ConfUtils.java:logGet(43)) - raft.server.log.preallocated.size = 16384 (custom)
2019-06-15 12:52:41,470 INFO  server.RaftServerConfigKeys (ConfUtils.java:logGet(43)) - raft.server.log.write.buffer.size = 33554432 (custom)
2019-06-15 12:52:41,471 INFO  server.RaftServerConfigKeys (ConfUtils.java:logGet(43)) - raft.server.log.force.sync.num = 128 (default)
2019-06-15 12:52:41,471 INFO  server.RaftServerConfigKeys (ConfUtils.java:logGet(43)) - raft.server.log.statemachine.data.sync = true (default)
2019-06-15 12:52:41,471 INFO  server.RaftServerConfigKeys (ConfUtils.java:logGet(43)) - raft.server.log.statemachine.data.sync.timeout = 10s (default)
2019-06-15 12:52:41,471 INFO  server.RaftServerConfigKeys (ConfUtils.java:logGet(43)) - raft.server.log.statemachine.data.sync.timeout.retry = -1 (default)
2019-06-15 12:52:41,471 INFO  server.RaftServerConfigKeys (ConfUtils.java:logGet(43)) - raft.server.log.statemachine.data.caching.enabled = true (custom)
2019-06-15 12:52:41,478 INFO  server.RaftServerConfigKeys (ConfUtils.java:logGet(43)) - raft.server.snapshot.auto.trigger.enabled = true (custom)
2019-06-15 12:52:41,478 INFO  server.RaftServerConfigKeys (ConfUtils.java:logGet(43)) - raft.server.snapshot.auto.trigger.threshold = 10000 (custom)
2019-06-15 12:52:41,478 INFO  server.RaftServerConfigKeys (ConfUtils.java:logGet(43)) - raft.server.retrycache.expirytime = 600000ms (custom)
2019-06-15 12:52:41,478 INFO  impl.RaftServerImpl (RaftServerImpl.java:start(173)) - 790ea317-2d37-4ae7-b62a-d8c6be3d62d8: start group-AF8D68B1C148
2019-06-15 12:52:41,478 INFO  impl.RaftServerImpl (RaftServerImpl.java:setRole(164)) - 790ea317-2d37-4ae7-b62a-d8c6be3d62d8:group-AF8D68B1C148 changes role from null to FOLLOWER at term 0 for startAsFollower
2019-06-15 12:52:41,479 INFO  impl.RoleInfo (RoleInfo.java:updateAndGet(143)) - 790ea317-2d37-4ae7-b62a-d8c6be3d62d8: start FollowerState
2019-06-15 12:52:41,482 INFO  util.JmxRegister (JmxRegister.java:tryRegister(44)) - Successfully registered JMX Bean with object name Ratis:service=RaftServer,group=group-AF8D68B1C148,id=790ea317-2d37-4ae7-b62a-d8c6be3d62d8
2019-06-15 12:52:41,498 INFO  pipeline.PipelineStateManager (PipelineStateManager.java:addPipeline(56)) - Created pipeline Pipeline[ Id: cfc37256-9f6a-47bd-899b-af8d68b1c148, Nodes: 790ea317-2d37-4ae7-b62a-d8c6be3d62d8{ip: 192.168.134.101, host: ozone-unit-076618677d3-6whwr-2921122196, networkLocation: /default-rack, certSerialId: null}, Type:RATIS, Factor:ONE, State:OPEN]
2019-06-15 12:52:41,522 INFO  ozone.MiniOzoneClusterImpl (MiniOzoneClusterImpl.java:lambda$waitForClusterToBeReady$0(142)) - Waiting for cluster to be ready. Got 5 of 6 DN Heartbeats.
2019-06-15 12:52:41,530 INFO  node.SCMNodeManager (SCMNodeManager.java:register(269)) - Registered Data node : 0ecd3a89-2722-497d-8807-08930910c885{ip: 192.168.134.101, host: ozone-unit-076618677d3-6whwr-2921122196, networkLocation: /default-rack, certSerialId: null}
2019-06-15 12:52:41,558 INFO  impl.RaftServerProxy (RaftServerProxy.java:addNew(89)) - 0ecd3a89-2722-497d-8807-08930910c885: addNew group-25E31D59166F:[0ecd3a89-2722-497d-8807-08930910c885:192.168.134.101:36915] returns group-25E31D59166F:java.util.concurrent.CompletableFuture@4224bfa9[Not completed]
2019-06-15 12:52:41,560 INFO  impl.RaftServerImpl (RaftServerImpl.java:<init>(91)) - 0ecd3a89-2722-497d-8807-08930910c885: new RaftServerImpl for group-25E31D59166F:[0ecd3a89-2722-497d-8807-08930910c885:192.168.134.101:36915] with ContainerStateMachine:uninitialized
2019-06-15 12:52:41,560 INFO  server.RaftServerConfigKeys (ConfUtils.java:logGet(43)) - raft.server.rpc.timeout.min = 1s (custom)
2019-06-15 12:52:41,560 INFO  server.RaftServerConfigKeys (ConfUtils.java:logGet(43)) - raft.server.rpc.timeout.max = 1200ms (custom)
2019-06-15 12:52:41,560 INFO  server.RaftServerConfigKeys (ConfUtils.java:logGet(43)) - raft.server.rpcslowness.timeout = 10s (custom)
2019-06-15 12:52:41,560 INFO  server.RaftServerConfigKeys (ConfUtils.java:logGet(43)) - raft.server.log.appender.install.snapshot.enabled = true (default)
2019-06-15 12:52:41,561 INFO  impl.RaftServerImpl (ServerState.java:<init>(101)) - 0ecd3a89-2722-497d-8807-08930910c885:group-25E31D59166F ConfigurationManager, init=-1: [0ecd3a89-2722-497d-8807-08930910c885:192.168.134.101:36915], old=null, confs=<EMPTY_MAP>
2019-06-15 12:52:41,561 INFO  server.RaftServerConfigKeys (ConfUtils.java:logGet(43)) - raft.server.storage.dir = [/opt/src/hadoop-ozone/integration-test/target/test-dir/MiniOzoneClusterImpl-997ea152-f140-49c4-a1de-3dc5f78ba7e1/datanode-5/data/ratis] (custom)
2019-06-15 12:52:41,561 INFO  storage.RaftStorageDirectory (RaftStorageDirectory.java:analyzeStorage(246)) - The storage directory /opt/src/hadoop-ozone/integration-test/target/test-dir/MiniOzoneClusterImpl-997ea152-f140-49c4-a1de-3dc5f78ba7e1/datanode-5/data/ratis/08f16dc2-6bf2-4ca8-9b1c-25e31d59166f does not exist. Creating ...
2019-06-15 12:52:41,565 INFO  storage.RaftStorageDirectory (RaftStorageDirectory.java:tryLock(328)) - Lock on /opt/src/hadoop-ozone/integration-test/target/test-dir/MiniOzoneClusterImpl-997ea152-f140-49c4-a1de-3dc5f78ba7e1/datanode-5/data/ratis/08f16dc2-6bf2-4ca8-9b1c-25e31d59166f/in_use.lock acquired by nodename 10083@ozone-unit-076618677d3-6whwr-2921122196
2019-06-15 12:52:41,567 INFO  storage.RaftStorage (RaftStorage.java:format(75)) - Storage directory /opt/src/hadoop-ozone/integration-test/target/test-dir/MiniOzoneClusterImpl-997ea152-f140-49c4-a1de-3dc5f78ba7e1/datanode-5/data/ratis/08f16dc2-6bf2-4ca8-9b1c-25e31d59166f has been successfully formatted.
2019-06-15 12:52:41,567 INFO  ratis.ContainerStateMachine (ContainerStateMachine.java:loadSnapshot(199)) - The snapshot info is null.Setting the last applied index to:(t:0, i:~)
2019-06-15 12:52:41,568 INFO  server.RaftServerConfigKeys (ConfUtils.java:logGet(43)) - raft.server.leader.election.timeout = 10s (custom)
2019-06-15 12:52:41,568 INFO  server.RaftServerConfigKeys (ConfUtils.java:logGet(43)) - raft.server.log.use.memory = false (default)
2019-06-15 12:52:41,568 INFO  server.RaftServerConfigKeys (ConfUtils.java:logGet(43)) - raft.server.log.appender.buffer.byte-limit = 33554432 (custom)
2019-06-15 12:52:41,568 INFO  server.RaftServerConfigKeys (ConfUtils.java:logGet(43)) - raft.server.log.segment.size.max = 16384 (custom)
2019-06-15 12:52:41,568 INFO  server.RaftServerConfigKeys (ConfUtils.java:logGet(43)) - raft.server.log.segment.cache.num.max = 2 (custom)
2019-06-15 12:52:41,568 INFO  storage.RaftLogWorker (RaftLogWorker.java:<init>(123)) - new 0ecd3a89-2722-497d-8807-08930910c885-RaftLogWorker for Storage Directory /opt/src/hadoop-ozone/integration-test/target/test-dir/MiniOzoneClusterImpl-997ea152-f140-49c4-a1de-3dc5f78ba7e1/datanode-5/data/ratis/08f16dc2-6bf2-4ca8-9b1c-25e31d59166f
2019-06-15 12:52:41,568 INFO  server.RaftServerConfigKeys (ConfUtils.java:logGet(43)) - raft.server.log.queue.byte-limit = 2147483647 (custom)
2019-06-15 12:52:41,569 INFO  server.RaftServerConfigKeys (ConfUtils.java:logGet(43)) - raft.server.log.queue.element-limit = 1024 (custom)
2019-06-15 12:52:41,569 INFO  server.RaftServerConfigKeys (ConfUtils.java:logGet(43)) - raft.server.log.segment.size.max = 16384 (custom)
2019-06-15 12:52:41,569 INFO  server.RaftServerConfigKeys (ConfUtils.java:logGet(43)) - raft.server.log.preallocated.size = 16384 (custom)
2019-06-15 12:52:41,569 INFO  server.RaftServerConfigKeys (ConfUtils.java:logGet(43)) - raft.server.log.write.buffer.size = 33554432 (custom)
2019-06-15 12:52:41,569 INFO  server.RaftServerConfigKeys (ConfUtils.java:logGet(43)) - raft.server.log.force.sync.num = 128 (default)
2019-06-15 12:52:41,569 INFO  server.RaftServerConfigKeys (ConfUtils.java:logGet(43)) - raft.server.log.statemachine.data.sync = true (default)
2019-06-15 12:52:41,569 INFO  server.RaftServerConfigKeys (ConfUtils.java:logGet(43)) - raft.server.log.statemachine.data.sync.timeout = 10s (default)
2019-06-15 12:52:41,570 INFO  server.RaftServerConfigKeys (ConfUtils.java:logGet(43)) - raft.server.log.statemachine.data.sync.timeout.retry = -1 (default)
2019-06-15 12:52:41,570 INFO  server.RaftServerConfigKeys (ConfUtils.java:logGet(43)) - raft.server.log.statemachine.data.caching.enabled = true (custom)
2019-06-15 12:52:41,570 INFO  server.RaftServerConfigKeys (ConfUtils.java:logGet(43)) - raft.server.snapshot.auto.trigger.enabled = true (custom)
2019-06-15 12:52:41,570 INFO  server.RaftServerConfigKeys (ConfUtils.java:logGet(43)) - raft.server.snapshot.auto.trigger.threshold = 10000 (custom)
2019-06-15 12:52:41,571 INFO  server.RaftServerConfigKeys (ConfUtils.java:logGet(43)) - raft.server.retrycache.expirytime = 600000ms (custom)
2019-06-15 12:52:41,571 INFO  impl.RaftServerImpl (RaftServerImpl.java:start(173)) - 0ecd3a89-2722-497d-8807-08930910c885: start group-25E31D59166F
2019-06-15 12:52:41,571 INFO  impl.RaftServerImpl (RaftServerImpl.java:setRole(164)) - 0ecd3a89-2722-497d-8807-08930910c885:group-25E31D59166F changes role from null to FOLLOWER at term 0 for startAsFollower
2019-06-15 12:52:41,571 INFO  impl.RoleInfo (RoleInfo.java:updateAndGet(143)) - 0ecd3a89-2722-497d-8807-08930910c885: start FollowerState
2019-06-15 12:52:41,572 INFO  util.JmxRegister (JmxRegister.java:tryRegister(44)) - Successfully registered JMX Bean with object name Ratis:service=RaftServer,group=group-25E31D59166F,id=0ecd3a89-2722-497d-8807-08930910c885
2019-06-15 12:52:41,585 INFO  pipeline.PipelineStateManager (PipelineStateManager.java:addPipeline(56)) - Created pipeline Pipeline[ Id: 08f16dc2-6bf2-4ca8-9b1c-25e31d59166f, Nodes: 0ecd3a89-2722-497d-8807-08930910c885{ip: 192.168.134.101, host: ozone-unit-076618677d3-6whwr-2921122196, networkLocation: /default-rack, certSerialId: null}, Type:RATIS, Factor:ONE, State:OPEN]
2019-06-15 12:52:41,620 INFO  impl.RaftServerProxy (RaftServerProxy.java:addNew(89)) - 790ea317-2d37-4ae7-b62a-d8c6be3d62d8: addNew group-AD73A91587B9:[0ecd3a89-2722-497d-8807-08930910c885:192.168.134.101:36915, c3f9190a-b351-4d81-a791-a26b36568df0:192.168.134.101:39871, 790ea317-2d37-4ae7-b62a-d8c6be3d62d8:192.168.134.101:36683] returns group-AD73A91587B9:java.util.concurrent.CompletableFuture@21d4bb48[Not completed]
2019-06-15 12:52:41,622 INFO  impl.RaftServerImpl (RaftServerImpl.java:<init>(91)) - 790ea317-2d37-4ae7-b62a-d8c6be3d62d8: new RaftServerImpl for group-AD73A91587B9:[0ecd3a89-2722-497d-8807-08930910c885:192.168.134.101:36915, c3f9190a-b351-4d81-a791-a26b36568df0:192.168.134.101:39871, 790ea317-2d37-4ae7-b62a-d8c6be3d62d8:192.168.134.101:36683] with ContainerStateMachine:uninitialized
2019-06-15 12:52:41,622 INFO  server.RaftServerConfigKeys (ConfUtils.java:logGet(43)) - raft.server.rpc.timeout.min = 1s (custom)
2019-06-15 12:52:41,623 INFO  server.RaftServerConfigKeys (ConfUtils.java:logGet(43)) - raft.server.rpc.timeout.max = 1200ms (custom)
2019-06-15 12:52:41,623 INFO  server.RaftServerConfigKeys (ConfUtils.java:logGet(43)) - raft.server.rpcslowness.timeout = 10s (custom)
2019-06-15 12:52:41,623 INFO  server.RaftServerConfigKeys (ConfUtils.java:logGet(43)) - raft.server.log.appender.install.snapshot.enabled = true (default)
2019-06-15 12:52:41,623 INFO  impl.RaftServerImpl (ServerState.java:<init>(101)) - 790ea317-2d37-4ae7-b62a-d8c6be3d62d8:group-AD73A91587B9 ConfigurationManager, init=-1: [0ecd3a89-2722-497d-8807-08930910c885:192.168.134.101:36915, c3f9190a-b351-4d81-a791-a26b36568df0:192.168.134.101:39871, 790ea317-2d37-4ae7-b62a-d8c6be3d62d8:192.168.134.101:36683], old=null, confs=<EMPTY_MAP>
2019-06-15 12:52:41,623 INFO  server.RaftServerConfigKeys (ConfUtils.java:logGet(43)) - raft.server.storage.dir = [/opt/src/hadoop-ozone/integration-test/target/test-dir/MiniOzoneClusterImpl-997ea152-f140-49c4-a1de-3dc5f78ba7e1/datanode-4/data/ratis] (custom)
2019-06-15 12:52:41,623 INFO  storage.RaftStorageDirectory (RaftStorageDirectory.java:analyzeStorage(246)) - The storage directory /opt/src/hadoop-ozone/integration-test/target/test-dir/MiniOzoneClusterImpl-997ea152-f140-49c4-a1de-3dc5f78ba7e1/datanode-4/data/ratis/c4edb2db-9c2d-4194-9d47-ad73a91587b9 does not exist. Creating ...
2019-06-15 12:52:41,624 INFO  impl.RaftServerProxy (RaftServerProxy.java:addNew(89)) - 0ecd3a89-2722-497d-8807-08930910c885: addNew group-AD73A91587B9:[0ecd3a89-2722-497d-8807-08930910c885:192.168.134.101:36915, c3f9190a-b351-4d81-a791-a26b36568df0:192.168.134.101:39871, 790ea317-2d37-4ae7-b62a-d8c6be3d62d8:192.168.134.101:36683] returns group-AD73A91587B9:java.util.concurrent.CompletableFuture@466a812c[Not completed]
2019-06-15 12:52:41,625 INFO  impl.RaftServerImpl (RaftServerImpl.java:<init>(91)) - 0ecd3a89-2722-497d-8807-08930910c885: new RaftServerImpl for group-AD73A91587B9:[0ecd3a89-2722-497d-8807-08930910c885:192.168.134.101:36915, c3f9190a-b351-4d81-a791-a26b36568df0:192.168.134.101:39871, 790ea317-2d37-4ae7-b62a-d8c6be3d62d8:192.168.134.101:36683] with ContainerStateMachine:uninitialized
2019-06-15 12:52:41,625 INFO  server.RaftServerConfigKeys (ConfUtils.java:logGet(43)) - raft.server.rpc.timeout.min = 1s (custom)
2019-06-15 12:52:41,625 INFO  server.RaftServerConfigKeys (ConfUtils.java:logGet(43)) - raft.server.rpc.timeout.max = 1200ms (custom)
2019-06-15 12:52:41,625 INFO  server.RaftServerConfigKeys (ConfUtils.java:logGet(43)) - raft.server.rpcslowness.timeout = 10s (custom)
2019-06-15 12:52:41,625 INFO  server.RaftServerConfigKeys (ConfUtils.java:logGet(43)) - raft.server.log.appender.install.snapshot.enabled = true (default)
2019-06-15 12:52:41,625 INFO  impl.RaftServerImpl (ServerState.java:<init>(101)) - 0ecd3a89-2722-497d-8807-08930910c885:group-AD73A91587B9 ConfigurationManager, init=-1: [0ecd3a89-2722-497d-8807-08930910c885:192.168.134.101:36915, c3f9190a-b351-4d81-a791-a26b36568df0:192.168.134.101:39871, 790ea317-2d37-4ae7-b62a-d8c6be3d62d8:192.168.134.101:36683], old=null, confs=<EMPTY_MAP>
2019-06-15 12:52:41,626 INFO  server.RaftServerConfigKeys (ConfUtils.java:logGet(43)) - raft.server.storage.dir = [/opt/src/hadoop-ozone/integration-test/target/test-dir/MiniOzoneClusterImpl-997ea152-f140-49c4-a1de-3dc5f78ba7e1/datanode-5/data/ratis] (custom)
2019-06-15 12:52:41,627 INFO  storage.RaftStorageDirectory (RaftStorageDirectory.java:tryLock(328)) - Lock on /opt/src/hadoop-ozone/integration-test/target/test-dir/MiniOzoneClusterImpl-997ea152-f140-49c4-a1de-3dc5f78ba7e1/datanode-4/data/ratis/c4edb2db-9c2d-4194-9d47-ad73a91587b9/in_use.lock acquired by nodename 10083@ozone-unit-076618677d3-6whwr-2921122196
2019-06-15 12:52:41,627 INFO  storage.RaftStorageDirectory (RaftStorageDirectory.java:analyzeStorage(246)) - The storage directory /opt/src/hadoop-ozone/integration-test/target/test-dir/MiniOzoneClusterImpl-997ea152-f140-49c4-a1de-3dc5f78ba7e1/datanode-5/data/ratis/c4edb2db-9c2d-4194-9d47-ad73a91587b9 does not exist. Creating ...
2019-06-15 12:52:41,630 INFO  impl.RaftServerProxy (RaftServerProxy.java:addNew(89)) - c3f9190a-b351-4d81-a791-a26b36568df0: addNew group-AD73A91587B9:[0ecd3a89-2722-497d-8807-08930910c885:192.168.134.101:36915, c3f9190a-b351-4d81-a791-a26b36568df0:192.168.134.101:39871, 790ea317-2d37-4ae7-b62a-d8c6be3d62d8:192.168.134.101:36683] returns group-AD73A91587B9:java.util.concurrent.CompletableFuture@4381f278[Not completed]
2019-06-15 12:52:41,634 INFO  storage.RaftStorage (RaftStorage.java:format(75)) - Storage directory /opt/src/hadoop-ozone/integration-test/target/test-dir/MiniOzoneClusterImpl-997ea152-f140-49c4-a1de-3dc5f78ba7e1/datanode-4/data/ratis/c4edb2db-9c2d-4194-9d47-ad73a91587b9 has been successfully formatted.
2019-06-15 12:52:41,634 INFO  ratis.ContainerStateMachine (ContainerStateMachine.java:loadSnapshot(199)) - The snapshot info is null.Setting the last applied index to:(t:0, i:~)
2019-06-15 12:52:41,634 INFO  server.RaftServerConfigKeys (ConfUtils.java:logGet(43)) - raft.server.leader.election.timeout = 10s (custom)
2019-06-15 12:52:41,634 INFO  server.RaftServerConfigKeys (ConfUtils.java:logGet(43)) - raft.server.log.use.memory = false (default)
2019-06-15 12:52:41,634 INFO  server.RaftServerConfigKeys (ConfUtils.java:logGet(43)) - raft.server.log.appender.buffer.byte-limit = 33554432 (custom)
2019-06-15 12:52:41,635 INFO  server.RaftServerConfigKeys (ConfUtils.java:logGet(43)) - raft.server.log.segment.size.max = 16384 (custom)
2019-06-15 12:52:41,635 INFO  server.RaftServerConfigKeys (ConfUtils.java:logGet(43)) - raft.server.log.segment.cache.num.max = 2 (custom)
2019-06-15 12:52:41,635 INFO  storage.RaftLogWorker (RaftLogWorker.java:<init>(123)) - new 790ea317-2d37-4ae7-b62a-d8c6be3d62d8-RaftLogWorker for Storage Directory /opt/src/hadoop-ozone/integration-test/target/test-dir/MiniOzoneClusterImpl-997ea152-f140-49c4-a1de-3dc5f78ba7e1/datanode-4/data/ratis/c4edb2db-9c2d-4194-9d47-ad73a91587b9
2019-06-15 12:52:41,635 INFO  server.RaftServerConfigKeys (ConfUtils.java:logGet(43)) - raft.server.log.queue.byte-limit = 2147483647 (custom)
2019-06-15 12:52:41,635 INFO  server.RaftServerConfigKeys (ConfUtils.java:logGet(43)) - raft.server.log.queue.element-limit = 1024 (custom)
2019-06-15 12:52:41,635 INFO  server.RaftServerConfigKeys (ConfUtils.java:logGet(43)) - raft.server.log.segment.size.max = 16384 (custom)
2019-06-15 12:52:41,635 INFO  server.RaftServerConfigKeys (ConfUtils.java:logGet(43)) - raft.server.log.preallocated.size = 16384 (custom)
2019-06-15 12:52:41,635 INFO  server.RaftServerConfigKeys (ConfUtils.java:logGet(43)) - raft.server.log.write.buffer.size = 33554432 (custom)
2019-06-15 12:52:41,635 INFO  server.RaftServerConfigKeys (ConfUtils.java:logGet(43)) - raft.server.log.force.sync.num = 128 (default)
2019-06-15 12:52:41,635 INFO  server.RaftServerConfigKeys (ConfUtils.java:logGet(43)) - raft.server.log.statemachine.data.sync = true (default)
2019-06-15 12:52:41,636 INFO  server.RaftServerConfigKeys (ConfUtils.java:logGet(43)) - raft.server.log.statemachine.data.sync.timeout = 10s (default)
2019-06-15 12:52:41,636 INFO  server.RaftServerConfigKeys (ConfUtils.java:logGet(43)) - raft.server.log.statemachine.data.sync.timeout.retry = -1 (default)
2019-06-15 12:52:41,636 INFO  server.RaftServerConfigKeys (ConfUtils.java:logGet(43)) - raft.server.log.statemachine.data.caching.enabled = true (custom)
2019-06-15 12:52:41,636 INFO  server.RaftServerConfigKeys (ConfUtils.java:logGet(43)) - raft.server.snapshot.auto.trigger.enabled = true (custom)
2019-06-15 12:52:41,636 INFO  server.RaftServerConfigKeys (ConfUtils.java:logGet(43)) - raft.server.snapshot.auto.trigger.threshold = 10000 (custom)
2019-06-15 12:52:41,636 INFO  server.RaftServerConfigKeys (ConfUtils.java:logGet(43)) - raft.server.retrycache.expirytime = 600000ms (custom)
2019-06-15 12:52:41,637 INFO  impl.RaftServerImpl (RaftServerImpl.java:start(173)) - 790ea317-2d37-4ae7-b62a-d8c6be3d62d8: start group-AD73A91587B9
2019-06-15 12:52:41,637 INFO  impl.RaftServerImpl (RaftServerImpl.java:setRole(164)) - 790ea317-2d37-4ae7-b62a-d8c6be3d62d8:group-AD73A91587B9 changes role from null to FOLLOWER at term 0 for startAsFollower
2019-06-15 12:52:41,637 INFO  impl.RoleInfo (RoleInfo.java:updateAndGet(143)) - 790ea317-2d37-4ae7-b62a-d8c6be3d62d8: start FollowerState
2019-06-15 12:52:41,637 INFO  storage.RaftStorageDirectory (RaftStorageDirectory.java:tryLock(328)) - Lock on /opt/src/hadoop-ozone/integration-test/target/test-dir/MiniOzoneClusterImpl-997ea152-f140-49c4-a1de-3dc5f78ba7e1/datanode-5/data/ratis/c4edb2db-9c2d-4194-9d47-ad73a91587b9/in_use.lock acquired by nodename 10083@ozone-unit-076618677d3-6whwr-2921122196
2019-06-15 12:52:41,638 INFO  util.JmxRegister (JmxRegister.java:tryRegister(44)) - Successfully registered JMX Bean with object name Ratis:service=RaftServer,group=group-AD73A91587B9,id=790ea317-2d37-4ae7-b62a-d8c6be3d62d8
2019-06-15 12:52:41,638 INFO  impl.RaftServerImpl (RaftServerImpl.java:<init>(91)) - c3f9190a-b351-4d81-a791-a26b36568df0: new RaftServerImpl for group-AD73A91587B9:[0ecd3a89-2722-497d-8807-08930910c885:192.168.134.101:36915, c3f9190a-b351-4d81-a791-a26b36568df0:192.168.134.101:39871, 790ea317-2d37-4ae7-b62a-d8c6be3d62d8:192.168.134.101:36683] with ContainerStateMachine:uninitialized
2019-06-15 12:52:41,639 INFO  server.RaftServerConfigKeys (ConfUtils.java:logGet(43)) - raft.server.rpc.timeout.min = 1s (custom)
2019-06-15 12:52:41,639 INFO  server.RaftServerConfigKeys (ConfUtils.java:logGet(43)) - raft.server.rpc.timeout.max = 1200ms (custom)
2019-06-15 12:52:41,639 INFO  server.RaftServerConfigKeys (ConfUtils.java:logGet(43)) - raft.server.rpcslowness.timeout = 10s (custom)
2019-06-15 12:52:41,639 INFO  server.RaftServerConfigKeys (ConfUtils.java:logGet(43)) - raft.server.log.appender.install.snapshot.enabled = true (default)
2019-06-15 12:52:41,639 INFO  impl.RaftServerImpl (ServerState.java:<init>(101)) - c3f9190a-b351-4d81-a791-a26b36568df0:group-AD73A91587B9 ConfigurationManager, init=-1: [0ecd3a89-2722-497d-8807-08930910c885:192.168.134.101:36915, c3f9190a-b351-4d81-a791-a26b36568df0:192.168.134.101:39871, 790ea317-2d37-4ae7-b62a-d8c6be3d62d8:192.168.134.101:36683], old=null, confs=<EMPTY_MAP>
2019-06-15 12:52:41,639 INFO  server.RaftServerConfigKeys (ConfUtils.java:logGet(43)) - raft.server.storage.dir = [/opt/src/hadoop-ozone/integration-test/target/test-dir/MiniOzoneClusterImpl-997ea152-f140-49c4-a1de-3dc5f78ba7e1/datanode-2/data/ratis] (custom)
2019-06-15 12:52:41,639 INFO  storage.RaftStorage (RaftStorage.java:format(75)) - Storage directory /opt/src/hadoop-ozone/integration-test/target/test-dir/MiniOzoneClusterImpl-997ea152-f140-49c4-a1de-3dc5f78ba7e1/datanode-5/data/ratis/c4edb2db-9c2d-4194-9d47-ad73a91587b9 has been successfully formatted.
2019-06-15 12:52:41,639 INFO  storage.RaftStorageDirectory (RaftStorageDirectory.java:analyzeStorage(246)) - The storage directory /opt/src/hadoop-ozone/integration-test/target/test-dir/MiniOzoneClusterImpl-997ea152-f140-49c4-a1de-3dc5f78ba7e1/datanode-2/data/ratis/c4edb2db-9c2d-4194-9d47-ad73a91587b9 does not exist. Creating ...
2019-06-15 12:52:41,639 INFO  ratis.ContainerStateMachine (ContainerStateMachine.java:loadSnapshot(199)) - The snapshot info is null.Setting the last applied index to:(t:0, i:~)
2019-06-15 12:52:41,640 INFO  server.RaftServerConfigKeys (ConfUtils.java:logGet(43)) - raft.server.leader.election.timeout = 10s (custom)
2019-06-15 12:52:41,640 INFO  server.RaftServerConfigKeys (ConfUtils.java:logGet(43)) - raft.server.log.use.memory = false (default)
2019-06-15 12:52:41,640 INFO  server.RaftServerConfigKeys (ConfUtils.java:logGet(43)) - raft.server.log.appender.buffer.byte-limit = 33554432 (custom)
2019-06-15 12:52:41,640 INFO  server.RaftServerConfigKeys (ConfUtils.java:logGet(43)) - raft.server.log.segment.size.max = 16384 (custom)
2019-06-15 12:52:41,640 INFO  server.RaftServerConfigKeys (ConfUtils.java:logGet(43)) - raft.server.log.segment.cache.num.max = 2 (custom)
2019-06-15 12:52:41,640 INFO  storage.RaftLogWorker (RaftLogWorker.java:<init>(123)) - new 0ecd3a89-2722-497d-8807-08930910c885-RaftLogWorker for Storage Directory /opt/src/hadoop-ozone/integration-test/target/test-dir/MiniOzoneClusterImpl-997ea152-f140-49c4-a1de-3dc5f78ba7e1/datanode-5/data/ratis/c4edb2db-9c2d-4194-9d47-ad73a91587b9
2019-06-15 12:52:41,640 INFO  server.RaftServerConfigKeys (ConfUtils.java:logGet(43)) - raft.server.log.queue.byte-limit = 2147483647 (custom)
2019-06-15 12:52:41,640 INFO  server.RaftServerConfigKeys (ConfUtils.java:logGet(43)) - raft.server.log.queue.element-limit = 1024 (custom)
2019-06-15 12:52:41,640 INFO  server.RaftServerConfigKeys (ConfUtils.java:logGet(43)) - raft.server.log.segment.size.max = 16384 (custom)
2019-06-15 12:52:41,640 INFO  server.RaftServerConfigKeys (ConfUtils.java:logGet(43)) - raft.server.log.preallocated.size = 16384 (custom)
2019-06-15 12:52:41,640 INFO  server.RaftServerConfigKeys (ConfUtils.java:logGet(43)) - raft.server.log.write.buffer.size = 33554432 (custom)
2019-06-15 12:52:41,640 INFO  server.RaftServerConfigKeys (ConfUtils.java:logGet(43)) - raft.server.log.force.sync.num = 128 (default)
2019-06-15 12:52:41,641 INFO  server.RaftServerConfigKeys (ConfUtils.java:logGet(43)) - raft.server.log.statemachine.data.sync = true (default)
2019-06-15 12:52:41,641 INFO  server.RaftServerConfigKeys (ConfUtils.java:logGet(43)) - raft.server.log.statemachine.data.sync.timeout = 10s (default)
2019-06-15 12:52:41,641 INFO  server.RaftServerConfigKeys (ConfUtils.java:logGet(43)) - raft.server.log.statemachine.data.sync.timeout.retry = -1 (default)
2019-06-15 12:52:41,641 INFO  storage.RaftStorageDirectory (RaftStorageDirectory.java:tryLock(328)) - Lock on /opt/src/hadoop-ozone/integration-test/target/test-dir/MiniOzoneClusterImpl-997ea152-f140-49c4-a1de-3dc5f78ba7e1/datanode-2/data/ratis/c4edb2db-9c2d-4194-9d47-ad73a91587b9/in_use.lock acquired by nodename 10083@ozone-unit-076618677d3-6whwr-2921122196
2019-06-15 12:52:41,644 INFO  storage.RaftStorage (RaftStorage.java:format(75)) - Storage directory /opt/src/hadoop-ozone/integration-test/target/test-dir/MiniOzoneClusterImpl-997ea152-f140-49c4-a1de-3dc5f78ba7e1/datanode-2/data/ratis/c4edb2db-9c2d-4194-9d47-ad73a91587b9 has been successfully formatted.
2019-06-15 12:52:41,644 INFO  ratis.ContainerStateMachine (ContainerStateMachine.java:loadSnapshot(199)) - The snapshot info is null.Setting the last applied index to:(t:0, i:~)
2019-06-15 12:52:41,644 INFO  server.RaftServerConfigKeys (ConfUtils.java:logGet(43)) - raft.server.leader.election.timeout = 10s (custom)
2019-06-15 12:52:41,644 INFO  server.RaftServerConfigKeys (ConfUtils.java:logGet(43)) - raft.server.log.use.memory = false (default)
2019-06-15 12:52:41,644 INFO  server.RaftServerConfigKeys (ConfUtils.java:logGet(43)) - raft.server.log.appender.buffer.byte-limit = 33554432 (custom)
2019-06-15 12:52:41,644 INFO  server.RaftServerConfigKeys (ConfUtils.java:logGet(43)) - raft.server.log.segment.size.max = 16384 (custom)
2019-06-15 12:52:41,644 INFO  server.RaftServerConfigKeys (ConfUtils.java:logGet(43)) - raft.server.log.segment.cache.num.max = 2 (custom)
2019-06-15 12:52:41,644 INFO  storage.RaftLogWorker (RaftLogWorker.java:<init>(123)) - new c3f9190a-b351-4d81-a791-a26b36568df0-RaftLogWorker for Storage Directory /opt/src/hadoop-ozone/integration-test/target/test-dir/MiniOzoneClusterImpl-997ea152-f140-49c4-a1de-3dc5f78ba7e1/datanode-2/data/ratis/c4edb2db-9c2d-4194-9d47-ad73a91587b9
2019-06-15 12:52:41,644 INFO  server.RaftServerConfigKeys (ConfUtils.java:logGet(43)) - raft.server.log.queue.byte-limit = 2147483647 (custom)
2019-06-15 12:52:41,645 INFO  server.RaftServerConfigKeys (ConfUtils.java:logGet(43)) - raft.server.log.queue.element-limit = 1024 (custom)
2019-06-15 12:52:41,645 INFO  server.RaftServerConfigKeys (ConfUtils.java:logGet(43)) - raft.server.log.segment.size.max = 16384 (custom)
2019-06-15 12:52:41,645 INFO  server.RaftServerConfigKeys (ConfUtils.java:logGet(43)) - raft.server.log.preallocated.size = 16384 (custom)
2019-06-15 12:52:41,645 INFO  server.RaftServerConfigKeys (ConfUtils.java:logGet(43)) - raft.server.log.write.buffer.size = 33554432 (custom)
2019-06-15 12:52:41,645 INFO  server.RaftServerConfigKeys (ConfUtils.java:logGet(43)) - raft.server.log.force.sync.num = 128 (default)
2019-06-15 12:52:41,645 INFO  server.RaftServerConfigKeys (ConfUtils.java:logGet(43)) - raft.server.log.statemachine.data.sync = true (default)
2019-06-15 12:52:41,645 INFO  server.RaftServerConfigKeys (ConfUtils.java:logGet(43)) - raft.server.log.statemachine.data.sync.timeout = 10s (default)
2019-06-15 12:52:41,645 INFO  server.RaftServerConfigKeys (ConfUtils.java:logGet(43)) - raft.server.log.statemachine.data.sync.timeout.retry = -1 (default)
2019-06-15 12:52:41,645 INFO  server.RaftServerConfigKeys (ConfUtils.java:logGet(43)) - raft.server.log.statemachine.data.caching.enabled = true (custom)
2019-06-15 12:52:41,645 INFO  server.RaftServerConfigKeys (ConfUtils.java:logGet(43)) - raft.server.log.statemachine.data.caching.enabled = true (custom)
2019-06-15 12:52:41,646 INFO  server.RaftServerConfigKeys (ConfUtils.java:logGet(43)) - raft.server.snapshot.auto.trigger.enabled = true (custom)
2019-06-15 12:52:41,646 INFO  server.RaftServerConfigKeys (ConfUtils.java:logGet(43)) - raft.server.snapshot.auto.trigger.threshold = 10000 (custom)
2019-06-15 12:52:41,646 INFO  server.RaftServerConfigKeys (ConfUtils.java:logGet(43)) - raft.server.retrycache.expirytime = 600000ms (custom)
2019-06-15 12:52:41,646 INFO  impl.RaftServerImpl (RaftServerImpl.java:start(173)) - c3f9190a-b351-4d81-a791-a26b36568df0: start group-AD73A91587B9
2019-06-15 12:52:41,647 INFO  impl.RaftServerImpl (RaftServerImpl.java:setRole(164)) - c3f9190a-b351-4d81-a791-a26b36568df0:group-AD73A91587B9 changes role from null to FOLLOWER at term 0 for startAsFollower
2019-06-15 12:52:41,647 INFO  impl.RoleInfo (RoleInfo.java:updateAndGet(143)) - c3f9190a-b351-4d81-a791-a26b36568df0: start FollowerState
2019-06-15 12:52:41,658 INFO  util.JmxRegister (JmxRegister.java:tryRegister(44)) - Successfully registered JMX Bean with object name Ratis:service=RaftServer,group=group-AD73A91587B9,id=c3f9190a-b351-4d81-a791-a26b36568df0
2019-06-15 12:52:41,677 INFO  server.RaftServerConfigKeys (ConfUtils.java:logGet(43)) - raft.server.snapshot.auto.trigger.enabled = true (custom)
2019-06-15 12:52:41,677 INFO  server.RaftServerConfigKeys (ConfUtils.java:logGet(43)) - raft.server.snapshot.auto.trigger.threshold = 10000 (custom)
2019-06-15 12:52:41,677 INFO  server.RaftServerConfigKeys (ConfUtils.java:logGet(43)) - raft.server.retrycache.expirytime = 600000ms (custom)
2019-06-15 12:52:41,677 INFO  impl.RaftServerImpl (RaftServerImpl.java:start(173)) - 0ecd3a89-2722-497d-8807-08930910c885: start group-AD73A91587B9
2019-06-15 12:52:41,678 INFO  impl.RaftServerImpl (RaftServerImpl.java:setRole(164)) - 0ecd3a89-2722-497d-8807-08930910c885:group-AD73A91587B9 changes role from null to FOLLOWER at term 0 for startAsFollower
2019-06-15 12:52:41,678 INFO  impl.RoleInfo (RoleInfo.java:updateAndGet(143)) - 0ecd3a89-2722-497d-8807-08930910c885: start FollowerState
2019-06-15 12:52:41,696 INFO  util.JmxRegister (JmxRegister.java:tryRegister(44)) - Successfully registered JMX Bean with object name Ratis:service=RaftServer,group=group-AD73A91587B9,id=0ecd3a89-2722-497d-8807-08930910c885
2019-06-15 12:52:41,748 INFO  pipeline.PipelineStateManager (PipelineStateManager.java:addPipeline(56)) - Created pipeline Pipeline[ Id: c4edb2db-9c2d-4194-9d47-ad73a91587b9, Nodes: 790ea317-2d37-4ae7-b62a-d8c6be3d62d8{ip: 192.168.134.101, host: ozone-unit-076618677d3-6whwr-2921122196, networkLocation: /default-rack, certSerialId: null}0ecd3a89-2722-497d-8807-08930910c885{ip: 192.168.134.101, host: ozone-unit-076618677d3-6whwr-2921122196, networkLocation: /default-rack, certSerialId: null}c3f9190a-b351-4d81-a791-a26b36568df0{ip: 192.168.134.101, host: ozone-unit-076618677d3-6whwr-2921122196, networkLocation: /default-rack, certSerialId: null}, Type:RATIS, Factor:THREE, State:OPEN]
2019-06-15 12:52:42,039 INFO  impl.FollowerState (FollowerState.java:run(101)) - 602258c7-de02-4b5a-a6d4-3a466d67f0ea:group-35098C22CC76 changes to CANDIDATE, lastRpcTime:1042, electionTimeout:1038ms
2019-06-15 12:52:42,039 INFO  impl.RoleInfo (RoleInfo.java:shutdownFollowerState(121)) - 602258c7-de02-4b5a-a6d4-3a466d67f0ea: shutdown FollowerState
2019-06-15 12:52:42,039 INFO  impl.RaftServerImpl (RaftServerImpl.java:setRole(164)) - 602258c7-de02-4b5a-a6d4-3a466d67f0ea:group-35098C22CC76 changes role from FOLLOWER to CANDIDATE at term 0 for changeToCandidate
2019-06-15 12:52:42,042 INFO  impl.RoleInfo (RoleInfo.java:updateAndGet(143)) - 602258c7-de02-4b5a-a6d4-3a466d67f0ea: start LeaderElection
2019-06-15 12:52:42,048 INFO  impl.LeaderElection (LeaderElection.java:askForVotes(181)) - 602258c7-de02-4b5a-a6d4-3a466d67f0ea:group-35098C22CC76:LeaderElection1: begin an election at term 1 for -1: [602258c7-de02-4b5a-a6d4-3a466d67f0ea:192.168.134.101:40761], old=null
2019-06-15 12:52:42,050 INFO  impl.RoleInfo (RoleInfo.java:shutdownLeaderElection(134)) - 602258c7-de02-4b5a-a6d4-3a466d67f0ea: shutdown LeaderElection
2019-06-15 12:52:42,050 INFO  impl.RaftServerImpl (RaftServerImpl.java:setRole(164)) - 602258c7-de02-4b5a-a6d4-3a466d67f0ea:group-35098C22CC76 changes role from CANDIDATE to LEADER at term 1 for changeToLeader
2019-06-15 12:52:42,050 INFO  impl.RaftServerImpl (ServerState.java:setLeader(263)) - 602258c7-de02-4b5a-a6d4-3a466d67f0ea:group-35098C22CC76 change Leader from null to 602258c7-de02-4b5a-a6d4-3a466d67f0ea at term 1 for becomeLeader, leader elected after 1104ms
2019-06-15 12:52:42,053 INFO  server.RaftServerConfigKeys (ConfUtils.java:logGet(43)) - raft.server.staging.catchup.gap = 1000 (default)
2019-06-15 12:52:42,054 INFO  server.RaftServerConfigKeys (ConfUtils.java:logGet(43)) - raft.server.rpc.sleep.time = 25ms (default)
2019-06-15 12:52:42,055 INFO  server.RaftServerConfigKeys (ConfUtils.java:logGet(43)) - raft.server.watch.timeout = 10s (default)
2019-06-15 12:52:42,056 INFO  server.RaftServerConfigKeys (ConfUtils.java:logGet(43)) - raft.server.watch.timeout.denomination = 1s (default)
2019-06-15 12:52:42,060 INFO  impl.RoleInfo (RoleInfo.java:updateAndGet(143)) - 602258c7-de02-4b5a-a6d4-3a466d67f0ea: start LeaderState
2019-06-15 12:52:42,072 INFO  storage.RaftLogWorker (RaftLogWorker.java:startLogSegment(298)) - 602258c7-de02-4b5a-a6d4-3a466d67f0ea-RaftLogWorker: Starting segment from index:0
2019-06-15 12:52:42,086 INFO  impl.RaftServerImpl (ServerState.java:setRaftConf(361)) - 602258c7-de02-4b5a-a6d4-3a466d67f0ea:group-35098C22CC76 set configuration 0: [602258c7-de02-4b5a-a6d4-3a466d67f0ea:192.168.134.101:40761], old=null at 0
2019-06-15 12:52:42,132 INFO  impl.FollowerState (FollowerState.java:run(101)) - 2f09ea52-ab8b-46b8-aa32-5693c9a97311:group-4F0794ADB890 changes to CANDIDATE, lastRpcTime:1030, electionTimeout:1028ms
2019-06-15 12:52:42,134 INFO  impl.RoleInfo (RoleInfo.java:shutdownFollowerState(121)) - 2f09ea52-ab8b-46b8-aa32-5693c9a97311: shutdown FollowerState
2019-06-15 12:52:42,134 INFO  impl.RaftServerImpl (RaftServerImpl.java:setRole(164)) - 2f09ea52-ab8b-46b8-aa32-5693c9a97311:group-4F0794ADB890 changes role from FOLLOWER to CANDIDATE at term 0 for changeToCandidate
2019-06-15 12:52:42,134 INFO  impl.RoleInfo (RoleInfo.java:updateAndGet(143)) - 2f09ea52-ab8b-46b8-aa32-5693c9a97311: start LeaderElection
2019-06-15 12:52:42,143 INFO  impl.LeaderElection (LeaderElection.java:askForVotes(181)) - 2f09ea52-ab8b-46b8-aa32-5693c9a97311:group-4F0794ADB890:LeaderElection2: begin an election at term 1 for -1: [2f09ea52-ab8b-46b8-aa32-5693c9a97311:192.168.134.101:37567], old=null
2019-06-15 12:52:42,143 INFO  impl.RoleInfo (RoleInfo.java:shutdownLeaderElection(134)) - 2f09ea52-ab8b-46b8-aa32-5693c9a97311: shutdown LeaderElection
2019-06-15 12:52:42,143 INFO  impl.RaftServerImpl (RaftServerImpl.java:setRole(164)) - 2f09ea52-ab8b-46b8-aa32-5693c9a97311:group-4F0794ADB890 changes role from CANDIDATE to LEADER at term 1 for changeToLeader
2019-06-15 12:52:42,143 INFO  impl.RaftServerImpl (ServerState.java:setLeader(263)) - 2f09ea52-ab8b-46b8-aa32-5693c9a97311:group-4F0794ADB890 change Leader from null to 2f09ea52-ab8b-46b8-aa32-5693c9a97311 at term 1 for becomeLeader, leader elected after 1048ms
2019-06-15 12:52:42,144 INFO  server.RaftServerConfigKeys (ConfUtils.java:logGet(43)) - raft.server.staging.catchup.gap = 1000 (default)
2019-06-15 12:52:42,145 INFO  server.RaftServerConfigKeys (ConfUtils.java:logGet(43)) - raft.server.rpc.sleep.time = 25ms (default)
2019-06-15 12:52:42,145 INFO  server.RaftServerConfigKeys (ConfUtils.java:logGet(43)) - raft.server.watch.timeout = 10s (default)
2019-06-15 12:52:42,145 INFO  server.RaftServerConfigKeys (ConfUtils.java:logGet(43)) - raft.server.watch.timeout.denomination = 1s (default)
2019-06-15 12:52:42,145 INFO  impl.RoleInfo (RoleInfo.java:updateAndGet(143)) - 2f09ea52-ab8b-46b8-aa32-5693c9a97311: start LeaderState
2019-06-15 12:52:42,145 INFO  storage.RaftLogWorker (RaftLogWorker.java:startLogSegment(298)) - 2f09ea52-ab8b-46b8-aa32-5693c9a97311-RaftLogWorker: Starting segment from index:0
2019-06-15 12:52:42,146 INFO  impl.RaftServerImpl (ServerState.java:setRaftConf(361)) - 2f09ea52-ab8b-46b8-aa32-5693c9a97311:group-4F0794ADB890 set configuration 0: [2f09ea52-ab8b-46b8-aa32-5693c9a97311:192.168.134.101:37567], old=null at 0
2019-06-15 12:52:42,203 INFO  impl.FollowerState (FollowerState.java:run(101)) - c3f9190a-b351-4d81-a791-a26b36568df0:group-F18C8F06145D changes to CANDIDATE, lastRpcTime:1003, electionTimeout:1002ms
2019-06-15 12:52:42,203 INFO  impl.RoleInfo (RoleInfo.java:shutdownFollowerState(121)) - c3f9190a-b351-4d81-a791-a26b36568df0: shutdown FollowerState
2019-06-15 12:52:42,203 INFO  impl.RaftServerImpl (RaftServerImpl.java:setRole(164)) - c3f9190a-b351-4d81-a791-a26b36568df0:group-F18C8F06145D changes role from FOLLOWER to CANDIDATE at term 0 for changeToCandidate
2019-06-15 12:52:42,203 INFO  impl.RoleInfo (RoleInfo.java:updateAndGet(143)) - c3f9190a-b351-4d81-a791-a26b36568df0: start LeaderElection
2019-06-15 12:52:42,264 INFO  storage.RaftLogWorker (RaftLogWorker.java:execute(469)) - 602258c7-de02-4b5a-a6d4-3a466d67f0ea-RaftLogWorker: created new log segment /opt/src/hadoop-ozone/integration-test/target/test-dir/MiniOzoneClusterImpl-997ea152-f140-49c4-a1de-3dc5f78ba7e1/datanode-0/data/ratis/1c694439-b2de-4213-8779-35098c22cc76/current/log_inprogress_0
2019-06-15 12:52:42,264 INFO  storage.RaftLogWorker (RaftLogWorker.java:execute(469)) - 2f09ea52-ab8b-46b8-aa32-5693c9a97311-RaftLogWorker: created new log segment /opt/src/hadoop-ozone/integration-test/target/test-dir/MiniOzoneClusterImpl-997ea152-f140-49c4-a1de-3dc5f78ba7e1/datanode-1/data/ratis/3ae3ded8-31cd-472d-a34c-4f0794adb890/current/log_inprogress_0
2019-06-15 12:52:42,265 INFO  impl.LeaderElection (LeaderElection.java:askForVotes(181)) - c3f9190a-b351-4d81-a791-a26b36568df0:group-F18C8F06145D:LeaderElection3: begin an election at term 1 for -1: [c3f9190a-b351-4d81-a791-a26b36568df0:192.168.134.101:39871], old=null
2019-06-15 12:52:42,265 INFO  impl.RoleInfo (RoleInfo.java:shutdownLeaderElection(134)) - c3f9190a-b351-4d81-a791-a26b36568df0: shutdown LeaderElection
2019-06-15 12:52:42,265 INFO  impl.RaftServerImpl (RaftServerImpl.java:setRole(164)) - c3f9190a-b351-4d81-a791-a26b36568df0:group-F18C8F06145D changes role from CANDIDATE to LEADER at term 1 for changeToLeader
2019-06-15 12:52:42,265 INFO  impl.RaftServerImpl (ServerState.java:setLeader(263)) - c3f9190a-b351-4d81-a791-a26b36568df0:group-F18C8F06145D change Leader from null to c3f9190a-b351-4d81-a791-a26b36568df0 at term 1 for becomeLeader, leader elected after 1068ms
2019-06-15 12:52:42,273 INFO  server.RaftServerConfigKeys (ConfUtils.java:logGet(43)) - raft.server.staging.catchup.gap = 1000 (default)
2019-06-15 12:52:42,273 INFO  server.RaftServerConfigKeys (ConfUtils.java:logGet(43)) - raft.server.rpc.sleep.time = 25ms (default)
2019-06-15 12:52:42,274 INFO  server.RaftServerConfigKeys (ConfUtils.java:logGet(43)) - raft.server.watch.timeout = 10s (default)
2019-06-15 12:52:42,282 INFO  server.RaftServerConfigKeys (ConfUtils.java:logGet(43)) - raft.server.watch.timeout.denomination = 1s (default)
2019-06-15 12:52:42,286 INFO  impl.RoleInfo (RoleInfo.java:updateAndGet(143)) - c3f9190a-b351-4d81-a791-a26b36568df0: start LeaderState
2019-06-15 12:52:42,286 INFO  storage.RaftLogWorker (RaftLogWorker.java:startLogSegment(298)) - c3f9190a-b351-4d81-a791-a26b36568df0-RaftLogWorker: Starting segment from index:0
2019-06-15 12:52:42,293 INFO  impl.FollowerState (FollowerState.java:run(101)) - 3499fbbb-0095-45f3-9db2-ae1600a749ce:group-2D68F1AC8E23 changes to CANDIDATE, lastRpcTime:1044, electionTimeout:1044ms
2019-06-15 12:52:42,293 INFO  impl.RoleInfo (RoleInfo.java:shutdownFollowerState(121)) - 3499fbbb-0095-45f3-9db2-ae1600a749ce: shutdown FollowerState
2019-06-15 12:52:42,294 INFO  impl.RaftServerImpl (RaftServerImpl.java:setRole(164)) - 3499fbbb-0095-45f3-9db2-ae1600a749ce:group-2D68F1AC8E23 changes role from FOLLOWER to CANDIDATE at term 0 for changeToCandidate
2019-06-15 12:52:42,294 INFO  impl.RaftServerImpl (ServerState.java:setRaftConf(361)) - c3f9190a-b351-4d81-a791-a26b36568df0:group-F18C8F06145D set configuration 0: [c3f9190a-b351-4d81-a791-a26b36568df0:192.168.134.101:39871], old=null at 0
2019-06-15 12:52:42,307 INFO  impl.RoleInfo (RoleInfo.java:updateAndGet(143)) - 3499fbbb-0095-45f3-9db2-ae1600a749ce: start LeaderElection
2019-06-15 12:52:42,369 INFO  storage.RaftLogWorker (RaftLogWorker.java:execute(469)) - c3f9190a-b351-4d81-a791-a26b36568df0-RaftLogWorker: created new log segment /opt/src/hadoop-ozone/integration-test/target/test-dir/MiniOzoneClusterImpl-997ea152-f140-49c4-a1de-3dc5f78ba7e1/datanode-2/data/ratis/5fe11c67-e9f4-4ecc-a486-f18c8f06145d/current/log_inprogress_0
2019-06-15 12:52:42,368 INFO  impl.LeaderElection (LeaderElection.java:askForVotes(181)) - 3499fbbb-0095-45f3-9db2-ae1600a749ce:group-2D68F1AC8E23:LeaderElection4: begin an election at term 1 for -1: [3499fbbb-0095-45f3-9db2-ae1600a749ce:192.168.134.101:46835], old=null
2019-06-15 12:52:42,376 INFO  impl.RoleInfo (RoleInfo.java:shutdownLeaderElection(134)) - 3499fbbb-0095-45f3-9db2-ae1600a749ce: shutdown LeaderElection
2019-06-15 12:52:42,377 INFO  impl.RaftServerImpl (RaftServerImpl.java:setRole(164)) - 3499fbbb-0095-45f3-9db2-ae1600a749ce:group-2D68F1AC8E23 changes role from CANDIDATE to LEADER at term 1 for changeToLeader
2019-06-15 12:52:42,377 INFO  impl.RaftServerImpl (ServerState.java:setLeader(263)) - 3499fbbb-0095-45f3-9db2-ae1600a749ce:group-2D68F1AC8E23 change Leader from null to 3499fbbb-0095-45f3-9db2-ae1600a749ce at term 1 for becomeLeader, leader elected after 1130ms
2019-06-15 12:52:42,378 INFO  server.RaftServerConfigKeys (ConfUtils.java:logGet(43)) - raft.server.staging.catchup.gap = 1000 (default)
2019-06-15 12:52:42,378 INFO  server.RaftServerConfigKeys (ConfUtils.java:logGet(43)) - raft.server.rpc.sleep.time = 25ms (default)
2019-06-15 12:52:42,378 INFO  server.RaftServerConfigKeys (ConfUtils.java:logGet(43)) - raft.server.watch.timeout = 10s (default)
2019-06-15 12:52:42,378 INFO  server.RaftServerConfigKeys (ConfUtils.java:logGet(43)) - raft.server.watch.timeout.denomination = 1s (default)
2019-06-15 12:52:42,378 INFO  impl.RoleInfo (RoleInfo.java:updateAndGet(143)) - 3499fbbb-0095-45f3-9db2-ae1600a749ce: start LeaderState
2019-06-15 12:52:42,379 INFO  storage.RaftLogWorker (RaftLogWorker.java:startLogSegment(298)) - 3499fbbb-0095-45f3-9db2-ae1600a749ce-RaftLogWorker: Starting segment from index:0
2019-06-15 12:52:42,391 INFO  impl.RaftServerImpl (ServerState.java:setRaftConf(361)) - 3499fbbb-0095-45f3-9db2-ae1600a749ce:group-2D68F1AC8E23 set configuration 0: [3499fbbb-0095-45f3-9db2-ae1600a749ce:192.168.134.101:46835], old=null at 0
2019-06-15 12:52:42,419 INFO  impl.FollowerState (FollowerState.java:run(101)) - 3499fbbb-0095-45f3-9db2-ae1600a749ce:group-88AA52C33E7A changes to CANDIDATE, lastRpcTime:1066, electionTimeout:1046ms
2019-06-15 12:52:42,419 INFO  impl.RoleInfo (RoleInfo.java:shutdownFollowerState(121)) - 3499fbbb-0095-45f3-9db2-ae1600a749ce: shutdown FollowerState
2019-06-15 12:52:42,419 INFO  impl.RaftServerImpl (RaftServerImpl.java:setRole(164)) - 3499fbbb-0095-45f3-9db2-ae1600a749ce:group-88AA52C33E7A changes role from FOLLOWER to CANDIDATE at term 0 for changeToCandidate
2019-06-15 12:52:42,420 INFO  impl.RoleInfo (RoleInfo.java:updateAndGet(143)) - 3499fbbb-0095-45f3-9db2-ae1600a749ce: start LeaderElection
2019-06-15 12:52:42,422 INFO  impl.FollowerState (FollowerState.java:run(101)) - 602258c7-de02-4b5a-a6d4-3a466d67f0ea:group-88AA52C33E7A changes to CANDIDATE, lastRpcTime:1090, electionTimeout:1080ms
2019-06-15 12:52:42,422 INFO  impl.RoleInfo (RoleInfo.java:shutdownFollowerState(121)) - 602258c7-de02-4b5a-a6d4-3a466d67f0ea: shutdown FollowerState
2019-06-15 12:52:42,422 INFO  impl.RaftServerImpl (RaftServerImpl.java:setRole(164)) - 602258c7-de02-4b5a-a6d4-3a466d67f0ea:group-88AA52C33E7A changes role from FOLLOWER to CANDIDATE at term 0 for changeToCandidate
2019-06-15 12:52:42,422 INFO  impl.RoleInfo (RoleInfo.java:updateAndGet(143)) - 602258c7-de02-4b5a-a6d4-3a466d67f0ea: start LeaderElection
2019-06-15 12:52:42,456 INFO  impl.FollowerState (FollowerState.java:run(101)) - 2f09ea52-ab8b-46b8-aa32-5693c9a97311:group-88AA52C33E7A changes to CANDIDATE, lastRpcTime:1117, electionTimeout:1083ms
2019-06-15 12:52:42,456 INFO  impl.RoleInfo (RoleInfo.java:shutdownFollowerState(121)) - 2f09ea52-ab8b-46b8-aa32-5693c9a97311: shutdown FollowerState
2019-06-15 12:52:42,456 INFO  impl.RaftServerImpl (RaftServerImpl.java:setRole(164)) - 2f09ea52-ab8b-46b8-aa32-5693c9a97311:group-88AA52C33E7A changes role from FOLLOWER to CANDIDATE at term 0 for changeToCandidate
2019-06-15 12:52:42,458 INFO  impl.RoleInfo (RoleInfo.java:updateAndGet(143)) - 2f09ea52-ab8b-46b8-aa32-5693c9a97311: start LeaderElection
2019-06-15 12:52:42,462 INFO  storage.RaftLogWorker (RaftLogWorker.java:execute(469)) - 3499fbbb-0095-45f3-9db2-ae1600a749ce-RaftLogWorker: created new log segment /opt/src/hadoop-ozone/integration-test/target/test-dir/MiniOzoneClusterImpl-997ea152-f140-49c4-a1de-3dc5f78ba7e1/datanode-3/data/ratis/0cc0079e-3073-417f-94ce-2d68f1ac8e23/current/log_inprogress_0
2019-06-15 12:52:42,463 INFO  impl.LeaderElection (LeaderElection.java:askForVotes(181)) - 3499fbbb-0095-45f3-9db2-ae1600a749ce:group-88AA52C33E7A:LeaderElection5: begin an election at term 1 for -1: [3499fbbb-0095-45f3-9db2-ae1600a749ce:192.168.134.101:46835, 2f09ea52-ab8b-46b8-aa32-5693c9a97311:192.168.134.101:37567, 602258c7-de02-4b5a-a6d4-3a466d67f0ea:192.168.134.101:40761], old=null
2019-06-15 12:52:42,470 INFO  impl.LeaderElection (LeaderElection.java:askForVotes(181)) - 602258c7-de02-4b5a-a6d4-3a466d67f0ea:group-88AA52C33E7A:LeaderElection6: begin an election at term 1 for -1: [3499fbbb-0095-45f3-9db2-ae1600a749ce:192.168.134.101:46835, 2f09ea52-ab8b-46b8-aa32-5693c9a97311:192.168.134.101:37567, 602258c7-de02-4b5a-a6d4-3a466d67f0ea:192.168.134.101:40761], old=null
2019-06-15 12:52:42,470 INFO  impl.LeaderElection (LeaderElection.java:askForVotes(181)) - 2f09ea52-ab8b-46b8-aa32-5693c9a97311:group-88AA52C33E7A:LeaderElection7: begin an election at term 1 for -1: [3499fbbb-0095-45f3-9db2-ae1600a749ce:192.168.134.101:46835, 2f09ea52-ab8b-46b8-aa32-5693c9a97311:192.168.134.101:37567, 602258c7-de02-4b5a-a6d4-3a466d67f0ea:192.168.134.101:40761], old=null
2019-06-15 12:52:42,522 INFO  ozone.MiniOzoneClusterImpl (MiniOzoneClusterImpl.java:lambda$waitForClusterToBeReady$0(142)) - Cluster is ready. Got 6 of 6 DN Heartbeats.
]]></system-out>
    <system-err><![CDATA[ERROR StatusLogger No Log4j 2 configuration file found. Using default configuration (logging only errors to the console), or user programmatically provided configurations. Set system property 'log4j2.debug' to show Log4j 2 internal initialization logging. See https://logging.apache.org/log4j/2.x/manual/configuration.html for instructions on how to configure Log4j 2
Jun 15, 2019 12:52:35 PM com.sun.jersey.server.impl.application.WebApplicationImpl _initiate
INFO: Initiating Jersey application, version 'Jersey: 1.19 02/11/2015 03:25 AM'
Jun 15, 2019 12:52:36 PM com.sun.jersey.server.impl.application.WebApplicationImpl _initiate
INFO: Initiating Jersey application, version 'Jersey: 1.19 02/11/2015 03:25 AM'
Jun 15, 2019 12:52:36 PM com.sun.jersey.server.impl.application.WebApplicationImpl _initiate
INFO: Initiating Jersey application, version 'Jersey: 1.19 02/11/2015 03:25 AM'
Jun 15, 2019 12:52:36 PM com.sun.jersey.server.impl.application.WebApplicationImpl _initiate
INFO: Initiating Jersey application, version 'Jersey: 1.19 02/11/2015 03:25 AM'
Jun 15, 2019 12:52:37 PM com.sun.jersey.server.impl.application.WebApplicationImpl _initiate
INFO: Initiating Jersey application, version 'Jersey: 1.19 02/11/2015 03:25 AM'
Jun 15, 2019 12:52:37 PM com.sun.jersey.server.impl.application.WebApplicationImpl _initiate
INFO: Initiating Jersey application, version 'Jersey: 1.19 02/11/2015 03:25 AM'
]]></system-err>
  </testcase>
</testsuite>