<?xml version="1.0" encoding="UTF-8"?>
<testsuite xmlns:xsi="http://www.w3.org/2001/XMLSchema-instance" xsi:noNamespaceSchemaLocation="https://maven.apache.org/surefire/maven-surefire-plugin/xsd/surefire-test-report.xsd" name="org.apache.hadoop.ozone.client.rpc.TestFailureHandlingByClient" time="111.501" tests="7" errors="1" skipped="0" failures="0">
  <properties>
    <property name="awt.toolkit" value="sun.awt.X11.XToolkit"/>
    <property name="file.encoding.pkg" value="sun.io"/>
    <property name="java.specification.version" value="1.8"/>
    <property name="sun.cpu.isalist" value=""/>
    <property name="sun.jnu.encoding" value="UTF-8"/>
    <property name="java.class.path" value="/opt/src/hadoop-ozone/integration-test/target/test-classes:/opt/src/hadoop-ozone/integration-test/target/classes:/home/user/.m2/repository/org/apache/hadoop/hadoop-ozone-common/0.5.0-SNAPSHOT/hadoop-ozone-common-0.5.0-SNAPSHOT.jar:/home/user/.m2/repository/org/apache/commons/commons-compress/1.4.1/commons-compress-1.4.1.jar:/home/user/.m2/repository/org/tukaani/xz/1.0/xz-1.0.jar:/home/user/.m2/repository/org/apache/hadoop/hadoop-common/3.2.0/hadoop-common-3.2.0.jar:/home/user/.m2/repository/org/apache/hadoop/hadoop-hdfs/3.2.0/hadoop-hdfs-3.2.0.jar:/home/user/.m2/repository/org/apache/hadoop/hadoop-hdfs-client/3.2.0/hadoop-hdfs-client-3.2.0.jar:/home/user/.m2/repository/com/fasterxml/jackson/core/jackson-annotations/2.9.5/jackson-annotations-2.9.5.jar:/home/user/.m2/repository/org/apache/hadoop/hadoop-hdds-common/0.5.0-SNAPSHOT/hadoop-hdds-common-0.5.0-SNAPSHOT.jar:/home/user/.m2/repository/javax/annotation/javax.annotation-api/1.2/javax.annotation-api-1.2.jar:/home/user/.m2/repository/org/apache/ratis/ratis-server/0.4.0-fe2b15d-SNAPSHOT/ratis-server-0.4.0-fe2b15d-SNAPSHOT.jar:/home/user/.m2/repository/org/apache/ratis/ratis-thirdparty-misc/0.2.0/ratis-thirdparty-misc-0.2.0.jar:/home/user/.m2/repository/org/apache/ratis/ratis-proto/0.4.0-fe2b15d-SNAPSHOT/ratis-proto-0.4.0-fe2b15d-SNAPSHOT.jar:/home/user/.m2/repository/org/apache/ratis/ratis-common/0.4.0-fe2b15d-SNAPSHOT/ratis-common-0.4.0-fe2b15d-SNAPSHOT.jar:/home/user/.m2/repository/org/apache/ratis/ratis-client/0.4.0-fe2b15d-SNAPSHOT/ratis-client-0.4.0-fe2b15d-SNAPSHOT.jar:/home/user/.m2/repository/org/apache/ratis/ratis-netty/0.4.0-fe2b15d-SNAPSHOT/ratis-netty-0.4.0-fe2b15d-SNAPSHOT.jar:/home/user/.m2/repository/org/apache/ratis/ratis-grpc/0.4.0-fe2b15d-SNAPSHOT/ratis-grpc-0.4.0-fe2b15d-SNAPSHOT.jar:/home/user/.m2/repository/org/rocksdb/rocksdbjni/5.14.2/rocksdbjni-5.14.2.jar:/home/user/.m2/repository/org/apache/logging/log4j/log4j-api/2.11.0/log4j-api-2.11.0.jar:/home/user/.m2/repository/org/apache/logging/log4j/log4j-core/2.11.0/log4j-core-2.11.0.jar:/home/user/.m2/repository/com/lmax/disruptor/3.4.2/disruptor-3.4.2.jar:/home/user/.m2/repository/org/apache/commons/commons-pool2/2.6.0/commons-pool2-2.6.0.jar:/home/user/.m2/repository/org/bouncycastle/bcpkix-jdk15on/1.60/bcpkix-jdk15on-1.60.jar:/home/user/.m2/repository/commons-validator/commons-validator/1.6/commons-validator-1.6.jar:/home/user/.m2/repository/commons-digester/commons-digester/1.8.1/commons-digester-1.8.1.jar:/home/user/.m2/repository/io/jaegertracing/jaeger-client/0.33.1/jaeger-client-0.33.1.jar:/home/user/.m2/repository/io/jaegertracing/jaeger-thrift/0.33.1/jaeger-thrift-0.33.1.jar:/home/user/.m2/repository/org/apache/thrift/libthrift/0.11.0/libthrift-0.11.0.jar:/home/user/.m2/repository/com/squareup/okhttp3/okhttp/3.9.0/okhttp-3.9.0.jar:/home/user/.m2/repository/com/squareup/okio/okio/1.13.0/okio-1.13.0.jar:/home/user/.m2/repository/io/jaegertracing/jaeger-core/0.33.1/jaeger-core-0.33.1.jar:/home/user/.m2/repository/io/jaegertracing/jaeger-tracerresolver/0.33.1/jaeger-tracerresolver-0.33.1.jar:/home/user/.m2/repository/io/opentracing/contrib/opentracing-tracerresolver/0.1.5/opentracing-tracerresolver-0.1.5.jar:/home/user/.m2/repository/io/opentracing/opentracing-util/0.31.0/opentracing-util-0.31.0.jar:/home/user/.m2/repository/io/opentracing/opentracing-api/0.31.0/opentracing-api-0.31.0.jar:/home/user/.m2/repository/io/opentracing/opentracing-noop/0.31.0/opentracing-noop-0.31.0.jar:/home/user/.m2/repository/org/apache/hadoop/hadoop-hdds-server-framework/0.5.0-SNAPSHOT/hadoop-hdds-server-framework-0.5.0-SNAPSHOT.jar:/home/user/.m2/repository/org/apache/hadoop/hadoop-hdds-server-scm/0.5.0-SNAPSHOT/hadoop-hdds-server-scm-0.5.0-SNAPSHOT.jar:/home/user/.m2/repository/org/apache/hadoop/hadoop-hdds-container-service/0.5.0-SNAPSHOT/hadoop-hdds-container-service-0.5.0-SNAPSHOT.jar:/home/user/.m2/repository/org/apache/hadoop/hadoop-hdds-client/0.5.0-SNAPSHOT/hadoop-hdds-client-0.5.0-SNAPSHOT.jar:/home/user/.m2/repository/org/apache/hadoop/hadoop-hdds-tools/0.5.0-SNAPSHOT/hadoop-hdds-tools-0.5.0-SNAPSHOT.jar:/home/user/.m2/repository/org/apache/hadoop/hadoop-ozone-ozone-manager/0.5.0-SNAPSHOT/hadoop-ozone-ozone-manager-0.5.0-SNAPSHOT.jar:/home/user/.m2/repository/org/apache/hadoop/hadoop-hdds-docs/0.5.0-SNAPSHOT/hadoop-hdds-docs-0.5.0-SNAPSHOT.jar:/home/user/.m2/repository/org/bouncycastle/bcprov-jdk15on/1.60/bcprov-jdk15on-1.60.jar:/home/user/.m2/repository/org/apache/hadoop/hadoop-minikdc/3.2.0/hadoop-minikdc-3.2.0.jar:/home/user/.m2/repository/commons-io/commons-io/2.5/commons-io-2.5.jar:/home/user/.m2/repository/org/apache/kerby/kerb-simplekdc/1.0.1/kerb-simplekdc-1.0.1.jar:/home/user/.m2/repository/org/apache/kerby/kerb-client/1.0.1/kerb-client-1.0.1.jar:/home/user/.m2/repository/org/apache/kerby/kerby-config/1.0.1/kerby-config-1.0.1.jar:/home/user/.m2/repository/org/apache/kerby/kerb-core/1.0.1/kerb-core-1.0.1.jar:/home/user/.m2/repository/org/apache/kerby/kerby-pkix/1.0.1/kerby-pkix-1.0.1.jar:/home/user/.m2/repository/org/apache/kerby/kerby-asn1/1.0.1/kerby-asn1-1.0.1.jar:/home/user/.m2/repository/org/apache/kerby/kerby-util/1.0.1/kerby-util-1.0.1.jar:/home/user/.m2/repository/org/apache/kerby/kerb-common/1.0.1/kerb-common-1.0.1.jar:/home/user/.m2/repository/org/apache/kerby/kerb-crypto/1.0.1/kerb-crypto-1.0.1.jar:/home/user/.m2/repository/org/apache/kerby/kerb-util/1.0.1/kerb-util-1.0.1.jar:/home/user/.m2/repository/org/apache/kerby/token-provider/1.0.1/token-provider-1.0.1.jar:/home/user/.m2/repository/org/apache/kerby/kerb-admin/1.0.1/kerb-admin-1.0.1.jar:/home/user/.m2/repository/org/apache/kerby/kerb-server/1.0.1/kerb-server-1.0.1.jar:/home/user/.m2/repository/org/apache/kerby/kerb-identity/1.0.1/kerb-identity-1.0.1.jar:/home/user/.m2/repository/org/apache/kerby/kerby-xdr/1.0.1/kerby-xdr-1.0.1.jar:/home/user/.m2/repository/org/slf4j/slf4j-log4j12/1.7.25/slf4j-log4j12-1.7.25.jar:/home/user/.m2/repository/org/apache/hadoop/hadoop-ozone-objectstore-service/0.5.0-SNAPSHOT/hadoop-ozone-objectstore-service-0.5.0-SNAPSHOT.jar:/home/user/.m2/repository/org/apache/hadoop/hadoop-ozone-s3gateway/0.5.0-SNAPSHOT/hadoop-ozone-s3gateway-0.5.0-SNAPSHOT.jar:/home/user/.m2/repository/org/jboss/weld/servlet/weld-servlet/2.4.7.Final/weld-servlet-2.4.7.Final.jar:/home/user/.m2/repository/org/glassfish/jersey/containers/jersey-container-servlet-core/2.27/jersey-container-servlet-core-2.27.jar:/home/user/.m2/repository/org/glassfish/hk2/external/javax.inject/2.5.0-b42/javax.inject-2.5.0-b42.jar:/home/user/.m2/repository/org/glassfish/jersey/core/jersey-common/2.27/jersey-common-2.27.jar:/home/user/.m2/repository/org/glassfish/hk2/osgi-resource-locator/1.0.1/osgi-resource-locator-1.0.1.jar:/home/user/.m2/repository/javax/ws/rs/javax.ws.rs-api/2.1/javax.ws.rs-api-2.1.jar:/home/user/.m2/repository/org/glassfish/jersey/ext/cdi/jersey-cdi1x/2.27/jersey-cdi1x-2.27.jar:/home/user/.m2/repository/org/glassfish/jersey/inject/jersey-hk2/2.27/jersey-hk2-2.27.jar:/home/user/.m2/repository/org/glassfish/hk2/hk2-locator/2.5.0-b42/hk2-locator-2.5.0-b42.jar:/home/user/.m2/repository/org/javassist/javassist/3.22.0-CR2/javassist-3.22.0-CR2.jar:/home/user/.m2/repository/org/glassfish/hk2/hk2-api/2.5.0/hk2-api-2.5.0.jar:/home/user/.m2/repository/org/glassfish/hk2/external/jakarta.inject/2.5.0/jakarta.inject-2.5.0.jar:/home/user/.m2/repository/org/glassfish/hk2/hk2-utils/2.5.0/hk2-utils-2.5.0.jar:/home/user/.m2/repository/jakarta/annotation/jakarta.annotation-api/1.3.4/jakarta.annotation-api-1.3.4.jar:/home/user/.m2/repository/org/glassfish/hk2/external/aopalliance-repackaged/2.5.0/aopalliance-repackaged-2.5.0.jar:/home/user/.m2/repository/com/fasterxml/jackson/dataformat/jackson-dataformat-xml/2.9.0/jackson-dataformat-xml-2.9.0.jar:/home/user/.m2/repository/com/fasterxml/jackson/core/jackson-core/2.9.5/jackson-core-2.9.5.jar:/home/user/.m2/repository/com/fasterxml/jackson/module/jackson-module-jaxb-annotations/2.9.5/jackson-module-jaxb-annotations-2.9.5.jar:/home/user/.m2/repository/javax/enterprise/cdi-api/1.2/cdi-api-1.2.jar:/home/user/.m2/repository/javax/el/javax.el-api/3.0.0/javax.el-api-3.0.0.jar:/home/user/.m2/repository/javax/interceptor/javax.interceptor-api/1.2/javax.interceptor-api-1.2.jar:/home/user/.m2/repository/javax/inject/javax.inject/1/javax.inject-1.jar:/home/user/.m2/repository/com/sun/xml/bind/jaxb-impl/2.3.0.1/jaxb-impl-2.3.0.1.jar:/home/user/.m2/repository/com/sun/xml/bind/jaxb-core/2.3.0.1/jaxb-core-2.3.0.1.jar:/home/user/.m2/repository/javax/xml/bind/jaxb-api/2.3.0/jaxb-api-2.3.0.jar:/home/user/.m2/repository/javax/activation/activation/1.1.1/activation-1.1.1.jar:/home/user/.m2/repository/org/apache/hadoop/hadoop-ozone-csi/0.5.0-SNAPSHOT/hadoop-ozone-csi-0.5.0-SNAPSHOT.jar:/home/user/.m2/repository/com/google/protobuf/protobuf-java-util/3.5.1/protobuf-java-util-3.5.1.jar:/home/user/.m2/repository/org/apache/hadoop/hadoop-hdds-config/0.5.0-SNAPSHOT/hadoop-hdds-config-0.5.0-SNAPSHOT.jar:/home/user/.m2/repository/com/google/guava/guava/11.0.2/guava-11.0.2.jar:/home/user/.m2/repository/com/google/protobuf/protobuf-java/2.5.0/protobuf-java-2.5.0.jar:/home/user/.m2/repository/io/grpc/grpc-netty/1.17.1/grpc-netty-1.17.1.jar:/home/user/.m2/repository/io/grpc/grpc-core/1.17.1/grpc-core-1.17.1.jar:/home/user/.m2/repository/io/grpc/grpc-context/1.17.1/grpc-context-1.17.1.jar:/home/user/.m2/repository/com/google/errorprone/error_prone_annotations/2.2.0/error_prone_annotations-2.2.0.jar:/home/user/.m2/repository/org/codehaus/mojo/animal-sniffer-annotations/1.17/animal-sniffer-annotations-1.17.jar:/home/user/.m2/repository/io/opencensus/opencensus-api/0.17.0/opencensus-api-0.17.0.jar:/home/user/.m2/repository/io/opencensus/opencensus-contrib-grpc-metrics/0.17.0/opencensus-contrib-grpc-metrics-0.17.0.jar:/home/user/.m2/repository/io/netty/netty-codec-http2/4.1.30.Final/netty-codec-http2-4.1.30.Final.jar:/home/user/.m2/repository/io/netty/netty-codec-http/4.1.30.Final/netty-codec-http-4.1.30.Final.jar:/home/user/.m2/repository/io/netty/netty-codec/4.1.30.Final/netty-codec-4.1.30.Final.jar:/home/user/.m2/repository/io/netty/netty-handler/4.1.30.Final/netty-handler-4.1.30.Final.jar:/home/user/.m2/repository/io/netty/netty-handler-proxy/4.1.30.Final/netty-handler-proxy-4.1.30.Final.jar:/home/user/.m2/repository/io/netty/netty-codec-socks/4.1.30.Final/netty-codec-socks-4.1.30.Final.jar:/home/user/.m2/repository/io/netty/netty-transport-native-epoll/4.1.30.Final/netty-transport-native-epoll-4.1.30.Final.jar:/home/user/.m2/repository/io/netty/netty-common/4.1.30.Final/netty-common-4.1.30.Final.jar:/home/user/.m2/repository/io/netty/netty-buffer/4.1.30.Final/netty-buffer-4.1.30.Final.jar:/home/user/.m2/repository/io/netty/netty-transport/4.1.30.Final/netty-transport-4.1.30.Final.jar:/home/user/.m2/repository/io/netty/netty-resolver/4.1.30.Final/netty-resolver-4.1.30.Final.jar:/home/user/.m2/repository/io/netty/netty-transport-native-unix-common/4.1.30.Final/netty-transport-native-unix-common-4.1.30.Final.jar:/home/user/.m2/repository/io/grpc/grpc-protobuf/1.17.1/grpc-protobuf-1.17.1.jar:/home/user/.m2/repository/com/google/api/grpc/proto-google-common-protos/1.0.0/proto-google-common-protos-1.0.0.jar:/home/user/.m2/repository/io/grpc/grpc-protobuf-lite/1.17.1/grpc-protobuf-lite-1.17.1.jar:/home/user/.m2/repository/io/grpc/grpc-stub/1.17.1/grpc-stub-1.17.1.jar:/home/user/.m2/repository/org/apache/hadoop/hadoop-ozone-recon/0.5.0-SNAPSHOT/hadoop-ozone-recon-0.5.0-SNAPSHOT.jar:/home/user/.m2/repository/org/apache/hadoop/hadoop-ozone-reconcodegen/0.5.0-SNAPSHOT/hadoop-ozone-reconcodegen-0.5.0-SNAPSHOT.jar:/home/user/.m2/repository/com/google/inject/extensions/guice-multibindings/4.0/guice-multibindings-4.0.jar:/home/user/.m2/repository/com/google/inject/guice/4.0/guice-4.0.jar:/home/user/.m2/repository/aopalliance/aopalliance/1.0/aopalliance-1.0.jar:/home/user/.m2/repository/com/google/inject/extensions/guice-servlet/4.0/guice-servlet-4.0.jar:/home/user/.m2/repository/org/glassfish/jersey/containers/jersey-container-servlet/2.27/jersey-container-servlet-2.27.jar:/home/user/.m2/repository/org/glassfish/hk2/guice-bridge/2.5.0/guice-bridge-2.5.0.jar:/home/user/.m2/repository/org/glassfish/jersey/core/jersey-server/2.27/jersey-server-2.27.jar:/home/user/.m2/repository/org/glassfish/jersey/core/jersey-client/2.27/jersey-client-2.27.jar:/home/user/.m2/repository/org/glassfish/jersey/media/jersey-media-jaxb/2.27/jersey-media-jaxb-2.27.jar:/home/user/.m2/repository/javax/validation/validation-api/1.1.0.Final/validation-api-1.1.0.Final.jar:/home/user/.m2/repository/org/glassfish/jersey/media/jersey-media-json-jackson/2.27/jersey-media-json-jackson-2.27.jar:/home/user/.m2/repository/org/glassfish/jersey/ext/jersey-entity-filtering/2.27/jersey-entity-filtering-2.27.jar:/home/user/.m2/repository/com/google/inject/extensions/guice-assistedinject/4.0/guice-assistedinject-4.0.jar:/home/user/.m2/repository/org/jooq/jooq/3.11.10/jooq-3.11.10.jar:/home/user/.m2/repository/org/jooq/jooq-meta/3.11.10/jooq-meta-3.11.10.jar:/home/user/.m2/repository/org/jooq/jooq-codegen/3.11.10/jooq-codegen-3.11.10.jar:/home/user/.m2/repository/com/jolbox/bonecp/0.8.0.RELEASE/bonecp-0.8.0.RELEASE.jar:/home/user/.m2/repository/org/xerial/sqlite-jdbc/3.25.2/sqlite-jdbc-3.25.2.jar:/home/user/.m2/repository/org/springframework/spring-jdbc/5.1.3.RELEASE/spring-jdbc-5.1.3.RELEASE.jar:/home/user/.m2/repository/org/springframework/spring-beans/5.1.3.RELEASE/spring-beans-5.1.3.RELEASE.jar:/home/user/.m2/repository/org/springframework/spring-core/5.1.3.RELEASE/spring-core-5.1.3.RELEASE.jar:/home/user/.m2/repository/org/springframework/spring-jcl/5.1.3.RELEASE/spring-jcl-5.1.3.RELEASE.jar:/home/user/.m2/repository/org/springframework/spring-tx/5.1.3.RELEASE/spring-tx-5.1.3.RELEASE.jar:/home/user/.m2/repository/org/apache/hadoop/hadoop-ozone-client/0.5.0-SNAPSHOT/hadoop-ozone-client-0.5.0-SNAPSHOT.jar:/home/user/.m2/repository/org/apache/hadoop/hadoop-ozone-ozone-manager/0.5.0-SNAPSHOT/hadoop-ozone-ozone-manager-0.5.0-SNAPSHOT-tests.jar:/home/user/.m2/repository/junit/junit/4.11/junit-4.11.jar:/home/user/.m2/repository/org/hamcrest/hamcrest-core/1.3/hamcrest-core-1.3.jar:/home/user/.m2/repository/org/openjdk/jmh/jmh-core/1.19/jmh-core-1.19.jar:/home/user/.m2/repository/net/sf/jopt-simple/jopt-simple/4.6/jopt-simple-4.6.jar:/home/user/.m2/repository/org/apache/commons/commons-math3/3.1.1/commons-math3-3.1.1.jar:/home/user/.m2/repository/org/openjdk/jmh/jmh-generator-annprocess/1.19/jmh-generator-annprocess-1.19.jar:/home/user/.m2/repository/org/mockito/mockito-all/1.8.5/mockito-all-1.8.5.jar:/home/user/.m2/repository/org/apache/hadoop/hadoop-kms/3.2.0/hadoop-kms-3.2.0.jar:/home/user/.m2/repository/org/apache/hadoop/hadoop-auth/3.2.0/hadoop-auth-3.2.0.jar:/home/user/.m2/repository/com/nimbusds/nimbus-jose-jwt/4.41.1/nimbus-jose-jwt-4.41.1.jar:/home/user/.m2/repository/com/github/stephenc/jcip/jcip-annotations/1.0-1/jcip-annotations-1.0-1.jar:/home/user/.m2/repository/net/minidev/json-smart/2.3/json-smart-2.3.jar:/home/user/.m2/repository/net/minidev/accessors-smart/1.2/accessors-smart-1.2.jar:/home/user/.m2/repository/org/ow2/asm/asm/5.0.4/asm-5.0.4.jar:/home/user/.m2/repository/org/apache/curator/curator-framework/2.12.0/curator-framework-2.12.0.jar:/home/user/.m2/repository/com/sun/jersey/jersey-core/1.19/jersey-core-1.19.jar:/home/user/.m2/repository/javax/ws/rs/jsr311-api/1.1.1/jsr311-api-1.1.1.jar:/home/user/.m2/repository/com/sun/jersey/jersey-server/1.19/jersey-server-1.19.jar:/home/user/.m2/repository/javax/servlet/javax.servlet-api/3.1.0/javax.servlet-api-3.1.0.jar:/home/user/.m2/repository/org/eclipse/jetty/jetty-server/9.3.24.v20180605/jetty-server-9.3.24.v20180605.jar:/home/user/.m2/repository/org/eclipse/jetty/jetty-http/9.3.24.v20180605/jetty-http-9.3.24.v20180605.jar:/home/user/.m2/repository/org/eclipse/jetty/jetty-io/9.3.24.v20180605/jetty-io-9.3.24.v20180605.jar:/home/user/.m2/repository/org/eclipse/jetty/jetty-webapp/9.3.24.v20180605/jetty-webapp-9.3.24.v20180605.jar:/home/user/.m2/repository/org/eclipse/jetty/jetty-xml/9.3.24.v20180605/jetty-xml-9.3.24.v20180605.jar:/home/user/.m2/repository/log4j/log4j/1.2.17/log4j-1.2.17.jar:/home/user/.m2/repository/org/slf4j/slf4j-api/1.7.25/slf4j-api-1.7.25.jar:/home/user/.m2/repository/org/slf4j/jul-to-slf4j/1.7.25/jul-to-slf4j-1.7.25.jar:/home/user/.m2/repository/org/eclipse/jetty/jetty-util/9.3.24.v20180605/jetty-util-9.3.24.v20180605.jar:/home/user/.m2/repository/io/dropwizard/metrics/metrics-core/3.2.4/metrics-core-3.2.4.jar:/home/user/.m2/repository/com/fasterxml/jackson/core/jackson-databind/2.9.5/jackson-databind-2.9.5.jar:/home/user/.m2/repository/org/apache/hadoop/hadoop-kms/3.2.0/hadoop-kms-3.2.0-tests.jar:/home/user/.m2/repository/org/apache/hadoop/hadoop-hdds-server-scm/0.5.0-SNAPSHOT/hadoop-hdds-server-scm-0.5.0-SNAPSHOT-tests.jar:/home/user/.m2/repository/org/hamcrest/hamcrest-all/1.3/hamcrest-all-1.3.jar:/home/user/.m2/repository/info/picocli/picocli/3.9.6/picocli-3.9.6.jar:/home/user/.m2/repository/org/apache/hadoop/hadoop-hdds-container-service/0.5.0-SNAPSHOT/hadoop-hdds-container-service-0.5.0-SNAPSHOT-tests.jar:/home/user/.m2/repository/org/yaml/snakeyaml/1.16/snakeyaml-1.16.jar:/home/user/.m2/repository/org/apache/hadoop/hadoop-common/3.2.0/hadoop-common-3.2.0-tests.jar:/home/user/.m2/repository/org/apache/hadoop/hadoop-annotations/3.2.0/hadoop-annotations-3.2.0.jar:/usr/lib/jvm/java-1.8-openjdk/jre/../lib/tools.jar:/home/user/.m2/repository/commons-cli/commons-cli/1.2/commons-cli-1.2.jar:/home/user/.m2/repository/org/apache/httpcomponents/httpclient/4.5.2/httpclient-4.5.2.jar:/home/user/.m2/repository/org/apache/httpcomponents/httpcore/4.4.4/httpcore-4.4.4.jar:/home/user/.m2/repository/commons-codec/commons-codec/1.11/commons-codec-1.11.jar:/home/user/.m2/repository/commons-net/commons-net/3.6/commons-net-3.6.jar:/home/user/.m2/repository/commons-collections/commons-collections/3.2.2/commons-collections-3.2.2.jar:/home/user/.m2/repository/org/eclipse/jetty/jetty-servlet/9.3.24.v20180605/jetty-servlet-9.3.24.v20180605.jar:/home/user/.m2/repository/org/eclipse/jetty/jetty-security/9.3.24.v20180605/jetty-security-9.3.24.v20180605.jar:/home/user/.m2/repository/javax/servlet/jsp/jsp-api/2.1/jsp-api-2.1.jar:/home/user/.m2/repository/com/sun/jersey/jersey-servlet/1.19/jersey-servlet-1.19.jar:/home/user/.m2/repository/com/sun/jersey/jersey-json/1.19/jersey-json-1.19.jar:/home/user/.m2/repository/org/codehaus/jettison/jettison/1.1/jettison-1.1.jar:/home/user/.m2/repository/org/codehaus/jackson/jackson-core-asl/1.9.13/jackson-core-asl-1.9.13.jar:/home/user/.m2/repository/org/codehaus/jackson/jackson-mapper-asl/1.9.13/jackson-mapper-asl-1.9.13.jar:/home/user/.m2/repository/org/codehaus/jackson/jackson-jaxrs/1.9.13/jackson-jaxrs-1.9.13.jar:/home/user/.m2/repository/org/codehaus/jackson/jackson-xc/1.9.13/jackson-xc-1.9.13.jar:/home/user/.m2/repository/commons-logging/commons-logging/1.1.3/commons-logging-1.1.3.jar:/home/user/.m2/repository/commons-beanutils/commons-beanutils/1.9.3/commons-beanutils-1.9.3.jar:/home/user/.m2/repository/org/apache/commons/commons-configuration2/2.1.1/commons-configuration2-2.1.1.jar:/home/user/.m2/repository/org/apache/commons/commons-lang3/3.7/commons-lang3-3.7.jar:/home/user/.m2/repository/org/apache/commons/commons-text/1.4/commons-text-1.4.jar:/home/user/.m2/repository/org/apache/avro/avro/1.7.7/avro-1.7.7.jar:/home/user/.m2/repository/com/thoughtworks/paranamer/paranamer/2.3/paranamer-2.3.jar:/home/user/.m2/repository/org/xerial/snappy/snappy-java/1.0.5/snappy-java-1.0.5.jar:/home/user/.m2/repository/com/google/re2j/re2j/1.1/re2j-1.1.jar:/home/user/.m2/repository/com/google/code/gson/gson/2.2.4/gson-2.2.4.jar:/home/user/.m2/repository/com/jcraft/jsch/0.1.54/jsch-0.1.54.jar:/home/user/.m2/repository/org/apache/curator/curator-client/2.12.0/curator-client-2.12.0.jar:/home/user/.m2/repository/org/apache/curator/curator-recipes/2.12.0/curator-recipes-2.12.0.jar:/home/user/.m2/repository/com/google/code/findbugs/jsr305/3.0.0/jsr305-3.0.0.jar:/home/user/.m2/repository/org/apache/htrace/htrace-core4/4.1.0-incubating/htrace-core4-4.1.0-incubating.jar:/home/user/.m2/repository/org/apache/zookeeper/zookeeper/3.4.13/zookeeper-3.4.13.jar:/home/user/.m2/repository/org/apache/yetus/audience-annotations/0.5.0/audience-annotations-0.5.0.jar:/home/user/.m2/repository/org/codehaus/woodstox/stax2-api/3.1.4/stax2-api-3.1.4.jar:/home/user/.m2/repository/com/fasterxml/woodstox/woodstox-core/5.0.3/woodstox-core-5.0.3.jar:/home/user/.m2/repository/dnsjava/dnsjava/2.1.7/dnsjava-2.1.7.jar:/home/user/.m2/repository/org/apache/hadoop/hadoop-hdfs/3.2.0/hadoop-hdfs-3.2.0-tests.jar:/home/user/.m2/repository/org/eclipse/jetty/jetty-util-ajax/9.3.24.v20180605/jetty-util-ajax-9.3.24.v20180605.jar:/home/user/.m2/repository/commons-daemon/commons-daemon/1.0.13/commons-daemon-1.0.13.jar:/home/user/.m2/repository/io/netty/netty/3.10.5.Final/netty-3.10.5.Final.jar:/home/user/.m2/repository/io/netty/netty-all/4.0.52.Final/netty-all-4.0.52.Final.jar:/home/user/.m2/repository/org/fusesource/leveldbjni/leveldbjni-all/1.8/leveldbjni-all-1.8.jar:"/>
    <property name="java.vm.vendor" value="IcedTea"/>
    <property name="sun.arch.data.model" value="64"/>
    <property name="test.build.dir" value="/opt/src/hadoop-ozone/integration-test/target/test-dir"/>
    <property name="test.cache.data" value=""/>
    <property name="java.vendor.url" value="https://icedtea.classpath.org"/>
    <property name="user.timezone" value=""/>
    <property name="java.vm.specification.version" value="1.8"/>
    <property name="os.name" value="Linux"/>
    <property name="test.build.data" value="/opt/src/hadoop-ozone/integration-test/target/test-dir"/>
    <property name="user.country" value="US"/>
    <property name="sun.java.launcher" value="SUN_STANDARD"/>
    <property name="sun.boot.library.path" value="/usr/lib/jvm/java-1.8-openjdk/jre/lib/amd64"/>
    <property name="sun.java.command" value="/opt/src/hadoop-ozone/integration-test/target/surefire/surefirebooter8722097199204883162.jar /opt/src/hadoop-ozone/integration-test/target/surefire 2019-06-15T12-32-50_501-jvmRun1 surefire8316835787599959327tmp surefire_126761588959588453854tmp"/>
    <property name="surefire.test.class.path" value="/opt/src/hadoop-ozone/integration-test/target/test-classes:/opt/src/hadoop-ozone/integration-test/target/classes:/home/user/.m2/repository/org/apache/hadoop/hadoop-ozone-common/0.5.0-SNAPSHOT/hadoop-ozone-common-0.5.0-SNAPSHOT.jar:/home/user/.m2/repository/org/apache/commons/commons-compress/1.4.1/commons-compress-1.4.1.jar:/home/user/.m2/repository/org/tukaani/xz/1.0/xz-1.0.jar:/home/user/.m2/repository/org/apache/hadoop/hadoop-common/3.2.0/hadoop-common-3.2.0.jar:/home/user/.m2/repository/org/apache/hadoop/hadoop-hdfs/3.2.0/hadoop-hdfs-3.2.0.jar:/home/user/.m2/repository/org/apache/hadoop/hadoop-hdfs-client/3.2.0/hadoop-hdfs-client-3.2.0.jar:/home/user/.m2/repository/com/fasterxml/jackson/core/jackson-annotations/2.9.5/jackson-annotations-2.9.5.jar:/home/user/.m2/repository/org/apache/hadoop/hadoop-hdds-common/0.5.0-SNAPSHOT/hadoop-hdds-common-0.5.0-SNAPSHOT.jar:/home/user/.m2/repository/javax/annotation/javax.annotation-api/1.2/javax.annotation-api-1.2.jar:/home/user/.m2/repository/org/apache/ratis/ratis-server/0.4.0-fe2b15d-SNAPSHOT/ratis-server-0.4.0-fe2b15d-SNAPSHOT.jar:/home/user/.m2/repository/org/apache/ratis/ratis-thirdparty-misc/0.2.0/ratis-thirdparty-misc-0.2.0.jar:/home/user/.m2/repository/org/apache/ratis/ratis-proto/0.4.0-fe2b15d-SNAPSHOT/ratis-proto-0.4.0-fe2b15d-SNAPSHOT.jar:/home/user/.m2/repository/org/apache/ratis/ratis-common/0.4.0-fe2b15d-SNAPSHOT/ratis-common-0.4.0-fe2b15d-SNAPSHOT.jar:/home/user/.m2/repository/org/apache/ratis/ratis-client/0.4.0-fe2b15d-SNAPSHOT/ratis-client-0.4.0-fe2b15d-SNAPSHOT.jar:/home/user/.m2/repository/org/apache/ratis/ratis-netty/0.4.0-fe2b15d-SNAPSHOT/ratis-netty-0.4.0-fe2b15d-SNAPSHOT.jar:/home/user/.m2/repository/org/apache/ratis/ratis-grpc/0.4.0-fe2b15d-SNAPSHOT/ratis-grpc-0.4.0-fe2b15d-SNAPSHOT.jar:/home/user/.m2/repository/org/rocksdb/rocksdbjni/5.14.2/rocksdbjni-5.14.2.jar:/home/user/.m2/repository/org/apache/logging/log4j/log4j-api/2.11.0/log4j-api-2.11.0.jar:/home/user/.m2/repository/org/apache/logging/log4j/log4j-core/2.11.0/log4j-core-2.11.0.jar:/home/user/.m2/repository/com/lmax/disruptor/3.4.2/disruptor-3.4.2.jar:/home/user/.m2/repository/org/apache/commons/commons-pool2/2.6.0/commons-pool2-2.6.0.jar:/home/user/.m2/repository/org/bouncycastle/bcpkix-jdk15on/1.60/bcpkix-jdk15on-1.60.jar:/home/user/.m2/repository/commons-validator/commons-validator/1.6/commons-validator-1.6.jar:/home/user/.m2/repository/commons-digester/commons-digester/1.8.1/commons-digester-1.8.1.jar:/home/user/.m2/repository/io/jaegertracing/jaeger-client/0.33.1/jaeger-client-0.33.1.jar:/home/user/.m2/repository/io/jaegertracing/jaeger-thrift/0.33.1/jaeger-thrift-0.33.1.jar:/home/user/.m2/repository/org/apache/thrift/libthrift/0.11.0/libthrift-0.11.0.jar:/home/user/.m2/repository/com/squareup/okhttp3/okhttp/3.9.0/okhttp-3.9.0.jar:/home/user/.m2/repository/com/squareup/okio/okio/1.13.0/okio-1.13.0.jar:/home/user/.m2/repository/io/jaegertracing/jaeger-core/0.33.1/jaeger-core-0.33.1.jar:/home/user/.m2/repository/io/jaegertracing/jaeger-tracerresolver/0.33.1/jaeger-tracerresolver-0.33.1.jar:/home/user/.m2/repository/io/opentracing/contrib/opentracing-tracerresolver/0.1.5/opentracing-tracerresolver-0.1.5.jar:/home/user/.m2/repository/io/opentracing/opentracing-util/0.31.0/opentracing-util-0.31.0.jar:/home/user/.m2/repository/io/opentracing/opentracing-api/0.31.0/opentracing-api-0.31.0.jar:/home/user/.m2/repository/io/opentracing/opentracing-noop/0.31.0/opentracing-noop-0.31.0.jar:/home/user/.m2/repository/org/apache/hadoop/hadoop-hdds-server-framework/0.5.0-SNAPSHOT/hadoop-hdds-server-framework-0.5.0-SNAPSHOT.jar:/home/user/.m2/repository/org/apache/hadoop/hadoop-hdds-server-scm/0.5.0-SNAPSHOT/hadoop-hdds-server-scm-0.5.0-SNAPSHOT.jar:/home/user/.m2/repository/org/apache/hadoop/hadoop-hdds-container-service/0.5.0-SNAPSHOT/hadoop-hdds-container-service-0.5.0-SNAPSHOT.jar:/home/user/.m2/repository/org/apache/hadoop/hadoop-hdds-client/0.5.0-SNAPSHOT/hadoop-hdds-client-0.5.0-SNAPSHOT.jar:/home/user/.m2/repository/org/apache/hadoop/hadoop-hdds-tools/0.5.0-SNAPSHOT/hadoop-hdds-tools-0.5.0-SNAPSHOT.jar:/home/user/.m2/repository/org/apache/hadoop/hadoop-ozone-ozone-manager/0.5.0-SNAPSHOT/hadoop-ozone-ozone-manager-0.5.0-SNAPSHOT.jar:/home/user/.m2/repository/org/apache/hadoop/hadoop-hdds-docs/0.5.0-SNAPSHOT/hadoop-hdds-docs-0.5.0-SNAPSHOT.jar:/home/user/.m2/repository/org/bouncycastle/bcprov-jdk15on/1.60/bcprov-jdk15on-1.60.jar:/home/user/.m2/repository/org/apache/hadoop/hadoop-minikdc/3.2.0/hadoop-minikdc-3.2.0.jar:/home/user/.m2/repository/commons-io/commons-io/2.5/commons-io-2.5.jar:/home/user/.m2/repository/org/apache/kerby/kerb-simplekdc/1.0.1/kerb-simplekdc-1.0.1.jar:/home/user/.m2/repository/org/apache/kerby/kerb-client/1.0.1/kerb-client-1.0.1.jar:/home/user/.m2/repository/org/apache/kerby/kerby-config/1.0.1/kerby-config-1.0.1.jar:/home/user/.m2/repository/org/apache/kerby/kerb-core/1.0.1/kerb-core-1.0.1.jar:/home/user/.m2/repository/org/apache/kerby/kerby-pkix/1.0.1/kerby-pkix-1.0.1.jar:/home/user/.m2/repository/org/apache/kerby/kerby-asn1/1.0.1/kerby-asn1-1.0.1.jar:/home/user/.m2/repository/org/apache/kerby/kerby-util/1.0.1/kerby-util-1.0.1.jar:/home/user/.m2/repository/org/apache/kerby/kerb-common/1.0.1/kerb-common-1.0.1.jar:/home/user/.m2/repository/org/apache/kerby/kerb-crypto/1.0.1/kerb-crypto-1.0.1.jar:/home/user/.m2/repository/org/apache/kerby/kerb-util/1.0.1/kerb-util-1.0.1.jar:/home/user/.m2/repository/org/apache/kerby/token-provider/1.0.1/token-provider-1.0.1.jar:/home/user/.m2/repository/org/apache/kerby/kerb-admin/1.0.1/kerb-admin-1.0.1.jar:/home/user/.m2/repository/org/apache/kerby/kerb-server/1.0.1/kerb-server-1.0.1.jar:/home/user/.m2/repository/org/apache/kerby/kerb-identity/1.0.1/kerb-identity-1.0.1.jar:/home/user/.m2/repository/org/apache/kerby/kerby-xdr/1.0.1/kerby-xdr-1.0.1.jar:/home/user/.m2/repository/org/slf4j/slf4j-log4j12/1.7.25/slf4j-log4j12-1.7.25.jar:/home/user/.m2/repository/org/apache/hadoop/hadoop-ozone-objectstore-service/0.5.0-SNAPSHOT/hadoop-ozone-objectstore-service-0.5.0-SNAPSHOT.jar:/home/user/.m2/repository/org/apache/hadoop/hadoop-ozone-s3gateway/0.5.0-SNAPSHOT/hadoop-ozone-s3gateway-0.5.0-SNAPSHOT.jar:/home/user/.m2/repository/org/jboss/weld/servlet/weld-servlet/2.4.7.Final/weld-servlet-2.4.7.Final.jar:/home/user/.m2/repository/org/glassfish/jersey/containers/jersey-container-servlet-core/2.27/jersey-container-servlet-core-2.27.jar:/home/user/.m2/repository/org/glassfish/hk2/external/javax.inject/2.5.0-b42/javax.inject-2.5.0-b42.jar:/home/user/.m2/repository/org/glassfish/jersey/core/jersey-common/2.27/jersey-common-2.27.jar:/home/user/.m2/repository/org/glassfish/hk2/osgi-resource-locator/1.0.1/osgi-resource-locator-1.0.1.jar:/home/user/.m2/repository/javax/ws/rs/javax.ws.rs-api/2.1/javax.ws.rs-api-2.1.jar:/home/user/.m2/repository/org/glassfish/jersey/ext/cdi/jersey-cdi1x/2.27/jersey-cdi1x-2.27.jar:/home/user/.m2/repository/org/glassfish/jersey/inject/jersey-hk2/2.27/jersey-hk2-2.27.jar:/home/user/.m2/repository/org/glassfish/hk2/hk2-locator/2.5.0-b42/hk2-locator-2.5.0-b42.jar:/home/user/.m2/repository/org/javassist/javassist/3.22.0-CR2/javassist-3.22.0-CR2.jar:/home/user/.m2/repository/org/glassfish/hk2/hk2-api/2.5.0/hk2-api-2.5.0.jar:/home/user/.m2/repository/org/glassfish/hk2/external/jakarta.inject/2.5.0/jakarta.inject-2.5.0.jar:/home/user/.m2/repository/org/glassfish/hk2/hk2-utils/2.5.0/hk2-utils-2.5.0.jar:/home/user/.m2/repository/jakarta/annotation/jakarta.annotation-api/1.3.4/jakarta.annotation-api-1.3.4.jar:/home/user/.m2/repository/org/glassfish/hk2/external/aopalliance-repackaged/2.5.0/aopalliance-repackaged-2.5.0.jar:/home/user/.m2/repository/com/fasterxml/jackson/dataformat/jackson-dataformat-xml/2.9.0/jackson-dataformat-xml-2.9.0.jar:/home/user/.m2/repository/com/fasterxml/jackson/core/jackson-core/2.9.5/jackson-core-2.9.5.jar:/home/user/.m2/repository/com/fasterxml/jackson/module/jackson-module-jaxb-annotations/2.9.5/jackson-module-jaxb-annotations-2.9.5.jar:/home/user/.m2/repository/javax/enterprise/cdi-api/1.2/cdi-api-1.2.jar:/home/user/.m2/repository/javax/el/javax.el-api/3.0.0/javax.el-api-3.0.0.jar:/home/user/.m2/repository/javax/interceptor/javax.interceptor-api/1.2/javax.interceptor-api-1.2.jar:/home/user/.m2/repository/javax/inject/javax.inject/1/javax.inject-1.jar:/home/user/.m2/repository/com/sun/xml/bind/jaxb-impl/2.3.0.1/jaxb-impl-2.3.0.1.jar:/home/user/.m2/repository/com/sun/xml/bind/jaxb-core/2.3.0.1/jaxb-core-2.3.0.1.jar:/home/user/.m2/repository/javax/xml/bind/jaxb-api/2.3.0/jaxb-api-2.3.0.jar:/home/user/.m2/repository/javax/activation/activation/1.1.1/activation-1.1.1.jar:/home/user/.m2/repository/org/apache/hadoop/hadoop-ozone-csi/0.5.0-SNAPSHOT/hadoop-ozone-csi-0.5.0-SNAPSHOT.jar:/home/user/.m2/repository/com/google/protobuf/protobuf-java-util/3.5.1/protobuf-java-util-3.5.1.jar:/home/user/.m2/repository/org/apache/hadoop/hadoop-hdds-config/0.5.0-SNAPSHOT/hadoop-hdds-config-0.5.0-SNAPSHOT.jar:/home/user/.m2/repository/com/google/guava/guava/11.0.2/guava-11.0.2.jar:/home/user/.m2/repository/com/google/protobuf/protobuf-java/2.5.0/protobuf-java-2.5.0.jar:/home/user/.m2/repository/io/grpc/grpc-netty/1.17.1/grpc-netty-1.17.1.jar:/home/user/.m2/repository/io/grpc/grpc-core/1.17.1/grpc-core-1.17.1.jar:/home/user/.m2/repository/io/grpc/grpc-context/1.17.1/grpc-context-1.17.1.jar:/home/user/.m2/repository/com/google/errorprone/error_prone_annotations/2.2.0/error_prone_annotations-2.2.0.jar:/home/user/.m2/repository/org/codehaus/mojo/animal-sniffer-annotations/1.17/animal-sniffer-annotations-1.17.jar:/home/user/.m2/repository/io/opencensus/opencensus-api/0.17.0/opencensus-api-0.17.0.jar:/home/user/.m2/repository/io/opencensus/opencensus-contrib-grpc-metrics/0.17.0/opencensus-contrib-grpc-metrics-0.17.0.jar:/home/user/.m2/repository/io/netty/netty-codec-http2/4.1.30.Final/netty-codec-http2-4.1.30.Final.jar:/home/user/.m2/repository/io/netty/netty-codec-http/4.1.30.Final/netty-codec-http-4.1.30.Final.jar:/home/user/.m2/repository/io/netty/netty-codec/4.1.30.Final/netty-codec-4.1.30.Final.jar:/home/user/.m2/repository/io/netty/netty-handler/4.1.30.Final/netty-handler-4.1.30.Final.jar:/home/user/.m2/repository/io/netty/netty-handler-proxy/4.1.30.Final/netty-handler-proxy-4.1.30.Final.jar:/home/user/.m2/repository/io/netty/netty-codec-socks/4.1.30.Final/netty-codec-socks-4.1.30.Final.jar:/home/user/.m2/repository/io/netty/netty-transport-native-epoll/4.1.30.Final/netty-transport-native-epoll-4.1.30.Final.jar:/home/user/.m2/repository/io/netty/netty-common/4.1.30.Final/netty-common-4.1.30.Final.jar:/home/user/.m2/repository/io/netty/netty-buffer/4.1.30.Final/netty-buffer-4.1.30.Final.jar:/home/user/.m2/repository/io/netty/netty-transport/4.1.30.Final/netty-transport-4.1.30.Final.jar:/home/user/.m2/repository/io/netty/netty-resolver/4.1.30.Final/netty-resolver-4.1.30.Final.jar:/home/user/.m2/repository/io/netty/netty-transport-native-unix-common/4.1.30.Final/netty-transport-native-unix-common-4.1.30.Final.jar:/home/user/.m2/repository/io/grpc/grpc-protobuf/1.17.1/grpc-protobuf-1.17.1.jar:/home/user/.m2/repository/com/google/api/grpc/proto-google-common-protos/1.0.0/proto-google-common-protos-1.0.0.jar:/home/user/.m2/repository/io/grpc/grpc-protobuf-lite/1.17.1/grpc-protobuf-lite-1.17.1.jar:/home/user/.m2/repository/io/grpc/grpc-stub/1.17.1/grpc-stub-1.17.1.jar:/home/user/.m2/repository/org/apache/hadoop/hadoop-ozone-recon/0.5.0-SNAPSHOT/hadoop-ozone-recon-0.5.0-SNAPSHOT.jar:/home/user/.m2/repository/org/apache/hadoop/hadoop-ozone-reconcodegen/0.5.0-SNAPSHOT/hadoop-ozone-reconcodegen-0.5.0-SNAPSHOT.jar:/home/user/.m2/repository/com/google/inject/extensions/guice-multibindings/4.0/guice-multibindings-4.0.jar:/home/user/.m2/repository/com/google/inject/guice/4.0/guice-4.0.jar:/home/user/.m2/repository/aopalliance/aopalliance/1.0/aopalliance-1.0.jar:/home/user/.m2/repository/com/google/inject/extensions/guice-servlet/4.0/guice-servlet-4.0.jar:/home/user/.m2/repository/org/glassfish/jersey/containers/jersey-container-servlet/2.27/jersey-container-servlet-2.27.jar:/home/user/.m2/repository/org/glassfish/hk2/guice-bridge/2.5.0/guice-bridge-2.5.0.jar:/home/user/.m2/repository/org/glassfish/jersey/core/jersey-server/2.27/jersey-server-2.27.jar:/home/user/.m2/repository/org/glassfish/jersey/core/jersey-client/2.27/jersey-client-2.27.jar:/home/user/.m2/repository/org/glassfish/jersey/media/jersey-media-jaxb/2.27/jersey-media-jaxb-2.27.jar:/home/user/.m2/repository/javax/validation/validation-api/1.1.0.Final/validation-api-1.1.0.Final.jar:/home/user/.m2/repository/org/glassfish/jersey/media/jersey-media-json-jackson/2.27/jersey-media-json-jackson-2.27.jar:/home/user/.m2/repository/org/glassfish/jersey/ext/jersey-entity-filtering/2.27/jersey-entity-filtering-2.27.jar:/home/user/.m2/repository/com/google/inject/extensions/guice-assistedinject/4.0/guice-assistedinject-4.0.jar:/home/user/.m2/repository/org/jooq/jooq/3.11.10/jooq-3.11.10.jar:/home/user/.m2/repository/org/jooq/jooq-meta/3.11.10/jooq-meta-3.11.10.jar:/home/user/.m2/repository/org/jooq/jooq-codegen/3.11.10/jooq-codegen-3.11.10.jar:/home/user/.m2/repository/com/jolbox/bonecp/0.8.0.RELEASE/bonecp-0.8.0.RELEASE.jar:/home/user/.m2/repository/org/xerial/sqlite-jdbc/3.25.2/sqlite-jdbc-3.25.2.jar:/home/user/.m2/repository/org/springframework/spring-jdbc/5.1.3.RELEASE/spring-jdbc-5.1.3.RELEASE.jar:/home/user/.m2/repository/org/springframework/spring-beans/5.1.3.RELEASE/spring-beans-5.1.3.RELEASE.jar:/home/user/.m2/repository/org/springframework/spring-core/5.1.3.RELEASE/spring-core-5.1.3.RELEASE.jar:/home/user/.m2/repository/org/springframework/spring-jcl/5.1.3.RELEASE/spring-jcl-5.1.3.RELEASE.jar:/home/user/.m2/repository/org/springframework/spring-tx/5.1.3.RELEASE/spring-tx-5.1.3.RELEASE.jar:/home/user/.m2/repository/org/apache/hadoop/hadoop-ozone-client/0.5.0-SNAPSHOT/hadoop-ozone-client-0.5.0-SNAPSHOT.jar:/home/user/.m2/repository/org/apache/hadoop/hadoop-ozone-ozone-manager/0.5.0-SNAPSHOT/hadoop-ozone-ozone-manager-0.5.0-SNAPSHOT-tests.jar:/home/user/.m2/repository/junit/junit/4.11/junit-4.11.jar:/home/user/.m2/repository/org/hamcrest/hamcrest-core/1.3/hamcrest-core-1.3.jar:/home/user/.m2/repository/org/openjdk/jmh/jmh-core/1.19/jmh-core-1.19.jar:/home/user/.m2/repository/net/sf/jopt-simple/jopt-simple/4.6/jopt-simple-4.6.jar:/home/user/.m2/repository/org/apache/commons/commons-math3/3.1.1/commons-math3-3.1.1.jar:/home/user/.m2/repository/org/openjdk/jmh/jmh-generator-annprocess/1.19/jmh-generator-annprocess-1.19.jar:/home/user/.m2/repository/org/mockito/mockito-all/1.8.5/mockito-all-1.8.5.jar:/home/user/.m2/repository/org/apache/hadoop/hadoop-kms/3.2.0/hadoop-kms-3.2.0.jar:/home/user/.m2/repository/org/apache/hadoop/hadoop-auth/3.2.0/hadoop-auth-3.2.0.jar:/home/user/.m2/repository/com/nimbusds/nimbus-jose-jwt/4.41.1/nimbus-jose-jwt-4.41.1.jar:/home/user/.m2/repository/com/github/stephenc/jcip/jcip-annotations/1.0-1/jcip-annotations-1.0-1.jar:/home/user/.m2/repository/net/minidev/json-smart/2.3/json-smart-2.3.jar:/home/user/.m2/repository/net/minidev/accessors-smart/1.2/accessors-smart-1.2.jar:/home/user/.m2/repository/org/ow2/asm/asm/5.0.4/asm-5.0.4.jar:/home/user/.m2/repository/org/apache/curator/curator-framework/2.12.0/curator-framework-2.12.0.jar:/home/user/.m2/repository/com/sun/jersey/jersey-core/1.19/jersey-core-1.19.jar:/home/user/.m2/repository/javax/ws/rs/jsr311-api/1.1.1/jsr311-api-1.1.1.jar:/home/user/.m2/repository/com/sun/jersey/jersey-server/1.19/jersey-server-1.19.jar:/home/user/.m2/repository/javax/servlet/javax.servlet-api/3.1.0/javax.servlet-api-3.1.0.jar:/home/user/.m2/repository/org/eclipse/jetty/jetty-server/9.3.24.v20180605/jetty-server-9.3.24.v20180605.jar:/home/user/.m2/repository/org/eclipse/jetty/jetty-http/9.3.24.v20180605/jetty-http-9.3.24.v20180605.jar:/home/user/.m2/repository/org/eclipse/jetty/jetty-io/9.3.24.v20180605/jetty-io-9.3.24.v20180605.jar:/home/user/.m2/repository/org/eclipse/jetty/jetty-webapp/9.3.24.v20180605/jetty-webapp-9.3.24.v20180605.jar:/home/user/.m2/repository/org/eclipse/jetty/jetty-xml/9.3.24.v20180605/jetty-xml-9.3.24.v20180605.jar:/home/user/.m2/repository/log4j/log4j/1.2.17/log4j-1.2.17.jar:/home/user/.m2/repository/org/slf4j/slf4j-api/1.7.25/slf4j-api-1.7.25.jar:/home/user/.m2/repository/org/slf4j/jul-to-slf4j/1.7.25/jul-to-slf4j-1.7.25.jar:/home/user/.m2/repository/org/eclipse/jetty/jetty-util/9.3.24.v20180605/jetty-util-9.3.24.v20180605.jar:/home/user/.m2/repository/io/dropwizard/metrics/metrics-core/3.2.4/metrics-core-3.2.4.jar:/home/user/.m2/repository/com/fasterxml/jackson/core/jackson-databind/2.9.5/jackson-databind-2.9.5.jar:/home/user/.m2/repository/org/apache/hadoop/hadoop-kms/3.2.0/hadoop-kms-3.2.0-tests.jar:/home/user/.m2/repository/org/apache/hadoop/hadoop-hdds-server-scm/0.5.0-SNAPSHOT/hadoop-hdds-server-scm-0.5.0-SNAPSHOT-tests.jar:/home/user/.m2/repository/org/hamcrest/hamcrest-all/1.3/hamcrest-all-1.3.jar:/home/user/.m2/repository/info/picocli/picocli/3.9.6/picocli-3.9.6.jar:/home/user/.m2/repository/org/apache/hadoop/hadoop-hdds-container-service/0.5.0-SNAPSHOT/hadoop-hdds-container-service-0.5.0-SNAPSHOT-tests.jar:/home/user/.m2/repository/org/yaml/snakeyaml/1.16/snakeyaml-1.16.jar:/home/user/.m2/repository/org/apache/hadoop/hadoop-common/3.2.0/hadoop-common-3.2.0-tests.jar:/home/user/.m2/repository/org/apache/hadoop/hadoop-annotations/3.2.0/hadoop-annotations-3.2.0.jar:/usr/lib/jvm/java-1.8-openjdk/jre/../lib/tools.jar:/home/user/.m2/repository/commons-cli/commons-cli/1.2/commons-cli-1.2.jar:/home/user/.m2/repository/org/apache/httpcomponents/httpclient/4.5.2/httpclient-4.5.2.jar:/home/user/.m2/repository/org/apache/httpcomponents/httpcore/4.4.4/httpcore-4.4.4.jar:/home/user/.m2/repository/commons-codec/commons-codec/1.11/commons-codec-1.11.jar:/home/user/.m2/repository/commons-net/commons-net/3.6/commons-net-3.6.jar:/home/user/.m2/repository/commons-collections/commons-collections/3.2.2/commons-collections-3.2.2.jar:/home/user/.m2/repository/org/eclipse/jetty/jetty-servlet/9.3.24.v20180605/jetty-servlet-9.3.24.v20180605.jar:/home/user/.m2/repository/org/eclipse/jetty/jetty-security/9.3.24.v20180605/jetty-security-9.3.24.v20180605.jar:/home/user/.m2/repository/javax/servlet/jsp/jsp-api/2.1/jsp-api-2.1.jar:/home/user/.m2/repository/com/sun/jersey/jersey-servlet/1.19/jersey-servlet-1.19.jar:/home/user/.m2/repository/com/sun/jersey/jersey-json/1.19/jersey-json-1.19.jar:/home/user/.m2/repository/org/codehaus/jettison/jettison/1.1/jettison-1.1.jar:/home/user/.m2/repository/org/codehaus/jackson/jackson-core-asl/1.9.13/jackson-core-asl-1.9.13.jar:/home/user/.m2/repository/org/codehaus/jackson/jackson-mapper-asl/1.9.13/jackson-mapper-asl-1.9.13.jar:/home/user/.m2/repository/org/codehaus/jackson/jackson-jaxrs/1.9.13/jackson-jaxrs-1.9.13.jar:/home/user/.m2/repository/org/codehaus/jackson/jackson-xc/1.9.13/jackson-xc-1.9.13.jar:/home/user/.m2/repository/commons-logging/commons-logging/1.1.3/commons-logging-1.1.3.jar:/home/user/.m2/repository/commons-beanutils/commons-beanutils/1.9.3/commons-beanutils-1.9.3.jar:/home/user/.m2/repository/org/apache/commons/commons-configuration2/2.1.1/commons-configuration2-2.1.1.jar:/home/user/.m2/repository/org/apache/commons/commons-lang3/3.7/commons-lang3-3.7.jar:/home/user/.m2/repository/org/apache/commons/commons-text/1.4/commons-text-1.4.jar:/home/user/.m2/repository/org/apache/avro/avro/1.7.7/avro-1.7.7.jar:/home/user/.m2/repository/com/thoughtworks/paranamer/paranamer/2.3/paranamer-2.3.jar:/home/user/.m2/repository/org/xerial/snappy/snappy-java/1.0.5/snappy-java-1.0.5.jar:/home/user/.m2/repository/com/google/re2j/re2j/1.1/re2j-1.1.jar:/home/user/.m2/repository/com/google/code/gson/gson/2.2.4/gson-2.2.4.jar:/home/user/.m2/repository/com/jcraft/jsch/0.1.54/jsch-0.1.54.jar:/home/user/.m2/repository/org/apache/curator/curator-client/2.12.0/curator-client-2.12.0.jar:/home/user/.m2/repository/org/apache/curator/curator-recipes/2.12.0/curator-recipes-2.12.0.jar:/home/user/.m2/repository/com/google/code/findbugs/jsr305/3.0.0/jsr305-3.0.0.jar:/home/user/.m2/repository/org/apache/htrace/htrace-core4/4.1.0-incubating/htrace-core4-4.1.0-incubating.jar:/home/user/.m2/repository/org/apache/zookeeper/zookeeper/3.4.13/zookeeper-3.4.13.jar:/home/user/.m2/repository/org/apache/yetus/audience-annotations/0.5.0/audience-annotations-0.5.0.jar:/home/user/.m2/repository/org/codehaus/woodstox/stax2-api/3.1.4/stax2-api-3.1.4.jar:/home/user/.m2/repository/com/fasterxml/woodstox/woodstox-core/5.0.3/woodstox-core-5.0.3.jar:/home/user/.m2/repository/dnsjava/dnsjava/2.1.7/dnsjava-2.1.7.jar:/home/user/.m2/repository/org/apache/hadoop/hadoop-hdfs/3.2.0/hadoop-hdfs-3.2.0-tests.jar:/home/user/.m2/repository/org/eclipse/jetty/jetty-util-ajax/9.3.24.v20180605/jetty-util-ajax-9.3.24.v20180605.jar:/home/user/.m2/repository/commons-daemon/commons-daemon/1.0.13/commons-daemon-1.0.13.jar:/home/user/.m2/repository/io/netty/netty/3.10.5.Final/netty-3.10.5.Final.jar:/home/user/.m2/repository/io/netty/netty-all/4.0.52.Final/netty-all-4.0.52.Final.jar:/home/user/.m2/repository/org/fusesource/leveldbjni/leveldbjni-all/1.8/leveldbjni-all-1.8.jar:"/>
    <property name="sun.cpu.endian" value="little"/>
    <property name="user.home" value="/home/user"/>
    <property name="user.language" value="en"/>
    <property name="java.specification.vendor" value="Oracle Corporation"/>
    <property name="java.home" value="/usr/lib/jvm/java-1.8-openjdk/jre"/>
    <property name="java.security.krb5.conf" value="/opt/src/hadoop-ozone/integration-test/target/test-classes/krb5.conf"/>
    <property name="basedir" value="/opt/src/hadoop-ozone/integration-test"/>
    <property name="file.separator" value="/"/>
    <property name="line.separator" value="&#10;"/>
    <property name="java.vm.specification.vendor" value="Oracle Corporation"/>
    <property name="java.specification.name" value="Java Platform API Specification"/>
    <property name="java.awt.graphicsenv" value="sun.awt.X11GraphicsEnvironment"/>
    <property name="surefire.real.class.path" value="/opt/src/hadoop-ozone/integration-test/target/surefire/surefirebooter8722097199204883162.jar"/>
    <property name="hadoop.log.dir" value="/opt/src/hadoop-ozone/integration-test/target/log"/>
    <property name="sun.boot.class.path" value="/usr/lib/jvm/java-1.8-openjdk/jre/lib/resources.jar:/usr/lib/jvm/java-1.8-openjdk/jre/lib/rt.jar:/usr/lib/jvm/java-1.8-openjdk/jre/lib/sunrsasign.jar:/usr/lib/jvm/java-1.8-openjdk/jre/lib/jsse.jar:/usr/lib/jvm/java-1.8-openjdk/jre/lib/jce.jar:/usr/lib/jvm/java-1.8-openjdk/jre/lib/charsets.jar:/usr/lib/jvm/java-1.8-openjdk/jre/lib/jfr.jar:/usr/lib/jvm/java-1.8-openjdk/jre/classes"/>
    <property name="sun.management.compiler" value="HotSpot 64-Bit Tiered Compilers"/>
    <property name="java.runtime.version" value="1.8.0_212-b04"/>
    <property name="java.net.preferIPv4Stack" value="true"/>
    <property name="user.name" value="jenkins1000"/>
    <property name="path.separator" value=":"/>
    <property name="java.security.egd" value="file:///dev/urandom"/>
    <property name="os.version" value="4.15.0-1021-aws"/>
    <property name="java.endorsed.dirs" value="/usr/lib/jvm/java-1.8-openjdk/jre/lib/endorsed"/>
    <property name="java.runtime.name" value="OpenJDK Runtime Environment"/>
    <property name="file.encoding" value="UTF-8"/>
    <property name="java.vm.name" value="OpenJDK 64-Bit Server VM"/>
    <property name="test.build.webapps" value=""/>
    <property name="localRepository" value="/home/user/.m2/repository"/>
    <property name="java.vendor.url.bug" value="https://icedtea.classpath.org/bugzilla"/>
    <property name="java.io.tmpdir" value="/tmp"/>
    <property name="require.test.libhadoop" value=""/>
    <property name="java.version" value="1.8.0_212"/>
    <property name="user.dir" value="/opt/src/hadoop-ozone/integration-test"/>
    <property name="os.arch" value="amd64"/>
    <property name="java.vm.specification.name" value="Java Virtual Machine Specification"/>
    <property name="test.build.classes" value="/opt/src/hadoop-ozone/integration-test/target/test-classes"/>
    <property name="java.awt.printerjob" value="sun.print.PSPrinterJob"/>
    <property name="sun.os.patch.level" value="unknown"/>
    <property name="hadoop.tmp.dir" value="/opt/src/hadoop-ozone/integration-test/target/tmp"/>
    <property name="java.library.path" value="/usr/lib/jvm/java-1.8-openjdk/jre/lib/amd64/server:/usr/lib/jvm/java-1.8-openjdk/jre/lib/amd64:/usr/lib/jvm/java-1.8-openjdk/jre/../lib/amd64:/opt/src/hadoop-ozone/integration-test/target/native/target/usr/local/lib:/opt/src/hadoop-ozone/integration-test/../../hadoop-common-project/hadoop-common/target/native/target/usr/local/lib:/usr/java/packages/lib/amd64:/usr/lib64:/lib64:/lib:/usr/lib"/>
    <property name="java.vm.info" value="mixed mode"/>
    <property name="java.vendor" value="IcedTea"/>
    <property name="java.vm.version" value="25.212-b04"/>
    <property name="java.ext.dirs" value="/usr/lib/jvm/java-1.8-openjdk/jre/lib/ext:/usr/java/packages/lib/ext"/>
    <property name="sun.io.unicode.encoding" value="UnicodeLittle"/>
    <property name="java.class.version" value="52.0"/>
  </properties>
  <testcase name="testPipelineExclusionWithPipelineFailure" classname="org.apache.hadoop.ozone.client.rpc.TestFailureHandlingByClient" time="24.537"/>
  <testcase name="testContainerExclusionWithClosedContainerException" classname="org.apache.hadoop.ozone.client.rpc.TestFailureHandlingByClient" time="11.066"/>
  <testcase name="testWriteSmallFile" classname="org.apache.hadoop.ozone.client.rpc.TestFailureHandlingByClient" time="12.686"/>
  <testcase name="testMultiBlockWritesWithIntermittentDnFailures" classname="org.apache.hadoop.ozone.client.rpc.TestFailureHandlingByClient" time="12.25"/>
  <testcase name="testBlockWritesWithDnFailures" classname="org.apache.hadoop.ozone.client.rpc.TestFailureHandlingByClient" time="13.143"/>
  <testcase name="testDatanodeExclusionWithMajorityCommit" classname="org.apache.hadoop.ozone.client.rpc.TestFailureHandlingByClient" time="19.772"/>
  <testcase name="testMultiBlockWritesWithDnFailures" classname="org.apache.hadoop.ozone.client.rpc.TestFailureHandlingByClient" time="17.953">
    <error message="Allocate block failed." type="INTERNAL_ERROR org.apache.hadoop.ozone.om.exceptions.OMException">INTERNAL_ERROR org.apache.hadoop.ozone.om.exceptions.OMException: Allocate block failed.
	at org.apache.hadoop.ozone.om.protocolPB.OzoneManagerProtocolClientSideTranslatorPB.handleError(OzoneManagerProtocolClientSideTranslatorPB.java:720)
	at org.apache.hadoop.ozone.om.protocolPB.OzoneManagerProtocolClientSideTranslatorPB.allocateBlock(OzoneManagerProtocolClientSideTranslatorPB.java:743)
	at org.apache.hadoop.ozone.client.io.BlockOutputStreamEntryPool.allocateNewBlock(BlockOutputStreamEntryPool.java:248)
	at org.apache.hadoop.ozone.client.io.BlockOutputStreamEntryPool.allocateBlockIfNeeded(BlockOutputStreamEntryPool.java:296)
	at org.apache.hadoop.ozone.client.io.KeyOutputStream.handleWrite(KeyOutputStream.java:201)
	at org.apache.hadoop.ozone.client.io.KeyOutputStream.handleRetry(KeyOutputStream.java:376)
	at org.apache.hadoop.ozone.client.io.KeyOutputStream.handleException(KeyOutputStream.java:325)
	at org.apache.hadoop.ozone.client.io.KeyOutputStream.handleWrite(KeyOutputStream.java:231)
	at org.apache.hadoop.ozone.client.io.KeyOutputStream.write(KeyOutputStream.java:193)
	at org.apache.hadoop.ozone.client.io.OzoneOutputStream.write(OzoneOutputStream.java:49)
	at java.io.OutputStream.write(OutputStream.java:75)
	at org.apache.hadoop.ozone.client.rpc.TestFailureHandlingByClient.testMultiBlockWritesWithDnFailures(TestFailureHandlingByClient.java:189)
	at sun.reflect.NativeMethodAccessorImpl.invoke0(Native Method)
	at sun.reflect.NativeMethodAccessorImpl.invoke(NativeMethodAccessorImpl.java:62)
	at sun.reflect.DelegatingMethodAccessorImpl.invoke(DelegatingMethodAccessorImpl.java:43)
	at java.lang.reflect.Method.invoke(Method.java:498)
	at org.junit.runners.model.FrameworkMethod$1.runReflectiveCall(FrameworkMethod.java:47)
	at org.junit.internal.runners.model.ReflectiveCallable.run(ReflectiveCallable.java:12)
	at org.junit.runners.model.FrameworkMethod.invokeExplosively(FrameworkMethod.java:44)
	at org.junit.internal.runners.statements.InvokeMethod.evaluate(InvokeMethod.java:17)
	at org.junit.runners.ParentRunner.runLeaf(ParentRunner.java:271)
	at org.junit.runners.BlockJUnit4ClassRunner.runChild(BlockJUnit4ClassRunner.java:70)
	at org.junit.runners.BlockJUnit4ClassRunner.runChild(BlockJUnit4ClassRunner.java:50)
	at org.junit.runners.ParentRunner$3.run(ParentRunner.java:238)
	at org.junit.runners.ParentRunner$1.schedule(ParentRunner.java:63)
	at org.junit.runners.ParentRunner.runChildren(ParentRunner.java:236)
	at org.junit.runners.ParentRunner.access$000(ParentRunner.java:53)
	at org.junit.runners.ParentRunner$2.evaluate(ParentRunner.java:229)
	at org.junit.runners.ParentRunner.run(ParentRunner.java:309)
	at org.apache.maven.surefire.junit4.JUnit4Provider.execute(JUnit4Provider.java:365)
	at org.apache.maven.surefire.junit4.JUnit4Provider.executeWithRerun(JUnit4Provider.java:273)
	at org.apache.maven.surefire.junit4.JUnit4Provider.executeTestSet(JUnit4Provider.java:238)
	at org.apache.maven.surefire.junit4.JUnit4Provider.invoke(JUnit4Provider.java:159)
	at org.apache.maven.surefire.booter.ForkedBooter.invokeProviderInSameClassLoader(ForkedBooter.java:384)
	at org.apache.maven.surefire.booter.ForkedBooter.runSuitesInProcess(ForkedBooter.java:345)
	at org.apache.maven.surefire.booter.ForkedBooter.execute(ForkedBooter.java:126)
	at org.apache.maven.surefire.booter.ForkedBooter.main(ForkedBooter.java:418)
</error>
    <system-out><![CDATA[2019-06-15 12:39:46,914 WARN  server.ServerUtils (ServerUtils.java:getScmDbDir(145)) - ozone.scm.db.dirs is not configured. We recommend adding this setting. Falling back to ozone.metadata.dirs instead.
2019-06-15 12:39:46,918 WARN  server.ServerUtils (ServerUtils.java:getScmDbDir(145)) - ozone.scm.db.dirs is not configured. We recommend adding this setting. Falling back to ozone.metadata.dirs instead.
2019-06-15 12:39:46,918 WARN  server.ServerUtils (ServerUtils.java:getScmDbDir(145)) - ozone.scm.db.dirs is not configured. We recommend adding this setting. Falling back to ozone.metadata.dirs instead.
2019-06-15 12:39:46,918 INFO  db.DBStoreBuilder (DBStoreBuilder.java:addTable(110)) - using custom profile for table: deletedBlocks
2019-06-15 12:39:46,918 INFO  db.DBStoreBuilder (DBStoreBuilder.java:processTables(161)) - Using default column profile:DBProfile.DISK for Table:deletedBlocks
2019-06-15 12:39:46,919 INFO  db.DBStoreBuilder (DBStoreBuilder.java:addTable(110)) - using custom profile for table: validCerts
2019-06-15 12:39:46,919 INFO  db.DBStoreBuilder (DBStoreBuilder.java:processTables(161)) - Using default column profile:DBProfile.DISK for Table:validCerts
2019-06-15 12:39:46,919 INFO  db.DBStoreBuilder (DBStoreBuilder.java:addTable(110)) - using custom profile for table: revokedCerts
2019-06-15 12:39:46,919 INFO  db.DBStoreBuilder (DBStoreBuilder.java:processTables(161)) - Using default column profile:DBProfile.DISK for Table:revokedCerts
2019-06-15 12:39:46,919 INFO  db.DBStoreBuilder (DBStoreBuilder.java:addTable(110)) - using custom profile for table: default
2019-06-15 12:39:46,919 INFO  db.DBStoreBuilder (DBStoreBuilder.java:processTables(167)) - Using default column profile:DBProfile.DISK for Table:default
2019-06-15 12:39:46,919 INFO  db.DBStoreBuilder (DBStoreBuilder.java:getDbProfile(198)) - Using default options. DBProfile.DISK
2019-06-15 12:39:46,954 INFO  net.NodeSchemaLoader (NodeSchemaLoader.java:loadSchemaFromFile(125)) - Loading file from sun.misc.CompoundEnumeration@7fdaeb6b
2019-06-15 12:39:46,954 INFO  net.NodeSchemaLoader (NodeSchemaLoader.java:loadSchema(171)) - Loading network topology layer schema file
2019-06-15 12:39:46,957 INFO  node.SCMNodeManager (SCMNodeManager.java:<init>(119)) - Entering startup safe mode.
2019-06-15 12:39:46,957 WARN  server.ServerUtils (ServerUtils.java:getScmDbDir(145)) - ozone.scm.db.dirs is not configured. We recommend adding this setting. Falling back to ozone.metadata.dirs instead.
2019-06-15 12:39:46,971 INFO  pipeline.SCMPipelineManager (SCMPipelineManager.java:initializePipelineState(126)) - No pipeline exists in current db
2019-06-15 12:39:46,971 WARN  server.ServerUtils (ServerUtils.java:getScmDbDir(145)) - ozone.scm.db.dirs is not configured. We recommend adding this setting. Falling back to ozone.metadata.dirs instead.
2019-06-15 12:39:46,985 WARN  events.EventQueue (EventQueue.java:fireEvent(175)) - No event handler registered for event TypedEvent{payloadType=SafeModeStatus, name='SafeModeStatus'}
2019-06-15 12:39:46,986 INFO  ipc.CallQueueManager (CallQueueManager.java:<init>(84)) - Using callQueue: class java.util.concurrent.LinkedBlockingQueue, queueCapacity: 2000, scheduler: class org.apache.hadoop.ipc.DefaultRpcScheduler, ipcBackoff: false.
2019-06-15 12:39:46,987 INFO  ipc.Server (Server.java:run(1074)) - Starting Socket Reader #1 for port 40033
2019-06-15 12:39:47,000 INFO  ipc.CallQueueManager (CallQueueManager.java:<init>(84)) - Using callQueue: class java.util.concurrent.LinkedBlockingQueue, queueCapacity: 2000, scheduler: class org.apache.hadoop.ipc.DefaultRpcScheduler, ipcBackoff: false.
2019-06-15 12:39:47,001 INFO  ipc.Server (Server.java:run(1074)) - Starting Socket Reader #1 for port 46319
2019-06-15 12:39:47,003 INFO  ipc.CallQueueManager (CallQueueManager.java:<init>(84)) - Using callQueue: class java.util.concurrent.LinkedBlockingQueue, queueCapacity: 2000, scheduler: class org.apache.hadoop.ipc.DefaultRpcScheduler, ipcBackoff: false.
2019-06-15 12:39:47,003 INFO  ipc.Server (Server.java:run(1074)) - Starting Socket Reader #1 for port 34603
2019-06-15 12:39:47,011 INFO  hdfs.DFSUtil (DFSUtil.java:httpServerTemplateForNNAndJN(1641)) - Starting Web-server for scm at: http://0.0.0.0:0
2019-06-15 12:39:47,012 INFO  server.AuthenticationFilter (AuthenticationFilter.java:constructSecretProvider(240)) - Unable to initialize FileSignerSecretProvider, falling back to use random secrets.
2019-06-15 12:39:47,012 WARN  http.HttpRequestLog (HttpRequestLog.java:getRequestLog(97)) - Jetty request log can only be enabled using Log4j
2019-06-15 12:39:47,013 INFO  http.HttpServer2 (HttpServer2.java:addGlobalFilter(975)) - Added global filter 'safety' (class=org.apache.hadoop.http.HttpServer2$QuotingInputFilter)
2019-06-15 12:39:47,014 INFO  http.HttpServer2 (HttpServer2.java:addFilter(948)) - Added filter static_user_filter (class=org.apache.hadoop.http.lib.StaticUserWebFilter$StaticUserFilter) to context scm
2019-06-15 12:39:47,014 INFO  http.HttpServer2 (HttpServer2.java:addFilter(958)) - Added filter static_user_filter (class=org.apache.hadoop.http.lib.StaticUserWebFilter$StaticUserFilter) to context static
2019-06-15 12:39:47,014 INFO  http.HttpServer2 (HttpServer2.java:addFilter(958)) - Added filter static_user_filter (class=org.apache.hadoop.http.lib.StaticUserWebFilter$StaticUserFilter) to context logs
2019-06-15 12:39:47,016 INFO  server.StorageContainerManager (StorageContainerManager.java:start(753)) - StorageContainerLocationProtocol RPC server is listening at /0.0.0.0:34603
2019-06-15 12:39:47,017 INFO  impl.MetricsSystemImpl (MetricsSystemImpl.java:init(158)) - StorageContainerManager metrics system started (again)
2019-06-15 12:39:47,017 INFO  server.SCMClientProtocolServer (SCMClientProtocolServer.java:start(149)) - RPC server for Client  is listening at /0.0.0.0:34603
2019-06-15 12:39:47,017 INFO  ipc.Server (Server.java:run(1314)) - IPC Server Responder: starting
2019-06-15 12:39:47,017 INFO  ipc.Server (Server.java:run(1153)) - IPC Server listener on 34603: starting
2019-06-15 12:39:47,021 INFO  server.StorageContainerManager (StorageContainerManager.java:start(762)) - ScmBlockLocationProtocol RPC server is listening at /0.0.0.0:46319
2019-06-15 12:39:47,022 INFO  server.SCMBlockProtocolServer (SCMBlockProtocolServer.java:start(137)) - RPC server for Block Protocol is listening at /0.0.0.0:46319
2019-06-15 12:39:47,022 INFO  ipc.Server (Server.java:run(1314)) - IPC Server Responder: starting
2019-06-15 12:39:47,022 INFO  ipc.Server (Server.java:run(1153)) - IPC Server listener on 46319: starting
2019-06-15 12:39:47,034 INFO  server.StorageContainerManager (StorageContainerManager.java:start(766)) - ScmDatanodeProtocl RPC server is listening at /0.0.0.0:40033
2019-06-15 12:39:47,035 INFO  server.SCMDatanodeProtocolServer (SCMDatanodeProtocolServer.java:start(191)) - RPC server for DataNodes is listening at /0.0.0.0:40033
2019-06-15 12:39:47,035 INFO  ipc.Server (Server.java:run(1314)) - IPC Server Responder: starting
2019-06-15 12:39:47,035 INFO  ipc.Server (Server.java:run(1153)) - IPC Server listener on 40033: starting
2019-06-15 12:39:47,037 INFO  http.HttpServer2 (HttpServer2.java:bindListener(1191)) - Jetty bound to port 41999
2019-06-15 12:39:47,038 INFO  server.Server (Server.java:doStart(351)) - jetty-9.3.24.v20180605, build timestamp: 2018-06-05T17:11:56Z, git hash: 84205aa28f11a4f31f2a3b86d1bba2cc8ab69827
2019-06-15 12:39:47,041 INFO  handler.ContextHandler (ContextHandler.java:doStart(781)) - Started o.e.j.s.ServletContextHandler@44189797{/logs,file:///opt/src/hadoop-ozone/integration-test/target/log,AVAILABLE}
2019-06-15 12:39:47,042 INFO  handler.ContextHandler (ContextHandler.java:doStart(781)) - Started o.e.j.s.ServletContextHandler@2100d881{/static,file:///opt/src/hadoop-ozone/integration-test/target/test-classes/webapps/static,AVAILABLE}
2019-06-15 12:39:47,044 INFO  handler.ContextHandler (ContextHandler.java:doStart(781)) - Started o.e.j.w.WebAppContext@1cfb59e{/,file:///opt/src/hadoop-ozone/integration-test/target/test-classes/webapps/scm/,AVAILABLE}{/scm}
2019-06-15 12:39:47,044 INFO  server.AbstractConnector (AbstractConnector.java:doStart(278)) - Started ServerConnector@77035caa{HTTP/1.1,[http/1.1]}{0.0.0.0:41999}
2019-06-15 12:39:47,044 INFO  server.Server (Server.java:doStart(419)) - Started @94055ms
2019-06-15 12:39:47,045 INFO  server.BaseHttpServer (BaseHttpServer.java:updateConnectorAddress(207)) - HTTP server of SCM is listening at http://0.0.0.0:41999
2019-06-15 12:39:47,046 WARN  scm.ScmUtils (ScmUtils.java:getDBPath(63)) - ozone.om.db.dirs is not configured. We recommend adding this setting. Falling back to ozone.metadata.dirs instead.
2019-06-15 12:39:47,046 INFO  util.JvmPauseMonitor (JvmPauseMonitor.java:run(188)) - Starting JVM pause monitor
2019-06-15 12:39:47,049 WARN  scm.ScmUtils (ScmUtils.java:getDBPath(63)) - ozone.om.db.dirs is not configured. We recommend adding this setting. Falling back to ozone.metadata.dirs instead.
2019-06-15 12:39:47,049 INFO  om.OzoneManager (OzoneManager.java:setOMNodeDetails(532)) - OM Service ID is not set. Setting it to the default ID: omServiceIdDefault
2019-06-15 12:39:47,049 INFO  om.OzoneManager (OzoneManager.java:setOMNodeDetails(538)) - OM Node ID is not set. Setting it to the OmStorage's OmID: ec199557-03f9-42bd-b1b0-22a07210ea40
2019-06-15 12:39:47,050 WARN  scm.HddsServerUtil (HddsServerUtil.java:getDefaultRatisDirectory(354)) - Storage directory for Ratis is not configured. It is a good idea to map this to an SSD disk. Falling back to ozone.metadata.dirs
2019-06-15 12:39:47,050 WARN  scm.HddsServerUtil (HddsServerUtil.java:getDefaultRatisDirectory(354)) - Storage directory for Ratis is not configured. It is a good idea to map this to an SSD disk. Falling back to ozone.metadata.dirs
2019-06-15 12:39:47,050 INFO  om.OzoneManager (OzoneManager.java:loadOMHAConfigs(489)) - Found matching OM address with OMServiceId: null, OMNodeId: null, RPC Address: localhost:0 and Ratis port: 9872
2019-06-15 12:39:47,053 WARN  scm.ScmUtils (ScmUtils.java:getDBPath(63)) - ozone.om.db.dirs is not configured. We recommend adding this setting. Falling back to ozone.metadata.dirs instead.
2019-06-15 12:39:47,054 INFO  db.DBStoreBuilder (DBStoreBuilder.java:addTable(110)) - using custom profile for table: userTable
2019-06-15 12:39:47,054 INFO  db.DBStoreBuilder (DBStoreBuilder.java:processTables(161)) - Using default column profile:DBProfile.DISK for Table:userTable
2019-06-15 12:39:47,054 INFO  db.DBStoreBuilder (DBStoreBuilder.java:addTable(110)) - using custom profile for table: volumeTable
2019-06-15 12:39:47,054 INFO  db.DBStoreBuilder (DBStoreBuilder.java:processTables(161)) - Using default column profile:DBProfile.DISK for Table:volumeTable
2019-06-15 12:39:47,054 INFO  db.DBStoreBuilder (DBStoreBuilder.java:addTable(110)) - using custom profile for table: bucketTable
2019-06-15 12:39:47,054 INFO  db.DBStoreBuilder (DBStoreBuilder.java:processTables(161)) - Using default column profile:DBProfile.DISK for Table:bucketTable
2019-06-15 12:39:47,055 INFO  db.DBStoreBuilder (DBStoreBuilder.java:addTable(110)) - using custom profile for table: keyTable
2019-06-15 12:39:47,055 INFO  db.DBStoreBuilder (DBStoreBuilder.java:processTables(161)) - Using default column profile:DBProfile.DISK for Table:keyTable
2019-06-15 12:39:47,055 INFO  db.DBStoreBuilder (DBStoreBuilder.java:addTable(110)) - using custom profile for table: deletedTable
2019-06-15 12:39:47,055 INFO  db.DBStoreBuilder (DBStoreBuilder.java:processTables(161)) - Using default column profile:DBProfile.DISK for Table:deletedTable
2019-06-15 12:39:47,055 INFO  db.DBStoreBuilder (DBStoreBuilder.java:addTable(110)) - using custom profile for table: openKeyTable
2019-06-15 12:39:47,055 INFO  db.DBStoreBuilder (DBStoreBuilder.java:processTables(161)) - Using default column profile:DBProfile.DISK for Table:openKeyTable
2019-06-15 12:39:47,055 INFO  db.DBStoreBuilder (DBStoreBuilder.java:addTable(110)) - using custom profile for table: s3Table
2019-06-15 12:39:47,056 INFO  db.DBStoreBuilder (DBStoreBuilder.java:processTables(161)) - Using default column profile:DBProfile.DISK for Table:s3Table
2019-06-15 12:39:47,056 INFO  db.DBStoreBuilder (DBStoreBuilder.java:addTable(110)) - using custom profile for table: multipartInfoTable
2019-06-15 12:39:47,056 INFO  db.DBStoreBuilder (DBStoreBuilder.java:processTables(161)) - Using default column profile:DBProfile.DISK for Table:multipartInfoTable
2019-06-15 12:39:47,056 INFO  db.DBStoreBuilder (DBStoreBuilder.java:addTable(110)) - using custom profile for table: dTokenTable
2019-06-15 12:39:47,056 INFO  db.DBStoreBuilder (DBStoreBuilder.java:processTables(161)) - Using default column profile:DBProfile.DISK for Table:dTokenTable
2019-06-15 12:39:47,056 INFO  db.DBStoreBuilder (DBStoreBuilder.java:addTable(110)) - using custom profile for table: s3SecretTable
2019-06-15 12:39:47,056 INFO  db.DBStoreBuilder (DBStoreBuilder.java:processTables(161)) - Using default column profile:DBProfile.DISK for Table:s3SecretTable
2019-06-15 12:39:47,057 INFO  db.DBStoreBuilder (DBStoreBuilder.java:addTable(110)) - using custom profile for table: prefixTable
2019-06-15 12:39:47,057 INFO  db.DBStoreBuilder (DBStoreBuilder.java:processTables(161)) - Using default column profile:DBProfile.DISK for Table:prefixTable
2019-06-15 12:39:47,057 INFO  db.DBStoreBuilder (DBStoreBuilder.java:addTable(110)) - using custom profile for table: default
2019-06-15 12:39:47,057 INFO  db.DBStoreBuilder (DBStoreBuilder.java:processTables(167)) - Using default column profile:DBProfile.DISK for Table:default
2019-06-15 12:39:47,057 INFO  db.DBStoreBuilder (DBStoreBuilder.java:getDbProfile(198)) - Using default options. DBProfile.DISK
2019-06-15 12:39:47,194 INFO  ipc.CallQueueManager (CallQueueManager.java:<init>(84)) - Using callQueue: class java.util.concurrent.LinkedBlockingQueue, queueCapacity: 2000, scheduler: class org.apache.hadoop.ipc.DefaultRpcScheduler, ipcBackoff: false.
2019-06-15 12:39:47,194 INFO  ipc.Server (Server.java:run(1074)) - Starting Socket Reader #1 for port 45681
2019-06-15 12:39:47,205 WARN  scm.ScmUtils (ScmUtils.java:getDBPath(63)) - ozone.om.db.dirs is not configured. We recommend adding this setting. Falling back to ozone.metadata.dirs instead.
2019-06-15 12:39:47,205 INFO  om.OzoneManager (OzoneManager.java:start(1230)) - OzoneManager RPC server is listening at localhost/127.0.0.1:45681
2019-06-15 12:39:47,205 INFO  impl.MetricsSystemImpl (MetricsSystemImpl.java:init(158)) - OzoneManager metrics system started (again)
2019-06-15 12:39:47,205 INFO  ipc.Server (Server.java:run(1314)) - IPC Server Responder: starting
2019-06-15 12:39:47,206 INFO  ipc.Server (Server.java:run(1153)) - IPC Server listener on 45681: starting
2019-06-15 12:39:47,211 INFO  hdfs.DFSUtil (DFSUtil.java:httpServerTemplateForNNAndJN(1641)) - Starting Web-server for ozoneManager at: http://0.0.0.0:0
2019-06-15 12:39:47,211 INFO  server.AuthenticationFilter (AuthenticationFilter.java:constructSecretProvider(240)) - Unable to initialize FileSignerSecretProvider, falling back to use random secrets.
2019-06-15 12:39:47,212 WARN  http.HttpRequestLog (HttpRequestLog.java:getRequestLog(97)) - Jetty request log can only be enabled using Log4j
2019-06-15 12:39:47,213 INFO  http.HttpServer2 (HttpServer2.java:addGlobalFilter(975)) - Added global filter 'safety' (class=org.apache.hadoop.http.HttpServer2$QuotingInputFilter)
2019-06-15 12:39:47,213 INFO  http.HttpServer2 (HttpServer2.java:addFilter(948)) - Added filter static_user_filter (class=org.apache.hadoop.http.lib.StaticUserWebFilter$StaticUserFilter) to context ozoneManager
2019-06-15 12:39:47,213 INFO  http.HttpServer2 (HttpServer2.java:addFilter(958)) - Added filter static_user_filter (class=org.apache.hadoop.http.lib.StaticUserWebFilter$StaticUserFilter) to context logs
2019-06-15 12:39:47,213 INFO  http.HttpServer2 (HttpServer2.java:addFilter(958)) - Added filter static_user_filter (class=org.apache.hadoop.http.lib.StaticUserWebFilter$StaticUserFilter) to context static
2019-06-15 12:39:47,214 INFO  http.HttpServer2 (HttpServer2.java:bindListener(1191)) - Jetty bound to port 46237
2019-06-15 12:39:47,214 INFO  server.Server (Server.java:doStart(351)) - jetty-9.3.24.v20180605, build timestamp: 2018-06-05T17:11:56Z, git hash: 84205aa28f11a4f31f2a3b86d1bba2cc8ab69827
2019-06-15 12:39:47,215 INFO  handler.ContextHandler (ContextHandler.java:doStart(781)) - Started o.e.j.s.ServletContextHandler@a479c0c{/logs,file:///opt/src/hadoop-ozone/integration-test/target/log,AVAILABLE}
2019-06-15 12:39:47,215 INFO  handler.ContextHandler (ContextHandler.java:doStart(781)) - Started o.e.j.s.ServletContextHandler@327af731{/static,file:///opt/src/hadoop-ozone/integration-test/target/test-classes/webapps/static,AVAILABLE}
2019-06-15 12:39:47,217 INFO  handler.ContextHandler (ContextHandler.java:doStart(781)) - Started o.e.j.w.WebAppContext@15eaa2ce{/,file:///opt/src/hadoop-ozone/integration-test/target/test-classes/webapps/ozoneManager/,AVAILABLE}{/ozoneManager}
2019-06-15 12:39:47,218 INFO  server.AbstractConnector (AbstractConnector.java:doStart(278)) - Started ServerConnector@1d0fae45{HTTP/1.1,[http/1.1]}{0.0.0.0:46237}
2019-06-15 12:39:47,219 INFO  server.Server (Server.java:doStart(419)) - Started @94230ms
2019-06-15 12:39:47,219 INFO  server.BaseHttpServer (BaseHttpServer.java:updateConnectorAddress(207)) - HTTP server of OZONEMANAGER is listening at http://0.0.0.0:46237
2019-06-15 12:39:47,227 INFO  impl.MetricsSystemImpl (MetricsSystemImpl.java:init(158)) - HddsDatanode metrics system started (again)
2019-06-15 12:39:47,228 INFO  ozone.HddsDatanodeService (HddsDatanodeService.java:start(185)) - HddsDatanodeService host:ozone-unit-076618677d3-c6b4w-525960908 ip:192.168.105.164
2019-06-15 12:39:47,232 INFO  volume.HddsVolume (HddsVolume.java:<init>(176)) - Creating Volume: /opt/src/hadoop-ozone/integration-test/target/test-dir/MiniOzoneClusterImpl-a121c850-4c15-4c09-876e-ef2f648035fb/datanode-0/data/containers/hdds of  storage type : DISK and capacity : 104021790720
2019-06-15 12:39:47,233 INFO  volume.VolumeSet (VolumeSet.java:initializeVolumeSet(170)) - Added Volume : /opt/src/hadoop-ozone/integration-test/target/test-dir/MiniOzoneClusterImpl-a121c850-4c15-4c09-876e-ef2f648035fb/datanode-0/data/containers/hdds to VolumeSet
2019-06-15 12:39:47,233 INFO  volume.ThrottledAsyncChecker (ThrottledAsyncChecker.java:schedule(140)) - Scheduling a check for org.apache.hadoop.ozone.container.common.volume.HddsVolume@57421e4e
2019-06-15 12:39:47,233 INFO  volume.HddsVolumeChecker (HddsVolumeChecker.java:checkAllVolumes(203)) - Scheduled health check for volume org.apache.hadoop.ozone.container.common.volume.HddsVolume@57421e4e
2019-06-15 12:39:47,240 INFO  ratis.XceiverServerRatis (XceiverServerRatis.java:newXceiverServerRatis(401)) - Found a free port for the server : 36725
2019-06-15 12:39:47,241 INFO  impl.RaftServerProxy (ConfUtils.java:logGet(43)) - raft.rpc.type = GRPC (default)
2019-06-15 12:39:47,241 INFO  grpc.GrpcConfigKeys$Server (ConfUtils.java:logGet(43)) - raft.grpc.server.port = 36725 (custom)
2019-06-15 12:39:47,242 INFO  server.GrpcService (ConfUtils.java:logGet(43)) - raft.grpc.message.size.max = 33570816 (custom)
2019-06-15 12:39:47,242 INFO  server.RaftServerConfigKeys (ConfUtils.java:logGet(43)) - raft.server.log.appender.buffer.byte-limit = 33554432 (custom)
2019-06-15 12:39:47,242 INFO  server.GrpcService (ConfUtils.java:logGet(43)) - raft.grpc.flow.control.window = 1MB (=1048576) (default)
2019-06-15 12:39:47,242 INFO  server.RaftServerConfigKeys (ConfUtils.java:logGet(43)) - raft.server.rpc.request.timeout = 3000ms (default)
2019-06-15 12:39:47,242 INFO  server.RaftServerConfigKeys (ConfUtils.java:logGet(43)) - raft.server.storage.dir = [/opt/src/hadoop-ozone/integration-test/target/test-dir/MiniOzoneClusterImpl-a121c850-4c15-4c09-876e-ef2f648035fb/datanode-0/data/ratis] (custom)
2019-06-15 12:39:47,242 INFO  server.XceiverServerGrpc (XceiverServerGrpc.java:<init>(97)) - Found a free port for the server : 40225
2019-06-15 12:39:47,243 INFO  replication.SimpleContainerDownloader (SimpleContainerDownloader.java:<init>(72)) - Starting container downloader service to copy containers to replicate.
2019-06-15 12:39:47,243 INFO  hdfs.DFSUtil (DFSUtil.java:httpServerTemplateForNNAndJN(1641)) - Starting Web-server for hddsDatanode at: http://0.0.0.0:0
2019-06-15 12:39:47,244 INFO  server.AuthenticationFilter (AuthenticationFilter.java:constructSecretProvider(240)) - Unable to initialize FileSignerSecretProvider, falling back to use random secrets.
2019-06-15 12:39:47,244 WARN  http.HttpRequestLog (HttpRequestLog.java:getRequestLog(97)) - Jetty request log can only be enabled using Log4j
2019-06-15 12:39:47,245 INFO  http.HttpServer2 (HttpServer2.java:addGlobalFilter(975)) - Added global filter 'safety' (class=org.apache.hadoop.http.HttpServer2$QuotingInputFilter)
2019-06-15 12:39:47,245 INFO  http.HttpServer2 (HttpServer2.java:addFilter(948)) - Added filter static_user_filter (class=org.apache.hadoop.http.lib.StaticUserWebFilter$StaticUserFilter) to context hddsDatanode
2019-06-15 12:39:47,245 INFO  http.HttpServer2 (HttpServer2.java:addFilter(958)) - Added filter static_user_filter (class=org.apache.hadoop.http.lib.StaticUserWebFilter$StaticUserFilter) to context logs
2019-06-15 12:39:47,245 INFO  http.HttpServer2 (HttpServer2.java:addFilter(958)) - Added filter static_user_filter (class=org.apache.hadoop.http.lib.StaticUserWebFilter$StaticUserFilter) to context static
2019-06-15 12:39:47,246 INFO  http.HttpServer2 (HttpServer2.java:bindListener(1191)) - Jetty bound to port 40361
2019-06-15 12:39:47,246 INFO  server.Server (Server.java:doStart(351)) - jetty-9.3.24.v20180605, build timestamp: 2018-06-05T17:11:56Z, git hash: 84205aa28f11a4f31f2a3b86d1bba2cc8ab69827
2019-06-15 12:39:47,247 INFO  handler.ContextHandler (ContextHandler.java:doStart(781)) - Started o.e.j.s.ServletContextHandler@f3cc2e0{/logs,file:///opt/src/hadoop-ozone/integration-test/target/log,AVAILABLE}
2019-06-15 12:39:47,247 INFO  handler.ContextHandler (ContextHandler.java:doStart(781)) - Started o.e.j.s.ServletContextHandler@2b3fd4d2{/static,jar:file:/home/user/.m2/repository/org/apache/hadoop/hadoop-hdds-container-service/0.5.0-SNAPSHOT/hadoop-hdds-container-service-0.5.0-SNAPSHOT.jar!/webapps/static,AVAILABLE}
2019-06-15 12:39:47,266 INFO  handler.ContextHandler (ContextHandler.java:doStart(781)) - Started o.e.j.w.WebAppContext@23938caa{/,file:///tmp/jetty-0.0.0.0-40361-hddsDatanode-_-any-7627230668034844030.dir/webapp/,AVAILABLE}{/hddsDatanode}
2019-06-15 12:39:47,267 INFO  server.AbstractConnector (AbstractConnector.java:doStart(278)) - Started ServerConnector@643bef2a{HTTP/1.1,[http/1.1]}{0.0.0.0:40361}
2019-06-15 12:39:47,268 INFO  server.Server (Server.java:doStart(419)) - Started @94279ms
2019-06-15 12:39:47,268 INFO  server.BaseHttpServer (BaseHttpServer.java:updateConnectorAddress(207)) - HTTP server of HDDSDATANODE is listening at http://0.0.0.0:40361
2019-06-15 12:39:47,342 INFO  ozone.HddsDatanodeService (HddsDatanodeService.java:startPlugins(396)) - Started plug-in org.apache.hadoop.ozone.web.OzoneHddsDatanodeService@22599048
2019-06-15 12:39:47,342 INFO  impl.MetricsSystemImpl (MetricsSystemImpl.java:init(158)) - HddsDatanode metrics system started (again)
2019-06-15 12:39:47,343 INFO  ozone.HddsDatanodeService (HddsDatanodeService.java:start(185)) - HddsDatanodeService host:ozone-unit-076618677d3-c6b4w-525960908 ip:192.168.105.164
2019-06-15 12:39:47,347 INFO  util.JvmPauseMonitor (JvmPauseMonitor.java:run(188)) - Starting JVM pause monitor
2019-06-15 12:39:47,347 INFO  datanode.InitDatanodeState (InitDatanodeState.java:persistContainerDatanodeDetails(140)) - DatanodeDetails is persisted to /opt/src/hadoop-ozone/integration-test/target/test-dir/MiniOzoneClusterImpl-a121c850-4c15-4c09-876e-ef2f648035fb/datanode-0/meta/datanode.id
2019-06-15 12:39:47,350 INFO  volume.HddsVolume (HddsVolume.java:<init>(176)) - Creating Volume: /opt/src/hadoop-ozone/integration-test/target/test-dir/MiniOzoneClusterImpl-a121c850-4c15-4c09-876e-ef2f648035fb/datanode-1/data/containers/hdds of  storage type : DISK and capacity : 104021790720
2019-06-15 12:39:47,350 INFO  volume.VolumeSet (VolumeSet.java:initializeVolumeSet(170)) - Added Volume : /opt/src/hadoop-ozone/integration-test/target/test-dir/MiniOzoneClusterImpl-a121c850-4c15-4c09-876e-ef2f648035fb/datanode-1/data/containers/hdds to VolumeSet
2019-06-15 12:39:47,350 INFO  volume.ThrottledAsyncChecker (ThrottledAsyncChecker.java:schedule(140)) - Scheduling a check for org.apache.hadoop.ozone.container.common.volume.HddsVolume@1bce19db
2019-06-15 12:39:47,350 INFO  volume.HddsVolumeChecker (HddsVolumeChecker.java:checkAllVolumes(203)) - Scheduled health check for volume org.apache.hadoop.ozone.container.common.volume.HddsVolume@1bce19db
2019-06-15 12:39:47,358 INFO  ratis.XceiverServerRatis (XceiverServerRatis.java:newXceiverServerRatis(401)) - Found a free port for the server : 46737
2019-06-15 12:39:47,359 INFO  impl.RaftServerProxy (ConfUtils.java:logGet(43)) - raft.rpc.type = GRPC (default)
2019-06-15 12:39:47,359 INFO  grpc.GrpcConfigKeys$Server (ConfUtils.java:logGet(43)) - raft.grpc.server.port = 46737 (custom)
2019-06-15 12:39:47,360 INFO  server.GrpcService (ConfUtils.java:logGet(43)) - raft.grpc.message.size.max = 33570816 (custom)
2019-06-15 12:39:47,360 INFO  server.RaftServerConfigKeys (ConfUtils.java:logGet(43)) - raft.server.log.appender.buffer.byte-limit = 33554432 (custom)
2019-06-15 12:39:47,360 INFO  server.GrpcService (ConfUtils.java:logGet(43)) - raft.grpc.flow.control.window = 1MB (=1048576) (default)
2019-06-15 12:39:47,360 INFO  server.RaftServerConfigKeys (ConfUtils.java:logGet(43)) - raft.server.rpc.request.timeout = 3000ms (default)
2019-06-15 12:39:47,360 INFO  server.RaftServerConfigKeys (ConfUtils.java:logGet(43)) - raft.server.storage.dir = [/opt/src/hadoop-ozone/integration-test/target/test-dir/MiniOzoneClusterImpl-a121c850-4c15-4c09-876e-ef2f648035fb/datanode-1/data/ratis] (custom)
2019-06-15 12:39:47,361 INFO  server.XceiverServerGrpc (XceiverServerGrpc.java:<init>(97)) - Found a free port for the server : 34109
2019-06-15 12:39:47,361 INFO  replication.SimpleContainerDownloader (SimpleContainerDownloader.java:<init>(72)) - Starting container downloader service to copy containers to replicate.
2019-06-15 12:39:47,362 INFO  hdfs.DFSUtil (DFSUtil.java:httpServerTemplateForNNAndJN(1641)) - Starting Web-server for hddsDatanode at: http://0.0.0.0:0
2019-06-15 12:39:47,363 INFO  server.AuthenticationFilter (AuthenticationFilter.java:constructSecretProvider(240)) - Unable to initialize FileSignerSecretProvider, falling back to use random secrets.
2019-06-15 12:39:47,363 WARN  http.HttpRequestLog (HttpRequestLog.java:getRequestLog(97)) - Jetty request log can only be enabled using Log4j
2019-06-15 12:39:47,365 INFO  http.HttpServer2 (HttpServer2.java:addGlobalFilter(975)) - Added global filter 'safety' (class=org.apache.hadoop.http.HttpServer2$QuotingInputFilter)
2019-06-15 12:39:47,365 INFO  http.HttpServer2 (HttpServer2.java:addFilter(948)) - Added filter static_user_filter (class=org.apache.hadoop.http.lib.StaticUserWebFilter$StaticUserFilter) to context hddsDatanode
2019-06-15 12:39:47,365 INFO  http.HttpServer2 (HttpServer2.java:addFilter(958)) - Added filter static_user_filter (class=org.apache.hadoop.http.lib.StaticUserWebFilter$StaticUserFilter) to context logs
2019-06-15 12:39:47,365 INFO  http.HttpServer2 (HttpServer2.java:addFilter(958)) - Added filter static_user_filter (class=org.apache.hadoop.http.lib.StaticUserWebFilter$StaticUserFilter) to context static
2019-06-15 12:39:47,366 INFO  http.HttpServer2 (HttpServer2.java:bindListener(1191)) - Jetty bound to port 35745
2019-06-15 12:39:47,366 INFO  server.Server (Server.java:doStart(351)) - jetty-9.3.24.v20180605, build timestamp: 2018-06-05T17:11:56Z, git hash: 84205aa28f11a4f31f2a3b86d1bba2cc8ab69827
2019-06-15 12:39:47,369 INFO  handler.ContextHandler (ContextHandler.java:doStart(781)) - Started o.e.j.s.ServletContextHandler@17abef0f{/logs,file:///opt/src/hadoop-ozone/integration-test/target/log,AVAILABLE}
2019-06-15 12:39:47,371 INFO  handler.ContextHandler (ContextHandler.java:doStart(781)) - Started o.e.j.s.ServletContextHandler@6aefb242{/static,jar:file:/home/user/.m2/repository/org/apache/hadoop/hadoop-hdds-container-service/0.5.0-SNAPSHOT/hadoop-hdds-container-service-0.5.0-SNAPSHOT.jar!/webapps/static,AVAILABLE}
2019-06-15 12:39:47,392 INFO  handler.ContextHandler (ContextHandler.java:doStart(781)) - Started o.e.j.w.WebAppContext@4ae836cf{/,file:///tmp/jetty-0.0.0.0-35745-hddsDatanode-_-any-2311465958553344002.dir/webapp/,AVAILABLE}{/hddsDatanode}
2019-06-15 12:39:47,392 INFO  server.AbstractConnector (AbstractConnector.java:doStart(278)) - Started ServerConnector@7d2c9b65{HTTP/1.1,[http/1.1]}{0.0.0.0:35745}
2019-06-15 12:39:47,394 INFO  server.Server (Server.java:doStart(419)) - Started @94405ms
2019-06-15 12:39:47,394 INFO  server.BaseHttpServer (BaseHttpServer.java:updateConnectorAddress(207)) - HTTP server of HDDSDATANODE is listening at http://0.0.0.0:35745
2019-06-15 12:39:47,506 INFO  ozone.HddsDatanodeService (HddsDatanodeService.java:startPlugins(396)) - Started plug-in org.apache.hadoop.ozone.web.OzoneHddsDatanodeService@23471b2f
2019-06-15 12:39:47,507 INFO  impl.MetricsSystemImpl (MetricsSystemImpl.java:init(158)) - HddsDatanode metrics system started (again)
2019-06-15 12:39:47,507 INFO  ozone.HddsDatanodeService (HddsDatanodeService.java:start(185)) - HddsDatanodeService host:ozone-unit-076618677d3-c6b4w-525960908 ip:192.168.105.164
2019-06-15 12:39:47,508 INFO  util.JvmPauseMonitor (JvmPauseMonitor.java:run(188)) - Starting JVM pause monitor
2019-06-15 12:39:47,509 INFO  datanode.InitDatanodeState (InitDatanodeState.java:persistContainerDatanodeDetails(140)) - DatanodeDetails is persisted to /opt/src/hadoop-ozone/integration-test/target/test-dir/MiniOzoneClusterImpl-a121c850-4c15-4c09-876e-ef2f648035fb/datanode-1/meta/datanode.id
2019-06-15 12:39:47,512 INFO  volume.HddsVolume (HddsVolume.java:<init>(176)) - Creating Volume: /opt/src/hadoop-ozone/integration-test/target/test-dir/MiniOzoneClusterImpl-a121c850-4c15-4c09-876e-ef2f648035fb/datanode-2/data/containers/hdds of  storage type : DISK and capacity : 104021790720
2019-06-15 12:39:47,513 INFO  volume.VolumeSet (VolumeSet.java:initializeVolumeSet(170)) - Added Volume : /opt/src/hadoop-ozone/integration-test/target/test-dir/MiniOzoneClusterImpl-a121c850-4c15-4c09-876e-ef2f648035fb/datanode-2/data/containers/hdds to VolumeSet
2019-06-15 12:39:47,513 INFO  volume.ThrottledAsyncChecker (ThrottledAsyncChecker.java:schedule(140)) - Scheduling a check for org.apache.hadoop.ozone.container.common.volume.HddsVolume@58e61e18
2019-06-15 12:39:47,514 INFO  volume.HddsVolumeChecker (HddsVolumeChecker.java:checkAllVolumes(203)) - Scheduled health check for volume org.apache.hadoop.ozone.container.common.volume.HddsVolume@58e61e18
2019-06-15 12:39:47,521 INFO  ratis.XceiverServerRatis (XceiverServerRatis.java:newXceiverServerRatis(401)) - Found a free port for the server : 36553
2019-06-15 12:39:47,523 INFO  impl.RaftServerProxy (ConfUtils.java:logGet(43)) - raft.rpc.type = GRPC (default)
2019-06-15 12:39:47,523 INFO  grpc.GrpcConfigKeys$Server (ConfUtils.java:logGet(43)) - raft.grpc.server.port = 36553 (custom)
2019-06-15 12:39:47,523 INFO  server.GrpcService (ConfUtils.java:logGet(43)) - raft.grpc.message.size.max = 33570816 (custom)
2019-06-15 12:39:47,523 INFO  server.RaftServerConfigKeys (ConfUtils.java:logGet(43)) - raft.server.log.appender.buffer.byte-limit = 33554432 (custom)
2019-06-15 12:39:47,523 INFO  server.GrpcService (ConfUtils.java:logGet(43)) - raft.grpc.flow.control.window = 1MB (=1048576) (default)
2019-06-15 12:39:47,523 INFO  server.RaftServerConfigKeys (ConfUtils.java:logGet(43)) - raft.server.rpc.request.timeout = 3000ms (default)
2019-06-15 12:39:47,524 INFO  server.RaftServerConfigKeys (ConfUtils.java:logGet(43)) - raft.server.storage.dir = [/opt/src/hadoop-ozone/integration-test/target/test-dir/MiniOzoneClusterImpl-a121c850-4c15-4c09-876e-ef2f648035fb/datanode-2/data/ratis] (custom)
2019-06-15 12:39:47,524 INFO  server.XceiverServerGrpc (XceiverServerGrpc.java:<init>(97)) - Found a free port for the server : 42711
2019-06-15 12:39:47,524 INFO  replication.SimpleContainerDownloader (SimpleContainerDownloader.java:<init>(72)) - Starting container downloader service to copy containers to replicate.
2019-06-15 12:39:47,525 INFO  hdfs.DFSUtil (DFSUtil.java:httpServerTemplateForNNAndJN(1641)) - Starting Web-server for hddsDatanode at: http://0.0.0.0:0
2019-06-15 12:39:47,526 INFO  server.AuthenticationFilter (AuthenticationFilter.java:constructSecretProvider(240)) - Unable to initialize FileSignerSecretProvider, falling back to use random secrets.
2019-06-15 12:39:47,526 WARN  http.HttpRequestLog (HttpRequestLog.java:getRequestLog(97)) - Jetty request log can only be enabled using Log4j
2019-06-15 12:39:47,527 INFO  http.HttpServer2 (HttpServer2.java:addGlobalFilter(975)) - Added global filter 'safety' (class=org.apache.hadoop.http.HttpServer2$QuotingInputFilter)
2019-06-15 12:39:47,527 INFO  http.HttpServer2 (HttpServer2.java:addFilter(948)) - Added filter static_user_filter (class=org.apache.hadoop.http.lib.StaticUserWebFilter$StaticUserFilter) to context hddsDatanode
2019-06-15 12:39:47,527 INFO  http.HttpServer2 (HttpServer2.java:addFilter(958)) - Added filter static_user_filter (class=org.apache.hadoop.http.lib.StaticUserWebFilter$StaticUserFilter) to context static
2019-06-15 12:39:47,527 INFO  http.HttpServer2 (HttpServer2.java:addFilter(958)) - Added filter static_user_filter (class=org.apache.hadoop.http.lib.StaticUserWebFilter$StaticUserFilter) to context logs
2019-06-15 12:39:47,528 INFO  http.HttpServer2 (HttpServer2.java:bindListener(1191)) - Jetty bound to port 43683
2019-06-15 12:39:47,528 INFO  server.Server (Server.java:doStart(351)) - jetty-9.3.24.v20180605, build timestamp: 2018-06-05T17:11:56Z, git hash: 84205aa28f11a4f31f2a3b86d1bba2cc8ab69827
2019-06-15 12:39:47,529 INFO  handler.ContextHandler (ContextHandler.java:doStart(781)) - Started o.e.j.s.ServletContextHandler@16ef07fa{/logs,file:///opt/src/hadoop-ozone/integration-test/target/log,AVAILABLE}
2019-06-15 12:39:47,529 INFO  handler.ContextHandler (ContextHandler.java:doStart(781)) - Started o.e.j.s.ServletContextHandler@245b009a{/static,jar:file:/home/user/.m2/repository/org/apache/hadoop/hadoop-hdds-container-service/0.5.0-SNAPSHOT/hadoop-hdds-container-service-0.5.0-SNAPSHOT.jar!/webapps/static,AVAILABLE}
2019-06-15 12:39:47,548 INFO  handler.ContextHandler (ContextHandler.java:doStart(781)) - Started o.e.j.w.WebAppContext@36361951{/,file:///tmp/jetty-0.0.0.0-43683-hddsDatanode-_-any-6135238558782838472.dir/webapp/,AVAILABLE}{/hddsDatanode}
2019-06-15 12:39:47,548 INFO  server.AbstractConnector (AbstractConnector.java:doStart(278)) - Started ServerConnector@24c8bc1e{HTTP/1.1,[http/1.1]}{0.0.0.0:43683}
2019-06-15 12:39:47,549 INFO  server.Server (Server.java:doStart(419)) - Started @94560ms
2019-06-15 12:39:47,550 INFO  server.BaseHttpServer (BaseHttpServer.java:updateConnectorAddress(207)) - HTTP server of HDDSDATANODE is listening at http://0.0.0.0:43683
2019-06-15 12:39:47,626 INFO  ozone.HddsDatanodeService (HddsDatanodeService.java:startPlugins(396)) - Started plug-in org.apache.hadoop.ozone.web.OzoneHddsDatanodeService@72412c3d
2019-06-15 12:39:47,626 INFO  impl.MetricsSystemImpl (MetricsSystemImpl.java:init(158)) - HddsDatanode metrics system started (again)
2019-06-15 12:39:47,626 INFO  ozone.HddsDatanodeService (HddsDatanodeService.java:start(185)) - HddsDatanodeService host:ozone-unit-076618677d3-c6b4w-525960908 ip:192.168.105.164
2019-06-15 12:39:47,627 INFO  util.JvmPauseMonitor (JvmPauseMonitor.java:run(188)) - Starting JVM pause monitor
2019-06-15 12:39:47,629 INFO  datanode.InitDatanodeState (InitDatanodeState.java:persistContainerDatanodeDetails(140)) - DatanodeDetails is persisted to /opt/src/hadoop-ozone/integration-test/target/test-dir/MiniOzoneClusterImpl-a121c850-4c15-4c09-876e-ef2f648035fb/datanode-2/meta/datanode.id
2019-06-15 12:39:47,634 INFO  volume.HddsVolume (HddsVolume.java:<init>(176)) - Creating Volume: /opt/src/hadoop-ozone/integration-test/target/test-dir/MiniOzoneClusterImpl-a121c850-4c15-4c09-876e-ef2f648035fb/datanode-3/data/containers/hdds of  storage type : DISK and capacity : 104021790720
2019-06-15 12:39:47,634 INFO  volume.VolumeSet (VolumeSet.java:initializeVolumeSet(170)) - Added Volume : /opt/src/hadoop-ozone/integration-test/target/test-dir/MiniOzoneClusterImpl-a121c850-4c15-4c09-876e-ef2f648035fb/datanode-3/data/containers/hdds to VolumeSet
2019-06-15 12:39:47,635 INFO  volume.ThrottledAsyncChecker (ThrottledAsyncChecker.java:schedule(140)) - Scheduling a check for org.apache.hadoop.ozone.container.common.volume.HddsVolume@5d46f4a3
2019-06-15 12:39:47,635 INFO  volume.HddsVolumeChecker (HddsVolumeChecker.java:checkAllVolumes(203)) - Scheduled health check for volume org.apache.hadoop.ozone.container.common.volume.HddsVolume@5d46f4a3
2019-06-15 12:39:47,642 INFO  ratis.XceiverServerRatis (XceiverServerRatis.java:newXceiverServerRatis(401)) - Found a free port for the server : 36885
2019-06-15 12:39:47,644 INFO  impl.RaftServerProxy (ConfUtils.java:logGet(43)) - raft.rpc.type = GRPC (default)
2019-06-15 12:39:47,644 INFO  grpc.GrpcConfigKeys$Server (ConfUtils.java:logGet(43)) - raft.grpc.server.port = 36885 (custom)
2019-06-15 12:39:47,644 INFO  server.GrpcService (ConfUtils.java:logGet(43)) - raft.grpc.message.size.max = 33570816 (custom)
2019-06-15 12:39:47,645 INFO  server.RaftServerConfigKeys (ConfUtils.java:logGet(43)) - raft.server.log.appender.buffer.byte-limit = 33554432 (custom)
2019-06-15 12:39:47,645 INFO  server.GrpcService (ConfUtils.java:logGet(43)) - raft.grpc.flow.control.window = 1MB (=1048576) (default)
2019-06-15 12:39:47,645 INFO  server.RaftServerConfigKeys (ConfUtils.java:logGet(43)) - raft.server.rpc.request.timeout = 3000ms (default)
2019-06-15 12:39:47,645 INFO  server.RaftServerConfigKeys (ConfUtils.java:logGet(43)) - raft.server.storage.dir = [/opt/src/hadoop-ozone/integration-test/target/test-dir/MiniOzoneClusterImpl-a121c850-4c15-4c09-876e-ef2f648035fb/datanode-3/data/ratis] (custom)
2019-06-15 12:39:47,646 INFO  server.XceiverServerGrpc (XceiverServerGrpc.java:<init>(97)) - Found a free port for the server : 40125
2019-06-15 12:39:47,646 INFO  replication.SimpleContainerDownloader (SimpleContainerDownloader.java:<init>(72)) - Starting container downloader service to copy containers to replicate.
2019-06-15 12:39:47,647 INFO  hdfs.DFSUtil (DFSUtil.java:httpServerTemplateForNNAndJN(1641)) - Starting Web-server for hddsDatanode at: http://0.0.0.0:0
2019-06-15 12:39:47,647 INFO  server.AuthenticationFilter (AuthenticationFilter.java:constructSecretProvider(240)) - Unable to initialize FileSignerSecretProvider, falling back to use random secrets.
2019-06-15 12:39:47,648 WARN  http.HttpRequestLog (HttpRequestLog.java:getRequestLog(97)) - Jetty request log can only be enabled using Log4j
2019-06-15 12:39:47,648 INFO  http.HttpServer2 (HttpServer2.java:addGlobalFilter(975)) - Added global filter 'safety' (class=org.apache.hadoop.http.HttpServer2$QuotingInputFilter)
2019-06-15 12:39:47,649 INFO  http.HttpServer2 (HttpServer2.java:addFilter(948)) - Added filter static_user_filter (class=org.apache.hadoop.http.lib.StaticUserWebFilter$StaticUserFilter) to context hddsDatanode
2019-06-15 12:39:47,649 INFO  http.HttpServer2 (HttpServer2.java:addFilter(958)) - Added filter static_user_filter (class=org.apache.hadoop.http.lib.StaticUserWebFilter$StaticUserFilter) to context logs
2019-06-15 12:39:47,649 INFO  http.HttpServer2 (HttpServer2.java:addFilter(958)) - Added filter static_user_filter (class=org.apache.hadoop.http.lib.StaticUserWebFilter$StaticUserFilter) to context static
2019-06-15 12:39:47,649 INFO  http.HttpServer2 (HttpServer2.java:bindListener(1191)) - Jetty bound to port 37719
2019-06-15 12:39:47,649 INFO  server.Server (Server.java:doStart(351)) - jetty-9.3.24.v20180605, build timestamp: 2018-06-05T17:11:56Z, git hash: 84205aa28f11a4f31f2a3b86d1bba2cc8ab69827
2019-06-15 12:39:47,650 INFO  handler.ContextHandler (ContextHandler.java:doStart(781)) - Started o.e.j.s.ServletContextHandler@13cfe28b{/logs,file:///opt/src/hadoop-ozone/integration-test/target/log,AVAILABLE}
2019-06-15 12:39:47,651 INFO  handler.ContextHandler (ContextHandler.java:doStart(781)) - Started o.e.j.s.ServletContextHandler@79fc6651{/static,jar:file:/home/user/.m2/repository/org/apache/hadoop/hadoop-hdds-container-service/0.5.0-SNAPSHOT/hadoop-hdds-container-service-0.5.0-SNAPSHOT.jar!/webapps/static,AVAILABLE}
2019-06-15 12:39:47,677 INFO  handler.ContextHandler (ContextHandler.java:doStart(781)) - Started o.e.j.w.WebAppContext@48860fb8{/,file:///tmp/jetty-0.0.0.0-37719-hddsDatanode-_-any-6440880286192409768.dir/webapp/,AVAILABLE}{/hddsDatanode}
2019-06-15 12:39:47,677 INFO  server.AbstractConnector (AbstractConnector.java:doStart(278)) - Started ServerConnector@3343997b{HTTP/1.1,[http/1.1]}{0.0.0.0:37719}
2019-06-15 12:39:47,679 INFO  server.Server (Server.java:doStart(419)) - Started @94690ms
2019-06-15 12:39:47,679 INFO  server.BaseHttpServer (BaseHttpServer.java:updateConnectorAddress(207)) - HTTP server of HDDSDATANODE is listening at http://0.0.0.0:37719
2019-06-15 12:39:47,749 INFO  ozone.HddsDatanodeService (HddsDatanodeService.java:startPlugins(396)) - Started plug-in org.apache.hadoop.ozone.web.OzoneHddsDatanodeService@7f0977d6
2019-06-15 12:39:47,749 INFO  impl.MetricsSystemImpl (MetricsSystemImpl.java:init(158)) - HddsDatanode metrics system started (again)
2019-06-15 12:39:47,750 INFO  ozone.HddsDatanodeService (HddsDatanodeService.java:start(185)) - HddsDatanodeService host:ozone-unit-076618677d3-c6b4w-525960908 ip:192.168.105.164
2019-06-15 12:39:47,752 INFO  util.JvmPauseMonitor (JvmPauseMonitor.java:run(188)) - Starting JVM pause monitor
2019-06-15 12:39:47,753 INFO  datanode.InitDatanodeState (InitDatanodeState.java:persistContainerDatanodeDetails(140)) - DatanodeDetails is persisted to /opt/src/hadoop-ozone/integration-test/target/test-dir/MiniOzoneClusterImpl-a121c850-4c15-4c09-876e-ef2f648035fb/datanode-3/meta/datanode.id
2019-06-15 12:39:47,762 INFO  volume.HddsVolume (HddsVolume.java:<init>(176)) - Creating Volume: /opt/src/hadoop-ozone/integration-test/target/test-dir/MiniOzoneClusterImpl-a121c850-4c15-4c09-876e-ef2f648035fb/datanode-4/data/containers/hdds of  storage type : DISK and capacity : 104021790720
2019-06-15 12:39:47,762 INFO  volume.VolumeSet (VolumeSet.java:initializeVolumeSet(170)) - Added Volume : /opt/src/hadoop-ozone/integration-test/target/test-dir/MiniOzoneClusterImpl-a121c850-4c15-4c09-876e-ef2f648035fb/datanode-4/data/containers/hdds to VolumeSet
2019-06-15 12:39:47,762 INFO  volume.ThrottledAsyncChecker (ThrottledAsyncChecker.java:schedule(140)) - Scheduling a check for org.apache.hadoop.ozone.container.common.volume.HddsVolume@62a5e4c7
2019-06-15 12:39:47,762 INFO  volume.HddsVolumeChecker (HddsVolumeChecker.java:checkAllVolumes(203)) - Scheduled health check for volume org.apache.hadoop.ozone.container.common.volume.HddsVolume@62a5e4c7
2019-06-15 12:39:47,770 INFO  ratis.XceiverServerRatis (XceiverServerRatis.java:newXceiverServerRatis(401)) - Found a free port for the server : 43429
2019-06-15 12:39:47,772 INFO  impl.RaftServerProxy (ConfUtils.java:logGet(43)) - raft.rpc.type = GRPC (default)
2019-06-15 12:39:47,772 INFO  grpc.GrpcConfigKeys$Server (ConfUtils.java:logGet(43)) - raft.grpc.server.port = 43429 (custom)
2019-06-15 12:39:47,772 INFO  server.GrpcService (ConfUtils.java:logGet(43)) - raft.grpc.message.size.max = 33570816 (custom)
2019-06-15 12:39:47,772 INFO  server.RaftServerConfigKeys (ConfUtils.java:logGet(43)) - raft.server.log.appender.buffer.byte-limit = 33554432 (custom)
2019-06-15 12:39:47,772 INFO  server.GrpcService (ConfUtils.java:logGet(43)) - raft.grpc.flow.control.window = 1MB (=1048576) (default)
2019-06-15 12:39:47,772 INFO  server.RaftServerConfigKeys (ConfUtils.java:logGet(43)) - raft.server.rpc.request.timeout = 3000ms (default)
2019-06-15 12:39:47,773 INFO  server.RaftServerConfigKeys (ConfUtils.java:logGet(43)) - raft.server.storage.dir = [/opt/src/hadoop-ozone/integration-test/target/test-dir/MiniOzoneClusterImpl-a121c850-4c15-4c09-876e-ef2f648035fb/datanode-4/data/ratis] (custom)
2019-06-15 12:39:47,773 INFO  server.XceiverServerGrpc (XceiverServerGrpc.java:<init>(97)) - Found a free port for the server : 37739
2019-06-15 12:39:47,773 INFO  replication.SimpleContainerDownloader (SimpleContainerDownloader.java:<init>(72)) - Starting container downloader service to copy containers to replicate.
2019-06-15 12:39:47,775 INFO  hdfs.DFSUtil (DFSUtil.java:httpServerTemplateForNNAndJN(1641)) - Starting Web-server for hddsDatanode at: http://0.0.0.0:0
2019-06-15 12:39:47,775 INFO  server.AuthenticationFilter (AuthenticationFilter.java:constructSecretProvider(240)) - Unable to initialize FileSignerSecretProvider, falling back to use random secrets.
2019-06-15 12:39:47,776 WARN  http.HttpRequestLog (HttpRequestLog.java:getRequestLog(97)) - Jetty request log can only be enabled using Log4j
2019-06-15 12:39:47,777 INFO  http.HttpServer2 (HttpServer2.java:addGlobalFilter(975)) - Added global filter 'safety' (class=org.apache.hadoop.http.HttpServer2$QuotingInputFilter)
2019-06-15 12:39:47,777 INFO  http.HttpServer2 (HttpServer2.java:addFilter(948)) - Added filter static_user_filter (class=org.apache.hadoop.http.lib.StaticUserWebFilter$StaticUserFilter) to context hddsDatanode
2019-06-15 12:39:47,777 INFO  http.HttpServer2 (HttpServer2.java:addFilter(958)) - Added filter static_user_filter (class=org.apache.hadoop.http.lib.StaticUserWebFilter$StaticUserFilter) to context static
2019-06-15 12:39:47,777 INFO  http.HttpServer2 (HttpServer2.java:addFilter(958)) - Added filter static_user_filter (class=org.apache.hadoop.http.lib.StaticUserWebFilter$StaticUserFilter) to context logs
2019-06-15 12:39:47,778 INFO  http.HttpServer2 (HttpServer2.java:bindListener(1191)) - Jetty bound to port 46731
2019-06-15 12:39:47,778 INFO  server.Server (Server.java:doStart(351)) - jetty-9.3.24.v20180605, build timestamp: 2018-06-05T17:11:56Z, git hash: 84205aa28f11a4f31f2a3b86d1bba2cc8ab69827
2019-06-15 12:39:47,779 INFO  handler.ContextHandler (ContextHandler.java:doStart(781)) - Started o.e.j.s.ServletContextHandler@5fd8302e{/logs,file:///opt/src/hadoop-ozone/integration-test/target/log,AVAILABLE}
2019-06-15 12:39:47,779 INFO  handler.ContextHandler (ContextHandler.java:doStart(781)) - Started o.e.j.s.ServletContextHandler@46823e8{/static,jar:file:/home/user/.m2/repository/org/apache/hadoop/hadoop-hdds-container-service/0.5.0-SNAPSHOT/hadoop-hdds-container-service-0.5.0-SNAPSHOT.jar!/webapps/static,AVAILABLE}
2019-06-15 12:39:47,798 INFO  handler.ContextHandler (ContextHandler.java:doStart(781)) - Started o.e.j.w.WebAppContext@7c8d382e{/,file:///tmp/jetty-0.0.0.0-46731-hddsDatanode-_-any-4179014261450427523.dir/webapp/,AVAILABLE}{/hddsDatanode}
2019-06-15 12:39:47,798 INFO  server.AbstractConnector (AbstractConnector.java:doStart(278)) - Started ServerConnector@751e7d99{HTTP/1.1,[http/1.1]}{0.0.0.0:46731}
2019-06-15 12:39:47,799 INFO  server.Server (Server.java:doStart(419)) - Started @94810ms
2019-06-15 12:39:47,803 INFO  server.BaseHttpServer (BaseHttpServer.java:updateConnectorAddress(207)) - HTTP server of HDDSDATANODE is listening at http://0.0.0.0:46731
2019-06-15 12:39:47,894 INFO  ozone.HddsDatanodeService (HddsDatanodeService.java:startPlugins(396)) - Started plug-in org.apache.hadoop.ozone.web.OzoneHddsDatanodeService@574f89bf
2019-06-15 12:39:47,898 INFO  impl.MetricsSystemImpl (MetricsSystemImpl.java:init(158)) - HddsDatanode metrics system started (again)
2019-06-15 12:39:47,898 INFO  ozone.HddsDatanodeService (HddsDatanodeService.java:start(185)) - HddsDatanodeService host:ozone-unit-076618677d3-c6b4w-525960908 ip:192.168.105.164
2019-06-15 12:39:47,901 INFO  util.JvmPauseMonitor (JvmPauseMonitor.java:run(188)) - Starting JVM pause monitor
2019-06-15 12:39:47,902 INFO  datanode.InitDatanodeState (InitDatanodeState.java:persistContainerDatanodeDetails(140)) - DatanodeDetails is persisted to /opt/src/hadoop-ozone/integration-test/target/test-dir/MiniOzoneClusterImpl-a121c850-4c15-4c09-876e-ef2f648035fb/datanode-4/meta/datanode.id
2019-06-15 12:39:47,911 INFO  volume.HddsVolume (HddsVolume.java:<init>(176)) - Creating Volume: /opt/src/hadoop-ozone/integration-test/target/test-dir/MiniOzoneClusterImpl-a121c850-4c15-4c09-876e-ef2f648035fb/datanode-5/data/containers/hdds of  storage type : DISK and capacity : 104021790720
2019-06-15 12:39:47,911 INFO  volume.VolumeSet (VolumeSet.java:initializeVolumeSet(170)) - Added Volume : /opt/src/hadoop-ozone/integration-test/target/test-dir/MiniOzoneClusterImpl-a121c850-4c15-4c09-876e-ef2f648035fb/datanode-5/data/containers/hdds to VolumeSet
2019-06-15 12:39:47,911 INFO  volume.ThrottledAsyncChecker (ThrottledAsyncChecker.java:schedule(140)) - Scheduling a check for org.apache.hadoop.ozone.container.common.volume.HddsVolume@105d2c27
2019-06-15 12:39:47,912 INFO  volume.HddsVolumeChecker (HddsVolumeChecker.java:checkAllVolumes(203)) - Scheduled health check for volume org.apache.hadoop.ozone.container.common.volume.HddsVolume@105d2c27
2019-06-15 12:39:47,919 INFO  ratis.XceiverServerRatis (XceiverServerRatis.java:newXceiverServerRatis(401)) - Found a free port for the server : 45471
2019-06-15 12:39:47,921 INFO  impl.RaftServerProxy (ConfUtils.java:logGet(43)) - raft.rpc.type = GRPC (default)
2019-06-15 12:39:47,921 INFO  grpc.GrpcConfigKeys$Server (ConfUtils.java:logGet(43)) - raft.grpc.server.port = 45471 (custom)
2019-06-15 12:39:47,921 INFO  server.GrpcService (ConfUtils.java:logGet(43)) - raft.grpc.message.size.max = 33570816 (custom)
2019-06-15 12:39:47,922 INFO  server.RaftServerConfigKeys (ConfUtils.java:logGet(43)) - raft.server.log.appender.buffer.byte-limit = 33554432 (custom)
2019-06-15 12:39:47,922 INFO  server.GrpcService (ConfUtils.java:logGet(43)) - raft.grpc.flow.control.window = 1MB (=1048576) (default)
2019-06-15 12:39:47,922 INFO  server.RaftServerConfigKeys (ConfUtils.java:logGet(43)) - raft.server.rpc.request.timeout = 3000ms (default)
2019-06-15 12:39:47,922 INFO  server.RaftServerConfigKeys (ConfUtils.java:logGet(43)) - raft.server.storage.dir = [/opt/src/hadoop-ozone/integration-test/target/test-dir/MiniOzoneClusterImpl-a121c850-4c15-4c09-876e-ef2f648035fb/datanode-5/data/ratis] (custom)
2019-06-15 12:39:47,922 INFO  server.XceiverServerGrpc (XceiverServerGrpc.java:<init>(97)) - Found a free port for the server : 39859
2019-06-15 12:39:47,923 INFO  replication.SimpleContainerDownloader (SimpleContainerDownloader.java:<init>(72)) - Starting container downloader service to copy containers to replicate.
2019-06-15 12:39:47,923 INFO  hdfs.DFSUtil (DFSUtil.java:httpServerTemplateForNNAndJN(1641)) - Starting Web-server for hddsDatanode at: http://0.0.0.0:0
2019-06-15 12:39:47,924 INFO  server.AuthenticationFilter (AuthenticationFilter.java:constructSecretProvider(240)) - Unable to initialize FileSignerSecretProvider, falling back to use random secrets.
2019-06-15 12:39:47,924 WARN  http.HttpRequestLog (HttpRequestLog.java:getRequestLog(97)) - Jetty request log can only be enabled using Log4j
2019-06-15 12:39:47,925 INFO  http.HttpServer2 (HttpServer2.java:addGlobalFilter(975)) - Added global filter 'safety' (class=org.apache.hadoop.http.HttpServer2$QuotingInputFilter)
2019-06-15 12:39:47,926 INFO  http.HttpServer2 (HttpServer2.java:addFilter(948)) - Added filter static_user_filter (class=org.apache.hadoop.http.lib.StaticUserWebFilter$StaticUserFilter) to context hddsDatanode
2019-06-15 12:39:47,926 INFO  http.HttpServer2 (HttpServer2.java:addFilter(958)) - Added filter static_user_filter (class=org.apache.hadoop.http.lib.StaticUserWebFilter$StaticUserFilter) to context static
2019-06-15 12:39:47,926 INFO  http.HttpServer2 (HttpServer2.java:addFilter(958)) - Added filter static_user_filter (class=org.apache.hadoop.http.lib.StaticUserWebFilter$StaticUserFilter) to context logs
2019-06-15 12:39:47,926 INFO  http.HttpServer2 (HttpServer2.java:bindListener(1191)) - Jetty bound to port 44935
2019-06-15 12:39:47,926 INFO  server.Server (Server.java:doStart(351)) - jetty-9.3.24.v20180605, build timestamp: 2018-06-05T17:11:56Z, git hash: 84205aa28f11a4f31f2a3b86d1bba2cc8ab69827
2019-06-15 12:39:47,927 INFO  handler.ContextHandler (ContextHandler.java:doStart(781)) - Started o.e.j.s.ServletContextHandler@1b13e4fb{/logs,file:///opt/src/hadoop-ozone/integration-test/target/log,AVAILABLE}
2019-06-15 12:39:47,927 INFO  handler.ContextHandler (ContextHandler.java:doStart(781)) - Started o.e.j.s.ServletContextHandler@5cb6fac3{/static,jar:file:/home/user/.m2/repository/org/apache/hadoop/hadoop-hdds-container-service/0.5.0-SNAPSHOT/hadoop-hdds-container-service-0.5.0-SNAPSHOT.jar!/webapps/static,AVAILABLE}
2019-06-15 12:39:47,947 INFO  handler.ContextHandler (ContextHandler.java:doStart(781)) - Started o.e.j.w.WebAppContext@7c1a5092{/,file:///tmp/jetty-0.0.0.0-44935-hddsDatanode-_-any-3235450868236318998.dir/webapp/,AVAILABLE}{/hddsDatanode}
2019-06-15 12:39:47,947 INFO  server.AbstractConnector (AbstractConnector.java:doStart(278)) - Started ServerConnector@24663d05{HTTP/1.1,[http/1.1]}{0.0.0.0:44935}
2019-06-15 12:39:47,949 INFO  server.Server (Server.java:doStart(419)) - Started @94960ms
2019-06-15 12:39:47,950 INFO  server.BaseHttpServer (BaseHttpServer.java:updateConnectorAddress(207)) - HTTP server of HDDSDATANODE is listening at http://0.0.0.0:44935
2019-06-15 12:39:48,075 INFO  ozone.HddsDatanodeService (HddsDatanodeService.java:startPlugins(396)) - Started plug-in org.apache.hadoop.ozone.web.OzoneHddsDatanodeService@69f01f4b
2019-06-15 12:39:48,076 INFO  ozone.MiniOzoneClusterImpl (MiniOzoneClusterImpl.java:lambda$waitForClusterToBeReady$0(142)) - Waiting for cluster to be ready. Got 0 of 6 DN Heartbeats.
2019-06-15 12:39:48,085 INFO  util.JvmPauseMonitor (JvmPauseMonitor.java:run(188)) - Starting JVM pause monitor
2019-06-15 12:39:48,086 INFO  datanode.InitDatanodeState (InitDatanodeState.java:persistContainerDatanodeDetails(140)) - DatanodeDetails is persisted to /opt/src/hadoop-ozone/integration-test/target/test-dir/MiniOzoneClusterImpl-a121c850-4c15-4c09-876e-ef2f648035fb/datanode-5/meta/datanode.id
2019-06-15 12:39:49,076 INFO  ozone.MiniOzoneClusterImpl (MiniOzoneClusterImpl.java:lambda$waitForClusterToBeReady$0(142)) - Waiting for cluster to be ready. Got 0 of 6 DN Heartbeats.
2019-06-15 12:39:49,126 WARN  events.EventQueue (EventQueue.java:fireEvent(147)) - Processing of TypedEvent{payloadType=DatanodeDetails, name='Stale_Node'} is skipped, EventQueue is not running
2019-06-15 12:39:49,126 WARN  events.EventQueue (EventQueue.java:fireEvent(147)) - Processing of TypedEvent{payloadType=DatanodeDetails, name='Stale_Node'} is skipped, EventQueue is not running
2019-06-15 12:39:49,126 WARN  events.EventQueue (EventQueue.java:fireEvent(147)) - Processing of TypedEvent{payloadType=DatanodeDetails, name='Stale_Node'} is skipped, EventQueue is not running
2019-06-15 12:39:49,353 INFO  ozoneimpl.OzoneContainer (OzoneContainer.java:start(186)) - Attempting to start container services.
2019-06-15 12:39:49,353 INFO  ozoneimpl.OzoneContainer (OzoneContainer.java:startContainerScrub(160)) - Background container scrubber has been disabled by hdds.containerscrub.enabled
2019-06-15 12:39:49,353 INFO  ratis.XceiverServerRatis (XceiverServerRatis.java:start(418)) - Starting XceiverServerRatis 56c4b9ac-42f0-4a1e-956c-35b176a673da at port 36725
2019-06-15 12:39:49,360 INFO  impl.RaftServerProxy (RaftServerProxy.java:lambda$start$3(299)) - 56c4b9ac-42f0-4a1e-956c-35b176a673da: start RPC server
2019-06-15 12:39:49,361 INFO  server.GrpcService (GrpcService.java:startImpl(148)) - 56c4b9ac-42f0-4a1e-956c-35b176a673da: GrpcService started, listening on 0.0.0.0/0.0.0.0:36725
2019-06-15 12:39:49,511 INFO  ozoneimpl.OzoneContainer (OzoneContainer.java:start(186)) - Attempting to start container services.
2019-06-15 12:39:49,511 INFO  ozoneimpl.OzoneContainer (OzoneContainer.java:startContainerScrub(160)) - Background container scrubber has been disabled by hdds.containerscrub.enabled
2019-06-15 12:39:49,511 INFO  ratis.XceiverServerRatis (XceiverServerRatis.java:start(418)) - Starting XceiverServerRatis 13c5b6a3-3702-40b3-a56f-a0fd2aac6a73 at port 46737
2019-06-15 12:39:49,515 INFO  impl.RaftServerProxy (RaftServerProxy.java:lambda$start$3(299)) - 13c5b6a3-3702-40b3-a56f-a0fd2aac6a73: start RPC server
2019-06-15 12:39:49,515 INFO  server.GrpcService (GrpcService.java:startImpl(148)) - 13c5b6a3-3702-40b3-a56f-a0fd2aac6a73: GrpcService started, listening on 0.0.0.0/0.0.0.0:46737
2019-06-15 12:39:49,527 WARN  events.EventQueue (EventQueue.java:fireEvent(147)) - Processing of TypedEvent{payloadType=DatanodeDetails, name='Stale_Node'} is skipped, EventQueue is not running
2019-06-15 12:39:49,630 INFO  ozoneimpl.OzoneContainer (OzoneContainer.java:start(186)) - Attempting to start container services.
2019-06-15 12:39:49,630 INFO  ozoneimpl.OzoneContainer (OzoneContainer.java:startContainerScrub(160)) - Background container scrubber has been disabled by hdds.containerscrub.enabled
2019-06-15 12:39:49,630 INFO  ratis.XceiverServerRatis (XceiverServerRatis.java:start(418)) - Starting XceiverServerRatis 451719f8-b77c-4f16-9dab-fd6b136b9f81 at port 36553
2019-06-15 12:39:49,633 INFO  impl.RaftServerProxy (RaftServerProxy.java:lambda$start$3(299)) - 451719f8-b77c-4f16-9dab-fd6b136b9f81: start RPC server
2019-06-15 12:39:49,633 INFO  server.GrpcService (GrpcService.java:startImpl(148)) - 451719f8-b77c-4f16-9dab-fd6b136b9f81: GrpcService started, listening on 0.0.0.0/0.0.0.0:36553
2019-06-15 12:39:49,755 INFO  ozoneimpl.OzoneContainer (OzoneContainer.java:start(186)) - Attempting to start container services.
2019-06-15 12:39:49,755 INFO  ozoneimpl.OzoneContainer (OzoneContainer.java:startContainerScrub(160)) - Background container scrubber has been disabled by hdds.containerscrub.enabled
2019-06-15 12:39:49,755 INFO  ratis.XceiverServerRatis (XceiverServerRatis.java:start(418)) - Starting XceiverServerRatis a0d4c14e-3bf9-423f-8883-cd55a775c0a8 at port 36885
2019-06-15 12:39:49,758 INFO  impl.RaftServerProxy (RaftServerProxy.java:lambda$start$3(299)) - a0d4c14e-3bf9-423f-8883-cd55a775c0a8: start RPC server
2019-06-15 12:39:49,759 INFO  server.GrpcService (GrpcService.java:startImpl(148)) - a0d4c14e-3bf9-423f-8883-cd55a775c0a8: GrpcService started, listening on 0.0.0.0/0.0.0.0:36885
2019-06-15 12:39:49,827 WARN  events.EventQueue (EventQueue.java:fireEvent(147)) - Processing of TypedEvent{payloadType=DatanodeDetails, name='Stale_Node'} is skipped, EventQueue is not running
2019-06-15 12:39:49,904 INFO  ozoneimpl.OzoneContainer (OzoneContainer.java:start(186)) - Attempting to start container services.
2019-06-15 12:39:49,904 INFO  ozoneimpl.OzoneContainer (OzoneContainer.java:startContainerScrub(160)) - Background container scrubber has been disabled by hdds.containerscrub.enabled
2019-06-15 12:39:49,904 INFO  ratis.XceiverServerRatis (XceiverServerRatis.java:start(418)) - Starting XceiverServerRatis 06cd9fbe-2509-41d0-8222-1ef857baf1b0 at port 43429
2019-06-15 12:39:49,907 INFO  impl.RaftServerProxy (RaftServerProxy.java:lambda$start$3(299)) - 06cd9fbe-2509-41d0-8222-1ef857baf1b0: start RPC server
2019-06-15 12:39:49,907 INFO  server.GrpcService (GrpcService.java:startImpl(148)) - 06cd9fbe-2509-41d0-8222-1ef857baf1b0: GrpcService started, listening on 0.0.0.0/0.0.0.0:43429
2019-06-15 12:39:50,077 INFO  ozone.MiniOzoneClusterImpl (MiniOzoneClusterImpl.java:lambda$waitForClusterToBeReady$0(142)) - Waiting for cluster to be ready. Got 0 of 6 DN Heartbeats.
2019-06-15 12:39:50,088 INFO  ozoneimpl.OzoneContainer (OzoneContainer.java:start(186)) - Attempting to start container services.
2019-06-15 12:39:50,088 INFO  ozoneimpl.OzoneContainer (OzoneContainer.java:startContainerScrub(160)) - Background container scrubber has been disabled by hdds.containerscrub.enabled
2019-06-15 12:39:50,088 INFO  ratis.XceiverServerRatis (XceiverServerRatis.java:start(418)) - Starting XceiverServerRatis be9c5d1f-9356-4cf9-a475-210319e2e11b at port 45471
2019-06-15 12:39:50,091 INFO  impl.RaftServerProxy (RaftServerProxy.java:lambda$start$3(299)) - be9c5d1f-9356-4cf9-a475-210319e2e11b: start RPC server
2019-06-15 12:39:50,092 INFO  server.GrpcService (GrpcService.java:startImpl(148)) - be9c5d1f-9356-4cf9-a475-210319e2e11b: GrpcService started, listening on 0.0.0.0/0.0.0.0:45471
2019-06-15 12:39:51,077 INFO  ozone.MiniOzoneClusterImpl (MiniOzoneClusterImpl.java:lambda$waitForClusterToBeReady$0(142)) - Waiting for cluster to be ready. Got 0 of 6 DN Heartbeats.
2019-06-15 12:39:51,350 INFO  net.NetworkTopology (NetworkTopologyImpl.java:add(109)) - Added a new node: /default-rack/192.168.105.164
2019-06-15 12:39:51,351 INFO  node.SCMNodeManager (SCMNodeManager.java:register(269)) - Registered Data node : 56c4b9ac-42f0-4a1e-956c-35b176a673da{ip: 192.168.105.164, host: ozone-unit-076618677d3-c6b4w-525960908, networkLocation: /default-rack, certSerialId: null}
2019-06-15 12:39:51,352 INFO  safemode.SCMSafeModeManager (DataNodeSafeModeRule.java:process(71)) - SCM in safe mode. 1 DataNodes registered, 1 required.
2019-06-15 12:39:51,354 INFO  safemode.SCMSafeModeManager (SCMSafeModeManager.java:validateSafeModeExitRules(177)) - ScmSafeModeManager, all rules are successfully validated
2019-06-15 12:39:51,354 INFO  safemode.SCMSafeModeManager (SCMSafeModeManager.java:exitSafeMode(193)) - SCM exiting safe mode.
2019-06-15 12:39:51,361 INFO  impl.RaftServerProxy (RaftServerProxy.java:addNew(89)) - 56c4b9ac-42f0-4a1e-956c-35b176a673da: addNew group-1D897C77C80F:[56c4b9ac-42f0-4a1e-956c-35b176a673da:192.168.105.164:36725] returns group-1D897C77C80F:java.util.concurrent.CompletableFuture@6859e7a9[Not completed]
2019-06-15 12:39:51,362 INFO  impl.RaftServerImpl (RaftServerImpl.java:<init>(91)) - 56c4b9ac-42f0-4a1e-956c-35b176a673da: new RaftServerImpl for group-1D897C77C80F:[56c4b9ac-42f0-4a1e-956c-35b176a673da:192.168.105.164:36725] with ContainerStateMachine:uninitialized
2019-06-15 12:39:51,362 INFO  server.RaftServerConfigKeys (ConfUtils.java:logGet(43)) - raft.server.rpc.timeout.min = 1s (custom)
2019-06-15 12:39:51,362 INFO  server.RaftServerConfigKeys (ConfUtils.java:logGet(43)) - raft.server.rpc.timeout.max = 1200ms (custom)
2019-06-15 12:39:51,362 INFO  server.RaftServerConfigKeys (ConfUtils.java:logGet(43)) - raft.server.rpcslowness.timeout = 120s (custom)
2019-06-15 12:39:51,362 INFO  server.RaftServerConfigKeys (ConfUtils.java:logGet(43)) - raft.server.log.appender.install.snapshot.enabled = true (default)
2019-06-15 12:39:51,362 INFO  impl.RaftServerImpl (ServerState.java:<init>(101)) - 56c4b9ac-42f0-4a1e-956c-35b176a673da:group-1D897C77C80F ConfigurationManager, init=-1: [56c4b9ac-42f0-4a1e-956c-35b176a673da:192.168.105.164:36725], old=null, confs=<EMPTY_MAP>
2019-06-15 12:39:51,362 INFO  server.RaftServerConfigKeys (ConfUtils.java:logGet(43)) - raft.server.storage.dir = [/opt/src/hadoop-ozone/integration-test/target/test-dir/MiniOzoneClusterImpl-a121c850-4c15-4c09-876e-ef2f648035fb/datanode-0/data/ratis] (custom)
2019-06-15 12:39:51,363 INFO  storage.RaftStorageDirectory (RaftStorageDirectory.java:analyzeStorage(246)) - The storage directory /opt/src/hadoop-ozone/integration-test/target/test-dir/MiniOzoneClusterImpl-a121c850-4c15-4c09-876e-ef2f648035fb/datanode-0/data/ratis/96297a4d-87a5-430b-b56f-1d897c77c80f does not exist. Creating ...
2019-06-15 12:39:51,365 INFO  storage.RaftStorageDirectory (RaftStorageDirectory.java:tryLock(328)) - Lock on /opt/src/hadoop-ozone/integration-test/target/test-dir/MiniOzoneClusterImpl-a121c850-4c15-4c09-876e-ef2f648035fb/datanode-0/data/ratis/96297a4d-87a5-430b-b56f-1d897c77c80f/in_use.lock acquired by nodename 14802@ozone-unit-076618677d3-c6b4w-525960908
2019-06-15 12:39:51,367 INFO  storage.RaftStorage (RaftStorage.java:format(75)) - Storage directory /opt/src/hadoop-ozone/integration-test/target/test-dir/MiniOzoneClusterImpl-a121c850-4c15-4c09-876e-ef2f648035fb/datanode-0/data/ratis/96297a4d-87a5-430b-b56f-1d897c77c80f has been successfully formatted.
2019-06-15 12:39:51,367 INFO  ratis.ContainerStateMachine (ContainerStateMachine.java:loadSnapshot(199)) - The snapshot info is null.Setting the last applied index to:(t:0, i:~)
2019-06-15 12:39:51,367 INFO  server.RaftServerConfigKeys (ConfUtils.java:logGet(43)) - raft.server.leader.election.timeout = 120s (custom)
2019-06-15 12:39:51,367 INFO  server.RaftServerConfigKeys (ConfUtils.java:logGet(43)) - raft.server.log.use.memory = false (default)
2019-06-15 12:39:51,367 INFO  server.RaftServerConfigKeys (ConfUtils.java:logGet(43)) - raft.server.log.appender.buffer.byte-limit = 33554432 (custom)
2019-06-15 12:39:51,367 INFO  server.RaftServerConfigKeys (ConfUtils.java:logGet(43)) - raft.server.log.segment.size.max = 16384 (custom)
2019-06-15 12:39:51,367 INFO  server.RaftServerConfigKeys (ConfUtils.java:logGet(43)) - raft.server.log.segment.cache.num.max = 2 (custom)
2019-06-15 12:39:51,367 INFO  storage.RaftLogWorker (RaftLogWorker.java:<init>(123)) - new 56c4b9ac-42f0-4a1e-956c-35b176a673da-RaftLogWorker for Storage Directory /opt/src/hadoop-ozone/integration-test/target/test-dir/MiniOzoneClusterImpl-a121c850-4c15-4c09-876e-ef2f648035fb/datanode-0/data/ratis/96297a4d-87a5-430b-b56f-1d897c77c80f
2019-06-15 12:39:51,367 INFO  server.RaftServerConfigKeys (ConfUtils.java:logGet(43)) - raft.server.log.queue.byte-limit = 2147483647 (custom)
2019-06-15 12:39:51,367 INFO  server.RaftServerConfigKeys (ConfUtils.java:logGet(43)) - raft.server.log.queue.element-limit = 1024 (custom)
2019-06-15 12:39:51,368 INFO  server.RaftServerConfigKeys (ConfUtils.java:logGet(43)) - raft.server.log.segment.size.max = 16384 (custom)
2019-06-15 12:39:51,368 INFO  server.RaftServerConfigKeys (ConfUtils.java:logGet(43)) - raft.server.log.preallocated.size = 16384 (custom)
2019-06-15 12:39:51,368 INFO  server.RaftServerConfigKeys (ConfUtils.java:logGet(43)) - raft.server.log.write.buffer.size = 33554432 (custom)
2019-06-15 12:39:51,368 INFO  server.RaftServerConfigKeys (ConfUtils.java:logGet(43)) - raft.server.log.force.sync.num = 128 (default)
2019-06-15 12:39:51,368 INFO  server.RaftServerConfigKeys (ConfUtils.java:logGet(43)) - raft.server.log.statemachine.data.sync = true (default)
2019-06-15 12:39:51,368 INFO  server.RaftServerConfigKeys (ConfUtils.java:logGet(43)) - raft.server.log.statemachine.data.sync.timeout = 10s (default)
2019-06-15 12:39:51,368 INFO  server.RaftServerConfigKeys (ConfUtils.java:logGet(43)) - raft.server.log.statemachine.data.sync.timeout.retry = -1 (default)
2019-06-15 12:39:51,368 INFO  server.RaftServerConfigKeys (ConfUtils.java:logGet(43)) - raft.server.log.statemachine.data.caching.enabled = true (custom)
2019-06-15 12:39:51,368 INFO  server.RaftServerConfigKeys (ConfUtils.java:logGet(43)) - raft.server.snapshot.auto.trigger.enabled = true (custom)
2019-06-15 12:39:51,368 INFO  server.RaftServerConfigKeys (ConfUtils.java:logGet(43)) - raft.server.snapshot.auto.trigger.threshold = 10000 (custom)
2019-06-15 12:39:51,368 INFO  server.RaftServerConfigKeys (ConfUtils.java:logGet(43)) - raft.server.retrycache.expirytime = 600000ms (custom)
2019-06-15 12:39:51,368 INFO  impl.RaftServerImpl (RaftServerImpl.java:start(173)) - 56c4b9ac-42f0-4a1e-956c-35b176a673da: start group-1D897C77C80F
2019-06-15 12:39:51,369 INFO  impl.RaftServerImpl (RaftServerImpl.java:setRole(164)) - 56c4b9ac-42f0-4a1e-956c-35b176a673da:group-1D897C77C80F changes role from null to FOLLOWER at term 0 for startAsFollower
2019-06-15 12:39:51,369 INFO  impl.RoleInfo (RoleInfo.java:updateAndGet(143)) - 56c4b9ac-42f0-4a1e-956c-35b176a673da: start FollowerState
2019-06-15 12:39:51,369 INFO  util.JmxRegister (JmxRegister.java:tryRegister(44)) - Successfully registered JMX Bean with object name Ratis:service=RaftServer,group=group-1D897C77C80F,id=56c4b9ac-42f0-4a1e-956c-35b176a673da
2019-06-15 12:39:51,370 INFO  pipeline.PipelineStateManager (PipelineStateManager.java:addPipeline(56)) - Created pipeline Pipeline[ Id: 96297a4d-87a5-430b-b56f-1d897c77c80f, Nodes: 56c4b9ac-42f0-4a1e-956c-35b176a673da{ip: 192.168.105.164, host: ozone-unit-076618677d3-c6b4w-525960908, networkLocation: /default-rack, certSerialId: null}, Type:RATIS, Factor:ONE, State:OPEN]
2019-06-15 12:39:51,508 INFO  node.SCMNodeManager (SCMNodeManager.java:register(269)) - Registered Data node : 13c5b6a3-3702-40b3-a56f-a0fd2aac6a73{ip: 192.168.105.164, host: ozone-unit-076618677d3-c6b4w-525960908, networkLocation: /default-rack, certSerialId: null}
2019-06-15 12:39:51,515 INFO  impl.RaftServerProxy (RaftServerProxy.java:addNew(89)) - 13c5b6a3-3702-40b3-a56f-a0fd2aac6a73: addNew group-6C72A5CA16B6:[13c5b6a3-3702-40b3-a56f-a0fd2aac6a73:192.168.105.164:46737] returns group-6C72A5CA16B6:java.util.concurrent.CompletableFuture@397edfdf[Not completed]
2019-06-15 12:39:51,515 INFO  impl.RaftServerImpl (RaftServerImpl.java:<init>(91)) - 13c5b6a3-3702-40b3-a56f-a0fd2aac6a73: new RaftServerImpl for group-6C72A5CA16B6:[13c5b6a3-3702-40b3-a56f-a0fd2aac6a73:192.168.105.164:46737] with ContainerStateMachine:uninitialized
2019-06-15 12:39:51,515 INFO  server.RaftServerConfigKeys (ConfUtils.java:logGet(43)) - raft.server.rpc.timeout.min = 1s (custom)
2019-06-15 12:39:51,515 INFO  server.RaftServerConfigKeys (ConfUtils.java:logGet(43)) - raft.server.rpc.timeout.max = 1200ms (custom)
2019-06-15 12:39:51,515 INFO  server.RaftServerConfigKeys (ConfUtils.java:logGet(43)) - raft.server.rpcslowness.timeout = 120s (custom)
2019-06-15 12:39:51,515 INFO  server.RaftServerConfigKeys (ConfUtils.java:logGet(43)) - raft.server.log.appender.install.snapshot.enabled = true (default)
2019-06-15 12:39:51,515 INFO  impl.RaftServerImpl (ServerState.java:<init>(101)) - 13c5b6a3-3702-40b3-a56f-a0fd2aac6a73:group-6C72A5CA16B6 ConfigurationManager, init=-1: [13c5b6a3-3702-40b3-a56f-a0fd2aac6a73:192.168.105.164:46737], old=null, confs=<EMPTY_MAP>
2019-06-15 12:39:51,515 INFO  server.RaftServerConfigKeys (ConfUtils.java:logGet(43)) - raft.server.storage.dir = [/opt/src/hadoop-ozone/integration-test/target/test-dir/MiniOzoneClusterImpl-a121c850-4c15-4c09-876e-ef2f648035fb/datanode-1/data/ratis] (custom)
2019-06-15 12:39:51,516 INFO  storage.RaftStorageDirectory (RaftStorageDirectory.java:analyzeStorage(246)) - The storage directory /opt/src/hadoop-ozone/integration-test/target/test-dir/MiniOzoneClusterImpl-a121c850-4c15-4c09-876e-ef2f648035fb/datanode-1/data/ratis/757b9dbc-5df3-48a5-8e28-6c72a5ca16b6 does not exist. Creating ...
2019-06-15 12:39:51,518 INFO  storage.RaftStorageDirectory (RaftStorageDirectory.java:tryLock(328)) - Lock on /opt/src/hadoop-ozone/integration-test/target/test-dir/MiniOzoneClusterImpl-a121c850-4c15-4c09-876e-ef2f648035fb/datanode-1/data/ratis/757b9dbc-5df3-48a5-8e28-6c72a5ca16b6/in_use.lock acquired by nodename 14802@ozone-unit-076618677d3-c6b4w-525960908
2019-06-15 12:39:51,520 INFO  storage.RaftStorage (RaftStorage.java:format(75)) - Storage directory /opt/src/hadoop-ozone/integration-test/target/test-dir/MiniOzoneClusterImpl-a121c850-4c15-4c09-876e-ef2f648035fb/datanode-1/data/ratis/757b9dbc-5df3-48a5-8e28-6c72a5ca16b6 has been successfully formatted.
2019-06-15 12:39:51,520 INFO  ratis.ContainerStateMachine (ContainerStateMachine.java:loadSnapshot(199)) - The snapshot info is null.Setting the last applied index to:(t:0, i:~)
2019-06-15 12:39:51,520 INFO  server.RaftServerConfigKeys (ConfUtils.java:logGet(43)) - raft.server.leader.election.timeout = 120s (custom)
2019-06-15 12:39:51,520 INFO  server.RaftServerConfigKeys (ConfUtils.java:logGet(43)) - raft.server.log.use.memory = false (default)
2019-06-15 12:39:51,520 INFO  server.RaftServerConfigKeys (ConfUtils.java:logGet(43)) - raft.server.log.appender.buffer.byte-limit = 33554432 (custom)
2019-06-15 12:39:51,520 INFO  server.RaftServerConfigKeys (ConfUtils.java:logGet(43)) - raft.server.log.segment.size.max = 16384 (custom)
2019-06-15 12:39:51,520 INFO  server.RaftServerConfigKeys (ConfUtils.java:logGet(43)) - raft.server.log.segment.cache.num.max = 2 (custom)
2019-06-15 12:39:51,520 INFO  storage.RaftLogWorker (RaftLogWorker.java:<init>(123)) - new 13c5b6a3-3702-40b3-a56f-a0fd2aac6a73-RaftLogWorker for Storage Directory /opt/src/hadoop-ozone/integration-test/target/test-dir/MiniOzoneClusterImpl-a121c850-4c15-4c09-876e-ef2f648035fb/datanode-1/data/ratis/757b9dbc-5df3-48a5-8e28-6c72a5ca16b6
2019-06-15 12:39:51,520 INFO  server.RaftServerConfigKeys (ConfUtils.java:logGet(43)) - raft.server.log.queue.byte-limit = 2147483647 (custom)
2019-06-15 12:39:51,520 INFO  server.RaftServerConfigKeys (ConfUtils.java:logGet(43)) - raft.server.log.queue.element-limit = 1024 (custom)
2019-06-15 12:39:51,520 INFO  server.RaftServerConfigKeys (ConfUtils.java:logGet(43)) - raft.server.log.segment.size.max = 16384 (custom)
2019-06-15 12:39:51,520 INFO  server.RaftServerConfigKeys (ConfUtils.java:logGet(43)) - raft.server.log.preallocated.size = 16384 (custom)
2019-06-15 12:39:51,521 INFO  server.RaftServerConfigKeys (ConfUtils.java:logGet(43)) - raft.server.log.write.buffer.size = 33554432 (custom)
2019-06-15 12:39:51,521 INFO  server.RaftServerConfigKeys (ConfUtils.java:logGet(43)) - raft.server.log.force.sync.num = 128 (default)
2019-06-15 12:39:51,521 INFO  server.RaftServerConfigKeys (ConfUtils.java:logGet(43)) - raft.server.log.statemachine.data.sync = true (default)
2019-06-15 12:39:51,521 INFO  server.RaftServerConfigKeys (ConfUtils.java:logGet(43)) - raft.server.log.statemachine.data.sync.timeout = 10s (default)
2019-06-15 12:39:51,521 INFO  server.RaftServerConfigKeys (ConfUtils.java:logGet(43)) - raft.server.log.statemachine.data.sync.timeout.retry = -1 (default)
2019-06-15 12:39:51,521 INFO  server.RaftServerConfigKeys (ConfUtils.java:logGet(43)) - raft.server.log.statemachine.data.caching.enabled = true (custom)
2019-06-15 12:39:51,521 INFO  server.RaftServerConfigKeys (ConfUtils.java:logGet(43)) - raft.server.snapshot.auto.trigger.enabled = true (custom)
2019-06-15 12:39:51,521 INFO  server.RaftServerConfigKeys (ConfUtils.java:logGet(43)) - raft.server.snapshot.auto.trigger.threshold = 10000 (custom)
2019-06-15 12:39:51,521 INFO  server.RaftServerConfigKeys (ConfUtils.java:logGet(43)) - raft.server.retrycache.expirytime = 600000ms (custom)
2019-06-15 12:39:51,521 INFO  impl.RaftServerImpl (RaftServerImpl.java:start(173)) - 13c5b6a3-3702-40b3-a56f-a0fd2aac6a73: start group-6C72A5CA16B6
2019-06-15 12:39:51,521 INFO  impl.RaftServerImpl (RaftServerImpl.java:setRole(164)) - 13c5b6a3-3702-40b3-a56f-a0fd2aac6a73:group-6C72A5CA16B6 changes role from null to FOLLOWER at term 0 for startAsFollower
2019-06-15 12:39:51,522 INFO  impl.RoleInfo (RoleInfo.java:updateAndGet(143)) - 13c5b6a3-3702-40b3-a56f-a0fd2aac6a73: start FollowerState
2019-06-15 12:39:51,522 INFO  util.JmxRegister (JmxRegister.java:tryRegister(44)) - Successfully registered JMX Bean with object name Ratis:service=RaftServer,group=group-6C72A5CA16B6,id=13c5b6a3-3702-40b3-a56f-a0fd2aac6a73
2019-06-15 12:39:51,523 INFO  pipeline.PipelineStateManager (PipelineStateManager.java:addPipeline(56)) - Created pipeline Pipeline[ Id: 757b9dbc-5df3-48a5-8e28-6c72a5ca16b6, Nodes: 13c5b6a3-3702-40b3-a56f-a0fd2aac6a73{ip: 192.168.105.164, host: ozone-unit-076618677d3-c6b4w-525960908, networkLocation: /default-rack, certSerialId: null}, Type:RATIS, Factor:ONE, State:OPEN]
2019-06-15 12:39:51,627 INFO  node.SCMNodeManager (SCMNodeManager.java:register(269)) - Registered Data node : 451719f8-b77c-4f16-9dab-fd6b136b9f81{ip: 192.168.105.164, host: ozone-unit-076618677d3-c6b4w-525960908, networkLocation: /default-rack, certSerialId: null}
2019-06-15 12:39:51,632 INFO  impl.RaftServerProxy (RaftServerProxy.java:addNew(89)) - 451719f8-b77c-4f16-9dab-fd6b136b9f81: addNew group-544A3438F498:[451719f8-b77c-4f16-9dab-fd6b136b9f81:192.168.105.164:36553] returns group-544A3438F498:java.util.concurrent.CompletableFuture@2f72eeee[Not completed]
2019-06-15 12:39:51,632 INFO  impl.RaftServerImpl (RaftServerImpl.java:<init>(91)) - 451719f8-b77c-4f16-9dab-fd6b136b9f81: new RaftServerImpl for group-544A3438F498:[451719f8-b77c-4f16-9dab-fd6b136b9f81:192.168.105.164:36553] with ContainerStateMachine:uninitialized
2019-06-15 12:39:51,632 INFO  server.RaftServerConfigKeys (ConfUtils.java:logGet(43)) - raft.server.rpc.timeout.min = 1s (custom)
2019-06-15 12:39:51,632 INFO  server.RaftServerConfigKeys (ConfUtils.java:logGet(43)) - raft.server.rpc.timeout.max = 1200ms (custom)
2019-06-15 12:39:51,633 INFO  server.RaftServerConfigKeys (ConfUtils.java:logGet(43)) - raft.server.rpcslowness.timeout = 120s (custom)
2019-06-15 12:39:51,633 INFO  server.RaftServerConfigKeys (ConfUtils.java:logGet(43)) - raft.server.log.appender.install.snapshot.enabled = true (default)
2019-06-15 12:39:51,633 INFO  impl.RaftServerImpl (ServerState.java:<init>(101)) - 451719f8-b77c-4f16-9dab-fd6b136b9f81:group-544A3438F498 ConfigurationManager, init=-1: [451719f8-b77c-4f16-9dab-fd6b136b9f81:192.168.105.164:36553], old=null, confs=<EMPTY_MAP>
2019-06-15 12:39:51,633 INFO  server.RaftServerConfigKeys (ConfUtils.java:logGet(43)) - raft.server.storage.dir = [/opt/src/hadoop-ozone/integration-test/target/test-dir/MiniOzoneClusterImpl-a121c850-4c15-4c09-876e-ef2f648035fb/datanode-2/data/ratis] (custom)
2019-06-15 12:39:51,633 INFO  storage.RaftStorageDirectory (RaftStorageDirectory.java:analyzeStorage(246)) - The storage directory /opt/src/hadoop-ozone/integration-test/target/test-dir/MiniOzoneClusterImpl-a121c850-4c15-4c09-876e-ef2f648035fb/datanode-2/data/ratis/4f352626-1fe4-4e5e-85de-544a3438f498 does not exist. Creating ...
2019-06-15 12:39:51,635 INFO  storage.RaftStorageDirectory (RaftStorageDirectory.java:tryLock(328)) - Lock on /opt/src/hadoop-ozone/integration-test/target/test-dir/MiniOzoneClusterImpl-a121c850-4c15-4c09-876e-ef2f648035fb/datanode-2/data/ratis/4f352626-1fe4-4e5e-85de-544a3438f498/in_use.lock acquired by nodename 14802@ozone-unit-076618677d3-c6b4w-525960908
2019-06-15 12:39:51,637 INFO  storage.RaftStorage (RaftStorage.java:format(75)) - Storage directory /opt/src/hadoop-ozone/integration-test/target/test-dir/MiniOzoneClusterImpl-a121c850-4c15-4c09-876e-ef2f648035fb/datanode-2/data/ratis/4f352626-1fe4-4e5e-85de-544a3438f498 has been successfully formatted.
2019-06-15 12:39:51,637 INFO  ratis.ContainerStateMachine (ContainerStateMachine.java:loadSnapshot(199)) - The snapshot info is null.Setting the last applied index to:(t:0, i:~)
2019-06-15 12:39:51,638 INFO  server.RaftServerConfigKeys (ConfUtils.java:logGet(43)) - raft.server.leader.election.timeout = 120s (custom)
2019-06-15 12:39:51,638 INFO  server.RaftServerConfigKeys (ConfUtils.java:logGet(43)) - raft.server.log.use.memory = false (default)
2019-06-15 12:39:51,638 INFO  server.RaftServerConfigKeys (ConfUtils.java:logGet(43)) - raft.server.log.appender.buffer.byte-limit = 33554432 (custom)
2019-06-15 12:39:51,638 INFO  server.RaftServerConfigKeys (ConfUtils.java:logGet(43)) - raft.server.log.segment.size.max = 16384 (custom)
2019-06-15 12:39:51,638 INFO  server.RaftServerConfigKeys (ConfUtils.java:logGet(43)) - raft.server.log.segment.cache.num.max = 2 (custom)
2019-06-15 12:39:51,638 INFO  storage.RaftLogWorker (RaftLogWorker.java:<init>(123)) - new 451719f8-b77c-4f16-9dab-fd6b136b9f81-RaftLogWorker for Storage Directory /opt/src/hadoop-ozone/integration-test/target/test-dir/MiniOzoneClusterImpl-a121c850-4c15-4c09-876e-ef2f648035fb/datanode-2/data/ratis/4f352626-1fe4-4e5e-85de-544a3438f498
2019-06-15 12:39:51,638 INFO  server.RaftServerConfigKeys (ConfUtils.java:logGet(43)) - raft.server.log.queue.byte-limit = 2147483647 (custom)
2019-06-15 12:39:51,638 INFO  server.RaftServerConfigKeys (ConfUtils.java:logGet(43)) - raft.server.log.queue.element-limit = 1024 (custom)
2019-06-15 12:39:51,638 INFO  server.RaftServerConfigKeys (ConfUtils.java:logGet(43)) - raft.server.log.segment.size.max = 16384 (custom)
2019-06-15 12:39:51,638 INFO  server.RaftServerConfigKeys (ConfUtils.java:logGet(43)) - raft.server.log.preallocated.size = 16384 (custom)
2019-06-15 12:39:51,638 INFO  server.RaftServerConfigKeys (ConfUtils.java:logGet(43)) - raft.server.log.write.buffer.size = 33554432 (custom)
2019-06-15 12:39:51,638 INFO  server.RaftServerConfigKeys (ConfUtils.java:logGet(43)) - raft.server.log.force.sync.num = 128 (default)
2019-06-15 12:39:51,638 INFO  server.RaftServerConfigKeys (ConfUtils.java:logGet(43)) - raft.server.log.statemachine.data.sync = true (default)
2019-06-15 12:39:51,638 INFO  server.RaftServerConfigKeys (ConfUtils.java:logGet(43)) - raft.server.log.statemachine.data.sync.timeout = 10s (default)
2019-06-15 12:39:51,638 INFO  server.RaftServerConfigKeys (ConfUtils.java:logGet(43)) - raft.server.log.statemachine.data.sync.timeout.retry = -1 (default)
2019-06-15 12:39:51,638 INFO  server.RaftServerConfigKeys (ConfUtils.java:logGet(43)) - raft.server.log.statemachine.data.caching.enabled = true (custom)
2019-06-15 12:39:51,639 INFO  server.RaftServerConfigKeys (ConfUtils.java:logGet(43)) - raft.server.snapshot.auto.trigger.enabled = true (custom)
2019-06-15 12:39:51,639 INFO  server.RaftServerConfigKeys (ConfUtils.java:logGet(43)) - raft.server.snapshot.auto.trigger.threshold = 10000 (custom)
2019-06-15 12:39:51,639 INFO  server.RaftServerConfigKeys (ConfUtils.java:logGet(43)) - raft.server.retrycache.expirytime = 600000ms (custom)
2019-06-15 12:39:51,639 INFO  impl.RaftServerImpl (RaftServerImpl.java:start(173)) - 451719f8-b77c-4f16-9dab-fd6b136b9f81: start group-544A3438F498
2019-06-15 12:39:51,639 INFO  impl.RaftServerImpl (RaftServerImpl.java:setRole(164)) - 451719f8-b77c-4f16-9dab-fd6b136b9f81:group-544A3438F498 changes role from null to FOLLOWER at term 0 for startAsFollower
2019-06-15 12:39:51,639 INFO  impl.RoleInfo (RoleInfo.java:updateAndGet(143)) - 451719f8-b77c-4f16-9dab-fd6b136b9f81: start FollowerState
2019-06-15 12:39:51,639 INFO  util.JmxRegister (JmxRegister.java:tryRegister(44)) - Successfully registered JMX Bean with object name Ratis:service=RaftServer,group=group-544A3438F498,id=451719f8-b77c-4f16-9dab-fd6b136b9f81
2019-06-15 12:39:51,640 INFO  pipeline.PipelineStateManager (PipelineStateManager.java:addPipeline(56)) - Created pipeline Pipeline[ Id: 4f352626-1fe4-4e5e-85de-544a3438f498, Nodes: 451719f8-b77c-4f16-9dab-fd6b136b9f81{ip: 192.168.105.164, host: ozone-unit-076618677d3-c6b4w-525960908, networkLocation: /default-rack, certSerialId: null}, Type:RATIS, Factor:ONE, State:OPEN]
2019-06-15 12:39:51,645 INFO  impl.RaftServerProxy (RaftServerProxy.java:addNew(89)) - 13c5b6a3-3702-40b3-a56f-a0fd2aac6a73: addNew group-40FC5647CB41:[451719f8-b77c-4f16-9dab-fd6b136b9f81:192.168.105.164:36553, 56c4b9ac-42f0-4a1e-956c-35b176a673da:192.168.105.164:36725, 13c5b6a3-3702-40b3-a56f-a0fd2aac6a73:192.168.105.164:46737] returns group-40FC5647CB41:java.util.concurrent.CompletableFuture@2a337f4f[Not completed]
2019-06-15 12:39:51,648 INFO  impl.RaftServerImpl (RaftServerImpl.java:<init>(91)) - 13c5b6a3-3702-40b3-a56f-a0fd2aac6a73: new RaftServerImpl for group-40FC5647CB41:[451719f8-b77c-4f16-9dab-fd6b136b9f81:192.168.105.164:36553, 56c4b9ac-42f0-4a1e-956c-35b176a673da:192.168.105.164:36725, 13c5b6a3-3702-40b3-a56f-a0fd2aac6a73:192.168.105.164:46737] with ContainerStateMachine:uninitialized
2019-06-15 12:39:51,648 INFO  server.RaftServerConfigKeys (ConfUtils.java:logGet(43)) - raft.server.rpc.timeout.min = 1s (custom)
2019-06-15 12:39:51,648 INFO  server.RaftServerConfigKeys (ConfUtils.java:logGet(43)) - raft.server.rpc.timeout.max = 1200ms (custom)
2019-06-15 12:39:51,648 INFO  server.RaftServerConfigKeys (ConfUtils.java:logGet(43)) - raft.server.rpcslowness.timeout = 120s (custom)
2019-06-15 12:39:51,648 INFO  server.RaftServerConfigKeys (ConfUtils.java:logGet(43)) - raft.server.log.appender.install.snapshot.enabled = true (default)
2019-06-15 12:39:51,648 INFO  impl.RaftServerImpl (ServerState.java:<init>(101)) - 13c5b6a3-3702-40b3-a56f-a0fd2aac6a73:group-40FC5647CB41 ConfigurationManager, init=-1: [451719f8-b77c-4f16-9dab-fd6b136b9f81:192.168.105.164:36553, 56c4b9ac-42f0-4a1e-956c-35b176a673da:192.168.105.164:36725, 13c5b6a3-3702-40b3-a56f-a0fd2aac6a73:192.168.105.164:46737], old=null, confs=<EMPTY_MAP>
2019-06-15 12:39:51,648 INFO  server.RaftServerConfigKeys (ConfUtils.java:logGet(43)) - raft.server.storage.dir = [/opt/src/hadoop-ozone/integration-test/target/test-dir/MiniOzoneClusterImpl-a121c850-4c15-4c09-876e-ef2f648035fb/datanode-1/data/ratis] (custom)
2019-06-15 12:39:51,649 INFO  storage.RaftStorageDirectory (RaftStorageDirectory.java:analyzeStorage(246)) - The storage directory /opt/src/hadoop-ozone/integration-test/target/test-dir/MiniOzoneClusterImpl-a121c850-4c15-4c09-876e-ef2f648035fb/datanode-1/data/ratis/271212ad-2d3a-4c75-b0a0-40fc5647cb41 does not exist. Creating ...
2019-06-15 12:39:51,649 INFO  impl.RaftServerProxy (RaftServerProxy.java:addNew(89)) - 451719f8-b77c-4f16-9dab-fd6b136b9f81: addNew group-40FC5647CB41:[451719f8-b77c-4f16-9dab-fd6b136b9f81:192.168.105.164:36553, 56c4b9ac-42f0-4a1e-956c-35b176a673da:192.168.105.164:36725, 13c5b6a3-3702-40b3-a56f-a0fd2aac6a73:192.168.105.164:46737] returns group-40FC5647CB41:java.util.concurrent.CompletableFuture@18de255c[Not completed]
2019-06-15 12:39:51,650 INFO  impl.RaftServerImpl (RaftServerImpl.java:<init>(91)) - 451719f8-b77c-4f16-9dab-fd6b136b9f81: new RaftServerImpl for group-40FC5647CB41:[451719f8-b77c-4f16-9dab-fd6b136b9f81:192.168.105.164:36553, 56c4b9ac-42f0-4a1e-956c-35b176a673da:192.168.105.164:36725, 13c5b6a3-3702-40b3-a56f-a0fd2aac6a73:192.168.105.164:46737] with ContainerStateMachine:uninitialized
2019-06-15 12:39:51,650 INFO  server.RaftServerConfigKeys (ConfUtils.java:logGet(43)) - raft.server.rpc.timeout.min = 1s (custom)
2019-06-15 12:39:51,650 INFO  server.RaftServerConfigKeys (ConfUtils.java:logGet(43)) - raft.server.rpc.timeout.max = 1200ms (custom)
2019-06-15 12:39:51,650 INFO  server.RaftServerConfigKeys (ConfUtils.java:logGet(43)) - raft.server.rpcslowness.timeout = 120s (custom)
2019-06-15 12:39:51,650 INFO  server.RaftServerConfigKeys (ConfUtils.java:logGet(43)) - raft.server.log.appender.install.snapshot.enabled = true (default)
2019-06-15 12:39:51,650 INFO  impl.RaftServerImpl (ServerState.java:<init>(101)) - 451719f8-b77c-4f16-9dab-fd6b136b9f81:group-40FC5647CB41 ConfigurationManager, init=-1: [451719f8-b77c-4f16-9dab-fd6b136b9f81:192.168.105.164:36553, 56c4b9ac-42f0-4a1e-956c-35b176a673da:192.168.105.164:36725, 13c5b6a3-3702-40b3-a56f-a0fd2aac6a73:192.168.105.164:46737], old=null, confs=<EMPTY_MAP>
2019-06-15 12:39:51,650 INFO  server.RaftServerConfigKeys (ConfUtils.java:logGet(43)) - raft.server.storage.dir = [/opt/src/hadoop-ozone/integration-test/target/test-dir/MiniOzoneClusterImpl-a121c850-4c15-4c09-876e-ef2f648035fb/datanode-2/data/ratis] (custom)
2019-06-15 12:39:51,650 INFO  storage.RaftStorageDirectory (RaftStorageDirectory.java:analyzeStorage(246)) - The storage directory /opt/src/hadoop-ozone/integration-test/target/test-dir/MiniOzoneClusterImpl-a121c850-4c15-4c09-876e-ef2f648035fb/datanode-2/data/ratis/271212ad-2d3a-4c75-b0a0-40fc5647cb41 does not exist. Creating ...
2019-06-15 12:39:51,650 INFO  impl.RaftServerProxy (RaftServerProxy.java:addNew(89)) - 56c4b9ac-42f0-4a1e-956c-35b176a673da: addNew group-40FC5647CB41:[451719f8-b77c-4f16-9dab-fd6b136b9f81:192.168.105.164:36553, 56c4b9ac-42f0-4a1e-956c-35b176a673da:192.168.105.164:36725, 13c5b6a3-3702-40b3-a56f-a0fd2aac6a73:192.168.105.164:46737] returns group-40FC5647CB41:java.util.concurrent.CompletableFuture@40e2436c[Not completed]
2019-06-15 12:39:51,651 INFO  impl.RaftServerImpl (RaftServerImpl.java:<init>(91)) - 56c4b9ac-42f0-4a1e-956c-35b176a673da: new RaftServerImpl for group-40FC5647CB41:[451719f8-b77c-4f16-9dab-fd6b136b9f81:192.168.105.164:36553, 56c4b9ac-42f0-4a1e-956c-35b176a673da:192.168.105.164:36725, 13c5b6a3-3702-40b3-a56f-a0fd2aac6a73:192.168.105.164:46737] with ContainerStateMachine:uninitialized
2019-06-15 12:39:51,651 INFO  server.RaftServerConfigKeys (ConfUtils.java:logGet(43)) - raft.server.rpc.timeout.min = 1s (custom)
2019-06-15 12:39:51,651 INFO  server.RaftServerConfigKeys (ConfUtils.java:logGet(43)) - raft.server.rpc.timeout.max = 1200ms (custom)
2019-06-15 12:39:51,651 INFO  server.RaftServerConfigKeys (ConfUtils.java:logGet(43)) - raft.server.rpcslowness.timeout = 120s (custom)
2019-06-15 12:39:51,651 INFO  server.RaftServerConfigKeys (ConfUtils.java:logGet(43)) - raft.server.log.appender.install.snapshot.enabled = true (default)
2019-06-15 12:39:51,651 INFO  impl.RaftServerImpl (ServerState.java:<init>(101)) - 56c4b9ac-42f0-4a1e-956c-35b176a673da:group-40FC5647CB41 ConfigurationManager, init=-1: [451719f8-b77c-4f16-9dab-fd6b136b9f81:192.168.105.164:36553, 56c4b9ac-42f0-4a1e-956c-35b176a673da:192.168.105.164:36725, 13c5b6a3-3702-40b3-a56f-a0fd2aac6a73:192.168.105.164:46737], old=null, confs=<EMPTY_MAP>
2019-06-15 12:39:51,651 INFO  server.RaftServerConfigKeys (ConfUtils.java:logGet(43)) - raft.server.storage.dir = [/opt/src/hadoop-ozone/integration-test/target/test-dir/MiniOzoneClusterImpl-a121c850-4c15-4c09-876e-ef2f648035fb/datanode-0/data/ratis] (custom)
2019-06-15 12:39:51,652 INFO  storage.RaftStorageDirectory (RaftStorageDirectory.java:analyzeStorage(246)) - The storage directory /opt/src/hadoop-ozone/integration-test/target/test-dir/MiniOzoneClusterImpl-a121c850-4c15-4c09-876e-ef2f648035fb/datanode-0/data/ratis/271212ad-2d3a-4c75-b0a0-40fc5647cb41 does not exist. Creating ...
2019-06-15 12:39:51,652 INFO  storage.RaftStorageDirectory (RaftStorageDirectory.java:tryLock(328)) - Lock on /opt/src/hadoop-ozone/integration-test/target/test-dir/MiniOzoneClusterImpl-a121c850-4c15-4c09-876e-ef2f648035fb/datanode-1/data/ratis/271212ad-2d3a-4c75-b0a0-40fc5647cb41/in_use.lock acquired by nodename 14802@ozone-unit-076618677d3-c6b4w-525960908
2019-06-15 12:39:51,652 INFO  storage.RaftStorageDirectory (RaftStorageDirectory.java:tryLock(328)) - Lock on /opt/src/hadoop-ozone/integration-test/target/test-dir/MiniOzoneClusterImpl-a121c850-4c15-4c09-876e-ef2f648035fb/datanode-2/data/ratis/271212ad-2d3a-4c75-b0a0-40fc5647cb41/in_use.lock acquired by nodename 14802@ozone-unit-076618677d3-c6b4w-525960908
2019-06-15 12:39:51,654 INFO  storage.RaftStorageDirectory (RaftStorageDirectory.java:tryLock(328)) - Lock on /opt/src/hadoop-ozone/integration-test/target/test-dir/MiniOzoneClusterImpl-a121c850-4c15-4c09-876e-ef2f648035fb/datanode-0/data/ratis/271212ad-2d3a-4c75-b0a0-40fc5647cb41/in_use.lock acquired by nodename 14802@ozone-unit-076618677d3-c6b4w-525960908
2019-06-15 12:39:51,655 INFO  storage.RaftStorage (RaftStorage.java:format(75)) - Storage directory /opt/src/hadoop-ozone/integration-test/target/test-dir/MiniOzoneClusterImpl-a121c850-4c15-4c09-876e-ef2f648035fb/datanode-2/data/ratis/271212ad-2d3a-4c75-b0a0-40fc5647cb41 has been successfully formatted.
2019-06-15 12:39:51,655 INFO  storage.RaftStorage (RaftStorage.java:format(75)) - Storage directory /opt/src/hadoop-ozone/integration-test/target/test-dir/MiniOzoneClusterImpl-a121c850-4c15-4c09-876e-ef2f648035fb/datanode-1/data/ratis/271212ad-2d3a-4c75-b0a0-40fc5647cb41 has been successfully formatted.
2019-06-15 12:39:51,655 INFO  ratis.ContainerStateMachine (ContainerStateMachine.java:loadSnapshot(199)) - The snapshot info is null.Setting the last applied index to:(t:0, i:~)
2019-06-15 12:39:51,655 INFO  server.RaftServerConfigKeys (ConfUtils.java:logGet(43)) - raft.server.leader.election.timeout = 120s (custom)
2019-06-15 12:39:51,656 INFO  server.RaftServerConfigKeys (ConfUtils.java:logGet(43)) - raft.server.log.use.memory = false (default)
2019-06-15 12:39:51,656 INFO  server.RaftServerConfigKeys (ConfUtils.java:logGet(43)) - raft.server.log.appender.buffer.byte-limit = 33554432 (custom)
2019-06-15 12:39:51,656 INFO  server.RaftServerConfigKeys (ConfUtils.java:logGet(43)) - raft.server.log.segment.size.max = 16384 (custom)
2019-06-15 12:39:51,656 INFO  server.RaftServerConfigKeys (ConfUtils.java:logGet(43)) - raft.server.log.segment.cache.num.max = 2 (custom)
2019-06-15 12:39:51,656 INFO  storage.RaftLogWorker (RaftLogWorker.java:<init>(123)) - new 451719f8-b77c-4f16-9dab-fd6b136b9f81-RaftLogWorker for Storage Directory /opt/src/hadoop-ozone/integration-test/target/test-dir/MiniOzoneClusterImpl-a121c850-4c15-4c09-876e-ef2f648035fb/datanode-2/data/ratis/271212ad-2d3a-4c75-b0a0-40fc5647cb41
2019-06-15 12:39:51,656 INFO  server.RaftServerConfigKeys (ConfUtils.java:logGet(43)) - raft.server.log.queue.byte-limit = 2147483647 (custom)
2019-06-15 12:39:51,656 INFO  server.RaftServerConfigKeys (ConfUtils.java:logGet(43)) - raft.server.log.queue.element-limit = 1024 (custom)
2019-06-15 12:39:51,656 INFO  server.RaftServerConfigKeys (ConfUtils.java:logGet(43)) - raft.server.log.segment.size.max = 16384 (custom)
2019-06-15 12:39:51,656 INFO  server.RaftServerConfigKeys (ConfUtils.java:logGet(43)) - raft.server.log.preallocated.size = 16384 (custom)
2019-06-15 12:39:51,656 INFO  server.RaftServerConfigKeys (ConfUtils.java:logGet(43)) - raft.server.log.write.buffer.size = 33554432 (custom)
2019-06-15 12:39:51,656 INFO  server.RaftServerConfigKeys (ConfUtils.java:logGet(43)) - raft.server.log.force.sync.num = 128 (default)
2019-06-15 12:39:51,656 INFO  server.RaftServerConfigKeys (ConfUtils.java:logGet(43)) - raft.server.log.statemachine.data.sync = true (default)
2019-06-15 12:39:51,656 INFO  ratis.ContainerStateMachine (ContainerStateMachine.java:loadSnapshot(199)) - The snapshot info is null.Setting the last applied index to:(t:0, i:~)
2019-06-15 12:39:51,656 INFO  server.RaftServerConfigKeys (ConfUtils.java:logGet(43)) - raft.server.log.statemachine.data.sync.timeout = 10s (default)
2019-06-15 12:39:51,656 INFO  server.RaftServerConfigKeys (ConfUtils.java:logGet(43)) - raft.server.leader.election.timeout = 120s (custom)
2019-06-15 12:39:51,656 INFO  server.RaftServerConfigKeys (ConfUtils.java:logGet(43)) - raft.server.log.statemachine.data.sync.timeout.retry = -1 (default)
2019-06-15 12:39:51,656 INFO  server.RaftServerConfigKeys (ConfUtils.java:logGet(43)) - raft.server.log.use.memory = false (default)
2019-06-15 12:39:51,656 INFO  server.RaftServerConfigKeys (ConfUtils.java:logGet(43)) - raft.server.log.statemachine.data.caching.enabled = true (custom)
2019-06-15 12:39:51,657 INFO  server.RaftServerConfigKeys (ConfUtils.java:logGet(43)) - raft.server.log.appender.buffer.byte-limit = 33554432 (custom)
2019-06-15 12:39:51,657 INFO  storage.RaftStorage (RaftStorage.java:format(75)) - Storage directory /opt/src/hadoop-ozone/integration-test/target/test-dir/MiniOzoneClusterImpl-a121c850-4c15-4c09-876e-ef2f648035fb/datanode-0/data/ratis/271212ad-2d3a-4c75-b0a0-40fc5647cb41 has been successfully formatted.
2019-06-15 12:39:51,657 INFO  server.RaftServerConfigKeys (ConfUtils.java:logGet(43)) - raft.server.snapshot.auto.trigger.enabled = true (custom)
2019-06-15 12:39:51,657 INFO  server.RaftServerConfigKeys (ConfUtils.java:logGet(43)) - raft.server.log.segment.size.max = 16384 (custom)
2019-06-15 12:39:51,657 INFO  server.RaftServerConfigKeys (ConfUtils.java:logGet(43)) - raft.server.snapshot.auto.trigger.threshold = 10000 (custom)
2019-06-15 12:39:51,657 INFO  ratis.ContainerStateMachine (ContainerStateMachine.java:loadSnapshot(199)) - The snapshot info is null.Setting the last applied index to:(t:0, i:~)
2019-06-15 12:39:51,657 INFO  server.RaftServerConfigKeys (ConfUtils.java:logGet(43)) - raft.server.retrycache.expirytime = 600000ms (custom)
2019-06-15 12:39:51,657 INFO  server.RaftServerConfigKeys (ConfUtils.java:logGet(43)) - raft.server.log.segment.cache.num.max = 2 (custom)
2019-06-15 12:39:51,657 INFO  impl.RaftServerImpl (RaftServerImpl.java:start(173)) - 451719f8-b77c-4f16-9dab-fd6b136b9f81: start group-40FC5647CB41
2019-06-15 12:39:51,657 INFO  server.RaftServerConfigKeys (ConfUtils.java:logGet(43)) - raft.server.leader.election.timeout = 120s (custom)
2019-06-15 12:39:51,657 INFO  impl.RaftServerImpl (RaftServerImpl.java:setRole(164)) - 451719f8-b77c-4f16-9dab-fd6b136b9f81:group-40FC5647CB41 changes role from null to FOLLOWER at term 0 for startAsFollower
2019-06-15 12:39:51,657 INFO  storage.RaftLogWorker (RaftLogWorker.java:<init>(123)) - new 13c5b6a3-3702-40b3-a56f-a0fd2aac6a73-RaftLogWorker for Storage Directory /opt/src/hadoop-ozone/integration-test/target/test-dir/MiniOzoneClusterImpl-a121c850-4c15-4c09-876e-ef2f648035fb/datanode-1/data/ratis/271212ad-2d3a-4c75-b0a0-40fc5647cb41
2019-06-15 12:39:51,657 INFO  impl.RoleInfo (RoleInfo.java:updateAndGet(143)) - 451719f8-b77c-4f16-9dab-fd6b136b9f81: start FollowerState
2019-06-15 12:39:51,657 INFO  server.RaftServerConfigKeys (ConfUtils.java:logGet(43)) - raft.server.log.use.memory = false (default)
2019-06-15 12:39:51,657 INFO  server.RaftServerConfigKeys (ConfUtils.java:logGet(43)) - raft.server.log.queue.byte-limit = 2147483647 (custom)
2019-06-15 12:39:51,658 INFO  util.JmxRegister (JmxRegister.java:tryRegister(44)) - Successfully registered JMX Bean with object name Ratis:service=RaftServer,group=group-40FC5647CB41,id=451719f8-b77c-4f16-9dab-fd6b136b9f81
2019-06-15 12:39:51,657 INFO  server.RaftServerConfigKeys (ConfUtils.java:logGet(43)) - raft.server.log.appender.buffer.byte-limit = 33554432 (custom)
2019-06-15 12:39:51,658 INFO  server.RaftServerConfigKeys (ConfUtils.java:logGet(43)) - raft.server.log.queue.element-limit = 1024 (custom)
2019-06-15 12:39:51,658 INFO  server.RaftServerConfigKeys (ConfUtils.java:logGet(43)) - raft.server.log.segment.size.max = 16384 (custom)
2019-06-15 12:39:51,658 INFO  server.RaftServerConfigKeys (ConfUtils.java:logGet(43)) - raft.server.log.segment.size.max = 16384 (custom)
2019-06-15 12:39:51,658 INFO  server.RaftServerConfigKeys (ConfUtils.java:logGet(43)) - raft.server.log.segment.cache.num.max = 2 (custom)
2019-06-15 12:39:51,658 INFO  storage.RaftLogWorker (RaftLogWorker.java:<init>(123)) - new 56c4b9ac-42f0-4a1e-956c-35b176a673da-RaftLogWorker for Storage Directory /opt/src/hadoop-ozone/integration-test/target/test-dir/MiniOzoneClusterImpl-a121c850-4c15-4c09-876e-ef2f648035fb/datanode-0/data/ratis/271212ad-2d3a-4c75-b0a0-40fc5647cb41
2019-06-15 12:39:51,658 INFO  server.RaftServerConfigKeys (ConfUtils.java:logGet(43)) - raft.server.log.preallocated.size = 16384 (custom)
2019-06-15 12:39:51,658 INFO  server.RaftServerConfigKeys (ConfUtils.java:logGet(43)) - raft.server.log.queue.byte-limit = 2147483647 (custom)
2019-06-15 12:39:51,658 INFO  server.RaftServerConfigKeys (ConfUtils.java:logGet(43)) - raft.server.log.queue.element-limit = 1024 (custom)
2019-06-15 12:39:51,658 INFO  server.RaftServerConfigKeys (ConfUtils.java:logGet(43)) - raft.server.log.write.buffer.size = 33554432 (custom)
2019-06-15 12:39:51,658 INFO  server.RaftServerConfigKeys (ConfUtils.java:logGet(43)) - raft.server.log.segment.size.max = 16384 (custom)
2019-06-15 12:39:51,659 INFO  server.RaftServerConfigKeys (ConfUtils.java:logGet(43)) - raft.server.log.preallocated.size = 16384 (custom)
2019-06-15 12:39:51,658 INFO  server.RaftServerConfigKeys (ConfUtils.java:logGet(43)) - raft.server.log.force.sync.num = 128 (default)
2019-06-15 12:39:51,659 INFO  server.RaftServerConfigKeys (ConfUtils.java:logGet(43)) - raft.server.log.write.buffer.size = 33554432 (custom)
2019-06-15 12:39:51,659 INFO  server.RaftServerConfigKeys (ConfUtils.java:logGet(43)) - raft.server.log.force.sync.num = 128 (default)
2019-06-15 12:39:51,659 INFO  server.RaftServerConfigKeys (ConfUtils.java:logGet(43)) - raft.server.log.statemachine.data.sync = true (default)
2019-06-15 12:39:51,659 INFO  server.RaftServerConfigKeys (ConfUtils.java:logGet(43)) - raft.server.log.statemachine.data.sync = true (default)
2019-06-15 12:39:51,659 INFO  server.RaftServerConfigKeys (ConfUtils.java:logGet(43)) - raft.server.log.statemachine.data.sync.timeout = 10s (default)
2019-06-15 12:39:51,659 INFO  server.RaftServerConfigKeys (ConfUtils.java:logGet(43)) - raft.server.log.statemachine.data.sync.timeout = 10s (default)
2019-06-15 12:39:51,659 INFO  server.RaftServerConfigKeys (ConfUtils.java:logGet(43)) - raft.server.log.statemachine.data.sync.timeout.retry = -1 (default)
2019-06-15 12:39:51,659 INFO  server.RaftServerConfigKeys (ConfUtils.java:logGet(43)) - raft.server.log.statemachine.data.sync.timeout.retry = -1 (default)
2019-06-15 12:39:51,660 INFO  server.RaftServerConfigKeys (ConfUtils.java:logGet(43)) - raft.server.log.statemachine.data.caching.enabled = true (custom)
2019-06-15 12:39:51,660 INFO  server.RaftServerConfigKeys (ConfUtils.java:logGet(43)) - raft.server.log.statemachine.data.caching.enabled = true (custom)
2019-06-15 12:39:51,660 INFO  server.RaftServerConfigKeys (ConfUtils.java:logGet(43)) - raft.server.snapshot.auto.trigger.enabled = true (custom)
2019-06-15 12:39:51,660 INFO  server.RaftServerConfigKeys (ConfUtils.java:logGet(43)) - raft.server.snapshot.auto.trigger.threshold = 10000 (custom)
2019-06-15 12:39:51,660 INFO  server.RaftServerConfigKeys (ConfUtils.java:logGet(43)) - raft.server.snapshot.auto.trigger.enabled = true (custom)
2019-06-15 12:39:51,660 INFO  server.RaftServerConfigKeys (ConfUtils.java:logGet(43)) - raft.server.retrycache.expirytime = 600000ms (custom)
2019-06-15 12:39:51,660 INFO  server.RaftServerConfigKeys (ConfUtils.java:logGet(43)) - raft.server.snapshot.auto.trigger.threshold = 10000 (custom)
2019-06-15 12:39:51,661 INFO  impl.RaftServerImpl (RaftServerImpl.java:start(173)) - 56c4b9ac-42f0-4a1e-956c-35b176a673da: start group-40FC5647CB41
2019-06-15 12:39:51,661 INFO  server.RaftServerConfigKeys (ConfUtils.java:logGet(43)) - raft.server.retrycache.expirytime = 600000ms (custom)
2019-06-15 12:39:51,661 INFO  impl.RaftServerImpl (RaftServerImpl.java:setRole(164)) - 56c4b9ac-42f0-4a1e-956c-35b176a673da:group-40FC5647CB41 changes role from null to FOLLOWER at term 0 for startAsFollower
2019-06-15 12:39:51,661 INFO  impl.RaftServerImpl (RaftServerImpl.java:start(173)) - 13c5b6a3-3702-40b3-a56f-a0fd2aac6a73: start group-40FC5647CB41
2019-06-15 12:39:51,661 INFO  impl.RoleInfo (RoleInfo.java:updateAndGet(143)) - 56c4b9ac-42f0-4a1e-956c-35b176a673da: start FollowerState
2019-06-15 12:39:51,661 INFO  impl.RaftServerImpl (RaftServerImpl.java:setRole(164)) - 13c5b6a3-3702-40b3-a56f-a0fd2aac6a73:group-40FC5647CB41 changes role from null to FOLLOWER at term 0 for startAsFollower
2019-06-15 12:39:51,661 INFO  impl.RoleInfo (RoleInfo.java:updateAndGet(143)) - 13c5b6a3-3702-40b3-a56f-a0fd2aac6a73: start FollowerState
2019-06-15 12:39:51,661 INFO  util.JmxRegister (JmxRegister.java:tryRegister(44)) - Successfully registered JMX Bean with object name Ratis:service=RaftServer,group=group-40FC5647CB41,id=56c4b9ac-42f0-4a1e-956c-35b176a673da
2019-06-15 12:39:51,661 INFO  util.JmxRegister (JmxRegister.java:tryRegister(44)) - Successfully registered JMX Bean with object name Ratis:service=RaftServer,group=group-40FC5647CB41,id=13c5b6a3-3702-40b3-a56f-a0fd2aac6a73
2019-06-15 12:39:51,662 INFO  pipeline.PipelineStateManager (PipelineStateManager.java:addPipeline(56)) - Created pipeline Pipeline[ Id: 271212ad-2d3a-4c75-b0a0-40fc5647cb41, Nodes: 56c4b9ac-42f0-4a1e-956c-35b176a673da{ip: 192.168.105.164, host: ozone-unit-076618677d3-c6b4w-525960908, networkLocation: /default-rack, certSerialId: null}13c5b6a3-3702-40b3-a56f-a0fd2aac6a73{ip: 192.168.105.164, host: ozone-unit-076618677d3-c6b4w-525960908, networkLocation: /default-rack, certSerialId: null}451719f8-b77c-4f16-9dab-fd6b136b9f81{ip: 192.168.105.164, host: ozone-unit-076618677d3-c6b4w-525960908, networkLocation: /default-rack, certSerialId: null}, Type:RATIS, Factor:THREE, State:OPEN]
2019-06-15 12:39:51,752 INFO  node.SCMNodeManager (SCMNodeManager.java:register(269)) - Registered Data node : a0d4c14e-3bf9-423f-8883-cd55a775c0a8{ip: 192.168.105.164, host: ozone-unit-076618677d3-c6b4w-525960908, networkLocation: /default-rack, certSerialId: null}
2019-06-15 12:39:51,757 INFO  impl.RaftServerProxy (RaftServerProxy.java:addNew(89)) - a0d4c14e-3bf9-423f-8883-cd55a775c0a8: addNew group-8118D1B572DA:[a0d4c14e-3bf9-423f-8883-cd55a775c0a8:192.168.105.164:36885] returns group-8118D1B572DA:java.util.concurrent.CompletableFuture@7d67944d[Not completed]
2019-06-15 12:39:51,757 INFO  impl.RaftServerImpl (RaftServerImpl.java:<init>(91)) - a0d4c14e-3bf9-423f-8883-cd55a775c0a8: new RaftServerImpl for group-8118D1B572DA:[a0d4c14e-3bf9-423f-8883-cd55a775c0a8:192.168.105.164:36885] with ContainerStateMachine:uninitialized
2019-06-15 12:39:51,757 INFO  server.RaftServerConfigKeys (ConfUtils.java:logGet(43)) - raft.server.rpc.timeout.min = 1s (custom)
2019-06-15 12:39:51,757 INFO  server.RaftServerConfigKeys (ConfUtils.java:logGet(43)) - raft.server.rpc.timeout.max = 1200ms (custom)
2019-06-15 12:39:51,757 INFO  server.RaftServerConfigKeys (ConfUtils.java:logGet(43)) - raft.server.rpcslowness.timeout = 120s (custom)
2019-06-15 12:39:51,757 INFO  server.RaftServerConfigKeys (ConfUtils.java:logGet(43)) - raft.server.log.appender.install.snapshot.enabled = true (default)
2019-06-15 12:39:51,757 INFO  impl.RaftServerImpl (ServerState.java:<init>(101)) - a0d4c14e-3bf9-423f-8883-cd55a775c0a8:group-8118D1B572DA ConfigurationManager, init=-1: [a0d4c14e-3bf9-423f-8883-cd55a775c0a8:192.168.105.164:36885], old=null, confs=<EMPTY_MAP>
2019-06-15 12:39:51,757 INFO  server.RaftServerConfigKeys (ConfUtils.java:logGet(43)) - raft.server.storage.dir = [/opt/src/hadoop-ozone/integration-test/target/test-dir/MiniOzoneClusterImpl-a121c850-4c15-4c09-876e-ef2f648035fb/datanode-3/data/ratis] (custom)
2019-06-15 12:39:51,757 INFO  storage.RaftStorageDirectory (RaftStorageDirectory.java:analyzeStorage(246)) - The storage directory /opt/src/hadoop-ozone/integration-test/target/test-dir/MiniOzoneClusterImpl-a121c850-4c15-4c09-876e-ef2f648035fb/datanode-3/data/ratis/196e43b5-abfd-4801-bc09-8118d1b572da does not exist. Creating ...
2019-06-15 12:39:51,760 INFO  storage.RaftStorageDirectory (RaftStorageDirectory.java:tryLock(328)) - Lock on /opt/src/hadoop-ozone/integration-test/target/test-dir/MiniOzoneClusterImpl-a121c850-4c15-4c09-876e-ef2f648035fb/datanode-3/data/ratis/196e43b5-abfd-4801-bc09-8118d1b572da/in_use.lock acquired by nodename 14802@ozone-unit-076618677d3-c6b4w-525960908
2019-06-15 12:39:51,762 INFO  storage.RaftStorage (RaftStorage.java:format(75)) - Storage directory /opt/src/hadoop-ozone/integration-test/target/test-dir/MiniOzoneClusterImpl-a121c850-4c15-4c09-876e-ef2f648035fb/datanode-3/data/ratis/196e43b5-abfd-4801-bc09-8118d1b572da has been successfully formatted.
2019-06-15 12:39:51,762 INFO  ratis.ContainerStateMachine (ContainerStateMachine.java:loadSnapshot(199)) - The snapshot info is null.Setting the last applied index to:(t:0, i:~)
2019-06-15 12:39:51,762 INFO  server.RaftServerConfigKeys (ConfUtils.java:logGet(43)) - raft.server.leader.election.timeout = 120s (custom)
2019-06-15 12:39:51,762 INFO  server.RaftServerConfigKeys (ConfUtils.java:logGet(43)) - raft.server.log.use.memory = false (default)
2019-06-15 12:39:51,762 INFO  server.RaftServerConfigKeys (ConfUtils.java:logGet(43)) - raft.server.log.appender.buffer.byte-limit = 33554432 (custom)
2019-06-15 12:39:51,762 INFO  server.RaftServerConfigKeys (ConfUtils.java:logGet(43)) - raft.server.log.segment.size.max = 16384 (custom)
2019-06-15 12:39:51,762 INFO  server.RaftServerConfigKeys (ConfUtils.java:logGet(43)) - raft.server.log.segment.cache.num.max = 2 (custom)
2019-06-15 12:39:51,762 INFO  storage.RaftLogWorker (RaftLogWorker.java:<init>(123)) - new a0d4c14e-3bf9-423f-8883-cd55a775c0a8-RaftLogWorker for Storage Directory /opt/src/hadoop-ozone/integration-test/target/test-dir/MiniOzoneClusterImpl-a121c850-4c15-4c09-876e-ef2f648035fb/datanode-3/data/ratis/196e43b5-abfd-4801-bc09-8118d1b572da
2019-06-15 12:39:51,762 INFO  server.RaftServerConfigKeys (ConfUtils.java:logGet(43)) - raft.server.log.queue.byte-limit = 2147483647 (custom)
2019-06-15 12:39:51,762 INFO  server.RaftServerConfigKeys (ConfUtils.java:logGet(43)) - raft.server.log.queue.element-limit = 1024 (custom)
2019-06-15 12:39:51,762 INFO  server.RaftServerConfigKeys (ConfUtils.java:logGet(43)) - raft.server.log.segment.size.max = 16384 (custom)
2019-06-15 12:39:51,762 INFO  server.RaftServerConfigKeys (ConfUtils.java:logGet(43)) - raft.server.log.preallocated.size = 16384 (custom)
2019-06-15 12:39:51,762 INFO  server.RaftServerConfigKeys (ConfUtils.java:logGet(43)) - raft.server.log.write.buffer.size = 33554432 (custom)
2019-06-15 12:39:51,762 INFO  server.RaftServerConfigKeys (ConfUtils.java:logGet(43)) - raft.server.log.force.sync.num = 128 (default)
2019-06-15 12:39:51,763 INFO  server.RaftServerConfigKeys (ConfUtils.java:logGet(43)) - raft.server.log.statemachine.data.sync = true (default)
2019-06-15 12:39:51,763 INFO  server.RaftServerConfigKeys (ConfUtils.java:logGet(43)) - raft.server.log.statemachine.data.sync.timeout = 10s (default)
2019-06-15 12:39:51,763 INFO  server.RaftServerConfigKeys (ConfUtils.java:logGet(43)) - raft.server.log.statemachine.data.sync.timeout.retry = -1 (default)
2019-06-15 12:39:51,763 INFO  server.RaftServerConfigKeys (ConfUtils.java:logGet(43)) - raft.server.log.statemachine.data.caching.enabled = true (custom)
2019-06-15 12:39:51,763 INFO  server.RaftServerConfigKeys (ConfUtils.java:logGet(43)) - raft.server.snapshot.auto.trigger.enabled = true (custom)
2019-06-15 12:39:51,763 INFO  server.RaftServerConfigKeys (ConfUtils.java:logGet(43)) - raft.server.snapshot.auto.trigger.threshold = 10000 (custom)
2019-06-15 12:39:51,763 INFO  server.RaftServerConfigKeys (ConfUtils.java:logGet(43)) - raft.server.retrycache.expirytime = 600000ms (custom)
2019-06-15 12:39:51,763 INFO  impl.RaftServerImpl (RaftServerImpl.java:start(173)) - a0d4c14e-3bf9-423f-8883-cd55a775c0a8: start group-8118D1B572DA
2019-06-15 12:39:51,763 INFO  impl.RaftServerImpl (RaftServerImpl.java:setRole(164)) - a0d4c14e-3bf9-423f-8883-cd55a775c0a8:group-8118D1B572DA changes role from null to FOLLOWER at term 0 for startAsFollower
2019-06-15 12:39:51,763 INFO  impl.RoleInfo (RoleInfo.java:updateAndGet(143)) - a0d4c14e-3bf9-423f-8883-cd55a775c0a8: start FollowerState
2019-06-15 12:39:51,763 INFO  util.JmxRegister (JmxRegister.java:tryRegister(44)) - Successfully registered JMX Bean with object name Ratis:service=RaftServer,group=group-8118D1B572DA,id=a0d4c14e-3bf9-423f-8883-cd55a775c0a8
2019-06-15 12:39:51,764 INFO  pipeline.PipelineStateManager (PipelineStateManager.java:addPipeline(56)) - Created pipeline Pipeline[ Id: 196e43b5-abfd-4801-bc09-8118d1b572da, Nodes: a0d4c14e-3bf9-423f-8883-cd55a775c0a8{ip: 192.168.105.164, host: ozone-unit-076618677d3-c6b4w-525960908, networkLocation: /default-rack, certSerialId: null}, Type:RATIS, Factor:ONE, State:OPEN]
2019-06-15 12:39:51,901 INFO  node.SCMNodeManager (SCMNodeManager.java:register(269)) - Registered Data node : 06cd9fbe-2509-41d0-8222-1ef857baf1b0{ip: 192.168.105.164, host: ozone-unit-076618677d3-c6b4w-525960908, networkLocation: /default-rack, certSerialId: null}
2019-06-15 12:39:51,906 INFO  impl.RaftServerProxy (RaftServerProxy.java:addNew(89)) - 06cd9fbe-2509-41d0-8222-1ef857baf1b0: addNew group-D7E2274FBBCA:[06cd9fbe-2509-41d0-8222-1ef857baf1b0:192.168.105.164:43429] returns group-D7E2274FBBCA:java.util.concurrent.CompletableFuture@4b5b0c45[Not completed]
2019-06-15 12:39:51,906 INFO  impl.RaftServerImpl (RaftServerImpl.java:<init>(91)) - 06cd9fbe-2509-41d0-8222-1ef857baf1b0: new RaftServerImpl for group-D7E2274FBBCA:[06cd9fbe-2509-41d0-8222-1ef857baf1b0:192.168.105.164:43429] with ContainerStateMachine:uninitialized
2019-06-15 12:39:51,906 INFO  server.RaftServerConfigKeys (ConfUtils.java:logGet(43)) - raft.server.rpc.timeout.min = 1s (custom)
2019-06-15 12:39:51,906 INFO  server.RaftServerConfigKeys (ConfUtils.java:logGet(43)) - raft.server.rpc.timeout.max = 1200ms (custom)
2019-06-15 12:39:51,906 INFO  server.RaftServerConfigKeys (ConfUtils.java:logGet(43)) - raft.server.rpcslowness.timeout = 120s (custom)
2019-06-15 12:39:51,907 INFO  server.RaftServerConfigKeys (ConfUtils.java:logGet(43)) - raft.server.log.appender.install.snapshot.enabled = true (default)
2019-06-15 12:39:51,907 INFO  impl.RaftServerImpl (ServerState.java:<init>(101)) - 06cd9fbe-2509-41d0-8222-1ef857baf1b0:group-D7E2274FBBCA ConfigurationManager, init=-1: [06cd9fbe-2509-41d0-8222-1ef857baf1b0:192.168.105.164:43429], old=null, confs=<EMPTY_MAP>
2019-06-15 12:39:51,907 INFO  server.RaftServerConfigKeys (ConfUtils.java:logGet(43)) - raft.server.storage.dir = [/opt/src/hadoop-ozone/integration-test/target/test-dir/MiniOzoneClusterImpl-a121c850-4c15-4c09-876e-ef2f648035fb/datanode-4/data/ratis] (custom)
2019-06-15 12:39:51,907 INFO  storage.RaftStorageDirectory (RaftStorageDirectory.java:analyzeStorage(246)) - The storage directory /opt/src/hadoop-ozone/integration-test/target/test-dir/MiniOzoneClusterImpl-a121c850-4c15-4c09-876e-ef2f648035fb/datanode-4/data/ratis/82ce9290-6be5-474c-a499-d7e2274fbbca does not exist. Creating ...
2019-06-15 12:39:51,909 INFO  storage.RaftStorageDirectory (RaftStorageDirectory.java:tryLock(328)) - Lock on /opt/src/hadoop-ozone/integration-test/target/test-dir/MiniOzoneClusterImpl-a121c850-4c15-4c09-876e-ef2f648035fb/datanode-4/data/ratis/82ce9290-6be5-474c-a499-d7e2274fbbca/in_use.lock acquired by nodename 14802@ozone-unit-076618677d3-c6b4w-525960908
2019-06-15 12:39:51,911 INFO  storage.RaftStorage (RaftStorage.java:format(75)) - Storage directory /opt/src/hadoop-ozone/integration-test/target/test-dir/MiniOzoneClusterImpl-a121c850-4c15-4c09-876e-ef2f648035fb/datanode-4/data/ratis/82ce9290-6be5-474c-a499-d7e2274fbbca has been successfully formatted.
2019-06-15 12:39:51,911 INFO  ratis.ContainerStateMachine (ContainerStateMachine.java:loadSnapshot(199)) - The snapshot info is null.Setting the last applied index to:(t:0, i:~)
2019-06-15 12:39:51,911 INFO  server.RaftServerConfigKeys (ConfUtils.java:logGet(43)) - raft.server.leader.election.timeout = 120s (custom)
2019-06-15 12:39:51,911 INFO  server.RaftServerConfigKeys (ConfUtils.java:logGet(43)) - raft.server.log.use.memory = false (default)
2019-06-15 12:39:51,911 INFO  server.RaftServerConfigKeys (ConfUtils.java:logGet(43)) - raft.server.log.appender.buffer.byte-limit = 33554432 (custom)
2019-06-15 12:39:51,912 INFO  server.RaftServerConfigKeys (ConfUtils.java:logGet(43)) - raft.server.log.segment.size.max = 16384 (custom)
2019-06-15 12:39:51,912 INFO  server.RaftServerConfigKeys (ConfUtils.java:logGet(43)) - raft.server.log.segment.cache.num.max = 2 (custom)
2019-06-15 12:39:51,912 INFO  storage.RaftLogWorker (RaftLogWorker.java:<init>(123)) - new 06cd9fbe-2509-41d0-8222-1ef857baf1b0-RaftLogWorker for Storage Directory /opt/src/hadoop-ozone/integration-test/target/test-dir/MiniOzoneClusterImpl-a121c850-4c15-4c09-876e-ef2f648035fb/datanode-4/data/ratis/82ce9290-6be5-474c-a499-d7e2274fbbca
2019-06-15 12:39:51,912 INFO  server.RaftServerConfigKeys (ConfUtils.java:logGet(43)) - raft.server.log.queue.byte-limit = 2147483647 (custom)
2019-06-15 12:39:51,912 INFO  server.RaftServerConfigKeys (ConfUtils.java:logGet(43)) - raft.server.log.queue.element-limit = 1024 (custom)
2019-06-15 12:39:51,912 INFO  server.RaftServerConfigKeys (ConfUtils.java:logGet(43)) - raft.server.log.segment.size.max = 16384 (custom)
2019-06-15 12:39:51,912 INFO  server.RaftServerConfigKeys (ConfUtils.java:logGet(43)) - raft.server.log.preallocated.size = 16384 (custom)
2019-06-15 12:39:51,912 INFO  server.RaftServerConfigKeys (ConfUtils.java:logGet(43)) - raft.server.log.write.buffer.size = 33554432 (custom)
2019-06-15 12:39:51,912 INFO  server.RaftServerConfigKeys (ConfUtils.java:logGet(43)) - raft.server.log.force.sync.num = 128 (default)
2019-06-15 12:39:51,912 INFO  server.RaftServerConfigKeys (ConfUtils.java:logGet(43)) - raft.server.log.statemachine.data.sync = true (default)
2019-06-15 12:39:51,912 INFO  server.RaftServerConfigKeys (ConfUtils.java:logGet(43)) - raft.server.log.statemachine.data.sync.timeout = 10s (default)
2019-06-15 12:39:51,912 INFO  server.RaftServerConfigKeys (ConfUtils.java:logGet(43)) - raft.server.log.statemachine.data.sync.timeout.retry = -1 (default)
2019-06-15 12:39:51,912 INFO  server.RaftServerConfigKeys (ConfUtils.java:logGet(43)) - raft.server.log.statemachine.data.caching.enabled = true (custom)
2019-06-15 12:39:51,912 INFO  server.RaftServerConfigKeys (ConfUtils.java:logGet(43)) - raft.server.snapshot.auto.trigger.enabled = true (custom)
2019-06-15 12:39:51,913 INFO  server.RaftServerConfigKeys (ConfUtils.java:logGet(43)) - raft.server.snapshot.auto.trigger.threshold = 10000 (custom)
2019-06-15 12:39:51,913 INFO  server.RaftServerConfigKeys (ConfUtils.java:logGet(43)) - raft.server.retrycache.expirytime = 600000ms (custom)
2019-06-15 12:39:51,913 INFO  impl.RaftServerImpl (RaftServerImpl.java:start(173)) - 06cd9fbe-2509-41d0-8222-1ef857baf1b0: start group-D7E2274FBBCA
2019-06-15 12:39:51,913 INFO  impl.RaftServerImpl (RaftServerImpl.java:setRole(164)) - 06cd9fbe-2509-41d0-8222-1ef857baf1b0:group-D7E2274FBBCA changes role from null to FOLLOWER at term 0 for startAsFollower
2019-06-15 12:39:51,913 INFO  impl.RoleInfo (RoleInfo.java:updateAndGet(143)) - 06cd9fbe-2509-41d0-8222-1ef857baf1b0: start FollowerState
2019-06-15 12:39:51,913 INFO  util.JmxRegister (JmxRegister.java:tryRegister(44)) - Successfully registered JMX Bean with object name Ratis:service=RaftServer,group=group-D7E2274FBBCA,id=06cd9fbe-2509-41d0-8222-1ef857baf1b0
2019-06-15 12:39:51,914 INFO  pipeline.PipelineStateManager (PipelineStateManager.java:addPipeline(56)) - Created pipeline Pipeline[ Id: 82ce9290-6be5-474c-a499-d7e2274fbbca, Nodes: 06cd9fbe-2509-41d0-8222-1ef857baf1b0{ip: 192.168.105.164, host: ozone-unit-076618677d3-c6b4w-525960908, networkLocation: /default-rack, certSerialId: null}, Type:RATIS, Factor:ONE, State:OPEN]
2019-06-15 12:39:52,077 INFO  ozone.MiniOzoneClusterImpl (MiniOzoneClusterImpl.java:lambda$waitForClusterToBeReady$0(142)) - Waiting for cluster to be ready. Got 5 of 6 DN Heartbeats.
2019-06-15 12:39:52,087 INFO  node.SCMNodeManager (SCMNodeManager.java:register(269)) - Registered Data node : be9c5d1f-9356-4cf9-a475-210319e2e11b{ip: 192.168.105.164, host: ozone-unit-076618677d3-c6b4w-525960908, networkLocation: /default-rack, certSerialId: null}
2019-06-15 12:39:52,097 INFO  impl.RaftServerProxy (RaftServerProxy.java:addNew(89)) - be9c5d1f-9356-4cf9-a475-210319e2e11b: addNew group-45C7D6FEFCCB:[be9c5d1f-9356-4cf9-a475-210319e2e11b:192.168.105.164:45471] returns group-45C7D6FEFCCB:java.util.concurrent.CompletableFuture@1847ec79[Not completed]
2019-06-15 12:39:52,097 INFO  impl.RaftServerImpl (RaftServerImpl.java:<init>(91)) - be9c5d1f-9356-4cf9-a475-210319e2e11b: new RaftServerImpl for group-45C7D6FEFCCB:[be9c5d1f-9356-4cf9-a475-210319e2e11b:192.168.105.164:45471] with ContainerStateMachine:uninitialized
2019-06-15 12:39:52,097 INFO  server.RaftServerConfigKeys (ConfUtils.java:logGet(43)) - raft.server.rpc.timeout.min = 1s (custom)
2019-06-15 12:39:52,097 INFO  server.RaftServerConfigKeys (ConfUtils.java:logGet(43)) - raft.server.rpc.timeout.max = 1200ms (custom)
2019-06-15 12:39:52,097 INFO  server.RaftServerConfigKeys (ConfUtils.java:logGet(43)) - raft.server.rpcslowness.timeout = 120s (custom)
2019-06-15 12:39:52,097 INFO  server.RaftServerConfigKeys (ConfUtils.java:logGet(43)) - raft.server.log.appender.install.snapshot.enabled = true (default)
2019-06-15 12:39:52,098 INFO  impl.RaftServerImpl (ServerState.java:<init>(101)) - be9c5d1f-9356-4cf9-a475-210319e2e11b:group-45C7D6FEFCCB ConfigurationManager, init=-1: [be9c5d1f-9356-4cf9-a475-210319e2e11b:192.168.105.164:45471], old=null, confs=<EMPTY_MAP>
2019-06-15 12:39:52,098 INFO  server.RaftServerConfigKeys (ConfUtils.java:logGet(43)) - raft.server.storage.dir = [/opt/src/hadoop-ozone/integration-test/target/test-dir/MiniOzoneClusterImpl-a121c850-4c15-4c09-876e-ef2f648035fb/datanode-5/data/ratis] (custom)
2019-06-15 12:39:52,098 INFO  storage.RaftStorageDirectory (RaftStorageDirectory.java:analyzeStorage(246)) - The storage directory /opt/src/hadoop-ozone/integration-test/target/test-dir/MiniOzoneClusterImpl-a121c850-4c15-4c09-876e-ef2f648035fb/datanode-5/data/ratis/c4f0e382-21e2-425f-9ba9-45c7d6fefccb does not exist. Creating ...
2019-06-15 12:39:52,101 INFO  storage.RaftStorageDirectory (RaftStorageDirectory.java:tryLock(328)) - Lock on /opt/src/hadoop-ozone/integration-test/target/test-dir/MiniOzoneClusterImpl-a121c850-4c15-4c09-876e-ef2f648035fb/datanode-5/data/ratis/c4f0e382-21e2-425f-9ba9-45c7d6fefccb/in_use.lock acquired by nodename 14802@ozone-unit-076618677d3-c6b4w-525960908
2019-06-15 12:39:52,103 INFO  storage.RaftStorage (RaftStorage.java:format(75)) - Storage directory /opt/src/hadoop-ozone/integration-test/target/test-dir/MiniOzoneClusterImpl-a121c850-4c15-4c09-876e-ef2f648035fb/datanode-5/data/ratis/c4f0e382-21e2-425f-9ba9-45c7d6fefccb has been successfully formatted.
2019-06-15 12:39:52,103 INFO  ratis.ContainerStateMachine (ContainerStateMachine.java:loadSnapshot(199)) - The snapshot info is null.Setting the last applied index to:(t:0, i:~)
2019-06-15 12:39:52,103 INFO  server.RaftServerConfigKeys (ConfUtils.java:logGet(43)) - raft.server.leader.election.timeout = 120s (custom)
2019-06-15 12:39:52,103 INFO  server.RaftServerConfigKeys (ConfUtils.java:logGet(43)) - raft.server.log.use.memory = false (default)
2019-06-15 12:39:52,103 INFO  server.RaftServerConfigKeys (ConfUtils.java:logGet(43)) - raft.server.log.appender.buffer.byte-limit = 33554432 (custom)
2019-06-15 12:39:52,103 INFO  server.RaftServerConfigKeys (ConfUtils.java:logGet(43)) - raft.server.log.segment.size.max = 16384 (custom)
2019-06-15 12:39:52,104 INFO  server.RaftServerConfigKeys (ConfUtils.java:logGet(43)) - raft.server.log.segment.cache.num.max = 2 (custom)
2019-06-15 12:39:52,104 INFO  storage.RaftLogWorker (RaftLogWorker.java:<init>(123)) - new be9c5d1f-9356-4cf9-a475-210319e2e11b-RaftLogWorker for Storage Directory /opt/src/hadoop-ozone/integration-test/target/test-dir/MiniOzoneClusterImpl-a121c850-4c15-4c09-876e-ef2f648035fb/datanode-5/data/ratis/c4f0e382-21e2-425f-9ba9-45c7d6fefccb
2019-06-15 12:39:52,104 INFO  server.RaftServerConfigKeys (ConfUtils.java:logGet(43)) - raft.server.log.queue.byte-limit = 2147483647 (custom)
2019-06-15 12:39:52,104 INFO  server.RaftServerConfigKeys (ConfUtils.java:logGet(43)) - raft.server.log.queue.element-limit = 1024 (custom)
2019-06-15 12:39:52,104 INFO  server.RaftServerConfigKeys (ConfUtils.java:logGet(43)) - raft.server.log.segment.size.max = 16384 (custom)
2019-06-15 12:39:52,104 INFO  server.RaftServerConfigKeys (ConfUtils.java:logGet(43)) - raft.server.log.preallocated.size = 16384 (custom)
2019-06-15 12:39:52,104 INFO  server.RaftServerConfigKeys (ConfUtils.java:logGet(43)) - raft.server.log.write.buffer.size = 33554432 (custom)
2019-06-15 12:39:52,104 INFO  server.RaftServerConfigKeys (ConfUtils.java:logGet(43)) - raft.server.log.force.sync.num = 128 (default)
2019-06-15 12:39:52,104 INFO  server.RaftServerConfigKeys (ConfUtils.java:logGet(43)) - raft.server.log.statemachine.data.sync = true (default)
2019-06-15 12:39:52,104 INFO  server.RaftServerConfigKeys (ConfUtils.java:logGet(43)) - raft.server.log.statemachine.data.sync.timeout = 10s (default)
2019-06-15 12:39:52,105 INFO  server.RaftServerConfigKeys (ConfUtils.java:logGet(43)) - raft.server.log.statemachine.data.sync.timeout.retry = -1 (default)
2019-06-15 12:39:52,105 INFO  server.RaftServerConfigKeys (ConfUtils.java:logGet(43)) - raft.server.log.statemachine.data.caching.enabled = true (custom)
2019-06-15 12:39:52,105 INFO  server.RaftServerConfigKeys (ConfUtils.java:logGet(43)) - raft.server.snapshot.auto.trigger.enabled = true (custom)
2019-06-15 12:39:52,105 INFO  server.RaftServerConfigKeys (ConfUtils.java:logGet(43)) - raft.server.snapshot.auto.trigger.threshold = 10000 (custom)
2019-06-15 12:39:52,105 INFO  server.RaftServerConfigKeys (ConfUtils.java:logGet(43)) - raft.server.retrycache.expirytime = 600000ms (custom)
2019-06-15 12:39:52,106 INFO  impl.RaftServerImpl (RaftServerImpl.java:start(173)) - be9c5d1f-9356-4cf9-a475-210319e2e11b: start group-45C7D6FEFCCB
2019-06-15 12:39:52,106 INFO  impl.RaftServerImpl (RaftServerImpl.java:setRole(164)) - be9c5d1f-9356-4cf9-a475-210319e2e11b:group-45C7D6FEFCCB changes role from null to FOLLOWER at term 0 for startAsFollower
2019-06-15 12:39:52,106 INFO  impl.RoleInfo (RoleInfo.java:updateAndGet(143)) - be9c5d1f-9356-4cf9-a475-210319e2e11b: start FollowerState
2019-06-15 12:39:52,106 INFO  util.JmxRegister (JmxRegister.java:tryRegister(44)) - Successfully registered JMX Bean with object name Ratis:service=RaftServer,group=group-45C7D6FEFCCB,id=be9c5d1f-9356-4cf9-a475-210319e2e11b
2019-06-15 12:39:52,108 INFO  pipeline.PipelineStateManager (PipelineStateManager.java:addPipeline(56)) - Created pipeline Pipeline[ Id: c4f0e382-21e2-425f-9ba9-45c7d6fefccb, Nodes: be9c5d1f-9356-4cf9-a475-210319e2e11b{ip: 192.168.105.164, host: ozone-unit-076618677d3-c6b4w-525960908, networkLocation: /default-rack, certSerialId: null}, Type:RATIS, Factor:ONE, State:OPEN]
2019-06-15 12:39:52,133 INFO  impl.RaftServerProxy (RaftServerProxy.java:addNew(89)) - a0d4c14e-3bf9-423f-8883-cd55a775c0a8: addNew group-02984273C38C:[a0d4c14e-3bf9-423f-8883-cd55a775c0a8:192.168.105.164:36885, be9c5d1f-9356-4cf9-a475-210319e2e11b:192.168.105.164:45471, 06cd9fbe-2509-41d0-8222-1ef857baf1b0:192.168.105.164:43429] returns group-02984273C38C:java.util.concurrent.CompletableFuture@7007fd41[Not completed]
2019-06-15 12:39:52,133 INFO  impl.RaftServerImpl (RaftServerImpl.java:<init>(91)) - a0d4c14e-3bf9-423f-8883-cd55a775c0a8: new RaftServerImpl for group-02984273C38C:[a0d4c14e-3bf9-423f-8883-cd55a775c0a8:192.168.105.164:36885, be9c5d1f-9356-4cf9-a475-210319e2e11b:192.168.105.164:45471, 06cd9fbe-2509-41d0-8222-1ef857baf1b0:192.168.105.164:43429] with ContainerStateMachine:uninitialized
2019-06-15 12:39:52,133 INFO  server.RaftServerConfigKeys (ConfUtils.java:logGet(43)) - raft.server.rpc.timeout.min = 1s (custom)
2019-06-15 12:39:52,133 INFO  server.RaftServerConfigKeys (ConfUtils.java:logGet(43)) - raft.server.rpc.timeout.max = 1200ms (custom)
2019-06-15 12:39:52,134 INFO  server.RaftServerConfigKeys (ConfUtils.java:logGet(43)) - raft.server.rpcslowness.timeout = 120s (custom)
2019-06-15 12:39:52,134 INFO  server.RaftServerConfigKeys (ConfUtils.java:logGet(43)) - raft.server.log.appender.install.snapshot.enabled = true (default)
2019-06-15 12:39:52,134 INFO  impl.RaftServerImpl (ServerState.java:<init>(101)) - a0d4c14e-3bf9-423f-8883-cd55a775c0a8:group-02984273C38C ConfigurationManager, init=-1: [a0d4c14e-3bf9-423f-8883-cd55a775c0a8:192.168.105.164:36885, be9c5d1f-9356-4cf9-a475-210319e2e11b:192.168.105.164:45471, 06cd9fbe-2509-41d0-8222-1ef857baf1b0:192.168.105.164:43429], old=null, confs=<EMPTY_MAP>
2019-06-15 12:39:52,134 INFO  server.RaftServerConfigKeys (ConfUtils.java:logGet(43)) - raft.server.storage.dir = [/opt/src/hadoop-ozone/integration-test/target/test-dir/MiniOzoneClusterImpl-a121c850-4c15-4c09-876e-ef2f648035fb/datanode-3/data/ratis] (custom)
2019-06-15 12:39:52,134 INFO  storage.RaftStorageDirectory (RaftStorageDirectory.java:analyzeStorage(246)) - The storage directory /opt/src/hadoop-ozone/integration-test/target/test-dir/MiniOzoneClusterImpl-a121c850-4c15-4c09-876e-ef2f648035fb/datanode-3/data/ratis/c278cc37-a227-45f9-9b24-02984273c38c does not exist. Creating ...
2019-06-15 12:39:52,135 INFO  impl.RaftServerProxy (RaftServerProxy.java:addNew(89)) - 06cd9fbe-2509-41d0-8222-1ef857baf1b0: addNew group-02984273C38C:[a0d4c14e-3bf9-423f-8883-cd55a775c0a8:192.168.105.164:36885, be9c5d1f-9356-4cf9-a475-210319e2e11b:192.168.105.164:45471, 06cd9fbe-2509-41d0-8222-1ef857baf1b0:192.168.105.164:43429] returns group-02984273C38C:java.util.concurrent.CompletableFuture@25413fec[Not completed]
2019-06-15 12:39:52,135 INFO  impl.RaftServerProxy (RaftServerProxy.java:addNew(89)) - be9c5d1f-9356-4cf9-a475-210319e2e11b: addNew group-02984273C38C:[a0d4c14e-3bf9-423f-8883-cd55a775c0a8:192.168.105.164:36885, be9c5d1f-9356-4cf9-a475-210319e2e11b:192.168.105.164:45471, 06cd9fbe-2509-41d0-8222-1ef857baf1b0:192.168.105.164:43429] returns group-02984273C38C:java.util.concurrent.CompletableFuture@2422b19[Not completed]
2019-06-15 12:39:52,135 INFO  impl.RaftServerImpl (RaftServerImpl.java:<init>(91)) - 06cd9fbe-2509-41d0-8222-1ef857baf1b0: new RaftServerImpl for group-02984273C38C:[a0d4c14e-3bf9-423f-8883-cd55a775c0a8:192.168.105.164:36885, be9c5d1f-9356-4cf9-a475-210319e2e11b:192.168.105.164:45471, 06cd9fbe-2509-41d0-8222-1ef857baf1b0:192.168.105.164:43429] with ContainerStateMachine:uninitialized
2019-06-15 12:39:52,135 INFO  server.RaftServerConfigKeys (ConfUtils.java:logGet(43)) - raft.server.rpc.timeout.min = 1s (custom)
2019-06-15 12:39:52,135 INFO  server.RaftServerConfigKeys (ConfUtils.java:logGet(43)) - raft.server.rpc.timeout.max = 1200ms (custom)
2019-06-15 12:39:52,135 INFO  impl.RaftServerImpl (RaftServerImpl.java:<init>(91)) - be9c5d1f-9356-4cf9-a475-210319e2e11b: new RaftServerImpl for group-02984273C38C:[a0d4c14e-3bf9-423f-8883-cd55a775c0a8:192.168.105.164:36885, be9c5d1f-9356-4cf9-a475-210319e2e11b:192.168.105.164:45471, 06cd9fbe-2509-41d0-8222-1ef857baf1b0:192.168.105.164:43429] with ContainerStateMachine:uninitialized
2019-06-15 12:39:52,135 INFO  server.RaftServerConfigKeys (ConfUtils.java:logGet(43)) - raft.server.rpc.timeout.min = 1s (custom)
2019-06-15 12:39:52,135 INFO  server.RaftServerConfigKeys (ConfUtils.java:logGet(43)) - raft.server.rpc.timeout.max = 1200ms (custom)
2019-06-15 12:39:52,135 INFO  server.RaftServerConfigKeys (ConfUtils.java:logGet(43)) - raft.server.rpcslowness.timeout = 120s (custom)
2019-06-15 12:39:52,136 INFO  server.RaftServerConfigKeys (ConfUtils.java:logGet(43)) - raft.server.log.appender.install.snapshot.enabled = true (default)
2019-06-15 12:39:52,135 INFO  server.RaftServerConfigKeys (ConfUtils.java:logGet(43)) - raft.server.rpcslowness.timeout = 120s (custom)
2019-06-15 12:39:52,136 INFO  impl.RaftServerImpl (ServerState.java:<init>(101)) - 06cd9fbe-2509-41d0-8222-1ef857baf1b0:group-02984273C38C ConfigurationManager, init=-1: [a0d4c14e-3bf9-423f-8883-cd55a775c0a8:192.168.105.164:36885, be9c5d1f-9356-4cf9-a475-210319e2e11b:192.168.105.164:45471, 06cd9fbe-2509-41d0-8222-1ef857baf1b0:192.168.105.164:43429], old=null, confs=<EMPTY_MAP>
2019-06-15 12:39:52,136 INFO  server.RaftServerConfigKeys (ConfUtils.java:logGet(43)) - raft.server.log.appender.install.snapshot.enabled = true (default)
2019-06-15 12:39:52,136 INFO  server.RaftServerConfigKeys (ConfUtils.java:logGet(43)) - raft.server.storage.dir = [/opt/src/hadoop-ozone/integration-test/target/test-dir/MiniOzoneClusterImpl-a121c850-4c15-4c09-876e-ef2f648035fb/datanode-4/data/ratis] (custom)
2019-06-15 12:39:52,136 INFO  impl.RaftServerImpl (ServerState.java:<init>(101)) - be9c5d1f-9356-4cf9-a475-210319e2e11b:group-02984273C38C ConfigurationManager, init=-1: [a0d4c14e-3bf9-423f-8883-cd55a775c0a8:192.168.105.164:36885, be9c5d1f-9356-4cf9-a475-210319e2e11b:192.168.105.164:45471, 06cd9fbe-2509-41d0-8222-1ef857baf1b0:192.168.105.164:43429], old=null, confs=<EMPTY_MAP>
2019-06-15 12:39:52,136 INFO  server.RaftServerConfigKeys (ConfUtils.java:logGet(43)) - raft.server.storage.dir = [/opt/src/hadoop-ozone/integration-test/target/test-dir/MiniOzoneClusterImpl-a121c850-4c15-4c09-876e-ef2f648035fb/datanode-5/data/ratis] (custom)
2019-06-15 12:39:52,136 INFO  storage.RaftStorageDirectory (RaftStorageDirectory.java:analyzeStorage(246)) - The storage directory /opt/src/hadoop-ozone/integration-test/target/test-dir/MiniOzoneClusterImpl-a121c850-4c15-4c09-876e-ef2f648035fb/datanode-5/data/ratis/c278cc37-a227-45f9-9b24-02984273c38c does not exist. Creating ...
2019-06-15 12:39:52,136 INFO  storage.RaftStorageDirectory (RaftStorageDirectory.java:analyzeStorage(246)) - The storage directory /opt/src/hadoop-ozone/integration-test/target/test-dir/MiniOzoneClusterImpl-a121c850-4c15-4c09-876e-ef2f648035fb/datanode-4/data/ratis/c278cc37-a227-45f9-9b24-02984273c38c does not exist. Creating ...
2019-06-15 12:39:52,137 INFO  storage.RaftStorageDirectory (RaftStorageDirectory.java:tryLock(328)) - Lock on /opt/src/hadoop-ozone/integration-test/target/test-dir/MiniOzoneClusterImpl-a121c850-4c15-4c09-876e-ef2f648035fb/datanode-3/data/ratis/c278cc37-a227-45f9-9b24-02984273c38c/in_use.lock acquired by nodename 14802@ozone-unit-076618677d3-c6b4w-525960908
2019-06-15 12:39:52,142 INFO  storage.RaftStorageDirectory (RaftStorageDirectory.java:tryLock(328)) - Lock on /opt/src/hadoop-ozone/integration-test/target/test-dir/MiniOzoneClusterImpl-a121c850-4c15-4c09-876e-ef2f648035fb/datanode-4/data/ratis/c278cc37-a227-45f9-9b24-02984273c38c/in_use.lock acquired by nodename 14802@ozone-unit-076618677d3-c6b4w-525960908
2019-06-15 12:39:52,142 INFO  storage.RaftStorageDirectory (RaftStorageDirectory.java:tryLock(328)) - Lock on /opt/src/hadoop-ozone/integration-test/target/test-dir/MiniOzoneClusterImpl-a121c850-4c15-4c09-876e-ef2f648035fb/datanode-5/data/ratis/c278cc37-a227-45f9-9b24-02984273c38c/in_use.lock acquired by nodename 14802@ozone-unit-076618677d3-c6b4w-525960908
2019-06-15 12:39:52,143 INFO  storage.RaftStorage (RaftStorage.java:format(75)) - Storage directory /opt/src/hadoop-ozone/integration-test/target/test-dir/MiniOzoneClusterImpl-a121c850-4c15-4c09-876e-ef2f648035fb/datanode-3/data/ratis/c278cc37-a227-45f9-9b24-02984273c38c has been successfully formatted.
2019-06-15 12:39:52,144 INFO  ratis.ContainerStateMachine (ContainerStateMachine.java:loadSnapshot(199)) - The snapshot info is null.Setting the last applied index to:(t:0, i:~)
2019-06-15 12:39:52,144 INFO  server.RaftServerConfigKeys (ConfUtils.java:logGet(43)) - raft.server.leader.election.timeout = 120s (custom)
2019-06-15 12:39:52,144 INFO  server.RaftServerConfigKeys (ConfUtils.java:logGet(43)) - raft.server.log.use.memory = false (default)
2019-06-15 12:39:52,144 INFO  server.RaftServerConfigKeys (ConfUtils.java:logGet(43)) - raft.server.log.appender.buffer.byte-limit = 33554432 (custom)
2019-06-15 12:39:52,144 INFO  storage.RaftStorage (RaftStorage.java:format(75)) - Storage directory /opt/src/hadoop-ozone/integration-test/target/test-dir/MiniOzoneClusterImpl-a121c850-4c15-4c09-876e-ef2f648035fb/datanode-5/data/ratis/c278cc37-a227-45f9-9b24-02984273c38c has been successfully formatted.
2019-06-15 12:39:52,144 INFO  server.RaftServerConfigKeys (ConfUtils.java:logGet(43)) - raft.server.log.segment.size.max = 16384 (custom)
2019-06-15 12:39:52,144 INFO  ratis.ContainerStateMachine (ContainerStateMachine.java:loadSnapshot(199)) - The snapshot info is null.Setting the last applied index to:(t:0, i:~)
2019-06-15 12:39:52,144 INFO  server.RaftServerConfigKeys (ConfUtils.java:logGet(43)) - raft.server.leader.election.timeout = 120s (custom)
2019-06-15 12:39:52,144 INFO  server.RaftServerConfigKeys (ConfUtils.java:logGet(43)) - raft.server.log.use.memory = false (default)
2019-06-15 12:39:52,144 INFO  server.RaftServerConfigKeys (ConfUtils.java:logGet(43)) - raft.server.log.appender.buffer.byte-limit = 33554432 (custom)
2019-06-15 12:39:52,145 INFO  server.RaftServerConfigKeys (ConfUtils.java:logGet(43)) - raft.server.log.segment.size.max = 16384 (custom)
2019-06-15 12:39:52,145 INFO  server.RaftServerConfigKeys (ConfUtils.java:logGet(43)) - raft.server.log.segment.cache.num.max = 2 (custom)
2019-06-15 12:39:52,145 INFO  storage.RaftLogWorker (RaftLogWorker.java:<init>(123)) - new be9c5d1f-9356-4cf9-a475-210319e2e11b-RaftLogWorker for Storage Directory /opt/src/hadoop-ozone/integration-test/target/test-dir/MiniOzoneClusterImpl-a121c850-4c15-4c09-876e-ef2f648035fb/datanode-5/data/ratis/c278cc37-a227-45f9-9b24-02984273c38c
2019-06-15 12:39:52,145 INFO  server.RaftServerConfigKeys (ConfUtils.java:logGet(43)) - raft.server.log.queue.byte-limit = 2147483647 (custom)
2019-06-15 12:39:52,145 INFO  server.RaftServerConfigKeys (ConfUtils.java:logGet(43)) - raft.server.log.queue.element-limit = 1024 (custom)
2019-06-15 12:39:52,145 INFO  server.RaftServerConfigKeys (ConfUtils.java:logGet(43)) - raft.server.log.segment.size.max = 16384 (custom)
2019-06-15 12:39:52,145 INFO  server.RaftServerConfigKeys (ConfUtils.java:logGet(43)) - raft.server.log.preallocated.size = 16384 (custom)
2019-06-15 12:39:52,145 INFO  server.RaftServerConfigKeys (ConfUtils.java:logGet(43)) - raft.server.log.write.buffer.size = 33554432 (custom)
2019-06-15 12:39:52,144 INFO  storage.RaftStorage (RaftStorage.java:format(75)) - Storage directory /opt/src/hadoop-ozone/integration-test/target/test-dir/MiniOzoneClusterImpl-a121c850-4c15-4c09-876e-ef2f648035fb/datanode-4/data/ratis/c278cc37-a227-45f9-9b24-02984273c38c has been successfully formatted.
2019-06-15 12:39:52,145 INFO  server.RaftServerConfigKeys (ConfUtils.java:logGet(43)) - raft.server.log.force.sync.num = 128 (default)
2019-06-15 12:39:52,145 INFO  server.RaftServerConfigKeys (ConfUtils.java:logGet(43)) - raft.server.log.statemachine.data.sync = true (default)
2019-06-15 12:39:52,145 INFO  server.RaftServerConfigKeys (ConfUtils.java:logGet(43)) - raft.server.log.statemachine.data.sync.timeout = 10s (default)
2019-06-15 12:39:52,146 INFO  server.RaftServerConfigKeys (ConfUtils.java:logGet(43)) - raft.server.log.statemachine.data.sync.timeout.retry = -1 (default)
2019-06-15 12:39:52,144 INFO  server.RaftServerConfigKeys (ConfUtils.java:logGet(43)) - raft.server.log.segment.cache.num.max = 2 (custom)
2019-06-15 12:39:52,146 INFO  storage.RaftLogWorker (RaftLogWorker.java:<init>(123)) - new a0d4c14e-3bf9-423f-8883-cd55a775c0a8-RaftLogWorker for Storage Directory /opt/src/hadoop-ozone/integration-test/target/test-dir/MiniOzoneClusterImpl-a121c850-4c15-4c09-876e-ef2f648035fb/datanode-3/data/ratis/c278cc37-a227-45f9-9b24-02984273c38c
2019-06-15 12:39:52,146 INFO  server.RaftServerConfigKeys (ConfUtils.java:logGet(43)) - raft.server.log.statemachine.data.caching.enabled = true (custom)
2019-06-15 12:39:52,145 INFO  ratis.ContainerStateMachine (ContainerStateMachine.java:loadSnapshot(199)) - The snapshot info is null.Setting the last applied index to:(t:0, i:~)
2019-06-15 12:39:52,146 INFO  server.RaftServerConfigKeys (ConfUtils.java:logGet(43)) - raft.server.leader.election.timeout = 120s (custom)
2019-06-15 12:39:52,146 INFO  server.RaftServerConfigKeys (ConfUtils.java:logGet(43)) - raft.server.log.use.memory = false (default)
2019-06-15 12:39:52,146 INFO  server.RaftServerConfigKeys (ConfUtils.java:logGet(43)) - raft.server.log.appender.buffer.byte-limit = 33554432 (custom)
2019-06-15 12:39:52,146 INFO  server.RaftServerConfigKeys (ConfUtils.java:logGet(43)) - raft.server.log.segment.size.max = 16384 (custom)
2019-06-15 12:39:52,146 INFO  server.RaftServerConfigKeys (ConfUtils.java:logGet(43)) - raft.server.log.segment.cache.num.max = 2 (custom)
2019-06-15 12:39:52,146 INFO  storage.RaftLogWorker (RaftLogWorker.java:<init>(123)) - new 06cd9fbe-2509-41d0-8222-1ef857baf1b0-RaftLogWorker for Storage Directory /opt/src/hadoop-ozone/integration-test/target/test-dir/MiniOzoneClusterImpl-a121c850-4c15-4c09-876e-ef2f648035fb/datanode-4/data/ratis/c278cc37-a227-45f9-9b24-02984273c38c
2019-06-15 12:39:52,146 INFO  server.RaftServerConfigKeys (ConfUtils.java:logGet(43)) - raft.server.log.queue.byte-limit = 2147483647 (custom)
2019-06-15 12:39:52,147 INFO  server.RaftServerConfigKeys (ConfUtils.java:logGet(43)) - raft.server.log.queue.element-limit = 1024 (custom)
2019-06-15 12:39:52,147 INFO  server.RaftServerConfigKeys (ConfUtils.java:logGet(43)) - raft.server.log.segment.size.max = 16384 (custom)
2019-06-15 12:39:52,147 INFO  server.RaftServerConfigKeys (ConfUtils.java:logGet(43)) - raft.server.log.preallocated.size = 16384 (custom)
2019-06-15 12:39:52,147 INFO  server.RaftServerConfigKeys (ConfUtils.java:logGet(43)) - raft.server.log.write.buffer.size = 33554432 (custom)
2019-06-15 12:39:52,147 INFO  server.RaftServerConfigKeys (ConfUtils.java:logGet(43)) - raft.server.log.force.sync.num = 128 (default)
2019-06-15 12:39:52,147 INFO  server.RaftServerConfigKeys (ConfUtils.java:logGet(43)) - raft.server.log.statemachine.data.sync = true (default)
2019-06-15 12:39:52,147 INFO  server.RaftServerConfigKeys (ConfUtils.java:logGet(43)) - raft.server.log.statemachine.data.sync.timeout = 10s (default)
2019-06-15 12:39:52,147 INFO  server.RaftServerConfigKeys (ConfUtils.java:logGet(43)) - raft.server.log.statemachine.data.sync.timeout.retry = -1 (default)
2019-06-15 12:39:52,146 INFO  server.RaftServerConfigKeys (ConfUtils.java:logGet(43)) - raft.server.log.queue.byte-limit = 2147483647 (custom)
2019-06-15 12:39:52,147 INFO  server.RaftServerConfigKeys (ConfUtils.java:logGet(43)) - raft.server.log.queue.element-limit = 1024 (custom)
2019-06-15 12:39:52,147 INFO  server.RaftServerConfigKeys (ConfUtils.java:logGet(43)) - raft.server.log.segment.size.max = 16384 (custom)
2019-06-15 12:39:52,147 INFO  server.RaftServerConfigKeys (ConfUtils.java:logGet(43)) - raft.server.log.preallocated.size = 16384 (custom)
2019-06-15 12:39:52,148 INFO  server.RaftServerConfigKeys (ConfUtils.java:logGet(43)) - raft.server.log.write.buffer.size = 33554432 (custom)
2019-06-15 12:39:52,148 INFO  server.RaftServerConfigKeys (ConfUtils.java:logGet(43)) - raft.server.log.force.sync.num = 128 (default)
2019-06-15 12:39:52,148 INFO  server.RaftServerConfigKeys (ConfUtils.java:logGet(43)) - raft.server.log.statemachine.data.sync = true (default)
2019-06-15 12:39:52,148 INFO  server.RaftServerConfigKeys (ConfUtils.java:logGet(43)) - raft.server.log.statemachine.data.sync.timeout = 10s (default)
2019-06-15 12:39:52,148 INFO  server.RaftServerConfigKeys (ConfUtils.java:logGet(43)) - raft.server.log.statemachine.data.sync.timeout.retry = -1 (default)
2019-06-15 12:39:52,149 INFO  server.RaftServerConfigKeys (ConfUtils.java:logGet(43)) - raft.server.log.statemachine.data.caching.enabled = true (custom)
2019-06-15 12:39:52,149 INFO  server.RaftServerConfigKeys (ConfUtils.java:logGet(43)) - raft.server.snapshot.auto.trigger.enabled = true (custom)
2019-06-15 12:39:52,149 INFO  server.RaftServerConfigKeys (ConfUtils.java:logGet(43)) - raft.server.snapshot.auto.trigger.threshold = 10000 (custom)
2019-06-15 12:39:52,150 INFO  server.RaftServerConfigKeys (ConfUtils.java:logGet(43)) - raft.server.log.statemachine.data.caching.enabled = true (custom)
2019-06-15 12:39:52,150 INFO  server.RaftServerConfigKeys (ConfUtils.java:logGet(43)) - raft.server.snapshot.auto.trigger.enabled = true (custom)
2019-06-15 12:39:52,150 INFO  server.RaftServerConfigKeys (ConfUtils.java:logGet(43)) - raft.server.snapshot.auto.trigger.threshold = 10000 (custom)
2019-06-15 12:39:52,150 INFO  server.RaftServerConfigKeys (ConfUtils.java:logGet(43)) - raft.server.retrycache.expirytime = 600000ms (custom)
2019-06-15 12:39:52,150 INFO  server.RaftServerConfigKeys (ConfUtils.java:logGet(43)) - raft.server.retrycache.expirytime = 600000ms (custom)
2019-06-15 12:39:52,150 INFO  impl.RaftServerImpl (RaftServerImpl.java:start(173)) - be9c5d1f-9356-4cf9-a475-210319e2e11b: start group-02984273C38C
2019-06-15 12:39:52,150 INFO  impl.RaftServerImpl (RaftServerImpl.java:start(173)) - a0d4c14e-3bf9-423f-8883-cd55a775c0a8: start group-02984273C38C
2019-06-15 12:39:52,150 INFO  server.RaftServerConfigKeys (ConfUtils.java:logGet(43)) - raft.server.snapshot.auto.trigger.enabled = true (custom)
2019-06-15 12:39:52,150 INFO  impl.RaftServerImpl (RaftServerImpl.java:setRole(164)) - a0d4c14e-3bf9-423f-8883-cd55a775c0a8:group-02984273C38C changes role from null to FOLLOWER at term 0 for startAsFollower
2019-06-15 12:39:52,150 INFO  impl.RaftServerImpl (RaftServerImpl.java:setRole(164)) - be9c5d1f-9356-4cf9-a475-210319e2e11b:group-02984273C38C changes role from null to FOLLOWER at term 0 for startAsFollower
2019-06-15 12:39:52,150 INFO  impl.RoleInfo (RoleInfo.java:updateAndGet(143)) - a0d4c14e-3bf9-423f-8883-cd55a775c0a8: start FollowerState
2019-06-15 12:39:52,150 INFO  server.RaftServerConfigKeys (ConfUtils.java:logGet(43)) - raft.server.snapshot.auto.trigger.threshold = 10000 (custom)
2019-06-15 12:39:52,150 INFO  impl.RoleInfo (RoleInfo.java:updateAndGet(143)) - be9c5d1f-9356-4cf9-a475-210319e2e11b: start FollowerState
2019-06-15 12:39:52,151 INFO  util.JmxRegister (JmxRegister.java:tryRegister(44)) - Successfully registered JMX Bean with object name Ratis:service=RaftServer,group=group-02984273C38C,id=a0d4c14e-3bf9-423f-8883-cd55a775c0a8
2019-06-15 12:39:52,152 INFO  util.JmxRegister (JmxRegister.java:tryRegister(44)) - Successfully registered JMX Bean with object name Ratis:service=RaftServer,group=group-02984273C38C,id=be9c5d1f-9356-4cf9-a475-210319e2e11b
2019-06-15 12:39:52,152 INFO  server.RaftServerConfigKeys (ConfUtils.java:logGet(43)) - raft.server.retrycache.expirytime = 600000ms (custom)
2019-06-15 12:39:52,152 INFO  impl.RaftServerImpl (RaftServerImpl.java:start(173)) - 06cd9fbe-2509-41d0-8222-1ef857baf1b0: start group-02984273C38C
2019-06-15 12:39:52,152 INFO  impl.RaftServerImpl (RaftServerImpl.java:setRole(164)) - 06cd9fbe-2509-41d0-8222-1ef857baf1b0:group-02984273C38C changes role from null to FOLLOWER at term 0 for startAsFollower
2019-06-15 12:39:52,152 INFO  impl.RoleInfo (RoleInfo.java:updateAndGet(143)) - 06cd9fbe-2509-41d0-8222-1ef857baf1b0: start FollowerState
2019-06-15 12:39:52,152 INFO  util.JmxRegister (JmxRegister.java:tryRegister(44)) - Successfully registered JMX Bean with object name Ratis:service=RaftServer,group=group-02984273C38C,id=06cd9fbe-2509-41d0-8222-1ef857baf1b0
2019-06-15 12:39:52,195 INFO  pipeline.PipelineStateManager (PipelineStateManager.java:addPipeline(56)) - Created pipeline Pipeline[ Id: c278cc37-a227-45f9-9b24-02984273c38c, Nodes: be9c5d1f-9356-4cf9-a475-210319e2e11b{ip: 192.168.105.164, host: ozone-unit-076618677d3-c6b4w-525960908, networkLocation: /default-rack, certSerialId: null}a0d4c14e-3bf9-423f-8883-cd55a775c0a8{ip: 192.168.105.164, host: ozone-unit-076618677d3-c6b4w-525960908, networkLocation: /default-rack, certSerialId: null}06cd9fbe-2509-41d0-8222-1ef857baf1b0{ip: 192.168.105.164, host: ozone-unit-076618677d3-c6b4w-525960908, networkLocation: /default-rack, certSerialId: null}, Type:RATIS, Factor:THREE, State:OPEN]
2019-06-15 12:39:52,461 INFO  impl.FollowerState (FollowerState.java:run(101)) - 56c4b9ac-42f0-4a1e-956c-35b176a673da:group-1D897C77C80F changes to CANDIDATE, lastRpcTime:1092, electionTimeout:1092ms
2019-06-15 12:39:52,461 INFO  impl.RoleInfo (RoleInfo.java:shutdownFollowerState(121)) - 56c4b9ac-42f0-4a1e-956c-35b176a673da: shutdown FollowerState
2019-06-15 12:39:52,461 INFO  impl.RaftServerImpl (RaftServerImpl.java:setRole(164)) - 56c4b9ac-42f0-4a1e-956c-35b176a673da:group-1D897C77C80F changes role from FOLLOWER to CANDIDATE at term 0 for changeToCandidate
2019-06-15 12:39:52,461 INFO  impl.RoleInfo (RoleInfo.java:updateAndGet(143)) - 56c4b9ac-42f0-4a1e-956c-35b176a673da: start LeaderElection
2019-06-15 12:39:52,464 INFO  impl.LeaderElection (LeaderElection.java:askForVotes(181)) - 56c4b9ac-42f0-4a1e-956c-35b176a673da:group-1D897C77C80F:LeaderElection62: begin an election at term 1 for -1: [56c4b9ac-42f0-4a1e-956c-35b176a673da:192.168.105.164:36725], old=null
2019-06-15 12:39:52,464 INFO  impl.RoleInfo (RoleInfo.java:shutdownLeaderElection(134)) - 56c4b9ac-42f0-4a1e-956c-35b176a673da: shutdown LeaderElection
2019-06-15 12:39:52,465 INFO  impl.RaftServerImpl (RaftServerImpl.java:setRole(164)) - 56c4b9ac-42f0-4a1e-956c-35b176a673da:group-1D897C77C80F changes role from CANDIDATE to LEADER at term 1 for changeToLeader
2019-06-15 12:39:52,465 INFO  impl.RaftServerImpl (ServerState.java:setLeader(263)) - 56c4b9ac-42f0-4a1e-956c-35b176a673da:group-1D897C77C80F change Leader from null to 56c4b9ac-42f0-4a1e-956c-35b176a673da at term 1 for becomeLeader, leader elected after 1097ms
2019-06-15 12:39:52,465 INFO  server.RaftServerConfigKeys (ConfUtils.java:logGet(43)) - raft.server.staging.catchup.gap = 1000 (default)
2019-06-15 12:39:52,465 INFO  server.RaftServerConfigKeys (ConfUtils.java:logGet(43)) - raft.server.rpc.sleep.time = 25ms (default)
2019-06-15 12:39:52,465 INFO  server.RaftServerConfigKeys (ConfUtils.java:logGet(43)) - raft.server.watch.timeout = 10s (default)
2019-06-15 12:39:52,465 INFO  server.RaftServerConfigKeys (ConfUtils.java:logGet(43)) - raft.server.watch.timeout.denomination = 1s (default)
2019-06-15 12:39:52,465 INFO  impl.RoleInfo (RoleInfo.java:updateAndGet(143)) - 56c4b9ac-42f0-4a1e-956c-35b176a673da: start LeaderState
2019-06-15 12:39:52,465 INFO  storage.RaftLogWorker (RaftLogWorker.java:startLogSegment(298)) - 56c4b9ac-42f0-4a1e-956c-35b176a673da-RaftLogWorker: Starting segment from index:0
2019-06-15 12:39:52,476 INFO  impl.RaftServerImpl (ServerState.java:setRaftConf(361)) - 56c4b9ac-42f0-4a1e-956c-35b176a673da:group-1D897C77C80F set configuration 0: [56c4b9ac-42f0-4a1e-956c-35b176a673da:192.168.105.164:36725], old=null at 0
2019-06-15 12:39:52,511 INFO  storage.RaftLogWorker (RaftLogWorker.java:execute(469)) - 56c4b9ac-42f0-4a1e-956c-35b176a673da-RaftLogWorker: created new log segment /opt/src/hadoop-ozone/integration-test/target/test-dir/MiniOzoneClusterImpl-a121c850-4c15-4c09-876e-ef2f648035fb/datanode-0/data/ratis/96297a4d-87a5-430b-b56f-1d897c77c80f/current/log_inprogress_0
2019-06-15 12:39:52,557 INFO  impl.FollowerState (FollowerState.java:run(101)) - 13c5b6a3-3702-40b3-a56f-a0fd2aac6a73:group-6C72A5CA16B6 changes to CANDIDATE, lastRpcTime:1035, electionTimeout:1035ms
2019-06-15 12:39:52,557 INFO  impl.RoleInfo (RoleInfo.java:shutdownFollowerState(121)) - 13c5b6a3-3702-40b3-a56f-a0fd2aac6a73: shutdown FollowerState
2019-06-15 12:39:52,557 INFO  impl.RaftServerImpl (RaftServerImpl.java:setRole(164)) - 13c5b6a3-3702-40b3-a56f-a0fd2aac6a73:group-6C72A5CA16B6 changes role from FOLLOWER to CANDIDATE at term 0 for changeToCandidate
2019-06-15 12:39:52,557 INFO  impl.RoleInfo (RoleInfo.java:updateAndGet(143)) - 13c5b6a3-3702-40b3-a56f-a0fd2aac6a73: start LeaderElection
2019-06-15 12:39:52,560 INFO  impl.LeaderElection (LeaderElection.java:askForVotes(181)) - 13c5b6a3-3702-40b3-a56f-a0fd2aac6a73:group-6C72A5CA16B6:LeaderElection63: begin an election at term 1 for -1: [13c5b6a3-3702-40b3-a56f-a0fd2aac6a73:192.168.105.164:46737], old=null
2019-06-15 12:39:52,560 INFO  impl.RoleInfo (RoleInfo.java:shutdownLeaderElection(134)) - 13c5b6a3-3702-40b3-a56f-a0fd2aac6a73: shutdown LeaderElection
2019-06-15 12:39:52,560 INFO  impl.RaftServerImpl (RaftServerImpl.java:setRole(164)) - 13c5b6a3-3702-40b3-a56f-a0fd2aac6a73:group-6C72A5CA16B6 changes role from CANDIDATE to LEADER at term 1 for changeToLeader
2019-06-15 12:39:52,560 INFO  impl.RaftServerImpl (ServerState.java:setLeader(263)) - 13c5b6a3-3702-40b3-a56f-a0fd2aac6a73:group-6C72A5CA16B6 change Leader from null to 13c5b6a3-3702-40b3-a56f-a0fd2aac6a73 at term 1 for becomeLeader, leader elected after 1040ms
2019-06-15 12:39:52,561 INFO  server.RaftServerConfigKeys (ConfUtils.java:logGet(43)) - raft.server.staging.catchup.gap = 1000 (default)
2019-06-15 12:39:52,561 INFO  server.RaftServerConfigKeys (ConfUtils.java:logGet(43)) - raft.server.rpc.sleep.time = 25ms (default)
2019-06-15 12:39:52,561 INFO  server.RaftServerConfigKeys (ConfUtils.java:logGet(43)) - raft.server.watch.timeout = 10s (default)
2019-06-15 12:39:52,561 INFO  server.RaftServerConfigKeys (ConfUtils.java:logGet(43)) - raft.server.watch.timeout.denomination = 1s (default)
2019-06-15 12:39:52,561 INFO  impl.RoleInfo (RoleInfo.java:updateAndGet(143)) - 13c5b6a3-3702-40b3-a56f-a0fd2aac6a73: start LeaderState
2019-06-15 12:39:52,561 INFO  storage.RaftLogWorker (RaftLogWorker.java:startLogSegment(298)) - 13c5b6a3-3702-40b3-a56f-a0fd2aac6a73-RaftLogWorker: Starting segment from index:0
2019-06-15 12:39:52,562 INFO  impl.RaftServerImpl (ServerState.java:setRaftConf(361)) - 13c5b6a3-3702-40b3-a56f-a0fd2aac6a73:group-6C72A5CA16B6 set configuration 0: [13c5b6a3-3702-40b3-a56f-a0fd2aac6a73:192.168.105.164:46737], old=null at 0
2019-06-15 12:39:52,604 INFO  storage.RaftLogWorker (RaftLogWorker.java:execute(469)) - 13c5b6a3-3702-40b3-a56f-a0fd2aac6a73-RaftLogWorker: created new log segment /opt/src/hadoop-ozone/integration-test/target/test-dir/MiniOzoneClusterImpl-a121c850-4c15-4c09-876e-ef2f648035fb/datanode-1/data/ratis/757b9dbc-5df3-48a5-8e28-6c72a5ca16b6/current/log_inprogress_0
2019-06-15 12:39:52,704 INFO  impl.FollowerState (FollowerState.java:run(101)) - 451719f8-b77c-4f16-9dab-fd6b136b9f81:group-40FC5647CB41 changes to CANDIDATE, lastRpcTime:1046, electionTimeout:1046ms
2019-06-15 12:39:52,704 INFO  impl.RoleInfo (RoleInfo.java:shutdownFollowerState(121)) - 451719f8-b77c-4f16-9dab-fd6b136b9f81: shutdown FollowerState
2019-06-15 12:39:52,704 INFO  impl.RaftServerImpl (RaftServerImpl.java:setRole(164)) - 451719f8-b77c-4f16-9dab-fd6b136b9f81:group-40FC5647CB41 changes role from FOLLOWER to CANDIDATE at term 0 for changeToCandidate
2019-06-15 12:39:52,704 INFO  impl.RoleInfo (RoleInfo.java:updateAndGet(143)) - 451719f8-b77c-4f16-9dab-fd6b136b9f81: start LeaderElection
2019-06-15 12:39:52,708 INFO  impl.LeaderElection (LeaderElection.java:askForVotes(181)) - 451719f8-b77c-4f16-9dab-fd6b136b9f81:group-40FC5647CB41:LeaderElection64: begin an election at term 1 for -1: [451719f8-b77c-4f16-9dab-fd6b136b9f81:192.168.105.164:36553, 56c4b9ac-42f0-4a1e-956c-35b176a673da:192.168.105.164:36725, 13c5b6a3-3702-40b3-a56f-a0fd2aac6a73:192.168.105.164:46737], old=null
2019-06-15 12:39:52,718 INFO  impl.RaftServerImpl (RaftServerImpl.java:setRole(164)) - 56c4b9ac-42f0-4a1e-956c-35b176a673da:group-40FC5647CB41 changes role from FOLLOWER to FOLLOWER at term 1 for recognizeCandidate:451719f8-b77c-4f16-9dab-fd6b136b9f81
2019-06-15 12:39:52,718 INFO  impl.RoleInfo (RoleInfo.java:shutdownFollowerState(121)) - 56c4b9ac-42f0-4a1e-956c-35b176a673da: shutdown FollowerState
2019-06-15 12:39:52,719 INFO  impl.RoleInfo (RoleInfo.java:updateAndGet(143)) - 56c4b9ac-42f0-4a1e-956c-35b176a673da: start FollowerState
2019-06-15 12:39:52,721 INFO  impl.FollowerState (FollowerState.java:run(109)) - 56c4b9ac-42f0-4a1e-956c-35b176a673da: FollowerState was interrupted: java.lang.InterruptedException: sleep interrupted
2019-06-15 12:39:52,722 INFO  impl.RaftServerImpl (RaftServerImpl.java:setRole(164)) - 13c5b6a3-3702-40b3-a56f-a0fd2aac6a73:group-40FC5647CB41 changes role from FOLLOWER to FOLLOWER at term 1 for recognizeCandidate:451719f8-b77c-4f16-9dab-fd6b136b9f81
2019-06-15 12:39:52,723 INFO  impl.RoleInfo (RoleInfo.java:shutdownFollowerState(121)) - 13c5b6a3-3702-40b3-a56f-a0fd2aac6a73: shutdown FollowerState
2019-06-15 12:39:52,723 INFO  impl.RoleInfo (RoleInfo.java:updateAndGet(143)) - 13c5b6a3-3702-40b3-a56f-a0fd2aac6a73: start FollowerState
2019-06-15 12:39:52,723 INFO  impl.FollowerState (FollowerState.java:run(109)) - 13c5b6a3-3702-40b3-a56f-a0fd2aac6a73: FollowerState was interrupted: java.lang.InterruptedException: sleep interrupted
2019-06-15 12:39:52,725 INFO  impl.LeaderElection (LeaderElection.java:logAndReturn(56)) - 451719f8-b77c-4f16-9dab-fd6b136b9f81:group-40FC5647CB41:LeaderElection64: Election PASSED; received 1 response(s) [451719f8-b77c-4f16-9dab-fd6b136b9f81->56c4b9ac-42f0-4a1e-956c-35b176a673da,true-t1] and 0 exception(s); 451719f8-b77c-4f16-9dab-fd6b136b9f81:t1, leader=null, voted=451719f8-b77c-4f16-9dab-fd6b136b9f81, raftlog=451719f8-b77c-4f16-9dab-fd6b136b9f81-SegmentedRaftLog:OPENED:c-1,f-1,i0, conf=-1: [451719f8-b77c-4f16-9dab-fd6b136b9f81:192.168.105.164:36553, 56c4b9ac-42f0-4a1e-956c-35b176a673da:192.168.105.164:36725, 13c5b6a3-3702-40b3-a56f-a0fd2aac6a73:192.168.105.164:46737], old=null
2019-06-15 12:39:52,725 INFO  impl.RoleInfo (RoleInfo.java:shutdownLeaderElection(134)) - 451719f8-b77c-4f16-9dab-fd6b136b9f81: shutdown LeaderElection
2019-06-15 12:39:52,726 INFO  impl.RaftServerImpl (RaftServerImpl.java:setRole(164)) - 451719f8-b77c-4f16-9dab-fd6b136b9f81:group-40FC5647CB41 changes role from CANDIDATE to LEADER at term 1 for changeToLeader
2019-06-15 12:39:52,726 INFO  impl.RaftServerImpl (ServerState.java:setLeader(263)) - 451719f8-b77c-4f16-9dab-fd6b136b9f81:group-40FC5647CB41 change Leader from null to 451719f8-b77c-4f16-9dab-fd6b136b9f81 at term 1 for becomeLeader, leader elected after 1070ms
2019-06-15 12:39:52,726 INFO  server.RaftServerConfigKeys (ConfUtils.java:logGet(43)) - raft.server.staging.catchup.gap = 1000 (default)
2019-06-15 12:39:52,726 INFO  server.RaftServerConfigKeys (ConfUtils.java:logGet(43)) - raft.server.rpc.sleep.time = 25ms (default)
2019-06-15 12:39:52,726 INFO  server.RaftServerConfigKeys (ConfUtils.java:logGet(43)) - raft.server.watch.timeout = 10s (default)
2019-06-15 12:39:52,726 INFO  server.RaftServerConfigKeys (ConfUtils.java:logGet(43)) - raft.server.watch.timeout.denomination = 1s (default)
2019-06-15 12:39:52,726 INFO  server.RaftServerConfigKeys (ConfUtils.java:logGet(43)) - raft.server.log.appender.snapshot.chunk.size.max = 16MB (=16777216) (default)
2019-06-15 12:39:52,726 INFO  server.RaftServerConfigKeys (ConfUtils.java:logGet(43)) - raft.server.log.appender.buffer.byte-limit = 33554432 (custom)
2019-06-15 12:39:52,727 INFO  server.RaftServerConfigKeys (ConfUtils.java:logGet(43)) - raft.server.log.appender.buffer.element-limit = 1 (custom)
2019-06-15 12:39:52,727 INFO  grpc.GrpcConfigKeys$Server (ConfUtils.java:logGet(43)) - raft.grpc.server.leader.outstanding.appends.max = 128 (default)
2019-06-15 12:39:52,727 INFO  server.RaftServerConfigKeys (ConfUtils.java:logGet(43)) - raft.server.rpc.request.timeout = 3000ms (default)
2019-06-15 12:39:52,727 INFO  server.RaftServerConfigKeys (ConfUtils.java:logGet(43)) - raft.server.log.appender.install.snapshot.enabled = true (default)
2019-06-15 12:39:52,727 INFO  server.RaftServerConfigKeys (ConfUtils.java:logGet(43)) - raft.server.log.appender.snapshot.chunk.size.max = 16MB (=16777216) (default)
2019-06-15 12:39:52,727 INFO  server.RaftServerConfigKeys (ConfUtils.java:logGet(43)) - raft.server.log.appender.buffer.byte-limit = 33554432 (custom)
2019-06-15 12:39:52,727 INFO  server.RaftServerConfigKeys (ConfUtils.java:logGet(43)) - raft.server.log.appender.buffer.element-limit = 1 (custom)
2019-06-15 12:39:52,727 INFO  grpc.GrpcConfigKeys$Server (ConfUtils.java:logGet(43)) - raft.grpc.server.leader.outstanding.appends.max = 128 (default)
2019-06-15 12:39:52,727 INFO  server.RaftServerConfigKeys (ConfUtils.java:logGet(43)) - raft.server.rpc.request.timeout = 3000ms (default)
2019-06-15 12:39:52,728 INFO  server.RaftServerConfigKeys (ConfUtils.java:logGet(43)) - raft.server.log.appender.install.snapshot.enabled = true (default)
2019-06-15 12:39:52,728 INFO  impl.RoleInfo (RoleInfo.java:updateAndGet(143)) - 451719f8-b77c-4f16-9dab-fd6b136b9f81: start LeaderState
2019-06-15 12:39:52,728 INFO  storage.RaftLogWorker (RaftLogWorker.java:startLogSegment(298)) - 451719f8-b77c-4f16-9dab-fd6b136b9f81-RaftLogWorker: Starting segment from index:0
2019-06-15 12:39:52,738 INFO  impl.RaftServerImpl (ServerState.java:setLeader(263)) - 56c4b9ac-42f0-4a1e-956c-35b176a673da:group-40FC5647CB41 change Leader from null to 451719f8-b77c-4f16-9dab-fd6b136b9f81 at term 1 for appendEntries, leader elected after 1081ms
2019-06-15 12:39:52,741 INFO  impl.RaftServerImpl (ServerState.java:setRaftConf(361)) - 451719f8-b77c-4f16-9dab-fd6b136b9f81:group-40FC5647CB41 set configuration 0: [451719f8-b77c-4f16-9dab-fd6b136b9f81:192.168.105.164:36553, 56c4b9ac-42f0-4a1e-956c-35b176a673da:192.168.105.164:36725, 13c5b6a3-3702-40b3-a56f-a0fd2aac6a73:192.168.105.164:46737], old=null at 0
2019-06-15 12:39:52,743 INFO  impl.RaftServerImpl (ServerState.java:setLeader(263)) - 13c5b6a3-3702-40b3-a56f-a0fd2aac6a73:group-40FC5647CB41 change Leader from null to 451719f8-b77c-4f16-9dab-fd6b136b9f81 at term 1 for appendEntries, leader elected after 1086ms
2019-06-15 12:39:52,746 INFO  impl.RaftServerImpl (ServerState.java:setRaftConf(361)) - 56c4b9ac-42f0-4a1e-956c-35b176a673da:group-40FC5647CB41 set configuration 0: [451719f8-b77c-4f16-9dab-fd6b136b9f81:192.168.105.164:36553, 56c4b9ac-42f0-4a1e-956c-35b176a673da:192.168.105.164:36725, 13c5b6a3-3702-40b3-a56f-a0fd2aac6a73:192.168.105.164:46737], old=null at 0
2019-06-15 12:39:52,746 INFO  storage.RaftLogWorker (RaftLogWorker.java:startLogSegment(298)) - 56c4b9ac-42f0-4a1e-956c-35b176a673da-RaftLogWorker: Starting segment from index:0
2019-06-15 12:39:52,754 INFO  impl.RaftServerImpl (ServerState.java:setRaftConf(361)) - 13c5b6a3-3702-40b3-a56f-a0fd2aac6a73:group-40FC5647CB41 set configuration 0: [451719f8-b77c-4f16-9dab-fd6b136b9f81:192.168.105.164:36553, 56c4b9ac-42f0-4a1e-956c-35b176a673da:192.168.105.164:36725, 13c5b6a3-3702-40b3-a56f-a0fd2aac6a73:192.168.105.164:46737], old=null at 0
2019-06-15 12:39:52,754 INFO  storage.RaftLogWorker (RaftLogWorker.java:startLogSegment(298)) - 13c5b6a3-3702-40b3-a56f-a0fd2aac6a73-RaftLogWorker: Starting segment from index:0
2019-06-15 12:39:52,788 INFO  storage.RaftLogWorker (RaftLogWorker.java:execute(469)) - 451719f8-b77c-4f16-9dab-fd6b136b9f81-RaftLogWorker: created new log segment /opt/src/hadoop-ozone/integration-test/target/test-dir/MiniOzoneClusterImpl-a121c850-4c15-4c09-876e-ef2f648035fb/datanode-2/data/ratis/271212ad-2d3a-4c75-b0a0-40fc5647cb41/current/log_inprogress_0
2019-06-15 12:39:52,798 INFO  storage.RaftLogWorker (RaftLogWorker.java:execute(469)) - 56c4b9ac-42f0-4a1e-956c-35b176a673da-RaftLogWorker: created new log segment /opt/src/hadoop-ozone/integration-test/target/test-dir/MiniOzoneClusterImpl-a121c850-4c15-4c09-876e-ef2f648035fb/datanode-0/data/ratis/271212ad-2d3a-4c75-b0a0-40fc5647cb41/current/log_inprogress_0
2019-06-15 12:39:52,805 INFO  storage.RaftLogWorker (RaftLogWorker.java:execute(469)) - 13c5b6a3-3702-40b3-a56f-a0fd2aac6a73-RaftLogWorker: created new log segment /opt/src/hadoop-ozone/integration-test/target/test-dir/MiniOzoneClusterImpl-a121c850-4c15-4c09-876e-ef2f648035fb/datanode-1/data/ratis/271212ad-2d3a-4c75-b0a0-40fc5647cb41/current/log_inprogress_0
2019-06-15 12:39:52,809 INFO  impl.FollowerState (FollowerState.java:run(101)) - 451719f8-b77c-4f16-9dab-fd6b136b9f81:group-544A3438F498 changes to CANDIDATE, lastRpcTime:1170, electionTimeout:1167ms
2019-06-15 12:39:52,809 INFO  impl.RoleInfo (RoleInfo.java:shutdownFollowerState(121)) - 451719f8-b77c-4f16-9dab-fd6b136b9f81: shutdown FollowerState
2019-06-15 12:39:52,809 INFO  impl.RaftServerImpl (RaftServerImpl.java:setRole(164)) - 451719f8-b77c-4f16-9dab-fd6b136b9f81:group-544A3438F498 changes role from FOLLOWER to CANDIDATE at term 0 for changeToCandidate
2019-06-15 12:39:52,809 INFO  impl.RoleInfo (RoleInfo.java:updateAndGet(143)) - 451719f8-b77c-4f16-9dab-fd6b136b9f81: start LeaderElection
2019-06-15 12:39:52,813 INFO  impl.LeaderElection (LeaderElection.java:askForVotes(181)) - 451719f8-b77c-4f16-9dab-fd6b136b9f81:group-544A3438F498:LeaderElection65: begin an election at term 1 for -1: [451719f8-b77c-4f16-9dab-fd6b136b9f81:192.168.105.164:36553], old=null
2019-06-15 12:39:52,813 INFO  impl.RoleInfo (RoleInfo.java:shutdownLeaderElection(134)) - 451719f8-b77c-4f16-9dab-fd6b136b9f81: shutdown LeaderElection
2019-06-15 12:39:52,813 INFO  impl.RaftServerImpl (RaftServerImpl.java:setRole(164)) - 451719f8-b77c-4f16-9dab-fd6b136b9f81:group-544A3438F498 changes role from CANDIDATE to LEADER at term 1 for changeToLeader
2019-06-15 12:39:52,813 INFO  impl.RaftServerImpl (ServerState.java:setLeader(263)) - 451719f8-b77c-4f16-9dab-fd6b136b9f81:group-544A3438F498 change Leader from null to 451719f8-b77c-4f16-9dab-fd6b136b9f81 at term 1 for becomeLeader, leader elected after 1175ms
2019-06-15 12:39:52,813 INFO  server.RaftServerConfigKeys (ConfUtils.java:logGet(43)) - raft.server.staging.catchup.gap = 1000 (default)
2019-06-15 12:39:52,813 INFO  server.RaftServerConfigKeys (ConfUtils.java:logGet(43)) - raft.server.rpc.sleep.time = 25ms (default)
2019-06-15 12:39:52,813 INFO  server.RaftServerConfigKeys (ConfUtils.java:logGet(43)) - raft.server.watch.timeout = 10s (default)
2019-06-15 12:39:52,813 INFO  server.RaftServerConfigKeys (ConfUtils.java:logGet(43)) - raft.server.watch.timeout.denomination = 1s (default)
2019-06-15 12:39:52,813 INFO  impl.RoleInfo (RoleInfo.java:updateAndGet(143)) - 451719f8-b77c-4f16-9dab-fd6b136b9f81: start LeaderState
2019-06-15 12:39:52,814 INFO  storage.RaftLogWorker (RaftLogWorker.java:startLogSegment(298)) - 451719f8-b77c-4f16-9dab-fd6b136b9f81-RaftLogWorker: Starting segment from index:0
2019-06-15 12:39:52,817 INFO  impl.RaftServerImpl (ServerState.java:setRaftConf(361)) - 451719f8-b77c-4f16-9dab-fd6b136b9f81:group-544A3438F498 set configuration 0: [451719f8-b77c-4f16-9dab-fd6b136b9f81:192.168.105.164:36553], old=null at 0
2019-06-15 12:39:52,818 INFO  impl.FollowerState (FollowerState.java:run(101)) - a0d4c14e-3bf9-423f-8883-cd55a775c0a8:group-8118D1B572DA changes to CANDIDATE, lastRpcTime:1054, electionTimeout:1052ms
2019-06-15 12:39:52,818 INFO  impl.RoleInfo (RoleInfo.java:shutdownFollowerState(121)) - a0d4c14e-3bf9-423f-8883-cd55a775c0a8: shutdown FollowerState
2019-06-15 12:39:52,818 INFO  impl.RaftServerImpl (RaftServerImpl.java:setRole(164)) - a0d4c14e-3bf9-423f-8883-cd55a775c0a8:group-8118D1B572DA changes role from FOLLOWER to CANDIDATE at term 0 for changeToCandidate
2019-06-15 12:39:52,818 INFO  impl.RoleInfo (RoleInfo.java:updateAndGet(143)) - a0d4c14e-3bf9-423f-8883-cd55a775c0a8: start LeaderElection
2019-06-15 12:39:52,821 INFO  impl.LeaderElection (LeaderElection.java:askForVotes(181)) - a0d4c14e-3bf9-423f-8883-cd55a775c0a8:group-8118D1B572DA:LeaderElection66: begin an election at term 1 for -1: [a0d4c14e-3bf9-423f-8883-cd55a775c0a8:192.168.105.164:36885], old=null
2019-06-15 12:39:52,821 INFO  impl.RoleInfo (RoleInfo.java:shutdownLeaderElection(134)) - a0d4c14e-3bf9-423f-8883-cd55a775c0a8: shutdown LeaderElection
2019-06-15 12:39:52,821 INFO  impl.RaftServerImpl (RaftServerImpl.java:setRole(164)) - a0d4c14e-3bf9-423f-8883-cd55a775c0a8:group-8118D1B572DA changes role from CANDIDATE to LEADER at term 1 for changeToLeader
2019-06-15 12:39:52,821 INFO  impl.RaftServerImpl (ServerState.java:setLeader(263)) - a0d4c14e-3bf9-423f-8883-cd55a775c0a8:group-8118D1B572DA change Leader from null to a0d4c14e-3bf9-423f-8883-cd55a775c0a8 at term 1 for becomeLeader, leader elected after 1059ms
2019-06-15 12:39:52,821 INFO  server.RaftServerConfigKeys (ConfUtils.java:logGet(43)) - raft.server.staging.catchup.gap = 1000 (default)
2019-06-15 12:39:52,821 INFO  server.RaftServerConfigKeys (ConfUtils.java:logGet(43)) - raft.server.rpc.sleep.time = 25ms (default)
2019-06-15 12:39:52,821 INFO  server.RaftServerConfigKeys (ConfUtils.java:logGet(43)) - raft.server.watch.timeout = 10s (default)
2019-06-15 12:39:52,822 INFO  server.RaftServerConfigKeys (ConfUtils.java:logGet(43)) - raft.server.watch.timeout.denomination = 1s (default)
2019-06-15 12:39:52,822 INFO  impl.RoleInfo (RoleInfo.java:updateAndGet(143)) - a0d4c14e-3bf9-423f-8883-cd55a775c0a8: start LeaderState
2019-06-15 12:39:52,822 INFO  storage.RaftLogWorker (RaftLogWorker.java:startLogSegment(298)) - a0d4c14e-3bf9-423f-8883-cd55a775c0a8-RaftLogWorker: Starting segment from index:0
2019-06-15 12:39:52,823 INFO  impl.RaftServerImpl (ServerState.java:setRaftConf(361)) - a0d4c14e-3bf9-423f-8883-cd55a775c0a8:group-8118D1B572DA set configuration 0: [a0d4c14e-3bf9-423f-8883-cd55a775c0a8:192.168.105.164:36885], old=null at 0
2019-06-15 12:39:52,876 INFO  storage.RaftLogWorker (RaftLogWorker.java:execute(469)) - 451719f8-b77c-4f16-9dab-fd6b136b9f81-RaftLogWorker: created new log segment /opt/src/hadoop-ozone/integration-test/target/test-dir/MiniOzoneClusterImpl-a121c850-4c15-4c09-876e-ef2f648035fb/datanode-2/data/ratis/4f352626-1fe4-4e5e-85de-544a3438f498/current/log_inprogress_0
2019-06-15 12:39:52,881 INFO  storage.RaftLogWorker (RaftLogWorker.java:execute(469)) - a0d4c14e-3bf9-423f-8883-cd55a775c0a8-RaftLogWorker: created new log segment /opt/src/hadoop-ozone/integration-test/target/test-dir/MiniOzoneClusterImpl-a121c850-4c15-4c09-876e-ef2f648035fb/datanode-3/data/ratis/196e43b5-abfd-4801-bc09-8118d1b572da/current/log_inprogress_0
2019-06-15 12:39:53,022 INFO  impl.FollowerState (FollowerState.java:run(101)) - 06cd9fbe-2509-41d0-8222-1ef857baf1b0:group-D7E2274FBBCA changes to CANDIDATE, lastRpcTime:1109, electionTimeout:1109ms
2019-06-15 12:39:53,022 INFO  impl.RoleInfo (RoleInfo.java:shutdownFollowerState(121)) - 06cd9fbe-2509-41d0-8222-1ef857baf1b0: shutdown FollowerState
2019-06-15 12:39:53,022 INFO  impl.RaftServerImpl (RaftServerImpl.java:setRole(164)) - 06cd9fbe-2509-41d0-8222-1ef857baf1b0:group-D7E2274FBBCA changes role from FOLLOWER to CANDIDATE at term 0 for changeToCandidate
2019-06-15 12:39:53,022 INFO  impl.RoleInfo (RoleInfo.java:updateAndGet(143)) - 06cd9fbe-2509-41d0-8222-1ef857baf1b0: start LeaderElection
2019-06-15 12:39:53,025 INFO  impl.LeaderElection (LeaderElection.java:askForVotes(181)) - 06cd9fbe-2509-41d0-8222-1ef857baf1b0:group-D7E2274FBBCA:LeaderElection67: begin an election at term 1 for -1: [06cd9fbe-2509-41d0-8222-1ef857baf1b0:192.168.105.164:43429], old=null
2019-06-15 12:39:53,026 INFO  impl.RoleInfo (RoleInfo.java:shutdownLeaderElection(134)) - 06cd9fbe-2509-41d0-8222-1ef857baf1b0: shutdown LeaderElection
2019-06-15 12:39:53,026 INFO  impl.RaftServerImpl (RaftServerImpl.java:setRole(164)) - 06cd9fbe-2509-41d0-8222-1ef857baf1b0:group-D7E2274FBBCA changes role from CANDIDATE to LEADER at term 1 for changeToLeader
2019-06-15 12:39:53,026 INFO  impl.RaftServerImpl (ServerState.java:setLeader(263)) - 06cd9fbe-2509-41d0-8222-1ef857baf1b0:group-D7E2274FBBCA change Leader from null to 06cd9fbe-2509-41d0-8222-1ef857baf1b0 at term 1 for becomeLeader, leader elected after 1114ms
2019-06-15 12:39:53,026 INFO  server.RaftServerConfigKeys (ConfUtils.java:logGet(43)) - raft.server.staging.catchup.gap = 1000 (default)
2019-06-15 12:39:53,026 INFO  server.RaftServerConfigKeys (ConfUtils.java:logGet(43)) - raft.server.rpc.sleep.time = 25ms (default)
2019-06-15 12:39:53,026 INFO  server.RaftServerConfigKeys (ConfUtils.java:logGet(43)) - raft.server.watch.timeout = 10s (default)
2019-06-15 12:39:53,026 INFO  server.RaftServerConfigKeys (ConfUtils.java:logGet(43)) - raft.server.watch.timeout.denomination = 1s (default)
2019-06-15 12:39:53,027 INFO  impl.RoleInfo (RoleInfo.java:updateAndGet(143)) - 06cd9fbe-2509-41d0-8222-1ef857baf1b0: start LeaderState
2019-06-15 12:39:53,027 INFO  storage.RaftLogWorker (RaftLogWorker.java:startLogSegment(298)) - 06cd9fbe-2509-41d0-8222-1ef857baf1b0-RaftLogWorker: Starting segment from index:0
2019-06-15 12:39:53,042 INFO  impl.RaftServerImpl (ServerState.java:setRaftConf(361)) - 06cd9fbe-2509-41d0-8222-1ef857baf1b0:group-D7E2274FBBCA set configuration 0: [06cd9fbe-2509-41d0-8222-1ef857baf1b0:192.168.105.164:43429], old=null at 0
2019-06-15 12:39:53,078 INFO  ozone.MiniOzoneClusterImpl (MiniOzoneClusterImpl.java:lambda$waitForClusterToBeReady$0(142)) - Cluster is ready. Got 6 of 6 DN Heartbeats.
2019-06-15 12:39:53,092 INFO  storage.RaftLogWorker (RaftLogWorker.java:execute(469)) - 06cd9fbe-2509-41d0-8222-1ef857baf1b0-RaftLogWorker: created new log segment /opt/src/hadoop-ozone/integration-test/target/test-dir/MiniOzoneClusterImpl-a121c850-4c15-4c09-876e-ef2f648035fb/datanode-4/data/ratis/82ce9290-6be5-474c-a499-d7e2274fbbca/current/log_inprogress_0
2019-06-15 12:39:53,150 INFO  rpc.RpcClient (RpcClient.java:createVolume(289)) - Creating Volume: datanodefailurehandlingtest, with jenkins1000 as owner.
2019-06-15 12:39:53,160 INFO  impl.FollowerState (FollowerState.java:run(101)) - a0d4c14e-3bf9-423f-8883-cd55a775c0a8:group-02984273C38C changes to CANDIDATE, lastRpcTime:1009, electionTimeout:1008ms
2019-06-15 12:39:53,160 INFO  impl.RoleInfo (RoleInfo.java:shutdownFollowerState(121)) - a0d4c14e-3bf9-423f-8883-cd55a775c0a8: shutdown FollowerState
2019-06-15 12:39:53,160 INFO  impl.RaftServerImpl (RaftServerImpl.java:setRole(164)) - a0d4c14e-3bf9-423f-8883-cd55a775c0a8:group-02984273C38C changes role from FOLLOWER to CANDIDATE at term 0 for changeToCandidate
2019-06-15 12:39:53,160 INFO  impl.RoleInfo (RoleInfo.java:updateAndGet(143)) - a0d4c14e-3bf9-423f-8883-cd55a775c0a8: start LeaderElection
2019-06-15 12:39:53,165 INFO  impl.LeaderElection (LeaderElection.java:askForVotes(181)) - a0d4c14e-3bf9-423f-8883-cd55a775c0a8:group-02984273C38C:LeaderElection68: begin an election at term 1 for -1: [a0d4c14e-3bf9-423f-8883-cd55a775c0a8:192.168.105.164:36885, be9c5d1f-9356-4cf9-a475-210319e2e11b:192.168.105.164:45471, 06cd9fbe-2509-41d0-8222-1ef857baf1b0:192.168.105.164:43429], old=null
2019-06-15 12:39:53,166 INFO  rpc.RpcClient (RpcClient.java:createBucket(426)) - Creating Bucket: datanodefailurehandlingtest/datanodefailurehandlingtest, with Versioning false and Storage Type set to DISK and Encryption set to false 
2019-06-15 12:39:53,177 INFO  impl.RaftServerImpl (RaftServerImpl.java:setRole(164)) - be9c5d1f-9356-4cf9-a475-210319e2e11b:group-02984273C38C changes role from FOLLOWER to FOLLOWER at term 1 for recognizeCandidate:a0d4c14e-3bf9-423f-8883-cd55a775c0a8
2019-06-15 12:39:53,177 INFO  impl.RoleInfo (RoleInfo.java:shutdownFollowerState(121)) - be9c5d1f-9356-4cf9-a475-210319e2e11b: shutdown FollowerState
2019-06-15 12:39:53,177 INFO  impl.RoleInfo (RoleInfo.java:updateAndGet(143)) - be9c5d1f-9356-4cf9-a475-210319e2e11b: start FollowerState
2019-06-15 12:39:53,178 INFO  impl.FollowerState (FollowerState.java:run(109)) - be9c5d1f-9356-4cf9-a475-210319e2e11b: FollowerState was interrupted: java.lang.InterruptedException: sleep interrupted
2019-06-15 12:39:53,181 INFO  impl.RaftServerImpl (RaftServerImpl.java:setRole(164)) - 06cd9fbe-2509-41d0-8222-1ef857baf1b0:group-02984273C38C changes role from FOLLOWER to FOLLOWER at term 1 for recognizeCandidate:a0d4c14e-3bf9-423f-8883-cd55a775c0a8
2019-06-15 12:39:53,181 INFO  impl.RoleInfo (RoleInfo.java:shutdownFollowerState(121)) - 06cd9fbe-2509-41d0-8222-1ef857baf1b0: shutdown FollowerState
2019-06-15 12:39:53,181 INFO  impl.RoleInfo (RoleInfo.java:updateAndGet(143)) - 06cd9fbe-2509-41d0-8222-1ef857baf1b0: start FollowerState
2019-06-15 12:39:53,181 INFO  impl.FollowerState (FollowerState.java:run(109)) - 06cd9fbe-2509-41d0-8222-1ef857baf1b0: FollowerState was interrupted: java.lang.InterruptedException: sleep interrupted
2019-06-15 12:39:53,182 INFO  impl.LeaderElection (LeaderElection.java:logAndReturn(56)) - a0d4c14e-3bf9-423f-8883-cd55a775c0a8:group-02984273C38C:LeaderElection68: Election PASSED; received 1 response(s) [a0d4c14e-3bf9-423f-8883-cd55a775c0a8->be9c5d1f-9356-4cf9-a475-210319e2e11b,true-t1] and 0 exception(s); a0d4c14e-3bf9-423f-8883-cd55a775c0a8:t1, leader=null, voted=a0d4c14e-3bf9-423f-8883-cd55a775c0a8, raftlog=a0d4c14e-3bf9-423f-8883-cd55a775c0a8-SegmentedRaftLog:OPENED:c-1,f-1,i0, conf=-1: [a0d4c14e-3bf9-423f-8883-cd55a775c0a8:192.168.105.164:36885, be9c5d1f-9356-4cf9-a475-210319e2e11b:192.168.105.164:45471, 06cd9fbe-2509-41d0-8222-1ef857baf1b0:192.168.105.164:43429], old=null
2019-06-15 12:39:53,182 INFO  impl.RoleInfo (RoleInfo.java:shutdownLeaderElection(134)) - a0d4c14e-3bf9-423f-8883-cd55a775c0a8: shutdown LeaderElection
2019-06-15 12:39:53,183 INFO  impl.RaftServerImpl (RaftServerImpl.java:setRole(164)) - a0d4c14e-3bf9-423f-8883-cd55a775c0a8:group-02984273C38C changes role from CANDIDATE to LEADER at term 1 for changeToLeader
2019-06-15 12:39:53,183 INFO  impl.RaftServerImpl (ServerState.java:setLeader(263)) - a0d4c14e-3bf9-423f-8883-cd55a775c0a8:group-02984273C38C change Leader from null to a0d4c14e-3bf9-423f-8883-cd55a775c0a8 at term 1 for becomeLeader, leader elected after 1038ms
2019-06-15 12:39:53,183 INFO  server.RaftServerConfigKeys (ConfUtils.java:logGet(43)) - raft.server.staging.catchup.gap = 1000 (default)
2019-06-15 12:39:53,183 INFO  server.RaftServerConfigKeys (ConfUtils.java:logGet(43)) - raft.server.rpc.sleep.time = 25ms (default)
2019-06-15 12:39:53,183 INFO  server.RaftServerConfigKeys (ConfUtils.java:logGet(43)) - raft.server.watch.timeout = 10s (default)
2019-06-15 12:39:53,183 INFO  server.RaftServerConfigKeys (ConfUtils.java:logGet(43)) - raft.server.watch.timeout.denomination = 1s (default)
2019-06-15 12:39:53,183 INFO  server.RaftServerConfigKeys (ConfUtils.java:logGet(43)) - raft.server.log.appender.snapshot.chunk.size.max = 16MB (=16777216) (default)
2019-06-15 12:39:53,183 INFO  server.RaftServerConfigKeys (ConfUtils.java:logGet(43)) - raft.server.log.appender.buffer.byte-limit = 33554432 (custom)
2019-06-15 12:39:53,183 INFO  server.RaftServerConfigKeys (ConfUtils.java:logGet(43)) - raft.server.log.appender.buffer.element-limit = 1 (custom)
2019-06-15 12:39:53,183 INFO  grpc.GrpcConfigKeys$Server (ConfUtils.java:logGet(43)) - raft.grpc.server.leader.outstanding.appends.max = 128 (default)
2019-06-15 12:39:53,184 INFO  server.RaftServerConfigKeys (ConfUtils.java:logGet(43)) - raft.server.rpc.request.timeout = 3000ms (default)
2019-06-15 12:39:53,184 INFO  server.RaftServerConfigKeys (ConfUtils.java:logGet(43)) - raft.server.log.appender.install.snapshot.enabled = true (default)
2019-06-15 12:39:53,184 INFO  server.RaftServerConfigKeys (ConfUtils.java:logGet(43)) - raft.server.log.appender.snapshot.chunk.size.max = 16MB (=16777216) (default)
2019-06-15 12:39:53,184 INFO  server.RaftServerConfigKeys (ConfUtils.java:logGet(43)) - raft.server.log.appender.buffer.byte-limit = 33554432 (custom)
2019-06-15 12:39:53,184 INFO  server.RaftServerConfigKeys (ConfUtils.java:logGet(43)) - raft.server.log.appender.buffer.element-limit = 1 (custom)
2019-06-15 12:39:53,184 INFO  grpc.GrpcConfigKeys$Server (ConfUtils.java:logGet(43)) - raft.grpc.server.leader.outstanding.appends.max = 128 (default)
2019-06-15 12:39:53,184 INFO  server.RaftServerConfigKeys (ConfUtils.java:logGet(43)) - raft.server.rpc.request.timeout = 3000ms (default)
2019-06-15 12:39:53,184 INFO  server.RaftServerConfigKeys (ConfUtils.java:logGet(43)) - raft.server.log.appender.install.snapshot.enabled = true (default)
2019-06-15 12:39:53,184 INFO  impl.RoleInfo (RoleInfo.java:updateAndGet(143)) - a0d4c14e-3bf9-423f-8883-cd55a775c0a8: start LeaderState
2019-06-15 12:39:53,184 INFO  storage.RaftLogWorker (RaftLogWorker.java:startLogSegment(298)) - a0d4c14e-3bf9-423f-8883-cd55a775c0a8-RaftLogWorker: Starting segment from index:0
2019-06-15 12:39:53,201 INFO  impl.RaftServerImpl (ServerState.java:setRaftConf(361)) - a0d4c14e-3bf9-423f-8883-cd55a775c0a8:group-02984273C38C set configuration 0: [a0d4c14e-3bf9-423f-8883-cd55a775c0a8:192.168.105.164:36885, be9c5d1f-9356-4cf9-a475-210319e2e11b:192.168.105.164:45471, 06cd9fbe-2509-41d0-8222-1ef857baf1b0:192.168.105.164:43429], old=null at 0
2019-06-15 12:39:53,203 INFO  impl.FollowerState (FollowerState.java:run(101)) - be9c5d1f-9356-4cf9-a475-210319e2e11b:group-45C7D6FEFCCB changes to CANDIDATE, lastRpcTime:1096, electionTimeout:1096ms
2019-06-15 12:39:53,203 INFO  impl.RoleInfo (RoleInfo.java:shutdownFollowerState(121)) - be9c5d1f-9356-4cf9-a475-210319e2e11b: shutdown FollowerState
2019-06-15 12:39:53,203 INFO  impl.RaftServerImpl (RaftServerImpl.java:setRole(164)) - be9c5d1f-9356-4cf9-a475-210319e2e11b:group-45C7D6FEFCCB changes role from FOLLOWER to CANDIDATE at term 0 for changeToCandidate
2019-06-15 12:39:53,203 INFO  impl.RoleInfo (RoleInfo.java:updateAndGet(143)) - be9c5d1f-9356-4cf9-a475-210319e2e11b: start LeaderElection
2019-06-15 12:39:53,204 INFO  impl.RaftServerImpl (ServerState.java:setLeader(263)) - be9c5d1f-9356-4cf9-a475-210319e2e11b:group-02984273C38C change Leader from null to a0d4c14e-3bf9-423f-8883-cd55a775c0a8 at term 1 for appendEntries, leader elected after 1059ms
2019-06-15 12:39:53,215 INFO  impl.RaftServerImpl (ServerState.java:setLeader(263)) - 06cd9fbe-2509-41d0-8222-1ef857baf1b0:group-02984273C38C change Leader from null to a0d4c14e-3bf9-423f-8883-cd55a775c0a8 at term 1 for appendEntries, leader elected after 1068ms
2019-06-15 12:39:53,233 INFO  impl.LeaderElection (LeaderElection.java:askForVotes(181)) - be9c5d1f-9356-4cf9-a475-210319e2e11b:group-45C7D6FEFCCB:LeaderElection69: begin an election at term 1 for -1: [be9c5d1f-9356-4cf9-a475-210319e2e11b:192.168.105.164:45471], old=null
2019-06-15 12:39:53,233 INFO  impl.RoleInfo (RoleInfo.java:shutdownLeaderElection(134)) - be9c5d1f-9356-4cf9-a475-210319e2e11b: shutdown LeaderElection
2019-06-15 12:39:53,233 INFO  impl.RaftServerImpl (RaftServerImpl.java:setRole(164)) - be9c5d1f-9356-4cf9-a475-210319e2e11b:group-45C7D6FEFCCB changes role from CANDIDATE to LEADER at term 1 for changeToLeader
2019-06-15 12:39:53,233 INFO  impl.RaftServerImpl (ServerState.java:setLeader(263)) - be9c5d1f-9356-4cf9-a475-210319e2e11b:group-45C7D6FEFCCB change Leader from null to be9c5d1f-9356-4cf9-a475-210319e2e11b at term 1 for becomeLeader, leader elected after 1129ms
2019-06-15 12:39:53,233 INFO  server.RaftServerConfigKeys (ConfUtils.java:logGet(43)) - raft.server.staging.catchup.gap = 1000 (default)
2019-06-15 12:39:53,233 INFO  server.RaftServerConfigKeys (ConfUtils.java:logGet(43)) - raft.server.rpc.sleep.time = 25ms (default)
2019-06-15 12:39:53,238 INFO  server.RaftServerConfigKeys (ConfUtils.java:logGet(43)) - raft.server.watch.timeout = 10s (default)
2019-06-15 12:39:53,238 INFO  server.RaftServerConfigKeys (ConfUtils.java:logGet(43)) - raft.server.watch.timeout.denomination = 1s (default)
2019-06-15 12:39:53,238 INFO  impl.RoleInfo (RoleInfo.java:updateAndGet(143)) - be9c5d1f-9356-4cf9-a475-210319e2e11b: start LeaderState
2019-06-15 12:39:53,238 INFO  storage.RaftLogWorker (RaftLogWorker.java:startLogSegment(298)) - be9c5d1f-9356-4cf9-a475-210319e2e11b-RaftLogWorker: Starting segment from index:0
2019-06-15 12:39:53,241 INFO  impl.RaftServerImpl (ServerState.java:setRaftConf(361)) - 06cd9fbe-2509-41d0-8222-1ef857baf1b0:group-02984273C38C set configuration 0: [a0d4c14e-3bf9-423f-8883-cd55a775c0a8:192.168.105.164:36885, be9c5d1f-9356-4cf9-a475-210319e2e11b:192.168.105.164:45471, 06cd9fbe-2509-41d0-8222-1ef857baf1b0:192.168.105.164:43429], old=null at 0
2019-06-15 12:39:53,241 INFO  storage.RaftLogWorker (RaftLogWorker.java:startLogSegment(298)) - 06cd9fbe-2509-41d0-8222-1ef857baf1b0-RaftLogWorker: Starting segment from index:0
2019-06-15 12:39:53,251 INFO  impl.RaftServerImpl (ServerState.java:setRaftConf(361)) - be9c5d1f-9356-4cf9-a475-210319e2e11b:group-45C7D6FEFCCB set configuration 0: [be9c5d1f-9356-4cf9-a475-210319e2e11b:192.168.105.164:45471], old=null at 0
2019-06-15 12:39:53,255 INFO  impl.RaftServerImpl (ServerState.java:setRaftConf(361)) - be9c5d1f-9356-4cf9-a475-210319e2e11b:group-02984273C38C set configuration 0: [a0d4c14e-3bf9-423f-8883-cd55a775c0a8:192.168.105.164:36885, be9c5d1f-9356-4cf9-a475-210319e2e11b:192.168.105.164:45471, 06cd9fbe-2509-41d0-8222-1ef857baf1b0:192.168.105.164:43429], old=null at 0
2019-06-15 12:39:53,256 INFO  storage.RaftLogWorker (RaftLogWorker.java:startLogSegment(298)) - be9c5d1f-9356-4cf9-a475-210319e2e11b-RaftLogWorker: Starting segment from index:0
2019-06-15 12:39:53,301 INFO  storage.RaftLogWorker (RaftLogWorker.java:execute(469)) - a0d4c14e-3bf9-423f-8883-cd55a775c0a8-RaftLogWorker: created new log segment /opt/src/hadoop-ozone/integration-test/target/test-dir/MiniOzoneClusterImpl-a121c850-4c15-4c09-876e-ef2f648035fb/datanode-3/data/ratis/c278cc37-a227-45f9-9b24-02984273c38c/current/log_inprogress_0
2019-06-15 12:39:53,345 INFO  storage.RaftLogWorker (RaftLogWorker.java:execute(469)) - be9c5d1f-9356-4cf9-a475-210319e2e11b-RaftLogWorker: created new log segment /opt/src/hadoop-ozone/integration-test/target/test-dir/MiniOzoneClusterImpl-a121c850-4c15-4c09-876e-ef2f648035fb/datanode-5/data/ratis/c278cc37-a227-45f9-9b24-02984273c38c/current/log_inprogress_0
2019-06-15 12:39:53,347 INFO  storage.RaftLogWorker (RaftLogWorker.java:execute(469)) - 06cd9fbe-2509-41d0-8222-1ef857baf1b0-RaftLogWorker: created new log segment /opt/src/hadoop-ozone/integration-test/target/test-dir/MiniOzoneClusterImpl-a121c850-4c15-4c09-876e-ef2f648035fb/datanode-4/data/ratis/c278cc37-a227-45f9-9b24-02984273c38c/current/log_inprogress_0
2019-06-15 12:39:53,347 INFO  storage.RaftLogWorker (RaftLogWorker.java:execute(469)) - be9c5d1f-9356-4cf9-a475-210319e2e11b-RaftLogWorker: created new log segment /opt/src/hadoop-ozone/integration-test/target/test-dir/MiniOzoneClusterImpl-a121c850-4c15-4c09-876e-ef2f648035fb/datanode-5/data/ratis/c4f0e382-21e2-425f-9ba9-45c7d6fefccb/current/log_inprogress_0
2019-06-15 12:39:53,383 INFO  client.GrpcClientProtocolClient (GrpcClientProtocolClient.java:onNext(254)) - client-95E90D1E86A1->56c4b9ac-42f0-4a1e-956c-35b176a673da: receive RaftClientReply:client-95E90D1E86A1->56c4b9ac-42f0-4a1e-956c-35b176a673da@group-40FC5647CB41, cid=172, FAILED org.apache.ratis.protocol.NotLeaderException: Server 56c4b9ac-42f0-4a1e-956c-35b176a673da is not the leader (451719f8-b77c-4f16-9dab-fd6b136b9f81:192.168.105.164:36553). Request must be sent to leader., logIndex=0, commits[56c4b9ac-42f0-4a1e-956c-35b176a673da:c0, 451719f8-b77c-4f16-9dab-fd6b136b9f81:c0, 13c5b6a3-3702-40b3-a56f-a0fd2aac6a73:c-1]
2019-06-15 12:39:53,389 WARN  client.GrpcClientProtocolService (LogUtils.java:warn(134)) - 0-OrderedRequestStreamObserver0: onError: org.apache.ratis.thirdparty.io.grpc.StatusRuntimeException: CANCELLED: cancelled before receiving half close
2019-06-15 12:39:54,397 INFO  client.GrpcClientProtocolClient (GrpcClientProtocolClient.java:onNext(254)) - client-95E90D1E86A1->13c5b6a3-3702-40b3-a56f-a0fd2aac6a73: receive RaftClientReply:client-95E90D1E86A1->13c5b6a3-3702-40b3-a56f-a0fd2aac6a73@group-40FC5647CB41, cid=172, FAILED org.apache.ratis.protocol.NotLeaderException: Server 13c5b6a3-3702-40b3-a56f-a0fd2aac6a73 is not the leader (451719f8-b77c-4f16-9dab-fd6b136b9f81:192.168.105.164:36553). Request must be sent to leader., logIndex=0, commits[13c5b6a3-3702-40b3-a56f-a0fd2aac6a73:c0, 451719f8-b77c-4f16-9dab-fd6b136b9f81:c0, 56c4b9ac-42f0-4a1e-956c-35b176a673da:c0]
2019-06-15 12:39:54,435 WARN  client.GrpcClientProtocolService (LogUtils.java:warn(134)) - 0-OrderedRequestStreamObserver0: onError: org.apache.ratis.thirdparty.io.grpc.StatusRuntimeException: CANCELLED: cancelled before receiving half close
2019-06-15 12:39:55,406 INFO  client.GrpcClientProtocolClient (GrpcClientProtocolClient.java:onNext(254)) - client-95E90D1E86A1->56c4b9ac-42f0-4a1e-956c-35b176a673da: receive RaftClientReply:client-95E90D1E86A1->56c4b9ac-42f0-4a1e-956c-35b176a673da@group-40FC5647CB41, cid=172, FAILED org.apache.ratis.protocol.NotLeaderException: Server 56c4b9ac-42f0-4a1e-956c-35b176a673da is not the leader (451719f8-b77c-4f16-9dab-fd6b136b9f81:192.168.105.164:36553). Request must be sent to leader., logIndex=0, commits[56c4b9ac-42f0-4a1e-956c-35b176a673da:c0, 451719f8-b77c-4f16-9dab-fd6b136b9f81:c0, 13c5b6a3-3702-40b3-a56f-a0fd2aac6a73:c0]
2019-06-15 12:39:55,409 WARN  client.GrpcClientProtocolService (LogUtils.java:warn(134)) - 1-OrderedRequestStreamObserver1: onError: org.apache.ratis.thirdparty.io.grpc.StatusRuntimeException: CANCELLED: cancelled before receiving half close
2019-06-15 12:39:56,416 INFO  client.GrpcClientProtocolClient (GrpcClientProtocolClient.java:onNext(254)) - client-95E90D1E86A1->13c5b6a3-3702-40b3-a56f-a0fd2aac6a73: receive RaftClientReply:client-95E90D1E86A1->13c5b6a3-3702-40b3-a56f-a0fd2aac6a73@group-40FC5647CB41, cid=172, FAILED org.apache.ratis.protocol.NotLeaderException: Server 13c5b6a3-3702-40b3-a56f-a0fd2aac6a73 is not the leader (451719f8-b77c-4f16-9dab-fd6b136b9f81:192.168.105.164:36553). Request must be sent to leader., logIndex=0, commits[13c5b6a3-3702-40b3-a56f-a0fd2aac6a73:c0, 451719f8-b77c-4f16-9dab-fd6b136b9f81:c0, 56c4b9ac-42f0-4a1e-956c-35b176a673da:c0]
2019-06-15 12:39:56,419 WARN  client.GrpcClientProtocolService (LogUtils.java:warn(134)) - 1-OrderedRequestStreamObserver1: onError: org.apache.ratis.thirdparty.io.grpc.StatusRuntimeException: CANCELLED: cancelled before receiving half close
2019-06-15 12:39:57,428 INFO  client.GrpcClientProtocolClient (GrpcClientProtocolClient.java:onNext(254)) - client-95E90D1E86A1->56c4b9ac-42f0-4a1e-956c-35b176a673da: receive RaftClientReply:client-95E90D1E86A1->56c4b9ac-42f0-4a1e-956c-35b176a673da@group-40FC5647CB41, cid=172, FAILED org.apache.ratis.protocol.NotLeaderException: Server 56c4b9ac-42f0-4a1e-956c-35b176a673da is not the leader (451719f8-b77c-4f16-9dab-fd6b136b9f81:192.168.105.164:36553). Request must be sent to leader., logIndex=0, commits[56c4b9ac-42f0-4a1e-956c-35b176a673da:c0, 451719f8-b77c-4f16-9dab-fd6b136b9f81:c0, 13c5b6a3-3702-40b3-a56f-a0fd2aac6a73:c0]
2019-06-15 12:39:57,431 WARN  client.GrpcClientProtocolService (LogUtils.java:warn(134)) - 2-OrderedRequestStreamObserver2: onError: org.apache.ratis.thirdparty.io.grpc.StatusRuntimeException: CANCELLED: cancelled before receiving half close
2019-06-15 12:39:58,441 INFO  client.GrpcClientProtocolClient (GrpcClientProtocolClient.java:onNext(254)) - client-95E90D1E86A1->13c5b6a3-3702-40b3-a56f-a0fd2aac6a73: receive RaftClientReply:client-95E90D1E86A1->13c5b6a3-3702-40b3-a56f-a0fd2aac6a73@group-40FC5647CB41, cid=172, FAILED org.apache.ratis.protocol.NotLeaderException: Server 13c5b6a3-3702-40b3-a56f-a0fd2aac6a73 is not the leader (451719f8-b77c-4f16-9dab-fd6b136b9f81:192.168.105.164:36553). Request must be sent to leader., logIndex=0, commits[13c5b6a3-3702-40b3-a56f-a0fd2aac6a73:c0, 451719f8-b77c-4f16-9dab-fd6b136b9f81:c0, 56c4b9ac-42f0-4a1e-956c-35b176a673da:c0]
2019-06-15 12:39:58,452 WARN  io.KeyOutputStream (KeyOutputStream.java:handleException(276)) - Encountered exception java.io.IOException: Unexpected Storage Container Exception: java.util.concurrent.CompletionException: java.util.concurrent.CompletionException: org.apache.ratis.protocol.RaftRetryFailureException: Failed RaftClientRequest:client-95E90D1E86A1->13c5b6a3-3702-40b3-a56f-a0fd2aac6a73@group-40FC5647CB41, cid=172, seq=1*, RW, org.apache.hadoop.hdds.scm.XceiverClientRatis$$Lambda$433/196668120@243dd296 for 5 attempts with RetryLimited(maxAttempts=5, sleepTime=1000ms) on the pipeline Pipeline[ Id: 271212ad-2d3a-4c75-b0a0-40fc5647cb41, Nodes: 56c4b9ac-42f0-4a1e-956c-35b176a673da{ip: 192.168.105.164, host: ozone-unit-076618677d3-c6b4w-525960908, networkLocation: /default-rack, certSerialId: null}13c5b6a3-3702-40b3-a56f-a0fd2aac6a73{ip: 192.168.105.164, host: ozone-unit-076618677d3-c6b4w-525960908, networkLocation: /default-rack, certSerialId: null}451719f8-b77c-4f16-9dab-fd6b136b9f81{ip: 192.168.105.164, host: ozone-unit-076618677d3-c6b4w-525960908, networkLocation: /default-rack, certSerialId: null}, Type:RATIS, Factor:THREE, State:OPEN]. The last committed block length is 0, uncommitted data length is 2097152 retry count 0
2019-06-15 12:39:58,454 WARN  client.GrpcClientProtocolService (LogUtils.java:warn(134)) - 2-OrderedRequestStreamObserver2: onError: org.apache.ratis.thirdparty.io.grpc.StatusRuntimeException: CANCELLED: cancelled before receiving half close
2019-06-15 12:39:58,478 INFO  client.GrpcClientProtocolClient (GrpcClientProtocolClient.java:onNext(254)) - client-94A457E9C46A->be9c5d1f-9356-4cf9-a475-210319e2e11b: receive RaftClientReply:client-94A457E9C46A->be9c5d1f-9356-4cf9-a475-210319e2e11b@group-02984273C38C, cid=176, FAILED org.apache.ratis.protocol.NotLeaderException: Server be9c5d1f-9356-4cf9-a475-210319e2e11b is not the leader (a0d4c14e-3bf9-423f-8883-cd55a775c0a8:192.168.105.164:36885). Request must be sent to leader., logIndex=0, commits[be9c5d1f-9356-4cf9-a475-210319e2e11b:c0, a0d4c14e-3bf9-423f-8883-cd55a775c0a8:c0, 06cd9fbe-2509-41d0-8222-1ef857baf1b0:c0]
2019-06-15 12:39:58,484 WARN  client.GrpcClientProtocolService (LogUtils.java:warn(134)) - 0-OrderedRequestStreamObserver0: onError: org.apache.ratis.thirdparty.io.grpc.StatusRuntimeException: CANCELLED: cancelled before receiving half close
2019-06-15 12:39:59,539 INFO  client.GrpcClientProtocolClient (GrpcClientProtocolClient.java:onNext(254)) - client-94A457E9C46A->a0d4c14e-3bf9-423f-8883-cd55a775c0a8: receive RaftClientReply:client-94A457E9C46A->a0d4c14e-3bf9-423f-8883-cd55a775c0a8@group-02984273C38C, cid=176, SUCCESS, logIndex=1, commits[a0d4c14e-3bf9-423f-8883-cd55a775c0a8:c1, be9c5d1f-9356-4cf9-a475-210319e2e11b:c0, 06cd9fbe-2509-41d0-8222-1ef857baf1b0:c0]
2019-06-15 12:39:59,594 INFO  client.GrpcClientProtocolClient (GrpcClientProtocolClient.java:onNext(254)) - client-94A457E9C46A->a0d4c14e-3bf9-423f-8883-cd55a775c0a8: receive RaftClientReply:client-94A457E9C46A->a0d4c14e-3bf9-423f-8883-cd55a775c0a8@group-02984273C38C, cid=177, SUCCESS, logIndex=3, commits[a0d4c14e-3bf9-423f-8883-cd55a775c0a8:c4, be9c5d1f-9356-4cf9-a475-210319e2e11b:c3, 06cd9fbe-2509-41d0-8222-1ef857baf1b0:c3]
2019-06-15 12:39:59,635 INFO  client.GrpcClientProtocolClient (GrpcClientProtocolClient.java:onNext(254)) - client-94A457E9C46A->a0d4c14e-3bf9-423f-8883-cd55a775c0a8: receive RaftClientReply:client-94A457E9C46A->a0d4c14e-3bf9-423f-8883-cd55a775c0a8@group-02984273C38C, cid=178, SUCCESS, logIndex=5, commits[a0d4c14e-3bf9-423f-8883-cd55a775c0a8:c5, be9c5d1f-9356-4cf9-a475-210319e2e11b:c4, 06cd9fbe-2509-41d0-8222-1ef857baf1b0:c3]
2019-06-15 12:39:59,643 INFO  client.GrpcClientProtocolClient (GrpcClientProtocolClient.java:onNext(254)) - client-94A457E9C46A->a0d4c14e-3bf9-423f-8883-cd55a775c0a8: receive RaftClientReply:client-94A457E9C46A->a0d4c14e-3bf9-423f-8883-cd55a775c0a8@group-02984273C38C, cid=179, SUCCESS, logIndex=6, commits[a0d4c14e-3bf9-423f-8883-cd55a775c0a8:c7, be9c5d1f-9356-4cf9-a475-210319e2e11b:c5, 06cd9fbe-2509-41d0-8222-1ef857baf1b0:c5]
2019-06-15 12:39:59,692 INFO  client.GrpcClientProtocolClient (GrpcClientProtocolClient.java:onNext(254)) - client-94A457E9C46A->a0d4c14e-3bf9-423f-8883-cd55a775c0a8: receive RaftClientReply:client-94A457E9C46A->a0d4c14e-3bf9-423f-8883-cd55a775c0a8@group-02984273C38C, cid=180, SUCCESS, logIndex=8, commits[a0d4c14e-3bf9-423f-8883-cd55a775c0a8:c8, be9c5d1f-9356-4cf9-a475-210319e2e11b:c7, 06cd9fbe-2509-41d0-8222-1ef857baf1b0:c5]
2019-06-15 12:39:59,694 INFO  client.GrpcClientProtocolClient (GrpcClientProtocolClient.java:onNext(254)) - client-94A457E9C46A->a0d4c14e-3bf9-423f-8883-cd55a775c0a8: receive RaftClientReply:client-94A457E9C46A->a0d4c14e-3bf9-423f-8883-cd55a775c0a8@group-02984273C38C, cid=181, SUCCESS, logIndex=10, commits[a0d4c14e-3bf9-423f-8883-cd55a775c0a8:c10, be9c5d1f-9356-4cf9-a475-210319e2e11b:c8, 06cd9fbe-2509-41d0-8222-1ef857baf1b0:c9]
2019-06-15 12:39:59,714 INFO  client.GrpcClientProtocolClient (GrpcClientProtocolClient.java:onNext(254)) - client-94A457E9C46A->a0d4c14e-3bf9-423f-8883-cd55a775c0a8: receive RaftClientReply:client-94A457E9C46A->a0d4c14e-3bf9-423f-8883-cd55a775c0a8@group-02984273C38C, cid=182, SUCCESS, logIndex=12, commits[a0d4c14e-3bf9-423f-8883-cd55a775c0a8:c12, be9c5d1f-9356-4cf9-a475-210319e2e11b:c10, 06cd9fbe-2509-41d0-8222-1ef857baf1b0:c10]
2019-06-15 12:39:59,717 INFO  client.GrpcClientProtocolClient (GrpcClientProtocolClient.java:onNext(254)) - client-94A457E9C46A->a0d4c14e-3bf9-423f-8883-cd55a775c0a8: receive RaftClientReply:client-94A457E9C46A->a0d4c14e-3bf9-423f-8883-cd55a775c0a8@group-02984273C38C, cid=183, SUCCESS, logIndex=14, commits[a0d4c14e-3bf9-423f-8883-cd55a775c0a8:c14, be9c5d1f-9356-4cf9-a475-210319e2e11b:c12, 06cd9fbe-2509-41d0-8222-1ef857baf1b0:c12]
2019-06-15 12:39:59,728 INFO  client.GrpcClientProtocolClient (GrpcClientProtocolClient.java:onNext(254)) - client-94A457E9C46A->a0d4c14e-3bf9-423f-8883-cd55a775c0a8: receive RaftClientReply:client-94A457E9C46A->a0d4c14e-3bf9-423f-8883-cd55a775c0a8@group-02984273C38C, cid=184, SUCCESS, logIndex=0, commits[a0d4c14e-3bf9-423f-8883-cd55a775c0a8:c15, be9c5d1f-9356-4cf9-a475-210319e2e11b:c14, 06cd9fbe-2509-41d0-8222-1ef857baf1b0:c14]
2019-06-15 12:39:59,738 INFO  datanode.ObjectStoreHandler (ObjectStoreHandler.java:close(155)) - Closing ObjectStoreHandler.
2019-06-15 12:39:59,738 INFO  ozone.HddsDatanodeService (HddsDatanodeService.java:stop(452)) - Stopped plug-in org.apache.hadoop.ozone.web.OzoneHddsDatanodeService@69f01f4b
2019-06-15 12:39:59,738 INFO  statemachine.DatanodeStateMachine (DatanodeStateMachine.java:lambda$startDaemon$0(350)) - Ozone container server started.
2019-06-15 12:39:59,739 INFO  ozoneimpl.OzoneContainer (OzoneContainer.java:stop(199)) - Attempting to stop container services.
2019-06-15 12:39:59,743 INFO  impl.RaftServerProxy (RaftServerProxy.java:lambda$close$4(314)) - be9c5d1f-9356-4cf9-a475-210319e2e11b: close
2019-06-15 12:39:59,743 INFO  impl.RaftServerImpl (RaftServerImpl.java:lambda$shutdown$3(238)) - be9c5d1f-9356-4cf9-a475-210319e2e11b: shutdown group-02984273C38C
2019-06-15 12:39:59,743 INFO  util.JmxRegister (JmxRegister.java:unregister(73)) - Successfully un-registered JMX Bean with object name Ratis:service=RaftServer,group=group-02984273C38C,id=be9c5d1f-9356-4cf9-a475-210319e2e11b
2019-06-15 12:39:59,744 INFO  impl.RoleInfo (RoleInfo.java:shutdownFollowerState(121)) - be9c5d1f-9356-4cf9-a475-210319e2e11b: shutdown FollowerState
2019-06-15 12:39:59,744 INFO  impl.FollowerState (FollowerState.java:run(109)) - be9c5d1f-9356-4cf9-a475-210319e2e11b: FollowerState was interrupted: java.lang.InterruptedException: sleep interrupted
2019-06-15 12:39:59,744 INFO  ratis.ContainerStateMachine (ContainerStateMachine.java:takeSnapshot(245)) - Taking snapshot at termIndex:(t:1, i:14)
2019-06-15 12:39:59,744 INFO  ratis.ContainerStateMachine (ContainerStateMachine.java:takeSnapshot(249)) - Taking a snapshot to file /opt/src/hadoop-ozone/integration-test/target/test-dir/MiniOzoneClusterImpl-a121c850-4c15-4c09-876e-ef2f648035fb/datanode-5/data/ratis/c278cc37-a227-45f9-9b24-02984273c38c/sm/snapshot.1_14
2019-06-15 12:39:59,745 INFO  impl.StateMachineUpdater (StateMachineUpdater.java:stopAndJoin(109)) - StateMachineUpdater-be9c5d1f-9356-4cf9-a475-210319e2e11b-group-02984273C38C: set stopIndex = 14
2019-06-15 12:39:59,745 INFO  impl.RaftServerImpl (ServerState.java:close(394)) - be9c5d1f-9356-4cf9-a475-210319e2e11b:group-02984273C38C closes. The last applied log index is 14
2019-06-15 12:39:59,745 INFO  storage.RaftLogWorker (RaftLogWorker.java:run(236)) - be9c5d1f-9356-4cf9-a475-210319e2e11b-RaftLogWorker was interrupted, exiting. There are 0 tasks remaining in the queue.
2019-06-15 12:39:59,746 INFO  storage.RaftLogWorker (RaftLogWorker.java:close(168)) - be9c5d1f-9356-4cf9-a475-210319e2e11b-RaftLogWorker close()
2019-06-15 12:39:59,746 INFO  impl.RaftServerImpl (RaftServerImpl.java:lambda$shutdown$3(238)) - be9c5d1f-9356-4cf9-a475-210319e2e11b: shutdown group-45C7D6FEFCCB
2019-06-15 12:39:59,747 INFO  util.JmxRegister (JmxRegister.java:unregister(73)) - Successfully un-registered JMX Bean with object name Ratis:service=RaftServer,group=group-45C7D6FEFCCB,id=be9c5d1f-9356-4cf9-a475-210319e2e11b
2019-06-15 12:39:59,747 INFO  impl.RoleInfo (RoleInfo.java:shutdownLeaderState(104)) - be9c5d1f-9356-4cf9-a475-210319e2e11b: shutdown LeaderState
2019-06-15 12:39:59,747 INFO  impl.PendingRequests (PendingRequests.java:sendNotLeaderResponses(140)) - be9c5d1f-9356-4cf9-a475-210319e2e11b-PendingRequests: sendNotLeaderResponses
2019-06-15 12:39:59,747 INFO  impl.StateMachineUpdater (StateMachineUpdater.java:stopAndJoin(109)) - StateMachineUpdater-be9c5d1f-9356-4cf9-a475-210319e2e11b-group-45C7D6FEFCCB: set stopIndex = 0
2019-06-15 12:39:59,747 INFO  ratis.ContainerStateMachine (ContainerStateMachine.java:takeSnapshot(245)) - Taking snapshot at termIndex:(t:0, i:~)
2019-06-15 12:39:59,748 INFO  impl.RaftServerImpl (ServerState.java:close(394)) - be9c5d1f-9356-4cf9-a475-210319e2e11b:group-45C7D6FEFCCB closes. The last applied log index is 0
2019-06-15 12:39:59,748 INFO  storage.RaftLogWorker (RaftLogWorker.java:run(236)) - be9c5d1f-9356-4cf9-a475-210319e2e11b-RaftLogWorker was interrupted, exiting. There are 0 tasks remaining in the queue.
2019-06-15 12:39:59,748 INFO  storage.RaftLogWorker (RaftLogWorker.java:close(168)) - be9c5d1f-9356-4cf9-a475-210319e2e11b-RaftLogWorker close()
2019-06-15 12:39:59,748 INFO  server.GrpcService (GrpcService.java:closeImpl(154)) - be9c5d1f-9356-4cf9-a475-210319e2e11b: shutdown server with port 45471 now
2019-06-15 12:39:59,749 INFO  server.GrpcService (GrpcService.java:closeImpl(162)) - be9c5d1f-9356-4cf9-a475-210319e2e11b: shutdown server with port 45471 successfully
2019-06-15 12:39:59,749 WARN  server.GrpcLogAppender (LogUtils.java:warn(134)) - a0d4c14e-3bf9-423f-8883-cd55a775c0a8: Failed appendEntries to be9c5d1f-9356-4cf9-a475-210319e2e11b:192.168.105.164:45471: org.apache.ratis.thirdparty.io.grpc.StatusRuntimeException: CANCELLED: HTTP/2 error code: CANCEL
Received Rst Stream
2019-06-15 12:39:59,749 INFO  impl.FollowerInfo (FollowerInfo.java:lambda$new$0(50)) - a0d4c14e-3bf9-423f-8883-cd55a775c0a8->be9c5d1f-9356-4cf9-a475-210319e2e11b: nextIndex: updateUnconditionally 17 -> 0
2019-06-15 12:39:59,750 WARN  server.GrpcServerProtocolService (LogUtils.java:warn(134)) - be9c5d1f-9356-4cf9-a475-210319e2e11b: appendEntries onError: org.apache.ratis.thirdparty.io.grpc.StatusRuntimeException: CANCELLED: cancelled before receiving half close
2019-06-15 12:39:59,753 WARN  fs.CachingGetSpaceUsed (CachingGetSpaceUsed.java:run(183)) - Thread Interrupted waiting to refresh disk information: sleep interrupted
2019-06-15 12:39:59,773 INFO  statemachine.DatanodeStateMachine (DatanodeStateMachine.java:stopDaemon(395)) - Ozone container server stopped.
2019-06-15 12:39:59,774 INFO  handler.ContextHandler (ContextHandler.java:doStop(910)) - Stopped o.e.j.w.WebAppContext@7c1a5092{/,null,UNAVAILABLE}{/hddsDatanode}
2019-06-15 12:39:59,774 INFO  server.AbstractConnector (AbstractConnector.java:doStop(318)) - Stopped ServerConnector@24663d05{HTTP/1.1,[http/1.1]}{0.0.0.0:0}
2019-06-15 12:39:59,774 INFO  handler.ContextHandler (ContextHandler.java:doStop(910)) - Stopped o.e.j.s.ServletContextHandler@5cb6fac3{/static,jar:file:/home/user/.m2/repository/org/apache/hadoop/hadoop-hdds-container-service/0.5.0-SNAPSHOT/hadoop-hdds-container-service-0.5.0-SNAPSHOT.jar!/webapps/static,UNAVAILABLE}
2019-06-15 12:39:59,775 INFO  handler.ContextHandler (ContextHandler.java:doStop(910)) - Stopped o.e.j.s.ServletContextHandler@1b13e4fb{/logs,file:///opt/src/hadoop-ozone/integration-test/target/log,UNAVAILABLE}
2019-06-15 12:39:59,776 INFO  datanode.ObjectStoreHandler (ObjectStoreHandler.java:close(155)) - Closing ObjectStoreHandler.
2019-06-15 12:39:59,777 INFO  ozone.HddsDatanodeService (HddsDatanodeService.java:stop(452)) - Stopped plug-in org.apache.hadoop.ozone.web.OzoneHddsDatanodeService@7f0977d6
2019-06-15 12:39:59,780 INFO  statemachine.DatanodeStateMachine (DatanodeStateMachine.java:lambda$startDaemon$0(350)) - Ozone container server started.
2019-06-15 12:39:59,781 INFO  ozoneimpl.OzoneContainer (OzoneContainer.java:stop(199)) - Attempting to stop container services.
2019-06-15 12:39:59,782 INFO  impl.RaftServerProxy (RaftServerProxy.java:lambda$close$4(314)) - a0d4c14e-3bf9-423f-8883-cd55a775c0a8: close
2019-06-15 12:39:59,782 INFO  impl.RaftServerImpl (RaftServerImpl.java:lambda$shutdown$3(238)) - a0d4c14e-3bf9-423f-8883-cd55a775c0a8: shutdown group-02984273C38C
2019-06-15 12:39:59,782 INFO  impl.RaftServerImpl (RaftServerImpl.java:lambda$shutdown$3(238)) - a0d4c14e-3bf9-423f-8883-cd55a775c0a8: shutdown group-8118D1B572DA
2019-06-15 12:39:59,782 INFO  util.JmxRegister (JmxRegister.java:unregister(73)) - Successfully un-registered JMX Bean with object name Ratis:service=RaftServer,group=group-02984273C38C,id=a0d4c14e-3bf9-423f-8883-cd55a775c0a8
2019-06-15 12:39:59,782 INFO  util.JmxRegister (JmxRegister.java:unregister(73)) - Successfully un-registered JMX Bean with object name Ratis:service=RaftServer,group=group-8118D1B572DA,id=a0d4c14e-3bf9-423f-8883-cd55a775c0a8
2019-06-15 12:39:59,782 INFO  impl.RoleInfo (RoleInfo.java:shutdownLeaderState(104)) - a0d4c14e-3bf9-423f-8883-cd55a775c0a8: shutdown LeaderState
2019-06-15 12:39:59,782 INFO  impl.RoleInfo (RoleInfo.java:shutdownLeaderState(104)) - a0d4c14e-3bf9-423f-8883-cd55a775c0a8: shutdown LeaderState
2019-06-15 12:39:59,783 WARN  server.GrpcLogAppender (GrpcLogAppender.java:mayWait(142)) - GrpcLogAppender(a0d4c14e-3bf9-423f-8883-cd55a775c0a8 -> 06cd9fbe-2509-41d0-8222-1ef857baf1b0): Wait interrupted by java.lang.InterruptedException
2019-06-15 12:39:59,783 WARN  server.GrpcLogAppender (GrpcLogAppender.java:mayWait(142)) - GrpcLogAppender(a0d4c14e-3bf9-423f-8883-cd55a775c0a8 -> be9c5d1f-9356-4cf9-a475-210319e2e11b): Wait interrupted by java.lang.InterruptedException
2019-06-15 12:39:59,783 INFO  server.GrpcServerProtocolService (GrpcServerProtocolService.java:onCompleted(104)) - 06cd9fbe-2509-41d0-8222-1ef857baf1b0: appendEntries completed
2019-06-15 12:39:59,783 INFO  server.GrpcLogAppender (GrpcLogAppender.java:onCompleted(277)) - a0d4c14e-3bf9-423f-8883-cd55a775c0a8: follower a0d4c14e-3bf9-423f-8883-cd55a775c0a8->06cd9fbe-2509-41d0-8222-1ef857baf1b0(c14,m15,n17, attendVote=true, lastRpcSendTime=39, lastRpcResponseTime=65) response Completed
2019-06-15 12:39:59,784 INFO  impl.FollowerInfo (FollowerInfo.java:lambda$new$0(50)) - a0d4c14e-3bf9-423f-8883-cd55a775c0a8->06cd9fbe-2509-41d0-8222-1ef857baf1b0: nextIndex: updateUnconditionally 17 -> 0
2019-06-15 12:39:59,783 INFO  impl.PendingRequests (PendingRequests.java:sendNotLeaderResponses(140)) - a0d4c14e-3bf9-423f-8883-cd55a775c0a8-PendingRequests: sendNotLeaderResponses
2019-06-15 12:39:59,783 INFO  impl.PendingRequests (PendingRequests.java:sendNotLeaderResponses(140)) - a0d4c14e-3bf9-423f-8883-cd55a775c0a8-PendingRequests: sendNotLeaderResponses
2019-06-15 12:39:59,786 INFO  impl.StateMachineUpdater (StateMachineUpdater.java:stopAndJoin(109)) - StateMachineUpdater-a0d4c14e-3bf9-423f-8883-cd55a775c0a8-group-8118D1B572DA: set stopIndex = 0
2019-06-15 12:39:59,786 INFO  ratis.ContainerStateMachine (ContainerStateMachine.java:takeSnapshot(245)) - Taking snapshot at termIndex:(t:0, i:~)
2019-06-15 12:39:59,786 INFO  impl.RaftServerImpl (ServerState.java:close(394)) - a0d4c14e-3bf9-423f-8883-cd55a775c0a8:group-8118D1B572DA closes. The last applied log index is 0
2019-06-15 12:39:59,805 INFO  storage.RaftLogWorker (RaftLogWorker.java:run(236)) - a0d4c14e-3bf9-423f-8883-cd55a775c0a8-RaftLogWorker was interrupted, exiting. There are 0 tasks remaining in the queue.
2019-06-15 12:39:59,805 INFO  storage.RaftLogWorker (RaftLogWorker.java:close(168)) - a0d4c14e-3bf9-423f-8883-cd55a775c0a8-RaftLogWorker close()
2019-06-15 12:39:59,809 INFO  impl.StateMachineUpdater (StateMachineUpdater.java:stopAndJoin(109)) - StateMachineUpdater-a0d4c14e-3bf9-423f-8883-cd55a775c0a8-group-02984273C38C: set stopIndex = 15
2019-06-15 12:39:59,809 INFO  ratis.ContainerStateMachine (ContainerStateMachine.java:takeSnapshot(245)) - Taking snapshot at termIndex:(t:1, i:14)
2019-06-15 12:39:59,809 INFO  ratis.ContainerStateMachine (ContainerStateMachine.java:takeSnapshot(249)) - Taking a snapshot to file /opt/src/hadoop-ozone/integration-test/target/test-dir/MiniOzoneClusterImpl-a121c850-4c15-4c09-876e-ef2f648035fb/datanode-3/data/ratis/c278cc37-a227-45f9-9b24-02984273c38c/sm/snapshot.1_14
2019-06-15 12:39:59,809 INFO  impl.RaftServerImpl (ServerState.java:close(394)) - a0d4c14e-3bf9-423f-8883-cd55a775c0a8:group-02984273C38C closes. The last applied log index is 15
2019-06-15 12:39:59,812 INFO  storage.RaftLogWorker (RaftLogWorker.java:run(236)) - a0d4c14e-3bf9-423f-8883-cd55a775c0a8-RaftLogWorker was interrupted, exiting. There are 0 tasks remaining in the queue.
2019-06-15 12:39:59,812 INFO  storage.RaftLogWorker (RaftLogWorker.java:close(168)) - a0d4c14e-3bf9-423f-8883-cd55a775c0a8-RaftLogWorker close()
2019-06-15 12:39:59,812 INFO  server.GrpcService (GrpcService.java:closeImpl(154)) - a0d4c14e-3bf9-423f-8883-cd55a775c0a8: shutdown server with port 36885 now
2019-06-15 12:39:59,816 INFO  server.GrpcService (GrpcService.java:closeImpl(162)) - a0d4c14e-3bf9-423f-8883-cd55a775c0a8: shutdown server with port 36885 successfully
2019-06-15 12:39:59,817 WARN  fs.CachingGetSpaceUsed (CachingGetSpaceUsed.java:run(183)) - Thread Interrupted waiting to refresh disk information: sleep interrupted
2019-06-15 12:39:59,840 INFO  statemachine.DatanodeStateMachine (DatanodeStateMachine.java:stopDaemon(395)) - Ozone container server stopped.
2019-06-15 12:39:59,840 INFO  handler.ContextHandler (ContextHandler.java:doStop(910)) - Stopped o.e.j.w.WebAppContext@48860fb8{/,null,UNAVAILABLE}{/hddsDatanode}
2019-06-15 12:39:59,841 INFO  server.AbstractConnector (AbstractConnector.java:doStop(318)) - Stopped ServerConnector@3343997b{HTTP/1.1,[http/1.1]}{0.0.0.0:0}
2019-06-15 12:39:59,841 INFO  handler.ContextHandler (ContextHandler.java:doStop(910)) - Stopped o.e.j.s.ServletContextHandler@79fc6651{/static,jar:file:/home/user/.m2/repository/org/apache/hadoop/hadoop-hdds-container-service/0.5.0-SNAPSHOT/hadoop-hdds-container-service-0.5.0-SNAPSHOT.jar!/webapps/static,UNAVAILABLE}
2019-06-15 12:39:59,841 INFO  handler.ContextHandler (ContextHandler.java:doStop(910)) - Stopped o.e.j.s.ServletContextHandler@13cfe28b{/logs,file:///opt/src/hadoop-ozone/integration-test/target/log,UNAVAILABLE}
2019-06-15 12:40:01,826 INFO  client.GrpcClientProtocolClient (GrpcClientProtocolClient.java:onNext(254)) - client-94A457E9C46A->06cd9fbe-2509-41d0-8222-1ef857baf1b0: receive RaftClientReply:client-94A457E9C46A->06cd9fbe-2509-41d0-8222-1ef857baf1b0@group-02984273C38C, cid=185, FAILED org.apache.ratis.protocol.NotLeaderException: Server 06cd9fbe-2509-41d0-8222-1ef857baf1b0 is not the leader (a0d4c14e-3bf9-423f-8883-cd55a775c0a8:192.168.105.164:36885). Request must be sent to leader., logIndex=0, commits[06cd9fbe-2509-41d0-8222-1ef857baf1b0:c15, a0d4c14e-3bf9-423f-8883-cd55a775c0a8:c15, be9c5d1f-9356-4cf9-a475-210319e2e11b:c14]
2019-06-15 12:40:01,827 WARN  client.GrpcClientProtocolService (LogUtils.java:warn(134)) - 0-OrderedRequestStreamObserver0: onError: org.apache.ratis.thirdparty.io.grpc.StatusRuntimeException: CANCELLED: cancelled before receiving half close
2019-06-15 12:40:02,004 INFO  impl.FollowerState (FollowerState.java:run(101)) - 06cd9fbe-2509-41d0-8222-1ef857baf1b0:group-02984273C38C changes to CANDIDATE, lastRpcTime:2188, electionTimeout:1136ms
2019-06-15 12:40:02,004 INFO  impl.RoleInfo (RoleInfo.java:shutdownFollowerState(121)) - 06cd9fbe-2509-41d0-8222-1ef857baf1b0: shutdown FollowerState
2019-06-15 12:40:02,005 INFO  impl.RaftServerImpl (RaftServerImpl.java:setRole(164)) - 06cd9fbe-2509-41d0-8222-1ef857baf1b0:group-02984273C38C changes role from FOLLOWER to CANDIDATE at term 1 for changeToCandidate
2019-06-15 12:40:02,005 INFO  impl.RoleInfo (RoleInfo.java:updateAndGet(143)) - 06cd9fbe-2509-41d0-8222-1ef857baf1b0: start LeaderElection
2019-06-15 12:40:02,005 INFO  impl.RaftServerImpl (ServerState.java:setLeader(263)) - 06cd9fbe-2509-41d0-8222-1ef857baf1b0:group-02984273C38C change Leader from a0d4c14e-3bf9-423f-8883-cd55a775c0a8 to null at term 1 for initElection
2019-06-15 12:40:02,008 INFO  impl.LeaderElection (LeaderElection.java:askForVotes(181)) - 06cd9fbe-2509-41d0-8222-1ef857baf1b0:group-02984273C38C:LeaderElection70: begin an election at term 2 for 0: [a0d4c14e-3bf9-423f-8883-cd55a775c0a8:192.168.105.164:36885, be9c5d1f-9356-4cf9-a475-210319e2e11b:192.168.105.164:45471, 06cd9fbe-2509-41d0-8222-1ef857baf1b0:192.168.105.164:43429], old=null
2019-06-15 12:40:02,010 INFO  impl.LeaderElection (LogUtils.java:infoOrTrace(149)) - 06cd9fbe-2509-41d0-8222-1ef857baf1b0:group-02984273C38C:LeaderElection70 got exception when requesting votes: {}
java.util.concurrent.ExecutionException: org.apache.ratis.thirdparty.io.grpc.StatusRuntimeException: UNAVAILABLE: io exception
	at java.util.concurrent.FutureTask.report(FutureTask.java:122)
	at java.util.concurrent.FutureTask.get(FutureTask.java:192)
	at org.apache.ratis.server.impl.LeaderElection.waitForResults(LeaderElection.java:262)
	at org.apache.ratis.server.impl.LeaderElection.askForVotes(LeaderElection.java:200)
	at org.apache.ratis.server.impl.LeaderElection.run(LeaderElection.java:130)
	at java.lang.Thread.run(Thread.java:748)
Caused by: org.apache.ratis.thirdparty.io.grpc.StatusRuntimeException: UNAVAILABLE: io exception
	at org.apache.ratis.thirdparty.io.grpc.stub.ClientCalls.toStatusRuntimeException(ClientCalls.java:233)
	at org.apache.ratis.thirdparty.io.grpc.stub.ClientCalls.getUnchecked(ClientCalls.java:214)
	at org.apache.ratis.thirdparty.io.grpc.stub.ClientCalls.blockingUnaryCall(ClientCalls.java:139)
	at org.apache.ratis.proto.grpc.RaftServerProtocolServiceGrpc$RaftServerProtocolServiceBlockingStub.requestVote(RaftServerProtocolServiceGrpc.java:265)
	at org.apache.ratis.grpc.server.GrpcServerProtocolClient.requestVote(GrpcServerProtocolClient.java:83)
	at org.apache.ratis.grpc.server.GrpcService.requestVote(GrpcService.java:194)
	at org.apache.ratis.server.impl.LeaderElection.lambda$submitRequests$1(LeaderElection.java:237)
	at java.util.concurrent.FutureTask.run(FutureTask.java:266)
	at java.util.concurrent.Executors$RunnableAdapter.call(Executors.java:511)
	at java.util.concurrent.FutureTask.run(FutureTask.java:266)
	at java.util.concurrent.ThreadPoolExecutor.runWorker(ThreadPoolExecutor.java:1149)
	at java.util.concurrent.ThreadPoolExecutor$Worker.run(ThreadPoolExecutor.java:624)
	... 1 more
Caused by: org.apache.ratis.thirdparty.io.netty.channel.AbstractChannel$AnnotatedConnectException: Connection refused: /192.168.105.164:36885
	at sun.nio.ch.SocketChannelImpl.checkConnect(Native Method)
	at sun.nio.ch.SocketChannelImpl.finishConnect(SocketChannelImpl.java:717)
	at org.apache.ratis.thirdparty.io.netty.channel.socket.nio.NioSocketChannel.doFinishConnect(NioSocketChannel.java:327)
	at org.apache.ratis.thirdparty.io.netty.channel.nio.AbstractNioChannel$AbstractNioUnsafe.finishConnect(AbstractNioChannel.java:340)
	at org.apache.ratis.thirdparty.io.netty.channel.nio.NioEventLoop.processSelectedKey(NioEventLoop.java:632)
	at org.apache.ratis.thirdparty.io.netty.channel.nio.NioEventLoop.processSelectedKeysOptimized(NioEventLoop.java:579)
	at org.apache.ratis.thirdparty.io.netty.channel.nio.NioEventLoop.processSelectedKeys(NioEventLoop.java:496)
	at org.apache.ratis.thirdparty.io.netty.channel.nio.NioEventLoop.run(NioEventLoop.java:458)
	at org.apache.ratis.thirdparty.io.netty.util.concurrent.SingleThreadEventExecutor$5.run(SingleThreadEventExecutor.java:897)
	at org.apache.ratis.thirdparty.io.netty.util.concurrent.FastThreadLocalRunnable.run(FastThreadLocalRunnable.java:30)
	... 1 more
Caused by: java.net.ConnectException: Connection refused
	... 11 more
2019-06-15 12:40:02,013 INFO  impl.LeaderElection (LogUtils.java:infoOrTrace(149)) - 06cd9fbe-2509-41d0-8222-1ef857baf1b0:group-02984273C38C:LeaderElection70 got exception when requesting votes: {}
java.util.concurrent.ExecutionException: org.apache.ratis.thirdparty.io.grpc.StatusRuntimeException: UNAVAILABLE: io exception
	at java.util.concurrent.FutureTask.report(FutureTask.java:122)
	at java.util.concurrent.FutureTask.get(FutureTask.java:192)
	at org.apache.ratis.server.impl.LeaderElection.waitForResults(LeaderElection.java:262)
	at org.apache.ratis.server.impl.LeaderElection.askForVotes(LeaderElection.java:200)
	at org.apache.ratis.server.impl.LeaderElection.run(LeaderElection.java:130)
	at java.lang.Thread.run(Thread.java:748)
Caused by: org.apache.ratis.thirdparty.io.grpc.StatusRuntimeException: UNAVAILABLE: io exception
	at org.apache.ratis.thirdparty.io.grpc.stub.ClientCalls.toStatusRuntimeException(ClientCalls.java:233)
	at org.apache.ratis.thirdparty.io.grpc.stub.ClientCalls.getUnchecked(ClientCalls.java:214)
	at org.apache.ratis.thirdparty.io.grpc.stub.ClientCalls.blockingUnaryCall(ClientCalls.java:139)
	at org.apache.ratis.proto.grpc.RaftServerProtocolServiceGrpc$RaftServerProtocolServiceBlockingStub.requestVote(RaftServerProtocolServiceGrpc.java:265)
	at org.apache.ratis.grpc.server.GrpcServerProtocolClient.requestVote(GrpcServerProtocolClient.java:83)
	at org.apache.ratis.grpc.server.GrpcService.requestVote(GrpcService.java:194)
	at org.apache.ratis.server.impl.LeaderElection.lambda$submitRequests$1(LeaderElection.java:237)
	at java.util.concurrent.FutureTask.run(FutureTask.java:266)
	at java.util.concurrent.Executors$RunnableAdapter.call(Executors.java:511)
	at java.util.concurrent.FutureTask.run(FutureTask.java:266)
	at java.util.concurrent.ThreadPoolExecutor.runWorker(ThreadPoolExecutor.java:1149)
	at java.util.concurrent.ThreadPoolExecutor$Worker.run(ThreadPoolExecutor.java:624)
	... 1 more
Caused by: org.apache.ratis.thirdparty.io.netty.channel.AbstractChannel$AnnotatedConnectException: Connection refused: /192.168.105.164:45471
	at sun.nio.ch.SocketChannelImpl.checkConnect(Native Method)
	at sun.nio.ch.SocketChannelImpl.finishConnect(SocketChannelImpl.java:717)
	at org.apache.ratis.thirdparty.io.netty.channel.socket.nio.NioSocketChannel.doFinishConnect(NioSocketChannel.java:327)
	at org.apache.ratis.thirdparty.io.netty.channel.nio.AbstractNioChannel$AbstractNioUnsafe.finishConnect(AbstractNioChannel.java:340)
	at org.apache.ratis.thirdparty.io.netty.channel.nio.NioEventLoop.processSelectedKey(NioEventLoop.java:632)
	at org.apache.ratis.thirdparty.io.netty.channel.nio.NioEventLoop.processSelectedKeysOptimized(NioEventLoop.java:579)
	at org.apache.ratis.thirdparty.io.netty.channel.nio.NioEventLoop.processSelectedKeys(NioEventLoop.java:496)
	at org.apache.ratis.thirdparty.io.netty.channel.nio.NioEventLoop.run(NioEventLoop.java:458)
	at org.apache.ratis.thirdparty.io.netty.util.concurrent.SingleThreadEventExecutor$5.run(SingleThreadEventExecutor.java:897)
	at org.apache.ratis.thirdparty.io.netty.util.concurrent.FastThreadLocalRunnable.run(FastThreadLocalRunnable.java:30)
	... 1 more
Caused by: java.net.ConnectException: Connection refused
	... 11 more
2019-06-15 12:40:02,014 INFO  impl.LeaderElection (LeaderElection.java:logAndReturn(56)) - 06cd9fbe-2509-41d0-8222-1ef857baf1b0:group-02984273C38C:LeaderElection70: Election REJECTED; received 0 response(s) [] and 2 exception(s); 06cd9fbe-2509-41d0-8222-1ef857baf1b0:t2, leader=null, voted=06cd9fbe-2509-41d0-8222-1ef857baf1b0, raftlog=06cd9fbe-2509-41d0-8222-1ef857baf1b0-SegmentedRaftLog:OPENED:c15,f16,i16, conf=0: [a0d4c14e-3bf9-423f-8883-cd55a775c0a8:192.168.105.164:36885, be9c5d1f-9356-4cf9-a475-210319e2e11b:192.168.105.164:45471, 06cd9fbe-2509-41d0-8222-1ef857baf1b0:192.168.105.164:43429], old=null
2019-06-15 12:40:02,014 INFO  impl.LeaderElection (LogUtils.java:infoOrTrace(149)) -   Exception 0: {}
java.util.concurrent.ExecutionException: org.apache.ratis.thirdparty.io.grpc.StatusRuntimeException: UNAVAILABLE: io exception
	at java.util.concurrent.FutureTask.report(FutureTask.java:122)
	at java.util.concurrent.FutureTask.get(FutureTask.java:192)
	at org.apache.ratis.server.impl.LeaderElection.waitForResults(LeaderElection.java:262)
	at org.apache.ratis.server.impl.LeaderElection.askForVotes(LeaderElection.java:200)
	at org.apache.ratis.server.impl.LeaderElection.run(LeaderElection.java:130)
	at java.lang.Thread.run(Thread.java:748)
Caused by: org.apache.ratis.thirdparty.io.grpc.StatusRuntimeException: UNAVAILABLE: io exception
	at org.apache.ratis.thirdparty.io.grpc.stub.ClientCalls.toStatusRuntimeException(ClientCalls.java:233)
	at org.apache.ratis.thirdparty.io.grpc.stub.ClientCalls.getUnchecked(ClientCalls.java:214)
	at org.apache.ratis.thirdparty.io.grpc.stub.ClientCalls.blockingUnaryCall(ClientCalls.java:139)
	at org.apache.ratis.proto.grpc.RaftServerProtocolServiceGrpc$RaftServerProtocolServiceBlockingStub.requestVote(RaftServerProtocolServiceGrpc.java:265)
	at org.apache.ratis.grpc.server.GrpcServerProtocolClient.requestVote(GrpcServerProtocolClient.java:83)
	at org.apache.ratis.grpc.server.GrpcService.requestVote(GrpcService.java:194)
	at org.apache.ratis.server.impl.LeaderElection.lambda$submitRequests$1(LeaderElection.java:237)
	at java.util.concurrent.FutureTask.run(FutureTask.java:266)
	at java.util.concurrent.Executors$RunnableAdapter.call(Executors.java:511)
	at java.util.concurrent.FutureTask.run(FutureTask.java:266)
	at java.util.concurrent.ThreadPoolExecutor.runWorker(ThreadPoolExecutor.java:1149)
	at java.util.concurrent.ThreadPoolExecutor$Worker.run(ThreadPoolExecutor.java:624)
	... 1 more
Caused by: org.apache.ratis.thirdparty.io.netty.channel.AbstractChannel$AnnotatedConnectException: Connection refused: /192.168.105.164:36885
	at sun.nio.ch.SocketChannelImpl.checkConnect(Native Method)
	at sun.nio.ch.SocketChannelImpl.finishConnect(SocketChannelImpl.java:717)
	at org.apache.ratis.thirdparty.io.netty.channel.socket.nio.NioSocketChannel.doFinishConnect(NioSocketChannel.java:327)
	at org.apache.ratis.thirdparty.io.netty.channel.nio.AbstractNioChannel$AbstractNioUnsafe.finishConnect(AbstractNioChannel.java:340)
	at org.apache.ratis.thirdparty.io.netty.channel.nio.NioEventLoop.processSelectedKey(NioEventLoop.java:632)
	at org.apache.ratis.thirdparty.io.netty.channel.nio.NioEventLoop.processSelectedKeysOptimized(NioEventLoop.java:579)
	at org.apache.ratis.thirdparty.io.netty.channel.nio.NioEventLoop.processSelectedKeys(NioEventLoop.java:496)
	at org.apache.ratis.thirdparty.io.netty.channel.nio.NioEventLoop.run(NioEventLoop.java:458)
	at org.apache.ratis.thirdparty.io.netty.util.concurrent.SingleThreadEventExecutor$5.run(SingleThreadEventExecutor.java:897)
	at org.apache.ratis.thirdparty.io.netty.util.concurrent.FastThreadLocalRunnable.run(FastThreadLocalRunnable.java:30)
	... 1 more
Caused by: java.net.ConnectException: Connection refused
	... 11 more
2019-06-15 12:40:02,015 INFO  impl.LeaderElection (LogUtils.java:infoOrTrace(149)) -   Exception 1: {}
java.util.concurrent.ExecutionException: org.apache.ratis.thirdparty.io.grpc.StatusRuntimeException: UNAVAILABLE: io exception
	at java.util.concurrent.FutureTask.report(FutureTask.java:122)
	at java.util.concurrent.FutureTask.get(FutureTask.java:192)
	at org.apache.ratis.server.impl.LeaderElection.waitForResults(LeaderElection.java:262)
	at org.apache.ratis.server.impl.LeaderElection.askForVotes(LeaderElection.java:200)
	at org.apache.ratis.server.impl.LeaderElection.run(LeaderElection.java:130)
	at java.lang.Thread.run(Thread.java:748)
Caused by: org.apache.ratis.thirdparty.io.grpc.StatusRuntimeException: UNAVAILABLE: io exception
	at org.apache.ratis.thirdparty.io.grpc.stub.ClientCalls.toStatusRuntimeException(ClientCalls.java:233)
	at org.apache.ratis.thirdparty.io.grpc.stub.ClientCalls.getUnchecked(ClientCalls.java:214)
	at org.apache.ratis.thirdparty.io.grpc.stub.ClientCalls.blockingUnaryCall(ClientCalls.java:139)
	at org.apache.ratis.proto.grpc.RaftServerProtocolServiceGrpc$RaftServerProtocolServiceBlockingStub.requestVote(RaftServerProtocolServiceGrpc.java:265)
	at org.apache.ratis.grpc.server.GrpcServerProtocolClient.requestVote(GrpcServerProtocolClient.java:83)
	at org.apache.ratis.grpc.server.GrpcService.requestVote(GrpcService.java:194)
	at org.apache.ratis.server.impl.LeaderElection.lambda$submitRequests$1(LeaderElection.java:237)
	at java.util.concurrent.FutureTask.run(FutureTask.java:266)
	at java.util.concurrent.Executors$RunnableAdapter.call(Executors.java:511)
	at java.util.concurrent.FutureTask.run(FutureTask.java:266)
	at java.util.concurrent.ThreadPoolExecutor.runWorker(ThreadPoolExecutor.java:1149)
	at java.util.concurrent.ThreadPoolExecutor$Worker.run(ThreadPoolExecutor.java:624)
	... 1 more
Caused by: org.apache.ratis.thirdparty.io.netty.channel.AbstractChannel$AnnotatedConnectException: Connection refused: /192.168.105.164:45471
	at sun.nio.ch.SocketChannelImpl.checkConnect(Native Method)
	at sun.nio.ch.SocketChannelImpl.finishConnect(SocketChannelImpl.java:717)
	at org.apache.ratis.thirdparty.io.netty.channel.socket.nio.NioSocketChannel.doFinishConnect(NioSocketChannel.java:327)
	at org.apache.ratis.thirdparty.io.netty.channel.nio.AbstractNioChannel$AbstractNioUnsafe.finishConnect(AbstractNioChannel.java:340)
	at org.apache.ratis.thirdparty.io.netty.channel.nio.NioEventLoop.processSelectedKey(NioEventLoop.java:632)
	at org.apache.ratis.thirdparty.io.netty.channel.nio.NioEventLoop.processSelectedKeysOptimized(NioEventLoop.java:579)
	at org.apache.ratis.thirdparty.io.netty.channel.nio.NioEventLoop.processSelectedKeys(NioEventLoop.java:496)
	at org.apache.ratis.thirdparty.io.netty.channel.nio.NioEventLoop.run(NioEventLoop.java:458)
	at org.apache.ratis.thirdparty.io.netty.util.concurrent.SingleThreadEventExecutor$5.run(SingleThreadEventExecutor.java:897)
	at org.apache.ratis.thirdparty.io.netty.util.concurrent.FastThreadLocalRunnable.run(FastThreadLocalRunnable.java:30)
	... 1 more
Caused by: java.net.ConnectException: Connection refused
	... 11 more
2019-06-15 12:40:02,015 INFO  impl.RaftServerImpl (RaftServerImpl.java:setRole(164)) - 06cd9fbe-2509-41d0-8222-1ef857baf1b0:group-02984273C38C changes role from CANDIDATE to FOLLOWER at term 2 for DISCOVERED_A_NEW_TERM
2019-06-15 12:40:02,015 INFO  impl.RoleInfo (RoleInfo.java:shutdownLeaderElection(134)) - 06cd9fbe-2509-41d0-8222-1ef857baf1b0: shutdown LeaderElection
2019-06-15 12:40:02,015 INFO  impl.RoleInfo (RoleInfo.java:updateAndGet(143)) - 06cd9fbe-2509-41d0-8222-1ef857baf1b0: start FollowerState
2019-06-15 12:40:02,548 INFO  node.StaleNodeHandler (StaleNodeHandler.java:onMessage(58)) - Datanode be9c5d1f-9356-4cf9-a475-210319e2e11b{ip: 192.168.105.164, host: ozone-unit-076618677d3-c6b4w-525960908, networkLocation: /default-rack, certSerialId: null} moved to stale state. Finalizing its pipelines [PipelineID=c278cc37-a227-45f9-9b24-02984273c38c, PipelineID=c4f0e382-21e2-425f-9ba9-45c7d6fefccb]
2019-06-15 12:40:02,548 INFO  pipeline.SCMPipelineManager (SCMPipelineManager.java:finalizeAndDestroyPipeline(307)) - destroying pipeline:Pipeline[ Id: c278cc37-a227-45f9-9b24-02984273c38c, Nodes: be9c5d1f-9356-4cf9-a475-210319e2e11b{ip: 192.168.105.164, host: ozone-unit-076618677d3-c6b4w-525960908, networkLocation: /default-rack, certSerialId: null}a0d4c14e-3bf9-423f-8883-cd55a775c0a8{ip: 192.168.105.164, host: ozone-unit-076618677d3-c6b4w-525960908, networkLocation: /default-rack, certSerialId: null}06cd9fbe-2509-41d0-8222-1ef857baf1b0{ip: 192.168.105.164, host: ozone-unit-076618677d3-c6b4w-525960908, networkLocation: /default-rack, certSerialId: null}, Type:RATIS, Factor:THREE, State:OPEN]
2019-06-15 12:40:02,548 INFO  pipeline.PipelineStateManager (PipelineStateManager.java:finalizePipeline(123)) - Pipeline Pipeline[ Id: c278cc37-a227-45f9-9b24-02984273c38c, Nodes: be9c5d1f-9356-4cf9-a475-210319e2e11b{ip: 192.168.105.164, host: ozone-unit-076618677d3-c6b4w-525960908, networkLocation: /default-rack, certSerialId: null}a0d4c14e-3bf9-423f-8883-cd55a775c0a8{ip: 192.168.105.164, host: ozone-unit-076618677d3-c6b4w-525960908, networkLocation: /default-rack, certSerialId: null}06cd9fbe-2509-41d0-8222-1ef857baf1b0{ip: 192.168.105.164, host: ozone-unit-076618677d3-c6b4w-525960908, networkLocation: /default-rack, certSerialId: null}, Type:RATIS, Factor:THREE, State:CLOSED] moved to CLOSED state
2019-06-15 12:40:02,548 INFO  container.CloseContainerEventHandler (CloseContainerEventHandler.java:onMessage(61)) - Close container Event triggered for container : #2
2019-06-15 12:40:02,548 INFO  pipeline.SCMPipelineManager (SCMPipelineManager.java:finalizeAndDestroyPipeline(307)) - destroying pipeline:Pipeline[ Id: c4f0e382-21e2-425f-9ba9-45c7d6fefccb, Nodes: be9c5d1f-9356-4cf9-a475-210319e2e11b{ip: 192.168.105.164, host: ozone-unit-076618677d3-c6b4w-525960908, networkLocation: /default-rack, certSerialId: null}, Type:RATIS, Factor:ONE, State:OPEN]
2019-06-15 12:40:02,548 INFO  pipeline.PipelineStateManager (PipelineStateManager.java:finalizePipeline(123)) - Pipeline Pipeline[ Id: c4f0e382-21e2-425f-9ba9-45c7d6fefccb, Nodes: be9c5d1f-9356-4cf9-a475-210319e2e11b{ip: 192.168.105.164, host: ozone-unit-076618677d3-c6b4w-525960908, networkLocation: /default-rack, certSerialId: null}, Type:RATIS, Factor:ONE, State:CLOSED] moved to CLOSED state
2019-06-15 12:40:02,549 INFO  container.CloseContainerEventHandler (CloseContainerEventHandler.java:onMessage(61)) - Close container Event triggered for container : #3
2019-06-15 12:40:02,848 INFO  node.StaleNodeHandler (StaleNodeHandler.java:onMessage(58)) - Datanode a0d4c14e-3bf9-423f-8883-cd55a775c0a8{ip: 192.168.105.164, host: ozone-unit-076618677d3-c6b4w-525960908, networkLocation: /default-rack, certSerialId: null} moved to stale state. Finalizing its pipelines [PipelineID=c278cc37-a227-45f9-9b24-02984273c38c, PipelineID=196e43b5-abfd-4801-bc09-8118d1b572da]
2019-06-15 12:40:02,848 INFO  pipeline.SCMPipelineManager (SCMPipelineManager.java:finalizeAndDestroyPipeline(307)) - destroying pipeline:Pipeline[ Id: c278cc37-a227-45f9-9b24-02984273c38c, Nodes: be9c5d1f-9356-4cf9-a475-210319e2e11b{ip: 192.168.105.164, host: ozone-unit-076618677d3-c6b4w-525960908, networkLocation: /default-rack, certSerialId: null}a0d4c14e-3bf9-423f-8883-cd55a775c0a8{ip: 192.168.105.164, host: ozone-unit-076618677d3-c6b4w-525960908, networkLocation: /default-rack, certSerialId: null}06cd9fbe-2509-41d0-8222-1ef857baf1b0{ip: 192.168.105.164, host: ozone-unit-076618677d3-c6b4w-525960908, networkLocation: /default-rack, certSerialId: null}, Type:RATIS, Factor:THREE, State:CLOSED]
2019-06-15 12:40:02,848 INFO  pipeline.SCMPipelineManager (SCMPipelineManager.java:finalizeAndDestroyPipeline(307)) - destroying pipeline:Pipeline[ Id: 196e43b5-abfd-4801-bc09-8118d1b572da, Nodes: a0d4c14e-3bf9-423f-8883-cd55a775c0a8{ip: 192.168.105.164, host: ozone-unit-076618677d3-c6b4w-525960908, networkLocation: /default-rack, certSerialId: null}, Type:RATIS, Factor:ONE, State:OPEN]
2019-06-15 12:40:02,848 INFO  pipeline.PipelineStateManager (PipelineStateManager.java:finalizePipeline(123)) - Pipeline Pipeline[ Id: 196e43b5-abfd-4801-bc09-8118d1b572da, Nodes: a0d4c14e-3bf9-423f-8883-cd55a775c0a8{ip: 192.168.105.164, host: ozone-unit-076618677d3-c6b4w-525960908, networkLocation: /default-rack, certSerialId: null}, Type:RATIS, Factor:ONE, State:CLOSED] moved to CLOSED state
2019-06-15 12:40:03,154 INFO  impl.FollowerState (FollowerState.java:run(101)) - 06cd9fbe-2509-41d0-8222-1ef857baf1b0:group-02984273C38C changes to CANDIDATE, lastRpcTime:1139, electionTimeout:1139ms
2019-06-15 12:40:03,154 INFO  impl.RoleInfo (RoleInfo.java:shutdownFollowerState(121)) - 06cd9fbe-2509-41d0-8222-1ef857baf1b0: shutdown FollowerState
2019-06-15 12:40:03,155 INFO  impl.RaftServerImpl (RaftServerImpl.java:setRole(164)) - 06cd9fbe-2509-41d0-8222-1ef857baf1b0:group-02984273C38C changes role from FOLLOWER to CANDIDATE at term 2 for changeToCandidate
2019-06-15 12:40:03,155 INFO  impl.RoleInfo (RoleInfo.java:updateAndGet(143)) - 06cd9fbe-2509-41d0-8222-1ef857baf1b0: start LeaderElection
2019-06-15 12:40:03,157 INFO  impl.LeaderElection (LeaderElection.java:askForVotes(181)) - 06cd9fbe-2509-41d0-8222-1ef857baf1b0:group-02984273C38C:LeaderElection71: begin an election at term 3 for 0: [a0d4c14e-3bf9-423f-8883-cd55a775c0a8:192.168.105.164:36885, be9c5d1f-9356-4cf9-a475-210319e2e11b:192.168.105.164:45471, 06cd9fbe-2509-41d0-8222-1ef857baf1b0:192.168.105.164:43429], old=null
2019-06-15 12:40:03,159 INFO  impl.LeaderElection (LogUtils.java:infoOrTrace(149)) - 06cd9fbe-2509-41d0-8222-1ef857baf1b0:group-02984273C38C:LeaderElection71 got exception when requesting votes: {}
java.util.concurrent.ExecutionException: org.apache.ratis.thirdparty.io.grpc.StatusRuntimeException: UNAVAILABLE: io exception
	at java.util.concurrent.FutureTask.report(FutureTask.java:122)
	at java.util.concurrent.FutureTask.get(FutureTask.java:192)
	at org.apache.ratis.server.impl.LeaderElection.waitForResults(LeaderElection.java:262)
	at org.apache.ratis.server.impl.LeaderElection.askForVotes(LeaderElection.java:200)
	at org.apache.ratis.server.impl.LeaderElection.run(LeaderElection.java:130)
	at java.lang.Thread.run(Thread.java:748)
Caused by: org.apache.ratis.thirdparty.io.grpc.StatusRuntimeException: UNAVAILABLE: io exception
	at org.apache.ratis.thirdparty.io.grpc.stub.ClientCalls.toStatusRuntimeException(ClientCalls.java:233)
	at org.apache.ratis.thirdparty.io.grpc.stub.ClientCalls.getUnchecked(ClientCalls.java:214)
	at org.apache.ratis.thirdparty.io.grpc.stub.ClientCalls.blockingUnaryCall(ClientCalls.java:139)
	at org.apache.ratis.proto.grpc.RaftServerProtocolServiceGrpc$RaftServerProtocolServiceBlockingStub.requestVote(RaftServerProtocolServiceGrpc.java:265)
	at org.apache.ratis.grpc.server.GrpcServerProtocolClient.requestVote(GrpcServerProtocolClient.java:83)
	at org.apache.ratis.grpc.server.GrpcService.requestVote(GrpcService.java:194)
	at org.apache.ratis.server.impl.LeaderElection.lambda$submitRequests$1(LeaderElection.java:237)
	at java.util.concurrent.FutureTask.run(FutureTask.java:266)
	at java.util.concurrent.Executors$RunnableAdapter.call(Executors.java:511)
	at java.util.concurrent.FutureTask.run(FutureTask.java:266)
	at java.util.concurrent.ThreadPoolExecutor.runWorker(ThreadPoolExecutor.java:1149)
	at java.util.concurrent.ThreadPoolExecutor$Worker.run(ThreadPoolExecutor.java:624)
	... 1 more
Caused by: org.apache.ratis.thirdparty.io.netty.channel.AbstractChannel$AnnotatedConnectException: Connection refused: /192.168.105.164:36885
	at sun.nio.ch.SocketChannelImpl.checkConnect(Native Method)
	at sun.nio.ch.SocketChannelImpl.finishConnect(SocketChannelImpl.java:717)
	at org.apache.ratis.thirdparty.io.netty.channel.socket.nio.NioSocketChannel.doFinishConnect(NioSocketChannel.java:327)
	at org.apache.ratis.thirdparty.io.netty.channel.nio.AbstractNioChannel$AbstractNioUnsafe.finishConnect(AbstractNioChannel.java:340)
	at org.apache.ratis.thirdparty.io.netty.channel.nio.NioEventLoop.processSelectedKey(NioEventLoop.java:632)
	at org.apache.ratis.thirdparty.io.netty.channel.nio.NioEventLoop.processSelectedKeysOptimized(NioEventLoop.java:579)
	at org.apache.ratis.thirdparty.io.netty.channel.nio.NioEventLoop.processSelectedKeys(NioEventLoop.java:496)
	at org.apache.ratis.thirdparty.io.netty.channel.nio.NioEventLoop.run(NioEventLoop.java:458)
	at org.apache.ratis.thirdparty.io.netty.util.concurrent.SingleThreadEventExecutor$5.run(SingleThreadEventExecutor.java:897)
	at org.apache.ratis.thirdparty.io.netty.util.concurrent.FastThreadLocalRunnable.run(FastThreadLocalRunnable.java:30)
	... 1 more
Caused by: java.net.ConnectException: Connection refused
	... 11 more
2019-06-15 12:40:03,161 INFO  impl.LeaderElection (LogUtils.java:infoOrTrace(149)) - 06cd9fbe-2509-41d0-8222-1ef857baf1b0:group-02984273C38C:LeaderElection71 got exception when requesting votes: {}
java.util.concurrent.ExecutionException: org.apache.ratis.thirdparty.io.grpc.StatusRuntimeException: UNAVAILABLE: io exception
	at java.util.concurrent.FutureTask.report(FutureTask.java:122)
	at java.util.concurrent.FutureTask.get(FutureTask.java:192)
	at org.apache.ratis.server.impl.LeaderElection.waitForResults(LeaderElection.java:262)
	at org.apache.ratis.server.impl.LeaderElection.askForVotes(LeaderElection.java:200)
	at org.apache.ratis.server.impl.LeaderElection.run(LeaderElection.java:130)
	at java.lang.Thread.run(Thread.java:748)
Caused by: org.apache.ratis.thirdparty.io.grpc.StatusRuntimeException: UNAVAILABLE: io exception
	at org.apache.ratis.thirdparty.io.grpc.stub.ClientCalls.toStatusRuntimeException(ClientCalls.java:233)
	at org.apache.ratis.thirdparty.io.grpc.stub.ClientCalls.getUnchecked(ClientCalls.java:214)
	at org.apache.ratis.thirdparty.io.grpc.stub.ClientCalls.blockingUnaryCall(ClientCalls.java:139)
	at org.apache.ratis.proto.grpc.RaftServerProtocolServiceGrpc$RaftServerProtocolServiceBlockingStub.requestVote(RaftServerProtocolServiceGrpc.java:265)
	at org.apache.ratis.grpc.server.GrpcServerProtocolClient.requestVote(GrpcServerProtocolClient.java:83)
	at org.apache.ratis.grpc.server.GrpcService.requestVote(GrpcService.java:194)
	at org.apache.ratis.server.impl.LeaderElection.lambda$submitRequests$1(LeaderElection.java:237)
	at java.util.concurrent.FutureTask.run(FutureTask.java:266)
	at java.util.concurrent.Executors$RunnableAdapter.call(Executors.java:511)
	at java.util.concurrent.FutureTask.run(FutureTask.java:266)
	at java.util.concurrent.ThreadPoolExecutor.runWorker(ThreadPoolExecutor.java:1149)
	at java.util.concurrent.ThreadPoolExecutor$Worker.run(ThreadPoolExecutor.java:624)
	... 1 more
Caused by: org.apache.ratis.thirdparty.io.netty.channel.AbstractChannel$AnnotatedConnectException: Connection refused: /192.168.105.164:45471
	at sun.nio.ch.SocketChannelImpl.checkConnect(Native Method)
	at sun.nio.ch.SocketChannelImpl.finishConnect(SocketChannelImpl.java:717)
	at org.apache.ratis.thirdparty.io.netty.channel.socket.nio.NioSocketChannel.doFinishConnect(NioSocketChannel.java:327)
	at org.apache.ratis.thirdparty.io.netty.channel.nio.AbstractNioChannel$AbstractNioUnsafe.finishConnect(AbstractNioChannel.java:340)
	at org.apache.ratis.thirdparty.io.netty.channel.nio.NioEventLoop.processSelectedKey(NioEventLoop.java:632)
	at org.apache.ratis.thirdparty.io.netty.channel.nio.NioEventLoop.processSelectedKeysOptimized(NioEventLoop.java:579)
	at org.apache.ratis.thirdparty.io.netty.channel.nio.NioEventLoop.processSelectedKeys(NioEventLoop.java:496)
	at org.apache.ratis.thirdparty.io.netty.channel.nio.NioEventLoop.run(NioEventLoop.java:458)
	at org.apache.ratis.thirdparty.io.netty.util.concurrent.SingleThreadEventExecutor$5.run(SingleThreadEventExecutor.java:897)
	at org.apache.ratis.thirdparty.io.netty.util.concurrent.FastThreadLocalRunnable.run(FastThreadLocalRunnable.java:30)
	... 1 more
Caused by: java.net.ConnectException: Connection refused
	... 11 more
2019-06-15 12:40:03,163 INFO  impl.LeaderElection (LeaderElection.java:logAndReturn(56)) - 06cd9fbe-2509-41d0-8222-1ef857baf1b0:group-02984273C38C:LeaderElection71: Election REJECTED; received 0 response(s) [] and 2 exception(s); 06cd9fbe-2509-41d0-8222-1ef857baf1b0:t3, leader=null, voted=06cd9fbe-2509-41d0-8222-1ef857baf1b0, raftlog=06cd9fbe-2509-41d0-8222-1ef857baf1b0-SegmentedRaftLog:OPENED:c15,f16,i16, conf=0: [a0d4c14e-3bf9-423f-8883-cd55a775c0a8:192.168.105.164:36885, be9c5d1f-9356-4cf9-a475-210319e2e11b:192.168.105.164:45471, 06cd9fbe-2509-41d0-8222-1ef857baf1b0:192.168.105.164:43429], old=null
2019-06-15 12:40:03,163 INFO  impl.LeaderElection (LogUtils.java:infoOrTrace(149)) -   Exception 0: {}
java.util.concurrent.ExecutionException: org.apache.ratis.thirdparty.io.grpc.StatusRuntimeException: UNAVAILABLE: io exception
	at java.util.concurrent.FutureTask.report(FutureTask.java:122)
	at java.util.concurrent.FutureTask.get(FutureTask.java:192)
	at org.apache.ratis.server.impl.LeaderElection.waitForResults(LeaderElection.java:262)
	at org.apache.ratis.server.impl.LeaderElection.askForVotes(LeaderElection.java:200)
	at org.apache.ratis.server.impl.LeaderElection.run(LeaderElection.java:130)
	at java.lang.Thread.run(Thread.java:748)
Caused by: org.apache.ratis.thirdparty.io.grpc.StatusRuntimeException: UNAVAILABLE: io exception
	at org.apache.ratis.thirdparty.io.grpc.stub.ClientCalls.toStatusRuntimeException(ClientCalls.java:233)
	at org.apache.ratis.thirdparty.io.grpc.stub.ClientCalls.getUnchecked(ClientCalls.java:214)
	at org.apache.ratis.thirdparty.io.grpc.stub.ClientCalls.blockingUnaryCall(ClientCalls.java:139)
	at org.apache.ratis.proto.grpc.RaftServerProtocolServiceGrpc$RaftServerProtocolServiceBlockingStub.requestVote(RaftServerProtocolServiceGrpc.java:265)
	at org.apache.ratis.grpc.server.GrpcServerProtocolClient.requestVote(GrpcServerProtocolClient.java:83)
	at org.apache.ratis.grpc.server.GrpcService.requestVote(GrpcService.java:194)
	at org.apache.ratis.server.impl.LeaderElection.lambda$submitRequests$1(LeaderElection.java:237)
	at java.util.concurrent.FutureTask.run(FutureTask.java:266)
	at java.util.concurrent.Executors$RunnableAdapter.call(Executors.java:511)
	at java.util.concurrent.FutureTask.run(FutureTask.java:266)
	at java.util.concurrent.ThreadPoolExecutor.runWorker(ThreadPoolExecutor.java:1149)
	at java.util.concurrent.ThreadPoolExecutor$Worker.run(ThreadPoolExecutor.java:624)
	... 1 more
Caused by: org.apache.ratis.thirdparty.io.netty.channel.AbstractChannel$AnnotatedConnectException: Connection refused: /192.168.105.164:36885
	at sun.nio.ch.SocketChannelImpl.checkConnect(Native Method)
	at sun.nio.ch.SocketChannelImpl.finishConnect(SocketChannelImpl.java:717)
	at org.apache.ratis.thirdparty.io.netty.channel.socket.nio.NioSocketChannel.doFinishConnect(NioSocketChannel.java:327)
	at org.apache.ratis.thirdparty.io.netty.channel.nio.AbstractNioChannel$AbstractNioUnsafe.finishConnect(AbstractNioChannel.java:340)
	at org.apache.ratis.thirdparty.io.netty.channel.nio.NioEventLoop.processSelectedKey(NioEventLoop.java:632)
	at org.apache.ratis.thirdparty.io.netty.channel.nio.NioEventLoop.processSelectedKeysOptimized(NioEventLoop.java:579)
	at org.apache.ratis.thirdparty.io.netty.channel.nio.NioEventLoop.processSelectedKeys(NioEventLoop.java:496)
	at org.apache.ratis.thirdparty.io.netty.channel.nio.NioEventLoop.run(NioEventLoop.java:458)
	at org.apache.ratis.thirdparty.io.netty.util.concurrent.SingleThreadEventExecutor$5.run(SingleThreadEventExecutor.java:897)
	at org.apache.ratis.thirdparty.io.netty.util.concurrent.FastThreadLocalRunnable.run(FastThreadLocalRunnable.java:30)
	... 1 more
Caused by: java.net.ConnectException: Connection refused
	... 11 more
2019-06-15 12:40:03,163 INFO  impl.LeaderElection (LogUtils.java:infoOrTrace(149)) -   Exception 1: {}
java.util.concurrent.ExecutionException: org.apache.ratis.thirdparty.io.grpc.StatusRuntimeException: UNAVAILABLE: io exception
	at java.util.concurrent.FutureTask.report(FutureTask.java:122)
	at java.util.concurrent.FutureTask.get(FutureTask.java:192)
	at org.apache.ratis.server.impl.LeaderElection.waitForResults(LeaderElection.java:262)
	at org.apache.ratis.server.impl.LeaderElection.askForVotes(LeaderElection.java:200)
	at org.apache.ratis.server.impl.LeaderElection.run(LeaderElection.java:130)
	at java.lang.Thread.run(Thread.java:748)
Caused by: org.apache.ratis.thirdparty.io.grpc.StatusRuntimeException: UNAVAILABLE: io exception
	at org.apache.ratis.thirdparty.io.grpc.stub.ClientCalls.toStatusRuntimeException(ClientCalls.java:233)
	at org.apache.ratis.thirdparty.io.grpc.stub.ClientCalls.getUnchecked(ClientCalls.java:214)
	at org.apache.ratis.thirdparty.io.grpc.stub.ClientCalls.blockingUnaryCall(ClientCalls.java:139)
	at org.apache.ratis.proto.grpc.RaftServerProtocolServiceGrpc$RaftServerProtocolServiceBlockingStub.requestVote(RaftServerProtocolServiceGrpc.java:265)
	at org.apache.ratis.grpc.server.GrpcServerProtocolClient.requestVote(GrpcServerProtocolClient.java:83)
	at org.apache.ratis.grpc.server.GrpcService.requestVote(GrpcService.java:194)
	at org.apache.ratis.server.impl.LeaderElection.lambda$submitRequests$1(LeaderElection.java:237)
	at java.util.concurrent.FutureTask.run(FutureTask.java:266)
	at java.util.concurrent.Executors$RunnableAdapter.call(Executors.java:511)
	at java.util.concurrent.FutureTask.run(FutureTask.java:266)
	at java.util.concurrent.ThreadPoolExecutor.runWorker(ThreadPoolExecutor.java:1149)
	at java.util.concurrent.ThreadPoolExecutor$Worker.run(ThreadPoolExecutor.java:624)
	... 1 more
Caused by: org.apache.ratis.thirdparty.io.netty.channel.AbstractChannel$AnnotatedConnectException: Connection refused: /192.168.105.164:45471
	at sun.nio.ch.SocketChannelImpl.checkConnect(Native Method)
	at sun.nio.ch.SocketChannelImpl.finishConnect(SocketChannelImpl.java:717)
	at org.apache.ratis.thirdparty.io.netty.channel.socket.nio.NioSocketChannel.doFinishConnect(NioSocketChannel.java:327)
	at org.apache.ratis.thirdparty.io.netty.channel.nio.AbstractNioChannel$AbstractNioUnsafe.finishConnect(AbstractNioChannel.java:340)
	at org.apache.ratis.thirdparty.io.netty.channel.nio.NioEventLoop.processSelectedKey(NioEventLoop.java:632)
	at org.apache.ratis.thirdparty.io.netty.channel.nio.NioEventLoop.processSelectedKeysOptimized(NioEventLoop.java:579)
	at org.apache.ratis.thirdparty.io.netty.channel.nio.NioEventLoop.processSelectedKeys(NioEventLoop.java:496)
	at org.apache.ratis.thirdparty.io.netty.channel.nio.NioEventLoop.run(NioEventLoop.java:458)
	at org.apache.ratis.thirdparty.io.netty.util.concurrent.SingleThreadEventExecutor$5.run(SingleThreadEventExecutor.java:897)
	at org.apache.ratis.thirdparty.io.netty.util.concurrent.FastThreadLocalRunnable.run(FastThreadLocalRunnable.java:30)
	... 1 more
Caused by: java.net.ConnectException: Connection refused
	... 11 more
2019-06-15 12:40:03,163 INFO  impl.RaftServerImpl (RaftServerImpl.java:setRole(164)) - 06cd9fbe-2509-41d0-8222-1ef857baf1b0:group-02984273C38C changes role from CANDIDATE to FOLLOWER at term 3 for DISCOVERED_A_NEW_TERM
2019-06-15 12:40:03,163 INFO  impl.RoleInfo (RoleInfo.java:shutdownLeaderElection(134)) - 06cd9fbe-2509-41d0-8222-1ef857baf1b0: shutdown LeaderElection
2019-06-15 12:40:03,163 INFO  impl.RoleInfo (RoleInfo.java:updateAndGet(143)) - 06cd9fbe-2509-41d0-8222-1ef857baf1b0: start FollowerState
2019-06-15 12:40:03,837 INFO  client.GrpcClientProtocolClient (GrpcClientProtocolClient.java:onNext(254)) - client-94A457E9C46A->06cd9fbe-2509-41d0-8222-1ef857baf1b0: receive RaftClientReply:client-94A457E9C46A->06cd9fbe-2509-41d0-8222-1ef857baf1b0@group-02984273C38C, cid=185, FAILED org.apache.ratis.protocol.NotLeaderException: Server 06cd9fbe-2509-41d0-8222-1ef857baf1b0 is not the leader (a0d4c14e-3bf9-423f-8883-cd55a775c0a8:192.168.105.164:36885). Request must be sent to leader., logIndex=0, commits[06cd9fbe-2509-41d0-8222-1ef857baf1b0:c15, a0d4c14e-3bf9-423f-8883-cd55a775c0a8:c15, be9c5d1f-9356-4cf9-a475-210319e2e11b:c14]
2019-06-15 12:40:03,839 WARN  client.GrpcClientProtocolService (LogUtils.java:warn(134)) - 1-OrderedRequestStreamObserver1: onError: org.apache.ratis.thirdparty.io.grpc.StatusRuntimeException: CANCELLED: cancelled before receiving half close
2019-06-15 12:40:04,226 INFO  impl.FollowerState (FollowerState.java:run(101)) - 06cd9fbe-2509-41d0-8222-1ef857baf1b0:group-02984273C38C changes to CANDIDATE, lastRpcTime:1062, electionTimeout:1062ms
2019-06-15 12:40:04,226 INFO  impl.RoleInfo (RoleInfo.java:shutdownFollowerState(121)) - 06cd9fbe-2509-41d0-8222-1ef857baf1b0: shutdown FollowerState
2019-06-15 12:40:04,226 INFO  impl.RaftServerImpl (RaftServerImpl.java:setRole(164)) - 06cd9fbe-2509-41d0-8222-1ef857baf1b0:group-02984273C38C changes role from FOLLOWER to CANDIDATE at term 3 for changeToCandidate
2019-06-15 12:40:04,226 INFO  impl.RoleInfo (RoleInfo.java:updateAndGet(143)) - 06cd9fbe-2509-41d0-8222-1ef857baf1b0: start LeaderElection
2019-06-15 12:40:04,228 INFO  impl.LeaderElection (LeaderElection.java:askForVotes(181)) - 06cd9fbe-2509-41d0-8222-1ef857baf1b0:group-02984273C38C:LeaderElection72: begin an election at term 4 for 0: [a0d4c14e-3bf9-423f-8883-cd55a775c0a8:192.168.105.164:36885, be9c5d1f-9356-4cf9-a475-210319e2e11b:192.168.105.164:45471, 06cd9fbe-2509-41d0-8222-1ef857baf1b0:192.168.105.164:43429], old=null
2019-06-15 12:40:04,229 INFO  impl.LeaderElection (LogUtils.java:infoOrTrace(149)) - 06cd9fbe-2509-41d0-8222-1ef857baf1b0:group-02984273C38C:LeaderElection72 got exception when requesting votes: {}
java.util.concurrent.ExecutionException: org.apache.ratis.thirdparty.io.grpc.StatusRuntimeException: UNAVAILABLE: io exception
	at java.util.concurrent.FutureTask.report(FutureTask.java:122)
	at java.util.concurrent.FutureTask.get(FutureTask.java:192)
	at org.apache.ratis.server.impl.LeaderElection.waitForResults(LeaderElection.java:262)
	at org.apache.ratis.server.impl.LeaderElection.askForVotes(LeaderElection.java:200)
	at org.apache.ratis.server.impl.LeaderElection.run(LeaderElection.java:130)
	at java.lang.Thread.run(Thread.java:748)
Caused by: org.apache.ratis.thirdparty.io.grpc.StatusRuntimeException: UNAVAILABLE: io exception
	at org.apache.ratis.thirdparty.io.grpc.stub.ClientCalls.toStatusRuntimeException(ClientCalls.java:233)
	at org.apache.ratis.thirdparty.io.grpc.stub.ClientCalls.getUnchecked(ClientCalls.java:214)
	at org.apache.ratis.thirdparty.io.grpc.stub.ClientCalls.blockingUnaryCall(ClientCalls.java:139)
	at org.apache.ratis.proto.grpc.RaftServerProtocolServiceGrpc$RaftServerProtocolServiceBlockingStub.requestVote(RaftServerProtocolServiceGrpc.java:265)
	at org.apache.ratis.grpc.server.GrpcServerProtocolClient.requestVote(GrpcServerProtocolClient.java:83)
	at org.apache.ratis.grpc.server.GrpcService.requestVote(GrpcService.java:194)
	at org.apache.ratis.server.impl.LeaderElection.lambda$submitRequests$1(LeaderElection.java:237)
	at java.util.concurrent.FutureTask.run(FutureTask.java:266)
	at java.util.concurrent.Executors$RunnableAdapter.call(Executors.java:511)
	at java.util.concurrent.FutureTask.run(FutureTask.java:266)
	at java.util.concurrent.ThreadPoolExecutor.runWorker(ThreadPoolExecutor.java:1149)
	at java.util.concurrent.ThreadPoolExecutor$Worker.run(ThreadPoolExecutor.java:624)
	... 1 more
Caused by: org.apache.ratis.thirdparty.io.netty.channel.AbstractChannel$AnnotatedConnectException: Connection refused: /192.168.105.164:36885
	at sun.nio.ch.SocketChannelImpl.checkConnect(Native Method)
	at sun.nio.ch.SocketChannelImpl.finishConnect(SocketChannelImpl.java:717)
	at org.apache.ratis.thirdparty.io.netty.channel.socket.nio.NioSocketChannel.doFinishConnect(NioSocketChannel.java:327)
	at org.apache.ratis.thirdparty.io.netty.channel.nio.AbstractNioChannel$AbstractNioUnsafe.finishConnect(AbstractNioChannel.java:340)
	at org.apache.ratis.thirdparty.io.netty.channel.nio.NioEventLoop.processSelectedKey(NioEventLoop.java:632)
	at org.apache.ratis.thirdparty.io.netty.channel.nio.NioEventLoop.processSelectedKeysOptimized(NioEventLoop.java:579)
	at org.apache.ratis.thirdparty.io.netty.channel.nio.NioEventLoop.processSelectedKeys(NioEventLoop.java:496)
	at org.apache.ratis.thirdparty.io.netty.channel.nio.NioEventLoop.run(NioEventLoop.java:458)
	at org.apache.ratis.thirdparty.io.netty.util.concurrent.SingleThreadEventExecutor$5.run(SingleThreadEventExecutor.java:897)
	at org.apache.ratis.thirdparty.io.netty.util.concurrent.FastThreadLocalRunnable.run(FastThreadLocalRunnable.java:30)
	... 1 more
Caused by: java.net.ConnectException: Connection refused
	... 11 more
2019-06-15 12:40:04,231 INFO  impl.LeaderElection (LogUtils.java:infoOrTrace(149)) - 06cd9fbe-2509-41d0-8222-1ef857baf1b0:group-02984273C38C:LeaderElection72 got exception when requesting votes: {}
java.util.concurrent.ExecutionException: org.apache.ratis.thirdparty.io.grpc.StatusRuntimeException: UNAVAILABLE: io exception
	at java.util.concurrent.FutureTask.report(FutureTask.java:122)
	at java.util.concurrent.FutureTask.get(FutureTask.java:192)
	at org.apache.ratis.server.impl.LeaderElection.waitForResults(LeaderElection.java:262)
	at org.apache.ratis.server.impl.LeaderElection.askForVotes(LeaderElection.java:200)
	at org.apache.ratis.server.impl.LeaderElection.run(LeaderElection.java:130)
	at java.lang.Thread.run(Thread.java:748)
Caused by: org.apache.ratis.thirdparty.io.grpc.StatusRuntimeException: UNAVAILABLE: io exception
	at org.apache.ratis.thirdparty.io.grpc.stub.ClientCalls.toStatusRuntimeException(ClientCalls.java:233)
	at org.apache.ratis.thirdparty.io.grpc.stub.ClientCalls.getUnchecked(ClientCalls.java:214)
	at org.apache.ratis.thirdparty.io.grpc.stub.ClientCalls.blockingUnaryCall(ClientCalls.java:139)
	at org.apache.ratis.proto.grpc.RaftServerProtocolServiceGrpc$RaftServerProtocolServiceBlockingStub.requestVote(RaftServerProtocolServiceGrpc.java:265)
	at org.apache.ratis.grpc.server.GrpcServerProtocolClient.requestVote(GrpcServerProtocolClient.java:83)
	at org.apache.ratis.grpc.server.GrpcService.requestVote(GrpcService.java:194)
	at org.apache.ratis.server.impl.LeaderElection.lambda$submitRequests$1(LeaderElection.java:237)
	at java.util.concurrent.FutureTask.run(FutureTask.java:266)
	at java.util.concurrent.Executors$RunnableAdapter.call(Executors.java:511)
	at java.util.concurrent.FutureTask.run(FutureTask.java:266)
	at java.util.concurrent.ThreadPoolExecutor.runWorker(ThreadPoolExecutor.java:1149)
	at java.util.concurrent.ThreadPoolExecutor$Worker.run(ThreadPoolExecutor.java:624)
	... 1 more
Caused by: org.apache.ratis.thirdparty.io.netty.channel.AbstractChannel$AnnotatedConnectException: Connection refused: /192.168.105.164:45471
	at sun.nio.ch.SocketChannelImpl.checkConnect(Native Method)
	at sun.nio.ch.SocketChannelImpl.finishConnect(SocketChannelImpl.java:717)
	at org.apache.ratis.thirdparty.io.netty.channel.socket.nio.NioSocketChannel.doFinishConnect(NioSocketChannel.java:327)
	at org.apache.ratis.thirdparty.io.netty.channel.nio.AbstractNioChannel$AbstractNioUnsafe.finishConnect(AbstractNioChannel.java:340)
	at org.apache.ratis.thirdparty.io.netty.channel.nio.NioEventLoop.processSelectedKey(NioEventLoop.java:632)
	at org.apache.ratis.thirdparty.io.netty.channel.nio.NioEventLoop.processSelectedKeysOptimized(NioEventLoop.java:579)
	at org.apache.ratis.thirdparty.io.netty.channel.nio.NioEventLoop.processSelectedKeys(NioEventLoop.java:496)
	at org.apache.ratis.thirdparty.io.netty.channel.nio.NioEventLoop.run(NioEventLoop.java:458)
	at org.apache.ratis.thirdparty.io.netty.util.concurrent.SingleThreadEventExecutor$5.run(SingleThreadEventExecutor.java:897)
	at org.apache.ratis.thirdparty.io.netty.util.concurrent.FastThreadLocalRunnable.run(FastThreadLocalRunnable.java:30)
	... 1 more
Caused by: java.net.ConnectException: Connection refused
	... 11 more
2019-06-15 12:40:04,233 INFO  impl.LeaderElection (LeaderElection.java:logAndReturn(56)) - 06cd9fbe-2509-41d0-8222-1ef857baf1b0:group-02984273C38C:LeaderElection72: Election REJECTED; received 0 response(s) [] and 2 exception(s); 06cd9fbe-2509-41d0-8222-1ef857baf1b0:t4, leader=null, voted=06cd9fbe-2509-41d0-8222-1ef857baf1b0, raftlog=06cd9fbe-2509-41d0-8222-1ef857baf1b0-SegmentedRaftLog:OPENED:c15,f16,i16, conf=0: [a0d4c14e-3bf9-423f-8883-cd55a775c0a8:192.168.105.164:36885, be9c5d1f-9356-4cf9-a475-210319e2e11b:192.168.105.164:45471, 06cd9fbe-2509-41d0-8222-1ef857baf1b0:192.168.105.164:43429], old=null
2019-06-15 12:40:04,233 INFO  impl.LeaderElection (LogUtils.java:infoOrTrace(149)) -   Exception 0: {}
java.util.concurrent.ExecutionException: org.apache.ratis.thirdparty.io.grpc.StatusRuntimeException: UNAVAILABLE: io exception
	at java.util.concurrent.FutureTask.report(FutureTask.java:122)
	at java.util.concurrent.FutureTask.get(FutureTask.java:192)
	at org.apache.ratis.server.impl.LeaderElection.waitForResults(LeaderElection.java:262)
	at org.apache.ratis.server.impl.LeaderElection.askForVotes(LeaderElection.java:200)
	at org.apache.ratis.server.impl.LeaderElection.run(LeaderElection.java:130)
	at java.lang.Thread.run(Thread.java:748)
Caused by: org.apache.ratis.thirdparty.io.grpc.StatusRuntimeException: UNAVAILABLE: io exception
	at org.apache.ratis.thirdparty.io.grpc.stub.ClientCalls.toStatusRuntimeException(ClientCalls.java:233)
	at org.apache.ratis.thirdparty.io.grpc.stub.ClientCalls.getUnchecked(ClientCalls.java:214)
	at org.apache.ratis.thirdparty.io.grpc.stub.ClientCalls.blockingUnaryCall(ClientCalls.java:139)
	at org.apache.ratis.proto.grpc.RaftServerProtocolServiceGrpc$RaftServerProtocolServiceBlockingStub.requestVote(RaftServerProtocolServiceGrpc.java:265)
	at org.apache.ratis.grpc.server.GrpcServerProtocolClient.requestVote(GrpcServerProtocolClient.java:83)
	at org.apache.ratis.grpc.server.GrpcService.requestVote(GrpcService.java:194)
	at org.apache.ratis.server.impl.LeaderElection.lambda$submitRequests$1(LeaderElection.java:237)
	at java.util.concurrent.FutureTask.run(FutureTask.java:266)
	at java.util.concurrent.Executors$RunnableAdapter.call(Executors.java:511)
	at java.util.concurrent.FutureTask.run(FutureTask.java:266)
	at java.util.concurrent.ThreadPoolExecutor.runWorker(ThreadPoolExecutor.java:1149)
	at java.util.concurrent.ThreadPoolExecutor$Worker.run(ThreadPoolExecutor.java:624)
	... 1 more
Caused by: org.apache.ratis.thirdparty.io.netty.channel.AbstractChannel$AnnotatedConnectException: Connection refused: /192.168.105.164:36885
	at sun.nio.ch.SocketChannelImpl.checkConnect(Native Method)
	at sun.nio.ch.SocketChannelImpl.finishConnect(SocketChannelImpl.java:717)
	at org.apache.ratis.thirdparty.io.netty.channel.socket.nio.NioSocketChannel.doFinishConnect(NioSocketChannel.java:327)
	at org.apache.ratis.thirdparty.io.netty.channel.nio.AbstractNioChannel$AbstractNioUnsafe.finishConnect(AbstractNioChannel.java:340)
	at org.apache.ratis.thirdparty.io.netty.channel.nio.NioEventLoop.processSelectedKey(NioEventLoop.java:632)
	at org.apache.ratis.thirdparty.io.netty.channel.nio.NioEventLoop.processSelectedKeysOptimized(NioEventLoop.java:579)
	at org.apache.ratis.thirdparty.io.netty.channel.nio.NioEventLoop.processSelectedKeys(NioEventLoop.java:496)
	at org.apache.ratis.thirdparty.io.netty.channel.nio.NioEventLoop.run(NioEventLoop.java:458)
	at org.apache.ratis.thirdparty.io.netty.util.concurrent.SingleThreadEventExecutor$5.run(SingleThreadEventExecutor.java:897)
	at org.apache.ratis.thirdparty.io.netty.util.concurrent.FastThreadLocalRunnable.run(FastThreadLocalRunnable.java:30)
	... 1 more
Caused by: java.net.ConnectException: Connection refused
	... 11 more
2019-06-15 12:40:04,233 INFO  impl.LeaderElection (LogUtils.java:infoOrTrace(149)) -   Exception 1: {}
java.util.concurrent.ExecutionException: org.apache.ratis.thirdparty.io.grpc.StatusRuntimeException: UNAVAILABLE: io exception
	at java.util.concurrent.FutureTask.report(FutureTask.java:122)
	at java.util.concurrent.FutureTask.get(FutureTask.java:192)
	at org.apache.ratis.server.impl.LeaderElection.waitForResults(LeaderElection.java:262)
	at org.apache.ratis.server.impl.LeaderElection.askForVotes(LeaderElection.java:200)
	at org.apache.ratis.server.impl.LeaderElection.run(LeaderElection.java:130)
	at java.lang.Thread.run(Thread.java:748)
Caused by: org.apache.ratis.thirdparty.io.grpc.StatusRuntimeException: UNAVAILABLE: io exception
	at org.apache.ratis.thirdparty.io.grpc.stub.ClientCalls.toStatusRuntimeException(ClientCalls.java:233)
	at org.apache.ratis.thirdparty.io.grpc.stub.ClientCalls.getUnchecked(ClientCalls.java:214)
	at org.apache.ratis.thirdparty.io.grpc.stub.ClientCalls.blockingUnaryCall(ClientCalls.java:139)
	at org.apache.ratis.proto.grpc.RaftServerProtocolServiceGrpc$RaftServerProtocolServiceBlockingStub.requestVote(RaftServerProtocolServiceGrpc.java:265)
	at org.apache.ratis.grpc.server.GrpcServerProtocolClient.requestVote(GrpcServerProtocolClient.java:83)
	at org.apache.ratis.grpc.server.GrpcService.requestVote(GrpcService.java:194)
	at org.apache.ratis.server.impl.LeaderElection.lambda$submitRequests$1(LeaderElection.java:237)
	at java.util.concurrent.FutureTask.run(FutureTask.java:266)
	at java.util.concurrent.Executors$RunnableAdapter.call(Executors.java:511)
	at java.util.concurrent.FutureTask.run(FutureTask.java:266)
	at java.util.concurrent.ThreadPoolExecutor.runWorker(ThreadPoolExecutor.java:1149)
	at java.util.concurrent.ThreadPoolExecutor$Worker.run(ThreadPoolExecutor.java:624)
	... 1 more
Caused by: org.apache.ratis.thirdparty.io.netty.channel.AbstractChannel$AnnotatedConnectException: Connection refused: /192.168.105.164:45471
	at sun.nio.ch.SocketChannelImpl.checkConnect(Native Method)
	at sun.nio.ch.SocketChannelImpl.finishConnect(SocketChannelImpl.java:717)
	at org.apache.ratis.thirdparty.io.netty.channel.socket.nio.NioSocketChannel.doFinishConnect(NioSocketChannel.java:327)
	at org.apache.ratis.thirdparty.io.netty.channel.nio.AbstractNioChannel$AbstractNioUnsafe.finishConnect(AbstractNioChannel.java:340)
	at org.apache.ratis.thirdparty.io.netty.channel.nio.NioEventLoop.processSelectedKey(NioEventLoop.java:632)
	at org.apache.ratis.thirdparty.io.netty.channel.nio.NioEventLoop.processSelectedKeysOptimized(NioEventLoop.java:579)
	at org.apache.ratis.thirdparty.io.netty.channel.nio.NioEventLoop.processSelectedKeys(NioEventLoop.java:496)
	at org.apache.ratis.thirdparty.io.netty.channel.nio.NioEventLoop.run(NioEventLoop.java:458)
	at org.apache.ratis.thirdparty.io.netty.util.concurrent.SingleThreadEventExecutor$5.run(SingleThreadEventExecutor.java:897)
	at org.apache.ratis.thirdparty.io.netty.util.concurrent.FastThreadLocalRunnable.run(FastThreadLocalRunnable.java:30)
	... 1 more
Caused by: java.net.ConnectException: Connection refused
	... 11 more
2019-06-15 12:40:04,233 INFO  impl.RaftServerImpl (RaftServerImpl.java:setRole(164)) - 06cd9fbe-2509-41d0-8222-1ef857baf1b0:group-02984273C38C changes role from CANDIDATE to FOLLOWER at term 4 for DISCOVERED_A_NEW_TERM
2019-06-15 12:40:04,233 INFO  impl.RoleInfo (RoleInfo.java:shutdownLeaderElection(134)) - 06cd9fbe-2509-41d0-8222-1ef857baf1b0: shutdown LeaderElection
2019-06-15 12:40:04,233 INFO  impl.RoleInfo (RoleInfo.java:updateAndGet(143)) - 06cd9fbe-2509-41d0-8222-1ef857baf1b0: start FollowerState
2019-06-15 12:40:04,848 WARN  io.KeyOutputStream (KeyOutputStream.java:handleException(276)) - Encountered exception java.io.IOException: Unexpected Storage Container Exception: java.util.concurrent.CompletionException: java.util.concurrent.CompletionException: org.apache.ratis.protocol.RaftRetryFailureException: Failed RaftClientRequest:client-94A457E9C46A->a0d4c14e-3bf9-423f-8883-cd55a775c0a8@group-02984273C38C, cid=185, seq=9*, RW, org.apache.hadoop.hdds.scm.XceiverClientRatis$$Lambda$433/196668120@18b723b5 for 5 attempts with RetryLimited(maxAttempts=5, sleepTime=1000ms) on the pipeline Pipeline[ Id: c278cc37-a227-45f9-9b24-02984273c38c, Nodes: be9c5d1f-9356-4cf9-a475-210319e2e11b{ip: 192.168.105.164, host: ozone-unit-076618677d3-c6b4w-525960908, networkLocation: /default-rack, certSerialId: null}a0d4c14e-3bf9-423f-8883-cd55a775c0a8{ip: 192.168.105.164, host: ozone-unit-076618677d3-c6b4w-525960908, networkLocation: /default-rack, certSerialId: null}06cd9fbe-2509-41d0-8222-1ef857baf1b0{ip: 192.168.105.164, host: ozone-unit-076618677d3-c6b4w-525960908, networkLocation: /default-rack, certSerialId: null}, Type:RATIS, Factor:THREE, State:OPEN]. The last committed block length is 0, uncommitted data length is 2097152 retry count 0
2019-06-15 12:40:04,850 WARN  block.BlockManagerImpl (BlockManagerImpl.java:allocateBlock(192)) - Pipeline creation failed for type:RATIS factor:THREE. Retrying get pipelines call once.
org.apache.hadoop.hdds.scm.pipeline.InsufficientDatanodesException: Cannot create pipeline of factor 3 using 1 nodes.
	at org.apache.hadoop.hdds.scm.pipeline.RatisPipelineProvider.create(RatisPipelineProvider.java:151)
	at org.apache.hadoop.hdds.scm.pipeline.PipelineFactory.create(PipelineFactory.java:57)
	at org.apache.hadoop.hdds.scm.pipeline.SCMPipelineManager.createPipeline(SCMPipelineManager.java:149)
	at org.apache.hadoop.hdds.scm.block.BlockManagerImpl.allocateBlock(BlockManagerImpl.java:190)
	at org.apache.hadoop.hdds.scm.server.SCMBlockProtocolServer.allocateBlock(SCMBlockProtocolServer.java:172)
	at org.apache.hadoop.ozone.protocolPB.ScmBlockLocationProtocolServerSideTranslatorPB.allocateScmBlock(ScmBlockLocationProtocolServerSideTranslatorPB.java:82)
	at org.apache.hadoop.hdds.protocol.proto.ScmBlockLocationProtocolProtos$ScmBlockLocationProtocolService$2.callBlockingMethod(ScmBlockLocationProtocolProtos.java:7533)
	at org.apache.hadoop.ipc.ProtobufRpcEngine$Server$ProtoBufRpcInvoker.call(ProtobufRpcEngine.java:524)
	at org.apache.hadoop.ipc.RPC$Server.call(RPC.java:1025)
	at org.apache.hadoop.ipc.Server$RpcCall.run(Server.java:876)
	at org.apache.hadoop.ipc.Server$RpcCall.run(Server.java:822)
	at java.security.AccessController.doPrivileged(Native Method)
	at javax.security.auth.Subject.doAs(Subject.java:422)
	at org.apache.hadoop.security.UserGroupInformation.doAs(UserGroupInformation.java:1730)
	at org.apache.hadoop.ipc.Server$Handler.run(Server.java:2682)
2019-06-15 12:40:04,850 INFO  block.BlockManagerImpl (BlockManagerImpl.java:allocateBlock(198)) - Could not find available pipeline of type:RATIS and factor:THREE even after retrying
2019-06-15 12:40:04,851 ERROR block.BlockManagerImpl (BlockManagerImpl.java:allocateBlock(222)) - Unable to allocate a block for the size: 4194304, type: RATIS, factor: THREE
12:40:04.851 [IPC Server handler 8 on 45681] ERROR OMAudit - user=jenkins1000 | ip=127.0.0.1 | op=ALLOCATE_BLOCK {volume=datanodefailurehandlingtest, bucket=datanodefailurehandlingtest, key=ratis3, dataSize=0, replicationType=null, replicationFactor=null, keyLocationInfo=null, clientID=102275638440951829} | ret=FAILURE
java.io.IOException: Allocate block failed.
	at org.apache.hadoop.hdds.scm.protocolPB.ScmBlockLocationProtocolClientSideTranslatorPB.allocateBlock(ScmBlockLocationProtocolClientSideTranslatorPB.java:111) ~[hadoop-hdds-common-0.5.0-SNAPSHOT.jar:?]
	at sun.reflect.NativeMethodAccessorImpl.invoke0(Native Method) ~[?:1.8.0_212]
	at sun.reflect.NativeMethodAccessorImpl.invoke(NativeMethodAccessorImpl.java:62) ~[?:1.8.0_212]
	at sun.reflect.DelegatingMethodAccessorImpl.invoke(DelegatingMethodAccessorImpl.java:43) ~[?:1.8.0_212]
	at java.lang.reflect.Method.invoke(Method.java:498) ~[?:1.8.0_212]
	at org.apache.hadoop.hdds.tracing.TraceAllMethod.invoke(TraceAllMethod.java:66) ~[hadoop-hdds-common-0.5.0-SNAPSHOT.jar:?]
	at com.sun.proxy.$Proxy25.allocateBlock(Unknown Source) ~[?:?]
	at org.apache.hadoop.ozone.om.KeyManagerImpl.allocateBlock(KeyManagerImpl.java:347) ~[hadoop-ozone-ozone-manager-0.5.0-SNAPSHOT.jar:?]
	at org.apache.hadoop.ozone.om.KeyManagerImpl.allocateBlock(KeyManagerImpl.java:315) ~[hadoop-ozone-ozone-manager-0.5.0-SNAPSHOT.jar:?]
	at org.apache.hadoop.ozone.om.OzoneManager.allocateBlock(OzoneManager.java:2314) [hadoop-ozone-ozone-manager-0.5.0-SNAPSHOT.jar:?]
	at org.apache.hadoop.ozone.protocolPB.OzoneManagerRequestHandler.allocateBlock(OzoneManagerRequestHandler.java:756) [hadoop-ozone-ozone-manager-0.5.0-SNAPSHOT.jar:?]
	at org.apache.hadoop.ozone.protocolPB.OzoneManagerRequestHandler.handle(OzoneManagerRequestHandler.java:249) [hadoop-ozone-ozone-manager-0.5.0-SNAPSHOT.jar:?]
	at org.apache.hadoop.ozone.protocolPB.OzoneManagerProtocolServerSideTranslatorPB.submitRequestDirectlyToOM(OzoneManagerProtocolServerSideTranslatorPB.java:180) [hadoop-ozone-ozone-manager-0.5.0-SNAPSHOT.jar:?]
	at org.apache.hadoop.ozone.protocolPB.OzoneManagerProtocolServerSideTranslatorPB.submitRequest(OzoneManagerProtocolServerSideTranslatorPB.java:102) [hadoop-ozone-ozone-manager-0.5.0-SNAPSHOT.jar:?]
	at org.apache.hadoop.ozone.protocol.proto.OzoneManagerProtocolProtos$OzoneManagerService$2.callBlockingMethod(OzoneManagerProtocolProtos.java) [hadoop-ozone-common-0.5.0-SNAPSHOT.jar:?]
	at org.apache.hadoop.ipc.ProtobufRpcEngine$Server$ProtoBufRpcInvoker.call(ProtobufRpcEngine.java:524) [hadoop-common-3.2.0.jar:?]
	at org.apache.hadoop.ipc.RPC$Server.call(RPC.java:1025) [hadoop-common-3.2.0.jar:?]
	at org.apache.hadoop.ipc.Server$RpcCall.run(Server.java:876) [hadoop-common-3.2.0.jar:?]
	at org.apache.hadoop.ipc.Server$RpcCall.run(Server.java:822) [hadoop-common-3.2.0.jar:?]
	at java.security.AccessController.doPrivileged(Native Method) [?:1.8.0_212]
	at javax.security.auth.Subject.doAs(Subject.java:422) [?:1.8.0_212]
	at org.apache.hadoop.security.UserGroupInformation.doAs(UserGroupInformation.java:1730) [hadoop-common-3.2.0.jar:?]
	at org.apache.hadoop.ipc.Server$Handler.run(Server.java:2682) [hadoop-common-3.2.0.jar:?]
2019-06-15 12:40:04,853 ERROR io.BlockOutputStreamEntryPool (BlockOutputStreamEntryPool.java:allocateBlockIfNeeded(299)) - Try to allocate more blocks for write failed, already allocated 0 blocks for this write.
INTERNAL_ERROR org.apache.hadoop.ozone.om.exceptions.OMException: Allocate block failed.
	at org.apache.hadoop.ozone.om.protocolPB.OzoneManagerProtocolClientSideTranslatorPB.handleError(OzoneManagerProtocolClientSideTranslatorPB.java:720)
	at org.apache.hadoop.ozone.om.protocolPB.OzoneManagerProtocolClientSideTranslatorPB.allocateBlock(OzoneManagerProtocolClientSideTranslatorPB.java:743)
	at org.apache.hadoop.ozone.client.io.BlockOutputStreamEntryPool.allocateNewBlock(BlockOutputStreamEntryPool.java:248)
	at org.apache.hadoop.ozone.client.io.BlockOutputStreamEntryPool.allocateBlockIfNeeded(BlockOutputStreamEntryPool.java:296)
	at org.apache.hadoop.ozone.client.io.KeyOutputStream.handleWrite(KeyOutputStream.java:201)
	at org.apache.hadoop.ozone.client.io.KeyOutputStream.handleRetry(KeyOutputStream.java:376)
	at org.apache.hadoop.ozone.client.io.KeyOutputStream.handleException(KeyOutputStream.java:325)
	at org.apache.hadoop.ozone.client.io.KeyOutputStream.handleWrite(KeyOutputStream.java:231)
	at org.apache.hadoop.ozone.client.io.KeyOutputStream.write(KeyOutputStream.java:193)
	at org.apache.hadoop.ozone.client.io.OzoneOutputStream.write(OzoneOutputStream.java:49)
	at java.io.OutputStream.write(OutputStream.java:75)
	at org.apache.hadoop.ozone.client.rpc.TestFailureHandlingByClient.testMultiBlockWritesWithDnFailures(TestFailureHandlingByClient.java:189)
	at sun.reflect.NativeMethodAccessorImpl.invoke0(Native Method)
	at sun.reflect.NativeMethodAccessorImpl.invoke(NativeMethodAccessorImpl.java:62)
	at sun.reflect.DelegatingMethodAccessorImpl.invoke(DelegatingMethodAccessorImpl.java:43)
	at java.lang.reflect.Method.invoke(Method.java:498)
	at org.junit.runners.model.FrameworkMethod$1.runReflectiveCall(FrameworkMethod.java:47)
	at org.junit.internal.runners.model.ReflectiveCallable.run(ReflectiveCallable.java:12)
	at org.junit.runners.model.FrameworkMethod.invokeExplosively(FrameworkMethod.java:44)
	at org.junit.internal.runners.statements.InvokeMethod.evaluate(InvokeMethod.java:17)
	at org.junit.runners.ParentRunner.runLeaf(ParentRunner.java:271)
	at org.junit.runners.BlockJUnit4ClassRunner.runChild(BlockJUnit4ClassRunner.java:70)
	at org.junit.runners.BlockJUnit4ClassRunner.runChild(BlockJUnit4ClassRunner.java:50)
	at org.junit.runners.ParentRunner$3.run(ParentRunner.java:238)
	at org.junit.runners.ParentRunner$1.schedule(ParentRunner.java:63)
	at org.junit.runners.ParentRunner.runChildren(ParentRunner.java:236)
	at org.junit.runners.ParentRunner.access$000(ParentRunner.java:53)
	at org.junit.runners.ParentRunner$2.evaluate(ParentRunner.java:229)
	at org.junit.runners.ParentRunner.run(ParentRunner.java:309)
	at org.apache.maven.surefire.junit4.JUnit4Provider.execute(JUnit4Provider.java:365)
	at org.apache.maven.surefire.junit4.JUnit4Provider.executeWithRerun(JUnit4Provider.java:273)
	at org.apache.maven.surefire.junit4.JUnit4Provider.executeTestSet(JUnit4Provider.java:238)
	at org.apache.maven.surefire.junit4.JUnit4Provider.invoke(JUnit4Provider.java:159)
	at org.apache.maven.surefire.booter.ForkedBooter.invokeProviderInSameClassLoader(ForkedBooter.java:384)
	at org.apache.maven.surefire.booter.ForkedBooter.runSuitesInProcess(ForkedBooter.java:345)
	at org.apache.maven.surefire.booter.ForkedBooter.execute(ForkedBooter.java:126)
	at org.apache.maven.surefire.booter.ForkedBooter.main(ForkedBooter.java:418)
]]></system-out>
    <system-err><![CDATA[Jun 15, 2019 12:39:47 PM com.sun.jersey.server.impl.application.WebApplicationImpl _initiate
INFO: Initiating Jersey application, version 'Jersey: 1.19 02/11/2015 03:25 AM'
Jun 15, 2019 12:39:47 PM com.sun.jersey.server.impl.application.WebApplicationImpl _initiate
INFO: Initiating Jersey application, version 'Jersey: 1.19 02/11/2015 03:25 AM'
Jun 15, 2019 12:39:47 PM com.sun.jersey.server.impl.application.WebApplicationImpl _initiate
INFO: Initiating Jersey application, version 'Jersey: 1.19 02/11/2015 03:25 AM'
Jun 15, 2019 12:39:47 PM com.sun.jersey.server.impl.application.WebApplicationImpl _initiate
INFO: Initiating Jersey application, version 'Jersey: 1.19 02/11/2015 03:25 AM'
Jun 15, 2019 12:39:47 PM com.sun.jersey.server.impl.application.WebApplicationImpl _initiate
INFO: Initiating Jersey application, version 'Jersey: 1.19 02/11/2015 03:25 AM'
Jun 15, 2019 12:39:47 PM com.sun.jersey.server.impl.application.WebApplicationImpl _initiate
INFO: Initiating Jersey application, version 'Jersey: 1.19 02/11/2015 03:25 AM'
]]></system-err>
  </testcase>
</testsuite>