<?xml version="1.0" encoding="UTF-8"?>
<testsuite xmlns:xsi="http://www.w3.org/2001/XMLSchema-instance" xsi:noNamespaceSchemaLocation="https://maven.apache.org/surefire/maven-surefire-plugin/xsd/surefire-test-report.xsd" name="org.apache.hadoop.ozone.freon.TestFreonWithPipelineDestroy" time="22.902" tests="1" errors="1" skipped="0" failures="0">
  <properties>
    <property name="awt.toolkit" value="sun.awt.X11.XToolkit"/>
    <property name="file.encoding.pkg" value="sun.io"/>
    <property name="java.specification.version" value="1.8"/>
    <property name="sun.cpu.isalist" value=""/>
    <property name="sun.jnu.encoding" value="UTF-8"/>
    <property name="java.class.path" value="/opt/src/hadoop-ozone/tools/target/test-classes:/opt/src/hadoop-ozone/tools/target/classes:/opt/src/hadoop-ozone/ozone-manager/target/classes:/opt/src/hadoop-hdds/docs/target/classes:/home/user/.m2/repository/org/bouncycastle/bcprov-jdk15on/1.60/bcprov-jdk15on-1.60.jar:/opt/src/hadoop-ozone/common/target/classes:/home/user/.m2/repository/org/apache/commons/commons-compress/1.4.1/commons-compress-1.4.1.jar:/home/user/.m2/repository/org/tukaani/xz/1.0/xz-1.0.jar:/home/user/.m2/repository/org/apache/hadoop/hadoop-hdfs-client/3.2.0/hadoop-hdfs-client-3.2.0.jar:/home/user/.m2/repository/com/fasterxml/jackson/core/jackson-annotations/2.9.5/jackson-annotations-2.9.5.jar:/opt/src/hadoop-hdds/common/target/classes:/opt/src/hadoop-hdds/config/target/classes:/home/user/.m2/repository/javax/annotation/javax.annotation-api/1.2/javax.annotation-api-1.2.jar:/home/user/.m2/repository/org/apache/ratis/ratis-server/0.4.0-fe2b15d-SNAPSHOT/ratis-server-0.4.0-fe2b15d-SNAPSHOT.jar:/home/user/.m2/repository/org/apache/ratis/ratis-thirdparty-misc/0.2.0/ratis-thirdparty-misc-0.2.0.jar:/home/user/.m2/repository/org/apache/ratis/ratis-proto/0.4.0-fe2b15d-SNAPSHOT/ratis-proto-0.4.0-fe2b15d-SNAPSHOT.jar:/home/user/.m2/repository/org/apache/ratis/ratis-common/0.4.0-fe2b15d-SNAPSHOT/ratis-common-0.4.0-fe2b15d-SNAPSHOT.jar:/home/user/.m2/repository/org/apache/ratis/ratis-client/0.4.0-fe2b15d-SNAPSHOT/ratis-client-0.4.0-fe2b15d-SNAPSHOT.jar:/home/user/.m2/repository/org/apache/ratis/ratis-netty/0.4.0-fe2b15d-SNAPSHOT/ratis-netty-0.4.0-fe2b15d-SNAPSHOT.jar:/home/user/.m2/repository/org/apache/ratis/ratis-grpc/0.4.0-fe2b15d-SNAPSHOT/ratis-grpc-0.4.0-fe2b15d-SNAPSHOT.jar:/home/user/.m2/repository/org/rocksdb/rocksdbjni/5.14.2/rocksdbjni-5.14.2.jar:/home/user/.m2/repository/org/apache/logging/log4j/log4j-api/2.11.0/log4j-api-2.11.0.jar:/home/user/.m2/repository/org/apache/logging/log4j/log4j-core/2.11.0/log4j-core-2.11.0.jar:/home/user/.m2/repository/com/lmax/disruptor/3.4.2/disruptor-3.4.2.jar:/home/user/.m2/repository/org/apache/commons/commons-pool2/2.6.0/commons-pool2-2.6.0.jar:/home/user/.m2/repository/org/bouncycastle/bcpkix-jdk15on/1.60/bcpkix-jdk15on-1.60.jar:/home/user/.m2/repository/commons-validator/commons-validator/1.6/commons-validator-1.6.jar:/home/user/.m2/repository/commons-digester/commons-digester/1.8.1/commons-digester-1.8.1.jar:/home/user/.m2/repository/io/jaegertracing/jaeger-client/0.33.1/jaeger-client-0.33.1.jar:/home/user/.m2/repository/io/jaegertracing/jaeger-thrift/0.33.1/jaeger-thrift-0.33.1.jar:/home/user/.m2/repository/org/apache/thrift/libthrift/0.11.0/libthrift-0.11.0.jar:/home/user/.m2/repository/com/squareup/okhttp3/okhttp/3.9.0/okhttp-3.9.0.jar:/home/user/.m2/repository/com/squareup/okio/okio/1.13.0/okio-1.13.0.jar:/home/user/.m2/repository/io/jaegertracing/jaeger-core/0.33.1/jaeger-core-0.33.1.jar:/home/user/.m2/repository/io/jaegertracing/jaeger-tracerresolver/0.33.1/jaeger-tracerresolver-0.33.1.jar:/home/user/.m2/repository/io/opentracing/contrib/opentracing-tracerresolver/0.1.5/opentracing-tracerresolver-0.1.5.jar:/home/user/.m2/repository/io/opentracing/opentracing-util/0.31.0/opentracing-util-0.31.0.jar:/home/user/.m2/repository/io/opentracing/opentracing-api/0.31.0/opentracing-api-0.31.0.jar:/home/user/.m2/repository/io/opentracing/opentracing-noop/0.31.0/opentracing-noop-0.31.0.jar:/home/user/.m2/repository/org/yaml/snakeyaml/1.16/snakeyaml-1.16.jar:/opt/src/hadoop-hdds/server-scm/target/classes:/home/user/.m2/repository/org/hamcrest/hamcrest-all/1.3/hamcrest-all-1.3.jar:/opt/src/hadoop-hdds/container-service/target/classes:/opt/src/hadoop-hdds/client/target/classes:/opt/src/hadoop-hdds/tools/target/classes:/home/user/.m2/repository/org/xerial/sqlite-jdbc/3.25.2/sqlite-jdbc-3.25.2.jar:/opt/src/hadoop-ozone/client/target/classes:/home/user/.m2/repository/org/apache/hadoop/hadoop-ozone-filesystem/0.5.0-SNAPSHOT/hadoop-ozone-filesystem-0.5.0-SNAPSHOT.jar:/opt/src/hadoop-hdds/framework/target/classes:/home/user/.m2/repository/info/picocli/picocli/3.9.6/picocli-3.9.6.jar:/home/user/.m2/repository/com/google/protobuf/protobuf-java/2.5.0/protobuf-java-2.5.0.jar:/home/user/.m2/repository/com/google/guava/guava/11.0.2/guava-11.0.2.jar:/home/user/.m2/repository/org/apache/hadoop/hadoop-common/3.2.0/hadoop-common-3.2.0.jar:/home/user/.m2/repository/org/apache/hadoop/hadoop-annotations/3.2.0/hadoop-annotations-3.2.0.jar:/usr/lib/jvm/java-1.8-openjdk/jre/../lib/tools.jar:/home/user/.m2/repository/commons-cli/commons-cli/1.2/commons-cli-1.2.jar:/home/user/.m2/repository/org/apache/commons/commons-math3/3.1.1/commons-math3-3.1.1.jar:/home/user/.m2/repository/org/apache/httpcomponents/httpclient/4.5.2/httpclient-4.5.2.jar:/home/user/.m2/repository/org/apache/httpcomponents/httpcore/4.4.4/httpcore-4.4.4.jar:/home/user/.m2/repository/commons-codec/commons-codec/1.11/commons-codec-1.11.jar:/home/user/.m2/repository/commons-io/commons-io/2.5/commons-io-2.5.jar:/home/user/.m2/repository/commons-net/commons-net/3.6/commons-net-3.6.jar:/home/user/.m2/repository/commons-collections/commons-collections/3.2.2/commons-collections-3.2.2.jar:/home/user/.m2/repository/javax/servlet/javax.servlet-api/3.1.0/javax.servlet-api-3.1.0.jar:/home/user/.m2/repository/org/eclipse/jetty/jetty-server/9.3.24.v20180605/jetty-server-9.3.24.v20180605.jar:/home/user/.m2/repository/org/eclipse/jetty/jetty-http/9.3.24.v20180605/jetty-http-9.3.24.v20180605.jar:/home/user/.m2/repository/org/eclipse/jetty/jetty-io/9.3.24.v20180605/jetty-io-9.3.24.v20180605.jar:/home/user/.m2/repository/org/eclipse/jetty/jetty-util/9.3.24.v20180605/jetty-util-9.3.24.v20180605.jar:/home/user/.m2/repository/org/eclipse/jetty/jetty-servlet/9.3.24.v20180605/jetty-servlet-9.3.24.v20180605.jar:/home/user/.m2/repository/org/eclipse/jetty/jetty-security/9.3.24.v20180605/jetty-security-9.3.24.v20180605.jar:/home/user/.m2/repository/org/eclipse/jetty/jetty-webapp/9.3.24.v20180605/jetty-webapp-9.3.24.v20180605.jar:/home/user/.m2/repository/org/eclipse/jetty/jetty-xml/9.3.24.v20180605/jetty-xml-9.3.24.v20180605.jar:/home/user/.m2/repository/javax/servlet/jsp/jsp-api/2.1/jsp-api-2.1.jar:/home/user/.m2/repository/com/sun/jersey/jersey-core/1.19/jersey-core-1.19.jar:/home/user/.m2/repository/javax/ws/rs/jsr311-api/1.1.1/jsr311-api-1.1.1.jar:/home/user/.m2/repository/com/sun/jersey/jersey-servlet/1.19/jersey-servlet-1.19.jar:/home/user/.m2/repository/com/sun/jersey/jersey-json/1.19/jersey-json-1.19.jar:/home/user/.m2/repository/org/codehaus/jettison/jettison/1.1/jettison-1.1.jar:/home/user/.m2/repository/com/sun/xml/bind/jaxb-impl/2.3.0.1/jaxb-impl-2.3.0.1.jar:/home/user/.m2/repository/org/codehaus/jackson/jackson-core-asl/1.9.13/jackson-core-asl-1.9.13.jar:/home/user/.m2/repository/org/codehaus/jackson/jackson-mapper-asl/1.9.13/jackson-mapper-asl-1.9.13.jar:/home/user/.m2/repository/org/codehaus/jackson/jackson-jaxrs/1.9.13/jackson-jaxrs-1.9.13.jar:/home/user/.m2/repository/org/codehaus/jackson/jackson-xc/1.9.13/jackson-xc-1.9.13.jar:/home/user/.m2/repository/com/sun/jersey/jersey-server/1.19/jersey-server-1.19.jar:/home/user/.m2/repository/commons-logging/commons-logging/1.1.3/commons-logging-1.1.3.jar:/home/user/.m2/repository/log4j/log4j/1.2.17/log4j-1.2.17.jar:/home/user/.m2/repository/commons-beanutils/commons-beanutils/1.9.3/commons-beanutils-1.9.3.jar:/home/user/.m2/repository/org/apache/commons/commons-configuration2/2.1.1/commons-configuration2-2.1.1.jar:/home/user/.m2/repository/org/apache/commons/commons-lang3/3.7/commons-lang3-3.7.jar:/home/user/.m2/repository/org/apache/commons/commons-text/1.4/commons-text-1.4.jar:/home/user/.m2/repository/org/slf4j/slf4j-api/1.7.25/slf4j-api-1.7.25.jar:/home/user/.m2/repository/org/slf4j/slf4j-log4j12/1.7.25/slf4j-log4j12-1.7.25.jar:/home/user/.m2/repository/org/apache/avro/avro/1.7.7/avro-1.7.7.jar:/home/user/.m2/repository/com/thoughtworks/paranamer/paranamer/2.3/paranamer-2.3.jar:/home/user/.m2/repository/org/xerial/snappy/snappy-java/1.0.5/snappy-java-1.0.5.jar:/home/user/.m2/repository/com/google/re2j/re2j/1.1/re2j-1.1.jar:/home/user/.m2/repository/com/google/code/gson/gson/2.2.4/gson-2.2.4.jar:/home/user/.m2/repository/org/apache/hadoop/hadoop-auth/3.2.0/hadoop-auth-3.2.0.jar:/home/user/.m2/repository/com/nimbusds/nimbus-jose-jwt/4.41.1/nimbus-jose-jwt-4.41.1.jar:/home/user/.m2/repository/com/github/stephenc/jcip/jcip-annotations/1.0-1/jcip-annotations-1.0-1.jar:/home/user/.m2/repository/net/minidev/json-smart/2.3/json-smart-2.3.jar:/home/user/.m2/repository/net/minidev/accessors-smart/1.2/accessors-smart-1.2.jar:/home/user/.m2/repository/org/apache/curator/curator-framework/2.12.0/curator-framework-2.12.0.jar:/home/user/.m2/repository/com/jcraft/jsch/0.1.54/jsch-0.1.54.jar:/home/user/.m2/repository/org/apache/curator/curator-client/2.12.0/curator-client-2.12.0.jar:/home/user/.m2/repository/org/apache/curator/curator-recipes/2.12.0/curator-recipes-2.12.0.jar:/home/user/.m2/repository/com/google/code/findbugs/jsr305/3.0.0/jsr305-3.0.0.jar:/home/user/.m2/repository/org/apache/htrace/htrace-core4/4.1.0-incubating/htrace-core4-4.1.0-incubating.jar:/home/user/.m2/repository/org/apache/zookeeper/zookeeper/3.4.13/zookeeper-3.4.13.jar:/home/user/.m2/repository/org/apache/yetus/audience-annotations/0.5.0/audience-annotations-0.5.0.jar:/home/user/.m2/repository/org/apache/kerby/kerb-simplekdc/1.0.1/kerb-simplekdc-1.0.1.jar:/home/user/.m2/repository/org/apache/kerby/kerb-client/1.0.1/kerb-client-1.0.1.jar:/home/user/.m2/repository/org/apache/kerby/kerby-config/1.0.1/kerby-config-1.0.1.jar:/home/user/.m2/repository/org/apache/kerby/kerb-core/1.0.1/kerb-core-1.0.1.jar:/home/user/.m2/repository/org/apache/kerby/kerby-pkix/1.0.1/kerby-pkix-1.0.1.jar:/home/user/.m2/repository/org/apache/kerby/kerby-asn1/1.0.1/kerby-asn1-1.0.1.jar:/home/user/.m2/repository/org/apache/kerby/kerby-util/1.0.1/kerby-util-1.0.1.jar:/home/user/.m2/repository/org/apache/kerby/kerb-common/1.0.1/kerb-common-1.0.1.jar:/home/user/.m2/repository/org/apache/kerby/kerb-crypto/1.0.1/kerb-crypto-1.0.1.jar:/home/user/.m2/repository/org/apache/kerby/kerb-util/1.0.1/kerb-util-1.0.1.jar:/home/user/.m2/repository/org/apache/kerby/token-provider/1.0.1/token-provider-1.0.1.jar:/home/user/.m2/repository/org/apache/kerby/kerb-admin/1.0.1/kerb-admin-1.0.1.jar:/home/user/.m2/repository/org/apache/kerby/kerb-server/1.0.1/kerb-server-1.0.1.jar:/home/user/.m2/repository/org/apache/kerby/kerb-identity/1.0.1/kerb-identity-1.0.1.jar:/home/user/.m2/repository/org/apache/kerby/kerby-xdr/1.0.1/kerby-xdr-1.0.1.jar:/home/user/.m2/repository/com/fasterxml/jackson/core/jackson-databind/2.9.5/jackson-databind-2.9.5.jar:/home/user/.m2/repository/com/fasterxml/jackson/core/jackson-core/2.9.5/jackson-core-2.9.5.jar:/home/user/.m2/repository/org/codehaus/woodstox/stax2-api/3.1.4/stax2-api-3.1.4.jar:/home/user/.m2/repository/com/fasterxml/woodstox/woodstox-core/5.0.3/woodstox-core-5.0.3.jar:/home/user/.m2/repository/dnsjava/dnsjava/2.1.7/dnsjava-2.1.7.jar:/home/user/.m2/repository/org/apache/hadoop/hadoop-hdfs/3.2.0/hadoop-hdfs-3.2.0.jar:/home/user/.m2/repository/org/eclipse/jetty/jetty-util-ajax/9.3.24.v20180605/jetty-util-ajax-9.3.24.v20180605.jar:/home/user/.m2/repository/commons-daemon/commons-daemon/1.0.13/commons-daemon-1.0.13.jar:/home/user/.m2/repository/io/netty/netty/3.10.5.Final/netty-3.10.5.Final.jar:/home/user/.m2/repository/io/netty/netty-all/4.0.52.Final/netty-all-4.0.52.Final.jar:/home/user/.m2/repository/org/fusesource/leveldbjni/leveldbjni-all/1.8/leveldbjni-all-1.8.jar:/home/user/.m2/repository/com/sun/xml/bind/jaxb-core/2.3.0.1/jaxb-core-2.3.0.1.jar:/home/user/.m2/repository/javax/xml/bind/jaxb-api/2.3.0/jaxb-api-2.3.0.jar:/home/user/.m2/repository/javax/activation/activation/1.1.1/activation-1.1.1.jar:/home/user/.m2/repository/io/dropwizard/metrics/metrics-core/3.2.4/metrics-core-3.2.4.jar:/home/user/.m2/repository/org/openjdk/jmh/jmh-core/1.19/jmh-core-1.19.jar:/home/user/.m2/repository/net/sf/jopt-simple/jopt-simple/4.6/jopt-simple-4.6.jar:/home/user/.m2/repository/org/openjdk/jmh/jmh-generator-annprocess/1.19/jmh-generator-annprocess-1.19.jar:/home/user/.m2/repository/com/google/code/findbugs/findbugs/3.0.1/findbugs-3.0.1.jar:/home/user/.m2/repository/net/jcip/jcip-annotations/1.0/jcip-annotations-1.0.jar:/home/user/.m2/repository/com/google/code/findbugs/bcel-findbugs/6.0/bcel-findbugs-6.0.jar:/home/user/.m2/repository/com/google/code/findbugs/jFormatString/2.0.1/jFormatString-2.0.1.jar:/home/user/.m2/repository/dom4j/dom4j/1.6.1/dom4j-1.6.1.jar:/home/user/.m2/repository/xml-apis/xml-apis/1.0.b2/xml-apis-1.0.b2.jar:/home/user/.m2/repository/org/ow2/asm/asm-debug-all/5.0.2/asm-debug-all-5.0.2.jar:/home/user/.m2/repository/org/ow2/asm/asm-commons/5.0.2/asm-commons-5.0.2.jar:/home/user/.m2/repository/org/ow2/asm/asm-tree/5.0.2/asm-tree-5.0.2.jar:/home/user/.m2/repository/org/ow2/asm/asm/5.0.4/asm-5.0.4.jar:/home/user/.m2/repository/commons-lang/commons-lang/2.6/commons-lang-2.6.jar:/home/user/.m2/repository/com/apple/AppleJavaExtensions/1.4/AppleJavaExtensions-1.4.jar:/home/user/.m2/repository/jaxen/jaxen/1.1.6/jaxen-1.1.6.jar:/home/user/.m2/repository/junit/junit/4.11/junit-4.11.jar:/home/user/.m2/repository/org/hamcrest/hamcrest-core/1.3/hamcrest-core-1.3.jar:/home/user/.m2/repository/org/apache/hadoop/hadoop-common/3.2.0/hadoop-common-3.2.0-tests.jar:/home/user/.m2/repository/org/apache/hadoop/hadoop-ozone-integration-test/0.5.0-SNAPSHOT/hadoop-ozone-integration-test-0.5.0-SNAPSHOT-tests.jar:/opt/src/hadoop-ozone/objectstore-service/target/classes:/opt/src/hadoop-ozone/s3gateway/target/classes:/home/user/.m2/repository/org/jboss/weld/servlet/weld-servlet/2.4.7.Final/weld-servlet-2.4.7.Final.jar:/home/user/.m2/repository/org/glassfish/jersey/containers/jersey-container-servlet-core/2.27/jersey-container-servlet-core-2.27.jar:/home/user/.m2/repository/org/glassfish/hk2/external/javax.inject/2.5.0-b42/javax.inject-2.5.0-b42.jar:/home/user/.m2/repository/org/glassfish/jersey/core/jersey-common/2.27/jersey-common-2.27.jar:/home/user/.m2/repository/org/glassfish/hk2/osgi-resource-locator/1.0.1/osgi-resource-locator-1.0.1.jar:/home/user/.m2/repository/javax/ws/rs/javax.ws.rs-api/2.1/javax.ws.rs-api-2.1.jar:/home/user/.m2/repository/org/glassfish/jersey/ext/cdi/jersey-cdi1x/2.27/jersey-cdi1x-2.27.jar:/home/user/.m2/repository/org/glassfish/jersey/inject/jersey-hk2/2.27/jersey-hk2-2.27.jar:/home/user/.m2/repository/org/glassfish/hk2/hk2-locator/2.5.0-b42/hk2-locator-2.5.0-b42.jar:/home/user/.m2/repository/org/javassist/javassist/3.22.0-CR2/javassist-3.22.0-CR2.jar:/home/user/.m2/repository/org/glassfish/hk2/hk2-api/2.5.0/hk2-api-2.5.0.jar:/home/user/.m2/repository/org/glassfish/hk2/external/jakarta.inject/2.5.0/jakarta.inject-2.5.0.jar:/home/user/.m2/repository/org/glassfish/hk2/hk2-utils/2.5.0/hk2-utils-2.5.0.jar:/home/user/.m2/repository/jakarta/annotation/jakarta.annotation-api/1.3.4/jakarta.annotation-api-1.3.4.jar:/home/user/.m2/repository/org/glassfish/hk2/external/aopalliance-repackaged/2.5.0/aopalliance-repackaged-2.5.0.jar:/home/user/.m2/repository/com/fasterxml/jackson/dataformat/jackson-dataformat-xml/2.9.0/jackson-dataformat-xml-2.9.0.jar:/home/user/.m2/repository/com/fasterxml/jackson/module/jackson-module-jaxb-annotations/2.9.5/jackson-module-jaxb-annotations-2.9.5.jar:/home/user/.m2/repository/javax/enterprise/cdi-api/1.2/cdi-api-1.2.jar:/home/user/.m2/repository/javax/el/javax.el-api/3.0.0/javax.el-api-3.0.0.jar:/home/user/.m2/repository/javax/interceptor/javax.interceptor-api/1.2/javax.interceptor-api-1.2.jar:/home/user/.m2/repository/javax/inject/javax.inject/1/javax.inject-1.jar:/opt/src/hadoop-ozone/csi/target/classes:/home/user/.m2/repository/com/google/protobuf/protobuf-java-util/3.5.1/protobuf-java-util-3.5.1.jar:/home/user/.m2/repository/io/grpc/grpc-netty/1.17.1/grpc-netty-1.17.1.jar:/home/user/.m2/repository/io/grpc/grpc-core/1.17.1/grpc-core-1.17.1.jar:/home/user/.m2/repository/io/grpc/grpc-context/1.17.1/grpc-context-1.17.1.jar:/home/user/.m2/repository/com/google/errorprone/error_prone_annotations/2.2.0/error_prone_annotations-2.2.0.jar:/home/user/.m2/repository/org/codehaus/mojo/animal-sniffer-annotations/1.17/animal-sniffer-annotations-1.17.jar:/home/user/.m2/repository/io/opencensus/opencensus-api/0.17.0/opencensus-api-0.17.0.jar:/home/user/.m2/repository/io/opencensus/opencensus-contrib-grpc-metrics/0.17.0/opencensus-contrib-grpc-metrics-0.17.0.jar:/home/user/.m2/repository/io/netty/netty-codec-http2/4.1.30.Final/netty-codec-http2-4.1.30.Final.jar:/home/user/.m2/repository/io/netty/netty-codec-http/4.1.30.Final/netty-codec-http-4.1.30.Final.jar:/home/user/.m2/repository/io/netty/netty-codec/4.1.30.Final/netty-codec-4.1.30.Final.jar:/home/user/.m2/repository/io/netty/netty-handler/4.1.30.Final/netty-handler-4.1.30.Final.jar:/home/user/.m2/repository/io/netty/netty-handler-proxy/4.1.30.Final/netty-handler-proxy-4.1.30.Final.jar:/home/user/.m2/repository/io/netty/netty-codec-socks/4.1.30.Final/netty-codec-socks-4.1.30.Final.jar:/home/user/.m2/repository/io/netty/netty-transport-native-epoll/4.1.30.Final/netty-transport-native-epoll-4.1.30.Final.jar:/home/user/.m2/repository/io/netty/netty-common/4.1.30.Final/netty-common-4.1.30.Final.jar:/home/user/.m2/repository/io/netty/netty-buffer/4.1.30.Final/netty-buffer-4.1.30.Final.jar:/home/user/.m2/repository/io/netty/netty-transport/4.1.30.Final/netty-transport-4.1.30.Final.jar:/home/user/.m2/repository/io/netty/netty-resolver/4.1.30.Final/netty-resolver-4.1.30.Final.jar:/home/user/.m2/repository/io/netty/netty-transport-native-unix-common/4.1.30.Final/netty-transport-native-unix-common-4.1.30.Final.jar:/home/user/.m2/repository/io/grpc/grpc-protobuf/1.17.1/grpc-protobuf-1.17.1.jar:/home/user/.m2/repository/com/google/api/grpc/proto-google-common-protos/1.0.0/proto-google-common-protos-1.0.0.jar:/home/user/.m2/repository/io/grpc/grpc-protobuf-lite/1.17.1/grpc-protobuf-lite-1.17.1.jar:/home/user/.m2/repository/io/grpc/grpc-stub/1.17.1/grpc-stub-1.17.1.jar:/opt/src/hadoop-ozone/ozone-recon/target/classes:/opt/src/hadoop-ozone/ozone-recon-codegen/target/classes:/home/user/.m2/repository/com/google/inject/extensions/guice-multibindings/4.0/guice-multibindings-4.0.jar:/home/user/.m2/repository/com/google/inject/guice/4.0/guice-4.0.jar:/home/user/.m2/repository/aopalliance/aopalliance/1.0/aopalliance-1.0.jar:/home/user/.m2/repository/com/google/inject/extensions/guice-servlet/4.0/guice-servlet-4.0.jar:/home/user/.m2/repository/org/glassfish/jersey/containers/jersey-container-servlet/2.27/jersey-container-servlet-2.27.jar:/home/user/.m2/repository/org/glassfish/hk2/guice-bridge/2.5.0/guice-bridge-2.5.0.jar:/home/user/.m2/repository/org/glassfish/jersey/core/jersey-server/2.27/jersey-server-2.27.jar:/home/user/.m2/repository/org/glassfish/jersey/core/jersey-client/2.27/jersey-client-2.27.jar:/home/user/.m2/repository/org/glassfish/jersey/media/jersey-media-jaxb/2.27/jersey-media-jaxb-2.27.jar:/home/user/.m2/repository/javax/validation/validation-api/1.1.0.Final/validation-api-1.1.0.Final.jar:/home/user/.m2/repository/org/glassfish/jersey/media/jersey-media-json-jackson/2.27/jersey-media-json-jackson-2.27.jar:/home/user/.m2/repository/org/glassfish/jersey/ext/jersey-entity-filtering/2.27/jersey-entity-filtering-2.27.jar:/home/user/.m2/repository/com/google/inject/extensions/guice-assistedinject/4.0/guice-assistedinject-4.0.jar:/home/user/.m2/repository/org/jooq/jooq/3.11.10/jooq-3.11.10.jar:/home/user/.m2/repository/org/jooq/jooq-meta/3.11.10/jooq-meta-3.11.10.jar:/home/user/.m2/repository/org/jooq/jooq-codegen/3.11.10/jooq-codegen-3.11.10.jar:/home/user/.m2/repository/com/jolbox/bonecp/0.8.0.RELEASE/bonecp-0.8.0.RELEASE.jar:/home/user/.m2/repository/org/springframework/spring-jdbc/5.1.3.RELEASE/spring-jdbc-5.1.3.RELEASE.jar:/home/user/.m2/repository/org/springframework/spring-beans/5.1.3.RELEASE/spring-beans-5.1.3.RELEASE.jar:/home/user/.m2/repository/org/springframework/spring-core/5.1.3.RELEASE/spring-core-5.1.3.RELEASE.jar:/home/user/.m2/repository/org/springframework/spring-jcl/5.1.3.RELEASE/spring-jcl-5.1.3.RELEASE.jar:/home/user/.m2/repository/org/springframework/spring-tx/5.1.3.RELEASE/spring-tx-5.1.3.RELEASE.jar:/home/user/.m2/repository/org/mockito/mockito-core/2.15.0/mockito-core-2.15.0.jar:/home/user/.m2/repository/net/bytebuddy/byte-buddy/1.7.9/byte-buddy-1.7.9.jar:/home/user/.m2/repository/net/bytebuddy/byte-buddy-agent/1.7.9/byte-buddy-agent-1.7.9.jar:/home/user/.m2/repository/org/objenesis/objenesis/1.0/objenesis-1.0.jar:"/>
    <property name="java.vm.vendor" value="IcedTea"/>
    <property name="sun.arch.data.model" value="64"/>
    <property name="test.build.dir" value="/opt/src/hadoop-ozone/tools/target/test-dir"/>
    <property name="test.cache.data" value=""/>
    <property name="java.vendor.url" value="https://icedtea.classpath.org"/>
    <property name="user.timezone" value=""/>
    <property name="java.vm.specification.version" value="1.8"/>
    <property name="os.name" value="Linux"/>
    <property name="test.build.data" value="/opt/src/hadoop-ozone/tools/target/test-dir"/>
    <property name="user.country" value="US"/>
    <property name="sun.java.launcher" value="SUN_STANDARD"/>
    <property name="sun.boot.library.path" value="/usr/lib/jvm/java-1.8-openjdk/jre/lib/amd64"/>
    <property name="sun.java.command" value="/opt/src/hadoop-ozone/tools/target/surefire/surefirebooter3822688702277072478.jar /opt/src/hadoop-ozone/tools/target/surefire 2019-06-18T10-29-35_459-jvmRun1 surefire8789503037465690158tmp surefire_896799396017186308532tmp"/>
    <property name="surefire.test.class.path" value="/opt/src/hadoop-ozone/tools/target/test-classes:/opt/src/hadoop-ozone/tools/target/classes:/opt/src/hadoop-ozone/ozone-manager/target/classes:/opt/src/hadoop-hdds/docs/target/classes:/home/user/.m2/repository/org/bouncycastle/bcprov-jdk15on/1.60/bcprov-jdk15on-1.60.jar:/opt/src/hadoop-ozone/common/target/classes:/home/user/.m2/repository/org/apache/commons/commons-compress/1.4.1/commons-compress-1.4.1.jar:/home/user/.m2/repository/org/tukaani/xz/1.0/xz-1.0.jar:/home/user/.m2/repository/org/apache/hadoop/hadoop-hdfs-client/3.2.0/hadoop-hdfs-client-3.2.0.jar:/home/user/.m2/repository/com/fasterxml/jackson/core/jackson-annotations/2.9.5/jackson-annotations-2.9.5.jar:/opt/src/hadoop-hdds/common/target/classes:/opt/src/hadoop-hdds/config/target/classes:/home/user/.m2/repository/javax/annotation/javax.annotation-api/1.2/javax.annotation-api-1.2.jar:/home/user/.m2/repository/org/apache/ratis/ratis-server/0.4.0-fe2b15d-SNAPSHOT/ratis-server-0.4.0-fe2b15d-SNAPSHOT.jar:/home/user/.m2/repository/org/apache/ratis/ratis-thirdparty-misc/0.2.0/ratis-thirdparty-misc-0.2.0.jar:/home/user/.m2/repository/org/apache/ratis/ratis-proto/0.4.0-fe2b15d-SNAPSHOT/ratis-proto-0.4.0-fe2b15d-SNAPSHOT.jar:/home/user/.m2/repository/org/apache/ratis/ratis-common/0.4.0-fe2b15d-SNAPSHOT/ratis-common-0.4.0-fe2b15d-SNAPSHOT.jar:/home/user/.m2/repository/org/apache/ratis/ratis-client/0.4.0-fe2b15d-SNAPSHOT/ratis-client-0.4.0-fe2b15d-SNAPSHOT.jar:/home/user/.m2/repository/org/apache/ratis/ratis-netty/0.4.0-fe2b15d-SNAPSHOT/ratis-netty-0.4.0-fe2b15d-SNAPSHOT.jar:/home/user/.m2/repository/org/apache/ratis/ratis-grpc/0.4.0-fe2b15d-SNAPSHOT/ratis-grpc-0.4.0-fe2b15d-SNAPSHOT.jar:/home/user/.m2/repository/org/rocksdb/rocksdbjni/5.14.2/rocksdbjni-5.14.2.jar:/home/user/.m2/repository/org/apache/logging/log4j/log4j-api/2.11.0/log4j-api-2.11.0.jar:/home/user/.m2/repository/org/apache/logging/log4j/log4j-core/2.11.0/log4j-core-2.11.0.jar:/home/user/.m2/repository/com/lmax/disruptor/3.4.2/disruptor-3.4.2.jar:/home/user/.m2/repository/org/apache/commons/commons-pool2/2.6.0/commons-pool2-2.6.0.jar:/home/user/.m2/repository/org/bouncycastle/bcpkix-jdk15on/1.60/bcpkix-jdk15on-1.60.jar:/home/user/.m2/repository/commons-validator/commons-validator/1.6/commons-validator-1.6.jar:/home/user/.m2/repository/commons-digester/commons-digester/1.8.1/commons-digester-1.8.1.jar:/home/user/.m2/repository/io/jaegertracing/jaeger-client/0.33.1/jaeger-client-0.33.1.jar:/home/user/.m2/repository/io/jaegertracing/jaeger-thrift/0.33.1/jaeger-thrift-0.33.1.jar:/home/user/.m2/repository/org/apache/thrift/libthrift/0.11.0/libthrift-0.11.0.jar:/home/user/.m2/repository/com/squareup/okhttp3/okhttp/3.9.0/okhttp-3.9.0.jar:/home/user/.m2/repository/com/squareup/okio/okio/1.13.0/okio-1.13.0.jar:/home/user/.m2/repository/io/jaegertracing/jaeger-core/0.33.1/jaeger-core-0.33.1.jar:/home/user/.m2/repository/io/jaegertracing/jaeger-tracerresolver/0.33.1/jaeger-tracerresolver-0.33.1.jar:/home/user/.m2/repository/io/opentracing/contrib/opentracing-tracerresolver/0.1.5/opentracing-tracerresolver-0.1.5.jar:/home/user/.m2/repository/io/opentracing/opentracing-util/0.31.0/opentracing-util-0.31.0.jar:/home/user/.m2/repository/io/opentracing/opentracing-api/0.31.0/opentracing-api-0.31.0.jar:/home/user/.m2/repository/io/opentracing/opentracing-noop/0.31.0/opentracing-noop-0.31.0.jar:/home/user/.m2/repository/org/yaml/snakeyaml/1.16/snakeyaml-1.16.jar:/opt/src/hadoop-hdds/server-scm/target/classes:/home/user/.m2/repository/org/hamcrest/hamcrest-all/1.3/hamcrest-all-1.3.jar:/opt/src/hadoop-hdds/container-service/target/classes:/opt/src/hadoop-hdds/client/target/classes:/opt/src/hadoop-hdds/tools/target/classes:/home/user/.m2/repository/org/xerial/sqlite-jdbc/3.25.2/sqlite-jdbc-3.25.2.jar:/opt/src/hadoop-ozone/client/target/classes:/home/user/.m2/repository/org/apache/hadoop/hadoop-ozone-filesystem/0.5.0-SNAPSHOT/hadoop-ozone-filesystem-0.5.0-SNAPSHOT.jar:/opt/src/hadoop-hdds/framework/target/classes:/home/user/.m2/repository/info/picocli/picocli/3.9.6/picocli-3.9.6.jar:/home/user/.m2/repository/com/google/protobuf/protobuf-java/2.5.0/protobuf-java-2.5.0.jar:/home/user/.m2/repository/com/google/guava/guava/11.0.2/guava-11.0.2.jar:/home/user/.m2/repository/org/apache/hadoop/hadoop-common/3.2.0/hadoop-common-3.2.0.jar:/home/user/.m2/repository/org/apache/hadoop/hadoop-annotations/3.2.0/hadoop-annotations-3.2.0.jar:/usr/lib/jvm/java-1.8-openjdk/jre/../lib/tools.jar:/home/user/.m2/repository/commons-cli/commons-cli/1.2/commons-cli-1.2.jar:/home/user/.m2/repository/org/apache/commons/commons-math3/3.1.1/commons-math3-3.1.1.jar:/home/user/.m2/repository/org/apache/httpcomponents/httpclient/4.5.2/httpclient-4.5.2.jar:/home/user/.m2/repository/org/apache/httpcomponents/httpcore/4.4.4/httpcore-4.4.4.jar:/home/user/.m2/repository/commons-codec/commons-codec/1.11/commons-codec-1.11.jar:/home/user/.m2/repository/commons-io/commons-io/2.5/commons-io-2.5.jar:/home/user/.m2/repository/commons-net/commons-net/3.6/commons-net-3.6.jar:/home/user/.m2/repository/commons-collections/commons-collections/3.2.2/commons-collections-3.2.2.jar:/home/user/.m2/repository/javax/servlet/javax.servlet-api/3.1.0/javax.servlet-api-3.1.0.jar:/home/user/.m2/repository/org/eclipse/jetty/jetty-server/9.3.24.v20180605/jetty-server-9.3.24.v20180605.jar:/home/user/.m2/repository/org/eclipse/jetty/jetty-http/9.3.24.v20180605/jetty-http-9.3.24.v20180605.jar:/home/user/.m2/repository/org/eclipse/jetty/jetty-io/9.3.24.v20180605/jetty-io-9.3.24.v20180605.jar:/home/user/.m2/repository/org/eclipse/jetty/jetty-util/9.3.24.v20180605/jetty-util-9.3.24.v20180605.jar:/home/user/.m2/repository/org/eclipse/jetty/jetty-servlet/9.3.24.v20180605/jetty-servlet-9.3.24.v20180605.jar:/home/user/.m2/repository/org/eclipse/jetty/jetty-security/9.3.24.v20180605/jetty-security-9.3.24.v20180605.jar:/home/user/.m2/repository/org/eclipse/jetty/jetty-webapp/9.3.24.v20180605/jetty-webapp-9.3.24.v20180605.jar:/home/user/.m2/repository/org/eclipse/jetty/jetty-xml/9.3.24.v20180605/jetty-xml-9.3.24.v20180605.jar:/home/user/.m2/repository/javax/servlet/jsp/jsp-api/2.1/jsp-api-2.1.jar:/home/user/.m2/repository/com/sun/jersey/jersey-core/1.19/jersey-core-1.19.jar:/home/user/.m2/repository/javax/ws/rs/jsr311-api/1.1.1/jsr311-api-1.1.1.jar:/home/user/.m2/repository/com/sun/jersey/jersey-servlet/1.19/jersey-servlet-1.19.jar:/home/user/.m2/repository/com/sun/jersey/jersey-json/1.19/jersey-json-1.19.jar:/home/user/.m2/repository/org/codehaus/jettison/jettison/1.1/jettison-1.1.jar:/home/user/.m2/repository/com/sun/xml/bind/jaxb-impl/2.3.0.1/jaxb-impl-2.3.0.1.jar:/home/user/.m2/repository/org/codehaus/jackson/jackson-core-asl/1.9.13/jackson-core-asl-1.9.13.jar:/home/user/.m2/repository/org/codehaus/jackson/jackson-mapper-asl/1.9.13/jackson-mapper-asl-1.9.13.jar:/home/user/.m2/repository/org/codehaus/jackson/jackson-jaxrs/1.9.13/jackson-jaxrs-1.9.13.jar:/home/user/.m2/repository/org/codehaus/jackson/jackson-xc/1.9.13/jackson-xc-1.9.13.jar:/home/user/.m2/repository/com/sun/jersey/jersey-server/1.19/jersey-server-1.19.jar:/home/user/.m2/repository/commons-logging/commons-logging/1.1.3/commons-logging-1.1.3.jar:/home/user/.m2/repository/log4j/log4j/1.2.17/log4j-1.2.17.jar:/home/user/.m2/repository/commons-beanutils/commons-beanutils/1.9.3/commons-beanutils-1.9.3.jar:/home/user/.m2/repository/org/apache/commons/commons-configuration2/2.1.1/commons-configuration2-2.1.1.jar:/home/user/.m2/repository/org/apache/commons/commons-lang3/3.7/commons-lang3-3.7.jar:/home/user/.m2/repository/org/apache/commons/commons-text/1.4/commons-text-1.4.jar:/home/user/.m2/repository/org/slf4j/slf4j-api/1.7.25/slf4j-api-1.7.25.jar:/home/user/.m2/repository/org/slf4j/slf4j-log4j12/1.7.25/slf4j-log4j12-1.7.25.jar:/home/user/.m2/repository/org/apache/avro/avro/1.7.7/avro-1.7.7.jar:/home/user/.m2/repository/com/thoughtworks/paranamer/paranamer/2.3/paranamer-2.3.jar:/home/user/.m2/repository/org/xerial/snappy/snappy-java/1.0.5/snappy-java-1.0.5.jar:/home/user/.m2/repository/com/google/re2j/re2j/1.1/re2j-1.1.jar:/home/user/.m2/repository/com/google/code/gson/gson/2.2.4/gson-2.2.4.jar:/home/user/.m2/repository/org/apache/hadoop/hadoop-auth/3.2.0/hadoop-auth-3.2.0.jar:/home/user/.m2/repository/com/nimbusds/nimbus-jose-jwt/4.41.1/nimbus-jose-jwt-4.41.1.jar:/home/user/.m2/repository/com/github/stephenc/jcip/jcip-annotations/1.0-1/jcip-annotations-1.0-1.jar:/home/user/.m2/repository/net/minidev/json-smart/2.3/json-smart-2.3.jar:/home/user/.m2/repository/net/minidev/accessors-smart/1.2/accessors-smart-1.2.jar:/home/user/.m2/repository/org/apache/curator/curator-framework/2.12.0/curator-framework-2.12.0.jar:/home/user/.m2/repository/com/jcraft/jsch/0.1.54/jsch-0.1.54.jar:/home/user/.m2/repository/org/apache/curator/curator-client/2.12.0/curator-client-2.12.0.jar:/home/user/.m2/repository/org/apache/curator/curator-recipes/2.12.0/curator-recipes-2.12.0.jar:/home/user/.m2/repository/com/google/code/findbugs/jsr305/3.0.0/jsr305-3.0.0.jar:/home/user/.m2/repository/org/apache/htrace/htrace-core4/4.1.0-incubating/htrace-core4-4.1.0-incubating.jar:/home/user/.m2/repository/org/apache/zookeeper/zookeeper/3.4.13/zookeeper-3.4.13.jar:/home/user/.m2/repository/org/apache/yetus/audience-annotations/0.5.0/audience-annotations-0.5.0.jar:/home/user/.m2/repository/org/apache/kerby/kerb-simplekdc/1.0.1/kerb-simplekdc-1.0.1.jar:/home/user/.m2/repository/org/apache/kerby/kerb-client/1.0.1/kerb-client-1.0.1.jar:/home/user/.m2/repository/org/apache/kerby/kerby-config/1.0.1/kerby-config-1.0.1.jar:/home/user/.m2/repository/org/apache/kerby/kerb-core/1.0.1/kerb-core-1.0.1.jar:/home/user/.m2/repository/org/apache/kerby/kerby-pkix/1.0.1/kerby-pkix-1.0.1.jar:/home/user/.m2/repository/org/apache/kerby/kerby-asn1/1.0.1/kerby-asn1-1.0.1.jar:/home/user/.m2/repository/org/apache/kerby/kerby-util/1.0.1/kerby-util-1.0.1.jar:/home/user/.m2/repository/org/apache/kerby/kerb-common/1.0.1/kerb-common-1.0.1.jar:/home/user/.m2/repository/org/apache/kerby/kerb-crypto/1.0.1/kerb-crypto-1.0.1.jar:/home/user/.m2/repository/org/apache/kerby/kerb-util/1.0.1/kerb-util-1.0.1.jar:/home/user/.m2/repository/org/apache/kerby/token-provider/1.0.1/token-provider-1.0.1.jar:/home/user/.m2/repository/org/apache/kerby/kerb-admin/1.0.1/kerb-admin-1.0.1.jar:/home/user/.m2/repository/org/apache/kerby/kerb-server/1.0.1/kerb-server-1.0.1.jar:/home/user/.m2/repository/org/apache/kerby/kerb-identity/1.0.1/kerb-identity-1.0.1.jar:/home/user/.m2/repository/org/apache/kerby/kerby-xdr/1.0.1/kerby-xdr-1.0.1.jar:/home/user/.m2/repository/com/fasterxml/jackson/core/jackson-databind/2.9.5/jackson-databind-2.9.5.jar:/home/user/.m2/repository/com/fasterxml/jackson/core/jackson-core/2.9.5/jackson-core-2.9.5.jar:/home/user/.m2/repository/org/codehaus/woodstox/stax2-api/3.1.4/stax2-api-3.1.4.jar:/home/user/.m2/repository/com/fasterxml/woodstox/woodstox-core/5.0.3/woodstox-core-5.0.3.jar:/home/user/.m2/repository/dnsjava/dnsjava/2.1.7/dnsjava-2.1.7.jar:/home/user/.m2/repository/org/apache/hadoop/hadoop-hdfs/3.2.0/hadoop-hdfs-3.2.0.jar:/home/user/.m2/repository/org/eclipse/jetty/jetty-util-ajax/9.3.24.v20180605/jetty-util-ajax-9.3.24.v20180605.jar:/home/user/.m2/repository/commons-daemon/commons-daemon/1.0.13/commons-daemon-1.0.13.jar:/home/user/.m2/repository/io/netty/netty/3.10.5.Final/netty-3.10.5.Final.jar:/home/user/.m2/repository/io/netty/netty-all/4.0.52.Final/netty-all-4.0.52.Final.jar:/home/user/.m2/repository/org/fusesource/leveldbjni/leveldbjni-all/1.8/leveldbjni-all-1.8.jar:/home/user/.m2/repository/com/sun/xml/bind/jaxb-core/2.3.0.1/jaxb-core-2.3.0.1.jar:/home/user/.m2/repository/javax/xml/bind/jaxb-api/2.3.0/jaxb-api-2.3.0.jar:/home/user/.m2/repository/javax/activation/activation/1.1.1/activation-1.1.1.jar:/home/user/.m2/repository/io/dropwizard/metrics/metrics-core/3.2.4/metrics-core-3.2.4.jar:/home/user/.m2/repository/org/openjdk/jmh/jmh-core/1.19/jmh-core-1.19.jar:/home/user/.m2/repository/net/sf/jopt-simple/jopt-simple/4.6/jopt-simple-4.6.jar:/home/user/.m2/repository/org/openjdk/jmh/jmh-generator-annprocess/1.19/jmh-generator-annprocess-1.19.jar:/home/user/.m2/repository/com/google/code/findbugs/findbugs/3.0.1/findbugs-3.0.1.jar:/home/user/.m2/repository/net/jcip/jcip-annotations/1.0/jcip-annotations-1.0.jar:/home/user/.m2/repository/com/google/code/findbugs/bcel-findbugs/6.0/bcel-findbugs-6.0.jar:/home/user/.m2/repository/com/google/code/findbugs/jFormatString/2.0.1/jFormatString-2.0.1.jar:/home/user/.m2/repository/dom4j/dom4j/1.6.1/dom4j-1.6.1.jar:/home/user/.m2/repository/xml-apis/xml-apis/1.0.b2/xml-apis-1.0.b2.jar:/home/user/.m2/repository/org/ow2/asm/asm-debug-all/5.0.2/asm-debug-all-5.0.2.jar:/home/user/.m2/repository/org/ow2/asm/asm-commons/5.0.2/asm-commons-5.0.2.jar:/home/user/.m2/repository/org/ow2/asm/asm-tree/5.0.2/asm-tree-5.0.2.jar:/home/user/.m2/repository/org/ow2/asm/asm/5.0.4/asm-5.0.4.jar:/home/user/.m2/repository/commons-lang/commons-lang/2.6/commons-lang-2.6.jar:/home/user/.m2/repository/com/apple/AppleJavaExtensions/1.4/AppleJavaExtensions-1.4.jar:/home/user/.m2/repository/jaxen/jaxen/1.1.6/jaxen-1.1.6.jar:/home/user/.m2/repository/junit/junit/4.11/junit-4.11.jar:/home/user/.m2/repository/org/hamcrest/hamcrest-core/1.3/hamcrest-core-1.3.jar:/home/user/.m2/repository/org/apache/hadoop/hadoop-common/3.2.0/hadoop-common-3.2.0-tests.jar:/home/user/.m2/repository/org/apache/hadoop/hadoop-ozone-integration-test/0.5.0-SNAPSHOT/hadoop-ozone-integration-test-0.5.0-SNAPSHOT-tests.jar:/opt/src/hadoop-ozone/objectstore-service/target/classes:/opt/src/hadoop-ozone/s3gateway/target/classes:/home/user/.m2/repository/org/jboss/weld/servlet/weld-servlet/2.4.7.Final/weld-servlet-2.4.7.Final.jar:/home/user/.m2/repository/org/glassfish/jersey/containers/jersey-container-servlet-core/2.27/jersey-container-servlet-core-2.27.jar:/home/user/.m2/repository/org/glassfish/hk2/external/javax.inject/2.5.0-b42/javax.inject-2.5.0-b42.jar:/home/user/.m2/repository/org/glassfish/jersey/core/jersey-common/2.27/jersey-common-2.27.jar:/home/user/.m2/repository/org/glassfish/hk2/osgi-resource-locator/1.0.1/osgi-resource-locator-1.0.1.jar:/home/user/.m2/repository/javax/ws/rs/javax.ws.rs-api/2.1/javax.ws.rs-api-2.1.jar:/home/user/.m2/repository/org/glassfish/jersey/ext/cdi/jersey-cdi1x/2.27/jersey-cdi1x-2.27.jar:/home/user/.m2/repository/org/glassfish/jersey/inject/jersey-hk2/2.27/jersey-hk2-2.27.jar:/home/user/.m2/repository/org/glassfish/hk2/hk2-locator/2.5.0-b42/hk2-locator-2.5.0-b42.jar:/home/user/.m2/repository/org/javassist/javassist/3.22.0-CR2/javassist-3.22.0-CR2.jar:/home/user/.m2/repository/org/glassfish/hk2/hk2-api/2.5.0/hk2-api-2.5.0.jar:/home/user/.m2/repository/org/glassfish/hk2/external/jakarta.inject/2.5.0/jakarta.inject-2.5.0.jar:/home/user/.m2/repository/org/glassfish/hk2/hk2-utils/2.5.0/hk2-utils-2.5.0.jar:/home/user/.m2/repository/jakarta/annotation/jakarta.annotation-api/1.3.4/jakarta.annotation-api-1.3.4.jar:/home/user/.m2/repository/org/glassfish/hk2/external/aopalliance-repackaged/2.5.0/aopalliance-repackaged-2.5.0.jar:/home/user/.m2/repository/com/fasterxml/jackson/dataformat/jackson-dataformat-xml/2.9.0/jackson-dataformat-xml-2.9.0.jar:/home/user/.m2/repository/com/fasterxml/jackson/module/jackson-module-jaxb-annotations/2.9.5/jackson-module-jaxb-annotations-2.9.5.jar:/home/user/.m2/repository/javax/enterprise/cdi-api/1.2/cdi-api-1.2.jar:/home/user/.m2/repository/javax/el/javax.el-api/3.0.0/javax.el-api-3.0.0.jar:/home/user/.m2/repository/javax/interceptor/javax.interceptor-api/1.2/javax.interceptor-api-1.2.jar:/home/user/.m2/repository/javax/inject/javax.inject/1/javax.inject-1.jar:/opt/src/hadoop-ozone/csi/target/classes:/home/user/.m2/repository/com/google/protobuf/protobuf-java-util/3.5.1/protobuf-java-util-3.5.1.jar:/home/user/.m2/repository/io/grpc/grpc-netty/1.17.1/grpc-netty-1.17.1.jar:/home/user/.m2/repository/io/grpc/grpc-core/1.17.1/grpc-core-1.17.1.jar:/home/user/.m2/repository/io/grpc/grpc-context/1.17.1/grpc-context-1.17.1.jar:/home/user/.m2/repository/com/google/errorprone/error_prone_annotations/2.2.0/error_prone_annotations-2.2.0.jar:/home/user/.m2/repository/org/codehaus/mojo/animal-sniffer-annotations/1.17/animal-sniffer-annotations-1.17.jar:/home/user/.m2/repository/io/opencensus/opencensus-api/0.17.0/opencensus-api-0.17.0.jar:/home/user/.m2/repository/io/opencensus/opencensus-contrib-grpc-metrics/0.17.0/opencensus-contrib-grpc-metrics-0.17.0.jar:/home/user/.m2/repository/io/netty/netty-codec-http2/4.1.30.Final/netty-codec-http2-4.1.30.Final.jar:/home/user/.m2/repository/io/netty/netty-codec-http/4.1.30.Final/netty-codec-http-4.1.30.Final.jar:/home/user/.m2/repository/io/netty/netty-codec/4.1.30.Final/netty-codec-4.1.30.Final.jar:/home/user/.m2/repository/io/netty/netty-handler/4.1.30.Final/netty-handler-4.1.30.Final.jar:/home/user/.m2/repository/io/netty/netty-handler-proxy/4.1.30.Final/netty-handler-proxy-4.1.30.Final.jar:/home/user/.m2/repository/io/netty/netty-codec-socks/4.1.30.Final/netty-codec-socks-4.1.30.Final.jar:/home/user/.m2/repository/io/netty/netty-transport-native-epoll/4.1.30.Final/netty-transport-native-epoll-4.1.30.Final.jar:/home/user/.m2/repository/io/netty/netty-common/4.1.30.Final/netty-common-4.1.30.Final.jar:/home/user/.m2/repository/io/netty/netty-buffer/4.1.30.Final/netty-buffer-4.1.30.Final.jar:/home/user/.m2/repository/io/netty/netty-transport/4.1.30.Final/netty-transport-4.1.30.Final.jar:/home/user/.m2/repository/io/netty/netty-resolver/4.1.30.Final/netty-resolver-4.1.30.Final.jar:/home/user/.m2/repository/io/netty/netty-transport-native-unix-common/4.1.30.Final/netty-transport-native-unix-common-4.1.30.Final.jar:/home/user/.m2/repository/io/grpc/grpc-protobuf/1.17.1/grpc-protobuf-1.17.1.jar:/home/user/.m2/repository/com/google/api/grpc/proto-google-common-protos/1.0.0/proto-google-common-protos-1.0.0.jar:/home/user/.m2/repository/io/grpc/grpc-protobuf-lite/1.17.1/grpc-protobuf-lite-1.17.1.jar:/home/user/.m2/repository/io/grpc/grpc-stub/1.17.1/grpc-stub-1.17.1.jar:/opt/src/hadoop-ozone/ozone-recon/target/classes:/opt/src/hadoop-ozone/ozone-recon-codegen/target/classes:/home/user/.m2/repository/com/google/inject/extensions/guice-multibindings/4.0/guice-multibindings-4.0.jar:/home/user/.m2/repository/com/google/inject/guice/4.0/guice-4.0.jar:/home/user/.m2/repository/aopalliance/aopalliance/1.0/aopalliance-1.0.jar:/home/user/.m2/repository/com/google/inject/extensions/guice-servlet/4.0/guice-servlet-4.0.jar:/home/user/.m2/repository/org/glassfish/jersey/containers/jersey-container-servlet/2.27/jersey-container-servlet-2.27.jar:/home/user/.m2/repository/org/glassfish/hk2/guice-bridge/2.5.0/guice-bridge-2.5.0.jar:/home/user/.m2/repository/org/glassfish/jersey/core/jersey-server/2.27/jersey-server-2.27.jar:/home/user/.m2/repository/org/glassfish/jersey/core/jersey-client/2.27/jersey-client-2.27.jar:/home/user/.m2/repository/org/glassfish/jersey/media/jersey-media-jaxb/2.27/jersey-media-jaxb-2.27.jar:/home/user/.m2/repository/javax/validation/validation-api/1.1.0.Final/validation-api-1.1.0.Final.jar:/home/user/.m2/repository/org/glassfish/jersey/media/jersey-media-json-jackson/2.27/jersey-media-json-jackson-2.27.jar:/home/user/.m2/repository/org/glassfish/jersey/ext/jersey-entity-filtering/2.27/jersey-entity-filtering-2.27.jar:/home/user/.m2/repository/com/google/inject/extensions/guice-assistedinject/4.0/guice-assistedinject-4.0.jar:/home/user/.m2/repository/org/jooq/jooq/3.11.10/jooq-3.11.10.jar:/home/user/.m2/repository/org/jooq/jooq-meta/3.11.10/jooq-meta-3.11.10.jar:/home/user/.m2/repository/org/jooq/jooq-codegen/3.11.10/jooq-codegen-3.11.10.jar:/home/user/.m2/repository/com/jolbox/bonecp/0.8.0.RELEASE/bonecp-0.8.0.RELEASE.jar:/home/user/.m2/repository/org/springframework/spring-jdbc/5.1.3.RELEASE/spring-jdbc-5.1.3.RELEASE.jar:/home/user/.m2/repository/org/springframework/spring-beans/5.1.3.RELEASE/spring-beans-5.1.3.RELEASE.jar:/home/user/.m2/repository/org/springframework/spring-core/5.1.3.RELEASE/spring-core-5.1.3.RELEASE.jar:/home/user/.m2/repository/org/springframework/spring-jcl/5.1.3.RELEASE/spring-jcl-5.1.3.RELEASE.jar:/home/user/.m2/repository/org/springframework/spring-tx/5.1.3.RELEASE/spring-tx-5.1.3.RELEASE.jar:/home/user/.m2/repository/org/mockito/mockito-core/2.15.0/mockito-core-2.15.0.jar:/home/user/.m2/repository/net/bytebuddy/byte-buddy/1.7.9/byte-buddy-1.7.9.jar:/home/user/.m2/repository/net/bytebuddy/byte-buddy-agent/1.7.9/byte-buddy-agent-1.7.9.jar:/home/user/.m2/repository/org/objenesis/objenesis/1.0/objenesis-1.0.jar:"/>
    <property name="sun.cpu.endian" value="little"/>
    <property name="user.home" value="/home/user"/>
    <property name="user.language" value="en"/>
    <property name="java.specification.vendor" value="Oracle Corporation"/>
    <property name="java.home" value="/usr/lib/jvm/java-1.8-openjdk/jre"/>
    <property name="java.security.krb5.conf" value="/opt/src/hadoop-ozone/tools/target/test-classes/krb5.conf"/>
    <property name="basedir" value="/opt/src/hadoop-ozone/tools"/>
    <property name="file.separator" value="/"/>
    <property name="line.separator" value="&#10;"/>
    <property name="java.vm.specification.vendor" value="Oracle Corporation"/>
    <property name="java.specification.name" value="Java Platform API Specification"/>
    <property name="java.awt.graphicsenv" value="sun.awt.X11GraphicsEnvironment"/>
    <property name="surefire.real.class.path" value="/opt/src/hadoop-ozone/tools/target/surefire/surefirebooter3822688702277072478.jar"/>
    <property name="hadoop.log.dir" value="/opt/src/hadoop-ozone/tools/target/log"/>
    <property name="sun.boot.class.path" value="/usr/lib/jvm/java-1.8-openjdk/jre/lib/resources.jar:/usr/lib/jvm/java-1.8-openjdk/jre/lib/rt.jar:/usr/lib/jvm/java-1.8-openjdk/jre/lib/sunrsasign.jar:/usr/lib/jvm/java-1.8-openjdk/jre/lib/jsse.jar:/usr/lib/jvm/java-1.8-openjdk/jre/lib/jce.jar:/usr/lib/jvm/java-1.8-openjdk/jre/lib/charsets.jar:/usr/lib/jvm/java-1.8-openjdk/jre/lib/jfr.jar:/usr/lib/jvm/java-1.8-openjdk/jre/classes"/>
    <property name="sun.management.compiler" value="HotSpot 64-Bit Tiered Compilers"/>
    <property name="java.runtime.version" value="1.8.0_212-b04"/>
    <property name="java.net.preferIPv4Stack" value="true"/>
    <property name="user.name" value="jenkins1000"/>
    <property name="path.separator" value=":"/>
    <property name="java.security.egd" value="file:///dev/urandom"/>
    <property name="os.version" value="4.15.0-1021-aws"/>
    <property name="java.endorsed.dirs" value="/usr/lib/jvm/java-1.8-openjdk/jre/lib/endorsed"/>
    <property name="java.runtime.name" value="OpenJDK Runtime Environment"/>
    <property name="file.encoding" value="UTF-8"/>
    <property name="java.vm.name" value="OpenJDK 64-Bit Server VM"/>
    <property name="test.build.webapps" value=""/>
    <property name="localRepository" value="/home/user/.m2/repository"/>
    <property name="java.vendor.url.bug" value="https://icedtea.classpath.org/bugzilla"/>
    <property name="java.io.tmpdir" value="/tmp"/>
    <property name="require.test.libhadoop" value=""/>
    <property name="java.version" value="1.8.0_212"/>
    <property name="user.dir" value="/opt/src/hadoop-ozone/tools"/>
    <property name="os.arch" value="amd64"/>
    <property name="java.vm.specification.name" value="Java Virtual Machine Specification"/>
    <property name="test.build.classes" value="/opt/src/hadoop-ozone/tools/target/test-classes"/>
    <property name="java.awt.printerjob" value="sun.print.PSPrinterJob"/>
    <property name="sun.os.patch.level" value="unknown"/>
    <property name="hadoop.tmp.dir" value="/opt/src/hadoop-ozone/tools/target/tmp"/>
    <property name="java.library.path" value="/usr/lib/jvm/java-1.8-openjdk/jre/lib/amd64/server:/usr/lib/jvm/java-1.8-openjdk/jre/lib/amd64:/usr/lib/jvm/java-1.8-openjdk/jre/../lib/amd64:/opt/src/hadoop-ozone/tools/target/native/target/usr/local/lib:/opt/src/hadoop-ozone/tools/../../hadoop-common-project/hadoop-common/target/native/target/usr/local/lib:/usr/java/packages/lib/amd64:/usr/lib64:/lib64:/lib:/usr/lib"/>
    <property name="java.vm.info" value="mixed mode"/>
    <property name="java.vendor" value="IcedTea"/>
    <property name="java.vm.version" value="25.212-b04"/>
    <property name="java.ext.dirs" value="/usr/lib/jvm/java-1.8-openjdk/jre/lib/ext:/usr/java/packages/lib/ext"/>
    <property name="sun.io.unicode.encoding" value="UnicodeLittle"/>
    <property name="java.class.version" value="52.0"/>
  </properties>
  <testcase name="testRestart" classname="org.apache.hadoop.ozone.freon.TestFreonWithPipelineDestroy" time="11.106">
    <error message="Unexpected Storage Container Exception: org.apache.hadoop.hdds.scm.container.common.helpers.StorageContainerException: ContainerID 5 does not exist" type="java.io.IOException">java.io.IOException: Unexpected Storage Container Exception: org.apache.hadoop.hdds.scm.container.common.helpers.StorageContainerException: ContainerID 5 does not exist
	at org.apache.hadoop.hdds.scm.storage.BlockOutputStream.setIoException(BlockOutputStream.java:548)
	at org.apache.hadoop.hdds.scm.storage.BlockOutputStream.validateResponse(BlockOutputStream.java:539)
	at org.apache.hadoop.hdds.scm.storage.BlockOutputStream.lambda$writeChunkToContainer$2(BlockOutputStream.java:614)
	at java.util.concurrent.CompletableFuture.uniApply(CompletableFuture.java:602)
	at java.util.concurrent.CompletableFuture$UniApply.tryFire(CompletableFuture.java:577)
	at java.util.concurrent.CompletableFuture$Completion.run(CompletableFuture.java:442)
	at java.util.concurrent.ThreadPoolExecutor.runWorker(ThreadPoolExecutor.java:1149)
	at java.util.concurrent.ThreadPoolExecutor$Worker.run(ThreadPoolExecutor.java:624)
	at java.lang.Thread.run(Thread.java:748)
Caused by: org.apache.hadoop.hdds.scm.container.common.helpers.StorageContainerException: ContainerID 5 does not exist
	at org.apache.hadoop.hdds.scm.storage.ContainerProtocolCalls.validateContainerResponse(ContainerProtocolCalls.java:536)
	at org.apache.hadoop.hdds.scm.storage.BlockOutputStream.validateResponse(BlockOutputStream.java:536)
	... 7 more
</error>
    <system-out><![CDATA[2019-06-18 10:34:20,773 WARN  server.ServerUtils (ServerUtils.java:getScmDbDir(145)) - ozone.scm.db.dirs is not configured. We recommend adding this setting. Falling back to ozone.metadata.dirs instead.
2019-06-18 10:34:20,880 WARN  server.ServerUtils (ServerUtils.java:getScmDbDir(145)) - ozone.scm.db.dirs is not configured. We recommend adding this setting. Falling back to ozone.metadata.dirs instead.
2019-06-18 10:34:20,884 WARN  server.ServerUtils (ServerUtils.java:getScmDbDir(145)) - ozone.scm.db.dirs is not configured. We recommend adding this setting. Falling back to ozone.metadata.dirs instead.
2019-06-18 10:34:20,908 INFO  util.log (Log.java:initialized(192)) - Logging initialized @1059ms
2019-06-18 10:34:21,027 INFO  db.DBStoreBuilder (DBStoreBuilder.java:addTable(110)) - using custom profile for table: deletedBlocks
2019-06-18 10:34:21,027 INFO  db.DBStoreBuilder (DBStoreBuilder.java:processTables(161)) - Using default column profile:DBProfile.DISK for Table:deletedBlocks
2019-06-18 10:34:21,028 INFO  db.DBStoreBuilder (DBStoreBuilder.java:addTable(110)) - using custom profile for table: validCerts
2019-06-18 10:34:21,028 INFO  db.DBStoreBuilder (DBStoreBuilder.java:processTables(161)) - Using default column profile:DBProfile.DISK for Table:validCerts
2019-06-18 10:34:21,029 INFO  db.DBStoreBuilder (DBStoreBuilder.java:addTable(110)) - using custom profile for table: revokedCerts
2019-06-18 10:34:21,029 INFO  db.DBStoreBuilder (DBStoreBuilder.java:processTables(161)) - Using default column profile:DBProfile.DISK for Table:revokedCerts
2019-06-18 10:34:21,044 INFO  db.DBStoreBuilder (DBStoreBuilder.java:addTable(110)) - using custom profile for table: default
2019-06-18 10:34:21,045 INFO  db.DBStoreBuilder (DBStoreBuilder.java:processTables(167)) - Using default column profile:DBProfile.DISK for Table:default
2019-06-18 10:34:21,047 INFO  db.DBStoreBuilder (DBStoreBuilder.java:getDbProfile(198)) - Using default options. DBProfile.DISK
2019-06-18 10:34:21,112 INFO  net.NodeSchemaLoader (NodeSchemaLoader.java:loadSchemaFromFile(125)) - Loading file from sun.misc.CompoundEnumeration@2f112965
2019-06-18 10:34:21,114 INFO  net.NodeSchemaLoader (NodeSchemaLoader.java:loadSchema(171)) - Loading network topology layer schema file
2019-06-18 10:34:21,193 INFO  node.SCMNodeManager (SCMNodeManager.java:<init>(119)) - Entering startup safe mode.
2019-06-18 10:34:21,291 WARN  server.ServerUtils (ServerUtils.java:getScmDbDir(145)) - ozone.scm.db.dirs is not configured. We recommend adding this setting. Falling back to ozone.metadata.dirs instead.
2019-06-18 10:34:21,315 INFO  pipeline.SCMPipelineManager (SCMPipelineManager.java:initializePipelineState(126)) - No pipeline exists in current db
2019-06-18 10:34:21,318 WARN  server.ServerUtils (ServerUtils.java:getScmDbDir(145)) - ozone.scm.db.dirs is not configured. We recommend adding this setting. Falling back to ozone.metadata.dirs instead.
2019-06-18 10:34:21,377 WARN  events.EventQueue (EventQueue.java:fireEvent(175)) - No event handler registered for event TypedEvent{payloadType=SafeModeStatus, name='SafeModeStatus'}
2019-06-18 10:34:21,798 INFO  ipc.CallQueueManager (CallQueueManager.java:<init>(84)) - Using callQueue: class java.util.concurrent.LinkedBlockingQueue, queueCapacity: 2000, scheduler: class org.apache.hadoop.ipc.DefaultRpcScheduler, ipcBackoff: false.
2019-06-18 10:34:21,823 INFO  ipc.Server (Server.java:run(1074)) - Starting Socket Reader #1 for port 37735
2019-06-18 10:34:21,850 INFO  ipc.CallQueueManager (CallQueueManager.java:<init>(84)) - Using callQueue: class java.util.concurrent.LinkedBlockingQueue, queueCapacity: 2000, scheduler: class org.apache.hadoop.ipc.DefaultRpcScheduler, ipcBackoff: false.
2019-06-18 10:34:21,851 INFO  ipc.Server (Server.java:run(1074)) - Starting Socket Reader #1 for port 43209
2019-06-18 10:34:21,860 INFO  ipc.CallQueueManager (CallQueueManager.java:<init>(84)) - Using callQueue: class java.util.concurrent.LinkedBlockingQueue, queueCapacity: 2000, scheduler: class org.apache.hadoop.ipc.DefaultRpcScheduler, ipcBackoff: false.
2019-06-18 10:34:21,861 INFO  ipc.Server (Server.java:run(1074)) - Starting Socket Reader #1 for port 45325
2019-06-18 10:34:21,881 INFO  hdfs.DFSUtil (DFSUtil.java:httpServerTemplateForNNAndJN(1641)) - Starting Web-server for scm at: http://0.0.0.0:0
2019-06-18 10:34:22,093 INFO  server.AuthenticationFilter (AuthenticationFilter.java:constructSecretProvider(240)) - Unable to initialize FileSignerSecretProvider, falling back to use random secrets.
2019-06-18 10:34:22,109 WARN  http.HttpRequestLog (HttpRequestLog.java:getRequestLog(97)) - Jetty request log can only be enabled using Log4j
2019-06-18 10:34:22,119 INFO  http.HttpServer2 (HttpServer2.java:addGlobalFilter(975)) - Added global filter 'safety' (class=org.apache.hadoop.http.HttpServer2$QuotingInputFilter)
2019-06-18 10:34:22,122 INFO  http.HttpServer2 (HttpServer2.java:addFilter(948)) - Added filter static_user_filter (class=org.apache.hadoop.http.lib.StaticUserWebFilter$StaticUserFilter) to context scm
2019-06-18 10:34:22,122 INFO  http.HttpServer2 (HttpServer2.java:addFilter(958)) - Added filter static_user_filter (class=org.apache.hadoop.http.lib.StaticUserWebFilter$StaticUserFilter) to context logs
2019-06-18 10:34:22,123 INFO  http.HttpServer2 (HttpServer2.java:addFilter(958)) - Added filter static_user_filter (class=org.apache.hadoop.http.lib.StaticUserWebFilter$StaticUserFilter) to context static
2019-06-18 10:34:22,151 INFO  server.StorageContainerManager (StorageContainerManager.java:start(753)) - StorageContainerLocationProtocol RPC server is listening at /0.0.0.0:45325
2019-06-18 10:34:22,219 WARN  impl.MetricsConfig (MetricsConfig.java:loadFirst(134)) - Cannot locate configuration: tried hadoop-metrics2-storagecontainermanager.properties,hadoop-metrics2.properties
2019-06-18 10:34:22,235 INFO  impl.MetricsSystemImpl (MetricsSystemImpl.java:startTimer(374)) - Scheduled Metric snapshot period at 10 second(s).
2019-06-18 10:34:22,236 INFO  impl.MetricsSystemImpl (MetricsSystemImpl.java:start(191)) - StorageContainerManager metrics system started
2019-06-18 10:34:22,490 INFO  server.SCMClientProtocolServer (SCMClientProtocolServer.java:start(149)) - RPC server for Client  is listening at /0.0.0.0:45325
2019-06-18 10:34:22,491 INFO  ipc.Server (Server.java:run(1314)) - IPC Server Responder: starting
2019-06-18 10:34:22,495 INFO  ipc.Server (Server.java:run(1153)) - IPC Server listener on 45325: starting
2019-06-18 10:34:22,507 INFO  server.StorageContainerManager (StorageContainerManager.java:start(762)) - ScmBlockLocationProtocol RPC server is listening at /0.0.0.0:43209
2019-06-18 10:34:22,507 INFO  server.SCMBlockProtocolServer (SCMBlockProtocolServer.java:start(137)) - RPC server for Block Protocol is listening at /0.0.0.0:43209
2019-06-18 10:34:22,507 INFO  ipc.Server (Server.java:run(1314)) - IPC Server Responder: starting
2019-06-18 10:34:22,510 INFO  ipc.Server (Server.java:run(1153)) - IPC Server listener on 43209: starting
2019-06-18 10:34:22,526 INFO  server.StorageContainerManager (StorageContainerManager.java:start(766)) - ScmDatanodeProtocl RPC server is listening at /0.0.0.0:37735
2019-06-18 10:34:22,526 INFO  server.SCMDatanodeProtocolServer (SCMDatanodeProtocolServer.java:start(191)) - RPC server for DataNodes is listening at /0.0.0.0:37735
2019-06-18 10:34:22,526 INFO  ipc.Server (Server.java:run(1153)) - IPC Server listener on 37735: starting
2019-06-18 10:34:22,526 INFO  ipc.Server (Server.java:run(1314)) - IPC Server Responder: starting
2019-06-18 10:34:22,529 INFO  http.HttpServer2 (HttpServer2.java:bindListener(1191)) - Jetty bound to port 43053
2019-06-18 10:34:22,531 INFO  server.Server (Server.java:doStart(351)) - jetty-9.3.24.v20180605, build timestamp: 2018-06-05T17:11:56Z, git hash: 84205aa28f11a4f31f2a3b86d1bba2cc8ab69827
2019-06-18 10:34:22,566 INFO  handler.ContextHandler (ContextHandler.java:doStart(781)) - Started o.e.j.s.ServletContextHandler@481ba2cf{/logs,file:///opt/src/hadoop-ozone/tools/target/log,AVAILABLE}
2019-06-18 10:34:22,567 INFO  handler.ContextHandler (ContextHandler.java:doStart(781)) - Started o.e.j.s.ServletContextHandler@2e48362c{/static,file:///opt/src/hadoop-hdds/server-scm/target/classes/webapps/static/,AVAILABLE}
2019-06-18 10:34:22,600 INFO  handler.ContextHandler (ContextHandler.java:doStart(781)) - Started o.e.j.w.WebAppContext@5b40ceb{/,file:///opt/src/hadoop-hdds/server-scm/target/classes/webapps/scm/,AVAILABLE}{/scm}
2019-06-18 10:34:22,606 INFO  server.AbstractConnector (AbstractConnector.java:doStart(278)) - Started ServerConnector@7894f09b{HTTP/1.1,[http/1.1]}{0.0.0.0:43053}
2019-06-18 10:34:22,607 INFO  server.Server (Server.java:doStart(419)) - Started @2758ms
2019-06-18 10:34:22,608 INFO  server.BaseHttpServer (BaseHttpServer.java:updateConnectorAddress(207)) - HTTP server of SCM is listening at http://0.0.0.0:43053
2019-06-18 10:34:22,616 INFO  util.JvmPauseMonitor (JvmPauseMonitor.java:run(188)) - Starting JVM pause monitor
2019-06-18 10:34:22,620 WARN  scm.ScmUtils (ScmUtils.java:getDBPath(63)) - ozone.om.db.dirs is not configured. We recommend adding this setting. Falling back to ozone.metadata.dirs instead.
2019-06-18 10:34:22,716 WARN  scm.ScmUtils (ScmUtils.java:getDBPath(63)) - ozone.om.db.dirs is not configured. We recommend adding this setting. Falling back to ozone.metadata.dirs instead.
2019-06-18 10:34:22,717 INFO  om.OzoneManager (OzoneManager.java:setOMNodeDetails(532)) - OM Service ID is not set. Setting it to the default ID: omServiceIdDefault
2019-06-18 10:34:22,717 INFO  om.OzoneManager (OzoneManager.java:setOMNodeDetails(538)) - OM Node ID is not set. Setting it to the OmStorage's OmID: a33301bb-fc43-4aa6-be50-dfebd392720d
2019-06-18 10:34:22,719 WARN  scm.HddsServerUtil (HddsServerUtil.java:getDefaultRatisDirectory(354)) - Storage directory for Ratis is not configured. It is a good idea to map this to an SSD disk. Falling back to ozone.metadata.dirs
2019-06-18 10:34:22,719 WARN  scm.HddsServerUtil (HddsServerUtil.java:getDefaultRatisDirectory(354)) - Storage directory for Ratis is not configured. It is a good idea to map this to an SSD disk. Falling back to ozone.metadata.dirs
2019-06-18 10:34:22,720 INFO  om.OzoneManager (OzoneManager.java:loadOMHAConfigs(489)) - Found matching OM address with OMServiceId: null, OMNodeId: null, RPC Address: localhost:0 and Ratis port: 9872
2019-06-18 10:34:22,967 WARN  scm.ScmUtils (ScmUtils.java:getDBPath(63)) - ozone.om.db.dirs is not configured. We recommend adding this setting. Falling back to ozone.metadata.dirs instead.
2019-06-18 10:34:22,975 INFO  db.DBStoreBuilder (DBStoreBuilder.java:addTable(110)) - using custom profile for table: userTable
2019-06-18 10:34:22,976 INFO  db.DBStoreBuilder (DBStoreBuilder.java:processTables(161)) - Using default column profile:DBProfile.DISK for Table:userTable
2019-06-18 10:34:22,976 INFO  db.DBStoreBuilder (DBStoreBuilder.java:addTable(110)) - using custom profile for table: volumeTable
2019-06-18 10:34:22,976 INFO  db.DBStoreBuilder (DBStoreBuilder.java:processTables(161)) - Using default column profile:DBProfile.DISK for Table:volumeTable
2019-06-18 10:34:22,977 INFO  db.DBStoreBuilder (DBStoreBuilder.java:addTable(110)) - using custom profile for table: bucketTable
2019-06-18 10:34:22,977 INFO  db.DBStoreBuilder (DBStoreBuilder.java:processTables(161)) - Using default column profile:DBProfile.DISK for Table:bucketTable
2019-06-18 10:34:22,977 INFO  db.DBStoreBuilder (DBStoreBuilder.java:addTable(110)) - using custom profile for table: keyTable
2019-06-18 10:34:22,978 INFO  db.DBStoreBuilder (DBStoreBuilder.java:processTables(161)) - Using default column profile:DBProfile.DISK for Table:keyTable
2019-06-18 10:34:22,978 INFO  db.DBStoreBuilder (DBStoreBuilder.java:addTable(110)) - using custom profile for table: deletedTable
2019-06-18 10:34:22,978 INFO  db.DBStoreBuilder (DBStoreBuilder.java:processTables(161)) - Using default column profile:DBProfile.DISK for Table:deletedTable
2019-06-18 10:34:22,979 INFO  db.DBStoreBuilder (DBStoreBuilder.java:addTable(110)) - using custom profile for table: openKeyTable
2019-06-18 10:34:22,979 INFO  db.DBStoreBuilder (DBStoreBuilder.java:processTables(161)) - Using default column profile:DBProfile.DISK for Table:openKeyTable
2019-06-18 10:34:22,979 INFO  db.DBStoreBuilder (DBStoreBuilder.java:addTable(110)) - using custom profile for table: s3Table
2019-06-18 10:34:22,979 INFO  db.DBStoreBuilder (DBStoreBuilder.java:processTables(161)) - Using default column profile:DBProfile.DISK for Table:s3Table
2019-06-18 10:34:22,980 INFO  db.DBStoreBuilder (DBStoreBuilder.java:addTable(110)) - using custom profile for table: multipartInfoTable
2019-06-18 10:34:22,980 INFO  db.DBStoreBuilder (DBStoreBuilder.java:processTables(161)) - Using default column profile:DBProfile.DISK for Table:multipartInfoTable
2019-06-18 10:34:22,980 INFO  db.DBStoreBuilder (DBStoreBuilder.java:addTable(110)) - using custom profile for table: dTokenTable
2019-06-18 10:34:22,981 INFO  db.DBStoreBuilder (DBStoreBuilder.java:processTables(161)) - Using default column profile:DBProfile.DISK for Table:dTokenTable
2019-06-18 10:34:22,981 INFO  db.DBStoreBuilder (DBStoreBuilder.java:addTable(110)) - using custom profile for table: s3SecretTable
2019-06-18 10:34:22,981 INFO  db.DBStoreBuilder (DBStoreBuilder.java:processTables(161)) - Using default column profile:DBProfile.DISK for Table:s3SecretTable
2019-06-18 10:34:22,982 INFO  db.DBStoreBuilder (DBStoreBuilder.java:addTable(110)) - using custom profile for table: prefixTable
2019-06-18 10:34:22,982 INFO  db.DBStoreBuilder (DBStoreBuilder.java:processTables(161)) - Using default column profile:DBProfile.DISK for Table:prefixTable
2019-06-18 10:34:22,982 INFO  db.DBStoreBuilder (DBStoreBuilder.java:addTable(110)) - using custom profile for table: default
2019-06-18 10:34:22,982 INFO  db.DBStoreBuilder (DBStoreBuilder.java:processTables(167)) - Using default column profile:DBProfile.DISK for Table:default
2019-06-18 10:34:22,983 INFO  db.DBStoreBuilder (DBStoreBuilder.java:getDbProfile(198)) - Using default options. DBProfile.DISK
2019-06-18 10:34:23,571 INFO  ipc.CallQueueManager (CallQueueManager.java:<init>(84)) - Using callQueue: class java.util.concurrent.LinkedBlockingQueue, queueCapacity: 2000, scheduler: class org.apache.hadoop.ipc.DefaultRpcScheduler, ipcBackoff: false.
2019-06-18 10:34:23,572 INFO  ipc.Server (Server.java:run(1074)) - Starting Socket Reader #1 for port 42489
2019-06-18 10:34:23,603 WARN  scm.ScmUtils (ScmUtils.java:getDBPath(63)) - ozone.om.db.dirs is not configured. We recommend adding this setting. Falling back to ozone.metadata.dirs instead.
2019-06-18 10:34:23,603 INFO  om.OzoneManager (OzoneManager.java:start(1230)) - OzoneManager RPC server is listening at localhost/127.0.0.1:42489
2019-06-18 10:34:23,603 INFO  impl.MetricsSystemImpl (MetricsSystemImpl.java:init(158)) - OzoneManager metrics system started (again)
2019-06-18 10:34:23,604 INFO  ipc.Server (Server.java:run(1314)) - IPC Server Responder: starting
2019-06-18 10:34:23,613 INFO  ipc.Server (Server.java:run(1153)) - IPC Server listener on 42489: starting
2019-06-18 10:34:23,623 INFO  hdfs.DFSUtil (DFSUtil.java:httpServerTemplateForNNAndJN(1641)) - Starting Web-server for ozoneManager at: http://0.0.0.0:0
2019-06-18 10:34:23,624 INFO  server.AuthenticationFilter (AuthenticationFilter.java:constructSecretProvider(240)) - Unable to initialize FileSignerSecretProvider, falling back to use random secrets.
2019-06-18 10:34:23,625 WARN  http.HttpRequestLog (HttpRequestLog.java:getRequestLog(97)) - Jetty request log can only be enabled using Log4j
2019-06-18 10:34:23,628 INFO  http.HttpServer2 (HttpServer2.java:addGlobalFilter(975)) - Added global filter 'safety' (class=org.apache.hadoop.http.HttpServer2$QuotingInputFilter)
2019-06-18 10:34:23,629 INFO  http.HttpServer2 (HttpServer2.java:addFilter(948)) - Added filter static_user_filter (class=org.apache.hadoop.http.lib.StaticUserWebFilter$StaticUserFilter) to context ozoneManager
2019-06-18 10:34:23,629 INFO  http.HttpServer2 (HttpServer2.java:addFilter(958)) - Added filter static_user_filter (class=org.apache.hadoop.http.lib.StaticUserWebFilter$StaticUserFilter) to context logs
2019-06-18 10:34:23,629 INFO  http.HttpServer2 (HttpServer2.java:addFilter(958)) - Added filter static_user_filter (class=org.apache.hadoop.http.lib.StaticUserWebFilter$StaticUserFilter) to context static
2019-06-18 10:34:23,631 INFO  http.HttpServer2 (HttpServer2.java:bindListener(1191)) - Jetty bound to port 36071
2019-06-18 10:34:23,632 INFO  server.Server (Server.java:doStart(351)) - jetty-9.3.24.v20180605, build timestamp: 2018-06-05T17:11:56Z, git hash: 84205aa28f11a4f31f2a3b86d1bba2cc8ab69827
2019-06-18 10:34:23,634 INFO  handler.ContextHandler (ContextHandler.java:doStart(781)) - Started o.e.j.s.ServletContextHandler@66b72664{/logs,file:///opt/src/hadoop-ozone/tools/target/log,AVAILABLE}
2019-06-18 10:34:23,635 INFO  handler.ContextHandler (ContextHandler.java:doStart(781)) - Started o.e.j.s.ServletContextHandler@58cd06cb{/static,file:///opt/src/hadoop-ozone/ozone-manager/target/classes/webapps/static/,AVAILABLE}
2019-06-18 10:34:23,640 INFO  handler.ContextHandler (ContextHandler.java:doStart(781)) - Started o.e.j.w.WebAppContext@51bde877{/,file:///opt/src/hadoop-ozone/ozone-manager/target/classes/webapps/ozoneManager/,AVAILABLE}{/ozoneManager}
2019-06-18 10:34:23,641 INFO  server.AbstractConnector (AbstractConnector.java:doStart(278)) - Started ServerConnector@60b85ba1{HTTP/1.1,[http/1.1]}{0.0.0.0:36071}
2019-06-18 10:34:23,641 INFO  server.Server (Server.java:doStart(419)) - Started @3793ms
2019-06-18 10:34:23,642 INFO  server.BaseHttpServer (BaseHttpServer.java:updateConnectorAddress(207)) - HTTP server of OZONEMANAGER is listening at http://0.0.0.0:36071
2019-06-18 10:34:23,804 INFO  impl.MetricsSystemImpl (MetricsSystemImpl.java:init(158)) - HddsDatanode metrics system started (again)
2019-06-18 10:34:24,009 INFO  ozone.HddsDatanodeService (HddsDatanodeService.java:start(185)) - HddsDatanodeService host:ozone-unit-076618677d372z9n-3564682807 ip:192.168.46.6
2019-06-18 10:34:24,043 INFO  volume.HddsVolume (HddsVolume.java:<init>(176)) - Creating Volume: /opt/src/hadoop-ozone/tools/target/test-dir/MiniOzoneClusterImpl-3b315d66-9ced-4c03-8adf-31133961d564/datanode-0/data/containers/hdds of  storage type : DISK and capacity : 104021790720
2019-06-18 10:34:24,045 INFO  volume.VolumeSet (VolumeSet.java:initializeVolumeSet(170)) - Added Volume : /opt/src/hadoop-ozone/tools/target/test-dir/MiniOzoneClusterImpl-3b315d66-9ced-4c03-8adf-31133961d564/datanode-0/data/containers/hdds to VolumeSet
2019-06-18 10:34:24,048 INFO  volume.ThrottledAsyncChecker (ThrottledAsyncChecker.java:schedule(140)) - Scheduling a check for org.apache.hadoop.ozone.container.common.volume.HddsVolume@64e1dd11
2019-06-18 10:34:24,068 INFO  volume.HddsVolumeChecker (HddsVolumeChecker.java:checkAllVolumes(203)) - Scheduled health check for volume org.apache.hadoop.ozone.container.common.volume.HddsVolume@64e1dd11
2019-06-18 10:34:24,119 INFO  ratis.XceiverServerRatis (XceiverServerRatis.java:newXceiverServerRatis(401)) - Found a free port for the server : 35385
2019-06-18 10:34:24,191 INFO  impl.RaftServerProxy (ConfUtils.java:logGet(43)) - raft.rpc.type = GRPC (default)
2019-06-18 10:34:24,202 INFO  grpc.GrpcConfigKeys$Server (ConfUtils.java:logGet(43)) - raft.grpc.server.port = 35385 (custom)
2019-06-18 10:34:24,203 INFO  server.GrpcService (ConfUtils.java:logGet(43)) - raft.grpc.message.size.max = 33570816 (custom)
2019-06-18 10:34:24,205 INFO  server.RaftServerConfigKeys (ConfUtils.java:logGet(43)) - raft.server.log.appender.buffer.byte-limit = 33554432 (custom)
2019-06-18 10:34:24,205 INFO  server.GrpcService (ConfUtils.java:logGet(43)) - raft.grpc.flow.control.window = 1MB (=1048576) (default)
2019-06-18 10:34:24,206 INFO  server.RaftServerConfigKeys (ConfUtils.java:logGet(43)) - raft.server.rpc.request.timeout = 3000ms (default)
2019-06-18 10:34:24,406 INFO  server.RaftServerConfigKeys (ConfUtils.java:logGet(43)) - raft.server.storage.dir = [/opt/src/hadoop-ozone/tools/target/test-dir/MiniOzoneClusterImpl-3b315d66-9ced-4c03-8adf-31133961d564/datanode-0/data/ratis] (custom)
2019-06-18 10:34:24,414 INFO  server.XceiverServerGrpc (XceiverServerGrpc.java:<init>(97)) - Found a free port for the server : 43529
2019-06-18 10:34:24,451 INFO  replication.SimpleContainerDownloader (SimpleContainerDownloader.java:<init>(72)) - Starting container downloader service to copy containers to replicate.
2019-06-18 10:34:24,466 INFO  hdfs.DFSUtil (DFSUtil.java:httpServerTemplateForNNAndJN(1641)) - Starting Web-server for hddsDatanode at: http://0.0.0.0:0
2019-06-18 10:34:24,467 INFO  server.AuthenticationFilter (AuthenticationFilter.java:constructSecretProvider(240)) - Unable to initialize FileSignerSecretProvider, falling back to use random secrets.
2019-06-18 10:34:24,468 WARN  http.HttpRequestLog (HttpRequestLog.java:getRequestLog(97)) - Jetty request log can only be enabled using Log4j
2019-06-18 10:34:24,471 INFO  http.HttpServer2 (HttpServer2.java:addGlobalFilter(975)) - Added global filter 'safety' (class=org.apache.hadoop.http.HttpServer2$QuotingInputFilter)
2019-06-18 10:34:24,471 INFO  http.HttpServer2 (HttpServer2.java:addFilter(948)) - Added filter static_user_filter (class=org.apache.hadoop.http.lib.StaticUserWebFilter$StaticUserFilter) to context hddsDatanode
2019-06-18 10:34:24,472 INFO  http.HttpServer2 (HttpServer2.java:addFilter(958)) - Added filter static_user_filter (class=org.apache.hadoop.http.lib.StaticUserWebFilter$StaticUserFilter) to context static
2019-06-18 10:34:24,472 INFO  http.HttpServer2 (HttpServer2.java:addFilter(958)) - Added filter static_user_filter (class=org.apache.hadoop.http.lib.StaticUserWebFilter$StaticUserFilter) to context logs
2019-06-18 10:34:24,473 INFO  http.HttpServer2 (HttpServer2.java:bindListener(1191)) - Jetty bound to port 45293
2019-06-18 10:34:24,473 INFO  server.Server (Server.java:doStart(351)) - jetty-9.3.24.v20180605, build timestamp: 2018-06-05T17:11:56Z, git hash: 84205aa28f11a4f31f2a3b86d1bba2cc8ab69827
2019-06-18 10:34:24,475 INFO  handler.ContextHandler (ContextHandler.java:doStart(781)) - Started o.e.j.s.ServletContextHandler@6d9fb2d1{/logs,file:///opt/src/hadoop-ozone/tools/target/log,AVAILABLE}
2019-06-18 10:34:24,476 INFO  handler.ContextHandler (ContextHandler.java:doStart(781)) - Started o.e.j.s.ServletContextHandler@540a903b{/static,file:///opt/src/hadoop-hdds/container-service/target/classes/webapps/static,AVAILABLE}
2019-06-18 10:34:24,481 INFO  handler.ContextHandler (ContextHandler.java:doStart(781)) - Started o.e.j.w.WebAppContext@692fd26{/,file:///opt/src/hadoop-hdds/container-service/target/classes/webapps/hddsDatanode/,AVAILABLE}{/hddsDatanode}
2019-06-18 10:34:24,481 INFO  server.AbstractConnector (AbstractConnector.java:doStart(278)) - Started ServerConnector@36f1046f{HTTP/1.1,[http/1.1]}{0.0.0.0:45293}
2019-06-18 10:34:24,482 INFO  server.Server (Server.java:doStart(419)) - Started @4633ms
2019-06-18 10:34:24,484 INFO  server.BaseHttpServer (BaseHttpServer.java:updateConnectorAddress(207)) - HTTP server of HDDSDATANODE is listening at http://0.0.0.0:45293
2019-06-18 10:34:25,720 INFO  ozone.HddsDatanodeService (HddsDatanodeService.java:startPlugins(396)) - Started plug-in org.apache.hadoop.ozone.web.OzoneHddsDatanodeService@13dbed9e
2019-06-18 10:34:25,721 INFO  impl.MetricsSystemImpl (MetricsSystemImpl.java:init(158)) - HddsDatanode metrics system started (again)
2019-06-18 10:34:25,722 INFO  ozone.HddsDatanodeService (HddsDatanodeService.java:start(185)) - HddsDatanodeService host:ozone-unit-076618677d372z9n-3564682807 ip:192.168.46.6
2019-06-18 10:34:25,740 INFO  util.JvmPauseMonitor (JvmPauseMonitor.java:run(188)) - Starting JVM pause monitor
2019-06-18 10:34:25,772 INFO  volume.HddsVolume (HddsVolume.java:<init>(176)) - Creating Volume: /opt/src/hadoop-ozone/tools/target/test-dir/MiniOzoneClusterImpl-3b315d66-9ced-4c03-8adf-31133961d564/datanode-1/data/containers/hdds of  storage type : DISK and capacity : 104021790720
2019-06-18 10:34:25,773 INFO  volume.VolumeSet (VolumeSet.java:initializeVolumeSet(170)) - Added Volume : /opt/src/hadoop-ozone/tools/target/test-dir/MiniOzoneClusterImpl-3b315d66-9ced-4c03-8adf-31133961d564/datanode-1/data/containers/hdds to VolumeSet
2019-06-18 10:34:25,773 INFO  volume.ThrottledAsyncChecker (ThrottledAsyncChecker.java:schedule(140)) - Scheduling a check for org.apache.hadoop.ozone.container.common.volume.HddsVolume@138aa3cc
2019-06-18 10:34:25,774 INFO  volume.HddsVolumeChecker (HddsVolumeChecker.java:checkAllVolumes(203)) - Scheduled health check for volume org.apache.hadoop.ozone.container.common.volume.HddsVolume@138aa3cc
2019-06-18 10:34:25,824 INFO  ratis.XceiverServerRatis (XceiverServerRatis.java:newXceiverServerRatis(401)) - Found a free port for the server : 38487
2019-06-18 10:34:25,825 INFO  impl.RaftServerProxy (ConfUtils.java:logGet(43)) - raft.rpc.type = GRPC (default)
2019-06-18 10:34:25,826 INFO  grpc.GrpcConfigKeys$Server (ConfUtils.java:logGet(43)) - raft.grpc.server.port = 38487 (custom)
2019-06-18 10:34:25,826 INFO  server.GrpcService (ConfUtils.java:logGet(43)) - raft.grpc.message.size.max = 33570816 (custom)
2019-06-18 10:34:25,826 INFO  server.RaftServerConfigKeys (ConfUtils.java:logGet(43)) - raft.server.log.appender.buffer.byte-limit = 33554432 (custom)
2019-06-18 10:34:25,826 INFO  server.GrpcService (ConfUtils.java:logGet(43)) - raft.grpc.flow.control.window = 1MB (=1048576) (default)
2019-06-18 10:34:25,827 INFO  server.RaftServerConfigKeys (ConfUtils.java:logGet(43)) - raft.server.rpc.request.timeout = 3000ms (default)
2019-06-18 10:34:25,828 INFO  server.RaftServerConfigKeys (ConfUtils.java:logGet(43)) - raft.server.storage.dir = [/opt/src/hadoop-ozone/tools/target/test-dir/MiniOzoneClusterImpl-3b315d66-9ced-4c03-8adf-31133961d564/datanode-1/data/ratis] (custom)
2019-06-18 10:34:25,829 INFO  server.XceiverServerGrpc (XceiverServerGrpc.java:<init>(97)) - Found a free port for the server : 35517
2019-06-18 10:34:25,829 INFO  replication.SimpleContainerDownloader (SimpleContainerDownloader.java:<init>(72)) - Starting container downloader service to copy containers to replicate.
2019-06-18 10:34:25,830 INFO  hdfs.DFSUtil (DFSUtil.java:httpServerTemplateForNNAndJN(1641)) - Starting Web-server for hddsDatanode at: http://0.0.0.0:0
2019-06-18 10:34:25,832 INFO  server.AuthenticationFilter (AuthenticationFilter.java:constructSecretProvider(240)) - Unable to initialize FileSignerSecretProvider, falling back to use random secrets.
2019-06-18 10:34:25,846 WARN  http.HttpRequestLog (HttpRequestLog.java:getRequestLog(97)) - Jetty request log can only be enabled using Log4j
2019-06-18 10:34:25,848 INFO  http.HttpServer2 (HttpServer2.java:addGlobalFilter(975)) - Added global filter 'safety' (class=org.apache.hadoop.http.HttpServer2$QuotingInputFilter)
2019-06-18 10:34:25,848 INFO  http.HttpServer2 (HttpServer2.java:addFilter(948)) - Added filter static_user_filter (class=org.apache.hadoop.http.lib.StaticUserWebFilter$StaticUserFilter) to context hddsDatanode
2019-06-18 10:34:25,848 INFO  http.HttpServer2 (HttpServer2.java:addFilter(958)) - Added filter static_user_filter (class=org.apache.hadoop.http.lib.StaticUserWebFilter$StaticUserFilter) to context static
2019-06-18 10:34:25,849 INFO  http.HttpServer2 (HttpServer2.java:addFilter(958)) - Added filter static_user_filter (class=org.apache.hadoop.http.lib.StaticUserWebFilter$StaticUserFilter) to context logs
2019-06-18 10:34:25,849 INFO  http.HttpServer2 (HttpServer2.java:bindListener(1191)) - Jetty bound to port 34987
2019-06-18 10:34:25,850 INFO  server.Server (Server.java:doStart(351)) - jetty-9.3.24.v20180605, build timestamp: 2018-06-05T17:11:56Z, git hash: 84205aa28f11a4f31f2a3b86d1bba2cc8ab69827
2019-06-18 10:34:25,853 INFO  handler.ContextHandler (ContextHandler.java:doStart(781)) - Started o.e.j.s.ServletContextHandler@608b1fd2{/logs,file:///opt/src/hadoop-ozone/tools/target/log,AVAILABLE}
2019-06-18 10:34:25,854 INFO  handler.ContextHandler (ContextHandler.java:doStart(781)) - Started o.e.j.s.ServletContextHandler@591a4f8e{/static,file:///opt/src/hadoop-hdds/container-service/target/classes/webapps/static,AVAILABLE}
2019-06-18 10:34:25,864 INFO  handler.ContextHandler (ContextHandler.java:doStart(781)) - Started o.e.j.w.WebAppContext@717d7587{/,file:///opt/src/hadoop-hdds/container-service/target/classes/webapps/hddsDatanode/,AVAILABLE}{/hddsDatanode}
2019-06-18 10:34:25,866 INFO  server.AbstractConnector (AbstractConnector.java:doStart(278)) - Started ServerConnector@3e906375{HTTP/1.1,[http/1.1]}{0.0.0.0:34987}
2019-06-18 10:34:25,866 INFO  server.Server (Server.java:doStart(419)) - Started @6017ms
2019-06-18 10:34:25,867 INFO  server.BaseHttpServer (BaseHttpServer.java:updateConnectorAddress(207)) - HTTP server of HDDSDATANODE is listening at http://0.0.0.0:34987
2019-06-18 10:34:25,966 INFO  datanode.InitDatanodeState (InitDatanodeState.java:persistContainerDatanodeDetails(140)) - DatanodeDetails is persisted to /opt/src/hadoop-ozone/tools/target/test-dir/MiniOzoneClusterImpl-3b315d66-9ced-4c03-8adf-31133961d564/datanode-0/meta/datanode.id
2019-06-18 10:34:26,100 INFO  ozone.HddsDatanodeService (HddsDatanodeService.java:startPlugins(396)) - Started plug-in org.apache.hadoop.ozone.web.OzoneHddsDatanodeService@5b20706
2019-06-18 10:34:26,100 INFO  impl.MetricsSystemImpl (MetricsSystemImpl.java:init(158)) - HddsDatanode metrics system started (again)
2019-06-18 10:34:26,101 INFO  ozone.HddsDatanodeService (HddsDatanodeService.java:start(185)) - HddsDatanodeService host:ozone-unit-076618677d372z9n-3564682807 ip:192.168.46.6
2019-06-18 10:34:26,106 INFO  util.JvmPauseMonitor (JvmPauseMonitor.java:run(188)) - Starting JVM pause monitor
2019-06-18 10:34:26,115 INFO  datanode.InitDatanodeState (InitDatanodeState.java:persistContainerDatanodeDetails(140)) - DatanodeDetails is persisted to /opt/src/hadoop-ozone/tools/target/test-dir/MiniOzoneClusterImpl-3b315d66-9ced-4c03-8adf-31133961d564/datanode-1/meta/datanode.id
2019-06-18 10:34:26,132 INFO  volume.HddsVolume (HddsVolume.java:<init>(176)) - Creating Volume: /opt/src/hadoop-ozone/tools/target/test-dir/MiniOzoneClusterImpl-3b315d66-9ced-4c03-8adf-31133961d564/datanode-2/data/containers/hdds of  storage type : DISK and capacity : 104021790720
2019-06-18 10:34:26,133 INFO  volume.VolumeSet (VolumeSet.java:initializeVolumeSet(170)) - Added Volume : /opt/src/hadoop-ozone/tools/target/test-dir/MiniOzoneClusterImpl-3b315d66-9ced-4c03-8adf-31133961d564/datanode-2/data/containers/hdds to VolumeSet
2019-06-18 10:34:26,133 INFO  volume.ThrottledAsyncChecker (ThrottledAsyncChecker.java:schedule(140)) - Scheduling a check for org.apache.hadoop.ozone.container.common.volume.HddsVolume@ffd4cba
2019-06-18 10:34:26,134 INFO  volume.HddsVolumeChecker (HddsVolumeChecker.java:checkAllVolumes(203)) - Scheduled health check for volume org.apache.hadoop.ozone.container.common.volume.HddsVolume@ffd4cba
2019-06-18 10:34:26,168 INFO  ratis.XceiverServerRatis (XceiverServerRatis.java:newXceiverServerRatis(401)) - Found a free port for the server : 46361
2019-06-18 10:34:26,169 INFO  impl.RaftServerProxy (ConfUtils.java:logGet(43)) - raft.rpc.type = GRPC (default)
2019-06-18 10:34:26,169 INFO  grpc.GrpcConfigKeys$Server (ConfUtils.java:logGet(43)) - raft.grpc.server.port = 46361 (custom)
2019-06-18 10:34:26,170 INFO  server.GrpcService (ConfUtils.java:logGet(43)) - raft.grpc.message.size.max = 33570816 (custom)
2019-06-18 10:34:26,170 INFO  server.RaftServerConfigKeys (ConfUtils.java:logGet(43)) - raft.server.log.appender.buffer.byte-limit = 33554432 (custom)
2019-06-18 10:34:26,170 INFO  server.GrpcService (ConfUtils.java:logGet(43)) - raft.grpc.flow.control.window = 1MB (=1048576) (default)
2019-06-18 10:34:26,170 INFO  server.RaftServerConfigKeys (ConfUtils.java:logGet(43)) - raft.server.rpc.request.timeout = 3000ms (default)
2019-06-18 10:34:26,171 INFO  server.RaftServerConfigKeys (ConfUtils.java:logGet(43)) - raft.server.storage.dir = [/opt/src/hadoop-ozone/tools/target/test-dir/MiniOzoneClusterImpl-3b315d66-9ced-4c03-8adf-31133961d564/datanode-2/data/ratis] (custom)
2019-06-18 10:34:26,171 INFO  server.XceiverServerGrpc (XceiverServerGrpc.java:<init>(97)) - Found a free port for the server : 34567
2019-06-18 10:34:26,172 INFO  replication.SimpleContainerDownloader (SimpleContainerDownloader.java:<init>(72)) - Starting container downloader service to copy containers to replicate.
2019-06-18 10:34:26,173 INFO  hdfs.DFSUtil (DFSUtil.java:httpServerTemplateForNNAndJN(1641)) - Starting Web-server for hddsDatanode at: http://0.0.0.0:0
2019-06-18 10:34:26,174 INFO  server.AuthenticationFilter (AuthenticationFilter.java:constructSecretProvider(240)) - Unable to initialize FileSignerSecretProvider, falling back to use random secrets.
2019-06-18 10:34:26,175 WARN  http.HttpRequestLog (HttpRequestLog.java:getRequestLog(97)) - Jetty request log can only be enabled using Log4j
2019-06-18 10:34:26,176 INFO  http.HttpServer2 (HttpServer2.java:addGlobalFilter(975)) - Added global filter 'safety' (class=org.apache.hadoop.http.HttpServer2$QuotingInputFilter)
2019-06-18 10:34:26,177 INFO  http.HttpServer2 (HttpServer2.java:addFilter(948)) - Added filter static_user_filter (class=org.apache.hadoop.http.lib.StaticUserWebFilter$StaticUserFilter) to context hddsDatanode
2019-06-18 10:34:26,177 INFO  http.HttpServer2 (HttpServer2.java:addFilter(958)) - Added filter static_user_filter (class=org.apache.hadoop.http.lib.StaticUserWebFilter$StaticUserFilter) to context logs
2019-06-18 10:34:26,177 INFO  http.HttpServer2 (HttpServer2.java:addFilter(958)) - Added filter static_user_filter (class=org.apache.hadoop.http.lib.StaticUserWebFilter$StaticUserFilter) to context static
2019-06-18 10:34:26,178 INFO  http.HttpServer2 (HttpServer2.java:bindListener(1191)) - Jetty bound to port 36263
2019-06-18 10:34:26,178 INFO  server.Server (Server.java:doStart(351)) - jetty-9.3.24.v20180605, build timestamp: 2018-06-05T17:11:56Z, git hash: 84205aa28f11a4f31f2a3b86d1bba2cc8ab69827
2019-06-18 10:34:26,191 INFO  handler.ContextHandler (ContextHandler.java:doStart(781)) - Started o.e.j.s.ServletContextHandler@adcfad9{/logs,file:///opt/src/hadoop-ozone/tools/target/log,AVAILABLE}
2019-06-18 10:34:26,192 INFO  handler.ContextHandler (ContextHandler.java:doStart(781)) - Started o.e.j.s.ServletContextHandler@3a2e9f5b{/static,file:///opt/src/hadoop-hdds/container-service/target/classes/webapps/static,AVAILABLE}
2019-06-18 10:34:26,195 INFO  handler.ContextHandler (ContextHandler.java:doStart(781)) - Started o.e.j.w.WebAppContext@5584d9c6{/,file:///opt/src/hadoop-hdds/container-service/target/classes/webapps/hddsDatanode/,AVAILABLE}{/hddsDatanode}
2019-06-18 10:34:26,197 INFO  server.AbstractConnector (AbstractConnector.java:doStart(278)) - Started ServerConnector@7e53c01e{HTTP/1.1,[http/1.1]}{0.0.0.0:36263}
2019-06-18 10:34:26,198 INFO  server.Server (Server.java:doStart(419)) - Started @6349ms
2019-06-18 10:34:26,198 INFO  server.BaseHttpServer (BaseHttpServer.java:updateConnectorAddress(207)) - HTTP server of HDDSDATANODE is listening at http://0.0.0.0:36263
2019-06-18 10:34:26,469 INFO  ozone.HddsDatanodeService (HddsDatanodeService.java:startPlugins(396)) - Started plug-in org.apache.hadoop.ozone.web.OzoneHddsDatanodeService@2b916808
2019-06-18 10:34:26,470 INFO  ozone.MiniOzoneClusterImpl (MiniOzoneClusterImpl.java:lambda$waitForClusterToBeReady$0(142)) - Waiting for cluster to be ready. Got 0 of 3 DN Heartbeats.
2019-06-18 10:34:26,478 INFO  util.JvmPauseMonitor (JvmPauseMonitor.java:run(188)) - Starting JVM pause monitor
2019-06-18 10:34:26,480 INFO  datanode.InitDatanodeState (InitDatanodeState.java:persistContainerDatanodeDetails(140)) - DatanodeDetails is persisted to /opt/src/hadoop-ozone/tools/target/test-dir/MiniOzoneClusterImpl-3b315d66-9ced-4c03-8adf-31133961d564/datanode-2/meta/datanode.id
2019-06-18 10:34:27,470 INFO  ozone.MiniOzoneClusterImpl (MiniOzoneClusterImpl.java:lambda$waitForClusterToBeReady$0(142)) - Waiting for cluster to be ready. Got 0 of 3 DN Heartbeats.
2019-06-18 10:34:27,778 INFO  ozoneimpl.OzoneContainer (OzoneContainer.java:start(186)) - Attempting to start container services.
2019-06-18 10:34:27,779 INFO  ozoneimpl.OzoneContainer (OzoneContainer.java:startContainerScrub(160)) - Background container scrubber has been disabled by hdds.containerscrub.enabled
2019-06-18 10:34:27,779 INFO  ratis.XceiverServerRatis (XceiverServerRatis.java:start(418)) - Starting XceiverServerRatis f3ae20ad-8983-4ef7-8eff-7dc300e40c53 at port 35385
2019-06-18 10:34:27,832 INFO  impl.RaftServerProxy (RaftServerProxy.java:lambda$start$3(299)) - f3ae20ad-8983-4ef7-8eff-7dc300e40c53: start RPC server
2019-06-18 10:34:28,029 INFO  server.GrpcService (GrpcService.java:startImpl(148)) - f3ae20ad-8983-4ef7-8eff-7dc300e40c53: GrpcService started, listening on 0.0.0.0/0.0.0.0:35385
2019-06-18 10:34:28,113 INFO  ozoneimpl.OzoneContainer (OzoneContainer.java:start(186)) - Attempting to start container services.
2019-06-18 10:34:28,115 INFO  ozoneimpl.OzoneContainer (OzoneContainer.java:startContainerScrub(160)) - Background container scrubber has been disabled by hdds.containerscrub.enabled
2019-06-18 10:34:28,115 INFO  ratis.XceiverServerRatis (XceiverServerRatis.java:start(418)) - Starting XceiverServerRatis c9997d1c-dc71-481e-b72e-9b78d631aee5 at port 38487
2019-06-18 10:34:28,162 INFO  impl.RaftServerProxy (RaftServerProxy.java:lambda$start$3(299)) - c9997d1c-dc71-481e-b72e-9b78d631aee5: start RPC server
2019-06-18 10:34:28,172 INFO  server.GrpcService (GrpcService.java:startImpl(148)) - c9997d1c-dc71-481e-b72e-9b78d631aee5: GrpcService started, listening on 0.0.0.0/0.0.0.0:38487
2019-06-18 10:34:28,470 INFO  ozone.MiniOzoneClusterImpl (MiniOzoneClusterImpl.java:lambda$waitForClusterToBeReady$0(142)) - Waiting for cluster to be ready. Got 0 of 3 DN Heartbeats.
2019-06-18 10:34:28,484 INFO  ozoneimpl.OzoneContainer (OzoneContainer.java:start(186)) - Attempting to start container services.
2019-06-18 10:34:28,486 INFO  ozoneimpl.OzoneContainer (OzoneContainer.java:startContainerScrub(160)) - Background container scrubber has been disabled by hdds.containerscrub.enabled
2019-06-18 10:34:28,486 INFO  ratis.XceiverServerRatis (XceiverServerRatis.java:start(418)) - Starting XceiverServerRatis 35ca8ec5-d55d-4221-9238-64d87b8e36f4 at port 46361
2019-06-18 10:34:28,509 INFO  impl.RaftServerProxy (RaftServerProxy.java:lambda$start$3(299)) - 35ca8ec5-d55d-4221-9238-64d87b8e36f4: start RPC server
2019-06-18 10:34:28,515 INFO  server.GrpcService (GrpcService.java:startImpl(148)) - 35ca8ec5-d55d-4221-9238-64d87b8e36f4: GrpcService started, listening on 0.0.0.0/0.0.0.0:46361
2019-06-18 10:34:29,471 INFO  ozone.MiniOzoneClusterImpl (MiniOzoneClusterImpl.java:lambda$waitForClusterToBeReady$0(142)) - Waiting for cluster to be ready. Got 0 of 3 DN Heartbeats.
2019-06-18 10:34:29,765 INFO  net.NetworkTopology (NetworkTopologyImpl.java:add(109)) - Added a new node: /default-rack/192.168.46.6
2019-06-18 10:34:29,765 INFO  node.SCMNodeManager (SCMNodeManager.java:register(269)) - Registered Data node : f3ae20ad-8983-4ef7-8eff-7dc300e40c53{ip: 192.168.46.6, host: ozone-unit-076618677d372z9n-3564682807, networkLocation: /default-rack, certSerialId: null}
2019-06-18 10:34:29,781 INFO  safemode.SCMSafeModeManager (DataNodeSafeModeRule.java:process(71)) - SCM in safe mode. 1 DataNodes registered, 1 required.
2019-06-18 10:34:29,790 INFO  safemode.SCMSafeModeManager (SCMSafeModeManager.java:validateSafeModeExitRules(177)) - ScmSafeModeManager, all rules are successfully validated
2019-06-18 10:34:29,790 INFO  safemode.SCMSafeModeManager (SCMSafeModeManager.java:exitSafeMode(193)) - SCM exiting safe mode.
2019-06-18 10:34:30,109 INFO  node.SCMNodeManager (SCMNodeManager.java:register(269)) - Registered Data node : c9997d1c-dc71-481e-b72e-9b78d631aee5{ip: 192.168.46.6, host: ozone-unit-076618677d372z9n-3564682807, networkLocation: /default-rack, certSerialId: null}
2019-06-18 10:34:30,286 INFO  impl.RaftServerProxy (RaftServerProxy.java:addNew(89)) - f3ae20ad-8983-4ef7-8eff-7dc300e40c53: addNew group-2AC1659CDF2E:[f3ae20ad-8983-4ef7-8eff-7dc300e40c53:192.168.46.6:35385] returns group-2AC1659CDF2E:java.util.concurrent.CompletableFuture@5cbca993[Not completed]
2019-06-18 10:34:30,300 INFO  impl.RaftServerImpl (RaftServerImpl.java:<init>(91)) - f3ae20ad-8983-4ef7-8eff-7dc300e40c53: new RaftServerImpl for group-2AC1659CDF2E:[f3ae20ad-8983-4ef7-8eff-7dc300e40c53:192.168.46.6:35385] with ContainerStateMachine:uninitialized
2019-06-18 10:34:30,303 INFO  server.RaftServerConfigKeys (ConfUtils.java:logGet(43)) - raft.server.rpc.timeout.min = 1s (custom)
2019-06-18 10:34:30,304 INFO  server.RaftServerConfigKeys (ConfUtils.java:logGet(43)) - raft.server.rpc.timeout.max = 1200ms (custom)
2019-06-18 10:34:30,304 INFO  server.RaftServerConfigKeys (ConfUtils.java:logGet(43)) - raft.server.rpcslowness.timeout = 120s (custom)
2019-06-18 10:34:30,304 INFO  server.RaftServerConfigKeys (ConfUtils.java:logGet(43)) - raft.server.log.appender.install.snapshot.enabled = true (default)
2019-06-18 10:34:30,312 INFO  impl.RaftServerImpl (ServerState.java:<init>(101)) - f3ae20ad-8983-4ef7-8eff-7dc300e40c53:group-2AC1659CDF2E ConfigurationManager, init=-1: [f3ae20ad-8983-4ef7-8eff-7dc300e40c53:192.168.46.6:35385], old=null, confs=<EMPTY_MAP>
2019-06-18 10:34:30,312 INFO  server.RaftServerConfigKeys (ConfUtils.java:logGet(43)) - raft.server.storage.dir = [/opt/src/hadoop-ozone/tools/target/test-dir/MiniOzoneClusterImpl-3b315d66-9ced-4c03-8adf-31133961d564/datanode-0/data/ratis] (custom)
2019-06-18 10:34:30,321 INFO  storage.RaftStorageDirectory (RaftStorageDirectory.java:analyzeStorage(246)) - The storage directory /opt/src/hadoop-ozone/tools/target/test-dir/MiniOzoneClusterImpl-3b315d66-9ced-4c03-8adf-31133961d564/datanode-0/data/ratis/03355dc3-e113-47ad-8870-2ac1659cdf2e does not exist. Creating ...
2019-06-18 10:34:30,327 INFO  storage.RaftStorageDirectory (RaftStorageDirectory.java:tryLock(328)) - Lock on /opt/src/hadoop-ozone/tools/target/test-dir/MiniOzoneClusterImpl-3b315d66-9ced-4c03-8adf-31133961d564/datanode-0/data/ratis/03355dc3-e113-47ad-8870-2ac1659cdf2e/in_use.lock acquired by nodename 18252@ozone-unit-076618677d372z9n-3564682807
2019-06-18 10:34:30,331 INFO  storage.RaftStorage (RaftStorage.java:format(75)) - Storage directory /opt/src/hadoop-ozone/tools/target/test-dir/MiniOzoneClusterImpl-3b315d66-9ced-4c03-8adf-31133961d564/datanode-0/data/ratis/03355dc3-e113-47ad-8870-2ac1659cdf2e has been successfully formatted.
2019-06-18 10:34:30,335 INFO  ratis.ContainerStateMachine (ContainerStateMachine.java:loadSnapshot(199)) - The snapshot info is null.Setting the last applied index to:(t:0, i:~)
2019-06-18 10:34:30,335 INFO  server.RaftServerConfigKeys (ConfUtils.java:logGet(43)) - raft.server.leader.election.timeout = 120s (custom)
2019-06-18 10:34:30,337 INFO  server.RaftServerConfigKeys (ConfUtils.java:logGet(43)) - raft.server.log.use.memory = false (default)
2019-06-18 10:34:30,341 INFO  server.RaftServerConfigKeys (ConfUtils.java:logGet(43)) - raft.server.log.appender.buffer.byte-limit = 33554432 (custom)
2019-06-18 10:34:30,345 INFO  server.RaftServerConfigKeys (ConfUtils.java:logGet(43)) - raft.server.log.segment.size.max = 16384 (custom)
2019-06-18 10:34:30,352 INFO  server.RaftServerConfigKeys (ConfUtils.java:logGet(43)) - raft.server.log.segment.cache.num.max = 2 (custom)
2019-06-18 10:34:30,365 INFO  storage.RaftLogWorker (RaftLogWorker.java:<init>(123)) - new f3ae20ad-8983-4ef7-8eff-7dc300e40c53-RaftLogWorker for Storage Directory /opt/src/hadoop-ozone/tools/target/test-dir/MiniOzoneClusterImpl-3b315d66-9ced-4c03-8adf-31133961d564/datanode-0/data/ratis/03355dc3-e113-47ad-8870-2ac1659cdf2e
2019-06-18 10:34:30,369 INFO  server.RaftServerConfigKeys (ConfUtils.java:logGet(43)) - raft.server.log.queue.byte-limit = 2147483647 (custom)
2019-06-18 10:34:30,370 INFO  server.RaftServerConfigKeys (ConfUtils.java:logGet(43)) - raft.server.log.queue.element-limit = 1024 (custom)
2019-06-18 10:34:30,372 INFO  server.RaftServerConfigKeys (ConfUtils.java:logGet(43)) - raft.server.log.segment.size.max = 16384 (custom)
2019-06-18 10:34:30,372 INFO  server.RaftServerConfigKeys (ConfUtils.java:logGet(43)) - raft.server.log.preallocated.size = 16384 (custom)
2019-06-18 10:34:30,373 INFO  server.RaftServerConfigKeys (ConfUtils.java:logGet(43)) - raft.server.log.write.buffer.size = 33554432 (custom)
2019-06-18 10:34:30,373 INFO  server.RaftServerConfigKeys (ConfUtils.java:logGet(43)) - raft.server.log.force.sync.num = 128 (default)
2019-06-18 10:34:30,374 INFO  server.RaftServerConfigKeys (ConfUtils.java:logGet(43)) - raft.server.log.statemachine.data.sync = true (default)
2019-06-18 10:34:30,375 INFO  server.RaftServerConfigKeys (ConfUtils.java:logGet(43)) - raft.server.log.statemachine.data.sync.timeout = 10s (default)
2019-06-18 10:34:30,375 INFO  server.RaftServerConfigKeys (ConfUtils.java:logGet(43)) - raft.server.log.statemachine.data.sync.timeout.retry = -1 (default)
2019-06-18 10:34:30,379 INFO  server.RaftServerConfigKeys (ConfUtils.java:logGet(43)) - raft.server.log.statemachine.data.caching.enabled = true (custom)
2019-06-18 10:34:30,385 INFO  server.RaftServerConfigKeys (ConfUtils.java:logGet(43)) - raft.server.snapshot.auto.trigger.enabled = true (custom)
2019-06-18 10:34:30,386 INFO  server.RaftServerConfigKeys (ConfUtils.java:logGet(43)) - raft.server.snapshot.auto.trigger.threshold = 10000 (custom)
2019-06-18 10:34:30,386 INFO  server.RaftServerConfigKeys (ConfUtils.java:logGet(43)) - raft.server.retrycache.expirytime = 600000ms (custom)
2019-06-18 10:34:30,408 INFO  impl.RaftServerImpl (RaftServerImpl.java:start(173)) - f3ae20ad-8983-4ef7-8eff-7dc300e40c53: start group-2AC1659CDF2E
2019-06-18 10:34:30,408 INFO  impl.RaftServerImpl (RaftServerImpl.java:setRole(164)) - f3ae20ad-8983-4ef7-8eff-7dc300e40c53:group-2AC1659CDF2E changes role from null to FOLLOWER at term 0 for startAsFollower
2019-06-18 10:34:30,410 INFO  impl.RoleInfo (RoleInfo.java:updateAndGet(143)) - f3ae20ad-8983-4ef7-8eff-7dc300e40c53: start FollowerState
2019-06-18 10:34:30,411 INFO  util.JmxRegister (JmxRegister.java:tryRegister(44)) - Successfully registered JMX Bean with object name Ratis:service=RaftServer,group=group-2AC1659CDF2E,id=f3ae20ad-8983-4ef7-8eff-7dc300e40c53
2019-06-18 10:34:30,670 INFO  ozone.MiniOzoneClusterImpl (MiniOzoneClusterImpl.java:lambda$waitForClusterToBeReady$0(142)) - Waiting for cluster to be ready. Got 2 of 3 DN Heartbeats.
2019-06-18 10:34:30,677 INFO  node.SCMNodeManager (SCMNodeManager.java:register(269)) - Registered Data node : 35ca8ec5-d55d-4221-9238-64d87b8e36f4{ip: 192.168.46.6, host: ozone-unit-076618677d372z9n-3564682807, networkLocation: /default-rack, certSerialId: null}
2019-06-18 10:34:30,694 INFO  pipeline.PipelineStateManager (PipelineStateManager.java:addPipeline(56)) - Created pipeline Pipeline[ Id: 03355dc3-e113-47ad-8870-2ac1659cdf2e, Nodes: f3ae20ad-8983-4ef7-8eff-7dc300e40c53{ip: 192.168.46.6, host: ozone-unit-076618677d372z9n-3564682807, networkLocation: /default-rack, certSerialId: null}, Type:RATIS, Factor:ONE, State:OPEN]
2019-06-18 10:34:30,712 INFO  impl.RaftServerProxy (RaftServerProxy.java:addNew(89)) - c9997d1c-dc71-481e-b72e-9b78d631aee5: addNew group-FE5027DEA2B3:[c9997d1c-dc71-481e-b72e-9b78d631aee5:192.168.46.6:38487] returns group-FE5027DEA2B3:java.util.concurrent.CompletableFuture@194381fb[Not completed]
2019-06-18 10:34:30,736 INFO  impl.RaftServerImpl (RaftServerImpl.java:<init>(91)) - c9997d1c-dc71-481e-b72e-9b78d631aee5: new RaftServerImpl for group-FE5027DEA2B3:[c9997d1c-dc71-481e-b72e-9b78d631aee5:192.168.46.6:38487] with ContainerStateMachine:uninitialized
2019-06-18 10:34:30,737 INFO  server.RaftServerConfigKeys (ConfUtils.java:logGet(43)) - raft.server.rpc.timeout.min = 1s (custom)
2019-06-18 10:34:30,738 INFO  server.RaftServerConfigKeys (ConfUtils.java:logGet(43)) - raft.server.rpc.timeout.max = 1200ms (custom)
2019-06-18 10:34:30,738 INFO  server.RaftServerConfigKeys (ConfUtils.java:logGet(43)) - raft.server.rpcslowness.timeout = 120s (custom)
2019-06-18 10:34:30,738 INFO  server.RaftServerConfigKeys (ConfUtils.java:logGet(43)) - raft.server.log.appender.install.snapshot.enabled = true (default)
2019-06-18 10:34:30,738 INFO  impl.RaftServerImpl (ServerState.java:<init>(101)) - c9997d1c-dc71-481e-b72e-9b78d631aee5:group-FE5027DEA2B3 ConfigurationManager, init=-1: [c9997d1c-dc71-481e-b72e-9b78d631aee5:192.168.46.6:38487], old=null, confs=<EMPTY_MAP>
2019-06-18 10:34:30,739 INFO  server.RaftServerConfigKeys (ConfUtils.java:logGet(43)) - raft.server.storage.dir = [/opt/src/hadoop-ozone/tools/target/test-dir/MiniOzoneClusterImpl-3b315d66-9ced-4c03-8adf-31133961d564/datanode-1/data/ratis] (custom)
2019-06-18 10:34:30,739 INFO  storage.RaftStorageDirectory (RaftStorageDirectory.java:analyzeStorage(246)) - The storage directory /opt/src/hadoop-ozone/tools/target/test-dir/MiniOzoneClusterImpl-3b315d66-9ced-4c03-8adf-31133961d564/datanode-1/data/ratis/d8d21ee0-34a2-4948-8e40-fe5027dea2b3 does not exist. Creating ...
2019-06-18 10:34:30,742 INFO  storage.RaftStorageDirectory (RaftStorageDirectory.java:tryLock(328)) - Lock on /opt/src/hadoop-ozone/tools/target/test-dir/MiniOzoneClusterImpl-3b315d66-9ced-4c03-8adf-31133961d564/datanode-1/data/ratis/d8d21ee0-34a2-4948-8e40-fe5027dea2b3/in_use.lock acquired by nodename 18252@ozone-unit-076618677d372z9n-3564682807
2019-06-18 10:34:30,744 INFO  storage.RaftStorage (RaftStorage.java:format(75)) - Storage directory /opt/src/hadoop-ozone/tools/target/test-dir/MiniOzoneClusterImpl-3b315d66-9ced-4c03-8adf-31133961d564/datanode-1/data/ratis/d8d21ee0-34a2-4948-8e40-fe5027dea2b3 has been successfully formatted.
2019-06-18 10:34:30,745 INFO  ratis.ContainerStateMachine (ContainerStateMachine.java:loadSnapshot(199)) - The snapshot info is null.Setting the last applied index to:(t:0, i:~)
2019-06-18 10:34:30,746 INFO  server.RaftServerConfigKeys (ConfUtils.java:logGet(43)) - raft.server.leader.election.timeout = 120s (custom)
2019-06-18 10:34:30,746 INFO  server.RaftServerConfigKeys (ConfUtils.java:logGet(43)) - raft.server.log.use.memory = false (default)
2019-06-18 10:34:30,746 INFO  server.RaftServerConfigKeys (ConfUtils.java:logGet(43)) - raft.server.log.appender.buffer.byte-limit = 33554432 (custom)
2019-06-18 10:34:30,746 INFO  server.RaftServerConfigKeys (ConfUtils.java:logGet(43)) - raft.server.log.segment.size.max = 16384 (custom)
2019-06-18 10:34:30,747 INFO  server.RaftServerConfigKeys (ConfUtils.java:logGet(43)) - raft.server.log.segment.cache.num.max = 2 (custom)
2019-06-18 10:34:30,748 INFO  storage.RaftLogWorker (RaftLogWorker.java:<init>(123)) - new c9997d1c-dc71-481e-b72e-9b78d631aee5-RaftLogWorker for Storage Directory /opt/src/hadoop-ozone/tools/target/test-dir/MiniOzoneClusterImpl-3b315d66-9ced-4c03-8adf-31133961d564/datanode-1/data/ratis/d8d21ee0-34a2-4948-8e40-fe5027dea2b3
2019-06-18 10:34:30,749 INFO  server.RaftServerConfigKeys (ConfUtils.java:logGet(43)) - raft.server.log.queue.byte-limit = 2147483647 (custom)
2019-06-18 10:34:30,749 INFO  server.RaftServerConfigKeys (ConfUtils.java:logGet(43)) - raft.server.log.queue.element-limit = 1024 (custom)
2019-06-18 10:34:30,749 INFO  server.RaftServerConfigKeys (ConfUtils.java:logGet(43)) - raft.server.log.segment.size.max = 16384 (custom)
2019-06-18 10:34:30,750 INFO  server.RaftServerConfigKeys (ConfUtils.java:logGet(43)) - raft.server.log.preallocated.size = 16384 (custom)
2019-06-18 10:34:30,750 INFO  server.RaftServerConfigKeys (ConfUtils.java:logGet(43)) - raft.server.log.write.buffer.size = 33554432 (custom)
2019-06-18 10:34:30,750 INFO  server.RaftServerConfigKeys (ConfUtils.java:logGet(43)) - raft.server.log.force.sync.num = 128 (default)
2019-06-18 10:34:30,750 INFO  server.RaftServerConfigKeys (ConfUtils.java:logGet(43)) - raft.server.log.statemachine.data.sync = true (default)
2019-06-18 10:34:30,750 INFO  server.RaftServerConfigKeys (ConfUtils.java:logGet(43)) - raft.server.log.statemachine.data.sync.timeout = 10s (default)
2019-06-18 10:34:30,750 INFO  server.RaftServerConfigKeys (ConfUtils.java:logGet(43)) - raft.server.log.statemachine.data.sync.timeout.retry = -1 (default)
2019-06-18 10:34:30,751 INFO  server.RaftServerConfigKeys (ConfUtils.java:logGet(43)) - raft.server.log.statemachine.data.caching.enabled = true (custom)
2019-06-18 10:34:30,751 INFO  server.RaftServerConfigKeys (ConfUtils.java:logGet(43)) - raft.server.snapshot.auto.trigger.enabled = true (custom)
2019-06-18 10:34:30,751 INFO  server.RaftServerConfigKeys (ConfUtils.java:logGet(43)) - raft.server.snapshot.auto.trigger.threshold = 10000 (custom)
2019-06-18 10:34:30,751 INFO  server.RaftServerConfigKeys (ConfUtils.java:logGet(43)) - raft.server.retrycache.expirytime = 600000ms (custom)
2019-06-18 10:34:30,752 INFO  impl.RaftServerImpl (RaftServerImpl.java:start(173)) - c9997d1c-dc71-481e-b72e-9b78d631aee5: start group-FE5027DEA2B3
2019-06-18 10:34:30,752 INFO  impl.RaftServerImpl (RaftServerImpl.java:setRole(164)) - c9997d1c-dc71-481e-b72e-9b78d631aee5:group-FE5027DEA2B3 changes role from null to FOLLOWER at term 0 for startAsFollower
2019-06-18 10:34:30,752 INFO  impl.RoleInfo (RoleInfo.java:updateAndGet(143)) - c9997d1c-dc71-481e-b72e-9b78d631aee5: start FollowerState
2019-06-18 10:34:30,753 INFO  util.JmxRegister (JmxRegister.java:tryRegister(44)) - Successfully registered JMX Bean with object name Ratis:service=RaftServer,group=group-FE5027DEA2B3,id=c9997d1c-dc71-481e-b72e-9b78d631aee5
2019-06-18 10:34:30,763 INFO  pipeline.PipelineStateManager (PipelineStateManager.java:addPipeline(56)) - Created pipeline Pipeline[ Id: d8d21ee0-34a2-4948-8e40-fe5027dea2b3, Nodes: c9997d1c-dc71-481e-b72e-9b78d631aee5{ip: 192.168.46.6, host: ozone-unit-076618677d372z9n-3564682807, networkLocation: /default-rack, certSerialId: null}, Type:RATIS, Factor:ONE, State:OPEN]
2019-06-18 10:34:30,779 INFO  impl.RaftServerProxy (RaftServerProxy.java:addNew(89)) - 35ca8ec5-d55d-4221-9238-64d87b8e36f4: addNew group-D05174F7A7B7:[35ca8ec5-d55d-4221-9238-64d87b8e36f4:192.168.46.6:46361] returns group-D05174F7A7B7:java.util.concurrent.CompletableFuture@3b64ff21[Not completed]
2019-06-18 10:34:30,782 INFO  impl.RaftServerImpl (RaftServerImpl.java:<init>(91)) - 35ca8ec5-d55d-4221-9238-64d87b8e36f4: new RaftServerImpl for group-D05174F7A7B7:[35ca8ec5-d55d-4221-9238-64d87b8e36f4:192.168.46.6:46361] with ContainerStateMachine:uninitialized
2019-06-18 10:34:30,783 INFO  server.RaftServerConfigKeys (ConfUtils.java:logGet(43)) - raft.server.rpc.timeout.min = 1s (custom)
2019-06-18 10:34:30,783 INFO  server.RaftServerConfigKeys (ConfUtils.java:logGet(43)) - raft.server.rpc.timeout.max = 1200ms (custom)
2019-06-18 10:34:30,783 INFO  server.RaftServerConfigKeys (ConfUtils.java:logGet(43)) - raft.server.rpcslowness.timeout = 120s (custom)
2019-06-18 10:34:30,784 INFO  server.RaftServerConfigKeys (ConfUtils.java:logGet(43)) - raft.server.log.appender.install.snapshot.enabled = true (default)
2019-06-18 10:34:30,784 INFO  impl.RaftServerImpl (ServerState.java:<init>(101)) - 35ca8ec5-d55d-4221-9238-64d87b8e36f4:group-D05174F7A7B7 ConfigurationManager, init=-1: [35ca8ec5-d55d-4221-9238-64d87b8e36f4:192.168.46.6:46361], old=null, confs=<EMPTY_MAP>
2019-06-18 10:34:30,784 INFO  server.RaftServerConfigKeys (ConfUtils.java:logGet(43)) - raft.server.storage.dir = [/opt/src/hadoop-ozone/tools/target/test-dir/MiniOzoneClusterImpl-3b315d66-9ced-4c03-8adf-31133961d564/datanode-2/data/ratis] (custom)
2019-06-18 10:34:30,784 INFO  storage.RaftStorageDirectory (RaftStorageDirectory.java:analyzeStorage(246)) - The storage directory /opt/src/hadoop-ozone/tools/target/test-dir/MiniOzoneClusterImpl-3b315d66-9ced-4c03-8adf-31133961d564/datanode-2/data/ratis/710e9ebf-ee5b-4faa-9c5d-d05174f7a7b7 does not exist. Creating ...
2019-06-18 10:34:30,786 INFO  storage.RaftStorageDirectory (RaftStorageDirectory.java:tryLock(328)) - Lock on /opt/src/hadoop-ozone/tools/target/test-dir/MiniOzoneClusterImpl-3b315d66-9ced-4c03-8adf-31133961d564/datanode-2/data/ratis/710e9ebf-ee5b-4faa-9c5d-d05174f7a7b7/in_use.lock acquired by nodename 18252@ozone-unit-076618677d372z9n-3564682807
2019-06-18 10:34:30,788 INFO  storage.RaftStorage (RaftStorage.java:format(75)) - Storage directory /opt/src/hadoop-ozone/tools/target/test-dir/MiniOzoneClusterImpl-3b315d66-9ced-4c03-8adf-31133961d564/datanode-2/data/ratis/710e9ebf-ee5b-4faa-9c5d-d05174f7a7b7 has been successfully formatted.
2019-06-18 10:34:30,789 INFO  ratis.ContainerStateMachine (ContainerStateMachine.java:loadSnapshot(199)) - The snapshot info is null.Setting the last applied index to:(t:0, i:~)
2019-06-18 10:34:30,789 INFO  server.RaftServerConfigKeys (ConfUtils.java:logGet(43)) - raft.server.leader.election.timeout = 120s (custom)
2019-06-18 10:34:30,789 INFO  server.RaftServerConfigKeys (ConfUtils.java:logGet(43)) - raft.server.log.use.memory = false (default)
2019-06-18 10:34:30,789 INFO  server.RaftServerConfigKeys (ConfUtils.java:logGet(43)) - raft.server.log.appender.buffer.byte-limit = 33554432 (custom)
2019-06-18 10:34:30,790 INFO  server.RaftServerConfigKeys (ConfUtils.java:logGet(43)) - raft.server.log.segment.size.max = 16384 (custom)
2019-06-18 10:34:30,790 INFO  server.RaftServerConfigKeys (ConfUtils.java:logGet(43)) - raft.server.log.segment.cache.num.max = 2 (custom)
2019-06-18 10:34:30,790 INFO  storage.RaftLogWorker (RaftLogWorker.java:<init>(123)) - new 35ca8ec5-d55d-4221-9238-64d87b8e36f4-RaftLogWorker for Storage Directory /opt/src/hadoop-ozone/tools/target/test-dir/MiniOzoneClusterImpl-3b315d66-9ced-4c03-8adf-31133961d564/datanode-2/data/ratis/710e9ebf-ee5b-4faa-9c5d-d05174f7a7b7
2019-06-18 10:34:30,790 INFO  server.RaftServerConfigKeys (ConfUtils.java:logGet(43)) - raft.server.log.queue.byte-limit = 2147483647 (custom)
2019-06-18 10:34:30,790 INFO  server.RaftServerConfigKeys (ConfUtils.java:logGet(43)) - raft.server.log.queue.element-limit = 1024 (custom)
2019-06-18 10:34:30,790 INFO  server.RaftServerConfigKeys (ConfUtils.java:logGet(43)) - raft.server.log.segment.size.max = 16384 (custom)
2019-06-18 10:34:30,791 INFO  server.RaftServerConfigKeys (ConfUtils.java:logGet(43)) - raft.server.log.preallocated.size = 16384 (custom)
2019-06-18 10:34:30,791 INFO  server.RaftServerConfigKeys (ConfUtils.java:logGet(43)) - raft.server.log.write.buffer.size = 33554432 (custom)
2019-06-18 10:34:30,791 INFO  server.RaftServerConfigKeys (ConfUtils.java:logGet(43)) - raft.server.log.force.sync.num = 128 (default)
2019-06-18 10:34:30,791 INFO  server.RaftServerConfigKeys (ConfUtils.java:logGet(43)) - raft.server.log.statemachine.data.sync = true (default)
2019-06-18 10:34:30,791 INFO  server.RaftServerConfigKeys (ConfUtils.java:logGet(43)) - raft.server.log.statemachine.data.sync.timeout = 10s (default)
2019-06-18 10:34:30,791 INFO  server.RaftServerConfigKeys (ConfUtils.java:logGet(43)) - raft.server.log.statemachine.data.sync.timeout.retry = -1 (default)
2019-06-18 10:34:30,791 INFO  server.RaftServerConfigKeys (ConfUtils.java:logGet(43)) - raft.server.log.statemachine.data.caching.enabled = true (custom)
2019-06-18 10:34:30,792 INFO  server.RaftServerConfigKeys (ConfUtils.java:logGet(43)) - raft.server.snapshot.auto.trigger.enabled = true (custom)
2019-06-18 10:34:30,792 INFO  server.RaftServerConfigKeys (ConfUtils.java:logGet(43)) - raft.server.snapshot.auto.trigger.threshold = 10000 (custom)
2019-06-18 10:34:30,792 INFO  server.RaftServerConfigKeys (ConfUtils.java:logGet(43)) - raft.server.retrycache.expirytime = 600000ms (custom)
2019-06-18 10:34:30,793 INFO  impl.RaftServerImpl (RaftServerImpl.java:start(173)) - 35ca8ec5-d55d-4221-9238-64d87b8e36f4: start group-D05174F7A7B7
2019-06-18 10:34:30,793 INFO  impl.RaftServerImpl (RaftServerImpl.java:setRole(164)) - 35ca8ec5-d55d-4221-9238-64d87b8e36f4:group-D05174F7A7B7 changes role from null to FOLLOWER at term 0 for startAsFollower
2019-06-18 10:34:30,793 INFO  impl.RoleInfo (RoleInfo.java:updateAndGet(143)) - 35ca8ec5-d55d-4221-9238-64d87b8e36f4: start FollowerState
2019-06-18 10:34:30,793 INFO  util.JmxRegister (JmxRegister.java:tryRegister(44)) - Successfully registered JMX Bean with object name Ratis:service=RaftServer,group=group-D05174F7A7B7,id=35ca8ec5-d55d-4221-9238-64d87b8e36f4
2019-06-18 10:34:30,807 INFO  pipeline.PipelineStateManager (PipelineStateManager.java:addPipeline(56)) - Created pipeline Pipeline[ Id: 710e9ebf-ee5b-4faa-9c5d-d05174f7a7b7, Nodes: 35ca8ec5-d55d-4221-9238-64d87b8e36f4{ip: 192.168.46.6, host: ozone-unit-076618677d372z9n-3564682807, networkLocation: /default-rack, certSerialId: null}, Type:RATIS, Factor:ONE, State:OPEN]
2019-06-18 10:34:30,837 INFO  impl.RaftServerProxy (RaftServerProxy.java:addNew(89)) - 35ca8ec5-d55d-4221-9238-64d87b8e36f4: addNew group-EF91AF8D74D0:[35ca8ec5-d55d-4221-9238-64d87b8e36f4:192.168.46.6:46361, f3ae20ad-8983-4ef7-8eff-7dc300e40c53:192.168.46.6:35385, c9997d1c-dc71-481e-b72e-9b78d631aee5:192.168.46.6:38487] returns group-EF91AF8D74D0:java.util.concurrent.CompletableFuture@314e316f[Not completed]
2019-06-18 10:34:30,838 INFO  impl.RaftServerImpl (RaftServerImpl.java:<init>(91)) - 35ca8ec5-d55d-4221-9238-64d87b8e36f4: new RaftServerImpl for group-EF91AF8D74D0:[35ca8ec5-d55d-4221-9238-64d87b8e36f4:192.168.46.6:46361, f3ae20ad-8983-4ef7-8eff-7dc300e40c53:192.168.46.6:35385, c9997d1c-dc71-481e-b72e-9b78d631aee5:192.168.46.6:38487] with ContainerStateMachine:uninitialized
2019-06-18 10:34:30,838 INFO  server.RaftServerConfigKeys (ConfUtils.java:logGet(43)) - raft.server.rpc.timeout.min = 1s (custom)
2019-06-18 10:34:30,838 INFO  server.RaftServerConfigKeys (ConfUtils.java:logGet(43)) - raft.server.rpc.timeout.max = 1200ms (custom)
2019-06-18 10:34:30,838 INFO  server.RaftServerConfigKeys (ConfUtils.java:logGet(43)) - raft.server.rpcslowness.timeout = 120s (custom)
2019-06-18 10:34:30,839 INFO  server.RaftServerConfigKeys (ConfUtils.java:logGet(43)) - raft.server.log.appender.install.snapshot.enabled = true (default)
2019-06-18 10:34:30,839 INFO  impl.RaftServerImpl (ServerState.java:<init>(101)) - 35ca8ec5-d55d-4221-9238-64d87b8e36f4:group-EF91AF8D74D0 ConfigurationManager, init=-1: [35ca8ec5-d55d-4221-9238-64d87b8e36f4:192.168.46.6:46361, f3ae20ad-8983-4ef7-8eff-7dc300e40c53:192.168.46.6:35385, c9997d1c-dc71-481e-b72e-9b78d631aee5:192.168.46.6:38487], old=null, confs=<EMPTY_MAP>
2019-06-18 10:34:30,840 INFO  server.RaftServerConfigKeys (ConfUtils.java:logGet(43)) - raft.server.storage.dir = [/opt/src/hadoop-ozone/tools/target/test-dir/MiniOzoneClusterImpl-3b315d66-9ced-4c03-8adf-31133961d564/datanode-2/data/ratis] (custom)
2019-06-18 10:34:30,840 INFO  storage.RaftStorageDirectory (RaftStorageDirectory.java:analyzeStorage(246)) - The storage directory /opt/src/hadoop-ozone/tools/target/test-dir/MiniOzoneClusterImpl-3b315d66-9ced-4c03-8adf-31133961d564/datanode-2/data/ratis/d03e1b14-6516-44e4-ae76-ef91af8d74d0 does not exist. Creating ...
2019-06-18 10:34:30,841 INFO  impl.RaftServerProxy (RaftServerProxy.java:addNew(89)) - f3ae20ad-8983-4ef7-8eff-7dc300e40c53: addNew group-EF91AF8D74D0:[35ca8ec5-d55d-4221-9238-64d87b8e36f4:192.168.46.6:46361, f3ae20ad-8983-4ef7-8eff-7dc300e40c53:192.168.46.6:35385, c9997d1c-dc71-481e-b72e-9b78d631aee5:192.168.46.6:38487] returns group-EF91AF8D74D0:java.util.concurrent.CompletableFuture@54f2abaf[Not completed]
2019-06-18 10:34:30,841 INFO  impl.RaftServerImpl (RaftServerImpl.java:<init>(91)) - f3ae20ad-8983-4ef7-8eff-7dc300e40c53: new RaftServerImpl for group-EF91AF8D74D0:[35ca8ec5-d55d-4221-9238-64d87b8e36f4:192.168.46.6:46361, f3ae20ad-8983-4ef7-8eff-7dc300e40c53:192.168.46.6:35385, c9997d1c-dc71-481e-b72e-9b78d631aee5:192.168.46.6:38487] with ContainerStateMachine:uninitialized
2019-06-18 10:34:30,842 INFO  server.RaftServerConfigKeys (ConfUtils.java:logGet(43)) - raft.server.rpc.timeout.min = 1s (custom)
2019-06-18 10:34:30,842 INFO  server.RaftServerConfigKeys (ConfUtils.java:logGet(43)) - raft.server.rpc.timeout.max = 1200ms (custom)
2019-06-18 10:34:30,842 INFO  impl.RaftServerProxy (RaftServerProxy.java:addNew(89)) - c9997d1c-dc71-481e-b72e-9b78d631aee5: addNew group-EF91AF8D74D0:[35ca8ec5-d55d-4221-9238-64d87b8e36f4:192.168.46.6:46361, f3ae20ad-8983-4ef7-8eff-7dc300e40c53:192.168.46.6:35385, c9997d1c-dc71-481e-b72e-9b78d631aee5:192.168.46.6:38487] returns group-EF91AF8D74D0:java.util.concurrent.CompletableFuture@7da37316[Not completed]
2019-06-18 10:34:30,842 INFO  server.RaftServerConfigKeys (ConfUtils.java:logGet(43)) - raft.server.rpcslowness.timeout = 120s (custom)
2019-06-18 10:34:30,843 INFO  server.RaftServerConfigKeys (ConfUtils.java:logGet(43)) - raft.server.log.appender.install.snapshot.enabled = true (default)
2019-06-18 10:34:30,843 INFO  impl.RaftServerImpl (RaftServerImpl.java:<init>(91)) - c9997d1c-dc71-481e-b72e-9b78d631aee5: new RaftServerImpl for group-EF91AF8D74D0:[35ca8ec5-d55d-4221-9238-64d87b8e36f4:192.168.46.6:46361, f3ae20ad-8983-4ef7-8eff-7dc300e40c53:192.168.46.6:35385, c9997d1c-dc71-481e-b72e-9b78d631aee5:192.168.46.6:38487] with ContainerStateMachine:uninitialized
2019-06-18 10:34:30,843 INFO  impl.RaftServerImpl (ServerState.java:<init>(101)) - f3ae20ad-8983-4ef7-8eff-7dc300e40c53:group-EF91AF8D74D0 ConfigurationManager, init=-1: [35ca8ec5-d55d-4221-9238-64d87b8e36f4:192.168.46.6:46361, f3ae20ad-8983-4ef7-8eff-7dc300e40c53:192.168.46.6:35385, c9997d1c-dc71-481e-b72e-9b78d631aee5:192.168.46.6:38487], old=null, confs=<EMPTY_MAP>
2019-06-18 10:34:30,843 INFO  storage.RaftStorageDirectory (RaftStorageDirectory.java:tryLock(328)) - Lock on /opt/src/hadoop-ozone/tools/target/test-dir/MiniOzoneClusterImpl-3b315d66-9ced-4c03-8adf-31133961d564/datanode-2/data/ratis/d03e1b14-6516-44e4-ae76-ef91af8d74d0/in_use.lock acquired by nodename 18252@ozone-unit-076618677d372z9n-3564682807
2019-06-18 10:34:30,844 INFO  server.RaftServerConfigKeys (ConfUtils.java:logGet(43)) - raft.server.storage.dir = [/opt/src/hadoop-ozone/tools/target/test-dir/MiniOzoneClusterImpl-3b315d66-9ced-4c03-8adf-31133961d564/datanode-0/data/ratis] (custom)
2019-06-18 10:34:30,844 INFO  storage.RaftStorageDirectory (RaftStorageDirectory.java:analyzeStorage(246)) - The storage directory /opt/src/hadoop-ozone/tools/target/test-dir/MiniOzoneClusterImpl-3b315d66-9ced-4c03-8adf-31133961d564/datanode-0/data/ratis/d03e1b14-6516-44e4-ae76-ef91af8d74d0 does not exist. Creating ...
2019-06-18 10:34:30,843 INFO  server.RaftServerConfigKeys (ConfUtils.java:logGet(43)) - raft.server.rpc.timeout.min = 1s (custom)
2019-06-18 10:34:30,844 INFO  server.RaftServerConfigKeys (ConfUtils.java:logGet(43)) - raft.server.rpc.timeout.max = 1200ms (custom)
2019-06-18 10:34:30,844 INFO  server.RaftServerConfigKeys (ConfUtils.java:logGet(43)) - raft.server.rpcslowness.timeout = 120s (custom)
2019-06-18 10:34:30,844 INFO  server.RaftServerConfigKeys (ConfUtils.java:logGet(43)) - raft.server.log.appender.install.snapshot.enabled = true (default)
2019-06-18 10:34:30,845 INFO  impl.RaftServerImpl (ServerState.java:<init>(101)) - c9997d1c-dc71-481e-b72e-9b78d631aee5:group-EF91AF8D74D0 ConfigurationManager, init=-1: [35ca8ec5-d55d-4221-9238-64d87b8e36f4:192.168.46.6:46361, f3ae20ad-8983-4ef7-8eff-7dc300e40c53:192.168.46.6:35385, c9997d1c-dc71-481e-b72e-9b78d631aee5:192.168.46.6:38487], old=null, confs=<EMPTY_MAP>
2019-06-18 10:34:30,845 INFO  server.RaftServerConfigKeys (ConfUtils.java:logGet(43)) - raft.server.storage.dir = [/opt/src/hadoop-ozone/tools/target/test-dir/MiniOzoneClusterImpl-3b315d66-9ced-4c03-8adf-31133961d564/datanode-1/data/ratis] (custom)
2019-06-18 10:34:30,845 INFO  storage.RaftStorageDirectory (RaftStorageDirectory.java:analyzeStorage(246)) - The storage directory /opt/src/hadoop-ozone/tools/target/test-dir/MiniOzoneClusterImpl-3b315d66-9ced-4c03-8adf-31133961d564/datanode-1/data/ratis/d03e1b14-6516-44e4-ae76-ef91af8d74d0 does not exist. Creating ...
2019-06-18 10:34:30,846 INFO  storage.RaftStorageDirectory (RaftStorageDirectory.java:tryLock(328)) - Lock on /opt/src/hadoop-ozone/tools/target/test-dir/MiniOzoneClusterImpl-3b315d66-9ced-4c03-8adf-31133961d564/datanode-0/data/ratis/d03e1b14-6516-44e4-ae76-ef91af8d74d0/in_use.lock acquired by nodename 18252@ozone-unit-076618677d372z9n-3564682807
2019-06-18 10:34:30,847 INFO  storage.RaftStorage (RaftStorage.java:format(75)) - Storage directory /opt/src/hadoop-ozone/tools/target/test-dir/MiniOzoneClusterImpl-3b315d66-9ced-4c03-8adf-31133961d564/datanode-2/data/ratis/d03e1b14-6516-44e4-ae76-ef91af8d74d0 has been successfully formatted.
2019-06-18 10:34:30,847 INFO  ratis.ContainerStateMachine (ContainerStateMachine.java:loadSnapshot(199)) - The snapshot info is null.Setting the last applied index to:(t:0, i:~)
2019-06-18 10:34:30,847 INFO  server.RaftServerConfigKeys (ConfUtils.java:logGet(43)) - raft.server.leader.election.timeout = 120s (custom)
2019-06-18 10:34:30,847 INFO  server.RaftServerConfigKeys (ConfUtils.java:logGet(43)) - raft.server.log.use.memory = false (default)
2019-06-18 10:34:30,847 INFO  server.RaftServerConfigKeys (ConfUtils.java:logGet(43)) - raft.server.log.appender.buffer.byte-limit = 33554432 (custom)
2019-06-18 10:34:30,847 INFO  server.RaftServerConfigKeys (ConfUtils.java:logGet(43)) - raft.server.log.segment.size.max = 16384 (custom)
2019-06-18 10:34:30,847 INFO  server.RaftServerConfigKeys (ConfUtils.java:logGet(43)) - raft.server.log.segment.cache.num.max = 2 (custom)
2019-06-18 10:34:30,848 INFO  storage.RaftLogWorker (RaftLogWorker.java:<init>(123)) - new 35ca8ec5-d55d-4221-9238-64d87b8e36f4-RaftLogWorker for Storage Directory /opt/src/hadoop-ozone/tools/target/test-dir/MiniOzoneClusterImpl-3b315d66-9ced-4c03-8adf-31133961d564/datanode-2/data/ratis/d03e1b14-6516-44e4-ae76-ef91af8d74d0
2019-06-18 10:34:30,848 INFO  server.RaftServerConfigKeys (ConfUtils.java:logGet(43)) - raft.server.log.queue.byte-limit = 2147483647 (custom)
2019-06-18 10:34:30,848 INFO  server.RaftServerConfigKeys (ConfUtils.java:logGet(43)) - raft.server.log.queue.element-limit = 1024 (custom)
2019-06-18 10:34:30,848 INFO  server.RaftServerConfigKeys (ConfUtils.java:logGet(43)) - raft.server.log.segment.size.max = 16384 (custom)
2019-06-18 10:34:30,848 INFO  server.RaftServerConfigKeys (ConfUtils.java:logGet(43)) - raft.server.log.preallocated.size = 16384 (custom)
2019-06-18 10:34:30,848 INFO  server.RaftServerConfigKeys (ConfUtils.java:logGet(43)) - raft.server.log.write.buffer.size = 33554432 (custom)
2019-06-18 10:34:30,848 INFO  server.RaftServerConfigKeys (ConfUtils.java:logGet(43)) - raft.server.log.force.sync.num = 128 (default)
2019-06-18 10:34:30,848 INFO  server.RaftServerConfigKeys (ConfUtils.java:logGet(43)) - raft.server.log.statemachine.data.sync = true (default)
2019-06-18 10:34:30,848 INFO  server.RaftServerConfigKeys (ConfUtils.java:logGet(43)) - raft.server.log.statemachine.data.sync.timeout = 10s (default)
2019-06-18 10:34:30,849 INFO  server.RaftServerConfigKeys (ConfUtils.java:logGet(43)) - raft.server.log.statemachine.data.sync.timeout.retry = -1 (default)
2019-06-18 10:34:30,849 INFO  server.RaftServerConfigKeys (ConfUtils.java:logGet(43)) - raft.server.log.statemachine.data.caching.enabled = true (custom)
2019-06-18 10:34:30,849 INFO  server.RaftServerConfigKeys (ConfUtils.java:logGet(43)) - raft.server.snapshot.auto.trigger.enabled = true (custom)
2019-06-18 10:34:30,849 INFO  server.RaftServerConfigKeys (ConfUtils.java:logGet(43)) - raft.server.snapshot.auto.trigger.threshold = 10000 (custom)
2019-06-18 10:34:30,849 INFO  server.RaftServerConfigKeys (ConfUtils.java:logGet(43)) - raft.server.retrycache.expirytime = 600000ms (custom)
2019-06-18 10:34:30,850 INFO  impl.RaftServerImpl (RaftServerImpl.java:start(173)) - 35ca8ec5-d55d-4221-9238-64d87b8e36f4: start group-EF91AF8D74D0
2019-06-18 10:34:30,850 INFO  impl.RaftServerImpl (RaftServerImpl.java:setRole(164)) - 35ca8ec5-d55d-4221-9238-64d87b8e36f4:group-EF91AF8D74D0 changes role from null to FOLLOWER at term 0 for startAsFollower
2019-06-18 10:34:30,850 INFO  impl.RoleInfo (RoleInfo.java:updateAndGet(143)) - 35ca8ec5-d55d-4221-9238-64d87b8e36f4: start FollowerState
2019-06-18 10:34:30,850 INFO  util.JmxRegister (JmxRegister.java:tryRegister(44)) - Successfully registered JMX Bean with object name Ratis:service=RaftServer,group=group-EF91AF8D74D0,id=35ca8ec5-d55d-4221-9238-64d87b8e36f4
2019-06-18 10:34:30,851 INFO  storage.RaftStorage (RaftStorage.java:format(75)) - Storage directory /opt/src/hadoop-ozone/tools/target/test-dir/MiniOzoneClusterImpl-3b315d66-9ced-4c03-8adf-31133961d564/datanode-0/data/ratis/d03e1b14-6516-44e4-ae76-ef91af8d74d0 has been successfully formatted.
2019-06-18 10:34:30,851 INFO  ratis.ContainerStateMachine (ContainerStateMachine.java:loadSnapshot(199)) - The snapshot info is null.Setting the last applied index to:(t:0, i:~)
2019-06-18 10:34:30,851 INFO  server.RaftServerConfigKeys (ConfUtils.java:logGet(43)) - raft.server.leader.election.timeout = 120s (custom)
2019-06-18 10:34:30,851 INFO  server.RaftServerConfigKeys (ConfUtils.java:logGet(43)) - raft.server.log.use.memory = false (default)
2019-06-18 10:34:30,851 INFO  server.RaftServerConfigKeys (ConfUtils.java:logGet(43)) - raft.server.log.appender.buffer.byte-limit = 33554432 (custom)
2019-06-18 10:34:30,851 INFO  server.RaftServerConfigKeys (ConfUtils.java:logGet(43)) - raft.server.log.segment.size.max = 16384 (custom)
2019-06-18 10:34:30,851 INFO  server.RaftServerConfigKeys (ConfUtils.java:logGet(43)) - raft.server.log.segment.cache.num.max = 2 (custom)
2019-06-18 10:34:30,852 INFO  storage.RaftLogWorker (RaftLogWorker.java:<init>(123)) - new f3ae20ad-8983-4ef7-8eff-7dc300e40c53-RaftLogWorker for Storage Directory /opt/src/hadoop-ozone/tools/target/test-dir/MiniOzoneClusterImpl-3b315d66-9ced-4c03-8adf-31133961d564/datanode-0/data/ratis/d03e1b14-6516-44e4-ae76-ef91af8d74d0
2019-06-18 10:34:30,852 INFO  server.RaftServerConfigKeys (ConfUtils.java:logGet(43)) - raft.server.log.queue.byte-limit = 2147483647 (custom)
2019-06-18 10:34:30,852 INFO  server.RaftServerConfigKeys (ConfUtils.java:logGet(43)) - raft.server.log.queue.element-limit = 1024 (custom)
2019-06-18 10:34:30,852 INFO  server.RaftServerConfigKeys (ConfUtils.java:logGet(43)) - raft.server.log.segment.size.max = 16384 (custom)
2019-06-18 10:34:30,854 INFO  server.RaftServerConfigKeys (ConfUtils.java:logGet(43)) - raft.server.log.preallocated.size = 16384 (custom)
2019-06-18 10:34:30,854 INFO  server.RaftServerConfigKeys (ConfUtils.java:logGet(43)) - raft.server.log.write.buffer.size = 33554432 (custom)
2019-06-18 10:34:30,854 INFO  server.RaftServerConfigKeys (ConfUtils.java:logGet(43)) - raft.server.log.force.sync.num = 128 (default)
2019-06-18 10:34:30,854 INFO  server.RaftServerConfigKeys (ConfUtils.java:logGet(43)) - raft.server.log.statemachine.data.sync = true (default)
2019-06-18 10:34:30,855 INFO  server.RaftServerConfigKeys (ConfUtils.java:logGet(43)) - raft.server.log.statemachine.data.sync.timeout = 10s (default)
2019-06-18 10:34:30,855 INFO  server.RaftServerConfigKeys (ConfUtils.java:logGet(43)) - raft.server.log.statemachine.data.sync.timeout.retry = -1 (default)
2019-06-18 10:34:30,855 INFO  server.RaftServerConfigKeys (ConfUtils.java:logGet(43)) - raft.server.log.statemachine.data.caching.enabled = true (custom)
2019-06-18 10:34:30,855 INFO  server.RaftServerConfigKeys (ConfUtils.java:logGet(43)) - raft.server.snapshot.auto.trigger.enabled = true (custom)
2019-06-18 10:34:30,855 INFO  server.RaftServerConfigKeys (ConfUtils.java:logGet(43)) - raft.server.snapshot.auto.trigger.threshold = 10000 (custom)
2019-06-18 10:34:30,855 INFO  storage.RaftStorageDirectory (RaftStorageDirectory.java:tryLock(328)) - Lock on /opt/src/hadoop-ozone/tools/target/test-dir/MiniOzoneClusterImpl-3b315d66-9ced-4c03-8adf-31133961d564/datanode-1/data/ratis/d03e1b14-6516-44e4-ae76-ef91af8d74d0/in_use.lock acquired by nodename 18252@ozone-unit-076618677d372z9n-3564682807
2019-06-18 10:34:30,855 INFO  server.RaftServerConfigKeys (ConfUtils.java:logGet(43)) - raft.server.retrycache.expirytime = 600000ms (custom)
2019-06-18 10:34:30,856 INFO  impl.RaftServerImpl (RaftServerImpl.java:start(173)) - f3ae20ad-8983-4ef7-8eff-7dc300e40c53: start group-EF91AF8D74D0
2019-06-18 10:34:30,856 INFO  impl.RaftServerImpl (RaftServerImpl.java:setRole(164)) - f3ae20ad-8983-4ef7-8eff-7dc300e40c53:group-EF91AF8D74D0 changes role from null to FOLLOWER at term 0 for startAsFollower
2019-06-18 10:34:30,860 INFO  impl.RoleInfo (RoleInfo.java:updateAndGet(143)) - f3ae20ad-8983-4ef7-8eff-7dc300e40c53: start FollowerState
2019-06-18 10:34:30,860 INFO  storage.RaftStorage (RaftStorage.java:format(75)) - Storage directory /opt/src/hadoop-ozone/tools/target/test-dir/MiniOzoneClusterImpl-3b315d66-9ced-4c03-8adf-31133961d564/datanode-1/data/ratis/d03e1b14-6516-44e4-ae76-ef91af8d74d0 has been successfully formatted.
2019-06-18 10:34:30,860 INFO  ratis.ContainerStateMachine (ContainerStateMachine.java:loadSnapshot(199)) - The snapshot info is null.Setting the last applied index to:(t:0, i:~)
2019-06-18 10:34:30,860 INFO  server.RaftServerConfigKeys (ConfUtils.java:logGet(43)) - raft.server.leader.election.timeout = 120s (custom)
2019-06-18 10:34:30,860 INFO  server.RaftServerConfigKeys (ConfUtils.java:logGet(43)) - raft.server.log.use.memory = false (default)
2019-06-18 10:34:30,861 INFO  server.RaftServerConfigKeys (ConfUtils.java:logGet(43)) - raft.server.log.appender.buffer.byte-limit = 33554432 (custom)
2019-06-18 10:34:30,861 INFO  server.RaftServerConfigKeys (ConfUtils.java:logGet(43)) - raft.server.log.segment.size.max = 16384 (custom)
2019-06-18 10:34:30,861 INFO  server.RaftServerConfigKeys (ConfUtils.java:logGet(43)) - raft.server.log.segment.cache.num.max = 2 (custom)
2019-06-18 10:34:30,861 INFO  storage.RaftLogWorker (RaftLogWorker.java:<init>(123)) - new c9997d1c-dc71-481e-b72e-9b78d631aee5-RaftLogWorker for Storage Directory /opt/src/hadoop-ozone/tools/target/test-dir/MiniOzoneClusterImpl-3b315d66-9ced-4c03-8adf-31133961d564/datanode-1/data/ratis/d03e1b14-6516-44e4-ae76-ef91af8d74d0
2019-06-18 10:34:30,860 INFO  util.JmxRegister (JmxRegister.java:tryRegister(44)) - Successfully registered JMX Bean with object name Ratis:service=RaftServer,group=group-EF91AF8D74D0,id=f3ae20ad-8983-4ef7-8eff-7dc300e40c53
2019-06-18 10:34:30,861 INFO  server.RaftServerConfigKeys (ConfUtils.java:logGet(43)) - raft.server.log.queue.byte-limit = 2147483647 (custom)
2019-06-18 10:34:30,862 INFO  server.RaftServerConfigKeys (ConfUtils.java:logGet(43)) - raft.server.log.queue.element-limit = 1024 (custom)
2019-06-18 10:34:30,862 INFO  server.RaftServerConfigKeys (ConfUtils.java:logGet(43)) - raft.server.log.segment.size.max = 16384 (custom)
2019-06-18 10:34:30,862 INFO  server.RaftServerConfigKeys (ConfUtils.java:logGet(43)) - raft.server.log.preallocated.size = 16384 (custom)
2019-06-18 10:34:30,862 INFO  server.RaftServerConfigKeys (ConfUtils.java:logGet(43)) - raft.server.log.write.buffer.size = 33554432 (custom)
2019-06-18 10:34:30,862 INFO  server.RaftServerConfigKeys (ConfUtils.java:logGet(43)) - raft.server.log.force.sync.num = 128 (default)
2019-06-18 10:34:30,862 INFO  server.RaftServerConfigKeys (ConfUtils.java:logGet(43)) - raft.server.log.statemachine.data.sync = true (default)
2019-06-18 10:34:30,863 INFO  server.RaftServerConfigKeys (ConfUtils.java:logGet(43)) - raft.server.log.statemachine.data.sync.timeout = 10s (default)
2019-06-18 10:34:30,863 INFO  server.RaftServerConfigKeys (ConfUtils.java:logGet(43)) - raft.server.log.statemachine.data.sync.timeout.retry = -1 (default)
2019-06-18 10:34:30,863 INFO  server.RaftServerConfigKeys (ConfUtils.java:logGet(43)) - raft.server.log.statemachine.data.caching.enabled = true (custom)
2019-06-18 10:34:30,867 INFO  server.RaftServerConfigKeys (ConfUtils.java:logGet(43)) - raft.server.snapshot.auto.trigger.enabled = true (custom)
2019-06-18 10:34:30,867 INFO  server.RaftServerConfigKeys (ConfUtils.java:logGet(43)) - raft.server.snapshot.auto.trigger.threshold = 10000 (custom)
2019-06-18 10:34:30,867 INFO  server.RaftServerConfigKeys (ConfUtils.java:logGet(43)) - raft.server.retrycache.expirytime = 600000ms (custom)
2019-06-18 10:34:30,867 INFO  impl.RaftServerImpl (RaftServerImpl.java:start(173)) - c9997d1c-dc71-481e-b72e-9b78d631aee5: start group-EF91AF8D74D0
2019-06-18 10:34:30,867 INFO  impl.RaftServerImpl (RaftServerImpl.java:setRole(164)) - c9997d1c-dc71-481e-b72e-9b78d631aee5:group-EF91AF8D74D0 changes role from null to FOLLOWER at term 0 for startAsFollower
2019-06-18 10:34:30,868 INFO  impl.RoleInfo (RoleInfo.java:updateAndGet(143)) - c9997d1c-dc71-481e-b72e-9b78d631aee5: start FollowerState
2019-06-18 10:34:30,868 INFO  util.JmxRegister (JmxRegister.java:tryRegister(44)) - Successfully registered JMX Bean with object name Ratis:service=RaftServer,group=group-EF91AF8D74D0,id=c9997d1c-dc71-481e-b72e-9b78d631aee5
2019-06-18 10:34:30,888 INFO  pipeline.PipelineStateManager (PipelineStateManager.java:addPipeline(56)) - Created pipeline Pipeline[ Id: d03e1b14-6516-44e4-ae76-ef91af8d74d0, Nodes: c9997d1c-dc71-481e-b72e-9b78d631aee5{ip: 192.168.46.6, host: ozone-unit-076618677d372z9n-3564682807, networkLocation: /default-rack, certSerialId: null}35ca8ec5-d55d-4221-9238-64d87b8e36f4{ip: 192.168.46.6, host: ozone-unit-076618677d372z9n-3564682807, networkLocation: /default-rack, certSerialId: null}f3ae20ad-8983-4ef7-8eff-7dc300e40c53{ip: 192.168.46.6, host: ozone-unit-076618677d372z9n-3564682807, networkLocation: /default-rack, certSerialId: null}, Type:RATIS, Factor:THREE, State:OPEN]
2019-06-18 10:34:31,482 INFO  impl.FollowerState (FollowerState.java:run(101)) - f3ae20ad-8983-4ef7-8eff-7dc300e40c53:group-2AC1659CDF2E changes to CANDIDATE, lastRpcTime:1072, electionTimeout:1072ms
2019-06-18 10:34:31,483 INFO  impl.RoleInfo (RoleInfo.java:shutdownFollowerState(121)) - f3ae20ad-8983-4ef7-8eff-7dc300e40c53: shutdown FollowerState
2019-06-18 10:34:31,483 INFO  impl.RaftServerImpl (RaftServerImpl.java:setRole(164)) - f3ae20ad-8983-4ef7-8eff-7dc300e40c53:group-2AC1659CDF2E changes role from FOLLOWER to CANDIDATE at term 0 for changeToCandidate
2019-06-18 10:34:31,486 INFO  impl.RoleInfo (RoleInfo.java:updateAndGet(143)) - f3ae20ad-8983-4ef7-8eff-7dc300e40c53: start LeaderElection
2019-06-18 10:34:31,492 INFO  impl.LeaderElection (LeaderElection.java:askForVotes(181)) - f3ae20ad-8983-4ef7-8eff-7dc300e40c53:group-2AC1659CDF2E:LeaderElection1: begin an election at term 1 for -1: [f3ae20ad-8983-4ef7-8eff-7dc300e40c53:192.168.46.6:35385], old=null
2019-06-18 10:34:31,494 INFO  impl.RoleInfo (RoleInfo.java:shutdownLeaderElection(134)) - f3ae20ad-8983-4ef7-8eff-7dc300e40c53: shutdown LeaderElection
2019-06-18 10:34:31,494 INFO  impl.RaftServerImpl (RaftServerImpl.java:setRole(164)) - f3ae20ad-8983-4ef7-8eff-7dc300e40c53:group-2AC1659CDF2E changes role from CANDIDATE to LEADER at term 1 for changeToLeader
2019-06-18 10:34:31,494 INFO  impl.RaftServerImpl (ServerState.java:setLeader(263)) - f3ae20ad-8983-4ef7-8eff-7dc300e40c53:group-2AC1659CDF2E change Leader from null to f3ae20ad-8983-4ef7-8eff-7dc300e40c53 at term 1 for becomeLeader, leader elected after 1159ms
2019-06-18 10:34:31,499 INFO  server.RaftServerConfigKeys (ConfUtils.java:logGet(43)) - raft.server.staging.catchup.gap = 1000 (default)
2019-06-18 10:34:31,499 INFO  server.RaftServerConfigKeys (ConfUtils.java:logGet(43)) - raft.server.rpc.sleep.time = 25ms (default)
2019-06-18 10:34:31,502 INFO  server.RaftServerConfigKeys (ConfUtils.java:logGet(43)) - raft.server.watch.timeout = 10s (default)
2019-06-18 10:34:31,502 INFO  server.RaftServerConfigKeys (ConfUtils.java:logGet(43)) - raft.server.watch.timeout.denomination = 1s (default)
2019-06-18 10:34:31,508 INFO  impl.RoleInfo (RoleInfo.java:updateAndGet(143)) - f3ae20ad-8983-4ef7-8eff-7dc300e40c53: start LeaderState
2019-06-18 10:34:31,524 INFO  storage.RaftLogWorker (RaftLogWorker.java:startLogSegment(298)) - f3ae20ad-8983-4ef7-8eff-7dc300e40c53-RaftLogWorker: Starting segment from index:0
2019-06-18 10:34:31,531 INFO  impl.RaftServerImpl (ServerState.java:setRaftConf(361)) - f3ae20ad-8983-4ef7-8eff-7dc300e40c53:group-2AC1659CDF2E set configuration 0: [f3ae20ad-8983-4ef7-8eff-7dc300e40c53:192.168.46.6:35385], old=null at 0
2019-06-18 10:34:31,671 INFO  ozone.MiniOzoneClusterImpl (MiniOzoneClusterImpl.java:lambda$waitForClusterToBeReady$0(142)) - Cluster is ready. Got 3 of 3 DN Heartbeats.
2019-06-18 10:34:31,696 INFO  storage.RaftLogWorker (RaftLogWorker.java:execute(469)) - f3ae20ad-8983-4ef7-8eff-7dc300e40c53-RaftLogWorker: created new log segment /opt/src/hadoop-ozone/tools/target/test-dir/MiniOzoneClusterImpl-3b315d66-9ced-4c03-8adf-31133961d564/datanode-0/data/ratis/03355dc3-e113-47ad-8870-2ac1659cdf2e/current/log_inprogress_0
2019-06-18 10:34:31,810 INFO  impl.FollowerState (FollowerState.java:run(101)) - c9997d1c-dc71-481e-b72e-9b78d631aee5:group-FE5027DEA2B3 changes to CANDIDATE, lastRpcTime:1058, electionTimeout:1057ms
2019-06-18 10:34:31,811 INFO  impl.RoleInfo (RoleInfo.java:shutdownFollowerState(121)) - c9997d1c-dc71-481e-b72e-9b78d631aee5: shutdown FollowerState
2019-06-18 10:34:31,811 INFO  impl.RaftServerImpl (RaftServerImpl.java:setRole(164)) - c9997d1c-dc71-481e-b72e-9b78d631aee5:group-FE5027DEA2B3 changes role from FOLLOWER to CANDIDATE at term 0 for changeToCandidate
2019-06-18 10:34:31,811 INFO  impl.RoleInfo (RoleInfo.java:updateAndGet(143)) - c9997d1c-dc71-481e-b72e-9b78d631aee5: start LeaderElection
2019-06-18 10:34:31,822 INFO  impl.LeaderElection (LeaderElection.java:askForVotes(181)) - c9997d1c-dc71-481e-b72e-9b78d631aee5:group-FE5027DEA2B3:LeaderElection2: begin an election at term 1 for -1: [c9997d1c-dc71-481e-b72e-9b78d631aee5:192.168.46.6:38487], old=null
2019-06-18 10:34:31,823 INFO  impl.RoleInfo (RoleInfo.java:shutdownLeaderElection(134)) - c9997d1c-dc71-481e-b72e-9b78d631aee5: shutdown LeaderElection
2019-06-18 10:34:31,823 INFO  impl.RaftServerImpl (RaftServerImpl.java:setRole(164)) - c9997d1c-dc71-481e-b72e-9b78d631aee5:group-FE5027DEA2B3 changes role from CANDIDATE to LEADER at term 1 for changeToLeader
2019-06-18 10:34:31,824 INFO  impl.RaftServerImpl (ServerState.java:setLeader(263)) - c9997d1c-dc71-481e-b72e-9b78d631aee5:group-FE5027DEA2B3 change Leader from null to c9997d1c-dc71-481e-b72e-9b78d631aee5 at term 1 for becomeLeader, leader elected after 1077ms
2019-06-18 10:34:31,824 INFO  server.RaftServerConfigKeys (ConfUtils.java:logGet(43)) - raft.server.staging.catchup.gap = 1000 (default)
2019-06-18 10:34:31,824 INFO  server.RaftServerConfigKeys (ConfUtils.java:logGet(43)) - raft.server.rpc.sleep.time = 25ms (default)
2019-06-18 10:34:31,824 INFO  server.RaftServerConfigKeys (ConfUtils.java:logGet(43)) - raft.server.watch.timeout = 10s (default)
2019-06-18 10:34:31,824 INFO  server.RaftServerConfigKeys (ConfUtils.java:logGet(43)) - raft.server.watch.timeout.denomination = 1s (default)
2019-06-18 10:34:31,825 INFO  impl.RoleInfo (RoleInfo.java:updateAndGet(143)) - c9997d1c-dc71-481e-b72e-9b78d631aee5: start LeaderState
2019-06-18 10:34:31,825 INFO  storage.RaftLogWorker (RaftLogWorker.java:startLogSegment(298)) - c9997d1c-dc71-481e-b72e-9b78d631aee5-RaftLogWorker: Starting segment from index:0
2019-06-18 10:34:31,827 INFO  impl.RaftServerImpl (ServerState.java:setRaftConf(361)) - c9997d1c-dc71-481e-b72e-9b78d631aee5:group-FE5027DEA2B3 set configuration 0: [c9997d1c-dc71-481e-b72e-9b78d631aee5:192.168.46.6:38487], old=null at 0
2019-06-18 10:34:31,870 INFO  storage.RaftLogWorker (RaftLogWorker.java:execute(469)) - c9997d1c-dc71-481e-b72e-9b78d631aee5-RaftLogWorker: created new log segment /opt/src/hadoop-ozone/tools/target/test-dir/MiniOzoneClusterImpl-3b315d66-9ced-4c03-8adf-31133961d564/datanode-1/data/ratis/d8d21ee0-34a2-4948-8e40-fe5027dea2b3/current/log_inprogress_0
2019-06-18 10:34:31,925 INFO  impl.FollowerState (FollowerState.java:run(101)) - 35ca8ec5-d55d-4221-9238-64d87b8e36f4:group-D05174F7A7B7 changes to CANDIDATE, lastRpcTime:1132, electionTimeout:1132ms
2019-06-18 10:34:31,925 INFO  impl.FollowerState (FollowerState.java:run(101)) - f3ae20ad-8983-4ef7-8eff-7dc300e40c53:group-EF91AF8D74D0 changes to CANDIDATE, lastRpcTime:1065, electionTimeout:1063ms
2019-06-18 10:34:31,925 INFO  impl.RoleInfo (RoleInfo.java:shutdownFollowerState(121)) - 35ca8ec5-d55d-4221-9238-64d87b8e36f4: shutdown FollowerState
2019-06-18 10:34:31,926 INFO  impl.RoleInfo (RoleInfo.java:shutdownFollowerState(121)) - f3ae20ad-8983-4ef7-8eff-7dc300e40c53: shutdown FollowerState
2019-06-18 10:34:31,926 INFO  impl.RaftServerImpl (RaftServerImpl.java:setRole(164)) - 35ca8ec5-d55d-4221-9238-64d87b8e36f4:group-D05174F7A7B7 changes role from FOLLOWER to CANDIDATE at term 0 for changeToCandidate
2019-06-18 10:34:31,926 INFO  impl.RaftServerImpl (RaftServerImpl.java:setRole(164)) - f3ae20ad-8983-4ef7-8eff-7dc300e40c53:group-EF91AF8D74D0 changes role from FOLLOWER to CANDIDATE at term 0 for changeToCandidate
2019-06-18 10:34:31,926 INFO  impl.RoleInfo (RoleInfo.java:updateAndGet(143)) - 35ca8ec5-d55d-4221-9238-64d87b8e36f4: start LeaderElection
2019-06-18 10:34:31,926 INFO  impl.RoleInfo (RoleInfo.java:updateAndGet(143)) - f3ae20ad-8983-4ef7-8eff-7dc300e40c53: start LeaderElection
2019-06-18 10:34:31,956 INFO  impl.LeaderElection (LeaderElection.java:askForVotes(181)) - 35ca8ec5-d55d-4221-9238-64d87b8e36f4:group-D05174F7A7B7:LeaderElection3: begin an election at term 1 for -1: [35ca8ec5-d55d-4221-9238-64d87b8e36f4:192.168.46.6:46361], old=null
2019-06-18 10:34:31,956 INFO  impl.RoleInfo (RoleInfo.java:shutdownLeaderElection(134)) - 35ca8ec5-d55d-4221-9238-64d87b8e36f4: shutdown LeaderElection
2019-06-18 10:34:31,956 INFO  impl.RaftServerImpl (RaftServerImpl.java:setRole(164)) - 35ca8ec5-d55d-4221-9238-64d87b8e36f4:group-D05174F7A7B7 changes role from CANDIDATE to LEADER at term 1 for changeToLeader
2019-06-18 10:34:31,956 INFO  impl.RaftServerImpl (ServerState.java:setLeader(263)) - 35ca8ec5-d55d-4221-9238-64d87b8e36f4:group-D05174F7A7B7 change Leader from null to 35ca8ec5-d55d-4221-9238-64d87b8e36f4 at term 1 for becomeLeader, leader elected after 1167ms
2019-06-18 10:34:31,956 INFO  server.RaftServerConfigKeys (ConfUtils.java:logGet(43)) - raft.server.staging.catchup.gap = 1000 (default)
2019-06-18 10:34:31,957 INFO  server.RaftServerConfigKeys (ConfUtils.java:logGet(43)) - raft.server.rpc.sleep.time = 25ms (default)
2019-06-18 10:34:31,957 INFO  server.RaftServerConfigKeys (ConfUtils.java:logGet(43)) - raft.server.watch.timeout = 10s (default)
2019-06-18 10:34:31,957 INFO  server.RaftServerConfigKeys (ConfUtils.java:logGet(43)) - raft.server.watch.timeout.denomination = 1s (default)
2019-06-18 10:34:31,957 INFO  impl.RoleInfo (RoleInfo.java:updateAndGet(143)) - 35ca8ec5-d55d-4221-9238-64d87b8e36f4: start LeaderState
2019-06-18 10:34:31,957 INFO  storage.RaftLogWorker (RaftLogWorker.java:startLogSegment(298)) - 35ca8ec5-d55d-4221-9238-64d87b8e36f4-RaftLogWorker: Starting segment from index:0
2019-06-18 10:34:31,958 INFO  impl.LeaderElection (LeaderElection.java:askForVotes(181)) - f3ae20ad-8983-4ef7-8eff-7dc300e40c53:group-EF91AF8D74D0:LeaderElection4: begin an election at term 1 for -1: [35ca8ec5-d55d-4221-9238-64d87b8e36f4:192.168.46.6:46361, f3ae20ad-8983-4ef7-8eff-7dc300e40c53:192.168.46.6:35385, c9997d1c-dc71-481e-b72e-9b78d631aee5:192.168.46.6:38487], old=null
2019-06-18 10:34:31,960 INFO  impl.FollowerState (FollowerState.java:run(101)) - 35ca8ec5-d55d-4221-9238-64d87b8e36f4:group-EF91AF8D74D0 changes to CANDIDATE, lastRpcTime:1110, electionTimeout:1110ms
2019-06-18 10:34:31,960 INFO  impl.RoleInfo (RoleInfo.java:shutdownFollowerState(121)) - 35ca8ec5-d55d-4221-9238-64d87b8e36f4: shutdown FollowerState
2019-06-18 10:34:31,960 INFO  impl.RaftServerImpl (RaftServerImpl.java:setRole(164)) - 35ca8ec5-d55d-4221-9238-64d87b8e36f4:group-EF91AF8D74D0 changes role from FOLLOWER to CANDIDATE at term 0 for changeToCandidate
2019-06-18 10:34:31,961 INFO  impl.RoleInfo (RoleInfo.java:updateAndGet(143)) - 35ca8ec5-d55d-4221-9238-64d87b8e36f4: start LeaderElection
2019-06-18 10:34:31,961 INFO  impl.FollowerState (FollowerState.java:run(101)) - c9997d1c-dc71-481e-b72e-9b78d631aee5:group-EF91AF8D74D0 changes to CANDIDATE, lastRpcTime:1093, electionTimeout:1091ms
2019-06-18 10:34:31,961 INFO  impl.RaftServerImpl (ServerState.java:setRaftConf(361)) - 35ca8ec5-d55d-4221-9238-64d87b8e36f4:group-D05174F7A7B7 set configuration 0: [35ca8ec5-d55d-4221-9238-64d87b8e36f4:192.168.46.6:46361], old=null at 0
2019-06-18 10:34:31,961 INFO  impl.RoleInfo (RoleInfo.java:shutdownFollowerState(121)) - c9997d1c-dc71-481e-b72e-9b78d631aee5: shutdown FollowerState
2019-06-18 10:34:31,961 INFO  impl.RaftServerImpl (RaftServerImpl.java:setRole(164)) - c9997d1c-dc71-481e-b72e-9b78d631aee5:group-EF91AF8D74D0 changes role from FOLLOWER to CANDIDATE at term 0 for changeToCandidate
2019-06-18 10:34:31,962 INFO  impl.RoleInfo (RoleInfo.java:updateAndGet(143)) - c9997d1c-dc71-481e-b72e-9b78d631aee5: start LeaderElection
2019-06-18 10:34:32,017 INFO  impl.LeaderElection (LeaderElection.java:askForVotes(181)) - 35ca8ec5-d55d-4221-9238-64d87b8e36f4:group-EF91AF8D74D0:LeaderElection5: begin an election at term 1 for -1: [35ca8ec5-d55d-4221-9238-64d87b8e36f4:192.168.46.6:46361, f3ae20ad-8983-4ef7-8eff-7dc300e40c53:192.168.46.6:35385, c9997d1c-dc71-481e-b72e-9b78d631aee5:192.168.46.6:38487], old=null
2019-06-18 10:34:32,023 INFO  impl.LeaderElection (LeaderElection.java:askForVotes(181)) - c9997d1c-dc71-481e-b72e-9b78d631aee5:group-EF91AF8D74D0:LeaderElection6: begin an election at term 1 for -1: [35ca8ec5-d55d-4221-9238-64d87b8e36f4:192.168.46.6:46361, f3ae20ad-8983-4ef7-8eff-7dc300e40c53:192.168.46.6:35385, c9997d1c-dc71-481e-b72e-9b78d631aee5:192.168.46.6:38487], old=null
2019-06-18 10:34:32,025 INFO  storage.RaftLogWorker (RaftLogWorker.java:execute(469)) - 35ca8ec5-d55d-4221-9238-64d87b8e36f4-RaftLogWorker: created new log segment /opt/src/hadoop-ozone/tools/target/test-dir/MiniOzoneClusterImpl-3b315d66-9ced-4c03-8adf-31133961d564/datanode-2/data/ratis/710e9ebf-ee5b-4faa-9c5d-d05174f7a7b7/current/log_inprogress_0
2019-06-18 10:34:32,109 INFO  impl.LeaderElection (LeaderElection.java:logAndReturn(56)) - f3ae20ad-8983-4ef7-8eff-7dc300e40c53:group-EF91AF8D74D0:LeaderElection4: Election REJECTED; received 2 response(s) [f3ae20ad-8983-4ef7-8eff-7dc300e40c53->35ca8ec5-d55d-4221-9238-64d87b8e36f4,false-t1, f3ae20ad-8983-4ef7-8eff-7dc300e40c53->c9997d1c-dc71-481e-b72e-9b78d631aee5,false-t1] and 0 exception(s); f3ae20ad-8983-4ef7-8eff-7dc300e40c53:t1, leader=null, voted=f3ae20ad-8983-4ef7-8eff-7dc300e40c53, raftlog=f3ae20ad-8983-4ef7-8eff-7dc300e40c53-SegmentedRaftLog:OPENED:c-1,f-1,i0, conf=-1: [35ca8ec5-d55d-4221-9238-64d87b8e36f4:192.168.46.6:46361, f3ae20ad-8983-4ef7-8eff-7dc300e40c53:192.168.46.6:35385, c9997d1c-dc71-481e-b72e-9b78d631aee5:192.168.46.6:38487], old=null
2019-06-18 10:34:32,110 INFO  impl.LeaderElection (LeaderElection.java:logAndReturn(56)) - 35ca8ec5-d55d-4221-9238-64d87b8e36f4:group-EF91AF8D74D0:LeaderElection5: Election REJECTED; received 2 response(s) [35ca8ec5-d55d-4221-9238-64d87b8e36f4->f3ae20ad-8983-4ef7-8eff-7dc300e40c53,false-t1, 35ca8ec5-d55d-4221-9238-64d87b8e36f4->c9997d1c-dc71-481e-b72e-9b78d631aee5,false-t1] and 0 exception(s); 35ca8ec5-d55d-4221-9238-64d87b8e36f4:t1, leader=null, voted=35ca8ec5-d55d-4221-9238-64d87b8e36f4, raftlog=35ca8ec5-d55d-4221-9238-64d87b8e36f4-SegmentedRaftLog:OPENED:c-1,f-1,i0, conf=-1: [35ca8ec5-d55d-4221-9238-64d87b8e36f4:192.168.46.6:46361, f3ae20ad-8983-4ef7-8eff-7dc300e40c53:192.168.46.6:35385, c9997d1c-dc71-481e-b72e-9b78d631aee5:192.168.46.6:38487], old=null
2019-06-18 10:34:32,110 INFO  impl.RaftServerImpl (RaftServerImpl.java:setRole(164)) - 35ca8ec5-d55d-4221-9238-64d87b8e36f4:group-EF91AF8D74D0 changes role from CANDIDATE to FOLLOWER at term 1 for DISCOVERED_A_NEW_TERM
2019-06-18 10:34:32,110 INFO  impl.RaftServerImpl (RaftServerImpl.java:setRole(164)) - f3ae20ad-8983-4ef7-8eff-7dc300e40c53:group-EF91AF8D74D0 changes role from CANDIDATE to FOLLOWER at term 1 for DISCOVERED_A_NEW_TERM
2019-06-18 10:34:32,110 INFO  impl.LeaderElection (LeaderElection.java:logAndReturn(56)) - c9997d1c-dc71-481e-b72e-9b78d631aee5:group-EF91AF8D74D0:LeaderElection6: Election REJECTED; received 2 response(s) [c9997d1c-dc71-481e-b72e-9b78d631aee5->35ca8ec5-d55d-4221-9238-64d87b8e36f4,false-t1, c9997d1c-dc71-481e-b72e-9b78d631aee5->f3ae20ad-8983-4ef7-8eff-7dc300e40c53,false-t1] and 0 exception(s); c9997d1c-dc71-481e-b72e-9b78d631aee5:t1, leader=null, voted=c9997d1c-dc71-481e-b72e-9b78d631aee5, raftlog=c9997d1c-dc71-481e-b72e-9b78d631aee5-SegmentedRaftLog:OPENED:c-1,f-1,i0, conf=-1: [35ca8ec5-d55d-4221-9238-64d87b8e36f4:192.168.46.6:46361, f3ae20ad-8983-4ef7-8eff-7dc300e40c53:192.168.46.6:35385, c9997d1c-dc71-481e-b72e-9b78d631aee5:192.168.46.6:38487], old=null
2019-06-18 10:34:32,113 INFO  impl.RaftServerImpl (RaftServerImpl.java:setRole(164)) - c9997d1c-dc71-481e-b72e-9b78d631aee5:group-EF91AF8D74D0 changes role from CANDIDATE to FOLLOWER at term 1 for DISCOVERED_A_NEW_TERM
2019-06-18 10:34:32,114 INFO  impl.RoleInfo (RoleInfo.java:shutdownLeaderElection(134)) - c9997d1c-dc71-481e-b72e-9b78d631aee5: shutdown LeaderElection
2019-06-18 10:34:32,114 INFO  impl.RoleInfo (RoleInfo.java:updateAndGet(143)) - c9997d1c-dc71-481e-b72e-9b78d631aee5: start FollowerState
2019-06-18 10:34:32,110 INFO  impl.RoleInfo (RoleInfo.java:shutdownLeaderElection(134)) - 35ca8ec5-d55d-4221-9238-64d87b8e36f4: shutdown LeaderElection
2019-06-18 10:34:32,111 INFO  impl.RoleInfo (RoleInfo.java:shutdownLeaderElection(134)) - f3ae20ad-8983-4ef7-8eff-7dc300e40c53: shutdown LeaderElection
2019-06-18 10:34:32,115 INFO  impl.RoleInfo (RoleInfo.java:updateAndGet(143)) - 35ca8ec5-d55d-4221-9238-64d87b8e36f4: start FollowerState
2019-06-18 10:34:32,115 INFO  impl.RoleInfo (RoleInfo.java:updateAndGet(143)) - f3ae20ad-8983-4ef7-8eff-7dc300e40c53: start FollowerState
2019-06-18 10:34:32,178 INFO  freon.RandomKeyGenerator (RandomKeyGenerator.java:call(261)) - Number of Threads: 10
2019-06-18 10:34:32,178 INFO  freon.RandomKeyGenerator (RandomKeyGenerator.java:call(267)) - Number of Volumes: 1.
2019-06-18 10:34:32,179 INFO  freon.RandomKeyGenerator (RandomKeyGenerator.java:call(268)) - Number of Buckets per Volume: 1.
2019-06-18 10:34:32,179 INFO  freon.RandomKeyGenerator (RandomKeyGenerator.java:call(269)) - Number of Keys per Bucket: 1.
2019-06-18 10:34:32,179 INFO  freon.RandomKeyGenerator (RandomKeyGenerator.java:call(270)) - Key size: 20971520 bytes
2019-06-18 10:34:32,179 INFO  freon.RandomKeyGenerator (RandomKeyGenerator.java:call(271)) - Buffer size: 4096 bytes
2019-06-18 10:34:32,182 INFO  freon.RandomKeyGenerator (RandomKeyGenerator.java:call(287)) - Data validation is enabled.
2019-06-18 10:34:32,183 INFO  freon.RandomKeyGenerator (RandomKeyGenerator.java:call(300)) - Starting progress bar Thread.

 0.00% |█                                                                                                    |  0/1 Time: 0:00:002019-06-18 10:34:32,210 INFO  rpc.RpcClient (RpcClient.java:createVolume(289)) - Creating Volume: vol-0-49016, with jenkins1000 as owner.
2019-06-18 10:34:32,247 INFO  rpc.RpcClient (RpcClient.java:createBucket(426)) - Creating Bucket: vol-0-49016/bucket-0-61779, with Versioning false and Storage Type set to DISK and Encryption set to false 
2019-06-18 10:34:32,518 INFO  client.GrpcClientProtocolClient (GrpcClientProtocolClient.java:onNext(254)) - client-5B7EE9B41B78->c9997d1c-dc71-481e-b72e-9b78d631aee5: receive RaftClientReply:client-5B7EE9B41B78->c9997d1c-dc71-481e-b72e-9b78d631aee5@group-EF91AF8D74D0, cid=6, FAILED org.apache.ratis.protocol.NotLeaderException: Server c9997d1c-dc71-481e-b72e-9b78d631aee5 is not the leader (35ca8ec5-d55d-4221-9238-64d87b8e36f4:192.168.46.6:46361). Request must be sent to leader., logIndex=0, commits[c9997d1c-dc71-481e-b72e-9b78d631aee5:c-1]
2019-06-18 10:34:32,527 WARN  client.GrpcClientProtocolService (LogUtils.java:warn(134)) - 0-OrderedRequestStreamObserver0: onError: org.apache.ratis.thirdparty.io.grpc.StatusRuntimeException: CANCELLED: cancelled before receiving half close
2019-06-18 10:34:33,163 INFO  impl.FollowerState (FollowerState.java:run(101)) - c9997d1c-dc71-481e-b72e-9b78d631aee5:group-EF91AF8D74D0 changes to CANDIDATE, lastRpcTime:1048, electionTimeout:1037ms
2019-06-18 10:34:33,164 INFO  impl.RoleInfo (RoleInfo.java:shutdownFollowerState(121)) - c9997d1c-dc71-481e-b72e-9b78d631aee5: shutdown FollowerState
2019-06-18 10:34:33,164 INFO  impl.RaftServerImpl (RaftServerImpl.java:setRole(164)) - c9997d1c-dc71-481e-b72e-9b78d631aee5:group-EF91AF8D74D0 changes role from FOLLOWER to CANDIDATE at term 1 for changeToCandidate
2019-06-18 10:34:33,164 INFO  impl.RoleInfo (RoleInfo.java:updateAndGet(143)) - c9997d1c-dc71-481e-b72e-9b78d631aee5: start LeaderElection
2019-06-18 10:34:33,169 INFO  impl.LeaderElection (LeaderElection.java:askForVotes(181)) - c9997d1c-dc71-481e-b72e-9b78d631aee5:group-EF91AF8D74D0:LeaderElection7: begin an election at term 2 for -1: [35ca8ec5-d55d-4221-9238-64d87b8e36f4:192.168.46.6:46361, f3ae20ad-8983-4ef7-8eff-7dc300e40c53:192.168.46.6:35385, c9997d1c-dc71-481e-b72e-9b78d631aee5:192.168.46.6:38487], old=null
2019-06-18 10:34:33,178 INFO  impl.RaftServerImpl (RaftServerImpl.java:setRole(164)) - 35ca8ec5-d55d-4221-9238-64d87b8e36f4:group-EF91AF8D74D0 changes role from FOLLOWER to FOLLOWER at term 2 for recognizeCandidate:c9997d1c-dc71-481e-b72e-9b78d631aee5
2019-06-18 10:34:33,178 INFO  impl.RaftServerImpl (RaftServerImpl.java:setRole(164)) - f3ae20ad-8983-4ef7-8eff-7dc300e40c53:group-EF91AF8D74D0 changes role from FOLLOWER to FOLLOWER at term 2 for recognizeCandidate:c9997d1c-dc71-481e-b72e-9b78d631aee5
2019-06-18 10:34:33,178 INFO  impl.RoleInfo (RoleInfo.java:shutdownFollowerState(121)) - f3ae20ad-8983-4ef7-8eff-7dc300e40c53: shutdown FollowerState
2019-06-18 10:34:33,179 INFO  impl.RoleInfo (RoleInfo.java:updateAndGet(143)) - f3ae20ad-8983-4ef7-8eff-7dc300e40c53: start FollowerState
2019-06-18 10:34:33,179 INFO  impl.FollowerState (FollowerState.java:run(109)) - f3ae20ad-8983-4ef7-8eff-7dc300e40c53: FollowerState was interrupted: java.lang.InterruptedException: sleep interrupted
 0.00% |█                                                                                                    |  0/1 Time: 0:00:012019-06-18 10:34:33,178 INFO  impl.RoleInfo (RoleInfo.java:shutdownFollowerState(121)) - 35ca8ec5-d55d-4221-9238-64d87b8e36f4: shutdown FollowerState
2019-06-18 10:34:33,190 INFO  impl.FollowerState (FollowerState.java:run(109)) - 35ca8ec5-d55d-4221-9238-64d87b8e36f4: FollowerState was interrupted: java.lang.InterruptedException: sleep interrupted
2019-06-18 10:34:33,190 INFO  impl.RoleInfo (RoleInfo.java:updateAndGet(143)) - 35ca8ec5-d55d-4221-9238-64d87b8e36f4: start FollowerState
2019-06-18 10:34:33,197 INFO  impl.LeaderElection (LeaderElection.java:logAndReturn(56)) - c9997d1c-dc71-481e-b72e-9b78d631aee5:group-EF91AF8D74D0:LeaderElection7: Election PASSED; received 1 response(s) [c9997d1c-dc71-481e-b72e-9b78d631aee5->f3ae20ad-8983-4ef7-8eff-7dc300e40c53,true-t2] and 0 exception(s); c9997d1c-dc71-481e-b72e-9b78d631aee5:t2, leader=null, voted=c9997d1c-dc71-481e-b72e-9b78d631aee5, raftlog=c9997d1c-dc71-481e-b72e-9b78d631aee5-SegmentedRaftLog:OPENED:c-1,f-1,i0, conf=-1: [35ca8ec5-d55d-4221-9238-64d87b8e36f4:192.168.46.6:46361, f3ae20ad-8983-4ef7-8eff-7dc300e40c53:192.168.46.6:35385, c9997d1c-dc71-481e-b72e-9b78d631aee5:192.168.46.6:38487], old=null
2019-06-18 10:34:33,197 INFO  impl.RoleInfo (RoleInfo.java:shutdownLeaderElection(134)) - c9997d1c-dc71-481e-b72e-9b78d631aee5: shutdown LeaderElection
2019-06-18 10:34:33,197 INFO  impl.RaftServerImpl (RaftServerImpl.java:setRole(164)) - c9997d1c-dc71-481e-b72e-9b78d631aee5:group-EF91AF8D74D0 changes role from CANDIDATE to LEADER at term 2 for changeToLeader
2019-06-18 10:34:33,198 INFO  impl.RaftServerImpl (ServerState.java:setLeader(263)) - c9997d1c-dc71-481e-b72e-9b78d631aee5:group-EF91AF8D74D0 change Leader from null to c9997d1c-dc71-481e-b72e-9b78d631aee5 at term 2 for becomeLeader, leader elected after 2337ms
2019-06-18 10:34:33,198 INFO  server.RaftServerConfigKeys (ConfUtils.java:logGet(43)) - raft.server.staging.catchup.gap = 1000 (default)
2019-06-18 10:34:33,198 INFO  server.RaftServerConfigKeys (ConfUtils.java:logGet(43)) - raft.server.rpc.sleep.time = 25ms (default)
2019-06-18 10:34:33,198 INFO  server.RaftServerConfigKeys (ConfUtils.java:logGet(43)) - raft.server.watch.timeout = 10s (default)
2019-06-18 10:34:33,198 INFO  server.RaftServerConfigKeys (ConfUtils.java:logGet(43)) - raft.server.watch.timeout.denomination = 1s (default)
2019-06-18 10:34:33,206 INFO  server.RaftServerConfigKeys (ConfUtils.java:logGet(43)) - raft.server.log.appender.snapshot.chunk.size.max = 16MB (=16777216) (default)
2019-06-18 10:34:33,207 INFO  server.RaftServerConfigKeys (ConfUtils.java:logGet(43)) - raft.server.log.appender.buffer.byte-limit = 33554432 (custom)
2019-06-18 10:34:33,207 INFO  server.RaftServerConfigKeys (ConfUtils.java:logGet(43)) - raft.server.log.appender.buffer.element-limit = 1 (custom)
2019-06-18 10:34:33,209 INFO  grpc.GrpcConfigKeys$Server (ConfUtils.java:logGet(43)) - raft.grpc.server.leader.outstanding.appends.max = 128 (default)
2019-06-18 10:34:33,213 INFO  server.RaftServerConfigKeys (ConfUtils.java:logGet(43)) - raft.server.rpc.request.timeout = 3000ms (default)
2019-06-18 10:34:33,214 INFO  server.RaftServerConfigKeys (ConfUtils.java:logGet(43)) - raft.server.log.appender.install.snapshot.enabled = true (default)
2019-06-18 10:34:33,214 INFO  server.RaftServerConfigKeys (ConfUtils.java:logGet(43)) - raft.server.log.appender.snapshot.chunk.size.max = 16MB (=16777216) (default)
2019-06-18 10:34:33,214 INFO  server.RaftServerConfigKeys (ConfUtils.java:logGet(43)) - raft.server.log.appender.buffer.byte-limit = 33554432 (custom)
2019-06-18 10:34:33,214 INFO  server.RaftServerConfigKeys (ConfUtils.java:logGet(43)) - raft.server.log.appender.buffer.element-limit = 1 (custom)
2019-06-18 10:34:33,215 INFO  grpc.GrpcConfigKeys$Server (ConfUtils.java:logGet(43)) - raft.grpc.server.leader.outstanding.appends.max = 128 (default)
2019-06-18 10:34:33,215 INFO  server.RaftServerConfigKeys (ConfUtils.java:logGet(43)) - raft.server.rpc.request.timeout = 3000ms (default)
2019-06-18 10:34:33,215 INFO  server.RaftServerConfigKeys (ConfUtils.java:logGet(43)) - raft.server.log.appender.install.snapshot.enabled = true (default)
2019-06-18 10:34:33,215 INFO  impl.RoleInfo (RoleInfo.java:updateAndGet(143)) - c9997d1c-dc71-481e-b72e-9b78d631aee5: start LeaderState
2019-06-18 10:34:33,215 INFO  storage.RaftLogWorker (RaftLogWorker.java:startLogSegment(298)) - c9997d1c-dc71-481e-b72e-9b78d631aee5-RaftLogWorker: Starting segment from index:0
2019-06-18 10:34:33,225 INFO  impl.RaftServerImpl (ServerState.java:setRaftConf(361)) - c9997d1c-dc71-481e-b72e-9b78d631aee5:group-EF91AF8D74D0 set configuration 0: [35ca8ec5-d55d-4221-9238-64d87b8e36f4:192.168.46.6:46361, f3ae20ad-8983-4ef7-8eff-7dc300e40c53:192.168.46.6:35385, c9997d1c-dc71-481e-b72e-9b78d631aee5:192.168.46.6:38487], old=null at 0
2019-06-18 10:34:33,249 INFO  impl.RaftServerImpl (ServerState.java:setLeader(263)) - f3ae20ad-8983-4ef7-8eff-7dc300e40c53:group-EF91AF8D74D0 change Leader from null to c9997d1c-dc71-481e-b72e-9b78d631aee5 at term 2 for appendEntries, leader elected after 2397ms
2019-06-18 10:34:33,268 INFO  impl.RaftServerImpl (ServerState.java:setLeader(263)) - 35ca8ec5-d55d-4221-9238-64d87b8e36f4:group-EF91AF8D74D0 change Leader from null to c9997d1c-dc71-481e-b72e-9b78d631aee5 at term 2 for appendEntries, leader elected after 2420ms
2019-06-18 10:34:33,270 INFO  storage.RaftLogWorker (RaftLogWorker.java:execute(469)) - c9997d1c-dc71-481e-b72e-9b78d631aee5-RaftLogWorker: created new log segment /opt/src/hadoop-ozone/tools/target/test-dir/MiniOzoneClusterImpl-3b315d66-9ced-4c03-8adf-31133961d564/datanode-1/data/ratis/d03e1b14-6516-44e4-ae76-ef91af8d74d0/current/log_inprogress_0
2019-06-18 10:34:33,295 INFO  impl.RaftServerImpl (ServerState.java:setRaftConf(361)) - 35ca8ec5-d55d-4221-9238-64d87b8e36f4:group-EF91AF8D74D0 set configuration 0: [35ca8ec5-d55d-4221-9238-64d87b8e36f4:192.168.46.6:46361, f3ae20ad-8983-4ef7-8eff-7dc300e40c53:192.168.46.6:35385, c9997d1c-dc71-481e-b72e-9b78d631aee5:192.168.46.6:38487], old=null at 0
2019-06-18 10:34:33,295 INFO  impl.RaftServerImpl (ServerState.java:setRaftConf(361)) - f3ae20ad-8983-4ef7-8eff-7dc300e40c53:group-EF91AF8D74D0 set configuration 0: [35ca8ec5-d55d-4221-9238-64d87b8e36f4:192.168.46.6:46361, f3ae20ad-8983-4ef7-8eff-7dc300e40c53:192.168.46.6:35385, c9997d1c-dc71-481e-b72e-9b78d631aee5:192.168.46.6:38487], old=null at 0
2019-06-18 10:34:33,296 INFO  storage.RaftLogWorker (RaftLogWorker.java:startLogSegment(298)) - 35ca8ec5-d55d-4221-9238-64d87b8e36f4-RaftLogWorker: Starting segment from index:0
2019-06-18 10:34:33,296 INFO  storage.RaftLogWorker (RaftLogWorker.java:startLogSegment(298)) - f3ae20ad-8983-4ef7-8eff-7dc300e40c53-RaftLogWorker: Starting segment from index:0
2019-06-18 10:34:33,347 INFO  storage.RaftLogWorker (RaftLogWorker.java:execute(469)) - 35ca8ec5-d55d-4221-9238-64d87b8e36f4-RaftLogWorker: created new log segment /opt/src/hadoop-ozone/tools/target/test-dir/MiniOzoneClusterImpl-3b315d66-9ced-4c03-8adf-31133961d564/datanode-2/data/ratis/d03e1b14-6516-44e4-ae76-ef91af8d74d0/current/log_inprogress_0
2019-06-18 10:34:33,349 INFO  storage.RaftLogWorker (RaftLogWorker.java:execute(469)) - f3ae20ad-8983-4ef7-8eff-7dc300e40c53-RaftLogWorker: created new log segment /opt/src/hadoop-ozone/tools/target/test-dir/MiniOzoneClusterImpl-3b315d66-9ced-4c03-8adf-31133961d564/datanode-0/data/ratis/d03e1b14-6516-44e4-ae76-ef91af8d74d0/current/log_inprogress_0
2019-06-18 10:34:33,546 INFO  client.GrpcClientProtocolClient (GrpcClientProtocolClient.java:onNext(254)) - client-5B7EE9B41B78->f3ae20ad-8983-4ef7-8eff-7dc300e40c53: receive RaftClientReply:client-5B7EE9B41B78->f3ae20ad-8983-4ef7-8eff-7dc300e40c53@group-EF91AF8D74D0, cid=6, FAILED org.apache.ratis.protocol.NotLeaderException: Server f3ae20ad-8983-4ef7-8eff-7dc300e40c53 is not the leader (c9997d1c-dc71-481e-b72e-9b78d631aee5:192.168.46.6:38487). Request must be sent to leader., logIndex=0, commits[f3ae20ad-8983-4ef7-8eff-7dc300e40c53:c0, 35ca8ec5-d55d-4221-9238-64d87b8e36f4:c-1, c9997d1c-dc71-481e-b72e-9b78d631aee5:c0]
2019-06-18 10:34:33,551 WARN  client.GrpcClientProtocolService (LogUtils.java:warn(134)) - 0-OrderedRequestStreamObserver0: onError: org.apache.ratis.thirdparty.io.grpc.StatusRuntimeException: CANCELLED: cancelled before receiving half close
 0.00% |█                                                                                                    |  0/1 Time: 0:00:022019-06-18 10:34:34,579 INFO  client.GrpcClientProtocolClient (GrpcClientProtocolClient.java:onNext(254)) - client-5B7EE9B41B78->35ca8ec5-d55d-4221-9238-64d87b8e36f4: receive RaftClientReply:client-5B7EE9B41B78->35ca8ec5-d55d-4221-9238-64d87b8e36f4@group-EF91AF8D74D0, cid=6, FAILED org.apache.ratis.protocol.NotLeaderException: Server 35ca8ec5-d55d-4221-9238-64d87b8e36f4 is not the leader (c9997d1c-dc71-481e-b72e-9b78d631aee5:192.168.46.6:38487). Request must be sent to leader., logIndex=0, commits[35ca8ec5-d55d-4221-9238-64d87b8e36f4:c0, f3ae20ad-8983-4ef7-8eff-7dc300e40c53:c0, c9997d1c-dc71-481e-b72e-9b78d631aee5:c0]
2019-06-18 10:34:34,585 WARN  client.GrpcClientProtocolService (LogUtils.java:warn(134)) - 0-OrderedRequestStreamObserver0: onError: org.apache.ratis.thirdparty.io.grpc.StatusRuntimeException: CANCELLED: cancelled before receiving half close
 0.00% |█                                                                                                    |  0/1 Time: 0:00:032019-06-18 10:34:35,819 INFO  client.GrpcClientProtocolClient (GrpcClientProtocolClient.java:onNext(254)) - client-5B7EE9B41B78->c9997d1c-dc71-481e-b72e-9b78d631aee5: receive RaftClientReply:client-5B7EE9B41B78->c9997d1c-dc71-481e-b72e-9b78d631aee5@group-EF91AF8D74D0, cid=6, SUCCESS, logIndex=1, commits[c9997d1c-dc71-481e-b72e-9b78d631aee5:c1, 35ca8ec5-d55d-4221-9238-64d87b8e36f4:c0, f3ae20ad-8983-4ef7-8eff-7dc300e40c53:c0]
2019-06-18 10:34:35,901 INFO  client.GrpcClientProtocolClient (GrpcClientProtocolClient.java:onNext(254)) - client-5B7EE9B41B78->c9997d1c-dc71-481e-b72e-9b78d631aee5: receive RaftClientReply:client-5B7EE9B41B78->c9997d1c-dc71-481e-b72e-9b78d631aee5@group-EF91AF8D74D0, cid=7, SUCCESS, logIndex=3, commits[c9997d1c-dc71-481e-b72e-9b78d631aee5:c4, 35ca8ec5-d55d-4221-9238-64d87b8e36f4:c3, f3ae20ad-8983-4ef7-8eff-7dc300e40c53:c3]
2019-06-18 10:34:35,935 INFO  client.GrpcClientProtocolClient (GrpcClientProtocolClient.java:onNext(254)) - client-5B7EE9B41B78->c9997d1c-dc71-481e-b72e-9b78d631aee5: receive RaftClientReply:client-5B7EE9B41B78->c9997d1c-dc71-481e-b72e-9b78d631aee5@group-EF91AF8D74D0, cid=8, SUCCESS, logIndex=5, commits[c9997d1c-dc71-481e-b72e-9b78d631aee5:c5, 35ca8ec5-d55d-4221-9238-64d87b8e36f4:c3, f3ae20ad-8983-4ef7-8eff-7dc300e40c53:c4]
2019-06-18 10:34:35,939 INFO  client.GrpcClientProtocolClient (GrpcClientProtocolClient.java:onNext(254)) - client-5B7EE9B41B78->c9997d1c-dc71-481e-b72e-9b78d631aee5: receive RaftClientReply:client-5B7EE9B41B78->c9997d1c-dc71-481e-b72e-9b78d631aee5@group-EF91AF8D74D0, cid=9, SUCCESS, logIndex=6, commits[c9997d1c-dc71-481e-b72e-9b78d631aee5:c6, 35ca8ec5-d55d-4221-9238-64d87b8e36f4:c4, f3ae20ad-8983-4ef7-8eff-7dc300e40c53:c4]
2019-06-18 10:34:35,975 INFO  client.GrpcClientProtocolClient (GrpcClientProtocolClient.java:onNext(254)) - client-5B7EE9B41B78->c9997d1c-dc71-481e-b72e-9b78d631aee5: receive RaftClientReply:client-5B7EE9B41B78->c9997d1c-dc71-481e-b72e-9b78d631aee5@group-EF91AF8D74D0, cid=10, SUCCESS, logIndex=9, commits[c9997d1c-dc71-481e-b72e-9b78d631aee5:c9, 35ca8ec5-d55d-4221-9238-64d87b8e36f4:c6, f3ae20ad-8983-4ef7-8eff-7dc300e40c53:c8]
2019-06-18 10:34:35,990 INFO  client.GrpcClientProtocolClient (GrpcClientProtocolClient.java:onNext(254)) - client-5B7EE9B41B78->c9997d1c-dc71-481e-b72e-9b78d631aee5: receive RaftClientReply:client-5B7EE9B41B78->c9997d1c-dc71-481e-b72e-9b78d631aee5@group-EF91AF8D74D0, cid=11, SUCCESS, logIndex=11, commits[c9997d1c-dc71-481e-b72e-9b78d631aee5:c11, 35ca8ec5-d55d-4221-9238-64d87b8e36f4:c9, f3ae20ad-8983-4ef7-8eff-7dc300e40c53:c10]
2019-06-18 10:34:36,020 INFO  client.GrpcClientProtocolClient (GrpcClientProtocolClient.java:onNext(254)) - client-5B7EE9B41B78->c9997d1c-dc71-481e-b72e-9b78d631aee5: receive RaftClientReply:client-5B7EE9B41B78->c9997d1c-dc71-481e-b72e-9b78d631aee5@group-EF91AF8D74D0, cid=12, SUCCESS, logIndex=13, commits[c9997d1c-dc71-481e-b72e-9b78d631aee5:c13, 35ca8ec5-d55d-4221-9238-64d87b8e36f4:c11, f3ae20ad-8983-4ef7-8eff-7dc300e40c53:c11]
2019-06-18 10:34:36,030 INFO  client.GrpcClientProtocolClient (GrpcClientProtocolClient.java:onNext(254)) - client-5B7EE9B41B78->c9997d1c-dc71-481e-b72e-9b78d631aee5: receive RaftClientReply:client-5B7EE9B41B78->c9997d1c-dc71-481e-b72e-9b78d631aee5@group-EF91AF8D74D0, cid=13, SUCCESS, logIndex=15, commits[c9997d1c-dc71-481e-b72e-9b78d631aee5:c15, 35ca8ec5-d55d-4221-9238-64d87b8e36f4:c13, f3ae20ad-8983-4ef7-8eff-7dc300e40c53:c13]
2019-06-18 10:34:36,048 INFO  client.GrpcClientProtocolClient (GrpcClientProtocolClient.java:onNext(254)) - client-5B7EE9B41B78->c9997d1c-dc71-481e-b72e-9b78d631aee5: receive RaftClientReply:client-5B7EE9B41B78->c9997d1c-dc71-481e-b72e-9b78d631aee5@group-EF91AF8D74D0, cid=14, SUCCESS, logIndex=0, commits[c9997d1c-dc71-481e-b72e-9b78d631aee5:c16, 35ca8ec5-d55d-4221-9238-64d87b8e36f4:c15, f3ae20ad-8983-4ef7-8eff-7dc300e40c53:c15]
2019-06-18 10:34:36,149 INFO  client.GrpcClientProtocolClient (GrpcClientProtocolClient.java:onNext(254)) - client-5B7EE9B41B78->c9997d1c-dc71-481e-b72e-9b78d631aee5: receive RaftClientReply:client-5B7EE9B41B78->c9997d1c-dc71-481e-b72e-9b78d631aee5@group-EF91AF8D74D0, cid=15, SUCCESS, logIndex=17, commits[c9997d1c-dc71-481e-b72e-9b78d631aee5:c17, 35ca8ec5-d55d-4221-9238-64d87b8e36f4:c16, f3ae20ad-8983-4ef7-8eff-7dc300e40c53:c16]
 0.00% |█                                                                                                    |  0/1 Time: 0:00:042019-06-18 10:34:36,206 INFO  client.GrpcClientProtocolClient (GrpcClientProtocolClient.java:onNext(254)) - client-5B7EE9B41B78->c9997d1c-dc71-481e-b72e-9b78d631aee5: receive RaftClientReply:client-5B7EE9B41B78->c9997d1c-dc71-481e-b72e-9b78d631aee5@group-EF91AF8D74D0, cid=16, SUCCESS, logIndex=19, commits[c9997d1c-dc71-481e-b72e-9b78d631aee5:c21, 35ca8ec5-d55d-4221-9238-64d87b8e36f4:c18, f3ae20ad-8983-4ef7-8eff-7dc300e40c53:c17]
2019-06-18 10:34:36,210 INFO  client.GrpcClientProtocolClient (GrpcClientProtocolClient.java:onNext(254)) - client-5B7EE9B41B78->c9997d1c-dc71-481e-b72e-9b78d631aee5: receive RaftClientReply:client-5B7EE9B41B78->c9997d1c-dc71-481e-b72e-9b78d631aee5@group-EF91AF8D74D0, cid=17, SUCCESS, logIndex=20, commits[c9997d1c-dc71-481e-b72e-9b78d631aee5:c21, 35ca8ec5-d55d-4221-9238-64d87b8e36f4:c19, f3ae20ad-8983-4ef7-8eff-7dc300e40c53:c17]
2019-06-18 10:34:36,232 INFO  client.GrpcClientProtocolClient (GrpcClientProtocolClient.java:onNext(254)) - client-5B7EE9B41B78->c9997d1c-dc71-481e-b72e-9b78d631aee5: receive RaftClientReply:client-5B7EE9B41B78->c9997d1c-dc71-481e-b72e-9b78d631aee5@group-EF91AF8D74D0, cid=18, SUCCESS, logIndex=21, commits[c9997d1c-dc71-481e-b72e-9b78d631aee5:c24, 35ca8ec5-d55d-4221-9238-64d87b8e36f4:c21, f3ae20ad-8983-4ef7-8eff-7dc300e40c53:c21]
2019-06-18 10:34:36,262 INFO  client.GrpcClientProtocolClient (GrpcClientProtocolClient.java:onNext(254)) - client-5B7EE9B41B78->c9997d1c-dc71-481e-b72e-9b78d631aee5: receive RaftClientReply:client-5B7EE9B41B78->c9997d1c-dc71-481e-b72e-9b78d631aee5@group-EF91AF8D74D0, cid=19, SUCCESS, logIndex=25, commits[c9997d1c-dc71-481e-b72e-9b78d631aee5:c25, 35ca8ec5-d55d-4221-9238-64d87b8e36f4:c24, f3ae20ad-8983-4ef7-8eff-7dc300e40c53:c21]
2019-06-18 10:34:36,275 INFO  client.GrpcClientProtocolClient (GrpcClientProtocolClient.java:onNext(254)) - client-5B7EE9B41B78->c9997d1c-dc71-481e-b72e-9b78d631aee5: receive RaftClientReply:client-5B7EE9B41B78->c9997d1c-dc71-481e-b72e-9b78d631aee5@group-EF91AF8D74D0, cid=20, SUCCESS, logIndex=27, commits[c9997d1c-dc71-481e-b72e-9b78d631aee5:c27, 35ca8ec5-d55d-4221-9238-64d87b8e36f4:c25, f3ae20ad-8983-4ef7-8eff-7dc300e40c53:c25]
2019-06-18 10:34:36,280 INFO  client.GrpcClientProtocolClient (GrpcClientProtocolClient.java:onNext(254)) - client-5B7EE9B41B78->c9997d1c-dc71-481e-b72e-9b78d631aee5: receive RaftClientReply:client-5B7EE9B41B78->c9997d1c-dc71-481e-b72e-9b78d631aee5@group-EF91AF8D74D0, cid=21, SUCCESS, logIndex=28, commits[c9997d1c-dc71-481e-b72e-9b78d631aee5:c28, 35ca8ec5-d55d-4221-9238-64d87b8e36f4:c25, f3ae20ad-8983-4ef7-8eff-7dc300e40c53:c25]
2019-06-18 10:34:36,302 INFO  client.GrpcClientProtocolClient (GrpcClientProtocolClient.java:onNext(254)) - client-5B7EE9B41B78->c9997d1c-dc71-481e-b72e-9b78d631aee5: receive RaftClientReply:client-5B7EE9B41B78->c9997d1c-dc71-481e-b72e-9b78d631aee5@group-EF91AF8D74D0, cid=22, SUCCESS, logIndex=29, commits[c9997d1c-dc71-481e-b72e-9b78d631aee5:c29, 35ca8ec5-d55d-4221-9238-64d87b8e36f4:c25, f3ae20ad-8983-4ef7-8eff-7dc300e40c53:c25]
2019-06-18 10:34:36,306 INFO  client.GrpcClientProtocolClient (GrpcClientProtocolClient.java:onNext(254)) - client-5B7EE9B41B78->c9997d1c-dc71-481e-b72e-9b78d631aee5: receive RaftClientReply:client-5B7EE9B41B78->c9997d1c-dc71-481e-b72e-9b78d631aee5@group-EF91AF8D74D0, cid=23, SUCCESS, logIndex=0, commits[c9997d1c-dc71-481e-b72e-9b78d631aee5:c32, 35ca8ec5-d55d-4221-9238-64d87b8e36f4:c29, f3ae20ad-8983-4ef7-8eff-7dc300e40c53:c29]
2019-06-18 10:34:36,311 INFO  client.GrpcClientProtocolClient (GrpcClientProtocolClient.java:onNext(254)) - client-5B7EE9B41B78->c9997d1c-dc71-481e-b72e-9b78d631aee5: receive RaftClientReply:client-5B7EE9B41B78->c9997d1c-dc71-481e-b72e-9b78d631aee5@group-EF91AF8D74D0, cid=24, SUCCESS, logIndex=0, commits[c9997d1c-dc71-481e-b72e-9b78d631aee5:c32, 35ca8ec5-d55d-4221-9238-64d87b8e36f4:c29, f3ae20ad-8983-4ef7-8eff-7dc300e40c53:c29]
2019-06-18 10:34:36,367 INFO  client.GrpcClientProtocolClient (GrpcClientProtocolClient.java:onNext(254)) - client-5B7EE9B41B78->c9997d1c-dc71-481e-b72e-9b78d631aee5: receive RaftClientReply:client-5B7EE9B41B78->c9997d1c-dc71-481e-b72e-9b78d631aee5@group-EF91AF8D74D0, cid=25, SUCCESS, logIndex=33, commits[c9997d1c-dc71-481e-b72e-9b78d631aee5:c33, 35ca8ec5-d55d-4221-9238-64d87b8e36f4:c32, f3ae20ad-8983-4ef7-8eff-7dc300e40c53:c32]
2019-06-18 10:34:36,407 INFO  client.GrpcClientProtocolClient (GrpcClientProtocolClient.java:onNext(254)) - client-5B7EE9B41B78->c9997d1c-dc71-481e-b72e-9b78d631aee5: receive RaftClientReply:client-5B7EE9B41B78->c9997d1c-dc71-481e-b72e-9b78d631aee5@group-EF91AF8D74D0, cid=26, SUCCESS, logIndex=35, commits[c9997d1c-dc71-481e-b72e-9b78d631aee5:c38, 35ca8ec5-d55d-4221-9238-64d87b8e36f4:c34, f3ae20ad-8983-4ef7-8eff-7dc300e40c53:c35]
2019-06-18 10:34:36,409 INFO  client.GrpcClientProtocolClient (GrpcClientProtocolClient.java:onNext(254)) - client-5B7EE9B41B78->c9997d1c-dc71-481e-b72e-9b78d631aee5: receive RaftClientReply:client-5B7EE9B41B78->c9997d1c-dc71-481e-b72e-9b78d631aee5@group-EF91AF8D74D0, cid=27, SUCCESS, logIndex=36, commits[c9997d1c-dc71-481e-b72e-9b78d631aee5:c38, 35ca8ec5-d55d-4221-9238-64d87b8e36f4:c35, f3ae20ad-8983-4ef7-8eff-7dc300e40c53:c35]
2019-06-18 10:34:36,436 INFO  client.GrpcClientProtocolClient (GrpcClientProtocolClient.java:onNext(254)) - client-5B7EE9B41B78->c9997d1c-dc71-481e-b72e-9b78d631aee5: receive RaftClientReply:client-5B7EE9B41B78->c9997d1c-dc71-481e-b72e-9b78d631aee5@group-EF91AF8D74D0, cid=28, SUCCESS, logIndex=37, commits[c9997d1c-dc71-481e-b72e-9b78d631aee5:c40, 35ca8ec5-d55d-4221-9238-64d87b8e36f4:c38, f3ae20ad-8983-4ef7-8eff-7dc300e40c53:c38]
2019-06-18 10:34:36,487 INFO  client.GrpcClientProtocolClient (GrpcClientProtocolClient.java:onNext(254)) - client-5B7EE9B41B78->c9997d1c-dc71-481e-b72e-9b78d631aee5: receive RaftClientReply:client-5B7EE9B41B78->c9997d1c-dc71-481e-b72e-9b78d631aee5@group-EF91AF8D74D0, cid=29, SUCCESS, logIndex=41, commits[c9997d1c-dc71-481e-b72e-9b78d631aee5:c41, 35ca8ec5-d55d-4221-9238-64d87b8e36f4:c40, f3ae20ad-8983-4ef7-8eff-7dc300e40c53:c40]
2019-06-18 10:34:36,510 INFO  client.GrpcClientProtocolClient (GrpcClientProtocolClient.java:onNext(254)) - client-5B7EE9B41B78->c9997d1c-dc71-481e-b72e-9b78d631aee5: receive RaftClientReply:client-5B7EE9B41B78->c9997d1c-dc71-481e-b72e-9b78d631aee5@group-EF91AF8D74D0, cid=30, SUCCESS, logIndex=43, commits[c9997d1c-dc71-481e-b72e-9b78d631aee5:c43, 35ca8ec5-d55d-4221-9238-64d87b8e36f4:c42, f3ae20ad-8983-4ef7-8eff-7dc300e40c53:c41]
2019-06-18 10:34:36,525 INFO  client.GrpcClientProtocolClient (GrpcClientProtocolClient.java:onNext(254)) - client-5B7EE9B41B78->c9997d1c-dc71-481e-b72e-9b78d631aee5: receive RaftClientReply:client-5B7EE9B41B78->c9997d1c-dc71-481e-b72e-9b78d631aee5@group-EF91AF8D74D0, cid=31, SUCCESS, logIndex=44, commits[c9997d1c-dc71-481e-b72e-9b78d631aee5:c44, 35ca8ec5-d55d-4221-9238-64d87b8e36f4:c42, f3ae20ad-8983-4ef7-8eff-7dc300e40c53:c42]
2019-06-18 10:34:36,536 INFO  client.GrpcClientProtocolClient (GrpcClientProtocolClient.java:onNext(254)) - client-5B7EE9B41B78->c9997d1c-dc71-481e-b72e-9b78d631aee5: receive RaftClientReply:client-5B7EE9B41B78->c9997d1c-dc71-481e-b72e-9b78d631aee5@group-EF91AF8D74D0, cid=32, SUCCESS, logIndex=46, commits[c9997d1c-dc71-481e-b72e-9b78d631aee5:c46, 35ca8ec5-d55d-4221-9238-64d87b8e36f4:c43, f3ae20ad-8983-4ef7-8eff-7dc300e40c53:c42]
2019-06-18 10:34:36,540 INFO  client.GrpcClientProtocolClient (GrpcClientProtocolClient.java:onNext(254)) - client-5B7EE9B41B78->c9997d1c-dc71-481e-b72e-9b78d631aee5: receive RaftClientReply:client-5B7EE9B41B78->c9997d1c-dc71-481e-b72e-9b78d631aee5@group-EF91AF8D74D0, cid=33, SUCCESS, logIndex=0, commits[c9997d1c-dc71-481e-b72e-9b78d631aee5:c47, 35ca8ec5-d55d-4221-9238-64d87b8e36f4:c44, f3ae20ad-8983-4ef7-8eff-7dc300e40c53:c43]
2019-06-18 10:34:36,567 INFO  client.GrpcClientProtocolClient (GrpcClientProtocolClient.java:onNext(254)) - client-5B7EE9B41B78->c9997d1c-dc71-481e-b72e-9b78d631aee5: receive RaftClientReply:client-5B7EE9B41B78->c9997d1c-dc71-481e-b72e-9b78d631aee5@group-EF91AF8D74D0, cid=34, SUCCESS, logIndex=0, commits[c9997d1c-dc71-481e-b72e-9b78d631aee5:c48, 35ca8ec5-d55d-4221-9238-64d87b8e36f4:c46, f3ae20ad-8983-4ef7-8eff-7dc300e40c53:c46]
2019-06-18 10:34:36,612 INFO  client.GrpcClientProtocolClient (GrpcClientProtocolClient.java:onNext(254)) - client-5B7EE9B41B78->c9997d1c-dc71-481e-b72e-9b78d631aee5: receive RaftClientReply:client-5B7EE9B41B78->c9997d1c-dc71-481e-b72e-9b78d631aee5@group-EF91AF8D74D0, cid=35, SUCCESS, logIndex=49, commits[c9997d1c-dc71-481e-b72e-9b78d631aee5:c49, 35ca8ec5-d55d-4221-9238-64d87b8e36f4:c46, f3ae20ad-8983-4ef7-8eff-7dc300e40c53:c48]
2019-06-18 10:34:36,661 INFO  client.GrpcClientProtocolClient (GrpcClientProtocolClient.java:onNext(254)) - client-5B7EE9B41B78->c9997d1c-dc71-481e-b72e-9b78d631aee5: receive RaftClientReply:client-5B7EE9B41B78->c9997d1c-dc71-481e-b72e-9b78d631aee5@group-EF91AF8D74D0, cid=36, SUCCESS, logIndex=51, commits[c9997d1c-dc71-481e-b72e-9b78d631aee5:c51, 35ca8ec5-d55d-4221-9238-64d87b8e36f4:c50, f3ae20ad-8983-4ef7-8eff-7dc300e40c53:c49]
2019-06-18 10:34:36,693 INFO  client.GrpcClientProtocolClient (GrpcClientProtocolClient.java:onNext(254)) - client-5B7EE9B41B78->c9997d1c-dc71-481e-b72e-9b78d631aee5: receive RaftClientReply:client-5B7EE9B41B78->c9997d1c-dc71-481e-b72e-9b78d631aee5@group-EF91AF8D74D0, cid=37, SUCCESS, logIndex=52, commits[c9997d1c-dc71-481e-b72e-9b78d631aee5:c56, 35ca8ec5-d55d-4221-9238-64d87b8e36f4:c51, f3ae20ad-8983-4ef7-8eff-7dc300e40c53:c51]
2019-06-18 10:34:36,695 INFO  client.GrpcClientProtocolClient (GrpcClientProtocolClient.java:onNext(254)) - client-5B7EE9B41B78->c9997d1c-dc71-481e-b72e-9b78d631aee5: receive RaftClientReply:client-5B7EE9B41B78->c9997d1c-dc71-481e-b72e-9b78d631aee5@group-EF91AF8D74D0, cid=38, SUCCESS, logIndex=53, commits[c9997d1c-dc71-481e-b72e-9b78d631aee5:c56, 35ca8ec5-d55d-4221-9238-64d87b8e36f4:c51, f3ae20ad-8983-4ef7-8eff-7dc300e40c53:c51]
2019-06-18 10:34:36,735 INFO  client.GrpcClientProtocolClient (GrpcClientProtocolClient.java:onNext(254)) - client-5B7EE9B41B78->c9997d1c-dc71-481e-b72e-9b78d631aee5: receive RaftClientReply:client-5B7EE9B41B78->c9997d1c-dc71-481e-b72e-9b78d631aee5@group-EF91AF8D74D0, cid=39, SUCCESS, logIndex=57, commits[c9997d1c-dc71-481e-b72e-9b78d631aee5:c57, 35ca8ec5-d55d-4221-9238-64d87b8e36f4:c56, f3ae20ad-8983-4ef7-8eff-7dc300e40c53:c56]
2019-06-18 10:34:36,742 INFO  client.GrpcClientProtocolClient (GrpcClientProtocolClient.java:onNext(254)) - client-5B7EE9B41B78->c9997d1c-dc71-481e-b72e-9b78d631aee5: receive RaftClientReply:client-5B7EE9B41B78->c9997d1c-dc71-481e-b72e-9b78d631aee5@group-EF91AF8D74D0, cid=40, SUCCESS, logIndex=59, commits[c9997d1c-dc71-481e-b72e-9b78d631aee5:c59, 35ca8ec5-d55d-4221-9238-64d87b8e36f4:c56, f3ae20ad-8983-4ef7-8eff-7dc300e40c53:c57]
2019-06-18 10:34:36,775 INFO  client.GrpcClientProtocolClient (GrpcClientProtocolClient.java:onNext(254)) - client-5B7EE9B41B78->c9997d1c-dc71-481e-b72e-9b78d631aee5: receive RaftClientReply:client-5B7EE9B41B78->c9997d1c-dc71-481e-b72e-9b78d631aee5@group-EF91AF8D74D0, cid=41, SUCCESS, logIndex=61, commits[c9997d1c-dc71-481e-b72e-9b78d631aee5:c61, 35ca8ec5-d55d-4221-9238-64d87b8e36f4:c59, f3ae20ad-8983-4ef7-8eff-7dc300e40c53:c59]
2019-06-18 10:34:36,799 INFO  client.GrpcClientProtocolClient (GrpcClientProtocolClient.java:onNext(254)) - client-5B7EE9B41B78->c9997d1c-dc71-481e-b72e-9b78d631aee5: receive RaftClientReply:client-5B7EE9B41B78->c9997d1c-dc71-481e-b72e-9b78d631aee5@group-EF91AF8D74D0, cid=42, SUCCESS, logIndex=63, commits[c9997d1c-dc71-481e-b72e-9b78d631aee5:c63, 35ca8ec5-d55d-4221-9238-64d87b8e36f4:c61, f3ae20ad-8983-4ef7-8eff-7dc300e40c53:c63]
2019-06-18 10:34:36,802 INFO  client.GrpcClientProtocolClient (GrpcClientProtocolClient.java:onNext(254)) - client-5B7EE9B41B78->c9997d1c-dc71-481e-b72e-9b78d631aee5: receive RaftClientReply:client-5B7EE9B41B78->c9997d1c-dc71-481e-b72e-9b78d631aee5@group-EF91AF8D74D0, cid=43, SUCCESS, logIndex=0, commits[c9997d1c-dc71-481e-b72e-9b78d631aee5:c64, 35ca8ec5-d55d-4221-9238-64d87b8e36f4:c63, f3ae20ad-8983-4ef7-8eff-7dc300e40c53:c63]
2019-06-18 10:34:36,832 INFO  client.GrpcClientProtocolClient (GrpcClientProtocolClient.java:onNext(254)) - client-5B7EE9B41B78->c9997d1c-dc71-481e-b72e-9b78d631aee5: receive RaftClientReply:client-5B7EE9B41B78->c9997d1c-dc71-481e-b72e-9b78d631aee5@group-EF91AF8D74D0, cid=44, SUCCESS, logIndex=65, commits[c9997d1c-dc71-481e-b72e-9b78d631aee5:c65, 35ca8ec5-d55d-4221-9238-64d87b8e36f4:c64, f3ae20ad-8983-4ef7-8eff-7dc300e40c53:c63]
2019-06-18 10:34:36,854 INFO  client.GrpcClientProtocolClient (GrpcClientProtocolClient.java:onNext(254)) - client-5B7EE9B41B78->c9997d1c-dc71-481e-b72e-9b78d631aee5: receive RaftClientReply:client-5B7EE9B41B78->c9997d1c-dc71-481e-b72e-9b78d631aee5@group-EF91AF8D74D0, cid=45, SUCCESS, logIndex=67, commits[c9997d1c-dc71-481e-b72e-9b78d631aee5:c67, 35ca8ec5-d55d-4221-9238-64d87b8e36f4:c65, f3ae20ad-8983-4ef7-8eff-7dc300e40c53:c65]
2019-06-18 10:34:36,858 INFO  client.GrpcClientProtocolClient (GrpcClientProtocolClient.java:onNext(254)) - client-5B7EE9B41B78->c9997d1c-dc71-481e-b72e-9b78d631aee5: receive RaftClientReply:client-5B7EE9B41B78->c9997d1c-dc71-481e-b72e-9b78d631aee5@group-EF91AF8D74D0, cid=46, SUCCESS, logIndex=68, commits[c9997d1c-dc71-481e-b72e-9b78d631aee5:c68, 35ca8ec5-d55d-4221-9238-64d87b8e36f4:c65, f3ae20ad-8983-4ef7-8eff-7dc300e40c53:c65]
2019-06-18 10:34:36,865 INFO  client.GrpcClientProtocolClient (GrpcClientProtocolClient.java:onNext(254)) - client-5B7EE9B41B78->c9997d1c-dc71-481e-b72e-9b78d631aee5: receive RaftClientReply:client-5B7EE9B41B78->c9997d1c-dc71-481e-b72e-9b78d631aee5@group-EF91AF8D74D0, cid=47, SUCCESS, logIndex=69, commits[c9997d1c-dc71-481e-b72e-9b78d631aee5:c72, 35ca8ec5-d55d-4221-9238-64d87b8e36f4:c70, f3ae20ad-8983-4ef7-8eff-7dc300e40c53:c70]
2019-06-18 10:34:36,886 INFO  client.GrpcClientProtocolClient (GrpcClientProtocolClient.java:onNext(254)) - client-5B7EE9B41B78->c9997d1c-dc71-481e-b72e-9b78d631aee5: receive RaftClientReply:client-5B7EE9B41B78->c9997d1c-dc71-481e-b72e-9b78d631aee5@group-EF91AF8D74D0, cid=48, SUCCESS, logIndex=73, commits[c9997d1c-dc71-481e-b72e-9b78d631aee5:c73, 35ca8ec5-d55d-4221-9238-64d87b8e36f4:c72, f3ae20ad-8983-4ef7-8eff-7dc300e40c53:c70]
2019-06-18 10:34:36,913 INFO  client.GrpcClientProtocolClient (GrpcClientProtocolClient.java:onNext(254)) - client-5B7EE9B41B78->c9997d1c-dc71-481e-b72e-9b78d631aee5: receive RaftClientReply:client-5B7EE9B41B78->c9997d1c-dc71-481e-b72e-9b78d631aee5@group-EF91AF8D74D0, cid=49, SUCCESS, logIndex=75, commits[c9997d1c-dc71-481e-b72e-9b78d631aee5:c75, 35ca8ec5-d55d-4221-9238-64d87b8e36f4:c73, f3ae20ad-8983-4ef7-8eff-7dc300e40c53:c73]
2019-06-18 10:34:36,922 INFO  client.GrpcClientProtocolClient (GrpcClientProtocolClient.java:onNext(254)) - client-5B7EE9B41B78->c9997d1c-dc71-481e-b72e-9b78d631aee5: receive RaftClientReply:client-5B7EE9B41B78->c9997d1c-dc71-481e-b72e-9b78d631aee5@group-EF91AF8D74D0, cid=50, SUCCESS, logIndex=76, commits[c9997d1c-dc71-481e-b72e-9b78d631aee5:c76, 35ca8ec5-d55d-4221-9238-64d87b8e36f4:c73, f3ae20ad-8983-4ef7-8eff-7dc300e40c53:c74]
2019-06-18 10:34:36,928 INFO  client.GrpcClientProtocolClient (GrpcClientProtocolClient.java:onNext(254)) - client-5B7EE9B41B78->c9997d1c-dc71-481e-b72e-9b78d631aee5: receive RaftClientReply:client-5B7EE9B41B78->c9997d1c-dc71-481e-b72e-9b78d631aee5@group-EF91AF8D74D0, cid=51, SUCCESS, logIndex=77, commits[c9997d1c-dc71-481e-b72e-9b78d631aee5:c77, 35ca8ec5-d55d-4221-9238-64d87b8e36f4:c74, f3ae20ad-8983-4ef7-8eff-7dc300e40c53:c74]
2019-06-18 10:34:36,939 INFO  client.GrpcClientProtocolClient (GrpcClientProtocolClient.java:onNext(254)) - client-5B7EE9B41B78->c9997d1c-dc71-481e-b72e-9b78d631aee5: receive RaftClientReply:client-5B7EE9B41B78->c9997d1c-dc71-481e-b72e-9b78d631aee5@group-EF91AF8D74D0, cid=52, SUCCESS, logIndex=0, commits[c9997d1c-dc71-481e-b72e-9b78d631aee5:c79, 35ca8ec5-d55d-4221-9238-64d87b8e36f4:c75, f3ae20ad-8983-4ef7-8eff-7dc300e40c53:c76]
2019-06-18 10:34:36,942 INFO  client.GrpcClientProtocolClient (GrpcClientProtocolClient.java:onNext(254)) - client-5B7EE9B41B78->c9997d1c-dc71-481e-b72e-9b78d631aee5: receive RaftClientReply:client-5B7EE9B41B78->c9997d1c-dc71-481e-b72e-9b78d631aee5@group-EF91AF8D74D0, cid=53, SUCCESS, logIndex=0, commits[c9997d1c-dc71-481e-b72e-9b78d631aee5:c80, 35ca8ec5-d55d-4221-9238-64d87b8e36f4:c77, f3ae20ad-8983-4ef7-8eff-7dc300e40c53:c77]
 100.00% |█████████████████████████████████████████████████████████████████████████████████████████████████████|  1/1 Time: 0:00:05
2019-06-18 10:34:37,526 INFO  pipeline.SCMPipelineManager (SCMPipelineManager.java:finalizeAndDestroyPipeline(307)) - destroying pipeline:Pipeline[ Id: d03e1b14-6516-44e4-ae76-ef91af8d74d0, Nodes: c9997d1c-dc71-481e-b72e-9b78d631aee5{ip: 192.168.46.6, host: ozone-unit-076618677d372z9n-3564682807, networkLocation: /default-rack, certSerialId: null}35ca8ec5-d55d-4221-9238-64d87b8e36f4{ip: 192.168.46.6, host: ozone-unit-076618677d372z9n-3564682807, networkLocation: /default-rack, certSerialId: null}f3ae20ad-8983-4ef7-8eff-7dc300e40c53{ip: 192.168.46.6, host: ozone-unit-076618677d372z9n-3564682807, networkLocation: /default-rack, certSerialId: null}, Type:RATIS, Factor:THREE, State:OPEN]
2019-06-18 10:34:37,527 INFO  pipeline.PipelineStateManager (PipelineStateManager.java:finalizePipeline(123)) - Pipeline Pipeline[ Id: d03e1b14-6516-44e4-ae76-ef91af8d74d0, Nodes: c9997d1c-dc71-481e-b72e-9b78d631aee5{ip: 192.168.46.6, host: ozone-unit-076618677d372z9n-3564682807, networkLocation: /default-rack, certSerialId: null}35ca8ec5-d55d-4221-9238-64d87b8e36f4{ip: 192.168.46.6, host: ozone-unit-076618677d372z9n-3564682807, networkLocation: /default-rack, certSerialId: null}f3ae20ad-8983-4ef7-8eff-7dc300e40c53{ip: 192.168.46.6, host: ozone-unit-076618677d372z9n-3564682807, networkLocation: /default-rack, certSerialId: null}, Type:RATIS, Factor:THREE, State:CLOSED] moved to CLOSED state
2019-06-18 10:34:37,532 INFO  container.CloseContainerEventHandler (CloseContainerEventHandler.java:onMessage(61)) - Close container Event triggered for container : #1
2019-06-18 10:34:37,538 INFO  impl.RaftServerProxy (RaftServerProxy.java:remove(95)) - c9997d1c-dc71-481e-b72e-9b78d631aee5: remove   LEADER group-EF91AF8D74D0 c9997d1c-dc71-481e-b72e-9b78d631aee5:t2, leader=c9997d1c-dc71-481e-b72e-9b78d631aee5, voted=c9997d1c-dc71-481e-b72e-9b78d631aee5, raftlog=c9997d1c-dc71-481e-b72e-9b78d631aee5-SegmentedRaftLog:OPENED:c80,f80,i80, conf=0: [35ca8ec5-d55d-4221-9238-64d87b8e36f4:192.168.46.6:46361, f3ae20ad-8983-4ef7-8eff-7dc300e40c53:192.168.46.6:35385, c9997d1c-dc71-481e-b72e-9b78d631aee5:192.168.46.6:38487], old=null RUNNING
2019-06-18 10:34:37,538 INFO  container.CloseContainerEventHandler (CloseContainerEventHandler.java:onMessage(61)) - Close container Event triggered for container : #2
2019-06-18 10:34:37,541 INFO  container.CloseContainerEventHandler (CloseContainerEventHandler.java:onMessage(61)) - Close container Event triggered for container : #3
2019-06-18 10:34:37,542 INFO  impl.RaftServerImpl (RaftServerImpl.java:lambda$shutdown$3(238)) - c9997d1c-dc71-481e-b72e-9b78d631aee5: shutdown group-EF91AF8D74D0
2019-06-18 10:34:37,543 INFO  util.JmxRegister (JmxRegister.java:unregister(73)) - Successfully un-registered JMX Bean with object name Ratis:service=RaftServer,group=group-EF91AF8D74D0,id=c9997d1c-dc71-481e-b72e-9b78d631aee5
2019-06-18 10:34:37,544 INFO  impl.RoleInfo (RoleInfo.java:shutdownLeaderState(104)) - c9997d1c-dc71-481e-b72e-9b78d631aee5: shutdown LeaderState
2019-06-18 10:34:37,544 INFO  impl.PendingRequests (PendingRequests.java:sendNotLeaderResponses(140)) - c9997d1c-dc71-481e-b72e-9b78d631aee5-PendingRequests: sendNotLeaderResponses
2019-06-18 10:34:37,544 WARN  server.GrpcLogAppender (GrpcLogAppender.java:mayWait(142)) - GrpcLogAppender(c9997d1c-dc71-481e-b72e-9b78d631aee5 -> 35ca8ec5-d55d-4221-9238-64d87b8e36f4): Wait interrupted by java.lang.InterruptedException
2019-06-18 10:34:37,545 INFO  server.GrpcServerProtocolService (GrpcServerProtocolService.java:onCompleted(104)) - 35ca8ec5-d55d-4221-9238-64d87b8e36f4: appendEntries completed
2019-06-18 10:34:37,544 WARN  server.GrpcLogAppender (GrpcLogAppender.java:mayWait(142)) - GrpcLogAppender(c9997d1c-dc71-481e-b72e-9b78d631aee5 -> f3ae20ad-8983-4ef7-8eff-7dc300e40c53): Wait interrupted by java.lang.InterruptedException
2019-06-18 10:34:37,546 INFO  server.GrpcLogAppender (GrpcLogAppender.java:onCompleted(277)) - c9997d1c-dc71-481e-b72e-9b78d631aee5: follower c9997d1c-dc71-481e-b72e-9b78d631aee5->35ca8ec5-d55d-4221-9238-64d87b8e36f4(c80,m80,n81, attendVote=true, lastRpcSendTime=104, lastRpcResponseTime=90) response Completed
2019-06-18 10:34:37,547 INFO  server.GrpcServerProtocolService (GrpcServerProtocolService.java:onCompleted(104)) - f3ae20ad-8983-4ef7-8eff-7dc300e40c53: appendEntries completed
2019-06-18 10:34:37,561 INFO  ratis.ContainerStateMachine (ContainerStateMachine.java:takeSnapshot(245)) - Taking snapshot at termIndex:(t:2, i:77)
2019-06-18 10:34:37,562 INFO  ratis.ContainerStateMachine (ContainerStateMachine.java:takeSnapshot(249)) - Taking a snapshot to file /opt/src/hadoop-ozone/tools/target/test-dir/MiniOzoneClusterImpl-3b315d66-9ced-4c03-8adf-31133961d564/datanode-1/data/ratis/d03e1b14-6516-44e4-ae76-ef91af8d74d0/sm/snapshot.2_77
2019-06-18 10:34:37,555 INFO  impl.StateMachineUpdater (StateMachineUpdater.java:stopAndJoin(109)) - StateMachineUpdater-c9997d1c-dc71-481e-b72e-9b78d631aee5-group-EF91AF8D74D0: set stopIndex = 80
2019-06-18 10:34:37,555 INFO  impl.FollowerInfo (FollowerInfo.java:lambda$new$0(50)) - c9997d1c-dc71-481e-b72e-9b78d631aee5->35ca8ec5-d55d-4221-9238-64d87b8e36f4: nextIndex: updateUnconditionally 81 -> 0
2019-06-18 10:34:37,565 INFO  server.GrpcLogAppender (GrpcLogAppender.java:onCompleted(277)) - c9997d1c-dc71-481e-b72e-9b78d631aee5: follower c9997d1c-dc71-481e-b72e-9b78d631aee5->f3ae20ad-8983-4ef7-8eff-7dc300e40c53(c80,m80,n81, attendVote=true, lastRpcSendTime=123, lastRpcResponseTime=110) response Completed
2019-06-18 10:34:37,567 INFO  impl.FollowerInfo (FollowerInfo.java:lambda$new$0(50)) - c9997d1c-dc71-481e-b72e-9b78d631aee5->f3ae20ad-8983-4ef7-8eff-7dc300e40c53: nextIndex: updateUnconditionally 81 -> 0
2019-06-18 10:34:37,574 INFO  impl.RaftServerImpl (ServerState.java:close(394)) - c9997d1c-dc71-481e-b72e-9b78d631aee5:group-EF91AF8D74D0 closes. The last applied log index is 80
2019-06-18 10:34:37,576 INFO  storage.RaftLogWorker (RaftLogWorker.java:run(236)) - c9997d1c-dc71-481e-b72e-9b78d631aee5-RaftLogWorker was interrupted, exiting. There are 0 tasks remaining in the queue.
2019-06-18 10:34:37,577 INFO  storage.RaftLogWorker (RaftLogWorker.java:close(168)) - c9997d1c-dc71-481e-b72e-9b78d631aee5-RaftLogWorker close()
2019-06-18 10:34:37,596 INFO  impl.RaftServerProxy (RaftServerProxy.java:remove(95)) - 35ca8ec5-d55d-4221-9238-64d87b8e36f4: remove FOLLOWER group-EF91AF8D74D0 35ca8ec5-d55d-4221-9238-64d87b8e36f4:t2, leader=c9997d1c-dc71-481e-b72e-9b78d631aee5, voted=c9997d1c-dc71-481e-b72e-9b78d631aee5, raftlog=35ca8ec5-d55d-4221-9238-64d87b8e36f4-SegmentedRaftLog:OPENED:c80,f80,i80, conf=0: [35ca8ec5-d55d-4221-9238-64d87b8e36f4:192.168.46.6:46361, f3ae20ad-8983-4ef7-8eff-7dc300e40c53:192.168.46.6:35385, c9997d1c-dc71-481e-b72e-9b78d631aee5:192.168.46.6:38487], old=null RUNNING
2019-06-18 10:34:37,596 INFO  impl.RaftServerImpl (RaftServerImpl.java:lambda$shutdown$3(238)) - 35ca8ec5-d55d-4221-9238-64d87b8e36f4: shutdown group-EF91AF8D74D0
2019-06-18 10:34:37,596 INFO  util.JmxRegister (JmxRegister.java:unregister(73)) - Successfully un-registered JMX Bean with object name Ratis:service=RaftServer,group=group-EF91AF8D74D0,id=35ca8ec5-d55d-4221-9238-64d87b8e36f4
2019-06-18 10:34:37,596 INFO  impl.RoleInfo (RoleInfo.java:shutdownFollowerState(121)) - 35ca8ec5-d55d-4221-9238-64d87b8e36f4: shutdown FollowerState
2019-06-18 10:34:37,596 INFO  impl.StateMachineUpdater (StateMachineUpdater.java:stopAndJoin(109)) - StateMachineUpdater-35ca8ec5-d55d-4221-9238-64d87b8e36f4-group-EF91AF8D74D0: set stopIndex = 80
2019-06-18 10:34:37,596 INFO  impl.FollowerState (FollowerState.java:run(109)) - 35ca8ec5-d55d-4221-9238-64d87b8e36f4: FollowerState was interrupted: java.lang.InterruptedException: sleep interrupted
2019-06-18 10:34:37,596 INFO  ratis.ContainerStateMachine (ContainerStateMachine.java:takeSnapshot(245)) - Taking snapshot at termIndex:(t:2, i:77)
2019-06-18 10:34:37,598 INFO  ratis.ContainerStateMachine (ContainerStateMachine.java:takeSnapshot(249)) - Taking a snapshot to file /opt/src/hadoop-ozone/tools/target/test-dir/MiniOzoneClusterImpl-3b315d66-9ced-4c03-8adf-31133961d564/datanode-2/data/ratis/d03e1b14-6516-44e4-ae76-ef91af8d74d0/sm/snapshot.2_77
2019-06-18 10:34:37,598 INFO  impl.RaftServerImpl (ServerState.java:close(394)) - 35ca8ec5-d55d-4221-9238-64d87b8e36f4:group-EF91AF8D74D0 closes. The last applied log index is 80
2019-06-18 10:34:37,599 INFO  storage.RaftLogWorker (RaftLogWorker.java:run(236)) - 35ca8ec5-d55d-4221-9238-64d87b8e36f4-RaftLogWorker was interrupted, exiting. There are 0 tasks remaining in the queue.
2019-06-18 10:34:37,600 INFO  storage.RaftLogWorker (RaftLogWorker.java:close(168)) - 35ca8ec5-d55d-4221-9238-64d87b8e36f4-RaftLogWorker close()
2019-06-18 10:34:37,611 INFO  impl.RaftServerProxy (RaftServerProxy.java:remove(95)) - f3ae20ad-8983-4ef7-8eff-7dc300e40c53: remove FOLLOWER group-EF91AF8D74D0 f3ae20ad-8983-4ef7-8eff-7dc300e40c53:t2, leader=c9997d1c-dc71-481e-b72e-9b78d631aee5, voted=c9997d1c-dc71-481e-b72e-9b78d631aee5, raftlog=f3ae20ad-8983-4ef7-8eff-7dc300e40c53-SegmentedRaftLog:OPENED:c80,f80,i80, conf=0: [35ca8ec5-d55d-4221-9238-64d87b8e36f4:192.168.46.6:46361, f3ae20ad-8983-4ef7-8eff-7dc300e40c53:192.168.46.6:35385, c9997d1c-dc71-481e-b72e-9b78d631aee5:192.168.46.6:38487], old=null RUNNING
2019-06-18 10:34:37,611 INFO  impl.RaftServerImpl (RaftServerImpl.java:lambda$shutdown$3(238)) - f3ae20ad-8983-4ef7-8eff-7dc300e40c53: shutdown group-EF91AF8D74D0
2019-06-18 10:34:37,612 INFO  util.JmxRegister (JmxRegister.java:unregister(73)) - Successfully un-registered JMX Bean with object name Ratis:service=RaftServer,group=group-EF91AF8D74D0,id=f3ae20ad-8983-4ef7-8eff-7dc300e40c53
2019-06-18 10:34:37,612 INFO  impl.RoleInfo (RoleInfo.java:shutdownFollowerState(121)) - f3ae20ad-8983-4ef7-8eff-7dc300e40c53: shutdown FollowerState
2019-06-18 10:34:37,612 INFO  impl.StateMachineUpdater (StateMachineUpdater.java:stopAndJoin(109)) - StateMachineUpdater-f3ae20ad-8983-4ef7-8eff-7dc300e40c53-group-EF91AF8D74D0: set stopIndex = 80
2019-06-18 10:34:37,612 INFO  impl.FollowerState (FollowerState.java:run(109)) - f3ae20ad-8983-4ef7-8eff-7dc300e40c53: FollowerState was interrupted: java.lang.InterruptedException: sleep interrupted
2019-06-18 10:34:37,612 INFO  ratis.ContainerStateMachine (ContainerStateMachine.java:takeSnapshot(245)) - Taking snapshot at termIndex:(t:2, i:77)
2019-06-18 10:34:37,615 INFO  ratis.ContainerStateMachine (ContainerStateMachine.java:takeSnapshot(249)) - Taking a snapshot to file /opt/src/hadoop-ozone/tools/target/test-dir/MiniOzoneClusterImpl-3b315d66-9ced-4c03-8adf-31133961d564/datanode-0/data/ratis/d03e1b14-6516-44e4-ae76-ef91af8d74d0/sm/snapshot.2_77
2019-06-18 10:34:37,615 INFO  impl.RaftServerImpl (ServerState.java:close(394)) - f3ae20ad-8983-4ef7-8eff-7dc300e40c53:group-EF91AF8D74D0 closes. The last applied log index is 80
2019-06-18 10:34:37,615 INFO  storage.RaftLogWorker (RaftLogWorker.java:run(236)) - f3ae20ad-8983-4ef7-8eff-7dc300e40c53-RaftLogWorker was interrupted, exiting. There are 0 tasks remaining in the queue.
2019-06-18 10:34:37,618 INFO  storage.RaftLogWorker (RaftLogWorker.java:close(168)) - f3ae20ad-8983-4ef7-8eff-7dc300e40c53-RaftLogWorker close()
2019-06-18 10:34:37,623 INFO  pipeline.PipelineStateManager (PipelineStateManager.java:removePipeline(108)) - Pipeline Pipeline[ Id: d03e1b14-6516-44e4-ae76-ef91af8d74d0, Nodes: c9997d1c-dc71-481e-b72e-9b78d631aee5{ip: 192.168.46.6, host: ozone-unit-076618677d372z9n-3564682807, networkLocation: /default-rack, certSerialId: null}35ca8ec5-d55d-4221-9238-64d87b8e36f4{ip: 192.168.46.6, host: ozone-unit-076618677d372z9n-3564682807, networkLocation: /default-rack, certSerialId: null}f3ae20ad-8983-4ef7-8eff-7dc300e40c53{ip: 192.168.46.6, host: ozone-unit-076618677d372z9n-3564682807, networkLocation: /default-rack, certSerialId: null}, Type:RATIS, Factor:THREE, State:CLOSED] removed from db
2019-06-18 10:34:37,658 INFO  impl.RaftServerProxy (RaftServerProxy.java:addNew(89)) - c9997d1c-dc71-481e-b72e-9b78d631aee5: addNew group-19F87C1E3C5F:[35ca8ec5-d55d-4221-9238-64d87b8e36f4:192.168.46.6:46361, f3ae20ad-8983-4ef7-8eff-7dc300e40c53:192.168.46.6:35385, c9997d1c-dc71-481e-b72e-9b78d631aee5:192.168.46.6:38487] returns group-19F87C1E3C5F:java.util.concurrent.CompletableFuture@7917b3bd[Not completed]
2019-06-18 10:34:37,658 INFO  impl.RaftServerProxy (RaftServerProxy.java:addNew(89)) - 35ca8ec5-d55d-4221-9238-64d87b8e36f4: addNew group-19F87C1E3C5F:[35ca8ec5-d55d-4221-9238-64d87b8e36f4:192.168.46.6:46361, f3ae20ad-8983-4ef7-8eff-7dc300e40c53:192.168.46.6:35385, c9997d1c-dc71-481e-b72e-9b78d631aee5:192.168.46.6:38487] returns group-19F87C1E3C5F:java.util.concurrent.CompletableFuture@7d37ff1b[Not completed]
2019-06-18 10:34:37,658 INFO  impl.RaftServerImpl (RaftServerImpl.java:<init>(91)) - c9997d1c-dc71-481e-b72e-9b78d631aee5: new RaftServerImpl for group-19F87C1E3C5F:[35ca8ec5-d55d-4221-9238-64d87b8e36f4:192.168.46.6:46361, f3ae20ad-8983-4ef7-8eff-7dc300e40c53:192.168.46.6:35385, c9997d1c-dc71-481e-b72e-9b78d631aee5:192.168.46.6:38487] with ContainerStateMachine:uninitialized
2019-06-18 10:34:37,659 INFO  server.RaftServerConfigKeys (ConfUtils.java:logGet(43)) - raft.server.rpc.timeout.min = 1s (custom)
2019-06-18 10:34:37,659 INFO  server.RaftServerConfigKeys (ConfUtils.java:logGet(43)) - raft.server.rpc.timeout.max = 1200ms (custom)
2019-06-18 10:34:37,660 INFO  server.RaftServerConfigKeys (ConfUtils.java:logGet(43)) - raft.server.rpcslowness.timeout = 120s (custom)
2019-06-18 10:34:37,660 INFO  server.RaftServerConfigKeys (ConfUtils.java:logGet(43)) - raft.server.log.appender.install.snapshot.enabled = true (default)
2019-06-18 10:34:37,660 INFO  impl.RaftServerImpl (ServerState.java:<init>(101)) - c9997d1c-dc71-481e-b72e-9b78d631aee5:group-19F87C1E3C5F ConfigurationManager, init=-1: [35ca8ec5-d55d-4221-9238-64d87b8e36f4:192.168.46.6:46361, f3ae20ad-8983-4ef7-8eff-7dc300e40c53:192.168.46.6:35385, c9997d1c-dc71-481e-b72e-9b78d631aee5:192.168.46.6:38487], old=null, confs=<EMPTY_MAP>
2019-06-18 10:34:37,660 INFO  server.RaftServerConfigKeys (ConfUtils.java:logGet(43)) - raft.server.storage.dir = [/opt/src/hadoop-ozone/tools/target/test-dir/MiniOzoneClusterImpl-3b315d66-9ced-4c03-8adf-31133961d564/datanode-1/data/ratis] (custom)
2019-06-18 10:34:37,660 INFO  storage.RaftStorageDirectory (RaftStorageDirectory.java:analyzeStorage(246)) - The storage directory /opt/src/hadoop-ozone/tools/target/test-dir/MiniOzoneClusterImpl-3b315d66-9ced-4c03-8adf-31133961d564/datanode-1/data/ratis/c2af9d3f-cff4-4fe8-9f5d-19f87c1e3c5f does not exist. Creating ...
2019-06-18 10:34:37,661 INFO  impl.RaftServerImpl (RaftServerImpl.java:<init>(91)) - 35ca8ec5-d55d-4221-9238-64d87b8e36f4: new RaftServerImpl for group-19F87C1E3C5F:[35ca8ec5-d55d-4221-9238-64d87b8e36f4:192.168.46.6:46361, f3ae20ad-8983-4ef7-8eff-7dc300e40c53:192.168.46.6:35385, c9997d1c-dc71-481e-b72e-9b78d631aee5:192.168.46.6:38487] with ContainerStateMachine:uninitialized
2019-06-18 10:34:37,661 INFO  server.RaftServerConfigKeys (ConfUtils.java:logGet(43)) - raft.server.rpc.timeout.min = 1s (custom)
2019-06-18 10:34:37,661 INFO  server.RaftServerConfigKeys (ConfUtils.java:logGet(43)) - raft.server.rpc.timeout.max = 1200ms (custom)
2019-06-18 10:34:37,661 INFO  server.RaftServerConfigKeys (ConfUtils.java:logGet(43)) - raft.server.rpcslowness.timeout = 120s (custom)
2019-06-18 10:34:37,661 INFO  server.RaftServerConfigKeys (ConfUtils.java:logGet(43)) - raft.server.log.appender.install.snapshot.enabled = true (default)
2019-06-18 10:34:37,661 INFO  impl.RaftServerImpl (ServerState.java:<init>(101)) - 35ca8ec5-d55d-4221-9238-64d87b8e36f4:group-19F87C1E3C5F ConfigurationManager, init=-1: [35ca8ec5-d55d-4221-9238-64d87b8e36f4:192.168.46.6:46361, f3ae20ad-8983-4ef7-8eff-7dc300e40c53:192.168.46.6:35385, c9997d1c-dc71-481e-b72e-9b78d631aee5:192.168.46.6:38487], old=null, confs=<EMPTY_MAP>
2019-06-18 10:34:37,661 INFO  server.RaftServerConfigKeys (ConfUtils.java:logGet(43)) - raft.server.storage.dir = [/opt/src/hadoop-ozone/tools/target/test-dir/MiniOzoneClusterImpl-3b315d66-9ced-4c03-8adf-31133961d564/datanode-2/data/ratis] (custom)
2019-06-18 10:34:37,663 INFO  storage.RaftStorageDirectory (RaftStorageDirectory.java:analyzeStorage(246)) - The storage directory /opt/src/hadoop-ozone/tools/target/test-dir/MiniOzoneClusterImpl-3b315d66-9ced-4c03-8adf-31133961d564/datanode-2/data/ratis/c2af9d3f-cff4-4fe8-9f5d-19f87c1e3c5f does not exist. Creating ...
2019-06-18 10:34:37,664 INFO  storage.RaftStorageDirectory (RaftStorageDirectory.java:tryLock(328)) - Lock on /opt/src/hadoop-ozone/tools/target/test-dir/MiniOzoneClusterImpl-3b315d66-9ced-4c03-8adf-31133961d564/datanode-1/data/ratis/c2af9d3f-cff4-4fe8-9f5d-19f87c1e3c5f/in_use.lock acquired by nodename 18252@ozone-unit-076618677d372z9n-3564682807
2019-06-18 10:34:37,665 INFO  storage.RaftStorageDirectory (RaftStorageDirectory.java:tryLock(328)) - Lock on /opt/src/hadoop-ozone/tools/target/test-dir/MiniOzoneClusterImpl-3b315d66-9ced-4c03-8adf-31133961d564/datanode-2/data/ratis/c2af9d3f-cff4-4fe8-9f5d-19f87c1e3c5f/in_use.lock acquired by nodename 18252@ozone-unit-076618677d372z9n-3564682807
2019-06-18 10:34:37,667 INFO  storage.RaftStorage (RaftStorage.java:format(75)) - Storage directory /opt/src/hadoop-ozone/tools/target/test-dir/MiniOzoneClusterImpl-3b315d66-9ced-4c03-8adf-31133961d564/datanode-1/data/ratis/c2af9d3f-cff4-4fe8-9f5d-19f87c1e3c5f has been successfully formatted.
2019-06-18 10:34:37,667 INFO  impl.RaftServerProxy (RaftServerProxy.java:addNew(89)) - f3ae20ad-8983-4ef7-8eff-7dc300e40c53: addNew group-19F87C1E3C5F:[35ca8ec5-d55d-4221-9238-64d87b8e36f4:192.168.46.6:46361, f3ae20ad-8983-4ef7-8eff-7dc300e40c53:192.168.46.6:35385, c9997d1c-dc71-481e-b72e-9b78d631aee5:192.168.46.6:38487] returns group-19F87C1E3C5F:java.util.concurrent.CompletableFuture@189a65e1[Not completed]
2019-06-18 10:34:37,667 INFO  ratis.ContainerStateMachine (ContainerStateMachine.java:loadSnapshot(199)) - The snapshot info is null.Setting the last applied index to:(t:0, i:~)
2019-06-18 10:34:37,667 INFO  server.RaftServerConfigKeys (ConfUtils.java:logGet(43)) - raft.server.leader.election.timeout = 120s (custom)
2019-06-18 10:34:37,668 INFO  server.RaftServerConfigKeys (ConfUtils.java:logGet(43)) - raft.server.log.use.memory = false (default)
2019-06-18 10:34:37,668 INFO  server.RaftServerConfigKeys (ConfUtils.java:logGet(43)) - raft.server.log.appender.buffer.byte-limit = 33554432 (custom)
2019-06-18 10:34:37,668 INFO  impl.RaftServerImpl (RaftServerImpl.java:<init>(91)) - f3ae20ad-8983-4ef7-8eff-7dc300e40c53: new RaftServerImpl for group-19F87C1E3C5F:[35ca8ec5-d55d-4221-9238-64d87b8e36f4:192.168.46.6:46361, f3ae20ad-8983-4ef7-8eff-7dc300e40c53:192.168.46.6:35385, c9997d1c-dc71-481e-b72e-9b78d631aee5:192.168.46.6:38487] with ContainerStateMachine:uninitialized
2019-06-18 10:34:37,668 INFO  server.RaftServerConfigKeys (ConfUtils.java:logGet(43)) - raft.server.rpc.timeout.min = 1s (custom)
2019-06-18 10:34:37,668 INFO  server.RaftServerConfigKeys (ConfUtils.java:logGet(43)) - raft.server.rpc.timeout.max = 1200ms (custom)
2019-06-18 10:34:37,668 INFO  server.RaftServerConfigKeys (ConfUtils.java:logGet(43)) - raft.server.rpcslowness.timeout = 120s (custom)
2019-06-18 10:34:37,668 INFO  server.RaftServerConfigKeys (ConfUtils.java:logGet(43)) - raft.server.log.appender.install.snapshot.enabled = true (default)
2019-06-18 10:34:37,668 INFO  impl.RaftServerImpl (ServerState.java:<init>(101)) - f3ae20ad-8983-4ef7-8eff-7dc300e40c53:group-19F87C1E3C5F ConfigurationManager, init=-1: [35ca8ec5-d55d-4221-9238-64d87b8e36f4:192.168.46.6:46361, f3ae20ad-8983-4ef7-8eff-7dc300e40c53:192.168.46.6:35385, c9997d1c-dc71-481e-b72e-9b78d631aee5:192.168.46.6:38487], old=null, confs=<EMPTY_MAP>
2019-06-18 10:34:37,668 INFO  server.RaftServerConfigKeys (ConfUtils.java:logGet(43)) - raft.server.storage.dir = [/opt/src/hadoop-ozone/tools/target/test-dir/MiniOzoneClusterImpl-3b315d66-9ced-4c03-8adf-31133961d564/datanode-0/data/ratis] (custom)
2019-06-18 10:34:37,669 INFO  storage.RaftStorageDirectory (RaftStorageDirectory.java:analyzeStorage(246)) - The storage directory /opt/src/hadoop-ozone/tools/target/test-dir/MiniOzoneClusterImpl-3b315d66-9ced-4c03-8adf-31133961d564/datanode-0/data/ratis/c2af9d3f-cff4-4fe8-9f5d-19f87c1e3c5f does not exist. Creating ...
2019-06-18 10:34:37,668 INFO  server.RaftServerConfigKeys (ConfUtils.java:logGet(43)) - raft.server.log.segment.size.max = 16384 (custom)
2019-06-18 10:34:37,669 INFO  server.RaftServerConfigKeys (ConfUtils.java:logGet(43)) - raft.server.log.segment.cache.num.max = 2 (custom)
2019-06-18 10:34:37,669 INFO  storage.RaftLogWorker (RaftLogWorker.java:<init>(123)) - new c9997d1c-dc71-481e-b72e-9b78d631aee5-RaftLogWorker for Storage Directory /opt/src/hadoop-ozone/tools/target/test-dir/MiniOzoneClusterImpl-3b315d66-9ced-4c03-8adf-31133961d564/datanode-1/data/ratis/c2af9d3f-cff4-4fe8-9f5d-19f87c1e3c5f
2019-06-18 10:34:37,669 INFO  server.RaftServerConfigKeys (ConfUtils.java:logGet(43)) - raft.server.log.queue.byte-limit = 2147483647 (custom)
2019-06-18 10:34:37,669 INFO  server.RaftServerConfigKeys (ConfUtils.java:logGet(43)) - raft.server.log.queue.element-limit = 1024 (custom)
2019-06-18 10:34:37,670 INFO  server.RaftServerConfigKeys (ConfUtils.java:logGet(43)) - raft.server.log.segment.size.max = 16384 (custom)
2019-06-18 10:34:37,670 INFO  storage.RaftStorage (RaftStorage.java:format(75)) - Storage directory /opt/src/hadoop-ozone/tools/target/test-dir/MiniOzoneClusterImpl-3b315d66-9ced-4c03-8adf-31133961d564/datanode-2/data/ratis/c2af9d3f-cff4-4fe8-9f5d-19f87c1e3c5f has been successfully formatted.
2019-06-18 10:34:37,670 INFO  server.RaftServerConfigKeys (ConfUtils.java:logGet(43)) - raft.server.log.preallocated.size = 16384 (custom)
2019-06-18 10:34:37,670 INFO  ratis.ContainerStateMachine (ContainerStateMachine.java:loadSnapshot(199)) - The snapshot info is null.Setting the last applied index to:(t:0, i:~)
2019-06-18 10:34:37,670 INFO  server.RaftServerConfigKeys (ConfUtils.java:logGet(43)) - raft.server.log.write.buffer.size = 33554432 (custom)
2019-06-18 10:34:37,670 INFO  server.RaftServerConfigKeys (ConfUtils.java:logGet(43)) - raft.server.log.force.sync.num = 128 (default)
2019-06-18 10:34:37,670 INFO  server.RaftServerConfigKeys (ConfUtils.java:logGet(43)) - raft.server.log.statemachine.data.sync = true (default)
2019-06-18 10:34:37,670 INFO  server.RaftServerConfigKeys (ConfUtils.java:logGet(43)) - raft.server.log.statemachine.data.sync.timeout = 10s (default)
2019-06-18 10:34:37,671 INFO  server.RaftServerConfigKeys (ConfUtils.java:logGet(43)) - raft.server.log.statemachine.data.sync.timeout.retry = -1 (default)
2019-06-18 10:34:37,671 INFO  server.RaftServerConfigKeys (ConfUtils.java:logGet(43)) - raft.server.log.statemachine.data.caching.enabled = true (custom)
2019-06-18 10:34:37,670 INFO  server.RaftServerConfigKeys (ConfUtils.java:logGet(43)) - raft.server.leader.election.timeout = 120s (custom)
2019-06-18 10:34:37,671 INFO  server.RaftServerConfigKeys (ConfUtils.java:logGet(43)) - raft.server.log.use.memory = false (default)
2019-06-18 10:34:37,671 INFO  server.RaftServerConfigKeys (ConfUtils.java:logGet(43)) - raft.server.log.appender.buffer.byte-limit = 33554432 (custom)
2019-06-18 10:34:37,671 INFO  server.RaftServerConfigKeys (ConfUtils.java:logGet(43)) - raft.server.log.segment.size.max = 16384 (custom)
2019-06-18 10:34:37,671 INFO  server.RaftServerConfigKeys (ConfUtils.java:logGet(43)) - raft.server.log.segment.cache.num.max = 2 (custom)
2019-06-18 10:34:37,672 INFO  storage.RaftLogWorker (RaftLogWorker.java:<init>(123)) - new 35ca8ec5-d55d-4221-9238-64d87b8e36f4-RaftLogWorker for Storage Directory /opt/src/hadoop-ozone/tools/target/test-dir/MiniOzoneClusterImpl-3b315d66-9ced-4c03-8adf-31133961d564/datanode-2/data/ratis/c2af9d3f-cff4-4fe8-9f5d-19f87c1e3c5f
2019-06-18 10:34:37,672 INFO  server.RaftServerConfigKeys (ConfUtils.java:logGet(43)) - raft.server.log.queue.byte-limit = 2147483647 (custom)
2019-06-18 10:34:37,672 INFO  server.RaftServerConfigKeys (ConfUtils.java:logGet(43)) - raft.server.log.queue.element-limit = 1024 (custom)
2019-06-18 10:34:37,672 INFO  server.RaftServerConfigKeys (ConfUtils.java:logGet(43)) - raft.server.log.segment.size.max = 16384 (custom)
2019-06-18 10:34:37,672 INFO  server.RaftServerConfigKeys (ConfUtils.java:logGet(43)) - raft.server.log.preallocated.size = 16384 (custom)
2019-06-18 10:34:37,672 INFO  server.RaftServerConfigKeys (ConfUtils.java:logGet(43)) - raft.server.log.write.buffer.size = 33554432 (custom)
2019-06-18 10:34:37,672 INFO  server.RaftServerConfigKeys (ConfUtils.java:logGet(43)) - raft.server.log.force.sync.num = 128 (default)
2019-06-18 10:34:37,672 INFO  server.RaftServerConfigKeys (ConfUtils.java:logGet(43)) - raft.server.log.statemachine.data.sync = true (default)
2019-06-18 10:34:37,672 INFO  server.RaftServerConfigKeys (ConfUtils.java:logGet(43)) - raft.server.log.statemachine.data.sync.timeout = 10s (default)
2019-06-18 10:34:37,673 INFO  server.RaftServerConfigKeys (ConfUtils.java:logGet(43)) - raft.server.log.statemachine.data.sync.timeout.retry = -1 (default)
2019-06-18 10:34:37,673 INFO  server.RaftServerConfigKeys (ConfUtils.java:logGet(43)) - raft.server.log.statemachine.data.caching.enabled = true (custom)
2019-06-18 10:34:37,673 INFO  server.RaftServerConfigKeys (ConfUtils.java:logGet(43)) - raft.server.snapshot.auto.trigger.enabled = true (custom)
2019-06-18 10:34:37,671 INFO  server.RaftServerConfigKeys (ConfUtils.java:logGet(43)) - raft.server.snapshot.auto.trigger.enabled = true (custom)
2019-06-18 10:34:37,673 INFO  server.RaftServerConfigKeys (ConfUtils.java:logGet(43)) - raft.server.snapshot.auto.trigger.threshold = 10000 (custom)
2019-06-18 10:34:37,673 INFO  server.RaftServerConfigKeys (ConfUtils.java:logGet(43)) - raft.server.retrycache.expirytime = 600000ms (custom)
2019-06-18 10:34:37,674 INFO  impl.RaftServerImpl (RaftServerImpl.java:start(173)) - c9997d1c-dc71-481e-b72e-9b78d631aee5: start group-19F87C1E3C5F
2019-06-18 10:34:37,674 INFO  impl.RaftServerImpl (RaftServerImpl.java:setRole(164)) - c9997d1c-dc71-481e-b72e-9b78d631aee5:group-19F87C1E3C5F changes role from null to FOLLOWER at term 0 for startAsFollower
2019-06-18 10:34:37,674 INFO  impl.RoleInfo (RoleInfo.java:updateAndGet(143)) - c9997d1c-dc71-481e-b72e-9b78d631aee5: start FollowerState
2019-06-18 10:34:37,673 INFO  server.RaftServerConfigKeys (ConfUtils.java:logGet(43)) - raft.server.snapshot.auto.trigger.threshold = 10000 (custom)
2019-06-18 10:34:37,671 INFO  storage.RaftStorageDirectory (RaftStorageDirectory.java:tryLock(328)) - Lock on /opt/src/hadoop-ozone/tools/target/test-dir/MiniOzoneClusterImpl-3b315d66-9ced-4c03-8adf-31133961d564/datanode-0/data/ratis/c2af9d3f-cff4-4fe8-9f5d-19f87c1e3c5f/in_use.lock acquired by nodename 18252@ozone-unit-076618677d372z9n-3564682807
2019-06-18 10:34:37,675 INFO  util.JmxRegister (JmxRegister.java:tryRegister(44)) - Successfully registered JMX Bean with object name Ratis:service=RaftServer,group=group-19F87C1E3C5F,id=c9997d1c-dc71-481e-b72e-9b78d631aee5
2019-06-18 10:34:37,675 INFO  server.RaftServerConfigKeys (ConfUtils.java:logGet(43)) - raft.server.retrycache.expirytime = 600000ms (custom)
2019-06-18 10:34:37,675 INFO  impl.RaftServerImpl (RaftServerImpl.java:start(173)) - 35ca8ec5-d55d-4221-9238-64d87b8e36f4: start group-19F87C1E3C5F
2019-06-18 10:34:37,675 INFO  impl.RaftServerImpl (RaftServerImpl.java:setRole(164)) - 35ca8ec5-d55d-4221-9238-64d87b8e36f4:group-19F87C1E3C5F changes role from null to FOLLOWER at term 0 for startAsFollower
2019-06-18 10:34:37,675 INFO  impl.RoleInfo (RoleInfo.java:updateAndGet(143)) - 35ca8ec5-d55d-4221-9238-64d87b8e36f4: start FollowerState
2019-06-18 10:34:37,676 INFO  util.JmxRegister (JmxRegister.java:tryRegister(44)) - Successfully registered JMX Bean with object name Ratis:service=RaftServer,group=group-19F87C1E3C5F,id=35ca8ec5-d55d-4221-9238-64d87b8e36f4
2019-06-18 10:34:37,677 INFO  storage.RaftStorage (RaftStorage.java:format(75)) - Storage directory /opt/src/hadoop-ozone/tools/target/test-dir/MiniOzoneClusterImpl-3b315d66-9ced-4c03-8adf-31133961d564/datanode-0/data/ratis/c2af9d3f-cff4-4fe8-9f5d-19f87c1e3c5f has been successfully formatted.
2019-06-18 10:34:37,677 INFO  ratis.ContainerStateMachine (ContainerStateMachine.java:loadSnapshot(199)) - The snapshot info is null.Setting the last applied index to:(t:0, i:~)
2019-06-18 10:34:37,677 INFO  server.RaftServerConfigKeys (ConfUtils.java:logGet(43)) - raft.server.leader.election.timeout = 120s (custom)
2019-06-18 10:34:37,677 INFO  server.RaftServerConfigKeys (ConfUtils.java:logGet(43)) - raft.server.log.use.memory = false (default)
2019-06-18 10:34:37,677 INFO  server.RaftServerConfigKeys (ConfUtils.java:logGet(43)) - raft.server.log.appender.buffer.byte-limit = 33554432 (custom)
2019-06-18 10:34:37,693 INFO  server.RaftServerConfigKeys (ConfUtils.java:logGet(43)) - raft.server.log.segment.size.max = 16384 (custom)
2019-06-18 10:34:37,693 INFO  server.RaftServerConfigKeys (ConfUtils.java:logGet(43)) - raft.server.log.segment.cache.num.max = 2 (custom)
2019-06-18 10:34:37,693 INFO  storage.RaftLogWorker (RaftLogWorker.java:<init>(123)) - new f3ae20ad-8983-4ef7-8eff-7dc300e40c53-RaftLogWorker for Storage Directory /opt/src/hadoop-ozone/tools/target/test-dir/MiniOzoneClusterImpl-3b315d66-9ced-4c03-8adf-31133961d564/datanode-0/data/ratis/c2af9d3f-cff4-4fe8-9f5d-19f87c1e3c5f
2019-06-18 10:34:37,693 INFO  server.RaftServerConfigKeys (ConfUtils.java:logGet(43)) - raft.server.log.queue.byte-limit = 2147483647 (custom)
2019-06-18 10:34:37,693 INFO  server.RaftServerConfigKeys (ConfUtils.java:logGet(43)) - raft.server.log.queue.element-limit = 1024 (custom)
2019-06-18 10:34:37,693 INFO  server.RaftServerConfigKeys (ConfUtils.java:logGet(43)) - raft.server.log.segment.size.max = 16384 (custom)
2019-06-18 10:34:37,693 INFO  server.RaftServerConfigKeys (ConfUtils.java:logGet(43)) - raft.server.log.preallocated.size = 16384 (custom)
2019-06-18 10:34:37,693 INFO  server.RaftServerConfigKeys (ConfUtils.java:logGet(43)) - raft.server.log.write.buffer.size = 33554432 (custom)
2019-06-18 10:34:37,693 INFO  server.RaftServerConfigKeys (ConfUtils.java:logGet(43)) - raft.server.log.force.sync.num = 128 (default)
2019-06-18 10:34:37,694 INFO  server.RaftServerConfigKeys (ConfUtils.java:logGet(43)) - raft.server.log.statemachine.data.sync = true (default)
2019-06-18 10:34:37,694 INFO  server.RaftServerConfigKeys (ConfUtils.java:logGet(43)) - raft.server.log.statemachine.data.sync.timeout = 10s (default)
2019-06-18 10:34:37,694 INFO  server.RaftServerConfigKeys (ConfUtils.java:logGet(43)) - raft.server.log.statemachine.data.sync.timeout.retry = -1 (default)
2019-06-18 10:34:37,694 INFO  server.RaftServerConfigKeys (ConfUtils.java:logGet(43)) - raft.server.log.statemachine.data.caching.enabled = true (custom)
2019-06-18 10:34:37,694 INFO  server.RaftServerConfigKeys (ConfUtils.java:logGet(43)) - raft.server.snapshot.auto.trigger.enabled = true (custom)
2019-06-18 10:34:37,694 INFO  server.RaftServerConfigKeys (ConfUtils.java:logGet(43)) - raft.server.snapshot.auto.trigger.threshold = 10000 (custom)
2019-06-18 10:34:37,694 INFO  server.RaftServerConfigKeys (ConfUtils.java:logGet(43)) - raft.server.retrycache.expirytime = 600000ms (custom)
2019-06-18 10:34:37,695 INFO  impl.RaftServerImpl (RaftServerImpl.java:start(173)) - f3ae20ad-8983-4ef7-8eff-7dc300e40c53: start group-19F87C1E3C5F
2019-06-18 10:34:37,695 INFO  impl.RaftServerImpl (RaftServerImpl.java:setRole(164)) - f3ae20ad-8983-4ef7-8eff-7dc300e40c53:group-19F87C1E3C5F changes role from null to FOLLOWER at term 0 for startAsFollower
2019-06-18 10:34:37,695 INFO  impl.RoleInfo (RoleInfo.java:updateAndGet(143)) - f3ae20ad-8983-4ef7-8eff-7dc300e40c53: start FollowerState
2019-06-18 10:34:37,722 INFO  util.JmxRegister (JmxRegister.java:tryRegister(44)) - Successfully registered JMX Bean with object name Ratis:service=RaftServer,group=group-19F87C1E3C5F,id=f3ae20ad-8983-4ef7-8eff-7dc300e40c53
2019-06-18 10:34:37,726 INFO  pipeline.PipelineStateManager (PipelineStateManager.java:addPipeline(56)) - Created pipeline Pipeline[ Id: c2af9d3f-cff4-4fe8-9f5d-19f87c1e3c5f, Nodes: c9997d1c-dc71-481e-b72e-9b78d631aee5{ip: 192.168.46.6, host: ozone-unit-076618677d372z9n-3564682807, networkLocation: /default-rack, certSerialId: null}35ca8ec5-d55d-4221-9238-64d87b8e36f4{ip: 192.168.46.6, host: ozone-unit-076618677d372z9n-3564682807, networkLocation: /default-rack, certSerialId: null}f3ae20ad-8983-4ef7-8eff-7dc300e40c53{ip: 192.168.46.6, host: ozone-unit-076618677d372z9n-3564682807, networkLocation: /default-rack, certSerialId: null}, Type:RATIS, Factor:THREE, State:OPEN]
2019-06-18 10:34:37,767 INFO  freon.RandomKeyGenerator (RandomKeyGenerator.java:call(261)) - Number of Threads: 10
2019-06-18 10:34:37,767 INFO  freon.RandomKeyGenerator (RandomKeyGenerator.java:call(267)) - Number of Volumes: 1.
2019-06-18 10:34:37,767 INFO  freon.RandomKeyGenerator (RandomKeyGenerator.java:call(268)) - Number of Buckets per Volume: 1.
2019-06-18 10:34:37,768 INFO  freon.RandomKeyGenerator (RandomKeyGenerator.java:call(269)) - Number of Keys per Bucket: 1.
2019-06-18 10:34:37,768 INFO  freon.RandomKeyGenerator (RandomKeyGenerator.java:call(270)) - Key size: 20971520 bytes
2019-06-18 10:34:37,768 INFO  freon.RandomKeyGenerator (RandomKeyGenerator.java:call(271)) - Buffer size: 4096 bytes
2019-06-18 10:34:37,768 INFO  freon.RandomKeyGenerator (RandomKeyGenerator.java:call(287)) - Data validation is enabled.
2019-06-18 10:34:37,768 INFO  freon.RandomKeyGenerator (RandomKeyGenerator.java:call(300)) - Starting progress bar Thread.
2019-06-18 10:34:37,769 INFO  rpc.RpcClient (RpcClient.java:createVolume(289)) - Creating Volume: vol-0-72081, with jenkins1000 as owner.

 0.00% |█                                                                                                    |  0/1 Time: 0:00:002019-06-18 10:34:37,781 INFO  rpc.RpcClient (RpcClient.java:createBucket(426)) - Creating Bucket: vol-0-72081/bucket-0-01615, with Versioning false and Storage Type set to DISK and Encryption set to false 
2019-06-18 10:34:37,818 INFO  client.GrpcClientProtocolClient (GrpcClientProtocolClient.java:onNext(254)) - client-004EF253A554->c9997d1c-dc71-481e-b72e-9b78d631aee5: receive RaftClientReply:client-004EF253A554->c9997d1c-dc71-481e-b72e-9b78d631aee5@group-19F87C1E3C5F, cid=60, FAILED org.apache.ratis.protocol.NotLeaderException: Server c9997d1c-dc71-481e-b72e-9b78d631aee5 is not the leader (35ca8ec5-d55d-4221-9238-64d87b8e36f4:192.168.46.6:46361). Request must be sent to leader., logIndex=0, commits[c9997d1c-dc71-481e-b72e-9b78d631aee5:c-1]
2019-06-18 10:34:37,822 WARN  client.GrpcClientProtocolService (LogUtils.java:warn(134)) - 3-OrderedRequestStreamObserver3: onError: org.apache.ratis.thirdparty.io.grpc.StatusRuntimeException: CANCELLED: cancelled before receiving half close
2019-06-18 10:34:38,718 INFO  impl.FollowerState (FollowerState.java:run(101)) - c9997d1c-dc71-481e-b72e-9b78d631aee5:group-19F87C1E3C5F changes to CANDIDATE, lastRpcTime:1043, electionTimeout:1043ms
2019-06-18 10:34:38,719 INFO  impl.RoleInfo (RoleInfo.java:shutdownFollowerState(121)) - c9997d1c-dc71-481e-b72e-9b78d631aee5: shutdown FollowerState
2019-06-18 10:34:38,719 INFO  impl.RaftServerImpl (RaftServerImpl.java:setRole(164)) - c9997d1c-dc71-481e-b72e-9b78d631aee5:group-19F87C1E3C5F changes role from FOLLOWER to CANDIDATE at term 0 for changeToCandidate
2019-06-18 10:34:38,719 INFO  impl.RoleInfo (RoleInfo.java:updateAndGet(143)) - c9997d1c-dc71-481e-b72e-9b78d631aee5: start LeaderElection
2019-06-18 10:34:38,725 INFO  impl.LeaderElection (LeaderElection.java:askForVotes(181)) - c9997d1c-dc71-481e-b72e-9b78d631aee5:group-19F87C1E3C5F:LeaderElection8: begin an election at term 1 for -1: [35ca8ec5-d55d-4221-9238-64d87b8e36f4:192.168.46.6:46361, f3ae20ad-8983-4ef7-8eff-7dc300e40c53:192.168.46.6:35385, c9997d1c-dc71-481e-b72e-9b78d631aee5:192.168.46.6:38487], old=null
2019-06-18 10:34:38,738 INFO  impl.FollowerState (FollowerState.java:run(101)) - 35ca8ec5-d55d-4221-9238-64d87b8e36f4:group-19F87C1E3C5F changes to CANDIDATE, lastRpcTime:1062, electionTimeout:1052ms
2019-06-18 10:34:38,738 INFO  impl.RoleInfo (RoleInfo.java:shutdownFollowerState(121)) - 35ca8ec5-d55d-4221-9238-64d87b8e36f4: shutdown FollowerState
2019-06-18 10:34:38,738 INFO  impl.RaftServerImpl (RaftServerImpl.java:setRole(164)) - 35ca8ec5-d55d-4221-9238-64d87b8e36f4:group-19F87C1E3C5F changes role from FOLLOWER to CANDIDATE at term 0 for changeToCandidate
2019-06-18 10:34:38,738 INFO  impl.RoleInfo (RoleInfo.java:updateAndGet(143)) - 35ca8ec5-d55d-4221-9238-64d87b8e36f4: start LeaderElection
2019-06-18 10:34:38,751 INFO  impl.LeaderElection (LeaderElection.java:askForVotes(181)) - 35ca8ec5-d55d-4221-9238-64d87b8e36f4:group-19F87C1E3C5F:LeaderElection9: begin an election at term 1 for -1: [35ca8ec5-d55d-4221-9238-64d87b8e36f4:192.168.46.6:46361, f3ae20ad-8983-4ef7-8eff-7dc300e40c53:192.168.46.6:35385, c9997d1c-dc71-481e-b72e-9b78d631aee5:192.168.46.6:38487], old=null
2019-06-18 10:34:38,762 INFO  impl.RaftServerImpl (RaftServerImpl.java:setRole(164)) - f3ae20ad-8983-4ef7-8eff-7dc300e40c53:group-19F87C1E3C5F changes role from FOLLOWER to FOLLOWER at term 1 for recognizeCandidate:35ca8ec5-d55d-4221-9238-64d87b8e36f4
2019-06-18 10:34:38,762 INFO  impl.RoleInfo (RoleInfo.java:shutdownFollowerState(121)) - f3ae20ad-8983-4ef7-8eff-7dc300e40c53: shutdown FollowerState
2019-06-18 10:34:38,762 INFO  impl.FollowerState (FollowerState.java:run(109)) - f3ae20ad-8983-4ef7-8eff-7dc300e40c53: FollowerState was interrupted: java.lang.InterruptedException: sleep interrupted
2019-06-18 10:34:38,762 INFO  impl.RoleInfo (RoleInfo.java:updateAndGet(143)) - f3ae20ad-8983-4ef7-8eff-7dc300e40c53: start FollowerState
2019-06-18 10:34:38,770 INFO  impl.LeaderElection (LeaderElection.java:logAndReturn(56)) - 35ca8ec5-d55d-4221-9238-64d87b8e36f4:group-19F87C1E3C5F:LeaderElection9: Election PASSED; received 2 response(s) [35ca8ec5-d55d-4221-9238-64d87b8e36f4->f3ae20ad-8983-4ef7-8eff-7dc300e40c53,true-t1, 35ca8ec5-d55d-4221-9238-64d87b8e36f4->c9997d1c-dc71-481e-b72e-9b78d631aee5,false-t1] and 0 exception(s); 35ca8ec5-d55d-4221-9238-64d87b8e36f4:t1, leader=null, voted=35ca8ec5-d55d-4221-9238-64d87b8e36f4, raftlog=35ca8ec5-d55d-4221-9238-64d87b8e36f4-SegmentedRaftLog:OPENED:c-1,f-1,i0, conf=-1: [35ca8ec5-d55d-4221-9238-64d87b8e36f4:192.168.46.6:46361, f3ae20ad-8983-4ef7-8eff-7dc300e40c53:192.168.46.6:35385, c9997d1c-dc71-481e-b72e-9b78d631aee5:192.168.46.6:38487], old=null
2019-06-18 10:34:38,771 INFO  impl.RoleInfo (RoleInfo.java:shutdownLeaderElection(134)) - 35ca8ec5-d55d-4221-9238-64d87b8e36f4: shutdown LeaderElection
2019-06-18 10:34:38,772 INFO  impl.RaftServerImpl (RaftServerImpl.java:setRole(164)) - 35ca8ec5-d55d-4221-9238-64d87b8e36f4:group-19F87C1E3C5F changes role from CANDIDATE to LEADER at term 1 for changeToLeader
2019-06-18 10:34:38,772 INFO  impl.RaftServerImpl (ServerState.java:setLeader(263)) - 35ca8ec5-d55d-4221-9238-64d87b8e36f4:group-19F87C1E3C5F change Leader from null to 35ca8ec5-d55d-4221-9238-64d87b8e36f4 at term 1 for becomeLeader, leader elected after 1101ms
2019-06-18 10:34:38,772 INFO  server.RaftServerConfigKeys (ConfUtils.java:logGet(43)) - raft.server.staging.catchup.gap = 1000 (default)
2019-06-18 10:34:38,772 INFO  impl.LeaderElection (LeaderElection.java:logAndReturn(56)) - c9997d1c-dc71-481e-b72e-9b78d631aee5:group-19F87C1E3C5F:LeaderElection8: Election REJECTED; received 2 response(s) [c9997d1c-dc71-481e-b72e-9b78d631aee5->35ca8ec5-d55d-4221-9238-64d87b8e36f4,false-t1, c9997d1c-dc71-481e-b72e-9b78d631aee5->f3ae20ad-8983-4ef7-8eff-7dc300e40c53,false-t1] and 0 exception(s); c9997d1c-dc71-481e-b72e-9b78d631aee5:t1, leader=null, voted=c9997d1c-dc71-481e-b72e-9b78d631aee5, raftlog=c9997d1c-dc71-481e-b72e-9b78d631aee5-SegmentedRaftLog:OPENED:c-1,f-1,i0, conf=-1: [35ca8ec5-d55d-4221-9238-64d87b8e36f4:192.168.46.6:46361, f3ae20ad-8983-4ef7-8eff-7dc300e40c53:192.168.46.6:35385, c9997d1c-dc71-481e-b72e-9b78d631aee5:192.168.46.6:38487], old=null
2019-06-18 10:34:38,774 INFO  impl.RaftServerImpl (RaftServerImpl.java:setRole(164)) - c9997d1c-dc71-481e-b72e-9b78d631aee5:group-19F87C1E3C5F changes role from CANDIDATE to FOLLOWER at term 1 for DISCOVERED_A_NEW_TERM
 0.00% |█                                                                                                    |  0/1 Time: 0:00:012019-06-18 10:34:38,775 INFO  impl.RoleInfo (RoleInfo.java:shutdownLeaderElection(134)) - c9997d1c-dc71-481e-b72e-9b78d631aee5: shutdown LeaderElection
2019-06-18 10:34:38,775 INFO  impl.RoleInfo (RoleInfo.java:updateAndGet(143)) - c9997d1c-dc71-481e-b72e-9b78d631aee5: start FollowerState
2019-06-18 10:34:38,775 INFO  server.RaftServerConfigKeys (ConfUtils.java:logGet(43)) - raft.server.rpc.sleep.time = 25ms (default)
2019-06-18 10:34:38,777 INFO  server.RaftServerConfigKeys (ConfUtils.java:logGet(43)) - raft.server.watch.timeout = 10s (default)
2019-06-18 10:34:38,777 INFO  server.RaftServerConfigKeys (ConfUtils.java:logGet(43)) - raft.server.watch.timeout.denomination = 1s (default)
2019-06-18 10:34:38,777 INFO  server.RaftServerConfigKeys (ConfUtils.java:logGet(43)) - raft.server.log.appender.snapshot.chunk.size.max = 16MB (=16777216) (default)
2019-06-18 10:34:38,777 INFO  server.RaftServerConfigKeys (ConfUtils.java:logGet(43)) - raft.server.log.appender.buffer.byte-limit = 33554432 (custom)
2019-06-18 10:34:38,777 INFO  server.RaftServerConfigKeys (ConfUtils.java:logGet(43)) - raft.server.log.appender.buffer.element-limit = 1 (custom)
2019-06-18 10:34:38,778 INFO  grpc.GrpcConfigKeys$Server (ConfUtils.java:logGet(43)) - raft.grpc.server.leader.outstanding.appends.max = 128 (default)
2019-06-18 10:34:38,778 INFO  server.RaftServerConfigKeys (ConfUtils.java:logGet(43)) - raft.server.rpc.request.timeout = 3000ms (default)
2019-06-18 10:34:38,778 INFO  server.RaftServerConfigKeys (ConfUtils.java:logGet(43)) - raft.server.log.appender.install.snapshot.enabled = true (default)
2019-06-18 10:34:38,778 INFO  server.RaftServerConfigKeys (ConfUtils.java:logGet(43)) - raft.server.log.appender.snapshot.chunk.size.max = 16MB (=16777216) (default)
2019-06-18 10:34:38,778 INFO  server.RaftServerConfigKeys (ConfUtils.java:logGet(43)) - raft.server.log.appender.buffer.byte-limit = 33554432 (custom)
2019-06-18 10:34:38,778 INFO  server.RaftServerConfigKeys (ConfUtils.java:logGet(43)) - raft.server.log.appender.buffer.element-limit = 1 (custom)
2019-06-18 10:34:38,778 INFO  grpc.GrpcConfigKeys$Server (ConfUtils.java:logGet(43)) - raft.grpc.server.leader.outstanding.appends.max = 128 (default)
2019-06-18 10:34:38,778 INFO  server.RaftServerConfigKeys (ConfUtils.java:logGet(43)) - raft.server.rpc.request.timeout = 3000ms (default)
2019-06-18 10:34:38,779 INFO  server.RaftServerConfigKeys (ConfUtils.java:logGet(43)) - raft.server.log.appender.install.snapshot.enabled = true (default)
2019-06-18 10:34:38,779 INFO  impl.RoleInfo (RoleInfo.java:updateAndGet(143)) - 35ca8ec5-d55d-4221-9238-64d87b8e36f4: start LeaderState
2019-06-18 10:34:38,779 INFO  storage.RaftLogWorker (RaftLogWorker.java:startLogSegment(298)) - 35ca8ec5-d55d-4221-9238-64d87b8e36f4-RaftLogWorker: Starting segment from index:0
2019-06-18 10:34:38,786 INFO  impl.RaftServerImpl (ServerState.java:setRaftConf(361)) - 35ca8ec5-d55d-4221-9238-64d87b8e36f4:group-19F87C1E3C5F set configuration 0: [35ca8ec5-d55d-4221-9238-64d87b8e36f4:192.168.46.6:46361, f3ae20ad-8983-4ef7-8eff-7dc300e40c53:192.168.46.6:35385, c9997d1c-dc71-481e-b72e-9b78d631aee5:192.168.46.6:38487], old=null at 0
2019-06-18 10:34:38,805 INFO  impl.RaftServerImpl (ServerState.java:setLeader(263)) - f3ae20ad-8983-4ef7-8eff-7dc300e40c53:group-19F87C1E3C5F change Leader from null to 35ca8ec5-d55d-4221-9238-64d87b8e36f4 at term 1 for appendEntries, leader elected after 1127ms
2019-06-18 10:34:38,806 INFO  impl.RaftServerImpl (ServerState.java:setLeader(263)) - c9997d1c-dc71-481e-b72e-9b78d631aee5:group-19F87C1E3C5F change Leader from null to 35ca8ec5-d55d-4221-9238-64d87b8e36f4 at term 1 for appendEntries, leader elected after 1138ms
2019-06-18 10:34:38,834 INFO  impl.RaftServerImpl (ServerState.java:setRaftConf(361)) - c9997d1c-dc71-481e-b72e-9b78d631aee5:group-19F87C1E3C5F set configuration 0: [35ca8ec5-d55d-4221-9238-64d87b8e36f4:192.168.46.6:46361, f3ae20ad-8983-4ef7-8eff-7dc300e40c53:192.168.46.6:35385, c9997d1c-dc71-481e-b72e-9b78d631aee5:192.168.46.6:38487], old=null at 0
2019-06-18 10:34:38,835 INFO  storage.RaftLogWorker (RaftLogWorker.java:startLogSegment(298)) - c9997d1c-dc71-481e-b72e-9b78d631aee5-RaftLogWorker: Starting segment from index:0
2019-06-18 10:34:38,837 INFO  storage.RaftLogWorker (RaftLogWorker.java:execute(469)) - 35ca8ec5-d55d-4221-9238-64d87b8e36f4-RaftLogWorker: created new log segment /opt/src/hadoop-ozone/tools/target/test-dir/MiniOzoneClusterImpl-3b315d66-9ced-4c03-8adf-31133961d564/datanode-2/data/ratis/c2af9d3f-cff4-4fe8-9f5d-19f87c1e3c5f/current/log_inprogress_0
2019-06-18 10:34:38,840 INFO  impl.RaftServerImpl (ServerState.java:setRaftConf(361)) - f3ae20ad-8983-4ef7-8eff-7dc300e40c53:group-19F87C1E3C5F set configuration 0: [35ca8ec5-d55d-4221-9238-64d87b8e36f4:192.168.46.6:46361, f3ae20ad-8983-4ef7-8eff-7dc300e40c53:192.168.46.6:35385, c9997d1c-dc71-481e-b72e-9b78d631aee5:192.168.46.6:38487], old=null at 0
2019-06-18 10:34:38,840 INFO  storage.RaftLogWorker (RaftLogWorker.java:startLogSegment(298)) - f3ae20ad-8983-4ef7-8eff-7dc300e40c53-RaftLogWorker: Starting segment from index:0
2019-06-18 10:34:38,916 INFO  storage.RaftLogWorker (RaftLogWorker.java:execute(469)) - c9997d1c-dc71-481e-b72e-9b78d631aee5-RaftLogWorker: created new log segment /opt/src/hadoop-ozone/tools/target/test-dir/MiniOzoneClusterImpl-3b315d66-9ced-4c03-8adf-31133961d564/datanode-1/data/ratis/c2af9d3f-cff4-4fe8-9f5d-19f87c1e3c5f/current/log_inprogress_0
2019-06-18 10:34:38,928 INFO  storage.RaftLogWorker (RaftLogWorker.java:execute(469)) - f3ae20ad-8983-4ef7-8eff-7dc300e40c53-RaftLogWorker: created new log segment /opt/src/hadoop-ozone/tools/target/test-dir/MiniOzoneClusterImpl-3b315d66-9ced-4c03-8adf-31133961d564/datanode-0/data/ratis/c2af9d3f-cff4-4fe8-9f5d-19f87c1e3c5f/current/log_inprogress_0
2019-06-18 10:34:38,963 INFO  client.GrpcClientProtocolClient (GrpcClientProtocolClient.java:onNext(254)) - client-004EF253A554->35ca8ec5-d55d-4221-9238-64d87b8e36f4: receive RaftClientReply:client-004EF253A554->35ca8ec5-d55d-4221-9238-64d87b8e36f4@group-19F87C1E3C5F, cid=60, SUCCESS, logIndex=1, commits[35ca8ec5-d55d-4221-9238-64d87b8e36f4:c2, f3ae20ad-8983-4ef7-8eff-7dc300e40c53:c-1, c9997d1c-dc71-481e-b72e-9b78d631aee5:c1]
2019-06-18 10:34:39,003 INFO  client.GrpcClientProtocolClient (GrpcClientProtocolClient.java:onNext(254)) - client-004EF253A554->35ca8ec5-d55d-4221-9238-64d87b8e36f4: receive RaftClientReply:client-004EF253A554->35ca8ec5-d55d-4221-9238-64d87b8e36f4@group-19F87C1E3C5F, cid=61, SUCCESS, logIndex=3, commits[35ca8ec5-d55d-4221-9238-64d87b8e36f4:c4, f3ae20ad-8983-4ef7-8eff-7dc300e40c53:c3, c9997d1c-dc71-481e-b72e-9b78d631aee5:c3]
2019-06-18 10:34:39,023 INFO  client.GrpcClientProtocolClient (GrpcClientProtocolClient.java:onNext(254)) - client-004EF253A554->35ca8ec5-d55d-4221-9238-64d87b8e36f4: receive RaftClientReply:client-004EF253A554->35ca8ec5-d55d-4221-9238-64d87b8e36f4@group-19F87C1E3C5F, cid=62, SUCCESS, logIndex=5, commits[35ca8ec5-d55d-4221-9238-64d87b8e36f4:c5, f3ae20ad-8983-4ef7-8eff-7dc300e40c53:c3, c9997d1c-dc71-481e-b72e-9b78d631aee5:c4]
2019-06-18 10:34:39,041 INFO  client.GrpcClientProtocolClient (GrpcClientProtocolClient.java:onNext(254)) - client-004EF253A554->35ca8ec5-d55d-4221-9238-64d87b8e36f4: receive RaftClientReply:client-004EF253A554->35ca8ec5-d55d-4221-9238-64d87b8e36f4@group-19F87C1E3C5F, cid=63, SUCCESS, logIndex=6, commits[35ca8ec5-d55d-4221-9238-64d87b8e36f4:c8, f3ae20ad-8983-4ef7-8eff-7dc300e40c53:c6, c9997d1c-dc71-481e-b72e-9b78d631aee5:c6]
2019-06-18 10:34:39,064 INFO  client.GrpcClientProtocolClient (GrpcClientProtocolClient.java:onNext(254)) - client-004EF253A554->35ca8ec5-d55d-4221-9238-64d87b8e36f4: receive RaftClientReply:client-004EF253A554->35ca8ec5-d55d-4221-9238-64d87b8e36f4@group-19F87C1E3C5F, cid=64, SUCCESS, logIndex=9, commits[35ca8ec5-d55d-4221-9238-64d87b8e36f4:c9, f3ae20ad-8983-4ef7-8eff-7dc300e40c53:c8, c9997d1c-dc71-481e-b72e-9b78d631aee5:c6]
2019-06-18 10:34:39,098 INFO  client.GrpcClientProtocolClient (GrpcClientProtocolClient.java:onNext(254)) - client-004EF253A554->35ca8ec5-d55d-4221-9238-64d87b8e36f4: receive RaftClientReply:client-004EF253A554->35ca8ec5-d55d-4221-9238-64d87b8e36f4@group-19F87C1E3C5F, cid=65, SUCCESS, logIndex=11, commits[35ca8ec5-d55d-4221-9238-64d87b8e36f4:c11, f3ae20ad-8983-4ef7-8eff-7dc300e40c53:c9, c9997d1c-dc71-481e-b72e-9b78d631aee5:c9]
2019-06-18 10:34:39,105 INFO  client.GrpcClientProtocolClient (GrpcClientProtocolClient.java:onNext(254)) - client-004EF253A554->35ca8ec5-d55d-4221-9238-64d87b8e36f4: receive RaftClientReply:client-004EF253A554->35ca8ec5-d55d-4221-9238-64d87b8e36f4@group-19F87C1E3C5F, cid=66, SUCCESS, logIndex=12, commits[35ca8ec5-d55d-4221-9238-64d87b8e36f4:c13, f3ae20ad-8983-4ef7-8eff-7dc300e40c53:c10, c9997d1c-dc71-481e-b72e-9b78d631aee5:c10]
2019-06-18 10:34:39,105 INFO  client.GrpcClientProtocolClient (GrpcClientProtocolClient.java:onNext(254)) - client-004EF253A554->35ca8ec5-d55d-4221-9238-64d87b8e36f4: receive RaftClientReply:client-004EF253A554->35ca8ec5-d55d-4221-9238-64d87b8e36f4@group-19F87C1E3C5F, cid=67, SUCCESS, logIndex=13, commits[35ca8ec5-d55d-4221-9238-64d87b8e36f4:c13, f3ae20ad-8983-4ef7-8eff-7dc300e40c53:c10, c9997d1c-dc71-481e-b72e-9b78d631aee5:c10]
2019-06-18 10:34:39,114 INFO  client.GrpcClientProtocolClient (GrpcClientProtocolClient.java:onNext(254)) - client-004EF253A554->35ca8ec5-d55d-4221-9238-64d87b8e36f4: receive RaftClientReply:client-004EF253A554->35ca8ec5-d55d-4221-9238-64d87b8e36f4@group-19F87C1E3C5F, cid=68, SUCCESS, logIndex=0, commits[35ca8ec5-d55d-4221-9238-64d87b8e36f4:c15, f3ae20ad-8983-4ef7-8eff-7dc300e40c53:c13, c9997d1c-dc71-481e-b72e-9b78d631aee5:c11]
2019-06-18 10:34:39,115 INFO  client.GrpcClientProtocolClient (GrpcClientProtocolClient.java:onNext(254)) - client-004EF253A554->35ca8ec5-d55d-4221-9238-64d87b8e36f4: receive RaftClientReply:client-004EF253A554->35ca8ec5-d55d-4221-9238-64d87b8e36f4@group-19F87C1E3C5F, cid=69, SUCCESS, logIndex=0, commits[35ca8ec5-d55d-4221-9238-64d87b8e36f4:c15, f3ae20ad-8983-4ef7-8eff-7dc300e40c53:c13, c9997d1c-dc71-481e-b72e-9b78d631aee5:c13]
2019-06-18 10:34:39,128 INFO  keyvalue.KeyValueHandler (ContainerUtils.java:logAndReturnError(146)) - Operation: CreateContainer : Trace ID: e02af8f3a05f80ef:eacb1942d8a5b456:46e7cd2de2d9ea74:0 : Message: Container creation failed, due to disk out of space : Result: DISK_OUT_OF_SPACE
2019-06-18 10:34:39,139 INFO  keyvalue.KeyValueHandler (ContainerUtils.java:logAndReturnError(146)) - Operation: CreateContainer : Trace ID: e02af8f3a05f80ef:eacb1942d8a5b456:46e7cd2de2d9ea74:0 : Message: Container creation failed, due to disk out of space : Result: DISK_OUT_OF_SPACE
2019-06-18 10:34:39,143 INFO  keyvalue.KeyValueHandler (ContainerUtils.java:logAndReturnError(146)) - Operation: CreateContainer : Trace ID: e02af8f3a05f80ef:eacb1942d8a5b456:46e7cd2de2d9ea74:0 : Message: Container creation failed, due to disk out of space : Result: DISK_OUT_OF_SPACE
10:34:39.144 [pool-47-thread-8] ERROR DNAudit - user=null | ip=null | op=WRITE_CHUNK {blockData=conID: 5 locID: 102292132841979912 bcsId: 0} | ret=FAILURE
org.apache.hadoop.hdds.scm.container.common.helpers.StorageContainerException: ContainerID 5 creation failed
	at org.apache.hadoop.ozone.container.common.impl.HddsDispatcher.dispatchRequest(HddsDispatcher.java:227) ~[classes/:?]
	at org.apache.hadoop.ozone.container.common.impl.HddsDispatcher.dispatch(HddsDispatcher.java:148) ~[classes/:?]
	at org.apache.hadoop.ozone.container.common.transport.server.ratis.ContainerStateMachine.dispatchCommand(ContainerStateMachine.java:347) ~[classes/:?]
	at org.apache.hadoop.ozone.container.common.transport.server.ratis.ContainerStateMachine.runCommand(ContainerStateMachine.java:354) ~[classes/:?]
	at org.apache.hadoop.ozone.container.common.transport.server.ratis.ContainerStateMachine.lambda$handleWriteChunk$0(ContainerStateMachine.java:385) ~[classes/:?]
	at java.util.concurrent.CompletableFuture$AsyncSupply.run(CompletableFuture.java:1590) [?:1.8.0_212]
	at java.util.concurrent.ThreadPoolExecutor.runWorker(ThreadPoolExecutor.java:1149) [?:1.8.0_212]
	at java.util.concurrent.ThreadPoolExecutor$Worker.run(ThreadPoolExecutor.java:624) [?:1.8.0_212]
	at java.lang.Thread.run(Thread.java:748) [?:1.8.0_212]
10:34:39.141 [pool-26-thread-26] ERROR DNAudit - user=null | ip=null | op=WRITE_CHUNK {blockData=conID: 5 locID: 102292132841979912 bcsId: 0} | ret=FAILURE
org.apache.hadoop.hdds.scm.container.common.helpers.StorageContainerException: ContainerID 5 creation failed
	at org.apache.hadoop.ozone.container.common.impl.HddsDispatcher.dispatchRequest(HddsDispatcher.java:227) ~[classes/:?]
	at org.apache.hadoop.ozone.container.common.impl.HddsDispatcher.dispatch(HddsDispatcher.java:148) ~[classes/:?]
	at org.apache.hadoop.ozone.container.common.transport.server.ratis.ContainerStateMachine.dispatchCommand(ContainerStateMachine.java:347) ~[classes/:?]
	at org.apache.hadoop.ozone.container.common.transport.server.ratis.ContainerStateMachine.runCommand(ContainerStateMachine.java:354) ~[classes/:?]
	at org.apache.hadoop.ozone.container.common.transport.server.ratis.ContainerStateMachine.lambda$handleWriteChunk$0(ContainerStateMachine.java:385) ~[classes/:?]
	at java.util.concurrent.CompletableFuture$AsyncSupply.run(CompletableFuture.java:1590) [?:1.8.0_212]
	at java.util.concurrent.ThreadPoolExecutor.runWorker(ThreadPoolExecutor.java:1149) [?:1.8.0_212]
	at java.util.concurrent.ThreadPoolExecutor$Worker.run(ThreadPoolExecutor.java:624) [?:1.8.0_212]
	at java.lang.Thread.run(Thread.java:748) [?:1.8.0_212]
2019-06-18 10:34:39,150 INFO  impl.HddsDispatcher (ContainerUtils.java:logAndReturnError(146)) - Operation: WriteChunk : Trace ID: e02af8f3a05f80ef:eacb1942d8a5b456:46e7cd2de2d9ea74:0 : Message: ContainerID 5 creation failed : Result: DISK_OUT_OF_SPACE
2019-06-18 10:34:39,150 INFO  impl.HddsDispatcher (ContainerUtils.java:logAndReturnError(146)) - Operation: WriteChunk : Trace ID: e02af8f3a05f80ef:eacb1942d8a5b456:46e7cd2de2d9ea74:0 : Message: ContainerID 5 creation failed : Result: DISK_OUT_OF_SPACE
10:34:39.130 [pool-68-thread-35] ERROR DNAudit - user=null | ip=null | op=WRITE_CHUNK {blockData=conID: 5 locID: 102292132841979912 bcsId: 0} | ret=FAILURE
org.apache.hadoop.hdds.scm.container.common.helpers.StorageContainerException: ContainerID 5 creation failed
	at org.apache.hadoop.ozone.container.common.impl.HddsDispatcher.dispatchRequest(HddsDispatcher.java:227) ~[classes/:?]
	at org.apache.hadoop.ozone.container.common.impl.HddsDispatcher.dispatch(HddsDispatcher.java:148) ~[classes/:?]
	at org.apache.hadoop.ozone.container.common.transport.server.ratis.ContainerStateMachine.dispatchCommand(ContainerStateMachine.java:347) ~[classes/:?]
	at org.apache.hadoop.ozone.container.common.transport.server.ratis.ContainerStateMachine.runCommand(ContainerStateMachine.java:354) ~[classes/:?]
	at org.apache.hadoop.ozone.container.common.transport.server.ratis.ContainerStateMachine.lambda$handleWriteChunk$0(ContainerStateMachine.java:385) ~[classes/:?]
	at java.util.concurrent.CompletableFuture$AsyncSupply.run(CompletableFuture.java:1590) [?:1.8.0_212]
	at java.util.concurrent.ThreadPoolExecutor.runWorker(ThreadPoolExecutor.java:1149) [?:1.8.0_212]
	at java.util.concurrent.ThreadPoolExecutor$Worker.run(ThreadPoolExecutor.java:624) [?:1.8.0_212]
	at java.lang.Thread.run(Thread.java:748) [?:1.8.0_212]
2019-06-18 10:34:39,152 INFO  impl.HddsDispatcher (ContainerUtils.java:logAndReturnError(146)) - Operation: WriteChunk : Trace ID: e02af8f3a05f80ef:eacb1942d8a5b456:46e7cd2de2d9ea74:0 : Message: ContainerID 5 creation failed : Result: DISK_OUT_OF_SPACE
10:34:39.155 [pool-74-thread-1] ERROR DNAudit - user=null | ip=null | op=WRITE_CHUNK {blockData=conID: 5 locID: 102292132841979912 bcsId: 0} | ret=FAILURE
org.apache.hadoop.hdds.scm.container.common.helpers.StorageContainerException: ContainerID 5 does not exist
	at org.apache.hadoop.ozone.container.common.impl.HddsDispatcher.dispatchRequest(HddsDispatcher.java:242) ~[classes/:?]
	at org.apache.hadoop.ozone.container.common.impl.HddsDispatcher.dispatch(HddsDispatcher.java:148) ~[classes/:?]
	at org.apache.hadoop.ozone.container.common.transport.server.ratis.ContainerStateMachine.dispatchCommand(ContainerStateMachine.java:347) ~[classes/:?]
	at org.apache.hadoop.ozone.container.common.transport.server.ratis.ContainerStateMachine.runCommand(ContainerStateMachine.java:354) ~[classes/:?]
	at org.apache.hadoop.ozone.container.common.transport.server.ratis.ContainerStateMachine.lambda$applyTransaction$5(ContainerStateMachine.java:621) ~[classes/:?]
	at java.util.concurrent.CompletableFuture$AsyncSupply.run(CompletableFuture.java:1590) [?:1.8.0_212]
	at java.util.concurrent.ThreadPoolExecutor.runWorker(ThreadPoolExecutor.java:1149) [?:1.8.0_212]
	at java.util.concurrent.ThreadPoolExecutor$Worker.run(ThreadPoolExecutor.java:624) [?:1.8.0_212]
	at java.lang.Thread.run(Thread.java:748) [?:1.8.0_212]
2019-06-18 10:34:39,155 INFO  impl.HddsDispatcher (ContainerUtils.java:logAndReturnError(146)) - Operation: WriteChunk : Trace ID: e02af8f3a05f80ef:eacb1942d8a5b456:46e7cd2de2d9ea74:0 : Message: ContainerID 5 does not exist : Result: CONTAINER_NOT_FOUND
2019-06-18 10:34:39,157 INFO  client.GrpcClientProtocolClient (GrpcClientProtocolClient.java:onNext(254)) - client-004EF253A554->35ca8ec5-d55d-4221-9238-64d87b8e36f4: receive RaftClientReply:client-004EF253A554->35ca8ec5-d55d-4221-9238-64d87b8e36f4@group-19F87C1E3C5F, cid=70, SUCCESS, logIndex=16, commits[35ca8ec5-d55d-4221-9238-64d87b8e36f4:c17, f3ae20ad-8983-4ef7-8eff-7dc300e40c53:c15, c9997d1c-dc71-481e-b72e-9b78d631aee5:c16]
10:34:39.157 [pool-53-thread-1] ERROR DNAudit - user=null | ip=null | op=WRITE_CHUNK {blockData=conID: 5 locID: 102292132841979912 bcsId: 0} | ret=FAILURE
org.apache.hadoop.hdds.scm.container.common.helpers.StorageContainerException: ContainerID 5 does not exist
	at org.apache.hadoop.ozone.container.common.impl.HddsDispatcher.dispatchRequest(HddsDispatcher.java:242) ~[classes/:?]
	at org.apache.hadoop.ozone.container.common.impl.HddsDispatcher.dispatch(HddsDispatcher.java:148) ~[classes/:?]
	at org.apache.hadoop.ozone.container.common.transport.server.ratis.ContainerStateMachine.dispatchCommand(ContainerStateMachine.java:347) ~[classes/:?]
	at org.apache.hadoop.ozone.container.common.transport.server.ratis.ContainerStateMachine.runCommand(ContainerStateMachine.java:354) ~[classes/:?]
	at org.apache.hadoop.ozone.container.common.transport.server.ratis.ContainerStateMachine.lambda$applyTransaction$5(ContainerStateMachine.java:621) ~[classes/:?]
	at java.util.concurrent.CompletableFuture$AsyncSupply.run(CompletableFuture.java:1590) [?:1.8.0_212]
	at java.util.concurrent.ThreadPoolExecutor.runWorker(ThreadPoolExecutor.java:1149) [?:1.8.0_212]
	at java.util.concurrent.ThreadPoolExecutor$Worker.run(ThreadPoolExecutor.java:624) [?:1.8.0_212]
	at java.lang.Thread.run(Thread.java:748) [?:1.8.0_212]
2019-06-18 10:34:39,157 INFO  impl.HddsDispatcher (ContainerUtils.java:logAndReturnError(146)) - Operation: WriteChunk : Trace ID: e02af8f3a05f80ef:eacb1942d8a5b456:46e7cd2de2d9ea74:0 : Message: ContainerID 5 does not exist : Result: CONTAINER_NOT_FOUND
10:34:39.158 [pool-32-thread-1] ERROR DNAudit - user=null | ip=null | op=WRITE_CHUNK {blockData=conID: 5 locID: 102292132841979912 bcsId: 0} | ret=FAILURE
org.apache.hadoop.hdds.scm.container.common.helpers.StorageContainerException: ContainerID 5 does not exist
	at org.apache.hadoop.ozone.container.common.impl.HddsDispatcher.dispatchRequest(HddsDispatcher.java:242) ~[classes/:?]
	at org.apache.hadoop.ozone.container.common.impl.HddsDispatcher.dispatch(HddsDispatcher.java:148) ~[classes/:?]
	at org.apache.hadoop.ozone.container.common.transport.server.ratis.ContainerStateMachine.dispatchCommand(ContainerStateMachine.java:347) ~[classes/:?]
	at org.apache.hadoop.ozone.container.common.transport.server.ratis.ContainerStateMachine.runCommand(ContainerStateMachine.java:354) ~[classes/:?]
	at org.apache.hadoop.ozone.container.common.transport.server.ratis.ContainerStateMachine.lambda$applyTransaction$5(ContainerStateMachine.java:621) ~[classes/:?]
	at java.util.concurrent.CompletableFuture$AsyncSupply.run(CompletableFuture.java:1590) [?:1.8.0_212]
	at java.util.concurrent.ThreadPoolExecutor.runWorker(ThreadPoolExecutor.java:1149) [?:1.8.0_212]
	at java.util.concurrent.ThreadPoolExecutor$Worker.run(ThreadPoolExecutor.java:624) [?:1.8.0_212]
	at java.lang.Thread.run(Thread.java:748) [?:1.8.0_212]
2019-06-18 10:34:39,159 INFO  impl.HddsDispatcher (ContainerUtils.java:logAndReturnError(146)) - Operation: WriteChunk : Trace ID: e02af8f3a05f80ef:eacb1942d8a5b456:46e7cd2de2d9ea74:0 : Message: ContainerID 5 does not exist : Result: CONTAINER_NOT_FOUND
2019-06-18 10:34:39,167 ERROR storage.BlockOutputStream (BlockOutputStream.java:validateResponse(538)) - Unexpected Storage Container Exception: 
org.apache.hadoop.hdds.scm.container.common.helpers.StorageContainerException: ContainerID 5 does not exist
	at org.apache.hadoop.hdds.scm.storage.ContainerProtocolCalls.validateContainerResponse(ContainerProtocolCalls.java:536)
	at org.apache.hadoop.hdds.scm.storage.BlockOutputStream.validateResponse(BlockOutputStream.java:536)
	at org.apache.hadoop.hdds.scm.storage.BlockOutputStream.lambda$writeChunkToContainer$2(BlockOutputStream.java:614)
	at java.util.concurrent.CompletableFuture.uniApply(CompletableFuture.java:602)
	at java.util.concurrent.CompletableFuture$UniApply.tryFire(CompletableFuture.java:577)
	at java.util.concurrent.CompletableFuture$Completion.run(CompletableFuture.java:442)
	at java.util.concurrent.ThreadPoolExecutor.runWorker(ThreadPoolExecutor.java:1149)
	at java.util.concurrent.ThreadPoolExecutor$Worker.run(ThreadPoolExecutor.java:624)
	at java.lang.Thread.run(Thread.java:748)
2019-06-18 10:34:39,170 INFO  keyvalue.KeyValueHandler (ContainerUtils.java:logAndReturnError(146)) - Operation: CreateContainer : Trace ID: e02af8f3a05f80ef:664e5b8551b4e24d:46e7cd2de2d9ea74:0 : Message: Container creation failed, due to disk out of space : Result: DISK_OUT_OF_SPACE
10:34:39.170 [pool-68-thread-36] ERROR DNAudit - user=null | ip=null | op=WRITE_CHUNK {blockData=conID: 5 locID: 102292132841979912 bcsId: 0} | ret=FAILURE
org.apache.hadoop.hdds.scm.container.common.helpers.StorageContainerException: ContainerID 5 creation failed
	at org.apache.hadoop.ozone.container.common.impl.HddsDispatcher.dispatchRequest(HddsDispatcher.java:227) ~[classes/:?]
	at org.apache.hadoop.ozone.container.common.impl.HddsDispatcher.dispatch(HddsDispatcher.java:148) ~[classes/:?]
	at org.apache.hadoop.ozone.container.common.transport.server.ratis.ContainerStateMachine.dispatchCommand(ContainerStateMachine.java:347) ~[classes/:?]
	at org.apache.hadoop.ozone.container.common.transport.server.ratis.ContainerStateMachine.runCommand(ContainerStateMachine.java:354) ~[classes/:?]
	at org.apache.hadoop.ozone.container.common.transport.server.ratis.ContainerStateMachine.lambda$handleWriteChunk$0(ContainerStateMachine.java:385) ~[classes/:?]
	at java.util.concurrent.CompletableFuture$AsyncSupply.run(CompletableFuture.java:1590) [?:1.8.0_212]
	at java.util.concurrent.ThreadPoolExecutor.runWorker(ThreadPoolExecutor.java:1149) [?:1.8.0_212]
	at java.util.concurrent.ThreadPoolExecutor$Worker.run(ThreadPoolExecutor.java:624) [?:1.8.0_212]
	at java.lang.Thread.run(Thread.java:748) [?:1.8.0_212]
2019-06-18 10:34:39,170 INFO  impl.HddsDispatcher (ContainerUtils.java:logAndReturnError(146)) - Operation: WriteChunk : Trace ID: e02af8f3a05f80ef:664e5b8551b4e24d:46e7cd2de2d9ea74:0 : Message: ContainerID 5 creation failed : Result: DISK_OUT_OF_SPACE
10:34:39.175 [pool-74-thread-1] ERROR DNAudit - user=null | ip=null | op=PUT_BLOCK {blockData=[blockId=conID: 5 locID: 102292132841979912 bcsId: 0,size=1048576]} | ret=FAILURE
org.apache.hadoop.hdds.scm.container.common.helpers.StorageContainerException: ContainerID 5 does not exist
	at org.apache.hadoop.ozone.container.common.impl.HddsDispatcher.dispatchRequest(HddsDispatcher.java:242) ~[classes/:?]
	at org.apache.hadoop.ozone.container.common.impl.HddsDispatcher.dispatch(HddsDispatcher.java:148) ~[classes/:?]
	at org.apache.hadoop.ozone.container.common.transport.server.ratis.ContainerStateMachine.dispatchCommand(ContainerStateMachine.java:347) ~[classes/:?]
	at org.apache.hadoop.ozone.container.common.transport.server.ratis.ContainerStateMachine.runCommand(ContainerStateMachine.java:354) ~[classes/:?]
	at org.apache.hadoop.ozone.container.common.transport.server.ratis.ContainerStateMachine.lambda$applyTransaction$5(ContainerStateMachine.java:621) ~[classes/:?]
	at java.util.concurrent.CompletableFuture$AsyncSupply.run(CompletableFuture.java:1590) [?:1.8.0_212]
	at java.util.concurrent.ThreadPoolExecutor.runWorker(ThreadPoolExecutor.java:1149) [?:1.8.0_212]
	at java.util.concurrent.ThreadPoolExecutor$Worker.run(ThreadPoolExecutor.java:624) [?:1.8.0_212]
	at java.lang.Thread.run(Thread.java:748) [?:1.8.0_212]
2019-06-18 10:34:39,175 INFO  impl.HddsDispatcher (ContainerUtils.java:logAndReturnError(146)) - Operation: PutBlock : Trace ID: e02af8f3a05f80ef:c5efee624f551a69:46e7cd2de2d9ea74:0 : Message: ContainerID 5 does not exist : Result: CONTAINER_NOT_FOUND
2019-06-18 10:34:39,177 INFO  keyvalue.KeyValueHandler (ContainerUtils.java:logAndReturnError(146)) - Operation: CreateContainer : Trace ID: e02af8f3a05f80ef:664e5b8551b4e24d:46e7cd2de2d9ea74:0 : Message: Container creation failed, due to disk out of space : Result: DISK_OUT_OF_SPACE
2019-06-18 10:34:39,178 INFO  keyvalue.KeyValueHandler (ContainerUtils.java:logAndReturnError(146)) - Operation: CreateContainer : Trace ID: e02af8f3a05f80ef:664e5b8551b4e24d:46e7cd2de2d9ea74:0 : Message: Container creation failed, due to disk out of space : Result: DISK_OUT_OF_SPACE
2019-06-18 10:34:39,178 INFO  client.GrpcClientProtocolClient (GrpcClientProtocolClient.java:onNext(254)) - client-004EF253A554->35ca8ec5-d55d-4221-9238-64d87b8e36f4: receive RaftClientReply:client-004EF253A554->35ca8ec5-d55d-4221-9238-64d87b8e36f4@group-19F87C1E3C5F, cid=71, SUCCESS, logIndex=18, commits[35ca8ec5-d55d-4221-9238-64d87b8e36f4:c18, f3ae20ad-8983-4ef7-8eff-7dc300e40c53:c17, c9997d1c-dc71-481e-b72e-9b78d631aee5:c16]
10:34:39.178 [pool-26-thread-27] ERROR DNAudit - user=null | ip=null | op=WRITE_CHUNK {blockData=conID: 5 locID: 102292132841979912 bcsId: 0} | ret=FAILURE
org.apache.hadoop.hdds.scm.container.common.helpers.StorageContainerException: ContainerID 5 creation failed
	at org.apache.hadoop.ozone.container.common.impl.HddsDispatcher.dispatchRequest(HddsDispatcher.java:227) ~[classes/:?]
	at org.apache.hadoop.ozone.container.common.impl.HddsDispatcher.dispatch(HddsDispatcher.java:148) ~[classes/:?]
	at org.apache.hadoop.ozone.container.common.transport.server.ratis.ContainerStateMachine.dispatchCommand(ContainerStateMachine.java:347) ~[classes/:?]
	at org.apache.hadoop.ozone.container.common.transport.server.ratis.ContainerStateMachine.runCommand(ContainerStateMachine.java:354) ~[classes/:?]
	at org.apache.hadoop.ozone.container.common.transport.server.ratis.ContainerStateMachine.lambda$handleWriteChunk$0(ContainerStateMachine.java:385) ~[classes/:?]
	at java.util.concurrent.CompletableFuture$AsyncSupply.run(CompletableFuture.java:1590) [?:1.8.0_212]
	at java.util.concurrent.ThreadPoolExecutor.runWorker(ThreadPoolExecutor.java:1149) [?:1.8.0_212]
	at java.util.concurrent.ThreadPoolExecutor$Worker.run(ThreadPoolExecutor.java:624) [?:1.8.0_212]
	at java.lang.Thread.run(Thread.java:748) [?:1.8.0_212]
2019-06-18 10:34:39,178 INFO  impl.HddsDispatcher (ContainerUtils.java:logAndReturnError(146)) - Operation: WriteChunk : Trace ID: e02af8f3a05f80ef:664e5b8551b4e24d:46e7cd2de2d9ea74:0 : Message: ContainerID 5 creation failed : Result: DISK_OUT_OF_SPACE
10:34:39.178 [pool-47-thread-7] ERROR DNAudit - user=null | ip=null | op=WRITE_CHUNK {blockData=conID: 5 locID: 102292132841979912 bcsId: 0} | ret=FAILURE
org.apache.hadoop.hdds.scm.container.common.helpers.StorageContainerException: ContainerID 5 creation failed
	at org.apache.hadoop.ozone.container.common.impl.HddsDispatcher.dispatchRequest(HddsDispatcher.java:227) ~[classes/:?]
	at org.apache.hadoop.ozone.container.common.impl.HddsDispatcher.dispatch(HddsDispatcher.java:148) ~[classes/:?]
	at org.apache.hadoop.ozone.container.common.transport.server.ratis.ContainerStateMachine.dispatchCommand(ContainerStateMachine.java:347) ~[classes/:?]
	at org.apache.hadoop.ozone.container.common.transport.server.ratis.ContainerStateMachine.runCommand(ContainerStateMachine.java:354) ~[classes/:?]
	at org.apache.hadoop.ozone.container.common.transport.server.ratis.ContainerStateMachine.lambda$handleWriteChunk$0(ContainerStateMachine.java:385) ~[classes/:?]
	at java.util.concurrent.CompletableFuture$AsyncSupply.run(CompletableFuture.java:1590) [?:1.8.0_212]
	at java.util.concurrent.ThreadPoolExecutor.runWorker(ThreadPoolExecutor.java:1149) [?:1.8.0_212]
	at java.util.concurrent.ThreadPoolExecutor$Worker.run(ThreadPoolExecutor.java:624) [?:1.8.0_212]
	at java.lang.Thread.run(Thread.java:748) [?:1.8.0_212]
2019-06-18 10:34:39,179 INFO  impl.HddsDispatcher (ContainerUtils.java:logAndReturnError(146)) - Operation: WriteChunk : Trace ID: e02af8f3a05f80ef:664e5b8551b4e24d:46e7cd2de2d9ea74:0 : Message: ContainerID 5 creation failed : Result: DISK_OUT_OF_SPACE
10:34:39.181 [pool-32-thread-1] ERROR DNAudit - user=null | ip=null | op=PUT_BLOCK {blockData=[blockId=conID: 5 locID: 102292132841979912 bcsId: 0,size=1048576]} | ret=FAILURE
org.apache.hadoop.hdds.scm.container.common.helpers.StorageContainerException: ContainerID 5 does not exist
	at org.apache.hadoop.ozone.container.common.impl.HddsDispatcher.dispatchRequest(HddsDispatcher.java:242) ~[classes/:?]
	at org.apache.hadoop.ozone.container.common.impl.HddsDispatcher.dispatch(HddsDispatcher.java:148) ~[classes/:?]
	at org.apache.hadoop.ozone.container.common.transport.server.ratis.ContainerStateMachine.dispatchCommand(ContainerStateMachine.java:347) ~[classes/:?]
	at org.apache.hadoop.ozone.container.common.transport.server.ratis.ContainerStateMachine.runCommand(ContainerStateMachine.java:354) ~[classes/:?]
	at org.apache.hadoop.ozone.container.common.transport.server.ratis.ContainerStateMachine.lambda$applyTransaction$5(ContainerStateMachine.java:621) ~[classes/:?]
	at java.util.concurrent.CompletableFuture$AsyncSupply.run(CompletableFuture.java:1590) [?:1.8.0_212]
	at java.util.concurrent.ThreadPoolExecutor.runWorker(ThreadPoolExecutor.java:1149) [?:1.8.0_212]
	at java.util.concurrent.ThreadPoolExecutor$Worker.run(ThreadPoolExecutor.java:624) [?:1.8.0_212]
	at java.lang.Thread.run(Thread.java:748) [?:1.8.0_212]
2019-06-18 10:34:39,181 INFO  impl.HddsDispatcher (ContainerUtils.java:logAndReturnError(146)) - Operation: PutBlock : Trace ID: e02af8f3a05f80ef:c5efee624f551a69:46e7cd2de2d9ea74:0 : Message: ContainerID 5 does not exist : Result: CONTAINER_NOT_FOUND
10:34:39.182 [pool-74-thread-1] ERROR DNAudit - user=null | ip=null | op=WRITE_CHUNK {blockData=conID: 5 locID: 102292132841979912 bcsId: 0} | ret=FAILURE
org.apache.hadoop.hdds.scm.container.common.helpers.StorageContainerException: ContainerID 5 does not exist
	at org.apache.hadoop.ozone.container.common.impl.HddsDispatcher.dispatchRequest(HddsDispatcher.java:242) ~[classes/:?]
	at org.apache.hadoop.ozone.container.common.impl.HddsDispatcher.dispatch(HddsDispatcher.java:148) ~[classes/:?]
	at org.apache.hadoop.ozone.container.common.transport.server.ratis.ContainerStateMachine.dispatchCommand(ContainerStateMachine.java:347) ~[classes/:?]
	at org.apache.hadoop.ozone.container.common.transport.server.ratis.ContainerStateMachine.runCommand(ContainerStateMachine.java:354) ~[classes/:?]
	at org.apache.hadoop.ozone.container.common.transport.server.ratis.ContainerStateMachine.lambda$applyTransaction$5(ContainerStateMachine.java:621) ~[classes/:?]
	at java.util.concurrent.CompletableFuture$AsyncSupply.run(CompletableFuture.java:1590) [?:1.8.0_212]
	at java.util.concurrent.ThreadPoolExecutor.runWorker(ThreadPoolExecutor.java:1149) [?:1.8.0_212]
	at java.util.concurrent.ThreadPoolExecutor$Worker.run(ThreadPoolExecutor.java:624) [?:1.8.0_212]
	at java.lang.Thread.run(Thread.java:748) [?:1.8.0_212]
2019-06-18 10:34:39,182 INFO  impl.HddsDispatcher (ContainerUtils.java:logAndReturnError(146)) - Operation: WriteChunk : Trace ID: e02af8f3a05f80ef:664e5b8551b4e24d:46e7cd2de2d9ea74:0 : Message: ContainerID 5 does not exist : Result: CONTAINER_NOT_FOUND
10:34:39.185 [pool-74-thread-1] ERROR DNAudit - user=null | ip=null | op=PUT_BLOCK {blockData=[blockId=conID: 5 locID: 102292132841979912 bcsId: 0,size=2097152]} | ret=FAILURE
org.apache.hadoop.hdds.scm.container.common.helpers.StorageContainerException: ContainerID 5 does not exist
	at org.apache.hadoop.ozone.container.common.impl.HddsDispatcher.dispatchRequest(HddsDispatcher.java:242) ~[classes/:?]
	at org.apache.hadoop.ozone.container.common.impl.HddsDispatcher.dispatch(HddsDispatcher.java:148) ~[classes/:?]
	at org.apache.hadoop.ozone.container.common.transport.server.ratis.ContainerStateMachine.dispatchCommand(ContainerStateMachine.java:347) ~[classes/:?]
	at org.apache.hadoop.ozone.container.common.transport.server.ratis.ContainerStateMachine.runCommand(ContainerStateMachine.java:354) ~[classes/:?]
	at org.apache.hadoop.ozone.container.common.transport.server.ratis.ContainerStateMachine.lambda$applyTransaction$5(ContainerStateMachine.java:621) ~[classes/:?]
	at java.util.concurrent.CompletableFuture$AsyncSupply.run(CompletableFuture.java:1590) [?:1.8.0_212]
	at java.util.concurrent.ThreadPoolExecutor.runWorker(ThreadPoolExecutor.java:1149) [?:1.8.0_212]
	at java.util.concurrent.ThreadPoolExecutor$Worker.run(ThreadPoolExecutor.java:624) [?:1.8.0_212]
	at java.lang.Thread.run(Thread.java:748) [?:1.8.0_212]
2019-06-18 10:34:39,185 INFO  impl.HddsDispatcher (ContainerUtils.java:logAndReturnError(146)) - Operation: PutBlock : Trace ID: e02af8f3a05f80ef:cf6e0f6d8e498b66:46e7cd2de2d9ea74:0 : Message: ContainerID 5 does not exist : Result: CONTAINER_NOT_FOUND
2019-06-18 10:34:39,187 INFO  client.GrpcClientProtocolClient (GrpcClientProtocolClient.java:onNext(254)) - client-004EF253A554->35ca8ec5-d55d-4221-9238-64d87b8e36f4: receive RaftClientReply:client-004EF253A554->35ca8ec5-d55d-4221-9238-64d87b8e36f4@group-19F87C1E3C5F, cid=72, SUCCESS, logIndex=19, commits[35ca8ec5-d55d-4221-9238-64d87b8e36f4:c19, f3ae20ad-8983-4ef7-8eff-7dc300e40c53:c17, c9997d1c-dc71-481e-b72e-9b78d631aee5:c17]
10:34:39.187 [pool-53-thread-1] ERROR DNAudit - user=null | ip=null | op=PUT_BLOCK {blockData=[blockId=conID: 5 locID: 102292132841979912 bcsId: 0,size=1048576]} | ret=FAILURE
org.apache.hadoop.hdds.scm.container.common.helpers.StorageContainerException: ContainerID 5 does not exist
	at org.apache.hadoop.ozone.container.common.impl.HddsDispatcher.dispatchRequest(HddsDispatcher.java:242) ~[classes/:?]
	at org.apache.hadoop.ozone.container.common.impl.HddsDispatcher.dispatch(HddsDispatcher.java:148) ~[classes/:?]
	at org.apache.hadoop.ozone.container.common.transport.server.ratis.ContainerStateMachine.dispatchCommand(ContainerStateMachine.java:347) ~[classes/:?]
	at org.apache.hadoop.ozone.container.common.transport.server.ratis.ContainerStateMachine.runCommand(ContainerStateMachine.java:354) ~[classes/:?]
	at org.apache.hadoop.ozone.container.common.transport.server.ratis.ContainerStateMachine.lambda$applyTransaction$5(ContainerStateMachine.java:621) ~[classes/:?]
	at java.util.concurrent.CompletableFuture$AsyncSupply.run(CompletableFuture.java:1590) [?:1.8.0_212]
	at java.util.concurrent.ThreadPoolExecutor.runWorker(ThreadPoolExecutor.java:1149) [?:1.8.0_212]
	at java.util.concurrent.ThreadPoolExecutor$Worker.run(ThreadPoolExecutor.java:624) [?:1.8.0_212]
	at java.lang.Thread.run(Thread.java:748) [?:1.8.0_212]
2019-06-18 10:34:39,188 INFO  impl.HddsDispatcher (ContainerUtils.java:logAndReturnError(146)) - Operation: PutBlock : Trace ID: e02af8f3a05f80ef:c5efee624f551a69:46e7cd2de2d9ea74:0 : Message: ContainerID 5 does not exist : Result: CONTAINER_NOT_FOUND
2019-06-18 10:34:39,194 INFO  client.GrpcClientProtocolClient (GrpcClientProtocolClient.java:onNext(254)) - client-004EF253A554->35ca8ec5-d55d-4221-9238-64d87b8e36f4: receive RaftClientReply:client-004EF253A554->35ca8ec5-d55d-4221-9238-64d87b8e36f4@group-19F87C1E3C5F, cid=73, SUCCESS, logIndex=21, commits[35ca8ec5-d55d-4221-9238-64d87b8e36f4:c21, f3ae20ad-8983-4ef7-8eff-7dc300e40c53:c18, c9997d1c-dc71-481e-b72e-9b78d631aee5:c17]
2019-06-18 10:34:39,198 ERROR freon.RandomKeyGenerator (RandomKeyGenerator.java:run(675)) - Exception while adding key: key-0-63413 in bucket: org.apache.hadoop.ozone.client.OzoneBucket@2401e6f6 of volume: org.apache.hadoop.ozone.client.OzoneVolume@165f385e.
java.io.IOException: Unexpected Storage Container Exception: org.apache.hadoop.hdds.scm.container.common.helpers.StorageContainerException: ContainerID 5 does not exist
	at org.apache.hadoop.hdds.scm.storage.BlockOutputStream.setIoException(BlockOutputStream.java:548)
	at org.apache.hadoop.hdds.scm.storage.BlockOutputStream.validateResponse(BlockOutputStream.java:539)
	at org.apache.hadoop.hdds.scm.storage.BlockOutputStream.lambda$writeChunkToContainer$2(BlockOutputStream.java:614)
	at java.util.concurrent.CompletableFuture.uniApply(CompletableFuture.java:602)
	at java.util.concurrent.CompletableFuture$UniApply.tryFire(CompletableFuture.java:577)
	at java.util.concurrent.CompletableFuture$Completion.run(CompletableFuture.java:442)
	at java.util.concurrent.ThreadPoolExecutor.runWorker(ThreadPoolExecutor.java:1149)
	at java.util.concurrent.ThreadPoolExecutor$Worker.run(ThreadPoolExecutor.java:624)
	at java.lang.Thread.run(Thread.java:748)
Caused by: org.apache.hadoop.hdds.scm.container.common.helpers.StorageContainerException: ContainerID 5 does not exist
	at org.apache.hadoop.hdds.scm.storage.ContainerProtocolCalls.validateContainerResponse(ContainerProtocolCalls.java:536)
	at org.apache.hadoop.hdds.scm.storage.BlockOutputStream.validateResponse(BlockOutputStream.java:536)
	... 7 more
10:34:39.197 [pool-53-thread-1] ERROR DNAudit - user=null | ip=null | op=WRITE_CHUNK {blockData=conID: 5 locID: 102292132841979912 bcsId: 0} | ret=FAILURE
org.apache.hadoop.hdds.scm.container.common.helpers.StorageContainerException: ContainerID 5 does not exist
	at org.apache.hadoop.ozone.container.common.impl.HddsDispatcher.dispatchRequest(HddsDispatcher.java:242) ~[classes/:?]
	at org.apache.hadoop.ozone.container.common.impl.HddsDispatcher.dispatch(HddsDispatcher.java:148) ~[classes/:?]
	at org.apache.hadoop.ozone.container.common.transport.server.ratis.ContainerStateMachine.dispatchCommand(ContainerStateMachine.java:347) ~[classes/:?]
	at org.apache.hadoop.ozone.container.common.transport.server.ratis.ContainerStateMachine.runCommand(ContainerStateMachine.java:354) ~[classes/:?]
	at org.apache.hadoop.ozone.container.common.transport.server.ratis.ContainerStateMachine.lambda$applyTransaction$5(ContainerStateMachine.java:621) ~[classes/:?]
	at java.util.concurrent.CompletableFuture$AsyncSupply.run(CompletableFuture.java:1590) [?:1.8.0_212]
	at java.util.concurrent.ThreadPoolExecutor.runWorker(ThreadPoolExecutor.java:1149) [?:1.8.0_212]
	at java.util.concurrent.ThreadPoolExecutor$Worker.run(ThreadPoolExecutor.java:624) [?:1.8.0_212]
	at java.lang.Thread.run(Thread.java:748) [?:1.8.0_212]
2019-06-18 10:34:39,200 INFO  impl.HddsDispatcher (ContainerUtils.java:logAndReturnError(146)) - Operation: WriteChunk : Trace ID: e02af8f3a05f80ef:664e5b8551b4e24d:46e7cd2de2d9ea74:0 : Message: ContainerID 5 does not exist : Result: CONTAINER_NOT_FOUND
10:34:39.201 [pool-53-thread-1] ERROR DNAudit - user=null | ip=null | op=PUT_BLOCK {blockData=[blockId=conID: 5 locID: 102292132841979912 bcsId: 0,size=2097152]} | ret=FAILURE
org.apache.hadoop.hdds.scm.container.common.helpers.StorageContainerException: ContainerID 5 does not exist
	at org.apache.hadoop.ozone.container.common.impl.HddsDispatcher.dispatchRequest(HddsDispatcher.java:242) ~[classes/:?]
	at org.apache.hadoop.ozone.container.common.impl.HddsDispatcher.dispatch(HddsDispatcher.java:148) ~[classes/:?]
	at org.apache.hadoop.ozone.container.common.transport.server.ratis.ContainerStateMachine.dispatchCommand(ContainerStateMachine.java:347) ~[classes/:?]
	at org.apache.hadoop.ozone.container.common.transport.server.ratis.ContainerStateMachine.runCommand(ContainerStateMachine.java:354) ~[classes/:?]
	at org.apache.hadoop.ozone.container.common.transport.server.ratis.ContainerStateMachine.lambda$applyTransaction$5(ContainerStateMachine.java:621) ~[classes/:?]
	at java.util.concurrent.CompletableFuture$AsyncSupply.run(CompletableFuture.java:1590) [?:1.8.0_212]
	at java.util.concurrent.ThreadPoolExecutor.runWorker(ThreadPoolExecutor.java:1149) [?:1.8.0_212]
	at java.util.concurrent.ThreadPoolExecutor$Worker.run(ThreadPoolExecutor.java:624) [?:1.8.0_212]
	at java.lang.Thread.run(Thread.java:748) [?:1.8.0_212]
2019-06-18 10:34:39,201 INFO  impl.HddsDispatcher (ContainerUtils.java:logAndReturnError(146)) - Operation: PutBlock : Trace ID: e02af8f3a05f80ef:cf6e0f6d8e498b66:46e7cd2de2d9ea74:0 : Message: ContainerID 5 does not exist : Result: CONTAINER_NOT_FOUND
10:34:39.201 [pool-32-thread-1] ERROR DNAudit - user=null | ip=null | op=WRITE_CHUNK {blockData=conID: 5 locID: 102292132841979912 bcsId: 0} | ret=FAILURE
org.apache.hadoop.hdds.scm.container.common.helpers.StorageContainerException: ContainerID 5 does not exist
	at org.apache.hadoop.ozone.container.common.impl.HddsDispatcher.dispatchRequest(HddsDispatcher.java:242) ~[classes/:?]
	at org.apache.hadoop.ozone.container.common.impl.HddsDispatcher.dispatch(HddsDispatcher.java:148) ~[classes/:?]
	at org.apache.hadoop.ozone.container.common.transport.server.ratis.ContainerStateMachine.dispatchCommand(ContainerStateMachine.java:347) ~[classes/:?]
	at org.apache.hadoop.ozone.container.common.transport.server.ratis.ContainerStateMachine.runCommand(ContainerStateMachine.java:354) ~[classes/:?]
	at org.apache.hadoop.ozone.container.common.transport.server.ratis.ContainerStateMachine.lambda$applyTransaction$5(ContainerStateMachine.java:621) ~[classes/:?]
	at java.util.concurrent.CompletableFuture$AsyncSupply.run(CompletableFuture.java:1590) [?:1.8.0_212]
	at java.util.concurrent.ThreadPoolExecutor.runWorker(ThreadPoolExecutor.java:1149) [?:1.8.0_212]
	at java.util.concurrent.ThreadPoolExecutor$Worker.run(ThreadPoolExecutor.java:624) [?:1.8.0_212]
	at java.lang.Thread.run(Thread.java:748) [?:1.8.0_212]
2019-06-18 10:34:39,202 INFO  impl.HddsDispatcher (ContainerUtils.java:logAndReturnError(146)) - Operation: WriteChunk : Trace ID: e02af8f3a05f80ef:664e5b8551b4e24d:46e7cd2de2d9ea74:0 : Message: ContainerID 5 does not exist : Result: CONTAINER_NOT_FOUND
10:34:39.202 [pool-32-thread-1] ERROR DNAudit - user=null | ip=null | op=PUT_BLOCK {blockData=[blockId=conID: 5 locID: 102292132841979912 bcsId: 0,size=2097152]} | ret=FAILURE
org.apache.hadoop.hdds.scm.container.common.helpers.StorageContainerException: ContainerID 5 does not exist
	at org.apache.hadoop.ozone.container.common.impl.HddsDispatcher.dispatchRequest(HddsDispatcher.java:242) ~[classes/:?]
	at org.apache.hadoop.ozone.container.common.impl.HddsDispatcher.dispatch(HddsDispatcher.java:148) ~[classes/:?]
	at org.apache.hadoop.ozone.container.common.transport.server.ratis.ContainerStateMachine.dispatchCommand(ContainerStateMachine.java:347) ~[classes/:?]
	at org.apache.hadoop.ozone.container.common.transport.server.ratis.ContainerStateMachine.runCommand(ContainerStateMachine.java:354) ~[classes/:?]
	at org.apache.hadoop.ozone.container.common.transport.server.ratis.ContainerStateMachine.lambda$applyTransaction$5(ContainerStateMachine.java:621) ~[classes/:?]
	at java.util.concurrent.CompletableFuture$AsyncSupply.run(CompletableFuture.java:1590) [?:1.8.0_212]
	at java.util.concurrent.ThreadPoolExecutor.runWorker(ThreadPoolExecutor.java:1149) [?:1.8.0_212]
	at java.util.concurrent.ThreadPoolExecutor$Worker.run(ThreadPoolExecutor.java:624) [?:1.8.0_212]
	at java.lang.Thread.run(Thread.java:748) [?:1.8.0_212]
2019-06-18 10:34:39,202 INFO  impl.HddsDispatcher (ContainerUtils.java:logAndReturnError(146)) - Operation: PutBlock : Trace ID: e02af8f3a05f80ef:cf6e0f6d8e498b66:46e7cd2de2d9ea74:0 : Message: ContainerID 5 does not exist : Result: CONTAINER_NOT_FOUND
 100.00% |█████████████████████████████████████████████████████████████████████████████████████████████████████|  1/1 Time: 0:00:02
]]></system-out>
    <system-err><![CDATA[ERROR StatusLogger No Log4j 2 configuration file found. Using default configuration (logging only errors to the console), or user programmatically provided configurations. Set system property 'log4j2.debug' to show Log4j 2 internal initialization logging. See https://logging.apache.org/log4j/2.x/manual/configuration.html for instructions on how to configure Log4j 2
Jun 18, 2019 10:34:24 AM com.sun.jersey.server.impl.application.WebApplicationImpl _initiate
INFO: Initiating Jersey application, version 'Jersey: 1.19 02/11/2015 03:25 AM'
Jun 18, 2019 10:34:25 AM com.sun.jersey.server.impl.application.WebApplicationImpl _initiate
INFO: Initiating Jersey application, version 'Jersey: 1.19 02/11/2015 03:25 AM'
Jun 18, 2019 10:34:26 AM com.sun.jersey.server.impl.application.WebApplicationImpl _initiate
INFO: Initiating Jersey application, version 'Jersey: 1.19 02/11/2015 03:25 AM'
]]></system-err>
  </testcase>
</testsuite>