<?xml version="1.0" encoding="UTF-8"?>
<testsuite xmlns:xsi="http://www.w3.org/2001/XMLSchema-instance" xsi:noNamespaceSchemaLocation="https://maven.apache.org/surefire/maven-surefire-plugin/xsd/surefire-test-report.xsd" name="org.apache.hadoop.ozone.client.rpc.TestFailureHandlingByClient" time="123.559" tests="7" errors="1" skipped="0" failures="0">
  <properties>
    <property name="awt.toolkit" value="sun.awt.X11.XToolkit"/>
    <property name="file.encoding.pkg" value="sun.io"/>
    <property name="java.specification.version" value="1.8"/>
    <property name="sun.cpu.isalist" value=""/>
    <property name="sun.jnu.encoding" value="UTF-8"/>
    <property name="java.class.path" value="/opt/src/hadoop-ozone/integration-test/target/test-classes:/opt/src/hadoop-ozone/integration-test/target/classes:/root/.m2/repository/org/apache/hadoop/hadoop-ozone-common/0.5.0-SNAPSHOT/hadoop-ozone-common-0.5.0-SNAPSHOT.jar:/root/.m2/repository/org/apache/commons/commons-compress/1.4.1/commons-compress-1.4.1.jar:/root/.m2/repository/org/tukaani/xz/1.0/xz-1.0.jar:/root/.m2/repository/org/apache/hadoop/hadoop-common/3.2.0/hadoop-common-3.2.0.jar:/root/.m2/repository/org/apache/hadoop/hadoop-hdfs/3.2.0/hadoop-hdfs-3.2.0.jar:/root/.m2/repository/org/apache/hadoop/hadoop-hdfs-client/3.2.0/hadoop-hdfs-client-3.2.0.jar:/root/.m2/repository/com/fasterxml/jackson/core/jackson-annotations/2.9.5/jackson-annotations-2.9.5.jar:/root/.m2/repository/org/apache/hadoop/hadoop-hdds-common/0.5.0-SNAPSHOT/hadoop-hdds-common-0.5.0-SNAPSHOT.jar:/root/.m2/repository/javax/annotation/javax.annotation-api/1.2/javax.annotation-api-1.2.jar:/root/.m2/repository/org/apache/ratis/ratis-server/0.4.0-fe2b15d-SNAPSHOT/ratis-server-0.4.0-fe2b15d-SNAPSHOT.jar:/root/.m2/repository/org/apache/ratis/ratis-thirdparty-misc/0.2.0/ratis-thirdparty-misc-0.2.0.jar:/root/.m2/repository/org/apache/ratis/ratis-proto/0.4.0-fe2b15d-SNAPSHOT/ratis-proto-0.4.0-fe2b15d-SNAPSHOT.jar:/root/.m2/repository/org/apache/ratis/ratis-common/0.4.0-fe2b15d-SNAPSHOT/ratis-common-0.4.0-fe2b15d-SNAPSHOT.jar:/root/.m2/repository/org/apache/ratis/ratis-client/0.4.0-fe2b15d-SNAPSHOT/ratis-client-0.4.0-fe2b15d-SNAPSHOT.jar:/root/.m2/repository/org/apache/ratis/ratis-netty/0.4.0-fe2b15d-SNAPSHOT/ratis-netty-0.4.0-fe2b15d-SNAPSHOT.jar:/root/.m2/repository/org/apache/ratis/ratis-grpc/0.4.0-fe2b15d-SNAPSHOT/ratis-grpc-0.4.0-fe2b15d-SNAPSHOT.jar:/root/.m2/repository/org/rocksdb/rocksdbjni/5.14.2/rocksdbjni-5.14.2.jar:/root/.m2/repository/org/apache/logging/log4j/log4j-api/2.11.0/log4j-api-2.11.0.jar:/root/.m2/repository/org/apache/logging/log4j/log4j-core/2.11.0/log4j-core-2.11.0.jar:/root/.m2/repository/com/lmax/disruptor/3.4.2/disruptor-3.4.2.jar:/root/.m2/repository/org/apache/commons/commons-pool2/2.6.0/commons-pool2-2.6.0.jar:/root/.m2/repository/org/bouncycastle/bcpkix-jdk15on/1.60/bcpkix-jdk15on-1.60.jar:/root/.m2/repository/commons-validator/commons-validator/1.6/commons-validator-1.6.jar:/root/.m2/repository/commons-digester/commons-digester/1.8.1/commons-digester-1.8.1.jar:/root/.m2/repository/io/jaegertracing/jaeger-client/0.33.1/jaeger-client-0.33.1.jar:/root/.m2/repository/io/jaegertracing/jaeger-thrift/0.33.1/jaeger-thrift-0.33.1.jar:/root/.m2/repository/org/apache/thrift/libthrift/0.11.0/libthrift-0.11.0.jar:/root/.m2/repository/com/squareup/okhttp3/okhttp/3.9.0/okhttp-3.9.0.jar:/root/.m2/repository/com/squareup/okio/okio/1.13.0/okio-1.13.0.jar:/root/.m2/repository/io/jaegertracing/jaeger-core/0.33.1/jaeger-core-0.33.1.jar:/root/.m2/repository/io/jaegertracing/jaeger-tracerresolver/0.33.1/jaeger-tracerresolver-0.33.1.jar:/root/.m2/repository/io/opentracing/contrib/opentracing-tracerresolver/0.1.5/opentracing-tracerresolver-0.1.5.jar:/root/.m2/repository/io/opentracing/opentracing-util/0.31.0/opentracing-util-0.31.0.jar:/root/.m2/repository/io/opentracing/opentracing-api/0.31.0/opentracing-api-0.31.0.jar:/root/.m2/repository/io/opentracing/opentracing-noop/0.31.0/opentracing-noop-0.31.0.jar:/root/.m2/repository/org/apache/hadoop/hadoop-hdds-server-framework/0.5.0-SNAPSHOT/hadoop-hdds-server-framework-0.5.0-SNAPSHOT.jar:/root/.m2/repository/org/apache/hadoop/hadoop-hdds-server-scm/0.5.0-SNAPSHOT/hadoop-hdds-server-scm-0.5.0-SNAPSHOT.jar:/root/.m2/repository/org/apache/hadoop/hadoop-hdds-container-service/0.5.0-SNAPSHOT/hadoop-hdds-container-service-0.5.0-SNAPSHOT.jar:/root/.m2/repository/org/apache/hadoop/hadoop-hdds-client/0.5.0-SNAPSHOT/hadoop-hdds-client-0.5.0-SNAPSHOT.jar:/root/.m2/repository/org/apache/hadoop/hadoop-hdds-tools/0.5.0-SNAPSHOT/hadoop-hdds-tools-0.5.0-SNAPSHOT.jar:/root/.m2/repository/org/apache/hadoop/hadoop-ozone-ozone-manager/0.5.0-SNAPSHOT/hadoop-ozone-ozone-manager-0.5.0-SNAPSHOT.jar:/root/.m2/repository/org/apache/hadoop/hadoop-hdds-docs/0.5.0-SNAPSHOT/hadoop-hdds-docs-0.5.0-SNAPSHOT.jar:/root/.m2/repository/org/bouncycastle/bcprov-jdk15on/1.60/bcprov-jdk15on-1.60.jar:/root/.m2/repository/org/apache/hadoop/hadoop-minikdc/3.2.0/hadoop-minikdc-3.2.0.jar:/root/.m2/repository/commons-io/commons-io/2.5/commons-io-2.5.jar:/root/.m2/repository/org/apache/kerby/kerb-simplekdc/1.0.1/kerb-simplekdc-1.0.1.jar:/root/.m2/repository/org/apache/kerby/kerb-client/1.0.1/kerb-client-1.0.1.jar:/root/.m2/repository/org/apache/kerby/kerby-config/1.0.1/kerby-config-1.0.1.jar:/root/.m2/repository/org/apache/kerby/kerb-core/1.0.1/kerb-core-1.0.1.jar:/root/.m2/repository/org/apache/kerby/kerby-pkix/1.0.1/kerby-pkix-1.0.1.jar:/root/.m2/repository/org/apache/kerby/kerby-asn1/1.0.1/kerby-asn1-1.0.1.jar:/root/.m2/repository/org/apache/kerby/kerby-util/1.0.1/kerby-util-1.0.1.jar:/root/.m2/repository/org/apache/kerby/kerb-common/1.0.1/kerb-common-1.0.1.jar:/root/.m2/repository/org/apache/kerby/kerb-crypto/1.0.1/kerb-crypto-1.0.1.jar:/root/.m2/repository/org/apache/kerby/kerb-util/1.0.1/kerb-util-1.0.1.jar:/root/.m2/repository/org/apache/kerby/token-provider/1.0.1/token-provider-1.0.1.jar:/root/.m2/repository/org/apache/kerby/kerb-admin/1.0.1/kerb-admin-1.0.1.jar:/root/.m2/repository/org/apache/kerby/kerb-server/1.0.1/kerb-server-1.0.1.jar:/root/.m2/repository/org/apache/kerby/kerb-identity/1.0.1/kerb-identity-1.0.1.jar:/root/.m2/repository/org/apache/kerby/kerby-xdr/1.0.1/kerby-xdr-1.0.1.jar:/root/.m2/repository/org/slf4j/slf4j-log4j12/1.7.25/slf4j-log4j12-1.7.25.jar:/root/.m2/repository/org/apache/hadoop/hadoop-ozone-objectstore-service/0.5.0-SNAPSHOT/hadoop-ozone-objectstore-service-0.5.0-SNAPSHOT.jar:/root/.m2/repository/org/apache/hadoop/hadoop-ozone-s3gateway/0.5.0-SNAPSHOT/hadoop-ozone-s3gateway-0.5.0-SNAPSHOT.jar:/root/.m2/repository/org/jboss/weld/servlet/weld-servlet/2.4.7.Final/weld-servlet-2.4.7.Final.jar:/root/.m2/repository/org/glassfish/jersey/containers/jersey-container-servlet-core/2.27/jersey-container-servlet-core-2.27.jar:/root/.m2/repository/org/glassfish/hk2/external/javax.inject/2.5.0-b42/javax.inject-2.5.0-b42.jar:/root/.m2/repository/org/glassfish/jersey/core/jersey-common/2.27/jersey-common-2.27.jar:/root/.m2/repository/org/glassfish/hk2/osgi-resource-locator/1.0.1/osgi-resource-locator-1.0.1.jar:/root/.m2/repository/javax/ws/rs/javax.ws.rs-api/2.1/javax.ws.rs-api-2.1.jar:/root/.m2/repository/org/glassfish/jersey/ext/cdi/jersey-cdi1x/2.27/jersey-cdi1x-2.27.jar:/root/.m2/repository/org/glassfish/jersey/inject/jersey-hk2/2.27/jersey-hk2-2.27.jar:/root/.m2/repository/org/glassfish/hk2/hk2-locator/2.5.0-b42/hk2-locator-2.5.0-b42.jar:/root/.m2/repository/org/javassist/javassist/3.22.0-CR2/javassist-3.22.0-CR2.jar:/root/.m2/repository/org/glassfish/hk2/hk2-api/2.5.0/hk2-api-2.5.0.jar:/root/.m2/repository/org/glassfish/hk2/external/jakarta.inject/2.5.0/jakarta.inject-2.5.0.jar:/root/.m2/repository/org/glassfish/hk2/hk2-utils/2.5.0/hk2-utils-2.5.0.jar:/root/.m2/repository/jakarta/annotation/jakarta.annotation-api/1.3.4/jakarta.annotation-api-1.3.4.jar:/root/.m2/repository/org/glassfish/hk2/external/aopalliance-repackaged/2.5.0/aopalliance-repackaged-2.5.0.jar:/root/.m2/repository/com/fasterxml/jackson/dataformat/jackson-dataformat-xml/2.9.0/jackson-dataformat-xml-2.9.0.jar:/root/.m2/repository/com/fasterxml/jackson/core/jackson-core/2.9.5/jackson-core-2.9.5.jar:/root/.m2/repository/com/fasterxml/jackson/module/jackson-module-jaxb-annotations/2.9.5/jackson-module-jaxb-annotations-2.9.5.jar:/root/.m2/repository/javax/enterprise/cdi-api/1.2/cdi-api-1.2.jar:/root/.m2/repository/javax/el/javax.el-api/3.0.0/javax.el-api-3.0.0.jar:/root/.m2/repository/javax/interceptor/javax.interceptor-api/1.2/javax.interceptor-api-1.2.jar:/root/.m2/repository/javax/inject/javax.inject/1/javax.inject-1.jar:/root/.m2/repository/com/sun/xml/bind/jaxb-impl/2.3.0.1/jaxb-impl-2.3.0.1.jar:/root/.m2/repository/com/sun/xml/bind/jaxb-core/2.3.0.1/jaxb-core-2.3.0.1.jar:/root/.m2/repository/javax/xml/bind/jaxb-api/2.3.0/jaxb-api-2.3.0.jar:/root/.m2/repository/javax/activation/activation/1.1.1/activation-1.1.1.jar:/root/.m2/repository/org/apache/hadoop/hadoop-ozone-csi/0.5.0-SNAPSHOT/hadoop-ozone-csi-0.5.0-SNAPSHOT.jar:/root/.m2/repository/com/google/protobuf/protobuf-java-util/3.5.1/protobuf-java-util-3.5.1.jar:/root/.m2/repository/org/apache/hadoop/hadoop-hdds-config/0.5.0-SNAPSHOT/hadoop-hdds-config-0.5.0-SNAPSHOT.jar:/root/.m2/repository/com/google/guava/guava/11.0.2/guava-11.0.2.jar:/root/.m2/repository/com/google/protobuf/protobuf-java/2.5.0/protobuf-java-2.5.0.jar:/root/.m2/repository/io/grpc/grpc-netty/1.17.1/grpc-netty-1.17.1.jar:/root/.m2/repository/io/grpc/grpc-core/1.17.1/grpc-core-1.17.1.jar:/root/.m2/repository/io/grpc/grpc-context/1.17.1/grpc-context-1.17.1.jar:/root/.m2/repository/com/google/errorprone/error_prone_annotations/2.2.0/error_prone_annotations-2.2.0.jar:/root/.m2/repository/org/codehaus/mojo/animal-sniffer-annotations/1.17/animal-sniffer-annotations-1.17.jar:/root/.m2/repository/io/opencensus/opencensus-api/0.17.0/opencensus-api-0.17.0.jar:/root/.m2/repository/io/opencensus/opencensus-contrib-grpc-metrics/0.17.0/opencensus-contrib-grpc-metrics-0.17.0.jar:/root/.m2/repository/io/netty/netty-codec-http2/4.1.30.Final/netty-codec-http2-4.1.30.Final.jar:/root/.m2/repository/io/netty/netty-codec-http/4.1.30.Final/netty-codec-http-4.1.30.Final.jar:/root/.m2/repository/io/netty/netty-codec/4.1.30.Final/netty-codec-4.1.30.Final.jar:/root/.m2/repository/io/netty/netty-handler/4.1.30.Final/netty-handler-4.1.30.Final.jar:/root/.m2/repository/io/netty/netty-handler-proxy/4.1.30.Final/netty-handler-proxy-4.1.30.Final.jar:/root/.m2/repository/io/netty/netty-codec-socks/4.1.30.Final/netty-codec-socks-4.1.30.Final.jar:/root/.m2/repository/io/netty/netty-transport-native-epoll/4.1.30.Final/netty-transport-native-epoll-4.1.30.Final.jar:/root/.m2/repository/io/netty/netty-common/4.1.30.Final/netty-common-4.1.30.Final.jar:/root/.m2/repository/io/netty/netty-buffer/4.1.30.Final/netty-buffer-4.1.30.Final.jar:/root/.m2/repository/io/netty/netty-transport/4.1.30.Final/netty-transport-4.1.30.Final.jar:/root/.m2/repository/io/netty/netty-resolver/4.1.30.Final/netty-resolver-4.1.30.Final.jar:/root/.m2/repository/io/netty/netty-transport-native-unix-common/4.1.30.Final/netty-transport-native-unix-common-4.1.30.Final.jar:/root/.m2/repository/io/grpc/grpc-protobuf/1.17.1/grpc-protobuf-1.17.1.jar:/root/.m2/repository/com/google/api/grpc/proto-google-common-protos/1.0.0/proto-google-common-protos-1.0.0.jar:/root/.m2/repository/io/grpc/grpc-protobuf-lite/1.17.1/grpc-protobuf-lite-1.17.1.jar:/root/.m2/repository/io/grpc/grpc-stub/1.17.1/grpc-stub-1.17.1.jar:/root/.m2/repository/org/apache/hadoop/hadoop-ozone-recon/0.5.0-SNAPSHOT/hadoop-ozone-recon-0.5.0-SNAPSHOT.jar:/root/.m2/repository/org/apache/hadoop/hadoop-ozone-reconcodegen/0.5.0-SNAPSHOT/hadoop-ozone-reconcodegen-0.5.0-SNAPSHOT.jar:/root/.m2/repository/com/google/inject/extensions/guice-multibindings/4.0/guice-multibindings-4.0.jar:/root/.m2/repository/com/google/inject/guice/4.0/guice-4.0.jar:/root/.m2/repository/aopalliance/aopalliance/1.0/aopalliance-1.0.jar:/root/.m2/repository/com/google/inject/extensions/guice-servlet/4.0/guice-servlet-4.0.jar:/root/.m2/repository/org/glassfish/jersey/containers/jersey-container-servlet/2.27/jersey-container-servlet-2.27.jar:/root/.m2/repository/org/glassfish/hk2/guice-bridge/2.5.0/guice-bridge-2.5.0.jar:/root/.m2/repository/org/glassfish/jersey/core/jersey-server/2.27/jersey-server-2.27.jar:/root/.m2/repository/org/glassfish/jersey/core/jersey-client/2.27/jersey-client-2.27.jar:/root/.m2/repository/org/glassfish/jersey/media/jersey-media-jaxb/2.27/jersey-media-jaxb-2.27.jar:/root/.m2/repository/javax/validation/validation-api/1.1.0.Final/validation-api-1.1.0.Final.jar:/root/.m2/repository/org/glassfish/jersey/media/jersey-media-json-jackson/2.27/jersey-media-json-jackson-2.27.jar:/root/.m2/repository/org/glassfish/jersey/ext/jersey-entity-filtering/2.27/jersey-entity-filtering-2.27.jar:/root/.m2/repository/com/google/inject/extensions/guice-assistedinject/4.0/guice-assistedinject-4.0.jar:/root/.m2/repository/org/jooq/jooq/3.11.10/jooq-3.11.10.jar:/root/.m2/repository/org/jooq/jooq-meta/3.11.10/jooq-meta-3.11.10.jar:/root/.m2/repository/org/jooq/jooq-codegen/3.11.10/jooq-codegen-3.11.10.jar:/root/.m2/repository/com/jolbox/bonecp/0.8.0.RELEASE/bonecp-0.8.0.RELEASE.jar:/root/.m2/repository/org/xerial/sqlite-jdbc/3.25.2/sqlite-jdbc-3.25.2.jar:/root/.m2/repository/org/springframework/spring-jdbc/5.1.3.RELEASE/spring-jdbc-5.1.3.RELEASE.jar:/root/.m2/repository/org/springframework/spring-beans/5.1.3.RELEASE/spring-beans-5.1.3.RELEASE.jar:/root/.m2/repository/org/springframework/spring-core/5.1.3.RELEASE/spring-core-5.1.3.RELEASE.jar:/root/.m2/repository/org/springframework/spring-jcl/5.1.3.RELEASE/spring-jcl-5.1.3.RELEASE.jar:/root/.m2/repository/org/springframework/spring-tx/5.1.3.RELEASE/spring-tx-5.1.3.RELEASE.jar:/root/.m2/repository/org/apache/hadoop/hadoop-ozone-client/0.5.0-SNAPSHOT/hadoop-ozone-client-0.5.0-SNAPSHOT.jar:/root/.m2/repository/org/apache/hadoop/hadoop-ozone-ozone-manager/0.5.0-SNAPSHOT/hadoop-ozone-ozone-manager-0.5.0-SNAPSHOT-tests.jar:/root/.m2/repository/junit/junit/4.11/junit-4.11.jar:/root/.m2/repository/org/hamcrest/hamcrest-core/1.3/hamcrest-core-1.3.jar:/root/.m2/repository/org/openjdk/jmh/jmh-core/1.19/jmh-core-1.19.jar:/root/.m2/repository/net/sf/jopt-simple/jopt-simple/4.6/jopt-simple-4.6.jar:/root/.m2/repository/org/apache/commons/commons-math3/3.1.1/commons-math3-3.1.1.jar:/root/.m2/repository/org/openjdk/jmh/jmh-generator-annprocess/1.19/jmh-generator-annprocess-1.19.jar:/root/.m2/repository/org/mockito/mockito-all/1.8.5/mockito-all-1.8.5.jar:/root/.m2/repository/org/apache/hadoop/hadoop-kms/3.2.0/hadoop-kms-3.2.0.jar:/root/.m2/repository/org/apache/hadoop/hadoop-auth/3.2.0/hadoop-auth-3.2.0.jar:/root/.m2/repository/com/nimbusds/nimbus-jose-jwt/4.41.1/nimbus-jose-jwt-4.41.1.jar:/root/.m2/repository/com/github/stephenc/jcip/jcip-annotations/1.0-1/jcip-annotations-1.0-1.jar:/root/.m2/repository/net/minidev/json-smart/2.3/json-smart-2.3.jar:/root/.m2/repository/net/minidev/accessors-smart/1.2/accessors-smart-1.2.jar:/root/.m2/repository/org/ow2/asm/asm/5.0.4/asm-5.0.4.jar:/root/.m2/repository/org/apache/curator/curator-framework/2.12.0/curator-framework-2.12.0.jar:/root/.m2/repository/com/sun/jersey/jersey-core/1.19/jersey-core-1.19.jar:/root/.m2/repository/javax/ws/rs/jsr311-api/1.1.1/jsr311-api-1.1.1.jar:/root/.m2/repository/com/sun/jersey/jersey-server/1.19/jersey-server-1.19.jar:/root/.m2/repository/javax/servlet/javax.servlet-api/3.1.0/javax.servlet-api-3.1.0.jar:/root/.m2/repository/org/eclipse/jetty/jetty-server/9.3.24.v20180605/jetty-server-9.3.24.v20180605.jar:/root/.m2/repository/org/eclipse/jetty/jetty-http/9.3.24.v20180605/jetty-http-9.3.24.v20180605.jar:/root/.m2/repository/org/eclipse/jetty/jetty-io/9.3.24.v20180605/jetty-io-9.3.24.v20180605.jar:/root/.m2/repository/org/eclipse/jetty/jetty-webapp/9.3.24.v20180605/jetty-webapp-9.3.24.v20180605.jar:/root/.m2/repository/org/eclipse/jetty/jetty-xml/9.3.24.v20180605/jetty-xml-9.3.24.v20180605.jar:/root/.m2/repository/log4j/log4j/1.2.17/log4j-1.2.17.jar:/root/.m2/repository/org/slf4j/slf4j-api/1.7.25/slf4j-api-1.7.25.jar:/root/.m2/repository/org/slf4j/jul-to-slf4j/1.7.25/jul-to-slf4j-1.7.25.jar:/root/.m2/repository/org/eclipse/jetty/jetty-util/9.3.24.v20180605/jetty-util-9.3.24.v20180605.jar:/root/.m2/repository/io/dropwizard/metrics/metrics-core/3.2.4/metrics-core-3.2.4.jar:/root/.m2/repository/com/fasterxml/jackson/core/jackson-databind/2.9.5/jackson-databind-2.9.5.jar:/root/.m2/repository/org/apache/hadoop/hadoop-kms/3.2.0/hadoop-kms-3.2.0-tests.jar:/root/.m2/repository/org/apache/hadoop/hadoop-hdds-server-scm/0.5.0-SNAPSHOT/hadoop-hdds-server-scm-0.5.0-SNAPSHOT-tests.jar:/root/.m2/repository/org/hamcrest/hamcrest-all/1.3/hamcrest-all-1.3.jar:/root/.m2/repository/info/picocli/picocli/3.9.6/picocli-3.9.6.jar:/root/.m2/repository/org/apache/hadoop/hadoop-hdds-container-service/0.5.0-SNAPSHOT/hadoop-hdds-container-service-0.5.0-SNAPSHOT-tests.jar:/root/.m2/repository/org/yaml/snakeyaml/1.16/snakeyaml-1.16.jar:/root/.m2/repository/org/apache/hadoop/hadoop-common/3.2.0/hadoop-common-3.2.0-tests.jar:/root/.m2/repository/org/apache/hadoop/hadoop-annotations/3.2.0/hadoop-annotations-3.2.0.jar:/usr/lib/jvm/java-1.8-openjdk/jre/../lib/tools.jar:/root/.m2/repository/commons-cli/commons-cli/1.2/commons-cli-1.2.jar:/root/.m2/repository/org/apache/httpcomponents/httpclient/4.5.2/httpclient-4.5.2.jar:/root/.m2/repository/org/apache/httpcomponents/httpcore/4.4.4/httpcore-4.4.4.jar:/root/.m2/repository/commons-codec/commons-codec/1.11/commons-codec-1.11.jar:/root/.m2/repository/commons-net/commons-net/3.6/commons-net-3.6.jar:/root/.m2/repository/commons-collections/commons-collections/3.2.2/commons-collections-3.2.2.jar:/root/.m2/repository/org/eclipse/jetty/jetty-servlet/9.3.24.v20180605/jetty-servlet-9.3.24.v20180605.jar:/root/.m2/repository/org/eclipse/jetty/jetty-security/9.3.24.v20180605/jetty-security-9.3.24.v20180605.jar:/root/.m2/repository/javax/servlet/jsp/jsp-api/2.1/jsp-api-2.1.jar:/root/.m2/repository/com/sun/jersey/jersey-servlet/1.19/jersey-servlet-1.19.jar:/root/.m2/repository/com/sun/jersey/jersey-json/1.19/jersey-json-1.19.jar:/root/.m2/repository/org/codehaus/jettison/jettison/1.1/jettison-1.1.jar:/root/.m2/repository/org/codehaus/jackson/jackson-core-asl/1.9.13/jackson-core-asl-1.9.13.jar:/root/.m2/repository/org/codehaus/jackson/jackson-mapper-asl/1.9.13/jackson-mapper-asl-1.9.13.jar:/root/.m2/repository/org/codehaus/jackson/jackson-jaxrs/1.9.13/jackson-jaxrs-1.9.13.jar:/root/.m2/repository/org/codehaus/jackson/jackson-xc/1.9.13/jackson-xc-1.9.13.jar:/root/.m2/repository/commons-logging/commons-logging/1.1.3/commons-logging-1.1.3.jar:/root/.m2/repository/commons-beanutils/commons-beanutils/1.9.3/commons-beanutils-1.9.3.jar:/root/.m2/repository/org/apache/commons/commons-configuration2/2.1.1/commons-configuration2-2.1.1.jar:/root/.m2/repository/org/apache/commons/commons-lang3/3.7/commons-lang3-3.7.jar:/root/.m2/repository/org/apache/commons/commons-text/1.4/commons-text-1.4.jar:/root/.m2/repository/org/apache/avro/avro/1.7.7/avro-1.7.7.jar:/root/.m2/repository/com/thoughtworks/paranamer/paranamer/2.3/paranamer-2.3.jar:/root/.m2/repository/org/xerial/snappy/snappy-java/1.0.5/snappy-java-1.0.5.jar:/root/.m2/repository/com/google/re2j/re2j/1.1/re2j-1.1.jar:/root/.m2/repository/com/google/code/gson/gson/2.2.4/gson-2.2.4.jar:/root/.m2/repository/com/jcraft/jsch/0.1.54/jsch-0.1.54.jar:/root/.m2/repository/org/apache/curator/curator-client/2.12.0/curator-client-2.12.0.jar:/root/.m2/repository/org/apache/curator/curator-recipes/2.12.0/curator-recipes-2.12.0.jar:/root/.m2/repository/com/google/code/findbugs/jsr305/3.0.0/jsr305-3.0.0.jar:/root/.m2/repository/org/apache/htrace/htrace-core4/4.1.0-incubating/htrace-core4-4.1.0-incubating.jar:/root/.m2/repository/org/apache/zookeeper/zookeeper/3.4.13/zookeeper-3.4.13.jar:/root/.m2/repository/org/apache/yetus/audience-annotations/0.5.0/audience-annotations-0.5.0.jar:/root/.m2/repository/org/codehaus/woodstox/stax2-api/3.1.4/stax2-api-3.1.4.jar:/root/.m2/repository/com/fasterxml/woodstox/woodstox-core/5.0.3/woodstox-core-5.0.3.jar:/root/.m2/repository/dnsjava/dnsjava/2.1.7/dnsjava-2.1.7.jar:/root/.m2/repository/org/apache/hadoop/hadoop-hdfs/3.2.0/hadoop-hdfs-3.2.0-tests.jar:/root/.m2/repository/org/eclipse/jetty/jetty-util-ajax/9.3.24.v20180605/jetty-util-ajax-9.3.24.v20180605.jar:/root/.m2/repository/commons-daemon/commons-daemon/1.0.13/commons-daemon-1.0.13.jar:/root/.m2/repository/io/netty/netty/3.10.5.Final/netty-3.10.5.Final.jar:/root/.m2/repository/io/netty/netty-all/4.0.52.Final/netty-all-4.0.52.Final.jar:/root/.m2/repository/org/fusesource/leveldbjni/leveldbjni-all/1.8/leveldbjni-all-1.8.jar:"/>
    <property name="java.vm.vendor" value="IcedTea"/>
    <property name="sun.arch.data.model" value="64"/>
    <property name="test.build.dir" value="/opt/src/hadoop-ozone/integration-test/target/test-dir"/>
    <property name="test.cache.data" value=""/>
    <property name="java.vendor.url" value="https://icedtea.classpath.org"/>
    <property name="user.timezone" value=""/>
    <property name="java.vm.specification.version" value="1.8"/>
    <property name="os.name" value="Linux"/>
    <property name="test.build.data" value="/opt/src/hadoop-ozone/integration-test/target/test-dir"/>
    <property name="user.country" value="US"/>
    <property name="sun.java.launcher" value="SUN_STANDARD"/>
    <property name="sun.boot.library.path" value="/usr/lib/jvm/java-1.8-openjdk/jre/lib/amd64"/>
    <property name="sun.java.command" value="/opt/src/hadoop-ozone/integration-test/target/surefire/surefirebooter1006979054163051346.jar /opt/src/hadoop-ozone/integration-test/target/surefire 2019-06-14T10-21-45_262-jvmRun1 surefire2807117816394678465tmp surefire_127750644766908460633tmp"/>
    <property name="surefire.test.class.path" value="/opt/src/hadoop-ozone/integration-test/target/test-classes:/opt/src/hadoop-ozone/integration-test/target/classes:/root/.m2/repository/org/apache/hadoop/hadoop-ozone-common/0.5.0-SNAPSHOT/hadoop-ozone-common-0.5.0-SNAPSHOT.jar:/root/.m2/repository/org/apache/commons/commons-compress/1.4.1/commons-compress-1.4.1.jar:/root/.m2/repository/org/tukaani/xz/1.0/xz-1.0.jar:/root/.m2/repository/org/apache/hadoop/hadoop-common/3.2.0/hadoop-common-3.2.0.jar:/root/.m2/repository/org/apache/hadoop/hadoop-hdfs/3.2.0/hadoop-hdfs-3.2.0.jar:/root/.m2/repository/org/apache/hadoop/hadoop-hdfs-client/3.2.0/hadoop-hdfs-client-3.2.0.jar:/root/.m2/repository/com/fasterxml/jackson/core/jackson-annotations/2.9.5/jackson-annotations-2.9.5.jar:/root/.m2/repository/org/apache/hadoop/hadoop-hdds-common/0.5.0-SNAPSHOT/hadoop-hdds-common-0.5.0-SNAPSHOT.jar:/root/.m2/repository/javax/annotation/javax.annotation-api/1.2/javax.annotation-api-1.2.jar:/root/.m2/repository/org/apache/ratis/ratis-server/0.4.0-fe2b15d-SNAPSHOT/ratis-server-0.4.0-fe2b15d-SNAPSHOT.jar:/root/.m2/repository/org/apache/ratis/ratis-thirdparty-misc/0.2.0/ratis-thirdparty-misc-0.2.0.jar:/root/.m2/repository/org/apache/ratis/ratis-proto/0.4.0-fe2b15d-SNAPSHOT/ratis-proto-0.4.0-fe2b15d-SNAPSHOT.jar:/root/.m2/repository/org/apache/ratis/ratis-common/0.4.0-fe2b15d-SNAPSHOT/ratis-common-0.4.0-fe2b15d-SNAPSHOT.jar:/root/.m2/repository/org/apache/ratis/ratis-client/0.4.0-fe2b15d-SNAPSHOT/ratis-client-0.4.0-fe2b15d-SNAPSHOT.jar:/root/.m2/repository/org/apache/ratis/ratis-netty/0.4.0-fe2b15d-SNAPSHOT/ratis-netty-0.4.0-fe2b15d-SNAPSHOT.jar:/root/.m2/repository/org/apache/ratis/ratis-grpc/0.4.0-fe2b15d-SNAPSHOT/ratis-grpc-0.4.0-fe2b15d-SNAPSHOT.jar:/root/.m2/repository/org/rocksdb/rocksdbjni/5.14.2/rocksdbjni-5.14.2.jar:/root/.m2/repository/org/apache/logging/log4j/log4j-api/2.11.0/log4j-api-2.11.0.jar:/root/.m2/repository/org/apache/logging/log4j/log4j-core/2.11.0/log4j-core-2.11.0.jar:/root/.m2/repository/com/lmax/disruptor/3.4.2/disruptor-3.4.2.jar:/root/.m2/repository/org/apache/commons/commons-pool2/2.6.0/commons-pool2-2.6.0.jar:/root/.m2/repository/org/bouncycastle/bcpkix-jdk15on/1.60/bcpkix-jdk15on-1.60.jar:/root/.m2/repository/commons-validator/commons-validator/1.6/commons-validator-1.6.jar:/root/.m2/repository/commons-digester/commons-digester/1.8.1/commons-digester-1.8.1.jar:/root/.m2/repository/io/jaegertracing/jaeger-client/0.33.1/jaeger-client-0.33.1.jar:/root/.m2/repository/io/jaegertracing/jaeger-thrift/0.33.1/jaeger-thrift-0.33.1.jar:/root/.m2/repository/org/apache/thrift/libthrift/0.11.0/libthrift-0.11.0.jar:/root/.m2/repository/com/squareup/okhttp3/okhttp/3.9.0/okhttp-3.9.0.jar:/root/.m2/repository/com/squareup/okio/okio/1.13.0/okio-1.13.0.jar:/root/.m2/repository/io/jaegertracing/jaeger-core/0.33.1/jaeger-core-0.33.1.jar:/root/.m2/repository/io/jaegertracing/jaeger-tracerresolver/0.33.1/jaeger-tracerresolver-0.33.1.jar:/root/.m2/repository/io/opentracing/contrib/opentracing-tracerresolver/0.1.5/opentracing-tracerresolver-0.1.5.jar:/root/.m2/repository/io/opentracing/opentracing-util/0.31.0/opentracing-util-0.31.0.jar:/root/.m2/repository/io/opentracing/opentracing-api/0.31.0/opentracing-api-0.31.0.jar:/root/.m2/repository/io/opentracing/opentracing-noop/0.31.0/opentracing-noop-0.31.0.jar:/root/.m2/repository/org/apache/hadoop/hadoop-hdds-server-framework/0.5.0-SNAPSHOT/hadoop-hdds-server-framework-0.5.0-SNAPSHOT.jar:/root/.m2/repository/org/apache/hadoop/hadoop-hdds-server-scm/0.5.0-SNAPSHOT/hadoop-hdds-server-scm-0.5.0-SNAPSHOT.jar:/root/.m2/repository/org/apache/hadoop/hadoop-hdds-container-service/0.5.0-SNAPSHOT/hadoop-hdds-container-service-0.5.0-SNAPSHOT.jar:/root/.m2/repository/org/apache/hadoop/hadoop-hdds-client/0.5.0-SNAPSHOT/hadoop-hdds-client-0.5.0-SNAPSHOT.jar:/root/.m2/repository/org/apache/hadoop/hadoop-hdds-tools/0.5.0-SNAPSHOT/hadoop-hdds-tools-0.5.0-SNAPSHOT.jar:/root/.m2/repository/org/apache/hadoop/hadoop-ozone-ozone-manager/0.5.0-SNAPSHOT/hadoop-ozone-ozone-manager-0.5.0-SNAPSHOT.jar:/root/.m2/repository/org/apache/hadoop/hadoop-hdds-docs/0.5.0-SNAPSHOT/hadoop-hdds-docs-0.5.0-SNAPSHOT.jar:/root/.m2/repository/org/bouncycastle/bcprov-jdk15on/1.60/bcprov-jdk15on-1.60.jar:/root/.m2/repository/org/apache/hadoop/hadoop-minikdc/3.2.0/hadoop-minikdc-3.2.0.jar:/root/.m2/repository/commons-io/commons-io/2.5/commons-io-2.5.jar:/root/.m2/repository/org/apache/kerby/kerb-simplekdc/1.0.1/kerb-simplekdc-1.0.1.jar:/root/.m2/repository/org/apache/kerby/kerb-client/1.0.1/kerb-client-1.0.1.jar:/root/.m2/repository/org/apache/kerby/kerby-config/1.0.1/kerby-config-1.0.1.jar:/root/.m2/repository/org/apache/kerby/kerb-core/1.0.1/kerb-core-1.0.1.jar:/root/.m2/repository/org/apache/kerby/kerby-pkix/1.0.1/kerby-pkix-1.0.1.jar:/root/.m2/repository/org/apache/kerby/kerby-asn1/1.0.1/kerby-asn1-1.0.1.jar:/root/.m2/repository/org/apache/kerby/kerby-util/1.0.1/kerby-util-1.0.1.jar:/root/.m2/repository/org/apache/kerby/kerb-common/1.0.1/kerb-common-1.0.1.jar:/root/.m2/repository/org/apache/kerby/kerb-crypto/1.0.1/kerb-crypto-1.0.1.jar:/root/.m2/repository/org/apache/kerby/kerb-util/1.0.1/kerb-util-1.0.1.jar:/root/.m2/repository/org/apache/kerby/token-provider/1.0.1/token-provider-1.0.1.jar:/root/.m2/repository/org/apache/kerby/kerb-admin/1.0.1/kerb-admin-1.0.1.jar:/root/.m2/repository/org/apache/kerby/kerb-server/1.0.1/kerb-server-1.0.1.jar:/root/.m2/repository/org/apache/kerby/kerb-identity/1.0.1/kerb-identity-1.0.1.jar:/root/.m2/repository/org/apache/kerby/kerby-xdr/1.0.1/kerby-xdr-1.0.1.jar:/root/.m2/repository/org/slf4j/slf4j-log4j12/1.7.25/slf4j-log4j12-1.7.25.jar:/root/.m2/repository/org/apache/hadoop/hadoop-ozone-objectstore-service/0.5.0-SNAPSHOT/hadoop-ozone-objectstore-service-0.5.0-SNAPSHOT.jar:/root/.m2/repository/org/apache/hadoop/hadoop-ozone-s3gateway/0.5.0-SNAPSHOT/hadoop-ozone-s3gateway-0.5.0-SNAPSHOT.jar:/root/.m2/repository/org/jboss/weld/servlet/weld-servlet/2.4.7.Final/weld-servlet-2.4.7.Final.jar:/root/.m2/repository/org/glassfish/jersey/containers/jersey-container-servlet-core/2.27/jersey-container-servlet-core-2.27.jar:/root/.m2/repository/org/glassfish/hk2/external/javax.inject/2.5.0-b42/javax.inject-2.5.0-b42.jar:/root/.m2/repository/org/glassfish/jersey/core/jersey-common/2.27/jersey-common-2.27.jar:/root/.m2/repository/org/glassfish/hk2/osgi-resource-locator/1.0.1/osgi-resource-locator-1.0.1.jar:/root/.m2/repository/javax/ws/rs/javax.ws.rs-api/2.1/javax.ws.rs-api-2.1.jar:/root/.m2/repository/org/glassfish/jersey/ext/cdi/jersey-cdi1x/2.27/jersey-cdi1x-2.27.jar:/root/.m2/repository/org/glassfish/jersey/inject/jersey-hk2/2.27/jersey-hk2-2.27.jar:/root/.m2/repository/org/glassfish/hk2/hk2-locator/2.5.0-b42/hk2-locator-2.5.0-b42.jar:/root/.m2/repository/org/javassist/javassist/3.22.0-CR2/javassist-3.22.0-CR2.jar:/root/.m2/repository/org/glassfish/hk2/hk2-api/2.5.0/hk2-api-2.5.0.jar:/root/.m2/repository/org/glassfish/hk2/external/jakarta.inject/2.5.0/jakarta.inject-2.5.0.jar:/root/.m2/repository/org/glassfish/hk2/hk2-utils/2.5.0/hk2-utils-2.5.0.jar:/root/.m2/repository/jakarta/annotation/jakarta.annotation-api/1.3.4/jakarta.annotation-api-1.3.4.jar:/root/.m2/repository/org/glassfish/hk2/external/aopalliance-repackaged/2.5.0/aopalliance-repackaged-2.5.0.jar:/root/.m2/repository/com/fasterxml/jackson/dataformat/jackson-dataformat-xml/2.9.0/jackson-dataformat-xml-2.9.0.jar:/root/.m2/repository/com/fasterxml/jackson/core/jackson-core/2.9.5/jackson-core-2.9.5.jar:/root/.m2/repository/com/fasterxml/jackson/module/jackson-module-jaxb-annotations/2.9.5/jackson-module-jaxb-annotations-2.9.5.jar:/root/.m2/repository/javax/enterprise/cdi-api/1.2/cdi-api-1.2.jar:/root/.m2/repository/javax/el/javax.el-api/3.0.0/javax.el-api-3.0.0.jar:/root/.m2/repository/javax/interceptor/javax.interceptor-api/1.2/javax.interceptor-api-1.2.jar:/root/.m2/repository/javax/inject/javax.inject/1/javax.inject-1.jar:/root/.m2/repository/com/sun/xml/bind/jaxb-impl/2.3.0.1/jaxb-impl-2.3.0.1.jar:/root/.m2/repository/com/sun/xml/bind/jaxb-core/2.3.0.1/jaxb-core-2.3.0.1.jar:/root/.m2/repository/javax/xml/bind/jaxb-api/2.3.0/jaxb-api-2.3.0.jar:/root/.m2/repository/javax/activation/activation/1.1.1/activation-1.1.1.jar:/root/.m2/repository/org/apache/hadoop/hadoop-ozone-csi/0.5.0-SNAPSHOT/hadoop-ozone-csi-0.5.0-SNAPSHOT.jar:/root/.m2/repository/com/google/protobuf/protobuf-java-util/3.5.1/protobuf-java-util-3.5.1.jar:/root/.m2/repository/org/apache/hadoop/hadoop-hdds-config/0.5.0-SNAPSHOT/hadoop-hdds-config-0.5.0-SNAPSHOT.jar:/root/.m2/repository/com/google/guava/guava/11.0.2/guava-11.0.2.jar:/root/.m2/repository/com/google/protobuf/protobuf-java/2.5.0/protobuf-java-2.5.0.jar:/root/.m2/repository/io/grpc/grpc-netty/1.17.1/grpc-netty-1.17.1.jar:/root/.m2/repository/io/grpc/grpc-core/1.17.1/grpc-core-1.17.1.jar:/root/.m2/repository/io/grpc/grpc-context/1.17.1/grpc-context-1.17.1.jar:/root/.m2/repository/com/google/errorprone/error_prone_annotations/2.2.0/error_prone_annotations-2.2.0.jar:/root/.m2/repository/org/codehaus/mojo/animal-sniffer-annotations/1.17/animal-sniffer-annotations-1.17.jar:/root/.m2/repository/io/opencensus/opencensus-api/0.17.0/opencensus-api-0.17.0.jar:/root/.m2/repository/io/opencensus/opencensus-contrib-grpc-metrics/0.17.0/opencensus-contrib-grpc-metrics-0.17.0.jar:/root/.m2/repository/io/netty/netty-codec-http2/4.1.30.Final/netty-codec-http2-4.1.30.Final.jar:/root/.m2/repository/io/netty/netty-codec-http/4.1.30.Final/netty-codec-http-4.1.30.Final.jar:/root/.m2/repository/io/netty/netty-codec/4.1.30.Final/netty-codec-4.1.30.Final.jar:/root/.m2/repository/io/netty/netty-handler/4.1.30.Final/netty-handler-4.1.30.Final.jar:/root/.m2/repository/io/netty/netty-handler-proxy/4.1.30.Final/netty-handler-proxy-4.1.30.Final.jar:/root/.m2/repository/io/netty/netty-codec-socks/4.1.30.Final/netty-codec-socks-4.1.30.Final.jar:/root/.m2/repository/io/netty/netty-transport-native-epoll/4.1.30.Final/netty-transport-native-epoll-4.1.30.Final.jar:/root/.m2/repository/io/netty/netty-common/4.1.30.Final/netty-common-4.1.30.Final.jar:/root/.m2/repository/io/netty/netty-buffer/4.1.30.Final/netty-buffer-4.1.30.Final.jar:/root/.m2/repository/io/netty/netty-transport/4.1.30.Final/netty-transport-4.1.30.Final.jar:/root/.m2/repository/io/netty/netty-resolver/4.1.30.Final/netty-resolver-4.1.30.Final.jar:/root/.m2/repository/io/netty/netty-transport-native-unix-common/4.1.30.Final/netty-transport-native-unix-common-4.1.30.Final.jar:/root/.m2/repository/io/grpc/grpc-protobuf/1.17.1/grpc-protobuf-1.17.1.jar:/root/.m2/repository/com/google/api/grpc/proto-google-common-protos/1.0.0/proto-google-common-protos-1.0.0.jar:/root/.m2/repository/io/grpc/grpc-protobuf-lite/1.17.1/grpc-protobuf-lite-1.17.1.jar:/root/.m2/repository/io/grpc/grpc-stub/1.17.1/grpc-stub-1.17.1.jar:/root/.m2/repository/org/apache/hadoop/hadoop-ozone-recon/0.5.0-SNAPSHOT/hadoop-ozone-recon-0.5.0-SNAPSHOT.jar:/root/.m2/repository/org/apache/hadoop/hadoop-ozone-reconcodegen/0.5.0-SNAPSHOT/hadoop-ozone-reconcodegen-0.5.0-SNAPSHOT.jar:/root/.m2/repository/com/google/inject/extensions/guice-multibindings/4.0/guice-multibindings-4.0.jar:/root/.m2/repository/com/google/inject/guice/4.0/guice-4.0.jar:/root/.m2/repository/aopalliance/aopalliance/1.0/aopalliance-1.0.jar:/root/.m2/repository/com/google/inject/extensions/guice-servlet/4.0/guice-servlet-4.0.jar:/root/.m2/repository/org/glassfish/jersey/containers/jersey-container-servlet/2.27/jersey-container-servlet-2.27.jar:/root/.m2/repository/org/glassfish/hk2/guice-bridge/2.5.0/guice-bridge-2.5.0.jar:/root/.m2/repository/org/glassfish/jersey/core/jersey-server/2.27/jersey-server-2.27.jar:/root/.m2/repository/org/glassfish/jersey/core/jersey-client/2.27/jersey-client-2.27.jar:/root/.m2/repository/org/glassfish/jersey/media/jersey-media-jaxb/2.27/jersey-media-jaxb-2.27.jar:/root/.m2/repository/javax/validation/validation-api/1.1.0.Final/validation-api-1.1.0.Final.jar:/root/.m2/repository/org/glassfish/jersey/media/jersey-media-json-jackson/2.27/jersey-media-json-jackson-2.27.jar:/root/.m2/repository/org/glassfish/jersey/ext/jersey-entity-filtering/2.27/jersey-entity-filtering-2.27.jar:/root/.m2/repository/com/google/inject/extensions/guice-assistedinject/4.0/guice-assistedinject-4.0.jar:/root/.m2/repository/org/jooq/jooq/3.11.10/jooq-3.11.10.jar:/root/.m2/repository/org/jooq/jooq-meta/3.11.10/jooq-meta-3.11.10.jar:/root/.m2/repository/org/jooq/jooq-codegen/3.11.10/jooq-codegen-3.11.10.jar:/root/.m2/repository/com/jolbox/bonecp/0.8.0.RELEASE/bonecp-0.8.0.RELEASE.jar:/root/.m2/repository/org/xerial/sqlite-jdbc/3.25.2/sqlite-jdbc-3.25.2.jar:/root/.m2/repository/org/springframework/spring-jdbc/5.1.3.RELEASE/spring-jdbc-5.1.3.RELEASE.jar:/root/.m2/repository/org/springframework/spring-beans/5.1.3.RELEASE/spring-beans-5.1.3.RELEASE.jar:/root/.m2/repository/org/springframework/spring-core/5.1.3.RELEASE/spring-core-5.1.3.RELEASE.jar:/root/.m2/repository/org/springframework/spring-jcl/5.1.3.RELEASE/spring-jcl-5.1.3.RELEASE.jar:/root/.m2/repository/org/springframework/spring-tx/5.1.3.RELEASE/spring-tx-5.1.3.RELEASE.jar:/root/.m2/repository/org/apache/hadoop/hadoop-ozone-client/0.5.0-SNAPSHOT/hadoop-ozone-client-0.5.0-SNAPSHOT.jar:/root/.m2/repository/org/apache/hadoop/hadoop-ozone-ozone-manager/0.5.0-SNAPSHOT/hadoop-ozone-ozone-manager-0.5.0-SNAPSHOT-tests.jar:/root/.m2/repository/junit/junit/4.11/junit-4.11.jar:/root/.m2/repository/org/hamcrest/hamcrest-core/1.3/hamcrest-core-1.3.jar:/root/.m2/repository/org/openjdk/jmh/jmh-core/1.19/jmh-core-1.19.jar:/root/.m2/repository/net/sf/jopt-simple/jopt-simple/4.6/jopt-simple-4.6.jar:/root/.m2/repository/org/apache/commons/commons-math3/3.1.1/commons-math3-3.1.1.jar:/root/.m2/repository/org/openjdk/jmh/jmh-generator-annprocess/1.19/jmh-generator-annprocess-1.19.jar:/root/.m2/repository/org/mockito/mockito-all/1.8.5/mockito-all-1.8.5.jar:/root/.m2/repository/org/apache/hadoop/hadoop-kms/3.2.0/hadoop-kms-3.2.0.jar:/root/.m2/repository/org/apache/hadoop/hadoop-auth/3.2.0/hadoop-auth-3.2.0.jar:/root/.m2/repository/com/nimbusds/nimbus-jose-jwt/4.41.1/nimbus-jose-jwt-4.41.1.jar:/root/.m2/repository/com/github/stephenc/jcip/jcip-annotations/1.0-1/jcip-annotations-1.0-1.jar:/root/.m2/repository/net/minidev/json-smart/2.3/json-smart-2.3.jar:/root/.m2/repository/net/minidev/accessors-smart/1.2/accessors-smart-1.2.jar:/root/.m2/repository/org/ow2/asm/asm/5.0.4/asm-5.0.4.jar:/root/.m2/repository/org/apache/curator/curator-framework/2.12.0/curator-framework-2.12.0.jar:/root/.m2/repository/com/sun/jersey/jersey-core/1.19/jersey-core-1.19.jar:/root/.m2/repository/javax/ws/rs/jsr311-api/1.1.1/jsr311-api-1.1.1.jar:/root/.m2/repository/com/sun/jersey/jersey-server/1.19/jersey-server-1.19.jar:/root/.m2/repository/javax/servlet/javax.servlet-api/3.1.0/javax.servlet-api-3.1.0.jar:/root/.m2/repository/org/eclipse/jetty/jetty-server/9.3.24.v20180605/jetty-server-9.3.24.v20180605.jar:/root/.m2/repository/org/eclipse/jetty/jetty-http/9.3.24.v20180605/jetty-http-9.3.24.v20180605.jar:/root/.m2/repository/org/eclipse/jetty/jetty-io/9.3.24.v20180605/jetty-io-9.3.24.v20180605.jar:/root/.m2/repository/org/eclipse/jetty/jetty-webapp/9.3.24.v20180605/jetty-webapp-9.3.24.v20180605.jar:/root/.m2/repository/org/eclipse/jetty/jetty-xml/9.3.24.v20180605/jetty-xml-9.3.24.v20180605.jar:/root/.m2/repository/log4j/log4j/1.2.17/log4j-1.2.17.jar:/root/.m2/repository/org/slf4j/slf4j-api/1.7.25/slf4j-api-1.7.25.jar:/root/.m2/repository/org/slf4j/jul-to-slf4j/1.7.25/jul-to-slf4j-1.7.25.jar:/root/.m2/repository/org/eclipse/jetty/jetty-util/9.3.24.v20180605/jetty-util-9.3.24.v20180605.jar:/root/.m2/repository/io/dropwizard/metrics/metrics-core/3.2.4/metrics-core-3.2.4.jar:/root/.m2/repository/com/fasterxml/jackson/core/jackson-databind/2.9.5/jackson-databind-2.9.5.jar:/root/.m2/repository/org/apache/hadoop/hadoop-kms/3.2.0/hadoop-kms-3.2.0-tests.jar:/root/.m2/repository/org/apache/hadoop/hadoop-hdds-server-scm/0.5.0-SNAPSHOT/hadoop-hdds-server-scm-0.5.0-SNAPSHOT-tests.jar:/root/.m2/repository/org/hamcrest/hamcrest-all/1.3/hamcrest-all-1.3.jar:/root/.m2/repository/info/picocli/picocli/3.9.6/picocli-3.9.6.jar:/root/.m2/repository/org/apache/hadoop/hadoop-hdds-container-service/0.5.0-SNAPSHOT/hadoop-hdds-container-service-0.5.0-SNAPSHOT-tests.jar:/root/.m2/repository/org/yaml/snakeyaml/1.16/snakeyaml-1.16.jar:/root/.m2/repository/org/apache/hadoop/hadoop-common/3.2.0/hadoop-common-3.2.0-tests.jar:/root/.m2/repository/org/apache/hadoop/hadoop-annotations/3.2.0/hadoop-annotations-3.2.0.jar:/usr/lib/jvm/java-1.8-openjdk/jre/../lib/tools.jar:/root/.m2/repository/commons-cli/commons-cli/1.2/commons-cli-1.2.jar:/root/.m2/repository/org/apache/httpcomponents/httpclient/4.5.2/httpclient-4.5.2.jar:/root/.m2/repository/org/apache/httpcomponents/httpcore/4.4.4/httpcore-4.4.4.jar:/root/.m2/repository/commons-codec/commons-codec/1.11/commons-codec-1.11.jar:/root/.m2/repository/commons-net/commons-net/3.6/commons-net-3.6.jar:/root/.m2/repository/commons-collections/commons-collections/3.2.2/commons-collections-3.2.2.jar:/root/.m2/repository/org/eclipse/jetty/jetty-servlet/9.3.24.v20180605/jetty-servlet-9.3.24.v20180605.jar:/root/.m2/repository/org/eclipse/jetty/jetty-security/9.3.24.v20180605/jetty-security-9.3.24.v20180605.jar:/root/.m2/repository/javax/servlet/jsp/jsp-api/2.1/jsp-api-2.1.jar:/root/.m2/repository/com/sun/jersey/jersey-servlet/1.19/jersey-servlet-1.19.jar:/root/.m2/repository/com/sun/jersey/jersey-json/1.19/jersey-json-1.19.jar:/root/.m2/repository/org/codehaus/jettison/jettison/1.1/jettison-1.1.jar:/root/.m2/repository/org/codehaus/jackson/jackson-core-asl/1.9.13/jackson-core-asl-1.9.13.jar:/root/.m2/repository/org/codehaus/jackson/jackson-mapper-asl/1.9.13/jackson-mapper-asl-1.9.13.jar:/root/.m2/repository/org/codehaus/jackson/jackson-jaxrs/1.9.13/jackson-jaxrs-1.9.13.jar:/root/.m2/repository/org/codehaus/jackson/jackson-xc/1.9.13/jackson-xc-1.9.13.jar:/root/.m2/repository/commons-logging/commons-logging/1.1.3/commons-logging-1.1.3.jar:/root/.m2/repository/commons-beanutils/commons-beanutils/1.9.3/commons-beanutils-1.9.3.jar:/root/.m2/repository/org/apache/commons/commons-configuration2/2.1.1/commons-configuration2-2.1.1.jar:/root/.m2/repository/org/apache/commons/commons-lang3/3.7/commons-lang3-3.7.jar:/root/.m2/repository/org/apache/commons/commons-text/1.4/commons-text-1.4.jar:/root/.m2/repository/org/apache/avro/avro/1.7.7/avro-1.7.7.jar:/root/.m2/repository/com/thoughtworks/paranamer/paranamer/2.3/paranamer-2.3.jar:/root/.m2/repository/org/xerial/snappy/snappy-java/1.0.5/snappy-java-1.0.5.jar:/root/.m2/repository/com/google/re2j/re2j/1.1/re2j-1.1.jar:/root/.m2/repository/com/google/code/gson/gson/2.2.4/gson-2.2.4.jar:/root/.m2/repository/com/jcraft/jsch/0.1.54/jsch-0.1.54.jar:/root/.m2/repository/org/apache/curator/curator-client/2.12.0/curator-client-2.12.0.jar:/root/.m2/repository/org/apache/curator/curator-recipes/2.12.0/curator-recipes-2.12.0.jar:/root/.m2/repository/com/google/code/findbugs/jsr305/3.0.0/jsr305-3.0.0.jar:/root/.m2/repository/org/apache/htrace/htrace-core4/4.1.0-incubating/htrace-core4-4.1.0-incubating.jar:/root/.m2/repository/org/apache/zookeeper/zookeeper/3.4.13/zookeeper-3.4.13.jar:/root/.m2/repository/org/apache/yetus/audience-annotations/0.5.0/audience-annotations-0.5.0.jar:/root/.m2/repository/org/codehaus/woodstox/stax2-api/3.1.4/stax2-api-3.1.4.jar:/root/.m2/repository/com/fasterxml/woodstox/woodstox-core/5.0.3/woodstox-core-5.0.3.jar:/root/.m2/repository/dnsjava/dnsjava/2.1.7/dnsjava-2.1.7.jar:/root/.m2/repository/org/apache/hadoop/hadoop-hdfs/3.2.0/hadoop-hdfs-3.2.0-tests.jar:/root/.m2/repository/org/eclipse/jetty/jetty-util-ajax/9.3.24.v20180605/jetty-util-ajax-9.3.24.v20180605.jar:/root/.m2/repository/commons-daemon/commons-daemon/1.0.13/commons-daemon-1.0.13.jar:/root/.m2/repository/io/netty/netty/3.10.5.Final/netty-3.10.5.Final.jar:/root/.m2/repository/io/netty/netty-all/4.0.52.Final/netty-all-4.0.52.Final.jar:/root/.m2/repository/org/fusesource/leveldbjni/leveldbjni-all/1.8/leveldbjni-all-1.8.jar:"/>
    <property name="sun.cpu.endian" value="little"/>
    <property name="user.home" value="/root"/>
    <property name="user.language" value="en"/>
    <property name="java.specification.vendor" value="Oracle Corporation"/>
    <property name="java.home" value="/usr/lib/jvm/java-1.8-openjdk/jre"/>
    <property name="java.security.krb5.conf" value="/opt/src/hadoop-ozone/integration-test/target/test-classes/krb5.conf"/>
    <property name="basedir" value="/opt/src/hadoop-ozone/integration-test"/>
    <property name="file.separator" value="/"/>
    <property name="line.separator" value="&#10;"/>
    <property name="java.vm.specification.vendor" value="Oracle Corporation"/>
    <property name="java.specification.name" value="Java Platform API Specification"/>
    <property name="java.awt.graphicsenv" value="sun.awt.X11GraphicsEnvironment"/>
    <property name="surefire.real.class.path" value="/opt/src/hadoop-ozone/integration-test/target/surefire/surefirebooter1006979054163051346.jar"/>
    <property name="hadoop.log.dir" value="/opt/src/hadoop-ozone/integration-test/target/log"/>
    <property name="sun.boot.class.path" value="/usr/lib/jvm/java-1.8-openjdk/jre/lib/resources.jar:/usr/lib/jvm/java-1.8-openjdk/jre/lib/rt.jar:/usr/lib/jvm/java-1.8-openjdk/jre/lib/sunrsasign.jar:/usr/lib/jvm/java-1.8-openjdk/jre/lib/jsse.jar:/usr/lib/jvm/java-1.8-openjdk/jre/lib/jce.jar:/usr/lib/jvm/java-1.8-openjdk/jre/lib/charsets.jar:/usr/lib/jvm/java-1.8-openjdk/jre/lib/jfr.jar:/usr/lib/jvm/java-1.8-openjdk/jre/classes"/>
    <property name="sun.management.compiler" value="HotSpot 64-Bit Tiered Compilers"/>
    <property name="java.runtime.version" value="1.8.0_212-b04"/>
    <property name="java.net.preferIPv4Stack" value="true"/>
    <property name="user.name" value="root"/>
    <property name="path.separator" value=":"/>
    <property name="java.security.egd" value="file:///dev/urandom"/>
    <property name="os.version" value="4.15.0-1021-aws"/>
    <property name="java.endorsed.dirs" value="/usr/lib/jvm/java-1.8-openjdk/jre/lib/endorsed"/>
    <property name="java.runtime.name" value="OpenJDK Runtime Environment"/>
    <property name="file.encoding" value="UTF-8"/>
    <property name="java.vm.name" value="OpenJDK 64-Bit Server VM"/>
    <property name="test.build.webapps" value=""/>
    <property name="localRepository" value="/root/.m2/repository"/>
    <property name="java.vendor.url.bug" value="https://icedtea.classpath.org/bugzilla"/>
    <property name="java.io.tmpdir" value="/tmp"/>
    <property name="require.test.libhadoop" value=""/>
    <property name="java.version" value="1.8.0_212"/>
    <property name="user.dir" value="/opt/src/hadoop-ozone/integration-test"/>
    <property name="os.arch" value="amd64"/>
    <property name="java.vm.specification.name" value="Java Virtual Machine Specification"/>
    <property name="test.build.classes" value="/opt/src/hadoop-ozone/integration-test/target/test-classes"/>
    <property name="java.awt.printerjob" value="sun.print.PSPrinterJob"/>
    <property name="sun.os.patch.level" value="unknown"/>
    <property name="hadoop.tmp.dir" value="/opt/src/hadoop-ozone/integration-test/target/tmp"/>
    <property name="java.library.path" value="/usr/lib/jvm/java-1.8-openjdk/jre/lib/amd64/server:/usr/lib/jvm/java-1.8-openjdk/jre/lib/amd64:/usr/lib/jvm/java-1.8-openjdk/jre/../lib/amd64:/opt/src/hadoop-ozone/integration-test/target/native/target/usr/local/lib:/opt/src/hadoop-ozone/integration-test/../../hadoop-common-project/hadoop-common/target/native/target/usr/local/lib:/usr/java/packages/lib/amd64:/usr/lib64:/lib64:/lib:/usr/lib"/>
    <property name="java.vm.info" value="mixed mode"/>
    <property name="java.vendor" value="IcedTea"/>
    <property name="java.vm.version" value="25.212-b04"/>
    <property name="java.ext.dirs" value="/usr/lib/jvm/java-1.8-openjdk/jre/lib/ext:/usr/java/packages/lib/ext"/>
    <property name="sun.io.unicode.encoding" value="UnicodeLittle"/>
    <property name="java.class.version" value="52.0"/>
  </properties>
  <testcase name="testPipelineExclusionWithPipelineFailure" classname="org.apache.hadoop.ozone.client.rpc.TestFailureHandlingByClient" time="22.486"/>
  <testcase name="testContainerExclusionWithClosedContainerException" classname="org.apache.hadoop.ozone.client.rpc.TestFailureHandlingByClient" time="12.221"/>
  <testcase name="testWriteSmallFile" classname="org.apache.hadoop.ozone.client.rpc.TestFailureHandlingByClient" time="12.917"/>
  <testcase name="testMultiBlockWritesWithIntermittentDnFailures" classname="org.apache.hadoop.ozone.client.rpc.TestFailureHandlingByClient" time="27.153"/>
  <testcase name="testBlockWritesWithDnFailures" classname="org.apache.hadoop.ozone.client.rpc.TestFailureHandlingByClient" time="16.396">
    <error message="Allocate block failed." type="INTERNAL_ERROR org.apache.hadoop.ozone.om.exceptions.OMException">INTERNAL_ERROR org.apache.hadoop.ozone.om.exceptions.OMException: Allocate block failed.
	at org.apache.hadoop.ozone.om.protocolPB.OzoneManagerProtocolClientSideTranslatorPB.handleError(OzoneManagerProtocolClientSideTranslatorPB.java:720)
	at org.apache.hadoop.ozone.om.protocolPB.OzoneManagerProtocolClientSideTranslatorPB.allocateBlock(OzoneManagerProtocolClientSideTranslatorPB.java:743)
	at org.apache.hadoop.ozone.client.io.BlockOutputStreamEntryPool.allocateNewBlock(BlockOutputStreamEntryPool.java:248)
	at org.apache.hadoop.ozone.client.io.BlockOutputStreamEntryPool.allocateBlockIfNeeded(BlockOutputStreamEntryPool.java:296)
	at org.apache.hadoop.ozone.client.io.KeyOutputStream.handleWrite(KeyOutputStream.java:201)
	at org.apache.hadoop.ozone.client.io.KeyOutputStream.handleRetry(KeyOutputStream.java:376)
	at org.apache.hadoop.ozone.client.io.KeyOutputStream.handleException(KeyOutputStream.java:325)
	at org.apache.hadoop.ozone.client.io.KeyOutputStream.handleFlushOrClose(KeyOutputStream.java:448)
	at org.apache.hadoop.ozone.client.io.KeyOutputStream.close(KeyOutputStream.java:472)
	at org.apache.hadoop.ozone.client.io.OzoneOutputStream.close(OzoneOutputStream.java:60)
	at org.apache.hadoop.ozone.client.rpc.TestFailureHandlingByClient.testBlockWritesWithDnFailures(TestFailureHandlingByClient.java:146)
	at sun.reflect.NativeMethodAccessorImpl.invoke0(Native Method)
	at sun.reflect.NativeMethodAccessorImpl.invoke(NativeMethodAccessorImpl.java:62)
	at sun.reflect.DelegatingMethodAccessorImpl.invoke(DelegatingMethodAccessorImpl.java:43)
	at java.lang.reflect.Method.invoke(Method.java:498)
	at org.junit.runners.model.FrameworkMethod$1.runReflectiveCall(FrameworkMethod.java:47)
	at org.junit.internal.runners.model.ReflectiveCallable.run(ReflectiveCallable.java:12)
	at org.junit.runners.model.FrameworkMethod.invokeExplosively(FrameworkMethod.java:44)
	at org.junit.internal.runners.statements.InvokeMethod.evaluate(InvokeMethod.java:17)
	at org.junit.runners.ParentRunner.runLeaf(ParentRunner.java:271)
	at org.junit.runners.BlockJUnit4ClassRunner.runChild(BlockJUnit4ClassRunner.java:70)
	at org.junit.runners.BlockJUnit4ClassRunner.runChild(BlockJUnit4ClassRunner.java:50)
	at org.junit.runners.ParentRunner$3.run(ParentRunner.java:238)
	at org.junit.runners.ParentRunner$1.schedule(ParentRunner.java:63)
	at org.junit.runners.ParentRunner.runChildren(ParentRunner.java:236)
	at org.junit.runners.ParentRunner.access$000(ParentRunner.java:53)
	at org.junit.runners.ParentRunner$2.evaluate(ParentRunner.java:229)
	at org.junit.runners.ParentRunner.run(ParentRunner.java:309)
	at org.apache.maven.surefire.junit4.JUnit4Provider.execute(JUnit4Provider.java:365)
	at org.apache.maven.surefire.junit4.JUnit4Provider.executeWithRerun(JUnit4Provider.java:273)
	at org.apache.maven.surefire.junit4.JUnit4Provider.executeTestSet(JUnit4Provider.java:238)
	at org.apache.maven.surefire.junit4.JUnit4Provider.invoke(JUnit4Provider.java:159)
	at org.apache.maven.surefire.booter.ForkedBooter.invokeProviderInSameClassLoader(ForkedBooter.java:384)
	at org.apache.maven.surefire.booter.ForkedBooter.runSuitesInProcess(ForkedBooter.java:345)
	at org.apache.maven.surefire.booter.ForkedBooter.execute(ForkedBooter.java:126)
	at org.apache.maven.surefire.booter.ForkedBooter.main(ForkedBooter.java:418)
</error>
    <system-out><![CDATA[2019-06-14 10:28:29,874 WARN  server.ServerUtils (ServerUtils.java:getScmDbDir(145)) - ozone.scm.db.dirs is not configured. We recommend adding this setting. Falling back to ozone.metadata.dirs instead.
2019-06-14 10:28:29,879 WARN  server.ServerUtils (ServerUtils.java:getScmDbDir(145)) - ozone.scm.db.dirs is not configured. We recommend adding this setting. Falling back to ozone.metadata.dirs instead.
2019-06-14 10:28:29,879 WARN  server.ServerUtils (ServerUtils.java:getScmDbDir(145)) - ozone.scm.db.dirs is not configured. We recommend adding this setting. Falling back to ozone.metadata.dirs instead.
2019-06-14 10:28:29,879 INFO  db.DBStoreBuilder (DBStoreBuilder.java:addTable(110)) - using custom profile for table: deletedBlocks
2019-06-14 10:28:29,879 INFO  db.DBStoreBuilder (DBStoreBuilder.java:processTables(161)) - Using default column profile:DBProfile.DISK for Table:deletedBlocks
2019-06-14 10:28:29,879 INFO  db.DBStoreBuilder (DBStoreBuilder.java:addTable(110)) - using custom profile for table: validCerts
2019-06-14 10:28:29,880 INFO  db.DBStoreBuilder (DBStoreBuilder.java:processTables(161)) - Using default column profile:DBProfile.DISK for Table:validCerts
2019-06-14 10:28:29,880 INFO  db.DBStoreBuilder (DBStoreBuilder.java:addTable(110)) - using custom profile for table: revokedCerts
2019-06-14 10:28:29,880 INFO  db.DBStoreBuilder (DBStoreBuilder.java:processTables(161)) - Using default column profile:DBProfile.DISK for Table:revokedCerts
2019-06-14 10:28:29,880 INFO  db.DBStoreBuilder (DBStoreBuilder.java:addTable(110)) - using custom profile for table: default
2019-06-14 10:28:29,880 INFO  db.DBStoreBuilder (DBStoreBuilder.java:processTables(167)) - Using default column profile:DBProfile.DISK for Table:default
2019-06-14 10:28:29,880 INFO  db.DBStoreBuilder (DBStoreBuilder.java:getDbProfile(198)) - Using default options. DBProfile.DISK
2019-06-14 10:28:29,917 INFO  node.SCMNodeManager (SCMNodeManager.java:<init>(108)) - Entering startup safe mode.
2019-06-14 10:28:29,918 INFO  net.NodeSchemaLoader (NodeSchemaLoader.java:loadSchemaFromFile(125)) - Loading file from sun.misc.CompoundEnumeration@4df13b7e
2019-06-14 10:28:29,918 INFO  net.NodeSchemaLoader (NodeSchemaLoader.java:loadSchema(171)) - Loading network topology layer schema file
2019-06-14 10:28:29,920 WARN  server.ServerUtils (ServerUtils.java:getScmDbDir(145)) - ozone.scm.db.dirs is not configured. We recommend adding this setting. Falling back to ozone.metadata.dirs instead.
2019-06-14 10:28:29,933 INFO  pipeline.SCMPipelineManager (SCMPipelineManager.java:initializePipelineState(126)) - No pipeline exists in current db
2019-06-14 10:28:29,933 WARN  server.ServerUtils (ServerUtils.java:getScmDbDir(145)) - ozone.scm.db.dirs is not configured. We recommend adding this setting. Falling back to ozone.metadata.dirs instead.
2019-06-14 10:28:29,946 WARN  events.EventQueue (EventQueue.java:fireEvent(175)) - No event handler registered for event TypedEvent{payloadType=SafeModeStatus, name='SafeModeStatus'}
2019-06-14 10:28:29,946 INFO  ipc.CallQueueManager (CallQueueManager.java:<init>(84)) - Using callQueue: class java.util.concurrent.LinkedBlockingQueue, queueCapacity: 2000, scheduler: class org.apache.hadoop.ipc.DefaultRpcScheduler, ipcBackoff: false.
2019-06-14 10:28:29,947 INFO  ipc.Server (Server.java:run(1074)) - Starting Socket Reader #1 for port 40301
2019-06-14 10:28:29,949 INFO  ipc.CallQueueManager (CallQueueManager.java:<init>(84)) - Using callQueue: class java.util.concurrent.LinkedBlockingQueue, queueCapacity: 2000, scheduler: class org.apache.hadoop.ipc.DefaultRpcScheduler, ipcBackoff: false.
2019-06-14 10:28:29,950 INFO  ipc.Server (Server.java:run(1074)) - Starting Socket Reader #1 for port 45491
2019-06-14 10:28:29,951 INFO  ipc.CallQueueManager (CallQueueManager.java:<init>(84)) - Using callQueue: class java.util.concurrent.LinkedBlockingQueue, queueCapacity: 2000, scheduler: class org.apache.hadoop.ipc.DefaultRpcScheduler, ipcBackoff: false.
2019-06-14 10:28:29,952 INFO  ipc.Server (Server.java:run(1074)) - Starting Socket Reader #1 for port 38985
2019-06-14 10:28:29,955 INFO  hdfs.DFSUtil (DFSUtil.java:httpServerTemplateForNNAndJN(1641)) - Starting Web-server for scm at: http://0.0.0.0:0
2019-06-14 10:28:29,956 INFO  server.AuthenticationFilter (AuthenticationFilter.java:constructSecretProvider(240)) - Unable to initialize FileSignerSecretProvider, falling back to use random secrets.
2019-06-14 10:28:29,957 WARN  http.HttpRequestLog (HttpRequestLog.java:getRequestLog(97)) - Jetty request log can only be enabled using Log4j
2019-06-14 10:28:29,958 INFO  http.HttpServer2 (HttpServer2.java:addGlobalFilter(975)) - Added global filter 'safety' (class=org.apache.hadoop.http.HttpServer2$QuotingInputFilter)
2019-06-14 10:28:29,958 INFO  http.HttpServer2 (HttpServer2.java:addFilter(948)) - Added filter static_user_filter (class=org.apache.hadoop.http.lib.StaticUserWebFilter$StaticUserFilter) to context scm
2019-06-14 10:28:29,958 INFO  http.HttpServer2 (HttpServer2.java:addFilter(958)) - Added filter static_user_filter (class=org.apache.hadoop.http.lib.StaticUserWebFilter$StaticUserFilter) to context static
2019-06-14 10:28:29,958 INFO  http.HttpServer2 (HttpServer2.java:addFilter(958)) - Added filter static_user_filter (class=org.apache.hadoop.http.lib.StaticUserWebFilter$StaticUserFilter) to context logs
2019-06-14 10:28:29,962 INFO  server.StorageContainerManager (StorageContainerManager.java:start(752)) - StorageContainerLocationProtocol RPC server is listening at /0.0.0.0:38985
2019-06-14 10:28:29,962 INFO  impl.MetricsSystemImpl (MetricsSystemImpl.java:init(158)) - StorageContainerManager metrics system started (again)
2019-06-14 10:28:29,962 INFO  server.SCMClientProtocolServer (SCMClientProtocolServer.java:start(149)) - RPC server for Client  is listening at /0.0.0.0:38985
2019-06-14 10:28:29,962 INFO  ipc.Server (Server.java:run(1314)) - IPC Server Responder: starting
2019-06-14 10:28:29,962 INFO  ipc.Server (Server.java:run(1153)) - IPC Server listener on 38985: starting
2019-06-14 10:28:29,966 INFO  server.StorageContainerManager (StorageContainerManager.java:start(761)) - ScmBlockLocationProtocol RPC server is listening at /0.0.0.0:45491
2019-06-14 10:28:29,966 INFO  server.SCMBlockProtocolServer (SCMBlockProtocolServer.java:start(137)) - RPC server for Block Protocol is listening at /0.0.0.0:45491
2019-06-14 10:28:29,966 INFO  ipc.Server (Server.java:run(1314)) - IPC Server Responder: starting
2019-06-14 10:28:29,967 INFO  ipc.Server (Server.java:run(1153)) - IPC Server listener on 45491: starting
2019-06-14 10:28:29,969 INFO  server.StorageContainerManager (StorageContainerManager.java:start(765)) - ScmDatanodeProtocl RPC server is listening at /0.0.0.0:40301
2019-06-14 10:28:29,969 INFO  server.SCMDatanodeProtocolServer (SCMDatanodeProtocolServer.java:start(191)) - RPC server for DataNodes is listening at /0.0.0.0:40301
2019-06-14 10:28:29,970 INFO  ipc.Server (Server.java:run(1314)) - IPC Server Responder: starting
2019-06-14 10:28:29,970 INFO  ipc.Server (Server.java:run(1153)) - IPC Server listener on 40301: starting
2019-06-14 10:28:29,973 INFO  http.HttpServer2 (HttpServer2.java:bindListener(1191)) - Jetty bound to port 33661
2019-06-14 10:28:29,973 INFO  server.Server (Server.java:doStart(351)) - jetty-9.3.24.v20180605, build timestamp: 2018-06-05T17:11:56Z, git hash: 84205aa28f11a4f31f2a3b86d1bba2cc8ab69827
2019-06-14 10:28:29,975 INFO  handler.ContextHandler (ContextHandler.java:doStart(781)) - Started o.e.j.s.ServletContextHandler@53a3fc8b{/logs,file:///opt/src/hadoop-ozone/integration-test/target/log,AVAILABLE}
2019-06-14 10:28:29,975 INFO  handler.ContextHandler (ContextHandler.java:doStart(781)) - Started o.e.j.s.ServletContextHandler@4d24ab25{/static,file:///opt/src/hadoop-ozone/integration-test/target/test-classes/webapps/static,AVAILABLE}
2019-06-14 10:28:29,977 INFO  handler.ContextHandler (ContextHandler.java:doStart(781)) - Started o.e.j.w.WebAppContext@344769b9{/,file:///opt/src/hadoop-ozone/integration-test/target/test-classes/webapps/scm/,AVAILABLE}{/scm}
2019-06-14 10:28:29,978 INFO  server.AbstractConnector (AbstractConnector.java:doStart(278)) - Started ServerConnector@34376069{HTTP/1.1,[http/1.1]}{0.0.0.0:33661}
2019-06-14 10:28:29,978 INFO  server.Server (Server.java:doStart(419)) - Started @75237ms
2019-06-14 10:28:29,979 INFO  server.BaseHttpServer (BaseHttpServer.java:updateConnectorAddress(207)) - HTTP server of SCM is listening at http://0.0.0.0:33661
2019-06-14 10:28:29,980 WARN  scm.ScmUtils (ScmUtils.java:getDBPath(63)) - ozone.om.db.dirs is not configured. We recommend adding this setting. Falling back to ozone.metadata.dirs instead.
2019-06-14 10:28:29,980 INFO  util.JvmPauseMonitor (JvmPauseMonitor.java:run(188)) - Starting JVM pause monitor
2019-06-14 10:28:29,982 WARN  scm.ScmUtils (ScmUtils.java:getDBPath(63)) - ozone.om.db.dirs is not configured. We recommend adding this setting. Falling back to ozone.metadata.dirs instead.
2019-06-14 10:28:29,983 INFO  om.OzoneManager (OzoneManager.java:setOMNodeDetails(519)) - OM Service ID is not set. Setting it to the default ID: omServiceIdDefault
2019-06-14 10:28:29,983 INFO  om.OzoneManager (OzoneManager.java:setOMNodeDetails(525)) - OM Node ID is not set. Setting it to the OmStorage's OmID: 9b8e1147-81d2-45ff-b9b2-127caa556888
2019-06-14 10:28:29,983 WARN  scm.HddsServerUtil (HddsServerUtil.java:getDefaultRatisDirectory(354)) - Storage directory for Ratis is not configured. It is a good idea to map this to an SSD disk. Falling back to ozone.metadata.dirs
2019-06-14 10:28:29,983 WARN  scm.HddsServerUtil (HddsServerUtil.java:getDefaultRatisDirectory(354)) - Storage directory for Ratis is not configured. It is a good idea to map this to an SSD disk. Falling back to ozone.metadata.dirs
2019-06-14 10:28:29,983 INFO  om.OzoneManager (OzoneManager.java:loadOMHAConfigs(476)) - Found matching OM address with OMServiceId: null, OMNodeId: null, RPC Address: localhost:0 and Ratis port: 9872
2019-06-14 10:28:29,987 WARN  scm.ScmUtils (ScmUtils.java:getDBPath(63)) - ozone.om.db.dirs is not configured. We recommend adding this setting. Falling back to ozone.metadata.dirs instead.
2019-06-14 10:28:29,987 INFO  db.DBStoreBuilder (DBStoreBuilder.java:addTable(110)) - using custom profile for table: userTable
2019-06-14 10:28:29,987 INFO  db.DBStoreBuilder (DBStoreBuilder.java:processTables(161)) - Using default column profile:DBProfile.DISK for Table:userTable
2019-06-14 10:28:29,987 INFO  db.DBStoreBuilder (DBStoreBuilder.java:addTable(110)) - using custom profile for table: volumeTable
2019-06-14 10:28:29,987 INFO  db.DBStoreBuilder (DBStoreBuilder.java:processTables(161)) - Using default column profile:DBProfile.DISK for Table:volumeTable
2019-06-14 10:28:29,988 INFO  db.DBStoreBuilder (DBStoreBuilder.java:addTable(110)) - using custom profile for table: bucketTable
2019-06-14 10:28:29,988 INFO  db.DBStoreBuilder (DBStoreBuilder.java:processTables(161)) - Using default column profile:DBProfile.DISK for Table:bucketTable
2019-06-14 10:28:29,988 INFO  db.DBStoreBuilder (DBStoreBuilder.java:addTable(110)) - using custom profile for table: keyTable
2019-06-14 10:28:29,988 INFO  db.DBStoreBuilder (DBStoreBuilder.java:processTables(161)) - Using default column profile:DBProfile.DISK for Table:keyTable
2019-06-14 10:28:29,988 INFO  db.DBStoreBuilder (DBStoreBuilder.java:addTable(110)) - using custom profile for table: deletedTable
2019-06-14 10:28:29,988 INFO  db.DBStoreBuilder (DBStoreBuilder.java:processTables(161)) - Using default column profile:DBProfile.DISK for Table:deletedTable
2019-06-14 10:28:29,988 INFO  db.DBStoreBuilder (DBStoreBuilder.java:addTable(110)) - using custom profile for table: openKeyTable
2019-06-14 10:28:29,989 INFO  db.DBStoreBuilder (DBStoreBuilder.java:processTables(161)) - Using default column profile:DBProfile.DISK for Table:openKeyTable
2019-06-14 10:28:29,989 INFO  db.DBStoreBuilder (DBStoreBuilder.java:addTable(110)) - using custom profile for table: s3Table
2019-06-14 10:28:29,989 INFO  db.DBStoreBuilder (DBStoreBuilder.java:processTables(161)) - Using default column profile:DBProfile.DISK for Table:s3Table
2019-06-14 10:28:29,989 INFO  db.DBStoreBuilder (DBStoreBuilder.java:addTable(110)) - using custom profile for table: multipartInfoTable
2019-06-14 10:28:29,989 INFO  db.DBStoreBuilder (DBStoreBuilder.java:processTables(161)) - Using default column profile:DBProfile.DISK for Table:multipartInfoTable
2019-06-14 10:28:29,989 INFO  db.DBStoreBuilder (DBStoreBuilder.java:addTable(110)) - using custom profile for table: dTokenTable
2019-06-14 10:28:29,989 INFO  db.DBStoreBuilder (DBStoreBuilder.java:processTables(161)) - Using default column profile:DBProfile.DISK for Table:dTokenTable
2019-06-14 10:28:29,989 INFO  db.DBStoreBuilder (DBStoreBuilder.java:addTable(110)) - using custom profile for table: s3SecretTable
2019-06-14 10:28:29,990 INFO  db.DBStoreBuilder (DBStoreBuilder.java:processTables(161)) - Using default column profile:DBProfile.DISK for Table:s3SecretTable
2019-06-14 10:28:29,990 INFO  db.DBStoreBuilder (DBStoreBuilder.java:addTable(110)) - using custom profile for table: prefixTable
2019-06-14 10:28:29,990 INFO  db.DBStoreBuilder (DBStoreBuilder.java:processTables(161)) - Using default column profile:DBProfile.DISK for Table:prefixTable
2019-06-14 10:28:29,990 INFO  db.DBStoreBuilder (DBStoreBuilder.java:addTable(110)) - using custom profile for table: default
2019-06-14 10:28:29,990 INFO  db.DBStoreBuilder (DBStoreBuilder.java:processTables(167)) - Using default column profile:DBProfile.DISK for Table:default
2019-06-14 10:28:29,990 INFO  db.DBStoreBuilder (DBStoreBuilder.java:getDbProfile(198)) - Using default options. DBProfile.DISK
2019-06-14 10:28:30,116 INFO  ipc.CallQueueManager (CallQueueManager.java:<init>(84)) - Using callQueue: class java.util.concurrent.LinkedBlockingQueue, queueCapacity: 2000, scheduler: class org.apache.hadoop.ipc.DefaultRpcScheduler, ipcBackoff: false.
2019-06-14 10:28:30,117 INFO  ipc.Server (Server.java:run(1074)) - Starting Socket Reader #1 for port 32923
2019-06-14 10:28:30,134 WARN  scm.ScmUtils (ScmUtils.java:getDBPath(63)) - ozone.om.db.dirs is not configured. We recommend adding this setting. Falling back to ozone.metadata.dirs instead.
2019-06-14 10:28:30,134 INFO  om.OzoneManager (OzoneManager.java:start(1217)) - OzoneManager RPC server is listening at localhost/127.0.0.1:32923
2019-06-14 10:28:30,134 INFO  impl.MetricsSystemImpl (MetricsSystemImpl.java:init(158)) - OzoneManager metrics system started (again)
2019-06-14 10:28:30,140 INFO  ipc.Server (Server.java:run(1314)) - IPC Server Responder: starting
2019-06-14 10:28:30,141 INFO  ipc.Server (Server.java:run(1153)) - IPC Server listener on 32923: starting
2019-06-14 10:28:30,154 INFO  hdfs.DFSUtil (DFSUtil.java:httpServerTemplateForNNAndJN(1641)) - Starting Web-server for ozoneManager at: http://0.0.0.0:0
2019-06-14 10:28:30,155 INFO  server.AuthenticationFilter (AuthenticationFilter.java:constructSecretProvider(240)) - Unable to initialize FileSignerSecretProvider, falling back to use random secrets.
2019-06-14 10:28:30,156 WARN  http.HttpRequestLog (HttpRequestLog.java:getRequestLog(97)) - Jetty request log can only be enabled using Log4j
2019-06-14 10:28:30,157 INFO  http.HttpServer2 (HttpServer2.java:addGlobalFilter(975)) - Added global filter 'safety' (class=org.apache.hadoop.http.HttpServer2$QuotingInputFilter)
2019-06-14 10:28:30,157 INFO  http.HttpServer2 (HttpServer2.java:addFilter(948)) - Added filter static_user_filter (class=org.apache.hadoop.http.lib.StaticUserWebFilter$StaticUserFilter) to context ozoneManager
2019-06-14 10:28:30,157 INFO  http.HttpServer2 (HttpServer2.java:addFilter(958)) - Added filter static_user_filter (class=org.apache.hadoop.http.lib.StaticUserWebFilter$StaticUserFilter) to context static
2019-06-14 10:28:30,157 INFO  http.HttpServer2 (HttpServer2.java:addFilter(958)) - Added filter static_user_filter (class=org.apache.hadoop.http.lib.StaticUserWebFilter$StaticUserFilter) to context logs
2019-06-14 10:28:30,158 INFO  http.HttpServer2 (HttpServer2.java:bindListener(1191)) - Jetty bound to port 36789
2019-06-14 10:28:30,158 INFO  server.Server (Server.java:doStart(351)) - jetty-9.3.24.v20180605, build timestamp: 2018-06-05T17:11:56Z, git hash: 84205aa28f11a4f31f2a3b86d1bba2cc8ab69827
2019-06-14 10:28:30,159 INFO  handler.ContextHandler (ContextHandler.java:doStart(781)) - Started o.e.j.s.ServletContextHandler@3ec98000{/logs,file:///opt/src/hadoop-ozone/integration-test/target/log,AVAILABLE}
2019-06-14 10:28:30,159 INFO  handler.ContextHandler (ContextHandler.java:doStart(781)) - Started o.e.j.s.ServletContextHandler@5b53c3c5{/static,file:///opt/src/hadoop-ozone/integration-test/target/test-classes/webapps/static,AVAILABLE}
2019-06-14 10:28:30,162 INFO  handler.ContextHandler (ContextHandler.java:doStart(781)) - Started o.e.j.w.WebAppContext@16c1345b{/,file:///opt/src/hadoop-ozone/integration-test/target/test-classes/webapps/ozoneManager/,AVAILABLE}{/ozoneManager}
2019-06-14 10:28:30,163 INFO  server.AbstractConnector (AbstractConnector.java:doStart(278)) - Started ServerConnector@278cbf5a{HTTP/1.1,[http/1.1]}{0.0.0.0:36789}
2019-06-14 10:28:30,163 INFO  server.Server (Server.java:doStart(419)) - Started @75421ms
2019-06-14 10:28:30,164 INFO  server.BaseHttpServer (BaseHttpServer.java:updateConnectorAddress(207)) - HTTP server of OZONEMANAGER is listening at http://0.0.0.0:36789
2019-06-14 10:28:30,173 INFO  impl.MetricsSystemImpl (MetricsSystemImpl.java:init(158)) - HddsDatanode metrics system started (again)
2019-06-14 10:28:30,173 INFO  ozone.HddsDatanodeService (HddsDatanodeService.java:start(185)) - HddsDatanodeService host:ozone-cf6ld-438179620 ip:192.168.46.40
2019-06-14 10:28:30,178 INFO  volume.HddsVolume (HddsVolume.java:<init>(176)) - Creating Volume: /opt/src/hadoop-ozone/integration-test/target/test-dir/MiniOzoneClusterImpl-03992a08-0158-43fa-8fa3-615e5cd36033/datanode-0/data/containers/hdds of  storage type : DISK and capacity : 104021790720
2019-06-14 10:28:30,179 INFO  volume.VolumeSet (VolumeSet.java:initializeVolumeSet(170)) - Added Volume : /opt/src/hadoop-ozone/integration-test/target/test-dir/MiniOzoneClusterImpl-03992a08-0158-43fa-8fa3-615e5cd36033/datanode-0/data/containers/hdds to VolumeSet
2019-06-14 10:28:30,179 INFO  volume.ThrottledAsyncChecker (ThrottledAsyncChecker.java:schedule(140)) - Scheduling a check for org.apache.hadoop.ozone.container.common.volume.HddsVolume@61c0fb12
2019-06-14 10:28:30,179 INFO  volume.HddsVolumeChecker (HddsVolumeChecker.java:checkAllVolumes(203)) - Scheduled health check for volume org.apache.hadoop.ozone.container.common.volume.HddsVolume@61c0fb12
2019-06-14 10:28:30,190 INFO  ratis.XceiverServerRatis (XceiverServerRatis.java:newXceiverServerRatis(401)) - Found a free port for the server : 41431
2019-06-14 10:28:30,192 INFO  impl.RaftServerProxy (ConfUtils.java:logGet(43)) - raft.rpc.type = GRPC (default)
2019-06-14 10:28:30,192 INFO  grpc.GrpcConfigKeys$Server (ConfUtils.java:logGet(43)) - raft.grpc.server.port = 41431 (custom)
2019-06-14 10:28:30,192 INFO  server.GrpcService (ConfUtils.java:logGet(43)) - raft.grpc.message.size.max = 33570816 (custom)
2019-06-14 10:28:30,193 INFO  server.RaftServerConfigKeys (ConfUtils.java:logGet(43)) - raft.server.log.appender.buffer.byte-limit = 33554432 (custom)
2019-06-14 10:28:30,193 INFO  server.GrpcService (ConfUtils.java:logGet(43)) - raft.grpc.flow.control.window = 1MB (=1048576) (default)
2019-06-14 10:28:30,193 INFO  server.RaftServerConfigKeys (ConfUtils.java:logGet(43)) - raft.server.rpc.request.timeout = 3000ms (default)
2019-06-14 10:28:30,193 INFO  server.RaftServerConfigKeys (ConfUtils.java:logGet(43)) - raft.server.storage.dir = [/opt/src/hadoop-ozone/integration-test/target/test-dir/MiniOzoneClusterImpl-03992a08-0158-43fa-8fa3-615e5cd36033/datanode-0/data/ratis] (custom)
2019-06-14 10:28:30,194 INFO  server.XceiverServerGrpc (XceiverServerGrpc.java:<init>(97)) - Found a free port for the server : 34265
2019-06-14 10:28:30,194 INFO  replication.SimpleContainerDownloader (SimpleContainerDownloader.java:<init>(72)) - Starting container downloader service to copy containers to replicate.
2019-06-14 10:28:30,195 INFO  hdfs.DFSUtil (DFSUtil.java:httpServerTemplateForNNAndJN(1641)) - Starting Web-server for hddsDatanode at: http://0.0.0.0:0
2019-06-14 10:28:30,196 INFO  server.AuthenticationFilter (AuthenticationFilter.java:constructSecretProvider(240)) - Unable to initialize FileSignerSecretProvider, falling back to use random secrets.
2019-06-14 10:28:30,197 WARN  http.HttpRequestLog (HttpRequestLog.java:getRequestLog(97)) - Jetty request log can only be enabled using Log4j
2019-06-14 10:28:30,198 INFO  http.HttpServer2 (HttpServer2.java:addGlobalFilter(975)) - Added global filter 'safety' (class=org.apache.hadoop.http.HttpServer2$QuotingInputFilter)
2019-06-14 10:28:30,199 INFO  http.HttpServer2 (HttpServer2.java:addFilter(948)) - Added filter static_user_filter (class=org.apache.hadoop.http.lib.StaticUserWebFilter$StaticUserFilter) to context hddsDatanode
2019-06-14 10:28:30,199 INFO  http.HttpServer2 (HttpServer2.java:addFilter(958)) - Added filter static_user_filter (class=org.apache.hadoop.http.lib.StaticUserWebFilter$StaticUserFilter) to context logs
2019-06-14 10:28:30,199 INFO  http.HttpServer2 (HttpServer2.java:addFilter(958)) - Added filter static_user_filter (class=org.apache.hadoop.http.lib.StaticUserWebFilter$StaticUserFilter) to context static
2019-06-14 10:28:30,199 INFO  http.HttpServer2 (HttpServer2.java:bindListener(1191)) - Jetty bound to port 40249
2019-06-14 10:28:30,200 INFO  server.Server (Server.java:doStart(351)) - jetty-9.3.24.v20180605, build timestamp: 2018-06-05T17:11:56Z, git hash: 84205aa28f11a4f31f2a3b86d1bba2cc8ab69827
2019-06-14 10:28:30,201 INFO  handler.ContextHandler (ContextHandler.java:doStart(781)) - Started o.e.j.s.ServletContextHandler@6c167296{/logs,file:///opt/src/hadoop-ozone/integration-test/target/log,AVAILABLE}
2019-06-14 10:28:30,201 INFO  handler.ContextHandler (ContextHandler.java:doStart(781)) - Started o.e.j.s.ServletContextHandler@5a464be7{/static,jar:file:/root/.m2/repository/org/apache/hadoop/hadoop-hdds-container-service/0.5.0-SNAPSHOT/hadoop-hdds-container-service-0.5.0-SNAPSHOT.jar!/webapps/static,AVAILABLE}
2019-06-14 10:28:30,225 INFO  handler.ContextHandler (ContextHandler.java:doStart(781)) - Started o.e.j.w.WebAppContext@32bae609{/,file:///tmp/jetty-0.0.0.0-40249-hddsDatanode-_-any-5607775869540194574.dir/webapp/,AVAILABLE}{/hddsDatanode}
2019-06-14 10:28:30,226 INFO  server.AbstractConnector (AbstractConnector.java:doStart(278)) - Started ServerConnector@74a09d49{HTTP/1.1,[http/1.1]}{0.0.0.0:40249}
2019-06-14 10:28:30,226 INFO  server.Server (Server.java:doStart(419)) - Started @75485ms
2019-06-14 10:28:30,227 INFO  server.BaseHttpServer (BaseHttpServer.java:updateConnectorAddress(207)) - HTTP server of HDDSDATANODE is listening at http://0.0.0.0:40249
2019-06-14 10:28:30,329 INFO  ozone.HddsDatanodeService (HddsDatanodeService.java:startPlugins(396)) - Started plug-in org.apache.hadoop.ozone.web.OzoneHddsDatanodeService@1fe37d27
2019-06-14 10:28:30,329 INFO  impl.MetricsSystemImpl (MetricsSystemImpl.java:init(158)) - HddsDatanode metrics system started (again)
2019-06-14 10:28:30,330 INFO  ozone.HddsDatanodeService (HddsDatanodeService.java:start(185)) - HddsDatanodeService host:ozone-cf6ld-438179620 ip:192.168.46.40
2019-06-14 10:28:30,330 INFO  util.JvmPauseMonitor (JvmPauseMonitor.java:run(188)) - Starting JVM pause monitor
2019-06-14 10:28:30,331 INFO  datanode.InitDatanodeState (InitDatanodeState.java:persistContainerDatanodeDetails(140)) - DatanodeDetails is persisted to /opt/src/hadoop-ozone/integration-test/target/test-dir/MiniOzoneClusterImpl-03992a08-0158-43fa-8fa3-615e5cd36033/datanode-0/meta/datanode.id
2019-06-14 10:28:30,334 INFO  volume.HddsVolume (HddsVolume.java:<init>(176)) - Creating Volume: /opt/src/hadoop-ozone/integration-test/target/test-dir/MiniOzoneClusterImpl-03992a08-0158-43fa-8fa3-615e5cd36033/datanode-1/data/containers/hdds of  storage type : DISK and capacity : 104021790720
2019-06-14 10:28:30,334 INFO  volume.VolumeSet (VolumeSet.java:initializeVolumeSet(170)) - Added Volume : /opt/src/hadoop-ozone/integration-test/target/test-dir/MiniOzoneClusterImpl-03992a08-0158-43fa-8fa3-615e5cd36033/datanode-1/data/containers/hdds to VolumeSet
2019-06-14 10:28:30,335 INFO  volume.ThrottledAsyncChecker (ThrottledAsyncChecker.java:schedule(140)) - Scheduling a check for org.apache.hadoop.ozone.container.common.volume.HddsVolume@1da61a29
2019-06-14 10:28:30,335 INFO  volume.HddsVolumeChecker (HddsVolumeChecker.java:checkAllVolumes(203)) - Scheduled health check for volume org.apache.hadoop.ozone.container.common.volume.HddsVolume@1da61a29
2019-06-14 10:28:30,345 INFO  ratis.XceiverServerRatis (XceiverServerRatis.java:newXceiverServerRatis(401)) - Found a free port for the server : 43081
2019-06-14 10:28:30,346 INFO  impl.RaftServerProxy (ConfUtils.java:logGet(43)) - raft.rpc.type = GRPC (default)
2019-06-14 10:28:30,347 INFO  grpc.GrpcConfigKeys$Server (ConfUtils.java:logGet(43)) - raft.grpc.server.port = 43081 (custom)
2019-06-14 10:28:30,347 INFO  server.GrpcService (ConfUtils.java:logGet(43)) - raft.grpc.message.size.max = 33570816 (custom)
2019-06-14 10:28:30,347 INFO  server.RaftServerConfigKeys (ConfUtils.java:logGet(43)) - raft.server.log.appender.buffer.byte-limit = 33554432 (custom)
2019-06-14 10:28:30,347 INFO  server.GrpcService (ConfUtils.java:logGet(43)) - raft.grpc.flow.control.window = 1MB (=1048576) (default)
2019-06-14 10:28:30,347 INFO  server.RaftServerConfigKeys (ConfUtils.java:logGet(43)) - raft.server.rpc.request.timeout = 3000ms (default)
2019-06-14 10:28:30,348 INFO  server.RaftServerConfigKeys (ConfUtils.java:logGet(43)) - raft.server.storage.dir = [/opt/src/hadoop-ozone/integration-test/target/test-dir/MiniOzoneClusterImpl-03992a08-0158-43fa-8fa3-615e5cd36033/datanode-1/data/ratis] (custom)
2019-06-14 10:28:30,348 INFO  server.XceiverServerGrpc (XceiverServerGrpc.java:<init>(97)) - Found a free port for the server : 33899
2019-06-14 10:28:30,349 INFO  replication.SimpleContainerDownloader (SimpleContainerDownloader.java:<init>(72)) - Starting container downloader service to copy containers to replicate.
2019-06-14 10:28:30,349 INFO  hdfs.DFSUtil (DFSUtil.java:httpServerTemplateForNNAndJN(1641)) - Starting Web-server for hddsDatanode at: http://0.0.0.0:0
2019-06-14 10:28:30,350 INFO  server.AuthenticationFilter (AuthenticationFilter.java:constructSecretProvider(240)) - Unable to initialize FileSignerSecretProvider, falling back to use random secrets.
2019-06-14 10:28:30,351 WARN  http.HttpRequestLog (HttpRequestLog.java:getRequestLog(97)) - Jetty request log can only be enabled using Log4j
2019-06-14 10:28:30,351 INFO  http.HttpServer2 (HttpServer2.java:addGlobalFilter(975)) - Added global filter 'safety' (class=org.apache.hadoop.http.HttpServer2$QuotingInputFilter)
2019-06-14 10:28:30,352 INFO  http.HttpServer2 (HttpServer2.java:addFilter(948)) - Added filter static_user_filter (class=org.apache.hadoop.http.lib.StaticUserWebFilter$StaticUserFilter) to context hddsDatanode
2019-06-14 10:28:30,352 INFO  http.HttpServer2 (HttpServer2.java:addFilter(958)) - Added filter static_user_filter (class=org.apache.hadoop.http.lib.StaticUserWebFilter$StaticUserFilter) to context logs
2019-06-14 10:28:30,352 INFO  http.HttpServer2 (HttpServer2.java:addFilter(958)) - Added filter static_user_filter (class=org.apache.hadoop.http.lib.StaticUserWebFilter$StaticUserFilter) to context static
2019-06-14 10:28:30,352 INFO  http.HttpServer2 (HttpServer2.java:bindListener(1191)) - Jetty bound to port 38143
2019-06-14 10:28:30,353 INFO  server.Server (Server.java:doStart(351)) - jetty-9.3.24.v20180605, build timestamp: 2018-06-05T17:11:56Z, git hash: 84205aa28f11a4f31f2a3b86d1bba2cc8ab69827
2019-06-14 10:28:30,354 INFO  handler.ContextHandler (ContextHandler.java:doStart(781)) - Started o.e.j.s.ServletContextHandler@21251e43{/logs,file:///opt/src/hadoop-ozone/integration-test/target/log,AVAILABLE}
2019-06-14 10:28:30,354 INFO  handler.ContextHandler (ContextHandler.java:doStart(781)) - Started o.e.j.s.ServletContextHandler@54c17a2b{/static,jar:file:/root/.m2/repository/org/apache/hadoop/hadoop-hdds-container-service/0.5.0-SNAPSHOT/hadoop-hdds-container-service-0.5.0-SNAPSHOT.jar!/webapps/static,AVAILABLE}
2019-06-14 10:28:30,375 INFO  handler.ContextHandler (ContextHandler.java:doStart(781)) - Started o.e.j.w.WebAppContext@1ee126de{/,file:///tmp/jetty-0.0.0.0-38143-hddsDatanode-_-any-5567697094768425961.dir/webapp/,AVAILABLE}{/hddsDatanode}
2019-06-14 10:28:30,375 INFO  server.AbstractConnector (AbstractConnector.java:doStart(278)) - Started ServerConnector@22cce199{HTTP/1.1,[http/1.1]}{0.0.0.0:38143}
2019-06-14 10:28:30,376 INFO  server.Server (Server.java:doStart(419)) - Started @75635ms
2019-06-14 10:28:30,377 INFO  server.BaseHttpServer (BaseHttpServer.java:updateConnectorAddress(207)) - HTTP server of HDDSDATANODE is listening at http://0.0.0.0:38143
2019-06-14 10:28:30,458 INFO  ozone.HddsDatanodeService (HddsDatanodeService.java:startPlugins(396)) - Started plug-in org.apache.hadoop.ozone.web.OzoneHddsDatanodeService@5f32de90
2019-06-14 10:28:30,459 INFO  impl.MetricsSystemImpl (MetricsSystemImpl.java:init(158)) - HddsDatanode metrics system started (again)
2019-06-14 10:28:30,459 INFO  ozone.HddsDatanodeService (HddsDatanodeService.java:start(185)) - HddsDatanodeService host:ozone-cf6ld-438179620 ip:192.168.46.40
2019-06-14 10:28:30,474 INFO  util.JvmPauseMonitor (JvmPauseMonitor.java:run(188)) - Starting JVM pause monitor
2019-06-14 10:28:30,475 INFO  datanode.InitDatanodeState (InitDatanodeState.java:persistContainerDatanodeDetails(140)) - DatanodeDetails is persisted to /opt/src/hadoop-ozone/integration-test/target/test-dir/MiniOzoneClusterImpl-03992a08-0158-43fa-8fa3-615e5cd36033/datanode-1/meta/datanode.id
2019-06-14 10:28:30,479 INFO  volume.HddsVolume (HddsVolume.java:<init>(176)) - Creating Volume: /opt/src/hadoop-ozone/integration-test/target/test-dir/MiniOzoneClusterImpl-03992a08-0158-43fa-8fa3-615e5cd36033/datanode-2/data/containers/hdds of  storage type : DISK and capacity : 104021790720
2019-06-14 10:28:30,479 INFO  volume.VolumeSet (VolumeSet.java:initializeVolumeSet(170)) - Added Volume : /opt/src/hadoop-ozone/integration-test/target/test-dir/MiniOzoneClusterImpl-03992a08-0158-43fa-8fa3-615e5cd36033/datanode-2/data/containers/hdds to VolumeSet
2019-06-14 10:28:30,479 INFO  volume.ThrottledAsyncChecker (ThrottledAsyncChecker.java:schedule(140)) - Scheduling a check for org.apache.hadoop.ozone.container.common.volume.HddsVolume@1d722bff
2019-06-14 10:28:30,479 INFO  volume.HddsVolumeChecker (HddsVolumeChecker.java:checkAllVolumes(203)) - Scheduled health check for volume org.apache.hadoop.ozone.container.common.volume.HddsVolume@1d722bff
2019-06-14 10:28:30,487 INFO  ratis.XceiverServerRatis (XceiverServerRatis.java:newXceiverServerRatis(401)) - Found a free port for the server : 38747
2019-06-14 10:28:30,488 INFO  impl.RaftServerProxy (ConfUtils.java:logGet(43)) - raft.rpc.type = GRPC (default)
2019-06-14 10:28:30,489 INFO  grpc.GrpcConfigKeys$Server (ConfUtils.java:logGet(43)) - raft.grpc.server.port = 38747 (custom)
2019-06-14 10:28:30,489 INFO  server.GrpcService (ConfUtils.java:logGet(43)) - raft.grpc.message.size.max = 33570816 (custom)
2019-06-14 10:28:30,489 INFO  server.RaftServerConfigKeys (ConfUtils.java:logGet(43)) - raft.server.log.appender.buffer.byte-limit = 33554432 (custom)
2019-06-14 10:28:30,489 INFO  server.GrpcService (ConfUtils.java:logGet(43)) - raft.grpc.flow.control.window = 1MB (=1048576) (default)
2019-06-14 10:28:30,489 INFO  server.RaftServerConfigKeys (ConfUtils.java:logGet(43)) - raft.server.rpc.request.timeout = 3000ms (default)
2019-06-14 10:28:30,489 INFO  server.RaftServerConfigKeys (ConfUtils.java:logGet(43)) - raft.server.storage.dir = [/opt/src/hadoop-ozone/integration-test/target/test-dir/MiniOzoneClusterImpl-03992a08-0158-43fa-8fa3-615e5cd36033/datanode-2/data/ratis] (custom)
2019-06-14 10:28:30,490 INFO  server.XceiverServerGrpc (XceiverServerGrpc.java:<init>(97)) - Found a free port for the server : 36675
2019-06-14 10:28:30,490 INFO  replication.SimpleContainerDownloader (SimpleContainerDownloader.java:<init>(72)) - Starting container downloader service to copy containers to replicate.
2019-06-14 10:28:30,491 INFO  hdfs.DFSUtil (DFSUtil.java:httpServerTemplateForNNAndJN(1641)) - Starting Web-server for hddsDatanode at: http://0.0.0.0:0
2019-06-14 10:28:30,491 INFO  server.AuthenticationFilter (AuthenticationFilter.java:constructSecretProvider(240)) - Unable to initialize FileSignerSecretProvider, falling back to use random secrets.
2019-06-14 10:28:30,492 WARN  http.HttpRequestLog (HttpRequestLog.java:getRequestLog(97)) - Jetty request log can only be enabled using Log4j
2019-06-14 10:28:30,493 INFO  http.HttpServer2 (HttpServer2.java:addGlobalFilter(975)) - Added global filter 'safety' (class=org.apache.hadoop.http.HttpServer2$QuotingInputFilter)
2019-06-14 10:28:30,493 INFO  http.HttpServer2 (HttpServer2.java:addFilter(948)) - Added filter static_user_filter (class=org.apache.hadoop.http.lib.StaticUserWebFilter$StaticUserFilter) to context hddsDatanode
2019-06-14 10:28:30,493 INFO  http.HttpServer2 (HttpServer2.java:addFilter(958)) - Added filter static_user_filter (class=org.apache.hadoop.http.lib.StaticUserWebFilter$StaticUserFilter) to context logs
2019-06-14 10:28:30,493 INFO  http.HttpServer2 (HttpServer2.java:addFilter(958)) - Added filter static_user_filter (class=org.apache.hadoop.http.lib.StaticUserWebFilter$StaticUserFilter) to context static
2019-06-14 10:28:30,494 INFO  http.HttpServer2 (HttpServer2.java:bindListener(1191)) - Jetty bound to port 37165
2019-06-14 10:28:30,494 INFO  server.Server (Server.java:doStart(351)) - jetty-9.3.24.v20180605, build timestamp: 2018-06-05T17:11:56Z, git hash: 84205aa28f11a4f31f2a3b86d1bba2cc8ab69827
2019-06-14 10:28:30,495 INFO  handler.ContextHandler (ContextHandler.java:doStart(781)) - Started o.e.j.s.ServletContextHandler@5e1e19af{/logs,file:///opt/src/hadoop-ozone/integration-test/target/log,AVAILABLE}
2019-06-14 10:28:30,495 INFO  handler.ContextHandler (ContextHandler.java:doStart(781)) - Started o.e.j.s.ServletContextHandler@35d145fb{/static,jar:file:/root/.m2/repository/org/apache/hadoop/hadoop-hdds-container-service/0.5.0-SNAPSHOT/hadoop-hdds-container-service-0.5.0-SNAPSHOT.jar!/webapps/static,AVAILABLE}
2019-06-14 10:28:30,516 INFO  handler.ContextHandler (ContextHandler.java:doStart(781)) - Started o.e.j.w.WebAppContext@4c31b6c2{/,file:///tmp/jetty-0.0.0.0-37165-hddsDatanode-_-any-6506932132878557467.dir/webapp/,AVAILABLE}{/hddsDatanode}
2019-06-14 10:28:30,516 INFO  server.AbstractConnector (AbstractConnector.java:doStart(278)) - Started ServerConnector@5605a59b{HTTP/1.1,[http/1.1]}{0.0.0.0:37165}
2019-06-14 10:28:30,517 INFO  server.Server (Server.java:doStart(419)) - Started @75776ms
2019-06-14 10:28:30,518 INFO  server.BaseHttpServer (BaseHttpServer.java:updateConnectorAddress(207)) - HTTP server of HDDSDATANODE is listening at http://0.0.0.0:37165
2019-06-14 10:28:30,598 INFO  ozone.HddsDatanodeService (HddsDatanodeService.java:startPlugins(396)) - Started plug-in org.apache.hadoop.ozone.web.OzoneHddsDatanodeService@4fe8e318
2019-06-14 10:28:30,598 INFO  impl.MetricsSystemImpl (MetricsSystemImpl.java:init(158)) - HddsDatanode metrics system started (again)
2019-06-14 10:28:30,599 INFO  ozone.HddsDatanodeService (HddsDatanodeService.java:start(185)) - HddsDatanodeService host:ozone-cf6ld-438179620 ip:192.168.46.40
2019-06-14 10:28:30,618 INFO  util.JvmPauseMonitor (JvmPauseMonitor.java:run(188)) - Starting JVM pause monitor
2019-06-14 10:28:30,619 INFO  volume.HddsVolume (HddsVolume.java:<init>(176)) - Creating Volume: /opt/src/hadoop-ozone/integration-test/target/test-dir/MiniOzoneClusterImpl-03992a08-0158-43fa-8fa3-615e5cd36033/datanode-3/data/containers/hdds of  storage type : DISK and capacity : 104021790720
2019-06-14 10:28:30,619 INFO  volume.VolumeSet (VolumeSet.java:initializeVolumeSet(170)) - Added Volume : /opt/src/hadoop-ozone/integration-test/target/test-dir/MiniOzoneClusterImpl-03992a08-0158-43fa-8fa3-615e5cd36033/datanode-3/data/containers/hdds to VolumeSet
2019-06-14 10:28:30,620 INFO  volume.ThrottledAsyncChecker (ThrottledAsyncChecker.java:schedule(140)) - Scheduling a check for org.apache.hadoop.ozone.container.common.volume.HddsVolume@1ced1d14
2019-06-14 10:28:30,620 INFO  datanode.InitDatanodeState (InitDatanodeState.java:persistContainerDatanodeDetails(140)) - DatanodeDetails is persisted to /opt/src/hadoop-ozone/integration-test/target/test-dir/MiniOzoneClusterImpl-03992a08-0158-43fa-8fa3-615e5cd36033/datanode-2/meta/datanode.id
2019-06-14 10:28:30,620 INFO  volume.HddsVolumeChecker (HddsVolumeChecker.java:checkAllVolumes(203)) - Scheduled health check for volume org.apache.hadoop.ozone.container.common.volume.HddsVolume@1ced1d14
2019-06-14 10:28:30,628 INFO  ratis.XceiverServerRatis (XceiverServerRatis.java:newXceiverServerRatis(401)) - Found a free port for the server : 35335
2019-06-14 10:28:30,629 INFO  impl.RaftServerProxy (ConfUtils.java:logGet(43)) - raft.rpc.type = GRPC (default)
2019-06-14 10:28:30,629 INFO  grpc.GrpcConfigKeys$Server (ConfUtils.java:logGet(43)) - raft.grpc.server.port = 35335 (custom)
2019-06-14 10:28:30,629 INFO  server.GrpcService (ConfUtils.java:logGet(43)) - raft.grpc.message.size.max = 33570816 (custom)
2019-06-14 10:28:30,630 INFO  server.RaftServerConfigKeys (ConfUtils.java:logGet(43)) - raft.server.log.appender.buffer.byte-limit = 33554432 (custom)
2019-06-14 10:28:30,630 INFO  server.GrpcService (ConfUtils.java:logGet(43)) - raft.grpc.flow.control.window = 1MB (=1048576) (default)
2019-06-14 10:28:30,630 INFO  server.RaftServerConfigKeys (ConfUtils.java:logGet(43)) - raft.server.rpc.request.timeout = 3000ms (default)
2019-06-14 10:28:30,630 INFO  server.RaftServerConfigKeys (ConfUtils.java:logGet(43)) - raft.server.storage.dir = [/opt/src/hadoop-ozone/integration-test/target/test-dir/MiniOzoneClusterImpl-03992a08-0158-43fa-8fa3-615e5cd36033/datanode-3/data/ratis] (custom)
2019-06-14 10:28:30,631 INFO  server.XceiverServerGrpc (XceiverServerGrpc.java:<init>(97)) - Found a free port for the server : 38269
2019-06-14 10:28:30,631 INFO  replication.SimpleContainerDownloader (SimpleContainerDownloader.java:<init>(72)) - Starting container downloader service to copy containers to replicate.
2019-06-14 10:28:30,632 INFO  hdfs.DFSUtil (DFSUtil.java:httpServerTemplateForNNAndJN(1641)) - Starting Web-server for hddsDatanode at: http://0.0.0.0:0
2019-06-14 10:28:30,632 INFO  server.AuthenticationFilter (AuthenticationFilter.java:constructSecretProvider(240)) - Unable to initialize FileSignerSecretProvider, falling back to use random secrets.
2019-06-14 10:28:30,633 WARN  http.HttpRequestLog (HttpRequestLog.java:getRequestLog(97)) - Jetty request log can only be enabled using Log4j
2019-06-14 10:28:30,634 INFO  http.HttpServer2 (HttpServer2.java:addGlobalFilter(975)) - Added global filter 'safety' (class=org.apache.hadoop.http.HttpServer2$QuotingInputFilter)
2019-06-14 10:28:30,634 INFO  http.HttpServer2 (HttpServer2.java:addFilter(948)) - Added filter static_user_filter (class=org.apache.hadoop.http.lib.StaticUserWebFilter$StaticUserFilter) to context hddsDatanode
2019-06-14 10:28:30,634 INFO  http.HttpServer2 (HttpServer2.java:addFilter(958)) - Added filter static_user_filter (class=org.apache.hadoop.http.lib.StaticUserWebFilter$StaticUserFilter) to context static
2019-06-14 10:28:30,634 INFO  http.HttpServer2 (HttpServer2.java:addFilter(958)) - Added filter static_user_filter (class=org.apache.hadoop.http.lib.StaticUserWebFilter$StaticUserFilter) to context logs
2019-06-14 10:28:30,634 INFO  http.HttpServer2 (HttpServer2.java:bindListener(1191)) - Jetty bound to port 41967
2019-06-14 10:28:30,635 INFO  server.Server (Server.java:doStart(351)) - jetty-9.3.24.v20180605, build timestamp: 2018-06-05T17:11:56Z, git hash: 84205aa28f11a4f31f2a3b86d1bba2cc8ab69827
2019-06-14 10:28:30,636 INFO  handler.ContextHandler (ContextHandler.java:doStart(781)) - Started o.e.j.s.ServletContextHandler@4fb42efa{/logs,file:///opt/src/hadoop-ozone/integration-test/target/log,AVAILABLE}
2019-06-14 10:28:30,637 INFO  handler.ContextHandler (ContextHandler.java:doStart(781)) - Started o.e.j.s.ServletContextHandler@51ac72f7{/static,jar:file:/root/.m2/repository/org/apache/hadoop/hadoop-hdds-container-service/0.5.0-SNAPSHOT/hadoop-hdds-container-service-0.5.0-SNAPSHOT.jar!/webapps/static,AVAILABLE}
2019-06-14 10:28:30,665 INFO  handler.ContextHandler (ContextHandler.java:doStart(781)) - Started o.e.j.w.WebAppContext@73502d5e{/,file:///tmp/jetty-0.0.0.0-41967-hddsDatanode-_-any-771734370205689977.dir/webapp/,AVAILABLE}{/hddsDatanode}
2019-06-14 10:28:30,665 INFO  server.AbstractConnector (AbstractConnector.java:doStart(278)) - Started ServerConnector@471d6571{HTTP/1.1,[http/1.1]}{0.0.0.0:41967}
2019-06-14 10:28:30,666 INFO  server.Server (Server.java:doStart(419)) - Started @75925ms
2019-06-14 10:28:30,667 INFO  server.BaseHttpServer (BaseHttpServer.java:updateConnectorAddress(207)) - HTTP server of HDDSDATANODE is listening at http://0.0.0.0:41967
2019-06-14 10:28:30,754 INFO  ozone.HddsDatanodeService (HddsDatanodeService.java:startPlugins(396)) - Started plug-in org.apache.hadoop.ozone.web.OzoneHddsDatanodeService@29280ca6
2019-06-14 10:28:30,754 INFO  impl.MetricsSystemImpl (MetricsSystemImpl.java:init(158)) - HddsDatanode metrics system started (again)
2019-06-14 10:28:30,754 INFO  ozone.HddsDatanodeService (HddsDatanodeService.java:start(185)) - HddsDatanodeService host:ozone-cf6ld-438179620 ip:192.168.46.40
2019-06-14 10:28:30,757 INFO  util.JvmPauseMonitor (JvmPauseMonitor.java:run(188)) - Starting JVM pause monitor
2019-06-14 10:28:30,757 INFO  datanode.InitDatanodeState (InitDatanodeState.java:persistContainerDatanodeDetails(140)) - DatanodeDetails is persisted to /opt/src/hadoop-ozone/integration-test/target/test-dir/MiniOzoneClusterImpl-03992a08-0158-43fa-8fa3-615e5cd36033/datanode-3/meta/datanode.id
2019-06-14 10:28:30,760 INFO  volume.HddsVolume (HddsVolume.java:<init>(176)) - Creating Volume: /opt/src/hadoop-ozone/integration-test/target/test-dir/MiniOzoneClusterImpl-03992a08-0158-43fa-8fa3-615e5cd36033/datanode-4/data/containers/hdds of  storage type : DISK and capacity : 104021790720
2019-06-14 10:28:30,761 INFO  volume.VolumeSet (VolumeSet.java:initializeVolumeSet(170)) - Added Volume : /opt/src/hadoop-ozone/integration-test/target/test-dir/MiniOzoneClusterImpl-03992a08-0158-43fa-8fa3-615e5cd36033/datanode-4/data/containers/hdds to VolumeSet
2019-06-14 10:28:30,761 INFO  volume.ThrottledAsyncChecker (ThrottledAsyncChecker.java:schedule(140)) - Scheduling a check for org.apache.hadoop.ozone.container.common.volume.HddsVolume@17b9c9ff
2019-06-14 10:28:30,761 INFO  volume.HddsVolumeChecker (HddsVolumeChecker.java:checkAllVolumes(203)) - Scheduled health check for volume org.apache.hadoop.ozone.container.common.volume.HddsVolume@17b9c9ff
2019-06-14 10:28:30,769 INFO  ratis.XceiverServerRatis (XceiverServerRatis.java:newXceiverServerRatis(401)) - Found a free port for the server : 40135
2019-06-14 10:28:30,770 INFO  impl.RaftServerProxy (ConfUtils.java:logGet(43)) - raft.rpc.type = GRPC (default)
2019-06-14 10:28:30,770 INFO  grpc.GrpcConfigKeys$Server (ConfUtils.java:logGet(43)) - raft.grpc.server.port = 40135 (custom)
2019-06-14 10:28:30,770 INFO  server.GrpcService (ConfUtils.java:logGet(43)) - raft.grpc.message.size.max = 33570816 (custom)
2019-06-14 10:28:30,771 INFO  server.RaftServerConfigKeys (ConfUtils.java:logGet(43)) - raft.server.log.appender.buffer.byte-limit = 33554432 (custom)
2019-06-14 10:28:30,771 INFO  server.GrpcService (ConfUtils.java:logGet(43)) - raft.grpc.flow.control.window = 1MB (=1048576) (default)
2019-06-14 10:28:30,771 INFO  server.RaftServerConfigKeys (ConfUtils.java:logGet(43)) - raft.server.rpc.request.timeout = 3000ms (default)
2019-06-14 10:28:30,771 INFO  server.RaftServerConfigKeys (ConfUtils.java:logGet(43)) - raft.server.storage.dir = [/opt/src/hadoop-ozone/integration-test/target/test-dir/MiniOzoneClusterImpl-03992a08-0158-43fa-8fa3-615e5cd36033/datanode-4/data/ratis] (custom)
2019-06-14 10:28:30,771 INFO  server.XceiverServerGrpc (XceiverServerGrpc.java:<init>(97)) - Found a free port for the server : 35009
2019-06-14 10:28:30,772 INFO  replication.SimpleContainerDownloader (SimpleContainerDownloader.java:<init>(72)) - Starting container downloader service to copy containers to replicate.
2019-06-14 10:28:30,772 INFO  hdfs.DFSUtil (DFSUtil.java:httpServerTemplateForNNAndJN(1641)) - Starting Web-server for hddsDatanode at: http://0.0.0.0:0
2019-06-14 10:28:30,773 INFO  server.AuthenticationFilter (AuthenticationFilter.java:constructSecretProvider(240)) - Unable to initialize FileSignerSecretProvider, falling back to use random secrets.
2019-06-14 10:28:30,774 WARN  http.HttpRequestLog (HttpRequestLog.java:getRequestLog(97)) - Jetty request log can only be enabled using Log4j
2019-06-14 10:28:30,775 INFO  http.HttpServer2 (HttpServer2.java:addGlobalFilter(975)) - Added global filter 'safety' (class=org.apache.hadoop.http.HttpServer2$QuotingInputFilter)
2019-06-14 10:28:30,775 INFO  http.HttpServer2 (HttpServer2.java:addFilter(948)) - Added filter static_user_filter (class=org.apache.hadoop.http.lib.StaticUserWebFilter$StaticUserFilter) to context hddsDatanode
2019-06-14 10:28:30,775 INFO  http.HttpServer2 (HttpServer2.java:addFilter(958)) - Added filter static_user_filter (class=org.apache.hadoop.http.lib.StaticUserWebFilter$StaticUserFilter) to context logs
2019-06-14 10:28:30,775 INFO  http.HttpServer2 (HttpServer2.java:addFilter(958)) - Added filter static_user_filter (class=org.apache.hadoop.http.lib.StaticUserWebFilter$StaticUserFilter) to context static
2019-06-14 10:28:30,776 INFO  http.HttpServer2 (HttpServer2.java:bindListener(1191)) - Jetty bound to port 35553
2019-06-14 10:28:30,776 INFO  server.Server (Server.java:doStart(351)) - jetty-9.3.24.v20180605, build timestamp: 2018-06-05T17:11:56Z, git hash: 84205aa28f11a4f31f2a3b86d1bba2cc8ab69827
2019-06-14 10:28:30,777 INFO  handler.ContextHandler (ContextHandler.java:doStart(781)) - Started o.e.j.s.ServletContextHandler@c10f7a8{/logs,file:///opt/src/hadoop-ozone/integration-test/target/log,AVAILABLE}
2019-06-14 10:28:30,793 INFO  handler.ContextHandler (ContextHandler.java:doStart(781)) - Started o.e.j.s.ServletContextHandler@33de9d85{/static,jar:file:/root/.m2/repository/org/apache/hadoop/hadoop-hdds-container-service/0.5.0-SNAPSHOT/hadoop-hdds-container-service-0.5.0-SNAPSHOT.jar!/webapps/static,AVAILABLE}
2019-06-14 10:28:30,816 INFO  handler.ContextHandler (ContextHandler.java:doStart(781)) - Started o.e.j.w.WebAppContext@43fdef43{/,file:///tmp/jetty-0.0.0.0-35553-hddsDatanode-_-any-4367140153023789656.dir/webapp/,AVAILABLE}{/hddsDatanode}
2019-06-14 10:28:30,817 INFO  server.AbstractConnector (AbstractConnector.java:doStart(278)) - Started ServerConnector@3f36c191{HTTP/1.1,[http/1.1]}{0.0.0.0:35553}
2019-06-14 10:28:30,818 INFO  server.Server (Server.java:doStart(419)) - Started @76077ms
2019-06-14 10:28:30,819 INFO  server.BaseHttpServer (BaseHttpServer.java:updateConnectorAddress(207)) - HTTP server of HDDSDATANODE is listening at http://0.0.0.0:35553
2019-06-14 10:28:30,921 INFO  ozone.HddsDatanodeService (HddsDatanodeService.java:startPlugins(396)) - Started plug-in org.apache.hadoop.ozone.web.OzoneHddsDatanodeService@3db3668
2019-06-14 10:28:30,922 INFO  impl.MetricsSystemImpl (MetricsSystemImpl.java:init(158)) - HddsDatanode metrics system started (again)
2019-06-14 10:28:30,922 INFO  ozone.HddsDatanodeService (HddsDatanodeService.java:start(185)) - HddsDatanodeService host:ozone-cf6ld-438179620 ip:192.168.46.40
2019-06-14 10:28:30,923 INFO  util.JvmPauseMonitor (JvmPauseMonitor.java:run(188)) - Starting JVM pause monitor
2019-06-14 10:28:30,923 INFO  datanode.InitDatanodeState (InitDatanodeState.java:persistContainerDatanodeDetails(140)) - DatanodeDetails is persisted to /opt/src/hadoop-ozone/integration-test/target/test-dir/MiniOzoneClusterImpl-03992a08-0158-43fa-8fa3-615e5cd36033/datanode-4/meta/datanode.id
2019-06-14 10:28:30,928 INFO  volume.HddsVolume (HddsVolume.java:<init>(176)) - Creating Volume: /opt/src/hadoop-ozone/integration-test/target/test-dir/MiniOzoneClusterImpl-03992a08-0158-43fa-8fa3-615e5cd36033/datanode-5/data/containers/hdds of  storage type : DISK and capacity : 104021790720
2019-06-14 10:28:30,928 INFO  volume.VolumeSet (VolumeSet.java:initializeVolumeSet(170)) - Added Volume : /opt/src/hadoop-ozone/integration-test/target/test-dir/MiniOzoneClusterImpl-03992a08-0158-43fa-8fa3-615e5cd36033/datanode-5/data/containers/hdds to VolumeSet
2019-06-14 10:28:30,928 INFO  volume.ThrottledAsyncChecker (ThrottledAsyncChecker.java:schedule(140)) - Scheduling a check for org.apache.hadoop.ozone.container.common.volume.HddsVolume@7ab8f93
2019-06-14 10:28:30,928 INFO  volume.HddsVolumeChecker (HddsVolumeChecker.java:checkAllVolumes(203)) - Scheduled health check for volume org.apache.hadoop.ozone.container.common.volume.HddsVolume@7ab8f93
2019-06-14 10:28:30,936 INFO  ratis.XceiverServerRatis (XceiverServerRatis.java:newXceiverServerRatis(401)) - Found a free port for the server : 44429
2019-06-14 10:28:30,938 INFO  impl.RaftServerProxy (ConfUtils.java:logGet(43)) - raft.rpc.type = GRPC (default)
2019-06-14 10:28:30,938 INFO  grpc.GrpcConfigKeys$Server (ConfUtils.java:logGet(43)) - raft.grpc.server.port = 44429 (custom)
2019-06-14 10:28:30,938 INFO  server.GrpcService (ConfUtils.java:logGet(43)) - raft.grpc.message.size.max = 33570816 (custom)
2019-06-14 10:28:30,938 INFO  server.RaftServerConfigKeys (ConfUtils.java:logGet(43)) - raft.server.log.appender.buffer.byte-limit = 33554432 (custom)
2019-06-14 10:28:30,938 INFO  server.GrpcService (ConfUtils.java:logGet(43)) - raft.grpc.flow.control.window = 1MB (=1048576) (default)
2019-06-14 10:28:30,938 INFO  server.RaftServerConfigKeys (ConfUtils.java:logGet(43)) - raft.server.rpc.request.timeout = 3000ms (default)
2019-06-14 10:28:30,939 INFO  server.RaftServerConfigKeys (ConfUtils.java:logGet(43)) - raft.server.storage.dir = [/opt/src/hadoop-ozone/integration-test/target/test-dir/MiniOzoneClusterImpl-03992a08-0158-43fa-8fa3-615e5cd36033/datanode-5/data/ratis] (custom)
2019-06-14 10:28:30,939 INFO  server.XceiverServerGrpc (XceiverServerGrpc.java:<init>(97)) - Found a free port for the server : 46691
2019-06-14 10:28:30,939 INFO  replication.SimpleContainerDownloader (SimpleContainerDownloader.java:<init>(72)) - Starting container downloader service to copy containers to replicate.
2019-06-14 10:28:30,940 INFO  hdfs.DFSUtil (DFSUtil.java:httpServerTemplateForNNAndJN(1641)) - Starting Web-server for hddsDatanode at: http://0.0.0.0:0
2019-06-14 10:28:30,941 INFO  server.AuthenticationFilter (AuthenticationFilter.java:constructSecretProvider(240)) - Unable to initialize FileSignerSecretProvider, falling back to use random secrets.
2019-06-14 10:28:30,941 WARN  http.HttpRequestLog (HttpRequestLog.java:getRequestLog(97)) - Jetty request log can only be enabled using Log4j
2019-06-14 10:28:30,942 INFO  http.HttpServer2 (HttpServer2.java:addGlobalFilter(975)) - Added global filter 'safety' (class=org.apache.hadoop.http.HttpServer2$QuotingInputFilter)
2019-06-14 10:28:30,942 INFO  http.HttpServer2 (HttpServer2.java:addFilter(948)) - Added filter static_user_filter (class=org.apache.hadoop.http.lib.StaticUserWebFilter$StaticUserFilter) to context hddsDatanode
2019-06-14 10:28:30,943 INFO  http.HttpServer2 (HttpServer2.java:addFilter(958)) - Added filter static_user_filter (class=org.apache.hadoop.http.lib.StaticUserWebFilter$StaticUserFilter) to context static
2019-06-14 10:28:30,943 INFO  http.HttpServer2 (HttpServer2.java:addFilter(958)) - Added filter static_user_filter (class=org.apache.hadoop.http.lib.StaticUserWebFilter$StaticUserFilter) to context logs
2019-06-14 10:28:30,943 INFO  http.HttpServer2 (HttpServer2.java:bindListener(1191)) - Jetty bound to port 42245
2019-06-14 10:28:30,943 INFO  server.Server (Server.java:doStart(351)) - jetty-9.3.24.v20180605, build timestamp: 2018-06-05T17:11:56Z, git hash: 84205aa28f11a4f31f2a3b86d1bba2cc8ab69827
2019-06-14 10:28:30,944 INFO  handler.ContextHandler (ContextHandler.java:doStart(781)) - Started o.e.j.s.ServletContextHandler@7ccfed46{/logs,file:///opt/src/hadoop-ozone/integration-test/target/log,AVAILABLE}
2019-06-14 10:28:30,945 INFO  handler.ContextHandler (ContextHandler.java:doStart(781)) - Started o.e.j.s.ServletContextHandler@71e2ddd{/static,jar:file:/root/.m2/repository/org/apache/hadoop/hadoop-hdds-container-service/0.5.0-SNAPSHOT/hadoop-hdds-container-service-0.5.0-SNAPSHOT.jar!/webapps/static,AVAILABLE}
2019-06-14 10:28:30,965 INFO  handler.ContextHandler (ContextHandler.java:doStart(781)) - Started o.e.j.w.WebAppContext@3e3d8e6c{/,file:///tmp/jetty-0.0.0.0-42245-hddsDatanode-_-any-6871766063656097553.dir/webapp/,AVAILABLE}{/hddsDatanode}
2019-06-14 10:28:30,966 INFO  server.AbstractConnector (AbstractConnector.java:doStart(278)) - Started ServerConnector@7fd3197b{HTTP/1.1,[http/1.1]}{0.0.0.0:42245}
2019-06-14 10:28:30,967 INFO  server.Server (Server.java:doStart(419)) - Started @76226ms
2019-06-14 10:28:30,968 INFO  server.BaseHttpServer (BaseHttpServer.java:updateConnectorAddress(207)) - HTTP server of HDDSDATANODE is listening at http://0.0.0.0:42245
2019-06-14 10:28:31,048 INFO  ozone.HddsDatanodeService (HddsDatanodeService.java:startPlugins(396)) - Started plug-in org.apache.hadoop.ozone.web.OzoneHddsDatanodeService@292b7a02
2019-06-14 10:28:31,048 INFO  ozone.MiniOzoneClusterImpl (MiniOzoneClusterImpl.java:lambda$waitForClusterToBeReady$0(142)) - Waiting for cluster to be ready. Got 0 of 6 DN Heartbeats.
2019-06-14 10:28:31,049 INFO  util.JvmPauseMonitor (JvmPauseMonitor.java:run(188)) - Starting JVM pause monitor
2019-06-14 10:28:31,050 INFO  datanode.InitDatanodeState (InitDatanodeState.java:persistContainerDatanodeDetails(140)) - DatanodeDetails is persisted to /opt/src/hadoop-ozone/integration-test/target/test-dir/MiniOzoneClusterImpl-03992a08-0158-43fa-8fa3-615e5cd36033/datanode-5/meta/datanode.id
2019-06-14 10:28:32,049 INFO  ozone.MiniOzoneClusterImpl (MiniOzoneClusterImpl.java:lambda$waitForClusterToBeReady$0(142)) - Waiting for cluster to be ready. Got 0 of 6 DN Heartbeats.
2019-06-14 10:28:32,338 INFO  ozoneimpl.OzoneContainer (OzoneContainer.java:start(186)) - Attempting to start container services.
2019-06-14 10:28:32,338 INFO  ozoneimpl.OzoneContainer (OzoneContainer.java:startContainerScrub(160)) - Background container scrubber has been disabled by hdds.containerscrub.enabled
2019-06-14 10:28:32,338 INFO  ratis.XceiverServerRatis (XceiverServerRatis.java:start(418)) - Starting XceiverServerRatis 3f724bbd-d63c-4ef6-aa2a-655c2fd50fa1 at port 41431
2019-06-14 10:28:32,341 INFO  impl.RaftServerProxy (RaftServerProxy.java:lambda$start$3(299)) - 3f724bbd-d63c-4ef6-aa2a-655c2fd50fa1: start RPC server
2019-06-14 10:28:32,342 INFO  server.GrpcService (GrpcService.java:startImpl(148)) - 3f724bbd-d63c-4ef6-aa2a-655c2fd50fa1: GrpcService started, listening on 0.0.0.0/0.0.0.0:41431
2019-06-14 10:28:32,477 INFO  ozoneimpl.OzoneContainer (OzoneContainer.java:start(186)) - Attempting to start container services.
2019-06-14 10:28:32,477 INFO  ozoneimpl.OzoneContainer (OzoneContainer.java:startContainerScrub(160)) - Background container scrubber has been disabled by hdds.containerscrub.enabled
2019-06-14 10:28:32,477 INFO  ratis.XceiverServerRatis (XceiverServerRatis.java:start(418)) - Starting XceiverServerRatis b0aa3512-c9c4-47f5-8fca-680ed027fea5 at port 43081
2019-06-14 10:28:32,484 INFO  impl.RaftServerProxy (RaftServerProxy.java:lambda$start$3(299)) - b0aa3512-c9c4-47f5-8fca-680ed027fea5: start RPC server
2019-06-14 10:28:32,484 INFO  server.GrpcService (GrpcService.java:startImpl(148)) - b0aa3512-c9c4-47f5-8fca-680ed027fea5: GrpcService started, listening on 0.0.0.0/0.0.0.0:43081
2019-06-14 10:28:32,621 INFO  ozoneimpl.OzoneContainer (OzoneContainer.java:start(186)) - Attempting to start container services.
2019-06-14 10:28:32,621 INFO  ozoneimpl.OzoneContainer (OzoneContainer.java:startContainerScrub(160)) - Background container scrubber has been disabled by hdds.containerscrub.enabled
2019-06-14 10:28:32,621 INFO  ratis.XceiverServerRatis (XceiverServerRatis.java:start(418)) - Starting XceiverServerRatis 3e94f7ad-f8b9-473d-b417-a18a228d116d at port 38747
2019-06-14 10:28:32,624 WARN  events.EventQueue (EventQueue.java:fireEvent(147)) - Processing of TypedEvent{payloadType=DatanodeDetails, name='Stale_Node'} is skipped, EventQueue is not running
2019-06-14 10:28:32,624 WARN  events.EventQueue (EventQueue.java:fireEvent(147)) - Processing of TypedEvent{payloadType=DatanodeDetails, name='Stale_Node'} is skipped, EventQueue is not running
2019-06-14 10:28:32,624 WARN  events.EventQueue (EventQueue.java:fireEvent(147)) - Processing of TypedEvent{payloadType=DatanodeDetails, name='Stale_Node'} is skipped, EventQueue is not running
2019-06-14 10:28:32,624 WARN  events.EventQueue (EventQueue.java:fireEvent(147)) - Processing of TypedEvent{payloadType=DatanodeDetails, name='Stale_Node'} is skipped, EventQueue is not running
2019-06-14 10:28:32,625 INFO  impl.RaftServerProxy (RaftServerProxy.java:lambda$start$3(299)) - 3e94f7ad-f8b9-473d-b417-a18a228d116d: start RPC server
2019-06-14 10:28:32,625 INFO  server.GrpcService (GrpcService.java:startImpl(148)) - 3e94f7ad-f8b9-473d-b417-a18a228d116d: GrpcService started, listening on 0.0.0.0/0.0.0.0:38747
2019-06-14 10:28:32,760 INFO  ozoneimpl.OzoneContainer (OzoneContainer.java:start(186)) - Attempting to start container services.
2019-06-14 10:28:32,760 INFO  ozoneimpl.OzoneContainer (OzoneContainer.java:startContainerScrub(160)) - Background container scrubber has been disabled by hdds.containerscrub.enabled
2019-06-14 10:28:32,760 INFO  ratis.XceiverServerRatis (XceiverServerRatis.java:start(418)) - Starting XceiverServerRatis 33efc1b5-c38d-44ff-b22e-2cf6345186ab at port 35335
2019-06-14 10:28:32,763 INFO  impl.RaftServerProxy (RaftServerProxy.java:lambda$start$3(299)) - 33efc1b5-c38d-44ff-b22e-2cf6345186ab: start RPC server
2019-06-14 10:28:32,764 INFO  server.GrpcService (GrpcService.java:startImpl(148)) - 33efc1b5-c38d-44ff-b22e-2cf6345186ab: GrpcService started, listening on 0.0.0.0/0.0.0.0:35335
2019-06-14 10:28:32,925 INFO  ozoneimpl.OzoneContainer (OzoneContainer.java:start(186)) - Attempting to start container services.
2019-06-14 10:28:32,926 INFO  ozoneimpl.OzoneContainer (OzoneContainer.java:startContainerScrub(160)) - Background container scrubber has been disabled by hdds.containerscrub.enabled
2019-06-14 10:28:32,926 INFO  ratis.XceiverServerRatis (XceiverServerRatis.java:start(418)) - Starting XceiverServerRatis 99630a57-0e9f-428d-8086-37f49b9f2f2f at port 40135
2019-06-14 10:28:32,929 INFO  impl.RaftServerProxy (RaftServerProxy.java:lambda$start$3(299)) - 99630a57-0e9f-428d-8086-37f49b9f2f2f: start RPC server
2019-06-14 10:28:32,930 INFO  server.GrpcService (GrpcService.java:startImpl(148)) - 99630a57-0e9f-428d-8086-37f49b9f2f2f: GrpcService started, listening on 0.0.0.0/0.0.0.0:40135
2019-06-14 10:28:33,049 INFO  ozone.MiniOzoneClusterImpl (MiniOzoneClusterImpl.java:lambda$waitForClusterToBeReady$0(142)) - Waiting for cluster to be ready. Got 0 of 6 DN Heartbeats.
2019-06-14 10:28:33,052 INFO  ozoneimpl.OzoneContainer (OzoneContainer.java:start(186)) - Attempting to start container services.
2019-06-14 10:28:33,052 INFO  ozoneimpl.OzoneContainer (OzoneContainer.java:startContainerScrub(160)) - Background container scrubber has been disabled by hdds.containerscrub.enabled
2019-06-14 10:28:33,052 INFO  ratis.XceiverServerRatis (XceiverServerRatis.java:start(418)) - Starting XceiverServerRatis 39aab27a-937d-4d57-9e31-3229443b5129 at port 44429
2019-06-14 10:28:33,055 INFO  impl.RaftServerProxy (RaftServerProxy.java:lambda$start$3(299)) - 39aab27a-937d-4d57-9e31-3229443b5129: start RPC server
2019-06-14 10:28:33,056 INFO  server.GrpcService (GrpcService.java:startImpl(148)) - 39aab27a-937d-4d57-9e31-3229443b5129: GrpcService started, listening on 0.0.0.0/0.0.0.0:44429
2019-06-14 10:28:34,049 INFO  ozone.MiniOzoneClusterImpl (MiniOzoneClusterImpl.java:lambda$waitForClusterToBeReady$0(142)) - Waiting for cluster to be ready. Got 0 of 6 DN Heartbeats.
2019-06-14 10:28:34,333 INFO  node.SCMNodeManager (SCMNodeManager.java:register(234)) - Registered Data node : 3f724bbd-d63c-4ef6-aa2a-655c2fd50fa1{ip: 192.168.46.40, host: ozone-cf6ld-438179620, networkLocation: /default-rack, certSerialId: null}
2019-06-14 10:28:34,335 INFO  safemode.SCMSafeModeManager (DataNodeSafeModeRule.java:process(71)) - SCM in safe mode. 1 DataNodes registered, 1 required.
2019-06-14 10:28:34,336 INFO  safemode.SCMSafeModeManager (SCMSafeModeManager.java:validateSafeModeExitRules(177)) - ScmSafeModeManager, all rules are successfully validated
2019-06-14 10:28:34,337 INFO  safemode.SCMSafeModeManager (SCMSafeModeManager.java:exitSafeMode(193)) - SCM exiting safe mode.
2019-06-14 10:28:34,341 INFO  impl.RaftServerProxy (RaftServerProxy.java:addNew(89)) - 3f724bbd-d63c-4ef6-aa2a-655c2fd50fa1: addNew group-7334ADA910CD:[3f724bbd-d63c-4ef6-aa2a-655c2fd50fa1:192.168.46.40:41431] returns group-7334ADA910CD:java.util.concurrent.CompletableFuture@5ad5bf76[Not completed]
2019-06-14 10:28:34,342 INFO  impl.RaftServerImpl (RaftServerImpl.java:<init>(91)) - 3f724bbd-d63c-4ef6-aa2a-655c2fd50fa1: new RaftServerImpl for group-7334ADA910CD:[3f724bbd-d63c-4ef6-aa2a-655c2fd50fa1:192.168.46.40:41431] with ContainerStateMachine:uninitialized
2019-06-14 10:28:34,342 INFO  server.RaftServerConfigKeys (ConfUtils.java:logGet(43)) - raft.server.rpc.timeout.min = 1s (custom)
2019-06-14 10:28:34,342 INFO  server.RaftServerConfigKeys (ConfUtils.java:logGet(43)) - raft.server.rpc.timeout.max = 1200ms (custom)
2019-06-14 10:28:34,342 INFO  server.RaftServerConfigKeys (ConfUtils.java:logGet(43)) - raft.server.rpcslowness.timeout = 120s (custom)
2019-06-14 10:28:34,342 INFO  server.RaftServerConfigKeys (ConfUtils.java:logGet(43)) - raft.server.log.appender.install.snapshot.enabled = true (default)
2019-06-14 10:28:34,342 INFO  impl.RaftServerImpl (ServerState.java:<init>(101)) - 3f724bbd-d63c-4ef6-aa2a-655c2fd50fa1:group-7334ADA910CD ConfigurationManager, init=-1: [3f724bbd-d63c-4ef6-aa2a-655c2fd50fa1:192.168.46.40:41431], old=null, confs=<EMPTY_MAP>
2019-06-14 10:28:34,343 INFO  server.RaftServerConfigKeys (ConfUtils.java:logGet(43)) - raft.server.storage.dir = [/opt/src/hadoop-ozone/integration-test/target/test-dir/MiniOzoneClusterImpl-03992a08-0158-43fa-8fa3-615e5cd36033/datanode-0/data/ratis] (custom)
2019-06-14 10:28:34,343 INFO  storage.RaftStorageDirectory (RaftStorageDirectory.java:analyzeStorage(246)) - The storage directory /opt/src/hadoop-ozone/integration-test/target/test-dir/MiniOzoneClusterImpl-03992a08-0158-43fa-8fa3-615e5cd36033/datanode-0/data/ratis/6b45cbd4-fdeb-4f98-8a2b-7334ada910cd does not exist. Creating ...
2019-06-14 10:28:34,345 INFO  storage.RaftStorageDirectory (RaftStorageDirectory.java:tryLock(328)) - Lock on /opt/src/hadoop-ozone/integration-test/target/test-dir/MiniOzoneClusterImpl-03992a08-0158-43fa-8fa3-615e5cd36033/datanode-0/data/ratis/6b45cbd4-fdeb-4f98-8a2b-7334ada910cd/in_use.lock acquired by nodename 14982@ozone-cf6ld-438179620
2019-06-14 10:28:34,347 INFO  storage.RaftStorage (RaftStorage.java:format(75)) - Storage directory /opt/src/hadoop-ozone/integration-test/target/test-dir/MiniOzoneClusterImpl-03992a08-0158-43fa-8fa3-615e5cd36033/datanode-0/data/ratis/6b45cbd4-fdeb-4f98-8a2b-7334ada910cd has been successfully formatted.
2019-06-14 10:28:34,347 INFO  ratis.ContainerStateMachine (ContainerStateMachine.java:loadSnapshot(199)) - The snapshot info is null.Setting the last applied index to:(t:0, i:~)
2019-06-14 10:28:34,348 INFO  server.RaftServerConfigKeys (ConfUtils.java:logGet(43)) - raft.server.leader.election.timeout = 120s (custom)
2019-06-14 10:28:34,348 INFO  server.RaftServerConfigKeys (ConfUtils.java:logGet(43)) - raft.server.log.use.memory = false (default)
2019-06-14 10:28:34,348 INFO  server.RaftServerConfigKeys (ConfUtils.java:logGet(43)) - raft.server.log.appender.buffer.byte-limit = 33554432 (custom)
2019-06-14 10:28:34,348 INFO  server.RaftServerConfigKeys (ConfUtils.java:logGet(43)) - raft.server.log.segment.size.max = 16384 (custom)
2019-06-14 10:28:34,348 INFO  server.RaftServerConfigKeys (ConfUtils.java:logGet(43)) - raft.server.log.segment.cache.num.max = 2 (custom)
2019-06-14 10:28:34,348 INFO  storage.RaftLogWorker (RaftLogWorker.java:<init>(123)) - new 3f724bbd-d63c-4ef6-aa2a-655c2fd50fa1-RaftLogWorker for Storage Directory /opt/src/hadoop-ozone/integration-test/target/test-dir/MiniOzoneClusterImpl-03992a08-0158-43fa-8fa3-615e5cd36033/datanode-0/data/ratis/6b45cbd4-fdeb-4f98-8a2b-7334ada910cd
2019-06-14 10:28:34,348 INFO  server.RaftServerConfigKeys (ConfUtils.java:logGet(43)) - raft.server.log.queue.byte-limit = 2147483647 (custom)
2019-06-14 10:28:34,348 INFO  server.RaftServerConfigKeys (ConfUtils.java:logGet(43)) - raft.server.log.queue.element-limit = 1024 (custom)
2019-06-14 10:28:34,348 INFO  server.RaftServerConfigKeys (ConfUtils.java:logGet(43)) - raft.server.log.segment.size.max = 16384 (custom)
2019-06-14 10:28:34,348 INFO  server.RaftServerConfigKeys (ConfUtils.java:logGet(43)) - raft.server.log.preallocated.size = 16384 (custom)
2019-06-14 10:28:34,348 INFO  server.RaftServerConfigKeys (ConfUtils.java:logGet(43)) - raft.server.log.write.buffer.size = 33554432 (custom)
2019-06-14 10:28:34,349 INFO  server.RaftServerConfigKeys (ConfUtils.java:logGet(43)) - raft.server.log.force.sync.num = 128 (default)
2019-06-14 10:28:34,349 INFO  server.RaftServerConfigKeys (ConfUtils.java:logGet(43)) - raft.server.log.statemachine.data.sync = true (default)
2019-06-14 10:28:34,349 INFO  server.RaftServerConfigKeys (ConfUtils.java:logGet(43)) - raft.server.log.statemachine.data.sync.timeout = 10s (default)
2019-06-14 10:28:34,349 INFO  server.RaftServerConfigKeys (ConfUtils.java:logGet(43)) - raft.server.log.statemachine.data.sync.timeout.retry = -1 (default)
2019-06-14 10:28:34,349 INFO  server.RaftServerConfigKeys (ConfUtils.java:logGet(43)) - raft.server.log.statemachine.data.caching.enabled = true (custom)
2019-06-14 10:28:34,349 INFO  server.RaftServerConfigKeys (ConfUtils.java:logGet(43)) - raft.server.snapshot.auto.trigger.enabled = true (custom)
2019-06-14 10:28:34,349 INFO  server.RaftServerConfigKeys (ConfUtils.java:logGet(43)) - raft.server.snapshot.auto.trigger.threshold = 10000 (custom)
2019-06-14 10:28:34,350 INFO  server.RaftServerConfigKeys (ConfUtils.java:logGet(43)) - raft.server.retrycache.expirytime = 600000ms (custom)
2019-06-14 10:28:34,350 INFO  impl.RaftServerImpl (RaftServerImpl.java:start(173)) - 3f724bbd-d63c-4ef6-aa2a-655c2fd50fa1: start group-7334ADA910CD
2019-06-14 10:28:34,350 INFO  impl.RaftServerImpl (RaftServerImpl.java:setRole(164)) - 3f724bbd-d63c-4ef6-aa2a-655c2fd50fa1:group-7334ADA910CD changes role from null to FOLLOWER at term 0 for startAsFollower
2019-06-14 10:28:34,350 INFO  impl.RoleInfo (RoleInfo.java:updateAndGet(143)) - 3f724bbd-d63c-4ef6-aa2a-655c2fd50fa1: start FollowerState
2019-06-14 10:28:34,350 INFO  util.JmxRegister (JmxRegister.java:tryRegister(44)) - Successfully registered JMX Bean with object name Ratis:service=RaftServer,group=group-7334ADA910CD,id=3f724bbd-d63c-4ef6-aa2a-655c2fd50fa1
2019-06-14 10:28:34,352 INFO  pipeline.PipelineStateManager (PipelineStateManager.java:addPipeline(56)) - Created pipeline Pipeline[ Id: 6b45cbd4-fdeb-4f98-8a2b-7334ada910cd, Nodes: 3f724bbd-d63c-4ef6-aa2a-655c2fd50fa1{ip: 192.168.46.40, host: ozone-cf6ld-438179620, networkLocation: /default-rack, certSerialId: null}, Type:RATIS, Factor:ONE, State:OPEN]
2019-06-14 10:28:34,474 INFO  node.SCMNodeManager (SCMNodeManager.java:register(234)) - Registered Data node : b0aa3512-c9c4-47f5-8fca-680ed027fea5{ip: 192.168.46.40, host: ozone-cf6ld-438179620, networkLocation: /default-rack, certSerialId: null}
2019-06-14 10:28:34,479 INFO  impl.RaftServerProxy (RaftServerProxy.java:addNew(89)) - b0aa3512-c9c4-47f5-8fca-680ed027fea5: addNew group-E4EB4F6EDEBE:[b0aa3512-c9c4-47f5-8fca-680ed027fea5:192.168.46.40:43081] returns group-E4EB4F6EDEBE:java.util.concurrent.CompletableFuture@7bd4193a[Not completed]
2019-06-14 10:28:34,480 INFO  impl.RaftServerImpl (RaftServerImpl.java:<init>(91)) - b0aa3512-c9c4-47f5-8fca-680ed027fea5: new RaftServerImpl for group-E4EB4F6EDEBE:[b0aa3512-c9c4-47f5-8fca-680ed027fea5:192.168.46.40:43081] with ContainerStateMachine:uninitialized
2019-06-14 10:28:34,480 INFO  server.RaftServerConfigKeys (ConfUtils.java:logGet(43)) - raft.server.rpc.timeout.min = 1s (custom)
2019-06-14 10:28:34,480 INFO  server.RaftServerConfigKeys (ConfUtils.java:logGet(43)) - raft.server.rpc.timeout.max = 1200ms (custom)
2019-06-14 10:28:34,480 INFO  server.RaftServerConfigKeys (ConfUtils.java:logGet(43)) - raft.server.rpcslowness.timeout = 120s (custom)
2019-06-14 10:28:34,480 INFO  server.RaftServerConfigKeys (ConfUtils.java:logGet(43)) - raft.server.log.appender.install.snapshot.enabled = true (default)
2019-06-14 10:28:34,480 INFO  impl.RaftServerImpl (ServerState.java:<init>(101)) - b0aa3512-c9c4-47f5-8fca-680ed027fea5:group-E4EB4F6EDEBE ConfigurationManager, init=-1: [b0aa3512-c9c4-47f5-8fca-680ed027fea5:192.168.46.40:43081], old=null, confs=<EMPTY_MAP>
2019-06-14 10:28:34,480 INFO  server.RaftServerConfigKeys (ConfUtils.java:logGet(43)) - raft.server.storage.dir = [/opt/src/hadoop-ozone/integration-test/target/test-dir/MiniOzoneClusterImpl-03992a08-0158-43fa-8fa3-615e5cd36033/datanode-1/data/ratis] (custom)
2019-06-14 10:28:34,480 INFO  storage.RaftStorageDirectory (RaftStorageDirectory.java:analyzeStorage(246)) - The storage directory /opt/src/hadoop-ozone/integration-test/target/test-dir/MiniOzoneClusterImpl-03992a08-0158-43fa-8fa3-615e5cd36033/datanode-1/data/ratis/ddce84fc-89c0-4d84-a72a-e4eb4f6edebe does not exist. Creating ...
2019-06-14 10:28:34,482 INFO  storage.RaftStorageDirectory (RaftStorageDirectory.java:tryLock(328)) - Lock on /opt/src/hadoop-ozone/integration-test/target/test-dir/MiniOzoneClusterImpl-03992a08-0158-43fa-8fa3-615e5cd36033/datanode-1/data/ratis/ddce84fc-89c0-4d84-a72a-e4eb4f6edebe/in_use.lock acquired by nodename 14982@ozone-cf6ld-438179620
2019-06-14 10:28:34,484 INFO  storage.RaftStorage (RaftStorage.java:format(75)) - Storage directory /opt/src/hadoop-ozone/integration-test/target/test-dir/MiniOzoneClusterImpl-03992a08-0158-43fa-8fa3-615e5cd36033/datanode-1/data/ratis/ddce84fc-89c0-4d84-a72a-e4eb4f6edebe has been successfully formatted.
2019-06-14 10:28:34,484 INFO  ratis.ContainerStateMachine (ContainerStateMachine.java:loadSnapshot(199)) - The snapshot info is null.Setting the last applied index to:(t:0, i:~)
2019-06-14 10:28:34,485 INFO  server.RaftServerConfigKeys (ConfUtils.java:logGet(43)) - raft.server.leader.election.timeout = 120s (custom)
2019-06-14 10:28:34,485 INFO  server.RaftServerConfigKeys (ConfUtils.java:logGet(43)) - raft.server.log.use.memory = false (default)
2019-06-14 10:28:34,485 INFO  server.RaftServerConfigKeys (ConfUtils.java:logGet(43)) - raft.server.log.appender.buffer.byte-limit = 33554432 (custom)
2019-06-14 10:28:34,485 INFO  server.RaftServerConfigKeys (ConfUtils.java:logGet(43)) - raft.server.log.segment.size.max = 16384 (custom)
2019-06-14 10:28:34,485 INFO  server.RaftServerConfigKeys (ConfUtils.java:logGet(43)) - raft.server.log.segment.cache.num.max = 2 (custom)
2019-06-14 10:28:34,485 INFO  storage.RaftLogWorker (RaftLogWorker.java:<init>(123)) - new b0aa3512-c9c4-47f5-8fca-680ed027fea5-RaftLogWorker for Storage Directory /opt/src/hadoop-ozone/integration-test/target/test-dir/MiniOzoneClusterImpl-03992a08-0158-43fa-8fa3-615e5cd36033/datanode-1/data/ratis/ddce84fc-89c0-4d84-a72a-e4eb4f6edebe
2019-06-14 10:28:34,485 INFO  server.RaftServerConfigKeys (ConfUtils.java:logGet(43)) - raft.server.log.queue.byte-limit = 2147483647 (custom)
2019-06-14 10:28:34,485 INFO  server.RaftServerConfigKeys (ConfUtils.java:logGet(43)) - raft.server.log.queue.element-limit = 1024 (custom)
2019-06-14 10:28:34,485 INFO  server.RaftServerConfigKeys (ConfUtils.java:logGet(43)) - raft.server.log.segment.size.max = 16384 (custom)
2019-06-14 10:28:34,485 INFO  server.RaftServerConfigKeys (ConfUtils.java:logGet(43)) - raft.server.log.preallocated.size = 16384 (custom)
2019-06-14 10:28:34,485 INFO  server.RaftServerConfigKeys (ConfUtils.java:logGet(43)) - raft.server.log.write.buffer.size = 33554432 (custom)
2019-06-14 10:28:34,485 INFO  server.RaftServerConfigKeys (ConfUtils.java:logGet(43)) - raft.server.log.force.sync.num = 128 (default)
2019-06-14 10:28:34,485 INFO  server.RaftServerConfigKeys (ConfUtils.java:logGet(43)) - raft.server.log.statemachine.data.sync = true (default)
2019-06-14 10:28:34,485 INFO  server.RaftServerConfigKeys (ConfUtils.java:logGet(43)) - raft.server.log.statemachine.data.sync.timeout = 10s (default)
2019-06-14 10:28:34,485 INFO  server.RaftServerConfigKeys (ConfUtils.java:logGet(43)) - raft.server.log.statemachine.data.sync.timeout.retry = -1 (default)
2019-06-14 10:28:34,486 INFO  server.RaftServerConfigKeys (ConfUtils.java:logGet(43)) - raft.server.log.statemachine.data.caching.enabled = true (custom)
2019-06-14 10:28:34,486 INFO  server.RaftServerConfigKeys (ConfUtils.java:logGet(43)) - raft.server.snapshot.auto.trigger.enabled = true (custom)
2019-06-14 10:28:34,486 INFO  server.RaftServerConfigKeys (ConfUtils.java:logGet(43)) - raft.server.snapshot.auto.trigger.threshold = 10000 (custom)
2019-06-14 10:28:34,486 INFO  server.RaftServerConfigKeys (ConfUtils.java:logGet(43)) - raft.server.retrycache.expirytime = 600000ms (custom)
2019-06-14 10:28:34,486 INFO  impl.RaftServerImpl (RaftServerImpl.java:start(173)) - b0aa3512-c9c4-47f5-8fca-680ed027fea5: start group-E4EB4F6EDEBE
2019-06-14 10:28:34,486 INFO  impl.RaftServerImpl (RaftServerImpl.java:setRole(164)) - b0aa3512-c9c4-47f5-8fca-680ed027fea5:group-E4EB4F6EDEBE changes role from null to FOLLOWER at term 0 for startAsFollower
2019-06-14 10:28:34,486 INFO  impl.RoleInfo (RoleInfo.java:updateAndGet(143)) - b0aa3512-c9c4-47f5-8fca-680ed027fea5: start FollowerState
2019-06-14 10:28:34,486 INFO  util.JmxRegister (JmxRegister.java:tryRegister(44)) - Successfully registered JMX Bean with object name Ratis:service=RaftServer,group=group-E4EB4F6EDEBE,id=b0aa3512-c9c4-47f5-8fca-680ed027fea5
2019-06-14 10:28:34,487 INFO  pipeline.PipelineStateManager (PipelineStateManager.java:addPipeline(56)) - Created pipeline Pipeline[ Id: ddce84fc-89c0-4d84-a72a-e4eb4f6edebe, Nodes: b0aa3512-c9c4-47f5-8fca-680ed027fea5{ip: 192.168.46.40, host: ozone-cf6ld-438179620, networkLocation: /default-rack, certSerialId: null}, Type:RATIS, Factor:ONE, State:OPEN]
2019-06-14 10:28:34,618 INFO  node.SCMNodeManager (SCMNodeManager.java:register(234)) - Registered Data node : 3e94f7ad-f8b9-473d-b417-a18a228d116d{ip: 192.168.46.40, host: ozone-cf6ld-438179620, networkLocation: /default-rack, certSerialId: null}
2019-06-14 10:28:34,626 INFO  impl.RaftServerProxy (RaftServerProxy.java:addNew(89)) - 3e94f7ad-f8b9-473d-b417-a18a228d116d: addNew group-852EB5213E14:[3e94f7ad-f8b9-473d-b417-a18a228d116d:192.168.46.40:38747] returns group-852EB5213E14:java.util.concurrent.CompletableFuture@6c83a4be[Not completed]
2019-06-14 10:28:34,626 INFO  impl.RaftServerImpl (RaftServerImpl.java:<init>(91)) - 3e94f7ad-f8b9-473d-b417-a18a228d116d: new RaftServerImpl for group-852EB5213E14:[3e94f7ad-f8b9-473d-b417-a18a228d116d:192.168.46.40:38747] with ContainerStateMachine:uninitialized
2019-06-14 10:28:34,626 INFO  server.RaftServerConfigKeys (ConfUtils.java:logGet(43)) - raft.server.rpc.timeout.min = 1s (custom)
2019-06-14 10:28:34,626 INFO  server.RaftServerConfigKeys (ConfUtils.java:logGet(43)) - raft.server.rpc.timeout.max = 1200ms (custom)
2019-06-14 10:28:34,626 INFO  server.RaftServerConfigKeys (ConfUtils.java:logGet(43)) - raft.server.rpcslowness.timeout = 120s (custom)
2019-06-14 10:28:34,626 INFO  server.RaftServerConfigKeys (ConfUtils.java:logGet(43)) - raft.server.log.appender.install.snapshot.enabled = true (default)
2019-06-14 10:28:34,627 INFO  impl.RaftServerImpl (ServerState.java:<init>(101)) - 3e94f7ad-f8b9-473d-b417-a18a228d116d:group-852EB5213E14 ConfigurationManager, init=-1: [3e94f7ad-f8b9-473d-b417-a18a228d116d:192.168.46.40:38747], old=null, confs=<EMPTY_MAP>
2019-06-14 10:28:34,627 INFO  server.RaftServerConfigKeys (ConfUtils.java:logGet(43)) - raft.server.storage.dir = [/opt/src/hadoop-ozone/integration-test/target/test-dir/MiniOzoneClusterImpl-03992a08-0158-43fa-8fa3-615e5cd36033/datanode-2/data/ratis] (custom)
2019-06-14 10:28:34,627 INFO  storage.RaftStorageDirectory (RaftStorageDirectory.java:analyzeStorage(246)) - The storage directory /opt/src/hadoop-ozone/integration-test/target/test-dir/MiniOzoneClusterImpl-03992a08-0158-43fa-8fa3-615e5cd36033/datanode-2/data/ratis/de0339ac-8139-4db3-9039-852eb5213e14 does not exist. Creating ...
2019-06-14 10:28:34,629 INFO  storage.RaftStorageDirectory (RaftStorageDirectory.java:tryLock(328)) - Lock on /opt/src/hadoop-ozone/integration-test/target/test-dir/MiniOzoneClusterImpl-03992a08-0158-43fa-8fa3-615e5cd36033/datanode-2/data/ratis/de0339ac-8139-4db3-9039-852eb5213e14/in_use.lock acquired by nodename 14982@ozone-cf6ld-438179620
2019-06-14 10:28:34,631 INFO  storage.RaftStorage (RaftStorage.java:format(75)) - Storage directory /opt/src/hadoop-ozone/integration-test/target/test-dir/MiniOzoneClusterImpl-03992a08-0158-43fa-8fa3-615e5cd36033/datanode-2/data/ratis/de0339ac-8139-4db3-9039-852eb5213e14 has been successfully formatted.
2019-06-14 10:28:34,631 INFO  ratis.ContainerStateMachine (ContainerStateMachine.java:loadSnapshot(199)) - The snapshot info is null.Setting the last applied index to:(t:0, i:~)
2019-06-14 10:28:34,631 INFO  server.RaftServerConfigKeys (ConfUtils.java:logGet(43)) - raft.server.leader.election.timeout = 120s (custom)
2019-06-14 10:28:34,631 INFO  server.RaftServerConfigKeys (ConfUtils.java:logGet(43)) - raft.server.log.use.memory = false (default)
2019-06-14 10:28:34,631 INFO  server.RaftServerConfigKeys (ConfUtils.java:logGet(43)) - raft.server.log.appender.buffer.byte-limit = 33554432 (custom)
2019-06-14 10:28:34,631 INFO  server.RaftServerConfigKeys (ConfUtils.java:logGet(43)) - raft.server.log.segment.size.max = 16384 (custom)
2019-06-14 10:28:34,631 INFO  server.RaftServerConfigKeys (ConfUtils.java:logGet(43)) - raft.server.log.segment.cache.num.max = 2 (custom)
2019-06-14 10:28:34,631 INFO  storage.RaftLogWorker (RaftLogWorker.java:<init>(123)) - new 3e94f7ad-f8b9-473d-b417-a18a228d116d-RaftLogWorker for Storage Directory /opt/src/hadoop-ozone/integration-test/target/test-dir/MiniOzoneClusterImpl-03992a08-0158-43fa-8fa3-615e5cd36033/datanode-2/data/ratis/de0339ac-8139-4db3-9039-852eb5213e14
2019-06-14 10:28:34,632 INFO  server.RaftServerConfigKeys (ConfUtils.java:logGet(43)) - raft.server.log.queue.byte-limit = 2147483647 (custom)
2019-06-14 10:28:34,632 INFO  server.RaftServerConfigKeys (ConfUtils.java:logGet(43)) - raft.server.log.queue.element-limit = 1024 (custom)
2019-06-14 10:28:34,632 INFO  server.RaftServerConfigKeys (ConfUtils.java:logGet(43)) - raft.server.log.segment.size.max = 16384 (custom)
2019-06-14 10:28:34,632 INFO  server.RaftServerConfigKeys (ConfUtils.java:logGet(43)) - raft.server.log.preallocated.size = 16384 (custom)
2019-06-14 10:28:34,632 INFO  server.RaftServerConfigKeys (ConfUtils.java:logGet(43)) - raft.server.log.write.buffer.size = 33554432 (custom)
2019-06-14 10:28:34,632 INFO  server.RaftServerConfigKeys (ConfUtils.java:logGet(43)) - raft.server.log.force.sync.num = 128 (default)
2019-06-14 10:28:34,632 INFO  server.RaftServerConfigKeys (ConfUtils.java:logGet(43)) - raft.server.log.statemachine.data.sync = true (default)
2019-06-14 10:28:34,632 INFO  server.RaftServerConfigKeys (ConfUtils.java:logGet(43)) - raft.server.log.statemachine.data.sync.timeout = 10s (default)
2019-06-14 10:28:34,632 INFO  server.RaftServerConfigKeys (ConfUtils.java:logGet(43)) - raft.server.log.statemachine.data.sync.timeout.retry = -1 (default)
2019-06-14 10:28:34,632 INFO  server.RaftServerConfigKeys (ConfUtils.java:logGet(43)) - raft.server.log.statemachine.data.caching.enabled = true (custom)
2019-06-14 10:28:34,632 INFO  server.RaftServerConfigKeys (ConfUtils.java:logGet(43)) - raft.server.snapshot.auto.trigger.enabled = true (custom)
2019-06-14 10:28:34,632 INFO  server.RaftServerConfigKeys (ConfUtils.java:logGet(43)) - raft.server.snapshot.auto.trigger.threshold = 10000 (custom)
2019-06-14 10:28:34,633 INFO  server.RaftServerConfigKeys (ConfUtils.java:logGet(43)) - raft.server.retrycache.expirytime = 600000ms (custom)
2019-06-14 10:28:34,633 INFO  impl.RaftServerImpl (RaftServerImpl.java:start(173)) - 3e94f7ad-f8b9-473d-b417-a18a228d116d: start group-852EB5213E14
2019-06-14 10:28:34,633 INFO  impl.RaftServerImpl (RaftServerImpl.java:setRole(164)) - 3e94f7ad-f8b9-473d-b417-a18a228d116d:group-852EB5213E14 changes role from null to FOLLOWER at term 0 for startAsFollower
2019-06-14 10:28:34,633 INFO  impl.RoleInfo (RoleInfo.java:updateAndGet(143)) - 3e94f7ad-f8b9-473d-b417-a18a228d116d: start FollowerState
2019-06-14 10:28:34,633 INFO  util.JmxRegister (JmxRegister.java:tryRegister(44)) - Successfully registered JMX Bean with object name Ratis:service=RaftServer,group=group-852EB5213E14,id=3e94f7ad-f8b9-473d-b417-a18a228d116d
2019-06-14 10:28:34,634 INFO  pipeline.PipelineStateManager (PipelineStateManager.java:addPipeline(56)) - Created pipeline Pipeline[ Id: de0339ac-8139-4db3-9039-852eb5213e14, Nodes: 3e94f7ad-f8b9-473d-b417-a18a228d116d{ip: 192.168.46.40, host: ozone-cf6ld-438179620, networkLocation: /default-rack, certSerialId: null}, Type:RATIS, Factor:ONE, State:OPEN]
2019-06-14 10:28:34,643 INFO  impl.RaftServerProxy (RaftServerProxy.java:addNew(89)) - 3f724bbd-d63c-4ef6-aa2a-655c2fd50fa1: addNew group-E9B621366AF0:[3f724bbd-d63c-4ef6-aa2a-655c2fd50fa1:192.168.46.40:41431, 3e94f7ad-f8b9-473d-b417-a18a228d116d:192.168.46.40:38747, b0aa3512-c9c4-47f5-8fca-680ed027fea5:192.168.46.40:43081] returns group-E9B621366AF0:java.util.concurrent.CompletableFuture@5847b9a5[Not completed]
2019-06-14 10:28:34,643 INFO  impl.RaftServerProxy (RaftServerProxy.java:addNew(89)) - b0aa3512-c9c4-47f5-8fca-680ed027fea5: addNew group-E9B621366AF0:[3f724bbd-d63c-4ef6-aa2a-655c2fd50fa1:192.168.46.40:41431, 3e94f7ad-f8b9-473d-b417-a18a228d116d:192.168.46.40:38747, b0aa3512-c9c4-47f5-8fca-680ed027fea5:192.168.46.40:43081] returns group-E9B621366AF0:java.util.concurrent.CompletableFuture@1c47d8fc[Not completed]
2019-06-14 10:28:34,643 INFO  impl.RaftServerImpl (RaftServerImpl.java:<init>(91)) - b0aa3512-c9c4-47f5-8fca-680ed027fea5: new RaftServerImpl for group-E9B621366AF0:[3f724bbd-d63c-4ef6-aa2a-655c2fd50fa1:192.168.46.40:41431, 3e94f7ad-f8b9-473d-b417-a18a228d116d:192.168.46.40:38747, b0aa3512-c9c4-47f5-8fca-680ed027fea5:192.168.46.40:43081] with ContainerStateMachine:uninitialized
2019-06-14 10:28:34,644 INFO  server.RaftServerConfigKeys (ConfUtils.java:logGet(43)) - raft.server.rpc.timeout.min = 1s (custom)
2019-06-14 10:28:34,644 INFO  server.RaftServerConfigKeys (ConfUtils.java:logGet(43)) - raft.server.rpc.timeout.max = 1200ms (custom)
2019-06-14 10:28:34,644 INFO  impl.RaftServerProxy (RaftServerProxy.java:addNew(89)) - 3e94f7ad-f8b9-473d-b417-a18a228d116d: addNew group-E9B621366AF0:[3f724bbd-d63c-4ef6-aa2a-655c2fd50fa1:192.168.46.40:41431, 3e94f7ad-f8b9-473d-b417-a18a228d116d:192.168.46.40:38747, b0aa3512-c9c4-47f5-8fca-680ed027fea5:192.168.46.40:43081] returns group-E9B621366AF0:java.util.concurrent.CompletableFuture@3dd523f1[Not completed]
2019-06-14 10:28:34,644 INFO  impl.RaftServerImpl (RaftServerImpl.java:<init>(91)) - 3f724bbd-d63c-4ef6-aa2a-655c2fd50fa1: new RaftServerImpl for group-E9B621366AF0:[3f724bbd-d63c-4ef6-aa2a-655c2fd50fa1:192.168.46.40:41431, 3e94f7ad-f8b9-473d-b417-a18a228d116d:192.168.46.40:38747, b0aa3512-c9c4-47f5-8fca-680ed027fea5:192.168.46.40:43081] with ContainerStateMachine:uninitialized
2019-06-14 10:28:34,644 INFO  server.RaftServerConfigKeys (ConfUtils.java:logGet(43)) - raft.server.rpcslowness.timeout = 120s (custom)
2019-06-14 10:28:34,644 INFO  server.RaftServerConfigKeys (ConfUtils.java:logGet(43)) - raft.server.log.appender.install.snapshot.enabled = true (default)
2019-06-14 10:28:34,644 INFO  server.RaftServerConfigKeys (ConfUtils.java:logGet(43)) - raft.server.rpc.timeout.min = 1s (custom)
2019-06-14 10:28:34,644 INFO  impl.RaftServerImpl (RaftServerImpl.java:<init>(91)) - 3e94f7ad-f8b9-473d-b417-a18a228d116d: new RaftServerImpl for group-E9B621366AF0:[3f724bbd-d63c-4ef6-aa2a-655c2fd50fa1:192.168.46.40:41431, 3e94f7ad-f8b9-473d-b417-a18a228d116d:192.168.46.40:38747, b0aa3512-c9c4-47f5-8fca-680ed027fea5:192.168.46.40:43081] with ContainerStateMachine:uninitialized
2019-06-14 10:28:34,644 INFO  impl.RaftServerImpl (ServerState.java:<init>(101)) - b0aa3512-c9c4-47f5-8fca-680ed027fea5:group-E9B621366AF0 ConfigurationManager, init=-1: [3f724bbd-d63c-4ef6-aa2a-655c2fd50fa1:192.168.46.40:41431, 3e94f7ad-f8b9-473d-b417-a18a228d116d:192.168.46.40:38747, b0aa3512-c9c4-47f5-8fca-680ed027fea5:192.168.46.40:43081], old=null, confs=<EMPTY_MAP>
2019-06-14 10:28:34,644 INFO  server.RaftServerConfigKeys (ConfUtils.java:logGet(43)) - raft.server.storage.dir = [/opt/src/hadoop-ozone/integration-test/target/test-dir/MiniOzoneClusterImpl-03992a08-0158-43fa-8fa3-615e5cd36033/datanode-1/data/ratis] (custom)
2019-06-14 10:28:34,644 INFO  server.RaftServerConfigKeys (ConfUtils.java:logGet(43)) - raft.server.rpc.timeout.min = 1s (custom)
2019-06-14 10:28:34,644 INFO  server.RaftServerConfigKeys (ConfUtils.java:logGet(43)) - raft.server.rpc.timeout.max = 1200ms (custom)
2019-06-14 10:28:34,645 INFO  server.RaftServerConfigKeys (ConfUtils.java:logGet(43)) - raft.server.rpcslowness.timeout = 120s (custom)
2019-06-14 10:28:34,645 INFO  storage.RaftStorageDirectory (RaftStorageDirectory.java:analyzeStorage(246)) - The storage directory /opt/src/hadoop-ozone/integration-test/target/test-dir/MiniOzoneClusterImpl-03992a08-0158-43fa-8fa3-615e5cd36033/datanode-1/data/ratis/2be980ba-d86e-45e3-a17d-e9b621366af0 does not exist. Creating ...
2019-06-14 10:28:34,645 INFO  server.RaftServerConfigKeys (ConfUtils.java:logGet(43)) - raft.server.rpc.timeout.max = 1200ms (custom)
2019-06-14 10:28:34,645 INFO  server.RaftServerConfigKeys (ConfUtils.java:logGet(43)) - raft.server.log.appender.install.snapshot.enabled = true (default)
2019-06-14 10:28:34,645 INFO  server.RaftServerConfigKeys (ConfUtils.java:logGet(43)) - raft.server.rpcslowness.timeout = 120s (custom)
2019-06-14 10:28:34,645 INFO  impl.RaftServerImpl (ServerState.java:<init>(101)) - 3f724bbd-d63c-4ef6-aa2a-655c2fd50fa1:group-E9B621366AF0 ConfigurationManager, init=-1: [3f724bbd-d63c-4ef6-aa2a-655c2fd50fa1:192.168.46.40:41431, 3e94f7ad-f8b9-473d-b417-a18a228d116d:192.168.46.40:38747, b0aa3512-c9c4-47f5-8fca-680ed027fea5:192.168.46.40:43081], old=null, confs=<EMPTY_MAP>
2019-06-14 10:28:34,645 INFO  server.RaftServerConfigKeys (ConfUtils.java:logGet(43)) - raft.server.log.appender.install.snapshot.enabled = true (default)
2019-06-14 10:28:34,645 INFO  server.RaftServerConfigKeys (ConfUtils.java:logGet(43)) - raft.server.storage.dir = [/opt/src/hadoop-ozone/integration-test/target/test-dir/MiniOzoneClusterImpl-03992a08-0158-43fa-8fa3-615e5cd36033/datanode-0/data/ratis] (custom)
2019-06-14 10:28:34,645 INFO  impl.RaftServerImpl (ServerState.java:<init>(101)) - 3e94f7ad-f8b9-473d-b417-a18a228d116d:group-E9B621366AF0 ConfigurationManager, init=-1: [3f724bbd-d63c-4ef6-aa2a-655c2fd50fa1:192.168.46.40:41431, 3e94f7ad-f8b9-473d-b417-a18a228d116d:192.168.46.40:38747, b0aa3512-c9c4-47f5-8fca-680ed027fea5:192.168.46.40:43081], old=null, confs=<EMPTY_MAP>
2019-06-14 10:28:34,645 INFO  server.RaftServerConfigKeys (ConfUtils.java:logGet(43)) - raft.server.storage.dir = [/opt/src/hadoop-ozone/integration-test/target/test-dir/MiniOzoneClusterImpl-03992a08-0158-43fa-8fa3-615e5cd36033/datanode-2/data/ratis] (custom)
2019-06-14 10:28:34,645 INFO  storage.RaftStorageDirectory (RaftStorageDirectory.java:analyzeStorage(246)) - The storage directory /opt/src/hadoop-ozone/integration-test/target/test-dir/MiniOzoneClusterImpl-03992a08-0158-43fa-8fa3-615e5cd36033/datanode-0/data/ratis/2be980ba-d86e-45e3-a17d-e9b621366af0 does not exist. Creating ...
2019-06-14 10:28:34,646 INFO  storage.RaftStorageDirectory (RaftStorageDirectory.java:analyzeStorage(246)) - The storage directory /opt/src/hadoop-ozone/integration-test/target/test-dir/MiniOzoneClusterImpl-03992a08-0158-43fa-8fa3-615e5cd36033/datanode-2/data/ratis/2be980ba-d86e-45e3-a17d-e9b621366af0 does not exist. Creating ...
2019-06-14 10:28:34,647 INFO  storage.RaftStorageDirectory (RaftStorageDirectory.java:tryLock(328)) - Lock on /opt/src/hadoop-ozone/integration-test/target/test-dir/MiniOzoneClusterImpl-03992a08-0158-43fa-8fa3-615e5cd36033/datanode-1/data/ratis/2be980ba-d86e-45e3-a17d-e9b621366af0/in_use.lock acquired by nodename 14982@ozone-cf6ld-438179620
2019-06-14 10:28:34,648 INFO  storage.RaftStorageDirectory (RaftStorageDirectory.java:tryLock(328)) - Lock on /opt/src/hadoop-ozone/integration-test/target/test-dir/MiniOzoneClusterImpl-03992a08-0158-43fa-8fa3-615e5cd36033/datanode-2/data/ratis/2be980ba-d86e-45e3-a17d-e9b621366af0/in_use.lock acquired by nodename 14982@ozone-cf6ld-438179620
2019-06-14 10:28:34,648 INFO  storage.RaftStorageDirectory (RaftStorageDirectory.java:tryLock(328)) - Lock on /opt/src/hadoop-ozone/integration-test/target/test-dir/MiniOzoneClusterImpl-03992a08-0158-43fa-8fa3-615e5cd36033/datanode-0/data/ratis/2be980ba-d86e-45e3-a17d-e9b621366af0/in_use.lock acquired by nodename 14982@ozone-cf6ld-438179620
2019-06-14 10:28:34,650 INFO  storage.RaftStorage (RaftStorage.java:format(75)) - Storage directory /opt/src/hadoop-ozone/integration-test/target/test-dir/MiniOzoneClusterImpl-03992a08-0158-43fa-8fa3-615e5cd36033/datanode-2/data/ratis/2be980ba-d86e-45e3-a17d-e9b621366af0 has been successfully formatted.
2019-06-14 10:28:34,650 INFO  storage.RaftStorage (RaftStorage.java:format(75)) - Storage directory /opt/src/hadoop-ozone/integration-test/target/test-dir/MiniOzoneClusterImpl-03992a08-0158-43fa-8fa3-615e5cd36033/datanode-1/data/ratis/2be980ba-d86e-45e3-a17d-e9b621366af0 has been successfully formatted.
2019-06-14 10:28:34,650 INFO  ratis.ContainerStateMachine (ContainerStateMachine.java:loadSnapshot(199)) - The snapshot info is null.Setting the last applied index to:(t:0, i:~)
2019-06-14 10:28:34,650 INFO  ratis.ContainerStateMachine (ContainerStateMachine.java:loadSnapshot(199)) - The snapshot info is null.Setting the last applied index to:(t:0, i:~)
2019-06-14 10:28:34,650 INFO  server.RaftServerConfigKeys (ConfUtils.java:logGet(43)) - raft.server.leader.election.timeout = 120s (custom)
2019-06-14 10:28:34,650 INFO  server.RaftServerConfigKeys (ConfUtils.java:logGet(43)) - raft.server.leader.election.timeout = 120s (custom)
2019-06-14 10:28:34,650 INFO  server.RaftServerConfigKeys (ConfUtils.java:logGet(43)) - raft.server.log.use.memory = false (default)
2019-06-14 10:28:34,650 INFO  server.RaftServerConfigKeys (ConfUtils.java:logGet(43)) - raft.server.log.use.memory = false (default)
2019-06-14 10:28:34,650 INFO  server.RaftServerConfigKeys (ConfUtils.java:logGet(43)) - raft.server.log.appender.buffer.byte-limit = 33554432 (custom)
2019-06-14 10:28:34,650 INFO  server.RaftServerConfigKeys (ConfUtils.java:logGet(43)) - raft.server.log.appender.buffer.byte-limit = 33554432 (custom)
2019-06-14 10:28:34,650 INFO  server.RaftServerConfigKeys (ConfUtils.java:logGet(43)) - raft.server.log.segment.size.max = 16384 (custom)
2019-06-14 10:28:34,650 INFO  server.RaftServerConfigKeys (ConfUtils.java:logGet(43)) - raft.server.log.segment.size.max = 16384 (custom)
2019-06-14 10:28:34,651 INFO  server.RaftServerConfigKeys (ConfUtils.java:logGet(43)) - raft.server.log.segment.cache.num.max = 2 (custom)
2019-06-14 10:28:34,651 INFO  server.RaftServerConfigKeys (ConfUtils.java:logGet(43)) - raft.server.log.segment.cache.num.max = 2 (custom)
2019-06-14 10:28:34,651 INFO  storage.RaftLogWorker (RaftLogWorker.java:<init>(123)) - new b0aa3512-c9c4-47f5-8fca-680ed027fea5-RaftLogWorker for Storage Directory /opt/src/hadoop-ozone/integration-test/target/test-dir/MiniOzoneClusterImpl-03992a08-0158-43fa-8fa3-615e5cd36033/datanode-1/data/ratis/2be980ba-d86e-45e3-a17d-e9b621366af0
2019-06-14 10:28:34,651 INFO  storage.RaftStorage (RaftStorage.java:format(75)) - Storage directory /opt/src/hadoop-ozone/integration-test/target/test-dir/MiniOzoneClusterImpl-03992a08-0158-43fa-8fa3-615e5cd36033/datanode-0/data/ratis/2be980ba-d86e-45e3-a17d-e9b621366af0 has been successfully formatted.
2019-06-14 10:28:34,651 INFO  server.RaftServerConfigKeys (ConfUtils.java:logGet(43)) - raft.server.log.queue.byte-limit = 2147483647 (custom)
2019-06-14 10:28:34,651 INFO  storage.RaftLogWorker (RaftLogWorker.java:<init>(123)) - new 3e94f7ad-f8b9-473d-b417-a18a228d116d-RaftLogWorker for Storage Directory /opt/src/hadoop-ozone/integration-test/target/test-dir/MiniOzoneClusterImpl-03992a08-0158-43fa-8fa3-615e5cd36033/datanode-2/data/ratis/2be980ba-d86e-45e3-a17d-e9b621366af0
2019-06-14 10:28:34,651 INFO  ratis.ContainerStateMachine (ContainerStateMachine.java:loadSnapshot(199)) - The snapshot info is null.Setting the last applied index to:(t:0, i:~)
2019-06-14 10:28:34,651 INFO  server.RaftServerConfigKeys (ConfUtils.java:logGet(43)) - raft.server.log.queue.element-limit = 1024 (custom)
2019-06-14 10:28:34,651 INFO  server.RaftServerConfigKeys (ConfUtils.java:logGet(43)) - raft.server.leader.election.timeout = 120s (custom)
2019-06-14 10:28:34,651 INFO  server.RaftServerConfigKeys (ConfUtils.java:logGet(43)) - raft.server.log.queue.byte-limit = 2147483647 (custom)
2019-06-14 10:28:34,651 INFO  server.RaftServerConfigKeys (ConfUtils.java:logGet(43)) - raft.server.log.queue.element-limit = 1024 (custom)
2019-06-14 10:28:34,651 INFO  server.RaftServerConfigKeys (ConfUtils.java:logGet(43)) - raft.server.log.use.memory = false (default)
2019-06-14 10:28:34,651 INFO  server.RaftServerConfigKeys (ConfUtils.java:logGet(43)) - raft.server.log.segment.size.max = 16384 (custom)
2019-06-14 10:28:34,652 INFO  server.RaftServerConfigKeys (ConfUtils.java:logGet(43)) - raft.server.log.appender.buffer.byte-limit = 33554432 (custom)
2019-06-14 10:28:34,651 INFO  server.RaftServerConfigKeys (ConfUtils.java:logGet(43)) - raft.server.log.segment.size.max = 16384 (custom)
2019-06-14 10:28:34,652 INFO  server.RaftServerConfigKeys (ConfUtils.java:logGet(43)) - raft.server.log.segment.size.max = 16384 (custom)
2019-06-14 10:28:34,652 INFO  server.RaftServerConfigKeys (ConfUtils.java:logGet(43)) - raft.server.log.preallocated.size = 16384 (custom)
2019-06-14 10:28:34,652 INFO  server.RaftServerConfigKeys (ConfUtils.java:logGet(43)) - raft.server.log.write.buffer.size = 33554432 (custom)
2019-06-14 10:28:34,652 INFO  server.RaftServerConfigKeys (ConfUtils.java:logGet(43)) - raft.server.log.force.sync.num = 128 (default)
2019-06-14 10:28:34,652 INFO  server.RaftServerConfigKeys (ConfUtils.java:logGet(43)) - raft.server.log.segment.cache.num.max = 2 (custom)
2019-06-14 10:28:34,652 INFO  server.RaftServerConfigKeys (ConfUtils.java:logGet(43)) - raft.server.log.preallocated.size = 16384 (custom)
2019-06-14 10:28:34,652 INFO  storage.RaftLogWorker (RaftLogWorker.java:<init>(123)) - new 3f724bbd-d63c-4ef6-aa2a-655c2fd50fa1-RaftLogWorker for Storage Directory /opt/src/hadoop-ozone/integration-test/target/test-dir/MiniOzoneClusterImpl-03992a08-0158-43fa-8fa3-615e5cd36033/datanode-0/data/ratis/2be980ba-d86e-45e3-a17d-e9b621366af0
2019-06-14 10:28:34,652 INFO  server.RaftServerConfigKeys (ConfUtils.java:logGet(43)) - raft.server.log.statemachine.data.sync = true (default)
2019-06-14 10:28:34,652 INFO  server.RaftServerConfigKeys (ConfUtils.java:logGet(43)) - raft.server.log.queue.byte-limit = 2147483647 (custom)
2019-06-14 10:28:34,652 INFO  server.RaftServerConfigKeys (ConfUtils.java:logGet(43)) - raft.server.log.write.buffer.size = 33554432 (custom)
2019-06-14 10:28:34,652 INFO  server.RaftServerConfigKeys (ConfUtils.java:logGet(43)) - raft.server.log.queue.element-limit = 1024 (custom)
2019-06-14 10:28:34,652 INFO  server.RaftServerConfigKeys (ConfUtils.java:logGet(43)) - raft.server.log.statemachine.data.sync.timeout = 10s (default)
2019-06-14 10:28:34,653 INFO  server.RaftServerConfigKeys (ConfUtils.java:logGet(43)) - raft.server.log.segment.size.max = 16384 (custom)
2019-06-14 10:28:34,653 INFO  server.RaftServerConfigKeys (ConfUtils.java:logGet(43)) - raft.server.log.force.sync.num = 128 (default)
2019-06-14 10:28:34,653 INFO  server.RaftServerConfigKeys (ConfUtils.java:logGet(43)) - raft.server.log.preallocated.size = 16384 (custom)
2019-06-14 10:28:34,653 INFO  server.RaftServerConfigKeys (ConfUtils.java:logGet(43)) - raft.server.log.statemachine.data.sync.timeout.retry = -1 (default)
2019-06-14 10:28:34,653 INFO  server.RaftServerConfigKeys (ConfUtils.java:logGet(43)) - raft.server.log.write.buffer.size = 33554432 (custom)
2019-06-14 10:28:34,653 INFO  server.RaftServerConfigKeys (ConfUtils.java:logGet(43)) - raft.server.log.statemachine.data.sync = true (default)
2019-06-14 10:28:34,653 INFO  server.RaftServerConfigKeys (ConfUtils.java:logGet(43)) - raft.server.log.force.sync.num = 128 (default)
2019-06-14 10:28:34,653 INFO  server.RaftServerConfigKeys (ConfUtils.java:logGet(43)) - raft.server.log.statemachine.data.caching.enabled = true (custom)
2019-06-14 10:28:34,653 INFO  server.RaftServerConfigKeys (ConfUtils.java:logGet(43)) - raft.server.log.statemachine.data.sync = true (default)
2019-06-14 10:28:34,653 INFO  server.RaftServerConfigKeys (ConfUtils.java:logGet(43)) - raft.server.log.statemachine.data.sync.timeout = 10s (default)
2019-06-14 10:28:34,654 INFO  server.RaftServerConfigKeys (ConfUtils.java:logGet(43)) - raft.server.log.statemachine.data.sync.timeout = 10s (default)
2019-06-14 10:28:34,654 INFO  server.RaftServerConfigKeys (ConfUtils.java:logGet(43)) - raft.server.log.statemachine.data.sync.timeout.retry = -1 (default)
2019-06-14 10:28:34,654 INFO  server.RaftServerConfigKeys (ConfUtils.java:logGet(43)) - raft.server.log.statemachine.data.sync.timeout.retry = -1 (default)
2019-06-14 10:28:34,654 INFO  server.RaftServerConfigKeys (ConfUtils.java:logGet(43)) - raft.server.snapshot.auto.trigger.enabled = true (custom)
2019-06-14 10:28:34,654 INFO  server.RaftServerConfigKeys (ConfUtils.java:logGet(43)) - raft.server.snapshot.auto.trigger.threshold = 10000 (custom)
2019-06-14 10:28:34,654 INFO  server.RaftServerConfigKeys (ConfUtils.java:logGet(43)) - raft.server.log.statemachine.data.caching.enabled = true (custom)
2019-06-14 10:28:34,654 INFO  server.RaftServerConfigKeys (ConfUtils.java:logGet(43)) - raft.server.log.statemachine.data.caching.enabled = true (custom)
2019-06-14 10:28:34,654 INFO  server.RaftServerConfigKeys (ConfUtils.java:logGet(43)) - raft.server.retrycache.expirytime = 600000ms (custom)
2019-06-14 10:28:34,654 INFO  impl.RaftServerImpl (RaftServerImpl.java:start(173)) - b0aa3512-c9c4-47f5-8fca-680ed027fea5: start group-E9B621366AF0
2019-06-14 10:28:34,655 INFO  impl.RaftServerImpl (RaftServerImpl.java:setRole(164)) - b0aa3512-c9c4-47f5-8fca-680ed027fea5:group-E9B621366AF0 changes role from null to FOLLOWER at term 0 for startAsFollower
2019-06-14 10:28:34,655 INFO  impl.RoleInfo (RoleInfo.java:updateAndGet(143)) - b0aa3512-c9c4-47f5-8fca-680ed027fea5: start FollowerState
2019-06-14 10:28:34,655 INFO  server.RaftServerConfigKeys (ConfUtils.java:logGet(43)) - raft.server.snapshot.auto.trigger.enabled = true (custom)
2019-06-14 10:28:34,655 INFO  server.RaftServerConfigKeys (ConfUtils.java:logGet(43)) - raft.server.snapshot.auto.trigger.threshold = 10000 (custom)
2019-06-14 10:28:34,655 INFO  server.RaftServerConfigKeys (ConfUtils.java:logGet(43)) - raft.server.snapshot.auto.trigger.enabled = true (custom)
2019-06-14 10:28:34,655 INFO  server.RaftServerConfigKeys (ConfUtils.java:logGet(43)) - raft.server.snapshot.auto.trigger.threshold = 10000 (custom)
2019-06-14 10:28:34,655 INFO  server.RaftServerConfigKeys (ConfUtils.java:logGet(43)) - raft.server.retrycache.expirytime = 600000ms (custom)
2019-06-14 10:28:34,655 INFO  server.RaftServerConfigKeys (ConfUtils.java:logGet(43)) - raft.server.retrycache.expirytime = 600000ms (custom)
2019-06-14 10:28:34,655 INFO  util.JmxRegister (JmxRegister.java:tryRegister(44)) - Successfully registered JMX Bean with object name Ratis:service=RaftServer,group=group-E9B621366AF0,id=b0aa3512-c9c4-47f5-8fca-680ed027fea5
2019-06-14 10:28:34,656 INFO  impl.RaftServerImpl (RaftServerImpl.java:start(173)) - 3e94f7ad-f8b9-473d-b417-a18a228d116d: start group-E9B621366AF0
2019-06-14 10:28:34,656 INFO  impl.RaftServerImpl (RaftServerImpl.java:setRole(164)) - 3e94f7ad-f8b9-473d-b417-a18a228d116d:group-E9B621366AF0 changes role from null to FOLLOWER at term 0 for startAsFollower
2019-06-14 10:28:34,656 INFO  impl.RaftServerImpl (RaftServerImpl.java:start(173)) - 3f724bbd-d63c-4ef6-aa2a-655c2fd50fa1: start group-E9B621366AF0
2019-06-14 10:28:34,656 INFO  impl.RaftServerImpl (RaftServerImpl.java:setRole(164)) - 3f724bbd-d63c-4ef6-aa2a-655c2fd50fa1:group-E9B621366AF0 changes role from null to FOLLOWER at term 0 for startAsFollower
2019-06-14 10:28:34,656 INFO  impl.RoleInfo (RoleInfo.java:updateAndGet(143)) - 3f724bbd-d63c-4ef6-aa2a-655c2fd50fa1: start FollowerState
2019-06-14 10:28:34,656 INFO  util.JmxRegister (JmxRegister.java:tryRegister(44)) - Successfully registered JMX Bean with object name Ratis:service=RaftServer,group=group-E9B621366AF0,id=3f724bbd-d63c-4ef6-aa2a-655c2fd50fa1
2019-06-14 10:28:34,657 INFO  impl.RoleInfo (RoleInfo.java:updateAndGet(143)) - 3e94f7ad-f8b9-473d-b417-a18a228d116d: start FollowerState
2019-06-14 10:28:34,657 INFO  util.JmxRegister (JmxRegister.java:tryRegister(44)) - Successfully registered JMX Bean with object name Ratis:service=RaftServer,group=group-E9B621366AF0,id=3e94f7ad-f8b9-473d-b417-a18a228d116d
2019-06-14 10:28:34,660 INFO  pipeline.PipelineStateManager (PipelineStateManager.java:addPipeline(56)) - Created pipeline Pipeline[ Id: 2be980ba-d86e-45e3-a17d-e9b621366af0, Nodes: 3e94f7ad-f8b9-473d-b417-a18a228d116d{ip: 192.168.46.40, host: ozone-cf6ld-438179620, networkLocation: /default-rack, certSerialId: null}3f724bbd-d63c-4ef6-aa2a-655c2fd50fa1{ip: 192.168.46.40, host: ozone-cf6ld-438179620, networkLocation: /default-rack, certSerialId: null}b0aa3512-c9c4-47f5-8fca-680ed027fea5{ip: 192.168.46.40, host: ozone-cf6ld-438179620, networkLocation: /default-rack, certSerialId: null}, Type:RATIS, Factor:THREE, State:OPEN]
2019-06-14 10:28:34,758 INFO  node.SCMNodeManager (SCMNodeManager.java:register(234)) - Registered Data node : 33efc1b5-c38d-44ff-b22e-2cf6345186ab{ip: 192.168.46.40, host: ozone-cf6ld-438179620, networkLocation: /default-rack, certSerialId: null}
2019-06-14 10:28:34,762 INFO  impl.RaftServerProxy (RaftServerProxy.java:addNew(89)) - 33efc1b5-c38d-44ff-b22e-2cf6345186ab: addNew group-E6185D92FC79:[33efc1b5-c38d-44ff-b22e-2cf6345186ab:192.168.46.40:35335] returns group-E6185D92FC79:java.util.concurrent.CompletableFuture@1c44d5f6[Not completed]
2019-06-14 10:28:34,762 INFO  impl.RaftServerImpl (RaftServerImpl.java:<init>(91)) - 33efc1b5-c38d-44ff-b22e-2cf6345186ab: new RaftServerImpl for group-E6185D92FC79:[33efc1b5-c38d-44ff-b22e-2cf6345186ab:192.168.46.40:35335] with ContainerStateMachine:uninitialized
2019-06-14 10:28:34,763 INFO  server.RaftServerConfigKeys (ConfUtils.java:logGet(43)) - raft.server.rpc.timeout.min = 1s (custom)
2019-06-14 10:28:34,763 INFO  server.RaftServerConfigKeys (ConfUtils.java:logGet(43)) - raft.server.rpc.timeout.max = 1200ms (custom)
2019-06-14 10:28:34,763 INFO  server.RaftServerConfigKeys (ConfUtils.java:logGet(43)) - raft.server.rpcslowness.timeout = 120s (custom)
2019-06-14 10:28:34,763 INFO  server.RaftServerConfigKeys (ConfUtils.java:logGet(43)) - raft.server.log.appender.install.snapshot.enabled = true (default)
2019-06-14 10:28:34,763 INFO  impl.RaftServerImpl (ServerState.java:<init>(101)) - 33efc1b5-c38d-44ff-b22e-2cf6345186ab:group-E6185D92FC79 ConfigurationManager, init=-1: [33efc1b5-c38d-44ff-b22e-2cf6345186ab:192.168.46.40:35335], old=null, confs=<EMPTY_MAP>
2019-06-14 10:28:34,763 INFO  server.RaftServerConfigKeys (ConfUtils.java:logGet(43)) - raft.server.storage.dir = [/opt/src/hadoop-ozone/integration-test/target/test-dir/MiniOzoneClusterImpl-03992a08-0158-43fa-8fa3-615e5cd36033/datanode-3/data/ratis] (custom)
2019-06-14 10:28:34,763 INFO  storage.RaftStorageDirectory (RaftStorageDirectory.java:analyzeStorage(246)) - The storage directory /opt/src/hadoop-ozone/integration-test/target/test-dir/MiniOzoneClusterImpl-03992a08-0158-43fa-8fa3-615e5cd36033/datanode-3/data/ratis/b59475b8-b357-459e-b604-e6185d92fc79 does not exist. Creating ...
2019-06-14 10:28:34,765 INFO  storage.RaftStorageDirectory (RaftStorageDirectory.java:tryLock(328)) - Lock on /opt/src/hadoop-ozone/integration-test/target/test-dir/MiniOzoneClusterImpl-03992a08-0158-43fa-8fa3-615e5cd36033/datanode-3/data/ratis/b59475b8-b357-459e-b604-e6185d92fc79/in_use.lock acquired by nodename 14982@ozone-cf6ld-438179620
2019-06-14 10:28:34,767 INFO  storage.RaftStorage (RaftStorage.java:format(75)) - Storage directory /opt/src/hadoop-ozone/integration-test/target/test-dir/MiniOzoneClusterImpl-03992a08-0158-43fa-8fa3-615e5cd36033/datanode-3/data/ratis/b59475b8-b357-459e-b604-e6185d92fc79 has been successfully formatted.
2019-06-14 10:28:34,767 INFO  ratis.ContainerStateMachine (ContainerStateMachine.java:loadSnapshot(199)) - The snapshot info is null.Setting the last applied index to:(t:0, i:~)
2019-06-14 10:28:34,767 INFO  server.RaftServerConfigKeys (ConfUtils.java:logGet(43)) - raft.server.leader.election.timeout = 120s (custom)
2019-06-14 10:28:34,768 INFO  server.RaftServerConfigKeys (ConfUtils.java:logGet(43)) - raft.server.log.use.memory = false (default)
2019-06-14 10:28:34,768 INFO  server.RaftServerConfigKeys (ConfUtils.java:logGet(43)) - raft.server.log.appender.buffer.byte-limit = 33554432 (custom)
2019-06-14 10:28:34,768 INFO  server.RaftServerConfigKeys (ConfUtils.java:logGet(43)) - raft.server.log.segment.size.max = 16384 (custom)
2019-06-14 10:28:34,768 INFO  server.RaftServerConfigKeys (ConfUtils.java:logGet(43)) - raft.server.log.segment.cache.num.max = 2 (custom)
2019-06-14 10:28:34,768 INFO  storage.RaftLogWorker (RaftLogWorker.java:<init>(123)) - new 33efc1b5-c38d-44ff-b22e-2cf6345186ab-RaftLogWorker for Storage Directory /opt/src/hadoop-ozone/integration-test/target/test-dir/MiniOzoneClusterImpl-03992a08-0158-43fa-8fa3-615e5cd36033/datanode-3/data/ratis/b59475b8-b357-459e-b604-e6185d92fc79
2019-06-14 10:28:34,768 INFO  server.RaftServerConfigKeys (ConfUtils.java:logGet(43)) - raft.server.log.queue.byte-limit = 2147483647 (custom)
2019-06-14 10:28:34,768 INFO  server.RaftServerConfigKeys (ConfUtils.java:logGet(43)) - raft.server.log.queue.element-limit = 1024 (custom)
2019-06-14 10:28:34,768 INFO  server.RaftServerConfigKeys (ConfUtils.java:logGet(43)) - raft.server.log.segment.size.max = 16384 (custom)
2019-06-14 10:28:34,768 INFO  server.RaftServerConfigKeys (ConfUtils.java:logGet(43)) - raft.server.log.preallocated.size = 16384 (custom)
2019-06-14 10:28:34,768 INFO  server.RaftServerConfigKeys (ConfUtils.java:logGet(43)) - raft.server.log.write.buffer.size = 33554432 (custom)
2019-06-14 10:28:34,768 INFO  server.RaftServerConfigKeys (ConfUtils.java:logGet(43)) - raft.server.log.force.sync.num = 128 (default)
2019-06-14 10:28:34,768 INFO  server.RaftServerConfigKeys (ConfUtils.java:logGet(43)) - raft.server.log.statemachine.data.sync = true (default)
2019-06-14 10:28:34,768 INFO  server.RaftServerConfigKeys (ConfUtils.java:logGet(43)) - raft.server.log.statemachine.data.sync.timeout = 10s (default)
2019-06-14 10:28:34,768 INFO  server.RaftServerConfigKeys (ConfUtils.java:logGet(43)) - raft.server.log.statemachine.data.sync.timeout.retry = -1 (default)
2019-06-14 10:28:34,769 INFO  server.RaftServerConfigKeys (ConfUtils.java:logGet(43)) - raft.server.log.statemachine.data.caching.enabled = true (custom)
2019-06-14 10:28:34,769 INFO  server.RaftServerConfigKeys (ConfUtils.java:logGet(43)) - raft.server.snapshot.auto.trigger.enabled = true (custom)
2019-06-14 10:28:34,769 INFO  server.RaftServerConfigKeys (ConfUtils.java:logGet(43)) - raft.server.snapshot.auto.trigger.threshold = 10000 (custom)
2019-06-14 10:28:34,769 INFO  server.RaftServerConfigKeys (ConfUtils.java:logGet(43)) - raft.server.retrycache.expirytime = 600000ms (custom)
2019-06-14 10:28:34,769 INFO  impl.RaftServerImpl (RaftServerImpl.java:start(173)) - 33efc1b5-c38d-44ff-b22e-2cf6345186ab: start group-E6185D92FC79
2019-06-14 10:28:34,769 INFO  impl.RaftServerImpl (RaftServerImpl.java:setRole(164)) - 33efc1b5-c38d-44ff-b22e-2cf6345186ab:group-E6185D92FC79 changes role from null to FOLLOWER at term 0 for startAsFollower
2019-06-14 10:28:34,769 INFO  impl.RoleInfo (RoleInfo.java:updateAndGet(143)) - 33efc1b5-c38d-44ff-b22e-2cf6345186ab: start FollowerState
2019-06-14 10:28:34,769 INFO  util.JmxRegister (JmxRegister.java:tryRegister(44)) - Successfully registered JMX Bean with object name Ratis:service=RaftServer,group=group-E6185D92FC79,id=33efc1b5-c38d-44ff-b22e-2cf6345186ab
2019-06-14 10:28:34,770 INFO  pipeline.PipelineStateManager (PipelineStateManager.java:addPipeline(56)) - Created pipeline Pipeline[ Id: b59475b8-b357-459e-b604-e6185d92fc79, Nodes: 33efc1b5-c38d-44ff-b22e-2cf6345186ab{ip: 192.168.46.40, host: ozone-cf6ld-438179620, networkLocation: /default-rack, certSerialId: null}, Type:RATIS, Factor:ONE, State:OPEN]
2019-06-14 10:28:34,924 INFO  node.SCMNodeManager (SCMNodeManager.java:register(234)) - Registered Data node : 99630a57-0e9f-428d-8086-37f49b9f2f2f{ip: 192.168.46.40, host: ozone-cf6ld-438179620, networkLocation: /default-rack, certSerialId: null}
2019-06-14 10:28:34,928 INFO  impl.RaftServerProxy (RaftServerProxy.java:addNew(89)) - 99630a57-0e9f-428d-8086-37f49b9f2f2f: addNew group-2BC068D4182C:[99630a57-0e9f-428d-8086-37f49b9f2f2f:192.168.46.40:40135] returns group-2BC068D4182C:java.util.concurrent.CompletableFuture@15eae0c0[Not completed]
2019-06-14 10:28:34,928 INFO  impl.RaftServerImpl (RaftServerImpl.java:<init>(91)) - 99630a57-0e9f-428d-8086-37f49b9f2f2f: new RaftServerImpl for group-2BC068D4182C:[99630a57-0e9f-428d-8086-37f49b9f2f2f:192.168.46.40:40135] with ContainerStateMachine:uninitialized
2019-06-14 10:28:34,928 INFO  server.RaftServerConfigKeys (ConfUtils.java:logGet(43)) - raft.server.rpc.timeout.min = 1s (custom)
2019-06-14 10:28:34,928 INFO  server.RaftServerConfigKeys (ConfUtils.java:logGet(43)) - raft.server.rpc.timeout.max = 1200ms (custom)
2019-06-14 10:28:34,929 INFO  server.RaftServerConfigKeys (ConfUtils.java:logGet(43)) - raft.server.rpcslowness.timeout = 120s (custom)
2019-06-14 10:28:34,929 INFO  server.RaftServerConfigKeys (ConfUtils.java:logGet(43)) - raft.server.log.appender.install.snapshot.enabled = true (default)
2019-06-14 10:28:34,929 INFO  impl.RaftServerImpl (ServerState.java:<init>(101)) - 99630a57-0e9f-428d-8086-37f49b9f2f2f:group-2BC068D4182C ConfigurationManager, init=-1: [99630a57-0e9f-428d-8086-37f49b9f2f2f:192.168.46.40:40135], old=null, confs=<EMPTY_MAP>
2019-06-14 10:28:34,929 INFO  server.RaftServerConfigKeys (ConfUtils.java:logGet(43)) - raft.server.storage.dir = [/opt/src/hadoop-ozone/integration-test/target/test-dir/MiniOzoneClusterImpl-03992a08-0158-43fa-8fa3-615e5cd36033/datanode-4/data/ratis] (custom)
2019-06-14 10:28:34,929 INFO  storage.RaftStorageDirectory (RaftStorageDirectory.java:analyzeStorage(246)) - The storage directory /opt/src/hadoop-ozone/integration-test/target/test-dir/MiniOzoneClusterImpl-03992a08-0158-43fa-8fa3-615e5cd36033/datanode-4/data/ratis/ad333a67-5ba9-4f53-b862-2bc068d4182c does not exist. Creating ...
2019-06-14 10:28:34,931 INFO  storage.RaftStorageDirectory (RaftStorageDirectory.java:tryLock(328)) - Lock on /opt/src/hadoop-ozone/integration-test/target/test-dir/MiniOzoneClusterImpl-03992a08-0158-43fa-8fa3-615e5cd36033/datanode-4/data/ratis/ad333a67-5ba9-4f53-b862-2bc068d4182c/in_use.lock acquired by nodename 14982@ozone-cf6ld-438179620
2019-06-14 10:28:34,933 INFO  storage.RaftStorage (RaftStorage.java:format(75)) - Storage directory /opt/src/hadoop-ozone/integration-test/target/test-dir/MiniOzoneClusterImpl-03992a08-0158-43fa-8fa3-615e5cd36033/datanode-4/data/ratis/ad333a67-5ba9-4f53-b862-2bc068d4182c has been successfully formatted.
2019-06-14 10:28:34,933 INFO  ratis.ContainerStateMachine (ContainerStateMachine.java:loadSnapshot(199)) - The snapshot info is null.Setting the last applied index to:(t:0, i:~)
2019-06-14 10:28:34,933 INFO  server.RaftServerConfigKeys (ConfUtils.java:logGet(43)) - raft.server.leader.election.timeout = 120s (custom)
2019-06-14 10:28:34,933 INFO  server.RaftServerConfigKeys (ConfUtils.java:logGet(43)) - raft.server.log.use.memory = false (default)
2019-06-14 10:28:34,933 INFO  server.RaftServerConfigKeys (ConfUtils.java:logGet(43)) - raft.server.log.appender.buffer.byte-limit = 33554432 (custom)
2019-06-14 10:28:34,934 INFO  server.RaftServerConfigKeys (ConfUtils.java:logGet(43)) - raft.server.log.segment.size.max = 16384 (custom)
2019-06-14 10:28:34,934 INFO  server.RaftServerConfigKeys (ConfUtils.java:logGet(43)) - raft.server.log.segment.cache.num.max = 2 (custom)
2019-06-14 10:28:34,934 INFO  storage.RaftLogWorker (RaftLogWorker.java:<init>(123)) - new 99630a57-0e9f-428d-8086-37f49b9f2f2f-RaftLogWorker for Storage Directory /opt/src/hadoop-ozone/integration-test/target/test-dir/MiniOzoneClusterImpl-03992a08-0158-43fa-8fa3-615e5cd36033/datanode-4/data/ratis/ad333a67-5ba9-4f53-b862-2bc068d4182c
2019-06-14 10:28:34,934 INFO  server.RaftServerConfigKeys (ConfUtils.java:logGet(43)) - raft.server.log.queue.byte-limit = 2147483647 (custom)
2019-06-14 10:28:34,934 INFO  server.RaftServerConfigKeys (ConfUtils.java:logGet(43)) - raft.server.log.queue.element-limit = 1024 (custom)
2019-06-14 10:28:34,934 INFO  server.RaftServerConfigKeys (ConfUtils.java:logGet(43)) - raft.server.log.segment.size.max = 16384 (custom)
2019-06-14 10:28:34,934 INFO  server.RaftServerConfigKeys (ConfUtils.java:logGet(43)) - raft.server.log.preallocated.size = 16384 (custom)
2019-06-14 10:28:34,934 INFO  server.RaftServerConfigKeys (ConfUtils.java:logGet(43)) - raft.server.log.write.buffer.size = 33554432 (custom)
2019-06-14 10:28:34,934 INFO  server.RaftServerConfigKeys (ConfUtils.java:logGet(43)) - raft.server.log.force.sync.num = 128 (default)
2019-06-14 10:28:34,934 INFO  server.RaftServerConfigKeys (ConfUtils.java:logGet(43)) - raft.server.log.statemachine.data.sync = true (default)
2019-06-14 10:28:34,934 INFO  server.RaftServerConfigKeys (ConfUtils.java:logGet(43)) - raft.server.log.statemachine.data.sync.timeout = 10s (default)
2019-06-14 10:28:34,934 INFO  server.RaftServerConfigKeys (ConfUtils.java:logGet(43)) - raft.server.log.statemachine.data.sync.timeout.retry = -1 (default)
2019-06-14 10:28:34,934 INFO  server.RaftServerConfigKeys (ConfUtils.java:logGet(43)) - raft.server.log.statemachine.data.caching.enabled = true (custom)
2019-06-14 10:28:34,935 INFO  server.RaftServerConfigKeys (ConfUtils.java:logGet(43)) - raft.server.snapshot.auto.trigger.enabled = true (custom)
2019-06-14 10:28:34,935 INFO  server.RaftServerConfigKeys (ConfUtils.java:logGet(43)) - raft.server.snapshot.auto.trigger.threshold = 10000 (custom)
2019-06-14 10:28:34,935 INFO  server.RaftServerConfigKeys (ConfUtils.java:logGet(43)) - raft.server.retrycache.expirytime = 600000ms (custom)
2019-06-14 10:28:34,935 INFO  impl.RaftServerImpl (RaftServerImpl.java:start(173)) - 99630a57-0e9f-428d-8086-37f49b9f2f2f: start group-2BC068D4182C
2019-06-14 10:28:34,935 INFO  impl.RaftServerImpl (RaftServerImpl.java:setRole(164)) - 99630a57-0e9f-428d-8086-37f49b9f2f2f:group-2BC068D4182C changes role from null to FOLLOWER at term 0 for startAsFollower
2019-06-14 10:28:34,935 INFO  impl.RoleInfo (RoleInfo.java:updateAndGet(143)) - 99630a57-0e9f-428d-8086-37f49b9f2f2f: start FollowerState
2019-06-14 10:28:34,935 INFO  util.JmxRegister (JmxRegister.java:tryRegister(44)) - Successfully registered JMX Bean with object name Ratis:service=RaftServer,group=group-2BC068D4182C,id=99630a57-0e9f-428d-8086-37f49b9f2f2f
2019-06-14 10:28:34,936 INFO  pipeline.PipelineStateManager (PipelineStateManager.java:addPipeline(56)) - Created pipeline Pipeline[ Id: ad333a67-5ba9-4f53-b862-2bc068d4182c, Nodes: 99630a57-0e9f-428d-8086-37f49b9f2f2f{ip: 192.168.46.40, host: ozone-cf6ld-438179620, networkLocation: /default-rack, certSerialId: null}, Type:RATIS, Factor:ONE, State:OPEN]
2019-06-14 10:28:35,049 INFO  ozone.MiniOzoneClusterImpl (MiniOzoneClusterImpl.java:lambda$waitForClusterToBeReady$0(142)) - Waiting for cluster to be ready. Got 5 of 6 DN Heartbeats.
2019-06-14 10:28:35,051 INFO  node.SCMNodeManager (SCMNodeManager.java:register(234)) - Registered Data node : 39aab27a-937d-4d57-9e31-3229443b5129{ip: 192.168.46.40, host: ozone-cf6ld-438179620, networkLocation: /default-rack, certSerialId: null}
2019-06-14 10:28:35,055 INFO  impl.RaftServerProxy (RaftServerProxy.java:addNew(89)) - 39aab27a-937d-4d57-9e31-3229443b5129: addNew group-9ED40E94B47E:[39aab27a-937d-4d57-9e31-3229443b5129:192.168.46.40:44429] returns group-9ED40E94B47E:java.util.concurrent.CompletableFuture@5c7868e4[Not completed]
2019-06-14 10:28:35,056 INFO  impl.RaftServerImpl (RaftServerImpl.java:<init>(91)) - 39aab27a-937d-4d57-9e31-3229443b5129: new RaftServerImpl for group-9ED40E94B47E:[39aab27a-937d-4d57-9e31-3229443b5129:192.168.46.40:44429] with ContainerStateMachine:uninitialized
2019-06-14 10:28:35,056 INFO  server.RaftServerConfigKeys (ConfUtils.java:logGet(43)) - raft.server.rpc.timeout.min = 1s (custom)
2019-06-14 10:28:35,056 INFO  server.RaftServerConfigKeys (ConfUtils.java:logGet(43)) - raft.server.rpc.timeout.max = 1200ms (custom)
2019-06-14 10:28:35,056 INFO  server.RaftServerConfigKeys (ConfUtils.java:logGet(43)) - raft.server.rpcslowness.timeout = 120s (custom)
2019-06-14 10:28:35,056 INFO  server.RaftServerConfigKeys (ConfUtils.java:logGet(43)) - raft.server.log.appender.install.snapshot.enabled = true (default)
2019-06-14 10:28:35,056 INFO  impl.RaftServerImpl (ServerState.java:<init>(101)) - 39aab27a-937d-4d57-9e31-3229443b5129:group-9ED40E94B47E ConfigurationManager, init=-1: [39aab27a-937d-4d57-9e31-3229443b5129:192.168.46.40:44429], old=null, confs=<EMPTY_MAP>
2019-06-14 10:28:35,056 INFO  server.RaftServerConfigKeys (ConfUtils.java:logGet(43)) - raft.server.storage.dir = [/opt/src/hadoop-ozone/integration-test/target/test-dir/MiniOzoneClusterImpl-03992a08-0158-43fa-8fa3-615e5cd36033/datanode-5/data/ratis] (custom)
2019-06-14 10:28:35,056 INFO  storage.RaftStorageDirectory (RaftStorageDirectory.java:analyzeStorage(246)) - The storage directory /opt/src/hadoop-ozone/integration-test/target/test-dir/MiniOzoneClusterImpl-03992a08-0158-43fa-8fa3-615e5cd36033/datanode-5/data/ratis/e64bd13d-4950-45d3-aecc-9ed40e94b47e does not exist. Creating ...
2019-06-14 10:28:35,058 INFO  storage.RaftStorageDirectory (RaftStorageDirectory.java:tryLock(328)) - Lock on /opt/src/hadoop-ozone/integration-test/target/test-dir/MiniOzoneClusterImpl-03992a08-0158-43fa-8fa3-615e5cd36033/datanode-5/data/ratis/e64bd13d-4950-45d3-aecc-9ed40e94b47e/in_use.lock acquired by nodename 14982@ozone-cf6ld-438179620
2019-06-14 10:28:35,060 INFO  storage.RaftStorage (RaftStorage.java:format(75)) - Storage directory /opt/src/hadoop-ozone/integration-test/target/test-dir/MiniOzoneClusterImpl-03992a08-0158-43fa-8fa3-615e5cd36033/datanode-5/data/ratis/e64bd13d-4950-45d3-aecc-9ed40e94b47e has been successfully formatted.
2019-06-14 10:28:35,061 INFO  ratis.ContainerStateMachine (ContainerStateMachine.java:loadSnapshot(199)) - The snapshot info is null.Setting the last applied index to:(t:0, i:~)
2019-06-14 10:28:35,061 INFO  server.RaftServerConfigKeys (ConfUtils.java:logGet(43)) - raft.server.leader.election.timeout = 120s (custom)
2019-06-14 10:28:35,061 INFO  server.RaftServerConfigKeys (ConfUtils.java:logGet(43)) - raft.server.log.use.memory = false (default)
2019-06-14 10:28:35,061 INFO  server.RaftServerConfigKeys (ConfUtils.java:logGet(43)) - raft.server.log.appender.buffer.byte-limit = 33554432 (custom)
2019-06-14 10:28:35,061 INFO  server.RaftServerConfigKeys (ConfUtils.java:logGet(43)) - raft.server.log.segment.size.max = 16384 (custom)
2019-06-14 10:28:35,061 INFO  server.RaftServerConfigKeys (ConfUtils.java:logGet(43)) - raft.server.log.segment.cache.num.max = 2 (custom)
2019-06-14 10:28:35,061 INFO  storage.RaftLogWorker (RaftLogWorker.java:<init>(123)) - new 39aab27a-937d-4d57-9e31-3229443b5129-RaftLogWorker for Storage Directory /opt/src/hadoop-ozone/integration-test/target/test-dir/MiniOzoneClusterImpl-03992a08-0158-43fa-8fa3-615e5cd36033/datanode-5/data/ratis/e64bd13d-4950-45d3-aecc-9ed40e94b47e
2019-06-14 10:28:35,061 INFO  server.RaftServerConfigKeys (ConfUtils.java:logGet(43)) - raft.server.log.queue.byte-limit = 2147483647 (custom)
2019-06-14 10:28:35,061 INFO  server.RaftServerConfigKeys (ConfUtils.java:logGet(43)) - raft.server.log.queue.element-limit = 1024 (custom)
2019-06-14 10:28:35,061 INFO  server.RaftServerConfigKeys (ConfUtils.java:logGet(43)) - raft.server.log.segment.size.max = 16384 (custom)
2019-06-14 10:28:35,061 INFO  server.RaftServerConfigKeys (ConfUtils.java:logGet(43)) - raft.server.log.preallocated.size = 16384 (custom)
2019-06-14 10:28:35,061 INFO  server.RaftServerConfigKeys (ConfUtils.java:logGet(43)) - raft.server.log.write.buffer.size = 33554432 (custom)
2019-06-14 10:28:35,061 INFO  server.RaftServerConfigKeys (ConfUtils.java:logGet(43)) - raft.server.log.force.sync.num = 128 (default)
2019-06-14 10:28:35,061 INFO  server.RaftServerConfigKeys (ConfUtils.java:logGet(43)) - raft.server.log.statemachine.data.sync = true (default)
2019-06-14 10:28:35,062 INFO  server.RaftServerConfigKeys (ConfUtils.java:logGet(43)) - raft.server.log.statemachine.data.sync.timeout = 10s (default)
2019-06-14 10:28:35,062 INFO  server.RaftServerConfigKeys (ConfUtils.java:logGet(43)) - raft.server.log.statemachine.data.sync.timeout.retry = -1 (default)
2019-06-14 10:28:35,062 INFO  server.RaftServerConfigKeys (ConfUtils.java:logGet(43)) - raft.server.log.statemachine.data.caching.enabled = true (custom)
2019-06-14 10:28:35,062 INFO  server.RaftServerConfigKeys (ConfUtils.java:logGet(43)) - raft.server.snapshot.auto.trigger.enabled = true (custom)
2019-06-14 10:28:35,062 INFO  server.RaftServerConfigKeys (ConfUtils.java:logGet(43)) - raft.server.snapshot.auto.trigger.threshold = 10000 (custom)
2019-06-14 10:28:35,062 INFO  server.RaftServerConfigKeys (ConfUtils.java:logGet(43)) - raft.server.retrycache.expirytime = 600000ms (custom)
2019-06-14 10:28:35,062 INFO  impl.RaftServerImpl (RaftServerImpl.java:start(173)) - 39aab27a-937d-4d57-9e31-3229443b5129: start group-9ED40E94B47E
2019-06-14 10:28:35,062 INFO  impl.RaftServerImpl (RaftServerImpl.java:setRole(164)) - 39aab27a-937d-4d57-9e31-3229443b5129:group-9ED40E94B47E changes role from null to FOLLOWER at term 0 for startAsFollower
2019-06-14 10:28:35,062 INFO  impl.RoleInfo (RoleInfo.java:updateAndGet(143)) - 39aab27a-937d-4d57-9e31-3229443b5129: start FollowerState
2019-06-14 10:28:35,063 INFO  util.JmxRegister (JmxRegister.java:tryRegister(44)) - Successfully registered JMX Bean with object name Ratis:service=RaftServer,group=group-9ED40E94B47E,id=39aab27a-937d-4d57-9e31-3229443b5129
2019-06-14 10:28:35,064 INFO  pipeline.PipelineStateManager (PipelineStateManager.java:addPipeline(56)) - Created pipeline Pipeline[ Id: e64bd13d-4950-45d3-aecc-9ed40e94b47e, Nodes: 39aab27a-937d-4d57-9e31-3229443b5129{ip: 192.168.46.40, host: ozone-cf6ld-438179620, networkLocation: /default-rack, certSerialId: null}, Type:RATIS, Factor:ONE, State:OPEN]
2019-06-14 10:28:35,074 INFO  impl.RaftServerProxy (RaftServerProxy.java:addNew(89)) - 39aab27a-937d-4d57-9e31-3229443b5129: addNew group-10CF7E7D22E2:[33efc1b5-c38d-44ff-b22e-2cf6345186ab:192.168.46.40:35335, 99630a57-0e9f-428d-8086-37f49b9f2f2f:192.168.46.40:40135, 39aab27a-937d-4d57-9e31-3229443b5129:192.168.46.40:44429] returns group-10CF7E7D22E2:java.util.concurrent.CompletableFuture@6afeac63[Not completed]
2019-06-14 10:28:35,074 INFO  impl.RaftServerImpl (RaftServerImpl.java:<init>(91)) - 39aab27a-937d-4d57-9e31-3229443b5129: new RaftServerImpl for group-10CF7E7D22E2:[33efc1b5-c38d-44ff-b22e-2cf6345186ab:192.168.46.40:35335, 99630a57-0e9f-428d-8086-37f49b9f2f2f:192.168.46.40:40135, 39aab27a-937d-4d57-9e31-3229443b5129:192.168.46.40:44429] with ContainerStateMachine:uninitialized
2019-06-14 10:28:35,075 INFO  server.RaftServerConfigKeys (ConfUtils.java:logGet(43)) - raft.server.rpc.timeout.min = 1s (custom)
2019-06-14 10:28:35,075 INFO  server.RaftServerConfigKeys (ConfUtils.java:logGet(43)) - raft.server.rpc.timeout.max = 1200ms (custom)
2019-06-14 10:28:35,075 INFO  server.RaftServerConfigKeys (ConfUtils.java:logGet(43)) - raft.server.rpcslowness.timeout = 120s (custom)
2019-06-14 10:28:35,075 INFO  server.RaftServerConfigKeys (ConfUtils.java:logGet(43)) - raft.server.log.appender.install.snapshot.enabled = true (default)
2019-06-14 10:28:35,075 INFO  impl.RaftServerImpl (ServerState.java:<init>(101)) - 39aab27a-937d-4d57-9e31-3229443b5129:group-10CF7E7D22E2 ConfigurationManager, init=-1: [33efc1b5-c38d-44ff-b22e-2cf6345186ab:192.168.46.40:35335, 99630a57-0e9f-428d-8086-37f49b9f2f2f:192.168.46.40:40135, 39aab27a-937d-4d57-9e31-3229443b5129:192.168.46.40:44429], old=null, confs=<EMPTY_MAP>
2019-06-14 10:28:35,075 INFO  server.RaftServerConfigKeys (ConfUtils.java:logGet(43)) - raft.server.storage.dir = [/opt/src/hadoop-ozone/integration-test/target/test-dir/MiniOzoneClusterImpl-03992a08-0158-43fa-8fa3-615e5cd36033/datanode-5/data/ratis] (custom)
2019-06-14 10:28:35,075 INFO  storage.RaftStorageDirectory (RaftStorageDirectory.java:analyzeStorage(246)) - The storage directory /opt/src/hadoop-ozone/integration-test/target/test-dir/MiniOzoneClusterImpl-03992a08-0158-43fa-8fa3-615e5cd36033/datanode-5/data/ratis/351ff53c-7f58-442d-962b-10cf7e7d22e2 does not exist. Creating ...
2019-06-14 10:28:35,079 INFO  impl.RaftServerProxy (RaftServerProxy.java:addNew(89)) - 99630a57-0e9f-428d-8086-37f49b9f2f2f: addNew group-10CF7E7D22E2:[33efc1b5-c38d-44ff-b22e-2cf6345186ab:192.168.46.40:35335, 99630a57-0e9f-428d-8086-37f49b9f2f2f:192.168.46.40:40135, 39aab27a-937d-4d57-9e31-3229443b5129:192.168.46.40:44429] returns group-10CF7E7D22E2:java.util.concurrent.CompletableFuture@368a848b[Not completed]
2019-06-14 10:28:35,079 INFO  storage.RaftStorageDirectory (RaftStorageDirectory.java:tryLock(328)) - Lock on /opt/src/hadoop-ozone/integration-test/target/test-dir/MiniOzoneClusterImpl-03992a08-0158-43fa-8fa3-615e5cd36033/datanode-5/data/ratis/351ff53c-7f58-442d-962b-10cf7e7d22e2/in_use.lock acquired by nodename 14982@ozone-cf6ld-438179620
2019-06-14 10:28:35,080 INFO  impl.RaftServerImpl (RaftServerImpl.java:<init>(91)) - 99630a57-0e9f-428d-8086-37f49b9f2f2f: new RaftServerImpl for group-10CF7E7D22E2:[33efc1b5-c38d-44ff-b22e-2cf6345186ab:192.168.46.40:35335, 99630a57-0e9f-428d-8086-37f49b9f2f2f:192.168.46.40:40135, 39aab27a-937d-4d57-9e31-3229443b5129:192.168.46.40:44429] with ContainerStateMachine:uninitialized
2019-06-14 10:28:35,080 INFO  server.RaftServerConfigKeys (ConfUtils.java:logGet(43)) - raft.server.rpc.timeout.min = 1s (custom)
2019-06-14 10:28:35,080 INFO  server.RaftServerConfigKeys (ConfUtils.java:logGet(43)) - raft.server.rpc.timeout.max = 1200ms (custom)
2019-06-14 10:28:35,080 INFO  server.RaftServerConfigKeys (ConfUtils.java:logGet(43)) - raft.server.rpcslowness.timeout = 120s (custom)
2019-06-14 10:28:35,080 INFO  server.RaftServerConfigKeys (ConfUtils.java:logGet(43)) - raft.server.log.appender.install.snapshot.enabled = true (default)
2019-06-14 10:28:35,080 INFO  impl.RaftServerProxy (RaftServerProxy.java:addNew(89)) - 33efc1b5-c38d-44ff-b22e-2cf6345186ab: addNew group-10CF7E7D22E2:[33efc1b5-c38d-44ff-b22e-2cf6345186ab:192.168.46.40:35335, 99630a57-0e9f-428d-8086-37f49b9f2f2f:192.168.46.40:40135, 39aab27a-937d-4d57-9e31-3229443b5129:192.168.46.40:44429] returns group-10CF7E7D22E2:java.util.concurrent.CompletableFuture@751559a6[Not completed]
2019-06-14 10:28:35,080 INFO  impl.RaftServerImpl (ServerState.java:<init>(101)) - 99630a57-0e9f-428d-8086-37f49b9f2f2f:group-10CF7E7D22E2 ConfigurationManager, init=-1: [33efc1b5-c38d-44ff-b22e-2cf6345186ab:192.168.46.40:35335, 99630a57-0e9f-428d-8086-37f49b9f2f2f:192.168.46.40:40135, 39aab27a-937d-4d57-9e31-3229443b5129:192.168.46.40:44429], old=null, confs=<EMPTY_MAP>
2019-06-14 10:28:35,080 INFO  impl.RaftServerImpl (RaftServerImpl.java:<init>(91)) - 33efc1b5-c38d-44ff-b22e-2cf6345186ab: new RaftServerImpl for group-10CF7E7D22E2:[33efc1b5-c38d-44ff-b22e-2cf6345186ab:192.168.46.40:35335, 99630a57-0e9f-428d-8086-37f49b9f2f2f:192.168.46.40:40135, 39aab27a-937d-4d57-9e31-3229443b5129:192.168.46.40:44429] with ContainerStateMachine:uninitialized
2019-06-14 10:28:35,080 INFO  server.RaftServerConfigKeys (ConfUtils.java:logGet(43)) - raft.server.rpc.timeout.min = 1s (custom)
2019-06-14 10:28:35,081 INFO  server.RaftServerConfigKeys (ConfUtils.java:logGet(43)) - raft.server.rpc.timeout.max = 1200ms (custom)
2019-06-14 10:28:35,081 INFO  server.RaftServerConfigKeys (ConfUtils.java:logGet(43)) - raft.server.rpcslowness.timeout = 120s (custom)
2019-06-14 10:28:35,081 INFO  server.RaftServerConfigKeys (ConfUtils.java:logGet(43)) - raft.server.log.appender.install.snapshot.enabled = true (default)
2019-06-14 10:28:35,081 INFO  impl.RaftServerImpl (ServerState.java:<init>(101)) - 33efc1b5-c38d-44ff-b22e-2cf6345186ab:group-10CF7E7D22E2 ConfigurationManager, init=-1: [33efc1b5-c38d-44ff-b22e-2cf6345186ab:192.168.46.40:35335, 99630a57-0e9f-428d-8086-37f49b9f2f2f:192.168.46.40:40135, 39aab27a-937d-4d57-9e31-3229443b5129:192.168.46.40:44429], old=null, confs=<EMPTY_MAP>
2019-06-14 10:28:35,081 INFO  server.RaftServerConfigKeys (ConfUtils.java:logGet(43)) - raft.server.storage.dir = [/opt/src/hadoop-ozone/integration-test/target/test-dir/MiniOzoneClusterImpl-03992a08-0158-43fa-8fa3-615e5cd36033/datanode-3/data/ratis] (custom)
2019-06-14 10:28:35,081 INFO  storage.RaftStorageDirectory (RaftStorageDirectory.java:analyzeStorage(246)) - The storage directory /opt/src/hadoop-ozone/integration-test/target/test-dir/MiniOzoneClusterImpl-03992a08-0158-43fa-8fa3-615e5cd36033/datanode-3/data/ratis/351ff53c-7f58-442d-962b-10cf7e7d22e2 does not exist. Creating ...
2019-06-14 10:28:35,080 INFO  server.RaftServerConfigKeys (ConfUtils.java:logGet(43)) - raft.server.storage.dir = [/opt/src/hadoop-ozone/integration-test/target/test-dir/MiniOzoneClusterImpl-03992a08-0158-43fa-8fa3-615e5cd36033/datanode-4/data/ratis] (custom)
2019-06-14 10:28:35,081 INFO  storage.RaftStorageDirectory (RaftStorageDirectory.java:analyzeStorage(246)) - The storage directory /opt/src/hadoop-ozone/integration-test/target/test-dir/MiniOzoneClusterImpl-03992a08-0158-43fa-8fa3-615e5cd36033/datanode-4/data/ratis/351ff53c-7f58-442d-962b-10cf7e7d22e2 does not exist. Creating ...
2019-06-14 10:28:35,082 INFO  storage.RaftStorage (RaftStorage.java:format(75)) - Storage directory /opt/src/hadoop-ozone/integration-test/target/test-dir/MiniOzoneClusterImpl-03992a08-0158-43fa-8fa3-615e5cd36033/datanode-5/data/ratis/351ff53c-7f58-442d-962b-10cf7e7d22e2 has been successfully formatted.
2019-06-14 10:28:35,082 INFO  ratis.ContainerStateMachine (ContainerStateMachine.java:loadSnapshot(199)) - The snapshot info is null.Setting the last applied index to:(t:0, i:~)
2019-06-14 10:28:35,082 INFO  server.RaftServerConfigKeys (ConfUtils.java:logGet(43)) - raft.server.leader.election.timeout = 120s (custom)
2019-06-14 10:28:35,082 INFO  server.RaftServerConfigKeys (ConfUtils.java:logGet(43)) - raft.server.log.use.memory = false (default)
2019-06-14 10:28:35,082 INFO  server.RaftServerConfigKeys (ConfUtils.java:logGet(43)) - raft.server.log.appender.buffer.byte-limit = 33554432 (custom)
2019-06-14 10:28:35,082 INFO  server.RaftServerConfigKeys (ConfUtils.java:logGet(43)) - raft.server.log.segment.size.max = 16384 (custom)
2019-06-14 10:28:35,082 INFO  server.RaftServerConfigKeys (ConfUtils.java:logGet(43)) - raft.server.log.segment.cache.num.max = 2 (custom)
2019-06-14 10:28:35,082 INFO  storage.RaftLogWorker (RaftLogWorker.java:<init>(123)) - new 39aab27a-937d-4d57-9e31-3229443b5129-RaftLogWorker for Storage Directory /opt/src/hadoop-ozone/integration-test/target/test-dir/MiniOzoneClusterImpl-03992a08-0158-43fa-8fa3-615e5cd36033/datanode-5/data/ratis/351ff53c-7f58-442d-962b-10cf7e7d22e2
2019-06-14 10:28:35,082 INFO  server.RaftServerConfigKeys (ConfUtils.java:logGet(43)) - raft.server.log.queue.byte-limit = 2147483647 (custom)
2019-06-14 10:28:35,082 INFO  server.RaftServerConfigKeys (ConfUtils.java:logGet(43)) - raft.server.log.queue.element-limit = 1024 (custom)
2019-06-14 10:28:35,082 INFO  server.RaftServerConfigKeys (ConfUtils.java:logGet(43)) - raft.server.log.segment.size.max = 16384 (custom)
2019-06-14 10:28:35,082 INFO  server.RaftServerConfigKeys (ConfUtils.java:logGet(43)) - raft.server.log.preallocated.size = 16384 (custom)
2019-06-14 10:28:35,083 INFO  server.RaftServerConfigKeys (ConfUtils.java:logGet(43)) - raft.server.log.write.buffer.size = 33554432 (custom)
2019-06-14 10:28:35,083 INFO  server.RaftServerConfigKeys (ConfUtils.java:logGet(43)) - raft.server.log.force.sync.num = 128 (default)
2019-06-14 10:28:35,083 INFO  server.RaftServerConfigKeys (ConfUtils.java:logGet(43)) - raft.server.log.statemachine.data.sync = true (default)
2019-06-14 10:28:35,083 INFO  server.RaftServerConfigKeys (ConfUtils.java:logGet(43)) - raft.server.log.statemachine.data.sync.timeout = 10s (default)
2019-06-14 10:28:35,083 INFO  server.RaftServerConfigKeys (ConfUtils.java:logGet(43)) - raft.server.log.statemachine.data.sync.timeout.retry = -1 (default)
2019-06-14 10:28:35,083 INFO  storage.RaftStorageDirectory (RaftStorageDirectory.java:tryLock(328)) - Lock on /opt/src/hadoop-ozone/integration-test/target/test-dir/MiniOzoneClusterImpl-03992a08-0158-43fa-8fa3-615e5cd36033/datanode-3/data/ratis/351ff53c-7f58-442d-962b-10cf7e7d22e2/in_use.lock acquired by nodename 14982@ozone-cf6ld-438179620
2019-06-14 10:28:35,083 INFO  server.RaftServerConfigKeys (ConfUtils.java:logGet(43)) - raft.server.log.statemachine.data.caching.enabled = true (custom)
2019-06-14 10:28:35,083 INFO  server.RaftServerConfigKeys (ConfUtils.java:logGet(43)) - raft.server.snapshot.auto.trigger.enabled = true (custom)
2019-06-14 10:28:35,084 INFO  server.RaftServerConfigKeys (ConfUtils.java:logGet(43)) - raft.server.snapshot.auto.trigger.threshold = 10000 (custom)
2019-06-14 10:28:35,084 INFO  server.RaftServerConfigKeys (ConfUtils.java:logGet(43)) - raft.server.retrycache.expirytime = 600000ms (custom)
2019-06-14 10:28:35,084 INFO  impl.RaftServerImpl (RaftServerImpl.java:start(173)) - 39aab27a-937d-4d57-9e31-3229443b5129: start group-10CF7E7D22E2
2019-06-14 10:28:35,084 INFO  impl.RaftServerImpl (RaftServerImpl.java:setRole(164)) - 39aab27a-937d-4d57-9e31-3229443b5129:group-10CF7E7D22E2 changes role from null to FOLLOWER at term 0 for startAsFollower
2019-06-14 10:28:35,084 INFO  impl.RoleInfo (RoleInfo.java:updateAndGet(143)) - 39aab27a-937d-4d57-9e31-3229443b5129: start FollowerState
2019-06-14 10:28:35,084 INFO  util.JmxRegister (JmxRegister.java:tryRegister(44)) - Successfully registered JMX Bean with object name Ratis:service=RaftServer,group=group-10CF7E7D22E2,id=39aab27a-937d-4d57-9e31-3229443b5129
2019-06-14 10:28:35,085 INFO  storage.RaftStorage (RaftStorage.java:format(75)) - Storage directory /opt/src/hadoop-ozone/integration-test/target/test-dir/MiniOzoneClusterImpl-03992a08-0158-43fa-8fa3-615e5cd36033/datanode-3/data/ratis/351ff53c-7f58-442d-962b-10cf7e7d22e2 has been successfully formatted.
2019-06-14 10:28:35,085 INFO  ratis.ContainerStateMachine (ContainerStateMachine.java:loadSnapshot(199)) - The snapshot info is null.Setting the last applied index to:(t:0, i:~)
2019-06-14 10:28:35,085 INFO  server.RaftServerConfigKeys (ConfUtils.java:logGet(43)) - raft.server.leader.election.timeout = 120s (custom)
2019-06-14 10:28:35,085 INFO  server.RaftServerConfigKeys (ConfUtils.java:logGet(43)) - raft.server.log.use.memory = false (default)
2019-06-14 10:28:35,085 INFO  storage.RaftStorageDirectory (RaftStorageDirectory.java:tryLock(328)) - Lock on /opt/src/hadoop-ozone/integration-test/target/test-dir/MiniOzoneClusterImpl-03992a08-0158-43fa-8fa3-615e5cd36033/datanode-4/data/ratis/351ff53c-7f58-442d-962b-10cf7e7d22e2/in_use.lock acquired by nodename 14982@ozone-cf6ld-438179620
2019-06-14 10:28:35,085 INFO  server.RaftServerConfigKeys (ConfUtils.java:logGet(43)) - raft.server.log.appender.buffer.byte-limit = 33554432 (custom)
2019-06-14 10:28:35,086 INFO  server.RaftServerConfigKeys (ConfUtils.java:logGet(43)) - raft.server.log.segment.size.max = 16384 (custom)
2019-06-14 10:28:35,086 INFO  server.RaftServerConfigKeys (ConfUtils.java:logGet(43)) - raft.server.log.segment.cache.num.max = 2 (custom)
2019-06-14 10:28:35,086 INFO  storage.RaftLogWorker (RaftLogWorker.java:<init>(123)) - new 33efc1b5-c38d-44ff-b22e-2cf6345186ab-RaftLogWorker for Storage Directory /opt/src/hadoop-ozone/integration-test/target/test-dir/MiniOzoneClusterImpl-03992a08-0158-43fa-8fa3-615e5cd36033/datanode-3/data/ratis/351ff53c-7f58-442d-962b-10cf7e7d22e2
2019-06-14 10:28:35,086 INFO  server.RaftServerConfigKeys (ConfUtils.java:logGet(43)) - raft.server.log.queue.byte-limit = 2147483647 (custom)
2019-06-14 10:28:35,086 INFO  server.RaftServerConfigKeys (ConfUtils.java:logGet(43)) - raft.server.log.queue.element-limit = 1024 (custom)
2019-06-14 10:28:35,086 INFO  server.RaftServerConfigKeys (ConfUtils.java:logGet(43)) - raft.server.log.segment.size.max = 16384 (custom)
2019-06-14 10:28:35,086 INFO  server.RaftServerConfigKeys (ConfUtils.java:logGet(43)) - raft.server.log.preallocated.size = 16384 (custom)
2019-06-14 10:28:35,086 INFO  server.RaftServerConfigKeys (ConfUtils.java:logGet(43)) - raft.server.log.write.buffer.size = 33554432 (custom)
2019-06-14 10:28:35,086 INFO  server.RaftServerConfigKeys (ConfUtils.java:logGet(43)) - raft.server.log.force.sync.num = 128 (default)
2019-06-14 10:28:35,086 INFO  server.RaftServerConfigKeys (ConfUtils.java:logGet(43)) - raft.server.log.statemachine.data.sync = true (default)
2019-06-14 10:28:35,086 INFO  server.RaftServerConfigKeys (ConfUtils.java:logGet(43)) - raft.server.log.statemachine.data.sync.timeout = 10s (default)
2019-06-14 10:28:35,086 INFO  server.RaftServerConfigKeys (ConfUtils.java:logGet(43)) - raft.server.log.statemachine.data.sync.timeout.retry = -1 (default)
2019-06-14 10:28:35,086 INFO  server.RaftServerConfigKeys (ConfUtils.java:logGet(43)) - raft.server.log.statemachine.data.caching.enabled = true (custom)
2019-06-14 10:28:35,087 INFO  server.RaftServerConfigKeys (ConfUtils.java:logGet(43)) - raft.server.snapshot.auto.trigger.enabled = true (custom)
2019-06-14 10:28:35,087 INFO  server.RaftServerConfigKeys (ConfUtils.java:logGet(43)) - raft.server.snapshot.auto.trigger.threshold = 10000 (custom)
2019-06-14 10:28:35,087 INFO  server.RaftServerConfigKeys (ConfUtils.java:logGet(43)) - raft.server.retrycache.expirytime = 600000ms (custom)
2019-06-14 10:28:35,087 INFO  impl.RaftServerImpl (RaftServerImpl.java:start(173)) - 33efc1b5-c38d-44ff-b22e-2cf6345186ab: start group-10CF7E7D22E2
2019-06-14 10:28:35,087 INFO  impl.RaftServerImpl (RaftServerImpl.java:setRole(164)) - 33efc1b5-c38d-44ff-b22e-2cf6345186ab:group-10CF7E7D22E2 changes role from null to FOLLOWER at term 0 for startAsFollower
2019-06-14 10:28:35,087 INFO  impl.RoleInfo (RoleInfo.java:updateAndGet(143)) - 33efc1b5-c38d-44ff-b22e-2cf6345186ab: start FollowerState
2019-06-14 10:28:35,087 INFO  storage.RaftStorage (RaftStorage.java:format(75)) - Storage directory /opt/src/hadoop-ozone/integration-test/target/test-dir/MiniOzoneClusterImpl-03992a08-0158-43fa-8fa3-615e5cd36033/datanode-4/data/ratis/351ff53c-7f58-442d-962b-10cf7e7d22e2 has been successfully formatted.
2019-06-14 10:28:35,088 INFO  ratis.ContainerStateMachine (ContainerStateMachine.java:loadSnapshot(199)) - The snapshot info is null.Setting the last applied index to:(t:0, i:~)
2019-06-14 10:28:35,088 INFO  server.RaftServerConfigKeys (ConfUtils.java:logGet(43)) - raft.server.leader.election.timeout = 120s (custom)
2019-06-14 10:28:35,088 INFO  server.RaftServerConfigKeys (ConfUtils.java:logGet(43)) - raft.server.log.use.memory = false (default)
2019-06-14 10:28:35,088 INFO  server.RaftServerConfigKeys (ConfUtils.java:logGet(43)) - raft.server.log.appender.buffer.byte-limit = 33554432 (custom)
2019-06-14 10:28:35,088 INFO  server.RaftServerConfigKeys (ConfUtils.java:logGet(43)) - raft.server.log.segment.size.max = 16384 (custom)
2019-06-14 10:28:35,088 INFO  server.RaftServerConfigKeys (ConfUtils.java:logGet(43)) - raft.server.log.segment.cache.num.max = 2 (custom)
2019-06-14 10:28:35,088 INFO  storage.RaftLogWorker (RaftLogWorker.java:<init>(123)) - new 99630a57-0e9f-428d-8086-37f49b9f2f2f-RaftLogWorker for Storage Directory /opt/src/hadoop-ozone/integration-test/target/test-dir/MiniOzoneClusterImpl-03992a08-0158-43fa-8fa3-615e5cd36033/datanode-4/data/ratis/351ff53c-7f58-442d-962b-10cf7e7d22e2
2019-06-14 10:28:35,088 INFO  server.RaftServerConfigKeys (ConfUtils.java:logGet(43)) - raft.server.log.queue.byte-limit = 2147483647 (custom)
2019-06-14 10:28:35,088 INFO  server.RaftServerConfigKeys (ConfUtils.java:logGet(43)) - raft.server.log.queue.element-limit = 1024 (custom)
2019-06-14 10:28:35,088 INFO  server.RaftServerConfigKeys (ConfUtils.java:logGet(43)) - raft.server.log.segment.size.max = 16384 (custom)
2019-06-14 10:28:35,088 INFO  server.RaftServerConfigKeys (ConfUtils.java:logGet(43)) - raft.server.log.preallocated.size = 16384 (custom)
2019-06-14 10:28:35,088 INFO  server.RaftServerConfigKeys (ConfUtils.java:logGet(43)) - raft.server.log.write.buffer.size = 33554432 (custom)
2019-06-14 10:28:35,088 INFO  server.RaftServerConfigKeys (ConfUtils.java:logGet(43)) - raft.server.log.force.sync.num = 128 (default)
2019-06-14 10:28:35,088 INFO  server.RaftServerConfigKeys (ConfUtils.java:logGet(43)) - raft.server.log.statemachine.data.sync = true (default)
2019-06-14 10:28:35,089 INFO  server.RaftServerConfigKeys (ConfUtils.java:logGet(43)) - raft.server.log.statemachine.data.sync.timeout = 10s (default)
2019-06-14 10:28:35,089 INFO  server.RaftServerConfigKeys (ConfUtils.java:logGet(43)) - raft.server.log.statemachine.data.sync.timeout.retry = -1 (default)
2019-06-14 10:28:35,089 INFO  server.RaftServerConfigKeys (ConfUtils.java:logGet(43)) - raft.server.log.statemachine.data.caching.enabled = true (custom)
2019-06-14 10:28:35,089 INFO  util.JmxRegister (JmxRegister.java:tryRegister(44)) - Successfully registered JMX Bean with object name Ratis:service=RaftServer,group=group-10CF7E7D22E2,id=33efc1b5-c38d-44ff-b22e-2cf6345186ab
2019-06-14 10:28:35,089 INFO  server.RaftServerConfigKeys (ConfUtils.java:logGet(43)) - raft.server.snapshot.auto.trigger.enabled = true (custom)
2019-06-14 10:28:35,089 INFO  server.RaftServerConfigKeys (ConfUtils.java:logGet(43)) - raft.server.snapshot.auto.trigger.threshold = 10000 (custom)
2019-06-14 10:28:35,089 INFO  server.RaftServerConfigKeys (ConfUtils.java:logGet(43)) - raft.server.retrycache.expirytime = 600000ms (custom)
2019-06-14 10:28:35,089 INFO  impl.RaftServerImpl (RaftServerImpl.java:start(173)) - 99630a57-0e9f-428d-8086-37f49b9f2f2f: start group-10CF7E7D22E2
2019-06-14 10:28:35,089 INFO  impl.RaftServerImpl (RaftServerImpl.java:setRole(164)) - 99630a57-0e9f-428d-8086-37f49b9f2f2f:group-10CF7E7D22E2 changes role from null to FOLLOWER at term 0 for startAsFollower
2019-06-14 10:28:35,090 INFO  impl.RoleInfo (RoleInfo.java:updateAndGet(143)) - 99630a57-0e9f-428d-8086-37f49b9f2f2f: start FollowerState
2019-06-14 10:28:35,090 INFO  util.JmxRegister (JmxRegister.java:tryRegister(44)) - Successfully registered JMX Bean with object name Ratis:service=RaftServer,group=group-10CF7E7D22E2,id=99630a57-0e9f-428d-8086-37f49b9f2f2f
2019-06-14 10:28:35,091 INFO  pipeline.PipelineStateManager (PipelineStateManager.java:addPipeline(56)) - Created pipeline Pipeline[ Id: 351ff53c-7f58-442d-962b-10cf7e7d22e2, Nodes: 39aab27a-937d-4d57-9e31-3229443b5129{ip: 192.168.46.40, host: ozone-cf6ld-438179620, networkLocation: /default-rack, certSerialId: null}99630a57-0e9f-428d-8086-37f49b9f2f2f{ip: 192.168.46.40, host: ozone-cf6ld-438179620, networkLocation: /default-rack, certSerialId: null}33efc1b5-c38d-44ff-b22e-2cf6345186ab{ip: 192.168.46.40, host: ozone-cf6ld-438179620, networkLocation: /default-rack, certSerialId: null}, Type:RATIS, Factor:THREE, State:OPEN]
2019-06-14 10:28:35,362 INFO  impl.FollowerState (FollowerState.java:run(101)) - 3f724bbd-d63c-4ef6-aa2a-655c2fd50fa1:group-7334ADA910CD changes to CANDIDATE, lastRpcTime:1012, electionTimeout:1012ms
2019-06-14 10:28:35,362 INFO  impl.RoleInfo (RoleInfo.java:shutdownFollowerState(121)) - 3f724bbd-d63c-4ef6-aa2a-655c2fd50fa1: shutdown FollowerState
2019-06-14 10:28:35,362 INFO  impl.RaftServerImpl (RaftServerImpl.java:setRole(164)) - 3f724bbd-d63c-4ef6-aa2a-655c2fd50fa1:group-7334ADA910CD changes role from FOLLOWER to CANDIDATE at term 0 for changeToCandidate
2019-06-14 10:28:35,362 INFO  impl.RoleInfo (RoleInfo.java:updateAndGet(143)) - 3f724bbd-d63c-4ef6-aa2a-655c2fd50fa1: start LeaderElection
2019-06-14 10:28:35,365 INFO  impl.LeaderElection (LeaderElection.java:askForVotes(181)) - 3f724bbd-d63c-4ef6-aa2a-655c2fd50fa1:group-7334ADA910CD:LeaderElection50: begin an election at term 1 for -1: [3f724bbd-d63c-4ef6-aa2a-655c2fd50fa1:192.168.46.40:41431], old=null
2019-06-14 10:28:35,365 INFO  impl.RoleInfo (RoleInfo.java:shutdownLeaderElection(134)) - 3f724bbd-d63c-4ef6-aa2a-655c2fd50fa1: shutdown LeaderElection
2019-06-14 10:28:35,365 INFO  impl.RaftServerImpl (RaftServerImpl.java:setRole(164)) - 3f724bbd-d63c-4ef6-aa2a-655c2fd50fa1:group-7334ADA910CD changes role from CANDIDATE to LEADER at term 1 for changeToLeader
2019-06-14 10:28:35,365 INFO  impl.RaftServerImpl (ServerState.java:setLeader(263)) - 3f724bbd-d63c-4ef6-aa2a-655c2fd50fa1:group-7334ADA910CD change Leader from null to 3f724bbd-d63c-4ef6-aa2a-655c2fd50fa1 at term 1 for becomeLeader, leader elected after 1017ms
2019-06-14 10:28:35,365 INFO  server.RaftServerConfigKeys (ConfUtils.java:logGet(43)) - raft.server.staging.catchup.gap = 1000 (default)
2019-06-14 10:28:35,365 INFO  server.RaftServerConfigKeys (ConfUtils.java:logGet(43)) - raft.server.rpc.sleep.time = 25ms (default)
2019-06-14 10:28:35,366 INFO  server.RaftServerConfigKeys (ConfUtils.java:logGet(43)) - raft.server.watch.timeout = 10s (default)
2019-06-14 10:28:35,366 INFO  server.RaftServerConfigKeys (ConfUtils.java:logGet(43)) - raft.server.watch.timeout.denomination = 1s (default)
2019-06-14 10:28:35,366 INFO  impl.RoleInfo (RoleInfo.java:updateAndGet(143)) - 3f724bbd-d63c-4ef6-aa2a-655c2fd50fa1: start LeaderState
2019-06-14 10:28:35,366 INFO  storage.RaftLogWorker (RaftLogWorker.java:startLogSegment(298)) - 3f724bbd-d63c-4ef6-aa2a-655c2fd50fa1-RaftLogWorker: Starting segment from index:0
2019-06-14 10:28:35,366 INFO  impl.RaftServerImpl (ServerState.java:setRaftConf(361)) - 3f724bbd-d63c-4ef6-aa2a-655c2fd50fa1:group-7334ADA910CD set configuration 0: [3f724bbd-d63c-4ef6-aa2a-655c2fd50fa1:192.168.46.40:41431], old=null at 0
2019-06-14 10:28:35,405 INFO  storage.RaftLogWorker (RaftLogWorker.java:execute(469)) - 3f724bbd-d63c-4ef6-aa2a-655c2fd50fa1-RaftLogWorker: created new log segment /opt/src/hadoop-ozone/integration-test/target/test-dir/MiniOzoneClusterImpl-03992a08-0158-43fa-8fa3-615e5cd36033/datanode-0/data/ratis/6b45cbd4-fdeb-4f98-8a2b-7334ada910cd/current/log_inprogress_0
2019-06-14 10:28:35,534 INFO  impl.FollowerState (FollowerState.java:run(101)) - b0aa3512-c9c4-47f5-8fca-680ed027fea5:group-E4EB4F6EDEBE changes to CANDIDATE, lastRpcTime:1048, electionTimeout:1048ms
2019-06-14 10:28:35,535 INFO  impl.RoleInfo (RoleInfo.java:shutdownFollowerState(121)) - b0aa3512-c9c4-47f5-8fca-680ed027fea5: shutdown FollowerState
2019-06-14 10:28:35,535 INFO  impl.RaftServerImpl (RaftServerImpl.java:setRole(164)) - b0aa3512-c9c4-47f5-8fca-680ed027fea5:group-E4EB4F6EDEBE changes role from FOLLOWER to CANDIDATE at term 0 for changeToCandidate
2019-06-14 10:28:35,535 INFO  impl.RoleInfo (RoleInfo.java:updateAndGet(143)) - b0aa3512-c9c4-47f5-8fca-680ed027fea5: start LeaderElection
2019-06-14 10:28:35,537 INFO  impl.LeaderElection (LeaderElection.java:askForVotes(181)) - b0aa3512-c9c4-47f5-8fca-680ed027fea5:group-E4EB4F6EDEBE:LeaderElection51: begin an election at term 1 for -1: [b0aa3512-c9c4-47f5-8fca-680ed027fea5:192.168.46.40:43081], old=null
2019-06-14 10:28:35,537 INFO  impl.RoleInfo (RoleInfo.java:shutdownLeaderElection(134)) - b0aa3512-c9c4-47f5-8fca-680ed027fea5: shutdown LeaderElection
2019-06-14 10:28:35,537 INFO  impl.RaftServerImpl (RaftServerImpl.java:setRole(164)) - b0aa3512-c9c4-47f5-8fca-680ed027fea5:group-E4EB4F6EDEBE changes role from CANDIDATE to LEADER at term 1 for changeToLeader
2019-06-14 10:28:35,537 INFO  impl.RaftServerImpl (ServerState.java:setLeader(263)) - b0aa3512-c9c4-47f5-8fca-680ed027fea5:group-E4EB4F6EDEBE change Leader from null to b0aa3512-c9c4-47f5-8fca-680ed027fea5 at term 1 for becomeLeader, leader elected after 1052ms
2019-06-14 10:28:35,537 INFO  server.RaftServerConfigKeys (ConfUtils.java:logGet(43)) - raft.server.staging.catchup.gap = 1000 (default)
2019-06-14 10:28:35,537 INFO  server.RaftServerConfigKeys (ConfUtils.java:logGet(43)) - raft.server.rpc.sleep.time = 25ms (default)
2019-06-14 10:28:35,538 INFO  server.RaftServerConfigKeys (ConfUtils.java:logGet(43)) - raft.server.watch.timeout = 10s (default)
2019-06-14 10:28:35,538 INFO  server.RaftServerConfigKeys (ConfUtils.java:logGet(43)) - raft.server.watch.timeout.denomination = 1s (default)
2019-06-14 10:28:35,538 INFO  impl.RoleInfo (RoleInfo.java:updateAndGet(143)) - b0aa3512-c9c4-47f5-8fca-680ed027fea5: start LeaderState
2019-06-14 10:28:35,538 INFO  storage.RaftLogWorker (RaftLogWorker.java:startLogSegment(298)) - b0aa3512-c9c4-47f5-8fca-680ed027fea5-RaftLogWorker: Starting segment from index:0
2019-06-14 10:28:35,538 INFO  impl.RaftServerImpl (ServerState.java:setRaftConf(361)) - b0aa3512-c9c4-47f5-8fca-680ed027fea5:group-E4EB4F6EDEBE set configuration 0: [b0aa3512-c9c4-47f5-8fca-680ed027fea5:192.168.46.40:43081], old=null at 0
2019-06-14 10:28:35,574 INFO  storage.RaftLogWorker (RaftLogWorker.java:execute(469)) - b0aa3512-c9c4-47f5-8fca-680ed027fea5-RaftLogWorker: created new log segment /opt/src/hadoop-ozone/integration-test/target/test-dir/MiniOzoneClusterImpl-03992a08-0158-43fa-8fa3-615e5cd36033/datanode-1/data/ratis/ddce84fc-89c0-4d84-a72a-e4eb4f6edebe/current/log_inprogress_0
2019-06-14 10:28:35,716 INFO  impl.FollowerState (FollowerState.java:run(101)) - 3f724bbd-d63c-4ef6-aa2a-655c2fd50fa1:group-E9B621366AF0 changes to CANDIDATE, lastRpcTime:1059, electionTimeout:1059ms
2019-06-14 10:28:35,716 INFO  impl.RoleInfo (RoleInfo.java:shutdownFollowerState(121)) - 3f724bbd-d63c-4ef6-aa2a-655c2fd50fa1: shutdown FollowerState
2019-06-14 10:28:35,716 INFO  impl.RaftServerImpl (RaftServerImpl.java:setRole(164)) - 3f724bbd-d63c-4ef6-aa2a-655c2fd50fa1:group-E9B621366AF0 changes role from FOLLOWER to CANDIDATE at term 0 for changeToCandidate
2019-06-14 10:28:35,716 INFO  impl.RoleInfo (RoleInfo.java:updateAndGet(143)) - 3f724bbd-d63c-4ef6-aa2a-655c2fd50fa1: start LeaderElection
2019-06-14 10:28:35,718 INFO  impl.LeaderElection (LeaderElection.java:askForVotes(181)) - 3f724bbd-d63c-4ef6-aa2a-655c2fd50fa1:group-E9B621366AF0:LeaderElection52: begin an election at term 1 for -1: [3f724bbd-d63c-4ef6-aa2a-655c2fd50fa1:192.168.46.40:41431, 3e94f7ad-f8b9-473d-b417-a18a228d116d:192.168.46.40:38747, b0aa3512-c9c4-47f5-8fca-680ed027fea5:192.168.46.40:43081], old=null
2019-06-14 10:28:35,722 INFO  impl.RaftServerImpl (RaftServerImpl.java:setRole(164)) - b0aa3512-c9c4-47f5-8fca-680ed027fea5:group-E9B621366AF0 changes role from FOLLOWER to FOLLOWER at term 1 for recognizeCandidate:3f724bbd-d63c-4ef6-aa2a-655c2fd50fa1
2019-06-14 10:28:35,722 INFO  impl.RaftServerImpl (RaftServerImpl.java:setRole(164)) - 3e94f7ad-f8b9-473d-b417-a18a228d116d:group-E9B621366AF0 changes role from FOLLOWER to FOLLOWER at term 1 for recognizeCandidate:3f724bbd-d63c-4ef6-aa2a-655c2fd50fa1
2019-06-14 10:28:35,722 INFO  impl.RoleInfo (RoleInfo.java:shutdownFollowerState(121)) - b0aa3512-c9c4-47f5-8fca-680ed027fea5: shutdown FollowerState
2019-06-14 10:28:35,722 INFO  impl.RoleInfo (RoleInfo.java:shutdownFollowerState(121)) - 3e94f7ad-f8b9-473d-b417-a18a228d116d: shutdown FollowerState
2019-06-14 10:28:35,722 INFO  impl.FollowerState (FollowerState.java:run(109)) - b0aa3512-c9c4-47f5-8fca-680ed027fea5: FollowerState was interrupted: java.lang.InterruptedException: sleep interrupted
2019-06-14 10:28:35,722 INFO  impl.FollowerState (FollowerState.java:run(109)) - 3e94f7ad-f8b9-473d-b417-a18a228d116d: FollowerState was interrupted: java.lang.InterruptedException: sleep interrupted
2019-06-14 10:28:35,722 INFO  impl.RoleInfo (RoleInfo.java:updateAndGet(143)) - b0aa3512-c9c4-47f5-8fca-680ed027fea5: start FollowerState
2019-06-14 10:28:35,722 INFO  impl.RoleInfo (RoleInfo.java:updateAndGet(143)) - 3e94f7ad-f8b9-473d-b417-a18a228d116d: start FollowerState
2019-06-14 10:28:35,725 INFO  impl.LeaderElection (LeaderElection.java:logAndReturn(56)) - 3f724bbd-d63c-4ef6-aa2a-655c2fd50fa1:group-E9B621366AF0:LeaderElection52: Election PASSED; received 1 response(s) [3f724bbd-d63c-4ef6-aa2a-655c2fd50fa1->3e94f7ad-f8b9-473d-b417-a18a228d116d,true-t1] and 0 exception(s); 3f724bbd-d63c-4ef6-aa2a-655c2fd50fa1:t1, leader=null, voted=3f724bbd-d63c-4ef6-aa2a-655c2fd50fa1, raftlog=3f724bbd-d63c-4ef6-aa2a-655c2fd50fa1-SegmentedRaftLog:OPENED:c-1,f-1,i0, conf=-1: [3f724bbd-d63c-4ef6-aa2a-655c2fd50fa1:192.168.46.40:41431, 3e94f7ad-f8b9-473d-b417-a18a228d116d:192.168.46.40:38747, b0aa3512-c9c4-47f5-8fca-680ed027fea5:192.168.46.40:43081], old=null
2019-06-14 10:28:35,725 INFO  impl.RoleInfo (RoleInfo.java:shutdownLeaderElection(134)) - 3f724bbd-d63c-4ef6-aa2a-655c2fd50fa1: shutdown LeaderElection
2019-06-14 10:28:35,725 INFO  impl.RaftServerImpl (RaftServerImpl.java:setRole(164)) - 3f724bbd-d63c-4ef6-aa2a-655c2fd50fa1:group-E9B621366AF0 changes role from CANDIDATE to LEADER at term 1 for changeToLeader
2019-06-14 10:28:35,725 INFO  impl.RaftServerImpl (ServerState.java:setLeader(263)) - 3f724bbd-d63c-4ef6-aa2a-655c2fd50fa1:group-E9B621366AF0 change Leader from null to 3f724bbd-d63c-4ef6-aa2a-655c2fd50fa1 at term 1 for becomeLeader, leader elected after 1074ms
2019-06-14 10:28:35,725 INFO  server.RaftServerConfigKeys (ConfUtils.java:logGet(43)) - raft.server.staging.catchup.gap = 1000 (default)
2019-06-14 10:28:35,726 INFO  server.RaftServerConfigKeys (ConfUtils.java:logGet(43)) - raft.server.rpc.sleep.time = 25ms (default)
2019-06-14 10:28:35,726 INFO  server.RaftServerConfigKeys (ConfUtils.java:logGet(43)) - raft.server.watch.timeout = 10s (default)
2019-06-14 10:28:35,726 INFO  server.RaftServerConfigKeys (ConfUtils.java:logGet(43)) - raft.server.watch.timeout.denomination = 1s (default)
2019-06-14 10:28:35,726 INFO  server.RaftServerConfigKeys (ConfUtils.java:logGet(43)) - raft.server.log.appender.snapshot.chunk.size.max = 16MB (=16777216) (default)
2019-06-14 10:28:35,726 INFO  server.RaftServerConfigKeys (ConfUtils.java:logGet(43)) - raft.server.log.appender.buffer.byte-limit = 33554432 (custom)
2019-06-14 10:28:35,726 INFO  server.RaftServerConfigKeys (ConfUtils.java:logGet(43)) - raft.server.log.appender.buffer.element-limit = 1 (custom)
2019-06-14 10:28:35,726 INFO  grpc.GrpcConfigKeys$Server (ConfUtils.java:logGet(43)) - raft.grpc.server.leader.outstanding.appends.max = 128 (default)
2019-06-14 10:28:35,726 INFO  server.RaftServerConfigKeys (ConfUtils.java:logGet(43)) - raft.server.rpc.request.timeout = 3000ms (default)
2019-06-14 10:28:35,726 INFO  server.RaftServerConfigKeys (ConfUtils.java:logGet(43)) - raft.server.log.appender.install.snapshot.enabled = true (default)
2019-06-14 10:28:35,726 INFO  server.RaftServerConfigKeys (ConfUtils.java:logGet(43)) - raft.server.log.appender.snapshot.chunk.size.max = 16MB (=16777216) (default)
2019-06-14 10:28:35,726 INFO  server.RaftServerConfigKeys (ConfUtils.java:logGet(43)) - raft.server.log.appender.buffer.byte-limit = 33554432 (custom)
2019-06-14 10:28:35,727 INFO  server.RaftServerConfigKeys (ConfUtils.java:logGet(43)) - raft.server.log.appender.buffer.element-limit = 1 (custom)
2019-06-14 10:28:35,727 INFO  grpc.GrpcConfigKeys$Server (ConfUtils.java:logGet(43)) - raft.grpc.server.leader.outstanding.appends.max = 128 (default)
2019-06-14 10:28:35,727 INFO  server.RaftServerConfigKeys (ConfUtils.java:logGet(43)) - raft.server.rpc.request.timeout = 3000ms (default)
2019-06-14 10:28:35,727 INFO  server.RaftServerConfigKeys (ConfUtils.java:logGet(43)) - raft.server.log.appender.install.snapshot.enabled = true (default)
2019-06-14 10:28:35,727 INFO  impl.RoleInfo (RoleInfo.java:updateAndGet(143)) - 3f724bbd-d63c-4ef6-aa2a-655c2fd50fa1: start LeaderState
2019-06-14 10:28:35,727 INFO  storage.RaftLogWorker (RaftLogWorker.java:startLogSegment(298)) - 3f724bbd-d63c-4ef6-aa2a-655c2fd50fa1-RaftLogWorker: Starting segment from index:0
2019-06-14 10:28:35,729 INFO  impl.RaftServerImpl (ServerState.java:setLeader(263)) - 3e94f7ad-f8b9-473d-b417-a18a228d116d:group-E9B621366AF0 change Leader from null to 3f724bbd-d63c-4ef6-aa2a-655c2fd50fa1 at term 1 for appendEntries, leader elected after 1079ms
2019-06-14 10:28:35,730 INFO  impl.RaftServerImpl (ServerState.java:setRaftConf(361)) - 3f724bbd-d63c-4ef6-aa2a-655c2fd50fa1:group-E9B621366AF0 set configuration 0: [3f724bbd-d63c-4ef6-aa2a-655c2fd50fa1:192.168.46.40:41431, 3e94f7ad-f8b9-473d-b417-a18a228d116d:192.168.46.40:38747, b0aa3512-c9c4-47f5-8fca-680ed027fea5:192.168.46.40:43081], old=null at 0
2019-06-14 10:28:35,733 INFO  impl.RaftServerImpl (ServerState.java:setLeader(263)) - b0aa3512-c9c4-47f5-8fca-680ed027fea5:group-E9B621366AF0 change Leader from null to 3f724bbd-d63c-4ef6-aa2a-655c2fd50fa1 at term 1 for appendEntries, leader elected after 1083ms
2019-06-14 10:28:35,734 INFO  impl.RaftServerImpl (ServerState.java:setRaftConf(361)) - 3e94f7ad-f8b9-473d-b417-a18a228d116d:group-E9B621366AF0 set configuration 0: [3f724bbd-d63c-4ef6-aa2a-655c2fd50fa1:192.168.46.40:41431, 3e94f7ad-f8b9-473d-b417-a18a228d116d:192.168.46.40:38747, b0aa3512-c9c4-47f5-8fca-680ed027fea5:192.168.46.40:43081], old=null at 0
2019-06-14 10:28:35,734 INFO  storage.RaftLogWorker (RaftLogWorker.java:startLogSegment(298)) - 3e94f7ad-f8b9-473d-b417-a18a228d116d-RaftLogWorker: Starting segment from index:0
2019-06-14 10:28:35,751 INFO  impl.RaftServerImpl (ServerState.java:setRaftConf(361)) - b0aa3512-c9c4-47f5-8fca-680ed027fea5:group-E9B621366AF0 set configuration 0: [3f724bbd-d63c-4ef6-aa2a-655c2fd50fa1:192.168.46.40:41431, 3e94f7ad-f8b9-473d-b417-a18a228d116d:192.168.46.40:38747, b0aa3512-c9c4-47f5-8fca-680ed027fea5:192.168.46.40:43081], old=null at 0
2019-06-14 10:28:35,751 INFO  storage.RaftLogWorker (RaftLogWorker.java:startLogSegment(298)) - b0aa3512-c9c4-47f5-8fca-680ed027fea5-RaftLogWorker: Starting segment from index:0
2019-06-14 10:28:35,770 INFO  storage.RaftLogWorker (RaftLogWorker.java:execute(469)) - 3f724bbd-d63c-4ef6-aa2a-655c2fd50fa1-RaftLogWorker: created new log segment /opt/src/hadoop-ozone/integration-test/target/test-dir/MiniOzoneClusterImpl-03992a08-0158-43fa-8fa3-615e5cd36033/datanode-0/data/ratis/2be980ba-d86e-45e3-a17d-e9b621366af0/current/log_inprogress_0
2019-06-14 10:28:35,794 INFO  storage.RaftLogWorker (RaftLogWorker.java:execute(469)) - b0aa3512-c9c4-47f5-8fca-680ed027fea5-RaftLogWorker: created new log segment /opt/src/hadoop-ozone/integration-test/target/test-dir/MiniOzoneClusterImpl-03992a08-0158-43fa-8fa3-615e5cd36033/datanode-1/data/ratis/2be980ba-d86e-45e3-a17d-e9b621366af0/current/log_inprogress_0
2019-06-14 10:28:35,798 INFO  storage.RaftLogWorker (RaftLogWorker.java:execute(469)) - 3e94f7ad-f8b9-473d-b417-a18a228d116d-RaftLogWorker: created new log segment /opt/src/hadoop-ozone/integration-test/target/test-dir/MiniOzoneClusterImpl-03992a08-0158-43fa-8fa3-615e5cd36033/datanode-2/data/ratis/2be980ba-d86e-45e3-a17d-e9b621366af0/current/log_inprogress_0
2019-06-14 10:28:35,805 INFO  impl.FollowerState (FollowerState.java:run(101)) - 3e94f7ad-f8b9-473d-b417-a18a228d116d:group-852EB5213E14 changes to CANDIDATE, lastRpcTime:1172, electionTimeout:1172ms
2019-06-14 10:28:35,805 INFO  impl.RoleInfo (RoleInfo.java:shutdownFollowerState(121)) - 3e94f7ad-f8b9-473d-b417-a18a228d116d: shutdown FollowerState
2019-06-14 10:28:35,805 INFO  impl.RaftServerImpl (RaftServerImpl.java:setRole(164)) - 3e94f7ad-f8b9-473d-b417-a18a228d116d:group-852EB5213E14 changes role from FOLLOWER to CANDIDATE at term 0 for changeToCandidate
2019-06-14 10:28:35,805 INFO  impl.RoleInfo (RoleInfo.java:updateAndGet(143)) - 3e94f7ad-f8b9-473d-b417-a18a228d116d: start LeaderElection
2019-06-14 10:28:35,807 INFO  impl.LeaderElection (LeaderElection.java:askForVotes(181)) - 3e94f7ad-f8b9-473d-b417-a18a228d116d:group-852EB5213E14:LeaderElection53: begin an election at term 1 for -1: [3e94f7ad-f8b9-473d-b417-a18a228d116d:192.168.46.40:38747], old=null
2019-06-14 10:28:35,807 INFO  impl.RoleInfo (RoleInfo.java:shutdownLeaderElection(134)) - 3e94f7ad-f8b9-473d-b417-a18a228d116d: shutdown LeaderElection
2019-06-14 10:28:35,807 INFO  impl.RaftServerImpl (RaftServerImpl.java:setRole(164)) - 3e94f7ad-f8b9-473d-b417-a18a228d116d:group-852EB5213E14 changes role from CANDIDATE to LEADER at term 1 for changeToLeader
2019-06-14 10:28:35,807 INFO  impl.RaftServerImpl (ServerState.java:setLeader(263)) - 3e94f7ad-f8b9-473d-b417-a18a228d116d:group-852EB5213E14 change Leader from null to 3e94f7ad-f8b9-473d-b417-a18a228d116d at term 1 for becomeLeader, leader elected after 1176ms
2019-06-14 10:28:35,808 INFO  server.RaftServerConfigKeys (ConfUtils.java:logGet(43)) - raft.server.staging.catchup.gap = 1000 (default)
2019-06-14 10:28:35,808 INFO  server.RaftServerConfigKeys (ConfUtils.java:logGet(43)) - raft.server.rpc.sleep.time = 25ms (default)
2019-06-14 10:28:35,808 INFO  server.RaftServerConfigKeys (ConfUtils.java:logGet(43)) - raft.server.watch.timeout = 10s (default)
2019-06-14 10:28:35,808 INFO  server.RaftServerConfigKeys (ConfUtils.java:logGet(43)) - raft.server.watch.timeout.denomination = 1s (default)
2019-06-14 10:28:35,808 INFO  impl.RoleInfo (RoleInfo.java:updateAndGet(143)) - 3e94f7ad-f8b9-473d-b417-a18a228d116d: start LeaderState
2019-06-14 10:28:35,808 INFO  storage.RaftLogWorker (RaftLogWorker.java:startLogSegment(298)) - 3e94f7ad-f8b9-473d-b417-a18a228d116d-RaftLogWorker: Starting segment from index:0
2019-06-14 10:28:35,808 INFO  impl.RaftServerImpl (ServerState.java:setRaftConf(361)) - 3e94f7ad-f8b9-473d-b417-a18a228d116d:group-852EB5213E14 set configuration 0: [3e94f7ad-f8b9-473d-b417-a18a228d116d:192.168.46.40:38747], old=null at 0
2019-06-14 10:28:35,844 INFO  storage.RaftLogWorker (RaftLogWorker.java:execute(469)) - 3e94f7ad-f8b9-473d-b417-a18a228d116d-RaftLogWorker: created new log segment /opt/src/hadoop-ozone/integration-test/target/test-dir/MiniOzoneClusterImpl-03992a08-0158-43fa-8fa3-615e5cd36033/datanode-2/data/ratis/de0339ac-8139-4db3-9039-852eb5213e14/current/log_inprogress_0
2019-06-14 10:28:35,924 INFO  impl.FollowerState (FollowerState.java:run(101)) - 33efc1b5-c38d-44ff-b22e-2cf6345186ab:group-E6185D92FC79 changes to CANDIDATE, lastRpcTime:1155, electionTimeout:1155ms
2019-06-14 10:28:35,925 INFO  impl.RoleInfo (RoleInfo.java:shutdownFollowerState(121)) - 33efc1b5-c38d-44ff-b22e-2cf6345186ab: shutdown FollowerState
2019-06-14 10:28:35,925 INFO  impl.RaftServerImpl (RaftServerImpl.java:setRole(164)) - 33efc1b5-c38d-44ff-b22e-2cf6345186ab:group-E6185D92FC79 changes role from FOLLOWER to CANDIDATE at term 0 for changeToCandidate
2019-06-14 10:28:35,925 INFO  impl.RoleInfo (RoleInfo.java:updateAndGet(143)) - 33efc1b5-c38d-44ff-b22e-2cf6345186ab: start LeaderElection
2019-06-14 10:28:35,927 INFO  impl.LeaderElection (LeaderElection.java:askForVotes(181)) - 33efc1b5-c38d-44ff-b22e-2cf6345186ab:group-E6185D92FC79:LeaderElection54: begin an election at term 1 for -1: [33efc1b5-c38d-44ff-b22e-2cf6345186ab:192.168.46.40:35335], old=null
2019-06-14 10:28:35,927 INFO  impl.RoleInfo (RoleInfo.java:shutdownLeaderElection(134)) - 33efc1b5-c38d-44ff-b22e-2cf6345186ab: shutdown LeaderElection
2019-06-14 10:28:35,927 INFO  impl.RaftServerImpl (RaftServerImpl.java:setRole(164)) - 33efc1b5-c38d-44ff-b22e-2cf6345186ab:group-E6185D92FC79 changes role from CANDIDATE to LEADER at term 1 for changeToLeader
2019-06-14 10:28:35,927 INFO  impl.RaftServerImpl (ServerState.java:setLeader(263)) - 33efc1b5-c38d-44ff-b22e-2cf6345186ab:group-E6185D92FC79 change Leader from null to 33efc1b5-c38d-44ff-b22e-2cf6345186ab at term 1 for becomeLeader, leader elected after 1159ms
2019-06-14 10:28:35,928 INFO  server.RaftServerConfigKeys (ConfUtils.java:logGet(43)) - raft.server.staging.catchup.gap = 1000 (default)
2019-06-14 10:28:35,928 INFO  server.RaftServerConfigKeys (ConfUtils.java:logGet(43)) - raft.server.rpc.sleep.time = 25ms (default)
2019-06-14 10:28:35,928 INFO  server.RaftServerConfigKeys (ConfUtils.java:logGet(43)) - raft.server.watch.timeout = 10s (default)
2019-06-14 10:28:35,928 INFO  server.RaftServerConfigKeys (ConfUtils.java:logGet(43)) - raft.server.watch.timeout.denomination = 1s (default)
2019-06-14 10:28:35,928 INFO  impl.RoleInfo (RoleInfo.java:updateAndGet(143)) - 33efc1b5-c38d-44ff-b22e-2cf6345186ab: start LeaderState
2019-06-14 10:28:35,928 INFO  storage.RaftLogWorker (RaftLogWorker.java:startLogSegment(298)) - 33efc1b5-c38d-44ff-b22e-2cf6345186ab-RaftLogWorker: Starting segment from index:0
2019-06-14 10:28:35,937 INFO  impl.RaftServerImpl (ServerState.java:setRaftConf(361)) - 33efc1b5-c38d-44ff-b22e-2cf6345186ab:group-E6185D92FC79 set configuration 0: [33efc1b5-c38d-44ff-b22e-2cf6345186ab:192.168.46.40:35335], old=null at 0
2019-06-14 10:28:35,964 INFO  storage.RaftLogWorker (RaftLogWorker.java:execute(469)) - 33efc1b5-c38d-44ff-b22e-2cf6345186ab-RaftLogWorker: created new log segment /opt/src/hadoop-ozone/integration-test/target/test-dir/MiniOzoneClusterImpl-03992a08-0158-43fa-8fa3-615e5cd36033/datanode-3/data/ratis/b59475b8-b357-459e-b604-e6185d92fc79/current/log_inprogress_0
2019-06-14 10:28:36,050 INFO  ozone.MiniOzoneClusterImpl (MiniOzoneClusterImpl.java:lambda$waitForClusterToBeReady$0(142)) - Cluster is ready. Got 6 of 6 DN Heartbeats.
2019-06-14 10:28:36,064 INFO  rpc.RpcClient (RpcClient.java:createVolume(289)) - Creating Volume: datanodefailurehandlingtest, with root as owner.
2019-06-14 10:28:36,071 INFO  rpc.RpcClient (RpcClient.java:createBucket(426)) - Creating Bucket: datanodefailurehandlingtest/datanodefailurehandlingtest, with Versioning false and Storage Type set to DISK and Encryption set to false 
2019-06-14 10:28:36,098 INFO  datanode.ObjectStoreHandler (ObjectStoreHandler.java:close(155)) - Closing ObjectStoreHandler.
2019-06-14 10:28:36,098 INFO  ozone.HddsDatanodeService (HddsDatanodeService.java:stop(452)) - Stopped plug-in org.apache.hadoop.ozone.web.OzoneHddsDatanodeService@4fe8e318
2019-06-14 10:28:36,099 INFO  statemachine.DatanodeStateMachine (DatanodeStateMachine.java:lambda$startDaemon$0(350)) - Ozone container server started.
2019-06-14 10:28:36,099 INFO  ozoneimpl.OzoneContainer (OzoneContainer.java:stop(199)) - Attempting to stop container services.
2019-06-14 10:28:36,099 INFO  impl.RaftServerProxy (RaftServerProxy.java:lambda$close$4(314)) - 3e94f7ad-f8b9-473d-b417-a18a228d116d: close
2019-06-14 10:28:36,099 INFO  impl.RaftServerImpl (RaftServerImpl.java:lambda$shutdown$3(238)) - 3e94f7ad-f8b9-473d-b417-a18a228d116d: shutdown group-E9B621366AF0
2019-06-14 10:28:36,100 INFO  util.JmxRegister (JmxRegister.java:unregister(73)) - Successfully un-registered JMX Bean with object name Ratis:service=RaftServer,group=group-E9B621366AF0,id=3e94f7ad-f8b9-473d-b417-a18a228d116d
2019-06-14 10:28:36,100 INFO  impl.RoleInfo (RoleInfo.java:shutdownFollowerState(121)) - 3e94f7ad-f8b9-473d-b417-a18a228d116d: shutdown FollowerState
2019-06-14 10:28:36,100 INFO  impl.FollowerState (FollowerState.java:run(109)) - 3e94f7ad-f8b9-473d-b417-a18a228d116d: FollowerState was interrupted: java.lang.InterruptedException: sleep interrupted
2019-06-14 10:28:36,100 INFO  impl.StateMachineUpdater (StateMachineUpdater.java:stopAndJoin(109)) - StateMachineUpdater-3e94f7ad-f8b9-473d-b417-a18a228d116d-group-E9B621366AF0: set stopIndex = -1
2019-06-14 10:28:36,101 INFO  ratis.ContainerStateMachine (ContainerStateMachine.java:takeSnapshot(245)) - Taking snapshot at termIndex:(t:0, i:~)
2019-06-14 10:28:36,101 INFO  impl.RaftServerImpl (ServerState.java:close(394)) - 3e94f7ad-f8b9-473d-b417-a18a228d116d:group-E9B621366AF0 closes. The last applied log index is -1
2019-06-14 10:28:36,101 INFO  storage.RaftLogWorker (RaftLogWorker.java:run(236)) - 3e94f7ad-f8b9-473d-b417-a18a228d116d-RaftLogWorker was interrupted, exiting. There are 0 tasks remaining in the queue.
2019-06-14 10:28:36,101 INFO  impl.FollowerState (FollowerState.java:run(101)) - 99630a57-0e9f-428d-8086-37f49b9f2f2f:group-2BC068D4182C changes to CANDIDATE, lastRpcTime:1166, electionTimeout:1166ms
2019-06-14 10:28:36,109 INFO  impl.RoleInfo (RoleInfo.java:shutdownFollowerState(121)) - 99630a57-0e9f-428d-8086-37f49b9f2f2f: shutdown FollowerState
2019-06-14 10:28:36,104 INFO  storage.RaftLogWorker (RaftLogWorker.java:close(168)) - 3e94f7ad-f8b9-473d-b417-a18a228d116d-RaftLogWorker close()
2019-06-14 10:28:36,110 INFO  impl.RaftServerImpl (RaftServerImpl.java:setRole(164)) - 99630a57-0e9f-428d-8086-37f49b9f2f2f:group-2BC068D4182C changes role from FOLLOWER to CANDIDATE at term 0 for changeToCandidate
2019-06-14 10:28:36,112 INFO  impl.RaftServerImpl (RaftServerImpl.java:lambda$shutdown$3(238)) - 3e94f7ad-f8b9-473d-b417-a18a228d116d: shutdown group-852EB5213E14
2019-06-14 10:28:36,112 INFO  impl.RoleInfo (RoleInfo.java:updateAndGet(143)) - 99630a57-0e9f-428d-8086-37f49b9f2f2f: start LeaderElection
2019-06-14 10:28:36,112 INFO  util.JmxRegister (JmxRegister.java:unregister(73)) - Successfully un-registered JMX Bean with object name Ratis:service=RaftServer,group=group-852EB5213E14,id=3e94f7ad-f8b9-473d-b417-a18a228d116d
2019-06-14 10:28:36,112 INFO  impl.RoleInfo (RoleInfo.java:shutdownLeaderState(104)) - 3e94f7ad-f8b9-473d-b417-a18a228d116d: shutdown LeaderState
2019-06-14 10:28:36,112 INFO  impl.PendingRequests (PendingRequests.java:sendNotLeaderResponses(140)) - 3e94f7ad-f8b9-473d-b417-a18a228d116d-PendingRequests: sendNotLeaderResponses
2019-06-14 10:28:36,113 INFO  impl.StateMachineUpdater (StateMachineUpdater.java:stopAndJoin(109)) - StateMachineUpdater-3e94f7ad-f8b9-473d-b417-a18a228d116d-group-852EB5213E14: set stopIndex = 0
2019-06-14 10:28:36,113 INFO  ratis.ContainerStateMachine (ContainerStateMachine.java:takeSnapshot(245)) - Taking snapshot at termIndex:(t:0, i:~)
2019-06-14 10:28:36,113 INFO  impl.RaftServerImpl (ServerState.java:close(394)) - 3e94f7ad-f8b9-473d-b417-a18a228d116d:group-852EB5213E14 closes. The last applied log index is 0
2019-06-14 10:28:36,113 INFO  storage.RaftLogWorker (RaftLogWorker.java:run(236)) - 3e94f7ad-f8b9-473d-b417-a18a228d116d-RaftLogWorker was interrupted, exiting. There are 0 tasks remaining in the queue.
2019-06-14 10:28:36,115 INFO  storage.RaftLogWorker (RaftLogWorker.java:close(168)) - 3e94f7ad-f8b9-473d-b417-a18a228d116d-RaftLogWorker close()
2019-06-14 10:28:36,115 INFO  impl.LeaderElection (LeaderElection.java:askForVotes(181)) - 99630a57-0e9f-428d-8086-37f49b9f2f2f:group-2BC068D4182C:LeaderElection55: begin an election at term 1 for -1: [99630a57-0e9f-428d-8086-37f49b9f2f2f:192.168.46.40:40135], old=null
2019-06-14 10:28:36,118 INFO  server.GrpcService (GrpcService.java:closeImpl(154)) - 3e94f7ad-f8b9-473d-b417-a18a228d116d: shutdown server with port 38747 now
2019-06-14 10:28:36,118 INFO  impl.RoleInfo (RoleInfo.java:shutdownLeaderElection(134)) - 99630a57-0e9f-428d-8086-37f49b9f2f2f: shutdown LeaderElection
2019-06-14 10:28:36,118 INFO  impl.RaftServerImpl (RaftServerImpl.java:setRole(164)) - 99630a57-0e9f-428d-8086-37f49b9f2f2f:group-2BC068D4182C changes role from CANDIDATE to LEADER at term 1 for changeToLeader
2019-06-14 10:28:36,118 INFO  impl.RaftServerImpl (ServerState.java:setLeader(263)) - 99630a57-0e9f-428d-8086-37f49b9f2f2f:group-2BC068D4182C change Leader from null to 99630a57-0e9f-428d-8086-37f49b9f2f2f at term 1 for becomeLeader, leader elected after 1184ms
2019-06-14 10:28:36,118 INFO  server.RaftServerConfigKeys (ConfUtils.java:logGet(43)) - raft.server.staging.catchup.gap = 1000 (default)
2019-06-14 10:28:36,118 INFO  server.RaftServerConfigKeys (ConfUtils.java:logGet(43)) - raft.server.rpc.sleep.time = 25ms (default)
2019-06-14 10:28:36,118 INFO  server.RaftServerConfigKeys (ConfUtils.java:logGet(43)) - raft.server.watch.timeout = 10s (default)
2019-06-14 10:28:36,118 INFO  server.RaftServerConfigKeys (ConfUtils.java:logGet(43)) - raft.server.watch.timeout.denomination = 1s (default)
2019-06-14 10:28:36,118 WARN  server.GrpcLogAppender (LogUtils.java:warn(134)) - 3f724bbd-d63c-4ef6-aa2a-655c2fd50fa1: Failed appendEntries to 3e94f7ad-f8b9-473d-b417-a18a228d116d:192.168.46.40:38747: org.apache.ratis.thirdparty.io.grpc.StatusRuntimeException: CANCELLED: HTTP/2 error code: CANCEL
Received Rst Stream
2019-06-14 10:28:36,119 INFO  impl.RoleInfo (RoleInfo.java:updateAndGet(143)) - 99630a57-0e9f-428d-8086-37f49b9f2f2f: start LeaderState
2019-06-14 10:28:36,119 WARN  server.GrpcServerProtocolService (LogUtils.java:warn(134)) - 3e94f7ad-f8b9-473d-b417-a18a228d116d: appendEntries onError: org.apache.ratis.thirdparty.io.grpc.StatusRuntimeException: CANCELLED: cancelled before receiving half close
2019-06-14 10:28:36,119 INFO  impl.FollowerInfo (FollowerInfo.java:lambda$new$0(50)) - 3f724bbd-d63c-4ef6-aa2a-655c2fd50fa1->3e94f7ad-f8b9-473d-b417-a18a228d116d: nextIndex: updateUnconditionally 1 -> 0
2019-06-14 10:28:36,119 INFO  server.GrpcService (GrpcService.java:closeImpl(162)) - 3e94f7ad-f8b9-473d-b417-a18a228d116d: shutdown server with port 38747 successfully
2019-06-14 10:28:36,130 WARN  fs.CachingGetSpaceUsed (CachingGetSpaceUsed.java:run(183)) - Thread Interrupted waiting to refresh disk information: sleep interrupted
2019-06-14 10:28:36,133 INFO  storage.RaftLogWorker (RaftLogWorker.java:startLogSegment(298)) - 99630a57-0e9f-428d-8086-37f49b9f2f2f-RaftLogWorker: Starting segment from index:0
2019-06-14 10:28:36,134 INFO  impl.RaftServerImpl (ServerState.java:setRaftConf(361)) - 99630a57-0e9f-428d-8086-37f49b9f2f2f:group-2BC068D4182C set configuration 0: [99630a57-0e9f-428d-8086-37f49b9f2f2f:192.168.46.40:40135], old=null at 0
2019-06-14 10:28:36,138 WARN  client.GrpcClientProtocolService (LogUtils.java:warn(134)) - 0-OrderedRequestStreamObserver0: onError: org.apache.ratis.thirdparty.io.grpc.StatusRuntimeException: CANCELLED: cancelled before receiving half close
2019-06-14 10:28:36,174 INFO  storage.RaftLogWorker (RaftLogWorker.java:execute(469)) - 99630a57-0e9f-428d-8086-37f49b9f2f2f-RaftLogWorker: created new log segment /opt/src/hadoop-ozone/integration-test/target/test-dir/MiniOzoneClusterImpl-03992a08-0158-43fa-8fa3-615e5cd36033/datanode-4/data/ratis/ad333a67-5ba9-4f53-b862-2bc068d4182c/current/log_inprogress_0
2019-06-14 10:28:36,179 INFO  statemachine.DatanodeStateMachine (DatanodeStateMachine.java:stopDaemon(395)) - Ozone container server stopped.
2019-06-14 10:28:36,180 INFO  handler.ContextHandler (ContextHandler.java:doStop(910)) - Stopped o.e.j.w.WebAppContext@4c31b6c2{/,null,UNAVAILABLE}{/hddsDatanode}
2019-06-14 10:28:36,180 INFO  server.AbstractConnector (AbstractConnector.java:doStop(318)) - Stopped ServerConnector@5605a59b{HTTP/1.1,[http/1.1]}{0.0.0.0:0}
2019-06-14 10:28:36,180 INFO  handler.ContextHandler (ContextHandler.java:doStop(910)) - Stopped o.e.j.s.ServletContextHandler@35d145fb{/static,jar:file:/root/.m2/repository/org/apache/hadoop/hadoop-hdds-container-service/0.5.0-SNAPSHOT/hadoop-hdds-container-service-0.5.0-SNAPSHOT.jar!/webapps/static,UNAVAILABLE}
2019-06-14 10:28:36,181 INFO  handler.ContextHandler (ContextHandler.java:doStop(910)) - Stopped o.e.j.s.ServletContextHandler@5e1e19af{/logs,file:///opt/src/hadoop-ozone/integration-test/target/log,UNAVAILABLE}
2019-06-14 10:28:36,185 INFO  datanode.ObjectStoreHandler (ObjectStoreHandler.java:close(155)) - Closing ObjectStoreHandler.
2019-06-14 10:28:36,186 INFO  ozone.HddsDatanodeService (HddsDatanodeService.java:stop(452)) - Stopped plug-in org.apache.hadoop.ozone.web.OzoneHddsDatanodeService@1fe37d27
2019-06-14 10:28:36,186 INFO  statemachine.DatanodeStateMachine (DatanodeStateMachine.java:lambda$startDaemon$0(350)) - Ozone container server started.
2019-06-14 10:28:36,186 INFO  ozoneimpl.OzoneContainer (OzoneContainer.java:stop(199)) - Attempting to stop container services.
2019-06-14 10:28:36,186 INFO  impl.RaftServerProxy (RaftServerProxy.java:lambda$close$4(314)) - 3f724bbd-d63c-4ef6-aa2a-655c2fd50fa1: close
2019-06-14 10:28:36,186 INFO  impl.RaftServerImpl (RaftServerImpl.java:lambda$shutdown$3(238)) - 3f724bbd-d63c-4ef6-aa2a-655c2fd50fa1: shutdown group-E9B621366AF0
2019-06-14 10:28:36,187 INFO  impl.RaftServerImpl (RaftServerImpl.java:lambda$shutdown$3(238)) - 3f724bbd-d63c-4ef6-aa2a-655c2fd50fa1: shutdown group-7334ADA910CD
2019-06-14 10:28:36,187 INFO  util.JmxRegister (JmxRegister.java:unregister(73)) - Successfully un-registered JMX Bean with object name Ratis:service=RaftServer,group=group-E9B621366AF0,id=3f724bbd-d63c-4ef6-aa2a-655c2fd50fa1
2019-06-14 10:28:36,187 INFO  impl.RoleInfo (RoleInfo.java:shutdownLeaderState(104)) - 3f724bbd-d63c-4ef6-aa2a-655c2fd50fa1: shutdown LeaderState
2019-06-14 10:28:36,187 INFO  util.JmxRegister (JmxRegister.java:unregister(73)) - Successfully un-registered JMX Bean with object name Ratis:service=RaftServer,group=group-7334ADA910CD,id=3f724bbd-d63c-4ef6-aa2a-655c2fd50fa1
2019-06-14 10:28:36,187 WARN  server.GrpcLogAppender (GrpcLogAppender.java:mayWait(142)) - GrpcLogAppender(3f724bbd-d63c-4ef6-aa2a-655c2fd50fa1 -> 3e94f7ad-f8b9-473d-b417-a18a228d116d): Wait interrupted by java.lang.InterruptedException
2019-06-14 10:28:36,187 WARN  server.GrpcLogAppender (GrpcLogAppender.java:mayWait(142)) - GrpcLogAppender(3f724bbd-d63c-4ef6-aa2a-655c2fd50fa1 -> b0aa3512-c9c4-47f5-8fca-680ed027fea5): Wait interrupted by java.lang.InterruptedException
2019-06-14 10:28:36,187 INFO  impl.PendingRequests (PendingRequests.java:sendNotLeaderResponses(140)) - 3f724bbd-d63c-4ef6-aa2a-655c2fd50fa1-PendingRequests: sendNotLeaderResponses
2019-06-14 10:28:36,187 INFO  impl.RoleInfo (RoleInfo.java:shutdownLeaderState(104)) - 3f724bbd-d63c-4ef6-aa2a-655c2fd50fa1: shutdown LeaderState
2019-06-14 10:28:36,188 INFO  server.GrpcServerProtocolService (GrpcServerProtocolService.java:onCompleted(104)) - b0aa3512-c9c4-47f5-8fca-680ed027fea5: appendEntries completed
2019-06-14 10:28:36,188 INFO  impl.PendingRequests (PendingRequests.java:sendNotLeaderResponses(140)) - 3f724bbd-d63c-4ef6-aa2a-655c2fd50fa1-PendingRequests: sendNotLeaderResponses
2019-06-14 10:28:36,188 INFO  impl.StateMachineUpdater (StateMachineUpdater.java:stopAndJoin(109)) - StateMachineUpdater-3f724bbd-d63c-4ef6-aa2a-655c2fd50fa1-group-7334ADA910CD: set stopIndex = 0
2019-06-14 10:28:36,188 INFO  server.GrpcLogAppender (GrpcLogAppender.java:onCompleted(277)) - 3f724bbd-d63c-4ef6-aa2a-655c2fd50fa1: follower 3f724bbd-d63c-4ef6-aa2a-655c2fd50fa1->b0aa3512-c9c4-47f5-8fca-680ed027fea5(c-1,m0,n1, attendVote=true, lastRpcSendTime=438, lastRpcResponseTime=393) response Completed
2019-06-14 10:28:36,188 INFO  impl.StateMachineUpdater (StateMachineUpdater.java:stopAndJoin(109)) - StateMachineUpdater-3f724bbd-d63c-4ef6-aa2a-655c2fd50fa1-group-E9B621366AF0: set stopIndex = 0
2019-06-14 10:28:36,188 INFO  ratis.ContainerStateMachine (ContainerStateMachine.java:takeSnapshot(245)) - Taking snapshot at termIndex:(t:0, i:~)
2019-06-14 10:28:36,189 INFO  impl.FollowerInfo (FollowerInfo.java:lambda$new$0(50)) - 3f724bbd-d63c-4ef6-aa2a-655c2fd50fa1->b0aa3512-c9c4-47f5-8fca-680ed027fea5: nextIndex: updateUnconditionally 1 -> 0
2019-06-14 10:28:36,188 INFO  ratis.ContainerStateMachine (ContainerStateMachine.java:takeSnapshot(245)) - Taking snapshot at termIndex:(t:0, i:~)
2019-06-14 10:28:36,189 INFO  impl.RaftServerImpl (ServerState.java:close(394)) - 3f724bbd-d63c-4ef6-aa2a-655c2fd50fa1:group-E9B621366AF0 closes. The last applied log index is 0
2019-06-14 10:28:36,189 INFO  impl.RaftServerImpl (ServerState.java:close(394)) - 3f724bbd-d63c-4ef6-aa2a-655c2fd50fa1:group-7334ADA910CD closes. The last applied log index is 0
2019-06-14 10:28:36,190 INFO  storage.RaftLogWorker (RaftLogWorker.java:run(236)) - 3f724bbd-d63c-4ef6-aa2a-655c2fd50fa1-RaftLogWorker was interrupted, exiting. There are 0 tasks remaining in the queue.
2019-06-14 10:28:36,190 INFO  storage.RaftLogWorker (RaftLogWorker.java:run(236)) - 3f724bbd-d63c-4ef6-aa2a-655c2fd50fa1-RaftLogWorker was interrupted, exiting. There are 0 tasks remaining in the queue.
2019-06-14 10:28:36,191 INFO  storage.RaftLogWorker (RaftLogWorker.java:close(168)) - 3f724bbd-d63c-4ef6-aa2a-655c2fd50fa1-RaftLogWorker close()
2019-06-14 10:28:36,191 INFO  storage.RaftLogWorker (RaftLogWorker.java:close(168)) - 3f724bbd-d63c-4ef6-aa2a-655c2fd50fa1-RaftLogWorker close()
2019-06-14 10:28:36,194 INFO  server.GrpcService (GrpcService.java:closeImpl(154)) - 3f724bbd-d63c-4ef6-aa2a-655c2fd50fa1: shutdown server with port 41431 now
2019-06-14 10:28:36,195 INFO  server.GrpcService (GrpcService.java:closeImpl(162)) - 3f724bbd-d63c-4ef6-aa2a-655c2fd50fa1: shutdown server with port 41431 successfully
2019-06-14 10:28:36,196 WARN  fs.CachingGetSpaceUsed (CachingGetSpaceUsed.java:run(183)) - Thread Interrupted waiting to refresh disk information: sleep interrupted
2019-06-14 10:28:36,208 INFO  statemachine.DatanodeStateMachine (DatanodeStateMachine.java:stopDaemon(395)) - Ozone container server stopped.
2019-06-14 10:28:36,208 INFO  handler.ContextHandler (ContextHandler.java:doStop(910)) - Stopped o.e.j.w.WebAppContext@32bae609{/,null,UNAVAILABLE}{/hddsDatanode}
2019-06-14 10:28:36,208 INFO  server.AbstractConnector (AbstractConnector.java:doStop(318)) - Stopped ServerConnector@74a09d49{HTTP/1.1,[http/1.1]}{0.0.0.0:0}
2019-06-14 10:28:36,209 INFO  handler.ContextHandler (ContextHandler.java:doStop(910)) - Stopped o.e.j.s.ServletContextHandler@5a464be7{/static,jar:file:/root/.m2/repository/org/apache/hadoop/hadoop-hdds-container-service/0.5.0-SNAPSHOT/hadoop-hdds-container-service-0.5.0-SNAPSHOT.jar!/webapps/static,UNAVAILABLE}
2019-06-14 10:28:36,209 INFO  handler.ContextHandler (ContextHandler.java:doStop(910)) - Stopped o.e.j.s.ServletContextHandler@6c167296{/logs,file:///opt/src/hadoop-ozone/integration-test/target/log,UNAVAILABLE}
2019-06-14 10:28:36,216 INFO  impl.FollowerState (FollowerState.java:run(101)) - 33efc1b5-c38d-44ff-b22e-2cf6345186ab:group-10CF7E7D22E2 changes to CANDIDATE, lastRpcTime:1128, electionTimeout:1127ms
2019-06-14 10:28:36,216 INFO  impl.RoleInfo (RoleInfo.java:shutdownFollowerState(121)) - 33efc1b5-c38d-44ff-b22e-2cf6345186ab: shutdown FollowerState
2019-06-14 10:28:36,216 INFO  impl.RaftServerImpl (RaftServerImpl.java:setRole(164)) - 33efc1b5-c38d-44ff-b22e-2cf6345186ab:group-10CF7E7D22E2 changes role from FOLLOWER to CANDIDATE at term 0 for changeToCandidate
2019-06-14 10:28:36,216 INFO  impl.RoleInfo (RoleInfo.java:updateAndGet(143)) - 33efc1b5-c38d-44ff-b22e-2cf6345186ab: start LeaderElection
2019-06-14 10:28:36,219 INFO  impl.LeaderElection (LeaderElection.java:askForVotes(181)) - 33efc1b5-c38d-44ff-b22e-2cf6345186ab:group-10CF7E7D22E2:LeaderElection56: begin an election at term 1 for -1: [33efc1b5-c38d-44ff-b22e-2cf6345186ab:192.168.46.40:35335, 99630a57-0e9f-428d-8086-37f49b9f2f2f:192.168.46.40:40135, 39aab27a-937d-4d57-9e31-3229443b5129:192.168.46.40:44429], old=null
2019-06-14 10:28:36,222 INFO  impl.RaftServerImpl (RaftServerImpl.java:setRole(164)) - 39aab27a-937d-4d57-9e31-3229443b5129:group-10CF7E7D22E2 changes role from FOLLOWER to FOLLOWER at term 1 for recognizeCandidate:33efc1b5-c38d-44ff-b22e-2cf6345186ab
2019-06-14 10:28:36,222 INFO  impl.RoleInfo (RoleInfo.java:shutdownFollowerState(121)) - 39aab27a-937d-4d57-9e31-3229443b5129: shutdown FollowerState
2019-06-14 10:28:36,222 INFO  impl.RoleInfo (RoleInfo.java:updateAndGet(143)) - 39aab27a-937d-4d57-9e31-3229443b5129: start FollowerState
2019-06-14 10:28:36,222 INFO  impl.FollowerState (FollowerState.java:run(109)) - 39aab27a-937d-4d57-9e31-3229443b5129: FollowerState was interrupted: java.lang.InterruptedException: sleep interrupted
2019-06-14 10:28:36,224 INFO  impl.RaftServerImpl (RaftServerImpl.java:setRole(164)) - 99630a57-0e9f-428d-8086-37f49b9f2f2f:group-10CF7E7D22E2 changes role from FOLLOWER to FOLLOWER at term 1 for recognizeCandidate:33efc1b5-c38d-44ff-b22e-2cf6345186ab
2019-06-14 10:28:36,224 INFO  impl.RoleInfo (RoleInfo.java:shutdownFollowerState(121)) - 99630a57-0e9f-428d-8086-37f49b9f2f2f: shutdown FollowerState
2019-06-14 10:28:36,225 INFO  impl.RoleInfo (RoleInfo.java:updateAndGet(143)) - 99630a57-0e9f-428d-8086-37f49b9f2f2f: start FollowerState
2019-06-14 10:28:36,225 INFO  impl.FollowerState (FollowerState.java:run(109)) - 99630a57-0e9f-428d-8086-37f49b9f2f2f: FollowerState was interrupted: java.lang.InterruptedException: sleep interrupted
2019-06-14 10:28:36,226 INFO  impl.LeaderElection (LeaderElection.java:logAndReturn(56)) - 33efc1b5-c38d-44ff-b22e-2cf6345186ab:group-10CF7E7D22E2:LeaderElection56: Election PASSED; received 1 response(s) [33efc1b5-c38d-44ff-b22e-2cf6345186ab->39aab27a-937d-4d57-9e31-3229443b5129,true-t1] and 0 exception(s); 33efc1b5-c38d-44ff-b22e-2cf6345186ab:t1, leader=null, voted=33efc1b5-c38d-44ff-b22e-2cf6345186ab, raftlog=33efc1b5-c38d-44ff-b22e-2cf6345186ab-SegmentedRaftLog:OPENED:c-1,f-1,i0, conf=-1: [33efc1b5-c38d-44ff-b22e-2cf6345186ab:192.168.46.40:35335, 99630a57-0e9f-428d-8086-37f49b9f2f2f:192.168.46.40:40135, 39aab27a-937d-4d57-9e31-3229443b5129:192.168.46.40:44429], old=null
2019-06-14 10:28:36,226 INFO  impl.RoleInfo (RoleInfo.java:shutdownLeaderElection(134)) - 33efc1b5-c38d-44ff-b22e-2cf6345186ab: shutdown LeaderElection
2019-06-14 10:28:36,226 INFO  impl.RaftServerImpl (RaftServerImpl.java:setRole(164)) - 33efc1b5-c38d-44ff-b22e-2cf6345186ab:group-10CF7E7D22E2 changes role from CANDIDATE to LEADER at term 1 for changeToLeader
2019-06-14 10:28:36,226 INFO  impl.RaftServerImpl (ServerState.java:setLeader(263)) - 33efc1b5-c38d-44ff-b22e-2cf6345186ab:group-10CF7E7D22E2 change Leader from null to 33efc1b5-c38d-44ff-b22e-2cf6345186ab at term 1 for becomeLeader, leader elected after 1140ms
2019-06-14 10:28:36,226 INFO  server.RaftServerConfigKeys (ConfUtils.java:logGet(43)) - raft.server.staging.catchup.gap = 1000 (default)
2019-06-14 10:28:36,226 INFO  server.RaftServerConfigKeys (ConfUtils.java:logGet(43)) - raft.server.rpc.sleep.time = 25ms (default)
2019-06-14 10:28:36,226 INFO  server.RaftServerConfigKeys (ConfUtils.java:logGet(43)) - raft.server.watch.timeout = 10s (default)
2019-06-14 10:28:36,226 INFO  server.RaftServerConfigKeys (ConfUtils.java:logGet(43)) - raft.server.watch.timeout.denomination = 1s (default)
2019-06-14 10:28:36,226 INFO  server.RaftServerConfigKeys (ConfUtils.java:logGet(43)) - raft.server.log.appender.snapshot.chunk.size.max = 16MB (=16777216) (default)
2019-06-14 10:28:36,226 INFO  server.RaftServerConfigKeys (ConfUtils.java:logGet(43)) - raft.server.log.appender.buffer.byte-limit = 33554432 (custom)
2019-06-14 10:28:36,226 INFO  server.RaftServerConfigKeys (ConfUtils.java:logGet(43)) - raft.server.log.appender.buffer.element-limit = 1 (custom)
2019-06-14 10:28:36,226 INFO  grpc.GrpcConfigKeys$Server (ConfUtils.java:logGet(43)) - raft.grpc.server.leader.outstanding.appends.max = 128 (default)
2019-06-14 10:28:36,227 INFO  server.RaftServerConfigKeys (ConfUtils.java:logGet(43)) - raft.server.rpc.request.timeout = 3000ms (default)
2019-06-14 10:28:36,227 INFO  server.RaftServerConfigKeys (ConfUtils.java:logGet(43)) - raft.server.log.appender.install.snapshot.enabled = true (default)
2019-06-14 10:28:36,227 INFO  server.RaftServerConfigKeys (ConfUtils.java:logGet(43)) - raft.server.log.appender.snapshot.chunk.size.max = 16MB (=16777216) (default)
2019-06-14 10:28:36,227 INFO  server.RaftServerConfigKeys (ConfUtils.java:logGet(43)) - raft.server.log.appender.buffer.byte-limit = 33554432 (custom)
2019-06-14 10:28:36,227 INFO  server.RaftServerConfigKeys (ConfUtils.java:logGet(43)) - raft.server.log.appender.buffer.element-limit = 1 (custom)
2019-06-14 10:28:36,227 INFO  grpc.GrpcConfigKeys$Server (ConfUtils.java:logGet(43)) - raft.grpc.server.leader.outstanding.appends.max = 128 (default)
2019-06-14 10:28:36,227 INFO  server.RaftServerConfigKeys (ConfUtils.java:logGet(43)) - raft.server.rpc.request.timeout = 3000ms (default)
2019-06-14 10:28:36,227 INFO  server.RaftServerConfigKeys (ConfUtils.java:logGet(43)) - raft.server.log.appender.install.snapshot.enabled = true (default)
2019-06-14 10:28:36,227 INFO  impl.RoleInfo (RoleInfo.java:updateAndGet(143)) - 33efc1b5-c38d-44ff-b22e-2cf6345186ab: start LeaderState
2019-06-14 10:28:36,228 INFO  storage.RaftLogWorker (RaftLogWorker.java:startLogSegment(298)) - 33efc1b5-c38d-44ff-b22e-2cf6345186ab-RaftLogWorker: Starting segment from index:0
2019-06-14 10:28:36,229 INFO  impl.RaftServerImpl (ServerState.java:setLeader(263)) - 99630a57-0e9f-428d-8086-37f49b9f2f2f:group-10CF7E7D22E2 change Leader from null to 33efc1b5-c38d-44ff-b22e-2cf6345186ab at term 1 for appendEntries, leader elected after 1141ms
2019-06-14 10:28:36,229 INFO  impl.RaftServerImpl (ServerState.java:setRaftConf(361)) - 33efc1b5-c38d-44ff-b22e-2cf6345186ab:group-10CF7E7D22E2 set configuration 0: [33efc1b5-c38d-44ff-b22e-2cf6345186ab:192.168.46.40:35335, 99630a57-0e9f-428d-8086-37f49b9f2f2f:192.168.46.40:40135, 39aab27a-937d-4d57-9e31-3229443b5129:192.168.46.40:44429], old=null at 0
2019-06-14 10:28:36,251 INFO  impl.FollowerState (FollowerState.java:run(101)) - 39aab27a-937d-4d57-9e31-3229443b5129:group-9ED40E94B47E changes to CANDIDATE, lastRpcTime:1188, electionTimeout:1170ms
2019-06-14 10:28:36,251 INFO  impl.RoleInfo (RoleInfo.java:shutdownFollowerState(121)) - 39aab27a-937d-4d57-9e31-3229443b5129: shutdown FollowerState
2019-06-14 10:28:36,251 INFO  impl.RaftServerImpl (RaftServerImpl.java:setRole(164)) - 39aab27a-937d-4d57-9e31-3229443b5129:group-9ED40E94B47E changes role from FOLLOWER to CANDIDATE at term 0 for changeToCandidate
2019-06-14 10:28:36,251 INFO  impl.RoleInfo (RoleInfo.java:updateAndGet(143)) - 39aab27a-937d-4d57-9e31-3229443b5129: start LeaderElection
2019-06-14 10:28:36,252 INFO  impl.RaftServerImpl (ServerState.java:setRaftConf(361)) - 99630a57-0e9f-428d-8086-37f49b9f2f2f:group-10CF7E7D22E2 set configuration 0: [33efc1b5-c38d-44ff-b22e-2cf6345186ab:192.168.46.40:35335, 99630a57-0e9f-428d-8086-37f49b9f2f2f:192.168.46.40:40135, 39aab27a-937d-4d57-9e31-3229443b5129:192.168.46.40:44429], old=null at 0
2019-06-14 10:28:36,252 INFO  storage.RaftLogWorker (RaftLogWorker.java:startLogSegment(298)) - 99630a57-0e9f-428d-8086-37f49b9f2f2f-RaftLogWorker: Starting segment from index:0
2019-06-14 10:28:36,253 INFO  impl.RaftServerImpl (ServerState.java:setLeader(263)) - 39aab27a-937d-4d57-9e31-3229443b5129:group-10CF7E7D22E2 change Leader from null to 33efc1b5-c38d-44ff-b22e-2cf6345186ab at term 1 for appendEntries, leader elected after 1170ms
2019-06-14 10:28:36,254 INFO  impl.LeaderElection (LeaderElection.java:askForVotes(181)) - 39aab27a-937d-4d57-9e31-3229443b5129:group-9ED40E94B47E:LeaderElection57: begin an election at term 1 for -1: [39aab27a-937d-4d57-9e31-3229443b5129:192.168.46.40:44429], old=null
2019-06-14 10:28:36,254 INFO  impl.RoleInfo (RoleInfo.java:shutdownLeaderElection(134)) - 39aab27a-937d-4d57-9e31-3229443b5129: shutdown LeaderElection
2019-06-14 10:28:36,254 INFO  impl.RaftServerImpl (RaftServerImpl.java:setRole(164)) - 39aab27a-937d-4d57-9e31-3229443b5129:group-9ED40E94B47E changes role from CANDIDATE to LEADER at term 1 for changeToLeader
2019-06-14 10:28:36,254 INFO  impl.RaftServerImpl (ServerState.java:setLeader(263)) - 39aab27a-937d-4d57-9e31-3229443b5129:group-9ED40E94B47E change Leader from null to 39aab27a-937d-4d57-9e31-3229443b5129 at term 1 for becomeLeader, leader elected after 1193ms
2019-06-14 10:28:36,254 INFO  server.RaftServerConfigKeys (ConfUtils.java:logGet(43)) - raft.server.staging.catchup.gap = 1000 (default)
2019-06-14 10:28:36,254 INFO  server.RaftServerConfigKeys (ConfUtils.java:logGet(43)) - raft.server.rpc.sleep.time = 25ms (default)
2019-06-14 10:28:36,254 INFO  server.RaftServerConfigKeys (ConfUtils.java:logGet(43)) - raft.server.watch.timeout = 10s (default)
2019-06-14 10:28:36,254 INFO  server.RaftServerConfigKeys (ConfUtils.java:logGet(43)) - raft.server.watch.timeout.denomination = 1s (default)
2019-06-14 10:28:36,254 INFO  impl.RoleInfo (RoleInfo.java:updateAndGet(143)) - 39aab27a-937d-4d57-9e31-3229443b5129: start LeaderState
2019-06-14 10:28:36,254 INFO  storage.RaftLogWorker (RaftLogWorker.java:startLogSegment(298)) - 39aab27a-937d-4d57-9e31-3229443b5129-RaftLogWorker: Starting segment from index:0
2019-06-14 10:28:36,255 INFO  impl.RaftServerImpl (ServerState.java:setRaftConf(361)) - 39aab27a-937d-4d57-9e31-3229443b5129:group-9ED40E94B47E set configuration 0: [39aab27a-937d-4d57-9e31-3229443b5129:192.168.46.40:44429], old=null at 0
2019-06-14 10:28:36,255 INFO  impl.RaftServerImpl (ServerState.java:setRaftConf(361)) - 39aab27a-937d-4d57-9e31-3229443b5129:group-10CF7E7D22E2 set configuration 0: [33efc1b5-c38d-44ff-b22e-2cf6345186ab:192.168.46.40:35335, 99630a57-0e9f-428d-8086-37f49b9f2f2f:192.168.46.40:40135, 39aab27a-937d-4d57-9e31-3229443b5129:192.168.46.40:44429], old=null at 0
2019-06-14 10:28:36,255 INFO  storage.RaftLogWorker (RaftLogWorker.java:startLogSegment(298)) - 39aab27a-937d-4d57-9e31-3229443b5129-RaftLogWorker: Starting segment from index:0
2019-06-14 10:28:36,280 INFO  storage.RaftLogWorker (RaftLogWorker.java:execute(469)) - 33efc1b5-c38d-44ff-b22e-2cf6345186ab-RaftLogWorker: created new log segment /opt/src/hadoop-ozone/integration-test/target/test-dir/MiniOzoneClusterImpl-03992a08-0158-43fa-8fa3-615e5cd36033/datanode-3/data/ratis/351ff53c-7f58-442d-962b-10cf7e7d22e2/current/log_inprogress_0
2019-06-14 10:28:36,297 INFO  storage.RaftLogWorker (RaftLogWorker.java:execute(469)) - 99630a57-0e9f-428d-8086-37f49b9f2f2f-RaftLogWorker: created new log segment /opt/src/hadoop-ozone/integration-test/target/test-dir/MiniOzoneClusterImpl-03992a08-0158-43fa-8fa3-615e5cd36033/datanode-4/data/ratis/351ff53c-7f58-442d-962b-10cf7e7d22e2/current/log_inprogress_0
2019-06-14 10:28:36,306 INFO  storage.RaftLogWorker (RaftLogWorker.java:execute(469)) - 39aab27a-937d-4d57-9e31-3229443b5129-RaftLogWorker: created new log segment /opt/src/hadoop-ozone/integration-test/target/test-dir/MiniOzoneClusterImpl-03992a08-0158-43fa-8fa3-615e5cd36033/datanode-5/data/ratis/351ff53c-7f58-442d-962b-10cf7e7d22e2/current/log_inprogress_0
2019-06-14 10:28:36,313 INFO  storage.RaftLogWorker (RaftLogWorker.java:execute(469)) - 39aab27a-937d-4d57-9e31-3229443b5129-RaftLogWorker: created new log segment /opt/src/hadoop-ozone/integration-test/target/test-dir/MiniOzoneClusterImpl-03992a08-0158-43fa-8fa3-615e5cd36033/datanode-5/data/ratis/e64bd13d-4950-45d3-aecc-9ed40e94b47e/current/log_inprogress_0
2019-06-14 10:28:37,144 INFO  client.GrpcClientProtocolClient (GrpcClientProtocolClient.java:onNext(254)) - client-A279EEB8135E->b0aa3512-c9c4-47f5-8fca-680ed027fea5: receive RaftClientReply:client-A279EEB8135E->b0aa3512-c9c4-47f5-8fca-680ed027fea5@group-E9B621366AF0, cid=137, FAILED org.apache.ratis.protocol.NotLeaderException: Server b0aa3512-c9c4-47f5-8fca-680ed027fea5 is not the leader (3f724bbd-d63c-4ef6-aa2a-655c2fd50fa1:192.168.46.40:41431). Request must be sent to leader., logIndex=0, commits[b0aa3512-c9c4-47f5-8fca-680ed027fea5:c-1, 3f724bbd-d63c-4ef6-aa2a-655c2fd50fa1:c-1, 3e94f7ad-f8b9-473d-b417-a18a228d116d:c-1]
2019-06-14 10:28:37,146 WARN  client.GrpcClientProtocolService (LogUtils.java:warn(134)) - 0-OrderedRequestStreamObserver0: onError: org.apache.ratis.thirdparty.io.grpc.StatusRuntimeException: CANCELLED: cancelled before receiving half close
2019-06-14 10:28:37,428 INFO  node.StaleNodeHandler (StaleNodeHandler.java:onMessage(58)) - Datanode 3f724bbd-d63c-4ef6-aa2a-655c2fd50fa1{ip: 192.168.46.40, host: ozone-cf6ld-438179620, networkLocation: /default-rack, certSerialId: null} moved to stale state. Finalizing its pipelines [PipelineID=2be980ba-d86e-45e3-a17d-e9b621366af0, PipelineID=6b45cbd4-fdeb-4f98-8a2b-7334ada910cd]
2019-06-14 10:28:37,428 INFO  pipeline.SCMPipelineManager (SCMPipelineManager.java:finalizeAndDestroyPipeline(307)) - destroying pipeline:Pipeline[ Id: 2be980ba-d86e-45e3-a17d-e9b621366af0, Nodes: 3e94f7ad-f8b9-473d-b417-a18a228d116d{ip: 192.168.46.40, host: ozone-cf6ld-438179620, networkLocation: /default-rack, certSerialId: null}3f724bbd-d63c-4ef6-aa2a-655c2fd50fa1{ip: 192.168.46.40, host: ozone-cf6ld-438179620, networkLocation: /default-rack, certSerialId: null}b0aa3512-c9c4-47f5-8fca-680ed027fea5{ip: 192.168.46.40, host: ozone-cf6ld-438179620, networkLocation: /default-rack, certSerialId: null}, Type:RATIS, Factor:THREE, State:OPEN]
2019-06-14 10:28:37,428 INFO  pipeline.PipelineStateManager (PipelineStateManager.java:finalizePipeline(123)) - Pipeline Pipeline[ Id: 2be980ba-d86e-45e3-a17d-e9b621366af0, Nodes: 3e94f7ad-f8b9-473d-b417-a18a228d116d{ip: 192.168.46.40, host: ozone-cf6ld-438179620, networkLocation: /default-rack, certSerialId: null}3f724bbd-d63c-4ef6-aa2a-655c2fd50fa1{ip: 192.168.46.40, host: ozone-cf6ld-438179620, networkLocation: /default-rack, certSerialId: null}b0aa3512-c9c4-47f5-8fca-680ed027fea5{ip: 192.168.46.40, host: ozone-cf6ld-438179620, networkLocation: /default-rack, certSerialId: null}, Type:RATIS, Factor:THREE, State:CLOSED] moved to CLOSED state
2019-06-14 10:28:37,429 INFO  container.CloseContainerEventHandler (CloseContainerEventHandler.java:onMessage(61)) - Close container Event triggered for container : #1
2019-06-14 10:28:37,429 INFO  pipeline.SCMPipelineManager (SCMPipelineManager.java:finalizeAndDestroyPipeline(307)) - destroying pipeline:Pipeline[ Id: 6b45cbd4-fdeb-4f98-8a2b-7334ada910cd, Nodes: 3f724bbd-d63c-4ef6-aa2a-655c2fd50fa1{ip: 192.168.46.40, host: ozone-cf6ld-438179620, networkLocation: /default-rack, certSerialId: null}, Type:RATIS, Factor:ONE, State:OPEN]
2019-06-14 10:28:37,429 INFO  pipeline.PipelineStateManager (PipelineStateManager.java:finalizePipeline(123)) - Pipeline Pipeline[ Id: 6b45cbd4-fdeb-4f98-8a2b-7334ada910cd, Nodes: 3f724bbd-d63c-4ef6-aa2a-655c2fd50fa1{ip: 192.168.46.40, host: ozone-cf6ld-438179620, networkLocation: /default-rack, certSerialId: null}, Type:RATIS, Factor:ONE, State:CLOSED] moved to CLOSED state
2019-06-14 10:28:37,628 INFO  node.StaleNodeHandler (StaleNodeHandler.java:onMessage(58)) - Datanode 3e94f7ad-f8b9-473d-b417-a18a228d116d{ip: 192.168.46.40, host: ozone-cf6ld-438179620, networkLocation: /default-rack, certSerialId: null} moved to stale state. Finalizing its pipelines [PipelineID=2be980ba-d86e-45e3-a17d-e9b621366af0, PipelineID=de0339ac-8139-4db3-9039-852eb5213e14]
2019-06-14 10:28:37,628 INFO  pipeline.SCMPipelineManager (SCMPipelineManager.java:finalizeAndDestroyPipeline(307)) - destroying pipeline:Pipeline[ Id: 2be980ba-d86e-45e3-a17d-e9b621366af0, Nodes: 3e94f7ad-f8b9-473d-b417-a18a228d116d{ip: 192.168.46.40, host: ozone-cf6ld-438179620, networkLocation: /default-rack, certSerialId: null}3f724bbd-d63c-4ef6-aa2a-655c2fd50fa1{ip: 192.168.46.40, host: ozone-cf6ld-438179620, networkLocation: /default-rack, certSerialId: null}b0aa3512-c9c4-47f5-8fca-680ed027fea5{ip: 192.168.46.40, host: ozone-cf6ld-438179620, networkLocation: /default-rack, certSerialId: null}, Type:RATIS, Factor:THREE, State:CLOSED]
2019-06-14 10:28:37,629 INFO  pipeline.SCMPipelineManager (SCMPipelineManager.java:finalizeAndDestroyPipeline(307)) - destroying pipeline:Pipeline[ Id: de0339ac-8139-4db3-9039-852eb5213e14, Nodes: 3e94f7ad-f8b9-473d-b417-a18a228d116d{ip: 192.168.46.40, host: ozone-cf6ld-438179620, networkLocation: /default-rack, certSerialId: null}, Type:RATIS, Factor:ONE, State:OPEN]
2019-06-14 10:28:37,629 INFO  pipeline.PipelineStateManager (PipelineStateManager.java:finalizePipeline(123)) - Pipeline Pipeline[ Id: de0339ac-8139-4db3-9039-852eb5213e14, Nodes: 3e94f7ad-f8b9-473d-b417-a18a228d116d{ip: 192.168.46.40, host: ozone-cf6ld-438179620, networkLocation: /default-rack, certSerialId: null}, Type:RATIS, Factor:ONE, State:CLOSED] moved to CLOSED state
2019-06-14 10:28:37,869 INFO  impl.FollowerState (FollowerState.java:run(101)) - b0aa3512-c9c4-47f5-8fca-680ed027fea5:group-E9B621366AF0 changes to CANDIDATE, lastRpcTime:2074, electionTimeout:1141ms
2019-06-14 10:28:37,869 INFO  impl.RoleInfo (RoleInfo.java:shutdownFollowerState(121)) - b0aa3512-c9c4-47f5-8fca-680ed027fea5: shutdown FollowerState
2019-06-14 10:28:37,869 INFO  impl.RaftServerImpl (RaftServerImpl.java:setRole(164)) - b0aa3512-c9c4-47f5-8fca-680ed027fea5:group-E9B621366AF0 changes role from FOLLOWER to CANDIDATE at term 1 for changeToCandidate
2019-06-14 10:28:37,869 INFO  impl.RoleInfo (RoleInfo.java:updateAndGet(143)) - b0aa3512-c9c4-47f5-8fca-680ed027fea5: start LeaderElection
2019-06-14 10:28:37,869 INFO  impl.RaftServerImpl (ServerState.java:setLeader(263)) - b0aa3512-c9c4-47f5-8fca-680ed027fea5:group-E9B621366AF0 change Leader from 3f724bbd-d63c-4ef6-aa2a-655c2fd50fa1 to null at term 1 for initElection
2019-06-14 10:28:37,872 INFO  impl.LeaderElection (LeaderElection.java:askForVotes(181)) - b0aa3512-c9c4-47f5-8fca-680ed027fea5:group-E9B621366AF0:LeaderElection58: begin an election at term 2 for 0: [3f724bbd-d63c-4ef6-aa2a-655c2fd50fa1:192.168.46.40:41431, 3e94f7ad-f8b9-473d-b417-a18a228d116d:192.168.46.40:38747, b0aa3512-c9c4-47f5-8fca-680ed027fea5:192.168.46.40:43081], old=null
2019-06-14 10:28:37,876 INFO  impl.LeaderElection (LogUtils.java:infoOrTrace(149)) - b0aa3512-c9c4-47f5-8fca-680ed027fea5:group-E9B621366AF0:LeaderElection58 got exception when requesting votes: {}
java.util.concurrent.ExecutionException: org.apache.ratis.thirdparty.io.grpc.StatusRuntimeException: UNAVAILABLE: io exception
	at java.util.concurrent.FutureTask.report(FutureTask.java:122)
	at java.util.concurrent.FutureTask.get(FutureTask.java:192)
	at org.apache.ratis.server.impl.LeaderElection.waitForResults(LeaderElection.java:262)
	at org.apache.ratis.server.impl.LeaderElection.askForVotes(LeaderElection.java:200)
	at org.apache.ratis.server.impl.LeaderElection.run(LeaderElection.java:130)
	at java.lang.Thread.run(Thread.java:748)
Caused by: org.apache.ratis.thirdparty.io.grpc.StatusRuntimeException: UNAVAILABLE: io exception
	at org.apache.ratis.thirdparty.io.grpc.stub.ClientCalls.toStatusRuntimeException(ClientCalls.java:233)
	at org.apache.ratis.thirdparty.io.grpc.stub.ClientCalls.getUnchecked(ClientCalls.java:214)
	at org.apache.ratis.thirdparty.io.grpc.stub.ClientCalls.blockingUnaryCall(ClientCalls.java:139)
	at org.apache.ratis.proto.grpc.RaftServerProtocolServiceGrpc$RaftServerProtocolServiceBlockingStub.requestVote(RaftServerProtocolServiceGrpc.java:265)
	at org.apache.ratis.grpc.server.GrpcServerProtocolClient.requestVote(GrpcServerProtocolClient.java:83)
	at org.apache.ratis.grpc.server.GrpcService.requestVote(GrpcService.java:194)
	at org.apache.ratis.server.impl.LeaderElection.lambda$submitRequests$1(LeaderElection.java:237)
	at java.util.concurrent.FutureTask.run(FutureTask.java:266)
	at java.util.concurrent.Executors$RunnableAdapter.call(Executors.java:511)
	at java.util.concurrent.FutureTask.run(FutureTask.java:266)
	at java.util.concurrent.ThreadPoolExecutor.runWorker(ThreadPoolExecutor.java:1149)
	at java.util.concurrent.ThreadPoolExecutor$Worker.run(ThreadPoolExecutor.java:624)
	... 1 more
Caused by: org.apache.ratis.thirdparty.io.netty.channel.AbstractChannel$AnnotatedConnectException: Connection refused: /192.168.46.40:41431
	at sun.nio.ch.SocketChannelImpl.checkConnect(Native Method)
	at sun.nio.ch.SocketChannelImpl.finishConnect(SocketChannelImpl.java:717)
	at org.apache.ratis.thirdparty.io.netty.channel.socket.nio.NioSocketChannel.doFinishConnect(NioSocketChannel.java:327)
	at org.apache.ratis.thirdparty.io.netty.channel.nio.AbstractNioChannel$AbstractNioUnsafe.finishConnect(AbstractNioChannel.java:340)
	at org.apache.ratis.thirdparty.io.netty.channel.nio.NioEventLoop.processSelectedKey(NioEventLoop.java:632)
	at org.apache.ratis.thirdparty.io.netty.channel.nio.NioEventLoop.processSelectedKeysOptimized(NioEventLoop.java:579)
	at org.apache.ratis.thirdparty.io.netty.channel.nio.NioEventLoop.processSelectedKeys(NioEventLoop.java:496)
	at org.apache.ratis.thirdparty.io.netty.channel.nio.NioEventLoop.run(NioEventLoop.java:458)
	at org.apache.ratis.thirdparty.io.netty.util.concurrent.SingleThreadEventExecutor$5.run(SingleThreadEventExecutor.java:897)
	at org.apache.ratis.thirdparty.io.netty.util.concurrent.FastThreadLocalRunnable.run(FastThreadLocalRunnable.java:30)
	... 1 more
Caused by: java.net.ConnectException: Connection refused
	... 11 more
2019-06-14 10:28:37,879 INFO  impl.LeaderElection (LogUtils.java:infoOrTrace(149)) - b0aa3512-c9c4-47f5-8fca-680ed027fea5:group-E9B621366AF0:LeaderElection58 got exception when requesting votes: {}
java.util.concurrent.ExecutionException: org.apache.ratis.thirdparty.io.grpc.StatusRuntimeException: UNAVAILABLE: io exception
	at java.util.concurrent.FutureTask.report(FutureTask.java:122)
	at java.util.concurrent.FutureTask.get(FutureTask.java:192)
	at org.apache.ratis.server.impl.LeaderElection.waitForResults(LeaderElection.java:262)
	at org.apache.ratis.server.impl.LeaderElection.askForVotes(LeaderElection.java:200)
	at org.apache.ratis.server.impl.LeaderElection.run(LeaderElection.java:130)
	at java.lang.Thread.run(Thread.java:748)
Caused by: org.apache.ratis.thirdparty.io.grpc.StatusRuntimeException: UNAVAILABLE: io exception
	at org.apache.ratis.thirdparty.io.grpc.stub.ClientCalls.toStatusRuntimeException(ClientCalls.java:233)
	at org.apache.ratis.thirdparty.io.grpc.stub.ClientCalls.getUnchecked(ClientCalls.java:214)
	at org.apache.ratis.thirdparty.io.grpc.stub.ClientCalls.blockingUnaryCall(ClientCalls.java:139)
	at org.apache.ratis.proto.grpc.RaftServerProtocolServiceGrpc$RaftServerProtocolServiceBlockingStub.requestVote(RaftServerProtocolServiceGrpc.java:265)
	at org.apache.ratis.grpc.server.GrpcServerProtocolClient.requestVote(GrpcServerProtocolClient.java:83)
	at org.apache.ratis.grpc.server.GrpcService.requestVote(GrpcService.java:194)
	at org.apache.ratis.server.impl.LeaderElection.lambda$submitRequests$1(LeaderElection.java:237)
	at java.util.concurrent.FutureTask.run(FutureTask.java:266)
	at java.util.concurrent.Executors$RunnableAdapter.call(Executors.java:511)
	at java.util.concurrent.FutureTask.run(FutureTask.java:266)
	at java.util.concurrent.ThreadPoolExecutor.runWorker(ThreadPoolExecutor.java:1149)
	at java.util.concurrent.ThreadPoolExecutor$Worker.run(ThreadPoolExecutor.java:624)
	... 1 more
Caused by: org.apache.ratis.thirdparty.io.netty.channel.AbstractChannel$AnnotatedConnectException: Connection refused: /192.168.46.40:38747
	at sun.nio.ch.SocketChannelImpl.checkConnect(Native Method)
	at sun.nio.ch.SocketChannelImpl.finishConnect(SocketChannelImpl.java:717)
	at org.apache.ratis.thirdparty.io.netty.channel.socket.nio.NioSocketChannel.doFinishConnect(NioSocketChannel.java:327)
	at org.apache.ratis.thirdparty.io.netty.channel.nio.AbstractNioChannel$AbstractNioUnsafe.finishConnect(AbstractNioChannel.java:340)
	at org.apache.ratis.thirdparty.io.netty.channel.nio.NioEventLoop.processSelectedKey(NioEventLoop.java:632)
	at org.apache.ratis.thirdparty.io.netty.channel.nio.NioEventLoop.processSelectedKeysOptimized(NioEventLoop.java:579)
	at org.apache.ratis.thirdparty.io.netty.channel.nio.NioEventLoop.processSelectedKeys(NioEventLoop.java:496)
	at org.apache.ratis.thirdparty.io.netty.channel.nio.NioEventLoop.run(NioEventLoop.java:458)
	at org.apache.ratis.thirdparty.io.netty.util.concurrent.SingleThreadEventExecutor$5.run(SingleThreadEventExecutor.java:897)
	at org.apache.ratis.thirdparty.io.netty.util.concurrent.FastThreadLocalRunnable.run(FastThreadLocalRunnable.java:30)
	... 1 more
Caused by: java.net.ConnectException: Connection refused
	... 11 more
2019-06-14 10:28:37,881 INFO  impl.LeaderElection (LeaderElection.java:logAndReturn(56)) - b0aa3512-c9c4-47f5-8fca-680ed027fea5:group-E9B621366AF0:LeaderElection58: Election REJECTED; received 0 response(s) [] and 2 exception(s); b0aa3512-c9c4-47f5-8fca-680ed027fea5:t2, leader=null, voted=b0aa3512-c9c4-47f5-8fca-680ed027fea5, raftlog=b0aa3512-c9c4-47f5-8fca-680ed027fea5-SegmentedRaftLog:OPENED:c-1,f0,i0, conf=0: [3f724bbd-d63c-4ef6-aa2a-655c2fd50fa1:192.168.46.40:41431, 3e94f7ad-f8b9-473d-b417-a18a228d116d:192.168.46.40:38747, b0aa3512-c9c4-47f5-8fca-680ed027fea5:192.168.46.40:43081], old=null
2019-06-14 10:28:37,881 INFO  impl.LeaderElection (LogUtils.java:infoOrTrace(149)) -   Exception 0: {}
java.util.concurrent.ExecutionException: org.apache.ratis.thirdparty.io.grpc.StatusRuntimeException: UNAVAILABLE: io exception
	at java.util.concurrent.FutureTask.report(FutureTask.java:122)
	at java.util.concurrent.FutureTask.get(FutureTask.java:192)
	at org.apache.ratis.server.impl.LeaderElection.waitForResults(LeaderElection.java:262)
	at org.apache.ratis.server.impl.LeaderElection.askForVotes(LeaderElection.java:200)
	at org.apache.ratis.server.impl.LeaderElection.run(LeaderElection.java:130)
	at java.lang.Thread.run(Thread.java:748)
Caused by: org.apache.ratis.thirdparty.io.grpc.StatusRuntimeException: UNAVAILABLE: io exception
	at org.apache.ratis.thirdparty.io.grpc.stub.ClientCalls.toStatusRuntimeException(ClientCalls.java:233)
	at org.apache.ratis.thirdparty.io.grpc.stub.ClientCalls.getUnchecked(ClientCalls.java:214)
	at org.apache.ratis.thirdparty.io.grpc.stub.ClientCalls.blockingUnaryCall(ClientCalls.java:139)
	at org.apache.ratis.proto.grpc.RaftServerProtocolServiceGrpc$RaftServerProtocolServiceBlockingStub.requestVote(RaftServerProtocolServiceGrpc.java:265)
	at org.apache.ratis.grpc.server.GrpcServerProtocolClient.requestVote(GrpcServerProtocolClient.java:83)
	at org.apache.ratis.grpc.server.GrpcService.requestVote(GrpcService.java:194)
	at org.apache.ratis.server.impl.LeaderElection.lambda$submitRequests$1(LeaderElection.java:237)
	at java.util.concurrent.FutureTask.run(FutureTask.java:266)
	at java.util.concurrent.Executors$RunnableAdapter.call(Executors.java:511)
	at java.util.concurrent.FutureTask.run(FutureTask.java:266)
	at java.util.concurrent.ThreadPoolExecutor.runWorker(ThreadPoolExecutor.java:1149)
	at java.util.concurrent.ThreadPoolExecutor$Worker.run(ThreadPoolExecutor.java:624)
	... 1 more
Caused by: org.apache.ratis.thirdparty.io.netty.channel.AbstractChannel$AnnotatedConnectException: Connection refused: /192.168.46.40:41431
	at sun.nio.ch.SocketChannelImpl.checkConnect(Native Method)
	at sun.nio.ch.SocketChannelImpl.finishConnect(SocketChannelImpl.java:717)
	at org.apache.ratis.thirdparty.io.netty.channel.socket.nio.NioSocketChannel.doFinishConnect(NioSocketChannel.java:327)
	at org.apache.ratis.thirdparty.io.netty.channel.nio.AbstractNioChannel$AbstractNioUnsafe.finishConnect(AbstractNioChannel.java:340)
	at org.apache.ratis.thirdparty.io.netty.channel.nio.NioEventLoop.processSelectedKey(NioEventLoop.java:632)
	at org.apache.ratis.thirdparty.io.netty.channel.nio.NioEventLoop.processSelectedKeysOptimized(NioEventLoop.java:579)
	at org.apache.ratis.thirdparty.io.netty.channel.nio.NioEventLoop.processSelectedKeys(NioEventLoop.java:496)
	at org.apache.ratis.thirdparty.io.netty.channel.nio.NioEventLoop.run(NioEventLoop.java:458)
	at org.apache.ratis.thirdparty.io.netty.util.concurrent.SingleThreadEventExecutor$5.run(SingleThreadEventExecutor.java:897)
	at org.apache.ratis.thirdparty.io.netty.util.concurrent.FastThreadLocalRunnable.run(FastThreadLocalRunnable.java:30)
	... 1 more
Caused by: java.net.ConnectException: Connection refused
	... 11 more
2019-06-14 10:28:37,881 INFO  impl.LeaderElection (LogUtils.java:infoOrTrace(149)) -   Exception 1: {}
java.util.concurrent.ExecutionException: org.apache.ratis.thirdparty.io.grpc.StatusRuntimeException: UNAVAILABLE: io exception
	at java.util.concurrent.FutureTask.report(FutureTask.java:122)
	at java.util.concurrent.FutureTask.get(FutureTask.java:192)
	at org.apache.ratis.server.impl.LeaderElection.waitForResults(LeaderElection.java:262)
	at org.apache.ratis.server.impl.LeaderElection.askForVotes(LeaderElection.java:200)
	at org.apache.ratis.server.impl.LeaderElection.run(LeaderElection.java:130)
	at java.lang.Thread.run(Thread.java:748)
Caused by: org.apache.ratis.thirdparty.io.grpc.StatusRuntimeException: UNAVAILABLE: io exception
	at org.apache.ratis.thirdparty.io.grpc.stub.ClientCalls.toStatusRuntimeException(ClientCalls.java:233)
	at org.apache.ratis.thirdparty.io.grpc.stub.ClientCalls.getUnchecked(ClientCalls.java:214)
	at org.apache.ratis.thirdparty.io.grpc.stub.ClientCalls.blockingUnaryCall(ClientCalls.java:139)
	at org.apache.ratis.proto.grpc.RaftServerProtocolServiceGrpc$RaftServerProtocolServiceBlockingStub.requestVote(RaftServerProtocolServiceGrpc.java:265)
	at org.apache.ratis.grpc.server.GrpcServerProtocolClient.requestVote(GrpcServerProtocolClient.java:83)
	at org.apache.ratis.grpc.server.GrpcService.requestVote(GrpcService.java:194)
	at org.apache.ratis.server.impl.LeaderElection.lambda$submitRequests$1(LeaderElection.java:237)
	at java.util.concurrent.FutureTask.run(FutureTask.java:266)
	at java.util.concurrent.Executors$RunnableAdapter.call(Executors.java:511)
	at java.util.concurrent.FutureTask.run(FutureTask.java:266)
	at java.util.concurrent.ThreadPoolExecutor.runWorker(ThreadPoolExecutor.java:1149)
	at java.util.concurrent.ThreadPoolExecutor$Worker.run(ThreadPoolExecutor.java:624)
	... 1 more
Caused by: org.apache.ratis.thirdparty.io.netty.channel.AbstractChannel$AnnotatedConnectException: Connection refused: /192.168.46.40:38747
	at sun.nio.ch.SocketChannelImpl.checkConnect(Native Method)
	at sun.nio.ch.SocketChannelImpl.finishConnect(SocketChannelImpl.java:717)
	at org.apache.ratis.thirdparty.io.netty.channel.socket.nio.NioSocketChannel.doFinishConnect(NioSocketChannel.java:327)
	at org.apache.ratis.thirdparty.io.netty.channel.nio.AbstractNioChannel$AbstractNioUnsafe.finishConnect(AbstractNioChannel.java:340)
	at org.apache.ratis.thirdparty.io.netty.channel.nio.NioEventLoop.processSelectedKey(NioEventLoop.java:632)
	at org.apache.ratis.thirdparty.io.netty.channel.nio.NioEventLoop.processSelectedKeysOptimized(NioEventLoop.java:579)
	at org.apache.ratis.thirdparty.io.netty.channel.nio.NioEventLoop.processSelectedKeys(NioEventLoop.java:496)
	at org.apache.ratis.thirdparty.io.netty.channel.nio.NioEventLoop.run(NioEventLoop.java:458)
	at org.apache.ratis.thirdparty.io.netty.util.concurrent.SingleThreadEventExecutor$5.run(SingleThreadEventExecutor.java:897)
	at org.apache.ratis.thirdparty.io.netty.util.concurrent.FastThreadLocalRunnable.run(FastThreadLocalRunnable.java:30)
	... 1 more
Caused by: java.net.ConnectException: Connection refused
	... 11 more
2019-06-14 10:28:37,882 INFO  impl.RaftServerImpl (RaftServerImpl.java:setRole(164)) - b0aa3512-c9c4-47f5-8fca-680ed027fea5:group-E9B621366AF0 changes role from CANDIDATE to FOLLOWER at term 2 for DISCOVERED_A_NEW_TERM
2019-06-14 10:28:37,882 INFO  impl.RoleInfo (RoleInfo.java:shutdownLeaderElection(134)) - b0aa3512-c9c4-47f5-8fca-680ed027fea5: shutdown LeaderElection
2019-06-14 10:28:37,882 INFO  impl.RoleInfo (RoleInfo.java:updateAndGet(143)) - b0aa3512-c9c4-47f5-8fca-680ed027fea5: start FollowerState
2019-06-14 10:28:38,958 INFO  impl.FollowerState (FollowerState.java:run(101)) - b0aa3512-c9c4-47f5-8fca-680ed027fea5:group-E9B621366AF0 changes to CANDIDATE, lastRpcTime:1076, electionTimeout:1076ms
2019-06-14 10:28:38,958 INFO  impl.RoleInfo (RoleInfo.java:shutdownFollowerState(121)) - b0aa3512-c9c4-47f5-8fca-680ed027fea5: shutdown FollowerState
2019-06-14 10:28:38,958 INFO  impl.RaftServerImpl (RaftServerImpl.java:setRole(164)) - b0aa3512-c9c4-47f5-8fca-680ed027fea5:group-E9B621366AF0 changes role from FOLLOWER to CANDIDATE at term 2 for changeToCandidate
2019-06-14 10:28:38,958 INFO  impl.RoleInfo (RoleInfo.java:updateAndGet(143)) - b0aa3512-c9c4-47f5-8fca-680ed027fea5: start LeaderElection
2019-06-14 10:28:38,961 INFO  impl.LeaderElection (LeaderElection.java:askForVotes(181)) - b0aa3512-c9c4-47f5-8fca-680ed027fea5:group-E9B621366AF0:LeaderElection59: begin an election at term 3 for 0: [3f724bbd-d63c-4ef6-aa2a-655c2fd50fa1:192.168.46.40:41431, 3e94f7ad-f8b9-473d-b417-a18a228d116d:192.168.46.40:38747, b0aa3512-c9c4-47f5-8fca-680ed027fea5:192.168.46.40:43081], old=null
2019-06-14 10:28:38,961 INFO  impl.LeaderElection (LogUtils.java:infoOrTrace(149)) - b0aa3512-c9c4-47f5-8fca-680ed027fea5:group-E9B621366AF0:LeaderElection59 got exception when requesting votes: {}
java.util.concurrent.ExecutionException: org.apache.ratis.thirdparty.io.grpc.StatusRuntimeException: UNAVAILABLE: io exception
	at java.util.concurrent.FutureTask.report(FutureTask.java:122)
	at java.util.concurrent.FutureTask.get(FutureTask.java:192)
	at org.apache.ratis.server.impl.LeaderElection.waitForResults(LeaderElection.java:262)
	at org.apache.ratis.server.impl.LeaderElection.askForVotes(LeaderElection.java:200)
	at org.apache.ratis.server.impl.LeaderElection.run(LeaderElection.java:130)
	at java.lang.Thread.run(Thread.java:748)
Caused by: org.apache.ratis.thirdparty.io.grpc.StatusRuntimeException: UNAVAILABLE: io exception
	at org.apache.ratis.thirdparty.io.grpc.stub.ClientCalls.toStatusRuntimeException(ClientCalls.java:233)
	at org.apache.ratis.thirdparty.io.grpc.stub.ClientCalls.getUnchecked(ClientCalls.java:214)
	at org.apache.ratis.thirdparty.io.grpc.stub.ClientCalls.blockingUnaryCall(ClientCalls.java:139)
	at org.apache.ratis.proto.grpc.RaftServerProtocolServiceGrpc$RaftServerProtocolServiceBlockingStub.requestVote(RaftServerProtocolServiceGrpc.java:265)
	at org.apache.ratis.grpc.server.GrpcServerProtocolClient.requestVote(GrpcServerProtocolClient.java:83)
	at org.apache.ratis.grpc.server.GrpcService.requestVote(GrpcService.java:194)
	at org.apache.ratis.server.impl.LeaderElection.lambda$submitRequests$1(LeaderElection.java:237)
	at java.util.concurrent.FutureTask.run(FutureTask.java:266)
	at java.util.concurrent.Executors$RunnableAdapter.call(Executors.java:511)
	at java.util.concurrent.FutureTask.run(FutureTask.java:266)
	at java.util.concurrent.ThreadPoolExecutor.runWorker(ThreadPoolExecutor.java:1149)
	at java.util.concurrent.ThreadPoolExecutor$Worker.run(ThreadPoolExecutor.java:624)
	... 1 more
Caused by: org.apache.ratis.thirdparty.io.netty.channel.AbstractChannel$AnnotatedConnectException: Connection refused: /192.168.46.40:38747
	at sun.nio.ch.SocketChannelImpl.checkConnect(Native Method)
	at sun.nio.ch.SocketChannelImpl.finishConnect(SocketChannelImpl.java:717)
	at org.apache.ratis.thirdparty.io.netty.channel.socket.nio.NioSocketChannel.doFinishConnect(NioSocketChannel.java:327)
	at org.apache.ratis.thirdparty.io.netty.channel.nio.AbstractNioChannel$AbstractNioUnsafe.finishConnect(AbstractNioChannel.java:340)
	at org.apache.ratis.thirdparty.io.netty.channel.nio.NioEventLoop.processSelectedKey(NioEventLoop.java:632)
	at org.apache.ratis.thirdparty.io.netty.channel.nio.NioEventLoop.processSelectedKeysOptimized(NioEventLoop.java:579)
	at org.apache.ratis.thirdparty.io.netty.channel.nio.NioEventLoop.processSelectedKeys(NioEventLoop.java:496)
	at org.apache.ratis.thirdparty.io.netty.channel.nio.NioEventLoop.run(NioEventLoop.java:458)
	at org.apache.ratis.thirdparty.io.netty.util.concurrent.SingleThreadEventExecutor$5.run(SingleThreadEventExecutor.java:897)
	at org.apache.ratis.thirdparty.io.netty.util.concurrent.FastThreadLocalRunnable.run(FastThreadLocalRunnable.java:30)
	... 1 more
Caused by: java.net.ConnectException: Connection refused
	... 11 more
2019-06-14 10:28:38,964 INFO  impl.LeaderElection (LogUtils.java:infoOrTrace(149)) - b0aa3512-c9c4-47f5-8fca-680ed027fea5:group-E9B621366AF0:LeaderElection59 got exception when requesting votes: {}
java.util.concurrent.ExecutionException: org.apache.ratis.thirdparty.io.grpc.StatusRuntimeException: UNAVAILABLE: io exception
	at java.util.concurrent.FutureTask.report(FutureTask.java:122)
	at java.util.concurrent.FutureTask.get(FutureTask.java:192)
	at org.apache.ratis.server.impl.LeaderElection.waitForResults(LeaderElection.java:262)
	at org.apache.ratis.server.impl.LeaderElection.askForVotes(LeaderElection.java:200)
	at org.apache.ratis.server.impl.LeaderElection.run(LeaderElection.java:130)
	at java.lang.Thread.run(Thread.java:748)
Caused by: org.apache.ratis.thirdparty.io.grpc.StatusRuntimeException: UNAVAILABLE: io exception
	at org.apache.ratis.thirdparty.io.grpc.stub.ClientCalls.toStatusRuntimeException(ClientCalls.java:233)
	at org.apache.ratis.thirdparty.io.grpc.stub.ClientCalls.getUnchecked(ClientCalls.java:214)
	at org.apache.ratis.thirdparty.io.grpc.stub.ClientCalls.blockingUnaryCall(ClientCalls.java:139)
	at org.apache.ratis.proto.grpc.RaftServerProtocolServiceGrpc$RaftServerProtocolServiceBlockingStub.requestVote(RaftServerProtocolServiceGrpc.java:265)
	at org.apache.ratis.grpc.server.GrpcServerProtocolClient.requestVote(GrpcServerProtocolClient.java:83)
	at org.apache.ratis.grpc.server.GrpcService.requestVote(GrpcService.java:194)
	at org.apache.ratis.server.impl.LeaderElection.lambda$submitRequests$1(LeaderElection.java:237)
	at java.util.concurrent.FutureTask.run(FutureTask.java:266)
	at java.util.concurrent.Executors$RunnableAdapter.call(Executors.java:511)
	at java.util.concurrent.FutureTask.run(FutureTask.java:266)
	at java.util.concurrent.ThreadPoolExecutor.runWorker(ThreadPoolExecutor.java:1149)
	at java.util.concurrent.ThreadPoolExecutor$Worker.run(ThreadPoolExecutor.java:624)
	... 1 more
Caused by: org.apache.ratis.thirdparty.io.netty.channel.AbstractChannel$AnnotatedConnectException: Connection refused: /192.168.46.40:41431
	at sun.nio.ch.SocketChannelImpl.checkConnect(Native Method)
	at sun.nio.ch.SocketChannelImpl.finishConnect(SocketChannelImpl.java:717)
	at org.apache.ratis.thirdparty.io.netty.channel.socket.nio.NioSocketChannel.doFinishConnect(NioSocketChannel.java:327)
	at org.apache.ratis.thirdparty.io.netty.channel.nio.AbstractNioChannel$AbstractNioUnsafe.finishConnect(AbstractNioChannel.java:340)
	at org.apache.ratis.thirdparty.io.netty.channel.nio.NioEventLoop.processSelectedKey(NioEventLoop.java:632)
	at org.apache.ratis.thirdparty.io.netty.channel.nio.NioEventLoop.processSelectedKeysOptimized(NioEventLoop.java:579)
	at org.apache.ratis.thirdparty.io.netty.channel.nio.NioEventLoop.processSelectedKeys(NioEventLoop.java:496)
	at org.apache.ratis.thirdparty.io.netty.channel.nio.NioEventLoop.run(NioEventLoop.java:458)
	at org.apache.ratis.thirdparty.io.netty.util.concurrent.SingleThreadEventExecutor$5.run(SingleThreadEventExecutor.java:897)
	at org.apache.ratis.thirdparty.io.netty.util.concurrent.FastThreadLocalRunnable.run(FastThreadLocalRunnable.java:30)
	... 1 more
Caused by: java.net.ConnectException: Connection refused
	... 11 more
2019-06-14 10:28:38,966 INFO  impl.LeaderElection (LeaderElection.java:logAndReturn(56)) - b0aa3512-c9c4-47f5-8fca-680ed027fea5:group-E9B621366AF0:LeaderElection59: Election REJECTED; received 0 response(s) [] and 2 exception(s); b0aa3512-c9c4-47f5-8fca-680ed027fea5:t3, leader=null, voted=b0aa3512-c9c4-47f5-8fca-680ed027fea5, raftlog=b0aa3512-c9c4-47f5-8fca-680ed027fea5-SegmentedRaftLog:OPENED:c-1,f0,i0, conf=0: [3f724bbd-d63c-4ef6-aa2a-655c2fd50fa1:192.168.46.40:41431, 3e94f7ad-f8b9-473d-b417-a18a228d116d:192.168.46.40:38747, b0aa3512-c9c4-47f5-8fca-680ed027fea5:192.168.46.40:43081], old=null
2019-06-14 10:28:38,966 INFO  impl.LeaderElection (LogUtils.java:infoOrTrace(149)) -   Exception 0: {}
java.util.concurrent.ExecutionException: org.apache.ratis.thirdparty.io.grpc.StatusRuntimeException: UNAVAILABLE: io exception
	at java.util.concurrent.FutureTask.report(FutureTask.java:122)
	at java.util.concurrent.FutureTask.get(FutureTask.java:192)
	at org.apache.ratis.server.impl.LeaderElection.waitForResults(LeaderElection.java:262)
	at org.apache.ratis.server.impl.LeaderElection.askForVotes(LeaderElection.java:200)
	at org.apache.ratis.server.impl.LeaderElection.run(LeaderElection.java:130)
	at java.lang.Thread.run(Thread.java:748)
Caused by: org.apache.ratis.thirdparty.io.grpc.StatusRuntimeException: UNAVAILABLE: io exception
	at org.apache.ratis.thirdparty.io.grpc.stub.ClientCalls.toStatusRuntimeException(ClientCalls.java:233)
	at org.apache.ratis.thirdparty.io.grpc.stub.ClientCalls.getUnchecked(ClientCalls.java:214)
	at org.apache.ratis.thirdparty.io.grpc.stub.ClientCalls.blockingUnaryCall(ClientCalls.java:139)
	at org.apache.ratis.proto.grpc.RaftServerProtocolServiceGrpc$RaftServerProtocolServiceBlockingStub.requestVote(RaftServerProtocolServiceGrpc.java:265)
	at org.apache.ratis.grpc.server.GrpcServerProtocolClient.requestVote(GrpcServerProtocolClient.java:83)
	at org.apache.ratis.grpc.server.GrpcService.requestVote(GrpcService.java:194)
	at org.apache.ratis.server.impl.LeaderElection.lambda$submitRequests$1(LeaderElection.java:237)
	at java.util.concurrent.FutureTask.run(FutureTask.java:266)
	at java.util.concurrent.Executors$RunnableAdapter.call(Executors.java:511)
	at java.util.concurrent.FutureTask.run(FutureTask.java:266)
	at java.util.concurrent.ThreadPoolExecutor.runWorker(ThreadPoolExecutor.java:1149)
	at java.util.concurrent.ThreadPoolExecutor$Worker.run(ThreadPoolExecutor.java:624)
	... 1 more
Caused by: org.apache.ratis.thirdparty.io.netty.channel.AbstractChannel$AnnotatedConnectException: Connection refused: /192.168.46.40:38747
	at sun.nio.ch.SocketChannelImpl.checkConnect(Native Method)
	at sun.nio.ch.SocketChannelImpl.finishConnect(SocketChannelImpl.java:717)
	at org.apache.ratis.thirdparty.io.netty.channel.socket.nio.NioSocketChannel.doFinishConnect(NioSocketChannel.java:327)
	at org.apache.ratis.thirdparty.io.netty.channel.nio.AbstractNioChannel$AbstractNioUnsafe.finishConnect(AbstractNioChannel.java:340)
	at org.apache.ratis.thirdparty.io.netty.channel.nio.NioEventLoop.processSelectedKey(NioEventLoop.java:632)
	at org.apache.ratis.thirdparty.io.netty.channel.nio.NioEventLoop.processSelectedKeysOptimized(NioEventLoop.java:579)
	at org.apache.ratis.thirdparty.io.netty.channel.nio.NioEventLoop.processSelectedKeys(NioEventLoop.java:496)
	at org.apache.ratis.thirdparty.io.netty.channel.nio.NioEventLoop.run(NioEventLoop.java:458)
	at org.apache.ratis.thirdparty.io.netty.util.concurrent.SingleThreadEventExecutor$5.run(SingleThreadEventExecutor.java:897)
	at org.apache.ratis.thirdparty.io.netty.util.concurrent.FastThreadLocalRunnable.run(FastThreadLocalRunnable.java:30)
	... 1 more
Caused by: java.net.ConnectException: Connection refused
	... 11 more
2019-06-14 10:28:38,966 INFO  impl.LeaderElection (LogUtils.java:infoOrTrace(149)) -   Exception 1: {}
java.util.concurrent.ExecutionException: org.apache.ratis.thirdparty.io.grpc.StatusRuntimeException: UNAVAILABLE: io exception
	at java.util.concurrent.FutureTask.report(FutureTask.java:122)
	at java.util.concurrent.FutureTask.get(FutureTask.java:192)
	at org.apache.ratis.server.impl.LeaderElection.waitForResults(LeaderElection.java:262)
	at org.apache.ratis.server.impl.LeaderElection.askForVotes(LeaderElection.java:200)
	at org.apache.ratis.server.impl.LeaderElection.run(LeaderElection.java:130)
	at java.lang.Thread.run(Thread.java:748)
Caused by: org.apache.ratis.thirdparty.io.grpc.StatusRuntimeException: UNAVAILABLE: io exception
	at org.apache.ratis.thirdparty.io.grpc.stub.ClientCalls.toStatusRuntimeException(ClientCalls.java:233)
	at org.apache.ratis.thirdparty.io.grpc.stub.ClientCalls.getUnchecked(ClientCalls.java:214)
	at org.apache.ratis.thirdparty.io.grpc.stub.ClientCalls.blockingUnaryCall(ClientCalls.java:139)
	at org.apache.ratis.proto.grpc.RaftServerProtocolServiceGrpc$RaftServerProtocolServiceBlockingStub.requestVote(RaftServerProtocolServiceGrpc.java:265)
	at org.apache.ratis.grpc.server.GrpcServerProtocolClient.requestVote(GrpcServerProtocolClient.java:83)
	at org.apache.ratis.grpc.server.GrpcService.requestVote(GrpcService.java:194)
	at org.apache.ratis.server.impl.LeaderElection.lambda$submitRequests$1(LeaderElection.java:237)
	at java.util.concurrent.FutureTask.run(FutureTask.java:266)
	at java.util.concurrent.Executors$RunnableAdapter.call(Executors.java:511)
	at java.util.concurrent.FutureTask.run(FutureTask.java:266)
	at java.util.concurrent.ThreadPoolExecutor.runWorker(ThreadPoolExecutor.java:1149)
	at java.util.concurrent.ThreadPoolExecutor$Worker.run(ThreadPoolExecutor.java:624)
	... 1 more
Caused by: org.apache.ratis.thirdparty.io.netty.channel.AbstractChannel$AnnotatedConnectException: Connection refused: /192.168.46.40:41431
	at sun.nio.ch.SocketChannelImpl.checkConnect(Native Method)
	at sun.nio.ch.SocketChannelImpl.finishConnect(SocketChannelImpl.java:717)
	at org.apache.ratis.thirdparty.io.netty.channel.socket.nio.NioSocketChannel.doFinishConnect(NioSocketChannel.java:327)
	at org.apache.ratis.thirdparty.io.netty.channel.nio.AbstractNioChannel$AbstractNioUnsafe.finishConnect(AbstractNioChannel.java:340)
	at org.apache.ratis.thirdparty.io.netty.channel.nio.NioEventLoop.processSelectedKey(NioEventLoop.java:632)
	at org.apache.ratis.thirdparty.io.netty.channel.nio.NioEventLoop.processSelectedKeysOptimized(NioEventLoop.java:579)
	at org.apache.ratis.thirdparty.io.netty.channel.nio.NioEventLoop.processSelectedKeys(NioEventLoop.java:496)
	at org.apache.ratis.thirdparty.io.netty.channel.nio.NioEventLoop.run(NioEventLoop.java:458)
	at org.apache.ratis.thirdparty.io.netty.util.concurrent.SingleThreadEventExecutor$5.run(SingleThreadEventExecutor.java:897)
	at org.apache.ratis.thirdparty.io.netty.util.concurrent.FastThreadLocalRunnable.run(FastThreadLocalRunnable.java:30)
	... 1 more
Caused by: java.net.ConnectException: Connection refused
	... 11 more
2019-06-14 10:28:38,967 INFO  impl.RaftServerImpl (RaftServerImpl.java:setRole(164)) - b0aa3512-c9c4-47f5-8fca-680ed027fea5:group-E9B621366AF0 changes role from CANDIDATE to FOLLOWER at term 3 for DISCOVERED_A_NEW_TERM
2019-06-14 10:28:38,967 INFO  impl.RoleInfo (RoleInfo.java:shutdownLeaderElection(134)) - b0aa3512-c9c4-47f5-8fca-680ed027fea5: shutdown LeaderElection
2019-06-14 10:28:38,967 INFO  impl.RoleInfo (RoleInfo.java:updateAndGet(143)) - b0aa3512-c9c4-47f5-8fca-680ed027fea5: start FollowerState
2019-06-14 10:28:39,162 INFO  client.GrpcClientProtocolClient (GrpcClientProtocolClient.java:onNext(254)) - client-A279EEB8135E->b0aa3512-c9c4-47f5-8fca-680ed027fea5: receive RaftClientReply:client-A279EEB8135E->b0aa3512-c9c4-47f5-8fca-680ed027fea5@group-E9B621366AF0, cid=137, FAILED org.apache.ratis.protocol.NotLeaderException: Server b0aa3512-c9c4-47f5-8fca-680ed027fea5 is not the leader (3e94f7ad-f8b9-473d-b417-a18a228d116d:192.168.46.40:38747). Request must be sent to leader., logIndex=0, commits[b0aa3512-c9c4-47f5-8fca-680ed027fea5:c-1, 3f724bbd-d63c-4ef6-aa2a-655c2fd50fa1:c-1, 3e94f7ad-f8b9-473d-b417-a18a228d116d:c-1]
2019-06-14 10:28:39,165 WARN  client.GrpcClientProtocolService (LogUtils.java:warn(134)) - 1-OrderedRequestStreamObserver1: onError: org.apache.ratis.thirdparty.io.grpc.StatusRuntimeException: CANCELLED: cancelled before receiving half close
2019-06-14 10:28:39,474 ERROR commandhandler.CloseContainerCommandHandler (CloseContainerCommandHandler.java:handle(84)) - Container #1 does not exist in datanode. Container close failed.
2019-06-14 10:28:40,098 INFO  impl.FollowerState (FollowerState.java:run(101)) - b0aa3512-c9c4-47f5-8fca-680ed027fea5:group-E9B621366AF0 changes to CANDIDATE, lastRpcTime:1131, electionTimeout:1131ms
2019-06-14 10:28:40,098 INFO  impl.RoleInfo (RoleInfo.java:shutdownFollowerState(121)) - b0aa3512-c9c4-47f5-8fca-680ed027fea5: shutdown FollowerState
2019-06-14 10:28:40,098 INFO  impl.RaftServerImpl (RaftServerImpl.java:setRole(164)) - b0aa3512-c9c4-47f5-8fca-680ed027fea5:group-E9B621366AF0 changes role from FOLLOWER to CANDIDATE at term 3 for changeToCandidate
2019-06-14 10:28:40,098 INFO  impl.RoleInfo (RoleInfo.java:updateAndGet(143)) - b0aa3512-c9c4-47f5-8fca-680ed027fea5: start LeaderElection
2019-06-14 10:28:40,101 INFO  impl.LeaderElection (LeaderElection.java:askForVotes(181)) - b0aa3512-c9c4-47f5-8fca-680ed027fea5:group-E9B621366AF0:LeaderElection60: begin an election at term 4 for 0: [3f724bbd-d63c-4ef6-aa2a-655c2fd50fa1:192.168.46.40:41431, 3e94f7ad-f8b9-473d-b417-a18a228d116d:192.168.46.40:38747, b0aa3512-c9c4-47f5-8fca-680ed027fea5:192.168.46.40:43081], old=null
2019-06-14 10:28:40,101 INFO  impl.LeaderElection (LogUtils.java:infoOrTrace(149)) - b0aa3512-c9c4-47f5-8fca-680ed027fea5:group-E9B621366AF0:LeaderElection60 got exception when requesting votes: {}
java.util.concurrent.ExecutionException: org.apache.ratis.thirdparty.io.grpc.StatusRuntimeException: UNAVAILABLE: io exception
	at java.util.concurrent.FutureTask.report(FutureTask.java:122)
	at java.util.concurrent.FutureTask.get(FutureTask.java:192)
	at org.apache.ratis.server.impl.LeaderElection.waitForResults(LeaderElection.java:262)
	at org.apache.ratis.server.impl.LeaderElection.askForVotes(LeaderElection.java:200)
	at org.apache.ratis.server.impl.LeaderElection.run(LeaderElection.java:130)
	at java.lang.Thread.run(Thread.java:748)
Caused by: org.apache.ratis.thirdparty.io.grpc.StatusRuntimeException: UNAVAILABLE: io exception
	at org.apache.ratis.thirdparty.io.grpc.stub.ClientCalls.toStatusRuntimeException(ClientCalls.java:233)
	at org.apache.ratis.thirdparty.io.grpc.stub.ClientCalls.getUnchecked(ClientCalls.java:214)
	at org.apache.ratis.thirdparty.io.grpc.stub.ClientCalls.blockingUnaryCall(ClientCalls.java:139)
	at org.apache.ratis.proto.grpc.RaftServerProtocolServiceGrpc$RaftServerProtocolServiceBlockingStub.requestVote(RaftServerProtocolServiceGrpc.java:265)
	at org.apache.ratis.grpc.server.GrpcServerProtocolClient.requestVote(GrpcServerProtocolClient.java:83)
	at org.apache.ratis.grpc.server.GrpcService.requestVote(GrpcService.java:194)
	at org.apache.ratis.server.impl.LeaderElection.lambda$submitRequests$1(LeaderElection.java:237)
	at java.util.concurrent.FutureTask.run(FutureTask.java:266)
	at java.util.concurrent.Executors$RunnableAdapter.call(Executors.java:511)
	at java.util.concurrent.FutureTask.run(FutureTask.java:266)
	at java.util.concurrent.ThreadPoolExecutor.runWorker(ThreadPoolExecutor.java:1149)
	at java.util.concurrent.ThreadPoolExecutor$Worker.run(ThreadPoolExecutor.java:624)
	... 1 more
Caused by: org.apache.ratis.thirdparty.io.netty.channel.AbstractChannel$AnnotatedConnectException: Connection refused: /192.168.46.40:38747
	at sun.nio.ch.SocketChannelImpl.checkConnect(Native Method)
	at sun.nio.ch.SocketChannelImpl.finishConnect(SocketChannelImpl.java:717)
	at org.apache.ratis.thirdparty.io.netty.channel.socket.nio.NioSocketChannel.doFinishConnect(NioSocketChannel.java:327)
	at org.apache.ratis.thirdparty.io.netty.channel.nio.AbstractNioChannel$AbstractNioUnsafe.finishConnect(AbstractNioChannel.java:340)
	at org.apache.ratis.thirdparty.io.netty.channel.nio.NioEventLoop.processSelectedKey(NioEventLoop.java:632)
	at org.apache.ratis.thirdparty.io.netty.channel.nio.NioEventLoop.processSelectedKeysOptimized(NioEventLoop.java:579)
	at org.apache.ratis.thirdparty.io.netty.channel.nio.NioEventLoop.processSelectedKeys(NioEventLoop.java:496)
	at org.apache.ratis.thirdparty.io.netty.channel.nio.NioEventLoop.run(NioEventLoop.java:458)
	at org.apache.ratis.thirdparty.io.netty.util.concurrent.SingleThreadEventExecutor$5.run(SingleThreadEventExecutor.java:897)
	at org.apache.ratis.thirdparty.io.netty.util.concurrent.FastThreadLocalRunnable.run(FastThreadLocalRunnable.java:30)
	... 1 more
Caused by: java.net.ConnectException: Connection refused
	... 11 more
2019-06-14 10:28:40,103 INFO  impl.LeaderElection (LogUtils.java:infoOrTrace(149)) - b0aa3512-c9c4-47f5-8fca-680ed027fea5:group-E9B621366AF0:LeaderElection60 got exception when requesting votes: {}
java.util.concurrent.ExecutionException: org.apache.ratis.thirdparty.io.grpc.StatusRuntimeException: UNAVAILABLE: io exception
	at java.util.concurrent.FutureTask.report(FutureTask.java:122)
	at java.util.concurrent.FutureTask.get(FutureTask.java:192)
	at org.apache.ratis.server.impl.LeaderElection.waitForResults(LeaderElection.java:262)
	at org.apache.ratis.server.impl.LeaderElection.askForVotes(LeaderElection.java:200)
	at org.apache.ratis.server.impl.LeaderElection.run(LeaderElection.java:130)
	at java.lang.Thread.run(Thread.java:748)
Caused by: org.apache.ratis.thirdparty.io.grpc.StatusRuntimeException: UNAVAILABLE: io exception
	at org.apache.ratis.thirdparty.io.grpc.stub.ClientCalls.toStatusRuntimeException(ClientCalls.java:233)
	at org.apache.ratis.thirdparty.io.grpc.stub.ClientCalls.getUnchecked(ClientCalls.java:214)
	at org.apache.ratis.thirdparty.io.grpc.stub.ClientCalls.blockingUnaryCall(ClientCalls.java:139)
	at org.apache.ratis.proto.grpc.RaftServerProtocolServiceGrpc$RaftServerProtocolServiceBlockingStub.requestVote(RaftServerProtocolServiceGrpc.java:265)
	at org.apache.ratis.grpc.server.GrpcServerProtocolClient.requestVote(GrpcServerProtocolClient.java:83)
	at org.apache.ratis.grpc.server.GrpcService.requestVote(GrpcService.java:194)
	at org.apache.ratis.server.impl.LeaderElection.lambda$submitRequests$1(LeaderElection.java:237)
	at java.util.concurrent.FutureTask.run(FutureTask.java:266)
	at java.util.concurrent.Executors$RunnableAdapter.call(Executors.java:511)
	at java.util.concurrent.FutureTask.run(FutureTask.java:266)
	at java.util.concurrent.ThreadPoolExecutor.runWorker(ThreadPoolExecutor.java:1149)
	at java.util.concurrent.ThreadPoolExecutor$Worker.run(ThreadPoolExecutor.java:624)
	... 1 more
Caused by: org.apache.ratis.thirdparty.io.netty.channel.AbstractChannel$AnnotatedConnectException: Connection refused: /192.168.46.40:41431
	at sun.nio.ch.SocketChannelImpl.checkConnect(Native Method)
	at sun.nio.ch.SocketChannelImpl.finishConnect(SocketChannelImpl.java:717)
	at org.apache.ratis.thirdparty.io.netty.channel.socket.nio.NioSocketChannel.doFinishConnect(NioSocketChannel.java:327)
	at org.apache.ratis.thirdparty.io.netty.channel.nio.AbstractNioChannel$AbstractNioUnsafe.finishConnect(AbstractNioChannel.java:340)
	at org.apache.ratis.thirdparty.io.netty.channel.nio.NioEventLoop.processSelectedKey(NioEventLoop.java:632)
	at org.apache.ratis.thirdparty.io.netty.channel.nio.NioEventLoop.processSelectedKeysOptimized(NioEventLoop.java:579)
	at org.apache.ratis.thirdparty.io.netty.channel.nio.NioEventLoop.processSelectedKeys(NioEventLoop.java:496)
	at org.apache.ratis.thirdparty.io.netty.channel.nio.NioEventLoop.run(NioEventLoop.java:458)
	at org.apache.ratis.thirdparty.io.netty.util.concurrent.SingleThreadEventExecutor$5.run(SingleThreadEventExecutor.java:897)
	at org.apache.ratis.thirdparty.io.netty.util.concurrent.FastThreadLocalRunnable.run(FastThreadLocalRunnable.java:30)
	... 1 more
Caused by: java.net.ConnectException: Connection refused
	... 11 more
2019-06-14 10:28:40,105 INFO  impl.LeaderElection (LeaderElection.java:logAndReturn(56)) - b0aa3512-c9c4-47f5-8fca-680ed027fea5:group-E9B621366AF0:LeaderElection60: Election REJECTED; received 0 response(s) [] and 2 exception(s); b0aa3512-c9c4-47f5-8fca-680ed027fea5:t4, leader=null, voted=b0aa3512-c9c4-47f5-8fca-680ed027fea5, raftlog=b0aa3512-c9c4-47f5-8fca-680ed027fea5-SegmentedRaftLog:OPENED:c-1,f0,i0, conf=0: [3f724bbd-d63c-4ef6-aa2a-655c2fd50fa1:192.168.46.40:41431, 3e94f7ad-f8b9-473d-b417-a18a228d116d:192.168.46.40:38747, b0aa3512-c9c4-47f5-8fca-680ed027fea5:192.168.46.40:43081], old=null
2019-06-14 10:28:40,105 INFO  impl.LeaderElection (LogUtils.java:infoOrTrace(149)) -   Exception 0: {}
java.util.concurrent.ExecutionException: org.apache.ratis.thirdparty.io.grpc.StatusRuntimeException: UNAVAILABLE: io exception
	at java.util.concurrent.FutureTask.report(FutureTask.java:122)
	at java.util.concurrent.FutureTask.get(FutureTask.java:192)
	at org.apache.ratis.server.impl.LeaderElection.waitForResults(LeaderElection.java:262)
	at org.apache.ratis.server.impl.LeaderElection.askForVotes(LeaderElection.java:200)
	at org.apache.ratis.server.impl.LeaderElection.run(LeaderElection.java:130)
	at java.lang.Thread.run(Thread.java:748)
Caused by: org.apache.ratis.thirdparty.io.grpc.StatusRuntimeException: UNAVAILABLE: io exception
	at org.apache.ratis.thirdparty.io.grpc.stub.ClientCalls.toStatusRuntimeException(ClientCalls.java:233)
	at org.apache.ratis.thirdparty.io.grpc.stub.ClientCalls.getUnchecked(ClientCalls.java:214)
	at org.apache.ratis.thirdparty.io.grpc.stub.ClientCalls.blockingUnaryCall(ClientCalls.java:139)
	at org.apache.ratis.proto.grpc.RaftServerProtocolServiceGrpc$RaftServerProtocolServiceBlockingStub.requestVote(RaftServerProtocolServiceGrpc.java:265)
	at org.apache.ratis.grpc.server.GrpcServerProtocolClient.requestVote(GrpcServerProtocolClient.java:83)
	at org.apache.ratis.grpc.server.GrpcService.requestVote(GrpcService.java:194)
	at org.apache.ratis.server.impl.LeaderElection.lambda$submitRequests$1(LeaderElection.java:237)
	at java.util.concurrent.FutureTask.run(FutureTask.java:266)
	at java.util.concurrent.Executors$RunnableAdapter.call(Executors.java:511)
	at java.util.concurrent.FutureTask.run(FutureTask.java:266)
	at java.util.concurrent.ThreadPoolExecutor.runWorker(ThreadPoolExecutor.java:1149)
	at java.util.concurrent.ThreadPoolExecutor$Worker.run(ThreadPoolExecutor.java:624)
	... 1 more
Caused by: org.apache.ratis.thirdparty.io.netty.channel.AbstractChannel$AnnotatedConnectException: Connection refused: /192.168.46.40:38747
	at sun.nio.ch.SocketChannelImpl.checkConnect(Native Method)
	at sun.nio.ch.SocketChannelImpl.finishConnect(SocketChannelImpl.java:717)
	at org.apache.ratis.thirdparty.io.netty.channel.socket.nio.NioSocketChannel.doFinishConnect(NioSocketChannel.java:327)
	at org.apache.ratis.thirdparty.io.netty.channel.nio.AbstractNioChannel$AbstractNioUnsafe.finishConnect(AbstractNioChannel.java:340)
	at org.apache.ratis.thirdparty.io.netty.channel.nio.NioEventLoop.processSelectedKey(NioEventLoop.java:632)
	at org.apache.ratis.thirdparty.io.netty.channel.nio.NioEventLoop.processSelectedKeysOptimized(NioEventLoop.java:579)
	at org.apache.ratis.thirdparty.io.netty.channel.nio.NioEventLoop.processSelectedKeys(NioEventLoop.java:496)
	at org.apache.ratis.thirdparty.io.netty.channel.nio.NioEventLoop.run(NioEventLoop.java:458)
	at org.apache.ratis.thirdparty.io.netty.util.concurrent.SingleThreadEventExecutor$5.run(SingleThreadEventExecutor.java:897)
	at org.apache.ratis.thirdparty.io.netty.util.concurrent.FastThreadLocalRunnable.run(FastThreadLocalRunnable.java:30)
	... 1 more
Caused by: java.net.ConnectException: Connection refused
	... 11 more
2019-06-14 10:28:40,105 INFO  impl.LeaderElection (LogUtils.java:infoOrTrace(149)) -   Exception 1: {}
java.util.concurrent.ExecutionException: org.apache.ratis.thirdparty.io.grpc.StatusRuntimeException: UNAVAILABLE: io exception
	at java.util.concurrent.FutureTask.report(FutureTask.java:122)
	at java.util.concurrent.FutureTask.get(FutureTask.java:192)
	at org.apache.ratis.server.impl.LeaderElection.waitForResults(LeaderElection.java:262)
	at org.apache.ratis.server.impl.LeaderElection.askForVotes(LeaderElection.java:200)
	at org.apache.ratis.server.impl.LeaderElection.run(LeaderElection.java:130)
	at java.lang.Thread.run(Thread.java:748)
Caused by: org.apache.ratis.thirdparty.io.grpc.StatusRuntimeException: UNAVAILABLE: io exception
	at org.apache.ratis.thirdparty.io.grpc.stub.ClientCalls.toStatusRuntimeException(ClientCalls.java:233)
	at org.apache.ratis.thirdparty.io.grpc.stub.ClientCalls.getUnchecked(ClientCalls.java:214)
	at org.apache.ratis.thirdparty.io.grpc.stub.ClientCalls.blockingUnaryCall(ClientCalls.java:139)
	at org.apache.ratis.proto.grpc.RaftServerProtocolServiceGrpc$RaftServerProtocolServiceBlockingStub.requestVote(RaftServerProtocolServiceGrpc.java:265)
	at org.apache.ratis.grpc.server.GrpcServerProtocolClient.requestVote(GrpcServerProtocolClient.java:83)
	at org.apache.ratis.grpc.server.GrpcService.requestVote(GrpcService.java:194)
	at org.apache.ratis.server.impl.LeaderElection.lambda$submitRequests$1(LeaderElection.java:237)
	at java.util.concurrent.FutureTask.run(FutureTask.java:266)
	at java.util.concurrent.Executors$RunnableAdapter.call(Executors.java:511)
	at java.util.concurrent.FutureTask.run(FutureTask.java:266)
	at java.util.concurrent.ThreadPoolExecutor.runWorker(ThreadPoolExecutor.java:1149)
	at java.util.concurrent.ThreadPoolExecutor$Worker.run(ThreadPoolExecutor.java:624)
	... 1 more
Caused by: org.apache.ratis.thirdparty.io.netty.channel.AbstractChannel$AnnotatedConnectException: Connection refused: /192.168.46.40:41431
	at sun.nio.ch.SocketChannelImpl.checkConnect(Native Method)
	at sun.nio.ch.SocketChannelImpl.finishConnect(SocketChannelImpl.java:717)
	at org.apache.ratis.thirdparty.io.netty.channel.socket.nio.NioSocketChannel.doFinishConnect(NioSocketChannel.java:327)
	at org.apache.ratis.thirdparty.io.netty.channel.nio.AbstractNioChannel$AbstractNioUnsafe.finishConnect(AbstractNioChannel.java:340)
	at org.apache.ratis.thirdparty.io.netty.channel.nio.NioEventLoop.processSelectedKey(NioEventLoop.java:632)
	at org.apache.ratis.thirdparty.io.netty.channel.nio.NioEventLoop.processSelectedKeysOptimized(NioEventLoop.java:579)
	at org.apache.ratis.thirdparty.io.netty.channel.nio.NioEventLoop.processSelectedKeys(NioEventLoop.java:496)
	at org.apache.ratis.thirdparty.io.netty.channel.nio.NioEventLoop.run(NioEventLoop.java:458)
	at org.apache.ratis.thirdparty.io.netty.util.concurrent.SingleThreadEventExecutor$5.run(SingleThreadEventExecutor.java:897)
	at org.apache.ratis.thirdparty.io.netty.util.concurrent.FastThreadLocalRunnable.run(FastThreadLocalRunnable.java:30)
	... 1 more
Caused by: java.net.ConnectException: Connection refused
	... 11 more
2019-06-14 10:28:40,106 INFO  impl.RaftServerImpl (RaftServerImpl.java:setRole(164)) - b0aa3512-c9c4-47f5-8fca-680ed027fea5:group-E9B621366AF0 changes role from CANDIDATE to FOLLOWER at term 4 for DISCOVERED_A_NEW_TERM
2019-06-14 10:28:40,106 INFO  impl.RoleInfo (RoleInfo.java:shutdownLeaderElection(134)) - b0aa3512-c9c4-47f5-8fca-680ed027fea5: shutdown LeaderElection
2019-06-14 10:28:40,106 INFO  impl.RoleInfo (RoleInfo.java:updateAndGet(143)) - b0aa3512-c9c4-47f5-8fca-680ed027fea5: start FollowerState
2019-06-14 10:28:41,176 WARN  io.KeyOutputStream (KeyOutputStream.java:handleException(276)) - Encountered exception java.io.IOException: Unexpected Storage Container Exception: java.util.concurrent.CompletionException: java.util.concurrent.CompletionException: org.apache.ratis.protocol.RaftRetryFailureException: Failed RaftClientRequest:client-A279EEB8135E->3e94f7ad-f8b9-473d-b417-a18a228d116d@group-E9B621366AF0, cid=137, seq=1*, RW, org.apache.hadoop.hdds.scm.XceiverClientRatis$$Lambda$436/510793091@1a024154 for 5 attempts with RetryLimited(maxAttempts=5, sleepTime=1000ms) on the pipeline Pipeline[ Id: 2be980ba-d86e-45e3-a17d-e9b621366af0, Nodes: 3e94f7ad-f8b9-473d-b417-a18a228d116d{ip: 192.168.46.40, host: ozone-cf6ld-438179620, networkLocation: /default-rack, certSerialId: null}3f724bbd-d63c-4ef6-aa2a-655c2fd50fa1{ip: 192.168.46.40, host: ozone-cf6ld-438179620, networkLocation: /default-rack, certSerialId: null}b0aa3512-c9c4-47f5-8fca-680ed027fea5{ip: 192.168.46.40, host: ozone-cf6ld-438179620, networkLocation: /default-rack, certSerialId: null}, Type:RATIS, Factor:THREE, State:OPEN]. The last committed block length is 0, uncommitted data length is 1572864 retry count 0
2019-06-14 10:28:41,188 INFO  client.GrpcClientProtocolClient (GrpcClientProtocolClient.java:onNext(254)) - client-16D10F23CC2F->39aab27a-937d-4d57-9e31-3229443b5129: receive RaftClientReply:client-16D10F23CC2F->39aab27a-937d-4d57-9e31-3229443b5129@group-10CF7E7D22E2, cid=141, FAILED org.apache.ratis.protocol.NotLeaderException: Server 39aab27a-937d-4d57-9e31-3229443b5129 is not the leader (33efc1b5-c38d-44ff-b22e-2cf6345186ab:192.168.46.40:35335). Request must be sent to leader., logIndex=0, commits[39aab27a-937d-4d57-9e31-3229443b5129:c0, 33efc1b5-c38d-44ff-b22e-2cf6345186ab:c0, 99630a57-0e9f-428d-8086-37f49b9f2f2f:c0]
2019-06-14 10:28:41,191 WARN  client.GrpcClientProtocolService (LogUtils.java:warn(134)) - 0-OrderedRequestStreamObserver0: onError: org.apache.ratis.thirdparty.io.grpc.StatusRuntimeException: CANCELLED: cancelled before receiving half close
2019-06-14 10:28:41,302 INFO  impl.FollowerState (FollowerState.java:run(101)) - b0aa3512-c9c4-47f5-8fca-680ed027fea5:group-E9B621366AF0 changes to CANDIDATE, lastRpcTime:1196, electionTimeout:1196ms
2019-06-14 10:28:41,302 INFO  impl.RoleInfo (RoleInfo.java:shutdownFollowerState(121)) - b0aa3512-c9c4-47f5-8fca-680ed027fea5: shutdown FollowerState
2019-06-14 10:28:41,302 INFO  impl.RaftServerImpl (RaftServerImpl.java:setRole(164)) - b0aa3512-c9c4-47f5-8fca-680ed027fea5:group-E9B621366AF0 changes role from FOLLOWER to CANDIDATE at term 4 for changeToCandidate
2019-06-14 10:28:41,302 INFO  impl.RoleInfo (RoleInfo.java:updateAndGet(143)) - b0aa3512-c9c4-47f5-8fca-680ed027fea5: start LeaderElection
2019-06-14 10:28:41,305 INFO  impl.LeaderElection (LeaderElection.java:askForVotes(181)) - b0aa3512-c9c4-47f5-8fca-680ed027fea5:group-E9B621366AF0:LeaderElection61: begin an election at term 5 for 0: [3f724bbd-d63c-4ef6-aa2a-655c2fd50fa1:192.168.46.40:41431, 3e94f7ad-f8b9-473d-b417-a18a228d116d:192.168.46.40:38747, b0aa3512-c9c4-47f5-8fca-680ed027fea5:192.168.46.40:43081], old=null
2019-06-14 10:28:41,305 INFO  impl.LeaderElection (LogUtils.java:infoOrTrace(149)) - b0aa3512-c9c4-47f5-8fca-680ed027fea5:group-E9B621366AF0:LeaderElection61 got exception when requesting votes: {}
java.util.concurrent.ExecutionException: org.apache.ratis.thirdparty.io.grpc.StatusRuntimeException: UNAVAILABLE: io exception
	at java.util.concurrent.FutureTask.report(FutureTask.java:122)
	at java.util.concurrent.FutureTask.get(FutureTask.java:192)
	at org.apache.ratis.server.impl.LeaderElection.waitForResults(LeaderElection.java:262)
	at org.apache.ratis.server.impl.LeaderElection.askForVotes(LeaderElection.java:200)
	at org.apache.ratis.server.impl.LeaderElection.run(LeaderElection.java:130)
	at java.lang.Thread.run(Thread.java:748)
Caused by: org.apache.ratis.thirdparty.io.grpc.StatusRuntimeException: UNAVAILABLE: io exception
	at org.apache.ratis.thirdparty.io.grpc.stub.ClientCalls.toStatusRuntimeException(ClientCalls.java:233)
	at org.apache.ratis.thirdparty.io.grpc.stub.ClientCalls.getUnchecked(ClientCalls.java:214)
	at org.apache.ratis.thirdparty.io.grpc.stub.ClientCalls.blockingUnaryCall(ClientCalls.java:139)
	at org.apache.ratis.proto.grpc.RaftServerProtocolServiceGrpc$RaftServerProtocolServiceBlockingStub.requestVote(RaftServerProtocolServiceGrpc.java:265)
	at org.apache.ratis.grpc.server.GrpcServerProtocolClient.requestVote(GrpcServerProtocolClient.java:83)
	at org.apache.ratis.grpc.server.GrpcService.requestVote(GrpcService.java:194)
	at org.apache.ratis.server.impl.LeaderElection.lambda$submitRequests$1(LeaderElection.java:237)
	at java.util.concurrent.FutureTask.run(FutureTask.java:266)
	at java.util.concurrent.Executors$RunnableAdapter.call(Executors.java:511)
	at java.util.concurrent.FutureTask.run(FutureTask.java:266)
	at java.util.concurrent.ThreadPoolExecutor.runWorker(ThreadPoolExecutor.java:1149)
	at java.util.concurrent.ThreadPoolExecutor$Worker.run(ThreadPoolExecutor.java:624)
	... 1 more
Caused by: org.apache.ratis.thirdparty.io.netty.channel.AbstractChannel$AnnotatedConnectException: Connection refused: /192.168.46.40:41431
	at sun.nio.ch.SocketChannelImpl.checkConnect(Native Method)
	at sun.nio.ch.SocketChannelImpl.finishConnect(SocketChannelImpl.java:717)
	at org.apache.ratis.thirdparty.io.netty.channel.socket.nio.NioSocketChannel.doFinishConnect(NioSocketChannel.java:327)
	at org.apache.ratis.thirdparty.io.netty.channel.nio.AbstractNioChannel$AbstractNioUnsafe.finishConnect(AbstractNioChannel.java:340)
	at org.apache.ratis.thirdparty.io.netty.channel.nio.NioEventLoop.processSelectedKey(NioEventLoop.java:632)
	at org.apache.ratis.thirdparty.io.netty.channel.nio.NioEventLoop.processSelectedKeysOptimized(NioEventLoop.java:579)
	at org.apache.ratis.thirdparty.io.netty.channel.nio.NioEventLoop.processSelectedKeys(NioEventLoop.java:496)
	at org.apache.ratis.thirdparty.io.netty.channel.nio.NioEventLoop.run(NioEventLoop.java:458)
	at org.apache.ratis.thirdparty.io.netty.util.concurrent.SingleThreadEventExecutor$5.run(SingleThreadEventExecutor.java:897)
	at org.apache.ratis.thirdparty.io.netty.util.concurrent.FastThreadLocalRunnable.run(FastThreadLocalRunnable.java:30)
	... 1 more
Caused by: java.net.ConnectException: Connection refused
	... 11 more
2019-06-14 10:28:41,307 INFO  impl.LeaderElection (LogUtils.java:infoOrTrace(149)) - b0aa3512-c9c4-47f5-8fca-680ed027fea5:group-E9B621366AF0:LeaderElection61 got exception when requesting votes: {}
java.util.concurrent.ExecutionException: org.apache.ratis.thirdparty.io.grpc.StatusRuntimeException: UNAVAILABLE: io exception
	at java.util.concurrent.FutureTask.report(FutureTask.java:122)
	at java.util.concurrent.FutureTask.get(FutureTask.java:192)
	at org.apache.ratis.server.impl.LeaderElection.waitForResults(LeaderElection.java:262)
	at org.apache.ratis.server.impl.LeaderElection.askForVotes(LeaderElection.java:200)
	at org.apache.ratis.server.impl.LeaderElection.run(LeaderElection.java:130)
	at java.lang.Thread.run(Thread.java:748)
Caused by: org.apache.ratis.thirdparty.io.grpc.StatusRuntimeException: UNAVAILABLE: io exception
	at org.apache.ratis.thirdparty.io.grpc.stub.ClientCalls.toStatusRuntimeException(ClientCalls.java:233)
	at org.apache.ratis.thirdparty.io.grpc.stub.ClientCalls.getUnchecked(ClientCalls.java:214)
	at org.apache.ratis.thirdparty.io.grpc.stub.ClientCalls.blockingUnaryCall(ClientCalls.java:139)
	at org.apache.ratis.proto.grpc.RaftServerProtocolServiceGrpc$RaftServerProtocolServiceBlockingStub.requestVote(RaftServerProtocolServiceGrpc.java:265)
	at org.apache.ratis.grpc.server.GrpcServerProtocolClient.requestVote(GrpcServerProtocolClient.java:83)
	at org.apache.ratis.grpc.server.GrpcService.requestVote(GrpcService.java:194)
	at org.apache.ratis.server.impl.LeaderElection.lambda$submitRequests$1(LeaderElection.java:237)
	at java.util.concurrent.FutureTask.run(FutureTask.java:266)
	at java.util.concurrent.Executors$RunnableAdapter.call(Executors.java:511)
	at java.util.concurrent.FutureTask.run(FutureTask.java:266)
	at java.util.concurrent.ThreadPoolExecutor.runWorker(ThreadPoolExecutor.java:1149)
	at java.util.concurrent.ThreadPoolExecutor$Worker.run(ThreadPoolExecutor.java:624)
	... 1 more
Caused by: org.apache.ratis.thirdparty.io.netty.channel.AbstractChannel$AnnotatedConnectException: Connection refused: /192.168.46.40:38747
	at sun.nio.ch.SocketChannelImpl.checkConnect(Native Method)
	at sun.nio.ch.SocketChannelImpl.finishConnect(SocketChannelImpl.java:717)
	at org.apache.ratis.thirdparty.io.netty.channel.socket.nio.NioSocketChannel.doFinishConnect(NioSocketChannel.java:327)
	at org.apache.ratis.thirdparty.io.netty.channel.nio.AbstractNioChannel$AbstractNioUnsafe.finishConnect(AbstractNioChannel.java:340)
	at org.apache.ratis.thirdparty.io.netty.channel.nio.NioEventLoop.processSelectedKey(NioEventLoop.java:632)
	at org.apache.ratis.thirdparty.io.netty.channel.nio.NioEventLoop.processSelectedKeysOptimized(NioEventLoop.java:579)
	at org.apache.ratis.thirdparty.io.netty.channel.nio.NioEventLoop.processSelectedKeys(NioEventLoop.java:496)
	at org.apache.ratis.thirdparty.io.netty.channel.nio.NioEventLoop.run(NioEventLoop.java:458)
	at org.apache.ratis.thirdparty.io.netty.util.concurrent.SingleThreadEventExecutor$5.run(SingleThreadEventExecutor.java:897)
	at org.apache.ratis.thirdparty.io.netty.util.concurrent.FastThreadLocalRunnable.run(FastThreadLocalRunnable.java:30)
	... 1 more
Caused by: java.net.ConnectException: Connection refused
	... 11 more
2019-06-14 10:28:41,308 INFO  impl.LeaderElection (LeaderElection.java:logAndReturn(56)) - b0aa3512-c9c4-47f5-8fca-680ed027fea5:group-E9B621366AF0:LeaderElection61: Election REJECTED; received 0 response(s) [] and 2 exception(s); b0aa3512-c9c4-47f5-8fca-680ed027fea5:t5, leader=null, voted=b0aa3512-c9c4-47f5-8fca-680ed027fea5, raftlog=b0aa3512-c9c4-47f5-8fca-680ed027fea5-SegmentedRaftLog:OPENED:c-1,f0,i0, conf=0: [3f724bbd-d63c-4ef6-aa2a-655c2fd50fa1:192.168.46.40:41431, 3e94f7ad-f8b9-473d-b417-a18a228d116d:192.168.46.40:38747, b0aa3512-c9c4-47f5-8fca-680ed027fea5:192.168.46.40:43081], old=null
2019-06-14 10:28:41,308 INFO  impl.LeaderElection (LogUtils.java:infoOrTrace(149)) -   Exception 0: {}
java.util.concurrent.ExecutionException: org.apache.ratis.thirdparty.io.grpc.StatusRuntimeException: UNAVAILABLE: io exception
	at java.util.concurrent.FutureTask.report(FutureTask.java:122)
	at java.util.concurrent.FutureTask.get(FutureTask.java:192)
	at org.apache.ratis.server.impl.LeaderElection.waitForResults(LeaderElection.java:262)
	at org.apache.ratis.server.impl.LeaderElection.askForVotes(LeaderElection.java:200)
	at org.apache.ratis.server.impl.LeaderElection.run(LeaderElection.java:130)
	at java.lang.Thread.run(Thread.java:748)
Caused by: org.apache.ratis.thirdparty.io.grpc.StatusRuntimeException: UNAVAILABLE: io exception
	at org.apache.ratis.thirdparty.io.grpc.stub.ClientCalls.toStatusRuntimeException(ClientCalls.java:233)
	at org.apache.ratis.thirdparty.io.grpc.stub.ClientCalls.getUnchecked(ClientCalls.java:214)
	at org.apache.ratis.thirdparty.io.grpc.stub.ClientCalls.blockingUnaryCall(ClientCalls.java:139)
	at org.apache.ratis.proto.grpc.RaftServerProtocolServiceGrpc$RaftServerProtocolServiceBlockingStub.requestVote(RaftServerProtocolServiceGrpc.java:265)
	at org.apache.ratis.grpc.server.GrpcServerProtocolClient.requestVote(GrpcServerProtocolClient.java:83)
	at org.apache.ratis.grpc.server.GrpcService.requestVote(GrpcService.java:194)
	at org.apache.ratis.server.impl.LeaderElection.lambda$submitRequests$1(LeaderElection.java:237)
	at java.util.concurrent.FutureTask.run(FutureTask.java:266)
	at java.util.concurrent.Executors$RunnableAdapter.call(Executors.java:511)
	at java.util.concurrent.FutureTask.run(FutureTask.java:266)
	at java.util.concurrent.ThreadPoolExecutor.runWorker(ThreadPoolExecutor.java:1149)
	at java.util.concurrent.ThreadPoolExecutor$Worker.run(ThreadPoolExecutor.java:624)
	... 1 more
Caused by: org.apache.ratis.thirdparty.io.netty.channel.AbstractChannel$AnnotatedConnectException: Connection refused: /192.168.46.40:41431
	at sun.nio.ch.SocketChannelImpl.checkConnect(Native Method)
	at sun.nio.ch.SocketChannelImpl.finishConnect(SocketChannelImpl.java:717)
	at org.apache.ratis.thirdparty.io.netty.channel.socket.nio.NioSocketChannel.doFinishConnect(NioSocketChannel.java:327)
	at org.apache.ratis.thirdparty.io.netty.channel.nio.AbstractNioChannel$AbstractNioUnsafe.finishConnect(AbstractNioChannel.java:340)
	at org.apache.ratis.thirdparty.io.netty.channel.nio.NioEventLoop.processSelectedKey(NioEventLoop.java:632)
	at org.apache.ratis.thirdparty.io.netty.channel.nio.NioEventLoop.processSelectedKeysOptimized(NioEventLoop.java:579)
	at org.apache.ratis.thirdparty.io.netty.channel.nio.NioEventLoop.processSelectedKeys(NioEventLoop.java:496)
	at org.apache.ratis.thirdparty.io.netty.channel.nio.NioEventLoop.run(NioEventLoop.java:458)
	at org.apache.ratis.thirdparty.io.netty.util.concurrent.SingleThreadEventExecutor$5.run(SingleThreadEventExecutor.java:897)
	at org.apache.ratis.thirdparty.io.netty.util.concurrent.FastThreadLocalRunnable.run(FastThreadLocalRunnable.java:30)
	... 1 more
Caused by: java.net.ConnectException: Connection refused
	... 11 more
2019-06-14 10:28:41,308 INFO  impl.LeaderElection (LogUtils.java:infoOrTrace(149)) -   Exception 1: {}
java.util.concurrent.ExecutionException: org.apache.ratis.thirdparty.io.grpc.StatusRuntimeException: UNAVAILABLE: io exception
	at java.util.concurrent.FutureTask.report(FutureTask.java:122)
	at java.util.concurrent.FutureTask.get(FutureTask.java:192)
	at org.apache.ratis.server.impl.LeaderElection.waitForResults(LeaderElection.java:262)
	at org.apache.ratis.server.impl.LeaderElection.askForVotes(LeaderElection.java:200)
	at org.apache.ratis.server.impl.LeaderElection.run(LeaderElection.java:130)
	at java.lang.Thread.run(Thread.java:748)
Caused by: org.apache.ratis.thirdparty.io.grpc.StatusRuntimeException: UNAVAILABLE: io exception
	at org.apache.ratis.thirdparty.io.grpc.stub.ClientCalls.toStatusRuntimeException(ClientCalls.java:233)
	at org.apache.ratis.thirdparty.io.grpc.stub.ClientCalls.getUnchecked(ClientCalls.java:214)
	at org.apache.ratis.thirdparty.io.grpc.stub.ClientCalls.blockingUnaryCall(ClientCalls.java:139)
	at org.apache.ratis.proto.grpc.RaftServerProtocolServiceGrpc$RaftServerProtocolServiceBlockingStub.requestVote(RaftServerProtocolServiceGrpc.java:265)
	at org.apache.ratis.grpc.server.GrpcServerProtocolClient.requestVote(GrpcServerProtocolClient.java:83)
	at org.apache.ratis.grpc.server.GrpcService.requestVote(GrpcService.java:194)
	at org.apache.ratis.server.impl.LeaderElection.lambda$submitRequests$1(LeaderElection.java:237)
	at java.util.concurrent.FutureTask.run(FutureTask.java:266)
	at java.util.concurrent.Executors$RunnableAdapter.call(Executors.java:511)
	at java.util.concurrent.FutureTask.run(FutureTask.java:266)
	at java.util.concurrent.ThreadPoolExecutor.runWorker(ThreadPoolExecutor.java:1149)
	at java.util.concurrent.ThreadPoolExecutor$Worker.run(ThreadPoolExecutor.java:624)
	... 1 more
Caused by: org.apache.ratis.thirdparty.io.netty.channel.AbstractChannel$AnnotatedConnectException: Connection refused: /192.168.46.40:38747
	at sun.nio.ch.SocketChannelImpl.checkConnect(Native Method)
	at sun.nio.ch.SocketChannelImpl.finishConnect(SocketChannelImpl.java:717)
	at org.apache.ratis.thirdparty.io.netty.channel.socket.nio.NioSocketChannel.doFinishConnect(NioSocketChannel.java:327)
	at org.apache.ratis.thirdparty.io.netty.channel.nio.AbstractNioChannel$AbstractNioUnsafe.finishConnect(AbstractNioChannel.java:340)
	at org.apache.ratis.thirdparty.io.netty.channel.nio.NioEventLoop.processSelectedKey(NioEventLoop.java:632)
	at org.apache.ratis.thirdparty.io.netty.channel.nio.NioEventLoop.processSelectedKeysOptimized(NioEventLoop.java:579)
	at org.apache.ratis.thirdparty.io.netty.channel.nio.NioEventLoop.processSelectedKeys(NioEventLoop.java:496)
	at org.apache.ratis.thirdparty.io.netty.channel.nio.NioEventLoop.run(NioEventLoop.java:458)
	at org.apache.ratis.thirdparty.io.netty.util.concurrent.SingleThreadEventExecutor$5.run(SingleThreadEventExecutor.java:897)
	at org.apache.ratis.thirdparty.io.netty.util.concurrent.FastThreadLocalRunnable.run(FastThreadLocalRunnable.java:30)
	... 1 more
Caused by: java.net.ConnectException: Connection refused
	... 11 more
2019-06-14 10:28:41,308 INFO  impl.RaftServerImpl (RaftServerImpl.java:setRole(164)) - b0aa3512-c9c4-47f5-8fca-680ed027fea5:group-E9B621366AF0 changes role from CANDIDATE to FOLLOWER at term 5 for DISCOVERED_A_NEW_TERM
2019-06-14 10:28:41,309 INFO  impl.RoleInfo (RoleInfo.java:shutdownLeaderElection(134)) - b0aa3512-c9c4-47f5-8fca-680ed027fea5: shutdown LeaderElection
2019-06-14 10:28:41,309 INFO  impl.RoleInfo (RoleInfo.java:updateAndGet(143)) - b0aa3512-c9c4-47f5-8fca-680ed027fea5: start FollowerState
2019-06-14 10:28:42,198 INFO  client.GrpcClientProtocolClient (GrpcClientProtocolClient.java:onNext(254)) - client-16D10F23CC2F->99630a57-0e9f-428d-8086-37f49b9f2f2f: receive RaftClientReply:client-16D10F23CC2F->99630a57-0e9f-428d-8086-37f49b9f2f2f@group-10CF7E7D22E2, cid=141, FAILED org.apache.ratis.protocol.NotLeaderException: Server 99630a57-0e9f-428d-8086-37f49b9f2f2f is not the leader (33efc1b5-c38d-44ff-b22e-2cf6345186ab:192.168.46.40:35335). Request must be sent to leader., logIndex=0, commits[99630a57-0e9f-428d-8086-37f49b9f2f2f:c0, 33efc1b5-c38d-44ff-b22e-2cf6345186ab:c0, 39aab27a-937d-4d57-9e31-3229443b5129:c0]
2019-06-14 10:28:42,200 WARN  client.GrpcClientProtocolService (LogUtils.java:warn(134)) - 0-OrderedRequestStreamObserver0: onError: org.apache.ratis.thirdparty.io.grpc.StatusRuntimeException: CANCELLED: cancelled before receiving half close
2019-06-14 10:28:42,370 INFO  impl.FollowerState (FollowerState.java:run(101)) - b0aa3512-c9c4-47f5-8fca-680ed027fea5:group-E9B621366AF0 changes to CANDIDATE, lastRpcTime:1061, electionTimeout:1061ms
2019-06-14 10:28:42,370 INFO  impl.RoleInfo (RoleInfo.java:shutdownFollowerState(121)) - b0aa3512-c9c4-47f5-8fca-680ed027fea5: shutdown FollowerState
2019-06-14 10:28:42,370 INFO  impl.RaftServerImpl (RaftServerImpl.java:setRole(164)) - b0aa3512-c9c4-47f5-8fca-680ed027fea5:group-E9B621366AF0 changes role from FOLLOWER to CANDIDATE at term 5 for changeToCandidate
2019-06-14 10:28:42,370 INFO  impl.RoleInfo (RoleInfo.java:updateAndGet(143)) - b0aa3512-c9c4-47f5-8fca-680ed027fea5: start LeaderElection
2019-06-14 10:28:42,372 INFO  impl.LeaderElection (LeaderElection.java:askForVotes(181)) - b0aa3512-c9c4-47f5-8fca-680ed027fea5:group-E9B621366AF0:LeaderElection62: begin an election at term 6 for 0: [3f724bbd-d63c-4ef6-aa2a-655c2fd50fa1:192.168.46.40:41431, 3e94f7ad-f8b9-473d-b417-a18a228d116d:192.168.46.40:38747, b0aa3512-c9c4-47f5-8fca-680ed027fea5:192.168.46.40:43081], old=null
2019-06-14 10:28:42,373 INFO  impl.LeaderElection (LogUtils.java:infoOrTrace(149)) - b0aa3512-c9c4-47f5-8fca-680ed027fea5:group-E9B621366AF0:LeaderElection62 got exception when requesting votes: {}
java.util.concurrent.ExecutionException: org.apache.ratis.thirdparty.io.grpc.StatusRuntimeException: UNAVAILABLE: io exception
	at java.util.concurrent.FutureTask.report(FutureTask.java:122)
	at java.util.concurrent.FutureTask.get(FutureTask.java:192)
	at org.apache.ratis.server.impl.LeaderElection.waitForResults(LeaderElection.java:262)
	at org.apache.ratis.server.impl.LeaderElection.askForVotes(LeaderElection.java:200)
	at org.apache.ratis.server.impl.LeaderElection.run(LeaderElection.java:130)
	at java.lang.Thread.run(Thread.java:748)
Caused by: org.apache.ratis.thirdparty.io.grpc.StatusRuntimeException: UNAVAILABLE: io exception
	at org.apache.ratis.thirdparty.io.grpc.stub.ClientCalls.toStatusRuntimeException(ClientCalls.java:233)
	at org.apache.ratis.thirdparty.io.grpc.stub.ClientCalls.getUnchecked(ClientCalls.java:214)
	at org.apache.ratis.thirdparty.io.grpc.stub.ClientCalls.blockingUnaryCall(ClientCalls.java:139)
	at org.apache.ratis.proto.grpc.RaftServerProtocolServiceGrpc$RaftServerProtocolServiceBlockingStub.requestVote(RaftServerProtocolServiceGrpc.java:265)
	at org.apache.ratis.grpc.server.GrpcServerProtocolClient.requestVote(GrpcServerProtocolClient.java:83)
	at org.apache.ratis.grpc.server.GrpcService.requestVote(GrpcService.java:194)
	at org.apache.ratis.server.impl.LeaderElection.lambda$submitRequests$1(LeaderElection.java:237)
	at java.util.concurrent.FutureTask.run(FutureTask.java:266)
	at java.util.concurrent.Executors$RunnableAdapter.call(Executors.java:511)
	at java.util.concurrent.FutureTask.run(FutureTask.java:266)
	at java.util.concurrent.ThreadPoolExecutor.runWorker(ThreadPoolExecutor.java:1149)
	at java.util.concurrent.ThreadPoolExecutor$Worker.run(ThreadPoolExecutor.java:624)
	... 1 more
Caused by: org.apache.ratis.thirdparty.io.netty.channel.AbstractChannel$AnnotatedConnectException: Connection refused: /192.168.46.40:38747
	at sun.nio.ch.SocketChannelImpl.checkConnect(Native Method)
	at sun.nio.ch.SocketChannelImpl.finishConnect(SocketChannelImpl.java:717)
	at org.apache.ratis.thirdparty.io.netty.channel.socket.nio.NioSocketChannel.doFinishConnect(NioSocketChannel.java:327)
	at org.apache.ratis.thirdparty.io.netty.channel.nio.AbstractNioChannel$AbstractNioUnsafe.finishConnect(AbstractNioChannel.java:340)
	at org.apache.ratis.thirdparty.io.netty.channel.nio.NioEventLoop.processSelectedKey(NioEventLoop.java:632)
	at org.apache.ratis.thirdparty.io.netty.channel.nio.NioEventLoop.processSelectedKeysOptimized(NioEventLoop.java:579)
	at org.apache.ratis.thirdparty.io.netty.channel.nio.NioEventLoop.processSelectedKeys(NioEventLoop.java:496)
	at org.apache.ratis.thirdparty.io.netty.channel.nio.NioEventLoop.run(NioEventLoop.java:458)
	at org.apache.ratis.thirdparty.io.netty.util.concurrent.SingleThreadEventExecutor$5.run(SingleThreadEventExecutor.java:897)
	at org.apache.ratis.thirdparty.io.netty.util.concurrent.FastThreadLocalRunnable.run(FastThreadLocalRunnable.java:30)
	... 1 more
Caused by: java.net.ConnectException: Connection refused
	... 11 more
2019-06-14 10:28:42,375 INFO  impl.LeaderElection (LogUtils.java:infoOrTrace(149)) - b0aa3512-c9c4-47f5-8fca-680ed027fea5:group-E9B621366AF0:LeaderElection62 got exception when requesting votes: {}
java.util.concurrent.ExecutionException: org.apache.ratis.thirdparty.io.grpc.StatusRuntimeException: UNAVAILABLE: io exception
	at java.util.concurrent.FutureTask.report(FutureTask.java:122)
	at java.util.concurrent.FutureTask.get(FutureTask.java:192)
	at org.apache.ratis.server.impl.LeaderElection.waitForResults(LeaderElection.java:262)
	at org.apache.ratis.server.impl.LeaderElection.askForVotes(LeaderElection.java:200)
	at org.apache.ratis.server.impl.LeaderElection.run(LeaderElection.java:130)
	at java.lang.Thread.run(Thread.java:748)
Caused by: org.apache.ratis.thirdparty.io.grpc.StatusRuntimeException: UNAVAILABLE: io exception
	at org.apache.ratis.thirdparty.io.grpc.stub.ClientCalls.toStatusRuntimeException(ClientCalls.java:233)
	at org.apache.ratis.thirdparty.io.grpc.stub.ClientCalls.getUnchecked(ClientCalls.java:214)
	at org.apache.ratis.thirdparty.io.grpc.stub.ClientCalls.blockingUnaryCall(ClientCalls.java:139)
	at org.apache.ratis.proto.grpc.RaftServerProtocolServiceGrpc$RaftServerProtocolServiceBlockingStub.requestVote(RaftServerProtocolServiceGrpc.java:265)
	at org.apache.ratis.grpc.server.GrpcServerProtocolClient.requestVote(GrpcServerProtocolClient.java:83)
	at org.apache.ratis.grpc.server.GrpcService.requestVote(GrpcService.java:194)
	at org.apache.ratis.server.impl.LeaderElection.lambda$submitRequests$1(LeaderElection.java:237)
	at java.util.concurrent.FutureTask.run(FutureTask.java:266)
	at java.util.concurrent.Executors$RunnableAdapter.call(Executors.java:511)
	at java.util.concurrent.FutureTask.run(FutureTask.java:266)
	at java.util.concurrent.ThreadPoolExecutor.runWorker(ThreadPoolExecutor.java:1149)
	at java.util.concurrent.ThreadPoolExecutor$Worker.run(ThreadPoolExecutor.java:624)
	... 1 more
Caused by: org.apache.ratis.thirdparty.io.netty.channel.AbstractChannel$AnnotatedConnectException: Connection refused: /192.168.46.40:41431
	at sun.nio.ch.SocketChannelImpl.checkConnect(Native Method)
	at sun.nio.ch.SocketChannelImpl.finishConnect(SocketChannelImpl.java:717)
	at org.apache.ratis.thirdparty.io.netty.channel.socket.nio.NioSocketChannel.doFinishConnect(NioSocketChannel.java:327)
	at org.apache.ratis.thirdparty.io.netty.channel.nio.AbstractNioChannel$AbstractNioUnsafe.finishConnect(AbstractNioChannel.java:340)
	at org.apache.ratis.thirdparty.io.netty.channel.nio.NioEventLoop.processSelectedKey(NioEventLoop.java:632)
	at org.apache.ratis.thirdparty.io.netty.channel.nio.NioEventLoop.processSelectedKeysOptimized(NioEventLoop.java:579)
	at org.apache.ratis.thirdparty.io.netty.channel.nio.NioEventLoop.processSelectedKeys(NioEventLoop.java:496)
	at org.apache.ratis.thirdparty.io.netty.channel.nio.NioEventLoop.run(NioEventLoop.java:458)
	at org.apache.ratis.thirdparty.io.netty.util.concurrent.SingleThreadEventExecutor$5.run(SingleThreadEventExecutor.java:897)
	at org.apache.ratis.thirdparty.io.netty.util.concurrent.FastThreadLocalRunnable.run(FastThreadLocalRunnable.java:30)
	... 1 more
Caused by: java.net.ConnectException: Connection refused
	... 11 more
2019-06-14 10:28:42,376 INFO  impl.LeaderElection (LeaderElection.java:logAndReturn(56)) - b0aa3512-c9c4-47f5-8fca-680ed027fea5:group-E9B621366AF0:LeaderElection62: Election REJECTED; received 0 response(s) [] and 2 exception(s); b0aa3512-c9c4-47f5-8fca-680ed027fea5:t6, leader=null, voted=b0aa3512-c9c4-47f5-8fca-680ed027fea5, raftlog=b0aa3512-c9c4-47f5-8fca-680ed027fea5-SegmentedRaftLog:OPENED:c-1,f0,i0, conf=0: [3f724bbd-d63c-4ef6-aa2a-655c2fd50fa1:192.168.46.40:41431, 3e94f7ad-f8b9-473d-b417-a18a228d116d:192.168.46.40:38747, b0aa3512-c9c4-47f5-8fca-680ed027fea5:192.168.46.40:43081], old=null
2019-06-14 10:28:42,376 INFO  impl.LeaderElection (LogUtils.java:infoOrTrace(149)) -   Exception 0: {}
java.util.concurrent.ExecutionException: org.apache.ratis.thirdparty.io.grpc.StatusRuntimeException: UNAVAILABLE: io exception
	at java.util.concurrent.FutureTask.report(FutureTask.java:122)
	at java.util.concurrent.FutureTask.get(FutureTask.java:192)
	at org.apache.ratis.server.impl.LeaderElection.waitForResults(LeaderElection.java:262)
	at org.apache.ratis.server.impl.LeaderElection.askForVotes(LeaderElection.java:200)
	at org.apache.ratis.server.impl.LeaderElection.run(LeaderElection.java:130)
	at java.lang.Thread.run(Thread.java:748)
Caused by: org.apache.ratis.thirdparty.io.grpc.StatusRuntimeException: UNAVAILABLE: io exception
	at org.apache.ratis.thirdparty.io.grpc.stub.ClientCalls.toStatusRuntimeException(ClientCalls.java:233)
	at org.apache.ratis.thirdparty.io.grpc.stub.ClientCalls.getUnchecked(ClientCalls.java:214)
	at org.apache.ratis.thirdparty.io.grpc.stub.ClientCalls.blockingUnaryCall(ClientCalls.java:139)
	at org.apache.ratis.proto.grpc.RaftServerProtocolServiceGrpc$RaftServerProtocolServiceBlockingStub.requestVote(RaftServerProtocolServiceGrpc.java:265)
	at org.apache.ratis.grpc.server.GrpcServerProtocolClient.requestVote(GrpcServerProtocolClient.java:83)
	at org.apache.ratis.grpc.server.GrpcService.requestVote(GrpcService.java:194)
	at org.apache.ratis.server.impl.LeaderElection.lambda$submitRequests$1(LeaderElection.java:237)
	at java.util.concurrent.FutureTask.run(FutureTask.java:266)
	at java.util.concurrent.Executors$RunnableAdapter.call(Executors.java:511)
	at java.util.concurrent.FutureTask.run(FutureTask.java:266)
	at java.util.concurrent.ThreadPoolExecutor.runWorker(ThreadPoolExecutor.java:1149)
	at java.util.concurrent.ThreadPoolExecutor$Worker.run(ThreadPoolExecutor.java:624)
	... 1 more
Caused by: org.apache.ratis.thirdparty.io.netty.channel.AbstractChannel$AnnotatedConnectException: Connection refused: /192.168.46.40:38747
	at sun.nio.ch.SocketChannelImpl.checkConnect(Native Method)
	at sun.nio.ch.SocketChannelImpl.finishConnect(SocketChannelImpl.java:717)
	at org.apache.ratis.thirdparty.io.netty.channel.socket.nio.NioSocketChannel.doFinishConnect(NioSocketChannel.java:327)
	at org.apache.ratis.thirdparty.io.netty.channel.nio.AbstractNioChannel$AbstractNioUnsafe.finishConnect(AbstractNioChannel.java:340)
	at org.apache.ratis.thirdparty.io.netty.channel.nio.NioEventLoop.processSelectedKey(NioEventLoop.java:632)
	at org.apache.ratis.thirdparty.io.netty.channel.nio.NioEventLoop.processSelectedKeysOptimized(NioEventLoop.java:579)
	at org.apache.ratis.thirdparty.io.netty.channel.nio.NioEventLoop.processSelectedKeys(NioEventLoop.java:496)
	at org.apache.ratis.thirdparty.io.netty.channel.nio.NioEventLoop.run(NioEventLoop.java:458)
	at org.apache.ratis.thirdparty.io.netty.util.concurrent.SingleThreadEventExecutor$5.run(SingleThreadEventExecutor.java:897)
	at org.apache.ratis.thirdparty.io.netty.util.concurrent.FastThreadLocalRunnable.run(FastThreadLocalRunnable.java:30)
	... 1 more
Caused by: java.net.ConnectException: Connection refused
	... 11 more
2019-06-14 10:28:42,376 INFO  impl.LeaderElection (LogUtils.java:infoOrTrace(149)) -   Exception 1: {}
java.util.concurrent.ExecutionException: org.apache.ratis.thirdparty.io.grpc.StatusRuntimeException: UNAVAILABLE: io exception
	at java.util.concurrent.FutureTask.report(FutureTask.java:122)
	at java.util.concurrent.FutureTask.get(FutureTask.java:192)
	at org.apache.ratis.server.impl.LeaderElection.waitForResults(LeaderElection.java:262)
	at org.apache.ratis.server.impl.LeaderElection.askForVotes(LeaderElection.java:200)
	at org.apache.ratis.server.impl.LeaderElection.run(LeaderElection.java:130)
	at java.lang.Thread.run(Thread.java:748)
Caused by: org.apache.ratis.thirdparty.io.grpc.StatusRuntimeException: UNAVAILABLE: io exception
	at org.apache.ratis.thirdparty.io.grpc.stub.ClientCalls.toStatusRuntimeException(ClientCalls.java:233)
	at org.apache.ratis.thirdparty.io.grpc.stub.ClientCalls.getUnchecked(ClientCalls.java:214)
	at org.apache.ratis.thirdparty.io.grpc.stub.ClientCalls.blockingUnaryCall(ClientCalls.java:139)
	at org.apache.ratis.proto.grpc.RaftServerProtocolServiceGrpc$RaftServerProtocolServiceBlockingStub.requestVote(RaftServerProtocolServiceGrpc.java:265)
	at org.apache.ratis.grpc.server.GrpcServerProtocolClient.requestVote(GrpcServerProtocolClient.java:83)
	at org.apache.ratis.grpc.server.GrpcService.requestVote(GrpcService.java:194)
	at org.apache.ratis.server.impl.LeaderElection.lambda$submitRequests$1(LeaderElection.java:237)
	at java.util.concurrent.FutureTask.run(FutureTask.java:266)
	at java.util.concurrent.Executors$RunnableAdapter.call(Executors.java:511)
	at java.util.concurrent.FutureTask.run(FutureTask.java:266)
	at java.util.concurrent.ThreadPoolExecutor.runWorker(ThreadPoolExecutor.java:1149)
	at java.util.concurrent.ThreadPoolExecutor$Worker.run(ThreadPoolExecutor.java:624)
	... 1 more
Caused by: org.apache.ratis.thirdparty.io.netty.channel.AbstractChannel$AnnotatedConnectException: Connection refused: /192.168.46.40:41431
	at sun.nio.ch.SocketChannelImpl.checkConnect(Native Method)
	at sun.nio.ch.SocketChannelImpl.finishConnect(SocketChannelImpl.java:717)
	at org.apache.ratis.thirdparty.io.netty.channel.socket.nio.NioSocketChannel.doFinishConnect(NioSocketChannel.java:327)
	at org.apache.ratis.thirdparty.io.netty.channel.nio.AbstractNioChannel$AbstractNioUnsafe.finishConnect(AbstractNioChannel.java:340)
	at org.apache.ratis.thirdparty.io.netty.channel.nio.NioEventLoop.processSelectedKey(NioEventLoop.java:632)
	at org.apache.ratis.thirdparty.io.netty.channel.nio.NioEventLoop.processSelectedKeysOptimized(NioEventLoop.java:579)
	at org.apache.ratis.thirdparty.io.netty.channel.nio.NioEventLoop.processSelectedKeys(NioEventLoop.java:496)
	at org.apache.ratis.thirdparty.io.netty.channel.nio.NioEventLoop.run(NioEventLoop.java:458)
	at org.apache.ratis.thirdparty.io.netty.util.concurrent.SingleThreadEventExecutor$5.run(SingleThreadEventExecutor.java:897)
	at org.apache.ratis.thirdparty.io.netty.util.concurrent.FastThreadLocalRunnable.run(FastThreadLocalRunnable.java:30)
	... 1 more
Caused by: java.net.ConnectException: Connection refused
	... 11 more
2019-06-14 10:28:42,377 INFO  impl.RaftServerImpl (RaftServerImpl.java:setRole(164)) - b0aa3512-c9c4-47f5-8fca-680ed027fea5:group-E9B621366AF0 changes role from CANDIDATE to FOLLOWER at term 6 for DISCOVERED_A_NEW_TERM
2019-06-14 10:28:42,377 INFO  impl.RoleInfo (RoleInfo.java:shutdownLeaderElection(134)) - b0aa3512-c9c4-47f5-8fca-680ed027fea5: shutdown LeaderElection
2019-06-14 10:28:42,377 INFO  impl.RoleInfo (RoleInfo.java:updateAndGet(143)) - b0aa3512-c9c4-47f5-8fca-680ed027fea5: start FollowerState
2019-06-14 10:28:43,208 INFO  client.GrpcClientProtocolClient (GrpcClientProtocolClient.java:onNext(254)) - client-16D10F23CC2F->39aab27a-937d-4d57-9e31-3229443b5129: receive RaftClientReply:client-16D10F23CC2F->39aab27a-937d-4d57-9e31-3229443b5129@group-10CF7E7D22E2, cid=141, FAILED org.apache.ratis.protocol.NotLeaderException: Server 39aab27a-937d-4d57-9e31-3229443b5129 is not the leader (33efc1b5-c38d-44ff-b22e-2cf6345186ab:192.168.46.40:35335). Request must be sent to leader., logIndex=0, commits[39aab27a-937d-4d57-9e31-3229443b5129:c0, 33efc1b5-c38d-44ff-b22e-2cf6345186ab:c0, 99630a57-0e9f-428d-8086-37f49b9f2f2f:c0]
2019-06-14 10:28:43,214 WARN  client.GrpcClientProtocolService (LogUtils.java:warn(134)) - 1-OrderedRequestStreamObserver1: onError: org.apache.ratis.thirdparty.io.grpc.StatusRuntimeException: CANCELLED: cancelled before receiving half close
2019-06-14 10:28:43,393 INFO  impl.FollowerState (FollowerState.java:run(101)) - b0aa3512-c9c4-47f5-8fca-680ed027fea5:group-E9B621366AF0 changes to CANDIDATE, lastRpcTime:1016, electionTimeout:1016ms
2019-06-14 10:28:43,393 INFO  impl.RoleInfo (RoleInfo.java:shutdownFollowerState(121)) - b0aa3512-c9c4-47f5-8fca-680ed027fea5: shutdown FollowerState
2019-06-14 10:28:43,393 INFO  impl.RaftServerImpl (RaftServerImpl.java:setRole(164)) - b0aa3512-c9c4-47f5-8fca-680ed027fea5:group-E9B621366AF0 changes role from FOLLOWER to CANDIDATE at term 6 for changeToCandidate
2019-06-14 10:28:43,393 INFO  impl.RoleInfo (RoleInfo.java:updateAndGet(143)) - b0aa3512-c9c4-47f5-8fca-680ed027fea5: start LeaderElection
2019-06-14 10:28:43,396 INFO  impl.LeaderElection (LeaderElection.java:askForVotes(181)) - b0aa3512-c9c4-47f5-8fca-680ed027fea5:group-E9B621366AF0:LeaderElection63: begin an election at term 7 for 0: [3f724bbd-d63c-4ef6-aa2a-655c2fd50fa1:192.168.46.40:41431, 3e94f7ad-f8b9-473d-b417-a18a228d116d:192.168.46.40:38747, b0aa3512-c9c4-47f5-8fca-680ed027fea5:192.168.46.40:43081], old=null
2019-06-14 10:28:43,396 INFO  impl.LeaderElection (LogUtils.java:infoOrTrace(149)) - b0aa3512-c9c4-47f5-8fca-680ed027fea5:group-E9B621366AF0:LeaderElection63 got exception when requesting votes: {}
java.util.concurrent.ExecutionException: org.apache.ratis.thirdparty.io.grpc.StatusRuntimeException: UNAVAILABLE: io exception
	at java.util.concurrent.FutureTask.report(FutureTask.java:122)
	at java.util.concurrent.FutureTask.get(FutureTask.java:192)
	at org.apache.ratis.server.impl.LeaderElection.waitForResults(LeaderElection.java:262)
	at org.apache.ratis.server.impl.LeaderElection.askForVotes(LeaderElection.java:200)
	at org.apache.ratis.server.impl.LeaderElection.run(LeaderElection.java:130)
	at java.lang.Thread.run(Thread.java:748)
Caused by: org.apache.ratis.thirdparty.io.grpc.StatusRuntimeException: UNAVAILABLE: io exception
	at org.apache.ratis.thirdparty.io.grpc.stub.ClientCalls.toStatusRuntimeException(ClientCalls.java:233)
	at org.apache.ratis.thirdparty.io.grpc.stub.ClientCalls.getUnchecked(ClientCalls.java:214)
	at org.apache.ratis.thirdparty.io.grpc.stub.ClientCalls.blockingUnaryCall(ClientCalls.java:139)
	at org.apache.ratis.proto.grpc.RaftServerProtocolServiceGrpc$RaftServerProtocolServiceBlockingStub.requestVote(RaftServerProtocolServiceGrpc.java:265)
	at org.apache.ratis.grpc.server.GrpcServerProtocolClient.requestVote(GrpcServerProtocolClient.java:83)
	at org.apache.ratis.grpc.server.GrpcService.requestVote(GrpcService.java:194)
	at org.apache.ratis.server.impl.LeaderElection.lambda$submitRequests$1(LeaderElection.java:237)
	at java.util.concurrent.FutureTask.run(FutureTask.java:266)
	at java.util.concurrent.Executors$RunnableAdapter.call(Executors.java:511)
	at java.util.concurrent.FutureTask.run(FutureTask.java:266)
	at java.util.concurrent.ThreadPoolExecutor.runWorker(ThreadPoolExecutor.java:1149)
	at java.util.concurrent.ThreadPoolExecutor$Worker.run(ThreadPoolExecutor.java:624)
	... 1 more
Caused by: org.apache.ratis.thirdparty.io.netty.channel.AbstractChannel$AnnotatedConnectException: Connection refused: /192.168.46.40:41431
	at sun.nio.ch.SocketChannelImpl.checkConnect(Native Method)
	at sun.nio.ch.SocketChannelImpl.finishConnect(SocketChannelImpl.java:717)
	at org.apache.ratis.thirdparty.io.netty.channel.socket.nio.NioSocketChannel.doFinishConnect(NioSocketChannel.java:327)
	at org.apache.ratis.thirdparty.io.netty.channel.nio.AbstractNioChannel$AbstractNioUnsafe.finishConnect(AbstractNioChannel.java:340)
	at org.apache.ratis.thirdparty.io.netty.channel.nio.NioEventLoop.processSelectedKey(NioEventLoop.java:632)
	at org.apache.ratis.thirdparty.io.netty.channel.nio.NioEventLoop.processSelectedKeysOptimized(NioEventLoop.java:579)
	at org.apache.ratis.thirdparty.io.netty.channel.nio.NioEventLoop.processSelectedKeys(NioEventLoop.java:496)
	at org.apache.ratis.thirdparty.io.netty.channel.nio.NioEventLoop.run(NioEventLoop.java:458)
	at org.apache.ratis.thirdparty.io.netty.util.concurrent.SingleThreadEventExecutor$5.run(SingleThreadEventExecutor.java:897)
	at org.apache.ratis.thirdparty.io.netty.util.concurrent.FastThreadLocalRunnable.run(FastThreadLocalRunnable.java:30)
	... 1 more
Caused by: java.net.ConnectException: Connection refused
	... 11 more
2019-06-14 10:28:43,398 INFO  impl.LeaderElection (LogUtils.java:infoOrTrace(149)) - b0aa3512-c9c4-47f5-8fca-680ed027fea5:group-E9B621366AF0:LeaderElection63 got exception when requesting votes: {}
java.util.concurrent.ExecutionException: org.apache.ratis.thirdparty.io.grpc.StatusRuntimeException: UNAVAILABLE: io exception
	at java.util.concurrent.FutureTask.report(FutureTask.java:122)
	at java.util.concurrent.FutureTask.get(FutureTask.java:192)
	at org.apache.ratis.server.impl.LeaderElection.waitForResults(LeaderElection.java:262)
	at org.apache.ratis.server.impl.LeaderElection.askForVotes(LeaderElection.java:200)
	at org.apache.ratis.server.impl.LeaderElection.run(LeaderElection.java:130)
	at java.lang.Thread.run(Thread.java:748)
Caused by: org.apache.ratis.thirdparty.io.grpc.StatusRuntimeException: UNAVAILABLE: io exception
	at org.apache.ratis.thirdparty.io.grpc.stub.ClientCalls.toStatusRuntimeException(ClientCalls.java:233)
	at org.apache.ratis.thirdparty.io.grpc.stub.ClientCalls.getUnchecked(ClientCalls.java:214)
	at org.apache.ratis.thirdparty.io.grpc.stub.ClientCalls.blockingUnaryCall(ClientCalls.java:139)
	at org.apache.ratis.proto.grpc.RaftServerProtocolServiceGrpc$RaftServerProtocolServiceBlockingStub.requestVote(RaftServerProtocolServiceGrpc.java:265)
	at org.apache.ratis.grpc.server.GrpcServerProtocolClient.requestVote(GrpcServerProtocolClient.java:83)
	at org.apache.ratis.grpc.server.GrpcService.requestVote(GrpcService.java:194)
	at org.apache.ratis.server.impl.LeaderElection.lambda$submitRequests$1(LeaderElection.java:237)
	at java.util.concurrent.FutureTask.run(FutureTask.java:266)
	at java.util.concurrent.Executors$RunnableAdapter.call(Executors.java:511)
	at java.util.concurrent.FutureTask.run(FutureTask.java:266)
	at java.util.concurrent.ThreadPoolExecutor.runWorker(ThreadPoolExecutor.java:1149)
	at java.util.concurrent.ThreadPoolExecutor$Worker.run(ThreadPoolExecutor.java:624)
	... 1 more
Caused by: org.apache.ratis.thirdparty.io.netty.channel.AbstractChannel$AnnotatedConnectException: Connection refused: /192.168.46.40:38747
	at sun.nio.ch.SocketChannelImpl.checkConnect(Native Method)
	at sun.nio.ch.SocketChannelImpl.finishConnect(SocketChannelImpl.java:717)
	at org.apache.ratis.thirdparty.io.netty.channel.socket.nio.NioSocketChannel.doFinishConnect(NioSocketChannel.java:327)
	at org.apache.ratis.thirdparty.io.netty.channel.nio.AbstractNioChannel$AbstractNioUnsafe.finishConnect(AbstractNioChannel.java:340)
	at org.apache.ratis.thirdparty.io.netty.channel.nio.NioEventLoop.processSelectedKey(NioEventLoop.java:632)
	at org.apache.ratis.thirdparty.io.netty.channel.nio.NioEventLoop.processSelectedKeysOptimized(NioEventLoop.java:579)
	at org.apache.ratis.thirdparty.io.netty.channel.nio.NioEventLoop.processSelectedKeys(NioEventLoop.java:496)
	at org.apache.ratis.thirdparty.io.netty.channel.nio.NioEventLoop.run(NioEventLoop.java:458)
	at org.apache.ratis.thirdparty.io.netty.util.concurrent.SingleThreadEventExecutor$5.run(SingleThreadEventExecutor.java:897)
	at org.apache.ratis.thirdparty.io.netty.util.concurrent.FastThreadLocalRunnable.run(FastThreadLocalRunnable.java:30)
	... 1 more
Caused by: java.net.ConnectException: Connection refused
	... 11 more
2019-06-14 10:28:43,400 INFO  impl.LeaderElection (LeaderElection.java:logAndReturn(56)) - b0aa3512-c9c4-47f5-8fca-680ed027fea5:group-E9B621366AF0:LeaderElection63: Election REJECTED; received 0 response(s) [] and 2 exception(s); b0aa3512-c9c4-47f5-8fca-680ed027fea5:t7, leader=null, voted=b0aa3512-c9c4-47f5-8fca-680ed027fea5, raftlog=b0aa3512-c9c4-47f5-8fca-680ed027fea5-SegmentedRaftLog:OPENED:c-1,f0,i0, conf=0: [3f724bbd-d63c-4ef6-aa2a-655c2fd50fa1:192.168.46.40:41431, 3e94f7ad-f8b9-473d-b417-a18a228d116d:192.168.46.40:38747, b0aa3512-c9c4-47f5-8fca-680ed027fea5:192.168.46.40:43081], old=null
2019-06-14 10:28:43,400 INFO  impl.LeaderElection (LogUtils.java:infoOrTrace(149)) -   Exception 0: {}
java.util.concurrent.ExecutionException: org.apache.ratis.thirdparty.io.grpc.StatusRuntimeException: UNAVAILABLE: io exception
	at java.util.concurrent.FutureTask.report(FutureTask.java:122)
	at java.util.concurrent.FutureTask.get(FutureTask.java:192)
	at org.apache.ratis.server.impl.LeaderElection.waitForResults(LeaderElection.java:262)
	at org.apache.ratis.server.impl.LeaderElection.askForVotes(LeaderElection.java:200)
	at org.apache.ratis.server.impl.LeaderElection.run(LeaderElection.java:130)
	at java.lang.Thread.run(Thread.java:748)
Caused by: org.apache.ratis.thirdparty.io.grpc.StatusRuntimeException: UNAVAILABLE: io exception
	at org.apache.ratis.thirdparty.io.grpc.stub.ClientCalls.toStatusRuntimeException(ClientCalls.java:233)
	at org.apache.ratis.thirdparty.io.grpc.stub.ClientCalls.getUnchecked(ClientCalls.java:214)
	at org.apache.ratis.thirdparty.io.grpc.stub.ClientCalls.blockingUnaryCall(ClientCalls.java:139)
	at org.apache.ratis.proto.grpc.RaftServerProtocolServiceGrpc$RaftServerProtocolServiceBlockingStub.requestVote(RaftServerProtocolServiceGrpc.java:265)
	at org.apache.ratis.grpc.server.GrpcServerProtocolClient.requestVote(GrpcServerProtocolClient.java:83)
	at org.apache.ratis.grpc.server.GrpcService.requestVote(GrpcService.java:194)
	at org.apache.ratis.server.impl.LeaderElection.lambda$submitRequests$1(LeaderElection.java:237)
	at java.util.concurrent.FutureTask.run(FutureTask.java:266)
	at java.util.concurrent.Executors$RunnableAdapter.call(Executors.java:511)
	at java.util.concurrent.FutureTask.run(FutureTask.java:266)
	at java.util.concurrent.ThreadPoolExecutor.runWorker(ThreadPoolExecutor.java:1149)
	at java.util.concurrent.ThreadPoolExecutor$Worker.run(ThreadPoolExecutor.java:624)
	... 1 more
Caused by: org.apache.ratis.thirdparty.io.netty.channel.AbstractChannel$AnnotatedConnectException: Connection refused: /192.168.46.40:41431
	at sun.nio.ch.SocketChannelImpl.checkConnect(Native Method)
	at sun.nio.ch.SocketChannelImpl.finishConnect(SocketChannelImpl.java:717)
	at org.apache.ratis.thirdparty.io.netty.channel.socket.nio.NioSocketChannel.doFinishConnect(NioSocketChannel.java:327)
	at org.apache.ratis.thirdparty.io.netty.channel.nio.AbstractNioChannel$AbstractNioUnsafe.finishConnect(AbstractNioChannel.java:340)
	at org.apache.ratis.thirdparty.io.netty.channel.nio.NioEventLoop.processSelectedKey(NioEventLoop.java:632)
	at org.apache.ratis.thirdparty.io.netty.channel.nio.NioEventLoop.processSelectedKeysOptimized(NioEventLoop.java:579)
	at org.apache.ratis.thirdparty.io.netty.channel.nio.NioEventLoop.processSelectedKeys(NioEventLoop.java:496)
	at org.apache.ratis.thirdparty.io.netty.channel.nio.NioEventLoop.run(NioEventLoop.java:458)
	at org.apache.ratis.thirdparty.io.netty.util.concurrent.SingleThreadEventExecutor$5.run(SingleThreadEventExecutor.java:897)
	at org.apache.ratis.thirdparty.io.netty.util.concurrent.FastThreadLocalRunnable.run(FastThreadLocalRunnable.java:30)
	... 1 more
Caused by: java.net.ConnectException: Connection refused
	... 11 more
2019-06-14 10:28:43,401 INFO  impl.LeaderElection (LogUtils.java:infoOrTrace(149)) -   Exception 1: {}
java.util.concurrent.ExecutionException: org.apache.ratis.thirdparty.io.grpc.StatusRuntimeException: UNAVAILABLE: io exception
	at java.util.concurrent.FutureTask.report(FutureTask.java:122)
	at java.util.concurrent.FutureTask.get(FutureTask.java:192)
	at org.apache.ratis.server.impl.LeaderElection.waitForResults(LeaderElection.java:262)
	at org.apache.ratis.server.impl.LeaderElection.askForVotes(LeaderElection.java:200)
	at org.apache.ratis.server.impl.LeaderElection.run(LeaderElection.java:130)
	at java.lang.Thread.run(Thread.java:748)
Caused by: org.apache.ratis.thirdparty.io.grpc.StatusRuntimeException: UNAVAILABLE: io exception
	at org.apache.ratis.thirdparty.io.grpc.stub.ClientCalls.toStatusRuntimeException(ClientCalls.java:233)
	at org.apache.ratis.thirdparty.io.grpc.stub.ClientCalls.getUnchecked(ClientCalls.java:214)
	at org.apache.ratis.thirdparty.io.grpc.stub.ClientCalls.blockingUnaryCall(ClientCalls.java:139)
	at org.apache.ratis.proto.grpc.RaftServerProtocolServiceGrpc$RaftServerProtocolServiceBlockingStub.requestVote(RaftServerProtocolServiceGrpc.java:265)
	at org.apache.ratis.grpc.server.GrpcServerProtocolClient.requestVote(GrpcServerProtocolClient.java:83)
	at org.apache.ratis.grpc.server.GrpcService.requestVote(GrpcService.java:194)
	at org.apache.ratis.server.impl.LeaderElection.lambda$submitRequests$1(LeaderElection.java:237)
	at java.util.concurrent.FutureTask.run(FutureTask.java:266)
	at java.util.concurrent.Executors$RunnableAdapter.call(Executors.java:511)
	at java.util.concurrent.FutureTask.run(FutureTask.java:266)
	at java.util.concurrent.ThreadPoolExecutor.runWorker(ThreadPoolExecutor.java:1149)
	at java.util.concurrent.ThreadPoolExecutor$Worker.run(ThreadPoolExecutor.java:624)
	... 1 more
Caused by: org.apache.ratis.thirdparty.io.netty.channel.AbstractChannel$AnnotatedConnectException: Connection refused: /192.168.46.40:38747
	at sun.nio.ch.SocketChannelImpl.checkConnect(Native Method)
	at sun.nio.ch.SocketChannelImpl.finishConnect(SocketChannelImpl.java:717)
	at org.apache.ratis.thirdparty.io.netty.channel.socket.nio.NioSocketChannel.doFinishConnect(NioSocketChannel.java:327)
	at org.apache.ratis.thirdparty.io.netty.channel.nio.AbstractNioChannel$AbstractNioUnsafe.finishConnect(AbstractNioChannel.java:340)
	at org.apache.ratis.thirdparty.io.netty.channel.nio.NioEventLoop.processSelectedKey(NioEventLoop.java:632)
	at org.apache.ratis.thirdparty.io.netty.channel.nio.NioEventLoop.processSelectedKeysOptimized(NioEventLoop.java:579)
	at org.apache.ratis.thirdparty.io.netty.channel.nio.NioEventLoop.processSelectedKeys(NioEventLoop.java:496)
	at org.apache.ratis.thirdparty.io.netty.channel.nio.NioEventLoop.run(NioEventLoop.java:458)
	at org.apache.ratis.thirdparty.io.netty.util.concurrent.SingleThreadEventExecutor$5.run(SingleThreadEventExecutor.java:897)
	at org.apache.ratis.thirdparty.io.netty.util.concurrent.FastThreadLocalRunnable.run(FastThreadLocalRunnable.java:30)
	... 1 more
Caused by: java.net.ConnectException: Connection refused
	... 11 more
2019-06-14 10:28:43,401 INFO  impl.RaftServerImpl (RaftServerImpl.java:setRole(164)) - b0aa3512-c9c4-47f5-8fca-680ed027fea5:group-E9B621366AF0 changes role from CANDIDATE to FOLLOWER at term 7 for DISCOVERED_A_NEW_TERM
2019-06-14 10:28:43,401 INFO  impl.RoleInfo (RoleInfo.java:shutdownLeaderElection(134)) - b0aa3512-c9c4-47f5-8fca-680ed027fea5: shutdown LeaderElection
2019-06-14 10:28:43,401 INFO  impl.RoleInfo (RoleInfo.java:updateAndGet(143)) - b0aa3512-c9c4-47f5-8fca-680ed027fea5: start FollowerState
2019-06-14 10:28:44,221 INFO  client.GrpcClientProtocolClient (GrpcClientProtocolClient.java:onNext(254)) - client-16D10F23CC2F->99630a57-0e9f-428d-8086-37f49b9f2f2f: receive RaftClientReply:client-16D10F23CC2F->99630a57-0e9f-428d-8086-37f49b9f2f2f@group-10CF7E7D22E2, cid=141, FAILED org.apache.ratis.protocol.NotLeaderException: Server 99630a57-0e9f-428d-8086-37f49b9f2f2f is not the leader (33efc1b5-c38d-44ff-b22e-2cf6345186ab:192.168.46.40:35335). Request must be sent to leader., logIndex=0, commits[99630a57-0e9f-428d-8086-37f49b9f2f2f:c0, 33efc1b5-c38d-44ff-b22e-2cf6345186ab:c0, 39aab27a-937d-4d57-9e31-3229443b5129:c0]
2019-06-14 10:28:44,224 WARN  client.GrpcClientProtocolService (LogUtils.java:warn(134)) - 1-OrderedRequestStreamObserver1: onError: org.apache.ratis.thirdparty.io.grpc.StatusRuntimeException: CANCELLED: cancelled before receiving half close
2019-06-14 10:28:44,582 INFO  impl.FollowerState (FollowerState.java:run(101)) - b0aa3512-c9c4-47f5-8fca-680ed027fea5:group-E9B621366AF0 changes to CANDIDATE, lastRpcTime:1181, electionTimeout:1181ms
2019-06-14 10:28:44,582 INFO  impl.RoleInfo (RoleInfo.java:shutdownFollowerState(121)) - b0aa3512-c9c4-47f5-8fca-680ed027fea5: shutdown FollowerState
2019-06-14 10:28:44,582 INFO  impl.RaftServerImpl (RaftServerImpl.java:setRole(164)) - b0aa3512-c9c4-47f5-8fca-680ed027fea5:group-E9B621366AF0 changes role from FOLLOWER to CANDIDATE at term 7 for changeToCandidate
2019-06-14 10:28:44,583 INFO  impl.RoleInfo (RoleInfo.java:updateAndGet(143)) - b0aa3512-c9c4-47f5-8fca-680ed027fea5: start LeaderElection
2019-06-14 10:28:44,585 INFO  impl.LeaderElection (LeaderElection.java:askForVotes(181)) - b0aa3512-c9c4-47f5-8fca-680ed027fea5:group-E9B621366AF0:LeaderElection64: begin an election at term 8 for 0: [3f724bbd-d63c-4ef6-aa2a-655c2fd50fa1:192.168.46.40:41431, 3e94f7ad-f8b9-473d-b417-a18a228d116d:192.168.46.40:38747, b0aa3512-c9c4-47f5-8fca-680ed027fea5:192.168.46.40:43081], old=null
2019-06-14 10:28:44,586 INFO  impl.LeaderElection (LogUtils.java:infoOrTrace(149)) - b0aa3512-c9c4-47f5-8fca-680ed027fea5:group-E9B621366AF0:LeaderElection64 got exception when requesting votes: {}
java.util.concurrent.ExecutionException: org.apache.ratis.thirdparty.io.grpc.StatusRuntimeException: UNAVAILABLE: io exception
	at java.util.concurrent.FutureTask.report(FutureTask.java:122)
	at java.util.concurrent.FutureTask.get(FutureTask.java:192)
	at org.apache.ratis.server.impl.LeaderElection.waitForResults(LeaderElection.java:262)
	at org.apache.ratis.server.impl.LeaderElection.askForVotes(LeaderElection.java:200)
	at org.apache.ratis.server.impl.LeaderElection.run(LeaderElection.java:130)
	at java.lang.Thread.run(Thread.java:748)
Caused by: org.apache.ratis.thirdparty.io.grpc.StatusRuntimeException: UNAVAILABLE: io exception
	at org.apache.ratis.thirdparty.io.grpc.stub.ClientCalls.toStatusRuntimeException(ClientCalls.java:233)
	at org.apache.ratis.thirdparty.io.grpc.stub.ClientCalls.getUnchecked(ClientCalls.java:214)
	at org.apache.ratis.thirdparty.io.grpc.stub.ClientCalls.blockingUnaryCall(ClientCalls.java:139)
	at org.apache.ratis.proto.grpc.RaftServerProtocolServiceGrpc$RaftServerProtocolServiceBlockingStub.requestVote(RaftServerProtocolServiceGrpc.java:265)
	at org.apache.ratis.grpc.server.GrpcServerProtocolClient.requestVote(GrpcServerProtocolClient.java:83)
	at org.apache.ratis.grpc.server.GrpcService.requestVote(GrpcService.java:194)
	at org.apache.ratis.server.impl.LeaderElection.lambda$submitRequests$1(LeaderElection.java:237)
	at java.util.concurrent.FutureTask.run(FutureTask.java:266)
	at java.util.concurrent.Executors$RunnableAdapter.call(Executors.java:511)
	at java.util.concurrent.FutureTask.run(FutureTask.java:266)
	at java.util.concurrent.ThreadPoolExecutor.runWorker(ThreadPoolExecutor.java:1149)
	at java.util.concurrent.ThreadPoolExecutor$Worker.run(ThreadPoolExecutor.java:624)
	... 1 more
Caused by: org.apache.ratis.thirdparty.io.netty.channel.AbstractChannel$AnnotatedConnectException: Connection refused: /192.168.46.40:38747
	at sun.nio.ch.SocketChannelImpl.checkConnect(Native Method)
	at sun.nio.ch.SocketChannelImpl.finishConnect(SocketChannelImpl.java:717)
	at org.apache.ratis.thirdparty.io.netty.channel.socket.nio.NioSocketChannel.doFinishConnect(NioSocketChannel.java:327)
	at org.apache.ratis.thirdparty.io.netty.channel.nio.AbstractNioChannel$AbstractNioUnsafe.finishConnect(AbstractNioChannel.java:340)
	at org.apache.ratis.thirdparty.io.netty.channel.nio.NioEventLoop.processSelectedKey(NioEventLoop.java:632)
	at org.apache.ratis.thirdparty.io.netty.channel.nio.NioEventLoop.processSelectedKeysOptimized(NioEventLoop.java:579)
	at org.apache.ratis.thirdparty.io.netty.channel.nio.NioEventLoop.processSelectedKeys(NioEventLoop.java:496)
	at org.apache.ratis.thirdparty.io.netty.channel.nio.NioEventLoop.run(NioEventLoop.java:458)
	at org.apache.ratis.thirdparty.io.netty.util.concurrent.SingleThreadEventExecutor$5.run(SingleThreadEventExecutor.java:897)
	at org.apache.ratis.thirdparty.io.netty.util.concurrent.FastThreadLocalRunnable.run(FastThreadLocalRunnable.java:30)
	... 1 more
Caused by: java.net.ConnectException: Connection refused
	... 11 more
2019-06-14 10:28:44,588 INFO  impl.LeaderElection (LogUtils.java:infoOrTrace(149)) - b0aa3512-c9c4-47f5-8fca-680ed027fea5:group-E9B621366AF0:LeaderElection64 got exception when requesting votes: {}
java.util.concurrent.ExecutionException: org.apache.ratis.thirdparty.io.grpc.StatusRuntimeException: UNAVAILABLE: io exception
	at java.util.concurrent.FutureTask.report(FutureTask.java:122)
	at java.util.concurrent.FutureTask.get(FutureTask.java:192)
	at org.apache.ratis.server.impl.LeaderElection.waitForResults(LeaderElection.java:262)
	at org.apache.ratis.server.impl.LeaderElection.askForVotes(LeaderElection.java:200)
	at org.apache.ratis.server.impl.LeaderElection.run(LeaderElection.java:130)
	at java.lang.Thread.run(Thread.java:748)
Caused by: org.apache.ratis.thirdparty.io.grpc.StatusRuntimeException: UNAVAILABLE: io exception
	at org.apache.ratis.thirdparty.io.grpc.stub.ClientCalls.toStatusRuntimeException(ClientCalls.java:233)
	at org.apache.ratis.thirdparty.io.grpc.stub.ClientCalls.getUnchecked(ClientCalls.java:214)
	at org.apache.ratis.thirdparty.io.grpc.stub.ClientCalls.blockingUnaryCall(ClientCalls.java:139)
	at org.apache.ratis.proto.grpc.RaftServerProtocolServiceGrpc$RaftServerProtocolServiceBlockingStub.requestVote(RaftServerProtocolServiceGrpc.java:265)
	at org.apache.ratis.grpc.server.GrpcServerProtocolClient.requestVote(GrpcServerProtocolClient.java:83)
	at org.apache.ratis.grpc.server.GrpcService.requestVote(GrpcService.java:194)
	at org.apache.ratis.server.impl.LeaderElection.lambda$submitRequests$1(LeaderElection.java:237)
	at java.util.concurrent.FutureTask.run(FutureTask.java:266)
	at java.util.concurrent.Executors$RunnableAdapter.call(Executors.java:511)
	at java.util.concurrent.FutureTask.run(FutureTask.java:266)
	at java.util.concurrent.ThreadPoolExecutor.runWorker(ThreadPoolExecutor.java:1149)
	at java.util.concurrent.ThreadPoolExecutor$Worker.run(ThreadPoolExecutor.java:624)
	... 1 more
Caused by: org.apache.ratis.thirdparty.io.netty.channel.AbstractChannel$AnnotatedConnectException: Connection refused: /192.168.46.40:41431
	at sun.nio.ch.SocketChannelImpl.checkConnect(Native Method)
	at sun.nio.ch.SocketChannelImpl.finishConnect(SocketChannelImpl.java:717)
	at org.apache.ratis.thirdparty.io.netty.channel.socket.nio.NioSocketChannel.doFinishConnect(NioSocketChannel.java:327)
	at org.apache.ratis.thirdparty.io.netty.channel.nio.AbstractNioChannel$AbstractNioUnsafe.finishConnect(AbstractNioChannel.java:340)
	at org.apache.ratis.thirdparty.io.netty.channel.nio.NioEventLoop.processSelectedKey(NioEventLoop.java:632)
	at org.apache.ratis.thirdparty.io.netty.channel.nio.NioEventLoop.processSelectedKeysOptimized(NioEventLoop.java:579)
	at org.apache.ratis.thirdparty.io.netty.channel.nio.NioEventLoop.processSelectedKeys(NioEventLoop.java:496)
	at org.apache.ratis.thirdparty.io.netty.channel.nio.NioEventLoop.run(NioEventLoop.java:458)
	at org.apache.ratis.thirdparty.io.netty.util.concurrent.SingleThreadEventExecutor$5.run(SingleThreadEventExecutor.java:897)
	at org.apache.ratis.thirdparty.io.netty.util.concurrent.FastThreadLocalRunnable.run(FastThreadLocalRunnable.java:30)
	... 1 more
Caused by: java.net.ConnectException: Connection refused
	... 11 more
2019-06-14 10:28:44,590 INFO  impl.LeaderElection (LeaderElection.java:logAndReturn(56)) - b0aa3512-c9c4-47f5-8fca-680ed027fea5:group-E9B621366AF0:LeaderElection64: Election REJECTED; received 0 response(s) [] and 2 exception(s); b0aa3512-c9c4-47f5-8fca-680ed027fea5:t8, leader=null, voted=b0aa3512-c9c4-47f5-8fca-680ed027fea5, raftlog=b0aa3512-c9c4-47f5-8fca-680ed027fea5-SegmentedRaftLog:OPENED:c-1,f0,i0, conf=0: [3f724bbd-d63c-4ef6-aa2a-655c2fd50fa1:192.168.46.40:41431, 3e94f7ad-f8b9-473d-b417-a18a228d116d:192.168.46.40:38747, b0aa3512-c9c4-47f5-8fca-680ed027fea5:192.168.46.40:43081], old=null
2019-06-14 10:28:44,590 INFO  impl.LeaderElection (LogUtils.java:infoOrTrace(149)) -   Exception 0: {}
java.util.concurrent.ExecutionException: org.apache.ratis.thirdparty.io.grpc.StatusRuntimeException: UNAVAILABLE: io exception
	at java.util.concurrent.FutureTask.report(FutureTask.java:122)
	at java.util.concurrent.FutureTask.get(FutureTask.java:192)
	at org.apache.ratis.server.impl.LeaderElection.waitForResults(LeaderElection.java:262)
	at org.apache.ratis.server.impl.LeaderElection.askForVotes(LeaderElection.java:200)
	at org.apache.ratis.server.impl.LeaderElection.run(LeaderElection.java:130)
	at java.lang.Thread.run(Thread.java:748)
Caused by: org.apache.ratis.thirdparty.io.grpc.StatusRuntimeException: UNAVAILABLE: io exception
	at org.apache.ratis.thirdparty.io.grpc.stub.ClientCalls.toStatusRuntimeException(ClientCalls.java:233)
	at org.apache.ratis.thirdparty.io.grpc.stub.ClientCalls.getUnchecked(ClientCalls.java:214)
	at org.apache.ratis.thirdparty.io.grpc.stub.ClientCalls.blockingUnaryCall(ClientCalls.java:139)
	at org.apache.ratis.proto.grpc.RaftServerProtocolServiceGrpc$RaftServerProtocolServiceBlockingStub.requestVote(RaftServerProtocolServiceGrpc.java:265)
	at org.apache.ratis.grpc.server.GrpcServerProtocolClient.requestVote(GrpcServerProtocolClient.java:83)
	at org.apache.ratis.grpc.server.GrpcService.requestVote(GrpcService.java:194)
	at org.apache.ratis.server.impl.LeaderElection.lambda$submitRequests$1(LeaderElection.java:237)
	at java.util.concurrent.FutureTask.run(FutureTask.java:266)
	at java.util.concurrent.Executors$RunnableAdapter.call(Executors.java:511)
	at java.util.concurrent.FutureTask.run(FutureTask.java:266)
	at java.util.concurrent.ThreadPoolExecutor.runWorker(ThreadPoolExecutor.java:1149)
	at java.util.concurrent.ThreadPoolExecutor$Worker.run(ThreadPoolExecutor.java:624)
	... 1 more
Caused by: org.apache.ratis.thirdparty.io.netty.channel.AbstractChannel$AnnotatedConnectException: Connection refused: /192.168.46.40:38747
	at sun.nio.ch.SocketChannelImpl.checkConnect(Native Method)
	at sun.nio.ch.SocketChannelImpl.finishConnect(SocketChannelImpl.java:717)
	at org.apache.ratis.thirdparty.io.netty.channel.socket.nio.NioSocketChannel.doFinishConnect(NioSocketChannel.java:327)
	at org.apache.ratis.thirdparty.io.netty.channel.nio.AbstractNioChannel$AbstractNioUnsafe.finishConnect(AbstractNioChannel.java:340)
	at org.apache.ratis.thirdparty.io.netty.channel.nio.NioEventLoop.processSelectedKey(NioEventLoop.java:632)
	at org.apache.ratis.thirdparty.io.netty.channel.nio.NioEventLoop.processSelectedKeysOptimized(NioEventLoop.java:579)
	at org.apache.ratis.thirdparty.io.netty.channel.nio.NioEventLoop.processSelectedKeys(NioEventLoop.java:496)
	at org.apache.ratis.thirdparty.io.netty.channel.nio.NioEventLoop.run(NioEventLoop.java:458)
	at org.apache.ratis.thirdparty.io.netty.util.concurrent.SingleThreadEventExecutor$5.run(SingleThreadEventExecutor.java:897)
	at org.apache.ratis.thirdparty.io.netty.util.concurrent.FastThreadLocalRunnable.run(FastThreadLocalRunnable.java:30)
	... 1 more
Caused by: java.net.ConnectException: Connection refused
	... 11 more
2019-06-14 10:28:44,590 INFO  impl.LeaderElection (LogUtils.java:infoOrTrace(149)) -   Exception 1: {}
java.util.concurrent.ExecutionException: org.apache.ratis.thirdparty.io.grpc.StatusRuntimeException: UNAVAILABLE: io exception
	at java.util.concurrent.FutureTask.report(FutureTask.java:122)
	at java.util.concurrent.FutureTask.get(FutureTask.java:192)
	at org.apache.ratis.server.impl.LeaderElection.waitForResults(LeaderElection.java:262)
	at org.apache.ratis.server.impl.LeaderElection.askForVotes(LeaderElection.java:200)
	at org.apache.ratis.server.impl.LeaderElection.run(LeaderElection.java:130)
	at java.lang.Thread.run(Thread.java:748)
Caused by: org.apache.ratis.thirdparty.io.grpc.StatusRuntimeException: UNAVAILABLE: io exception
	at org.apache.ratis.thirdparty.io.grpc.stub.ClientCalls.toStatusRuntimeException(ClientCalls.java:233)
	at org.apache.ratis.thirdparty.io.grpc.stub.ClientCalls.getUnchecked(ClientCalls.java:214)
	at org.apache.ratis.thirdparty.io.grpc.stub.ClientCalls.blockingUnaryCall(ClientCalls.java:139)
	at org.apache.ratis.proto.grpc.RaftServerProtocolServiceGrpc$RaftServerProtocolServiceBlockingStub.requestVote(RaftServerProtocolServiceGrpc.java:265)
	at org.apache.ratis.grpc.server.GrpcServerProtocolClient.requestVote(GrpcServerProtocolClient.java:83)
	at org.apache.ratis.grpc.server.GrpcService.requestVote(GrpcService.java:194)
	at org.apache.ratis.server.impl.LeaderElection.lambda$submitRequests$1(LeaderElection.java:237)
	at java.util.concurrent.FutureTask.run(FutureTask.java:266)
	at java.util.concurrent.Executors$RunnableAdapter.call(Executors.java:511)
	at java.util.concurrent.FutureTask.run(FutureTask.java:266)
	at java.util.concurrent.ThreadPoolExecutor.runWorker(ThreadPoolExecutor.java:1149)
	at java.util.concurrent.ThreadPoolExecutor$Worker.run(ThreadPoolExecutor.java:624)
	... 1 more
Caused by: org.apache.ratis.thirdparty.io.netty.channel.AbstractChannel$AnnotatedConnectException: Connection refused: /192.168.46.40:41431
	at sun.nio.ch.SocketChannelImpl.checkConnect(Native Method)
	at sun.nio.ch.SocketChannelImpl.finishConnect(SocketChannelImpl.java:717)
	at org.apache.ratis.thirdparty.io.netty.channel.socket.nio.NioSocketChannel.doFinishConnect(NioSocketChannel.java:327)
	at org.apache.ratis.thirdparty.io.netty.channel.nio.AbstractNioChannel$AbstractNioUnsafe.finishConnect(AbstractNioChannel.java:340)
	at org.apache.ratis.thirdparty.io.netty.channel.nio.NioEventLoop.processSelectedKey(NioEventLoop.java:632)
	at org.apache.ratis.thirdparty.io.netty.channel.nio.NioEventLoop.processSelectedKeysOptimized(NioEventLoop.java:579)
	at org.apache.ratis.thirdparty.io.netty.channel.nio.NioEventLoop.processSelectedKeys(NioEventLoop.java:496)
	at org.apache.ratis.thirdparty.io.netty.channel.nio.NioEventLoop.run(NioEventLoop.java:458)
	at org.apache.ratis.thirdparty.io.netty.util.concurrent.SingleThreadEventExecutor$5.run(SingleThreadEventExecutor.java:897)
	at org.apache.ratis.thirdparty.io.netty.util.concurrent.FastThreadLocalRunnable.run(FastThreadLocalRunnable.java:30)
	... 1 more
Caused by: java.net.ConnectException: Connection refused
	... 11 more
2019-06-14 10:28:44,590 INFO  impl.RaftServerImpl (RaftServerImpl.java:setRole(164)) - b0aa3512-c9c4-47f5-8fca-680ed027fea5:group-E9B621366AF0 changes role from CANDIDATE to FOLLOWER at term 8 for DISCOVERED_A_NEW_TERM
2019-06-14 10:28:44,591 INFO  impl.RoleInfo (RoleInfo.java:shutdownLeaderElection(134)) - b0aa3512-c9c4-47f5-8fca-680ed027fea5: shutdown LeaderElection
2019-06-14 10:28:44,591 INFO  impl.RoleInfo (RoleInfo.java:updateAndGet(143)) - b0aa3512-c9c4-47f5-8fca-680ed027fea5: start FollowerState
2019-06-14 10:28:45,233 INFO  client.GrpcClientProtocolClient (GrpcClientProtocolClient.java:onNext(254)) - client-16D10F23CC2F->39aab27a-937d-4d57-9e31-3229443b5129: receive RaftClientReply:client-16D10F23CC2F->39aab27a-937d-4d57-9e31-3229443b5129@group-10CF7E7D22E2, cid=141, FAILED org.apache.ratis.protocol.NotLeaderException: Server 39aab27a-937d-4d57-9e31-3229443b5129 is not the leader (33efc1b5-c38d-44ff-b22e-2cf6345186ab:192.168.46.40:35335). Request must be sent to leader., logIndex=0, commits[39aab27a-937d-4d57-9e31-3229443b5129:c0, 33efc1b5-c38d-44ff-b22e-2cf6345186ab:c0, 99630a57-0e9f-428d-8086-37f49b9f2f2f:c0]
2019-06-14 10:28:45,235 WARN  client.GrpcClientProtocolService (LogUtils.java:warn(134)) - 2-OrderedRequestStreamObserver2: onError: org.apache.ratis.thirdparty.io.grpc.StatusRuntimeException: CANCELLED: cancelled before receiving half close
2019-06-14 10:28:45,593 INFO  impl.FollowerState (FollowerState.java:run(101)) - b0aa3512-c9c4-47f5-8fca-680ed027fea5:group-E9B621366AF0 changes to CANDIDATE, lastRpcTime:1002, electionTimeout:1002ms
2019-06-14 10:28:45,593 INFO  impl.RoleInfo (RoleInfo.java:shutdownFollowerState(121)) - b0aa3512-c9c4-47f5-8fca-680ed027fea5: shutdown FollowerState
2019-06-14 10:28:45,593 INFO  impl.RaftServerImpl (RaftServerImpl.java:setRole(164)) - b0aa3512-c9c4-47f5-8fca-680ed027fea5:group-E9B621366AF0 changes role from FOLLOWER to CANDIDATE at term 8 for changeToCandidate
2019-06-14 10:28:45,593 INFO  impl.RoleInfo (RoleInfo.java:updateAndGet(143)) - b0aa3512-c9c4-47f5-8fca-680ed027fea5: start LeaderElection
2019-06-14 10:28:45,595 INFO  impl.LeaderElection (LeaderElection.java:askForVotes(181)) - b0aa3512-c9c4-47f5-8fca-680ed027fea5:group-E9B621366AF0:LeaderElection65: begin an election at term 9 for 0: [3f724bbd-d63c-4ef6-aa2a-655c2fd50fa1:192.168.46.40:41431, 3e94f7ad-f8b9-473d-b417-a18a228d116d:192.168.46.40:38747, b0aa3512-c9c4-47f5-8fca-680ed027fea5:192.168.46.40:43081], old=null
2019-06-14 10:28:45,596 INFO  impl.LeaderElection (LogUtils.java:infoOrTrace(149)) - b0aa3512-c9c4-47f5-8fca-680ed027fea5:group-E9B621366AF0:LeaderElection65 got exception when requesting votes: {}
java.util.concurrent.ExecutionException: org.apache.ratis.thirdparty.io.grpc.StatusRuntimeException: UNAVAILABLE: io exception
	at java.util.concurrent.FutureTask.report(FutureTask.java:122)
	at java.util.concurrent.FutureTask.get(FutureTask.java:192)
	at org.apache.ratis.server.impl.LeaderElection.waitForResults(LeaderElection.java:262)
	at org.apache.ratis.server.impl.LeaderElection.askForVotes(LeaderElection.java:200)
	at org.apache.ratis.server.impl.LeaderElection.run(LeaderElection.java:130)
	at java.lang.Thread.run(Thread.java:748)
Caused by: org.apache.ratis.thirdparty.io.grpc.StatusRuntimeException: UNAVAILABLE: io exception
	at org.apache.ratis.thirdparty.io.grpc.stub.ClientCalls.toStatusRuntimeException(ClientCalls.java:233)
	at org.apache.ratis.thirdparty.io.grpc.stub.ClientCalls.getUnchecked(ClientCalls.java:214)
	at org.apache.ratis.thirdparty.io.grpc.stub.ClientCalls.blockingUnaryCall(ClientCalls.java:139)
	at org.apache.ratis.proto.grpc.RaftServerProtocolServiceGrpc$RaftServerProtocolServiceBlockingStub.requestVote(RaftServerProtocolServiceGrpc.java:265)
	at org.apache.ratis.grpc.server.GrpcServerProtocolClient.requestVote(GrpcServerProtocolClient.java:83)
	at org.apache.ratis.grpc.server.GrpcService.requestVote(GrpcService.java:194)
	at org.apache.ratis.server.impl.LeaderElection.lambda$submitRequests$1(LeaderElection.java:237)
	at java.util.concurrent.FutureTask.run(FutureTask.java:266)
	at java.util.concurrent.Executors$RunnableAdapter.call(Executors.java:511)
	at java.util.concurrent.FutureTask.run(FutureTask.java:266)
	at java.util.concurrent.ThreadPoolExecutor.runWorker(ThreadPoolExecutor.java:1149)
	at java.util.concurrent.ThreadPoolExecutor$Worker.run(ThreadPoolExecutor.java:624)
	... 1 more
Caused by: org.apache.ratis.thirdparty.io.netty.channel.AbstractChannel$AnnotatedConnectException: Connection refused: /192.168.46.40:41431
	at sun.nio.ch.SocketChannelImpl.checkConnect(Native Method)
	at sun.nio.ch.SocketChannelImpl.finishConnect(SocketChannelImpl.java:717)
	at org.apache.ratis.thirdparty.io.netty.channel.socket.nio.NioSocketChannel.doFinishConnect(NioSocketChannel.java:327)
	at org.apache.ratis.thirdparty.io.netty.channel.nio.AbstractNioChannel$AbstractNioUnsafe.finishConnect(AbstractNioChannel.java:340)
	at org.apache.ratis.thirdparty.io.netty.channel.nio.NioEventLoop.processSelectedKey(NioEventLoop.java:632)
	at org.apache.ratis.thirdparty.io.netty.channel.nio.NioEventLoop.processSelectedKeysOptimized(NioEventLoop.java:579)
	at org.apache.ratis.thirdparty.io.netty.channel.nio.NioEventLoop.processSelectedKeys(NioEventLoop.java:496)
	at org.apache.ratis.thirdparty.io.netty.channel.nio.NioEventLoop.run(NioEventLoop.java:458)
	at org.apache.ratis.thirdparty.io.netty.util.concurrent.SingleThreadEventExecutor$5.run(SingleThreadEventExecutor.java:897)
	at org.apache.ratis.thirdparty.io.netty.util.concurrent.FastThreadLocalRunnable.run(FastThreadLocalRunnable.java:30)
	... 1 more
Caused by: java.net.ConnectException: Connection refused
	... 11 more
2019-06-14 10:28:45,598 INFO  impl.LeaderElection (LogUtils.java:infoOrTrace(149)) - b0aa3512-c9c4-47f5-8fca-680ed027fea5:group-E9B621366AF0:LeaderElection65 got exception when requesting votes: {}
java.util.concurrent.ExecutionException: org.apache.ratis.thirdparty.io.grpc.StatusRuntimeException: UNAVAILABLE: io exception
	at java.util.concurrent.FutureTask.report(FutureTask.java:122)
	at java.util.concurrent.FutureTask.get(FutureTask.java:192)
	at org.apache.ratis.server.impl.LeaderElection.waitForResults(LeaderElection.java:262)
	at org.apache.ratis.server.impl.LeaderElection.askForVotes(LeaderElection.java:200)
	at org.apache.ratis.server.impl.LeaderElection.run(LeaderElection.java:130)
	at java.lang.Thread.run(Thread.java:748)
Caused by: org.apache.ratis.thirdparty.io.grpc.StatusRuntimeException: UNAVAILABLE: io exception
	at org.apache.ratis.thirdparty.io.grpc.stub.ClientCalls.toStatusRuntimeException(ClientCalls.java:233)
	at org.apache.ratis.thirdparty.io.grpc.stub.ClientCalls.getUnchecked(ClientCalls.java:214)
	at org.apache.ratis.thirdparty.io.grpc.stub.ClientCalls.blockingUnaryCall(ClientCalls.java:139)
	at org.apache.ratis.proto.grpc.RaftServerProtocolServiceGrpc$RaftServerProtocolServiceBlockingStub.requestVote(RaftServerProtocolServiceGrpc.java:265)
	at org.apache.ratis.grpc.server.GrpcServerProtocolClient.requestVote(GrpcServerProtocolClient.java:83)
	at org.apache.ratis.grpc.server.GrpcService.requestVote(GrpcService.java:194)
	at org.apache.ratis.server.impl.LeaderElection.lambda$submitRequests$1(LeaderElection.java:237)
	at java.util.concurrent.FutureTask.run(FutureTask.java:266)
	at java.util.concurrent.Executors$RunnableAdapter.call(Executors.java:511)
	at java.util.concurrent.FutureTask.run(FutureTask.java:266)
	at java.util.concurrent.ThreadPoolExecutor.runWorker(ThreadPoolExecutor.java:1149)
	at java.util.concurrent.ThreadPoolExecutor$Worker.run(ThreadPoolExecutor.java:624)
	... 1 more
Caused by: org.apache.ratis.thirdparty.io.netty.channel.AbstractChannel$AnnotatedConnectException: Connection refused: /192.168.46.40:38747
	at sun.nio.ch.SocketChannelImpl.checkConnect(Native Method)
	at sun.nio.ch.SocketChannelImpl.finishConnect(SocketChannelImpl.java:717)
	at org.apache.ratis.thirdparty.io.netty.channel.socket.nio.NioSocketChannel.doFinishConnect(NioSocketChannel.java:327)
	at org.apache.ratis.thirdparty.io.netty.channel.nio.AbstractNioChannel$AbstractNioUnsafe.finishConnect(AbstractNioChannel.java:340)
	at org.apache.ratis.thirdparty.io.netty.channel.nio.NioEventLoop.processSelectedKey(NioEventLoop.java:632)
	at org.apache.ratis.thirdparty.io.netty.channel.nio.NioEventLoop.processSelectedKeysOptimized(NioEventLoop.java:579)
	at org.apache.ratis.thirdparty.io.netty.channel.nio.NioEventLoop.processSelectedKeys(NioEventLoop.java:496)
	at org.apache.ratis.thirdparty.io.netty.channel.nio.NioEventLoop.run(NioEventLoop.java:458)
	at org.apache.ratis.thirdparty.io.netty.util.concurrent.SingleThreadEventExecutor$5.run(SingleThreadEventExecutor.java:897)
	at org.apache.ratis.thirdparty.io.netty.util.concurrent.FastThreadLocalRunnable.run(FastThreadLocalRunnable.java:30)
	... 1 more
Caused by: java.net.ConnectException: Connection refused
	... 11 more
2019-06-14 10:28:45,600 INFO  impl.LeaderElection (LeaderElection.java:logAndReturn(56)) - b0aa3512-c9c4-47f5-8fca-680ed027fea5:group-E9B621366AF0:LeaderElection65: Election REJECTED; received 0 response(s) [] and 2 exception(s); b0aa3512-c9c4-47f5-8fca-680ed027fea5:t9, leader=null, voted=b0aa3512-c9c4-47f5-8fca-680ed027fea5, raftlog=b0aa3512-c9c4-47f5-8fca-680ed027fea5-SegmentedRaftLog:OPENED:c-1,f0,i0, conf=0: [3f724bbd-d63c-4ef6-aa2a-655c2fd50fa1:192.168.46.40:41431, 3e94f7ad-f8b9-473d-b417-a18a228d116d:192.168.46.40:38747, b0aa3512-c9c4-47f5-8fca-680ed027fea5:192.168.46.40:43081], old=null
2019-06-14 10:28:45,600 INFO  impl.LeaderElection (LogUtils.java:infoOrTrace(149)) -   Exception 0: {}
java.util.concurrent.ExecutionException: org.apache.ratis.thirdparty.io.grpc.StatusRuntimeException: UNAVAILABLE: io exception
	at java.util.concurrent.FutureTask.report(FutureTask.java:122)
	at java.util.concurrent.FutureTask.get(FutureTask.java:192)
	at org.apache.ratis.server.impl.LeaderElection.waitForResults(LeaderElection.java:262)
	at org.apache.ratis.server.impl.LeaderElection.askForVotes(LeaderElection.java:200)
	at org.apache.ratis.server.impl.LeaderElection.run(LeaderElection.java:130)
	at java.lang.Thread.run(Thread.java:748)
Caused by: org.apache.ratis.thirdparty.io.grpc.StatusRuntimeException: UNAVAILABLE: io exception
	at org.apache.ratis.thirdparty.io.grpc.stub.ClientCalls.toStatusRuntimeException(ClientCalls.java:233)
	at org.apache.ratis.thirdparty.io.grpc.stub.ClientCalls.getUnchecked(ClientCalls.java:214)
	at org.apache.ratis.thirdparty.io.grpc.stub.ClientCalls.blockingUnaryCall(ClientCalls.java:139)
	at org.apache.ratis.proto.grpc.RaftServerProtocolServiceGrpc$RaftServerProtocolServiceBlockingStub.requestVote(RaftServerProtocolServiceGrpc.java:265)
	at org.apache.ratis.grpc.server.GrpcServerProtocolClient.requestVote(GrpcServerProtocolClient.java:83)
	at org.apache.ratis.grpc.server.GrpcService.requestVote(GrpcService.java:194)
	at org.apache.ratis.server.impl.LeaderElection.lambda$submitRequests$1(LeaderElection.java:237)
	at java.util.concurrent.FutureTask.run(FutureTask.java:266)
	at java.util.concurrent.Executors$RunnableAdapter.call(Executors.java:511)
	at java.util.concurrent.FutureTask.run(FutureTask.java:266)
	at java.util.concurrent.ThreadPoolExecutor.runWorker(ThreadPoolExecutor.java:1149)
	at java.util.concurrent.ThreadPoolExecutor$Worker.run(ThreadPoolExecutor.java:624)
	... 1 more
Caused by: org.apache.ratis.thirdparty.io.netty.channel.AbstractChannel$AnnotatedConnectException: Connection refused: /192.168.46.40:41431
	at sun.nio.ch.SocketChannelImpl.checkConnect(Native Method)
	at sun.nio.ch.SocketChannelImpl.finishConnect(SocketChannelImpl.java:717)
	at org.apache.ratis.thirdparty.io.netty.channel.socket.nio.NioSocketChannel.doFinishConnect(NioSocketChannel.java:327)
	at org.apache.ratis.thirdparty.io.netty.channel.nio.AbstractNioChannel$AbstractNioUnsafe.finishConnect(AbstractNioChannel.java:340)
	at org.apache.ratis.thirdparty.io.netty.channel.nio.NioEventLoop.processSelectedKey(NioEventLoop.java:632)
	at org.apache.ratis.thirdparty.io.netty.channel.nio.NioEventLoop.processSelectedKeysOptimized(NioEventLoop.java:579)
	at org.apache.ratis.thirdparty.io.netty.channel.nio.NioEventLoop.processSelectedKeys(NioEventLoop.java:496)
	at org.apache.ratis.thirdparty.io.netty.channel.nio.NioEventLoop.run(NioEventLoop.java:458)
	at org.apache.ratis.thirdparty.io.netty.util.concurrent.SingleThreadEventExecutor$5.run(SingleThreadEventExecutor.java:897)
	at org.apache.ratis.thirdparty.io.netty.util.concurrent.FastThreadLocalRunnable.run(FastThreadLocalRunnable.java:30)
	... 1 more
Caused by: java.net.ConnectException: Connection refused
	... 11 more
2019-06-14 10:28:45,600 INFO  impl.LeaderElection (LogUtils.java:infoOrTrace(149)) -   Exception 1: {}
java.util.concurrent.ExecutionException: org.apache.ratis.thirdparty.io.grpc.StatusRuntimeException: UNAVAILABLE: io exception
	at java.util.concurrent.FutureTask.report(FutureTask.java:122)
	at java.util.concurrent.FutureTask.get(FutureTask.java:192)
	at org.apache.ratis.server.impl.LeaderElection.waitForResults(LeaderElection.java:262)
	at org.apache.ratis.server.impl.LeaderElection.askForVotes(LeaderElection.java:200)
	at org.apache.ratis.server.impl.LeaderElection.run(LeaderElection.java:130)
	at java.lang.Thread.run(Thread.java:748)
Caused by: org.apache.ratis.thirdparty.io.grpc.StatusRuntimeException: UNAVAILABLE: io exception
	at org.apache.ratis.thirdparty.io.grpc.stub.ClientCalls.toStatusRuntimeException(ClientCalls.java:233)
	at org.apache.ratis.thirdparty.io.grpc.stub.ClientCalls.getUnchecked(ClientCalls.java:214)
	at org.apache.ratis.thirdparty.io.grpc.stub.ClientCalls.blockingUnaryCall(ClientCalls.java:139)
	at org.apache.ratis.proto.grpc.RaftServerProtocolServiceGrpc$RaftServerProtocolServiceBlockingStub.requestVote(RaftServerProtocolServiceGrpc.java:265)
	at org.apache.ratis.grpc.server.GrpcServerProtocolClient.requestVote(GrpcServerProtocolClient.java:83)
	at org.apache.ratis.grpc.server.GrpcService.requestVote(GrpcService.java:194)
	at org.apache.ratis.server.impl.LeaderElection.lambda$submitRequests$1(LeaderElection.java:237)
	at java.util.concurrent.FutureTask.run(FutureTask.java:266)
	at java.util.concurrent.Executors$RunnableAdapter.call(Executors.java:511)
	at java.util.concurrent.FutureTask.run(FutureTask.java:266)
	at java.util.concurrent.ThreadPoolExecutor.runWorker(ThreadPoolExecutor.java:1149)
	at java.util.concurrent.ThreadPoolExecutor$Worker.run(ThreadPoolExecutor.java:624)
	... 1 more
Caused by: org.apache.ratis.thirdparty.io.netty.channel.AbstractChannel$AnnotatedConnectException: Connection refused: /192.168.46.40:38747
	at sun.nio.ch.SocketChannelImpl.checkConnect(Native Method)
	at sun.nio.ch.SocketChannelImpl.finishConnect(SocketChannelImpl.java:717)
	at org.apache.ratis.thirdparty.io.netty.channel.socket.nio.NioSocketChannel.doFinishConnect(NioSocketChannel.java:327)
	at org.apache.ratis.thirdparty.io.netty.channel.nio.AbstractNioChannel$AbstractNioUnsafe.finishConnect(AbstractNioChannel.java:340)
	at org.apache.ratis.thirdparty.io.netty.channel.nio.NioEventLoop.processSelectedKey(NioEventLoop.java:632)
	at org.apache.ratis.thirdparty.io.netty.channel.nio.NioEventLoop.processSelectedKeysOptimized(NioEventLoop.java:579)
	at org.apache.ratis.thirdparty.io.netty.channel.nio.NioEventLoop.processSelectedKeys(NioEventLoop.java:496)
	at org.apache.ratis.thirdparty.io.netty.channel.nio.NioEventLoop.run(NioEventLoop.java:458)
	at org.apache.ratis.thirdparty.io.netty.util.concurrent.SingleThreadEventExecutor$5.run(SingleThreadEventExecutor.java:897)
	at org.apache.ratis.thirdparty.io.netty.util.concurrent.FastThreadLocalRunnable.run(FastThreadLocalRunnable.java:30)
	... 1 more
Caused by: java.net.ConnectException: Connection refused
	... 11 more
2019-06-14 10:28:45,600 INFO  impl.RaftServerImpl (RaftServerImpl.java:setRole(164)) - b0aa3512-c9c4-47f5-8fca-680ed027fea5:group-E9B621366AF0 changes role from CANDIDATE to FOLLOWER at term 9 for DISCOVERED_A_NEW_TERM
2019-06-14 10:28:45,600 INFO  impl.RoleInfo (RoleInfo.java:shutdownLeaderElection(134)) - b0aa3512-c9c4-47f5-8fca-680ed027fea5: shutdown LeaderElection
2019-06-14 10:28:45,600 INFO  impl.RoleInfo (RoleInfo.java:updateAndGet(143)) - b0aa3512-c9c4-47f5-8fca-680ed027fea5: start FollowerState
2019-06-14 10:28:46,240 INFO  client.GrpcClientProtocolClient (GrpcClientProtocolClient.java:onNext(254)) - client-16D10F23CC2F->99630a57-0e9f-428d-8086-37f49b9f2f2f: receive RaftClientReply:client-16D10F23CC2F->99630a57-0e9f-428d-8086-37f49b9f2f2f@group-10CF7E7D22E2, cid=141, FAILED org.apache.ratis.protocol.NotLeaderException: Server 99630a57-0e9f-428d-8086-37f49b9f2f2f is not the leader (33efc1b5-c38d-44ff-b22e-2cf6345186ab:192.168.46.40:35335). Request must be sent to leader., logIndex=0, commits[99630a57-0e9f-428d-8086-37f49b9f2f2f:c0, 33efc1b5-c38d-44ff-b22e-2cf6345186ab:c0, 39aab27a-937d-4d57-9e31-3229443b5129:c0]
2019-06-14 10:28:46,249 WARN  io.KeyOutputStream (KeyOutputStream.java:handleException(276)) - Encountered exception java.io.IOException: Unexpected Storage Container Exception: java.util.concurrent.CompletionException: java.util.concurrent.CompletionException: org.apache.ratis.protocol.RaftRetryFailureException: Failed RaftClientRequest:client-16D10F23CC2F->99630a57-0e9f-428d-8086-37f49b9f2f2f@group-10CF7E7D22E2, cid=141, seq=1*, RW, org.apache.hadoop.hdds.scm.XceiverClientRatis$$Lambda$436/510793091@799f234d for 5 attempts with RetryLimited(maxAttempts=5, sleepTime=1000ms) on the pipeline Pipeline[ Id: 351ff53c-7f58-442d-962b-10cf7e7d22e2, Nodes: 39aab27a-937d-4d57-9e31-3229443b5129{ip: 192.168.46.40, host: ozone-cf6ld-438179620, networkLocation: /default-rack, certSerialId: null}99630a57-0e9f-428d-8086-37f49b9f2f2f{ip: 192.168.46.40, host: ozone-cf6ld-438179620, networkLocation: /default-rack, certSerialId: null}33efc1b5-c38d-44ff-b22e-2cf6345186ab{ip: 192.168.46.40, host: ozone-cf6ld-438179620, networkLocation: /default-rack, certSerialId: null}, Type:RATIS, Factor:THREE, State:OPEN]. The last committed block length is 0, uncommitted data length is 1572864 retry count 0
2019-06-14 10:28:46,252 WARN  block.BlockManagerImpl (BlockManagerImpl.java:allocateBlock(192)) - Pipeline creation failed for type:RATIS factor:THREE. Retrying get pipelines call once.
org.apache.hadoop.hdds.scm.pipeline.InsufficientDatanodesException: Cannot create pipeline of factor 3 using 1 nodes.
	at org.apache.hadoop.hdds.scm.pipeline.RatisPipelineProvider.create(RatisPipelineProvider.java:151)
	at org.apache.hadoop.hdds.scm.pipeline.PipelineFactory.create(PipelineFactory.java:57)
	at org.apache.hadoop.hdds.scm.pipeline.SCMPipelineManager.createPipeline(SCMPipelineManager.java:149)
	at org.apache.hadoop.hdds.scm.block.BlockManagerImpl.allocateBlock(BlockManagerImpl.java:190)
	at org.apache.hadoop.hdds.scm.server.SCMBlockProtocolServer.allocateBlock(SCMBlockProtocolServer.java:172)
	at org.apache.hadoop.ozone.protocolPB.ScmBlockLocationProtocolServerSideTranslatorPB.allocateScmBlock(ScmBlockLocationProtocolServerSideTranslatorPB.java:82)
	at org.apache.hadoop.hdds.protocol.proto.ScmBlockLocationProtocolProtos$ScmBlockLocationProtocolService$2.callBlockingMethod(ScmBlockLocationProtocolProtos.java:7533)
	at org.apache.hadoop.ipc.ProtobufRpcEngine$Server$ProtoBufRpcInvoker.call(ProtobufRpcEngine.java:524)
	at org.apache.hadoop.ipc.RPC$Server.call(RPC.java:1025)
	at org.apache.hadoop.ipc.Server$RpcCall.run(Server.java:876)
	at org.apache.hadoop.ipc.Server$RpcCall.run(Server.java:822)
	at java.security.AccessController.doPrivileged(Native Method)
	at javax.security.auth.Subject.doAs(Subject.java:422)
	at org.apache.hadoop.security.UserGroupInformation.doAs(UserGroupInformation.java:1730)
	at org.apache.hadoop.ipc.Server$Handler.run(Server.java:2682)
2019-06-14 10:28:46,253 INFO  block.BlockManagerImpl (BlockManagerImpl.java:allocateBlock(198)) - Could not find available pipeline of type:RATIS and factor:THREE even after retrying
2019-06-14 10:28:46,254 ERROR block.BlockManagerImpl (BlockManagerImpl.java:allocateBlock(222)) - Unable to allocate a block for the size: 4194304, type: RATIS, factor: THREE
10:28:46.254 [IPC Server handler 0 on 32923] ERROR OMAudit - user=root | ip=127.0.0.1 | op=ALLOCATE_BLOCK {volume=datanodefailurehandlingtest, bucket=datanodefailurehandlingtest, key=2155720a-cc02-46d0-8c4c-b26967f7ac3d, dataSize=0, replicationType=null, replicationFactor=null, keyLocationInfo=null, clientID=102269459895287825} | ret=FAILURE
java.io.IOException: Allocate block failed.
	at org.apache.hadoop.hdds.scm.protocolPB.ScmBlockLocationProtocolClientSideTranslatorPB.allocateBlock(ScmBlockLocationProtocolClientSideTranslatorPB.java:111) ~[hadoop-hdds-common-0.5.0-SNAPSHOT.jar:?]
	at sun.reflect.NativeMethodAccessorImpl.invoke0(Native Method) ~[?:1.8.0_212]
	at sun.reflect.NativeMethodAccessorImpl.invoke(NativeMethodAccessorImpl.java:62) ~[?:1.8.0_212]
	at sun.reflect.DelegatingMethodAccessorImpl.invoke(DelegatingMethodAccessorImpl.java:43) ~[?:1.8.0_212]
	at java.lang.reflect.Method.invoke(Method.java:498) ~[?:1.8.0_212]
	at org.apache.hadoop.hdds.tracing.TraceAllMethod.invoke(TraceAllMethod.java:66) ~[hadoop-hdds-common-0.5.0-SNAPSHOT.jar:?]
	at com.sun.proxy.$Proxy25.allocateBlock(Unknown Source) ~[?:?]
	at org.apache.hadoop.ozone.om.KeyManagerImpl.allocateBlock(KeyManagerImpl.java:347) ~[hadoop-ozone-ozone-manager-0.5.0-SNAPSHOT.jar:?]
	at org.apache.hadoop.ozone.om.KeyManagerImpl.allocateBlock(KeyManagerImpl.java:315) ~[hadoop-ozone-ozone-manager-0.5.0-SNAPSHOT.jar:?]
	at org.apache.hadoop.ozone.om.OzoneManager.allocateBlock(OzoneManager.java:2301) [hadoop-ozone-ozone-manager-0.5.0-SNAPSHOT.jar:?]
	at org.apache.hadoop.ozone.protocolPB.OzoneManagerRequestHandler.allocateBlock(OzoneManagerRequestHandler.java:755) [hadoop-ozone-ozone-manager-0.5.0-SNAPSHOT.jar:?]
	at org.apache.hadoop.ozone.protocolPB.OzoneManagerRequestHandler.handle(OzoneManagerRequestHandler.java:249) [hadoop-ozone-ozone-manager-0.5.0-SNAPSHOT.jar:?]
	at org.apache.hadoop.ozone.protocolPB.OzoneManagerProtocolServerSideTranslatorPB.submitRequestDirectlyToOM(OzoneManagerProtocolServerSideTranslatorPB.java:180) [hadoop-ozone-ozone-manager-0.5.0-SNAPSHOT.jar:?]
	at org.apache.hadoop.ozone.protocolPB.OzoneManagerProtocolServerSideTranslatorPB.submitRequest(OzoneManagerProtocolServerSideTranslatorPB.java:102) [hadoop-ozone-ozone-manager-0.5.0-SNAPSHOT.jar:?]
	at org.apache.hadoop.ozone.protocol.proto.OzoneManagerProtocolProtos$OzoneManagerService$2.callBlockingMethod(OzoneManagerProtocolProtos.java) [hadoop-ozone-common-0.5.0-SNAPSHOT.jar:?]
	at org.apache.hadoop.ipc.ProtobufRpcEngine$Server$ProtoBufRpcInvoker.call(ProtobufRpcEngine.java:524) [hadoop-common-3.2.0.jar:?]
	at org.apache.hadoop.ipc.RPC$Server.call(RPC.java:1025) [hadoop-common-3.2.0.jar:?]
	at org.apache.hadoop.ipc.Server$RpcCall.run(Server.java:876) [hadoop-common-3.2.0.jar:?]
	at org.apache.hadoop.ipc.Server$RpcCall.run(Server.java:822) [hadoop-common-3.2.0.jar:?]
	at java.security.AccessController.doPrivileged(Native Method) [?:1.8.0_212]
	at javax.security.auth.Subject.doAs(Subject.java:422) [?:1.8.0_212]
	at org.apache.hadoop.security.UserGroupInformation.doAs(UserGroupInformation.java:1730) [hadoop-common-3.2.0.jar:?]
	at org.apache.hadoop.ipc.Server$Handler.run(Server.java:2682) [hadoop-common-3.2.0.jar:?]
2019-06-14 10:28:46,255 ERROR io.BlockOutputStreamEntryPool (BlockOutputStreamEntryPool.java:allocateBlockIfNeeded(299)) - Try to allocate more blocks for write failed, already allocated 0 blocks for this write.
INTERNAL_ERROR org.apache.hadoop.ozone.om.exceptions.OMException: Allocate block failed.
	at org.apache.hadoop.ozone.om.protocolPB.OzoneManagerProtocolClientSideTranslatorPB.handleError(OzoneManagerProtocolClientSideTranslatorPB.java:720)
	at org.apache.hadoop.ozone.om.protocolPB.OzoneManagerProtocolClientSideTranslatorPB.allocateBlock(OzoneManagerProtocolClientSideTranslatorPB.java:743)
	at org.apache.hadoop.ozone.client.io.BlockOutputStreamEntryPool.allocateNewBlock(BlockOutputStreamEntryPool.java:248)
	at org.apache.hadoop.ozone.client.io.BlockOutputStreamEntryPool.allocateBlockIfNeeded(BlockOutputStreamEntryPool.java:296)
	at org.apache.hadoop.ozone.client.io.KeyOutputStream.handleWrite(KeyOutputStream.java:201)
	at org.apache.hadoop.ozone.client.io.KeyOutputStream.handleRetry(KeyOutputStream.java:376)
	at org.apache.hadoop.ozone.client.io.KeyOutputStream.handleException(KeyOutputStream.java:325)
	at org.apache.hadoop.ozone.client.io.KeyOutputStream.handleFlushOrClose(KeyOutputStream.java:448)
	at org.apache.hadoop.ozone.client.io.KeyOutputStream.close(KeyOutputStream.java:472)
	at org.apache.hadoop.ozone.client.io.OzoneOutputStream.close(OzoneOutputStream.java:60)
	at org.apache.hadoop.ozone.client.rpc.TestFailureHandlingByClient.testBlockWritesWithDnFailures(TestFailureHandlingByClient.java:146)
	at sun.reflect.NativeMethodAccessorImpl.invoke0(Native Method)
	at sun.reflect.NativeMethodAccessorImpl.invoke(NativeMethodAccessorImpl.java:62)
	at sun.reflect.DelegatingMethodAccessorImpl.invoke(DelegatingMethodAccessorImpl.java:43)
	at java.lang.reflect.Method.invoke(Method.java:498)
	at org.junit.runners.model.FrameworkMethod$1.runReflectiveCall(FrameworkMethod.java:47)
	at org.junit.internal.runners.model.ReflectiveCallable.run(ReflectiveCallable.java:12)
	at org.junit.runners.model.FrameworkMethod.invokeExplosively(FrameworkMethod.java:44)
	at org.junit.internal.runners.statements.InvokeMethod.evaluate(InvokeMethod.java:17)
	at org.junit.runners.ParentRunner.runLeaf(ParentRunner.java:271)
	at org.junit.runners.BlockJUnit4ClassRunner.runChild(BlockJUnit4ClassRunner.java:70)
	at org.junit.runners.BlockJUnit4ClassRunner.runChild(BlockJUnit4ClassRunner.java:50)
	at org.junit.runners.ParentRunner$3.run(ParentRunner.java:238)
	at org.junit.runners.ParentRunner$1.schedule(ParentRunner.java:63)
	at org.junit.runners.ParentRunner.runChildren(ParentRunner.java:236)
	at org.junit.runners.ParentRunner.access$000(ParentRunner.java:53)
	at org.junit.runners.ParentRunner$2.evaluate(ParentRunner.java:229)
	at org.junit.runners.ParentRunner.run(ParentRunner.java:309)
	at org.apache.maven.surefire.junit4.JUnit4Provider.execute(JUnit4Provider.java:365)
	at org.apache.maven.surefire.junit4.JUnit4Provider.executeWithRerun(JUnit4Provider.java:273)
	at org.apache.maven.surefire.junit4.JUnit4Provider.executeTestSet(JUnit4Provider.java:238)
	at org.apache.maven.surefire.junit4.JUnit4Provider.invoke(JUnit4Provider.java:159)
	at org.apache.maven.surefire.booter.ForkedBooter.invokeProviderInSameClassLoader(ForkedBooter.java:384)
	at org.apache.maven.surefire.booter.ForkedBooter.runSuitesInProcess(ForkedBooter.java:345)
	at org.apache.maven.surefire.booter.ForkedBooter.execute(ForkedBooter.java:126)
	at org.apache.maven.surefire.booter.ForkedBooter.main(ForkedBooter.java:418)
]]></system-out>
    <system-err><![CDATA[Jun 14, 2019 10:28:30 AM com.sun.jersey.server.impl.application.WebApplicationImpl _initiate
INFO: Initiating Jersey application, version 'Jersey: 1.19 02/11/2015 03:25 AM'
Jun 14, 2019 10:28:30 AM com.sun.jersey.server.impl.application.WebApplicationImpl _initiate
INFO: Initiating Jersey application, version 'Jersey: 1.19 02/11/2015 03:25 AM'
Jun 14, 2019 10:28:30 AM com.sun.jersey.server.impl.application.WebApplicationImpl _initiate
INFO: Initiating Jersey application, version 'Jersey: 1.19 02/11/2015 03:25 AM'
Jun 14, 2019 10:28:30 AM com.sun.jersey.server.impl.application.WebApplicationImpl _initiate
INFO: Initiating Jersey application, version 'Jersey: 1.19 02/11/2015 03:25 AM'
Jun 14, 2019 10:28:30 AM com.sun.jersey.server.impl.application.WebApplicationImpl _initiate
INFO: Initiating Jersey application, version 'Jersey: 1.19 02/11/2015 03:25 AM'
Jun 14, 2019 10:28:30 AM com.sun.jersey.server.impl.application.WebApplicationImpl _initiate
INFO: Initiating Jersey application, version 'Jersey: 1.19 02/11/2015 03:25 AM'
]]></system-err>
  </testcase>
  <testcase name="testDatanodeExclusionWithMajorityCommit" classname="org.apache.hadoop.ozone.client.rpc.TestFailureHandlingByClient" time="19.009"/>
  <testcase name="testMultiBlockWritesWithDnFailures" classname="org.apache.hadoop.ozone.client.rpc.TestFailureHandlingByClient" time="13.288"/>
</testsuite>