<?xml version="1.0" encoding="UTF-8"?>
<testsuite xmlns:xsi="http://www.w3.org/2001/XMLSchema-instance" xsi:noNamespaceSchemaLocation="https://maven.apache.org/surefire/maven-surefire-plugin/xsd/surefire-test-report.xsd" name="org.apache.hadoop.hdds.scm.pipeline.TestNodeFailure" time="10.694" tests="1" errors="0" skipped="1" failures="0">
  <properties>
    <property name="awt.toolkit" value="sun.awt.X11.XToolkit"/>
    <property name="file.encoding.pkg" value="sun.io"/>
    <property name="java.specification.version" value="1.8"/>
    <property name="sun.cpu.isalist" value=""/>
    <property name="sun.jnu.encoding" value="UTF-8"/>
    <property name="java.class.path" value="/opt/src/hadoop-ozone/integration-test/target/test-classes:/opt/src/hadoop-ozone/integration-test/target/classes:/root/.m2/repository/org/apache/hadoop/hadoop-ozone-common/0.5.0-SNAPSHOT/hadoop-ozone-common-0.5.0-SNAPSHOT.jar:/root/.m2/repository/org/apache/commons/commons-compress/1.4.1/commons-compress-1.4.1.jar:/root/.m2/repository/org/tukaani/xz/1.0/xz-1.0.jar:/root/.m2/repository/org/apache/hadoop/hadoop-common/3.2.0/hadoop-common-3.2.0.jar:/root/.m2/repository/org/apache/hadoop/hadoop-hdfs/3.2.0/hadoop-hdfs-3.2.0.jar:/root/.m2/repository/org/apache/hadoop/hadoop-hdfs-client/3.2.0/hadoop-hdfs-client-3.2.0.jar:/root/.m2/repository/com/fasterxml/jackson/core/jackson-annotations/2.9.5/jackson-annotations-2.9.5.jar:/root/.m2/repository/org/apache/hadoop/hadoop-hdds-common/0.5.0-SNAPSHOT/hadoop-hdds-common-0.5.0-SNAPSHOT.jar:/root/.m2/repository/javax/annotation/javax.annotation-api/1.2/javax.annotation-api-1.2.jar:/root/.m2/repository/org/apache/ratis/ratis-server/0.4.0-fe2b15d-SNAPSHOT/ratis-server-0.4.0-fe2b15d-SNAPSHOT.jar:/root/.m2/repository/org/apache/ratis/ratis-thirdparty-misc/0.2.0/ratis-thirdparty-misc-0.2.0.jar:/root/.m2/repository/org/apache/ratis/ratis-proto/0.4.0-fe2b15d-SNAPSHOT/ratis-proto-0.4.0-fe2b15d-SNAPSHOT.jar:/root/.m2/repository/org/apache/ratis/ratis-common/0.4.0-fe2b15d-SNAPSHOT/ratis-common-0.4.0-fe2b15d-SNAPSHOT.jar:/root/.m2/repository/org/apache/ratis/ratis-client/0.4.0-fe2b15d-SNAPSHOT/ratis-client-0.4.0-fe2b15d-SNAPSHOT.jar:/root/.m2/repository/org/apache/ratis/ratis-netty/0.4.0-fe2b15d-SNAPSHOT/ratis-netty-0.4.0-fe2b15d-SNAPSHOT.jar:/root/.m2/repository/org/apache/ratis/ratis-grpc/0.4.0-fe2b15d-SNAPSHOT/ratis-grpc-0.4.0-fe2b15d-SNAPSHOT.jar:/root/.m2/repository/org/rocksdb/rocksdbjni/5.14.2/rocksdbjni-5.14.2.jar:/root/.m2/repository/org/apache/logging/log4j/log4j-api/2.11.0/log4j-api-2.11.0.jar:/root/.m2/repository/org/apache/logging/log4j/log4j-core/2.11.0/log4j-core-2.11.0.jar:/root/.m2/repository/com/lmax/disruptor/3.4.2/disruptor-3.4.2.jar:/root/.m2/repository/org/apache/commons/commons-pool2/2.6.0/commons-pool2-2.6.0.jar:/root/.m2/repository/org/bouncycastle/bcpkix-jdk15on/1.60/bcpkix-jdk15on-1.60.jar:/root/.m2/repository/commons-validator/commons-validator/1.6/commons-validator-1.6.jar:/root/.m2/repository/commons-digester/commons-digester/1.8.1/commons-digester-1.8.1.jar:/root/.m2/repository/io/jaegertracing/jaeger-client/0.33.1/jaeger-client-0.33.1.jar:/root/.m2/repository/io/jaegertracing/jaeger-thrift/0.33.1/jaeger-thrift-0.33.1.jar:/root/.m2/repository/org/apache/thrift/libthrift/0.11.0/libthrift-0.11.0.jar:/root/.m2/repository/com/squareup/okhttp3/okhttp/3.9.0/okhttp-3.9.0.jar:/root/.m2/repository/com/squareup/okio/okio/1.13.0/okio-1.13.0.jar:/root/.m2/repository/io/jaegertracing/jaeger-core/0.33.1/jaeger-core-0.33.1.jar:/root/.m2/repository/io/jaegertracing/jaeger-tracerresolver/0.33.1/jaeger-tracerresolver-0.33.1.jar:/root/.m2/repository/io/opentracing/contrib/opentracing-tracerresolver/0.1.5/opentracing-tracerresolver-0.1.5.jar:/root/.m2/repository/io/opentracing/opentracing-util/0.31.0/opentracing-util-0.31.0.jar:/root/.m2/repository/io/opentracing/opentracing-api/0.31.0/opentracing-api-0.31.0.jar:/root/.m2/repository/io/opentracing/opentracing-noop/0.31.0/opentracing-noop-0.31.0.jar:/root/.m2/repository/org/apache/hadoop/hadoop-hdds-server-framework/0.5.0-SNAPSHOT/hadoop-hdds-server-framework-0.5.0-SNAPSHOT.jar:/root/.m2/repository/org/apache/hadoop/hadoop-hdds-server-scm/0.5.0-SNAPSHOT/hadoop-hdds-server-scm-0.5.0-SNAPSHOT.jar:/root/.m2/repository/org/apache/hadoop/hadoop-hdds-container-service/0.5.0-SNAPSHOT/hadoop-hdds-container-service-0.5.0-SNAPSHOT.jar:/root/.m2/repository/org/apache/hadoop/hadoop-hdds-client/0.5.0-SNAPSHOT/hadoop-hdds-client-0.5.0-SNAPSHOT.jar:/root/.m2/repository/org/apache/hadoop/hadoop-hdds-tools/0.5.0-SNAPSHOT/hadoop-hdds-tools-0.5.0-SNAPSHOT.jar:/root/.m2/repository/org/apache/hadoop/hadoop-ozone-ozone-manager/0.5.0-SNAPSHOT/hadoop-ozone-ozone-manager-0.5.0-SNAPSHOT.jar:/root/.m2/repository/org/apache/hadoop/hadoop-hdds-docs/0.5.0-SNAPSHOT/hadoop-hdds-docs-0.5.0-SNAPSHOT.jar:/root/.m2/repository/org/bouncycastle/bcprov-jdk15on/1.60/bcprov-jdk15on-1.60.jar:/root/.m2/repository/org/apache/hadoop/hadoop-minikdc/3.2.0/hadoop-minikdc-3.2.0.jar:/root/.m2/repository/commons-io/commons-io/2.5/commons-io-2.5.jar:/root/.m2/repository/org/apache/kerby/kerb-simplekdc/1.0.1/kerb-simplekdc-1.0.1.jar:/root/.m2/repository/org/apache/kerby/kerb-client/1.0.1/kerb-client-1.0.1.jar:/root/.m2/repository/org/apache/kerby/kerby-config/1.0.1/kerby-config-1.0.1.jar:/root/.m2/repository/org/apache/kerby/kerb-core/1.0.1/kerb-core-1.0.1.jar:/root/.m2/repository/org/apache/kerby/kerby-pkix/1.0.1/kerby-pkix-1.0.1.jar:/root/.m2/repository/org/apache/kerby/kerby-asn1/1.0.1/kerby-asn1-1.0.1.jar:/root/.m2/repository/org/apache/kerby/kerby-util/1.0.1/kerby-util-1.0.1.jar:/root/.m2/repository/org/apache/kerby/kerb-common/1.0.1/kerb-common-1.0.1.jar:/root/.m2/repository/org/apache/kerby/kerb-crypto/1.0.1/kerb-crypto-1.0.1.jar:/root/.m2/repository/org/apache/kerby/kerb-util/1.0.1/kerb-util-1.0.1.jar:/root/.m2/repository/org/apache/kerby/token-provider/1.0.1/token-provider-1.0.1.jar:/root/.m2/repository/org/apache/kerby/kerb-admin/1.0.1/kerb-admin-1.0.1.jar:/root/.m2/repository/org/apache/kerby/kerb-server/1.0.1/kerb-server-1.0.1.jar:/root/.m2/repository/org/apache/kerby/kerb-identity/1.0.1/kerb-identity-1.0.1.jar:/root/.m2/repository/org/apache/kerby/kerby-xdr/1.0.1/kerby-xdr-1.0.1.jar:/root/.m2/repository/org/slf4j/slf4j-log4j12/1.7.25/slf4j-log4j12-1.7.25.jar:/root/.m2/repository/org/apache/hadoop/hadoop-ozone-objectstore-service/0.5.0-SNAPSHOT/hadoop-ozone-objectstore-service-0.5.0-SNAPSHOT.jar:/root/.m2/repository/org/apache/hadoop/hadoop-ozone-s3gateway/0.5.0-SNAPSHOT/hadoop-ozone-s3gateway-0.5.0-SNAPSHOT.jar:/root/.m2/repository/org/jboss/weld/servlet/weld-servlet/2.4.7.Final/weld-servlet-2.4.7.Final.jar:/root/.m2/repository/org/glassfish/jersey/containers/jersey-container-servlet-core/2.27/jersey-container-servlet-core-2.27.jar:/root/.m2/repository/org/glassfish/hk2/external/javax.inject/2.5.0-b42/javax.inject-2.5.0-b42.jar:/root/.m2/repository/org/glassfish/jersey/core/jersey-common/2.27/jersey-common-2.27.jar:/root/.m2/repository/org/glassfish/hk2/osgi-resource-locator/1.0.1/osgi-resource-locator-1.0.1.jar:/root/.m2/repository/javax/ws/rs/javax.ws.rs-api/2.1/javax.ws.rs-api-2.1.jar:/root/.m2/repository/org/glassfish/jersey/ext/cdi/jersey-cdi1x/2.27/jersey-cdi1x-2.27.jar:/root/.m2/repository/org/glassfish/jersey/inject/jersey-hk2/2.27/jersey-hk2-2.27.jar:/root/.m2/repository/org/glassfish/hk2/hk2-locator/2.5.0-b42/hk2-locator-2.5.0-b42.jar:/root/.m2/repository/org/javassist/javassist/3.22.0-CR2/javassist-3.22.0-CR2.jar:/root/.m2/repository/org/glassfish/hk2/hk2-api/2.5.0/hk2-api-2.5.0.jar:/root/.m2/repository/org/glassfish/hk2/external/jakarta.inject/2.5.0/jakarta.inject-2.5.0.jar:/root/.m2/repository/org/glassfish/hk2/hk2-utils/2.5.0/hk2-utils-2.5.0.jar:/root/.m2/repository/jakarta/annotation/jakarta.annotation-api/1.3.4/jakarta.annotation-api-1.3.4.jar:/root/.m2/repository/org/glassfish/hk2/external/aopalliance-repackaged/2.5.0/aopalliance-repackaged-2.5.0.jar:/root/.m2/repository/com/fasterxml/jackson/dataformat/jackson-dataformat-xml/2.9.0/jackson-dataformat-xml-2.9.0.jar:/root/.m2/repository/com/fasterxml/jackson/core/jackson-core/2.9.5/jackson-core-2.9.5.jar:/root/.m2/repository/com/fasterxml/jackson/module/jackson-module-jaxb-annotations/2.9.5/jackson-module-jaxb-annotations-2.9.5.jar:/root/.m2/repository/javax/enterprise/cdi-api/1.2/cdi-api-1.2.jar:/root/.m2/repository/javax/el/javax.el-api/3.0.0/javax.el-api-3.0.0.jar:/root/.m2/repository/javax/interceptor/javax.interceptor-api/1.2/javax.interceptor-api-1.2.jar:/root/.m2/repository/javax/inject/javax.inject/1/javax.inject-1.jar:/root/.m2/repository/com/sun/xml/bind/jaxb-impl/2.3.0.1/jaxb-impl-2.3.0.1.jar:/root/.m2/repository/com/sun/xml/bind/jaxb-core/2.3.0.1/jaxb-core-2.3.0.1.jar:/root/.m2/repository/javax/xml/bind/jaxb-api/2.3.0/jaxb-api-2.3.0.jar:/root/.m2/repository/javax/activation/activation/1.1.1/activation-1.1.1.jar:/root/.m2/repository/org/apache/hadoop/hadoop-ozone-csi/0.5.0-SNAPSHOT/hadoop-ozone-csi-0.5.0-SNAPSHOT.jar:/root/.m2/repository/com/google/protobuf/protobuf-java-util/3.5.1/protobuf-java-util-3.5.1.jar:/root/.m2/repository/org/apache/hadoop/hadoop-hdds-config/0.5.0-SNAPSHOT/hadoop-hdds-config-0.5.0-SNAPSHOT.jar:/root/.m2/repository/com/google/guava/guava/11.0.2/guava-11.0.2.jar:/root/.m2/repository/com/google/protobuf/protobuf-java/2.5.0/protobuf-java-2.5.0.jar:/root/.m2/repository/io/grpc/grpc-netty/1.17.1/grpc-netty-1.17.1.jar:/root/.m2/repository/io/grpc/grpc-core/1.17.1/grpc-core-1.17.1.jar:/root/.m2/repository/io/grpc/grpc-context/1.17.1/grpc-context-1.17.1.jar:/root/.m2/repository/com/google/errorprone/error_prone_annotations/2.2.0/error_prone_annotations-2.2.0.jar:/root/.m2/repository/org/codehaus/mojo/animal-sniffer-annotations/1.17/animal-sniffer-annotations-1.17.jar:/root/.m2/repository/io/opencensus/opencensus-api/0.17.0/opencensus-api-0.17.0.jar:/root/.m2/repository/io/opencensus/opencensus-contrib-grpc-metrics/0.17.0/opencensus-contrib-grpc-metrics-0.17.0.jar:/root/.m2/repository/io/netty/netty-codec-http2/4.1.30.Final/netty-codec-http2-4.1.30.Final.jar:/root/.m2/repository/io/netty/netty-codec-http/4.1.30.Final/netty-codec-http-4.1.30.Final.jar:/root/.m2/repository/io/netty/netty-codec/4.1.30.Final/netty-codec-4.1.30.Final.jar:/root/.m2/repository/io/netty/netty-handler/4.1.30.Final/netty-handler-4.1.30.Final.jar:/root/.m2/repository/io/netty/netty-handler-proxy/4.1.30.Final/netty-handler-proxy-4.1.30.Final.jar:/root/.m2/repository/io/netty/netty-codec-socks/4.1.30.Final/netty-codec-socks-4.1.30.Final.jar:/root/.m2/repository/io/netty/netty-transport-native-epoll/4.1.30.Final/netty-transport-native-epoll-4.1.30.Final.jar:/root/.m2/repository/io/netty/netty-common/4.1.30.Final/netty-common-4.1.30.Final.jar:/root/.m2/repository/io/netty/netty-buffer/4.1.30.Final/netty-buffer-4.1.30.Final.jar:/root/.m2/repository/io/netty/netty-transport/4.1.30.Final/netty-transport-4.1.30.Final.jar:/root/.m2/repository/io/netty/netty-resolver/4.1.30.Final/netty-resolver-4.1.30.Final.jar:/root/.m2/repository/io/netty/netty-transport-native-unix-common/4.1.30.Final/netty-transport-native-unix-common-4.1.30.Final.jar:/root/.m2/repository/io/grpc/grpc-protobuf/1.17.1/grpc-protobuf-1.17.1.jar:/root/.m2/repository/com/google/api/grpc/proto-google-common-protos/1.0.0/proto-google-common-protos-1.0.0.jar:/root/.m2/repository/io/grpc/grpc-protobuf-lite/1.17.1/grpc-protobuf-lite-1.17.1.jar:/root/.m2/repository/io/grpc/grpc-stub/1.17.1/grpc-stub-1.17.1.jar:/root/.m2/repository/org/apache/hadoop/hadoop-ozone-recon/0.5.0-SNAPSHOT/hadoop-ozone-recon-0.5.0-SNAPSHOT.jar:/root/.m2/repository/org/apache/hadoop/hadoop-ozone-reconcodegen/0.5.0-SNAPSHOT/hadoop-ozone-reconcodegen-0.5.0-SNAPSHOT.jar:/root/.m2/repository/com/google/inject/extensions/guice-multibindings/4.0/guice-multibindings-4.0.jar:/root/.m2/repository/com/google/inject/guice/4.0/guice-4.0.jar:/root/.m2/repository/aopalliance/aopalliance/1.0/aopalliance-1.0.jar:/root/.m2/repository/com/google/inject/extensions/guice-servlet/4.0/guice-servlet-4.0.jar:/root/.m2/repository/org/glassfish/jersey/containers/jersey-container-servlet/2.27/jersey-container-servlet-2.27.jar:/root/.m2/repository/org/glassfish/hk2/guice-bridge/2.5.0/guice-bridge-2.5.0.jar:/root/.m2/repository/org/glassfish/jersey/core/jersey-server/2.27/jersey-server-2.27.jar:/root/.m2/repository/org/glassfish/jersey/core/jersey-client/2.27/jersey-client-2.27.jar:/root/.m2/repository/org/glassfish/jersey/media/jersey-media-jaxb/2.27/jersey-media-jaxb-2.27.jar:/root/.m2/repository/javax/validation/validation-api/1.1.0.Final/validation-api-1.1.0.Final.jar:/root/.m2/repository/org/glassfish/jersey/media/jersey-media-json-jackson/2.27/jersey-media-json-jackson-2.27.jar:/root/.m2/repository/org/glassfish/jersey/ext/jersey-entity-filtering/2.27/jersey-entity-filtering-2.27.jar:/root/.m2/repository/com/google/inject/extensions/guice-assistedinject/4.0/guice-assistedinject-4.0.jar:/root/.m2/repository/org/jooq/jooq/3.11.10/jooq-3.11.10.jar:/root/.m2/repository/org/jooq/jooq-meta/3.11.10/jooq-meta-3.11.10.jar:/root/.m2/repository/org/jooq/jooq-codegen/3.11.10/jooq-codegen-3.11.10.jar:/root/.m2/repository/com/jolbox/bonecp/0.8.0.RELEASE/bonecp-0.8.0.RELEASE.jar:/root/.m2/repository/org/xerial/sqlite-jdbc/3.25.2/sqlite-jdbc-3.25.2.jar:/root/.m2/repository/org/springframework/spring-jdbc/5.1.3.RELEASE/spring-jdbc-5.1.3.RELEASE.jar:/root/.m2/repository/org/springframework/spring-beans/5.1.3.RELEASE/spring-beans-5.1.3.RELEASE.jar:/root/.m2/repository/org/springframework/spring-core/5.1.3.RELEASE/spring-core-5.1.3.RELEASE.jar:/root/.m2/repository/org/springframework/spring-jcl/5.1.3.RELEASE/spring-jcl-5.1.3.RELEASE.jar:/root/.m2/repository/org/springframework/spring-tx/5.1.3.RELEASE/spring-tx-5.1.3.RELEASE.jar:/root/.m2/repository/org/apache/hadoop/hadoop-ozone-client/0.5.0-SNAPSHOT/hadoop-ozone-client-0.5.0-SNAPSHOT.jar:/root/.m2/repository/org/apache/hadoop/hadoop-ozone-ozone-manager/0.5.0-SNAPSHOT/hadoop-ozone-ozone-manager-0.5.0-SNAPSHOT-tests.jar:/root/.m2/repository/junit/junit/4.11/junit-4.11.jar:/root/.m2/repository/org/hamcrest/hamcrest-core/1.3/hamcrest-core-1.3.jar:/root/.m2/repository/org/openjdk/jmh/jmh-core/1.19/jmh-core-1.19.jar:/root/.m2/repository/net/sf/jopt-simple/jopt-simple/4.6/jopt-simple-4.6.jar:/root/.m2/repository/org/apache/commons/commons-math3/3.1.1/commons-math3-3.1.1.jar:/root/.m2/repository/org/openjdk/jmh/jmh-generator-annprocess/1.19/jmh-generator-annprocess-1.19.jar:/root/.m2/repository/org/mockito/mockito-all/1.8.5/mockito-all-1.8.5.jar:/root/.m2/repository/org/apache/hadoop/hadoop-kms/3.2.0/hadoop-kms-3.2.0.jar:/root/.m2/repository/org/apache/hadoop/hadoop-auth/3.2.0/hadoop-auth-3.2.0.jar:/root/.m2/repository/com/nimbusds/nimbus-jose-jwt/4.41.1/nimbus-jose-jwt-4.41.1.jar:/root/.m2/repository/com/github/stephenc/jcip/jcip-annotations/1.0-1/jcip-annotations-1.0-1.jar:/root/.m2/repository/net/minidev/json-smart/2.3/json-smart-2.3.jar:/root/.m2/repository/net/minidev/accessors-smart/1.2/accessors-smart-1.2.jar:/root/.m2/repository/org/ow2/asm/asm/5.0.4/asm-5.0.4.jar:/root/.m2/repository/org/apache/curator/curator-framework/2.12.0/curator-framework-2.12.0.jar:/root/.m2/repository/com/sun/jersey/jersey-core/1.19/jersey-core-1.19.jar:/root/.m2/repository/javax/ws/rs/jsr311-api/1.1.1/jsr311-api-1.1.1.jar:/root/.m2/repository/com/sun/jersey/jersey-server/1.19/jersey-server-1.19.jar:/root/.m2/repository/javax/servlet/javax.servlet-api/3.1.0/javax.servlet-api-3.1.0.jar:/root/.m2/repository/org/eclipse/jetty/jetty-server/9.3.24.v20180605/jetty-server-9.3.24.v20180605.jar:/root/.m2/repository/org/eclipse/jetty/jetty-http/9.3.24.v20180605/jetty-http-9.3.24.v20180605.jar:/root/.m2/repository/org/eclipse/jetty/jetty-io/9.3.24.v20180605/jetty-io-9.3.24.v20180605.jar:/root/.m2/repository/org/eclipse/jetty/jetty-webapp/9.3.24.v20180605/jetty-webapp-9.3.24.v20180605.jar:/root/.m2/repository/org/eclipse/jetty/jetty-xml/9.3.24.v20180605/jetty-xml-9.3.24.v20180605.jar:/root/.m2/repository/log4j/log4j/1.2.17/log4j-1.2.17.jar:/root/.m2/repository/org/slf4j/slf4j-api/1.7.25/slf4j-api-1.7.25.jar:/root/.m2/repository/org/slf4j/jul-to-slf4j/1.7.25/jul-to-slf4j-1.7.25.jar:/root/.m2/repository/org/eclipse/jetty/jetty-util/9.3.24.v20180605/jetty-util-9.3.24.v20180605.jar:/root/.m2/repository/io/dropwizard/metrics/metrics-core/3.2.4/metrics-core-3.2.4.jar:/root/.m2/repository/com/fasterxml/jackson/core/jackson-databind/2.9.5/jackson-databind-2.9.5.jar:/root/.m2/repository/org/apache/hadoop/hadoop-kms/3.2.0/hadoop-kms-3.2.0-tests.jar:/root/.m2/repository/org/apache/hadoop/hadoop-hdds-server-scm/0.5.0-SNAPSHOT/hadoop-hdds-server-scm-0.5.0-SNAPSHOT-tests.jar:/root/.m2/repository/org/hamcrest/hamcrest-all/1.3/hamcrest-all-1.3.jar:/root/.m2/repository/info/picocli/picocli/3.9.6/picocli-3.9.6.jar:/root/.m2/repository/org/apache/hadoop/hadoop-hdds-container-service/0.5.0-SNAPSHOT/hadoop-hdds-container-service-0.5.0-SNAPSHOT-tests.jar:/root/.m2/repository/org/yaml/snakeyaml/1.16/snakeyaml-1.16.jar:/root/.m2/repository/org/apache/hadoop/hadoop-common/3.2.0/hadoop-common-3.2.0-tests.jar:/root/.m2/repository/org/apache/hadoop/hadoop-annotations/3.2.0/hadoop-annotations-3.2.0.jar:/usr/lib/jvm/java-1.8-openjdk/jre/../lib/tools.jar:/root/.m2/repository/commons-cli/commons-cli/1.2/commons-cli-1.2.jar:/root/.m2/repository/org/apache/httpcomponents/httpclient/4.5.2/httpclient-4.5.2.jar:/root/.m2/repository/org/apache/httpcomponents/httpcore/4.4.4/httpcore-4.4.4.jar:/root/.m2/repository/commons-codec/commons-codec/1.11/commons-codec-1.11.jar:/root/.m2/repository/commons-net/commons-net/3.6/commons-net-3.6.jar:/root/.m2/repository/commons-collections/commons-collections/3.2.2/commons-collections-3.2.2.jar:/root/.m2/repository/org/eclipse/jetty/jetty-servlet/9.3.24.v20180605/jetty-servlet-9.3.24.v20180605.jar:/root/.m2/repository/org/eclipse/jetty/jetty-security/9.3.24.v20180605/jetty-security-9.3.24.v20180605.jar:/root/.m2/repository/javax/servlet/jsp/jsp-api/2.1/jsp-api-2.1.jar:/root/.m2/repository/com/sun/jersey/jersey-servlet/1.19/jersey-servlet-1.19.jar:/root/.m2/repository/com/sun/jersey/jersey-json/1.19/jersey-json-1.19.jar:/root/.m2/repository/org/codehaus/jettison/jettison/1.1/jettison-1.1.jar:/root/.m2/repository/org/codehaus/jackson/jackson-core-asl/1.9.13/jackson-core-asl-1.9.13.jar:/root/.m2/repository/org/codehaus/jackson/jackson-mapper-asl/1.9.13/jackson-mapper-asl-1.9.13.jar:/root/.m2/repository/org/codehaus/jackson/jackson-jaxrs/1.9.13/jackson-jaxrs-1.9.13.jar:/root/.m2/repository/org/codehaus/jackson/jackson-xc/1.9.13/jackson-xc-1.9.13.jar:/root/.m2/repository/commons-logging/commons-logging/1.1.3/commons-logging-1.1.3.jar:/root/.m2/repository/commons-beanutils/commons-beanutils/1.9.3/commons-beanutils-1.9.3.jar:/root/.m2/repository/org/apache/commons/commons-configuration2/2.1.1/commons-configuration2-2.1.1.jar:/root/.m2/repository/org/apache/commons/commons-lang3/3.7/commons-lang3-3.7.jar:/root/.m2/repository/org/apache/commons/commons-text/1.4/commons-text-1.4.jar:/root/.m2/repository/org/apache/avro/avro/1.7.7/avro-1.7.7.jar:/root/.m2/repository/com/thoughtworks/paranamer/paranamer/2.3/paranamer-2.3.jar:/root/.m2/repository/org/xerial/snappy/snappy-java/1.0.5/snappy-java-1.0.5.jar:/root/.m2/repository/com/google/re2j/re2j/1.1/re2j-1.1.jar:/root/.m2/repository/com/google/code/gson/gson/2.2.4/gson-2.2.4.jar:/root/.m2/repository/com/jcraft/jsch/0.1.54/jsch-0.1.54.jar:/root/.m2/repository/org/apache/curator/curator-client/2.12.0/curator-client-2.12.0.jar:/root/.m2/repository/org/apache/curator/curator-recipes/2.12.0/curator-recipes-2.12.0.jar:/root/.m2/repository/com/google/code/findbugs/jsr305/3.0.0/jsr305-3.0.0.jar:/root/.m2/repository/org/apache/htrace/htrace-core4/4.1.0-incubating/htrace-core4-4.1.0-incubating.jar:/root/.m2/repository/org/apache/zookeeper/zookeeper/3.4.13/zookeeper-3.4.13.jar:/root/.m2/repository/org/apache/yetus/audience-annotations/0.5.0/audience-annotations-0.5.0.jar:/root/.m2/repository/org/codehaus/woodstox/stax2-api/3.1.4/stax2-api-3.1.4.jar:/root/.m2/repository/com/fasterxml/woodstox/woodstox-core/5.0.3/woodstox-core-5.0.3.jar:/root/.m2/repository/dnsjava/dnsjava/2.1.7/dnsjava-2.1.7.jar:/root/.m2/repository/org/apache/hadoop/hadoop-hdfs/3.2.0/hadoop-hdfs-3.2.0-tests.jar:/root/.m2/repository/org/eclipse/jetty/jetty-util-ajax/9.3.24.v20180605/jetty-util-ajax-9.3.24.v20180605.jar:/root/.m2/repository/commons-daemon/commons-daemon/1.0.13/commons-daemon-1.0.13.jar:/root/.m2/repository/io/netty/netty/3.10.5.Final/netty-3.10.5.Final.jar:/root/.m2/repository/io/netty/netty-all/4.0.52.Final/netty-all-4.0.52.Final.jar:/root/.m2/repository/org/fusesource/leveldbjni/leveldbjni-all/1.8/leveldbjni-all-1.8.jar:"/>
    <property name="java.vm.vendor" value="IcedTea"/>
    <property name="sun.arch.data.model" value="64"/>
    <property name="test.build.dir" value="/opt/src/hadoop-ozone/integration-test/target/test-dir"/>
    <property name="test.cache.data" value=""/>
    <property name="java.vendor.url" value="https://icedtea.classpath.org"/>
    <property name="user.timezone" value=""/>
    <property name="java.vm.specification.version" value="1.8"/>
    <property name="os.name" value="Linux"/>
    <property name="test.build.data" value="/opt/src/hadoop-ozone/integration-test/target/test-dir"/>
    <property name="user.country" value="US"/>
    <property name="sun.java.launcher" value="SUN_STANDARD"/>
    <property name="sun.boot.library.path" value="/usr/lib/jvm/java-1.8-openjdk/jre/lib/amd64"/>
    <property name="sun.java.command" value="/opt/src/hadoop-ozone/integration-test/target/surefire/surefirebooter2149223167547820779.jar /opt/src/hadoop-ozone/integration-test/target/surefire 2019-06-14T10-21-45_262-jvmRun1 surefire5939428585896342020tmp surefire_83280665947228857490tmp"/>
    <property name="surefire.test.class.path" value="/opt/src/hadoop-ozone/integration-test/target/test-classes:/opt/src/hadoop-ozone/integration-test/target/classes:/root/.m2/repository/org/apache/hadoop/hadoop-ozone-common/0.5.0-SNAPSHOT/hadoop-ozone-common-0.5.0-SNAPSHOT.jar:/root/.m2/repository/org/apache/commons/commons-compress/1.4.1/commons-compress-1.4.1.jar:/root/.m2/repository/org/tukaani/xz/1.0/xz-1.0.jar:/root/.m2/repository/org/apache/hadoop/hadoop-common/3.2.0/hadoop-common-3.2.0.jar:/root/.m2/repository/org/apache/hadoop/hadoop-hdfs/3.2.0/hadoop-hdfs-3.2.0.jar:/root/.m2/repository/org/apache/hadoop/hadoop-hdfs-client/3.2.0/hadoop-hdfs-client-3.2.0.jar:/root/.m2/repository/com/fasterxml/jackson/core/jackson-annotations/2.9.5/jackson-annotations-2.9.5.jar:/root/.m2/repository/org/apache/hadoop/hadoop-hdds-common/0.5.0-SNAPSHOT/hadoop-hdds-common-0.5.0-SNAPSHOT.jar:/root/.m2/repository/javax/annotation/javax.annotation-api/1.2/javax.annotation-api-1.2.jar:/root/.m2/repository/org/apache/ratis/ratis-server/0.4.0-fe2b15d-SNAPSHOT/ratis-server-0.4.0-fe2b15d-SNAPSHOT.jar:/root/.m2/repository/org/apache/ratis/ratis-thirdparty-misc/0.2.0/ratis-thirdparty-misc-0.2.0.jar:/root/.m2/repository/org/apache/ratis/ratis-proto/0.4.0-fe2b15d-SNAPSHOT/ratis-proto-0.4.0-fe2b15d-SNAPSHOT.jar:/root/.m2/repository/org/apache/ratis/ratis-common/0.4.0-fe2b15d-SNAPSHOT/ratis-common-0.4.0-fe2b15d-SNAPSHOT.jar:/root/.m2/repository/org/apache/ratis/ratis-client/0.4.0-fe2b15d-SNAPSHOT/ratis-client-0.4.0-fe2b15d-SNAPSHOT.jar:/root/.m2/repository/org/apache/ratis/ratis-netty/0.4.0-fe2b15d-SNAPSHOT/ratis-netty-0.4.0-fe2b15d-SNAPSHOT.jar:/root/.m2/repository/org/apache/ratis/ratis-grpc/0.4.0-fe2b15d-SNAPSHOT/ratis-grpc-0.4.0-fe2b15d-SNAPSHOT.jar:/root/.m2/repository/org/rocksdb/rocksdbjni/5.14.2/rocksdbjni-5.14.2.jar:/root/.m2/repository/org/apache/logging/log4j/log4j-api/2.11.0/log4j-api-2.11.0.jar:/root/.m2/repository/org/apache/logging/log4j/log4j-core/2.11.0/log4j-core-2.11.0.jar:/root/.m2/repository/com/lmax/disruptor/3.4.2/disruptor-3.4.2.jar:/root/.m2/repository/org/apache/commons/commons-pool2/2.6.0/commons-pool2-2.6.0.jar:/root/.m2/repository/org/bouncycastle/bcpkix-jdk15on/1.60/bcpkix-jdk15on-1.60.jar:/root/.m2/repository/commons-validator/commons-validator/1.6/commons-validator-1.6.jar:/root/.m2/repository/commons-digester/commons-digester/1.8.1/commons-digester-1.8.1.jar:/root/.m2/repository/io/jaegertracing/jaeger-client/0.33.1/jaeger-client-0.33.1.jar:/root/.m2/repository/io/jaegertracing/jaeger-thrift/0.33.1/jaeger-thrift-0.33.1.jar:/root/.m2/repository/org/apache/thrift/libthrift/0.11.0/libthrift-0.11.0.jar:/root/.m2/repository/com/squareup/okhttp3/okhttp/3.9.0/okhttp-3.9.0.jar:/root/.m2/repository/com/squareup/okio/okio/1.13.0/okio-1.13.0.jar:/root/.m2/repository/io/jaegertracing/jaeger-core/0.33.1/jaeger-core-0.33.1.jar:/root/.m2/repository/io/jaegertracing/jaeger-tracerresolver/0.33.1/jaeger-tracerresolver-0.33.1.jar:/root/.m2/repository/io/opentracing/contrib/opentracing-tracerresolver/0.1.5/opentracing-tracerresolver-0.1.5.jar:/root/.m2/repository/io/opentracing/opentracing-util/0.31.0/opentracing-util-0.31.0.jar:/root/.m2/repository/io/opentracing/opentracing-api/0.31.0/opentracing-api-0.31.0.jar:/root/.m2/repository/io/opentracing/opentracing-noop/0.31.0/opentracing-noop-0.31.0.jar:/root/.m2/repository/org/apache/hadoop/hadoop-hdds-server-framework/0.5.0-SNAPSHOT/hadoop-hdds-server-framework-0.5.0-SNAPSHOT.jar:/root/.m2/repository/org/apache/hadoop/hadoop-hdds-server-scm/0.5.0-SNAPSHOT/hadoop-hdds-server-scm-0.5.0-SNAPSHOT.jar:/root/.m2/repository/org/apache/hadoop/hadoop-hdds-container-service/0.5.0-SNAPSHOT/hadoop-hdds-container-service-0.5.0-SNAPSHOT.jar:/root/.m2/repository/org/apache/hadoop/hadoop-hdds-client/0.5.0-SNAPSHOT/hadoop-hdds-client-0.5.0-SNAPSHOT.jar:/root/.m2/repository/org/apache/hadoop/hadoop-hdds-tools/0.5.0-SNAPSHOT/hadoop-hdds-tools-0.5.0-SNAPSHOT.jar:/root/.m2/repository/org/apache/hadoop/hadoop-ozone-ozone-manager/0.5.0-SNAPSHOT/hadoop-ozone-ozone-manager-0.5.0-SNAPSHOT.jar:/root/.m2/repository/org/apache/hadoop/hadoop-hdds-docs/0.5.0-SNAPSHOT/hadoop-hdds-docs-0.5.0-SNAPSHOT.jar:/root/.m2/repository/org/bouncycastle/bcprov-jdk15on/1.60/bcprov-jdk15on-1.60.jar:/root/.m2/repository/org/apache/hadoop/hadoop-minikdc/3.2.0/hadoop-minikdc-3.2.0.jar:/root/.m2/repository/commons-io/commons-io/2.5/commons-io-2.5.jar:/root/.m2/repository/org/apache/kerby/kerb-simplekdc/1.0.1/kerb-simplekdc-1.0.1.jar:/root/.m2/repository/org/apache/kerby/kerb-client/1.0.1/kerb-client-1.0.1.jar:/root/.m2/repository/org/apache/kerby/kerby-config/1.0.1/kerby-config-1.0.1.jar:/root/.m2/repository/org/apache/kerby/kerb-core/1.0.1/kerb-core-1.0.1.jar:/root/.m2/repository/org/apache/kerby/kerby-pkix/1.0.1/kerby-pkix-1.0.1.jar:/root/.m2/repository/org/apache/kerby/kerby-asn1/1.0.1/kerby-asn1-1.0.1.jar:/root/.m2/repository/org/apache/kerby/kerby-util/1.0.1/kerby-util-1.0.1.jar:/root/.m2/repository/org/apache/kerby/kerb-common/1.0.1/kerb-common-1.0.1.jar:/root/.m2/repository/org/apache/kerby/kerb-crypto/1.0.1/kerb-crypto-1.0.1.jar:/root/.m2/repository/org/apache/kerby/kerb-util/1.0.1/kerb-util-1.0.1.jar:/root/.m2/repository/org/apache/kerby/token-provider/1.0.1/token-provider-1.0.1.jar:/root/.m2/repository/org/apache/kerby/kerb-admin/1.0.1/kerb-admin-1.0.1.jar:/root/.m2/repository/org/apache/kerby/kerb-server/1.0.1/kerb-server-1.0.1.jar:/root/.m2/repository/org/apache/kerby/kerb-identity/1.0.1/kerb-identity-1.0.1.jar:/root/.m2/repository/org/apache/kerby/kerby-xdr/1.0.1/kerby-xdr-1.0.1.jar:/root/.m2/repository/org/slf4j/slf4j-log4j12/1.7.25/slf4j-log4j12-1.7.25.jar:/root/.m2/repository/org/apache/hadoop/hadoop-ozone-objectstore-service/0.5.0-SNAPSHOT/hadoop-ozone-objectstore-service-0.5.0-SNAPSHOT.jar:/root/.m2/repository/org/apache/hadoop/hadoop-ozone-s3gateway/0.5.0-SNAPSHOT/hadoop-ozone-s3gateway-0.5.0-SNAPSHOT.jar:/root/.m2/repository/org/jboss/weld/servlet/weld-servlet/2.4.7.Final/weld-servlet-2.4.7.Final.jar:/root/.m2/repository/org/glassfish/jersey/containers/jersey-container-servlet-core/2.27/jersey-container-servlet-core-2.27.jar:/root/.m2/repository/org/glassfish/hk2/external/javax.inject/2.5.0-b42/javax.inject-2.5.0-b42.jar:/root/.m2/repository/org/glassfish/jersey/core/jersey-common/2.27/jersey-common-2.27.jar:/root/.m2/repository/org/glassfish/hk2/osgi-resource-locator/1.0.1/osgi-resource-locator-1.0.1.jar:/root/.m2/repository/javax/ws/rs/javax.ws.rs-api/2.1/javax.ws.rs-api-2.1.jar:/root/.m2/repository/org/glassfish/jersey/ext/cdi/jersey-cdi1x/2.27/jersey-cdi1x-2.27.jar:/root/.m2/repository/org/glassfish/jersey/inject/jersey-hk2/2.27/jersey-hk2-2.27.jar:/root/.m2/repository/org/glassfish/hk2/hk2-locator/2.5.0-b42/hk2-locator-2.5.0-b42.jar:/root/.m2/repository/org/javassist/javassist/3.22.0-CR2/javassist-3.22.0-CR2.jar:/root/.m2/repository/org/glassfish/hk2/hk2-api/2.5.0/hk2-api-2.5.0.jar:/root/.m2/repository/org/glassfish/hk2/external/jakarta.inject/2.5.0/jakarta.inject-2.5.0.jar:/root/.m2/repository/org/glassfish/hk2/hk2-utils/2.5.0/hk2-utils-2.5.0.jar:/root/.m2/repository/jakarta/annotation/jakarta.annotation-api/1.3.4/jakarta.annotation-api-1.3.4.jar:/root/.m2/repository/org/glassfish/hk2/external/aopalliance-repackaged/2.5.0/aopalliance-repackaged-2.5.0.jar:/root/.m2/repository/com/fasterxml/jackson/dataformat/jackson-dataformat-xml/2.9.0/jackson-dataformat-xml-2.9.0.jar:/root/.m2/repository/com/fasterxml/jackson/core/jackson-core/2.9.5/jackson-core-2.9.5.jar:/root/.m2/repository/com/fasterxml/jackson/module/jackson-module-jaxb-annotations/2.9.5/jackson-module-jaxb-annotations-2.9.5.jar:/root/.m2/repository/javax/enterprise/cdi-api/1.2/cdi-api-1.2.jar:/root/.m2/repository/javax/el/javax.el-api/3.0.0/javax.el-api-3.0.0.jar:/root/.m2/repository/javax/interceptor/javax.interceptor-api/1.2/javax.interceptor-api-1.2.jar:/root/.m2/repository/javax/inject/javax.inject/1/javax.inject-1.jar:/root/.m2/repository/com/sun/xml/bind/jaxb-impl/2.3.0.1/jaxb-impl-2.3.0.1.jar:/root/.m2/repository/com/sun/xml/bind/jaxb-core/2.3.0.1/jaxb-core-2.3.0.1.jar:/root/.m2/repository/javax/xml/bind/jaxb-api/2.3.0/jaxb-api-2.3.0.jar:/root/.m2/repository/javax/activation/activation/1.1.1/activation-1.1.1.jar:/root/.m2/repository/org/apache/hadoop/hadoop-ozone-csi/0.5.0-SNAPSHOT/hadoop-ozone-csi-0.5.0-SNAPSHOT.jar:/root/.m2/repository/com/google/protobuf/protobuf-java-util/3.5.1/protobuf-java-util-3.5.1.jar:/root/.m2/repository/org/apache/hadoop/hadoop-hdds-config/0.5.0-SNAPSHOT/hadoop-hdds-config-0.5.0-SNAPSHOT.jar:/root/.m2/repository/com/google/guava/guava/11.0.2/guava-11.0.2.jar:/root/.m2/repository/com/google/protobuf/protobuf-java/2.5.0/protobuf-java-2.5.0.jar:/root/.m2/repository/io/grpc/grpc-netty/1.17.1/grpc-netty-1.17.1.jar:/root/.m2/repository/io/grpc/grpc-core/1.17.1/grpc-core-1.17.1.jar:/root/.m2/repository/io/grpc/grpc-context/1.17.1/grpc-context-1.17.1.jar:/root/.m2/repository/com/google/errorprone/error_prone_annotations/2.2.0/error_prone_annotations-2.2.0.jar:/root/.m2/repository/org/codehaus/mojo/animal-sniffer-annotations/1.17/animal-sniffer-annotations-1.17.jar:/root/.m2/repository/io/opencensus/opencensus-api/0.17.0/opencensus-api-0.17.0.jar:/root/.m2/repository/io/opencensus/opencensus-contrib-grpc-metrics/0.17.0/opencensus-contrib-grpc-metrics-0.17.0.jar:/root/.m2/repository/io/netty/netty-codec-http2/4.1.30.Final/netty-codec-http2-4.1.30.Final.jar:/root/.m2/repository/io/netty/netty-codec-http/4.1.30.Final/netty-codec-http-4.1.30.Final.jar:/root/.m2/repository/io/netty/netty-codec/4.1.30.Final/netty-codec-4.1.30.Final.jar:/root/.m2/repository/io/netty/netty-handler/4.1.30.Final/netty-handler-4.1.30.Final.jar:/root/.m2/repository/io/netty/netty-handler-proxy/4.1.30.Final/netty-handler-proxy-4.1.30.Final.jar:/root/.m2/repository/io/netty/netty-codec-socks/4.1.30.Final/netty-codec-socks-4.1.30.Final.jar:/root/.m2/repository/io/netty/netty-transport-native-epoll/4.1.30.Final/netty-transport-native-epoll-4.1.30.Final.jar:/root/.m2/repository/io/netty/netty-common/4.1.30.Final/netty-common-4.1.30.Final.jar:/root/.m2/repository/io/netty/netty-buffer/4.1.30.Final/netty-buffer-4.1.30.Final.jar:/root/.m2/repository/io/netty/netty-transport/4.1.30.Final/netty-transport-4.1.30.Final.jar:/root/.m2/repository/io/netty/netty-resolver/4.1.30.Final/netty-resolver-4.1.30.Final.jar:/root/.m2/repository/io/netty/netty-transport-native-unix-common/4.1.30.Final/netty-transport-native-unix-common-4.1.30.Final.jar:/root/.m2/repository/io/grpc/grpc-protobuf/1.17.1/grpc-protobuf-1.17.1.jar:/root/.m2/repository/com/google/api/grpc/proto-google-common-protos/1.0.0/proto-google-common-protos-1.0.0.jar:/root/.m2/repository/io/grpc/grpc-protobuf-lite/1.17.1/grpc-protobuf-lite-1.17.1.jar:/root/.m2/repository/io/grpc/grpc-stub/1.17.1/grpc-stub-1.17.1.jar:/root/.m2/repository/org/apache/hadoop/hadoop-ozone-recon/0.5.0-SNAPSHOT/hadoop-ozone-recon-0.5.0-SNAPSHOT.jar:/root/.m2/repository/org/apache/hadoop/hadoop-ozone-reconcodegen/0.5.0-SNAPSHOT/hadoop-ozone-reconcodegen-0.5.0-SNAPSHOT.jar:/root/.m2/repository/com/google/inject/extensions/guice-multibindings/4.0/guice-multibindings-4.0.jar:/root/.m2/repository/com/google/inject/guice/4.0/guice-4.0.jar:/root/.m2/repository/aopalliance/aopalliance/1.0/aopalliance-1.0.jar:/root/.m2/repository/com/google/inject/extensions/guice-servlet/4.0/guice-servlet-4.0.jar:/root/.m2/repository/org/glassfish/jersey/containers/jersey-container-servlet/2.27/jersey-container-servlet-2.27.jar:/root/.m2/repository/org/glassfish/hk2/guice-bridge/2.5.0/guice-bridge-2.5.0.jar:/root/.m2/repository/org/glassfish/jersey/core/jersey-server/2.27/jersey-server-2.27.jar:/root/.m2/repository/org/glassfish/jersey/core/jersey-client/2.27/jersey-client-2.27.jar:/root/.m2/repository/org/glassfish/jersey/media/jersey-media-jaxb/2.27/jersey-media-jaxb-2.27.jar:/root/.m2/repository/javax/validation/validation-api/1.1.0.Final/validation-api-1.1.0.Final.jar:/root/.m2/repository/org/glassfish/jersey/media/jersey-media-json-jackson/2.27/jersey-media-json-jackson-2.27.jar:/root/.m2/repository/org/glassfish/jersey/ext/jersey-entity-filtering/2.27/jersey-entity-filtering-2.27.jar:/root/.m2/repository/com/google/inject/extensions/guice-assistedinject/4.0/guice-assistedinject-4.0.jar:/root/.m2/repository/org/jooq/jooq/3.11.10/jooq-3.11.10.jar:/root/.m2/repository/org/jooq/jooq-meta/3.11.10/jooq-meta-3.11.10.jar:/root/.m2/repository/org/jooq/jooq-codegen/3.11.10/jooq-codegen-3.11.10.jar:/root/.m2/repository/com/jolbox/bonecp/0.8.0.RELEASE/bonecp-0.8.0.RELEASE.jar:/root/.m2/repository/org/xerial/sqlite-jdbc/3.25.2/sqlite-jdbc-3.25.2.jar:/root/.m2/repository/org/springframework/spring-jdbc/5.1.3.RELEASE/spring-jdbc-5.1.3.RELEASE.jar:/root/.m2/repository/org/springframework/spring-beans/5.1.3.RELEASE/spring-beans-5.1.3.RELEASE.jar:/root/.m2/repository/org/springframework/spring-core/5.1.3.RELEASE/spring-core-5.1.3.RELEASE.jar:/root/.m2/repository/org/springframework/spring-jcl/5.1.3.RELEASE/spring-jcl-5.1.3.RELEASE.jar:/root/.m2/repository/org/springframework/spring-tx/5.1.3.RELEASE/spring-tx-5.1.3.RELEASE.jar:/root/.m2/repository/org/apache/hadoop/hadoop-ozone-client/0.5.0-SNAPSHOT/hadoop-ozone-client-0.5.0-SNAPSHOT.jar:/root/.m2/repository/org/apache/hadoop/hadoop-ozone-ozone-manager/0.5.0-SNAPSHOT/hadoop-ozone-ozone-manager-0.5.0-SNAPSHOT-tests.jar:/root/.m2/repository/junit/junit/4.11/junit-4.11.jar:/root/.m2/repository/org/hamcrest/hamcrest-core/1.3/hamcrest-core-1.3.jar:/root/.m2/repository/org/openjdk/jmh/jmh-core/1.19/jmh-core-1.19.jar:/root/.m2/repository/net/sf/jopt-simple/jopt-simple/4.6/jopt-simple-4.6.jar:/root/.m2/repository/org/apache/commons/commons-math3/3.1.1/commons-math3-3.1.1.jar:/root/.m2/repository/org/openjdk/jmh/jmh-generator-annprocess/1.19/jmh-generator-annprocess-1.19.jar:/root/.m2/repository/org/mockito/mockito-all/1.8.5/mockito-all-1.8.5.jar:/root/.m2/repository/org/apache/hadoop/hadoop-kms/3.2.0/hadoop-kms-3.2.0.jar:/root/.m2/repository/org/apache/hadoop/hadoop-auth/3.2.0/hadoop-auth-3.2.0.jar:/root/.m2/repository/com/nimbusds/nimbus-jose-jwt/4.41.1/nimbus-jose-jwt-4.41.1.jar:/root/.m2/repository/com/github/stephenc/jcip/jcip-annotations/1.0-1/jcip-annotations-1.0-1.jar:/root/.m2/repository/net/minidev/json-smart/2.3/json-smart-2.3.jar:/root/.m2/repository/net/minidev/accessors-smart/1.2/accessors-smart-1.2.jar:/root/.m2/repository/org/ow2/asm/asm/5.0.4/asm-5.0.4.jar:/root/.m2/repository/org/apache/curator/curator-framework/2.12.0/curator-framework-2.12.0.jar:/root/.m2/repository/com/sun/jersey/jersey-core/1.19/jersey-core-1.19.jar:/root/.m2/repository/javax/ws/rs/jsr311-api/1.1.1/jsr311-api-1.1.1.jar:/root/.m2/repository/com/sun/jersey/jersey-server/1.19/jersey-server-1.19.jar:/root/.m2/repository/javax/servlet/javax.servlet-api/3.1.0/javax.servlet-api-3.1.0.jar:/root/.m2/repository/org/eclipse/jetty/jetty-server/9.3.24.v20180605/jetty-server-9.3.24.v20180605.jar:/root/.m2/repository/org/eclipse/jetty/jetty-http/9.3.24.v20180605/jetty-http-9.3.24.v20180605.jar:/root/.m2/repository/org/eclipse/jetty/jetty-io/9.3.24.v20180605/jetty-io-9.3.24.v20180605.jar:/root/.m2/repository/org/eclipse/jetty/jetty-webapp/9.3.24.v20180605/jetty-webapp-9.3.24.v20180605.jar:/root/.m2/repository/org/eclipse/jetty/jetty-xml/9.3.24.v20180605/jetty-xml-9.3.24.v20180605.jar:/root/.m2/repository/log4j/log4j/1.2.17/log4j-1.2.17.jar:/root/.m2/repository/org/slf4j/slf4j-api/1.7.25/slf4j-api-1.7.25.jar:/root/.m2/repository/org/slf4j/jul-to-slf4j/1.7.25/jul-to-slf4j-1.7.25.jar:/root/.m2/repository/org/eclipse/jetty/jetty-util/9.3.24.v20180605/jetty-util-9.3.24.v20180605.jar:/root/.m2/repository/io/dropwizard/metrics/metrics-core/3.2.4/metrics-core-3.2.4.jar:/root/.m2/repository/com/fasterxml/jackson/core/jackson-databind/2.9.5/jackson-databind-2.9.5.jar:/root/.m2/repository/org/apache/hadoop/hadoop-kms/3.2.0/hadoop-kms-3.2.0-tests.jar:/root/.m2/repository/org/apache/hadoop/hadoop-hdds-server-scm/0.5.0-SNAPSHOT/hadoop-hdds-server-scm-0.5.0-SNAPSHOT-tests.jar:/root/.m2/repository/org/hamcrest/hamcrest-all/1.3/hamcrest-all-1.3.jar:/root/.m2/repository/info/picocli/picocli/3.9.6/picocli-3.9.6.jar:/root/.m2/repository/org/apache/hadoop/hadoop-hdds-container-service/0.5.0-SNAPSHOT/hadoop-hdds-container-service-0.5.0-SNAPSHOT-tests.jar:/root/.m2/repository/org/yaml/snakeyaml/1.16/snakeyaml-1.16.jar:/root/.m2/repository/org/apache/hadoop/hadoop-common/3.2.0/hadoop-common-3.2.0-tests.jar:/root/.m2/repository/org/apache/hadoop/hadoop-annotations/3.2.0/hadoop-annotations-3.2.0.jar:/usr/lib/jvm/java-1.8-openjdk/jre/../lib/tools.jar:/root/.m2/repository/commons-cli/commons-cli/1.2/commons-cli-1.2.jar:/root/.m2/repository/org/apache/httpcomponents/httpclient/4.5.2/httpclient-4.5.2.jar:/root/.m2/repository/org/apache/httpcomponents/httpcore/4.4.4/httpcore-4.4.4.jar:/root/.m2/repository/commons-codec/commons-codec/1.11/commons-codec-1.11.jar:/root/.m2/repository/commons-net/commons-net/3.6/commons-net-3.6.jar:/root/.m2/repository/commons-collections/commons-collections/3.2.2/commons-collections-3.2.2.jar:/root/.m2/repository/org/eclipse/jetty/jetty-servlet/9.3.24.v20180605/jetty-servlet-9.3.24.v20180605.jar:/root/.m2/repository/org/eclipse/jetty/jetty-security/9.3.24.v20180605/jetty-security-9.3.24.v20180605.jar:/root/.m2/repository/javax/servlet/jsp/jsp-api/2.1/jsp-api-2.1.jar:/root/.m2/repository/com/sun/jersey/jersey-servlet/1.19/jersey-servlet-1.19.jar:/root/.m2/repository/com/sun/jersey/jersey-json/1.19/jersey-json-1.19.jar:/root/.m2/repository/org/codehaus/jettison/jettison/1.1/jettison-1.1.jar:/root/.m2/repository/org/codehaus/jackson/jackson-core-asl/1.9.13/jackson-core-asl-1.9.13.jar:/root/.m2/repository/org/codehaus/jackson/jackson-mapper-asl/1.9.13/jackson-mapper-asl-1.9.13.jar:/root/.m2/repository/org/codehaus/jackson/jackson-jaxrs/1.9.13/jackson-jaxrs-1.9.13.jar:/root/.m2/repository/org/codehaus/jackson/jackson-xc/1.9.13/jackson-xc-1.9.13.jar:/root/.m2/repository/commons-logging/commons-logging/1.1.3/commons-logging-1.1.3.jar:/root/.m2/repository/commons-beanutils/commons-beanutils/1.9.3/commons-beanutils-1.9.3.jar:/root/.m2/repository/org/apache/commons/commons-configuration2/2.1.1/commons-configuration2-2.1.1.jar:/root/.m2/repository/org/apache/commons/commons-lang3/3.7/commons-lang3-3.7.jar:/root/.m2/repository/org/apache/commons/commons-text/1.4/commons-text-1.4.jar:/root/.m2/repository/org/apache/avro/avro/1.7.7/avro-1.7.7.jar:/root/.m2/repository/com/thoughtworks/paranamer/paranamer/2.3/paranamer-2.3.jar:/root/.m2/repository/org/xerial/snappy/snappy-java/1.0.5/snappy-java-1.0.5.jar:/root/.m2/repository/com/google/re2j/re2j/1.1/re2j-1.1.jar:/root/.m2/repository/com/google/code/gson/gson/2.2.4/gson-2.2.4.jar:/root/.m2/repository/com/jcraft/jsch/0.1.54/jsch-0.1.54.jar:/root/.m2/repository/org/apache/curator/curator-client/2.12.0/curator-client-2.12.0.jar:/root/.m2/repository/org/apache/curator/curator-recipes/2.12.0/curator-recipes-2.12.0.jar:/root/.m2/repository/com/google/code/findbugs/jsr305/3.0.0/jsr305-3.0.0.jar:/root/.m2/repository/org/apache/htrace/htrace-core4/4.1.0-incubating/htrace-core4-4.1.0-incubating.jar:/root/.m2/repository/org/apache/zookeeper/zookeeper/3.4.13/zookeeper-3.4.13.jar:/root/.m2/repository/org/apache/yetus/audience-annotations/0.5.0/audience-annotations-0.5.0.jar:/root/.m2/repository/org/codehaus/woodstox/stax2-api/3.1.4/stax2-api-3.1.4.jar:/root/.m2/repository/com/fasterxml/woodstox/woodstox-core/5.0.3/woodstox-core-5.0.3.jar:/root/.m2/repository/dnsjava/dnsjava/2.1.7/dnsjava-2.1.7.jar:/root/.m2/repository/org/apache/hadoop/hadoop-hdfs/3.2.0/hadoop-hdfs-3.2.0-tests.jar:/root/.m2/repository/org/eclipse/jetty/jetty-util-ajax/9.3.24.v20180605/jetty-util-ajax-9.3.24.v20180605.jar:/root/.m2/repository/commons-daemon/commons-daemon/1.0.13/commons-daemon-1.0.13.jar:/root/.m2/repository/io/netty/netty/3.10.5.Final/netty-3.10.5.Final.jar:/root/.m2/repository/io/netty/netty-all/4.0.52.Final/netty-all-4.0.52.Final.jar:/root/.m2/repository/org/fusesource/leveldbjni/leveldbjni-all/1.8/leveldbjni-all-1.8.jar:"/>
    <property name="sun.cpu.endian" value="little"/>
    <property name="user.home" value="/root"/>
    <property name="user.language" value="en"/>
    <property name="java.specification.vendor" value="Oracle Corporation"/>
    <property name="java.home" value="/usr/lib/jvm/java-1.8-openjdk/jre"/>
    <property name="java.security.krb5.conf" value="/opt/src/hadoop-ozone/integration-test/target/test-classes/krb5.conf"/>
    <property name="basedir" value="/opt/src/hadoop-ozone/integration-test"/>
    <property name="file.separator" value="/"/>
    <property name="line.separator" value="&#10;"/>
    <property name="java.vm.specification.vendor" value="Oracle Corporation"/>
    <property name="java.specification.name" value="Java Platform API Specification"/>
    <property name="java.awt.graphicsenv" value="sun.awt.X11GraphicsEnvironment"/>
    <property name="surefire.real.class.path" value="/opt/src/hadoop-ozone/integration-test/target/surefire/surefirebooter2149223167547820779.jar"/>
    <property name="hadoop.log.dir" value="/opt/src/hadoop-ozone/integration-test/target/log"/>
    <property name="sun.boot.class.path" value="/usr/lib/jvm/java-1.8-openjdk/jre/lib/resources.jar:/usr/lib/jvm/java-1.8-openjdk/jre/lib/rt.jar:/usr/lib/jvm/java-1.8-openjdk/jre/lib/sunrsasign.jar:/usr/lib/jvm/java-1.8-openjdk/jre/lib/jsse.jar:/usr/lib/jvm/java-1.8-openjdk/jre/lib/jce.jar:/usr/lib/jvm/java-1.8-openjdk/jre/lib/charsets.jar:/usr/lib/jvm/java-1.8-openjdk/jre/lib/jfr.jar:/usr/lib/jvm/java-1.8-openjdk/jre/classes"/>
    <property name="sun.management.compiler" value="HotSpot 64-Bit Tiered Compilers"/>
    <property name="java.runtime.version" value="1.8.0_212-b04"/>
    <property name="java.net.preferIPv4Stack" value="true"/>
    <property name="user.name" value="root"/>
    <property name="path.separator" value=":"/>
    <property name="java.security.egd" value="file:///dev/urandom"/>
    <property name="os.version" value="4.15.0-1021-aws"/>
    <property name="java.endorsed.dirs" value="/usr/lib/jvm/java-1.8-openjdk/jre/lib/endorsed"/>
    <property name="java.runtime.name" value="OpenJDK Runtime Environment"/>
    <property name="file.encoding" value="UTF-8"/>
    <property name="java.vm.name" value="OpenJDK 64-Bit Server VM"/>
    <property name="test.build.webapps" value=""/>
    <property name="localRepository" value="/root/.m2/repository"/>
    <property name="java.vendor.url.bug" value="https://icedtea.classpath.org/bugzilla"/>
    <property name="java.io.tmpdir" value="/tmp"/>
    <property name="require.test.libhadoop" value=""/>
    <property name="java.version" value="1.8.0_212"/>
    <property name="user.dir" value="/opt/src/hadoop-ozone/integration-test"/>
    <property name="os.arch" value="amd64"/>
    <property name="java.vm.specification.name" value="Java Virtual Machine Specification"/>
    <property name="test.build.classes" value="/opt/src/hadoop-ozone/integration-test/target/test-classes"/>
    <property name="java.awt.printerjob" value="sun.print.PSPrinterJob"/>
    <property name="sun.os.patch.level" value="unknown"/>
    <property name="hadoop.tmp.dir" value="/opt/src/hadoop-ozone/integration-test/target/tmp"/>
    <property name="java.library.path" value="/usr/lib/jvm/java-1.8-openjdk/jre/lib/amd64/server:/usr/lib/jvm/java-1.8-openjdk/jre/lib/amd64:/usr/lib/jvm/java-1.8-openjdk/jre/../lib/amd64:/opt/src/hadoop-ozone/integration-test/target/native/target/usr/local/lib:/opt/src/hadoop-ozone/integration-test/../../hadoop-common-project/hadoop-common/target/native/target/usr/local/lib:/usr/java/packages/lib/amd64:/usr/lib64:/lib64:/lib:/usr/lib"/>
    <property name="java.vm.info" value="mixed mode"/>
    <property name="java.vendor" value="IcedTea"/>
    <property name="java.vm.version" value="25.212-b04"/>
    <property name="java.ext.dirs" value="/usr/lib/jvm/java-1.8-openjdk/jre/lib/ext:/usr/java/packages/lib/ext"/>
    <property name="sun.io.unicode.encoding" value="UnicodeLittle"/>
    <property name="java.class.version" value="52.0"/>
  </properties>
  <testcase name="testPipelineFail" classname="org.apache.hadoop.hdds.scm.pipeline.TestNodeFailure" time="0">
    <skipped/>
    <system-out><![CDATA[2019-06-14 10:25:36,593 WARN  server.ServerUtils (ServerUtils.java:getScmDbDir(145)) - ozone.scm.db.dirs is not configured. We recommend adding this setting. Falling back to ozone.metadata.dirs instead.
2019-06-14 10:25:36,680 WARN  server.ServerUtils (ServerUtils.java:getScmDbDir(145)) - ozone.scm.db.dirs is not configured. We recommend adding this setting. Falling back to ozone.metadata.dirs instead.
2019-06-14 10:25:36,683 WARN  server.ServerUtils (ServerUtils.java:getScmDbDir(145)) - ozone.scm.db.dirs is not configured. We recommend adding this setting. Falling back to ozone.metadata.dirs instead.
2019-06-14 10:25:36,700 INFO  util.log (Log.java:initialized(192)) - Logging initialized @738ms
2019-06-14 10:25:36,788 INFO  db.DBStoreBuilder (DBStoreBuilder.java:addTable(110)) - using custom profile for table: deletedBlocks
2019-06-14 10:25:36,789 INFO  db.DBStoreBuilder (DBStoreBuilder.java:processTables(161)) - Using default column profile:DBProfile.DISK for Table:deletedBlocks
2019-06-14 10:25:36,789 INFO  db.DBStoreBuilder (DBStoreBuilder.java:addTable(110)) - using custom profile for table: validCerts
2019-06-14 10:25:36,789 INFO  db.DBStoreBuilder (DBStoreBuilder.java:processTables(161)) - Using default column profile:DBProfile.DISK for Table:validCerts
2019-06-14 10:25:36,790 INFO  db.DBStoreBuilder (DBStoreBuilder.java:addTable(110)) - using custom profile for table: revokedCerts
2019-06-14 10:25:36,790 INFO  db.DBStoreBuilder (DBStoreBuilder.java:processTables(161)) - Using default column profile:DBProfile.DISK for Table:revokedCerts
2019-06-14 10:25:36,803 INFO  db.DBStoreBuilder (DBStoreBuilder.java:addTable(110)) - using custom profile for table: default
2019-06-14 10:25:36,803 INFO  db.DBStoreBuilder (DBStoreBuilder.java:processTables(167)) - Using default column profile:DBProfile.DISK for Table:default
2019-06-14 10:25:36,805 INFO  db.DBStoreBuilder (DBStoreBuilder.java:getDbProfile(198)) - Using default options. DBProfile.DISK
2019-06-14 10:25:36,874 INFO  node.SCMNodeManager (SCMNodeManager.java:<init>(108)) - Entering startup safe mode.
2019-06-14 10:25:36,934 INFO  net.NodeSchemaLoader (NodeSchemaLoader.java:loadSchemaFromFile(125)) - Loading file from sun.misc.CompoundEnumeration@443118b0
2019-06-14 10:25:36,935 INFO  net.NodeSchemaLoader (NodeSchemaLoader.java:loadSchema(171)) - Loading network topology layer schema file
2019-06-14 10:25:36,986 WARN  server.ServerUtils (ServerUtils.java:getScmDbDir(145)) - ozone.scm.db.dirs is not configured. We recommend adding this setting. Falling back to ozone.metadata.dirs instead.
2019-06-14 10:25:37,005 INFO  pipeline.SCMPipelineManager (SCMPipelineManager.java:initializePipelineState(126)) - No pipeline exists in current db
2019-06-14 10:25:37,006 WARN  server.ServerUtils (ServerUtils.java:getScmDbDir(145)) - ozone.scm.db.dirs is not configured. We recommend adding this setting. Falling back to ozone.metadata.dirs instead.
2019-06-14 10:25:37,058 WARN  events.EventQueue (EventQueue.java:fireEvent(175)) - No event handler registered for event TypedEvent{payloadType=SafeModeStatus, name='SafeModeStatus'}
2019-06-14 10:25:37,367 INFO  ipc.CallQueueManager (CallQueueManager.java:<init>(84)) - Using callQueue: class java.util.concurrent.LinkedBlockingQueue, queueCapacity: 2000, scheduler: class org.apache.hadoop.ipc.DefaultRpcScheduler, ipcBackoff: false.
2019-06-14 10:25:37,391 INFO  ipc.Server (Server.java:run(1074)) - Starting Socket Reader #1 for port 46505
2019-06-14 10:25:37,414 INFO  ipc.CallQueueManager (CallQueueManager.java:<init>(84)) - Using callQueue: class java.util.concurrent.LinkedBlockingQueue, queueCapacity: 2000, scheduler: class org.apache.hadoop.ipc.DefaultRpcScheduler, ipcBackoff: false.
2019-06-14 10:25:37,414 INFO  ipc.Server (Server.java:run(1074)) - Starting Socket Reader #1 for port 43277
2019-06-14 10:25:37,422 INFO  ipc.CallQueueManager (CallQueueManager.java:<init>(84)) - Using callQueue: class java.util.concurrent.LinkedBlockingQueue, queueCapacity: 2000, scheduler: class org.apache.hadoop.ipc.DefaultRpcScheduler, ipcBackoff: false.
2019-06-14 10:25:37,447 INFO  ipc.Server (Server.java:run(1074)) - Starting Socket Reader #1 for port 38293
2019-06-14 10:25:37,464 INFO  hdfs.DFSUtil (DFSUtil.java:httpServerTemplateForNNAndJN(1641)) - Starting Web-server for scm at: http://0.0.0.0:0
2019-06-14 10:25:37,598 INFO  server.AuthenticationFilter (AuthenticationFilter.java:constructSecretProvider(240)) - Unable to initialize FileSignerSecretProvider, falling back to use random secrets.
2019-06-14 10:25:37,605 WARN  http.HttpRequestLog (HttpRequestLog.java:getRequestLog(97)) - Jetty request log can only be enabled using Log4j
2019-06-14 10:25:37,613 INFO  http.HttpServer2 (HttpServer2.java:addGlobalFilter(975)) - Added global filter 'safety' (class=org.apache.hadoop.http.HttpServer2$QuotingInputFilter)
2019-06-14 10:25:37,615 INFO  http.HttpServer2 (HttpServer2.java:addFilter(948)) - Added filter static_user_filter (class=org.apache.hadoop.http.lib.StaticUserWebFilter$StaticUserFilter) to context scm
2019-06-14 10:25:37,615 INFO  http.HttpServer2 (HttpServer2.java:addFilter(958)) - Added filter static_user_filter (class=org.apache.hadoop.http.lib.StaticUserWebFilter$StaticUserFilter) to context logs
2019-06-14 10:25:37,616 INFO  http.HttpServer2 (HttpServer2.java:addFilter(958)) - Added filter static_user_filter (class=org.apache.hadoop.http.lib.StaticUserWebFilter$StaticUserFilter) to context static
2019-06-14 10:25:37,640 INFO  server.StorageContainerManager (StorageContainerManager.java:start(752)) - StorageContainerLocationProtocol RPC server is listening at /0.0.0.0:38293
2019-06-14 10:25:37,691 WARN  impl.MetricsConfig (MetricsConfig.java:loadFirst(134)) - Cannot locate configuration: tried hadoop-metrics2-storagecontainermanager.properties,hadoop-metrics2.properties
2019-06-14 10:25:37,702 INFO  impl.MetricsSystemImpl (MetricsSystemImpl.java:startTimer(374)) - Scheduled Metric snapshot period at 10 second(s).
2019-06-14 10:25:37,702 INFO  impl.MetricsSystemImpl (MetricsSystemImpl.java:start(191)) - StorageContainerManager metrics system started
2019-06-14 10:25:37,897 INFO  server.SCMClientProtocolServer (SCMClientProtocolServer.java:start(149)) - RPC server for Client  is listening at /0.0.0.0:38293
2019-06-14 10:25:37,898 INFO  ipc.Server (Server.java:run(1314)) - IPC Server Responder: starting
2019-06-14 10:25:37,898 INFO  ipc.Server (Server.java:run(1153)) - IPC Server listener on 38293: starting
2019-06-14 10:25:37,900 INFO  server.StorageContainerManager (StorageContainerManager.java:start(761)) - ScmBlockLocationProtocol RPC server is listening at /0.0.0.0:43277
2019-06-14 10:25:37,900 INFO  server.SCMBlockProtocolServer (SCMBlockProtocolServer.java:start(137)) - RPC server for Block Protocol is listening at /0.0.0.0:43277
2019-06-14 10:25:37,901 INFO  ipc.Server (Server.java:run(1314)) - IPC Server Responder: starting
2019-06-14 10:25:37,901 INFO  ipc.Server (Server.java:run(1153)) - IPC Server listener on 43277: starting
2019-06-14 10:25:37,903 INFO  server.StorageContainerManager (StorageContainerManager.java:start(765)) - ScmDatanodeProtocl RPC server is listening at /0.0.0.0:46505
2019-06-14 10:25:37,903 INFO  server.SCMDatanodeProtocolServer (SCMDatanodeProtocolServer.java:start(191)) - RPC server for DataNodes is listening at /0.0.0.0:46505
2019-06-14 10:25:37,903 INFO  ipc.Server (Server.java:run(1314)) - IPC Server Responder: starting
2019-06-14 10:25:37,903 INFO  ipc.Server (Server.java:run(1153)) - IPC Server listener on 46505: starting
2019-06-14 10:25:37,906 INFO  http.HttpServer2 (HttpServer2.java:bindListener(1191)) - Jetty bound to port 35979
2019-06-14 10:25:37,907 INFO  server.Server (Server.java:doStart(351)) - jetty-9.3.24.v20180605, build timestamp: 2018-06-05T17:11:56Z, git hash: 84205aa28f11a4f31f2a3b86d1bba2cc8ab69827
2019-06-14 10:25:37,935 INFO  handler.ContextHandler (ContextHandler.java:doStart(781)) - Started o.e.j.s.ServletContextHandler@2df6226d{/logs,file:///opt/src/hadoop-ozone/integration-test/target/log,AVAILABLE}
2019-06-14 10:25:37,936 INFO  handler.ContextHandler (ContextHandler.java:doStart(781)) - Started o.e.j.s.ServletContextHandler@4ff4357f{/static,file:///opt/src/hadoop-ozone/integration-test/target/test-classes/webapps/static,AVAILABLE}
2019-06-14 10:25:37,959 INFO  handler.ContextHandler (ContextHandler.java:doStart(781)) - Started o.e.j.w.WebAppContext@34645867{/,file:///opt/src/hadoop-ozone/integration-test/target/test-classes/webapps/scm/,AVAILABLE}{/scm}
2019-06-14 10:25:37,964 INFO  server.AbstractConnector (AbstractConnector.java:doStart(278)) - Started ServerConnector@66629f63{HTTP/1.1,[http/1.1]}{0.0.0.0:35979}
2019-06-14 10:25:37,964 INFO  server.Server (Server.java:doStart(419)) - Started @2002ms
2019-06-14 10:25:37,965 INFO  server.BaseHttpServer (BaseHttpServer.java:updateConnectorAddress(207)) - HTTP server of SCM is listening at http://0.0.0.0:35979
2019-06-14 10:25:37,974 INFO  util.JvmPauseMonitor (JvmPauseMonitor.java:run(188)) - Starting JVM pause monitor
2019-06-14 10:25:37,978 WARN  scm.ScmUtils (ScmUtils.java:getDBPath(63)) - ozone.om.db.dirs is not configured. We recommend adding this setting. Falling back to ozone.metadata.dirs instead.
2019-06-14 10:25:38,061 WARN  scm.ScmUtils (ScmUtils.java:getDBPath(63)) - ozone.om.db.dirs is not configured. We recommend adding this setting. Falling back to ozone.metadata.dirs instead.
2019-06-14 10:25:38,062 INFO  om.OzoneManager (OzoneManager.java:setOMNodeDetails(519)) - OM Service ID is not set. Setting it to the default ID: omServiceIdDefault
2019-06-14 10:25:38,062 INFO  om.OzoneManager (OzoneManager.java:setOMNodeDetails(525)) - OM Node ID is not set. Setting it to the OmStorage's OmID: 95b4a747-0630-4d9f-890c-16fe41895091
2019-06-14 10:25:38,063 WARN  scm.HddsServerUtil (HddsServerUtil.java:getDefaultRatisDirectory(354)) - Storage directory for Ratis is not configured. It is a good idea to map this to an SSD disk. Falling back to ozone.metadata.dirs
2019-06-14 10:25:38,063 WARN  scm.HddsServerUtil (HddsServerUtil.java:getDefaultRatisDirectory(354)) - Storage directory for Ratis is not configured. It is a good idea to map this to an SSD disk. Falling back to ozone.metadata.dirs
2019-06-14 10:25:38,064 INFO  om.OzoneManager (OzoneManager.java:loadOMHAConfigs(476)) - Found matching OM address with OMServiceId: null, OMNodeId: null, RPC Address: localhost:0 and Ratis port: 9872
2019-06-14 10:25:38,245 WARN  scm.ScmUtils (ScmUtils.java:getDBPath(63)) - ozone.om.db.dirs is not configured. We recommend adding this setting. Falling back to ozone.metadata.dirs instead.
2019-06-14 10:25:38,252 INFO  db.DBStoreBuilder (DBStoreBuilder.java:addTable(110)) - using custom profile for table: userTable
2019-06-14 10:25:38,252 INFO  db.DBStoreBuilder (DBStoreBuilder.java:processTables(161)) - Using default column profile:DBProfile.DISK for Table:userTable
2019-06-14 10:25:38,252 INFO  db.DBStoreBuilder (DBStoreBuilder.java:addTable(110)) - using custom profile for table: volumeTable
2019-06-14 10:25:38,252 INFO  db.DBStoreBuilder (DBStoreBuilder.java:processTables(161)) - Using default column profile:DBProfile.DISK for Table:volumeTable
2019-06-14 10:25:38,253 INFO  db.DBStoreBuilder (DBStoreBuilder.java:addTable(110)) - using custom profile for table: bucketTable
2019-06-14 10:25:38,253 INFO  db.DBStoreBuilder (DBStoreBuilder.java:processTables(161)) - Using default column profile:DBProfile.DISK for Table:bucketTable
2019-06-14 10:25:38,253 INFO  db.DBStoreBuilder (DBStoreBuilder.java:addTable(110)) - using custom profile for table: keyTable
2019-06-14 10:25:38,253 INFO  db.DBStoreBuilder (DBStoreBuilder.java:processTables(161)) - Using default column profile:DBProfile.DISK for Table:keyTable
2019-06-14 10:25:38,254 INFO  db.DBStoreBuilder (DBStoreBuilder.java:addTable(110)) - using custom profile for table: deletedTable
2019-06-14 10:25:38,254 INFO  db.DBStoreBuilder (DBStoreBuilder.java:processTables(161)) - Using default column profile:DBProfile.DISK for Table:deletedTable
2019-06-14 10:25:38,254 INFO  db.DBStoreBuilder (DBStoreBuilder.java:addTable(110)) - using custom profile for table: openKeyTable
2019-06-14 10:25:38,254 INFO  db.DBStoreBuilder (DBStoreBuilder.java:processTables(161)) - Using default column profile:DBProfile.DISK for Table:openKeyTable
2019-06-14 10:25:38,255 INFO  db.DBStoreBuilder (DBStoreBuilder.java:addTable(110)) - using custom profile for table: s3Table
2019-06-14 10:25:38,255 INFO  db.DBStoreBuilder (DBStoreBuilder.java:processTables(161)) - Using default column profile:DBProfile.DISK for Table:s3Table
2019-06-14 10:25:38,255 INFO  db.DBStoreBuilder (DBStoreBuilder.java:addTable(110)) - using custom profile for table: multipartInfoTable
2019-06-14 10:25:38,255 INFO  db.DBStoreBuilder (DBStoreBuilder.java:processTables(161)) - Using default column profile:DBProfile.DISK for Table:multipartInfoTable
2019-06-14 10:25:38,256 INFO  db.DBStoreBuilder (DBStoreBuilder.java:addTable(110)) - using custom profile for table: dTokenTable
2019-06-14 10:25:38,256 INFO  db.DBStoreBuilder (DBStoreBuilder.java:processTables(161)) - Using default column profile:DBProfile.DISK for Table:dTokenTable
2019-06-14 10:25:38,256 INFO  db.DBStoreBuilder (DBStoreBuilder.java:addTable(110)) - using custom profile for table: s3SecretTable
2019-06-14 10:25:38,256 INFO  db.DBStoreBuilder (DBStoreBuilder.java:processTables(161)) - Using default column profile:DBProfile.DISK for Table:s3SecretTable
2019-06-14 10:25:38,257 INFO  db.DBStoreBuilder (DBStoreBuilder.java:addTable(110)) - using custom profile for table: prefixTable
2019-06-14 10:25:38,257 INFO  db.DBStoreBuilder (DBStoreBuilder.java:processTables(161)) - Using default column profile:DBProfile.DISK for Table:prefixTable
2019-06-14 10:25:38,257 INFO  db.DBStoreBuilder (DBStoreBuilder.java:addTable(110)) - using custom profile for table: default
2019-06-14 10:25:38,257 INFO  db.DBStoreBuilder (DBStoreBuilder.java:processTables(167)) - Using default column profile:DBProfile.DISK for Table:default
2019-06-14 10:25:38,258 INFO  db.DBStoreBuilder (DBStoreBuilder.java:getDbProfile(198)) - Using default options. DBProfile.DISK
2019-06-14 10:25:38,734 INFO  ipc.CallQueueManager (CallQueueManager.java:<init>(84)) - Using callQueue: class java.util.concurrent.LinkedBlockingQueue, queueCapacity: 2000, scheduler: class org.apache.hadoop.ipc.DefaultRpcScheduler, ipcBackoff: false.
2019-06-14 10:25:38,735 INFO  ipc.Server (Server.java:run(1074)) - Starting Socket Reader #1 for port 33121
2019-06-14 10:25:38,761 WARN  scm.ScmUtils (ScmUtils.java:getDBPath(63)) - ozone.om.db.dirs is not configured. We recommend adding this setting. Falling back to ozone.metadata.dirs instead.
2019-06-14 10:25:38,761 INFO  om.OzoneManager (OzoneManager.java:start(1217)) - OzoneManager RPC server is listening at localhost/127.0.0.1:33121
2019-06-14 10:25:38,761 INFO  impl.MetricsSystemImpl (MetricsSystemImpl.java:init(158)) - OzoneManager metrics system started (again)
2019-06-14 10:25:38,773 INFO  ipc.Server (Server.java:run(1314)) - IPC Server Responder: starting
2019-06-14 10:25:38,777 INFO  ipc.Server (Server.java:run(1153)) - IPC Server listener on 33121: starting
2019-06-14 10:25:38,786 INFO  hdfs.DFSUtil (DFSUtil.java:httpServerTemplateForNNAndJN(1641)) - Starting Web-server for ozoneManager at: http://0.0.0.0:0
2019-06-14 10:25:38,788 INFO  server.AuthenticationFilter (AuthenticationFilter.java:constructSecretProvider(240)) - Unable to initialize FileSignerSecretProvider, falling back to use random secrets.
2019-06-14 10:25:38,788 WARN  http.HttpRequestLog (HttpRequestLog.java:getRequestLog(97)) - Jetty request log can only be enabled using Log4j
2019-06-14 10:25:38,791 INFO  http.HttpServer2 (HttpServer2.java:addGlobalFilter(975)) - Added global filter 'safety' (class=org.apache.hadoop.http.HttpServer2$QuotingInputFilter)
2019-06-14 10:25:38,791 INFO  http.HttpServer2 (HttpServer2.java:addFilter(948)) - Added filter static_user_filter (class=org.apache.hadoop.http.lib.StaticUserWebFilter$StaticUserFilter) to context ozoneManager
2019-06-14 10:25:38,792 INFO  http.HttpServer2 (HttpServer2.java:addFilter(958)) - Added filter static_user_filter (class=org.apache.hadoop.http.lib.StaticUserWebFilter$StaticUserFilter) to context static
2019-06-14 10:25:38,792 INFO  http.HttpServer2 (HttpServer2.java:addFilter(958)) - Added filter static_user_filter (class=org.apache.hadoop.http.lib.StaticUserWebFilter$StaticUserFilter) to context logs
2019-06-14 10:25:38,794 INFO  http.HttpServer2 (HttpServer2.java:bindListener(1191)) - Jetty bound to port 39095
2019-06-14 10:25:38,794 INFO  server.Server (Server.java:doStart(351)) - jetty-9.3.24.v20180605, build timestamp: 2018-06-05T17:11:56Z, git hash: 84205aa28f11a4f31f2a3b86d1bba2cc8ab69827
2019-06-14 10:25:38,796 INFO  handler.ContextHandler (ContextHandler.java:doStart(781)) - Started o.e.j.s.ServletContextHandler@bcb09a6{/logs,file:///opt/src/hadoop-ozone/integration-test/target/log,AVAILABLE}
2019-06-14 10:25:38,797 INFO  handler.ContextHandler (ContextHandler.java:doStart(781)) - Started o.e.j.s.ServletContextHandler@a619c2{/static,file:///opt/src/hadoop-ozone/integration-test/target/test-classes/webapps/static,AVAILABLE}
2019-06-14 10:25:38,801 INFO  handler.ContextHandler (ContextHandler.java:doStart(781)) - Started o.e.j.w.WebAppContext@c9d82f9{/,file:///opt/src/hadoop-ozone/integration-test/target/test-classes/webapps/ozoneManager/,AVAILABLE}{/ozoneManager}
2019-06-14 10:25:38,801 INFO  server.AbstractConnector (AbstractConnector.java:doStart(278)) - Started ServerConnector@6f012914{HTTP/1.1,[http/1.1]}{0.0.0.0:39095}
2019-06-14 10:25:38,802 INFO  server.Server (Server.java:doStart(419)) - Started @2840ms
2019-06-14 10:25:38,802 INFO  server.BaseHttpServer (BaseHttpServer.java:updateConnectorAddress(207)) - HTTP server of OZONEMANAGER is listening at http://0.0.0.0:39095
2019-06-14 10:25:38,932 INFO  impl.MetricsSystemImpl (MetricsSystemImpl.java:init(158)) - HddsDatanode metrics system started (again)
2019-06-14 10:25:39,097 INFO  ozone.HddsDatanodeService (HddsDatanodeService.java:start(185)) - HddsDatanodeService host:ozone-cf6ld-438179620 ip:192.168.46.40
2019-06-14 10:25:39,121 INFO  volume.HddsVolume (HddsVolume.java:<init>(176)) - Creating Volume: /opt/src/hadoop-ozone/integration-test/target/test-dir/MiniOzoneClusterImpl-6225c502-e6cf-4203-aabd-a785cae5b2dc/datanode-0/data/containers/hdds of  storage type : DISK and capacity : 104021790720
2019-06-14 10:25:39,123 INFO  volume.VolumeSet (VolumeSet.java:initializeVolumeSet(170)) - Added Volume : /opt/src/hadoop-ozone/integration-test/target/test-dir/MiniOzoneClusterImpl-6225c502-e6cf-4203-aabd-a785cae5b2dc/datanode-0/data/containers/hdds to VolumeSet
2019-06-14 10:25:39,125 INFO  volume.ThrottledAsyncChecker (ThrottledAsyncChecker.java:schedule(140)) - Scheduling a check for org.apache.hadoop.ozone.container.common.volume.HddsVolume@6fd1660
2019-06-14 10:25:39,139 INFO  volume.HddsVolumeChecker (HddsVolumeChecker.java:checkAllVolumes(203)) - Scheduled health check for volume org.apache.hadoop.ozone.container.common.volume.HddsVolume@6fd1660
2019-06-14 10:25:39,177 INFO  ratis.XceiverServerRatis (XceiverServerRatis.java:newXceiverServerRatis(401)) - Found a free port for the server : 35715
2019-06-14 10:25:39,232 INFO  impl.RaftServerProxy (ConfUtils.java:logGet(43)) - raft.rpc.type = GRPC (default)
2019-06-14 10:25:39,239 INFO  grpc.GrpcConfigKeys$Server (ConfUtils.java:logGet(43)) - raft.grpc.server.port = 35715 (custom)
2019-06-14 10:25:39,240 INFO  server.GrpcService (ConfUtils.java:logGet(43)) - raft.grpc.message.size.max = 33570816 (custom)
2019-06-14 10:25:39,241 INFO  server.RaftServerConfigKeys (ConfUtils.java:logGet(43)) - raft.server.log.appender.buffer.byte-limit = 33554432 (custom)
2019-06-14 10:25:39,242 INFO  server.GrpcService (ConfUtils.java:logGet(43)) - raft.grpc.flow.control.window = 1MB (=1048576) (default)
2019-06-14 10:25:39,242 INFO  server.RaftServerConfigKeys (ConfUtils.java:logGet(43)) - raft.server.rpc.request.timeout = 3000ms (default)
2019-06-14 10:25:39,374 INFO  server.RaftServerConfigKeys (ConfUtils.java:logGet(43)) - raft.server.storage.dir = [/opt/src/hadoop-ozone/integration-test/target/test-dir/MiniOzoneClusterImpl-6225c502-e6cf-4203-aabd-a785cae5b2dc/datanode-0/data/ratis] (custom)
2019-06-14 10:25:39,380 INFO  server.XceiverServerGrpc (XceiverServerGrpc.java:<init>(97)) - Found a free port for the server : 39249
2019-06-14 10:25:39,412 INFO  replication.SimpleContainerDownloader (SimpleContainerDownloader.java:<init>(72)) - Starting container downloader service to copy containers to replicate.
2019-06-14 10:25:39,422 INFO  hdfs.DFSUtil (DFSUtil.java:httpServerTemplateForNNAndJN(1641)) - Starting Web-server for hddsDatanode at: http://0.0.0.0:0
2019-06-14 10:25:39,424 INFO  server.AuthenticationFilter (AuthenticationFilter.java:constructSecretProvider(240)) - Unable to initialize FileSignerSecretProvider, falling back to use random secrets.
2019-06-14 10:25:39,424 WARN  http.HttpRequestLog (HttpRequestLog.java:getRequestLog(97)) - Jetty request log can only be enabled using Log4j
2019-06-14 10:25:39,426 INFO  http.HttpServer2 (HttpServer2.java:addGlobalFilter(975)) - Added global filter 'safety' (class=org.apache.hadoop.http.HttpServer2$QuotingInputFilter)
2019-06-14 10:25:39,427 INFO  http.HttpServer2 (HttpServer2.java:addFilter(948)) - Added filter static_user_filter (class=org.apache.hadoop.http.lib.StaticUserWebFilter$StaticUserFilter) to context hddsDatanode
2019-06-14 10:25:39,427 INFO  http.HttpServer2 (HttpServer2.java:addFilter(958)) - Added filter static_user_filter (class=org.apache.hadoop.http.lib.StaticUserWebFilter$StaticUserFilter) to context logs
2019-06-14 10:25:39,427 INFO  http.HttpServer2 (HttpServer2.java:addFilter(958)) - Added filter static_user_filter (class=org.apache.hadoop.http.lib.StaticUserWebFilter$StaticUserFilter) to context static
2019-06-14 10:25:39,428 INFO  http.HttpServer2 (HttpServer2.java:bindListener(1191)) - Jetty bound to port 33835
2019-06-14 10:25:39,428 INFO  server.Server (Server.java:doStart(351)) - jetty-9.3.24.v20180605, build timestamp: 2018-06-05T17:11:56Z, git hash: 84205aa28f11a4f31f2a3b86d1bba2cc8ab69827
2019-06-14 10:25:39,430 INFO  handler.ContextHandler (ContextHandler.java:doStart(781)) - Started o.e.j.s.ServletContextHandler@6438a7fe{/logs,file:///opt/src/hadoop-ozone/integration-test/target/log,AVAILABLE}
2019-06-14 10:25:39,431 INFO  handler.ContextHandler (ContextHandler.java:doStart(781)) - Started o.e.j.s.ServletContextHandler@4f5f6e45{/static,jar:file:/root/.m2/repository/org/apache/hadoop/hadoop-hdds-container-service/0.5.0-SNAPSHOT/hadoop-hdds-container-service-0.5.0-SNAPSHOT.jar!/webapps/static,AVAILABLE}
2019-06-14 10:25:39,460 INFO  handler.ContextHandler (ContextHandler.java:doStart(781)) - Started o.e.j.w.WebAppContext@36c0d0bd{/,file:///tmp/jetty-0.0.0.0-33835-hddsDatanode-_-any-2458679995910093576.dir/webapp/,AVAILABLE}{/hddsDatanode}
2019-06-14 10:25:39,461 INFO  server.AbstractConnector (AbstractConnector.java:doStart(278)) - Started ServerConnector@5e1fc2aa{HTTP/1.1,[http/1.1]}{0.0.0.0:33835}
2019-06-14 10:25:39,461 INFO  server.Server (Server.java:doStart(419)) - Started @3499ms
2019-06-14 10:25:39,462 INFO  server.BaseHttpServer (BaseHttpServer.java:updateConnectorAddress(207)) - HTTP server of HDDSDATANODE is listening at http://0.0.0.0:33835
2019-06-14 10:25:40,313 INFO  ozone.HddsDatanodeService (HddsDatanodeService.java:startPlugins(396)) - Started plug-in org.apache.hadoop.ozone.web.OzoneHddsDatanodeService@1f992a3a
2019-06-14 10:25:40,314 INFO  impl.MetricsSystemImpl (MetricsSystemImpl.java:init(158)) - HddsDatanode metrics system started (again)
2019-06-14 10:25:40,315 INFO  ozone.HddsDatanodeService (HddsDatanodeService.java:start(185)) - HddsDatanodeService host:ozone-cf6ld-438179620 ip:192.168.46.40
2019-06-14 10:25:40,333 INFO  util.JvmPauseMonitor (JvmPauseMonitor.java:run(188)) - Starting JVM pause monitor
2019-06-14 10:25:40,339 INFO  volume.HddsVolume (HddsVolume.java:<init>(176)) - Creating Volume: /opt/src/hadoop-ozone/integration-test/target/test-dir/MiniOzoneClusterImpl-6225c502-e6cf-4203-aabd-a785cae5b2dc/datanode-1/data/containers/hdds of  storage type : DISK and capacity : 104021790720
2019-06-14 10:25:40,339 INFO  volume.VolumeSet (VolumeSet.java:initializeVolumeSet(170)) - Added Volume : /opt/src/hadoop-ozone/integration-test/target/test-dir/MiniOzoneClusterImpl-6225c502-e6cf-4203-aabd-a785cae5b2dc/datanode-1/data/containers/hdds to VolumeSet
2019-06-14 10:25:40,339 INFO  volume.ThrottledAsyncChecker (ThrottledAsyncChecker.java:schedule(140)) - Scheduling a check for org.apache.hadoop.ozone.container.common.volume.HddsVolume@78a8978a
2019-06-14 10:25:40,342 INFO  volume.HddsVolumeChecker (HddsVolumeChecker.java:checkAllVolumes(203)) - Scheduled health check for volume org.apache.hadoop.ozone.container.common.volume.HddsVolume@78a8978a
2019-06-14 10:25:40,367 INFO  ratis.XceiverServerRatis (XceiverServerRatis.java:newXceiverServerRatis(401)) - Found a free port for the server : 43937
2019-06-14 10:25:40,368 INFO  impl.RaftServerProxy (ConfUtils.java:logGet(43)) - raft.rpc.type = GRPC (default)
2019-06-14 10:25:40,368 INFO  grpc.GrpcConfigKeys$Server (ConfUtils.java:logGet(43)) - raft.grpc.server.port = 43937 (custom)
2019-06-14 10:25:40,368 INFO  server.GrpcService (ConfUtils.java:logGet(43)) - raft.grpc.message.size.max = 33570816 (custom)
2019-06-14 10:25:40,369 INFO  server.RaftServerConfigKeys (ConfUtils.java:logGet(43)) - raft.server.log.appender.buffer.byte-limit = 33554432 (custom)
2019-06-14 10:25:40,369 INFO  server.GrpcService (ConfUtils.java:logGet(43)) - raft.grpc.flow.control.window = 1MB (=1048576) (default)
2019-06-14 10:25:40,369 INFO  server.RaftServerConfigKeys (ConfUtils.java:logGet(43)) - raft.server.rpc.request.timeout = 3000ms (default)
2019-06-14 10:25:40,370 INFO  server.RaftServerConfigKeys (ConfUtils.java:logGet(43)) - raft.server.storage.dir = [/opt/src/hadoop-ozone/integration-test/target/test-dir/MiniOzoneClusterImpl-6225c502-e6cf-4203-aabd-a785cae5b2dc/datanode-1/data/ratis] (custom)
2019-06-14 10:25:40,370 INFO  server.XceiverServerGrpc (XceiverServerGrpc.java:<init>(97)) - Found a free port for the server : 37165
2019-06-14 10:25:40,371 INFO  replication.SimpleContainerDownloader (SimpleContainerDownloader.java:<init>(72)) - Starting container downloader service to copy containers to replicate.
2019-06-14 10:25:40,372 INFO  hdfs.DFSUtil (DFSUtil.java:httpServerTemplateForNNAndJN(1641)) - Starting Web-server for hddsDatanode at: http://0.0.0.0:0
2019-06-14 10:25:40,374 INFO  server.AuthenticationFilter (AuthenticationFilter.java:constructSecretProvider(240)) - Unable to initialize FileSignerSecretProvider, falling back to use random secrets.
2019-06-14 10:25:40,377 WARN  http.HttpRequestLog (HttpRequestLog.java:getRequestLog(97)) - Jetty request log can only be enabled using Log4j
2019-06-14 10:25:40,379 INFO  http.HttpServer2 (HttpServer2.java:addGlobalFilter(975)) - Added global filter 'safety' (class=org.apache.hadoop.http.HttpServer2$QuotingInputFilter)
2019-06-14 10:25:40,380 INFO  http.HttpServer2 (HttpServer2.java:addFilter(948)) - Added filter static_user_filter (class=org.apache.hadoop.http.lib.StaticUserWebFilter$StaticUserFilter) to context hddsDatanode
2019-06-14 10:25:40,380 INFO  http.HttpServer2 (HttpServer2.java:addFilter(958)) - Added filter static_user_filter (class=org.apache.hadoop.http.lib.StaticUserWebFilter$StaticUserFilter) to context logs
2019-06-14 10:25:40,380 INFO  http.HttpServer2 (HttpServer2.java:addFilter(958)) - Added filter static_user_filter (class=org.apache.hadoop.http.lib.StaticUserWebFilter$StaticUserFilter) to context static
2019-06-14 10:25:40,381 INFO  http.HttpServer2 (HttpServer2.java:bindListener(1191)) - Jetty bound to port 46751
2019-06-14 10:25:40,381 INFO  server.Server (Server.java:doStart(351)) - jetty-9.3.24.v20180605, build timestamp: 2018-06-05T17:11:56Z, git hash: 84205aa28f11a4f31f2a3b86d1bba2cc8ab69827
2019-06-14 10:25:40,384 INFO  handler.ContextHandler (ContextHandler.java:doStart(781)) - Started o.e.j.s.ServletContextHandler@2574a9e3{/logs,file:///opt/src/hadoop-ozone/integration-test/target/log,AVAILABLE}
2019-06-14 10:25:40,385 INFO  handler.ContextHandler (ContextHandler.java:doStart(781)) - Started o.e.j.s.ServletContextHandler@422ab737{/static,jar:file:/root/.m2/repository/org/apache/hadoop/hadoop-hdds-container-service/0.5.0-SNAPSHOT/hadoop-hdds-container-service-0.5.0-SNAPSHOT.jar!/webapps/static,AVAILABLE}
2019-06-14 10:25:40,424 INFO  handler.ContextHandler (ContextHandler.java:doStart(781)) - Started o.e.j.w.WebAppContext@78da899f{/,file:///tmp/jetty-0.0.0.0-46751-hddsDatanode-_-any-6378259023678979746.dir/webapp/,AVAILABLE}{/hddsDatanode}
2019-06-14 10:25:40,425 INFO  server.AbstractConnector (AbstractConnector.java:doStart(278)) - Started ServerConnector@e7b265e{HTTP/1.1,[http/1.1]}{0.0.0.0:46751}
2019-06-14 10:25:40,426 INFO  server.Server (Server.java:doStart(419)) - Started @4464ms
2019-06-14 10:25:40,429 INFO  server.BaseHttpServer (BaseHttpServer.java:updateConnectorAddress(207)) - HTTP server of HDDSDATANODE is listening at http://0.0.0.0:46751
2019-06-14 10:25:40,439 INFO  datanode.InitDatanodeState (InitDatanodeState.java:persistContainerDatanodeDetails(140)) - DatanodeDetails is persisted to /opt/src/hadoop-ozone/integration-test/target/test-dir/MiniOzoneClusterImpl-6225c502-e6cf-4203-aabd-a785cae5b2dc/datanode-0/meta/datanode.id
2019-06-14 10:25:40,550 INFO  ozone.HddsDatanodeService (HddsDatanodeService.java:startPlugins(396)) - Started plug-in org.apache.hadoop.ozone.web.OzoneHddsDatanodeService@63fd4dda
2019-06-14 10:25:40,550 INFO  impl.MetricsSystemImpl (MetricsSystemImpl.java:init(158)) - HddsDatanode metrics system started (again)
2019-06-14 10:25:40,551 INFO  ozone.HddsDatanodeService (HddsDatanodeService.java:start(185)) - HddsDatanodeService host:ozone-cf6ld-438179620 ip:192.168.46.40
2019-06-14 10:25:40,554 INFO  util.JvmPauseMonitor (JvmPauseMonitor.java:run(188)) - Starting JVM pause monitor
2019-06-14 10:25:40,558 INFO  volume.HddsVolume (HddsVolume.java:<init>(176)) - Creating Volume: /opt/src/hadoop-ozone/integration-test/target/test-dir/MiniOzoneClusterImpl-6225c502-e6cf-4203-aabd-a785cae5b2dc/datanode-2/data/containers/hdds of  storage type : DISK and capacity : 104021790720
2019-06-14 10:25:40,563 INFO  volume.VolumeSet (VolumeSet.java:initializeVolumeSet(170)) - Added Volume : /opt/src/hadoop-ozone/integration-test/target/test-dir/MiniOzoneClusterImpl-6225c502-e6cf-4203-aabd-a785cae5b2dc/datanode-2/data/containers/hdds to VolumeSet
2019-06-14 10:25:40,563 INFO  volume.ThrottledAsyncChecker (ThrottledAsyncChecker.java:schedule(140)) - Scheduling a check for org.apache.hadoop.ozone.container.common.volume.HddsVolume@4b56b031
2019-06-14 10:25:40,567 INFO  datanode.InitDatanodeState (InitDatanodeState.java:persistContainerDatanodeDetails(140)) - DatanodeDetails is persisted to /opt/src/hadoop-ozone/integration-test/target/test-dir/MiniOzoneClusterImpl-6225c502-e6cf-4203-aabd-a785cae5b2dc/datanode-1/meta/datanode.id
2019-06-14 10:25:40,570 INFO  volume.HddsVolumeChecker (HddsVolumeChecker.java:checkAllVolumes(203)) - Scheduled health check for volume org.apache.hadoop.ozone.container.common.volume.HddsVolume@4b56b031
2019-06-14 10:25:40,582 INFO  ratis.XceiverServerRatis (XceiverServerRatis.java:newXceiverServerRatis(401)) - Found a free port for the server : 37019
2019-06-14 10:25:40,584 INFO  impl.RaftServerProxy (ConfUtils.java:logGet(43)) - raft.rpc.type = GRPC (default)
2019-06-14 10:25:40,584 INFO  grpc.GrpcConfigKeys$Server (ConfUtils.java:logGet(43)) - raft.grpc.server.port = 37019 (custom)
2019-06-14 10:25:40,584 INFO  server.GrpcService (ConfUtils.java:logGet(43)) - raft.grpc.message.size.max = 33570816 (custom)
2019-06-14 10:25:40,584 INFO  server.RaftServerConfigKeys (ConfUtils.java:logGet(43)) - raft.server.log.appender.buffer.byte-limit = 33554432 (custom)
2019-06-14 10:25:40,584 INFO  server.GrpcService (ConfUtils.java:logGet(43)) - raft.grpc.flow.control.window = 1MB (=1048576) (default)
2019-06-14 10:25:40,585 INFO  server.RaftServerConfigKeys (ConfUtils.java:logGet(43)) - raft.server.rpc.request.timeout = 3000ms (default)
2019-06-14 10:25:40,585 INFO  server.RaftServerConfigKeys (ConfUtils.java:logGet(43)) - raft.server.storage.dir = [/opt/src/hadoop-ozone/integration-test/target/test-dir/MiniOzoneClusterImpl-6225c502-e6cf-4203-aabd-a785cae5b2dc/datanode-2/data/ratis] (custom)
2019-06-14 10:25:40,586 INFO  server.XceiverServerGrpc (XceiverServerGrpc.java:<init>(97)) - Found a free port for the server : 32983
2019-06-14 10:25:40,586 INFO  replication.SimpleContainerDownloader (SimpleContainerDownloader.java:<init>(72)) - Starting container downloader service to copy containers to replicate.
2019-06-14 10:25:40,587 INFO  hdfs.DFSUtil (DFSUtil.java:httpServerTemplateForNNAndJN(1641)) - Starting Web-server for hddsDatanode at: http://0.0.0.0:0
2019-06-14 10:25:40,588 INFO  server.AuthenticationFilter (AuthenticationFilter.java:constructSecretProvider(240)) - Unable to initialize FileSignerSecretProvider, falling back to use random secrets.
2019-06-14 10:25:40,590 WARN  http.HttpRequestLog (HttpRequestLog.java:getRequestLog(97)) - Jetty request log can only be enabled using Log4j
2019-06-14 10:25:40,591 INFO  http.HttpServer2 (HttpServer2.java:addGlobalFilter(975)) - Added global filter 'safety' (class=org.apache.hadoop.http.HttpServer2$QuotingInputFilter)
2019-06-14 10:25:40,591 INFO  http.HttpServer2 (HttpServer2.java:addFilter(948)) - Added filter static_user_filter (class=org.apache.hadoop.http.lib.StaticUserWebFilter$StaticUserFilter) to context hddsDatanode
2019-06-14 10:25:40,591 INFO  http.HttpServer2 (HttpServer2.java:addFilter(958)) - Added filter static_user_filter (class=org.apache.hadoop.http.lib.StaticUserWebFilter$StaticUserFilter) to context logs
2019-06-14 10:25:40,592 INFO  http.HttpServer2 (HttpServer2.java:addFilter(958)) - Added filter static_user_filter (class=org.apache.hadoop.http.lib.StaticUserWebFilter$StaticUserFilter) to context static
2019-06-14 10:25:40,592 INFO  http.HttpServer2 (HttpServer2.java:bindListener(1191)) - Jetty bound to port 35829
2019-06-14 10:25:40,592 INFO  server.Server (Server.java:doStart(351)) - jetty-9.3.24.v20180605, build timestamp: 2018-06-05T17:11:56Z, git hash: 84205aa28f11a4f31f2a3b86d1bba2cc8ab69827
2019-06-14 10:25:40,599 INFO  handler.ContextHandler (ContextHandler.java:doStart(781)) - Started o.e.j.s.ServletContextHandler@2443abd6{/logs,file:///opt/src/hadoop-ozone/integration-test/target/log,AVAILABLE}
2019-06-14 10:25:40,599 INFO  handler.ContextHandler (ContextHandler.java:doStart(781)) - Started o.e.j.s.ServletContextHandler@bd3eff4{/static,jar:file:/root/.m2/repository/org/apache/hadoop/hadoop-hdds-container-service/0.5.0-SNAPSHOT/hadoop-hdds-container-service-0.5.0-SNAPSHOT.jar!/webapps/static,AVAILABLE}
2019-06-14 10:25:40,628 INFO  handler.ContextHandler (ContextHandler.java:doStart(781)) - Started o.e.j.w.WebAppContext@4e80a001{/,file:///tmp/jetty-0.0.0.0-35829-hddsDatanode-_-any-8902812096197775063.dir/webapp/,AVAILABLE}{/hddsDatanode}
2019-06-14 10:25:40,629 INFO  server.AbstractConnector (AbstractConnector.java:doStart(278)) - Started ServerConnector@624b523{HTTP/1.1,[http/1.1]}{0.0.0.0:35829}
2019-06-14 10:25:40,630 INFO  server.Server (Server.java:doStart(419)) - Started @4668ms
2019-06-14 10:25:40,631 INFO  server.BaseHttpServer (BaseHttpServer.java:updateConnectorAddress(207)) - HTTP server of HDDSDATANODE is listening at http://0.0.0.0:35829
2019-06-14 10:25:40,806 INFO  ozone.HddsDatanodeService (HddsDatanodeService.java:startPlugins(396)) - Started plug-in org.apache.hadoop.ozone.web.OzoneHddsDatanodeService@11c78080
2019-06-14 10:25:40,806 INFO  impl.MetricsSystemImpl (MetricsSystemImpl.java:init(158)) - HddsDatanode metrics system started (again)
2019-06-14 10:25:40,807 INFO  ozone.HddsDatanodeService (HddsDatanodeService.java:start(185)) - HddsDatanodeService host:ozone-cf6ld-438179620 ip:192.168.46.40
2019-06-14 10:25:40,823 INFO  util.JvmPauseMonitor (JvmPauseMonitor.java:run(188)) - Starting JVM pause monitor
2019-06-14 10:25:40,827 INFO  datanode.InitDatanodeState (InitDatanodeState.java:persistContainerDatanodeDetails(140)) - DatanodeDetails is persisted to /opt/src/hadoop-ozone/integration-test/target/test-dir/MiniOzoneClusterImpl-6225c502-e6cf-4203-aabd-a785cae5b2dc/datanode-2/meta/datanode.id
2019-06-14 10:25:40,861 INFO  volume.HddsVolume (HddsVolume.java:<init>(176)) - Creating Volume: /opt/src/hadoop-ozone/integration-test/target/test-dir/MiniOzoneClusterImpl-6225c502-e6cf-4203-aabd-a785cae5b2dc/datanode-3/data/containers/hdds of  storage type : DISK and capacity : 104021790720
2019-06-14 10:25:40,862 INFO  volume.VolumeSet (VolumeSet.java:initializeVolumeSet(170)) - Added Volume : /opt/src/hadoop-ozone/integration-test/target/test-dir/MiniOzoneClusterImpl-6225c502-e6cf-4203-aabd-a785cae5b2dc/datanode-3/data/containers/hdds to VolumeSet
2019-06-14 10:25:40,862 INFO  volume.ThrottledAsyncChecker (ThrottledAsyncChecker.java:schedule(140)) - Scheduling a check for org.apache.hadoop.ozone.container.common.volume.HddsVolume@7c11d32
2019-06-14 10:25:40,863 INFO  volume.HddsVolumeChecker (HddsVolumeChecker.java:checkAllVolumes(203)) - Scheduled health check for volume org.apache.hadoop.ozone.container.common.volume.HddsVolume@7c11d32
2019-06-14 10:25:40,877 INFO  ratis.XceiverServerRatis (XceiverServerRatis.java:newXceiverServerRatis(401)) - Found a free port for the server : 42761
2019-06-14 10:25:40,878 INFO  impl.RaftServerProxy (ConfUtils.java:logGet(43)) - raft.rpc.type = GRPC (default)
2019-06-14 10:25:40,878 INFO  grpc.GrpcConfigKeys$Server (ConfUtils.java:logGet(43)) - raft.grpc.server.port = 42761 (custom)
2019-06-14 10:25:40,879 INFO  server.GrpcService (ConfUtils.java:logGet(43)) - raft.grpc.message.size.max = 33570816 (custom)
2019-06-14 10:25:40,879 INFO  server.RaftServerConfigKeys (ConfUtils.java:logGet(43)) - raft.server.log.appender.buffer.byte-limit = 33554432 (custom)
2019-06-14 10:25:40,879 INFO  server.GrpcService (ConfUtils.java:logGet(43)) - raft.grpc.flow.control.window = 1MB (=1048576) (default)
2019-06-14 10:25:40,879 INFO  server.RaftServerConfigKeys (ConfUtils.java:logGet(43)) - raft.server.rpc.request.timeout = 3000ms (default)
2019-06-14 10:25:40,880 INFO  server.RaftServerConfigKeys (ConfUtils.java:logGet(43)) - raft.server.storage.dir = [/opt/src/hadoop-ozone/integration-test/target/test-dir/MiniOzoneClusterImpl-6225c502-e6cf-4203-aabd-a785cae5b2dc/datanode-3/data/ratis] (custom)
2019-06-14 10:25:40,880 INFO  server.XceiverServerGrpc (XceiverServerGrpc.java:<init>(97)) - Found a free port for the server : 36109
2019-06-14 10:25:40,881 INFO  replication.SimpleContainerDownloader (SimpleContainerDownloader.java:<init>(72)) - Starting container downloader service to copy containers to replicate.
2019-06-14 10:25:40,882 INFO  hdfs.DFSUtil (DFSUtil.java:httpServerTemplateForNNAndJN(1641)) - Starting Web-server for hddsDatanode at: http://0.0.0.0:0
2019-06-14 10:25:40,883 INFO  server.AuthenticationFilter (AuthenticationFilter.java:constructSecretProvider(240)) - Unable to initialize FileSignerSecretProvider, falling back to use random secrets.
2019-06-14 10:25:40,885 WARN  http.HttpRequestLog (HttpRequestLog.java:getRequestLog(97)) - Jetty request log can only be enabled using Log4j
2019-06-14 10:25:40,887 INFO  http.HttpServer2 (HttpServer2.java:addGlobalFilter(975)) - Added global filter 'safety' (class=org.apache.hadoop.http.HttpServer2$QuotingInputFilter)
2019-06-14 10:25:40,887 INFO  http.HttpServer2 (HttpServer2.java:addFilter(948)) - Added filter static_user_filter (class=org.apache.hadoop.http.lib.StaticUserWebFilter$StaticUserFilter) to context hddsDatanode
2019-06-14 10:25:40,888 INFO  http.HttpServer2 (HttpServer2.java:addFilter(958)) - Added filter static_user_filter (class=org.apache.hadoop.http.lib.StaticUserWebFilter$StaticUserFilter) to context logs
2019-06-14 10:25:40,888 INFO  http.HttpServer2 (HttpServer2.java:addFilter(958)) - Added filter static_user_filter (class=org.apache.hadoop.http.lib.StaticUserWebFilter$StaticUserFilter) to context static
2019-06-14 10:25:40,888 INFO  http.HttpServer2 (HttpServer2.java:bindListener(1191)) - Jetty bound to port 41845
2019-06-14 10:25:40,888 INFO  server.Server (Server.java:doStart(351)) - jetty-9.3.24.v20180605, build timestamp: 2018-06-05T17:11:56Z, git hash: 84205aa28f11a4f31f2a3b86d1bba2cc8ab69827
2019-06-14 10:25:40,891 INFO  handler.ContextHandler (ContextHandler.java:doStart(781)) - Started o.e.j.s.ServletContextHandler@25974207{/logs,file:///opt/src/hadoop-ozone/integration-test/target/log,AVAILABLE}
2019-06-14 10:25:40,892 INFO  handler.ContextHandler (ContextHandler.java:doStart(781)) - Started o.e.j.s.ServletContextHandler@195113de{/static,jar:file:/root/.m2/repository/org/apache/hadoop/hadoop-hdds-container-service/0.5.0-SNAPSHOT/hadoop-hdds-container-service-0.5.0-SNAPSHOT.jar!/webapps/static,AVAILABLE}
2019-06-14 10:25:40,917 INFO  handler.ContextHandler (ContextHandler.java:doStart(781)) - Started o.e.j.w.WebAppContext@74c9e11{/,file:///tmp/jetty-0.0.0.0-41845-hddsDatanode-_-any-6647979142148616125.dir/webapp/,AVAILABLE}{/hddsDatanode}
2019-06-14 10:25:40,917 INFO  server.AbstractConnector (AbstractConnector.java:doStart(278)) - Started ServerConnector@9fe720a{HTTP/1.1,[http/1.1]}{0.0.0.0:41845}
2019-06-14 10:25:40,917 INFO  server.Server (Server.java:doStart(419)) - Started @4955ms
2019-06-14 10:25:40,923 INFO  server.BaseHttpServer (BaseHttpServer.java:updateConnectorAddress(207)) - HTTP server of HDDSDATANODE is listening at http://0.0.0.0:41845
2019-06-14 10:25:41,040 INFO  ozone.HddsDatanodeService (HddsDatanodeService.java:startPlugins(396)) - Started plug-in org.apache.hadoop.ozone.web.OzoneHddsDatanodeService@76216830
2019-06-14 10:25:41,041 INFO  impl.MetricsSystemImpl (MetricsSystemImpl.java:init(158)) - HddsDatanode metrics system started (again)
2019-06-14 10:25:41,042 INFO  ozone.HddsDatanodeService (HddsDatanodeService.java:start(185)) - HddsDatanodeService host:ozone-cf6ld-438179620 ip:192.168.46.40
2019-06-14 10:25:41,079 INFO  util.JvmPauseMonitor (JvmPauseMonitor.java:run(188)) - Starting JVM pause monitor
2019-06-14 10:25:41,079 INFO  volume.HddsVolume (HddsVolume.java:<init>(176)) - Creating Volume: /opt/src/hadoop-ozone/integration-test/target/test-dir/MiniOzoneClusterImpl-6225c502-e6cf-4203-aabd-a785cae5b2dc/datanode-4/data/containers/hdds of  storage type : DISK and capacity : 104021790720
2019-06-14 10:25:41,079 INFO  volume.VolumeSet (VolumeSet.java:initializeVolumeSet(170)) - Added Volume : /opt/src/hadoop-ozone/integration-test/target/test-dir/MiniOzoneClusterImpl-6225c502-e6cf-4203-aabd-a785cae5b2dc/datanode-4/data/containers/hdds to VolumeSet
2019-06-14 10:25:41,079 INFO  volume.ThrottledAsyncChecker (ThrottledAsyncChecker.java:schedule(140)) - Scheduling a check for org.apache.hadoop.ozone.container.common.volume.HddsVolume@391d1e33
2019-06-14 10:25:41,080 INFO  volume.HddsVolumeChecker (HddsVolumeChecker.java:checkAllVolumes(203)) - Scheduled health check for volume org.apache.hadoop.ozone.container.common.volume.HddsVolume@391d1e33
2019-06-14 10:25:41,082 INFO  datanode.InitDatanodeState (InitDatanodeState.java:persistContainerDatanodeDetails(140)) - DatanodeDetails is persisted to /opt/src/hadoop-ozone/integration-test/target/test-dir/MiniOzoneClusterImpl-6225c502-e6cf-4203-aabd-a785cae5b2dc/datanode-3/meta/datanode.id
2019-06-14 10:25:41,099 INFO  ratis.XceiverServerRatis (XceiverServerRatis.java:newXceiverServerRatis(401)) - Found a free port for the server : 44949
2019-06-14 10:25:41,100 INFO  impl.RaftServerProxy (ConfUtils.java:logGet(43)) - raft.rpc.type = GRPC (default)
2019-06-14 10:25:41,100 INFO  grpc.GrpcConfigKeys$Server (ConfUtils.java:logGet(43)) - raft.grpc.server.port = 44949 (custom)
2019-06-14 10:25:41,100 INFO  server.GrpcService (ConfUtils.java:logGet(43)) - raft.grpc.message.size.max = 33570816 (custom)
2019-06-14 10:25:41,101 INFO  server.RaftServerConfigKeys (ConfUtils.java:logGet(43)) - raft.server.log.appender.buffer.byte-limit = 33554432 (custom)
2019-06-14 10:25:41,101 INFO  server.GrpcService (ConfUtils.java:logGet(43)) - raft.grpc.flow.control.window = 1MB (=1048576) (default)
2019-06-14 10:25:41,101 INFO  server.RaftServerConfigKeys (ConfUtils.java:logGet(43)) - raft.server.rpc.request.timeout = 3000ms (default)
2019-06-14 10:25:41,102 INFO  server.RaftServerConfigKeys (ConfUtils.java:logGet(43)) - raft.server.storage.dir = [/opt/src/hadoop-ozone/integration-test/target/test-dir/MiniOzoneClusterImpl-6225c502-e6cf-4203-aabd-a785cae5b2dc/datanode-4/data/ratis] (custom)
2019-06-14 10:25:41,102 INFO  server.XceiverServerGrpc (XceiverServerGrpc.java:<init>(97)) - Found a free port for the server : 45595
2019-06-14 10:25:41,103 INFO  replication.SimpleContainerDownloader (SimpleContainerDownloader.java:<init>(72)) - Starting container downloader service to copy containers to replicate.
2019-06-14 10:25:41,103 INFO  hdfs.DFSUtil (DFSUtil.java:httpServerTemplateForNNAndJN(1641)) - Starting Web-server for hddsDatanode at: http://0.0.0.0:0
2019-06-14 10:25:41,105 INFO  server.AuthenticationFilter (AuthenticationFilter.java:constructSecretProvider(240)) - Unable to initialize FileSignerSecretProvider, falling back to use random secrets.
2019-06-14 10:25:41,105 WARN  http.HttpRequestLog (HttpRequestLog.java:getRequestLog(97)) - Jetty request log can only be enabled using Log4j
2019-06-14 10:25:41,106 INFO  http.HttpServer2 (HttpServer2.java:addGlobalFilter(975)) - Added global filter 'safety' (class=org.apache.hadoop.http.HttpServer2$QuotingInputFilter)
2019-06-14 10:25:41,107 INFO  http.HttpServer2 (HttpServer2.java:addFilter(948)) - Added filter static_user_filter (class=org.apache.hadoop.http.lib.StaticUserWebFilter$StaticUserFilter) to context hddsDatanode
2019-06-14 10:25:41,107 INFO  http.HttpServer2 (HttpServer2.java:addFilter(958)) - Added filter static_user_filter (class=org.apache.hadoop.http.lib.StaticUserWebFilter$StaticUserFilter) to context static
2019-06-14 10:25:41,107 INFO  http.HttpServer2 (HttpServer2.java:addFilter(958)) - Added filter static_user_filter (class=org.apache.hadoop.http.lib.StaticUserWebFilter$StaticUserFilter) to context logs
2019-06-14 10:25:41,108 INFO  http.HttpServer2 (HttpServer2.java:bindListener(1191)) - Jetty bound to port 37061
2019-06-14 10:25:41,108 INFO  server.Server (Server.java:doStart(351)) - jetty-9.3.24.v20180605, build timestamp: 2018-06-05T17:11:56Z, git hash: 84205aa28f11a4f31f2a3b86d1bba2cc8ab69827
2019-06-14 10:25:41,110 INFO  handler.ContextHandler (ContextHandler.java:doStart(781)) - Started o.e.j.s.ServletContextHandler@6f38f084{/logs,file:///opt/src/hadoop-ozone/integration-test/target/log,AVAILABLE}
2019-06-14 10:25:41,110 INFO  handler.ContextHandler (ContextHandler.java:doStart(781)) - Started o.e.j.s.ServletContextHandler@372f0a99{/static,jar:file:/root/.m2/repository/org/apache/hadoop/hadoop-hdds-container-service/0.5.0-SNAPSHOT/hadoop-hdds-container-service-0.5.0-SNAPSHOT.jar!/webapps/static,AVAILABLE}
2019-06-14 10:25:41,134 INFO  handler.ContextHandler (ContextHandler.java:doStart(781)) - Started o.e.j.w.WebAppContext@6b2fdffc{/,file:///tmp/jetty-0.0.0.0-37061-hddsDatanode-_-any-754123788118621838.dir/webapp/,AVAILABLE}{/hddsDatanode}
2019-06-14 10:25:41,135 INFO  server.AbstractConnector (AbstractConnector.java:doStart(278)) - Started ServerConnector@2ca3d826{HTTP/1.1,[http/1.1]}{0.0.0.0:37061}
2019-06-14 10:25:41,137 INFO  server.Server (Server.java:doStart(419)) - Started @5175ms
2019-06-14 10:25:41,138 INFO  server.BaseHttpServer (BaseHttpServer.java:updateConnectorAddress(207)) - HTTP server of HDDSDATANODE is listening at http://0.0.0.0:37061
2019-06-14 10:25:41,257 INFO  ozone.HddsDatanodeService (HddsDatanodeService.java:startPlugins(396)) - Started plug-in org.apache.hadoop.ozone.web.OzoneHddsDatanodeService@624b3544
2019-06-14 10:25:41,257 INFO  impl.MetricsSystemImpl (MetricsSystemImpl.java:init(158)) - HddsDatanode metrics system started (again)
2019-06-14 10:25:41,257 INFO  ozone.HddsDatanodeService (HddsDatanodeService.java:start(185)) - HddsDatanodeService host:ozone-cf6ld-438179620 ip:192.168.46.40
2019-06-14 10:25:41,263 INFO  util.JvmPauseMonitor (JvmPauseMonitor.java:run(188)) - Starting JVM pause monitor
2019-06-14 10:25:41,265 INFO  datanode.InitDatanodeState (InitDatanodeState.java:persistContainerDatanodeDetails(140)) - DatanodeDetails is persisted to /opt/src/hadoop-ozone/integration-test/target/test-dir/MiniOzoneClusterImpl-6225c502-e6cf-4203-aabd-a785cae5b2dc/datanode-4/meta/datanode.id
2019-06-14 10:25:41,269 INFO  volume.HddsVolume (HddsVolume.java:<init>(176)) - Creating Volume: /opt/src/hadoop-ozone/integration-test/target/test-dir/MiniOzoneClusterImpl-6225c502-e6cf-4203-aabd-a785cae5b2dc/datanode-5/data/containers/hdds of  storage type : DISK and capacity : 104021790720
2019-06-14 10:25:41,269 INFO  volume.VolumeSet (VolumeSet.java:initializeVolumeSet(170)) - Added Volume : /opt/src/hadoop-ozone/integration-test/target/test-dir/MiniOzoneClusterImpl-6225c502-e6cf-4203-aabd-a785cae5b2dc/datanode-5/data/containers/hdds to VolumeSet
2019-06-14 10:25:41,269 INFO  volume.ThrottledAsyncChecker (ThrottledAsyncChecker.java:schedule(140)) - Scheduling a check for org.apache.hadoop.ozone.container.common.volume.HddsVolume@55a0f011
2019-06-14 10:25:41,270 INFO  volume.HddsVolumeChecker (HddsVolumeChecker.java:checkAllVolumes(203)) - Scheduled health check for volume org.apache.hadoop.ozone.container.common.volume.HddsVolume@55a0f011
2019-06-14 10:25:41,283 INFO  ratis.XceiverServerRatis (XceiverServerRatis.java:newXceiverServerRatis(401)) - Found a free port for the server : 39097
2019-06-14 10:25:41,284 INFO  impl.RaftServerProxy (ConfUtils.java:logGet(43)) - raft.rpc.type = GRPC (default)
2019-06-14 10:25:41,284 INFO  grpc.GrpcConfigKeys$Server (ConfUtils.java:logGet(43)) - raft.grpc.server.port = 39097 (custom)
2019-06-14 10:25:41,285 INFO  server.GrpcService (ConfUtils.java:logGet(43)) - raft.grpc.message.size.max = 33570816 (custom)
2019-06-14 10:25:41,285 INFO  server.RaftServerConfigKeys (ConfUtils.java:logGet(43)) - raft.server.log.appender.buffer.byte-limit = 33554432 (custom)
2019-06-14 10:25:41,285 INFO  server.GrpcService (ConfUtils.java:logGet(43)) - raft.grpc.flow.control.window = 1MB (=1048576) (default)
2019-06-14 10:25:41,285 INFO  server.RaftServerConfigKeys (ConfUtils.java:logGet(43)) - raft.server.rpc.request.timeout = 3000ms (default)
2019-06-14 10:25:41,286 INFO  server.RaftServerConfigKeys (ConfUtils.java:logGet(43)) - raft.server.storage.dir = [/opt/src/hadoop-ozone/integration-test/target/test-dir/MiniOzoneClusterImpl-6225c502-e6cf-4203-aabd-a785cae5b2dc/datanode-5/data/ratis] (custom)
2019-06-14 10:25:41,286 INFO  server.XceiverServerGrpc (XceiverServerGrpc.java:<init>(97)) - Found a free port for the server : 38091
2019-06-14 10:25:41,287 INFO  replication.SimpleContainerDownloader (SimpleContainerDownloader.java:<init>(72)) - Starting container downloader service to copy containers to replicate.
2019-06-14 10:25:41,288 INFO  hdfs.DFSUtil (DFSUtil.java:httpServerTemplateForNNAndJN(1641)) - Starting Web-server for hddsDatanode at: http://0.0.0.0:0
2019-06-14 10:25:41,289 INFO  server.AuthenticationFilter (AuthenticationFilter.java:constructSecretProvider(240)) - Unable to initialize FileSignerSecretProvider, falling back to use random secrets.
2019-06-14 10:25:41,298 WARN  http.HttpRequestLog (HttpRequestLog.java:getRequestLog(97)) - Jetty request log can only be enabled using Log4j
2019-06-14 10:25:41,300 INFO  http.HttpServer2 (HttpServer2.java:addGlobalFilter(975)) - Added global filter 'safety' (class=org.apache.hadoop.http.HttpServer2$QuotingInputFilter)
2019-06-14 10:25:41,301 INFO  http.HttpServer2 (HttpServer2.java:addFilter(948)) - Added filter static_user_filter (class=org.apache.hadoop.http.lib.StaticUserWebFilter$StaticUserFilter) to context hddsDatanode
2019-06-14 10:25:41,301 INFO  http.HttpServer2 (HttpServer2.java:addFilter(958)) - Added filter static_user_filter (class=org.apache.hadoop.http.lib.StaticUserWebFilter$StaticUserFilter) to context logs
2019-06-14 10:25:41,301 INFO  http.HttpServer2 (HttpServer2.java:addFilter(958)) - Added filter static_user_filter (class=org.apache.hadoop.http.lib.StaticUserWebFilter$StaticUserFilter) to context static
2019-06-14 10:25:41,301 INFO  http.HttpServer2 (HttpServer2.java:bindListener(1191)) - Jetty bound to port 34493
2019-06-14 10:25:41,302 INFO  server.Server (Server.java:doStart(351)) - jetty-9.3.24.v20180605, build timestamp: 2018-06-05T17:11:56Z, git hash: 84205aa28f11a4f31f2a3b86d1bba2cc8ab69827
2019-06-14 10:25:41,310 INFO  handler.ContextHandler (ContextHandler.java:doStart(781)) - Started o.e.j.s.ServletContextHandler@23e61112{/logs,file:///opt/src/hadoop-ozone/integration-test/target/log,AVAILABLE}
2019-06-14 10:25:41,311 INFO  handler.ContextHandler (ContextHandler.java:doStart(781)) - Started o.e.j.s.ServletContextHandler@61b60600{/static,jar:file:/root/.m2/repository/org/apache/hadoop/hadoop-hdds-container-service/0.5.0-SNAPSHOT/hadoop-hdds-container-service-0.5.0-SNAPSHOT.jar!/webapps/static,AVAILABLE}
2019-06-14 10:25:41,340 INFO  handler.ContextHandler (ContextHandler.java:doStart(781)) - Started o.e.j.w.WebAppContext@245cb8df{/,file:///tmp/jetty-0.0.0.0-34493-hddsDatanode-_-any-2401953412362727657.dir/webapp/,AVAILABLE}{/hddsDatanode}
2019-06-14 10:25:41,341 INFO  server.AbstractConnector (AbstractConnector.java:doStart(278)) - Started ServerConnector@26b3c9a2{HTTP/1.1,[http/1.1]}{0.0.0.0:34493}
2019-06-14 10:25:41,342 INFO  server.Server (Server.java:doStart(419)) - Started @5380ms
2019-06-14 10:25:41,342 INFO  server.BaseHttpServer (BaseHttpServer.java:updateConnectorAddress(207)) - HTTP server of HDDSDATANODE is listening at http://0.0.0.0:34493
2019-06-14 10:25:41,516 INFO  ozone.HddsDatanodeService (HddsDatanodeService.java:startPlugins(396)) - Started plug-in org.apache.hadoop.ozone.web.OzoneHddsDatanodeService@4662752a
2019-06-14 10:25:41,517 INFO  ozone.MiniOzoneClusterImpl (MiniOzoneClusterImpl.java:lambda$waitForClusterToBeReady$0(142)) - Waiting for cluster to be ready. Got 0 of 6 DN Heartbeats.
2019-06-14 10:25:41,525 INFO  util.JvmPauseMonitor (JvmPauseMonitor.java:run(188)) - Starting JVM pause monitor
2019-06-14 10:25:41,527 INFO  datanode.InitDatanodeState (InitDatanodeState.java:persistContainerDatanodeDetails(140)) - DatanodeDetails is persisted to /opt/src/hadoop-ozone/integration-test/target/test-dir/MiniOzoneClusterImpl-6225c502-e6cf-4203-aabd-a785cae5b2dc/datanode-5/meta/datanode.id
2019-06-14 10:25:42,362 INFO  ozoneimpl.OzoneContainer (OzoneContainer.java:start(186)) - Attempting to start container services.
2019-06-14 10:25:42,362 INFO  ozoneimpl.OzoneContainer (OzoneContainer.java:startContainerScrub(160)) - Background container scrubber has been disabled by hdds.containerscrub.enabled
2019-06-14 10:25:42,362 INFO  ratis.XceiverServerRatis (XceiverServerRatis.java:start(418)) - Starting XceiverServerRatis d93889ef-1420-4a6d-9d65-abf676522b4c at port 35715
2019-06-14 10:25:42,476 INFO  impl.RaftServerProxy (RaftServerProxy.java:lambda$start$3(299)) - d93889ef-1420-4a6d-9d65-abf676522b4c: start RPC server
2019-06-14 10:25:42,518 INFO  ozone.MiniOzoneClusterImpl (MiniOzoneClusterImpl.java:lambda$waitForClusterToBeReady$0(142)) - Waiting for cluster to be ready. Got 0 of 6 DN Heartbeats.
2019-06-14 10:25:42,562 INFO  ozoneimpl.OzoneContainer (OzoneContainer.java:start(186)) - Attempting to start container services.
2019-06-14 10:25:42,563 INFO  ozoneimpl.OzoneContainer (OzoneContainer.java:startContainerScrub(160)) - Background container scrubber has been disabled by hdds.containerscrub.enabled
2019-06-14 10:25:42,564 INFO  ratis.XceiverServerRatis (XceiverServerRatis.java:start(418)) - Starting XceiverServerRatis da5376a1-c7cf-45b2-bab0-5afd579b7ac2 at port 43937
2019-06-14 10:25:42,655 INFO  impl.RaftServerProxy (RaftServerProxy.java:lambda$start$3(299)) - da5376a1-c7cf-45b2-bab0-5afd579b7ac2: start RPC server
2019-06-14 10:25:42,682 INFO  server.GrpcService (GrpcService.java:startImpl(148)) - d93889ef-1420-4a6d-9d65-abf676522b4c: GrpcService started, listening on 0.0.0.0/0.0.0.0:35715
2019-06-14 10:25:42,682 INFO  server.GrpcService (GrpcService.java:startImpl(148)) - da5376a1-c7cf-45b2-bab0-5afd579b7ac2: GrpcService started, listening on 0.0.0.0/0.0.0.0:43937
2019-06-14 10:25:42,825 INFO  ozoneimpl.OzoneContainer (OzoneContainer.java:start(186)) - Attempting to start container services.
2019-06-14 10:25:42,827 INFO  ozoneimpl.OzoneContainer (OzoneContainer.java:startContainerScrub(160)) - Background container scrubber has been disabled by hdds.containerscrub.enabled
2019-06-14 10:25:42,827 INFO  ratis.XceiverServerRatis (XceiverServerRatis.java:start(418)) - Starting XceiverServerRatis ddf21685-f8b9-4fdb-b58c-7723b49769fa at port 37019
2019-06-14 10:25:42,923 INFO  impl.RaftServerProxy (RaftServerProxy.java:lambda$start$3(299)) - ddf21685-f8b9-4fdb-b58c-7723b49769fa: start RPC server
2019-06-14 10:25:42,925 INFO  server.GrpcService (GrpcService.java:startImpl(148)) - ddf21685-f8b9-4fdb-b58c-7723b49769fa: GrpcService started, listening on 0.0.0.0/0.0.0.0:37019
2019-06-14 10:25:43,082 INFO  ozoneimpl.OzoneContainer (OzoneContainer.java:start(186)) - Attempting to start container services.
2019-06-14 10:25:43,084 INFO  ozoneimpl.OzoneContainer (OzoneContainer.java:startContainerScrub(160)) - Background container scrubber has been disabled by hdds.containerscrub.enabled
2019-06-14 10:25:43,084 INFO  ratis.XceiverServerRatis (XceiverServerRatis.java:start(418)) - Starting XceiverServerRatis c9615246-1672-48c1-81d6-6e7de0a7a84e at port 42761
2019-06-14 10:25:43,090 INFO  impl.RaftServerProxy (RaftServerProxy.java:lambda$start$3(299)) - c9615246-1672-48c1-81d6-6e7de0a7a84e: start RPC server
2019-06-14 10:25:43,092 INFO  server.GrpcService (GrpcService.java:startImpl(148)) - c9615246-1672-48c1-81d6-6e7de0a7a84e: GrpcService started, listening on 0.0.0.0/0.0.0.0:42761
2019-06-14 10:25:43,267 INFO  ozoneimpl.OzoneContainer (OzoneContainer.java:start(186)) - Attempting to start container services.
2019-06-14 10:25:43,268 INFO  ozoneimpl.OzoneContainer (OzoneContainer.java:startContainerScrub(160)) - Background container scrubber has been disabled by hdds.containerscrub.enabled
2019-06-14 10:25:43,268 INFO  ratis.XceiverServerRatis (XceiverServerRatis.java:start(418)) - Starting XceiverServerRatis 36653280-181f-4414-b44f-1898783a8f5e at port 44949
2019-06-14 10:25:43,272 INFO  impl.RaftServerProxy (RaftServerProxy.java:lambda$start$3(299)) - 36653280-181f-4414-b44f-1898783a8f5e: start RPC server
2019-06-14 10:25:43,274 INFO  server.GrpcService (GrpcService.java:startImpl(148)) - 36653280-181f-4414-b44f-1898783a8f5e: GrpcService started, listening on 0.0.0.0/0.0.0.0:44949
2019-06-14 10:25:43,518 INFO  ozone.MiniOzoneClusterImpl (MiniOzoneClusterImpl.java:lambda$waitForClusterToBeReady$0(142)) - Waiting for cluster to be ready. Got 0 of 6 DN Heartbeats.
2019-06-14 10:25:43,533 INFO  ozoneimpl.OzoneContainer (OzoneContainer.java:start(186)) - Attempting to start container services.
2019-06-14 10:25:43,535 INFO  ozoneimpl.OzoneContainer (OzoneContainer.java:startContainerScrub(160)) - Background container scrubber has been disabled by hdds.containerscrub.enabled
2019-06-14 10:25:43,535 INFO  ratis.XceiverServerRatis (XceiverServerRatis.java:start(418)) - Starting XceiverServerRatis 85f51d6b-186a-452d-a318-50e7333a6fee at port 39097
2019-06-14 10:25:43,539 INFO  impl.RaftServerProxy (RaftServerProxy.java:lambda$start$3(299)) - 85f51d6b-186a-452d-a318-50e7333a6fee: start RPC server
2019-06-14 10:25:43,542 INFO  server.GrpcService (GrpcService.java:startImpl(148)) - 85f51d6b-186a-452d-a318-50e7333a6fee: GrpcService started, listening on 0.0.0.0/0.0.0.0:39097
2019-06-14 10:25:44,349 INFO  node.SCMNodeManager (SCMNodeManager.java:register(234)) - Registered Data node : d93889ef-1420-4a6d-9d65-abf676522b4c{ip: 192.168.46.40, host: ozone-cf6ld-438179620, networkLocation: /default-rack, certSerialId: null}
2019-06-14 10:25:44,355 INFO  safemode.SCMSafeModeManager (DataNodeSafeModeRule.java:process(71)) - SCM in safe mode. 1 DataNodes registered, 1 required.
2019-06-14 10:25:44,355 INFO  safemode.SCMSafeModeManager (SCMSafeModeManager.java:validateSafeModeExitRules(177)) - ScmSafeModeManager, all rules are successfully validated
2019-06-14 10:25:44,355 INFO  safemode.SCMSafeModeManager (SCMSafeModeManager.java:exitSafeMode(193)) - SCM exiting safe mode.
2019-06-14 10:25:44,520 INFO  ozone.MiniOzoneClusterImpl (MiniOzoneClusterImpl.java:lambda$waitForClusterToBeReady$0(142)) - Waiting for cluster to be ready. Got 1 of 6 DN Heartbeats.
2019-06-14 10:25:44,556 INFO  node.SCMNodeManager (SCMNodeManager.java:register(234)) - Registered Data node : da5376a1-c7cf-45b2-bab0-5afd579b7ac2{ip: 192.168.46.40, host: ozone-cf6ld-438179620, networkLocation: /default-rack, certSerialId: null}
2019-06-14 10:25:44,726 INFO  impl.RaftServerProxy (RaftServerProxy.java:addNew(89)) - d93889ef-1420-4a6d-9d65-abf676522b4c: addNew group-70FDE3C3085F:[d93889ef-1420-4a6d-9d65-abf676522b4c:192.168.46.40:35715] returns group-70FDE3C3085F:java.util.concurrent.CompletableFuture@70433a9d[Not completed]
2019-06-14 10:25:44,731 INFO  impl.RaftServerImpl (RaftServerImpl.java:<init>(91)) - d93889ef-1420-4a6d-9d65-abf676522b4c: new RaftServerImpl for group-70FDE3C3085F:[d93889ef-1420-4a6d-9d65-abf676522b4c:192.168.46.40:35715] with ContainerStateMachine:uninitialized
2019-06-14 10:25:44,732 INFO  server.RaftServerConfigKeys (ConfUtils.java:logGet(43)) - raft.server.rpc.timeout.min = 1s (custom)
2019-06-14 10:25:44,733 INFO  server.RaftServerConfigKeys (ConfUtils.java:logGet(43)) - raft.server.rpc.timeout.max = 1200ms (custom)
2019-06-14 10:25:44,733 INFO  server.RaftServerConfigKeys (ConfUtils.java:logGet(43)) - raft.server.rpcslowness.timeout = 10s (custom)
2019-06-14 10:25:44,733 INFO  server.RaftServerConfigKeys (ConfUtils.java:logGet(43)) - raft.server.log.appender.install.snapshot.enabled = true (default)
2019-06-14 10:25:44,738 INFO  impl.RaftServerImpl (ServerState.java:<init>(101)) - d93889ef-1420-4a6d-9d65-abf676522b4c:group-70FDE3C3085F ConfigurationManager, init=-1: [d93889ef-1420-4a6d-9d65-abf676522b4c:192.168.46.40:35715], old=null, confs=<EMPTY_MAP>
2019-06-14 10:25:44,739 INFO  server.RaftServerConfigKeys (ConfUtils.java:logGet(43)) - raft.server.storage.dir = [/opt/src/hadoop-ozone/integration-test/target/test-dir/MiniOzoneClusterImpl-6225c502-e6cf-4203-aabd-a785cae5b2dc/datanode-0/data/ratis] (custom)
2019-06-14 10:25:44,744 INFO  storage.RaftStorageDirectory (RaftStorageDirectory.java:analyzeStorage(246)) - The storage directory /opt/src/hadoop-ozone/integration-test/target/test-dir/MiniOzoneClusterImpl-6225c502-e6cf-4203-aabd-a785cae5b2dc/datanode-0/data/ratis/b1125264-cfb7-428e-b99c-70fde3c3085f does not exist. Creating ...
2019-06-14 10:25:44,749 INFO  storage.RaftStorageDirectory (RaftStorageDirectory.java:tryLock(328)) - Lock on /opt/src/hadoop-ozone/integration-test/target/test-dir/MiniOzoneClusterImpl-6225c502-e6cf-4203-aabd-a785cae5b2dc/datanode-0/data/ratis/b1125264-cfb7-428e-b99c-70fde3c3085f/in_use.lock acquired by nodename 10124@ozone-cf6ld-438179620
2019-06-14 10:25:44,753 INFO  storage.RaftStorage (RaftStorage.java:format(75)) - Storage directory /opt/src/hadoop-ozone/integration-test/target/test-dir/MiniOzoneClusterImpl-6225c502-e6cf-4203-aabd-a785cae5b2dc/datanode-0/data/ratis/b1125264-cfb7-428e-b99c-70fde3c3085f has been successfully formatted.
2019-06-14 10:25:44,754 INFO  ratis.ContainerStateMachine (ContainerStateMachine.java:loadSnapshot(199)) - The snapshot info is null.Setting the last applied index to:(t:0, i:~)
2019-06-14 10:25:44,755 INFO  server.RaftServerConfigKeys (ConfUtils.java:logGet(43)) - raft.server.leader.election.timeout = 10s (custom)
2019-06-14 10:25:44,756 INFO  server.RaftServerConfigKeys (ConfUtils.java:logGet(43)) - raft.server.log.use.memory = false (default)
2019-06-14 10:25:44,758 INFO  server.RaftServerConfigKeys (ConfUtils.java:logGet(43)) - raft.server.log.appender.buffer.byte-limit = 33554432 (custom)
2019-06-14 10:25:44,760 INFO  server.RaftServerConfigKeys (ConfUtils.java:logGet(43)) - raft.server.log.segment.size.max = 16384 (custom)
2019-06-14 10:25:44,892 INFO  server.RaftServerConfigKeys (ConfUtils.java:logGet(43)) - raft.server.log.segment.cache.num.max = 2 (custom)
2019-06-14 10:25:44,895 INFO  node.SCMNodeManager (SCMNodeManager.java:register(234)) - Registered Data node : ddf21685-f8b9-4fdb-b58c-7723b49769fa{ip: 192.168.46.40, host: ozone-cf6ld-438179620, networkLocation: /default-rack, certSerialId: null}
2019-06-14 10:25:44,900 INFO  storage.RaftLogWorker (RaftLogWorker.java:<init>(123)) - new d93889ef-1420-4a6d-9d65-abf676522b4c-RaftLogWorker for Storage Directory /opt/src/hadoop-ozone/integration-test/target/test-dir/MiniOzoneClusterImpl-6225c502-e6cf-4203-aabd-a785cae5b2dc/datanode-0/data/ratis/b1125264-cfb7-428e-b99c-70fde3c3085f
2019-06-14 10:25:44,900 INFO  server.RaftServerConfigKeys (ConfUtils.java:logGet(43)) - raft.server.log.queue.byte-limit = 2147483647 (custom)
2019-06-14 10:25:44,901 INFO  server.RaftServerConfigKeys (ConfUtils.java:logGet(43)) - raft.server.log.queue.element-limit = 1024 (custom)
2019-06-14 10:25:44,903 INFO  server.RaftServerConfigKeys (ConfUtils.java:logGet(43)) - raft.server.log.segment.size.max = 16384 (custom)
2019-06-14 10:25:44,904 INFO  server.RaftServerConfigKeys (ConfUtils.java:logGet(43)) - raft.server.log.preallocated.size = 16384 (custom)
2019-06-14 10:25:44,904 INFO  server.RaftServerConfigKeys (ConfUtils.java:logGet(43)) - raft.server.log.write.buffer.size = 33554432 (custom)
2019-06-14 10:25:44,904 INFO  server.RaftServerConfigKeys (ConfUtils.java:logGet(43)) - raft.server.log.force.sync.num = 128 (default)
2019-06-14 10:25:44,906 INFO  server.RaftServerConfigKeys (ConfUtils.java:logGet(43)) - raft.server.log.statemachine.data.sync = true (default)
2019-06-14 10:25:44,906 INFO  server.RaftServerConfigKeys (ConfUtils.java:logGet(43)) - raft.server.log.statemachine.data.sync.timeout = 10s (default)
2019-06-14 10:25:44,906 INFO  server.RaftServerConfigKeys (ConfUtils.java:logGet(43)) - raft.server.log.statemachine.data.sync.timeout.retry = -1 (default)
2019-06-14 10:25:44,909 INFO  server.RaftServerConfigKeys (ConfUtils.java:logGet(43)) - raft.server.log.statemachine.data.caching.enabled = true (custom)
2019-06-14 10:25:44,914 INFO  server.RaftServerConfigKeys (ConfUtils.java:logGet(43)) - raft.server.snapshot.auto.trigger.enabled = true (custom)
2019-06-14 10:25:44,915 INFO  server.RaftServerConfigKeys (ConfUtils.java:logGet(43)) - raft.server.snapshot.auto.trigger.threshold = 10000 (custom)
2019-06-14 10:25:44,916 INFO  server.RaftServerConfigKeys (ConfUtils.java:logGet(43)) - raft.server.retrycache.expirytime = 600000ms (custom)
2019-06-14 10:25:44,935 INFO  impl.RaftServerImpl (RaftServerImpl.java:start(173)) - d93889ef-1420-4a6d-9d65-abf676522b4c: start group-70FDE3C3085F
2019-06-14 10:25:44,936 INFO  impl.RaftServerImpl (RaftServerImpl.java:setRole(164)) - d93889ef-1420-4a6d-9d65-abf676522b4c:group-70FDE3C3085F changes role from null to FOLLOWER at term 0 for startAsFollower
2019-06-14 10:25:44,937 INFO  impl.RoleInfo (RoleInfo.java:updateAndGet(143)) - d93889ef-1420-4a6d-9d65-abf676522b4c: start FollowerState
2019-06-14 10:25:44,939 INFO  util.JmxRegister (JmxRegister.java:tryRegister(44)) - Successfully registered JMX Bean with object name Ratis:service=RaftServer,group=group-70FDE3C3085F,id=d93889ef-1420-4a6d-9d65-abf676522b4c
2019-06-14 10:25:44,983 INFO  pipeline.PipelineStateManager (PipelineStateManager.java:addPipeline(56)) - Created pipeline Pipeline[ Id: b1125264-cfb7-428e-b99c-70fde3c3085f, Nodes: d93889ef-1420-4a6d-9d65-abf676522b4c{ip: 192.168.46.40, host: ozone-cf6ld-438179620, networkLocation: /default-rack, certSerialId: null}, Type:RATIS, Factor:ONE, State:OPEN]
2019-06-14 10:25:45,006 INFO  impl.RaftServerProxy (RaftServerProxy.java:addNew(89)) - ddf21685-f8b9-4fdb-b58c-7723b49769fa: addNew group-6E574B378035:[ddf21685-f8b9-4fdb-b58c-7723b49769fa:192.168.46.40:37019] returns group-6E574B378035:java.util.concurrent.CompletableFuture@92795[Not completed]
2019-06-14 10:25:45,006 INFO  impl.RaftServerImpl (RaftServerImpl.java:<init>(91)) - ddf21685-f8b9-4fdb-b58c-7723b49769fa: new RaftServerImpl for group-6E574B378035:[ddf21685-f8b9-4fdb-b58c-7723b49769fa:192.168.46.40:37019] with ContainerStateMachine:uninitialized
2019-06-14 10:25:45,008 INFO  server.RaftServerConfigKeys (ConfUtils.java:logGet(43)) - raft.server.rpc.timeout.min = 1s (custom)
2019-06-14 10:25:45,008 INFO  server.RaftServerConfigKeys (ConfUtils.java:logGet(43)) - raft.server.rpc.timeout.max = 1200ms (custom)
2019-06-14 10:25:45,008 INFO  server.RaftServerConfigKeys (ConfUtils.java:logGet(43)) - raft.server.rpcslowness.timeout = 10s (custom)
2019-06-14 10:25:45,008 INFO  server.RaftServerConfigKeys (ConfUtils.java:logGet(43)) - raft.server.log.appender.install.snapshot.enabled = true (default)
2019-06-14 10:25:45,008 INFO  impl.RaftServerImpl (ServerState.java:<init>(101)) - ddf21685-f8b9-4fdb-b58c-7723b49769fa:group-6E574B378035 ConfigurationManager, init=-1: [ddf21685-f8b9-4fdb-b58c-7723b49769fa:192.168.46.40:37019], old=null, confs=<EMPTY_MAP>
2019-06-14 10:25:45,008 INFO  server.RaftServerConfigKeys (ConfUtils.java:logGet(43)) - raft.server.storage.dir = [/opt/src/hadoop-ozone/integration-test/target/test-dir/MiniOzoneClusterImpl-6225c502-e6cf-4203-aabd-a785cae5b2dc/datanode-2/data/ratis] (custom)
2019-06-14 10:25:45,009 INFO  storage.RaftStorageDirectory (RaftStorageDirectory.java:analyzeStorage(246)) - The storage directory /opt/src/hadoop-ozone/integration-test/target/test-dir/MiniOzoneClusterImpl-6225c502-e6cf-4203-aabd-a785cae5b2dc/datanode-2/data/ratis/ec58a482-1f22-4f0b-acc2-6e574b378035 does not exist. Creating ...
2019-06-14 10:25:45,011 INFO  storage.RaftStorageDirectory (RaftStorageDirectory.java:tryLock(328)) - Lock on /opt/src/hadoop-ozone/integration-test/target/test-dir/MiniOzoneClusterImpl-6225c502-e6cf-4203-aabd-a785cae5b2dc/datanode-2/data/ratis/ec58a482-1f22-4f0b-acc2-6e574b378035/in_use.lock acquired by nodename 10124@ozone-cf6ld-438179620
2019-06-14 10:25:45,013 INFO  storage.RaftStorage (RaftStorage.java:format(75)) - Storage directory /opt/src/hadoop-ozone/integration-test/target/test-dir/MiniOzoneClusterImpl-6225c502-e6cf-4203-aabd-a785cae5b2dc/datanode-2/data/ratis/ec58a482-1f22-4f0b-acc2-6e574b378035 has been successfully formatted.
2019-06-14 10:25:45,014 INFO  ratis.ContainerStateMachine (ContainerStateMachine.java:loadSnapshot(199)) - The snapshot info is null.Setting the last applied index to:(t:0, i:~)
2019-06-14 10:25:45,014 INFO  server.RaftServerConfigKeys (ConfUtils.java:logGet(43)) - raft.server.leader.election.timeout = 10s (custom)
2019-06-14 10:25:45,014 INFO  server.RaftServerConfigKeys (ConfUtils.java:logGet(43)) - raft.server.log.use.memory = false (default)
2019-06-14 10:25:45,014 INFO  server.RaftServerConfigKeys (ConfUtils.java:logGet(43)) - raft.server.log.appender.buffer.byte-limit = 33554432 (custom)
2019-06-14 10:25:45,014 INFO  server.RaftServerConfigKeys (ConfUtils.java:logGet(43)) - raft.server.log.segment.size.max = 16384 (custom)
2019-06-14 10:25:45,014 INFO  server.RaftServerConfigKeys (ConfUtils.java:logGet(43)) - raft.server.log.segment.cache.num.max = 2 (custom)
2019-06-14 10:25:45,014 INFO  storage.RaftLogWorker (RaftLogWorker.java:<init>(123)) - new ddf21685-f8b9-4fdb-b58c-7723b49769fa-RaftLogWorker for Storage Directory /opt/src/hadoop-ozone/integration-test/target/test-dir/MiniOzoneClusterImpl-6225c502-e6cf-4203-aabd-a785cae5b2dc/datanode-2/data/ratis/ec58a482-1f22-4f0b-acc2-6e574b378035
2019-06-14 10:25:45,016 INFO  server.RaftServerConfigKeys (ConfUtils.java:logGet(43)) - raft.server.log.queue.byte-limit = 2147483647 (custom)
2019-06-14 10:25:45,016 INFO  server.RaftServerConfigKeys (ConfUtils.java:logGet(43)) - raft.server.log.queue.element-limit = 1024 (custom)
2019-06-14 10:25:45,016 INFO  server.RaftServerConfigKeys (ConfUtils.java:logGet(43)) - raft.server.log.segment.size.max = 16384 (custom)
2019-06-14 10:25:45,016 INFO  server.RaftServerConfigKeys (ConfUtils.java:logGet(43)) - raft.server.log.preallocated.size = 16384 (custom)
2019-06-14 10:25:45,016 INFO  server.RaftServerConfigKeys (ConfUtils.java:logGet(43)) - raft.server.log.write.buffer.size = 33554432 (custom)
2019-06-14 10:25:45,016 INFO  server.RaftServerConfigKeys (ConfUtils.java:logGet(43)) - raft.server.log.force.sync.num = 128 (default)
2019-06-14 10:25:45,016 INFO  server.RaftServerConfigKeys (ConfUtils.java:logGet(43)) - raft.server.log.statemachine.data.sync = true (default)
2019-06-14 10:25:45,016 INFO  server.RaftServerConfigKeys (ConfUtils.java:logGet(43)) - raft.server.log.statemachine.data.sync.timeout = 10s (default)
2019-06-14 10:25:45,016 INFO  server.RaftServerConfigKeys (ConfUtils.java:logGet(43)) - raft.server.log.statemachine.data.sync.timeout.retry = -1 (default)
2019-06-14 10:25:45,017 INFO  server.RaftServerConfigKeys (ConfUtils.java:logGet(43)) - raft.server.log.statemachine.data.caching.enabled = true (custom)
2019-06-14 10:25:45,017 INFO  server.RaftServerConfigKeys (ConfUtils.java:logGet(43)) - raft.server.snapshot.auto.trigger.enabled = true (custom)
2019-06-14 10:25:45,017 INFO  server.RaftServerConfigKeys (ConfUtils.java:logGet(43)) - raft.server.snapshot.auto.trigger.threshold = 10000 (custom)
2019-06-14 10:25:45,017 INFO  server.RaftServerConfigKeys (ConfUtils.java:logGet(43)) - raft.server.retrycache.expirytime = 600000ms (custom)
2019-06-14 10:25:45,017 INFO  impl.RaftServerImpl (RaftServerImpl.java:start(173)) - ddf21685-f8b9-4fdb-b58c-7723b49769fa: start group-6E574B378035
2019-06-14 10:25:45,018 INFO  impl.RaftServerImpl (RaftServerImpl.java:setRole(164)) - ddf21685-f8b9-4fdb-b58c-7723b49769fa:group-6E574B378035 changes role from null to FOLLOWER at term 0 for startAsFollower
2019-06-14 10:25:45,018 INFO  impl.RoleInfo (RoleInfo.java:updateAndGet(143)) - ddf21685-f8b9-4fdb-b58c-7723b49769fa: start FollowerState
2019-06-14 10:25:45,019 INFO  util.JmxRegister (JmxRegister.java:tryRegister(44)) - Successfully registered JMX Bean with object name Ratis:service=RaftServer,group=group-6E574B378035,id=ddf21685-f8b9-4fdb-b58c-7723b49769fa
2019-06-14 10:25:45,031 INFO  pipeline.PipelineStateManager (PipelineStateManager.java:addPipeline(56)) - Created pipeline Pipeline[ Id: ec58a482-1f22-4f0b-acc2-6e574b378035, Nodes: ddf21685-f8b9-4fdb-b58c-7723b49769fa{ip: 192.168.46.40, host: ozone-cf6ld-438179620, networkLocation: /default-rack, certSerialId: null}, Type:RATIS, Factor:ONE, State:OPEN]
2019-06-14 10:25:45,051 INFO  impl.RaftServerProxy (RaftServerProxy.java:addNew(89)) - da5376a1-c7cf-45b2-bab0-5afd579b7ac2: addNew group-4070385FE316:[da5376a1-c7cf-45b2-bab0-5afd579b7ac2:192.168.46.40:43937] returns group-4070385FE316:java.util.concurrent.CompletableFuture@5822ab8b[Not completed]
2019-06-14 10:25:45,080 INFO  impl.RaftServerImpl (RaftServerImpl.java:<init>(91)) - da5376a1-c7cf-45b2-bab0-5afd579b7ac2: new RaftServerImpl for group-4070385FE316:[da5376a1-c7cf-45b2-bab0-5afd579b7ac2:192.168.46.40:43937] with ContainerStateMachine:uninitialized
2019-06-14 10:25:45,081 INFO  server.RaftServerConfigKeys (ConfUtils.java:logGet(43)) - raft.server.rpc.timeout.min = 1s (custom)
2019-06-14 10:25:45,081 INFO  node.SCMNodeManager (SCMNodeManager.java:register(234)) - Registered Data node : c9615246-1672-48c1-81d6-6e7de0a7a84e{ip: 192.168.46.40, host: ozone-cf6ld-438179620, networkLocation: /default-rack, certSerialId: null}
2019-06-14 10:25:45,081 INFO  server.RaftServerConfigKeys (ConfUtils.java:logGet(43)) - raft.server.rpc.timeout.max = 1200ms (custom)
2019-06-14 10:25:45,081 INFO  server.RaftServerConfigKeys (ConfUtils.java:logGet(43)) - raft.server.rpcslowness.timeout = 10s (custom)
2019-06-14 10:25:45,081 INFO  server.RaftServerConfigKeys (ConfUtils.java:logGet(43)) - raft.server.log.appender.install.snapshot.enabled = true (default)
2019-06-14 10:25:45,081 INFO  impl.RaftServerImpl (ServerState.java:<init>(101)) - da5376a1-c7cf-45b2-bab0-5afd579b7ac2:group-4070385FE316 ConfigurationManager, init=-1: [da5376a1-c7cf-45b2-bab0-5afd579b7ac2:192.168.46.40:43937], old=null, confs=<EMPTY_MAP>
2019-06-14 10:25:45,081 INFO  server.RaftServerConfigKeys (ConfUtils.java:logGet(43)) - raft.server.storage.dir = [/opt/src/hadoop-ozone/integration-test/target/test-dir/MiniOzoneClusterImpl-6225c502-e6cf-4203-aabd-a785cae5b2dc/datanode-1/data/ratis] (custom)
2019-06-14 10:25:45,082 INFO  storage.RaftStorageDirectory (RaftStorageDirectory.java:analyzeStorage(246)) - The storage directory /opt/src/hadoop-ozone/integration-test/target/test-dir/MiniOzoneClusterImpl-6225c502-e6cf-4203-aabd-a785cae5b2dc/datanode-1/data/ratis/1c7fb528-d7c8-4d08-a761-4070385fe316 does not exist. Creating ...
2019-06-14 10:25:45,085 INFO  storage.RaftStorageDirectory (RaftStorageDirectory.java:tryLock(328)) - Lock on /opt/src/hadoop-ozone/integration-test/target/test-dir/MiniOzoneClusterImpl-6225c502-e6cf-4203-aabd-a785cae5b2dc/datanode-1/data/ratis/1c7fb528-d7c8-4d08-a761-4070385fe316/in_use.lock acquired by nodename 10124@ozone-cf6ld-438179620
2019-06-14 10:25:45,087 INFO  storage.RaftStorage (RaftStorage.java:format(75)) - Storage directory /opt/src/hadoop-ozone/integration-test/target/test-dir/MiniOzoneClusterImpl-6225c502-e6cf-4203-aabd-a785cae5b2dc/datanode-1/data/ratis/1c7fb528-d7c8-4d08-a761-4070385fe316 has been successfully formatted.
2019-06-14 10:25:45,088 INFO  ratis.ContainerStateMachine (ContainerStateMachine.java:loadSnapshot(199)) - The snapshot info is null.Setting the last applied index to:(t:0, i:~)
2019-06-14 10:25:45,089 INFO  server.RaftServerConfigKeys (ConfUtils.java:logGet(43)) - raft.server.leader.election.timeout = 10s (custom)
2019-06-14 10:25:45,089 INFO  server.RaftServerConfigKeys (ConfUtils.java:logGet(43)) - raft.server.log.use.memory = false (default)
2019-06-14 10:25:45,089 INFO  server.RaftServerConfigKeys (ConfUtils.java:logGet(43)) - raft.server.log.appender.buffer.byte-limit = 33554432 (custom)
2019-06-14 10:25:45,089 INFO  server.RaftServerConfigKeys (ConfUtils.java:logGet(43)) - raft.server.log.segment.size.max = 16384 (custom)
2019-06-14 10:25:45,089 INFO  server.RaftServerConfigKeys (ConfUtils.java:logGet(43)) - raft.server.log.segment.cache.num.max = 2 (custom)
2019-06-14 10:25:45,089 INFO  storage.RaftLogWorker (RaftLogWorker.java:<init>(123)) - new da5376a1-c7cf-45b2-bab0-5afd579b7ac2-RaftLogWorker for Storage Directory /opt/src/hadoop-ozone/integration-test/target/test-dir/MiniOzoneClusterImpl-6225c502-e6cf-4203-aabd-a785cae5b2dc/datanode-1/data/ratis/1c7fb528-d7c8-4d08-a761-4070385fe316
2019-06-14 10:25:45,089 INFO  server.RaftServerConfigKeys (ConfUtils.java:logGet(43)) - raft.server.log.queue.byte-limit = 2147483647 (custom)
2019-06-14 10:25:45,090 INFO  server.RaftServerConfigKeys (ConfUtils.java:logGet(43)) - raft.server.log.queue.element-limit = 1024 (custom)
2019-06-14 10:25:45,090 INFO  server.RaftServerConfigKeys (ConfUtils.java:logGet(43)) - raft.server.log.segment.size.max = 16384 (custom)
2019-06-14 10:25:45,090 INFO  server.RaftServerConfigKeys (ConfUtils.java:logGet(43)) - raft.server.log.preallocated.size = 16384 (custom)
2019-06-14 10:25:45,090 INFO  server.RaftServerConfigKeys (ConfUtils.java:logGet(43)) - raft.server.log.write.buffer.size = 33554432 (custom)
2019-06-14 10:25:45,090 INFO  server.RaftServerConfigKeys (ConfUtils.java:logGet(43)) - raft.server.log.force.sync.num = 128 (default)
2019-06-14 10:25:45,090 INFO  server.RaftServerConfigKeys (ConfUtils.java:logGet(43)) - raft.server.log.statemachine.data.sync = true (default)
2019-06-14 10:25:45,090 INFO  server.RaftServerConfigKeys (ConfUtils.java:logGet(43)) - raft.server.log.statemachine.data.sync.timeout = 10s (default)
2019-06-14 10:25:45,090 INFO  server.RaftServerConfigKeys (ConfUtils.java:logGet(43)) - raft.server.log.statemachine.data.sync.timeout.retry = -1 (default)
2019-06-14 10:25:45,090 INFO  server.RaftServerConfigKeys (ConfUtils.java:logGet(43)) - raft.server.log.statemachine.data.caching.enabled = true (custom)
2019-06-14 10:25:45,091 INFO  server.RaftServerConfigKeys (ConfUtils.java:logGet(43)) - raft.server.snapshot.auto.trigger.enabled = true (custom)
2019-06-14 10:25:45,091 INFO  server.RaftServerConfigKeys (ConfUtils.java:logGet(43)) - raft.server.snapshot.auto.trigger.threshold = 10000 (custom)
2019-06-14 10:25:45,091 INFO  server.RaftServerConfigKeys (ConfUtils.java:logGet(43)) - raft.server.retrycache.expirytime = 600000ms (custom)
2019-06-14 10:25:45,091 INFO  impl.RaftServerImpl (RaftServerImpl.java:start(173)) - da5376a1-c7cf-45b2-bab0-5afd579b7ac2: start group-4070385FE316
2019-06-14 10:25:45,092 INFO  impl.RaftServerImpl (RaftServerImpl.java:setRole(164)) - da5376a1-c7cf-45b2-bab0-5afd579b7ac2:group-4070385FE316 changes role from null to FOLLOWER at term 0 for startAsFollower
2019-06-14 10:25:45,092 INFO  impl.RoleInfo (RoleInfo.java:updateAndGet(143)) - da5376a1-c7cf-45b2-bab0-5afd579b7ac2: start FollowerState
2019-06-14 10:25:45,092 INFO  util.JmxRegister (JmxRegister.java:tryRegister(44)) - Successfully registered JMX Bean with object name Ratis:service=RaftServer,group=group-4070385FE316,id=da5376a1-c7cf-45b2-bab0-5afd579b7ac2
2019-06-14 10:25:45,101 INFO  pipeline.PipelineStateManager (PipelineStateManager.java:addPipeline(56)) - Created pipeline Pipeline[ Id: 1c7fb528-d7c8-4d08-a761-4070385fe316, Nodes: da5376a1-c7cf-45b2-bab0-5afd579b7ac2{ip: 192.168.46.40, host: ozone-cf6ld-438179620, networkLocation: /default-rack, certSerialId: null}, Type:RATIS, Factor:ONE, State:OPEN]
2019-06-14 10:25:45,117 INFO  impl.RaftServerProxy (RaftServerProxy.java:addNew(89)) - c9615246-1672-48c1-81d6-6e7de0a7a84e: addNew group-15B9AFF20F12:[c9615246-1672-48c1-81d6-6e7de0a7a84e:192.168.46.40:42761] returns group-15B9AFF20F12:java.util.concurrent.CompletableFuture@5f9dfeae[Not completed]
2019-06-14 10:25:45,122 INFO  impl.RaftServerImpl (RaftServerImpl.java:<init>(91)) - c9615246-1672-48c1-81d6-6e7de0a7a84e: new RaftServerImpl for group-15B9AFF20F12:[c9615246-1672-48c1-81d6-6e7de0a7a84e:192.168.46.40:42761] with ContainerStateMachine:uninitialized
2019-06-14 10:25:45,122 INFO  server.RaftServerConfigKeys (ConfUtils.java:logGet(43)) - raft.server.rpc.timeout.min = 1s (custom)
2019-06-14 10:25:45,122 INFO  server.RaftServerConfigKeys (ConfUtils.java:logGet(43)) - raft.server.rpc.timeout.max = 1200ms (custom)
2019-06-14 10:25:45,122 INFO  server.RaftServerConfigKeys (ConfUtils.java:logGet(43)) - raft.server.rpcslowness.timeout = 10s (custom)
2019-06-14 10:25:45,122 INFO  server.RaftServerConfigKeys (ConfUtils.java:logGet(43)) - raft.server.log.appender.install.snapshot.enabled = true (default)
2019-06-14 10:25:45,123 INFO  impl.RaftServerImpl (ServerState.java:<init>(101)) - c9615246-1672-48c1-81d6-6e7de0a7a84e:group-15B9AFF20F12 ConfigurationManager, init=-1: [c9615246-1672-48c1-81d6-6e7de0a7a84e:192.168.46.40:42761], old=null, confs=<EMPTY_MAP>
2019-06-14 10:25:45,123 INFO  server.RaftServerConfigKeys (ConfUtils.java:logGet(43)) - raft.server.storage.dir = [/opt/src/hadoop-ozone/integration-test/target/test-dir/MiniOzoneClusterImpl-6225c502-e6cf-4203-aabd-a785cae5b2dc/datanode-3/data/ratis] (custom)
2019-06-14 10:25:45,123 INFO  storage.RaftStorageDirectory (RaftStorageDirectory.java:analyzeStorage(246)) - The storage directory /opt/src/hadoop-ozone/integration-test/target/test-dir/MiniOzoneClusterImpl-6225c502-e6cf-4203-aabd-a785cae5b2dc/datanode-3/data/ratis/92c3e69b-794e-471e-8962-15b9aff20f12 does not exist. Creating ...
2019-06-14 10:25:45,125 INFO  storage.RaftStorageDirectory (RaftStorageDirectory.java:tryLock(328)) - Lock on /opt/src/hadoop-ozone/integration-test/target/test-dir/MiniOzoneClusterImpl-6225c502-e6cf-4203-aabd-a785cae5b2dc/datanode-3/data/ratis/92c3e69b-794e-471e-8962-15b9aff20f12/in_use.lock acquired by nodename 10124@ozone-cf6ld-438179620
2019-06-14 10:25:45,127 INFO  storage.RaftStorage (RaftStorage.java:format(75)) - Storage directory /opt/src/hadoop-ozone/integration-test/target/test-dir/MiniOzoneClusterImpl-6225c502-e6cf-4203-aabd-a785cae5b2dc/datanode-3/data/ratis/92c3e69b-794e-471e-8962-15b9aff20f12 has been successfully formatted.
2019-06-14 10:25:45,127 INFO  ratis.ContainerStateMachine (ContainerStateMachine.java:loadSnapshot(199)) - The snapshot info is null.Setting the last applied index to:(t:0, i:~)
2019-06-14 10:25:45,127 INFO  server.RaftServerConfigKeys (ConfUtils.java:logGet(43)) - raft.server.leader.election.timeout = 10s (custom)
2019-06-14 10:25:45,127 INFO  server.RaftServerConfigKeys (ConfUtils.java:logGet(43)) - raft.server.log.use.memory = false (default)
2019-06-14 10:25:45,128 INFO  server.RaftServerConfigKeys (ConfUtils.java:logGet(43)) - raft.server.log.appender.buffer.byte-limit = 33554432 (custom)
2019-06-14 10:25:45,128 INFO  server.RaftServerConfigKeys (ConfUtils.java:logGet(43)) - raft.server.log.segment.size.max = 16384 (custom)
2019-06-14 10:25:45,128 INFO  server.RaftServerConfigKeys (ConfUtils.java:logGet(43)) - raft.server.log.segment.cache.num.max = 2 (custom)
2019-06-14 10:25:45,128 INFO  storage.RaftLogWorker (RaftLogWorker.java:<init>(123)) - new c9615246-1672-48c1-81d6-6e7de0a7a84e-RaftLogWorker for Storage Directory /opt/src/hadoop-ozone/integration-test/target/test-dir/MiniOzoneClusterImpl-6225c502-e6cf-4203-aabd-a785cae5b2dc/datanode-3/data/ratis/92c3e69b-794e-471e-8962-15b9aff20f12
2019-06-14 10:25:45,128 INFO  server.RaftServerConfigKeys (ConfUtils.java:logGet(43)) - raft.server.log.queue.byte-limit = 2147483647 (custom)
2019-06-14 10:25:45,128 INFO  server.RaftServerConfigKeys (ConfUtils.java:logGet(43)) - raft.server.log.queue.element-limit = 1024 (custom)
2019-06-14 10:25:45,128 INFO  server.RaftServerConfigKeys (ConfUtils.java:logGet(43)) - raft.server.log.segment.size.max = 16384 (custom)
2019-06-14 10:25:45,128 INFO  server.RaftServerConfigKeys (ConfUtils.java:logGet(43)) - raft.server.log.preallocated.size = 16384 (custom)
2019-06-14 10:25:45,128 INFO  server.RaftServerConfigKeys (ConfUtils.java:logGet(43)) - raft.server.log.write.buffer.size = 33554432 (custom)
2019-06-14 10:25:45,129 INFO  server.RaftServerConfigKeys (ConfUtils.java:logGet(43)) - raft.server.log.force.sync.num = 128 (default)
2019-06-14 10:25:45,129 INFO  server.RaftServerConfigKeys (ConfUtils.java:logGet(43)) - raft.server.log.statemachine.data.sync = true (default)
2019-06-14 10:25:45,129 INFO  server.RaftServerConfigKeys (ConfUtils.java:logGet(43)) - raft.server.log.statemachine.data.sync.timeout = 10s (default)
2019-06-14 10:25:45,129 INFO  server.RaftServerConfigKeys (ConfUtils.java:logGet(43)) - raft.server.log.statemachine.data.sync.timeout.retry = -1 (default)
2019-06-14 10:25:45,129 INFO  server.RaftServerConfigKeys (ConfUtils.java:logGet(43)) - raft.server.log.statemachine.data.caching.enabled = true (custom)
2019-06-14 10:25:45,129 INFO  server.RaftServerConfigKeys (ConfUtils.java:logGet(43)) - raft.server.snapshot.auto.trigger.enabled = true (custom)
2019-06-14 10:25:45,130 INFO  server.RaftServerConfigKeys (ConfUtils.java:logGet(43)) - raft.server.snapshot.auto.trigger.threshold = 10000 (custom)
2019-06-14 10:25:45,130 INFO  server.RaftServerConfigKeys (ConfUtils.java:logGet(43)) - raft.server.retrycache.expirytime = 600000ms (custom)
2019-06-14 10:25:45,130 INFO  impl.RaftServerImpl (RaftServerImpl.java:start(173)) - c9615246-1672-48c1-81d6-6e7de0a7a84e: start group-15B9AFF20F12
2019-06-14 10:25:45,130 INFO  impl.RaftServerImpl (RaftServerImpl.java:setRole(164)) - c9615246-1672-48c1-81d6-6e7de0a7a84e:group-15B9AFF20F12 changes role from null to FOLLOWER at term 0 for startAsFollower
2019-06-14 10:25:45,130 INFO  impl.RoleInfo (RoleInfo.java:updateAndGet(143)) - c9615246-1672-48c1-81d6-6e7de0a7a84e: start FollowerState
2019-06-14 10:25:45,130 INFO  util.JmxRegister (JmxRegister.java:tryRegister(44)) - Successfully registered JMX Bean with object name Ratis:service=RaftServer,group=group-15B9AFF20F12,id=c9615246-1672-48c1-81d6-6e7de0a7a84e
2019-06-14 10:25:45,141 INFO  pipeline.PipelineStateManager (PipelineStateManager.java:addPipeline(56)) - Created pipeline Pipeline[ Id: 92c3e69b-794e-471e-8962-15b9aff20f12, Nodes: c9615246-1672-48c1-81d6-6e7de0a7a84e{ip: 192.168.46.40, host: ozone-cf6ld-438179620, networkLocation: /default-rack, certSerialId: null}, Type:RATIS, Factor:ONE, State:OPEN]
2019-06-14 10:25:45,178 INFO  impl.RaftServerProxy (RaftServerProxy.java:addNew(89)) - d93889ef-1420-4a6d-9d65-abf676522b4c: addNew group-66BFAF578A48:[c9615246-1672-48c1-81d6-6e7de0a7a84e:192.168.46.40:42761, d93889ef-1420-4a6d-9d65-abf676522b4c:192.168.46.40:35715, ddf21685-f8b9-4fdb-b58c-7723b49769fa:192.168.46.40:37019] returns group-66BFAF578A48:java.util.concurrent.CompletableFuture@72735902[Not completed]
2019-06-14 10:25:45,179 INFO  impl.RaftServerProxy (RaftServerProxy.java:addNew(89)) - ddf21685-f8b9-4fdb-b58c-7723b49769fa: addNew group-66BFAF578A48:[c9615246-1672-48c1-81d6-6e7de0a7a84e:192.168.46.40:42761, d93889ef-1420-4a6d-9d65-abf676522b4c:192.168.46.40:35715, ddf21685-f8b9-4fdb-b58c-7723b49769fa:192.168.46.40:37019] returns group-66BFAF578A48:java.util.concurrent.CompletableFuture@253bdfe2[Not completed]
2019-06-14 10:25:45,179 INFO  impl.RaftServerProxy (RaftServerProxy.java:addNew(89)) - c9615246-1672-48c1-81d6-6e7de0a7a84e: addNew group-66BFAF578A48:[c9615246-1672-48c1-81d6-6e7de0a7a84e:192.168.46.40:42761, d93889ef-1420-4a6d-9d65-abf676522b4c:192.168.46.40:35715, ddf21685-f8b9-4fdb-b58c-7723b49769fa:192.168.46.40:37019] returns group-66BFAF578A48:java.util.concurrent.CompletableFuture@283c2207[Not completed]
2019-06-14 10:25:45,179 INFO  impl.RaftServerImpl (RaftServerImpl.java:<init>(91)) - d93889ef-1420-4a6d-9d65-abf676522b4c: new RaftServerImpl for group-66BFAF578A48:[c9615246-1672-48c1-81d6-6e7de0a7a84e:192.168.46.40:42761, d93889ef-1420-4a6d-9d65-abf676522b4c:192.168.46.40:35715, ddf21685-f8b9-4fdb-b58c-7723b49769fa:192.168.46.40:37019] with ContainerStateMachine:uninitialized
2019-06-14 10:25:45,179 INFO  server.RaftServerConfigKeys (ConfUtils.java:logGet(43)) - raft.server.rpc.timeout.min = 1s (custom)
2019-06-14 10:25:45,180 INFO  server.RaftServerConfigKeys (ConfUtils.java:logGet(43)) - raft.server.rpc.timeout.max = 1200ms (custom)
2019-06-14 10:25:45,180 INFO  server.RaftServerConfigKeys (ConfUtils.java:logGet(43)) - raft.server.rpcslowness.timeout = 10s (custom)
2019-06-14 10:25:45,180 INFO  server.RaftServerConfigKeys (ConfUtils.java:logGet(43)) - raft.server.log.appender.install.snapshot.enabled = true (default)
2019-06-14 10:25:45,180 INFO  impl.RaftServerImpl (RaftServerImpl.java:<init>(91)) - c9615246-1672-48c1-81d6-6e7de0a7a84e: new RaftServerImpl for group-66BFAF578A48:[c9615246-1672-48c1-81d6-6e7de0a7a84e:192.168.46.40:42761, d93889ef-1420-4a6d-9d65-abf676522b4c:192.168.46.40:35715, ddf21685-f8b9-4fdb-b58c-7723b49769fa:192.168.46.40:37019] with ContainerStateMachine:uninitialized
2019-06-14 10:25:45,180 INFO  server.RaftServerConfigKeys (ConfUtils.java:logGet(43)) - raft.server.rpc.timeout.min = 1s (custom)
2019-06-14 10:25:45,180 INFO  server.RaftServerConfigKeys (ConfUtils.java:logGet(43)) - raft.server.rpc.timeout.max = 1200ms (custom)
2019-06-14 10:25:45,180 INFO  server.RaftServerConfigKeys (ConfUtils.java:logGet(43)) - raft.server.rpcslowness.timeout = 10s (custom)
2019-06-14 10:25:45,180 INFO  server.RaftServerConfigKeys (ConfUtils.java:logGet(43)) - raft.server.log.appender.install.snapshot.enabled = true (default)
2019-06-14 10:25:45,180 INFO  impl.RaftServerImpl (ServerState.java:<init>(101)) - c9615246-1672-48c1-81d6-6e7de0a7a84e:group-66BFAF578A48 ConfigurationManager, init=-1: [c9615246-1672-48c1-81d6-6e7de0a7a84e:192.168.46.40:42761, d93889ef-1420-4a6d-9d65-abf676522b4c:192.168.46.40:35715, ddf21685-f8b9-4fdb-b58c-7723b49769fa:192.168.46.40:37019], old=null, confs=<EMPTY_MAP>
2019-06-14 10:25:45,180 INFO  impl.RaftServerImpl (ServerState.java:<init>(101)) - d93889ef-1420-4a6d-9d65-abf676522b4c:group-66BFAF578A48 ConfigurationManager, init=-1: [c9615246-1672-48c1-81d6-6e7de0a7a84e:192.168.46.40:42761, d93889ef-1420-4a6d-9d65-abf676522b4c:192.168.46.40:35715, ddf21685-f8b9-4fdb-b58c-7723b49769fa:192.168.46.40:37019], old=null, confs=<EMPTY_MAP>
2019-06-14 10:25:45,181 INFO  server.RaftServerConfigKeys (ConfUtils.java:logGet(43)) - raft.server.storage.dir = [/opt/src/hadoop-ozone/integration-test/target/test-dir/MiniOzoneClusterImpl-6225c502-e6cf-4203-aabd-a785cae5b2dc/datanode-3/data/ratis] (custom)
2019-06-14 10:25:45,180 INFO  impl.RaftServerImpl (RaftServerImpl.java:<init>(91)) - ddf21685-f8b9-4fdb-b58c-7723b49769fa: new RaftServerImpl for group-66BFAF578A48:[c9615246-1672-48c1-81d6-6e7de0a7a84e:192.168.46.40:42761, d93889ef-1420-4a6d-9d65-abf676522b4c:192.168.46.40:35715, ddf21685-f8b9-4fdb-b58c-7723b49769fa:192.168.46.40:37019] with ContainerStateMachine:uninitialized
2019-06-14 10:25:45,181 INFO  server.RaftServerConfigKeys (ConfUtils.java:logGet(43)) - raft.server.rpc.timeout.min = 1s (custom)
2019-06-14 10:25:45,181 INFO  storage.RaftStorageDirectory (RaftStorageDirectory.java:analyzeStorage(246)) - The storage directory /opt/src/hadoop-ozone/integration-test/target/test-dir/MiniOzoneClusterImpl-6225c502-e6cf-4203-aabd-a785cae5b2dc/datanode-3/data/ratis/c2a85a7e-b588-465c-8930-66bfaf578a48 does not exist. Creating ...
2019-06-14 10:25:45,181 INFO  server.RaftServerConfigKeys (ConfUtils.java:logGet(43)) - raft.server.storage.dir = [/opt/src/hadoop-ozone/integration-test/target/test-dir/MiniOzoneClusterImpl-6225c502-e6cf-4203-aabd-a785cae5b2dc/datanode-0/data/ratis] (custom)
2019-06-14 10:25:45,181 INFO  storage.RaftStorageDirectory (RaftStorageDirectory.java:analyzeStorage(246)) - The storage directory /opt/src/hadoop-ozone/integration-test/target/test-dir/MiniOzoneClusterImpl-6225c502-e6cf-4203-aabd-a785cae5b2dc/datanode-0/data/ratis/c2a85a7e-b588-465c-8930-66bfaf578a48 does not exist. Creating ...
2019-06-14 10:25:45,181 INFO  server.RaftServerConfigKeys (ConfUtils.java:logGet(43)) - raft.server.rpc.timeout.max = 1200ms (custom)
2019-06-14 10:25:45,181 INFO  server.RaftServerConfigKeys (ConfUtils.java:logGet(43)) - raft.server.rpcslowness.timeout = 10s (custom)
2019-06-14 10:25:45,181 INFO  server.RaftServerConfigKeys (ConfUtils.java:logGet(43)) - raft.server.log.appender.install.snapshot.enabled = true (default)
2019-06-14 10:25:45,182 INFO  impl.RaftServerImpl (ServerState.java:<init>(101)) - ddf21685-f8b9-4fdb-b58c-7723b49769fa:group-66BFAF578A48 ConfigurationManager, init=-1: [c9615246-1672-48c1-81d6-6e7de0a7a84e:192.168.46.40:42761, d93889ef-1420-4a6d-9d65-abf676522b4c:192.168.46.40:35715, ddf21685-f8b9-4fdb-b58c-7723b49769fa:192.168.46.40:37019], old=null, confs=<EMPTY_MAP>
2019-06-14 10:25:45,182 INFO  server.RaftServerConfigKeys (ConfUtils.java:logGet(43)) - raft.server.storage.dir = [/opt/src/hadoop-ozone/integration-test/target/test-dir/MiniOzoneClusterImpl-6225c502-e6cf-4203-aabd-a785cae5b2dc/datanode-2/data/ratis] (custom)
2019-06-14 10:25:45,182 INFO  storage.RaftStorageDirectory (RaftStorageDirectory.java:analyzeStorage(246)) - The storage directory /opt/src/hadoop-ozone/integration-test/target/test-dir/MiniOzoneClusterImpl-6225c502-e6cf-4203-aabd-a785cae5b2dc/datanode-2/data/ratis/c2a85a7e-b588-465c-8930-66bfaf578a48 does not exist. Creating ...
2019-06-14 10:25:45,183 INFO  storage.RaftStorageDirectory (RaftStorageDirectory.java:tryLock(328)) - Lock on /opt/src/hadoop-ozone/integration-test/target/test-dir/MiniOzoneClusterImpl-6225c502-e6cf-4203-aabd-a785cae5b2dc/datanode-3/data/ratis/c2a85a7e-b588-465c-8930-66bfaf578a48/in_use.lock acquired by nodename 10124@ozone-cf6ld-438179620
2019-06-14 10:25:45,185 INFO  storage.RaftStorageDirectory (RaftStorageDirectory.java:tryLock(328)) - Lock on /opt/src/hadoop-ozone/integration-test/target/test-dir/MiniOzoneClusterImpl-6225c502-e6cf-4203-aabd-a785cae5b2dc/datanode-2/data/ratis/c2a85a7e-b588-465c-8930-66bfaf578a48/in_use.lock acquired by nodename 10124@ozone-cf6ld-438179620
2019-06-14 10:25:45,185 INFO  storage.RaftStorageDirectory (RaftStorageDirectory.java:tryLock(328)) - Lock on /opt/src/hadoop-ozone/integration-test/target/test-dir/MiniOzoneClusterImpl-6225c502-e6cf-4203-aabd-a785cae5b2dc/datanode-0/data/ratis/c2a85a7e-b588-465c-8930-66bfaf578a48/in_use.lock acquired by nodename 10124@ozone-cf6ld-438179620
2019-06-14 10:25:45,187 INFO  storage.RaftStorage (RaftStorage.java:format(75)) - Storage directory /opt/src/hadoop-ozone/integration-test/target/test-dir/MiniOzoneClusterImpl-6225c502-e6cf-4203-aabd-a785cae5b2dc/datanode-2/data/ratis/c2a85a7e-b588-465c-8930-66bfaf578a48 has been successfully formatted.
2019-06-14 10:25:45,187 INFO  storage.RaftStorage (RaftStorage.java:format(75)) - Storage directory /opt/src/hadoop-ozone/integration-test/target/test-dir/MiniOzoneClusterImpl-6225c502-e6cf-4203-aabd-a785cae5b2dc/datanode-0/data/ratis/c2a85a7e-b588-465c-8930-66bfaf578a48 has been successfully formatted.
2019-06-14 10:25:45,187 INFO  ratis.ContainerStateMachine (ContainerStateMachine.java:loadSnapshot(199)) - The snapshot info is null.Setting the last applied index to:(t:0, i:~)
2019-06-14 10:25:45,187 INFO  ratis.ContainerStateMachine (ContainerStateMachine.java:loadSnapshot(199)) - The snapshot info is null.Setting the last applied index to:(t:0, i:~)
2019-06-14 10:25:45,187 INFO  storage.RaftStorage (RaftStorage.java:format(75)) - Storage directory /opt/src/hadoop-ozone/integration-test/target/test-dir/MiniOzoneClusterImpl-6225c502-e6cf-4203-aabd-a785cae5b2dc/datanode-3/data/ratis/c2a85a7e-b588-465c-8930-66bfaf578a48 has been successfully formatted.
2019-06-14 10:25:45,187 INFO  server.RaftServerConfigKeys (ConfUtils.java:logGet(43)) - raft.server.leader.election.timeout = 10s (custom)
2019-06-14 10:25:45,187 INFO  ratis.ContainerStateMachine (ContainerStateMachine.java:loadSnapshot(199)) - The snapshot info is null.Setting the last applied index to:(t:0, i:~)
2019-06-14 10:25:45,187 INFO  server.RaftServerConfigKeys (ConfUtils.java:logGet(43)) - raft.server.log.use.memory = false (default)
2019-06-14 10:25:45,188 INFO  server.RaftServerConfigKeys (ConfUtils.java:logGet(43)) - raft.server.log.appender.buffer.byte-limit = 33554432 (custom)
2019-06-14 10:25:45,188 INFO  server.RaftServerConfigKeys (ConfUtils.java:logGet(43)) - raft.server.log.segment.size.max = 16384 (custom)
2019-06-14 10:25:45,188 INFO  server.RaftServerConfigKeys (ConfUtils.java:logGet(43)) - raft.server.log.segment.cache.num.max = 2 (custom)
2019-06-14 10:25:45,188 INFO  storage.RaftLogWorker (RaftLogWorker.java:<init>(123)) - new ddf21685-f8b9-4fdb-b58c-7723b49769fa-RaftLogWorker for Storage Directory /opt/src/hadoop-ozone/integration-test/target/test-dir/MiniOzoneClusterImpl-6225c502-e6cf-4203-aabd-a785cae5b2dc/datanode-2/data/ratis/c2a85a7e-b588-465c-8930-66bfaf578a48
2019-06-14 10:25:45,188 INFO  server.RaftServerConfigKeys (ConfUtils.java:logGet(43)) - raft.server.log.queue.byte-limit = 2147483647 (custom)
2019-06-14 10:25:45,188 INFO  server.RaftServerConfigKeys (ConfUtils.java:logGet(43)) - raft.server.log.queue.element-limit = 1024 (custom)
2019-06-14 10:25:45,188 INFO  server.RaftServerConfigKeys (ConfUtils.java:logGet(43)) - raft.server.log.segment.size.max = 16384 (custom)
2019-06-14 10:25:45,188 INFO  server.RaftServerConfigKeys (ConfUtils.java:logGet(43)) - raft.server.log.preallocated.size = 16384 (custom)
2019-06-14 10:25:45,188 INFO  server.RaftServerConfigKeys (ConfUtils.java:logGet(43)) - raft.server.log.write.buffer.size = 33554432 (custom)
2019-06-14 10:25:45,189 INFO  server.RaftServerConfigKeys (ConfUtils.java:logGet(43)) - raft.server.log.force.sync.num = 128 (default)
2019-06-14 10:25:45,189 INFO  server.RaftServerConfigKeys (ConfUtils.java:logGet(43)) - raft.server.log.statemachine.data.sync = true (default)
2019-06-14 10:25:45,189 INFO  server.RaftServerConfigKeys (ConfUtils.java:logGet(43)) - raft.server.log.statemachine.data.sync.timeout = 10s (default)
2019-06-14 10:25:45,189 INFO  server.RaftServerConfigKeys (ConfUtils.java:logGet(43)) - raft.server.log.statemachine.data.sync.timeout.retry = -1 (default)
2019-06-14 10:25:45,189 INFO  server.RaftServerConfigKeys (ConfUtils.java:logGet(43)) - raft.server.log.statemachine.data.caching.enabled = true (custom)
2019-06-14 10:25:45,187 INFO  server.RaftServerConfigKeys (ConfUtils.java:logGet(43)) - raft.server.leader.election.timeout = 10s (custom)
2019-06-14 10:25:45,189 INFO  server.RaftServerConfigKeys (ConfUtils.java:logGet(43)) - raft.server.log.use.memory = false (default)
2019-06-14 10:25:45,190 INFO  server.RaftServerConfigKeys (ConfUtils.java:logGet(43)) - raft.server.log.appender.buffer.byte-limit = 33554432 (custom)
2019-06-14 10:25:45,190 INFO  server.RaftServerConfigKeys (ConfUtils.java:logGet(43)) - raft.server.log.segment.size.max = 16384 (custom)
2019-06-14 10:25:45,190 INFO  server.RaftServerConfigKeys (ConfUtils.java:logGet(43)) - raft.server.log.segment.cache.num.max = 2 (custom)
2019-06-14 10:25:45,190 INFO  storage.RaftLogWorker (RaftLogWorker.java:<init>(123)) - new d93889ef-1420-4a6d-9d65-abf676522b4c-RaftLogWorker for Storage Directory /opt/src/hadoop-ozone/integration-test/target/test-dir/MiniOzoneClusterImpl-6225c502-e6cf-4203-aabd-a785cae5b2dc/datanode-0/data/ratis/c2a85a7e-b588-465c-8930-66bfaf578a48
2019-06-14 10:25:45,190 INFO  server.RaftServerConfigKeys (ConfUtils.java:logGet(43)) - raft.server.log.queue.byte-limit = 2147483647 (custom)
2019-06-14 10:25:45,190 INFO  server.RaftServerConfigKeys (ConfUtils.java:logGet(43)) - raft.server.log.queue.element-limit = 1024 (custom)
2019-06-14 10:25:45,190 INFO  server.RaftServerConfigKeys (ConfUtils.java:logGet(43)) - raft.server.log.segment.size.max = 16384 (custom)
2019-06-14 10:25:45,190 INFO  server.RaftServerConfigKeys (ConfUtils.java:logGet(43)) - raft.server.log.preallocated.size = 16384 (custom)
2019-06-14 10:25:45,190 INFO  server.RaftServerConfigKeys (ConfUtils.java:logGet(43)) - raft.server.log.write.buffer.size = 33554432 (custom)
2019-06-14 10:25:45,191 INFO  server.RaftServerConfigKeys (ConfUtils.java:logGet(43)) - raft.server.log.force.sync.num = 128 (default)
2019-06-14 10:25:45,191 INFO  server.RaftServerConfigKeys (ConfUtils.java:logGet(43)) - raft.server.log.statemachine.data.sync = true (default)
2019-06-14 10:25:45,191 INFO  server.RaftServerConfigKeys (ConfUtils.java:logGet(43)) - raft.server.log.statemachine.data.sync.timeout = 10s (default)
2019-06-14 10:25:45,191 INFO  server.RaftServerConfigKeys (ConfUtils.java:logGet(43)) - raft.server.log.statemachine.data.sync.timeout.retry = -1 (default)
2019-06-14 10:25:45,191 INFO  server.RaftServerConfigKeys (ConfUtils.java:logGet(43)) - raft.server.log.statemachine.data.caching.enabled = true (custom)
2019-06-14 10:25:45,187 INFO  server.RaftServerConfigKeys (ConfUtils.java:logGet(43)) - raft.server.leader.election.timeout = 10s (custom)
2019-06-14 10:25:45,191 INFO  server.RaftServerConfigKeys (ConfUtils.java:logGet(43)) - raft.server.log.use.memory = false (default)
2019-06-14 10:25:45,192 INFO  server.RaftServerConfigKeys (ConfUtils.java:logGet(43)) - raft.server.snapshot.auto.trigger.enabled = true (custom)
2019-06-14 10:25:45,191 INFO  server.RaftServerConfigKeys (ConfUtils.java:logGet(43)) - raft.server.snapshot.auto.trigger.enabled = true (custom)
2019-06-14 10:25:45,192 INFO  server.RaftServerConfigKeys (ConfUtils.java:logGet(43)) - raft.server.snapshot.auto.trigger.threshold = 10000 (custom)
2019-06-14 10:25:45,192 INFO  server.RaftServerConfigKeys (ConfUtils.java:logGet(43)) - raft.server.retrycache.expirytime = 600000ms (custom)
2019-06-14 10:25:45,192 INFO  impl.RaftServerImpl (RaftServerImpl.java:start(173)) - d93889ef-1420-4a6d-9d65-abf676522b4c: start group-66BFAF578A48
2019-06-14 10:25:45,192 INFO  impl.RaftServerImpl (RaftServerImpl.java:setRole(164)) - d93889ef-1420-4a6d-9d65-abf676522b4c:group-66BFAF578A48 changes role from null to FOLLOWER at term 0 for startAsFollower
2019-06-14 10:25:45,192 INFO  impl.RoleInfo (RoleInfo.java:updateAndGet(143)) - d93889ef-1420-4a6d-9d65-abf676522b4c: start FollowerState
2019-06-14 10:25:45,193 INFO  server.RaftServerConfigKeys (ConfUtils.java:logGet(43)) - raft.server.snapshot.auto.trigger.threshold = 10000 (custom)
2019-06-14 10:25:45,193 INFO  server.RaftServerConfigKeys (ConfUtils.java:logGet(43)) - raft.server.retrycache.expirytime = 600000ms (custom)
2019-06-14 10:25:45,193 INFO  impl.RaftServerImpl (RaftServerImpl.java:start(173)) - ddf21685-f8b9-4fdb-b58c-7723b49769fa: start group-66BFAF578A48
2019-06-14 10:25:45,193 INFO  impl.RaftServerImpl (RaftServerImpl.java:setRole(164)) - ddf21685-f8b9-4fdb-b58c-7723b49769fa:group-66BFAF578A48 changes role from null to FOLLOWER at term 0 for startAsFollower
2019-06-14 10:25:45,193 INFO  impl.RoleInfo (RoleInfo.java:updateAndGet(143)) - ddf21685-f8b9-4fdb-b58c-7723b49769fa: start FollowerState
2019-06-14 10:25:45,192 INFO  server.RaftServerConfigKeys (ConfUtils.java:logGet(43)) - raft.server.log.appender.buffer.byte-limit = 33554432 (custom)
2019-06-14 10:25:45,193 INFO  util.JmxRegister (JmxRegister.java:tryRegister(44)) - Successfully registered JMX Bean with object name Ratis:service=RaftServer,group=group-66BFAF578A48,id=d93889ef-1420-4a6d-9d65-abf676522b4c
2019-06-14 10:25:45,194 INFO  util.JmxRegister (JmxRegister.java:tryRegister(44)) - Successfully registered JMX Bean with object name Ratis:service=RaftServer,group=group-66BFAF578A48,id=ddf21685-f8b9-4fdb-b58c-7723b49769fa
2019-06-14 10:25:45,193 INFO  server.RaftServerConfigKeys (ConfUtils.java:logGet(43)) - raft.server.log.segment.size.max = 16384 (custom)
2019-06-14 10:25:45,194 INFO  server.RaftServerConfigKeys (ConfUtils.java:logGet(43)) - raft.server.log.segment.cache.num.max = 2 (custom)
2019-06-14 10:25:45,194 INFO  storage.RaftLogWorker (RaftLogWorker.java:<init>(123)) - new c9615246-1672-48c1-81d6-6e7de0a7a84e-RaftLogWorker for Storage Directory /opt/src/hadoop-ozone/integration-test/target/test-dir/MiniOzoneClusterImpl-6225c502-e6cf-4203-aabd-a785cae5b2dc/datanode-3/data/ratis/c2a85a7e-b588-465c-8930-66bfaf578a48
2019-06-14 10:25:45,194 INFO  server.RaftServerConfigKeys (ConfUtils.java:logGet(43)) - raft.server.log.queue.byte-limit = 2147483647 (custom)
2019-06-14 10:25:45,194 INFO  server.RaftServerConfigKeys (ConfUtils.java:logGet(43)) - raft.server.log.queue.element-limit = 1024 (custom)
2019-06-14 10:25:45,194 INFO  server.RaftServerConfigKeys (ConfUtils.java:logGet(43)) - raft.server.log.segment.size.max = 16384 (custom)
2019-06-14 10:25:45,194 INFO  server.RaftServerConfigKeys (ConfUtils.java:logGet(43)) - raft.server.log.preallocated.size = 16384 (custom)
2019-06-14 10:25:45,195 INFO  server.RaftServerConfigKeys (ConfUtils.java:logGet(43)) - raft.server.log.write.buffer.size = 33554432 (custom)
2019-06-14 10:25:45,195 INFO  server.RaftServerConfigKeys (ConfUtils.java:logGet(43)) - raft.server.log.force.sync.num = 128 (default)
2019-06-14 10:25:45,195 INFO  server.RaftServerConfigKeys (ConfUtils.java:logGet(43)) - raft.server.log.statemachine.data.sync = true (default)
2019-06-14 10:25:45,195 INFO  server.RaftServerConfigKeys (ConfUtils.java:logGet(43)) - raft.server.log.statemachine.data.sync.timeout = 10s (default)
2019-06-14 10:25:45,195 INFO  server.RaftServerConfigKeys (ConfUtils.java:logGet(43)) - raft.server.log.statemachine.data.sync.timeout.retry = -1 (default)
2019-06-14 10:25:45,195 INFO  server.RaftServerConfigKeys (ConfUtils.java:logGet(43)) - raft.server.log.statemachine.data.caching.enabled = true (custom)
2019-06-14 10:25:45,197 INFO  server.RaftServerConfigKeys (ConfUtils.java:logGet(43)) - raft.server.snapshot.auto.trigger.enabled = true (custom)
2019-06-14 10:25:45,197 INFO  server.RaftServerConfigKeys (ConfUtils.java:logGet(43)) - raft.server.snapshot.auto.trigger.threshold = 10000 (custom)
2019-06-14 10:25:45,198 INFO  server.RaftServerConfigKeys (ConfUtils.java:logGet(43)) - raft.server.retrycache.expirytime = 600000ms (custom)
2019-06-14 10:25:45,198 INFO  impl.RaftServerImpl (RaftServerImpl.java:start(173)) - c9615246-1672-48c1-81d6-6e7de0a7a84e: start group-66BFAF578A48
2019-06-14 10:25:45,198 INFO  impl.RaftServerImpl (RaftServerImpl.java:setRole(164)) - c9615246-1672-48c1-81d6-6e7de0a7a84e:group-66BFAF578A48 changes role from null to FOLLOWER at term 0 for startAsFollower
2019-06-14 10:25:45,198 INFO  impl.RoleInfo (RoleInfo.java:updateAndGet(143)) - c9615246-1672-48c1-81d6-6e7de0a7a84e: start FollowerState
2019-06-14 10:25:45,200 INFO  util.JmxRegister (JmxRegister.java:tryRegister(44)) - Successfully registered JMX Bean with object name Ratis:service=RaftServer,group=group-66BFAF578A48,id=c9615246-1672-48c1-81d6-6e7de0a7a84e
2019-06-14 10:25:45,215 INFO  pipeline.PipelineStateManager (PipelineStateManager.java:addPipeline(56)) - Created pipeline Pipeline[ Id: c2a85a7e-b588-465c-8930-66bfaf578a48, Nodes: c9615246-1672-48c1-81d6-6e7de0a7a84e{ip: 192.168.46.40, host: ozone-cf6ld-438179620, networkLocation: /default-rack, certSerialId: null}d93889ef-1420-4a6d-9d65-abf676522b4c{ip: 192.168.46.40, host: ozone-cf6ld-438179620, networkLocation: /default-rack, certSerialId: null}ddf21685-f8b9-4fdb-b58c-7723b49769fa{ip: 192.168.46.40, host: ozone-cf6ld-438179620, networkLocation: /default-rack, certSerialId: null}, Type:RATIS, Factor:THREE, State:OPEN]
2019-06-14 10:25:45,265 INFO  node.SCMNodeManager (SCMNodeManager.java:register(234)) - Registered Data node : 36653280-181f-4414-b44f-1898783a8f5e{ip: 192.168.46.40, host: ozone-cf6ld-438179620, networkLocation: /default-rack, certSerialId: null}
2019-06-14 10:25:45,275 INFO  impl.RaftServerProxy (RaftServerProxy.java:addNew(89)) - 36653280-181f-4414-b44f-1898783a8f5e: addNew group-FEC6F8CD75D7:[36653280-181f-4414-b44f-1898783a8f5e:192.168.46.40:44949] returns group-FEC6F8CD75D7:java.util.concurrent.CompletableFuture@6ac12f0e[Not completed]
2019-06-14 10:25:45,277 INFO  impl.RaftServerImpl (RaftServerImpl.java:<init>(91)) - 36653280-181f-4414-b44f-1898783a8f5e: new RaftServerImpl for group-FEC6F8CD75D7:[36653280-181f-4414-b44f-1898783a8f5e:192.168.46.40:44949] with ContainerStateMachine:uninitialized
2019-06-14 10:25:45,277 INFO  server.RaftServerConfigKeys (ConfUtils.java:logGet(43)) - raft.server.rpc.timeout.min = 1s (custom)
2019-06-14 10:25:45,277 INFO  server.RaftServerConfigKeys (ConfUtils.java:logGet(43)) - raft.server.rpc.timeout.max = 1200ms (custom)
2019-06-14 10:25:45,277 INFO  server.RaftServerConfigKeys (ConfUtils.java:logGet(43)) - raft.server.rpcslowness.timeout = 10s (custom)
2019-06-14 10:25:45,277 INFO  server.RaftServerConfigKeys (ConfUtils.java:logGet(43)) - raft.server.log.appender.install.snapshot.enabled = true (default)
2019-06-14 10:25:45,277 INFO  impl.RaftServerImpl (ServerState.java:<init>(101)) - 36653280-181f-4414-b44f-1898783a8f5e:group-FEC6F8CD75D7 ConfigurationManager, init=-1: [36653280-181f-4414-b44f-1898783a8f5e:192.168.46.40:44949], old=null, confs=<EMPTY_MAP>
2019-06-14 10:25:45,277 INFO  server.RaftServerConfigKeys (ConfUtils.java:logGet(43)) - raft.server.storage.dir = [/opt/src/hadoop-ozone/integration-test/target/test-dir/MiniOzoneClusterImpl-6225c502-e6cf-4203-aabd-a785cae5b2dc/datanode-4/data/ratis] (custom)
2019-06-14 10:25:45,278 INFO  storage.RaftStorageDirectory (RaftStorageDirectory.java:analyzeStorage(246)) - The storage directory /opt/src/hadoop-ozone/integration-test/target/test-dir/MiniOzoneClusterImpl-6225c502-e6cf-4203-aabd-a785cae5b2dc/datanode-4/data/ratis/18b8c8f6-4125-4eb3-a170-fec6f8cd75d7 does not exist. Creating ...
2019-06-14 10:25:45,280 INFO  storage.RaftStorageDirectory (RaftStorageDirectory.java:tryLock(328)) - Lock on /opt/src/hadoop-ozone/integration-test/target/test-dir/MiniOzoneClusterImpl-6225c502-e6cf-4203-aabd-a785cae5b2dc/datanode-4/data/ratis/18b8c8f6-4125-4eb3-a170-fec6f8cd75d7/in_use.lock acquired by nodename 10124@ozone-cf6ld-438179620
2019-06-14 10:25:45,282 INFO  storage.RaftStorage (RaftStorage.java:format(75)) - Storage directory /opt/src/hadoop-ozone/integration-test/target/test-dir/MiniOzoneClusterImpl-6225c502-e6cf-4203-aabd-a785cae5b2dc/datanode-4/data/ratis/18b8c8f6-4125-4eb3-a170-fec6f8cd75d7 has been successfully formatted.
2019-06-14 10:25:45,282 INFO  ratis.ContainerStateMachine (ContainerStateMachine.java:loadSnapshot(199)) - The snapshot info is null.Setting the last applied index to:(t:0, i:~)
2019-06-14 10:25:45,283 INFO  server.RaftServerConfigKeys (ConfUtils.java:logGet(43)) - raft.server.leader.election.timeout = 10s (custom)
2019-06-14 10:25:45,283 INFO  server.RaftServerConfigKeys (ConfUtils.java:logGet(43)) - raft.server.log.use.memory = false (default)
2019-06-14 10:25:45,283 INFO  server.RaftServerConfigKeys (ConfUtils.java:logGet(43)) - raft.server.log.appender.buffer.byte-limit = 33554432 (custom)
2019-06-14 10:25:45,283 INFO  server.RaftServerConfigKeys (ConfUtils.java:logGet(43)) - raft.server.log.segment.size.max = 16384 (custom)
2019-06-14 10:25:45,283 INFO  server.RaftServerConfigKeys (ConfUtils.java:logGet(43)) - raft.server.log.segment.cache.num.max = 2 (custom)
2019-06-14 10:25:45,283 INFO  storage.RaftLogWorker (RaftLogWorker.java:<init>(123)) - new 36653280-181f-4414-b44f-1898783a8f5e-RaftLogWorker for Storage Directory /opt/src/hadoop-ozone/integration-test/target/test-dir/MiniOzoneClusterImpl-6225c502-e6cf-4203-aabd-a785cae5b2dc/datanode-4/data/ratis/18b8c8f6-4125-4eb3-a170-fec6f8cd75d7
2019-06-14 10:25:45,283 INFO  server.RaftServerConfigKeys (ConfUtils.java:logGet(43)) - raft.server.log.queue.byte-limit = 2147483647 (custom)
2019-06-14 10:25:45,283 INFO  server.RaftServerConfigKeys (ConfUtils.java:logGet(43)) - raft.server.log.queue.element-limit = 1024 (custom)
2019-06-14 10:25:45,283 INFO  server.RaftServerConfigKeys (ConfUtils.java:logGet(43)) - raft.server.log.segment.size.max = 16384 (custom)
2019-06-14 10:25:45,284 INFO  server.RaftServerConfigKeys (ConfUtils.java:logGet(43)) - raft.server.log.preallocated.size = 16384 (custom)
2019-06-14 10:25:45,284 INFO  server.RaftServerConfigKeys (ConfUtils.java:logGet(43)) - raft.server.log.write.buffer.size = 33554432 (custom)
2019-06-14 10:25:45,284 INFO  server.RaftServerConfigKeys (ConfUtils.java:logGet(43)) - raft.server.log.force.sync.num = 128 (default)
2019-06-14 10:25:45,284 INFO  server.RaftServerConfigKeys (ConfUtils.java:logGet(43)) - raft.server.log.statemachine.data.sync = true (default)
2019-06-14 10:25:45,284 INFO  server.RaftServerConfigKeys (ConfUtils.java:logGet(43)) - raft.server.log.statemachine.data.sync.timeout = 10s (default)
2019-06-14 10:25:45,284 INFO  server.RaftServerConfigKeys (ConfUtils.java:logGet(43)) - raft.server.log.statemachine.data.sync.timeout.retry = -1 (default)
2019-06-14 10:25:45,284 INFO  server.RaftServerConfigKeys (ConfUtils.java:logGet(43)) - raft.server.log.statemachine.data.caching.enabled = true (custom)
2019-06-14 10:25:45,284 INFO  server.RaftServerConfigKeys (ConfUtils.java:logGet(43)) - raft.server.snapshot.auto.trigger.enabled = true (custom)
2019-06-14 10:25:45,284 INFO  server.RaftServerConfigKeys (ConfUtils.java:logGet(43)) - raft.server.snapshot.auto.trigger.threshold = 10000 (custom)
2019-06-14 10:25:45,285 INFO  server.RaftServerConfigKeys (ConfUtils.java:logGet(43)) - raft.server.retrycache.expirytime = 600000ms (custom)
2019-06-14 10:25:45,285 INFO  impl.RaftServerImpl (RaftServerImpl.java:start(173)) - 36653280-181f-4414-b44f-1898783a8f5e: start group-FEC6F8CD75D7
2019-06-14 10:25:45,285 INFO  impl.RaftServerImpl (RaftServerImpl.java:setRole(164)) - 36653280-181f-4414-b44f-1898783a8f5e:group-FEC6F8CD75D7 changes role from null to FOLLOWER at term 0 for startAsFollower
2019-06-14 10:25:45,285 INFO  impl.RoleInfo (RoleInfo.java:updateAndGet(143)) - 36653280-181f-4414-b44f-1898783a8f5e: start FollowerState
2019-06-14 10:25:45,285 INFO  util.JmxRegister (JmxRegister.java:tryRegister(44)) - Successfully registered JMX Bean with object name Ratis:service=RaftServer,group=group-FEC6F8CD75D7,id=36653280-181f-4414-b44f-1898783a8f5e
2019-06-14 10:25:45,292 INFO  pipeline.PipelineStateManager (PipelineStateManager.java:addPipeline(56)) - Created pipeline Pipeline[ Id: 18b8c8f6-4125-4eb3-a170-fec6f8cd75d7, Nodes: 36653280-181f-4414-b44f-1898783a8f5e{ip: 192.168.46.40, host: ozone-cf6ld-438179620, networkLocation: /default-rack, certSerialId: null}, Type:RATIS, Factor:ONE, State:OPEN]
2019-06-14 10:25:45,520 INFO  ozone.MiniOzoneClusterImpl (MiniOzoneClusterImpl.java:lambda$waitForClusterToBeReady$0(142)) - Waiting for cluster to be ready. Got 5 of 6 DN Heartbeats.
2019-06-14 10:25:45,528 INFO  node.SCMNodeManager (SCMNodeManager.java:register(234)) - Registered Data node : 85f51d6b-186a-452d-a318-50e7333a6fee{ip: 192.168.46.40, host: ozone-cf6ld-438179620, networkLocation: /default-rack, certSerialId: null}
2019-06-14 10:25:45,541 INFO  impl.RaftServerProxy (RaftServerProxy.java:addNew(89)) - 85f51d6b-186a-452d-a318-50e7333a6fee: addNew group-A351D2C08353:[85f51d6b-186a-452d-a318-50e7333a6fee:192.168.46.40:39097] returns group-A351D2C08353:java.util.concurrent.CompletableFuture@aeed041[Not completed]
2019-06-14 10:25:45,542 INFO  impl.RaftServerImpl (RaftServerImpl.java:<init>(91)) - 85f51d6b-186a-452d-a318-50e7333a6fee: new RaftServerImpl for group-A351D2C08353:[85f51d6b-186a-452d-a318-50e7333a6fee:192.168.46.40:39097] with ContainerStateMachine:uninitialized
2019-06-14 10:25:45,542 INFO  server.RaftServerConfigKeys (ConfUtils.java:logGet(43)) - raft.server.rpc.timeout.min = 1s (custom)
2019-06-14 10:25:45,542 INFO  server.RaftServerConfigKeys (ConfUtils.java:logGet(43)) - raft.server.rpc.timeout.max = 1200ms (custom)
2019-06-14 10:25:45,542 INFO  server.RaftServerConfigKeys (ConfUtils.java:logGet(43)) - raft.server.rpcslowness.timeout = 10s (custom)
2019-06-14 10:25:45,542 INFO  server.RaftServerConfigKeys (ConfUtils.java:logGet(43)) - raft.server.log.appender.install.snapshot.enabled = true (default)
2019-06-14 10:25:45,542 INFO  impl.RaftServerImpl (ServerState.java:<init>(101)) - 85f51d6b-186a-452d-a318-50e7333a6fee:group-A351D2C08353 ConfigurationManager, init=-1: [85f51d6b-186a-452d-a318-50e7333a6fee:192.168.46.40:39097], old=null, confs=<EMPTY_MAP>
2019-06-14 10:25:45,542 INFO  server.RaftServerConfigKeys (ConfUtils.java:logGet(43)) - raft.server.storage.dir = [/opt/src/hadoop-ozone/integration-test/target/test-dir/MiniOzoneClusterImpl-6225c502-e6cf-4203-aabd-a785cae5b2dc/datanode-5/data/ratis] (custom)
2019-06-14 10:25:45,543 INFO  storage.RaftStorageDirectory (RaftStorageDirectory.java:analyzeStorage(246)) - The storage directory /opt/src/hadoop-ozone/integration-test/target/test-dir/MiniOzoneClusterImpl-6225c502-e6cf-4203-aabd-a785cae5b2dc/datanode-5/data/ratis/ef0d0486-6938-4557-8ca0-a351d2c08353 does not exist. Creating ...
2019-06-14 10:25:45,545 INFO  storage.RaftStorageDirectory (RaftStorageDirectory.java:tryLock(328)) - Lock on /opt/src/hadoop-ozone/integration-test/target/test-dir/MiniOzoneClusterImpl-6225c502-e6cf-4203-aabd-a785cae5b2dc/datanode-5/data/ratis/ef0d0486-6938-4557-8ca0-a351d2c08353/in_use.lock acquired by nodename 10124@ozone-cf6ld-438179620
2019-06-14 10:25:45,547 INFO  storage.RaftStorage (RaftStorage.java:format(75)) - Storage directory /opt/src/hadoop-ozone/integration-test/target/test-dir/MiniOzoneClusterImpl-6225c502-e6cf-4203-aabd-a785cae5b2dc/datanode-5/data/ratis/ef0d0486-6938-4557-8ca0-a351d2c08353 has been successfully formatted.
2019-06-14 10:25:45,547 INFO  ratis.ContainerStateMachine (ContainerStateMachine.java:loadSnapshot(199)) - The snapshot info is null.Setting the last applied index to:(t:0, i:~)
2019-06-14 10:25:45,547 INFO  server.RaftServerConfigKeys (ConfUtils.java:logGet(43)) - raft.server.leader.election.timeout = 10s (custom)
2019-06-14 10:25:45,547 INFO  server.RaftServerConfigKeys (ConfUtils.java:logGet(43)) - raft.server.log.use.memory = false (default)
2019-06-14 10:25:45,547 INFO  server.RaftServerConfigKeys (ConfUtils.java:logGet(43)) - raft.server.log.appender.buffer.byte-limit = 33554432 (custom)
2019-06-14 10:25:45,547 INFO  server.RaftServerConfigKeys (ConfUtils.java:logGet(43)) - raft.server.log.segment.size.max = 16384 (custom)
2019-06-14 10:25:45,547 INFO  server.RaftServerConfigKeys (ConfUtils.java:logGet(43)) - raft.server.log.segment.cache.num.max = 2 (custom)
2019-06-14 10:25:45,548 INFO  storage.RaftLogWorker (RaftLogWorker.java:<init>(123)) - new 85f51d6b-186a-452d-a318-50e7333a6fee-RaftLogWorker for Storage Directory /opt/src/hadoop-ozone/integration-test/target/test-dir/MiniOzoneClusterImpl-6225c502-e6cf-4203-aabd-a785cae5b2dc/datanode-5/data/ratis/ef0d0486-6938-4557-8ca0-a351d2c08353
2019-06-14 10:25:45,548 INFO  server.RaftServerConfigKeys (ConfUtils.java:logGet(43)) - raft.server.log.queue.byte-limit = 2147483647 (custom)
2019-06-14 10:25:45,548 INFO  server.RaftServerConfigKeys (ConfUtils.java:logGet(43)) - raft.server.log.queue.element-limit = 1024 (custom)
2019-06-14 10:25:45,548 INFO  server.RaftServerConfigKeys (ConfUtils.java:logGet(43)) - raft.server.log.segment.size.max = 16384 (custom)
2019-06-14 10:25:45,548 INFO  server.RaftServerConfigKeys (ConfUtils.java:logGet(43)) - raft.server.log.preallocated.size = 16384 (custom)
2019-06-14 10:25:45,548 INFO  server.RaftServerConfigKeys (ConfUtils.java:logGet(43)) - raft.server.log.write.buffer.size = 33554432 (custom)
2019-06-14 10:25:45,548 INFO  server.RaftServerConfigKeys (ConfUtils.java:logGet(43)) - raft.server.log.force.sync.num = 128 (default)
2019-06-14 10:25:45,548 INFO  server.RaftServerConfigKeys (ConfUtils.java:logGet(43)) - raft.server.log.statemachine.data.sync = true (default)
2019-06-14 10:25:45,548 INFO  server.RaftServerConfigKeys (ConfUtils.java:logGet(43)) - raft.server.log.statemachine.data.sync.timeout = 10s (default)
2019-06-14 10:25:45,548 INFO  server.RaftServerConfigKeys (ConfUtils.java:logGet(43)) - raft.server.log.statemachine.data.sync.timeout.retry = -1 (default)
2019-06-14 10:25:45,549 INFO  server.RaftServerConfigKeys (ConfUtils.java:logGet(43)) - raft.server.log.statemachine.data.caching.enabled = true (custom)
2019-06-14 10:25:45,549 INFO  server.RaftServerConfigKeys (ConfUtils.java:logGet(43)) - raft.server.snapshot.auto.trigger.enabled = true (custom)
2019-06-14 10:25:45,549 INFO  server.RaftServerConfigKeys (ConfUtils.java:logGet(43)) - raft.server.snapshot.auto.trigger.threshold = 10000 (custom)
2019-06-14 10:25:45,549 INFO  server.RaftServerConfigKeys (ConfUtils.java:logGet(43)) - raft.server.retrycache.expirytime = 600000ms (custom)
2019-06-14 10:25:45,550 INFO  impl.RaftServerImpl (RaftServerImpl.java:start(173)) - 85f51d6b-186a-452d-a318-50e7333a6fee: start group-A351D2C08353
2019-06-14 10:25:45,550 INFO  impl.RaftServerImpl (RaftServerImpl.java:setRole(164)) - 85f51d6b-186a-452d-a318-50e7333a6fee:group-A351D2C08353 changes role from null to FOLLOWER at term 0 for startAsFollower
2019-06-14 10:25:45,550 INFO  impl.RoleInfo (RoleInfo.java:updateAndGet(143)) - 85f51d6b-186a-452d-a318-50e7333a6fee: start FollowerState
2019-06-14 10:25:45,550 INFO  util.JmxRegister (JmxRegister.java:tryRegister(44)) - Successfully registered JMX Bean with object name Ratis:service=RaftServer,group=group-A351D2C08353,id=85f51d6b-186a-452d-a318-50e7333a6fee
2019-06-14 10:25:45,554 INFO  pipeline.PipelineStateManager (PipelineStateManager.java:addPipeline(56)) - Created pipeline Pipeline[ Id: ef0d0486-6938-4557-8ca0-a351d2c08353, Nodes: 85f51d6b-186a-452d-a318-50e7333a6fee{ip: 192.168.46.40, host: ozone-cf6ld-438179620, networkLocation: /default-rack, certSerialId: null}, Type:RATIS, Factor:ONE, State:OPEN]
2019-06-14 10:25:45,577 INFO  impl.RaftServerProxy (RaftServerProxy.java:addNew(89)) - da5376a1-c7cf-45b2-bab0-5afd579b7ac2: addNew group-F5D969404E90:[da5376a1-c7cf-45b2-bab0-5afd579b7ac2:192.168.46.40:43937, 36653280-181f-4414-b44f-1898783a8f5e:192.168.46.40:44949, 85f51d6b-186a-452d-a318-50e7333a6fee:192.168.46.40:39097] returns group-F5D969404E90:java.util.concurrent.CompletableFuture@72b004c1[Not completed]
2019-06-14 10:25:45,577 INFO  impl.RaftServerImpl (RaftServerImpl.java:<init>(91)) - da5376a1-c7cf-45b2-bab0-5afd579b7ac2: new RaftServerImpl for group-F5D969404E90:[da5376a1-c7cf-45b2-bab0-5afd579b7ac2:192.168.46.40:43937, 36653280-181f-4414-b44f-1898783a8f5e:192.168.46.40:44949, 85f51d6b-186a-452d-a318-50e7333a6fee:192.168.46.40:39097] with ContainerStateMachine:uninitialized
2019-06-14 10:25:45,578 INFO  server.RaftServerConfigKeys (ConfUtils.java:logGet(43)) - raft.server.rpc.timeout.min = 1s (custom)
2019-06-14 10:25:45,578 INFO  server.RaftServerConfigKeys (ConfUtils.java:logGet(43)) - raft.server.rpc.timeout.max = 1200ms (custom)
2019-06-14 10:25:45,578 INFO  server.RaftServerConfigKeys (ConfUtils.java:logGet(43)) - raft.server.rpcslowness.timeout = 10s (custom)
2019-06-14 10:25:45,578 INFO  server.RaftServerConfigKeys (ConfUtils.java:logGet(43)) - raft.server.log.appender.install.snapshot.enabled = true (default)
2019-06-14 10:25:45,578 INFO  impl.RaftServerImpl (ServerState.java:<init>(101)) - da5376a1-c7cf-45b2-bab0-5afd579b7ac2:group-F5D969404E90 ConfigurationManager, init=-1: [da5376a1-c7cf-45b2-bab0-5afd579b7ac2:192.168.46.40:43937, 36653280-181f-4414-b44f-1898783a8f5e:192.168.46.40:44949, 85f51d6b-186a-452d-a318-50e7333a6fee:192.168.46.40:39097], old=null, confs=<EMPTY_MAP>
2019-06-14 10:25:45,578 INFO  server.RaftServerConfigKeys (ConfUtils.java:logGet(43)) - raft.server.storage.dir = [/opt/src/hadoop-ozone/integration-test/target/test-dir/MiniOzoneClusterImpl-6225c502-e6cf-4203-aabd-a785cae5b2dc/datanode-1/data/ratis] (custom)
2019-06-14 10:25:45,578 INFO  storage.RaftStorageDirectory (RaftStorageDirectory.java:analyzeStorage(246)) - The storage directory /opt/src/hadoop-ozone/integration-test/target/test-dir/MiniOzoneClusterImpl-6225c502-e6cf-4203-aabd-a785cae5b2dc/datanode-1/data/ratis/d214cd20-4f44-4014-9a00-f5d969404e90 does not exist. Creating ...
2019-06-14 10:25:45,580 INFO  impl.RaftServerProxy (RaftServerProxy.java:addNew(89)) - 36653280-181f-4414-b44f-1898783a8f5e: addNew group-F5D969404E90:[da5376a1-c7cf-45b2-bab0-5afd579b7ac2:192.168.46.40:43937, 36653280-181f-4414-b44f-1898783a8f5e:192.168.46.40:44949, 85f51d6b-186a-452d-a318-50e7333a6fee:192.168.46.40:39097] returns group-F5D969404E90:java.util.concurrent.CompletableFuture@ea0ae0e[Not completed]
2019-06-14 10:25:45,581 INFO  impl.RaftServerProxy (RaftServerProxy.java:addNew(89)) - 85f51d6b-186a-452d-a318-50e7333a6fee: addNew group-F5D969404E90:[da5376a1-c7cf-45b2-bab0-5afd579b7ac2:192.168.46.40:43937, 36653280-181f-4414-b44f-1898783a8f5e:192.168.46.40:44949, 85f51d6b-186a-452d-a318-50e7333a6fee:192.168.46.40:39097] returns group-F5D969404E90:java.util.concurrent.CompletableFuture@6db1da45[Not completed]
2019-06-14 10:25:45,581 INFO  impl.RaftServerImpl (RaftServerImpl.java:<init>(91)) - 36653280-181f-4414-b44f-1898783a8f5e: new RaftServerImpl for group-F5D969404E90:[da5376a1-c7cf-45b2-bab0-5afd579b7ac2:192.168.46.40:43937, 36653280-181f-4414-b44f-1898783a8f5e:192.168.46.40:44949, 85f51d6b-186a-452d-a318-50e7333a6fee:192.168.46.40:39097] with ContainerStateMachine:uninitialized
2019-06-14 10:25:45,581 INFO  server.RaftServerConfigKeys (ConfUtils.java:logGet(43)) - raft.server.rpc.timeout.min = 1s (custom)
2019-06-14 10:25:45,581 INFO  server.RaftServerConfigKeys (ConfUtils.java:logGet(43)) - raft.server.rpc.timeout.max = 1200ms (custom)
2019-06-14 10:25:45,581 INFO  server.RaftServerConfigKeys (ConfUtils.java:logGet(43)) - raft.server.rpcslowness.timeout = 10s (custom)
2019-06-14 10:25:45,581 INFO  server.RaftServerConfigKeys (ConfUtils.java:logGet(43)) - raft.server.log.appender.install.snapshot.enabled = true (default)
2019-06-14 10:25:45,581 INFO  impl.RaftServerImpl (ServerState.java:<init>(101)) - 36653280-181f-4414-b44f-1898783a8f5e:group-F5D969404E90 ConfigurationManager, init=-1: [da5376a1-c7cf-45b2-bab0-5afd579b7ac2:192.168.46.40:43937, 36653280-181f-4414-b44f-1898783a8f5e:192.168.46.40:44949, 85f51d6b-186a-452d-a318-50e7333a6fee:192.168.46.40:39097], old=null, confs=<EMPTY_MAP>
2019-06-14 10:25:45,581 INFO  server.RaftServerConfigKeys (ConfUtils.java:logGet(43)) - raft.server.storage.dir = [/opt/src/hadoop-ozone/integration-test/target/test-dir/MiniOzoneClusterImpl-6225c502-e6cf-4203-aabd-a785cae5b2dc/datanode-4/data/ratis] (custom)
2019-06-14 10:25:45,582 INFO  storage.RaftStorageDirectory (RaftStorageDirectory.java:analyzeStorage(246)) - The storage directory /opt/src/hadoop-ozone/integration-test/target/test-dir/MiniOzoneClusterImpl-6225c502-e6cf-4203-aabd-a785cae5b2dc/datanode-4/data/ratis/d214cd20-4f44-4014-9a00-f5d969404e90 does not exist. Creating ...
2019-06-14 10:25:45,581 INFO  storage.RaftStorageDirectory (RaftStorageDirectory.java:tryLock(328)) - Lock on /opt/src/hadoop-ozone/integration-test/target/test-dir/MiniOzoneClusterImpl-6225c502-e6cf-4203-aabd-a785cae5b2dc/datanode-1/data/ratis/d214cd20-4f44-4014-9a00-f5d969404e90/in_use.lock acquired by nodename 10124@ozone-cf6ld-438179620
2019-06-14 10:25:45,581 INFO  impl.RaftServerImpl (RaftServerImpl.java:<init>(91)) - 85f51d6b-186a-452d-a318-50e7333a6fee: new RaftServerImpl for group-F5D969404E90:[da5376a1-c7cf-45b2-bab0-5afd579b7ac2:192.168.46.40:43937, 36653280-181f-4414-b44f-1898783a8f5e:192.168.46.40:44949, 85f51d6b-186a-452d-a318-50e7333a6fee:192.168.46.40:39097] with ContainerStateMachine:uninitialized
2019-06-14 10:25:45,582 INFO  server.RaftServerConfigKeys (ConfUtils.java:logGet(43)) - raft.server.rpc.timeout.min = 1s (custom)
2019-06-14 10:25:45,583 INFO  server.RaftServerConfigKeys (ConfUtils.java:logGet(43)) - raft.server.rpc.timeout.max = 1200ms (custom)
2019-06-14 10:25:45,583 INFO  server.RaftServerConfigKeys (ConfUtils.java:logGet(43)) - raft.server.rpcslowness.timeout = 10s (custom)
2019-06-14 10:25:45,583 INFO  server.RaftServerConfigKeys (ConfUtils.java:logGet(43)) - raft.server.log.appender.install.snapshot.enabled = true (default)
2019-06-14 10:25:45,583 INFO  impl.RaftServerImpl (ServerState.java:<init>(101)) - 85f51d6b-186a-452d-a318-50e7333a6fee:group-F5D969404E90 ConfigurationManager, init=-1: [da5376a1-c7cf-45b2-bab0-5afd579b7ac2:192.168.46.40:43937, 36653280-181f-4414-b44f-1898783a8f5e:192.168.46.40:44949, 85f51d6b-186a-452d-a318-50e7333a6fee:192.168.46.40:39097], old=null, confs=<EMPTY_MAP>
2019-06-14 10:25:45,583 INFO  server.RaftServerConfigKeys (ConfUtils.java:logGet(43)) - raft.server.storage.dir = [/opt/src/hadoop-ozone/integration-test/target/test-dir/MiniOzoneClusterImpl-6225c502-e6cf-4203-aabd-a785cae5b2dc/datanode-5/data/ratis] (custom)
2019-06-14 10:25:45,584 INFO  storage.RaftStorageDirectory (RaftStorageDirectory.java:analyzeStorage(246)) - The storage directory /opt/src/hadoop-ozone/integration-test/target/test-dir/MiniOzoneClusterImpl-6225c502-e6cf-4203-aabd-a785cae5b2dc/datanode-5/data/ratis/d214cd20-4f44-4014-9a00-f5d969404e90 does not exist. Creating ...
2019-06-14 10:25:45,584 INFO  storage.RaftStorageDirectory (RaftStorageDirectory.java:tryLock(328)) - Lock on /opt/src/hadoop-ozone/integration-test/target/test-dir/MiniOzoneClusterImpl-6225c502-e6cf-4203-aabd-a785cae5b2dc/datanode-4/data/ratis/d214cd20-4f44-4014-9a00-f5d969404e90/in_use.lock acquired by nodename 10124@ozone-cf6ld-438179620
2019-06-14 10:25:45,585 INFO  storage.RaftStorage (RaftStorage.java:format(75)) - Storage directory /opt/src/hadoop-ozone/integration-test/target/test-dir/MiniOzoneClusterImpl-6225c502-e6cf-4203-aabd-a785cae5b2dc/datanode-1/data/ratis/d214cd20-4f44-4014-9a00-f5d969404e90 has been successfully formatted.
2019-06-14 10:25:45,585 INFO  ratis.ContainerStateMachine (ContainerStateMachine.java:loadSnapshot(199)) - The snapshot info is null.Setting the last applied index to:(t:0, i:~)
2019-06-14 10:25:45,585 INFO  server.RaftServerConfigKeys (ConfUtils.java:logGet(43)) - raft.server.leader.election.timeout = 10s (custom)
2019-06-14 10:25:45,585 INFO  server.RaftServerConfigKeys (ConfUtils.java:logGet(43)) - raft.server.log.use.memory = false (default)
2019-06-14 10:25:45,586 INFO  server.RaftServerConfigKeys (ConfUtils.java:logGet(43)) - raft.server.log.appender.buffer.byte-limit = 33554432 (custom)
2019-06-14 10:25:45,586 INFO  storage.RaftStorageDirectory (RaftStorageDirectory.java:tryLock(328)) - Lock on /opt/src/hadoop-ozone/integration-test/target/test-dir/MiniOzoneClusterImpl-6225c502-e6cf-4203-aabd-a785cae5b2dc/datanode-5/data/ratis/d214cd20-4f44-4014-9a00-f5d969404e90/in_use.lock acquired by nodename 10124@ozone-cf6ld-438179620
2019-06-14 10:25:45,586 INFO  server.RaftServerConfigKeys (ConfUtils.java:logGet(43)) - raft.server.log.segment.size.max = 16384 (custom)
2019-06-14 10:25:45,586 INFO  server.RaftServerConfigKeys (ConfUtils.java:logGet(43)) - raft.server.log.segment.cache.num.max = 2 (custom)
2019-06-14 10:25:45,586 INFO  storage.RaftLogWorker (RaftLogWorker.java:<init>(123)) - new da5376a1-c7cf-45b2-bab0-5afd579b7ac2-RaftLogWorker for Storage Directory /opt/src/hadoop-ozone/integration-test/target/test-dir/MiniOzoneClusterImpl-6225c502-e6cf-4203-aabd-a785cae5b2dc/datanode-1/data/ratis/d214cd20-4f44-4014-9a00-f5d969404e90
2019-06-14 10:25:45,586 INFO  server.RaftServerConfigKeys (ConfUtils.java:logGet(43)) - raft.server.log.queue.byte-limit = 2147483647 (custom)
2019-06-14 10:25:45,586 INFO  server.RaftServerConfigKeys (ConfUtils.java:logGet(43)) - raft.server.log.queue.element-limit = 1024 (custom)
2019-06-14 10:25:45,586 INFO  server.RaftServerConfigKeys (ConfUtils.java:logGet(43)) - raft.server.log.segment.size.max = 16384 (custom)
2019-06-14 10:25:45,587 INFO  server.RaftServerConfigKeys (ConfUtils.java:logGet(43)) - raft.server.log.preallocated.size = 16384 (custom)
2019-06-14 10:25:45,587 INFO  server.RaftServerConfigKeys (ConfUtils.java:logGet(43)) - raft.server.log.write.buffer.size = 33554432 (custom)
2019-06-14 10:25:45,587 INFO  storage.RaftStorage (RaftStorage.java:format(75)) - Storage directory /opt/src/hadoop-ozone/integration-test/target/test-dir/MiniOzoneClusterImpl-6225c502-e6cf-4203-aabd-a785cae5b2dc/datanode-4/data/ratis/d214cd20-4f44-4014-9a00-f5d969404e90 has been successfully formatted.
2019-06-14 10:25:45,587 INFO  server.RaftServerConfigKeys (ConfUtils.java:logGet(43)) - raft.server.log.force.sync.num = 128 (default)
2019-06-14 10:25:45,587 INFO  ratis.ContainerStateMachine (ContainerStateMachine.java:loadSnapshot(199)) - The snapshot info is null.Setting the last applied index to:(t:0, i:~)
2019-06-14 10:25:45,587 INFO  server.RaftServerConfigKeys (ConfUtils.java:logGet(43)) - raft.server.log.statemachine.data.sync = true (default)
2019-06-14 10:25:45,587 INFO  server.RaftServerConfigKeys (ConfUtils.java:logGet(43)) - raft.server.log.statemachine.data.sync.timeout = 10s (default)
2019-06-14 10:25:45,587 INFO  server.RaftServerConfigKeys (ConfUtils.java:logGet(43)) - raft.server.log.statemachine.data.sync.timeout.retry = -1 (default)
2019-06-14 10:25:45,587 INFO  server.RaftServerConfigKeys (ConfUtils.java:logGet(43)) - raft.server.log.statemachine.data.caching.enabled = true (custom)
2019-06-14 10:25:45,587 INFO  server.RaftServerConfigKeys (ConfUtils.java:logGet(43)) - raft.server.leader.election.timeout = 10s (custom)
2019-06-14 10:25:45,588 INFO  server.RaftServerConfigKeys (ConfUtils.java:logGet(43)) - raft.server.log.use.memory = false (default)
2019-06-14 10:25:45,588 INFO  server.RaftServerConfigKeys (ConfUtils.java:logGet(43)) - raft.server.log.appender.buffer.byte-limit = 33554432 (custom)
2019-06-14 10:25:45,588 INFO  server.RaftServerConfigKeys (ConfUtils.java:logGet(43)) - raft.server.log.segment.size.max = 16384 (custom)
2019-06-14 10:25:45,588 INFO  server.RaftServerConfigKeys (ConfUtils.java:logGet(43)) - raft.server.log.segment.cache.num.max = 2 (custom)
2019-06-14 10:25:45,588 INFO  storage.RaftLogWorker (RaftLogWorker.java:<init>(123)) - new 36653280-181f-4414-b44f-1898783a8f5e-RaftLogWorker for Storage Directory /opt/src/hadoop-ozone/integration-test/target/test-dir/MiniOzoneClusterImpl-6225c502-e6cf-4203-aabd-a785cae5b2dc/datanode-4/data/ratis/d214cd20-4f44-4014-9a00-f5d969404e90
2019-06-14 10:25:45,588 INFO  server.RaftServerConfigKeys (ConfUtils.java:logGet(43)) - raft.server.log.queue.byte-limit = 2147483647 (custom)
2019-06-14 10:25:45,588 INFO  server.RaftServerConfigKeys (ConfUtils.java:logGet(43)) - raft.server.log.queue.element-limit = 1024 (custom)
2019-06-14 10:25:45,588 INFO  server.RaftServerConfigKeys (ConfUtils.java:logGet(43)) - raft.server.log.segment.size.max = 16384 (custom)
2019-06-14 10:25:45,588 INFO  server.RaftServerConfigKeys (ConfUtils.java:logGet(43)) - raft.server.log.preallocated.size = 16384 (custom)
2019-06-14 10:25:45,588 INFO  server.RaftServerConfigKeys (ConfUtils.java:logGet(43)) - raft.server.snapshot.auto.trigger.enabled = true (custom)
2019-06-14 10:25:45,589 INFO  storage.RaftStorage (RaftStorage.java:format(75)) - Storage directory /opt/src/hadoop-ozone/integration-test/target/test-dir/MiniOzoneClusterImpl-6225c502-e6cf-4203-aabd-a785cae5b2dc/datanode-5/data/ratis/d214cd20-4f44-4014-9a00-f5d969404e90 has been successfully formatted.
2019-06-14 10:25:45,589 INFO  ratis.ContainerStateMachine (ContainerStateMachine.java:loadSnapshot(199)) - The snapshot info is null.Setting the last applied index to:(t:0, i:~)
2019-06-14 10:25:45,589 INFO  server.RaftServerConfigKeys (ConfUtils.java:logGet(43)) - raft.server.leader.election.timeout = 10s (custom)
2019-06-14 10:25:45,589 INFO  server.RaftServerConfigKeys (ConfUtils.java:logGet(43)) - raft.server.log.use.memory = false (default)
2019-06-14 10:25:45,589 INFO  server.RaftServerConfigKeys (ConfUtils.java:logGet(43)) - raft.server.log.appender.buffer.byte-limit = 33554432 (custom)
2019-06-14 10:25:45,589 INFO  server.RaftServerConfigKeys (ConfUtils.java:logGet(43)) - raft.server.log.segment.size.max = 16384 (custom)
2019-06-14 10:25:45,589 INFO  server.RaftServerConfigKeys (ConfUtils.java:logGet(43)) - raft.server.log.segment.cache.num.max = 2 (custom)
2019-06-14 10:25:45,589 INFO  storage.RaftLogWorker (RaftLogWorker.java:<init>(123)) - new 85f51d6b-186a-452d-a318-50e7333a6fee-RaftLogWorker for Storage Directory /opt/src/hadoop-ozone/integration-test/target/test-dir/MiniOzoneClusterImpl-6225c502-e6cf-4203-aabd-a785cae5b2dc/datanode-5/data/ratis/d214cd20-4f44-4014-9a00-f5d969404e90
2019-06-14 10:25:45,589 INFO  server.RaftServerConfigKeys (ConfUtils.java:logGet(43)) - raft.server.log.write.buffer.size = 33554432 (custom)
2019-06-14 10:25:45,589 INFO  server.RaftServerConfigKeys (ConfUtils.java:logGet(43)) - raft.server.log.queue.byte-limit = 2147483647 (custom)
2019-06-14 10:25:45,589 INFO  server.RaftServerConfigKeys (ConfUtils.java:logGet(43)) - raft.server.snapshot.auto.trigger.threshold = 10000 (custom)
2019-06-14 10:25:45,590 INFO  server.RaftServerConfigKeys (ConfUtils.java:logGet(43)) - raft.server.log.queue.element-limit = 1024 (custom)
2019-06-14 10:25:45,590 INFO  server.RaftServerConfigKeys (ConfUtils.java:logGet(43)) - raft.server.retrycache.expirytime = 600000ms (custom)
2019-06-14 10:25:45,590 INFO  impl.RaftServerImpl (RaftServerImpl.java:start(173)) - da5376a1-c7cf-45b2-bab0-5afd579b7ac2: start group-F5D969404E90
2019-06-14 10:25:45,590 INFO  impl.RaftServerImpl (RaftServerImpl.java:setRole(164)) - da5376a1-c7cf-45b2-bab0-5afd579b7ac2:group-F5D969404E90 changes role from null to FOLLOWER at term 0 for startAsFollower
2019-06-14 10:25:45,590 INFO  impl.RoleInfo (RoleInfo.java:updateAndGet(143)) - da5376a1-c7cf-45b2-bab0-5afd579b7ac2: start FollowerState
2019-06-14 10:25:45,590 INFO  server.RaftServerConfigKeys (ConfUtils.java:logGet(43)) - raft.server.log.force.sync.num = 128 (default)
2019-06-14 10:25:45,590 INFO  server.RaftServerConfigKeys (ConfUtils.java:logGet(43)) - raft.server.log.statemachine.data.sync = true (default)
2019-06-14 10:25:45,591 INFO  server.RaftServerConfigKeys (ConfUtils.java:logGet(43)) - raft.server.log.statemachine.data.sync.timeout = 10s (default)
2019-06-14 10:25:45,591 INFO  server.RaftServerConfigKeys (ConfUtils.java:logGet(43)) - raft.server.log.statemachine.data.sync.timeout.retry = -1 (default)
2019-06-14 10:25:45,591 INFO  server.RaftServerConfigKeys (ConfUtils.java:logGet(43)) - raft.server.log.statemachine.data.caching.enabled = true (custom)
2019-06-14 10:25:45,591 INFO  util.JmxRegister (JmxRegister.java:tryRegister(44)) - Successfully registered JMX Bean with object name Ratis:service=RaftServer,group=group-F5D969404E90,id=da5376a1-c7cf-45b2-bab0-5afd579b7ac2
2019-06-14 10:25:45,591 INFO  server.RaftServerConfigKeys (ConfUtils.java:logGet(43)) - raft.server.snapshot.auto.trigger.enabled = true (custom)
2019-06-14 10:25:45,591 INFO  server.RaftServerConfigKeys (ConfUtils.java:logGet(43)) - raft.server.snapshot.auto.trigger.threshold = 10000 (custom)
2019-06-14 10:25:45,592 INFO  server.RaftServerConfigKeys (ConfUtils.java:logGet(43)) - raft.server.retrycache.expirytime = 600000ms (custom)
2019-06-14 10:25:45,592 INFO  impl.RaftServerImpl (RaftServerImpl.java:start(173)) - 36653280-181f-4414-b44f-1898783a8f5e: start group-F5D969404E90
2019-06-14 10:25:45,592 INFO  impl.RaftServerImpl (RaftServerImpl.java:setRole(164)) - 36653280-181f-4414-b44f-1898783a8f5e:group-F5D969404E90 changes role from null to FOLLOWER at term 0 for startAsFollower
2019-06-14 10:25:45,592 INFO  impl.RoleInfo (RoleInfo.java:updateAndGet(143)) - 36653280-181f-4414-b44f-1898783a8f5e: start FollowerState
2019-06-14 10:25:45,592 INFO  util.JmxRegister (JmxRegister.java:tryRegister(44)) - Successfully registered JMX Bean with object name Ratis:service=RaftServer,group=group-F5D969404E90,id=36653280-181f-4414-b44f-1898783a8f5e
2019-06-14 10:25:45,590 INFO  server.RaftServerConfigKeys (ConfUtils.java:logGet(43)) - raft.server.log.segment.size.max = 16384 (custom)
2019-06-14 10:25:45,593 INFO  server.RaftServerConfigKeys (ConfUtils.java:logGet(43)) - raft.server.log.preallocated.size = 16384 (custom)
2019-06-14 10:25:45,593 INFO  server.RaftServerConfigKeys (ConfUtils.java:logGet(43)) - raft.server.log.write.buffer.size = 33554432 (custom)
2019-06-14 10:25:45,593 INFO  server.RaftServerConfigKeys (ConfUtils.java:logGet(43)) - raft.server.log.force.sync.num = 128 (default)
2019-06-14 10:25:45,593 INFO  server.RaftServerConfigKeys (ConfUtils.java:logGet(43)) - raft.server.log.statemachine.data.sync = true (default)
2019-06-14 10:25:45,593 INFO  server.RaftServerConfigKeys (ConfUtils.java:logGet(43)) - raft.server.log.statemachine.data.sync.timeout = 10s (default)
2019-06-14 10:25:45,593 INFO  server.RaftServerConfigKeys (ConfUtils.java:logGet(43)) - raft.server.log.statemachine.data.sync.timeout.retry = -1 (default)
2019-06-14 10:25:45,594 INFO  server.RaftServerConfigKeys (ConfUtils.java:logGet(43)) - raft.server.log.statemachine.data.caching.enabled = true (custom)
2019-06-14 10:25:45,602 INFO  server.RaftServerConfigKeys (ConfUtils.java:logGet(43)) - raft.server.snapshot.auto.trigger.enabled = true (custom)
2019-06-14 10:25:45,602 INFO  server.RaftServerConfigKeys (ConfUtils.java:logGet(43)) - raft.server.snapshot.auto.trigger.threshold = 10000 (custom)
2019-06-14 10:25:45,602 INFO  server.RaftServerConfigKeys (ConfUtils.java:logGet(43)) - raft.server.retrycache.expirytime = 600000ms (custom)
2019-06-14 10:25:45,602 INFO  impl.RaftServerImpl (RaftServerImpl.java:start(173)) - 85f51d6b-186a-452d-a318-50e7333a6fee: start group-F5D969404E90
2019-06-14 10:25:45,602 INFO  impl.RaftServerImpl (RaftServerImpl.java:setRole(164)) - 85f51d6b-186a-452d-a318-50e7333a6fee:group-F5D969404E90 changes role from null to FOLLOWER at term 0 for startAsFollower
2019-06-14 10:25:45,602 INFO  impl.RoleInfo (RoleInfo.java:updateAndGet(143)) - 85f51d6b-186a-452d-a318-50e7333a6fee: start FollowerState
2019-06-14 10:25:45,602 INFO  util.JmxRegister (JmxRegister.java:tryRegister(44)) - Successfully registered JMX Bean with object name Ratis:service=RaftServer,group=group-F5D969404E90,id=85f51d6b-186a-452d-a318-50e7333a6fee
2019-06-14 10:25:45,615 INFO  pipeline.PipelineStateManager (PipelineStateManager.java:addPipeline(56)) - Created pipeline Pipeline[ Id: d214cd20-4f44-4014-9a00-f5d969404e90, Nodes: 85f51d6b-186a-452d-a318-50e7333a6fee{ip: 192.168.46.40, host: ozone-cf6ld-438179620, networkLocation: /default-rack, certSerialId: null}da5376a1-c7cf-45b2-bab0-5afd579b7ac2{ip: 192.168.46.40, host: ozone-cf6ld-438179620, networkLocation: /default-rack, certSerialId: null}36653280-181f-4414-b44f-1898783a8f5e{ip: 192.168.46.40, host: ozone-cf6ld-438179620, networkLocation: /default-rack, certSerialId: null}, Type:RATIS, Factor:THREE, State:OPEN]
2019-06-14 10:25:46,024 INFO  impl.FollowerState (FollowerState.java:run(101)) - ddf21685-f8b9-4fdb-b58c-7723b49769fa:group-6E574B378035 changes to CANDIDATE, lastRpcTime:1006, electionTimeout:1005ms
2019-06-14 10:25:46,024 INFO  impl.RoleInfo (RoleInfo.java:shutdownFollowerState(121)) - ddf21685-f8b9-4fdb-b58c-7723b49769fa: shutdown FollowerState
2019-06-14 10:25:46,025 INFO  impl.RaftServerImpl (RaftServerImpl.java:setRole(164)) - ddf21685-f8b9-4fdb-b58c-7723b49769fa:group-6E574B378035 changes role from FOLLOWER to CANDIDATE at term 0 for changeToCandidate
2019-06-14 10:25:46,026 INFO  impl.RoleInfo (RoleInfo.java:updateAndGet(143)) - ddf21685-f8b9-4fdb-b58c-7723b49769fa: start LeaderElection
2019-06-14 10:25:46,033 INFO  impl.LeaderElection (LeaderElection.java:askForVotes(181)) - ddf21685-f8b9-4fdb-b58c-7723b49769fa:group-6E574B378035:LeaderElection1: begin an election at term 1 for -1: [ddf21685-f8b9-4fdb-b58c-7723b49769fa:192.168.46.40:37019], old=null
2019-06-14 10:25:46,034 INFO  impl.RoleInfo (RoleInfo.java:shutdownLeaderElection(134)) - ddf21685-f8b9-4fdb-b58c-7723b49769fa: shutdown LeaderElection
2019-06-14 10:25:46,035 INFO  impl.RaftServerImpl (RaftServerImpl.java:setRole(164)) - ddf21685-f8b9-4fdb-b58c-7723b49769fa:group-6E574B378035 changes role from CANDIDATE to LEADER at term 1 for changeToLeader
2019-06-14 10:25:46,035 INFO  impl.RaftServerImpl (ServerState.java:setLeader(263)) - ddf21685-f8b9-4fdb-b58c-7723b49769fa:group-6E574B378035 change Leader from null to ddf21685-f8b9-4fdb-b58c-7723b49769fa at term 1 for becomeLeader, leader elected after 1021ms
2019-06-14 10:25:46,039 INFO  server.RaftServerConfigKeys (ConfUtils.java:logGet(43)) - raft.server.staging.catchup.gap = 1000 (default)
2019-06-14 10:25:46,040 INFO  server.RaftServerConfigKeys (ConfUtils.java:logGet(43)) - raft.server.rpc.sleep.time = 25ms (default)
2019-06-14 10:25:46,042 INFO  server.RaftServerConfigKeys (ConfUtils.java:logGet(43)) - raft.server.watch.timeout = 10s (default)
2019-06-14 10:25:46,042 INFO  server.RaftServerConfigKeys (ConfUtils.java:logGet(43)) - raft.server.watch.timeout.denomination = 1s (default)
2019-06-14 10:25:46,048 INFO  impl.RoleInfo (RoleInfo.java:updateAndGet(143)) - ddf21685-f8b9-4fdb-b58c-7723b49769fa: start LeaderState
2019-06-14 10:25:46,062 INFO  storage.RaftLogWorker (RaftLogWorker.java:startLogSegment(298)) - ddf21685-f8b9-4fdb-b58c-7723b49769fa-RaftLogWorker: Starting segment from index:0
2019-06-14 10:25:46,067 INFO  impl.RaftServerImpl (ServerState.java:setRaftConf(361)) - ddf21685-f8b9-4fdb-b58c-7723b49769fa:group-6E574B378035 set configuration 0: [ddf21685-f8b9-4fdb-b58c-7723b49769fa:192.168.46.40:37019], old=null at 0
2019-06-14 10:25:46,119 INFO  impl.FollowerState (FollowerState.java:run(101)) - d93889ef-1420-4a6d-9d65-abf676522b4c:group-70FDE3C3085F changes to CANDIDATE, lastRpcTime:1182, electionTimeout:1178ms
2019-06-14 10:25:46,121 INFO  impl.RoleInfo (RoleInfo.java:shutdownFollowerState(121)) - d93889ef-1420-4a6d-9d65-abf676522b4c: shutdown FollowerState
2019-06-14 10:25:46,121 INFO  impl.RaftServerImpl (RaftServerImpl.java:setRole(164)) - d93889ef-1420-4a6d-9d65-abf676522b4c:group-70FDE3C3085F changes role from FOLLOWER to CANDIDATE at term 0 for changeToCandidate
2019-06-14 10:25:46,121 INFO  impl.RoleInfo (RoleInfo.java:updateAndGet(143)) - d93889ef-1420-4a6d-9d65-abf676522b4c: start LeaderElection
2019-06-14 10:25:46,126 INFO  impl.LeaderElection (LeaderElection.java:askForVotes(181)) - d93889ef-1420-4a6d-9d65-abf676522b4c:group-70FDE3C3085F:LeaderElection2: begin an election at term 1 for -1: [d93889ef-1420-4a6d-9d65-abf676522b4c:192.168.46.40:35715], old=null
2019-06-14 10:25:46,127 INFO  impl.RoleInfo (RoleInfo.java:shutdownLeaderElection(134)) - d93889ef-1420-4a6d-9d65-abf676522b4c: shutdown LeaderElection
2019-06-14 10:25:46,127 INFO  impl.RaftServerImpl (RaftServerImpl.java:setRole(164)) - d93889ef-1420-4a6d-9d65-abf676522b4c:group-70FDE3C3085F changes role from CANDIDATE to LEADER at term 1 for changeToLeader
2019-06-14 10:25:46,127 INFO  impl.RaftServerImpl (ServerState.java:setLeader(263)) - d93889ef-1420-4a6d-9d65-abf676522b4c:group-70FDE3C3085F change Leader from null to d93889ef-1420-4a6d-9d65-abf676522b4c at term 1 for becomeLeader, leader elected after 1372ms
2019-06-14 10:25:46,127 INFO  server.RaftServerConfigKeys (ConfUtils.java:logGet(43)) - raft.server.staging.catchup.gap = 1000 (default)
2019-06-14 10:25:46,127 INFO  server.RaftServerConfigKeys (ConfUtils.java:logGet(43)) - raft.server.rpc.sleep.time = 25ms (default)
2019-06-14 10:25:46,127 INFO  server.RaftServerConfigKeys (ConfUtils.java:logGet(43)) - raft.server.watch.timeout = 10s (default)
2019-06-14 10:25:46,127 INFO  server.RaftServerConfigKeys (ConfUtils.java:logGet(43)) - raft.server.watch.timeout.denomination = 1s (default)
2019-06-14 10:25:46,127 INFO  impl.RoleInfo (RoleInfo.java:updateAndGet(143)) - d93889ef-1420-4a6d-9d65-abf676522b4c: start LeaderState
2019-06-14 10:25:46,127 INFO  storage.RaftLogWorker (RaftLogWorker.java:startLogSegment(298)) - d93889ef-1420-4a6d-9d65-abf676522b4c-RaftLogWorker: Starting segment from index:0
2019-06-14 10:25:46,128 INFO  impl.RaftServerImpl (ServerState.java:setRaftConf(361)) - d93889ef-1420-4a6d-9d65-abf676522b4c:group-70FDE3C3085F set configuration 0: [d93889ef-1420-4a6d-9d65-abf676522b4c:192.168.46.40:35715], old=null at 0
2019-06-14 10:25:46,182 INFO  impl.FollowerState (FollowerState.java:run(101)) - da5376a1-c7cf-45b2-bab0-5afd579b7ac2:group-4070385FE316 changes to CANDIDATE, lastRpcTime:1090, electionTimeout:1090ms
2019-06-14 10:25:46,182 INFO  impl.RoleInfo (RoleInfo.java:shutdownFollowerState(121)) - da5376a1-c7cf-45b2-bab0-5afd579b7ac2: shutdown FollowerState
2019-06-14 10:25:46,182 INFO  impl.RaftServerImpl (RaftServerImpl.java:setRole(164)) - da5376a1-c7cf-45b2-bab0-5afd579b7ac2:group-4070385FE316 changes role from FOLLOWER to CANDIDATE at term 0 for changeToCandidate
2019-06-14 10:25:46,183 INFO  impl.RoleInfo (RoleInfo.java:updateAndGet(143)) - da5376a1-c7cf-45b2-bab0-5afd579b7ac2: start LeaderElection
2019-06-14 10:25:46,209 INFO  impl.LeaderElection (LeaderElection.java:askForVotes(181)) - da5376a1-c7cf-45b2-bab0-5afd579b7ac2:group-4070385FE316:LeaderElection3: begin an election at term 1 for -1: [da5376a1-c7cf-45b2-bab0-5afd579b7ac2:192.168.46.40:43937], old=null
2019-06-14 10:25:46,209 INFO  impl.RoleInfo (RoleInfo.java:shutdownLeaderElection(134)) - da5376a1-c7cf-45b2-bab0-5afd579b7ac2: shutdown LeaderElection
2019-06-14 10:25:46,209 INFO  impl.RaftServerImpl (RaftServerImpl.java:setRole(164)) - da5376a1-c7cf-45b2-bab0-5afd579b7ac2:group-4070385FE316 changes role from CANDIDATE to LEADER at term 1 for changeToLeader
2019-06-14 10:25:46,209 INFO  impl.RaftServerImpl (ServerState.java:setLeader(263)) - da5376a1-c7cf-45b2-bab0-5afd579b7ac2:group-4070385FE316 change Leader from null to da5376a1-c7cf-45b2-bab0-5afd579b7ac2 at term 1 for becomeLeader, leader elected after 1120ms
2019-06-14 10:25:46,225 INFO  server.RaftServerConfigKeys (ConfUtils.java:logGet(43)) - raft.server.staging.catchup.gap = 1000 (default)
2019-06-14 10:25:46,225 INFO  server.RaftServerConfigKeys (ConfUtils.java:logGet(43)) - raft.server.rpc.sleep.time = 25ms (default)
2019-06-14 10:25:46,226 INFO  server.RaftServerConfigKeys (ConfUtils.java:logGet(43)) - raft.server.watch.timeout = 10s (default)
2019-06-14 10:25:46,226 INFO  server.RaftServerConfigKeys (ConfUtils.java:logGet(43)) - raft.server.watch.timeout.denomination = 1s (default)
2019-06-14 10:25:46,226 INFO  impl.RoleInfo (RoleInfo.java:updateAndGet(143)) - da5376a1-c7cf-45b2-bab0-5afd579b7ac2: start LeaderState
2019-06-14 10:25:46,226 INFO  storage.RaftLogWorker (RaftLogWorker.java:startLogSegment(298)) - da5376a1-c7cf-45b2-bab0-5afd579b7ac2-RaftLogWorker: Starting segment from index:0
2019-06-14 10:25:46,227 INFO  impl.RaftServerImpl (ServerState.java:setRaftConf(361)) - da5376a1-c7cf-45b2-bab0-5afd579b7ac2:group-4070385FE316 set configuration 0: [da5376a1-c7cf-45b2-bab0-5afd579b7ac2:192.168.46.40:43937], old=null at 0
2019-06-14 10:25:46,228 INFO  storage.RaftLogWorker (RaftLogWorker.java:execute(469)) - d93889ef-1420-4a6d-9d65-abf676522b4c-RaftLogWorker: created new log segment /opt/src/hadoop-ozone/integration-test/target/test-dir/MiniOzoneClusterImpl-6225c502-e6cf-4203-aabd-a785cae5b2dc/datanode-0/data/ratis/b1125264-cfb7-428e-b99c-70fde3c3085f/current/log_inprogress_0
2019-06-14 10:25:46,228 INFO  storage.RaftLogWorker (RaftLogWorker.java:execute(469)) - ddf21685-f8b9-4fdb-b58c-7723b49769fa-RaftLogWorker: created new log segment /opt/src/hadoop-ozone/integration-test/target/test-dir/MiniOzoneClusterImpl-6225c502-e6cf-4203-aabd-a785cae5b2dc/datanode-2/data/ratis/ec58a482-1f22-4f0b-acc2-6e574b378035/current/log_inprogress_0
2019-06-14 10:25:46,248 INFO  impl.FollowerState (FollowerState.java:run(101)) - c9615246-1672-48c1-81d6-6e7de0a7a84e:group-66BFAF578A48 changes to CANDIDATE, lastRpcTime:1050, electionTimeout:1044ms
2019-06-14 10:25:46,248 INFO  impl.RoleInfo (RoleInfo.java:shutdownFollowerState(121)) - c9615246-1672-48c1-81d6-6e7de0a7a84e: shutdown FollowerState
2019-06-14 10:25:46,248 INFO  impl.RaftServerImpl (RaftServerImpl.java:setRole(164)) - c9615246-1672-48c1-81d6-6e7de0a7a84e:group-66BFAF578A48 changes role from FOLLOWER to CANDIDATE at term 0 for changeToCandidate
2019-06-14 10:25:46,249 INFO  impl.RoleInfo (RoleInfo.java:updateAndGet(143)) - c9615246-1672-48c1-81d6-6e7de0a7a84e: start LeaderElection
2019-06-14 10:25:46,273 INFO  storage.RaftLogWorker (RaftLogWorker.java:execute(469)) - da5376a1-c7cf-45b2-bab0-5afd579b7ac2-RaftLogWorker: created new log segment /opt/src/hadoop-ozone/integration-test/target/test-dir/MiniOzoneClusterImpl-6225c502-e6cf-4203-aabd-a785cae5b2dc/datanode-1/data/ratis/1c7fb528-d7c8-4d08-a761-4070385fe316/current/log_inprogress_0
2019-06-14 10:25:46,275 INFO  impl.LeaderElection (LeaderElection.java:askForVotes(181)) - c9615246-1672-48c1-81d6-6e7de0a7a84e:group-66BFAF578A48:LeaderElection4: begin an election at term 1 for -1: [c9615246-1672-48c1-81d6-6e7de0a7a84e:192.168.46.40:42761, d93889ef-1420-4a6d-9d65-abf676522b4c:192.168.46.40:35715, ddf21685-f8b9-4fdb-b58c-7723b49769fa:192.168.46.40:37019], old=null
2019-06-14 10:25:46,285 INFO  impl.FollowerState (FollowerState.java:run(101)) - d93889ef-1420-4a6d-9d65-abf676522b4c:group-66BFAF578A48 changes to CANDIDATE, lastRpcTime:1092, electionTimeout:1092ms
2019-06-14 10:25:46,285 INFO  impl.RoleInfo (RoleInfo.java:shutdownFollowerState(121)) - d93889ef-1420-4a6d-9d65-abf676522b4c: shutdown FollowerState
2019-06-14 10:25:46,285 INFO  impl.RaftServerImpl (RaftServerImpl.java:setRole(164)) - d93889ef-1420-4a6d-9d65-abf676522b4c:group-66BFAF578A48 changes role from FOLLOWER to CANDIDATE at term 0 for changeToCandidate
2019-06-14 10:25:46,290 INFO  impl.RoleInfo (RoleInfo.java:updateAndGet(143)) - d93889ef-1420-4a6d-9d65-abf676522b4c: start LeaderElection
2019-06-14 10:25:46,299 INFO  impl.LeaderElection (LeaderElection.java:askForVotes(181)) - d93889ef-1420-4a6d-9d65-abf676522b4c:group-66BFAF578A48:LeaderElection5: begin an election at term 1 for -1: [c9615246-1672-48c1-81d6-6e7de0a7a84e:192.168.46.40:42761, d93889ef-1420-4a6d-9d65-abf676522b4c:192.168.46.40:35715, ddf21685-f8b9-4fdb-b58c-7723b49769fa:192.168.46.40:37019], old=null
2019-06-14 10:25:46,302 INFO  impl.RaftServerImpl (RaftServerImpl.java:setRole(164)) - ddf21685-f8b9-4fdb-b58c-7723b49769fa:group-66BFAF578A48 changes role from FOLLOWER to FOLLOWER at term 1 for recognizeCandidate:c9615246-1672-48c1-81d6-6e7de0a7a84e
2019-06-14 10:25:46,303 INFO  impl.RoleInfo (RoleInfo.java:shutdownFollowerState(121)) - ddf21685-f8b9-4fdb-b58c-7723b49769fa: shutdown FollowerState
2019-06-14 10:25:46,304 INFO  impl.RoleInfo (RoleInfo.java:updateAndGet(143)) - ddf21685-f8b9-4fdb-b58c-7723b49769fa: start FollowerState
2019-06-14 10:25:46,307 INFO  impl.FollowerState (FollowerState.java:run(109)) - ddf21685-f8b9-4fdb-b58c-7723b49769fa: FollowerState was interrupted: java.lang.InterruptedException: sleep interrupted
2019-06-14 10:25:46,319 INFO  impl.LeaderElection (LeaderElection.java:logAndReturn(56)) - c9615246-1672-48c1-81d6-6e7de0a7a84e:group-66BFAF578A48:LeaderElection4: Election PASSED; received 2 response(s) [c9615246-1672-48c1-81d6-6e7de0a7a84e->d93889ef-1420-4a6d-9d65-abf676522b4c,false-t1, c9615246-1672-48c1-81d6-6e7de0a7a84e->ddf21685-f8b9-4fdb-b58c-7723b49769fa,true-t1] and 0 exception(s); c9615246-1672-48c1-81d6-6e7de0a7a84e:t1, leader=null, voted=c9615246-1672-48c1-81d6-6e7de0a7a84e, raftlog=c9615246-1672-48c1-81d6-6e7de0a7a84e-SegmentedRaftLog:OPENED:c-1,f-1,i0, conf=-1: [c9615246-1672-48c1-81d6-6e7de0a7a84e:192.168.46.40:42761, d93889ef-1420-4a6d-9d65-abf676522b4c:192.168.46.40:35715, ddf21685-f8b9-4fdb-b58c-7723b49769fa:192.168.46.40:37019], old=null
2019-06-14 10:25:46,319 INFO  impl.RoleInfo (RoleInfo.java:shutdownLeaderElection(134)) - c9615246-1672-48c1-81d6-6e7de0a7a84e: shutdown LeaderElection
2019-06-14 10:25:46,319 INFO  impl.RaftServerImpl (RaftServerImpl.java:setRole(164)) - c9615246-1672-48c1-81d6-6e7de0a7a84e:group-66BFAF578A48 changes role from CANDIDATE to LEADER at term 1 for changeToLeader
2019-06-14 10:25:46,319 INFO  impl.RaftServerImpl (ServerState.java:setLeader(263)) - c9615246-1672-48c1-81d6-6e7de0a7a84e:group-66BFAF578A48 change Leader from null to c9615246-1672-48c1-81d6-6e7de0a7a84e at term 1 for becomeLeader, leader elected after 1132ms
2019-06-14 10:25:46,322 INFO  server.RaftServerConfigKeys (ConfUtils.java:logGet(43)) - raft.server.staging.catchup.gap = 1000 (default)
2019-06-14 10:25:46,322 INFO  server.RaftServerConfigKeys (ConfUtils.java:logGet(43)) - raft.server.rpc.sleep.time = 25ms (default)
2019-06-14 10:25:46,322 INFO  server.RaftServerConfigKeys (ConfUtils.java:logGet(43)) - raft.server.watch.timeout = 10s (default)
2019-06-14 10:25:46,322 INFO  server.RaftServerConfigKeys (ConfUtils.java:logGet(43)) - raft.server.watch.timeout.denomination = 1s (default)
2019-06-14 10:25:46,327 INFO  impl.FollowerState (FollowerState.java:run(101)) - c9615246-1672-48c1-81d6-6e7de0a7a84e:group-15B9AFF20F12 changes to CANDIDATE, lastRpcTime:1197, electionTimeout:1197ms
2019-06-14 10:25:46,328 INFO  impl.RoleInfo (RoleInfo.java:shutdownFollowerState(121)) - c9615246-1672-48c1-81d6-6e7de0a7a84e: shutdown FollowerState
2019-06-14 10:25:46,329 INFO  impl.RaftServerImpl (RaftServerImpl.java:setRole(164)) - c9615246-1672-48c1-81d6-6e7de0a7a84e:group-15B9AFF20F12 changes role from FOLLOWER to CANDIDATE at term 0 for changeToCandidate
2019-06-14 10:25:46,329 INFO  impl.RoleInfo (RoleInfo.java:updateAndGet(143)) - c9615246-1672-48c1-81d6-6e7de0a7a84e: start LeaderElection
2019-06-14 10:25:46,329 INFO  server.RaftServerConfigKeys (ConfUtils.java:logGet(43)) - raft.server.log.appender.snapshot.chunk.size.max = 16MB (=16777216) (default)
2019-06-14 10:25:46,329 INFO  server.RaftServerConfigKeys (ConfUtils.java:logGet(43)) - raft.server.log.appender.buffer.byte-limit = 33554432 (custom)
2019-06-14 10:25:46,329 INFO  server.RaftServerConfigKeys (ConfUtils.java:logGet(43)) - raft.server.log.appender.buffer.element-limit = 1 (custom)
2019-06-14 10:25:46,331 INFO  grpc.GrpcConfigKeys$Server (ConfUtils.java:logGet(43)) - raft.grpc.server.leader.outstanding.appends.max = 128 (default)
2019-06-14 10:25:46,331 INFO  server.RaftServerConfigKeys (ConfUtils.java:logGet(43)) - raft.server.rpc.request.timeout = 3000ms (default)
2019-06-14 10:25:46,331 INFO  server.RaftServerConfigKeys (ConfUtils.java:logGet(43)) - raft.server.log.appender.install.snapshot.enabled = true (default)
2019-06-14 10:25:46,331 INFO  server.RaftServerConfigKeys (ConfUtils.java:logGet(43)) - raft.server.log.appender.snapshot.chunk.size.max = 16MB (=16777216) (default)
2019-06-14 10:25:46,331 INFO  server.RaftServerConfigKeys (ConfUtils.java:logGet(43)) - raft.server.log.appender.buffer.byte-limit = 33554432 (custom)
2019-06-14 10:25:46,331 INFO  server.RaftServerConfigKeys (ConfUtils.java:logGet(43)) - raft.server.log.appender.buffer.element-limit = 1 (custom)
2019-06-14 10:25:46,331 INFO  grpc.GrpcConfigKeys$Server (ConfUtils.java:logGet(43)) - raft.grpc.server.leader.outstanding.appends.max = 128 (default)
2019-06-14 10:25:46,331 INFO  server.RaftServerConfigKeys (ConfUtils.java:logGet(43)) - raft.server.rpc.request.timeout = 3000ms (default)
2019-06-14 10:25:46,331 INFO  server.RaftServerConfigKeys (ConfUtils.java:logGet(43)) - raft.server.log.appender.install.snapshot.enabled = true (default)
2019-06-14 10:25:46,332 INFO  impl.RoleInfo (RoleInfo.java:updateAndGet(143)) - c9615246-1672-48c1-81d6-6e7de0a7a84e: start LeaderState
2019-06-14 10:25:46,332 INFO  storage.RaftLogWorker (RaftLogWorker.java:startLogSegment(298)) - c9615246-1672-48c1-81d6-6e7de0a7a84e-RaftLogWorker: Starting segment from index:0
2019-06-14 10:25:46,352 INFO  impl.RaftServerImpl (ServerState.java:setRaftConf(361)) - c9615246-1672-48c1-81d6-6e7de0a7a84e:group-66BFAF578A48 set configuration 0: [c9615246-1672-48c1-81d6-6e7de0a7a84e:192.168.46.40:42761, d93889ef-1420-4a6d-9d65-abf676522b4c:192.168.46.40:35715, ddf21685-f8b9-4fdb-b58c-7723b49769fa:192.168.46.40:37019], old=null at 0
2019-06-14 10:25:46,374 INFO  impl.LeaderElection (LeaderElection.java:askForVotes(181)) - c9615246-1672-48c1-81d6-6e7de0a7a84e:group-15B9AFF20F12:LeaderElection6: begin an election at term 1 for -1: [c9615246-1672-48c1-81d6-6e7de0a7a84e:192.168.46.40:42761], old=null
2019-06-14 10:25:46,374 INFO  impl.RoleInfo (RoleInfo.java:shutdownLeaderElection(134)) - c9615246-1672-48c1-81d6-6e7de0a7a84e: shutdown LeaderElection
2019-06-14 10:25:46,374 INFO  impl.RaftServerImpl (RaftServerImpl.java:setRole(164)) - c9615246-1672-48c1-81d6-6e7de0a7a84e:group-15B9AFF20F12 changes role from CANDIDATE to LEADER at term 1 for changeToLeader
2019-06-14 10:25:46,374 INFO  impl.RaftServerImpl (ServerState.java:setLeader(263)) - c9615246-1672-48c1-81d6-6e7de0a7a84e:group-15B9AFF20F12 change Leader from null to c9615246-1672-48c1-81d6-6e7de0a7a84e at term 1 for becomeLeader, leader elected after 1246ms
2019-06-14 10:25:46,374 INFO  server.RaftServerConfigKeys (ConfUtils.java:logGet(43)) - raft.server.staging.catchup.gap = 1000 (default)
2019-06-14 10:25:46,374 INFO  server.RaftServerConfigKeys (ConfUtils.java:logGet(43)) - raft.server.rpc.sleep.time = 25ms (default)
2019-06-14 10:25:46,374 INFO  server.RaftServerConfigKeys (ConfUtils.java:logGet(43)) - raft.server.watch.timeout = 10s (default)
2019-06-14 10:25:46,374 INFO  server.RaftServerConfigKeys (ConfUtils.java:logGet(43)) - raft.server.watch.timeout.denomination = 1s (default)
2019-06-14 10:25:46,375 INFO  impl.RaftServerImpl (RaftServerImpl.java:requestVote(738)) - c9615246-1672-48c1-81d6-6e7de0a7a84e-LEADER: Withhold vote from candidate d93889ef-1420-4a6d-9d65-abf676522b4c with term 1. State: leader=c9615246-1672-48c1-81d6-6e7de0a7a84e, term=1, lastRpcElapsed=null
2019-06-14 10:25:46,376 INFO  impl.RoleInfo (RoleInfo.java:updateAndGet(143)) - c9615246-1672-48c1-81d6-6e7de0a7a84e: start LeaderState
2019-06-14 10:25:46,377 INFO  storage.RaftLogWorker (RaftLogWorker.java:startLogSegment(298)) - c9615246-1672-48c1-81d6-6e7de0a7a84e-RaftLogWorker: Starting segment from index:0
2019-06-14 10:25:46,379 INFO  storage.RaftLogWorker (RaftLogWorker.java:execute(469)) - c9615246-1672-48c1-81d6-6e7de0a7a84e-RaftLogWorker: created new log segment /opt/src/hadoop-ozone/integration-test/target/test-dir/MiniOzoneClusterImpl-6225c502-e6cf-4203-aabd-a785cae5b2dc/datanode-3/data/ratis/c2a85a7e-b588-465c-8930-66bfaf578a48/current/log_inprogress_0
2019-06-14 10:25:46,380 INFO  impl.RaftServerImpl (ServerState.java:setRaftConf(361)) - c9615246-1672-48c1-81d6-6e7de0a7a84e:group-15B9AFF20F12 set configuration 0: [c9615246-1672-48c1-81d6-6e7de0a7a84e:192.168.46.40:42761], old=null at 0
2019-06-14 10:25:46,397 INFO  impl.FollowerState (FollowerState.java:run(101)) - 36653280-181f-4414-b44f-1898783a8f5e:group-FEC6F8CD75D7 changes to CANDIDATE, lastRpcTime:1111, electionTimeout:1103ms
2019-06-14 10:25:46,397 INFO  impl.RoleInfo (RoleInfo.java:shutdownFollowerState(121)) - 36653280-181f-4414-b44f-1898783a8f5e: shutdown FollowerState
2019-06-14 10:25:46,397 INFO  impl.RaftServerImpl (RaftServerImpl.java:setRole(164)) - 36653280-181f-4414-b44f-1898783a8f5e:group-FEC6F8CD75D7 changes role from FOLLOWER to CANDIDATE at term 0 for changeToCandidate
2019-06-14 10:25:46,397 INFO  impl.RoleInfo (RoleInfo.java:updateAndGet(143)) - 36653280-181f-4414-b44f-1898783a8f5e: start LeaderElection
2019-06-14 10:25:46,398 INFO  impl.LeaderElection (LeaderElection.java:logAndReturn(56)) - d93889ef-1420-4a6d-9d65-abf676522b4c:group-66BFAF578A48:LeaderElection5: Election REJECTED; received 2 response(s) [d93889ef-1420-4a6d-9d65-abf676522b4c->c9615246-1672-48c1-81d6-6e7de0a7a84e,false-t1, d93889ef-1420-4a6d-9d65-abf676522b4c->ddf21685-f8b9-4fdb-b58c-7723b49769fa,false-t1] and 0 exception(s); d93889ef-1420-4a6d-9d65-abf676522b4c:t1, leader=null, voted=d93889ef-1420-4a6d-9d65-abf676522b4c, raftlog=d93889ef-1420-4a6d-9d65-abf676522b4c-SegmentedRaftLog:OPENED:c-1,f-1,i0, conf=-1: [c9615246-1672-48c1-81d6-6e7de0a7a84e:192.168.46.40:42761, d93889ef-1420-4a6d-9d65-abf676522b4c:192.168.46.40:35715, ddf21685-f8b9-4fdb-b58c-7723b49769fa:192.168.46.40:37019], old=null
2019-06-14 10:25:46,416 INFO  impl.RaftServerImpl (RaftServerImpl.java:setRole(164)) - d93889ef-1420-4a6d-9d65-abf676522b4c:group-66BFAF578A48 changes role from CANDIDATE to FOLLOWER at term 1 for DISCOVERED_A_NEW_TERM
2019-06-14 10:25:46,416 INFO  impl.RoleInfo (RoleInfo.java:shutdownLeaderElection(134)) - d93889ef-1420-4a6d-9d65-abf676522b4c: shutdown LeaderElection
2019-06-14 10:25:46,416 INFO  impl.RoleInfo (RoleInfo.java:updateAndGet(143)) - d93889ef-1420-4a6d-9d65-abf676522b4c: start FollowerState
2019-06-14 10:25:46,421 INFO  storage.RaftLogWorker (RaftLogWorker.java:execute(469)) - c9615246-1672-48c1-81d6-6e7de0a7a84e-RaftLogWorker: created new log segment /opt/src/hadoop-ozone/integration-test/target/test-dir/MiniOzoneClusterImpl-6225c502-e6cf-4203-aabd-a785cae5b2dc/datanode-3/data/ratis/92c3e69b-794e-471e-8962-15b9aff20f12/current/log_inprogress_0
2019-06-14 10:25:46,422 INFO  impl.LeaderElection (LeaderElection.java:askForVotes(181)) - 36653280-181f-4414-b44f-1898783a8f5e:group-FEC6F8CD75D7:LeaderElection7: begin an election at term 1 for -1: [36653280-181f-4414-b44f-1898783a8f5e:192.168.46.40:44949], old=null
2019-06-14 10:25:46,422 INFO  impl.RoleInfo (RoleInfo.java:shutdownLeaderElection(134)) - 36653280-181f-4414-b44f-1898783a8f5e: shutdown LeaderElection
2019-06-14 10:25:46,422 INFO  impl.RaftServerImpl (RaftServerImpl.java:setRole(164)) - 36653280-181f-4414-b44f-1898783a8f5e:group-FEC6F8CD75D7 changes role from CANDIDATE to LEADER at term 1 for changeToLeader
2019-06-14 10:25:46,422 INFO  impl.RaftServerImpl (ServerState.java:setLeader(263)) - 36653280-181f-4414-b44f-1898783a8f5e:group-FEC6F8CD75D7 change Leader from null to 36653280-181f-4414-b44f-1898783a8f5e at term 1 for becomeLeader, leader elected after 1139ms
2019-06-14 10:25:46,423 INFO  server.RaftServerConfigKeys (ConfUtils.java:logGet(43)) - raft.server.staging.catchup.gap = 1000 (default)
2019-06-14 10:25:46,423 INFO  server.RaftServerConfigKeys (ConfUtils.java:logGet(43)) - raft.server.rpc.sleep.time = 25ms (default)
2019-06-14 10:25:46,424 INFO  server.RaftServerConfigKeys (ConfUtils.java:logGet(43)) - raft.server.watch.timeout = 10s (default)
2019-06-14 10:25:46,424 INFO  server.RaftServerConfigKeys (ConfUtils.java:logGet(43)) - raft.server.watch.timeout.denomination = 1s (default)
2019-06-14 10:25:46,424 INFO  impl.RoleInfo (RoleInfo.java:updateAndGet(143)) - 36653280-181f-4414-b44f-1898783a8f5e: start LeaderState
2019-06-14 10:25:46,424 INFO  storage.RaftLogWorker (RaftLogWorker.java:startLogSegment(298)) - 36653280-181f-4414-b44f-1898783a8f5e-RaftLogWorker: Starting segment from index:0
2019-06-14 10:25:46,425 INFO  impl.RaftServerImpl (ServerState.java:setRaftConf(361)) - 36653280-181f-4414-b44f-1898783a8f5e:group-FEC6F8CD75D7 set configuration 0: [36653280-181f-4414-b44f-1898783a8f5e:192.168.46.40:44949], old=null at 0
2019-06-14 10:25:46,446 INFO  impl.RaftServerImpl (ServerState.java:setLeader(263)) - d93889ef-1420-4a6d-9d65-abf676522b4c:group-66BFAF578A48 change Leader from null to c9615246-1672-48c1-81d6-6e7de0a7a84e at term 1 for appendEntries, leader elected after 1259ms
2019-06-14 10:25:46,448 INFO  impl.RaftServerImpl (ServerState.java:setLeader(263)) - ddf21685-f8b9-4fdb-b58c-7723b49769fa:group-66BFAF578A48 change Leader from null to c9615246-1672-48c1-81d6-6e7de0a7a84e at term 1 for appendEntries, leader elected after 1261ms
2019-06-14 10:25:46,467 INFO  storage.RaftLogWorker (RaftLogWorker.java:execute(469)) - 36653280-181f-4414-b44f-1898783a8f5e-RaftLogWorker: created new log segment /opt/src/hadoop-ozone/integration-test/target/test-dir/MiniOzoneClusterImpl-6225c502-e6cf-4203-aabd-a785cae5b2dc/datanode-4/data/ratis/18b8c8f6-4125-4eb3-a170-fec6f8cd75d7/current/log_inprogress_0
2019-06-14 10:25:46,472 INFO  impl.RaftServerImpl (ServerState.java:setRaftConf(361)) - d93889ef-1420-4a6d-9d65-abf676522b4c:group-66BFAF578A48 set configuration 0: [c9615246-1672-48c1-81d6-6e7de0a7a84e:192.168.46.40:42761, d93889ef-1420-4a6d-9d65-abf676522b4c:192.168.46.40:35715, ddf21685-f8b9-4fdb-b58c-7723b49769fa:192.168.46.40:37019], old=null at 0
2019-06-14 10:25:46,472 INFO  storage.RaftLogWorker (RaftLogWorker.java:startLogSegment(298)) - d93889ef-1420-4a6d-9d65-abf676522b4c-RaftLogWorker: Starting segment from index:0
2019-06-14 10:25:46,472 INFO  impl.RaftServerImpl (ServerState.java:setRaftConf(361)) - ddf21685-f8b9-4fdb-b58c-7723b49769fa:group-66BFAF578A48 set configuration 0: [c9615246-1672-48c1-81d6-6e7de0a7a84e:192.168.46.40:42761, d93889ef-1420-4a6d-9d65-abf676522b4c:192.168.46.40:35715, ddf21685-f8b9-4fdb-b58c-7723b49769fa:192.168.46.40:37019], old=null at 0
2019-06-14 10:25:46,472 INFO  storage.RaftLogWorker (RaftLogWorker.java:startLogSegment(298)) - ddf21685-f8b9-4fdb-b58c-7723b49769fa-RaftLogWorker: Starting segment from index:0
2019-06-14 10:25:46,512 INFO  storage.RaftLogWorker (RaftLogWorker.java:execute(469)) - d93889ef-1420-4a6d-9d65-abf676522b4c-RaftLogWorker: created new log segment /opt/src/hadoop-ozone/integration-test/target/test-dir/MiniOzoneClusterImpl-6225c502-e6cf-4203-aabd-a785cae5b2dc/datanode-0/data/ratis/c2a85a7e-b588-465c-8930-66bfaf578a48/current/log_inprogress_0
2019-06-14 10:25:46,518 INFO  storage.RaftLogWorker (RaftLogWorker.java:execute(469)) - ddf21685-f8b9-4fdb-b58c-7723b49769fa-RaftLogWorker: created new log segment /opt/src/hadoop-ozone/integration-test/target/test-dir/MiniOzoneClusterImpl-6225c502-e6cf-4203-aabd-a785cae5b2dc/datanode-2/data/ratis/c2a85a7e-b588-465c-8930-66bfaf578a48/current/log_inprogress_0
2019-06-14 10:25:46,520 INFO  ozone.MiniOzoneClusterImpl (MiniOzoneClusterImpl.java:lambda$waitForClusterToBeReady$0(142)) - Cluster is ready. Got 6 of 6 DN Heartbeats.
]]></system-out>
    <system-err><![CDATA[ERROR StatusLogger No Log4j 2 configuration file found. Using default configuration (logging only errors to the console), or user programmatically provided configurations. Set system property 'log4j2.debug' to show Log4j 2 internal initialization logging. See https://logging.apache.org/log4j/2.x/manual/configuration.html for instructions on how to configure Log4j 2
Jun 14, 2019 10:25:39 AM com.sun.jersey.server.impl.application.WebApplicationImpl _initiate
INFO: Initiating Jersey application, version 'Jersey: 1.19 02/11/2015 03:25 AM'
Jun 14, 2019 10:25:40 AM com.sun.jersey.server.impl.application.WebApplicationImpl _initiate
INFO: Initiating Jersey application, version 'Jersey: 1.19 02/11/2015 03:25 AM'
Jun 14, 2019 10:25:40 AM com.sun.jersey.server.impl.application.WebApplicationImpl _initiate
INFO: Initiating Jersey application, version 'Jersey: 1.19 02/11/2015 03:25 AM'
Jun 14, 2019 10:25:40 AM com.sun.jersey.server.impl.application.WebApplicationImpl _initiate
INFO: Initiating Jersey application, version 'Jersey: 1.19 02/11/2015 03:25 AM'
Jun 14, 2019 10:25:41 AM com.sun.jersey.server.impl.application.WebApplicationImpl _initiate
INFO: Initiating Jersey application, version 'Jersey: 1.19 02/11/2015 03:25 AM'
Jun 14, 2019 10:25:41 AM com.sun.jersey.server.impl.application.WebApplicationImpl _initiate
INFO: Initiating Jersey application, version 'Jersey: 1.19 02/11/2015 03:25 AM'
]]></system-err>
  </testcase>
</testsuite>