<?xml version="1.0" encoding="UTF-8"?>
<testsuite xmlns:xsi="http://www.w3.org/2001/XMLSchema-instance" xsi:noNamespaceSchemaLocation="https://maven.apache.org/surefire/maven-surefire-plugin/xsd/surefire-test-report.xsd" name="org.apache.hadoop.ozone.client.rpc.TestFailureHandlingByClient" time="133.806" tests="7" errors="0" skipped="0" failures="1">
  <properties>
    <property name="awt.toolkit" value="sun.awt.X11.XToolkit"/>
    <property name="file.encoding.pkg" value="sun.io"/>
    <property name="java.specification.version" value="1.8"/>
    <property name="sun.cpu.isalist" value=""/>
    <property name="sun.jnu.encoding" value="UTF-8"/>
    <property name="java.class.path" value="/opt/src/hadoop-ozone/integration-test/target/test-classes:/opt/src/hadoop-ozone/integration-test/target/classes:/root/.m2/repository/org/apache/hadoop/hadoop-ozone-common/0.5.0-SNAPSHOT/hadoop-ozone-common-0.5.0-SNAPSHOT.jar:/root/.m2/repository/org/apache/commons/commons-compress/1.4.1/commons-compress-1.4.1.jar:/root/.m2/repository/org/tukaani/xz/1.0/xz-1.0.jar:/root/.m2/repository/org/apache/hadoop/hadoop-common/3.2.0/hadoop-common-3.2.0.jar:/root/.m2/repository/org/apache/hadoop/hadoop-hdfs/3.2.0/hadoop-hdfs-3.2.0.jar:/root/.m2/repository/org/apache/hadoop/hadoop-hdfs-client/3.2.0/hadoop-hdfs-client-3.2.0.jar:/root/.m2/repository/com/fasterxml/jackson/core/jackson-annotations/2.9.5/jackson-annotations-2.9.5.jar:/root/.m2/repository/org/apache/hadoop/hadoop-hdds-common/0.5.0-SNAPSHOT/hadoop-hdds-common-0.5.0-SNAPSHOT.jar:/root/.m2/repository/javax/annotation/javax.annotation-api/1.2/javax.annotation-api-1.2.jar:/root/.m2/repository/org/apache/ratis/ratis-server/0.4.0-fe2b15d-SNAPSHOT/ratis-server-0.4.0-fe2b15d-SNAPSHOT.jar:/root/.m2/repository/org/apache/ratis/ratis-thirdparty-misc/0.2.0/ratis-thirdparty-misc-0.2.0.jar:/root/.m2/repository/org/apache/ratis/ratis-proto/0.4.0-fe2b15d-SNAPSHOT/ratis-proto-0.4.0-fe2b15d-SNAPSHOT.jar:/root/.m2/repository/org/apache/ratis/ratis-common/0.4.0-fe2b15d-SNAPSHOT/ratis-common-0.4.0-fe2b15d-SNAPSHOT.jar:/root/.m2/repository/org/apache/ratis/ratis-client/0.4.0-fe2b15d-SNAPSHOT/ratis-client-0.4.0-fe2b15d-SNAPSHOT.jar:/root/.m2/repository/org/apache/ratis/ratis-netty/0.4.0-fe2b15d-SNAPSHOT/ratis-netty-0.4.0-fe2b15d-SNAPSHOT.jar:/root/.m2/repository/org/apache/ratis/ratis-grpc/0.4.0-fe2b15d-SNAPSHOT/ratis-grpc-0.4.0-fe2b15d-SNAPSHOT.jar:/root/.m2/repository/org/rocksdb/rocksdbjni/5.14.2/rocksdbjni-5.14.2.jar:/root/.m2/repository/org/apache/logging/log4j/log4j-api/2.11.0/log4j-api-2.11.0.jar:/root/.m2/repository/org/apache/logging/log4j/log4j-core/2.11.0/log4j-core-2.11.0.jar:/root/.m2/repository/com/lmax/disruptor/3.4.2/disruptor-3.4.2.jar:/root/.m2/repository/org/apache/commons/commons-pool2/2.6.0/commons-pool2-2.6.0.jar:/root/.m2/repository/org/bouncycastle/bcpkix-jdk15on/1.60/bcpkix-jdk15on-1.60.jar:/root/.m2/repository/commons-validator/commons-validator/1.6/commons-validator-1.6.jar:/root/.m2/repository/commons-digester/commons-digester/1.8.1/commons-digester-1.8.1.jar:/root/.m2/repository/io/jaegertracing/jaeger-client/0.33.1/jaeger-client-0.33.1.jar:/root/.m2/repository/io/jaegertracing/jaeger-thrift/0.33.1/jaeger-thrift-0.33.1.jar:/root/.m2/repository/org/apache/thrift/libthrift/0.11.0/libthrift-0.11.0.jar:/root/.m2/repository/com/squareup/okhttp3/okhttp/3.9.0/okhttp-3.9.0.jar:/root/.m2/repository/com/squareup/okio/okio/1.13.0/okio-1.13.0.jar:/root/.m2/repository/io/jaegertracing/jaeger-core/0.33.1/jaeger-core-0.33.1.jar:/root/.m2/repository/io/jaegertracing/jaeger-tracerresolver/0.33.1/jaeger-tracerresolver-0.33.1.jar:/root/.m2/repository/io/opentracing/contrib/opentracing-tracerresolver/0.1.5/opentracing-tracerresolver-0.1.5.jar:/root/.m2/repository/io/opentracing/opentracing-util/0.31.0/opentracing-util-0.31.0.jar:/root/.m2/repository/io/opentracing/opentracing-api/0.31.0/opentracing-api-0.31.0.jar:/root/.m2/repository/io/opentracing/opentracing-noop/0.31.0/opentracing-noop-0.31.0.jar:/root/.m2/repository/org/apache/hadoop/hadoop-hdds-server-framework/0.5.0-SNAPSHOT/hadoop-hdds-server-framework-0.5.0-SNAPSHOT.jar:/root/.m2/repository/org/apache/hadoop/hadoop-hdds-server-scm/0.5.0-SNAPSHOT/hadoop-hdds-server-scm-0.5.0-SNAPSHOT.jar:/root/.m2/repository/org/apache/hadoop/hadoop-hdds-container-service/0.5.0-SNAPSHOT/hadoop-hdds-container-service-0.5.0-SNAPSHOT.jar:/root/.m2/repository/org/apache/hadoop/hadoop-hdds-client/0.5.0-SNAPSHOT/hadoop-hdds-client-0.5.0-SNAPSHOT.jar:/root/.m2/repository/org/apache/hadoop/hadoop-hdds-tools/0.5.0-SNAPSHOT/hadoop-hdds-tools-0.5.0-SNAPSHOT.jar:/root/.m2/repository/org/apache/hadoop/hadoop-ozone-ozone-manager/0.5.0-SNAPSHOT/hadoop-ozone-ozone-manager-0.5.0-SNAPSHOT.jar:/root/.m2/repository/org/apache/hadoop/hadoop-hdds-docs/0.5.0-SNAPSHOT/hadoop-hdds-docs-0.5.0-SNAPSHOT.jar:/root/.m2/repository/org/bouncycastle/bcprov-jdk15on/1.60/bcprov-jdk15on-1.60.jar:/root/.m2/repository/org/apache/hadoop/hadoop-minikdc/3.2.0/hadoop-minikdc-3.2.0.jar:/root/.m2/repository/commons-io/commons-io/2.5/commons-io-2.5.jar:/root/.m2/repository/org/apache/kerby/kerb-simplekdc/1.0.1/kerb-simplekdc-1.0.1.jar:/root/.m2/repository/org/apache/kerby/kerb-client/1.0.1/kerb-client-1.0.1.jar:/root/.m2/repository/org/apache/kerby/kerby-config/1.0.1/kerby-config-1.0.1.jar:/root/.m2/repository/org/apache/kerby/kerb-core/1.0.1/kerb-core-1.0.1.jar:/root/.m2/repository/org/apache/kerby/kerby-pkix/1.0.1/kerby-pkix-1.0.1.jar:/root/.m2/repository/org/apache/kerby/kerby-asn1/1.0.1/kerby-asn1-1.0.1.jar:/root/.m2/repository/org/apache/kerby/kerby-util/1.0.1/kerby-util-1.0.1.jar:/root/.m2/repository/org/apache/kerby/kerb-common/1.0.1/kerb-common-1.0.1.jar:/root/.m2/repository/org/apache/kerby/kerb-crypto/1.0.1/kerb-crypto-1.0.1.jar:/root/.m2/repository/org/apache/kerby/kerb-util/1.0.1/kerb-util-1.0.1.jar:/root/.m2/repository/org/apache/kerby/token-provider/1.0.1/token-provider-1.0.1.jar:/root/.m2/repository/org/apache/kerby/kerb-admin/1.0.1/kerb-admin-1.0.1.jar:/root/.m2/repository/org/apache/kerby/kerb-server/1.0.1/kerb-server-1.0.1.jar:/root/.m2/repository/org/apache/kerby/kerb-identity/1.0.1/kerb-identity-1.0.1.jar:/root/.m2/repository/org/apache/kerby/kerby-xdr/1.0.1/kerby-xdr-1.0.1.jar:/root/.m2/repository/org/slf4j/slf4j-log4j12/1.7.25/slf4j-log4j12-1.7.25.jar:/root/.m2/repository/org/apache/hadoop/hadoop-ozone-objectstore-service/0.5.0-SNAPSHOT/hadoop-ozone-objectstore-service-0.5.0-SNAPSHOT.jar:/root/.m2/repository/org/apache/hadoop/hadoop-ozone-s3gateway/0.5.0-SNAPSHOT/hadoop-ozone-s3gateway-0.5.0-SNAPSHOT.jar:/root/.m2/repository/org/jboss/weld/servlet/weld-servlet/2.4.7.Final/weld-servlet-2.4.7.Final.jar:/root/.m2/repository/org/glassfish/jersey/containers/jersey-container-servlet-core/2.27/jersey-container-servlet-core-2.27.jar:/root/.m2/repository/org/glassfish/hk2/external/javax.inject/2.5.0-b42/javax.inject-2.5.0-b42.jar:/root/.m2/repository/org/glassfish/jersey/core/jersey-common/2.27/jersey-common-2.27.jar:/root/.m2/repository/org/glassfish/hk2/osgi-resource-locator/1.0.1/osgi-resource-locator-1.0.1.jar:/root/.m2/repository/javax/ws/rs/javax.ws.rs-api/2.1/javax.ws.rs-api-2.1.jar:/root/.m2/repository/org/glassfish/jersey/ext/cdi/jersey-cdi1x/2.27/jersey-cdi1x-2.27.jar:/root/.m2/repository/org/glassfish/jersey/inject/jersey-hk2/2.27/jersey-hk2-2.27.jar:/root/.m2/repository/org/glassfish/hk2/hk2-locator/2.5.0-b42/hk2-locator-2.5.0-b42.jar:/root/.m2/repository/org/javassist/javassist/3.22.0-CR2/javassist-3.22.0-CR2.jar:/root/.m2/repository/org/glassfish/hk2/hk2-api/2.5.0/hk2-api-2.5.0.jar:/root/.m2/repository/org/glassfish/hk2/external/jakarta.inject/2.5.0/jakarta.inject-2.5.0.jar:/root/.m2/repository/org/glassfish/hk2/hk2-utils/2.5.0/hk2-utils-2.5.0.jar:/root/.m2/repository/jakarta/annotation/jakarta.annotation-api/1.3.4/jakarta.annotation-api-1.3.4.jar:/root/.m2/repository/org/glassfish/hk2/external/aopalliance-repackaged/2.5.0/aopalliance-repackaged-2.5.0.jar:/root/.m2/repository/com/fasterxml/jackson/dataformat/jackson-dataformat-xml/2.9.0/jackson-dataformat-xml-2.9.0.jar:/root/.m2/repository/com/fasterxml/jackson/core/jackson-core/2.9.5/jackson-core-2.9.5.jar:/root/.m2/repository/com/fasterxml/jackson/module/jackson-module-jaxb-annotations/2.9.5/jackson-module-jaxb-annotations-2.9.5.jar:/root/.m2/repository/javax/enterprise/cdi-api/1.2/cdi-api-1.2.jar:/root/.m2/repository/javax/el/javax.el-api/3.0.0/javax.el-api-3.0.0.jar:/root/.m2/repository/javax/interceptor/javax.interceptor-api/1.2/javax.interceptor-api-1.2.jar:/root/.m2/repository/javax/inject/javax.inject/1/javax.inject-1.jar:/root/.m2/repository/com/sun/xml/bind/jaxb-impl/2.3.0.1/jaxb-impl-2.3.0.1.jar:/root/.m2/repository/com/sun/xml/bind/jaxb-core/2.3.0.1/jaxb-core-2.3.0.1.jar:/root/.m2/repository/javax/xml/bind/jaxb-api/2.3.0/jaxb-api-2.3.0.jar:/root/.m2/repository/javax/activation/activation/1.1.1/activation-1.1.1.jar:/root/.m2/repository/org/apache/hadoop/hadoop-ozone-csi/0.5.0-SNAPSHOT/hadoop-ozone-csi-0.5.0-SNAPSHOT.jar:/root/.m2/repository/com/google/protobuf/protobuf-java-util/3.5.1/protobuf-java-util-3.5.1.jar:/root/.m2/repository/org/apache/hadoop/hadoop-hdds-config/0.5.0-SNAPSHOT/hadoop-hdds-config-0.5.0-SNAPSHOT.jar:/root/.m2/repository/com/google/guava/guava/11.0.2/guava-11.0.2.jar:/root/.m2/repository/com/google/protobuf/protobuf-java/2.5.0/protobuf-java-2.5.0.jar:/root/.m2/repository/io/grpc/grpc-netty/1.17.1/grpc-netty-1.17.1.jar:/root/.m2/repository/io/grpc/grpc-core/1.17.1/grpc-core-1.17.1.jar:/root/.m2/repository/io/grpc/grpc-context/1.17.1/grpc-context-1.17.1.jar:/root/.m2/repository/com/google/errorprone/error_prone_annotations/2.2.0/error_prone_annotations-2.2.0.jar:/root/.m2/repository/org/codehaus/mojo/animal-sniffer-annotations/1.17/animal-sniffer-annotations-1.17.jar:/root/.m2/repository/io/opencensus/opencensus-api/0.17.0/opencensus-api-0.17.0.jar:/root/.m2/repository/io/opencensus/opencensus-contrib-grpc-metrics/0.17.0/opencensus-contrib-grpc-metrics-0.17.0.jar:/root/.m2/repository/io/netty/netty-codec-http2/4.1.30.Final/netty-codec-http2-4.1.30.Final.jar:/root/.m2/repository/io/netty/netty-codec-http/4.1.30.Final/netty-codec-http-4.1.30.Final.jar:/root/.m2/repository/io/netty/netty-codec/4.1.30.Final/netty-codec-4.1.30.Final.jar:/root/.m2/repository/io/netty/netty-handler/4.1.30.Final/netty-handler-4.1.30.Final.jar:/root/.m2/repository/io/netty/netty-handler-proxy/4.1.30.Final/netty-handler-proxy-4.1.30.Final.jar:/root/.m2/repository/io/netty/netty-codec-socks/4.1.30.Final/netty-codec-socks-4.1.30.Final.jar:/root/.m2/repository/io/netty/netty-transport-native-epoll/4.1.30.Final/netty-transport-native-epoll-4.1.30.Final.jar:/root/.m2/repository/io/netty/netty-common/4.1.30.Final/netty-common-4.1.30.Final.jar:/root/.m2/repository/io/netty/netty-buffer/4.1.30.Final/netty-buffer-4.1.30.Final.jar:/root/.m2/repository/io/netty/netty-transport/4.1.30.Final/netty-transport-4.1.30.Final.jar:/root/.m2/repository/io/netty/netty-resolver/4.1.30.Final/netty-resolver-4.1.30.Final.jar:/root/.m2/repository/io/netty/netty-transport-native-unix-common/4.1.30.Final/netty-transport-native-unix-common-4.1.30.Final.jar:/root/.m2/repository/io/grpc/grpc-protobuf/1.17.1/grpc-protobuf-1.17.1.jar:/root/.m2/repository/com/google/api/grpc/proto-google-common-protos/1.0.0/proto-google-common-protos-1.0.0.jar:/root/.m2/repository/io/grpc/grpc-protobuf-lite/1.17.1/grpc-protobuf-lite-1.17.1.jar:/root/.m2/repository/io/grpc/grpc-stub/1.17.1/grpc-stub-1.17.1.jar:/root/.m2/repository/org/apache/hadoop/hadoop-ozone-recon/0.5.0-SNAPSHOT/hadoop-ozone-recon-0.5.0-SNAPSHOT.jar:/root/.m2/repository/org/apache/hadoop/hadoop-ozone-reconcodegen/0.5.0-SNAPSHOT/hadoop-ozone-reconcodegen-0.5.0-SNAPSHOT.jar:/root/.m2/repository/com/google/inject/extensions/guice-multibindings/4.0/guice-multibindings-4.0.jar:/root/.m2/repository/com/google/inject/guice/4.0/guice-4.0.jar:/root/.m2/repository/aopalliance/aopalliance/1.0/aopalliance-1.0.jar:/root/.m2/repository/com/google/inject/extensions/guice-servlet/4.0/guice-servlet-4.0.jar:/root/.m2/repository/org/glassfish/jersey/containers/jersey-container-servlet/2.27/jersey-container-servlet-2.27.jar:/root/.m2/repository/org/glassfish/hk2/guice-bridge/2.5.0/guice-bridge-2.5.0.jar:/root/.m2/repository/org/glassfish/jersey/core/jersey-server/2.27/jersey-server-2.27.jar:/root/.m2/repository/org/glassfish/jersey/core/jersey-client/2.27/jersey-client-2.27.jar:/root/.m2/repository/org/glassfish/jersey/media/jersey-media-jaxb/2.27/jersey-media-jaxb-2.27.jar:/root/.m2/repository/javax/validation/validation-api/1.1.0.Final/validation-api-1.1.0.Final.jar:/root/.m2/repository/org/glassfish/jersey/media/jersey-media-json-jackson/2.27/jersey-media-json-jackson-2.27.jar:/root/.m2/repository/org/glassfish/jersey/ext/jersey-entity-filtering/2.27/jersey-entity-filtering-2.27.jar:/root/.m2/repository/com/google/inject/extensions/guice-assistedinject/4.0/guice-assistedinject-4.0.jar:/root/.m2/repository/org/jooq/jooq/3.11.10/jooq-3.11.10.jar:/root/.m2/repository/org/jooq/jooq-meta/3.11.10/jooq-meta-3.11.10.jar:/root/.m2/repository/org/jooq/jooq-codegen/3.11.10/jooq-codegen-3.11.10.jar:/root/.m2/repository/com/jolbox/bonecp/0.8.0.RELEASE/bonecp-0.8.0.RELEASE.jar:/root/.m2/repository/org/xerial/sqlite-jdbc/3.25.2/sqlite-jdbc-3.25.2.jar:/root/.m2/repository/org/springframework/spring-jdbc/5.1.3.RELEASE/spring-jdbc-5.1.3.RELEASE.jar:/root/.m2/repository/org/springframework/spring-beans/5.1.3.RELEASE/spring-beans-5.1.3.RELEASE.jar:/root/.m2/repository/org/springframework/spring-core/5.1.3.RELEASE/spring-core-5.1.3.RELEASE.jar:/root/.m2/repository/org/springframework/spring-jcl/5.1.3.RELEASE/spring-jcl-5.1.3.RELEASE.jar:/root/.m2/repository/org/springframework/spring-tx/5.1.3.RELEASE/spring-tx-5.1.3.RELEASE.jar:/root/.m2/repository/org/apache/hadoop/hadoop-ozone-client/0.5.0-SNAPSHOT/hadoop-ozone-client-0.5.0-SNAPSHOT.jar:/root/.m2/repository/org/apache/hadoop/hadoop-ozone-ozone-manager/0.5.0-SNAPSHOT/hadoop-ozone-ozone-manager-0.5.0-SNAPSHOT-tests.jar:/root/.m2/repository/junit/junit/4.11/junit-4.11.jar:/root/.m2/repository/org/hamcrest/hamcrest-core/1.3/hamcrest-core-1.3.jar:/root/.m2/repository/org/openjdk/jmh/jmh-core/1.19/jmh-core-1.19.jar:/root/.m2/repository/net/sf/jopt-simple/jopt-simple/4.6/jopt-simple-4.6.jar:/root/.m2/repository/org/apache/commons/commons-math3/3.1.1/commons-math3-3.1.1.jar:/root/.m2/repository/org/openjdk/jmh/jmh-generator-annprocess/1.19/jmh-generator-annprocess-1.19.jar:/root/.m2/repository/org/mockito/mockito-all/1.8.5/mockito-all-1.8.5.jar:/root/.m2/repository/org/apache/hadoop/hadoop-kms/3.2.0/hadoop-kms-3.2.0.jar:/root/.m2/repository/org/apache/hadoop/hadoop-auth/3.2.0/hadoop-auth-3.2.0.jar:/root/.m2/repository/com/nimbusds/nimbus-jose-jwt/4.41.1/nimbus-jose-jwt-4.41.1.jar:/root/.m2/repository/com/github/stephenc/jcip/jcip-annotations/1.0-1/jcip-annotations-1.0-1.jar:/root/.m2/repository/net/minidev/json-smart/2.3/json-smart-2.3.jar:/root/.m2/repository/net/minidev/accessors-smart/1.2/accessors-smart-1.2.jar:/root/.m2/repository/org/ow2/asm/asm/5.0.4/asm-5.0.4.jar:/root/.m2/repository/org/apache/curator/curator-framework/2.12.0/curator-framework-2.12.0.jar:/root/.m2/repository/com/sun/jersey/jersey-core/1.19/jersey-core-1.19.jar:/root/.m2/repository/javax/ws/rs/jsr311-api/1.1.1/jsr311-api-1.1.1.jar:/root/.m2/repository/com/sun/jersey/jersey-server/1.19/jersey-server-1.19.jar:/root/.m2/repository/javax/servlet/javax.servlet-api/3.1.0/javax.servlet-api-3.1.0.jar:/root/.m2/repository/org/eclipse/jetty/jetty-server/9.3.24.v20180605/jetty-server-9.3.24.v20180605.jar:/root/.m2/repository/org/eclipse/jetty/jetty-http/9.3.24.v20180605/jetty-http-9.3.24.v20180605.jar:/root/.m2/repository/org/eclipse/jetty/jetty-io/9.3.24.v20180605/jetty-io-9.3.24.v20180605.jar:/root/.m2/repository/org/eclipse/jetty/jetty-webapp/9.3.24.v20180605/jetty-webapp-9.3.24.v20180605.jar:/root/.m2/repository/org/eclipse/jetty/jetty-xml/9.3.24.v20180605/jetty-xml-9.3.24.v20180605.jar:/root/.m2/repository/log4j/log4j/1.2.17/log4j-1.2.17.jar:/root/.m2/repository/org/slf4j/slf4j-api/1.7.25/slf4j-api-1.7.25.jar:/root/.m2/repository/org/slf4j/jul-to-slf4j/1.7.25/jul-to-slf4j-1.7.25.jar:/root/.m2/repository/org/eclipse/jetty/jetty-util/9.3.24.v20180605/jetty-util-9.3.24.v20180605.jar:/root/.m2/repository/io/dropwizard/metrics/metrics-core/3.2.4/metrics-core-3.2.4.jar:/root/.m2/repository/com/fasterxml/jackson/core/jackson-databind/2.9.5/jackson-databind-2.9.5.jar:/root/.m2/repository/org/apache/hadoop/hadoop-kms/3.2.0/hadoop-kms-3.2.0-tests.jar:/root/.m2/repository/org/apache/hadoop/hadoop-hdds-server-scm/0.5.0-SNAPSHOT/hadoop-hdds-server-scm-0.5.0-SNAPSHOT-tests.jar:/root/.m2/repository/org/hamcrest/hamcrest-all/1.3/hamcrest-all-1.3.jar:/root/.m2/repository/info/picocli/picocli/3.9.6/picocli-3.9.6.jar:/root/.m2/repository/org/apache/hadoop/hadoop-hdds-container-service/0.5.0-SNAPSHOT/hadoop-hdds-container-service-0.5.0-SNAPSHOT-tests.jar:/root/.m2/repository/org/yaml/snakeyaml/1.16/snakeyaml-1.16.jar:/root/.m2/repository/org/apache/hadoop/hadoop-common/3.2.0/hadoop-common-3.2.0-tests.jar:/root/.m2/repository/org/apache/hadoop/hadoop-annotations/3.2.0/hadoop-annotations-3.2.0.jar:/usr/lib/jvm/java-1.8-openjdk/jre/../lib/tools.jar:/root/.m2/repository/commons-cli/commons-cli/1.2/commons-cli-1.2.jar:/root/.m2/repository/org/apache/httpcomponents/httpclient/4.5.2/httpclient-4.5.2.jar:/root/.m2/repository/org/apache/httpcomponents/httpcore/4.4.4/httpcore-4.4.4.jar:/root/.m2/repository/commons-codec/commons-codec/1.11/commons-codec-1.11.jar:/root/.m2/repository/commons-net/commons-net/3.6/commons-net-3.6.jar:/root/.m2/repository/commons-collections/commons-collections/3.2.2/commons-collections-3.2.2.jar:/root/.m2/repository/org/eclipse/jetty/jetty-servlet/9.3.24.v20180605/jetty-servlet-9.3.24.v20180605.jar:/root/.m2/repository/org/eclipse/jetty/jetty-security/9.3.24.v20180605/jetty-security-9.3.24.v20180605.jar:/root/.m2/repository/javax/servlet/jsp/jsp-api/2.1/jsp-api-2.1.jar:/root/.m2/repository/com/sun/jersey/jersey-servlet/1.19/jersey-servlet-1.19.jar:/root/.m2/repository/com/sun/jersey/jersey-json/1.19/jersey-json-1.19.jar:/root/.m2/repository/org/codehaus/jettison/jettison/1.1/jettison-1.1.jar:/root/.m2/repository/org/codehaus/jackson/jackson-core-asl/1.9.13/jackson-core-asl-1.9.13.jar:/root/.m2/repository/org/codehaus/jackson/jackson-mapper-asl/1.9.13/jackson-mapper-asl-1.9.13.jar:/root/.m2/repository/org/codehaus/jackson/jackson-jaxrs/1.9.13/jackson-jaxrs-1.9.13.jar:/root/.m2/repository/org/codehaus/jackson/jackson-xc/1.9.13/jackson-xc-1.9.13.jar:/root/.m2/repository/commons-logging/commons-logging/1.1.3/commons-logging-1.1.3.jar:/root/.m2/repository/commons-beanutils/commons-beanutils/1.9.3/commons-beanutils-1.9.3.jar:/root/.m2/repository/org/apache/commons/commons-configuration2/2.1.1/commons-configuration2-2.1.1.jar:/root/.m2/repository/org/apache/commons/commons-lang3/3.7/commons-lang3-3.7.jar:/root/.m2/repository/org/apache/commons/commons-text/1.4/commons-text-1.4.jar:/root/.m2/repository/org/apache/avro/avro/1.7.7/avro-1.7.7.jar:/root/.m2/repository/com/thoughtworks/paranamer/paranamer/2.3/paranamer-2.3.jar:/root/.m2/repository/org/xerial/snappy/snappy-java/1.0.5/snappy-java-1.0.5.jar:/root/.m2/repository/com/google/re2j/re2j/1.1/re2j-1.1.jar:/root/.m2/repository/com/google/code/gson/gson/2.2.4/gson-2.2.4.jar:/root/.m2/repository/com/jcraft/jsch/0.1.54/jsch-0.1.54.jar:/root/.m2/repository/org/apache/curator/curator-client/2.12.0/curator-client-2.12.0.jar:/root/.m2/repository/org/apache/curator/curator-recipes/2.12.0/curator-recipes-2.12.0.jar:/root/.m2/repository/com/google/code/findbugs/jsr305/3.0.0/jsr305-3.0.0.jar:/root/.m2/repository/org/apache/htrace/htrace-core4/4.1.0-incubating/htrace-core4-4.1.0-incubating.jar:/root/.m2/repository/org/apache/zookeeper/zookeeper/3.4.13/zookeeper-3.4.13.jar:/root/.m2/repository/org/apache/yetus/audience-annotations/0.5.0/audience-annotations-0.5.0.jar:/root/.m2/repository/org/codehaus/woodstox/stax2-api/3.1.4/stax2-api-3.1.4.jar:/root/.m2/repository/com/fasterxml/woodstox/woodstox-core/5.0.3/woodstox-core-5.0.3.jar:/root/.m2/repository/dnsjava/dnsjava/2.1.7/dnsjava-2.1.7.jar:/root/.m2/repository/org/apache/hadoop/hadoop-hdfs/3.2.0/hadoop-hdfs-3.2.0-tests.jar:/root/.m2/repository/org/eclipse/jetty/jetty-util-ajax/9.3.24.v20180605/jetty-util-ajax-9.3.24.v20180605.jar:/root/.m2/repository/commons-daemon/commons-daemon/1.0.13/commons-daemon-1.0.13.jar:/root/.m2/repository/io/netty/netty/3.10.5.Final/netty-3.10.5.Final.jar:/root/.m2/repository/io/netty/netty-all/4.0.52.Final/netty-all-4.0.52.Final.jar:/root/.m2/repository/org/fusesource/leveldbjni/leveldbjni-all/1.8/leveldbjni-all-1.8.jar:"/>
    <property name="java.vm.vendor" value="IcedTea"/>
    <property name="sun.arch.data.model" value="64"/>
    <property name="test.build.dir" value="/opt/src/hadoop-ozone/integration-test/target/test-dir"/>
    <property name="test.cache.data" value=""/>
    <property name="java.vendor.url" value="https://icedtea.classpath.org"/>
    <property name="user.timezone" value=""/>
    <property name="java.vm.specification.version" value="1.8"/>
    <property name="os.name" value="Linux"/>
    <property name="test.build.data" value="/opt/src/hadoop-ozone/integration-test/target/test-dir"/>
    <property name="user.country" value="US"/>
    <property name="sun.java.launcher" value="SUN_STANDARD"/>
    <property name="sun.boot.library.path" value="/usr/lib/jvm/java-1.8-openjdk/jre/lib/amd64"/>
    <property name="sun.java.command" value="/opt/src/hadoop-ozone/integration-test/target/surefire/surefirebooter8796627259476362532.jar /opt/src/hadoop-ozone/integration-test/target/surefire 2019-06-13T20-21-09_231-jvmRun1 surefire3338101621016029962tmp surefire_128993674634112729559tmp"/>
    <property name="surefire.test.class.path" value="/opt/src/hadoop-ozone/integration-test/target/test-classes:/opt/src/hadoop-ozone/integration-test/target/classes:/root/.m2/repository/org/apache/hadoop/hadoop-ozone-common/0.5.0-SNAPSHOT/hadoop-ozone-common-0.5.0-SNAPSHOT.jar:/root/.m2/repository/org/apache/commons/commons-compress/1.4.1/commons-compress-1.4.1.jar:/root/.m2/repository/org/tukaani/xz/1.0/xz-1.0.jar:/root/.m2/repository/org/apache/hadoop/hadoop-common/3.2.0/hadoop-common-3.2.0.jar:/root/.m2/repository/org/apache/hadoop/hadoop-hdfs/3.2.0/hadoop-hdfs-3.2.0.jar:/root/.m2/repository/org/apache/hadoop/hadoop-hdfs-client/3.2.0/hadoop-hdfs-client-3.2.0.jar:/root/.m2/repository/com/fasterxml/jackson/core/jackson-annotations/2.9.5/jackson-annotations-2.9.5.jar:/root/.m2/repository/org/apache/hadoop/hadoop-hdds-common/0.5.0-SNAPSHOT/hadoop-hdds-common-0.5.0-SNAPSHOT.jar:/root/.m2/repository/javax/annotation/javax.annotation-api/1.2/javax.annotation-api-1.2.jar:/root/.m2/repository/org/apache/ratis/ratis-server/0.4.0-fe2b15d-SNAPSHOT/ratis-server-0.4.0-fe2b15d-SNAPSHOT.jar:/root/.m2/repository/org/apache/ratis/ratis-thirdparty-misc/0.2.0/ratis-thirdparty-misc-0.2.0.jar:/root/.m2/repository/org/apache/ratis/ratis-proto/0.4.0-fe2b15d-SNAPSHOT/ratis-proto-0.4.0-fe2b15d-SNAPSHOT.jar:/root/.m2/repository/org/apache/ratis/ratis-common/0.4.0-fe2b15d-SNAPSHOT/ratis-common-0.4.0-fe2b15d-SNAPSHOT.jar:/root/.m2/repository/org/apache/ratis/ratis-client/0.4.0-fe2b15d-SNAPSHOT/ratis-client-0.4.0-fe2b15d-SNAPSHOT.jar:/root/.m2/repository/org/apache/ratis/ratis-netty/0.4.0-fe2b15d-SNAPSHOT/ratis-netty-0.4.0-fe2b15d-SNAPSHOT.jar:/root/.m2/repository/org/apache/ratis/ratis-grpc/0.4.0-fe2b15d-SNAPSHOT/ratis-grpc-0.4.0-fe2b15d-SNAPSHOT.jar:/root/.m2/repository/org/rocksdb/rocksdbjni/5.14.2/rocksdbjni-5.14.2.jar:/root/.m2/repository/org/apache/logging/log4j/log4j-api/2.11.0/log4j-api-2.11.0.jar:/root/.m2/repository/org/apache/logging/log4j/log4j-core/2.11.0/log4j-core-2.11.0.jar:/root/.m2/repository/com/lmax/disruptor/3.4.2/disruptor-3.4.2.jar:/root/.m2/repository/org/apache/commons/commons-pool2/2.6.0/commons-pool2-2.6.0.jar:/root/.m2/repository/org/bouncycastle/bcpkix-jdk15on/1.60/bcpkix-jdk15on-1.60.jar:/root/.m2/repository/commons-validator/commons-validator/1.6/commons-validator-1.6.jar:/root/.m2/repository/commons-digester/commons-digester/1.8.1/commons-digester-1.8.1.jar:/root/.m2/repository/io/jaegertracing/jaeger-client/0.33.1/jaeger-client-0.33.1.jar:/root/.m2/repository/io/jaegertracing/jaeger-thrift/0.33.1/jaeger-thrift-0.33.1.jar:/root/.m2/repository/org/apache/thrift/libthrift/0.11.0/libthrift-0.11.0.jar:/root/.m2/repository/com/squareup/okhttp3/okhttp/3.9.0/okhttp-3.9.0.jar:/root/.m2/repository/com/squareup/okio/okio/1.13.0/okio-1.13.0.jar:/root/.m2/repository/io/jaegertracing/jaeger-core/0.33.1/jaeger-core-0.33.1.jar:/root/.m2/repository/io/jaegertracing/jaeger-tracerresolver/0.33.1/jaeger-tracerresolver-0.33.1.jar:/root/.m2/repository/io/opentracing/contrib/opentracing-tracerresolver/0.1.5/opentracing-tracerresolver-0.1.5.jar:/root/.m2/repository/io/opentracing/opentracing-util/0.31.0/opentracing-util-0.31.0.jar:/root/.m2/repository/io/opentracing/opentracing-api/0.31.0/opentracing-api-0.31.0.jar:/root/.m2/repository/io/opentracing/opentracing-noop/0.31.0/opentracing-noop-0.31.0.jar:/root/.m2/repository/org/apache/hadoop/hadoop-hdds-server-framework/0.5.0-SNAPSHOT/hadoop-hdds-server-framework-0.5.0-SNAPSHOT.jar:/root/.m2/repository/org/apache/hadoop/hadoop-hdds-server-scm/0.5.0-SNAPSHOT/hadoop-hdds-server-scm-0.5.0-SNAPSHOT.jar:/root/.m2/repository/org/apache/hadoop/hadoop-hdds-container-service/0.5.0-SNAPSHOT/hadoop-hdds-container-service-0.5.0-SNAPSHOT.jar:/root/.m2/repository/org/apache/hadoop/hadoop-hdds-client/0.5.0-SNAPSHOT/hadoop-hdds-client-0.5.0-SNAPSHOT.jar:/root/.m2/repository/org/apache/hadoop/hadoop-hdds-tools/0.5.0-SNAPSHOT/hadoop-hdds-tools-0.5.0-SNAPSHOT.jar:/root/.m2/repository/org/apache/hadoop/hadoop-ozone-ozone-manager/0.5.0-SNAPSHOT/hadoop-ozone-ozone-manager-0.5.0-SNAPSHOT.jar:/root/.m2/repository/org/apache/hadoop/hadoop-hdds-docs/0.5.0-SNAPSHOT/hadoop-hdds-docs-0.5.0-SNAPSHOT.jar:/root/.m2/repository/org/bouncycastle/bcprov-jdk15on/1.60/bcprov-jdk15on-1.60.jar:/root/.m2/repository/org/apache/hadoop/hadoop-minikdc/3.2.0/hadoop-minikdc-3.2.0.jar:/root/.m2/repository/commons-io/commons-io/2.5/commons-io-2.5.jar:/root/.m2/repository/org/apache/kerby/kerb-simplekdc/1.0.1/kerb-simplekdc-1.0.1.jar:/root/.m2/repository/org/apache/kerby/kerb-client/1.0.1/kerb-client-1.0.1.jar:/root/.m2/repository/org/apache/kerby/kerby-config/1.0.1/kerby-config-1.0.1.jar:/root/.m2/repository/org/apache/kerby/kerb-core/1.0.1/kerb-core-1.0.1.jar:/root/.m2/repository/org/apache/kerby/kerby-pkix/1.0.1/kerby-pkix-1.0.1.jar:/root/.m2/repository/org/apache/kerby/kerby-asn1/1.0.1/kerby-asn1-1.0.1.jar:/root/.m2/repository/org/apache/kerby/kerby-util/1.0.1/kerby-util-1.0.1.jar:/root/.m2/repository/org/apache/kerby/kerb-common/1.0.1/kerb-common-1.0.1.jar:/root/.m2/repository/org/apache/kerby/kerb-crypto/1.0.1/kerb-crypto-1.0.1.jar:/root/.m2/repository/org/apache/kerby/kerb-util/1.0.1/kerb-util-1.0.1.jar:/root/.m2/repository/org/apache/kerby/token-provider/1.0.1/token-provider-1.0.1.jar:/root/.m2/repository/org/apache/kerby/kerb-admin/1.0.1/kerb-admin-1.0.1.jar:/root/.m2/repository/org/apache/kerby/kerb-server/1.0.1/kerb-server-1.0.1.jar:/root/.m2/repository/org/apache/kerby/kerb-identity/1.0.1/kerb-identity-1.0.1.jar:/root/.m2/repository/org/apache/kerby/kerby-xdr/1.0.1/kerby-xdr-1.0.1.jar:/root/.m2/repository/org/slf4j/slf4j-log4j12/1.7.25/slf4j-log4j12-1.7.25.jar:/root/.m2/repository/org/apache/hadoop/hadoop-ozone-objectstore-service/0.5.0-SNAPSHOT/hadoop-ozone-objectstore-service-0.5.0-SNAPSHOT.jar:/root/.m2/repository/org/apache/hadoop/hadoop-ozone-s3gateway/0.5.0-SNAPSHOT/hadoop-ozone-s3gateway-0.5.0-SNAPSHOT.jar:/root/.m2/repository/org/jboss/weld/servlet/weld-servlet/2.4.7.Final/weld-servlet-2.4.7.Final.jar:/root/.m2/repository/org/glassfish/jersey/containers/jersey-container-servlet-core/2.27/jersey-container-servlet-core-2.27.jar:/root/.m2/repository/org/glassfish/hk2/external/javax.inject/2.5.0-b42/javax.inject-2.5.0-b42.jar:/root/.m2/repository/org/glassfish/jersey/core/jersey-common/2.27/jersey-common-2.27.jar:/root/.m2/repository/org/glassfish/hk2/osgi-resource-locator/1.0.1/osgi-resource-locator-1.0.1.jar:/root/.m2/repository/javax/ws/rs/javax.ws.rs-api/2.1/javax.ws.rs-api-2.1.jar:/root/.m2/repository/org/glassfish/jersey/ext/cdi/jersey-cdi1x/2.27/jersey-cdi1x-2.27.jar:/root/.m2/repository/org/glassfish/jersey/inject/jersey-hk2/2.27/jersey-hk2-2.27.jar:/root/.m2/repository/org/glassfish/hk2/hk2-locator/2.5.0-b42/hk2-locator-2.5.0-b42.jar:/root/.m2/repository/org/javassist/javassist/3.22.0-CR2/javassist-3.22.0-CR2.jar:/root/.m2/repository/org/glassfish/hk2/hk2-api/2.5.0/hk2-api-2.5.0.jar:/root/.m2/repository/org/glassfish/hk2/external/jakarta.inject/2.5.0/jakarta.inject-2.5.0.jar:/root/.m2/repository/org/glassfish/hk2/hk2-utils/2.5.0/hk2-utils-2.5.0.jar:/root/.m2/repository/jakarta/annotation/jakarta.annotation-api/1.3.4/jakarta.annotation-api-1.3.4.jar:/root/.m2/repository/org/glassfish/hk2/external/aopalliance-repackaged/2.5.0/aopalliance-repackaged-2.5.0.jar:/root/.m2/repository/com/fasterxml/jackson/dataformat/jackson-dataformat-xml/2.9.0/jackson-dataformat-xml-2.9.0.jar:/root/.m2/repository/com/fasterxml/jackson/core/jackson-core/2.9.5/jackson-core-2.9.5.jar:/root/.m2/repository/com/fasterxml/jackson/module/jackson-module-jaxb-annotations/2.9.5/jackson-module-jaxb-annotations-2.9.5.jar:/root/.m2/repository/javax/enterprise/cdi-api/1.2/cdi-api-1.2.jar:/root/.m2/repository/javax/el/javax.el-api/3.0.0/javax.el-api-3.0.0.jar:/root/.m2/repository/javax/interceptor/javax.interceptor-api/1.2/javax.interceptor-api-1.2.jar:/root/.m2/repository/javax/inject/javax.inject/1/javax.inject-1.jar:/root/.m2/repository/com/sun/xml/bind/jaxb-impl/2.3.0.1/jaxb-impl-2.3.0.1.jar:/root/.m2/repository/com/sun/xml/bind/jaxb-core/2.3.0.1/jaxb-core-2.3.0.1.jar:/root/.m2/repository/javax/xml/bind/jaxb-api/2.3.0/jaxb-api-2.3.0.jar:/root/.m2/repository/javax/activation/activation/1.1.1/activation-1.1.1.jar:/root/.m2/repository/org/apache/hadoop/hadoop-ozone-csi/0.5.0-SNAPSHOT/hadoop-ozone-csi-0.5.0-SNAPSHOT.jar:/root/.m2/repository/com/google/protobuf/protobuf-java-util/3.5.1/protobuf-java-util-3.5.1.jar:/root/.m2/repository/org/apache/hadoop/hadoop-hdds-config/0.5.0-SNAPSHOT/hadoop-hdds-config-0.5.0-SNAPSHOT.jar:/root/.m2/repository/com/google/guava/guava/11.0.2/guava-11.0.2.jar:/root/.m2/repository/com/google/protobuf/protobuf-java/2.5.0/protobuf-java-2.5.0.jar:/root/.m2/repository/io/grpc/grpc-netty/1.17.1/grpc-netty-1.17.1.jar:/root/.m2/repository/io/grpc/grpc-core/1.17.1/grpc-core-1.17.1.jar:/root/.m2/repository/io/grpc/grpc-context/1.17.1/grpc-context-1.17.1.jar:/root/.m2/repository/com/google/errorprone/error_prone_annotations/2.2.0/error_prone_annotations-2.2.0.jar:/root/.m2/repository/org/codehaus/mojo/animal-sniffer-annotations/1.17/animal-sniffer-annotations-1.17.jar:/root/.m2/repository/io/opencensus/opencensus-api/0.17.0/opencensus-api-0.17.0.jar:/root/.m2/repository/io/opencensus/opencensus-contrib-grpc-metrics/0.17.0/opencensus-contrib-grpc-metrics-0.17.0.jar:/root/.m2/repository/io/netty/netty-codec-http2/4.1.30.Final/netty-codec-http2-4.1.30.Final.jar:/root/.m2/repository/io/netty/netty-codec-http/4.1.30.Final/netty-codec-http-4.1.30.Final.jar:/root/.m2/repository/io/netty/netty-codec/4.1.30.Final/netty-codec-4.1.30.Final.jar:/root/.m2/repository/io/netty/netty-handler/4.1.30.Final/netty-handler-4.1.30.Final.jar:/root/.m2/repository/io/netty/netty-handler-proxy/4.1.30.Final/netty-handler-proxy-4.1.30.Final.jar:/root/.m2/repository/io/netty/netty-codec-socks/4.1.30.Final/netty-codec-socks-4.1.30.Final.jar:/root/.m2/repository/io/netty/netty-transport-native-epoll/4.1.30.Final/netty-transport-native-epoll-4.1.30.Final.jar:/root/.m2/repository/io/netty/netty-common/4.1.30.Final/netty-common-4.1.30.Final.jar:/root/.m2/repository/io/netty/netty-buffer/4.1.30.Final/netty-buffer-4.1.30.Final.jar:/root/.m2/repository/io/netty/netty-transport/4.1.30.Final/netty-transport-4.1.30.Final.jar:/root/.m2/repository/io/netty/netty-resolver/4.1.30.Final/netty-resolver-4.1.30.Final.jar:/root/.m2/repository/io/netty/netty-transport-native-unix-common/4.1.30.Final/netty-transport-native-unix-common-4.1.30.Final.jar:/root/.m2/repository/io/grpc/grpc-protobuf/1.17.1/grpc-protobuf-1.17.1.jar:/root/.m2/repository/com/google/api/grpc/proto-google-common-protos/1.0.0/proto-google-common-protos-1.0.0.jar:/root/.m2/repository/io/grpc/grpc-protobuf-lite/1.17.1/grpc-protobuf-lite-1.17.1.jar:/root/.m2/repository/io/grpc/grpc-stub/1.17.1/grpc-stub-1.17.1.jar:/root/.m2/repository/org/apache/hadoop/hadoop-ozone-recon/0.5.0-SNAPSHOT/hadoop-ozone-recon-0.5.0-SNAPSHOT.jar:/root/.m2/repository/org/apache/hadoop/hadoop-ozone-reconcodegen/0.5.0-SNAPSHOT/hadoop-ozone-reconcodegen-0.5.0-SNAPSHOT.jar:/root/.m2/repository/com/google/inject/extensions/guice-multibindings/4.0/guice-multibindings-4.0.jar:/root/.m2/repository/com/google/inject/guice/4.0/guice-4.0.jar:/root/.m2/repository/aopalliance/aopalliance/1.0/aopalliance-1.0.jar:/root/.m2/repository/com/google/inject/extensions/guice-servlet/4.0/guice-servlet-4.0.jar:/root/.m2/repository/org/glassfish/jersey/containers/jersey-container-servlet/2.27/jersey-container-servlet-2.27.jar:/root/.m2/repository/org/glassfish/hk2/guice-bridge/2.5.0/guice-bridge-2.5.0.jar:/root/.m2/repository/org/glassfish/jersey/core/jersey-server/2.27/jersey-server-2.27.jar:/root/.m2/repository/org/glassfish/jersey/core/jersey-client/2.27/jersey-client-2.27.jar:/root/.m2/repository/org/glassfish/jersey/media/jersey-media-jaxb/2.27/jersey-media-jaxb-2.27.jar:/root/.m2/repository/javax/validation/validation-api/1.1.0.Final/validation-api-1.1.0.Final.jar:/root/.m2/repository/org/glassfish/jersey/media/jersey-media-json-jackson/2.27/jersey-media-json-jackson-2.27.jar:/root/.m2/repository/org/glassfish/jersey/ext/jersey-entity-filtering/2.27/jersey-entity-filtering-2.27.jar:/root/.m2/repository/com/google/inject/extensions/guice-assistedinject/4.0/guice-assistedinject-4.0.jar:/root/.m2/repository/org/jooq/jooq/3.11.10/jooq-3.11.10.jar:/root/.m2/repository/org/jooq/jooq-meta/3.11.10/jooq-meta-3.11.10.jar:/root/.m2/repository/org/jooq/jooq-codegen/3.11.10/jooq-codegen-3.11.10.jar:/root/.m2/repository/com/jolbox/bonecp/0.8.0.RELEASE/bonecp-0.8.0.RELEASE.jar:/root/.m2/repository/org/xerial/sqlite-jdbc/3.25.2/sqlite-jdbc-3.25.2.jar:/root/.m2/repository/org/springframework/spring-jdbc/5.1.3.RELEASE/spring-jdbc-5.1.3.RELEASE.jar:/root/.m2/repository/org/springframework/spring-beans/5.1.3.RELEASE/spring-beans-5.1.3.RELEASE.jar:/root/.m2/repository/org/springframework/spring-core/5.1.3.RELEASE/spring-core-5.1.3.RELEASE.jar:/root/.m2/repository/org/springframework/spring-jcl/5.1.3.RELEASE/spring-jcl-5.1.3.RELEASE.jar:/root/.m2/repository/org/springframework/spring-tx/5.1.3.RELEASE/spring-tx-5.1.3.RELEASE.jar:/root/.m2/repository/org/apache/hadoop/hadoop-ozone-client/0.5.0-SNAPSHOT/hadoop-ozone-client-0.5.0-SNAPSHOT.jar:/root/.m2/repository/org/apache/hadoop/hadoop-ozone-ozone-manager/0.5.0-SNAPSHOT/hadoop-ozone-ozone-manager-0.5.0-SNAPSHOT-tests.jar:/root/.m2/repository/junit/junit/4.11/junit-4.11.jar:/root/.m2/repository/org/hamcrest/hamcrest-core/1.3/hamcrest-core-1.3.jar:/root/.m2/repository/org/openjdk/jmh/jmh-core/1.19/jmh-core-1.19.jar:/root/.m2/repository/net/sf/jopt-simple/jopt-simple/4.6/jopt-simple-4.6.jar:/root/.m2/repository/org/apache/commons/commons-math3/3.1.1/commons-math3-3.1.1.jar:/root/.m2/repository/org/openjdk/jmh/jmh-generator-annprocess/1.19/jmh-generator-annprocess-1.19.jar:/root/.m2/repository/org/mockito/mockito-all/1.8.5/mockito-all-1.8.5.jar:/root/.m2/repository/org/apache/hadoop/hadoop-kms/3.2.0/hadoop-kms-3.2.0.jar:/root/.m2/repository/org/apache/hadoop/hadoop-auth/3.2.0/hadoop-auth-3.2.0.jar:/root/.m2/repository/com/nimbusds/nimbus-jose-jwt/4.41.1/nimbus-jose-jwt-4.41.1.jar:/root/.m2/repository/com/github/stephenc/jcip/jcip-annotations/1.0-1/jcip-annotations-1.0-1.jar:/root/.m2/repository/net/minidev/json-smart/2.3/json-smart-2.3.jar:/root/.m2/repository/net/minidev/accessors-smart/1.2/accessors-smart-1.2.jar:/root/.m2/repository/org/ow2/asm/asm/5.0.4/asm-5.0.4.jar:/root/.m2/repository/org/apache/curator/curator-framework/2.12.0/curator-framework-2.12.0.jar:/root/.m2/repository/com/sun/jersey/jersey-core/1.19/jersey-core-1.19.jar:/root/.m2/repository/javax/ws/rs/jsr311-api/1.1.1/jsr311-api-1.1.1.jar:/root/.m2/repository/com/sun/jersey/jersey-server/1.19/jersey-server-1.19.jar:/root/.m2/repository/javax/servlet/javax.servlet-api/3.1.0/javax.servlet-api-3.1.0.jar:/root/.m2/repository/org/eclipse/jetty/jetty-server/9.3.24.v20180605/jetty-server-9.3.24.v20180605.jar:/root/.m2/repository/org/eclipse/jetty/jetty-http/9.3.24.v20180605/jetty-http-9.3.24.v20180605.jar:/root/.m2/repository/org/eclipse/jetty/jetty-io/9.3.24.v20180605/jetty-io-9.3.24.v20180605.jar:/root/.m2/repository/org/eclipse/jetty/jetty-webapp/9.3.24.v20180605/jetty-webapp-9.3.24.v20180605.jar:/root/.m2/repository/org/eclipse/jetty/jetty-xml/9.3.24.v20180605/jetty-xml-9.3.24.v20180605.jar:/root/.m2/repository/log4j/log4j/1.2.17/log4j-1.2.17.jar:/root/.m2/repository/org/slf4j/slf4j-api/1.7.25/slf4j-api-1.7.25.jar:/root/.m2/repository/org/slf4j/jul-to-slf4j/1.7.25/jul-to-slf4j-1.7.25.jar:/root/.m2/repository/org/eclipse/jetty/jetty-util/9.3.24.v20180605/jetty-util-9.3.24.v20180605.jar:/root/.m2/repository/io/dropwizard/metrics/metrics-core/3.2.4/metrics-core-3.2.4.jar:/root/.m2/repository/com/fasterxml/jackson/core/jackson-databind/2.9.5/jackson-databind-2.9.5.jar:/root/.m2/repository/org/apache/hadoop/hadoop-kms/3.2.0/hadoop-kms-3.2.0-tests.jar:/root/.m2/repository/org/apache/hadoop/hadoop-hdds-server-scm/0.5.0-SNAPSHOT/hadoop-hdds-server-scm-0.5.0-SNAPSHOT-tests.jar:/root/.m2/repository/org/hamcrest/hamcrest-all/1.3/hamcrest-all-1.3.jar:/root/.m2/repository/info/picocli/picocli/3.9.6/picocli-3.9.6.jar:/root/.m2/repository/org/apache/hadoop/hadoop-hdds-container-service/0.5.0-SNAPSHOT/hadoop-hdds-container-service-0.5.0-SNAPSHOT-tests.jar:/root/.m2/repository/org/yaml/snakeyaml/1.16/snakeyaml-1.16.jar:/root/.m2/repository/org/apache/hadoop/hadoop-common/3.2.0/hadoop-common-3.2.0-tests.jar:/root/.m2/repository/org/apache/hadoop/hadoop-annotations/3.2.0/hadoop-annotations-3.2.0.jar:/usr/lib/jvm/java-1.8-openjdk/jre/../lib/tools.jar:/root/.m2/repository/commons-cli/commons-cli/1.2/commons-cli-1.2.jar:/root/.m2/repository/org/apache/httpcomponents/httpclient/4.5.2/httpclient-4.5.2.jar:/root/.m2/repository/org/apache/httpcomponents/httpcore/4.4.4/httpcore-4.4.4.jar:/root/.m2/repository/commons-codec/commons-codec/1.11/commons-codec-1.11.jar:/root/.m2/repository/commons-net/commons-net/3.6/commons-net-3.6.jar:/root/.m2/repository/commons-collections/commons-collections/3.2.2/commons-collections-3.2.2.jar:/root/.m2/repository/org/eclipse/jetty/jetty-servlet/9.3.24.v20180605/jetty-servlet-9.3.24.v20180605.jar:/root/.m2/repository/org/eclipse/jetty/jetty-security/9.3.24.v20180605/jetty-security-9.3.24.v20180605.jar:/root/.m2/repository/javax/servlet/jsp/jsp-api/2.1/jsp-api-2.1.jar:/root/.m2/repository/com/sun/jersey/jersey-servlet/1.19/jersey-servlet-1.19.jar:/root/.m2/repository/com/sun/jersey/jersey-json/1.19/jersey-json-1.19.jar:/root/.m2/repository/org/codehaus/jettison/jettison/1.1/jettison-1.1.jar:/root/.m2/repository/org/codehaus/jackson/jackson-core-asl/1.9.13/jackson-core-asl-1.9.13.jar:/root/.m2/repository/org/codehaus/jackson/jackson-mapper-asl/1.9.13/jackson-mapper-asl-1.9.13.jar:/root/.m2/repository/org/codehaus/jackson/jackson-jaxrs/1.9.13/jackson-jaxrs-1.9.13.jar:/root/.m2/repository/org/codehaus/jackson/jackson-xc/1.9.13/jackson-xc-1.9.13.jar:/root/.m2/repository/commons-logging/commons-logging/1.1.3/commons-logging-1.1.3.jar:/root/.m2/repository/commons-beanutils/commons-beanutils/1.9.3/commons-beanutils-1.9.3.jar:/root/.m2/repository/org/apache/commons/commons-configuration2/2.1.1/commons-configuration2-2.1.1.jar:/root/.m2/repository/org/apache/commons/commons-lang3/3.7/commons-lang3-3.7.jar:/root/.m2/repository/org/apache/commons/commons-text/1.4/commons-text-1.4.jar:/root/.m2/repository/org/apache/avro/avro/1.7.7/avro-1.7.7.jar:/root/.m2/repository/com/thoughtworks/paranamer/paranamer/2.3/paranamer-2.3.jar:/root/.m2/repository/org/xerial/snappy/snappy-java/1.0.5/snappy-java-1.0.5.jar:/root/.m2/repository/com/google/re2j/re2j/1.1/re2j-1.1.jar:/root/.m2/repository/com/google/code/gson/gson/2.2.4/gson-2.2.4.jar:/root/.m2/repository/com/jcraft/jsch/0.1.54/jsch-0.1.54.jar:/root/.m2/repository/org/apache/curator/curator-client/2.12.0/curator-client-2.12.0.jar:/root/.m2/repository/org/apache/curator/curator-recipes/2.12.0/curator-recipes-2.12.0.jar:/root/.m2/repository/com/google/code/findbugs/jsr305/3.0.0/jsr305-3.0.0.jar:/root/.m2/repository/org/apache/htrace/htrace-core4/4.1.0-incubating/htrace-core4-4.1.0-incubating.jar:/root/.m2/repository/org/apache/zookeeper/zookeeper/3.4.13/zookeeper-3.4.13.jar:/root/.m2/repository/org/apache/yetus/audience-annotations/0.5.0/audience-annotations-0.5.0.jar:/root/.m2/repository/org/codehaus/woodstox/stax2-api/3.1.4/stax2-api-3.1.4.jar:/root/.m2/repository/com/fasterxml/woodstox/woodstox-core/5.0.3/woodstox-core-5.0.3.jar:/root/.m2/repository/dnsjava/dnsjava/2.1.7/dnsjava-2.1.7.jar:/root/.m2/repository/org/apache/hadoop/hadoop-hdfs/3.2.0/hadoop-hdfs-3.2.0-tests.jar:/root/.m2/repository/org/eclipse/jetty/jetty-util-ajax/9.3.24.v20180605/jetty-util-ajax-9.3.24.v20180605.jar:/root/.m2/repository/commons-daemon/commons-daemon/1.0.13/commons-daemon-1.0.13.jar:/root/.m2/repository/io/netty/netty/3.10.5.Final/netty-3.10.5.Final.jar:/root/.m2/repository/io/netty/netty-all/4.0.52.Final/netty-all-4.0.52.Final.jar:/root/.m2/repository/org/fusesource/leveldbjni/leveldbjni-all/1.8/leveldbjni-all-1.8.jar:"/>
    <property name="sun.cpu.endian" value="little"/>
    <property name="user.home" value="/root"/>
    <property name="user.language" value="en"/>
    <property name="java.specification.vendor" value="Oracle Corporation"/>
    <property name="java.home" value="/usr/lib/jvm/java-1.8-openjdk/jre"/>
    <property name="java.security.krb5.conf" value="/opt/src/hadoop-ozone/integration-test/target/test-classes/krb5.conf"/>
    <property name="basedir" value="/opt/src/hadoop-ozone/integration-test"/>
    <property name="file.separator" value="/"/>
    <property name="line.separator" value="&#10;"/>
    <property name="java.vm.specification.vendor" value="Oracle Corporation"/>
    <property name="java.specification.name" value="Java Platform API Specification"/>
    <property name="java.awt.graphicsenv" value="sun.awt.X11GraphicsEnvironment"/>
    <property name="surefire.real.class.path" value="/opt/src/hadoop-ozone/integration-test/target/surefire/surefirebooter8796627259476362532.jar"/>
    <property name="hadoop.log.dir" value="/opt/src/hadoop-ozone/integration-test/target/log"/>
    <property name="sun.boot.class.path" value="/usr/lib/jvm/java-1.8-openjdk/jre/lib/resources.jar:/usr/lib/jvm/java-1.8-openjdk/jre/lib/rt.jar:/usr/lib/jvm/java-1.8-openjdk/jre/lib/sunrsasign.jar:/usr/lib/jvm/java-1.8-openjdk/jre/lib/jsse.jar:/usr/lib/jvm/java-1.8-openjdk/jre/lib/jce.jar:/usr/lib/jvm/java-1.8-openjdk/jre/lib/charsets.jar:/usr/lib/jvm/java-1.8-openjdk/jre/lib/jfr.jar:/usr/lib/jvm/java-1.8-openjdk/jre/classes"/>
    <property name="sun.management.compiler" value="HotSpot 64-Bit Tiered Compilers"/>
    <property name="java.runtime.version" value="1.8.0_212-b04"/>
    <property name="java.net.preferIPv4Stack" value="true"/>
    <property name="user.name" value="root"/>
    <property name="path.separator" value=":"/>
    <property name="java.security.egd" value="file:///dev/urandom"/>
    <property name="os.version" value="4.15.0-1021-aws"/>
    <property name="java.endorsed.dirs" value="/usr/lib/jvm/java-1.8-openjdk/jre/lib/endorsed"/>
    <property name="java.runtime.name" value="OpenJDK Runtime Environment"/>
    <property name="file.encoding" value="UTF-8"/>
    <property name="java.vm.name" value="OpenJDK 64-Bit Server VM"/>
    <property name="test.build.webapps" value=""/>
    <property name="localRepository" value="/root/.m2/repository"/>
    <property name="java.vendor.url.bug" value="https://icedtea.classpath.org/bugzilla"/>
    <property name="java.io.tmpdir" value="/tmp"/>
    <property name="require.test.libhadoop" value=""/>
    <property name="java.version" value="1.8.0_212"/>
    <property name="user.dir" value="/opt/src/hadoop-ozone/integration-test"/>
    <property name="os.arch" value="amd64"/>
    <property name="java.vm.specification.name" value="Java Virtual Machine Specification"/>
    <property name="test.build.classes" value="/opt/src/hadoop-ozone/integration-test/target/test-classes"/>
    <property name="java.awt.printerjob" value="sun.print.PSPrinterJob"/>
    <property name="sun.os.patch.level" value="unknown"/>
    <property name="hadoop.tmp.dir" value="/opt/src/hadoop-ozone/integration-test/target/tmp"/>
    <property name="java.library.path" value="/usr/lib/jvm/java-1.8-openjdk/jre/lib/amd64/server:/usr/lib/jvm/java-1.8-openjdk/jre/lib/amd64:/usr/lib/jvm/java-1.8-openjdk/jre/../lib/amd64:/opt/src/hadoop-ozone/integration-test/target/native/target/usr/local/lib:/opt/src/hadoop-ozone/integration-test/../../hadoop-common-project/hadoop-common/target/native/target/usr/local/lib:/usr/java/packages/lib/amd64:/usr/lib64:/lib64:/lib:/usr/lib"/>
    <property name="java.vm.info" value="mixed mode"/>
    <property name="java.vendor" value="IcedTea"/>
    <property name="java.vm.version" value="25.212-b04"/>
    <property name="java.ext.dirs" value="/usr/lib/jvm/java-1.8-openjdk/jre/lib/ext:/usr/java/packages/lib/ext"/>
    <property name="sun.io.unicode.encoding" value="UnicodeLittle"/>
    <property name="java.class.version" value="52.0"/>
  </properties>
  <testcase name="testPipelineExclusionWithPipelineFailure" classname="org.apache.hadoop.ozone.client.rpc.TestFailureHandlingByClient" time="27.538"/>
  <testcase name="testContainerExclusionWithClosedContainerException" classname="org.apache.hadoop.ozone.client.rpc.TestFailureHandlingByClient" time="14.256"/>
  <testcase name="testWriteSmallFile" classname="org.apache.hadoop.ozone.client.rpc.TestFailureHandlingByClient" time="11.913"/>
  <testcase name="testMultiBlockWritesWithIntermittentDnFailures" classname="org.apache.hadoop.ozone.client.rpc.TestFailureHandlingByClient" time="34.401"/>
  <testcase name="testBlockWritesWithDnFailures" classname="org.apache.hadoop.ozone.client.rpc.TestFailureHandlingByClient" time="14.184"/>
  <testcase name="testDatanodeExclusionWithMajorityCommit" classname="org.apache.hadoop.ozone.client.rpc.TestFailureHandlingByClient" time="12.586">
    <failure type="java.lang.AssertionError">java.lang.AssertionError
	at org.junit.Assert.fail(Assert.java:86)
	at org.junit.Assert.assertTrue(Assert.java:41)
	at org.junit.Assert.assertTrue(Assert.java:52)
	at org.apache.hadoop.ozone.client.rpc.TestFailureHandlingByClient.testDatanodeExclusionWithMajorityCommit(TestFailureHandlingByClient.java:400)
	at sun.reflect.NativeMethodAccessorImpl.invoke0(Native Method)
	at sun.reflect.NativeMethodAccessorImpl.invoke(NativeMethodAccessorImpl.java:62)
	at sun.reflect.DelegatingMethodAccessorImpl.invoke(DelegatingMethodAccessorImpl.java:43)
	at java.lang.reflect.Method.invoke(Method.java:498)
	at org.junit.runners.model.FrameworkMethod$1.runReflectiveCall(FrameworkMethod.java:47)
	at org.junit.internal.runners.model.ReflectiveCallable.run(ReflectiveCallable.java:12)
	at org.junit.runners.model.FrameworkMethod.invokeExplosively(FrameworkMethod.java:44)
	at org.junit.internal.runners.statements.InvokeMethod.evaluate(InvokeMethod.java:17)
	at org.junit.runners.ParentRunner.runLeaf(ParentRunner.java:271)
	at org.junit.runners.BlockJUnit4ClassRunner.runChild(BlockJUnit4ClassRunner.java:70)
	at org.junit.runners.BlockJUnit4ClassRunner.runChild(BlockJUnit4ClassRunner.java:50)
	at org.junit.runners.ParentRunner$3.run(ParentRunner.java:238)
	at org.junit.runners.ParentRunner$1.schedule(ParentRunner.java:63)
	at org.junit.runners.ParentRunner.runChildren(ParentRunner.java:236)
	at org.junit.runners.ParentRunner.access$000(ParentRunner.java:53)
	at org.junit.runners.ParentRunner$2.evaluate(ParentRunner.java:229)
	at org.junit.runners.ParentRunner.run(ParentRunner.java:309)
	at org.apache.maven.surefire.junit4.JUnit4Provider.execute(JUnit4Provider.java:365)
	at org.apache.maven.surefire.junit4.JUnit4Provider.executeWithRerun(JUnit4Provider.java:273)
	at org.apache.maven.surefire.junit4.JUnit4Provider.executeTestSet(JUnit4Provider.java:238)
	at org.apache.maven.surefire.junit4.JUnit4Provider.invoke(JUnit4Provider.java:159)
	at org.apache.maven.surefire.booter.ForkedBooter.invokeProviderInSameClassLoader(ForkedBooter.java:384)
	at org.apache.maven.surefire.booter.ForkedBooter.runSuitesInProcess(ForkedBooter.java:345)
	at org.apache.maven.surefire.booter.ForkedBooter.execute(ForkedBooter.java:126)
	at org.apache.maven.surefire.booter.ForkedBooter.main(ForkedBooter.java:418)
</failure>
    <system-out><![CDATA[2019-06-13 20:30:15,175 WARN  server.ServerUtils (ServerUtils.java:getScmDbDir(145)) - ozone.scm.db.dirs is not configured. We recommend adding this setting. Falling back to ozone.metadata.dirs instead.
2019-06-13 20:30:15,179 WARN  server.ServerUtils (ServerUtils.java:getScmDbDir(145)) - ozone.scm.db.dirs is not configured. We recommend adding this setting. Falling back to ozone.metadata.dirs instead.
2019-06-13 20:30:15,179 WARN  server.ServerUtils (ServerUtils.java:getScmDbDir(145)) - ozone.scm.db.dirs is not configured. We recommend adding this setting. Falling back to ozone.metadata.dirs instead.
2019-06-13 20:30:15,179 INFO  db.DBStoreBuilder (DBStoreBuilder.java:addTable(110)) - using custom profile for table: deletedBlocks
2019-06-13 20:30:15,179 INFO  db.DBStoreBuilder (DBStoreBuilder.java:processTables(161)) - Using default column profile:DBProfile.DISK for Table:deletedBlocks
2019-06-13 20:30:15,179 INFO  db.DBStoreBuilder (DBStoreBuilder.java:addTable(110)) - using custom profile for table: validCerts
2019-06-13 20:30:15,179 INFO  db.DBStoreBuilder (DBStoreBuilder.java:processTables(161)) - Using default column profile:DBProfile.DISK for Table:validCerts
2019-06-13 20:30:15,180 INFO  db.DBStoreBuilder (DBStoreBuilder.java:addTable(110)) - using custom profile for table: revokedCerts
2019-06-13 20:30:15,180 INFO  db.DBStoreBuilder (DBStoreBuilder.java:processTables(161)) - Using default column profile:DBProfile.DISK for Table:revokedCerts
2019-06-13 20:30:15,180 INFO  db.DBStoreBuilder (DBStoreBuilder.java:addTable(110)) - using custom profile for table: default
2019-06-13 20:30:15,180 INFO  db.DBStoreBuilder (DBStoreBuilder.java:processTables(167)) - Using default column profile:DBProfile.DISK for Table:default
2019-06-13 20:30:15,180 INFO  db.DBStoreBuilder (DBStoreBuilder.java:getDbProfile(198)) - Using default options. DBProfile.DISK
2019-06-13 20:30:15,215 INFO  node.SCMNodeManager (SCMNodeManager.java:<init>(108)) - Entering startup safe mode.
2019-06-13 20:30:15,216 INFO  net.NodeSchemaLoader (NodeSchemaLoader.java:loadSchemaFromFile(125)) - Loading file from sun.misc.CompoundEnumeration@a6924ad
2019-06-13 20:30:15,216 INFO  net.NodeSchemaLoader (NodeSchemaLoader.java:loadSchema(171)) - Loading network topology layer schema file
2019-06-13 20:30:15,218 WARN  server.ServerUtils (ServerUtils.java:getScmDbDir(145)) - ozone.scm.db.dirs is not configured. We recommend adding this setting. Falling back to ozone.metadata.dirs instead.
2019-06-13 20:30:15,230 INFO  pipeline.SCMPipelineManager (SCMPipelineManager.java:initializePipelineState(126)) - No pipeline exists in current db
2019-06-13 20:30:15,230 WARN  server.ServerUtils (ServerUtils.java:getScmDbDir(145)) - ozone.scm.db.dirs is not configured. We recommend adding this setting. Falling back to ozone.metadata.dirs instead.
2019-06-13 20:30:15,242 WARN  events.EventQueue (EventQueue.java:fireEvent(175)) - No event handler registered for event TypedEvent{payloadType=SafeModeStatus, name='SafeModeStatus'}
2019-06-13 20:30:15,243 INFO  ipc.CallQueueManager (CallQueueManager.java:<init>(84)) - Using callQueue: class java.util.concurrent.LinkedBlockingQueue, queueCapacity: 2000, scheduler: class org.apache.hadoop.ipc.DefaultRpcScheduler, ipcBackoff: false.
2019-06-13 20:30:15,243 INFO  ipc.Server (Server.java:run(1074)) - Starting Socket Reader #1 for port 36787
2019-06-13 20:30:15,247 INFO  ipc.CallQueueManager (CallQueueManager.java:<init>(84)) - Using callQueue: class java.util.concurrent.LinkedBlockingQueue, queueCapacity: 2000, scheduler: class org.apache.hadoop.ipc.DefaultRpcScheduler, ipcBackoff: false.
2019-06-13 20:30:15,248 INFO  ipc.Server (Server.java:run(1074)) - Starting Socket Reader #1 for port 33119
2019-06-13 20:30:15,249 INFO  ipc.CallQueueManager (CallQueueManager.java:<init>(84)) - Using callQueue: class java.util.concurrent.LinkedBlockingQueue, queueCapacity: 2000, scheduler: class org.apache.hadoop.ipc.DefaultRpcScheduler, ipcBackoff: false.
2019-06-13 20:30:15,250 INFO  ipc.Server (Server.java:run(1074)) - Starting Socket Reader #1 for port 44081
2019-06-13 20:30:15,252 INFO  hdfs.DFSUtil (DFSUtil.java:httpServerTemplateForNNAndJN(1641)) - Starting Web-server for scm at: http://0.0.0.0:0
2019-06-13 20:30:15,253 INFO  server.AuthenticationFilter (AuthenticationFilter.java:constructSecretProvider(240)) - Unable to initialize FileSignerSecretProvider, falling back to use random secrets.
2019-06-13 20:30:15,253 WARN  http.HttpRequestLog (HttpRequestLog.java:getRequestLog(97)) - Jetty request log can only be enabled using Log4j
2019-06-13 20:30:15,255 INFO  http.HttpServer2 (HttpServer2.java:addGlobalFilter(975)) - Added global filter 'safety' (class=org.apache.hadoop.http.HttpServer2$QuotingInputFilter)
2019-06-13 20:30:15,255 INFO  http.HttpServer2 (HttpServer2.java:addFilter(948)) - Added filter static_user_filter (class=org.apache.hadoop.http.lib.StaticUserWebFilter$StaticUserFilter) to context scm
2019-06-13 20:30:15,255 INFO  http.HttpServer2 (HttpServer2.java:addFilter(958)) - Added filter static_user_filter (class=org.apache.hadoop.http.lib.StaticUserWebFilter$StaticUserFilter) to context logs
2019-06-13 20:30:15,255 INFO  http.HttpServer2 (HttpServer2.java:addFilter(958)) - Added filter static_user_filter (class=org.apache.hadoop.http.lib.StaticUserWebFilter$StaticUserFilter) to context static
2019-06-13 20:30:15,258 INFO  server.StorageContainerManager (StorageContainerManager.java:start(752)) - StorageContainerLocationProtocol RPC server is listening at /0.0.0.0:44081
2019-06-13 20:30:15,258 INFO  impl.MetricsSystemImpl (MetricsSystemImpl.java:init(158)) - StorageContainerManager metrics system started (again)
2019-06-13 20:30:15,258 INFO  server.SCMClientProtocolServer (SCMClientProtocolServer.java:start(149)) - RPC server for Client  is listening at /0.0.0.0:44081
2019-06-13 20:30:15,258 INFO  ipc.Server (Server.java:run(1314)) - IPC Server Responder: starting
2019-06-13 20:30:15,258 INFO  ipc.Server (Server.java:run(1153)) - IPC Server listener on 44081: starting
2019-06-13 20:30:15,263 INFO  server.StorageContainerManager (StorageContainerManager.java:start(761)) - ScmBlockLocationProtocol RPC server is listening at /0.0.0.0:33119
2019-06-13 20:30:15,263 INFO  server.SCMBlockProtocolServer (SCMBlockProtocolServer.java:start(137)) - RPC server for Block Protocol is listening at /0.0.0.0:33119
2019-06-13 20:30:15,264 INFO  ipc.Server (Server.java:run(1314)) - IPC Server Responder: starting
2019-06-13 20:30:15,264 INFO  ipc.Server (Server.java:run(1153)) - IPC Server listener on 33119: starting
2019-06-13 20:30:15,267 INFO  server.StorageContainerManager (StorageContainerManager.java:start(765)) - ScmDatanodeProtocl RPC server is listening at /0.0.0.0:36787
2019-06-13 20:30:15,267 INFO  server.SCMDatanodeProtocolServer (SCMDatanodeProtocolServer.java:start(191)) - RPC server for DataNodes is listening at /0.0.0.0:36787
2019-06-13 20:30:15,267 INFO  ipc.Server (Server.java:run(1314)) - IPC Server Responder: starting
2019-06-13 20:30:15,267 INFO  ipc.Server (Server.java:run(1153)) - IPC Server listener on 36787: starting
2019-06-13 20:30:15,272 INFO  http.HttpServer2 (HttpServer2.java:bindListener(1191)) - Jetty bound to port 33617
2019-06-13 20:30:15,272 INFO  server.Server (Server.java:doStart(351)) - jetty-9.3.24.v20180605, build timestamp: 2018-06-05T17:11:56Z, git hash: 84205aa28f11a4f31f2a3b86d1bba2cc8ab69827
2019-06-13 20:30:15,273 INFO  handler.ContextHandler (ContextHandler.java:doStart(781)) - Started o.e.j.s.ServletContextHandler@5482b32a{/logs,file:///opt/src/hadoop-ozone/integration-test/target/log,AVAILABLE}
2019-06-13 20:30:15,274 INFO  handler.ContextHandler (ContextHandler.java:doStart(781)) - Started o.e.j.s.ServletContextHandler@1300112e{/static,file:///opt/src/hadoop-ozone/integration-test/target/test-classes/webapps/static,AVAILABLE}
2019-06-13 20:30:15,276 INFO  handler.ContextHandler (ContextHandler.java:doStart(781)) - Started o.e.j.w.WebAppContext@8e100e7{/,file:///opt/src/hadoop-ozone/integration-test/target/test-classes/webapps/scm/,AVAILABLE}{/scm}
2019-06-13 20:30:15,276 INFO  server.AbstractConnector (AbstractConnector.java:doStart(278)) - Started ServerConnector@420dde28{HTTP/1.1,[http/1.1]}{0.0.0.0:33617}
2019-06-13 20:30:15,277 INFO  server.Server (Server.java:doStart(419)) - Started @102803ms
2019-06-13 20:30:15,280 INFO  server.BaseHttpServer (BaseHttpServer.java:updateConnectorAddress(207)) - HTTP server of SCM is listening at http://0.0.0.0:33617
2019-06-13 20:30:15,282 WARN  scm.ScmUtils (ScmUtils.java:getDBPath(63)) - ozone.om.db.dirs is not configured. We recommend adding this setting. Falling back to ozone.metadata.dirs instead.
2019-06-13 20:30:15,282 INFO  util.JvmPauseMonitor (JvmPauseMonitor.java:run(188)) - Starting JVM pause monitor
2019-06-13 20:30:15,284 WARN  scm.ScmUtils (ScmUtils.java:getDBPath(63)) - ozone.om.db.dirs is not configured. We recommend adding this setting. Falling back to ozone.metadata.dirs instead.
2019-06-13 20:30:15,285 INFO  om.OzoneManager (OzoneManager.java:setOMNodeDetails(519)) - OM Service ID is not set. Setting it to the default ID: omServiceIdDefault
2019-06-13 20:30:15,285 INFO  om.OzoneManager (OzoneManager.java:setOMNodeDetails(525)) - OM Node ID is not set. Setting it to the OmStorage's OmID: 9e5b9240-1a42-449d-b5e9-ff9bb5d6c3b7
2019-06-13 20:30:15,285 WARN  scm.HddsServerUtil (HddsServerUtil.java:getDefaultRatisDirectory(354)) - Storage directory for Ratis is not configured. It is a good idea to map this to an SSD disk. Falling back to ozone.metadata.dirs
2019-06-13 20:30:15,285 WARN  scm.HddsServerUtil (HddsServerUtil.java:getDefaultRatisDirectory(354)) - Storage directory for Ratis is not configured. It is a good idea to map this to an SSD disk. Falling back to ozone.metadata.dirs
2019-06-13 20:30:15,285 INFO  om.OzoneManager (OzoneManager.java:loadOMHAConfigs(476)) - Found matching OM address with OMServiceId: null, OMNodeId: null, RPC Address: localhost:0 and Ratis port: 9872
2019-06-13 20:30:15,289 WARN  scm.ScmUtils (ScmUtils.java:getDBPath(63)) - ozone.om.db.dirs is not configured. We recommend adding this setting. Falling back to ozone.metadata.dirs instead.
2019-06-13 20:30:15,289 INFO  db.DBStoreBuilder (DBStoreBuilder.java:addTable(110)) - using custom profile for table: userTable
2019-06-13 20:30:15,290 INFO  db.DBStoreBuilder (DBStoreBuilder.java:processTables(161)) - Using default column profile:DBProfile.DISK for Table:userTable
2019-06-13 20:30:15,290 INFO  db.DBStoreBuilder (DBStoreBuilder.java:addTable(110)) - using custom profile for table: volumeTable
2019-06-13 20:30:15,290 INFO  db.DBStoreBuilder (DBStoreBuilder.java:processTables(161)) - Using default column profile:DBProfile.DISK for Table:volumeTable
2019-06-13 20:30:15,291 INFO  db.DBStoreBuilder (DBStoreBuilder.java:addTable(110)) - using custom profile for table: bucketTable
2019-06-13 20:30:15,291 INFO  db.DBStoreBuilder (DBStoreBuilder.java:processTables(161)) - Using default column profile:DBProfile.DISK for Table:bucketTable
2019-06-13 20:30:15,291 INFO  db.DBStoreBuilder (DBStoreBuilder.java:addTable(110)) - using custom profile for table: keyTable
2019-06-13 20:30:15,291 INFO  db.DBStoreBuilder (DBStoreBuilder.java:processTables(161)) - Using default column profile:DBProfile.DISK for Table:keyTable
2019-06-13 20:30:15,292 INFO  db.DBStoreBuilder (DBStoreBuilder.java:addTable(110)) - using custom profile for table: deletedTable
2019-06-13 20:30:15,292 INFO  db.DBStoreBuilder (DBStoreBuilder.java:processTables(161)) - Using default column profile:DBProfile.DISK for Table:deletedTable
2019-06-13 20:30:15,292 INFO  db.DBStoreBuilder (DBStoreBuilder.java:addTable(110)) - using custom profile for table: openKeyTable
2019-06-13 20:30:15,292 INFO  db.DBStoreBuilder (DBStoreBuilder.java:processTables(161)) - Using default column profile:DBProfile.DISK for Table:openKeyTable
2019-06-13 20:30:15,292 INFO  db.DBStoreBuilder (DBStoreBuilder.java:addTable(110)) - using custom profile for table: s3Table
2019-06-13 20:30:15,292 INFO  db.DBStoreBuilder (DBStoreBuilder.java:processTables(161)) - Using default column profile:DBProfile.DISK for Table:s3Table
2019-06-13 20:30:15,293 INFO  db.DBStoreBuilder (DBStoreBuilder.java:addTable(110)) - using custom profile for table: multipartInfoTable
2019-06-13 20:30:15,293 INFO  db.DBStoreBuilder (DBStoreBuilder.java:processTables(161)) - Using default column profile:DBProfile.DISK for Table:multipartInfoTable
2019-06-13 20:30:15,293 INFO  db.DBStoreBuilder (DBStoreBuilder.java:addTable(110)) - using custom profile for table: dTokenTable
2019-06-13 20:30:15,293 INFO  db.DBStoreBuilder (DBStoreBuilder.java:processTables(161)) - Using default column profile:DBProfile.DISK for Table:dTokenTable
2019-06-13 20:30:15,293 INFO  db.DBStoreBuilder (DBStoreBuilder.java:addTable(110)) - using custom profile for table: s3SecretTable
2019-06-13 20:30:15,294 INFO  db.DBStoreBuilder (DBStoreBuilder.java:processTables(161)) - Using default column profile:DBProfile.DISK for Table:s3SecretTable
2019-06-13 20:30:15,294 INFO  db.DBStoreBuilder (DBStoreBuilder.java:addTable(110)) - using custom profile for table: prefixTable
2019-06-13 20:30:15,294 INFO  db.DBStoreBuilder (DBStoreBuilder.java:processTables(161)) - Using default column profile:DBProfile.DISK for Table:prefixTable
2019-06-13 20:30:15,294 INFO  db.DBStoreBuilder (DBStoreBuilder.java:addTable(110)) - using custom profile for table: default
2019-06-13 20:30:15,294 INFO  db.DBStoreBuilder (DBStoreBuilder.java:processTables(167)) - Using default column profile:DBProfile.DISK for Table:default
2019-06-13 20:30:15,294 INFO  db.DBStoreBuilder (DBStoreBuilder.java:getDbProfile(198)) - Using default options. DBProfile.DISK
2019-06-13 20:30:15,446 INFO  ipc.CallQueueManager (CallQueueManager.java:<init>(84)) - Using callQueue: class java.util.concurrent.LinkedBlockingQueue, queueCapacity: 2000, scheduler: class org.apache.hadoop.ipc.DefaultRpcScheduler, ipcBackoff: false.
2019-06-13 20:30:15,447 INFO  ipc.Server (Server.java:run(1074)) - Starting Socket Reader #1 for port 37513
2019-06-13 20:30:15,461 WARN  scm.ScmUtils (ScmUtils.java:getDBPath(63)) - ozone.om.db.dirs is not configured. We recommend adding this setting. Falling back to ozone.metadata.dirs instead.
2019-06-13 20:30:15,461 INFO  om.OzoneManager (OzoneManager.java:start(1217)) - OzoneManager RPC server is listening at localhost/127.0.0.1:37513
2019-06-13 20:30:15,461 INFO  impl.MetricsSystemImpl (MetricsSystemImpl.java:init(158)) - OzoneManager metrics system started (again)
2019-06-13 20:30:15,461 INFO  ipc.Server (Server.java:run(1314)) - IPC Server Responder: starting
2019-06-13 20:30:15,462 INFO  ipc.Server (Server.java:run(1153)) - IPC Server listener on 37513: starting
2019-06-13 20:30:15,481 INFO  hdfs.DFSUtil (DFSUtil.java:httpServerTemplateForNNAndJN(1641)) - Starting Web-server for ozoneManager at: http://0.0.0.0:0
2019-06-13 20:30:15,482 INFO  server.AuthenticationFilter (AuthenticationFilter.java:constructSecretProvider(240)) - Unable to initialize FileSignerSecretProvider, falling back to use random secrets.
2019-06-13 20:30:15,483 WARN  http.HttpRequestLog (HttpRequestLog.java:getRequestLog(97)) - Jetty request log can only be enabled using Log4j
2019-06-13 20:30:15,484 INFO  http.HttpServer2 (HttpServer2.java:addGlobalFilter(975)) - Added global filter 'safety' (class=org.apache.hadoop.http.HttpServer2$QuotingInputFilter)
2019-06-13 20:30:15,484 INFO  http.HttpServer2 (HttpServer2.java:addFilter(948)) - Added filter static_user_filter (class=org.apache.hadoop.http.lib.StaticUserWebFilter$StaticUserFilter) to context ozoneManager
2019-06-13 20:30:15,484 INFO  http.HttpServer2 (HttpServer2.java:addFilter(958)) - Added filter static_user_filter (class=org.apache.hadoop.http.lib.StaticUserWebFilter$StaticUserFilter) to context logs
2019-06-13 20:30:15,484 INFO  http.HttpServer2 (HttpServer2.java:addFilter(958)) - Added filter static_user_filter (class=org.apache.hadoop.http.lib.StaticUserWebFilter$StaticUserFilter) to context static
2019-06-13 20:30:15,484 INFO  http.HttpServer2 (HttpServer2.java:bindListener(1191)) - Jetty bound to port 37177
2019-06-13 20:30:15,485 INFO  server.Server (Server.java:doStart(351)) - jetty-9.3.24.v20180605, build timestamp: 2018-06-05T17:11:56Z, git hash: 84205aa28f11a4f31f2a3b86d1bba2cc8ab69827
2019-06-13 20:30:15,485 INFO  handler.ContextHandler (ContextHandler.java:doStart(781)) - Started o.e.j.s.ServletContextHandler@cf82c58{/logs,file:///opt/src/hadoop-ozone/integration-test/target/log,AVAILABLE}
2019-06-13 20:30:15,486 INFO  handler.ContextHandler (ContextHandler.java:doStart(781)) - Started o.e.j.s.ServletContextHandler@5aff8207{/static,file:///opt/src/hadoop-ozone/integration-test/target/test-classes/webapps/static,AVAILABLE}
2019-06-13 20:30:15,488 INFO  handler.ContextHandler (ContextHandler.java:doStart(781)) - Started o.e.j.w.WebAppContext@69b436a7{/,file:///opt/src/hadoop-ozone/integration-test/target/test-classes/webapps/ozoneManager/,AVAILABLE}{/ozoneManager}
2019-06-13 20:30:15,488 INFO  server.AbstractConnector (AbstractConnector.java:doStart(278)) - Started ServerConnector@5dfd4fac{HTTP/1.1,[http/1.1]}{0.0.0.0:37177}
2019-06-13 20:30:15,489 INFO  server.Server (Server.java:doStart(419)) - Started @103015ms
2019-06-13 20:30:15,490 INFO  server.BaseHttpServer (BaseHttpServer.java:updateConnectorAddress(207)) - HTTP server of OZONEMANAGER is listening at http://0.0.0.0:37177
2019-06-13 20:30:15,496 INFO  impl.MetricsSystemImpl (MetricsSystemImpl.java:init(158)) - HddsDatanode metrics system started (again)
2019-06-13 20:30:15,496 INFO  ozone.HddsDatanodeService (HddsDatanodeService.java:start(185)) - HddsDatanodeService host:ozone-n9fvl-1305937406 ip:192.168.46.63
2019-06-13 20:30:15,500 INFO  volume.HddsVolume (HddsVolume.java:<init>(176)) - Creating Volume: /opt/src/hadoop-ozone/integration-test/target/test-dir/MiniOzoneClusterImpl-9f56f186-143e-4947-9558-cd65e5d1d158/datanode-0/data/containers/hdds of  storage type : DISK and capacity : 104021790720
2019-06-13 20:30:15,501 INFO  volume.VolumeSet (VolumeSet.java:initializeVolumeSet(170)) - Added Volume : /opt/src/hadoop-ozone/integration-test/target/test-dir/MiniOzoneClusterImpl-9f56f186-143e-4947-9558-cd65e5d1d158/datanode-0/data/containers/hdds to VolumeSet
2019-06-13 20:30:15,501 INFO  volume.ThrottledAsyncChecker (ThrottledAsyncChecker.java:schedule(140)) - Scheduling a check for org.apache.hadoop.ozone.container.common.volume.HddsVolume@70e07ef8
2019-06-13 20:30:15,501 INFO  volume.HddsVolumeChecker (HddsVolumeChecker.java:checkAllVolumes(203)) - Scheduled health check for volume org.apache.hadoop.ozone.container.common.volume.HddsVolume@70e07ef8
2019-06-13 20:30:15,509 INFO  ratis.XceiverServerRatis (XceiverServerRatis.java:newXceiverServerRatis(401)) - Found a free port for the server : 37109
2019-06-13 20:30:15,510 INFO  impl.RaftServerProxy (ConfUtils.java:logGet(43)) - raft.rpc.type = GRPC (default)
2019-06-13 20:30:15,510 INFO  grpc.GrpcConfigKeys$Server (ConfUtils.java:logGet(43)) - raft.grpc.server.port = 37109 (custom)
2019-06-13 20:30:15,510 INFO  server.GrpcService (ConfUtils.java:logGet(43)) - raft.grpc.message.size.max = 33570816 (custom)
2019-06-13 20:30:15,510 INFO  server.RaftServerConfigKeys (ConfUtils.java:logGet(43)) - raft.server.log.appender.buffer.byte-limit = 33554432 (custom)
2019-06-13 20:30:15,510 INFO  server.GrpcService (ConfUtils.java:logGet(43)) - raft.grpc.flow.control.window = 1MB (=1048576) (default)
2019-06-13 20:30:15,511 INFO  server.RaftServerConfigKeys (ConfUtils.java:logGet(43)) - raft.server.rpc.request.timeout = 3000ms (default)
2019-06-13 20:30:15,511 INFO  server.RaftServerConfigKeys (ConfUtils.java:logGet(43)) - raft.server.storage.dir = [/opt/src/hadoop-ozone/integration-test/target/test-dir/MiniOzoneClusterImpl-9f56f186-143e-4947-9558-cd65e5d1d158/datanode-0/data/ratis] (custom)
2019-06-13 20:30:15,511 INFO  server.XceiverServerGrpc (XceiverServerGrpc.java:<init>(97)) - Found a free port for the server : 37343
2019-06-13 20:30:15,511 INFO  replication.SimpleContainerDownloader (SimpleContainerDownloader.java:<init>(72)) - Starting container downloader service to copy containers to replicate.
2019-06-13 20:30:15,512 INFO  hdfs.DFSUtil (DFSUtil.java:httpServerTemplateForNNAndJN(1641)) - Starting Web-server for hddsDatanode at: http://0.0.0.0:0
2019-06-13 20:30:15,513 INFO  server.AuthenticationFilter (AuthenticationFilter.java:constructSecretProvider(240)) - Unable to initialize FileSignerSecretProvider, falling back to use random secrets.
2019-06-13 20:30:15,514 WARN  http.HttpRequestLog (HttpRequestLog.java:getRequestLog(97)) - Jetty request log can only be enabled using Log4j
2019-06-13 20:30:15,514 INFO  http.HttpServer2 (HttpServer2.java:addGlobalFilter(975)) - Added global filter 'safety' (class=org.apache.hadoop.http.HttpServer2$QuotingInputFilter)
2019-06-13 20:30:15,515 INFO  http.HttpServer2 (HttpServer2.java:addFilter(948)) - Added filter static_user_filter (class=org.apache.hadoop.http.lib.StaticUserWebFilter$StaticUserFilter) to context hddsDatanode
2019-06-13 20:30:15,515 INFO  http.HttpServer2 (HttpServer2.java:addFilter(958)) - Added filter static_user_filter (class=org.apache.hadoop.http.lib.StaticUserWebFilter$StaticUserFilter) to context logs
2019-06-13 20:30:15,515 INFO  http.HttpServer2 (HttpServer2.java:addFilter(958)) - Added filter static_user_filter (class=org.apache.hadoop.http.lib.StaticUserWebFilter$StaticUserFilter) to context static
2019-06-13 20:30:15,515 INFO  http.HttpServer2 (HttpServer2.java:bindListener(1191)) - Jetty bound to port 42053
2019-06-13 20:30:15,516 INFO  server.Server (Server.java:doStart(351)) - jetty-9.3.24.v20180605, build timestamp: 2018-06-05T17:11:56Z, git hash: 84205aa28f11a4f31f2a3b86d1bba2cc8ab69827
2019-06-13 20:30:15,517 INFO  handler.ContextHandler (ContextHandler.java:doStart(781)) - Started o.e.j.s.ServletContextHandler@59f56892{/logs,file:///opt/src/hadoop-ozone/integration-test/target/log,AVAILABLE}
2019-06-13 20:30:15,517 INFO  handler.ContextHandler (ContextHandler.java:doStart(781)) - Started o.e.j.s.ServletContextHandler@5d72da0b{/static,jar:file:/root/.m2/repository/org/apache/hadoop/hadoop-hdds-container-service/0.5.0-SNAPSHOT/hadoop-hdds-container-service-0.5.0-SNAPSHOT.jar!/webapps/static,AVAILABLE}
2019-06-13 20:30:15,537 INFO  handler.ContextHandler (ContextHandler.java:doStart(781)) - Started o.e.j.w.WebAppContext@7c08461b{/,file:///tmp/jetty-0.0.0.0-42053-hddsDatanode-_-any-7918498949768886219.dir/webapp/,AVAILABLE}{/hddsDatanode}
2019-06-13 20:30:15,537 INFO  server.AbstractConnector (AbstractConnector.java:doStart(278)) - Started ServerConnector@6c37c36{HTTP/1.1,[http/1.1]}{0.0.0.0:42053}
2019-06-13 20:30:15,538 INFO  server.Server (Server.java:doStart(419)) - Started @103064ms
2019-06-13 20:30:15,539 INFO  server.BaseHttpServer (BaseHttpServer.java:updateConnectorAddress(207)) - HTTP server of HDDSDATANODE is listening at http://0.0.0.0:42053
2019-06-13 20:30:15,623 INFO  ozone.HddsDatanodeService (HddsDatanodeService.java:startPlugins(396)) - Started plug-in org.apache.hadoop.ozone.web.OzoneHddsDatanodeService@3fbf66e7
2019-06-13 20:30:15,623 INFO  impl.MetricsSystemImpl (MetricsSystemImpl.java:init(158)) - HddsDatanode metrics system started (again)
2019-06-13 20:30:15,624 INFO  ozone.HddsDatanodeService (HddsDatanodeService.java:start(185)) - HddsDatanodeService host:ozone-n9fvl-1305937406 ip:192.168.46.63
2019-06-13 20:30:15,624 INFO  util.JvmPauseMonitor (JvmPauseMonitor.java:run(188)) - Starting JVM pause monitor
2019-06-13 20:30:15,626 INFO  datanode.InitDatanodeState (InitDatanodeState.java:persistContainerDatanodeDetails(140)) - DatanodeDetails is persisted to /opt/src/hadoop-ozone/integration-test/target/test-dir/MiniOzoneClusterImpl-9f56f186-143e-4947-9558-cd65e5d1d158/datanode-0/meta/datanode.id
2019-06-13 20:30:15,630 INFO  volume.HddsVolume (HddsVolume.java:<init>(176)) - Creating Volume: /opt/src/hadoop-ozone/integration-test/target/test-dir/MiniOzoneClusterImpl-9f56f186-143e-4947-9558-cd65e5d1d158/datanode-1/data/containers/hdds of  storage type : DISK and capacity : 104021790720
2019-06-13 20:30:15,630 INFO  volume.VolumeSet (VolumeSet.java:initializeVolumeSet(170)) - Added Volume : /opt/src/hadoop-ozone/integration-test/target/test-dir/MiniOzoneClusterImpl-9f56f186-143e-4947-9558-cd65e5d1d158/datanode-1/data/containers/hdds to VolumeSet
2019-06-13 20:30:15,631 INFO  volume.ThrottledAsyncChecker (ThrottledAsyncChecker.java:schedule(140)) - Scheduling a check for org.apache.hadoop.ozone.container.common.volume.HddsVolume@70d24586
2019-06-13 20:30:15,631 INFO  volume.HddsVolumeChecker (HddsVolumeChecker.java:checkAllVolumes(203)) - Scheduled health check for volume org.apache.hadoop.ozone.container.common.volume.HddsVolume@70d24586
2019-06-13 20:30:15,638 INFO  ratis.XceiverServerRatis (XceiverServerRatis.java:newXceiverServerRatis(401)) - Found a free port for the server : 39265
2019-06-13 20:30:15,640 INFO  impl.RaftServerProxy (ConfUtils.java:logGet(43)) - raft.rpc.type = GRPC (default)
2019-06-13 20:30:15,640 INFO  grpc.GrpcConfigKeys$Server (ConfUtils.java:logGet(43)) - raft.grpc.server.port = 39265 (custom)
2019-06-13 20:30:15,640 INFO  server.GrpcService (ConfUtils.java:logGet(43)) - raft.grpc.message.size.max = 33570816 (custom)
2019-06-13 20:30:15,640 INFO  server.RaftServerConfigKeys (ConfUtils.java:logGet(43)) - raft.server.log.appender.buffer.byte-limit = 33554432 (custom)
2019-06-13 20:30:15,641 INFO  server.GrpcService (ConfUtils.java:logGet(43)) - raft.grpc.flow.control.window = 1MB (=1048576) (default)
2019-06-13 20:30:15,641 INFO  server.RaftServerConfigKeys (ConfUtils.java:logGet(43)) - raft.server.rpc.request.timeout = 3000ms (default)
2019-06-13 20:30:15,641 INFO  server.RaftServerConfigKeys (ConfUtils.java:logGet(43)) - raft.server.storage.dir = [/opt/src/hadoop-ozone/integration-test/target/test-dir/MiniOzoneClusterImpl-9f56f186-143e-4947-9558-cd65e5d1d158/datanode-1/data/ratis] (custom)
2019-06-13 20:30:15,642 INFO  server.XceiverServerGrpc (XceiverServerGrpc.java:<init>(97)) - Found a free port for the server : 36115
2019-06-13 20:30:15,642 INFO  replication.SimpleContainerDownloader (SimpleContainerDownloader.java:<init>(72)) - Starting container downloader service to copy containers to replicate.
2019-06-13 20:30:15,643 INFO  hdfs.DFSUtil (DFSUtil.java:httpServerTemplateForNNAndJN(1641)) - Starting Web-server for hddsDatanode at: http://0.0.0.0:0
2019-06-13 20:30:15,644 INFO  server.AuthenticationFilter (AuthenticationFilter.java:constructSecretProvider(240)) - Unable to initialize FileSignerSecretProvider, falling back to use random secrets.
2019-06-13 20:30:15,644 WARN  http.HttpRequestLog (HttpRequestLog.java:getRequestLog(97)) - Jetty request log can only be enabled using Log4j
2019-06-13 20:30:15,645 INFO  http.HttpServer2 (HttpServer2.java:addGlobalFilter(975)) - Added global filter 'safety' (class=org.apache.hadoop.http.HttpServer2$QuotingInputFilter)
2019-06-13 20:30:15,645 INFO  http.HttpServer2 (HttpServer2.java:addFilter(948)) - Added filter static_user_filter (class=org.apache.hadoop.http.lib.StaticUserWebFilter$StaticUserFilter) to context hddsDatanode
2019-06-13 20:30:15,646 INFO  http.HttpServer2 (HttpServer2.java:addFilter(958)) - Added filter static_user_filter (class=org.apache.hadoop.http.lib.StaticUserWebFilter$StaticUserFilter) to context static
2019-06-13 20:30:15,646 INFO  http.HttpServer2 (HttpServer2.java:addFilter(958)) - Added filter static_user_filter (class=org.apache.hadoop.http.lib.StaticUserWebFilter$StaticUserFilter) to context logs
2019-06-13 20:30:15,646 INFO  http.HttpServer2 (HttpServer2.java:bindListener(1191)) - Jetty bound to port 42711
2019-06-13 20:30:15,646 INFO  server.Server (Server.java:doStart(351)) - jetty-9.3.24.v20180605, build timestamp: 2018-06-05T17:11:56Z, git hash: 84205aa28f11a4f31f2a3b86d1bba2cc8ab69827
2019-06-13 20:30:15,654 INFO  handler.ContextHandler (ContextHandler.java:doStart(781)) - Started o.e.j.s.ServletContextHandler@76a86677{/logs,file:///opt/src/hadoop-ozone/integration-test/target/log,AVAILABLE}
2019-06-13 20:30:15,654 INFO  handler.ContextHandler (ContextHandler.java:doStart(781)) - Started o.e.j.s.ServletContextHandler@2524f9bf{/static,jar:file:/root/.m2/repository/org/apache/hadoop/hadoop-hdds-container-service/0.5.0-SNAPSHOT/hadoop-hdds-container-service-0.5.0-SNAPSHOT.jar!/webapps/static,AVAILABLE}
2019-06-13 20:30:15,674 INFO  handler.ContextHandler (ContextHandler.java:doStart(781)) - Started o.e.j.w.WebAppContext@611ffa8d{/,file:///tmp/jetty-0.0.0.0-42711-hddsDatanode-_-any-6708227260083089540.dir/webapp/,AVAILABLE}{/hddsDatanode}
2019-06-13 20:30:15,674 INFO  server.AbstractConnector (AbstractConnector.java:doStart(278)) - Started ServerConnector@45f32b12{HTTP/1.1,[http/1.1]}{0.0.0.0:42711}
2019-06-13 20:30:15,676 INFO  server.Server (Server.java:doStart(419)) - Started @103202ms
2019-06-13 20:30:15,680 INFO  server.BaseHttpServer (BaseHttpServer.java:updateConnectorAddress(207)) - HTTP server of HDDSDATANODE is listening at http://0.0.0.0:42711
2019-06-13 20:30:15,835 INFO  ozone.HddsDatanodeService (HddsDatanodeService.java:startPlugins(396)) - Started plug-in org.apache.hadoop.ozone.web.OzoneHddsDatanodeService@52b2713a
2019-06-13 20:30:15,835 INFO  impl.MetricsSystemImpl (MetricsSystemImpl.java:init(158)) - HddsDatanode metrics system started (again)
2019-06-13 20:30:15,835 INFO  ozone.HddsDatanodeService (HddsDatanodeService.java:start(185)) - HddsDatanodeService host:ozone-n9fvl-1305937406 ip:192.168.46.63
2019-06-13 20:30:15,842 INFO  util.JvmPauseMonitor (JvmPauseMonitor.java:run(188)) - Starting JVM pause monitor
2019-06-13 20:30:15,843 INFO  datanode.InitDatanodeState (InitDatanodeState.java:persistContainerDatanodeDetails(140)) - DatanodeDetails is persisted to /opt/src/hadoop-ozone/integration-test/target/test-dir/MiniOzoneClusterImpl-9f56f186-143e-4947-9558-cd65e5d1d158/datanode-1/meta/datanode.id
2019-06-13 20:30:15,849 INFO  volume.HddsVolume (HddsVolume.java:<init>(176)) - Creating Volume: /opt/src/hadoop-ozone/integration-test/target/test-dir/MiniOzoneClusterImpl-9f56f186-143e-4947-9558-cd65e5d1d158/datanode-2/data/containers/hdds of  storage type : DISK and capacity : 104021790720
2019-06-13 20:30:15,850 INFO  volume.VolumeSet (VolumeSet.java:initializeVolumeSet(170)) - Added Volume : /opt/src/hadoop-ozone/integration-test/target/test-dir/MiniOzoneClusterImpl-9f56f186-143e-4947-9558-cd65e5d1d158/datanode-2/data/containers/hdds to VolumeSet
2019-06-13 20:30:15,850 INFO  volume.ThrottledAsyncChecker (ThrottledAsyncChecker.java:schedule(140)) - Scheduling a check for org.apache.hadoop.ozone.container.common.volume.HddsVolume@4ab959e8
2019-06-13 20:30:15,850 INFO  volume.HddsVolumeChecker (HddsVolumeChecker.java:checkAllVolumes(203)) - Scheduled health check for volume org.apache.hadoop.ozone.container.common.volume.HddsVolume@4ab959e8
2019-06-13 20:30:15,858 INFO  ratis.XceiverServerRatis (XceiverServerRatis.java:newXceiverServerRatis(401)) - Found a free port for the server : 45275
2019-06-13 20:30:15,859 INFO  impl.RaftServerProxy (ConfUtils.java:logGet(43)) - raft.rpc.type = GRPC (default)
2019-06-13 20:30:15,859 INFO  grpc.GrpcConfigKeys$Server (ConfUtils.java:logGet(43)) - raft.grpc.server.port = 45275 (custom)
2019-06-13 20:30:15,860 INFO  server.GrpcService (ConfUtils.java:logGet(43)) - raft.grpc.message.size.max = 33570816 (custom)
2019-06-13 20:30:15,860 INFO  server.RaftServerConfigKeys (ConfUtils.java:logGet(43)) - raft.server.log.appender.buffer.byte-limit = 33554432 (custom)
2019-06-13 20:30:15,860 INFO  server.GrpcService (ConfUtils.java:logGet(43)) - raft.grpc.flow.control.window = 1MB (=1048576) (default)
2019-06-13 20:30:15,860 INFO  server.RaftServerConfigKeys (ConfUtils.java:logGet(43)) - raft.server.rpc.request.timeout = 3000ms (default)
2019-06-13 20:30:15,860 INFO  server.RaftServerConfigKeys (ConfUtils.java:logGet(43)) - raft.server.storage.dir = [/opt/src/hadoop-ozone/integration-test/target/test-dir/MiniOzoneClusterImpl-9f56f186-143e-4947-9558-cd65e5d1d158/datanode-2/data/ratis] (custom)
2019-06-13 20:30:15,860 INFO  server.XceiverServerGrpc (XceiverServerGrpc.java:<init>(97)) - Found a free port for the server : 45623
2019-06-13 20:30:15,861 INFO  replication.SimpleContainerDownloader (SimpleContainerDownloader.java:<init>(72)) - Starting container downloader service to copy containers to replicate.
2019-06-13 20:30:15,862 INFO  hdfs.DFSUtil (DFSUtil.java:httpServerTemplateForNNAndJN(1641)) - Starting Web-server for hddsDatanode at: http://0.0.0.0:0
2019-06-13 20:30:15,863 INFO  server.AuthenticationFilter (AuthenticationFilter.java:constructSecretProvider(240)) - Unable to initialize FileSignerSecretProvider, falling back to use random secrets.
2019-06-13 20:30:15,863 WARN  http.HttpRequestLog (HttpRequestLog.java:getRequestLog(97)) - Jetty request log can only be enabled using Log4j
2019-06-13 20:30:15,865 INFO  http.HttpServer2 (HttpServer2.java:addGlobalFilter(975)) - Added global filter 'safety' (class=org.apache.hadoop.http.HttpServer2$QuotingInputFilter)
2019-06-13 20:30:15,865 INFO  http.HttpServer2 (HttpServer2.java:addFilter(948)) - Added filter static_user_filter (class=org.apache.hadoop.http.lib.StaticUserWebFilter$StaticUserFilter) to context hddsDatanode
2019-06-13 20:30:15,865 INFO  http.HttpServer2 (HttpServer2.java:addFilter(958)) - Added filter static_user_filter (class=org.apache.hadoop.http.lib.StaticUserWebFilter$StaticUserFilter) to context logs
2019-06-13 20:30:15,865 INFO  http.HttpServer2 (HttpServer2.java:addFilter(958)) - Added filter static_user_filter (class=org.apache.hadoop.http.lib.StaticUserWebFilter$StaticUserFilter) to context static
2019-06-13 20:30:15,866 INFO  http.HttpServer2 (HttpServer2.java:bindListener(1191)) - Jetty bound to port 40899
2019-06-13 20:30:15,866 INFO  server.Server (Server.java:doStart(351)) - jetty-9.3.24.v20180605, build timestamp: 2018-06-05T17:11:56Z, git hash: 84205aa28f11a4f31f2a3b86d1bba2cc8ab69827
2019-06-13 20:30:15,874 INFO  handler.ContextHandler (ContextHandler.java:doStart(781)) - Started o.e.j.s.ServletContextHandler@e417628{/logs,file:///opt/src/hadoop-ozone/integration-test/target/log,AVAILABLE}
2019-06-13 20:30:15,874 INFO  handler.ContextHandler (ContextHandler.java:doStart(781)) - Started o.e.j.s.ServletContextHandler@592fbd8{/static,jar:file:/root/.m2/repository/org/apache/hadoop/hadoop-hdds-container-service/0.5.0-SNAPSHOT/hadoop-hdds-container-service-0.5.0-SNAPSHOT.jar!/webapps/static,AVAILABLE}
2019-06-13 20:30:15,894 INFO  handler.ContextHandler (ContextHandler.java:doStart(781)) - Started o.e.j.w.WebAppContext@4f0381cd{/,file:///tmp/jetty-0.0.0.0-40899-hddsDatanode-_-any-3484805772204657256.dir/webapp/,AVAILABLE}{/hddsDatanode}
2019-06-13 20:30:15,894 INFO  server.AbstractConnector (AbstractConnector.java:doStart(278)) - Started ServerConnector@7eb006bd{HTTP/1.1,[http/1.1]}{0.0.0.0:40899}
2019-06-13 20:30:15,895 INFO  server.Server (Server.java:doStart(419)) - Started @103422ms
2019-06-13 20:30:15,896 INFO  server.BaseHttpServer (BaseHttpServer.java:updateConnectorAddress(207)) - HTTP server of HDDSDATANODE is listening at http://0.0.0.0:40899
2019-06-13 20:30:16,001 INFO  ozone.HddsDatanodeService (HddsDatanodeService.java:startPlugins(396)) - Started plug-in org.apache.hadoop.ozone.web.OzoneHddsDatanodeService@36b86248
2019-06-13 20:30:16,001 INFO  impl.MetricsSystemImpl (MetricsSystemImpl.java:init(158)) - HddsDatanode metrics system started (again)
2019-06-13 20:30:16,001 INFO  ozone.HddsDatanodeService (HddsDatanodeService.java:start(185)) - HddsDatanodeService host:ozone-n9fvl-1305937406 ip:192.168.46.63
2019-06-13 20:30:16,006 INFO  util.JvmPauseMonitor (JvmPauseMonitor.java:run(188)) - Starting JVM pause monitor
2019-06-13 20:30:16,007 INFO  datanode.InitDatanodeState (InitDatanodeState.java:persistContainerDatanodeDetails(140)) - DatanodeDetails is persisted to /opt/src/hadoop-ozone/integration-test/target/test-dir/MiniOzoneClusterImpl-9f56f186-143e-4947-9558-cd65e5d1d158/datanode-2/meta/datanode.id
2019-06-13 20:30:16,011 INFO  volume.HddsVolume (HddsVolume.java:<init>(176)) - Creating Volume: /opt/src/hadoop-ozone/integration-test/target/test-dir/MiniOzoneClusterImpl-9f56f186-143e-4947-9558-cd65e5d1d158/datanode-3/data/containers/hdds of  storage type : DISK and capacity : 104021790720
2019-06-13 20:30:16,011 INFO  volume.VolumeSet (VolumeSet.java:initializeVolumeSet(170)) - Added Volume : /opt/src/hadoop-ozone/integration-test/target/test-dir/MiniOzoneClusterImpl-9f56f186-143e-4947-9558-cd65e5d1d158/datanode-3/data/containers/hdds to VolumeSet
2019-06-13 20:30:16,011 INFO  volume.ThrottledAsyncChecker (ThrottledAsyncChecker.java:schedule(140)) - Scheduling a check for org.apache.hadoop.ozone.container.common.volume.HddsVolume@4578d654
2019-06-13 20:30:16,012 INFO  volume.HddsVolumeChecker (HddsVolumeChecker.java:checkAllVolumes(203)) - Scheduled health check for volume org.apache.hadoop.ozone.container.common.volume.HddsVolume@4578d654
2019-06-13 20:30:16,020 INFO  ratis.XceiverServerRatis (XceiverServerRatis.java:newXceiverServerRatis(401)) - Found a free port for the server : 44015
2019-06-13 20:30:16,021 INFO  impl.RaftServerProxy (ConfUtils.java:logGet(43)) - raft.rpc.type = GRPC (default)
2019-06-13 20:30:16,021 INFO  grpc.GrpcConfigKeys$Server (ConfUtils.java:logGet(43)) - raft.grpc.server.port = 44015 (custom)
2019-06-13 20:30:16,022 INFO  server.GrpcService (ConfUtils.java:logGet(43)) - raft.grpc.message.size.max = 33570816 (custom)
2019-06-13 20:30:16,022 INFO  server.RaftServerConfigKeys (ConfUtils.java:logGet(43)) - raft.server.log.appender.buffer.byte-limit = 33554432 (custom)
2019-06-13 20:30:16,022 INFO  server.GrpcService (ConfUtils.java:logGet(43)) - raft.grpc.flow.control.window = 1MB (=1048576) (default)
2019-06-13 20:30:16,022 INFO  server.RaftServerConfigKeys (ConfUtils.java:logGet(43)) - raft.server.rpc.request.timeout = 3000ms (default)
2019-06-13 20:30:16,023 INFO  server.RaftServerConfigKeys (ConfUtils.java:logGet(43)) - raft.server.storage.dir = [/opt/src/hadoop-ozone/integration-test/target/test-dir/MiniOzoneClusterImpl-9f56f186-143e-4947-9558-cd65e5d1d158/datanode-3/data/ratis] (custom)
2019-06-13 20:30:16,023 INFO  server.XceiverServerGrpc (XceiverServerGrpc.java:<init>(97)) - Found a free port for the server : 36075
2019-06-13 20:30:16,023 INFO  replication.SimpleContainerDownloader (SimpleContainerDownloader.java:<init>(72)) - Starting container downloader service to copy containers to replicate.
2019-06-13 20:30:16,024 INFO  hdfs.DFSUtil (DFSUtil.java:httpServerTemplateForNNAndJN(1641)) - Starting Web-server for hddsDatanode at: http://0.0.0.0:0
2019-06-13 20:30:16,025 INFO  server.AuthenticationFilter (AuthenticationFilter.java:constructSecretProvider(240)) - Unable to initialize FileSignerSecretProvider, falling back to use random secrets.
2019-06-13 20:30:16,026 WARN  http.HttpRequestLog (HttpRequestLog.java:getRequestLog(97)) - Jetty request log can only be enabled using Log4j
2019-06-13 20:30:16,027 INFO  http.HttpServer2 (HttpServer2.java:addGlobalFilter(975)) - Added global filter 'safety' (class=org.apache.hadoop.http.HttpServer2$QuotingInputFilter)
2019-06-13 20:30:16,027 INFO  http.HttpServer2 (HttpServer2.java:addFilter(948)) - Added filter static_user_filter (class=org.apache.hadoop.http.lib.StaticUserWebFilter$StaticUserFilter) to context hddsDatanode
2019-06-13 20:30:16,027 INFO  http.HttpServer2 (HttpServer2.java:addFilter(958)) - Added filter static_user_filter (class=org.apache.hadoop.http.lib.StaticUserWebFilter$StaticUserFilter) to context logs
2019-06-13 20:30:16,027 INFO  http.HttpServer2 (HttpServer2.java:addFilter(958)) - Added filter static_user_filter (class=org.apache.hadoop.http.lib.StaticUserWebFilter$StaticUserFilter) to context static
2019-06-13 20:30:16,028 INFO  http.HttpServer2 (HttpServer2.java:bindListener(1191)) - Jetty bound to port 39517
2019-06-13 20:30:16,028 INFO  server.Server (Server.java:doStart(351)) - jetty-9.3.24.v20180605, build timestamp: 2018-06-05T17:11:56Z, git hash: 84205aa28f11a4f31f2a3b86d1bba2cc8ab69827
2019-06-13 20:30:16,050 INFO  handler.ContextHandler (ContextHandler.java:doStart(781)) - Started o.e.j.s.ServletContextHandler@44a25dc7{/logs,file:///opt/src/hadoop-ozone/integration-test/target/log,AVAILABLE}
2019-06-13 20:30:16,050 INFO  handler.ContextHandler (ContextHandler.java:doStart(781)) - Started o.e.j.s.ServletContextHandler@4bacabc4{/static,jar:file:/root/.m2/repository/org/apache/hadoop/hadoop-hdds-container-service/0.5.0-SNAPSHOT/hadoop-hdds-container-service-0.5.0-SNAPSHOT.jar!/webapps/static,AVAILABLE}
2019-06-13 20:30:16,070 INFO  handler.ContextHandler (ContextHandler.java:doStart(781)) - Started o.e.j.w.WebAppContext@41a6ab50{/,file:///tmp/jetty-0.0.0.0-39517-hddsDatanode-_-any-5944435311432873768.dir/webapp/,AVAILABLE}{/hddsDatanode}
2019-06-13 20:30:16,071 INFO  server.AbstractConnector (AbstractConnector.java:doStart(278)) - Started ServerConnector@6dc98c02{HTTP/1.1,[http/1.1]}{0.0.0.0:39517}
2019-06-13 20:30:16,073 INFO  server.Server (Server.java:doStart(419)) - Started @103599ms
2019-06-13 20:30:16,076 INFO  server.BaseHttpServer (BaseHttpServer.java:updateConnectorAddress(207)) - HTTP server of HDDSDATANODE is listening at http://0.0.0.0:39517
2019-06-13 20:30:16,165 INFO  ozone.HddsDatanodeService (HddsDatanodeService.java:startPlugins(396)) - Started plug-in org.apache.hadoop.ozone.web.OzoneHddsDatanodeService@489e1887
2019-06-13 20:30:16,169 INFO  impl.MetricsSystemImpl (MetricsSystemImpl.java:init(158)) - HddsDatanode metrics system started (again)
2019-06-13 20:30:16,169 INFO  ozone.HddsDatanodeService (HddsDatanodeService.java:start(185)) - HddsDatanodeService host:ozone-n9fvl-1305937406 ip:192.168.46.63
2019-06-13 20:30:16,172 INFO  util.JvmPauseMonitor (JvmPauseMonitor.java:run(188)) - Starting JVM pause monitor
2019-06-13 20:30:16,175 INFO  datanode.InitDatanodeState (InitDatanodeState.java:persistContainerDatanodeDetails(140)) - DatanodeDetails is persisted to /opt/src/hadoop-ozone/integration-test/target/test-dir/MiniOzoneClusterImpl-9f56f186-143e-4947-9558-cd65e5d1d158/datanode-3/meta/datanode.id
2019-06-13 20:30:16,178 INFO  volume.HddsVolume (HddsVolume.java:<init>(176)) - Creating Volume: /opt/src/hadoop-ozone/integration-test/target/test-dir/MiniOzoneClusterImpl-9f56f186-143e-4947-9558-cd65e5d1d158/datanode-4/data/containers/hdds of  storage type : DISK and capacity : 104021790720
2019-06-13 20:30:16,178 INFO  volume.VolumeSet (VolumeSet.java:initializeVolumeSet(170)) - Added Volume : /opt/src/hadoop-ozone/integration-test/target/test-dir/MiniOzoneClusterImpl-9f56f186-143e-4947-9558-cd65e5d1d158/datanode-4/data/containers/hdds to VolumeSet
2019-06-13 20:30:16,178 INFO  volume.ThrottledAsyncChecker (ThrottledAsyncChecker.java:schedule(140)) - Scheduling a check for org.apache.hadoop.ozone.container.common.volume.HddsVolume@56d189d0
2019-06-13 20:30:16,181 INFO  volume.HddsVolumeChecker (HddsVolumeChecker.java:checkAllVolumes(203)) - Scheduled health check for volume org.apache.hadoop.ozone.container.common.volume.HddsVolume@56d189d0
2019-06-13 20:30:16,190 INFO  ratis.XceiverServerRatis (XceiverServerRatis.java:newXceiverServerRatis(401)) - Found a free port for the server : 40413
2019-06-13 20:30:16,191 INFO  impl.RaftServerProxy (ConfUtils.java:logGet(43)) - raft.rpc.type = GRPC (default)
2019-06-13 20:30:16,191 INFO  grpc.GrpcConfigKeys$Server (ConfUtils.java:logGet(43)) - raft.grpc.server.port = 40413 (custom)
2019-06-13 20:30:16,191 INFO  server.GrpcService (ConfUtils.java:logGet(43)) - raft.grpc.message.size.max = 33570816 (custom)
2019-06-13 20:30:16,191 INFO  server.RaftServerConfigKeys (ConfUtils.java:logGet(43)) - raft.server.log.appender.buffer.byte-limit = 33554432 (custom)
2019-06-13 20:30:16,192 INFO  server.GrpcService (ConfUtils.java:logGet(43)) - raft.grpc.flow.control.window = 1MB (=1048576) (default)
2019-06-13 20:30:16,192 INFO  server.RaftServerConfigKeys (ConfUtils.java:logGet(43)) - raft.server.rpc.request.timeout = 3000ms (default)
2019-06-13 20:30:16,192 INFO  server.RaftServerConfigKeys (ConfUtils.java:logGet(43)) - raft.server.storage.dir = [/opt/src/hadoop-ozone/integration-test/target/test-dir/MiniOzoneClusterImpl-9f56f186-143e-4947-9558-cd65e5d1d158/datanode-4/data/ratis] (custom)
2019-06-13 20:30:16,192 INFO  server.XceiverServerGrpc (XceiverServerGrpc.java:<init>(97)) - Found a free port for the server : 43969
2019-06-13 20:30:16,192 INFO  replication.SimpleContainerDownloader (SimpleContainerDownloader.java:<init>(72)) - Starting container downloader service to copy containers to replicate.
2019-06-13 20:30:16,194 INFO  hdfs.DFSUtil (DFSUtil.java:httpServerTemplateForNNAndJN(1641)) - Starting Web-server for hddsDatanode at: http://0.0.0.0:0
2019-06-13 20:30:16,195 INFO  server.AuthenticationFilter (AuthenticationFilter.java:constructSecretProvider(240)) - Unable to initialize FileSignerSecretProvider, falling back to use random secrets.
2019-06-13 20:30:16,195 WARN  http.HttpRequestLog (HttpRequestLog.java:getRequestLog(97)) - Jetty request log can only be enabled using Log4j
2019-06-13 20:30:16,196 INFO  http.HttpServer2 (HttpServer2.java:addGlobalFilter(975)) - Added global filter 'safety' (class=org.apache.hadoop.http.HttpServer2$QuotingInputFilter)
2019-06-13 20:30:16,196 INFO  http.HttpServer2 (HttpServer2.java:addFilter(948)) - Added filter static_user_filter (class=org.apache.hadoop.http.lib.StaticUserWebFilter$StaticUserFilter) to context hddsDatanode
2019-06-13 20:30:16,196 INFO  http.HttpServer2 (HttpServer2.java:addFilter(958)) - Added filter static_user_filter (class=org.apache.hadoop.http.lib.StaticUserWebFilter$StaticUserFilter) to context logs
2019-06-13 20:30:16,196 INFO  http.HttpServer2 (HttpServer2.java:addFilter(958)) - Added filter static_user_filter (class=org.apache.hadoop.http.lib.StaticUserWebFilter$StaticUserFilter) to context static
2019-06-13 20:30:16,197 INFO  http.HttpServer2 (HttpServer2.java:bindListener(1191)) - Jetty bound to port 40309
2019-06-13 20:30:16,197 INFO  server.Server (Server.java:doStart(351)) - jetty-9.3.24.v20180605, build timestamp: 2018-06-05T17:11:56Z, git hash: 84205aa28f11a4f31f2a3b86d1bba2cc8ab69827
2019-06-13 20:30:16,203 INFO  handler.ContextHandler (ContextHandler.java:doStart(781)) - Started o.e.j.s.ServletContextHandler@555454c7{/logs,file:///opt/src/hadoop-ozone/integration-test/target/log,AVAILABLE}
2019-06-13 20:30:16,203 INFO  handler.ContextHandler (ContextHandler.java:doStart(781)) - Started o.e.j.s.ServletContextHandler@56a63c28{/static,jar:file:/root/.m2/repository/org/apache/hadoop/hadoop-hdds-container-service/0.5.0-SNAPSHOT/hadoop-hdds-container-service-0.5.0-SNAPSHOT.jar!/webapps/static,AVAILABLE}
2019-06-13 20:30:16,224 INFO  handler.ContextHandler (ContextHandler.java:doStart(781)) - Started o.e.j.w.WebAppContext@79177bc{/,file:///tmp/jetty-0.0.0.0-40309-hddsDatanode-_-any-5576285238646910907.dir/webapp/,AVAILABLE}{/hddsDatanode}
2019-06-13 20:30:16,224 INFO  server.AbstractConnector (AbstractConnector.java:doStart(278)) - Started ServerConnector@3fe33c59{HTTP/1.1,[http/1.1]}{0.0.0.0:40309}
2019-06-13 20:30:16,226 INFO  server.Server (Server.java:doStart(419)) - Started @103752ms
2019-06-13 20:30:16,226 INFO  server.BaseHttpServer (BaseHttpServer.java:updateConnectorAddress(207)) - HTTP server of HDDSDATANODE is listening at http://0.0.0.0:40309
2019-06-13 20:30:16,304 INFO  ozone.HddsDatanodeService (HddsDatanodeService.java:startPlugins(396)) - Started plug-in org.apache.hadoop.ozone.web.OzoneHddsDatanodeService@834529e
2019-06-13 20:30:16,304 INFO  impl.MetricsSystemImpl (MetricsSystemImpl.java:init(158)) - HddsDatanode metrics system started (again)
2019-06-13 20:30:16,305 INFO  ozone.HddsDatanodeService (HddsDatanodeService.java:start(185)) - HddsDatanodeService host:ozone-n9fvl-1305937406 ip:192.168.46.63
2019-06-13 20:30:16,305 INFO  util.JvmPauseMonitor (JvmPauseMonitor.java:run(188)) - Starting JVM pause monitor
2019-06-13 20:30:16,306 INFO  datanode.InitDatanodeState (InitDatanodeState.java:persistContainerDatanodeDetails(140)) - DatanodeDetails is persisted to /opt/src/hadoop-ozone/integration-test/target/test-dir/MiniOzoneClusterImpl-9f56f186-143e-4947-9558-cd65e5d1d158/datanode-4/meta/datanode.id
2019-06-13 20:30:16,315 INFO  volume.HddsVolume (HddsVolume.java:<init>(176)) - Creating Volume: /opt/src/hadoop-ozone/integration-test/target/test-dir/MiniOzoneClusterImpl-9f56f186-143e-4947-9558-cd65e5d1d158/datanode-5/data/containers/hdds of  storage type : DISK and capacity : 104021790720
2019-06-13 20:30:16,315 INFO  volume.VolumeSet (VolumeSet.java:initializeVolumeSet(170)) - Added Volume : /opt/src/hadoop-ozone/integration-test/target/test-dir/MiniOzoneClusterImpl-9f56f186-143e-4947-9558-cd65e5d1d158/datanode-5/data/containers/hdds to VolumeSet
2019-06-13 20:30:16,315 INFO  volume.ThrottledAsyncChecker (ThrottledAsyncChecker.java:schedule(140)) - Scheduling a check for org.apache.hadoop.ozone.container.common.volume.HddsVolume@3533b614
2019-06-13 20:30:16,315 INFO  volume.HddsVolumeChecker (HddsVolumeChecker.java:checkAllVolumes(203)) - Scheduled health check for volume org.apache.hadoop.ozone.container.common.volume.HddsVolume@3533b614
2019-06-13 20:30:16,323 INFO  ratis.XceiverServerRatis (XceiverServerRatis.java:newXceiverServerRatis(401)) - Found a free port for the server : 41321
2019-06-13 20:30:16,326 INFO  impl.RaftServerProxy (ConfUtils.java:logGet(43)) - raft.rpc.type = GRPC (default)
2019-06-13 20:30:16,326 INFO  grpc.GrpcConfigKeys$Server (ConfUtils.java:logGet(43)) - raft.grpc.server.port = 41321 (custom)
2019-06-13 20:30:16,326 INFO  server.GrpcService (ConfUtils.java:logGet(43)) - raft.grpc.message.size.max = 33570816 (custom)
2019-06-13 20:30:16,326 INFO  server.RaftServerConfigKeys (ConfUtils.java:logGet(43)) - raft.server.log.appender.buffer.byte-limit = 33554432 (custom)
2019-06-13 20:30:16,326 INFO  server.GrpcService (ConfUtils.java:logGet(43)) - raft.grpc.flow.control.window = 1MB (=1048576) (default)
2019-06-13 20:30:16,326 INFO  server.RaftServerConfigKeys (ConfUtils.java:logGet(43)) - raft.server.rpc.request.timeout = 3000ms (default)
2019-06-13 20:30:16,327 INFO  server.RaftServerConfigKeys (ConfUtils.java:logGet(43)) - raft.server.storage.dir = [/opt/src/hadoop-ozone/integration-test/target/test-dir/MiniOzoneClusterImpl-9f56f186-143e-4947-9558-cd65e5d1d158/datanode-5/data/ratis] (custom)
2019-06-13 20:30:16,327 INFO  server.XceiverServerGrpc (XceiverServerGrpc.java:<init>(97)) - Found a free port for the server : 44033
2019-06-13 20:30:16,327 INFO  replication.SimpleContainerDownloader (SimpleContainerDownloader.java:<init>(72)) - Starting container downloader service to copy containers to replicate.
2019-06-13 20:30:16,328 INFO  hdfs.DFSUtil (DFSUtil.java:httpServerTemplateForNNAndJN(1641)) - Starting Web-server for hddsDatanode at: http://0.0.0.0:0
2019-06-13 20:30:16,329 INFO  server.AuthenticationFilter (AuthenticationFilter.java:constructSecretProvider(240)) - Unable to initialize FileSignerSecretProvider, falling back to use random secrets.
2019-06-13 20:30:16,329 WARN  http.HttpRequestLog (HttpRequestLog.java:getRequestLog(97)) - Jetty request log can only be enabled using Log4j
2019-06-13 20:30:16,330 INFO  http.HttpServer2 (HttpServer2.java:addGlobalFilter(975)) - Added global filter 'safety' (class=org.apache.hadoop.http.HttpServer2$QuotingInputFilter)
2019-06-13 20:30:16,331 INFO  http.HttpServer2 (HttpServer2.java:addFilter(948)) - Added filter static_user_filter (class=org.apache.hadoop.http.lib.StaticUserWebFilter$StaticUserFilter) to context hddsDatanode
2019-06-13 20:30:16,331 INFO  http.HttpServer2 (HttpServer2.java:addFilter(958)) - Added filter static_user_filter (class=org.apache.hadoop.http.lib.StaticUserWebFilter$StaticUserFilter) to context logs
2019-06-13 20:30:16,331 INFO  http.HttpServer2 (HttpServer2.java:addFilter(958)) - Added filter static_user_filter (class=org.apache.hadoop.http.lib.StaticUserWebFilter$StaticUserFilter) to context static
2019-06-13 20:30:16,331 INFO  http.HttpServer2 (HttpServer2.java:bindListener(1191)) - Jetty bound to port 45775
2019-06-13 20:30:16,331 INFO  server.Server (Server.java:doStart(351)) - jetty-9.3.24.v20180605, build timestamp: 2018-06-05T17:11:56Z, git hash: 84205aa28f11a4f31f2a3b86d1bba2cc8ab69827
2019-06-13 20:30:16,332 INFO  handler.ContextHandler (ContextHandler.java:doStart(781)) - Started o.e.j.s.ServletContextHandler@1f5aac08{/logs,file:///opt/src/hadoop-ozone/integration-test/target/log,AVAILABLE}
2019-06-13 20:30:16,333 INFO  handler.ContextHandler (ContextHandler.java:doStart(781)) - Started o.e.j.s.ServletContextHandler@86abdbd{/static,jar:file:/root/.m2/repository/org/apache/hadoop/hadoop-hdds-container-service/0.5.0-SNAPSHOT/hadoop-hdds-container-service-0.5.0-SNAPSHOT.jar!/webapps/static,AVAILABLE}
2019-06-13 20:30:16,361 INFO  handler.ContextHandler (ContextHandler.java:doStart(781)) - Started o.e.j.w.WebAppContext@27ca8a5a{/,file:///tmp/jetty-0.0.0.0-45775-hddsDatanode-_-any-3215183427147185657.dir/webapp/,AVAILABLE}{/hddsDatanode}
2019-06-13 20:30:16,361 INFO  server.AbstractConnector (AbstractConnector.java:doStart(278)) - Started ServerConnector@62604ed4{HTTP/1.1,[http/1.1]}{0.0.0.0:45775}
2019-06-13 20:30:16,363 INFO  server.Server (Server.java:doStart(419)) - Started @103890ms
2019-06-13 20:30:16,364 INFO  server.BaseHttpServer (BaseHttpServer.java:updateConnectorAddress(207)) - HTTP server of HDDSDATANODE is listening at http://0.0.0.0:45775
2019-06-13 20:30:16,492 INFO  ozone.HddsDatanodeService (HddsDatanodeService.java:startPlugins(396)) - Started plug-in org.apache.hadoop.ozone.web.OzoneHddsDatanodeService@3ae5cbb9
2019-06-13 20:30:16,493 INFO  ozone.MiniOzoneClusterImpl (MiniOzoneClusterImpl.java:lambda$waitForClusterToBeReady$0(142)) - Waiting for cluster to be ready. Got 0 of 6 DN Heartbeats.
2019-06-13 20:30:16,501 INFO  util.JvmPauseMonitor (JvmPauseMonitor.java:run(188)) - Starting JVM pause monitor
2019-06-13 20:30:16,501 INFO  datanode.InitDatanodeState (InitDatanodeState.java:persistContainerDatanodeDetails(140)) - DatanodeDetails is persisted to /opt/src/hadoop-ozone/integration-test/target/test-dir/MiniOzoneClusterImpl-9f56f186-143e-4947-9558-cd65e5d1d158/datanode-5/meta/datanode.id
2019-06-13 20:30:17,390 WARN  events.EventQueue (EventQueue.java:fireEvent(147)) - Processing of TypedEvent{payloadType=DatanodeDetails, name='Stale_Node'} is skipped, EventQueue is not running
2019-06-13 20:30:17,490 WARN  events.EventQueue (EventQueue.java:fireEvent(147)) - Processing of TypedEvent{payloadType=DatanodeDetails, name='Stale_Node'} is skipped, EventQueue is not running
2019-06-13 20:30:17,490 WARN  events.EventQueue (EventQueue.java:fireEvent(147)) - Processing of TypedEvent{payloadType=DatanodeDetails, name='Stale_Node'} is skipped, EventQueue is not running
2019-06-13 20:30:17,490 WARN  events.EventQueue (EventQueue.java:fireEvent(147)) - Processing of TypedEvent{payloadType=DatanodeDetails, name='Stale_Node'} is skipped, EventQueue is not running
2019-06-13 20:30:17,493 INFO  ozone.MiniOzoneClusterImpl (MiniOzoneClusterImpl.java:lambda$waitForClusterToBeReady$0(142)) - Waiting for cluster to be ready. Got 0 of 6 DN Heartbeats.
2019-06-13 20:30:17,633 INFO  ozoneimpl.OzoneContainer (OzoneContainer.java:start(186)) - Attempting to start container services.
2019-06-13 20:30:17,633 INFO  ozoneimpl.OzoneContainer (OzoneContainer.java:startContainerScrub(160)) - Background container scrubber has been disabled by hdds.containerscrub.enabled
2019-06-13 20:30:17,633 INFO  ratis.XceiverServerRatis (XceiverServerRatis.java:start(418)) - Starting XceiverServerRatis 22b29415-0695-431e-951c-2892c6f6650d at port 37109
2019-06-13 20:30:17,636 INFO  impl.RaftServerProxy (RaftServerProxy.java:lambda$start$3(299)) - 22b29415-0695-431e-951c-2892c6f6650d: start RPC server
2019-06-13 20:30:17,637 INFO  server.GrpcService (GrpcService.java:startImpl(148)) - 22b29415-0695-431e-951c-2892c6f6650d: GrpcService started, listening on 0.0.0.0/0.0.0.0:37109
2019-06-13 20:30:17,846 INFO  ozoneimpl.OzoneContainer (OzoneContainer.java:start(186)) - Attempting to start container services.
2019-06-13 20:30:17,846 INFO  ozoneimpl.OzoneContainer (OzoneContainer.java:startContainerScrub(160)) - Background container scrubber has been disabled by hdds.containerscrub.enabled
2019-06-13 20:30:17,846 INFO  ratis.XceiverServerRatis (XceiverServerRatis.java:start(418)) - Starting XceiverServerRatis e4c386a8-2a4f-4f79-9f0b-ee4a7c9ff7ae at port 39265
2019-06-13 20:30:17,866 INFO  impl.RaftServerProxy (RaftServerProxy.java:lambda$start$3(299)) - e4c386a8-2a4f-4f79-9f0b-ee4a7c9ff7ae: start RPC server
2019-06-13 20:30:17,867 INFO  server.GrpcService (GrpcService.java:startImpl(148)) - e4c386a8-2a4f-4f79-9f0b-ee4a7c9ff7ae: GrpcService started, listening on 0.0.0.0/0.0.0.0:39265
2019-06-13 20:30:18,009 INFO  ozoneimpl.OzoneContainer (OzoneContainer.java:start(186)) - Attempting to start container services.
2019-06-13 20:30:18,009 INFO  ozoneimpl.OzoneContainer (OzoneContainer.java:startContainerScrub(160)) - Background container scrubber has been disabled by hdds.containerscrub.enabled
2019-06-13 20:30:18,009 INFO  ratis.XceiverServerRatis (XceiverServerRatis.java:start(418)) - Starting XceiverServerRatis 261e0795-f08f-4b3c-911e-83d1f7026d37 at port 45275
2019-06-13 20:30:18,013 INFO  impl.RaftServerProxy (RaftServerProxy.java:lambda$start$3(299)) - 261e0795-f08f-4b3c-911e-83d1f7026d37: start RPC server
2019-06-13 20:30:18,013 INFO  server.GrpcService (GrpcService.java:startImpl(148)) - 261e0795-f08f-4b3c-911e-83d1f7026d37: GrpcService started, listening on 0.0.0.0/0.0.0.0:45275
2019-06-13 20:30:18,175 INFO  ozoneimpl.OzoneContainer (OzoneContainer.java:start(186)) - Attempting to start container services.
2019-06-13 20:30:18,175 INFO  ozoneimpl.OzoneContainer (OzoneContainer.java:startContainerScrub(160)) - Background container scrubber has been disabled by hdds.containerscrub.enabled
2019-06-13 20:30:18,175 INFO  ratis.XceiverServerRatis (XceiverServerRatis.java:start(418)) - Starting XceiverServerRatis 4de7d373-d045-4ed9-9739-46b1e0b3a45d at port 44015
2019-06-13 20:30:18,178 INFO  impl.RaftServerProxy (RaftServerProxy.java:lambda$start$3(299)) - 4de7d373-d045-4ed9-9739-46b1e0b3a45d: start RPC server
2019-06-13 20:30:18,179 INFO  server.GrpcService (GrpcService.java:startImpl(148)) - 4de7d373-d045-4ed9-9739-46b1e0b3a45d: GrpcService started, listening on 0.0.0.0/0.0.0.0:44015
2019-06-13 20:30:18,307 INFO  ozoneimpl.OzoneContainer (OzoneContainer.java:start(186)) - Attempting to start container services.
2019-06-13 20:30:18,308 INFO  ozoneimpl.OzoneContainer (OzoneContainer.java:startContainerScrub(160)) - Background container scrubber has been disabled by hdds.containerscrub.enabled
2019-06-13 20:30:18,308 INFO  ratis.XceiverServerRatis (XceiverServerRatis.java:start(418)) - Starting XceiverServerRatis c88b245e-35c2-429a-97d8-bed396254347 at port 40413
2019-06-13 20:30:18,311 INFO  impl.RaftServerProxy (RaftServerProxy.java:lambda$start$3(299)) - c88b245e-35c2-429a-97d8-bed396254347: start RPC server
2019-06-13 20:30:18,311 INFO  server.GrpcService (GrpcService.java:startImpl(148)) - c88b245e-35c2-429a-97d8-bed396254347: GrpcService started, listening on 0.0.0.0/0.0.0.0:40413
2019-06-13 20:30:18,493 INFO  ozone.MiniOzoneClusterImpl (MiniOzoneClusterImpl.java:lambda$waitForClusterToBeReady$0(142)) - Waiting for cluster to be ready. Got 0 of 6 DN Heartbeats.
2019-06-13 20:30:18,503 INFO  ozoneimpl.OzoneContainer (OzoneContainer.java:start(186)) - Attempting to start container services.
2019-06-13 20:30:18,503 INFO  ozoneimpl.OzoneContainer (OzoneContainer.java:startContainerScrub(160)) - Background container scrubber has been disabled by hdds.containerscrub.enabled
2019-06-13 20:30:18,503 INFO  ratis.XceiverServerRatis (XceiverServerRatis.java:start(418)) - Starting XceiverServerRatis 7b057c23-7078-42bd-895a-3a844d9bbeaa at port 41321
2019-06-13 20:30:18,508 INFO  impl.RaftServerProxy (RaftServerProxy.java:lambda$start$3(299)) - 7b057c23-7078-42bd-895a-3a844d9bbeaa: start RPC server
2019-06-13 20:30:18,509 INFO  server.GrpcService (GrpcService.java:startImpl(148)) - 7b057c23-7078-42bd-895a-3a844d9bbeaa: GrpcService started, listening on 0.0.0.0/0.0.0.0:41321
2019-06-13 20:30:19,493 INFO  ozone.MiniOzoneClusterImpl (MiniOzoneClusterImpl.java:lambda$waitForClusterToBeReady$0(142)) - Waiting for cluster to be ready. Got 0 of 6 DN Heartbeats.
2019-06-13 20:30:19,627 INFO  node.SCMNodeManager (SCMNodeManager.java:register(234)) - Registered Data node : 22b29415-0695-431e-951c-2892c6f6650d{ip: 192.168.46.63, host: ozone-n9fvl-1305937406, networkLocation: /default-rack, certSerialId: null}
2019-06-13 20:30:19,629 INFO  safemode.SCMSafeModeManager (DataNodeSafeModeRule.java:process(71)) - SCM in safe mode. 1 DataNodes registered, 1 required.
2019-06-13 20:30:19,635 INFO  safemode.SCMSafeModeManager (SCMSafeModeManager.java:validateSafeModeExitRules(177)) - ScmSafeModeManager, all rules are successfully validated
2019-06-13 20:30:19,635 INFO  safemode.SCMSafeModeManager (SCMSafeModeManager.java:exitSafeMode(193)) - SCM exiting safe mode.
2019-06-13 20:30:19,644 INFO  impl.RaftServerProxy (RaftServerProxy.java:addNew(89)) - 22b29415-0695-431e-951c-2892c6f6650d: addNew group-833B95B6A5E6:[22b29415-0695-431e-951c-2892c6f6650d:192.168.46.63:37109] returns group-833B95B6A5E6:java.util.concurrent.CompletableFuture@5f1c8fc2[Not completed]
2019-06-13 20:30:19,644 INFO  impl.RaftServerImpl (RaftServerImpl.java:<init>(91)) - 22b29415-0695-431e-951c-2892c6f6650d: new RaftServerImpl for group-833B95B6A5E6:[22b29415-0695-431e-951c-2892c6f6650d:192.168.46.63:37109] with ContainerStateMachine:uninitialized
2019-06-13 20:30:19,644 INFO  server.RaftServerConfigKeys (ConfUtils.java:logGet(43)) - raft.server.rpc.timeout.min = 1s (custom)
2019-06-13 20:30:19,645 INFO  server.RaftServerConfigKeys (ConfUtils.java:logGet(43)) - raft.server.rpc.timeout.max = 1200ms (custom)
2019-06-13 20:30:19,645 INFO  server.RaftServerConfigKeys (ConfUtils.java:logGet(43)) - raft.server.rpcslowness.timeout = 120s (custom)
2019-06-13 20:30:19,645 INFO  server.RaftServerConfigKeys (ConfUtils.java:logGet(43)) - raft.server.log.appender.install.snapshot.enabled = true (default)
2019-06-13 20:30:19,645 INFO  impl.RaftServerImpl (ServerState.java:<init>(101)) - 22b29415-0695-431e-951c-2892c6f6650d:group-833B95B6A5E6 ConfigurationManager, init=-1: [22b29415-0695-431e-951c-2892c6f6650d:192.168.46.63:37109], old=null, confs=<EMPTY_MAP>
2019-06-13 20:30:19,645 INFO  server.RaftServerConfigKeys (ConfUtils.java:logGet(43)) - raft.server.storage.dir = [/opt/src/hadoop-ozone/integration-test/target/test-dir/MiniOzoneClusterImpl-9f56f186-143e-4947-9558-cd65e5d1d158/datanode-0/data/ratis] (custom)
2019-06-13 20:30:19,645 INFO  storage.RaftStorageDirectory (RaftStorageDirectory.java:analyzeStorage(246)) - The storage directory /opt/src/hadoop-ozone/integration-test/target/test-dir/MiniOzoneClusterImpl-9f56f186-143e-4947-9558-cd65e5d1d158/datanode-0/data/ratis/0c8ff108-2402-40ea-b655-833b95b6a5e6 does not exist. Creating ...
2019-06-13 20:30:19,647 INFO  storage.RaftStorageDirectory (RaftStorageDirectory.java:tryLock(328)) - Lock on /opt/src/hadoop-ozone/integration-test/target/test-dir/MiniOzoneClusterImpl-9f56f186-143e-4947-9558-cd65e5d1d158/datanode-0/data/ratis/0c8ff108-2402-40ea-b655-833b95b6a5e6/in_use.lock acquired by nodename 14802@ozone-n9fvl-1305937406
2019-06-13 20:30:19,650 INFO  storage.RaftStorage (RaftStorage.java:format(75)) - Storage directory /opt/src/hadoop-ozone/integration-test/target/test-dir/MiniOzoneClusterImpl-9f56f186-143e-4947-9558-cd65e5d1d158/datanode-0/data/ratis/0c8ff108-2402-40ea-b655-833b95b6a5e6 has been successfully formatted.
2019-06-13 20:30:19,650 INFO  ratis.ContainerStateMachine (ContainerStateMachine.java:loadSnapshot(199)) - The snapshot info is null.Setting the last applied index to:(t:0, i:~)
2019-06-13 20:30:19,650 INFO  server.RaftServerConfigKeys (ConfUtils.java:logGet(43)) - raft.server.leader.election.timeout = 120s (custom)
2019-06-13 20:30:19,650 INFO  server.RaftServerConfigKeys (ConfUtils.java:logGet(43)) - raft.server.log.use.memory = false (default)
2019-06-13 20:30:19,650 INFO  server.RaftServerConfigKeys (ConfUtils.java:logGet(43)) - raft.server.log.appender.buffer.byte-limit = 33554432 (custom)
2019-06-13 20:30:19,650 INFO  server.RaftServerConfigKeys (ConfUtils.java:logGet(43)) - raft.server.log.segment.size.max = 16384 (custom)
2019-06-13 20:30:19,650 INFO  server.RaftServerConfigKeys (ConfUtils.java:logGet(43)) - raft.server.log.segment.cache.num.max = 2 (custom)
2019-06-13 20:30:19,650 INFO  storage.RaftLogWorker (RaftLogWorker.java:<init>(123)) - new 22b29415-0695-431e-951c-2892c6f6650d-RaftLogWorker for Storage Directory /opt/src/hadoop-ozone/integration-test/target/test-dir/MiniOzoneClusterImpl-9f56f186-143e-4947-9558-cd65e5d1d158/datanode-0/data/ratis/0c8ff108-2402-40ea-b655-833b95b6a5e6
2019-06-13 20:30:19,650 INFO  server.RaftServerConfigKeys (ConfUtils.java:logGet(43)) - raft.server.log.queue.byte-limit = 2147483647 (custom)
2019-06-13 20:30:19,651 INFO  server.RaftServerConfigKeys (ConfUtils.java:logGet(43)) - raft.server.log.queue.element-limit = 1024 (custom)
2019-06-13 20:30:19,651 INFO  server.RaftServerConfigKeys (ConfUtils.java:logGet(43)) - raft.server.log.segment.size.max = 16384 (custom)
2019-06-13 20:30:19,651 INFO  server.RaftServerConfigKeys (ConfUtils.java:logGet(43)) - raft.server.log.preallocated.size = 16384 (custom)
2019-06-13 20:30:19,651 INFO  server.RaftServerConfigKeys (ConfUtils.java:logGet(43)) - raft.server.log.write.buffer.size = 33554432 (custom)
2019-06-13 20:30:19,651 INFO  server.RaftServerConfigKeys (ConfUtils.java:logGet(43)) - raft.server.log.force.sync.num = 128 (default)
2019-06-13 20:30:19,651 INFO  server.RaftServerConfigKeys (ConfUtils.java:logGet(43)) - raft.server.log.statemachine.data.sync = true (default)
2019-06-13 20:30:19,651 INFO  server.RaftServerConfigKeys (ConfUtils.java:logGet(43)) - raft.server.log.statemachine.data.sync.timeout = 10s (default)
2019-06-13 20:30:19,651 INFO  server.RaftServerConfigKeys (ConfUtils.java:logGet(43)) - raft.server.log.statemachine.data.sync.timeout.retry = -1 (default)
2019-06-13 20:30:19,651 INFO  server.RaftServerConfigKeys (ConfUtils.java:logGet(43)) - raft.server.log.statemachine.data.caching.enabled = true (custom)
2019-06-13 20:30:19,651 INFO  server.RaftServerConfigKeys (ConfUtils.java:logGet(43)) - raft.server.snapshot.auto.trigger.enabled = true (custom)
2019-06-13 20:30:19,651 INFO  server.RaftServerConfigKeys (ConfUtils.java:logGet(43)) - raft.server.snapshot.auto.trigger.threshold = 10000 (custom)
2019-06-13 20:30:19,652 INFO  server.RaftServerConfigKeys (ConfUtils.java:logGet(43)) - raft.server.retrycache.expirytime = 600000ms (custom)
2019-06-13 20:30:19,652 INFO  impl.RaftServerImpl (RaftServerImpl.java:start(173)) - 22b29415-0695-431e-951c-2892c6f6650d: start group-833B95B6A5E6
2019-06-13 20:30:19,652 INFO  impl.RaftServerImpl (RaftServerImpl.java:setRole(164)) - 22b29415-0695-431e-951c-2892c6f6650d:group-833B95B6A5E6 changes role from null to FOLLOWER at term 0 for startAsFollower
2019-06-13 20:30:19,652 INFO  impl.RoleInfo (RoleInfo.java:updateAndGet(143)) - 22b29415-0695-431e-951c-2892c6f6650d: start FollowerState
2019-06-13 20:30:19,652 INFO  util.JmxRegister (JmxRegister.java:tryRegister(44)) - Successfully registered JMX Bean with object name Ratis:service=RaftServer,group=group-833B95B6A5E6,id=22b29415-0695-431e-951c-2892c6f6650d
2019-06-13 20:30:19,655 INFO  pipeline.PipelineStateManager (PipelineStateManager.java:addPipeline(56)) - Created pipeline Pipeline[ Id: 0c8ff108-2402-40ea-b655-833b95b6a5e6, Nodes: 22b29415-0695-431e-951c-2892c6f6650d{ip: 192.168.46.63, host: ozone-n9fvl-1305937406, networkLocation: /default-rack, certSerialId: null}, Type:RATIS, Factor:ONE, State:OPEN]
2019-06-13 20:30:19,844 INFO  node.SCMNodeManager (SCMNodeManager.java:register(234)) - Registered Data node : e4c386a8-2a4f-4f79-9f0b-ee4a7c9ff7ae{ip: 192.168.46.63, host: ozone-n9fvl-1305937406, networkLocation: /default-rack, certSerialId: null}
2019-06-13 20:30:19,848 INFO  impl.RaftServerProxy (RaftServerProxy.java:addNew(89)) - e4c386a8-2a4f-4f79-9f0b-ee4a7c9ff7ae: addNew group-457D58687670:[e4c386a8-2a4f-4f79-9f0b-ee4a7c9ff7ae:192.168.46.63:39265] returns group-457D58687670:java.util.concurrent.CompletableFuture@769b371b[Not completed]
2019-06-13 20:30:19,849 INFO  impl.RaftServerImpl (RaftServerImpl.java:<init>(91)) - e4c386a8-2a4f-4f79-9f0b-ee4a7c9ff7ae: new RaftServerImpl for group-457D58687670:[e4c386a8-2a4f-4f79-9f0b-ee4a7c9ff7ae:192.168.46.63:39265] with ContainerStateMachine:uninitialized
2019-06-13 20:30:19,849 INFO  server.RaftServerConfigKeys (ConfUtils.java:logGet(43)) - raft.server.rpc.timeout.min = 1s (custom)
2019-06-13 20:30:19,849 INFO  server.RaftServerConfigKeys (ConfUtils.java:logGet(43)) - raft.server.rpc.timeout.max = 1200ms (custom)
2019-06-13 20:30:19,849 INFO  server.RaftServerConfigKeys (ConfUtils.java:logGet(43)) - raft.server.rpcslowness.timeout = 120s (custom)
2019-06-13 20:30:19,849 INFO  server.RaftServerConfigKeys (ConfUtils.java:logGet(43)) - raft.server.log.appender.install.snapshot.enabled = true (default)
2019-06-13 20:30:19,849 INFO  impl.RaftServerImpl (ServerState.java:<init>(101)) - e4c386a8-2a4f-4f79-9f0b-ee4a7c9ff7ae:group-457D58687670 ConfigurationManager, init=-1: [e4c386a8-2a4f-4f79-9f0b-ee4a7c9ff7ae:192.168.46.63:39265], old=null, confs=<EMPTY_MAP>
2019-06-13 20:30:19,849 INFO  server.RaftServerConfigKeys (ConfUtils.java:logGet(43)) - raft.server.storage.dir = [/opt/src/hadoop-ozone/integration-test/target/test-dir/MiniOzoneClusterImpl-9f56f186-143e-4947-9558-cd65e5d1d158/datanode-1/data/ratis] (custom)
2019-06-13 20:30:19,850 INFO  storage.RaftStorageDirectory (RaftStorageDirectory.java:analyzeStorage(246)) - The storage directory /opt/src/hadoop-ozone/integration-test/target/test-dir/MiniOzoneClusterImpl-9f56f186-143e-4947-9558-cd65e5d1d158/datanode-1/data/ratis/d9761589-cbee-4e60-95bd-457d58687670 does not exist. Creating ...
2019-06-13 20:30:19,851 INFO  storage.RaftStorageDirectory (RaftStorageDirectory.java:tryLock(328)) - Lock on /opt/src/hadoop-ozone/integration-test/target/test-dir/MiniOzoneClusterImpl-9f56f186-143e-4947-9558-cd65e5d1d158/datanode-1/data/ratis/d9761589-cbee-4e60-95bd-457d58687670/in_use.lock acquired by nodename 14802@ozone-n9fvl-1305937406
2019-06-13 20:30:19,853 INFO  storage.RaftStorage (RaftStorage.java:format(75)) - Storage directory /opt/src/hadoop-ozone/integration-test/target/test-dir/MiniOzoneClusterImpl-9f56f186-143e-4947-9558-cd65e5d1d158/datanode-1/data/ratis/d9761589-cbee-4e60-95bd-457d58687670 has been successfully formatted.
2019-06-13 20:30:19,853 INFO  ratis.ContainerStateMachine (ContainerStateMachine.java:loadSnapshot(199)) - The snapshot info is null.Setting the last applied index to:(t:0, i:~)
2019-06-13 20:30:19,853 INFO  server.RaftServerConfigKeys (ConfUtils.java:logGet(43)) - raft.server.leader.election.timeout = 120s (custom)
2019-06-13 20:30:19,854 INFO  server.RaftServerConfigKeys (ConfUtils.java:logGet(43)) - raft.server.log.use.memory = false (default)
2019-06-13 20:30:19,854 INFO  server.RaftServerConfigKeys (ConfUtils.java:logGet(43)) - raft.server.log.appender.buffer.byte-limit = 33554432 (custom)
2019-06-13 20:30:19,854 INFO  server.RaftServerConfigKeys (ConfUtils.java:logGet(43)) - raft.server.log.segment.size.max = 16384 (custom)
2019-06-13 20:30:19,854 INFO  server.RaftServerConfigKeys (ConfUtils.java:logGet(43)) - raft.server.log.segment.cache.num.max = 2 (custom)
2019-06-13 20:30:19,854 INFO  storage.RaftLogWorker (RaftLogWorker.java:<init>(123)) - new e4c386a8-2a4f-4f79-9f0b-ee4a7c9ff7ae-RaftLogWorker for Storage Directory /opt/src/hadoop-ozone/integration-test/target/test-dir/MiniOzoneClusterImpl-9f56f186-143e-4947-9558-cd65e5d1d158/datanode-1/data/ratis/d9761589-cbee-4e60-95bd-457d58687670
2019-06-13 20:30:19,854 INFO  server.RaftServerConfigKeys (ConfUtils.java:logGet(43)) - raft.server.log.queue.byte-limit = 2147483647 (custom)
2019-06-13 20:30:19,854 INFO  server.RaftServerConfigKeys (ConfUtils.java:logGet(43)) - raft.server.log.queue.element-limit = 1024 (custom)
2019-06-13 20:30:19,854 INFO  server.RaftServerConfigKeys (ConfUtils.java:logGet(43)) - raft.server.log.segment.size.max = 16384 (custom)
2019-06-13 20:30:19,854 INFO  server.RaftServerConfigKeys (ConfUtils.java:logGet(43)) - raft.server.log.preallocated.size = 16384 (custom)
2019-06-13 20:30:19,854 INFO  server.RaftServerConfigKeys (ConfUtils.java:logGet(43)) - raft.server.log.write.buffer.size = 33554432 (custom)
2019-06-13 20:30:19,854 INFO  server.RaftServerConfigKeys (ConfUtils.java:logGet(43)) - raft.server.log.force.sync.num = 128 (default)
2019-06-13 20:30:19,854 INFO  server.RaftServerConfigKeys (ConfUtils.java:logGet(43)) - raft.server.log.statemachine.data.sync = true (default)
2019-06-13 20:30:19,854 INFO  server.RaftServerConfigKeys (ConfUtils.java:logGet(43)) - raft.server.log.statemachine.data.sync.timeout = 10s (default)
2019-06-13 20:30:19,854 INFO  server.RaftServerConfigKeys (ConfUtils.java:logGet(43)) - raft.server.log.statemachine.data.sync.timeout.retry = -1 (default)
2019-06-13 20:30:19,854 INFO  server.RaftServerConfigKeys (ConfUtils.java:logGet(43)) - raft.server.log.statemachine.data.caching.enabled = true (custom)
2019-06-13 20:30:19,855 INFO  server.RaftServerConfigKeys (ConfUtils.java:logGet(43)) - raft.server.snapshot.auto.trigger.enabled = true (custom)
2019-06-13 20:30:19,855 INFO  server.RaftServerConfigKeys (ConfUtils.java:logGet(43)) - raft.server.snapshot.auto.trigger.threshold = 10000 (custom)
2019-06-13 20:30:19,855 INFO  server.RaftServerConfigKeys (ConfUtils.java:logGet(43)) - raft.server.retrycache.expirytime = 600000ms (custom)
2019-06-13 20:30:19,855 INFO  impl.RaftServerImpl (RaftServerImpl.java:start(173)) - e4c386a8-2a4f-4f79-9f0b-ee4a7c9ff7ae: start group-457D58687670
2019-06-13 20:30:19,855 INFO  impl.RaftServerImpl (RaftServerImpl.java:setRole(164)) - e4c386a8-2a4f-4f79-9f0b-ee4a7c9ff7ae:group-457D58687670 changes role from null to FOLLOWER at term 0 for startAsFollower
2019-06-13 20:30:19,855 INFO  impl.RoleInfo (RoleInfo.java:updateAndGet(143)) - e4c386a8-2a4f-4f79-9f0b-ee4a7c9ff7ae: start FollowerState
2019-06-13 20:30:19,855 INFO  util.JmxRegister (JmxRegister.java:tryRegister(44)) - Successfully registered JMX Bean with object name Ratis:service=RaftServer,group=group-457D58687670,id=e4c386a8-2a4f-4f79-9f0b-ee4a7c9ff7ae
2019-06-13 20:30:19,856 INFO  pipeline.PipelineStateManager (PipelineStateManager.java:addPipeline(56)) - Created pipeline Pipeline[ Id: d9761589-cbee-4e60-95bd-457d58687670, Nodes: e4c386a8-2a4f-4f79-9f0b-ee4a7c9ff7ae{ip: 192.168.46.63, host: ozone-n9fvl-1305937406, networkLocation: /default-rack, certSerialId: null}, Type:RATIS, Factor:ONE, State:OPEN]
2019-06-13 20:30:20,007 INFO  node.SCMNodeManager (SCMNodeManager.java:register(234)) - Registered Data node : 261e0795-f08f-4b3c-911e-83d1f7026d37{ip: 192.168.46.63, host: ozone-n9fvl-1305937406, networkLocation: /default-rack, certSerialId: null}
2019-06-13 20:30:20,012 INFO  impl.RaftServerProxy (RaftServerProxy.java:addNew(89)) - 261e0795-f08f-4b3c-911e-83d1f7026d37: addNew group-6AB07FBE2D9B:[261e0795-f08f-4b3c-911e-83d1f7026d37:192.168.46.63:45275] returns group-6AB07FBE2D9B:java.util.concurrent.CompletableFuture@63192fe6[Not completed]
2019-06-13 20:30:20,012 INFO  impl.RaftServerImpl (RaftServerImpl.java:<init>(91)) - 261e0795-f08f-4b3c-911e-83d1f7026d37: new RaftServerImpl for group-6AB07FBE2D9B:[261e0795-f08f-4b3c-911e-83d1f7026d37:192.168.46.63:45275] with ContainerStateMachine:uninitialized
2019-06-13 20:30:20,012 INFO  server.RaftServerConfigKeys (ConfUtils.java:logGet(43)) - raft.server.rpc.timeout.min = 1s (custom)
2019-06-13 20:30:20,013 INFO  server.RaftServerConfigKeys (ConfUtils.java:logGet(43)) - raft.server.rpc.timeout.max = 1200ms (custom)
2019-06-13 20:30:20,013 INFO  server.RaftServerConfigKeys (ConfUtils.java:logGet(43)) - raft.server.rpcslowness.timeout = 120s (custom)
2019-06-13 20:30:20,013 INFO  server.RaftServerConfigKeys (ConfUtils.java:logGet(43)) - raft.server.log.appender.install.snapshot.enabled = true (default)
2019-06-13 20:30:20,013 INFO  impl.RaftServerImpl (ServerState.java:<init>(101)) - 261e0795-f08f-4b3c-911e-83d1f7026d37:group-6AB07FBE2D9B ConfigurationManager, init=-1: [261e0795-f08f-4b3c-911e-83d1f7026d37:192.168.46.63:45275], old=null, confs=<EMPTY_MAP>
2019-06-13 20:30:20,013 INFO  server.RaftServerConfigKeys (ConfUtils.java:logGet(43)) - raft.server.storage.dir = [/opt/src/hadoop-ozone/integration-test/target/test-dir/MiniOzoneClusterImpl-9f56f186-143e-4947-9558-cd65e5d1d158/datanode-2/data/ratis] (custom)
2019-06-13 20:30:20,013 INFO  storage.RaftStorageDirectory (RaftStorageDirectory.java:analyzeStorage(246)) - The storage directory /opt/src/hadoop-ozone/integration-test/target/test-dir/MiniOzoneClusterImpl-9f56f186-143e-4947-9558-cd65e5d1d158/datanode-2/data/ratis/04223ed7-602d-43f9-9a11-6ab07fbe2d9b does not exist. Creating ...
2019-06-13 20:30:20,015 INFO  storage.RaftStorageDirectory (RaftStorageDirectory.java:tryLock(328)) - Lock on /opt/src/hadoop-ozone/integration-test/target/test-dir/MiniOzoneClusterImpl-9f56f186-143e-4947-9558-cd65e5d1d158/datanode-2/data/ratis/04223ed7-602d-43f9-9a11-6ab07fbe2d9b/in_use.lock acquired by nodename 14802@ozone-n9fvl-1305937406
2019-06-13 20:30:20,017 INFO  storage.RaftStorage (RaftStorage.java:format(75)) - Storage directory /opt/src/hadoop-ozone/integration-test/target/test-dir/MiniOzoneClusterImpl-9f56f186-143e-4947-9558-cd65e5d1d158/datanode-2/data/ratis/04223ed7-602d-43f9-9a11-6ab07fbe2d9b has been successfully formatted.
2019-06-13 20:30:20,017 INFO  ratis.ContainerStateMachine (ContainerStateMachine.java:loadSnapshot(199)) - The snapshot info is null.Setting the last applied index to:(t:0, i:~)
2019-06-13 20:30:20,017 INFO  server.RaftServerConfigKeys (ConfUtils.java:logGet(43)) - raft.server.leader.election.timeout = 120s (custom)
2019-06-13 20:30:20,017 INFO  server.RaftServerConfigKeys (ConfUtils.java:logGet(43)) - raft.server.log.use.memory = false (default)
2019-06-13 20:30:20,017 INFO  server.RaftServerConfigKeys (ConfUtils.java:logGet(43)) - raft.server.log.appender.buffer.byte-limit = 33554432 (custom)
2019-06-13 20:30:20,017 INFO  server.RaftServerConfigKeys (ConfUtils.java:logGet(43)) - raft.server.log.segment.size.max = 16384 (custom)
2019-06-13 20:30:20,018 INFO  server.RaftServerConfigKeys (ConfUtils.java:logGet(43)) - raft.server.log.segment.cache.num.max = 2 (custom)
2019-06-13 20:30:20,018 INFO  storage.RaftLogWorker (RaftLogWorker.java:<init>(123)) - new 261e0795-f08f-4b3c-911e-83d1f7026d37-RaftLogWorker for Storage Directory /opt/src/hadoop-ozone/integration-test/target/test-dir/MiniOzoneClusterImpl-9f56f186-143e-4947-9558-cd65e5d1d158/datanode-2/data/ratis/04223ed7-602d-43f9-9a11-6ab07fbe2d9b
2019-06-13 20:30:20,018 INFO  server.RaftServerConfigKeys (ConfUtils.java:logGet(43)) - raft.server.log.queue.byte-limit = 2147483647 (custom)
2019-06-13 20:30:20,018 INFO  server.RaftServerConfigKeys (ConfUtils.java:logGet(43)) - raft.server.log.queue.element-limit = 1024 (custom)
2019-06-13 20:30:20,018 INFO  server.RaftServerConfigKeys (ConfUtils.java:logGet(43)) - raft.server.log.segment.size.max = 16384 (custom)
2019-06-13 20:30:20,018 INFO  server.RaftServerConfigKeys (ConfUtils.java:logGet(43)) - raft.server.log.preallocated.size = 16384 (custom)
2019-06-13 20:30:20,018 INFO  server.RaftServerConfigKeys (ConfUtils.java:logGet(43)) - raft.server.log.write.buffer.size = 33554432 (custom)
2019-06-13 20:30:20,018 INFO  server.RaftServerConfigKeys (ConfUtils.java:logGet(43)) - raft.server.log.force.sync.num = 128 (default)
2019-06-13 20:30:20,018 INFO  server.RaftServerConfigKeys (ConfUtils.java:logGet(43)) - raft.server.log.statemachine.data.sync = true (default)
2019-06-13 20:30:20,018 INFO  server.RaftServerConfigKeys (ConfUtils.java:logGet(43)) - raft.server.log.statemachine.data.sync.timeout = 10s (default)
2019-06-13 20:30:20,018 INFO  server.RaftServerConfigKeys (ConfUtils.java:logGet(43)) - raft.server.log.statemachine.data.sync.timeout.retry = -1 (default)
2019-06-13 20:30:20,018 INFO  server.RaftServerConfigKeys (ConfUtils.java:logGet(43)) - raft.server.log.statemachine.data.caching.enabled = true (custom)
2019-06-13 20:30:20,019 INFO  server.RaftServerConfigKeys (ConfUtils.java:logGet(43)) - raft.server.snapshot.auto.trigger.enabled = true (custom)
2019-06-13 20:30:20,019 INFO  server.RaftServerConfigKeys (ConfUtils.java:logGet(43)) - raft.server.snapshot.auto.trigger.threshold = 10000 (custom)
2019-06-13 20:30:20,019 INFO  server.RaftServerConfigKeys (ConfUtils.java:logGet(43)) - raft.server.retrycache.expirytime = 600000ms (custom)
2019-06-13 20:30:20,019 INFO  impl.RaftServerImpl (RaftServerImpl.java:start(173)) - 261e0795-f08f-4b3c-911e-83d1f7026d37: start group-6AB07FBE2D9B
2019-06-13 20:30:20,019 INFO  impl.RaftServerImpl (RaftServerImpl.java:setRole(164)) - 261e0795-f08f-4b3c-911e-83d1f7026d37:group-6AB07FBE2D9B changes role from null to FOLLOWER at term 0 for startAsFollower
2019-06-13 20:30:20,019 INFO  impl.RoleInfo (RoleInfo.java:updateAndGet(143)) - 261e0795-f08f-4b3c-911e-83d1f7026d37: start FollowerState
2019-06-13 20:30:20,019 INFO  util.JmxRegister (JmxRegister.java:tryRegister(44)) - Successfully registered JMX Bean with object name Ratis:service=RaftServer,group=group-6AB07FBE2D9B,id=261e0795-f08f-4b3c-911e-83d1f7026d37
2019-06-13 20:30:20,020 INFO  pipeline.PipelineStateManager (PipelineStateManager.java:addPipeline(56)) - Created pipeline Pipeline[ Id: 04223ed7-602d-43f9-9a11-6ab07fbe2d9b, Nodes: 261e0795-f08f-4b3c-911e-83d1f7026d37{ip: 192.168.46.63, host: ozone-n9fvl-1305937406, networkLocation: /default-rack, certSerialId: null}, Type:RATIS, Factor:ONE, State:OPEN]
2019-06-13 20:30:20,034 INFO  impl.RaftServerProxy (RaftServerProxy.java:addNew(89)) - 261e0795-f08f-4b3c-911e-83d1f7026d37: addNew group-376E22635F99:[22b29415-0695-431e-951c-2892c6f6650d:192.168.46.63:37109, e4c386a8-2a4f-4f79-9f0b-ee4a7c9ff7ae:192.168.46.63:39265, 261e0795-f08f-4b3c-911e-83d1f7026d37:192.168.46.63:45275] returns group-376E22635F99:java.util.concurrent.CompletableFuture@15734cdc[Not completed]
2019-06-13 20:30:20,039 INFO  impl.RaftServerProxy (RaftServerProxy.java:addNew(89)) - e4c386a8-2a4f-4f79-9f0b-ee4a7c9ff7ae: addNew group-376E22635F99:[22b29415-0695-431e-951c-2892c6f6650d:192.168.46.63:37109, e4c386a8-2a4f-4f79-9f0b-ee4a7c9ff7ae:192.168.46.63:39265, 261e0795-f08f-4b3c-911e-83d1f7026d37:192.168.46.63:45275] returns group-376E22635F99:java.util.concurrent.CompletableFuture@6fc44f9c[Not completed]
2019-06-13 20:30:20,039 INFO  impl.RaftServerImpl (RaftServerImpl.java:<init>(91)) - 261e0795-f08f-4b3c-911e-83d1f7026d37: new RaftServerImpl for group-376E22635F99:[22b29415-0695-431e-951c-2892c6f6650d:192.168.46.63:37109, e4c386a8-2a4f-4f79-9f0b-ee4a7c9ff7ae:192.168.46.63:39265, 261e0795-f08f-4b3c-911e-83d1f7026d37:192.168.46.63:45275] with ContainerStateMachine:uninitialized
2019-06-13 20:30:20,039 INFO  server.RaftServerConfigKeys (ConfUtils.java:logGet(43)) - raft.server.rpc.timeout.min = 1s (custom)
2019-06-13 20:30:20,040 INFO  server.RaftServerConfigKeys (ConfUtils.java:logGet(43)) - raft.server.rpc.timeout.max = 1200ms (custom)
2019-06-13 20:30:20,040 INFO  server.RaftServerConfigKeys (ConfUtils.java:logGet(43)) - raft.server.rpcslowness.timeout = 120s (custom)
2019-06-13 20:30:20,040 INFO  impl.RaftServerImpl (RaftServerImpl.java:<init>(91)) - e4c386a8-2a4f-4f79-9f0b-ee4a7c9ff7ae: new RaftServerImpl for group-376E22635F99:[22b29415-0695-431e-951c-2892c6f6650d:192.168.46.63:37109, e4c386a8-2a4f-4f79-9f0b-ee4a7c9ff7ae:192.168.46.63:39265, 261e0795-f08f-4b3c-911e-83d1f7026d37:192.168.46.63:45275] with ContainerStateMachine:uninitialized
2019-06-13 20:30:20,040 INFO  server.RaftServerConfigKeys (ConfUtils.java:logGet(43)) - raft.server.log.appender.install.snapshot.enabled = true (default)
2019-06-13 20:30:20,040 INFO  server.RaftServerConfigKeys (ConfUtils.java:logGet(43)) - raft.server.rpc.timeout.min = 1s (custom)
2019-06-13 20:30:20,040 INFO  impl.RaftServerImpl (ServerState.java:<init>(101)) - 261e0795-f08f-4b3c-911e-83d1f7026d37:group-376E22635F99 ConfigurationManager, init=-1: [22b29415-0695-431e-951c-2892c6f6650d:192.168.46.63:37109, e4c386a8-2a4f-4f79-9f0b-ee4a7c9ff7ae:192.168.46.63:39265, 261e0795-f08f-4b3c-911e-83d1f7026d37:192.168.46.63:45275], old=null, confs=<EMPTY_MAP>
2019-06-13 20:30:20,040 INFO  server.RaftServerConfigKeys (ConfUtils.java:logGet(43)) - raft.server.rpc.timeout.max = 1200ms (custom)
2019-06-13 20:30:20,040 INFO  server.RaftServerConfigKeys (ConfUtils.java:logGet(43)) - raft.server.storage.dir = [/opt/src/hadoop-ozone/integration-test/target/test-dir/MiniOzoneClusterImpl-9f56f186-143e-4947-9558-cd65e5d1d158/datanode-2/data/ratis] (custom)
2019-06-13 20:30:20,040 INFO  impl.RaftServerProxy (RaftServerProxy.java:addNew(89)) - 22b29415-0695-431e-951c-2892c6f6650d: addNew group-376E22635F99:[22b29415-0695-431e-951c-2892c6f6650d:192.168.46.63:37109, e4c386a8-2a4f-4f79-9f0b-ee4a7c9ff7ae:192.168.46.63:39265, 261e0795-f08f-4b3c-911e-83d1f7026d37:192.168.46.63:45275] returns group-376E22635F99:java.util.concurrent.CompletableFuture@4cea2b97[Not completed]
2019-06-13 20:30:20,040 INFO  impl.RaftServerImpl (RaftServerImpl.java:<init>(91)) - 22b29415-0695-431e-951c-2892c6f6650d: new RaftServerImpl for group-376E22635F99:[22b29415-0695-431e-951c-2892c6f6650d:192.168.46.63:37109, e4c386a8-2a4f-4f79-9f0b-ee4a7c9ff7ae:192.168.46.63:39265, 261e0795-f08f-4b3c-911e-83d1f7026d37:192.168.46.63:45275] with ContainerStateMachine:uninitialized
2019-06-13 20:30:20,040 INFO  server.RaftServerConfigKeys (ConfUtils.java:logGet(43)) - raft.server.rpcslowness.timeout = 120s (custom)
2019-06-13 20:30:20,040 INFO  server.RaftServerConfigKeys (ConfUtils.java:logGet(43)) - raft.server.log.appender.install.snapshot.enabled = true (default)
2019-06-13 20:30:20,040 INFO  server.RaftServerConfigKeys (ConfUtils.java:logGet(43)) - raft.server.rpc.timeout.min = 1s (custom)
2019-06-13 20:30:20,041 INFO  server.RaftServerConfigKeys (ConfUtils.java:logGet(43)) - raft.server.rpc.timeout.max = 1200ms (custom)
2019-06-13 20:30:20,041 INFO  server.RaftServerConfigKeys (ConfUtils.java:logGet(43)) - raft.server.rpcslowness.timeout = 120s (custom)
2019-06-13 20:30:20,041 INFO  server.RaftServerConfigKeys (ConfUtils.java:logGet(43)) - raft.server.log.appender.install.snapshot.enabled = true (default)
2019-06-13 20:30:20,041 INFO  impl.RaftServerImpl (ServerState.java:<init>(101)) - 22b29415-0695-431e-951c-2892c6f6650d:group-376E22635F99 ConfigurationManager, init=-1: [22b29415-0695-431e-951c-2892c6f6650d:192.168.46.63:37109, e4c386a8-2a4f-4f79-9f0b-ee4a7c9ff7ae:192.168.46.63:39265, 261e0795-f08f-4b3c-911e-83d1f7026d37:192.168.46.63:45275], old=null, confs=<EMPTY_MAP>
2019-06-13 20:30:20,041 INFO  server.RaftServerConfigKeys (ConfUtils.java:logGet(43)) - raft.server.storage.dir = [/opt/src/hadoop-ozone/integration-test/target/test-dir/MiniOzoneClusterImpl-9f56f186-143e-4947-9558-cd65e5d1d158/datanode-0/data/ratis] (custom)
2019-06-13 20:30:20,041 INFO  storage.RaftStorageDirectory (RaftStorageDirectory.java:analyzeStorage(246)) - The storage directory /opt/src/hadoop-ozone/integration-test/target/test-dir/MiniOzoneClusterImpl-9f56f186-143e-4947-9558-cd65e5d1d158/datanode-0/data/ratis/c7df5d94-ac12-447f-b55d-376e22635f99 does not exist. Creating ...
2019-06-13 20:30:20,040 INFO  storage.RaftStorageDirectory (RaftStorageDirectory.java:analyzeStorage(246)) - The storage directory /opt/src/hadoop-ozone/integration-test/target/test-dir/MiniOzoneClusterImpl-9f56f186-143e-4947-9558-cd65e5d1d158/datanode-2/data/ratis/c7df5d94-ac12-447f-b55d-376e22635f99 does not exist. Creating ...
2019-06-13 20:30:20,040 INFO  impl.RaftServerImpl (ServerState.java:<init>(101)) - e4c386a8-2a4f-4f79-9f0b-ee4a7c9ff7ae:group-376E22635F99 ConfigurationManager, init=-1: [22b29415-0695-431e-951c-2892c6f6650d:192.168.46.63:37109, e4c386a8-2a4f-4f79-9f0b-ee4a7c9ff7ae:192.168.46.63:39265, 261e0795-f08f-4b3c-911e-83d1f7026d37:192.168.46.63:45275], old=null, confs=<EMPTY_MAP>
2019-06-13 20:30:20,041 INFO  server.RaftServerConfigKeys (ConfUtils.java:logGet(43)) - raft.server.storage.dir = [/opt/src/hadoop-ozone/integration-test/target/test-dir/MiniOzoneClusterImpl-9f56f186-143e-4947-9558-cd65e5d1d158/datanode-1/data/ratis] (custom)
2019-06-13 20:30:20,041 INFO  storage.RaftStorageDirectory (RaftStorageDirectory.java:analyzeStorage(246)) - The storage directory /opt/src/hadoop-ozone/integration-test/target/test-dir/MiniOzoneClusterImpl-9f56f186-143e-4947-9558-cd65e5d1d158/datanode-1/data/ratis/c7df5d94-ac12-447f-b55d-376e22635f99 does not exist. Creating ...
2019-06-13 20:30:20,043 INFO  storage.RaftStorageDirectory (RaftStorageDirectory.java:tryLock(328)) - Lock on /opt/src/hadoop-ozone/integration-test/target/test-dir/MiniOzoneClusterImpl-9f56f186-143e-4947-9558-cd65e5d1d158/datanode-2/data/ratis/c7df5d94-ac12-447f-b55d-376e22635f99/in_use.lock acquired by nodename 14802@ozone-n9fvl-1305937406
2019-06-13 20:30:20,043 INFO  storage.RaftStorageDirectory (RaftStorageDirectory.java:tryLock(328)) - Lock on /opt/src/hadoop-ozone/integration-test/target/test-dir/MiniOzoneClusterImpl-9f56f186-143e-4947-9558-cd65e5d1d158/datanode-0/data/ratis/c7df5d94-ac12-447f-b55d-376e22635f99/in_use.lock acquired by nodename 14802@ozone-n9fvl-1305937406
2019-06-13 20:30:20,044 INFO  storage.RaftStorageDirectory (RaftStorageDirectory.java:tryLock(328)) - Lock on /opt/src/hadoop-ozone/integration-test/target/test-dir/MiniOzoneClusterImpl-9f56f186-143e-4947-9558-cd65e5d1d158/datanode-1/data/ratis/c7df5d94-ac12-447f-b55d-376e22635f99/in_use.lock acquired by nodename 14802@ozone-n9fvl-1305937406
2019-06-13 20:30:20,046 INFO  storage.RaftStorage (RaftStorage.java:format(75)) - Storage directory /opt/src/hadoop-ozone/integration-test/target/test-dir/MiniOzoneClusterImpl-9f56f186-143e-4947-9558-cd65e5d1d158/datanode-2/data/ratis/c7df5d94-ac12-447f-b55d-376e22635f99 has been successfully formatted.
2019-06-13 20:30:20,046 INFO  storage.RaftStorage (RaftStorage.java:format(75)) - Storage directory /opt/src/hadoop-ozone/integration-test/target/test-dir/MiniOzoneClusterImpl-9f56f186-143e-4947-9558-cd65e5d1d158/datanode-0/data/ratis/c7df5d94-ac12-447f-b55d-376e22635f99 has been successfully formatted.
2019-06-13 20:30:20,046 INFO  ratis.ContainerStateMachine (ContainerStateMachine.java:loadSnapshot(199)) - The snapshot info is null.Setting the last applied index to:(t:0, i:~)
2019-06-13 20:30:20,046 INFO  server.RaftServerConfigKeys (ConfUtils.java:logGet(43)) - raft.server.leader.election.timeout = 120s (custom)
2019-06-13 20:30:20,046 INFO  server.RaftServerConfigKeys (ConfUtils.java:logGet(43)) - raft.server.log.use.memory = false (default)
2019-06-13 20:30:20,046 INFO  server.RaftServerConfigKeys (ConfUtils.java:logGet(43)) - raft.server.log.appender.buffer.byte-limit = 33554432 (custom)
2019-06-13 20:30:20,046 INFO  server.RaftServerConfigKeys (ConfUtils.java:logGet(43)) - raft.server.log.segment.size.max = 16384 (custom)
2019-06-13 20:30:20,046 INFO  server.RaftServerConfigKeys (ConfUtils.java:logGet(43)) - raft.server.log.segment.cache.num.max = 2 (custom)
2019-06-13 20:30:20,047 INFO  storage.RaftLogWorker (RaftLogWorker.java:<init>(123)) - new 261e0795-f08f-4b3c-911e-83d1f7026d37-RaftLogWorker for Storage Directory /opt/src/hadoop-ozone/integration-test/target/test-dir/MiniOzoneClusterImpl-9f56f186-143e-4947-9558-cd65e5d1d158/datanode-2/data/ratis/c7df5d94-ac12-447f-b55d-376e22635f99
2019-06-13 20:30:20,047 INFO  server.RaftServerConfigKeys (ConfUtils.java:logGet(43)) - raft.server.log.queue.byte-limit = 2147483647 (custom)
2019-06-13 20:30:20,047 INFO  server.RaftServerConfigKeys (ConfUtils.java:logGet(43)) - raft.server.log.queue.element-limit = 1024 (custom)
2019-06-13 20:30:20,047 INFO  server.RaftServerConfigKeys (ConfUtils.java:logGet(43)) - raft.server.log.segment.size.max = 16384 (custom)
2019-06-13 20:30:20,047 INFO  server.RaftServerConfigKeys (ConfUtils.java:logGet(43)) - raft.server.log.preallocated.size = 16384 (custom)
2019-06-13 20:30:20,047 INFO  ratis.ContainerStateMachine (ContainerStateMachine.java:loadSnapshot(199)) - The snapshot info is null.Setting the last applied index to:(t:0, i:~)
2019-06-13 20:30:20,047 INFO  server.RaftServerConfigKeys (ConfUtils.java:logGet(43)) - raft.server.log.write.buffer.size = 33554432 (custom)
2019-06-13 20:30:20,047 INFO  server.RaftServerConfigKeys (ConfUtils.java:logGet(43)) - raft.server.log.force.sync.num = 128 (default)
2019-06-13 20:30:20,047 INFO  server.RaftServerConfigKeys (ConfUtils.java:logGet(43)) - raft.server.log.statemachine.data.sync = true (default)
2019-06-13 20:30:20,047 INFO  server.RaftServerConfigKeys (ConfUtils.java:logGet(43)) - raft.server.leader.election.timeout = 120s (custom)
2019-06-13 20:30:20,047 INFO  server.RaftServerConfigKeys (ConfUtils.java:logGet(43)) - raft.server.log.statemachine.data.sync.timeout = 10s (default)
2019-06-13 20:30:20,047 INFO  server.RaftServerConfigKeys (ConfUtils.java:logGet(43)) - raft.server.log.use.memory = false (default)
2019-06-13 20:30:20,047 INFO  storage.RaftStorage (RaftStorage.java:format(75)) - Storage directory /opt/src/hadoop-ozone/integration-test/target/test-dir/MiniOzoneClusterImpl-9f56f186-143e-4947-9558-cd65e5d1d158/datanode-1/data/ratis/c7df5d94-ac12-447f-b55d-376e22635f99 has been successfully formatted.
2019-06-13 20:30:20,047 INFO  server.RaftServerConfigKeys (ConfUtils.java:logGet(43)) - raft.server.log.statemachine.data.sync.timeout.retry = -1 (default)
2019-06-13 20:30:20,048 INFO  ratis.ContainerStateMachine (ContainerStateMachine.java:loadSnapshot(199)) - The snapshot info is null.Setting the last applied index to:(t:0, i:~)
2019-06-13 20:30:20,047 INFO  server.RaftServerConfigKeys (ConfUtils.java:logGet(43)) - raft.server.log.appender.buffer.byte-limit = 33554432 (custom)
2019-06-13 20:30:20,048 INFO  server.RaftServerConfigKeys (ConfUtils.java:logGet(43)) - raft.server.leader.election.timeout = 120s (custom)
2019-06-13 20:30:20,048 INFO  server.RaftServerConfigKeys (ConfUtils.java:logGet(43)) - raft.server.log.statemachine.data.caching.enabled = true (custom)
2019-06-13 20:30:20,048 INFO  server.RaftServerConfigKeys (ConfUtils.java:logGet(43)) - raft.server.log.use.memory = false (default)
2019-06-13 20:30:20,048 INFO  server.RaftServerConfigKeys (ConfUtils.java:logGet(43)) - raft.server.log.appender.buffer.byte-limit = 33554432 (custom)
2019-06-13 20:30:20,048 INFO  server.RaftServerConfigKeys (ConfUtils.java:logGet(43)) - raft.server.log.segment.size.max = 16384 (custom)
2019-06-13 20:30:20,048 INFO  server.RaftServerConfigKeys (ConfUtils.java:logGet(43)) - raft.server.log.segment.cache.num.max = 2 (custom)
2019-06-13 20:30:20,048 INFO  storage.RaftLogWorker (RaftLogWorker.java:<init>(123)) - new e4c386a8-2a4f-4f79-9f0b-ee4a7c9ff7ae-RaftLogWorker for Storage Directory /opt/src/hadoop-ozone/integration-test/target/test-dir/MiniOzoneClusterImpl-9f56f186-143e-4947-9558-cd65e5d1d158/datanode-1/data/ratis/c7df5d94-ac12-447f-b55d-376e22635f99
2019-06-13 20:30:20,048 INFO  server.RaftServerConfigKeys (ConfUtils.java:logGet(43)) - raft.server.log.queue.byte-limit = 2147483647 (custom)
2019-06-13 20:30:20,048 INFO  server.RaftServerConfigKeys (ConfUtils.java:logGet(43)) - raft.server.log.queue.element-limit = 1024 (custom)
2019-06-13 20:30:20,048 INFO  server.RaftServerConfigKeys (ConfUtils.java:logGet(43)) - raft.server.log.segment.size.max = 16384 (custom)
2019-06-13 20:30:20,049 INFO  server.RaftServerConfigKeys (ConfUtils.java:logGet(43)) - raft.server.log.preallocated.size = 16384 (custom)
2019-06-13 20:30:20,049 INFO  server.RaftServerConfigKeys (ConfUtils.java:logGet(43)) - raft.server.log.write.buffer.size = 33554432 (custom)
2019-06-13 20:30:20,049 INFO  server.RaftServerConfigKeys (ConfUtils.java:logGet(43)) - raft.server.log.force.sync.num = 128 (default)
2019-06-13 20:30:20,049 INFO  server.RaftServerConfigKeys (ConfUtils.java:logGet(43)) - raft.server.log.statemachine.data.sync = true (default)
2019-06-13 20:30:20,049 INFO  server.RaftServerConfigKeys (ConfUtils.java:logGet(43)) - raft.server.log.statemachine.data.sync.timeout = 10s (default)
2019-06-13 20:30:20,049 INFO  server.RaftServerConfigKeys (ConfUtils.java:logGet(43)) - raft.server.log.statemachine.data.sync.timeout.retry = -1 (default)
2019-06-13 20:30:20,049 INFO  server.RaftServerConfigKeys (ConfUtils.java:logGet(43)) - raft.server.log.statemachine.data.caching.enabled = true (custom)
2019-06-13 20:30:20,048 INFO  server.RaftServerConfigKeys (ConfUtils.java:logGet(43)) - raft.server.log.segment.size.max = 16384 (custom)
2019-06-13 20:30:20,048 INFO  server.RaftServerConfigKeys (ConfUtils.java:logGet(43)) - raft.server.snapshot.auto.trigger.enabled = true (custom)
2019-06-13 20:30:20,049 INFO  server.RaftServerConfigKeys (ConfUtils.java:logGet(43)) - raft.server.log.segment.cache.num.max = 2 (custom)
2019-06-13 20:30:20,049 INFO  storage.RaftLogWorker (RaftLogWorker.java:<init>(123)) - new 22b29415-0695-431e-951c-2892c6f6650d-RaftLogWorker for Storage Directory /opt/src/hadoop-ozone/integration-test/target/test-dir/MiniOzoneClusterImpl-9f56f186-143e-4947-9558-cd65e5d1d158/datanode-0/data/ratis/c7df5d94-ac12-447f-b55d-376e22635f99
2019-06-13 20:30:20,049 INFO  server.RaftServerConfigKeys (ConfUtils.java:logGet(43)) - raft.server.log.queue.byte-limit = 2147483647 (custom)
2019-06-13 20:30:20,049 INFO  server.RaftServerConfigKeys (ConfUtils.java:logGet(43)) - raft.server.snapshot.auto.trigger.enabled = true (custom)
2019-06-13 20:30:20,050 INFO  server.RaftServerConfigKeys (ConfUtils.java:logGet(43)) - raft.server.snapshot.auto.trigger.threshold = 10000 (custom)
2019-06-13 20:30:20,049 INFO  server.RaftServerConfigKeys (ConfUtils.java:logGet(43)) - raft.server.snapshot.auto.trigger.threshold = 10000 (custom)
2019-06-13 20:30:20,050 INFO  server.RaftServerConfigKeys (ConfUtils.java:logGet(43)) - raft.server.retrycache.expirytime = 600000ms (custom)
2019-06-13 20:30:20,049 INFO  server.RaftServerConfigKeys (ConfUtils.java:logGet(43)) - raft.server.log.queue.element-limit = 1024 (custom)
2019-06-13 20:30:20,050 INFO  impl.RaftServerImpl (RaftServerImpl.java:start(173)) - e4c386a8-2a4f-4f79-9f0b-ee4a7c9ff7ae: start group-376E22635F99
2019-06-13 20:30:20,050 INFO  server.RaftServerConfigKeys (ConfUtils.java:logGet(43)) - raft.server.retrycache.expirytime = 600000ms (custom)
2019-06-13 20:30:20,050 INFO  impl.RaftServerImpl (RaftServerImpl.java:setRole(164)) - e4c386a8-2a4f-4f79-9f0b-ee4a7c9ff7ae:group-376E22635F99 changes role from null to FOLLOWER at term 0 for startAsFollower
2019-06-13 20:30:20,050 INFO  impl.RoleInfo (RoleInfo.java:updateAndGet(143)) - e4c386a8-2a4f-4f79-9f0b-ee4a7c9ff7ae: start FollowerState
2019-06-13 20:30:20,050 INFO  util.JmxRegister (JmxRegister.java:tryRegister(44)) - Successfully registered JMX Bean with object name Ratis:service=RaftServer,group=group-376E22635F99,id=e4c386a8-2a4f-4f79-9f0b-ee4a7c9ff7ae
2019-06-13 20:30:20,050 INFO  server.RaftServerConfigKeys (ConfUtils.java:logGet(43)) - raft.server.log.segment.size.max = 16384 (custom)
2019-06-13 20:30:20,051 INFO  server.RaftServerConfigKeys (ConfUtils.java:logGet(43)) - raft.server.log.preallocated.size = 16384 (custom)
2019-06-13 20:30:20,052 INFO  server.RaftServerConfigKeys (ConfUtils.java:logGet(43)) - raft.server.log.write.buffer.size = 33554432 (custom)
2019-06-13 20:30:20,050 INFO  impl.RaftServerImpl (RaftServerImpl.java:start(173)) - 261e0795-f08f-4b3c-911e-83d1f7026d37: start group-376E22635F99
2019-06-13 20:30:20,052 INFO  impl.RaftServerImpl (RaftServerImpl.java:setRole(164)) - 261e0795-f08f-4b3c-911e-83d1f7026d37:group-376E22635F99 changes role from null to FOLLOWER at term 0 for startAsFollower
2019-06-13 20:30:20,052 INFO  impl.RoleInfo (RoleInfo.java:updateAndGet(143)) - 261e0795-f08f-4b3c-911e-83d1f7026d37: start FollowerState
2019-06-13 20:30:20,052 INFO  server.RaftServerConfigKeys (ConfUtils.java:logGet(43)) - raft.server.log.force.sync.num = 128 (default)
2019-06-13 20:30:20,052 INFO  server.RaftServerConfigKeys (ConfUtils.java:logGet(43)) - raft.server.log.statemachine.data.sync = true (default)
2019-06-13 20:30:20,052 INFO  server.RaftServerConfigKeys (ConfUtils.java:logGet(43)) - raft.server.log.statemachine.data.sync.timeout = 10s (default)
2019-06-13 20:30:20,052 INFO  server.RaftServerConfigKeys (ConfUtils.java:logGet(43)) - raft.server.log.statemachine.data.sync.timeout.retry = -1 (default)
2019-06-13 20:30:20,053 INFO  server.RaftServerConfigKeys (ConfUtils.java:logGet(43)) - raft.server.log.statemachine.data.caching.enabled = true (custom)
2019-06-13 20:30:20,053 INFO  util.JmxRegister (JmxRegister.java:tryRegister(44)) - Successfully registered JMX Bean with object name Ratis:service=RaftServer,group=group-376E22635F99,id=261e0795-f08f-4b3c-911e-83d1f7026d37
2019-06-13 20:30:20,053 INFO  server.RaftServerConfigKeys (ConfUtils.java:logGet(43)) - raft.server.snapshot.auto.trigger.enabled = true (custom)
2019-06-13 20:30:20,054 INFO  server.RaftServerConfigKeys (ConfUtils.java:logGet(43)) - raft.server.snapshot.auto.trigger.threshold = 10000 (custom)
2019-06-13 20:30:20,054 INFO  server.RaftServerConfigKeys (ConfUtils.java:logGet(43)) - raft.server.retrycache.expirytime = 600000ms (custom)
2019-06-13 20:30:20,054 INFO  impl.RaftServerImpl (RaftServerImpl.java:start(173)) - 22b29415-0695-431e-951c-2892c6f6650d: start group-376E22635F99
2019-06-13 20:30:20,054 INFO  impl.RaftServerImpl (RaftServerImpl.java:setRole(164)) - 22b29415-0695-431e-951c-2892c6f6650d:group-376E22635F99 changes role from null to FOLLOWER at term 0 for startAsFollower
2019-06-13 20:30:20,054 INFO  impl.RoleInfo (RoleInfo.java:updateAndGet(143)) - 22b29415-0695-431e-951c-2892c6f6650d: start FollowerState
2019-06-13 20:30:20,054 INFO  util.JmxRegister (JmxRegister.java:tryRegister(44)) - Successfully registered JMX Bean with object name Ratis:service=RaftServer,group=group-376E22635F99,id=22b29415-0695-431e-951c-2892c6f6650d
2019-06-13 20:30:20,058 INFO  pipeline.PipelineStateManager (PipelineStateManager.java:addPipeline(56)) - Created pipeline Pipeline[ Id: c7df5d94-ac12-447f-b55d-376e22635f99, Nodes: 261e0795-f08f-4b3c-911e-83d1f7026d37{ip: 192.168.46.63, host: ozone-n9fvl-1305937406, networkLocation: /default-rack, certSerialId: null}22b29415-0695-431e-951c-2892c6f6650d{ip: 192.168.46.63, host: ozone-n9fvl-1305937406, networkLocation: /default-rack, certSerialId: null}e4c386a8-2a4f-4f79-9f0b-ee4a7c9ff7ae{ip: 192.168.46.63, host: ozone-n9fvl-1305937406, networkLocation: /default-rack, certSerialId: null}, Type:RATIS, Factor:THREE, State:OPEN]
2019-06-13 20:30:20,173 INFO  node.SCMNodeManager (SCMNodeManager.java:register(234)) - Registered Data node : 4de7d373-d045-4ed9-9739-46b1e0b3a45d{ip: 192.168.46.63, host: ozone-n9fvl-1305937406, networkLocation: /default-rack, certSerialId: null}
2019-06-13 20:30:20,178 INFO  impl.RaftServerProxy (RaftServerProxy.java:addNew(89)) - 4de7d373-d045-4ed9-9739-46b1e0b3a45d: addNew group-737B0558B08E:[4de7d373-d045-4ed9-9739-46b1e0b3a45d:192.168.46.63:44015] returns group-737B0558B08E:java.util.concurrent.CompletableFuture@4e1560f0[Not completed]
2019-06-13 20:30:20,178 INFO  impl.RaftServerImpl (RaftServerImpl.java:<init>(91)) - 4de7d373-d045-4ed9-9739-46b1e0b3a45d: new RaftServerImpl for group-737B0558B08E:[4de7d373-d045-4ed9-9739-46b1e0b3a45d:192.168.46.63:44015] with ContainerStateMachine:uninitialized
2019-06-13 20:30:20,178 INFO  server.RaftServerConfigKeys (ConfUtils.java:logGet(43)) - raft.server.rpc.timeout.min = 1s (custom)
2019-06-13 20:30:20,178 INFO  server.RaftServerConfigKeys (ConfUtils.java:logGet(43)) - raft.server.rpc.timeout.max = 1200ms (custom)
2019-06-13 20:30:20,178 INFO  server.RaftServerConfigKeys (ConfUtils.java:logGet(43)) - raft.server.rpcslowness.timeout = 120s (custom)
2019-06-13 20:30:20,178 INFO  server.RaftServerConfigKeys (ConfUtils.java:logGet(43)) - raft.server.log.appender.install.snapshot.enabled = true (default)
2019-06-13 20:30:20,178 INFO  impl.RaftServerImpl (ServerState.java:<init>(101)) - 4de7d373-d045-4ed9-9739-46b1e0b3a45d:group-737B0558B08E ConfigurationManager, init=-1: [4de7d373-d045-4ed9-9739-46b1e0b3a45d:192.168.46.63:44015], old=null, confs=<EMPTY_MAP>
2019-06-13 20:30:20,178 INFO  server.RaftServerConfigKeys (ConfUtils.java:logGet(43)) - raft.server.storage.dir = [/opt/src/hadoop-ozone/integration-test/target/test-dir/MiniOzoneClusterImpl-9f56f186-143e-4947-9558-cd65e5d1d158/datanode-3/data/ratis] (custom)
2019-06-13 20:30:20,179 INFO  storage.RaftStorageDirectory (RaftStorageDirectory.java:analyzeStorage(246)) - The storage directory /opt/src/hadoop-ozone/integration-test/target/test-dir/MiniOzoneClusterImpl-9f56f186-143e-4947-9558-cd65e5d1d158/datanode-3/data/ratis/3b2a1a3e-7c7d-49b2-8af3-737b0558b08e does not exist. Creating ...
2019-06-13 20:30:20,181 INFO  storage.RaftStorageDirectory (RaftStorageDirectory.java:tryLock(328)) - Lock on /opt/src/hadoop-ozone/integration-test/target/test-dir/MiniOzoneClusterImpl-9f56f186-143e-4947-9558-cd65e5d1d158/datanode-3/data/ratis/3b2a1a3e-7c7d-49b2-8af3-737b0558b08e/in_use.lock acquired by nodename 14802@ozone-n9fvl-1305937406
2019-06-13 20:30:20,183 INFO  storage.RaftStorage (RaftStorage.java:format(75)) - Storage directory /opt/src/hadoop-ozone/integration-test/target/test-dir/MiniOzoneClusterImpl-9f56f186-143e-4947-9558-cd65e5d1d158/datanode-3/data/ratis/3b2a1a3e-7c7d-49b2-8af3-737b0558b08e has been successfully formatted.
2019-06-13 20:30:20,183 INFO  ratis.ContainerStateMachine (ContainerStateMachine.java:loadSnapshot(199)) - The snapshot info is null.Setting the last applied index to:(t:0, i:~)
2019-06-13 20:30:20,183 INFO  server.RaftServerConfigKeys (ConfUtils.java:logGet(43)) - raft.server.leader.election.timeout = 120s (custom)
2019-06-13 20:30:20,183 INFO  server.RaftServerConfigKeys (ConfUtils.java:logGet(43)) - raft.server.log.use.memory = false (default)
2019-06-13 20:30:20,183 INFO  server.RaftServerConfigKeys (ConfUtils.java:logGet(43)) - raft.server.log.appender.buffer.byte-limit = 33554432 (custom)
2019-06-13 20:30:20,183 INFO  server.RaftServerConfigKeys (ConfUtils.java:logGet(43)) - raft.server.log.segment.size.max = 16384 (custom)
2019-06-13 20:30:20,183 INFO  server.RaftServerConfigKeys (ConfUtils.java:logGet(43)) - raft.server.log.segment.cache.num.max = 2 (custom)
2019-06-13 20:30:20,183 INFO  storage.RaftLogWorker (RaftLogWorker.java:<init>(123)) - new 4de7d373-d045-4ed9-9739-46b1e0b3a45d-RaftLogWorker for Storage Directory /opt/src/hadoop-ozone/integration-test/target/test-dir/MiniOzoneClusterImpl-9f56f186-143e-4947-9558-cd65e5d1d158/datanode-3/data/ratis/3b2a1a3e-7c7d-49b2-8af3-737b0558b08e
2019-06-13 20:30:20,183 INFO  server.RaftServerConfigKeys (ConfUtils.java:logGet(43)) - raft.server.log.queue.byte-limit = 2147483647 (custom)
2019-06-13 20:30:20,184 INFO  server.RaftServerConfigKeys (ConfUtils.java:logGet(43)) - raft.server.log.queue.element-limit = 1024 (custom)
2019-06-13 20:30:20,184 INFO  server.RaftServerConfigKeys (ConfUtils.java:logGet(43)) - raft.server.log.segment.size.max = 16384 (custom)
2019-06-13 20:30:20,184 INFO  server.RaftServerConfigKeys (ConfUtils.java:logGet(43)) - raft.server.log.preallocated.size = 16384 (custom)
2019-06-13 20:30:20,184 INFO  server.RaftServerConfigKeys (ConfUtils.java:logGet(43)) - raft.server.log.write.buffer.size = 33554432 (custom)
2019-06-13 20:30:20,184 INFO  server.RaftServerConfigKeys (ConfUtils.java:logGet(43)) - raft.server.log.force.sync.num = 128 (default)
2019-06-13 20:30:20,184 INFO  server.RaftServerConfigKeys (ConfUtils.java:logGet(43)) - raft.server.log.statemachine.data.sync = true (default)
2019-06-13 20:30:20,184 INFO  server.RaftServerConfigKeys (ConfUtils.java:logGet(43)) - raft.server.log.statemachine.data.sync.timeout = 10s (default)
2019-06-13 20:30:20,184 INFO  server.RaftServerConfigKeys (ConfUtils.java:logGet(43)) - raft.server.log.statemachine.data.sync.timeout.retry = -1 (default)
2019-06-13 20:30:20,184 INFO  server.RaftServerConfigKeys (ConfUtils.java:logGet(43)) - raft.server.log.statemachine.data.caching.enabled = true (custom)
2019-06-13 20:30:20,184 INFO  server.RaftServerConfigKeys (ConfUtils.java:logGet(43)) - raft.server.snapshot.auto.trigger.enabled = true (custom)
2019-06-13 20:30:20,184 INFO  server.RaftServerConfigKeys (ConfUtils.java:logGet(43)) - raft.server.snapshot.auto.trigger.threshold = 10000 (custom)
2019-06-13 20:30:20,185 INFO  server.RaftServerConfigKeys (ConfUtils.java:logGet(43)) - raft.server.retrycache.expirytime = 600000ms (custom)
2019-06-13 20:30:20,185 INFO  impl.RaftServerImpl (RaftServerImpl.java:start(173)) - 4de7d373-d045-4ed9-9739-46b1e0b3a45d: start group-737B0558B08E
2019-06-13 20:30:20,185 INFO  impl.RaftServerImpl (RaftServerImpl.java:setRole(164)) - 4de7d373-d045-4ed9-9739-46b1e0b3a45d:group-737B0558B08E changes role from null to FOLLOWER at term 0 for startAsFollower
2019-06-13 20:30:20,185 INFO  impl.RoleInfo (RoleInfo.java:updateAndGet(143)) - 4de7d373-d045-4ed9-9739-46b1e0b3a45d: start FollowerState
2019-06-13 20:30:20,185 INFO  util.JmxRegister (JmxRegister.java:tryRegister(44)) - Successfully registered JMX Bean with object name Ratis:service=RaftServer,group=group-737B0558B08E,id=4de7d373-d045-4ed9-9739-46b1e0b3a45d
2019-06-13 20:30:20,186 INFO  pipeline.PipelineStateManager (PipelineStateManager.java:addPipeline(56)) - Created pipeline Pipeline[ Id: 3b2a1a3e-7c7d-49b2-8af3-737b0558b08e, Nodes: 4de7d373-d045-4ed9-9739-46b1e0b3a45d{ip: 192.168.46.63, host: ozone-n9fvl-1305937406, networkLocation: /default-rack, certSerialId: null}, Type:RATIS, Factor:ONE, State:OPEN]
2019-06-13 20:30:20,305 INFO  node.SCMNodeManager (SCMNodeManager.java:register(234)) - Registered Data node : c88b245e-35c2-429a-97d8-bed396254347{ip: 192.168.46.63, host: ozone-n9fvl-1305937406, networkLocation: /default-rack, certSerialId: null}
2019-06-13 20:30:20,311 INFO  impl.RaftServerProxy (RaftServerProxy.java:addNew(89)) - c88b245e-35c2-429a-97d8-bed396254347: addNew group-372CAAF85D64:[c88b245e-35c2-429a-97d8-bed396254347:192.168.46.63:40413] returns group-372CAAF85D64:java.util.concurrent.CompletableFuture@9b95ac2[Not completed]
2019-06-13 20:30:20,312 INFO  impl.RaftServerImpl (RaftServerImpl.java:<init>(91)) - c88b245e-35c2-429a-97d8-bed396254347: new RaftServerImpl for group-372CAAF85D64:[c88b245e-35c2-429a-97d8-bed396254347:192.168.46.63:40413] with ContainerStateMachine:uninitialized
2019-06-13 20:30:20,312 INFO  server.RaftServerConfigKeys (ConfUtils.java:logGet(43)) - raft.server.rpc.timeout.min = 1s (custom)
2019-06-13 20:30:20,312 INFO  server.RaftServerConfigKeys (ConfUtils.java:logGet(43)) - raft.server.rpc.timeout.max = 1200ms (custom)
2019-06-13 20:30:20,312 INFO  server.RaftServerConfigKeys (ConfUtils.java:logGet(43)) - raft.server.rpcslowness.timeout = 120s (custom)
2019-06-13 20:30:20,312 INFO  server.RaftServerConfigKeys (ConfUtils.java:logGet(43)) - raft.server.log.appender.install.snapshot.enabled = true (default)
2019-06-13 20:30:20,312 INFO  impl.RaftServerImpl (ServerState.java:<init>(101)) - c88b245e-35c2-429a-97d8-bed396254347:group-372CAAF85D64 ConfigurationManager, init=-1: [c88b245e-35c2-429a-97d8-bed396254347:192.168.46.63:40413], old=null, confs=<EMPTY_MAP>
2019-06-13 20:30:20,312 INFO  server.RaftServerConfigKeys (ConfUtils.java:logGet(43)) - raft.server.storage.dir = [/opt/src/hadoop-ozone/integration-test/target/test-dir/MiniOzoneClusterImpl-9f56f186-143e-4947-9558-cd65e5d1d158/datanode-4/data/ratis] (custom)
2019-06-13 20:30:20,312 INFO  storage.RaftStorageDirectory (RaftStorageDirectory.java:analyzeStorage(246)) - The storage directory /opt/src/hadoop-ozone/integration-test/target/test-dir/MiniOzoneClusterImpl-9f56f186-143e-4947-9558-cd65e5d1d158/datanode-4/data/ratis/de1a0e45-655a-42d6-8462-372caaf85d64 does not exist. Creating ...
2019-06-13 20:30:20,314 INFO  storage.RaftStorageDirectory (RaftStorageDirectory.java:tryLock(328)) - Lock on /opt/src/hadoop-ozone/integration-test/target/test-dir/MiniOzoneClusterImpl-9f56f186-143e-4947-9558-cd65e5d1d158/datanode-4/data/ratis/de1a0e45-655a-42d6-8462-372caaf85d64/in_use.lock acquired by nodename 14802@ozone-n9fvl-1305937406
2019-06-13 20:30:20,316 INFO  storage.RaftStorage (RaftStorage.java:format(75)) - Storage directory /opt/src/hadoop-ozone/integration-test/target/test-dir/MiniOzoneClusterImpl-9f56f186-143e-4947-9558-cd65e5d1d158/datanode-4/data/ratis/de1a0e45-655a-42d6-8462-372caaf85d64 has been successfully formatted.
2019-06-13 20:30:20,316 INFO  ratis.ContainerStateMachine (ContainerStateMachine.java:loadSnapshot(199)) - The snapshot info is null.Setting the last applied index to:(t:0, i:~)
2019-06-13 20:30:20,316 INFO  server.RaftServerConfigKeys (ConfUtils.java:logGet(43)) - raft.server.leader.election.timeout = 120s (custom)
2019-06-13 20:30:20,316 INFO  server.RaftServerConfigKeys (ConfUtils.java:logGet(43)) - raft.server.log.use.memory = false (default)
2019-06-13 20:30:20,317 INFO  server.RaftServerConfigKeys (ConfUtils.java:logGet(43)) - raft.server.log.appender.buffer.byte-limit = 33554432 (custom)
2019-06-13 20:30:20,317 INFO  server.RaftServerConfigKeys (ConfUtils.java:logGet(43)) - raft.server.log.segment.size.max = 16384 (custom)
2019-06-13 20:30:20,317 INFO  server.RaftServerConfigKeys (ConfUtils.java:logGet(43)) - raft.server.log.segment.cache.num.max = 2 (custom)
2019-06-13 20:30:20,317 INFO  storage.RaftLogWorker (RaftLogWorker.java:<init>(123)) - new c88b245e-35c2-429a-97d8-bed396254347-RaftLogWorker for Storage Directory /opt/src/hadoop-ozone/integration-test/target/test-dir/MiniOzoneClusterImpl-9f56f186-143e-4947-9558-cd65e5d1d158/datanode-4/data/ratis/de1a0e45-655a-42d6-8462-372caaf85d64
2019-06-13 20:30:20,317 INFO  server.RaftServerConfigKeys (ConfUtils.java:logGet(43)) - raft.server.log.queue.byte-limit = 2147483647 (custom)
2019-06-13 20:30:20,317 INFO  server.RaftServerConfigKeys (ConfUtils.java:logGet(43)) - raft.server.log.queue.element-limit = 1024 (custom)
2019-06-13 20:30:20,317 INFO  server.RaftServerConfigKeys (ConfUtils.java:logGet(43)) - raft.server.log.segment.size.max = 16384 (custom)
2019-06-13 20:30:20,317 INFO  server.RaftServerConfigKeys (ConfUtils.java:logGet(43)) - raft.server.log.preallocated.size = 16384 (custom)
2019-06-13 20:30:20,317 INFO  server.RaftServerConfigKeys (ConfUtils.java:logGet(43)) - raft.server.log.write.buffer.size = 33554432 (custom)
2019-06-13 20:30:20,317 INFO  server.RaftServerConfigKeys (ConfUtils.java:logGet(43)) - raft.server.log.force.sync.num = 128 (default)
2019-06-13 20:30:20,317 INFO  server.RaftServerConfigKeys (ConfUtils.java:logGet(43)) - raft.server.log.statemachine.data.sync = true (default)
2019-06-13 20:30:20,317 INFO  server.RaftServerConfigKeys (ConfUtils.java:logGet(43)) - raft.server.log.statemachine.data.sync.timeout = 10s (default)
2019-06-13 20:30:20,317 INFO  server.RaftServerConfigKeys (ConfUtils.java:logGet(43)) - raft.server.log.statemachine.data.sync.timeout.retry = -1 (default)
2019-06-13 20:30:20,317 INFO  server.RaftServerConfigKeys (ConfUtils.java:logGet(43)) - raft.server.log.statemachine.data.caching.enabled = true (custom)
2019-06-13 20:30:20,318 INFO  server.RaftServerConfigKeys (ConfUtils.java:logGet(43)) - raft.server.snapshot.auto.trigger.enabled = true (custom)
2019-06-13 20:30:20,318 INFO  server.RaftServerConfigKeys (ConfUtils.java:logGet(43)) - raft.server.snapshot.auto.trigger.threshold = 10000 (custom)
2019-06-13 20:30:20,318 INFO  server.RaftServerConfigKeys (ConfUtils.java:logGet(43)) - raft.server.retrycache.expirytime = 600000ms (custom)
2019-06-13 20:30:20,318 INFO  impl.RaftServerImpl (RaftServerImpl.java:start(173)) - c88b245e-35c2-429a-97d8-bed396254347: start group-372CAAF85D64
2019-06-13 20:30:20,318 INFO  impl.RaftServerImpl (RaftServerImpl.java:setRole(164)) - c88b245e-35c2-429a-97d8-bed396254347:group-372CAAF85D64 changes role from null to FOLLOWER at term 0 for startAsFollower
2019-06-13 20:30:20,318 INFO  impl.RoleInfo (RoleInfo.java:updateAndGet(143)) - c88b245e-35c2-429a-97d8-bed396254347: start FollowerState
2019-06-13 20:30:20,318 INFO  util.JmxRegister (JmxRegister.java:tryRegister(44)) - Successfully registered JMX Bean with object name Ratis:service=RaftServer,group=group-372CAAF85D64,id=c88b245e-35c2-429a-97d8-bed396254347
2019-06-13 20:30:20,319 INFO  pipeline.PipelineStateManager (PipelineStateManager.java:addPipeline(56)) - Created pipeline Pipeline[ Id: de1a0e45-655a-42d6-8462-372caaf85d64, Nodes: c88b245e-35c2-429a-97d8-bed396254347{ip: 192.168.46.63, host: ozone-n9fvl-1305937406, networkLocation: /default-rack, certSerialId: null}, Type:RATIS, Factor:ONE, State:OPEN]
2019-06-13 20:30:20,494 INFO  ozone.MiniOzoneClusterImpl (MiniOzoneClusterImpl.java:lambda$waitForClusterToBeReady$0(142)) - Waiting for cluster to be ready. Got 5 of 6 DN Heartbeats.
2019-06-13 20:30:20,502 INFO  node.SCMNodeManager (SCMNodeManager.java:register(234)) - Registered Data node : 7b057c23-7078-42bd-895a-3a844d9bbeaa{ip: 192.168.46.63, host: ozone-n9fvl-1305937406, networkLocation: /default-rack, certSerialId: null}
2019-06-13 20:30:20,507 INFO  impl.RaftServerProxy (RaftServerProxy.java:addNew(89)) - 7b057c23-7078-42bd-895a-3a844d9bbeaa: addNew group-AB700AC868C1:[7b057c23-7078-42bd-895a-3a844d9bbeaa:192.168.46.63:41321] returns group-AB700AC868C1:java.util.concurrent.CompletableFuture@64b3cd27[Not completed]
2019-06-13 20:30:20,507 INFO  impl.RaftServerImpl (RaftServerImpl.java:<init>(91)) - 7b057c23-7078-42bd-895a-3a844d9bbeaa: new RaftServerImpl for group-AB700AC868C1:[7b057c23-7078-42bd-895a-3a844d9bbeaa:192.168.46.63:41321] with ContainerStateMachine:uninitialized
2019-06-13 20:30:20,507 INFO  server.RaftServerConfigKeys (ConfUtils.java:logGet(43)) - raft.server.rpc.timeout.min = 1s (custom)
2019-06-13 20:30:20,507 INFO  server.RaftServerConfigKeys (ConfUtils.java:logGet(43)) - raft.server.rpc.timeout.max = 1200ms (custom)
2019-06-13 20:30:20,507 INFO  server.RaftServerConfigKeys (ConfUtils.java:logGet(43)) - raft.server.rpcslowness.timeout = 120s (custom)
2019-06-13 20:30:20,507 INFO  server.RaftServerConfigKeys (ConfUtils.java:logGet(43)) - raft.server.log.appender.install.snapshot.enabled = true (default)
2019-06-13 20:30:20,507 INFO  impl.RaftServerImpl (ServerState.java:<init>(101)) - 7b057c23-7078-42bd-895a-3a844d9bbeaa:group-AB700AC868C1 ConfigurationManager, init=-1: [7b057c23-7078-42bd-895a-3a844d9bbeaa:192.168.46.63:41321], old=null, confs=<EMPTY_MAP>
2019-06-13 20:30:20,508 INFO  server.RaftServerConfigKeys (ConfUtils.java:logGet(43)) - raft.server.storage.dir = [/opt/src/hadoop-ozone/integration-test/target/test-dir/MiniOzoneClusterImpl-9f56f186-143e-4947-9558-cd65e5d1d158/datanode-5/data/ratis] (custom)
2019-06-13 20:30:20,508 INFO  storage.RaftStorageDirectory (RaftStorageDirectory.java:analyzeStorage(246)) - The storage directory /opt/src/hadoop-ozone/integration-test/target/test-dir/MiniOzoneClusterImpl-9f56f186-143e-4947-9558-cd65e5d1d158/datanode-5/data/ratis/017fa2a1-f9f6-4c29-920c-ab700ac868c1 does not exist. Creating ...
2019-06-13 20:30:20,510 INFO  storage.RaftStorageDirectory (RaftStorageDirectory.java:tryLock(328)) - Lock on /opt/src/hadoop-ozone/integration-test/target/test-dir/MiniOzoneClusterImpl-9f56f186-143e-4947-9558-cd65e5d1d158/datanode-5/data/ratis/017fa2a1-f9f6-4c29-920c-ab700ac868c1/in_use.lock acquired by nodename 14802@ozone-n9fvl-1305937406
2019-06-13 20:30:20,512 INFO  storage.RaftStorage (RaftStorage.java:format(75)) - Storage directory /opt/src/hadoop-ozone/integration-test/target/test-dir/MiniOzoneClusterImpl-9f56f186-143e-4947-9558-cd65e5d1d158/datanode-5/data/ratis/017fa2a1-f9f6-4c29-920c-ab700ac868c1 has been successfully formatted.
2019-06-13 20:30:20,512 INFO  ratis.ContainerStateMachine (ContainerStateMachine.java:loadSnapshot(199)) - The snapshot info is null.Setting the last applied index to:(t:0, i:~)
2019-06-13 20:30:20,512 INFO  server.RaftServerConfigKeys (ConfUtils.java:logGet(43)) - raft.server.leader.election.timeout = 120s (custom)
2019-06-13 20:30:20,512 INFO  server.RaftServerConfigKeys (ConfUtils.java:logGet(43)) - raft.server.log.use.memory = false (default)
2019-06-13 20:30:20,512 INFO  server.RaftServerConfigKeys (ConfUtils.java:logGet(43)) - raft.server.log.appender.buffer.byte-limit = 33554432 (custom)
2019-06-13 20:30:20,512 INFO  server.RaftServerConfigKeys (ConfUtils.java:logGet(43)) - raft.server.log.segment.size.max = 16384 (custom)
2019-06-13 20:30:20,512 INFO  server.RaftServerConfigKeys (ConfUtils.java:logGet(43)) - raft.server.log.segment.cache.num.max = 2 (custom)
2019-06-13 20:30:20,512 INFO  storage.RaftLogWorker (RaftLogWorker.java:<init>(123)) - new 7b057c23-7078-42bd-895a-3a844d9bbeaa-RaftLogWorker for Storage Directory /opt/src/hadoop-ozone/integration-test/target/test-dir/MiniOzoneClusterImpl-9f56f186-143e-4947-9558-cd65e5d1d158/datanode-5/data/ratis/017fa2a1-f9f6-4c29-920c-ab700ac868c1
2019-06-13 20:30:20,512 INFO  server.RaftServerConfigKeys (ConfUtils.java:logGet(43)) - raft.server.log.queue.byte-limit = 2147483647 (custom)
2019-06-13 20:30:20,512 INFO  server.RaftServerConfigKeys (ConfUtils.java:logGet(43)) - raft.server.log.queue.element-limit = 1024 (custom)
2019-06-13 20:30:20,512 INFO  server.RaftServerConfigKeys (ConfUtils.java:logGet(43)) - raft.server.log.segment.size.max = 16384 (custom)
2019-06-13 20:30:20,513 INFO  server.RaftServerConfigKeys (ConfUtils.java:logGet(43)) - raft.server.log.preallocated.size = 16384 (custom)
2019-06-13 20:30:20,513 INFO  server.RaftServerConfigKeys (ConfUtils.java:logGet(43)) - raft.server.log.write.buffer.size = 33554432 (custom)
2019-06-13 20:30:20,513 INFO  server.RaftServerConfigKeys (ConfUtils.java:logGet(43)) - raft.server.log.force.sync.num = 128 (default)
2019-06-13 20:30:20,513 INFO  server.RaftServerConfigKeys (ConfUtils.java:logGet(43)) - raft.server.log.statemachine.data.sync = true (default)
2019-06-13 20:30:20,513 INFO  server.RaftServerConfigKeys (ConfUtils.java:logGet(43)) - raft.server.log.statemachine.data.sync.timeout = 10s (default)
2019-06-13 20:30:20,513 INFO  server.RaftServerConfigKeys (ConfUtils.java:logGet(43)) - raft.server.log.statemachine.data.sync.timeout.retry = -1 (default)
2019-06-13 20:30:20,513 INFO  server.RaftServerConfigKeys (ConfUtils.java:logGet(43)) - raft.server.log.statemachine.data.caching.enabled = true (custom)
2019-06-13 20:30:20,513 INFO  server.RaftServerConfigKeys (ConfUtils.java:logGet(43)) - raft.server.snapshot.auto.trigger.enabled = true (custom)
2019-06-13 20:30:20,513 INFO  server.RaftServerConfigKeys (ConfUtils.java:logGet(43)) - raft.server.snapshot.auto.trigger.threshold = 10000 (custom)
2019-06-13 20:30:20,513 INFO  server.RaftServerConfigKeys (ConfUtils.java:logGet(43)) - raft.server.retrycache.expirytime = 600000ms (custom)
2019-06-13 20:30:20,513 INFO  impl.RaftServerImpl (RaftServerImpl.java:start(173)) - 7b057c23-7078-42bd-895a-3a844d9bbeaa: start group-AB700AC868C1
2019-06-13 20:30:20,514 INFO  impl.RaftServerImpl (RaftServerImpl.java:setRole(164)) - 7b057c23-7078-42bd-895a-3a844d9bbeaa:group-AB700AC868C1 changes role from null to FOLLOWER at term 0 for startAsFollower
2019-06-13 20:30:20,514 INFO  impl.RoleInfo (RoleInfo.java:updateAndGet(143)) - 7b057c23-7078-42bd-895a-3a844d9bbeaa: start FollowerState
2019-06-13 20:30:20,514 INFO  util.JmxRegister (JmxRegister.java:tryRegister(44)) - Successfully registered JMX Bean with object name Ratis:service=RaftServer,group=group-AB700AC868C1,id=7b057c23-7078-42bd-895a-3a844d9bbeaa
2019-06-13 20:30:20,515 INFO  pipeline.PipelineStateManager (PipelineStateManager.java:addPipeline(56)) - Created pipeline Pipeline[ Id: 017fa2a1-f9f6-4c29-920c-ab700ac868c1, Nodes: 7b057c23-7078-42bd-895a-3a844d9bbeaa{ip: 192.168.46.63, host: ozone-n9fvl-1305937406, networkLocation: /default-rack, certSerialId: null}, Type:RATIS, Factor:ONE, State:OPEN]
2019-06-13 20:30:20,522 INFO  impl.RaftServerProxy (RaftServerProxy.java:addNew(89)) - 4de7d373-d045-4ed9-9739-46b1e0b3a45d: addNew group-57D7E30B7EAA:[c88b245e-35c2-429a-97d8-bed396254347:192.168.46.63:40413, 7b057c23-7078-42bd-895a-3a844d9bbeaa:192.168.46.63:41321, 4de7d373-d045-4ed9-9739-46b1e0b3a45d:192.168.46.63:44015] returns group-57D7E30B7EAA:java.util.concurrent.CompletableFuture@3e0770be[Not completed]
2019-06-13 20:30:20,522 INFO  impl.RaftServerImpl (RaftServerImpl.java:<init>(91)) - 4de7d373-d045-4ed9-9739-46b1e0b3a45d: new RaftServerImpl for group-57D7E30B7EAA:[c88b245e-35c2-429a-97d8-bed396254347:192.168.46.63:40413, 7b057c23-7078-42bd-895a-3a844d9bbeaa:192.168.46.63:41321, 4de7d373-d045-4ed9-9739-46b1e0b3a45d:192.168.46.63:44015] with ContainerStateMachine:uninitialized
2019-06-13 20:30:20,522 INFO  impl.RaftServerProxy (RaftServerProxy.java:addNew(89)) - c88b245e-35c2-429a-97d8-bed396254347: addNew group-57D7E30B7EAA:[c88b245e-35c2-429a-97d8-bed396254347:192.168.46.63:40413, 7b057c23-7078-42bd-895a-3a844d9bbeaa:192.168.46.63:41321, 4de7d373-d045-4ed9-9739-46b1e0b3a45d:192.168.46.63:44015] returns group-57D7E30B7EAA:java.util.concurrent.CompletableFuture@4f5092c4[Not completed]
2019-06-13 20:30:20,522 INFO  impl.RaftServerProxy (RaftServerProxy.java:addNew(89)) - 7b057c23-7078-42bd-895a-3a844d9bbeaa: addNew group-57D7E30B7EAA:[c88b245e-35c2-429a-97d8-bed396254347:192.168.46.63:40413, 7b057c23-7078-42bd-895a-3a844d9bbeaa:192.168.46.63:41321, 4de7d373-d045-4ed9-9739-46b1e0b3a45d:192.168.46.63:44015] returns group-57D7E30B7EAA:java.util.concurrent.CompletableFuture@73475dff[Not completed]
2019-06-13 20:30:20,522 INFO  server.RaftServerConfigKeys (ConfUtils.java:logGet(43)) - raft.server.rpc.timeout.min = 1s (custom)
2019-06-13 20:30:20,522 INFO  server.RaftServerConfigKeys (ConfUtils.java:logGet(43)) - raft.server.rpc.timeout.max = 1200ms (custom)
2019-06-13 20:30:20,523 INFO  server.RaftServerConfigKeys (ConfUtils.java:logGet(43)) - raft.server.rpcslowness.timeout = 120s (custom)
2019-06-13 20:30:20,523 INFO  server.RaftServerConfigKeys (ConfUtils.java:logGet(43)) - raft.server.log.appender.install.snapshot.enabled = true (default)
2019-06-13 20:30:20,523 INFO  impl.RaftServerImpl (ServerState.java:<init>(101)) - 4de7d373-d045-4ed9-9739-46b1e0b3a45d:group-57D7E30B7EAA ConfigurationManager, init=-1: [c88b245e-35c2-429a-97d8-bed396254347:192.168.46.63:40413, 7b057c23-7078-42bd-895a-3a844d9bbeaa:192.168.46.63:41321, 4de7d373-d045-4ed9-9739-46b1e0b3a45d:192.168.46.63:44015], old=null, confs=<EMPTY_MAP>
2019-06-13 20:30:20,523 INFO  server.RaftServerConfigKeys (ConfUtils.java:logGet(43)) - raft.server.storage.dir = [/opt/src/hadoop-ozone/integration-test/target/test-dir/MiniOzoneClusterImpl-9f56f186-143e-4947-9558-cd65e5d1d158/datanode-3/data/ratis] (custom)
2019-06-13 20:30:20,523 INFO  impl.RaftServerImpl (RaftServerImpl.java:<init>(91)) - c88b245e-35c2-429a-97d8-bed396254347: new RaftServerImpl for group-57D7E30B7EAA:[c88b245e-35c2-429a-97d8-bed396254347:192.168.46.63:40413, 7b057c23-7078-42bd-895a-3a844d9bbeaa:192.168.46.63:41321, 4de7d373-d045-4ed9-9739-46b1e0b3a45d:192.168.46.63:44015] with ContainerStateMachine:uninitialized
2019-06-13 20:30:20,523 INFO  server.RaftServerConfigKeys (ConfUtils.java:logGet(43)) - raft.server.rpc.timeout.min = 1s (custom)
2019-06-13 20:30:20,523 INFO  server.RaftServerConfigKeys (ConfUtils.java:logGet(43)) - raft.server.rpc.timeout.max = 1200ms (custom)
2019-06-13 20:30:20,523 INFO  server.RaftServerConfigKeys (ConfUtils.java:logGet(43)) - raft.server.rpcslowness.timeout = 120s (custom)
2019-06-13 20:30:20,523 INFO  server.RaftServerConfigKeys (ConfUtils.java:logGet(43)) - raft.server.log.appender.install.snapshot.enabled = true (default)
2019-06-13 20:30:20,523 INFO  impl.RaftServerImpl (ServerState.java:<init>(101)) - c88b245e-35c2-429a-97d8-bed396254347:group-57D7E30B7EAA ConfigurationManager, init=-1: [c88b245e-35c2-429a-97d8-bed396254347:192.168.46.63:40413, 7b057c23-7078-42bd-895a-3a844d9bbeaa:192.168.46.63:41321, 4de7d373-d045-4ed9-9739-46b1e0b3a45d:192.168.46.63:44015], old=null, confs=<EMPTY_MAP>
2019-06-13 20:30:20,524 INFO  server.RaftServerConfigKeys (ConfUtils.java:logGet(43)) - raft.server.storage.dir = [/opt/src/hadoop-ozone/integration-test/target/test-dir/MiniOzoneClusterImpl-9f56f186-143e-4947-9558-cd65e5d1d158/datanode-4/data/ratis] (custom)
2019-06-13 20:30:20,524 INFO  storage.RaftStorageDirectory (RaftStorageDirectory.java:analyzeStorage(246)) - The storage directory /opt/src/hadoop-ozone/integration-test/target/test-dir/MiniOzoneClusterImpl-9f56f186-143e-4947-9558-cd65e5d1d158/datanode-4/data/ratis/0fa66f12-5f7e-42a4-b724-57d7e30b7eaa does not exist. Creating ...
2019-06-13 20:30:20,523 INFO  storage.RaftStorageDirectory (RaftStorageDirectory.java:analyzeStorage(246)) - The storage directory /opt/src/hadoop-ozone/integration-test/target/test-dir/MiniOzoneClusterImpl-9f56f186-143e-4947-9558-cd65e5d1d158/datanode-3/data/ratis/0fa66f12-5f7e-42a4-b724-57d7e30b7eaa does not exist. Creating ...
2019-06-13 20:30:20,523 INFO  impl.RaftServerImpl (RaftServerImpl.java:<init>(91)) - 7b057c23-7078-42bd-895a-3a844d9bbeaa: new RaftServerImpl for group-57D7E30B7EAA:[c88b245e-35c2-429a-97d8-bed396254347:192.168.46.63:40413, 7b057c23-7078-42bd-895a-3a844d9bbeaa:192.168.46.63:41321, 4de7d373-d045-4ed9-9739-46b1e0b3a45d:192.168.46.63:44015] with ContainerStateMachine:uninitialized
2019-06-13 20:30:20,524 INFO  server.RaftServerConfigKeys (ConfUtils.java:logGet(43)) - raft.server.rpc.timeout.min = 1s (custom)
2019-06-13 20:30:20,524 INFO  server.RaftServerConfigKeys (ConfUtils.java:logGet(43)) - raft.server.rpc.timeout.max = 1200ms (custom)
2019-06-13 20:30:20,524 INFO  server.RaftServerConfigKeys (ConfUtils.java:logGet(43)) - raft.server.rpcslowness.timeout = 120s (custom)
2019-06-13 20:30:20,524 INFO  server.RaftServerConfigKeys (ConfUtils.java:logGet(43)) - raft.server.log.appender.install.snapshot.enabled = true (default)
2019-06-13 20:30:20,524 INFO  impl.RaftServerImpl (ServerState.java:<init>(101)) - 7b057c23-7078-42bd-895a-3a844d9bbeaa:group-57D7E30B7EAA ConfigurationManager, init=-1: [c88b245e-35c2-429a-97d8-bed396254347:192.168.46.63:40413, 7b057c23-7078-42bd-895a-3a844d9bbeaa:192.168.46.63:41321, 4de7d373-d045-4ed9-9739-46b1e0b3a45d:192.168.46.63:44015], old=null, confs=<EMPTY_MAP>
2019-06-13 20:30:20,524 INFO  server.RaftServerConfigKeys (ConfUtils.java:logGet(43)) - raft.server.storage.dir = [/opt/src/hadoop-ozone/integration-test/target/test-dir/MiniOzoneClusterImpl-9f56f186-143e-4947-9558-cd65e5d1d158/datanode-5/data/ratis] (custom)
2019-06-13 20:30:20,525 INFO  storage.RaftStorageDirectory (RaftStorageDirectory.java:analyzeStorage(246)) - The storage directory /opt/src/hadoop-ozone/integration-test/target/test-dir/MiniOzoneClusterImpl-9f56f186-143e-4947-9558-cd65e5d1d158/datanode-5/data/ratis/0fa66f12-5f7e-42a4-b724-57d7e30b7eaa does not exist. Creating ...
2019-06-13 20:30:20,526 INFO  storage.RaftStorageDirectory (RaftStorageDirectory.java:tryLock(328)) - Lock on /opt/src/hadoop-ozone/integration-test/target/test-dir/MiniOzoneClusterImpl-9f56f186-143e-4947-9558-cd65e5d1d158/datanode-4/data/ratis/0fa66f12-5f7e-42a4-b724-57d7e30b7eaa/in_use.lock acquired by nodename 14802@ozone-n9fvl-1305937406
2019-06-13 20:30:20,526 INFO  storage.RaftStorageDirectory (RaftStorageDirectory.java:tryLock(328)) - Lock on /opt/src/hadoop-ozone/integration-test/target/test-dir/MiniOzoneClusterImpl-9f56f186-143e-4947-9558-cd65e5d1d158/datanode-3/data/ratis/0fa66f12-5f7e-42a4-b724-57d7e30b7eaa/in_use.lock acquired by nodename 14802@ozone-n9fvl-1305937406
2019-06-13 20:30:20,527 INFO  storage.RaftStorageDirectory (RaftStorageDirectory.java:tryLock(328)) - Lock on /opt/src/hadoop-ozone/integration-test/target/test-dir/MiniOzoneClusterImpl-9f56f186-143e-4947-9558-cd65e5d1d158/datanode-5/data/ratis/0fa66f12-5f7e-42a4-b724-57d7e30b7eaa/in_use.lock acquired by nodename 14802@ozone-n9fvl-1305937406
2019-06-13 20:30:20,528 INFO  storage.RaftStorage (RaftStorage.java:format(75)) - Storage directory /opt/src/hadoop-ozone/integration-test/target/test-dir/MiniOzoneClusterImpl-9f56f186-143e-4947-9558-cd65e5d1d158/datanode-3/data/ratis/0fa66f12-5f7e-42a4-b724-57d7e30b7eaa has been successfully formatted.
2019-06-13 20:30:20,528 INFO  storage.RaftStorage (RaftStorage.java:format(75)) - Storage directory /opt/src/hadoop-ozone/integration-test/target/test-dir/MiniOzoneClusterImpl-9f56f186-143e-4947-9558-cd65e5d1d158/datanode-4/data/ratis/0fa66f12-5f7e-42a4-b724-57d7e30b7eaa has been successfully formatted.
2019-06-13 20:30:20,529 INFO  ratis.ContainerStateMachine (ContainerStateMachine.java:loadSnapshot(199)) - The snapshot info is null.Setting the last applied index to:(t:0, i:~)
2019-06-13 20:30:20,529 INFO  ratis.ContainerStateMachine (ContainerStateMachine.java:loadSnapshot(199)) - The snapshot info is null.Setting the last applied index to:(t:0, i:~)
2019-06-13 20:30:20,529 INFO  server.RaftServerConfigKeys (ConfUtils.java:logGet(43)) - raft.server.leader.election.timeout = 120s (custom)
2019-06-13 20:30:20,529 INFO  server.RaftServerConfigKeys (ConfUtils.java:logGet(43)) - raft.server.leader.election.timeout = 120s (custom)
2019-06-13 20:30:20,529 INFO  server.RaftServerConfigKeys (ConfUtils.java:logGet(43)) - raft.server.log.use.memory = false (default)
2019-06-13 20:30:20,529 INFO  server.RaftServerConfigKeys (ConfUtils.java:logGet(43)) - raft.server.log.use.memory = false (default)
2019-06-13 20:30:20,529 INFO  server.RaftServerConfigKeys (ConfUtils.java:logGet(43)) - raft.server.log.appender.buffer.byte-limit = 33554432 (custom)
2019-06-13 20:30:20,529 INFO  server.RaftServerConfigKeys (ConfUtils.java:logGet(43)) - raft.server.log.appender.buffer.byte-limit = 33554432 (custom)
2019-06-13 20:30:20,529 INFO  server.RaftServerConfigKeys (ConfUtils.java:logGet(43)) - raft.server.log.segment.size.max = 16384 (custom)
2019-06-13 20:30:20,529 INFO  server.RaftServerConfigKeys (ConfUtils.java:logGet(43)) - raft.server.log.segment.size.max = 16384 (custom)
2019-06-13 20:30:20,529 INFO  server.RaftServerConfigKeys (ConfUtils.java:logGet(43)) - raft.server.log.segment.cache.num.max = 2 (custom)
2019-06-13 20:30:20,529 INFO  server.RaftServerConfigKeys (ConfUtils.java:logGet(43)) - raft.server.log.segment.cache.num.max = 2 (custom)
2019-06-13 20:30:20,529 INFO  storage.RaftLogWorker (RaftLogWorker.java:<init>(123)) - new 4de7d373-d045-4ed9-9739-46b1e0b3a45d-RaftLogWorker for Storage Directory /opt/src/hadoop-ozone/integration-test/target/test-dir/MiniOzoneClusterImpl-9f56f186-143e-4947-9558-cd65e5d1d158/datanode-3/data/ratis/0fa66f12-5f7e-42a4-b724-57d7e30b7eaa
2019-06-13 20:30:20,529 INFO  storage.RaftLogWorker (RaftLogWorker.java:<init>(123)) - new c88b245e-35c2-429a-97d8-bed396254347-RaftLogWorker for Storage Directory /opt/src/hadoop-ozone/integration-test/target/test-dir/MiniOzoneClusterImpl-9f56f186-143e-4947-9558-cd65e5d1d158/datanode-4/data/ratis/0fa66f12-5f7e-42a4-b724-57d7e30b7eaa
2019-06-13 20:30:20,530 INFO  server.RaftServerConfigKeys (ConfUtils.java:logGet(43)) - raft.server.log.queue.byte-limit = 2147483647 (custom)
2019-06-13 20:30:20,530 INFO  server.RaftServerConfigKeys (ConfUtils.java:logGet(43)) - raft.server.log.queue.byte-limit = 2147483647 (custom)
2019-06-13 20:30:20,530 INFO  storage.RaftStorage (RaftStorage.java:format(75)) - Storage directory /opt/src/hadoop-ozone/integration-test/target/test-dir/MiniOzoneClusterImpl-9f56f186-143e-4947-9558-cd65e5d1d158/datanode-5/data/ratis/0fa66f12-5f7e-42a4-b724-57d7e30b7eaa has been successfully formatted.
2019-06-13 20:30:20,530 INFO  server.RaftServerConfigKeys (ConfUtils.java:logGet(43)) - raft.server.log.queue.element-limit = 1024 (custom)
2019-06-13 20:30:20,530 INFO  ratis.ContainerStateMachine (ContainerStateMachine.java:loadSnapshot(199)) - The snapshot info is null.Setting the last applied index to:(t:0, i:~)
2019-06-13 20:30:20,530 INFO  server.RaftServerConfigKeys (ConfUtils.java:logGet(43)) - raft.server.log.queue.element-limit = 1024 (custom)
2019-06-13 20:30:20,530 INFO  server.RaftServerConfigKeys (ConfUtils.java:logGet(43)) - raft.server.leader.election.timeout = 120s (custom)
2019-06-13 20:30:20,530 INFO  server.RaftServerConfigKeys (ConfUtils.java:logGet(43)) - raft.server.log.segment.size.max = 16384 (custom)
2019-06-13 20:30:20,530 INFO  server.RaftServerConfigKeys (ConfUtils.java:logGet(43)) - raft.server.log.use.memory = false (default)
2019-06-13 20:30:20,530 INFO  server.RaftServerConfigKeys (ConfUtils.java:logGet(43)) - raft.server.log.segment.size.max = 16384 (custom)
2019-06-13 20:30:20,530 INFO  server.RaftServerConfigKeys (ConfUtils.java:logGet(43)) - raft.server.log.appender.buffer.byte-limit = 33554432 (custom)
2019-06-13 20:30:20,530 INFO  server.RaftServerConfigKeys (ConfUtils.java:logGet(43)) - raft.server.log.preallocated.size = 16384 (custom)
2019-06-13 20:30:20,530 INFO  server.RaftServerConfigKeys (ConfUtils.java:logGet(43)) - raft.server.log.segment.size.max = 16384 (custom)
2019-06-13 20:30:20,530 INFO  server.RaftServerConfigKeys (ConfUtils.java:logGet(43)) - raft.server.log.preallocated.size = 16384 (custom)
2019-06-13 20:30:20,531 INFO  server.RaftServerConfigKeys (ConfUtils.java:logGet(43)) - raft.server.log.segment.cache.num.max = 2 (custom)
2019-06-13 20:30:20,531 INFO  storage.RaftLogWorker (RaftLogWorker.java:<init>(123)) - new 7b057c23-7078-42bd-895a-3a844d9bbeaa-RaftLogWorker for Storage Directory /opt/src/hadoop-ozone/integration-test/target/test-dir/MiniOzoneClusterImpl-9f56f186-143e-4947-9558-cd65e5d1d158/datanode-5/data/ratis/0fa66f12-5f7e-42a4-b724-57d7e30b7eaa
2019-06-13 20:30:20,530 INFO  server.RaftServerConfigKeys (ConfUtils.java:logGet(43)) - raft.server.log.write.buffer.size = 33554432 (custom)
2019-06-13 20:30:20,531 INFO  server.RaftServerConfigKeys (ConfUtils.java:logGet(43)) - raft.server.log.queue.byte-limit = 2147483647 (custom)
2019-06-13 20:30:20,531 INFO  server.RaftServerConfigKeys (ConfUtils.java:logGet(43)) - raft.server.log.write.buffer.size = 33554432 (custom)
2019-06-13 20:30:20,531 INFO  server.RaftServerConfigKeys (ConfUtils.java:logGet(43)) - raft.server.log.queue.element-limit = 1024 (custom)
2019-06-13 20:30:20,531 INFO  server.RaftServerConfigKeys (ConfUtils.java:logGet(43)) - raft.server.log.force.sync.num = 128 (default)
2019-06-13 20:30:20,531 INFO  server.RaftServerConfigKeys (ConfUtils.java:logGet(43)) - raft.server.log.segment.size.max = 16384 (custom)
2019-06-13 20:30:20,531 INFO  server.RaftServerConfigKeys (ConfUtils.java:logGet(43)) - raft.server.log.force.sync.num = 128 (default)
2019-06-13 20:30:20,531 INFO  server.RaftServerConfigKeys (ConfUtils.java:logGet(43)) - raft.server.log.preallocated.size = 16384 (custom)
2019-06-13 20:30:20,531 INFO  server.RaftServerConfigKeys (ConfUtils.java:logGet(43)) - raft.server.log.statemachine.data.sync = true (default)
2019-06-13 20:30:20,531 INFO  server.RaftServerConfigKeys (ConfUtils.java:logGet(43)) - raft.server.log.write.buffer.size = 33554432 (custom)
2019-06-13 20:30:20,531 INFO  server.RaftServerConfigKeys (ConfUtils.java:logGet(43)) - raft.server.log.statemachine.data.sync = true (default)
2019-06-13 20:30:20,531 INFO  server.RaftServerConfigKeys (ConfUtils.java:logGet(43)) - raft.server.log.force.sync.num = 128 (default)
2019-06-13 20:30:20,531 INFO  server.RaftServerConfigKeys (ConfUtils.java:logGet(43)) - raft.server.log.statemachine.data.sync.timeout = 10s (default)
2019-06-13 20:30:20,532 INFO  server.RaftServerConfigKeys (ConfUtils.java:logGet(43)) - raft.server.log.statemachine.data.sync = true (default)
2019-06-13 20:30:20,531 INFO  server.RaftServerConfigKeys (ConfUtils.java:logGet(43)) - raft.server.log.statemachine.data.sync.timeout = 10s (default)
2019-06-13 20:30:20,532 INFO  server.RaftServerConfigKeys (ConfUtils.java:logGet(43)) - raft.server.log.statemachine.data.sync.timeout = 10s (default)
2019-06-13 20:30:20,532 INFO  server.RaftServerConfigKeys (ConfUtils.java:logGet(43)) - raft.server.log.statemachine.data.sync.timeout.retry = -1 (default)
2019-06-13 20:30:20,532 INFO  server.RaftServerConfigKeys (ConfUtils.java:logGet(43)) - raft.server.log.statemachine.data.sync.timeout.retry = -1 (default)
2019-06-13 20:30:20,532 INFO  server.RaftServerConfigKeys (ConfUtils.java:logGet(43)) - raft.server.log.statemachine.data.sync.timeout.retry = -1 (default)
2019-06-13 20:30:20,532 INFO  server.RaftServerConfigKeys (ConfUtils.java:logGet(43)) - raft.server.log.statemachine.data.caching.enabled = true (custom)
2019-06-13 20:30:20,532 INFO  server.RaftServerConfigKeys (ConfUtils.java:logGet(43)) - raft.server.log.statemachine.data.caching.enabled = true (custom)
2019-06-13 20:30:20,532 INFO  server.RaftServerConfigKeys (ConfUtils.java:logGet(43)) - raft.server.log.statemachine.data.caching.enabled = true (custom)
2019-06-13 20:30:20,532 INFO  server.RaftServerConfigKeys (ConfUtils.java:logGet(43)) - raft.server.snapshot.auto.trigger.enabled = true (custom)
2019-06-13 20:30:20,532 INFO  server.RaftServerConfigKeys (ConfUtils.java:logGet(43)) - raft.server.snapshot.auto.trigger.enabled = true (custom)
2019-06-13 20:30:20,532 INFO  server.RaftServerConfigKeys (ConfUtils.java:logGet(43)) - raft.server.snapshot.auto.trigger.enabled = true (custom)
2019-06-13 20:30:20,532 INFO  server.RaftServerConfigKeys (ConfUtils.java:logGet(43)) - raft.server.snapshot.auto.trigger.threshold = 10000 (custom)
2019-06-13 20:30:20,532 INFO  server.RaftServerConfigKeys (ConfUtils.java:logGet(43)) - raft.server.snapshot.auto.trigger.threshold = 10000 (custom)
2019-06-13 20:30:20,533 INFO  server.RaftServerConfigKeys (ConfUtils.java:logGet(43)) - raft.server.retrycache.expirytime = 600000ms (custom)
2019-06-13 20:30:20,532 INFO  server.RaftServerConfigKeys (ConfUtils.java:logGet(43)) - raft.server.snapshot.auto.trigger.threshold = 10000 (custom)
2019-06-13 20:30:20,533 INFO  server.RaftServerConfigKeys (ConfUtils.java:logGet(43)) - raft.server.retrycache.expirytime = 600000ms (custom)
2019-06-13 20:30:20,533 INFO  server.RaftServerConfigKeys (ConfUtils.java:logGet(43)) - raft.server.retrycache.expirytime = 600000ms (custom)
2019-06-13 20:30:20,533 INFO  impl.RaftServerImpl (RaftServerImpl.java:start(173)) - 7b057c23-7078-42bd-895a-3a844d9bbeaa: start group-57D7E30B7EAA
2019-06-13 20:30:20,533 INFO  impl.RaftServerImpl (RaftServerImpl.java:setRole(164)) - 7b057c23-7078-42bd-895a-3a844d9bbeaa:group-57D7E30B7EAA changes role from null to FOLLOWER at term 0 for startAsFollower
2019-06-13 20:30:20,533 INFO  impl.RoleInfo (RoleInfo.java:updateAndGet(143)) - 7b057c23-7078-42bd-895a-3a844d9bbeaa: start FollowerState
2019-06-13 20:30:20,533 INFO  impl.RaftServerImpl (RaftServerImpl.java:start(173)) - 4de7d373-d045-4ed9-9739-46b1e0b3a45d: start group-57D7E30B7EAA
2019-06-13 20:30:20,533 INFO  impl.RaftServerImpl (RaftServerImpl.java:start(173)) - c88b245e-35c2-429a-97d8-bed396254347: start group-57D7E30B7EAA
2019-06-13 20:30:20,534 INFO  impl.RaftServerImpl (RaftServerImpl.java:setRole(164)) - c88b245e-35c2-429a-97d8-bed396254347:group-57D7E30B7EAA changes role from null to FOLLOWER at term 0 for startAsFollower
2019-06-13 20:30:20,533 INFO  util.JmxRegister (JmxRegister.java:tryRegister(44)) - Successfully registered JMX Bean with object name Ratis:service=RaftServer,group=group-57D7E30B7EAA,id=7b057c23-7078-42bd-895a-3a844d9bbeaa
2019-06-13 20:30:20,534 INFO  impl.RaftServerImpl (RaftServerImpl.java:setRole(164)) - 4de7d373-d045-4ed9-9739-46b1e0b3a45d:group-57D7E30B7EAA changes role from null to FOLLOWER at term 0 for startAsFollower
2019-06-13 20:30:20,534 INFO  impl.RoleInfo (RoleInfo.java:updateAndGet(143)) - c88b245e-35c2-429a-97d8-bed396254347: start FollowerState
2019-06-13 20:30:20,534 INFO  impl.RoleInfo (RoleInfo.java:updateAndGet(143)) - 4de7d373-d045-4ed9-9739-46b1e0b3a45d: start FollowerState
2019-06-13 20:30:20,534 INFO  util.JmxRegister (JmxRegister.java:tryRegister(44)) - Successfully registered JMX Bean with object name Ratis:service=RaftServer,group=group-57D7E30B7EAA,id=c88b245e-35c2-429a-97d8-bed396254347
2019-06-13 20:30:20,535 INFO  util.JmxRegister (JmxRegister.java:tryRegister(44)) - Successfully registered JMX Bean with object name Ratis:service=RaftServer,group=group-57D7E30B7EAA,id=4de7d373-d045-4ed9-9739-46b1e0b3a45d
2019-06-13 20:30:20,538 INFO  pipeline.PipelineStateManager (PipelineStateManager.java:addPipeline(56)) - Created pipeline Pipeline[ Id: 0fa66f12-5f7e-42a4-b724-57d7e30b7eaa, Nodes: c88b245e-35c2-429a-97d8-bed396254347{ip: 192.168.46.63, host: ozone-n9fvl-1305937406, networkLocation: /default-rack, certSerialId: null}7b057c23-7078-42bd-895a-3a844d9bbeaa{ip: 192.168.46.63, host: ozone-n9fvl-1305937406, networkLocation: /default-rack, certSerialId: null}4de7d373-d045-4ed9-9739-46b1e0b3a45d{ip: 192.168.46.63, host: ozone-n9fvl-1305937406, networkLocation: /default-rack, certSerialId: null}, Type:RATIS, Factor:THREE, State:OPEN]
2019-06-13 20:30:20,655 INFO  impl.FollowerState (FollowerState.java:run(101)) - 22b29415-0695-431e-951c-2892c6f6650d:group-833B95B6A5E6 changes to CANDIDATE, lastRpcTime:1003, electionTimeout:1003ms
2019-06-13 20:30:20,655 INFO  impl.RoleInfo (RoleInfo.java:shutdownFollowerState(121)) - 22b29415-0695-431e-951c-2892c6f6650d: shutdown FollowerState
2019-06-13 20:30:20,655 INFO  impl.RaftServerImpl (RaftServerImpl.java:setRole(164)) - 22b29415-0695-431e-951c-2892c6f6650d:group-833B95B6A5E6 changes role from FOLLOWER to CANDIDATE at term 0 for changeToCandidate
2019-06-13 20:30:20,655 INFO  impl.RoleInfo (RoleInfo.java:updateAndGet(143)) - 22b29415-0695-431e-951c-2892c6f6650d: start LeaderElection
2019-06-13 20:30:20,661 INFO  impl.LeaderElection (LeaderElection.java:askForVotes(181)) - 22b29415-0695-431e-951c-2892c6f6650d:group-833B95B6A5E6:LeaderElection64: begin an election at term 1 for -1: [22b29415-0695-431e-951c-2892c6f6650d:192.168.46.63:37109], old=null
2019-06-13 20:30:20,661 INFO  impl.RoleInfo (RoleInfo.java:shutdownLeaderElection(134)) - 22b29415-0695-431e-951c-2892c6f6650d: shutdown LeaderElection
2019-06-13 20:30:20,661 INFO  impl.RaftServerImpl (RaftServerImpl.java:setRole(164)) - 22b29415-0695-431e-951c-2892c6f6650d:group-833B95B6A5E6 changes role from CANDIDATE to LEADER at term 1 for changeToLeader
2019-06-13 20:30:20,661 INFO  impl.RaftServerImpl (ServerState.java:setLeader(263)) - 22b29415-0695-431e-951c-2892c6f6650d:group-833B95B6A5E6 change Leader from null to 22b29415-0695-431e-951c-2892c6f6650d at term 1 for becomeLeader, leader elected after 1010ms
2019-06-13 20:30:20,661 INFO  server.RaftServerConfigKeys (ConfUtils.java:logGet(43)) - raft.server.staging.catchup.gap = 1000 (default)
2019-06-13 20:30:20,661 INFO  server.RaftServerConfigKeys (ConfUtils.java:logGet(43)) - raft.server.rpc.sleep.time = 25ms (default)
2019-06-13 20:30:20,661 INFO  server.RaftServerConfigKeys (ConfUtils.java:logGet(43)) - raft.server.watch.timeout = 10s (default)
2019-06-13 20:30:20,661 INFO  server.RaftServerConfigKeys (ConfUtils.java:logGet(43)) - raft.server.watch.timeout.denomination = 1s (default)
2019-06-13 20:30:20,661 INFO  impl.RoleInfo (RoleInfo.java:updateAndGet(143)) - 22b29415-0695-431e-951c-2892c6f6650d: start LeaderState
2019-06-13 20:30:20,661 INFO  storage.RaftLogWorker (RaftLogWorker.java:startLogSegment(298)) - 22b29415-0695-431e-951c-2892c6f6650d-RaftLogWorker: Starting segment from index:0
2019-06-13 20:30:20,661 INFO  impl.RaftServerImpl (ServerState.java:setRaftConf(361)) - 22b29415-0695-431e-951c-2892c6f6650d:group-833B95B6A5E6 set configuration 0: [22b29415-0695-431e-951c-2892c6f6650d:192.168.46.63:37109], old=null at 0
2019-06-13 20:30:20,696 INFO  storage.RaftLogWorker (RaftLogWorker.java:execute(469)) - 22b29415-0695-431e-951c-2892c6f6650d-RaftLogWorker: created new log segment /opt/src/hadoop-ozone/integration-test/target/test-dir/MiniOzoneClusterImpl-9f56f186-143e-4947-9558-cd65e5d1d158/datanode-0/data/ratis/0c8ff108-2402-40ea-b655-833b95b6a5e6/current/log_inprogress_0
2019-06-13 20:30:20,907 INFO  impl.FollowerState (FollowerState.java:run(101)) - e4c386a8-2a4f-4f79-9f0b-ee4a7c9ff7ae:group-457D58687670 changes to CANDIDATE, lastRpcTime:1052, electionTimeout:1052ms
2019-06-13 20:30:20,908 INFO  impl.RoleInfo (RoleInfo.java:shutdownFollowerState(121)) - e4c386a8-2a4f-4f79-9f0b-ee4a7c9ff7ae: shutdown FollowerState
2019-06-13 20:30:20,908 INFO  impl.RaftServerImpl (RaftServerImpl.java:setRole(164)) - e4c386a8-2a4f-4f79-9f0b-ee4a7c9ff7ae:group-457D58687670 changes role from FOLLOWER to CANDIDATE at term 0 for changeToCandidate
2019-06-13 20:30:20,908 INFO  impl.RoleInfo (RoleInfo.java:updateAndGet(143)) - e4c386a8-2a4f-4f79-9f0b-ee4a7c9ff7ae: start LeaderElection
2019-06-13 20:30:20,914 INFO  impl.LeaderElection (LeaderElection.java:askForVotes(181)) - e4c386a8-2a4f-4f79-9f0b-ee4a7c9ff7ae:group-457D58687670:LeaderElection65: begin an election at term 1 for -1: [e4c386a8-2a4f-4f79-9f0b-ee4a7c9ff7ae:192.168.46.63:39265], old=null
2019-06-13 20:30:20,914 INFO  impl.RoleInfo (RoleInfo.java:shutdownLeaderElection(134)) - e4c386a8-2a4f-4f79-9f0b-ee4a7c9ff7ae: shutdown LeaderElection
2019-06-13 20:30:20,914 INFO  impl.RaftServerImpl (RaftServerImpl.java:setRole(164)) - e4c386a8-2a4f-4f79-9f0b-ee4a7c9ff7ae:group-457D58687670 changes role from CANDIDATE to LEADER at term 1 for changeToLeader
2019-06-13 20:30:20,914 INFO  impl.RaftServerImpl (ServerState.java:setLeader(263)) - e4c386a8-2a4f-4f79-9f0b-ee4a7c9ff7ae:group-457D58687670 change Leader from null to e4c386a8-2a4f-4f79-9f0b-ee4a7c9ff7ae at term 1 for becomeLeader, leader elected after 1060ms
2019-06-13 20:30:20,914 INFO  server.RaftServerConfigKeys (ConfUtils.java:logGet(43)) - raft.server.staging.catchup.gap = 1000 (default)
2019-06-13 20:30:20,914 INFO  server.RaftServerConfigKeys (ConfUtils.java:logGet(43)) - raft.server.rpc.sleep.time = 25ms (default)
2019-06-13 20:30:20,914 INFO  server.RaftServerConfigKeys (ConfUtils.java:logGet(43)) - raft.server.watch.timeout = 10s (default)
2019-06-13 20:30:20,914 INFO  server.RaftServerConfigKeys (ConfUtils.java:logGet(43)) - raft.server.watch.timeout.denomination = 1s (default)
2019-06-13 20:30:20,914 INFO  impl.RoleInfo (RoleInfo.java:updateAndGet(143)) - e4c386a8-2a4f-4f79-9f0b-ee4a7c9ff7ae: start LeaderState
2019-06-13 20:30:20,915 INFO  storage.RaftLogWorker (RaftLogWorker.java:startLogSegment(298)) - e4c386a8-2a4f-4f79-9f0b-ee4a7c9ff7ae-RaftLogWorker: Starting segment from index:0
2019-06-13 20:30:20,915 INFO  impl.RaftServerImpl (ServerState.java:setRaftConf(361)) - e4c386a8-2a4f-4f79-9f0b-ee4a7c9ff7ae:group-457D58687670 set configuration 0: [e4c386a8-2a4f-4f79-9f0b-ee4a7c9ff7ae:192.168.46.63:39265], old=null at 0
2019-06-13 20:30:20,949 INFO  storage.RaftLogWorker (RaftLogWorker.java:execute(469)) - e4c386a8-2a4f-4f79-9f0b-ee4a7c9ff7ae-RaftLogWorker: created new log segment /opt/src/hadoop-ozone/integration-test/target/test-dir/MiniOzoneClusterImpl-9f56f186-143e-4947-9558-cd65e5d1d158/datanode-1/data/ratis/d9761589-cbee-4e60-95bd-457d58687670/current/log_inprogress_0
2019-06-13 20:30:21,122 INFO  impl.FollowerState (FollowerState.java:run(101)) - e4c386a8-2a4f-4f79-9f0b-ee4a7c9ff7ae:group-376E22635F99 changes to CANDIDATE, lastRpcTime:1071, electionTimeout:1071ms
2019-06-13 20:30:21,122 INFO  impl.RoleInfo (RoleInfo.java:shutdownFollowerState(121)) - e4c386a8-2a4f-4f79-9f0b-ee4a7c9ff7ae: shutdown FollowerState
2019-06-13 20:30:21,122 INFO  impl.RaftServerImpl (RaftServerImpl.java:setRole(164)) - e4c386a8-2a4f-4f79-9f0b-ee4a7c9ff7ae:group-376E22635F99 changes role from FOLLOWER to CANDIDATE at term 0 for changeToCandidate
2019-06-13 20:30:21,122 INFO  impl.RoleInfo (RoleInfo.java:updateAndGet(143)) - e4c386a8-2a4f-4f79-9f0b-ee4a7c9ff7ae: start LeaderElection
2019-06-13 20:30:21,128 INFO  impl.LeaderElection (LeaderElection.java:askForVotes(181)) - e4c386a8-2a4f-4f79-9f0b-ee4a7c9ff7ae:group-376E22635F99:LeaderElection66: begin an election at term 1 for -1: [22b29415-0695-431e-951c-2892c6f6650d:192.168.46.63:37109, e4c386a8-2a4f-4f79-9f0b-ee4a7c9ff7ae:192.168.46.63:39265, 261e0795-f08f-4b3c-911e-83d1f7026d37:192.168.46.63:45275], old=null
2019-06-13 20:30:21,132 INFO  impl.RaftServerImpl (RaftServerImpl.java:setRole(164)) - 261e0795-f08f-4b3c-911e-83d1f7026d37:group-376E22635F99 changes role from FOLLOWER to FOLLOWER at term 1 for recognizeCandidate:e4c386a8-2a4f-4f79-9f0b-ee4a7c9ff7ae
2019-06-13 20:30:21,132 INFO  impl.RoleInfo (RoleInfo.java:shutdownFollowerState(121)) - 261e0795-f08f-4b3c-911e-83d1f7026d37: shutdown FollowerState
2019-06-13 20:30:21,132 INFO  impl.RoleInfo (RoleInfo.java:updateAndGet(143)) - 261e0795-f08f-4b3c-911e-83d1f7026d37: start FollowerState
2019-06-13 20:30:21,133 INFO  impl.FollowerState (FollowerState.java:run(109)) - 261e0795-f08f-4b3c-911e-83d1f7026d37: FollowerState was interrupted: java.lang.InterruptedException: sleep interrupted
2019-06-13 20:30:21,136 INFO  impl.LeaderElection (LeaderElection.java:logAndReturn(56)) - e4c386a8-2a4f-4f79-9f0b-ee4a7c9ff7ae:group-376E22635F99:LeaderElection66: Election PASSED; received 1 response(s) [e4c386a8-2a4f-4f79-9f0b-ee4a7c9ff7ae->261e0795-f08f-4b3c-911e-83d1f7026d37,true-t1] and 0 exception(s); e4c386a8-2a4f-4f79-9f0b-ee4a7c9ff7ae:t1, leader=null, voted=e4c386a8-2a4f-4f79-9f0b-ee4a7c9ff7ae, raftlog=e4c386a8-2a4f-4f79-9f0b-ee4a7c9ff7ae-SegmentedRaftLog:OPENED:c-1,f-1,i0, conf=-1: [22b29415-0695-431e-951c-2892c6f6650d:192.168.46.63:37109, e4c386a8-2a4f-4f79-9f0b-ee4a7c9ff7ae:192.168.46.63:39265, 261e0795-f08f-4b3c-911e-83d1f7026d37:192.168.46.63:45275], old=null
2019-06-13 20:30:21,137 INFO  impl.RoleInfo (RoleInfo.java:shutdownLeaderElection(134)) - e4c386a8-2a4f-4f79-9f0b-ee4a7c9ff7ae: shutdown LeaderElection
2019-06-13 20:30:21,137 INFO  impl.RaftServerImpl (RaftServerImpl.java:setRole(164)) - e4c386a8-2a4f-4f79-9f0b-ee4a7c9ff7ae:group-376E22635F99 changes role from CANDIDATE to LEADER at term 1 for changeToLeader
2019-06-13 20:30:21,137 INFO  impl.RaftServerImpl (ServerState.java:setLeader(263)) - e4c386a8-2a4f-4f79-9f0b-ee4a7c9ff7ae:group-376E22635F99 change Leader from null to e4c386a8-2a4f-4f79-9f0b-ee4a7c9ff7ae at term 1 for becomeLeader, leader elected after 1089ms
2019-06-13 20:30:21,137 INFO  server.RaftServerConfigKeys (ConfUtils.java:logGet(43)) - raft.server.staging.catchup.gap = 1000 (default)
2019-06-13 20:30:21,137 INFO  server.RaftServerConfigKeys (ConfUtils.java:logGet(43)) - raft.server.rpc.sleep.time = 25ms (default)
2019-06-13 20:30:21,137 INFO  server.RaftServerConfigKeys (ConfUtils.java:logGet(43)) - raft.server.watch.timeout = 10s (default)
2019-06-13 20:30:21,137 INFO  server.RaftServerConfigKeys (ConfUtils.java:logGet(43)) - raft.server.watch.timeout.denomination = 1s (default)
2019-06-13 20:30:21,137 INFO  server.RaftServerConfigKeys (ConfUtils.java:logGet(43)) - raft.server.log.appender.snapshot.chunk.size.max = 16MB (=16777216) (default)
2019-06-13 20:30:21,137 INFO  server.RaftServerConfigKeys (ConfUtils.java:logGet(43)) - raft.server.log.appender.buffer.byte-limit = 33554432 (custom)
2019-06-13 20:30:21,137 INFO  server.RaftServerConfigKeys (ConfUtils.java:logGet(43)) - raft.server.log.appender.buffer.element-limit = 1 (custom)
2019-06-13 20:30:21,138 INFO  grpc.GrpcConfigKeys$Server (ConfUtils.java:logGet(43)) - raft.grpc.server.leader.outstanding.appends.max = 128 (default)
2019-06-13 20:30:21,138 INFO  server.RaftServerConfigKeys (ConfUtils.java:logGet(43)) - raft.server.rpc.request.timeout = 3000ms (default)
2019-06-13 20:30:21,138 INFO  server.RaftServerConfigKeys (ConfUtils.java:logGet(43)) - raft.server.log.appender.install.snapshot.enabled = true (default)
2019-06-13 20:30:21,138 INFO  impl.RaftServerImpl (RaftServerImpl.java:setRole(164)) - 22b29415-0695-431e-951c-2892c6f6650d:group-376E22635F99 changes role from FOLLOWER to FOLLOWER at term 1 for recognizeCandidate:e4c386a8-2a4f-4f79-9f0b-ee4a7c9ff7ae
2019-06-13 20:30:21,138 INFO  impl.RoleInfo (RoleInfo.java:shutdownFollowerState(121)) - 22b29415-0695-431e-951c-2892c6f6650d: shutdown FollowerState
2019-06-13 20:30:21,138 INFO  impl.RoleInfo (RoleInfo.java:updateAndGet(143)) - 22b29415-0695-431e-951c-2892c6f6650d: start FollowerState
2019-06-13 20:30:21,138 INFO  server.RaftServerConfigKeys (ConfUtils.java:logGet(43)) - raft.server.log.appender.snapshot.chunk.size.max = 16MB (=16777216) (default)
2019-06-13 20:30:21,138 INFO  impl.FollowerState (FollowerState.java:run(109)) - 22b29415-0695-431e-951c-2892c6f6650d: FollowerState was interrupted: java.lang.InterruptedException: sleep interrupted
2019-06-13 20:30:21,138 INFO  server.RaftServerConfigKeys (ConfUtils.java:logGet(43)) - raft.server.log.appender.buffer.byte-limit = 33554432 (custom)
2019-06-13 20:30:21,138 INFO  server.RaftServerConfigKeys (ConfUtils.java:logGet(43)) - raft.server.log.appender.buffer.element-limit = 1 (custom)
2019-06-13 20:30:21,139 INFO  grpc.GrpcConfigKeys$Server (ConfUtils.java:logGet(43)) - raft.grpc.server.leader.outstanding.appends.max = 128 (default)
2019-06-13 20:30:21,139 INFO  server.RaftServerConfigKeys (ConfUtils.java:logGet(43)) - raft.server.rpc.request.timeout = 3000ms (default)
2019-06-13 20:30:21,139 INFO  server.RaftServerConfigKeys (ConfUtils.java:logGet(43)) - raft.server.log.appender.install.snapshot.enabled = true (default)
2019-06-13 20:30:21,139 INFO  impl.RoleInfo (RoleInfo.java:updateAndGet(143)) - e4c386a8-2a4f-4f79-9f0b-ee4a7c9ff7ae: start LeaderState
2019-06-13 20:30:21,139 INFO  storage.RaftLogWorker (RaftLogWorker.java:startLogSegment(298)) - e4c386a8-2a4f-4f79-9f0b-ee4a7c9ff7ae-RaftLogWorker: Starting segment from index:0
2019-06-13 20:30:21,153 INFO  impl.RaftServerImpl (ServerState.java:setRaftConf(361)) - e4c386a8-2a4f-4f79-9f0b-ee4a7c9ff7ae:group-376E22635F99 set configuration 0: [22b29415-0695-431e-951c-2892c6f6650d:192.168.46.63:37109, e4c386a8-2a4f-4f79-9f0b-ee4a7c9ff7ae:192.168.46.63:39265, 261e0795-f08f-4b3c-911e-83d1f7026d37:192.168.46.63:45275], old=null at 0
2019-06-13 20:30:21,166 INFO  impl.RaftServerImpl (ServerState.java:setLeader(263)) - 261e0795-f08f-4b3c-911e-83d1f7026d37:group-376E22635F99 change Leader from null to e4c386a8-2a4f-4f79-9f0b-ee4a7c9ff7ae at term 1 for appendEntries, leader elected after 1119ms
2019-06-13 20:30:21,166 INFO  impl.RaftServerImpl (ServerState.java:setLeader(263)) - 22b29415-0695-431e-951c-2892c6f6650d:group-376E22635F99 change Leader from null to e4c386a8-2a4f-4f79-9f0b-ee4a7c9ff7ae at term 1 for appendEntries, leader elected after 1118ms
2019-06-13 20:30:21,167 INFO  impl.RaftServerImpl (ServerState.java:setRaftConf(361)) - 261e0795-f08f-4b3c-911e-83d1f7026d37:group-376E22635F99 set configuration 0: [22b29415-0695-431e-951c-2892c6f6650d:192.168.46.63:37109, e4c386a8-2a4f-4f79-9f0b-ee4a7c9ff7ae:192.168.46.63:39265, 261e0795-f08f-4b3c-911e-83d1f7026d37:192.168.46.63:45275], old=null at 0
2019-06-13 20:30:21,167 INFO  storage.RaftLogWorker (RaftLogWorker.java:startLogSegment(298)) - 261e0795-f08f-4b3c-911e-83d1f7026d37-RaftLogWorker: Starting segment from index:0
2019-06-13 20:30:21,172 INFO  impl.RaftServerImpl (ServerState.java:setRaftConf(361)) - 22b29415-0695-431e-951c-2892c6f6650d:group-376E22635F99 set configuration 0: [22b29415-0695-431e-951c-2892c6f6650d:192.168.46.63:37109, e4c386a8-2a4f-4f79-9f0b-ee4a7c9ff7ae:192.168.46.63:39265, 261e0795-f08f-4b3c-911e-83d1f7026d37:192.168.46.63:45275], old=null at 0
2019-06-13 20:30:21,173 INFO  storage.RaftLogWorker (RaftLogWorker.java:startLogSegment(298)) - 22b29415-0695-431e-951c-2892c6f6650d-RaftLogWorker: Starting segment from index:0
2019-06-13 20:30:21,188 INFO  storage.RaftLogWorker (RaftLogWorker.java:execute(469)) - e4c386a8-2a4f-4f79-9f0b-ee4a7c9ff7ae-RaftLogWorker: created new log segment /opt/src/hadoop-ozone/integration-test/target/test-dir/MiniOzoneClusterImpl-9f56f186-143e-4947-9558-cd65e5d1d158/datanode-1/data/ratis/c7df5d94-ac12-447f-b55d-376e22635f99/current/log_inprogress_0
2019-06-13 20:30:21,211 INFO  storage.RaftLogWorker (RaftLogWorker.java:execute(469)) - 261e0795-f08f-4b3c-911e-83d1f7026d37-RaftLogWorker: created new log segment /opt/src/hadoop-ozone/integration-test/target/test-dir/MiniOzoneClusterImpl-9f56f186-143e-4947-9558-cd65e5d1d158/datanode-2/data/ratis/c7df5d94-ac12-447f-b55d-376e22635f99/current/log_inprogress_0
2019-06-13 20:30:21,213 INFO  storage.RaftLogWorker (RaftLogWorker.java:execute(469)) - 22b29415-0695-431e-951c-2892c6f6650d-RaftLogWorker: created new log segment /opt/src/hadoop-ozone/integration-test/target/test-dir/MiniOzoneClusterImpl-9f56f186-143e-4947-9558-cd65e5d1d158/datanode-0/data/ratis/c7df5d94-ac12-447f-b55d-376e22635f99/current/log_inprogress_0
2019-06-13 20:30:21,219 INFO  impl.FollowerState (FollowerState.java:run(101)) - 261e0795-f08f-4b3c-911e-83d1f7026d37:group-6AB07FBE2D9B changes to CANDIDATE, lastRpcTime:1200, electionTimeout:1200ms
2019-06-13 20:30:21,220 INFO  impl.RoleInfo (RoleInfo.java:shutdownFollowerState(121)) - 261e0795-f08f-4b3c-911e-83d1f7026d37: shutdown FollowerState
2019-06-13 20:30:21,220 INFO  impl.RaftServerImpl (RaftServerImpl.java:setRole(164)) - 261e0795-f08f-4b3c-911e-83d1f7026d37:group-6AB07FBE2D9B changes role from FOLLOWER to CANDIDATE at term 0 for changeToCandidate
2019-06-13 20:30:21,220 INFO  impl.RoleInfo (RoleInfo.java:updateAndGet(143)) - 261e0795-f08f-4b3c-911e-83d1f7026d37: start LeaderElection
2019-06-13 20:30:21,224 INFO  impl.FollowerState (FollowerState.java:run(101)) - 4de7d373-d045-4ed9-9739-46b1e0b3a45d:group-737B0558B08E changes to CANDIDATE, lastRpcTime:1039, electionTimeout:1039ms
2019-06-13 20:30:21,224 INFO  impl.RoleInfo (RoleInfo.java:shutdownFollowerState(121)) - 4de7d373-d045-4ed9-9739-46b1e0b3a45d: shutdown FollowerState
2019-06-13 20:30:21,224 INFO  impl.RaftServerImpl (RaftServerImpl.java:setRole(164)) - 4de7d373-d045-4ed9-9739-46b1e0b3a45d:group-737B0558B08E changes role from FOLLOWER to CANDIDATE at term 0 for changeToCandidate
2019-06-13 20:30:21,224 INFO  impl.RoleInfo (RoleInfo.java:updateAndGet(143)) - 4de7d373-d045-4ed9-9739-46b1e0b3a45d: start LeaderElection
2019-06-13 20:30:21,227 INFO  impl.LeaderElection (LeaderElection.java:askForVotes(181)) - 261e0795-f08f-4b3c-911e-83d1f7026d37:group-6AB07FBE2D9B:LeaderElection67: begin an election at term 1 for -1: [261e0795-f08f-4b3c-911e-83d1f7026d37:192.168.46.63:45275], old=null
2019-06-13 20:30:21,227 INFO  impl.RoleInfo (RoleInfo.java:shutdownLeaderElection(134)) - 261e0795-f08f-4b3c-911e-83d1f7026d37: shutdown LeaderElection
2019-06-13 20:30:21,227 INFO  impl.RaftServerImpl (RaftServerImpl.java:setRole(164)) - 261e0795-f08f-4b3c-911e-83d1f7026d37:group-6AB07FBE2D9B changes role from CANDIDATE to LEADER at term 1 for changeToLeader
2019-06-13 20:30:21,227 INFO  impl.RaftServerImpl (ServerState.java:setLeader(263)) - 261e0795-f08f-4b3c-911e-83d1f7026d37:group-6AB07FBE2D9B change Leader from null to 261e0795-f08f-4b3c-911e-83d1f7026d37 at term 1 for becomeLeader, leader elected after 1210ms
2019-06-13 20:30:21,227 INFO  server.RaftServerConfigKeys (ConfUtils.java:logGet(43)) - raft.server.staging.catchup.gap = 1000 (default)
2019-06-13 20:30:21,227 INFO  server.RaftServerConfigKeys (ConfUtils.java:logGet(43)) - raft.server.rpc.sleep.time = 25ms (default)
2019-06-13 20:30:21,228 INFO  server.RaftServerConfigKeys (ConfUtils.java:logGet(43)) - raft.server.watch.timeout = 10s (default)
2019-06-13 20:30:21,228 INFO  server.RaftServerConfigKeys (ConfUtils.java:logGet(43)) - raft.server.watch.timeout.denomination = 1s (default)
2019-06-13 20:30:21,228 INFO  impl.RoleInfo (RoleInfo.java:updateAndGet(143)) - 261e0795-f08f-4b3c-911e-83d1f7026d37: start LeaderState
2019-06-13 20:30:21,228 INFO  storage.RaftLogWorker (RaftLogWorker.java:startLogSegment(298)) - 261e0795-f08f-4b3c-911e-83d1f7026d37-RaftLogWorker: Starting segment from index:0
2019-06-13 20:30:21,228 INFO  impl.RaftServerImpl (ServerState.java:setRaftConf(361)) - 261e0795-f08f-4b3c-911e-83d1f7026d37:group-6AB07FBE2D9B set configuration 0: [261e0795-f08f-4b3c-911e-83d1f7026d37:192.168.46.63:45275], old=null at 0
2019-06-13 20:30:21,229 INFO  impl.LeaderElection (LeaderElection.java:askForVotes(181)) - 4de7d373-d045-4ed9-9739-46b1e0b3a45d:group-737B0558B08E:LeaderElection68: begin an election at term 1 for -1: [4de7d373-d045-4ed9-9739-46b1e0b3a45d:192.168.46.63:44015], old=null
2019-06-13 20:30:21,229 INFO  impl.RoleInfo (RoleInfo.java:shutdownLeaderElection(134)) - 4de7d373-d045-4ed9-9739-46b1e0b3a45d: shutdown LeaderElection
2019-06-13 20:30:21,229 INFO  impl.RaftServerImpl (RaftServerImpl.java:setRole(164)) - 4de7d373-d045-4ed9-9739-46b1e0b3a45d:group-737B0558B08E changes role from CANDIDATE to LEADER at term 1 for changeToLeader
2019-06-13 20:30:21,229 INFO  impl.RaftServerImpl (ServerState.java:setLeader(263)) - 4de7d373-d045-4ed9-9739-46b1e0b3a45d:group-737B0558B08E change Leader from null to 4de7d373-d045-4ed9-9739-46b1e0b3a45d at term 1 for becomeLeader, leader elected after 1046ms
2019-06-13 20:30:21,229 INFO  server.RaftServerConfigKeys (ConfUtils.java:logGet(43)) - raft.server.staging.catchup.gap = 1000 (default)
2019-06-13 20:30:21,229 INFO  server.RaftServerConfigKeys (ConfUtils.java:logGet(43)) - raft.server.rpc.sleep.time = 25ms (default)
2019-06-13 20:30:21,229 INFO  server.RaftServerConfigKeys (ConfUtils.java:logGet(43)) - raft.server.watch.timeout = 10s (default)
2019-06-13 20:30:21,230 INFO  server.RaftServerConfigKeys (ConfUtils.java:logGet(43)) - raft.server.watch.timeout.denomination = 1s (default)
2019-06-13 20:30:21,230 INFO  impl.RoleInfo (RoleInfo.java:updateAndGet(143)) - 4de7d373-d045-4ed9-9739-46b1e0b3a45d: start LeaderState
2019-06-13 20:30:21,230 INFO  storage.RaftLogWorker (RaftLogWorker.java:startLogSegment(298)) - 4de7d373-d045-4ed9-9739-46b1e0b3a45d-RaftLogWorker: Starting segment from index:0
2019-06-13 20:30:21,230 INFO  impl.RaftServerImpl (ServerState.java:setRaftConf(361)) - 4de7d373-d045-4ed9-9739-46b1e0b3a45d:group-737B0558B08E set configuration 0: [4de7d373-d045-4ed9-9739-46b1e0b3a45d:192.168.46.63:44015], old=null at 0
2019-06-13 20:30:21,266 INFO  storage.RaftLogWorker (RaftLogWorker.java:execute(469)) - 261e0795-f08f-4b3c-911e-83d1f7026d37-RaftLogWorker: created new log segment /opt/src/hadoop-ozone/integration-test/target/test-dir/MiniOzoneClusterImpl-9f56f186-143e-4947-9558-cd65e5d1d158/datanode-2/data/ratis/04223ed7-602d-43f9-9a11-6ab07fbe2d9b/current/log_inprogress_0
2019-06-13 20:30:21,267 INFO  storage.RaftLogWorker (RaftLogWorker.java:execute(469)) - 4de7d373-d045-4ed9-9739-46b1e0b3a45d-RaftLogWorker: created new log segment /opt/src/hadoop-ozone/integration-test/target/test-dir/MiniOzoneClusterImpl-9f56f186-143e-4947-9558-cd65e5d1d158/datanode-3/data/ratis/3b2a1a3e-7c7d-49b2-8af3-737b0558b08e/current/log_inprogress_0
2019-06-13 20:30:21,429 INFO  impl.FollowerState (FollowerState.java:run(101)) - c88b245e-35c2-429a-97d8-bed396254347:group-372CAAF85D64 changes to CANDIDATE, lastRpcTime:1111, electionTimeout:1111ms
2019-06-13 20:30:21,429 INFO  impl.RoleInfo (RoleInfo.java:shutdownFollowerState(121)) - c88b245e-35c2-429a-97d8-bed396254347: shutdown FollowerState
2019-06-13 20:30:21,429 INFO  impl.RaftServerImpl (RaftServerImpl.java:setRole(164)) - c88b245e-35c2-429a-97d8-bed396254347:group-372CAAF85D64 changes role from FOLLOWER to CANDIDATE at term 0 for changeToCandidate
2019-06-13 20:30:21,430 INFO  impl.RoleInfo (RoleInfo.java:updateAndGet(143)) - c88b245e-35c2-429a-97d8-bed396254347: start LeaderElection
2019-06-13 20:30:21,435 INFO  impl.LeaderElection (LeaderElection.java:askForVotes(181)) - c88b245e-35c2-429a-97d8-bed396254347:group-372CAAF85D64:LeaderElection69: begin an election at term 1 for -1: [c88b245e-35c2-429a-97d8-bed396254347:192.168.46.63:40413], old=null
2019-06-13 20:30:21,436 INFO  impl.RoleInfo (RoleInfo.java:shutdownLeaderElection(134)) - c88b245e-35c2-429a-97d8-bed396254347: shutdown LeaderElection
2019-06-13 20:30:21,436 INFO  impl.RaftServerImpl (RaftServerImpl.java:setRole(164)) - c88b245e-35c2-429a-97d8-bed396254347:group-372CAAF85D64 changes role from CANDIDATE to LEADER at term 1 for changeToLeader
2019-06-13 20:30:21,436 INFO  impl.RaftServerImpl (ServerState.java:setLeader(263)) - c88b245e-35c2-429a-97d8-bed396254347:group-372CAAF85D64 change Leader from null to c88b245e-35c2-429a-97d8-bed396254347 at term 1 for becomeLeader, leader elected after 1119ms
2019-06-13 20:30:21,436 INFO  server.RaftServerConfigKeys (ConfUtils.java:logGet(43)) - raft.server.staging.catchup.gap = 1000 (default)
2019-06-13 20:30:21,436 INFO  server.RaftServerConfigKeys (ConfUtils.java:logGet(43)) - raft.server.rpc.sleep.time = 25ms (default)
2019-06-13 20:30:21,436 INFO  server.RaftServerConfigKeys (ConfUtils.java:logGet(43)) - raft.server.watch.timeout = 10s (default)
2019-06-13 20:30:21,436 INFO  server.RaftServerConfigKeys (ConfUtils.java:logGet(43)) - raft.server.watch.timeout.denomination = 1s (default)
2019-06-13 20:30:21,436 INFO  impl.RoleInfo (RoleInfo.java:updateAndGet(143)) - c88b245e-35c2-429a-97d8-bed396254347: start LeaderState
2019-06-13 20:30:21,436 INFO  storage.RaftLogWorker (RaftLogWorker.java:startLogSegment(298)) - c88b245e-35c2-429a-97d8-bed396254347-RaftLogWorker: Starting segment from index:0
2019-06-13 20:30:21,436 INFO  impl.RaftServerImpl (ServerState.java:setRaftConf(361)) - c88b245e-35c2-429a-97d8-bed396254347:group-372CAAF85D64 set configuration 0: [c88b245e-35c2-429a-97d8-bed396254347:192.168.46.63:40413], old=null at 0
2019-06-13 20:30:21,471 INFO  storage.RaftLogWorker (RaftLogWorker.java:execute(469)) - c88b245e-35c2-429a-97d8-bed396254347-RaftLogWorker: created new log segment /opt/src/hadoop-ozone/integration-test/target/test-dir/MiniOzoneClusterImpl-9f56f186-143e-4947-9558-cd65e5d1d158/datanode-4/data/ratis/de1a0e45-655a-42d6-8462-372caaf85d64/current/log_inprogress_0
2019-06-13 20:30:21,494 INFO  ozone.MiniOzoneClusterImpl (MiniOzoneClusterImpl.java:lambda$waitForClusterToBeReady$0(142)) - Cluster is ready. Got 6 of 6 DN Heartbeats.
2019-06-13 20:30:21,507 INFO  rpc.RpcClient (RpcClient.java:createVolume(289)) - Creating Volume: datanodefailurehandlingtest, with root as owner.
2019-06-13 20:30:21,515 INFO  rpc.RpcClient (RpcClient.java:createBucket(426)) - Creating Bucket: datanodefailurehandlingtest/datanodefailurehandlingtest, with Versioning false and Storage Type set to DISK and Encryption set to false 
2019-06-13 20:30:21,537 INFO  client.GrpcClientProtocolClient (GrpcClientProtocolClient.java:onNext(254)) - client-BAAE13FBE1DE->261e0795-f08f-4b3c-911e-83d1f7026d37: receive RaftClientReply:client-BAAE13FBE1DE->261e0795-f08f-4b3c-911e-83d1f7026d37@group-376E22635F99, cid=159, FAILED org.apache.ratis.protocol.NotLeaderException: Server 261e0795-f08f-4b3c-911e-83d1f7026d37 is not the leader (e4c386a8-2a4f-4f79-9f0b-ee4a7c9ff7ae:192.168.46.63:39265). Request must be sent to leader., logIndex=0, commits[261e0795-f08f-4b3c-911e-83d1f7026d37:c-1, 22b29415-0695-431e-951c-2892c6f6650d:c-1, e4c386a8-2a4f-4f79-9f0b-ee4a7c9ff7ae:c-1]
2019-06-13 20:30:21,539 INFO  impl.FollowerState (FollowerState.java:run(101)) - 4de7d373-d045-4ed9-9739-46b1e0b3a45d:group-57D7E30B7EAA changes to CANDIDATE, lastRpcTime:1004, electionTimeout:1004ms
2019-06-13 20:30:21,539 INFO  impl.RoleInfo (RoleInfo.java:shutdownFollowerState(121)) - 4de7d373-d045-4ed9-9739-46b1e0b3a45d: shutdown FollowerState
2019-06-13 20:30:21,539 INFO  impl.RaftServerImpl (RaftServerImpl.java:setRole(164)) - 4de7d373-d045-4ed9-9739-46b1e0b3a45d:group-57D7E30B7EAA changes role from FOLLOWER to CANDIDATE at term 0 for changeToCandidate
2019-06-13 20:30:21,539 INFO  impl.RoleInfo (RoleInfo.java:updateAndGet(143)) - 4de7d373-d045-4ed9-9739-46b1e0b3a45d: start LeaderElection
2019-06-13 20:30:21,540 WARN  client.GrpcClientProtocolService (LogUtils.java:warn(134)) - 0-OrderedRequestStreamObserver0: onError: org.apache.ratis.thirdparty.io.grpc.StatusRuntimeException: CANCELLED: cancelled before receiving half close
2019-06-13 20:30:21,546 INFO  impl.LeaderElection (LeaderElection.java:askForVotes(181)) - 4de7d373-d045-4ed9-9739-46b1e0b3a45d:group-57D7E30B7EAA:LeaderElection70: begin an election at term 1 for -1: [c88b245e-35c2-429a-97d8-bed396254347:192.168.46.63:40413, 7b057c23-7078-42bd-895a-3a844d9bbeaa:192.168.46.63:41321, 4de7d373-d045-4ed9-9739-46b1e0b3a45d:192.168.46.63:44015], old=null
2019-06-13 20:30:21,550 INFO  impl.FollowerState (FollowerState.java:run(101)) - 7b057c23-7078-42bd-895a-3a844d9bbeaa:group-AB700AC868C1 changes to CANDIDATE, lastRpcTime:1036, electionTimeout:1036ms
2019-06-13 20:30:21,550 INFO  impl.RoleInfo (RoleInfo.java:shutdownFollowerState(121)) - 7b057c23-7078-42bd-895a-3a844d9bbeaa: shutdown FollowerState
2019-06-13 20:30:21,550 INFO  impl.RaftServerImpl (RaftServerImpl.java:setRole(164)) - 7b057c23-7078-42bd-895a-3a844d9bbeaa:group-AB700AC868C1 changes role from FOLLOWER to CANDIDATE at term 0 for changeToCandidate
2019-06-13 20:30:21,550 INFO  impl.RoleInfo (RoleInfo.java:updateAndGet(143)) - 7b057c23-7078-42bd-895a-3a844d9bbeaa: start LeaderElection
2019-06-13 20:30:21,552 INFO  impl.RaftServerImpl (RaftServerImpl.java:setRole(164)) - c88b245e-35c2-429a-97d8-bed396254347:group-57D7E30B7EAA changes role from FOLLOWER to FOLLOWER at term 1 for recognizeCandidate:4de7d373-d045-4ed9-9739-46b1e0b3a45d
2019-06-13 20:30:21,552 INFO  impl.RoleInfo (RoleInfo.java:shutdownFollowerState(121)) - c88b245e-35c2-429a-97d8-bed396254347: shutdown FollowerState
2019-06-13 20:30:21,552 INFO  impl.RoleInfo (RoleInfo.java:updateAndGet(143)) - c88b245e-35c2-429a-97d8-bed396254347: start FollowerState
2019-06-13 20:30:21,552 INFO  impl.FollowerState (FollowerState.java:run(109)) - c88b245e-35c2-429a-97d8-bed396254347: FollowerState was interrupted: java.lang.InterruptedException: sleep interrupted
2019-06-13 20:30:21,552 INFO  impl.RaftServerImpl (RaftServerImpl.java:setRole(164)) - 7b057c23-7078-42bd-895a-3a844d9bbeaa:group-57D7E30B7EAA changes role from FOLLOWER to FOLLOWER at term 1 for recognizeCandidate:4de7d373-d045-4ed9-9739-46b1e0b3a45d
2019-06-13 20:30:21,554 INFO  impl.RoleInfo (RoleInfo.java:shutdownFollowerState(121)) - 7b057c23-7078-42bd-895a-3a844d9bbeaa: shutdown FollowerState
2019-06-13 20:30:21,554 INFO  impl.LeaderElection (LeaderElection.java:askForVotes(181)) - 7b057c23-7078-42bd-895a-3a844d9bbeaa:group-AB700AC868C1:LeaderElection71: begin an election at term 1 for -1: [7b057c23-7078-42bd-895a-3a844d9bbeaa:192.168.46.63:41321], old=null
2019-06-13 20:30:21,554 INFO  impl.RoleInfo (RoleInfo.java:updateAndGet(143)) - 7b057c23-7078-42bd-895a-3a844d9bbeaa: start FollowerState
2019-06-13 20:30:21,554 INFO  impl.RoleInfo (RoleInfo.java:shutdownLeaderElection(134)) - 7b057c23-7078-42bd-895a-3a844d9bbeaa: shutdown LeaderElection
2019-06-13 20:30:21,555 INFO  impl.RaftServerImpl (RaftServerImpl.java:setRole(164)) - 7b057c23-7078-42bd-895a-3a844d9bbeaa:group-AB700AC868C1 changes role from CANDIDATE to LEADER at term 1 for changeToLeader
2019-06-13 20:30:21,556 INFO  impl.RaftServerImpl (ServerState.java:setLeader(263)) - 7b057c23-7078-42bd-895a-3a844d9bbeaa:group-AB700AC868C1 change Leader from null to 7b057c23-7078-42bd-895a-3a844d9bbeaa at term 1 for becomeLeader, leader elected after 1043ms
2019-06-13 20:30:21,556 INFO  server.RaftServerConfigKeys (ConfUtils.java:logGet(43)) - raft.server.staging.catchup.gap = 1000 (default)
2019-06-13 20:30:21,556 INFO  server.RaftServerConfigKeys (ConfUtils.java:logGet(43)) - raft.server.rpc.sleep.time = 25ms (default)
2019-06-13 20:30:21,556 INFO  server.RaftServerConfigKeys (ConfUtils.java:logGet(43)) - raft.server.watch.timeout = 10s (default)
2019-06-13 20:30:21,556 INFO  server.RaftServerConfigKeys (ConfUtils.java:logGet(43)) - raft.server.watch.timeout.denomination = 1s (default)
2019-06-13 20:30:21,556 INFO  impl.RoleInfo (RoleInfo.java:updateAndGet(143)) - 7b057c23-7078-42bd-895a-3a844d9bbeaa: start LeaderState
2019-06-13 20:30:21,556 INFO  storage.RaftLogWorker (RaftLogWorker.java:startLogSegment(298)) - 7b057c23-7078-42bd-895a-3a844d9bbeaa-RaftLogWorker: Starting segment from index:0
2019-06-13 20:30:21,557 INFO  impl.RaftServerImpl (ServerState.java:setRaftConf(361)) - 7b057c23-7078-42bd-895a-3a844d9bbeaa:group-AB700AC868C1 set configuration 0: [7b057c23-7078-42bd-895a-3a844d9bbeaa:192.168.46.63:41321], old=null at 0
2019-06-13 20:30:21,554 INFO  impl.FollowerState (FollowerState.java:run(109)) - 7b057c23-7078-42bd-895a-3a844d9bbeaa: FollowerState was interrupted: java.lang.InterruptedException: sleep interrupted
2019-06-13 20:30:21,557 INFO  impl.LeaderElection (LeaderElection.java:logAndReturn(56)) - 4de7d373-d045-4ed9-9739-46b1e0b3a45d:group-57D7E30B7EAA:LeaderElection70: Election PASSED; received 1 response(s) [4de7d373-d045-4ed9-9739-46b1e0b3a45d->7b057c23-7078-42bd-895a-3a844d9bbeaa,true-t1] and 0 exception(s); 4de7d373-d045-4ed9-9739-46b1e0b3a45d:t1, leader=null, voted=4de7d373-d045-4ed9-9739-46b1e0b3a45d, raftlog=4de7d373-d045-4ed9-9739-46b1e0b3a45d-SegmentedRaftLog:OPENED:c-1,f-1,i0, conf=-1: [c88b245e-35c2-429a-97d8-bed396254347:192.168.46.63:40413, 7b057c23-7078-42bd-895a-3a844d9bbeaa:192.168.46.63:41321, 4de7d373-d045-4ed9-9739-46b1e0b3a45d:192.168.46.63:44015], old=null
2019-06-13 20:30:21,576 INFO  impl.RoleInfo (RoleInfo.java:shutdownLeaderElection(134)) - 4de7d373-d045-4ed9-9739-46b1e0b3a45d: shutdown LeaderElection
2019-06-13 20:30:21,576 INFO  impl.RaftServerImpl (RaftServerImpl.java:setRole(164)) - 4de7d373-d045-4ed9-9739-46b1e0b3a45d:group-57D7E30B7EAA changes role from CANDIDATE to LEADER at term 1 for changeToLeader
2019-06-13 20:30:21,576 INFO  impl.RaftServerImpl (ServerState.java:setLeader(263)) - 4de7d373-d045-4ed9-9739-46b1e0b3a45d:group-57D7E30B7EAA change Leader from null to 4de7d373-d045-4ed9-9739-46b1e0b3a45d at term 1 for becomeLeader, leader elected after 1046ms
2019-06-13 20:30:21,576 INFO  server.RaftServerConfigKeys (ConfUtils.java:logGet(43)) - raft.server.staging.catchup.gap = 1000 (default)
2019-06-13 20:30:21,576 INFO  server.RaftServerConfigKeys (ConfUtils.java:logGet(43)) - raft.server.rpc.sleep.time = 25ms (default)
2019-06-13 20:30:21,576 INFO  server.RaftServerConfigKeys (ConfUtils.java:logGet(43)) - raft.server.watch.timeout = 10s (default)
2019-06-13 20:30:21,576 INFO  server.RaftServerConfigKeys (ConfUtils.java:logGet(43)) - raft.server.watch.timeout.denomination = 1s (default)
2019-06-13 20:30:21,576 INFO  server.RaftServerConfigKeys (ConfUtils.java:logGet(43)) - raft.server.log.appender.snapshot.chunk.size.max = 16MB (=16777216) (default)
2019-06-13 20:30:21,576 INFO  server.RaftServerConfigKeys (ConfUtils.java:logGet(43)) - raft.server.log.appender.buffer.byte-limit = 33554432 (custom)
2019-06-13 20:30:21,577 INFO  server.RaftServerConfigKeys (ConfUtils.java:logGet(43)) - raft.server.log.appender.buffer.element-limit = 1 (custom)
2019-06-13 20:30:21,577 INFO  grpc.GrpcConfigKeys$Server (ConfUtils.java:logGet(43)) - raft.grpc.server.leader.outstanding.appends.max = 128 (default)
2019-06-13 20:30:21,577 INFO  server.RaftServerConfigKeys (ConfUtils.java:logGet(43)) - raft.server.rpc.request.timeout = 3000ms (default)
2019-06-13 20:30:21,577 INFO  server.RaftServerConfigKeys (ConfUtils.java:logGet(43)) - raft.server.log.appender.install.snapshot.enabled = true (default)
2019-06-13 20:30:21,577 INFO  server.RaftServerConfigKeys (ConfUtils.java:logGet(43)) - raft.server.log.appender.snapshot.chunk.size.max = 16MB (=16777216) (default)
2019-06-13 20:30:21,577 INFO  server.RaftServerConfigKeys (ConfUtils.java:logGet(43)) - raft.server.log.appender.buffer.byte-limit = 33554432 (custom)
2019-06-13 20:30:21,577 INFO  server.RaftServerConfigKeys (ConfUtils.java:logGet(43)) - raft.server.log.appender.buffer.element-limit = 1 (custom)
2019-06-13 20:30:21,578 INFO  grpc.GrpcConfigKeys$Server (ConfUtils.java:logGet(43)) - raft.grpc.server.leader.outstanding.appends.max = 128 (default)
2019-06-13 20:30:21,578 INFO  server.RaftServerConfigKeys (ConfUtils.java:logGet(43)) - raft.server.rpc.request.timeout = 3000ms (default)
2019-06-13 20:30:21,578 INFO  server.RaftServerConfigKeys (ConfUtils.java:logGet(43)) - raft.server.log.appender.install.snapshot.enabled = true (default)
2019-06-13 20:30:21,578 INFO  impl.RoleInfo (RoleInfo.java:updateAndGet(143)) - 4de7d373-d045-4ed9-9739-46b1e0b3a45d: start LeaderState
2019-06-13 20:30:21,578 INFO  storage.RaftLogWorker (RaftLogWorker.java:startLogSegment(298)) - 4de7d373-d045-4ed9-9739-46b1e0b3a45d-RaftLogWorker: Starting segment from index:0
2019-06-13 20:30:21,599 INFO  impl.RaftServerImpl (ServerState.java:setLeader(263)) - c88b245e-35c2-429a-97d8-bed396254347:group-57D7E30B7EAA change Leader from null to 4de7d373-d045-4ed9-9739-46b1e0b3a45d at term 1 for appendEntries, leader elected after 1069ms
2019-06-13 20:30:21,601 INFO  impl.RaftServerImpl (ServerState.java:setRaftConf(361)) - 4de7d373-d045-4ed9-9739-46b1e0b3a45d:group-57D7E30B7EAA set configuration 0: [c88b245e-35c2-429a-97d8-bed396254347:192.168.46.63:40413, 7b057c23-7078-42bd-895a-3a844d9bbeaa:192.168.46.63:41321, 4de7d373-d045-4ed9-9739-46b1e0b3a45d:192.168.46.63:44015], old=null at 0
2019-06-13 20:30:21,603 INFO  impl.RaftServerImpl (ServerState.java:setLeader(263)) - 7b057c23-7078-42bd-895a-3a844d9bbeaa:group-57D7E30B7EAA change Leader from null to 4de7d373-d045-4ed9-9739-46b1e0b3a45d at term 1 for appendEntries, leader elected after 1072ms
2019-06-13 20:30:21,603 INFO  impl.RaftServerImpl (ServerState.java:setRaftConf(361)) - c88b245e-35c2-429a-97d8-bed396254347:group-57D7E30B7EAA set configuration 0: [c88b245e-35c2-429a-97d8-bed396254347:192.168.46.63:40413, 7b057c23-7078-42bd-895a-3a844d9bbeaa:192.168.46.63:41321, 4de7d373-d045-4ed9-9739-46b1e0b3a45d:192.168.46.63:44015], old=null at 0
2019-06-13 20:30:21,603 INFO  storage.RaftLogWorker (RaftLogWorker.java:startLogSegment(298)) - c88b245e-35c2-429a-97d8-bed396254347-RaftLogWorker: Starting segment from index:0
2019-06-13 20:30:21,604 INFO  storage.RaftLogWorker (RaftLogWorker.java:execute(469)) - 7b057c23-7078-42bd-895a-3a844d9bbeaa-RaftLogWorker: created new log segment /opt/src/hadoop-ozone/integration-test/target/test-dir/MiniOzoneClusterImpl-9f56f186-143e-4947-9558-cd65e5d1d158/datanode-5/data/ratis/017fa2a1-f9f6-4c29-920c-ab700ac868c1/current/log_inprogress_0
2019-06-13 20:30:21,624 INFO  impl.RaftServerImpl (ServerState.java:setRaftConf(361)) - 7b057c23-7078-42bd-895a-3a844d9bbeaa:group-57D7E30B7EAA set configuration 0: [c88b245e-35c2-429a-97d8-bed396254347:192.168.46.63:40413, 7b057c23-7078-42bd-895a-3a844d9bbeaa:192.168.46.63:41321, 4de7d373-d045-4ed9-9739-46b1e0b3a45d:192.168.46.63:44015], old=null at 0
2019-06-13 20:30:21,624 INFO  storage.RaftLogWorker (RaftLogWorker.java:startLogSegment(298)) - 7b057c23-7078-42bd-895a-3a844d9bbeaa-RaftLogWorker: Starting segment from index:0
2019-06-13 20:30:21,625 INFO  storage.RaftLogWorker (RaftLogWorker.java:execute(469)) - 4de7d373-d045-4ed9-9739-46b1e0b3a45d-RaftLogWorker: created new log segment /opt/src/hadoop-ozone/integration-test/target/test-dir/MiniOzoneClusterImpl-9f56f186-143e-4947-9558-cd65e5d1d158/datanode-3/data/ratis/0fa66f12-5f7e-42a4-b724-57d7e30b7eaa/current/log_inprogress_0
2019-06-13 20:30:21,642 INFO  storage.RaftLogWorker (RaftLogWorker.java:execute(469)) - c88b245e-35c2-429a-97d8-bed396254347-RaftLogWorker: created new log segment /opt/src/hadoop-ozone/integration-test/target/test-dir/MiniOzoneClusterImpl-9f56f186-143e-4947-9558-cd65e5d1d158/datanode-4/data/ratis/0fa66f12-5f7e-42a4-b724-57d7e30b7eaa/current/log_inprogress_0
2019-06-13 20:30:21,666 INFO  storage.RaftLogWorker (RaftLogWorker.java:execute(469)) - 7b057c23-7078-42bd-895a-3a844d9bbeaa-RaftLogWorker: created new log segment /opt/src/hadoop-ozone/integration-test/target/test-dir/MiniOzoneClusterImpl-9f56f186-143e-4947-9558-cd65e5d1d158/datanode-5/data/ratis/0fa66f12-5f7e-42a4-b724-57d7e30b7eaa/current/log_inprogress_0
2019-06-13 20:30:22,549 INFO  client.GrpcClientProtocolClient (GrpcClientProtocolClient.java:onNext(254)) - client-BAAE13FBE1DE->22b29415-0695-431e-951c-2892c6f6650d: receive RaftClientReply:client-BAAE13FBE1DE->22b29415-0695-431e-951c-2892c6f6650d@group-376E22635F99, cid=159, FAILED org.apache.ratis.protocol.NotLeaderException: Server 22b29415-0695-431e-951c-2892c6f6650d is not the leader (e4c386a8-2a4f-4f79-9f0b-ee4a7c9ff7ae:192.168.46.63:39265). Request must be sent to leader., logIndex=0, commits[22b29415-0695-431e-951c-2892c6f6650d:c0, e4c386a8-2a4f-4f79-9f0b-ee4a7c9ff7ae:c0, 261e0795-f08f-4b3c-911e-83d1f7026d37:c0]
2019-06-13 20:30:22,550 WARN  client.GrpcClientProtocolService (LogUtils.java:warn(134)) - 0-OrderedRequestStreamObserver0: onError: org.apache.ratis.thirdparty.io.grpc.StatusRuntimeException: CANCELLED: cancelled before receiving half close
2019-06-13 20:30:23,556 INFO  client.GrpcClientProtocolClient (GrpcClientProtocolClient.java:onNext(254)) - client-BAAE13FBE1DE->261e0795-f08f-4b3c-911e-83d1f7026d37: receive RaftClientReply:client-BAAE13FBE1DE->261e0795-f08f-4b3c-911e-83d1f7026d37@group-376E22635F99, cid=159, FAILED org.apache.ratis.protocol.NotLeaderException: Server 261e0795-f08f-4b3c-911e-83d1f7026d37 is not the leader (e4c386a8-2a4f-4f79-9f0b-ee4a7c9ff7ae:192.168.46.63:39265). Request must be sent to leader., logIndex=0, commits[261e0795-f08f-4b3c-911e-83d1f7026d37:c0, 22b29415-0695-431e-951c-2892c6f6650d:c0, e4c386a8-2a4f-4f79-9f0b-ee4a7c9ff7ae:c0]
2019-06-13 20:30:23,557 WARN  client.GrpcClientProtocolService (LogUtils.java:warn(134)) - 1-OrderedRequestStreamObserver1: onError: org.apache.ratis.thirdparty.io.grpc.StatusRuntimeException: CANCELLED: cancelled before receiving half close
2019-06-13 20:30:24,563 INFO  client.GrpcClientProtocolClient (GrpcClientProtocolClient.java:onNext(254)) - client-BAAE13FBE1DE->22b29415-0695-431e-951c-2892c6f6650d: receive RaftClientReply:client-BAAE13FBE1DE->22b29415-0695-431e-951c-2892c6f6650d@group-376E22635F99, cid=159, FAILED org.apache.ratis.protocol.NotLeaderException: Server 22b29415-0695-431e-951c-2892c6f6650d is not the leader (e4c386a8-2a4f-4f79-9f0b-ee4a7c9ff7ae:192.168.46.63:39265). Request must be sent to leader., logIndex=0, commits[22b29415-0695-431e-951c-2892c6f6650d:c0, e4c386a8-2a4f-4f79-9f0b-ee4a7c9ff7ae:c0, 261e0795-f08f-4b3c-911e-83d1f7026d37:c0]
2019-06-13 20:30:24,563 WARN  client.GrpcClientProtocolService (LogUtils.java:warn(134)) - 1-OrderedRequestStreamObserver1: onError: org.apache.ratis.thirdparty.io.grpc.StatusRuntimeException: CANCELLED: cancelled before receiving half close
2019-06-13 20:30:25,571 INFO  client.GrpcClientProtocolClient (GrpcClientProtocolClient.java:onNext(254)) - client-BAAE13FBE1DE->261e0795-f08f-4b3c-911e-83d1f7026d37: receive RaftClientReply:client-BAAE13FBE1DE->261e0795-f08f-4b3c-911e-83d1f7026d37@group-376E22635F99, cid=159, FAILED org.apache.ratis.protocol.NotLeaderException: Server 261e0795-f08f-4b3c-911e-83d1f7026d37 is not the leader (e4c386a8-2a4f-4f79-9f0b-ee4a7c9ff7ae:192.168.46.63:39265). Request must be sent to leader., logIndex=0, commits[261e0795-f08f-4b3c-911e-83d1f7026d37:c0, 22b29415-0695-431e-951c-2892c6f6650d:c0, e4c386a8-2a4f-4f79-9f0b-ee4a7c9ff7ae:c0]
2019-06-13 20:30:25,571 WARN  client.GrpcClientProtocolService (LogUtils.java:warn(134)) - 2-OrderedRequestStreamObserver2: onError: org.apache.ratis.thirdparty.io.grpc.StatusRuntimeException: CANCELLED: cancelled before receiving half close
2019-06-13 20:30:26,577 INFO  client.GrpcClientProtocolClient (GrpcClientProtocolClient.java:onNext(254)) - client-BAAE13FBE1DE->22b29415-0695-431e-951c-2892c6f6650d: receive RaftClientReply:client-BAAE13FBE1DE->22b29415-0695-431e-951c-2892c6f6650d@group-376E22635F99, cid=159, FAILED org.apache.ratis.protocol.NotLeaderException: Server 22b29415-0695-431e-951c-2892c6f6650d is not the leader (e4c386a8-2a4f-4f79-9f0b-ee4a7c9ff7ae:192.168.46.63:39265). Request must be sent to leader., logIndex=0, commits[22b29415-0695-431e-951c-2892c6f6650d:c0, e4c386a8-2a4f-4f79-9f0b-ee4a7c9ff7ae:c0, 261e0795-f08f-4b3c-911e-83d1f7026d37:c0]
2019-06-13 20:30:26,586 WARN  io.KeyOutputStream (KeyOutputStream.java:handleException(276)) - Encountered exception java.io.IOException: Unexpected Storage Container Exception: java.util.concurrent.CompletionException: java.util.concurrent.CompletionException: org.apache.ratis.protocol.RaftRetryFailureException: Failed RaftClientRequest:client-BAAE13FBE1DE->22b29415-0695-431e-951c-2892c6f6650d@group-376E22635F99, cid=159, seq=1*, RW, org.apache.hadoop.hdds.scm.XceiverClientRatis$$Lambda$415/1915193269@52ef8c90 for 5 attempts with RetryLimited(maxAttempts=5, sleepTime=1000ms) on the pipeline Pipeline[ Id: c7df5d94-ac12-447f-b55d-376e22635f99, Nodes: 261e0795-f08f-4b3c-911e-83d1f7026d37{ip: 192.168.46.63, host: ozone-n9fvl-1305937406, networkLocation: /default-rack, certSerialId: null}22b29415-0695-431e-951c-2892c6f6650d{ip: 192.168.46.63, host: ozone-n9fvl-1305937406, networkLocation: /default-rack, certSerialId: null}e4c386a8-2a4f-4f79-9f0b-ee4a7c9ff7ae{ip: 192.168.46.63, host: ozone-n9fvl-1305937406, networkLocation: /default-rack, certSerialId: null}, Type:RATIS, Factor:THREE, State:OPEN]. The last committed block length is 0, uncommitted data length is 1048576 retry count 0
2019-06-13 20:30:26,587 WARN  client.GrpcClientProtocolService (LogUtils.java:warn(134)) - 2-OrderedRequestStreamObserver2: onError: org.apache.ratis.thirdparty.io.grpc.StatusRuntimeException: CANCELLED: cancelled before receiving half close
2019-06-13 20:30:26,599 INFO  client.GrpcClientProtocolClient (GrpcClientProtocolClient.java:onNext(254)) - client-FF800EDFC102->c88b245e-35c2-429a-97d8-bed396254347: receive RaftClientReply:client-FF800EDFC102->c88b245e-35c2-429a-97d8-bed396254347@group-57D7E30B7EAA, cid=161, FAILED org.apache.ratis.protocol.NotLeaderException: Server c88b245e-35c2-429a-97d8-bed396254347 is not the leader (4de7d373-d045-4ed9-9739-46b1e0b3a45d:192.168.46.63:44015). Request must be sent to leader., logIndex=0, commits[c88b245e-35c2-429a-97d8-bed396254347:c0, 7b057c23-7078-42bd-895a-3a844d9bbeaa:c0, 4de7d373-d045-4ed9-9739-46b1e0b3a45d:c0]
2019-06-13 20:30:26,601 WARN  client.GrpcClientProtocolService (LogUtils.java:warn(134)) - 0-OrderedRequestStreamObserver0: onError: org.apache.ratis.thirdparty.io.grpc.StatusRuntimeException: CANCELLED: cancelled before receiving half close
2019-06-13 20:30:27,640 INFO  client.GrpcClientProtocolClient (GrpcClientProtocolClient.java:onNext(254)) - client-FF800EDFC102->4de7d373-d045-4ed9-9739-46b1e0b3a45d: receive RaftClientReply:client-FF800EDFC102->4de7d373-d045-4ed9-9739-46b1e0b3a45d@group-57D7E30B7EAA, cid=161, SUCCESS, logIndex=1, commits[4de7d373-d045-4ed9-9739-46b1e0b3a45d:c2, c88b245e-35c2-429a-97d8-bed396254347:c1, 7b057c23-7078-42bd-895a-3a844d9bbeaa:c0]
2019-06-13 20:30:27,661 INFO  client.GrpcClientProtocolClient (GrpcClientProtocolClient.java:onNext(254)) - client-FF800EDFC102->4de7d373-d045-4ed9-9739-46b1e0b3a45d: receive RaftClientReply:client-FF800EDFC102->4de7d373-d045-4ed9-9739-46b1e0b3a45d@group-57D7E30B7EAA, cid=162, SUCCESS, logIndex=3, commits[4de7d373-d045-4ed9-9739-46b1e0b3a45d:c4, c88b245e-35c2-429a-97d8-bed396254347:c3, 7b057c23-7078-42bd-895a-3a844d9bbeaa:c3]
2019-06-13 20:30:27,662 INFO  datanode.ObjectStoreHandler (ObjectStoreHandler.java:close(155)) - Closing ObjectStoreHandler.
2019-06-13 20:30:27,662 INFO  ozone.HddsDatanodeService (HddsDatanodeService.java:stop(452)) - Stopped plug-in org.apache.hadoop.ozone.web.OzoneHddsDatanodeService@36b86248
2019-06-13 20:30:27,662 INFO  statemachine.DatanodeStateMachine (DatanodeStateMachine.java:lambda$startDaemon$0(350)) - Ozone container server started.
2019-06-13 20:30:27,662 INFO  ozoneimpl.OzoneContainer (OzoneContainer.java:stop(199)) - Attempting to stop container services.
2019-06-13 20:30:27,662 INFO  impl.RaftServerProxy (RaftServerProxy.java:lambda$close$4(314)) - 261e0795-f08f-4b3c-911e-83d1f7026d37: close
2019-06-13 20:30:27,663 INFO  impl.RaftServerImpl (RaftServerImpl.java:lambda$shutdown$3(238)) - 261e0795-f08f-4b3c-911e-83d1f7026d37: shutdown group-6AB07FBE2D9B
2019-06-13 20:30:27,663 INFO  impl.RaftServerImpl (RaftServerImpl.java:lambda$shutdown$3(238)) - 261e0795-f08f-4b3c-911e-83d1f7026d37: shutdown group-376E22635F99
2019-06-13 20:30:27,663 INFO  util.JmxRegister (JmxRegister.java:unregister(73)) - Successfully un-registered JMX Bean with object name Ratis:service=RaftServer,group=group-6AB07FBE2D9B,id=261e0795-f08f-4b3c-911e-83d1f7026d37
2019-06-13 20:30:27,663 INFO  util.JmxRegister (JmxRegister.java:unregister(73)) - Successfully un-registered JMX Bean with object name Ratis:service=RaftServer,group=group-376E22635F99,id=261e0795-f08f-4b3c-911e-83d1f7026d37
2019-06-13 20:30:27,663 INFO  impl.RoleInfo (RoleInfo.java:shutdownLeaderState(104)) - 261e0795-f08f-4b3c-911e-83d1f7026d37: shutdown LeaderState
2019-06-13 20:30:27,663 INFO  impl.RoleInfo (RoleInfo.java:shutdownFollowerState(121)) - 261e0795-f08f-4b3c-911e-83d1f7026d37: shutdown FollowerState
2019-06-13 20:30:27,663 INFO  impl.PendingRequests (PendingRequests.java:sendNotLeaderResponses(140)) - 261e0795-f08f-4b3c-911e-83d1f7026d37-PendingRequests: sendNotLeaderResponses
2019-06-13 20:30:27,664 INFO  impl.FollowerState (FollowerState.java:run(109)) - 261e0795-f08f-4b3c-911e-83d1f7026d37: FollowerState was interrupted: java.lang.InterruptedException: sleep interrupted
2019-06-13 20:30:27,664 INFO  ratis.ContainerStateMachine (ContainerStateMachine.java:takeSnapshot(245)) - Taking snapshot at termIndex:(t:0, i:~)
2019-06-13 20:30:27,664 INFO  impl.StateMachineUpdater (StateMachineUpdater.java:stopAndJoin(109)) - StateMachineUpdater-261e0795-f08f-4b3c-911e-83d1f7026d37-group-376E22635F99: set stopIndex = 0
2019-06-13 20:30:27,667 INFO  impl.RaftServerImpl (ServerState.java:close(394)) - 261e0795-f08f-4b3c-911e-83d1f7026d37:group-376E22635F99 closes. The last applied log index is 0
2019-06-13 20:30:27,667 INFO  storage.RaftLogWorker (RaftLogWorker.java:run(236)) - 261e0795-f08f-4b3c-911e-83d1f7026d37-RaftLogWorker was interrupted, exiting. There are 0 tasks remaining in the queue.
2019-06-13 20:30:27,669 INFO  storage.RaftLogWorker (RaftLogWorker.java:close(168)) - 261e0795-f08f-4b3c-911e-83d1f7026d37-RaftLogWorker close()
2019-06-13 20:30:27,679 INFO  impl.StateMachineUpdater (StateMachineUpdater.java:stopAndJoin(109)) - StateMachineUpdater-261e0795-f08f-4b3c-911e-83d1f7026d37-group-6AB07FBE2D9B: set stopIndex = 0
2019-06-13 20:30:27,679 INFO  ratis.ContainerStateMachine (ContainerStateMachine.java:takeSnapshot(245)) - Taking snapshot at termIndex:(t:0, i:~)
2019-06-13 20:30:27,679 INFO  impl.RaftServerImpl (ServerState.java:close(394)) - 261e0795-f08f-4b3c-911e-83d1f7026d37:group-6AB07FBE2D9B closes. The last applied log index is 0
2019-06-13 20:30:27,679 INFO  storage.RaftLogWorker (RaftLogWorker.java:run(236)) - 261e0795-f08f-4b3c-911e-83d1f7026d37-RaftLogWorker was interrupted, exiting. There are 0 tasks remaining in the queue.
2019-06-13 20:30:27,681 INFO  storage.RaftLogWorker (RaftLogWorker.java:close(168)) - 261e0795-f08f-4b3c-911e-83d1f7026d37-RaftLogWorker close()
2019-06-13 20:30:27,682 INFO  server.GrpcService (GrpcService.java:closeImpl(154)) - 261e0795-f08f-4b3c-911e-83d1f7026d37: shutdown server with port 45275 now
2019-06-13 20:30:27,682 WARN  server.GrpcServerProtocolService (LogUtils.java:warn(134)) - 261e0795-f08f-4b3c-911e-83d1f7026d37: appendEntries onError: org.apache.ratis.thirdparty.io.grpc.StatusRuntimeException: CANCELLED: cancelled before receiving half close
2019-06-13 20:30:27,683 WARN  server.GrpcLogAppender (LogUtils.java:warn(134)) - e4c386a8-2a4f-4f79-9f0b-ee4a7c9ff7ae: Failed appendEntries to 261e0795-f08f-4b3c-911e-83d1f7026d37:192.168.46.63:45275: org.apache.ratis.thirdparty.io.grpc.StatusRuntimeException: CANCELLED: HTTP/2 error code: CANCEL
Received Rst Stream
2019-06-13 20:30:27,683 INFO  server.GrpcService (GrpcService.java:closeImpl(162)) - 261e0795-f08f-4b3c-911e-83d1f7026d37: shutdown server with port 45275 successfully
2019-06-13 20:30:27,683 INFO  impl.FollowerInfo (FollowerInfo.java:lambda$new$0(50)) - e4c386a8-2a4f-4f79-9f0b-ee4a7c9ff7ae->261e0795-f08f-4b3c-911e-83d1f7026d37: nextIndex: updateUnconditionally 1 -> 0
2019-06-13 20:30:27,685 WARN  fs.CachingGetSpaceUsed (CachingGetSpaceUsed.java:run(183)) - Thread Interrupted waiting to refresh disk information: sleep interrupted
2019-06-13 20:30:27,697 INFO  statemachine.DatanodeStateMachine (DatanodeStateMachine.java:stopDaemon(395)) - Ozone container server stopped.
2019-06-13 20:30:27,697 INFO  handler.ContextHandler (ContextHandler.java:doStop(910)) - Stopped o.e.j.w.WebAppContext@4f0381cd{/,null,UNAVAILABLE}{/hddsDatanode}
2019-06-13 20:30:27,698 INFO  server.AbstractConnector (AbstractConnector.java:doStop(318)) - Stopped ServerConnector@7eb006bd{HTTP/1.1,[http/1.1]}{0.0.0.0:0}
2019-06-13 20:30:27,698 INFO  handler.ContextHandler (ContextHandler.java:doStop(910)) - Stopped o.e.j.s.ServletContextHandler@592fbd8{/static,jar:file:/root/.m2/repository/org/apache/hadoop/hadoop-hdds-container-service/0.5.0-SNAPSHOT/hadoop-hdds-container-service-0.5.0-SNAPSHOT.jar!/webapps/static,UNAVAILABLE}
2019-06-13 20:30:27,698 INFO  handler.ContextHandler (ContextHandler.java:doStop(910)) - Stopped o.e.j.s.ServletContextHandler@e417628{/logs,file:///opt/src/hadoop-ozone/integration-test/target/log,UNAVAILABLE}
2019-06-13 20:30:27,718 INFO  client.GrpcClientProtocolClient (GrpcClientProtocolClient.java:onNext(254)) - client-FF800EDFC102->4de7d373-d045-4ed9-9739-46b1e0b3a45d: receive RaftClientReply:client-FF800EDFC102->4de7d373-d045-4ed9-9739-46b1e0b3a45d@group-57D7E30B7EAA, cid=163, SUCCESS, logIndex=5, commits[4de7d373-d045-4ed9-9739-46b1e0b3a45d:c5, c88b245e-35c2-429a-97d8-bed396254347:c3, 7b057c23-7078-42bd-895a-3a844d9bbeaa:c4]
2019-06-13 20:30:27,723 WARN  server.GrpcLogAppender (LogUtils.java:warn(134)) - e4c386a8-2a4f-4f79-9f0b-ee4a7c9ff7ae: Failed appendEntries to 261e0795-f08f-4b3c-911e-83d1f7026d37:192.168.46.63:45275: org.apache.ratis.thirdparty.io.grpc.StatusRuntimeException: UNAVAILABLE: io exception
2019-06-13 20:30:27,723 INFO  impl.FollowerInfo (FollowerInfo.java:lambda$new$0(50)) - e4c386a8-2a4f-4f79-9f0b-ee4a7c9ff7ae->261e0795-f08f-4b3c-911e-83d1f7026d37: nextIndex: updateUnconditionally 0 -> 0
2019-06-13 20:30:27,732 INFO  client.GrpcClientProtocolClient (GrpcClientProtocolClient.java:onNext(254)) - client-FF800EDFC102->4de7d373-d045-4ed9-9739-46b1e0b3a45d: receive RaftClientReply:client-FF800EDFC102->4de7d373-d045-4ed9-9739-46b1e0b3a45d@group-57D7E30B7EAA, cid=164, SUCCESS, logIndex=7, commits[4de7d373-d045-4ed9-9739-46b1e0b3a45d:c7, c88b245e-35c2-429a-97d8-bed396254347:c5, 7b057c23-7078-42bd-895a-3a844d9bbeaa:c5]
2019-06-13 20:30:27,736 INFO  client.GrpcClientProtocolClient (GrpcClientProtocolClient.java:onNext(254)) - client-FF800EDFC102->4de7d373-d045-4ed9-9739-46b1e0b3a45d: receive RaftClientReply:client-FF800EDFC102->4de7d373-d045-4ed9-9739-46b1e0b3a45d@group-57D7E30B7EAA, cid=165, SUCCESS, logIndex=8, commits[4de7d373-d045-4ed9-9739-46b1e0b3a45d:c9, c88b245e-35c2-429a-97d8-bed396254347:c7, 7b057c23-7078-42bd-895a-3a844d9bbeaa:c5]
2019-06-13 20:30:27,737 INFO  client.GrpcClientProtocolClient (GrpcClientProtocolClient.java:onNext(254)) - client-FF800EDFC102->4de7d373-d045-4ed9-9739-46b1e0b3a45d: receive RaftClientReply:client-FF800EDFC102->4de7d373-d045-4ed9-9739-46b1e0b3a45d@group-57D7E30B7EAA, cid=166, SUCCESS, logIndex=10, commits[4de7d373-d045-4ed9-9739-46b1e0b3a45d:c10, c88b245e-35c2-429a-97d8-bed396254347:c7, 7b057c23-7078-42bd-895a-3a844d9bbeaa:c7]
2019-06-13 20:30:27,745 INFO  client.GrpcClientProtocolClient (GrpcClientProtocolClient.java:onNext(254)) - client-FF800EDFC102->4de7d373-d045-4ed9-9739-46b1e0b3a45d: receive RaftClientReply:client-FF800EDFC102->4de7d373-d045-4ed9-9739-46b1e0b3a45d@group-57D7E30B7EAA, cid=167, SUCCESS, logIndex=0, commits[4de7d373-d045-4ed9-9739-46b1e0b3a45d:c12, c88b245e-35c2-429a-97d8-bed396254347:c10, 7b057c23-7078-42bd-895a-3a844d9bbeaa:c10]
]]></system-out>
    <system-err><![CDATA[Jun 13, 2019 8:30:15 PM com.sun.jersey.server.impl.application.WebApplicationImpl _initiate
INFO: Initiating Jersey application, version 'Jersey: 1.19 02/11/2015 03:25 AM'
Jun 13, 2019 8:30:15 PM com.sun.jersey.server.impl.application.WebApplicationImpl _initiate
INFO: Initiating Jersey application, version 'Jersey: 1.19 02/11/2015 03:25 AM'
Jun 13, 2019 8:30:15 PM com.sun.jersey.server.impl.application.WebApplicationImpl _initiate
INFO: Initiating Jersey application, version 'Jersey: 1.19 02/11/2015 03:25 AM'
Jun 13, 2019 8:30:16 PM com.sun.jersey.server.impl.application.WebApplicationImpl _initiate
INFO: Initiating Jersey application, version 'Jersey: 1.19 02/11/2015 03:25 AM'
Jun 13, 2019 8:30:16 PM com.sun.jersey.server.impl.application.WebApplicationImpl _initiate
INFO: Initiating Jersey application, version 'Jersey: 1.19 02/11/2015 03:25 AM'
Jun 13, 2019 8:30:16 PM com.sun.jersey.server.impl.application.WebApplicationImpl _initiate
INFO: Initiating Jersey application, version 'Jersey: 1.19 02/11/2015 03:25 AM'
Jun 13, 2019 8:30:19 PM org.apache.ratis.thirdparty.io.grpc.internal.ManagedChannelOrphanWrapper$ManagedChannelReference cleanQueue
SEVERE: *~*~*~ Channel ManagedChannelImpl{logId=1458, target=192.168.46.63:36819} was not shutdown properly!!! ~*~*~*
    Make sure to call shutdown()/shutdownNow() and wait until awaitTermination() returns true.
java.lang.RuntimeException: ManagedChannel allocation site
	at org.apache.ratis.thirdparty.io.grpc.internal.ManagedChannelOrphanWrapper$ManagedChannelReference.<init>(ManagedChannelOrphanWrapper.java:103)
	at org.apache.ratis.thirdparty.io.grpc.internal.ManagedChannelOrphanWrapper.<init>(ManagedChannelOrphanWrapper.java:53)
	at org.apache.ratis.thirdparty.io.grpc.internal.ManagedChannelOrphanWrapper.<init>(ManagedChannelOrphanWrapper.java:44)
	at org.apache.ratis.thirdparty.io.grpc.internal.AbstractManagedChannelImplBuilder.build(AbstractManagedChannelImplBuilder.java:411)
	at org.apache.hadoop.hdds.scm.XceiverClientGrpc.connectToDatanode(XceiverClientGrpc.java:163)
	at org.apache.hadoop.hdds.scm.XceiverClientGrpc.reconnect(XceiverClientGrpc.java:398)
	at org.apache.hadoop.hdds.scm.XceiverClientGrpc.sendCommandAsync(XceiverClientGrpc.java:349)
	at org.apache.hadoop.hdds.scm.XceiverClientGrpc.sendCommandWithRetry(XceiverClientGrpc.java:262)
	at org.apache.hadoop.hdds.scm.XceiverClientGrpc.sendCommandWithTraceIDAndRetry(XceiverClientGrpc.java:239)
	at org.apache.hadoop.hdds.scm.XceiverClientGrpc.sendCommand(XceiverClientGrpc.java:222)
	at org.apache.hadoop.hdds.scm.storage.ContainerProtocolCalls.getBlock(ContainerProtocolCalls.java:118)
	at org.apache.hadoop.hdds.scm.storage.BlockInputStream.getChunkInfos(BlockInputStream.java:167)
	at org.apache.hadoop.hdds.scm.storage.BlockInputStream.initialize(BlockInputStream.java:118)
	at org.apache.hadoop.hdds.scm.storage.BlockInputStream.read(BlockInputStream.java:222)
	at org.apache.hadoop.ozone.client.io.KeyInputStream.read(KeyInputStream.java:171)
	at org.apache.hadoop.ozone.client.io.OzoneInputStream.read(OzoneInputStream.java:47)
	at java.io.InputStream.read(InputStream.java:101)
	at org.apache.hadoop.ozone.container.ContainerTestHelper.validateData(ContainerTestHelper.java:709)
	at org.apache.hadoop.ozone.client.rpc.TestFailureHandlingByClient.validateData(TestFailureHandlingByClient.java:497)
	at org.apache.hadoop.ozone.client.rpc.TestFailureHandlingByClient.testBlockWritesWithDnFailures(TestFailureHandlingByClient.java:155)
	at sun.reflect.NativeMethodAccessorImpl.invoke0(Native Method)
	at sun.reflect.NativeMethodAccessorImpl.invoke(NativeMethodAccessorImpl.java:62)
	at sun.reflect.DelegatingMethodAccessorImpl.invoke(DelegatingMethodAccessorImpl.java:43)
	at java.lang.reflect.Method.invoke(Method.java:498)
	at org.junit.runners.model.FrameworkMethod$1.runReflectiveCall(FrameworkMethod.java:47)
	at org.junit.internal.runners.model.ReflectiveCallable.run(ReflectiveCallable.java:12)
	at org.junit.runners.model.FrameworkMethod.invokeExplosively(FrameworkMethod.java:44)
	at org.junit.internal.runners.statements.InvokeMethod.evaluate(InvokeMethod.java:17)
	at org.junit.runners.ParentRunner.runLeaf(ParentRunner.java:271)
	at org.junit.runners.BlockJUnit4ClassRunner.runChild(BlockJUnit4ClassRunner.java:70)
	at org.junit.runners.BlockJUnit4ClassRunner.runChild(BlockJUnit4ClassRunner.java:50)
	at org.junit.runners.ParentRunner$3.run(ParentRunner.java:238)
	at org.junit.runners.ParentRunner$1.schedule(ParentRunner.java:63)
	at org.junit.runners.ParentRunner.runChildren(ParentRunner.java:236)
	at org.junit.runners.ParentRunner.access$000(ParentRunner.java:53)
	at org.junit.runners.ParentRunner$2.evaluate(ParentRunner.java:229)
	at org.junit.runners.ParentRunner.run(ParentRunner.java:309)
	at org.apache.maven.surefire.junit4.JUnit4Provider.execute(JUnit4Provider.java:365)
	at org.apache.maven.surefire.junit4.JUnit4Provider.executeWithRerun(JUnit4Provider.java:273)
	at org.apache.maven.surefire.junit4.JUnit4Provider.executeTestSet(JUnit4Provider.java:238)
	at org.apache.maven.surefire.junit4.JUnit4Provider.invoke(JUnit4Provider.java:159)
	at org.apache.maven.surefire.booter.ForkedBooter.invokeProviderInSameClassLoader(ForkedBooter.java:384)
	at org.apache.maven.surefire.booter.ForkedBooter.runSuitesInProcess(ForkedBooter.java:345)
	at org.apache.maven.surefire.booter.ForkedBooter.execute(ForkedBooter.java:126)
	at org.apache.maven.surefire.booter.ForkedBooter.main(ForkedBooter.java:418)

]]></system-err>
  </testcase>
  <testcase name="testMultiBlockWritesWithDnFailures" classname="org.apache.hadoop.ozone.client.rpc.TestFailureHandlingByClient" time="18.833"/>
</testsuite>