<?xml version="1.0" encoding="UTF-8"?>
<testsuite xmlns:xsi="http://www.w3.org/2001/XMLSchema-instance" xsi:noNamespaceSchemaLocation="https://maven.apache.org/surefire/maven-surefire-plugin/xsd/surefire-test-report.xsd" name="org.apache.hadoop.ozone.container.common.statemachine.commandhandler.TestCloseContainerByPipeline" time="66.955" tests="1" errors="1" skipped="0" failures="0">
  <properties>
    <property name="awt.toolkit" value="sun.awt.X11.XToolkit"/>
    <property name="file.encoding.pkg" value="sun.io"/>
    <property name="java.specification.version" value="1.8"/>
    <property name="sun.cpu.isalist" value=""/>
    <property name="sun.jnu.encoding" value="UTF-8"/>
    <property name="java.class.path" value="/opt/src/hadoop-ozone/integration-test/target/test-classes:/opt/src/hadoop-ozone/integration-test/target/classes:/root/.m2/repository/org/apache/hadoop/hadoop-ozone-common/0.5.0-SNAPSHOT/hadoop-ozone-common-0.5.0-SNAPSHOT.jar:/root/.m2/repository/org/apache/commons/commons-compress/1.4.1/commons-compress-1.4.1.jar:/root/.m2/repository/org/tukaani/xz/1.0/xz-1.0.jar:/root/.m2/repository/org/apache/hadoop/hadoop-common/3.2.0/hadoop-common-3.2.0.jar:/root/.m2/repository/org/apache/hadoop/hadoop-hdfs/3.2.0/hadoop-hdfs-3.2.0.jar:/root/.m2/repository/org/apache/hadoop/hadoop-hdfs-client/3.2.0/hadoop-hdfs-client-3.2.0.jar:/root/.m2/repository/com/fasterxml/jackson/core/jackson-annotations/2.9.5/jackson-annotations-2.9.5.jar:/root/.m2/repository/org/apache/hadoop/hadoop-hdds-common/0.5.0-SNAPSHOT/hadoop-hdds-common-0.5.0-SNAPSHOT.jar:/root/.m2/repository/javax/annotation/javax.annotation-api/1.2/javax.annotation-api-1.2.jar:/root/.m2/repository/org/apache/ratis/ratis-server/0.4.0-fe2b15d-SNAPSHOT/ratis-server-0.4.0-fe2b15d-SNAPSHOT.jar:/root/.m2/repository/org/apache/ratis/ratis-thirdparty-misc/0.2.0/ratis-thirdparty-misc-0.2.0.jar:/root/.m2/repository/org/apache/ratis/ratis-proto/0.4.0-fe2b15d-SNAPSHOT/ratis-proto-0.4.0-fe2b15d-SNAPSHOT.jar:/root/.m2/repository/org/apache/ratis/ratis-common/0.4.0-fe2b15d-SNAPSHOT/ratis-common-0.4.0-fe2b15d-SNAPSHOT.jar:/root/.m2/repository/org/apache/ratis/ratis-client/0.4.0-fe2b15d-SNAPSHOT/ratis-client-0.4.0-fe2b15d-SNAPSHOT.jar:/root/.m2/repository/org/apache/ratis/ratis-netty/0.4.0-fe2b15d-SNAPSHOT/ratis-netty-0.4.0-fe2b15d-SNAPSHOT.jar:/root/.m2/repository/org/apache/ratis/ratis-grpc/0.4.0-fe2b15d-SNAPSHOT/ratis-grpc-0.4.0-fe2b15d-SNAPSHOT.jar:/root/.m2/repository/org/rocksdb/rocksdbjni/5.14.2/rocksdbjni-5.14.2.jar:/root/.m2/repository/org/apache/logging/log4j/log4j-api/2.11.0/log4j-api-2.11.0.jar:/root/.m2/repository/org/apache/logging/log4j/log4j-core/2.11.0/log4j-core-2.11.0.jar:/root/.m2/repository/com/lmax/disruptor/3.4.2/disruptor-3.4.2.jar:/root/.m2/repository/org/apache/commons/commons-pool2/2.6.0/commons-pool2-2.6.0.jar:/root/.m2/repository/org/bouncycastle/bcpkix-jdk15on/1.60/bcpkix-jdk15on-1.60.jar:/root/.m2/repository/commons-validator/commons-validator/1.6/commons-validator-1.6.jar:/root/.m2/repository/commons-digester/commons-digester/1.8.1/commons-digester-1.8.1.jar:/root/.m2/repository/io/jaegertracing/jaeger-client/0.33.1/jaeger-client-0.33.1.jar:/root/.m2/repository/io/jaegertracing/jaeger-thrift/0.33.1/jaeger-thrift-0.33.1.jar:/root/.m2/repository/org/apache/thrift/libthrift/0.11.0/libthrift-0.11.0.jar:/root/.m2/repository/com/squareup/okhttp3/okhttp/3.9.0/okhttp-3.9.0.jar:/root/.m2/repository/com/squareup/okio/okio/1.13.0/okio-1.13.0.jar:/root/.m2/repository/io/jaegertracing/jaeger-core/0.33.1/jaeger-core-0.33.1.jar:/root/.m2/repository/io/jaegertracing/jaeger-tracerresolver/0.33.1/jaeger-tracerresolver-0.33.1.jar:/root/.m2/repository/io/opentracing/contrib/opentracing-tracerresolver/0.1.5/opentracing-tracerresolver-0.1.5.jar:/root/.m2/repository/io/opentracing/opentracing-util/0.31.0/opentracing-util-0.31.0.jar:/root/.m2/repository/io/opentracing/opentracing-api/0.31.0/opentracing-api-0.31.0.jar:/root/.m2/repository/io/opentracing/opentracing-noop/0.31.0/opentracing-noop-0.31.0.jar:/root/.m2/repository/org/apache/hadoop/hadoop-hdds-server-framework/0.5.0-SNAPSHOT/hadoop-hdds-server-framework-0.5.0-SNAPSHOT.jar:/root/.m2/repository/org/apache/hadoop/hadoop-hdds-server-scm/0.5.0-SNAPSHOT/hadoop-hdds-server-scm-0.5.0-SNAPSHOT.jar:/root/.m2/repository/org/apache/hadoop/hadoop-hdds-container-service/0.5.0-SNAPSHOT/hadoop-hdds-container-service-0.5.0-SNAPSHOT.jar:/root/.m2/repository/org/apache/hadoop/hadoop-hdds-client/0.5.0-SNAPSHOT/hadoop-hdds-client-0.5.0-SNAPSHOT.jar:/root/.m2/repository/org/apache/hadoop/hadoop-hdds-tools/0.5.0-SNAPSHOT/hadoop-hdds-tools-0.5.0-SNAPSHOT.jar:/root/.m2/repository/org/apache/hadoop/hadoop-ozone-ozone-manager/0.5.0-SNAPSHOT/hadoop-ozone-ozone-manager-0.5.0-SNAPSHOT.jar:/root/.m2/repository/org/apache/hadoop/hadoop-hdds-docs/0.5.0-SNAPSHOT/hadoop-hdds-docs-0.5.0-SNAPSHOT.jar:/root/.m2/repository/org/bouncycastle/bcprov-jdk15on/1.60/bcprov-jdk15on-1.60.jar:/root/.m2/repository/org/apache/hadoop/hadoop-minikdc/3.2.0/hadoop-minikdc-3.2.0.jar:/root/.m2/repository/commons-io/commons-io/2.5/commons-io-2.5.jar:/root/.m2/repository/org/apache/kerby/kerb-simplekdc/1.0.1/kerb-simplekdc-1.0.1.jar:/root/.m2/repository/org/apache/kerby/kerb-client/1.0.1/kerb-client-1.0.1.jar:/root/.m2/repository/org/apache/kerby/kerby-config/1.0.1/kerby-config-1.0.1.jar:/root/.m2/repository/org/apache/kerby/kerb-core/1.0.1/kerb-core-1.0.1.jar:/root/.m2/repository/org/apache/kerby/kerby-pkix/1.0.1/kerby-pkix-1.0.1.jar:/root/.m2/repository/org/apache/kerby/kerby-asn1/1.0.1/kerby-asn1-1.0.1.jar:/root/.m2/repository/org/apache/kerby/kerby-util/1.0.1/kerby-util-1.0.1.jar:/root/.m2/repository/org/apache/kerby/kerb-common/1.0.1/kerb-common-1.0.1.jar:/root/.m2/repository/org/apache/kerby/kerb-crypto/1.0.1/kerb-crypto-1.0.1.jar:/root/.m2/repository/org/apache/kerby/kerb-util/1.0.1/kerb-util-1.0.1.jar:/root/.m2/repository/org/apache/kerby/token-provider/1.0.1/token-provider-1.0.1.jar:/root/.m2/repository/org/apache/kerby/kerb-admin/1.0.1/kerb-admin-1.0.1.jar:/root/.m2/repository/org/apache/kerby/kerb-server/1.0.1/kerb-server-1.0.1.jar:/root/.m2/repository/org/apache/kerby/kerb-identity/1.0.1/kerb-identity-1.0.1.jar:/root/.m2/repository/org/apache/kerby/kerby-xdr/1.0.1/kerby-xdr-1.0.1.jar:/root/.m2/repository/org/slf4j/slf4j-log4j12/1.7.25/slf4j-log4j12-1.7.25.jar:/root/.m2/repository/org/apache/hadoop/hadoop-ozone-objectstore-service/0.5.0-SNAPSHOT/hadoop-ozone-objectstore-service-0.5.0-SNAPSHOT.jar:/root/.m2/repository/org/apache/hadoop/hadoop-ozone-s3gateway/0.5.0-SNAPSHOT/hadoop-ozone-s3gateway-0.5.0-SNAPSHOT.jar:/root/.m2/repository/org/jboss/weld/servlet/weld-servlet/2.4.7.Final/weld-servlet-2.4.7.Final.jar:/root/.m2/repository/org/glassfish/jersey/containers/jersey-container-servlet-core/2.27/jersey-container-servlet-core-2.27.jar:/root/.m2/repository/org/glassfish/hk2/external/javax.inject/2.5.0-b42/javax.inject-2.5.0-b42.jar:/root/.m2/repository/org/glassfish/jersey/core/jersey-common/2.27/jersey-common-2.27.jar:/root/.m2/repository/org/glassfish/hk2/osgi-resource-locator/1.0.1/osgi-resource-locator-1.0.1.jar:/root/.m2/repository/javax/ws/rs/javax.ws.rs-api/2.1/javax.ws.rs-api-2.1.jar:/root/.m2/repository/org/glassfish/jersey/ext/cdi/jersey-cdi1x/2.27/jersey-cdi1x-2.27.jar:/root/.m2/repository/org/glassfish/jersey/inject/jersey-hk2/2.27/jersey-hk2-2.27.jar:/root/.m2/repository/org/glassfish/hk2/hk2-locator/2.5.0-b42/hk2-locator-2.5.0-b42.jar:/root/.m2/repository/org/javassist/javassist/3.22.0-CR2/javassist-3.22.0-CR2.jar:/root/.m2/repository/org/glassfish/hk2/hk2-api/2.5.0/hk2-api-2.5.0.jar:/root/.m2/repository/org/glassfish/hk2/external/jakarta.inject/2.5.0/jakarta.inject-2.5.0.jar:/root/.m2/repository/org/glassfish/hk2/hk2-utils/2.5.0/hk2-utils-2.5.0.jar:/root/.m2/repository/jakarta/annotation/jakarta.annotation-api/1.3.4/jakarta.annotation-api-1.3.4.jar:/root/.m2/repository/org/glassfish/hk2/external/aopalliance-repackaged/2.5.0/aopalliance-repackaged-2.5.0.jar:/root/.m2/repository/com/fasterxml/jackson/dataformat/jackson-dataformat-xml/2.9.0/jackson-dataformat-xml-2.9.0.jar:/root/.m2/repository/com/fasterxml/jackson/core/jackson-core/2.9.5/jackson-core-2.9.5.jar:/root/.m2/repository/com/fasterxml/jackson/module/jackson-module-jaxb-annotations/2.9.5/jackson-module-jaxb-annotations-2.9.5.jar:/root/.m2/repository/javax/enterprise/cdi-api/1.2/cdi-api-1.2.jar:/root/.m2/repository/javax/el/javax.el-api/3.0.0/javax.el-api-3.0.0.jar:/root/.m2/repository/javax/interceptor/javax.interceptor-api/1.2/javax.interceptor-api-1.2.jar:/root/.m2/repository/javax/inject/javax.inject/1/javax.inject-1.jar:/root/.m2/repository/com/sun/xml/bind/jaxb-impl/2.3.0.1/jaxb-impl-2.3.0.1.jar:/root/.m2/repository/com/sun/xml/bind/jaxb-core/2.3.0.1/jaxb-core-2.3.0.1.jar:/root/.m2/repository/javax/xml/bind/jaxb-api/2.3.0/jaxb-api-2.3.0.jar:/root/.m2/repository/javax/activation/activation/1.1.1/activation-1.1.1.jar:/root/.m2/repository/org/apache/hadoop/hadoop-ozone-csi/0.5.0-SNAPSHOT/hadoop-ozone-csi-0.5.0-SNAPSHOT.jar:/root/.m2/repository/com/google/protobuf/protobuf-java-util/3.5.1/protobuf-java-util-3.5.1.jar:/root/.m2/repository/org/apache/hadoop/hadoop-hdds-config/0.5.0-SNAPSHOT/hadoop-hdds-config-0.5.0-SNAPSHOT.jar:/root/.m2/repository/com/google/guava/guava/11.0.2/guava-11.0.2.jar:/root/.m2/repository/com/google/protobuf/protobuf-java/2.5.0/protobuf-java-2.5.0.jar:/root/.m2/repository/io/grpc/grpc-netty/1.17.1/grpc-netty-1.17.1.jar:/root/.m2/repository/io/grpc/grpc-core/1.17.1/grpc-core-1.17.1.jar:/root/.m2/repository/io/grpc/grpc-context/1.17.1/grpc-context-1.17.1.jar:/root/.m2/repository/com/google/errorprone/error_prone_annotations/2.2.0/error_prone_annotations-2.2.0.jar:/root/.m2/repository/org/codehaus/mojo/animal-sniffer-annotations/1.17/animal-sniffer-annotations-1.17.jar:/root/.m2/repository/io/opencensus/opencensus-api/0.17.0/opencensus-api-0.17.0.jar:/root/.m2/repository/io/opencensus/opencensus-contrib-grpc-metrics/0.17.0/opencensus-contrib-grpc-metrics-0.17.0.jar:/root/.m2/repository/io/netty/netty-codec-http2/4.1.30.Final/netty-codec-http2-4.1.30.Final.jar:/root/.m2/repository/io/netty/netty-codec-http/4.1.30.Final/netty-codec-http-4.1.30.Final.jar:/root/.m2/repository/io/netty/netty-codec/4.1.30.Final/netty-codec-4.1.30.Final.jar:/root/.m2/repository/io/netty/netty-handler/4.1.30.Final/netty-handler-4.1.30.Final.jar:/root/.m2/repository/io/netty/netty-handler-proxy/4.1.30.Final/netty-handler-proxy-4.1.30.Final.jar:/root/.m2/repository/io/netty/netty-codec-socks/4.1.30.Final/netty-codec-socks-4.1.30.Final.jar:/root/.m2/repository/io/netty/netty-transport-native-epoll/4.1.30.Final/netty-transport-native-epoll-4.1.30.Final.jar:/root/.m2/repository/io/netty/netty-common/4.1.30.Final/netty-common-4.1.30.Final.jar:/root/.m2/repository/io/netty/netty-buffer/4.1.30.Final/netty-buffer-4.1.30.Final.jar:/root/.m2/repository/io/netty/netty-transport/4.1.30.Final/netty-transport-4.1.30.Final.jar:/root/.m2/repository/io/netty/netty-resolver/4.1.30.Final/netty-resolver-4.1.30.Final.jar:/root/.m2/repository/io/netty/netty-transport-native-unix-common/4.1.30.Final/netty-transport-native-unix-common-4.1.30.Final.jar:/root/.m2/repository/io/grpc/grpc-protobuf/1.17.1/grpc-protobuf-1.17.1.jar:/root/.m2/repository/com/google/api/grpc/proto-google-common-protos/1.0.0/proto-google-common-protos-1.0.0.jar:/root/.m2/repository/io/grpc/grpc-protobuf-lite/1.17.1/grpc-protobuf-lite-1.17.1.jar:/root/.m2/repository/io/grpc/grpc-stub/1.17.1/grpc-stub-1.17.1.jar:/root/.m2/repository/org/apache/hadoop/hadoop-ozone-recon/0.5.0-SNAPSHOT/hadoop-ozone-recon-0.5.0-SNAPSHOT.jar:/root/.m2/repository/org/apache/hadoop/hadoop-ozone-reconcodegen/0.5.0-SNAPSHOT/hadoop-ozone-reconcodegen-0.5.0-SNAPSHOT.jar:/root/.m2/repository/com/google/inject/extensions/guice-multibindings/4.0/guice-multibindings-4.0.jar:/root/.m2/repository/com/google/inject/guice/4.0/guice-4.0.jar:/root/.m2/repository/aopalliance/aopalliance/1.0/aopalliance-1.0.jar:/root/.m2/repository/com/google/inject/extensions/guice-servlet/4.0/guice-servlet-4.0.jar:/root/.m2/repository/org/glassfish/jersey/containers/jersey-container-servlet/2.27/jersey-container-servlet-2.27.jar:/root/.m2/repository/org/glassfish/hk2/guice-bridge/2.5.0/guice-bridge-2.5.0.jar:/root/.m2/repository/org/glassfish/jersey/core/jersey-server/2.27/jersey-server-2.27.jar:/root/.m2/repository/org/glassfish/jersey/core/jersey-client/2.27/jersey-client-2.27.jar:/root/.m2/repository/org/glassfish/jersey/media/jersey-media-jaxb/2.27/jersey-media-jaxb-2.27.jar:/root/.m2/repository/javax/validation/validation-api/1.1.0.Final/validation-api-1.1.0.Final.jar:/root/.m2/repository/org/glassfish/jersey/media/jersey-media-json-jackson/2.27/jersey-media-json-jackson-2.27.jar:/root/.m2/repository/org/glassfish/jersey/ext/jersey-entity-filtering/2.27/jersey-entity-filtering-2.27.jar:/root/.m2/repository/com/google/inject/extensions/guice-assistedinject/4.0/guice-assistedinject-4.0.jar:/root/.m2/repository/org/jooq/jooq/3.11.10/jooq-3.11.10.jar:/root/.m2/repository/org/jooq/jooq-meta/3.11.10/jooq-meta-3.11.10.jar:/root/.m2/repository/org/jooq/jooq-codegen/3.11.10/jooq-codegen-3.11.10.jar:/root/.m2/repository/com/jolbox/bonecp/0.8.0.RELEASE/bonecp-0.8.0.RELEASE.jar:/root/.m2/repository/org/xerial/sqlite-jdbc/3.25.2/sqlite-jdbc-3.25.2.jar:/root/.m2/repository/org/springframework/spring-jdbc/5.1.3.RELEASE/spring-jdbc-5.1.3.RELEASE.jar:/root/.m2/repository/org/springframework/spring-beans/5.1.3.RELEASE/spring-beans-5.1.3.RELEASE.jar:/root/.m2/repository/org/springframework/spring-core/5.1.3.RELEASE/spring-core-5.1.3.RELEASE.jar:/root/.m2/repository/org/springframework/spring-jcl/5.1.3.RELEASE/spring-jcl-5.1.3.RELEASE.jar:/root/.m2/repository/org/springframework/spring-tx/5.1.3.RELEASE/spring-tx-5.1.3.RELEASE.jar:/root/.m2/repository/org/apache/hadoop/hadoop-ozone-client/0.5.0-SNAPSHOT/hadoop-ozone-client-0.5.0-SNAPSHOT.jar:/root/.m2/repository/org/apache/hadoop/hadoop-ozone-ozone-manager/0.5.0-SNAPSHOT/hadoop-ozone-ozone-manager-0.5.0-SNAPSHOT-tests.jar:/root/.m2/repository/junit/junit/4.11/junit-4.11.jar:/root/.m2/repository/org/hamcrest/hamcrest-core/1.3/hamcrest-core-1.3.jar:/root/.m2/repository/org/openjdk/jmh/jmh-core/1.19/jmh-core-1.19.jar:/root/.m2/repository/net/sf/jopt-simple/jopt-simple/4.6/jopt-simple-4.6.jar:/root/.m2/repository/org/apache/commons/commons-math3/3.1.1/commons-math3-3.1.1.jar:/root/.m2/repository/org/openjdk/jmh/jmh-generator-annprocess/1.19/jmh-generator-annprocess-1.19.jar:/root/.m2/repository/org/mockito/mockito-all/1.8.5/mockito-all-1.8.5.jar:/root/.m2/repository/org/apache/hadoop/hadoop-kms/3.2.0/hadoop-kms-3.2.0.jar:/root/.m2/repository/org/apache/hadoop/hadoop-auth/3.2.0/hadoop-auth-3.2.0.jar:/root/.m2/repository/com/nimbusds/nimbus-jose-jwt/4.41.1/nimbus-jose-jwt-4.41.1.jar:/root/.m2/repository/com/github/stephenc/jcip/jcip-annotations/1.0-1/jcip-annotations-1.0-1.jar:/root/.m2/repository/net/minidev/json-smart/2.3/json-smart-2.3.jar:/root/.m2/repository/net/minidev/accessors-smart/1.2/accessors-smart-1.2.jar:/root/.m2/repository/org/ow2/asm/asm/5.0.4/asm-5.0.4.jar:/root/.m2/repository/org/apache/curator/curator-framework/2.12.0/curator-framework-2.12.0.jar:/root/.m2/repository/com/sun/jersey/jersey-core/1.19/jersey-core-1.19.jar:/root/.m2/repository/javax/ws/rs/jsr311-api/1.1.1/jsr311-api-1.1.1.jar:/root/.m2/repository/com/sun/jersey/jersey-server/1.19/jersey-server-1.19.jar:/root/.m2/repository/javax/servlet/javax.servlet-api/3.1.0/javax.servlet-api-3.1.0.jar:/root/.m2/repository/org/eclipse/jetty/jetty-server/9.3.24.v20180605/jetty-server-9.3.24.v20180605.jar:/root/.m2/repository/org/eclipse/jetty/jetty-http/9.3.24.v20180605/jetty-http-9.3.24.v20180605.jar:/root/.m2/repository/org/eclipse/jetty/jetty-io/9.3.24.v20180605/jetty-io-9.3.24.v20180605.jar:/root/.m2/repository/org/eclipse/jetty/jetty-webapp/9.3.24.v20180605/jetty-webapp-9.3.24.v20180605.jar:/root/.m2/repository/org/eclipse/jetty/jetty-xml/9.3.24.v20180605/jetty-xml-9.3.24.v20180605.jar:/root/.m2/repository/log4j/log4j/1.2.17/log4j-1.2.17.jar:/root/.m2/repository/org/slf4j/slf4j-api/1.7.25/slf4j-api-1.7.25.jar:/root/.m2/repository/org/slf4j/jul-to-slf4j/1.7.25/jul-to-slf4j-1.7.25.jar:/root/.m2/repository/org/eclipse/jetty/jetty-util/9.3.24.v20180605/jetty-util-9.3.24.v20180605.jar:/root/.m2/repository/io/dropwizard/metrics/metrics-core/3.2.4/metrics-core-3.2.4.jar:/root/.m2/repository/com/fasterxml/jackson/core/jackson-databind/2.9.5/jackson-databind-2.9.5.jar:/root/.m2/repository/org/apache/hadoop/hadoop-kms/3.2.0/hadoop-kms-3.2.0-tests.jar:/root/.m2/repository/org/apache/hadoop/hadoop-hdds-server-scm/0.5.0-SNAPSHOT/hadoop-hdds-server-scm-0.5.0-SNAPSHOT-tests.jar:/root/.m2/repository/org/hamcrest/hamcrest-all/1.3/hamcrest-all-1.3.jar:/root/.m2/repository/info/picocli/picocli/3.9.6/picocli-3.9.6.jar:/root/.m2/repository/org/apache/hadoop/hadoop-hdds-container-service/0.5.0-SNAPSHOT/hadoop-hdds-container-service-0.5.0-SNAPSHOT-tests.jar:/root/.m2/repository/org/yaml/snakeyaml/1.16/snakeyaml-1.16.jar:/root/.m2/repository/org/apache/hadoop/hadoop-common/3.2.0/hadoop-common-3.2.0-tests.jar:/root/.m2/repository/org/apache/hadoop/hadoop-annotations/3.2.0/hadoop-annotations-3.2.0.jar:/usr/lib/jvm/java-1.8-openjdk/jre/../lib/tools.jar:/root/.m2/repository/commons-cli/commons-cli/1.2/commons-cli-1.2.jar:/root/.m2/repository/org/apache/httpcomponents/httpclient/4.5.2/httpclient-4.5.2.jar:/root/.m2/repository/org/apache/httpcomponents/httpcore/4.4.4/httpcore-4.4.4.jar:/root/.m2/repository/commons-codec/commons-codec/1.11/commons-codec-1.11.jar:/root/.m2/repository/commons-net/commons-net/3.6/commons-net-3.6.jar:/root/.m2/repository/commons-collections/commons-collections/3.2.2/commons-collections-3.2.2.jar:/root/.m2/repository/org/eclipse/jetty/jetty-servlet/9.3.24.v20180605/jetty-servlet-9.3.24.v20180605.jar:/root/.m2/repository/org/eclipse/jetty/jetty-security/9.3.24.v20180605/jetty-security-9.3.24.v20180605.jar:/root/.m2/repository/javax/servlet/jsp/jsp-api/2.1/jsp-api-2.1.jar:/root/.m2/repository/com/sun/jersey/jersey-servlet/1.19/jersey-servlet-1.19.jar:/root/.m2/repository/com/sun/jersey/jersey-json/1.19/jersey-json-1.19.jar:/root/.m2/repository/org/codehaus/jettison/jettison/1.1/jettison-1.1.jar:/root/.m2/repository/org/codehaus/jackson/jackson-core-asl/1.9.13/jackson-core-asl-1.9.13.jar:/root/.m2/repository/org/codehaus/jackson/jackson-mapper-asl/1.9.13/jackson-mapper-asl-1.9.13.jar:/root/.m2/repository/org/codehaus/jackson/jackson-jaxrs/1.9.13/jackson-jaxrs-1.9.13.jar:/root/.m2/repository/org/codehaus/jackson/jackson-xc/1.9.13/jackson-xc-1.9.13.jar:/root/.m2/repository/commons-logging/commons-logging/1.1.3/commons-logging-1.1.3.jar:/root/.m2/repository/commons-beanutils/commons-beanutils/1.9.3/commons-beanutils-1.9.3.jar:/root/.m2/repository/org/apache/commons/commons-configuration2/2.1.1/commons-configuration2-2.1.1.jar:/root/.m2/repository/org/apache/commons/commons-lang3/3.7/commons-lang3-3.7.jar:/root/.m2/repository/org/apache/commons/commons-text/1.4/commons-text-1.4.jar:/root/.m2/repository/org/apache/avro/avro/1.7.7/avro-1.7.7.jar:/root/.m2/repository/com/thoughtworks/paranamer/paranamer/2.3/paranamer-2.3.jar:/root/.m2/repository/org/xerial/snappy/snappy-java/1.0.5/snappy-java-1.0.5.jar:/root/.m2/repository/com/google/re2j/re2j/1.1/re2j-1.1.jar:/root/.m2/repository/com/google/code/gson/gson/2.2.4/gson-2.2.4.jar:/root/.m2/repository/com/jcraft/jsch/0.1.54/jsch-0.1.54.jar:/root/.m2/repository/org/apache/curator/curator-client/2.12.0/curator-client-2.12.0.jar:/root/.m2/repository/org/apache/curator/curator-recipes/2.12.0/curator-recipes-2.12.0.jar:/root/.m2/repository/com/google/code/findbugs/jsr305/3.0.0/jsr305-3.0.0.jar:/root/.m2/repository/org/apache/htrace/htrace-core4/4.1.0-incubating/htrace-core4-4.1.0-incubating.jar:/root/.m2/repository/org/apache/zookeeper/zookeeper/3.4.13/zookeeper-3.4.13.jar:/root/.m2/repository/org/apache/yetus/audience-annotations/0.5.0/audience-annotations-0.5.0.jar:/root/.m2/repository/org/codehaus/woodstox/stax2-api/3.1.4/stax2-api-3.1.4.jar:/root/.m2/repository/com/fasterxml/woodstox/woodstox-core/5.0.3/woodstox-core-5.0.3.jar:/root/.m2/repository/dnsjava/dnsjava/2.1.7/dnsjava-2.1.7.jar:/root/.m2/repository/org/apache/hadoop/hadoop-hdfs/3.2.0/hadoop-hdfs-3.2.0-tests.jar:/root/.m2/repository/org/eclipse/jetty/jetty-util-ajax/9.3.24.v20180605/jetty-util-ajax-9.3.24.v20180605.jar:/root/.m2/repository/commons-daemon/commons-daemon/1.0.13/commons-daemon-1.0.13.jar:/root/.m2/repository/io/netty/netty/3.10.5.Final/netty-3.10.5.Final.jar:/root/.m2/repository/io/netty/netty-all/4.0.52.Final/netty-all-4.0.52.Final.jar:/root/.m2/repository/org/fusesource/leveldbjni/leveldbjni-all/1.8/leveldbjni-all-1.8.jar:"/>
    <property name="java.vm.vendor" value="IcedTea"/>
    <property name="sun.arch.data.model" value="64"/>
    <property name="test.build.dir" value="/opt/src/hadoop-ozone/integration-test/target/test-dir"/>
    <property name="test.cache.data" value=""/>
    <property name="java.vendor.url" value="https://icedtea.classpath.org"/>
    <property name="user.timezone" value=""/>
    <property name="java.vm.specification.version" value="1.8"/>
    <property name="os.name" value="Linux"/>
    <property name="test.build.data" value="/opt/src/hadoop-ozone/integration-test/target/test-dir"/>
    <property name="user.country" value="US"/>
    <property name="sun.java.launcher" value="SUN_STANDARD"/>
    <property name="sun.boot.library.path" value="/usr/lib/jvm/java-1.8-openjdk/jre/lib/amd64"/>
    <property name="sun.java.command" value="/opt/src/hadoop-ozone/integration-test/target/surefire/surefirebooter8266091513564523035.jar /opt/src/hadoop-ozone/integration-test/target/surefire 2019-06-13T20-21-09_231-jvmRun1 surefire7115093645417271826tmp surefire_394231275078478087686tmp"/>
    <property name="surefire.test.class.path" value="/opt/src/hadoop-ozone/integration-test/target/test-classes:/opt/src/hadoop-ozone/integration-test/target/classes:/root/.m2/repository/org/apache/hadoop/hadoop-ozone-common/0.5.0-SNAPSHOT/hadoop-ozone-common-0.5.0-SNAPSHOT.jar:/root/.m2/repository/org/apache/commons/commons-compress/1.4.1/commons-compress-1.4.1.jar:/root/.m2/repository/org/tukaani/xz/1.0/xz-1.0.jar:/root/.m2/repository/org/apache/hadoop/hadoop-common/3.2.0/hadoop-common-3.2.0.jar:/root/.m2/repository/org/apache/hadoop/hadoop-hdfs/3.2.0/hadoop-hdfs-3.2.0.jar:/root/.m2/repository/org/apache/hadoop/hadoop-hdfs-client/3.2.0/hadoop-hdfs-client-3.2.0.jar:/root/.m2/repository/com/fasterxml/jackson/core/jackson-annotations/2.9.5/jackson-annotations-2.9.5.jar:/root/.m2/repository/org/apache/hadoop/hadoop-hdds-common/0.5.0-SNAPSHOT/hadoop-hdds-common-0.5.0-SNAPSHOT.jar:/root/.m2/repository/javax/annotation/javax.annotation-api/1.2/javax.annotation-api-1.2.jar:/root/.m2/repository/org/apache/ratis/ratis-server/0.4.0-fe2b15d-SNAPSHOT/ratis-server-0.4.0-fe2b15d-SNAPSHOT.jar:/root/.m2/repository/org/apache/ratis/ratis-thirdparty-misc/0.2.0/ratis-thirdparty-misc-0.2.0.jar:/root/.m2/repository/org/apache/ratis/ratis-proto/0.4.0-fe2b15d-SNAPSHOT/ratis-proto-0.4.0-fe2b15d-SNAPSHOT.jar:/root/.m2/repository/org/apache/ratis/ratis-common/0.4.0-fe2b15d-SNAPSHOT/ratis-common-0.4.0-fe2b15d-SNAPSHOT.jar:/root/.m2/repository/org/apache/ratis/ratis-client/0.4.0-fe2b15d-SNAPSHOT/ratis-client-0.4.0-fe2b15d-SNAPSHOT.jar:/root/.m2/repository/org/apache/ratis/ratis-netty/0.4.0-fe2b15d-SNAPSHOT/ratis-netty-0.4.0-fe2b15d-SNAPSHOT.jar:/root/.m2/repository/org/apache/ratis/ratis-grpc/0.4.0-fe2b15d-SNAPSHOT/ratis-grpc-0.4.0-fe2b15d-SNAPSHOT.jar:/root/.m2/repository/org/rocksdb/rocksdbjni/5.14.2/rocksdbjni-5.14.2.jar:/root/.m2/repository/org/apache/logging/log4j/log4j-api/2.11.0/log4j-api-2.11.0.jar:/root/.m2/repository/org/apache/logging/log4j/log4j-core/2.11.0/log4j-core-2.11.0.jar:/root/.m2/repository/com/lmax/disruptor/3.4.2/disruptor-3.4.2.jar:/root/.m2/repository/org/apache/commons/commons-pool2/2.6.0/commons-pool2-2.6.0.jar:/root/.m2/repository/org/bouncycastle/bcpkix-jdk15on/1.60/bcpkix-jdk15on-1.60.jar:/root/.m2/repository/commons-validator/commons-validator/1.6/commons-validator-1.6.jar:/root/.m2/repository/commons-digester/commons-digester/1.8.1/commons-digester-1.8.1.jar:/root/.m2/repository/io/jaegertracing/jaeger-client/0.33.1/jaeger-client-0.33.1.jar:/root/.m2/repository/io/jaegertracing/jaeger-thrift/0.33.1/jaeger-thrift-0.33.1.jar:/root/.m2/repository/org/apache/thrift/libthrift/0.11.0/libthrift-0.11.0.jar:/root/.m2/repository/com/squareup/okhttp3/okhttp/3.9.0/okhttp-3.9.0.jar:/root/.m2/repository/com/squareup/okio/okio/1.13.0/okio-1.13.0.jar:/root/.m2/repository/io/jaegertracing/jaeger-core/0.33.1/jaeger-core-0.33.1.jar:/root/.m2/repository/io/jaegertracing/jaeger-tracerresolver/0.33.1/jaeger-tracerresolver-0.33.1.jar:/root/.m2/repository/io/opentracing/contrib/opentracing-tracerresolver/0.1.5/opentracing-tracerresolver-0.1.5.jar:/root/.m2/repository/io/opentracing/opentracing-util/0.31.0/opentracing-util-0.31.0.jar:/root/.m2/repository/io/opentracing/opentracing-api/0.31.0/opentracing-api-0.31.0.jar:/root/.m2/repository/io/opentracing/opentracing-noop/0.31.0/opentracing-noop-0.31.0.jar:/root/.m2/repository/org/apache/hadoop/hadoop-hdds-server-framework/0.5.0-SNAPSHOT/hadoop-hdds-server-framework-0.5.0-SNAPSHOT.jar:/root/.m2/repository/org/apache/hadoop/hadoop-hdds-server-scm/0.5.0-SNAPSHOT/hadoop-hdds-server-scm-0.5.0-SNAPSHOT.jar:/root/.m2/repository/org/apache/hadoop/hadoop-hdds-container-service/0.5.0-SNAPSHOT/hadoop-hdds-container-service-0.5.0-SNAPSHOT.jar:/root/.m2/repository/org/apache/hadoop/hadoop-hdds-client/0.5.0-SNAPSHOT/hadoop-hdds-client-0.5.0-SNAPSHOT.jar:/root/.m2/repository/org/apache/hadoop/hadoop-hdds-tools/0.5.0-SNAPSHOT/hadoop-hdds-tools-0.5.0-SNAPSHOT.jar:/root/.m2/repository/org/apache/hadoop/hadoop-ozone-ozone-manager/0.5.0-SNAPSHOT/hadoop-ozone-ozone-manager-0.5.0-SNAPSHOT.jar:/root/.m2/repository/org/apache/hadoop/hadoop-hdds-docs/0.5.0-SNAPSHOT/hadoop-hdds-docs-0.5.0-SNAPSHOT.jar:/root/.m2/repository/org/bouncycastle/bcprov-jdk15on/1.60/bcprov-jdk15on-1.60.jar:/root/.m2/repository/org/apache/hadoop/hadoop-minikdc/3.2.0/hadoop-minikdc-3.2.0.jar:/root/.m2/repository/commons-io/commons-io/2.5/commons-io-2.5.jar:/root/.m2/repository/org/apache/kerby/kerb-simplekdc/1.0.1/kerb-simplekdc-1.0.1.jar:/root/.m2/repository/org/apache/kerby/kerb-client/1.0.1/kerb-client-1.0.1.jar:/root/.m2/repository/org/apache/kerby/kerby-config/1.0.1/kerby-config-1.0.1.jar:/root/.m2/repository/org/apache/kerby/kerb-core/1.0.1/kerb-core-1.0.1.jar:/root/.m2/repository/org/apache/kerby/kerby-pkix/1.0.1/kerby-pkix-1.0.1.jar:/root/.m2/repository/org/apache/kerby/kerby-asn1/1.0.1/kerby-asn1-1.0.1.jar:/root/.m2/repository/org/apache/kerby/kerby-util/1.0.1/kerby-util-1.0.1.jar:/root/.m2/repository/org/apache/kerby/kerb-common/1.0.1/kerb-common-1.0.1.jar:/root/.m2/repository/org/apache/kerby/kerb-crypto/1.0.1/kerb-crypto-1.0.1.jar:/root/.m2/repository/org/apache/kerby/kerb-util/1.0.1/kerb-util-1.0.1.jar:/root/.m2/repository/org/apache/kerby/token-provider/1.0.1/token-provider-1.0.1.jar:/root/.m2/repository/org/apache/kerby/kerb-admin/1.0.1/kerb-admin-1.0.1.jar:/root/.m2/repository/org/apache/kerby/kerb-server/1.0.1/kerb-server-1.0.1.jar:/root/.m2/repository/org/apache/kerby/kerb-identity/1.0.1/kerb-identity-1.0.1.jar:/root/.m2/repository/org/apache/kerby/kerby-xdr/1.0.1/kerby-xdr-1.0.1.jar:/root/.m2/repository/org/slf4j/slf4j-log4j12/1.7.25/slf4j-log4j12-1.7.25.jar:/root/.m2/repository/org/apache/hadoop/hadoop-ozone-objectstore-service/0.5.0-SNAPSHOT/hadoop-ozone-objectstore-service-0.5.0-SNAPSHOT.jar:/root/.m2/repository/org/apache/hadoop/hadoop-ozone-s3gateway/0.5.0-SNAPSHOT/hadoop-ozone-s3gateway-0.5.0-SNAPSHOT.jar:/root/.m2/repository/org/jboss/weld/servlet/weld-servlet/2.4.7.Final/weld-servlet-2.4.7.Final.jar:/root/.m2/repository/org/glassfish/jersey/containers/jersey-container-servlet-core/2.27/jersey-container-servlet-core-2.27.jar:/root/.m2/repository/org/glassfish/hk2/external/javax.inject/2.5.0-b42/javax.inject-2.5.0-b42.jar:/root/.m2/repository/org/glassfish/jersey/core/jersey-common/2.27/jersey-common-2.27.jar:/root/.m2/repository/org/glassfish/hk2/osgi-resource-locator/1.0.1/osgi-resource-locator-1.0.1.jar:/root/.m2/repository/javax/ws/rs/javax.ws.rs-api/2.1/javax.ws.rs-api-2.1.jar:/root/.m2/repository/org/glassfish/jersey/ext/cdi/jersey-cdi1x/2.27/jersey-cdi1x-2.27.jar:/root/.m2/repository/org/glassfish/jersey/inject/jersey-hk2/2.27/jersey-hk2-2.27.jar:/root/.m2/repository/org/glassfish/hk2/hk2-locator/2.5.0-b42/hk2-locator-2.5.0-b42.jar:/root/.m2/repository/org/javassist/javassist/3.22.0-CR2/javassist-3.22.0-CR2.jar:/root/.m2/repository/org/glassfish/hk2/hk2-api/2.5.0/hk2-api-2.5.0.jar:/root/.m2/repository/org/glassfish/hk2/external/jakarta.inject/2.5.0/jakarta.inject-2.5.0.jar:/root/.m2/repository/org/glassfish/hk2/hk2-utils/2.5.0/hk2-utils-2.5.0.jar:/root/.m2/repository/jakarta/annotation/jakarta.annotation-api/1.3.4/jakarta.annotation-api-1.3.4.jar:/root/.m2/repository/org/glassfish/hk2/external/aopalliance-repackaged/2.5.0/aopalliance-repackaged-2.5.0.jar:/root/.m2/repository/com/fasterxml/jackson/dataformat/jackson-dataformat-xml/2.9.0/jackson-dataformat-xml-2.9.0.jar:/root/.m2/repository/com/fasterxml/jackson/core/jackson-core/2.9.5/jackson-core-2.9.5.jar:/root/.m2/repository/com/fasterxml/jackson/module/jackson-module-jaxb-annotations/2.9.5/jackson-module-jaxb-annotations-2.9.5.jar:/root/.m2/repository/javax/enterprise/cdi-api/1.2/cdi-api-1.2.jar:/root/.m2/repository/javax/el/javax.el-api/3.0.0/javax.el-api-3.0.0.jar:/root/.m2/repository/javax/interceptor/javax.interceptor-api/1.2/javax.interceptor-api-1.2.jar:/root/.m2/repository/javax/inject/javax.inject/1/javax.inject-1.jar:/root/.m2/repository/com/sun/xml/bind/jaxb-impl/2.3.0.1/jaxb-impl-2.3.0.1.jar:/root/.m2/repository/com/sun/xml/bind/jaxb-core/2.3.0.1/jaxb-core-2.3.0.1.jar:/root/.m2/repository/javax/xml/bind/jaxb-api/2.3.0/jaxb-api-2.3.0.jar:/root/.m2/repository/javax/activation/activation/1.1.1/activation-1.1.1.jar:/root/.m2/repository/org/apache/hadoop/hadoop-ozone-csi/0.5.0-SNAPSHOT/hadoop-ozone-csi-0.5.0-SNAPSHOT.jar:/root/.m2/repository/com/google/protobuf/protobuf-java-util/3.5.1/protobuf-java-util-3.5.1.jar:/root/.m2/repository/org/apache/hadoop/hadoop-hdds-config/0.5.0-SNAPSHOT/hadoop-hdds-config-0.5.0-SNAPSHOT.jar:/root/.m2/repository/com/google/guava/guava/11.0.2/guava-11.0.2.jar:/root/.m2/repository/com/google/protobuf/protobuf-java/2.5.0/protobuf-java-2.5.0.jar:/root/.m2/repository/io/grpc/grpc-netty/1.17.1/grpc-netty-1.17.1.jar:/root/.m2/repository/io/grpc/grpc-core/1.17.1/grpc-core-1.17.1.jar:/root/.m2/repository/io/grpc/grpc-context/1.17.1/grpc-context-1.17.1.jar:/root/.m2/repository/com/google/errorprone/error_prone_annotations/2.2.0/error_prone_annotations-2.2.0.jar:/root/.m2/repository/org/codehaus/mojo/animal-sniffer-annotations/1.17/animal-sniffer-annotations-1.17.jar:/root/.m2/repository/io/opencensus/opencensus-api/0.17.0/opencensus-api-0.17.0.jar:/root/.m2/repository/io/opencensus/opencensus-contrib-grpc-metrics/0.17.0/opencensus-contrib-grpc-metrics-0.17.0.jar:/root/.m2/repository/io/netty/netty-codec-http2/4.1.30.Final/netty-codec-http2-4.1.30.Final.jar:/root/.m2/repository/io/netty/netty-codec-http/4.1.30.Final/netty-codec-http-4.1.30.Final.jar:/root/.m2/repository/io/netty/netty-codec/4.1.30.Final/netty-codec-4.1.30.Final.jar:/root/.m2/repository/io/netty/netty-handler/4.1.30.Final/netty-handler-4.1.30.Final.jar:/root/.m2/repository/io/netty/netty-handler-proxy/4.1.30.Final/netty-handler-proxy-4.1.30.Final.jar:/root/.m2/repository/io/netty/netty-codec-socks/4.1.30.Final/netty-codec-socks-4.1.30.Final.jar:/root/.m2/repository/io/netty/netty-transport-native-epoll/4.1.30.Final/netty-transport-native-epoll-4.1.30.Final.jar:/root/.m2/repository/io/netty/netty-common/4.1.30.Final/netty-common-4.1.30.Final.jar:/root/.m2/repository/io/netty/netty-buffer/4.1.30.Final/netty-buffer-4.1.30.Final.jar:/root/.m2/repository/io/netty/netty-transport/4.1.30.Final/netty-transport-4.1.30.Final.jar:/root/.m2/repository/io/netty/netty-resolver/4.1.30.Final/netty-resolver-4.1.30.Final.jar:/root/.m2/repository/io/netty/netty-transport-native-unix-common/4.1.30.Final/netty-transport-native-unix-common-4.1.30.Final.jar:/root/.m2/repository/io/grpc/grpc-protobuf/1.17.1/grpc-protobuf-1.17.1.jar:/root/.m2/repository/com/google/api/grpc/proto-google-common-protos/1.0.0/proto-google-common-protos-1.0.0.jar:/root/.m2/repository/io/grpc/grpc-protobuf-lite/1.17.1/grpc-protobuf-lite-1.17.1.jar:/root/.m2/repository/io/grpc/grpc-stub/1.17.1/grpc-stub-1.17.1.jar:/root/.m2/repository/org/apache/hadoop/hadoop-ozone-recon/0.5.0-SNAPSHOT/hadoop-ozone-recon-0.5.0-SNAPSHOT.jar:/root/.m2/repository/org/apache/hadoop/hadoop-ozone-reconcodegen/0.5.0-SNAPSHOT/hadoop-ozone-reconcodegen-0.5.0-SNAPSHOT.jar:/root/.m2/repository/com/google/inject/extensions/guice-multibindings/4.0/guice-multibindings-4.0.jar:/root/.m2/repository/com/google/inject/guice/4.0/guice-4.0.jar:/root/.m2/repository/aopalliance/aopalliance/1.0/aopalliance-1.0.jar:/root/.m2/repository/com/google/inject/extensions/guice-servlet/4.0/guice-servlet-4.0.jar:/root/.m2/repository/org/glassfish/jersey/containers/jersey-container-servlet/2.27/jersey-container-servlet-2.27.jar:/root/.m2/repository/org/glassfish/hk2/guice-bridge/2.5.0/guice-bridge-2.5.0.jar:/root/.m2/repository/org/glassfish/jersey/core/jersey-server/2.27/jersey-server-2.27.jar:/root/.m2/repository/org/glassfish/jersey/core/jersey-client/2.27/jersey-client-2.27.jar:/root/.m2/repository/org/glassfish/jersey/media/jersey-media-jaxb/2.27/jersey-media-jaxb-2.27.jar:/root/.m2/repository/javax/validation/validation-api/1.1.0.Final/validation-api-1.1.0.Final.jar:/root/.m2/repository/org/glassfish/jersey/media/jersey-media-json-jackson/2.27/jersey-media-json-jackson-2.27.jar:/root/.m2/repository/org/glassfish/jersey/ext/jersey-entity-filtering/2.27/jersey-entity-filtering-2.27.jar:/root/.m2/repository/com/google/inject/extensions/guice-assistedinject/4.0/guice-assistedinject-4.0.jar:/root/.m2/repository/org/jooq/jooq/3.11.10/jooq-3.11.10.jar:/root/.m2/repository/org/jooq/jooq-meta/3.11.10/jooq-meta-3.11.10.jar:/root/.m2/repository/org/jooq/jooq-codegen/3.11.10/jooq-codegen-3.11.10.jar:/root/.m2/repository/com/jolbox/bonecp/0.8.0.RELEASE/bonecp-0.8.0.RELEASE.jar:/root/.m2/repository/org/xerial/sqlite-jdbc/3.25.2/sqlite-jdbc-3.25.2.jar:/root/.m2/repository/org/springframework/spring-jdbc/5.1.3.RELEASE/spring-jdbc-5.1.3.RELEASE.jar:/root/.m2/repository/org/springframework/spring-beans/5.1.3.RELEASE/spring-beans-5.1.3.RELEASE.jar:/root/.m2/repository/org/springframework/spring-core/5.1.3.RELEASE/spring-core-5.1.3.RELEASE.jar:/root/.m2/repository/org/springframework/spring-jcl/5.1.3.RELEASE/spring-jcl-5.1.3.RELEASE.jar:/root/.m2/repository/org/springframework/spring-tx/5.1.3.RELEASE/spring-tx-5.1.3.RELEASE.jar:/root/.m2/repository/org/apache/hadoop/hadoop-ozone-client/0.5.0-SNAPSHOT/hadoop-ozone-client-0.5.0-SNAPSHOT.jar:/root/.m2/repository/org/apache/hadoop/hadoop-ozone-ozone-manager/0.5.0-SNAPSHOT/hadoop-ozone-ozone-manager-0.5.0-SNAPSHOT-tests.jar:/root/.m2/repository/junit/junit/4.11/junit-4.11.jar:/root/.m2/repository/org/hamcrest/hamcrest-core/1.3/hamcrest-core-1.3.jar:/root/.m2/repository/org/openjdk/jmh/jmh-core/1.19/jmh-core-1.19.jar:/root/.m2/repository/net/sf/jopt-simple/jopt-simple/4.6/jopt-simple-4.6.jar:/root/.m2/repository/org/apache/commons/commons-math3/3.1.1/commons-math3-3.1.1.jar:/root/.m2/repository/org/openjdk/jmh/jmh-generator-annprocess/1.19/jmh-generator-annprocess-1.19.jar:/root/.m2/repository/org/mockito/mockito-all/1.8.5/mockito-all-1.8.5.jar:/root/.m2/repository/org/apache/hadoop/hadoop-kms/3.2.0/hadoop-kms-3.2.0.jar:/root/.m2/repository/org/apache/hadoop/hadoop-auth/3.2.0/hadoop-auth-3.2.0.jar:/root/.m2/repository/com/nimbusds/nimbus-jose-jwt/4.41.1/nimbus-jose-jwt-4.41.1.jar:/root/.m2/repository/com/github/stephenc/jcip/jcip-annotations/1.0-1/jcip-annotations-1.0-1.jar:/root/.m2/repository/net/minidev/json-smart/2.3/json-smart-2.3.jar:/root/.m2/repository/net/minidev/accessors-smart/1.2/accessors-smart-1.2.jar:/root/.m2/repository/org/ow2/asm/asm/5.0.4/asm-5.0.4.jar:/root/.m2/repository/org/apache/curator/curator-framework/2.12.0/curator-framework-2.12.0.jar:/root/.m2/repository/com/sun/jersey/jersey-core/1.19/jersey-core-1.19.jar:/root/.m2/repository/javax/ws/rs/jsr311-api/1.1.1/jsr311-api-1.1.1.jar:/root/.m2/repository/com/sun/jersey/jersey-server/1.19/jersey-server-1.19.jar:/root/.m2/repository/javax/servlet/javax.servlet-api/3.1.0/javax.servlet-api-3.1.0.jar:/root/.m2/repository/org/eclipse/jetty/jetty-server/9.3.24.v20180605/jetty-server-9.3.24.v20180605.jar:/root/.m2/repository/org/eclipse/jetty/jetty-http/9.3.24.v20180605/jetty-http-9.3.24.v20180605.jar:/root/.m2/repository/org/eclipse/jetty/jetty-io/9.3.24.v20180605/jetty-io-9.3.24.v20180605.jar:/root/.m2/repository/org/eclipse/jetty/jetty-webapp/9.3.24.v20180605/jetty-webapp-9.3.24.v20180605.jar:/root/.m2/repository/org/eclipse/jetty/jetty-xml/9.3.24.v20180605/jetty-xml-9.3.24.v20180605.jar:/root/.m2/repository/log4j/log4j/1.2.17/log4j-1.2.17.jar:/root/.m2/repository/org/slf4j/slf4j-api/1.7.25/slf4j-api-1.7.25.jar:/root/.m2/repository/org/slf4j/jul-to-slf4j/1.7.25/jul-to-slf4j-1.7.25.jar:/root/.m2/repository/org/eclipse/jetty/jetty-util/9.3.24.v20180605/jetty-util-9.3.24.v20180605.jar:/root/.m2/repository/io/dropwizard/metrics/metrics-core/3.2.4/metrics-core-3.2.4.jar:/root/.m2/repository/com/fasterxml/jackson/core/jackson-databind/2.9.5/jackson-databind-2.9.5.jar:/root/.m2/repository/org/apache/hadoop/hadoop-kms/3.2.0/hadoop-kms-3.2.0-tests.jar:/root/.m2/repository/org/apache/hadoop/hadoop-hdds-server-scm/0.5.0-SNAPSHOT/hadoop-hdds-server-scm-0.5.0-SNAPSHOT-tests.jar:/root/.m2/repository/org/hamcrest/hamcrest-all/1.3/hamcrest-all-1.3.jar:/root/.m2/repository/info/picocli/picocli/3.9.6/picocli-3.9.6.jar:/root/.m2/repository/org/apache/hadoop/hadoop-hdds-container-service/0.5.0-SNAPSHOT/hadoop-hdds-container-service-0.5.0-SNAPSHOT-tests.jar:/root/.m2/repository/org/yaml/snakeyaml/1.16/snakeyaml-1.16.jar:/root/.m2/repository/org/apache/hadoop/hadoop-common/3.2.0/hadoop-common-3.2.0-tests.jar:/root/.m2/repository/org/apache/hadoop/hadoop-annotations/3.2.0/hadoop-annotations-3.2.0.jar:/usr/lib/jvm/java-1.8-openjdk/jre/../lib/tools.jar:/root/.m2/repository/commons-cli/commons-cli/1.2/commons-cli-1.2.jar:/root/.m2/repository/org/apache/httpcomponents/httpclient/4.5.2/httpclient-4.5.2.jar:/root/.m2/repository/org/apache/httpcomponents/httpcore/4.4.4/httpcore-4.4.4.jar:/root/.m2/repository/commons-codec/commons-codec/1.11/commons-codec-1.11.jar:/root/.m2/repository/commons-net/commons-net/3.6/commons-net-3.6.jar:/root/.m2/repository/commons-collections/commons-collections/3.2.2/commons-collections-3.2.2.jar:/root/.m2/repository/org/eclipse/jetty/jetty-servlet/9.3.24.v20180605/jetty-servlet-9.3.24.v20180605.jar:/root/.m2/repository/org/eclipse/jetty/jetty-security/9.3.24.v20180605/jetty-security-9.3.24.v20180605.jar:/root/.m2/repository/javax/servlet/jsp/jsp-api/2.1/jsp-api-2.1.jar:/root/.m2/repository/com/sun/jersey/jersey-servlet/1.19/jersey-servlet-1.19.jar:/root/.m2/repository/com/sun/jersey/jersey-json/1.19/jersey-json-1.19.jar:/root/.m2/repository/org/codehaus/jettison/jettison/1.1/jettison-1.1.jar:/root/.m2/repository/org/codehaus/jackson/jackson-core-asl/1.9.13/jackson-core-asl-1.9.13.jar:/root/.m2/repository/org/codehaus/jackson/jackson-mapper-asl/1.9.13/jackson-mapper-asl-1.9.13.jar:/root/.m2/repository/org/codehaus/jackson/jackson-jaxrs/1.9.13/jackson-jaxrs-1.9.13.jar:/root/.m2/repository/org/codehaus/jackson/jackson-xc/1.9.13/jackson-xc-1.9.13.jar:/root/.m2/repository/commons-logging/commons-logging/1.1.3/commons-logging-1.1.3.jar:/root/.m2/repository/commons-beanutils/commons-beanutils/1.9.3/commons-beanutils-1.9.3.jar:/root/.m2/repository/org/apache/commons/commons-configuration2/2.1.1/commons-configuration2-2.1.1.jar:/root/.m2/repository/org/apache/commons/commons-lang3/3.7/commons-lang3-3.7.jar:/root/.m2/repository/org/apache/commons/commons-text/1.4/commons-text-1.4.jar:/root/.m2/repository/org/apache/avro/avro/1.7.7/avro-1.7.7.jar:/root/.m2/repository/com/thoughtworks/paranamer/paranamer/2.3/paranamer-2.3.jar:/root/.m2/repository/org/xerial/snappy/snappy-java/1.0.5/snappy-java-1.0.5.jar:/root/.m2/repository/com/google/re2j/re2j/1.1/re2j-1.1.jar:/root/.m2/repository/com/google/code/gson/gson/2.2.4/gson-2.2.4.jar:/root/.m2/repository/com/jcraft/jsch/0.1.54/jsch-0.1.54.jar:/root/.m2/repository/org/apache/curator/curator-client/2.12.0/curator-client-2.12.0.jar:/root/.m2/repository/org/apache/curator/curator-recipes/2.12.0/curator-recipes-2.12.0.jar:/root/.m2/repository/com/google/code/findbugs/jsr305/3.0.0/jsr305-3.0.0.jar:/root/.m2/repository/org/apache/htrace/htrace-core4/4.1.0-incubating/htrace-core4-4.1.0-incubating.jar:/root/.m2/repository/org/apache/zookeeper/zookeeper/3.4.13/zookeeper-3.4.13.jar:/root/.m2/repository/org/apache/yetus/audience-annotations/0.5.0/audience-annotations-0.5.0.jar:/root/.m2/repository/org/codehaus/woodstox/stax2-api/3.1.4/stax2-api-3.1.4.jar:/root/.m2/repository/com/fasterxml/woodstox/woodstox-core/5.0.3/woodstox-core-5.0.3.jar:/root/.m2/repository/dnsjava/dnsjava/2.1.7/dnsjava-2.1.7.jar:/root/.m2/repository/org/apache/hadoop/hadoop-hdfs/3.2.0/hadoop-hdfs-3.2.0-tests.jar:/root/.m2/repository/org/eclipse/jetty/jetty-util-ajax/9.3.24.v20180605/jetty-util-ajax-9.3.24.v20180605.jar:/root/.m2/repository/commons-daemon/commons-daemon/1.0.13/commons-daemon-1.0.13.jar:/root/.m2/repository/io/netty/netty/3.10.5.Final/netty-3.10.5.Final.jar:/root/.m2/repository/io/netty/netty-all/4.0.52.Final/netty-all-4.0.52.Final.jar:/root/.m2/repository/org/fusesource/leveldbjni/leveldbjni-all/1.8/leveldbjni-all-1.8.jar:"/>
    <property name="sun.cpu.endian" value="little"/>
    <property name="user.home" value="/root"/>
    <property name="user.language" value="en"/>
    <property name="java.specification.vendor" value="Oracle Corporation"/>
    <property name="java.home" value="/usr/lib/jvm/java-1.8-openjdk/jre"/>
    <property name="java.security.krb5.conf" value="/opt/src/hadoop-ozone/integration-test/target/test-classes/krb5.conf"/>
    <property name="basedir" value="/opt/src/hadoop-ozone/integration-test"/>
    <property name="file.separator" value="/"/>
    <property name="line.separator" value="&#10;"/>
    <property name="java.vm.specification.vendor" value="Oracle Corporation"/>
    <property name="java.specification.name" value="Java Platform API Specification"/>
    <property name="java.awt.graphicsenv" value="sun.awt.X11GraphicsEnvironment"/>
    <property name="surefire.real.class.path" value="/opt/src/hadoop-ozone/integration-test/target/surefire/surefirebooter8266091513564523035.jar"/>
    <property name="hadoop.log.dir" value="/opt/src/hadoop-ozone/integration-test/target/log"/>
    <property name="sun.boot.class.path" value="/usr/lib/jvm/java-1.8-openjdk/jre/lib/resources.jar:/usr/lib/jvm/java-1.8-openjdk/jre/lib/rt.jar:/usr/lib/jvm/java-1.8-openjdk/jre/lib/sunrsasign.jar:/usr/lib/jvm/java-1.8-openjdk/jre/lib/jsse.jar:/usr/lib/jvm/java-1.8-openjdk/jre/lib/jce.jar:/usr/lib/jvm/java-1.8-openjdk/jre/lib/charsets.jar:/usr/lib/jvm/java-1.8-openjdk/jre/lib/jfr.jar:/usr/lib/jvm/java-1.8-openjdk/jre/classes"/>
    <property name="sun.management.compiler" value="HotSpot 64-Bit Tiered Compilers"/>
    <property name="java.runtime.version" value="1.8.0_212-b04"/>
    <property name="java.net.preferIPv4Stack" value="true"/>
    <property name="user.name" value="root"/>
    <property name="path.separator" value=":"/>
    <property name="java.security.egd" value="file:///dev/urandom"/>
    <property name="os.version" value="4.15.0-1021-aws"/>
    <property name="java.endorsed.dirs" value="/usr/lib/jvm/java-1.8-openjdk/jre/lib/endorsed"/>
    <property name="java.runtime.name" value="OpenJDK Runtime Environment"/>
    <property name="file.encoding" value="UTF-8"/>
    <property name="java.vm.name" value="OpenJDK 64-Bit Server VM"/>
    <property name="test.build.webapps" value=""/>
    <property name="localRepository" value="/root/.m2/repository"/>
    <property name="java.vendor.url.bug" value="https://icedtea.classpath.org/bugzilla"/>
    <property name="java.io.tmpdir" value="/tmp"/>
    <property name="require.test.libhadoop" value=""/>
    <property name="java.version" value="1.8.0_212"/>
    <property name="user.dir" value="/opt/src/hadoop-ozone/integration-test"/>
    <property name="os.arch" value="amd64"/>
    <property name="java.vm.specification.name" value="Java Virtual Machine Specification"/>
    <property name="test.build.classes" value="/opt/src/hadoop-ozone/integration-test/target/test-classes"/>
    <property name="java.awt.printerjob" value="sun.print.PSPrinterJob"/>
    <property name="sun.os.patch.level" value="unknown"/>
    <property name="hadoop.tmp.dir" value="/opt/src/hadoop-ozone/integration-test/target/tmp"/>
    <property name="java.library.path" value="/usr/lib/jvm/java-1.8-openjdk/jre/lib/amd64/server:/usr/lib/jvm/java-1.8-openjdk/jre/lib/amd64:/usr/lib/jvm/java-1.8-openjdk/jre/../lib/amd64:/opt/src/hadoop-ozone/integration-test/target/native/target/usr/local/lib:/opt/src/hadoop-ozone/integration-test/../../hadoop-common-project/hadoop-common/target/native/target/usr/local/lib:/usr/java/packages/lib/amd64:/usr/lib64:/lib64:/lib:/usr/lib"/>
    <property name="java.vm.info" value="mixed mode"/>
    <property name="java.vendor" value="IcedTea"/>
    <property name="java.vm.version" value="25.212-b04"/>
    <property name="java.ext.dirs" value="/usr/lib/jvm/java-1.8-openjdk/jre/lib/ext:/usr/java/packages/lib/ext"/>
    <property name="sun.io.unicode.encoding" value="UnicodeLittle"/>
    <property name="java.class.version" value="52.0"/>
  </properties>
  <testcase name="org.apache.hadoop.ozone.container.common.statemachine.commandhandler.TestCloseContainerByPipeline" classname="org.apache.hadoop.ozone.container.common.statemachine.commandhandler.TestCloseContainerByPipeline" time="66.955">
    <error message="Timed out waiting for condition. Thread diagnostics:&#10;Timestamp: 2019-06-13 08:53:49,323&#10;&#10;&quot;Datanode State Machine Thread - 0&quot; daemon prio=5 tid=212 timed_waiting&#10;java.lang.Thread.State: TIMED_WAITING&#10;        at sun.misc.Unsafe.park(Native Method)&#10;        at java.util.concurrent.locks.LockSupport.parkNanos(LockSupport.java:215)&#10;        at java.util.concurrent.SynchronousQueue$TransferStack.awaitFulfill(SynchronousQueue.java:460)&#10;        at java.util.concurrent.SynchronousQueue$TransferStack.transfer(SynchronousQueue.java:362)&#10;        at java.util.concurrent.SynchronousQueue.poll(SynchronousQueue.java:941)&#10;        at java.util.concurrent.ThreadPoolExecutor.getTask(ThreadPoolExecutor.java:1073)&#10;        at java.util.concurrent.ThreadPoolExecutor.runWorker(ThreadPoolExecutor.java:1134)&#10;        at java.util.concurrent.ThreadPoolExecutor$Worker.run(ThreadPoolExecutor.java:624)&#10;        at java.lang.Thread.run(Thread.java:748)&#10;&quot;Datanode ReportManager Thread - 2&quot; daemon prio=5 tid=327 in Object.wait()&#10;java.lang.Thread.State: WAITING (on object monitor)&#10;        at sun.misc.Unsafe.park(Native Method)&#10;        at java.util.concurrent.locks.LockSupport.park(LockSupport.java:175)&#10;        at java.util.concurrent.locks.AbstractQueuedSynchronizer$ConditionObject.await(AbstractQueuedSynchronizer.java:2039)&#10;        at java.util.concurrent.ScheduledThreadPoolExecutor$DelayedWorkQueue.take(ScheduledThreadPoolExecutor.java:1088)&#10;        at java.util.concurrent.ScheduledThreadPoolExecutor$DelayedWorkQueue.take(ScheduledThreadPoolExecutor.java:809)&#10;        at java.util.concurrent.ThreadPoolExecutor.getTask(ThreadPoolExecutor.java:1074)&#10;        at java.util.concurrent.ThreadPoolExecutor.runWorker(ThreadPoolExecutor.java:1134)&#10;        at java.util.concurrent.ThreadPoolExecutor$Worker.run(ThreadPoolExecutor.java:624)&#10;        at java.lang.Thread.run(Thread.java:748)&#10;&quot;qtp630669831-253&quot; daemon prio=5 tid=253 timed_waiting&#10;java.lang.Thread.State: TIMED_WAITING&#10;        at sun.misc.Unsafe.park(Native Method)&#10;        at java.util.concurrent.locks.LockSupport.parkNanos(LockSupport.java:215)&#10;        at java.util.concurrent.locks.AbstractQueuedSynchronizer$ConditionObject.awaitNanos(AbstractQueuedSynchronizer.java:2078)&#10;        at org.eclipse.jetty.util.BlockingArrayQueue.poll(BlockingArrayQueue.java:392)&#10;        at org.eclipse.jetty.util.thread.QueuedThreadPool.idleJobPoll(QueuedThreadPool.java:563)&#10;        at org.eclipse.jetty.util.thread.QueuedThreadPool.access$800(QueuedThreadPool.java:48)&#10;        at org.eclipse.jetty.util.thread.QueuedThreadPool$2.run(QueuedThreadPool.java:626)&#10;        at java.lang.Thread.run(Thread.java:748)&#10;&quot;pool-173-thread-55&quot;  prio=5 tid=926 in Object.wait()&#10;java.lang.Thread.State: WAITING (on object monitor)&#10;        at sun.misc.Unsafe.park(Native Method)&#10;        at java.util.concurrent.locks.LockSupport.park(LockSupport.java:175)&#10;        at java.util.concurrent.locks.AbstractQueuedSynchronizer$ConditionObject.await(AbstractQueuedSynchronizer.java:2039)&#10;        at java.util.concurrent.ArrayBlockingQueue.take(ArrayBlockingQueue.java:403)&#10;        at java.util.concurrent.ThreadPoolExecutor.getTask(ThreadPoolExecutor.java:1074)&#10;        at java.util.concurrent.ThreadPoolExecutor.runWorker(ThreadPoolExecutor.java:1134)&#10;        at java.util.concurrent.ThreadPoolExecutor$Worker.run(ThreadPoolExecutor.java:624)&#10;        at java.lang.Thread.run(Thread.java:748)&#10;&quot;pool-152-thread-14&quot;  prio=5 tid=825 in Object.wait()&#10;java.lang.Thread.State: WAITING (on object monitor)&#10;        at sun.misc.Unsafe.park(Native Method)&#10;        at java.util.concurrent.locks.LockSupport.park(LockSupport.java:175)&#10;        at java.util.concurrent.locks.AbstractQueuedSynchronizer$ConditionObject.await(AbstractQueuedSynchronizer.java:2039)&#10;        at java.util.concurrent.ArrayBlockingQueue.take(ArrayBlockingQueue.java:403)&#10;        at java.util.concurrent.ThreadPoolExecutor.getTask(ThreadPoolExecutor.java:1074)&#10;        at java.util.concurrent.ThreadPoolExecutor.runWorker(ThreadPoolExecutor.java:1134)&#10;        at java.util.concurrent.ThreadPoolExecutor$Worker.run(ThreadPoolExecutor.java:624)&#10;        at java.lang.Thread.run(Thread.java:748)&#10;&quot;pool-194-thread-15&quot;  prio=5 tid=946 in Object.wait()&#10;java.lang.Thread.State: WAITING (on object monitor)&#10;        at sun.misc.Unsafe.park(Native Method)&#10;        at java.util.concurrent.locks.LockSupport.park(LockSupport.java:175)&#10;        at java.util.concurrent.locks.AbstractQueuedSynchronizer$ConditionObject.await(AbstractQueuedSynchronizer.java:2039)&#10;        at java.util.concurrent.ArrayBlockingQueue.take(ArrayBlockingQueue.java:403)&#10;        at java.util.concurrent.ThreadPoolExecutor.getTask(ThreadPoolExecutor.java:1074)&#10;        at java.util.concurrent.ThreadPoolExecutor.runWorker(ThreadPoolExecutor.java:1134)&#10;        at java.util.concurrent.ThreadPoolExecutor$Worker.run(ThreadPoolExecutor.java:624)&#10;        at java.lang.Thread.run(Thread.java:748)&#10;&quot;IPC Server handler 7 on 46447&quot; daemon prio=5 tid=57 timed_waiting&#10;java.lang.Thread.State: TIMED_WAITING&#10;        at sun.misc.Unsafe.park(Native Method)&#10;        at java.util.concurrent.locks.LockSupport.parkNanos(LockSupport.java:215)&#10;        at java.util.concurrent.locks.AbstractQueuedSynchronizer$ConditionObject.awaitNanos(AbstractQueuedSynchronizer.java:2078)&#10;        at java.util.concurrent.LinkedBlockingQueue.poll(LinkedBlockingQueue.java:467)&#10;        at org.apache.hadoop.ipc.CallQueueManager.take(CallQueueManager.java:288)&#10;        at org.apache.hadoop.ipc.Server$Handler.run(Server.java:2668)&#10;&quot;Periodic HDDS volume checker&quot;  prio=5 tid=177 timed_waiting&#10;java.lang.Thread.State: TIMED_WAITING&#10;        at sun.misc.Unsafe.park(Native Method)&#10;        at java.util.concurrent.locks.LockSupport.parkNanos(LockSupport.java:215)&#10;        at java.util.concurrent.locks.AbstractQueuedSynchronizer$ConditionObject.awaitNanos(AbstractQueuedSynchronizer.java:2078)&#10;        at java.util.concurrent.ScheduledThreadPoolExecutor$DelayedWorkQueue.take(ScheduledThreadPoolExecutor.java:1093)&#10;        at java.util.concurrent.ScheduledThreadPoolExecutor$DelayedWorkQueue.take(ScheduledThreadPoolExecutor.java:809)&#10;        at java.util.concurrent.ThreadPoolExecutor.getTask(ThreadPoolExecutor.java:1074)&#10;        at java.util.concurrent.ThreadPoolExecutor.runWorker(ThreadPoolExecutor.java:1134)&#10;        at java.util.concurrent.ThreadPoolExecutor$Worker.run(ThreadPoolExecutor.java:624)&#10;        at java.lang.Thread.run(Thread.java:748)&#10;&quot;org.eclipse.jetty.server.session.HashSessionManager@1e01b133Timer&quot; daemon prio=5 tid=198 timed_waiting&#10;java.lang.Thread.State: TIMED_WAITING&#10;        at sun.misc.Unsafe.park(Native Method)&#10;        at java.util.concurrent.locks.LockSupport.parkNanos(LockSupport.java:215)&#10;        at java.util.concurrent.locks.AbstractQueuedSynchronizer$ConditionObject.awaitNanos(AbstractQueuedSynchronizer.java:2078)&#10;        at java.util.concurrent.ScheduledThreadPoolExecutor$DelayedWorkQueue.take(ScheduledThreadPoolExecutor.java:1093)&#10;        at java.util.concurrent.ScheduledThreadPoolExecutor$DelayedWorkQueue.take(ScheduledThreadPoolExecutor.java:809)&#10;        at java.util.concurrent.ThreadPoolExecutor.getTask(ThreadPoolExecutor.java:1074)&#10;        at java.util.concurrent.ThreadPoolExecutor.runWorker(ThreadPoolExecutor.java:1134)&#10;        at java.util.concurrent.ThreadPoolExecutor$Worker.run(ThreadPoolExecutor.java:624)&#10;        at java.lang.Thread.run(Thread.java:748)&#10;&quot;pool-152-thread-2&quot;  prio=5 tid=813 in Object.wait()&#10;java.lang.Thread.State: WAITING (on object monitor)&#10;        at sun.misc.Unsafe.park(Native Method)&#10;        at java.util.concurrent.locks.LockSupport.park(LockSupport.java:175)&#10;        at java.util.concurrent.locks.AbstractQueuedSynchronizer$ConditionObject.await(AbstractQueuedSynchronizer.java:2039)&#10;        at java.util.concurrent.ArrayBlockingQueue.take(ArrayBlockingQueue.java:403)&#10;        at java.util.concurrent.ThreadPoolExecutor.getTask(ThreadPoolExecutor.java:1074)&#10;        at java.util.concurrent.ThreadPoolExecutor.runWorker(ThreadPoolExecutor.java:1134)&#10;        at java.util.concurrent.ThreadPoolExecutor$Worker.run(ThreadPoolExecutor.java:624)&#10;        at java.lang.Thread.run(Thread.java:748)&#10;&quot;pool-110-thread-27&quot;  prio=5 tid=718 in Object.wait()&#10;java.lang.Thread.State: WAITING (on object monitor)&#10;        at sun.misc.Unsafe.park(Native Method)&#10;        at java.util.concurrent.locks.LockSupport.park(LockSupport.java:175)&#10;        at java.util.concurrent.locks.AbstractQueuedSynchronizer$ConditionObject.await(AbstractQueuedSynchronizer.java:2039)&#10;        at java.util.concurrent.ArrayBlockingQueue.take(ArrayBlockingQueue.java:403)&#10;        at java.util.concurrent.ThreadPoolExecutor.getTask(ThreadPoolExecutor.java:1074)&#10;        at java.util.concurrent.ThreadPoolExecutor.runWorker(ThreadPoolExecutor.java:1134)&#10;        at java.util.concurrent.ThreadPoolExecutor$Worker.run(ThreadPoolExecutor.java:624)&#10;        at java.lang.Thread.run(Thread.java:748)&#10;&quot;pool-47-thread-4&quot;  prio=5 tid=515 in Object.wait()&#10;java.lang.Thread.State: WAITING (on object monitor)&#10;        at sun.misc.Unsafe.park(Native Method)&#10;        at java.util.concurrent.locks.LockSupport.park(LockSupport.java:175)&#10;        at java.util.concurrent.locks.AbstractQueuedSynchronizer$ConditionObject.await(AbstractQueuedSynchronizer.java:2039)&#10;        at java.util.concurrent.ArrayBlockingQueue.take(ArrayBlockingQueue.java:403)&#10;        at java.util.concurrent.ThreadPoolExecutor.getTask(ThreadPoolExecutor.java:1074)&#10;        at java.util.concurrent.ThreadPoolExecutor.runWorker(ThreadPoolExecutor.java:1134)&#10;        at java.util.concurrent.ThreadPoolExecutor$Worker.run(ThreadPoolExecutor.java:624)&#10;        at java.lang.Thread.run(Thread.java:748)&#10;&quot;pool-131-thread-48&quot;  prio=5 tid=799 in Object.wait()&#10;java.lang.Thread.State: WAITING (on object monitor)&#10;        at sun.misc.Unsafe.park(Native Method)&#10;        at java.util.concurrent.locks.LockSupport.park(LockSupport.java:175)&#10;        at java.util.concurrent.locks.AbstractQueuedSynchronizer$ConditionObject.await(AbstractQueuedSynchronizer.java:2039)&#10;        at java.util.concurrent.ArrayBlockingQueue.take(ArrayBlockingQueue.java:403)&#10;        at java.util.concurrent.ThreadPoolExecutor.getTask(ThreadPoolExecutor.java:1074)&#10;        at java.util.concurrent.ThreadPoolExecutor.runWorker(ThreadPoolExecutor.java:1134)&#10;        at java.util.concurrent.ThreadPoolExecutor$Worker.run(ThreadPoolExecutor.java:624)&#10;        at java.lang.Thread.run(Thread.java:748)&#10;&quot;pool-152-thread-6&quot;  prio=5 tid=817 in Object.wait()&#10;java.lang.Thread.State: WAITING (on object monitor)&#10;        at sun.misc.Unsafe.park(Native Method)&#10;        at java.util.concurrent.locks.LockSupport.park(LockSupport.java:175)&#10;        at java.util.concurrent.locks.AbstractQueuedSynchronizer$ConditionObject.await(AbstractQueuedSynchronizer.java:2039)&#10;        at java.util.concurrent.ArrayBlockingQueue.take(ArrayBlockingQueue.java:403)&#10;        at java.util.concurrent.ThreadPoolExecutor.getTask(ThreadPoolExecutor.java:1074)&#10;        at java.util.concurrent.ThreadPoolExecutor.runWorker(ThreadPoolExecutor.java:1134)&#10;        at java.util.concurrent.ThreadPoolExecutor$Worker.run(ThreadPoolExecutor.java:624)&#10;        at java.lang.Thread.run(Thread.java:748)&#10;&quot;refreshUsed-/opt/src/hadoop-ozone/integration-test/target/test-dir/MiniOzoneClusterImpl-add696fe-84ac-4b45-a2ee-012b057e1087/datanode-6/data/containers&quot; daemon prio=5 tid=333 timed_waiting&#10;java.lang.Thread.State: TIMED_WAITING&#10;        at java.lang.Thread.sleep(Native Method)&#10;        at org.apache.hadoop.fs.CachingGetSpaceUsed$RefreshThread.run(CachingGetSpaceUsed.java:179)&#10;        at java.lang.Thread.run(Thread.java:748)&#10;&quot;Datanode ReportManager Thread - 0&quot; daemon prio=5 tid=173 in Object.wait()&#10;java.lang.Thread.State: WAITING (on object monitor)&#10;        at sun.misc.Unsafe.park(Native Method)&#10;        at java.util.concurrent.locks.LockSupport.park(LockSupport.java:175)&#10;        at java.util.concurrent.locks.AbstractQueuedSynchronizer$ConditionObject.await(AbstractQueuedSynchronizer.java:2039)&#10;        at java.util.concurrent.ScheduledThreadPoolExecutor$DelayedWorkQueue.take(ScheduledThreadPoolExecutor.java:1088)&#10;        at java.util.concurrent.ScheduledThreadPoolExecutor$DelayedWorkQueue.take(ScheduledThreadPoolExecutor.java:809)&#10;        at java.util.concurrent.ThreadPoolExecutor.getTask(ThreadPoolExecutor.java:1074)&#10;        at java.util.concurrent.ThreadPoolExecutor.runWorker(ThreadPoolExecutor.java:1134)&#10;        at java.util.concurrent.ThreadPoolExecutor$Worker.run(ThreadPoolExecutor.java:624)&#10;        at java.lang.Thread.run(Thread.java:748)&#10;&quot;IPC Server handler 19 on 33423&quot; daemon prio=5 tid=49 timed_waiting&#10;java.lang.Thread.State: TIMED_WAITING&#10;        at sun.misc.Unsafe.park(Native Method)&#10;        at java.util.concurrent.locks.LockSupport.parkNanos(LockSupport.java:215)&#10;        at java.util.concurrent.locks.AbstractQueuedSynchronizer$ConditionObject.awaitNanos(AbstractQueuedSynchronizer.java:2078)&#10;        at java.util.concurrent.LinkedBlockingQueue.poll(LinkedBlockingQueue.java:467)&#10;        at org.apache.hadoop.ipc.CallQueueManager.take(CallQueueManager.java:288)&#10;        at org.apache.hadoop.ipc.Server$Handler.run(Server.java:2668)&#10;&quot;IPC Server handler 17 on 33779&quot; daemon prio=5 tid=87 timed_waiting&#10;java.lang.Thread.State: TIMED_WAITING&#10;        at sun.misc.Unsafe.park(Native Method)&#10;        at java.util.concurrent.locks.LockSupport.parkNanos(LockSupport.java:215)&#10;        at java.util.concurrent.locks.AbstractQueuedSynchronizer$ConditionObject.awaitNanos(AbstractQueuedSynchronizer.java:2078)&#10;        at java.util.concurrent.LinkedBlockingQueue.poll(LinkedBlockingQueue.java:467)&#10;        at org.apache.hadoop.ipc.CallQueueManager.take(CallQueueManager.java:288)&#10;        at org.apache.hadoop.ipc.Server$Handler.run(Server.java:2668)&#10;&quot;pool-131-thread-12&quot;  prio=5 tid=763 in Object.wait()&#10;java.lang.Thread.State: WAITING (on object monitor)&#10;        at sun.misc.Unsafe.park(Native Method)&#10;        at java.util.concurrent.locks.LockSupport.park(LockSupport.java:175)&#10;        at java.util.concurrent.locks.AbstractQueuedSynchronizer$ConditionObject.await(AbstractQueuedSynchronizer.java:2039)&#10;        at java.util.concurrent.ArrayBlockingQueue.take(ArrayBlockingQueue.java:403)&#10;        at java.util.concurrent.ThreadPoolExecutor.getTask(ThreadPoolExecutor.java:1074)&#10;        at java.util.concurrent.ThreadPoolExecutor.runWorker(ThreadPoolExecutor.java:1134)&#10;        at java.util.concurrent.ThreadPoolExecutor$Worker.run(ThreadPoolExecutor.java:624)&#10;        at java.lang.Thread.run(Thread.java:748)&#10;&quot;org.eclipse.jetty.server.session.HashSessionManager@34c53688Timer&quot; daemon prio=5 tid=259 timed_waiting&#10;java.lang.Thread.State: TIMED_WAITING&#10;        at sun.misc.Unsafe.park(Native Method)&#10;        at java.util.concurrent.locks.LockSupport.parkNanos(LockSupport.java:215)&#10;        at java.util.concurrent.locks.AbstractQueuedSynchronizer$ConditionObject.awaitNanos(AbstractQueuedSynchronizer.java:2078)&#10;        at java.util.concurrent.ScheduledThreadPoolExecutor$DelayedWorkQueue.take(ScheduledThreadPoolExecutor.java:1093)&#10;        at java.util.concurrent.ScheduledThreadPoolExecutor$DelayedWorkQueue.take(ScheduledThreadPoolExecutor.java:809)&#10;        at java.util.concurrent.ThreadPoolExecutor.getTask(ThreadPoolExecutor.java:1074)&#10;        at java.util.concurrent.ThreadPoolExecutor.runWorker(ThreadPoolExecutor.java:1134)&#10;        at java.util.concurrent.ThreadPoolExecutor$Worker.run(ThreadPoolExecutor.java:624)&#10;        at java.lang.Thread.run(Thread.java:748)&#10;&quot;qtp630669831-252&quot; daemon prio=5 tid=252 timed_waiting&#10;java.lang.Thread.State: TIMED_WAITING&#10;        at sun.misc.Unsafe.park(Native Method)&#10;        at java.util.concurrent.locks.LockSupport.parkNanos(LockSupport.java:215)&#10;        at java.util.concurrent.locks.AbstractQueuedSynchronizer$ConditionObject.awaitNanos(AbstractQueuedSynchronizer.java:2078)&#10;        at org.eclipse.jetty.util.BlockingArrayQueue.poll(BlockingArrayQueue.java:392)&#10;        at org.eclipse.jetty.util.thread.QueuedThreadPool.idleJobPoll(QueuedThreadPool.java:563)&#10;        at org.eclipse.jetty.util.thread.QueuedThreadPool.access$800(QueuedThreadPool.java:48)&#10;        at org.eclipse.jetty.util.thread.QueuedThreadPool$2.run(QueuedThreadPool.java:626)&#10;        at java.lang.Thread.run(Thread.java:748)&#10;&quot;pool-131-thread-57&quot;  prio=5 tid=808 in Object.wait()&#10;java.lang.Thread.State: WAITING (on object monitor)&#10;        at sun.misc.Unsafe.park(Native Method)&#10;        at java.util.concurrent.locks.LockSupport.park(LockSupport.java:175)&#10;        at java.util.concurrent.locks.AbstractQueuedSynchronizer$ConditionObject.await(AbstractQueuedSynchronizer.java:2039)&#10;        at java.util.concurrent.ArrayBlockingQueue.take(ArrayBlockingQueue.java:403)&#10;        at java.util.concurrent.ThreadPoolExecutor.getTask(ThreadPoolExecutor.java:1074)&#10;        at java.util.concurrent.ThreadPoolExecutor.runWorker(ThreadPoolExecutor.java:1134)&#10;        at java.util.concurrent.ThreadPoolExecutor$Worker.run(ThreadPoolExecutor.java:624)&#10;        at java.lang.Thread.run(Thread.java:748)&#10;&quot;qtp602280210-313&quot; daemon prio=5 tid=313 timed_waiting&#10;java.lang.Thread.State: TIMED_WAITING&#10;        at sun.misc.Unsafe.park(Native Method)&#10;        at java.util.concurrent.locks.LockSupport.parkNanos(LockSupport.java:215)&#10;        at java.util.concurrent.locks.AbstractQueuedSynchronizer$ConditionObject.awaitNanos(AbstractQueuedSynchronizer.java:2078)&#10;        at org.eclipse.jetty.util.BlockingArrayQueue.poll(BlockingArrayQueue.java:392)&#10;        at org.eclipse.jetty.util.thread.QueuedThreadPool.idleJobPoll(QueuedThreadPool.java:563)&#10;        at org.eclipse.jetty.util.thread.QueuedThreadPool.access$800(QueuedThreadPool.java:48)&#10;        at org.eclipse.jetty.util.thread.QueuedThreadPool$2.run(QueuedThreadPool.java:626)&#10;        at java.lang.Thread.run(Thread.java:748)&#10;&quot;IPC Server listener on 33779&quot; daemon prio=5 tid=15 runnable&#10;java.lang.Thread.State: RUNNABLE&#10;        at sun.nio.ch.EPollArrayWrapper.epollWait(Native Method)&#10;        at sun.nio.ch.EPollArrayWrapper.poll(EPollArrayWrapper.java:269)&#10;        at sun.nio.ch.EPollSelectorImpl.doSelect(EPollSelectorImpl.java:93)&#10;        at sun.nio.ch.SelectorImpl.lockAndDoSelect(SelectorImpl.java:86)&#10;        at sun.nio.ch.SelectorImpl.select(SelectorImpl.java:97)&#10;        at sun.nio.ch.SelectorImpl.select(SelectorImpl.java:101)&#10;        at org.apache.hadoop.ipc.Server$Listener.run(Server.java:1159)&#10;&quot;pool-6-thread-1&quot;  prio=5 tid=27 timed_waiting&#10;java.lang.Thread.State: TIMED_WAITING&#10;        at sun.misc.Unsafe.park(Native Method)&#10;        at java.util.concurrent.locks.LockSupport.parkNanos(LockSupport.java:215)&#10;        at java.util.concurrent.locks.AbstractQueuedSynchronizer$ConditionObject.awaitNanos(AbstractQueuedSynchronizer.java:2078)&#10;        at java.util.concurrent.ScheduledThreadPoolExecutor$DelayedWorkQueue.take(ScheduledThreadPoolExecutor.java:1093)&#10;        at java.util.concurrent.ScheduledThreadPoolExecutor$DelayedWorkQueue.take(ScheduledThreadPoolExecutor.java:809)&#10;        at java.util.concurrent.ThreadPoolExecutor.getTask(ThreadPoolExecutor.java:1074)&#10;        at java.util.concurrent.ThreadPoolExecutor.runWorker(ThreadPoolExecutor.java:1134)&#10;        at java.util.concurrent.ThreadPoolExecutor$Worker.run(ThreadPoolExecutor.java:624)&#10;        at java.lang.Thread.run(Thread.java:748)&#10;&quot;BlockDeletingService#1&quot; daemon prio=5 tid=278 timed_waiting&#10;java.lang.Thread.State: TIMED_WAITING&#10;        at sun.misc.Unsafe.park(Native Method)&#10;        at java.util.concurrent.locks.LockSupport.parkNanos(LockSupport.java:215)&#10;        at java.util.concurrent.locks.AbstractQueuedSynchronizer$ConditionObject.awaitNanos(AbstractQueuedSynchronizer.java:2078)&#10;        at java.util.concurrent.ScheduledThreadPoolExecutor$DelayedWorkQueue.take(ScheduledThreadPoolExecutor.java:1093)&#10;        at java.util.concurrent.ScheduledThreadPoolExecutor$DelayedWorkQueue.take(ScheduledThreadPoolExecutor.java:809)&#10;        at java.util.concurrent.ThreadPoolExecutor.getTask(ThreadPoolExecutor.java:1074)&#10;        at java.util.concurrent.ThreadPoolExecutor.runWorker(ThreadPoolExecutor.java:1134)&#10;        at java.util.concurrent.ThreadPoolExecutor$Worker.run(ThreadPoolExecutor.java:624)&#10;        at java.lang.Thread.run(Thread.java:748)&#10;&quot;e834f043-68c2-4690-911f-e774cd7c845d-RaftLogWorker&quot;  prio=5 tid=1115 timed_waiting&#10;java.lang.Thread.State: TIMED_WAITING&#10;        at sun.misc.Unsafe.park(Native Method)&#10;        at java.util.concurrent.locks.LockSupport.parkNanos(LockSupport.java:215)&#10;        at java.util.concurrent.locks.AbstractQueuedSynchronizer$ConditionObject.awaitNanos(AbstractQueuedSynchronizer.java:2078)&#10;        at org.apache.ratis.util.DataBlockingQueue.poll(DataBlockingQueue.java:137)&#10;        at org.apache.ratis.server.storage.RaftLogWorker.run(RaftLogWorker.java:216)&#10;        at java.lang.Thread.run(Thread.java:748)&#10;&quot;pool-68-thread-28&quot;  prio=5 tid=599 in Object.wait()&#10;java.lang.Thread.State: WAITING (on object monitor)&#10;        at sun.misc.Unsafe.park(Native Method)&#10;        at java.util.concurrent.locks.LockSupport.park(LockSupport.java:175)&#10;        at java.util.concurrent.locks.AbstractQueuedSynchronizer$ConditionObject.await(AbstractQueuedSynchronizer.java:2039)&#10;        at java.util.concurrent.ArrayBlockingQueue.take(ArrayBlockingQueue.java:403)&#10;        at java.util.concurrent.ThreadPoolExecutor.getTask(ThreadPoolExecutor.java:1074)&#10;        at java.util.concurrent.ThreadPoolExecutor.runWorker(ThreadPoolExecutor.java:1134)&#10;        at java.util.concurrent.ThreadPoolExecutor$Worker.run(ThreadPoolExecutor.java:624)&#10;        at java.lang.Thread.run(Thread.java:748)&#10;&quot;refreshUsed-/opt/src/hadoop-ozone/integration-test/target/test-dir/MiniOzoneClusterImpl-add696fe-84ac-4b45-a2ee-012b057e1087/datanode-4/data/containers&quot; daemon prio=5 tid=273 timed_waiting&#10;java.lang.Thread.State: TIMED_WAITING&#10;        at java.lang.Thread.sleep(Native Method)&#10;        at org.apache.hadoop.fs.CachingGetSpaceUsed$RefreshThread.run(CachingGetSpaceUsed.java:179)&#10;        at java.lang.Thread.run(Thread.java:748)&#10;&quot;pool-26-thread-47&quot;  prio=5 tid=497 in Object.wait()&#10;java.lang.Thread.State: WAITING (on object monitor)&#10;        at sun.misc.Unsafe.park(Native Method)&#10;        at java.util.concurrent.locks.LockSupport.park(LockSupport.java:175)&#10;        at java.util.concurrent.locks.AbstractQueuedSynchronizer$ConditionObject.await(AbstractQueuedSynchronizer.java:2039)&#10;        at java.util.concurrent.ArrayBlockingQueue.take(ArrayBlockingQueue.java:403)&#10;        at java.util.concurrent.ThreadPoolExecutor.getTask(ThreadPoolExecutor.java:1074)&#10;        at java.util.concurrent.ThreadPoolExecutor.runWorker(ThreadPoolExecutor.java:1134)&#10;        at java.util.concurrent.ThreadPoolExecutor$Worker.run(ThreadPoolExecutor.java:624)&#10;        at java.lang.Thread.run(Thread.java:748)&#10;&quot;pool-26-thread-41&quot;  prio=5 tid=491 in Object.wait()&#10;java.lang.Thread.State: WAITING (on object monitor)&#10;        at sun.misc.Unsafe.park(Native Method)&#10;        at java.util.concurrent.locks.LockSupport.park(LockSupport.java:175)&#10;        at java.util.concurrent.locks.AbstractQueuedSynchronizer$ConditionObject.await(AbstractQueuedSynchronizer.java:2039)&#10;        at java.util.concurrent.ArrayBlockingQueue.take(ArrayBlockingQueue.java:403)&#10;        at java.util.concurrent.ThreadPoolExecutor.getTask(ThreadPoolExecutor.java:1074)&#10;        at java.util.concurrent.ThreadPoolExecutor.runWorker(ThreadPoolExecutor.java:1134)&#10;        at java.util.concurrent.ThreadPoolExecutor$Worker.run(ThreadPoolExecutor.java:624)&#10;        at java.lang.Thread.run(Thread.java:748)&#10;&quot;Datanode State Machine Thread - 0&quot; daemon prio=5 tid=421 timed_waiting&#10;java.lang.Thread.State: TIMED_WAITING&#10;        at sun.misc.Unsafe.park(Native Method)&#10;        at java.util.concurrent.locks.LockSupport.parkNanos(LockSupport.java:215)&#10;        at java.util.concurrent.SynchronousQueue$TransferStack.awaitFulfill(SynchronousQueue.java:460)&#10;        at java.util.concurrent.SynchronousQueue$TransferStack.transfer(SynchronousQueue.java:362)&#10;        at java.util.concurrent.SynchronousQueue.poll(SynchronousQueue.java:941)&#10;        at java.util.concurrent.ThreadPoolExecutor.getTask(ThreadPoolExecutor.java:1073)&#10;        at java.util.concurrent.ThreadPoolExecutor.runWorker(ThreadPoolExecutor.java:1134)&#10;        at java.util.concurrent.ThreadPoolExecutor$Worker.run(ThreadPoolExecutor.java:624)&#10;        at java.lang.Thread.run(Thread.java:748)&#10;&quot;org.eclipse.jetty.server.session.HashSessionManager@2042ccceTimer&quot; daemon prio=5 tid=168 timed_waiting&#10;java.lang.Thread.State: TIMED_WAITING&#10;        at sun.misc.Unsafe.park(Native Method)&#10;        at java.util.concurrent.locks.LockSupport.parkNanos(LockSupport.java:215)&#10;        at java.util.concurrent.locks.AbstractQueuedSynchronizer$ConditionObject.awaitNanos(AbstractQueuedSynchronizer.java:2078)&#10;        at java.util.concurrent.ScheduledThreadPoolExecutor$DelayedWorkQueue.take(ScheduledThreadPoolExecutor.java:1093)&#10;        at java.util.concurrent.ScheduledThreadPoolExecutor$DelayedWorkQueue.take(ScheduledThreadPoolExecutor.java:809)&#10;        at java.util.concurrent.ThreadPoolExecutor.getTask(ThreadPoolExecutor.java:1074)&#10;        at java.util.concurrent.ThreadPoolExecutor.runWorker(ThreadPoolExecutor.java:1134)&#10;        at java.util.concurrent.ThreadPoolExecutor$Worker.run(ThreadPoolExecutor.java:624)&#10;        at java.lang.Thread.run(Thread.java:748)&#10;&quot;cd0c8ecd-7ef6-4060-bf45-94f9de670313-RaftLogWorker&quot;  prio=5 tid=1141 timed_waiting&#10;java.lang.Thread.State: TIMED_WAITING&#10;        at sun.misc.Unsafe.park(Native Method)&#10;        at java.util.concurrent.locks.LockSupport.parkNanos(LockSupport.java:215)&#10;        at java.util.concurrent.locks.AbstractQueuedSynchronizer$ConditionObject.awaitNanos(AbstractQueuedSynchronizer.java:2078)&#10;        at org.apache.ratis.util.DataBlockingQueue.poll(DataBlockingQueue.java:137)&#10;        at org.apache.ratis.server.storage.RaftLogWorker.run(RaftLogWorker.java:216)&#10;        at java.lang.Thread.run(Thread.java:748)&#10;&quot;Datanode ReportManager Thread - 0&quot; daemon prio=5 tid=233 in Object.wait()&#10;java.lang.Thread.State: WAITING (on object monitor)&#10;        at sun.misc.Unsafe.park(Native Method)&#10;        at java.util.concurrent.locks.LockSupport.park(LockSupport.java:175)&#10;        at java.util.concurrent.locks.AbstractQueuedSynchronizer$ConditionObject.await(AbstractQueuedSynchronizer.java:2039)&#10;        at java.util.concurrent.ScheduledThreadPoolExecutor$DelayedWorkQueue.take(ScheduledThreadPoolExecutor.java:1088)&#10;        at java.util.concurrent.ScheduledThreadPoolExecutor$DelayedWorkQueue.take(ScheduledThreadPoolExecutor.java:809)&#10;        at java.util.concurrent.ThreadPoolExecutor.getTask(ThreadPoolExecutor.java:1074)&#10;        at java.util.concurrent.ThreadPoolExecutor.runWorker(ThreadPoolExecutor.java:1134)&#10;        at java.util.concurrent.ThreadPoolExecutor$Worker.run(ThreadPoolExecutor.java:624)&#10;        at java.lang.Thread.run(Thread.java:748)&#10;&quot;pool-68-thread-54&quot;  prio=5 tid=625 in Object.wait()&#10;java.lang.Thread.State: WAITING (on object monitor)&#10;        at sun.misc.Unsafe.park(Native Method)&#10;        at java.util.concurrent.locks.LockSupport.park(LockSupport.java:175)&#10;        at java.util.concurrent.locks.AbstractQueuedSynchronizer$ConditionObject.await(AbstractQueuedSynchronizer.java:2039)&#10;        at java.util.concurrent.ArrayBlockingQueue.take(ArrayBlockingQueue.java:403)&#10;        at java.util.concurrent.ThreadPoolExecutor.getTask(ThreadPoolExecutor.java:1074)&#10;        at java.util.concurrent.ThreadPoolExecutor.runWorker(ThreadPoolExecutor.java:1134)&#10;        at java.util.concurrent.ThreadPoolExecutor$Worker.run(ThreadPoolExecutor.java:624)&#10;        at java.lang.Thread.run(Thread.java:748)&#10;&quot;pool-89-thread-16&quot;  prio=5 tid=647 in Object.wait()&#10;java.lang.Thread.State: WAITING (on object monitor)&#10;        at sun.misc.Unsafe.park(Native Method)&#10;        at java.util.concurrent.locks.LockSupport.park(LockSupport.java:175)&#10;        at java.util.concurrent.locks.AbstractQueuedSynchronizer$ConditionObject.await(AbstractQueuedSynchronizer.java:2039)&#10;        at java.util.concurrent.ArrayBlockingQueue.take(ArrayBlockingQueue.java:403)&#10;        at java.util.concurrent.ThreadPoolExecutor.getTask(ThreadPoolExecutor.java:1074)&#10;        at java.util.concurrent.ThreadPoolExecutor.runWorker(ThreadPoolExecutor.java:1134)&#10;        at java.util.concurrent.ThreadPoolExecutor$Worker.run(ThreadPoolExecutor.java:624)&#10;        at java.lang.Thread.run(Thread.java:748)&#10;&quot;Thread-394&quot; daemon prio=5 tid=1207 timed_waiting&#10;java.lang.Thread.State: TIMED_WAITING&#10;        at java.lang.Thread.sleep(Native Method)&#10;        at org.apache.ratis.server.impl.FollowerState.run(FollowerState.java:94)&#10;&quot;EventQueue-ContainerReportForContainerReportHandler&quot; daemon prio=5 tid=1054 in Object.wait()&#10;java.lang.Thread.State: WAITING (on object monitor)&#10;        at sun.misc.Unsafe.park(Native Method)&#10;        at java.util.concurrent.locks.LockSupport.park(LockSupport.java:175)&#10;        at java.util.concurrent.locks.AbstractQueuedSynchronizer$ConditionObject.await(AbstractQueuedSynchronizer.java:2039)&#10;        at java.util.concurrent.LinkedBlockingQueue.take(LinkedBlockingQueue.java:442)&#10;        at java.util.concurrent.ThreadPoolExecutor.getTask(ThreadPoolExecutor.java:1074)&#10;        at java.util.concurrent.ThreadPoolExecutor.runWorker(ThreadPoolExecutor.java:1134)&#10;        at java.util.concurrent.ThreadPoolExecutor$Worker.run(ThreadPoolExecutor.java:624)&#10;        at java.lang.Thread.run(Thread.java:748)&#10;&quot;pool-26-thread-51&quot;  prio=5 tid=501 in Object.wait()&#10;java.lang.Thread.State: WAITING (on object monitor)&#10;        at sun.misc.Unsafe.park(Native Method)&#10;        at java.util.concurrent.locks.LockSupport.park(LockSupport.java:175)&#10;        at java.util.concurrent.locks.AbstractQueuedSynchronizer$ConditionObject.await(AbstractQueuedSynchronizer.java:2039)&#10;        at java.util.concurrent.ArrayBlockingQueue.take(ArrayBlockingQueue.java:403)&#10;        at java.util.concurrent.ThreadPoolExecutor.getTask(ThreadPoolExecutor.java:1074)&#10;        at java.util.concurrent.ThreadPoolExecutor.runWorker(ThreadPoolExecutor.java:1134)&#10;        at java.util.concurrent.ThreadPoolExecutor$Worker.run(ThreadPoolExecutor.java:624)&#10;        at java.lang.Thread.run(Thread.java:748)&#10;&quot;pool-47-thread-25&quot;  prio=5 tid=536 in Object.wait()&#10;java.lang.Thread.State: WAITING (on object monitor)&#10;        at sun.misc.Unsafe.park(Native Method)&#10;        at java.util.concurrent.locks.LockSupport.park(LockSupport.java:175)&#10;        at java.util.concurrent.locks.AbstractQueuedSynchronizer$ConditionObject.await(AbstractQueuedSynchronizer.java:2039)&#10;        at java.util.concurrent.ArrayBlockingQueue.take(ArrayBlockingQueue.java:403)&#10;        at java.util.concurrent.ThreadPoolExecutor.getTask(ThreadPoolExecutor.java:1074)&#10;        at java.util.concurrent.ThreadPoolExecutor.runWorker(ThreadPoolExecutor.java:1134)&#10;        at java.util.concurrent.ThreadPoolExecutor$Worker.run(ThreadPoolExecutor.java:624)&#10;        at java.lang.Thread.run(Thread.java:748)&#10;&quot;qtp648346093-342&quot; daemon prio=5 tid=342 timed_waiting&#10;java.lang.Thread.State: TIMED_WAITING&#10;        at sun.misc.Unsafe.park(Native Method)&#10;        at java.util.concurrent.locks.LockSupport.parkNanos(LockSupport.java:215)&#10;        at java.util.concurrent.locks.AbstractQueuedSynchronizer$ConditionObject.awaitNanos(AbstractQueuedSynchronizer.java:2078)&#10;        at org.eclipse.jetty.util.BlockingArrayQueue.poll(BlockingArrayQueue.java:392)&#10;        at org.eclipse.jetty.util.thread.QueuedThreadPool.idleJobPoll(QueuedThreadPool.java:563)&#10;        at org.eclipse.jetty.util.thread.QueuedThreadPool.access$800(QueuedThreadPool.java:48)&#10;        at org.eclipse.jetty.util.thread.QueuedThreadPool$2.run(QueuedThreadPool.java:626)&#10;        at java.lang.Thread.run(Thread.java:748)&#10;&quot;pool-47-thread-26&quot;  prio=5 tid=537 in Object.wait()&#10;java.lang.Thread.State: WAITING (on object monitor)&#10;        at sun.misc.Unsafe.park(Native Method)&#10;        at java.util.concurrent.locks.LockSupport.park(LockSupport.java:175)&#10;        at java.util.concurrent.locks.AbstractQueuedSynchronizer$ConditionObject.await(AbstractQueuedSynchronizer.java:2039)&#10;        at java.util.concurrent.ArrayBlockingQueue.take(ArrayBlockingQueue.java:403)&#10;        at java.util.concurrent.ThreadPoolExecutor.getTask(ThreadPoolExecutor.java:1074)&#10;        at java.util.concurrent.ThreadPoolExecutor.runWorker(ThreadPoolExecutor.java:1134)&#10;        at java.util.concurrent.ThreadPoolExecutor$Worker.run(ThreadPoolExecutor.java:624)&#10;        at java.lang.Thread.run(Thread.java:748)&#10;&quot;qtp1081635795-164&quot; daemon prio=5 tid=164 timed_waiting&#10;java.lang.Thread.State: TIMED_WAITING&#10;        at sun.misc.Unsafe.park(Native Method)&#10;        at java.util.concurrent.locks.LockSupport.parkNanos(LockSupport.java:215)&#10;        at java.util.concurrent.locks.AbstractQueuedSynchronizer$ConditionObject.awaitNanos(AbstractQueuedSynchronizer.java:2078)&#10;        at org.eclipse.jetty.util.BlockingArrayQueue.poll(BlockingArrayQueue.java:392)&#10;        at org.eclipse.jetty.util.thread.QueuedThreadPool.idleJobPoll(QueuedThreadPool.java:563)&#10;        at org.eclipse.jetty.util.thread.QueuedThreadPool.access$800(QueuedThreadPool.java:48)&#10;        at org.eclipse.jetty.util.thread.QueuedThreadPool$2.run(QueuedThreadPool.java:626)&#10;        at java.lang.Thread.run(Thread.java:748)&#10;&quot;pool-110-thread-17&quot;  prio=5 tid=708 in Object.wait()&#10;java.lang.Thread.State: WAITING (on object monitor)&#10;        at sun.misc.Unsafe.park(Native Method)&#10;        at java.util.concurrent.locks.LockSupport.park(LockSupport.java:175)&#10;        at java.util.concurrent.locks.AbstractQueuedSynchronizer$ConditionObject.await(AbstractQueuedSynchronizer.java:2039)&#10;        at java.util.concurrent.ArrayBlockingQueue.take(ArrayBlockingQueue.java:403)&#10;        at java.util.concurrent.ThreadPoolExecutor.getTask(ThreadPoolExecutor.java:1074)&#10;        at java.util.concurrent.ThreadPoolExecutor.runWorker(ThreadPoolExecutor.java:1134)&#10;        at java.util.concurrent.ThreadPoolExecutor$Worker.run(ThreadPoolExecutor.java:624)&#10;        at java.lang.Thread.run(Thread.java:748)&#10;&quot;pool-26-thread-6&quot;  prio=5 tid=456 in Object.wait()&#10;java.lang.Thread.State: WAITING (on object monitor)&#10;        at sun.misc.Unsafe.park(Native Method)&#10;        at java.util.concurrent.locks.LockSupport.park(LockSupport.java:175)&#10;        at java.util.concurrent.locks.AbstractQueuedSynchronizer$ConditionObject.await(AbstractQueuedSynchronizer.java:2039)&#10;        at java.util.concurrent.ArrayBlockingQueue.take(ArrayBlockingQueue.java:403)&#10;        at java.util.concurrent.ThreadPoolExecutor.getTask(ThreadPoolExecutor.java:1074)&#10;        at java.util.concurrent.ThreadPoolExecutor.runWorker(ThreadPoolExecutor.java:1134)&#10;        at java.util.concurrent.ThreadPoolExecutor$Worker.run(ThreadPoolExecutor.java:624)&#10;        at java.lang.Thread.run(Thread.java:748)&#10;&quot;pool-131-thread-60&quot;  prio=5 tid=811 in Object.wait()&#10;java.lang.Thread.State: WAITING (on object monitor)&#10;        at sun.misc.Unsafe.park(Native Method)&#10;        at java.util.concurrent.locks.LockSupport.park(LockSupport.java:175)&#10;        at java.util.concurrent.locks.AbstractQueuedSynchronizer$ConditionObject.await(AbstractQueuedSynchronizer.java:2039)&#10;        at java.util.concurrent.ArrayBlockingQueue.take(ArrayBlockingQueue.java:403)&#10;        at java.util.concurrent.ThreadPoolExecutor.getTask(ThreadPoolExecutor.java:1074)&#10;        at java.util.concurrent.ThreadPoolExecutor.runWorker(ThreadPoolExecutor.java:1134)&#10;        at java.util.concurrent.ThreadPoolExecutor$Worker.run(ThreadPoolExecutor.java:624)&#10;        at java.lang.Thread.run(Thread.java:748)&#10;&quot;StateMachineUpdater-a83b0601-c70d-4140-b27f-c227c6feeccd-group-83F4FC979FA7&quot; daemon prio=5 tid=1066 in Object.wait()&#10;java.lang.Thread.State: WAITING (on object monitor)&#10;        at java.lang.Object.wait(Native Method)&#10;        at java.lang.Object.wait(Object.java:502)&#10;        at org.apache.ratis.server.impl.StateMachineUpdater.run(StateMachineUpdater.java:138)&#10;        at java.lang.Thread.run(Thread.java:748)&#10;&quot;IPC Server handler 2 on 38877&quot; daemon prio=5 tid=116 timed_waiting&#10;java.lang.Thread.State: TIMED_WAITING&#10;        at sun.misc.Unsafe.park(Native Method)&#10;        at java.util.concurrent.locks.LockSupport.parkNanos(LockSupport.java:215)&#10;        at java.util.concurrent.locks.AbstractQueuedSynchronizer$ConditionObject.awaitNanos(AbstractQueuedSynchronizer.java:2078)&#10;        at java.util.concurrent.LinkedBlockingQueue.poll(LinkedBlockingQueue.java:467)&#10;        at org.apache.hadoop.ipc.CallQueueManager.take(CallQueueManager.java:288)&#10;        at org.apache.hadoop.ipc.Server$Handler.run(Server.java:2668)&#10;&quot;pool-131-thread-23&quot;  prio=5 tid=774 in Object.wait()&#10;java.lang.Thread.State: WAITING (on object monitor)&#10;        at sun.misc.Unsafe.park(Native Method)&#10;        at java.util.concurrent.locks.LockSupport.park(LockSupport.java:175)&#10;        at java.util.concurrent.locks.AbstractQueuedSynchronizer$ConditionObject.await(AbstractQueuedSynchronizer.java:2039)&#10;        at java.util.concurrent.ArrayBlockingQueue.take(ArrayBlockingQueue.java:403)&#10;        at java.util.concurrent.ThreadPoolExecutor.getTask(ThreadPoolExecutor.java:1074)&#10;        at java.util.concurrent.ThreadPoolExecutor.runWorker(ThreadPoolExecutor.java:1134)&#10;        at java.util.concurrent.ThreadPoolExecutor$Worker.run(ThreadPoolExecutor.java:624)&#10;        at java.lang.Thread.run(Thread.java:748)&#10;&quot;pool-110-thread-48&quot;  prio=5 tid=739 in Object.wait()&#10;java.lang.Thread.State: WAITING (on object monitor)&#10;        at sun.misc.Unsafe.park(Native Method)&#10;        at java.util.concurrent.locks.LockSupport.park(LockSupport.java:175)&#10;        at java.util.concurrent.locks.AbstractQueuedSynchronizer$ConditionObject.await(AbstractQueuedSynchronizer.java:2039)&#10;        at java.util.concurrent.ArrayBlockingQueue.take(ArrayBlockingQueue.java:403)&#10;        at java.util.concurrent.ThreadPoolExecutor.getTask(ThreadPoolExecutor.java:1074)&#10;        at java.util.concurrent.ThreadPoolExecutor.runWorker(ThreadPoolExecutor.java:1134)&#10;        at java.util.concurrent.ThreadPoolExecutor$Worker.run(ThreadPoolExecutor.java:624)&#10;        at java.lang.Thread.run(Thread.java:748)&#10;&quot;pool-194-thread-26&quot;  prio=5 tid=957 in Object.wait()&#10;java.lang.Thread.State: WAITING (on object monitor)&#10;        at sun.misc.Unsafe.park(Native Method)&#10;        at java.util.concurrent.locks.LockSupport.park(LockSupport.java:175)&#10;        at java.util.concurrent.locks.AbstractQueuedSynchronizer$ConditionObject.await(AbstractQueuedSynchronizer.java:2039)&#10;        at java.util.concurrent.ArrayBlockingQueue.take(ArrayBlockingQueue.java:403)&#10;        at java.util.concurrent.ThreadPoolExecutor.getTask(ThreadPoolExecutor.java:1074)&#10;        at java.util.concurrent.ThreadPoolExecutor.runWorker(ThreadPoolExecutor.java:1134)&#10;        at java.util.concurrent.ThreadPoolExecutor$Worker.run(ThreadPoolExecutor.java:624)&#10;        at java.lang.Thread.run(Thread.java:748)&#10;&quot;pool-26-thread-31&quot;  prio=5 tid=481 in Object.wait()&#10;java.lang.Thread.State: WAITING (on object monitor)&#10;        at sun.misc.Unsafe.park(Native Method)&#10;        at java.util.concurrent.locks.LockSupport.park(LockSupport.java:175)&#10;        at java.util.concurrent.locks.AbstractQueuedSynchronizer$ConditionObject.await(AbstractQueuedSynchronizer.java:2039)&#10;        at java.util.concurrent.ArrayBlockingQueue.take(ArrayBlockingQueue.java:403)&#10;        at java.util.concurrent.ThreadPoolExecutor.getTask(ThreadPoolExecutor.java:1074)&#10;        at java.util.concurrent.ThreadPoolExecutor.runWorker(ThreadPoolExecutor.java:1134)&#10;        at java.util.concurrent.ThreadPoolExecutor$Worker.run(ThreadPoolExecutor.java:624)&#10;        at java.lang.Thread.run(Thread.java:748)&#10;&quot;IPC Server handler 9 on 46447&quot; daemon prio=5 tid=59 timed_waiting&#10;java.lang.Thread.State: TIMED_WAITING&#10;        at sun.misc.Unsafe.park(Native Method)&#10;        at java.util.concurrent.locks.LockSupport.parkNanos(LockSupport.java:215)&#10;        at java.util.concurrent.locks.AbstractQueuedSynchronizer$ConditionObject.awaitNanos(AbstractQueuedSynchronizer.java:2078)&#10;        at java.util.concurrent.LinkedBlockingQueue.poll(LinkedBlockingQueue.java:467)&#10;        at org.apache.hadoop.ipc.CallQueueManager.take(CallQueueManager.java:288)&#10;        at org.apache.hadoop.ipc.Server$Handler.run(Server.java:2668)&#10;&quot;pool-68-thread-17&quot;  prio=5 tid=588 in Object.wait()&#10;java.lang.Thread.State: WAITING (on object monitor)&#10;        at sun.misc.Unsafe.park(Native Method)&#10;        at java.util.concurrent.locks.LockSupport.park(LockSupport.java:175)&#10;        at java.util.concurrent.locks.AbstractQueuedSynchronizer$ConditionObject.await(AbstractQueuedSynchronizer.java:2039)&#10;        at java.util.concurrent.ArrayBlockingQueue.take(ArrayBlockingQueue.java:403)&#10;        at java.util.concurrent.ThreadPoolExecutor.getTask(ThreadPoolExecutor.java:1074)&#10;        at java.util.concurrent.ThreadPoolExecutor.runWorker(ThreadPoolExecutor.java:1134)&#10;        at java.util.concurrent.ThreadPoolExecutor$Worker.run(ThreadPoolExecutor.java:624)&#10;        at java.lang.Thread.run(Thread.java:748)&#10;&quot;pool-173-thread-38&quot;  prio=5 tid=909 in Object.wait()&#10;java.lang.Thread.State: WAITING (on object monitor)&#10;        at sun.misc.Unsafe.park(Native Method)&#10;        at java.util.concurrent.locks.LockSupport.park(LockSupport.java:175)&#10;        at java.util.concurrent.locks.AbstractQueuedSynchronizer$ConditionObject.await(AbstractQueuedSynchronizer.java:2039)&#10;        at java.util.concurrent.ArrayBlockingQueue.take(ArrayBlockingQueue.java:403)&#10;        at java.util.concurrent.ThreadPoolExecutor.getTask(ThreadPoolExecutor.java:1074)&#10;        at java.util.concurrent.ThreadPoolExecutor.runWorker(ThreadPoolExecutor.java:1134)&#10;        at java.util.concurrent.ThreadPoolExecutor$Worker.run(ThreadPoolExecutor.java:624)&#10;        at java.lang.Thread.run(Thread.java:748)&#10;&quot;pool-89-thread-49&quot;  prio=5 tid=680 in Object.wait()&#10;java.lang.Thread.State: WAITING (on object monitor)&#10;        at sun.misc.Unsafe.park(Native Method)&#10;        at java.util.concurrent.locks.LockSupport.park(LockSupport.java:175)&#10;        at java.util.concurrent.locks.AbstractQueuedSynchronizer$ConditionObject.await(AbstractQueuedSynchronizer.java:2039)&#10;        at java.util.concurrent.ArrayBlockingQueue.take(ArrayBlockingQueue.java:403)&#10;        at java.util.concurrent.ThreadPoolExecutor.getTask(ThreadPoolExecutor.java:1074)&#10;        at java.util.concurrent.ThreadPoolExecutor.runWorker(ThreadPoolExecutor.java:1134)&#10;        at java.util.concurrent.ThreadPoolExecutor$Worker.run(ThreadPoolExecutor.java:624)&#10;        at java.lang.Thread.run(Thread.java:748)&#10;&quot;StateMachineUpdater-2a700f1f-da98-49ef-9a26-03cc6c63ade6-group-9B2A0165E1E5&quot; daemon prio=5 tid=1072 in Object.wait()&#10;java.lang.Thread.State: WAITING (on object monitor)&#10;        at java.lang.Object.wait(Native Method)&#10;        at java.lang.Object.wait(Object.java:502)&#10;        at org.apache.ratis.server.impl.StateMachineUpdater.run(StateMachineUpdater.java:138)&#10;        at java.lang.Thread.run(Thread.java:748)&#10;&quot;qtp197855654-140&quot; daemon prio=5 tid=140 timed_waiting&#10;java.lang.Thread.State: TIMED_WAITING&#10;        at sun.misc.Unsafe.park(Native Method)&#10;        at java.util.concurrent.locks.LockSupport.parkNanos(LockSupport.java:215)&#10;        at java.util.concurrent.locks.AbstractQueuedSynchronizer$ConditionObject.awaitNanos(AbstractQueuedSynchronizer.java:2078)&#10;        at org.eclipse.jetty.util.BlockingArrayQueue.poll(BlockingArrayQueue.java:392)&#10;        at org.eclipse.jetty.util.thread.QueuedThreadPool.idleJobPoll(QueuedThreadPool.java:563)&#10;        at org.eclipse.jetty.util.thread.QueuedThreadPool.access$800(QueuedThreadPool.java:48)&#10;        at org.eclipse.jetty.util.thread.QueuedThreadPool$2.run(QueuedThreadPool.java:626)&#10;        at java.lang.Thread.run(Thread.java:748)&#10;&quot;pool-26-thread-52&quot;  prio=5 tid=502 in Object.wait()&#10;java.lang.Thread.State: WAITING (on object monitor)&#10;        at sun.misc.Unsafe.park(Native Method)&#10;        at java.util.concurrent.locks.LockSupport.park(LockSupport.java:175)&#10;        at java.util.concurrent.locks.AbstractQueuedSynchronizer$ConditionObject.await(AbstractQueuedSynchronizer.java:2039)&#10;        at java.util.concurrent.ArrayBlockingQueue.take(ArrayBlockingQueue.java:403)&#10;        at java.util.concurrent.ThreadPoolExecutor.getTask(ThreadPoolExecutor.java:1074)&#10;        at java.util.concurrent.ThreadPoolExecutor.runWorker(ThreadPoolExecutor.java:1134)&#10;        at java.util.concurrent.ThreadPoolExecutor$Worker.run(ThreadPoolExecutor.java:624)&#10;        at java.lang.Thread.run(Thread.java:748)&#10;&quot;qtp838812606-91-acceptor-0@404f1c67-ServerConnector@27a5328c{HTTP/1.1,[http/1.1]}{0.0.0.0:41619}&quot; daemon prio=3 tid=91 runnable&#10;java.lang.Thread.State: RUNNABLE&#10;        at sun.nio.ch.ServerSocketChannelImpl.accept0(Native Method)&#10;        at sun.nio.ch.ServerSocketChannelImpl.accept(ServerSocketChannelImpl.java:422)&#10;        at sun.nio.ch.ServerSocketChannelImpl.accept(ServerSocketChannelImpl.java:250)&#10;        at org.eclipse.jetty.server.ServerConnector.accept(ServerConnector.java:397)&#10;        at org.eclipse.jetty.server.AbstractConnector$Acceptor.run(AbstractConnector.java:601)&#10;        at org.eclipse.jetty.util.thread.QueuedThreadPool.runJob(QueuedThreadPool.java:671)&#10;        at org.eclipse.jetty.util.thread.QueuedThreadPool$2.run(QueuedThreadPool.java:589)&#10;        at java.lang.Thread.run(Thread.java:748)&#10;&quot;Datanode State Machine Thread - 0&quot; daemon prio=5 tid=322 timed_waiting&#10;java.lang.Thread.State: TIMED_WAITING&#10;        at java.lang.Thread.sleep(Native Method)&#10;        at org.apache.hadoop.ozone.container.common.statemachine.DatanodeStateMachine.start(DatanodeStateMachine.java:191)&#10;        at org.apache.hadoop.ozone.container.common.statemachine.DatanodeStateMachine.lambda$startDaemon$0(DatanodeStateMachine.java:349)&#10;        at org.apache.hadoop.ozone.container.common.statemachine.DatanodeStateMachine$$Lambda$139/1610803524.run(Unknown Source)&#10;        at java.lang.Thread.run(Thread.java:748)&#10;&quot;Datanode ReportManager Thread - 0&quot; daemon prio=5 tid=385 timed_waiting&#10;java.lang.Thread.State: TIMED_WAITING&#10;        at sun.misc.Unsafe.park(Native Method)&#10;        at java.util.concurrent.locks.LockSupport.parkNanos(LockSupport.java:215)&#10;        at java.util.concurrent.locks.AbstractQueuedSynchronizer$ConditionObject.awaitNanos(AbstractQueuedSynchronizer.java:2078)&#10;        at java.util.concurrent.ScheduledThreadPoolExecutor$DelayedWorkQueue.take(ScheduledThreadPoolExecutor.java:1093)&#10;        at java.util.concurrent.ScheduledThreadPoolExecutor$DelayedWorkQueue.take(ScheduledThreadPoolExecutor.java:809)&#10;        at java.util.concurrent.ThreadPoolExecutor.getTask(ThreadPoolExecutor.java:1074)&#10;        at java.util.concurrent.ThreadPoolExecutor.runWorker(ThreadPoolExecutor.java:1134)&#10;        at java.util.concurrent.ThreadPoolExecutor$Worker.run(ThreadPoolExecutor.java:624)&#10;        at java.lang.Thread.run(Thread.java:748)&#10;&quot;IPC Server handler 3 on 46447&quot; daemon prio=5 tid=53 timed_waiting&#10;java.lang.Thread.State: TIMED_WAITING&#10;        at sun.misc.Unsafe.park(Native Method)&#10;        at java.util.concurrent.locks.LockSupport.parkNanos(LockSupport.java:215)&#10;        at java.util.concurrent.locks.AbstractQueuedSynchronizer$ConditionObject.awaitNanos(AbstractQueuedSynchronizer.java:2078)&#10;        at java.util.concurrent.LinkedBlockingQueue.poll(LinkedBlockingQueue.java:467)&#10;        at org.apache.hadoop.ipc.CallQueueManager.take(CallQueueManager.java:288)&#10;        at org.apache.hadoop.ipc.Server$Handler.run(Server.java:2668)&#10;&quot;pool-194-thread-32&quot;  prio=5 tid=963 in Object.wait()&#10;java.lang.Thread.State: WAITING (on object monitor)&#10;        at sun.misc.Unsafe.park(Native Method)&#10;        at java.util.concurrent.locks.LockSupport.park(LockSupport.java:175)&#10;        at java.util.concurrent.locks.AbstractQueuedSynchronizer$ConditionObject.await(AbstractQueuedSynchronizer.java:2039)&#10;        at java.util.concurrent.ArrayBlockingQueue.take(ArrayBlockingQueue.java:403)&#10;        at java.util.concurrent.ThreadPoolExecutor.getTask(ThreadPoolExecutor.java:1074)&#10;        at java.util.concurrent.ThreadPoolExecutor.runWorker(ThreadPoolExecutor.java:1134)&#10;        at java.util.concurrent.ThreadPoolExecutor$Worker.run(ThreadPoolExecutor.java:624)&#10;        at java.lang.Thread.run(Thread.java:748)&#10;&quot;KeyDeletingService#0&quot; daemon prio=5 tid=110 in Object.wait()&#10;java.lang.Thread.State: WAITING (on object monitor)&#10;        at sun.misc.Unsafe.park(Native Method)&#10;        at java.util.concurrent.locks.LockSupport.park(LockSupport.java:175)&#10;        at java.util.concurrent.locks.AbstractQueuedSynchronizer$ConditionObject.await(AbstractQueuedSynchronizer.java:2039)&#10;        at java.util.concurrent.ScheduledThreadPoolExecutor$DelayedWorkQueue.take(ScheduledThreadPoolExecutor.java:1088)&#10;        at java.util.concurrent.ScheduledThreadPoolExecutor$DelayedWorkQueue.take(ScheduledThreadPoolExecutor.java:809)&#10;        at java.util.concurrent.ThreadPoolExecutor.getTask(ThreadPoolExecutor.java:1074)&#10;        at java.util.concurrent.ThreadPoolExecutor.runWorker(ThreadPoolExecutor.java:1134)&#10;        at java.util.concurrent.ThreadPoolExecutor$Worker.run(ThreadPoolExecutor.java:624)&#10;        at java.lang.Thread.run(Thread.java:748)&#10;&quot;pool-68-thread-37&quot;  prio=5 tid=608 in Object.wait()&#10;java.lang.Thread.State: WAITING (on object monitor)&#10;        at sun.misc.Unsafe.park(Native Method)&#10;        at java.util.concurrent.locks.LockSupport.park(LockSupport.java:175)&#10;        at java.util.concurrent.locks.AbstractQueuedSynchronizer$ConditionObject.await(AbstractQueuedSynchronizer.java:2039)&#10;        at java.util.concurrent.ArrayBlockingQueue.take(ArrayBlockingQueue.java:403)&#10;        at java.util.concurrent.ThreadPoolExecutor.getTask(ThreadPoolExecutor.java:1074)&#10;        at java.util.concurrent.ThreadPoolExecutor.runWorker(ThreadPoolExecutor.java:1134)&#10;        at java.util.concurrent.ThreadPoolExecutor$Worker.run(ThreadPoolExecutor.java:624)&#10;        at java.lang.Thread.run(Thread.java:748)&#10;&quot;pool-26-thread-22&quot;  prio=5 tid=472 in Object.wait()&#10;java.lang.Thread.State: WAITING (on object monitor)&#10;        at sun.misc.Unsafe.park(Native Method)&#10;        at java.util.concurrent.locks.LockSupport.park(LockSupport.java:175)&#10;        at java.util.concurrent.locks.AbstractQueuedSynchronizer$ConditionObject.await(AbstractQueuedSynchronizer.java:2039)&#10;        at java.util.concurrent.ArrayBlockingQueue.take(ArrayBlockingQueue.java:403)&#10;        at java.util.concurrent.ThreadPoolExecutor.getTask(ThreadPoolExecutor.java:1074)&#10;        at java.util.concurrent.ThreadPoolExecutor.runWorker(ThreadPoolExecutor.java:1134)&#10;        at java.util.concurrent.ThreadPoolExecutor$Worker.run(ThreadPoolExecutor.java:624)&#10;        at java.lang.Thread.run(Thread.java:748)&#10;&quot;pool-131-thread-30&quot;  prio=5 tid=781 in Object.wait()&#10;java.lang.Thread.State: WAITING (on object monitor)&#10;        at sun.misc.Unsafe.park(Native Method)&#10;        at java.util.concurrent.locks.LockSupport.park(LockSupport.java:175)&#10;        at java.util.concurrent.locks.AbstractQueuedSynchronizer$ConditionObject.await(AbstractQueuedSynchronizer.java:2039)&#10;        at java.util.concurrent.ArrayBlockingQueue.take(ArrayBlockingQueue.java:403)&#10;        at java.util.concurrent.ThreadPoolExecutor.getTask(ThreadPoolExecutor.java:1074)&#10;        at java.util.concurrent.ThreadPoolExecutor.runWorker(ThreadPoolExecutor.java:1134)&#10;        at java.util.concurrent.ThreadPoolExecutor$Worker.run(ThreadPoolExecutor.java:624)&#10;        at java.lang.Thread.run(Thread.java:748)&#10;&quot;qtp648346093-343&quot; daemon prio=5 tid=343 timed_waiting&#10;java.lang.Thread.State: TIMED_WAITING&#10;        at sun.misc.Unsafe.park(Native Method)&#10;        at java.util.concurrent.locks.LockSupport.parkNanos(LockSupport.java:215)&#10;        at java.util.concurrent.locks.AbstractQueuedSynchronizer$ConditionObject.awaitNanos(AbstractQueuedSynchronizer.java:2078)&#10;        at org.eclipse.jetty.util.BlockingArrayQueue.poll(BlockingArrayQueue.java:392)&#10;        at org.eclipse.jetty.util.thread.QueuedThreadPool.idleJobPoll(QueuedThreadPool.java:563)&#10;        at org.eclipse.jetty.util.thread.QueuedThreadPool.access$800(QueuedThreadPool.java:48)&#10;        at org.eclipse.jetty.util.thread.QueuedThreadPool$2.run(QueuedThreadPool.java:626)&#10;        at java.lang.Thread.run(Thread.java:748)&#10;&quot;pool-194-thread-13&quot;  prio=5 tid=944 in Object.wait()&#10;java.lang.Thread.State: WAITING (on object monitor)&#10;        at sun.misc.Unsafe.park(Native Method)&#10;        at java.util.concurrent.locks.LockSupport.park(LockSupport.java:175)&#10;        at java.util.concurrent.locks.AbstractQueuedSynchronizer$ConditionObject.await(AbstractQueuedSynchronizer.java:2039)&#10;        at java.util.concurrent.ArrayBlockingQueue.take(ArrayBlockingQueue.java:403)&#10;        at java.util.concurrent.ThreadPoolExecutor.getTask(ThreadPoolExecutor.java:1074)&#10;        at java.util.concurrent.ThreadPoolExecutor.runWorker(ThreadPoolExecutor.java:1134)&#10;        at java.util.concurrent.ThreadPoolExecutor$Worker.run(ThreadPoolExecutor.java:624)&#10;        at java.lang.Thread.run(Thread.java:748)&#10;&quot;pool-152-thread-40&quot;  prio=5 tid=851 in Object.wait()&#10;java.lang.Thread.State: WAITING (on object monitor)&#10;        at sun.misc.Unsafe.park(Native Method)&#10;        at java.util.concurrent.locks.LockSupport.park(LockSupport.java:175)&#10;        at java.util.concurrent.locks.AbstractQueuedSynchronizer$ConditionObject.await(AbstractQueuedSynchronizer.java:2039)&#10;        at java.util.concurrent.ArrayBlockingQueue.take(ArrayBlockingQueue.java:403)&#10;        at java.util.concurrent.ThreadPoolExecutor.getTask(ThreadPoolExecutor.java:1074)&#10;        at java.util.concurrent.ThreadPoolExecutor.runWorker(ThreadPoolExecutor.java:1134)&#10;        at java.util.concurrent.ThreadPoolExecutor$Worker.run(ThreadPoolExecutor.java:624)&#10;        at java.lang.Thread.run(Thread.java:748)&#10;&quot;pool-215-thread-6&quot;  prio=5 tid=997 in Object.wait()&#10;java.lang.Thread.State: WAITING (on object monitor)&#10;        at sun.misc.Unsafe.park(Native Method)&#10;        at java.util.concurrent.locks.LockSupport.park(LockSupport.java:175)&#10;        at java.util.concurrent.locks.AbstractQueuedSynchronizer$ConditionObject.await(AbstractQueuedSynchronizer.java:2039)&#10;        at java.util.concurrent.ArrayBlockingQueue.take(ArrayBlockingQueue.java:403)&#10;        at java.util.concurrent.ThreadPoolExecutor.getTask(ThreadPoolExecutor.java:1074)&#10;        at java.util.concurrent.ThreadPoolExecutor.runWorker(ThreadPoolExecutor.java:1134)&#10;        at java.util.concurrent.ThreadPoolExecutor$Worker.run(ThreadPoolExecutor.java:624)&#10;        at java.lang.Thread.run(Thread.java:748)&#10;&quot;pool-89-thread-15&quot;  prio=5 tid=646 in Object.wait()&#10;java.lang.Thread.State: WAITING (on object monitor)&#10;        at sun.misc.Unsafe.park(Native Method)&#10;        at java.util.concurrent.locks.LockSupport.park(LockSupport.java:175)&#10;        at java.util.concurrent.locks.AbstractQueuedSynchronizer$ConditionObject.await(AbstractQueuedSynchronizer.java:2039)&#10;        at java.util.concurrent.ArrayBlockingQueue.take(ArrayBlockingQueue.java:403)&#10;        at java.util.concurrent.ThreadPoolExecutor.getTask(ThreadPoolExecutor.java:1074)&#10;        at java.util.concurrent.ThreadPoolExecutor.runWorker(ThreadPoolExecutor.java:1134)&#10;        at java.util.concurrent.ThreadPoolExecutor$Worker.run(ThreadPoolExecutor.java:624)&#10;        at java.lang.Thread.run(Thread.java:748)&#10;&quot;org.eclipse.jetty.server.session.HashSessionManager@31acfd4eTimer&quot; daemon prio=5 tid=229 timed_waiting&#10;java.lang.Thread.State: TIMED_WAITING&#10;        at sun.misc.Unsafe.park(Native Method)&#10;        at java.util.concurrent.locks.LockSupport.parkNanos(LockSupport.java:215)&#10;        at java.util.concurrent.locks.AbstractQueuedSynchronizer$ConditionObject.awaitNanos(AbstractQueuedSynchronizer.java:2078)&#10;        at java.util.concurrent.ScheduledThreadPoolExecutor$DelayedWorkQueue.take(ScheduledThreadPoolExecutor.java:1093)&#10;        at java.util.concurrent.ScheduledThreadPoolExecutor$DelayedWorkQueue.take(ScheduledThreadPoolExecutor.java:809)&#10;        at java.util.concurrent.ThreadPoolExecutor.getTask(ThreadPoolExecutor.java:1074)&#10;        at java.util.concurrent.ThreadPoolExecutor.runWorker(ThreadPoolExecutor.java:1134)&#10;        at java.util.concurrent.ThreadPoolExecutor$Worker.run(ThreadPoolExecutor.java:624)&#10;        at java.lang.Thread.run(Thread.java:748)&#10;&quot;Timer-0&quot;  prio=5 tid=113 timed_waiting&#10;java.lang.Thread.State: TIMED_WAITING&#10;        at java.lang.Object.wait(Native Method)&#10;        at java.util.TimerThread.mainLoop(Timer.java:552)&#10;        at java.util.TimerThread.run(Timer.java:505)&#10;&quot;Datanode ReportManager Thread - 1&quot; daemon prio=5 tid=204 in Object.wait()&#10;java.lang.Thread.State: WAITING (on object monitor)&#10;        at sun.misc.Unsafe.park(Native Method)&#10;        at java.util.concurrent.locks.LockSupport.park(LockSupport.java:175)&#10;        at java.util.concurrent.locks.AbstractQueuedSynchronizer$ConditionObject.await(AbstractQueuedSynchronizer.java:2039)&#10;        at java.util.concurrent.ScheduledThreadPoolExecutor$DelayedWorkQueue.take(ScheduledThreadPoolExecutor.java:1088)&#10;        at java.util.concurrent.ScheduledThreadPoolExecutor$DelayedWorkQueue.take(ScheduledThreadPoolExecutor.java:809)&#10;        at java.util.concurrent.ThreadPoolExecutor.getTask(ThreadPoolExecutor.java:1074)&#10;        at java.util.concurrent.ThreadPoolExecutor.runWorker(ThreadPoolExecutor.java:1134)&#10;        at java.util.concurrent.ThreadPoolExecutor$Worker.run(ThreadPoolExecutor.java:624)&#10;        at java.lang.Thread.run(Thread.java:748)&#10;&quot;pool-110-thread-5&quot;  prio=5 tid=696 in Object.wait()&#10;java.lang.Thread.State: WAITING (on object monitor)&#10;        at sun.misc.Unsafe.park(Native Method)&#10;        at java.util.concurrent.locks.LockSupport.park(LockSupport.java:175)&#10;        at java.util.concurrent.locks.AbstractQueuedSynchronizer$ConditionObject.await(AbstractQueuedSynchronizer.java:2039)&#10;        at java.util.concurrent.ArrayBlockingQueue.take(ArrayBlockingQueue.java:403)&#10;        at java.util.concurrent.ThreadPoolExecutor.getTask(ThreadPoolExecutor.java:1074)&#10;        at java.util.concurrent.ThreadPoolExecutor.runWorker(ThreadPoolExecutor.java:1134)&#10;        at java.util.concurrent.ThreadPoolExecutor$Worker.run(ThreadPoolExecutor.java:624)&#10;        at java.lang.Thread.run(Thread.java:748)&#10;&quot;qtp1866002564-287&quot; daemon prio=5 tid=287 timed_waiting&#10;java.lang.Thread.State: TIMED_WAITING&#10;        at sun.misc.Unsafe.park(Native Method)&#10;        at java.util.concurrent.locks.LockSupport.parkNanos(LockSupport.java:215)&#10;        at java.util.concurrent.locks.AbstractQueuedSynchronizer$ConditionObject.awaitNanos(AbstractQueuedSynchronizer.java:2078)&#10;        at org.eclipse.jetty.util.BlockingArrayQueue.poll(BlockingArrayQueue.java:392)&#10;        at org.eclipse.jetty.util.thread.QueuedThreadPool.idleJobPoll(QueuedThreadPool.java:563)&#10;        at org.eclipse.jetty.util.thread.QueuedThreadPool.access$800(QueuedThreadPool.java:48)&#10;        at org.eclipse.jetty.util.thread.QueuedThreadPool$2.run(QueuedThreadPool.java:626)&#10;        at java.lang.Thread.run(Thread.java:748)&#10;&quot;qtp644718663-434&quot; daemon prio=5 tid=434 timed_waiting&#10;java.lang.Thread.State: TIMED_WAITING&#10;        at sun.misc.Unsafe.park(Native Method)&#10;        at java.util.concurrent.locks.LockSupport.parkNanos(LockSupport.java:215)&#10;        at java.util.concurrent.locks.AbstractQueuedSynchronizer$ConditionObject.awaitNanos(AbstractQueuedSynchronizer.java:2078)&#10;        at org.eclipse.jetty.util.BlockingArrayQueue.poll(BlockingArrayQueue.java:392)&#10;        at org.eclipse.jetty.util.thread.QueuedThreadPool.idleJobPoll(QueuedThreadPool.java:563)&#10;        at org.eclipse.jetty.util.thread.QueuedThreadPool.access$800(QueuedThreadPool.java:48)&#10;        at org.eclipse.jetty.util.thread.QueuedThreadPool$2.run(QueuedThreadPool.java:626)&#10;        at java.lang.Thread.run(Thread.java:748)&#10;&quot;pool-173-thread-45&quot;  prio=5 tid=916 in Object.wait()&#10;java.lang.Thread.State: WAITING (on object monitor)&#10;        at sun.misc.Unsafe.park(Native Method)&#10;        at java.util.concurrent.locks.LockSupport.park(LockSupport.java:175)&#10;        at java.util.concurrent.locks.AbstractQueuedSynchronizer$ConditionObject.await(AbstractQueuedSynchronizer.java:2039)&#10;        at java.util.concurrent.ArrayBlockingQueue.take(ArrayBlockingQueue.java:403)&#10;        at java.util.concurrent.ThreadPoolExecutor.getTask(ThreadPoolExecutor.java:1074)&#10;        at java.util.concurrent.ThreadPoolExecutor.runWorker(ThreadPoolExecutor.java:1134)&#10;        at java.util.concurrent.ThreadPoolExecutor$Worker.run(ThreadPoolExecutor.java:624)&#10;        at java.lang.Thread.run(Thread.java:748)&#10;&quot;pool-215-thread-29&quot;  prio=5 tid=1020 in Object.wait()&#10;java.lang.Thread.State: WAITING (on object monitor)&#10;        at sun.misc.Unsafe.park(Native Method)&#10;        at java.util.concurrent.locks.LockSupport.park(LockSupport.java:175)&#10;        at java.util.concurrent.locks.AbstractQueuedSynchronizer$ConditionObject.await(AbstractQueuedSynchronizer.java:2039)&#10;        at java.util.concurrent.ArrayBlockingQueue.take(ArrayBlockingQueue.java:403)&#10;        at java.util.concurrent.ThreadPoolExecutor.getTask(ThreadPoolExecutor.java:1074)&#10;        at java.util.concurrent.ThreadPoolExecutor.runWorker(ThreadPoolExecutor.java:1134)&#10;        at java.util.concurrent.ThreadPoolExecutor$Worker.run(ThreadPoolExecutor.java:624)&#10;        at java.lang.Thread.run(Thread.java:748)&#10;&quot;Command processor thread&quot; daemon prio=5 tid=418 timed_waiting&#10;java.lang.Thread.State: TIMED_WAITING&#10;        at java.lang.Thread.sleep(Native Method)&#10;        at org.apache.hadoop.ozone.container.common.statemachine.DatanodeStateMachine.lambda$initCommandHandlerThread$1(DatanodeStateMachine.java:439)&#10;        at org.apache.hadoop.ozone.container.common.statemachine.DatanodeStateMachine$$Lambda$140/804134309.run(Unknown Source)&#10;        at java.lang.Thread.run(Thread.java:748)&#10;&quot;IPC Server handler 2 on 46447&quot; daemon prio=5 tid=52 timed_waiting&#10;java.lang.Thread.State: TIMED_WAITING&#10;        at sun.misc.Unsafe.park(Native Method)&#10;        at java.util.concurrent.locks.LockSupport.parkNanos(LockSupport.java:215)&#10;        at java.util.concurrent.locks.AbstractQueuedSynchronizer$ConditionObject.awaitNanos(AbstractQueuedSynchronizer.java:2078)&#10;        at java.util.concurrent.LinkedBlockingQueue.poll(LinkedBlockingQueue.java:467)&#10;        at org.apache.hadoop.ipc.CallQueueManager.take(CallQueueManager.java:288)&#10;        at org.apache.hadoop.ipc.Server$Handler.run(Server.java:2668)&#10;&quot;pool-152-thread-3&quot;  prio=5 tid=814 in Object.wait()&#10;java.lang.Thread.State: WAITING (on object monitor)&#10;        at sun.misc.Unsafe.park(Native Method)&#10;        at java.util.concurrent.locks.LockSupport.park(LockSupport.java:175)&#10;        at java.util.concurrent.locks.AbstractQueuedSynchronizer$ConditionObject.await(AbstractQueuedSynchronizer.java:2039)&#10;        at java.util.concurrent.ArrayBlockingQueue.take(ArrayBlockingQueue.java:403)&#10;        at java.util.concurrent.ThreadPoolExecutor.getTask(ThreadPoolExecutor.java:1074)&#10;        at java.util.concurrent.ThreadPoolExecutor.runWorker(ThreadPoolExecutor.java:1134)&#10;        at java.util.concurrent.ThreadPoolExecutor$Worker.run(ThreadPoolExecutor.java:624)&#10;        at java.lang.Thread.run(Thread.java:748)&#10;&quot;pool-131-thread-49&quot;  prio=5 tid=800 in Object.wait()&#10;java.lang.Thread.State: WAITING (on object monitor)&#10;        at sun.misc.Unsafe.park(Native Method)&#10;        at java.util.concurrent.locks.LockSupport.park(LockSupport.java:175)&#10;        at java.util.concurrent.locks.AbstractQueuedSynchronizer$ConditionObject.await(AbstractQueuedSynchronizer.java:2039)&#10;        at java.util.concurrent.ArrayBlockingQueue.take(ArrayBlockingQueue.java:403)&#10;        at java.util.concurrent.ThreadPoolExecutor.getTask(ThreadPoolExecutor.java:1074)&#10;        at java.util.concurrent.ThreadPoolExecutor.runWorker(ThreadPoolExecutor.java:1134)&#10;        at java.util.concurrent.ThreadPoolExecutor$Worker.run(ThreadPoolExecutor.java:624)&#10;        at java.lang.Thread.run(Thread.java:748)&#10;&quot;qtp628402659-197&quot; daemon prio=5 tid=197 timed_waiting&#10;java.lang.Thread.State: TIMED_WAITING&#10;        at sun.misc.Unsafe.park(Native Method)&#10;        at java.util.concurrent.locks.LockSupport.parkNanos(LockSupport.java:215)&#10;        at java.util.concurrent.locks.AbstractQueuedSynchronizer$ConditionObject.awaitNanos(AbstractQueuedSynchronizer.java:2078)&#10;        at org.eclipse.jetty.util.BlockingArrayQueue.poll(BlockingArrayQueue.java:392)&#10;        at org.eclipse.jetty.util.thread.QueuedThreadPool.idleJobPoll(QueuedThreadPool.java:563)&#10;        at org.eclipse.jetty.util.thread.QueuedThreadPool.access$800(QueuedThreadPool.java:48)&#10;        at org.eclipse.jetty.util.thread.QueuedThreadPool$2.run(QueuedThreadPool.java:626)&#10;        at java.lang.Thread.run(Thread.java:748)&#10;&quot;grpc-default-worker-ELG-3-1&quot; daemon prio=5 tid=1061 runnable&#10;java.lang.Thread.State: RUNNABLE&#10;        at sun.nio.ch.EPollArrayWrapper.epollWait(Native Method)&#10;        at sun.nio.ch.EPollArrayWrapper.poll(EPollArrayWrapper.java:269)&#10;        at sun.nio.ch.EPollSelectorImpl.doSelect(EPollSelectorImpl.java:93)&#10;        at sun.nio.ch.SelectorImpl.lockAndDoSelect(SelectorImpl.java:86)&#10;        at sun.nio.ch.SelectorImpl.select(SelectorImpl.java:97)&#10;        at org.apache.ratis.thirdparty.io.netty.channel.nio.SelectedSelectionKeySetSelector.select(SelectedSelectionKeySetSelector.java:62)&#10;        at org.apache.ratis.thirdparty.io.netty.channel.nio.NioEventLoop.select(NioEventLoop.java:753)&#10;        at org.apache.ratis.thirdparty.io.netty.channel.nio.NioEventLoop.run(NioEventLoop.java:408)&#10;        at org.apache.ratis.thirdparty.io.netty.util.concurrent.SingleThreadEventExecutor$5.run(SingleThreadEventExecutor.java:897)&#10;        at org.apache.ratis.thirdparty.io.netty.util.concurrent.FastThreadLocalRunnable.run(FastThreadLocalRunnable.java:30)&#10;        at java.lang.Thread.run(Thread.java:748)&#10;&quot;pool-89-thread-10&quot;  prio=5 tid=641 in Object.wait()&#10;java.lang.Thread.State: WAITING (on object monitor)&#10;        at sun.misc.Unsafe.park(Native Method)&#10;        at java.util.concurrent.locks.LockSupport.park(LockSupport.java:175)&#10;        at java.util.concurrent.locks.AbstractQueuedSynchronizer$ConditionObject.await(AbstractQueuedSynchronizer.java:2039)&#10;        at java.util.concurrent.ArrayBlockingQueue.take(ArrayBlockingQueue.java:403)&#10;        at java.util.concurrent.ThreadPoolExecutor.getTask(ThreadPoolExecutor.java:1074)&#10;        at java.util.concurrent.ThreadPoolExecutor.runWorker(ThreadPoolExecutor.java:1134)&#10;        at java.util.concurrent.ThreadPoolExecutor$Worker.run(ThreadPoolExecutor.java:624)&#10;        at java.lang.Thread.run(Thread.java:748)&#10;&quot;pool-194-thread-43&quot;  prio=5 tid=974 in Object.wait()&#10;java.lang.Thread.State: WAITING (on object monitor)&#10;        at sun.misc.Unsafe.park(Native Method)&#10;        at java.util.concurrent.locks.LockSupport.park(LockSupport.java:175)&#10;        at java.util.concurrent.locks.AbstractQueuedSynchronizer$ConditionObject.await(AbstractQueuedSynchronizer.java:2039)&#10;        at java.util.concurrent.ArrayBlockingQueue.take(ArrayBlockingQueue.java:403)&#10;        at java.util.concurrent.ThreadPoolExecutor.getTask(ThreadPoolExecutor.java:1074)&#10;        at java.util.concurrent.ThreadPoolExecutor.runWorker(ThreadPoolExecutor.java:1134)&#10;        at java.util.concurrent.ThreadPoolExecutor$Worker.run(ThreadPoolExecutor.java:624)&#10;        at java.lang.Thread.run(Thread.java:748)&#10;&quot;pool-47-thread-56&quot;  prio=5 tid=567 in Object.wait()&#10;java.lang.Thread.State: WAITING (on object monitor)&#10;        at sun.misc.Unsafe.park(Native Method)&#10;        at java.util.concurrent.locks.LockSupport.park(LockSupport.java:175)&#10;        at java.util.concurrent.locks.AbstractQueuedSynchronizer$ConditionObject.await(AbstractQueuedSynchronizer.java:2039)&#10;        at java.util.concurrent.ArrayBlockingQueue.take(ArrayBlockingQueue.java:403)&#10;        at java.util.concurrent.ThreadPoolExecutor.getTask(ThreadPoolExecutor.java:1074)&#10;        at java.util.concurrent.ThreadPoolExecutor.runWorker(ThreadPoolExecutor.java:1134)&#10;        at java.util.concurrent.ThreadPoolExecutor$Worker.run(ThreadPoolExecutor.java:624)&#10;        at java.lang.Thread.run(Thread.java:748)&#10;&quot;Datanode State Machine Thread - 0&quot; daemon prio=5 tid=442 timed_waiting&#10;java.lang.Thread.State: TIMED_WAITING&#10;        at java.lang.Thread.sleep(Native Method)&#10;        at org.apache.hadoop.ozone.container.common.statemachine.DatanodeStateMachine.start(DatanodeStateMachine.java:191)&#10;        at org.apache.hadoop.ozone.container.common.statemachine.DatanodeStateMachine.lambda$startDaemon$0(DatanodeStateMachine.java:349)&#10;        at org.apache.hadoop.ozone.container.common.statemachine.DatanodeStateMachine$$Lambda$139/1610803524.run(Unknown Source)&#10;        at java.lang.Thread.run(Thread.java:748)&#10;&quot;pool-131-thread-26&quot;  prio=5 tid=777 in Object.wait()&#10;java.lang.Thread.State: WAITING (on object monitor)&#10;        at sun.misc.Unsafe.park(Native Method)&#10;        at java.util.concurrent.locks.LockSupport.park(LockSupport.java:175)&#10;        at java.util.concurrent.locks.AbstractQueuedSynchronizer$ConditionObject.await(AbstractQueuedSynchronizer.java:2039)&#10;        at java.util.concurrent.ArrayBlockingQueue.take(ArrayBlockingQueue.java:403)&#10;        at java.util.concurrent.ThreadPoolExecutor.getTask(ThreadPoolExecutor.java:1074)&#10;        at java.util.concurrent.ThreadPoolExecutor.runWorker(ThreadPoolExecutor.java:1134)&#10;        at java.util.concurrent.ThreadPoolExecutor$Worker.run(ThreadPoolExecutor.java:624)&#10;        at java.lang.Thread.run(Thread.java:748)&#10;&quot;pool-215-thread-60&quot;  prio=5 tid=1051 in Object.wait()&#10;java.lang.Thread.State: WAITING (on object monitor)&#10;        at sun.misc.Unsafe.park(Native Method)&#10;        at java.util.concurrent.locks.LockSupport.park(LockSupport.java:175)&#10;        at java.util.concurrent.locks.AbstractQueuedSynchronizer$ConditionObject.await(AbstractQueuedSynchronizer.java:2039)&#10;        at java.util.concurrent.ArrayBlockingQueue.take(ArrayBlockingQueue.java:403)&#10;        at java.util.concurrent.ThreadPoolExecutor.getTask(ThreadPoolExecutor.java:1074)&#10;        at java.util.concurrent.ThreadPoolExecutor.runWorker(ThreadPoolExecutor.java:1134)&#10;        at java.util.concurrent.ThreadPoolExecutor$Worker.run(ThreadPoolExecutor.java:624)&#10;        at java.lang.Thread.run(Thread.java:748)&#10;&quot;BlockDeletingService#1&quot; daemon prio=5 tid=158 timed_waiting&#10;java.lang.Thread.State: TIMED_WAITING&#10;        at sun.misc.Unsafe.park(Native Method)&#10;        at java.util.concurrent.locks.LockSupport.parkNanos(LockSupport.java:215)&#10;        at java.util.concurrent.locks.AbstractQueuedSynchronizer$ConditionObject.awaitNanos(AbstractQueuedSynchronizer.java:2078)&#10;        at java.util.concurrent.ScheduledThreadPoolExecutor$DelayedWorkQueue.take(ScheduledThreadPoolExecutor.java:1093)&#10;        at java.util.concurrent.ScheduledThreadPoolExecutor$DelayedWorkQueue.take(ScheduledThreadPoolExecutor.java:809)&#10;        at java.util.concurrent.ThreadPoolExecutor.getTask(ThreadPoolExecutor.java:1074)&#10;        at java.util.concurrent.ThreadPoolExecutor.runWorker(ThreadPoolExecutor.java:1134)&#10;        at java.util.concurrent.ThreadPoolExecutor$Worker.run(ThreadPoolExecutor.java:624)&#10;        at java.lang.Thread.run(Thread.java:748)&#10;&quot;e834f043-68c2-4690-911f-e774cd7c845d-RaftLogWorker&quot;  prio=5 tid=1081 timed_waiting&#10;java.lang.Thread.State: TIMED_WAITING&#10;        at sun.misc.Unsafe.park(Native Method)&#10;        at java.util.concurrent.locks.LockSupport.parkNanos(LockSupport.java:215)&#10;        at java.util.concurrent.locks.AbstractQueuedSynchronizer$ConditionObject.awaitNanos(AbstractQueuedSynchronizer.java:2078)&#10;        at org.apache.ratis.util.DataBlockingQueue.poll(DataBlockingQueue.java:137)&#10;        at org.apache.ratis.server.storage.RaftLogWorker.run(RaftLogWorker.java:216)&#10;        at java.lang.Thread.run(Thread.java:748)&#10;&quot;pool-26-thread-57&quot;  prio=5 tid=507 in Object.wait()&#10;java.lang.Thread.State: WAITING (on object monitor)&#10;        at sun.misc.Unsafe.park(Native Method)&#10;        at java.util.concurrent.locks.LockSupport.park(LockSupport.java:175)&#10;        at java.util.concurrent.locks.AbstractQueuedSynchronizer$ConditionObject.await(AbstractQueuedSynchronizer.java:2039)&#10;        at java.util.concurrent.ArrayBlockingQueue.take(ArrayBlockingQueue.java:403)&#10;        at java.util.concurrent.ThreadPoolExecutor.getTask(ThreadPoolExecutor.java:1074)&#10;        at java.util.concurrent.ThreadPoolExecutor.runWorker(ThreadPoolExecutor.java:1134)&#10;        at java.util.concurrent.ThreadPoolExecutor$Worker.run(ThreadPoolExecutor.java:624)&#10;        at java.lang.Thread.run(Thread.java:748)&#10;&quot;IPC Server handler 17 on 46447&quot; daemon prio=5 tid=67 timed_waiting&#10;java.lang.Thread.State: TIMED_WAITING&#10;        at sun.misc.Unsafe.park(Native Method)&#10;        at java.util.concurrent.locks.LockSupport.parkNanos(LockSupport.java:215)&#10;        at java.util.concurrent.locks.AbstractQueuedSynchronizer$ConditionObject.awaitNanos(AbstractQueuedSynchronizer.java:2078)&#10;        at java.util.concurrent.LinkedBlockingQueue.poll(LinkedBlockingQueue.java:467)&#10;        at org.apache.hadoop.ipc.CallQueueManager.take(CallQueueManager.java:288)&#10;        at org.apache.hadoop.ipc.Server$Handler.run(Server.java:2668)&#10;&quot;pool-173-thread-5&quot;  prio=5 tid=876 in Object.wait()&#10;java.lang.Thread.State: WAITING (on object monitor)&#10;        at sun.misc.Unsafe.park(Native Method)&#10;        at java.util.concurrent.locks.LockSupport.park(LockSupport.java:175)&#10;        at java.util.concurrent.locks.AbstractQueuedSynchronizer$ConditionObject.await(AbstractQueuedSynchronizer.java:2039)&#10;        at java.util.concurrent.ArrayBlockingQueue.take(ArrayBlockingQueue.java:403)&#10;        at java.util.concurrent.ThreadPoolExecutor.getTask(ThreadPoolExecutor.java:1074)&#10;        at java.util.concurrent.ThreadPoolExecutor.runWorker(ThreadPoolExecutor.java:1134)&#10;        at java.util.concurrent.ThreadPoolExecutor$Worker.run(ThreadPoolExecutor.java:624)&#10;        at java.lang.Thread.run(Thread.java:748)&#10;&quot;pool-131-thread-35&quot;  prio=5 tid=786 in Object.wait()&#10;java.lang.Thread.State: WAITING (on object monitor)&#10;        at sun.misc.Unsafe.park(Native Method)&#10;        at java.util.concurrent.locks.LockSupport.park(LockSupport.java:175)&#10;        at java.util.concurrent.locks.AbstractQueuedSynchronizer$ConditionObject.await(AbstractQueuedSynchronizer.java:2039)&#10;        at java.util.concurrent.ArrayBlockingQueue.take(ArrayBlockingQueue.java:403)&#10;        at java.util.concurrent.ThreadPoolExecutor.getTask(ThreadPoolExecutor.java:1074)&#10;        at java.util.concurrent.ThreadPoolExecutor.runWorker(ThreadPoolExecutor.java:1134)&#10;        at java.util.concurrent.ThreadPoolExecutor$Worker.run(ThreadPoolExecutor.java:624)&#10;        at java.lang.Thread.run(Thread.java:748)&#10;&quot;pool-68-thread-5&quot;  prio=5 tid=576 in Object.wait()&#10;java.lang.Thread.State: WAITING (on object monitor)&#10;        at sun.misc.Unsafe.park(Native Method)&#10;        at java.util.concurrent.locks.LockSupport.park(LockSupport.java:175)&#10;        at java.util.concurrent.locks.AbstractQueuedSynchronizer$ConditionObject.await(AbstractQueuedSynchronizer.java:2039)&#10;        at java.util.concurrent.ArrayBlockingQueue.take(ArrayBlockingQueue.java:403)&#10;        at java.util.concurrent.ThreadPoolExecutor.getTask(ThreadPoolExecutor.java:1074)&#10;        at java.util.concurrent.ThreadPoolExecutor.runWorker(ThreadPoolExecutor.java:1134)&#10;        at java.util.concurrent.ThreadPoolExecutor$Worker.run(ThreadPoolExecutor.java:624)&#10;        at java.lang.Thread.run(Thread.java:748)&#10;&quot;pool-215-thread-18&quot;  prio=5 tid=1009 in Object.wait()&#10;java.lang.Thread.State: WAITING (on object monitor)&#10;        at sun.misc.Unsafe.park(Native Method)&#10;        at java.util.concurrent.locks.LockSupport.park(LockSupport.java:175)&#10;        at java.util.concurrent.locks.AbstractQueuedSynchronizer$ConditionObject.await(AbstractQueuedSynchronizer.java:2039)&#10;        at java.util.concurrent.ArrayBlockingQueue.take(ArrayBlockingQueue.java:403)&#10;        at java.util.concurrent.ThreadPoolExecutor.getTask(ThreadPoolExecutor.java:1074)&#10;        at java.util.concurrent.ThreadPoolExecutor.runWorker(ThreadPoolExecutor.java:1134)&#10;        at java.util.concurrent.ThreadPoolExecutor$Worker.run(ThreadPoolExecutor.java:624)&#10;        at java.lang.Thread.run(Thread.java:748)&#10;&quot;pool-152-thread-55&quot;  prio=5 tid=866 in Object.wait()&#10;java.lang.Thread.State: WAITING (on object monitor)&#10;        at sun.misc.Unsafe.park(Native Method)&#10;        at java.util.concurrent.locks.LockSupport.park(LockSupport.java:175)&#10;        at java.util.concurrent.locks.AbstractQueuedSynchronizer$ConditionObject.await(AbstractQueuedSynchronizer.java:2039)&#10;        at java.util.concurrent.ArrayBlockingQueue.take(ArrayBlockingQueue.java:403)&#10;        at java.util.concurrent.ThreadPoolExecutor.getTask(ThreadPoolExecutor.java:1074)&#10;        at java.util.concurrent.ThreadPoolExecutor.runWorker(ThreadPoolExecutor.java:1134)&#10;        at java.util.concurrent.ThreadPoolExecutor$Worker.run(ThreadPoolExecutor.java:624)&#10;        at java.lang.Thread.run(Thread.java:748)&#10;&quot;pool-110-thread-44&quot;  prio=5 tid=735 in Object.wait()&#10;java.lang.Thread.State: WAITING (on object monitor)&#10;        at sun.misc.Unsafe.park(Native Method)&#10;        at java.util.concurrent.locks.LockSupport.park(LockSupport.java:175)&#10;        at java.util.concurrent.locks.AbstractQueuedSynchronizer$ConditionObject.await(AbstractQueuedSynchronizer.java:2039)&#10;        at java.util.concurrent.ArrayBlockingQueue.take(ArrayBlockingQueue.java:403)&#10;        at java.util.concurrent.ThreadPoolExecutor.getTask(ThreadPoolExecutor.java:1074)&#10;        at java.util.concurrent.ThreadPoolExecutor.runWorker(ThreadPoolExecutor.java:1134)&#10;        at java.util.concurrent.ThreadPoolExecutor$Worker.run(ThreadPoolExecutor.java:624)&#10;        at java.lang.Thread.run(Thread.java:748)&#10;&quot;pool-68-thread-16&quot;  prio=5 tid=587 in Object.wait()&#10;java.lang.Thread.State: WAITING (on object monitor)&#10;        at sun.misc.Unsafe.park(Native Method)&#10;        at java.util.concurrent.locks.LockSupport.park(LockSupport.java:175)&#10;        at java.util.concurrent.locks.AbstractQueuedSynchronizer$ConditionObject.await(AbstractQueuedSynchronizer.java:2039)&#10;        at java.util.concurrent.ArrayBlockingQueue.take(ArrayBlockingQueue.java:403)&#10;        at java.util.concurrent.ThreadPoolExecutor.getTask(ThreadPoolExecutor.java:1074)&#10;        at java.util.concurrent.ThreadPoolExecutor.runWorker(ThreadPoolExecutor.java:1134)&#10;        at java.util.concurrent.ThreadPoolExecutor$Worker.run(ThreadPoolExecutor.java:624)&#10;        at java.lang.Thread.run(Thread.java:748)&#10;&quot;Datanode State Machine Thread - 0&quot; daemon prio=5 tid=391 timed_waiting&#10;java.lang.Thread.State: TIMED_WAITING&#10;        at sun.misc.Unsafe.park(Native Method)&#10;        at java.util.concurrent.locks.LockSupport.parkNanos(LockSupport.java:215)&#10;        at java.util.concurrent.SynchronousQueue$TransferStack.awaitFulfill(SynchronousQueue.java:460)&#10;        at java.util.concurrent.SynchronousQueue$TransferStack.transfer(SynchronousQueue.java:362)&#10;        at java.util.concurrent.SynchronousQueue.poll(SynchronousQueue.java:941)&#10;        at java.util.concurrent.ThreadPoolExecutor.getTask(ThreadPoolExecutor.java:1073)&#10;        at java.util.concurrent.ThreadPoolExecutor.runWorker(ThreadPoolExecutor.java:1134)&#10;        at java.util.concurrent.ThreadPoolExecutor$Worker.run(ThreadPoolExecutor.java:624)&#10;        at java.lang.Thread.run(Thread.java:748)&#10;&quot;pool-110-thread-26&quot;  prio=5 tid=717 in Object.wait()&#10;java.lang.Thread.State: WAITING (on object monitor)&#10;        at sun.misc.Unsafe.park(Native Method)&#10;        at java.util.concurrent.locks.LockSupport.park(LockSupport.java:175)&#10;        at java.util.concurrent.locks.AbstractQueuedSynchronizer$ConditionObject.await(AbstractQueuedSynchronizer.java:2039)&#10;        at java.util.concurrent.ArrayBlockingQueue.take(ArrayBlockingQueue.java:403)&#10;        at java.util.concurrent.ThreadPoolExecutor.getTask(ThreadPoolExecutor.java:1074)&#10;        at java.util.concurrent.ThreadPoolExecutor.runWorker(ThreadPoolExecutor.java:1134)&#10;        at java.util.concurrent.ThreadPoolExecutor$Worker.run(ThreadPoolExecutor.java:624)&#10;        at java.lang.Thread.run(Thread.java:748)&#10;&quot;IPC Server handler 2 on 33779&quot; daemon prio=5 tid=72 timed_waiting&#10;java.lang.Thread.State: TIMED_WAITING&#10;        at sun.misc.Unsafe.park(Native Method)&#10;        at java.util.concurrent.locks.LockSupport.parkNanos(LockSupport.java:215)&#10;        at java.util.concurrent.locks.AbstractQueuedSynchronizer$ConditionObject.awaitNanos(AbstractQueuedSynchronizer.java:2078)&#10;        at java.util.concurrent.LinkedBlockingQueue.poll(LinkedBlockingQueue.java:467)&#10;        at org.apache.hadoop.ipc.CallQueueManager.take(CallQueueManager.java:288)&#10;        at org.apache.hadoop.ipc.Server$Handler.run(Server.java:2668)&#10;&quot;Datanode State Machine Thread - 0&quot; daemon prio=5 tid=172 timed_waiting&#10;java.lang.Thread.State: TIMED_WAITING&#10;        at java.lang.Thread.sleep(Native Method)&#10;        at org.apache.hadoop.ozone.container.common.statemachine.DatanodeStateMachine.start(DatanodeStateMachine.java:191)&#10;        at org.apache.hadoop.ozone.container.common.statemachine.DatanodeStateMachine.lambda$startDaemon$0(DatanodeStateMachine.java:349)&#10;        at org.apache.hadoop.ozone.container.common.statemachine.DatanodeStateMachine$$Lambda$139/1610803524.run(Unknown Source)&#10;        at java.lang.Thread.run(Thread.java:748)&#10;&quot;pool-26-thread-34&quot;  prio=5 tid=484 in Object.wait()&#10;java.lang.Thread.State: WAITING (on object monitor)&#10;        at sun.misc.Unsafe.park(Native Method)&#10;        at java.util.concurrent.locks.LockSupport.park(LockSupport.java:175)&#10;        at java.util.concurrent.locks.AbstractQueuedSynchronizer$ConditionObject.await(AbstractQueuedSynchronizer.java:2039)&#10;        at java.util.concurrent.ArrayBlockingQueue.take(ArrayBlockingQueue.java:403)&#10;        at java.util.concurrent.ThreadPoolExecutor.getTask(ThreadPoolExecutor.java:1074)&#10;        at java.util.concurrent.ThreadPoolExecutor.runWorker(ThreadPoolExecutor.java:1134)&#10;        at java.util.concurrent.ThreadPoolExecutor$Worker.run(ThreadPoolExecutor.java:624)&#10;        at java.lang.Thread.run(Thread.java:748)&#10;&quot;pool-215-thread-12&quot;  prio=5 tid=1003 in Object.wait()&#10;java.lang.Thread.State: WAITING (on object monitor)&#10;        at sun.misc.Unsafe.park(Native Method)&#10;        at java.util.concurrent.locks.LockSupport.park(LockSupport.java:175)&#10;        at java.util.concurrent.locks.AbstractQueuedSynchronizer$ConditionObject.await(AbstractQueuedSynchronizer.java:2039)&#10;        at java.util.concurrent.ArrayBlockingQueue.take(ArrayBlockingQueue.java:403)&#10;        at java.util.concurrent.ThreadPoolExecutor.getTask(ThreadPoolExecutor.java:1074)&#10;        at java.util.concurrent.ThreadPoolExecutor.runWorker(ThreadPoolExecutor.java:1134)&#10;        at java.util.concurrent.ThreadPoolExecutor$Worker.run(ThreadPoolExecutor.java:624)&#10;        at java.lang.Thread.run(Thread.java:748)&#10;&quot;refreshUsed-/opt/src/hadoop-ozone/integration-test/target/test-dir/MiniOzoneClusterImpl-add696fe-84ac-4b45-a2ee-012b057e1087/datanode-8/data/containers&quot; daemon prio=5 tid=393 timed_waiting&#10;java.lang.Thread.State: TIMED_WAITING&#10;        at java.lang.Thread.sleep(Native Method)&#10;        at org.apache.hadoop.fs.CachingGetSpaceUsed$RefreshThread.run(CachingGetSpaceUsed.java:179)&#10;        at java.lang.Thread.run(Thread.java:748)&#10;&quot;pool-47-thread-51&quot;  prio=5 tid=562 in Object.wait()&#10;java.lang.Thread.State: WAITING (on object monitor)&#10;        at sun.misc.Unsafe.park(Native Method)&#10;        at java.util.concurrent.locks.LockSupport.park(LockSupport.java:175)&#10;        at java.util.concurrent.locks.AbstractQueuedSynchronizer$ConditionObject.await(AbstractQueuedSynchronizer.java:2039)&#10;        at java.util.concurrent.ArrayBlockingQueue.take(ArrayBlockingQueue.java:403)&#10;        at java.util.concurrent.ThreadPoolExecutor.getTask(ThreadPoolExecutor.java:1074)&#10;        at java.util.concurrent.ThreadPoolExecutor.runWorker(ThreadPoolExecutor.java:1134)&#10;        at java.util.concurrent.ThreadPoolExecutor$Worker.run(ThreadPoolExecutor.java:624)&#10;        at java.lang.Thread.run(Thread.java:748)&#10;&quot;pool-26-thread-23&quot;  prio=5 tid=473 in Object.wait()&#10;java.lang.Thread.State: WAITING (on object monitor)&#10;        at sun.misc.Unsafe.park(Native Method)&#10;        at java.util.concurrent.locks.LockSupport.park(LockSupport.java:175)&#10;        at java.util.concurrent.locks.AbstractQueuedSynchronizer$ConditionObject.await(AbstractQueuedSynchronizer.java:2039)&#10;        at java.util.concurrent.ArrayBlockingQueue.take(ArrayBlockingQueue.java:403)&#10;        at java.util.concurrent.ThreadPoolExecutor.getTask(ThreadPoolExecutor.java:1074)&#10;        at java.util.concurrent.ThreadPoolExecutor.runWorker(ThreadPoolExecutor.java:1134)&#10;        at java.util.concurrent.ThreadPoolExecutor$Worker.run(ThreadPoolExecutor.java:624)&#10;        at java.lang.Thread.run(Thread.java:748)&#10;&quot;pool-129-thread-1&quot; daemon prio=5 tid=305 timed_waiting&#10;java.lang.Thread.State: TIMED_WAITING&#10;        at sun.misc.Unsafe.park(Native Method)&#10;        at java.util.concurrent.locks.LockSupport.parkNanos(LockSupport.java:215)&#10;        at java.util.concurrent.locks.AbstractQueuedSynchronizer$ConditionObject.awaitNanos(AbstractQueuedSynchronizer.java:2078)&#10;        at java.util.concurrent.ScheduledThreadPoolExecutor$DelayedWorkQueue.take(ScheduledThreadPoolExecutor.java:1093)&#10;        at java.util.concurrent.ScheduledThreadPoolExecutor$DelayedWorkQueue.take(ScheduledThreadPoolExecutor.java:809)&#10;        at java.util.concurrent.ThreadPoolExecutor.getTask(ThreadPoolExecutor.java:1074)&#10;        at java.util.concurrent.ThreadPoolExecutor.runWorker(ThreadPoolExecutor.java:1134)&#10;        at java.util.concurrent.ThreadPoolExecutor$Worker.run(ThreadPoolExecutor.java:624)&#10;        at java.lang.Thread.run(Thread.java:748)&#10;&quot;pool-215-thread-44&quot;  prio=5 tid=1035 in Object.wait()&#10;java.lang.Thread.State: WAITING (on object monitor)&#10;        at sun.misc.Unsafe.park(Native Method)&#10;        at java.util.concurrent.locks.LockSupport.park(LockSupport.java:175)&#10;        at java.util.concurrent.locks.AbstractQueuedSynchronizer$ConditionObject.await(AbstractQueuedSynchronizer.java:2039)&#10;        at java.util.concurrent.ArrayBlockingQueue.take(ArrayBlockingQueue.java:403)&#10;        at java.util.concurrent.ThreadPoolExecutor.getTask(ThreadPoolExecutor.java:1074)&#10;        at java.util.concurrent.ThreadPoolExecutor.runWorker(ThreadPoolExecutor.java:1134)&#10;        at java.util.concurrent.ThreadPoolExecutor$Worker.run(ThreadPoolExecutor.java:624)&#10;        at java.lang.Thread.run(Thread.java:748)&#10;&quot;pool-110-thread-39&quot;  prio=5 tid=730 in Object.wait()&#10;java.lang.Thread.State: WAITING (on object monitor)&#10;        at sun.misc.Unsafe.park(Native Method)&#10;        at java.util.concurrent.locks.LockSupport.park(LockSupport.java:175)&#10;        at java.util.concurrent.locks.AbstractQueuedSynchronizer$ConditionObject.await(AbstractQueuedSynchronizer.java:2039)&#10;        at java.util.concurrent.ArrayBlockingQueue.take(ArrayBlockingQueue.java:403)&#10;        at java.util.concurrent.ThreadPoolExecutor.getTask(ThreadPoolExecutor.java:1074)&#10;        at java.util.concurrent.ThreadPoolExecutor.runWorker(ThreadPoolExecutor.java:1134)&#10;        at java.util.concurrent.ThreadPoolExecutor$Worker.run(ThreadPoolExecutor.java:624)&#10;        at java.lang.Thread.run(Thread.java:748)&#10;&quot;pool-26-thread-27&quot;  prio=5 tid=477 in Object.wait()&#10;java.lang.Thread.State: WAITING (on object monitor)&#10;        at sun.misc.Unsafe.park(Native Method)&#10;        at java.util.concurrent.locks.LockSupport.park(LockSupport.java:175)&#10;        at java.util.concurrent.locks.AbstractQueuedSynchronizer$ConditionObject.await(AbstractQueuedSynchronizer.java:2039)&#10;        at java.util.concurrent.ArrayBlockingQueue.take(ArrayBlockingQueue.java:403)&#10;        at java.util.concurrent.ThreadPoolExecutor.getTask(ThreadPoolExecutor.java:1074)&#10;        at java.util.concurrent.ThreadPoolExecutor.runWorker(ThreadPoolExecutor.java:1134)&#10;        at java.util.concurrent.ThreadPoolExecutor$Worker.run(ThreadPoolExecutor.java:624)&#10;        at java.lang.Thread.run(Thread.java:748)&#10;&quot;pool-152-thread-9&quot;  prio=5 tid=820 in Object.wait()&#10;java.lang.Thread.State: WAITING (on object monitor)&#10;        at sun.misc.Unsafe.park(Native Method)&#10;        at java.util.concurrent.locks.LockSupport.park(LockSupport.java:175)&#10;        at java.util.concurrent.locks.AbstractQueuedSynchronizer$ConditionObject.await(AbstractQueuedSynchronizer.java:2039)&#10;        at java.util.concurrent.ArrayBlockingQueue.take(ArrayBlockingQueue.java:403)&#10;        at java.util.concurrent.ThreadPoolExecutor.getTask(ThreadPoolExecutor.java:1074)&#10;        at java.util.concurrent.ThreadPoolExecutor.runWorker(ThreadPoolExecutor.java:1134)&#10;        at java.util.concurrent.ThreadPoolExecutor$Worker.run(ThreadPoolExecutor.java:624)&#10;        at java.lang.Thread.run(Thread.java:748)&#10;&quot;pool-26-thread-58&quot;  prio=5 tid=508 in Object.wait()&#10;java.lang.Thread.State: WAITING (on object monitor)&#10;        at sun.misc.Unsafe.park(Native Method)&#10;        at java.util.concurrent.locks.LockSupport.park(LockSupport.java:175)&#10;        at java.util.concurrent.locks.AbstractQueuedSynchronizer$ConditionObject.await(AbstractQueuedSynchronizer.java:2039)&#10;        at java.util.concurrent.ArrayBlockingQueue.take(ArrayBlockingQueue.java:403)&#10;        at java.util.concurrent.ThreadPoolExecutor.getTask(ThreadPoolExecutor.java:1074)&#10;        at java.util.concurrent.ThreadPoolExecutor.runWorker(ThreadPoolExecutor.java:1134)&#10;        at java.util.concurrent.ThreadPoolExecutor$Worker.run(ThreadPoolExecutor.java:624)&#10;        at java.lang.Thread.run(Thread.java:748)&#10;&quot;pool-173-thread-7&quot;  prio=5 tid=878 in Object.wait()&#10;java.lang.Thread.State: WAITING (on object monitor)&#10;        at sun.misc.Unsafe.park(Native Method)&#10;        at java.util.concurrent.locks.LockSupport.park(LockSupport.java:175)&#10;        at java.util.concurrent.locks.AbstractQueuedSynchronizer$ConditionObject.await(AbstractQueuedSynchronizer.java:2039)&#10;        at java.util.concurrent.ArrayBlockingQueue.take(ArrayBlockingQueue.java:403)&#10;        at java.util.concurrent.ThreadPoolExecutor.getTask(ThreadPoolExecutor.java:1074)&#10;        at java.util.concurrent.ThreadPoolExecutor.runWorker(ThreadPoolExecutor.java:1134)&#10;        at java.util.concurrent.ThreadPoolExecutor$Worker.run(ThreadPoolExecutor.java:624)&#10;        at java.lang.Thread.run(Thread.java:748)&#10;&quot;qtp1081635795-160&quot; daemon prio=5 tid=160 runnable&#10;java.lang.Thread.State: RUNNABLE&#10;        at sun.nio.ch.EPollArrayWrapper.epollWait(Native Method)&#10;        at sun.nio.ch.EPollArrayWrapper.poll(EPollArrayWrapper.java:269)&#10;        at sun.nio.ch.EPollSelectorImpl.doSelect(EPollSelectorImpl.java:93)&#10;        at sun.nio.ch.SelectorImpl.lockAndDoSelect(SelectorImpl.java:86)&#10;        at sun.nio.ch.SelectorImpl.select(SelectorImpl.java:97)&#10;        at sun.nio.ch.SelectorImpl.select(SelectorImpl.java:101)&#10;        at org.eclipse.jetty.io.ManagedSelector$SelectorProducer.select(ManagedSelector.java:243)&#10;        at org.eclipse.jetty.io.ManagedSelector$SelectorProducer.produce(ManagedSelector.java:191)&#10;        at org.eclipse.jetty.util.thread.strategy.ExecuteProduceConsume.executeProduceConsume(ExecuteProduceConsume.java:249)&#10;        at org.eclipse.jetty.util.thread.strategy.ExecuteProduceConsume.produceConsume(ExecuteProduceConsume.java:148)&#10;        at org.eclipse.jetty.util.thread.strategy.ExecuteProduceConsume.execute(ExecuteProduceConsume.java:100)&#10;        at org.eclipse.jetty.io.ManagedSelector.run(ManagedSelector.java:147)&#10;        at org.eclipse.jetty.util.thread.QueuedThreadPool.runJob(QueuedThreadPool.java:671)&#10;        at org.eclipse.jetty.util.thread.QueuedThreadPool$2.run(QueuedThreadPool.java:589)&#10;        at java.lang.Thread.run(Thread.java:748)&#10;&quot;StateMachineUpdater-a55bb28c-9a91-49a0-99cd-6faaa1ad267a-group-EEA9FF9406CC&quot; daemon prio=5 tid=1103 in Object.wait()&#10;java.lang.Thread.State: WAITING (on object monitor)&#10;        at java.lang.Object.wait(Native Method)&#10;        at java.lang.Object.wait(Object.java:502)&#10;        at org.apache.ratis.server.impl.StateMachineUpdater.run(StateMachineUpdater.java:138)&#10;        at java.lang.Thread.run(Thread.java:748)&#10;&quot;pool-194-thread-40&quot;  prio=5 tid=971 in Object.wait()&#10;java.lang.Thread.State: WAITING (on object monitor)&#10;        at sun.misc.Unsafe.park(Native Method)&#10;        at java.util.concurrent.locks.LockSupport.park(LockSupport.java:175)&#10;        at java.util.concurrent.locks.AbstractQueuedSynchronizer$ConditionObject.await(AbstractQueuedSynchronizer.java:2039)&#10;        at java.util.concurrent.ArrayBlockingQueue.take(ArrayBlockingQueue.java:403)&#10;        at java.util.concurrent.ThreadPoolExecutor.getTask(ThreadPoolExecutor.java:1074)&#10;        at java.util.concurrent.ThreadPoolExecutor.runWorker(ThreadPoolExecutor.java:1134)&#10;        at java.util.concurrent.ThreadPoolExecutor$Worker.run(ThreadPoolExecutor.java:624)&#10;        at java.lang.Thread.run(Thread.java:748)&#10;&quot;pool-131-thread-44&quot;  prio=5 tid=795 in Object.wait()&#10;java.lang.Thread.State: WAITING (on object monitor)&#10;        at sun.misc.Unsafe.park(Native Method)&#10;        at java.util.concurrent.locks.LockSupport.park(LockSupport.java:175)&#10;        at java.util.concurrent.locks.AbstractQueuedSynchronizer$ConditionObject.await(AbstractQueuedSynchronizer.java:2039)&#10;        at java.util.concurrent.ArrayBlockingQueue.take(ArrayBlockingQueue.java:403)&#10;        at java.util.concurrent.ThreadPoolExecutor.getTask(ThreadPoolExecutor.java:1074)&#10;        at java.util.concurrent.ThreadPoolExecutor.runWorker(ThreadPoolExecutor.java:1134)&#10;        at java.util.concurrent.ThreadPoolExecutor$Worker.run(ThreadPoolExecutor.java:624)&#10;        at java.lang.Thread.run(Thread.java:748)&#10;&quot;pool-194-thread-33&quot;  prio=5 tid=964 in Object.wait()&#10;java.lang.Thread.State: WAITING (on object monitor)&#10;        at sun.misc.Unsafe.park(Native Method)&#10;        at java.util.concurrent.locks.LockSupport.park(LockSupport.java:175)&#10;        at java.util.concurrent.locks.AbstractQueuedSynchronizer$ConditionObject.await(AbstractQueuedSynchronizer.java:2039)&#10;        at java.util.concurrent.ArrayBlockingQueue.take(ArrayBlockingQueue.java:403)&#10;        at java.util.concurrent.ThreadPoolExecutor.getTask(ThreadPoolExecutor.java:1074)&#10;        at java.util.concurrent.ThreadPoolExecutor.runWorker(ThreadPoolExecutor.java:1134)&#10;        at java.util.concurrent.ThreadPoolExecutor$Worker.run(ThreadPoolExecutor.java:624)&#10;        at java.lang.Thread.run(Thread.java:748)&#10;&quot;java.util.concurrent.ThreadPoolExecutor$Worker@459b0b2b[State = -1, empty queue]&quot; daemon prio=5 tid=1211 timed_waiting&#10;java.lang.Thread.State: TIMED_WAITING&#10;        at sun.misc.Unsafe.park(Native Method)&#10;        at java.util.concurrent.locks.LockSupport.parkNanos(LockSupport.java:215)&#10;        at java.util.concurrent.locks.AbstractQueuedSynchronizer$ConditionObject.awaitNanos(AbstractQueuedSynchronizer.java:2078)&#10;        at java.util.concurrent.ScheduledThreadPoolExecutor$DelayedWorkQueue.take(ScheduledThreadPoolExecutor.java:1093)&#10;        at java.util.concurrent.ScheduledThreadPoolExecutor$DelayedWorkQueue.take(ScheduledThreadPoolExecutor.java:809)&#10;        at java.util.concurrent.ThreadPoolExecutor.getTask(ThreadPoolExecutor.java:1074)&#10;        at java.util.concurrent.ThreadPoolExecutor.runWorker(ThreadPoolExecutor.java:1134)&#10;        at java.util.concurrent.ThreadPoolExecutor$Worker.run(ThreadPoolExecutor.java:624)&#10;        at java.lang.Thread.run(Thread.java:748)&#10;&quot;pool-194-thread-19&quot;  prio=5 tid=950 in Object.wait()&#10;java.lang.Thread.State: WAITING (on object monitor)&#10;        at sun.misc.Unsafe.park(Native Method)&#10;        at java.util.concurrent.locks.LockSupport.park(LockSupport.java:175)&#10;        at java.util.concurrent.locks.AbstractQueuedSynchronizer$ConditionObject.await(AbstractQueuedSynchronizer.java:2039)&#10;        at java.util.concurrent.ArrayBlockingQueue.take(ArrayBlockingQueue.java:403)&#10;        at java.util.concurrent.ThreadPoolExecutor.getTask(ThreadPoolExecutor.java:1074)&#10;        at java.util.concurrent.ThreadPoolExecutor.runWorker(ThreadPoolExecutor.java:1134)&#10;        at java.util.concurrent.ThreadPoolExecutor$Worker.run(ThreadPoolExecutor.java:624)&#10;        at java.lang.Thread.run(Thread.java:748)&#10;&quot;Datanode ReportManager Thread - 0&quot; daemon prio=5 tid=413 in Object.wait()&#10;java.lang.Thread.State: WAITING (on object monitor)&#10;        at sun.misc.Unsafe.park(Native Method)&#10;        at java.util.concurrent.locks.LockSupport.park(LockSupport.java:175)&#10;        at java.util.concurrent.locks.AbstractQueuedSynchronizer$ConditionObject.await(AbstractQueuedSynchronizer.java:2039)&#10;        at java.util.concurrent.ScheduledThreadPoolExecutor$DelayedWorkQueue.take(ScheduledThreadPoolExecutor.java:1088)&#10;        at java.util.concurrent.ScheduledThreadPoolExecutor$DelayedWorkQueue.take(ScheduledThreadPoolExecutor.java:809)&#10;        at java.util.concurrent.ThreadPoolExecutor.getTask(ThreadPoolExecutor.java:1074)&#10;        at java.util.concurrent.ThreadPoolExecutor.runWorker(ThreadPoolExecutor.java:1134)&#10;        at java.util.concurrent.ThreadPoolExecutor$Worker.run(ThreadPoolExecutor.java:624)&#10;        at java.lang.Thread.run(Thread.java:748)&#10;&quot;pool-215-thread-48&quot;  prio=5 tid=1039 in Object.wait()&#10;java.lang.Thread.State: WAITING (on object monitor)&#10;        at sun.misc.Unsafe.park(Native Method)&#10;        at java.util.concurrent.locks.LockSupport.park(LockSupport.java:175)&#10;        at java.util.concurrent.locks.AbstractQueuedSynchronizer$ConditionObject.await(AbstractQueuedSynchronizer.java:2039)&#10;        at java.util.concurrent.ArrayBlockingQueue.take(ArrayBlockingQueue.java:403)&#10;        at java.util.concurrent.ThreadPoolExecutor.getTask(ThreadPoolExecutor.java:1074)&#10;        at java.util.concurrent.ThreadPoolExecutor.runWorker(ThreadPoolExecutor.java:1134)&#10;        at java.util.concurrent.ThreadPoolExecutor$Worker.run(ThreadPoolExecutor.java:624)&#10;        at java.lang.Thread.run(Thread.java:748)&#10;&quot;pool-152-thread-23&quot;  prio=5 tid=834 in Object.wait()&#10;java.lang.Thread.State: WAITING (on object monitor)&#10;        at sun.misc.Unsafe.park(Native Method)&#10;        at java.util.concurrent.locks.LockSupport.park(LockSupport.java:175)&#10;        at java.util.concurrent.locks.AbstractQueuedSynchronizer$ConditionObject.await(AbstractQueuedSynchronizer.java:2039)&#10;        at java.util.concurrent.ArrayBlockingQueue.take(ArrayBlockingQueue.java:403)&#10;        at java.util.concurrent.ThreadPoolExecutor.getTask(ThreadPoolExecutor.java:1074)&#10;        at java.util.concurrent.ThreadPoolExecutor.runWorker(ThreadPoolExecutor.java:1134)&#10;        at java.util.concurrent.ThreadPoolExecutor$Worker.run(ThreadPoolExecutor.java:624)&#10;        at java.lang.Thread.run(Thread.java:748)&#10;&quot;pool-215-thread-10&quot;  prio=5 tid=1001 in Object.wait()&#10;java.lang.Thread.State: WAITING (on object monitor)&#10;        at sun.misc.Unsafe.park(Native Method)&#10;        at java.util.concurrent.locks.LockSupport.park(LockSupport.java:175)&#10;        at java.util.concurrent.locks.AbstractQueuedSynchronizer$ConditionObject.await(AbstractQueuedSynchronizer.java:2039)&#10;        at java.util.concurrent.ArrayBlockingQueue.take(ArrayBlockingQueue.java:403)&#10;        at java.util.concurrent.ThreadPoolExecutor.getTask(ThreadPoolExecutor.java:1074)&#10;        at java.util.concurrent.ThreadPoolExecutor.runWorker(ThreadPoolExecutor.java:1134)&#10;        at java.util.concurrent.ThreadPoolExecutor$Worker.run(ThreadPoolExecutor.java:624)&#10;        at java.lang.Thread.run(Thread.java:748)&#10;&quot;IPC Server handler 14 on 33423&quot; daemon prio=5 tid=44 timed_waiting&#10;java.lang.Thread.State: TIMED_WAITING&#10;        at sun.misc.Unsafe.park(Native Method)&#10;        at java.util.concurrent.locks.LockSupport.parkNanos(LockSupport.java:215)&#10;        at java.util.concurrent.locks.AbstractQueuedSynchronizer$ConditionObject.awaitNanos(AbstractQueuedSynchronizer.java:2078)&#10;        at java.util.concurrent.LinkedBlockingQueue.poll(LinkedBlockingQueue.java:467)&#10;        at org.apache.hadoop.ipc.CallQueueManager.take(CallQueueManager.java:288)&#10;        at org.apache.hadoop.ipc.Server$Handler.run(Server.java:2668)&#10;&quot;pool-26-thread-54&quot;  prio=5 tid=504 in Object.wait()&#10;java.lang.Thread.State: WAITING (on object monitor)&#10;        at sun.misc.Unsafe.park(Native Method)&#10;        at java.util.concurrent.locks.LockSupport.park(LockSupport.java:175)&#10;        at java.util.concurrent.locks.AbstractQueuedSynchronizer$ConditionObject.await(AbstractQueuedSynchronizer.java:2039)&#10;        at java.util.concurrent.ArrayBlockingQueue.take(ArrayBlockingQueue.java:403)&#10;        at java.util.concurrent.ThreadPoolExecutor.getTask(ThreadPoolExecutor.java:1074)&#10;        at java.util.concurrent.ThreadPoolExecutor.runWorker(ThreadPoolExecutor.java:1134)&#10;        at java.util.concurrent.ThreadPoolExecutor$Worker.run(ThreadPoolExecutor.java:624)&#10;        at java.lang.Thread.run(Thread.java:748)&#10;&quot;IPC Server Responder&quot; daemon prio=5 tid=109 runnable&#10;java.lang.Thread.State: RUNNABLE&#10;        at sun.nio.ch.EPollArrayWrapper.epollWait(Native Method)&#10;        at sun.nio.ch.EPollArrayWrapper.poll(EPollArrayWrapper.java:269)&#10;        at sun.nio.ch.EPollSelectorImpl.doSelect(EPollSelectorImpl.java:93)&#10;        at sun.nio.ch.SelectorImpl.lockAndDoSelect(SelectorImpl.java:86)&#10;        at sun.nio.ch.SelectorImpl.select(SelectorImpl.java:97)&#10;        at org.apache.hadoop.ipc.Server$Responder.doRunLoop(Server.java:1334)&#10;        at org.apache.hadoop.ipc.Server$Responder.run(Server.java:1317)&#10;&quot;Thread-383&quot; daemon prio=5 tid=1196 timed_waiting&#10;java.lang.Thread.State: TIMED_WAITING&#10;        at sun.misc.Unsafe.park(Native Method)&#10;        at java.util.concurrent.locks.LockSupport.parkNanos(LockSupport.java:215)&#10;        at java.util.concurrent.locks.AbstractQueuedSynchronizer$ConditionObject.awaitNanos(AbstractQueuedSynchronizer.java:2078)&#10;        at java.util.concurrent.ArrayBlockingQueue.poll(ArrayBlockingQueue.java:418)&#10;        at org.apache.ratis.server.impl.LeaderState$EventQueue.poll(LeaderState.java:114)&#10;        at org.apache.ratis.server.impl.LeaderState$EventProcessor.run(LeaderState.java:438)&#10;&quot;org.apache.hadoop.util.JvmPauseMonitor$Monitor@3ca6f3d5&quot; daemon prio=5 tid=238 timed_waiting&#10;java.lang.Thread.State: TIMED_WAITING&#10;        at java.lang.Thread.sleep(Native Method)&#10;        at org.apache.hadoop.util.JvmPauseMonitor$Monitor.run(JvmPauseMonitor.java:192)&#10;        at java.lang.Thread.run(Thread.java:748)&#10;&quot;pool-152-thread-60&quot;  prio=5 tid=871 in Object.wait()&#10;java.lang.Thread.State: WAITING (on object monitor)&#10;        at sun.misc.Unsafe.park(Native Method)&#10;        at java.util.concurrent.locks.LockSupport.park(LockSupport.java:175)&#10;        at java.util.concurrent.locks.AbstractQueuedSynchronizer$ConditionObject.await(AbstractQueuedSynchronizer.java:2039)&#10;        at java.util.concurrent.ArrayBlockingQueue.take(ArrayBlockingQueue.java:403)&#10;        at java.util.concurrent.ThreadPoolExecutor.getTask(ThreadPoolExecutor.java:1074)&#10;        at java.util.concurrent.ThreadPoolExecutor.runWorker(ThreadPoolExecutor.java:1134)&#10;        at java.util.concurrent.ThreadPoolExecutor$Worker.run(ThreadPoolExecutor.java:624)&#10;        at java.lang.Thread.run(Thread.java:748)&#10;&quot;nioEventLoopGroup-2-1&quot;  prio=10 tid=171 runnable&#10;java.lang.Thread.State: RUNNABLE&#10;        at sun.nio.ch.EPollArrayWrapper.epollWait(Native Method)&#10;        at sun.nio.ch.EPollArrayWrapper.poll(EPollArrayWrapper.java:269)&#10;        at sun.nio.ch.EPollSelectorImpl.doSelect(EPollSelectorImpl.java:93)&#10;        at sun.nio.ch.SelectorImpl.lockAndDoSelect(SelectorImpl.java:86)&#10;        at sun.nio.ch.SelectorImpl.select(SelectorImpl.java:97)&#10;        at io.netty.channel.nio.SelectedSelectionKeySetSelector.select(SelectedSelectionKeySetSelector.java:62)&#10;        at io.netty.channel.nio.NioEventLoop.select(NioEventLoop.java:753)&#10;        at io.netty.channel.nio.NioEventLoop.run(NioEventLoop.java:408)&#10;        at io.netty.util.concurrent.SingleThreadEventExecutor$5.run(SingleThreadEventExecutor.java:897)&#10;        at io.netty.util.concurrent.FastThreadLocalRunnable.run(FastThreadLocalRunnable.java:30)&#10;        at java.lang.Thread.run(Thread.java:748)&#10;&quot;IPC Server handler 9 on 33423&quot; daemon prio=5 tid=39 timed_waiting&#10;java.lang.Thread.State: TIMED_WAITING&#10;        at sun.misc.Unsafe.park(Native Method)&#10;        at java.util.concurrent.locks.LockSupport.parkNanos(LockSupport.java:215)&#10;        at java.util.concurrent.locks.AbstractQueuedSynchronizer$ConditionObject.awaitNanos(AbstractQueuedSynchronizer.java:2078)&#10;        at java.util.concurrent.LinkedBlockingQueue.poll(LinkedBlockingQueue.java:467)&#10;        at org.apache.hadoop.ipc.CallQueueManager.take(CallQueueManager.java:288)&#10;        at org.apache.hadoop.ipc.Server$Handler.run(Server.java:2668)&#10;&quot;pool-152-thread-7&quot;  prio=5 tid=818 in Object.wait()&#10;java.lang.Thread.State: WAITING (on object monitor)&#10;        at sun.misc.Unsafe.park(Native Method)&#10;        at java.util.concurrent.locks.LockSupport.park(LockSupport.java:175)&#10;        at java.util.concurrent.locks.AbstractQueuedSynchronizer$ConditionObject.await(AbstractQueuedSynchronizer.java:2039)&#10;        at java.util.concurrent.ArrayBlockingQueue.take(ArrayBlockingQueue.java:403)&#10;        at java.util.concurrent.ThreadPoolExecutor.getTask(ThreadPoolExecutor.java:1074)&#10;        at java.util.concurrent.ThreadPoolExecutor.runWorker(ThreadPoolExecutor.java:1134)&#10;        at java.util.concurrent.ThreadPoolExecutor$Worker.run(ThreadPoolExecutor.java:624)&#10;        at java.lang.Thread.run(Thread.java:748)&#10;&quot;pool-215-thread-3&quot;  prio=5 tid=994 in Object.wait()&#10;java.lang.Thread.State: WAITING (on object monitor)&#10;        at sun.misc.Unsafe.park(Native Method)&#10;        at java.util.concurrent.locks.LockSupport.park(LockSupport.java:175)&#10;        at java.util.concurrent.locks.AbstractQueuedSynchronizer$ConditionObject.await(AbstractQueuedSynchronizer.java:2039)&#10;        at java.util.concurrent.ArrayBlockingQueue.take(ArrayBlockingQueue.java:403)&#10;        at java.util.concurrent.ThreadPoolExecutor.getTask(ThreadPoolExecutor.java:1074)&#10;        at java.util.concurrent.ThreadPoolExecutor.runWorker(ThreadPoolExecutor.java:1134)&#10;        at java.util.concurrent.ThreadPoolExecutor$Worker.run(ThreadPoolExecutor.java:624)&#10;        at java.lang.Thread.run(Thread.java:748)&#10;&quot;qtp602280210-312&quot; daemon prio=5 tid=312 timed_waiting&#10;java.lang.Thread.State: TIMED_WAITING&#10;        at sun.misc.Unsafe.park(Native Method)&#10;        at java.util.concurrent.locks.LockSupport.parkNanos(LockSupport.java:215)&#10;        at java.util.concurrent.locks.AbstractQueuedSynchronizer$ConditionObject.awaitNanos(AbstractQueuedSynchronizer.java:2078)&#10;        at org.eclipse.jetty.util.BlockingArrayQueue.poll(BlockingArrayQueue.java:392)&#10;        at org.eclipse.jetty.util.thread.QueuedThreadPool.idleJobPoll(QueuedThreadPool.java:563)&#10;        at org.eclipse.jetty.util.thread.QueuedThreadPool.access$800(QueuedThreadPool.java:48)&#10;        at org.eclipse.jetty.util.thread.QueuedThreadPool$2.run(QueuedThreadPool.java:626)&#10;        at java.lang.Thread.run(Thread.java:748)&#10;&quot;Datanode State Machine Thread - 0&quot; daemon prio=5 tid=382 timed_waiting&#10;java.lang.Thread.State: TIMED_WAITING&#10;        at java.lang.Thread.sleep(Native Method)&#10;        at org.apache.hadoop.ozone.container.common.statemachine.DatanodeStateMachine.start(DatanodeStateMachine.java:191)&#10;        at org.apache.hadoop.ozone.container.common.statemachine.DatanodeStateMachine.lambda$startDaemon$0(DatanodeStateMachine.java:349)&#10;        at org.apache.hadoop.ozone.container.common.statemachine.DatanodeStateMachine$$Lambda$139/1610803524.run(Unknown Source)&#10;        at java.lang.Thread.run(Thread.java:748)&#10;&quot;org.eclipse.jetty.server.session.HashSessionManager@31b0f02Timer&quot; daemon prio=5 tid=258 timed_waiting&#10;java.lang.Thread.State: TIMED_WAITING&#10;        at sun.misc.Unsafe.park(Native Method)&#10;        at java.util.concurrent.locks.LockSupport.parkNanos(LockSupport.java:215)&#10;        at java.util.concurrent.locks.AbstractQueuedSynchronizer$ConditionObject.awaitNanos(AbstractQueuedSynchronizer.java:2078)&#10;        at java.util.concurrent.ScheduledThreadPoolExecutor$DelayedWorkQueue.take(ScheduledThreadPoolExecutor.java:1093)&#10;        at java.util.concurrent.ScheduledThreadPoolExecutor$DelayedWorkQueue.take(ScheduledThreadPoolExecutor.java:809)&#10;        at java.util.concurrent.ThreadPoolExecutor.getTask(ThreadPoolExecutor.java:1074)&#10;        at java.util.concurrent.ThreadPoolExecutor.runWorker(ThreadPoolExecutor.java:1134)&#10;        at java.util.concurrent.ThreadPoolExecutor$Worker.run(ThreadPoolExecutor.java:624)&#10;        at java.lang.Thread.run(Thread.java:748)&#10;&quot;pool-110-thread-28&quot;  prio=5 tid=719 in Object.wait()&#10;java.lang.Thread.State: WAITING (on object monitor)&#10;        at sun.misc.Unsafe.park(Native Method)&#10;        at java.util.concurrent.locks.LockSupport.park(LockSupport.java:175)&#10;        at java.util.concurrent.locks.AbstractQueuedSynchronizer$ConditionObject.await(AbstractQueuedSynchronizer.java:2039)&#10;        at java.util.concurrent.ArrayBlockingQueue.take(ArrayBlockingQueue.java:403)&#10;        at java.util.concurrent.ThreadPoolExecutor.getTask(ThreadPoolExecutor.java:1074)&#10;        at java.util.concurrent.ThreadPoolExecutor.runWorker(ThreadPoolExecutor.java:1134)&#10;        at java.util.concurrent.ThreadPoolExecutor$Worker.run(ThreadPoolExecutor.java:624)&#10;        at java.lang.Thread.run(Thread.java:748)&#10;&quot;pool-173-thread-1&quot;  prio=5 tid=872 in Object.wait()&#10;java.lang.Thread.State: WAITING (on object monitor)&#10;        at sun.misc.Unsafe.park(Native Method)&#10;        at java.util.concurrent.locks.LockSupport.park(LockSupport.java:175)&#10;        at java.util.concurrent.locks.AbstractQueuedSynchronizer$ConditionObject.await(AbstractQueuedSynchronizer.java:2039)&#10;        at java.util.concurrent.ArrayBlockingQueue.take(ArrayBlockingQueue.java:403)&#10;        at java.util.concurrent.ThreadPoolExecutor.getTask(ThreadPoolExecutor.java:1074)&#10;        at java.util.concurrent.ThreadPoolExecutor.runWorker(ThreadPoolExecutor.java:1134)&#10;        at java.util.concurrent.ThreadPoolExecutor$Worker.run(ThreadPoolExecutor.java:624)&#10;        at java.lang.Thread.run(Thread.java:748)&#10;&quot;pool-194-thread-23&quot;  prio=5 tid=954 in Object.wait()&#10;java.lang.Thread.State: WAITING (on object monitor)&#10;        at sun.misc.Unsafe.park(Native Method)&#10;        at java.util.concurrent.locks.LockSupport.park(LockSupport.java:175)&#10;        at java.util.concurrent.locks.AbstractQueuedSynchronizer$ConditionObject.await(AbstractQueuedSynchronizer.java:2039)&#10;        at java.util.concurrent.ArrayBlockingQueue.take(ArrayBlockingQueue.java:403)&#10;        at java.util.concurrent.ThreadPoolExecutor.getTask(ThreadPoolExecutor.java:1074)&#10;        at java.util.concurrent.ThreadPoolExecutor.runWorker(ThreadPoolExecutor.java:1134)&#10;        at java.util.concurrent.ThreadPoolExecutor$Worker.run(ThreadPoolExecutor.java:624)&#10;        at java.lang.Thread.run(Thread.java:748)&#10;&quot;Command processor thread&quot; daemon prio=5 tid=359 timed_waiting&#10;java.lang.Thread.State: TIMED_WAITING&#10;        at java.lang.Thread.sleep(Native Method)&#10;        at org.apache.hadoop.ozone.container.common.statemachine.DatanodeStateMachine.lambda$initCommandHandlerThread$1(DatanodeStateMachine.java:439)&#10;        at org.apache.hadoop.ozone.container.common.statemachine.DatanodeStateMachine$$Lambda$140/804134309.run(Unknown Source)&#10;        at java.lang.Thread.run(Thread.java:748)&#10;&quot;pool-131-thread-25&quot;  prio=5 tid=776 in Object.wait()&#10;java.lang.Thread.State: WAITING (on object monitor)&#10;        at sun.misc.Unsafe.park(Native Method)&#10;        at java.util.concurrent.locks.LockSupport.park(LockSupport.java:175)&#10;        at java.util.concurrent.locks.AbstractQueuedSynchronizer$ConditionObject.await(AbstractQueuedSynchronizer.java:2039)&#10;        at java.util.concurrent.ArrayBlockingQueue.take(ArrayBlockingQueue.java:403)&#10;        at java.util.concurrent.ThreadPoolExecutor.getTask(ThreadPoolExecutor.java:1074)&#10;        at java.util.concurrent.ThreadPoolExecutor.runWorker(ThreadPoolExecutor.java:1134)&#10;        at java.util.concurrent.ThreadPoolExecutor$Worker.run(ThreadPoolExecutor.java:624)&#10;        at java.lang.Thread.run(Thread.java:748)&#10;&quot;org.apache.hadoop.util.JvmPauseMonitor$Monitor@439a8f59&quot; daemon prio=5 tid=103 timed_waiting&#10;java.lang.Thread.State: TIMED_WAITING&#10;        at java.lang.Thread.sleep(Native Method)&#10;        at org.apache.hadoop.util.JvmPauseMonitor$Monitor.run(JvmPauseMonitor.java:192)&#10;        at java.lang.Thread.run(Thread.java:748)&#10;&quot;grpc-default-boss-ELG-1-1&quot; daemon prio=5 tid=511 runnable&#10;java.lang.Thread.State: RUNNABLE&#10;        at sun.nio.ch.EPollArrayWrapper.epollWait(Native Method)&#10;        at sun.nio.ch.EPollArrayWrapper.poll(EPollArrayWrapper.java:269)&#10;        at sun.nio.ch.EPollSelectorImpl.doSelect(EPollSelectorImpl.java:93)&#10;        at sun.nio.ch.SelectorImpl.lockAndDoSelect(SelectorImpl.java:86)&#10;        at sun.nio.ch.SelectorImpl.select(SelectorImpl.java:97)&#10;        at org.apache.ratis.thirdparty.io.netty.channel.nio.SelectedSelectionKeySetSelector.select(SelectedSelectionKeySetSelector.java:62)&#10;        at org.apache.ratis.thirdparty.io.netty.channel.nio.NioEventLoop.select(NioEventLoop.java:753)&#10;        at org.apache.ratis.thirdparty.io.netty.channel.nio.NioEventLoop.run(NioEventLoop.java:408)&#10;        at org.apache.ratis.thirdparty.io.netty.util.concurrent.SingleThreadEventExecutor$5.run(SingleThreadEventExecutor.java:897)&#10;        at org.apache.ratis.thirdparty.io.netty.util.concurrent.FastThreadLocalRunnable.run(FastThreadLocalRunnable.java:30)&#10;        at java.lang.Thread.run(Thread.java:748)&#10;&quot;pool-173-thread-4&quot;  prio=5 tid=875 in Object.wait()&#10;java.lang.Thread.State: WAITING (on object monitor)&#10;        at sun.misc.Unsafe.park(Native Method)&#10;        at java.util.concurrent.locks.LockSupport.park(LockSupport.java:175)&#10;        at java.util.concurrent.locks.AbstractQueuedSynchronizer$ConditionObject.await(AbstractQueuedSynchronizer.java:2039)&#10;        at java.util.concurrent.ArrayBlockingQueue.take(ArrayBlockingQueue.java:403)&#10;        at java.util.concurrent.ThreadPoolExecutor.getTask(ThreadPoolExecutor.java:1074)&#10;        at java.util.concurrent.ThreadPoolExecutor.runWorker(ThreadPoolExecutor.java:1134)&#10;        at java.util.concurrent.ThreadPoolExecutor$Worker.run(ThreadPoolExecutor.java:624)&#10;        at java.lang.Thread.run(Thread.java:748)&#10;&quot;qtp630669831-251-acceptor-0@35c52bbb-ServerConnector@8c12524{HTTP/1.1,[http/1.1]}{0.0.0.0:41435}&quot; daemon prio=3 tid=251 runnable&#10;java.lang.Thread.State: RUNNABLE&#10;        at sun.nio.ch.ServerSocketChannelImpl.accept0(Native Method)&#10;        at sun.nio.ch.ServerSocketChannelImpl.accept(ServerSocketChannelImpl.java:422)&#10;        at sun.nio.ch.ServerSocketChannelImpl.accept(ServerSocketChannelImpl.java:250)&#10;        at org.eclipse.jetty.server.ServerConnector.accept(ServerConnector.java:397)&#10;        at org.eclipse.jetty.server.AbstractConnector$Acceptor.run(AbstractConnector.java:601)&#10;        at org.eclipse.jetty.util.thread.QueuedThreadPool.runJob(QueuedThreadPool.java:671)&#10;        at org.eclipse.jetty.util.thread.QueuedThreadPool$2.run(QueuedThreadPool.java:589)&#10;        at java.lang.Thread.run(Thread.java:748)&#10;&quot;qtp644718663-436&quot; daemon prio=5 tid=436 timed_waiting&#10;java.lang.Thread.State: TIMED_WAITING&#10;        at sun.misc.Unsafe.park(Native Method)&#10;        at java.util.concurrent.locks.LockSupport.parkNanos(LockSupport.java:215)&#10;        at java.util.concurrent.locks.AbstractQueuedSynchronizer$ConditionObject.awaitNanos(AbstractQueuedSynchronizer.java:2078)&#10;        at org.eclipse.jetty.util.BlockingArrayQueue.poll(BlockingArrayQueue.java:392)&#10;        at org.eclipse.jetty.util.thread.QueuedThreadPool.idleJobPoll(QueuedThreadPool.java:563)&#10;        at org.eclipse.jetty.util.thread.QueuedThreadPool.access$800(QueuedThreadPool.java:48)&#10;        at org.eclipse.jetty.util.thread.QueuedThreadPool$2.run(QueuedThreadPool.java:626)&#10;        at java.lang.Thread.run(Thread.java:748)&#10;&quot;pool-173-thread-15&quot;  prio=5 tid=886 in Object.wait()&#10;java.lang.Thread.State: WAITING (on object monitor)&#10;        at sun.misc.Unsafe.park(Native Method)&#10;        at java.util.concurrent.locks.LockSupport.park(LockSupport.java:175)&#10;        at java.util.concurrent.locks.AbstractQueuedSynchronizer$ConditionObject.await(AbstractQueuedSynchronizer.java:2039)&#10;        at java.util.concurrent.ArrayBlockingQueue.take(ArrayBlockingQueue.java:403)&#10;        at java.util.concurrent.ThreadPoolExecutor.getTask(ThreadPoolExecutor.java:1074)&#10;        at java.util.concurrent.ThreadPoolExecutor.runWorker(ThreadPoolExecutor.java:1134)&#10;        at java.util.concurrent.ThreadPoolExecutor$Worker.run(ThreadPoolExecutor.java:624)&#10;        at java.lang.Thread.run(Thread.java:748)&#10;&quot;pool-173-thread-8&quot;  prio=5 tid=879 in Object.wait()&#10;java.lang.Thread.State: WAITING (on object monitor)&#10;        at sun.misc.Unsafe.park(Native Method)&#10;        at java.util.concurrent.locks.LockSupport.park(LockSupport.java:175)&#10;        at java.util.concurrent.locks.AbstractQueuedSynchronizer$ConditionObject.await(AbstractQueuedSynchronizer.java:2039)&#10;        at java.util.concurrent.ArrayBlockingQueue.take(ArrayBlockingQueue.java:403)&#10;        at java.util.concurrent.ThreadPoolExecutor.getTask(ThreadPoolExecutor.java:1074)&#10;        at java.util.concurrent.ThreadPoolExecutor.runWorker(ThreadPoolExecutor.java:1134)&#10;        at java.util.concurrent.ThreadPoolExecutor$Worker.run(ThreadPoolExecutor.java:624)&#10;        at java.lang.Thread.run(Thread.java:748)&#10;&quot;nioEventLoopGroup-20-1&quot;  prio=10 tid=441 runnable&#10;java.lang.Thread.State: RUNNABLE&#10;        at sun.nio.ch.EPollArrayWrapper.epollWait(Native Method)&#10;        at sun.nio.ch.EPollArrayWrapper.poll(EPollArrayWrapper.java:269)&#10;        at sun.nio.ch.EPollSelectorImpl.doSelect(EPollSelectorImpl.java:93)&#10;        at sun.nio.ch.SelectorImpl.lockAndDoSelect(SelectorImpl.java:86)&#10;        at sun.nio.ch.SelectorImpl.select(SelectorImpl.java:97)&#10;        at io.netty.channel.nio.SelectedSelectionKeySetSelector.select(SelectedSelectionKeySetSelector.java:62)&#10;        at io.netty.channel.nio.NioEventLoop.select(NioEventLoop.java:753)&#10;        at io.netty.channel.nio.NioEventLoop.run(NioEventLoop.java:408)&#10;        at io.netty.util.concurrent.SingleThreadEventExecutor$5.run(SingleThreadEventExecutor.java:897)&#10;        at io.netty.util.concurrent.FastThreadLocalRunnable.run(FastThreadLocalRunnable.java:30)&#10;        at java.lang.Thread.run(Thread.java:748)&#10;&quot;IPC Server handler 19 on 33779&quot; daemon prio=5 tid=89 timed_waiting&#10;java.lang.Thread.State: TIMED_WAITING&#10;        at sun.misc.Unsafe.park(Native Method)&#10;        at java.util.concurrent.locks.LockSupport.parkNanos(LockSupport.java:215)&#10;        at java.util.concurrent.locks.AbstractQueuedSynchronizer$ConditionObject.awaitNanos(AbstractQueuedSynchronizer.java:2078)&#10;        at java.util.concurrent.LinkedBlockingQueue.poll(LinkedBlockingQueue.java:467)&#10;        at org.apache.hadoop.ipc.CallQueueManager.take(CallQueueManager.java:288)&#10;        at org.apache.hadoop.ipc.Server$Handler.run(Server.java:2668)&#10;&quot;qtp391333725-371-acceptor-0@3a8004b1-ServerConnector@7871d261{HTTP/1.1,[http/1.1]}{0.0.0.0:40389}&quot; daemon prio=3 tid=371 runnable&#10;java.lang.Thread.State: RUNNABLE&#10;        at sun.nio.ch.ServerSocketChannelImpl.accept0(Native Method)&#10;        at sun.nio.ch.ServerSocketChannelImpl.accept(ServerSocketChannelImpl.java:422)&#10;        at sun.nio.ch.ServerSocketChannelImpl.accept(ServerSocketChannelImpl.java:250)&#10;        at org.eclipse.jetty.server.ServerConnector.accept(ServerConnector.java:397)&#10;        at org.eclipse.jetty.server.AbstractConnector$Acceptor.run(AbstractConnector.java:601)&#10;        at org.eclipse.jetty.util.thread.QueuedThreadPool.runJob(QueuedThreadPool.java:671)&#10;        at org.eclipse.jetty.util.thread.QueuedThreadPool$2.run(QueuedThreadPool.java:589)&#10;        at java.lang.Thread.run(Thread.java:748)&#10;&quot;org.eclipse.jetty.server.session.HashSessionManager@2af46afdTimer&quot; daemon prio=5 tid=170 timed_waiting&#10;java.lang.Thread.State: TIMED_WAITING&#10;        at sun.misc.Unsafe.park(Native Method)&#10;        at java.util.concurrent.locks.LockSupport.parkNanos(LockSupport.java:215)&#10;        at java.util.concurrent.locks.AbstractQueuedSynchronizer$ConditionObject.awaitNanos(AbstractQueuedSynchronizer.java:2078)&#10;        at java.util.concurrent.ScheduledThreadPoolExecutor$DelayedWorkQueue.take(ScheduledThreadPoolExecutor.java:1093)&#10;        at java.util.concurrent.ScheduledThreadPoolExecutor$DelayedWorkQueue.take(ScheduledThreadPoolExecutor.java:809)&#10;        at java.util.concurrent.ThreadPoolExecutor.getTask(ThreadPoolExecutor.java:1074)&#10;        at java.util.concurrent.ThreadPoolExecutor.runWorker(ThreadPoolExecutor.java:1134)&#10;        at java.util.concurrent.ThreadPoolExecutor$Worker.run(ThreadPoolExecutor.java:624)&#10;        at java.lang.Thread.run(Thread.java:748)&#10;&quot;pool-131-thread-53&quot;  prio=5 tid=804 in Object.wait()&#10;java.lang.Thread.State: WAITING (on object monitor)&#10;        at sun.misc.Unsafe.park(Native Method)&#10;        at java.util.concurrent.locks.LockSupport.park(LockSupport.java:175)&#10;        at java.util.concurrent.locks.AbstractQueuedSynchronizer$ConditionObject.await(AbstractQueuedSynchronizer.java:2039)&#10;        at java.util.concurrent.ArrayBlockingQueue.take(ArrayBlockingQueue.java:403)&#10;        at java.util.concurrent.ThreadPoolExecutor.getTask(ThreadPoolExecutor.java:1074)&#10;        at java.util.concurrent.ThreadPoolExecutor.runWorker(ThreadPoolExecutor.java:1134)&#10;        at java.util.concurrent.ThreadPoolExecutor$Worker.run(ThreadPoolExecutor.java:624)&#10;        at java.lang.Thread.run(Thread.java:748)&#10;&quot;Datanode ReportManager Thread - 3&quot; daemon prio=5 tid=178 timed_waiting&#10;java.lang.Thread.State: TIMED_WAITING&#10;        at sun.misc.Unsafe.park(Native Method)&#10;        at java.util.concurrent.locks.LockSupport.parkNanos(LockSupport.java:215)&#10;        at java.util.concurrent.locks.AbstractQueuedSynchronizer$ConditionObject.awaitNanos(AbstractQueuedSynchronizer.java:2078)&#10;        at java.util.concurrent.ScheduledThreadPoolExecutor$DelayedWorkQueue.take(ScheduledThreadPoolExecutor.java:1093)&#10;        at java.util.concurrent.ScheduledThreadPoolExecutor$DelayedWorkQueue.take(ScheduledThreadPoolExecutor.java:809)&#10;        at java.util.concurrent.ThreadPoolExecutor.getTask(ThreadPoolExecutor.java:1074)&#10;        at java.util.concurrent.ThreadPoolExecutor.runWorker(ThreadPoolExecutor.java:1134)&#10;        at java.util.concurrent.ThreadPoolExecutor$Worker.run(ThreadPoolExecutor.java:624)&#10;        at java.lang.Thread.run(Thread.java:748)&#10;&quot;pool-26-thread-13&quot;  prio=5 tid=463 in Object.wait()&#10;java.lang.Thread.State: WAITING (on object monitor)&#10;        at sun.misc.Unsafe.park(Native Method)&#10;        at java.util.concurrent.locks.LockSupport.park(LockSupport.java:175)&#10;        at java.util.concurrent.locks.AbstractQueuedSynchronizer$ConditionObject.await(AbstractQueuedSynchronizer.java:2039)&#10;        at java.util.concurrent.ArrayBlockingQueue.take(ArrayBlockingQueue.java:403)&#10;        at java.util.concurrent.ThreadPoolExecutor.getTask(ThreadPoolExecutor.java:1074)&#10;        at java.util.concurrent.ThreadPoolExecutor.runWorker(ThreadPoolExecutor.java:1134)&#10;        at java.util.concurrent.ThreadPoolExecutor$Worker.run(ThreadPoolExecutor.java:624)&#10;        at java.lang.Thread.run(Thread.java:748)&#10;&quot;pool-68-thread-47&quot;  prio=5 tid=618 in Object.wait()&#10;java.lang.Thread.State: WAITING (on object monitor)&#10;        at sun.misc.Unsafe.park(Native Method)&#10;        at java.util.concurrent.locks.LockSupport.park(LockSupport.java:175)&#10;        at java.util.concurrent.locks.AbstractQueuedSynchronizer$ConditionObject.await(AbstractQueuedSynchronizer.java:2039)&#10;        at java.util.concurrent.ArrayBlockingQueue.take(ArrayBlockingQueue.java:403)&#10;        at java.util.concurrent.ThreadPoolExecutor.getTask(ThreadPoolExecutor.java:1074)&#10;        at java.util.concurrent.ThreadPoolExecutor.runWorker(ThreadPoolExecutor.java:1134)&#10;        at java.util.concurrent.ThreadPoolExecutor$Worker.run(ThreadPoolExecutor.java:624)&#10;        at java.lang.Thread.run(Thread.java:748)&#10;&quot;IPC Server handler 10 on 38877&quot; daemon prio=5 tid=124 timed_waiting&#10;java.lang.Thread.State: TIMED_WAITING&#10;        at sun.misc.Unsafe.park(Native Method)&#10;        at java.util.concurrent.locks.LockSupport.parkNanos(LockSupport.java:215)&#10;        at java.util.concurrent.locks.AbstractQueuedSynchronizer$ConditionObject.awaitNanos(AbstractQueuedSynchronizer.java:2078)&#10;        at java.util.concurrent.LinkedBlockingQueue.poll(LinkedBlockingQueue.java:467)&#10;        at org.apache.hadoop.ipc.CallQueueManager.take(CallQueueManager.java:288)&#10;        at org.apache.hadoop.ipc.Server$Handler.run(Server.java:2668)&#10;&quot;Command processor thread&quot; daemon prio=5 tid=447 timed_waiting&#10;java.lang.Thread.State: TIMED_WAITING&#10;        at java.lang.Thread.sleep(Native Method)&#10;        at org.apache.hadoop.ozone.container.common.statemachine.DatanodeStateMachine.lambda$initCommandHandlerThread$1(DatanodeStateMachine.java:439)&#10;        at org.apache.hadoop.ozone.container.common.statemachine.DatanodeStateMachine$$Lambda$140/804134309.run(Unknown Source)&#10;        at java.lang.Thread.run(Thread.java:748)&#10;&quot;StateMachineUpdater-bcfd8b62-ac69-42ca-b586-3bf2b9944505-group-59BB633C69A2&quot; daemon prio=5 tid=1077 in Object.wait()&#10;java.lang.Thread.State: WAITING (on object monitor)&#10;        at java.lang.Object.wait(Native Method)&#10;        at java.lang.Object.wait(Object.java:502)&#10;        at org.apache.ratis.server.impl.StateMachineUpdater.run(StateMachineUpdater.java:138)&#10;        at java.lang.Thread.run(Thread.java:748)&#10;&quot;pool-194-thread-46&quot;  prio=5 tid=977 in Object.wait()&#10;java.lang.Thread.State: WAITING (on object monitor)&#10;        at sun.misc.Unsafe.park(Native Method)&#10;        at java.util.concurrent.locks.LockSupport.park(LockSupport.java:175)&#10;        at java.util.concurrent.locks.AbstractQueuedSynchronizer$ConditionObject.await(AbstractQueuedSynchronizer.java:2039)&#10;        at java.util.concurrent.ArrayBlockingQueue.take(ArrayBlockingQueue.java:403)&#10;        at java.util.concurrent.ThreadPoolExecutor.getTask(ThreadPoolExecutor.java:1074)&#10;        at java.util.concurrent.ThreadPoolExecutor.runWorker(ThreadPoolExecutor.java:1134)&#10;        at java.util.concurrent.ThreadPoolExecutor$Worker.run(ThreadPoolExecutor.java:624)&#10;        at java.lang.Thread.run(Thread.java:748)&#10;&quot;Periodic HDDS volume checker&quot;  prio=5 tid=271 timed_waiting&#10;java.lang.Thread.State: TIMED_WAITING&#10;        at sun.misc.Unsafe.park(Native Method)&#10;        at java.util.concurrent.locks.LockSupport.parkNanos(LockSupport.java:215)&#10;        at java.util.concurrent.locks.AbstractQueuedSynchronizer$ConditionObject.awaitNanos(AbstractQueuedSynchronizer.java:2078)&#10;        at java.util.concurrent.ScheduledThreadPoolExecutor$DelayedWorkQueue.take(ScheduledThreadPoolExecutor.java:1093)&#10;        at java.util.concurrent.ScheduledThreadPoolExecutor$DelayedWorkQueue.take(ScheduledThreadPoolExecutor.java:809)&#10;        at java.util.concurrent.ThreadPoolExecutor.getTask(ThreadPoolExecutor.java:1074)&#10;        at java.util.concurrent.ThreadPoolExecutor.runWorker(ThreadPoolExecutor.java:1134)&#10;        at java.util.concurrent.ThreadPoolExecutor$Worker.run(ThreadPoolExecutor.java:624)&#10;        at java.lang.Thread.run(Thread.java:748)&#10;&quot;nioEventLoopGroup-4-1&quot;  prio=10 tid=201 runnable&#10;java.lang.Thread.State: RUNNABLE&#10;        at sun.nio.ch.EPollArrayWrapper.epollWait(Native Method)&#10;        at sun.nio.ch.EPollArrayWrapper.poll(EPollArrayWrapper.java:269)&#10;        at sun.nio.ch.EPollSelectorImpl.doSelect(EPollSelectorImpl.java:93)&#10;        at sun.nio.ch.SelectorImpl.lockAndDoSelect(SelectorImpl.java:86)&#10;        at sun.nio.ch.SelectorImpl.select(SelectorImpl.java:97)&#10;        at io.netty.channel.nio.SelectedSelectionKeySetSelector.select(SelectedSelectionKeySetSelector.java:62)&#10;        at io.netty.channel.nio.NioEventLoop.select(NioEventLoop.java:753)&#10;        at io.netty.channel.nio.NioEventLoop.run(NioEventLoop.java:408)&#10;        at io.netty.util.concurrent.SingleThreadEventExecutor$5.run(SingleThreadEventExecutor.java:897)&#10;        at io.netty.util.concurrent.FastThreadLocalRunnable.run(FastThreadLocalRunnable.java:30)&#10;        at java.lang.Thread.run(Thread.java:748)&#10;&quot;pool-194-thread-11&quot;  prio=5 tid=942 in Object.wait()&#10;java.lang.Thread.State: WAITING (on object monitor)&#10;        at sun.misc.Unsafe.park(Native Method)&#10;        at java.util.concurrent.locks.LockSupport.park(LockSupport.java:175)&#10;        at java.util.concurrent.locks.AbstractQueuedSynchronizer$ConditionObject.await(AbstractQueuedSynchronizer.java:2039)&#10;        at java.util.concurrent.ArrayBlockingQueue.take(ArrayBlockingQueue.java:403)&#10;        at java.util.concurrent.ThreadPoolExecutor.getTask(ThreadPoolExecutor.java:1074)&#10;        at java.util.concurrent.ThreadPoolExecutor.runWorker(ThreadPoolExecutor.java:1134)&#10;        at java.util.concurrent.ThreadPoolExecutor$Worker.run(ThreadPoolExecutor.java:624)&#10;        at java.lang.Thread.run(Thread.java:748)&#10;&quot;pool-47-thread-12&quot;  prio=5 tid=523 in Object.wait()&#10;java.lang.Thread.State: WAITING (on object monitor)&#10;        at sun.misc.Unsafe.park(Native Method)&#10;        at java.util.concurrent.locks.LockSupport.park(LockSupport.java:175)&#10;        at java.util.concurrent.locks.AbstractQueuedSynchronizer$ConditionObject.await(AbstractQueuedSynchronizer.java:2039)&#10;        at java.util.concurrent.ArrayBlockingQueue.take(ArrayBlockingQueue.java:403)&#10;        at java.util.concurrent.ThreadPoolExecutor.getTask(ThreadPoolExecutor.java:1074)&#10;        at java.util.concurrent.ThreadPoolExecutor.runWorker(ThreadPoolExecutor.java:1134)&#10;        at java.util.concurrent.ThreadPoolExecutor$Worker.run(ThreadPoolExecutor.java:624)&#10;        at java.lang.Thread.run(Thread.java:748)&#10;&quot;5ff02751-d237-480c-b1e9-4266071b5fb0-RaftLogWorker&quot;  prio=5 tid=1149 timed_waiting&#10;java.lang.Thread.State: TIMED_WAITING&#10;        at sun.misc.Unsafe.park(Native Method)&#10;        at java.util.concurrent.locks.LockSupport.parkNanos(LockSupport.java:215)&#10;        at java.util.concurrent.locks.AbstractQueuedSynchronizer$ConditionObject.awaitNanos(AbstractQueuedSynchronizer.java:2078)&#10;        at org.apache.ratis.util.DataBlockingQueue.poll(DataBlockingQueue.java:137)&#10;        at org.apache.ratis.server.storage.RaftLogWorker.run(RaftLogWorker.java:216)&#10;        at java.lang.Thread.run(Thread.java:748)&#10;&quot;pool-173-thread-20&quot;  prio=5 tid=891 in Object.wait()&#10;java.lang.Thread.State: WAITING (on object monitor)&#10;        at sun.misc.Unsafe.park(Native Method)&#10;        at java.util.concurrent.locks.LockSupport.park(LockSupport.java:175)&#10;        at java.util.concurrent.locks.AbstractQueuedSynchronizer$ConditionObject.await(AbstractQueuedSynchronizer.java:2039)&#10;        at java.util.concurrent.ArrayBlockingQueue.take(ArrayBlockingQueue.java:403)&#10;        at java.util.concurrent.ThreadPoolExecutor.getTask(ThreadPoolExecutor.java:1074)&#10;        at java.util.concurrent.ThreadPoolExecutor.runWorker(ThreadPoolExecutor.java:1134)&#10;        at java.util.concurrent.ThreadPoolExecutor$Worker.run(ThreadPoolExecutor.java:624)&#10;        at java.lang.Thread.run(Thread.java:748)&#10;&quot;pool-89-thread-51&quot;  prio=5 tid=682 in Object.wait()&#10;java.lang.Thread.State: WAITING (on object monitor)&#10;        at sun.misc.Unsafe.park(Native Method)&#10;        at java.util.concurrent.locks.LockSupport.park(LockSupport.java:175)&#10;        at java.util.concurrent.locks.AbstractQueuedSynchronizer$ConditionObject.await(AbstractQueuedSynchronizer.java:2039)&#10;        at java.util.concurrent.ArrayBlockingQueue.take(ArrayBlockingQueue.java:403)&#10;        at java.util.concurrent.ThreadPoolExecutor.getTask(ThreadPoolExecutor.java:1074)&#10;        at java.util.concurrent.ThreadPoolExecutor.runWorker(ThreadPoolExecutor.java:1134)&#10;        at java.util.concurrent.ThreadPoolExecutor$Worker.run(ThreadPoolExecutor.java:624)&#10;        at java.lang.Thread.run(Thread.java:748)&#10;&quot;pool-131-thread-28&quot;  prio=5 tid=779 in Object.wait()&#10;java.lang.Thread.State: WAITING (on object monitor)&#10;        at sun.misc.Unsafe.park(Native Method)&#10;        at java.util.concurrent.locks.LockSupport.park(LockSupport.java:175)&#10;        at java.util.concurrent.locks.AbstractQueuedSynchronizer$ConditionObject.await(AbstractQueuedSynchronizer.java:2039)&#10;        at java.util.concurrent.ArrayBlockingQueue.take(ArrayBlockingQueue.java:403)&#10;        at java.util.concurrent.ThreadPoolExecutor.getTask(ThreadPoolExecutor.java:1074)&#10;        at java.util.concurrent.ThreadPoolExecutor.runWorker(ThreadPoolExecutor.java:1134)&#10;        at java.util.concurrent.ThreadPoolExecutor$Worker.run(ThreadPoolExecutor.java:624)&#10;        at java.lang.Thread.run(Thread.java:748)&#10;&quot;pool-110-thread-45&quot;  prio=5 tid=736 in Object.wait()&#10;java.lang.Thread.State: WAITING (on object monitor)&#10;        at sun.misc.Unsafe.park(Native Method)&#10;        at java.util.concurrent.locks.LockSupport.park(LockSupport.java:175)&#10;        at java.util.concurrent.locks.AbstractQueuedSynchronizer$ConditionObject.await(AbstractQueuedSynchronizer.java:2039)&#10;        at java.util.concurrent.ArrayBlockingQueue.take(ArrayBlockingQueue.java:403)&#10;        at java.util.concurrent.ThreadPoolExecutor.getTask(ThreadPoolExecutor.java:1074)&#10;        at java.util.concurrent.ThreadPoolExecutor.runWorker(ThreadPoolExecutor.java:1134)&#10;        at java.util.concurrent.ThreadPoolExecutor$Worker.run(ThreadPoolExecutor.java:624)&#10;        at java.lang.Thread.run(Thread.java:748)&#10;&quot;org.eclipse.jetty.server.session.HashSessionManager@7ab33ca8Timer&quot; daemon prio=5 tid=440 timed_waiting&#10;java.lang.Thread.State: TIMED_WAITING&#10;        at sun.misc.Unsafe.park(Native Method)&#10;        at java.util.concurrent.locks.LockSupport.parkNanos(LockSupport.java:215)&#10;        at java.util.concurrent.locks.AbstractQueuedSynchronizer$ConditionObject.awaitNanos(AbstractQueuedSynchronizer.java:2078)&#10;        at java.util.concurrent.ScheduledThreadPoolExecutor$DelayedWorkQueue.take(ScheduledThreadPoolExecutor.java:1093)&#10;        at java.util.concurrent.ScheduledThreadPoolExecutor$DelayedWorkQueue.take(ScheduledThreadPoolExecutor.java:809)&#10;        at java.util.concurrent.ThreadPoolExecutor.getTask(ThreadPoolExecutor.java:1074)&#10;        at java.util.concurrent.ThreadPoolExecutor.runWorker(ThreadPoolExecutor.java:1134)&#10;        at java.util.concurrent.ThreadPoolExecutor$Worker.run(ThreadPoolExecutor.java:624)&#10;        at java.lang.Thread.run(Thread.java:748)&#10;&quot;org.apache.hadoop.util.JvmPauseMonitor$Monitor@7f1cc84&quot; daemon prio=5 tid=390 timed_waiting&#10;java.lang.Thread.State: TIMED_WAITING&#10;        at java.lang.Thread.sleep(Native Method)&#10;        at org.apache.hadoop.util.JvmPauseMonitor$Monitor.run(JvmPauseMonitor.java:192)&#10;        at java.lang.Thread.run(Thread.java:748)&#10;&quot;grpc-default-executor-1&quot; daemon prio=5 tid=1087 timed_waiting&#10;java.lang.Thread.State: TIMED_WAITING&#10;        at sun.misc.Unsafe.park(Native Method)&#10;        at java.util.concurrent.locks.LockSupport.parkNanos(LockSupport.java:215)&#10;        at java.util.concurrent.SynchronousQueue$TransferStack.awaitFulfill(SynchronousQueue.java:460)&#10;        at java.util.concurrent.SynchronousQueue$TransferStack.transfer(SynchronousQueue.java:362)&#10;        at java.util.concurrent.SynchronousQueue.poll(SynchronousQueue.java:941)&#10;        at java.util.concurrent.ThreadPoolExecutor.getTask(ThreadPoolExecutor.java:1073)&#10;        at java.util.concurrent.ThreadPoolExecutor.runWorker(ThreadPoolExecutor.java:1134)&#10;        at java.util.concurrent.ThreadPoolExecutor$Worker.run(ThreadPoolExecutor.java:624)&#10;        at java.lang.Thread.run(Thread.java:748)&#10;&quot;pool-131-thread-24&quot;  prio=5 tid=775 in Object.wait()&#10;java.lang.Thread.State: WAITING (on object monitor)&#10;        at sun.misc.Unsafe.park(Native Method)&#10;        at java.util.concurrent.locks.LockSupport.park(LockSupport.java:175)&#10;        at java.util.concurrent.locks.AbstractQueuedSynchronizer$ConditionObject.await(AbstractQueuedSynchronizer.java:2039)&#10;        at java.util.concurrent.ArrayBlockingQueue.take(ArrayBlockingQueue.java:403)&#10;        at java.util.concurrent.ThreadPoolExecutor.getTask(ThreadPoolExecutor.java:1074)&#10;        at java.util.concurrent.ThreadPoolExecutor.runWorker(ThreadPoolExecutor.java:1134)&#10;        at java.util.concurrent.ThreadPoolExecutor$Worker.run(ThreadPoolExecutor.java:624)&#10;        at java.lang.Thread.run(Thread.java:748)&#10;&quot;qtp1866002564-283&quot; daemon prio=5 tid=283 timed_waiting&#10;java.lang.Thread.State: TIMED_WAITING&#10;        at sun.misc.Unsafe.park(Native Method)&#10;        at java.util.concurrent.locks.LockSupport.parkNanos(LockSupport.java:215)&#10;        at java.util.concurrent.locks.AbstractQueuedSynchronizer$ConditionObject.awaitNanos(AbstractQueuedSynchronizer.java:2078)&#10;        at org.eclipse.jetty.util.BlockingArrayQueue.poll(BlockingArrayQueue.java:392)&#10;        at org.eclipse.jetty.util.thread.QueuedThreadPool.idleJobPoll(QueuedThreadPool.java:563)&#10;        at org.eclipse.jetty.util.thread.QueuedThreadPool.access$800(QueuedThreadPool.java:48)&#10;        at org.eclipse.jetty.util.thread.QueuedThreadPool$2.run(QueuedThreadPool.java:626)&#10;        at java.lang.Thread.run(Thread.java:748)&#10;&quot;pool-89-thread-14&quot;  prio=5 tid=645 in Object.wait()&#10;java.lang.Thread.State: WAITING (on object monitor)&#10;        at sun.misc.Unsafe.park(Native Method)&#10;        at java.util.concurrent.locks.LockSupport.park(LockSupport.java:175)&#10;        at java.util.concurrent.locks.AbstractQueuedSynchronizer$ConditionObject.await(AbstractQueuedSynchronizer.java:2039)&#10;        at java.util.concurrent.ArrayBlockingQueue.take(ArrayBlockingQueue.java:403)&#10;        at java.util.concurrent.ThreadPoolExecutor.getTask(ThreadPoolExecutor.java:1074)&#10;        at java.util.concurrent.ThreadPoolExecutor.runWorker(ThreadPoolExecutor.java:1134)&#10;        at java.util.concurrent.ThreadPoolExecutor$Worker.run(ThreadPoolExecutor.java:624)&#10;        at java.lang.Thread.run(Thread.java:748)&#10;&quot;Datanode ReportManager Thread - 3&quot; daemon prio=5 tid=298 in Object.wait()&#10;java.lang.Thread.State: WAITING (on object monitor)&#10;        at sun.misc.Unsafe.park(Native Method)&#10;        at java.util.concurrent.locks.LockSupport.park(LockSupport.java:175)&#10;        at java.util.concurrent.locks.AbstractQueuedSynchronizer$ConditionObject.await(AbstractQueuedSynchronizer.java:2039)&#10;        at java.util.concurrent.ScheduledThreadPoolExecutor$DelayedWorkQueue.take(ScheduledThreadPoolExecutor.java:1088)&#10;        at java.util.concurrent.ScheduledThreadPoolExecutor$DelayedWorkQueue.take(ScheduledThreadPoolExecutor.java:809)&#10;        at java.util.concurrent.ThreadPoolExecutor.getTask(ThreadPoolExecutor.java:1074)&#10;        at java.util.concurrent.ThreadPoolExecutor.runWorker(ThreadPoolExecutor.java:1134)&#10;        at java.util.concurrent.ThreadPoolExecutor$Worker.run(ThreadPoolExecutor.java:624)&#10;        at java.lang.Thread.run(Thread.java:748)&#10;&quot;pool-173-thread-10&quot;  prio=5 tid=881 in Object.wait()&#10;java.lang.Thread.State: WAITING (on object monitor)&#10;        at sun.misc.Unsafe.park(Native Method)&#10;        at java.util.concurrent.locks.LockSupport.park(LockSupport.java:175)&#10;        at java.util.concurrent.locks.AbstractQueuedSynchronizer$ConditionObject.await(AbstractQueuedSynchronizer.java:2039)&#10;        at java.util.concurrent.ArrayBlockingQueue.take(ArrayBlockingQueue.java:403)&#10;        at java.util.concurrent.ThreadPoolExecutor.getTask(ThreadPoolExecutor.java:1074)&#10;        at java.util.concurrent.ThreadPoolExecutor.runWorker(ThreadPoolExecutor.java:1134)&#10;        at java.util.concurrent.ThreadPoolExecutor$Worker.run(ThreadPoolExecutor.java:624)&#10;        at java.lang.Thread.run(Thread.java:748)&#10;&quot;IPC Server Responder&quot; daemon prio=5 tid=22 runnable&#10;java.lang.Thread.State: RUNNABLE&#10;        at sun.nio.ch.EPollArrayWrapper.epollWait(Native Method)&#10;        at sun.nio.ch.EPollArrayWrapper.poll(EPollArrayWrapper.java:269)&#10;        at sun.nio.ch.EPollSelectorImpl.doSelect(EPollSelectorImpl.java:93)&#10;        at sun.nio.ch.SelectorImpl.lockAndDoSelect(SelectorImpl.java:86)&#10;        at sun.nio.ch.SelectorImpl.select(SelectorImpl.java:97)&#10;        at org.apache.hadoop.ipc.Server$Responder.doRunLoop(Server.java:1334)&#10;        at org.apache.hadoop.ipc.Server$Responder.run(Server.java:1317)&#10;&quot;IPC Server handler 7 on 33423&quot; daemon prio=5 tid=37 timed_waiting&#10;java.lang.Thread.State: TIMED_WAITING&#10;        at sun.misc.Unsafe.park(Native Method)&#10;        at java.util.concurrent.locks.LockSupport.parkNanos(LockSupport.java:215)&#10;        at java.util.concurrent.locks.AbstractQueuedSynchronizer$ConditionObject.awaitNanos(AbstractQueuedSynchronizer.java:2078)&#10;        at java.util.concurrent.LinkedBlockingQueue.poll(LinkedBlockingQueue.java:467)&#10;        at org.apache.hadoop.ipc.CallQueueManager.take(CallQueueManager.java:288)&#10;        at org.apache.hadoop.ipc.Server$Handler.run(Server.java:2668)&#10;&quot;pool-110-thread-55&quot;  prio=5 tid=746 in Object.wait()&#10;java.lang.Thread.State: WAITING (on object monitor)&#10;        at sun.misc.Unsafe.park(Native Method)&#10;        at java.util.concurrent.locks.LockSupport.park(LockSupport.java:175)&#10;        at java.util.concurrent.locks.AbstractQueuedSynchronizer$ConditionObject.await(AbstractQueuedSynchronizer.java:2039)&#10;        at java.util.concurrent.ArrayBlockingQueue.take(ArrayBlockingQueue.java:403)&#10;        at java.util.concurrent.ThreadPoolExecutor.getTask(ThreadPoolExecutor.java:1074)&#10;        at java.util.concurrent.ThreadPoolExecutor.runWorker(ThreadPoolExecutor.java:1134)&#10;        at java.util.concurrent.ThreadPoolExecutor$Worker.run(ThreadPoolExecutor.java:624)&#10;        at java.lang.Thread.run(Thread.java:748)&#10;&quot;pool-173-thread-9&quot;  prio=5 tid=880 in Object.wait()&#10;java.lang.Thread.State: WAITING (on object monitor)&#10;        at sun.misc.Unsafe.park(Native Method)&#10;        at java.util.concurrent.locks.LockSupport.park(LockSupport.java:175)&#10;        at java.util.concurrent.locks.AbstractQueuedSynchronizer$ConditionObject.await(AbstractQueuedSynchronizer.java:2039)&#10;        at java.util.concurrent.ArrayBlockingQueue.take(ArrayBlockingQueue.java:403)&#10;        at java.util.concurrent.ThreadPoolExecutor.getTask(ThreadPoolExecutor.java:1074)&#10;        at java.util.concurrent.ThreadPoolExecutor.runWorker(ThreadPoolExecutor.java:1134)&#10;        at java.util.concurrent.ThreadPoolExecutor$Worker.run(ThreadPoolExecutor.java:624)&#10;        at java.lang.Thread.run(Thread.java:748)&#10;&quot;BlockDeletingService#0&quot; daemon prio=5 tid=217 in Object.wait()&#10;java.lang.Thread.State: WAITING (on object monitor)&#10;        at sun.misc.Unsafe.park(Native Method)&#10;        at java.util.concurrent.locks.LockSupport.park(LockSupport.java:175)&#10;        at java.util.concurrent.locks.AbstractQueuedSynchronizer$ConditionObject.await(AbstractQueuedSynchronizer.java:2039)&#10;        at java.util.concurrent.ScheduledThreadPoolExecutor$DelayedWorkQueue.take(ScheduledThreadPoolExecutor.java:1088)&#10;        at java.util.concurrent.ScheduledThreadPoolExecutor$DelayedWorkQueue.take(ScheduledThreadPoolExecutor.java:809)&#10;        at java.util.concurrent.ThreadPoolExecutor.getTask(ThreadPoolExecutor.java:1074)&#10;        at java.util.concurrent.ThreadPoolExecutor.runWorker(ThreadPoolExecutor.java:1134)&#10;        at java.util.concurrent.ThreadPoolExecutor$Worker.run(ThreadPoolExecutor.java:624)&#10;        at java.lang.Thread.run(Thread.java:748)&#10;&quot;IPC Server handler 8 on 33779&quot; daemon prio=5 tid=78 timed_waiting&#10;java.lang.Thread.State: TIMED_WAITING&#10;        at sun.misc.Unsafe.park(Native Method)&#10;        at java.util.concurrent.locks.LockSupport.parkNanos(LockSupport.java:215)&#10;        at java.util.concurrent.locks.AbstractQueuedSynchronizer$ConditionObject.awaitNanos(AbstractQueuedSynchronizer.java:2078)&#10;        at java.util.concurrent.LinkedBlockingQueue.poll(LinkedBlockingQueue.java:467)&#10;        at org.apache.hadoop.ipc.CallQueueManager.take(CallQueueManager.java:288)&#10;        at org.apache.hadoop.ipc.Server$Handler.run(Server.java:2668)&#10;&quot;IPC Server handler 14 on 38877&quot; daemon prio=5 tid=128 timed_waiting&#10;java.lang.Thread.State: TIMED_WAITING&#10;        at sun.misc.Unsafe.park(Native Method)&#10;        at java.util.concurrent.locks.LockSupport.parkNanos(LockSupport.java:215)&#10;        at java.util.concurrent.locks.AbstractQueuedSynchronizer$ConditionObject.awaitNanos(AbstractQueuedSynchronizer.java:2078)&#10;        at java.util.concurrent.LinkedBlockingQueue.poll(LinkedBlockingQueue.java:467)&#10;        at org.apache.hadoop.ipc.CallQueueManager.take(CallQueueManager.java:288)&#10;        at org.apache.hadoop.ipc.Server$Handler.run(Server.java:2668)&#10;&quot;pool-110-thread-59&quot;  prio=5 tid=750 in Object.wait()&#10;java.lang.Thread.State: WAITING (on object monitor)&#10;        at sun.misc.Unsafe.park(Native Method)&#10;        at java.util.concurrent.locks.LockSupport.park(LockSupport.java:175)&#10;        at java.util.concurrent.locks.AbstractQueuedSynchronizer$ConditionObject.await(AbstractQueuedSynchronizer.java:2039)&#10;        at java.util.concurrent.ArrayBlockingQueue.take(ArrayBlockingQueue.java:403)&#10;        at java.util.concurrent.ThreadPoolExecutor.getTask(ThreadPoolExecutor.java:1074)&#10;        at java.util.concurrent.ThreadPoolExecutor.runWorker(ThreadPoolExecutor.java:1134)&#10;        at java.util.concurrent.ThreadPoolExecutor$Worker.run(ThreadPoolExecutor.java:624)&#10;        at java.lang.Thread.run(Thread.java:748)&#10;&quot;Datanode ReportManager Thread - 1&quot; daemon prio=5 tid=294 in Object.wait()&#10;java.lang.Thread.State: WAITING (on object monitor)&#10;        at sun.misc.Unsafe.park(Native Method)&#10;        at java.util.concurrent.locks.LockSupport.park(LockSupport.java:175)&#10;        at java.util.concurrent.locks.AbstractQueuedSynchronizer$ConditionObject.await(AbstractQueuedSynchronizer.java:2039)&#10;        at java.util.concurrent.ScheduledThreadPoolExecutor$DelayedWorkQueue.take(ScheduledThreadPoolExecutor.java:1088)&#10;        at java.util.concurrent.ScheduledThreadPoolExecutor$DelayedWorkQueue.take(ScheduledThreadPoolExecutor.java:809)&#10;        at java.util.concurrent.ThreadPoolExecutor.getTask(ThreadPoolExecutor.java:1074)&#10;        at java.util.concurrent.ThreadPoolExecutor.runWorker(ThreadPoolExecutor.java:1134)&#10;        at java.util.concurrent.ThreadPoolExecutor$Worker.run(ThreadPoolExecutor.java:624)&#10;        at java.lang.Thread.run(Thread.java:748)&#10;&quot;pool-110-thread-60&quot;  prio=5 tid=751 in Object.wait()&#10;java.lang.Thread.State: WAITING (on object monitor)&#10;        at sun.misc.Unsafe.park(Native Method)&#10;        at java.util.concurrent.locks.LockSupport.park(LockSupport.java:175)&#10;        at java.util.concurrent.locks.AbstractQueuedSynchronizer$ConditionObject.await(AbstractQueuedSynchronizer.java:2039)&#10;        at java.util.concurrent.ArrayBlockingQueue.take(ArrayBlockingQueue.java:403)&#10;        at java.util.concurrent.ThreadPoolExecutor.getTask(ThreadPoolExecutor.java:1074)&#10;        at java.util.concurrent.ThreadPoolExecutor.runWorker(ThreadPoolExecutor.java:1134)&#10;        at java.util.concurrent.ThreadPoolExecutor$Worker.run(ThreadPoolExecutor.java:624)&#10;        at java.lang.Thread.run(Thread.java:748)&#10;&quot;pool-47-thread-54&quot;  prio=5 tid=565 in Object.wait()&#10;java.lang.Thread.State: WAITING (on object monitor)&#10;        at sun.misc.Unsafe.park(Native Method)&#10;        at java.util.concurrent.locks.LockSupport.park(LockSupport.java:175)&#10;        at java.util.concurrent.locks.AbstractQueuedSynchronizer$ConditionObject.await(AbstractQueuedSynchronizer.java:2039)&#10;        at java.util.concurrent.ArrayBlockingQueue.take(ArrayBlockingQueue.java:403)&#10;        at java.util.concurrent.ThreadPoolExecutor.getTask(ThreadPoolExecutor.java:1074)&#10;        at java.util.concurrent.ThreadPoolExecutor.runWorker(ThreadPoolExecutor.java:1134)&#10;        at java.util.concurrent.ThreadPoolExecutor$Worker.run(ThreadPoolExecutor.java:624)&#10;        at java.lang.Thread.run(Thread.java:748)&#10;&quot;IPC Server handler 4 on 33779&quot; daemon prio=5 tid=74 timed_waiting&#10;java.lang.Thread.State: TIMED_WAITING&#10;        at sun.misc.Unsafe.park(Native Method)&#10;        at java.util.concurrent.locks.LockSupport.parkNanos(LockSupport.java:215)&#10;        at java.util.concurrent.locks.AbstractQueuedSynchronizer$ConditionObject.awaitNanos(AbstractQueuedSynchronizer.java:2078)&#10;        at java.util.concurrent.LinkedBlockingQueue.poll(LinkedBlockingQueue.java:467)&#10;        at org.apache.hadoop.ipc.CallQueueManager.take(CallQueueManager.java:288)&#10;        at org.apache.hadoop.ipc.Server$Handler.run(Server.java:2668)&#10;&quot;pool-47-thread-28&quot;  prio=5 tid=539 in Object.wait()&#10;java.lang.Thread.State: WAITING (on object monitor)&#10;        at sun.misc.Unsafe.park(Native Method)&#10;        at java.util.concurrent.locks.LockSupport.park(LockSupport.java:175)&#10;        at java.util.concurrent.locks.AbstractQueuedSynchronizer$ConditionObject.await(AbstractQueuedSynchronizer.java:2039)&#10;        at java.util.concurrent.ArrayBlockingQueue.take(ArrayBlockingQueue.java:403)&#10;        at java.util.concurrent.ThreadPoolExecutor.getTask(ThreadPoolExecutor.java:1074)&#10;        at java.util.concurrent.ThreadPoolExecutor.runWorker(ThreadPoolExecutor.java:1134)&#10;        at java.util.concurrent.ThreadPoolExecutor$Worker.run(ThreadPoolExecutor.java:624)&#10;        at java.lang.Thread.run(Thread.java:748)&#10;&quot;pool-152-thread-27&quot;  prio=5 tid=838 in Object.wait()&#10;java.lang.Thread.State: WAITING (on object monitor)&#10;        at sun.misc.Unsafe.park(Native Method)&#10;        at java.util.concurrent.locks.LockSupport.park(LockSupport.java:175)&#10;        at java.util.concurrent.locks.AbstractQueuedSynchronizer$ConditionObject.await(AbstractQueuedSynchronizer.java:2039)&#10;        at java.util.concurrent.ArrayBlockingQueue.take(ArrayBlockingQueue.java:403)&#10;        at java.util.concurrent.ThreadPoolExecutor.getTask(ThreadPoolExecutor.java:1074)&#10;        at java.util.concurrent.ThreadPoolExecutor.runWorker(ThreadPoolExecutor.java:1134)&#10;        at java.util.concurrent.ThreadPoolExecutor$Worker.run(ThreadPoolExecutor.java:624)&#10;        at java.lang.Thread.run(Thread.java:748)&#10;&quot;pool-152-thread-39&quot;  prio=5 tid=850 in Object.wait()&#10;java.lang.Thread.State: WAITING (on object monitor)&#10;        at sun.misc.Unsafe.park(Native Method)&#10;        at java.util.concurrent.locks.LockSupport.park(LockSupport.java:175)&#10;        at java.util.concurrent.locks.AbstractQueuedSynchronizer$ConditionObject.await(AbstractQueuedSynchronizer.java:2039)&#10;        at java.util.concurrent.ArrayBlockingQueue.take(ArrayBlockingQueue.java:403)&#10;        at java.util.concurrent.ThreadPoolExecutor.getTask(ThreadPoolExecutor.java:1074)&#10;        at java.util.concurrent.ThreadPoolExecutor.runWorker(ThreadPoolExecutor.java:1134)&#10;        at java.util.concurrent.ThreadPoolExecutor$Worker.run(ThreadPoolExecutor.java:624)&#10;        at java.lang.Thread.run(Thread.java:748)&#10;&quot;BlockDeletingService#1&quot; daemon prio=5 tid=188 timed_waiting&#10;java.lang.Thread.State: TIMED_WAITING&#10;        at sun.misc.Unsafe.park(Native Method)&#10;        at java.util.concurrent.locks.LockSupport.parkNanos(LockSupport.java:215)&#10;        at java.util.concurrent.locks.AbstractQueuedSynchronizer$ConditionObject.awaitNanos(AbstractQueuedSynchronizer.java:2078)&#10;        at java.util.concurrent.ScheduledThreadPoolExecutor$DelayedWorkQueue.take(ScheduledThreadPoolExecutor.java:1093)&#10;        at java.util.concurrent.ScheduledThreadPoolExecutor$DelayedWorkQueue.take(ScheduledThreadPoolExecutor.java:809)&#10;        at java.util.concurrent.ThreadPoolExecutor.getTask(ThreadPoolExecutor.java:1074)&#10;        at java.util.concurrent.ThreadPoolExecutor.runWorker(ThreadPoolExecutor.java:1134)&#10;        at java.util.concurrent.ThreadPoolExecutor$Worker.run(ThreadPoolExecutor.java:624)&#10;        at java.lang.Thread.run(Thread.java:748)&#10;&quot;pool-215-thread-21&quot;  prio=5 tid=1012 in Object.wait()&#10;java.lang.Thread.State: WAITING (on object monitor)&#10;        at sun.misc.Unsafe.park(Native Method)&#10;        at java.util.concurrent.locks.LockSupport.park(LockSupport.java:175)&#10;        at java.util.concurrent.locks.AbstractQueuedSynchronizer$ConditionObject.await(AbstractQueuedSynchronizer.java:2039)&#10;        at java.util.concurrent.ArrayBlockingQueue.take(ArrayBlockingQueue.java:403)&#10;        at java.util.concurrent.ThreadPoolExecutor.getTask(ThreadPoolExecutor.java:1074)&#10;        at java.util.concurrent.ThreadPoolExecutor.runWorker(ThreadPoolExecutor.java:1134)&#10;        at java.util.concurrent.ThreadPoolExecutor$Worker.run(ThreadPoolExecutor.java:624)&#10;        at java.lang.Thread.run(Thread.java:748)&#10;&quot;pool-110-thread-13&quot;  prio=5 tid=704 in Object.wait()&#10;java.lang.Thread.State: WAITING (on object monitor)&#10;        at sun.misc.Unsafe.park(Native Method)&#10;        at java.util.concurrent.locks.LockSupport.park(LockSupport.java:175)&#10;        at java.util.concurrent.locks.AbstractQueuedSynchronizer$ConditionObject.await(AbstractQueuedSynchronizer.java:2039)&#10;        at java.util.concurrent.ArrayBlockingQueue.take(ArrayBlockingQueue.java:403)&#10;        at java.util.concurrent.ThreadPoolExecutor.getTask(ThreadPoolExecutor.java:1074)&#10;        at java.util.concurrent.ThreadPoolExecutor.runWorker(ThreadPoolExecutor.java:1134)&#10;        at java.util.concurrent.ThreadPoolExecutor$Worker.run(ThreadPoolExecutor.java:624)&#10;        at java.lang.Thread.run(Thread.java:748)&#10;&quot;Datanode State Machine Thread - 0&quot; daemon prio=5 tid=352 timed_waiting&#10;java.lang.Thread.State: TIMED_WAITING&#10;        at java.lang.Thread.sleep(Native Method)&#10;        at org.apache.hadoop.ozone.container.common.statemachine.DatanodeStateMachine.start(DatanodeStateMachine.java:191)&#10;        at org.apache.hadoop.ozone.container.common.statemachine.DatanodeStateMachine.lambda$startDaemon$0(DatanodeStateMachine.java:349)&#10;        at org.apache.hadoop.ozone.container.common.statemachine.DatanodeStateMachine$$Lambda$139/1610803524.run(Unknown Source)&#10;        at java.lang.Thread.run(Thread.java:748)&#10;&quot;SCMBlockDeletingService#1&quot; daemon prio=5 tid=102 in Object.wait()&#10;java.lang.Thread.State: WAITING (on object monitor)&#10;        at sun.misc.Unsafe.park(Native Method)&#10;        at java.util.concurrent.locks.LockSupport.park(LockSupport.java:175)&#10;        at java.util.concurrent.locks.AbstractQueuedSynchronizer$ConditionObject.await(AbstractQueuedSynchronizer.java:2039)&#10;        at java.util.concurrent.ScheduledThreadPoolExecutor$DelayedWorkQueue.take(ScheduledThreadPoolExecutor.java:1088)&#10;        at java.util.concurrent.ScheduledThreadPoolExecutor$DelayedWorkQueue.take(ScheduledThreadPoolExecutor.java:809)&#10;        at java.util.concurrent.ThreadPoolExecutor.getTask(ThreadPoolExecutor.java:1074)&#10;        at java.util.concurrent.ThreadPoolExecutor.runWorker(ThreadPoolExecutor.java:1134)&#10;        at java.util.concurrent.ThreadPoolExecutor$Worker.run(ThreadPoolExecutor.java:624)&#10;        at java.lang.Thread.run(Thread.java:748)&#10;&quot;pool-152-thread-41&quot;  prio=5 tid=852 in Object.wait()&#10;java.lang.Thread.State: WAITING (on object monitor)&#10;        at sun.misc.Unsafe.park(Native Method)&#10;        at java.util.concurrent.locks.LockSupport.park(LockSupport.java:175)&#10;        at java.util.concurrent.locks.AbstractQueuedSynchronizer$ConditionObject.await(AbstractQueuedSynchronizer.java:2039)&#10;        at java.util.concurrent.ArrayBlockingQueue.take(ArrayBlockingQueue.java:403)&#10;        at java.util.concurrent.ThreadPoolExecutor.getTask(ThreadPoolExecutor.java:1074)&#10;        at java.util.concurrent.ThreadPoolExecutor.runWorker(ThreadPoolExecutor.java:1134)&#10;        at java.util.concurrent.ThreadPoolExecutor$Worker.run(ThreadPoolExecutor.java:624)&#10;        at java.lang.Thread.run(Thread.java:748)&#10;&quot;qtp2106129052-405&quot; daemon prio=5 tid=405 timed_waiting&#10;java.lang.Thread.State: TIMED_WAITING&#10;        at sun.misc.Unsafe.park(Native Method)&#10;        at java.util.concurrent.locks.LockSupport.parkNanos(LockSupport.java:215)&#10;        at java.util.concurrent.locks.AbstractQueuedSynchronizer$ConditionObject.awaitNanos(AbstractQueuedSynchronizer.java:2078)&#10;        at org.eclipse.jetty.util.BlockingArrayQueue.poll(BlockingArrayQueue.java:392)&#10;        at org.eclipse.jetty.util.thread.QueuedThreadPool.idleJobPoll(QueuedThreadPool.java:563)&#10;        at org.eclipse.jetty.util.thread.QueuedThreadPool.access$800(QueuedThreadPool.java:48)&#10;        at org.eclipse.jetty.util.thread.QueuedThreadPool$2.run(QueuedThreadPool.java:626)&#10;        at java.lang.Thread.run(Thread.java:748)&#10;&quot;pool-215-thread-16&quot;  prio=5 tid=1007 in Object.wait()&#10;java.lang.Thread.State: WAITING (on object monitor)&#10;        at sun.misc.Unsafe.park(Native Method)&#10;        at java.util.concurrent.locks.LockSupport.park(LockSupport.java:175)&#10;        at java.util.concurrent.locks.AbstractQueuedSynchronizer$ConditionObject.await(AbstractQueuedSynchronizer.java:2039)&#10;        at java.util.concurrent.ArrayBlockingQueue.take(ArrayBlockingQueue.java:403)&#10;        at java.util.concurrent.ThreadPoolExecutor.getTask(ThreadPoolExecutor.java:1074)&#10;        at java.util.concurrent.ThreadPoolExecutor.runWorker(ThreadPoolExecutor.java:1134)&#10;        at java.util.concurrent.ThreadPoolExecutor$Worker.run(ThreadPoolExecutor.java:624)&#10;        at java.lang.Thread.run(Thread.java:748)&#10;&quot;org.eclipse.jetty.server.session.HashSessionManager@5d194314Timer&quot; daemon prio=5 tid=290 timed_waiting&#10;java.lang.Thread.State: TIMED_WAITING&#10;        at sun.misc.Unsafe.park(Native Method)&#10;        at java.util.concurrent.locks.LockSupport.parkNanos(LockSupport.java:215)&#10;        at java.util.concurrent.locks.AbstractQueuedSynchronizer$ConditionObject.awaitNanos(AbstractQueuedSynchronizer.java:2078)&#10;        at java.util.concurrent.ScheduledThreadPoolExecutor$DelayedWorkQueue.take(ScheduledThreadPoolExecutor.java:1093)&#10;        at java.util.concurrent.ScheduledThreadPoolExecutor$DelayedWorkQueue.take(ScheduledThreadPoolExecutor.java:809)&#10;        at java.util.concurrent.ThreadPoolExecutor.getTask(ThreadPoolExecutor.java:1074)&#10;        at java.util.concurrent.ThreadPoolExecutor.runWorker(ThreadPoolExecutor.java:1134)&#10;        at java.util.concurrent.ThreadPoolExecutor$Worker.run(ThreadPoolExecutor.java:624)&#10;        at java.lang.Thread.run(Thread.java:748)&#10;&quot;pool-173-thread-50&quot;  prio=5 tid=921 in Object.wait()&#10;java.lang.Thread.State: WAITING (on object monitor)&#10;        at sun.misc.Unsafe.park(Native Method)&#10;        at java.util.concurrent.locks.LockSupport.park(LockSupport.java:175)&#10;        at java.util.concurrent.locks.AbstractQueuedSynchronizer$ConditionObject.await(AbstractQueuedSynchronizer.java:2039)&#10;        at java.util.concurrent.ArrayBlockingQueue.take(ArrayBlockingQueue.java:403)&#10;        at java.util.concurrent.ThreadPoolExecutor.getTask(ThreadPoolExecutor.java:1074)&#10;        at java.util.concurrent.ThreadPoolExecutor.runWorker(ThreadPoolExecutor.java:1134)&#10;        at java.util.concurrent.ThreadPoolExecutor$Worker.run(ThreadPoolExecutor.java:624)&#10;        at java.lang.Thread.run(Thread.java:748)&#10;&quot;pool-173-thread-48&quot;  prio=5 tid=919 in Object.wait()&#10;java.lang.Thread.State: WAITING (on object monitor)&#10;        at sun.misc.Unsafe.park(Native Method)&#10;        at java.util.concurrent.locks.LockSupport.park(LockSupport.java:175)&#10;        at java.util.concurrent.locks.AbstractQueuedSynchronizer$ConditionObject.await(AbstractQueuedSynchronizer.java:2039)&#10;        at java.util.concurrent.ArrayBlockingQueue.take(ArrayBlockingQueue.java:403)&#10;        at java.util.concurrent.ThreadPoolExecutor.getTask(ThreadPoolExecutor.java:1074)&#10;        at java.util.concurrent.ThreadPoolExecutor.runWorker(ThreadPoolExecutor.java:1134)&#10;        at java.util.concurrent.ThreadPoolExecutor$Worker.run(ThreadPoolExecutor.java:624)&#10;        at java.lang.Thread.run(Thread.java:748)&#10;&quot;pool-68-thread-38&quot;  prio=5 tid=609 in Object.wait()&#10;java.lang.Thread.State: WAITING (on object monitor)&#10;        at sun.misc.Unsafe.park(Native Method)&#10;        at java.util.concurrent.locks.LockSupport.park(LockSupport.java:175)&#10;        at java.util.concurrent.locks.AbstractQueuedSynchronizer$ConditionObject.await(AbstractQueuedSynchronizer.java:2039)&#10;        at java.util.concurrent.ArrayBlockingQueue.take(ArrayBlockingQueue.java:403)&#10;        at java.util.concurrent.ThreadPoolExecutor.getTask(ThreadPoolExecutor.java:1074)&#10;        at java.util.concurrent.ThreadPoolExecutor.runWorker(ThreadPoolExecutor.java:1134)&#10;        at java.util.concurrent.ThreadPoolExecutor$Worker.run(ThreadPoolExecutor.java:624)&#10;        at java.lang.Thread.run(Thread.java:748)&#10;&quot;pool-194-thread-6&quot;  prio=5 tid=937 in Object.wait()&#10;java.lang.Thread.State: WAITING (on object monitor)&#10;        at sun.misc.Unsafe.park(Native Method)&#10;        at java.util.concurrent.locks.LockSupport.park(LockSupport.java:175)&#10;        at java.util.concurrent.locks.AbstractQueuedSynchronizer$ConditionObject.await(AbstractQueuedSynchronizer.java:2039)&#10;        at java.util.concurrent.ArrayBlockingQueue.take(ArrayBlockingQueue.java:403)&#10;        at java.util.concurrent.ThreadPoolExecutor.getTask(ThreadPoolExecutor.java:1074)&#10;        at java.util.concurrent.ThreadPoolExecutor.runWorker(ThreadPoolExecutor.java:1134)&#10;        at java.util.concurrent.ThreadPoolExecutor$Worker.run(ThreadPoolExecutor.java:624)&#10;        at java.lang.Thread.run(Thread.java:748)&#10;&quot;StateMachineUpdater-e834f043-68c2-4690-911f-e774cd7c845d-group-EC215E1E3AB3&quot; daemon prio=5 tid=1117 in Object.wait()&#10;java.lang.Thread.State: WAITING (on object monitor)&#10;        at java.lang.Object.wait(Native Method)&#10;        at java.lang.Object.wait(Object.java:502)&#10;        at org.apache.ratis.server.impl.StateMachineUpdater.run(StateMachineUpdater.java:138)&#10;        at java.lang.Thread.run(Thread.java:748)&#10;&quot;qtp602280210-311-acceptor-0@890d4c3-ServerConnector@6b42e36d{HTTP/1.1,[http/1.1]}{0.0.0.0:43339}&quot; daemon prio=3 tid=311 runnable&#10;java.lang.Thread.State: RUNNABLE&#10;        at sun.nio.ch.ServerSocketChannelImpl.accept0(Native Method)&#10;        at sun.nio.ch.ServerSocketChannelImpl.accept(ServerSocketChannelImpl.java:422)&#10;        at sun.nio.ch.ServerSocketChannelImpl.accept(ServerSocketChannelImpl.java:250)&#10;        at org.eclipse.jetty.server.ServerConnector.accept(ServerConnector.java:397)&#10;        at org.eclipse.jetty.server.AbstractConnector$Acceptor.run(AbstractConnector.java:601)&#10;        at org.eclipse.jetty.util.thread.QueuedThreadPool.runJob(QueuedThreadPool.java:671)&#10;        at org.eclipse.jetty.util.thread.QueuedThreadPool$2.run(QueuedThreadPool.java:589)&#10;        at java.lang.Thread.run(Thread.java:748)&#10;&quot;qtp1081635795-167&quot; daemon prio=5 tid=167 timed_waiting&#10;java.lang.Thread.State: TIMED_WAITING&#10;        at sun.misc.Unsafe.park(Native Method)&#10;        at java.util.concurrent.locks.LockSupport.parkNanos(LockSupport.java:215)&#10;        at java.util.concurrent.locks.AbstractQueuedSynchronizer$ConditionObject.awaitNanos(AbstractQueuedSynchronizer.java:2078)&#10;        at org.eclipse.jetty.util.BlockingArrayQueue.poll(BlockingArrayQueue.java:392)&#10;        at org.eclipse.jetty.util.thread.QueuedThreadPool.idleJobPoll(QueuedThreadPool.java:563)&#10;        at org.eclipse.jetty.util.thread.QueuedThreadPool.access$800(QueuedThreadPool.java:48)&#10;        at org.eclipse.jetty.util.thread.QueuedThreadPool$2.run(QueuedThreadPool.java:626)&#10;        at java.lang.Thread.run(Thread.java:748)&#10;&quot;pool-131-thread-52&quot;  prio=5 tid=803 in Object.wait()&#10;java.lang.Thread.State: WAITING (on object monitor)&#10;        at sun.misc.Unsafe.park(Native Method)&#10;        at java.util.concurrent.locks.LockSupport.park(LockSupport.java:175)&#10;        at java.util.concurrent.locks.AbstractQueuedSynchronizer$ConditionObject.await(AbstractQueuedSynchronizer.java:2039)&#10;        at java.util.concurrent.ArrayBlockingQueue.take(ArrayBlockingQueue.java:403)&#10;        at java.util.concurrent.ThreadPoolExecutor.getTask(ThreadPoolExecutor.java:1074)&#10;        at java.util.concurrent.ThreadPoolExecutor.runWorker(ThreadPoolExecutor.java:1134)&#10;        at java.util.concurrent.ThreadPoolExecutor$Worker.run(ThreadPoolExecutor.java:624)&#10;        at java.lang.Thread.run(Thread.java:748)&#10;&quot;pool-152-thread-30&quot;  prio=5 tid=841 in Object.wait()&#10;java.lang.Thread.State: WAITING (on object monitor)&#10;        at sun.misc.Unsafe.park(Native Method)&#10;        at java.util.concurrent.locks.LockSupport.park(LockSupport.java:175)&#10;        at java.util.concurrent.locks.AbstractQueuedSynchronizer$ConditionObject.await(AbstractQueuedSynchronizer.java:2039)&#10;        at java.util.concurrent.ArrayBlockingQueue.take(ArrayBlockingQueue.java:403)&#10;        at java.util.concurrent.ThreadPoolExecutor.getTask(ThreadPoolExecutor.java:1074)&#10;        at java.util.concurrent.ThreadPoolExecutor.runWorker(ThreadPoolExecutor.java:1134)&#10;        at java.util.concurrent.ThreadPoolExecutor$Worker.run(ThreadPoolExecutor.java:624)&#10;        at java.lang.Thread.run(Thread.java:748)&#10;&quot;qtp2106129052-401-acceptor-0@44414448-ServerConnector@17b6ad97{HTTP/1.1,[http/1.1]}{0.0.0.0:43559}&quot; daemon prio=3 tid=401 runnable&#10;java.lang.Thread.State: RUNNABLE&#10;        at sun.nio.ch.ServerSocketChannelImpl.accept0(Native Method)&#10;        at sun.nio.ch.ServerSocketChannelImpl.accept(ServerSocketChannelImpl.java:422)&#10;        at sun.nio.ch.ServerSocketChannelImpl.accept(ServerSocketChannelImpl.java:250)&#10;        at org.eclipse.jetty.server.ServerConnector.accept(ServerConnector.java:397)&#10;        at org.eclipse.jetty.server.AbstractConnector$Acceptor.run(AbstractConnector.java:601)&#10;        at org.eclipse.jetty.util.thread.QueuedThreadPool.runJob(QueuedThreadPool.java:671)&#10;        at org.eclipse.jetty.util.thread.QueuedThreadPool$2.run(QueuedThreadPool.java:589)&#10;        at java.lang.Thread.run(Thread.java:748)&#10;&quot;pool-47-thread-33&quot;  prio=5 tid=544 in Object.wait()&#10;java.lang.Thread.State: WAITING (on object monitor)&#10;        at sun.misc.Unsafe.park(Native Method)&#10;        at java.util.concurrent.locks.LockSupport.park(LockSupport.java:175)&#10;        at java.util.concurrent.locks.AbstractQueuedSynchronizer$ConditionObject.await(AbstractQueuedSynchronizer.java:2039)&#10;        at java.util.concurrent.ArrayBlockingQueue.take(ArrayBlockingQueue.java:403)&#10;        at java.util.concurrent.ThreadPoolExecutor.getTask(ThreadPoolExecutor.java:1074)&#10;        at java.util.concurrent.ThreadPoolExecutor.runWorker(ThreadPoolExecutor.java:1134)&#10;        at java.util.concurrent.ThreadPoolExecutor$Worker.run(ThreadPoolExecutor.java:624)&#10;        at java.lang.Thread.run(Thread.java:748)&#10;&quot;IPC Server handler 17 on 33423&quot; daemon prio=5 tid=47 timed_waiting&#10;java.lang.Thread.State: TIMED_WAITING&#10;        at sun.misc.Unsafe.park(Native Method)&#10;        at java.util.concurrent.locks.LockSupport.parkNanos(LockSupport.java:215)&#10;        at java.util.concurrent.locks.AbstractQueuedSynchronizer$ConditionObject.awaitNanos(AbstractQueuedSynchronizer.java:2078)&#10;        at java.util.concurrent.LinkedBlockingQueue.poll(LinkedBlockingQueue.java:467)&#10;        at org.apache.hadoop.ipc.CallQueueManager.take(CallQueueManager.java:288)&#10;        at org.apache.hadoop.ipc.Server$Handler.run(Server.java:2668)&#10;&quot;qtp197855654-142&quot; daemon prio=5 tid=142 timed_waiting&#10;java.lang.Thread.State: TIMED_WAITING&#10;        at sun.misc.Unsafe.park(Native Method)&#10;        at java.util.concurrent.locks.LockSupport.parkNanos(LockSupport.java:215)&#10;        at java.util.concurrent.locks.AbstractQueuedSynchronizer$ConditionObject.awaitNanos(AbstractQueuedSynchronizer.java:2078)&#10;        at org.eclipse.jetty.util.BlockingArrayQueue.poll(BlockingArrayQueue.java:392)&#10;        at org.eclipse.jetty.util.thread.QueuedThreadPool.idleJobPoll(QueuedThreadPool.java:563)&#10;        at org.eclipse.jetty.util.thread.QueuedThreadPool.access$800(QueuedThreadPool.java:48)&#10;        at org.eclipse.jetty.util.thread.QueuedThreadPool$2.run(QueuedThreadPool.java:626)&#10;        at java.lang.Thread.run(Thread.java:748)&#10;&quot;pool-47-thread-1&quot;  prio=5 tid=512 in Object.wait()&#10;java.lang.Thread.State: WAITING (on object monitor)&#10;        at sun.misc.Unsafe.park(Native Method)&#10;        at java.util.concurrent.locks.LockSupport.park(LockSupport.java:175)&#10;        at java.util.concurrent.locks.AbstractQueuedSynchronizer$ConditionObject.await(AbstractQueuedSynchronizer.java:2039)&#10;        at java.util.concurrent.ArrayBlockingQueue.take(ArrayBlockingQueue.java:403)&#10;        at java.util.concurrent.ThreadPoolExecutor.getTask(ThreadPoolExecutor.java:1074)&#10;        at java.util.concurrent.ThreadPoolExecutor.runWorker(ThreadPoolExecutor.java:1134)&#10;        at java.util.concurrent.ThreadPoolExecutor$Worker.run(ThreadPoolExecutor.java:624)&#10;        at java.lang.Thread.run(Thread.java:748)&#10;&quot;Datanode State Machine Thread - 0&quot; daemon prio=5 tid=202 timed_waiting&#10;java.lang.Thread.State: TIMED_WAITING&#10;        at java.lang.Thread.sleep(Native Method)&#10;        at org.apache.hadoop.ozone.container.common.statemachine.DatanodeStateMachine.start(DatanodeStateMachine.java:191)&#10;        at org.apache.hadoop.ozone.container.common.statemachine.DatanodeStateMachine.lambda$startDaemon$0(DatanodeStateMachine.java:349)&#10;        at org.apache.hadoop.ozone.container.common.statemachine.DatanodeStateMachine$$Lambda$139/1610803524.run(Unknown Source)&#10;        at java.lang.Thread.run(Thread.java:748)&#10;&quot;qtp838812606-90&quot; daemon prio=5 tid=90 runnable&#10;java.lang.Thread.State: RUNNABLE&#10;        at sun.nio.ch.EPollArrayWrapper.epollWait(Native Method)&#10;        at sun.nio.ch.EPollArrayWrapper.poll(EPollArrayWrapper.java:269)&#10;        at sun.nio.ch.EPollSelectorImpl.doSelect(EPollSelectorImpl.java:93)&#10;        at sun.nio.ch.SelectorImpl.lockAndDoSelect(SelectorImpl.java:86)&#10;        at sun.nio.ch.SelectorImpl.select(SelectorImpl.java:97)&#10;        at sun.nio.ch.SelectorImpl.select(SelectorImpl.java:101)&#10;        at org.eclipse.jetty.io.ManagedSelector$SelectorProducer.select(ManagedSelector.java:243)&#10;        at org.eclipse.jetty.io.ManagedSelector$SelectorProducer.produce(ManagedSelector.java:191)&#10;        at org.eclipse.jetty.util.thread.strategy.ExecuteProduceConsume.executeProduceConsume(ExecuteProduceConsume.java:249)&#10;        at org.eclipse.jetty.util.thread.strategy.ExecuteProduceConsume.produceConsume(ExecuteProduceConsume.java:148)&#10;        at org.eclipse.jetty.util.thread.strategy.ExecuteProduceConsume.execute(ExecuteProduceConsume.java:100)&#10;        at org.eclipse.jetty.io.ManagedSelector.run(ManagedSelector.java:147)&#10;        at org.eclipse.jetty.util.thread.QueuedThreadPool.runJob(QueuedThreadPool.java:671)&#10;        at org.eclipse.jetty.util.thread.QueuedThreadPool$2.run(QueuedThreadPool.java:589)&#10;        at java.lang.Thread.run(Thread.java:748)&#10;&quot;BlockDeletingService#2&quot; daemon prio=5 tid=1871 in Object.wait()&#10;java.lang.Thread.State: WAITING (on object monitor)&#10;        at sun.misc.Unsafe.park(Native Method)&#10;        at java.util.concurrent.locks.LockSupport.park(LockSupport.java:175)&#10;        at java.util.concurrent.locks.AbstractQueuedSynchronizer$ConditionObject.await(AbstractQueuedSynchronizer.java:2039)&#10;        at java.util.concurrent.ScheduledThreadPoolExecutor$DelayedWorkQueue.take(ScheduledThreadPoolExecutor.java:1088)&#10;        at java.util.concurrent.ScheduledThreadPoolExecutor$DelayedWorkQueue.take(ScheduledThreadPoolExecutor.java:809)&#10;        at java.util.concurrent.ThreadPoolExecutor.getTask(ThreadPoolExecutor.java:1074)&#10;        at java.util.concurrent.ThreadPoolExecutor.runWorker(ThreadPoolExecutor.java:1134)&#10;        at java.util.concurrent.ThreadPoolExecutor$Worker.run(ThreadPoolExecutor.java:624)&#10;        at java.lang.Thread.run(Thread.java:748)&#10;&quot;pool-215-thread-13&quot;  prio=5 tid=1004 in Object.wait()&#10;java.lang.Thread.State: WAITING (on object monitor)&#10;        at sun.misc.Unsafe.park(Native Method)&#10;        at java.util.concurrent.locks.LockSupport.park(LockSupport.java:175)&#10;        at java.util.concurrent.locks.AbstractQueuedSynchronizer$ConditionObject.await(AbstractQueuedSynchronizer.java:2039)&#10;        at java.util.concurrent.ArrayBlockingQueue.take(ArrayBlockingQueue.java:403)&#10;        at java.util.concurrent.ThreadPoolExecutor.getTask(ThreadPoolExecutor.java:1074)&#10;        at java.util.concurrent.ThreadPoolExecutor.runWorker(ThreadPoolExecutor.java:1134)&#10;        at java.util.concurrent.ThreadPoolExecutor$Worker.run(ThreadPoolExecutor.java:624)&#10;        at java.lang.Thread.run(Thread.java:748)&#10;&quot;pool-47-thread-17&quot;  prio=5 tid=528 in Object.wait()&#10;java.lang.Thread.State: WAITING (on object monitor)&#10;        at sun.misc.Unsafe.park(Native Method)&#10;        at java.util.concurrent.locks.LockSupport.park(LockSupport.java:175)&#10;        at java.util.concurrent.locks.AbstractQueuedSynchronizer$ConditionObject.await(AbstractQueuedSynchronizer.java:2039)&#10;        at java.util.concurrent.ArrayBlockingQueue.take(ArrayBlockingQueue.java:403)&#10;        at java.util.concurrent.ThreadPoolExecutor.getTask(ThreadPoolExecutor.java:1074)&#10;        at java.util.concurrent.ThreadPoolExecutor.runWorker(ThreadPoolExecutor.java:1134)&#10;        at java.util.concurrent.ThreadPoolExecutor$Worker.run(ThreadPoolExecutor.java:624)&#10;        at java.lang.Thread.run(Thread.java:748)&#10;&quot;pool-173-thread-12&quot;  prio=5 tid=883 in Object.wait()&#10;java.lang.Thread.State: WAITING (on object monitor)&#10;        at sun.misc.Unsafe.park(Native Method)&#10;        at java.util.concurrent.locks.LockSupport.park(LockSupport.java:175)&#10;        at java.util.concurrent.locks.AbstractQueuedSynchronizer$ConditionObject.await(AbstractQueuedSynchronizer.java:2039)&#10;        at java.util.concurrent.ArrayBlockingQueue.take(ArrayBlockingQueue.java:403)&#10;        at java.util.concurrent.ThreadPoolExecutor.getTask(ThreadPoolExecutor.java:1074)&#10;        at java.util.concurrent.ThreadPoolExecutor.runWorker(ThreadPoolExecutor.java:1134)&#10;        at java.util.concurrent.ThreadPoolExecutor$Worker.run(ThreadPoolExecutor.java:624)&#10;        at java.lang.Thread.run(Thread.java:748)&#10;&quot;qtp197855654-138&quot; daemon prio=5 tid=138 timed_waiting&#10;java.lang.Thread.State: TIMED_WAITING&#10;        at sun.misc.Unsafe.park(Native Method)&#10;        at java.util.concurrent.locks.LockSupport.parkNanos(LockSupport.java:215)&#10;        at java.util.concurrent.locks.AbstractQueuedSynchronizer$ConditionObject.awaitNanos(AbstractQueuedSynchronizer.java:2078)&#10;        at org.eclipse.jetty.util.BlockingArrayQueue.poll(BlockingArrayQueue.java:392)&#10;        at org.eclipse.jetty.util.thread.QueuedThreadPool.idleJobPoll(QueuedThreadPool.java:563)&#10;        at org.eclipse.jetty.util.thread.QueuedThreadPool.access$800(QueuedThreadPool.java:48)&#10;        at org.eclipse.jetty.util.thread.QueuedThreadPool$2.run(QueuedThreadPool.java:626)&#10;        at java.lang.Thread.run(Thread.java:748)&#10;&quot;Datanode ReportManager Thread - 2&quot; daemon prio=5 tid=356 timed_waiting&#10;java.lang.Thread.State: TIMED_WAITING&#10;        at sun.misc.Unsafe.park(Native Method)&#10;        at java.util.concurrent.locks.LockSupport.parkNanos(LockSupport.java:215)&#10;        at java.util.concurrent.locks.AbstractQueuedSynchronizer$ConditionObject.awaitNanos(AbstractQueuedSynchronizer.java:2078)&#10;        at java.util.concurrent.ScheduledThreadPoolExecutor$DelayedWorkQueue.take(ScheduledThreadPoolExecutor.java:1093)&#10;        at java.util.concurrent.ScheduledThreadPoolExecutor$DelayedWorkQueue.take(ScheduledThreadPoolExecutor.java:809)&#10;        at java.util.concurrent.ThreadPoolExecutor.getTask(ThreadPoolExecutor.java:1074)&#10;        at java.util.concurrent.ThreadPoolExecutor.runWorker(ThreadPoolExecutor.java:1134)&#10;        at java.util.concurrent.ThreadPoolExecutor$Worker.run(ThreadPoolExecutor.java:624)&#10;        at java.lang.Thread.run(Thread.java:748)&#10;&quot;qtp1866002564-281-acceptor-0@285f28c9-ServerConnector@51ac12ac{HTTP/1.1,[http/1.1]}{0.0.0.0:41901}&quot; daemon prio=3 tid=281 runnable&#10;java.lang.Thread.State: RUNNABLE&#10;        at sun.nio.ch.ServerSocketChannelImpl.accept0(Native Method)&#10;        at sun.nio.ch.ServerSocketChannelImpl.accept(ServerSocketChannelImpl.java:422)&#10;        at sun.nio.ch.ServerSocketChannelImpl.accept(ServerSocketChannelImpl.java:250)&#10;        at org.eclipse.jetty.server.ServerConnector.accept(ServerConnector.java:397)&#10;        at org.eclipse.jetty.server.AbstractConnector$Acceptor.run(AbstractConnector.java:601)&#10;        at org.eclipse.jetty.util.thread.QueuedThreadPool.runJob(QueuedThreadPool.java:671)&#10;        at org.eclipse.jetty.util.thread.QueuedThreadPool$2.run(QueuedThreadPool.java:589)&#10;        at java.lang.Thread.run(Thread.java:748)&#10;&quot;Thread-395&quot; daemon prio=5 tid=1208 timed_waiting&#10;java.lang.Thread.State: TIMED_WAITING&#10;        at sun.misc.Unsafe.park(Native Method)&#10;        at java.util.concurrent.locks.LockSupport.parkNanos(LockSupport.java:215)&#10;        at java.util.concurrent.locks.AbstractQueuedSynchronizer$ConditionObject.awaitNanos(AbstractQueuedSynchronizer.java:2078)&#10;        at java.util.concurrent.ArrayBlockingQueue.poll(ArrayBlockingQueue.java:418)&#10;        at org.apache.ratis.server.impl.LeaderState$EventQueue.poll(LeaderState.java:114)&#10;        at org.apache.ratis.server.impl.LeaderState$EventProcessor.run(LeaderState.java:438)&#10;&quot;pool-87-thread-1&quot; daemon prio=5 tid=245 timed_waiting&#10;java.lang.Thread.State: TIMED_WAITING&#10;        at sun.misc.Unsafe.park(Native Method)&#10;        at java.util.concurrent.locks.LockSupport.parkNanos(LockSupport.java:215)&#10;        at java.util.concurrent.locks.AbstractQueuedSynchronizer$ConditionObject.awaitNanos(AbstractQueuedSynchronizer.java:2078)&#10;        at java.util.concurrent.ScheduledThreadPoolExecutor$DelayedWorkQueue.take(ScheduledThreadPoolExecutor.java:1093)&#10;        at java.util.concurrent.ScheduledThreadPoolExecutor$DelayedWorkQueue.take(ScheduledThreadPoolExecutor.java:809)&#10;        at java.util.concurrent.ThreadPoolExecutor.getTask(ThreadPoolExecutor.java:1074)&#10;        at java.util.concurrent.ThreadPoolExecutor.runWorker(ThreadPoolExecutor.java:1134)&#10;        at java.util.concurrent.ThreadPoolExecutor$Worker.run(ThreadPoolExecutor.java:624)&#10;        at java.lang.Thread.run(Thread.java:748)&#10;&quot;qtp1081635795-161-acceptor-0@1c42e220-ServerConnector@295bf2a{HTTP/1.1,[http/1.1]}{0.0.0.0:38179}&quot; daemon prio=3 tid=161 runnable&#10;java.lang.Thread.State: RUNNABLE&#10;        at sun.nio.ch.ServerSocketChannelImpl.accept0(Native Method)&#10;        at sun.nio.ch.ServerSocketChannelImpl.accept(ServerSocketChannelImpl.java:422)&#10;        at sun.nio.ch.ServerSocketChannelImpl.accept(ServerSocketChannelImpl.java:250)&#10;        at org.eclipse.jetty.server.ServerConnector.accept(ServerConnector.java:397)&#10;        at org.eclipse.jetty.server.AbstractConnector$Acceptor.run(AbstractConnector.java:601)&#10;        at org.eclipse.jetty.util.thread.QueuedThreadPool.runJob(QueuedThreadPool.java:671)&#10;        at org.eclipse.jetty.util.thread.QueuedThreadPool$2.run(QueuedThreadPool.java:589)&#10;        at java.lang.Thread.run(Thread.java:748)&#10;&quot;IPC Server handler 11 on 38877&quot; daemon prio=5 tid=125 timed_waiting&#10;java.lang.Thread.State: TIMED_WAITING&#10;        at sun.misc.Unsafe.park(Native Method)&#10;        at java.util.concurrent.locks.LockSupport.parkNanos(LockSupport.java:215)&#10;        at java.util.concurrent.locks.AbstractQueuedSynchronizer$ConditionObject.awaitNanos(AbstractQueuedSynchronizer.java:2078)&#10;        at java.util.concurrent.LinkedBlockingQueue.poll(LinkedBlockingQueue.java:467)&#10;        at org.apache.hadoop.ipc.CallQueueManager.take(CallQueueManager.java:288)&#10;        at org.apache.hadoop.ipc.Server$Handler.run(Server.java:2668)&#10;&quot;Datanode ReportManager Thread - 1&quot; daemon prio=5 tid=325 in Object.wait()&#10;java.lang.Thread.State: WAITING (on object monitor)&#10;        at sun.misc.Unsafe.park(Native Method)&#10;        at java.util.concurrent.locks.LockSupport.park(LockSupport.java:175)&#10;        at java.util.concurrent.locks.AbstractQueuedSynchronizer$ConditionObject.await(AbstractQueuedSynchronizer.java:2039)&#10;        at java.util.concurrent.ScheduledThreadPoolExecutor$DelayedWorkQueue.take(ScheduledThreadPoolExecutor.java:1088)&#10;        at java.util.concurrent.ScheduledThreadPoolExecutor$DelayedWorkQueue.take(ScheduledThreadPoolExecutor.java:809)&#10;        at java.util.concurrent.ThreadPoolExecutor.getTask(ThreadPoolExecutor.java:1074)&#10;        at java.util.concurrent.ThreadPoolExecutor.runWorker(ThreadPoolExecutor.java:1134)&#10;        at java.util.concurrent.ThreadPoolExecutor$Worker.run(ThreadPoolExecutor.java:624)&#10;        at java.lang.Thread.run(Thread.java:748)&#10;&quot;pool-47-thread-10&quot;  prio=5 tid=521 in Object.wait()&#10;java.lang.Thread.State: WAITING (on object monitor)&#10;        at sun.misc.Unsafe.park(Native Method)&#10;        at java.util.concurrent.locks.LockSupport.park(LockSupport.java:175)&#10;        at java.util.concurrent.locks.AbstractQueuedSynchronizer$ConditionObject.await(AbstractQueuedSynchronizer.java:2039)&#10;        at java.util.concurrent.ArrayBlockingQueue.take(ArrayBlockingQueue.java:403)&#10;        at java.util.concurrent.ThreadPoolExecutor.getTask(ThreadPoolExecutor.java:1074)&#10;        at java.util.concurrent.ThreadPoolExecutor.runWorker(ThreadPoolExecutor.java:1134)&#10;        at java.util.concurrent.ThreadPoolExecutor$Worker.run(ThreadPoolExecutor.java:624)&#10;        at java.lang.Thread.run(Thread.java:748)&#10;&quot;pool-110-thread-9&quot;  prio=5 tid=700 in Object.wait()&#10;java.lang.Thread.State: WAITING (on object monitor)&#10;        at sun.misc.Unsafe.park(Native Method)&#10;        at java.util.concurrent.locks.LockSupport.park(LockSupport.java:175)&#10;        at java.util.concurrent.locks.AbstractQueuedSynchronizer$ConditionObject.await(AbstractQueuedSynchronizer.java:2039)&#10;        at java.util.concurrent.ArrayBlockingQueue.take(ArrayBlockingQueue.java:403)&#10;        at java.util.concurrent.ThreadPoolExecutor.getTask(ThreadPoolExecutor.java:1074)&#10;        at java.util.concurrent.ThreadPoolExecutor.runWorker(ThreadPoolExecutor.java:1134)&#10;        at java.util.concurrent.ThreadPoolExecutor$Worker.run(ThreadPoolExecutor.java:624)&#10;        at java.lang.Thread.run(Thread.java:748)&#10;&quot;pool-192-thread-1&quot; daemon prio=5 tid=395 timed_waiting&#10;java.lang.Thread.State: TIMED_WAITING&#10;        at sun.misc.Unsafe.park(Native Method)&#10;        at java.util.concurrent.locks.LockSupport.parkNanos(LockSupport.java:215)&#10;        at java.util.concurrent.locks.AbstractQueuedSynchronizer$ConditionObject.awaitNanos(AbstractQueuedSynchronizer.java:2078)&#10;        at java.util.concurrent.ScheduledThreadPoolExecutor$DelayedWorkQueue.take(ScheduledThreadPoolExecutor.java:1093)&#10;        at java.util.concurrent.ScheduledThreadPoolExecutor$DelayedWorkQueue.take(ScheduledThreadPoolExecutor.java:809)&#10;        at java.util.concurrent.ThreadPoolExecutor.getTask(ThreadPoolExecutor.java:1074)&#10;        at java.util.concurrent.ThreadPoolExecutor.runWorker(ThreadPoolExecutor.java:1134)&#10;        at java.util.concurrent.ThreadPoolExecutor$Worker.run(ThreadPoolExecutor.java:624)&#10;        at java.lang.Thread.run(Thread.java:748)&#10;&quot;pool-26-thread-19&quot;  prio=5 tid=469 in Object.wait()&#10;java.lang.Thread.State: WAITING (on object monitor)&#10;        at sun.misc.Unsafe.park(Native Method)&#10;        at java.util.concurrent.locks.LockSupport.park(LockSupport.java:175)&#10;        at java.util.concurrent.locks.AbstractQueuedSynchronizer$ConditionObject.await(AbstractQueuedSynchronizer.java:2039)&#10;        at java.util.concurrent.ArrayBlockingQueue.take(ArrayBlockingQueue.java:403)&#10;        at java.util.concurrent.ThreadPoolExecutor.getTask(ThreadPoolExecutor.java:1074)&#10;        at java.util.concurrent.ThreadPoolExecutor.runWorker(ThreadPoolExecutor.java:1134)&#10;        at java.util.concurrent.ThreadPoolExecutor$Worker.run(ThreadPoolExecutor.java:624)&#10;        at java.lang.Thread.run(Thread.java:748)&#10;&quot;pool-194-thread-24&quot;  prio=5 tid=955 in Object.wait()&#10;java.lang.Thread.State: WAITING (on object monitor)&#10;        at sun.misc.Unsafe.park(Native Method)&#10;        at java.util.concurrent.locks.LockSupport.park(LockSupport.java:175)&#10;        at java.util.concurrent.locks.AbstractQueuedSynchronizer$ConditionObject.await(AbstractQueuedSynchronizer.java:2039)&#10;        at java.util.concurrent.ArrayBlockingQueue.take(ArrayBlockingQueue.java:403)&#10;        at java.util.concurrent.ThreadPoolExecutor.getTask(ThreadPoolExecutor.java:1074)&#10;        at java.util.concurrent.ThreadPoolExecutor.runWorker(ThreadPoolExecutor.java:1134)&#10;        at java.util.concurrent.ThreadPoolExecutor$Worker.run(ThreadPoolExecutor.java:624)&#10;        at java.lang.Thread.run(Thread.java:748)&#10;&quot;pool-131-thread-32&quot;  prio=5 tid=783 in Object.wait()&#10;java.lang.Thread.State: WAITING (on object monitor)&#10;        at sun.misc.Unsafe.park(Native Method)&#10;        at java.util.concurrent.locks.LockSupport.park(LockSupport.java:175)&#10;        at java.util.concurrent.locks.AbstractQueuedSynchronizer$ConditionObject.await(AbstractQueuedSynchronizer.java:2039)&#10;        at java.util.concurrent.ArrayBlockingQueue.take(ArrayBlockingQueue.java:403)&#10;        at java.util.concurrent.ThreadPoolExecutor.getTask(ThreadPoolExecutor.java:1074)&#10;        at java.util.concurrent.ThreadPoolExecutor.runWorker(ThreadPoolExecutor.java:1134)&#10;        at java.util.concurrent.ThreadPoolExecutor$Worker.run(ThreadPoolExecutor.java:624)&#10;        at java.lang.Thread.run(Thread.java:748)&#10;&quot;pool-110-thread-52&quot;  prio=5 tid=743 in Object.wait()&#10;java.lang.Thread.State: WAITING (on object monitor)&#10;        at sun.misc.Unsafe.park(Native Method)&#10;        at java.util.concurrent.locks.LockSupport.park(LockSupport.java:175)&#10;        at java.util.concurrent.locks.AbstractQueuedSynchronizer$ConditionObject.await(AbstractQueuedSynchronizer.java:2039)&#10;        at java.util.concurrent.ArrayBlockingQueue.take(ArrayBlockingQueue.java:403)&#10;        at java.util.concurrent.ThreadPoolExecutor.getTask(ThreadPoolExecutor.java:1074)&#10;        at java.util.concurrent.ThreadPoolExecutor.runWorker(ThreadPoolExecutor.java:1134)&#10;        at java.util.concurrent.ThreadPoolExecutor$Worker.run(ThreadPoolExecutor.java:624)&#10;        at java.lang.Thread.run(Thread.java:748)&#10;&quot;pool-110-thread-1&quot;  prio=5 tid=692 in Object.wait()&#10;java.lang.Thread.State: WAITING (on object monitor)&#10;        at sun.misc.Unsafe.park(Native Method)&#10;        at java.util.concurrent.locks.LockSupport.park(LockSupport.java:175)&#10;        at java.util.concurrent.locks.AbstractQueuedSynchronizer$ConditionObject.await(AbstractQueuedSynchronizer.java:2039)&#10;        at java.util.concurrent.ArrayBlockingQueue.take(ArrayBlockingQueue.java:403)&#10;        at java.util.concurrent.ThreadPoolExecutor.getTask(ThreadPoolExecutor.java:1074)&#10;        at java.util.concurrent.ThreadPoolExecutor.runWorker(ThreadPoolExecutor.java:1134)&#10;        at java.util.concurrent.ThreadPoolExecutor$Worker.run(ThreadPoolExecutor.java:624)&#10;        at java.lang.Thread.run(Thread.java:748)&#10;&quot;pool-215-thread-50&quot;  prio=5 tid=1041 in Object.wait()&#10;java.lang.Thread.State: WAITING (on object monitor)&#10;        at sun.misc.Unsafe.park(Native Method)&#10;        at java.util.concurrent.locks.LockSupport.park(LockSupport.java:175)&#10;        at java.util.concurrent.locks.AbstractQueuedSynchronizer$ConditionObject.await(AbstractQueuedSynchronizer.java:2039)&#10;        at java.util.concurrent.ArrayBlockingQueue.take(ArrayBlockingQueue.java:403)&#10;        at java.util.concurrent.ThreadPoolExecutor.getTask(ThreadPoolExecutor.java:1074)&#10;        at java.util.concurrent.ThreadPoolExecutor.runWorker(ThreadPoolExecutor.java:1134)&#10;        at java.util.concurrent.ThreadPoolExecutor$Worker.run(ThreadPoolExecutor.java:624)&#10;        at java.lang.Thread.run(Thread.java:748)&#10;&quot;pool-68-thread-14&quot;  prio=5 tid=585 in Object.wait()&#10;java.lang.Thread.State: WAITING (on object monitor)&#10;        at sun.misc.Unsafe.park(Native Method)&#10;        at java.util.concurrent.locks.LockSupport.park(LockSupport.java:175)&#10;        at java.util.concurrent.locks.AbstractQueuedSynchronizer$ConditionObject.await(AbstractQueuedSynchronizer.java:2039)&#10;        at java.util.concurrent.ArrayBlockingQueue.take(ArrayBlockingQueue.java:403)&#10;        at java.util.concurrent.ThreadPoolExecutor.getTask(ThreadPoolExecutor.java:1074)&#10;        at java.util.concurrent.ThreadPoolExecutor.runWorker(ThreadPoolExecutor.java:1134)&#10;        at java.util.concurrent.ThreadPoolExecutor$Worker.run(ThreadPoolExecutor.java:624)&#10;        at java.lang.Thread.run(Thread.java:748)&#10;&quot;pool-68-thread-24&quot;  prio=5 tid=595 in Object.wait()&#10;java.lang.Thread.State: WAITING (on object monitor)&#10;        at sun.misc.Unsafe.park(Native Method)&#10;        at java.util.concurrent.locks.LockSupport.park(LockSupport.java:175)&#10;        at java.util.concurrent.locks.AbstractQueuedSynchronizer$ConditionObject.await(AbstractQueuedSynchronizer.java:2039)&#10;        at java.util.concurrent.ArrayBlockingQueue.take(ArrayBlockingQueue.java:403)&#10;        at java.util.concurrent.ThreadPoolExecutor.getTask(ThreadPoolExecutor.java:1074)&#10;        at java.util.concurrent.ThreadPoolExecutor.runWorker(ThreadPoolExecutor.java:1134)&#10;        at java.util.concurrent.ThreadPoolExecutor$Worker.run(ThreadPoolExecutor.java:624)&#10;        at java.lang.Thread.run(Thread.java:748)&#10;&quot;EventQueue-NodeRegistrationContainerReportForContainerSafeModeRule&quot; daemon prio=5 tid=1055 in Object.wait()&#10;java.lang.Thread.State: WAITING (on object monitor)&#10;        at sun.misc.Unsafe.park(Native Method)&#10;        at java.util.concurrent.locks.LockSupport.park(LockSupport.java:175)&#10;        at java.util.concurrent.locks.AbstractQueuedSynchronizer$ConditionObject.await(AbstractQueuedSynchronizer.java:2039)&#10;        at java.util.concurrent.LinkedBlockingQueue.take(LinkedBlockingQueue.java:442)&#10;        at java.util.concurrent.ThreadPoolExecutor.getTask(ThreadPoolExecutor.java:1074)&#10;        at java.util.concurrent.ThreadPoolExecutor.runWorker(ThreadPoolExecutor.java:1134)&#10;        at java.util.concurrent.ThreadPoolExecutor$Worker.run(ThreadPoolExecutor.java:624)&#10;        at java.lang.Thread.run(Thread.java:748)&#10;&quot;pool-194-thread-31&quot;  prio=5 tid=962 in Object.wait()&#10;java.lang.Thread.State: WAITING (on object monitor)&#10;        at sun.misc.Unsafe.park(Native Method)&#10;        at java.util.concurrent.locks.LockSupport.park(LockSupport.java:175)&#10;        at java.util.concurrent.locks.AbstractQueuedSynchronizer$ConditionObject.await(AbstractQueuedSynchronizer.java:2039)&#10;        at java.util.concurrent.ArrayBlockingQueue.take(ArrayBlockingQueue.java:403)&#10;        at java.util.concurrent.ThreadPoolExecutor.getTask(ThreadPoolExecutor.java:1074)&#10;        at java.util.concurrent.ThreadPoolExecutor.runWorker(ThreadPoolExecutor.java:1134)&#10;        at java.util.concurrent.ThreadPoolExecutor$Worker.run(ThreadPoolExecutor.java:624)&#10;        at java.lang.Thread.run(Thread.java:748)&#10;&quot;Datanode ReportManager Thread - 2&quot; daemon prio=5 tid=176 in Object.wait()&#10;java.lang.Thread.State: WAITING (on object monitor)&#10;        at sun.misc.Unsafe.park(Native Method)&#10;        at java.util.concurrent.locks.LockSupport.park(LockSupport.java:175)&#10;        at java.util.concurrent.locks.AbstractQueuedSynchronizer$ConditionObject.await(AbstractQueuedSynchronizer.java:2039)&#10;        at java.util.concurrent.ScheduledThreadPoolExecutor$DelayedWorkQueue.take(ScheduledThreadPoolExecutor.java:1088)&#10;        at java.util.concurrent.ScheduledThreadPoolExecutor$DelayedWorkQueue.take(ScheduledThreadPoolExecutor.java:809)&#10;        at java.util.concurrent.ThreadPoolExecutor.getTask(ThreadPoolExecutor.java:1074)&#10;        at java.util.concurrent.ThreadPoolExecutor.runWorker(ThreadPoolExecutor.java:1134)&#10;        at java.util.concurrent.ThreadPoolExecutor$Worker.run(ThreadPoolExecutor.java:624)&#10;        at java.lang.Thread.run(Thread.java:748)&#10;&quot;qtp197855654-139&quot; daemon prio=5 tid=139 timed_waiting&#10;java.lang.Thread.State: TIMED_WAITING&#10;        at sun.misc.Unsafe.park(Native Method)&#10;        at java.util.concurrent.locks.LockSupport.parkNanos(LockSupport.java:215)&#10;        at java.util.concurrent.locks.AbstractQueuedSynchronizer$ConditionObject.awaitNanos(AbstractQueuedSynchronizer.java:2078)&#10;        at org.eclipse.jetty.util.BlockingArrayQueue.poll(BlockingArrayQueue.java:392)&#10;        at org.eclipse.jetty.util.thread.QueuedThreadPool.idleJobPoll(QueuedThreadPool.java:563)&#10;        at org.eclipse.jetty.util.thread.QueuedThreadPool.access$800(QueuedThreadPool.java:48)&#10;        at org.eclipse.jetty.util.thread.QueuedThreadPool$2.run(QueuedThreadPool.java:626)&#10;        at java.lang.Thread.run(Thread.java:748)&#10;&quot;pool-89-thread-54&quot;  prio=5 tid=685 in Object.wait()&#10;java.lang.Thread.State: WAITING (on object monitor)&#10;        at sun.misc.Unsafe.park(Native Method)&#10;        at java.util.concurrent.locks.LockSupport.park(LockSupport.java:175)&#10;        at java.util.concurrent.locks.AbstractQueuedSynchronizer$ConditionObject.await(AbstractQueuedSynchronizer.java:2039)&#10;        at java.util.concurrent.ArrayBlockingQueue.take(ArrayBlockingQueue.java:403)&#10;        at java.util.concurrent.ThreadPoolExecutor.getTask(ThreadPoolExecutor.java:1074)&#10;        at java.util.concurrent.ThreadPoolExecutor.runWorker(ThreadPoolExecutor.java:1134)&#10;        at java.util.concurrent.ThreadPoolExecutor$Worker.run(ThreadPoolExecutor.java:624)&#10;        at java.lang.Thread.run(Thread.java:748)&#10;&quot;StateMachineUpdater-e834f043-68c2-4690-911f-e774cd7c845d-group-006A69440002&quot; daemon prio=5 tid=1082 in Object.wait()&#10;java.lang.Thread.State: WAITING (on object monitor)&#10;        at java.lang.Object.wait(Native Method)&#10;        at java.lang.Object.wait(Object.java:502)&#10;        at org.apache.ratis.server.impl.StateMachineUpdater.run(StateMachineUpdater.java:138)&#10;        at java.lang.Thread.run(Thread.java:748)&#10;&quot;qtp630669831-257&quot; daemon prio=5 tid=257 timed_waiting&#10;java.lang.Thread.State: TIMED_WAITING&#10;        at sun.misc.Unsafe.park(Native Method)&#10;        at java.util.concurrent.locks.LockSupport.parkNanos(LockSupport.java:215)&#10;        at java.util.concurrent.locks.AbstractQueuedSynchronizer$ConditionObject.awaitNanos(AbstractQueuedSynchronizer.java:2078)&#10;        at org.eclipse.jetty.util.BlockingArrayQueue.poll(BlockingArrayQueue.java:392)&#10;        at org.eclipse.jetty.util.thread.QueuedThreadPool.idleJobPoll(QueuedThreadPool.java:563)&#10;        at org.eclipse.jetty.util.thread.QueuedThreadPool.access$800(QueuedThreadPool.java:48)&#10;        at org.eclipse.jetty.util.thread.QueuedThreadPool$2.run(QueuedThreadPool.java:626)&#10;        at java.lang.Thread.run(Thread.java:748)&#10;&quot;pool-173-thread-22&quot;  prio=5 tid=893 in Object.wait()&#10;java.lang.Thread.State: WAITING (on object monitor)&#10;        at sun.misc.Unsafe.park(Native Method)&#10;        at java.util.concurrent.locks.LockSupport.park(LockSupport.java:175)&#10;        at java.util.concurrent.locks.AbstractQueuedSynchronizer$ConditionObject.await(AbstractQueuedSynchronizer.java:2039)&#10;        at java.util.concurrent.ArrayBlockingQueue.take(ArrayBlockingQueue.java:403)&#10;        at java.util.concurrent.ThreadPoolExecutor.getTask(ThreadPoolExecutor.java:1074)&#10;        at java.util.concurrent.ThreadPoolExecutor.runWorker(ThreadPoolExecutor.java:1134)&#10;        at java.util.concurrent.ThreadPoolExecutor$Worker.run(ThreadPoolExecutor.java:624)&#10;        at java.lang.Thread.run(Thread.java:748)&#10;&quot;pool-173-thread-25&quot;  prio=5 tid=896 in Object.wait()&#10;java.lang.Thread.State: WAITING (on object monitor)&#10;        at sun.misc.Unsafe.park(Native Method)&#10;        at java.util.concurrent.locks.LockSupport.park(LockSupport.java:175)&#10;        at java.util.concurrent.locks.AbstractQueuedSynchronizer$ConditionObject.await(AbstractQueuedSynchronizer.java:2039)&#10;        at java.util.concurrent.ArrayBlockingQueue.take(ArrayBlockingQueue.java:403)&#10;        at java.util.concurrent.ThreadPoolExecutor.getTask(ThreadPoolExecutor.java:1074)&#10;        at java.util.concurrent.ThreadPoolExecutor.runWorker(ThreadPoolExecutor.java:1134)&#10;        at java.util.concurrent.ThreadPoolExecutor$Worker.run(ThreadPoolExecutor.java:624)&#10;        at java.lang.Thread.run(Thread.java:748)&#10;&quot;Timer for &apos;StorageContainerManager&apos; metrics system&quot; daemon prio=5 tid=28 timed_waiting&#10;java.lang.Thread.State: TIMED_WAITING&#10;        at java.lang.Object.wait(Native Method)&#10;        at java.util.TimerThread.mainLoop(Timer.java:552)&#10;        at java.util.TimerThread.run(Timer.java:505)&#10;&quot;StateMachineUpdater-5ff02751-d237-480c-b1e9-4266071b5fb0-group-840E0B4B842C&quot; daemon prio=5 tid=1125 in Object.wait()&#10;java.lang.Thread.State: WAITING (on object monitor)&#10;        at java.lang.Object.wait(Native Method)&#10;        at java.lang.Object.wait(Object.java:502)&#10;        at org.apache.ratis.server.impl.StateMachineUpdater.run(StateMachineUpdater.java:138)&#10;        at java.lang.Thread.run(Thread.java:748)&#10;&quot;pool-215-thread-51&quot;  prio=5 tid=1042 in Object.wait()&#10;java.lang.Thread.State: WAITING (on object monitor)&#10;        at sun.misc.Unsafe.park(Native Method)&#10;        at java.util.concurrent.locks.LockSupport.park(LockSupport.java:175)&#10;        at java.util.concurrent.locks.AbstractQueuedSynchronizer$ConditionObject.await(AbstractQueuedSynchronizer.java:2039)&#10;        at java.util.concurrent.ArrayBlockingQueue.take(ArrayBlockingQueue.java:403)&#10;        at java.util.concurrent.ThreadPoolExecutor.getTask(ThreadPoolExecutor.java:1074)&#10;        at java.util.concurrent.ThreadPoolExecutor.runWorker(ThreadPoolExecutor.java:1134)&#10;        at java.util.concurrent.ThreadPoolExecutor$Worker.run(ThreadPoolExecutor.java:624)&#10;        at java.lang.Thread.run(Thread.java:748)&#10;&quot;qtp648346093-347&quot; daemon prio=5 tid=347 timed_waiting&#10;java.lang.Thread.State: TIMED_WAITING&#10;        at sun.misc.Unsafe.park(Native Method)&#10;        at java.util.concurrent.locks.LockSupport.parkNanos(LockSupport.java:215)&#10;        at java.util.concurrent.locks.AbstractQueuedSynchronizer$ConditionObject.awaitNanos(AbstractQueuedSynchronizer.java:2078)&#10;        at org.eclipse.jetty.util.BlockingArrayQueue.poll(BlockingArrayQueue.java:392)&#10;        at org.eclipse.jetty.util.thread.QueuedThreadPool.idleJobPoll(QueuedThreadPool.java:563)&#10;        at org.eclipse.jetty.util.thread.QueuedThreadPool.access$800(QueuedThreadPool.java:48)&#10;        at org.eclipse.jetty.util.thread.QueuedThreadPool$2.run(QueuedThreadPool.java:626)&#10;        at java.lang.Thread.run(Thread.java:748)&#10;&quot;IPC Server handler 18 on 46447&quot; daemon prio=5 tid=68 timed_waiting&#10;java.lang.Thread.State: TIMED_WAITING&#10;        at sun.misc.Unsafe.park(Native Method)&#10;        at java.util.concurrent.locks.LockSupport.parkNanos(LockSupport.java:215)&#10;        at java.util.concurrent.locks.AbstractQueuedSynchronizer$ConditionObject.awaitNanos(AbstractQueuedSynchronizer.java:2078)&#10;        at java.util.concurrent.LinkedBlockingQueue.poll(LinkedBlockingQueue.java:467)&#10;        at org.apache.hadoop.ipc.CallQueueManager.take(CallQueueManager.java:288)&#10;        at org.apache.hadoop.ipc.Server$Handler.run(Server.java:2668)&#10;&quot;qtp1866002564-282&quot; daemon prio=5 tid=282 timed_waiting&#10;java.lang.Thread.State: TIMED_WAITING&#10;        at sun.misc.Unsafe.park(Native Method)&#10;        at java.util.concurrent.locks.LockSupport.parkNanos(LockSupport.java:215)&#10;        at java.util.concurrent.locks.AbstractQueuedSynchronizer$ConditionObject.awaitNanos(AbstractQueuedSynchronizer.java:2078)&#10;        at org.eclipse.jetty.util.BlockingArrayQueue.poll(BlockingArrayQueue.java:392)&#10;        at org.eclipse.jetty.util.thread.QueuedThreadPool.idleJobPoll(QueuedThreadPool.java:563)&#10;        at org.eclipse.jetty.util.thread.QueuedThreadPool.access$800(QueuedThreadPool.java:48)&#10;        at org.eclipse.jetty.util.thread.QueuedThreadPool$2.run(QueuedThreadPool.java:626)&#10;        at java.lang.Thread.run(Thread.java:748)&#10;&quot;pool-26-thread-11&quot;  prio=5 tid=461 in Object.wait()&#10;java.lang.Thread.State: WAITING (on object monitor)&#10;        at sun.misc.Unsafe.park(Native Method)&#10;        at java.util.concurrent.locks.LockSupport.park(LockSupport.java:175)&#10;        at java.util.concurrent.locks.AbstractQueuedSynchronizer$ConditionObject.await(AbstractQueuedSynchronizer.java:2039)&#10;        at java.util.concurrent.ArrayBlockingQueue.take(ArrayBlockingQueue.java:403)&#10;        at java.util.concurrent.ThreadPoolExecutor.getTask(ThreadPoolExecutor.java:1074)&#10;        at java.util.concurrent.ThreadPoolExecutor.runWorker(ThreadPoolExecutor.java:1134)&#10;        at java.util.concurrent.ThreadPoolExecutor$Worker.run(ThreadPoolExecutor.java:624)&#10;        at java.lang.Thread.run(Thread.java:748)&#10;&quot;pool-47-thread-9&quot;  prio=5 tid=520 in Object.wait()&#10;java.lang.Thread.State: WAITING (on object monitor)&#10;        at sun.misc.Unsafe.park(Native Method)&#10;        at java.util.concurrent.locks.LockSupport.park(LockSupport.java:175)&#10;        at java.util.concurrent.locks.AbstractQueuedSynchronizer$ConditionObject.await(AbstractQueuedSynchronizer.java:2039)&#10;        at java.util.concurrent.ArrayBlockingQueue.take(ArrayBlockingQueue.java:403)&#10;        at java.util.concurrent.ThreadPoolExecutor.getTask(ThreadPoolExecutor.java:1074)&#10;        at java.util.concurrent.ThreadPoolExecutor.runWorker(ThreadPoolExecutor.java:1134)&#10;        at java.util.concurrent.ThreadPoolExecutor$Worker.run(ThreadPoolExecutor.java:624)&#10;        at java.lang.Thread.run(Thread.java:748)&#10;&quot;Datanode State Machine Thread - 0&quot; daemon prio=5 tid=301 timed_waiting&#10;java.lang.Thread.State: TIMED_WAITING&#10;        at sun.misc.Unsafe.park(Native Method)&#10;        at java.util.concurrent.locks.LockSupport.parkNanos(LockSupport.java:215)&#10;        at java.util.concurrent.SynchronousQueue$TransferStack.awaitFulfill(SynchronousQueue.java:460)&#10;        at java.util.concurrent.SynchronousQueue$TransferStack.transfer(SynchronousQueue.java:362)&#10;        at java.util.concurrent.SynchronousQueue.poll(SynchronousQueue.java:941)&#10;        at java.util.concurrent.ThreadPoolExecutor.getTask(ThreadPoolExecutor.java:1073)&#10;        at java.util.concurrent.ThreadPoolExecutor.runWorker(ThreadPoolExecutor.java:1134)&#10;        at java.util.concurrent.ThreadPoolExecutor$Worker.run(ThreadPoolExecutor.java:624)&#10;        at java.lang.Thread.run(Thread.java:748)&#10;&quot;pool-68-thread-52&quot;  prio=5 tid=623 in Object.wait()&#10;java.lang.Thread.State: WAITING (on object monitor)&#10;        at sun.misc.Unsafe.park(Native Method)&#10;        at java.util.concurrent.locks.LockSupport.park(LockSupport.java:175)&#10;        at java.util.concurrent.locks.AbstractQueuedSynchronizer$ConditionObject.await(AbstractQueuedSynchronizer.java:2039)&#10;        at java.util.concurrent.ArrayBlockingQueue.take(ArrayBlockingQueue.java:403)&#10;        at java.util.concurrent.ThreadPoolExecutor.getTask(ThreadPoolExecutor.java:1074)&#10;        at java.util.concurrent.ThreadPoolExecutor.runWorker(ThreadPoolExecutor.java:1134)&#10;        at java.util.concurrent.ThreadPoolExecutor$Worker.run(ThreadPoolExecutor.java:624)&#10;        at java.lang.Thread.run(Thread.java:748)&#10;&quot;BlockDeletingService#2&quot; daemon prio=5 tid=1877 in Object.wait()&#10;java.lang.Thread.State: WAITING (on object monitor)&#10;        at sun.misc.Unsafe.park(Native Method)&#10;        at java.util.concurrent.locks.LockSupport.park(LockSupport.java:175)&#10;        at java.util.concurrent.locks.AbstractQueuedSynchronizer$ConditionObject.await(AbstractQueuedSynchronizer.java:2039)&#10;        at java.util.concurrent.ScheduledThreadPoolExecutor$DelayedWorkQueue.take(ScheduledThreadPoolExecutor.java:1088)&#10;        at java.util.concurrent.ScheduledThreadPoolExecutor$DelayedWorkQueue.take(ScheduledThreadPoolExecutor.java:809)&#10;        at java.util.concurrent.ThreadPoolExecutor.getTask(ThreadPoolExecutor.java:1074)&#10;        at java.util.concurrent.ThreadPoolExecutor.runWorker(ThreadPoolExecutor.java:1134)&#10;        at java.util.concurrent.ThreadPoolExecutor$Worker.run(ThreadPoolExecutor.java:624)&#10;        at java.lang.Thread.run(Thread.java:748)&#10;&quot;pool-68-thread-44&quot;  prio=5 tid=615 in Object.wait()&#10;java.lang.Thread.State: WAITING (on object monitor)&#10;        at sun.misc.Unsafe.park(Native Method)&#10;        at java.util.concurrent.locks.LockSupport.park(LockSupport.java:175)&#10;        at java.util.concurrent.locks.AbstractQueuedSynchronizer$ConditionObject.await(AbstractQueuedSynchronizer.java:2039)&#10;        at java.util.concurrent.ArrayBlockingQueue.take(ArrayBlockingQueue.java:403)&#10;        at java.util.concurrent.ThreadPoolExecutor.getTask(ThreadPoolExecutor.java:1074)&#10;        at java.util.concurrent.ThreadPoolExecutor.runWorker(ThreadPoolExecutor.java:1134)&#10;        at java.util.concurrent.ThreadPoolExecutor$Worker.run(ThreadPoolExecutor.java:624)&#10;        at java.lang.Thread.run(Thread.java:748)&#10;&quot;pool-131-thread-41&quot;  prio=5 tid=792 in Object.wait()&#10;java.lang.Thread.State: WAITING (on object monitor)&#10;        at sun.misc.Unsafe.park(Native Method)&#10;        at java.util.concurrent.locks.LockSupport.park(LockSupport.java:175)&#10;        at java.util.concurrent.locks.AbstractQueuedSynchronizer$ConditionObject.await(AbstractQueuedSynchronizer.java:2039)&#10;        at java.util.concurrent.ArrayBlockingQueue.take(ArrayBlockingQueue.java:403)&#10;        at java.util.concurrent.ThreadPoolExecutor.getTask(ThreadPoolExecutor.java:1074)&#10;        at java.util.concurrent.ThreadPoolExecutor.runWorker(ThreadPoolExecutor.java:1134)&#10;        at java.util.concurrent.ThreadPoolExecutor$Worker.run(ThreadPoolExecutor.java:624)&#10;        at java.lang.Thread.run(Thread.java:748)&#10;&quot;refreshUsed-/opt/src/hadoop-ozone/integration-test/target/test-dir/MiniOzoneClusterImpl-add696fe-84ac-4b45-a2ee-012b057e1087/datanode-5/data/containers&quot; daemon prio=5 tid=303 timed_waiting&#10;java.lang.Thread.State: TIMED_WAITING&#10;        at java.lang.Thread.sleep(Native Method)&#10;        at org.apache.hadoop.fs.CachingGetSpaceUsed$RefreshThread.run(CachingGetSpaceUsed.java:179)&#10;        at java.lang.Thread.run(Thread.java:748)&#10;&quot;BlockDeletingService#0&quot; daemon prio=5 tid=187 in Object.wait()&#10;java.lang.Thread.State: WAITING (on object monitor)&#10;        at sun.misc.Unsafe.park(Native Method)&#10;        at java.util.concurrent.locks.LockSupport.park(LockSupport.java:175)&#10;        at java.util.concurrent.locks.AbstractQueuedSynchronizer$ConditionObject.await(AbstractQueuedSynchronizer.java:2039)&#10;        at java.util.concurrent.ScheduledThreadPoolExecutor$DelayedWorkQueue.take(ScheduledThreadPoolExecutor.java:1088)&#10;        at java.util.concurrent.ScheduledThreadPoolExecutor$DelayedWorkQueue.take(ScheduledThreadPoolExecutor.java:809)&#10;        at java.util.concurrent.ThreadPoolExecutor.getTask(ThreadPoolExecutor.java:1074)&#10;        at java.util.concurrent.ThreadPoolExecutor.runWorker(ThreadPoolExecutor.java:1134)&#10;        at java.util.concurrent.ThreadPoolExecutor$Worker.run(ThreadPoolExecutor.java:624)&#10;        at java.lang.Thread.run(Thread.java:748)&#10;&quot;pool-47-thread-18&quot;  prio=5 tid=529 in Object.wait()&#10;java.lang.Thread.State: WAITING (on object monitor)&#10;        at sun.misc.Unsafe.park(Native Method)&#10;        at java.util.concurrent.locks.LockSupport.park(LockSupport.java:175)&#10;        at java.util.concurrent.locks.AbstractQueuedSynchronizer$ConditionObject.await(AbstractQueuedSynchronizer.java:2039)&#10;        at java.util.concurrent.ArrayBlockingQueue.take(ArrayBlockingQueue.java:403)&#10;        at java.util.concurrent.ThreadPoolExecutor.getTask(ThreadPoolExecutor.java:1074)&#10;        at java.util.concurrent.ThreadPoolExecutor.runWorker(ThreadPoolExecutor.java:1134)&#10;        at java.util.concurrent.ThreadPoolExecutor$Worker.run(ThreadPoolExecutor.java:624)&#10;        at java.lang.Thread.run(Thread.java:748)&#10;&quot;pool-152-thread-36&quot;  prio=5 tid=847 in Object.wait()&#10;java.lang.Thread.State: WAITING (on object monitor)&#10;        at sun.misc.Unsafe.park(Native Method)&#10;        at java.util.concurrent.locks.LockSupport.park(LockSupport.java:175)&#10;        at java.util.concurrent.locks.AbstractQueuedSynchronizer$ConditionObject.await(AbstractQueuedSynchronizer.java:2039)&#10;        at java.util.concurrent.ArrayBlockingQueue.take(ArrayBlockingQueue.java:403)&#10;        at java.util.concurrent.ThreadPoolExecutor.getTask(ThreadPoolExecutor.java:1074)&#10;        at java.util.concurrent.ThreadPoolExecutor.runWorker(ThreadPoolExecutor.java:1134)&#10;        at java.util.concurrent.ThreadPoolExecutor$Worker.run(ThreadPoolExecutor.java:624)&#10;        at java.lang.Thread.run(Thread.java:748)&#10;&quot;org.eclipse.jetty.server.session.HashSessionManager@235f4c10Timer&quot; daemon prio=5 tid=98 timed_waiting&#10;java.lang.Thread.State: TIMED_WAITING&#10;        at sun.misc.Unsafe.park(Native Method)&#10;        at java.util.concurrent.locks.LockSupport.parkNanos(LockSupport.java:215)&#10;        at java.util.concurrent.locks.AbstractQueuedSynchronizer$ConditionObject.awaitNanos(AbstractQueuedSynchronizer.java:2078)&#10;        at java.util.concurrent.ScheduledThreadPoolExecutor$DelayedWorkQueue.take(ScheduledThreadPoolExecutor.java:1093)&#10;        at java.util.concurrent.ScheduledThreadPoolExecutor$DelayedWorkQueue.take(ScheduledThreadPoolExecutor.java:809)&#10;        at java.util.concurrent.ThreadPoolExecutor.getTask(ThreadPoolExecutor.java:1074)&#10;        at java.util.concurrent.ThreadPoolExecutor.runWorker(ThreadPoolExecutor.java:1134)&#10;        at java.util.concurrent.ThreadPoolExecutor$Worker.run(ThreadPoolExecutor.java:624)&#10;        at java.lang.Thread.run(Thread.java:748)&#10;&quot;pool-152-thread-51&quot;  prio=5 tid=862 in Object.wait()&#10;java.lang.Thread.State: WAITING (on object monitor)&#10;        at sun.misc.Unsafe.park(Native Method)&#10;        at java.util.concurrent.locks.LockSupport.park(LockSupport.java:175)&#10;        at java.util.concurrent.locks.AbstractQueuedSynchronizer$ConditionObject.await(AbstractQueuedSynchronizer.java:2039)&#10;        at java.util.concurrent.ArrayBlockingQueue.take(ArrayBlockingQueue.java:403)&#10;        at java.util.concurrent.ThreadPoolExecutor.getTask(ThreadPoolExecutor.java:1074)&#10;        at java.util.concurrent.ThreadPoolExecutor.runWorker(ThreadPoolExecutor.java:1134)&#10;        at java.util.concurrent.ThreadPoolExecutor$Worker.run(ThreadPoolExecutor.java:624)&#10;        at java.lang.Thread.run(Thread.java:748)&#10;&quot;pool-26-thread-42&quot;  prio=5 tid=492 in Object.wait()&#10;java.lang.Thread.State: WAITING (on object monitor)&#10;        at sun.misc.Unsafe.park(Native Method)&#10;        at java.util.concurrent.locks.LockSupport.park(LockSupport.java:175)&#10;        at java.util.concurrent.locks.AbstractQueuedSynchronizer$ConditionObject.await(AbstractQueuedSynchronizer.java:2039)&#10;        at java.util.concurrent.ArrayBlockingQueue.take(ArrayBlockingQueue.java:403)&#10;        at java.util.concurrent.ThreadPoolExecutor.getTask(ThreadPoolExecutor.java:1074)&#10;        at java.util.concurrent.ThreadPoolExecutor.runWorker(ThreadPoolExecutor.java:1134)&#10;        at java.util.concurrent.ThreadPoolExecutor$Worker.run(ThreadPoolExecutor.java:624)&#10;        at java.lang.Thread.run(Thread.java:748)&#10;&quot;qtp838812606-96&quot; daemon prio=5 tid=96 timed_waiting&#10;java.lang.Thread.State: TIMED_WAITING&#10;        at sun.misc.Unsafe.park(Native Method)&#10;        at java.util.concurrent.locks.LockSupport.parkNanos(LockSupport.java:215)&#10;        at java.util.concurrent.locks.AbstractQueuedSynchronizer$ConditionObject.awaitNanos(AbstractQueuedSynchronizer.java:2078)&#10;        at org.eclipse.jetty.util.BlockingArrayQueue.poll(BlockingArrayQueue.java:392)&#10;        at org.eclipse.jetty.util.thread.QueuedThreadPool.idleJobPoll(QueuedThreadPool.java:563)&#10;        at org.eclipse.jetty.util.thread.QueuedThreadPool.access$800(QueuedThreadPool.java:48)&#10;        at org.eclipse.jetty.util.thread.QueuedThreadPool$2.run(QueuedThreadPool.java:626)&#10;        at java.lang.Thread.run(Thread.java:748)&#10;&quot;Datanode ReportManager Thread - 3&quot; daemon prio=5 tid=416 timed_waiting&#10;java.lang.Thread.State: TIMED_WAITING&#10;        at sun.misc.Unsafe.park(Native Method)&#10;        at java.util.concurrent.locks.LockSupport.parkNanos(LockSupport.java:215)&#10;        at java.util.concurrent.locks.AbstractQueuedSynchronizer$ConditionObject.awaitNanos(AbstractQueuedSynchronizer.java:2078)&#10;        at java.util.concurrent.ScheduledThreadPoolExecutor$DelayedWorkQueue.take(ScheduledThreadPoolExecutor.java:1093)&#10;        at java.util.concurrent.ScheduledThreadPoolExecutor$DelayedWorkQueue.take(ScheduledThreadPoolExecutor.java:809)&#10;        at java.util.concurrent.ThreadPoolExecutor.getTask(ThreadPoolExecutor.java:1074)&#10;        at java.util.concurrent.ThreadPoolExecutor.runWorker(ThreadPoolExecutor.java:1134)&#10;        at java.util.concurrent.ThreadPoolExecutor$Worker.run(ThreadPoolExecutor.java:624)&#10;        at java.lang.Thread.run(Thread.java:748)&#10;&quot;pool-68-thread-51&quot;  prio=5 tid=622 in Object.wait()&#10;java.lang.Thread.State: WAITING (on object monitor)&#10;        at sun.misc.Unsafe.park(Native Method)&#10;        at java.util.concurrent.locks.LockSupport.park(LockSupport.java:175)&#10;        at java.util.concurrent.locks.AbstractQueuedSynchronizer$ConditionObject.await(AbstractQueuedSynchronizer.java:2039)&#10;        at java.util.concurrent.ArrayBlockingQueue.take(ArrayBlockingQueue.java:403)&#10;        at java.util.concurrent.ThreadPoolExecutor.getTask(ThreadPoolExecutor.java:1074)&#10;        at java.util.concurrent.ThreadPoolExecutor.runWorker(ThreadPoolExecutor.java:1134)&#10;        at java.util.concurrent.ThreadPoolExecutor$Worker.run(ThreadPoolExecutor.java:624)&#10;        at java.lang.Thread.run(Thread.java:748)&#10;&quot;pool-194-thread-51&quot;  prio=5 tid=982 in Object.wait()&#10;java.lang.Thread.State: WAITING (on object monitor)&#10;        at sun.misc.Unsafe.park(Native Method)&#10;        at java.util.concurrent.locks.LockSupport.park(LockSupport.java:175)&#10;        at java.util.concurrent.locks.AbstractQueuedSynchronizer$ConditionObject.await(AbstractQueuedSynchronizer.java:2039)&#10;        at java.util.concurrent.ArrayBlockingQueue.take(ArrayBlockingQueue.java:403)&#10;        at java.util.concurrent.ThreadPoolExecutor.getTask(ThreadPoolExecutor.java:1074)&#10;        at java.util.concurrent.ThreadPoolExecutor.runWorker(ThreadPoolExecutor.java:1134)&#10;        at java.util.concurrent.ThreadPoolExecutor$Worker.run(ThreadPoolExecutor.java:624)&#10;        at java.lang.Thread.run(Thread.java:748)&#10;&quot;pool-68-thread-6&quot;  prio=5 tid=577 in Object.wait()&#10;java.lang.Thread.State: WAITING (on object monitor)&#10;        at sun.misc.Unsafe.park(Native Method)&#10;        at java.util.concurrent.locks.LockSupport.park(LockSupport.java:175)&#10;        at java.util.concurrent.locks.AbstractQueuedSynchronizer$ConditionObject.await(AbstractQueuedSynchronizer.java:2039)&#10;        at java.util.concurrent.ArrayBlockingQueue.take(ArrayBlockingQueue.java:403)&#10;        at java.util.concurrent.ThreadPoolExecutor.getTask(ThreadPoolExecutor.java:1074)&#10;        at java.util.concurrent.ThreadPoolExecutor.runWorker(ThreadPoolExecutor.java:1134)&#10;        at java.util.concurrent.ThreadPoolExecutor$Worker.run(ThreadPoolExecutor.java:624)&#10;        at java.lang.Thread.run(Thread.java:748)&#10;&quot;pool-89-thread-35&quot;  prio=5 tid=666 in Object.wait()&#10;java.lang.Thread.State: WAITING (on object monitor)&#10;        at sun.misc.Unsafe.park(Native Method)&#10;        at java.util.concurrent.locks.LockSupport.park(LockSupport.java:175)&#10;        at java.util.concurrent.locks.AbstractQueuedSynchronizer$ConditionObject.await(AbstractQueuedSynchronizer.java:2039)&#10;        at java.util.concurrent.ArrayBlockingQueue.take(ArrayBlockingQueue.java:403)&#10;        at java.util.concurrent.ThreadPoolExecutor.getTask(ThreadPoolExecutor.java:1074)&#10;        at java.util.concurrent.ThreadPoolExecutor.runWorker(ThreadPoolExecutor.java:1134)&#10;        at java.util.concurrent.ThreadPoolExecutor$Worker.run(ThreadPoolExecutor.java:624)&#10;        at java.lang.Thread.run(Thread.java:748)&#10;&quot;pool-167-thread-1&quot;  prio=5 tid=339 timed_waiting&#10;java.lang.Thread.State: TIMED_WAITING&#10;        at sun.misc.Unsafe.park(Native Method)&#10;        at java.util.concurrent.locks.LockSupport.parkNanos(LockSupport.java:215)&#10;        at java.util.concurrent.locks.AbstractQueuedSynchronizer$ConditionObject.awaitNanos(AbstractQueuedSynchronizer.java:2078)&#10;        at java.util.concurrent.ScheduledThreadPoolExecutor$DelayedWorkQueue.take(ScheduledThreadPoolExecutor.java:1093)&#10;        at java.util.concurrent.ScheduledThreadPoolExecutor$DelayedWorkQueue.take(ScheduledThreadPoolExecutor.java:809)&#10;        at java.util.concurrent.ThreadPoolExecutor.getTask(ThreadPoolExecutor.java:1074)&#10;        at java.util.concurrent.ThreadPoolExecutor.runWorker(ThreadPoolExecutor.java:1134)&#10;        at java.util.concurrent.ThreadPoolExecutor$Worker.run(ThreadPoolExecutor.java:624)&#10;        at java.lang.Thread.run(Thread.java:748)&#10;&quot;pool-173-thread-17&quot;  prio=5 tid=888 in Object.wait()&#10;java.lang.Thread.State: WAITING (on object monitor)&#10;        at sun.misc.Unsafe.park(Native Method)&#10;        at java.util.concurrent.locks.LockSupport.park(LockSupport.java:175)&#10;        at java.util.concurrent.locks.AbstractQueuedSynchronizer$ConditionObject.await(AbstractQueuedSynchronizer.java:2039)&#10;        at java.util.concurrent.ArrayBlockingQueue.take(ArrayBlockingQueue.java:403)&#10;        at java.util.concurrent.ThreadPoolExecutor.getTask(ThreadPoolExecutor.java:1074)&#10;        at java.util.concurrent.ThreadPoolExecutor.runWorker(ThreadPoolExecutor.java:1134)&#10;        at java.util.concurrent.ThreadPoolExecutor$Worker.run(ThreadPoolExecutor.java:624)&#10;        at java.lang.Thread.run(Thread.java:748)&#10;&quot;pool-215-thread-38&quot;  prio=5 tid=1029 in Object.wait()&#10;java.lang.Thread.State: WAITING (on object monitor)&#10;        at sun.misc.Unsafe.park(Native Method)&#10;        at java.util.concurrent.locks.LockSupport.park(LockSupport.java:175)&#10;        at java.util.concurrent.locks.AbstractQueuedSynchronizer$ConditionObject.await(AbstractQueuedSynchronizer.java:2039)&#10;        at java.util.concurrent.ArrayBlockingQueue.take(ArrayBlockingQueue.java:403)&#10;        at java.util.concurrent.ThreadPoolExecutor.getTask(ThreadPoolExecutor.java:1074)&#10;        at java.util.concurrent.ThreadPoolExecutor.runWorker(ThreadPoolExecutor.java:1134)&#10;        at java.util.concurrent.ThreadPoolExecutor$Worker.run(ThreadPoolExecutor.java:624)&#10;        at java.lang.Thread.run(Thread.java:748)&#10;&quot;pool-121-thread-1&quot;  prio=5 tid=1075 in Object.wait()&#10;java.lang.Thread.State: WAITING (on object monitor)&#10;        at sun.misc.Unsafe.park(Native Method)&#10;        at java.util.concurrent.locks.LockSupport.park(LockSupport.java:175)&#10;        at java.util.concurrent.locks.AbstractQueuedSynchronizer$ConditionObject.await(AbstractQueuedSynchronizer.java:2039)&#10;        at java.util.concurrent.LinkedBlockingQueue.take(LinkedBlockingQueue.java:442)&#10;        at java.util.concurrent.ThreadPoolExecutor.getTask(ThreadPoolExecutor.java:1074)&#10;        at java.util.concurrent.ThreadPoolExecutor.runWorker(ThreadPoolExecutor.java:1134)&#10;        at java.util.concurrent.ThreadPoolExecutor$Worker.run(ThreadPoolExecutor.java:624)&#10;        at java.lang.Thread.run(Thread.java:748)&#10;&quot;pool-110-thread-30&quot;  prio=5 tid=721 in Object.wait()&#10;java.lang.Thread.State: WAITING (on object monitor)&#10;        at sun.misc.Unsafe.park(Native Method)&#10;        at java.util.concurrent.locks.LockSupport.park(LockSupport.java:175)&#10;        at java.util.concurrent.locks.AbstractQueuedSynchronizer$ConditionObject.await(AbstractQueuedSynchronizer.java:2039)&#10;        at java.util.concurrent.ArrayBlockingQueue.take(ArrayBlockingQueue.java:403)&#10;        at java.util.concurrent.ThreadPoolExecutor.getTask(ThreadPoolExecutor.java:1074)&#10;        at java.util.concurrent.ThreadPoolExecutor.runWorker(ThreadPoolExecutor.java:1134)&#10;        at java.util.concurrent.ThreadPoolExecutor$Worker.run(ThreadPoolExecutor.java:624)&#10;        at java.lang.Thread.run(Thread.java:748)&#10;&quot;pool-68-thread-3&quot;  prio=5 tid=574 in Object.wait()&#10;java.lang.Thread.State: WAITING (on object monitor)&#10;        at sun.misc.Unsafe.park(Native Method)&#10;        at java.util.concurrent.locks.LockSupport.park(LockSupport.java:175)&#10;        at java.util.concurrent.locks.AbstractQueuedSynchronizer$ConditionObject.await(AbstractQueuedSynchronizer.java:2039)&#10;        at java.util.concurrent.ArrayBlockingQueue.take(ArrayBlockingQueue.java:403)&#10;        at java.util.concurrent.ThreadPoolExecutor.getTask(ThreadPoolExecutor.java:1074)&#10;        at java.util.concurrent.ThreadPoolExecutor.runWorker(ThreadPoolExecutor.java:1134)&#10;        at java.util.concurrent.ThreadPoolExecutor$Worker.run(ThreadPoolExecutor.java:624)&#10;        at java.lang.Thread.run(Thread.java:748)&#10;&quot;pool-215-thread-40&quot;  prio=5 tid=1031 in Object.wait()&#10;java.lang.Thread.State: WAITING (on object monitor)&#10;        at sun.misc.Unsafe.park(Native Method)&#10;        at java.util.concurrent.locks.LockSupport.park(LockSupport.java:175)&#10;        at java.util.concurrent.locks.AbstractQueuedSynchronizer$ConditionObject.await(AbstractQueuedSynchronizer.java:2039)&#10;        at java.util.concurrent.ArrayBlockingQueue.take(ArrayBlockingQueue.java:403)&#10;        at java.util.concurrent.ThreadPoolExecutor.getTask(ThreadPoolExecutor.java:1074)&#10;        at java.util.concurrent.ThreadPoolExecutor.runWorker(ThreadPoolExecutor.java:1134)&#10;        at java.util.concurrent.ThreadPoolExecutor$Worker.run(ThreadPoolExecutor.java:624)&#10;        at java.lang.Thread.run(Thread.java:748)&#10;&quot;IPC Server handler 19 on 38877&quot; daemon prio=5 tid=133 timed_waiting&#10;java.lang.Thread.State: TIMED_WAITING&#10;        at sun.misc.Unsafe.park(Native Method)&#10;        at java.util.concurrent.locks.LockSupport.parkNanos(LockSupport.java:215)&#10;        at java.util.concurrent.locks.AbstractQueuedSynchronizer$ConditionObject.awaitNanos(AbstractQueuedSynchronizer.java:2078)&#10;        at java.util.concurrent.LinkedBlockingQueue.poll(LinkedBlockingQueue.java:467)&#10;        at org.apache.hadoop.ipc.CallQueueManager.take(CallQueueManager.java:288)&#10;        at org.apache.hadoop.ipc.Server$Handler.run(Server.java:2668)&#10;&quot;org.eclipse.jetty.server.session.HashSessionManager@66a82a13Timer&quot; daemon prio=5 tid=378 timed_waiting&#10;java.lang.Thread.State: TIMED_WAITING&#10;        at sun.misc.Unsafe.park(Native Method)&#10;        at java.util.concurrent.locks.LockSupport.parkNanos(LockSupport.java:215)&#10;        at java.util.concurrent.locks.AbstractQueuedSynchronizer$ConditionObject.awaitNanos(AbstractQueuedSynchronizer.java:2078)&#10;        at java.util.concurrent.ScheduledThreadPoolExecutor$DelayedWorkQueue.take(ScheduledThreadPoolExecutor.java:1093)&#10;        at java.util.concurrent.ScheduledThreadPoolExecutor$DelayedWorkQueue.take(ScheduledThreadPoolExecutor.java:809)&#10;        at java.util.concurrent.ThreadPoolExecutor.getTask(ThreadPoolExecutor.java:1074)&#10;        at java.util.concurrent.ThreadPoolExecutor.runWorker(ThreadPoolExecutor.java:1134)&#10;        at java.util.concurrent.ThreadPoolExecutor$Worker.run(ThreadPoolExecutor.java:624)&#10;        at java.lang.Thread.run(Thread.java:748)&#10;&quot;pool-89-thread-27&quot;  prio=5 tid=658 in Object.wait()&#10;java.lang.Thread.State: WAITING (on object monitor)&#10;        at sun.misc.Unsafe.park(Native Method)&#10;        at java.util.concurrent.locks.LockSupport.park(LockSupport.java:175)&#10;        at java.util.concurrent.locks.AbstractQueuedSynchronizer$ConditionObject.await(AbstractQueuedSynchronizer.java:2039)&#10;        at java.util.concurrent.ArrayBlockingQueue.take(ArrayBlockingQueue.java:403)&#10;        at java.util.concurrent.ThreadPoolExecutor.getTask(ThreadPoolExecutor.java:1074)&#10;        at java.util.concurrent.ThreadPoolExecutor.runWorker(ThreadPoolExecutor.java:1134)&#10;        at java.util.concurrent.ThreadPoolExecutor$Worker.run(ThreadPoolExecutor.java:624)&#10;        at java.lang.Thread.run(Thread.java:748)&#10;&quot;Thread-381&quot; daemon prio=5 tid=1194 timed_waiting&#10;java.lang.Thread.State: TIMED_WAITING&#10;        at sun.misc.Unsafe.park(Native Method)&#10;        at java.util.concurrent.locks.LockSupport.parkNanos(LockSupport.java:215)&#10;        at java.util.concurrent.locks.AbstractQueuedSynchronizer$ConditionObject.awaitNanos(AbstractQueuedSynchronizer.java:2078)&#10;        at java.util.concurrent.ArrayBlockingQueue.poll(ArrayBlockingQueue.java:418)&#10;        at org.apache.ratis.server.impl.LeaderState$EventQueue.poll(LeaderState.java:114)&#10;        at org.apache.ratis.server.impl.LeaderState$EventProcessor.run(LeaderState.java:438)&#10;&quot;org.apache.ratis.server.impl.LogAppender$$Lambda$313/942784436@2d525b71&quot; daemon prio=5 tid=1165 timed_waiting&#10;java.lang.Thread.State: TIMED_WAITING&#10;        at java.lang.Object.wait(Native Method)&#10;        at org.apache.ratis.grpc.server.GrpcLogAppender.mayWait(GrpcLogAppender.java:140)&#10;        at org.apache.ratis.grpc.server.GrpcLogAppender.runAppenderImpl(GrpcLogAppender.java:94)&#10;        at org.apache.ratis.server.impl.LogAppender.runAppender(LogAppender.java:101)&#10;        at org.apache.ratis.server.impl.LogAppender$$Lambda$313/942784436.run(Unknown Source)&#10;        at java.lang.Thread.run(Thread.java:748)&#10;&quot;pool-68-thread-27&quot;  prio=5 tid=598 in Object.wait()&#10;java.lang.Thread.State: WAITING (on object monitor)&#10;        at sun.misc.Unsafe.park(Native Method)&#10;        at java.util.concurrent.locks.LockSupport.park(LockSupport.java:175)&#10;        at java.util.concurrent.locks.AbstractQueuedSynchronizer$ConditionObject.await(AbstractQueuedSynchronizer.java:2039)&#10;        at java.util.concurrent.ArrayBlockingQueue.take(ArrayBlockingQueue.java:403)&#10;        at java.util.concurrent.ThreadPoolExecutor.getTask(ThreadPoolExecutor.java:1074)&#10;        at java.util.concurrent.ThreadPoolExecutor.runWorker(ThreadPoolExecutor.java:1134)&#10;        at java.util.concurrent.ThreadPoolExecutor$Worker.run(ThreadPoolExecutor.java:624)&#10;        at java.lang.Thread.run(Thread.java:748)&#10;&quot;IPC Server handler 16 on 38877&quot; daemon prio=5 tid=130 timed_waiting&#10;java.lang.Thread.State: TIMED_WAITING&#10;        at sun.misc.Unsafe.park(Native Method)&#10;        at java.util.concurrent.locks.LockSupport.parkNanos(LockSupport.java:215)&#10;        at java.util.concurrent.locks.AbstractQueuedSynchronizer$ConditionObject.awaitNanos(AbstractQueuedSynchronizer.java:2078)&#10;        at java.util.concurrent.LinkedBlockingQueue.poll(LinkedBlockingQueue.java:467)&#10;        at org.apache.hadoop.ipc.CallQueueManager.take(CallQueueManager.java:288)&#10;        at org.apache.hadoop.ipc.Server$Handler.run(Server.java:2668)&#10;&quot;pool-131-thread-51&quot;  prio=5 tid=802 in Object.wait()&#10;java.lang.Thread.State: WAITING (on object monitor)&#10;        at sun.misc.Unsafe.park(Native Method)&#10;        at java.util.concurrent.locks.LockSupport.park(LockSupport.java:175)&#10;        at java.util.concurrent.locks.AbstractQueuedSynchronizer$ConditionObject.await(AbstractQueuedSynchronizer.java:2039)&#10;        at java.util.concurrent.ArrayBlockingQueue.take(ArrayBlockingQueue.java:403)&#10;        at java.util.concurrent.ThreadPoolExecutor.getTask(ThreadPoolExecutor.java:1074)&#10;        at java.util.concurrent.ThreadPoolExecutor.runWorker(ThreadPoolExecutor.java:1134)&#10;        at java.util.concurrent.ThreadPoolExecutor$Worker.run(ThreadPoolExecutor.java:624)&#10;        at java.lang.Thread.run(Thread.java:748)&#10;&quot;pool-110-thread-58&quot;  prio=5 tid=749 in Object.wait()&#10;java.lang.Thread.State: WAITING (on object monitor)&#10;        at sun.misc.Unsafe.park(Native Method)&#10;        at java.util.concurrent.locks.LockSupport.park(LockSupport.java:175)&#10;        at java.util.concurrent.locks.AbstractQueuedSynchronizer$ConditionObject.await(AbstractQueuedSynchronizer.java:2039)&#10;        at java.util.concurrent.ArrayBlockingQueue.take(ArrayBlockingQueue.java:403)&#10;        at java.util.concurrent.ThreadPoolExecutor.getTask(ThreadPoolExecutor.java:1074)&#10;        at java.util.concurrent.ThreadPoolExecutor.runWorker(ThreadPoolExecutor.java:1134)&#10;        at java.util.concurrent.ThreadPoolExecutor$Worker.run(ThreadPoolExecutor.java:624)&#10;        at java.lang.Thread.run(Thread.java:748)&#10;&quot;pool-26-thread-46&quot;  prio=5 tid=496 in Object.wait()&#10;java.lang.Thread.State: WAITING (on object monitor)&#10;        at sun.misc.Unsafe.park(Native Method)&#10;        at java.util.concurrent.locks.LockSupport.park(LockSupport.java:175)&#10;        at java.util.concurrent.locks.AbstractQueuedSynchronizer$ConditionObject.await(AbstractQueuedSynchronizer.java:2039)&#10;        at java.util.concurrent.ArrayBlockingQueue.take(ArrayBlockingQueue.java:403)&#10;        at java.util.concurrent.ThreadPoolExecutor.getTask(ThreadPoolExecutor.java:1074)&#10;        at java.util.concurrent.ThreadPoolExecutor.runWorker(ThreadPoolExecutor.java:1134)&#10;        at java.util.concurrent.ThreadPoolExecutor$Worker.run(ThreadPoolExecutor.java:624)&#10;        at java.lang.Thread.run(Thread.java:748)&#10;&quot;pool-66-thread-1&quot; daemon prio=5 tid=215 timed_waiting&#10;java.lang.Thread.State: TIMED_WAITING&#10;        at sun.misc.Unsafe.park(Native Method)&#10;        at java.util.concurrent.locks.LockSupport.parkNanos(LockSupport.java:215)&#10;        at java.util.concurrent.locks.AbstractQueuedSynchronizer$ConditionObject.awaitNanos(AbstractQueuedSynchronizer.java:2078)&#10;        at java.util.concurrent.ScheduledThreadPoolExecutor$DelayedWorkQueue.take(ScheduledThreadPoolExecutor.java:1093)&#10;        at java.util.concurrent.ScheduledThreadPoolExecutor$DelayedWorkQueue.take(ScheduledThreadPoolExecutor.java:809)&#10;        at java.util.concurrent.ThreadPoolExecutor.getTask(ThreadPoolExecutor.java:1074)&#10;        at java.util.concurrent.ThreadPoolExecutor.runWorker(ThreadPoolExecutor.java:1134)&#10;        at java.util.concurrent.ThreadPoolExecutor$Worker.run(ThreadPoolExecutor.java:624)&#10;        at java.lang.Thread.run(Thread.java:748)&#10;&quot;pool-26-thread-37&quot;  prio=5 tid=487 in Object.wait()&#10;java.lang.Thread.State: WAITING (on object monitor)&#10;        at sun.misc.Unsafe.park(Native Method)&#10;        at java.util.concurrent.locks.LockSupport.park(LockSupport.java:175)&#10;        at java.util.concurrent.locks.AbstractQueuedSynchronizer$ConditionObject.await(AbstractQueuedSynchronizer.java:2039)&#10;        at java.util.concurrent.ArrayBlockingQueue.take(ArrayBlockingQueue.java:403)&#10;        at java.util.concurrent.ThreadPoolExecutor.getTask(ThreadPoolExecutor.java:1074)&#10;        at java.util.concurrent.ThreadPoolExecutor.runWorker(ThreadPoolExecutor.java:1134)&#10;        at java.util.concurrent.ThreadPoolExecutor$Worker.run(ThreadPoolExecutor.java:624)&#10;        at java.lang.Thread.run(Thread.java:748)&#10;&quot;Thread-348&quot; daemon prio=5 tid=1161 timed_waiting&#10;java.lang.Thread.State: TIMED_WAITING&#10;        at sun.misc.Unsafe.park(Native Method)&#10;        at java.util.concurrent.locks.LockSupport.parkNanos(LockSupport.java:215)&#10;        at java.util.concurrent.locks.AbstractQueuedSynchronizer$ConditionObject.awaitNanos(AbstractQueuedSynchronizer.java:2078)&#10;        at java.util.concurrent.ArrayBlockingQueue.poll(ArrayBlockingQueue.java:418)&#10;        at org.apache.ratis.server.impl.LeaderState$EventQueue.poll(LeaderState.java:114)&#10;        at org.apache.ratis.server.impl.LeaderState$EventProcessor.run(LeaderState.java:438)&#10;&quot;org.apache.hadoop.util.JvmPauseMonitor$Monitor@492d2e11&quot; daemon prio=5 tid=448 timed_waiting&#10;java.lang.Thread.State: TIMED_WAITING&#10;        at java.lang.Thread.sleep(Native Method)&#10;        at org.apache.hadoop.util.JvmPauseMonitor$Monitor.run(JvmPauseMonitor.java:192)&#10;        at java.lang.Thread.run(Thread.java:748)&#10;&quot;pool-173-thread-42&quot;  prio=5 tid=913 in Object.wait()&#10;java.lang.Thread.State: WAITING (on object monitor)&#10;        at sun.misc.Unsafe.park(Native Method)&#10;        at java.util.concurrent.locks.LockSupport.park(LockSupport.java:175)&#10;        at java.util.concurrent.locks.AbstractQueuedSynchronizer$ConditionObject.await(AbstractQueuedSynchronizer.java:2039)&#10;        at java.util.concurrent.ArrayBlockingQueue.take(ArrayBlockingQueue.java:403)&#10;        at java.util.concurrent.ThreadPoolExecutor.getTask(ThreadPoolExecutor.java:1074)&#10;        at java.util.concurrent.ThreadPoolExecutor.runWorker(ThreadPoolExecutor.java:1134)&#10;        at java.util.concurrent.ThreadPoolExecutor$Worker.run(ThreadPoolExecutor.java:624)&#10;        at java.lang.Thread.run(Thread.java:748)&#10;&quot;refreshUsed-/opt/src/hadoop-ozone/integration-test/target/test-dir/MiniOzoneClusterImpl-add696fe-84ac-4b45-a2ee-012b057e1087/datanode-9/data/containers&quot; daemon prio=5 tid=423 timed_waiting&#10;java.lang.Thread.State: TIMED_WAITING&#10;        at java.lang.Thread.sleep(Native Method)&#10;        at org.apache.hadoop.fs.CachingGetSpaceUsed$RefreshThread.run(CachingGetSpaceUsed.java:179)&#10;        at java.lang.Thread.run(Thread.java:748)&#10;&quot;Datanode State Machine Thread - 0&quot; daemon prio=5 tid=270 timed_waiting&#10;java.lang.Thread.State: TIMED_WAITING&#10;        at sun.misc.Unsafe.park(Native Method)&#10;        at java.util.concurrent.locks.LockSupport.parkNanos(LockSupport.java:215)&#10;        at java.util.concurrent.SynchronousQueue$TransferStack.awaitFulfill(SynchronousQueue.java:460)&#10;        at java.util.concurrent.SynchronousQueue$TransferStack.transfer(SynchronousQueue.java:362)&#10;        at java.util.concurrent.SynchronousQueue.poll(SynchronousQueue.java:941)&#10;        at java.util.concurrent.ThreadPoolExecutor.getTask(ThreadPoolExecutor.java:1073)&#10;        at java.util.concurrent.ThreadPoolExecutor.runWorker(ThreadPoolExecutor.java:1134)&#10;        at java.util.concurrent.ThreadPoolExecutor$Worker.run(ThreadPoolExecutor.java:624)&#10;        at java.lang.Thread.run(Thread.java:748)&#10;&quot;pool-89-thread-2&quot;  prio=5 tid=633 in Object.wait()&#10;java.lang.Thread.State: WAITING (on object monitor)&#10;        at sun.misc.Unsafe.park(Native Method)&#10;        at java.util.concurrent.locks.LockSupport.park(LockSupport.java:175)&#10;        at java.util.concurrent.locks.AbstractQueuedSynchronizer$ConditionObject.await(AbstractQueuedSynchronizer.java:2039)&#10;        at java.util.concurrent.ArrayBlockingQueue.take(ArrayBlockingQueue.java:403)&#10;        at java.util.concurrent.ThreadPoolExecutor.getTask(ThreadPoolExecutor.java:1074)&#10;        at java.util.concurrent.ThreadPoolExecutor.runWorker(ThreadPoolExecutor.java:1134)&#10;        at java.util.concurrent.ThreadPoolExecutor$Worker.run(ThreadPoolExecutor.java:624)&#10;        at java.lang.Thread.run(Thread.java:748)&#10;&quot;qtp630669831-256&quot; daemon prio=5 tid=256 timed_waiting&#10;java.lang.Thread.State: TIMED_WAITING&#10;        at sun.misc.Unsafe.park(Native Method)&#10;        at java.util.concurrent.locks.LockSupport.parkNanos(LockSupport.java:215)&#10;        at java.util.concurrent.locks.AbstractQueuedSynchronizer$ConditionObject.awaitNanos(AbstractQueuedSynchronizer.java:2078)&#10;        at org.eclipse.jetty.util.BlockingArrayQueue.poll(BlockingArrayQueue.java:392)&#10;        at org.eclipse.jetty.util.thread.QueuedThreadPool.idleJobPoll(QueuedThreadPool.java:563)&#10;        at org.eclipse.jetty.util.thread.QueuedThreadPool.access$800(QueuedThreadPool.java:48)&#10;        at org.eclipse.jetty.util.thread.QueuedThreadPool$2.run(QueuedThreadPool.java:626)&#10;        at java.lang.Thread.run(Thread.java:748)&#10;&quot;Thread-282&quot; daemon prio=5 tid=1059 timed_waiting&#10;java.lang.Thread.State: TIMED_WAITING&#10;        at java.lang.Thread.sleep(Native Method)&#10;        at org.apache.hadoop.hdds.scm.safemode.SafeModeHandler.lambda$onMessage$0(SafeModeHandler.java:114)&#10;        at org.apache.hadoop.hdds.scm.safemode.SafeModeHandler$$Lambda$159/484465710.run(Unknown Source)&#10;        at java.lang.Thread.run(Thread.java:748)&#10;&quot;IPC Server handler 3 on 33779&quot; daemon prio=5 tid=73 timed_waiting&#10;java.lang.Thread.State: TIMED_WAITING&#10;        at sun.misc.Unsafe.park(Native Method)&#10;        at java.util.concurrent.locks.LockSupport.parkNanos(LockSupport.java:215)&#10;        at java.util.concurrent.locks.AbstractQueuedSynchronizer$ConditionObject.awaitNanos(AbstractQueuedSynchronizer.java:2078)&#10;        at java.util.concurrent.LinkedBlockingQueue.poll(LinkedBlockingQueue.java:467)&#10;        at org.apache.hadoop.ipc.CallQueueManager.take(CallQueueManager.java:288)&#10;        at org.apache.hadoop.ipc.Server$Handler.run(Server.java:2668)&#10;&quot;pool-47-thread-23&quot;  prio=5 tid=534 in Object.wait()&#10;java.lang.Thread.State: WAITING (on object monitor)&#10;        at sun.misc.Unsafe.park(Native Method)&#10;        at java.util.concurrent.locks.LockSupport.park(LockSupport.java:175)&#10;        at java.util.concurrent.locks.AbstractQueuedSynchronizer$ConditionObject.await(AbstractQueuedSynchronizer.java:2039)&#10;        at java.util.concurrent.ArrayBlockingQueue.take(ArrayBlockingQueue.java:403)&#10;        at java.util.concurrent.ThreadPoolExecutor.getTask(ThreadPoolExecutor.java:1074)&#10;        at java.util.concurrent.ThreadPoolExecutor.runWorker(ThreadPoolExecutor.java:1134)&#10;        at java.util.concurrent.ThreadPoolExecutor$Worker.run(ThreadPoolExecutor.java:624)&#10;        at java.lang.Thread.run(Thread.java:748)&#10;&quot;pool-89-thread-43&quot;  prio=5 tid=674 in Object.wait()&#10;java.lang.Thread.State: WAITING (on object monitor)&#10;        at sun.misc.Unsafe.park(Native Method)&#10;        at java.util.concurrent.locks.LockSupport.park(LockSupport.java:175)&#10;        at java.util.concurrent.locks.AbstractQueuedSynchronizer$ConditionObject.await(AbstractQueuedSynchronizer.java:2039)&#10;        at java.util.concurrent.ArrayBlockingQueue.take(ArrayBlockingQueue.java:403)&#10;        at java.util.concurrent.ThreadPoolExecutor.getTask(ThreadPoolExecutor.java:1074)&#10;        at java.util.concurrent.ThreadPoolExecutor.runWorker(ThreadPoolExecutor.java:1134)&#10;        at java.util.concurrent.ThreadPoolExecutor$Worker.run(ThreadPoolExecutor.java:624)&#10;        at java.lang.Thread.run(Thread.java:748)&#10;&quot;qtp2106129052-403&quot; daemon prio=5 tid=403 timed_waiting&#10;java.lang.Thread.State: TIMED_WAITING&#10;        at sun.misc.Unsafe.park(Native Method)&#10;        at java.util.concurrent.locks.LockSupport.parkNanos(LockSupport.java:215)&#10;        at java.util.concurrent.locks.AbstractQueuedSynchronizer$ConditionObject.awaitNanos(AbstractQueuedSynchronizer.java:2078)&#10;        at org.eclipse.jetty.util.BlockingArrayQueue.poll(BlockingArrayQueue.java:392)&#10;        at org.eclipse.jetty.util.thread.QueuedThreadPool.idleJobPoll(QueuedThreadPool.java:563)&#10;        at org.eclipse.jetty.util.thread.QueuedThreadPool.access$800(QueuedThreadPool.java:48)&#10;        at org.eclipse.jetty.util.thread.QueuedThreadPool$2.run(QueuedThreadPool.java:626)&#10;        at java.lang.Thread.run(Thread.java:748)&#10;&quot;IPC Server idle connection scanner for port 46447&quot; daemon prio=5 tid=21 timed_waiting&#10;java.lang.Thread.State: TIMED_WAITING&#10;        at java.lang.Object.wait(Native Method)&#10;        at java.util.TimerThread.mainLoop(Timer.java:552)&#10;        at java.util.TimerThread.run(Timer.java:505)&#10;&quot;pool-173-thread-19&quot;  prio=5 tid=890 in Object.wait()&#10;java.lang.Thread.State: WAITING (on object monitor)&#10;        at sun.misc.Unsafe.park(Native Method)&#10;        at java.util.concurrent.locks.LockSupport.park(LockSupport.java:175)&#10;        at java.util.concurrent.locks.AbstractQueuedSynchronizer$ConditionObject.await(AbstractQueuedSynchronizer.java:2039)&#10;        at java.util.concurrent.ArrayBlockingQueue.take(ArrayBlockingQueue.java:403)&#10;        at java.util.concurrent.ThreadPoolExecutor.getTask(ThreadPoolExecutor.java:1074)&#10;        at java.util.concurrent.ThreadPoolExecutor.runWorker(ThreadPoolExecutor.java:1134)&#10;        at java.util.concurrent.ThreadPoolExecutor$Worker.run(ThreadPoolExecutor.java:624)&#10;        at java.lang.Thread.run(Thread.java:748)&#10;&quot;pool-89-thread-6&quot;  prio=5 tid=637 in Object.wait()&#10;java.lang.Thread.State: WAITING (on object monitor)&#10;        at sun.misc.Unsafe.park(Native Method)&#10;        at java.util.concurrent.locks.LockSupport.park(LockSupport.java:175)&#10;        at java.util.concurrent.locks.AbstractQueuedSynchronizer$ConditionObject.await(AbstractQueuedSynchronizer.java:2039)&#10;        at java.util.concurrent.ArrayBlockingQueue.take(ArrayBlockingQueue.java:403)&#10;        at java.util.concurrent.ThreadPoolExecutor.getTask(ThreadPoolExecutor.java:1074)&#10;        at java.util.concurrent.ThreadPoolExecutor.runWorker(ThreadPoolExecutor.java:1134)&#10;        at java.util.concurrent.ThreadPoolExecutor$Worker.run(ThreadPoolExecutor.java:624)&#10;        at java.lang.Thread.run(Thread.java:748)&#10;&quot;pool-68-thread-34&quot;  prio=5 tid=605 in Object.wait()&#10;java.lang.Thread.State: WAITING (on object monitor)&#10;        at sun.misc.Unsafe.park(Native Method)&#10;        at java.util.concurrent.locks.LockSupport.park(LockSupport.java:175)&#10;        at java.util.concurrent.locks.AbstractQueuedSynchronizer$ConditionObject.await(AbstractQueuedSynchronizer.java:2039)&#10;        at java.util.concurrent.ArrayBlockingQueue.take(ArrayBlockingQueue.java:403)&#10;        at java.util.concurrent.ThreadPoolExecutor.getTask(ThreadPoolExecutor.java:1074)&#10;        at java.util.concurrent.ThreadPoolExecutor.runWorker(ThreadPoolExecutor.java:1134)&#10;        at java.util.concurrent.ThreadPoolExecutor$Worker.run(ThreadPoolExecutor.java:624)&#10;        at java.lang.Thread.run(Thread.java:748)&#10;&quot;pool-215-thread-17&quot;  prio=5 tid=1008 in Object.wait()&#10;java.lang.Thread.State: WAITING (on object monitor)&#10;        at sun.misc.Unsafe.park(Native Method)&#10;        at java.util.concurrent.locks.LockSupport.park(LockSupport.java:175)&#10;        at java.util.concurrent.locks.AbstractQueuedSynchronizer$ConditionObject.await(AbstractQueuedSynchronizer.java:2039)&#10;        at java.util.concurrent.ArrayBlockingQueue.take(ArrayBlockingQueue.java:403)&#10;        at java.util.concurrent.ThreadPoolExecutor.getTask(ThreadPoolExecutor.java:1074)&#10;        at java.util.concurrent.ThreadPoolExecutor.runWorker(ThreadPoolExecutor.java:1134)&#10;        at java.util.concurrent.ThreadPoolExecutor$Worker.run(ThreadPoolExecutor.java:624)&#10;        at java.lang.Thread.run(Thread.java:748)&#10;&quot;pool-215-thread-15&quot;  prio=5 tid=1006 in Object.wait()&#10;java.lang.Thread.State: WAITING (on object monitor)&#10;        at sun.misc.Unsafe.park(Native Method)&#10;        at java.util.concurrent.locks.LockSupport.park(LockSupport.java:175)&#10;        at java.util.concurrent.locks.AbstractQueuedSynchronizer$ConditionObject.await(AbstractQueuedSynchronizer.java:2039)&#10;        at java.util.concurrent.ArrayBlockingQueue.take(ArrayBlockingQueue.java:403)&#10;        at java.util.concurrent.ThreadPoolExecutor.getTask(ThreadPoolExecutor.java:1074)&#10;        at java.util.concurrent.ThreadPoolExecutor.runWorker(ThreadPoolExecutor.java:1134)&#10;        at java.util.concurrent.ThreadPoolExecutor$Worker.run(ThreadPoolExecutor.java:624)&#10;        at java.lang.Thread.run(Thread.java:748)&#10;&quot;pool-173-thread-56&quot;  prio=5 tid=927 in Object.wait()&#10;java.lang.Thread.State: WAITING (on object monitor)&#10;        at sun.misc.Unsafe.park(Native Method)&#10;        at java.util.concurrent.locks.LockSupport.park(LockSupport.java:175)&#10;        at java.util.concurrent.locks.AbstractQueuedSynchronizer$ConditionObject.await(AbstractQueuedSynchronizer.java:2039)&#10;        at java.util.concurrent.ArrayBlockingQueue.take(ArrayBlockingQueue.java:403)&#10;        at java.util.concurrent.ThreadPoolExecutor.getTask(ThreadPoolExecutor.java:1074)&#10;        at java.util.concurrent.ThreadPoolExecutor.runWorker(ThreadPoolExecutor.java:1134)&#10;        at java.util.concurrent.ThreadPoolExecutor$Worker.run(ThreadPoolExecutor.java:624)&#10;        at java.lang.Thread.run(Thread.java:748)&#10;&quot;Datanode ReportManager Thread - 3&quot; daemon prio=5 tid=328 timed_waiting&#10;java.lang.Thread.State: TIMED_WAITING&#10;        at sun.misc.Unsafe.park(Native Method)&#10;        at java.util.concurrent.locks.LockSupport.parkNanos(LockSupport.java:215)&#10;        at java.util.concurrent.locks.AbstractQueuedSynchronizer$ConditionObject.awaitNanos(AbstractQueuedSynchronizer.java:2078)&#10;        at java.util.concurrent.ScheduledThreadPoolExecutor$DelayedWorkQueue.take(ScheduledThreadPoolExecutor.java:1093)&#10;        at java.util.concurrent.ScheduledThreadPoolExecutor$DelayedWorkQueue.take(ScheduledThreadPoolExecutor.java:809)&#10;        at java.util.concurrent.ThreadPoolExecutor.getTask(ThreadPoolExecutor.java:1074)&#10;        at java.util.concurrent.ThreadPoolExecutor.runWorker(ThreadPoolExecutor.java:1134)&#10;        at java.util.concurrent.ThreadPoolExecutor$Worker.run(ThreadPoolExecutor.java:624)&#10;        at java.lang.Thread.run(Thread.java:748)&#10;&quot;pool-152-thread-21&quot;  prio=5 tid=832 in Object.wait()&#10;java.lang.Thread.State: WAITING (on object monitor)&#10;        at sun.misc.Unsafe.park(Native Method)&#10;        at java.util.concurrent.locks.LockSupport.park(LockSupport.java:175)&#10;        at java.util.concurrent.locks.AbstractQueuedSynchronizer$ConditionObject.await(AbstractQueuedSynchronizer.java:2039)&#10;        at java.util.concurrent.ArrayBlockingQueue.take(ArrayBlockingQueue.java:403)&#10;        at java.util.concurrent.ThreadPoolExecutor.getTask(ThreadPoolExecutor.java:1074)&#10;        at java.util.concurrent.ThreadPoolExecutor.runWorker(ThreadPoolExecutor.java:1134)&#10;        at java.util.concurrent.ThreadPoolExecutor$Worker.run(ThreadPoolExecutor.java:624)&#10;        at java.lang.Thread.run(Thread.java:748)&#10;&quot;pool-89-thread-20&quot;  prio=5 tid=651 in Object.wait()&#10;java.lang.Thread.State: WAITING (on object monitor)&#10;        at sun.misc.Unsafe.park(Native Method)&#10;        at java.util.concurrent.locks.LockSupport.park(LockSupport.java:175)&#10;        at java.util.concurrent.locks.AbstractQueuedSynchronizer$ConditionObject.await(AbstractQueuedSynchronizer.java:2039)&#10;        at java.util.concurrent.ArrayBlockingQueue.take(ArrayBlockingQueue.java:403)&#10;        at java.util.concurrent.ThreadPoolExecutor.getTask(ThreadPoolExecutor.java:1074)&#10;        at java.util.concurrent.ThreadPoolExecutor.runWorker(ThreadPoolExecutor.java:1134)&#10;        at java.util.concurrent.ThreadPoolExecutor$Worker.run(ThreadPoolExecutor.java:624)&#10;        at java.lang.Thread.run(Thread.java:748)&#10;&quot;Datanode ReportManager Thread - 1&quot; daemon prio=5 tid=264 in Object.wait()&#10;java.lang.Thread.State: WAITING (on object monitor)&#10;        at sun.misc.Unsafe.park(Native Method)&#10;        at java.util.concurrent.locks.LockSupport.park(LockSupport.java:175)&#10;        at java.util.concurrent.locks.AbstractQueuedSynchronizer$ConditionObject.await(AbstractQueuedSynchronizer.java:2039)&#10;        at java.util.concurrent.ScheduledThreadPoolExecutor$DelayedWorkQueue.take(ScheduledThreadPoolExecutor.java:1088)&#10;        at java.util.concurrent.ScheduledThreadPoolExecutor$DelayedWorkQueue.take(ScheduledThreadPoolExecutor.java:809)&#10;        at java.util.concurrent.ThreadPoolExecutor.getTask(ThreadPoolExecutor.java:1074)&#10;        at java.util.concurrent.ThreadPoolExecutor.runWorker(ThreadPoolExecutor.java:1134)&#10;        at java.util.concurrent.ThreadPoolExecutor$Worker.run(ThreadPoolExecutor.java:624)&#10;        at java.lang.Thread.run(Thread.java:748)&#10;&quot;pool-152-thread-54&quot;  prio=5 tid=865 in Object.wait()&#10;java.lang.Thread.State: WAITING (on object monitor)&#10;        at sun.misc.Unsafe.park(Native Method)&#10;        at java.util.concurrent.locks.LockSupport.park(LockSupport.java:175)&#10;        at java.util.concurrent.locks.AbstractQueuedSynchronizer$ConditionObject.await(AbstractQueuedSynchronizer.java:2039)&#10;        at java.util.concurrent.ArrayBlockingQueue.take(ArrayBlockingQueue.java:403)&#10;        at java.util.concurrent.ThreadPoolExecutor.getTask(ThreadPoolExecutor.java:1074)&#10;        at java.util.concurrent.ThreadPoolExecutor.runWorker(ThreadPoolExecutor.java:1134)&#10;        at java.util.concurrent.ThreadPoolExecutor$Worker.run(ThreadPoolExecutor.java:624)&#10;        at java.lang.Thread.run(Thread.java:748)&#10;&quot;qtp648346093-344&quot; daemon prio=5 tid=344 timed_waiting&#10;java.lang.Thread.State: TIMED_WAITING&#10;        at sun.misc.Unsafe.park(Native Method)&#10;        at java.util.concurrent.locks.LockSupport.parkNanos(LockSupport.java:215)&#10;        at java.util.concurrent.locks.AbstractQueuedSynchronizer$ConditionObject.awaitNanos(AbstractQueuedSynchronizer.java:2078)&#10;        at org.eclipse.jetty.util.BlockingArrayQueue.poll(BlockingArrayQueue.java:392)&#10;        at org.eclipse.jetty.util.thread.QueuedThreadPool.idleJobPoll(QueuedThreadPool.java:563)&#10;        at org.eclipse.jetty.util.thread.QueuedThreadPool.access$800(QueuedThreadPool.java:48)&#10;        at org.eclipse.jetty.util.thread.QueuedThreadPool$2.run(QueuedThreadPool.java:626)&#10;        at java.lang.Thread.run(Thread.java:748)&#10;&quot;BlockDeletingService#0&quot; daemon prio=5 tid=247 in Object.wait()&#10;java.lang.Thread.State: WAITING (on object monitor)&#10;        at sun.misc.Unsafe.park(Native Method)&#10;        at java.util.concurrent.locks.LockSupport.park(LockSupport.java:175)&#10;        at java.util.concurrent.locks.AbstractQueuedSynchronizer$ConditionObject.await(AbstractQueuedSynchronizer.java:2039)&#10;        at java.util.concurrent.ScheduledThreadPoolExecutor$DelayedWorkQueue.take(ScheduledThreadPoolExecutor.java:1088)&#10;        at java.util.concurrent.ScheduledThreadPoolExecutor$DelayedWorkQueue.take(ScheduledThreadPoolExecutor.java:809)&#10;        at java.util.concurrent.ThreadPoolExecutor.getTask(ThreadPoolExecutor.java:1074)&#10;        at java.util.concurrent.ThreadPoolExecutor.runWorker(ThreadPoolExecutor.java:1134)&#10;        at java.util.concurrent.ThreadPoolExecutor$Worker.run(ThreadPoolExecutor.java:624)&#10;        at java.lang.Thread.run(Thread.java:748)&#10;&quot;pool-110-thread-18&quot;  prio=5 tid=709 in Object.wait()&#10;java.lang.Thread.State: WAITING (on object monitor)&#10;        at sun.misc.Unsafe.park(Native Method)&#10;        at java.util.concurrent.locks.LockSupport.park(LockSupport.java:175)&#10;        at java.util.concurrent.locks.AbstractQueuedSynchronizer$ConditionObject.await(AbstractQueuedSynchronizer.java:2039)&#10;        at java.util.concurrent.ArrayBlockingQueue.take(ArrayBlockingQueue.java:403)&#10;        at java.util.concurrent.ThreadPoolExecutor.getTask(ThreadPoolExecutor.java:1074)&#10;        at java.util.concurrent.ThreadPoolExecutor.runWorker(ThreadPoolExecutor.java:1134)&#10;        at java.util.concurrent.ThreadPoolExecutor$Worker.run(ThreadPoolExecutor.java:624)&#10;        at java.lang.Thread.run(Thread.java:748)&#10;&quot;qtp602280210-316&quot; daemon prio=5 tid=316 timed_waiting&#10;java.lang.Thread.State: TIMED_WAITING&#10;        at sun.misc.Unsafe.park(Native Method)&#10;        at java.util.concurrent.locks.LockSupport.parkNanos(LockSupport.java:215)&#10;        at java.util.concurrent.locks.AbstractQueuedSynchronizer$ConditionObject.awaitNanos(AbstractQueuedSynchronizer.java:2078)&#10;        at org.eclipse.jetty.util.BlockingArrayQueue.poll(BlockingArrayQueue.java:392)&#10;        at org.eclipse.jetty.util.thread.QueuedThreadPool.idleJobPoll(QueuedThreadPool.java:563)&#10;        at org.eclipse.jetty.util.thread.QueuedThreadPool.access$800(QueuedThreadPool.java:48)&#10;        at org.eclipse.jetty.util.thread.QueuedThreadPool$2.run(QueuedThreadPool.java:626)&#10;        at java.lang.Thread.run(Thread.java:748)&#10;&quot;KeyDeletingService#1&quot; daemon prio=5 tid=111 timed_waiting&#10;java.lang.Thread.State: TIMED_WAITING&#10;        at sun.misc.Unsafe.park(Native Method)&#10;        at java.util.concurrent.locks.LockSupport.parkNanos(LockSupport.java:215)&#10;        at java.util.concurrent.locks.AbstractQueuedSynchronizer$ConditionObject.awaitNanos(AbstractQueuedSynchronizer.java:2078)&#10;        at java.util.concurrent.ScheduledThreadPoolExecutor$DelayedWorkQueue.take(ScheduledThreadPoolExecutor.java:1093)&#10;        at java.util.concurrent.ScheduledThreadPoolExecutor$DelayedWorkQueue.take(ScheduledThreadPoolExecutor.java:809)&#10;        at java.util.concurrent.ThreadPoolExecutor.getTask(ThreadPoolExecutor.java:1074)&#10;        at java.util.concurrent.ThreadPoolExecutor.runWorker(ThreadPoolExecutor.java:1134)&#10;        at java.util.concurrent.ThreadPoolExecutor$Worker.run(ThreadPoolExecutor.java:624)&#10;        at java.lang.Thread.run(Thread.java:748)&#10;&quot;pool-152-thread-17&quot;  prio=5 tid=828 in Object.wait()&#10;java.lang.Thread.State: WAITING (on object monitor)&#10;        at sun.misc.Unsafe.park(Native Method)&#10;        at java.util.concurrent.locks.LockSupport.park(LockSupport.java:175)&#10;        at java.util.concurrent.locks.AbstractQueuedSynchronizer$ConditionObject.await(AbstractQueuedSynchronizer.java:2039)&#10;        at java.util.concurrent.ArrayBlockingQueue.take(ArrayBlockingQueue.java:403)&#10;        at java.util.concurrent.ThreadPoolExecutor.getTask(ThreadPoolExecutor.java:1074)&#10;        at java.util.concurrent.ThreadPoolExecutor.runWorker(ThreadPoolExecutor.java:1134)&#10;        at java.util.concurrent.ThreadPoolExecutor$Worker.run(ThreadPoolExecutor.java:624)&#10;        at java.lang.Thread.run(Thread.java:748)&#10;&quot;pool-110-thread-32&quot;  prio=5 tid=723 in Object.wait()&#10;java.lang.Thread.State: WAITING (on object monitor)&#10;        at sun.misc.Unsafe.park(Native Method)&#10;        at java.util.concurrent.locks.LockSupport.park(LockSupport.java:175)&#10;        at java.util.concurrent.locks.AbstractQueuedSynchronizer$ConditionObject.await(AbstractQueuedSynchronizer.java:2039)&#10;        at java.util.concurrent.ArrayBlockingQueue.take(ArrayBlockingQueue.java:403)&#10;        at java.util.concurrent.ThreadPoolExecutor.getTask(ThreadPoolExecutor.java:1074)&#10;        at java.util.concurrent.ThreadPoolExecutor.runWorker(ThreadPoolExecutor.java:1134)&#10;        at java.util.concurrent.ThreadPoolExecutor$Worker.run(ThreadPoolExecutor.java:624)&#10;        at java.lang.Thread.run(Thread.java:748)&#10;&quot;Datanode ReportManager Thread - 3&quot; daemon prio=5 tid=236 timed_waiting&#10;java.lang.Thread.State: TIMED_WAITING&#10;        at sun.misc.Unsafe.park(Native Method)&#10;        at java.util.concurrent.locks.LockSupport.parkNanos(LockSupport.java:215)&#10;        at java.util.concurrent.locks.AbstractQueuedSynchronizer$ConditionObject.awaitNanos(AbstractQueuedSynchronizer.java:2078)&#10;        at java.util.concurrent.ScheduledThreadPoolExecutor$DelayedWorkQueue.take(ScheduledThreadPoolExecutor.java:1093)&#10;        at java.util.concurrent.ScheduledThreadPoolExecutor$DelayedWorkQueue.take(ScheduledThreadPoolExecutor.java:809)&#10;        at java.util.concurrent.ThreadPoolExecutor.getTask(ThreadPoolExecutor.java:1074)&#10;        at java.util.concurrent.ThreadPoolExecutor.runWorker(ThreadPoolExecutor.java:1134)&#10;        at java.util.concurrent.ThreadPoolExecutor$Worker.run(ThreadPoolExecutor.java:624)&#10;        at java.lang.Thread.run(Thread.java:748)&#10;&quot;pool-131-thread-20&quot;  prio=5 tid=771 in Object.wait()&#10;java.lang.Thread.State: WAITING (on object monitor)&#10;        at sun.misc.Unsafe.park(Native Method)&#10;        at java.util.concurrent.locks.LockSupport.park(LockSupport.java:175)&#10;        at java.util.concurrent.locks.AbstractQueuedSynchronizer$ConditionObject.await(AbstractQueuedSynchronizer.java:2039)&#10;        at java.util.concurrent.ArrayBlockingQueue.take(ArrayBlockingQueue.java:403)&#10;        at java.util.concurrent.ThreadPoolExecutor.getTask(ThreadPoolExecutor.java:1074)&#10;        at java.util.concurrent.ThreadPoolExecutor.runWorker(ThreadPoolExecutor.java:1134)&#10;        at java.util.concurrent.ThreadPoolExecutor$Worker.run(ThreadPoolExecutor.java:624)&#10;        at java.lang.Thread.run(Thread.java:748)&#10;&quot;org.eclipse.jetty.server.session.HashSessionManager@751d3241Timer&quot; daemon prio=5 tid=99 timed_waiting&#10;java.lang.Thread.State: TIMED_WAITING&#10;        at sun.misc.Unsafe.park(Native Method)&#10;        at java.util.concurrent.locks.LockSupport.parkNanos(LockSupport.java:215)&#10;        at java.util.concurrent.locks.AbstractQueuedSynchronizer$ConditionObject.awaitNanos(AbstractQueuedSynchronizer.java:2078)&#10;        at java.util.concurrent.ScheduledThreadPoolExecutor$DelayedWorkQueue.take(ScheduledThreadPoolExecutor.java:1093)&#10;        at java.util.concurrent.ScheduledThreadPoolExecutor$DelayedWorkQueue.take(ScheduledThreadPoolExecutor.java:809)&#10;        at java.util.concurrent.ThreadPoolExecutor.getTask(ThreadPoolExecutor.java:1074)&#10;        at java.util.concurrent.ThreadPoolExecutor.runWorker(ThreadPoolExecutor.java:1134)&#10;        at java.util.concurrent.ThreadPoolExecutor$Worker.run(ThreadPoolExecutor.java:624)&#10;        at java.lang.Thread.run(Thread.java:748)&#10;&quot;Thread-387&quot; daemon prio=5 tid=1200 timed_waiting&#10;java.lang.Thread.State: TIMED_WAITING&#10;        at sun.misc.Unsafe.park(Native Method)&#10;        at java.util.concurrent.locks.LockSupport.parkNanos(LockSupport.java:215)&#10;        at java.util.concurrent.locks.AbstractQueuedSynchronizer$ConditionObject.awaitNanos(AbstractQueuedSynchronizer.java:2078)&#10;        at java.util.concurrent.ArrayBlockingQueue.poll(ArrayBlockingQueue.java:418)&#10;        at org.apache.ratis.server.impl.LeaderState$EventQueue.poll(LeaderState.java:114)&#10;        at org.apache.ratis.server.impl.LeaderState$EventProcessor.run(LeaderState.java:438)&#10;&quot;pool-68-thread-19&quot;  prio=5 tid=590 in Object.wait()&#10;java.lang.Thread.State: WAITING (on object monitor)&#10;        at sun.misc.Unsafe.park(Native Method)&#10;        at java.util.concurrent.locks.LockSupport.park(LockSupport.java:175)&#10;        at java.util.concurrent.locks.AbstractQueuedSynchronizer$ConditionObject.await(AbstractQueuedSynchronizer.java:2039)&#10;        at java.util.concurrent.ArrayBlockingQueue.take(ArrayBlockingQueue.java:403)&#10;        at java.util.concurrent.ThreadPoolExecutor.getTask(ThreadPoolExecutor.java:1074)&#10;        at java.util.concurrent.ThreadPoolExecutor.runWorker(ThreadPoolExecutor.java:1134)&#10;        at java.util.concurrent.ThreadPoolExecutor$Worker.run(ThreadPoolExecutor.java:624)&#10;        at java.lang.Thread.run(Thread.java:748)&#10;&quot;refreshUsed-/opt/src/hadoop-ozone/integration-test/target/test-dir/MiniOzoneClusterImpl-add696fe-84ac-4b45-a2ee-012b057e1087/datanode-2/data/containers&quot; daemon prio=5 tid=213 timed_waiting&#10;java.lang.Thread.State: TIMED_WAITING&#10;        at java.lang.Thread.sleep(Native Method)&#10;        at org.apache.hadoop.fs.CachingGetSpaceUsed$RefreshThread.run(CachingGetSpaceUsed.java:179)&#10;        at java.lang.Thread.run(Thread.java:748)&#10;&quot;pool-26-thread-2&quot;  prio=5 tid=452 in Object.wait()&#10;java.lang.Thread.State: WAITING (on object monitor)&#10;        at sun.misc.Unsafe.park(Native Method)&#10;        at java.util.concurrent.locks.LockSupport.park(LockSupport.java:175)&#10;        at java.util.concurrent.locks.AbstractQueuedSynchronizer$ConditionObject.await(AbstractQueuedSynchronizer.java:2039)&#10;        at java.util.concurrent.ArrayBlockingQueue.take(ArrayBlockingQueue.java:403)&#10;        at java.util.concurrent.ThreadPoolExecutor.getTask(ThreadPoolExecutor.java:1074)&#10;        at java.util.concurrent.ThreadPoolExecutor.runWorker(ThreadPoolExecutor.java:1134)&#10;        at java.util.concurrent.ThreadPoolExecutor$Worker.run(ThreadPoolExecutor.java:624)&#10;        at java.lang.Thread.run(Thread.java:748)&#10;&quot;Datanode ReportManager Thread - 1&quot; daemon prio=5 tid=386 in Object.wait()&#10;java.lang.Thread.State: WAITING (on object monitor)&#10;        at sun.misc.Unsafe.park(Native Method)&#10;        at java.util.concurrent.locks.LockSupport.park(LockSupport.java:175)&#10;        at java.util.concurrent.locks.AbstractQueuedSynchronizer$ConditionObject.await(AbstractQueuedSynchronizer.java:2039)&#10;        at java.util.concurrent.ScheduledThreadPoolExecutor$DelayedWorkQueue.take(ScheduledThreadPoolExecutor.java:1088)&#10;        at java.util.concurrent.ScheduledThreadPoolExecutor$DelayedWorkQueue.take(ScheduledThreadPoolExecutor.java:809)&#10;        at java.util.concurrent.ThreadPoolExecutor.getTask(ThreadPoolExecutor.java:1074)&#10;        at java.util.concurrent.ThreadPoolExecutor.runWorker(ThreadPoolExecutor.java:1134)&#10;        at java.util.concurrent.ThreadPoolExecutor$Worker.run(ThreadPoolExecutor.java:624)&#10;        at java.lang.Thread.run(Thread.java:748)&#10;&quot;pool-47-thread-40&quot;  prio=5 tid=551 in Object.wait()&#10;java.lang.Thread.State: WAITING (on object monitor)&#10;        at sun.misc.Unsafe.park(Native Method)&#10;        at java.util.concurrent.locks.LockSupport.park(LockSupport.java:175)&#10;        at java.util.concurrent.locks.AbstractQueuedSynchronizer$ConditionObject.await(AbstractQueuedSynchronizer.java:2039)&#10;        at java.util.concurrent.ArrayBlockingQueue.take(ArrayBlockingQueue.java:403)&#10;        at java.util.concurrent.ThreadPoolExecutor.getTask(ThreadPoolExecutor.java:1074)&#10;        at java.util.concurrent.ThreadPoolExecutor.runWorker(ThreadPoolExecutor.java:1134)&#10;        at java.util.concurrent.ThreadPoolExecutor$Worker.run(ThreadPoolExecutor.java:624)&#10;        at java.lang.Thread.run(Thread.java:748)&#10;&quot;pool-47-thread-3&quot;  prio=5 tid=514 in Object.wait()&#10;java.lang.Thread.State: WAITING (on object monitor)&#10;        at sun.misc.Unsafe.park(Native Method)&#10;        at java.util.concurrent.locks.LockSupport.park(LockSupport.java:175)&#10;        at java.util.concurrent.locks.AbstractQueuedSynchronizer$ConditionObject.await(AbstractQueuedSynchronizer.java:2039)&#10;        at java.util.concurrent.ArrayBlockingQueue.take(ArrayBlockingQueue.java:403)&#10;        at java.util.concurrent.ThreadPoolExecutor.getTask(ThreadPoolExecutor.java:1074)&#10;        at java.util.concurrent.ThreadPoolExecutor.runWorker(ThreadPoolExecutor.java:1134)&#10;        at java.util.concurrent.ThreadPoolExecutor$Worker.run(ThreadPoolExecutor.java:624)&#10;        at java.lang.Thread.run(Thread.java:748)&#10;&quot;pool-194-thread-45&quot;  prio=5 tid=976 in Object.wait()&#10;java.lang.Thread.State: WAITING (on object monitor)&#10;        at sun.misc.Unsafe.park(Native Method)&#10;        at java.util.concurrent.locks.LockSupport.park(LockSupport.java:175)&#10;        at java.util.concurrent.locks.AbstractQueuedSynchronizer$ConditionObject.await(AbstractQueuedSynchronizer.java:2039)&#10;        at java.util.concurrent.ArrayBlockingQueue.take(ArrayBlockingQueue.java:403)&#10;        at java.util.concurrent.ThreadPoolExecutor.getTask(ThreadPoolExecutor.java:1074)&#10;        at java.util.concurrent.ThreadPoolExecutor.runWorker(ThreadPoolExecutor.java:1134)&#10;        at java.util.concurrent.ThreadPoolExecutor$Worker.run(ThreadPoolExecutor.java:624)&#10;        at java.lang.Thread.run(Thread.java:748)&#10;&quot;BlockDeletingService#0&quot; daemon prio=5 tid=157 in Object.wait()&#10;java.lang.Thread.State: WAITING (on object monitor)&#10;        at sun.misc.Unsafe.park(Native Method)&#10;        at java.util.concurrent.locks.LockSupport.park(LockSupport.java:175)&#10;        at java.util.concurrent.locks.AbstractQueuedSynchronizer$ConditionObject.await(AbstractQueuedSynchronizer.java:2039)&#10;        at java.util.concurrent.ScheduledThreadPoolExecutor$DelayedWorkQueue.take(ScheduledThreadPoolExecutor.java:1088)&#10;        at java.util.concurrent.ScheduledThreadPoolExecutor$DelayedWorkQueue.take(ScheduledThreadPoolExecutor.java:809)&#10;        at java.util.concurrent.ThreadPoolExecutor.getTask(ThreadPoolExecutor.java:1074)&#10;        at java.util.concurrent.ThreadPoolExecutor.runWorker(ThreadPoolExecutor.java:1134)&#10;        at java.util.concurrent.ThreadPoolExecutor$Worker.run(ThreadPoolExecutor.java:624)&#10;        at java.lang.Thread.run(Thread.java:748)&#10;&quot;org.eclipse.jetty.server.session.HashSessionManager@18fdb6cfTimer&quot; daemon prio=5 tid=145 timed_waiting&#10;java.lang.Thread.State: TIMED_WAITING&#10;        at sun.misc.Unsafe.park(Native Method)&#10;        at java.util.concurrent.locks.LockSupport.parkNanos(LockSupport.java:215)&#10;        at java.util.concurrent.locks.AbstractQueuedSynchronizer$ConditionObject.awaitNanos(AbstractQueuedSynchronizer.java:2078)&#10;        at java.util.concurrent.ScheduledThreadPoolExecutor$DelayedWorkQueue.take(ScheduledThreadPoolExecutor.java:1093)&#10;        at java.util.concurrent.ScheduledThreadPoolExecutor$DelayedWorkQueue.take(ScheduledThreadPoolExecutor.java:809)&#10;        at java.util.concurrent.ThreadPoolExecutor.getTask(ThreadPoolExecutor.java:1074)&#10;        at java.util.concurrent.ThreadPoolExecutor.runWorker(ThreadPoolExecutor.java:1134)&#10;        at java.util.concurrent.ThreadPoolExecutor$Worker.run(ThreadPoolExecutor.java:624)&#10;        at java.lang.Thread.run(Thread.java:748)&#10;&quot;pool-152-thread-56&quot;  prio=5 tid=867 in Object.wait()&#10;java.lang.Thread.State: WAITING (on object monitor)&#10;        at sun.misc.Unsafe.park(Native Method)&#10;        at java.util.concurrent.locks.LockSupport.park(LockSupport.java:175)&#10;        at java.util.concurrent.locks.AbstractQueuedSynchronizer$ConditionObject.await(AbstractQueuedSynchronizer.java:2039)&#10;        at java.util.concurrent.ArrayBlockingQueue.take(ArrayBlockingQueue.java:403)&#10;        at java.util.concurrent.ThreadPoolExecutor.getTask(ThreadPoolExecutor.java:1074)&#10;        at java.util.concurrent.ThreadPoolExecutor.runWorker(ThreadPoolExecutor.java:1134)&#10;        at java.util.concurrent.ThreadPoolExecutor$Worker.run(ThreadPoolExecutor.java:624)&#10;        at java.lang.Thread.run(Thread.java:748)&#10;&quot;org.eclipse.jetty.server.session.HashSessionManager@61b838f2Timer&quot; daemon prio=5 tid=349 timed_waiting&#10;java.lang.Thread.State: TIMED_WAITING&#10;        at sun.misc.Unsafe.park(Native Method)&#10;        at java.util.concurrent.locks.LockSupport.parkNanos(LockSupport.java:215)&#10;        at java.util.concurrent.locks.AbstractQueuedSynchronizer$ConditionObject.awaitNanos(AbstractQueuedSynchronizer.java:2078)&#10;        at java.util.concurrent.ScheduledThreadPoolExecutor$DelayedWorkQueue.take(ScheduledThreadPoolExecutor.java:1093)&#10;        at java.util.concurrent.ScheduledThreadPoolExecutor$DelayedWorkQueue.take(ScheduledThreadPoolExecutor.java:809)&#10;        at java.util.concurrent.ThreadPoolExecutor.getTask(ThreadPoolExecutor.java:1074)&#10;        at java.util.concurrent.ThreadPoolExecutor.runWorker(ThreadPoolExecutor.java:1134)&#10;        at java.util.concurrent.ThreadPoolExecutor$Worker.run(ThreadPoolExecutor.java:624)&#10;        at java.lang.Thread.run(Thread.java:748)&#10;&quot;pool-215-thread-33&quot;  prio=5 tid=1024 in Object.wait()&#10;java.lang.Thread.State: WAITING (on object monitor)&#10;        at sun.misc.Unsafe.park(Native Method)&#10;        at java.util.concurrent.locks.LockSupport.park(LockSupport.java:175)&#10;        at java.util.concurrent.locks.AbstractQueuedSynchronizer$ConditionObject.await(AbstractQueuedSynchronizer.java:2039)&#10;        at java.util.concurrent.ArrayBlockingQueue.take(ArrayBlockingQueue.java:403)&#10;        at java.util.concurrent.ThreadPoolExecutor.getTask(ThreadPoolExecutor.java:1074)&#10;        at java.util.concurrent.ThreadPoolExecutor.runWorker(ThreadPoolExecutor.java:1134)&#10;        at java.util.concurrent.ThreadPoolExecutor$Worker.run(ThreadPoolExecutor.java:624)&#10;        at java.lang.Thread.run(Thread.java:748)&#10;&quot;pool-110-thread-20&quot;  prio=5 tid=711 in Object.wait()&#10;java.lang.Thread.State: WAITING (on object monitor)&#10;        at sun.misc.Unsafe.park(Native Method)&#10;        at java.util.concurrent.locks.LockSupport.park(LockSupport.java:175)&#10;        at java.util.concurrent.locks.AbstractQueuedSynchronizer$ConditionObject.await(AbstractQueuedSynchronizer.java:2039)&#10;        at java.util.concurrent.ArrayBlockingQueue.take(ArrayBlockingQueue.java:403)&#10;        at java.util.concurrent.ThreadPoolExecutor.getTask(ThreadPoolExecutor.java:1074)&#10;        at java.util.concurrent.ThreadPoolExecutor.runWorker(ThreadPoolExecutor.java:1134)&#10;        at java.util.concurrent.ThreadPoolExecutor$Worker.run(ThreadPoolExecutor.java:624)&#10;        at java.lang.Thread.run(Thread.java:748)&#10;&quot;pool-26-thread-7&quot;  prio=5 tid=457 in Object.wait()&#10;java.lang.Thread.State: WAITING (on object monitor)&#10;        at sun.misc.Unsafe.park(Native Method)&#10;        at java.util.concurrent.locks.LockSupport.park(LockSupport.java:175)&#10;        at java.util.concurrent.locks.AbstractQueuedSynchronizer$ConditionObject.await(AbstractQueuedSynchronizer.java:2039)&#10;        at java.util.concurrent.ArrayBlockingQueue.take(ArrayBlockingQueue.java:403)&#10;        at java.util.concurrent.ThreadPoolExecutor.getTask(ThreadPoolExecutor.java:1074)&#10;        at java.util.concurrent.ThreadPoolExecutor.runWorker(ThreadPoolExecutor.java:1134)&#10;        at java.util.concurrent.ThreadPoolExecutor$Worker.run(ThreadPoolExecutor.java:624)&#10;        at java.lang.Thread.run(Thread.java:748)&#10;&quot;pool-89-thread-52&quot;  prio=5 tid=683 in Object.wait()&#10;java.lang.Thread.State: WAITING (on object monitor)&#10;        at sun.misc.Unsafe.park(Native Method)&#10;        at java.util.concurrent.locks.LockSupport.park(LockSupport.java:175)&#10;        at java.util.concurrent.locks.AbstractQueuedSynchronizer$ConditionObject.await(AbstractQueuedSynchronizer.java:2039)&#10;        at java.util.concurrent.ArrayBlockingQueue.take(ArrayBlockingQueue.java:403)&#10;        at java.util.concurrent.ThreadPoolExecutor.getTask(ThreadPoolExecutor.java:1074)&#10;        at java.util.concurrent.ThreadPoolExecutor.runWorker(ThreadPoolExecutor.java:1134)&#10;        at java.util.concurrent.ThreadPoolExecutor$Worker.run(ThreadPoolExecutor.java:624)&#10;        at java.lang.Thread.run(Thread.java:748)&#10;&quot;IPC Parameter Sending Thread #0&quot; daemon prio=5 tid=105 timed_waiting&#10;java.lang.Thread.State: TIMED_WAITING&#10;        at sun.misc.Unsafe.park(Native Method)&#10;        at java.util.concurrent.locks.LockSupport.parkNanos(LockSupport.java:215)&#10;        at java.util.concurrent.SynchronousQueue$TransferStack.awaitFulfill(SynchronousQueue.java:460)&#10;        at java.util.concurrent.SynchronousQueue$TransferStack.transfer(SynchronousQueue.java:362)&#10;        at java.util.concurrent.SynchronousQueue.poll(SynchronousQueue.java:941)&#10;        at java.util.concurrent.ThreadPoolExecutor.getTask(ThreadPoolExecutor.java:1073)&#10;        at java.util.concurrent.ThreadPoolExecutor.runWorker(ThreadPoolExecutor.java:1134)&#10;        at java.util.concurrent.ThreadPoolExecutor$Worker.run(ThreadPoolExecutor.java:624)&#10;        at java.lang.Thread.run(Thread.java:748)&#10;&quot;pool-131-thread-15&quot;  prio=5 tid=766 in Object.wait()&#10;java.lang.Thread.State: WAITING (on object monitor)&#10;        at sun.misc.Unsafe.park(Native Method)&#10;        at java.util.concurrent.locks.LockSupport.park(LockSupport.java:175)&#10;        at java.util.concurrent.locks.AbstractQueuedSynchronizer$ConditionObject.await(AbstractQueuedSynchronizer.java:2039)&#10;        at java.util.concurrent.ArrayBlockingQueue.take(ArrayBlockingQueue.java:403)&#10;        at java.util.concurrent.ThreadPoolExecutor.getTask(ThreadPoolExecutor.java:1074)&#10;        at java.util.concurrent.ThreadPoolExecutor.runWorker(ThreadPoolExecutor.java:1134)&#10;        at java.util.concurrent.ThreadPoolExecutor$Worker.run(ThreadPoolExecutor.java:624)&#10;        at java.lang.Thread.run(Thread.java:748)&#10;&quot;qtp630669831-250&quot; daemon prio=5 tid=250 runnable&#10;java.lang.Thread.State: RUNNABLE&#10;        at sun.nio.ch.EPollArrayWrapper.epollWait(Native Method)&#10;        at sun.nio.ch.EPollArrayWrapper.poll(EPollArrayWrapper.java:269)&#10;        at sun.nio.ch.EPollSelectorImpl.doSelect(EPollSelectorImpl.java:93)&#10;        at sun.nio.ch.SelectorImpl.lockAndDoSelect(SelectorImpl.java:86)&#10;        at sun.nio.ch.SelectorImpl.select(SelectorImpl.java:97)&#10;        at sun.nio.ch.SelectorImpl.select(SelectorImpl.java:101)&#10;        at org.eclipse.jetty.io.ManagedSelector$SelectorProducer.select(ManagedSelector.java:243)&#10;        at org.eclipse.jetty.io.ManagedSelector$SelectorProducer.produce(ManagedSelector.java:191)&#10;        at org.eclipse.jetty.util.thread.strategy.ExecuteProduceConsume.executeProduceConsume(ExecuteProduceConsume.java:249)&#10;        at org.eclipse.jetty.util.thread.strategy.ExecuteProduceConsume.produceConsume(ExecuteProduceConsume.java:148)&#10;        at org.eclipse.jetty.util.thread.strategy.ExecuteProduceConsume.execute(ExecuteProduceConsume.java:100)&#10;        at org.eclipse.jetty.io.ManagedSelector.run(ManagedSelector.java:147)&#10;        at org.eclipse.jetty.util.thread.QueuedThreadPool.runJob(QueuedThreadPool.java:671)&#10;        at org.eclipse.jetty.util.thread.QueuedThreadPool$2.run(QueuedThreadPool.java:589)&#10;        at java.lang.Thread.run(Thread.java:748)&#10;&quot;IPC Server handler 10 on 33423&quot; daemon prio=5 tid=40 timed_waiting&#10;java.lang.Thread.State: TIMED_WAITING&#10;        at sun.misc.Unsafe.park(Native Method)&#10;        at java.util.concurrent.locks.LockSupport.parkNanos(LockSupport.java:215)&#10;        at java.util.concurrent.locks.AbstractQueuedSynchronizer$ConditionObject.awaitNanos(AbstractQueuedSynchronizer.java:2078)&#10;        at java.util.concurrent.LinkedBlockingQueue.poll(LinkedBlockingQueue.java:467)&#10;        at org.apache.hadoop.ipc.CallQueueManager.take(CallQueueManager.java:288)&#10;        at org.apache.hadoop.ipc.Server$Handler.run(Server.java:2668)&#10;&quot;pool-215-thread-49&quot;  prio=5 tid=1040 in Object.wait()&#10;java.lang.Thread.State: WAITING (on object monitor)&#10;        at sun.misc.Unsafe.park(Native Method)&#10;        at java.util.concurrent.locks.LockSupport.park(LockSupport.java:175)&#10;        at java.util.concurrent.locks.AbstractQueuedSynchronizer$ConditionObject.await(AbstractQueuedSynchronizer.java:2039)&#10;        at java.util.concurrent.ArrayBlockingQueue.take(ArrayBlockingQueue.java:403)&#10;        at java.util.concurrent.ThreadPoolExecutor.getTask(ThreadPoolExecutor.java:1074)&#10;        at java.util.concurrent.ThreadPoolExecutor.runWorker(ThreadPoolExecutor.java:1134)&#10;        at java.util.concurrent.ThreadPoolExecutor$Worker.run(ThreadPoolExecutor.java:624)&#10;        at java.lang.Thread.run(Thread.java:748)&#10;&quot;pool-26-thread-26&quot;  prio=5 tid=476 in Object.wait()&#10;java.lang.Thread.State: WAITING (on object monitor)&#10;        at sun.misc.Unsafe.park(Native Method)&#10;        at java.util.concurrent.locks.LockSupport.park(LockSupport.java:175)&#10;        at java.util.concurrent.locks.AbstractQueuedSynchronizer$ConditionObject.await(AbstractQueuedSynchronizer.java:2039)&#10;        at java.util.concurrent.ArrayBlockingQueue.take(ArrayBlockingQueue.java:403)&#10;        at java.util.concurrent.ThreadPoolExecutor.getTask(ThreadPoolExecutor.java:1074)&#10;        at java.util.concurrent.ThreadPoolExecutor.runWorker(ThreadPoolExecutor.java:1134)&#10;        at java.util.concurrent.ThreadPoolExecutor$Worker.run(ThreadPoolExecutor.java:624)&#10;        at java.lang.Thread.run(Thread.java:748)&#10;&quot;pool-194-thread-12&quot;  prio=5 tid=943 in Object.wait()&#10;java.lang.Thread.State: WAITING (on object monitor)&#10;        at sun.misc.Unsafe.park(Native Method)&#10;        at java.util.concurrent.locks.LockSupport.park(LockSupport.java:175)&#10;        at java.util.concurrent.locks.AbstractQueuedSynchronizer$ConditionObject.await(AbstractQueuedSynchronizer.java:2039)&#10;        at java.util.concurrent.ArrayBlockingQueue.take(ArrayBlockingQueue.java:403)&#10;        at java.util.concurrent.ThreadPoolExecutor.getTask(ThreadPoolExecutor.java:1074)&#10;        at java.util.concurrent.ThreadPoolExecutor.runWorker(ThreadPoolExecutor.java:1134)&#10;        at java.util.concurrent.ThreadPoolExecutor$Worker.run(ThreadPoolExecutor.java:624)&#10;        at java.lang.Thread.run(Thread.java:748)&#10;&quot;pool-173-thread-32&quot;  prio=5 tid=903 in Object.wait()&#10;java.lang.Thread.State: WAITING (on object monitor)&#10;        at sun.misc.Unsafe.park(Native Method)&#10;        at java.util.concurrent.locks.LockSupport.park(LockSupport.java:175)&#10;        at java.util.concurrent.locks.AbstractQueuedSynchronizer$ConditionObject.await(AbstractQueuedSynchronizer.java:2039)&#10;        at java.util.concurrent.ArrayBlockingQueue.take(ArrayBlockingQueue.java:403)&#10;        at java.util.concurrent.ThreadPoolExecutor.getTask(ThreadPoolExecutor.java:1074)&#10;        at java.util.concurrent.ThreadPoolExecutor.runWorker(ThreadPoolExecutor.java:1134)&#10;        at java.util.concurrent.ThreadPoolExecutor$Worker.run(ThreadPoolExecutor.java:624)&#10;        at java.lang.Thread.run(Thread.java:748)&#10;&quot;qtp630669831-255&quot; daemon prio=5 tid=255 timed_waiting&#10;java.lang.Thread.State: TIMED_WAITING&#10;        at sun.misc.Unsafe.park(Native Method)&#10;        at java.util.concurrent.locks.LockSupport.parkNanos(LockSupport.java:215)&#10;        at java.util.concurrent.locks.AbstractQueuedSynchronizer$ConditionObject.awaitNanos(AbstractQueuedSynchronizer.java:2078)&#10;        at org.eclipse.jetty.util.BlockingArrayQueue.poll(BlockingArrayQueue.java:392)&#10;        at org.eclipse.jetty.util.thread.QueuedThreadPool.idleJobPoll(QueuedThreadPool.java:563)&#10;        at org.eclipse.jetty.util.thread.QueuedThreadPool.access$800(QueuedThreadPool.java:48)&#10;        at org.eclipse.jetty.util.thread.QueuedThreadPool$2.run(QueuedThreadPool.java:626)&#10;        at java.lang.Thread.run(Thread.java:748)&#10;&quot;pool-194-thread-59&quot;  prio=5 tid=990 in Object.wait()&#10;java.lang.Thread.State: WAITING (on object monitor)&#10;        at sun.misc.Unsafe.park(Native Method)&#10;        at java.util.concurrent.locks.LockSupport.park(LockSupport.java:175)&#10;        at java.util.concurrent.locks.AbstractQueuedSynchronizer$ConditionObject.await(AbstractQueuedSynchronizer.java:2039)&#10;        at java.util.concurrent.ArrayBlockingQueue.take(ArrayBlockingQueue.java:403)&#10;        at java.util.concurrent.ThreadPoolExecutor.getTask(ThreadPoolExecutor.java:1074)&#10;        at java.util.concurrent.ThreadPoolExecutor.runWorker(ThreadPoolExecutor.java:1134)&#10;        at java.util.concurrent.ThreadPoolExecutor$Worker.run(ThreadPoolExecutor.java:624)&#10;        at java.lang.Thread.run(Thread.java:748)&#10;&quot;pool-89-thread-42&quot;  prio=5 tid=673 in Object.wait()&#10;java.lang.Thread.State: WAITING (on object monitor)&#10;        at sun.misc.Unsafe.park(Native Method)&#10;        at java.util.concurrent.locks.LockSupport.park(LockSupport.java:175)&#10;        at java.util.concurrent.locks.AbstractQueuedSynchronizer$ConditionObject.await(AbstractQueuedSynchronizer.java:2039)&#10;        at java.util.concurrent.ArrayBlockingQueue.take(ArrayBlockingQueue.java:403)&#10;        at java.util.concurrent.ThreadPoolExecutor.getTask(ThreadPoolExecutor.java:1074)&#10;        at java.util.concurrent.ThreadPoolExecutor.runWorker(ThreadPoolExecutor.java:1134)&#10;        at java.util.concurrent.ThreadPoolExecutor$Worker.run(ThreadPoolExecutor.java:624)&#10;        at java.lang.Thread.run(Thread.java:748)&#10;&quot;IPC Client (773348567) connection to /0.0.0.0:33779 from root&quot; daemon prio=5 tid=450 timed_waiting&#10;java.lang.Thread.State: TIMED_WAITING&#10;        at java.lang.Object.wait(Native Method)&#10;        at org.apache.hadoop.ipc.Client$Connection.waitForWork(Client.java:1024)&#10;        at org.apache.hadoop.ipc.Client$Connection.run(Client.java:1068)&#10;&quot;Reference Handler&quot; daemon prio=10 tid=2 in Object.wait()&#10;java.lang.Thread.State: WAITING (on object monitor)&#10;        at java.lang.Object.wait(Native Method)&#10;        at java.lang.Object.wait(Object.java:502)&#10;        at java.lang.ref.Reference.tryHandlePending(Reference.java:191)&#10;        at java.lang.ref.Reference$ReferenceHandler.run(Reference.java:153)&#10;&quot;Datanode ReportManager Thread - 1&quot; daemon prio=5 tid=414 in Object.wait()&#10;java.lang.Thread.State: WAITING (on object monitor)&#10;        at sun.misc.Unsafe.park(Native Method)&#10;        at java.util.concurrent.locks.LockSupport.park(LockSupport.java:175)&#10;        at java.util.concurrent.locks.AbstractQueuedSynchronizer$ConditionObject.await(AbstractQueuedSynchronizer.java:2039)&#10;        at java.util.concurrent.ScheduledThreadPoolExecutor$DelayedWorkQueue.take(ScheduledThreadPoolExecutor.java:1088)&#10;        at java.util.concurrent.ScheduledThreadPoolExecutor$DelayedWorkQueue.take(ScheduledThreadPoolExecutor.java:809)&#10;        at java.util.concurrent.ThreadPoolExecutor.getTask(ThreadPoolExecutor.java:1074)&#10;        at java.util.concurrent.ThreadPoolExecutor.runWorker(ThreadPoolExecutor.java:1134)&#10;        at java.util.concurrent.ThreadPoolExecutor$Worker.run(ThreadPoolExecutor.java:624)&#10;        at java.lang.Thread.run(Thread.java:748)&#10;&quot;pool-215-thread-46&quot;  prio=5 tid=1037 in Object.wait()&#10;java.lang.Thread.State: WAITING (on object monitor)&#10;        at sun.misc.Unsafe.park(Native Method)&#10;        at java.util.concurrent.locks.LockSupport.park(LockSupport.java:175)&#10;        at java.util.concurrent.locks.AbstractQueuedSynchronizer$ConditionObject.await(AbstractQueuedSynchronizer.java:2039)&#10;        at java.util.concurrent.ArrayBlockingQueue.take(ArrayBlockingQueue.java:403)&#10;        at java.util.concurrent.ThreadPoolExecutor.getTask(ThreadPoolExecutor.java:1074)&#10;        at java.util.concurrent.ThreadPoolExecutor.runWorker(ThreadPoolExecutor.java:1134)&#10;        at java.util.concurrent.ThreadPoolExecutor$Worker.run(ThreadPoolExecutor.java:624)&#10;        at java.lang.Thread.run(Thread.java:748)&#10;&quot;IPC Server handler 3 on 38877&quot; daemon prio=5 tid=117 timed_waiting&#10;java.lang.Thread.State: TIMED_WAITING&#10;        at sun.misc.Unsafe.park(Native Method)&#10;        at java.util.concurrent.locks.LockSupport.parkNanos(LockSupport.java:215)&#10;        at java.util.concurrent.locks.AbstractQueuedSynchronizer$ConditionObject.awaitNanos(AbstractQueuedSynchronizer.java:2078)&#10;        at java.util.concurrent.LinkedBlockingQueue.poll(LinkedBlockingQueue.java:467)&#10;        at org.apache.hadoop.ipc.CallQueueManager.take(CallQueueManager.java:288)&#10;        at org.apache.hadoop.ipc.Server$Handler.run(Server.java:2668)&#10;&quot;pool-215-thread-52&quot;  prio=5 tid=1043 in Object.wait()&#10;java.lang.Thread.State: WAITING (on object monitor)&#10;        at sun.misc.Unsafe.park(Native Method)&#10;        at java.util.concurrent.locks.LockSupport.park(LockSupport.java:175)&#10;        at java.util.concurrent.locks.AbstractQueuedSynchronizer$ConditionObject.await(AbstractQueuedSynchronizer.java:2039)&#10;        at java.util.concurrent.ArrayBlockingQueue.take(ArrayBlockingQueue.java:403)&#10;        at java.util.concurrent.ThreadPoolExecutor.getTask(ThreadPoolExecutor.java:1074)&#10;        at java.util.concurrent.ThreadPoolExecutor.runWorker(ThreadPoolExecutor.java:1134)&#10;        at java.util.concurrent.ThreadPoolExecutor$Worker.run(ThreadPoolExecutor.java:624)&#10;        at java.lang.Thread.run(Thread.java:748)&#10;&quot;pool-26-thread-1&quot;  prio=5 tid=451 in Object.wait()&#10;java.lang.Thread.State: WAITING (on object monitor)&#10;        at sun.misc.Unsafe.park(Native Method)&#10;        at java.util.concurrent.locks.LockSupport.park(LockSupport.java:175)&#10;        at java.util.concurrent.locks.AbstractQueuedSynchronizer$ConditionObject.await(AbstractQueuedSynchronizer.java:2039)&#10;        at java.util.concurrent.ArrayBlockingQueue.take(ArrayBlockingQueue.java:403)&#10;        at java.util.concurrent.ThreadPoolExecutor.getTask(ThreadPoolExecutor.java:1074)&#10;        at java.util.concurrent.ThreadPoolExecutor.runWorker(ThreadPoolExecutor.java:1134)&#10;        at java.util.concurrent.ThreadPoolExecutor$Worker.run(ThreadPoolExecutor.java:624)&#10;        at java.lang.Thread.run(Thread.java:748)&#10;&quot;pool-194-thread-54&quot;  prio=5 tid=985 in Object.wait()&#10;java.lang.Thread.State: WAITING (on object monitor)&#10;        at sun.misc.Unsafe.park(Native Method)&#10;        at java.util.concurrent.locks.LockSupport.park(LockSupport.java:175)&#10;        at java.util.concurrent.locks.AbstractQueuedSynchronizer$ConditionObject.await(AbstractQueuedSynchronizer.java:2039)&#10;        at java.util.concurrent.ArrayBlockingQueue.take(ArrayBlockingQueue.java:403)&#10;        at java.util.concurrent.ThreadPoolExecutor.getTask(ThreadPoolExecutor.java:1074)&#10;        at java.util.concurrent.ThreadPoolExecutor.runWorker(ThreadPoolExecutor.java:1134)&#10;        at java.util.concurrent.ThreadPoolExecutor$Worker.run(ThreadPoolExecutor.java:624)&#10;        at java.lang.Thread.run(Thread.java:748)&#10;&quot;pool-89-thread-47&quot;  prio=5 tid=678 in Object.wait()&#10;java.lang.Thread.State: WAITING (on object monitor)&#10;        at sun.misc.Unsafe.park(Native Method)&#10;        at java.util.concurrent.locks.LockSupport.park(LockSupport.java:175)&#10;        at java.util.concurrent.locks.AbstractQueuedSynchronizer$ConditionObject.await(AbstractQueuedSynchronizer.java:2039)&#10;        at java.util.concurrent.ArrayBlockingQueue.take(ArrayBlockingQueue.java:403)&#10;        at java.util.concurrent.ThreadPoolExecutor.getTask(ThreadPoolExecutor.java:1074)&#10;        at java.util.concurrent.ThreadPoolExecutor.runWorker(ThreadPoolExecutor.java:1134)&#10;        at java.util.concurrent.ThreadPoolExecutor$Worker.run(ThreadPoolExecutor.java:624)&#10;        at java.lang.Thread.run(Thread.java:748)&#10;&quot;pool-47-thread-43&quot;  prio=5 tid=554 in Object.wait()&#10;java.lang.Thread.State: WAITING (on object monitor)&#10;        at sun.misc.Unsafe.park(Native Method)&#10;        at java.util.concurrent.locks.LockSupport.park(LockSupport.java:175)&#10;        at java.util.concurrent.locks.AbstractQueuedSynchronizer$ConditionObject.await(AbstractQueuedSynchronizer.java:2039)&#10;        at java.util.concurrent.ArrayBlockingQueue.take(ArrayBlockingQueue.java:403)&#10;        at java.util.concurrent.ThreadPoolExecutor.getTask(ThreadPoolExecutor.java:1074)&#10;        at java.util.concurrent.ThreadPoolExecutor.runWorker(ThreadPoolExecutor.java:1134)&#10;        at java.util.concurrent.ThreadPoolExecutor$Worker.run(ThreadPoolExecutor.java:624)&#10;        at java.lang.Thread.run(Thread.java:748)&#10;&quot;Datanode State Machine Thread - 0&quot; daemon prio=5 tid=412 timed_waiting&#10;java.lang.Thread.State: TIMED_WAITING&#10;        at java.lang.Thread.sleep(Native Method)&#10;        at org.apache.hadoop.ozone.container.common.statemachine.DatanodeStateMachine.start(DatanodeStateMachine.java:191)&#10;        at org.apache.hadoop.ozone.container.common.statemachine.DatanodeStateMachine.lambda$startDaemon$0(DatanodeStateMachine.java:349)&#10;        at org.apache.hadoop.ozone.container.common.statemachine.DatanodeStateMachine$$Lambda$139/1610803524.run(Unknown Source)&#10;        at java.lang.Thread.run(Thread.java:748)&#10;&quot;qtp602280210-310&quot; daemon prio=5 tid=310 runnable&#10;java.lang.Thread.State: RUNNABLE&#10;        at sun.nio.ch.EPollArrayWrapper.epollWait(Native Method)&#10;        at sun.nio.ch.EPollArrayWrapper.poll(EPollArrayWrapper.java:269)&#10;        at sun.nio.ch.EPollSelectorImpl.doSelect(EPollSelectorImpl.java:93)&#10;        at sun.nio.ch.SelectorImpl.lockAndDoSelect(SelectorImpl.java:86)&#10;        at sun.nio.ch.SelectorImpl.select(SelectorImpl.java:97)&#10;        at sun.nio.ch.SelectorImpl.select(SelectorImpl.java:101)&#10;        at org.eclipse.jetty.io.ManagedSelector$SelectorProducer.select(ManagedSelector.java:243)&#10;        at org.eclipse.jetty.io.ManagedSelector$SelectorProducer.produce(ManagedSelector.java:191)&#10;        at org.eclipse.jetty.util.thread.strategy.ExecuteProduceConsume.executeProduceConsume(ExecuteProduceConsume.java:249)&#10;        at org.eclipse.jetty.util.thread.strategy.ExecuteProduceConsume.produceConsume(ExecuteProduceConsume.java:148)&#10;        at org.eclipse.jetty.util.thread.strategy.ExecuteProduceConsume.execute(ExecuteProduceConsume.java:100)&#10;        at org.eclipse.jetty.io.ManagedSelector.run(ManagedSelector.java:147)&#10;        at org.eclipse.jetty.util.thread.QueuedThreadPool.runJob(QueuedThreadPool.java:671)&#10;        at org.eclipse.jetty.util.thread.QueuedThreadPool$2.run(QueuedThreadPool.java:589)&#10;        at java.lang.Thread.run(Thread.java:748)&#10;&quot;qtp1081635795-162&quot; daemon prio=5 tid=162 timed_waiting&#10;java.lang.Thread.State: TIMED_WAITING&#10;        at sun.misc.Unsafe.park(Native Method)&#10;        at java.util.concurrent.locks.LockSupport.parkNanos(LockSupport.java:215)&#10;        at java.util.concurrent.locks.AbstractQueuedSynchronizer$ConditionObject.awaitNanos(AbstractQueuedSynchronizer.java:2078)&#10;        at org.eclipse.jetty.util.BlockingArrayQueue.poll(BlockingArrayQueue.java:392)&#10;        at org.eclipse.jetty.util.thread.QueuedThreadPool.idleJobPoll(QueuedThreadPool.java:563)&#10;        at org.eclipse.jetty.util.thread.QueuedThreadPool.access$800(QueuedThreadPool.java:48)&#10;        at org.eclipse.jetty.util.thread.QueuedThreadPool$2.run(QueuedThreadPool.java:626)&#10;        at java.lang.Thread.run(Thread.java:748)&#10;&quot;qtp197855654-136-acceptor-0@4d8bd048-ServerConnector@61533ae{HTTP/1.1,[http/1.1]}{0.0.0.0:42673}&quot; daemon prio=3 tid=136 runnable&#10;java.lang.Thread.State: RUNNABLE&#10;        at sun.nio.ch.ServerSocketChannelImpl.accept0(Native Method)&#10;        at sun.nio.ch.ServerSocketChannelImpl.accept(ServerSocketChannelImpl.java:422)&#10;        at sun.nio.ch.ServerSocketChannelImpl.accept(ServerSocketChannelImpl.java:250)&#10;        at org.eclipse.jetty.server.ServerConnector.accept(ServerConnector.java:397)&#10;        at org.eclipse.jetty.server.AbstractConnector$Acceptor.run(AbstractConnector.java:601)&#10;        at org.eclipse.jetty.util.thread.QueuedThreadPool.runJob(QueuedThreadPool.java:671)&#10;        at org.eclipse.jetty.util.thread.QueuedThreadPool$2.run(QueuedThreadPool.java:589)&#10;        at java.lang.Thread.run(Thread.java:748)&#10;&quot;pool-194-thread-1&quot;  prio=5 tid=932 in Object.wait()&#10;java.lang.Thread.State: WAITING (on object monitor)&#10;        at sun.misc.Unsafe.park(Native Method)&#10;        at java.util.concurrent.locks.LockSupport.park(LockSupport.java:175)&#10;        at java.util.concurrent.locks.AbstractQueuedSynchronizer$ConditionObject.await(AbstractQueuedSynchronizer.java:2039)&#10;        at java.util.concurrent.ArrayBlockingQueue.take(ArrayBlockingQueue.java:403)&#10;        at java.util.concurrent.ThreadPoolExecutor.getTask(ThreadPoolExecutor.java:1074)&#10;        at java.util.concurrent.ThreadPoolExecutor.runWorker(ThreadPoolExecutor.java:1134)&#10;        at java.util.concurrent.ThreadPoolExecutor$Worker.run(ThreadPoolExecutor.java:624)&#10;        at java.lang.Thread.run(Thread.java:748)&#10;&quot;Signal Dispatcher&quot; daemon prio=9 tid=4 runnable&#10;java.lang.Thread.State: RUNNABLE&#10;&quot;org.eclipse.jetty.server.session.HashSessionManager@33d60b7eTimer&quot; daemon prio=5 tid=200 timed_waiting&#10;java.lang.Thread.State: TIMED_WAITING&#10;        at sun.misc.Unsafe.park(Native Method)&#10;        at java.util.concurrent.locks.LockSupport.parkNanos(LockSupport.java:215)&#10;        at java.util.concurrent.locks.AbstractQueuedSynchronizer$ConditionObject.awaitNanos(AbstractQueuedSynchronizer.java:2078)&#10;        at java.util.concurrent.ScheduledThreadPoolExecutor$DelayedWorkQueue.take(ScheduledThreadPoolExecutor.java:1093)&#10;        at java.util.concurrent.ScheduledThreadPoolExecutor$DelayedWorkQueue.take(ScheduledThreadPoolExecutor.java:809)&#10;        at java.util.concurrent.ThreadPoolExecutor.getTask(ThreadPoolExecutor.java:1074)&#10;        at java.util.concurrent.ThreadPoolExecutor.runWorker(ThreadPoolExecutor.java:1134)&#10;        at java.util.concurrent.ThreadPoolExecutor$Worker.run(ThreadPoolExecutor.java:624)&#10;        at java.lang.Thread.run(Thread.java:748)&#10;&quot;pool-194-thread-25&quot;  prio=5 tid=956 in Object.wait()&#10;java.lang.Thread.State: WAITING (on object monitor)&#10;        at sun.misc.Unsafe.park(Native Method)&#10;        at java.util.concurrent.locks.LockSupport.park(LockSupport.java:175)&#10;        at java.util.concurrent.locks.AbstractQueuedSynchronizer$ConditionObject.await(AbstractQueuedSynchronizer.java:2039)&#10;        at java.util.concurrent.ArrayBlockingQueue.take(ArrayBlockingQueue.java:403)&#10;        at java.util.concurrent.ThreadPoolExecutor.getTask(ThreadPoolExecutor.java:1074)&#10;        at java.util.concurrent.ThreadPoolExecutor.runWorker(ThreadPoolExecutor.java:1134)&#10;        at java.util.concurrent.ThreadPoolExecutor$Worker.run(ThreadPoolExecutor.java:624)&#10;        at java.lang.Thread.run(Thread.java:748)&#10;&quot;pool-173-thread-28&quot;  prio=5 tid=899 in Object.wait()&#10;java.lang.Thread.State: WAITING (on object monitor)&#10;        at sun.misc.Unsafe.park(Native Method)&#10;        at java.util.concurrent.locks.LockSupport.park(LockSupport.java:175)&#10;        at java.util.concurrent.locks.AbstractQueuedSynchronizer$ConditionObject.await(AbstractQueuedSynchronizer.java:2039)&#10;        at java.util.concurrent.ArrayBlockingQueue.take(ArrayBlockingQueue.java:403)&#10;        at java.util.concurrent.ThreadPoolExecutor.getTask(ThreadPoolExecutor.java:1074)&#10;        at java.util.concurrent.ThreadPoolExecutor.runWorker(ThreadPoolExecutor.java:1134)&#10;        at java.util.concurrent.ThreadPoolExecutor$Worker.run(ThreadPoolExecutor.java:624)&#10;        at java.lang.Thread.run(Thread.java:748)&#10;&quot;org.eclipse.jetty.server.session.HashSessionManager@65da01f4Timer&quot; daemon prio=5 tid=288 timed_waiting&#10;java.lang.Thread.State: TIMED_WAITING&#10;        at sun.misc.Unsafe.park(Native Method)&#10;        at java.util.concurrent.locks.LockSupport.parkNanos(LockSupport.java:215)&#10;        at java.util.concurrent.locks.AbstractQueuedSynchronizer$ConditionObject.awaitNanos(AbstractQueuedSynchronizer.java:2078)&#10;        at java.util.concurrent.ScheduledThreadPoolExecutor$DelayedWorkQueue.take(ScheduledThreadPoolExecutor.java:1093)&#10;        at java.util.concurrent.ScheduledThreadPoolExecutor$DelayedWorkQueue.take(ScheduledThreadPoolExecutor.java:809)&#10;        at java.util.concurrent.ThreadPoolExecutor.getTask(ThreadPoolExecutor.java:1074)&#10;        at java.util.concurrent.ThreadPoolExecutor.runWorker(ThreadPoolExecutor.java:1134)&#10;        at java.util.concurrent.ThreadPoolExecutor$Worker.run(ThreadPoolExecutor.java:624)&#10;        at java.lang.Thread.run(Thread.java:748)&#10;&quot;pool-173-thread-49&quot;  prio=5 tid=920 in Object.wait()&#10;java.lang.Thread.State: WAITING (on object monitor)&#10;        at sun.misc.Unsafe.park(Native Method)&#10;        at java.util.concurrent.locks.LockSupport.park(LockSupport.java:175)&#10;        at java.util.concurrent.locks.AbstractQueuedSynchronizer$ConditionObject.await(AbstractQueuedSynchronizer.java:2039)&#10;        at java.util.concurrent.ArrayBlockingQueue.take(ArrayBlockingQueue.java:403)&#10;        at java.util.concurrent.ThreadPoolExecutor.getTask(ThreadPoolExecutor.java:1074)&#10;        at java.util.concurrent.ThreadPoolExecutor.runWorker(ThreadPoolExecutor.java:1134)&#10;        at java.util.concurrent.ThreadPoolExecutor$Worker.run(ThreadPoolExecutor.java:624)&#10;        at java.lang.Thread.run(Thread.java:748)&#10;&quot;pool-226-thread-1&quot;  prio=5 tid=1135 in Object.wait()&#10;java.lang.Thread.State: WAITING (on object monitor)&#10;        at sun.misc.Unsafe.park(Native Method)&#10;        at java.util.concurrent.locks.LockSupport.park(LockSupport.java:175)&#10;        at java.util.concurrent.locks.AbstractQueuedSynchronizer$ConditionObject.await(AbstractQueuedSynchronizer.java:2039)&#10;        at java.util.concurrent.LinkedBlockingQueue.take(LinkedBlockingQueue.java:442)&#10;        at java.util.concurrent.ThreadPoolExecutor.getTask(ThreadPoolExecutor.java:1074)&#10;        at java.util.concurrent.ThreadPoolExecutor.runWorker(ThreadPoolExecutor.java:1134)&#10;        at java.util.concurrent.ThreadPoolExecutor$Worker.run(ThreadPoolExecutor.java:624)&#10;        at java.lang.Thread.run(Thread.java:748)&#10;&quot;Command processor thread&quot; daemon prio=5 tid=267 timed_waiting&#10;java.lang.Thread.State: TIMED_WAITING&#10;        at java.lang.Thread.sleep(Native Method)&#10;        at org.apache.hadoop.ozone.container.common.statemachine.DatanodeStateMachine.lambda$initCommandHandlerThread$1(DatanodeStateMachine.java:439)&#10;        at org.apache.hadoop.ozone.container.common.statemachine.DatanodeStateMachine$$Lambda$140/804134309.run(Unknown Source)&#10;        at java.lang.Thread.run(Thread.java:748)&#10;&quot;pool-213-thread-1&quot; daemon prio=5 tid=425 timed_waiting&#10;java.lang.Thread.State: TIMED_WAITING&#10;        at sun.misc.Unsafe.park(Native Method)&#10;        at java.util.concurrent.locks.LockSupport.parkNanos(LockSupport.java:215)&#10;        at java.util.concurrent.locks.AbstractQueuedSynchronizer$ConditionObject.awaitNanos(AbstractQueuedSynchronizer.java:2078)&#10;        at java.util.concurrent.ScheduledThreadPoolExecutor$DelayedWorkQueue.take(ScheduledThreadPoolExecutor.java:1093)&#10;        at java.util.concurrent.ScheduledThreadPoolExecutor$DelayedWorkQueue.take(ScheduledThreadPoolExecutor.java:809)&#10;        at java.util.concurrent.ThreadPoolExecutor.getTask(ThreadPoolExecutor.java:1074)&#10;        at java.util.concurrent.ThreadPoolExecutor.runWorker(ThreadPoolExecutor.java:1134)&#10;        at java.util.concurrent.ThreadPoolExecutor$Worker.run(ThreadPoolExecutor.java:624)&#10;        at java.lang.Thread.run(Thread.java:748)&#10;&quot;pool-131-thread-50&quot;  prio=5 tid=801 in Object.wait()&#10;java.lang.Thread.State: WAITING (on object monitor)&#10;        at sun.misc.Unsafe.park(Native Method)&#10;        at java.util.concurrent.locks.LockSupport.park(LockSupport.java:175)&#10;        at java.util.concurrent.locks.AbstractQueuedSynchronizer$ConditionObject.await(AbstractQueuedSynchronizer.java:2039)&#10;        at java.util.concurrent.ArrayBlockingQueue.take(ArrayBlockingQueue.java:403)&#10;        at java.util.concurrent.ThreadPoolExecutor.getTask(ThreadPoolExecutor.java:1074)&#10;        at java.util.concurrent.ThreadPoolExecutor.runWorker(ThreadPoolExecutor.java:1134)&#10;        at java.util.concurrent.ThreadPoolExecutor$Worker.run(ThreadPoolExecutor.java:624)&#10;        at java.lang.Thread.run(Thread.java:748)&#10;&quot;pool-89-thread-19&quot;  prio=5 tid=650 in Object.wait()&#10;java.lang.Thread.State: WAITING (on object monitor)&#10;        at sun.misc.Unsafe.park(Native Method)&#10;        at java.util.concurrent.locks.LockSupport.park(LockSupport.java:175)&#10;        at java.util.concurrent.locks.AbstractQueuedSynchronizer$ConditionObject.await(AbstractQueuedSynchronizer.java:2039)&#10;        at java.util.concurrent.ArrayBlockingQueue.take(ArrayBlockingQueue.java:403)&#10;        at java.util.concurrent.ThreadPoolExecutor.getTask(ThreadPoolExecutor.java:1074)&#10;        at java.util.concurrent.ThreadPoolExecutor.runWorker(ThreadPoolExecutor.java:1134)&#10;        at java.util.concurrent.ThreadPoolExecutor$Worker.run(ThreadPoolExecutor.java:624)&#10;        at java.lang.Thread.run(Thread.java:748)&#10;&quot;Datanode ReportManager Thread - 3&quot; daemon prio=5 tid=266 timed_waiting&#10;java.lang.Thread.State: TIMED_WAITING&#10;        at sun.misc.Unsafe.park(Native Method)&#10;        at java.util.concurrent.locks.LockSupport.parkNanos(LockSupport.java:215)&#10;        at java.util.concurrent.locks.AbstractQueuedSynchronizer$ConditionObject.awaitNanos(AbstractQueuedSynchronizer.java:2078)&#10;        at java.util.concurrent.ScheduledThreadPoolExecutor$DelayedWorkQueue.take(ScheduledThreadPoolExecutor.java:1093)&#10;        at java.util.concurrent.ScheduledThreadPoolExecutor$DelayedWorkQueue.take(ScheduledThreadPoolExecutor.java:809)&#10;        at java.util.concurrent.ThreadPoolExecutor.getTask(ThreadPoolExecutor.java:1074)&#10;        at java.util.concurrent.ThreadPoolExecutor.runWorker(ThreadPoolExecutor.java:1134)&#10;        at java.util.concurrent.ThreadPoolExecutor$Worker.run(ThreadPoolExecutor.java:624)&#10;        at java.lang.Thread.run(Thread.java:748)&#10;&quot;pool-89-thread-38&quot;  prio=5 tid=669 in Object.wait()&#10;java.lang.Thread.State: WAITING (on object monitor)&#10;        at sun.misc.Unsafe.park(Native Method)&#10;        at java.util.concurrent.locks.LockSupport.park(LockSupport.java:175)&#10;        at java.util.concurrent.locks.AbstractQueuedSynchronizer$ConditionObject.await(AbstractQueuedSynchronizer.java:2039)&#10;        at java.util.concurrent.ArrayBlockingQueue.take(ArrayBlockingQueue.java:403)&#10;        at java.util.concurrent.ThreadPoolExecutor.getTask(ThreadPoolExecutor.java:1074)&#10;        at java.util.concurrent.ThreadPoolExecutor.runWorker(ThreadPoolExecutor.java:1134)&#10;        at java.util.concurrent.ThreadPoolExecutor$Worker.run(ThreadPoolExecutor.java:624)&#10;        at java.lang.Thread.run(Thread.java:748)&#10;&quot;Datanode ReportManager Thread - 0&quot; daemon prio=5 tid=203 in Object.wait()&#10;java.lang.Thread.State: WAITING (on object monitor)&#10;        at sun.misc.Unsafe.park(Native Method)&#10;        at java.util.concurrent.locks.LockSupport.park(LockSupport.java:175)&#10;        at java.util.concurrent.locks.AbstractQueuedSynchronizer$ConditionObject.await(AbstractQueuedSynchronizer.java:2039)&#10;        at java.util.concurrent.ScheduledThreadPoolExecutor$DelayedWorkQueue.take(ScheduledThreadPoolExecutor.java:1088)&#10;        at java.util.concurrent.ScheduledThreadPoolExecutor$DelayedWorkQueue.take(ScheduledThreadPoolExecutor.java:809)&#10;        at java.util.concurrent.ThreadPoolExecutor.getTask(ThreadPoolExecutor.java:1074)&#10;        at java.util.concurrent.ThreadPoolExecutor.runWorker(ThreadPoolExecutor.java:1134)&#10;        at java.util.concurrent.ThreadPoolExecutor$Worker.run(ThreadPoolExecutor.java:624)&#10;        at java.lang.Thread.run(Thread.java:748)&#10;&quot;pool-89-thread-40&quot;  prio=5 tid=671 in Object.wait()&#10;java.lang.Thread.State: WAITING (on object monitor)&#10;        at sun.misc.Unsafe.park(Native Method)&#10;        at java.util.concurrent.locks.LockSupport.park(LockSupport.java:175)&#10;        at java.util.concurrent.locks.AbstractQueuedSynchronizer$ConditionObject.await(AbstractQueuedSynchronizer.java:2039)&#10;        at java.util.concurrent.ArrayBlockingQueue.take(ArrayBlockingQueue.java:403)&#10;        at java.util.concurrent.ThreadPoolExecutor.getTask(ThreadPoolExecutor.java:1074)&#10;        at java.util.concurrent.ThreadPoolExecutor.runWorker(ThreadPoolExecutor.java:1134)&#10;        at java.util.concurrent.ThreadPoolExecutor$Worker.run(ThreadPoolExecutor.java:624)&#10;        at java.lang.Thread.run(Thread.java:748)&#10;&quot;pool-47-thread-11&quot;  prio=5 tid=522 in Object.wait()&#10;java.lang.Thread.State: WAITING (on object monitor)&#10;        at sun.misc.Unsafe.park(Native Method)&#10;        at java.util.concurrent.locks.LockSupport.park(LockSupport.java:175)&#10;        at java.util.concurrent.locks.AbstractQueuedSynchronizer$ConditionObject.await(AbstractQueuedSynchronizer.java:2039)&#10;        at java.util.concurrent.ArrayBlockingQueue.take(ArrayBlockingQueue.java:403)&#10;        at java.util.concurrent.ThreadPoolExecutor.getTask(ThreadPoolExecutor.java:1074)&#10;        at java.util.concurrent.ThreadPoolExecutor.runWorker(ThreadPoolExecutor.java:1134)&#10;        at java.util.concurrent.ThreadPoolExecutor$Worker.run(ThreadPoolExecutor.java:624)&#10;        at java.lang.Thread.run(Thread.java:748)&#10;&quot;Thread-375&quot; daemon prio=5 tid=1187 timed_waiting&#10;java.lang.Thread.State: TIMED_WAITING&#10;        at java.lang.Thread.sleep(Native Method)&#10;        at org.apache.ratis.server.impl.FollowerState.run(FollowerState.java:94)&#10;&quot;pool-152-thread-1&quot;  prio=5 tid=812 in Object.wait()&#10;java.lang.Thread.State: WAITING (on object monitor)&#10;        at sun.misc.Unsafe.park(Native Method)&#10;        at java.util.concurrent.locks.LockSupport.park(LockSupport.java:175)&#10;        at java.util.concurrent.locks.AbstractQueuedSynchronizer$ConditionObject.await(AbstractQueuedSynchronizer.java:2039)&#10;        at java.util.concurrent.ArrayBlockingQueue.take(ArrayBlockingQueue.java:403)&#10;        at java.util.concurrent.ThreadPoolExecutor.getTask(ThreadPoolExecutor.java:1074)&#10;        at java.util.concurrent.ThreadPoolExecutor.runWorker(ThreadPoolExecutor.java:1134)&#10;        at java.util.concurrent.ThreadPoolExecutor$Worker.run(ThreadPoolExecutor.java:624)&#10;        at java.lang.Thread.run(Thread.java:748)&#10;&quot;BlockDeletingService#1&quot; daemon prio=5 tid=399 timed_waiting&#10;java.lang.Thread.State: TIMED_WAITING&#10;        at sun.misc.Unsafe.park(Native Method)&#10;        at java.util.concurrent.locks.LockSupport.parkNanos(LockSupport.java:215)&#10;        at java.util.concurrent.locks.AbstractQueuedSynchronizer$ConditionObject.awaitNanos(AbstractQueuedSynchronizer.java:2078)&#10;        at java.util.concurrent.ScheduledThreadPoolExecutor$DelayedWorkQueue.take(ScheduledThreadPoolExecutor.java:1093)&#10;        at java.util.concurrent.ScheduledThreadPoolExecutor$DelayedWorkQueue.take(ScheduledThreadPoolExecutor.java:809)&#10;        at java.util.concurrent.ThreadPoolExecutor.getTask(ThreadPoolExecutor.java:1074)&#10;        at java.util.concurrent.ThreadPoolExecutor.runWorker(ThreadPoolExecutor.java:1134)&#10;        at java.util.concurrent.ThreadPoolExecutor$Worker.run(ThreadPoolExecutor.java:624)&#10;        at java.lang.Thread.run(Thread.java:748)&#10;&quot;pool-194-thread-8&quot;  prio=5 tid=939 in Object.wait()&#10;java.lang.Thread.State: WAITING (on object monitor)&#10;        at sun.misc.Unsafe.park(Native Method)&#10;        at java.util.concurrent.locks.LockSupport.park(LockSupport.java:175)&#10;        at java.util.concurrent.locks.AbstractQueuedSynchronizer$ConditionObject.await(AbstractQueuedSynchronizer.java:2039)&#10;        at java.util.concurrent.ArrayBlockingQueue.take(ArrayBlockingQueue.java:403)&#10;        at java.util.concurrent.ThreadPoolExecutor.getTask(ThreadPoolExecutor.java:1074)&#10;        at java.util.concurrent.ThreadPoolExecutor.runWorker(ThreadPoolExecutor.java:1134)&#10;        at java.util.concurrent.ThreadPoolExecutor$Worker.run(ThreadPoolExecutor.java:624)&#10;        at java.lang.Thread.run(Thread.java:748)&#10;&quot;pool-89-thread-60&quot;  prio=5 tid=691 in Object.wait()&#10;java.lang.Thread.State: WAITING (on object monitor)&#10;        at sun.misc.Unsafe.park(Native Method)&#10;        at java.util.concurrent.locks.LockSupport.park(LockSupport.java:175)&#10;        at java.util.concurrent.locks.AbstractQueuedSynchronizer$ConditionObject.await(AbstractQueuedSynchronizer.java:2039)&#10;        at java.util.concurrent.ArrayBlockingQueue.take(ArrayBlockingQueue.java:403)&#10;        at java.util.concurrent.ThreadPoolExecutor.getTask(ThreadPoolExecutor.java:1074)&#10;        at java.util.concurrent.ThreadPoolExecutor.runWorker(ThreadPoolExecutor.java:1134)&#10;        at java.util.concurrent.ThreadPoolExecutor$Worker.run(ThreadPoolExecutor.java:624)&#10;        at java.lang.Thread.run(Thread.java:748)&#10;&quot;pool-215-thread-19&quot;  prio=5 tid=1010 in Object.wait()&#10;java.lang.Thread.State: WAITING (on object monitor)&#10;        at sun.misc.Unsafe.park(Native Method)&#10;        at java.util.concurrent.locks.LockSupport.park(LockSupport.java:175)&#10;        at java.util.concurrent.locks.AbstractQueuedSynchronizer$ConditionObject.await(AbstractQueuedSynchronizer.java:2039)&#10;        at java.util.concurrent.ArrayBlockingQueue.take(ArrayBlockingQueue.java:403)&#10;        at java.util.concurrent.ThreadPoolExecutor.getTask(ThreadPoolExecutor.java:1074)&#10;        at java.util.concurrent.ThreadPoolExecutor.runWorker(ThreadPoolExecutor.java:1134)&#10;        at java.util.concurrent.ThreadPoolExecutor$Worker.run(ThreadPoolExecutor.java:624)&#10;        at java.lang.Thread.run(Thread.java:748)&#10;&quot;pool-131-thread-29&quot;  prio=5 tid=780 in Object.wait()&#10;java.lang.Thread.State: WAITING (on object monitor)&#10;        at sun.misc.Unsafe.park(Native Method)&#10;        at java.util.concurrent.locks.LockSupport.park(LockSupport.java:175)&#10;        at java.util.concurrent.locks.AbstractQueuedSynchronizer$ConditionObject.await(AbstractQueuedSynchronizer.java:2039)&#10;        at java.util.concurrent.ArrayBlockingQueue.take(ArrayBlockingQueue.java:403)&#10;        at java.util.concurrent.ThreadPoolExecutor.getTask(ThreadPoolExecutor.java:1074)&#10;        at java.util.concurrent.ThreadPoolExecutor.runWorker(ThreadPoolExecutor.java:1134)&#10;        at java.util.concurrent.ThreadPoolExecutor$Worker.run(ThreadPoolExecutor.java:624)&#10;        at java.lang.Thread.run(Thread.java:748)&#10;&quot;pool-47-thread-34&quot;  prio=5 tid=545 in Object.wait()&#10;java.lang.Thread.State: WAITING (on object monitor)&#10;        at sun.misc.Unsafe.park(Native Method)&#10;        at java.util.concurrent.locks.LockSupport.park(LockSupport.java:175)&#10;        at java.util.concurrent.locks.AbstractQueuedSynchronizer$ConditionObject.await(AbstractQueuedSynchronizer.java:2039)&#10;        at java.util.concurrent.ArrayBlockingQueue.take(ArrayBlockingQueue.java:403)&#10;        at java.util.concurrent.ThreadPoolExecutor.getTask(ThreadPoolExecutor.java:1074)&#10;        at java.util.concurrent.ThreadPoolExecutor.runWorker(ThreadPoolExecutor.java:1134)&#10;        at java.util.concurrent.ThreadPoolExecutor$Worker.run(ThreadPoolExecutor.java:624)&#10;        at java.lang.Thread.run(Thread.java:748)&#10;&quot;pool-89-thread-44&quot;  prio=5 tid=675 in Object.wait()&#10;java.lang.Thread.State: WAITING (on object monitor)&#10;        at sun.misc.Unsafe.park(Native Method)&#10;        at java.util.concurrent.locks.LockSupport.park(LockSupport.java:175)&#10;        at java.util.concurrent.locks.AbstractQueuedSynchronizer$ConditionObject.await(AbstractQueuedSynchronizer.java:2039)&#10;        at java.util.concurrent.ArrayBlockingQueue.take(ArrayBlockingQueue.java:403)&#10;        at java.util.concurrent.ThreadPoolExecutor.getTask(ThreadPoolExecutor.java:1074)&#10;        at java.util.concurrent.ThreadPoolExecutor.runWorker(ThreadPoolExecutor.java:1134)&#10;        at java.util.concurrent.ThreadPoolExecutor$Worker.run(ThreadPoolExecutor.java:624)&#10;        at java.lang.Thread.run(Thread.java:748)&#10;&quot;nioEventLoopGroup-14-1&quot;  prio=10 tid=351 runnable&#10;java.lang.Thread.State: RUNNABLE&#10;        at sun.nio.ch.EPollArrayWrapper.epollWait(Native Method)&#10;        at sun.nio.ch.EPollArrayWrapper.poll(EPollArrayWrapper.java:269)&#10;        at sun.nio.ch.EPollSelectorImpl.doSelect(EPollSelectorImpl.java:93)&#10;        at sun.nio.ch.SelectorImpl.lockAndDoSelect(SelectorImpl.java:86)&#10;        at sun.nio.ch.SelectorImpl.select(SelectorImpl.java:97)&#10;        at io.netty.channel.nio.SelectedSelectionKeySetSelector.select(SelectedSelectionKeySetSelector.java:62)&#10;        at io.netty.channel.nio.NioEventLoop.select(NioEventLoop.java:753)&#10;        at io.netty.channel.nio.NioEventLoop.run(NioEventLoop.java:408)&#10;        at io.netty.util.concurrent.SingleThreadEventExecutor$5.run(SingleThreadEventExecutor.java:897)&#10;        at io.netty.util.concurrent.FastThreadLocalRunnable.run(FastThreadLocalRunnable.java:30)&#10;        at java.lang.Thread.run(Thread.java:748)&#10;&quot;pool-89-thread-13&quot;  prio=5 tid=644 in Object.wait()&#10;java.lang.Thread.State: WAITING (on object monitor)&#10;        at sun.misc.Unsafe.park(Native Method)&#10;        at java.util.concurrent.locks.LockSupport.park(LockSupport.java:175)&#10;        at java.util.concurrent.locks.AbstractQueuedSynchronizer$ConditionObject.await(AbstractQueuedSynchronizer.java:2039)&#10;        at java.util.concurrent.ArrayBlockingQueue.take(ArrayBlockingQueue.java:403)&#10;        at java.util.concurrent.ThreadPoolExecutor.getTask(ThreadPoolExecutor.java:1074)&#10;        at java.util.concurrent.ThreadPoolExecutor.runWorker(ThreadPoolExecutor.java:1134)&#10;        at java.util.concurrent.ThreadPoolExecutor$Worker.run(ThreadPoolExecutor.java:624)&#10;        at java.lang.Thread.run(Thread.java:748)&#10;&quot;pool-131-thread-3&quot;  prio=5 tid=754 in Object.wait()&#10;java.lang.Thread.State: WAITING (on object monitor)&#10;        at sun.misc.Unsafe.park(Native Method)&#10;        at java.util.concurrent.locks.LockSupport.park(LockSupport.java:175)&#10;        at java.util.concurrent.locks.AbstractQueuedSynchronizer$ConditionObject.await(AbstractQueuedSynchronizer.java:2039)&#10;        at java.util.concurrent.ArrayBlockingQueue.take(ArrayBlockingQueue.java:403)&#10;        at java.util.concurrent.ThreadPoolExecutor.getTask(ThreadPoolExecutor.java:1074)&#10;        at java.util.concurrent.ThreadPoolExecutor.runWorker(ThreadPoolExecutor.java:1134)&#10;        at java.util.concurrent.ThreadPoolExecutor$Worker.run(ThreadPoolExecutor.java:624)&#10;        at java.lang.Thread.run(Thread.java:748)&#10;&quot;IPC Server idle connection scanner for port 33423&quot; daemon prio=5 tid=25 timed_waiting&#10;java.lang.Thread.State: TIMED_WAITING&#10;        at java.lang.Object.wait(Native Method)&#10;        at java.util.TimerThread.mainLoop(Timer.java:552)&#10;        at java.util.TimerThread.run(Timer.java:505)&#10;&quot;pool-89-thread-29&quot;  prio=5 tid=660 in Object.wait()&#10;java.lang.Thread.State: WAITING (on object monitor)&#10;        at sun.misc.Unsafe.park(Native Method)&#10;        at java.util.concurrent.locks.LockSupport.park(LockSupport.java:175)&#10;        at java.util.concurrent.locks.AbstractQueuedSynchronizer$ConditionObject.await(AbstractQueuedSynchronizer.java:2039)&#10;        at java.util.concurrent.ArrayBlockingQueue.take(ArrayBlockingQueue.java:403)&#10;        at java.util.concurrent.ThreadPoolExecutor.getTask(ThreadPoolExecutor.java:1074)&#10;        at java.util.concurrent.ThreadPoolExecutor.runWorker(ThreadPoolExecutor.java:1134)&#10;        at java.util.concurrent.ThreadPoolExecutor$Worker.run(ThreadPoolExecutor.java:624)&#10;        at java.lang.Thread.run(Thread.java:748)&#10;&quot;qtp628402659-195&quot; daemon prio=5 tid=195 timed_waiting&#10;java.lang.Thread.State: TIMED_WAITING&#10;        at sun.misc.Unsafe.park(Native Method)&#10;        at java.util.concurrent.locks.LockSupport.parkNanos(LockSupport.java:215)&#10;        at java.util.concurrent.locks.AbstractQueuedSynchronizer$ConditionObject.awaitNanos(AbstractQueuedSynchronizer.java:2078)&#10;        at org.eclipse.jetty.util.BlockingArrayQueue.poll(BlockingArrayQueue.java:392)&#10;        at org.eclipse.jetty.util.thread.QueuedThreadPool.idleJobPoll(QueuedThreadPool.java:563)&#10;        at org.eclipse.jetty.util.thread.QueuedThreadPool.access$800(QueuedThreadPool.java:48)&#10;        at org.eclipse.jetty.util.thread.QueuedThreadPool$2.run(QueuedThreadPool.java:626)&#10;        at java.lang.Thread.run(Thread.java:748)&#10;&quot;pool-194-thread-3&quot;  prio=5 tid=934 in Object.wait()&#10;java.lang.Thread.State: WAITING (on object monitor)&#10;        at sun.misc.Unsafe.park(Native Method)&#10;        at java.util.concurrent.locks.LockSupport.park(LockSupport.java:175)&#10;        at java.util.concurrent.locks.AbstractQueuedSynchronizer$ConditionObject.await(AbstractQueuedSynchronizer.java:2039)&#10;        at java.util.concurrent.ArrayBlockingQueue.take(ArrayBlockingQueue.java:403)&#10;        at java.util.concurrent.ThreadPoolExecutor.getTask(ThreadPoolExecutor.java:1074)&#10;        at java.util.concurrent.ThreadPoolExecutor.runWorker(ThreadPoolExecutor.java:1134)&#10;        at java.util.concurrent.ThreadPoolExecutor$Worker.run(ThreadPoolExecutor.java:624)&#10;        at java.lang.Thread.run(Thread.java:748)&#10;&quot;pool-152-thread-18&quot;  prio=5 tid=829 in Object.wait()&#10;java.lang.Thread.State: WAITING (on object monitor)&#10;        at sun.misc.Unsafe.park(Native Method)&#10;        at java.util.concurrent.locks.LockSupport.park(LockSupport.java:175)&#10;        at java.util.concurrent.locks.AbstractQueuedSynchronizer$ConditionObject.await(AbstractQueuedSynchronizer.java:2039)&#10;        at java.util.concurrent.ArrayBlockingQueue.take(ArrayBlockingQueue.java:403)&#10;        at java.util.concurrent.ThreadPoolExecutor.getTask(ThreadPoolExecutor.java:1074)&#10;        at java.util.concurrent.ThreadPoolExecutor.runWorker(ThreadPoolExecutor.java:1134)&#10;        at java.util.concurrent.ThreadPoolExecutor$Worker.run(ThreadPoolExecutor.java:624)&#10;        at java.lang.Thread.run(Thread.java:748)&#10;&quot;pool-173-thread-36&quot;  prio=5 tid=907 in Object.wait()&#10;java.lang.Thread.State: WAITING (on object monitor)&#10;        at sun.misc.Unsafe.park(Native Method)&#10;        at java.util.concurrent.locks.LockSupport.park(LockSupport.java:175)&#10;        at java.util.concurrent.locks.AbstractQueuedSynchronizer$ConditionObject.await(AbstractQueuedSynchronizer.java:2039)&#10;        at java.util.concurrent.ArrayBlockingQueue.take(ArrayBlockingQueue.java:403)&#10;        at java.util.concurrent.ThreadPoolExecutor.getTask(ThreadPoolExecutor.java:1074)&#10;        at java.util.concurrent.ThreadPoolExecutor.runWorker(ThreadPoolExecutor.java:1134)&#10;        at java.util.concurrent.ThreadPoolExecutor$Worker.run(ThreadPoolExecutor.java:624)&#10;        at java.lang.Thread.run(Thread.java:748)&#10;&quot;pool-194-thread-21&quot;  prio=5 tid=952 in Object.wait()&#10;java.lang.Thread.State: WAITING (on object monitor)&#10;        at sun.misc.Unsafe.park(Native Method)&#10;        at java.util.concurrent.locks.LockSupport.park(LockSupport.java:175)&#10;        at java.util.concurrent.locks.AbstractQueuedSynchronizer$ConditionObject.await(AbstractQueuedSynchronizer.java:2039)&#10;        at java.util.concurrent.ArrayBlockingQueue.take(ArrayBlockingQueue.java:403)&#10;        at java.util.concurrent.ThreadPoolExecutor.getTask(ThreadPoolExecutor.java:1074)&#10;        at java.util.concurrent.ThreadPoolExecutor.runWorker(ThreadPoolExecutor.java:1134)&#10;        at java.util.concurrent.ThreadPoolExecutor$Worker.run(ThreadPoolExecutor.java:624)&#10;        at java.lang.Thread.run(Thread.java:748)&#10;&quot;pool-173-thread-21&quot;  prio=5 tid=892 in Object.wait()&#10;java.lang.Thread.State: WAITING (on object monitor)&#10;        at sun.misc.Unsafe.park(Native Method)&#10;        at java.util.concurrent.locks.LockSupport.park(LockSupport.java:175)&#10;        at java.util.concurrent.locks.AbstractQueuedSynchronizer$ConditionObject.await(AbstractQueuedSynchronizer.java:2039)&#10;        at java.util.concurrent.ArrayBlockingQueue.take(ArrayBlockingQueue.java:403)&#10;        at java.util.concurrent.ThreadPoolExecutor.getTask(ThreadPoolExecutor.java:1074)&#10;        at java.util.concurrent.ThreadPoolExecutor.runWorker(ThreadPoolExecutor.java:1134)&#10;        at java.util.concurrent.ThreadPoolExecutor$Worker.run(ThreadPoolExecutor.java:624)&#10;        at java.lang.Thread.run(Thread.java:748)&#10;&quot;pool-173-thread-60&quot;  prio=5 tid=931 in Object.wait()&#10;java.lang.Thread.State: WAITING (on object monitor)&#10;        at sun.misc.Unsafe.park(Native Method)&#10;        at java.util.concurrent.locks.LockSupport.park(LockSupport.java:175)&#10;        at java.util.concurrent.locks.AbstractQueuedSynchronizer$ConditionObject.await(AbstractQueuedSynchronizer.java:2039)&#10;        at java.util.concurrent.ArrayBlockingQueue.take(ArrayBlockingQueue.java:403)&#10;        at java.util.concurrent.ThreadPoolExecutor.getTask(ThreadPoolExecutor.java:1074)&#10;        at java.util.concurrent.ThreadPoolExecutor.runWorker(ThreadPoolExecutor.java:1134)&#10;        at java.util.concurrent.ThreadPoolExecutor$Worker.run(ThreadPoolExecutor.java:624)&#10;        at java.lang.Thread.run(Thread.java:748)&#10;&quot;pool-26-thread-16&quot;  prio=5 tid=466 in Object.wait()&#10;java.lang.Thread.State: WAITING (on object monitor)&#10;        at sun.misc.Unsafe.park(Native Method)&#10;        at java.util.concurrent.locks.LockSupport.park(LockSupport.java:175)&#10;        at java.util.concurrent.locks.AbstractQueuedSynchronizer$ConditionObject.await(AbstractQueuedSynchronizer.java:2039)&#10;        at java.util.concurrent.ArrayBlockingQueue.take(ArrayBlockingQueue.java:403)&#10;        at java.util.concurrent.ThreadPoolExecutor.getTask(ThreadPoolExecutor.java:1074)&#10;        at java.util.concurrent.ThreadPoolExecutor.runWorker(ThreadPoolExecutor.java:1134)&#10;        at java.util.concurrent.ThreadPoolExecutor$Worker.run(ThreadPoolExecutor.java:624)&#10;        at java.lang.Thread.run(Thread.java:748)&#10;&quot;pool-152-thread-25&quot;  prio=5 tid=836 in Object.wait()&#10;java.lang.Thread.State: WAITING (on object monitor)&#10;        at sun.misc.Unsafe.park(Native Method)&#10;        at java.util.concurrent.locks.LockSupport.park(LockSupport.java:175)&#10;        at java.util.concurrent.locks.AbstractQueuedSynchronizer$ConditionObject.await(AbstractQueuedSynchronizer.java:2039)&#10;        at java.util.concurrent.ArrayBlockingQueue.take(ArrayBlockingQueue.java:403)&#10;        at java.util.concurrent.ThreadPoolExecutor.getTask(ThreadPoolExecutor.java:1074)&#10;        at java.util.concurrent.ThreadPoolExecutor.runWorker(ThreadPoolExecutor.java:1134)&#10;        at java.util.concurrent.ThreadPoolExecutor$Worker.run(ThreadPoolExecutor.java:624)&#10;        at java.lang.Thread.run(Thread.java:748)&#10;&quot;7e110c32-16c6-4157-bc33-575ee617fed4-RaftLogWorker&quot;  prio=5 tid=1107 timed_waiting&#10;java.lang.Thread.State: TIMED_WAITING&#10;        at sun.misc.Unsafe.park(Native Method)&#10;        at java.util.concurrent.locks.LockSupport.parkNanos(LockSupport.java:215)&#10;        at java.util.concurrent.locks.AbstractQueuedSynchronizer$ConditionObject.awaitNanos(AbstractQueuedSynchronizer.java:2078)&#10;        at org.apache.ratis.util.DataBlockingQueue.poll(DataBlockingQueue.java:137)&#10;        at org.apache.ratis.server.storage.RaftLogWorker.run(RaftLogWorker.java:216)&#10;        at java.lang.Thread.run(Thread.java:748)&#10;&quot;pool-47-thread-13&quot;  prio=5 tid=524 in Object.wait()&#10;java.lang.Thread.State: WAITING (on object monitor)&#10;        at sun.misc.Unsafe.park(Native Method)&#10;        at java.util.concurrent.locks.LockSupport.park(LockSupport.java:175)&#10;        at java.util.concurrent.locks.AbstractQueuedSynchronizer$ConditionObject.await(AbstractQueuedSynchronizer.java:2039)&#10;        at java.util.concurrent.ArrayBlockingQueue.take(ArrayBlockingQueue.java:403)&#10;        at java.util.concurrent.ThreadPoolExecutor.getTask(ThreadPoolExecutor.java:1074)&#10;        at java.util.concurrent.ThreadPoolExecutor.runWorker(ThreadPoolExecutor.java:1134)&#10;        at java.util.concurrent.ThreadPoolExecutor$Worker.run(ThreadPoolExecutor.java:624)&#10;        at java.lang.Thread.run(Thread.java:748)&#10;&quot;pool-131-thread-18&quot;  prio=5 tid=769 in Object.wait()&#10;java.lang.Thread.State: WAITING (on object monitor)&#10;        at sun.misc.Unsafe.park(Native Method)&#10;        at java.util.concurrent.locks.LockSupport.park(LockSupport.java:175)&#10;        at java.util.concurrent.locks.AbstractQueuedSynchronizer$ConditionObject.await(AbstractQueuedSynchronizer.java:2039)&#10;        at java.util.concurrent.ArrayBlockingQueue.take(ArrayBlockingQueue.java:403)&#10;        at java.util.concurrent.ThreadPoolExecutor.getTask(ThreadPoolExecutor.java:1074)&#10;        at java.util.concurrent.ThreadPoolExecutor.runWorker(ThreadPoolExecutor.java:1134)&#10;        at java.util.concurrent.ThreadPoolExecutor$Worker.run(ThreadPoolExecutor.java:624)&#10;        at java.lang.Thread.run(Thread.java:748)&#10;&quot;Datanode ReportManager Thread - 1&quot; daemon prio=5 tid=354 in Object.wait()&#10;java.lang.Thread.State: WAITING (on object monitor)&#10;        at sun.misc.Unsafe.park(Native Method)&#10;        at java.util.concurrent.locks.LockSupport.park(LockSupport.java:175)&#10;        at java.util.concurrent.locks.AbstractQueuedSynchronizer$ConditionObject.await(AbstractQueuedSynchronizer.java:2039)&#10;        at java.util.concurrent.ScheduledThreadPoolExecutor$DelayedWorkQueue.take(ScheduledThreadPoolExecutor.java:1088)&#10;        at java.util.concurrent.ScheduledThreadPoolExecutor$DelayedWorkQueue.take(ScheduledThreadPoolExecutor.java:809)&#10;        at java.util.concurrent.ThreadPoolExecutor.getTask(ThreadPoolExecutor.java:1074)&#10;        at java.util.concurrent.ThreadPoolExecutor.runWorker(ThreadPoolExecutor.java:1134)&#10;        at java.util.concurrent.ThreadPoolExecutor$Worker.run(ThreadPoolExecutor.java:624)&#10;        at java.lang.Thread.run(Thread.java:748)&#10;&quot;qtp628402659-193&quot; daemon prio=5 tid=193 timed_waiting&#10;java.lang.Thread.State: TIMED_WAITING&#10;        at sun.misc.Unsafe.park(Native Method)&#10;        at java.util.concurrent.locks.LockSupport.parkNanos(LockSupport.java:215)&#10;        at java.util.concurrent.locks.AbstractQueuedSynchronizer$ConditionObject.awaitNanos(AbstractQueuedSynchronizer.java:2078)&#10;        at org.eclipse.jetty.util.BlockingArrayQueue.poll(BlockingArrayQueue.java:392)&#10;        at org.eclipse.jetty.util.thread.QueuedThreadPool.idleJobPoll(QueuedThreadPool.java:563)&#10;        at org.eclipse.jetty.util.thread.QueuedThreadPool.access$800(QueuedThreadPool.java:48)&#10;        at org.eclipse.jetty.util.thread.QueuedThreadPool$2.run(QueuedThreadPool.java:626)&#10;        at java.lang.Thread.run(Thread.java:748)&#10;&quot;BlockDeletingService#2&quot; daemon prio=5 tid=1869 in Object.wait()&#10;java.lang.Thread.State: WAITING (on object monitor)&#10;        at sun.misc.Unsafe.park(Native Method)&#10;        at java.util.concurrent.locks.LockSupport.park(LockSupport.java:175)&#10;        at java.util.concurrent.locks.AbstractQueuedSynchronizer$ConditionObject.await(AbstractQueuedSynchronizer.java:2039)&#10;        at java.util.concurrent.ScheduledThreadPoolExecutor$DelayedWorkQueue.take(ScheduledThreadPoolExecutor.java:1088)&#10;        at java.util.concurrent.ScheduledThreadPoolExecutor$DelayedWorkQueue.take(ScheduledThreadPoolExecutor.java:809)&#10;        at java.util.concurrent.ThreadPoolExecutor.getTask(ThreadPoolExecutor.java:1074)&#10;        at java.util.concurrent.ThreadPoolExecutor.runWorker(ThreadPoolExecutor.java:1134)&#10;        at java.util.concurrent.ThreadPoolExecutor$Worker.run(ThreadPoolExecutor.java:624)&#10;        at java.lang.Thread.run(Thread.java:748)&#10;&quot;pool-194-thread-57&quot;  prio=5 tid=988 in Object.wait()&#10;java.lang.Thread.State: WAITING (on object monitor)&#10;        at sun.misc.Unsafe.park(Native Method)&#10;        at java.util.concurrent.locks.LockSupport.park(LockSupport.java:175)&#10;        at java.util.concurrent.locks.AbstractQueuedSynchronizer$ConditionObject.await(AbstractQueuedSynchronizer.java:2039)&#10;        at java.util.concurrent.ArrayBlockingQueue.take(ArrayBlockingQueue.java:403)&#10;        at java.util.concurrent.ThreadPoolExecutor.getTask(ThreadPoolExecutor.java:1074)&#10;        at java.util.concurrent.ThreadPoolExecutor.runWorker(ThreadPoolExecutor.java:1134)&#10;        at java.util.concurrent.ThreadPoolExecutor$Worker.run(ThreadPoolExecutor.java:624)&#10;        at java.lang.Thread.run(Thread.java:748)&#10;&quot;IPC Server handler 3 on 33423&quot; daemon prio=5 tid=33 timed_waiting&#10;java.lang.Thread.State: TIMED_WAITING&#10;        at sun.misc.Unsafe.park(Native Method)&#10;        at java.util.concurrent.locks.LockSupport.parkNanos(LockSupport.java:215)&#10;        at java.util.concurrent.locks.AbstractQueuedSynchronizer$ConditionObject.awaitNanos(AbstractQueuedSynchronizer.java:2078)&#10;        at java.util.concurrent.LinkedBlockingQueue.poll(LinkedBlockingQueue.java:467)&#10;        at org.apache.hadoop.ipc.CallQueueManager.take(CallQueueManager.java:288)&#10;        at org.apache.hadoop.ipc.Server$Handler.run(Server.java:2668)&#10;&quot;EventQueue-NodeReportForNodeReportHandler&quot; daemon prio=5 tid=1851 in Object.wait()&#10;java.lang.Thread.State: WAITING (on object monitor)&#10;        at sun.misc.Unsafe.park(Native Method)&#10;        at java.util.concurrent.locks.LockSupport.park(LockSupport.java:175)&#10;        at java.util.concurrent.locks.AbstractQueuedSynchronizer$ConditionObject.await(AbstractQueuedSynchronizer.java:2039)&#10;        at java.util.concurrent.LinkedBlockingQueue.take(LinkedBlockingQueue.java:442)&#10;        at java.util.concurrent.ThreadPoolExecutor.getTask(ThreadPoolExecutor.java:1074)&#10;        at java.util.concurrent.ThreadPoolExecutor.runWorker(ThreadPoolExecutor.java:1134)&#10;        at java.util.concurrent.ThreadPoolExecutor$Worker.run(ThreadPoolExecutor.java:624)&#10;        at java.lang.Thread.run(Thread.java:748)&#10;&quot;pool-26-thread-28&quot;  prio=5 tid=478 in Object.wait()&#10;java.lang.Thread.State: WAITING (on object monitor)&#10;        at sun.misc.Unsafe.park(Native Method)&#10;        at java.util.concurrent.locks.LockSupport.park(LockSupport.java:175)&#10;        at java.util.concurrent.locks.AbstractQueuedSynchronizer$ConditionObject.await(AbstractQueuedSynchronizer.java:2039)&#10;        at java.util.concurrent.ArrayBlockingQueue.take(ArrayBlockingQueue.java:403)&#10;        at java.util.concurrent.ThreadPoolExecutor.getTask(ThreadPoolExecutor.java:1074)&#10;        at java.util.concurrent.ThreadPoolExecutor.runWorker(ThreadPoolExecutor.java:1134)&#10;        at java.util.concurrent.ThreadPoolExecutor$Worker.run(ThreadPoolExecutor.java:624)&#10;        at java.lang.Thread.run(Thread.java:748)&#10;&quot;qtp391333725-377&quot; daemon prio=5 tid=377 timed_waiting&#10;java.lang.Thread.State: TIMED_WAITING&#10;        at sun.misc.Unsafe.park(Native Method)&#10;        at java.util.concurrent.locks.LockSupport.parkNanos(LockSupport.java:215)&#10;        at java.util.concurrent.locks.AbstractQueuedSynchronizer$ConditionObject.awaitNanos(AbstractQueuedSynchronizer.java:2078)&#10;        at org.eclipse.jetty.util.BlockingArrayQueue.poll(BlockingArrayQueue.java:392)&#10;        at org.eclipse.jetty.util.thread.QueuedThreadPool.idleJobPoll(QueuedThreadPool.java:563)&#10;        at org.eclipse.jetty.util.thread.QueuedThreadPool.access$800(QueuedThreadPool.java:48)&#10;        at org.eclipse.jetty.util.thread.QueuedThreadPool$2.run(QueuedThreadPool.java:626)&#10;        at java.lang.Thread.run(Thread.java:748)&#10;&quot;StateMachineUpdater-7e110c32-16c6-4157-bc33-575ee617fed4-group-EC215E1E3AB3&quot; daemon prio=5 tid=1119 in Object.wait()&#10;java.lang.Thread.State: WAITING (on object monitor)&#10;        at java.lang.Object.wait(Native Method)&#10;        at java.lang.Object.wait(Object.java:502)&#10;        at org.apache.ratis.server.impl.StateMachineUpdater.run(StateMachineUpdater.java:138)&#10;        at java.lang.Thread.run(Thread.java:748)&#10;&quot;pool-68-thread-46&quot;  prio=5 tid=617 in Object.wait()&#10;java.lang.Thread.State: WAITING (on object monitor)&#10;        at sun.misc.Unsafe.park(Native Method)&#10;        at java.util.concurrent.locks.LockSupport.park(LockSupport.java:175)&#10;        at java.util.concurrent.locks.AbstractQueuedSynchronizer$ConditionObject.await(AbstractQueuedSynchronizer.java:2039)&#10;        at java.util.concurrent.ArrayBlockingQueue.take(ArrayBlockingQueue.java:403)&#10;        at java.util.concurrent.ThreadPoolExecutor.getTask(ThreadPoolExecutor.java:1074)&#10;        at java.util.concurrent.ThreadPoolExecutor.runWorker(ThreadPoolExecutor.java:1134)&#10;        at java.util.concurrent.ThreadPoolExecutor$Worker.run(ThreadPoolExecutor.java:624)&#10;        at java.lang.Thread.run(Thread.java:748)&#10;&quot;BlockDeletingService#1&quot; daemon prio=5 tid=218 timed_waiting&#10;java.lang.Thread.State: TIMED_WAITING&#10;        at sun.misc.Unsafe.park(Native Method)&#10;        at java.util.concurrent.locks.LockSupport.parkNanos(LockSupport.java:215)&#10;        at java.util.concurrent.locks.AbstractQueuedSynchronizer$ConditionObject.awaitNanos(AbstractQueuedSynchronizer.java:2078)&#10;        at java.util.concurrent.ScheduledThreadPoolExecutor$DelayedWorkQueue.take(ScheduledThreadPoolExecutor.java:1093)&#10;        at java.util.concurrent.ScheduledThreadPoolExecutor$DelayedWorkQueue.take(ScheduledThreadPoolExecutor.java:809)&#10;        at java.util.concurrent.ThreadPoolExecutor.getTask(ThreadPoolExecutor.java:1074)&#10;        at java.util.concurrent.ThreadPoolExecutor.runWorker(ThreadPoolExecutor.java:1134)&#10;        at java.util.concurrent.ThreadPoolExecutor$Worker.run(ThreadPoolExecutor.java:624)&#10;        at java.lang.Thread.run(Thread.java:748)&#10;&quot;BlockDeletingService#1&quot; daemon prio=5 tid=428 timed_waiting&#10;java.lang.Thread.State: TIMED_WAITING&#10;        at sun.misc.Unsafe.park(Native Method)&#10;        at java.util.concurrent.locks.LockSupport.parkNanos(LockSupport.java:215)&#10;        at java.util.concurrent.locks.AbstractQueuedSynchronizer$ConditionObject.awaitNanos(AbstractQueuedSynchronizer.java:2078)&#10;        at java.util.concurrent.ScheduledThreadPoolExecutor$DelayedWorkQueue.take(ScheduledThreadPoolExecutor.java:1093)&#10;        at java.util.concurrent.ScheduledThreadPoolExecutor$DelayedWorkQueue.take(ScheduledThreadPoolExecutor.java:809)&#10;        at java.util.concurrent.ThreadPoolExecutor.getTask(ThreadPoolExecutor.java:1074)&#10;        at java.util.concurrent.ThreadPoolExecutor.runWorker(ThreadPoolExecutor.java:1134)&#10;        at java.util.concurrent.ThreadPoolExecutor$Worker.run(ThreadPoolExecutor.java:624)&#10;        at java.lang.Thread.run(Thread.java:748)&#10;&quot;pool-152-thread-46&quot;  prio=5 tid=857 in Object.wait()&#10;java.lang.Thread.State: WAITING (on object monitor)&#10;        at sun.misc.Unsafe.park(Native Method)&#10;        at java.util.concurrent.locks.LockSupport.park(LockSupport.java:175)&#10;        at java.util.concurrent.locks.AbstractQueuedSynchronizer$ConditionObject.await(AbstractQueuedSynchronizer.java:2039)&#10;        at java.util.concurrent.ArrayBlockingQueue.take(ArrayBlockingQueue.java:403)&#10;        at java.util.concurrent.ThreadPoolExecutor.getTask(ThreadPoolExecutor.java:1074)&#10;        at java.util.concurrent.ThreadPoolExecutor.runWorker(ThreadPoolExecutor.java:1134)&#10;        at java.util.concurrent.ThreadPoolExecutor$Worker.run(ThreadPoolExecutor.java:624)&#10;        at java.lang.Thread.run(Thread.java:748)&#10;&quot;pool-215-thread-14&quot;  prio=5 tid=1005 in Object.wait()&#10;java.lang.Thread.State: WAITING (on object monitor)&#10;        at sun.misc.Unsafe.park(Native Method)&#10;        at java.util.concurrent.locks.LockSupport.park(LockSupport.java:175)&#10;        at java.util.concurrent.locks.AbstractQueuedSynchronizer$ConditionObject.await(AbstractQueuedSynchronizer.java:2039)&#10;        at java.util.concurrent.ArrayBlockingQueue.take(ArrayBlockingQueue.java:403)&#10;        at java.util.concurrent.ThreadPoolExecutor.getTask(ThreadPoolExecutor.java:1074)&#10;        at java.util.concurrent.ThreadPoolExecutor.runWorker(ThreadPoolExecutor.java:1134)&#10;        at java.util.concurrent.ThreadPoolExecutor$Worker.run(ThreadPoolExecutor.java:624)&#10;        at java.lang.Thread.run(Thread.java:748)&#10;&quot;Datanode ReportManager Thread - 1&quot; daemon prio=5 tid=444 in Object.wait()&#10;java.lang.Thread.State: WAITING (on object monitor)&#10;        at sun.misc.Unsafe.park(Native Method)&#10;        at java.util.concurrent.locks.LockSupport.park(LockSupport.java:175)&#10;        at java.util.concurrent.locks.AbstractQueuedSynchronizer$ConditionObject.await(AbstractQueuedSynchronizer.java:2039)&#10;        at java.util.concurrent.ScheduledThreadPoolExecutor$DelayedWorkQueue.take(ScheduledThreadPoolExecutor.java:1088)&#10;        at java.util.concurrent.ScheduledThreadPoolExecutor$DelayedWorkQueue.take(ScheduledThreadPoolExecutor.java:809)&#10;        at java.util.concurrent.ThreadPoolExecutor.getTask(ThreadPoolExecutor.java:1074)&#10;        at java.util.concurrent.ThreadPoolExecutor.runWorker(ThreadPoolExecutor.java:1134)&#10;        at java.util.concurrent.ThreadPoolExecutor$Worker.run(ThreadPoolExecutor.java:624)&#10;        at java.lang.Thread.run(Thread.java:748)&#10;&quot;org.apache.ratis.server.impl.LogAppender$$Lambda$313/942784436@77db8971&quot; daemon prio=5 tid=1164 timed_waiting&#10;java.lang.Thread.State: TIMED_WAITING&#10;        at java.lang.Object.wait(Native Method)&#10;        at org.apache.ratis.grpc.server.GrpcLogAppender.mayWait(GrpcLogAppender.java:140)&#10;        at org.apache.ratis.grpc.server.GrpcLogAppender.runAppenderImpl(GrpcLogAppender.java:94)&#10;        at org.apache.ratis.server.impl.LogAppender.runAppender(LogAppender.java:101)&#10;        at org.apache.ratis.server.impl.LogAppender$$Lambda$313/942784436.run(Unknown Source)&#10;        at java.lang.Thread.run(Thread.java:748)&#10;&quot;pool-194-thread-29&quot;  prio=5 tid=960 in Object.wait()&#10;java.lang.Thread.State: WAITING (on object monitor)&#10;        at sun.misc.Unsafe.park(Native Method)&#10;        at java.util.concurrent.locks.LockSupport.park(LockSupport.java:175)&#10;        at java.util.concurrent.locks.AbstractQueuedSynchronizer$ConditionObject.await(AbstractQueuedSynchronizer.java:2039)&#10;        at java.util.concurrent.ArrayBlockingQueue.take(ArrayBlockingQueue.java:403)&#10;        at java.util.concurrent.ThreadPoolExecutor.getTask(ThreadPoolExecutor.java:1074)&#10;        at java.util.concurrent.ThreadPoolExecutor.runWorker(ThreadPoolExecutor.java:1134)&#10;        at java.util.concurrent.ThreadPoolExecutor$Worker.run(ThreadPoolExecutor.java:624)&#10;        at java.lang.Thread.run(Thread.java:748)&#10;&quot;pool-68-thread-10&quot;  prio=5 tid=581 in Object.wait()&#10;java.lang.Thread.State: WAITING (on object monitor)&#10;        at sun.misc.Unsafe.park(Native Method)&#10;        at java.util.concurrent.locks.LockSupport.park(LockSupport.java:175)&#10;        at java.util.concurrent.locks.AbstractQueuedSynchronizer$ConditionObject.await(AbstractQueuedSynchronizer.java:2039)&#10;        at java.util.concurrent.ArrayBlockingQueue.take(ArrayBlockingQueue.java:403)&#10;        at java.util.concurrent.ThreadPoolExecutor.getTask(ThreadPoolExecutor.java:1074)&#10;        at java.util.concurrent.ThreadPoolExecutor.runWorker(ThreadPoolExecutor.java:1134)&#10;        at java.util.concurrent.ThreadPoolExecutor$Worker.run(ThreadPoolExecutor.java:624)&#10;        at java.lang.Thread.run(Thread.java:748)&#10;&quot;Datanode ReportManager Thread - 2&quot; daemon prio=5 tid=265 in Object.wait()&#10;java.lang.Thread.State: WAITING (on object monitor)&#10;        at sun.misc.Unsafe.park(Native Method)&#10;        at java.util.concurrent.locks.LockSupport.park(LockSupport.java:175)&#10;        at java.util.concurrent.locks.AbstractQueuedSynchronizer$ConditionObject.await(AbstractQueuedSynchronizer.java:2039)&#10;        at java.util.concurrent.ScheduledThreadPoolExecutor$DelayedWorkQueue.take(ScheduledThreadPoolExecutor.java:1088)&#10;        at java.util.concurrent.ScheduledThreadPoolExecutor$DelayedWorkQueue.take(ScheduledThreadPoolExecutor.java:809)&#10;        at java.util.concurrent.ThreadPoolExecutor.getTask(ThreadPoolExecutor.java:1074)&#10;        at java.util.concurrent.ThreadPoolExecutor.runWorker(ThreadPoolExecutor.java:1134)&#10;        at java.util.concurrent.ThreadPoolExecutor$Worker.run(ThreadPoolExecutor.java:624)&#10;        at java.lang.Thread.run(Thread.java:748)&#10;&quot;pool-110-thread-41&quot;  prio=5 tid=732 in Object.wait()&#10;java.lang.Thread.State: WAITING (on object monitor)&#10;        at sun.misc.Unsafe.park(Native Method)&#10;        at java.util.concurrent.locks.LockSupport.park(LockSupport.java:175)&#10;        at java.util.concurrent.locks.AbstractQueuedSynchronizer$ConditionObject.await(AbstractQueuedSynchronizer.java:2039)&#10;        at java.util.concurrent.ArrayBlockingQueue.take(ArrayBlockingQueue.java:403)&#10;        at java.util.concurrent.ThreadPoolExecutor.getTask(ThreadPoolExecutor.java:1074)&#10;        at java.util.concurrent.ThreadPoolExecutor.runWorker(ThreadPoolExecutor.java:1134)&#10;        at java.util.concurrent.ThreadPoolExecutor$Worker.run(ThreadPoolExecutor.java:624)&#10;        at java.lang.Thread.run(Thread.java:748)&#10;&quot;IPC Server handler 15 on 38877&quot; daemon prio=5 tid=129 timed_waiting&#10;java.lang.Thread.State: TIMED_WAITING&#10;        at sun.misc.Unsafe.park(Native Method)&#10;        at java.util.concurrent.locks.LockSupport.parkNanos(LockSupport.java:215)&#10;        at java.util.concurrent.locks.AbstractQueuedSynchronizer$ConditionObject.awaitNanos(AbstractQueuedSynchronizer.java:2078)&#10;        at java.util.concurrent.LinkedBlockingQueue.poll(LinkedBlockingQueue.java:467)&#10;        at org.apache.hadoop.ipc.CallQueueManager.take(CallQueueManager.java:288)&#10;        at org.apache.hadoop.ipc.Server$Handler.run(Server.java:2668)&#10;&quot;qtp608414678-224&quot; daemon prio=5 tid=224 timed_waiting&#10;java.lang.Thread.State: TIMED_WAITING&#10;        at sun.misc.Unsafe.park(Native Method)&#10;        at java.util.concurrent.locks.LockSupport.parkNanos(LockSupport.java:215)&#10;        at java.util.concurrent.locks.AbstractQueuedSynchronizer$ConditionObject.awaitNanos(AbstractQueuedSynchronizer.java:2078)&#10;        at org.eclipse.jetty.util.BlockingArrayQueue.poll(BlockingArrayQueue.java:392)&#10;        at org.eclipse.jetty.util.thread.QueuedThreadPool.idleJobPoll(QueuedThreadPool.java:563)&#10;        at org.eclipse.jetty.util.thread.QueuedThreadPool.access$800(QueuedThreadPool.java:48)&#10;        at org.eclipse.jetty.util.thread.QueuedThreadPool$2.run(QueuedThreadPool.java:626)&#10;        at java.lang.Thread.run(Thread.java:748)&#10;&quot;22b2fce2-e0c4-4bfe-a1ac-a7ae08b7b321-RaftLogWorker&quot;  prio=5 tid=1136 timed_waiting&#10;java.lang.Thread.State: TIMED_WAITING&#10;        at sun.misc.Unsafe.park(Native Method)&#10;        at java.util.concurrent.locks.LockSupport.parkNanos(LockSupport.java:215)&#10;        at java.util.concurrent.locks.AbstractQueuedSynchronizer$ConditionObject.awaitNanos(AbstractQueuedSynchronizer.java:2078)&#10;        at org.apache.ratis.util.DataBlockingQueue.poll(DataBlockingQueue.java:137)&#10;        at org.apache.ratis.server.storage.RaftLogWorker.run(RaftLogWorker.java:216)&#10;        at java.lang.Thread.run(Thread.java:748)&#10;&quot;pool-68-thread-25&quot;  prio=5 tid=596 in Object.wait()&#10;java.lang.Thread.State: WAITING (on object monitor)&#10;        at sun.misc.Unsafe.park(Native Method)&#10;        at java.util.concurrent.locks.LockSupport.park(LockSupport.java:175)&#10;        at java.util.concurrent.locks.AbstractQueuedSynchronizer$ConditionObject.await(AbstractQueuedSynchronizer.java:2039)&#10;        at java.util.concurrent.ArrayBlockingQueue.take(ArrayBlockingQueue.java:403)&#10;        at java.util.concurrent.ThreadPoolExecutor.getTask(ThreadPoolExecutor.java:1074)&#10;        at java.util.concurrent.ThreadPoolExecutor.runWorker(ThreadPoolExecutor.java:1134)&#10;        at java.util.concurrent.ThreadPoolExecutor$Worker.run(ThreadPoolExecutor.java:624)&#10;        at java.lang.Thread.run(Thread.java:748)&#10;&quot;pool-110-thread-36&quot;  prio=5 tid=727 in Object.wait()&#10;java.lang.Thread.State: WAITING (on object monitor)&#10;        at sun.misc.Unsafe.park(Native Method)&#10;        at java.util.concurrent.locks.LockSupport.park(LockSupport.java:175)&#10;        at java.util.concurrent.locks.AbstractQueuedSynchronizer$ConditionObject.await(AbstractQueuedSynchronizer.java:2039)&#10;        at java.util.concurrent.ArrayBlockingQueue.take(ArrayBlockingQueue.java:403)&#10;        at java.util.concurrent.ThreadPoolExecutor.getTask(ThreadPoolExecutor.java:1074)&#10;        at java.util.concurrent.ThreadPoolExecutor.runWorker(ThreadPoolExecutor.java:1134)&#10;        at java.util.concurrent.ThreadPoolExecutor$Worker.run(ThreadPoolExecutor.java:624)&#10;        at java.lang.Thread.run(Thread.java:748)&#10;&quot;pool-47-thread-58&quot;  prio=5 tid=569 in Object.wait()&#10;java.lang.Thread.State: WAITING (on object monitor)&#10;        at sun.misc.Unsafe.park(Native Method)&#10;        at java.util.concurrent.locks.LockSupport.park(LockSupport.java:175)&#10;        at java.util.concurrent.locks.AbstractQueuedSynchronizer$ConditionObject.await(AbstractQueuedSynchronizer.java:2039)&#10;        at java.util.concurrent.ArrayBlockingQueue.take(ArrayBlockingQueue.java:403)&#10;        at java.util.concurrent.ThreadPoolExecutor.getTask(ThreadPoolExecutor.java:1074)&#10;        at java.util.concurrent.ThreadPoolExecutor.runWorker(ThreadPoolExecutor.java:1134)&#10;        at java.util.concurrent.ThreadPoolExecutor$Worker.run(ThreadPoolExecutor.java:624)&#10;        at java.lang.Thread.run(Thread.java:748)&#10;&quot;org.apache.ratis.server.impl.LogAppender$$Lambda$313/942784436@472a384d&quot; daemon prio=5 tid=1209 timed_waiting&#10;java.lang.Thread.State: TIMED_WAITING&#10;        at java.lang.Object.wait(Native Method)&#10;        at org.apache.ratis.grpc.server.GrpcLogAppender.mayWait(GrpcLogAppender.java:140)&#10;        at org.apache.ratis.grpc.server.GrpcLogAppender.runAppenderImpl(GrpcLogAppender.java:94)&#10;        at org.apache.ratis.server.impl.LogAppender.runAppender(LogAppender.java:101)&#10;        at org.apache.ratis.server.impl.LogAppender$$Lambda$313/942784436.run(Unknown Source)&#10;        at java.lang.Thread.run(Thread.java:748)&#10;&quot;pool-152-thread-59&quot;  prio=5 tid=870 in Object.wait()&#10;java.lang.Thread.State: WAITING (on object monitor)&#10;        at sun.misc.Unsafe.park(Native Method)&#10;        at java.util.concurrent.locks.LockSupport.park(LockSupport.java:175)&#10;        at java.util.concurrent.locks.AbstractQueuedSynchronizer$ConditionObject.await(AbstractQueuedSynchronizer.java:2039)&#10;        at java.util.concurrent.ArrayBlockingQueue.take(ArrayBlockingQueue.java:403)&#10;        at java.util.concurrent.ThreadPoolExecutor.getTask(ThreadPoolExecutor.java:1074)&#10;        at java.util.concurrent.ThreadPoolExecutor.runWorker(ThreadPoolExecutor.java:1134)&#10;        at java.util.concurrent.ThreadPoolExecutor$Worker.run(ThreadPoolExecutor.java:624)&#10;        at java.lang.Thread.run(Thread.java:748)&#10;&quot;pool-188-thread-1&quot;  prio=5 tid=369 timed_waiting&#10;java.lang.Thread.State: TIMED_WAITING&#10;        at sun.misc.Unsafe.park(Native Method)&#10;        at java.util.concurrent.locks.LockSupport.parkNanos(LockSupport.java:215)&#10;        at java.util.concurrent.locks.AbstractQueuedSynchronizer$ConditionObject.awaitNanos(AbstractQueuedSynchronizer.java:2078)&#10;        at java.util.concurrent.ScheduledThreadPoolExecutor$DelayedWorkQueue.take(ScheduledThreadPoolExecutor.java:1093)&#10;        at java.util.concurrent.ScheduledThreadPoolExecutor$DelayedWorkQueue.take(ScheduledThreadPoolExecutor.java:809)&#10;        at java.util.concurrent.ThreadPoolExecutor.getTask(ThreadPoolExecutor.java:1074)&#10;        at java.util.concurrent.ThreadPoolExecutor.runWorker(ThreadPoolExecutor.java:1134)&#10;        at java.util.concurrent.ThreadPoolExecutor$Worker.run(ThreadPoolExecutor.java:624)&#10;        at java.lang.Thread.run(Thread.java:748)&#10;&quot;pool-152-thread-48&quot;  prio=5 tid=859 in Object.wait()&#10;java.lang.Thread.State: WAITING (on object monitor)&#10;        at sun.misc.Unsafe.park(Native Method)&#10;        at java.util.concurrent.locks.LockSupport.park(LockSupport.java:175)&#10;        at java.util.concurrent.locks.AbstractQueuedSynchronizer$ConditionObject.await(AbstractQueuedSynchronizer.java:2039)&#10;        at java.util.concurrent.ArrayBlockingQueue.take(ArrayBlockingQueue.java:403)&#10;        at java.util.concurrent.ThreadPoolExecutor.getTask(ThreadPoolExecutor.java:1074)&#10;        at java.util.concurrent.ThreadPoolExecutor.runWorker(ThreadPoolExecutor.java:1134)&#10;        at java.util.concurrent.ThreadPoolExecutor$Worker.run(ThreadPoolExecutor.java:624)&#10;        at java.lang.Thread.run(Thread.java:748)&#10;&quot;pool-110-thread-24&quot;  prio=5 tid=715 in Object.wait()&#10;java.lang.Thread.State: WAITING (on object monitor)&#10;        at sun.misc.Unsafe.park(Native Method)&#10;        at java.util.concurrent.locks.LockSupport.park(LockSupport.java:175)&#10;        at java.util.concurrent.locks.AbstractQueuedSynchronizer$ConditionObject.await(AbstractQueuedSynchronizer.java:2039)&#10;        at java.util.concurrent.ArrayBlockingQueue.take(ArrayBlockingQueue.java:403)&#10;        at java.util.concurrent.ThreadPoolExecutor.getTask(ThreadPoolExecutor.java:1074)&#10;        at java.util.concurrent.ThreadPoolExecutor.runWorker(ThreadPoolExecutor.java:1134)&#10;        at java.util.concurrent.ThreadPoolExecutor$Worker.run(ThreadPoolExecutor.java:624)&#10;        at java.lang.Thread.run(Thread.java:748)&#10;&quot;IPC Server idle connection scanner for port 38877&quot; daemon prio=5 tid=108 timed_waiting&#10;java.lang.Thread.State: TIMED_WAITING&#10;        at java.lang.Object.wait(Native Method)&#10;        at java.util.TimerThread.mainLoop(Timer.java:552)&#10;        at java.util.TimerThread.run(Timer.java:505)&#10;&quot;qtp648346093-341-acceptor-0@1447bdbc-ServerConnector@4bce62b{HTTP/1.1,[http/1.1]}{0.0.0.0:37695}&quot; daemon prio=3 tid=341 runnable&#10;java.lang.Thread.State: RUNNABLE&#10;        at sun.nio.ch.ServerSocketChannelImpl.accept0(Native Method)&#10;        at sun.nio.ch.ServerSocketChannelImpl.accept(ServerSocketChannelImpl.java:422)&#10;        at sun.nio.ch.ServerSocketChannelImpl.accept(ServerSocketChannelImpl.java:250)&#10;        at org.eclipse.jetty.server.ServerConnector.accept(ServerConnector.java:397)&#10;        at org.eclipse.jetty.server.AbstractConnector$Acceptor.run(AbstractConnector.java:601)&#10;        at org.eclipse.jetty.util.thread.QueuedThreadPool.runJob(QueuedThreadPool.java:671)&#10;        at org.eclipse.jetty.util.thread.QueuedThreadPool$2.run(QueuedThreadPool.java:589)&#10;        at java.lang.Thread.run(Thread.java:748)&#10;&quot;pool-26-thread-40&quot;  prio=5 tid=490 in Object.wait()&#10;java.lang.Thread.State: WAITING (on object monitor)&#10;        at sun.misc.Unsafe.park(Native Method)&#10;        at java.util.concurrent.locks.LockSupport.park(LockSupport.java:175)&#10;        at java.util.concurrent.locks.AbstractQueuedSynchronizer$ConditionObject.await(AbstractQueuedSynchronizer.java:2039)&#10;        at java.util.concurrent.ArrayBlockingQueue.take(ArrayBlockingQueue.java:403)&#10;        at java.util.concurrent.ThreadPoolExecutor.getTask(ThreadPoolExecutor.java:1074)&#10;        at java.util.concurrent.ThreadPoolExecutor.runWorker(ThreadPoolExecutor.java:1134)&#10;        at java.util.concurrent.ThreadPoolExecutor$Worker.run(ThreadPoolExecutor.java:624)&#10;        at java.lang.Thread.run(Thread.java:748)&#10;&quot;org.eclipse.jetty.server.session.HashSessionManager@610fbe1cTimer&quot; daemon prio=5 tid=379 timed_waiting&#10;java.lang.Thread.State: TIMED_WAITING&#10;        at sun.misc.Unsafe.park(Native Method)&#10;        at java.util.concurrent.locks.LockSupport.parkNanos(LockSupport.java:215)&#10;        at java.util.concurrent.locks.AbstractQueuedSynchronizer$ConditionObject.awaitNanos(AbstractQueuedSynchronizer.java:2078)&#10;        at java.util.concurrent.ScheduledThreadPoolExecutor$DelayedWorkQueue.take(ScheduledThreadPoolExecutor.java:1093)&#10;        at java.util.concurrent.ScheduledThreadPoolExecutor$DelayedWorkQueue.take(ScheduledThreadPoolExecutor.java:809)&#10;        at java.util.concurrent.ThreadPoolExecutor.getTask(ThreadPoolExecutor.java:1074)&#10;        at java.util.concurrent.ThreadPoolExecutor.runWorker(ThreadPoolExecutor.java:1134)&#10;        at java.util.concurrent.ThreadPoolExecutor$Worker.run(ThreadPoolExecutor.java:624)&#10;        at java.lang.Thread.run(Thread.java:748)&#10;&quot;pool-215-thread-54&quot;  prio=5 tid=1045 in Object.wait()&#10;java.lang.Thread.State: WAITING (on object monitor)&#10;        at sun.misc.Unsafe.park(Native Method)&#10;        at java.util.concurrent.locks.LockSupport.park(LockSupport.java:175)&#10;        at java.util.concurrent.locks.AbstractQueuedSynchronizer$ConditionObject.await(AbstractQueuedSynchronizer.java:2039)&#10;        at java.util.concurrent.ArrayBlockingQueue.take(ArrayBlockingQueue.java:403)&#10;        at java.util.concurrent.ThreadPoolExecutor.getTask(ThreadPoolExecutor.java:1074)&#10;        at java.util.concurrent.ThreadPoolExecutor.runWorker(ThreadPoolExecutor.java:1134)&#10;        at java.util.concurrent.ThreadPoolExecutor$Worker.run(ThreadPoolExecutor.java:624)&#10;        at java.lang.Thread.run(Thread.java:748)&#10;&quot;IPC Server handler 4 on 46447&quot; daemon prio=5 tid=54 timed_waiting&#10;java.lang.Thread.State: TIMED_WAITING&#10;        at sun.misc.Unsafe.park(Native Method)&#10;        at java.util.concurrent.locks.LockSupport.parkNanos(LockSupport.java:215)&#10;        at java.util.concurrent.locks.AbstractQueuedSynchronizer$ConditionObject.awaitNanos(AbstractQueuedSynchronizer.java:2078)&#10;        at java.util.concurrent.LinkedBlockingQueue.poll(LinkedBlockingQueue.java:467)&#10;        at org.apache.hadoop.ipc.CallQueueManager.take(CallQueueManager.java:288)&#10;        at org.apache.hadoop.ipc.Server$Handler.run(Server.java:2668)&#10;&quot;pool-89-thread-39&quot;  prio=5 tid=670 in Object.wait()&#10;java.lang.Thread.State: WAITING (on object monitor)&#10;        at sun.misc.Unsafe.park(Native Method)&#10;        at java.util.concurrent.locks.LockSupport.park(LockSupport.java:175)&#10;        at java.util.concurrent.locks.AbstractQueuedSynchronizer$ConditionObject.await(AbstractQueuedSynchronizer.java:2039)&#10;        at java.util.concurrent.ArrayBlockingQueue.take(ArrayBlockingQueue.java:403)&#10;        at java.util.concurrent.ThreadPoolExecutor.getTask(ThreadPoolExecutor.java:1074)&#10;        at java.util.concurrent.ThreadPoolExecutor.runWorker(ThreadPoolExecutor.java:1134)&#10;        at java.util.concurrent.ThreadPoolExecutor$Worker.run(ThreadPoolExecutor.java:624)&#10;        at java.lang.Thread.run(Thread.java:748)&#10;&quot;BlockDeletingService#2&quot; daemon prio=5 tid=1852 in Object.wait()&#10;java.lang.Thread.State: WAITING (on object monitor)&#10;        at sun.misc.Unsafe.park(Native Method)&#10;        at java.util.concurrent.locks.LockSupport.park(LockSupport.java:175)&#10;        at java.util.concurrent.locks.AbstractQueuedSynchronizer$ConditionObject.await(AbstractQueuedSynchronizer.java:2039)&#10;        at java.util.concurrent.ScheduledThreadPoolExecutor$DelayedWorkQueue.take(ScheduledThreadPoolExecutor.java:1088)&#10;        at java.util.concurrent.ScheduledThreadPoolExecutor$DelayedWorkQueue.take(ScheduledThreadPoolExecutor.java:809)&#10;        at java.util.concurrent.ThreadPoolExecutor.getTask(ThreadPoolExecutor.java:1074)&#10;        at java.util.concurrent.ThreadPoolExecutor.runWorker(ThreadPoolExecutor.java:1134)&#10;        at java.util.concurrent.ThreadPoolExecutor$Worker.run(ThreadPoolExecutor.java:624)&#10;        at java.lang.Thread.run(Thread.java:748)&#10;&quot;IPC Server handler 17 on 38877&quot; daemon prio=5 tid=131 timed_waiting&#10;java.lang.Thread.State: TIMED_WAITING&#10;        at sun.misc.Unsafe.park(Native Method)&#10;        at java.util.concurrent.locks.LockSupport.parkNanos(LockSupport.java:215)&#10;        at java.util.concurrent.locks.AbstractQueuedSynchronizer$ConditionObject.awaitNanos(AbstractQueuedSynchronizer.java:2078)&#10;        at java.util.concurrent.LinkedBlockingQueue.poll(LinkedBlockingQueue.java:467)&#10;        at org.apache.hadoop.ipc.CallQueueManager.take(CallQueueManager.java:288)&#10;        at org.apache.hadoop.ipc.Server$Handler.run(Server.java:2668)&#10;&quot;Datanode ReportManager Thread - 2&quot; daemon prio=5 tid=387 timed_waiting&#10;java.lang.Thread.State: TIMED_WAITING&#10;        at sun.misc.Unsafe.park(Native Method)&#10;        at java.util.concurrent.locks.LockSupport.parkNanos(LockSupport.java:215)&#10;        at java.util.concurrent.locks.AbstractQueuedSynchronizer$ConditionObject.awaitNanos(AbstractQueuedSynchronizer.java:2078)&#10;        at java.util.concurrent.ScheduledThreadPoolExecutor$DelayedWorkQueue.take(ScheduledThreadPoolExecutor.java:1093)&#10;        at java.util.concurrent.ScheduledThreadPoolExecutor$DelayedWorkQueue.take(ScheduledThreadPoolExecutor.java:809)&#10;        at java.util.concurrent.ThreadPoolExecutor.getTask(ThreadPoolExecutor.java:1074)&#10;        at java.util.concurrent.ThreadPoolExecutor.runWorker(ThreadPoolExecutor.java:1134)&#10;        at java.util.concurrent.ThreadPoolExecutor$Worker.run(ThreadPoolExecutor.java:624)&#10;        at java.lang.Thread.run(Thread.java:748)&#10;&quot;pool-173-thread-39&quot;  prio=5 tid=910 in Object.wait()&#10;java.lang.Thread.State: WAITING (on object monitor)&#10;        at sun.misc.Unsafe.park(Native Method)&#10;        at java.util.concurrent.locks.LockSupport.park(LockSupport.java:175)&#10;        at java.util.concurrent.locks.AbstractQueuedSynchronizer$ConditionObject.await(AbstractQueuedSynchronizer.java:2039)&#10;        at java.util.concurrent.ArrayBlockingQueue.take(ArrayBlockingQueue.java:403)&#10;        at java.util.concurrent.ThreadPoolExecutor.getTask(ThreadPoolExecutor.java:1074)&#10;        at java.util.concurrent.ThreadPoolExecutor.runWorker(ThreadPoolExecutor.java:1134)&#10;        at java.util.concurrent.ThreadPoolExecutor$Worker.run(ThreadPoolExecutor.java:624)&#10;        at java.lang.Thread.run(Thread.java:748)&#10;&quot;pool-173-thread-31&quot;  prio=5 tid=902 in Object.wait()&#10;java.lang.Thread.State: WAITING (on object monitor)&#10;        at sun.misc.Unsafe.park(Native Method)&#10;        at java.util.concurrent.locks.LockSupport.park(LockSupport.java:175)&#10;        at java.util.concurrent.locks.AbstractQueuedSynchronizer$ConditionObject.await(AbstractQueuedSynchronizer.java:2039)&#10;        at java.util.concurrent.ArrayBlockingQueue.take(ArrayBlockingQueue.java:403)&#10;        at java.util.concurrent.ThreadPoolExecutor.getTask(ThreadPoolExecutor.java:1074)&#10;        at java.util.concurrent.ThreadPoolExecutor.runWorker(ThreadPoolExecutor.java:1134)&#10;        at java.util.concurrent.ThreadPoolExecutor$Worker.run(ThreadPoolExecutor.java:624)&#10;        at java.lang.Thread.run(Thread.java:748)&#10;&quot;org.apache.ratis.server.impl.LogAppender$$Lambda$313/942784436@411b507a&quot; daemon prio=5 tid=1185 timed_waiting&#10;java.lang.Thread.State: TIMED_WAITING&#10;        at java.lang.Object.wait(Native Method)&#10;        at org.apache.ratis.grpc.server.GrpcLogAppender.mayWait(GrpcLogAppender.java:140)&#10;        at org.apache.ratis.grpc.server.GrpcLogAppender.runAppenderImpl(GrpcLogAppender.java:94)&#10;        at org.apache.ratis.server.impl.LogAppender.runAppender(LogAppender.java:101)&#10;        at org.apache.ratis.server.impl.LogAppender$$Lambda$313/942784436.run(Unknown Source)&#10;        at java.lang.Thread.run(Thread.java:748)&#10;&quot;pool-89-thread-22&quot;  prio=5 tid=653 in Object.wait()&#10;java.lang.Thread.State: WAITING (on object monitor)&#10;        at sun.misc.Unsafe.park(Native Method)&#10;        at java.util.concurrent.locks.LockSupport.park(LockSupport.java:175)&#10;        at java.util.concurrent.locks.AbstractQueuedSynchronizer$ConditionObject.await(AbstractQueuedSynchronizer.java:2039)&#10;        at java.util.concurrent.ArrayBlockingQueue.take(ArrayBlockingQueue.java:403)&#10;        at java.util.concurrent.ThreadPoolExecutor.getTask(ThreadPoolExecutor.java:1074)&#10;        at java.util.concurrent.ThreadPoolExecutor.runWorker(ThreadPoolExecutor.java:1134)&#10;        at java.util.concurrent.ThreadPoolExecutor$Worker.run(ThreadPoolExecutor.java:624)&#10;        at java.lang.Thread.run(Thread.java:748)&#10;&quot;pool-152-thread-11&quot;  prio=5 tid=822 in Object.wait()&#10;java.lang.Thread.State: WAITING (on object monitor)&#10;        at sun.misc.Unsafe.park(Native Method)&#10;        at java.util.concurrent.locks.LockSupport.park(LockSupport.java:175)&#10;        at java.util.concurrent.locks.AbstractQueuedSynchronizer$ConditionObject.await(AbstractQueuedSynchronizer.java:2039)&#10;        at java.util.concurrent.ArrayBlockingQueue.take(ArrayBlockingQueue.java:403)&#10;        at java.util.concurrent.ThreadPoolExecutor.getTask(ThreadPoolExecutor.java:1074)&#10;        at java.util.concurrent.ThreadPoolExecutor.runWorker(ThreadPoolExecutor.java:1134)&#10;        at java.util.concurrent.ThreadPoolExecutor$Worker.run(ThreadPoolExecutor.java:624)&#10;        at java.lang.Thread.run(Thread.java:748)&#10;&quot;IPC Server handler 16 on 33423&quot; daemon prio=5 tid=46 timed_waiting&#10;java.lang.Thread.State: TIMED_WAITING&#10;        at sun.misc.Unsafe.park(Native Method)&#10;        at java.util.concurrent.locks.LockSupport.parkNanos(LockSupport.java:215)&#10;        at java.util.concurrent.locks.AbstractQueuedSynchronizer$ConditionObject.awaitNanos(AbstractQueuedSynchronizer.java:2078)&#10;        at java.util.concurrent.LinkedBlockingQueue.poll(LinkedBlockingQueue.java:467)&#10;        at org.apache.hadoop.ipc.CallQueueManager.take(CallQueueManager.java:288)&#10;        at org.apache.hadoop.ipc.Server$Handler.run(Server.java:2668)&#10;&quot;pool-68-thread-55&quot;  prio=5 tid=626 in Object.wait()&#10;java.lang.Thread.State: WAITING (on object monitor)&#10;        at sun.misc.Unsafe.park(Native Method)&#10;        at java.util.concurrent.locks.LockSupport.park(LockSupport.java:175)&#10;        at java.util.concurrent.locks.AbstractQueuedSynchronizer$ConditionObject.await(AbstractQueuedSynchronizer.java:2039)&#10;        at java.util.concurrent.ArrayBlockingQueue.take(ArrayBlockingQueue.java:403)&#10;        at java.util.concurrent.ThreadPoolExecutor.getTask(ThreadPoolExecutor.java:1074)&#10;        at java.util.concurrent.ThreadPoolExecutor.runWorker(ThreadPoolExecutor.java:1134)&#10;        at java.util.concurrent.ThreadPoolExecutor$Worker.run(ThreadPoolExecutor.java:624)&#10;        at java.lang.Thread.run(Thread.java:748)&#10;&quot;nioEventLoopGroup-10-1&quot;  prio=10 tid=291 runnable&#10;java.lang.Thread.State: RUNNABLE&#10;        at sun.nio.ch.EPollArrayWrapper.epollWait(Native Method)&#10;        at sun.nio.ch.EPollArrayWrapper.poll(EPollArrayWrapper.java:269)&#10;        at sun.nio.ch.EPollSelectorImpl.doSelect(EPollSelectorImpl.java:93)&#10;        at sun.nio.ch.SelectorImpl.lockAndDoSelect(SelectorImpl.java:86)&#10;        at sun.nio.ch.SelectorImpl.select(SelectorImpl.java:97)&#10;        at io.netty.channel.nio.SelectedSelectionKeySetSelector.select(SelectedSelectionKeySetSelector.java:62)&#10;        at io.netty.channel.nio.NioEventLoop.select(NioEventLoop.java:753)&#10;        at io.netty.channel.nio.NioEventLoop.run(NioEventLoop.java:408)&#10;        at io.netty.util.concurrent.SingleThreadEventExecutor$5.run(SingleThreadEventExecutor.java:897)&#10;        at io.netty.util.concurrent.FastThreadLocalRunnable.run(FastThreadLocalRunnable.java:30)&#10;        at java.lang.Thread.run(Thread.java:748)&#10;&quot;pool-68-thread-30&quot;  prio=5 tid=601 in Object.wait()&#10;java.lang.Thread.State: WAITING (on object monitor)&#10;        at sun.misc.Unsafe.park(Native Method)&#10;        at java.util.concurrent.locks.LockSupport.park(LockSupport.java:175)&#10;        at java.util.concurrent.locks.AbstractQueuedSynchronizer$ConditionObject.await(AbstractQueuedSynchronizer.java:2039)&#10;        at java.util.concurrent.ArrayBlockingQueue.take(ArrayBlockingQueue.java:403)&#10;        at java.util.concurrent.ThreadPoolExecutor.getTask(ThreadPoolExecutor.java:1074)&#10;        at java.util.concurrent.ThreadPoolExecutor.runWorker(ThreadPoolExecutor.java:1134)&#10;        at java.util.concurrent.ThreadPoolExecutor$Worker.run(ThreadPoolExecutor.java:624)&#10;        at java.lang.Thread.run(Thread.java:748)&#10;&quot;pool-152-thread-31&quot;  prio=5 tid=842 in Object.wait()&#10;java.lang.Thread.State: WAITING (on object monitor)&#10;        at sun.misc.Unsafe.park(Native Method)&#10;        at java.util.concurrent.locks.LockSupport.park(LockSupport.java:175)&#10;        at java.util.concurrent.locks.AbstractQueuedSynchronizer$ConditionObject.await(AbstractQueuedSynchronizer.java:2039)&#10;        at java.util.concurrent.ArrayBlockingQueue.take(ArrayBlockingQueue.java:403)&#10;        at java.util.concurrent.ThreadPoolExecutor.getTask(ThreadPoolExecutor.java:1074)&#10;        at java.util.concurrent.ThreadPoolExecutor.runWorker(ThreadPoolExecutor.java:1134)&#10;        at java.util.concurrent.ThreadPoolExecutor$Worker.run(ThreadPoolExecutor.java:624)&#10;        at java.lang.Thread.run(Thread.java:748)&#10;&quot;pool-131-thread-58&quot;  prio=5 tid=809 in Object.wait()&#10;java.lang.Thread.State: WAITING (on object monitor)&#10;        at sun.misc.Unsafe.park(Native Method)&#10;        at java.util.concurrent.locks.LockSupport.park(LockSupport.java:175)&#10;        at java.util.concurrent.locks.AbstractQueuedSynchronizer$ConditionObject.await(AbstractQueuedSynchronizer.java:2039)&#10;        at java.util.concurrent.ArrayBlockingQueue.take(ArrayBlockingQueue.java:403)&#10;        at java.util.concurrent.ThreadPoolExecutor.getTask(ThreadPoolExecutor.java:1074)&#10;        at java.util.concurrent.ThreadPoolExecutor.runWorker(ThreadPoolExecutor.java:1134)&#10;        at java.util.concurrent.ThreadPoolExecutor$Worker.run(ThreadPoolExecutor.java:624)&#10;        at java.lang.Thread.run(Thread.java:748)&#10;&quot;IPC Server handler 12 on 33423&quot; daemon prio=5 tid=42 timed_waiting&#10;java.lang.Thread.State: TIMED_WAITING&#10;        at sun.misc.Unsafe.park(Native Method)&#10;        at java.util.concurrent.locks.LockSupport.parkNanos(LockSupport.java:215)&#10;        at java.util.concurrent.locks.AbstractQueuedSynchronizer$ConditionObject.awaitNanos(AbstractQueuedSynchronizer.java:2078)&#10;        at java.util.concurrent.LinkedBlockingQueue.poll(LinkedBlockingQueue.java:467)&#10;        at org.apache.hadoop.ipc.CallQueueManager.take(CallQueueManager.java:288)&#10;        at org.apache.hadoop.ipc.Server$Handler.run(Server.java:2668)&#10;&quot;IPC Server handler 0 on 33779&quot; daemon prio=5 tid=70 timed_waiting&#10;java.lang.Thread.State: TIMED_WAITING&#10;        at sun.misc.Unsafe.park(Native Method)&#10;        at java.util.concurrent.locks.LockSupport.parkNanos(LockSupport.java:215)&#10;        at java.util.concurrent.locks.AbstractQueuedSynchronizer$ConditionObject.awaitNanos(AbstractQueuedSynchronizer.java:2078)&#10;        at java.util.concurrent.LinkedBlockingQueue.poll(LinkedBlockingQueue.java:467)&#10;        at org.apache.hadoop.ipc.CallQueueManager.take(CallQueueManager.java:288)&#10;        at org.apache.hadoop.ipc.Server$Handler.run(Server.java:2668)&#10;&quot;pool-89-thread-41&quot;  prio=5 tid=672 in Object.wait()&#10;java.lang.Thread.State: WAITING (on object monitor)&#10;        at sun.misc.Unsafe.park(Native Method)&#10;        at java.util.concurrent.locks.LockSupport.park(LockSupport.java:175)&#10;        at java.util.concurrent.locks.AbstractQueuedSynchronizer$ConditionObject.await(AbstractQueuedSynchronizer.java:2039)&#10;        at java.util.concurrent.ArrayBlockingQueue.take(ArrayBlockingQueue.java:403)&#10;        at java.util.concurrent.ThreadPoolExecutor.getTask(ThreadPoolExecutor.java:1074)&#10;        at java.util.concurrent.ThreadPoolExecutor.runWorker(ThreadPoolExecutor.java:1134)&#10;        at java.util.concurrent.ThreadPoolExecutor$Worker.run(ThreadPoolExecutor.java:624)&#10;        at java.lang.Thread.run(Thread.java:748)&#10;&quot;pool-47-thread-53&quot;  prio=5 tid=564 in Object.wait()&#10;java.lang.Thread.State: WAITING (on object monitor)&#10;        at sun.misc.Unsafe.park(Native Method)&#10;        at java.util.concurrent.locks.LockSupport.park(LockSupport.java:175)&#10;        at java.util.concurrent.locks.AbstractQueuedSynchronizer$ConditionObject.await(AbstractQueuedSynchronizer.java:2039)&#10;        at java.util.concurrent.ArrayBlockingQueue.take(ArrayBlockingQueue.java:403)&#10;        at java.util.concurrent.ThreadPoolExecutor.getTask(ThreadPoolExecutor.java:1074)&#10;        at java.util.concurrent.ThreadPoolExecutor.runWorker(ThreadPoolExecutor.java:1134)&#10;        at java.util.concurrent.ThreadPoolExecutor$Worker.run(ThreadPoolExecutor.java:624)&#10;        at java.lang.Thread.run(Thread.java:748)&#10;&quot;org.eclipse.jetty.server.session.HashSessionManager@77a0dd63Timer&quot; daemon prio=5 tid=289 timed_waiting&#10;java.lang.Thread.State: TIMED_WAITING&#10;        at sun.misc.Unsafe.park(Native Method)&#10;        at java.util.concurrent.locks.LockSupport.parkNanos(LockSupport.java:215)&#10;        at java.util.concurrent.locks.AbstractQueuedSynchronizer$ConditionObject.awaitNanos(AbstractQueuedSynchronizer.java:2078)&#10;        at java.util.concurrent.ScheduledThreadPoolExecutor$DelayedWorkQueue.take(ScheduledThreadPoolExecutor.java:1093)&#10;        at java.util.concurrent.ScheduledThreadPoolExecutor$DelayedWorkQueue.take(ScheduledThreadPoolExecutor.java:809)&#10;        at java.util.concurrent.ThreadPoolExecutor.getTask(ThreadPoolExecutor.java:1074)&#10;        at java.util.concurrent.ThreadPoolExecutor.runWorker(ThreadPoolExecutor.java:1134)&#10;        at java.util.concurrent.ThreadPoolExecutor$Worker.run(ThreadPoolExecutor.java:624)&#10;        at java.lang.Thread.run(Thread.java:748)&#10;&quot;org.eclipse.jetty.server.session.HashSessionManager@4522d793Timer&quot; daemon prio=5 tid=410 timed_waiting&#10;java.lang.Thread.State: TIMED_WAITING&#10;        at sun.misc.Unsafe.park(Native Method)&#10;        at java.util.concurrent.locks.LockSupport.parkNanos(LockSupport.java:215)&#10;        at java.util.concurrent.locks.AbstractQueuedSynchronizer$ConditionObject.awaitNanos(AbstractQueuedSynchronizer.java:2078)&#10;        at java.util.concurrent.ScheduledThreadPoolExecutor$DelayedWorkQueue.take(ScheduledThreadPoolExecutor.java:1093)&#10;        at java.util.concurrent.ScheduledThreadPoolExecutor$DelayedWorkQueue.take(ScheduledThreadPoolExecutor.java:809)&#10;        at java.util.concurrent.ThreadPoolExecutor.getTask(ThreadPoolExecutor.java:1074)&#10;        at java.util.concurrent.ThreadPoolExecutor.runWorker(ThreadPoolExecutor.java:1134)&#10;        at java.util.concurrent.ThreadPoolExecutor$Worker.run(ThreadPoolExecutor.java:624)&#10;        at java.lang.Thread.run(Thread.java:748)&#10;&quot;pool-215-thread-47&quot;  prio=5 tid=1038 in Object.wait()&#10;java.lang.Thread.State: WAITING (on object monitor)&#10;        at sun.misc.Unsafe.park(Native Method)&#10;        at java.util.concurrent.locks.LockSupport.park(LockSupport.java:175)&#10;        at java.util.concurrent.locks.AbstractQueuedSynchronizer$ConditionObject.await(AbstractQueuedSynchronizer.java:2039)&#10;        at java.util.concurrent.ArrayBlockingQueue.take(ArrayBlockingQueue.java:403)&#10;        at java.util.concurrent.ThreadPoolExecutor.getTask(ThreadPoolExecutor.java:1074)&#10;        at java.util.concurrent.ThreadPoolExecutor.runWorker(ThreadPoolExecutor.java:1134)&#10;        at java.util.concurrent.ThreadPoolExecutor$Worker.run(ThreadPoolExecutor.java:624)&#10;        at java.lang.Thread.run(Thread.java:748)&#10;&quot;pool-47-thread-32&quot;  prio=5 tid=543 in Object.wait()&#10;java.lang.Thread.State: WAITING (on object monitor)&#10;        at sun.misc.Unsafe.park(Native Method)&#10;        at java.util.concurrent.locks.LockSupport.park(LockSupport.java:175)&#10;        at java.util.concurrent.locks.AbstractQueuedSynchronizer$ConditionObject.await(AbstractQueuedSynchronizer.java:2039)&#10;        at java.util.concurrent.ArrayBlockingQueue.take(ArrayBlockingQueue.java:403)&#10;        at java.util.concurrent.ThreadPoolExecutor.getTask(ThreadPoolExecutor.java:1074)&#10;        at java.util.concurrent.ThreadPoolExecutor.runWorker(ThreadPoolExecutor.java:1134)&#10;        at java.util.concurrent.ThreadPoolExecutor$Worker.run(ThreadPoolExecutor.java:624)&#10;        at java.lang.Thread.run(Thread.java:748)&#10;&quot;IPC Server handler 1 on 38877&quot; daemon prio=5 tid=115 timed_waiting&#10;java.lang.Thread.State: TIMED_WAITING&#10;        at sun.misc.Unsafe.park(Native Method)&#10;        at java.util.concurrent.locks.LockSupport.parkNanos(LockSupport.java:215)&#10;        at java.util.concurrent.locks.AbstractQueuedSynchronizer$ConditionObject.awaitNanos(AbstractQueuedSynchronizer.java:2078)&#10;        at java.util.concurrent.LinkedBlockingQueue.poll(LinkedBlockingQueue.java:467)&#10;        at org.apache.hadoop.ipc.CallQueueManager.take(CallQueueManager.java:288)&#10;        at org.apache.hadoop.ipc.Server$Handler.run(Server.java:2668)&#10;&quot;IPC Server idle connection scanner for port 33779&quot; daemon prio=5 tid=17 timed_waiting&#10;java.lang.Thread.State: TIMED_WAITING&#10;        at java.lang.Object.wait(Native Method)&#10;        at java.util.TimerThread.mainLoop(Timer.java:552)&#10;        at java.util.TimerThread.run(Timer.java:505)&#10;&quot;pool-194-thread-53&quot;  prio=5 tid=984 in Object.wait()&#10;java.lang.Thread.State: WAITING (on object monitor)&#10;        at sun.misc.Unsafe.park(Native Method)&#10;        at java.util.concurrent.locks.LockSupport.park(LockSupport.java:175)&#10;        at java.util.concurrent.locks.AbstractQueuedSynchronizer$ConditionObject.await(AbstractQueuedSynchronizer.java:2039)&#10;        at java.util.concurrent.ArrayBlockingQueue.take(ArrayBlockingQueue.java:403)&#10;        at java.util.concurrent.ThreadPoolExecutor.getTask(ThreadPoolExecutor.java:1074)&#10;        at java.util.concurrent.ThreadPoolExecutor.runWorker(ThreadPoolExecutor.java:1134)&#10;        at java.util.concurrent.ThreadPoolExecutor$Worker.run(ThreadPoolExecutor.java:624)&#10;        at java.lang.Thread.run(Thread.java:748)&#10;&quot;pool-152-thread-47&quot;  prio=5 tid=858 in Object.wait()&#10;java.lang.Thread.State: WAITING (on object monitor)&#10;        at sun.misc.Unsafe.park(Native Method)&#10;        at java.util.concurrent.locks.LockSupport.park(LockSupport.java:175)&#10;        at java.util.concurrent.locks.AbstractQueuedSynchronizer$ConditionObject.await(AbstractQueuedSynchronizer.java:2039)&#10;        at java.util.concurrent.ArrayBlockingQueue.take(ArrayBlockingQueue.java:403)&#10;        at java.util.concurrent.ThreadPoolExecutor.getTask(ThreadPoolExecutor.java:1074)&#10;        at java.util.concurrent.ThreadPoolExecutor.runWorker(ThreadPoolExecutor.java:1134)&#10;        at java.util.concurrent.ThreadPoolExecutor$Worker.run(ThreadPoolExecutor.java:624)&#10;        at java.lang.Thread.run(Thread.java:748)&#10;&quot;pool-68-thread-41&quot;  prio=5 tid=612 in Object.wait()&#10;java.lang.Thread.State: WAITING (on object monitor)&#10;        at sun.misc.Unsafe.park(Native Method)&#10;        at java.util.concurrent.locks.LockSupport.park(LockSupport.java:175)&#10;        at java.util.concurrent.locks.AbstractQueuedSynchronizer$ConditionObject.await(AbstractQueuedSynchronizer.java:2039)&#10;        at java.util.concurrent.ArrayBlockingQueue.take(ArrayBlockingQueue.java:403)&#10;        at java.util.concurrent.ThreadPoolExecutor.getTask(ThreadPoolExecutor.java:1074)&#10;        at java.util.concurrent.ThreadPoolExecutor.runWorker(ThreadPoolExecutor.java:1134)&#10;        at java.util.concurrent.ThreadPoolExecutor$Worker.run(ThreadPoolExecutor.java:624)&#10;        at java.lang.Thread.run(Thread.java:748)&#10;&quot;StateMachineUpdater-2a700f1f-da98-49ef-9a26-03cc6c63ade6-group-357E694019C5&quot; daemon prio=5 tid=1098 in Object.wait()&#10;java.lang.Thread.State: WAITING (on object monitor)&#10;        at java.lang.Object.wait(Native Method)&#10;        at java.lang.Object.wait(Object.java:502)&#10;        at org.apache.ratis.server.impl.StateMachineUpdater.run(StateMachineUpdater.java:138)&#10;        at java.lang.Thread.run(Thread.java:748)&#10;&quot;pool-152-thread-34&quot;  prio=5 tid=845 in Object.wait()&#10;java.lang.Thread.State: WAITING (on object monitor)&#10;        at sun.misc.Unsafe.park(Native Method)&#10;        at java.util.concurrent.locks.LockSupport.park(LockSupport.java:175)&#10;        at java.util.concurrent.locks.AbstractQueuedSynchronizer$ConditionObject.await(AbstractQueuedSynchronizer.java:2039)&#10;        at java.util.concurrent.ArrayBlockingQueue.take(ArrayBlockingQueue.java:403)&#10;        at java.util.concurrent.ThreadPoolExecutor.getTask(ThreadPoolExecutor.java:1074)&#10;        at java.util.concurrent.ThreadPoolExecutor.runWorker(ThreadPoolExecutor.java:1134)&#10;        at java.util.concurrent.ThreadPoolExecutor$Worker.run(ThreadPoolExecutor.java:624)&#10;        at java.lang.Thread.run(Thread.java:748)&#10;&quot;pool-89-thread-4&quot;  prio=5 tid=635 in Object.wait()&#10;java.lang.Thread.State: WAITING (on object monitor)&#10;        at sun.misc.Unsafe.park(Native Method)&#10;        at java.util.concurrent.locks.LockSupport.park(LockSupport.java:175)&#10;        at java.util.concurrent.locks.AbstractQueuedSynchronizer$ConditionObject.await(AbstractQueuedSynchronizer.java:2039)&#10;        at java.util.concurrent.ArrayBlockingQueue.take(ArrayBlockingQueue.java:403)&#10;        at java.util.concurrent.ThreadPoolExecutor.getTask(ThreadPoolExecutor.java:1074)&#10;        at java.util.concurrent.ThreadPoolExecutor.runWorker(ThreadPoolExecutor.java:1134)&#10;        at java.util.concurrent.ThreadPoolExecutor$Worker.run(ThreadPoolExecutor.java:624)&#10;        at java.lang.Thread.run(Thread.java:748)&#10;&quot;pool-215-thread-4&quot;  prio=5 tid=995 in Object.wait()&#10;java.lang.Thread.State: WAITING (on object monitor)&#10;        at sun.misc.Unsafe.park(Native Method)&#10;        at java.util.concurrent.locks.LockSupport.park(LockSupport.java:175)&#10;        at java.util.concurrent.locks.AbstractQueuedSynchronizer$ConditionObject.await(AbstractQueuedSynchronizer.java:2039)&#10;        at java.util.concurrent.ArrayBlockingQueue.take(ArrayBlockingQueue.java:403)&#10;        at java.util.concurrent.ThreadPoolExecutor.getTask(ThreadPoolExecutor.java:1074)&#10;        at java.util.concurrent.ThreadPoolExecutor.runWorker(ThreadPoolExecutor.java:1134)&#10;        at java.util.concurrent.ThreadPoolExecutor$Worker.run(ThreadPoolExecutor.java:624)&#10;        at java.lang.Thread.run(Thread.java:748)&#10;&quot;qtp1081635795-165&quot; daemon prio=5 tid=165 timed_waiting&#10;java.lang.Thread.State: TIMED_WAITING&#10;        at sun.misc.Unsafe.park(Native Method)&#10;        at java.util.concurrent.locks.LockSupport.parkNanos(LockSupport.java:215)&#10;        at java.util.concurrent.locks.AbstractQueuedSynchronizer$ConditionObject.awaitNanos(AbstractQueuedSynchronizer.java:2078)&#10;        at org.eclipse.jetty.util.BlockingArrayQueue.poll(BlockingArrayQueue.java:392)&#10;        at org.eclipse.jetty.util.thread.QueuedThreadPool.idleJobPoll(QueuedThreadPool.java:563)&#10;        at org.eclipse.jetty.util.thread.QueuedThreadPool.access$800(QueuedThreadPool.java:48)&#10;        at org.eclipse.jetty.util.thread.QueuedThreadPool$2.run(QueuedThreadPool.java:626)&#10;        at java.lang.Thread.run(Thread.java:748)&#10;&quot;IPC Server handler 15 on 33423&quot; daemon prio=5 tid=45 timed_waiting&#10;java.lang.Thread.State: TIMED_WAITING&#10;        at sun.misc.Unsafe.park(Native Method)&#10;        at java.util.concurrent.locks.LockSupport.parkNanos(LockSupport.java:215)&#10;        at java.util.concurrent.locks.AbstractQueuedSynchronizer$ConditionObject.awaitNanos(AbstractQueuedSynchronizer.java:2078)&#10;        at java.util.concurrent.LinkedBlockingQueue.poll(LinkedBlockingQueue.java:467)&#10;        at org.apache.hadoop.ipc.CallQueueManager.take(CallQueueManager.java:288)&#10;        at org.apache.hadoop.ipc.Server$Handler.run(Server.java:2668)&#10;&quot;pool-152-thread-53&quot;  prio=5 tid=864 in Object.wait()&#10;java.lang.Thread.State: WAITING (on object monitor)&#10;        at sun.misc.Unsafe.park(Native Method)&#10;        at java.util.concurrent.locks.LockSupport.park(LockSupport.java:175)&#10;        at java.util.concurrent.locks.AbstractQueuedSynchronizer$ConditionObject.await(AbstractQueuedSynchronizer.java:2039)&#10;        at java.util.concurrent.ArrayBlockingQueue.take(ArrayBlockingQueue.java:403)&#10;        at java.util.concurrent.ThreadPoolExecutor.getTask(ThreadPoolExecutor.java:1074)&#10;        at java.util.concurrent.ThreadPoolExecutor.runWorker(ThreadPoolExecutor.java:1134)&#10;        at java.util.concurrent.ThreadPoolExecutor$Worker.run(ThreadPoolExecutor.java:624)&#10;        at java.lang.Thread.run(Thread.java:748)&#10;&quot;BlockDeletingService#0&quot; daemon prio=5 tid=307 in Object.wait()&#10;java.lang.Thread.State: WAITING (on object monitor)&#10;        at sun.misc.Unsafe.park(Native Method)&#10;        at java.util.concurrent.locks.LockSupport.park(LockSupport.java:175)&#10;        at java.util.concurrent.locks.AbstractQueuedSynchronizer$ConditionObject.await(AbstractQueuedSynchronizer.java:2039)&#10;        at java.util.concurrent.ScheduledThreadPoolExecutor$DelayedWorkQueue.take(ScheduledThreadPoolExecutor.java:1088)&#10;        at java.util.concurrent.ScheduledThreadPoolExecutor$DelayedWorkQueue.take(ScheduledThreadPoolExecutor.java:809)&#10;        at java.util.concurrent.ThreadPoolExecutor.getTask(ThreadPoolExecutor.java:1074)&#10;        at java.util.concurrent.ThreadPoolExecutor.runWorker(ThreadPoolExecutor.java:1134)&#10;        at java.util.concurrent.ThreadPoolExecutor$Worker.run(ThreadPoolExecutor.java:624)&#10;        at java.lang.Thread.run(Thread.java:748)&#10;&quot;Thread-340&quot; daemon prio=5 tid=1153 timed_waiting&#10;java.lang.Thread.State: TIMED_WAITING&#10;        at sun.misc.Unsafe.park(Native Method)&#10;        at java.util.concurrent.locks.LockSupport.parkNanos(LockSupport.java:215)&#10;        at java.util.concurrent.locks.AbstractQueuedSynchronizer$ConditionObject.awaitNanos(AbstractQueuedSynchronizer.java:2078)&#10;        at java.util.concurrent.ArrayBlockingQueue.poll(ArrayBlockingQueue.java:418)&#10;        at org.apache.ratis.server.impl.LeaderState$EventQueue.poll(LeaderState.java:114)&#10;        at org.apache.ratis.server.impl.LeaderState$EventProcessor.run(LeaderState.java:438)&#10;&quot;pool-131-thread-37&quot;  prio=5 tid=788 in Object.wait()&#10;java.lang.Thread.State: WAITING (on object monitor)&#10;        at sun.misc.Unsafe.park(Native Method)&#10;        at java.util.concurrent.locks.LockSupport.park(LockSupport.java:175)&#10;        at java.util.concurrent.locks.AbstractQueuedSynchronizer$ConditionObject.await(AbstractQueuedSynchronizer.java:2039)&#10;        at java.util.concurrent.ArrayBlockingQueue.take(ArrayBlockingQueue.java:403)&#10;        at java.util.concurrent.ThreadPoolExecutor.getTask(ThreadPoolExecutor.java:1074)&#10;        at java.util.concurrent.ThreadPoolExecutor.runWorker(ThreadPoolExecutor.java:1134)&#10;        at java.util.concurrent.ThreadPoolExecutor$Worker.run(ThreadPoolExecutor.java:624)&#10;        at java.lang.Thread.run(Thread.java:748)&#10;&quot;pool-194-thread-27&quot;  prio=5 tid=958 in Object.wait()&#10;java.lang.Thread.State: WAITING (on object monitor)&#10;        at sun.misc.Unsafe.park(Native Method)&#10;        at java.util.concurrent.locks.LockSupport.park(LockSupport.java:175)&#10;        at java.util.concurrent.locks.AbstractQueuedSynchronizer$ConditionObject.await(AbstractQueuedSynchronizer.java:2039)&#10;        at java.util.concurrent.ArrayBlockingQueue.take(ArrayBlockingQueue.java:403)&#10;        at java.util.concurrent.ThreadPoolExecutor.getTask(ThreadPoolExecutor.java:1074)&#10;        at java.util.concurrent.ThreadPoolExecutor.runWorker(ThreadPoolExecutor.java:1134)&#10;        at java.util.concurrent.ThreadPoolExecutor$Worker.run(ThreadPoolExecutor.java:624)&#10;        at java.lang.Thread.run(Thread.java:748)&#10;&quot;pool-47-thread-8&quot;  prio=5 tid=519 in Object.wait()&#10;java.lang.Thread.State: WAITING (on object monitor)&#10;        at sun.misc.Unsafe.park(Native Method)&#10;        at java.util.concurrent.locks.LockSupport.park(LockSupport.java:175)&#10;        at java.util.concurrent.locks.AbstractQueuedSynchronizer$ConditionObject.await(AbstractQueuedSynchronizer.java:2039)&#10;        at java.util.concurrent.ArrayBlockingQueue.take(ArrayBlockingQueue.java:403)&#10;        at java.util.concurrent.ThreadPoolExecutor.getTask(ThreadPoolExecutor.java:1074)&#10;        at java.util.concurrent.ThreadPoolExecutor.runWorker(ThreadPoolExecutor.java:1134)&#10;        at java.util.concurrent.ThreadPoolExecutor$Worker.run(ThreadPoolExecutor.java:624)&#10;        at java.lang.Thread.run(Thread.java:748)&#10;&quot;pool-110-thread-10&quot;  prio=5 tid=701 in Object.wait()&#10;java.lang.Thread.State: WAITING (on object monitor)&#10;        at sun.misc.Unsafe.park(Native Method)&#10;        at java.util.concurrent.locks.LockSupport.park(LockSupport.java:175)&#10;        at java.util.concurrent.locks.AbstractQueuedSynchronizer$ConditionObject.await(AbstractQueuedSynchronizer.java:2039)&#10;        at java.util.concurrent.ArrayBlockingQueue.take(ArrayBlockingQueue.java:403)&#10;        at java.util.concurrent.ThreadPoolExecutor.getTask(ThreadPoolExecutor.java:1074)&#10;        at java.util.concurrent.ThreadPoolExecutor.runWorker(ThreadPoolExecutor.java:1134)&#10;        at java.util.concurrent.ThreadPoolExecutor$Worker.run(ThreadPoolExecutor.java:624)&#10;        at java.lang.Thread.run(Thread.java:748)&#10;&quot;org.apache.hadoop.util.JvmPauseMonitor$Monitor@3291f4b2&quot; daemon prio=5 tid=268 timed_waiting&#10;java.lang.Thread.State: TIMED_WAITING&#10;        at java.lang.Thread.sleep(Native Method)&#10;        at org.apache.hadoop.util.JvmPauseMonitor$Monitor.run(JvmPauseMonitor.java:192)&#10;        at java.lang.Thread.run(Thread.java:748)&#10;&quot;pool-152-thread-50&quot;  prio=5 tid=861 in Object.wait()&#10;java.lang.Thread.State: WAITING (on object monitor)&#10;        at sun.misc.Unsafe.park(Native Method)&#10;        at java.util.concurrent.locks.LockSupport.park(LockSupport.java:175)&#10;        at java.util.concurrent.locks.AbstractQueuedSynchronizer$ConditionObject.await(AbstractQueuedSynchronizer.java:2039)&#10;        at java.util.concurrent.ArrayBlockingQueue.take(ArrayBlockingQueue.java:403)&#10;        at java.util.concurrent.ThreadPoolExecutor.getTask(ThreadPoolExecutor.java:1074)&#10;        at java.util.concurrent.ThreadPoolExecutor.runWorker(ThreadPoolExecutor.java:1134)&#10;        at java.util.concurrent.ThreadPoolExecutor$Worker.run(ThreadPoolExecutor.java:624)&#10;        at java.lang.Thread.run(Thread.java:748)&#10;&quot;qtp197855654-137&quot; daemon prio=5 tid=137 timed_waiting&#10;java.lang.Thread.State: TIMED_WAITING&#10;        at sun.misc.Unsafe.park(Native Method)&#10;        at java.util.concurrent.locks.LockSupport.parkNanos(LockSupport.java:215)&#10;        at java.util.concurrent.locks.AbstractQueuedSynchronizer$ConditionObject.awaitNanos(AbstractQueuedSynchronizer.java:2078)&#10;        at org.eclipse.jetty.util.BlockingArrayQueue.poll(BlockingArrayQueue.java:392)&#10;        at org.eclipse.jetty.util.thread.QueuedThreadPool.idleJobPoll(QueuedThreadPool.java:563)&#10;        at org.eclipse.jetty.util.thread.QueuedThreadPool.access$800(QueuedThreadPool.java:48)&#10;        at org.eclipse.jetty.util.thread.QueuedThreadPool$2.run(QueuedThreadPool.java:626)&#10;        at java.lang.Thread.run(Thread.java:748)&#10;&quot;pool-173-thread-23&quot;  prio=5 tid=894 in Object.wait()&#10;java.lang.Thread.State: WAITING (on object monitor)&#10;        at sun.misc.Unsafe.park(Native Method)&#10;        at java.util.concurrent.locks.LockSupport.park(LockSupport.java:175)&#10;        at java.util.concurrent.locks.AbstractQueuedSynchronizer$ConditionObject.await(AbstractQueuedSynchronizer.java:2039)&#10;        at java.util.concurrent.ArrayBlockingQueue.take(ArrayBlockingQueue.java:403)&#10;        at java.util.concurrent.ThreadPoolExecutor.getTask(ThreadPoolExecutor.java:1074)&#10;        at java.util.concurrent.ThreadPoolExecutor.runWorker(ThreadPoolExecutor.java:1134)&#10;        at java.util.concurrent.ThreadPoolExecutor$Worker.run(ThreadPoolExecutor.java:624)&#10;        at java.lang.Thread.run(Thread.java:748)&#10;&quot;pool-47-thread-59&quot;  prio=5 tid=570 in Object.wait()&#10;java.lang.Thread.State: WAITING (on object monitor)&#10;        at sun.misc.Unsafe.park(Native Method)&#10;        at java.util.concurrent.locks.LockSupport.park(LockSupport.java:175)&#10;        at java.util.concurrent.locks.AbstractQueuedSynchronizer$ConditionObject.await(AbstractQueuedSynchronizer.java:2039)&#10;        at java.util.concurrent.ArrayBlockingQueue.take(ArrayBlockingQueue.java:403)&#10;        at java.util.concurrent.ThreadPoolExecutor.getTask(ThreadPoolExecutor.java:1074)&#10;        at java.util.concurrent.ThreadPoolExecutor.runWorker(ThreadPoolExecutor.java:1134)&#10;        at java.util.concurrent.ThreadPoolExecutor$Worker.run(ThreadPoolExecutor.java:624)&#10;        at java.lang.Thread.run(Thread.java:748)&#10;&quot;qtp608414678-226&quot; daemon prio=5 tid=226 timed_waiting&#10;java.lang.Thread.State: TIMED_WAITING&#10;        at sun.misc.Unsafe.park(Native Method)&#10;        at java.util.concurrent.locks.LockSupport.parkNanos(LockSupport.java:215)&#10;        at java.util.concurrent.locks.AbstractQueuedSynchronizer$ConditionObject.awaitNanos(AbstractQueuedSynchronizer.java:2078)&#10;        at org.eclipse.jetty.util.BlockingArrayQueue.poll(BlockingArrayQueue.java:392)&#10;        at org.eclipse.jetty.util.thread.QueuedThreadPool.idleJobPoll(QueuedThreadPool.java:563)&#10;        at org.eclipse.jetty.util.thread.QueuedThreadPool.access$800(QueuedThreadPool.java:48)&#10;        at org.eclipse.jetty.util.thread.QueuedThreadPool$2.run(QueuedThreadPool.java:626)&#10;        at java.lang.Thread.run(Thread.java:748)&#10;&quot;pool-215-thread-8&quot;  prio=5 tid=999 in Object.wait()&#10;java.lang.Thread.State: WAITING (on object monitor)&#10;        at sun.misc.Unsafe.park(Native Method)&#10;        at java.util.concurrent.locks.LockSupport.park(LockSupport.java:175)&#10;        at java.util.concurrent.locks.AbstractQueuedSynchronizer$ConditionObject.await(AbstractQueuedSynchronizer.java:2039)&#10;        at java.util.concurrent.ArrayBlockingQueue.take(ArrayBlockingQueue.java:403)&#10;        at java.util.concurrent.ThreadPoolExecutor.getTask(ThreadPoolExecutor.java:1074)&#10;        at java.util.concurrent.ThreadPoolExecutor.runWorker(ThreadPoolExecutor.java:1134)&#10;        at java.util.concurrent.ThreadPoolExecutor$Worker.run(ThreadPoolExecutor.java:624)&#10;        at java.lang.Thread.run(Thread.java:748)&#10;&quot;StateMachineUpdater-cd0c8ecd-7ef6-4060-bf45-94f9de670313-group-291085E99653&quot; daemon prio=5 tid=1142 in Object.wait()&#10;java.lang.Thread.State: WAITING (on object monitor)&#10;        at java.lang.Object.wait(Native Method)&#10;        at java.lang.Object.wait(Object.java:502)&#10;        at org.apache.ratis.server.impl.StateMachineUpdater.run(StateMachineUpdater.java:138)&#10;        at java.lang.Thread.run(Thread.java:748)&#10;&quot;2a700f1f-da98-49ef-9a26-03cc6c63ade6-RaftLogWorker&quot;  prio=5 tid=1071 timed_waiting&#10;java.lang.Thread.State: TIMED_WAITING&#10;        at sun.misc.Unsafe.park(Native Method)&#10;        at java.util.concurrent.locks.LockSupport.parkNanos(LockSupport.java:215)&#10;        at java.util.concurrent.locks.AbstractQueuedSynchronizer$ConditionObject.awaitNanos(AbstractQueuedSynchronizer.java:2078)&#10;        at org.apache.ratis.util.DataBlockingQueue.poll(DataBlockingQueue.java:137)&#10;        at org.apache.ratis.server.storage.RaftLogWorker.run(RaftLogWorker.java:216)&#10;        at java.lang.Thread.run(Thread.java:748)&#10;&quot;pool-152-thread-22&quot;  prio=5 tid=833 in Object.wait()&#10;java.lang.Thread.State: WAITING (on object monitor)&#10;        at sun.misc.Unsafe.park(Native Method)&#10;        at java.util.concurrent.locks.LockSupport.park(LockSupport.java:175)&#10;        at java.util.concurrent.locks.AbstractQueuedSynchronizer$ConditionObject.await(AbstractQueuedSynchronizer.java:2039)&#10;        at java.util.concurrent.ArrayBlockingQueue.take(ArrayBlockingQueue.java:403)&#10;        at java.util.concurrent.ThreadPoolExecutor.getTask(ThreadPoolExecutor.java:1074)&#10;        at java.util.concurrent.ThreadPoolExecutor.runWorker(ThreadPoolExecutor.java:1134)&#10;        at java.util.concurrent.ThreadPoolExecutor$Worker.run(ThreadPoolExecutor.java:624)&#10;        at java.lang.Thread.run(Thread.java:748)&#10;&quot;pool-110-thread-51&quot;  prio=5 tid=742 in Object.wait()&#10;java.lang.Thread.State: WAITING (on object monitor)&#10;        at sun.misc.Unsafe.park(Native Method)&#10;        at java.util.concurrent.locks.LockSupport.park(LockSupport.java:175)&#10;        at java.util.concurrent.locks.AbstractQueuedSynchronizer$ConditionObject.await(AbstractQueuedSynchronizer.java:2039)&#10;        at java.util.concurrent.ArrayBlockingQueue.take(ArrayBlockingQueue.java:403)&#10;        at java.util.concurrent.ThreadPoolExecutor.getTask(ThreadPoolExecutor.java:1074)&#10;        at java.util.concurrent.ThreadPoolExecutor.runWorker(ThreadPoolExecutor.java:1134)&#10;        at java.util.concurrent.ThreadPoolExecutor$Worker.run(ThreadPoolExecutor.java:624)&#10;        at java.lang.Thread.run(Thread.java:748)&#10;&quot;IPC Server handler 7 on 38877&quot; daemon prio=5 tid=121 timed_waiting&#10;java.lang.Thread.State: TIMED_WAITING&#10;        at sun.misc.Unsafe.park(Native Method)&#10;        at java.util.concurrent.locks.LockSupport.parkNanos(LockSupport.java:215)&#10;        at java.util.concurrent.locks.AbstractQueuedSynchronizer$ConditionObject.awaitNanos(AbstractQueuedSynchronizer.java:2078)&#10;        at java.util.concurrent.LinkedBlockingQueue.poll(LinkedBlockingQueue.java:467)&#10;        at org.apache.hadoop.ipc.CallQueueManager.take(CallQueueManager.java:288)&#10;        at org.apache.hadoop.ipc.Server$Handler.run(Server.java:2668)&#10;&quot;surefire-forkedjvm-command-thread&quot; daemon prio=5 tid=8 runnable&#10;java.lang.Thread.State: RUNNABLE&#10;        at java.io.FileInputStream.readBytes(Native Method)&#10;        at java.io.FileInputStream.read(FileInputStream.java:255)&#10;        at java.io.BufferedInputStream.fill(BufferedInputStream.java:246)&#10;        at java.io.BufferedInputStream.read(BufferedInputStream.java:265)&#10;        at java.io.DataInputStream.readInt(DataInputStream.java:387)&#10;        at org.apache.maven.surefire.booter.MasterProcessCommand.decode(MasterProcessCommand.java:115)&#10;        at org.apache.maven.surefire.booter.CommandReader$CommandRunnable.run(CommandReader.java:390)&#10;        at java.lang.Thread.run(Thread.java:748)&#10;&quot;pool-26-thread-55&quot;  prio=5 tid=505 in Object.wait()&#10;java.lang.Thread.State: WAITING (on object monitor)&#10;        at sun.misc.Unsafe.park(Native Method)&#10;        at java.util.concurrent.locks.LockSupport.park(LockSupport.java:175)&#10;        at java.util.concurrent.locks.AbstractQueuedSynchronizer$ConditionObject.await(AbstractQueuedSynchronizer.java:2039)&#10;        at java.util.concurrent.ArrayBlockingQueue.take(ArrayBlockingQueue.java:403)&#10;        at java.util.concurrent.ThreadPoolExecutor.getTask(ThreadPoolExecutor.java:1074)&#10;        at java.util.concurrent.ThreadPoolExecutor.runWorker(ThreadPoolExecutor.java:1134)&#10;        at java.util.concurrent.ThreadPoolExecutor$Worker.run(ThreadPoolExecutor.java:624)&#10;        at java.lang.Thread.run(Thread.java:748)&#10;&quot;pool-26-thread-60&quot;  prio=5 tid=510 in Object.wait()&#10;java.lang.Thread.State: WAITING (on object monitor)&#10;        at sun.misc.Unsafe.park(Native Method)&#10;        at java.util.concurrent.locks.LockSupport.park(LockSupport.java:175)&#10;        at java.util.concurrent.locks.AbstractQueuedSynchronizer$ConditionObject.await(AbstractQueuedSynchronizer.java:2039)&#10;        at java.util.concurrent.ArrayBlockingQueue.take(ArrayBlockingQueue.java:403)&#10;        at java.util.concurrent.ThreadPoolExecutor.getTask(ThreadPoolExecutor.java:1074)&#10;        at java.util.concurrent.ThreadPoolExecutor.runWorker(ThreadPoolExecutor.java:1134)&#10;        at java.util.concurrent.ThreadPoolExecutor$Worker.run(ThreadPoolExecutor.java:624)&#10;        at java.lang.Thread.run(Thread.java:748)&#10;&quot;pool-68-thread-60&quot;  prio=5 tid=631 in Object.wait()&#10;java.lang.Thread.State: WAITING (on object monitor)&#10;        at sun.misc.Unsafe.park(Native Method)&#10;        at java.util.concurrent.locks.LockSupport.park(LockSupport.java:175)&#10;        at java.util.concurrent.locks.AbstractQueuedSynchronizer$ConditionObject.await(AbstractQueuedSynchronizer.java:2039)&#10;        at java.util.concurrent.ArrayBlockingQueue.take(ArrayBlockingQueue.java:403)&#10;        at java.util.concurrent.ThreadPoolExecutor.getTask(ThreadPoolExecutor.java:1074)&#10;        at java.util.concurrent.ThreadPoolExecutor.runWorker(ThreadPoolExecutor.java:1134)&#10;        at java.util.concurrent.ThreadPoolExecutor$Worker.run(ThreadPoolExecutor.java:624)&#10;        at java.lang.Thread.run(Thread.java:748)&#10;&quot;pool-68-thread-48&quot;  prio=5 tid=619 in Object.wait()&#10;java.lang.Thread.State: WAITING (on object monitor)&#10;        at sun.misc.Unsafe.park(Native Method)&#10;        at java.util.concurrent.locks.LockSupport.park(LockSupport.java:175)&#10;        at java.util.concurrent.locks.AbstractQueuedSynchronizer$ConditionObject.await(AbstractQueuedSynchronizer.java:2039)&#10;        at java.util.concurrent.ArrayBlockingQueue.take(ArrayBlockingQueue.java:403)&#10;        at java.util.concurrent.ThreadPoolExecutor.getTask(ThreadPoolExecutor.java:1074)&#10;        at java.util.concurrent.ThreadPoolExecutor.runWorker(ThreadPoolExecutor.java:1134)&#10;        at java.util.concurrent.ThreadPoolExecutor$Worker.run(ThreadPoolExecutor.java:624)&#10;        at java.lang.Thread.run(Thread.java:748)&#10;&quot;org.eclipse.jetty.server.session.HashSessionManager@7ab63838Timer&quot; daemon prio=5 tid=348 timed_waiting&#10;java.lang.Thread.State: TIMED_WAITING&#10;        at sun.misc.Unsafe.park(Native Method)&#10;        at java.util.concurrent.locks.LockSupport.parkNanos(LockSupport.java:215)&#10;        at java.util.concurrent.locks.AbstractQueuedSynchronizer$ConditionObject.awaitNanos(AbstractQueuedSynchronizer.java:2078)&#10;        at java.util.concurrent.ScheduledThreadPoolExecutor$DelayedWorkQueue.take(ScheduledThreadPoolExecutor.java:1093)&#10;        at java.util.concurrent.ScheduledThreadPoolExecutor$DelayedWorkQueue.take(ScheduledThreadPoolExecutor.java:809)&#10;        at java.util.concurrent.ThreadPoolExecutor.getTask(ThreadPoolExecutor.java:1074)&#10;        at java.util.concurrent.ThreadPoolExecutor.runWorker(ThreadPoolExecutor.java:1134)&#10;        at java.util.concurrent.ThreadPoolExecutor$Worker.run(ThreadPoolExecutor.java:624)&#10;        at java.lang.Thread.run(Thread.java:748)&#10;&quot;pool-215-thread-9&quot;  prio=5 tid=1000 in Object.wait()&#10;java.lang.Thread.State: WAITING (on object monitor)&#10;        at sun.misc.Unsafe.park(Native Method)&#10;        at java.util.concurrent.locks.LockSupport.park(LockSupport.java:175)&#10;        at java.util.concurrent.locks.AbstractQueuedSynchronizer$ConditionObject.await(AbstractQueuedSynchronizer.java:2039)&#10;        at java.util.concurrent.ArrayBlockingQueue.take(ArrayBlockingQueue.java:403)&#10;        at java.util.concurrent.ThreadPoolExecutor.getTask(ThreadPoolExecutor.java:1074)&#10;        at java.util.concurrent.ThreadPoolExecutor.runWorker(ThreadPoolExecutor.java:1134)&#10;        at java.util.concurrent.ThreadPoolExecutor$Worker.run(ThreadPoolExecutor.java:624)&#10;        at java.lang.Thread.run(Thread.java:748)&#10;&quot;pool-215-thread-55&quot;  prio=5 tid=1046 in Object.wait()&#10;java.lang.Thread.State: WAITING (on object monitor)&#10;        at sun.misc.Unsafe.park(Native Method)&#10;        at java.util.concurrent.locks.LockSupport.park(LockSupport.java:175)&#10;        at java.util.concurrent.locks.AbstractQueuedSynchronizer$ConditionObject.await(AbstractQueuedSynchronizer.java:2039)&#10;        at java.util.concurrent.ArrayBlockingQueue.take(ArrayBlockingQueue.java:403)&#10;        at java.util.concurrent.ThreadPoolExecutor.getTask(ThreadPoolExecutor.java:1074)&#10;        at java.util.concurrent.ThreadPoolExecutor.runWorker(ThreadPoolExecutor.java:1134)&#10;        at java.util.concurrent.ThreadPoolExecutor$Worker.run(ThreadPoolExecutor.java:624)&#10;        at java.lang.Thread.run(Thread.java:748)&#10;&quot;pool-152-thread-20&quot;  prio=5 tid=831 in Object.wait()&#10;java.lang.Thread.State: WAITING (on object monitor)&#10;        at sun.misc.Unsafe.park(Native Method)&#10;        at java.util.concurrent.locks.LockSupport.park(LockSupport.java:175)&#10;        at java.util.concurrent.locks.AbstractQueuedSynchronizer$ConditionObject.await(AbstractQueuedSynchronizer.java:2039)&#10;        at java.util.concurrent.ArrayBlockingQueue.take(ArrayBlockingQueue.java:403)&#10;        at java.util.concurrent.ThreadPoolExecutor.getTask(ThreadPoolExecutor.java:1074)&#10;        at java.util.concurrent.ThreadPoolExecutor.runWorker(ThreadPoolExecutor.java:1134)&#10;        at java.util.concurrent.ThreadPoolExecutor$Worker.run(ThreadPoolExecutor.java:624)&#10;        at java.lang.Thread.run(Thread.java:748)&#10;&quot;pool-194-thread-20&quot;  prio=5 tid=951 in Object.wait()&#10;java.lang.Thread.State: WAITING (on object monitor)&#10;        at sun.misc.Unsafe.park(Native Method)&#10;        at java.util.concurrent.locks.LockSupport.park(LockSupport.java:175)&#10;        at java.util.concurrent.locks.AbstractQueuedSynchronizer$ConditionObject.await(AbstractQueuedSynchronizer.java:2039)&#10;        at java.util.concurrent.ArrayBlockingQueue.take(ArrayBlockingQueue.java:403)&#10;        at java.util.concurrent.ThreadPoolExecutor.getTask(ThreadPoolExecutor.java:1074)&#10;        at java.util.concurrent.ThreadPoolExecutor.runWorker(ThreadPoolExecutor.java:1134)&#10;        at java.util.concurrent.ThreadPoolExecutor$Worker.run(ThreadPoolExecutor.java:624)&#10;        at java.lang.Thread.run(Thread.java:748)&#10;&quot;pool-21-thread-1&quot;  prio=5 tid=134 timed_waiting&#10;java.lang.Thread.State: TIMED_WAITING&#10;        at sun.misc.Unsafe.park(Native Method)&#10;        at java.util.concurrent.locks.LockSupport.parkNanos(LockSupport.java:215)&#10;        at java.util.concurrent.locks.AbstractQueuedSynchronizer$ConditionObject.awaitNanos(AbstractQueuedSynchronizer.java:2078)&#10;        at java.util.concurrent.ScheduledThreadPoolExecutor$DelayedWorkQueue.take(ScheduledThreadPoolExecutor.java:1093)&#10;        at java.util.concurrent.ScheduledThreadPoolExecutor$DelayedWorkQueue.take(ScheduledThreadPoolExecutor.java:809)&#10;        at java.util.concurrent.ThreadPoolExecutor.getTask(ThreadPoolExecutor.java:1074)&#10;        at java.util.concurrent.ThreadPoolExecutor.runWorker(ThreadPoolExecutor.java:1134)&#10;        at java.util.concurrent.ThreadPoolExecutor$Worker.run(ThreadPoolExecutor.java:624)&#10;        at java.lang.Thread.run(Thread.java:748)&#10;&quot;pool-194-thread-18&quot;  prio=5 tid=949 in Object.wait()&#10;java.lang.Thread.State: WAITING (on object monitor)&#10;        at sun.misc.Unsafe.park(Native Method)&#10;        at java.util.concurrent.locks.LockSupport.park(LockSupport.java:175)&#10;        at java.util.concurrent.locks.AbstractQueuedSynchronizer$ConditionObject.await(AbstractQueuedSynchronizer.java:2039)&#10;        at java.util.concurrent.ArrayBlockingQueue.take(ArrayBlockingQueue.java:403)&#10;        at java.util.concurrent.ThreadPoolExecutor.getTask(ThreadPoolExecutor.java:1074)&#10;        at java.util.concurrent.ThreadPoolExecutor.runWorker(ThreadPoolExecutor.java:1134)&#10;        at java.util.concurrent.ThreadPoolExecutor$Worker.run(ThreadPoolExecutor.java:624)&#10;        at java.lang.Thread.run(Thread.java:748)&#10;&quot;refreshUsed-/opt/src/hadoop-ozone/integration-test/target/test-dir/MiniOzoneClusterImpl-add696fe-84ac-4b45-a2ee-012b057e1087/datanode-3/data/containers&quot; daemon prio=5 tid=243 timed_waiting&#10;java.lang.Thread.State: TIMED_WAITING&#10;        at java.lang.Thread.sleep(Native Method)&#10;        at org.apache.hadoop.fs.CachingGetSpaceUsed$RefreshThread.run(CachingGetSpaceUsed.java:179)&#10;        at java.lang.Thread.run(Thread.java:748)&#10;&quot;pool-131-thread-9&quot;  prio=5 tid=760 in Object.wait()&#10;java.lang.Thread.State: WAITING (on object monitor)&#10;        at sun.misc.Unsafe.park(Native Method)&#10;        at java.util.concurrent.locks.LockSupport.park(LockSupport.java:175)&#10;        at java.util.concurrent.locks.AbstractQueuedSynchronizer$ConditionObject.await(AbstractQueuedSynchronizer.java:2039)&#10;        at java.util.concurrent.ArrayBlockingQueue.take(ArrayBlockingQueue.java:403)&#10;        at java.util.concurrent.ThreadPoolExecutor.getTask(ThreadPoolExecutor.java:1074)&#10;        at java.util.concurrent.ThreadPoolExecutor.runWorker(ThreadPoolExecutor.java:1134)&#10;        at java.util.concurrent.ThreadPoolExecutor$Worker.run(ThreadPoolExecutor.java:624)&#10;        at java.lang.Thread.run(Thread.java:748)&#10;&quot;Datanode ReportManager Thread - 2&quot; daemon prio=5 tid=206 timed_waiting&#10;java.lang.Thread.State: TIMED_WAITING&#10;        at sun.misc.Unsafe.park(Native Method)&#10;        at java.util.concurrent.locks.LockSupport.parkNanos(LockSupport.java:215)&#10;        at java.util.concurrent.locks.AbstractQueuedSynchronizer$ConditionObject.awaitNanos(AbstractQueuedSynchronizer.java:2078)&#10;        at java.util.concurrent.ScheduledThreadPoolExecutor$DelayedWorkQueue.take(ScheduledThreadPoolExecutor.java:1093)&#10;        at java.util.concurrent.ScheduledThreadPoolExecutor$DelayedWorkQueue.take(ScheduledThreadPoolExecutor.java:809)&#10;        at java.util.concurrent.ThreadPoolExecutor.getTask(ThreadPoolExecutor.java:1074)&#10;        at java.util.concurrent.ThreadPoolExecutor.runWorker(ThreadPoolExecutor.java:1134)&#10;        at java.util.concurrent.ThreadPoolExecutor$Worker.run(ThreadPoolExecutor.java:624)&#10;        at java.lang.Thread.run(Thread.java:748)&#10;&quot;IPC Server handler 12 on 46447&quot; daemon prio=5 tid=62 timed_waiting&#10;java.lang.Thread.State: TIMED_WAITING&#10;        at sun.misc.Unsafe.park(Native Method)&#10;        at java.util.concurrent.locks.LockSupport.parkNanos(LockSupport.java:215)&#10;        at java.util.concurrent.locks.AbstractQueuedSynchronizer$ConditionObject.awaitNanos(AbstractQueuedSynchronizer.java:2078)&#10;        at java.util.concurrent.LinkedBlockingQueue.poll(LinkedBlockingQueue.java:467)&#10;        at org.apache.hadoop.ipc.CallQueueManager.take(CallQueueManager.java:288)&#10;        at org.apache.hadoop.ipc.Server$Handler.run(Server.java:2668)&#10;&quot;Periodic HDDS volume checker&quot;  prio=5 tid=241 timed_waiting&#10;java.lang.Thread.State: TIMED_WAITING&#10;        at sun.misc.Unsafe.park(Native Method)&#10;        at java.util.concurrent.locks.LockSupport.parkNanos(LockSupport.java:215)&#10;        at java.util.concurrent.locks.AbstractQueuedSynchronizer$ConditionObject.awaitNanos(AbstractQueuedSynchronizer.java:2078)&#10;        at java.util.concurrent.ScheduledThreadPoolExecutor$DelayedWorkQueue.take(ScheduledThreadPoolExecutor.java:1093)&#10;        at java.util.concurrent.ScheduledThreadPoolExecutor$DelayedWorkQueue.take(ScheduledThreadPoolExecutor.java:809)&#10;        at java.util.concurrent.ThreadPoolExecutor.getTask(ThreadPoolExecutor.java:1074)&#10;        at java.util.concurrent.ThreadPoolExecutor.runWorker(ThreadPoolExecutor.java:1134)&#10;        at java.util.concurrent.ThreadPoolExecutor$Worker.run(ThreadPoolExecutor.java:624)&#10;        at java.lang.Thread.run(Thread.java:748)&#10;&quot;IPC Server handler 18 on 33423&quot; daemon prio=5 tid=48 timed_waiting&#10;java.lang.Thread.State: TIMED_WAITING&#10;        at sun.misc.Unsafe.park(Native Method)&#10;        at java.util.concurrent.locks.LockSupport.parkNanos(LockSupport.java:215)&#10;        at java.util.concurrent.locks.AbstractQueuedSynchronizer$ConditionObject.awaitNanos(AbstractQueuedSynchronizer.java:2078)&#10;        at java.util.concurrent.LinkedBlockingQueue.poll(LinkedBlockingQueue.java:467)&#10;        at org.apache.hadoop.ipc.CallQueueManager.take(CallQueueManager.java:288)&#10;        at org.apache.hadoop.ipc.Server$Handler.run(Server.java:2668)&#10;&quot;qtp628402659-194&quot; daemon prio=5 tid=194 timed_waiting&#10;java.lang.Thread.State: TIMED_WAITING&#10;        at sun.misc.Unsafe.park(Native Method)&#10;        at java.util.concurrent.locks.LockSupport.parkNanos(LockSupport.java:215)&#10;        at java.util.concurrent.locks.AbstractQueuedSynchronizer$ConditionObject.awaitNanos(AbstractQueuedSynchronizer.java:2078)&#10;        at org.eclipse.jetty.util.BlockingArrayQueue.poll(BlockingArrayQueue.java:392)&#10;        at org.eclipse.jetty.util.thread.QueuedThreadPool.idleJobPoll(QueuedThreadPool.java:563)&#10;        at org.eclipse.jetty.util.thread.QueuedThreadPool.access$800(QueuedThreadPool.java:48)&#10;        at org.eclipse.jetty.util.thread.QueuedThreadPool$2.run(QueuedThreadPool.java:626)&#10;        at java.lang.Thread.run(Thread.java:748)&#10;&quot;pool-152-thread-37&quot;  prio=5 tid=848 in Object.wait()&#10;java.lang.Thread.State: WAITING (on object monitor)&#10;        at sun.misc.Unsafe.park(Native Method)&#10;        at java.util.concurrent.locks.LockSupport.park(LockSupport.java:175)&#10;        at java.util.concurrent.locks.AbstractQueuedSynchronizer$ConditionObject.await(AbstractQueuedSynchronizer.java:2039)&#10;        at java.util.concurrent.ArrayBlockingQueue.take(ArrayBlockingQueue.java:403)&#10;        at java.util.concurrent.ThreadPoolExecutor.getTask(ThreadPoolExecutor.java:1074)&#10;        at java.util.concurrent.ThreadPoolExecutor.runWorker(ThreadPoolExecutor.java:1134)&#10;        at java.util.concurrent.ThreadPoolExecutor$Worker.run(ThreadPoolExecutor.java:624)&#10;        at java.lang.Thread.run(Thread.java:748)&#10;&quot;Datanode State Machine Thread - 0&quot; daemon prio=5 tid=262 timed_waiting&#10;java.lang.Thread.State: TIMED_WAITING&#10;        at java.lang.Thread.sleep(Native Method)&#10;        at org.apache.hadoop.ozone.container.common.statemachine.DatanodeStateMachine.start(DatanodeStateMachine.java:191)&#10;        at org.apache.hadoop.ozone.container.common.statemachine.DatanodeStateMachine.lambda$startDaemon$0(DatanodeStateMachine.java:349)&#10;        at org.apache.hadoop.ozone.container.common.statemachine.DatanodeStateMachine$$Lambda$139/1610803524.run(Unknown Source)&#10;        at java.lang.Thread.run(Thread.java:748)&#10;&quot;IPC Server handler 13 on 33779&quot; daemon prio=5 tid=83 timed_waiting&#10;java.lang.Thread.State: TIMED_WAITING&#10;        at sun.misc.Unsafe.park(Native Method)&#10;        at java.util.concurrent.locks.LockSupport.parkNanos(LockSupport.java:215)&#10;        at java.util.concurrent.locks.AbstractQueuedSynchronizer$ConditionObject.awaitNanos(AbstractQueuedSynchronizer.java:2078)&#10;        at java.util.concurrent.LinkedBlockingQueue.poll(LinkedBlockingQueue.java:467)&#10;        at org.apache.hadoop.ipc.CallQueueManager.take(CallQueueManager.java:288)&#10;        at org.apache.hadoop.ipc.Server$Handler.run(Server.java:2668)&#10;&quot;pool-89-thread-53&quot;  prio=5 tid=684 in Object.wait()&#10;java.lang.Thread.State: WAITING (on object monitor)&#10;        at sun.misc.Unsafe.park(Native Method)&#10;        at java.util.concurrent.locks.LockSupport.park(LockSupport.java:175)&#10;        at java.util.concurrent.locks.AbstractQueuedSynchronizer$ConditionObject.await(AbstractQueuedSynchronizer.java:2039)&#10;        at java.util.concurrent.ArrayBlockingQueue.take(ArrayBlockingQueue.java:403)&#10;        at java.util.concurrent.ThreadPoolExecutor.getTask(ThreadPoolExecutor.java:1074)&#10;        at java.util.concurrent.ThreadPoolExecutor.runWorker(ThreadPoolExecutor.java:1134)&#10;        at java.util.concurrent.ThreadPoolExecutor$Worker.run(ThreadPoolExecutor.java:624)&#10;        at java.lang.Thread.run(Thread.java:748)&#10;&quot;pool-68-thread-40&quot;  prio=5 tid=611 in Object.wait()&#10;java.lang.Thread.State: WAITING (on object monitor)&#10;        at sun.misc.Unsafe.park(Native Method)&#10;        at java.util.concurrent.locks.LockSupport.park(LockSupport.java:175)&#10;        at java.util.concurrent.locks.AbstractQueuedSynchronizer$ConditionObject.await(AbstractQueuedSynchronizer.java:2039)&#10;        at java.util.concurrent.ArrayBlockingQueue.take(ArrayBlockingQueue.java:403)&#10;        at java.util.concurrent.ThreadPoolExecutor.getTask(ThreadPoolExecutor.java:1074)&#10;        at java.util.concurrent.ThreadPoolExecutor.runWorker(ThreadPoolExecutor.java:1134)&#10;        at java.util.concurrent.ThreadPoolExecutor$Worker.run(ThreadPoolExecutor.java:624)&#10;        at java.lang.Thread.run(Thread.java:748)&#10;&quot;pool-47-thread-5&quot;  prio=5 tid=516 in Object.wait()&#10;java.lang.Thread.State: WAITING (on object monitor)&#10;        at sun.misc.Unsafe.park(Native Method)&#10;        at java.util.concurrent.locks.LockSupport.park(LockSupport.java:175)&#10;        at java.util.concurrent.locks.AbstractQueuedSynchronizer$ConditionObject.await(AbstractQueuedSynchronizer.java:2039)&#10;        at java.util.concurrent.ArrayBlockingQueue.take(ArrayBlockingQueue.java:403)&#10;        at java.util.concurrent.ThreadPoolExecutor.getTask(ThreadPoolExecutor.java:1074)&#10;        at java.util.concurrent.ThreadPoolExecutor.runWorker(ThreadPoolExecutor.java:1134)&#10;        at java.util.concurrent.ThreadPoolExecutor$Worker.run(ThreadPoolExecutor.java:624)&#10;        at java.lang.Thread.run(Thread.java:748)&#10;&quot;BlockDeletingService#2&quot; daemon prio=5 tid=1854 in Object.wait()&#10;java.lang.Thread.State: WAITING (on object monitor)&#10;        at sun.misc.Unsafe.park(Native Method)&#10;        at java.util.concurrent.locks.LockSupport.park(LockSupport.java:175)&#10;        at java.util.concurrent.locks.AbstractQueuedSynchronizer$ConditionObject.await(AbstractQueuedSynchronizer.java:2039)&#10;        at java.util.concurrent.ScheduledThreadPoolExecutor$DelayedWorkQueue.take(ScheduledThreadPoolExecutor.java:1088)&#10;        at java.util.concurrent.ScheduledThreadPoolExecutor$DelayedWorkQueue.take(ScheduledThreadPoolExecutor.java:809)&#10;        at java.util.concurrent.ThreadPoolExecutor.getTask(ThreadPoolExecutor.java:1074)&#10;        at java.util.concurrent.ThreadPoolExecutor.runWorker(ThreadPoolExecutor.java:1134)&#10;        at java.util.concurrent.ThreadPoolExecutor$Worker.run(ThreadPoolExecutor.java:624)&#10;        at java.lang.Thread.run(Thread.java:748)&#10;&quot;pool-62-thread-1&quot;  prio=5 tid=189 timed_waiting&#10;java.lang.Thread.State: TIMED_WAITING&#10;        at sun.misc.Unsafe.park(Native Method)&#10;        at java.util.concurrent.locks.LockSupport.parkNanos(LockSupport.java:215)&#10;        at java.util.concurrent.locks.AbstractQueuedSynchronizer$ConditionObject.awaitNanos(AbstractQueuedSynchronizer.java:2078)&#10;        at java.util.concurrent.ScheduledThreadPoolExecutor$DelayedWorkQueue.take(ScheduledThreadPoolExecutor.java:1093)&#10;        at java.util.concurrent.ScheduledThreadPoolExecutor$DelayedWorkQueue.take(ScheduledThreadPoolExecutor.java:809)&#10;        at java.util.concurrent.ThreadPoolExecutor.getTask(ThreadPoolExecutor.java:1074)&#10;        at java.util.concurrent.ThreadPoolExecutor.runWorker(ThreadPoolExecutor.java:1134)&#10;        at java.util.concurrent.ThreadPoolExecutor$Worker.run(ThreadPoolExecutor.java:624)&#10;        at java.lang.Thread.run(Thread.java:748)&#10;&quot;pool-47-thread-31&quot;  prio=5 tid=542 in Object.wait()&#10;java.lang.Thread.State: WAITING (on object monitor)&#10;        at sun.misc.Unsafe.park(Native Method)&#10;        at java.util.concurrent.locks.LockSupport.park(LockSupport.java:175)&#10;        at java.util.concurrent.locks.AbstractQueuedSynchronizer$ConditionObject.await(AbstractQueuedSynchronizer.java:2039)&#10;        at java.util.concurrent.ArrayBlockingQueue.take(ArrayBlockingQueue.java:403)&#10;        at java.util.concurrent.ThreadPoolExecutor.getTask(ThreadPoolExecutor.java:1074)&#10;        at java.util.concurrent.ThreadPoolExecutor.runWorker(ThreadPoolExecutor.java:1134)&#10;        at java.util.concurrent.ThreadPoolExecutor$Worker.run(ThreadPoolExecutor.java:624)&#10;        at java.lang.Thread.run(Thread.java:748)&#10;&quot;StateMachineUpdater-22b2fce2-e0c4-4bfe-a1ac-a7ae08b7b321-group-D0CDC4E413F4&quot; daemon prio=5 tid=1137 in Object.wait()&#10;java.lang.Thread.State: WAITING (on object monitor)&#10;        at java.lang.Object.wait(Native Method)&#10;        at java.lang.Object.wait(Object.java:502)&#10;        at org.apache.ratis.server.impl.StateMachineUpdater.run(StateMachineUpdater.java:138)&#10;        at java.lang.Thread.run(Thread.java:748)&#10;&quot;pool-89-thread-9&quot;  prio=5 tid=640 in Object.wait()&#10;java.lang.Thread.State: WAITING (on object monitor)&#10;        at sun.misc.Unsafe.park(Native Method)&#10;        at java.util.concurrent.locks.LockSupport.park(LockSupport.java:175)&#10;        at java.util.concurrent.locks.AbstractQueuedSynchronizer$ConditionObject.await(AbstractQueuedSynchronizer.java:2039)&#10;        at java.util.concurrent.ArrayBlockingQueue.take(ArrayBlockingQueue.java:403)&#10;        at java.util.concurrent.ThreadPoolExecutor.getTask(ThreadPoolExecutor.java:1074)&#10;        at java.util.concurrent.ThreadPoolExecutor.runWorker(ThreadPoolExecutor.java:1134)&#10;        at java.util.concurrent.ThreadPoolExecutor$Worker.run(ThreadPoolExecutor.java:624)&#10;        at java.lang.Thread.run(Thread.java:748)&#10;&quot;pool-47-thread-48&quot;  prio=5 tid=559 in Object.wait()&#10;java.lang.Thread.State: WAITING (on object monitor)&#10;        at sun.misc.Unsafe.park(Native Method)&#10;        at java.util.concurrent.locks.LockSupport.park(LockSupport.java:175)&#10;        at java.util.concurrent.locks.AbstractQueuedSynchronizer$ConditionObject.await(AbstractQueuedSynchronizer.java:2039)&#10;        at java.util.concurrent.ArrayBlockingQueue.take(ArrayBlockingQueue.java:403)&#10;        at java.util.concurrent.ThreadPoolExecutor.getTask(ThreadPoolExecutor.java:1074)&#10;        at java.util.concurrent.ThreadPoolExecutor.runWorker(ThreadPoolExecutor.java:1134)&#10;        at java.util.concurrent.ThreadPoolExecutor$Worker.run(ThreadPoolExecutor.java:624)&#10;        at java.lang.Thread.run(Thread.java:748)&#10;&quot;pool-131-thread-11&quot;  prio=5 tid=762 in Object.wait()&#10;java.lang.Thread.State: WAITING (on object monitor)&#10;        at sun.misc.Unsafe.park(Native Method)&#10;        at java.util.concurrent.locks.LockSupport.park(LockSupport.java:175)&#10;        at java.util.concurrent.locks.AbstractQueuedSynchronizer$ConditionObject.await(AbstractQueuedSynchronizer.java:2039)&#10;        at java.util.concurrent.ArrayBlockingQueue.take(ArrayBlockingQueue.java:403)&#10;        at java.util.concurrent.ThreadPoolExecutor.getTask(ThreadPoolExecutor.java:1074)&#10;        at java.util.concurrent.ThreadPoolExecutor.runWorker(ThreadPoolExecutor.java:1134)&#10;        at java.util.concurrent.ThreadPoolExecutor$Worker.run(ThreadPoolExecutor.java:624)&#10;        at java.lang.Thread.run(Thread.java:748)&#10;&quot;IPC Server handler 8 on 38877&quot; daemon prio=5 tid=122 timed_waiting&#10;java.lang.Thread.State: TIMED_WAITING&#10;        at sun.misc.Unsafe.park(Native Method)&#10;        at java.util.concurrent.locks.LockSupport.parkNanos(LockSupport.java:215)&#10;        at java.util.concurrent.locks.AbstractQueuedSynchronizer$ConditionObject.awaitNanos(AbstractQueuedSynchronizer.java:2078)&#10;        at java.util.concurrent.LinkedBlockingQueue.poll(LinkedBlockingQueue.java:467)&#10;        at org.apache.hadoop.ipc.CallQueueManager.take(CallQueueManager.java:288)&#10;        at org.apache.hadoop.ipc.Server$Handler.run(Server.java:2668)&#10;&quot;IPC Server handler 5 on 33423&quot; daemon prio=5 tid=35 timed_waiting&#10;java.lang.Thread.State: TIMED_WAITING&#10;        at sun.misc.Unsafe.park(Native Method)&#10;        at java.util.concurrent.locks.LockSupport.parkNanos(LockSupport.java:215)&#10;        at java.util.concurrent.locks.AbstractQueuedSynchronizer$ConditionObject.awaitNanos(AbstractQueuedSynchronizer.java:2078)&#10;        at java.util.concurrent.LinkedBlockingQueue.poll(LinkedBlockingQueue.java:467)&#10;        at org.apache.hadoop.ipc.CallQueueManager.take(CallQueueManager.java:288)&#10;        at org.apache.hadoop.ipc.Server$Handler.run(Server.java:2668)&#10;&quot;bcfd8b62-ac69-42ca-b586-3bf2b9944505-RaftLogWorker&quot;  prio=5 tid=1089 timed_waiting&#10;java.lang.Thread.State: TIMED_WAITING&#10;        at sun.misc.Unsafe.park(Native Method)&#10;        at java.util.concurrent.locks.LockSupport.parkNanos(LockSupport.java:215)&#10;        at java.util.concurrent.locks.AbstractQueuedSynchronizer$ConditionObject.awaitNanos(AbstractQueuedSynchronizer.java:2078)&#10;        at org.apache.ratis.util.DataBlockingQueue.poll(DataBlockingQueue.java:137)&#10;        at org.apache.ratis.server.storage.RaftLogWorker.run(RaftLogWorker.java:216)&#10;        at java.lang.Thread.run(Thread.java:748)&#10;&quot;pool-110-thread-49&quot;  prio=5 tid=740 in Object.wait()&#10;java.lang.Thread.State: WAITING (on object monitor)&#10;        at sun.misc.Unsafe.park(Native Method)&#10;        at java.util.concurrent.locks.LockSupport.park(LockSupport.java:175)&#10;        at java.util.concurrent.locks.AbstractQueuedSynchronizer$ConditionObject.await(AbstractQueuedSynchronizer.java:2039)&#10;        at java.util.concurrent.ArrayBlockingQueue.take(ArrayBlockingQueue.java:403)&#10;        at java.util.concurrent.ThreadPoolExecutor.getTask(ThreadPoolExecutor.java:1074)&#10;        at java.util.concurrent.ThreadPoolExecutor.runWorker(ThreadPoolExecutor.java:1134)&#10;        at java.util.concurrent.ThreadPoolExecutor$Worker.run(ThreadPoolExecutor.java:624)&#10;        at java.lang.Thread.run(Thread.java:748)&#10;&quot;pool-215-thread-58&quot;  prio=5 tid=1049 in Object.wait()&#10;java.lang.Thread.State: WAITING (on object monitor)&#10;        at sun.misc.Unsafe.park(Native Method)&#10;        at java.util.concurrent.locks.LockSupport.park(LockSupport.java:175)&#10;        at java.util.concurrent.locks.AbstractQueuedSynchronizer$ConditionObject.await(AbstractQueuedSynchronizer.java:2039)&#10;        at java.util.concurrent.ArrayBlockingQueue.take(ArrayBlockingQueue.java:403)&#10;        at java.util.concurrent.ThreadPoolExecutor.getTask(ThreadPoolExecutor.java:1074)&#10;        at java.util.concurrent.ThreadPoolExecutor.runWorker(ThreadPoolExecutor.java:1134)&#10;        at java.util.concurrent.ThreadPoolExecutor$Worker.run(ThreadPoolExecutor.java:624)&#10;        at java.lang.Thread.run(Thread.java:748)&#10;&quot;pool-26-thread-32&quot;  prio=5 tid=482 in Object.wait()&#10;java.lang.Thread.State: WAITING (on object monitor)&#10;        at sun.misc.Unsafe.park(Native Method)&#10;        at java.util.concurrent.locks.LockSupport.park(LockSupport.java:175)&#10;        at java.util.concurrent.locks.AbstractQueuedSynchronizer$ConditionObject.await(AbstractQueuedSynchronizer.java:2039)&#10;        at java.util.concurrent.ArrayBlockingQueue.take(ArrayBlockingQueue.java:403)&#10;        at java.util.concurrent.ThreadPoolExecutor.getTask(ThreadPoolExecutor.java:1074)&#10;        at java.util.concurrent.ThreadPoolExecutor.runWorker(ThreadPoolExecutor.java:1134)&#10;        at java.util.concurrent.ThreadPoolExecutor$Worker.run(ThreadPoolExecutor.java:624)&#10;        at java.lang.Thread.run(Thread.java:748)&#10;&quot;pool-194-thread-58&quot;  prio=5 tid=989 in Object.wait()&#10;java.lang.Thread.State: WAITING (on object monitor)&#10;        at sun.misc.Unsafe.park(Native Method)&#10;        at java.util.concurrent.locks.LockSupport.park(LockSupport.java:175)&#10;        at java.util.concurrent.locks.AbstractQueuedSynchronizer$ConditionObject.await(AbstractQueuedSynchronizer.java:2039)&#10;        at java.util.concurrent.ArrayBlockingQueue.take(ArrayBlockingQueue.java:403)&#10;        at java.util.concurrent.ThreadPoolExecutor.getTask(ThreadPoolExecutor.java:1074)&#10;        at java.util.concurrent.ThreadPoolExecutor.runWorker(ThreadPoolExecutor.java:1134)&#10;        at java.util.concurrent.ThreadPoolExecutor$Worker.run(ThreadPoolExecutor.java:624)&#10;        at java.lang.Thread.run(Thread.java:748)&#10;&quot;pool-89-thread-18&quot;  prio=5 tid=649 in Object.wait()&#10;java.lang.Thread.State: WAITING (on object monitor)&#10;        at sun.misc.Unsafe.park(Native Method)&#10;        at java.util.concurrent.locks.LockSupport.park(LockSupport.java:175)&#10;        at java.util.concurrent.locks.AbstractQueuedSynchronizer$ConditionObject.await(AbstractQueuedSynchronizer.java:2039)&#10;        at java.util.concurrent.ArrayBlockingQueue.take(ArrayBlockingQueue.java:403)&#10;        at java.util.concurrent.ThreadPoolExecutor.getTask(ThreadPoolExecutor.java:1074)&#10;        at java.util.concurrent.ThreadPoolExecutor.runWorker(ThreadPoolExecutor.java:1134)&#10;        at java.util.concurrent.ThreadPoolExecutor$Worker.run(ThreadPoolExecutor.java:624)&#10;        at java.lang.Thread.run(Thread.java:748)&#10;&quot;pool-37-thread-1&quot;  prio=5 tid=1064 in Object.wait()&#10;java.lang.Thread.State: WAITING (on object monitor)&#10;        at sun.misc.Unsafe.park(Native Method)&#10;        at java.util.concurrent.locks.LockSupport.park(LockSupport.java:175)&#10;        at java.util.concurrent.locks.AbstractQueuedSynchronizer$ConditionObject.await(AbstractQueuedSynchronizer.java:2039)&#10;        at java.util.concurrent.LinkedBlockingQueue.take(LinkedBlockingQueue.java:442)&#10;        at java.util.concurrent.ThreadPoolExecutor.getTask(ThreadPoolExecutor.java:1074)&#10;        at java.util.concurrent.ThreadPoolExecutor.runWorker(ThreadPoolExecutor.java:1134)&#10;        at java.util.concurrent.ThreadPoolExecutor$Worker.run(ThreadPoolExecutor.java:624)&#10;        at java.lang.Thread.run(Thread.java:748)&#10;&quot;pool-110-thread-16&quot;  prio=5 tid=707 in Object.wait()&#10;java.lang.Thread.State: WAITING (on object monitor)&#10;        at sun.misc.Unsafe.park(Native Method)&#10;        at java.util.concurrent.locks.LockSupport.park(LockSupport.java:175)&#10;        at java.util.concurrent.locks.AbstractQueuedSynchronizer$ConditionObject.await(AbstractQueuedSynchronizer.java:2039)&#10;        at java.util.concurrent.ArrayBlockingQueue.take(ArrayBlockingQueue.java:403)&#10;        at java.util.concurrent.ThreadPoolExecutor.getTask(ThreadPoolExecutor.java:1074)&#10;        at java.util.concurrent.ThreadPoolExecutor.runWorker(ThreadPoolExecutor.java:1134)&#10;        at java.util.concurrent.ThreadPoolExecutor$Worker.run(ThreadPoolExecutor.java:624)&#10;        at java.lang.Thread.run(Thread.java:748)&#10;&quot;qtp644718663-432&quot; daemon prio=5 tid=432 timed_waiting&#10;java.lang.Thread.State: TIMED_WAITING&#10;        at sun.misc.Unsafe.park(Native Method)&#10;        at java.util.concurrent.locks.LockSupport.parkNanos(LockSupport.java:215)&#10;        at java.util.concurrent.locks.AbstractQueuedSynchronizer$ConditionObject.awaitNanos(AbstractQueuedSynchronizer.java:2078)&#10;        at org.eclipse.jetty.util.BlockingArrayQueue.poll(BlockingArrayQueue.java:392)&#10;        at org.eclipse.jetty.util.thread.QueuedThreadPool.idleJobPoll(QueuedThreadPool.java:563)&#10;        at org.eclipse.jetty.util.thread.QueuedThreadPool.access$800(QueuedThreadPool.java:48)&#10;        at org.eclipse.jetty.util.thread.QueuedThreadPool$2.run(QueuedThreadPool.java:626)&#10;        at java.lang.Thread.run(Thread.java:748)&#10;&quot;pool-68-thread-42&quot;  prio=5 tid=613 in Object.wait()&#10;java.lang.Thread.State: WAITING (on object monitor)&#10;        at sun.misc.Unsafe.park(Native Method)&#10;        at java.util.concurrent.locks.LockSupport.park(LockSupport.java:175)&#10;        at java.util.concurrent.locks.AbstractQueuedSynchronizer$ConditionObject.await(AbstractQueuedSynchronizer.java:2039)&#10;        at java.util.concurrent.ArrayBlockingQueue.take(ArrayBlockingQueue.java:403)&#10;        at java.util.concurrent.ThreadPoolExecutor.getTask(ThreadPoolExecutor.java:1074)&#10;        at java.util.concurrent.ThreadPoolExecutor.runWorker(ThreadPoolExecutor.java:1134)&#10;        at java.util.concurrent.ThreadPoolExecutor$Worker.run(ThreadPoolExecutor.java:624)&#10;        at java.lang.Thread.run(Thread.java:748)&#10;&quot;java.util.concurrent.ThreadPoolExecutor$Worker@2f37b96a[State = -1, empty queue]&quot; daemon prio=5 tid=1212 timed_waiting&#10;java.lang.Thread.State: TIMED_WAITING&#10;        at sun.misc.Unsafe.park(Native Method)&#10;        at java.util.concurrent.locks.LockSupport.parkNanos(LockSupport.java:215)&#10;        at java.util.concurrent.locks.AbstractQueuedSynchronizer$ConditionObject.awaitNanos(AbstractQueuedSynchronizer.java:2078)&#10;        at java.util.concurrent.ScheduledThreadPoolExecutor$DelayedWorkQueue.take(ScheduledThreadPoolExecutor.java:1093)&#10;        at java.util.concurrent.ScheduledThreadPoolExecutor$DelayedWorkQueue.take(ScheduledThreadPoolExecutor.java:809)&#10;        at java.util.concurrent.ThreadPoolExecutor.getTask(ThreadPoolExecutor.java:1074)&#10;        at java.util.concurrent.ThreadPoolExecutor.runWorker(ThreadPoolExecutor.java:1134)&#10;        at java.util.concurrent.ThreadPoolExecutor$Worker.run(ThreadPoolExecutor.java:624)&#10;        at java.lang.Thread.run(Thread.java:748)&#10;&quot;Datanode ReportManager Thread - 0&quot; daemon prio=5 tid=353 in Object.wait()&#10;java.lang.Thread.State: WAITING (on object monitor)&#10;        at sun.misc.Unsafe.park(Native Method)&#10;        at java.util.concurrent.locks.LockSupport.park(LockSupport.java:175)&#10;        at java.util.concurrent.locks.AbstractQueuedSynchronizer$ConditionObject.await(AbstractQueuedSynchronizer.java:2039)&#10;        at java.util.concurrent.ScheduledThreadPoolExecutor$DelayedWorkQueue.take(ScheduledThreadPoolExecutor.java:1088)&#10;        at java.util.concurrent.ScheduledThreadPoolExecutor$DelayedWorkQueue.take(ScheduledThreadPoolExecutor.java:809)&#10;        at java.util.concurrent.ThreadPoolExecutor.getTask(ThreadPoolExecutor.java:1074)&#10;        at java.util.concurrent.ThreadPoolExecutor.runWorker(ThreadPoolExecutor.java:1134)&#10;        at java.util.concurrent.ThreadPoolExecutor$Worker.run(ThreadPoolExecutor.java:624)&#10;        at java.lang.Thread.run(Thread.java:748)&#10;&quot;pool-47-thread-27&quot;  prio=5 tid=538 in Object.wait()&#10;java.lang.Thread.State: WAITING (on object monitor)&#10;        at sun.misc.Unsafe.park(Native Method)&#10;        at java.util.concurrent.locks.LockSupport.park(LockSupport.java:175)&#10;        at java.util.concurrent.locks.AbstractQueuedSynchronizer$ConditionObject.await(AbstractQueuedSynchronizer.java:2039)&#10;        at java.util.concurrent.ArrayBlockingQueue.take(ArrayBlockingQueue.java:403)&#10;        at java.util.concurrent.ThreadPoolExecutor.getTask(ThreadPoolExecutor.java:1074)&#10;        at java.util.concurrent.ThreadPoolExecutor.runWorker(ThreadPoolExecutor.java:1134)&#10;        at java.util.concurrent.ThreadPoolExecutor$Worker.run(ThreadPoolExecutor.java:624)&#10;        at java.lang.Thread.run(Thread.java:748)&#10;&quot;qtp644718663-431-acceptor-0@83b6bb2-ServerConnector@191f4d65{HTTP/1.1,[http/1.1]}{0.0.0.0:36339}&quot; daemon prio=3 tid=431 runnable&#10;java.lang.Thread.State: RUNNABLE&#10;        at sun.nio.ch.ServerSocketChannelImpl.accept0(Native Method)&#10;        at sun.nio.ch.ServerSocketChannelImpl.accept(ServerSocketChannelImpl.java:422)&#10;        at sun.nio.ch.ServerSocketChannelImpl.accept(ServerSocketChannelImpl.java:250)&#10;        at org.eclipse.jetty.server.ServerConnector.accept(ServerConnector.java:397)&#10;        at org.eclipse.jetty.server.AbstractConnector$Acceptor.run(AbstractConnector.java:601)&#10;        at org.eclipse.jetty.util.thread.QueuedThreadPool.runJob(QueuedThreadPool.java:671)&#10;        at org.eclipse.jetty.util.thread.QueuedThreadPool$2.run(QueuedThreadPool.java:589)&#10;        at java.lang.Thread.run(Thread.java:748)&#10;&quot;pool-131-thread-22&quot;  prio=5 tid=773 in Object.wait()&#10;java.lang.Thread.State: WAITING (on object monitor)&#10;        at sun.misc.Unsafe.park(Native Method)&#10;        at java.util.concurrent.locks.LockSupport.park(LockSupport.java:175)&#10;        at java.util.concurrent.locks.AbstractQueuedSynchronizer$ConditionObject.await(AbstractQueuedSynchronizer.java:2039)&#10;        at java.util.concurrent.ArrayBlockingQueue.take(ArrayBlockingQueue.java:403)&#10;        at java.util.concurrent.ThreadPoolExecutor.getTask(ThreadPoolExecutor.java:1074)&#10;        at java.util.concurrent.ThreadPoolExecutor.runWorker(ThreadPoolExecutor.java:1134)&#10;        at java.util.concurrent.ThreadPoolExecutor$Worker.run(ThreadPoolExecutor.java:624)&#10;        at java.lang.Thread.run(Thread.java:748)&#10;&quot;qtp391333725-373&quot; daemon prio=5 tid=373 timed_waiting&#10;java.lang.Thread.State: TIMED_WAITING&#10;        at sun.misc.Unsafe.park(Native Method)&#10;        at java.util.concurrent.locks.LockSupport.parkNanos(LockSupport.java:215)&#10;        at java.util.concurrent.locks.AbstractQueuedSynchronizer$ConditionObject.awaitNanos(AbstractQueuedSynchronizer.java:2078)&#10;        at org.eclipse.jetty.util.BlockingArrayQueue.poll(BlockingArrayQueue.java:392)&#10;        at org.eclipse.jetty.util.thread.QueuedThreadPool.idleJobPoll(QueuedThreadPool.java:563)&#10;        at org.eclipse.jetty.util.thread.QueuedThreadPool.access$800(QueuedThreadPool.java:48)&#10;        at org.eclipse.jetty.util.thread.QueuedThreadPool$2.run(QueuedThreadPool.java:626)&#10;        at java.lang.Thread.run(Thread.java:748)&#10;&quot;org.apache.hadoop.util.JvmPauseMonitor$Monitor@6db2703&quot; daemon prio=5 tid=300 timed_waiting&#10;java.lang.Thread.State: TIMED_WAITING&#10;        at java.lang.Thread.sleep(Native Method)&#10;        at org.apache.hadoop.util.JvmPauseMonitor$Monitor.run(JvmPauseMonitor.java:192)&#10;        at java.lang.Thread.run(Thread.java:748)&#10;&quot;pool-131-thread-38&quot;  prio=5 tid=789 in Object.wait()&#10;java.lang.Thread.State: WAITING (on object monitor)&#10;        at sun.misc.Unsafe.park(Native Method)&#10;        at java.util.concurrent.locks.LockSupport.park(LockSupport.java:175)&#10;        at java.util.concurrent.locks.AbstractQueuedSynchronizer$ConditionObject.await(AbstractQueuedSynchronizer.java:2039)&#10;        at java.util.concurrent.ArrayBlockingQueue.take(ArrayBlockingQueue.java:403)&#10;        at java.util.concurrent.ThreadPoolExecutor.getTask(ThreadPoolExecutor.java:1074)&#10;        at java.util.concurrent.ThreadPoolExecutor.runWorker(ThreadPoolExecutor.java:1134)&#10;        at java.util.concurrent.ThreadPoolExecutor$Worker.run(ThreadPoolExecutor.java:624)&#10;        at java.lang.Thread.run(Thread.java:748)&#10;&quot;qtp391333725-372&quot; daemon prio=5 tid=372 timed_waiting&#10;java.lang.Thread.State: TIMED_WAITING&#10;        at sun.misc.Unsafe.park(Native Method)&#10;        at java.util.concurrent.locks.LockSupport.parkNanos(LockSupport.java:215)&#10;        at java.util.concurrent.locks.AbstractQueuedSynchronizer$ConditionObject.awaitNanos(AbstractQueuedSynchronizer.java:2078)&#10;        at org.eclipse.jetty.util.BlockingArrayQueue.poll(BlockingArrayQueue.java:392)&#10;        at org.eclipse.jetty.util.thread.QueuedThreadPool.idleJobPoll(QueuedThreadPool.java:563)&#10;        at org.eclipse.jetty.util.thread.QueuedThreadPool.access$800(QueuedThreadPool.java:48)&#10;        at org.eclipse.jetty.util.thread.QueuedThreadPool$2.run(QueuedThreadPool.java:626)&#10;        at java.lang.Thread.run(Thread.java:748)&#10;&quot;pool-173-thread-24&quot;  prio=5 tid=895 in Object.wait()&#10;java.lang.Thread.State: WAITING (on object monitor)&#10;        at sun.misc.Unsafe.park(Native Method)&#10;        at java.util.concurrent.locks.LockSupport.park(LockSupport.java:175)&#10;        at java.util.concurrent.locks.AbstractQueuedSynchronizer$ConditionObject.await(AbstractQueuedSynchronizer.java:2039)&#10;        at java.util.concurrent.ArrayBlockingQueue.take(ArrayBlockingQueue.java:403)&#10;        at java.util.concurrent.ThreadPoolExecutor.getTask(ThreadPoolExecutor.java:1074)&#10;        at java.util.concurrent.ThreadPoolExecutor.runWorker(ThreadPoolExecutor.java:1134)&#10;        at java.util.concurrent.ThreadPoolExecutor$Worker.run(ThreadPoolExecutor.java:624)&#10;        at java.lang.Thread.run(Thread.java:748)&#10;&quot;qtp628402659-191-acceptor-0@54d1dbf9-ServerConnector@5a162f13{HTTP/1.1,[http/1.1]}{0.0.0.0:37165}&quot; daemon prio=3 tid=191 runnable&#10;java.lang.Thread.State: RUNNABLE&#10;        at sun.nio.ch.ServerSocketChannelImpl.accept0(Native Method)&#10;        at sun.nio.ch.ServerSocketChannelImpl.accept(ServerSocketChannelImpl.java:422)&#10;        at sun.nio.ch.ServerSocketChannelImpl.accept(ServerSocketChannelImpl.java:250)&#10;        at org.eclipse.jetty.server.ServerConnector.accept(ServerConnector.java:397)&#10;        at org.eclipse.jetty.server.AbstractConnector$Acceptor.run(AbstractConnector.java:601)&#10;        at org.eclipse.jetty.util.thread.QueuedThreadPool.runJob(QueuedThreadPool.java:671)&#10;        at org.eclipse.jetty.util.thread.QueuedThreadPool$2.run(QueuedThreadPool.java:589)&#10;        at java.lang.Thread.run(Thread.java:748)&#10;&quot;pool-194-thread-5&quot;  prio=5 tid=936 in Object.wait()&#10;java.lang.Thread.State: WAITING (on object monitor)&#10;        at sun.misc.Unsafe.park(Native Method)&#10;        at java.util.concurrent.locks.LockSupport.park(LockSupport.java:175)&#10;        at java.util.concurrent.locks.AbstractQueuedSynchronizer$ConditionObject.await(AbstractQueuedSynchronizer.java:2039)&#10;        at java.util.concurrent.ArrayBlockingQueue.take(ArrayBlockingQueue.java:403)&#10;        at java.util.concurrent.ThreadPoolExecutor.getTask(ThreadPoolExecutor.java:1074)&#10;        at java.util.concurrent.ThreadPoolExecutor.runWorker(ThreadPoolExecutor.java:1134)&#10;        at java.util.concurrent.ThreadPoolExecutor$Worker.run(ThreadPoolExecutor.java:624)&#10;        at java.lang.Thread.run(Thread.java:748)&#10;&quot;pool-47-thread-7&quot;  prio=5 tid=518 in Object.wait()&#10;java.lang.Thread.State: WAITING (on object monitor)&#10;        at sun.misc.Unsafe.park(Native Method)&#10;        at java.util.concurrent.locks.LockSupport.park(LockSupport.java:175)&#10;        at java.util.concurrent.locks.AbstractQueuedSynchronizer$ConditionObject.await(AbstractQueuedSynchronizer.java:2039)&#10;        at java.util.concurrent.ArrayBlockingQueue.take(ArrayBlockingQueue.java:403)&#10;        at java.util.concurrent.ThreadPoolExecutor.getTask(ThreadPoolExecutor.java:1074)&#10;        at java.util.concurrent.ThreadPoolExecutor.runWorker(ThreadPoolExecutor.java:1134)&#10;        at java.util.concurrent.ThreadPoolExecutor$Worker.run(ThreadPoolExecutor.java:624)&#10;        at java.lang.Thread.run(Thread.java:748)&#10;&quot;pool-125-thread-1&quot;  prio=5 tid=279 timed_waiting&#10;java.lang.Thread.State: TIMED_WAITING&#10;        at sun.misc.Unsafe.park(Native Method)&#10;        at java.util.concurrent.locks.LockSupport.parkNanos(LockSupport.java:215)&#10;        at java.util.concurrent.locks.AbstractQueuedSynchronizer$ConditionObject.awaitNanos(AbstractQueuedSynchronizer.java:2078)&#10;        at java.util.concurrent.ScheduledThreadPoolExecutor$DelayedWorkQueue.take(ScheduledThreadPoolExecutor.java:1093)&#10;        at java.util.concurrent.ScheduledThreadPoolExecutor$DelayedWorkQueue.take(ScheduledThreadPoolExecutor.java:809)&#10;        at java.util.concurrent.ThreadPoolExecutor.getTask(ThreadPoolExecutor.java:1074)&#10;        at java.util.concurrent.ThreadPoolExecutor.runWorker(ThreadPoolExecutor.java:1134)&#10;        at java.util.concurrent.ThreadPoolExecutor$Worker.run(ThreadPoolExecutor.java:624)&#10;        at java.lang.Thread.run(Thread.java:748)&#10;&quot;pool-68-thread-31&quot;  prio=5 tid=602 in Object.wait()&#10;java.lang.Thread.State: WAITING (on object monitor)&#10;        at sun.misc.Unsafe.park(Native Method)&#10;        at java.util.concurrent.locks.LockSupport.park(LockSupport.java:175)&#10;        at java.util.concurrent.locks.AbstractQueuedSynchronizer$ConditionObject.await(AbstractQueuedSynchronizer.java:2039)&#10;        at java.util.concurrent.ArrayBlockingQueue.take(ArrayBlockingQueue.java:403)&#10;        at java.util.concurrent.ThreadPoolExecutor.getTask(ThreadPoolExecutor.java:1074)&#10;        at java.util.concurrent.ThreadPoolExecutor.runWorker(ThreadPoolExecutor.java:1134)&#10;        at java.util.concurrent.ThreadPoolExecutor$Worker.run(ThreadPoolExecutor.java:624)&#10;        at java.lang.Thread.run(Thread.java:748)&#10;&quot;pool-47-thread-57&quot;  prio=5 tid=568 in Object.wait()&#10;java.lang.Thread.State: WAITING (on object monitor)&#10;        at sun.misc.Unsafe.park(Native Method)&#10;        at java.util.concurrent.locks.LockSupport.park(LockSupport.java:175)&#10;        at java.util.concurrent.locks.AbstractQueuedSynchronizer$ConditionObject.await(AbstractQueuedSynchronizer.java:2039)&#10;        at java.util.concurrent.ArrayBlockingQueue.take(ArrayBlockingQueue.java:403)&#10;        at java.util.concurrent.ThreadPoolExecutor.getTask(ThreadPoolExecutor.java:1074)&#10;        at java.util.concurrent.ThreadPoolExecutor.runWorker(ThreadPoolExecutor.java:1134)&#10;        at java.util.concurrent.ThreadPoolExecutor$Worker.run(ThreadPoolExecutor.java:624)&#10;        at java.lang.Thread.run(Thread.java:748)&#10;&quot;BlockDeletingService#0&quot; daemon prio=5 tid=427 in Object.wait()&#10;java.lang.Thread.State: WAITING (on object monitor)&#10;        at sun.misc.Unsafe.park(Native Method)&#10;        at java.util.concurrent.locks.LockSupport.park(LockSupport.java:175)&#10;        at java.util.concurrent.locks.AbstractQueuedSynchronizer$ConditionObject.await(AbstractQueuedSynchronizer.java:2039)&#10;        at java.util.concurrent.ScheduledThreadPoolExecutor$DelayedWorkQueue.take(ScheduledThreadPoolExecutor.java:1088)&#10;        at java.util.concurrent.ScheduledThreadPoolExecutor$DelayedWorkQueue.take(ScheduledThreadPoolExecutor.java:809)&#10;        at java.util.concurrent.ThreadPoolExecutor.getTask(ThreadPoolExecutor.java:1074)&#10;        at java.util.concurrent.ThreadPoolExecutor.runWorker(ThreadPoolExecutor.java:1134)&#10;        at java.util.concurrent.ThreadPoolExecutor$Worker.run(ThreadPoolExecutor.java:624)&#10;        at java.lang.Thread.run(Thread.java:748)&#10;&quot;pool-26-thread-35&quot;  prio=5 tid=485 in Object.wait()&#10;java.lang.Thread.State: WAITING (on object monitor)&#10;        at sun.misc.Unsafe.park(Native Method)&#10;        at java.util.concurrent.locks.LockSupport.park(LockSupport.java:175)&#10;        at java.util.concurrent.locks.AbstractQueuedSynchronizer$ConditionObject.await(AbstractQueuedSynchronizer.java:2039)&#10;        at java.util.concurrent.ArrayBlockingQueue.take(ArrayBlockingQueue.java:403)&#10;        at java.util.concurrent.ThreadPoolExecutor.getTask(ThreadPoolExecutor.java:1074)&#10;        at java.util.concurrent.ThreadPoolExecutor.runWorker(ThreadPoolExecutor.java:1134)&#10;        at java.util.concurrent.ThreadPoolExecutor$Worker.run(ThreadPoolExecutor.java:624)&#10;        at java.lang.Thread.run(Thread.java:748)&#10;&quot;pool-89-thread-11&quot;  prio=5 tid=642 in Object.wait()&#10;java.lang.Thread.State: WAITING (on object monitor)&#10;        at sun.misc.Unsafe.park(Native Method)&#10;        at java.util.concurrent.locks.LockSupport.park(LockSupport.java:175)&#10;        at java.util.concurrent.locks.AbstractQueuedSynchronizer$ConditionObject.await(AbstractQueuedSynchronizer.java:2039)&#10;        at java.util.concurrent.ArrayBlockingQueue.take(ArrayBlockingQueue.java:403)&#10;        at java.util.concurrent.ThreadPoolExecutor.getTask(ThreadPoolExecutor.java:1074)&#10;        at java.util.concurrent.ThreadPoolExecutor.runWorker(ThreadPoolExecutor.java:1134)&#10;        at java.util.concurrent.ThreadPoolExecutor$Worker.run(ThreadPoolExecutor.java:624)&#10;        at java.lang.Thread.run(Thread.java:748)&#10;&quot;Datanode State Machine Thread - 0&quot; daemon prio=5 tid=240 timed_waiting&#10;java.lang.Thread.State: TIMED_WAITING&#10;        at sun.misc.Unsafe.park(Native Method)&#10;        at java.util.concurrent.locks.LockSupport.parkNanos(LockSupport.java:215)&#10;        at java.util.concurrent.SynchronousQueue$TransferStack.awaitFulfill(SynchronousQueue.java:460)&#10;        at java.util.concurrent.SynchronousQueue$TransferStack.transfer(SynchronousQueue.java:362)&#10;        at java.util.concurrent.SynchronousQueue.poll(SynchronousQueue.java:941)&#10;        at java.util.concurrent.ThreadPoolExecutor.getTask(ThreadPoolExecutor.java:1073)&#10;        at java.util.concurrent.ThreadPoolExecutor.runWorker(ThreadPoolExecutor.java:1134)&#10;        at java.util.concurrent.ThreadPoolExecutor$Worker.run(ThreadPoolExecutor.java:624)&#10;        at java.lang.Thread.run(Thread.java:748)&#10;&quot;IPC Server handler 9 on 33779&quot; daemon prio=5 tid=79 timed_waiting&#10;java.lang.Thread.State: TIMED_WAITING&#10;        at sun.misc.Unsafe.park(Native Method)&#10;        at java.util.concurrent.locks.LockSupport.parkNanos(LockSupport.java:215)&#10;        at java.util.concurrent.locks.AbstractQueuedSynchronizer$ConditionObject.awaitNanos(AbstractQueuedSynchronizer.java:2078)&#10;        at java.util.concurrent.LinkedBlockingQueue.poll(LinkedBlockingQueue.java:467)&#10;        at org.apache.hadoop.ipc.CallQueueManager.take(CallQueueManager.java:288)&#10;        at org.apache.hadoop.ipc.Server$Handler.run(Server.java:2668)&#10;&quot;IPC Server handler 13 on 38877&quot; daemon prio=5 tid=127 timed_waiting&#10;java.lang.Thread.State: TIMED_WAITING&#10;        at sun.misc.Unsafe.park(Native Method)&#10;        at java.util.concurrent.locks.LockSupport.parkNanos(LockSupport.java:215)&#10;        at java.util.concurrent.locks.AbstractQueuedSynchronizer$ConditionObject.awaitNanos(AbstractQueuedSynchronizer.java:2078)&#10;        at java.util.concurrent.LinkedBlockingQueue.poll(LinkedBlockingQueue.java:467)&#10;        at org.apache.hadoop.ipc.CallQueueManager.take(CallQueueManager.java:288)&#10;        at org.apache.hadoop.ipc.Server$Handler.run(Server.java:2668)&#10;&quot;pool-194-thread-42&quot;  prio=5 tid=973 in Object.wait()&#10;java.lang.Thread.State: WAITING (on object monitor)&#10;        at sun.misc.Unsafe.park(Native Method)&#10;        at java.util.concurrent.locks.LockSupport.park(LockSupport.java:175)&#10;        at java.util.concurrent.locks.AbstractQueuedSynchronizer$ConditionObject.await(AbstractQueuedSynchronizer.java:2039)&#10;        at java.util.concurrent.ArrayBlockingQueue.take(ArrayBlockingQueue.java:403)&#10;        at java.util.concurrent.ThreadPoolExecutor.getTask(ThreadPoolExecutor.java:1074)&#10;        at java.util.concurrent.ThreadPoolExecutor.runWorker(ThreadPoolExecutor.java:1134)&#10;        at java.util.concurrent.ThreadPoolExecutor$Worker.run(ThreadPoolExecutor.java:624)&#10;        at java.lang.Thread.run(Thread.java:748)&#10;&quot;pool-47-thread-20&quot;  prio=5 tid=531 in Object.wait()&#10;java.lang.Thread.State: WAITING (on object monitor)&#10;        at sun.misc.Unsafe.park(Native Method)&#10;        at java.util.concurrent.locks.LockSupport.park(LockSupport.java:175)&#10;        at java.util.concurrent.locks.AbstractQueuedSynchronizer$ConditionObject.await(AbstractQueuedSynchronizer.java:2039)&#10;        at java.util.concurrent.ArrayBlockingQueue.take(ArrayBlockingQueue.java:403)&#10;        at java.util.concurrent.ThreadPoolExecutor.getTask(ThreadPoolExecutor.java:1074)&#10;        at java.util.concurrent.ThreadPoolExecutor.runWorker(ThreadPoolExecutor.java:1134)&#10;        at java.util.concurrent.ThreadPoolExecutor$Worker.run(ThreadPoolExecutor.java:624)&#10;        at java.lang.Thread.run(Thread.java:748)&#10;&quot;pool-68-thread-18&quot;  prio=5 tid=589 in Object.wait()&#10;java.lang.Thread.State: WAITING (on object monitor)&#10;        at sun.misc.Unsafe.park(Native Method)&#10;        at java.util.concurrent.locks.LockSupport.park(LockSupport.java:175)&#10;        at java.util.concurrent.locks.AbstractQueuedSynchronizer$ConditionObject.await(AbstractQueuedSynchronizer.java:2039)&#10;        at java.util.concurrent.ArrayBlockingQueue.take(ArrayBlockingQueue.java:403)&#10;        at java.util.concurrent.ThreadPoolExecutor.getTask(ThreadPoolExecutor.java:1074)&#10;        at java.util.concurrent.ThreadPoolExecutor.runWorker(ThreadPoolExecutor.java:1134)&#10;        at java.util.concurrent.ThreadPoolExecutor$Worker.run(ThreadPoolExecutor.java:624)&#10;        at java.lang.Thread.run(Thread.java:748)&#10;&quot;pool-173-thread-57&quot;  prio=5 tid=928 in Object.wait()&#10;java.lang.Thread.State: WAITING (on object monitor)&#10;        at sun.misc.Unsafe.park(Native Method)&#10;        at java.util.concurrent.locks.LockSupport.park(LockSupport.java:175)&#10;        at java.util.concurrent.locks.AbstractQueuedSynchronizer$ConditionObject.await(AbstractQueuedSynchronizer.java:2039)&#10;        at java.util.concurrent.ArrayBlockingQueue.take(ArrayBlockingQueue.java:403)&#10;        at java.util.concurrent.ThreadPoolExecutor.getTask(ThreadPoolExecutor.java:1074)&#10;        at java.util.concurrent.ThreadPoolExecutor.runWorker(ThreadPoolExecutor.java:1134)&#10;        at java.util.concurrent.ThreadPoolExecutor$Worker.run(ThreadPoolExecutor.java:624)&#10;        at java.lang.Thread.run(Thread.java:748)&#10;&quot;Thread-369&quot; daemon prio=5 tid=1182 timed_waiting&#10;java.lang.Thread.State: TIMED_WAITING&#10;        at java.lang.Thread.sleep(Native Method)&#10;        at org.apache.ratis.server.impl.FollowerState.run(FollowerState.java:94)&#10;&quot;pool-152-thread-43&quot;  prio=5 tid=854 in Object.wait()&#10;java.lang.Thread.State: WAITING (on object monitor)&#10;        at sun.misc.Unsafe.park(Native Method)&#10;        at java.util.concurrent.locks.LockSupport.park(LockSupport.java:175)&#10;        at java.util.concurrent.locks.AbstractQueuedSynchronizer$ConditionObject.await(AbstractQueuedSynchronizer.java:2039)&#10;        at java.util.concurrent.ArrayBlockingQueue.take(ArrayBlockingQueue.java:403)&#10;        at java.util.concurrent.ThreadPoolExecutor.getTask(ThreadPoolExecutor.java:1074)&#10;        at java.util.concurrent.ThreadPoolExecutor.runWorker(ThreadPoolExecutor.java:1134)&#10;        at java.util.concurrent.ThreadPoolExecutor$Worker.run(ThreadPoolExecutor.java:624)&#10;        at java.lang.Thread.run(Thread.java:748)&#10;&quot;IPC Server handler 10 on 46447&quot; daemon prio=5 tid=60 timed_waiting&#10;java.lang.Thread.State: TIMED_WAITING&#10;        at sun.misc.Unsafe.park(Native Method)&#10;        at java.util.concurrent.locks.LockSupport.parkNanos(LockSupport.java:215)&#10;        at java.util.concurrent.locks.AbstractQueuedSynchronizer$ConditionObject.awaitNanos(AbstractQueuedSynchronizer.java:2078)&#10;        at java.util.concurrent.LinkedBlockingQueue.poll(LinkedBlockingQueue.java:467)&#10;        at org.apache.hadoop.ipc.CallQueueManager.take(CallQueueManager.java:288)&#10;        at org.apache.hadoop.ipc.Server$Handler.run(Server.java:2668)&#10;&quot;EventQueue-NewNodeForNewNodeHandler&quot; daemon prio=5 tid=1052 in Object.wait()&#10;java.lang.Thread.State: WAITING (on object monitor)&#10;        at sun.misc.Unsafe.park(Native Method)&#10;        at java.util.concurrent.locks.LockSupport.park(LockSupport.java:175)&#10;        at java.util.concurrent.locks.AbstractQueuedSynchronizer$ConditionObject.await(AbstractQueuedSynchronizer.java:2039)&#10;        at java.util.concurrent.LinkedBlockingQueue.take(LinkedBlockingQueue.java:442)&#10;        at java.util.concurrent.ThreadPoolExecutor.getTask(ThreadPoolExecutor.java:1074)&#10;        at java.util.concurrent.ThreadPoolExecutor.runWorker(ThreadPoolExecutor.java:1134)&#10;        at java.util.concurrent.ThreadPoolExecutor$Worker.run(ThreadPoolExecutor.java:624)&#10;        at java.lang.Thread.run(Thread.java:748)&#10;&quot;Periodic HDDS volume checker&quot;  prio=5 tid=151 timed_waiting&#10;java.lang.Thread.State: TIMED_WAITING&#10;        at sun.misc.Unsafe.park(Native Method)&#10;        at java.util.concurrent.locks.LockSupport.parkNanos(LockSupport.java:215)&#10;        at java.util.concurrent.locks.AbstractQueuedSynchronizer$ConditionObject.awaitNanos(AbstractQueuedSynchronizer.java:2078)&#10;        at java.util.concurrent.ScheduledThreadPoolExecutor$DelayedWorkQueue.take(ScheduledThreadPoolExecutor.java:1093)&#10;        at java.util.concurrent.ScheduledThreadPoolExecutor$DelayedWorkQueue.take(ScheduledThreadPoolExecutor.java:809)&#10;        at java.util.concurrent.ThreadPoolExecutor.getTask(ThreadPoolExecutor.java:1074)&#10;        at java.util.concurrent.ThreadPoolExecutor.runWorker(ThreadPoolExecutor.java:1134)&#10;        at java.util.concurrent.ThreadPoolExecutor$Worker.run(ThreadPoolExecutor.java:624)&#10;        at java.lang.Thread.run(Thread.java:748)&#10;&quot;pool-173-thread-30&quot;  prio=5 tid=901 in Object.wait()&#10;java.lang.Thread.State: WAITING (on object monitor)&#10;        at sun.misc.Unsafe.park(Native Method)&#10;        at java.util.concurrent.locks.LockSupport.park(LockSupport.java:175)&#10;        at java.util.concurrent.locks.AbstractQueuedSynchronizer$ConditionObject.await(AbstractQueuedSynchronizer.java:2039)&#10;        at java.util.concurrent.ArrayBlockingQueue.take(ArrayBlockingQueue.java:403)&#10;        at java.util.concurrent.ThreadPoolExecutor.getTask(ThreadPoolExecutor.java:1074)&#10;        at java.util.concurrent.ThreadPoolExecutor.runWorker(ThreadPoolExecutor.java:1134)&#10;        at java.util.concurrent.ThreadPoolExecutor$Worker.run(ThreadPoolExecutor.java:624)&#10;        at java.lang.Thread.run(Thread.java:748)&#10;&quot;refreshUsed-/opt/src/hadoop-ozone/integration-test/target/test-dir/MiniOzoneClusterImpl-add696fe-84ac-4b45-a2ee-012b057e1087/datanode-0/data/containers&quot; daemon prio=5 tid=153 timed_waiting&#10;java.lang.Thread.State: TIMED_WAITING&#10;        at java.lang.Thread.sleep(Native Method)&#10;        at org.apache.hadoop.fs.CachingGetSpaceUsed$RefreshThread.run(CachingGetSpaceUsed.java:179)&#10;        at java.lang.Thread.run(Thread.java:748)&#10;&quot;pool-110-thread-29&quot;  prio=5 tid=720 in Object.wait()&#10;java.lang.Thread.State: WAITING (on object monitor)&#10;        at sun.misc.Unsafe.park(Native Method)&#10;        at java.util.concurrent.locks.LockSupport.park(LockSupport.java:175)&#10;        at java.util.concurrent.locks.AbstractQueuedSynchronizer$ConditionObject.await(AbstractQueuedSynchronizer.java:2039)&#10;        at java.util.concurrent.ArrayBlockingQueue.take(ArrayBlockingQueue.java:403)&#10;        at java.util.concurrent.ThreadPoolExecutor.getTask(ThreadPoolExecutor.java:1074)&#10;        at java.util.concurrent.ThreadPoolExecutor.runWorker(ThreadPoolExecutor.java:1134)&#10;        at java.util.concurrent.ThreadPoolExecutor$Worker.run(ThreadPoolExecutor.java:624)&#10;        at java.lang.Thread.run(Thread.java:748)&#10;&quot;jaeger.RemoteReporter-FlushTimer&quot; daemon prio=5 tid=147 timed_waiting&#10;java.lang.Thread.State: TIMED_WAITING&#10;        at java.lang.Object.wait(Native Method)&#10;        at java.util.TimerThread.mainLoop(Timer.java:552)&#10;        at java.util.TimerThread.run(Timer.java:505)&#10;&quot;pool-100-thread-1&quot;  prio=5 tid=1070 in Object.wait()&#10;java.lang.Thread.State: WAITING (on object monitor)&#10;        at sun.misc.Unsafe.park(Native Method)&#10;        at java.util.concurrent.locks.LockSupport.park(LockSupport.java:175)&#10;        at java.util.concurrent.locks.AbstractQueuedSynchronizer$ConditionObject.await(AbstractQueuedSynchronizer.java:2039)&#10;        at java.util.concurrent.LinkedBlockingQueue.take(LinkedBlockingQueue.java:442)&#10;        at java.util.concurrent.ThreadPoolExecutor.getTask(ThreadPoolExecutor.java:1074)&#10;        at java.util.concurrent.ThreadPoolExecutor.runWorker(ThreadPoolExecutor.java:1134)&#10;        at java.util.concurrent.ThreadPoolExecutor$Worker.run(ThreadPoolExecutor.java:624)&#10;        at java.lang.Thread.run(Thread.java:748)&#10;&quot;pool-194-thread-10&quot;  prio=5 tid=941 in Object.wait()&#10;java.lang.Thread.State: WAITING (on object monitor)&#10;        at sun.misc.Unsafe.park(Native Method)&#10;        at java.util.concurrent.locks.LockSupport.park(LockSupport.java:175)&#10;        at java.util.concurrent.locks.AbstractQueuedSynchronizer$ConditionObject.await(AbstractQueuedSynchronizer.java:2039)&#10;        at java.util.concurrent.ArrayBlockingQueue.take(ArrayBlockingQueue.java:403)&#10;        at java.util.concurrent.ThreadPoolExecutor.getTask(ThreadPoolExecutor.java:1074)&#10;        at java.util.concurrent.ThreadPoolExecutor.runWorker(ThreadPoolExecutor.java:1134)&#10;        at java.util.concurrent.ThreadPoolExecutor$Worker.run(ThreadPoolExecutor.java:624)&#10;        at java.lang.Thread.run(Thread.java:748)&#10;&quot;pool-215-thread-20&quot;  prio=5 tid=1011 in Object.wait()&#10;java.lang.Thread.State: WAITING (on object monitor)&#10;        at sun.misc.Unsafe.park(Native Method)&#10;        at java.util.concurrent.locks.LockSupport.park(LockSupport.java:175)&#10;        at java.util.concurrent.locks.AbstractQueuedSynchronizer$ConditionObject.await(AbstractQueuedSynchronizer.java:2039)&#10;        at java.util.concurrent.ArrayBlockingQueue.take(ArrayBlockingQueue.java:403)&#10;        at java.util.concurrent.ThreadPoolExecutor.getTask(ThreadPoolExecutor.java:1074)&#10;        at java.util.concurrent.ThreadPoolExecutor.runWorker(ThreadPoolExecutor.java:1134)&#10;        at java.util.concurrent.ThreadPoolExecutor$Worker.run(ThreadPoolExecutor.java:624)&#10;        at java.lang.Thread.run(Thread.java:748)&#10;&quot;pool-110-thread-46&quot;  prio=5 tid=737 in Object.wait()&#10;java.lang.Thread.State: WAITING (on object monitor)&#10;        at sun.misc.Unsafe.park(Native Method)&#10;        at java.util.concurrent.locks.LockSupport.park(LockSupport.java:175)&#10;        at java.util.concurrent.locks.AbstractQueuedSynchronizer$ConditionObject.await(AbstractQueuedSynchronizer.java:2039)&#10;        at java.util.concurrent.ArrayBlockingQueue.take(ArrayBlockingQueue.java:403)&#10;        at java.util.concurrent.ThreadPoolExecutor.getTask(ThreadPoolExecutor.java:1074)&#10;        at java.util.concurrent.ThreadPoolExecutor.runWorker(ThreadPoolExecutor.java:1134)&#10;        at java.util.concurrent.ThreadPoolExecutor$Worker.run(ThreadPoolExecutor.java:624)&#10;        at java.lang.Thread.run(Thread.java:748)&#10;&quot;qtp1081635795-163&quot; daemon prio=5 tid=163 timed_waiting&#10;java.lang.Thread.State: TIMED_WAITING&#10;        at sun.misc.Unsafe.park(Native Method)&#10;        at java.util.concurrent.locks.LockSupport.parkNanos(LockSupport.java:215)&#10;        at java.util.concurrent.locks.AbstractQueuedSynchronizer$ConditionObject.awaitNanos(AbstractQueuedSynchronizer.java:2078)&#10;        at org.eclipse.jetty.util.BlockingArrayQueue.poll(BlockingArrayQueue.java:392)&#10;        at org.eclipse.jetty.util.thread.QueuedThreadPool.idleJobPoll(QueuedThreadPool.java:563)&#10;        at org.eclipse.jetty.util.thread.QueuedThreadPool.access$800(QueuedThreadPool.java:48)&#10;        at org.eclipse.jetty.util.thread.QueuedThreadPool$2.run(QueuedThreadPool.java:626)&#10;        at java.lang.Thread.run(Thread.java:748)&#10;&quot;pool-47-thread-41&quot;  prio=5 tid=552 in Object.wait()&#10;java.lang.Thread.State: WAITING (on object monitor)&#10;        at sun.misc.Unsafe.park(Native Method)&#10;        at java.util.concurrent.locks.LockSupport.park(LockSupport.java:175)&#10;        at java.util.concurrent.locks.AbstractQueuedSynchronizer$ConditionObject.await(AbstractQueuedSynchronizer.java:2039)&#10;        at java.util.concurrent.ArrayBlockingQueue.take(ArrayBlockingQueue.java:403)&#10;        at java.util.concurrent.ThreadPoolExecutor.getTask(ThreadPoolExecutor.java:1074)&#10;        at java.util.concurrent.ThreadPoolExecutor.runWorker(ThreadPoolExecutor.java:1134)&#10;        at java.util.concurrent.ThreadPoolExecutor$Worker.run(ThreadPoolExecutor.java:624)&#10;        at java.lang.Thread.run(Thread.java:748)&#10;&quot;pool-215-thread-34&quot;  prio=5 tid=1025 in Object.wait()&#10;java.lang.Thread.State: WAITING (on object monitor)&#10;        at sun.misc.Unsafe.park(Native Method)&#10;        at java.util.concurrent.locks.LockSupport.park(LockSupport.java:175)&#10;        at java.util.concurrent.locks.AbstractQueuedSynchronizer$ConditionObject.await(AbstractQueuedSynchronizer.java:2039)&#10;        at java.util.concurrent.ArrayBlockingQueue.take(ArrayBlockingQueue.java:403)&#10;        at java.util.concurrent.ThreadPoolExecutor.getTask(ThreadPoolExecutor.java:1074)&#10;        at java.util.concurrent.ThreadPoolExecutor.runWorker(ThreadPoolExecutor.java:1134)&#10;        at java.util.concurrent.ThreadPoolExecutor$Worker.run(ThreadPoolExecutor.java:624)&#10;        at java.lang.Thread.run(Thread.java:748)&#10;&quot;pool-173-thread-41&quot;  prio=5 tid=912 in Object.wait()&#10;java.lang.Thread.State: WAITING (on object monitor)&#10;        at sun.misc.Unsafe.park(Native Method)&#10;        at java.util.concurrent.locks.LockSupport.park(LockSupport.java:175)&#10;        at java.util.concurrent.locks.AbstractQueuedSynchronizer$ConditionObject.await(AbstractQueuedSynchronizer.java:2039)&#10;        at java.util.concurrent.ArrayBlockingQueue.take(ArrayBlockingQueue.java:403)&#10;        at java.util.concurrent.ThreadPoolExecutor.getTask(ThreadPoolExecutor.java:1074)&#10;        at java.util.concurrent.ThreadPoolExecutor.runWorker(ThreadPoolExecutor.java:1134)&#10;        at java.util.concurrent.ThreadPoolExecutor$Worker.run(ThreadPoolExecutor.java:624)&#10;        at java.lang.Thread.run(Thread.java:748)&#10;&quot;pool-173-thread-54&quot;  prio=5 tid=925 in Object.wait()&#10;java.lang.Thread.State: WAITING (on object monitor)&#10;        at sun.misc.Unsafe.park(Native Method)&#10;        at java.util.concurrent.locks.LockSupport.park(LockSupport.java:175)&#10;        at java.util.concurrent.locks.AbstractQueuedSynchronizer$ConditionObject.await(AbstractQueuedSynchronizer.java:2039)&#10;        at java.util.concurrent.ArrayBlockingQueue.take(ArrayBlockingQueue.java:403)&#10;        at java.util.concurrent.ThreadPoolExecutor.getTask(ThreadPoolExecutor.java:1074)&#10;        at java.util.concurrent.ThreadPoolExecutor.runWorker(ThreadPoolExecutor.java:1134)&#10;        at java.util.concurrent.ThreadPoolExecutor$Worker.run(ThreadPoolExecutor.java:624)&#10;        at java.lang.Thread.run(Thread.java:748)&#10;&quot;pool-26-thread-56&quot;  prio=5 tid=506 in Object.wait()&#10;java.lang.Thread.State: WAITING (on object monitor)&#10;        at sun.misc.Unsafe.park(Native Method)&#10;        at java.util.concurrent.locks.LockSupport.park(LockSupport.java:175)&#10;        at java.util.concurrent.locks.AbstractQueuedSynchronizer$ConditionObject.await(AbstractQueuedSynchronizer.java:2039)&#10;        at java.util.concurrent.ArrayBlockingQueue.take(ArrayBlockingQueue.java:403)&#10;        at java.util.concurrent.ThreadPoolExecutor.getTask(ThreadPoolExecutor.java:1074)&#10;        at java.util.concurrent.ThreadPoolExecutor.runWorker(ThreadPoolExecutor.java:1134)&#10;        at java.util.concurrent.ThreadPoolExecutor$Worker.run(ThreadPoolExecutor.java:624)&#10;        at java.lang.Thread.run(Thread.java:748)&#10;&quot;qtp1866002564-286&quot; daemon prio=5 tid=286 timed_waiting&#10;java.lang.Thread.State: TIMED_WAITING&#10;        at sun.misc.Unsafe.park(Native Method)&#10;        at java.util.concurrent.locks.LockSupport.parkNanos(LockSupport.java:215)&#10;        at java.util.concurrent.locks.AbstractQueuedSynchronizer$ConditionObject.awaitNanos(AbstractQueuedSynchronizer.java:2078)&#10;        at org.eclipse.jetty.util.BlockingArrayQueue.poll(BlockingArrayQueue.java:392)&#10;        at org.eclipse.jetty.util.thread.QueuedThreadPool.idleJobPoll(QueuedThreadPool.java:563)&#10;        at org.eclipse.jetty.util.thread.QueuedThreadPool.access$800(QueuedThreadPool.java:48)&#10;        at org.eclipse.jetty.util.thread.QueuedThreadPool$2.run(QueuedThreadPool.java:626)&#10;        at java.lang.Thread.run(Thread.java:748)&#10;&quot;pool-110-thread-54&quot;  prio=5 tid=745 in Object.wait()&#10;java.lang.Thread.State: WAITING (on object monitor)&#10;        at sun.misc.Unsafe.park(Native Method)&#10;        at java.util.concurrent.locks.LockSupport.park(LockSupport.java:175)&#10;        at java.util.concurrent.locks.AbstractQueuedSynchronizer$ConditionObject.await(AbstractQueuedSynchronizer.java:2039)&#10;        at java.util.concurrent.ArrayBlockingQueue.take(ArrayBlockingQueue.java:403)&#10;        at java.util.concurrent.ThreadPoolExecutor.getTask(ThreadPoolExecutor.java:1074)&#10;        at java.util.concurrent.ThreadPoolExecutor.runWorker(ThreadPoolExecutor.java:1134)&#10;        at java.util.concurrent.ThreadPoolExecutor$Worker.run(ThreadPoolExecutor.java:624)&#10;        at java.lang.Thread.run(Thread.java:748)&#10;&quot;pool-110-thread-25&quot;  prio=5 tid=716 in Object.wait()&#10;java.lang.Thread.State: WAITING (on object monitor)&#10;        at sun.misc.Unsafe.park(Native Method)&#10;        at java.util.concurrent.locks.LockSupport.park(LockSupport.java:175)&#10;        at java.util.concurrent.locks.AbstractQueuedSynchronizer$ConditionObject.await(AbstractQueuedSynchronizer.java:2039)&#10;        at java.util.concurrent.ArrayBlockingQueue.take(ArrayBlockingQueue.java:403)&#10;        at java.util.concurrent.ThreadPoolExecutor.getTask(ThreadPoolExecutor.java:1074)&#10;        at java.util.concurrent.ThreadPoolExecutor.runWorker(ThreadPoolExecutor.java:1134)&#10;        at java.util.concurrent.ThreadPoolExecutor$Worker.run(ThreadPoolExecutor.java:624)&#10;        at java.lang.Thread.run(Thread.java:748)&#10;&quot;pool-173-thread-35&quot;  prio=5 tid=906 in Object.wait()&#10;java.lang.Thread.State: WAITING (on object monitor)&#10;        at sun.misc.Unsafe.park(Native Method)&#10;        at java.util.concurrent.locks.LockSupport.park(LockSupport.java:175)&#10;        at java.util.concurrent.locks.AbstractQueuedSynchronizer$ConditionObject.await(AbstractQueuedSynchronizer.java:2039)&#10;        at java.util.concurrent.ArrayBlockingQueue.take(ArrayBlockingQueue.java:403)&#10;        at java.util.concurrent.ThreadPoolExecutor.getTask(ThreadPoolExecutor.java:1074)&#10;        at java.util.concurrent.ThreadPoolExecutor.runWorker(ThreadPoolExecutor.java:1134)&#10;        at java.util.concurrent.ThreadPoolExecutor$Worker.run(ThreadPoolExecutor.java:624)&#10;        at java.lang.Thread.run(Thread.java:748)&#10;&quot;IPC Server listener on 38877&quot; daemon prio=5 tid=106 runnable&#10;java.lang.Thread.State: RUNNABLE&#10;        at sun.nio.ch.EPollArrayWrapper.epollWait(Native Method)&#10;        at sun.nio.ch.EPollArrayWrapper.poll(EPollArrayWrapper.java:269)&#10;        at sun.nio.ch.EPollSelectorImpl.doSelect(EPollSelectorImpl.java:93)&#10;        at sun.nio.ch.SelectorImpl.lockAndDoSelect(SelectorImpl.java:86)&#10;        at sun.nio.ch.SelectorImpl.select(SelectorImpl.java:97)&#10;        at sun.nio.ch.SelectorImpl.select(SelectorImpl.java:101)&#10;        at org.apache.hadoop.ipc.Server$Listener.run(Server.java:1159)&#10;&quot;qtp197855654-141&quot; daemon prio=5 tid=141 timed_waiting&#10;java.lang.Thread.State: TIMED_WAITING&#10;        at sun.misc.Unsafe.park(Native Method)&#10;        at java.util.concurrent.locks.LockSupport.parkNanos(LockSupport.java:215)&#10;        at java.util.concurrent.locks.AbstractQueuedSynchronizer$ConditionObject.awaitNanos(AbstractQueuedSynchronizer.java:2078)&#10;        at org.eclipse.jetty.util.BlockingArrayQueue.poll(BlockingArrayQueue.java:392)&#10;        at org.eclipse.jetty.util.thread.QueuedThreadPool.idleJobPoll(QueuedThreadPool.java:563)&#10;        at org.eclipse.jetty.util.thread.QueuedThreadPool.access$800(QueuedThreadPool.java:48)&#10;        at org.eclipse.jetty.util.thread.QueuedThreadPool$2.run(QueuedThreadPool.java:626)&#10;        at java.lang.Thread.run(Thread.java:748)&#10;&quot;pool-194-thread-50&quot;  prio=5 tid=981 in Object.wait()&#10;java.lang.Thread.State: WAITING (on object monitor)&#10;        at sun.misc.Unsafe.park(Native Method)&#10;        at java.util.concurrent.locks.LockSupport.park(LockSupport.java:175)&#10;        at java.util.concurrent.locks.AbstractQueuedSynchronizer$ConditionObject.await(AbstractQueuedSynchronizer.java:2039)&#10;        at java.util.concurrent.ArrayBlockingQueue.take(ArrayBlockingQueue.java:403)&#10;        at java.util.concurrent.ThreadPoolExecutor.getTask(ThreadPoolExecutor.java:1074)&#10;        at java.util.concurrent.ThreadPoolExecutor.runWorker(ThreadPoolExecutor.java:1134)&#10;        at java.util.concurrent.ThreadPoolExecutor$Worker.run(ThreadPoolExecutor.java:624)&#10;        at java.lang.Thread.run(Thread.java:748)&#10;&quot;pool-194-thread-49&quot;  prio=5 tid=980 in Object.wait()&#10;java.lang.Thread.State: WAITING (on object monitor)&#10;        at sun.misc.Unsafe.park(Native Method)&#10;        at java.util.concurrent.locks.LockSupport.park(LockSupport.java:175)&#10;        at java.util.concurrent.locks.AbstractQueuedSynchronizer$ConditionObject.await(AbstractQueuedSynchronizer.java:2039)&#10;        at java.util.concurrent.ArrayBlockingQueue.take(ArrayBlockingQueue.java:403)&#10;        at java.util.concurrent.ThreadPoolExecutor.getTask(ThreadPoolExecutor.java:1074)&#10;        at java.util.concurrent.ThreadPoolExecutor.runWorker(ThreadPoolExecutor.java:1134)&#10;        at java.util.concurrent.ThreadPoolExecutor$Worker.run(ThreadPoolExecutor.java:624)&#10;        at java.lang.Thread.run(Thread.java:748)&#10;&quot;pool-131-thread-54&quot;  prio=5 tid=805 in Object.wait()&#10;java.lang.Thread.State: WAITING (on object monitor)&#10;        at sun.misc.Unsafe.park(Native Method)&#10;        at java.util.concurrent.locks.LockSupport.park(LockSupport.java:175)&#10;        at java.util.concurrent.locks.AbstractQueuedSynchronizer$ConditionObject.await(AbstractQueuedSynchronizer.java:2039)&#10;        at java.util.concurrent.ArrayBlockingQueue.take(ArrayBlockingQueue.java:403)&#10;        at java.util.concurrent.ThreadPoolExecutor.getTask(ThreadPoolExecutor.java:1074)&#10;        at java.util.concurrent.ThreadPoolExecutor.runWorker(ThreadPoolExecutor.java:1134)&#10;        at java.util.concurrent.ThreadPoolExecutor$Worker.run(ThreadPoolExecutor.java:624)&#10;        at java.lang.Thread.run(Thread.java:748)&#10;&quot;pool-215-thread-22&quot;  prio=5 tid=1013 in Object.wait()&#10;java.lang.Thread.State: WAITING (on object monitor)&#10;        at sun.misc.Unsafe.park(Native Method)&#10;        at java.util.concurrent.locks.LockSupport.park(LockSupport.java:175)&#10;        at java.util.concurrent.locks.AbstractQueuedSynchronizer$ConditionObject.await(AbstractQueuedSynchronizer.java:2039)&#10;        at java.util.concurrent.ArrayBlockingQueue.take(ArrayBlockingQueue.java:403)&#10;        at java.util.concurrent.ThreadPoolExecutor.getTask(ThreadPoolExecutor.java:1074)&#10;        at java.util.concurrent.ThreadPoolExecutor.runWorker(ThreadPoolExecutor.java:1134)&#10;        at java.util.concurrent.ThreadPoolExecutor$Worker.run(ThreadPoolExecutor.java:624)&#10;        at java.lang.Thread.run(Thread.java:748)&#10;&quot;org.apache.hadoop.util.JvmPauseMonitor$Monitor@2d8f3479&quot; daemon prio=5 tid=419 timed_waiting&#10;java.lang.Thread.State: TIMED_WAITING&#10;        at java.lang.Thread.sleep(Native Method)&#10;        at org.apache.hadoop.util.JvmPauseMonitor$Monitor.run(JvmPauseMonitor.java:192)&#10;        at java.lang.Thread.run(Thread.java:748)&#10;&quot;pool-152-thread-58&quot;  prio=5 tid=869 in Object.wait()&#10;java.lang.Thread.State: WAITING (on object monitor)&#10;        at sun.misc.Unsafe.park(Native Method)&#10;        at java.util.concurrent.locks.LockSupport.park(LockSupport.java:175)&#10;        at java.util.concurrent.locks.AbstractQueuedSynchronizer$ConditionObject.await(AbstractQueuedSynchronizer.java:2039)&#10;        at java.util.concurrent.ArrayBlockingQueue.take(ArrayBlockingQueue.java:403)&#10;        at java.util.concurrent.ThreadPoolExecutor.getTask(ThreadPoolExecutor.java:1074)&#10;        at java.util.concurrent.ThreadPoolExecutor.runWorker(ThreadPoolExecutor.java:1134)&#10;        at java.util.concurrent.ThreadPoolExecutor$Worker.run(ThreadPoolExecutor.java:624)&#10;        at java.lang.Thread.run(Thread.java:748)&#10;&quot;pool-47-thread-44&quot;  prio=5 tid=555 in Object.wait()&#10;java.lang.Thread.State: WAITING (on object monitor)&#10;        at sun.misc.Unsafe.park(Native Method)&#10;        at java.util.concurrent.locks.LockSupport.park(LockSupport.java:175)&#10;        at java.util.concurrent.locks.AbstractQueuedSynchronizer$ConditionObject.await(AbstractQueuedSynchronizer.java:2039)&#10;        at java.util.concurrent.ArrayBlockingQueue.take(ArrayBlockingQueue.java:403)&#10;        at java.util.concurrent.ThreadPoolExecutor.getTask(ThreadPoolExecutor.java:1074)&#10;        at java.util.concurrent.ThreadPoolExecutor.runWorker(ThreadPoolExecutor.java:1134)&#10;        at java.util.concurrent.ThreadPoolExecutor$Worker.run(ThreadPoolExecutor.java:624)&#10;        at java.lang.Thread.run(Thread.java:748)&#10;&quot;org.eclipse.jetty.server.session.HashSessionManager@26b3c9a2Timer&quot; daemon prio=5 tid=320 timed_waiting&#10;java.lang.Thread.State: TIMED_WAITING&#10;        at sun.misc.Unsafe.park(Native Method)&#10;        at java.util.concurrent.locks.LockSupport.parkNanos(LockSupport.java:215)&#10;        at java.util.concurrent.locks.AbstractQueuedSynchronizer$ConditionObject.awaitNanos(AbstractQueuedSynchronizer.java:2078)&#10;        at java.util.concurrent.ScheduledThreadPoolExecutor$DelayedWorkQueue.take(ScheduledThreadPoolExecutor.java:1093)&#10;        at java.util.concurrent.ScheduledThreadPoolExecutor$DelayedWorkQueue.take(ScheduledThreadPoolExecutor.java:809)&#10;        at java.util.concurrent.ThreadPoolExecutor.getTask(ThreadPoolExecutor.java:1074)&#10;        at java.util.concurrent.ThreadPoolExecutor.runWorker(ThreadPoolExecutor.java:1134)&#10;        at java.util.concurrent.ThreadPoolExecutor$Worker.run(ThreadPoolExecutor.java:624)&#10;        at java.lang.Thread.run(Thread.java:748)&#10;&quot;pool-26-thread-14&quot;  prio=5 tid=464 in Object.wait()&#10;java.lang.Thread.State: WAITING (on object monitor)&#10;        at sun.misc.Unsafe.park(Native Method)&#10;        at java.util.concurrent.locks.LockSupport.park(LockSupport.java:175)&#10;        at java.util.concurrent.locks.AbstractQueuedSynchronizer$ConditionObject.await(AbstractQueuedSynchronizer.java:2039)&#10;        at java.util.concurrent.ArrayBlockingQueue.take(ArrayBlockingQueue.java:403)&#10;        at java.util.concurrent.ThreadPoolExecutor.getTask(ThreadPoolExecutor.java:1074)&#10;        at java.util.concurrent.ThreadPoolExecutor.runWorker(ThreadPoolExecutor.java:1134)&#10;        at java.util.concurrent.ThreadPoolExecutor$Worker.run(ThreadPoolExecutor.java:624)&#10;        at java.lang.Thread.run(Thread.java:748)&#10;&quot;StateMachineUpdater-7e110c32-16c6-4157-bc33-575ee617fed4-group-D1856886D9E8&quot; daemon prio=5 tid=1108 in Object.wait()&#10;java.lang.Thread.State: WAITING (on object monitor)&#10;        at java.lang.Object.wait(Native Method)&#10;        at java.lang.Object.wait(Object.java:502)&#10;        at org.apache.ratis.server.impl.StateMachineUpdater.run(StateMachineUpdater.java:138)&#10;        at java.lang.Thread.run(Thread.java:748)&#10;&quot;pool-110-thread-14&quot;  prio=5 tid=705 in Object.wait()&#10;java.lang.Thread.State: WAITING (on object monitor)&#10;        at sun.misc.Unsafe.park(Native Method)&#10;        at java.util.concurrent.locks.LockSupport.park(LockSupport.java:175)&#10;        at java.util.concurrent.locks.AbstractQueuedSynchronizer$ConditionObject.await(AbstractQueuedSynchronizer.java:2039)&#10;        at java.util.concurrent.ArrayBlockingQueue.take(ArrayBlockingQueue.java:403)&#10;        at java.util.concurrent.ThreadPoolExecutor.getTask(ThreadPoolExecutor.java:1074)&#10;        at java.util.concurrent.ThreadPoolExecutor.runWorker(ThreadPoolExecutor.java:1134)&#10;        at java.util.concurrent.ThreadPoolExecutor$Worker.run(ThreadPoolExecutor.java:624)&#10;        at java.lang.Thread.run(Thread.java:748)&#10;&quot;pool-110-thread-15&quot;  prio=5 tid=706 in Object.wait()&#10;java.lang.Thread.State: WAITING (on object monitor)&#10;        at sun.misc.Unsafe.park(Native Method)&#10;        at java.util.concurrent.locks.LockSupport.park(LockSupport.java:175)&#10;        at java.util.concurrent.locks.AbstractQueuedSynchronizer$ConditionObject.await(AbstractQueuedSynchronizer.java:2039)&#10;        at java.util.concurrent.ArrayBlockingQueue.take(ArrayBlockingQueue.java:403)&#10;        at java.util.concurrent.ThreadPoolExecutor.getTask(ThreadPoolExecutor.java:1074)&#10;        at java.util.concurrent.ThreadPoolExecutor.runWorker(ThreadPoolExecutor.java:1134)&#10;        at java.util.concurrent.ThreadPoolExecutor$Worker.run(ThreadPoolExecutor.java:624)&#10;        at java.lang.Thread.run(Thread.java:748)&#10;&quot;nioEventLoopGroup-12-1&quot;  prio=10 tid=321 runnable&#10;java.lang.Thread.State: RUNNABLE&#10;        at sun.nio.ch.EPollArrayWrapper.epollWait(Native Method)&#10;        at sun.nio.ch.EPollArrayWrapper.poll(EPollArrayWrapper.java:269)&#10;        at sun.nio.ch.EPollSelectorImpl.doSelect(EPollSelectorImpl.java:93)&#10;        at sun.nio.ch.SelectorImpl.lockAndDoSelect(SelectorImpl.java:86)&#10;        at sun.nio.ch.SelectorImpl.select(SelectorImpl.java:97)&#10;        at io.netty.channel.nio.SelectedSelectionKeySetSelector.select(SelectedSelectionKeySetSelector.java:62)&#10;        at io.netty.channel.nio.NioEventLoop.select(NioEventLoop.java:753)&#10;        at io.netty.channel.nio.NioEventLoop.run(NioEventLoop.java:408)&#10;        at io.netty.util.concurrent.SingleThreadEventExecutor$5.run(SingleThreadEventExecutor.java:897)&#10;        at io.netty.util.concurrent.FastThreadLocalRunnable.run(FastThreadLocalRunnable.java:30)&#10;        at java.lang.Thread.run(Thread.java:748)&#10;&quot;qtp608414678-220&quot; daemon prio=5 tid=220 runnable&#10;java.lang.Thread.State: RUNNABLE&#10;        at sun.nio.ch.EPollArrayWrapper.epollWait(Native Method)&#10;        at sun.nio.ch.EPollArrayWrapper.poll(EPollArrayWrapper.java:269)&#10;        at sun.nio.ch.EPollSelectorImpl.doSelect(EPollSelectorImpl.java:93)&#10;        at sun.nio.ch.SelectorImpl.lockAndDoSelect(SelectorImpl.java:86)&#10;        at sun.nio.ch.SelectorImpl.select(SelectorImpl.java:97)&#10;        at sun.nio.ch.SelectorImpl.select(SelectorImpl.java:101)&#10;        at org.eclipse.jetty.io.ManagedSelector$SelectorProducer.select(ManagedSelector.java:243)&#10;        at org.eclipse.jetty.io.ManagedSelector$SelectorProducer.produce(ManagedSelector.java:191)&#10;        at org.eclipse.jetty.util.thread.strategy.ExecuteProduceConsume.executeProduceConsume(ExecuteProduceConsume.java:249)&#10;        at org.eclipse.jetty.util.thread.strategy.ExecuteProduceConsume.produceConsume(ExecuteProduceConsume.java:148)&#10;        at org.eclipse.jetty.util.thread.strategy.ExecuteProduceConsume.execute(ExecuteProduceConsume.java:100)&#10;        at org.eclipse.jetty.io.ManagedSelector.run(ManagedSelector.java:147)&#10;        at org.eclipse.jetty.util.thread.QueuedThreadPool.runJob(QueuedThreadPool.java:671)&#10;        at org.eclipse.jetty.util.thread.QueuedThreadPool$2.run(QueuedThreadPool.java:589)&#10;        at java.lang.Thread.run(Thread.java:748)&#10;&quot;pool-131-thread-2&quot;  prio=5 tid=753 in Object.wait()&#10;java.lang.Thread.State: WAITING (on object monitor)&#10;        at sun.misc.Unsafe.park(Native Method)&#10;        at java.util.concurrent.locks.LockSupport.park(LockSupport.java:175)&#10;        at java.util.concurrent.locks.AbstractQueuedSynchronizer$ConditionObject.await(AbstractQueuedSynchronizer.java:2039)&#10;        at java.util.concurrent.ArrayBlockingQueue.take(ArrayBlockingQueue.java:403)&#10;        at java.util.concurrent.ThreadPoolExecutor.getTask(ThreadPoolExecutor.java:1074)&#10;        at java.util.concurrent.ThreadPoolExecutor.runWorker(ThreadPoolExecutor.java:1134)&#10;        at java.util.concurrent.ThreadPoolExecutor$Worker.run(ThreadPoolExecutor.java:624)&#10;        at java.lang.Thread.run(Thread.java:748)&#10;&quot;Datanode State Machine Thread - 0&quot; daemon prio=5 tid=292 timed_waiting&#10;java.lang.Thread.State: TIMED_WAITING&#10;        at java.lang.Thread.sleep(Native Method)&#10;        at org.apache.hadoop.ozone.container.common.statemachine.DatanodeStateMachine.start(DatanodeStateMachine.java:191)&#10;        at org.apache.hadoop.ozone.container.common.statemachine.DatanodeStateMachine.lambda$startDaemon$0(DatanodeStateMachine.java:349)&#10;        at org.apache.hadoop.ozone.container.common.statemachine.DatanodeStateMachine$$Lambda$139/1610803524.run(Unknown Source)&#10;        at java.lang.Thread.run(Thread.java:748)&#10;&quot;org.apache.hadoop.util.JvmPauseMonitor$Monitor@2897bb03&quot; daemon prio=5 tid=210 timed_waiting&#10;java.lang.Thread.State: TIMED_WAITING&#10;        at java.lang.Thread.sleep(Native Method)&#10;        at org.apache.hadoop.util.JvmPauseMonitor$Monitor.run(JvmPauseMonitor.java:192)&#10;        at java.lang.Thread.run(Thread.java:748)&#10;&quot;pool-110-thread-42&quot;  prio=5 tid=733 in Object.wait()&#10;java.lang.Thread.State: WAITING (on object monitor)&#10;        at sun.misc.Unsafe.park(Native Method)&#10;        at java.util.concurrent.locks.LockSupport.park(LockSupport.java:175)&#10;        at java.util.concurrent.locks.AbstractQueuedSynchronizer$ConditionObject.await(AbstractQueuedSynchronizer.java:2039)&#10;        at java.util.concurrent.ArrayBlockingQueue.take(ArrayBlockingQueue.java:403)&#10;        at java.util.concurrent.ThreadPoolExecutor.getTask(ThreadPoolExecutor.java:1074)&#10;        at java.util.concurrent.ThreadPoolExecutor.runWorker(ThreadPoolExecutor.java:1134)&#10;        at java.util.concurrent.ThreadPoolExecutor$Worker.run(ThreadPoolExecutor.java:624)&#10;        at java.lang.Thread.run(Thread.java:748)&#10;&quot;qtp838812606-97&quot; daemon prio=5 tid=97 timed_waiting&#10;java.lang.Thread.State: TIMED_WAITING&#10;        at sun.misc.Unsafe.park(Native Method)&#10;        at java.util.concurrent.locks.LockSupport.parkNanos(LockSupport.java:215)&#10;        at java.util.concurrent.locks.AbstractQueuedSynchronizer$ConditionObject.awaitNanos(AbstractQueuedSynchronizer.java:2078)&#10;        at org.eclipse.jetty.util.BlockingArrayQueue.poll(BlockingArrayQueue.java:392)&#10;        at org.eclipse.jetty.util.thread.QueuedThreadPool.idleJobPoll(QueuedThreadPool.java:563)&#10;        at org.eclipse.jetty.util.thread.QueuedThreadPool.access$800(QueuedThreadPool.java:48)&#10;        at org.eclipse.jetty.util.thread.QueuedThreadPool$2.run(QueuedThreadPool.java:626)&#10;        at java.lang.Thread.run(Thread.java:748)&#10;&quot;pool-131-thread-55&quot;  prio=5 tid=806 in Object.wait()&#10;java.lang.Thread.State: WAITING (on object monitor)&#10;        at sun.misc.Unsafe.park(Native Method)&#10;        at java.util.concurrent.locks.LockSupport.park(LockSupport.java:175)&#10;        at java.util.concurrent.locks.AbstractQueuedSynchronizer$ConditionObject.await(AbstractQueuedSynchronizer.java:2039)&#10;        at java.util.concurrent.ArrayBlockingQueue.take(ArrayBlockingQueue.java:403)&#10;        at java.util.concurrent.ThreadPoolExecutor.getTask(ThreadPoolExecutor.java:1074)&#10;        at java.util.concurrent.ThreadPoolExecutor.runWorker(ThreadPoolExecutor.java:1134)&#10;        at java.util.concurrent.ThreadPoolExecutor$Worker.run(ThreadPoolExecutor.java:624)&#10;        at java.lang.Thread.run(Thread.java:748)&#10;&quot;Periodic HDDS volume checker&quot;  prio=5 tid=207 timed_waiting&#10;java.lang.Thread.State: TIMED_WAITING&#10;        at sun.misc.Unsafe.park(Native Method)&#10;        at java.util.concurrent.locks.LockSupport.parkNanos(LockSupport.java:215)&#10;        at java.util.concurrent.locks.AbstractQueuedSynchronizer$ConditionObject.awaitNanos(AbstractQueuedSynchronizer.java:2078)&#10;        at java.util.concurrent.ScheduledThreadPoolExecutor$DelayedWorkQueue.take(ScheduledThreadPoolExecutor.java:1093)&#10;        at java.util.concurrent.ScheduledThreadPoolExecutor$DelayedWorkQueue.take(ScheduledThreadPoolExecutor.java:809)&#10;        at java.util.concurrent.ThreadPoolExecutor.getTask(ThreadPoolExecutor.java:1074)&#10;        at java.util.concurrent.ThreadPoolExecutor.runWorker(ThreadPoolExecutor.java:1134)&#10;        at java.util.concurrent.ThreadPoolExecutor$Worker.run(ThreadPoolExecutor.java:624)&#10;        at java.lang.Thread.run(Thread.java:748)&#10;&quot;IPC Server handler 9 on 38877&quot; daemon prio=5 tid=123 timed_waiting&#10;java.lang.Thread.State: TIMED_WAITING&#10;        at sun.misc.Unsafe.park(Native Method)&#10;        at java.util.concurrent.locks.LockSupport.parkNanos(LockSupport.java:215)&#10;        at java.util.concurrent.locks.AbstractQueuedSynchronizer$ConditionObject.awaitNanos(AbstractQueuedSynchronizer.java:2078)&#10;        at java.util.concurrent.LinkedBlockingQueue.poll(LinkedBlockingQueue.java:467)&#10;        at org.apache.hadoop.ipc.CallQueueManager.take(CallQueueManager.java:288)&#10;        at org.apache.hadoop.ipc.Server$Handler.run(Server.java:2668)&#10;&quot;org.eclipse.jetty.server.session.HashSessionManager@37cfda1cTimer&quot; daemon prio=5 tid=439 timed_waiting&#10;java.lang.Thread.State: TIMED_WAITING&#10;        at sun.misc.Unsafe.park(Native Method)&#10;        at java.util.concurrent.locks.LockSupport.parkNanos(LockSupport.java:215)&#10;        at java.util.concurrent.locks.AbstractQueuedSynchronizer$ConditionObject.awaitNanos(AbstractQueuedSynchronizer.java:2078)&#10;        at java.util.concurrent.ScheduledThreadPoolExecutor$DelayedWorkQueue.take(ScheduledThreadPoolExecutor.java:1093)&#10;        at java.util.concurrent.ScheduledThreadPoolExecutor$DelayedWorkQueue.take(ScheduledThreadPoolExecutor.java:809)&#10;        at java.util.concurrent.ThreadPoolExecutor.getTask(ThreadPoolExecutor.java:1074)&#10;        at java.util.concurrent.ThreadPoolExecutor.runWorker(ThreadPoolExecutor.java:1134)&#10;        at java.util.concurrent.ThreadPoolExecutor$Worker.run(ThreadPoolExecutor.java:624)&#10;        at java.lang.Thread.run(Thread.java:748)&#10;&quot;Command processor thread&quot; daemon prio=5 tid=329 timed_waiting&#10;java.lang.Thread.State: TIMED_WAITING&#10;        at java.lang.Thread.sleep(Native Method)&#10;        at org.apache.hadoop.ozone.container.common.statemachine.DatanodeStateMachine.lambda$initCommandHandlerThread$1(DatanodeStateMachine.java:439)&#10;        at org.apache.hadoop.ozone.container.common.statemachine.DatanodeStateMachine$$Lambda$140/804134309.run(Unknown Source)&#10;        at java.lang.Thread.run(Thread.java:748)&#10;&quot;pool-215-thread-57&quot;  prio=5 tid=1048 in Object.wait()&#10;java.lang.Thread.State: WAITING (on object monitor)&#10;        at sun.misc.Unsafe.park(Native Method)&#10;        at java.util.concurrent.locks.LockSupport.park(LockSupport.java:175)&#10;        at java.util.concurrent.locks.AbstractQueuedSynchronizer$ConditionObject.await(AbstractQueuedSynchronizer.java:2039)&#10;        at java.util.concurrent.ArrayBlockingQueue.take(ArrayBlockingQueue.java:403)&#10;        at java.util.concurrent.ThreadPoolExecutor.getTask(ThreadPoolExecutor.java:1074)&#10;        at java.util.concurrent.ThreadPoolExecutor.runWorker(ThreadPoolExecutor.java:1134)&#10;        at java.util.concurrent.ThreadPoolExecutor$Worker.run(ThreadPoolExecutor.java:624)&#10;        at java.lang.Thread.run(Thread.java:748)&#10;&quot;IPC Server handler 8 on 46447&quot; daemon prio=5 tid=58 timed_waiting&#10;java.lang.Thread.State: TIMED_WAITING&#10;        at sun.misc.Unsafe.park(Native Method)&#10;        at java.util.concurrent.locks.LockSupport.parkNanos(LockSupport.java:215)&#10;        at java.util.concurrent.locks.AbstractQueuedSynchronizer$ConditionObject.awaitNanos(AbstractQueuedSynchronizer.java:2078)&#10;        at java.util.concurrent.LinkedBlockingQueue.poll(LinkedBlockingQueue.java:467)&#10;        at org.apache.hadoop.ipc.CallQueueManager.take(CallQueueManager.java:288)&#10;        at org.apache.hadoop.ipc.Server$Handler.run(Server.java:2668)&#10;&quot;pool-173-thread-27&quot;  prio=5 tid=898 in Object.wait()&#10;java.lang.Thread.State: WAITING (on object monitor)&#10;        at sun.misc.Unsafe.park(Native Method)&#10;        at java.util.concurrent.locks.LockSupport.park(LockSupport.java:175)&#10;        at java.util.concurrent.locks.AbstractQueuedSynchronizer$ConditionObject.await(AbstractQueuedSynchronizer.java:2039)&#10;        at java.util.concurrent.ArrayBlockingQueue.take(ArrayBlockingQueue.java:403)&#10;        at java.util.concurrent.ThreadPoolExecutor.getTask(ThreadPoolExecutor.java:1074)&#10;        at java.util.concurrent.ThreadPoolExecutor.runWorker(ThreadPoolExecutor.java:1134)&#10;        at java.util.concurrent.ThreadPoolExecutor$Worker.run(ThreadPoolExecutor.java:624)&#10;        at java.lang.Thread.run(Thread.java:748)&#10;&quot;IPC Server handler 7 on 33779&quot; daemon prio=5 tid=77 timed_waiting&#10;java.lang.Thread.State: TIMED_WAITING&#10;        at sun.misc.Unsafe.park(Native Method)&#10;        at java.util.concurrent.locks.LockSupport.parkNanos(LockSupport.java:215)&#10;        at java.util.concurrent.locks.AbstractQueuedSynchronizer$ConditionObject.awaitNanos(AbstractQueuedSynchronizer.java:2078)&#10;        at java.util.concurrent.LinkedBlockingQueue.poll(LinkedBlockingQueue.java:467)&#10;        at org.apache.hadoop.ipc.CallQueueManager.take(CallQueueManager.java:288)&#10;        at org.apache.hadoop.ipc.Server$Handler.run(Server.java:2668)&#10;&quot;pool-89-thread-58&quot;  prio=5 tid=689 in Object.wait()&#10;java.lang.Thread.State: WAITING (on object monitor)&#10;        at sun.misc.Unsafe.park(Native Method)&#10;        at java.util.concurrent.locks.LockSupport.park(LockSupport.java:175)&#10;        at java.util.concurrent.locks.AbstractQueuedSynchronizer$ConditionObject.await(AbstractQueuedSynchronizer.java:2039)&#10;        at java.util.concurrent.ArrayBlockingQueue.take(ArrayBlockingQueue.java:403)&#10;        at java.util.concurrent.ThreadPoolExecutor.getTask(ThreadPoolExecutor.java:1074)&#10;        at java.util.concurrent.ThreadPoolExecutor.runWorker(ThreadPoolExecutor.java:1134)&#10;        at java.util.concurrent.ThreadPoolExecutor$Worker.run(ThreadPoolExecutor.java:624)&#10;        at java.lang.Thread.run(Thread.java:748)&#10;&quot;pool-173-thread-11&quot;  prio=5 tid=882 in Object.wait()&#10;java.lang.Thread.State: WAITING (on object monitor)&#10;        at sun.misc.Unsafe.park(Native Method)&#10;        at java.util.concurrent.locks.LockSupport.park(LockSupport.java:175)&#10;        at java.util.concurrent.locks.AbstractQueuedSynchronizer$ConditionObject.await(AbstractQueuedSynchronizer.java:2039)&#10;        at java.util.concurrent.ArrayBlockingQueue.take(ArrayBlockingQueue.java:403)&#10;        at java.util.concurrent.ThreadPoolExecutor.getTask(ThreadPoolExecutor.java:1074)&#10;        at java.util.concurrent.ThreadPoolExecutor.runWorker(ThreadPoolExecutor.java:1134)&#10;        at java.util.concurrent.ThreadPoolExecutor$Worker.run(ThreadPoolExecutor.java:624)&#10;        at java.lang.Thread.run(Thread.java:748)&#10;&quot;pool-173-thread-29&quot;  prio=5 tid=900 in Object.wait()&#10;java.lang.Thread.State: WAITING (on object monitor)&#10;        at sun.misc.Unsafe.park(Native Method)&#10;        at java.util.concurrent.locks.LockSupport.park(LockSupport.java:175)&#10;        at java.util.concurrent.locks.AbstractQueuedSynchronizer$ConditionObject.await(AbstractQueuedSynchronizer.java:2039)&#10;        at java.util.concurrent.ArrayBlockingQueue.take(ArrayBlockingQueue.java:403)&#10;        at java.util.concurrent.ThreadPoolExecutor.getTask(ThreadPoolExecutor.java:1074)&#10;        at java.util.concurrent.ThreadPoolExecutor.runWorker(ThreadPoolExecutor.java:1134)&#10;        at java.util.concurrent.ThreadPoolExecutor$Worker.run(ThreadPoolExecutor.java:624)&#10;        at java.lang.Thread.run(Thread.java:748)&#10;&quot;IPC Server handler 14 on 33779&quot; daemon prio=5 tid=84 timed_waiting&#10;java.lang.Thread.State: TIMED_WAITING&#10;        at sun.misc.Unsafe.park(Native Method)&#10;        at java.util.concurrent.locks.LockSupport.parkNanos(LockSupport.java:215)&#10;        at java.util.concurrent.locks.AbstractQueuedSynchronizer$ConditionObject.awaitNanos(AbstractQueuedSynchronizer.java:2078)&#10;        at java.util.concurrent.LinkedBlockingQueue.poll(LinkedBlockingQueue.java:467)&#10;        at org.apache.hadoop.ipc.CallQueueManager.take(CallQueueManager.java:288)&#10;        at org.apache.hadoop.ipc.Server$Handler.run(Server.java:2668)&#10;&quot;java.util.concurrent.ThreadPoolExecutor$Worker@9e5e272[State = -1, empty queue]&quot; daemon prio=5 tid=1188 timed_waiting&#10;java.lang.Thread.State: TIMED_WAITING&#10;        at sun.misc.Unsafe.park(Native Method)&#10;        at java.util.concurrent.locks.LockSupport.parkNanos(LockSupport.java:215)&#10;        at java.util.concurrent.locks.AbstractQueuedSynchronizer$ConditionObject.awaitNanos(AbstractQueuedSynchronizer.java:2078)&#10;        at java.util.concurrent.ScheduledThreadPoolExecutor$DelayedWorkQueue.take(ScheduledThreadPoolExecutor.java:1093)&#10;        at java.util.concurrent.ScheduledThreadPoolExecutor$DelayedWorkQueue.take(ScheduledThreadPoolExecutor.java:809)&#10;        at java.util.concurrent.ThreadPoolExecutor.getTask(ThreadPoolExecutor.java:1074)&#10;        at java.util.concurrent.ThreadPoolExecutor.runWorker(ThreadPoolExecutor.java:1134)&#10;        at java.util.concurrent.ThreadPoolExecutor$Worker.run(ThreadPoolExecutor.java:624)&#10;        at java.lang.Thread.run(Thread.java:748)&#10;&quot;pool-89-thread-57&quot;  prio=5 tid=688 in Object.wait()&#10;java.lang.Thread.State: WAITING (on object monitor)&#10;        at sun.misc.Unsafe.park(Native Method)&#10;        at java.util.concurrent.locks.LockSupport.park(LockSupport.java:175)&#10;        at java.util.concurrent.locks.AbstractQueuedSynchronizer$ConditionObject.await(AbstractQueuedSynchronizer.java:2039)&#10;        at java.util.concurrent.ArrayBlockingQueue.take(ArrayBlockingQueue.java:403)&#10;        at java.util.concurrent.ThreadPoolExecutor.getTask(ThreadPoolExecutor.java:1074)&#10;        at java.util.concurrent.ThreadPoolExecutor.runWorker(ThreadPoolExecutor.java:1134)&#10;        at java.util.concurrent.ThreadPoolExecutor$Worker.run(ThreadPoolExecutor.java:624)&#10;        at java.lang.Thread.run(Thread.java:748)&#10;&quot;pool-215-thread-41&quot;  prio=5 tid=1032 in Object.wait()&#10;java.lang.Thread.State: WAITING (on object monitor)&#10;        at sun.misc.Unsafe.park(Native Method)&#10;        at java.util.concurrent.locks.LockSupport.park(LockSupport.java:175)&#10;        at java.util.concurrent.locks.AbstractQueuedSynchronizer$ConditionObject.await(AbstractQueuedSynchronizer.java:2039)&#10;        at java.util.concurrent.ArrayBlockingQueue.take(ArrayBlockingQueue.java:403)&#10;        at java.util.concurrent.ThreadPoolExecutor.getTask(ThreadPoolExecutor.java:1074)&#10;        at java.util.concurrent.ThreadPoolExecutor.runWorker(ThreadPoolExecutor.java:1134)&#10;        at java.util.concurrent.ThreadPoolExecutor$Worker.run(ThreadPoolExecutor.java:624)&#10;        at java.lang.Thread.run(Thread.java:748)&#10;&quot;pool-110-thread-11&quot;  prio=5 tid=702 in Object.wait()&#10;java.lang.Thread.State: WAITING (on object monitor)&#10;        at sun.misc.Unsafe.park(Native Method)&#10;        at java.util.concurrent.locks.LockSupport.park(LockSupport.java:175)&#10;        at java.util.concurrent.locks.AbstractQueuedSynchronizer$ConditionObject.await(AbstractQueuedSynchronizer.java:2039)&#10;        at java.util.concurrent.ArrayBlockingQueue.take(ArrayBlockingQueue.java:403)&#10;        at java.util.concurrent.ThreadPoolExecutor.getTask(ThreadPoolExecutor.java:1074)&#10;        at java.util.concurrent.ThreadPoolExecutor.runWorker(ThreadPoolExecutor.java:1134)&#10;        at java.util.concurrent.ThreadPoolExecutor$Worker.run(ThreadPoolExecutor.java:624)&#10;        at java.lang.Thread.run(Thread.java:748)&#10;&quot;jaeger.RemoteReporter-QueueProcessor&quot; daemon prio=5 tid=146 in Object.wait()&#10;java.lang.Thread.State: WAITING (on object monitor)&#10;        at sun.misc.Unsafe.park(Native Method)&#10;        at java.util.concurrent.locks.LockSupport.park(LockSupport.java:175)&#10;        at java.util.concurrent.locks.AbstractQueuedSynchronizer$ConditionObject.await(AbstractQueuedSynchronizer.java:2039)&#10;        at java.util.concurrent.ArrayBlockingQueue.take(ArrayBlockingQueue.java:403)&#10;        at io.jaegertracing.internal.reporters.RemoteReporter$QueueProcessor.run(RemoteReporter.java:173)&#10;        at java.lang.Thread.run(Thread.java:748)&#10;&quot;IPC Server handler 14 on 46447&quot; daemon prio=5 tid=64 timed_waiting&#10;java.lang.Thread.State: TIMED_WAITING&#10;        at sun.misc.Unsafe.park(Native Method)&#10;        at java.util.concurrent.locks.LockSupport.parkNanos(LockSupport.java:215)&#10;        at java.util.concurrent.locks.AbstractQueuedSynchronizer$ConditionObject.awaitNanos(AbstractQueuedSynchronizer.java:2078)&#10;        at java.util.concurrent.LinkedBlockingQueue.poll(LinkedBlockingQueue.java:467)&#10;        at org.apache.hadoop.ipc.CallQueueManager.take(CallQueueManager.java:288)&#10;        at org.apache.hadoop.ipc.Server$Handler.run(Server.java:2668)&#10;&quot;org.eclipse.jetty.server.session.HashSessionManager@4536a715Timer&quot; daemon prio=5 tid=409 timed_waiting&#10;java.lang.Thread.State: TIMED_WAITING&#10;        at sun.misc.Unsafe.park(Native Method)&#10;        at java.util.concurrent.locks.LockSupport.parkNanos(LockSupport.java:215)&#10;        at java.util.concurrent.locks.AbstractQueuedSynchronizer$ConditionObject.awaitNanos(AbstractQueuedSynchronizer.java:2078)&#10;        at java.util.concurrent.ScheduledThreadPoolExecutor$DelayedWorkQueue.take(ScheduledThreadPoolExecutor.java:1093)&#10;        at java.util.concurrent.ScheduledThreadPoolExecutor$DelayedWorkQueue.take(ScheduledThreadPoolExecutor.java:809)&#10;        at java.util.concurrent.ThreadPoolExecutor.getTask(ThreadPoolExecutor.java:1074)&#10;        at java.util.concurrent.ThreadPoolExecutor.runWorker(ThreadPoolExecutor.java:1134)&#10;        at java.util.concurrent.ThreadPoolExecutor$Worker.run(ThreadPoolExecutor.java:624)&#10;        at java.lang.Thread.run(Thread.java:748)&#10;&quot;nioEventLoopGroup-8-1&quot;  prio=10 tid=261 runnable&#10;java.lang.Thread.State: RUNNABLE&#10;        at sun.nio.ch.EPollArrayWrapper.epollWait(Native Method)&#10;        at sun.nio.ch.EPollArrayWrapper.poll(EPollArrayWrapper.java:269)&#10;        at sun.nio.ch.EPollSelectorImpl.doSelect(EPollSelectorImpl.java:93)&#10;        at sun.nio.ch.SelectorImpl.lockAndDoSelect(SelectorImpl.java:86)&#10;        at sun.nio.ch.SelectorImpl.select(SelectorImpl.java:97)&#10;        at io.netty.channel.nio.SelectedSelectionKeySetSelector.select(SelectedSelectionKeySetSelector.java:62)&#10;        at io.netty.channel.nio.NioEventLoop.select(NioEventLoop.java:753)&#10;        at io.netty.channel.nio.NioEventLoop.run(NioEventLoop.java:408)&#10;        at io.netty.util.concurrent.SingleThreadEventExecutor$5.run(SingleThreadEventExecutor.java:897)&#10;        at io.netty.util.concurrent.FastThreadLocalRunnable.run(FastThreadLocalRunnable.java:30)&#10;        at java.lang.Thread.run(Thread.java:748)&#10;&quot;org.eclipse.jetty.server.session.HashSessionManager@6b4125edTimer&quot; daemon prio=5 tid=199 timed_waiting&#10;java.lang.Thread.State: TIMED_WAITING&#10;        at sun.misc.Unsafe.park(Native Method)&#10;        at java.util.concurrent.locks.LockSupport.parkNanos(LockSupport.java:215)&#10;        at java.util.concurrent.locks.AbstractQueuedSynchronizer$ConditionObject.awaitNanos(AbstractQueuedSynchronizer.java:2078)&#10;        at java.util.concurrent.ScheduledThreadPoolExecutor$DelayedWorkQueue.take(ScheduledThreadPoolExecutor.java:1093)&#10;        at java.util.concurrent.ScheduledThreadPoolExecutor$DelayedWorkQueue.take(ScheduledThreadPoolExecutor.java:809)&#10;        at java.util.concurrent.ThreadPoolExecutor.getTask(ThreadPoolExecutor.java:1074)&#10;        at java.util.concurrent.ThreadPoolExecutor.runWorker(ThreadPoolExecutor.java:1134)&#10;        at java.util.concurrent.ThreadPoolExecutor$Worker.run(ThreadPoolExecutor.java:624)&#10;        at java.lang.Thread.run(Thread.java:748)&#10;&quot;pool-89-thread-48&quot;  prio=5 tid=679 in Object.wait()&#10;java.lang.Thread.State: WAITING (on object monitor)&#10;        at sun.misc.Unsafe.park(Native Method)&#10;        at java.util.concurrent.locks.LockSupport.park(LockSupport.java:175)&#10;        at java.util.concurrent.locks.AbstractQueuedSynchronizer$ConditionObject.await(AbstractQueuedSynchronizer.java:2039)&#10;        at java.util.concurrent.ArrayBlockingQueue.take(ArrayBlockingQueue.java:403)&#10;        at java.util.concurrent.ThreadPoolExecutor.getTask(ThreadPoolExecutor.java:1074)&#10;        at java.util.concurrent.ThreadPoolExecutor.runWorker(ThreadPoolExecutor.java:1134)&#10;        at java.util.concurrent.ThreadPoolExecutor$Worker.run(ThreadPoolExecutor.java:624)&#10;        at java.lang.Thread.run(Thread.java:748)&#10;&quot;pool-110-thread-2&quot;  prio=5 tid=693 in Object.wait()&#10;java.lang.Thread.State: WAITING (on object monitor)&#10;        at sun.misc.Unsafe.park(Native Method)&#10;        at java.util.concurrent.locks.LockSupport.park(LockSupport.java:175)&#10;        at java.util.concurrent.locks.AbstractQueuedSynchronizer$ConditionObject.await(AbstractQueuedSynchronizer.java:2039)&#10;        at java.util.concurrent.ArrayBlockingQueue.take(ArrayBlockingQueue.java:403)&#10;        at java.util.concurrent.ThreadPoolExecutor.getTask(ThreadPoolExecutor.java:1074)&#10;        at java.util.concurrent.ThreadPoolExecutor.runWorker(ThreadPoolExecutor.java:1134)&#10;        at java.util.concurrent.ThreadPoolExecutor$Worker.run(ThreadPoolExecutor.java:624)&#10;        at java.lang.Thread.run(Thread.java:748)&#10;&quot;qtp644718663-433&quot; daemon prio=5 tid=433 timed_waiting&#10;java.lang.Thread.State: TIMED_WAITING&#10;        at sun.misc.Unsafe.park(Native Method)&#10;        at java.util.concurrent.locks.LockSupport.parkNanos(LockSupport.java:215)&#10;        at java.util.concurrent.locks.AbstractQueuedSynchronizer$ConditionObject.awaitNanos(AbstractQueuedSynchronizer.java:2078)&#10;        at org.eclipse.jetty.util.BlockingArrayQueue.poll(BlockingArrayQueue.java:392)&#10;        at org.eclipse.jetty.util.thread.QueuedThreadPool.idleJobPoll(QueuedThreadPool.java:563)&#10;        at org.eclipse.jetty.util.thread.QueuedThreadPool.access$800(QueuedThreadPool.java:48)&#10;        at org.eclipse.jetty.util.thread.QueuedThreadPool$2.run(QueuedThreadPool.java:626)&#10;        at java.lang.Thread.run(Thread.java:748)&#10;&quot;pool-68-thread-57&quot;  prio=5 tid=628 in Object.wait()&#10;java.lang.Thread.State: WAITING (on object monitor)&#10;        at sun.misc.Unsafe.park(Native Method)&#10;        at java.util.concurrent.locks.LockSupport.park(LockSupport.java:175)&#10;        at java.util.concurrent.locks.AbstractQueuedSynchronizer$ConditionObject.await(AbstractQueuedSynchronizer.java:2039)&#10;        at java.util.concurrent.ArrayBlockingQueue.take(ArrayBlockingQueue.java:403)&#10;        at java.util.concurrent.ThreadPoolExecutor.getTask(ThreadPoolExecutor.java:1074)&#10;        at java.util.concurrent.ThreadPoolExecutor.runWorker(ThreadPoolExecutor.java:1134)&#10;        at java.util.concurrent.ThreadPoolExecutor$Worker.run(ThreadPoolExecutor.java:624)&#10;        at java.lang.Thread.run(Thread.java:748)&#10;&quot;pool-194-thread-37&quot;  prio=5 tid=968 in Object.wait()&#10;java.lang.Thread.State: WAITING (on object monitor)&#10;        at sun.misc.Unsafe.park(Native Method)&#10;        at java.util.concurrent.locks.LockSupport.park(LockSupport.java:175)&#10;        at java.util.concurrent.locks.AbstractQueuedSynchronizer$ConditionObject.await(AbstractQueuedSynchronizer.java:2039)&#10;        at java.util.concurrent.ArrayBlockingQueue.take(ArrayBlockingQueue.java:403)&#10;        at java.util.concurrent.ThreadPoolExecutor.getTask(ThreadPoolExecutor.java:1074)&#10;        at java.util.concurrent.ThreadPoolExecutor.runWorker(ThreadPoolExecutor.java:1134)&#10;        at java.util.concurrent.ThreadPoolExecutor$Worker.run(ThreadPoolExecutor.java:624)&#10;        at java.lang.Thread.run(Thread.java:748)&#10;&quot;pool-110-thread-47&quot;  prio=5 tid=738 in Object.wait()&#10;java.lang.Thread.State: WAITING (on object monitor)&#10;        at sun.misc.Unsafe.park(Native Method)&#10;        at java.util.concurrent.locks.LockSupport.park(LockSupport.java:175)&#10;        at java.util.concurrent.locks.AbstractQueuedSynchronizer$ConditionObject.await(AbstractQueuedSynchronizer.java:2039)&#10;        at java.util.concurrent.ArrayBlockingQueue.take(ArrayBlockingQueue.java:403)&#10;        at java.util.concurrent.ThreadPoolExecutor.getTask(ThreadPoolExecutor.java:1074)&#10;        at java.util.concurrent.ThreadPoolExecutor.runWorker(ThreadPoolExecutor.java:1134)&#10;        at java.util.concurrent.ThreadPoolExecutor$Worker.run(ThreadPoolExecutor.java:624)&#10;        at java.lang.Thread.run(Thread.java:748)&#10;&quot;pool-110-thread-35&quot;  prio=5 tid=726 in Object.wait()&#10;java.lang.Thread.State: WAITING (on object monitor)&#10;        at sun.misc.Unsafe.park(Native Method)&#10;        at java.util.concurrent.locks.LockSupport.park(LockSupport.java:175)&#10;        at java.util.concurrent.locks.AbstractQueuedSynchronizer$ConditionObject.await(AbstractQueuedSynchronizer.java:2039)&#10;        at java.util.concurrent.ArrayBlockingQueue.take(ArrayBlockingQueue.java:403)&#10;        at java.util.concurrent.ThreadPoolExecutor.getTask(ThreadPoolExecutor.java:1074)&#10;        at java.util.concurrent.ThreadPoolExecutor.runWorker(ThreadPoolExecutor.java:1134)&#10;        at java.util.concurrent.ThreadPoolExecutor$Worker.run(ThreadPoolExecutor.java:624)&#10;        at java.lang.Thread.run(Thread.java:748)&#10;&quot;BlockDeletingService#0&quot; daemon prio=5 tid=367 in Object.wait()&#10;java.lang.Thread.State: WAITING (on object monitor)&#10;        at sun.misc.Unsafe.park(Native Method)&#10;        at java.util.concurrent.locks.LockSupport.park(LockSupport.java:175)&#10;        at java.util.concurrent.locks.AbstractQueuedSynchronizer$ConditionObject.await(AbstractQueuedSynchronizer.java:2039)&#10;        at java.util.concurrent.ScheduledThreadPoolExecutor$DelayedWorkQueue.take(ScheduledThreadPoolExecutor.java:1088)&#10;        at java.util.concurrent.ScheduledThreadPoolExecutor$DelayedWorkQueue.take(ScheduledThreadPoolExecutor.java:809)&#10;        at java.util.concurrent.ThreadPoolExecutor.getTask(ThreadPoolExecutor.java:1074)&#10;        at java.util.concurrent.ThreadPoolExecutor.runWorker(ThreadPoolExecutor.java:1134)&#10;        at java.util.concurrent.ThreadPoolExecutor$Worker.run(ThreadPoolExecutor.java:624)&#10;        at java.lang.Thread.run(Thread.java:748)&#10;&quot;org.apache.hadoop.util.JvmPauseMonitor$Monitor@6bb64bdc&quot; daemon prio=5 tid=181 timed_waiting&#10;java.lang.Thread.State: TIMED_WAITING&#10;        at java.lang.Thread.sleep(Native Method)&#10;        at org.apache.hadoop.util.JvmPauseMonitor$Monitor.run(JvmPauseMonitor.java:192)&#10;        at java.lang.Thread.run(Thread.java:748)&#10;&quot;qtp648346093-345&quot; daemon prio=5 tid=345 timed_waiting&#10;java.lang.Thread.State: TIMED_WAITING&#10;        at sun.misc.Unsafe.park(Native Method)&#10;        at java.util.concurrent.locks.LockSupport.parkNanos(LockSupport.java:215)&#10;        at java.util.concurrent.locks.AbstractQueuedSynchronizer$ConditionObject.awaitNanos(AbstractQueuedSynchronizer.java:2078)&#10;        at org.eclipse.jetty.util.BlockingArrayQueue.poll(BlockingArrayQueue.java:392)&#10;        at org.eclipse.jetty.util.thread.QueuedThreadPool.idleJobPoll(QueuedThreadPool.java:563)&#10;        at org.eclipse.jetty.util.thread.QueuedThreadPool.access$800(QueuedThreadPool.java:48)&#10;        at org.eclipse.jetty.util.thread.QueuedThreadPool$2.run(QueuedThreadPool.java:626)&#10;        at java.lang.Thread.run(Thread.java:748)&#10;&quot;pool-131-thread-19&quot;  prio=5 tid=770 in Object.wait()&#10;java.lang.Thread.State: WAITING (on object monitor)&#10;        at sun.misc.Unsafe.park(Native Method)&#10;        at java.util.concurrent.locks.LockSupport.park(LockSupport.java:175)&#10;        at java.util.concurrent.locks.AbstractQueuedSynchronizer$ConditionObject.await(AbstractQueuedSynchronizer.java:2039)&#10;        at java.util.concurrent.ArrayBlockingQueue.take(ArrayBlockingQueue.java:403)&#10;        at java.util.concurrent.ThreadPoolExecutor.getTask(ThreadPoolExecutor.java:1074)&#10;        at java.util.concurrent.ThreadPoolExecutor.runWorker(ThreadPoolExecutor.java:1134)&#10;        at java.util.concurrent.ThreadPoolExecutor$Worker.run(ThreadPoolExecutor.java:624)&#10;        at java.lang.Thread.run(Thread.java:748)&#10;&quot;Datanode ReportManager Thread - 1&quot; daemon prio=5 tid=174 in Object.wait()&#10;java.lang.Thread.State: WAITING (on object monitor)&#10;        at sun.misc.Unsafe.park(Native Method)&#10;        at java.util.concurrent.locks.LockSupport.park(LockSupport.java:175)&#10;        at java.util.concurrent.locks.AbstractQueuedSynchronizer$ConditionObject.await(AbstractQueuedSynchronizer.java:2039)&#10;        at java.util.concurrent.ScheduledThreadPoolExecutor$DelayedWorkQueue.take(ScheduledThreadPoolExecutor.java:1088)&#10;        at java.util.concurrent.ScheduledThreadPoolExecutor$DelayedWorkQueue.take(ScheduledThreadPoolExecutor.java:809)&#10;        at java.util.concurrent.ThreadPoolExecutor.getTask(ThreadPoolExecutor.java:1074)&#10;        at java.util.concurrent.ThreadPoolExecutor.runWorker(ThreadPoolExecutor.java:1134)&#10;        at java.util.concurrent.ThreadPoolExecutor$Worker.run(ThreadPoolExecutor.java:624)&#10;        at java.lang.Thread.run(Thread.java:748)&#10;&quot;pool-89-thread-1&quot;  prio=5 tid=632 in Object.wait()&#10;java.lang.Thread.State: WAITING (on object monitor)&#10;        at sun.misc.Unsafe.park(Native Method)&#10;        at java.util.concurrent.locks.LockSupport.park(LockSupport.java:175)&#10;        at java.util.concurrent.locks.AbstractQueuedSynchronizer$ConditionObject.await(AbstractQueuedSynchronizer.java:2039)&#10;        at java.util.concurrent.ArrayBlockingQueue.take(ArrayBlockingQueue.java:403)&#10;        at java.util.concurrent.ThreadPoolExecutor.getTask(ThreadPoolExecutor.java:1074)&#10;        at java.util.concurrent.ThreadPoolExecutor.runWorker(ThreadPoolExecutor.java:1134)&#10;        at java.util.concurrent.ThreadPoolExecutor$Worker.run(ThreadPoolExecutor.java:624)&#10;        at java.lang.Thread.run(Thread.java:748)&#10;&quot;pool-68-thread-59&quot;  prio=5 tid=630 in Object.wait()&#10;java.lang.Thread.State: WAITING (on object monitor)&#10;        at sun.misc.Unsafe.park(Native Method)&#10;        at java.util.concurrent.locks.LockSupport.park(LockSupport.java:175)&#10;        at java.util.concurrent.locks.AbstractQueuedSynchronizer$ConditionObject.await(AbstractQueuedSynchronizer.java:2039)&#10;        at java.util.concurrent.ArrayBlockingQueue.take(ArrayBlockingQueue.java:403)&#10;        at java.util.concurrent.ThreadPoolExecutor.getTask(ThreadPoolExecutor.java:1074)&#10;        at java.util.concurrent.ThreadPoolExecutor.runWorker(ThreadPoolExecutor.java:1134)&#10;        at java.util.concurrent.ThreadPoolExecutor$Worker.run(ThreadPoolExecutor.java:624)&#10;        at java.lang.Thread.run(Thread.java:748)&#10;&quot;BlockDeletingService#1&quot; daemon prio=5 tid=308 timed_waiting&#10;java.lang.Thread.State: TIMED_WAITING&#10;        at sun.misc.Unsafe.park(Native Method)&#10;        at java.util.concurrent.locks.LockSupport.parkNanos(LockSupport.java:215)&#10;        at java.util.concurrent.locks.AbstractQueuedSynchronizer$ConditionObject.awaitNanos(AbstractQueuedSynchronizer.java:2078)&#10;        at java.util.concurrent.ScheduledThreadPoolExecutor$DelayedWorkQueue.take(ScheduledThreadPoolExecutor.java:1093)&#10;        at java.util.concurrent.ScheduledThreadPoolExecutor$DelayedWorkQueue.take(ScheduledThreadPoolExecutor.java:809)&#10;        at java.util.concurrent.ThreadPoolExecutor.getTask(ThreadPoolExecutor.java:1074)&#10;        at java.util.concurrent.ThreadPoolExecutor.runWorker(ThreadPoolExecutor.java:1134)&#10;        at java.util.concurrent.ThreadPoolExecutor$Worker.run(ThreadPoolExecutor.java:624)&#10;        at java.lang.Thread.run(Thread.java:748)&#10;&quot;pool-215-thread-30&quot;  prio=5 tid=1021 in Object.wait()&#10;java.lang.Thread.State: WAITING (on object monitor)&#10;        at sun.misc.Unsafe.park(Native Method)&#10;        at java.util.concurrent.locks.LockSupport.park(LockSupport.java:175)&#10;        at java.util.concurrent.locks.AbstractQueuedSynchronizer$ConditionObject.await(AbstractQueuedSynchronizer.java:2039)&#10;        at java.util.concurrent.ArrayBlockingQueue.take(ArrayBlockingQueue.java:403)&#10;        at java.util.concurrent.ThreadPoolExecutor.getTask(ThreadPoolExecutor.java:1074)&#10;        at java.util.concurrent.ThreadPoolExecutor.runWorker(ThreadPoolExecutor.java:1134)&#10;        at java.util.concurrent.ThreadPoolExecutor$Worker.run(ThreadPoolExecutor.java:624)&#10;        at java.lang.Thread.run(Thread.java:748)&#10;&quot;pool-68-thread-8&quot;  prio=5 tid=579 in Object.wait()&#10;java.lang.Thread.State: WAITING (on object monitor)&#10;        at sun.misc.Unsafe.park(Native Method)&#10;        at java.util.concurrent.locks.LockSupport.park(LockSupport.java:175)&#10;        at java.util.concurrent.locks.AbstractQueuedSynchronizer$ConditionObject.await(AbstractQueuedSynchronizer.java:2039)&#10;        at java.util.concurrent.ArrayBlockingQueue.take(ArrayBlockingQueue.java:403)&#10;        at java.util.concurrent.ThreadPoolExecutor.getTask(ThreadPoolExecutor.java:1074)&#10;        at java.util.concurrent.ThreadPoolExecutor.runWorker(ThreadPoolExecutor.java:1134)&#10;        at java.util.concurrent.ThreadPoolExecutor$Worker.run(ThreadPoolExecutor.java:624)&#10;        at java.lang.Thread.run(Thread.java:748)&#10;&quot;pool-47-thread-24&quot;  prio=5 tid=535 in Object.wait()&#10;java.lang.Thread.State: WAITING (on object monitor)&#10;        at sun.misc.Unsafe.park(Native Method)&#10;        at java.util.concurrent.locks.LockSupport.park(LockSupport.java:175)&#10;        at java.util.concurrent.locks.AbstractQueuedSynchronizer$ConditionObject.await(AbstractQueuedSynchronizer.java:2039)&#10;        at java.util.concurrent.ArrayBlockingQueue.take(ArrayBlockingQueue.java:403)&#10;        at java.util.concurrent.ThreadPoolExecutor.getTask(ThreadPoolExecutor.java:1074)&#10;        at java.util.concurrent.ThreadPoolExecutor.runWorker(ThreadPoolExecutor.java:1134)&#10;        at java.util.concurrent.ThreadPoolExecutor$Worker.run(ThreadPoolExecutor.java:624)&#10;        at java.lang.Thread.run(Thread.java:748)&#10;&quot;org.eclipse.jetty.server.session.HashSessionManager@d25e878Timer&quot; daemon prio=5 tid=318 timed_waiting&#10;java.lang.Thread.State: TIMED_WAITING&#10;        at sun.misc.Unsafe.park(Native Method)&#10;        at java.util.concurrent.locks.LockSupport.parkNanos(LockSupport.java:215)&#10;        at java.util.concurrent.locks.AbstractQueuedSynchronizer$ConditionObject.awaitNanos(AbstractQueuedSynchronizer.java:2078)&#10;        at java.util.concurrent.ScheduledThreadPoolExecutor$DelayedWorkQueue.take(ScheduledThreadPoolExecutor.java:1093)&#10;        at java.util.concurrent.ScheduledThreadPoolExecutor$DelayedWorkQueue.take(ScheduledThreadPoolExecutor.java:809)&#10;        at java.util.concurrent.ThreadPoolExecutor.getTask(ThreadPoolExecutor.java:1074)&#10;        at java.util.concurrent.ThreadPoolExecutor.runWorker(ThreadPoolExecutor.java:1134)&#10;        at java.util.concurrent.ThreadPoolExecutor$Worker.run(ThreadPoolExecutor.java:624)&#10;        at java.lang.Thread.run(Thread.java:748)&#10;&quot;Datanode State Machine Thread - 0&quot; daemon prio=5 tid=232 timed_waiting&#10;java.lang.Thread.State: TIMED_WAITING&#10;        at java.lang.Thread.sleep(Native Method)&#10;        at org.apache.hadoop.ozone.container.common.statemachine.DatanodeStateMachine.start(DatanodeStateMachine.java:191)&#10;        at org.apache.hadoop.ozone.container.common.statemachine.DatanodeStateMachine.lambda$startDaemon$0(DatanodeStateMachine.java:349)&#10;        at org.apache.hadoop.ozone.container.common.statemachine.DatanodeStateMachine$$Lambda$139/1610803524.run(Unknown Source)&#10;        at java.lang.Thread.run(Thread.java:748)&#10;&quot;Periodic HDDS volume checker&quot;  prio=5 tid=357 timed_waiting&#10;java.lang.Thread.State: TIMED_WAITING&#10;        at sun.misc.Unsafe.park(Native Method)&#10;        at java.util.concurrent.locks.LockSupport.parkNanos(LockSupport.java:215)&#10;        at java.util.concurrent.locks.AbstractQueuedSynchronizer$ConditionObject.awaitNanos(AbstractQueuedSynchronizer.java:2078)&#10;        at java.util.concurrent.ScheduledThreadPoolExecutor$DelayedWorkQueue.take(ScheduledThreadPoolExecutor.java:1093)&#10;        at java.util.concurrent.ScheduledThreadPoolExecutor$DelayedWorkQueue.take(ScheduledThreadPoolExecutor.java:809)&#10;        at java.util.concurrent.ThreadPoolExecutor.getTask(ThreadPoolExecutor.java:1074)&#10;        at java.util.concurrent.ThreadPoolExecutor.runWorker(ThreadPoolExecutor.java:1134)&#10;        at java.util.concurrent.ThreadPoolExecutor$Worker.run(ThreadPoolExecutor.java:624)&#10;        at java.lang.Thread.run(Thread.java:748)&#10;&quot;IPC Server handler 4 on 33423&quot; daemon prio=5 tid=34 timed_waiting&#10;java.lang.Thread.State: TIMED_WAITING&#10;        at sun.misc.Unsafe.park(Native Method)&#10;        at java.util.concurrent.locks.LockSupport.parkNanos(LockSupport.java:215)&#10;        at java.util.concurrent.locks.AbstractQueuedSynchronizer$ConditionObject.awaitNanos(AbstractQueuedSynchronizer.java:2078)&#10;        at java.util.concurrent.LinkedBlockingQueue.poll(LinkedBlockingQueue.java:467)&#10;        at org.apache.hadoop.ipc.CallQueueManager.take(CallQueueManager.java:288)&#10;        at org.apache.hadoop.ipc.Server$Handler.run(Server.java:2668)&#10;&quot;pool-215-thread-43&quot;  prio=5 tid=1034 in Object.wait()&#10;java.lang.Thread.State: WAITING (on object monitor)&#10;        at sun.misc.Unsafe.park(Native Method)&#10;        at java.util.concurrent.locks.LockSupport.park(LockSupport.java:175)&#10;        at java.util.concurrent.locks.AbstractQueuedSynchronizer$ConditionObject.await(AbstractQueuedSynchronizer.java:2039)&#10;        at java.util.concurrent.ArrayBlockingQueue.take(ArrayBlockingQueue.java:403)&#10;        at java.util.concurrent.ThreadPoolExecutor.getTask(ThreadPoolExecutor.java:1074)&#10;        at java.util.concurrent.ThreadPoolExecutor.runWorker(ThreadPoolExecutor.java:1134)&#10;        at java.util.concurrent.ThreadPoolExecutor$Worker.run(ThreadPoolExecutor.java:624)&#10;        at java.lang.Thread.run(Thread.java:748)&#10;&quot;pool-110-thread-43&quot;  prio=5 tid=734 in Object.wait()&#10;java.lang.Thread.State: WAITING (on object monitor)&#10;        at sun.misc.Unsafe.park(Native Method)&#10;        at java.util.concurrent.locks.LockSupport.park(LockSupport.java:175)&#10;        at java.util.concurrent.locks.AbstractQueuedSynchronizer$ConditionObject.await(AbstractQueuedSynchronizer.java:2039)&#10;        at java.util.concurrent.ArrayBlockingQueue.take(ArrayBlockingQueue.java:403)&#10;        at java.util.concurrent.ThreadPoolExecutor.getTask(ThreadPoolExecutor.java:1074)&#10;        at java.util.concurrent.ThreadPoolExecutor.runWorker(ThreadPoolExecutor.java:1134)&#10;        at java.util.concurrent.ThreadPoolExecutor$Worker.run(ThreadPoolExecutor.java:624)&#10;        at java.lang.Thread.run(Thread.java:748)&#10;&quot;pool-89-thread-7&quot;  prio=5 tid=638 in Object.wait()&#10;java.lang.Thread.State: WAITING (on object monitor)&#10;        at sun.misc.Unsafe.park(Native Method)&#10;        at java.util.concurrent.locks.LockSupport.park(LockSupport.java:175)&#10;        at java.util.concurrent.locks.AbstractQueuedSynchronizer$ConditionObject.await(AbstractQueuedSynchronizer.java:2039)&#10;        at java.util.concurrent.ArrayBlockingQueue.take(ArrayBlockingQueue.java:403)&#10;        at java.util.concurrent.ThreadPoolExecutor.getTask(ThreadPoolExecutor.java:1074)&#10;        at java.util.concurrent.ThreadPoolExecutor.runWorker(ThreadPoolExecutor.java:1134)&#10;        at java.util.concurrent.ThreadPoolExecutor$Worker.run(ThreadPoolExecutor.java:624)&#10;        at java.lang.Thread.run(Thread.java:748)&#10;&quot;Datanode State Machine Thread - 0&quot; daemon prio=5 tid=331 timed_waiting&#10;java.lang.Thread.State: TIMED_WAITING&#10;        at sun.misc.Unsafe.park(Native Method)&#10;        at java.util.concurrent.locks.LockSupport.parkNanos(LockSupport.java:215)&#10;        at java.util.concurrent.SynchronousQueue$TransferStack.awaitFulfill(SynchronousQueue.java:460)&#10;        at java.util.concurrent.SynchronousQueue$TransferStack.transfer(SynchronousQueue.java:362)&#10;        at java.util.concurrent.SynchronousQueue.poll(SynchronousQueue.java:941)&#10;        at java.util.concurrent.ThreadPoolExecutor.getTask(ThreadPoolExecutor.java:1073)&#10;        at java.util.concurrent.ThreadPoolExecutor.runWorker(ThreadPoolExecutor.java:1134)&#10;        at java.util.concurrent.ThreadPoolExecutor$Worker.run(ThreadPoolExecutor.java:624)&#10;        at java.lang.Thread.run(Thread.java:748)&#10;&quot;pool-152-thread-28&quot;  prio=5 tid=839 in Object.wait()&#10;java.lang.Thread.State: WAITING (on object monitor)&#10;        at sun.misc.Unsafe.park(Native Method)&#10;        at java.util.concurrent.locks.LockSupport.park(LockSupport.java:175)&#10;        at java.util.concurrent.locks.AbstractQueuedSynchronizer$ConditionObject.await(AbstractQueuedSynchronizer.java:2039)&#10;        at java.util.concurrent.ArrayBlockingQueue.take(ArrayBlockingQueue.java:403)&#10;        at java.util.concurrent.ThreadPoolExecutor.getTask(ThreadPoolExecutor.java:1074)&#10;        at java.util.concurrent.ThreadPoolExecutor.runWorker(ThreadPoolExecutor.java:1134)&#10;        at java.util.concurrent.ThreadPoolExecutor$Worker.run(ThreadPoolExecutor.java:624)&#10;        at java.lang.Thread.run(Thread.java:748)&#10;&quot;7e110c32-16c6-4157-bc33-575ee617fed4-RaftLogWorker&quot;  prio=5 tid=1116 timed_waiting&#10;java.lang.Thread.State: TIMED_WAITING&#10;        at sun.misc.Unsafe.park(Native Method)&#10;        at java.util.concurrent.locks.LockSupport.parkNanos(LockSupport.java:215)&#10;        at java.util.concurrent.locks.AbstractQueuedSynchronizer$ConditionObject.awaitNanos(AbstractQueuedSynchronizer.java:2078)&#10;        at org.apache.ratis.util.DataBlockingQueue.poll(DataBlockingQueue.java:137)&#10;        at org.apache.ratis.server.storage.RaftLogWorker.run(RaftLogWorker.java:216)&#10;        at java.lang.Thread.run(Thread.java:748)&#10;&quot;org.apache.ratis.server.impl.LogAppender$$Lambda$313/942784436@419ce9d&quot; daemon prio=5 tid=1184 timed_waiting&#10;java.lang.Thread.State: TIMED_WAITING&#10;        at java.lang.Object.wait(Native Method)&#10;        at org.apache.ratis.grpc.server.GrpcLogAppender.mayWait(GrpcLogAppender.java:140)&#10;        at org.apache.ratis.grpc.server.GrpcLogAppender.runAppenderImpl(GrpcLogAppender.java:94)&#10;        at org.apache.ratis.server.impl.LogAppender.runAppender(LogAppender.java:101)&#10;        at org.apache.ratis.server.impl.LogAppender$$Lambda$313/942784436.run(Unknown Source)&#10;        at java.lang.Thread.run(Thread.java:748)&#10;&quot;Datanode ReportManager Thread - 2&quot; daemon prio=5 tid=297 in Object.wait()&#10;java.lang.Thread.State: WAITING (on object monitor)&#10;        at sun.misc.Unsafe.park(Native Method)&#10;        at java.util.concurrent.locks.LockSupport.park(LockSupport.java:175)&#10;        at java.util.concurrent.locks.AbstractQueuedSynchronizer$ConditionObject.await(AbstractQueuedSynchronizer.java:2039)&#10;        at java.util.concurrent.ScheduledThreadPoolExecutor$DelayedWorkQueue.take(ScheduledThreadPoolExecutor.java:1088)&#10;        at java.util.concurrent.ScheduledThreadPoolExecutor$DelayedWorkQueue.take(ScheduledThreadPoolExecutor.java:809)&#10;        at java.util.concurrent.ThreadPoolExecutor.getTask(ThreadPoolExecutor.java:1074)&#10;        at java.util.concurrent.ThreadPoolExecutor.runWorker(ThreadPoolExecutor.java:1134)&#10;        at java.util.concurrent.ThreadPoolExecutor$Worker.run(ThreadPoolExecutor.java:624)&#10;        at java.lang.Thread.run(Thread.java:748)&#10;&quot;pool-26-thread-3&quot;  prio=5 tid=453 in Object.wait()&#10;java.lang.Thread.State: WAITING (on object monitor)&#10;        at sun.misc.Unsafe.park(Native Method)&#10;        at java.util.concurrent.locks.LockSupport.park(LockSupport.java:175)&#10;        at java.util.concurrent.locks.AbstractQueuedSynchronizer$ConditionObject.await(AbstractQueuedSynchronizer.java:2039)&#10;        at java.util.concurrent.ArrayBlockingQueue.take(ArrayBlockingQueue.java:403)&#10;        at java.util.concurrent.ThreadPoolExecutor.getTask(ThreadPoolExecutor.java:1074)&#10;        at java.util.concurrent.ThreadPoolExecutor.runWorker(ThreadPoolExecutor.java:1134)&#10;        at java.util.concurrent.ThreadPoolExecutor$Worker.run(ThreadPoolExecutor.java:624)&#10;        at java.lang.Thread.run(Thread.java:748)&#10;&quot;pool-110-thread-40&quot;  prio=5 tid=731 in Object.wait()&#10;java.lang.Thread.State: WAITING (on object monitor)&#10;        at sun.misc.Unsafe.park(Native Method)&#10;        at java.util.concurrent.locks.LockSupport.park(LockSupport.java:175)&#10;        at java.util.concurrent.locks.AbstractQueuedSynchronizer$ConditionObject.await(AbstractQueuedSynchronizer.java:2039)&#10;        at java.util.concurrent.ArrayBlockingQueue.take(ArrayBlockingQueue.java:403)&#10;        at java.util.concurrent.ThreadPoolExecutor.getTask(ThreadPoolExecutor.java:1074)&#10;        at java.util.concurrent.ThreadPoolExecutor.runWorker(ThreadPoolExecutor.java:1134)&#10;        at java.util.concurrent.ThreadPoolExecutor$Worker.run(ThreadPoolExecutor.java:624)&#10;        at java.lang.Thread.run(Thread.java:748)&#10;&quot;pool-194-thread-28&quot;  prio=5 tid=959 in Object.wait()&#10;java.lang.Thread.State: WAITING (on object monitor)&#10;        at sun.misc.Unsafe.park(Native Method)&#10;        at java.util.concurrent.locks.LockSupport.park(LockSupport.java:175)&#10;        at java.util.concurrent.locks.AbstractQueuedSynchronizer$ConditionObject.await(AbstractQueuedSynchronizer.java:2039)&#10;        at java.util.concurrent.ArrayBlockingQueue.take(ArrayBlockingQueue.java:403)&#10;        at java.util.concurrent.ThreadPoolExecutor.getTask(ThreadPoolExecutor.java:1074)&#10;        at java.util.concurrent.ThreadPoolExecutor.runWorker(ThreadPoolExecutor.java:1134)&#10;        at java.util.concurrent.ThreadPoolExecutor$Worker.run(ThreadPoolExecutor.java:624)&#10;        at java.lang.Thread.run(Thread.java:748)&#10;&quot;qtp1866002564-285&quot; daemon prio=5 tid=285 timed_waiting&#10;java.lang.Thread.State: TIMED_WAITING&#10;        at sun.misc.Unsafe.park(Native Method)&#10;        at java.util.concurrent.locks.LockSupport.parkNanos(LockSupport.java:215)&#10;        at java.util.concurrent.locks.AbstractQueuedSynchronizer$ConditionObject.awaitNanos(AbstractQueuedSynchronizer.java:2078)&#10;        at org.eclipse.jetty.util.BlockingArrayQueue.poll(BlockingArrayQueue.java:392)&#10;        at org.eclipse.jetty.util.thread.QueuedThreadPool.idleJobPoll(QueuedThreadPool.java:563)&#10;        at org.eclipse.jetty.util.thread.QueuedThreadPool.access$800(QueuedThreadPool.java:48)&#10;        at org.eclipse.jetty.util.thread.QueuedThreadPool$2.run(QueuedThreadPool.java:626)&#10;        at java.lang.Thread.run(Thread.java:748)&#10;&quot;pool-152-thread-24&quot;  prio=5 tid=835 in Object.wait()&#10;java.lang.Thread.State: WAITING (on object monitor)&#10;        at sun.misc.Unsafe.park(Native Method)&#10;        at java.util.concurrent.locks.LockSupport.park(LockSupport.java:175)&#10;        at java.util.concurrent.locks.AbstractQueuedSynchronizer$ConditionObject.await(AbstractQueuedSynchronizer.java:2039)&#10;        at java.util.concurrent.ArrayBlockingQueue.take(ArrayBlockingQueue.java:403)&#10;        at java.util.concurrent.ThreadPoolExecutor.getTask(ThreadPoolExecutor.java:1074)&#10;        at java.util.concurrent.ThreadPoolExecutor.runWorker(ThreadPoolExecutor.java:1134)&#10;        at java.util.concurrent.ThreadPoolExecutor$Worker.run(ThreadPoolExecutor.java:624)&#10;        at java.lang.Thread.run(Thread.java:748)&#10;&quot;pool-131-thread-56&quot;  prio=5 tid=807 in Object.wait()&#10;java.lang.Thread.State: WAITING (on object monitor)&#10;        at sun.misc.Unsafe.park(Native Method)&#10;        at java.util.concurrent.locks.LockSupport.park(LockSupport.java:175)&#10;        at java.util.concurrent.locks.AbstractQueuedSynchronizer$ConditionObject.await(AbstractQueuedSynchronizer.java:2039)&#10;        at java.util.concurrent.ArrayBlockingQueue.take(ArrayBlockingQueue.java:403)&#10;        at java.util.concurrent.ThreadPoolExecutor.getTask(ThreadPoolExecutor.java:1074)&#10;        at java.util.concurrent.ThreadPoolExecutor.runWorker(ThreadPoolExecutor.java:1134)&#10;        at java.util.concurrent.ThreadPoolExecutor$Worker.run(ThreadPoolExecutor.java:624)&#10;        at java.lang.Thread.run(Thread.java:748)&#10;&quot;pool-68-thread-7&quot;  prio=5 tid=578 in Object.wait()&#10;java.lang.Thread.State: WAITING (on object monitor)&#10;        at sun.misc.Unsafe.park(Native Method)&#10;        at java.util.concurrent.locks.LockSupport.park(LockSupport.java:175)&#10;        at java.util.concurrent.locks.AbstractQueuedSynchronizer$ConditionObject.await(AbstractQueuedSynchronizer.java:2039)&#10;        at java.util.concurrent.ArrayBlockingQueue.take(ArrayBlockingQueue.java:403)&#10;        at java.util.concurrent.ThreadPoolExecutor.getTask(ThreadPoolExecutor.java:1074)&#10;        at java.util.concurrent.ThreadPoolExecutor.runWorker(ThreadPoolExecutor.java:1134)&#10;        at java.util.concurrent.ThreadPoolExecutor$Worker.run(ThreadPoolExecutor.java:624)&#10;        at java.lang.Thread.run(Thread.java:748)&#10;&quot;BlockDeletingService#2&quot; daemon prio=5 tid=1860 in Object.wait()&#10;java.lang.Thread.State: WAITING (on object monitor)&#10;        at sun.misc.Unsafe.park(Native Method)&#10;        at java.util.concurrent.locks.LockSupport.park(LockSupport.java:175)&#10;        at java.util.concurrent.locks.AbstractQueuedSynchronizer$ConditionObject.await(AbstractQueuedSynchronizer.java:2039)&#10;        at java.util.concurrent.ScheduledThreadPoolExecutor$DelayedWorkQueue.take(ScheduledThreadPoolExecutor.java:1088)&#10;        at java.util.concurrent.ScheduledThreadPoolExecutor$DelayedWorkQueue.take(ScheduledThreadPoolExecutor.java:809)&#10;        at java.util.concurrent.ThreadPoolExecutor.getTask(ThreadPoolExecutor.java:1074)&#10;        at java.util.concurrent.ThreadPoolExecutor.runWorker(ThreadPoolExecutor.java:1134)&#10;        at java.util.concurrent.ThreadPoolExecutor$Worker.run(ThreadPoolExecutor.java:624)&#10;        at java.lang.Thread.run(Thread.java:748)&#10;&quot;grpc-default-worker-ELG-3-2&quot; daemon prio=5 tid=1063 runnable&#10;java.lang.Thread.State: RUNNABLE&#10;        at sun.nio.ch.EPollArrayWrapper.epollWait(Native Method)&#10;        at sun.nio.ch.EPollArrayWrapper.poll(EPollArrayWrapper.java:269)&#10;        at sun.nio.ch.EPollSelectorImpl.doSelect(EPollSelectorImpl.java:93)&#10;        at sun.nio.ch.SelectorImpl.lockAndDoSelect(SelectorImpl.java:86)&#10;        at sun.nio.ch.SelectorImpl.select(SelectorImpl.java:97)&#10;        at org.apache.ratis.thirdparty.io.netty.channel.nio.SelectedSelectionKeySetSelector.select(SelectedSelectionKeySetSelector.java:62)&#10;        at org.apache.ratis.thirdparty.io.netty.channel.nio.NioEventLoop.select(NioEventLoop.java:753)&#10;        at org.apache.ratis.thirdparty.io.netty.channel.nio.NioEventLoop.run(NioEventLoop.java:408)&#10;        at org.apache.ratis.thirdparty.io.netty.util.concurrent.SingleThreadEventExecutor$5.run(SingleThreadEventExecutor.java:897)&#10;        at org.apache.ratis.thirdparty.io.netty.util.concurrent.FastThreadLocalRunnable.run(FastThreadLocalRunnable.java:30)&#10;        at java.lang.Thread.run(Thread.java:748)&#10;&quot;pool-152-thread-16&quot;  prio=5 tid=827 in Object.wait()&#10;java.lang.Thread.State: WAITING (on object monitor)&#10;        at sun.misc.Unsafe.park(Native Method)&#10;        at java.util.concurrent.locks.LockSupport.park(LockSupport.java:175)&#10;        at java.util.concurrent.locks.AbstractQueuedSynchronizer$ConditionObject.await(AbstractQueuedSynchronizer.java:2039)&#10;        at java.util.concurrent.ArrayBlockingQueue.take(ArrayBlockingQueue.java:403)&#10;        at java.util.concurrent.ThreadPoolExecutor.getTask(ThreadPoolExecutor.java:1074)&#10;        at java.util.concurrent.ThreadPoolExecutor.runWorker(ThreadPoolExecutor.java:1134)&#10;        at java.util.concurrent.ThreadPoolExecutor$Worker.run(ThreadPoolExecutor.java:624)&#10;        at java.lang.Thread.run(Thread.java:748)&#10;&quot;main&quot;  prio=5 tid=1 runnable&#10;java.lang.Thread.State: RUNNABLE&#10;        at java.lang.Thread.dumpThreads(Native Method)&#10;        at java.lang.Thread.getAllStackTraces(Thread.java:1610)&#10;        at org.apache.hadoop.test.TimedOutTestsListener.buildThreadDump(TimedOutTestsListener.java:87)&#10;        at org.apache.hadoop.test.TimedOutTestsListener.buildThreadDiagnosticString(TimedOutTestsListener.java:73)&#10;        at org.apache.hadoop.test.GenericTestUtils.waitFor(GenericTestUtils.java:389)&#10;        at org.apache.hadoop.ozone.MiniOzoneClusterImpl.waitForClusterToBeReady(MiniOzoneClusterImpl.java:139)&#10;        at org.apache.hadoop.ozone.container.common.statemachine.commandhandler.TestCloseContainerByPipeline.init(TestCloseContainerByPipeline.java:80)&#10;        at sun.reflect.NativeMethodAccessorImpl.invoke0(Native Method)&#10;        at sun.reflect.NativeMethodAccessorImpl.invoke(NativeMethodAccessorImpl.java:62)&#10;        at sun.reflect.DelegatingMethodAccessorImpl.invoke(DelegatingMethodAccessorImpl.java:43)&#10;        at java.lang.reflect.Method.invoke(Method.java:498)&#10;        at org.junit.runners.model.FrameworkMethod$1.runReflectiveCall(FrameworkMethod.java:47)&#10;        at org.junit.internal.runners.model.ReflectiveCallable.run(ReflectiveCallable.java:12)&#10;        at org.junit.runners.model.FrameworkMethod.invokeExplosively(FrameworkMethod.java:44)&#10;        at org.junit.internal.runners.statements.RunBefores.evaluate(RunBefores.java:24)&#10;        at org.junit.internal.runners.statements.RunAfters.evaluate(RunAfters.java:27)&#10;        at org.junit.runners.ParentRunner.run(ParentRunner.java:309)&#10;        at org.apache.maven.surefire.junit4.JUnit4Provider.execute(JUnit4Provider.java:365)&#10;        at org.apache.maven.surefire.junit4.JUnit4Provider.executeWithRerun(JUnit4Provider.java:273)&#10;        at org.apache.maven.surefire.junit4.JUnit4Provider.executeTestSet(JUnit4Provider.java:238)&#10;        at org.apache.maven.surefire.junit4.JUnit4Provider.invoke(JUnit4Provider.java:159)&#10;        at org.apache.maven.surefire.booter.ForkedBooter.invokeProviderInSameClassLoader(ForkedBooter.java:384)&#10;        at org.apache.maven.surefire.booter.ForkedBooter.runSuitesInProcess(ForkedBooter.java:345)&#10;        at org.apache.maven.surefire.booter.ForkedBooter.execute(ForkedBooter.java:126)&#10;        at org.apache.maven.surefire.booter.ForkedBooter.main(ForkedBooter.java:418)&#10;&quot;pool-194-thread-41&quot;  prio=5 tid=972 in Object.wait()&#10;java.lang.Thread.State: WAITING (on object monitor)&#10;        at sun.misc.Unsafe.park(Native Method)&#10;        at java.util.concurrent.locks.LockSupport.park(LockSupport.java:175)&#10;        at java.util.concurrent.locks.AbstractQueuedSynchronizer$ConditionObject.await(AbstractQueuedSynchronizer.java:2039)&#10;        at java.util.concurrent.ArrayBlockingQueue.take(ArrayBlockingQueue.java:403)&#10;        at java.util.concurrent.ThreadPoolExecutor.getTask(ThreadPoolExecutor.java:1074)&#10;        at java.util.concurrent.ThreadPoolExecutor.runWorker(ThreadPoolExecutor.java:1134)&#10;        at java.util.concurrent.ThreadPoolExecutor$Worker.run(ThreadPoolExecutor.java:624)&#10;        at java.lang.Thread.run(Thread.java:748)&#10;&quot;pool-131-thread-21&quot;  prio=5 tid=772 in Object.wait()&#10;java.lang.Thread.State: WAITING (on object monitor)&#10;        at sun.misc.Unsafe.park(Native Method)&#10;        at java.util.concurrent.locks.LockSupport.park(LockSupport.java:175)&#10;        at java.util.concurrent.locks.AbstractQueuedSynchronizer$ConditionObject.await(AbstractQueuedSynchronizer.java:2039)&#10;        at java.util.concurrent.ArrayBlockingQueue.take(ArrayBlockingQueue.java:403)&#10;        at java.util.concurrent.ThreadPoolExecutor.getTask(ThreadPoolExecutor.java:1074)&#10;        at java.util.concurrent.ThreadPoolExecutor.runWorker(ThreadPoolExecutor.java:1134)&#10;        at java.util.concurrent.ThreadPoolExecutor$Worker.run(ThreadPoolExecutor.java:624)&#10;        at java.lang.Thread.run(Thread.java:748)&#10;&quot;Socket Reader #1 for port 33423&quot;  prio=5 tid=24 runnable&#10;java.lang.Thread.State: RUNNABLE&#10;        at sun.nio.ch.EPollArrayWrapper.epollWait(Native Method)&#10;        at sun.nio.ch.EPollArrayWrapper.poll(EPollArrayWrapper.java:269)&#10;        at sun.nio.ch.EPollSelectorImpl.doSelect(EPollSelectorImpl.java:93)&#10;        at sun.nio.ch.SelectorImpl.lockAndDoSelect(SelectorImpl.java:86)&#10;        at sun.nio.ch.SelectorImpl.select(SelectorImpl.java:97)&#10;        at sun.nio.ch.SelectorImpl.select(SelectorImpl.java:101)&#10;        at org.apache.hadoop.ipc.Server$Listener$Reader.doRunLoop(Server.java:1097)&#10;        at org.apache.hadoop.ipc.Server$Listener$Reader.run(Server.java:1076)&#10;&quot;pool-89-thread-17&quot;  prio=5 tid=648 in Object.wait()&#10;java.lang.Thread.State: WAITING (on object monitor)&#10;        at sun.misc.Unsafe.park(Native Method)&#10;        at java.util.concurrent.locks.LockSupport.park(LockSupport.java:175)&#10;        at java.util.concurrent.locks.AbstractQueuedSynchronizer$ConditionObject.await(AbstractQueuedSynchronizer.java:2039)&#10;        at java.util.concurrent.ArrayBlockingQueue.take(ArrayBlockingQueue.java:403)&#10;        at java.util.concurrent.ThreadPoolExecutor.getTask(ThreadPoolExecutor.java:1074)&#10;        at java.util.concurrent.ThreadPoolExecutor.runWorker(ThreadPoolExecutor.java:1134)&#10;        at java.util.concurrent.ThreadPoolExecutor$Worker.run(ThreadPoolExecutor.java:624)&#10;        at java.lang.Thread.run(Thread.java:748)&#10;&quot;pool-26-thread-12&quot;  prio=5 tid=462 in Object.wait()&#10;java.lang.Thread.State: WAITING (on object monitor)&#10;        at sun.misc.Unsafe.park(Native Method)&#10;        at java.util.concurrent.locks.LockSupport.park(LockSupport.java:175)&#10;        at java.util.concurrent.locks.AbstractQueuedSynchronizer$ConditionObject.await(AbstractQueuedSynchronizer.java:2039)&#10;        at java.util.concurrent.ArrayBlockingQueue.take(ArrayBlockingQueue.java:403)&#10;        at java.util.concurrent.ThreadPoolExecutor.getTask(ThreadPoolExecutor.java:1074)&#10;        at java.util.concurrent.ThreadPoolExecutor.runWorker(ThreadPoolExecutor.java:1134)&#10;        at java.util.concurrent.ThreadPoolExecutor$Worker.run(ThreadPoolExecutor.java:624)&#10;        at java.lang.Thread.run(Thread.java:748)&#10;&quot;IPC Server handler 11 on 46447&quot; daemon prio=5 tid=61 timed_waiting&#10;java.lang.Thread.State: TIMED_WAITING&#10;        at sun.misc.Unsafe.park(Native Method)&#10;        at java.util.concurrent.locks.LockSupport.parkNanos(LockSupport.java:215)&#10;        at java.util.concurrent.locks.AbstractQueuedSynchronizer$ConditionObject.awaitNanos(AbstractQueuedSynchronizer.java:2078)&#10;        at java.util.concurrent.LinkedBlockingQueue.poll(LinkedBlockingQueue.java:467)&#10;        at org.apache.hadoop.ipc.CallQueueManager.take(CallQueueManager.java:288)&#10;        at org.apache.hadoop.ipc.Server$Handler.run(Server.java:2668)&#10;&quot;qtp2106129052-407&quot; daemon prio=5 tid=407 timed_waiting&#10;java.lang.Thread.State: TIMED_WAITING&#10;        at sun.misc.Unsafe.park(Native Method)&#10;        at java.util.concurrent.locks.LockSupport.parkNanos(LockSupport.java:215)&#10;        at java.util.concurrent.locks.AbstractQueuedSynchronizer$ConditionObject.awaitNanos(AbstractQueuedSynchronizer.java:2078)&#10;        at org.eclipse.jetty.util.BlockingArrayQueue.poll(BlockingArrayQueue.java:392)&#10;        at org.eclipse.jetty.util.thread.QueuedThreadPool.idleJobPoll(QueuedThreadPool.java:563)&#10;        at org.eclipse.jetty.util.thread.QueuedThreadPool.access$800(QueuedThreadPool.java:48)&#10;        at org.eclipse.jetty.util.thread.QueuedThreadPool$2.run(QueuedThreadPool.java:626)&#10;        at java.lang.Thread.run(Thread.java:748)&#10;&quot;5ff02751-d237-480c-b1e9-4266071b5fb0-RaftLogWorker&quot;  prio=5 tid=1124 timed_waiting&#10;java.lang.Thread.State: TIMED_WAITING&#10;        at sun.misc.Unsafe.park(Native Method)&#10;        at java.util.concurrent.locks.LockSupport.parkNanos(LockSupport.java:215)&#10;        at java.util.concurrent.locks.AbstractQueuedSynchronizer$ConditionObject.awaitNanos(AbstractQueuedSynchronizer.java:2078)&#10;        at org.apache.ratis.util.DataBlockingQueue.poll(DataBlockingQueue.java:137)&#10;        at org.apache.ratis.server.storage.RaftLogWorker.run(RaftLogWorker.java:216)&#10;        at java.lang.Thread.run(Thread.java:748)&#10;&quot;pool-47-thread-21&quot;  prio=5 tid=532 in Object.wait()&#10;java.lang.Thread.State: WAITING (on object monitor)&#10;        at sun.misc.Unsafe.park(Native Method)&#10;        at java.util.concurrent.locks.LockSupport.park(LockSupport.java:175)&#10;        at java.util.concurrent.locks.AbstractQueuedSynchronizer$ConditionObject.await(AbstractQueuedSynchronizer.java:2039)&#10;        at java.util.concurrent.ArrayBlockingQueue.take(ArrayBlockingQueue.java:403)&#10;        at java.util.concurrent.ThreadPoolExecutor.getTask(ThreadPoolExecutor.java:1074)&#10;        at java.util.concurrent.ThreadPoolExecutor.runWorker(ThreadPoolExecutor.java:1134)&#10;        at java.util.concurrent.ThreadPoolExecutor$Worker.run(ThreadPoolExecutor.java:624)&#10;        at java.lang.Thread.run(Thread.java:748)&#10;&quot;IPC Server handler 0 on 38877&quot; daemon prio=5 tid=114 timed_waiting&#10;java.lang.Thread.State: TIMED_WAITING&#10;        at sun.misc.Unsafe.park(Native Method)&#10;        at java.util.concurrent.locks.LockSupport.parkNanos(LockSupport.java:215)&#10;        at java.util.concurrent.locks.AbstractQueuedSynchronizer$ConditionObject.awaitNanos(AbstractQueuedSynchronizer.java:2078)&#10;        at java.util.concurrent.LinkedBlockingQueue.poll(LinkedBlockingQueue.java:467)&#10;        at org.apache.hadoop.ipc.CallQueueManager.take(CallQueueManager.java:288)&#10;        at org.apache.hadoop.ipc.Server$Handler.run(Server.java:2668)&#10;&quot;pool-89-thread-25&quot;  prio=5 tid=656 in Object.wait()&#10;java.lang.Thread.State: WAITING (on object monitor)&#10;        at sun.misc.Unsafe.park(Native Method)&#10;        at java.util.concurrent.locks.LockSupport.park(LockSupport.java:175)&#10;        at java.util.concurrent.locks.AbstractQueuedSynchronizer$ConditionObject.await(AbstractQueuedSynchronizer.java:2039)&#10;        at java.util.concurrent.ArrayBlockingQueue.take(ArrayBlockingQueue.java:403)&#10;        at java.util.concurrent.ThreadPoolExecutor.getTask(ThreadPoolExecutor.java:1074)&#10;        at java.util.concurrent.ThreadPoolExecutor.runWorker(ThreadPoolExecutor.java:1134)&#10;        at java.util.concurrent.ThreadPoolExecutor$Worker.run(ThreadPoolExecutor.java:624)&#10;        at java.lang.Thread.run(Thread.java:748)&#10;&quot;pool-68-thread-26&quot;  prio=5 tid=597 in Object.wait()&#10;java.lang.Thread.State: WAITING (on object monitor)&#10;        at sun.misc.Unsafe.park(Native Method)&#10;        at java.util.concurrent.locks.LockSupport.park(LockSupport.java:175)&#10;        at java.util.concurrent.locks.AbstractQueuedSynchronizer$ConditionObject.await(AbstractQueuedSynchronizer.java:2039)&#10;        at java.util.concurrent.ArrayBlockingQueue.take(ArrayBlockingQueue.java:403)&#10;        at java.util.concurrent.ThreadPoolExecutor.getTask(ThreadPoolExecutor.java:1074)&#10;        at java.util.concurrent.ThreadPoolExecutor.runWorker(ThreadPoolExecutor.java:1134)&#10;        at java.util.concurrent.ThreadPoolExecutor$Worker.run(ThreadPoolExecutor.java:624)&#10;        at java.lang.Thread.run(Thread.java:748)&#10;&quot;qtp1866002564-284&quot; daemon prio=5 tid=284 timed_waiting&#10;java.lang.Thread.State: TIMED_WAITING&#10;        at sun.misc.Unsafe.park(Native Method)&#10;        at java.util.concurrent.locks.LockSupport.parkNanos(LockSupport.java:215)&#10;        at java.util.concurrent.locks.AbstractQueuedSynchronizer$ConditionObject.awaitNanos(AbstractQueuedSynchronizer.java:2078)&#10;        at org.eclipse.jetty.util.BlockingArrayQueue.poll(BlockingArrayQueue.java:392)&#10;        at org.eclipse.jetty.util.thread.QueuedThreadPool.idleJobPoll(QueuedThreadPool.java:563)&#10;        at org.eclipse.jetty.util.thread.QueuedThreadPool.access$800(QueuedThreadPool.java:48)&#10;        at org.eclipse.jetty.util.thread.QueuedThreadPool$2.run(QueuedThreadPool.java:626)&#10;        at java.lang.Thread.run(Thread.java:748)&#10;&quot;pool-173-thread-44&quot;  prio=5 tid=915 in Object.wait()&#10;java.lang.Thread.State: WAITING (on object monitor)&#10;        at sun.misc.Unsafe.park(Native Method)&#10;        at java.util.concurrent.locks.LockSupport.park(LockSupport.java:175)&#10;        at java.util.concurrent.locks.AbstractQueuedSynchronizer$ConditionObject.await(AbstractQueuedSynchronizer.java:2039)&#10;        at java.util.concurrent.ArrayBlockingQueue.take(ArrayBlockingQueue.java:403)&#10;        at java.util.concurrent.ThreadPoolExecutor.getTask(ThreadPoolExecutor.java:1074)&#10;        at java.util.concurrent.ThreadPoolExecutor.runWorker(ThreadPoolExecutor.java:1134)&#10;        at java.util.concurrent.ThreadPoolExecutor$Worker.run(ThreadPoolExecutor.java:624)&#10;        at java.lang.Thread.run(Thread.java:748)&#10;&quot;pool-173-thread-51&quot;  prio=5 tid=922 in Object.wait()&#10;java.lang.Thread.State: WAITING (on object monitor)&#10;        at sun.misc.Unsafe.park(Native Method)&#10;        at java.util.concurrent.locks.LockSupport.park(LockSupport.java:175)&#10;        at java.util.concurrent.locks.AbstractQueuedSynchronizer$ConditionObject.await(AbstractQueuedSynchronizer.java:2039)&#10;        at java.util.concurrent.ArrayBlockingQueue.take(ArrayBlockingQueue.java:403)&#10;        at java.util.concurrent.ThreadPoolExecutor.getTask(ThreadPoolExecutor.java:1074)&#10;        at java.util.concurrent.ThreadPoolExecutor.runWorker(ThreadPoolExecutor.java:1134)&#10;        at java.util.concurrent.ThreadPoolExecutor$Worker.run(ThreadPoolExecutor.java:624)&#10;        at java.lang.Thread.run(Thread.java:748)&#10;&quot;pool-131-thread-34&quot;  prio=5 tid=785 in Object.wait()&#10;java.lang.Thread.State: WAITING (on object monitor)&#10;        at sun.misc.Unsafe.park(Native Method)&#10;        at java.util.concurrent.locks.LockSupport.park(LockSupport.java:175)&#10;        at java.util.concurrent.locks.AbstractQueuedSynchronizer$ConditionObject.await(AbstractQueuedSynchronizer.java:2039)&#10;        at java.util.concurrent.ArrayBlockingQueue.take(ArrayBlockingQueue.java:403)&#10;        at java.util.concurrent.ThreadPoolExecutor.getTask(ThreadPoolExecutor.java:1074)&#10;        at java.util.concurrent.ThreadPoolExecutor.runWorker(ThreadPoolExecutor.java:1134)&#10;        at java.util.concurrent.ThreadPoolExecutor$Worker.run(ThreadPoolExecutor.java:624)&#10;        at java.lang.Thread.run(Thread.java:748)&#10;&quot;Periodic HDDS volume checker&quot;  prio=5 tid=326 timed_waiting&#10;java.lang.Thread.State: TIMED_WAITING&#10;        at sun.misc.Unsafe.park(Native Method)&#10;        at java.util.concurrent.locks.LockSupport.parkNanos(LockSupport.java:215)&#10;        at java.util.concurrent.locks.AbstractQueuedSynchronizer$ConditionObject.awaitNanos(AbstractQueuedSynchronizer.java:2078)&#10;        at java.util.concurrent.ScheduledThreadPoolExecutor$DelayedWorkQueue.take(ScheduledThreadPoolExecutor.java:1093)&#10;        at java.util.concurrent.ScheduledThreadPoolExecutor$DelayedWorkQueue.take(ScheduledThreadPoolExecutor.java:809)&#10;        at java.util.concurrent.ThreadPoolExecutor.getTask(ThreadPoolExecutor.java:1074)&#10;        at java.util.concurrent.ThreadPoolExecutor.runWorker(ThreadPoolExecutor.java:1134)&#10;        at java.util.concurrent.ThreadPoolExecutor$Worker.run(ThreadPoolExecutor.java:624)&#10;        at java.lang.Thread.run(Thread.java:748)&#10;&quot;pool-68-thread-32&quot;  prio=5 tid=603 in Object.wait()&#10;java.lang.Thread.State: WAITING (on object monitor)&#10;        at sun.misc.Unsafe.park(Native Method)&#10;        at java.util.concurrent.locks.LockSupport.park(LockSupport.java:175)&#10;        at java.util.concurrent.locks.AbstractQueuedSynchronizer$ConditionObject.await(AbstractQueuedSynchronizer.java:2039)&#10;        at java.util.concurrent.ArrayBlockingQueue.take(ArrayBlockingQueue.java:403)&#10;        at java.util.concurrent.ThreadPoolExecutor.getTask(ThreadPoolExecutor.java:1074)&#10;        at java.util.concurrent.ThreadPoolExecutor.runWorker(ThreadPoolExecutor.java:1134)&#10;        at java.util.concurrent.ThreadPoolExecutor$Worker.run(ThreadPoolExecutor.java:624)&#10;        at java.lang.Thread.run(Thread.java:748)&#10;&quot;pool-152-thread-57&quot;  prio=5 tid=868 in Object.wait()&#10;java.lang.Thread.State: WAITING (on object monitor)&#10;        at sun.misc.Unsafe.park(Native Method)&#10;        at java.util.concurrent.locks.LockSupport.park(LockSupport.java:175)&#10;        at java.util.concurrent.locks.AbstractQueuedSynchronizer$ConditionObject.await(AbstractQueuedSynchronizer.java:2039)&#10;        at java.util.concurrent.ArrayBlockingQueue.take(ArrayBlockingQueue.java:403)&#10;        at java.util.concurrent.ThreadPoolExecutor.getTask(ThreadPoolExecutor.java:1074)&#10;        at java.util.concurrent.ThreadPoolExecutor.runWorker(ThreadPoolExecutor.java:1134)&#10;        at java.util.concurrent.ThreadPoolExecutor$Worker.run(ThreadPoolExecutor.java:624)&#10;        at java.lang.Thread.run(Thread.java:748)&#10;&quot;pool-131-thread-8&quot;  prio=5 tid=759 in Object.wait()&#10;java.lang.Thread.State: WAITING (on object monitor)&#10;        at sun.misc.Unsafe.park(Native Method)&#10;        at java.util.concurrent.locks.LockSupport.park(LockSupport.java:175)&#10;        at java.util.concurrent.locks.AbstractQueuedSynchronizer$ConditionObject.await(AbstractQueuedSynchronizer.java:2039)&#10;        at java.util.concurrent.ArrayBlockingQueue.take(ArrayBlockingQueue.java:403)&#10;        at java.util.concurrent.ThreadPoolExecutor.getTask(ThreadPoolExecutor.java:1074)&#10;        at java.util.concurrent.ThreadPoolExecutor.runWorker(ThreadPoolExecutor.java:1134)&#10;        at java.util.concurrent.ThreadPoolExecutor$Worker.run(ThreadPoolExecutor.java:624)&#10;        at java.lang.Thread.run(Thread.java:748)&#10;&quot;pool-215-thread-25&quot;  prio=5 tid=1016 in Object.wait()&#10;java.lang.Thread.State: WAITING (on object monitor)&#10;        at sun.misc.Unsafe.park(Native Method)&#10;        at java.util.concurrent.locks.LockSupport.park(LockSupport.java:175)&#10;        at java.util.concurrent.locks.AbstractQueuedSynchronizer$ConditionObject.await(AbstractQueuedSynchronizer.java:2039)&#10;        at java.util.concurrent.ArrayBlockingQueue.take(ArrayBlockingQueue.java:403)&#10;        at java.util.concurrent.ThreadPoolExecutor.getTask(ThreadPoolExecutor.java:1074)&#10;        at java.util.concurrent.ThreadPoolExecutor.runWorker(ThreadPoolExecutor.java:1134)&#10;        at java.util.concurrent.ThreadPoolExecutor$Worker.run(ThreadPoolExecutor.java:624)&#10;        at java.lang.Thread.run(Thread.java:748)&#10;&quot;pool-47-thread-2&quot;  prio=5 tid=513 in Object.wait()&#10;java.lang.Thread.State: WAITING (on object monitor)&#10;        at sun.misc.Unsafe.park(Native Method)&#10;        at java.util.concurrent.locks.LockSupport.park(LockSupport.java:175)&#10;        at java.util.concurrent.locks.AbstractQueuedSynchronizer$ConditionObject.await(AbstractQueuedSynchronizer.java:2039)&#10;        at java.util.concurrent.ArrayBlockingQueue.take(ArrayBlockingQueue.java:403)&#10;        at java.util.concurrent.ThreadPoolExecutor.getTask(ThreadPoolExecutor.java:1074)&#10;        at java.util.concurrent.ThreadPoolExecutor.runWorker(ThreadPoolExecutor.java:1134)&#10;        at java.util.concurrent.ThreadPoolExecutor$Worker.run(ThreadPoolExecutor.java:624)&#10;        at java.lang.Thread.run(Thread.java:748)&#10;&quot;qtp608414678-222&quot; daemon prio=5 tid=222 timed_waiting&#10;java.lang.Thread.State: TIMED_WAITING&#10;        at sun.misc.Unsafe.park(Native Method)&#10;        at java.util.concurrent.locks.LockSupport.parkNanos(LockSupport.java:215)&#10;        at java.util.concurrent.locks.AbstractQueuedSynchronizer$ConditionObject.awaitNanos(AbstractQueuedSynchronizer.java:2078)&#10;        at org.eclipse.jetty.util.BlockingArrayQueue.poll(BlockingArrayQueue.java:392)&#10;        at org.eclipse.jetty.util.thread.QueuedThreadPool.idleJobPoll(QueuedThreadPool.java:563)&#10;        at org.eclipse.jetty.util.thread.QueuedThreadPool.access$800(QueuedThreadPool.java:48)&#10;        at org.eclipse.jetty.util.thread.QueuedThreadPool$2.run(QueuedThreadPool.java:626)&#10;        at java.lang.Thread.run(Thread.java:748)&#10;&quot;pool-47-thread-35&quot;  prio=5 tid=546 in Object.wait()&#10;java.lang.Thread.State: WAITING (on object monitor)&#10;        at sun.misc.Unsafe.park(Native Method)&#10;        at java.util.concurrent.locks.LockSupport.park(LockSupport.java:175)&#10;        at java.util.concurrent.locks.AbstractQueuedSynchronizer$ConditionObject.await(AbstractQueuedSynchronizer.java:2039)&#10;        at java.util.concurrent.ArrayBlockingQueue.take(ArrayBlockingQueue.java:403)&#10;        at java.util.concurrent.ThreadPoolExecutor.getTask(ThreadPoolExecutor.java:1074)&#10;        at java.util.concurrent.ThreadPoolExecutor.runWorker(ThreadPoolExecutor.java:1134)&#10;        at java.util.concurrent.ThreadPoolExecutor$Worker.run(ThreadPoolExecutor.java:624)&#10;        at java.lang.Thread.run(Thread.java:748)&#10;&quot;Command processor thread&quot; daemon prio=5 tid=180 timed_waiting&#10;java.lang.Thread.State: TIMED_WAITING&#10;        at java.lang.Thread.sleep(Native Method)&#10;        at org.apache.hadoop.ozone.container.common.statemachine.DatanodeStateMachine.lambda$initCommandHandlerThread$1(DatanodeStateMachine.java:439)&#10;        at org.apache.hadoop.ozone.container.common.statemachine.DatanodeStateMachine$$Lambda$140/804134309.run(Unknown Source)&#10;        at java.lang.Thread.run(Thread.java:748)&#10;&quot;Thread-368&quot; daemon prio=5 tid=1181 timed_waiting&#10;java.lang.Thread.State: TIMED_WAITING&#10;        at sun.misc.Unsafe.park(Native Method)&#10;        at java.util.concurrent.locks.LockSupport.parkNanos(LockSupport.java:215)&#10;        at java.util.concurrent.locks.AbstractQueuedSynchronizer$ConditionObject.awaitNanos(AbstractQueuedSynchronizer.java:2078)&#10;        at java.util.concurrent.ArrayBlockingQueue.poll(ArrayBlockingQueue.java:418)&#10;        at org.apache.ratis.server.impl.LeaderState$EventQueue.poll(LeaderState.java:114)&#10;        at org.apache.ratis.server.impl.LeaderState$EventProcessor.run(LeaderState.java:438)&#10;&quot;pool-89-thread-12&quot;  prio=5 tid=643 in Object.wait()&#10;java.lang.Thread.State: WAITING (on object monitor)&#10;        at sun.misc.Unsafe.park(Native Method)&#10;        at java.util.concurrent.locks.LockSupport.park(LockSupport.java:175)&#10;        at java.util.concurrent.locks.AbstractQueuedSynchronizer$ConditionObject.await(AbstractQueuedSynchronizer.java:2039)&#10;        at java.util.concurrent.ArrayBlockingQueue.take(ArrayBlockingQueue.java:403)&#10;        at java.util.concurrent.ThreadPoolExecutor.getTask(ThreadPoolExecutor.java:1074)&#10;        at java.util.concurrent.ThreadPoolExecutor.runWorker(ThreadPoolExecutor.java:1134)&#10;        at java.util.concurrent.ThreadPoolExecutor$Worker.run(ThreadPoolExecutor.java:624)&#10;        at java.lang.Thread.run(Thread.java:748)&#10;&quot;pool-108-thread-1&quot; daemon prio=5 tid=275 timed_waiting&#10;java.lang.Thread.State: TIMED_WAITING&#10;        at sun.misc.Unsafe.park(Native Method)&#10;        at java.util.concurrent.locks.LockSupport.parkNanos(LockSupport.java:215)&#10;        at java.util.concurrent.locks.AbstractQueuedSynchronizer$ConditionObject.awaitNanos(AbstractQueuedSynchronizer.java:2078)&#10;        at java.util.concurrent.ScheduledThreadPoolExecutor$DelayedWorkQueue.take(ScheduledThreadPoolExecutor.java:1093)&#10;        at java.util.concurrent.ScheduledThreadPoolExecutor$DelayedWorkQueue.take(ScheduledThreadPoolExecutor.java:809)&#10;        at java.util.concurrent.ThreadPoolExecutor.getTask(ThreadPoolExecutor.java:1074)&#10;        at java.util.concurrent.ThreadPoolExecutor.runWorker(ThreadPoolExecutor.java:1134)&#10;        at java.util.concurrent.ThreadPoolExecutor$Worker.run(ThreadPoolExecutor.java:624)&#10;        at java.lang.Thread.run(Thread.java:748)&#10;&quot;pool-26-thread-5&quot;  prio=5 tid=455 in Object.wait()&#10;java.lang.Thread.State: WAITING (on object monitor)&#10;        at sun.misc.Unsafe.park(Native Method)&#10;        at java.util.concurrent.locks.LockSupport.park(LockSupport.java:175)&#10;        at java.util.concurrent.locks.AbstractQueuedSynchronizer$ConditionObject.await(AbstractQueuedSynchronizer.java:2039)&#10;        at java.util.concurrent.ArrayBlockingQueue.take(ArrayBlockingQueue.java:403)&#10;        at java.util.concurrent.ThreadPoolExecutor.getTask(ThreadPoolExecutor.java:1074)&#10;        at java.util.concurrent.ThreadPoolExecutor.runWorker(ThreadPoolExecutor.java:1134)&#10;        at java.util.concurrent.ThreadPoolExecutor$Worker.run(ThreadPoolExecutor.java:624)&#10;        at java.lang.Thread.run(Thread.java:748)&#10;&quot;pool-215-thread-42&quot;  prio=5 tid=1033 in Object.wait()&#10;java.lang.Thread.State: WAITING (on object monitor)&#10;        at sun.misc.Unsafe.park(Native Method)&#10;        at java.util.concurrent.locks.LockSupport.park(LockSupport.java:175)&#10;        at java.util.concurrent.locks.AbstractQueuedSynchronizer$ConditionObject.await(AbstractQueuedSynchronizer.java:2039)&#10;        at java.util.concurrent.ArrayBlockingQueue.take(ArrayBlockingQueue.java:403)&#10;        at java.util.concurrent.ThreadPoolExecutor.getTask(ThreadPoolExecutor.java:1074)&#10;        at java.util.concurrent.ThreadPoolExecutor.runWorker(ThreadPoolExecutor.java:1134)&#10;        at java.util.concurrent.ThreadPoolExecutor$Worker.run(ThreadPoolExecutor.java:624)&#10;        at java.lang.Thread.run(Thread.java:748)&#10;&quot;pool-110-thread-4&quot;  prio=5 tid=695 in Object.wait()&#10;java.lang.Thread.State: WAITING (on object monitor)&#10;        at sun.misc.Unsafe.park(Native Method)&#10;        at java.util.concurrent.locks.LockSupport.park(LockSupport.java:175)&#10;        at java.util.concurrent.locks.AbstractQueuedSynchronizer$ConditionObject.await(AbstractQueuedSynchronizer.java:2039)&#10;        at java.util.concurrent.ArrayBlockingQueue.take(ArrayBlockingQueue.java:403)&#10;        at java.util.concurrent.ThreadPoolExecutor.getTask(ThreadPoolExecutor.java:1074)&#10;        at java.util.concurrent.ThreadPoolExecutor.runWorker(ThreadPoolExecutor.java:1134)&#10;        at java.util.concurrent.ThreadPoolExecutor$Worker.run(ThreadPoolExecutor.java:624)&#10;        at java.lang.Thread.run(Thread.java:748)&#10;&quot;Thread-370&quot; daemon prio=5 tid=1183 timed_waiting&#10;java.lang.Thread.State: TIMED_WAITING&#10;        at sun.misc.Unsafe.park(Native Method)&#10;        at java.util.concurrent.locks.LockSupport.parkNanos(LockSupport.java:215)&#10;        at java.util.concurrent.locks.AbstractQueuedSynchronizer$ConditionObject.awaitNanos(AbstractQueuedSynchronizer.java:2078)&#10;        at java.util.concurrent.ArrayBlockingQueue.poll(ArrayBlockingQueue.java:418)&#10;        at org.apache.ratis.server.impl.LeaderState$EventQueue.poll(LeaderState.java:114)&#10;        at org.apache.ratis.server.impl.LeaderState$EventProcessor.run(LeaderState.java:438)&#10;&quot;Datanode ReportManager Thread - 0&quot; daemon prio=5 tid=443 in Object.wait()&#10;java.lang.Thread.State: WAITING (on object monitor)&#10;        at sun.misc.Unsafe.park(Native Method)&#10;        at java.util.concurrent.locks.LockSupport.park(LockSupport.java:175)&#10;        at java.util.concurrent.locks.AbstractQueuedSynchronizer$ConditionObject.await(AbstractQueuedSynchronizer.java:2039)&#10;        at java.util.concurrent.ScheduledThreadPoolExecutor$DelayedWorkQueue.take(ScheduledThreadPoolExecutor.java:1088)&#10;        at java.util.concurrent.ScheduledThreadPoolExecutor$DelayedWorkQueue.take(ScheduledThreadPoolExecutor.java:809)&#10;        at java.util.concurrent.ThreadPoolExecutor.getTask(ThreadPoolExecutor.java:1074)&#10;        at java.util.concurrent.ThreadPoolExecutor.runWorker(ThreadPoolExecutor.java:1134)&#10;        at java.util.concurrent.ThreadPoolExecutor$Worker.run(ThreadPoolExecutor.java:624)&#10;        at java.lang.Thread.run(Thread.java:748)&#10;&quot;RatisPipelineUtilsThread&quot;  prio=5 tid=1053 timed_waiting&#10;java.lang.Thread.State: TIMED_WAITING&#10;        at sun.misc.Unsafe.park(Native Method)&#10;        at java.util.concurrent.locks.LockSupport.parkNanos(LockSupport.java:215)&#10;        at java.util.concurrent.locks.AbstractQueuedSynchronizer$ConditionObject.awaitNanos(AbstractQueuedSynchronizer.java:2078)&#10;        at java.util.concurrent.ScheduledThreadPoolExecutor$DelayedWorkQueue.take(ScheduledThreadPoolExecutor.java:1093)&#10;        at java.util.concurrent.ScheduledThreadPoolExecutor$DelayedWorkQueue.take(ScheduledThreadPoolExecutor.java:809)&#10;        at java.util.concurrent.ThreadPoolExecutor.getTask(ThreadPoolExecutor.java:1074)&#10;        at java.util.concurrent.ThreadPoolExecutor.runWorker(ThreadPoolExecutor.java:1134)&#10;        at java.util.concurrent.ThreadPoolExecutor$Worker.run(ThreadPoolExecutor.java:624)&#10;        at java.lang.Thread.run(Thread.java:748)&#10;&quot;Datanode State Machine Thread - 0&quot; daemon prio=5 tid=182 timed_waiting&#10;java.lang.Thread.State: TIMED_WAITING&#10;        at sun.misc.Unsafe.park(Native Method)&#10;        at java.util.concurrent.locks.LockSupport.parkNanos(LockSupport.java:215)&#10;        at java.util.concurrent.SynchronousQueue$TransferStack.awaitFulfill(SynchronousQueue.java:460)&#10;        at java.util.concurrent.SynchronousQueue$TransferStack.transfer(SynchronousQueue.java:362)&#10;        at java.util.concurrent.SynchronousQueue.poll(SynchronousQueue.java:941)&#10;        at java.util.concurrent.ThreadPoolExecutor.getTask(ThreadPoolExecutor.java:1073)&#10;        at java.util.concurrent.ThreadPoolExecutor.runWorker(ThreadPoolExecutor.java:1134)&#10;        at java.util.concurrent.ThreadPoolExecutor$Worker.run(ThreadPoolExecutor.java:624)&#10;        at java.lang.Thread.run(Thread.java:748)&#10;&quot;pool-47-thread-45&quot;  prio=5 tid=556 in Object.wait()&#10;java.lang.Thread.State: WAITING (on object monitor)&#10;        at sun.misc.Unsafe.park(Native Method)&#10;        at java.util.concurrent.locks.LockSupport.park(LockSupport.java:175)&#10;        at java.util.concurrent.locks.AbstractQueuedSynchronizer$ConditionObject.await(AbstractQueuedSynchronizer.java:2039)&#10;        at java.util.concurrent.ArrayBlockingQueue.take(ArrayBlockingQueue.java:403)&#10;        at java.util.concurrent.ThreadPoolExecutor.getTask(ThreadPoolExecutor.java:1074)&#10;        at java.util.concurrent.ThreadPoolExecutor.runWorker(ThreadPoolExecutor.java:1134)&#10;        at java.util.concurrent.ThreadPoolExecutor$Worker.run(ThreadPoolExecutor.java:624)&#10;        at java.lang.Thread.run(Thread.java:748)&#10;&quot;IPC Server handler 0 on 46447&quot; daemon prio=5 tid=50 timed_waiting&#10;java.lang.Thread.State: TIMED_WAITING&#10;        at sun.misc.Unsafe.park(Native Method)&#10;        at java.util.concurrent.locks.LockSupport.parkNanos(LockSupport.java:215)&#10;        at java.util.concurrent.locks.AbstractQueuedSynchronizer$ConditionObject.awaitNanos(AbstractQueuedSynchronizer.java:2078)&#10;        at java.util.concurrent.LinkedBlockingQueue.poll(LinkedBlockingQueue.java:467)&#10;        at org.apache.hadoop.ipc.CallQueueManager.take(CallQueueManager.java:288)&#10;        at org.apache.hadoop.ipc.Server$Handler.run(Server.java:2668)&#10;&quot;a83b0601-c70d-4140-b27f-c227c6feeccd-RaftLogWorker&quot;  prio=5 tid=1065 timed_waiting&#10;java.lang.Thread.State: TIMED_WAITING&#10;        at sun.misc.Unsafe.park(Native Method)&#10;        at java.util.concurrent.locks.LockSupport.parkNanos(LockSupport.java:215)&#10;        at java.util.concurrent.locks.AbstractQueuedSynchronizer$ConditionObject.awaitNanos(AbstractQueuedSynchronizer.java:2078)&#10;        at org.apache.ratis.util.DataBlockingQueue.poll(DataBlockingQueue.java:137)&#10;        at org.apache.ratis.server.storage.RaftLogWorker.run(RaftLogWorker.java:216)&#10;        at java.lang.Thread.run(Thread.java:748)&#10;&quot;pool-173-thread-43&quot;  prio=5 tid=914 in Object.wait()&#10;java.lang.Thread.State: WAITING (on object monitor)&#10;        at sun.misc.Unsafe.park(Native Method)&#10;        at java.util.concurrent.locks.LockSupport.park(LockSupport.java:175)&#10;        at java.util.concurrent.locks.AbstractQueuedSynchronizer$ConditionObject.await(AbstractQueuedSynchronizer.java:2039)&#10;        at java.util.concurrent.ArrayBlockingQueue.take(ArrayBlockingQueue.java:403)&#10;        at java.util.concurrent.ThreadPoolExecutor.getTask(ThreadPoolExecutor.java:1074)&#10;        at java.util.concurrent.ThreadPoolExecutor.runWorker(ThreadPoolExecutor.java:1134)&#10;        at java.util.concurrent.ThreadPoolExecutor$Worker.run(ThreadPoolExecutor.java:624)&#10;        at java.lang.Thread.run(Thread.java:748)&#10;&quot;pool-26-thread-48&quot;  prio=5 tid=498 in Object.wait()&#10;java.lang.Thread.State: WAITING (on object monitor)&#10;        at sun.misc.Unsafe.park(Native Method)&#10;        at java.util.concurrent.locks.LockSupport.park(LockSupport.java:175)&#10;        at java.util.concurrent.locks.AbstractQueuedSynchronizer$ConditionObject.await(AbstractQueuedSynchronizer.java:2039)&#10;        at java.util.concurrent.ArrayBlockingQueue.take(ArrayBlockingQueue.java:403)&#10;        at java.util.concurrent.ThreadPoolExecutor.getTask(ThreadPoolExecutor.java:1074)&#10;        at java.util.concurrent.ThreadPoolExecutor.runWorker(ThreadPoolExecutor.java:1134)&#10;        at java.util.concurrent.ThreadPoolExecutor$Worker.run(ThreadPoolExecutor.java:624)&#10;        at java.lang.Thread.run(Thread.java:748)&#10;&quot;IPC Server handler 5 on 46447&quot; daemon prio=5 tid=55 timed_waiting&#10;java.lang.Thread.State: TIMED_WAITING&#10;        at sun.misc.Unsafe.park(Native Method)&#10;        at java.util.concurrent.locks.LockSupport.parkNanos(LockSupport.java:215)&#10;        at java.util.concurrent.locks.AbstractQueuedSynchronizer$ConditionObject.awaitNanos(AbstractQueuedSynchronizer.java:2078)&#10;        at java.util.concurrent.LinkedBlockingQueue.poll(LinkedBlockingQueue.java:467)&#10;        at org.apache.hadoop.ipc.CallQueueManager.take(CallQueueManager.java:288)&#10;        at org.apache.hadoop.ipc.Server$Handler.run(Server.java:2668)&#10;&quot;IPC Server handler 18 on 33779&quot; daemon prio=5 tid=88 timed_waiting&#10;java.lang.Thread.State: TIMED_WAITING&#10;        at sun.misc.Unsafe.park(Native Method)&#10;        at java.util.concurrent.locks.LockSupport.parkNanos(LockSupport.java:215)&#10;        at java.util.concurrent.locks.AbstractQueuedSynchronizer$ConditionObject.awaitNanos(AbstractQueuedSynchronizer.java:2078)&#10;        at java.util.concurrent.LinkedBlockingQueue.poll(LinkedBlockingQueue.java:467)&#10;        at org.apache.hadoop.ipc.CallQueueManager.take(CallQueueManager.java:288)&#10;        at org.apache.hadoop.ipc.Server$Handler.run(Server.java:2668)&#10;&quot;pool-152-thread-52&quot;  prio=5 tid=863 in Object.wait()&#10;java.lang.Thread.State: WAITING (on object monitor)&#10;        at sun.misc.Unsafe.park(Native Method)&#10;        at java.util.concurrent.locks.LockSupport.park(LockSupport.java:175)&#10;        at java.util.concurrent.locks.AbstractQueuedSynchronizer$ConditionObject.await(AbstractQueuedSynchronizer.java:2039)&#10;        at java.util.concurrent.ArrayBlockingQueue.take(ArrayBlockingQueue.java:403)&#10;        at java.util.concurrent.ThreadPoolExecutor.getTask(ThreadPoolExecutor.java:1074)&#10;        at java.util.concurrent.ThreadPoolExecutor.runWorker(ThreadPoolExecutor.java:1134)&#10;        at java.util.concurrent.ThreadPoolExecutor$Worker.run(ThreadPoolExecutor.java:624)&#10;        at java.lang.Thread.run(Thread.java:748)&#10;&quot;pool-110-thread-3&quot;  prio=5 tid=694 in Object.wait()&#10;java.lang.Thread.State: WAITING (on object monitor)&#10;        at sun.misc.Unsafe.park(Native Method)&#10;        at java.util.concurrent.locks.LockSupport.park(LockSupport.java:175)&#10;        at java.util.concurrent.locks.AbstractQueuedSynchronizer$ConditionObject.await(AbstractQueuedSynchronizer.java:2039)&#10;        at java.util.concurrent.ArrayBlockingQueue.take(ArrayBlockingQueue.java:403)&#10;        at java.util.concurrent.ThreadPoolExecutor.getTask(ThreadPoolExecutor.java:1074)&#10;        at java.util.concurrent.ThreadPoolExecutor.runWorker(ThreadPoolExecutor.java:1134)&#10;        at java.util.concurrent.ThreadPoolExecutor$Worker.run(ThreadPoolExecutor.java:624)&#10;        at java.lang.Thread.run(Thread.java:748)&#10;&quot;pool-68-thread-49&quot;  prio=5 tid=620 in Object.wait()&#10;java.lang.Thread.State: WAITING (on object monitor)&#10;        at sun.misc.Unsafe.park(Native Method)&#10;        at java.util.concurrent.locks.LockSupport.park(LockSupport.java:175)&#10;        at java.util.concurrent.locks.AbstractQueuedSynchronizer$ConditionObject.await(AbstractQueuedSynchronizer.java:2039)&#10;        at java.util.concurrent.ArrayBlockingQueue.take(ArrayBlockingQueue.java:403)&#10;        at java.util.concurrent.ThreadPoolExecutor.getTask(ThreadPoolExecutor.java:1074)&#10;        at java.util.concurrent.ThreadPoolExecutor.runWorker(ThreadPoolExecutor.java:1134)&#10;        at java.util.concurrent.ThreadPoolExecutor$Worker.run(ThreadPoolExecutor.java:624)&#10;        at java.lang.Thread.run(Thread.java:748)&#10;&quot;qtp608414678-221-acceptor-0@5c53c11e-ServerConnector@7455dacb{HTTP/1.1,[http/1.1]}{0.0.0.0:39959}&quot; daemon prio=3 tid=221 runnable&#10;java.lang.Thread.State: RUNNABLE&#10;        at sun.nio.ch.ServerSocketChannelImpl.accept0(Native Method)&#10;        at sun.nio.ch.ServerSocketChannelImpl.accept(ServerSocketChannelImpl.java:422)&#10;        at sun.nio.ch.ServerSocketChannelImpl.accept(ServerSocketChannelImpl.java:250)&#10;        at org.eclipse.jetty.server.ServerConnector.accept(ServerConnector.java:397)&#10;        at org.eclipse.jetty.server.AbstractConnector$Acceptor.run(AbstractConnector.java:601)&#10;        at org.eclipse.jetty.util.thread.QueuedThreadPool.runJob(QueuedThreadPool.java:671)&#10;        at org.eclipse.jetty.util.thread.QueuedThreadPool$2.run(QueuedThreadPool.java:589)&#10;        at java.lang.Thread.run(Thread.java:748)&#10;&quot;pool-41-thread-1&quot;  prio=5 tid=159 timed_waiting&#10;java.lang.Thread.State: TIMED_WAITING&#10;        at sun.misc.Unsafe.park(Native Method)&#10;        at java.util.concurrent.locks.LockSupport.parkNanos(LockSupport.java:215)&#10;        at java.util.concurrent.locks.AbstractQueuedSynchronizer$ConditionObject.awaitNanos(AbstractQueuedSynchronizer.java:2078)&#10;        at java.util.concurrent.ScheduledThreadPoolExecutor$DelayedWorkQueue.take(ScheduledThreadPoolExecutor.java:1093)&#10;        at java.util.concurrent.ScheduledThreadPoolExecutor$DelayedWorkQueue.take(ScheduledThreadPoolExecutor.java:809)&#10;        at java.util.concurrent.ThreadPoolExecutor.getTask(ThreadPoolExecutor.java:1074)&#10;        at java.util.concurrent.ThreadPoolExecutor.runWorker(ThreadPoolExecutor.java:1134)&#10;        at java.util.concurrent.ThreadPoolExecutor$Worker.run(ThreadPoolExecutor.java:624)&#10;        at java.lang.Thread.run(Thread.java:748)&#10;&quot;Thread-360&quot; daemon prio=5 tid=1173 timed_waiting&#10;java.lang.Thread.State: TIMED_WAITING&#10;        at sun.misc.Unsafe.park(Native Method)&#10;        at java.util.concurrent.locks.LockSupport.parkNanos(LockSupport.java:215)&#10;        at java.util.concurrent.locks.AbstractQueuedSynchronizer$ConditionObject.awaitNanos(AbstractQueuedSynchronizer.java:2078)&#10;        at java.util.concurrent.ArrayBlockingQueue.poll(ArrayBlockingQueue.java:418)&#10;        at org.apache.ratis.server.impl.LeaderState$EventQueue.poll(LeaderState.java:114)&#10;        at org.apache.ratis.server.impl.LeaderState$EventProcessor.run(LeaderState.java:438)&#10;&quot;EventQueue-PipelineReportForPipelineReportHandler&quot; daemon prio=5 tid=1057 in Object.wait()&#10;java.lang.Thread.State: WAITING (on object monitor)&#10;        at sun.misc.Unsafe.park(Native Method)&#10;        at java.util.concurrent.locks.LockSupport.park(LockSupport.java:175)&#10;        at java.util.concurrent.locks.AbstractQueuedSynchronizer$ConditionObject.await(AbstractQueuedSynchronizer.java:2039)&#10;        at java.util.concurrent.LinkedBlockingQueue.take(LinkedBlockingQueue.java:442)&#10;        at java.util.concurrent.ThreadPoolExecutor.getTask(ThreadPoolExecutor.java:1074)&#10;        at java.util.concurrent.ThreadPoolExecutor.runWorker(ThreadPoolExecutor.java:1134)&#10;        at java.util.concurrent.ThreadPoolExecutor$Worker.run(ThreadPoolExecutor.java:624)&#10;        at java.lang.Thread.run(Thread.java:748)&#10;&quot;pool-173-thread-16&quot;  prio=5 tid=887 in Object.wait()&#10;java.lang.Thread.State: WAITING (on object monitor)&#10;        at sun.misc.Unsafe.park(Native Method)&#10;        at java.util.concurrent.locks.LockSupport.park(LockSupport.java:175)&#10;        at java.util.concurrent.locks.AbstractQueuedSynchronizer$ConditionObject.await(AbstractQueuedSynchronizer.java:2039)&#10;        at java.util.concurrent.ArrayBlockingQueue.take(ArrayBlockingQueue.java:403)&#10;        at java.util.concurrent.ThreadPoolExecutor.getTask(ThreadPoolExecutor.java:1074)&#10;        at java.util.concurrent.ThreadPoolExecutor.runWorker(ThreadPoolExecutor.java:1134)&#10;        at java.util.concurrent.ThreadPoolExecutor$Worker.run(ThreadPoolExecutor.java:624)&#10;        at java.lang.Thread.run(Thread.java:748)&#10;&quot;pool-152-thread-29&quot;  prio=5 tid=840 in Object.wait()&#10;java.lang.Thread.State: WAITING (on object monitor)&#10;        at sun.misc.Unsafe.park(Native Method)&#10;        at java.util.concurrent.locks.LockSupport.park(LockSupport.java:175)&#10;        at java.util.concurrent.locks.AbstractQueuedSynchronizer$ConditionObject.await(AbstractQueuedSynchronizer.java:2039)&#10;        at java.util.concurrent.ArrayBlockingQueue.take(ArrayBlockingQueue.java:403)&#10;        at java.util.concurrent.ThreadPoolExecutor.getTask(ThreadPoolExecutor.java:1074)&#10;        at java.util.concurrent.ThreadPoolExecutor.runWorker(ThreadPoolExecutor.java:1134)&#10;        at java.util.concurrent.ThreadPoolExecutor$Worker.run(ThreadPoolExecutor.java:624)&#10;        at java.lang.Thread.run(Thread.java:748)&#10;&quot;pool-152-thread-45&quot;  prio=5 tid=856 in Object.wait()&#10;java.lang.Thread.State: WAITING (on object monitor)&#10;        at sun.misc.Unsafe.park(Native Method)&#10;        at java.util.concurrent.locks.LockSupport.park(LockSupport.java:175)&#10;        at java.util.concurrent.locks.AbstractQueuedSynchronizer$ConditionObject.await(AbstractQueuedSynchronizer.java:2039)&#10;        at java.util.concurrent.ArrayBlockingQueue.take(ArrayBlockingQueue.java:403)&#10;        at java.util.concurrent.ThreadPoolExecutor.getTask(ThreadPoolExecutor.java:1074)&#10;        at java.util.concurrent.ThreadPoolExecutor.runWorker(ThreadPoolExecutor.java:1134)&#10;        at java.util.concurrent.ThreadPoolExecutor$Worker.run(ThreadPoolExecutor.java:624)&#10;        at java.lang.Thread.run(Thread.java:748)&#10;&quot;pool-89-thread-33&quot;  prio=5 tid=664 in Object.wait()&#10;java.lang.Thread.State: WAITING (on object monitor)&#10;        at sun.misc.Unsafe.park(Native Method)&#10;        at java.util.concurrent.locks.LockSupport.park(LockSupport.java:175)&#10;        at java.util.concurrent.locks.AbstractQueuedSynchronizer$ConditionObject.await(AbstractQueuedSynchronizer.java:2039)&#10;        at java.util.concurrent.ArrayBlockingQueue.take(ArrayBlockingQueue.java:403)&#10;        at java.util.concurrent.ThreadPoolExecutor.getTask(ThreadPoolExecutor.java:1074)&#10;        at java.util.concurrent.ThreadPoolExecutor.runWorker(ThreadPoolExecutor.java:1134)&#10;        at java.util.concurrent.ThreadPoolExecutor$Worker.run(ThreadPoolExecutor.java:624)&#10;        at java.lang.Thread.run(Thread.java:748)&#10;&quot;qtp838812606-93&quot; daemon prio=5 tid=93 timed_waiting&#10;java.lang.Thread.State: TIMED_WAITING&#10;        at sun.misc.Unsafe.park(Native Method)&#10;        at java.util.concurrent.locks.LockSupport.parkNanos(LockSupport.java:215)&#10;        at java.util.concurrent.locks.AbstractQueuedSynchronizer$ConditionObject.awaitNanos(AbstractQueuedSynchronizer.java:2078)&#10;        at org.eclipse.jetty.util.BlockingArrayQueue.poll(BlockingArrayQueue.java:392)&#10;        at org.eclipse.jetty.util.thread.QueuedThreadPool.idleJobPoll(QueuedThreadPool.java:563)&#10;        at org.eclipse.jetty.util.thread.QueuedThreadPool.access$800(QueuedThreadPool.java:48)&#10;        at org.eclipse.jetty.util.thread.QueuedThreadPool$2.run(QueuedThreadPool.java:626)&#10;        at java.lang.Thread.run(Thread.java:748)&#10;&quot;pool-131-thread-47&quot;  prio=5 tid=798 in Object.wait()&#10;java.lang.Thread.State: WAITING (on object monitor)&#10;        at sun.misc.Unsafe.park(Native Method)&#10;        at java.util.concurrent.locks.LockSupport.park(LockSupport.java:175)&#10;        at java.util.concurrent.locks.AbstractQueuedSynchronizer$ConditionObject.await(AbstractQueuedSynchronizer.java:2039)&#10;        at java.util.concurrent.ArrayBlockingQueue.take(ArrayBlockingQueue.java:403)&#10;        at java.util.concurrent.ThreadPoolExecutor.getTask(ThreadPoolExecutor.java:1074)&#10;        at java.util.concurrent.ThreadPoolExecutor.runWorker(ThreadPoolExecutor.java:1134)&#10;        at java.util.concurrent.ThreadPoolExecutor$Worker.run(ThreadPoolExecutor.java:624)&#10;        at java.lang.Thread.run(Thread.java:748)&#10;&quot;pool-47-thread-19&quot;  prio=5 tid=530 in Object.wait()&#10;java.lang.Thread.State: WAITING (on object monitor)&#10;        at sun.misc.Unsafe.park(Native Method)&#10;        at java.util.concurrent.locks.LockSupport.park(LockSupport.java:175)&#10;        at java.util.concurrent.locks.AbstractQueuedSynchronizer$ConditionObject.await(AbstractQueuedSynchronizer.java:2039)&#10;        at java.util.concurrent.ArrayBlockingQueue.take(ArrayBlockingQueue.java:403)&#10;        at java.util.concurrent.ThreadPoolExecutor.getTask(ThreadPoolExecutor.java:1074)&#10;        at java.util.concurrent.ThreadPoolExecutor.runWorker(ThreadPoolExecutor.java:1134)&#10;        at java.util.concurrent.ThreadPoolExecutor$Worker.run(ThreadPoolExecutor.java:624)&#10;        at java.lang.Thread.run(Thread.java:748)&#10;&quot;pool-215-thread-37&quot;  prio=5 tid=1028 in Object.wait()&#10;java.lang.Thread.State: WAITING (on object monitor)&#10;        at sun.misc.Unsafe.park(Native Method)&#10;        at java.util.concurrent.locks.LockSupport.park(LockSupport.java:175)&#10;        at java.util.concurrent.locks.AbstractQueuedSynchronizer$ConditionObject.await(AbstractQueuedSynchronizer.java:2039)&#10;        at java.util.concurrent.ArrayBlockingQueue.take(ArrayBlockingQueue.java:403)&#10;        at java.util.concurrent.ThreadPoolExecutor.getTask(ThreadPoolExecutor.java:1074)&#10;        at java.util.concurrent.ThreadPoolExecutor.runWorker(ThreadPoolExecutor.java:1134)&#10;        at java.util.concurrent.ThreadPoolExecutor$Worker.run(ThreadPoolExecutor.java:624)&#10;        at java.lang.Thread.run(Thread.java:748)&#10;&quot;pool-131-thread-16&quot;  prio=5 tid=767 in Object.wait()&#10;java.lang.Thread.State: WAITING (on object monitor)&#10;        at sun.misc.Unsafe.park(Native Method)&#10;        at java.util.concurrent.locks.LockSupport.park(LockSupport.java:175)&#10;        at java.util.concurrent.locks.AbstractQueuedSynchronizer$ConditionObject.await(AbstractQueuedSynchronizer.java:2039)&#10;        at java.util.concurrent.ArrayBlockingQueue.take(ArrayBlockingQueue.java:403)&#10;        at java.util.concurrent.ThreadPoolExecutor.getTask(ThreadPoolExecutor.java:1074)&#10;        at java.util.concurrent.ThreadPoolExecutor.runWorker(ThreadPoolExecutor.java:1134)&#10;        at java.util.concurrent.ThreadPoolExecutor$Worker.run(ThreadPoolExecutor.java:624)&#10;        at java.lang.Thread.run(Thread.java:748)&#10;&quot;IPC Server handler 12 on 33779&quot; daemon prio=5 tid=82 timed_waiting&#10;java.lang.Thread.State: TIMED_WAITING&#10;        at sun.misc.Unsafe.park(Native Method)&#10;        at java.util.concurrent.locks.LockSupport.parkNanos(LockSupport.java:215)&#10;        at java.util.concurrent.locks.AbstractQueuedSynchronizer$ConditionObject.awaitNanos(AbstractQueuedSynchronizer.java:2078)&#10;        at java.util.concurrent.LinkedBlockingQueue.poll(LinkedBlockingQueue.java:467)&#10;        at org.apache.hadoop.ipc.CallQueueManager.take(CallQueueManager.java:288)&#10;        at org.apache.hadoop.ipc.Server$Handler.run(Server.java:2668)&#10;&quot;pool-152-thread-33&quot;  prio=5 tid=844 in Object.wait()&#10;java.lang.Thread.State: WAITING (on object monitor)&#10;        at sun.misc.Unsafe.park(Native Method)&#10;        at java.util.concurrent.locks.LockSupport.park(LockSupport.java:175)&#10;        at java.util.concurrent.locks.AbstractQueuedSynchronizer$ConditionObject.await(AbstractQueuedSynchronizer.java:2039)&#10;        at java.util.concurrent.ArrayBlockingQueue.take(ArrayBlockingQueue.java:403)&#10;        at java.util.concurrent.ThreadPoolExecutor.getTask(ThreadPoolExecutor.java:1074)&#10;        at java.util.concurrent.ThreadPoolExecutor.runWorker(ThreadPoolExecutor.java:1134)&#10;        at java.util.concurrent.ThreadPoolExecutor$Worker.run(ThreadPoolExecutor.java:624)&#10;        at java.lang.Thread.run(Thread.java:748)&#10;&quot;pool-89-thread-36&quot;  prio=5 tid=667 in Object.wait()&#10;java.lang.Thread.State: WAITING (on object monitor)&#10;        at sun.misc.Unsafe.park(Native Method)&#10;        at java.util.concurrent.locks.LockSupport.park(LockSupport.java:175)&#10;        at java.util.concurrent.locks.AbstractQueuedSynchronizer$ConditionObject.await(AbstractQueuedSynchronizer.java:2039)&#10;        at java.util.concurrent.ArrayBlockingQueue.take(ArrayBlockingQueue.java:403)&#10;        at java.util.concurrent.ThreadPoolExecutor.getTask(ThreadPoolExecutor.java:1074)&#10;        at java.util.concurrent.ThreadPoolExecutor.runWorker(ThreadPoolExecutor.java:1134)&#10;        at java.util.concurrent.ThreadPoolExecutor$Worker.run(ThreadPoolExecutor.java:624)&#10;        at java.lang.Thread.run(Thread.java:748)&#10;&quot;EventQueue-NodeRegistrationContainerReportForDataNodeSafeModeRule&quot; daemon prio=5 tid=1056 in Object.wait()&#10;java.lang.Thread.State: WAITING (on object monitor)&#10;        at sun.misc.Unsafe.park(Native Method)&#10;        at java.util.concurrent.locks.LockSupport.park(LockSupport.java:175)&#10;        at java.util.concurrent.locks.AbstractQueuedSynchronizer$ConditionObject.await(AbstractQueuedSynchronizer.java:2039)&#10;        at java.util.concurrent.LinkedBlockingQueue.take(LinkedBlockingQueue.java:442)&#10;        at java.util.concurrent.ThreadPoolExecutor.getTask(ThreadPoolExecutor.java:1074)&#10;        at java.util.concurrent.ThreadPoolExecutor.runWorker(ThreadPoolExecutor.java:1134)&#10;        at java.util.concurrent.ThreadPoolExecutor$Worker.run(ThreadPoolExecutor.java:624)&#10;        at java.lang.Thread.run(Thread.java:748)&#10;&quot;org.apache.hadoop.util.JvmPauseMonitor$Monitor@3aac9f77&quot; daemon prio=5 tid=360 timed_waiting&#10;java.lang.Thread.State: TIMED_WAITING&#10;        at java.lang.Thread.sleep(Native Method)&#10;        at org.apache.hadoop.util.JvmPauseMonitor$Monitor.run(JvmPauseMonitor.java:192)&#10;        at java.lang.Thread.run(Thread.java:748)&#10;&quot;pool-110-thread-8&quot;  prio=5 tid=699 in Object.wait()&#10;java.lang.Thread.State: WAITING (on object monitor)&#10;        at sun.misc.Unsafe.park(Native Method)&#10;        at java.util.concurrent.locks.LockSupport.park(LockSupport.java:175)&#10;        at java.util.concurrent.locks.AbstractQueuedSynchronizer$ConditionObject.await(AbstractQueuedSynchronizer.java:2039)&#10;        at java.util.concurrent.ArrayBlockingQueue.take(ArrayBlockingQueue.java:403)&#10;        at java.util.concurrent.ThreadPoolExecutor.getTask(ThreadPoolExecutor.java:1074)&#10;        at java.util.concurrent.ThreadPoolExecutor.runWorker(ThreadPoolExecutor.java:1134)&#10;        at java.util.concurrent.ThreadPoolExecutor$Worker.run(ThreadPoolExecutor.java:624)&#10;        at java.lang.Thread.run(Thread.java:748)&#10;&quot;qtp628402659-190&quot; daemon prio=5 tid=190 runnable&#10;java.lang.Thread.State: RUNNABLE&#10;        at sun.nio.ch.EPollArrayWrapper.epollWait(Native Method)&#10;        at sun.nio.ch.EPollArrayWrapper.poll(EPollArrayWrapper.java:269)&#10;        at sun.nio.ch.EPollSelectorImpl.doSelect(EPollSelectorImpl.java:93)&#10;        at sun.nio.ch.SelectorImpl.lockAndDoSelect(SelectorImpl.java:86)&#10;        at sun.nio.ch.SelectorImpl.select(SelectorImpl.java:97)&#10;        at sun.nio.ch.SelectorImpl.select(SelectorImpl.java:101)&#10;        at org.eclipse.jetty.io.ManagedSelector$SelectorProducer.select(ManagedSelector.java:243)&#10;        at org.eclipse.jetty.io.ManagedSelector$SelectorProducer.produce(ManagedSelector.java:191)&#10;        at org.eclipse.jetty.util.thread.strategy.ExecuteProduceConsume.executeProduceConsume(ExecuteProduceConsume.java:249)&#10;        at org.eclipse.jetty.util.thread.strategy.ExecuteProduceConsume.produceConsume(ExecuteProduceConsume.java:148)&#10;        at org.eclipse.jetty.util.thread.strategy.ExecuteProduceConsume.execute(ExecuteProduceConsume.java:100)&#10;        at org.eclipse.jetty.io.ManagedSelector.run(ManagedSelector.java:147)&#10;        at org.eclipse.jetty.util.thread.QueuedThreadPool.runJob(QueuedThreadPool.java:671)&#10;        at org.eclipse.jetty.util.thread.QueuedThreadPool$2.run(QueuedThreadPool.java:589)&#10;        at java.lang.Thread.run(Thread.java:748)&#10;&quot;pool-68-thread-2&quot;  prio=5 tid=573 in Object.wait()&#10;java.lang.Thread.State: WAITING (on object monitor)&#10;        at sun.misc.Unsafe.park(Native Method)&#10;        at java.util.concurrent.locks.LockSupport.park(LockSupport.java:175)&#10;        at java.util.concurrent.locks.AbstractQueuedSynchronizer$ConditionObject.await(AbstractQueuedSynchronizer.java:2039)&#10;        at java.util.concurrent.ArrayBlockingQueue.take(ArrayBlockingQueue.java:403)&#10;        at java.util.concurrent.ThreadPoolExecutor.getTask(ThreadPoolExecutor.java:1074)&#10;        at java.util.concurrent.ThreadPoolExecutor.runWorker(ThreadPoolExecutor.java:1134)&#10;        at java.util.concurrent.ThreadPoolExecutor$Worker.run(ThreadPoolExecutor.java:624)&#10;        at java.lang.Thread.run(Thread.java:748)&#10;&quot;IPC Server listener on 33423&quot; daemon prio=5 tid=23 runnable&#10;java.lang.Thread.State: RUNNABLE&#10;        at sun.nio.ch.EPollArrayWrapper.epollWait(Native Method)&#10;        at sun.nio.ch.EPollArrayWrapper.poll(EPollArrayWrapper.java:269)&#10;        at sun.nio.ch.EPollSelectorImpl.doSelect(EPollSelectorImpl.java:93)&#10;        at sun.nio.ch.SelectorImpl.lockAndDoSelect(SelectorImpl.java:86)&#10;        at sun.nio.ch.SelectorImpl.select(SelectorImpl.java:97)&#10;        at sun.nio.ch.SelectorImpl.select(SelectorImpl.java:101)&#10;        at org.apache.hadoop.ipc.Server$Listener.run(Server.java:1159)&#10;&quot;Socket Reader #1 for port 33779&quot;  prio=5 tid=16 runnable&#10;java.lang.Thread.State: RUNNABLE&#10;        at sun.nio.ch.EPollArrayWrapper.epollWait(Native Method)&#10;        at sun.nio.ch.EPollArrayWrapper.poll(EPollArrayWrapper.java:269)&#10;        at sun.nio.ch.EPollSelectorImpl.doSelect(EPollSelectorImpl.java:93)&#10;        at sun.nio.ch.SelectorImpl.lockAndDoSelect(SelectorImpl.java:86)&#10;        at sun.nio.ch.SelectorImpl.select(SelectorImpl.java:97)&#10;        at sun.nio.ch.SelectorImpl.select(SelectorImpl.java:101)&#10;        at org.apache.hadoop.ipc.Server$Listener$Reader.doRunLoop(Server.java:1097)&#10;        at org.apache.hadoop.ipc.Server$Listener$Reader.run(Server.java:1076)&#10;&quot;pool-194-thread-38&quot;  prio=5 tid=969 in Object.wait()&#10;java.lang.Thread.State: WAITING (on object monitor)&#10;        at sun.misc.Unsafe.park(Native Method)&#10;        at java.util.concurrent.locks.LockSupport.park(LockSupport.java:175)&#10;        at java.util.concurrent.locks.AbstractQueuedSynchronizer$ConditionObject.await(AbstractQueuedSynchronizer.java:2039)&#10;        at java.util.concurrent.ArrayBlockingQueue.take(ArrayBlockingQueue.java:403)&#10;        at java.util.concurrent.ThreadPoolExecutor.getTask(ThreadPoolExecutor.java:1074)&#10;        at java.util.concurrent.ThreadPoolExecutor.runWorker(ThreadPoolExecutor.java:1134)&#10;        at java.util.concurrent.ThreadPoolExecutor$Worker.run(ThreadPoolExecutor.java:624)&#10;        at java.lang.Thread.run(Thread.java:748)&#10;&quot;IPC Server handler 13 on 33423&quot; daemon prio=5 tid=43 timed_waiting&#10;java.lang.Thread.State: TIMED_WAITING&#10;        at sun.misc.Unsafe.park(Native Method)&#10;        at java.util.concurrent.locks.LockSupport.parkNanos(LockSupport.java:215)&#10;        at java.util.concurrent.locks.AbstractQueuedSynchronizer$ConditionObject.awaitNanos(AbstractQueuedSynchronizer.java:2078)&#10;        at java.util.concurrent.LinkedBlockingQueue.poll(LinkedBlockingQueue.java:467)&#10;        at org.apache.hadoop.ipc.CallQueueManager.take(CallQueueManager.java:288)&#10;        at org.apache.hadoop.ipc.Server$Handler.run(Server.java:2668)&#10;&quot;IPC Server handler 19 on 46447&quot; daemon prio=5 tid=69 timed_waiting&#10;java.lang.Thread.State: TIMED_WAITING&#10;        at sun.misc.Unsafe.park(Native Method)&#10;        at java.util.concurrent.locks.LockSupport.parkNanos(LockSupport.java:215)&#10;        at java.util.concurrent.locks.AbstractQueuedSynchronizer$ConditionObject.awaitNanos(AbstractQueuedSynchronizer.java:2078)&#10;        at java.util.concurrent.LinkedBlockingQueue.poll(LinkedBlockingQueue.java:467)&#10;        at org.apache.hadoop.ipc.CallQueueManager.take(CallQueueManager.java:288)&#10;        at org.apache.hadoop.ipc.Server$Handler.run(Server.java:2668)&#10;&quot;pool-89-thread-32&quot;  prio=5 tid=663 in Object.wait()&#10;java.lang.Thread.State: WAITING (on object monitor)&#10;        at sun.misc.Unsafe.park(Native Method)&#10;        at java.util.concurrent.locks.LockSupport.park(LockSupport.java:175)&#10;        at java.util.concurrent.locks.AbstractQueuedSynchronizer$ConditionObject.await(AbstractQueuedSynchronizer.java:2039)&#10;        at java.util.concurrent.ArrayBlockingQueue.take(ArrayBlockingQueue.java:403)&#10;        at java.util.concurrent.ThreadPoolExecutor.getTask(ThreadPoolExecutor.java:1074)&#10;        at java.util.concurrent.ThreadPoolExecutor.runWorker(ThreadPoolExecutor.java:1134)&#10;        at java.util.concurrent.ThreadPoolExecutor$Worker.run(ThreadPoolExecutor.java:624)&#10;        at java.lang.Thread.run(Thread.java:748)&#10;&quot;pool-152-thread-38&quot;  prio=5 tid=849 in Object.wait()&#10;java.lang.Thread.State: WAITING (on object monitor)&#10;        at sun.misc.Unsafe.park(Native Method)&#10;        at java.util.concurrent.locks.LockSupport.park(LockSupport.java:175)&#10;        at java.util.concurrent.locks.AbstractQueuedSynchronizer$ConditionObject.await(AbstractQueuedSynchronizer.java:2039)&#10;        at java.util.concurrent.ArrayBlockingQueue.take(ArrayBlockingQueue.java:403)&#10;        at java.util.concurrent.ThreadPoolExecutor.getTask(ThreadPoolExecutor.java:1074)&#10;        at java.util.concurrent.ThreadPoolExecutor.runWorker(ThreadPoolExecutor.java:1134)&#10;        at java.util.concurrent.ThreadPoolExecutor$Worker.run(ThreadPoolExecutor.java:624)&#10;        at java.lang.Thread.run(Thread.java:748)&#10;&quot;org.eclipse.jetty.server.session.HashSessionManager@5e1fc2aaTimer&quot; daemon prio=5 tid=169 timed_waiting&#10;java.lang.Thread.State: TIMED_WAITING&#10;        at sun.misc.Unsafe.park(Native Method)&#10;        at java.util.concurrent.locks.LockSupport.parkNanos(LockSupport.java:215)&#10;        at java.util.concurrent.locks.AbstractQueuedSynchronizer$ConditionObject.awaitNanos(AbstractQueuedSynchronizer.java:2078)&#10;        at java.util.concurrent.ScheduledThreadPoolExecutor$DelayedWorkQueue.take(ScheduledThreadPoolExecutor.java:1093)&#10;        at java.util.concurrent.ScheduledThreadPoolExecutor$DelayedWorkQueue.take(ScheduledThreadPoolExecutor.java:809)&#10;        at java.util.concurrent.ThreadPoolExecutor.getTask(ThreadPoolExecutor.java:1074)&#10;        at java.util.concurrent.ThreadPoolExecutor.runWorker(ThreadPoolExecutor.java:1134)&#10;        at java.util.concurrent.ThreadPoolExecutor$Worker.run(ThreadPoolExecutor.java:624)&#10;        at java.lang.Thread.run(Thread.java:748)&#10;&quot;pool-68-thread-56&quot;  prio=5 tid=627 in Object.wait()&#10;java.lang.Thread.State: WAITING (on object monitor)&#10;        at sun.misc.Unsafe.park(Native Method)&#10;        at java.util.concurrent.locks.LockSupport.park(LockSupport.java:175)&#10;        at java.util.concurrent.locks.AbstractQueuedSynchronizer$ConditionObject.await(AbstractQueuedSynchronizer.java:2039)&#10;        at java.util.concurrent.ArrayBlockingQueue.take(ArrayBlockingQueue.java:403)&#10;        at java.util.concurrent.ThreadPoolExecutor.getTask(ThreadPoolExecutor.java:1074)&#10;        at java.util.concurrent.ThreadPoolExecutor.runWorker(ThreadPoolExecutor.java:1134)&#10;        at java.util.concurrent.ThreadPoolExecutor$Worker.run(ThreadPoolExecutor.java:624)&#10;        at java.lang.Thread.run(Thread.java:748)&#10;&quot;pool-131-thread-4&quot;  prio=5 tid=755 in Object.wait()&#10;java.lang.Thread.State: WAITING (on object monitor)&#10;        at sun.misc.Unsafe.park(Native Method)&#10;        at java.util.concurrent.locks.LockSupport.park(LockSupport.java:175)&#10;        at java.util.concurrent.locks.AbstractQueuedSynchronizer$ConditionObject.await(AbstractQueuedSynchronizer.java:2039)&#10;        at java.util.concurrent.ArrayBlockingQueue.take(ArrayBlockingQueue.java:403)&#10;        at java.util.concurrent.ThreadPoolExecutor.getTask(ThreadPoolExecutor.java:1074)&#10;        at java.util.concurrent.ThreadPoolExecutor.runWorker(ThreadPoolExecutor.java:1134)&#10;        at java.util.concurrent.ThreadPoolExecutor$Worker.run(ThreadPoolExecutor.java:624)&#10;        at java.lang.Thread.run(Thread.java:748)&#10;&quot;pool-89-thread-23&quot;  prio=5 tid=654 in Object.wait()&#10;java.lang.Thread.State: WAITING (on object monitor)&#10;        at sun.misc.Unsafe.park(Native Method)&#10;        at java.util.concurrent.locks.LockSupport.park(LockSupport.java:175)&#10;        at java.util.concurrent.locks.AbstractQueuedSynchronizer$ConditionObject.await(AbstractQueuedSynchronizer.java:2039)&#10;        at java.util.concurrent.ArrayBlockingQueue.take(ArrayBlockingQueue.java:403)&#10;        at java.util.concurrent.ThreadPoolExecutor.getTask(ThreadPoolExecutor.java:1074)&#10;        at java.util.concurrent.ThreadPoolExecutor.runWorker(ThreadPoolExecutor.java:1134)&#10;        at java.util.concurrent.ThreadPoolExecutor$Worker.run(ThreadPoolExecutor.java:624)&#10;        at java.lang.Thread.run(Thread.java:748)&#10;&quot;pool-142-thread-1&quot;  prio=5 tid=1101 in Object.wait()&#10;java.lang.Thread.State: WAITING (on object monitor)&#10;        at sun.misc.Unsafe.park(Native Method)&#10;        at java.util.concurrent.locks.LockSupport.park(LockSupport.java:175)&#10;        at java.util.concurrent.locks.AbstractQueuedSynchronizer$ConditionObject.await(AbstractQueuedSynchronizer.java:2039)&#10;        at java.util.concurrent.LinkedBlockingQueue.take(LinkedBlockingQueue.java:442)&#10;        at java.util.concurrent.ThreadPoolExecutor.getTask(ThreadPoolExecutor.java:1074)&#10;        at java.util.concurrent.ThreadPoolExecutor.runWorker(ThreadPoolExecutor.java:1134)&#10;        at java.util.concurrent.ThreadPoolExecutor$Worker.run(ThreadPoolExecutor.java:624)&#10;        at java.lang.Thread.run(Thread.java:748)&#10;&quot;StateMachineUpdater-bcfd8b62-ac69-42ca-b586-3bf2b9944505-group-357E694019C5&quot; daemon prio=5 tid=1090 in Object.wait()&#10;java.lang.Thread.State: WAITING (on object monitor)&#10;        at java.lang.Object.wait(Native Method)&#10;        at java.lang.Object.wait(Object.java:502)&#10;        at org.apache.ratis.server.impl.StateMachineUpdater.run(StateMachineUpdater.java:138)&#10;        at java.lang.Thread.run(Thread.java:748)&#10;&quot;pool-215-thread-27&quot;  prio=5 tid=1018 in Object.wait()&#10;java.lang.Thread.State: WAITING (on object monitor)&#10;        at sun.misc.Unsafe.park(Native Method)&#10;        at java.util.concurrent.locks.LockSupport.park(LockSupport.java:175)&#10;        at java.util.concurrent.locks.AbstractQueuedSynchronizer$ConditionObject.await(AbstractQueuedSynchronizer.java:2039)&#10;        at java.util.concurrent.ArrayBlockingQueue.take(ArrayBlockingQueue.java:403)&#10;        at java.util.concurrent.ThreadPoolExecutor.getTask(ThreadPoolExecutor.java:1074)&#10;        at java.util.concurrent.ThreadPoolExecutor.runWorker(ThreadPoolExecutor.java:1134)&#10;        at java.util.concurrent.ThreadPoolExecutor$Worker.run(ThreadPoolExecutor.java:624)&#10;        at java.lang.Thread.run(Thread.java:748)&#10;&quot;pool-26-thread-29&quot;  prio=5 tid=479 in Object.wait()&#10;java.lang.Thread.State: WAITING (on object monitor)&#10;        at sun.misc.Unsafe.park(Native Method)&#10;        at java.util.concurrent.locks.LockSupport.park(LockSupport.java:175)&#10;        at java.util.concurrent.locks.AbstractQueuedSynchronizer$ConditionObject.await(AbstractQueuedSynchronizer.java:2039)&#10;        at java.util.concurrent.ArrayBlockingQueue.take(ArrayBlockingQueue.java:403)&#10;        at java.util.concurrent.ThreadPoolExecutor.getTask(ThreadPoolExecutor.java:1074)&#10;        at java.util.concurrent.ThreadPoolExecutor.runWorker(ThreadPoolExecutor.java:1134)&#10;        at java.util.concurrent.ThreadPoolExecutor$Worker.run(ThreadPoolExecutor.java:624)&#10;        at java.lang.Thread.run(Thread.java:748)&#10;&quot;pool-194-thread-44&quot;  prio=5 tid=975 in Object.wait()&#10;java.lang.Thread.State: WAITING (on object monitor)&#10;        at sun.misc.Unsafe.park(Native Method)&#10;        at java.util.concurrent.locks.LockSupport.park(LockSupport.java:175)&#10;        at java.util.concurrent.locks.AbstractQueuedSynchronizer$ConditionObject.await(AbstractQueuedSynchronizer.java:2039)&#10;        at java.util.concurrent.ArrayBlockingQueue.take(ArrayBlockingQueue.java:403)&#10;        at java.util.concurrent.ThreadPoolExecutor.getTask(ThreadPoolExecutor.java:1074)&#10;        at java.util.concurrent.ThreadPoolExecutor.runWorker(ThreadPoolExecutor.java:1134)&#10;        at java.util.concurrent.ThreadPoolExecutor$Worker.run(ThreadPoolExecutor.java:624)&#10;        at java.lang.Thread.run(Thread.java:748)&#10;&quot;pool-47-thread-47&quot;  prio=5 tid=558 in Object.wait()&#10;java.lang.Thread.State: WAITING (on object monitor)&#10;        at sun.misc.Unsafe.park(Native Method)&#10;        at java.util.concurrent.locks.LockSupport.park(LockSupport.java:175)&#10;        at java.util.concurrent.locks.AbstractQueuedSynchronizer$ConditionObject.await(AbstractQueuedSynchronizer.java:2039)&#10;        at java.util.concurrent.ArrayBlockingQueue.take(ArrayBlockingQueue.java:403)&#10;        at java.util.concurrent.ThreadPoolExecutor.getTask(ThreadPoolExecutor.java:1074)&#10;        at java.util.concurrent.ThreadPoolExecutor.runWorker(ThreadPoolExecutor.java:1134)&#10;        at java.util.concurrent.ThreadPoolExecutor$Worker.run(ThreadPoolExecutor.java:624)&#10;        at java.lang.Thread.run(Thread.java:748)&#10;&quot;pool-230-thread-1&quot;  prio=5 tid=429 timed_waiting&#10;java.lang.Thread.State: TIMED_WAITING&#10;        at sun.misc.Unsafe.park(Native Method)&#10;        at java.util.concurrent.locks.LockSupport.parkNanos(LockSupport.java:215)&#10;        at java.util.concurrent.locks.AbstractQueuedSynchronizer$ConditionObject.awaitNanos(AbstractQueuedSynchronizer.java:2078)&#10;        at java.util.concurrent.ScheduledThreadPoolExecutor$DelayedWorkQueue.take(ScheduledThreadPoolExecutor.java:1093)&#10;        at java.util.concurrent.ScheduledThreadPoolExecutor$DelayedWorkQueue.take(ScheduledThreadPoolExecutor.java:809)&#10;        at java.util.concurrent.ThreadPoolExecutor.getTask(ThreadPoolExecutor.java:1074)&#10;        at java.util.concurrent.ThreadPoolExecutor.runWorker(ThreadPoolExecutor.java:1134)&#10;        at java.util.concurrent.ThreadPoolExecutor$Worker.run(ThreadPoolExecutor.java:624)&#10;        at java.lang.Thread.run(Thread.java:748)&#10;&quot;IPC Server handler 4 on 38877&quot; daemon prio=5 tid=118 timed_waiting&#10;java.lang.Thread.State: TIMED_WAITING&#10;        at sun.misc.Unsafe.park(Native Method)&#10;        at java.util.concurrent.locks.LockSupport.parkNanos(LockSupport.java:215)&#10;        at java.util.concurrent.locks.AbstractQueuedSynchronizer$ConditionObject.awaitNanos(AbstractQueuedSynchronizer.java:2078)&#10;        at java.util.concurrent.LinkedBlockingQueue.poll(LinkedBlockingQueue.java:467)&#10;        at org.apache.hadoop.ipc.CallQueueManager.take(CallQueueManager.java:288)&#10;        at org.apache.hadoop.ipc.Server$Handler.run(Server.java:2668)&#10;&quot;pool-131-thread-14&quot;  prio=5 tid=765 in Object.wait()&#10;java.lang.Thread.State: WAITING (on object monitor)&#10;        at sun.misc.Unsafe.park(Native Method)&#10;        at java.util.concurrent.locks.LockSupport.park(LockSupport.java:175)&#10;        at java.util.concurrent.locks.AbstractQueuedSynchronizer$ConditionObject.await(AbstractQueuedSynchronizer.java:2039)&#10;        at java.util.concurrent.ArrayBlockingQueue.take(ArrayBlockingQueue.java:403)&#10;        at java.util.concurrent.ThreadPoolExecutor.getTask(ThreadPoolExecutor.java:1074)&#10;        at java.util.concurrent.ThreadPoolExecutor.runWorker(ThreadPoolExecutor.java:1134)&#10;        at java.util.concurrent.ThreadPoolExecutor$Worker.run(ThreadPoolExecutor.java:624)&#10;        at java.lang.Thread.run(Thread.java:748)&#10;&quot;IPC Server handler 6 on 33779&quot; daemon prio=5 tid=76 timed_waiting&#10;java.lang.Thread.State: TIMED_WAITING&#10;        at sun.misc.Unsafe.park(Native Method)&#10;        at java.util.concurrent.locks.LockSupport.parkNanos(LockSupport.java:215)&#10;        at java.util.concurrent.locks.AbstractQueuedSynchronizer$ConditionObject.awaitNanos(AbstractQueuedSynchronizer.java:2078)&#10;        at java.util.concurrent.LinkedBlockingQueue.poll(LinkedBlockingQueue.java:467)&#10;        at org.apache.hadoop.ipc.CallQueueManager.take(CallQueueManager.java:288)&#10;        at org.apache.hadoop.ipc.Server$Handler.run(Server.java:2668)&#10;&quot;org.eclipse.jetty.server.session.HashSessionManager@75ed7512Timer&quot; daemon prio=5 tid=438 timed_waiting&#10;java.lang.Thread.State: TIMED_WAITING&#10;        at sun.misc.Unsafe.park(Native Method)&#10;        at java.util.concurrent.locks.LockSupport.parkNanos(LockSupport.java:215)&#10;        at java.util.concurrent.locks.AbstractQueuedSynchronizer$ConditionObject.awaitNanos(AbstractQueuedSynchronizer.java:2078)&#10;        at java.util.concurrent.ScheduledThreadPoolExecutor$DelayedWorkQueue.take(ScheduledThreadPoolExecutor.java:1093)&#10;        at java.util.concurrent.ScheduledThreadPoolExecutor$DelayedWorkQueue.take(ScheduledThreadPoolExecutor.java:809)&#10;        at java.util.concurrent.ThreadPoolExecutor.getTask(ThreadPoolExecutor.java:1074)&#10;        at java.util.concurrent.ThreadPoolExecutor.runWorker(ThreadPoolExecutor.java:1134)&#10;        at java.util.concurrent.ThreadPoolExecutor$Worker.run(ThreadPoolExecutor.java:624)&#10;        at java.lang.Thread.run(Thread.java:748)&#10;&quot;Periodic HDDS volume checker&quot;  prio=5 tid=384 timed_waiting&#10;java.lang.Thread.State: TIMED_WAITING&#10;        at sun.misc.Unsafe.park(Native Method)&#10;        at java.util.concurrent.locks.LockSupport.parkNanos(LockSupport.java:215)&#10;        at java.util.concurrent.locks.AbstractQueuedSynchronizer$ConditionObject.awaitNanos(AbstractQueuedSynchronizer.java:2078)&#10;        at java.util.concurrent.ScheduledThreadPoolExecutor$DelayedWorkQueue.take(ScheduledThreadPoolExecutor.java:1093)&#10;        at java.util.concurrent.ScheduledThreadPoolExecutor$DelayedWorkQueue.take(ScheduledThreadPoolExecutor.java:809)&#10;        at java.util.concurrent.ThreadPoolExecutor.getTask(ThreadPoolExecutor.java:1074)&#10;        at java.util.concurrent.ThreadPoolExecutor.runWorker(ThreadPoolExecutor.java:1134)&#10;        at java.util.concurrent.ThreadPoolExecutor$Worker.run(ThreadPoolExecutor.java:624)&#10;        at java.lang.Thread.run(Thread.java:748)&#10;&quot;IPC Server handler 11 on 33779&quot; daemon prio=5 tid=81 timed_waiting&#10;java.lang.Thread.State: TIMED_WAITING&#10;        at sun.misc.Unsafe.park(Native Method)&#10;        at java.util.concurrent.locks.LockSupport.parkNanos(LockSupport.java:215)&#10;        at java.util.concurrent.locks.AbstractQueuedSynchronizer$ConditionObject.awaitNanos(AbstractQueuedSynchronizer.java:2078)&#10;        at java.util.concurrent.LinkedBlockingQueue.poll(LinkedBlockingQueue.java:467)&#10;        at org.apache.hadoop.ipc.CallQueueManager.take(CallQueueManager.java:288)&#10;        at org.apache.hadoop.ipc.Server$Handler.run(Server.java:2668)&#10;&quot;pool-215-thread-36&quot;  prio=5 tid=1027 in Object.wait()&#10;java.lang.Thread.State: WAITING (on object monitor)&#10;        at sun.misc.Unsafe.park(Native Method)&#10;        at java.util.concurrent.locks.LockSupport.park(LockSupport.java:175)&#10;        at java.util.concurrent.locks.AbstractQueuedSynchronizer$ConditionObject.await(AbstractQueuedSynchronizer.java:2039)&#10;        at java.util.concurrent.ArrayBlockingQueue.take(ArrayBlockingQueue.java:403)&#10;        at java.util.concurrent.ThreadPoolExecutor.getTask(ThreadPoolExecutor.java:1074)&#10;        at java.util.concurrent.ThreadPoolExecutor.runWorker(ThreadPoolExecutor.java:1134)&#10;        at java.util.concurrent.ThreadPoolExecutor$Worker.run(ThreadPoolExecutor.java:624)&#10;        at java.lang.Thread.run(Thread.java:748)&#10;&quot;pool-89-thread-28&quot;  prio=5 tid=659 in Object.wait()&#10;java.lang.Thread.State: WAITING (on object monitor)&#10;        at sun.misc.Unsafe.park(Native Method)&#10;        at java.util.concurrent.locks.LockSupport.park(LockSupport.java:175)&#10;        at java.util.concurrent.locks.AbstractQueuedSynchronizer$ConditionObject.await(AbstractQueuedSynchronizer.java:2039)&#10;        at java.util.concurrent.ArrayBlockingQueue.take(ArrayBlockingQueue.java:403)&#10;        at java.util.concurrent.ThreadPoolExecutor.getTask(ThreadPoolExecutor.java:1074)&#10;        at java.util.concurrent.ThreadPoolExecutor.runWorker(ThreadPoolExecutor.java:1134)&#10;        at java.util.concurrent.ThreadPoolExecutor$Worker.run(ThreadPoolExecutor.java:624)&#10;        at java.lang.Thread.run(Thread.java:748)&#10;&quot;pool-194-thread-52&quot;  prio=5 tid=983 in Object.wait()&#10;java.lang.Thread.State: WAITING (on object monitor)&#10;        at sun.misc.Unsafe.park(Native Method)&#10;        at java.util.concurrent.locks.LockSupport.park(LockSupport.java:175)&#10;        at java.util.concurrent.locks.AbstractQueuedSynchronizer$ConditionObject.await(AbstractQueuedSynchronizer.java:2039)&#10;        at java.util.concurrent.ArrayBlockingQueue.take(ArrayBlockingQueue.java:403)&#10;        at java.util.concurrent.ThreadPoolExecutor.getTask(ThreadPoolExecutor.java:1074)&#10;        at java.util.concurrent.ThreadPoolExecutor.runWorker(ThreadPoolExecutor.java:1134)&#10;        at java.util.concurrent.ThreadPoolExecutor$Worker.run(ThreadPoolExecutor.java:624)&#10;        at java.lang.Thread.run(Thread.java:748)&#10;&quot;pool-47-thread-15&quot;  prio=5 tid=526 in Object.wait()&#10;java.lang.Thread.State: WAITING (on object monitor)&#10;        at sun.misc.Unsafe.park(Native Method)&#10;        at java.util.concurrent.locks.LockSupport.park(LockSupport.java:175)&#10;        at java.util.concurrent.locks.AbstractQueuedSynchronizer$ConditionObject.await(AbstractQueuedSynchronizer.java:2039)&#10;        at java.util.concurrent.ArrayBlockingQueue.take(ArrayBlockingQueue.java:403)&#10;        at java.util.concurrent.ThreadPoolExecutor.getTask(ThreadPoolExecutor.java:1074)&#10;        at java.util.concurrent.ThreadPoolExecutor.runWorker(ThreadPoolExecutor.java:1134)&#10;        at java.util.concurrent.ThreadPoolExecutor$Worker.run(ThreadPoolExecutor.java:624)&#10;        at java.lang.Thread.run(Thread.java:748)&#10;&quot;a55bb28c-9a91-49a0-99cd-6faaa1ad267a-RaftLogWorker&quot;  prio=5 tid=1111 timed_waiting&#10;java.lang.Thread.State: TIMED_WAITING&#10;        at sun.misc.Unsafe.park(Native Method)&#10;        at java.util.concurrent.locks.LockSupport.parkNanos(LockSupport.java:215)&#10;        at java.util.concurrent.locks.AbstractQueuedSynchronizer$ConditionObject.awaitNanos(AbstractQueuedSynchronizer.java:2078)&#10;        at org.apache.ratis.util.DataBlockingQueue.poll(DataBlockingQueue.java:137)&#10;        at org.apache.ratis.server.storage.RaftLogWorker.run(RaftLogWorker.java:216)&#10;        at java.lang.Thread.run(Thread.java:748)&#10;&quot;BlockDeletingService#1&quot; daemon prio=5 tid=248 timed_waiting&#10;java.lang.Thread.State: TIMED_WAITING&#10;        at sun.misc.Unsafe.park(Native Method)&#10;        at java.util.concurrent.locks.LockSupport.parkNanos(LockSupport.java:215)&#10;        at java.util.concurrent.locks.AbstractQueuedSynchronizer$ConditionObject.awaitNanos(AbstractQueuedSynchronizer.java:2078)&#10;        at java.util.concurrent.ScheduledThreadPoolExecutor$DelayedWorkQueue.take(ScheduledThreadPoolExecutor.java:1093)&#10;        at java.util.concurrent.ScheduledThreadPoolExecutor$DelayedWorkQueue.take(ScheduledThreadPoolExecutor.java:809)&#10;        at java.util.concurrent.ThreadPoolExecutor.getTask(ThreadPoolExecutor.java:1074)&#10;        at java.util.concurrent.ThreadPoolExecutor.runWorker(ThreadPoolExecutor.java:1134)&#10;        at java.util.concurrent.ThreadPoolExecutor$Worker.run(ThreadPoolExecutor.java:624)&#10;        at java.lang.Thread.run(Thread.java:748)&#10;&quot;pool-26-thread-24&quot;  prio=5 tid=474 in Object.wait()&#10;java.lang.Thread.State: WAITING (on object monitor)&#10;        at sun.misc.Unsafe.park(Native Method)&#10;        at java.util.concurrent.locks.LockSupport.park(LockSupport.java:175)&#10;        at java.util.concurrent.locks.AbstractQueuedSynchronizer$ConditionObject.await(AbstractQueuedSynchronizer.java:2039)&#10;        at java.util.concurrent.ArrayBlockingQueue.take(ArrayBlockingQueue.java:403)&#10;        at java.util.concurrent.ThreadPoolExecutor.getTask(ThreadPoolExecutor.java:1074)&#10;        at java.util.concurrent.ThreadPoolExecutor.runWorker(ThreadPoolExecutor.java:1134)&#10;        at java.util.concurrent.ThreadPoolExecutor$Worker.run(ThreadPoolExecutor.java:624)&#10;        at java.lang.Thread.run(Thread.java:748)&#10;&quot;qtp608414678-223&quot; daemon prio=5 tid=223 timed_waiting&#10;java.lang.Thread.State: TIMED_WAITING&#10;        at sun.misc.Unsafe.park(Native Method)&#10;        at java.util.concurrent.locks.LockSupport.parkNanos(LockSupport.java:215)&#10;        at java.util.concurrent.locks.AbstractQueuedSynchronizer$ConditionObject.awaitNanos(AbstractQueuedSynchronizer.java:2078)&#10;        at org.eclipse.jetty.util.BlockingArrayQueue.poll(BlockingArrayQueue.java:392)&#10;        at org.eclipse.jetty.util.thread.QueuedThreadPool.idleJobPoll(QueuedThreadPool.java:563)&#10;        at org.eclipse.jetty.util.thread.QueuedThreadPool.access$800(QueuedThreadPool.java:48)&#10;        at org.eclipse.jetty.util.thread.QueuedThreadPool$2.run(QueuedThreadPool.java:626)&#10;        at java.lang.Thread.run(Thread.java:748)&#10;&quot;pool-215-thread-7&quot;  prio=5 tid=998 in Object.wait()&#10;java.lang.Thread.State: WAITING (on object monitor)&#10;        at sun.misc.Unsafe.park(Native Method)&#10;        at java.util.concurrent.locks.LockSupport.park(LockSupport.java:175)&#10;        at java.util.concurrent.locks.AbstractQueuedSynchronizer$ConditionObject.await(AbstractQueuedSynchronizer.java:2039)&#10;        at java.util.concurrent.ArrayBlockingQueue.take(ArrayBlockingQueue.java:403)&#10;        at java.util.concurrent.ThreadPoolExecutor.getTask(ThreadPoolExecutor.java:1074)&#10;        at java.util.concurrent.ThreadPoolExecutor.runWorker(ThreadPoolExecutor.java:1134)&#10;        at java.util.concurrent.ThreadPoolExecutor$Worker.run(ThreadPoolExecutor.java:624)&#10;        at java.lang.Thread.run(Thread.java:748)&#10;&quot;pool-68-thread-1&quot;  prio=5 tid=572 in Object.wait()&#10;java.lang.Thread.State: WAITING (on object monitor)&#10;        at sun.misc.Unsafe.park(Native Method)&#10;        at java.util.concurrent.locks.LockSupport.park(LockSupport.java:175)&#10;        at java.util.concurrent.locks.AbstractQueuedSynchronizer$ConditionObject.await(AbstractQueuedSynchronizer.java:2039)&#10;        at java.util.concurrent.ArrayBlockingQueue.take(ArrayBlockingQueue.java:403)&#10;        at java.util.concurrent.ThreadPoolExecutor.getTask(ThreadPoolExecutor.java:1074)&#10;        at java.util.concurrent.ThreadPoolExecutor.runWorker(ThreadPoolExecutor.java:1134)&#10;        at java.util.concurrent.ThreadPoolExecutor$Worker.run(ThreadPoolExecutor.java:624)&#10;        at java.lang.Thread.run(Thread.java:748)&#10;&quot;BlockDeletingService#1&quot; daemon prio=5 tid=338 timed_waiting&#10;java.lang.Thread.State: TIMED_WAITING&#10;        at sun.misc.Unsafe.park(Native Method)&#10;        at java.util.concurrent.locks.LockSupport.parkNanos(LockSupport.java:215)&#10;        at java.util.concurrent.locks.AbstractQueuedSynchronizer$ConditionObject.awaitNanos(AbstractQueuedSynchronizer.java:2078)&#10;        at java.util.concurrent.ScheduledThreadPoolExecutor$DelayedWorkQueue.take(ScheduledThreadPoolExecutor.java:1093)&#10;        at java.util.concurrent.ScheduledThreadPoolExecutor$DelayedWorkQueue.take(ScheduledThreadPoolExecutor.java:809)&#10;        at java.util.concurrent.ThreadPoolExecutor.getTask(ThreadPoolExecutor.java:1074)&#10;        at java.util.concurrent.ThreadPoolExecutor.runWorker(ThreadPoolExecutor.java:1134)&#10;        at java.util.concurrent.ThreadPoolExecutor$Worker.run(ThreadPoolExecutor.java:624)&#10;        at java.lang.Thread.run(Thread.java:748)&#10;&quot;BlockDeletingService#2&quot; daemon prio=5 tid=1878 in Object.wait()&#10;java.lang.Thread.State: WAITING (on object monitor)&#10;        at sun.misc.Unsafe.park(Native Method)&#10;        at java.util.concurrent.locks.LockSupport.park(LockSupport.java:175)&#10;        at java.util.concurrent.locks.AbstractQueuedSynchronizer$ConditionObject.await(AbstractQueuedSynchronizer.java:2039)&#10;        at java.util.concurrent.ScheduledThreadPoolExecutor$DelayedWorkQueue.take(ScheduledThreadPoolExecutor.java:1088)&#10;        at java.util.concurrent.ScheduledThreadPoolExecutor$DelayedWorkQueue.take(ScheduledThreadPoolExecutor.java:809)&#10;        at java.util.concurrent.ThreadPoolExecutor.getTask(ThreadPoolExecutor.java:1074)&#10;        at java.util.concurrent.ThreadPoolExecutor.runWorker(ThreadPoolExecutor.java:1134)&#10;        at java.util.concurrent.ThreadPoolExecutor$Worker.run(ThreadPoolExecutor.java:624)&#10;        at java.lang.Thread.run(Thread.java:748)&#10;&quot;pool-89-thread-26&quot;  prio=5 tid=657 in Object.wait()&#10;java.lang.Thread.State: WAITING (on object monitor)&#10;        at sun.misc.Unsafe.park(Native Method)&#10;        at java.util.concurrent.locks.LockSupport.park(LockSupport.java:175)&#10;        at java.util.concurrent.locks.AbstractQueuedSynchronizer$ConditionObject.await(AbstractQueuedSynchronizer.java:2039)&#10;        at java.util.concurrent.ArrayBlockingQueue.take(ArrayBlockingQueue.java:403)&#10;        at java.util.concurrent.ThreadPoolExecutor.getTask(ThreadPoolExecutor.java:1074)&#10;        at java.util.concurrent.ThreadPoolExecutor.runWorker(ThreadPoolExecutor.java:1134)&#10;        at java.util.concurrent.ThreadPoolExecutor$Worker.run(ThreadPoolExecutor.java:624)&#10;        at java.lang.Thread.run(Thread.java:748)&#10;&quot;2a700f1f-da98-49ef-9a26-03cc6c63ade6-RaftLogWorker&quot;  prio=5 tid=1097 timed_waiting&#10;java.lang.Thread.State: TIMED_WAITING&#10;        at sun.misc.Unsafe.park(Native Method)&#10;        at java.util.concurrent.locks.LockSupport.parkNanos(LockSupport.java:215)&#10;        at java.util.concurrent.locks.AbstractQueuedSynchronizer$ConditionObject.awaitNanos(AbstractQueuedSynchronizer.java:2078)&#10;        at org.apache.ratis.util.DataBlockingQueue.poll(DataBlockingQueue.java:137)&#10;        at org.apache.ratis.server.storage.RaftLogWorker.run(RaftLogWorker.java:216)&#10;        at java.lang.Thread.run(Thread.java:748)&#10;&quot;qtp838812606-94&quot; daemon prio=5 tid=94 timed_waiting&#10;java.lang.Thread.State: TIMED_WAITING&#10;        at sun.misc.Unsafe.park(Native Method)&#10;        at java.util.concurrent.locks.LockSupport.parkNanos(LockSupport.java:215)&#10;        at java.util.concurrent.locks.AbstractQueuedSynchronizer$ConditionObject.awaitNanos(AbstractQueuedSynchronizer.java:2078)&#10;        at org.eclipse.jetty.util.BlockingArrayQueue.poll(BlockingArrayQueue.java:392)&#10;        at org.eclipse.jetty.util.thread.QueuedThreadPool.idleJobPoll(QueuedThreadPool.java:563)&#10;        at org.eclipse.jetty.util.thread.QueuedThreadPool.access$800(QueuedThreadPool.java:48)&#10;        at org.eclipse.jetty.util.thread.QueuedThreadPool$2.run(QueuedThreadPool.java:626)&#10;        at java.lang.Thread.run(Thread.java:748)&#10;&quot;pool-131-thread-39&quot;  prio=5 tid=790 in Object.wait()&#10;java.lang.Thread.State: WAITING (on object monitor)&#10;        at sun.misc.Unsafe.park(Native Method)&#10;        at java.util.concurrent.locks.LockSupport.park(LockSupport.java:175)&#10;        at java.util.concurrent.locks.AbstractQueuedSynchronizer$ConditionObject.await(AbstractQueuedSynchronizer.java:2039)&#10;        at java.util.concurrent.ArrayBlockingQueue.take(ArrayBlockingQueue.java:403)&#10;        at java.util.concurrent.ThreadPoolExecutor.getTask(ThreadPoolExecutor.java:1074)&#10;        at java.util.concurrent.ThreadPoolExecutor.runWorker(ThreadPoolExecutor.java:1134)&#10;        at java.util.concurrent.ThreadPoolExecutor$Worker.run(ThreadPoolExecutor.java:624)&#10;        at java.lang.Thread.run(Thread.java:748)&#10;&quot;pool-215-thread-45&quot;  prio=5 tid=1036 in Object.wait()&#10;java.lang.Thread.State: WAITING (on object monitor)&#10;        at sun.misc.Unsafe.park(Native Method)&#10;        at java.util.concurrent.locks.LockSupport.park(LockSupport.java:175)&#10;        at java.util.concurrent.locks.AbstractQueuedSynchronizer$ConditionObject.await(AbstractQueuedSynchronizer.java:2039)&#10;        at java.util.concurrent.ArrayBlockingQueue.take(ArrayBlockingQueue.java:403)&#10;        at java.util.concurrent.ThreadPoolExecutor.getTask(ThreadPoolExecutor.java:1074)&#10;        at java.util.concurrent.ThreadPoolExecutor.runWorker(ThreadPoolExecutor.java:1134)&#10;        at java.util.concurrent.ThreadPoolExecutor$Worker.run(ThreadPoolExecutor.java:624)&#10;        at java.lang.Thread.run(Thread.java:748)&#10;&quot;qtp391333725-375&quot; daemon prio=5 tid=375 timed_waiting&#10;java.lang.Thread.State: TIMED_WAITING&#10;        at sun.misc.Unsafe.park(Native Method)&#10;        at java.util.concurrent.locks.LockSupport.parkNanos(LockSupport.java:215)&#10;        at java.util.concurrent.locks.AbstractQueuedSynchronizer$ConditionObject.awaitNanos(AbstractQueuedSynchronizer.java:2078)&#10;        at org.eclipse.jetty.util.BlockingArrayQueue.poll(BlockingArrayQueue.java:392)&#10;        at org.eclipse.jetty.util.thread.QueuedThreadPool.idleJobPoll(QueuedThreadPool.java:563)&#10;        at org.eclipse.jetty.util.thread.QueuedThreadPool.access$800(QueuedThreadPool.java:48)&#10;        at org.eclipse.jetty.util.thread.QueuedThreadPool$2.run(QueuedThreadPool.java:626)&#10;        at java.lang.Thread.run(Thread.java:748)&#10;&quot;pool-68-thread-43&quot;  prio=5 tid=614 in Object.wait()&#10;java.lang.Thread.State: WAITING (on object monitor)&#10;        at sun.misc.Unsafe.park(Native Method)&#10;        at java.util.concurrent.locks.LockSupport.park(LockSupport.java:175)&#10;        at java.util.concurrent.locks.AbstractQueuedSynchronizer$ConditionObject.await(AbstractQueuedSynchronizer.java:2039)&#10;        at java.util.concurrent.ArrayBlockingQueue.take(ArrayBlockingQueue.java:403)&#10;        at java.util.concurrent.ThreadPoolExecutor.getTask(ThreadPoolExecutor.java:1074)&#10;        at java.util.concurrent.ThreadPoolExecutor.runWorker(ThreadPoolExecutor.java:1134)&#10;        at java.util.concurrent.ThreadPoolExecutor$Worker.run(ThreadPoolExecutor.java:624)&#10;        at java.lang.Thread.run(Thread.java:748)&#10;&quot;pool-47-thread-55&quot;  prio=5 tid=566 in Object.wait()&#10;java.lang.Thread.State: WAITING (on object monitor)&#10;        at sun.misc.Unsafe.park(Native Method)&#10;        at java.util.concurrent.locks.LockSupport.park(LockSupport.java:175)&#10;        at java.util.concurrent.locks.AbstractQueuedSynchronizer$ConditionObject.await(AbstractQueuedSynchronizer.java:2039)&#10;        at java.util.concurrent.ArrayBlockingQueue.take(ArrayBlockingQueue.java:403)&#10;        at java.util.concurrent.ThreadPoolExecutor.getTask(ThreadPoolExecutor.java:1074)&#10;        at java.util.concurrent.ThreadPoolExecutor.runWorker(ThreadPoolExecutor.java:1134)&#10;        at java.util.concurrent.ThreadPoolExecutor$Worker.run(ThreadPoolExecutor.java:624)&#10;        at java.lang.Thread.run(Thread.java:748)&#10;&quot;pool-110-thread-7&quot;  prio=5 tid=698 in Object.wait()&#10;java.lang.Thread.State: WAITING (on object monitor)&#10;        at sun.misc.Unsafe.park(Native Method)&#10;        at java.util.concurrent.locks.LockSupport.park(LockSupport.java:175)&#10;        at java.util.concurrent.locks.AbstractQueuedSynchronizer$ConditionObject.await(AbstractQueuedSynchronizer.java:2039)&#10;        at java.util.concurrent.ArrayBlockingQueue.take(ArrayBlockingQueue.java:403)&#10;        at java.util.concurrent.ThreadPoolExecutor.getTask(ThreadPoolExecutor.java:1074)&#10;        at java.util.concurrent.ThreadPoolExecutor.runWorker(ThreadPoolExecutor.java:1134)&#10;        at java.util.concurrent.ThreadPoolExecutor$Worker.run(ThreadPoolExecutor.java:624)&#10;        at java.lang.Thread.run(Thread.java:748)&#10;&quot;pool-173-thread-6&quot;  prio=5 tid=877 in Object.wait()&#10;java.lang.Thread.State: WAITING (on object monitor)&#10;        at sun.misc.Unsafe.park(Native Method)&#10;        at java.util.concurrent.locks.LockSupport.park(LockSupport.java:175)&#10;        at java.util.concurrent.locks.AbstractQueuedSynchronizer$ConditionObject.await(AbstractQueuedSynchronizer.java:2039)&#10;        at java.util.concurrent.ArrayBlockingQueue.take(ArrayBlockingQueue.java:403)&#10;        at java.util.concurrent.ThreadPoolExecutor.getTask(ThreadPoolExecutor.java:1074)&#10;        at java.util.concurrent.ThreadPoolExecutor.runWorker(ThreadPoolExecutor.java:1134)&#10;        at java.util.concurrent.ThreadPoolExecutor$Worker.run(ThreadPoolExecutor.java:624)&#10;        at java.lang.Thread.run(Thread.java:748)&#10;&quot;pool-152-thread-35&quot;  prio=5 tid=846 in Object.wait()&#10;java.lang.Thread.State: WAITING (on object monitor)&#10;        at sun.misc.Unsafe.park(Native Method)&#10;        at java.util.concurrent.locks.LockSupport.park(LockSupport.java:175)&#10;        at java.util.concurrent.locks.AbstractQueuedSynchronizer$ConditionObject.await(AbstractQueuedSynchronizer.java:2039)&#10;        at java.util.concurrent.ArrayBlockingQueue.take(ArrayBlockingQueue.java:403)&#10;        at java.util.concurrent.ThreadPoolExecutor.getTask(ThreadPoolExecutor.java:1074)&#10;        at java.util.concurrent.ThreadPoolExecutor.runWorker(ThreadPoolExecutor.java:1134)&#10;        at java.util.concurrent.ThreadPoolExecutor$Worker.run(ThreadPoolExecutor.java:624)&#10;        at java.lang.Thread.run(Thread.java:748)&#10;&quot;pool-194-thread-35&quot;  prio=5 tid=966 in Object.wait()&#10;java.lang.Thread.State: WAITING (on object monitor)&#10;        at sun.misc.Unsafe.park(Native Method)&#10;        at java.util.concurrent.locks.LockSupport.park(LockSupport.java:175)&#10;        at java.util.concurrent.locks.AbstractQueuedSynchronizer$ConditionObject.await(AbstractQueuedSynchronizer.java:2039)&#10;        at java.util.concurrent.ArrayBlockingQueue.take(ArrayBlockingQueue.java:403)&#10;        at java.util.concurrent.ThreadPoolExecutor.getTask(ThreadPoolExecutor.java:1074)&#10;        at java.util.concurrent.ThreadPoolExecutor.runWorker(ThreadPoolExecutor.java:1134)&#10;        at java.util.concurrent.ThreadPoolExecutor$Worker.run(ThreadPoolExecutor.java:624)&#10;        at java.lang.Thread.run(Thread.java:748)&#10;&quot;pool-47-thread-50&quot;  prio=5 tid=561 in Object.wait()&#10;java.lang.Thread.State: WAITING (on object monitor)&#10;        at sun.misc.Unsafe.park(Native Method)&#10;        at java.util.concurrent.locks.LockSupport.park(LockSupport.java:175)&#10;        at java.util.concurrent.locks.AbstractQueuedSynchronizer$ConditionObject.await(AbstractQueuedSynchronizer.java:2039)&#10;        at java.util.concurrent.ArrayBlockingQueue.take(ArrayBlockingQueue.java:403)&#10;        at java.util.concurrent.ThreadPoolExecutor.getTask(ThreadPoolExecutor.java:1074)&#10;        at java.util.concurrent.ThreadPoolExecutor.runWorker(ThreadPoolExecutor.java:1134)&#10;        at java.util.concurrent.ThreadPoolExecutor$Worker.run(ThreadPoolExecutor.java:624)&#10;        at java.lang.Thread.run(Thread.java:748)&#10;&quot;org.eclipse.jetty.server.session.HashSessionManager@50b46e24Timer&quot; daemon prio=5 tid=230 timed_waiting&#10;java.lang.Thread.State: TIMED_WAITING&#10;        at sun.misc.Unsafe.park(Native Method)&#10;        at java.util.concurrent.locks.LockSupport.parkNanos(LockSupport.java:215)&#10;        at java.util.concurrent.locks.AbstractQueuedSynchronizer$ConditionObject.awaitNanos(AbstractQueuedSynchronizer.java:2078)&#10;        at java.util.concurrent.ScheduledThreadPoolExecutor$DelayedWorkQueue.take(ScheduledThreadPoolExecutor.java:1093)&#10;        at java.util.concurrent.ScheduledThreadPoolExecutor$DelayedWorkQueue.take(ScheduledThreadPoolExecutor.java:809)&#10;        at java.util.concurrent.ThreadPoolExecutor.getTask(ThreadPoolExecutor.java:1074)&#10;        at java.util.concurrent.ThreadPoolExecutor.runWorker(ThreadPoolExecutor.java:1134)&#10;        at java.util.concurrent.ThreadPoolExecutor$Worker.run(ThreadPoolExecutor.java:624)&#10;        at java.lang.Thread.run(Thread.java:748)&#10;&quot;pool-26-thread-33&quot;  prio=5 tid=483 in Object.wait()&#10;java.lang.Thread.State: WAITING (on object monitor)&#10;        at sun.misc.Unsafe.park(Native Method)&#10;        at java.util.concurrent.locks.LockSupport.park(LockSupport.java:175)&#10;        at java.util.concurrent.locks.AbstractQueuedSynchronizer$ConditionObject.await(AbstractQueuedSynchronizer.java:2039)&#10;        at java.util.concurrent.ArrayBlockingQueue.take(ArrayBlockingQueue.java:403)&#10;        at java.util.concurrent.ThreadPoolExecutor.getTask(ThreadPoolExecutor.java:1074)&#10;        at java.util.concurrent.ThreadPoolExecutor.runWorker(ThreadPoolExecutor.java:1134)&#10;        at java.util.concurrent.ThreadPoolExecutor$Worker.run(ThreadPoolExecutor.java:624)&#10;        at java.lang.Thread.run(Thread.java:748)&#10;&quot;org.eclipse.jetty.server.session.HashSessionManager@1ee29c84Timer&quot; daemon prio=5 tid=143 timed_waiting&#10;java.lang.Thread.State: TIMED_WAITING&#10;        at sun.misc.Unsafe.park(Native Method)&#10;        at java.util.concurrent.locks.LockSupport.parkNanos(LockSupport.java:215)&#10;        at java.util.concurrent.locks.AbstractQueuedSynchronizer$ConditionObject.awaitNanos(AbstractQueuedSynchronizer.java:2078)&#10;        at java.util.concurrent.ScheduledThreadPoolExecutor$DelayedWorkQueue.take(ScheduledThreadPoolExecutor.java:1093)&#10;        at java.util.concurrent.ScheduledThreadPoolExecutor$DelayedWorkQueue.take(ScheduledThreadPoolExecutor.java:809)&#10;        at java.util.concurrent.ThreadPoolExecutor.getTask(ThreadPoolExecutor.java:1074)&#10;        at java.util.concurrent.ThreadPoolExecutor.runWorker(ThreadPoolExecutor.java:1134)&#10;        at java.util.concurrent.ThreadPoolExecutor$Worker.run(ThreadPoolExecutor.java:624)&#10;        at java.lang.Thread.run(Thread.java:748)&#10;&quot;pool-47-thread-6&quot;  prio=5 tid=517 in Object.wait()&#10;java.lang.Thread.State: WAITING (on object monitor)&#10;        at sun.misc.Unsafe.park(Native Method)&#10;        at java.util.concurrent.locks.LockSupport.park(LockSupport.java:175)&#10;        at java.util.concurrent.locks.AbstractQueuedSynchronizer$ConditionObject.await(AbstractQueuedSynchronizer.java:2039)&#10;        at java.util.concurrent.ArrayBlockingQueue.take(ArrayBlockingQueue.java:403)&#10;        at java.util.concurrent.ThreadPoolExecutor.getTask(ThreadPoolExecutor.java:1074)&#10;        at java.util.concurrent.ThreadPoolExecutor.runWorker(ThreadPoolExecutor.java:1134)&#10;        at java.util.concurrent.ThreadPoolExecutor$Worker.run(ThreadPoolExecutor.java:624)&#10;        at java.lang.Thread.run(Thread.java:748)&#10;&quot;IPC Server handler 0 on 33423&quot; daemon prio=5 tid=30 timed_waiting&#10;java.lang.Thread.State: TIMED_WAITING&#10;        at sun.misc.Unsafe.park(Native Method)&#10;        at java.util.concurrent.locks.LockSupport.parkNanos(LockSupport.java:215)&#10;        at java.util.concurrent.locks.AbstractQueuedSynchronizer$ConditionObject.awaitNanos(AbstractQueuedSynchronizer.java:2078)&#10;        at java.util.concurrent.LinkedBlockingQueue.poll(LinkedBlockingQueue.java:467)&#10;        at org.apache.hadoop.ipc.CallQueueManager.take(CallQueueManager.java:288)&#10;        at org.apache.hadoop.ipc.Server$Handler.run(Server.java:2668)&#10;&quot;pool-110-thread-21&quot;  prio=5 tid=712 in Object.wait()&#10;java.lang.Thread.State: WAITING (on object monitor)&#10;        at sun.misc.Unsafe.park(Native Method)&#10;        at java.util.concurrent.locks.LockSupport.park(LockSupport.java:175)&#10;        at java.util.concurrent.locks.AbstractQueuedSynchronizer$ConditionObject.await(AbstractQueuedSynchronizer.java:2039)&#10;        at java.util.concurrent.ArrayBlockingQueue.take(ArrayBlockingQueue.java:403)&#10;        at java.util.concurrent.ThreadPoolExecutor.getTask(ThreadPoolExecutor.java:1074)&#10;        at java.util.concurrent.ThreadPoolExecutor.runWorker(ThreadPoolExecutor.java:1134)&#10;        at java.util.concurrent.ThreadPoolExecutor$Worker.run(ThreadPoolExecutor.java:624)&#10;        at java.lang.Thread.run(Thread.java:748)&#10;&quot;Socket Reader #1 for port 46447&quot;  prio=5 tid=20 runnable&#10;java.lang.Thread.State: RUNNABLE&#10;        at sun.nio.ch.EPollArrayWrapper.epollWait(Native Method)&#10;        at sun.nio.ch.EPollArrayWrapper.poll(EPollArrayWrapper.java:269)&#10;        at sun.nio.ch.EPollSelectorImpl.doSelect(EPollSelectorImpl.java:93)&#10;        at sun.nio.ch.SelectorImpl.lockAndDoSelect(SelectorImpl.java:86)&#10;        at sun.nio.ch.SelectorImpl.select(SelectorImpl.java:97)&#10;        at sun.nio.ch.SelectorImpl.select(SelectorImpl.java:101)&#10;        at org.apache.hadoop.ipc.Server$Listener$Reader.doRunLoop(Server.java:1097)&#10;        at org.apache.hadoop.ipc.Server$Listener$Reader.run(Server.java:1076)&#10;&quot;pool-110-thread-50&quot;  prio=5 tid=741 in Object.wait()&#10;java.lang.Thread.State: WAITING (on object monitor)&#10;        at sun.misc.Unsafe.park(Native Method)&#10;        at java.util.concurrent.locks.LockSupport.park(LockSupport.java:175)&#10;        at java.util.concurrent.locks.AbstractQueuedSynchronizer$ConditionObject.await(AbstractQueuedSynchronizer.java:2039)&#10;        at java.util.concurrent.ArrayBlockingQueue.take(ArrayBlockingQueue.java:403)&#10;        at java.util.concurrent.ThreadPoolExecutor.getTask(ThreadPoolExecutor.java:1074)&#10;        at java.util.concurrent.ThreadPoolExecutor.runWorker(ThreadPoolExecutor.java:1134)&#10;        at java.util.concurrent.ThreadPoolExecutor$Worker.run(ThreadPoolExecutor.java:624)&#10;        at java.lang.Thread.run(Thread.java:748)&#10;&quot;org.eclipse.jetty.server.session.HashSessionManager@16a6dc21Timer&quot; daemon prio=5 tid=380 timed_waiting&#10;java.lang.Thread.State: TIMED_WAITING&#10;        at sun.misc.Unsafe.park(Native Method)&#10;        at java.util.concurrent.locks.LockSupport.parkNanos(LockSupport.java:215)&#10;        at java.util.concurrent.locks.AbstractQueuedSynchronizer$ConditionObject.awaitNanos(AbstractQueuedSynchronizer.java:2078)&#10;        at java.util.concurrent.ScheduledThreadPoolExecutor$DelayedWorkQueue.take(ScheduledThreadPoolExecutor.java:1093)&#10;        at java.util.concurrent.ScheduledThreadPoolExecutor$DelayedWorkQueue.take(ScheduledThreadPoolExecutor.java:809)&#10;        at java.util.concurrent.ThreadPoolExecutor.getTask(ThreadPoolExecutor.java:1074)&#10;        at java.util.concurrent.ThreadPoolExecutor.runWorker(ThreadPoolExecutor.java:1134)&#10;        at java.util.concurrent.ThreadPoolExecutor$Worker.run(ThreadPoolExecutor.java:624)&#10;        at java.lang.Thread.run(Thread.java:748)&#10;&quot;pool-173-thread-26&quot;  prio=5 tid=897 in Object.wait()&#10;java.lang.Thread.State: WAITING (on object monitor)&#10;        at sun.misc.Unsafe.park(Native Method)&#10;        at java.util.concurrent.locks.LockSupport.park(LockSupport.java:175)&#10;        at java.util.concurrent.locks.AbstractQueuedSynchronizer$ConditionObject.await(AbstractQueuedSynchronizer.java:2039)&#10;        at java.util.concurrent.ArrayBlockingQueue.take(ArrayBlockingQueue.java:403)&#10;        at java.util.concurrent.ThreadPoolExecutor.getTask(ThreadPoolExecutor.java:1074)&#10;        at java.util.concurrent.ThreadPoolExecutor.runWorker(ThreadPoolExecutor.java:1134)&#10;        at java.util.concurrent.ThreadPoolExecutor$Worker.run(ThreadPoolExecutor.java:624)&#10;        at java.lang.Thread.run(Thread.java:748)&#10;&quot;pool-68-thread-4&quot;  prio=5 tid=575 in Object.wait()&#10;java.lang.Thread.State: WAITING (on object monitor)&#10;        at sun.misc.Unsafe.park(Native Method)&#10;        at java.util.concurrent.locks.LockSupport.park(LockSupport.java:175)&#10;        at java.util.concurrent.locks.AbstractQueuedSynchronizer$ConditionObject.await(AbstractQueuedSynchronizer.java:2039)&#10;        at java.util.concurrent.ArrayBlockingQueue.take(ArrayBlockingQueue.java:403)&#10;        at java.util.concurrent.ThreadPoolExecutor.getTask(ThreadPoolExecutor.java:1074)&#10;        at java.util.concurrent.ThreadPoolExecutor.runWorker(ThreadPoolExecutor.java:1134)&#10;        at java.util.concurrent.ThreadPoolExecutor$Worker.run(ThreadPoolExecutor.java:624)&#10;        at java.lang.Thread.run(Thread.java:748)&#10;&quot;pool-89-thread-55&quot;  prio=5 tid=686 in Object.wait()&#10;java.lang.Thread.State: WAITING (on object monitor)&#10;        at sun.misc.Unsafe.park(Native Method)&#10;        at java.util.concurrent.locks.LockSupport.park(LockSupport.java:175)&#10;        at java.util.concurrent.locks.AbstractQueuedSynchronizer$ConditionObject.await(AbstractQueuedSynchronizer.java:2039)&#10;        at java.util.concurrent.ArrayBlockingQueue.take(ArrayBlockingQueue.java:403)&#10;        at java.util.concurrent.ThreadPoolExecutor.getTask(ThreadPoolExecutor.java:1074)&#10;        at java.util.concurrent.ThreadPoolExecutor.runWorker(ThreadPoolExecutor.java:1134)&#10;        at java.util.concurrent.ThreadPoolExecutor$Worker.run(ThreadPoolExecutor.java:624)&#10;        at java.lang.Thread.run(Thread.java:748)&#10;&quot;pool-26-thread-30&quot;  prio=5 tid=480 in Object.wait()&#10;java.lang.Thread.State: WAITING (on object monitor)&#10;        at sun.misc.Unsafe.park(Native Method)&#10;        at java.util.concurrent.locks.LockSupport.park(LockSupport.java:175)&#10;        at java.util.concurrent.locks.AbstractQueuedSynchronizer$ConditionObject.await(AbstractQueuedSynchronizer.java:2039)&#10;        at java.util.concurrent.ArrayBlockingQueue.take(ArrayBlockingQueue.java:403)&#10;        at java.util.concurrent.ThreadPoolExecutor.getTask(ThreadPoolExecutor.java:1074)&#10;        at java.util.concurrent.ThreadPoolExecutor.runWorker(ThreadPoolExecutor.java:1134)&#10;        at java.util.concurrent.ThreadPoolExecutor$Worker.run(ThreadPoolExecutor.java:624)&#10;        at java.lang.Thread.run(Thread.java:748)&#10;&quot;Thread-350&quot; daemon prio=5 tid=1163 timed_waiting&#10;java.lang.Thread.State: TIMED_WAITING&#10;        at sun.misc.Unsafe.park(Native Method)&#10;        at java.util.concurrent.locks.LockSupport.parkNanos(LockSupport.java:215)&#10;        at java.util.concurrent.locks.AbstractQueuedSynchronizer$ConditionObject.awaitNanos(AbstractQueuedSynchronizer.java:2078)&#10;        at java.util.concurrent.ArrayBlockingQueue.poll(ArrayBlockingQueue.java:418)&#10;        at org.apache.ratis.server.impl.LeaderState$EventQueue.poll(LeaderState.java:114)&#10;        at org.apache.ratis.server.impl.LeaderState$EventProcessor.run(LeaderState.java:438)&#10;&quot;pool-205-thread-1&quot;  prio=5 tid=1128 in Object.wait()&#10;java.lang.Thread.State: WAITING (on object monitor)&#10;        at sun.misc.Unsafe.park(Native Method)&#10;        at java.util.concurrent.locks.LockSupport.park(LockSupport.java:175)&#10;        at java.util.concurrent.locks.AbstractQueuedSynchronizer$ConditionObject.await(AbstractQueuedSynchronizer.java:2039)&#10;        at java.util.concurrent.LinkedBlockingQueue.take(LinkedBlockingQueue.java:442)&#10;        at java.util.concurrent.ThreadPoolExecutor.getTask(ThreadPoolExecutor.java:1074)&#10;        at java.util.concurrent.ThreadPoolExecutor.runWorker(ThreadPoolExecutor.java:1134)&#10;        at java.util.concurrent.ThreadPoolExecutor$Worker.run(ThreadPoolExecutor.java:624)&#10;        at java.lang.Thread.run(Thread.java:748)&#10;&quot;pool-152-thread-49&quot;  prio=5 tid=860 in Object.wait()&#10;java.lang.Thread.State: WAITING (on object monitor)&#10;        at sun.misc.Unsafe.park(Native Method)&#10;        at java.util.concurrent.locks.LockSupport.park(LockSupport.java:175)&#10;        at java.util.concurrent.locks.AbstractQueuedSynchronizer$ConditionObject.await(AbstractQueuedSynchronizer.java:2039)&#10;        at java.util.concurrent.ArrayBlockingQueue.take(ArrayBlockingQueue.java:403)&#10;        at java.util.concurrent.ThreadPoolExecutor.getTask(ThreadPoolExecutor.java:1074)&#10;        at java.util.concurrent.ThreadPoolExecutor.runWorker(ThreadPoolExecutor.java:1134)&#10;        at java.util.concurrent.ThreadPoolExecutor$Worker.run(ThreadPoolExecutor.java:624)&#10;        at java.lang.Thread.run(Thread.java:748)&#10;&quot;pool-26-thread-8&quot;  prio=5 tid=458 in Object.wait()&#10;java.lang.Thread.State: WAITING (on object monitor)&#10;        at sun.misc.Unsafe.park(Native Method)&#10;        at java.util.concurrent.locks.LockSupport.park(LockSupport.java:175)&#10;        at java.util.concurrent.locks.AbstractQueuedSynchronizer$ConditionObject.await(AbstractQueuedSynchronizer.java:2039)&#10;        at java.util.concurrent.ArrayBlockingQueue.take(ArrayBlockingQueue.java:403)&#10;        at java.util.concurrent.ThreadPoolExecutor.getTask(ThreadPoolExecutor.java:1074)&#10;        at java.util.concurrent.ThreadPoolExecutor.runWorker(ThreadPoolExecutor.java:1134)&#10;        at java.util.concurrent.ThreadPoolExecutor$Worker.run(ThreadPoolExecutor.java:624)&#10;        at java.lang.Thread.run(Thread.java:748)&#10;&quot;Datanode ReportManager Thread - 3&quot; daemon prio=5 tid=358 timed_waiting&#10;java.lang.Thread.State: TIMED_WAITING&#10;        at sun.misc.Unsafe.park(Native Method)&#10;        at java.util.concurrent.locks.LockSupport.parkNanos(LockSupport.java:215)&#10;        at java.util.concurrent.locks.AbstractQueuedSynchronizer$ConditionObject.awaitNanos(AbstractQueuedSynchronizer.java:2078)&#10;        at java.util.concurrent.ScheduledThreadPoolExecutor$DelayedWorkQueue.take(ScheduledThreadPoolExecutor.java:1093)&#10;        at java.util.concurrent.ScheduledThreadPoolExecutor$DelayedWorkQueue.take(ScheduledThreadPoolExecutor.java:809)&#10;        at java.util.concurrent.ThreadPoolExecutor.getTask(ThreadPoolExecutor.java:1074)&#10;        at java.util.concurrent.ThreadPoolExecutor.runWorker(ThreadPoolExecutor.java:1134)&#10;        at java.util.concurrent.ThreadPoolExecutor$Worker.run(ThreadPoolExecutor.java:624)&#10;        at java.lang.Thread.run(Thread.java:748)&#10;&quot;pool-26-thread-43&quot;  prio=5 tid=493 in Object.wait()&#10;java.lang.Thread.State: WAITING (on object monitor)&#10;        at sun.misc.Unsafe.park(Native Method)&#10;        at java.util.concurrent.locks.LockSupport.park(LockSupport.java:175)&#10;        at java.util.concurrent.locks.AbstractQueuedSynchronizer$ConditionObject.await(AbstractQueuedSynchronizer.java:2039)&#10;        at java.util.concurrent.ArrayBlockingQueue.take(ArrayBlockingQueue.java:403)&#10;        at java.util.concurrent.ThreadPoolExecutor.getTask(ThreadPoolExecutor.java:1074)&#10;        at java.util.concurrent.ThreadPoolExecutor.runWorker(ThreadPoolExecutor.java:1134)&#10;        at java.util.concurrent.ThreadPoolExecutor$Worker.run(ThreadPoolExecutor.java:624)&#10;        at java.lang.Thread.run(Thread.java:748)&#10;&quot;pool-215-thread-53&quot;  prio=5 tid=1044 in Object.wait()&#10;java.lang.Thread.State: WAITING (on object monitor)&#10;        at sun.misc.Unsafe.park(Native Method)&#10;        at java.util.concurrent.locks.LockSupport.park(LockSupport.java:175)&#10;        at java.util.concurrent.locks.AbstractQueuedSynchronizer$ConditionObject.await(AbstractQueuedSynchronizer.java:2039)&#10;        at java.util.concurrent.ArrayBlockingQueue.take(ArrayBlockingQueue.java:403)&#10;        at java.util.concurrent.ThreadPoolExecutor.getTask(ThreadPoolExecutor.java:1074)&#10;        at java.util.concurrent.ThreadPoolExecutor.runWorker(ThreadPoolExecutor.java:1134)&#10;        at java.util.concurrent.ThreadPoolExecutor$Worker.run(ThreadPoolExecutor.java:624)&#10;        at java.lang.Thread.run(Thread.java:748)&#10;&quot;Thread-347&quot; daemon prio=5 tid=1162 timed_waiting&#10;java.lang.Thread.State: TIMED_WAITING&#10;        at sun.misc.Unsafe.park(Native Method)&#10;        at java.util.concurrent.locks.LockSupport.parkNanos(LockSupport.java:215)&#10;        at java.util.concurrent.locks.AbstractQueuedSynchronizer$ConditionObject.awaitNanos(AbstractQueuedSynchronizer.java:2078)&#10;        at java.util.concurrent.ArrayBlockingQueue.poll(ArrayBlockingQueue.java:418)&#10;        at org.apache.ratis.server.impl.LeaderState$EventQueue.poll(LeaderState.java:114)&#10;        at org.apache.ratis.server.impl.LeaderState$EventProcessor.run(LeaderState.java:438)&#10;&quot;pool-215-thread-26&quot;  prio=5 tid=1017 in Object.wait()&#10;java.lang.Thread.State: WAITING (on object monitor)&#10;        at sun.misc.Unsafe.park(Native Method)&#10;        at java.util.concurrent.locks.LockSupport.park(LockSupport.java:175)&#10;        at java.util.concurrent.locks.AbstractQueuedSynchronizer$ConditionObject.await(AbstractQueuedSynchronizer.java:2039)&#10;        at java.util.concurrent.ArrayBlockingQueue.take(ArrayBlockingQueue.java:403)&#10;        at java.util.concurrent.ThreadPoolExecutor.getTask(ThreadPoolExecutor.java:1074)&#10;        at java.util.concurrent.ThreadPoolExecutor.runWorker(ThreadPoolExecutor.java:1134)&#10;        at java.util.concurrent.ThreadPoolExecutor$Worker.run(ThreadPoolExecutor.java:624)&#10;        at java.lang.Thread.run(Thread.java:748)&#10;&quot;StateMachineUpdater-a55bb28c-9a91-49a0-99cd-6faaa1ad267a-group-EC215E1E3AB3&quot; daemon prio=5 tid=1112 in Object.wait()&#10;java.lang.Thread.State: WAITING (on object monitor)&#10;        at java.lang.Object.wait(Native Method)&#10;        at java.lang.Object.wait(Object.java:502)&#10;        at org.apache.ratis.server.impl.StateMachineUpdater.run(StateMachineUpdater.java:138)&#10;        at java.lang.Thread.run(Thread.java:748)&#10;&quot;pool-26-thread-25&quot;  prio=5 tid=475 in Object.wait()&#10;java.lang.Thread.State: WAITING (on object monitor)&#10;        at sun.misc.Unsafe.park(Native Method)&#10;        at java.util.concurrent.locks.LockSupport.park(LockSupport.java:175)&#10;        at java.util.concurrent.locks.AbstractQueuedSynchronizer$ConditionObject.await(AbstractQueuedSynchronizer.java:2039)&#10;        at java.util.concurrent.ArrayBlockingQueue.take(ArrayBlockingQueue.java:403)&#10;        at java.util.concurrent.ThreadPoolExecutor.getTask(ThreadPoolExecutor.java:1074)&#10;        at java.util.concurrent.ThreadPoolExecutor.runWorker(ThreadPoolExecutor.java:1134)&#10;        at java.util.concurrent.ThreadPoolExecutor$Worker.run(ThreadPoolExecutor.java:624)&#10;        at java.lang.Thread.run(Thread.java:748)&#10;&quot;Datanode ReportManager Thread - 0&quot; daemon prio=5 tid=263 in Object.wait()&#10;java.lang.Thread.State: WAITING (on object monitor)&#10;        at sun.misc.Unsafe.park(Native Method)&#10;        at java.util.concurrent.locks.LockSupport.park(LockSupport.java:175)&#10;        at java.util.concurrent.locks.AbstractQueuedSynchronizer$ConditionObject.await(AbstractQueuedSynchronizer.java:2039)&#10;        at java.util.concurrent.ScheduledThreadPoolExecutor$DelayedWorkQueue.take(ScheduledThreadPoolExecutor.java:1088)&#10;        at java.util.concurrent.ScheduledThreadPoolExecutor$DelayedWorkQueue.take(ScheduledThreadPoolExecutor.java:809)&#10;        at java.util.concurrent.ThreadPoolExecutor.getTask(ThreadPoolExecutor.java:1074)&#10;        at java.util.concurrent.ThreadPoolExecutor.runWorker(ThreadPoolExecutor.java:1134)&#10;        at java.util.concurrent.ThreadPoolExecutor$Worker.run(ThreadPoolExecutor.java:624)&#10;        at java.lang.Thread.run(Thread.java:748)&#10;&quot;pool-131-thread-46&quot;  prio=5 tid=797 in Object.wait()&#10;java.lang.Thread.State: WAITING (on object monitor)&#10;        at sun.misc.Unsafe.park(Native Method)&#10;        at java.util.concurrent.locks.LockSupport.park(LockSupport.java:175)&#10;        at java.util.concurrent.locks.AbstractQueuedSynchronizer$ConditionObject.await(AbstractQueuedSynchronizer.java:2039)&#10;        at java.util.concurrent.ArrayBlockingQueue.take(ArrayBlockingQueue.java:403)&#10;        at java.util.concurrent.ThreadPoolExecutor.getTask(ThreadPoolExecutor.java:1074)&#10;        at java.util.concurrent.ThreadPoolExecutor.runWorker(ThreadPoolExecutor.java:1134)&#10;        at java.util.concurrent.ThreadPoolExecutor$Worker.run(ThreadPoolExecutor.java:624)&#10;        at java.lang.Thread.run(Thread.java:748)&#10;&quot;Datanode ReportManager Thread - 3&quot; daemon prio=5 tid=208 in Object.wait()&#10;java.lang.Thread.State: WAITING (on object monitor)&#10;        at sun.misc.Unsafe.park(Native Method)&#10;        at java.util.concurrent.locks.LockSupport.park(LockSupport.java:175)&#10;        at java.util.concurrent.locks.AbstractQueuedSynchronizer$ConditionObject.await(AbstractQueuedSynchronizer.java:2039)&#10;        at java.util.concurrent.ScheduledThreadPoolExecutor$DelayedWorkQueue.take(ScheduledThreadPoolExecutor.java:1088)&#10;        at java.util.concurrent.ScheduledThreadPoolExecutor$DelayedWorkQueue.take(ScheduledThreadPoolExecutor.java:809)&#10;        at java.util.concurrent.ThreadPoolExecutor.getTask(ThreadPoolExecutor.java:1074)&#10;        at java.util.concurrent.ThreadPoolExecutor.runWorker(ThreadPoolExecutor.java:1134)&#10;        at java.util.concurrent.ThreadPoolExecutor$Worker.run(ThreadPoolExecutor.java:624)&#10;        at java.lang.Thread.run(Thread.java:748)&#10;&quot;pool-47-thread-60&quot;  prio=5 tid=571 in Object.wait()&#10;java.lang.Thread.State: WAITING (on object monitor)&#10;        at sun.misc.Unsafe.park(Native Method)&#10;        at java.util.concurrent.locks.LockSupport.park(LockSupport.java:175)&#10;        at java.util.concurrent.locks.AbstractQueuedSynchronizer$ConditionObject.await(AbstractQueuedSynchronizer.java:2039)&#10;        at java.util.concurrent.ArrayBlockingQueue.take(ArrayBlockingQueue.java:403)&#10;        at java.util.concurrent.ThreadPoolExecutor.getTask(ThreadPoolExecutor.java:1074)&#10;        at java.util.concurrent.ThreadPoolExecutor.runWorker(ThreadPoolExecutor.java:1134)&#10;        at java.util.concurrent.ThreadPoolExecutor$Worker.run(ThreadPoolExecutor.java:624)&#10;        at java.lang.Thread.run(Thread.java:748)&#10;&quot;pool-26-thread-9&quot;  prio=5 tid=459 in Object.wait()&#10;java.lang.Thread.State: WAITING (on object monitor)&#10;        at sun.misc.Unsafe.park(Native Method)&#10;        at java.util.concurrent.locks.LockSupport.park(LockSupport.java:175)&#10;        at java.util.concurrent.locks.AbstractQueuedSynchronizer$ConditionObject.await(AbstractQueuedSynchronizer.java:2039)&#10;        at java.util.concurrent.ArrayBlockingQueue.take(ArrayBlockingQueue.java:403)&#10;        at java.util.concurrent.ThreadPoolExecutor.getTask(ThreadPoolExecutor.java:1074)&#10;        at java.util.concurrent.ThreadPoolExecutor.runWorker(ThreadPoolExecutor.java:1134)&#10;        at java.util.concurrent.ThreadPoolExecutor$Worker.run(ThreadPoolExecutor.java:624)&#10;        at java.lang.Thread.run(Thread.java:748)&#10;&quot;pool-194-thread-39&quot;  prio=5 tid=970 in Object.wait()&#10;java.lang.Thread.State: WAITING (on object monitor)&#10;        at sun.misc.Unsafe.park(Native Method)&#10;        at java.util.concurrent.locks.LockSupport.park(LockSupport.java:175)&#10;        at java.util.concurrent.locks.AbstractQueuedSynchronizer$ConditionObject.await(AbstractQueuedSynchronizer.java:2039)&#10;        at java.util.concurrent.ArrayBlockingQueue.take(ArrayBlockingQueue.java:403)&#10;        at java.util.concurrent.ThreadPoolExecutor.getTask(ThreadPoolExecutor.java:1074)&#10;        at java.util.concurrent.ThreadPoolExecutor.runWorker(ThreadPoolExecutor.java:1134)&#10;        at java.util.concurrent.ThreadPoolExecutor$Worker.run(ThreadPoolExecutor.java:624)&#10;        at java.lang.Thread.run(Thread.java:748)&#10;&quot;pool-131-thread-31&quot;  prio=5 tid=782 in Object.wait()&#10;java.lang.Thread.State: WAITING (on object monitor)&#10;        at sun.misc.Unsafe.park(Native Method)&#10;        at java.util.concurrent.locks.LockSupport.park(LockSupport.java:175)&#10;        at java.util.concurrent.locks.AbstractQueuedSynchronizer$ConditionObject.await(AbstractQueuedSynchronizer.java:2039)&#10;        at java.util.concurrent.ArrayBlockingQueue.take(ArrayBlockingQueue.java:403)&#10;        at java.util.concurrent.ThreadPoolExecutor.getTask(ThreadPoolExecutor.java:1074)&#10;        at java.util.concurrent.ThreadPoolExecutor.runWorker(ThreadPoolExecutor.java:1134)&#10;        at java.util.concurrent.ThreadPoolExecutor$Worker.run(ThreadPoolExecutor.java:624)&#10;        at java.lang.Thread.run(Thread.java:748)&#10;&quot;pool-110-thread-22&quot;  prio=5 tid=713 in Object.wait()&#10;java.lang.Thread.State: WAITING (on object monitor)&#10;        at sun.misc.Unsafe.park(Native Method)&#10;        at java.util.concurrent.locks.LockSupport.park(LockSupport.java:175)&#10;        at java.util.concurrent.locks.AbstractQueuedSynchronizer$ConditionObject.await(AbstractQueuedSynchronizer.java:2039)&#10;        at java.util.concurrent.ArrayBlockingQueue.take(ArrayBlockingQueue.java:403)&#10;        at java.util.concurrent.ThreadPoolExecutor.getTask(ThreadPoolExecutor.java:1074)&#10;        at java.util.concurrent.ThreadPoolExecutor.runWorker(ThreadPoolExecutor.java:1134)&#10;        at java.util.concurrent.ThreadPoolExecutor$Worker.run(ThreadPoolExecutor.java:624)&#10;        at java.lang.Thread.run(Thread.java:748)&#10;&quot;Thread-326&quot; daemon prio=5 tid=1134 timed_waiting&#10;java.lang.Thread.State: TIMED_WAITING&#10;        at sun.misc.Unsafe.park(Native Method)&#10;        at java.util.concurrent.locks.LockSupport.parkNanos(LockSupport.java:215)&#10;        at java.util.concurrent.locks.AbstractQueuedSynchronizer$ConditionObject.awaitNanos(AbstractQueuedSynchronizer.java:2078)&#10;        at java.util.concurrent.ArrayBlockingQueue.poll(ArrayBlockingQueue.java:418)&#10;        at org.apache.ratis.server.impl.LeaderState$EventQueue.poll(LeaderState.java:114)&#10;        at org.apache.ratis.server.impl.LeaderState$EventProcessor.run(LeaderState.java:438)&#10;&quot;pool-131-thread-59&quot;  prio=5 tid=810 in Object.wait()&#10;java.lang.Thread.State: WAITING (on object monitor)&#10;        at sun.misc.Unsafe.park(Native Method)&#10;        at java.util.concurrent.locks.LockSupport.park(LockSupport.java:175)&#10;        at java.util.concurrent.locks.AbstractQueuedSynchronizer$ConditionObject.await(AbstractQueuedSynchronizer.java:2039)&#10;        at java.util.concurrent.ArrayBlockingQueue.take(ArrayBlockingQueue.java:403)&#10;        at java.util.concurrent.ThreadPoolExecutor.getTask(ThreadPoolExecutor.java:1074)&#10;        at java.util.concurrent.ThreadPoolExecutor.runWorker(ThreadPoolExecutor.java:1134)&#10;        at java.util.concurrent.ThreadPoolExecutor$Worker.run(ThreadPoolExecutor.java:624)&#10;        at java.lang.Thread.run(Thread.java:748)&#10;&quot;qtp2106129052-402&quot; daemon prio=5 tid=402 timed_waiting&#10;java.lang.Thread.State: TIMED_WAITING&#10;        at sun.misc.Unsafe.park(Native Method)&#10;        at java.util.concurrent.locks.LockSupport.parkNanos(LockSupport.java:215)&#10;        at java.util.concurrent.locks.AbstractQueuedSynchronizer$ConditionObject.awaitNanos(AbstractQueuedSynchronizer.java:2078)&#10;        at org.eclipse.jetty.util.BlockingArrayQueue.poll(BlockingArrayQueue.java:392)&#10;        at org.eclipse.jetty.util.thread.QueuedThreadPool.idleJobPoll(QueuedThreadPool.java:563)&#10;        at org.eclipse.jetty.util.thread.QueuedThreadPool.access$800(QueuedThreadPool.java:48)&#10;        at org.eclipse.jetty.util.thread.QueuedThreadPool$2.run(QueuedThreadPool.java:626)&#10;        at java.lang.Thread.run(Thread.java:748)&#10;&quot;IPC Server handler 12 on 38877&quot; daemon prio=5 tid=126 timed_waiting&#10;java.lang.Thread.State: TIMED_WAITING&#10;        at sun.misc.Unsafe.park(Native Method)&#10;        at java.util.concurrent.locks.LockSupport.parkNanos(LockSupport.java:215)&#10;        at java.util.concurrent.locks.AbstractQueuedSynchronizer$ConditionObject.awaitNanos(AbstractQueuedSynchronizer.java:2078)&#10;        at java.util.concurrent.LinkedBlockingQueue.poll(LinkedBlockingQueue.java:467)&#10;        at org.apache.hadoop.ipc.CallQueueManager.take(CallQueueManager.java:288)&#10;        at org.apache.hadoop.ipc.Server$Handler.run(Server.java:2668)&#10;&quot;pool-68-thread-11&quot;  prio=5 tid=582 in Object.wait()&#10;java.lang.Thread.State: WAITING (on object monitor)&#10;        at sun.misc.Unsafe.park(Native Method)&#10;        at java.util.concurrent.locks.LockSupport.park(LockSupport.java:175)&#10;        at java.util.concurrent.locks.AbstractQueuedSynchronizer$ConditionObject.await(AbstractQueuedSynchronizer.java:2039)&#10;        at java.util.concurrent.ArrayBlockingQueue.take(ArrayBlockingQueue.java:403)&#10;        at java.util.concurrent.ThreadPoolExecutor.getTask(ThreadPoolExecutor.java:1074)&#10;        at java.util.concurrent.ThreadPoolExecutor.runWorker(ThreadPoolExecutor.java:1134)&#10;        at java.util.concurrent.ThreadPoolExecutor$Worker.run(ThreadPoolExecutor.java:624)&#10;        at java.lang.Thread.run(Thread.java:748)&#10;&quot;pool-215-thread-32&quot;  prio=5 tid=1023 in Object.wait()&#10;java.lang.Thread.State: WAITING (on object monitor)&#10;        at sun.misc.Unsafe.park(Native Method)&#10;        at java.util.concurrent.locks.LockSupport.park(LockSupport.java:175)&#10;        at java.util.concurrent.locks.AbstractQueuedSynchronizer$ConditionObject.await(AbstractQueuedSynchronizer.java:2039)&#10;        at java.util.concurrent.ArrayBlockingQueue.take(ArrayBlockingQueue.java:403)&#10;        at java.util.concurrent.ThreadPoolExecutor.getTask(ThreadPoolExecutor.java:1074)&#10;        at java.util.concurrent.ThreadPoolExecutor.runWorker(ThreadPoolExecutor.java:1134)&#10;        at java.util.concurrent.ThreadPoolExecutor$Worker.run(ThreadPoolExecutor.java:624)&#10;        at java.lang.Thread.run(Thread.java:748)&#10;&quot;pool-215-thread-11&quot;  prio=5 tid=1002 in Object.wait()&#10;java.lang.Thread.State: WAITING (on object monitor)&#10;        at sun.misc.Unsafe.park(Native Method)&#10;        at java.util.concurrent.locks.LockSupport.park(LockSupport.java:175)&#10;        at java.util.concurrent.locks.AbstractQueuedSynchronizer$ConditionObject.await(AbstractQueuedSynchronizer.java:2039)&#10;        at java.util.concurrent.ArrayBlockingQueue.take(ArrayBlockingQueue.java:403)&#10;        at java.util.concurrent.ThreadPoolExecutor.getTask(ThreadPoolExecutor.java:1074)&#10;        at java.util.concurrent.ThreadPoolExecutor.runWorker(ThreadPoolExecutor.java:1134)&#10;        at java.util.concurrent.ThreadPoolExecutor$Worker.run(ThreadPoolExecutor.java:624)&#10;        at java.lang.Thread.run(Thread.java:748)&#10;&quot;cd0c8ecd-7ef6-4060-bf45-94f9de670313-RaftLogWorker&quot;  prio=5 tid=1129 timed_waiting&#10;java.lang.Thread.State: TIMED_WAITING&#10;        at sun.misc.Unsafe.park(Native Method)&#10;        at java.util.concurrent.locks.LockSupport.parkNanos(LockSupport.java:215)&#10;        at java.util.concurrent.locks.AbstractQueuedSynchronizer$ConditionObject.awaitNanos(AbstractQueuedSynchronizer.java:2078)&#10;        at org.apache.ratis.util.DataBlockingQueue.poll(DataBlockingQueue.java:137)&#10;        at org.apache.ratis.server.storage.RaftLogWorker.run(RaftLogWorker.java:216)&#10;        at java.lang.Thread.run(Thread.java:748)&#10;&quot;pool-89-thread-31&quot;  prio=5 tid=662 in Object.wait()&#10;java.lang.Thread.State: WAITING (on object monitor)&#10;        at sun.misc.Unsafe.park(Native Method)&#10;        at java.util.concurrent.locks.LockSupport.park(LockSupport.java:175)&#10;        at java.util.concurrent.locks.AbstractQueuedSynchronizer$ConditionObject.await(AbstractQueuedSynchronizer.java:2039)&#10;        at java.util.concurrent.ArrayBlockingQueue.take(ArrayBlockingQueue.java:403)&#10;        at java.util.concurrent.ThreadPoolExecutor.getTask(ThreadPoolExecutor.java:1074)&#10;        at java.util.concurrent.ThreadPoolExecutor.runWorker(ThreadPoolExecutor.java:1134)&#10;        at java.util.concurrent.ThreadPoolExecutor$Worker.run(ThreadPoolExecutor.java:624)&#10;        at java.lang.Thread.run(Thread.java:748)&#10;&quot;BlockDeletingService#2&quot; daemon prio=5 tid=1833 in Object.wait()&#10;java.lang.Thread.State: WAITING (on object monitor)&#10;        at sun.misc.Unsafe.park(Native Method)&#10;        at java.util.concurrent.locks.LockSupport.park(LockSupport.java:175)&#10;        at java.util.concurrent.locks.AbstractQueuedSynchronizer$ConditionObject.await(AbstractQueuedSynchronizer.java:2039)&#10;        at java.util.concurrent.ScheduledThreadPoolExecutor$DelayedWorkQueue.take(ScheduledThreadPoolExecutor.java:1088)&#10;        at java.util.concurrent.ScheduledThreadPoolExecutor$DelayedWorkQueue.take(ScheduledThreadPoolExecutor.java:809)&#10;        at java.util.concurrent.ThreadPoolExecutor.getTask(ThreadPoolExecutor.java:1074)&#10;        at java.util.concurrent.ThreadPoolExecutor.runWorker(ThreadPoolExecutor.java:1134)&#10;        at java.util.concurrent.ThreadPoolExecutor$Worker.run(ThreadPoolExecutor.java:624)&#10;        at java.lang.Thread.run(Thread.java:748)&#10;&quot;pool-89-thread-24&quot;  prio=5 tid=655 in Object.wait()&#10;java.lang.Thread.State: WAITING (on object monitor)&#10;        at sun.misc.Unsafe.park(Native Method)&#10;        at java.util.concurrent.locks.LockSupport.park(LockSupport.java:175)&#10;        at java.util.concurrent.locks.AbstractQueuedSynchronizer$ConditionObject.await(AbstractQueuedSynchronizer.java:2039)&#10;        at java.util.concurrent.ArrayBlockingQueue.take(ArrayBlockingQueue.java:403)&#10;        at java.util.concurrent.ThreadPoolExecutor.getTask(ThreadPoolExecutor.java:1074)&#10;        at java.util.concurrent.ThreadPoolExecutor.runWorker(ThreadPoolExecutor.java:1134)&#10;        at java.util.concurrent.ThreadPoolExecutor$Worker.run(ThreadPoolExecutor.java:624)&#10;        at java.lang.Thread.run(Thread.java:748)&#10;&quot;StateMachineUpdater-cd0c8ecd-7ef6-4060-bf45-94f9de670313-group-C3E35E1227F9&quot; daemon prio=5 tid=1130 in Object.wait()&#10;java.lang.Thread.State: WAITING (on object monitor)&#10;        at java.lang.Object.wait(Native Method)&#10;        at java.lang.Object.wait(Object.java:502)&#10;        at org.apache.ratis.server.impl.StateMachineUpdater.run(StateMachineUpdater.java:138)&#10;        at java.lang.Thread.run(Thread.java:748)&#10;&quot;pool-110-thread-56&quot;  prio=5 tid=747 in Object.wait()&#10;java.lang.Thread.State: WAITING (on object monitor)&#10;        at sun.misc.Unsafe.park(Native Method)&#10;        at java.util.concurrent.locks.LockSupport.park(LockSupport.java:175)&#10;        at java.util.concurrent.locks.AbstractQueuedSynchronizer$ConditionObject.await(AbstractQueuedSynchronizer.java:2039)&#10;        at java.util.concurrent.ArrayBlockingQueue.take(ArrayBlockingQueue.java:403)&#10;        at java.util.concurrent.ThreadPoolExecutor.getTask(ThreadPoolExecutor.java:1074)&#10;        at java.util.concurrent.ThreadPoolExecutor.runWorker(ThreadPoolExecutor.java:1134)&#10;        at java.util.concurrent.ThreadPoolExecutor$Worker.run(ThreadPoolExecutor.java:624)&#10;        at java.lang.Thread.run(Thread.java:748)&#10;&quot;pool-68-thread-45&quot;  prio=5 tid=616 in Object.wait()&#10;java.lang.Thread.State: WAITING (on object monitor)&#10;        at sun.misc.Unsafe.park(Native Method)&#10;        at java.util.concurrent.locks.LockSupport.park(LockSupport.java:175)&#10;        at java.util.concurrent.locks.AbstractQueuedSynchronizer$ConditionObject.await(AbstractQueuedSynchronizer.java:2039)&#10;        at java.util.concurrent.ArrayBlockingQueue.take(ArrayBlockingQueue.java:403)&#10;        at java.util.concurrent.ThreadPoolExecutor.getTask(ThreadPoolExecutor.java:1074)&#10;        at java.util.concurrent.ThreadPoolExecutor.runWorker(ThreadPoolExecutor.java:1134)&#10;        at java.util.concurrent.ThreadPoolExecutor$Worker.run(ThreadPoolExecutor.java:624)&#10;        at java.lang.Thread.run(Thread.java:748)&#10;&quot;qtp644718663-430&quot; daemon prio=5 tid=430 runnable&#10;java.lang.Thread.State: RUNNABLE&#10;        at sun.nio.ch.EPollArrayWrapper.epollWait(Native Method)&#10;        at sun.nio.ch.EPollArrayWrapper.poll(EPollArrayWrapper.java:269)&#10;        at sun.nio.ch.EPollSelectorImpl.doSelect(EPollSelectorImpl.java:93)&#10;        at sun.nio.ch.SelectorImpl.lockAndDoSelect(SelectorImpl.java:86)&#10;        at sun.nio.ch.SelectorImpl.select(SelectorImpl.java:97)&#10;        at sun.nio.ch.SelectorImpl.select(SelectorImpl.java:101)&#10;        at org.eclipse.jetty.io.ManagedSelector$SelectorProducer.select(ManagedSelector.java:243)&#10;        at org.eclipse.jetty.io.ManagedSelector$SelectorProducer.produce(ManagedSelector.java:191)&#10;        at org.eclipse.jetty.util.thread.strategy.ExecuteProduceConsume.executeProduceConsume(ExecuteProduceConsume.java:249)&#10;        at org.eclipse.jetty.util.thread.strategy.ExecuteProduceConsume.produceConsume(ExecuteProduceConsume.java:148)&#10;        at org.eclipse.jetty.util.thread.strategy.ExecuteProduceConsume.execute(ExecuteProduceConsume.java:100)&#10;        at org.eclipse.jetty.io.ManagedSelector.run(ManagedSelector.java:147)&#10;        at org.eclipse.jetty.util.thread.QueuedThreadPool.runJob(QueuedThreadPool.java:671)&#10;        at org.eclipse.jetty.util.thread.QueuedThreadPool$2.run(QueuedThreadPool.java:589)&#10;        at java.lang.Thread.run(Thread.java:748)&#10;&quot;pool-26-thread-45&quot;  prio=5 tid=495 in Object.wait()&#10;java.lang.Thread.State: WAITING (on object monitor)&#10;        at sun.misc.Unsafe.park(Native Method)&#10;        at java.util.concurrent.locks.LockSupport.park(LockSupport.java:175)&#10;        at java.util.concurrent.locks.AbstractQueuedSynchronizer$ConditionObject.await(AbstractQueuedSynchronizer.java:2039)&#10;        at java.util.concurrent.ArrayBlockingQueue.take(ArrayBlockingQueue.java:403)&#10;        at java.util.concurrent.ThreadPoolExecutor.getTask(ThreadPoolExecutor.java:1074)&#10;        at java.util.concurrent.ThreadPoolExecutor.runWorker(ThreadPoolExecutor.java:1134)&#10;        at java.util.concurrent.ThreadPoolExecutor$Worker.run(ThreadPoolExecutor.java:624)&#10;        at java.lang.Thread.run(Thread.java:748)&#10;&quot;process reaper&quot; daemon prio=10 tid=10 timed_waiting&#10;java.lang.Thread.State: TIMED_WAITING&#10;        at sun.misc.Unsafe.park(Native Method)&#10;        at java.util.concurrent.locks.LockSupport.parkNanos(LockSupport.java:215)&#10;        at java.util.concurrent.SynchronousQueue$TransferStack.awaitFulfill(SynchronousQueue.java:460)&#10;        at java.util.concurrent.SynchronousQueue$TransferStack.transfer(SynchronousQueue.java:362)&#10;        at java.util.concurrent.SynchronousQueue.poll(SynchronousQueue.java:941)&#10;        at java.util.concurrent.ThreadPoolExecutor.getTask(ThreadPoolExecutor.java:1073)&#10;        at java.util.concurrent.ThreadPoolExecutor.runWorker(ThreadPoolExecutor.java:1134)&#10;        at java.util.concurrent.ThreadPoolExecutor$Worker.run(ThreadPoolExecutor.java:624)&#10;        at java.lang.Thread.run(Thread.java:748)&#10;&quot;Datanode ReportManager Thread - 2&quot; daemon prio=5 tid=445 in Object.wait()&#10;java.lang.Thread.State: WAITING (on object monitor)&#10;        at sun.misc.Unsafe.park(Native Method)&#10;        at java.util.concurrent.locks.LockSupport.park(LockSupport.java:175)&#10;        at java.util.concurrent.locks.AbstractQueuedSynchronizer$ConditionObject.await(AbstractQueuedSynchronizer.java:2039)&#10;        at java.util.concurrent.ScheduledThreadPoolExecutor$DelayedWorkQueue.take(ScheduledThreadPoolExecutor.java:1088)&#10;        at java.util.concurrent.ScheduledThreadPoolExecutor$DelayedWorkQueue.take(ScheduledThreadPoolExecutor.java:809)&#10;        at java.util.concurrent.ThreadPoolExecutor.getTask(ThreadPoolExecutor.java:1074)&#10;        at java.util.concurrent.ThreadPoolExecutor.runWorker(ThreadPoolExecutor.java:1134)&#10;        at java.util.concurrent.ThreadPoolExecutor$Worker.run(ThreadPoolExecutor.java:624)&#10;        at java.lang.Thread.run(Thread.java:748)&#10;&quot;pool-173-thread-53&quot;  prio=5 tid=924 in Object.wait()&#10;java.lang.Thread.State: WAITING (on object monitor)&#10;        at sun.misc.Unsafe.park(Native Method)&#10;        at java.util.concurrent.locks.LockSupport.park(LockSupport.java:175)&#10;        at java.util.concurrent.locks.AbstractQueuedSynchronizer$ConditionObject.await(AbstractQueuedSynchronizer.java:2039)&#10;        at java.util.concurrent.ArrayBlockingQueue.take(ArrayBlockingQueue.java:403)&#10;        at java.util.concurrent.ThreadPoolExecutor.getTask(ThreadPoolExecutor.java:1074)&#10;        at java.util.concurrent.ThreadPoolExecutor.runWorker(ThreadPoolExecutor.java:1134)&#10;        at java.util.concurrent.ThreadPoolExecutor$Worker.run(ThreadPoolExecutor.java:624)&#10;        at java.lang.Thread.run(Thread.java:748)&#10;&quot;qtp2106129052-406&quot; daemon prio=5 tid=406 timed_waiting&#10;java.lang.Thread.State: TIMED_WAITING&#10;        at sun.misc.Unsafe.park(Native Method)&#10;        at java.util.concurrent.locks.LockSupport.parkNanos(LockSupport.java:215)&#10;        at java.util.concurrent.locks.AbstractQueuedSynchronizer$ConditionObject.awaitNanos(AbstractQueuedSynchronizer.java:2078)&#10;        at org.eclipse.jetty.util.BlockingArrayQueue.poll(BlockingArrayQueue.java:392)&#10;        at org.eclipse.jetty.util.thread.QueuedThreadPool.idleJobPoll(QueuedThreadPool.java:563)&#10;        at org.eclipse.jetty.util.thread.QueuedThreadPool.access$800(QueuedThreadPool.java:48)&#10;        at org.eclipse.jetty.util.thread.QueuedThreadPool$2.run(QueuedThreadPool.java:626)&#10;        at java.lang.Thread.run(Thread.java:748)&#10;&quot;qtp391333725-370&quot; daemon prio=5 tid=370 runnable&#10;java.lang.Thread.State: RUNNABLE&#10;        at sun.nio.ch.EPollArrayWrapper.epollWait(Native Method)&#10;        at sun.nio.ch.EPollArrayWrapper.poll(EPollArrayWrapper.java:269)&#10;        at sun.nio.ch.EPollSelectorImpl.doSelect(EPollSelectorImpl.java:93)&#10;        at sun.nio.ch.SelectorImpl.lockAndDoSelect(SelectorImpl.java:86)&#10;        at sun.nio.ch.SelectorImpl.select(SelectorImpl.java:97)&#10;        at sun.nio.ch.SelectorImpl.select(SelectorImpl.java:101)&#10;        at org.eclipse.jetty.io.ManagedSelector$SelectorProducer.select(ManagedSelector.java:243)&#10;        at org.eclipse.jetty.io.ManagedSelector$SelectorProducer.produce(ManagedSelector.java:191)&#10;        at org.eclipse.jetty.util.thread.strategy.ExecuteProduceConsume.executeProduceConsume(ExecuteProduceConsume.java:249)&#10;        at org.eclipse.jetty.util.thread.strategy.ExecuteProduceConsume.produceConsume(ExecuteProduceConsume.java:148)&#10;        at org.eclipse.jetty.util.thread.strategy.ExecuteProduceConsume.execute(ExecuteProduceConsume.java:100)&#10;        at org.eclipse.jetty.io.ManagedSelector.run(ManagedSelector.java:147)&#10;        at org.eclipse.jetty.util.thread.QueuedThreadPool.runJob(QueuedThreadPool.java:671)&#10;        at org.eclipse.jetty.util.thread.QueuedThreadPool$2.run(QueuedThreadPool.java:589)&#10;        at java.lang.Thread.run(Thread.java:748)&#10;&quot;pool-79-thread-1&quot;  prio=5 tid=1080 in Object.wait()&#10;java.lang.Thread.State: WAITING (on object monitor)&#10;        at sun.misc.Unsafe.park(Native Method)&#10;        at java.util.concurrent.locks.LockSupport.park(LockSupport.java:175)&#10;        at java.util.concurrent.locks.AbstractQueuedSynchronizer$ConditionObject.await(AbstractQueuedSynchronizer.java:2039)&#10;        at java.util.concurrent.LinkedBlockingQueue.take(LinkedBlockingQueue.java:442)&#10;        at java.util.concurrent.ThreadPoolExecutor.getTask(ThreadPoolExecutor.java:1074)&#10;        at java.util.concurrent.ThreadPoolExecutor.runWorker(ThreadPoolExecutor.java:1134)&#10;        at java.util.concurrent.ThreadPoolExecutor$Worker.run(ThreadPoolExecutor.java:624)&#10;        at java.lang.Thread.run(Thread.java:748)&#10;&quot;pool-152-thread-26&quot;  prio=5 tid=837 in Object.wait()&#10;java.lang.Thread.State: WAITING (on object monitor)&#10;        at sun.misc.Unsafe.park(Native Method)&#10;        at java.util.concurrent.locks.LockSupport.park(LockSupport.java:175)&#10;        at java.util.concurrent.locks.AbstractQueuedSynchronizer$ConditionObject.await(AbstractQueuedSynchronizer.java:2039)&#10;        at java.util.concurrent.ArrayBlockingQueue.take(ArrayBlockingQueue.java:403)&#10;        at java.util.concurrent.ThreadPoolExecutor.getTask(ThreadPoolExecutor.java:1074)&#10;        at java.util.concurrent.ThreadPoolExecutor.runWorker(ThreadPoolExecutor.java:1134)&#10;        at java.util.concurrent.ThreadPoolExecutor$Worker.run(ThreadPoolExecutor.java:624)&#10;        at java.lang.Thread.run(Thread.java:748)&#10;&quot;pool-131-thread-43&quot;  prio=5 tid=794 in Object.wait()&#10;java.lang.Thread.State: WAITING (on object monitor)&#10;        at sun.misc.Unsafe.park(Native Method)&#10;        at java.util.concurrent.locks.LockSupport.park(LockSupport.java:175)&#10;        at java.util.concurrent.locks.AbstractQueuedSynchronizer$ConditionObject.await(AbstractQueuedSynchronizer.java:2039)&#10;        at java.util.concurrent.ArrayBlockingQueue.take(ArrayBlockingQueue.java:403)&#10;        at java.util.concurrent.ThreadPoolExecutor.getTask(ThreadPoolExecutor.java:1074)&#10;        at java.util.concurrent.ThreadPoolExecutor.runWorker(ThreadPoolExecutor.java:1134)&#10;        at java.util.concurrent.ThreadPoolExecutor$Worker.run(ThreadPoolExecutor.java:624)&#10;        at java.lang.Thread.run(Thread.java:748)&#10;&quot;pool-26-thread-39&quot;  prio=5 tid=489 in Object.wait()&#10;java.lang.Thread.State: WAITING (on object monitor)&#10;        at sun.misc.Unsafe.park(Native Method)&#10;        at java.util.concurrent.locks.LockSupport.park(LockSupport.java:175)&#10;        at java.util.concurrent.locks.AbstractQueuedSynchronizer$ConditionObject.await(AbstractQueuedSynchronizer.java:2039)&#10;        at java.util.concurrent.ArrayBlockingQueue.take(ArrayBlockingQueue.java:403)&#10;        at java.util.concurrent.ThreadPoolExecutor.getTask(ThreadPoolExecutor.java:1074)&#10;        at java.util.concurrent.ThreadPoolExecutor.runWorker(ThreadPoolExecutor.java:1134)&#10;        at java.util.concurrent.ThreadPoolExecutor$Worker.run(ThreadPoolExecutor.java:624)&#10;        at java.lang.Thread.run(Thread.java:748)&#10;&quot;org.eclipse.jetty.server.session.HashSessionManager@533b266eTimer&quot; daemon prio=5 tid=100 timed_waiting&#10;java.lang.Thread.State: TIMED_WAITING&#10;        at sun.misc.Unsafe.park(Native Method)&#10;        at java.util.concurrent.locks.LockSupport.parkNanos(LockSupport.java:215)&#10;        at java.util.concurrent.locks.AbstractQueuedSynchronizer$ConditionObject.awaitNanos(AbstractQueuedSynchronizer.java:2078)&#10;        at java.util.concurrent.ScheduledThreadPoolExecutor$DelayedWorkQueue.take(ScheduledThreadPoolExecutor.java:1093)&#10;        at java.util.concurrent.ScheduledThreadPoolExecutor$DelayedWorkQueue.take(ScheduledThreadPoolExecutor.java:809)&#10;        at java.util.concurrent.ThreadPoolExecutor.getTask(ThreadPoolExecutor.java:1074)&#10;        at java.util.concurrent.ThreadPoolExecutor.runWorker(ThreadPoolExecutor.java:1134)&#10;        at java.util.concurrent.ThreadPoolExecutor$Worker.run(ThreadPoolExecutor.java:624)&#10;        at java.lang.Thread.run(Thread.java:748)&#10;&quot;pool-131-thread-42&quot;  prio=5 tid=793 in Object.wait()&#10;java.lang.Thread.State: WAITING (on object monitor)&#10;        at sun.misc.Unsafe.park(Native Method)&#10;        at java.util.concurrent.locks.LockSupport.park(LockSupport.java:175)&#10;        at java.util.concurrent.locks.AbstractQueuedSynchronizer$ConditionObject.await(AbstractQueuedSynchronizer.java:2039)&#10;        at java.util.concurrent.ArrayBlockingQueue.take(ArrayBlockingQueue.java:403)&#10;        at java.util.concurrent.ThreadPoolExecutor.getTask(ThreadPoolExecutor.java:1074)&#10;        at java.util.concurrent.ThreadPoolExecutor.runWorker(ThreadPoolExecutor.java:1134)&#10;        at java.util.concurrent.ThreadPoolExecutor$Worker.run(ThreadPoolExecutor.java:624)&#10;        at java.lang.Thread.run(Thread.java:748)&#10;&quot;qtp644718663-435&quot; daemon prio=5 tid=435 timed_waiting&#10;java.lang.Thread.State: TIMED_WAITING&#10;        at sun.misc.Unsafe.park(Native Method)&#10;        at java.util.concurrent.locks.LockSupport.parkNanos(LockSupport.java:215)&#10;        at java.util.concurrent.locks.AbstractQueuedSynchronizer$ConditionObject.awaitNanos(AbstractQueuedSynchronizer.java:2078)&#10;        at org.eclipse.jetty.util.BlockingArrayQueue.poll(BlockingArrayQueue.java:392)&#10;        at org.eclipse.jetty.util.thread.QueuedThreadPool.idleJobPoll(QueuedThreadPool.java:563)&#10;        at org.eclipse.jetty.util.thread.QueuedThreadPool.access$800(QueuedThreadPool.java:48)&#10;        at org.eclipse.jetty.util.thread.QueuedThreadPool$2.run(QueuedThreadPool.java:626)&#10;        at java.lang.Thread.run(Thread.java:748)&#10;&quot;Finalizer&quot; daemon prio=8 tid=3 in Object.wait()&#10;java.lang.Thread.State: WAITING (on object monitor)&#10;        at java.lang.Object.wait(Native Method)&#10;        at java.lang.ref.ReferenceQueue.remove(ReferenceQueue.java:144)&#10;        at java.lang.ref.ReferenceQueue.remove(ReferenceQueue.java:165)&#10;        at java.lang.ref.Finalizer$FinalizerThread.run(Finalizer.java:216)&#10;&quot;pool-26-thread-18&quot;  prio=5 tid=468 in Object.wait()&#10;java.lang.Thread.State: WAITING (on object monitor)&#10;        at sun.misc.Unsafe.park(Native Method)&#10;        at java.util.concurrent.locks.LockSupport.park(LockSupport.java:175)&#10;        at java.util.concurrent.locks.AbstractQueuedSynchronizer$ConditionObject.await(AbstractQueuedSynchronizer.java:2039)&#10;        at java.util.concurrent.ArrayBlockingQueue.take(ArrayBlockingQueue.java:403)&#10;        at java.util.concurrent.ThreadPoolExecutor.getTask(ThreadPoolExecutor.java:1074)&#10;        at java.util.concurrent.ThreadPoolExecutor.runWorker(ThreadPoolExecutor.java:1134)&#10;        at java.util.concurrent.ThreadPoolExecutor$Worker.run(ThreadPoolExecutor.java:624)&#10;        at java.lang.Thread.run(Thread.java:748)&#10;&quot;qtp644718663-437&quot; daemon prio=5 tid=437 timed_waiting&#10;java.lang.Thread.State: TIMED_WAITING&#10;        at sun.misc.Unsafe.park(Native Method)&#10;        at java.util.concurrent.locks.LockSupport.parkNanos(LockSupport.java:215)&#10;        at java.util.concurrent.locks.AbstractQueuedSynchronizer$ConditionObject.awaitNanos(AbstractQueuedSynchronizer.java:2078)&#10;        at org.eclipse.jetty.util.BlockingArrayQueue.poll(BlockingArrayQueue.java:392)&#10;        at org.eclipse.jetty.util.thread.QueuedThreadPool.idleJobPoll(QueuedThreadPool.java:563)&#10;        at org.eclipse.jetty.util.thread.QueuedThreadPool.access$800(QueuedThreadPool.java:48)&#10;        at org.eclipse.jetty.util.thread.QueuedThreadPool$2.run(QueuedThreadPool.java:626)&#10;        at java.lang.Thread.run(Thread.java:748)&#10;&quot;pool-194-thread-55&quot;  prio=5 tid=986 in Object.wait()&#10;java.lang.Thread.State: WAITING (on object monitor)&#10;        at sun.misc.Unsafe.park(Native Method)&#10;        at java.util.concurrent.locks.LockSupport.park(LockSupport.java:175)&#10;        at java.util.concurrent.locks.AbstractQueuedSynchronizer$ConditionObject.await(AbstractQueuedSynchronizer.java:2039)&#10;        at java.util.concurrent.ArrayBlockingQueue.take(ArrayBlockingQueue.java:403)&#10;        at java.util.concurrent.ThreadPoolExecutor.getTask(ThreadPoolExecutor.java:1074)&#10;        at java.util.concurrent.ThreadPoolExecutor.runWorker(ThreadPoolExecutor.java:1134)&#10;        at java.util.concurrent.ThreadPoolExecutor$Worker.run(ThreadPoolExecutor.java:624)&#10;        at java.lang.Thread.run(Thread.java:748)&#10;&quot;pool-173-thread-2&quot;  prio=5 tid=873 in Object.wait()&#10;java.lang.Thread.State: WAITING (on object monitor)&#10;        at sun.misc.Unsafe.park(Native Method)&#10;        at java.util.concurrent.locks.LockSupport.park(LockSupport.java:175)&#10;        at java.util.concurrent.locks.AbstractQueuedSynchronizer$ConditionObject.await(AbstractQueuedSynchronizer.java:2039)&#10;        at java.util.concurrent.ArrayBlockingQueue.take(ArrayBlockingQueue.java:403)&#10;        at java.util.concurrent.ThreadPoolExecutor.getTask(ThreadPoolExecutor.java:1074)&#10;        at java.util.concurrent.ThreadPoolExecutor.runWorker(ThreadPoolExecutor.java:1134)&#10;        at java.util.concurrent.ThreadPoolExecutor$Worker.run(ThreadPoolExecutor.java:624)&#10;        at java.lang.Thread.run(Thread.java:748)&#10;&quot;IPC Server handler 6 on 38877&quot; daemon prio=5 tid=120 timed_waiting&#10;java.lang.Thread.State: TIMED_WAITING&#10;        at sun.misc.Unsafe.park(Native Method)&#10;        at java.util.concurrent.locks.LockSupport.parkNanos(LockSupport.java:215)&#10;        at java.util.concurrent.locks.AbstractQueuedSynchronizer$ConditionObject.awaitNanos(AbstractQueuedSynchronizer.java:2078)&#10;        at java.util.concurrent.LinkedBlockingQueue.poll(LinkedBlockingQueue.java:467)&#10;        at org.apache.hadoop.ipc.CallQueueManager.take(CallQueueManager.java:288)&#10;        at org.apache.hadoop.ipc.Server$Handler.run(Server.java:2668)&#10;&quot;surefire-forkedjvm-ping-30s&quot; daemon prio=5 tid=9 timed_waiting&#10;java.lang.Thread.State: TIMED_WAITING&#10;        at sun.misc.Unsafe.park(Native Method)&#10;        at java.util.concurrent.locks.LockSupport.parkNanos(LockSupport.java:215)&#10;        at java.util.concurrent.locks.AbstractQueuedSynchronizer$ConditionObject.awaitNanos(AbstractQueuedSynchronizer.java:2078)&#10;        at java.util.concurrent.ScheduledThreadPoolExecutor$DelayedWorkQueue.take(ScheduledThreadPoolExecutor.java:1093)&#10;        at java.util.concurrent.ScheduledThreadPoolExecutor$DelayedWorkQueue.take(ScheduledThreadPoolExecutor.java:809)&#10;        at java.util.concurrent.ThreadPoolExecutor.getTask(ThreadPoolExecutor.java:1074)&#10;        at java.util.concurrent.ThreadPoolExecutor.runWorker(ThreadPoolExecutor.java:1134)&#10;        at java.util.concurrent.ThreadPoolExecutor$Worker.run(ThreadPoolExecutor.java:624)&#10;        at java.lang.Thread.run(Thread.java:748)&#10;&quot;pool-152-thread-44&quot;  prio=5 tid=855 in Object.wait()&#10;java.lang.Thread.State: WAITING (on object monitor)&#10;        at sun.misc.Unsafe.park(Native Method)&#10;        at java.util.concurrent.locks.LockSupport.park(LockSupport.java:175)&#10;        at java.util.concurrent.locks.AbstractQueuedSynchronizer$ConditionObject.await(AbstractQueuedSynchronizer.java:2039)&#10;        at java.util.concurrent.ArrayBlockingQueue.take(ArrayBlockingQueue.java:403)&#10;        at java.util.concurrent.ThreadPoolExecutor.getTask(ThreadPoolExecutor.java:1074)&#10;        at java.util.concurrent.ThreadPoolExecutor.runWorker(ThreadPoolExecutor.java:1134)&#10;        at java.util.concurrent.ThreadPoolExecutor$Worker.run(ThreadPoolExecutor.java:624)&#10;        at java.lang.Thread.run(Thread.java:748)&#10;&quot;nioEventLoopGroup-18-1&quot;  prio=10 tid=411 runnable&#10;java.lang.Thread.State: RUNNABLE&#10;        at sun.nio.ch.EPollArrayWrapper.epollWait(Native Method)&#10;        at sun.nio.ch.EPollArrayWrapper.poll(EPollArrayWrapper.java:269)&#10;        at sun.nio.ch.EPollSelectorImpl.doSelect(EPollSelectorImpl.java:93)&#10;        at sun.nio.ch.SelectorImpl.lockAndDoSelect(SelectorImpl.java:86)&#10;        at sun.nio.ch.SelectorImpl.select(SelectorImpl.java:97)&#10;        at io.netty.channel.nio.SelectedSelectionKeySetSelector.select(SelectedSelectionKeySetSelector.java:62)&#10;        at io.netty.channel.nio.NioEventLoop.select(NioEventLoop.java:753)&#10;        at io.netty.channel.nio.NioEventLoop.run(NioEventLoop.java:408)&#10;        at io.netty.util.concurrent.SingleThreadEventExecutor$5.run(SingleThreadEventExecutor.java:897)&#10;        at io.netty.util.concurrent.FastThreadLocalRunnable.run(FastThreadLocalRunnable.java:30)&#10;        at java.lang.Thread.run(Thread.java:748)&#10;&quot;pool-194-thread-16&quot;  prio=5 tid=947 in Object.wait()&#10;java.lang.Thread.State: WAITING (on object monitor)&#10;        at sun.misc.Unsafe.park(Native Method)&#10;        at java.util.concurrent.locks.LockSupport.park(LockSupport.java:175)&#10;        at java.util.concurrent.locks.AbstractQueuedSynchronizer$ConditionObject.await(AbstractQueuedSynchronizer.java:2039)&#10;        at java.util.concurrent.ArrayBlockingQueue.take(ArrayBlockingQueue.java:403)&#10;        at java.util.concurrent.ThreadPoolExecutor.getTask(ThreadPoolExecutor.java:1074)&#10;        at java.util.concurrent.ThreadPoolExecutor.runWorker(ThreadPoolExecutor.java:1134)&#10;        at java.util.concurrent.ThreadPoolExecutor$Worker.run(ThreadPoolExecutor.java:624)&#10;        at java.lang.Thread.run(Thread.java:748)&#10;&quot;org.eclipse.jetty.server.session.HashSessionManager@712e787eTimer&quot; daemon prio=5 tid=319 timed_waiting&#10;java.lang.Thread.State: TIMED_WAITING&#10;        at sun.misc.Unsafe.park(Native Method)&#10;        at java.util.concurrent.locks.LockSupport.parkNanos(LockSupport.java:215)&#10;        at java.util.concurrent.locks.AbstractQueuedSynchronizer$ConditionObject.awaitNanos(AbstractQueuedSynchronizer.java:2078)&#10;        at java.util.concurrent.ScheduledThreadPoolExecutor$DelayedWorkQueue.take(ScheduledThreadPoolExecutor.java:1093)&#10;        at java.util.concurrent.ScheduledThreadPoolExecutor$DelayedWorkQueue.take(ScheduledThreadPoolExecutor.java:809)&#10;        at java.util.concurrent.ThreadPoolExecutor.getTask(ThreadPoolExecutor.java:1074)&#10;        at java.util.concurrent.ThreadPoolExecutor.runWorker(ThreadPoolExecutor.java:1134)&#10;        at java.util.concurrent.ThreadPoolExecutor$Worker.run(ThreadPoolExecutor.java:624)&#10;        at java.lang.Thread.run(Thread.java:748)&#10;&quot;pool-68-thread-22&quot;  prio=5 tid=593 in Object.wait()&#10;java.lang.Thread.State: WAITING (on object monitor)&#10;        at sun.misc.Unsafe.park(Native Method)&#10;        at java.util.concurrent.locks.LockSupport.park(LockSupport.java:175)&#10;        at java.util.concurrent.locks.AbstractQueuedSynchronizer$ConditionObject.await(AbstractQueuedSynchronizer.java:2039)&#10;        at java.util.concurrent.ArrayBlockingQueue.take(ArrayBlockingQueue.java:403)&#10;        at java.util.concurrent.ThreadPoolExecutor.getTask(ThreadPoolExecutor.java:1074)&#10;        at java.util.concurrent.ThreadPoolExecutor.runWorker(ThreadPoolExecutor.java:1134)&#10;        at java.util.concurrent.ThreadPoolExecutor$Worker.run(ThreadPoolExecutor.java:624)&#10;        at java.lang.Thread.run(Thread.java:748)&#10;&quot;grpc-default-executor-0&quot; daemon prio=5 tid=1062 runnable&#10;java.lang.Thread.State: RUNNABLE&#10;        at sun.misc.Unsafe.park(Native Method)&#10;        at java.util.concurrent.locks.LockSupport.parkNanos(LockSupport.java:215)&#10;        at java.util.concurrent.SynchronousQueue$TransferStack.awaitFulfill(SynchronousQueue.java:460)&#10;        at java.util.concurrent.SynchronousQueue$TransferStack.transfer(SynchronousQueue.java:362)&#10;        at java.util.concurrent.SynchronousQueue.poll(SynchronousQueue.java:941)&#10;        at java.util.concurrent.ThreadPoolExecutor.getTask(ThreadPoolExecutor.java:1073)&#10;        at java.util.concurrent.ThreadPoolExecutor.runWorker(ThreadPoolExecutor.java:1134)&#10;        at java.util.concurrent.ThreadPoolExecutor$Worker.run(ThreadPoolExecutor.java:624)&#10;        at java.lang.Thread.run(Thread.java:748)&#10;&quot;org.eclipse.jetty.server.session.HashSessionManager@2a5abd3cTimer&quot; daemon prio=5 tid=350 timed_waiting&#10;java.lang.Thread.State: TIMED_WAITING&#10;        at sun.misc.Unsafe.park(Native Method)&#10;        at java.util.concurrent.locks.LockSupport.parkNanos(LockSupport.java:215)&#10;        at java.util.concurrent.locks.AbstractQueuedSynchronizer$ConditionObject.awaitNanos(AbstractQueuedSynchronizer.java:2078)&#10;        at java.util.concurrent.ScheduledThreadPoolExecutor$DelayedWorkQueue.take(ScheduledThreadPoolExecutor.java:1093)&#10;        at java.util.concurrent.ScheduledThreadPoolExecutor$DelayedWorkQueue.take(ScheduledThreadPoolExecutor.java:809)&#10;        at java.util.concurrent.ThreadPoolExecutor.getTask(ThreadPoolExecutor.java:1074)&#10;        at java.util.concurrent.ThreadPoolExecutor.runWorker(ThreadPoolExecutor.java:1134)&#10;        at java.util.concurrent.ThreadPoolExecutor$Worker.run(ThreadPoolExecutor.java:624)&#10;        at java.lang.Thread.run(Thread.java:748)&#10;&quot;pool-47-thread-16&quot;  prio=5 tid=527 in Object.wait()&#10;java.lang.Thread.State: WAITING (on object monitor)&#10;        at sun.misc.Unsafe.park(Native Method)&#10;        at java.util.concurrent.locks.LockSupport.park(LockSupport.java:175)&#10;        at java.util.concurrent.locks.AbstractQueuedSynchronizer$ConditionObject.await(AbstractQueuedSynchronizer.java:2039)&#10;        at java.util.concurrent.ArrayBlockingQueue.take(ArrayBlockingQueue.java:403)&#10;        at java.util.concurrent.ThreadPoolExecutor.getTask(ThreadPoolExecutor.java:1074)&#10;        at java.util.concurrent.ThreadPoolExecutor.runWorker(ThreadPoolExecutor.java:1134)&#10;        at java.util.concurrent.ThreadPoolExecutor$Worker.run(ThreadPoolExecutor.java:624)&#10;        at java.lang.Thread.run(Thread.java:748)&#10;&quot;pool-26-thread-15&quot;  prio=5 tid=465 in Object.wait()&#10;java.lang.Thread.State: WAITING (on object monitor)&#10;        at sun.misc.Unsafe.park(Native Method)&#10;        at java.util.concurrent.locks.LockSupport.park(LockSupport.java:175)&#10;        at java.util.concurrent.locks.AbstractQueuedSynchronizer$ConditionObject.await(AbstractQueuedSynchronizer.java:2039)&#10;        at java.util.concurrent.ArrayBlockingQueue.take(ArrayBlockingQueue.java:403)&#10;        at java.util.concurrent.ThreadPoolExecutor.getTask(ThreadPoolExecutor.java:1074)&#10;        at java.util.concurrent.ThreadPoolExecutor.runWorker(ThreadPoolExecutor.java:1134)&#10;        at java.util.concurrent.ThreadPoolExecutor$Worker.run(ThreadPoolExecutor.java:624)&#10;        at java.lang.Thread.run(Thread.java:748)&#10;&quot;StateMachineUpdater-5ff02751-d237-480c-b1e9-4266071b5fb0-group-291085E99653&quot; daemon prio=5 tid=1150 in Object.wait()&#10;java.lang.Thread.State: WAITING (on object monitor)&#10;        at java.lang.Object.wait(Native Method)&#10;        at java.lang.Object.wait(Object.java:502)&#10;        at org.apache.ratis.server.impl.StateMachineUpdater.run(StateMachineUpdater.java:138)&#10;        at java.lang.Thread.run(Thread.java:748)&#10;&quot;BlockDeletingService#0&quot; daemon prio=5 tid=277 in Object.wait()&#10;java.lang.Thread.State: WAITING (on object monitor)&#10;        at sun.misc.Unsafe.park(Native Method)&#10;        at java.util.concurrent.locks.LockSupport.park(LockSupport.java:175)&#10;        at java.util.concurrent.locks.AbstractQueuedSynchronizer$ConditionObject.await(AbstractQueuedSynchronizer.java:2039)&#10;        at java.util.concurrent.ScheduledThreadPoolExecutor$DelayedWorkQueue.take(ScheduledThreadPoolExecutor.java:1088)&#10;        at java.util.concurrent.ScheduledThreadPoolExecutor$DelayedWorkQueue.take(ScheduledThreadPoolExecutor.java:809)&#10;        at java.util.concurrent.ThreadPoolExecutor.getTask(ThreadPoolExecutor.java:1074)&#10;        at java.util.concurrent.ThreadPoolExecutor.runWorker(ThreadPoolExecutor.java:1134)&#10;        at java.util.concurrent.ThreadPoolExecutor$Worker.run(ThreadPoolExecutor.java:624)&#10;        at java.lang.Thread.run(Thread.java:748)&#10;&quot;IPC Server handler 5 on 33779&quot; daemon prio=5 tid=75 timed_waiting&#10;java.lang.Thread.State: TIMED_WAITING&#10;        at sun.misc.Unsafe.park(Native Method)&#10;        at java.util.concurrent.locks.LockSupport.parkNanos(LockSupport.java:215)&#10;        at java.util.concurrent.locks.AbstractQueuedSynchronizer$ConditionObject.awaitNanos(AbstractQueuedSynchronizer.java:2078)&#10;        at java.util.concurrent.LinkedBlockingQueue.poll(LinkedBlockingQueue.java:467)&#10;        at org.apache.hadoop.ipc.CallQueueManager.take(CallQueueManager.java:288)&#10;        at org.apache.hadoop.ipc.Server$Handler.run(Server.java:2668)&#10;&quot;SCMBlockDeletingService#0&quot; daemon prio=5 tid=101 timed_waiting&#10;java.lang.Thread.State: TIMED_WAITING&#10;        at sun.misc.Unsafe.park(Native Method)&#10;        at java.util.concurrent.locks.LockSupport.parkNanos(LockSupport.java:215)&#10;        at java.util.concurrent.locks.AbstractQueuedSynchronizer$ConditionObject.awaitNanos(AbstractQueuedSynchronizer.java:2078)&#10;        at java.util.concurrent.ScheduledThreadPoolExecutor$DelayedWorkQueue.take(ScheduledThreadPoolExecutor.java:1093)&#10;        at java.util.concurrent.ScheduledThreadPoolExecutor$DelayedWorkQueue.take(ScheduledThreadPoolExecutor.java:809)&#10;        at java.util.concurrent.ThreadPoolExecutor.getTask(ThreadPoolExecutor.java:1074)&#10;        at java.util.concurrent.ThreadPoolExecutor.runWorker(ThreadPoolExecutor.java:1134)&#10;        at java.util.concurrent.ThreadPoolExecutor$Worker.run(ThreadPoolExecutor.java:624)&#10;        at java.lang.Thread.run(Thread.java:748)&#10;&quot;pool-173-thread-33&quot;  prio=5 tid=904 in Object.wait()&#10;java.lang.Thread.State: WAITING (on object monitor)&#10;        at sun.misc.Unsafe.park(Native Method)&#10;        at java.util.concurrent.locks.LockSupport.park(LockSupport.java:175)&#10;        at java.util.concurrent.locks.AbstractQueuedSynchronizer$ConditionObject.await(AbstractQueuedSynchronizer.java:2039)&#10;        at java.util.concurrent.ArrayBlockingQueue.take(ArrayBlockingQueue.java:403)&#10;        at java.util.concurrent.ThreadPoolExecutor.getTask(ThreadPoolExecutor.java:1074)&#10;        at java.util.concurrent.ThreadPoolExecutor.runWorker(ThreadPoolExecutor.java:1134)&#10;        at java.util.concurrent.ThreadPoolExecutor$Worker.run(ThreadPoolExecutor.java:624)&#10;        at java.lang.Thread.run(Thread.java:748)&#10;&quot;qtp838812606-95&quot; daemon prio=5 tid=95 timed_waiting&#10;java.lang.Thread.State: TIMED_WAITING&#10;        at sun.misc.Unsafe.park(Native Method)&#10;        at java.util.concurrent.locks.LockSupport.parkNanos(LockSupport.java:215)&#10;        at java.util.concurrent.locks.AbstractQueuedSynchronizer$ConditionObject.awaitNanos(AbstractQueuedSynchronizer.java:2078)&#10;        at org.eclipse.jetty.util.BlockingArrayQueue.poll(BlockingArrayQueue.java:392)&#10;        at org.eclipse.jetty.util.thread.QueuedThreadPool.idleJobPoll(QueuedThreadPool.java:563)&#10;        at org.eclipse.jetty.util.thread.QueuedThreadPool.access$800(QueuedThreadPool.java:48)&#10;        at org.eclipse.jetty.util.thread.QueuedThreadPool$2.run(QueuedThreadPool.java:626)&#10;        at java.lang.Thread.run(Thread.java:748)&#10;&quot;SCM Heartbeat Processing Thread - 0&quot; daemon prio=5 tid=13 timed_waiting&#10;java.lang.Thread.State: TIMED_WAITING&#10;        at sun.misc.Unsafe.park(Native Method)&#10;        at java.util.concurrent.locks.LockSupport.parkNanos(LockSupport.java:215)&#10;        at java.util.concurrent.locks.AbstractQueuedSynchronizer$ConditionObject.awaitNanos(AbstractQueuedSynchronizer.java:2078)&#10;        at java.util.concurrent.ScheduledThreadPoolExecutor$DelayedWorkQueue.take(ScheduledThreadPoolExecutor.java:1093)&#10;        at java.util.concurrent.ScheduledThreadPoolExecutor$DelayedWorkQueue.take(ScheduledThreadPoolExecutor.java:809)&#10;        at java.util.concurrent.ThreadPoolExecutor.getTask(ThreadPoolExecutor.java:1074)&#10;        at java.util.concurrent.ThreadPoolExecutor.runWorker(ThreadPoolExecutor.java:1134)&#10;        at java.util.concurrent.ThreadPoolExecutor$Worker.run(ThreadPoolExecutor.java:624)&#10;        at java.lang.Thread.run(Thread.java:748)&#10;&quot;pool-26-thread-10&quot;  prio=5 tid=460 in Object.wait()&#10;java.lang.Thread.State: WAITING (on object monitor)&#10;        at sun.misc.Unsafe.park(Native Method)&#10;        at java.util.concurrent.locks.LockSupport.park(LockSupport.java:175)&#10;        at java.util.concurrent.locks.AbstractQueuedSynchronizer$ConditionObject.await(AbstractQueuedSynchronizer.java:2039)&#10;        at java.util.concurrent.ArrayBlockingQueue.take(ArrayBlockingQueue.java:403)&#10;        at java.util.concurrent.ThreadPoolExecutor.getTask(ThreadPoolExecutor.java:1074)&#10;        at java.util.concurrent.ThreadPoolExecutor.runWorker(ThreadPoolExecutor.java:1134)&#10;        at java.util.concurrent.ThreadPoolExecutor$Worker.run(ThreadPoolExecutor.java:624)&#10;        at java.lang.Thread.run(Thread.java:748)&#10;&quot;Datanode ReportManager Thread - 2&quot; daemon prio=5 tid=415 in Object.wait()&#10;java.lang.Thread.State: WAITING (on object monitor)&#10;        at sun.misc.Unsafe.park(Native Method)&#10;        at java.util.concurrent.locks.LockSupport.park(LockSupport.java:175)&#10;        at java.util.concurrent.locks.AbstractQueuedSynchronizer$ConditionObject.await(AbstractQueuedSynchronizer.java:2039)&#10;        at java.util.concurrent.ScheduledThreadPoolExecutor$DelayedWorkQueue.take(ScheduledThreadPoolExecutor.java:1088)&#10;        at java.util.concurrent.ScheduledThreadPoolExecutor$DelayedWorkQueue.take(ScheduledThreadPoolExecutor.java:809)&#10;        at java.util.concurrent.ThreadPoolExecutor.getTask(ThreadPoolExecutor.java:1074)&#10;        at java.util.concurrent.ThreadPoolExecutor.runWorker(ThreadPoolExecutor.java:1134)&#10;        at java.util.concurrent.ThreadPoolExecutor$Worker.run(ThreadPoolExecutor.java:624)&#10;        at java.lang.Thread.run(Thread.java:748)&#10;&quot;pool-110-thread-31&quot;  prio=5 tid=722 in Object.wait()&#10;java.lang.Thread.State: WAITING (on object monitor)&#10;        at sun.misc.Unsafe.park(Native Method)&#10;        at java.util.concurrent.locks.LockSupport.park(LockSupport.java:175)&#10;        at java.util.concurrent.locks.AbstractQueuedSynchronizer$ConditionObject.await(AbstractQueuedSynchronizer.java:2039)&#10;        at java.util.concurrent.ArrayBlockingQueue.take(ArrayBlockingQueue.java:403)&#10;        at java.util.concurrent.ThreadPoolExecutor.getTask(ThreadPoolExecutor.java:1074)&#10;        at java.util.concurrent.ThreadPoolExecutor.runWorker(ThreadPoolExecutor.java:1134)&#10;        at java.util.concurrent.ThreadPoolExecutor$Worker.run(ThreadPoolExecutor.java:624)&#10;        at java.lang.Thread.run(Thread.java:748)&#10;&quot;Datanode State Machine Thread - 0&quot; daemon prio=5 tid=449 timed_waiting&#10;java.lang.Thread.State: TIMED_WAITING&#10;        at sun.misc.Unsafe.park(Native Method)&#10;        at java.util.concurrent.locks.LockSupport.parkNanos(LockSupport.java:215)&#10;        at java.util.concurrent.SynchronousQueue$TransferStack.awaitFulfill(SynchronousQueue.java:460)&#10;        at java.util.concurrent.SynchronousQueue$TransferStack.transfer(SynchronousQueue.java:362)&#10;        at java.util.concurrent.SynchronousQueue.poll(SynchronousQueue.java:941)&#10;        at java.util.concurrent.ThreadPoolExecutor.getTask(ThreadPoolExecutor.java:1073)&#10;        at java.util.concurrent.ThreadPoolExecutor.runWorker(ThreadPoolExecutor.java:1134)&#10;        at java.util.concurrent.ThreadPoolExecutor$Worker.run(ThreadPoolExecutor.java:624)&#10;        at java.lang.Thread.run(Thread.java:748)&#10;&quot;org.eclipse.jetty.server.session.HashSessionManager@149274cbTimer&quot; daemon prio=5 tid=260 timed_waiting&#10;java.lang.Thread.State: TIMED_WAITING&#10;        at sun.misc.Unsafe.park(Native Method)&#10;        at java.util.concurrent.locks.LockSupport.parkNanos(LockSupport.java:215)&#10;        at java.util.concurrent.locks.AbstractQueuedSynchronizer$ConditionObject.awaitNanos(AbstractQueuedSynchronizer.java:2078)&#10;        at java.util.concurrent.ScheduledThreadPoolExecutor$DelayedWorkQueue.take(ScheduledThreadPoolExecutor.java:1093)&#10;        at java.util.concurrent.ScheduledThreadPoolExecutor$DelayedWorkQueue.take(ScheduledThreadPoolExecutor.java:809)&#10;        at java.util.concurrent.ThreadPoolExecutor.getTask(ThreadPoolExecutor.java:1074)&#10;        at java.util.concurrent.ThreadPoolExecutor.runWorker(ThreadPoolExecutor.java:1134)&#10;        at java.util.concurrent.ThreadPoolExecutor$Worker.run(ThreadPoolExecutor.java:624)&#10;        at java.lang.Thread.run(Thread.java:748)&#10;&quot;pool-131-thread-13&quot;  prio=5 tid=764 in Object.wait()&#10;java.lang.Thread.State: WAITING (on object monitor)&#10;        at sun.misc.Unsafe.park(Native Method)&#10;        at java.util.concurrent.locks.LockSupport.park(LockSupport.java:175)&#10;        at java.util.concurrent.locks.AbstractQueuedSynchronizer$ConditionObject.await(AbstractQueuedSynchronizer.java:2039)&#10;        at java.util.concurrent.ArrayBlockingQueue.take(ArrayBlockingQueue.java:403)&#10;        at java.util.concurrent.ThreadPoolExecutor.getTask(ThreadPoolExecutor.java:1074)&#10;        at java.util.concurrent.ThreadPoolExecutor.runWorker(ThreadPoolExecutor.java:1134)&#10;        at java.util.concurrent.ThreadPoolExecutor$Worker.run(ThreadPoolExecutor.java:624)&#10;        at java.lang.Thread.run(Thread.java:748)&#10;&quot;pool-110-thread-6&quot;  prio=5 tid=697 in Object.wait()&#10;java.lang.Thread.State: WAITING (on object monitor)&#10;        at sun.misc.Unsafe.park(Native Method)&#10;        at java.util.concurrent.locks.LockSupport.park(LockSupport.java:175)&#10;        at java.util.concurrent.locks.AbstractQueuedSynchronizer$ConditionObject.await(AbstractQueuedSynchronizer.java:2039)&#10;        at java.util.concurrent.ArrayBlockingQueue.take(ArrayBlockingQueue.java:403)&#10;        at java.util.concurrent.ThreadPoolExecutor.getTask(ThreadPoolExecutor.java:1074)&#10;        at java.util.concurrent.ThreadPoolExecutor.runWorker(ThreadPoolExecutor.java:1134)&#10;        at java.util.concurrent.ThreadPoolExecutor$Worker.run(ThreadPoolExecutor.java:624)&#10;        at java.lang.Thread.run(Thread.java:748)&#10;&quot;refreshUsed-/opt/src/hadoop-ozone/integration-test/target/test-dir/MiniOzoneClusterImpl-add696fe-84ac-4b45-a2ee-012b057e1087/datanode-7/data/containers&quot; daemon prio=5 tid=363 timed_waiting&#10;java.lang.Thread.State: TIMED_WAITING&#10;        at java.lang.Thread.sleep(Native Method)&#10;        at org.apache.hadoop.fs.CachingGetSpaceUsed$RefreshThread.run(CachingGetSpaceUsed.java:179)&#10;        at java.lang.Thread.run(Thread.java:748)&#10;&quot;pool-104-thread-1&quot;  prio=5 tid=249 timed_waiting&#10;java.lang.Thread.State: TIMED_WAITING&#10;        at sun.misc.Unsafe.park(Native Method)&#10;        at java.util.concurrent.locks.LockSupport.parkNanos(LockSupport.java:215)&#10;        at java.util.concurrent.locks.AbstractQueuedSynchronizer$ConditionObject.awaitNanos(AbstractQueuedSynchronizer.java:2078)&#10;        at java.util.concurrent.ScheduledThreadPoolExecutor$DelayedWorkQueue.take(ScheduledThreadPoolExecutor.java:1093)&#10;        at java.util.concurrent.ScheduledThreadPoolExecutor$DelayedWorkQueue.take(ScheduledThreadPoolExecutor.java:809)&#10;        at java.util.concurrent.ThreadPoolExecutor.getTask(ThreadPoolExecutor.java:1074)&#10;        at java.util.concurrent.ThreadPoolExecutor.runWorker(ThreadPoolExecutor.java:1134)&#10;        at java.util.concurrent.ThreadPoolExecutor$Worker.run(ThreadPoolExecutor.java:624)&#10;        at java.lang.Thread.run(Thread.java:748)&#10;&quot;pool-131-thread-1&quot;  prio=5 tid=752 in Object.wait()&#10;java.lang.Thread.State: WAITING (on object monitor)&#10;        at sun.misc.Unsafe.park(Native Method)&#10;        at java.util.concurrent.locks.LockSupport.park(LockSupport.java:175)&#10;        at java.util.concurrent.locks.AbstractQueuedSynchronizer$ConditionObject.await(AbstractQueuedSynchronizer.java:2039)&#10;        at java.util.concurrent.ArrayBlockingQueue.take(ArrayBlockingQueue.java:403)&#10;        at java.util.concurrent.ThreadPoolExecutor.getTask(ThreadPoolExecutor.java:1074)&#10;        at java.util.concurrent.ThreadPoolExecutor.runWorker(ThreadPoolExecutor.java:1134)&#10;        at java.util.concurrent.ThreadPoolExecutor$Worker.run(ThreadPoolExecutor.java:624)&#10;        at java.lang.Thread.run(Thread.java:748)&#10;&quot;pool-26-thread-36&quot;  prio=5 tid=486 in Object.wait()&#10;java.lang.Thread.State: WAITING (on object monitor)&#10;        at sun.misc.Unsafe.park(Native Method)&#10;        at java.util.concurrent.locks.LockSupport.park(LockSupport.java:175)&#10;        at java.util.concurrent.locks.AbstractQueuedSynchronizer$ConditionObject.await(AbstractQueuedSynchronizer.java:2039)&#10;        at java.util.concurrent.ArrayBlockingQueue.take(ArrayBlockingQueue.java:403)&#10;        at java.util.concurrent.ThreadPoolExecutor.getTask(ThreadPoolExecutor.java:1074)&#10;        at java.util.concurrent.ThreadPoolExecutor.runWorker(ThreadPoolExecutor.java:1134)&#10;        at java.util.concurrent.ThreadPoolExecutor$Worker.run(ThreadPoolExecutor.java:624)&#10;        at java.lang.Thread.run(Thread.java:748)&#10;&quot;pool-152-thread-12&quot;  prio=5 tid=823 in Object.wait()&#10;java.lang.Thread.State: WAITING (on object monitor)&#10;        at sun.misc.Unsafe.park(Native Method)&#10;        at java.util.concurrent.locks.LockSupport.park(LockSupport.java:175)&#10;        at java.util.concurrent.locks.AbstractQueuedSynchronizer$ConditionObject.await(AbstractQueuedSynchronizer.java:2039)&#10;        at java.util.concurrent.ArrayBlockingQueue.take(ArrayBlockingQueue.java:403)&#10;        at java.util.concurrent.ThreadPoolExecutor.getTask(ThreadPoolExecutor.java:1074)&#10;        at java.util.concurrent.ThreadPoolExecutor.runWorker(ThreadPoolExecutor.java:1134)&#10;        at java.util.concurrent.ThreadPoolExecutor$Worker.run(ThreadPoolExecutor.java:624)&#10;        at java.lang.Thread.run(Thread.java:748)&#10;&quot;pool-194-thread-56&quot;  prio=5 tid=987 in Object.wait()&#10;java.lang.Thread.State: WAITING (on object monitor)&#10;        at sun.misc.Unsafe.park(Native Method)&#10;        at java.util.concurrent.locks.LockSupport.park(LockSupport.java:175)&#10;        at java.util.concurrent.locks.AbstractQueuedSynchronizer$ConditionObject.await(AbstractQueuedSynchronizer.java:2039)&#10;        at java.util.concurrent.ArrayBlockingQueue.take(ArrayBlockingQueue.java:403)&#10;        at java.util.concurrent.ThreadPoolExecutor.getTask(ThreadPoolExecutor.java:1074)&#10;        at java.util.concurrent.ThreadPoolExecutor.runWorker(ThreadPoolExecutor.java:1134)&#10;        at java.util.concurrent.ThreadPoolExecutor$Worker.run(ThreadPoolExecutor.java:624)&#10;        at java.lang.Thread.run(Thread.java:748)&#10;&quot;pool-194-thread-22&quot;  prio=5 tid=953 in Object.wait()&#10;java.lang.Thread.State: WAITING (on object monitor)&#10;        at sun.misc.Unsafe.park(Native Method)&#10;        at java.util.concurrent.locks.LockSupport.park(LockSupport.java:175)&#10;        at java.util.concurrent.locks.AbstractQueuedSynchronizer$ConditionObject.await(AbstractQueuedSynchronizer.java:2039)&#10;        at java.util.concurrent.ArrayBlockingQueue.take(ArrayBlockingQueue.java:403)&#10;        at java.util.concurrent.ThreadPoolExecutor.getTask(ThreadPoolExecutor.java:1074)&#10;        at java.util.concurrent.ThreadPoolExecutor.runWorker(ThreadPoolExecutor.java:1134)&#10;        at java.util.concurrent.ThreadPoolExecutor$Worker.run(ThreadPoolExecutor.java:624)&#10;        at java.lang.Thread.run(Thread.java:748)&#10;&quot;pool-131-thread-40&quot;  prio=5 tid=791 in Object.wait()&#10;java.lang.Thread.State: WAITING (on object monitor)&#10;        at sun.misc.Unsafe.park(Native Method)&#10;        at java.util.concurrent.locks.LockSupport.park(LockSupport.java:175)&#10;        at java.util.concurrent.locks.AbstractQueuedSynchronizer$ConditionObject.await(AbstractQueuedSynchronizer.java:2039)&#10;        at java.util.concurrent.ArrayBlockingQueue.take(ArrayBlockingQueue.java:403)&#10;        at java.util.concurrent.ThreadPoolExecutor.getTask(ThreadPoolExecutor.java:1074)&#10;        at java.util.concurrent.ThreadPoolExecutor.runWorker(ThreadPoolExecutor.java:1134)&#10;        at java.util.concurrent.ThreadPoolExecutor$Worker.run(ThreadPoolExecutor.java:624)&#10;        at java.lang.Thread.run(Thread.java:748)&#10;&quot;a55bb28c-9a91-49a0-99cd-6faaa1ad267a-RaftLogWorker&quot;  prio=5 tid=1102 timed_waiting&#10;java.lang.Thread.State: TIMED_WAITING&#10;        at sun.misc.Unsafe.park(Native Method)&#10;        at java.util.concurrent.locks.LockSupport.parkNanos(LockSupport.java:215)&#10;        at java.util.concurrent.locks.AbstractQueuedSynchronizer$ConditionObject.awaitNanos(AbstractQueuedSynchronizer.java:2078)&#10;        at org.apache.ratis.util.DataBlockingQueue.poll(DataBlockingQueue.java:137)&#10;        at org.apache.ratis.server.storage.RaftLogWorker.run(RaftLogWorker.java:216)&#10;        at java.lang.Thread.run(Thread.java:748)&#10;&quot;pool-110-thread-53&quot;  prio=5 tid=744 in Object.wait()&#10;java.lang.Thread.State: WAITING (on object monitor)&#10;        at sun.misc.Unsafe.park(Native Method)&#10;        at java.util.concurrent.locks.LockSupport.park(LockSupport.java:175)&#10;        at java.util.concurrent.locks.AbstractQueuedSynchronizer$ConditionObject.await(AbstractQueuedSynchronizer.java:2039)&#10;        at java.util.concurrent.ArrayBlockingQueue.take(ArrayBlockingQueue.java:403)&#10;        at java.util.concurrent.ThreadPoolExecutor.getTask(ThreadPoolExecutor.java:1074)&#10;        at java.util.concurrent.ThreadPoolExecutor.runWorker(ThreadPoolExecutor.java:1134)&#10;        at java.util.concurrent.ThreadPoolExecutor$Worker.run(ThreadPoolExecutor.java:624)&#10;        at java.lang.Thread.run(Thread.java:748)&#10;&quot;qtp648346093-346&quot; daemon prio=5 tid=346 timed_waiting&#10;java.lang.Thread.State: TIMED_WAITING&#10;        at sun.misc.Unsafe.park(Native Method)&#10;        at java.util.concurrent.locks.LockSupport.parkNanos(LockSupport.java:215)&#10;        at java.util.concurrent.locks.AbstractQueuedSynchronizer$ConditionObject.awaitNanos(AbstractQueuedSynchronizer.java:2078)&#10;        at org.eclipse.jetty.util.BlockingArrayQueue.poll(BlockingArrayQueue.java:392)&#10;        at org.eclipse.jetty.util.thread.QueuedThreadPool.idleJobPoll(QueuedThreadPool.java:563)&#10;        at org.eclipse.jetty.util.thread.QueuedThreadPool.access$800(QueuedThreadPool.java:48)&#10;        at org.eclipse.jetty.util.thread.QueuedThreadPool$2.run(QueuedThreadPool.java:626)&#10;        at java.lang.Thread.run(Thread.java:748)&#10;&quot;org.apache.hadoop.util.JvmPauseMonitor$Monitor@4731d5f3&quot; daemon prio=5 tid=330 timed_waiting&#10;java.lang.Thread.State: TIMED_WAITING&#10;        at java.lang.Thread.sleep(Native Method)&#10;        at org.apache.hadoop.util.JvmPauseMonitor$Monitor.run(JvmPauseMonitor.java:192)&#10;        at java.lang.Thread.run(Thread.java:748)&#10;&quot;pool-45-thread-1&quot; daemon prio=5 tid=185 timed_waiting&#10;java.lang.Thread.State: TIMED_WAITING&#10;        at sun.misc.Unsafe.park(Native Method)&#10;        at java.util.concurrent.locks.LockSupport.parkNanos(LockSupport.java:215)&#10;        at java.util.concurrent.locks.AbstractQueuedSynchronizer$ConditionObject.awaitNanos(AbstractQueuedSynchronizer.java:2078)&#10;        at java.util.concurrent.ScheduledThreadPoolExecutor$DelayedWorkQueue.take(ScheduledThreadPoolExecutor.java:1093)&#10;        at java.util.concurrent.ScheduledThreadPoolExecutor$DelayedWorkQueue.take(ScheduledThreadPoolExecutor.java:809)&#10;        at java.util.concurrent.ThreadPoolExecutor.getTask(ThreadPoolExecutor.java:1074)&#10;        at java.util.concurrent.ThreadPoolExecutor.runWorker(ThreadPoolExecutor.java:1134)&#10;        at java.util.concurrent.ThreadPoolExecutor$Worker.run(ThreadPoolExecutor.java:624)&#10;        at java.lang.Thread.run(Thread.java:748)&#10;&quot;pool-194-thread-48&quot;  prio=5 tid=979 in Object.wait()&#10;java.lang.Thread.State: WAITING (on object monitor)&#10;        at sun.misc.Unsafe.park(Native Method)&#10;        at java.util.concurrent.locks.LockSupport.park(LockSupport.java:175)&#10;        at java.util.concurrent.locks.AbstractQueuedSynchronizer$ConditionObject.await(AbstractQueuedSynchronizer.java:2039)&#10;        at java.util.concurrent.ArrayBlockingQueue.take(ArrayBlockingQueue.java:403)&#10;        at java.util.concurrent.ThreadPoolExecutor.getTask(ThreadPoolExecutor.java:1074)&#10;        at java.util.concurrent.ThreadPoolExecutor.runWorker(ThreadPoolExecutor.java:1134)&#10;        at java.util.concurrent.ThreadPoolExecutor$Worker.run(ThreadPoolExecutor.java:624)&#10;        at java.lang.Thread.run(Thread.java:748)&#10;&quot;pool-150-thread-1&quot; daemon prio=5 tid=335 timed_waiting&#10;java.lang.Thread.State: TIMED_WAITING&#10;        at sun.misc.Unsafe.park(Native Method)&#10;        at java.util.concurrent.locks.LockSupport.parkNanos(LockSupport.java:215)&#10;        at java.util.concurrent.locks.AbstractQueuedSynchronizer$ConditionObject.awaitNanos(AbstractQueuedSynchronizer.java:2078)&#10;        at java.util.concurrent.ScheduledThreadPoolExecutor$DelayedWorkQueue.take(ScheduledThreadPoolExecutor.java:1093)&#10;        at java.util.concurrent.ScheduledThreadPoolExecutor$DelayedWorkQueue.take(ScheduledThreadPoolExecutor.java:809)&#10;        at java.util.concurrent.ThreadPoolExecutor.getTask(ThreadPoolExecutor.java:1074)&#10;        at java.util.concurrent.ThreadPoolExecutor.runWorker(ThreadPoolExecutor.java:1134)&#10;        at java.util.concurrent.ThreadPoolExecutor$Worker.run(ThreadPoolExecutor.java:624)&#10;        at java.lang.Thread.run(Thread.java:748)&#10;&quot;qtp602280210-314&quot; daemon prio=5 tid=314 timed_waiting&#10;java.lang.Thread.State: TIMED_WAITING&#10;        at sun.misc.Unsafe.park(Native Method)&#10;        at java.util.concurrent.locks.LockSupport.parkNanos(LockSupport.java:215)&#10;        at java.util.concurrent.locks.AbstractQueuedSynchronizer$ConditionObject.awaitNanos(AbstractQueuedSynchronizer.java:2078)&#10;        at org.eclipse.jetty.util.BlockingArrayQueue.poll(BlockingArrayQueue.java:392)&#10;        at org.eclipse.jetty.util.thread.QueuedThreadPool.idleJobPoll(QueuedThreadPool.java:563)&#10;        at org.eclipse.jetty.util.thread.QueuedThreadPool.access$800(QueuedThreadPool.java:48)&#10;        at org.eclipse.jetty.util.thread.QueuedThreadPool$2.run(QueuedThreadPool.java:626)&#10;        at java.lang.Thread.run(Thread.java:748)&#10;&quot;Periodic HDDS volume checker&quot;  prio=5 tid=420 timed_waiting&#10;java.lang.Thread.State: TIMED_WAITING&#10;        at sun.misc.Unsafe.park(Native Method)&#10;        at java.util.concurrent.locks.LockSupport.parkNanos(LockSupport.java:215)&#10;        at java.util.concurrent.locks.AbstractQueuedSynchronizer$ConditionObject.awaitNanos(AbstractQueuedSynchronizer.java:2078)&#10;        at java.util.concurrent.ScheduledThreadPoolExecutor$DelayedWorkQueue.take(ScheduledThreadPoolExecutor.java:1093)&#10;        at java.util.concurrent.ScheduledThreadPoolExecutor$DelayedWorkQueue.take(ScheduledThreadPoolExecutor.java:809)&#10;        at java.util.concurrent.ThreadPoolExecutor.getTask(ThreadPoolExecutor.java:1074)&#10;        at java.util.concurrent.ThreadPoolExecutor.runWorker(ThreadPoolExecutor.java:1134)&#10;        at java.util.concurrent.ThreadPoolExecutor$Worker.run(ThreadPoolExecutor.java:624)&#10;        at java.lang.Thread.run(Thread.java:748)&#10;&quot;pool-215-thread-59&quot;  prio=5 tid=1050 in Object.wait()&#10;java.lang.Thread.State: WAITING (on object monitor)&#10;        at sun.misc.Unsafe.park(Native Method)&#10;        at java.util.concurrent.locks.LockSupport.park(LockSupport.java:175)&#10;        at java.util.concurrent.locks.AbstractQueuedSynchronizer$ConditionObject.await(AbstractQueuedSynchronizer.java:2039)&#10;        at java.util.concurrent.ArrayBlockingQueue.take(ArrayBlockingQueue.java:403)&#10;        at java.util.concurrent.ThreadPoolExecutor.getTask(ThreadPoolExecutor.java:1074)&#10;        at java.util.concurrent.ThreadPoolExecutor.runWorker(ThreadPoolExecutor.java:1134)&#10;        at java.util.concurrent.ThreadPoolExecutor$Worker.run(ThreadPoolExecutor.java:624)&#10;        at java.lang.Thread.run(Thread.java:748)&#10;&quot;pool-26-thread-50&quot;  prio=5 tid=500 in Object.wait()&#10;java.lang.Thread.State: WAITING (on object monitor)&#10;        at sun.misc.Unsafe.park(Native Method)&#10;        at java.util.concurrent.locks.LockSupport.park(LockSupport.java:175)&#10;        at java.util.concurrent.locks.AbstractQueuedSynchronizer$ConditionObject.await(AbstractQueuedSynchronizer.java:2039)&#10;        at java.util.concurrent.ArrayBlockingQueue.take(ArrayBlockingQueue.java:403)&#10;        at java.util.concurrent.ThreadPoolExecutor.getTask(ThreadPoolExecutor.java:1074)&#10;        at java.util.concurrent.ThreadPoolExecutor.runWorker(ThreadPoolExecutor.java:1134)&#10;        at java.util.concurrent.ThreadPoolExecutor$Worker.run(ThreadPoolExecutor.java:624)&#10;        at java.lang.Thread.run(Thread.java:748)&#10;&quot;grpc-default-executor-2&quot; daemon prio=5 tid=1088 timed_waiting&#10;java.lang.Thread.State: TIMED_WAITING&#10;        at sun.misc.Unsafe.park(Native Method)&#10;        at java.util.concurrent.locks.LockSupport.parkNanos(LockSupport.java:215)&#10;        at java.util.concurrent.SynchronousQueue$TransferStack.awaitFulfill(SynchronousQueue.java:460)&#10;        at java.util.concurrent.SynchronousQueue$TransferStack.transfer(SynchronousQueue.java:362)&#10;        at java.util.concurrent.SynchronousQueue.poll(SynchronousQueue.java:941)&#10;        at java.util.concurrent.ThreadPoolExecutor.getTask(ThreadPoolExecutor.java:1073)&#10;        at java.util.concurrent.ThreadPoolExecutor.runWorker(ThreadPoolExecutor.java:1134)&#10;        at java.util.concurrent.ThreadPoolExecutor$Worker.run(ThreadPoolExecutor.java:624)&#10;        at java.lang.Thread.run(Thread.java:748)&#10;&quot;pool-47-thread-29&quot;  prio=5 tid=540 in Object.wait()&#10;java.lang.Thread.State: WAITING (on object monitor)&#10;        at sun.misc.Unsafe.park(Native Method)&#10;        at java.util.concurrent.locks.LockSupport.park(LockSupport.java:175)&#10;        at java.util.concurrent.locks.AbstractQueuedSynchronizer$ConditionObject.await(AbstractQueuedSynchronizer.java:2039)&#10;        at java.util.concurrent.ArrayBlockingQueue.take(ArrayBlockingQueue.java:403)&#10;        at java.util.concurrent.ThreadPoolExecutor.getTask(ThreadPoolExecutor.java:1074)&#10;        at java.util.concurrent.ThreadPoolExecutor.runWorker(ThreadPoolExecutor.java:1134)&#10;        at java.util.concurrent.ThreadPoolExecutor$Worker.run(ThreadPoolExecutor.java:624)&#10;        at java.lang.Thread.run(Thread.java:748)&#10;&quot;pool-47-thread-52&quot;  prio=5 tid=563 in Object.wait()&#10;java.lang.Thread.State: WAITING (on object monitor)&#10;        at sun.misc.Unsafe.park(Native Method)&#10;        at java.util.concurrent.locks.LockSupport.park(LockSupport.java:175)&#10;        at java.util.concurrent.locks.AbstractQueuedSynchronizer$ConditionObject.await(AbstractQueuedSynchronizer.java:2039)&#10;        at java.util.concurrent.ArrayBlockingQueue.take(ArrayBlockingQueue.java:403)&#10;        at java.util.concurrent.ThreadPoolExecutor.getTask(ThreadPoolExecutor.java:1074)&#10;        at java.util.concurrent.ThreadPoolExecutor.runWorker(ThreadPoolExecutor.java:1134)&#10;        at java.util.concurrent.ThreadPoolExecutor$Worker.run(ThreadPoolExecutor.java:624)&#10;        at java.lang.Thread.run(Thread.java:748)&#10;&quot;Command processor thread&quot; daemon prio=5 tid=237 timed_waiting&#10;java.lang.Thread.State: TIMED_WAITING&#10;        at java.lang.Thread.sleep(Native Method)&#10;        at org.apache.hadoop.ozone.container.common.statemachine.DatanodeStateMachine.lambda$initCommandHandlerThread$1(DatanodeStateMachine.java:439)&#10;        at org.apache.hadoop.ozone.container.common.statemachine.DatanodeStateMachine$$Lambda$140/804134309.run(Unknown Source)&#10;        at java.lang.Thread.run(Thread.java:748)&#10;&quot;IPC Server handler 6 on 33423&quot; daemon prio=5 tid=36 timed_waiting&#10;java.lang.Thread.State: TIMED_WAITING&#10;        at sun.misc.Unsafe.park(Native Method)&#10;        at java.util.concurrent.locks.LockSupport.parkNanos(LockSupport.java:215)&#10;        at java.util.concurrent.locks.AbstractQueuedSynchronizer$ConditionObject.awaitNanos(AbstractQueuedSynchronizer.java:2078)&#10;        at java.util.concurrent.LinkedBlockingQueue.poll(LinkedBlockingQueue.java:467)&#10;        at org.apache.hadoop.ipc.CallQueueManager.take(CallQueueManager.java:288)&#10;        at org.apache.hadoop.ipc.Server$Handler.run(Server.java:2668)&#10;&quot;IPC Server handler 1 on 33423&quot; daemon prio=5 tid=31 timed_waiting&#10;java.lang.Thread.State: TIMED_WAITING&#10;        at sun.misc.Unsafe.park(Native Method)&#10;        at java.util.concurrent.locks.LockSupport.parkNanos(LockSupport.java:215)&#10;        at java.util.concurrent.locks.AbstractQueuedSynchronizer$ConditionObject.awaitNanos(AbstractQueuedSynchronizer.java:2078)&#10;        at java.util.concurrent.LinkedBlockingQueue.poll(LinkedBlockingQueue.java:467)&#10;        at org.apache.hadoop.ipc.CallQueueManager.take(CallQueueManager.java:288)&#10;        at org.apache.hadoop.ipc.Server$Handler.run(Server.java:2668)&#10;&quot;qtp391333725-376&quot; daemon prio=5 tid=376 timed_waiting&#10;java.lang.Thread.State: TIMED_WAITING&#10;        at sun.misc.Unsafe.park(Native Method)&#10;        at java.util.concurrent.locks.LockSupport.parkNanos(LockSupport.java:215)&#10;        at java.util.concurrent.locks.AbstractQueuedSynchronizer$ConditionObject.awaitNanos(AbstractQueuedSynchronizer.java:2078)&#10;        at org.eclipse.jetty.util.BlockingArrayQueue.poll(BlockingArrayQueue.java:392)&#10;        at org.eclipse.jetty.util.thread.QueuedThreadPool.idleJobPoll(QueuedThreadPool.java:563)&#10;        at org.eclipse.jetty.util.thread.QueuedThreadPool.access$800(QueuedThreadPool.java:48)&#10;        at org.eclipse.jetty.util.thread.QueuedThreadPool$2.run(QueuedThreadPool.java:626)&#10;        at java.lang.Thread.run(Thread.java:748)&#10;&quot;pool-209-thread-1&quot;  prio=5 tid=398 timed_waiting&#10;java.lang.Thread.State: TIMED_WAITING&#10;        at sun.misc.Unsafe.park(Native Method)&#10;        at java.util.concurrent.locks.LockSupport.parkNanos(LockSupport.java:215)&#10;        at java.util.concurrent.locks.AbstractQueuedSynchronizer$ConditionObject.awaitNanos(AbstractQueuedSynchronizer.java:2078)&#10;        at java.util.concurrent.ScheduledThreadPoolExecutor$DelayedWorkQueue.take(ScheduledThreadPoolExecutor.java:1093)&#10;        at java.util.concurrent.ScheduledThreadPoolExecutor$DelayedWorkQueue.take(ScheduledThreadPoolExecutor.java:809)&#10;        at java.util.concurrent.ThreadPoolExecutor.getTask(ThreadPoolExecutor.java:1074)&#10;        at java.util.concurrent.ThreadPoolExecutor.runWorker(ThreadPoolExecutor.java:1134)&#10;        at java.util.concurrent.ThreadPoolExecutor$Worker.run(ThreadPoolExecutor.java:624)&#10;        at java.lang.Thread.run(Thread.java:748)&#10;&quot;pool-171-thread-1&quot; daemon prio=5 tid=365 timed_waiting&#10;java.lang.Thread.State: TIMED_WAITING&#10;        at sun.misc.Unsafe.park(Native Method)&#10;        at java.util.concurrent.locks.LockSupport.parkNanos(LockSupport.java:215)&#10;        at java.util.concurrent.locks.AbstractQueuedSynchronizer$ConditionObject.awaitNanos(AbstractQueuedSynchronizer.java:2078)&#10;        at java.util.concurrent.ScheduledThreadPoolExecutor$DelayedWorkQueue.take(ScheduledThreadPoolExecutor.java:1093)&#10;        at java.util.concurrent.ScheduledThreadPoolExecutor$DelayedWorkQueue.take(ScheduledThreadPoolExecutor.java:809)&#10;        at java.util.concurrent.ThreadPoolExecutor.getTask(ThreadPoolExecutor.java:1074)&#10;        at java.util.concurrent.ThreadPoolExecutor.runWorker(ThreadPoolExecutor.java:1134)&#10;        at java.util.concurrent.ThreadPoolExecutor$Worker.run(ThreadPoolExecutor.java:624)&#10;        at java.lang.Thread.run(Thread.java:748)&#10;&quot;IPC Server handler 15 on 33779&quot; daemon prio=5 tid=85 timed_waiting&#10;java.lang.Thread.State: TIMED_WAITING&#10;        at sun.misc.Unsafe.park(Native Method)&#10;        at java.util.concurrent.locks.LockSupport.parkNanos(LockSupport.java:215)&#10;        at java.util.concurrent.locks.AbstractQueuedSynchronizer$ConditionObject.awaitNanos(AbstractQueuedSynchronizer.java:2078)&#10;        at java.util.concurrent.LinkedBlockingQueue.poll(LinkedBlockingQueue.java:467)&#10;        at org.apache.hadoop.ipc.CallQueueManager.take(CallQueueManager.java:288)&#10;        at org.apache.hadoop.ipc.Server$Handler.run(Server.java:2668)&#10;&quot;Thread-349&quot; daemon prio=5 tid=1160 timed_waiting&#10;java.lang.Thread.State: TIMED_WAITING&#10;        at java.lang.Thread.sleep(Native Method)&#10;        at org.apache.ratis.server.impl.FollowerState.run(FollowerState.java:94)&#10;&quot;pool-68-thread-39&quot;  prio=5 tid=610 in Object.wait()&#10;java.lang.Thread.State: WAITING (on object monitor)&#10;        at sun.misc.Unsafe.park(Native Method)&#10;        at java.util.concurrent.locks.LockSupport.park(LockSupport.java:175)&#10;        at java.util.concurrent.locks.AbstractQueuedSynchronizer$ConditionObject.await(AbstractQueuedSynchronizer.java:2039)&#10;        at java.util.concurrent.ArrayBlockingQueue.take(ArrayBlockingQueue.java:403)&#10;        at java.util.concurrent.ThreadPoolExecutor.getTask(ThreadPoolExecutor.java:1074)&#10;        at java.util.concurrent.ThreadPoolExecutor.runWorker(ThreadPoolExecutor.java:1134)&#10;        at java.util.concurrent.ThreadPoolExecutor$Worker.run(ThreadPoolExecutor.java:624)&#10;        at java.lang.Thread.run(Thread.java:748)&#10;&quot;pool-26-thread-38&quot;  prio=5 tid=488 in Object.wait()&#10;java.lang.Thread.State: WAITING (on object monitor)&#10;        at sun.misc.Unsafe.park(Native Method)&#10;        at java.util.concurrent.locks.LockSupport.park(LockSupport.java:175)&#10;        at java.util.concurrent.locks.AbstractQueuedSynchronizer$ConditionObject.await(AbstractQueuedSynchronizer.java:2039)&#10;        at java.util.concurrent.ArrayBlockingQueue.take(ArrayBlockingQueue.java:403)&#10;        at java.util.concurrent.ThreadPoolExecutor.getTask(ThreadPoolExecutor.java:1074)&#10;        at java.util.concurrent.ThreadPoolExecutor.runWorker(ThreadPoolExecutor.java:1134)&#10;        at java.util.concurrent.ThreadPoolExecutor$Worker.run(ThreadPoolExecutor.java:624)&#10;        at java.lang.Thread.run(Thread.java:748)&#10;&quot;IPC Server Responder&quot; daemon prio=5 tid=26 runnable&#10;java.lang.Thread.State: RUNNABLE&#10;        at sun.nio.ch.EPollArrayWrapper.epollWait(Native Method)&#10;        at sun.nio.ch.EPollArrayWrapper.poll(EPollArrayWrapper.java:269)&#10;        at sun.nio.ch.EPollSelectorImpl.doSelect(EPollSelectorImpl.java:93)&#10;        at sun.nio.ch.SelectorImpl.lockAndDoSelect(SelectorImpl.java:86)&#10;        at sun.nio.ch.SelectorImpl.select(SelectorImpl.java:97)&#10;        at org.apache.hadoop.ipc.Server$Responder.doRunLoop(Server.java:1334)&#10;        at org.apache.hadoop.ipc.Server$Responder.run(Server.java:1317)&#10;&quot;pool-131-thread-45&quot;  prio=5 tid=796 in Object.wait()&#10;java.lang.Thread.State: WAITING (on object monitor)&#10;        at sun.misc.Unsafe.park(Native Method)&#10;        at java.util.concurrent.locks.LockSupport.park(LockSupport.java:175)&#10;        at java.util.concurrent.locks.AbstractQueuedSynchronizer$ConditionObject.await(AbstractQueuedSynchronizer.java:2039)&#10;        at java.util.concurrent.ArrayBlockingQueue.take(ArrayBlockingQueue.java:403)&#10;        at java.util.concurrent.ThreadPoolExecutor.getTask(ThreadPoolExecutor.java:1074)&#10;        at java.util.concurrent.ThreadPoolExecutor.runWorker(ThreadPoolExecutor.java:1134)&#10;        at java.util.concurrent.ThreadPoolExecutor$Worker.run(ThreadPoolExecutor.java:624)&#10;        at java.lang.Thread.run(Thread.java:748)&#10;&quot;Datanode State Machine Thread - 0&quot; daemon prio=5 tid=361 timed_waiting&#10;java.lang.Thread.State: TIMED_WAITING&#10;        at sun.misc.Unsafe.park(Native Method)&#10;        at java.util.concurrent.locks.LockSupport.parkNanos(LockSupport.java:215)&#10;        at java.util.concurrent.SynchronousQueue$TransferStack.awaitFulfill(SynchronousQueue.java:460)&#10;        at java.util.concurrent.SynchronousQueue$TransferStack.transfer(SynchronousQueue.java:362)&#10;        at java.util.concurrent.SynchronousQueue.poll(SynchronousQueue.java:941)&#10;        at java.util.concurrent.ThreadPoolExecutor.getTask(ThreadPoolExecutor.java:1073)&#10;        at java.util.concurrent.ThreadPoolExecutor.runWorker(ThreadPoolExecutor.java:1134)&#10;        at java.util.concurrent.ThreadPoolExecutor$Worker.run(ThreadPoolExecutor.java:624)&#10;        at java.lang.Thread.run(Thread.java:748)&#10;&quot;pool-89-thread-21&quot;  prio=5 tid=652 in Object.wait()&#10;java.lang.Thread.State: WAITING (on object monitor)&#10;        at sun.misc.Unsafe.park(Native Method)&#10;        at java.util.concurrent.locks.LockSupport.park(LockSupport.java:175)&#10;        at java.util.concurrent.locks.AbstractQueuedSynchronizer$ConditionObject.await(AbstractQueuedSynchronizer.java:2039)&#10;        at java.util.concurrent.ArrayBlockingQueue.take(ArrayBlockingQueue.java:403)&#10;        at java.util.concurrent.ThreadPoolExecutor.getTask(ThreadPoolExecutor.java:1074)&#10;        at java.util.concurrent.ThreadPoolExecutor.runWorker(ThreadPoolExecutor.java:1134)&#10;        at java.util.concurrent.ThreadPoolExecutor$Worker.run(ThreadPoolExecutor.java:624)&#10;        at java.lang.Thread.run(Thread.java:748)&#10;&quot;pool-194-thread-47&quot;  prio=5 tid=978 in Object.wait()&#10;java.lang.Thread.State: WAITING (on object monitor)&#10;        at sun.misc.Unsafe.park(Native Method)&#10;        at java.util.concurrent.locks.LockSupport.park(LockSupport.java:175)&#10;        at java.util.concurrent.locks.AbstractQueuedSynchronizer$ConditionObject.await(AbstractQueuedSynchronizer.java:2039)&#10;        at java.util.concurrent.ArrayBlockingQueue.take(ArrayBlockingQueue.java:403)&#10;        at java.util.concurrent.ThreadPoolExecutor.getTask(ThreadPoolExecutor.java:1074)&#10;        at java.util.concurrent.ThreadPoolExecutor.runWorker(ThreadPoolExecutor.java:1134)&#10;        at java.util.concurrent.ThreadPoolExecutor$Worker.run(ThreadPoolExecutor.java:624)&#10;        at java.lang.Thread.run(Thread.java:748)&#10;&quot;BlockDeletingService#0&quot; daemon prio=5 tid=337 in Object.wait()&#10;java.lang.Thread.State: WAITING (on object monitor)&#10;        at sun.misc.Unsafe.park(Native Method)&#10;        at java.util.concurrent.locks.LockSupport.park(LockSupport.java:175)&#10;        at java.util.concurrent.locks.AbstractQueuedSynchronizer$ConditionObject.await(AbstractQueuedSynchronizer.java:2039)&#10;        at java.util.concurrent.ScheduledThreadPoolExecutor$DelayedWorkQueue.take(ScheduledThreadPoolExecutor.java:1088)&#10;        at java.util.concurrent.ScheduledThreadPoolExecutor$DelayedWorkQueue.take(ScheduledThreadPoolExecutor.java:809)&#10;        at java.util.concurrent.ThreadPoolExecutor.getTask(ThreadPoolExecutor.java:1074)&#10;        at java.util.concurrent.ThreadPoolExecutor.runWorker(ThreadPoolExecutor.java:1134)&#10;        at java.util.concurrent.ThreadPoolExecutor$Worker.run(ThreadPoolExecutor.java:624)&#10;        at java.lang.Thread.run(Thread.java:748)&#10;&quot;org.eclipse.jetty.server.session.HashSessionManager@63429932Timer&quot; daemon prio=5 tid=144 timed_waiting&#10;java.lang.Thread.State: TIMED_WAITING&#10;        at sun.misc.Unsafe.park(Native Method)&#10;        at java.util.concurrent.locks.LockSupport.parkNanos(LockSupport.java:215)&#10;        at java.util.concurrent.locks.AbstractQueuedSynchronizer$ConditionObject.awaitNanos(AbstractQueuedSynchronizer.java:2078)&#10;        at java.util.concurrent.ScheduledThreadPoolExecutor$DelayedWorkQueue.take(ScheduledThreadPoolExecutor.java:1093)&#10;        at java.util.concurrent.ScheduledThreadPoolExecutor$DelayedWorkQueue.take(ScheduledThreadPoolExecutor.java:809)&#10;        at java.util.concurrent.ThreadPoolExecutor.getTask(ThreadPoolExecutor.java:1074)&#10;        at java.util.concurrent.ThreadPoolExecutor.runWorker(ThreadPoolExecutor.java:1134)&#10;        at java.util.concurrent.ThreadPoolExecutor$Worker.run(ThreadPoolExecutor.java:624)&#10;        at java.lang.Thread.run(Thread.java:748)&#10;&quot;pool-47-thread-46&quot;  prio=5 tid=557 in Object.wait()&#10;java.lang.Thread.State: WAITING (on object monitor)&#10;        at sun.misc.Unsafe.park(Native Method)&#10;        at java.util.concurrent.locks.LockSupport.park(LockSupport.java:175)&#10;        at java.util.concurrent.locks.AbstractQueuedSynchronizer$ConditionObject.await(AbstractQueuedSynchronizer.java:2039)&#10;        at java.util.concurrent.ArrayBlockingQueue.take(ArrayBlockingQueue.java:403)&#10;        at java.util.concurrent.ThreadPoolExecutor.getTask(ThreadPoolExecutor.java:1074)&#10;        at java.util.concurrent.ThreadPoolExecutor.runWorker(ThreadPoolExecutor.java:1134)&#10;        at java.util.concurrent.ThreadPoolExecutor$Worker.run(ThreadPoolExecutor.java:624)&#10;        at java.lang.Thread.run(Thread.java:748)&#10;&quot;pool-83-thread-1&quot;  prio=5 tid=219 timed_waiting&#10;java.lang.Thread.State: TIMED_WAITING&#10;        at sun.misc.Unsafe.park(Native Method)&#10;        at java.util.concurrent.locks.LockSupport.parkNanos(LockSupport.java:215)&#10;        at java.util.concurrent.locks.AbstractQueuedSynchronizer$ConditionObject.awaitNanos(AbstractQueuedSynchronizer.java:2078)&#10;        at java.util.concurrent.ScheduledThreadPoolExecutor$DelayedWorkQueue.take(ScheduledThreadPoolExecutor.java:1093)&#10;        at java.util.concurrent.ScheduledThreadPoolExecutor$DelayedWorkQueue.take(ScheduledThreadPoolExecutor.java:809)&#10;        at java.util.concurrent.ThreadPoolExecutor.getTask(ThreadPoolExecutor.java:1074)&#10;        at java.util.concurrent.ThreadPoolExecutor.runWorker(ThreadPoolExecutor.java:1134)&#10;        at java.util.concurrent.ThreadPoolExecutor$Worker.run(ThreadPoolExecutor.java:624)&#10;        at java.lang.Thread.run(Thread.java:748)&#10;&quot;pool-152-thread-15&quot;  prio=5 tid=826 in Object.wait()&#10;java.lang.Thread.State: WAITING (on object monitor)&#10;        at sun.misc.Unsafe.park(Native Method)&#10;        at java.util.concurrent.locks.LockSupport.park(LockSupport.java:175)&#10;        at java.util.concurrent.locks.AbstractQueuedSynchronizer$ConditionObject.await(AbstractQueuedSynchronizer.java:2039)&#10;        at java.util.concurrent.ArrayBlockingQueue.take(ArrayBlockingQueue.java:403)&#10;        at java.util.concurrent.ThreadPoolExecutor.getTask(ThreadPoolExecutor.java:1074)&#10;        at java.util.concurrent.ThreadPoolExecutor.runWorker(ThreadPoolExecutor.java:1134)&#10;        at java.util.concurrent.ThreadPoolExecutor$Worker.run(ThreadPoolExecutor.java:624)&#10;        at java.lang.Thread.run(Thread.java:748)&#10;&quot;IPC Server Responder&quot; daemon prio=5 tid=18 runnable&#10;java.lang.Thread.State: RUNNABLE&#10;        at sun.nio.ch.EPollArrayWrapper.epollWait(Native Method)&#10;        at sun.nio.ch.EPollArrayWrapper.poll(EPollArrayWrapper.java:269)&#10;        at sun.nio.ch.EPollSelectorImpl.doSelect(EPollSelectorImpl.java:93)&#10;        at sun.nio.ch.SelectorImpl.lockAndDoSelect(SelectorImpl.java:86)&#10;        at sun.nio.ch.SelectorImpl.select(SelectorImpl.java:97)&#10;        at org.apache.hadoop.ipc.Server$Responder.doRunLoop(Server.java:1334)&#10;        at org.apache.hadoop.ipc.Server$Responder.run(Server.java:1317)&#10;&quot;pool-89-thread-34&quot;  prio=5 tid=665 in Object.wait()&#10;java.lang.Thread.State: WAITING (on object monitor)&#10;        at sun.misc.Unsafe.park(Native Method)&#10;        at java.util.concurrent.locks.LockSupport.park(LockSupport.java:175)&#10;        at java.util.concurrent.locks.AbstractQueuedSynchronizer$ConditionObject.await(AbstractQueuedSynchronizer.java:2039)&#10;        at java.util.concurrent.ArrayBlockingQueue.take(ArrayBlockingQueue.java:403)&#10;        at java.util.concurrent.ThreadPoolExecutor.getTask(ThreadPoolExecutor.java:1074)&#10;        at java.util.concurrent.ThreadPoolExecutor.runWorker(ThreadPoolExecutor.java:1134)&#10;        at java.util.concurrent.ThreadPoolExecutor$Worker.run(ThreadPoolExecutor.java:624)&#10;        at java.lang.Thread.run(Thread.java:748)&#10;&quot;pool-68-thread-36&quot;  prio=5 tid=607 in Object.wait()&#10;java.lang.Thread.State: WAITING (on object monitor)&#10;        at sun.misc.Unsafe.park(Native Method)&#10;        at java.util.concurrent.locks.LockSupport.park(LockSupport.java:175)&#10;        at java.util.concurrent.locks.AbstractQueuedSynchronizer$ConditionObject.await(AbstractQueuedSynchronizer.java:2039)&#10;        at java.util.concurrent.ArrayBlockingQueue.take(ArrayBlockingQueue.java:403)&#10;        at java.util.concurrent.ThreadPoolExecutor.getTask(ThreadPoolExecutor.java:1074)&#10;        at java.util.concurrent.ThreadPoolExecutor.runWorker(ThreadPoolExecutor.java:1134)&#10;        at java.util.concurrent.ThreadPoolExecutor$Worker.run(ThreadPoolExecutor.java:624)&#10;        at java.lang.Thread.run(Thread.java:748)&#10;&quot;pool-89-thread-59&quot;  prio=5 tid=690 in Object.wait()&#10;java.lang.Thread.State: WAITING (on object monitor)&#10;        at sun.misc.Unsafe.park(Native Method)&#10;        at java.util.concurrent.locks.LockSupport.park(LockSupport.java:175)&#10;        at java.util.concurrent.locks.AbstractQueuedSynchronizer$ConditionObject.await(AbstractQueuedSynchronizer.java:2039)&#10;        at java.util.concurrent.ArrayBlockingQueue.take(ArrayBlockingQueue.java:403)&#10;        at java.util.concurrent.ThreadPoolExecutor.getTask(ThreadPoolExecutor.java:1074)&#10;        at java.util.concurrent.ThreadPoolExecutor.runWorker(ThreadPoolExecutor.java:1134)&#10;        at java.util.concurrent.ThreadPoolExecutor$Worker.run(ThreadPoolExecutor.java:624)&#10;        at java.lang.Thread.run(Thread.java:748)&#10;&quot;pool-110-thread-12&quot;  prio=5 tid=703 in Object.wait()&#10;java.lang.Thread.State: WAITING (on object monitor)&#10;        at sun.misc.Unsafe.park(Native Method)&#10;        at java.util.concurrent.locks.LockSupport.park(LockSupport.java:175)&#10;        at java.util.concurrent.locks.AbstractQueuedSynchronizer$ConditionObject.await(AbstractQueuedSynchronizer.java:2039)&#10;        at java.util.concurrent.ArrayBlockingQueue.take(ArrayBlockingQueue.java:403)&#10;        at java.util.concurrent.ThreadPoolExecutor.getTask(ThreadPoolExecutor.java:1074)&#10;        at java.util.concurrent.ThreadPoolExecutor.runWorker(ThreadPoolExecutor.java:1134)&#10;        at java.util.concurrent.ThreadPoolExecutor$Worker.run(ThreadPoolExecutor.java:624)&#10;        at java.lang.Thread.run(Thread.java:748)&#10;&quot;pool-152-thread-32&quot;  prio=5 tid=843 in Object.wait()&#10;java.lang.Thread.State: WAITING (on object monitor)&#10;        at sun.misc.Unsafe.park(Native Method)&#10;        at java.util.concurrent.locks.LockSupport.park(LockSupport.java:175)&#10;        at java.util.concurrent.locks.AbstractQueuedSynchronizer$ConditionObject.await(AbstractQueuedSynchronizer.java:2039)&#10;        at java.util.concurrent.ArrayBlockingQueue.take(ArrayBlockingQueue.java:403)&#10;        at java.util.concurrent.ThreadPoolExecutor.getTask(ThreadPoolExecutor.java:1074)&#10;        at java.util.concurrent.ThreadPoolExecutor.runWorker(ThreadPoolExecutor.java:1134)&#10;        at java.util.concurrent.ThreadPoolExecutor$Worker.run(ThreadPoolExecutor.java:624)&#10;        at java.lang.Thread.run(Thread.java:748)&#10;&quot;IPC Server handler 10 on 33779&quot; daemon prio=5 tid=80 timed_waiting&#10;java.lang.Thread.State: TIMED_WAITING&#10;        at sun.misc.Unsafe.park(Native Method)&#10;        at java.util.concurrent.locks.LockSupport.parkNanos(LockSupport.java:215)&#10;        at java.util.concurrent.locks.AbstractQueuedSynchronizer$ConditionObject.awaitNanos(AbstractQueuedSynchronizer.java:2078)&#10;        at java.util.concurrent.LinkedBlockingQueue.poll(LinkedBlockingQueue.java:467)&#10;        at org.apache.hadoop.ipc.CallQueueManager.take(CallQueueManager.java:288)&#10;        at org.apache.hadoop.ipc.Server$Handler.run(Server.java:2668)&#10;&quot;pool-194-thread-17&quot;  prio=5 tid=948 in Object.wait()&#10;java.lang.Thread.State: WAITING (on object monitor)&#10;        at sun.misc.Unsafe.park(Native Method)&#10;        at java.util.concurrent.locks.LockSupport.park(LockSupport.java:175)&#10;        at java.util.concurrent.locks.AbstractQueuedSynchronizer$ConditionObject.await(AbstractQueuedSynchronizer.java:2039)&#10;        at java.util.concurrent.ArrayBlockingQueue.take(ArrayBlockingQueue.java:403)&#10;        at java.util.concurrent.ThreadPoolExecutor.getTask(ThreadPoolExecutor.java:1074)&#10;        at java.util.concurrent.ThreadPoolExecutor.runWorker(ThreadPoolExecutor.java:1134)&#10;        at java.util.concurrent.ThreadPoolExecutor$Worker.run(ThreadPoolExecutor.java:624)&#10;        at java.lang.Thread.run(Thread.java:748)&#10;&quot;pool-131-thread-10&quot;  prio=5 tid=761 in Object.wait()&#10;java.lang.Thread.State: WAITING (on object monitor)&#10;        at sun.misc.Unsafe.park(Native Method)&#10;        at java.util.concurrent.locks.LockSupport.park(LockSupport.java:175)&#10;        at java.util.concurrent.locks.AbstractQueuedSynchronizer$ConditionObject.await(AbstractQueuedSynchronizer.java:2039)&#10;        at java.util.concurrent.ArrayBlockingQueue.take(ArrayBlockingQueue.java:403)&#10;        at java.util.concurrent.ThreadPoolExecutor.getTask(ThreadPoolExecutor.java:1074)&#10;        at java.util.concurrent.ThreadPoolExecutor.runWorker(ThreadPoolExecutor.java:1134)&#10;        at java.util.concurrent.ThreadPoolExecutor$Worker.run(ThreadPoolExecutor.java:624)&#10;        at java.lang.Thread.run(Thread.java:748)&#10;&quot;pool-68-thread-12&quot;  prio=5 tid=583 in Object.wait()&#10;java.lang.Thread.State: WAITING (on object monitor)&#10;        at sun.misc.Unsafe.park(Native Method)&#10;        at java.util.concurrent.locks.LockSupport.park(LockSupport.java:175)&#10;        at java.util.concurrent.locks.AbstractQueuedSynchronizer$ConditionObject.await(AbstractQueuedSynchronizer.java:2039)&#10;        at java.util.concurrent.ArrayBlockingQueue.take(ArrayBlockingQueue.java:403)&#10;        at java.util.concurrent.ThreadPoolExecutor.getTask(ThreadPoolExecutor.java:1074)&#10;        at java.util.concurrent.ThreadPoolExecutor.runWorker(ThreadPoolExecutor.java:1134)&#10;        at java.util.concurrent.ThreadPoolExecutor$Worker.run(ThreadPoolExecutor.java:624)&#10;        at java.lang.Thread.run(Thread.java:748)&#10;&quot;pool-26-thread-21&quot;  prio=5 tid=471 in Object.wait()&#10;java.lang.Thread.State: WAITING (on object monitor)&#10;        at sun.misc.Unsafe.park(Native Method)&#10;        at java.util.concurrent.locks.LockSupport.park(LockSupport.java:175)&#10;        at java.util.concurrent.locks.AbstractQueuedSynchronizer$ConditionObject.await(AbstractQueuedSynchronizer.java:2039)&#10;        at java.util.concurrent.ArrayBlockingQueue.take(ArrayBlockingQueue.java:403)&#10;        at java.util.concurrent.ThreadPoolExecutor.getTask(ThreadPoolExecutor.java:1074)&#10;        at java.util.concurrent.ThreadPoolExecutor.runWorker(ThreadPoolExecutor.java:1134)&#10;        at java.util.concurrent.ThreadPoolExecutor$Worker.run(ThreadPoolExecutor.java:624)&#10;        at java.lang.Thread.run(Thread.java:748)&#10;&quot;Periodic HDDS volume checker&quot;  prio=5 tid=296 timed_waiting&#10;java.lang.Thread.State: TIMED_WAITING&#10;        at sun.misc.Unsafe.park(Native Method)&#10;        at java.util.concurrent.locks.LockSupport.parkNanos(LockSupport.java:215)&#10;        at java.util.concurrent.locks.AbstractQueuedSynchronizer$ConditionObject.awaitNanos(AbstractQueuedSynchronizer.java:2078)&#10;        at java.util.concurrent.ScheduledThreadPoolExecutor$DelayedWorkQueue.take(ScheduledThreadPoolExecutor.java:1093)&#10;        at java.util.concurrent.ScheduledThreadPoolExecutor$DelayedWorkQueue.take(ScheduledThreadPoolExecutor.java:809)&#10;        at java.util.concurrent.ThreadPoolExecutor.getTask(ThreadPoolExecutor.java:1074)&#10;        at java.util.concurrent.ThreadPoolExecutor.runWorker(ThreadPoolExecutor.java:1134)&#10;        at java.util.concurrent.ThreadPoolExecutor$Worker.run(ThreadPoolExecutor.java:624)&#10;        at java.lang.Thread.run(Thread.java:748)&#10;&quot;pool-68-thread-23&quot;  prio=5 tid=594 in Object.wait()&#10;java.lang.Thread.State: WAITING (on object monitor)&#10;        at sun.misc.Unsafe.park(Native Method)&#10;        at java.util.concurrent.locks.LockSupport.park(LockSupport.java:175)&#10;        at java.util.concurrent.locks.AbstractQueuedSynchronizer$ConditionObject.await(AbstractQueuedSynchronizer.java:2039)&#10;        at java.util.concurrent.ArrayBlockingQueue.take(ArrayBlockingQueue.java:403)&#10;        at java.util.concurrent.ThreadPoolExecutor.getTask(ThreadPoolExecutor.java:1074)&#10;        at java.util.concurrent.ThreadPoolExecutor.runWorker(ThreadPoolExecutor.java:1134)&#10;        at java.util.concurrent.ThreadPoolExecutor$Worker.run(ThreadPoolExecutor.java:624)&#10;        at java.lang.Thread.run(Thread.java:748)&#10;&quot;pool-26-thread-20&quot;  prio=5 tid=470 in Object.wait()&#10;java.lang.Thread.State: WAITING (on object monitor)&#10;        at sun.misc.Unsafe.park(Native Method)&#10;        at java.util.concurrent.locks.LockSupport.park(LockSupport.java:175)&#10;        at java.util.concurrent.locks.AbstractQueuedSynchronizer$ConditionObject.await(AbstractQueuedSynchronizer.java:2039)&#10;        at java.util.concurrent.ArrayBlockingQueue.take(ArrayBlockingQueue.java:403)&#10;        at java.util.concurrent.ThreadPoolExecutor.getTask(ThreadPoolExecutor.java:1074)&#10;        at java.util.concurrent.ThreadPoolExecutor.runWorker(ThreadPoolExecutor.java:1134)&#10;        at java.util.concurrent.ThreadPoolExecutor$Worker.run(ThreadPoolExecutor.java:624)&#10;        at java.lang.Thread.run(Thread.java:748)&#10;&quot;pool-110-thread-23&quot;  prio=5 tid=714 in Object.wait()&#10;java.lang.Thread.State: WAITING (on object monitor)&#10;        at sun.misc.Unsafe.park(Native Method)&#10;        at java.util.concurrent.locks.LockSupport.park(LockSupport.java:175)&#10;        at java.util.concurrent.locks.AbstractQueuedSynchronizer$ConditionObject.await(AbstractQueuedSynchronizer.java:2039)&#10;        at java.util.concurrent.ArrayBlockingQueue.take(ArrayBlockingQueue.java:403)&#10;        at java.util.concurrent.ThreadPoolExecutor.getTask(ThreadPoolExecutor.java:1074)&#10;        at java.util.concurrent.ThreadPoolExecutor.runWorker(ThreadPoolExecutor.java:1134)&#10;        at java.util.concurrent.ThreadPoolExecutor$Worker.run(ThreadPoolExecutor.java:624)&#10;        at java.lang.Thread.run(Thread.java:748)&#10;&quot;pool-110-thread-37&quot;  prio=5 tid=728 in Object.wait()&#10;java.lang.Thread.State: WAITING (on object monitor)&#10;        at sun.misc.Unsafe.park(Native Method)&#10;        at java.util.concurrent.locks.LockSupport.park(LockSupport.java:175)&#10;        at java.util.concurrent.locks.AbstractQueuedSynchronizer$ConditionObject.await(AbstractQueuedSynchronizer.java:2039)&#10;        at java.util.concurrent.ArrayBlockingQueue.take(ArrayBlockingQueue.java:403)&#10;        at java.util.concurrent.ThreadPoolExecutor.getTask(ThreadPoolExecutor.java:1074)&#10;        at java.util.concurrent.ThreadPoolExecutor.runWorker(ThreadPoolExecutor.java:1134)&#10;        at java.util.concurrent.ThreadPoolExecutor$Worker.run(ThreadPoolExecutor.java:624)&#10;        at java.lang.Thread.run(Thread.java:748)&#10;&quot;pool-173-thread-47&quot;  prio=5 tid=918 in Object.wait()&#10;java.lang.Thread.State: WAITING (on object monitor)&#10;        at sun.misc.Unsafe.park(Native Method)&#10;        at java.util.concurrent.locks.LockSupport.park(LockSupport.java:175)&#10;        at java.util.concurrent.locks.AbstractQueuedSynchronizer$ConditionObject.await(AbstractQueuedSynchronizer.java:2039)&#10;        at java.util.concurrent.ArrayBlockingQueue.take(ArrayBlockingQueue.java:403)&#10;        at java.util.concurrent.ThreadPoolExecutor.getTask(ThreadPoolExecutor.java:1074)&#10;        at java.util.concurrent.ThreadPoolExecutor.runWorker(ThreadPoolExecutor.java:1134)&#10;        at java.util.concurrent.ThreadPoolExecutor$Worker.run(ThreadPoolExecutor.java:624)&#10;        at java.lang.Thread.run(Thread.java:748)&#10;&quot;pool-47-thread-37&quot;  prio=5 tid=548 in Object.wait()&#10;java.lang.Thread.State: WAITING (on object monitor)&#10;        at sun.misc.Unsafe.park(Native Method)&#10;        at java.util.concurrent.locks.LockSupport.park(LockSupport.java:175)&#10;        at java.util.concurrent.locks.AbstractQueuedSynchronizer$ConditionObject.await(AbstractQueuedSynchronizer.java:2039)&#10;        at java.util.concurrent.ArrayBlockingQueue.take(ArrayBlockingQueue.java:403)&#10;        at java.util.concurrent.ThreadPoolExecutor.getTask(ThreadPoolExecutor.java:1074)&#10;        at java.util.concurrent.ThreadPoolExecutor.runWorker(ThreadPoolExecutor.java:1134)&#10;        at java.util.concurrent.ThreadPoolExecutor$Worker.run(ThreadPoolExecutor.java:624)&#10;        at java.lang.Thread.run(Thread.java:748)&#10;&quot;pool-146-thread-1&quot;  prio=5 tid=309 timed_waiting&#10;java.lang.Thread.State: TIMED_WAITING&#10;        at sun.misc.Unsafe.park(Native Method)&#10;        at java.util.concurrent.locks.LockSupport.parkNanos(LockSupport.java:215)&#10;        at java.util.concurrent.locks.AbstractQueuedSynchronizer$ConditionObject.awaitNanos(AbstractQueuedSynchronizer.java:2078)&#10;        at java.util.concurrent.ScheduledThreadPoolExecutor$DelayedWorkQueue.take(ScheduledThreadPoolExecutor.java:1093)&#10;        at java.util.concurrent.ScheduledThreadPoolExecutor$DelayedWorkQueue.take(ScheduledThreadPoolExecutor.java:809)&#10;        at java.util.concurrent.ThreadPoolExecutor.getTask(ThreadPoolExecutor.java:1074)&#10;        at java.util.concurrent.ThreadPoolExecutor.runWorker(ThreadPoolExecutor.java:1134)&#10;        at java.util.concurrent.ThreadPoolExecutor$Worker.run(ThreadPoolExecutor.java:624)&#10;        at java.lang.Thread.run(Thread.java:748)&#10;&quot;IPC Server handler 6 on 46447&quot; daemon prio=5 tid=56 timed_waiting&#10;java.lang.Thread.State: TIMED_WAITING&#10;        at sun.misc.Unsafe.park(Native Method)&#10;        at java.util.concurrent.locks.LockSupport.parkNanos(LockSupport.java:215)&#10;        at java.util.concurrent.locks.AbstractQueuedSynchronizer$ConditionObject.awaitNanos(AbstractQueuedSynchronizer.java:2078)&#10;        at java.util.concurrent.LinkedBlockingQueue.poll(LinkedBlockingQueue.java:467)&#10;        at org.apache.hadoop.ipc.CallQueueManager.take(CallQueueManager.java:288)&#10;        at org.apache.hadoop.ipc.Server$Handler.run(Server.java:2668)&#10;&quot;pool-152-thread-19&quot;  prio=5 tid=830 in Object.wait()&#10;java.lang.Thread.State: WAITING (on object monitor)&#10;        at sun.misc.Unsafe.park(Native Method)&#10;        at java.util.concurrent.locks.LockSupport.park(LockSupport.java:175)&#10;        at java.util.concurrent.locks.AbstractQueuedSynchronizer$ConditionObject.await(AbstractQueuedSynchronizer.java:2039)&#10;        at java.util.concurrent.ArrayBlockingQueue.take(ArrayBlockingQueue.java:403)&#10;        at java.util.concurrent.ThreadPoolExecutor.getTask(ThreadPoolExecutor.java:1074)&#10;        at java.util.concurrent.ThreadPoolExecutor.runWorker(ThreadPoolExecutor.java:1134)&#10;        at java.util.concurrent.ThreadPoolExecutor$Worker.run(ThreadPoolExecutor.java:624)&#10;        at java.lang.Thread.run(Thread.java:748)&#10;&quot;qtp608414678-227&quot; daemon prio=5 tid=227 timed_waiting&#10;java.lang.Thread.State: TIMED_WAITING&#10;        at sun.misc.Unsafe.park(Native Method)&#10;        at java.util.concurrent.locks.LockSupport.parkNanos(LockSupport.java:215)&#10;        at java.util.concurrent.locks.AbstractQueuedSynchronizer$ConditionObject.awaitNanos(AbstractQueuedSynchronizer.java:2078)&#10;        at org.eclipse.jetty.util.BlockingArrayQueue.poll(BlockingArrayQueue.java:392)&#10;        at org.eclipse.jetty.util.thread.QueuedThreadPool.idleJobPoll(QueuedThreadPool.java:563)&#10;        at org.eclipse.jetty.util.thread.QueuedThreadPool.access$800(QueuedThreadPool.java:48)&#10;        at org.eclipse.jetty.util.thread.QueuedThreadPool$2.run(QueuedThreadPool.java:626)&#10;        at java.lang.Thread.run(Thread.java:748)&#10;&quot;pool-47-thread-30&quot;  prio=5 tid=541 in Object.wait()&#10;java.lang.Thread.State: WAITING (on object monitor)&#10;        at sun.misc.Unsafe.park(Native Method)&#10;        at java.util.concurrent.locks.LockSupport.park(LockSupport.java:175)&#10;        at java.util.concurrent.locks.AbstractQueuedSynchronizer$ConditionObject.await(AbstractQueuedSynchronizer.java:2039)&#10;        at java.util.concurrent.ArrayBlockingQueue.take(ArrayBlockingQueue.java:403)&#10;        at java.util.concurrent.ThreadPoolExecutor.getTask(ThreadPoolExecutor.java:1074)&#10;        at java.util.concurrent.ThreadPoolExecutor.runWorker(ThreadPoolExecutor.java:1134)&#10;        at java.util.concurrent.ThreadPoolExecutor$Worker.run(ThreadPoolExecutor.java:624)&#10;        at java.lang.Thread.run(Thread.java:748)&#10;&quot;pool-24-thread-1&quot; daemon prio=5 tid=155 timed_waiting&#10;java.lang.Thread.State: TIMED_WAITING&#10;        at sun.misc.Unsafe.park(Native Method)&#10;        at java.util.concurrent.locks.LockSupport.parkNanos(LockSupport.java:215)&#10;        at java.util.concurrent.locks.AbstractQueuedSynchronizer$ConditionObject.awaitNanos(AbstractQueuedSynchronizer.java:2078)&#10;        at java.util.concurrent.ScheduledThreadPoolExecutor$DelayedWorkQueue.take(ScheduledThreadPoolExecutor.java:1093)&#10;        at java.util.concurrent.ScheduledThreadPoolExecutor$DelayedWorkQueue.take(ScheduledThreadPoolExecutor.java:809)&#10;        at java.util.concurrent.ThreadPoolExecutor.getTask(ThreadPoolExecutor.java:1074)&#10;        at java.util.concurrent.ThreadPoolExecutor.runWorker(ThreadPoolExecutor.java:1134)&#10;        at java.util.concurrent.ThreadPoolExecutor$Worker.run(ThreadPoolExecutor.java:624)&#10;        at java.lang.Thread.run(Thread.java:748)&#10;&quot;pool-215-thread-35&quot;  prio=5 tid=1026 in Object.wait()&#10;java.lang.Thread.State: WAITING (on object monitor)&#10;        at sun.misc.Unsafe.park(Native Method)&#10;        at java.util.concurrent.locks.LockSupport.park(LockSupport.java:175)&#10;        at java.util.concurrent.locks.AbstractQueuedSynchronizer$ConditionObject.await(AbstractQueuedSynchronizer.java:2039)&#10;        at java.util.concurrent.ArrayBlockingQueue.take(ArrayBlockingQueue.java:403)&#10;        at java.util.concurrent.ThreadPoolExecutor.getTask(ThreadPoolExecutor.java:1074)&#10;        at java.util.concurrent.ThreadPoolExecutor.runWorker(ThreadPoolExecutor.java:1134)&#10;        at java.util.concurrent.ThreadPoolExecutor$Worker.run(ThreadPoolExecutor.java:624)&#10;        at java.lang.Thread.run(Thread.java:748)&#10;&quot;IPC Server handler 8 on 33423&quot; daemon prio=5 tid=38 timed_waiting&#10;java.lang.Thread.State: TIMED_WAITING&#10;        at sun.misc.Unsafe.park(Native Method)&#10;        at java.util.concurrent.locks.LockSupport.parkNanos(LockSupport.java:215)&#10;        at java.util.concurrent.locks.AbstractQueuedSynchronizer$ConditionObject.awaitNanos(AbstractQueuedSynchronizer.java:2078)&#10;        at java.util.concurrent.LinkedBlockingQueue.poll(LinkedBlockingQueue.java:467)&#10;        at org.apache.hadoop.ipc.CallQueueManager.take(CallQueueManager.java:288)&#10;        at org.apache.hadoop.ipc.Server$Handler.run(Server.java:2668)&#10;&quot;pool-184-thread-1&quot;  prio=5 tid=1123 in Object.wait()&#10;java.lang.Thread.State: WAITING (on object monitor)&#10;        at sun.misc.Unsafe.park(Native Method)&#10;        at java.util.concurrent.locks.LockSupport.park(LockSupport.java:175)&#10;        at java.util.concurrent.locks.AbstractQueuedSynchronizer$ConditionObject.await(AbstractQueuedSynchronizer.java:2039)&#10;        at java.util.concurrent.LinkedBlockingQueue.take(LinkedBlockingQueue.java:442)&#10;        at java.util.concurrent.ThreadPoolExecutor.getTask(ThreadPoolExecutor.java:1074)&#10;        at java.util.concurrent.ThreadPoolExecutor.runWorker(ThreadPoolExecutor.java:1134)&#10;        at java.util.concurrent.ThreadPoolExecutor$Worker.run(ThreadPoolExecutor.java:624)&#10;        at java.lang.Thread.run(Thread.java:748)&#10;&quot;StateMachineUpdater-a83b0601-c70d-4140-b27f-c227c6feeccd-group-357E694019C5&quot; daemon prio=5 tid=1094 in Object.wait()&#10;java.lang.Thread.State: WAITING (on object monitor)&#10;        at java.lang.Object.wait(Native Method)&#10;        at java.lang.Object.wait(Object.java:502)&#10;        at org.apache.ratis.server.impl.StateMachineUpdater.run(StateMachineUpdater.java:138)&#10;        at java.lang.Thread.run(Thread.java:748)&#10;&quot;pool-131-thread-17&quot;  prio=5 tid=768 in Object.wait()&#10;java.lang.Thread.State: WAITING (on object monitor)&#10;        at sun.misc.Unsafe.park(Native Method)&#10;        at java.util.concurrent.locks.LockSupport.park(LockSupport.java:175)&#10;        at java.util.concurrent.locks.AbstractQueuedSynchronizer$ConditionObject.await(AbstractQueuedSynchronizer.java:2039)&#10;        at java.util.concurrent.ArrayBlockingQueue.take(ArrayBlockingQueue.java:403)&#10;        at java.util.concurrent.ThreadPoolExecutor.getTask(ThreadPoolExecutor.java:1074)&#10;        at java.util.concurrent.ThreadPoolExecutor.runWorker(ThreadPoolExecutor.java:1134)&#10;        at java.util.concurrent.ThreadPoolExecutor$Worker.run(ThreadPoolExecutor.java:624)&#10;        at java.lang.Thread.run(Thread.java:748)&#10;&quot;pool-89-thread-8&quot;  prio=5 tid=639 in Object.wait()&#10;java.lang.Thread.State: WAITING (on object monitor)&#10;        at sun.misc.Unsafe.park(Native Method)&#10;        at java.util.concurrent.locks.LockSupport.park(LockSupport.java:175)&#10;        at java.util.concurrent.locks.AbstractQueuedSynchronizer$ConditionObject.await(AbstractQueuedSynchronizer.java:2039)&#10;        at java.util.concurrent.ArrayBlockingQueue.take(ArrayBlockingQueue.java:403)&#10;        at java.util.concurrent.ThreadPoolExecutor.getTask(ThreadPoolExecutor.java:1074)&#10;        at java.util.concurrent.ThreadPoolExecutor.runWorker(ThreadPoolExecutor.java:1134)&#10;        at java.util.concurrent.ThreadPoolExecutor$Worker.run(ThreadPoolExecutor.java:624)&#10;        at java.lang.Thread.run(Thread.java:748)&#10;&quot;org.apache.ratis.server.impl.LogAppender$$Lambda$313/942784436@228aecc&quot; daemon prio=5 tid=1210 timed_waiting&#10;java.lang.Thread.State: TIMED_WAITING&#10;        at java.lang.Object.wait(Native Method)&#10;        at org.apache.ratis.grpc.server.GrpcLogAppender.mayWait(GrpcLogAppender.java:140)&#10;        at org.apache.ratis.grpc.server.GrpcLogAppender.runAppenderImpl(GrpcLogAppender.java:94)&#10;        at org.apache.ratis.server.impl.LogAppender.runAppender(LogAppender.java:101)&#10;        at org.apache.ratis.server.impl.LogAppender$$Lambda$313/942784436.run(Unknown Source)&#10;        at java.lang.Thread.run(Thread.java:748)&#10;&quot;pool-152-thread-13&quot;  prio=5 tid=824 in Object.wait()&#10;java.lang.Thread.State: WAITING (on object monitor)&#10;        at sun.misc.Unsafe.park(Native Method)&#10;        at java.util.concurrent.locks.LockSupport.park(LockSupport.java:175)&#10;        at java.util.concurrent.locks.AbstractQueuedSynchronizer$ConditionObject.await(AbstractQueuedSynchronizer.java:2039)&#10;        at java.util.concurrent.ArrayBlockingQueue.take(ArrayBlockingQueue.java:403)&#10;        at java.util.concurrent.ThreadPoolExecutor.getTask(ThreadPoolExecutor.java:1074)&#10;        at java.util.concurrent.ThreadPoolExecutor.runWorker(ThreadPoolExecutor.java:1134)&#10;        at java.util.concurrent.ThreadPoolExecutor$Worker.run(ThreadPoolExecutor.java:624)&#10;        at java.lang.Thread.run(Thread.java:748)&#10;&quot;pool-47-thread-42&quot;  prio=5 tid=553 in Object.wait()&#10;java.lang.Thread.State: WAITING (on object monitor)&#10;        at sun.misc.Unsafe.park(Native Method)&#10;        at java.util.concurrent.locks.LockSupport.park(LockSupport.java:175)&#10;        at java.util.concurrent.locks.AbstractQueuedSynchronizer$ConditionObject.await(AbstractQueuedSynchronizer.java:2039)&#10;        at java.util.concurrent.ArrayBlockingQueue.take(ArrayBlockingQueue.java:403)&#10;        at java.util.concurrent.ThreadPoolExecutor.getTask(ThreadPoolExecutor.java:1074)&#10;        at java.util.concurrent.ThreadPoolExecutor.runWorker(ThreadPoolExecutor.java:1134)&#10;        at java.util.concurrent.ThreadPoolExecutor$Worker.run(ThreadPoolExecutor.java:624)&#10;        at java.lang.Thread.run(Thread.java:748)&#10;&quot;org.eclipse.jetty.server.session.HashSessionManager@4e140497Timer&quot; daemon prio=5 tid=228 timed_waiting&#10;java.lang.Thread.State: TIMED_WAITING&#10;        at sun.misc.Unsafe.park(Native Method)&#10;        at java.util.concurrent.locks.LockSupport.parkNanos(LockSupport.java:215)&#10;        at java.util.concurrent.locks.AbstractQueuedSynchronizer$ConditionObject.awaitNanos(AbstractQueuedSynchronizer.java:2078)&#10;        at java.util.concurrent.ScheduledThreadPoolExecutor$DelayedWorkQueue.take(ScheduledThreadPoolExecutor.java:1093)&#10;        at java.util.concurrent.ScheduledThreadPoolExecutor$DelayedWorkQueue.take(ScheduledThreadPoolExecutor.java:809)&#10;        at java.util.concurrent.ThreadPoolExecutor.getTask(ThreadPoolExecutor.java:1074)&#10;        at java.util.concurrent.ThreadPoolExecutor.runWorker(ThreadPoolExecutor.java:1134)&#10;        at java.util.concurrent.ThreadPoolExecutor$Worker.run(ThreadPoolExecutor.java:624)&#10;        at java.lang.Thread.run(Thread.java:748)&#10;&quot;pool-47-thread-36&quot;  prio=5 tid=547 in Object.wait()&#10;java.lang.Thread.State: WAITING (on object monitor)&#10;        at sun.misc.Unsafe.park(Native Method)&#10;        at java.util.concurrent.locks.LockSupport.park(LockSupport.java:175)&#10;        at java.util.concurrent.locks.AbstractQueuedSynchronizer$ConditionObject.await(AbstractQueuedSynchronizer.java:2039)&#10;        at java.util.concurrent.ArrayBlockingQueue.take(ArrayBlockingQueue.java:403)&#10;        at java.util.concurrent.ThreadPoolExecutor.getTask(ThreadPoolExecutor.java:1074)&#10;        at java.util.concurrent.ThreadPoolExecutor.runWorker(ThreadPoolExecutor.java:1134)&#10;        at java.util.concurrent.ThreadPoolExecutor$Worker.run(ThreadPoolExecutor.java:624)&#10;        at java.lang.Thread.run(Thread.java:748)&#10;&quot;pool-26-thread-49&quot;  prio=5 tid=499 in Object.wait()&#10;java.lang.Thread.State: WAITING (on object monitor)&#10;        at sun.misc.Unsafe.park(Native Method)&#10;        at java.util.concurrent.locks.LockSupport.park(LockSupport.java:175)&#10;        at java.util.concurrent.locks.AbstractQueuedSynchronizer$ConditionObject.await(AbstractQueuedSynchronizer.java:2039)&#10;        at java.util.concurrent.ArrayBlockingQueue.take(ArrayBlockingQueue.java:403)&#10;        at java.util.concurrent.ThreadPoolExecutor.getTask(ThreadPoolExecutor.java:1074)&#10;        at java.util.concurrent.ThreadPoolExecutor.runWorker(ThreadPoolExecutor.java:1134)&#10;        at java.util.concurrent.ThreadPoolExecutor$Worker.run(ThreadPoolExecutor.java:624)&#10;        at java.lang.Thread.run(Thread.java:748)&#10;&quot;pool-110-thread-34&quot;  prio=5 tid=725 in Object.wait()&#10;java.lang.Thread.State: WAITING (on object monitor)&#10;        at sun.misc.Unsafe.park(Native Method)&#10;        at java.util.concurrent.locks.LockSupport.park(LockSupport.java:175)&#10;        at java.util.concurrent.locks.AbstractQueuedSynchronizer$ConditionObject.await(AbstractQueuedSynchronizer.java:2039)&#10;        at java.util.concurrent.ArrayBlockingQueue.take(ArrayBlockingQueue.java:403)&#10;        at java.util.concurrent.ThreadPoolExecutor.getTask(ThreadPoolExecutor.java:1074)&#10;        at java.util.concurrent.ThreadPoolExecutor.runWorker(ThreadPoolExecutor.java:1134)&#10;        at java.util.concurrent.ThreadPoolExecutor$Worker.run(ThreadPoolExecutor.java:624)&#10;        at java.lang.Thread.run(Thread.java:748)&#10;&quot;qtp197855654-135&quot; daemon prio=5 tid=135 runnable&#10;java.lang.Thread.State: RUNNABLE&#10;        at sun.nio.ch.EPollArrayWrapper.epollWait(Native Method)&#10;        at sun.nio.ch.EPollArrayWrapper.poll(EPollArrayWrapper.java:269)&#10;        at sun.nio.ch.EPollSelectorImpl.doSelect(EPollSelectorImpl.java:93)&#10;        at sun.nio.ch.SelectorImpl.lockAndDoSelect(SelectorImpl.java:86)&#10;        at sun.nio.ch.SelectorImpl.select(SelectorImpl.java:97)&#10;        at sun.nio.ch.SelectorImpl.select(SelectorImpl.java:101)&#10;        at org.eclipse.jetty.io.ManagedSelector$SelectorProducer.select(ManagedSelector.java:243)&#10;        at org.eclipse.jetty.io.ManagedSelector$SelectorProducer.produce(ManagedSelector.java:191)&#10;        at org.eclipse.jetty.util.thread.strategy.ExecuteProduceConsume.executeProduceConsume(ExecuteProduceConsume.java:249)&#10;        at org.eclipse.jetty.util.thread.strategy.ExecuteProduceConsume.produceConsume(ExecuteProduceConsume.java:148)&#10;        at org.eclipse.jetty.util.thread.strategy.ExecuteProduceConsume.execute(ExecuteProduceConsume.java:100)&#10;        at org.eclipse.jetty.io.ManagedSelector.run(ManagedSelector.java:147)&#10;        at org.eclipse.jetty.util.thread.QueuedThreadPool.runJob(QueuedThreadPool.java:671)&#10;        at org.eclipse.jetty.util.thread.QueuedThreadPool$2.run(QueuedThreadPool.java:589)&#10;        at java.lang.Thread.run(Thread.java:748)&#10;&quot;pool-26-thread-59&quot;  prio=5 tid=509 in Object.wait()&#10;java.lang.Thread.State: WAITING (on object monitor)&#10;        at sun.misc.Unsafe.park(Native Method)&#10;        at java.util.concurrent.locks.LockSupport.park(LockSupport.java:175)&#10;        at java.util.concurrent.locks.AbstractQueuedSynchronizer$ConditionObject.await(AbstractQueuedSynchronizer.java:2039)&#10;        at java.util.concurrent.ArrayBlockingQueue.take(ArrayBlockingQueue.java:403)&#10;        at java.util.concurrent.ThreadPoolExecutor.getTask(ThreadPoolExecutor.java:1074)&#10;        at java.util.concurrent.ThreadPoolExecutor.runWorker(ThreadPoolExecutor.java:1134)&#10;        at java.util.concurrent.ThreadPoolExecutor$Worker.run(ThreadPoolExecutor.java:624)&#10;        at java.lang.Thread.run(Thread.java:748)&#10;&quot;Timer-1&quot; daemon prio=5 tid=148 timed_waiting&#10;java.lang.Thread.State: TIMED_WAITING&#10;        at java.lang.Object.wait(Native Method)&#10;        at java.util.TimerThread.mainLoop(Timer.java:552)&#10;        at java.util.TimerThread.run(Timer.java:505)&#10;&quot;pool-215-thread-5&quot;  prio=5 tid=996 in Object.wait()&#10;java.lang.Thread.State: WAITING (on object monitor)&#10;        at sun.misc.Unsafe.park(Native Method)&#10;        at java.util.concurrent.locks.LockSupport.park(LockSupport.java:175)&#10;        at java.util.concurrent.locks.AbstractQueuedSynchronizer$ConditionObject.await(AbstractQueuedSynchronizer.java:2039)&#10;        at java.util.concurrent.ArrayBlockingQueue.take(ArrayBlockingQueue.java:403)&#10;        at java.util.concurrent.ThreadPoolExecutor.getTask(ThreadPoolExecutor.java:1074)&#10;        at java.util.concurrent.ThreadPoolExecutor.runWorker(ThreadPoolExecutor.java:1134)&#10;        at java.util.concurrent.ThreadPoolExecutor$Worker.run(ThreadPoolExecutor.java:624)&#10;        at java.lang.Thread.run(Thread.java:748)&#10;&quot;pool-47-thread-49&quot;  prio=5 tid=560 in Object.wait()&#10;java.lang.Thread.State: WAITING (on object monitor)&#10;        at sun.misc.Unsafe.park(Native Method)&#10;        at java.util.concurrent.locks.LockSupport.park(LockSupport.java:175)&#10;        at java.util.concurrent.locks.AbstractQueuedSynchronizer$ConditionObject.await(AbstractQueuedSynchronizer.java:2039)&#10;        at java.util.concurrent.ArrayBlockingQueue.take(ArrayBlockingQueue.java:403)&#10;        at java.util.concurrent.ThreadPoolExecutor.getTask(ThreadPoolExecutor.java:1074)&#10;        at java.util.concurrent.ThreadPoolExecutor.runWorker(ThreadPoolExecutor.java:1134)&#10;        at java.util.concurrent.ThreadPoolExecutor$Worker.run(ThreadPoolExecutor.java:624)&#10;        at java.lang.Thread.run(Thread.java:748)&#10;&quot;qtp1866002564-280&quot; daemon prio=5 tid=280 runnable&#10;java.lang.Thread.State: RUNNABLE&#10;        at sun.nio.ch.EPollArrayWrapper.epollWait(Native Method)&#10;        at sun.nio.ch.EPollArrayWrapper.poll(EPollArrayWrapper.java:269)&#10;        at sun.nio.ch.EPollSelectorImpl.doSelect(EPollSelectorImpl.java:93)&#10;        at sun.nio.ch.SelectorImpl.lockAndDoSelect(SelectorImpl.java:86)&#10;        at sun.nio.ch.SelectorImpl.select(SelectorImpl.java:97)&#10;        at sun.nio.ch.SelectorImpl.select(SelectorImpl.java:101)&#10;        at org.eclipse.jetty.io.ManagedSelector$SelectorProducer.select(ManagedSelector.java:243)&#10;        at org.eclipse.jetty.io.ManagedSelector$SelectorProducer.produce(ManagedSelector.java:191)&#10;        at org.eclipse.jetty.util.thread.strategy.ExecuteProduceConsume.executeProduceConsume(ExecuteProduceConsume.java:249)&#10;        at org.eclipse.jetty.util.thread.strategy.ExecuteProduceConsume.produceConsume(ExecuteProduceConsume.java:148)&#10;        at org.eclipse.jetty.util.thread.strategy.ExecuteProduceConsume.execute(ExecuteProduceConsume.java:100)&#10;        at org.eclipse.jetty.io.ManagedSelector.run(ManagedSelector.java:147)&#10;        at org.eclipse.jetty.util.thread.QueuedThreadPool.runJob(QueuedThreadPool.java:671)&#10;        at org.eclipse.jetty.util.thread.QueuedThreadPool$2.run(QueuedThreadPool.java:589)&#10;        at java.lang.Thread.run(Thread.java:748)&#10;&quot;qtp2106129052-404&quot; daemon prio=5 tid=404 timed_waiting&#10;java.lang.Thread.State: TIMED_WAITING&#10;        at sun.misc.Unsafe.park(Native Method)&#10;        at java.util.concurrent.locks.LockSupport.parkNanos(LockSupport.java:215)&#10;        at java.util.concurrent.locks.AbstractQueuedSynchronizer$ConditionObject.awaitNanos(AbstractQueuedSynchronizer.java:2078)&#10;        at org.eclipse.jetty.util.BlockingArrayQueue.poll(BlockingArrayQueue.java:392)&#10;        at org.eclipse.jetty.util.thread.QueuedThreadPool.idleJobPoll(QueuedThreadPool.java:563)&#10;        at org.eclipse.jetty.util.thread.QueuedThreadPool.access$800(QueuedThreadPool.java:48)&#10;        at org.eclipse.jetty.util.thread.QueuedThreadPool$2.run(QueuedThreadPool.java:626)&#10;        at java.lang.Thread.run(Thread.java:748)&#10;&quot;pool-215-thread-56&quot;  prio=5 tid=1047 in Object.wait()&#10;java.lang.Thread.State: WAITING (on object monitor)&#10;        at sun.misc.Unsafe.park(Native Method)&#10;        at java.util.concurrent.locks.LockSupport.park(LockSupport.java:175)&#10;        at java.util.concurrent.locks.AbstractQueuedSynchronizer$ConditionObject.await(AbstractQueuedSynchronizer.java:2039)&#10;        at java.util.concurrent.ArrayBlockingQueue.take(ArrayBlockingQueue.java:403)&#10;        at java.util.concurrent.ThreadPoolExecutor.getTask(ThreadPoolExecutor.java:1074)&#10;        at java.util.concurrent.ThreadPoolExecutor.runWorker(ThreadPoolExecutor.java:1134)&#10;        at java.util.concurrent.ThreadPoolExecutor$Worker.run(ThreadPoolExecutor.java:624)&#10;        at java.lang.Thread.run(Thread.java:748)&#10;&quot;pool-194-thread-2&quot;  prio=5 tid=933 in Object.wait()&#10;java.lang.Thread.State: WAITING (on object monitor)&#10;        at sun.misc.Unsafe.park(Native Method)&#10;        at java.util.concurrent.locks.LockSupport.park(LockSupport.java:175)&#10;        at java.util.concurrent.locks.AbstractQueuedSynchronizer$ConditionObject.await(AbstractQueuedSynchronizer.java:2039)&#10;        at java.util.concurrent.ArrayBlockingQueue.take(ArrayBlockingQueue.java:403)&#10;        at java.util.concurrent.ThreadPoolExecutor.getTask(ThreadPoolExecutor.java:1074)&#10;        at java.util.concurrent.ThreadPoolExecutor.runWorker(ThreadPoolExecutor.java:1134)&#10;        at java.util.concurrent.ThreadPoolExecutor$Worker.run(ThreadPoolExecutor.java:624)&#10;        at java.lang.Thread.run(Thread.java:748)&#10;&quot;Thread-393&quot; daemon prio=5 tid=1206 timed_waiting&#10;java.lang.Thread.State: TIMED_WAITING&#10;        at java.lang.Thread.sleep(Native Method)&#10;        at org.apache.ratis.server.impl.FollowerState.run(FollowerState.java:94)&#10;&quot;nioEventLoopGroup-6-1&quot;  prio=10 tid=231 runnable&#10;java.lang.Thread.State: RUNNABLE&#10;        at sun.nio.ch.EPollArrayWrapper.epollWait(Native Method)&#10;        at sun.nio.ch.EPollArrayWrapper.poll(EPollArrayWrapper.java:269)&#10;        at sun.nio.ch.EPollSelectorImpl.doSelect(EPollSelectorImpl.java:93)&#10;        at sun.nio.ch.SelectorImpl.lockAndDoSelect(SelectorImpl.java:86)&#10;        at sun.nio.ch.SelectorImpl.select(SelectorImpl.java:97)&#10;        at io.netty.channel.nio.SelectedSelectionKeySetSelector.select(SelectedSelectionKeySetSelector.java:62)&#10;        at io.netty.channel.nio.NioEventLoop.select(NioEventLoop.java:753)&#10;        at io.netty.channel.nio.NioEventLoop.run(NioEventLoop.java:408)&#10;        at io.netty.util.concurrent.SingleThreadEventExecutor$5.run(SingleThreadEventExecutor.java:897)&#10;        at io.netty.util.concurrent.FastThreadLocalRunnable.run(FastThreadLocalRunnable.java:30)&#10;        at java.lang.Thread.run(Thread.java:748)&#10;&quot;nioEventLoopGroup-16-1&quot;  prio=10 tid=381 runnable&#10;java.lang.Thread.State: RUNNABLE&#10;        at sun.nio.ch.EPollArrayWrapper.epollWait(Native Method)&#10;        at sun.nio.ch.EPollArrayWrapper.poll(EPollArrayWrapper.java:269)&#10;        at sun.nio.ch.EPollSelectorImpl.doSelect(EPollSelectorImpl.java:93)&#10;        at sun.nio.ch.SelectorImpl.lockAndDoSelect(SelectorImpl.java:86)&#10;        at sun.nio.ch.SelectorImpl.select(SelectorImpl.java:97)&#10;        at io.netty.channel.nio.SelectedSelectionKeySetSelector.select(SelectedSelectionKeySetSelector.java:62)&#10;        at io.netty.channel.nio.NioEventLoop.select(NioEventLoop.java:753)&#10;        at io.netty.channel.nio.NioEventLoop.run(NioEventLoop.java:408)&#10;        at io.netty.util.concurrent.SingleThreadEventExecutor$5.run(SingleThreadEventExecutor.java:897)&#10;        at io.netty.util.concurrent.FastThreadLocalRunnable.run(FastThreadLocalRunnable.java:30)&#10;        at java.lang.Thread.run(Thread.java:748)&#10;&quot;Datanode ReportManager Thread - 0&quot; daemon prio=5 tid=323 in Object.wait()&#10;java.lang.Thread.State: WAITING (on object monitor)&#10;        at sun.misc.Unsafe.park(Native Method)&#10;        at java.util.concurrent.locks.LockSupport.park(LockSupport.java:175)&#10;        at java.util.concurrent.locks.AbstractQueuedSynchronizer$ConditionObject.await(AbstractQueuedSynchronizer.java:2039)&#10;        at java.util.concurrent.ScheduledThreadPoolExecutor$DelayedWorkQueue.take(ScheduledThreadPoolExecutor.java:1088)&#10;        at java.util.concurrent.ScheduledThreadPoolExecutor$DelayedWorkQueue.take(ScheduledThreadPoolExecutor.java:809)&#10;        at java.util.concurrent.ThreadPoolExecutor.getTask(ThreadPoolExecutor.java:1074)&#10;        at java.util.concurrent.ThreadPoolExecutor.runWorker(ThreadPoolExecutor.java:1134)&#10;        at java.util.concurrent.ThreadPoolExecutor$Worker.run(ThreadPoolExecutor.java:624)&#10;        at java.lang.Thread.run(Thread.java:748)&#10;&quot;Datanode ReportManager Thread - 2&quot; daemon prio=5 tid=235 timed_waiting&#10;java.lang.Thread.State: TIMED_WAITING&#10;        at sun.misc.Unsafe.park(Native Method)&#10;        at java.util.concurrent.locks.LockSupport.parkNanos(LockSupport.java:215)&#10;        at java.util.concurrent.locks.AbstractQueuedSynchronizer$ConditionObject.awaitNanos(AbstractQueuedSynchronizer.java:2078)&#10;        at java.util.concurrent.ScheduledThreadPoolExecutor$DelayedWorkQueue.take(ScheduledThreadPoolExecutor.java:1093)&#10;        at java.util.concurrent.ScheduledThreadPoolExecutor$DelayedWorkQueue.take(ScheduledThreadPoolExecutor.java:809)&#10;        at java.util.concurrent.ThreadPoolExecutor.getTask(ThreadPoolExecutor.java:1074)&#10;        at java.util.concurrent.ThreadPoolExecutor.runWorker(ThreadPoolExecutor.java:1134)&#10;        at java.util.concurrent.ThreadPoolExecutor$Worker.run(ThreadPoolExecutor.java:624)&#10;        at java.lang.Thread.run(Thread.java:748)&#10;&quot;IPC Server handler 13 on 46447&quot; daemon prio=5 tid=63 timed_waiting&#10;java.lang.Thread.State: TIMED_WAITING&#10;        at sun.misc.Unsafe.park(Native Method)&#10;        at java.util.concurrent.locks.LockSupport.parkNanos(LockSupport.java:215)&#10;        at java.util.concurrent.locks.AbstractQueuedSynchronizer$ConditionObject.awaitNanos(AbstractQueuedSynchronizer.java:2078)&#10;        at java.util.concurrent.LinkedBlockingQueue.poll(LinkedBlockingQueue.java:467)&#10;        at org.apache.hadoop.ipc.CallQueueManager.take(CallQueueManager.java:288)&#10;        at org.apache.hadoop.ipc.Server$Handler.run(Server.java:2668)&#10;&quot;pool-152-thread-10&quot;  prio=5 tid=821 in Object.wait()&#10;java.lang.Thread.State: WAITING (on object monitor)&#10;        at sun.misc.Unsafe.park(Native Method)&#10;        at java.util.concurrent.locks.LockSupport.park(LockSupport.java:175)&#10;        at java.util.concurrent.locks.AbstractQueuedSynchronizer$ConditionObject.await(AbstractQueuedSynchronizer.java:2039)&#10;        at java.util.concurrent.ArrayBlockingQueue.take(ArrayBlockingQueue.java:403)&#10;        at java.util.concurrent.ThreadPoolExecutor.getTask(ThreadPoolExecutor.java:1074)&#10;        at java.util.concurrent.ThreadPoolExecutor.runWorker(ThreadPoolExecutor.java:1134)&#10;        at java.util.concurrent.ThreadPoolExecutor$Worker.run(ThreadPoolExecutor.java:624)&#10;        at java.lang.Thread.run(Thread.java:748)&#10;&quot;a83b0601-c70d-4140-b27f-c227c6feeccd-RaftLogWorker&quot;  prio=5 tid=1093 timed_waiting&#10;java.lang.Thread.State: TIMED_WAITING&#10;        at sun.misc.Unsafe.park(Native Method)&#10;        at java.util.concurrent.locks.LockSupport.parkNanos(LockSupport.java:215)&#10;        at java.util.concurrent.locks.AbstractQueuedSynchronizer$ConditionObject.awaitNanos(AbstractQueuedSynchronizer.java:2078)&#10;        at org.apache.ratis.util.DataBlockingQueue.poll(DataBlockingQueue.java:137)&#10;        at org.apache.ratis.server.storage.RaftLogWorker.run(RaftLogWorker.java:216)&#10;        at java.lang.Thread.run(Thread.java:748)&#10;&quot;BlockDeletingService#0&quot; daemon prio=5 tid=397 in Object.wait()&#10;java.lang.Thread.State: WAITING (on object monitor)&#10;        at sun.misc.Unsafe.park(Native Method)&#10;        at java.util.concurrent.locks.LockSupport.park(LockSupport.java:175)&#10;        at java.util.concurrent.locks.AbstractQueuedSynchronizer$ConditionObject.await(AbstractQueuedSynchronizer.java:2039)&#10;        at java.util.concurrent.ScheduledThreadPoolExecutor$DelayedWorkQueue.take(ScheduledThreadPoolExecutor.java:1088)&#10;        at java.util.concurrent.ScheduledThreadPoolExecutor$DelayedWorkQueue.take(ScheduledThreadPoolExecutor.java:809)&#10;        at java.util.concurrent.ThreadPoolExecutor.getTask(ThreadPoolExecutor.java:1074)&#10;        at java.util.concurrent.ThreadPoolExecutor.runWorker(ThreadPoolExecutor.java:1134)&#10;        at java.util.concurrent.ThreadPoolExecutor$Worker.run(ThreadPoolExecutor.java:624)&#10;        at java.lang.Thread.run(Thread.java:748)&#10;&quot;qtp628402659-196&quot; daemon prio=5 tid=196 timed_waiting&#10;java.lang.Thread.State: TIMED_WAITING&#10;        at sun.misc.Unsafe.park(Native Method)&#10;        at java.util.concurrent.locks.LockSupport.parkNanos(LockSupport.java:215)&#10;        at java.util.concurrent.locks.AbstractQueuedSynchronizer$ConditionObject.awaitNanos(AbstractQueuedSynchronizer.java:2078)&#10;        at org.eclipse.jetty.util.BlockingArrayQueue.poll(BlockingArrayQueue.java:392)&#10;        at org.eclipse.jetty.util.thread.QueuedThreadPool.idleJobPoll(QueuedThreadPool.java:563)&#10;        at org.eclipse.jetty.util.thread.QueuedThreadPool.access$800(QueuedThreadPool.java:48)&#10;        at org.eclipse.jetty.util.thread.QueuedThreadPool$2.run(QueuedThreadPool.java:626)&#10;        at java.lang.Thread.run(Thread.java:748)&#10;&quot;IPC Server handler 2 on 33423&quot; daemon prio=5 tid=32 timed_waiting&#10;java.lang.Thread.State: TIMED_WAITING&#10;        at sun.misc.Unsafe.park(Native Method)&#10;        at java.util.concurrent.locks.LockSupport.parkNanos(LockSupport.java:215)&#10;        at java.util.concurrent.locks.AbstractQueuedSynchronizer$ConditionObject.awaitNanos(AbstractQueuedSynchronizer.java:2078)&#10;        at java.util.concurrent.LinkedBlockingQueue.poll(LinkedBlockingQueue.java:467)&#10;        at org.apache.hadoop.ipc.CallQueueManager.take(CallQueueManager.java:288)&#10;        at org.apache.hadoop.ipc.Server$Handler.run(Server.java:2668)&#10;&quot;pool-110-thread-57&quot;  prio=5 tid=748 in Object.wait()&#10;java.lang.Thread.State: WAITING (on object monitor)&#10;        at sun.misc.Unsafe.park(Native Method)&#10;        at java.util.concurrent.locks.LockSupport.park(LockSupport.java:175)&#10;        at java.util.concurrent.locks.AbstractQueuedSynchronizer$ConditionObject.await(AbstractQueuedSynchronizer.java:2039)&#10;        at java.util.concurrent.ArrayBlockingQueue.take(ArrayBlockingQueue.java:403)&#10;        at java.util.concurrent.ThreadPoolExecutor.getTask(ThreadPoolExecutor.java:1074)&#10;        at java.util.concurrent.ThreadPoolExecutor.runWorker(ThreadPoolExecutor.java:1134)&#10;        at java.util.concurrent.ThreadPoolExecutor$Worker.run(ThreadPoolExecutor.java:624)&#10;        at java.lang.Thread.run(Thread.java:748)&#10;&quot;pool-68-thread-50&quot;  prio=5 tid=621 in Object.wait()&#10;java.lang.Thread.State: WAITING (on object monitor)&#10;        at sun.misc.Unsafe.park(Native Method)&#10;        at java.util.concurrent.locks.LockSupport.park(LockSupport.java:175)&#10;        at java.util.concurrent.locks.AbstractQueuedSynchronizer$ConditionObject.await(AbstractQueuedSynchronizer.java:2039)&#10;        at java.util.concurrent.ArrayBlockingQueue.take(ArrayBlockingQueue.java:403)&#10;        at java.util.concurrent.ThreadPoolExecutor.getTask(ThreadPoolExecutor.java:1074)&#10;        at java.util.concurrent.ThreadPoolExecutor.runWorker(ThreadPoolExecutor.java:1134)&#10;        at java.util.concurrent.ThreadPoolExecutor$Worker.run(ThreadPoolExecutor.java:624)&#10;        at java.lang.Thread.run(Thread.java:748)&#10;&quot;refreshUsed-/opt/src/hadoop-ozone/integration-test/target/test-dir/MiniOzoneClusterImpl-add696fe-84ac-4b45-a2ee-012b057e1087/datanode-1/data/containers&quot; daemon prio=5 tid=183 timed_waiting&#10;java.lang.Thread.State: TIMED_WAITING&#10;        at java.lang.Thread.sleep(Native Method)&#10;        at org.apache.hadoop.fs.CachingGetSpaceUsed$RefreshThread.run(CachingGetSpaceUsed.java:179)&#10;        at java.lang.Thread.run(Thread.java:748)&#10;&quot;pool-89-thread-3&quot;  prio=5 tid=634 in Object.wait()&#10;java.lang.Thread.State: WAITING (on object monitor)&#10;        at sun.misc.Unsafe.park(Native Method)&#10;        at java.util.concurrent.locks.LockSupport.park(LockSupport.java:175)&#10;        at java.util.concurrent.locks.AbstractQueuedSynchronizer$ConditionObject.await(AbstractQueuedSynchronizer.java:2039)&#10;        at java.util.concurrent.ArrayBlockingQueue.take(ArrayBlockingQueue.java:403)&#10;        at java.util.concurrent.ThreadPoolExecutor.getTask(ThreadPoolExecutor.java:1074)&#10;        at java.util.concurrent.ThreadPoolExecutor.runWorker(ThreadPoolExecutor.java:1134)&#10;        at java.util.concurrent.ThreadPoolExecutor$Worker.run(ThreadPoolExecutor.java:624)&#10;        at java.lang.Thread.run(Thread.java:748)&#10;&quot;pool-110-thread-33&quot;  prio=5 tid=724 in Object.wait()&#10;java.lang.Thread.State: WAITING (on object monitor)&#10;        at sun.misc.Unsafe.park(Native Method)&#10;        at java.util.concurrent.locks.LockSupport.park(LockSupport.java:175)&#10;        at java.util.concurrent.locks.AbstractQueuedSynchronizer$ConditionObject.await(AbstractQueuedSynchronizer.java:2039)&#10;        at java.util.concurrent.ArrayBlockingQueue.take(ArrayBlockingQueue.java:403)&#10;        at java.util.concurrent.ThreadPoolExecutor.getTask(ThreadPoolExecutor.java:1074)&#10;        at java.util.concurrent.ThreadPoolExecutor.runWorker(ThreadPoolExecutor.java:1134)&#10;        at java.util.concurrent.ThreadPoolExecutor$Worker.run(ThreadPoolExecutor.java:624)&#10;        at java.lang.Thread.run(Thread.java:748)&#10;&quot;EventQueue-SafemodestatusForSafeModeHandler&quot; daemon prio=5 tid=1058 in Object.wait()&#10;java.lang.Thread.State: WAITING (on object monitor)&#10;        at sun.misc.Unsafe.park(Native Method)&#10;        at java.util.concurrent.locks.LockSupport.park(LockSupport.java:175)&#10;        at java.util.concurrent.locks.AbstractQueuedSynchronizer$ConditionObject.await(AbstractQueuedSynchronizer.java:2039)&#10;        at java.util.concurrent.LinkedBlockingQueue.take(LinkedBlockingQueue.java:442)&#10;        at java.util.concurrent.ThreadPoolExecutor.getTask(ThreadPoolExecutor.java:1074)&#10;        at java.util.concurrent.ThreadPoolExecutor.runWorker(ThreadPoolExecutor.java:1134)&#10;        at java.util.concurrent.ThreadPoolExecutor$Worker.run(ThreadPoolExecutor.java:624)&#10;        at java.lang.Thread.run(Thread.java:748)&#10;&quot;pool-173-thread-13&quot;  prio=5 tid=884 in Object.wait()&#10;java.lang.Thread.State: WAITING (on object monitor)&#10;        at sun.misc.Unsafe.park(Native Method)&#10;        at java.util.concurrent.locks.LockSupport.park(LockSupport.java:175)&#10;        at java.util.concurrent.locks.AbstractQueuedSynchronizer$ConditionObject.await(AbstractQueuedSynchronizer.java:2039)&#10;        at java.util.concurrent.ArrayBlockingQueue.take(ArrayBlockingQueue.java:403)&#10;        at java.util.concurrent.ThreadPoolExecutor.getTask(ThreadPoolExecutor.java:1074)&#10;        at java.util.concurrent.ThreadPoolExecutor.runWorker(ThreadPoolExecutor.java:1134)&#10;        at java.util.concurrent.ThreadPoolExecutor$Worker.run(ThreadPoolExecutor.java:624)&#10;        at java.lang.Thread.run(Thread.java:748)&#10;&quot;Command processor thread&quot; daemon prio=5 tid=209 timed_waiting&#10;java.lang.Thread.State: TIMED_WAITING&#10;        at java.lang.Thread.sleep(Native Method)&#10;        at org.apache.hadoop.ozone.container.common.statemachine.DatanodeStateMachine.lambda$initCommandHandlerThread$1(DatanodeStateMachine.java:439)&#10;        at org.apache.hadoop.ozone.container.common.statemachine.DatanodeStateMachine$$Lambda$140/804134309.run(Unknown Source)&#10;        at java.lang.Thread.run(Thread.java:748)&#10;&quot;pool-131-thread-5&quot;  prio=5 tid=756 in Object.wait()&#10;java.lang.Thread.State: WAITING (on object monitor)&#10;        at sun.misc.Unsafe.park(Native Method)&#10;        at java.util.concurrent.locks.LockSupport.park(LockSupport.java:175)&#10;        at java.util.concurrent.locks.AbstractQueuedSynchronizer$ConditionObject.await(AbstractQueuedSynchronizer.java:2039)&#10;        at java.util.concurrent.ArrayBlockingQueue.take(ArrayBlockingQueue.java:403)&#10;        at java.util.concurrent.ThreadPoolExecutor.getTask(ThreadPoolExecutor.java:1074)&#10;        at java.util.concurrent.ThreadPoolExecutor.runWorker(ThreadPoolExecutor.java:1134)&#10;        at java.util.concurrent.ThreadPoolExecutor$Worker.run(ThreadPoolExecutor.java:624)&#10;        at java.lang.Thread.run(Thread.java:748)&#10;&quot;qtp1081635795-166&quot; daemon prio=5 tid=166 timed_waiting&#10;java.lang.Thread.State: TIMED_WAITING&#10;        at sun.misc.Unsafe.park(Native Method)&#10;        at java.util.concurrent.locks.LockSupport.parkNanos(LockSupport.java:215)&#10;        at java.util.concurrent.locks.AbstractQueuedSynchronizer$ConditionObject.awaitNanos(AbstractQueuedSynchronizer.java:2078)&#10;        at org.eclipse.jetty.util.BlockingArrayQueue.poll(BlockingArrayQueue.java:392)&#10;        at org.eclipse.jetty.util.thread.QueuedThreadPool.idleJobPoll(QueuedThreadPool.java:563)&#10;        at org.eclipse.jetty.util.thread.QueuedThreadPool.access$800(QueuedThreadPool.java:48)&#10;        at org.eclipse.jetty.util.thread.QueuedThreadPool$2.run(QueuedThreadPool.java:626)&#10;        at java.lang.Thread.run(Thread.java:748)&#10;&quot;CommandWatcher-LeaseManager#LeaseMonitor&quot; daemon prio=5 tid=29 timed_waiting&#10;java.lang.Thread.State: TIMED_WAITING&#10;        at java.lang.Thread.sleep(Native Method)&#10;        at org.apache.hadoop.ozone.lease.LeaseManager$LeaseMonitor.run(LeaseManager.java:234)&#10;        at java.lang.Thread.run(Thread.java:748)&#10;&quot;pool-215-thread-31&quot;  prio=5 tid=1022 in Object.wait()&#10;java.lang.Thread.State: WAITING (on object monitor)&#10;        at sun.misc.Unsafe.park(Native Method)&#10;        at java.util.concurrent.locks.LockSupport.park(LockSupport.java:175)&#10;        at java.util.concurrent.locks.AbstractQueuedSynchronizer$ConditionObject.await(AbstractQueuedSynchronizer.java:2039)&#10;        at java.util.concurrent.ArrayBlockingQueue.take(ArrayBlockingQueue.java:403)&#10;        at java.util.concurrent.ThreadPoolExecutor.getTask(ThreadPoolExecutor.java:1074)&#10;        at java.util.concurrent.ThreadPoolExecutor.runWorker(ThreadPoolExecutor.java:1134)&#10;        at java.util.concurrent.ThreadPoolExecutor$Worker.run(ThreadPoolExecutor.java:624)&#10;        at java.lang.Thread.run(Thread.java:748)&#10;&quot;java.util.concurrent.ThreadPoolExecutor$Worker@6e5da490[State = -1, empty queue]&quot; daemon prio=5 tid=1186 timed_waiting&#10;java.lang.Thread.State: TIMED_WAITING&#10;        at sun.misc.Unsafe.park(Native Method)&#10;        at java.util.concurrent.locks.LockSupport.parkNanos(LockSupport.java:215)&#10;        at java.util.concurrent.locks.AbstractQueuedSynchronizer$ConditionObject.awaitNanos(AbstractQueuedSynchronizer.java:2078)&#10;        at java.util.concurrent.ScheduledThreadPoolExecutor$DelayedWorkQueue.take(ScheduledThreadPoolExecutor.java:1093)&#10;        at java.util.concurrent.ScheduledThreadPoolExecutor$DelayedWorkQueue.take(ScheduledThreadPoolExecutor.java:809)&#10;        at java.util.concurrent.ThreadPoolExecutor.getTask(ThreadPoolExecutor.java:1074)&#10;        at java.util.concurrent.ThreadPoolExecutor.runWorker(ThreadPoolExecutor.java:1134)&#10;        at java.util.concurrent.ThreadPoolExecutor$Worker.run(ThreadPoolExecutor.java:624)&#10;        at java.lang.Thread.run(Thread.java:748)&#10;&quot;pool-194-thread-14&quot;  prio=5 tid=945 in Object.wait()&#10;java.lang.Thread.State: WAITING (on object monitor)&#10;        at sun.misc.Unsafe.park(Native Method)&#10;        at java.util.concurrent.locks.LockSupport.park(LockSupport.java:175)&#10;        at java.util.concurrent.locks.AbstractQueuedSynchronizer$ConditionObject.await(AbstractQueuedSynchronizer.java:2039)&#10;        at java.util.concurrent.ArrayBlockingQueue.take(ArrayBlockingQueue.java:403)&#10;        at java.util.concurrent.ThreadPoolExecutor.getTask(ThreadPoolExecutor.java:1074)&#10;        at java.util.concurrent.ThreadPoolExecutor.runWorker(ThreadPoolExecutor.java:1134)&#10;        at java.util.concurrent.ThreadPoolExecutor$Worker.run(ThreadPoolExecutor.java:624)&#10;        at java.lang.Thread.run(Thread.java:748)&#10;&quot;pool-194-thread-9&quot;  prio=5 tid=940 in Object.wait()&#10;java.lang.Thread.State: WAITING (on object monitor)&#10;        at sun.misc.Unsafe.park(Native Method)&#10;        at java.util.concurrent.locks.LockSupport.park(LockSupport.java:175)&#10;        at java.util.concurrent.locks.AbstractQueuedSynchronizer$ConditionObject.await(AbstractQueuedSynchronizer.java:2039)&#10;        at java.util.concurrent.ArrayBlockingQueue.take(ArrayBlockingQueue.java:403)&#10;        at java.util.concurrent.ThreadPoolExecutor.getTask(ThreadPoolExecutor.java:1074)&#10;        at java.util.concurrent.ThreadPoolExecutor.runWorker(ThreadPoolExecutor.java:1134)&#10;        at java.util.concurrent.ThreadPoolExecutor$Worker.run(ThreadPoolExecutor.java:624)&#10;        at java.lang.Thread.run(Thread.java:748)&#10;&quot;pool-194-thread-7&quot;  prio=5 tid=938 in Object.wait()&#10;java.lang.Thread.State: WAITING (on object monitor)&#10;        at sun.misc.Unsafe.park(Native Method)&#10;        at java.util.concurrent.locks.LockSupport.park(LockSupport.java:175)&#10;        at java.util.concurrent.locks.AbstractQueuedSynchronizer$ConditionObject.await(AbstractQueuedSynchronizer.java:2039)&#10;        at java.util.concurrent.ArrayBlockingQueue.take(ArrayBlockingQueue.java:403)&#10;        at java.util.concurrent.ThreadPoolExecutor.getTask(ThreadPoolExecutor.java:1074)&#10;        at java.util.concurrent.ThreadPoolExecutor.runWorker(ThreadPoolExecutor.java:1134)&#10;        at java.util.concurrent.ThreadPoolExecutor$Worker.run(ThreadPoolExecutor.java:624)&#10;        at java.lang.Thread.run(Thread.java:748)&#10;&quot;pool-26-thread-4&quot;  prio=5 tid=454 in Object.wait()&#10;java.lang.Thread.State: WAITING (on object monitor)&#10;        at sun.misc.Unsafe.park(Native Method)&#10;        at java.util.concurrent.locks.LockSupport.park(LockSupport.java:175)&#10;        at java.util.concurrent.locks.AbstractQueuedSynchronizer$ConditionObject.await(AbstractQueuedSynchronizer.java:2039)&#10;        at java.util.concurrent.ArrayBlockingQueue.take(ArrayBlockingQueue.java:403)&#10;        at java.util.concurrent.ThreadPoolExecutor.getTask(ThreadPoolExecutor.java:1074)&#10;        at java.util.concurrent.ThreadPoolExecutor.runWorker(ThreadPoolExecutor.java:1134)&#10;        at java.util.concurrent.ThreadPoolExecutor$Worker.run(ThreadPoolExecutor.java:624)&#10;        at java.lang.Thread.run(Thread.java:748)&#10;&quot;IPC Server handler 5 on 38877&quot; daemon prio=5 tid=119 timed_waiting&#10;java.lang.Thread.State: TIMED_WAITING&#10;        at sun.misc.Unsafe.park(Native Method)&#10;        at java.util.concurrent.locks.LockSupport.parkNanos(LockSupport.java:215)&#10;        at java.util.concurrent.locks.AbstractQueuedSynchronizer$ConditionObject.awaitNanos(AbstractQueuedSynchronizer.java:2078)&#10;        at java.util.concurrent.LinkedBlockingQueue.poll(LinkedBlockingQueue.java:467)&#10;        at org.apache.hadoop.ipc.CallQueueManager.take(CallQueueManager.java:288)&#10;        at org.apache.hadoop.ipc.Server$Handler.run(Server.java:2668)&#10;&quot;IPC Server handler 11 on 33423&quot; daemon prio=5 tid=41 timed_waiting&#10;java.lang.Thread.State: TIMED_WAITING&#10;        at sun.misc.Unsafe.park(Native Method)&#10;        at java.util.concurrent.locks.LockSupport.parkNanos(LockSupport.java:215)&#10;        at java.util.concurrent.locks.AbstractQueuedSynchronizer$ConditionObject.awaitNanos(AbstractQueuedSynchronizer.java:2078)&#10;        at java.util.concurrent.LinkedBlockingQueue.poll(LinkedBlockingQueue.java:467)&#10;        at org.apache.hadoop.ipc.CallQueueManager.take(CallQueueManager.java:288)&#10;        at org.apache.hadoop.ipc.Server$Handler.run(Server.java:2668)&#10;&quot;pool-173-thread-46&quot;  prio=5 tid=917 in Object.wait()&#10;java.lang.Thread.State: WAITING (on object monitor)&#10;        at sun.misc.Unsafe.park(Native Method)&#10;        at java.util.concurrent.locks.LockSupport.park(LockSupport.java:175)&#10;        at java.util.concurrent.locks.AbstractQueuedSynchronizer$ConditionObject.await(AbstractQueuedSynchronizer.java:2039)&#10;        at java.util.concurrent.ArrayBlockingQueue.take(ArrayBlockingQueue.java:403)&#10;        at java.util.concurrent.ThreadPoolExecutor.getTask(ThreadPoolExecutor.java:1074)&#10;        at java.util.concurrent.ThreadPoolExecutor.runWorker(ThreadPoolExecutor.java:1134)&#10;        at java.util.concurrent.ThreadPoolExecutor$Worker.run(ThreadPoolExecutor.java:624)&#10;        at java.lang.Thread.run(Thread.java:748)&#10;&quot;pool-194-thread-60&quot;  prio=5 tid=991 in Object.wait()&#10;java.lang.Thread.State: WAITING (on object monitor)&#10;        at sun.misc.Unsafe.park(Native Method)&#10;        at java.util.concurrent.locks.LockSupport.park(LockSupport.java:175)&#10;        at java.util.concurrent.locks.AbstractQueuedSynchronizer$ConditionObject.await(AbstractQueuedSynchronizer.java:2039)&#10;        at java.util.concurrent.ArrayBlockingQueue.take(ArrayBlockingQueue.java:403)&#10;        at java.util.concurrent.ThreadPoolExecutor.getTask(ThreadPoolExecutor.java:1074)&#10;        at java.util.concurrent.ThreadPoolExecutor.runWorker(ThreadPoolExecutor.java:1134)&#10;        at java.util.concurrent.ThreadPoolExecutor$Worker.run(ThreadPoolExecutor.java:624)&#10;        at java.lang.Thread.run(Thread.java:748)&#10;&quot;Datanode ReportManager Thread - 0&quot; daemon prio=5 tid=293 timed_waiting&#10;java.lang.Thread.State: TIMED_WAITING&#10;        at sun.misc.Unsafe.park(Native Method)&#10;        at java.util.concurrent.locks.LockSupport.parkNanos(LockSupport.java:215)&#10;        at java.util.concurrent.locks.AbstractQueuedSynchronizer$ConditionObject.awaitNanos(AbstractQueuedSynchronizer.java:2078)&#10;        at java.util.concurrent.ScheduledThreadPoolExecutor$DelayedWorkQueue.take(ScheduledThreadPoolExecutor.java:1093)&#10;        at java.util.concurrent.ScheduledThreadPoolExecutor$DelayedWorkQueue.take(ScheduledThreadPoolExecutor.java:809)&#10;        at java.util.concurrent.ThreadPoolExecutor.getTask(ThreadPoolExecutor.java:1074)&#10;        at java.util.concurrent.ThreadPoolExecutor.runWorker(ThreadPoolExecutor.java:1134)&#10;        at java.util.concurrent.ThreadPoolExecutor$Worker.run(ThreadPoolExecutor.java:624)&#10;        at java.lang.Thread.run(Thread.java:748)&#10;&quot;pool-152-thread-4&quot;  prio=5 tid=815 in Object.wait()&#10;java.lang.Thread.State: WAITING (on object monitor)&#10;        at sun.misc.Unsafe.park(Native Method)&#10;        at java.util.concurrent.locks.LockSupport.park(LockSupport.java:175)&#10;        at java.util.concurrent.locks.AbstractQueuedSynchronizer$ConditionObject.await(AbstractQueuedSynchronizer.java:2039)&#10;        at java.util.concurrent.ArrayBlockingQueue.take(ArrayBlockingQueue.java:403)&#10;        at java.util.concurrent.ThreadPoolExecutor.getTask(ThreadPoolExecutor.java:1074)&#10;        at java.util.concurrent.ThreadPoolExecutor.runWorker(ThreadPoolExecutor.java:1134)&#10;        at java.util.concurrent.ThreadPoolExecutor$Worker.run(ThreadPoolExecutor.java:624)&#10;        at java.lang.Thread.run(Thread.java:748)&#10;&quot;pool-194-thread-36&quot;  prio=5 tid=967 in Object.wait()&#10;java.lang.Thread.State: WAITING (on object monitor)&#10;        at sun.misc.Unsafe.park(Native Method)&#10;        at java.util.concurrent.locks.LockSupport.park(LockSupport.java:175)&#10;        at java.util.concurrent.locks.AbstractQueuedSynchronizer$ConditionObject.await(AbstractQueuedSynchronizer.java:2039)&#10;        at java.util.concurrent.ArrayBlockingQueue.take(ArrayBlockingQueue.java:403)&#10;        at java.util.concurrent.ThreadPoolExecutor.getTask(ThreadPoolExecutor.java:1074)&#10;        at java.util.concurrent.ThreadPoolExecutor.runWorker(ThreadPoolExecutor.java:1134)&#10;        at java.util.concurrent.ThreadPoolExecutor$Worker.run(ThreadPoolExecutor.java:624)&#10;        at java.lang.Thread.run(Thread.java:748)&#10;&quot;BlockDeletingService#2&quot; daemon prio=5 tid=1864 in Object.wait()&#10;java.lang.Thread.State: WAITING (on object monitor)&#10;        at sun.misc.Unsafe.park(Native Method)&#10;        at java.util.concurrent.locks.LockSupport.park(LockSupport.java:175)&#10;        at java.util.concurrent.locks.AbstractQueuedSynchronizer$ConditionObject.await(AbstractQueuedSynchronizer.java:2039)&#10;        at java.util.concurrent.ScheduledThreadPoolExecutor$DelayedWorkQueue.take(ScheduledThreadPoolExecutor.java:1088)&#10;        at java.util.concurrent.ScheduledThreadPoolExecutor$DelayedWorkQueue.take(ScheduledThreadPoolExecutor.java:809)&#10;        at java.util.concurrent.ThreadPoolExecutor.getTask(ThreadPoolExecutor.java:1074)&#10;        at java.util.concurrent.ThreadPoolExecutor.runWorker(ThreadPoolExecutor.java:1134)&#10;        at java.util.concurrent.ThreadPoolExecutor$Worker.run(ThreadPoolExecutor.java:624)&#10;        at java.lang.Thread.run(Thread.java:748)&#10;&quot;IPC Server handler 15 on 46447&quot; daemon prio=5 tid=65 timed_waiting&#10;java.lang.Thread.State: TIMED_WAITING&#10;        at sun.misc.Unsafe.park(Native Method)&#10;        at java.util.concurrent.locks.LockSupport.parkNanos(LockSupport.java:215)&#10;        at java.util.concurrent.locks.AbstractQueuedSynchronizer$ConditionObject.awaitNanos(AbstractQueuedSynchronizer.java:2078)&#10;        at java.util.concurrent.LinkedBlockingQueue.poll(LinkedBlockingQueue.java:467)&#10;        at org.apache.hadoop.ipc.CallQueueManager.take(CallQueueManager.java:288)&#10;        at org.apache.hadoop.ipc.Server$Handler.run(Server.java:2668)&#10;&quot;IPC Server handler 1 on 46447&quot; daemon prio=5 tid=51 timed_waiting&#10;java.lang.Thread.State: TIMED_WAITING&#10;        at sun.misc.Unsafe.park(Native Method)&#10;        at java.util.concurrent.locks.LockSupport.parkNanos(LockSupport.java:215)&#10;        at java.util.concurrent.locks.AbstractQueuedSynchronizer$ConditionObject.awaitNanos(AbstractQueuedSynchronizer.java:2078)&#10;        at java.util.concurrent.LinkedBlockingQueue.poll(LinkedBlockingQueue.java:467)&#10;        at org.apache.hadoop.ipc.CallQueueManager.take(CallQueueManager.java:288)&#10;        at org.apache.hadoop.ipc.Server$Handler.run(Server.java:2668)&#10;&quot;pool-163-thread-1&quot;  prio=5 tid=1106 in Object.wait()&#10;java.lang.Thread.State: WAITING (on object monitor)&#10;        at sun.misc.Unsafe.park(Native Method)&#10;        at java.util.concurrent.locks.LockSupport.park(LockSupport.java:175)&#10;        at java.util.concurrent.locks.AbstractQueuedSynchronizer$ConditionObject.await(AbstractQueuedSynchronizer.java:2039)&#10;        at java.util.concurrent.LinkedBlockingQueue.take(LinkedBlockingQueue.java:442)&#10;        at java.util.concurrent.ThreadPoolExecutor.getTask(ThreadPoolExecutor.java:1074)&#10;        at java.util.concurrent.ThreadPoolExecutor.runWorker(ThreadPoolExecutor.java:1134)&#10;        at java.util.concurrent.ThreadPoolExecutor$Worker.run(ThreadPoolExecutor.java:624)&#10;        at java.lang.Thread.run(Thread.java:748)&#10;&quot;bcfd8b62-ac69-42ca-b586-3bf2b9944505-RaftLogWorker&quot;  prio=5 tid=1076 timed_waiting&#10;java.lang.Thread.State: TIMED_WAITING&#10;        at sun.misc.Unsafe.park(Native Method)&#10;        at java.util.concurrent.locks.LockSupport.parkNanos(LockSupport.java:215)&#10;        at java.util.concurrent.locks.AbstractQueuedSynchronizer$ConditionObject.awaitNanos(AbstractQueuedSynchronizer.java:2078)&#10;        at org.apache.ratis.util.DataBlockingQueue.poll(DataBlockingQueue.java:137)&#10;        at org.apache.ratis.server.storage.RaftLogWorker.run(RaftLogWorker.java:216)&#10;        at java.lang.Thread.run(Thread.java:748)&#10;&quot;pool-68-thread-20&quot;  prio=5 tid=591 in Object.wait()&#10;java.lang.Thread.State: WAITING (on object monitor)&#10;        at sun.misc.Unsafe.park(Native Method)&#10;        at java.util.concurrent.locks.LockSupport.park(LockSupport.java:175)&#10;        at java.util.concurrent.locks.AbstractQueuedSynchronizer$ConditionObject.await(AbstractQueuedSynchronizer.java:2039)&#10;        at java.util.concurrent.ArrayBlockingQueue.take(ArrayBlockingQueue.java:403)&#10;        at java.util.concurrent.ThreadPoolExecutor.getTask(ThreadPoolExecutor.java:1074)&#10;        at java.util.concurrent.ThreadPoolExecutor.runWorker(ThreadPoolExecutor.java:1134)&#10;        at java.util.concurrent.ThreadPoolExecutor$Worker.run(ThreadPoolExecutor.java:624)&#10;        at java.lang.Thread.run(Thread.java:748)&#10;&quot;pool-173-thread-3&quot;  prio=5 tid=874 in Object.wait()&#10;java.lang.Thread.State: WAITING (on object monitor)&#10;        at sun.misc.Unsafe.park(Native Method)&#10;        at java.util.concurrent.locks.LockSupport.park(LockSupport.java:175)&#10;        at java.util.concurrent.locks.AbstractQueuedSynchronizer$ConditionObject.await(AbstractQueuedSynchronizer.java:2039)&#10;        at java.util.concurrent.ArrayBlockingQueue.take(ArrayBlockingQueue.java:403)&#10;        at java.util.concurrent.ThreadPoolExecutor.getTask(ThreadPoolExecutor.java:1074)&#10;        at java.util.concurrent.ThreadPoolExecutor.runWorker(ThreadPoolExecutor.java:1134)&#10;        at java.util.concurrent.ThreadPoolExecutor$Worker.run(ThreadPoolExecutor.java:624)&#10;        at java.lang.Thread.run(Thread.java:748)&#10;&quot;qtp838812606-92&quot; daemon prio=5 tid=92 timed_waiting&#10;java.lang.Thread.State: TIMED_WAITING&#10;        at sun.misc.Unsafe.park(Native Method)&#10;        at java.util.concurrent.locks.LockSupport.parkNanos(LockSupport.java:215)&#10;        at java.util.concurrent.locks.AbstractQueuedSynchronizer$ConditionObject.awaitNanos(AbstractQueuedSynchronizer.java:2078)&#10;        at org.eclipse.jetty.util.BlockingArrayQueue.poll(BlockingArrayQueue.java:392)&#10;        at org.eclipse.jetty.util.thread.QueuedThreadPool.idleJobPoll(QueuedThreadPool.java:563)&#10;        at org.eclipse.jetty.util.thread.QueuedThreadPool.access$800(QueuedThreadPool.java:48)&#10;        at org.eclipse.jetty.util.thread.QueuedThreadPool$2.run(QueuedThreadPool.java:626)&#10;        at java.lang.Thread.run(Thread.java:748)&#10;&quot;pool-89-thread-5&quot;  prio=5 tid=636 in Object.wait()&#10;java.lang.Thread.State: WAITING (on object monitor)&#10;        at sun.misc.Unsafe.park(Native Method)&#10;        at java.util.concurrent.locks.LockSupport.park(LockSupport.java:175)&#10;        at java.util.concurrent.locks.AbstractQueuedSynchronizer$ConditionObject.await(AbstractQueuedSynchronizer.java:2039)&#10;        at java.util.concurrent.ArrayBlockingQueue.take(ArrayBlockingQueue.java:403)&#10;        at java.util.concurrent.ThreadPoolExecutor.getTask(ThreadPoolExecutor.java:1074)&#10;        at java.util.concurrent.ThreadPoolExecutor.runWorker(ThreadPoolExecutor.java:1134)&#10;        at java.util.concurrent.ThreadPoolExecutor$Worker.run(ThreadPoolExecutor.java:624)&#10;        at java.lang.Thread.run(Thread.java:748)&#10;&quot;qtp391333725-374&quot; daemon prio=5 tid=374 timed_waiting&#10;java.lang.Thread.State: TIMED_WAITING&#10;        at sun.misc.Unsafe.park(Native Method)&#10;        at java.util.concurrent.locks.LockSupport.parkNanos(LockSupport.java:215)&#10;        at java.util.concurrent.locks.AbstractQueuedSynchronizer$ConditionObject.awaitNanos(AbstractQueuedSynchronizer.java:2078)&#10;        at org.eclipse.jetty.util.BlockingArrayQueue.poll(BlockingArrayQueue.java:392)&#10;        at org.eclipse.jetty.util.thread.QueuedThreadPool.idleJobPoll(QueuedThreadPool.java:563)&#10;        at org.eclipse.jetty.util.thread.QueuedThreadPool.access$800(QueuedThreadPool.java:48)&#10;        at org.eclipse.jetty.util.thread.QueuedThreadPool$2.run(QueuedThreadPool.java:626)&#10;        at java.lang.Thread.run(Thread.java:748)&#10;&quot;pool-68-thread-29&quot;  prio=5 tid=600 in Object.wait()&#10;java.lang.Thread.State: WAITING (on object monitor)&#10;        at sun.misc.Unsafe.park(Native Method)&#10;        at java.util.concurrent.locks.LockSupport.park(LockSupport.java:175)&#10;        at java.util.concurrent.locks.AbstractQueuedSynchronizer$ConditionObject.await(AbstractQueuedSynchronizer.java:2039)&#10;        at java.util.concurrent.ArrayBlockingQueue.take(ArrayBlockingQueue.java:403)&#10;        at java.util.concurrent.ThreadPoolExecutor.getTask(ThreadPoolExecutor.java:1074)&#10;        at java.util.concurrent.ThreadPoolExecutor.runWorker(ThreadPoolExecutor.java:1134)&#10;        at java.util.concurrent.ThreadPoolExecutor$Worker.run(ThreadPoolExecutor.java:624)&#10;        at java.lang.Thread.run(Thread.java:748)&#10;&quot;pool-89-thread-56&quot;  prio=5 tid=687 in Object.wait()&#10;java.lang.Thread.State: WAITING (on object monitor)&#10;        at sun.misc.Unsafe.park(Native Method)&#10;        at java.util.concurrent.locks.LockSupport.park(LockSupport.java:175)&#10;        at java.util.concurrent.locks.AbstractQueuedSynchronizer$ConditionObject.await(AbstractQueuedSynchronizer.java:2039)&#10;        at java.util.concurrent.ArrayBlockingQueue.take(ArrayBlockingQueue.java:403)&#10;        at java.util.concurrent.ThreadPoolExecutor.getTask(ThreadPoolExecutor.java:1074)&#10;        at java.util.concurrent.ThreadPoolExecutor.runWorker(ThreadPoolExecutor.java:1134)&#10;        at java.util.concurrent.ThreadPoolExecutor$Worker.run(ThreadPoolExecutor.java:624)&#10;        at java.lang.Thread.run(Thread.java:748)&#10;&quot;pool-152-thread-42&quot;  prio=5 tid=853 in Object.wait()&#10;java.lang.Thread.State: WAITING (on object monitor)&#10;        at sun.misc.Unsafe.park(Native Method)&#10;        at java.util.concurrent.locks.LockSupport.park(LockSupport.java:175)&#10;        at java.util.concurrent.locks.AbstractQueuedSynchronizer$ConditionObject.await(AbstractQueuedSynchronizer.java:2039)&#10;        at java.util.concurrent.ArrayBlockingQueue.take(ArrayBlockingQueue.java:403)&#10;        at java.util.concurrent.ThreadPoolExecutor.getTask(ThreadPoolExecutor.java:1074)&#10;        at java.util.concurrent.ThreadPoolExecutor.runWorker(ThreadPoolExecutor.java:1134)&#10;        at java.util.concurrent.ThreadPoolExecutor$Worker.run(ThreadPoolExecutor.java:624)&#10;        at java.lang.Thread.run(Thread.java:748)&#10;&quot;pool-215-thread-2&quot;  prio=5 tid=993 in Object.wait()&#10;java.lang.Thread.State: WAITING (on object monitor)&#10;        at sun.misc.Unsafe.park(Native Method)&#10;        at java.util.concurrent.locks.LockSupport.park(LockSupport.java:175)&#10;        at java.util.concurrent.locks.AbstractQueuedSynchronizer$ConditionObject.await(AbstractQueuedSynchronizer.java:2039)&#10;        at java.util.concurrent.ArrayBlockingQueue.take(ArrayBlockingQueue.java:403)&#10;        at java.util.concurrent.ThreadPoolExecutor.getTask(ThreadPoolExecutor.java:1074)&#10;        at java.util.concurrent.ThreadPoolExecutor.runWorker(ThreadPoolExecutor.java:1134)&#10;        at java.util.concurrent.ThreadPoolExecutor$Worker.run(ThreadPoolExecutor.java:624)&#10;        at java.lang.Thread.run(Thread.java:748)&#10;&quot;pool-173-thread-14&quot;  prio=5 tid=885 in Object.wait()&#10;java.lang.Thread.State: WAITING (on object monitor)&#10;        at sun.misc.Unsafe.park(Native Method)&#10;        at java.util.concurrent.locks.LockSupport.park(LockSupport.java:175)&#10;        at java.util.concurrent.locks.AbstractQueuedSynchronizer$ConditionObject.await(AbstractQueuedSynchronizer.java:2039)&#10;        at java.util.concurrent.ArrayBlockingQueue.take(ArrayBlockingQueue.java:403)&#10;        at java.util.concurrent.ThreadPoolExecutor.getTask(ThreadPoolExecutor.java:1074)&#10;        at java.util.concurrent.ThreadPoolExecutor.runWorker(ThreadPoolExecutor.java:1134)&#10;        at java.util.concurrent.ThreadPoolExecutor$Worker.run(ThreadPoolExecutor.java:624)&#10;        at java.lang.Thread.run(Thread.java:748)&#10;&quot;pool-47-thread-14&quot;  prio=5 tid=525 in Object.wait()&#10;java.lang.Thread.State: WAITING (on object monitor)&#10;        at sun.misc.Unsafe.park(Native Method)&#10;        at java.util.concurrent.locks.LockSupport.park(LockSupport.java:175)&#10;        at java.util.concurrent.locks.AbstractQueuedSynchronizer$ConditionObject.await(AbstractQueuedSynchronizer.java:2039)&#10;        at java.util.concurrent.ArrayBlockingQueue.take(ArrayBlockingQueue.java:403)&#10;        at java.util.concurrent.ThreadPoolExecutor.getTask(ThreadPoolExecutor.java:1074)&#10;        at java.util.concurrent.ThreadPoolExecutor.runWorker(ThreadPoolExecutor.java:1134)&#10;        at java.util.concurrent.ThreadPoolExecutor$Worker.run(ThreadPoolExecutor.java:624)&#10;        at java.lang.Thread.run(Thread.java:748)&#10;&quot;pool-215-thread-39&quot;  prio=5 tid=1030 in Object.wait()&#10;java.lang.Thread.State: WAITING (on object monitor)&#10;        at sun.misc.Unsafe.park(Native Method)&#10;        at java.util.concurrent.locks.LockSupport.park(LockSupport.java:175)&#10;        at java.util.concurrent.locks.AbstractQueuedSynchronizer$ConditionObject.await(AbstractQueuedSynchronizer.java:2039)&#10;        at java.util.concurrent.ArrayBlockingQueue.take(ArrayBlockingQueue.java:403)&#10;        at java.util.concurrent.ThreadPoolExecutor.getTask(ThreadPoolExecutor.java:1074)&#10;        at java.util.concurrent.ThreadPoolExecutor.runWorker(ThreadPoolExecutor.java:1134)&#10;        at java.util.concurrent.ThreadPoolExecutor$Worker.run(ThreadPoolExecutor.java:624)&#10;        at java.lang.Thread.run(Thread.java:748)&#10;&quot;pool-26-thread-44&quot;  prio=5 tid=494 in Object.wait()&#10;java.lang.Thread.State: WAITING (on object monitor)&#10;        at sun.misc.Unsafe.park(Native Method)&#10;        at java.util.concurrent.locks.LockSupport.park(LockSupport.java:175)&#10;        at java.util.concurrent.locks.AbstractQueuedSynchronizer$ConditionObject.await(AbstractQueuedSynchronizer.java:2039)&#10;        at java.util.concurrent.ArrayBlockingQueue.take(ArrayBlockingQueue.java:403)&#10;        at java.util.concurrent.ThreadPoolExecutor.getTask(ThreadPoolExecutor.java:1074)&#10;        at java.util.concurrent.ThreadPoolExecutor.runWorker(ThreadPoolExecutor.java:1134)&#10;        at java.util.concurrent.ThreadPoolExecutor$Worker.run(ThreadPoolExecutor.java:624)&#10;        at java.lang.Thread.run(Thread.java:748)&#10;&quot;pool-68-thread-33&quot;  prio=5 tid=604 in Object.wait()&#10;java.lang.Thread.State: WAITING (on object monitor)&#10;        at sun.misc.Unsafe.park(Native Method)&#10;        at java.util.concurrent.locks.LockSupport.park(LockSupport.java:175)&#10;        at java.util.concurrent.locks.AbstractQueuedSynchronizer$ConditionObject.await(AbstractQueuedSynchronizer.java:2039)&#10;        at java.util.concurrent.ArrayBlockingQueue.take(ArrayBlockingQueue.java:403)&#10;        at java.util.concurrent.ThreadPoolExecutor.getTask(ThreadPoolExecutor.java:1074)&#10;        at java.util.concurrent.ThreadPoolExecutor.runWorker(ThreadPoolExecutor.java:1134)&#10;        at java.util.concurrent.ThreadPoolExecutor$Worker.run(ThreadPoolExecutor.java:624)&#10;        at java.lang.Thread.run(Thread.java:748)&#10;&quot;qtp2106129052-400&quot; daemon prio=5 tid=400 runnable&#10;java.lang.Thread.State: RUNNABLE&#10;        at sun.nio.ch.EPollArrayWrapper.epollWait(Native Method)&#10;        at sun.nio.ch.EPollArrayWrapper.poll(EPollArrayWrapper.java:269)&#10;        at sun.nio.ch.EPollSelectorImpl.doSelect(EPollSelectorImpl.java:93)&#10;        at sun.nio.ch.SelectorImpl.lockAndDoSelect(SelectorImpl.java:86)&#10;        at sun.nio.ch.SelectorImpl.select(SelectorImpl.java:97)&#10;        at sun.nio.ch.SelectorImpl.select(SelectorImpl.java:101)&#10;        at org.eclipse.jetty.io.ManagedSelector$SelectorProducer.select(ManagedSelector.java:243)&#10;        at org.eclipse.jetty.io.ManagedSelector$SelectorProducer.produce(ManagedSelector.java:191)&#10;        at org.eclipse.jetty.util.thread.strategy.ExecuteProduceConsume.executeProduceConsume(ExecuteProduceConsume.java:249)&#10;        at org.eclipse.jetty.util.thread.strategy.ExecuteProduceConsume.produceConsume(ExecuteProduceConsume.java:148)&#10;        at org.eclipse.jetty.util.thread.strategy.ExecuteProduceConsume.execute(ExecuteProduceConsume.java:100)&#10;        at org.eclipse.jetty.io.ManagedSelector.run(ManagedSelector.java:147)&#10;        at org.eclipse.jetty.util.thread.QueuedThreadPool.runJob(QueuedThreadPool.java:671)&#10;        at org.eclipse.jetty.util.thread.QueuedThreadPool$2.run(QueuedThreadPool.java:589)&#10;        at java.lang.Thread.run(Thread.java:748)&#10;&quot;qtp602280210-317&quot; daemon prio=5 tid=317 timed_waiting&#10;java.lang.Thread.State: TIMED_WAITING&#10;        at sun.misc.Unsafe.park(Native Method)&#10;        at java.util.concurrent.locks.LockSupport.parkNanos(LockSupport.java:215)&#10;        at java.util.concurrent.locks.AbstractQueuedSynchronizer$ConditionObject.awaitNanos(AbstractQueuedSynchronizer.java:2078)&#10;        at org.eclipse.jetty.util.BlockingArrayQueue.poll(BlockingArrayQueue.java:392)&#10;        at org.eclipse.jetty.util.thread.QueuedThreadPool.idleJobPoll(QueuedThreadPool.java:563)&#10;        at org.eclipse.jetty.util.thread.QueuedThreadPool.access$800(QueuedThreadPool.java:48)&#10;        at org.eclipse.jetty.util.thread.QueuedThreadPool$2.run(QueuedThreadPool.java:626)&#10;        at java.lang.Thread.run(Thread.java:748)&#10;&quot;java.util.concurrent.ThreadPoolExecutor$Worker@6c20ac92[State = -1, empty queue]&quot; daemon prio=5 tid=1166 timed_waiting&#10;java.lang.Thread.State: TIMED_WAITING&#10;        at sun.misc.Unsafe.park(Native Method)&#10;        at java.util.concurrent.locks.LockSupport.parkNanos(LockSupport.java:215)&#10;        at java.util.concurrent.locks.AbstractQueuedSynchronizer$ConditionObject.awaitNanos(AbstractQueuedSynchronizer.java:2078)&#10;        at java.util.concurrent.ScheduledThreadPoolExecutor$DelayedWorkQueue.take(ScheduledThreadPoolExecutor.java:1093)&#10;        at java.util.concurrent.ScheduledThreadPoolExecutor$DelayedWorkQueue.take(ScheduledThreadPoolExecutor.java:809)&#10;        at java.util.concurrent.ThreadPoolExecutor.getTask(ThreadPoolExecutor.java:1074)&#10;        at java.util.concurrent.ThreadPoolExecutor.runWorker(ThreadPoolExecutor.java:1134)&#10;        at java.util.concurrent.ThreadPoolExecutor$Worker.run(ThreadPoolExecutor.java:624)&#10;        at java.lang.Thread.run(Thread.java:748)&#10;&quot;pool-68-thread-53&quot;  prio=5 tid=624 in Object.wait()&#10;java.lang.Thread.State: WAITING (on object monitor)&#10;        at sun.misc.Unsafe.park(Native Method)&#10;        at java.util.concurrent.locks.LockSupport.park(LockSupport.java:175)&#10;        at java.util.concurrent.locks.AbstractQueuedSynchronizer$ConditionObject.await(AbstractQueuedSynchronizer.java:2039)&#10;        at java.util.concurrent.ArrayBlockingQueue.take(ArrayBlockingQueue.java:403)&#10;        at java.util.concurrent.ThreadPoolExecutor.getTask(ThreadPoolExecutor.java:1074)&#10;        at java.util.concurrent.ThreadPoolExecutor.runWorker(ThreadPoolExecutor.java:1134)&#10;        at java.util.concurrent.ThreadPoolExecutor$Worker.run(ThreadPoolExecutor.java:624)&#10;        at java.lang.Thread.run(Thread.java:748)&#10;&quot;IPC Server handler 1 on 33779&quot; daemon prio=5 tid=71 timed_waiting&#10;java.lang.Thread.State: TIMED_WAITING&#10;        at sun.misc.Unsafe.park(Native Method)&#10;        at java.util.concurrent.locks.LockSupport.parkNanos(LockSupport.java:215)&#10;        at java.util.concurrent.locks.AbstractQueuedSynchronizer$ConditionObject.awaitNanos(AbstractQueuedSynchronizer.java:2078)&#10;        at java.util.concurrent.LinkedBlockingQueue.poll(LinkedBlockingQueue.java:467)&#10;        at org.apache.hadoop.ipc.CallQueueManager.take(CallQueueManager.java:288)&#10;        at org.apache.hadoop.ipc.Server$Handler.run(Server.java:2668)&#10;&quot;StateMachineUpdater-22b2fce2-e0c4-4bfe-a1ac-a7ae08b7b321-group-291085E99653&quot; daemon prio=5 tid=1146 in Object.wait()&#10;java.lang.Thread.State: WAITING (on object monitor)&#10;        at java.lang.Object.wait(Native Method)&#10;        at java.lang.Object.wait(Object.java:502)&#10;        at org.apache.ratis.server.impl.StateMachineUpdater.run(StateMachineUpdater.java:138)&#10;        at java.lang.Thread.run(Thread.java:748)&#10;&quot;pool-89-thread-37&quot;  prio=5 tid=668 in Object.wait()&#10;java.lang.Thread.State: WAITING (on object monitor)&#10;        at sun.misc.Unsafe.park(Native Method)&#10;        at java.util.concurrent.locks.LockSupport.park(LockSupport.java:175)&#10;        at java.util.concurrent.locks.AbstractQueuedSynchronizer$ConditionObject.await(AbstractQueuedSynchronizer.java:2039)&#10;        at java.util.concurrent.ArrayBlockingQueue.take(ArrayBlockingQueue.java:403)&#10;        at java.util.concurrent.ThreadPoolExecutor.getTask(ThreadPoolExecutor.java:1074)&#10;        at java.util.concurrent.ThreadPoolExecutor.runWorker(ThreadPoolExecutor.java:1134)&#10;        at java.util.concurrent.ThreadPoolExecutor$Worker.run(ThreadPoolExecutor.java:624)&#10;        at java.lang.Thread.run(Thread.java:748)&#10;&quot;pool-47-thread-38&quot;  prio=5 tid=549 in Object.wait()&#10;java.lang.Thread.State: WAITING (on object monitor)&#10;        at sun.misc.Unsafe.park(Native Method)&#10;        at java.util.concurrent.locks.LockSupport.park(LockSupport.java:175)&#10;        at java.util.concurrent.locks.AbstractQueuedSynchronizer$ConditionObject.await(AbstractQueuedSynchronizer.java:2039)&#10;        at java.util.concurrent.ArrayBlockingQueue.take(ArrayBlockingQueue.java:403)&#10;        at java.util.concurrent.ThreadPoolExecutor.getTask(ThreadPoolExecutor.java:1074)&#10;        at java.util.concurrent.ThreadPoolExecutor.runWorker(ThreadPoolExecutor.java:1134)&#10;        at java.util.concurrent.ThreadPoolExecutor$Worker.run(ThreadPoolExecutor.java:624)&#10;        at java.lang.Thread.run(Thread.java:748)&#10;&quot;pool-152-thread-8&quot;  prio=5 tid=819 in Object.wait()&#10;java.lang.Thread.State: WAITING (on object monitor)&#10;        at sun.misc.Unsafe.park(Native Method)&#10;        at java.util.concurrent.locks.LockSupport.park(LockSupport.java:175)&#10;        at java.util.concurrent.locks.AbstractQueuedSynchronizer$ConditionObject.await(AbstractQueuedSynchronizer.java:2039)&#10;        at java.util.concurrent.ArrayBlockingQueue.take(ArrayBlockingQueue.java:403)&#10;        at java.util.concurrent.ThreadPoolExecutor.getTask(ThreadPoolExecutor.java:1074)&#10;        at java.util.concurrent.ThreadPoolExecutor.runWorker(ThreadPoolExecutor.java:1134)&#10;        at java.util.concurrent.ThreadPoolExecutor$Worker.run(ThreadPoolExecutor.java:624)&#10;        at java.lang.Thread.run(Thread.java:748)&#10;&quot;pool-26-thread-53&quot;  prio=5 tid=503 in Object.wait()&#10;java.lang.Thread.State: WAITING (on object monitor)&#10;        at sun.misc.Unsafe.park(Native Method)&#10;        at java.util.concurrent.locks.LockSupport.park(LockSupport.java:175)&#10;        at java.util.concurrent.locks.AbstractQueuedSynchronizer$ConditionObject.await(AbstractQueuedSynchronizer.java:2039)&#10;        at java.util.concurrent.ArrayBlockingQueue.take(ArrayBlockingQueue.java:403)&#10;        at java.util.concurrent.ThreadPoolExecutor.getTask(ThreadPoolExecutor.java:1074)&#10;        at java.util.concurrent.ThreadPoolExecutor.runWorker(ThreadPoolExecutor.java:1134)&#10;        at java.util.concurrent.ThreadPoolExecutor$Worker.run(ThreadPoolExecutor.java:624)&#10;        at java.lang.Thread.run(Thread.java:748)&#10;&quot;Datanode ReportManager Thread - 3&quot; daemon prio=5 tid=446 timed_waiting&#10;java.lang.Thread.State: TIMED_WAITING&#10;        at sun.misc.Unsafe.park(Native Method)&#10;        at java.util.concurrent.locks.LockSupport.parkNanos(LockSupport.java:215)&#10;        at java.util.concurrent.locks.AbstractQueuedSynchronizer$ConditionObject.awaitNanos(AbstractQueuedSynchronizer.java:2078)&#10;        at java.util.concurrent.ScheduledThreadPoolExecutor$DelayedWorkQueue.take(ScheduledThreadPoolExecutor.java:1093)&#10;        at java.util.concurrent.ScheduledThreadPoolExecutor$DelayedWorkQueue.take(ScheduledThreadPoolExecutor.java:809)&#10;        at java.util.concurrent.ThreadPoolExecutor.getTask(ThreadPoolExecutor.java:1074)&#10;        at java.util.concurrent.ThreadPoolExecutor.runWorker(ThreadPoolExecutor.java:1134)&#10;        at java.util.concurrent.ThreadPoolExecutor$Worker.run(ThreadPoolExecutor.java:624)&#10;        at java.lang.Thread.run(Thread.java:748)&#10;&quot;java.util.concurrent.ThreadPoolExecutor$Worker@21e518b4[State = -1, empty queue]&quot; daemon prio=5 tid=1168 timed_waiting&#10;java.lang.Thread.State: TIMED_WAITING&#10;        at sun.misc.Unsafe.park(Native Method)&#10;        at java.util.concurrent.locks.LockSupport.parkNanos(LockSupport.java:215)&#10;        at java.util.concurrent.locks.AbstractQueuedSynchronizer$ConditionObject.awaitNanos(AbstractQueuedSynchronizer.java:2078)&#10;        at java.util.concurrent.ScheduledThreadPoolExecutor$DelayedWorkQueue.take(ScheduledThreadPoolExecutor.java:1093)&#10;        at java.util.concurrent.ScheduledThreadPoolExecutor$DelayedWorkQueue.take(ScheduledThreadPoolExecutor.java:809)&#10;        at java.util.concurrent.ThreadPoolExecutor.getTask(ThreadPoolExecutor.java:1074)&#10;        at java.util.concurrent.ThreadPoolExecutor.runWorker(ThreadPoolExecutor.java:1134)&#10;        at java.util.concurrent.ThreadPoolExecutor$Worker.run(ThreadPoolExecutor.java:624)&#10;        at java.lang.Thread.run(Thread.java:748)&#10;&quot;pool-68-thread-21&quot;  prio=5 tid=592 in Object.wait()&#10;java.lang.Thread.State: WAITING (on object monitor)&#10;        at sun.misc.Unsafe.park(Native Method)&#10;        at java.util.concurrent.locks.LockSupport.park(LockSupport.java:175)&#10;        at java.util.concurrent.locks.AbstractQueuedSynchronizer$ConditionObject.await(AbstractQueuedSynchronizer.java:2039)&#10;        at java.util.concurrent.ArrayBlockingQueue.take(ArrayBlockingQueue.java:403)&#10;        at java.util.concurrent.ThreadPoolExecutor.getTask(ThreadPoolExecutor.java:1074)&#10;        at java.util.concurrent.ThreadPoolExecutor.runWorker(ThreadPoolExecutor.java:1134)&#10;        at java.util.concurrent.ThreadPoolExecutor$Worker.run(ThreadPoolExecutor.java:624)&#10;        at java.lang.Thread.run(Thread.java:748)&#10;&quot;qtp630669831-254&quot; daemon prio=5 tid=254 timed_waiting&#10;java.lang.Thread.State: TIMED_WAITING&#10;        at sun.misc.Unsafe.park(Native Method)&#10;        at java.util.concurrent.locks.LockSupport.parkNanos(LockSupport.java:215)&#10;        at java.util.concurrent.locks.AbstractQueuedSynchronizer$ConditionObject.awaitNanos(AbstractQueuedSynchronizer.java:2078)&#10;        at org.eclipse.jetty.util.BlockingArrayQueue.poll(BlockingArrayQueue.java:392)&#10;        at org.eclipse.jetty.util.thread.QueuedThreadPool.idleJobPoll(QueuedThreadPool.java:563)&#10;        at org.eclipse.jetty.util.thread.QueuedThreadPool.access$800(QueuedThreadPool.java:48)&#10;        at org.eclipse.jetty.util.thread.QueuedThreadPool$2.run(QueuedThreadPool.java:626)&#10;        at java.lang.Thread.run(Thread.java:748)&#10;&quot;Socket Reader #1 for port 38877&quot;  prio=5 tid=107 runnable&#10;java.lang.Thread.State: RUNNABLE&#10;        at sun.nio.ch.EPollArrayWrapper.epollWait(Native Method)&#10;        at sun.nio.ch.EPollArrayWrapper.poll(EPollArrayWrapper.java:269)&#10;        at sun.nio.ch.EPollSelectorImpl.doSelect(EPollSelectorImpl.java:93)&#10;        at sun.nio.ch.SelectorImpl.lockAndDoSelect(SelectorImpl.java:86)&#10;        at sun.nio.ch.SelectorImpl.select(SelectorImpl.java:97)&#10;        at sun.nio.ch.SelectorImpl.select(SelectorImpl.java:101)&#10;        at org.apache.hadoop.ipc.Server$Listener$Reader.doRunLoop(Server.java:1097)&#10;        at org.apache.hadoop.ipc.Server$Listener$Reader.run(Server.java:1076)&#10;&quot;pool-89-thread-46&quot;  prio=5 tid=677 in Object.wait()&#10;java.lang.Thread.State: WAITING (on object monitor)&#10;        at sun.misc.Unsafe.park(Native Method)&#10;        at java.util.concurrent.locks.LockSupport.park(LockSupport.java:175)&#10;        at java.util.concurrent.locks.AbstractQueuedSynchronizer$ConditionObject.await(AbstractQueuedSynchronizer.java:2039)&#10;        at java.util.concurrent.ArrayBlockingQueue.take(ArrayBlockingQueue.java:403)&#10;        at java.util.concurrent.ThreadPoolExecutor.getTask(ThreadPoolExecutor.java:1074)&#10;        at java.util.concurrent.ThreadPoolExecutor.runWorker(ThreadPoolExecutor.java:1134)&#10;        at java.util.concurrent.ThreadPoolExecutor$Worker.run(ThreadPoolExecutor.java:624)&#10;        at java.lang.Thread.run(Thread.java:748)&#10;&quot;qtp648346093-340&quot; daemon prio=5 tid=340 runnable&#10;java.lang.Thread.State: RUNNABLE&#10;        at sun.nio.ch.EPollArrayWrapper.epollWait(Native Method)&#10;        at sun.nio.ch.EPollArrayWrapper.poll(EPollArrayWrapper.java:269)&#10;        at sun.nio.ch.EPollSelectorImpl.doSelect(EPollSelectorImpl.java:93)&#10;        at sun.nio.ch.SelectorImpl.lockAndDoSelect(SelectorImpl.java:86)&#10;        at sun.nio.ch.SelectorImpl.select(SelectorImpl.java:97)&#10;        at sun.nio.ch.SelectorImpl.select(SelectorImpl.java:101)&#10;        at org.eclipse.jetty.io.ManagedSelector$SelectorProducer.select(ManagedSelector.java:243)&#10;        at org.eclipse.jetty.io.ManagedSelector$SelectorProducer.produce(ManagedSelector.java:191)&#10;        at org.eclipse.jetty.util.thread.strategy.ExecuteProduceConsume.executeProduceConsume(ExecuteProduceConsume.java:249)&#10;        at org.eclipse.jetty.util.thread.strategy.ExecuteProduceConsume.produceConsume(ExecuteProduceConsume.java:148)&#10;        at org.eclipse.jetty.util.thread.strategy.ExecuteProduceConsume.execute(ExecuteProduceConsume.java:100)&#10;        at org.eclipse.jetty.io.ManagedSelector.run(ManagedSelector.java:147)&#10;        at org.eclipse.jetty.util.thread.QueuedThreadPool.runJob(QueuedThreadPool.java:671)&#10;        at org.eclipse.jetty.util.thread.QueuedThreadPool$2.run(QueuedThreadPool.java:589)&#10;        at java.lang.Thread.run(Thread.java:748)&#10;&quot;pool-215-thread-23&quot;  prio=5 tid=1014 in Object.wait()&#10;java.lang.Thread.State: WAITING (on object monitor)&#10;        at sun.misc.Unsafe.park(Native Method)&#10;        at java.util.concurrent.locks.LockSupport.park(LockSupport.java:175)&#10;        at java.util.concurrent.locks.AbstractQueuedSynchronizer$ConditionObject.await(AbstractQueuedSynchronizer.java:2039)&#10;        at java.util.concurrent.ArrayBlockingQueue.take(ArrayBlockingQueue.java:403)&#10;        at java.util.concurrent.ThreadPoolExecutor.getTask(ThreadPoolExecutor.java:1074)&#10;        at java.util.concurrent.ThreadPoolExecutor.runWorker(ThreadPoolExecutor.java:1134)&#10;        at java.util.concurrent.ThreadPoolExecutor$Worker.run(ThreadPoolExecutor.java:624)&#10;        at java.lang.Thread.run(Thread.java:748)&#10;&quot;pool-215-thread-1&quot;  prio=5 tid=992 in Object.wait()&#10;java.lang.Thread.State: WAITING (on object monitor)&#10;        at sun.misc.Unsafe.park(Native Method)&#10;        at java.util.concurrent.locks.LockSupport.park(LockSupport.java:175)&#10;        at java.util.concurrent.locks.AbstractQueuedSynchronizer$ConditionObject.await(AbstractQueuedSynchronizer.java:2039)&#10;        at java.util.concurrent.ArrayBlockingQueue.take(ArrayBlockingQueue.java:403)&#10;        at java.util.concurrent.ThreadPoolExecutor.getTask(ThreadPoolExecutor.java:1074)&#10;        at java.util.concurrent.ThreadPoolExecutor.runWorker(ThreadPoolExecutor.java:1134)&#10;        at java.util.concurrent.ThreadPoolExecutor$Worker.run(ThreadPoolExecutor.java:624)&#10;        at java.lang.Thread.run(Thread.java:748)&#10;&quot;pool-47-thread-39&quot;  prio=5 tid=550 in Object.wait()&#10;java.lang.Thread.State: WAITING (on object monitor)&#10;        at sun.misc.Unsafe.park(Native Method)&#10;        at java.util.concurrent.locks.LockSupport.park(LockSupport.java:175)&#10;        at java.util.concurrent.locks.AbstractQueuedSynchronizer$ConditionObject.await(AbstractQueuedSynchronizer.java:2039)&#10;        at java.util.concurrent.ArrayBlockingQueue.take(ArrayBlockingQueue.java:403)&#10;        at java.util.concurrent.ThreadPoolExecutor.getTask(ThreadPoolExecutor.java:1074)&#10;        at java.util.concurrent.ThreadPoolExecutor.runWorker(ThreadPoolExecutor.java:1134)&#10;        at java.util.concurrent.ThreadPoolExecutor$Worker.run(ThreadPoolExecutor.java:624)&#10;        at java.lang.Thread.run(Thread.java:748)&#10;&quot;pool-131-thread-36&quot;  prio=5 tid=787 in Object.wait()&#10;java.lang.Thread.State: WAITING (on object monitor)&#10;        at sun.misc.Unsafe.park(Native Method)&#10;        at java.util.concurrent.locks.LockSupport.park(LockSupport.java:175)&#10;        at java.util.concurrent.locks.AbstractQueuedSynchronizer$ConditionObject.await(AbstractQueuedSynchronizer.java:2039)&#10;        at java.util.concurrent.ArrayBlockingQueue.take(ArrayBlockingQueue.java:403)&#10;        at java.util.concurrent.ThreadPoolExecutor.getTask(ThreadPoolExecutor.java:1074)&#10;        at java.util.concurrent.ThreadPoolExecutor.runWorker(ThreadPoolExecutor.java:1134)&#10;        at java.util.concurrent.ThreadPoolExecutor$Worker.run(ThreadPoolExecutor.java:624)&#10;        at java.lang.Thread.run(Thread.java:748)&#10;&quot;pool-152-thread-5&quot;  prio=5 tid=816 in Object.wait()&#10;java.lang.Thread.State: WAITING (on object monitor)&#10;        at sun.misc.Unsafe.park(Native Method)&#10;        at java.util.concurrent.locks.LockSupport.park(LockSupport.java:175)&#10;        at java.util.concurrent.locks.AbstractQueuedSynchronizer$ConditionObject.await(AbstractQueuedSynchronizer.java:2039)&#10;        at java.util.concurrent.ArrayBlockingQueue.take(ArrayBlockingQueue.java:403)&#10;        at java.util.concurrent.ThreadPoolExecutor.getTask(ThreadPoolExecutor.java:1074)&#10;        at java.util.concurrent.ThreadPoolExecutor.runWorker(ThreadPoolExecutor.java:1134)&#10;        at java.util.concurrent.ThreadPoolExecutor$Worker.run(ThreadPoolExecutor.java:624)&#10;        at java.lang.Thread.run(Thread.java:748)&#10;&quot;pool-173-thread-40&quot;  prio=5 tid=911 in Object.wait()&#10;java.lang.Thread.State: WAITING (on object monitor)&#10;        at sun.misc.Unsafe.park(Native Method)&#10;        at java.util.concurrent.locks.LockSupport.park(LockSupport.java:175)&#10;        at java.util.concurrent.locks.AbstractQueuedSynchronizer$ConditionObject.await(AbstractQueuedSynchronizer.java:2039)&#10;        at java.util.concurrent.ArrayBlockingQueue.take(ArrayBlockingQueue.java:403)&#10;        at java.util.concurrent.ThreadPoolExecutor.getTask(ThreadPoolExecutor.java:1074)&#10;        at java.util.concurrent.ThreadPoolExecutor.runWorker(ThreadPoolExecutor.java:1134)&#10;        at java.util.concurrent.ThreadPoolExecutor$Worker.run(ThreadPoolExecutor.java:624)&#10;        at java.lang.Thread.run(Thread.java:748)&#10;&quot;pool-194-thread-4&quot;  prio=5 tid=935 in Object.wait()&#10;java.lang.Thread.State: WAITING (on object monitor)&#10;        at sun.misc.Unsafe.park(Native Method)&#10;        at java.util.concurrent.locks.LockSupport.park(LockSupport.java:175)&#10;        at java.util.concurrent.locks.AbstractQueuedSynchronizer$ConditionObject.await(AbstractQueuedSynchronizer.java:2039)&#10;        at java.util.concurrent.ArrayBlockingQueue.take(ArrayBlockingQueue.java:403)&#10;        at java.util.concurrent.ThreadPoolExecutor.getTask(ThreadPoolExecutor.java:1074)&#10;        at java.util.concurrent.ThreadPoolExecutor.runWorker(ThreadPoolExecutor.java:1134)&#10;        at java.util.concurrent.ThreadPoolExecutor$Worker.run(ThreadPoolExecutor.java:624)&#10;        at java.lang.Thread.run(Thread.java:748)&#10;&quot;pool-173-thread-59&quot;  prio=5 tid=930 in Object.wait()&#10;java.lang.Thread.State: WAITING (on object monitor)&#10;        at sun.misc.Unsafe.park(Native Method)&#10;        at java.util.concurrent.locks.LockSupport.park(LockSupport.java:175)&#10;        at java.util.concurrent.locks.AbstractQueuedSynchronizer$ConditionObject.await(AbstractQueuedSynchronizer.java:2039)&#10;        at java.util.concurrent.ArrayBlockingQueue.take(ArrayBlockingQueue.java:403)&#10;        at java.util.concurrent.ThreadPoolExecutor.getTask(ThreadPoolExecutor.java:1074)&#10;        at java.util.concurrent.ThreadPoolExecutor.runWorker(ThreadPoolExecutor.java:1134)&#10;        at java.util.concurrent.ThreadPoolExecutor$Worker.run(ThreadPoolExecutor.java:624)&#10;        at java.lang.Thread.run(Thread.java:748)&#10;&quot;pool-173-thread-18&quot;  prio=5 tid=889 in Object.wait()&#10;java.lang.Thread.State: WAITING (on object monitor)&#10;        at sun.misc.Unsafe.park(Native Method)&#10;        at java.util.concurrent.locks.LockSupport.park(LockSupport.java:175)&#10;        at java.util.concurrent.locks.AbstractQueuedSynchronizer$ConditionObject.await(AbstractQueuedSynchronizer.java:2039)&#10;        at java.util.concurrent.ArrayBlockingQueue.take(ArrayBlockingQueue.java:403)&#10;        at java.util.concurrent.ThreadPoolExecutor.getTask(ThreadPoolExecutor.java:1074)&#10;        at java.util.concurrent.ThreadPoolExecutor.runWorker(ThreadPoolExecutor.java:1134)&#10;        at java.util.concurrent.ThreadPoolExecutor$Worker.run(ThreadPoolExecutor.java:624)&#10;        at java.lang.Thread.run(Thread.java:748)&#10;&quot;pool-89-thread-45&quot;  prio=5 tid=676 in Object.wait()&#10;java.lang.Thread.State: WAITING (on object monitor)&#10;        at sun.misc.Unsafe.park(Native Method)&#10;        at java.util.concurrent.locks.LockSupport.park(LockSupport.java:175)&#10;        at java.util.concurrent.locks.AbstractQueuedSynchronizer$ConditionObject.await(AbstractQueuedSynchronizer.java:2039)&#10;        at java.util.concurrent.ArrayBlockingQueue.take(ArrayBlockingQueue.java:403)&#10;        at java.util.concurrent.ThreadPoolExecutor.getTask(ThreadPoolExecutor.java:1074)&#10;        at java.util.concurrent.ThreadPoolExecutor.runWorker(ThreadPoolExecutor.java:1134)&#10;        at java.util.concurrent.ThreadPoolExecutor$Worker.run(ThreadPoolExecutor.java:624)&#10;        at java.lang.Thread.run(Thread.java:748)&#10;&quot;pool-173-thread-58&quot;  prio=5 tid=929 in Object.wait()&#10;java.lang.Thread.State: WAITING (on object monitor)&#10;        at sun.misc.Unsafe.park(Native Method)&#10;        at java.util.concurrent.locks.LockSupport.park(LockSupport.java:175)&#10;        at java.util.concurrent.locks.AbstractQueuedSynchronizer$ConditionObject.await(AbstractQueuedSynchronizer.java:2039)&#10;        at java.util.concurrent.ArrayBlockingQueue.take(ArrayBlockingQueue.java:403)&#10;        at java.util.concurrent.ThreadPoolExecutor.getTask(ThreadPoolExecutor.java:1074)&#10;        at java.util.concurrent.ThreadPoolExecutor.runWorker(ThreadPoolExecutor.java:1134)&#10;        at java.util.concurrent.ThreadPoolExecutor$Worker.run(ThreadPoolExecutor.java:624)&#10;        at java.lang.Thread.run(Thread.java:748)&#10;&quot;BlockDeletingService#2&quot; daemon prio=5 tid=1861 in Object.wait()&#10;java.lang.Thread.State: WAITING (on object monitor)&#10;        at sun.misc.Unsafe.park(Native Method)&#10;        at java.util.concurrent.locks.LockSupport.park(LockSupport.java:175)&#10;        at java.util.concurrent.locks.AbstractQueuedSynchronizer$ConditionObject.await(AbstractQueuedSynchronizer.java:2039)&#10;        at java.util.concurrent.ScheduledThreadPoolExecutor$DelayedWorkQueue.take(ScheduledThreadPoolExecutor.java:1088)&#10;        at java.util.concurrent.ScheduledThreadPoolExecutor$DelayedWorkQueue.take(ScheduledThreadPoolExecutor.java:809)&#10;        at java.util.concurrent.ThreadPoolExecutor.getTask(ThreadPoolExecutor.java:1074)&#10;        at java.util.concurrent.ThreadPoolExecutor.runWorker(ThreadPoolExecutor.java:1134)&#10;        at java.util.concurrent.ThreadPoolExecutor$Worker.run(ThreadPoolExecutor.java:624)&#10;        at java.lang.Thread.run(Thread.java:748)&#10;&quot;pool-68-thread-58&quot;  prio=5 tid=629 in Object.wait()&#10;java.lang.Thread.State: WAITING (on object monitor)&#10;        at sun.misc.Unsafe.park(Native Method)&#10;        at java.util.concurrent.locks.LockSupport.park(LockSupport.java:175)&#10;        at java.util.concurrent.locks.AbstractQueuedSynchronizer$ConditionObject.await(AbstractQueuedSynchronizer.java:2039)&#10;        at java.util.concurrent.ArrayBlockingQueue.take(ArrayBlockingQueue.java:403)&#10;        at java.util.concurrent.ThreadPoolExecutor.getTask(ThreadPoolExecutor.java:1074)&#10;        at java.util.concurrent.ThreadPoolExecutor.runWorker(ThreadPoolExecutor.java:1134)&#10;        at java.util.concurrent.ThreadPoolExecutor$Worker.run(ThreadPoolExecutor.java:624)&#10;        at java.lang.Thread.run(Thread.java:748)&#10;&quot;pool-194-thread-30&quot;  prio=5 tid=961 in Object.wait()&#10;java.lang.Thread.State: WAITING (on object monitor)&#10;        at sun.misc.Unsafe.park(Native Method)&#10;        at java.util.concurrent.locks.LockSupport.park(LockSupport.java:175)&#10;        at java.util.concurrent.locks.AbstractQueuedSynchronizer$ConditionObject.await(AbstractQueuedSynchronizer.java:2039)&#10;        at java.util.concurrent.ArrayBlockingQueue.take(ArrayBlockingQueue.java:403)&#10;        at java.util.concurrent.ThreadPoolExecutor.getTask(ThreadPoolExecutor.java:1074)&#10;        at java.util.concurrent.ThreadPoolExecutor.runWorker(ThreadPoolExecutor.java:1134)&#10;        at java.util.concurrent.ThreadPoolExecutor$Worker.run(ThreadPoolExecutor.java:624)&#10;        at java.lang.Thread.run(Thread.java:748)&#10;&quot;qtp608414678-225&quot; daemon prio=5 tid=225 timed_waiting&#10;java.lang.Thread.State: TIMED_WAITING&#10;        at sun.misc.Unsafe.park(Native Method)&#10;        at java.util.concurrent.locks.LockSupport.parkNanos(LockSupport.java:215)&#10;        at java.util.concurrent.locks.AbstractQueuedSynchronizer$ConditionObject.awaitNanos(AbstractQueuedSynchronizer.java:2078)&#10;        at org.eclipse.jetty.util.BlockingArrayQueue.poll(BlockingArrayQueue.java:392)&#10;        at org.eclipse.jetty.util.thread.QueuedThreadPool.idleJobPoll(QueuedThreadPool.java:563)&#10;        at org.eclipse.jetty.util.thread.QueuedThreadPool.access$800(QueuedThreadPool.java:48)&#10;        at org.eclipse.jetty.util.thread.QueuedThreadPool$2.run(QueuedThreadPool.java:626)&#10;        at java.lang.Thread.run(Thread.java:748)&#10;&quot;pool-131-thread-33&quot;  prio=5 tid=784 in Object.wait()&#10;java.lang.Thread.State: WAITING (on object monitor)&#10;        at sun.misc.Unsafe.park(Native Method)&#10;        at java.util.concurrent.locks.LockSupport.park(LockSupport.java:175)&#10;        at java.util.concurrent.locks.AbstractQueuedSynchronizer$ConditionObject.await(AbstractQueuedSynchronizer.java:2039)&#10;        at java.util.concurrent.ArrayBlockingQueue.take(ArrayBlockingQueue.java:403)&#10;        at java.util.concurrent.ThreadPoolExecutor.getTask(ThreadPoolExecutor.java:1074)&#10;        at java.util.concurrent.ThreadPoolExecutor.runWorker(ThreadPoolExecutor.java:1134)&#10;        at java.util.concurrent.ThreadPoolExecutor$Worker.run(ThreadPoolExecutor.java:624)&#10;        at java.lang.Thread.run(Thread.java:748)&#10;&quot;IPC Server handler 18 on 38877&quot; daemon prio=5 tid=132 timed_waiting&#10;java.lang.Thread.State: TIMED_WAITING&#10;        at sun.misc.Unsafe.park(Native Method)&#10;        at java.util.concurrent.locks.LockSupport.parkNanos(LockSupport.java:215)&#10;        at java.util.concurrent.locks.AbstractQueuedSynchronizer$ConditionObject.awaitNanos(AbstractQueuedSynchronizer.java:2078)&#10;        at java.util.concurrent.LinkedBlockingQueue.poll(LinkedBlockingQueue.java:467)&#10;        at org.apache.hadoop.ipc.CallQueueManager.take(CallQueueManager.java:288)&#10;        at org.apache.hadoop.ipc.Server$Handler.run(Server.java:2668)&#10;&quot;Datanode ReportManager Thread - 3&quot; daemon prio=5 tid=388 in Object.wait()&#10;java.lang.Thread.State: WAITING (on object monitor)&#10;        at sun.misc.Unsafe.park(Native Method)&#10;        at java.util.concurrent.locks.LockSupport.park(LockSupport.java:175)&#10;        at java.util.concurrent.locks.AbstractQueuedSynchronizer$ConditionObject.await(AbstractQueuedSynchronizer.java:2039)&#10;        at java.util.concurrent.ScheduledThreadPoolExecutor$DelayedWorkQueue.take(ScheduledThreadPoolExecutor.java:1088)&#10;        at java.util.concurrent.ScheduledThreadPoolExecutor$DelayedWorkQueue.take(ScheduledThreadPoolExecutor.java:809)&#10;        at java.util.concurrent.ThreadPoolExecutor.getTask(ThreadPoolExecutor.java:1074)&#10;        at java.util.concurrent.ThreadPoolExecutor.runWorker(ThreadPoolExecutor.java:1134)&#10;        at java.util.concurrent.ThreadPoolExecutor$Worker.run(ThreadPoolExecutor.java:624)&#10;        at java.lang.Thread.run(Thread.java:748)&#10;&quot;pool-47-thread-22&quot;  prio=5 tid=533 in Object.wait()&#10;java.lang.Thread.State: WAITING (on object monitor)&#10;        at sun.misc.Unsafe.park(Native Method)&#10;        at java.util.concurrent.locks.LockSupport.park(LockSupport.java:175)&#10;        at java.util.concurrent.locks.AbstractQueuedSynchronizer$ConditionObject.await(AbstractQueuedSynchronizer.java:2039)&#10;        at java.util.concurrent.ArrayBlockingQueue.take(ArrayBlockingQueue.java:403)&#10;        at java.util.concurrent.ThreadPoolExecutor.getTask(ThreadPoolExecutor.java:1074)&#10;        at java.util.concurrent.ThreadPoolExecutor.runWorker(ThreadPoolExecutor.java:1134)&#10;        at java.util.concurrent.ThreadPoolExecutor$Worker.run(ThreadPoolExecutor.java:624)&#10;        at java.lang.Thread.run(Thread.java:748)&#10;&quot;qtp602280210-315&quot; daemon prio=5 tid=315 timed_waiting&#10;java.lang.Thread.State: TIMED_WAITING&#10;        at sun.misc.Unsafe.park(Native Method)&#10;        at java.util.concurrent.locks.LockSupport.parkNanos(LockSupport.java:215)&#10;        at java.util.concurrent.locks.AbstractQueuedSynchronizer$ConditionObject.awaitNanos(AbstractQueuedSynchronizer.java:2078)&#10;        at org.eclipse.jetty.util.BlockingArrayQueue.poll(BlockingArrayQueue.java:392)&#10;        at org.eclipse.jetty.util.thread.QueuedThreadPool.idleJobPoll(QueuedThreadPool.java:563)&#10;        at org.eclipse.jetty.util.thread.QueuedThreadPool.access$800(QueuedThreadPool.java:48)&#10;        at org.eclipse.jetty.util.thread.QueuedThreadPool$2.run(QueuedThreadPool.java:626)&#10;        at java.lang.Thread.run(Thread.java:748)&#10;&quot;pool-110-thread-19&quot;  prio=5 tid=710 in Object.wait()&#10;java.lang.Thread.State: WAITING (on object monitor)&#10;        at sun.misc.Unsafe.park(Native Method)&#10;        at java.util.concurrent.locks.LockSupport.park(LockSupport.java:175)&#10;        at java.util.concurrent.locks.AbstractQueuedSynchronizer$ConditionObject.await(AbstractQueuedSynchronizer.java:2039)&#10;        at java.util.concurrent.ArrayBlockingQueue.take(ArrayBlockingQueue.java:403)&#10;        at java.util.concurrent.ThreadPoolExecutor.getTask(ThreadPoolExecutor.java:1074)&#10;        at java.util.concurrent.ThreadPoolExecutor.runWorker(ThreadPoolExecutor.java:1134)&#10;        at java.util.concurrent.ThreadPoolExecutor$Worker.run(ThreadPoolExecutor.java:624)&#10;        at java.lang.Thread.run(Thread.java:748)&#10;&quot;pool-68-thread-35&quot;  prio=5 tid=606 in Object.wait()&#10;java.lang.Thread.State: WAITING (on object monitor)&#10;        at sun.misc.Unsafe.park(Native Method)&#10;        at java.util.concurrent.locks.LockSupport.park(LockSupport.java:175)&#10;        at java.util.concurrent.locks.AbstractQueuedSynchronizer$ConditionObject.await(AbstractQueuedSynchronizer.java:2039)&#10;        at java.util.concurrent.ArrayBlockingQueue.take(ArrayBlockingQueue.java:403)&#10;        at java.util.concurrent.ThreadPoolExecutor.getTask(ThreadPoolExecutor.java:1074)&#10;        at java.util.concurrent.ThreadPoolExecutor.runWorker(ThreadPoolExecutor.java:1134)&#10;        at java.util.concurrent.ThreadPoolExecutor$Worker.run(ThreadPoolExecutor.java:624)&#10;        at java.lang.Thread.run(Thread.java:748)&#10;&quot;pool-68-thread-13&quot;  prio=5 tid=584 in Object.wait()&#10;java.lang.Thread.State: WAITING (on object monitor)&#10;        at sun.misc.Unsafe.park(Native Method)&#10;        at java.util.concurrent.locks.LockSupport.park(LockSupport.java:175)&#10;        at java.util.concurrent.locks.AbstractQueuedSynchronizer$ConditionObject.await(AbstractQueuedSynchronizer.java:2039)&#10;        at java.util.concurrent.ArrayBlockingQueue.take(ArrayBlockingQueue.java:403)&#10;        at java.util.concurrent.ThreadPoolExecutor.getTask(ThreadPoolExecutor.java:1074)&#10;        at java.util.concurrent.ThreadPoolExecutor.runWorker(ThreadPoolExecutor.java:1134)&#10;        at java.util.concurrent.ThreadPoolExecutor$Worker.run(ThreadPoolExecutor.java:624)&#10;        at java.lang.Thread.run(Thread.java:748)&#10;&quot;Datanode ReportManager Thread - 1&quot; daemon prio=5 tid=234 in Object.wait()&#10;java.lang.Thread.State: WAITING (on object monitor)&#10;        at sun.misc.Unsafe.park(Native Method)&#10;        at java.util.concurrent.locks.LockSupport.park(LockSupport.java:175)&#10;        at java.util.concurrent.locks.AbstractQueuedSynchronizer$ConditionObject.await(AbstractQueuedSynchronizer.java:2039)&#10;        at java.util.concurrent.ScheduledThreadPoolExecutor$DelayedWorkQueue.take(ScheduledThreadPoolExecutor.java:1088)&#10;        at java.util.concurrent.ScheduledThreadPoolExecutor$DelayedWorkQueue.take(ScheduledThreadPoolExecutor.java:809)&#10;        at java.util.concurrent.ThreadPoolExecutor.getTask(ThreadPoolExecutor.java:1074)&#10;        at java.util.concurrent.ThreadPoolExecutor.runWorker(ThreadPoolExecutor.java:1134)&#10;        at java.util.concurrent.ThreadPoolExecutor$Worker.run(ThreadPoolExecutor.java:624)&#10;        at java.lang.Thread.run(Thread.java:748)&#10;&quot;pool-89-thread-50&quot;  prio=5 tid=681 in Object.wait()&#10;java.lang.Thread.State: WAITING (on object monitor)&#10;        at sun.misc.Unsafe.park(Native Method)&#10;        at java.util.concurrent.locks.LockSupport.park(LockSupport.java:175)&#10;        at java.util.concurrent.locks.AbstractQueuedSynchronizer$ConditionObject.await(AbstractQueuedSynchronizer.java:2039)&#10;        at java.util.concurrent.ArrayBlockingQueue.take(ArrayBlockingQueue.java:403)&#10;        at java.util.concurrent.ThreadPoolExecutor.getTask(ThreadPoolExecutor.java:1074)&#10;        at java.util.concurrent.ThreadPoolExecutor.runWorker(ThreadPoolExecutor.java:1134)&#10;        at java.util.concurrent.ThreadPoolExecutor$Worker.run(ThreadPoolExecutor.java:624)&#10;        at java.lang.Thread.run(Thread.java:748)&#10;&quot;qtp628402659-192&quot; daemon prio=5 tid=192 timed_waiting&#10;java.lang.Thread.State: TIMED_WAITING&#10;        at sun.misc.Unsafe.park(Native Method)&#10;        at java.util.concurrent.locks.LockSupport.parkNanos(LockSupport.java:215)&#10;        at java.util.concurrent.locks.AbstractQueuedSynchronizer$ConditionObject.awaitNanos(AbstractQueuedSynchronizer.java:2078)&#10;        at org.eclipse.jetty.util.BlockingArrayQueue.poll(BlockingArrayQueue.java:392)&#10;        at org.eclipse.jetty.util.thread.QueuedThreadPool.idleJobPoll(QueuedThreadPool.java:563)&#10;        at org.eclipse.jetty.util.thread.QueuedThreadPool.access$800(QueuedThreadPool.java:48)&#10;        at org.eclipse.jetty.util.thread.QueuedThreadPool$2.run(QueuedThreadPool.java:626)&#10;        at java.lang.Thread.run(Thread.java:748)&#10;&quot;pool-89-thread-30&quot;  prio=5 tid=661 in Object.wait()&#10;java.lang.Thread.State: WAITING (on object monitor)&#10;        at sun.misc.Unsafe.park(Native Method)&#10;        at java.util.concurrent.locks.LockSupport.park(LockSupport.java:175)&#10;        at java.util.concurrent.locks.AbstractQueuedSynchronizer$ConditionObject.await(AbstractQueuedSynchronizer.java:2039)&#10;        at java.util.concurrent.ArrayBlockingQueue.take(ArrayBlockingQueue.java:403)&#10;        at java.util.concurrent.ThreadPoolExecutor.getTask(ThreadPoolExecutor.java:1074)&#10;        at java.util.concurrent.ThreadPoolExecutor.runWorker(ThreadPoolExecutor.java:1134)&#10;        at java.util.concurrent.ThreadPoolExecutor$Worker.run(ThreadPoolExecutor.java:624)&#10;        at java.lang.Thread.run(Thread.java:748)&#10;&quot;pool-215-thread-24&quot;  prio=5 tid=1015 in Object.wait()&#10;java.lang.Thread.State: WAITING (on object monitor)&#10;        at sun.misc.Unsafe.park(Native Method)&#10;        at java.util.concurrent.locks.LockSupport.park(LockSupport.java:175)&#10;        at java.util.concurrent.locks.AbstractQueuedSynchronizer$ConditionObject.await(AbstractQueuedSynchronizer.java:2039)&#10;        at java.util.concurrent.ArrayBlockingQueue.take(ArrayBlockingQueue.java:403)&#10;        at java.util.concurrent.ThreadPoolExecutor.getTask(ThreadPoolExecutor.java:1074)&#10;        at java.util.concurrent.ThreadPoolExecutor.runWorker(ThreadPoolExecutor.java:1134)&#10;        at java.util.concurrent.ThreadPoolExecutor$Worker.run(ThreadPoolExecutor.java:624)&#10;        at java.lang.Thread.run(Thread.java:748)&#10;&quot;IPC Server handler 16 on 33779&quot; daemon prio=5 tid=86 timed_waiting&#10;java.lang.Thread.State: TIMED_WAITING&#10;        at sun.misc.Unsafe.park(Native Method)&#10;        at java.util.concurrent.locks.LockSupport.parkNanos(LockSupport.java:215)&#10;        at java.util.concurrent.locks.AbstractQueuedSynchronizer$ConditionObject.awaitNanos(AbstractQueuedSynchronizer.java:2078)&#10;        at java.util.concurrent.LinkedBlockingQueue.poll(LinkedBlockingQueue.java:467)&#10;        at org.apache.hadoop.ipc.CallQueueManager.take(CallQueueManager.java:288)&#10;        at org.apache.hadoop.ipc.Server$Handler.run(Server.java:2668)&#10;&quot;pool-110-thread-38&quot;  prio=5 tid=729 in Object.wait()&#10;java.lang.Thread.State: WAITING (on object monitor)&#10;        at sun.misc.Unsafe.park(Native Method)&#10;        at java.util.concurrent.locks.LockSupport.park(LockSupport.java:175)&#10;        at java.util.concurrent.locks.AbstractQueuedSynchronizer$ConditionObject.await(AbstractQueuedSynchronizer.java:2039)&#10;        at java.util.concurrent.ArrayBlockingQueue.take(ArrayBlockingQueue.java:403)&#10;        at java.util.concurrent.ThreadPoolExecutor.getTask(ThreadPoolExecutor.java:1074)&#10;        at java.util.concurrent.ThreadPoolExecutor.runWorker(ThreadPoolExecutor.java:1134)&#10;        at java.util.concurrent.ThreadPoolExecutor$Worker.run(ThreadPoolExecutor.java:624)&#10;        at java.lang.Thread.run(Thread.java:748)&#10;&quot;pool-173-thread-37&quot;  prio=5 tid=908 in Object.wait()&#10;java.lang.Thread.State: WAITING (on object monitor)&#10;        at sun.misc.Unsafe.park(Native Method)&#10;        at java.util.concurrent.locks.LockSupport.park(LockSupport.java:175)&#10;        at java.util.concurrent.locks.AbstractQueuedSynchronizer$ConditionObject.await(AbstractQueuedSynchronizer.java:2039)&#10;        at java.util.concurrent.ArrayBlockingQueue.take(ArrayBlockingQueue.java:403)&#10;        at java.util.concurrent.ThreadPoolExecutor.getTask(ThreadPoolExecutor.java:1074)&#10;        at java.util.concurrent.ThreadPoolExecutor.runWorker(ThreadPoolExecutor.java:1134)&#10;        at java.util.concurrent.ThreadPoolExecutor$Worker.run(ThreadPoolExecutor.java:624)&#10;        at java.lang.Thread.run(Thread.java:748)&#10;&quot;Command processor thread&quot; daemon prio=5 tid=299 timed_waiting&#10;java.lang.Thread.State: TIMED_WAITING&#10;        at java.lang.Thread.sleep(Native Method)&#10;        at org.apache.hadoop.ozone.container.common.statemachine.DatanodeStateMachine.lambda$initCommandHandlerThread$1(DatanodeStateMachine.java:439)&#10;        at org.apache.hadoop.ozone.container.common.statemachine.DatanodeStateMachine$$Lambda$140/804134309.run(Unknown Source)&#10;        at java.lang.Thread.run(Thread.java:748)&#10;&quot;IPC Server listener on 46447&quot; daemon prio=5 tid=19 runnable&#10;java.lang.Thread.State: RUNNABLE&#10;        at sun.nio.ch.EPollArrayWrapper.epollWait(Native Method)&#10;        at sun.nio.ch.EPollArrayWrapper.poll(EPollArrayWrapper.java:269)&#10;        at sun.nio.ch.EPollSelectorImpl.doSelect(EPollSelectorImpl.java:93)&#10;        at sun.nio.ch.SelectorImpl.lockAndDoSelect(SelectorImpl.java:86)&#10;        at sun.nio.ch.SelectorImpl.select(SelectorImpl.java:97)&#10;        at sun.nio.ch.SelectorImpl.select(SelectorImpl.java:101)&#10;        at org.apache.hadoop.ipc.Server$Listener.run(Server.java:1159)&#10;&quot;IPC Server handler 16 on 46447&quot; daemon prio=5 tid=66 timed_waiting&#10;java.lang.Thread.State: TIMED_WAITING&#10;        at sun.misc.Unsafe.park(Native Method)&#10;        at java.util.concurrent.locks.LockSupport.parkNanos(LockSupport.java:215)&#10;        at java.util.concurrent.locks.AbstractQueuedSynchronizer$ConditionObject.awaitNanos(AbstractQueuedSynchronizer.java:2078)&#10;        at java.util.concurrent.LinkedBlockingQueue.poll(LinkedBlockingQueue.java:467)&#10;        at org.apache.hadoop.ipc.CallQueueManager.take(CallQueueManager.java:288)&#10;        at org.apache.hadoop.ipc.Server$Handler.run(Server.java:2668)&#10;&quot;pool-173-thread-52&quot;  prio=5 tid=923 in Object.wait()&#10;java.lang.Thread.State: WAITING (on object monitor)&#10;        at sun.misc.Unsafe.park(Native Method)&#10;        at java.util.concurrent.locks.LockSupport.park(LockSupport.java:175)&#10;        at java.util.concurrent.locks.AbstractQueuedSynchronizer$ConditionObject.await(AbstractQueuedSynchronizer.java:2039)&#10;        at java.util.concurrent.ArrayBlockingQueue.take(ArrayBlockingQueue.java:403)&#10;        at java.util.concurrent.ThreadPoolExecutor.getTask(ThreadPoolExecutor.java:1074)&#10;        at java.util.concurrent.ThreadPoolExecutor.runWorker(ThreadPoolExecutor.java:1134)&#10;        at java.util.concurrent.ThreadPoolExecutor$Worker.run(ThreadPoolExecutor.java:624)&#10;        at java.lang.Thread.run(Thread.java:748)&#10;&quot;Command processor thread&quot; daemon prio=5 tid=389 timed_waiting&#10;java.lang.Thread.State: TIMED_WAITING&#10;        at java.lang.Thread.sleep(Native Method)&#10;        at org.apache.hadoop.ozone.container.common.statemachine.DatanodeStateMachine.lambda$initCommandHandlerThread$1(DatanodeStateMachine.java:439)&#10;        at org.apache.hadoop.ozone.container.common.statemachine.DatanodeStateMachine$$Lambda$140/804134309.run(Unknown Source)&#10;        at java.lang.Thread.run(Thread.java:748)&#10;&quot;pool-131-thread-6&quot;  prio=5 tid=757 in Object.wait()&#10;java.lang.Thread.State: WAITING (on object monitor)&#10;        at sun.misc.Unsafe.park(Native Method)&#10;        at java.util.concurrent.locks.LockSupport.park(LockSupport.java:175)&#10;        at java.util.concurrent.locks.AbstractQueuedSynchronizer$ConditionObject.await(AbstractQueuedSynchronizer.java:2039)&#10;        at java.util.concurrent.ArrayBlockingQueue.take(ArrayBlockingQueue.java:403)&#10;        at java.util.concurrent.ThreadPoolExecutor.getTask(ThreadPoolExecutor.java:1074)&#10;        at java.util.concurrent.ThreadPoolExecutor.runWorker(ThreadPoolExecutor.java:1134)&#10;        at java.util.concurrent.ThreadPoolExecutor$Worker.run(ThreadPoolExecutor.java:624)&#10;        at java.lang.Thread.run(Thread.java:748)&#10;&quot;pool-68-thread-15&quot;  prio=5 tid=586 in Object.wait()&#10;java.lang.Thread.State: WAITING (on object monitor)&#10;        at sun.misc.Unsafe.park(Native Method)&#10;        at java.util.concurrent.locks.LockSupport.park(LockSupport.java:175)&#10;        at java.util.concurrent.locks.AbstractQueuedSynchronizer$ConditionObject.await(AbstractQueuedSynchronizer.java:2039)&#10;        at java.util.concurrent.ArrayBlockingQueue.take(ArrayBlockingQueue.java:403)&#10;        at java.util.concurrent.ThreadPoolExecutor.getTask(ThreadPoolExecutor.java:1074)&#10;        at java.util.concurrent.ThreadPoolExecutor.runWorker(ThreadPoolExecutor.java:1134)&#10;        at java.util.concurrent.ThreadPoolExecutor$Worker.run(ThreadPoolExecutor.java:624)&#10;        at java.lang.Thread.run(Thread.java:748)&#10;&quot;pool-26-thread-17&quot;  prio=5 tid=467 in Object.wait()&#10;java.lang.Thread.State: WAITING (on object monitor)&#10;        at sun.misc.Unsafe.park(Native Method)&#10;        at java.util.concurrent.locks.LockSupport.park(LockSupport.java:175)&#10;        at java.util.concurrent.locks.AbstractQueuedSynchronizer$ConditionObject.await(AbstractQueuedSynchronizer.java:2039)&#10;        at java.util.concurrent.ArrayBlockingQueue.take(ArrayBlockingQueue.java:403)&#10;        at java.util.concurrent.ThreadPoolExecutor.getTask(ThreadPoolExecutor.java:1074)&#10;        at java.util.concurrent.ThreadPoolExecutor.runWorker(ThreadPoolExecutor.java:1134)&#10;        at java.util.concurrent.ThreadPoolExecutor$Worker.run(ThreadPoolExecutor.java:624)&#10;        at java.lang.Thread.run(Thread.java:748)&#10;&quot;pool-194-thread-34&quot;  prio=5 tid=965 in Object.wait()&#10;java.lang.Thread.State: WAITING (on object monitor)&#10;        at sun.misc.Unsafe.park(Native Method)&#10;        at java.util.concurrent.locks.LockSupport.park(LockSupport.java:175)&#10;        at java.util.concurrent.locks.AbstractQueuedSynchronizer$ConditionObject.await(AbstractQueuedSynchronizer.java:2039)&#10;        at java.util.concurrent.ArrayBlockingQueue.take(ArrayBlockingQueue.java:403)&#10;        at java.util.concurrent.ThreadPoolExecutor.getTask(ThreadPoolExecutor.java:1074)&#10;        at java.util.concurrent.ThreadPoolExecutor.runWorker(ThreadPoolExecutor.java:1134)&#10;        at java.util.concurrent.ThreadPoolExecutor$Worker.run(ThreadPoolExecutor.java:624)&#10;        at java.lang.Thread.run(Thread.java:748)&#10;&quot;org.eclipse.jetty.server.session.HashSessionManager@6598caabTimer&quot; daemon prio=5 tid=408 timed_waiting&#10;java.lang.Thread.State: TIMED_WAITING&#10;        at sun.misc.Unsafe.park(Native Method)&#10;        at java.util.concurrent.locks.LockSupport.parkNanos(LockSupport.java:215)&#10;        at java.util.concurrent.locks.AbstractQueuedSynchronizer$ConditionObject.awaitNanos(AbstractQueuedSynchronizer.java:2078)&#10;        at java.util.concurrent.ScheduledThreadPoolExecutor$DelayedWorkQueue.take(ScheduledThreadPoolExecutor.java:1093)&#10;        at java.util.concurrent.ScheduledThreadPoolExecutor$DelayedWorkQueue.take(ScheduledThreadPoolExecutor.java:809)&#10;        at java.util.concurrent.ThreadPoolExecutor.getTask(ThreadPoolExecutor.java:1074)&#10;        at java.util.concurrent.ThreadPoolExecutor.runWorker(ThreadPoolExecutor.java:1134)&#10;        at java.util.concurrent.ThreadPoolExecutor$Worker.run(ThreadPoolExecutor.java:624)&#10;        at java.lang.Thread.run(Thread.java:748)&#10;&quot;grpc-default-executor-3&quot; daemon prio=5 tid=1213 timed_waiting&#10;java.lang.Thread.State: TIMED_WAITING&#10;        at sun.misc.Unsafe.park(Native Method)&#10;        at java.util.concurrent.locks.LockSupport.parkNanos(LockSupport.java:215)&#10;        at java.util.concurrent.SynchronousQueue$TransferStack.awaitFulfill(SynchronousQueue.java:460)&#10;        at java.util.concurrent.SynchronousQueue$TransferStack.transfer(SynchronousQueue.java:362)&#10;        at java.util.concurrent.SynchronousQueue.poll(SynchronousQueue.java:941)&#10;        at java.util.concurrent.ThreadPoolExecutor.getTask(ThreadPoolExecutor.java:1073)&#10;        at java.util.concurrent.ThreadPoolExecutor.runWorker(ThreadPoolExecutor.java:1134)&#10;        at java.util.concurrent.ThreadPoolExecutor$Worker.run(ThreadPoolExecutor.java:624)&#10;        at java.lang.Thread.run(Thread.java:748)&#10;&quot;22b2fce2-e0c4-4bfe-a1ac-a7ae08b7b321-RaftLogWorker&quot;  prio=5 tid=1145 timed_waiting&#10;java.lang.Thread.State: TIMED_WAITING&#10;        at sun.misc.Unsafe.park(Native Method)&#10;        at java.util.concurrent.locks.LockSupport.parkNanos(LockSupport.java:215)&#10;        at java.util.concurrent.locks.AbstractQueuedSynchronizer$ConditionObject.awaitNanos(AbstractQueuedSynchronizer.java:2078)&#10;        at org.apache.ratis.util.DataBlockingQueue.poll(DataBlockingQueue.java:137)&#10;        at org.apache.ratis.server.storage.RaftLogWorker.run(RaftLogWorker.java:216)&#10;        at java.lang.Thread.run(Thread.java:748)&#10;&quot;pool-131-thread-7&quot;  prio=5 tid=758 in Object.wait()&#10;java.lang.Thread.State: WAITING (on object monitor)&#10;        at sun.misc.Unsafe.park(Native Method)&#10;        at java.util.concurrent.locks.LockSupport.park(LockSupport.java:175)&#10;        at java.util.concurrent.locks.AbstractQueuedSynchronizer$ConditionObject.await(AbstractQueuedSynchronizer.java:2039)&#10;        at java.util.concurrent.ArrayBlockingQueue.take(ArrayBlockingQueue.java:403)&#10;        at java.util.concurrent.ThreadPoolExecutor.getTask(ThreadPoolExecutor.java:1074)&#10;        at java.util.concurrent.ThreadPoolExecutor.runWorker(ThreadPoolExecutor.java:1134)&#10;        at java.util.concurrent.ThreadPoolExecutor$Worker.run(ThreadPoolExecutor.java:624)&#10;        at java.lang.Thread.run(Thread.java:748)&#10;&quot;pool-68-thread-9&quot;  prio=5 tid=580 in Object.wait()&#10;java.lang.Thread.State: WAITING (on object monitor)&#10;        at sun.misc.Unsafe.park(Native Method)&#10;        at java.util.concurrent.locks.LockSupport.park(LockSupport.java:175)&#10;        at java.util.concurrent.locks.AbstractQueuedSynchronizer$ConditionObject.await(AbstractQueuedSynchronizer.java:2039)&#10;        at java.util.concurrent.ArrayBlockingQueue.take(ArrayBlockingQueue.java:403)&#10;        at java.util.concurrent.ThreadPoolExecutor.getTask(ThreadPoolExecutor.java:1074)&#10;        at java.util.concurrent.ThreadPoolExecutor.runWorker(ThreadPoolExecutor.java:1134)&#10;        at java.util.concurrent.ThreadPoolExecutor$Worker.run(ThreadPoolExecutor.java:624)&#10;        at java.lang.Thread.run(Thread.java:748)&#10;&quot;BlockDeletingService#1&quot; daemon prio=5 tid=368 timed_waiting&#10;java.lang.Thread.State: TIMED_WAITING&#10;        at sun.misc.Unsafe.park(Native Method)&#10;        at java.util.concurrent.locks.LockSupport.parkNanos(LockSupport.java:215)&#10;        at java.util.concurrent.locks.AbstractQueuedSynchronizer$ConditionObject.awaitNanos(AbstractQueuedSynchronizer.java:2078)&#10;        at java.util.concurrent.ScheduledThreadPoolExecutor$DelayedWorkQueue.take(ScheduledThreadPoolExecutor.java:1093)&#10;        at java.util.concurrent.ScheduledThreadPoolExecutor$DelayedWorkQueue.take(ScheduledThreadPoolExecutor.java:809)&#10;        at java.util.concurrent.ThreadPoolExecutor.getTask(ThreadPoolExecutor.java:1074)&#10;        at java.util.concurrent.ThreadPoolExecutor.runWorker(ThreadPoolExecutor.java:1134)&#10;        at java.util.concurrent.ThreadPoolExecutor$Worker.run(ThreadPoolExecutor.java:624)&#10;        at java.lang.Thread.run(Thread.java:748)&#10;&quot;pool-131-thread-27&quot;  prio=5 tid=778 in Object.wait()&#10;java.lang.Thread.State: WAITING (on object monitor)&#10;        at sun.misc.Unsafe.park(Native Method)&#10;        at java.util.concurrent.locks.LockSupport.park(LockSupport.java:175)&#10;        at java.util.concurrent.locks.AbstractQueuedSynchronizer$ConditionObject.await(AbstractQueuedSynchronizer.java:2039)&#10;        at java.util.concurrent.ArrayBlockingQueue.take(ArrayBlockingQueue.java:403)&#10;        at java.util.concurrent.ThreadPoolExecutor.getTask(ThreadPoolExecutor.java:1074)&#10;        at java.util.concurrent.ThreadPoolExecutor.runWorker(ThreadPoolExecutor.java:1134)&#10;        at java.util.concurrent.ThreadPoolExecutor$Worker.run(ThreadPoolExecutor.java:624)&#10;        at java.lang.Thread.run(Thread.java:748)&#10;&quot;Thread-346&quot; daemon prio=5 tid=1159 timed_waiting&#10;java.lang.Thread.State: TIMED_WAITING&#10;        at java.lang.Thread.sleep(Native Method)&#10;        at org.apache.ratis.server.impl.FollowerState.run(FollowerState.java:94)&#10;&quot;pool-215-thread-28&quot;  prio=5 tid=1019 in Object.wait()&#10;java.lang.Thread.State: WAITING (on object monitor)&#10;        at sun.misc.Unsafe.park(Native Method)&#10;        at java.util.concurrent.locks.LockSupport.park(LockSupport.java:175)&#10;        at java.util.concurrent.locks.AbstractQueuedSynchronizer$ConditionObject.await(AbstractQueuedSynchronizer.java:2039)&#10;        at java.util.concurrent.ArrayBlockingQueue.take(ArrayBlockingQueue.java:403)&#10;        at java.util.concurrent.ThreadPoolExecutor.getTask(ThreadPoolExecutor.java:1074)&#10;        at java.util.concurrent.ThreadPoolExecutor.runWorker(ThreadPoolExecutor.java:1134)&#10;        at java.util.concurrent.ThreadPoolExecutor$Worker.run(ThreadPoolExecutor.java:624)&#10;        at java.lang.Thread.run(Thread.java:748)&#10;&quot;pool-173-thread-34&quot;  prio=5 tid=905 in Object.wait()&#10;java.lang.Thread.State: WAITING (on object monitor)&#10;        at sun.misc.Unsafe.park(Native Method)&#10;        at java.util.concurrent.locks.LockSupport.park(LockSupport.java:175)&#10;        at java.util.concurrent.locks.AbstractQueuedSynchronizer$ConditionObject.await(AbstractQueuedSynchronizer.java:2039)&#10;        at java.util.concurrent.ArrayBlockingQueue.take(ArrayBlockingQueue.java:403)&#10;        at java.util.concurrent.ThreadPoolExecutor.getTask(ThreadPoolExecutor.java:1074)&#10;        at java.util.concurrent.ThreadPoolExecutor.runWorker(ThreadPoolExecutor.java:1134)&#10;        at java.util.concurrent.ThreadPoolExecutor$Worker.run(ThreadPoolExecutor.java:624)&#10;        at java.lang.Thread.run(Thread.java:748)&#10;&#10;" type="java.util.concurrent.TimeoutException">java.util.concurrent.TimeoutException: 
Timed out waiting for condition. Thread diagnostics:
Timestamp: 2019-06-13 08:53:49,323

"Datanode State Machine Thread - 0" daemon prio=5 tid=212 timed_waiting
java.lang.Thread.State: TIMED_WAITING
        at sun.misc.Unsafe.park(Native Method)
        at java.util.concurrent.locks.LockSupport.parkNanos(LockSupport.java:215)
        at java.util.concurrent.SynchronousQueue$TransferStack.awaitFulfill(SynchronousQueue.java:460)
        at java.util.concurrent.SynchronousQueue$TransferStack.transfer(SynchronousQueue.java:362)
        at java.util.concurrent.SynchronousQueue.poll(SynchronousQueue.java:941)
        at java.util.concurrent.ThreadPoolExecutor.getTask(ThreadPoolExecutor.java:1073)
        at java.util.concurrent.ThreadPoolExecutor.runWorker(ThreadPoolExecutor.java:1134)
        at java.util.concurrent.ThreadPoolExecutor$Worker.run(ThreadPoolExecutor.java:624)
        at java.lang.Thread.run(Thread.java:748)
"Datanode ReportManager Thread - 2" daemon prio=5 tid=327 in Object.wait()
java.lang.Thread.State: WAITING (on object monitor)
        at sun.misc.Unsafe.park(Native Method)
        at java.util.concurrent.locks.LockSupport.park(LockSupport.java:175)
        at java.util.concurrent.locks.AbstractQueuedSynchronizer$ConditionObject.await(AbstractQueuedSynchronizer.java:2039)
        at java.util.concurrent.ScheduledThreadPoolExecutor$DelayedWorkQueue.take(ScheduledThreadPoolExecutor.java:1088)
        at java.util.concurrent.ScheduledThreadPoolExecutor$DelayedWorkQueue.take(ScheduledThreadPoolExecutor.java:809)
        at java.util.concurrent.ThreadPoolExecutor.getTask(ThreadPoolExecutor.java:1074)
        at java.util.concurrent.ThreadPoolExecutor.runWorker(ThreadPoolExecutor.java:1134)
        at java.util.concurrent.ThreadPoolExecutor$Worker.run(ThreadPoolExecutor.java:624)
        at java.lang.Thread.run(Thread.java:748)
"qtp630669831-253" daemon prio=5 tid=253 timed_waiting
java.lang.Thread.State: TIMED_WAITING
        at sun.misc.Unsafe.park(Native Method)
        at java.util.concurrent.locks.LockSupport.parkNanos(LockSupport.java:215)
        at java.util.concurrent.locks.AbstractQueuedSynchronizer$ConditionObject.awaitNanos(AbstractQueuedSynchronizer.java:2078)
        at org.eclipse.jetty.util.BlockingArrayQueue.poll(BlockingArrayQueue.java:392)
        at org.eclipse.jetty.util.thread.QueuedThreadPool.idleJobPoll(QueuedThreadPool.java:563)
        at org.eclipse.jetty.util.thread.QueuedThreadPool.access$800(QueuedThreadPool.java:48)
        at org.eclipse.jetty.util.thread.QueuedThreadPool$2.run(QueuedThreadPool.java:626)
        at java.lang.Thread.run(Thread.java:748)
"pool-173-thread-55"  prio=5 tid=926 in Object.wait()
java.lang.Thread.State: WAITING (on object monitor)
        at sun.misc.Unsafe.park(Native Method)
        at java.util.concurrent.locks.LockSupport.park(LockSupport.java:175)
        at java.util.concurrent.locks.AbstractQueuedSynchronizer$ConditionObject.await(AbstractQueuedSynchronizer.java:2039)
        at java.util.concurrent.ArrayBlockingQueue.take(ArrayBlockingQueue.java:403)
        at java.util.concurrent.ThreadPoolExecutor.getTask(ThreadPoolExecutor.java:1074)
        at java.util.concurrent.ThreadPoolExecutor.runWorker(ThreadPoolExecutor.java:1134)
        at java.util.concurrent.ThreadPoolExecutor$Worker.run(ThreadPoolExecutor.java:624)
        at java.lang.Thread.run(Thread.java:748)
"pool-152-thread-14"  prio=5 tid=825 in Object.wait()
java.lang.Thread.State: WAITING (on object monitor)
        at sun.misc.Unsafe.park(Native Method)
        at java.util.concurrent.locks.LockSupport.park(LockSupport.java:175)
        at java.util.concurrent.locks.AbstractQueuedSynchronizer$ConditionObject.await(AbstractQueuedSynchronizer.java:2039)
        at java.util.concurrent.ArrayBlockingQueue.take(ArrayBlockingQueue.java:403)
        at java.util.concurrent.ThreadPoolExecutor.getTask(ThreadPoolExecutor.java:1074)
        at java.util.concurrent.ThreadPoolExecutor.runWorker(ThreadPoolExecutor.java:1134)
        at java.util.concurrent.ThreadPoolExecutor$Worker.run(ThreadPoolExecutor.java:624)
        at java.lang.Thread.run(Thread.java:748)
"pool-194-thread-15"  prio=5 tid=946 in Object.wait()
java.lang.Thread.State: WAITING (on object monitor)
        at sun.misc.Unsafe.park(Native Method)
        at java.util.concurrent.locks.LockSupport.park(LockSupport.java:175)
        at java.util.concurrent.locks.AbstractQueuedSynchronizer$ConditionObject.await(AbstractQueuedSynchronizer.java:2039)
        at java.util.concurrent.ArrayBlockingQueue.take(ArrayBlockingQueue.java:403)
        at java.util.concurrent.ThreadPoolExecutor.getTask(ThreadPoolExecutor.java:1074)
        at java.util.concurrent.ThreadPoolExecutor.runWorker(ThreadPoolExecutor.java:1134)
        at java.util.concurrent.ThreadPoolExecutor$Worker.run(ThreadPoolExecutor.java:624)
        at java.lang.Thread.run(Thread.java:748)
"IPC Server handler 7 on 46447" daemon prio=5 tid=57 timed_waiting
java.lang.Thread.State: TIMED_WAITING
        at sun.misc.Unsafe.park(Native Method)
        at java.util.concurrent.locks.LockSupport.parkNanos(LockSupport.java:215)
        at java.util.concurrent.locks.AbstractQueuedSynchronizer$ConditionObject.awaitNanos(AbstractQueuedSynchronizer.java:2078)
        at java.util.concurrent.LinkedBlockingQueue.poll(LinkedBlockingQueue.java:467)
        at org.apache.hadoop.ipc.CallQueueManager.take(CallQueueManager.java:288)
        at org.apache.hadoop.ipc.Server$Handler.run(Server.java:2668)
"Periodic HDDS volume checker"  prio=5 tid=177 timed_waiting
java.lang.Thread.State: TIMED_WAITING
        at sun.misc.Unsafe.park(Native Method)
        at java.util.concurrent.locks.LockSupport.parkNanos(LockSupport.java:215)
        at java.util.concurrent.locks.AbstractQueuedSynchronizer$ConditionObject.awaitNanos(AbstractQueuedSynchronizer.java:2078)
        at java.util.concurrent.ScheduledThreadPoolExecutor$DelayedWorkQueue.take(ScheduledThreadPoolExecutor.java:1093)
        at java.util.concurrent.ScheduledThreadPoolExecutor$DelayedWorkQueue.take(ScheduledThreadPoolExecutor.java:809)
        at java.util.concurrent.ThreadPoolExecutor.getTask(ThreadPoolExecutor.java:1074)
        at java.util.concurrent.ThreadPoolExecutor.runWorker(ThreadPoolExecutor.java:1134)
        at java.util.concurrent.ThreadPoolExecutor$Worker.run(ThreadPoolExecutor.java:624)
        at java.lang.Thread.run(Thread.java:748)
"org.eclipse.jetty.server.session.HashSessionManager@1e01b133Timer" daemon prio=5 tid=198 timed_waiting
java.lang.Thread.State: TIMED_WAITING
        at sun.misc.Unsafe.park(Native Method)
        at java.util.concurrent.locks.LockSupport.parkNanos(LockSupport.java:215)
        at java.util.concurrent.locks.AbstractQueuedSynchronizer$ConditionObject.awaitNanos(AbstractQueuedSynchronizer.java:2078)
        at java.util.concurrent.ScheduledThreadPoolExecutor$DelayedWorkQueue.take(ScheduledThreadPoolExecutor.java:1093)
        at java.util.concurrent.ScheduledThreadPoolExecutor$DelayedWorkQueue.take(ScheduledThreadPoolExecutor.java:809)
        at java.util.concurrent.ThreadPoolExecutor.getTask(ThreadPoolExecutor.java:1074)
        at java.util.concurrent.ThreadPoolExecutor.runWorker(ThreadPoolExecutor.java:1134)
        at java.util.concurrent.ThreadPoolExecutor$Worker.run(ThreadPoolExecutor.java:624)
        at java.lang.Thread.run(Thread.java:748)
"pool-152-thread-2"  prio=5 tid=813 in Object.wait()
java.lang.Thread.State: WAITING (on object monitor)
        at sun.misc.Unsafe.park(Native Method)
        at java.util.concurrent.locks.LockSupport.park(LockSupport.java:175)
        at java.util.concurrent.locks.AbstractQueuedSynchronizer$ConditionObject.await(AbstractQueuedSynchronizer.java:2039)
        at java.util.concurrent.ArrayBlockingQueue.take(ArrayBlockingQueue.java:403)
        at java.util.concurrent.ThreadPoolExecutor.getTask(ThreadPoolExecutor.java:1074)
        at java.util.concurrent.ThreadPoolExecutor.runWorker(ThreadPoolExecutor.java:1134)
        at java.util.concurrent.ThreadPoolExecutor$Worker.run(ThreadPoolExecutor.java:624)
        at java.lang.Thread.run(Thread.java:748)
"pool-110-thread-27"  prio=5 tid=718 in Object.wait()
java.lang.Thread.State: WAITING (on object monitor)
        at sun.misc.Unsafe.park(Native Method)
        at java.util.concurrent.locks.LockSupport.park(LockSupport.java:175)
        at java.util.concurrent.locks.AbstractQueuedSynchronizer$ConditionObject.await(AbstractQueuedSynchronizer.java:2039)
        at java.util.concurrent.ArrayBlockingQueue.take(ArrayBlockingQueue.java:403)
        at java.util.concurrent.ThreadPoolExecutor.getTask(ThreadPoolExecutor.java:1074)
        at java.util.concurrent.ThreadPoolExecutor.runWorker(ThreadPoolExecutor.java:1134)
        at java.util.concurrent.ThreadPoolExecutor$Worker.run(ThreadPoolExecutor.java:624)
        at java.lang.Thread.run(Thread.java:748)
"pool-47-thread-4"  prio=5 tid=515 in Object.wait()
java.lang.Thread.State: WAITING (on object monitor)
        at sun.misc.Unsafe.park(Native Method)
        at java.util.concurrent.locks.LockSupport.park(LockSupport.java:175)
        at java.util.concurrent.locks.AbstractQueuedSynchronizer$ConditionObject.await(AbstractQueuedSynchronizer.java:2039)
        at java.util.concurrent.ArrayBlockingQueue.take(ArrayBlockingQueue.java:403)
        at java.util.concurrent.ThreadPoolExecutor.getTask(ThreadPoolExecutor.java:1074)
        at java.util.concurrent.ThreadPoolExecutor.runWorker(ThreadPoolExecutor.java:1134)
        at java.util.concurrent.ThreadPoolExecutor$Worker.run(ThreadPoolExecutor.java:624)
        at java.lang.Thread.run(Thread.java:748)
"pool-131-thread-48"  prio=5 tid=799 in Object.wait()
java.lang.Thread.State: WAITING (on object monitor)
        at sun.misc.Unsafe.park(Native Method)
        at java.util.concurrent.locks.LockSupport.park(LockSupport.java:175)
        at java.util.concurrent.locks.AbstractQueuedSynchronizer$ConditionObject.await(AbstractQueuedSynchronizer.java:2039)
        at java.util.concurrent.ArrayBlockingQueue.take(ArrayBlockingQueue.java:403)
        at java.util.concurrent.ThreadPoolExecutor.getTask(ThreadPoolExecutor.java:1074)
        at java.util.concurrent.ThreadPoolExecutor.runWorker(ThreadPoolExecutor.java:1134)
        at java.util.concurrent.ThreadPoolExecutor$Worker.run(ThreadPoolExecutor.java:624)
        at java.lang.Thread.run(Thread.java:748)
"pool-152-thread-6"  prio=5 tid=817 in Object.wait()
java.lang.Thread.State: WAITING (on object monitor)
        at sun.misc.Unsafe.park(Native Method)
        at java.util.concurrent.locks.LockSupport.park(LockSupport.java:175)
        at java.util.concurrent.locks.AbstractQueuedSynchronizer$ConditionObject.await(AbstractQueuedSynchronizer.java:2039)
        at java.util.concurrent.ArrayBlockingQueue.take(ArrayBlockingQueue.java:403)
        at java.util.concurrent.ThreadPoolExecutor.getTask(ThreadPoolExecutor.java:1074)
        at java.util.concurrent.ThreadPoolExecutor.runWorker(ThreadPoolExecutor.java:1134)
        at java.util.concurrent.ThreadPoolExecutor$Worker.run(ThreadPoolExecutor.java:624)
        at java.lang.Thread.run(Thread.java:748)
"refreshUsed-/opt/src/hadoop-ozone/integration-test/target/test-dir/MiniOzoneClusterImpl-add696fe-84ac-4b45-a2ee-012b057e1087/datanode-6/data/containers" daemon prio=5 tid=333 timed_waiting
java.lang.Thread.State: TIMED_WAITING
        at java.lang.Thread.sleep(Native Method)
        at org.apache.hadoop.fs.CachingGetSpaceUsed$RefreshThread.run(CachingGetSpaceUsed.java:179)
        at java.lang.Thread.run(Thread.java:748)
"Datanode ReportManager Thread - 0" daemon prio=5 tid=173 in Object.wait()
java.lang.Thread.State: WAITING (on object monitor)
        at sun.misc.Unsafe.park(Native Method)
        at java.util.concurrent.locks.LockSupport.park(LockSupport.java:175)
        at java.util.concurrent.locks.AbstractQueuedSynchronizer$ConditionObject.await(AbstractQueuedSynchronizer.java:2039)
        at java.util.concurrent.ScheduledThreadPoolExecutor$DelayedWorkQueue.take(ScheduledThreadPoolExecutor.java:1088)
        at java.util.concurrent.ScheduledThreadPoolExecutor$DelayedWorkQueue.take(ScheduledThreadPoolExecutor.java:809)
        at java.util.concurrent.ThreadPoolExecutor.getTask(ThreadPoolExecutor.java:1074)
        at java.util.concurrent.ThreadPoolExecutor.runWorker(ThreadPoolExecutor.java:1134)
        at java.util.concurrent.ThreadPoolExecutor$Worker.run(ThreadPoolExecutor.java:624)
        at java.lang.Thread.run(Thread.java:748)
"IPC Server handler 19 on 33423" daemon prio=5 tid=49 timed_waiting
java.lang.Thread.State: TIMED_WAITING
        at sun.misc.Unsafe.park(Native Method)
        at java.util.concurrent.locks.LockSupport.parkNanos(LockSupport.java:215)
        at java.util.concurrent.locks.AbstractQueuedSynchronizer$ConditionObject.awaitNanos(AbstractQueuedSynchronizer.java:2078)
        at java.util.concurrent.LinkedBlockingQueue.poll(LinkedBlockingQueue.java:467)
        at org.apache.hadoop.ipc.CallQueueManager.take(CallQueueManager.java:288)
        at org.apache.hadoop.ipc.Server$Handler.run(Server.java:2668)
"IPC Server handler 17 on 33779" daemon prio=5 tid=87 timed_waiting
java.lang.Thread.State: TIMED_WAITING
        at sun.misc.Unsafe.park(Native Method)
        at java.util.concurrent.locks.LockSupport.parkNanos(LockSupport.java:215)
        at java.util.concurrent.locks.AbstractQueuedSynchronizer$ConditionObject.awaitNanos(AbstractQueuedSynchronizer.java:2078)
        at java.util.concurrent.LinkedBlockingQueue.poll(LinkedBlockingQueue.java:467)
        at org.apache.hadoop.ipc.CallQueueManager.take(CallQueueManager.java:288)
        at org.apache.hadoop.ipc.Server$Handler.run(Server.java:2668)
"pool-131-thread-12"  prio=5 tid=763 in Object.wait()
java.lang.Thread.State: WAITING (on object monitor)
        at sun.misc.Unsafe.park(Native Method)
        at java.util.concurrent.locks.LockSupport.park(LockSupport.java:175)
        at java.util.concurrent.locks.AbstractQueuedSynchronizer$ConditionObject.await(AbstractQueuedSynchronizer.java:2039)
        at java.util.concurrent.ArrayBlockingQueue.take(ArrayBlockingQueue.java:403)
        at java.util.concurrent.ThreadPoolExecutor.getTask(ThreadPoolExecutor.java:1074)
        at java.util.concurrent.ThreadPoolExecutor.runWorker(ThreadPoolExecutor.java:1134)
        at java.util.concurrent.ThreadPoolExecutor$Worker.run(ThreadPoolExecutor.java:624)
        at java.lang.Thread.run(Thread.java:748)
"org.eclipse.jetty.server.session.HashSessionManager@34c53688Timer" daemon prio=5 tid=259 timed_waiting
java.lang.Thread.State: TIMED_WAITING
        at sun.misc.Unsafe.park(Native Method)
        at java.util.concurrent.locks.LockSupport.parkNanos(LockSupport.java:215)
        at java.util.concurrent.locks.AbstractQueuedSynchronizer$ConditionObject.awaitNanos(AbstractQueuedSynchronizer.java:2078)
        at java.util.concurrent.ScheduledThreadPoolExecutor$DelayedWorkQueue.take(ScheduledThreadPoolExecutor.java:1093)
        at java.util.concurrent.ScheduledThreadPoolExecutor$DelayedWorkQueue.take(ScheduledThreadPoolExecutor.java:809)
        at java.util.concurrent.ThreadPoolExecutor.getTask(ThreadPoolExecutor.java:1074)
        at java.util.concurrent.ThreadPoolExecutor.runWorker(ThreadPoolExecutor.java:1134)
        at java.util.concurrent.ThreadPoolExecutor$Worker.run(ThreadPoolExecutor.java:624)
        at java.lang.Thread.run(Thread.java:748)
"qtp630669831-252" daemon prio=5 tid=252 timed_waiting
java.lang.Thread.State: TIMED_WAITING
        at sun.misc.Unsafe.park(Native Method)
        at java.util.concurrent.locks.LockSupport.parkNanos(LockSupport.java:215)
        at java.util.concurrent.locks.AbstractQueuedSynchronizer$ConditionObject.awaitNanos(AbstractQueuedSynchronizer.java:2078)
        at org.eclipse.jetty.util.BlockingArrayQueue.poll(BlockingArrayQueue.java:392)
        at org.eclipse.jetty.util.thread.QueuedThreadPool.idleJobPoll(QueuedThreadPool.java:563)
        at org.eclipse.jetty.util.thread.QueuedThreadPool.access$800(QueuedThreadPool.java:48)
        at org.eclipse.jetty.util.thread.QueuedThreadPool$2.run(QueuedThreadPool.java:626)
        at java.lang.Thread.run(Thread.java:748)
"pool-131-thread-57"  prio=5 tid=808 in Object.wait()
java.lang.Thread.State: WAITING (on object monitor)
        at sun.misc.Unsafe.park(Native Method)
        at java.util.concurrent.locks.LockSupport.park(LockSupport.java:175)
        at java.util.concurrent.locks.AbstractQueuedSynchronizer$ConditionObject.await(AbstractQueuedSynchronizer.java:2039)
        at java.util.concurrent.ArrayBlockingQueue.take(ArrayBlockingQueue.java:403)
        at java.util.concurrent.ThreadPoolExecutor.getTask(ThreadPoolExecutor.java:1074)
        at java.util.concurrent.ThreadPoolExecutor.runWorker(ThreadPoolExecutor.java:1134)
        at java.util.concurrent.ThreadPoolExecutor$Worker.run(ThreadPoolExecutor.java:624)
        at java.lang.Thread.run(Thread.java:748)
"qtp602280210-313" daemon prio=5 tid=313 timed_waiting
java.lang.Thread.State: TIMED_WAITING
        at sun.misc.Unsafe.park(Native Method)
        at java.util.concurrent.locks.LockSupport.parkNanos(LockSupport.java:215)
        at java.util.concurrent.locks.AbstractQueuedSynchronizer$ConditionObject.awaitNanos(AbstractQueuedSynchronizer.java:2078)
        at org.eclipse.jetty.util.BlockingArrayQueue.poll(BlockingArrayQueue.java:392)
        at org.eclipse.jetty.util.thread.QueuedThreadPool.idleJobPoll(QueuedThreadPool.java:563)
        at org.eclipse.jetty.util.thread.QueuedThreadPool.access$800(QueuedThreadPool.java:48)
        at org.eclipse.jetty.util.thread.QueuedThreadPool$2.run(QueuedThreadPool.java:626)
        at java.lang.Thread.run(Thread.java:748)
"IPC Server listener on 33779" daemon prio=5 tid=15 runnable
java.lang.Thread.State: RUNNABLE
        at sun.nio.ch.EPollArrayWrapper.epollWait(Native Method)
        at sun.nio.ch.EPollArrayWrapper.poll(EPollArrayWrapper.java:269)
        at sun.nio.ch.EPollSelectorImpl.doSelect(EPollSelectorImpl.java:93)
        at sun.nio.ch.SelectorImpl.lockAndDoSelect(SelectorImpl.java:86)
        at sun.nio.ch.SelectorImpl.select(SelectorImpl.java:97)
        at sun.nio.ch.SelectorImpl.select(SelectorImpl.java:101)
        at org.apache.hadoop.ipc.Server$Listener.run(Server.java:1159)
"pool-6-thread-1"  prio=5 tid=27 timed_waiting
java.lang.Thread.State: TIMED_WAITING
        at sun.misc.Unsafe.park(Native Method)
        at java.util.concurrent.locks.LockSupport.parkNanos(LockSupport.java:215)
        at java.util.concurrent.locks.AbstractQueuedSynchronizer$ConditionObject.awaitNanos(AbstractQueuedSynchronizer.java:2078)
        at java.util.concurrent.ScheduledThreadPoolExecutor$DelayedWorkQueue.take(ScheduledThreadPoolExecutor.java:1093)
        at java.util.concurrent.ScheduledThreadPoolExecutor$DelayedWorkQueue.take(ScheduledThreadPoolExecutor.java:809)
        at java.util.concurrent.ThreadPoolExecutor.getTask(ThreadPoolExecutor.java:1074)
        at java.util.concurrent.ThreadPoolExecutor.runWorker(ThreadPoolExecutor.java:1134)
        at java.util.concurrent.ThreadPoolExecutor$Worker.run(ThreadPoolExecutor.java:624)
        at java.lang.Thread.run(Thread.java:748)
"BlockDeletingService#1" daemon prio=5 tid=278 timed_waiting
java.lang.Thread.State: TIMED_WAITING
        at sun.misc.Unsafe.park(Native Method)
        at java.util.concurrent.locks.LockSupport.parkNanos(LockSupport.java:215)
        at java.util.concurrent.locks.AbstractQueuedSynchronizer$ConditionObject.awaitNanos(AbstractQueuedSynchronizer.java:2078)
        at java.util.concurrent.ScheduledThreadPoolExecutor$DelayedWorkQueue.take(ScheduledThreadPoolExecutor.java:1093)
        at java.util.concurrent.ScheduledThreadPoolExecutor$DelayedWorkQueue.take(ScheduledThreadPoolExecutor.java:809)
        at java.util.concurrent.ThreadPoolExecutor.getTask(ThreadPoolExecutor.java:1074)
        at java.util.concurrent.ThreadPoolExecutor.runWorker(ThreadPoolExecutor.java:1134)
        at java.util.concurrent.ThreadPoolExecutor$Worker.run(ThreadPoolExecutor.java:624)
        at java.lang.Thread.run(Thread.java:748)
"e834f043-68c2-4690-911f-e774cd7c845d-RaftLogWorker"  prio=5 tid=1115 timed_waiting
java.lang.Thread.State: TIMED_WAITING
        at sun.misc.Unsafe.park(Native Method)
        at java.util.concurrent.locks.LockSupport.parkNanos(LockSupport.java:215)
        at java.util.concurrent.locks.AbstractQueuedSynchronizer$ConditionObject.awaitNanos(AbstractQueuedSynchronizer.java:2078)
        at org.apache.ratis.util.DataBlockingQueue.poll(DataBlockingQueue.java:137)
        at org.apache.ratis.server.storage.RaftLogWorker.run(RaftLogWorker.java:216)
        at java.lang.Thread.run(Thread.java:748)
"pool-68-thread-28"  prio=5 tid=599 in Object.wait()
java.lang.Thread.State: WAITING (on object monitor)
        at sun.misc.Unsafe.park(Native Method)
        at java.util.concurrent.locks.LockSupport.park(LockSupport.java:175)
        at java.util.concurrent.locks.AbstractQueuedSynchronizer$ConditionObject.await(AbstractQueuedSynchronizer.java:2039)
        at java.util.concurrent.ArrayBlockingQueue.take(ArrayBlockingQueue.java:403)
        at java.util.concurrent.ThreadPoolExecutor.getTask(ThreadPoolExecutor.java:1074)
        at java.util.concurrent.ThreadPoolExecutor.runWorker(ThreadPoolExecutor.java:1134)
        at java.util.concurrent.ThreadPoolExecutor$Worker.run(ThreadPoolExecutor.java:624)
        at java.lang.Thread.run(Thread.java:748)
"refreshUsed-/opt/src/hadoop-ozone/integration-test/target/test-dir/MiniOzoneClusterImpl-add696fe-84ac-4b45-a2ee-012b057e1087/datanode-4/data/containers" daemon prio=5 tid=273 timed_waiting
java.lang.Thread.State: TIMED_WAITING
        at java.lang.Thread.sleep(Native Method)
        at org.apache.hadoop.fs.CachingGetSpaceUsed$RefreshThread.run(CachingGetSpaceUsed.java:179)
        at java.lang.Thread.run(Thread.java:748)
"pool-26-thread-47"  prio=5 tid=497 in Object.wait()
java.lang.Thread.State: WAITING (on object monitor)
        at sun.misc.Unsafe.park(Native Method)
        at java.util.concurrent.locks.LockSupport.park(LockSupport.java:175)
        at java.util.concurrent.locks.AbstractQueuedSynchronizer$ConditionObject.await(AbstractQueuedSynchronizer.java:2039)
        at java.util.concurrent.ArrayBlockingQueue.take(ArrayBlockingQueue.java:403)
        at java.util.concurrent.ThreadPoolExecutor.getTask(ThreadPoolExecutor.java:1074)
        at java.util.concurrent.ThreadPoolExecutor.runWorker(ThreadPoolExecutor.java:1134)
        at java.util.concurrent.ThreadPoolExecutor$Worker.run(ThreadPoolExecutor.java:624)
        at java.lang.Thread.run(Thread.java:748)
"pool-26-thread-41"  prio=5 tid=491 in Object.wait()
java.lang.Thread.State: WAITING (on object monitor)
        at sun.misc.Unsafe.park(Native Method)
        at java.util.concurrent.locks.LockSupport.park(LockSupport.java:175)
        at java.util.concurrent.locks.AbstractQueuedSynchronizer$ConditionObject.await(AbstractQueuedSynchronizer.java:2039)
        at java.util.concurrent.ArrayBlockingQueue.take(ArrayBlockingQueue.java:403)
        at java.util.concurrent.ThreadPoolExecutor.getTask(ThreadPoolExecutor.java:1074)
        at java.util.concurrent.ThreadPoolExecutor.runWorker(ThreadPoolExecutor.java:1134)
        at java.util.concurrent.ThreadPoolExecutor$Worker.run(ThreadPoolExecutor.java:624)
        at java.lang.Thread.run(Thread.java:748)
"Datanode State Machine Thread - 0" daemon prio=5 tid=421 timed_waiting
java.lang.Thread.State: TIMED_WAITING
        at sun.misc.Unsafe.park(Native Method)
        at java.util.concurrent.locks.LockSupport.parkNanos(LockSupport.java:215)
        at java.util.concurrent.SynchronousQueue$TransferStack.awaitFulfill(SynchronousQueue.java:460)
        at java.util.concurrent.SynchronousQueue$TransferStack.transfer(SynchronousQueue.java:362)
        at java.util.concurrent.SynchronousQueue.poll(SynchronousQueue.java:941)
        at java.util.concurrent.ThreadPoolExecutor.getTask(ThreadPoolExecutor.java:1073)
        at java.util.concurrent.ThreadPoolExecutor.runWorker(ThreadPoolExecutor.java:1134)
        at java.util.concurrent.ThreadPoolExecutor$Worker.run(ThreadPoolExecutor.java:624)
        at java.lang.Thread.run(Thread.java:748)
"org.eclipse.jetty.server.session.HashSessionManager@2042ccceTimer" daemon prio=5 tid=168 timed_waiting
java.lang.Thread.State: TIMED_WAITING
        at sun.misc.Unsafe.park(Native Method)
        at java.util.concurrent.locks.LockSupport.parkNanos(LockSupport.java:215)
        at java.util.concurrent.locks.AbstractQueuedSynchronizer$ConditionObject.awaitNanos(AbstractQueuedSynchronizer.java:2078)
        at java.util.concurrent.ScheduledThreadPoolExecutor$DelayedWorkQueue.take(ScheduledThreadPoolExecutor.java:1093)
        at java.util.concurrent.ScheduledThreadPoolExecutor$DelayedWorkQueue.take(ScheduledThreadPoolExecutor.java:809)
        at java.util.concurrent.ThreadPoolExecutor.getTask(ThreadPoolExecutor.java:1074)
        at java.util.concurrent.ThreadPoolExecutor.runWorker(ThreadPoolExecutor.java:1134)
        at java.util.concurrent.ThreadPoolExecutor$Worker.run(ThreadPoolExecutor.java:624)
        at java.lang.Thread.run(Thread.java:748)
"cd0c8ecd-7ef6-4060-bf45-94f9de670313-RaftLogWorker"  prio=5 tid=1141 timed_waiting
java.lang.Thread.State: TIMED_WAITING
        at sun.misc.Unsafe.park(Native Method)
        at java.util.concurrent.locks.LockSupport.parkNanos(LockSupport.java:215)
        at java.util.concurrent.locks.AbstractQueuedSynchronizer$ConditionObject.awaitNanos(AbstractQueuedSynchronizer.java:2078)
        at org.apache.ratis.util.DataBlockingQueue.poll(DataBlockingQueue.java:137)
        at org.apache.ratis.server.storage.RaftLogWorker.run(RaftLogWorker.java:216)
        at java.lang.Thread.run(Thread.java:748)
"Datanode ReportManager Thread - 0" daemon prio=5 tid=233 in Object.wait()
java.lang.Thread.State: WAITING (on object monitor)
        at sun.misc.Unsafe.park(Native Method)
        at java.util.concurrent.locks.LockSupport.park(LockSupport.java:175)
        at java.util.concurrent.locks.AbstractQueuedSynchronizer$ConditionObject.await(AbstractQueuedSynchronizer.java:2039)
        at java.util.concurrent.ScheduledThreadPoolExecutor$DelayedWorkQueue.take(ScheduledThreadPoolExecutor.java:1088)
        at java.util.concurrent.ScheduledThreadPoolExecutor$DelayedWorkQueue.take(ScheduledThreadPoolExecutor.java:809)
        at java.util.concurrent.ThreadPoolExecutor.getTask(ThreadPoolExecutor.java:1074)
        at java.util.concurrent.ThreadPoolExecutor.runWorker(ThreadPoolExecutor.java:1134)
        at java.util.concurrent.ThreadPoolExecutor$Worker.run(ThreadPoolExecutor.java:624)
        at java.lang.Thread.run(Thread.java:748)
"pool-68-thread-54"  prio=5 tid=625 in Object.wait()
java.lang.Thread.State: WAITING (on object monitor)
        at sun.misc.Unsafe.park(Native Method)
        at java.util.concurrent.locks.LockSupport.park(LockSupport.java:175)
        at java.util.concurrent.locks.AbstractQueuedSynchronizer$ConditionObject.await(AbstractQueuedSynchronizer.java:2039)
        at java.util.concurrent.ArrayBlockingQueue.take(ArrayBlockingQueue.java:403)
        at java.util.concurrent.ThreadPoolExecutor.getTask(ThreadPoolExecutor.java:1074)
        at java.util.concurrent.ThreadPoolExecutor.runWorker(ThreadPoolExecutor.java:1134)
        at java.util.concurrent.ThreadPoolExecutor$Worker.run(ThreadPoolExecutor.java:624)
        at java.lang.Thread.run(Thread.java:748)
"pool-89-thread-16"  prio=5 tid=647 in Object.wait()
java.lang.Thread.State: WAITING (on object monitor)
        at sun.misc.Unsafe.park(Native Method)
        at java.util.concurrent.locks.LockSupport.park(LockSupport.java:175)
        at java.util.concurrent.locks.AbstractQueuedSynchronizer$ConditionObject.await(AbstractQueuedSynchronizer.java:2039)
        at java.util.concurrent.ArrayBlockingQueue.take(ArrayBlockingQueue.java:403)
        at java.util.concurrent.ThreadPoolExecutor.getTask(ThreadPoolExecutor.java:1074)
        at java.util.concurrent.ThreadPoolExecutor.runWorker(ThreadPoolExecutor.java:1134)
        at java.util.concurrent.ThreadPoolExecutor$Worker.run(ThreadPoolExecutor.java:624)
        at java.lang.Thread.run(Thread.java:748)
"Thread-394" daemon prio=5 tid=1207 timed_waiting
java.lang.Thread.State: TIMED_WAITING
        at java.lang.Thread.sleep(Native Method)
        at org.apache.ratis.server.impl.FollowerState.run(FollowerState.java:94)
"EventQueue-ContainerReportForContainerReportHandler" daemon prio=5 tid=1054 in Object.wait()
java.lang.Thread.State: WAITING (on object monitor)
        at sun.misc.Unsafe.park(Native Method)
        at java.util.concurrent.locks.LockSupport.park(LockSupport.java:175)
        at java.util.concurrent.locks.AbstractQueuedSynchronizer$ConditionObject.await(AbstractQueuedSynchronizer.java:2039)
        at java.util.concurrent.LinkedBlockingQueue.take(LinkedBlockingQueue.java:442)
        at java.util.concurrent.ThreadPoolExecutor.getTask(ThreadPoolExecutor.java:1074)
        at java.util.concurrent.ThreadPoolExecutor.runWorker(ThreadPoolExecutor.java:1134)
        at java.util.concurrent.ThreadPoolExecutor$Worker.run(ThreadPoolExecutor.java:624)
        at java.lang.Thread.run(Thread.java:748)
"pool-26-thread-51"  prio=5 tid=501 in Object.wait()
java.lang.Thread.State: WAITING (on object monitor)
        at sun.misc.Unsafe.park(Native Method)
        at java.util.concurrent.locks.LockSupport.park(LockSupport.java:175)
        at java.util.concurrent.locks.AbstractQueuedSynchronizer$ConditionObject.await(AbstractQueuedSynchronizer.java:2039)
        at java.util.concurrent.ArrayBlockingQueue.take(ArrayBlockingQueue.java:403)
        at java.util.concurrent.ThreadPoolExecutor.getTask(ThreadPoolExecutor.java:1074)
        at java.util.concurrent.ThreadPoolExecutor.runWorker(ThreadPoolExecutor.java:1134)
        at java.util.concurrent.ThreadPoolExecutor$Worker.run(ThreadPoolExecutor.java:624)
        at java.lang.Thread.run(Thread.java:748)
"pool-47-thread-25"  prio=5 tid=536 in Object.wait()
java.lang.Thread.State: WAITING (on object monitor)
        at sun.misc.Unsafe.park(Native Method)
        at java.util.concurrent.locks.LockSupport.park(LockSupport.java:175)
        at java.util.concurrent.locks.AbstractQueuedSynchronizer$ConditionObject.await(AbstractQueuedSynchronizer.java:2039)
        at java.util.concurrent.ArrayBlockingQueue.take(ArrayBlockingQueue.java:403)
        at java.util.concurrent.ThreadPoolExecutor.getTask(ThreadPoolExecutor.java:1074)
        at java.util.concurrent.ThreadPoolExecutor.runWorker(ThreadPoolExecutor.java:1134)
        at java.util.concurrent.ThreadPoolExecutor$Worker.run(ThreadPoolExecutor.java:624)
        at java.lang.Thread.run(Thread.java:748)
"qtp648346093-342" daemon prio=5 tid=342 timed_waiting
java.lang.Thread.State: TIMED_WAITING
        at sun.misc.Unsafe.park(Native Method)
        at java.util.concurrent.locks.LockSupport.parkNanos(LockSupport.java:215)
        at java.util.concurrent.locks.AbstractQueuedSynchronizer$ConditionObject.awaitNanos(AbstractQueuedSynchronizer.java:2078)
        at org.eclipse.jetty.util.BlockingArrayQueue.poll(BlockingArrayQueue.java:392)
        at org.eclipse.jetty.util.thread.QueuedThreadPool.idleJobPoll(QueuedThreadPool.java:563)
        at org.eclipse.jetty.util.thread.QueuedThreadPool.access$800(QueuedThreadPool.java:48)
        at org.eclipse.jetty.util.thread.QueuedThreadPool$2.run(QueuedThreadPool.java:626)
        at java.lang.Thread.run(Thread.java:748)
"pool-47-thread-26"  prio=5 tid=537 in Object.wait()
java.lang.Thread.State: WAITING (on object monitor)
        at sun.misc.Unsafe.park(Native Method)
        at java.util.concurrent.locks.LockSupport.park(LockSupport.java:175)
        at java.util.concurrent.locks.AbstractQueuedSynchronizer$ConditionObject.await(AbstractQueuedSynchronizer.java:2039)
        at java.util.concurrent.ArrayBlockingQueue.take(ArrayBlockingQueue.java:403)
        at java.util.concurrent.ThreadPoolExecutor.getTask(ThreadPoolExecutor.java:1074)
        at java.util.concurrent.ThreadPoolExecutor.runWorker(ThreadPoolExecutor.java:1134)
        at java.util.concurrent.ThreadPoolExecutor$Worker.run(ThreadPoolExecutor.java:624)
        at java.lang.Thread.run(Thread.java:748)
"qtp1081635795-164" daemon prio=5 tid=164 timed_waiting
java.lang.Thread.State: TIMED_WAITING
        at sun.misc.Unsafe.park(Native Method)
        at java.util.concurrent.locks.LockSupport.parkNanos(LockSupport.java:215)
        at java.util.concurrent.locks.AbstractQueuedSynchronizer$ConditionObject.awaitNanos(AbstractQueuedSynchronizer.java:2078)
        at org.eclipse.jetty.util.BlockingArrayQueue.poll(BlockingArrayQueue.java:392)
        at org.eclipse.jetty.util.thread.QueuedThreadPool.idleJobPoll(QueuedThreadPool.java:563)
        at org.eclipse.jetty.util.thread.QueuedThreadPool.access$800(QueuedThreadPool.java:48)
        at org.eclipse.jetty.util.thread.QueuedThreadPool$2.run(QueuedThreadPool.java:626)
        at java.lang.Thread.run(Thread.java:748)
"pool-110-thread-17"  prio=5 tid=708 in Object.wait()
java.lang.Thread.State: WAITING (on object monitor)
        at sun.misc.Unsafe.park(Native Method)
        at java.util.concurrent.locks.LockSupport.park(LockSupport.java:175)
        at java.util.concurrent.locks.AbstractQueuedSynchronizer$ConditionObject.await(AbstractQueuedSynchronizer.java:2039)
        at java.util.concurrent.ArrayBlockingQueue.take(ArrayBlockingQueue.java:403)
        at java.util.concurrent.ThreadPoolExecutor.getTask(ThreadPoolExecutor.java:1074)
        at java.util.concurrent.ThreadPoolExecutor.runWorker(ThreadPoolExecutor.java:1134)
        at java.util.concurrent.ThreadPoolExecutor$Worker.run(ThreadPoolExecutor.java:624)
        at java.lang.Thread.run(Thread.java:748)
"pool-26-thread-6"  prio=5 tid=456 in Object.wait()
java.lang.Thread.State: WAITING (on object monitor)
        at sun.misc.Unsafe.park(Native Method)
        at java.util.concurrent.locks.LockSupport.park(LockSupport.java:175)
        at java.util.concurrent.locks.AbstractQueuedSynchronizer$ConditionObject.await(AbstractQueuedSynchronizer.java:2039)
        at java.util.concurrent.ArrayBlockingQueue.take(ArrayBlockingQueue.java:403)
        at java.util.concurrent.ThreadPoolExecutor.getTask(ThreadPoolExecutor.java:1074)
        at java.util.concurrent.ThreadPoolExecutor.runWorker(ThreadPoolExecutor.java:1134)
        at java.util.concurrent.ThreadPoolExecutor$Worker.run(ThreadPoolExecutor.java:624)
        at java.lang.Thread.run(Thread.java:748)
"pool-131-thread-60"  prio=5 tid=811 in Object.wait()
java.lang.Thread.State: WAITING (on object monitor)
        at sun.misc.Unsafe.park(Native Method)
        at java.util.concurrent.locks.LockSupport.park(LockSupport.java:175)
        at java.util.concurrent.locks.AbstractQueuedSynchronizer$ConditionObject.await(AbstractQueuedSynchronizer.java:2039)
        at java.util.concurrent.ArrayBlockingQueue.take(ArrayBlockingQueue.java:403)
        at java.util.concurrent.ThreadPoolExecutor.getTask(ThreadPoolExecutor.java:1074)
        at java.util.concurrent.ThreadPoolExecutor.runWorker(ThreadPoolExecutor.java:1134)
        at java.util.concurrent.ThreadPoolExecutor$Worker.run(ThreadPoolExecutor.java:624)
        at java.lang.Thread.run(Thread.java:748)
"StateMachineUpdater-a83b0601-c70d-4140-b27f-c227c6feeccd-group-83F4FC979FA7" daemon prio=5 tid=1066 in Object.wait()
java.lang.Thread.State: WAITING (on object monitor)
        at java.lang.Object.wait(Native Method)
        at java.lang.Object.wait(Object.java:502)
        at org.apache.ratis.server.impl.StateMachineUpdater.run(StateMachineUpdater.java:138)
        at java.lang.Thread.run(Thread.java:748)
"IPC Server handler 2 on 38877" daemon prio=5 tid=116 timed_waiting
java.lang.Thread.State: TIMED_WAITING
        at sun.misc.Unsafe.park(Native Method)
        at java.util.concurrent.locks.LockSupport.parkNanos(LockSupport.java:215)
        at java.util.concurrent.locks.AbstractQueuedSynchronizer$ConditionObject.awaitNanos(AbstractQueuedSynchronizer.java:2078)
        at java.util.concurrent.LinkedBlockingQueue.poll(LinkedBlockingQueue.java:467)
        at org.apache.hadoop.ipc.CallQueueManager.take(CallQueueManager.java:288)
        at org.apache.hadoop.ipc.Server$Handler.run(Server.java:2668)
"pool-131-thread-23"  prio=5 tid=774 in Object.wait()
java.lang.Thread.State: WAITING (on object monitor)
        at sun.misc.Unsafe.park(Native Method)
        at java.util.concurrent.locks.LockSupport.park(LockSupport.java:175)
        at java.util.concurrent.locks.AbstractQueuedSynchronizer$ConditionObject.await(AbstractQueuedSynchronizer.java:2039)
        at java.util.concurrent.ArrayBlockingQueue.take(ArrayBlockingQueue.java:403)
        at java.util.concurrent.ThreadPoolExecutor.getTask(ThreadPoolExecutor.java:1074)
        at java.util.concurrent.ThreadPoolExecutor.runWorker(ThreadPoolExecutor.java:1134)
        at java.util.concurrent.ThreadPoolExecutor$Worker.run(ThreadPoolExecutor.java:624)
        at java.lang.Thread.run(Thread.java:748)
"pool-110-thread-48"  prio=5 tid=739 in Object.wait()
java.lang.Thread.State: WAITING (on object monitor)
        at sun.misc.Unsafe.park(Native Method)
        at java.util.concurrent.locks.LockSupport.park(LockSupport.java:175)
        at java.util.concurrent.locks.AbstractQueuedSynchronizer$ConditionObject.await(AbstractQueuedSynchronizer.java:2039)
        at java.util.concurrent.ArrayBlockingQueue.take(ArrayBlockingQueue.java:403)
        at java.util.concurrent.ThreadPoolExecutor.getTask(ThreadPoolExecutor.java:1074)
        at java.util.concurrent.ThreadPoolExecutor.runWorker(ThreadPoolExecutor.java:1134)
        at java.util.concurrent.ThreadPoolExecutor$Worker.run(ThreadPoolExecutor.java:624)
        at java.lang.Thread.run(Thread.java:748)
"pool-194-thread-26"  prio=5 tid=957 in Object.wait()
java.lang.Thread.State: WAITING (on object monitor)
        at sun.misc.Unsafe.park(Native Method)
        at java.util.concurrent.locks.LockSupport.park(LockSupport.java:175)
        at java.util.concurrent.locks.AbstractQueuedSynchronizer$ConditionObject.await(AbstractQueuedSynchronizer.java:2039)
        at java.util.concurrent.ArrayBlockingQueue.take(ArrayBlockingQueue.java:403)
        at java.util.concurrent.ThreadPoolExecutor.getTask(ThreadPoolExecutor.java:1074)
        at java.util.concurrent.ThreadPoolExecutor.runWorker(ThreadPoolExecutor.java:1134)
        at java.util.concurrent.ThreadPoolExecutor$Worker.run(ThreadPoolExecutor.java:624)
        at java.lang.Thread.run(Thread.java:748)
"pool-26-thread-31"  prio=5 tid=481 in Object.wait()
java.lang.Thread.State: WAITING (on object monitor)
        at sun.misc.Unsafe.park(Native Method)
        at java.util.concurrent.locks.LockSupport.park(LockSupport.java:175)
        at java.util.concurrent.locks.AbstractQueuedSynchronizer$ConditionObject.await(AbstractQueuedSynchronizer.java:2039)
        at java.util.concurrent.ArrayBlockingQueue.take(ArrayBlockingQueue.java:403)
        at java.util.concurrent.ThreadPoolExecutor.getTask(ThreadPoolExecutor.java:1074)
        at java.util.concurrent.ThreadPoolExecutor.runWorker(ThreadPoolExecutor.java:1134)
        at java.util.concurrent.ThreadPoolExecutor$Worker.run(ThreadPoolExecutor.java:624)
        at java.lang.Thread.run(Thread.java:748)
"IPC Server handler 9 on 46447" daemon prio=5 tid=59 timed_waiting
java.lang.Thread.State: TIMED_WAITING
        at sun.misc.Unsafe.park(Native Method)
        at java.util.concurrent.locks.LockSupport.parkNanos(LockSupport.java:215)
        at java.util.concurrent.locks.AbstractQueuedSynchronizer$ConditionObject.awaitNanos(AbstractQueuedSynchronizer.java:2078)
        at java.util.concurrent.LinkedBlockingQueue.poll(LinkedBlockingQueue.java:467)
        at org.apache.hadoop.ipc.CallQueueManager.take(CallQueueManager.java:288)
        at org.apache.hadoop.ipc.Server$Handler.run(Server.java:2668)
"pool-68-thread-17"  prio=5 tid=588 in Object.wait()
java.lang.Thread.State: WAITING (on object monitor)
        at sun.misc.Unsafe.park(Native Method)
        at java.util.concurrent.locks.LockSupport.park(LockSupport.java:175)
        at java.util.concurrent.locks.AbstractQueuedSynchronizer$ConditionObject.await(AbstractQueuedSynchronizer.java:2039)
        at java.util.concurrent.ArrayBlockingQueue.take(ArrayBlockingQueue.java:403)
        at java.util.concurrent.ThreadPoolExecutor.getTask(ThreadPoolExecutor.java:1074)
        at java.util.concurrent.ThreadPoolExecutor.runWorker(ThreadPoolExecutor.java:1134)
        at java.util.concurrent.ThreadPoolExecutor$Worker.run(ThreadPoolExecutor.java:624)
        at java.lang.Thread.run(Thread.java:748)
"pool-173-thread-38"  prio=5 tid=909 in Object.wait()
java.lang.Thread.State: WAITING (on object monitor)
        at sun.misc.Unsafe.park(Native Method)
        at java.util.concurrent.locks.LockSupport.park(LockSupport.java:175)
        at java.util.concurrent.locks.AbstractQueuedSynchronizer$ConditionObject.await(AbstractQueuedSynchronizer.java:2039)
        at java.util.concurrent.ArrayBlockingQueue.take(ArrayBlockingQueue.java:403)
        at java.util.concurrent.ThreadPoolExecutor.getTask(ThreadPoolExecutor.java:1074)
        at java.util.concurrent.ThreadPoolExecutor.runWorker(ThreadPoolExecutor.java:1134)
        at java.util.concurrent.ThreadPoolExecutor$Worker.run(ThreadPoolExecutor.java:624)
        at java.lang.Thread.run(Thread.java:748)
"pool-89-thread-49"  prio=5 tid=680 in Object.wait()
java.lang.Thread.State: WAITING (on object monitor)
        at sun.misc.Unsafe.park(Native Method)
        at java.util.concurrent.locks.LockSupport.park(LockSupport.java:175)
        at java.util.concurrent.locks.AbstractQueuedSynchronizer$ConditionObject.await(AbstractQueuedSynchronizer.java:2039)
        at java.util.concurrent.ArrayBlockingQueue.take(ArrayBlockingQueue.java:403)
        at java.util.concurrent.ThreadPoolExecutor.getTask(ThreadPoolExecutor.java:1074)
        at java.util.concurrent.ThreadPoolExecutor.runWorker(ThreadPoolExecutor.java:1134)
        at java.util.concurrent.ThreadPoolExecutor$Worker.run(ThreadPoolExecutor.java:624)
        at java.lang.Thread.run(Thread.java:748)
"StateMachineUpdater-2a700f1f-da98-49ef-9a26-03cc6c63ade6-group-9B2A0165E1E5" daemon prio=5 tid=1072 in Object.wait()
java.lang.Thread.State: WAITING (on object monitor)
        at java.lang.Object.wait(Native Method)
        at java.lang.Object.wait(Object.java:502)
        at org.apache.ratis.server.impl.StateMachineUpdater.run(StateMachineUpdater.java:138)
        at java.lang.Thread.run(Thread.java:748)
"qtp197855654-140" daemon prio=5 tid=140 timed_waiting
java.lang.Thread.State: TIMED_WAITING
        at sun.misc.Unsafe.park(Native Method)
        at java.util.concurrent.locks.LockSupport.parkNanos(LockSupport.java:215)
        at java.util.concurrent.locks.AbstractQueuedSynchronizer$ConditionObject.awaitNanos(AbstractQueuedSynchronizer.java:2078)
        at org.eclipse.jetty.util.BlockingArrayQueue.poll(BlockingArrayQueue.java:392)
        at org.eclipse.jetty.util.thread.QueuedThreadPool.idleJobPoll(QueuedThreadPool.java:563)
        at org.eclipse.jetty.util.thread.QueuedThreadPool.access$800(QueuedThreadPool.java:48)
        at org.eclipse.jetty.util.thread.QueuedThreadPool$2.run(QueuedThreadPool.java:626)
        at java.lang.Thread.run(Thread.java:748)
"pool-26-thread-52"  prio=5 tid=502 in Object.wait()
java.lang.Thread.State: WAITING (on object monitor)
        at sun.misc.Unsafe.park(Native Method)
        at java.util.concurrent.locks.LockSupport.park(LockSupport.java:175)
        at java.util.concurrent.locks.AbstractQueuedSynchronizer$ConditionObject.await(AbstractQueuedSynchronizer.java:2039)
        at java.util.concurrent.ArrayBlockingQueue.take(ArrayBlockingQueue.java:403)
        at java.util.concurrent.ThreadPoolExecutor.getTask(ThreadPoolExecutor.java:1074)
        at java.util.concurrent.ThreadPoolExecutor.runWorker(ThreadPoolExecutor.java:1134)
        at java.util.concurrent.ThreadPoolExecutor$Worker.run(ThreadPoolExecutor.java:624)
        at java.lang.Thread.run(Thread.java:748)
"qtp838812606-91-acceptor-0@404f1c67-ServerConnector@27a5328c{HTTP/1.1,[http/1.1]}{0.0.0.0:41619}" daemon prio=3 tid=91 runnable
java.lang.Thread.State: RUNNABLE
        at sun.nio.ch.ServerSocketChannelImpl.accept0(Native Method)
        at sun.nio.ch.ServerSocketChannelImpl.accept(ServerSocketChannelImpl.java:422)
        at sun.nio.ch.ServerSocketChannelImpl.accept(ServerSocketChannelImpl.java:250)
        at org.eclipse.jetty.server.ServerConnector.accept(ServerConnector.java:397)
        at org.eclipse.jetty.server.AbstractConnector$Acceptor.run(AbstractConnector.java:601)
        at org.eclipse.jetty.util.thread.QueuedThreadPool.runJob(QueuedThreadPool.java:671)
        at org.eclipse.jetty.util.thread.QueuedThreadPool$2.run(QueuedThreadPool.java:589)
        at java.lang.Thread.run(Thread.java:748)
"Datanode State Machine Thread - 0" daemon prio=5 tid=322 timed_waiting
java.lang.Thread.State: TIMED_WAITING
        at java.lang.Thread.sleep(Native Method)
        at org.apache.hadoop.ozone.container.common.statemachine.DatanodeStateMachine.start(DatanodeStateMachine.java:191)
        at org.apache.hadoop.ozone.container.common.statemachine.DatanodeStateMachine.lambda$startDaemon$0(DatanodeStateMachine.java:349)
        at org.apache.hadoop.ozone.container.common.statemachine.DatanodeStateMachine$$Lambda$139/1610803524.run(Unknown Source)
        at java.lang.Thread.run(Thread.java:748)
"Datanode ReportManager Thread - 0" daemon prio=5 tid=385 timed_waiting
java.lang.Thread.State: TIMED_WAITING
        at sun.misc.Unsafe.park(Native Method)
        at java.util.concurrent.locks.LockSupport.parkNanos(LockSupport.java:215)
        at java.util.concurrent.locks.AbstractQueuedSynchronizer$ConditionObject.awaitNanos(AbstractQueuedSynchronizer.java:2078)
        at java.util.concurrent.ScheduledThreadPoolExecutor$DelayedWorkQueue.take(ScheduledThreadPoolExecutor.java:1093)
        at java.util.concurrent.ScheduledThreadPoolExecutor$DelayedWorkQueue.take(ScheduledThreadPoolExecutor.java:809)
        at java.util.concurrent.ThreadPoolExecutor.getTask(ThreadPoolExecutor.java:1074)
        at java.util.concurrent.ThreadPoolExecutor.runWorker(ThreadPoolExecutor.java:1134)
        at java.util.concurrent.ThreadPoolExecutor$Worker.run(ThreadPoolExecutor.java:624)
        at java.lang.Thread.run(Thread.java:748)
"IPC Server handler 3 on 46447" daemon prio=5 tid=53 timed_waiting
java.lang.Thread.State: TIMED_WAITING
        at sun.misc.Unsafe.park(Native Method)
        at java.util.concurrent.locks.LockSupport.parkNanos(LockSupport.java:215)
        at java.util.concurrent.locks.AbstractQueuedSynchronizer$ConditionObject.awaitNanos(AbstractQueuedSynchronizer.java:2078)
        at java.util.concurrent.LinkedBlockingQueue.poll(LinkedBlockingQueue.java:467)
        at org.apache.hadoop.ipc.CallQueueManager.take(CallQueueManager.java:288)
        at org.apache.hadoop.ipc.Server$Handler.run(Server.java:2668)
"pool-194-thread-32"  prio=5 tid=963 in Object.wait()
java.lang.Thread.State: WAITING (on object monitor)
        at sun.misc.Unsafe.park(Native Method)
        at java.util.concurrent.locks.LockSupport.park(LockSupport.java:175)
        at java.util.concurrent.locks.AbstractQueuedSynchronizer$ConditionObject.await(AbstractQueuedSynchronizer.java:2039)
        at java.util.concurrent.ArrayBlockingQueue.take(ArrayBlockingQueue.java:403)
        at java.util.concurrent.ThreadPoolExecutor.getTask(ThreadPoolExecutor.java:1074)
        at java.util.concurrent.ThreadPoolExecutor.runWorker(ThreadPoolExecutor.java:1134)
        at java.util.concurrent.ThreadPoolExecutor$Worker.run(ThreadPoolExecutor.java:624)
        at java.lang.Thread.run(Thread.java:748)
"KeyDeletingService#0" daemon prio=5 tid=110 in Object.wait()
java.lang.Thread.State: WAITING (on object monitor)
        at sun.misc.Unsafe.park(Native Method)
        at java.util.concurrent.locks.LockSupport.park(LockSupport.java:175)
        at java.util.concurrent.locks.AbstractQueuedSynchronizer$ConditionObject.await(AbstractQueuedSynchronizer.java:2039)
        at java.util.concurrent.ScheduledThreadPoolExecutor$DelayedWorkQueue.take(ScheduledThreadPoolExecutor.java:1088)
        at java.util.concurrent.ScheduledThreadPoolExecutor$DelayedWorkQueue.take(ScheduledThreadPoolExecutor.java:809)
        at java.util.concurrent.ThreadPoolExecutor.getTask(ThreadPoolExecutor.java:1074)
        at java.util.concurrent.ThreadPoolExecutor.runWorker(ThreadPoolExecutor.java:1134)
        at java.util.concurrent.ThreadPoolExecutor$Worker.run(ThreadPoolExecutor.java:624)
        at java.lang.Thread.run(Thread.java:748)
"pool-68-thread-37"  prio=5 tid=608 in Object.wait()
java.lang.Thread.State: WAITING (on object monitor)
        at sun.misc.Unsafe.park(Native Method)
        at java.util.concurrent.locks.LockSupport.park(LockSupport.java:175)
        at java.util.concurrent.locks.AbstractQueuedSynchronizer$ConditionObject.await(AbstractQueuedSynchronizer.java:2039)
        at java.util.concurrent.ArrayBlockingQueue.take(ArrayBlockingQueue.java:403)
        at java.util.concurrent.ThreadPoolExecutor.getTask(ThreadPoolExecutor.java:1074)
        at java.util.concurrent.ThreadPoolExecutor.runWorker(ThreadPoolExecutor.java:1134)
        at java.util.concurrent.ThreadPoolExecutor$Worker.run(ThreadPoolExecutor.java:624)
        at java.lang.Thread.run(Thread.java:748)
"pool-26-thread-22"  prio=5 tid=472 in Object.wait()
java.lang.Thread.State: WAITING (on object monitor)
        at sun.misc.Unsafe.park(Native Method)
        at java.util.concurrent.locks.LockSupport.park(LockSupport.java:175)
        at java.util.concurrent.locks.AbstractQueuedSynchronizer$ConditionObject.await(AbstractQueuedSynchronizer.java:2039)
        at java.util.concurrent.ArrayBlockingQueue.take(ArrayBlockingQueue.java:403)
        at java.util.concurrent.ThreadPoolExecutor.getTask(ThreadPoolExecutor.java:1074)
        at java.util.concurrent.ThreadPoolExecutor.runWorker(ThreadPoolExecutor.java:1134)
        at java.util.concurrent.ThreadPoolExecutor$Worker.run(ThreadPoolExecutor.java:624)
        at java.lang.Thread.run(Thread.java:748)
"pool-131-thread-30"  prio=5 tid=781 in Object.wait()
java.lang.Thread.State: WAITING (on object monitor)
        at sun.misc.Unsafe.park(Native Method)
        at java.util.concurrent.locks.LockSupport.park(LockSupport.java:175)
        at java.util.concurrent.locks.AbstractQueuedSynchronizer$ConditionObject.await(AbstractQueuedSynchronizer.java:2039)
        at java.util.concurrent.ArrayBlockingQueue.take(ArrayBlockingQueue.java:403)
        at java.util.concurrent.ThreadPoolExecutor.getTask(ThreadPoolExecutor.java:1074)
        at java.util.concurrent.ThreadPoolExecutor.runWorker(ThreadPoolExecutor.java:1134)
        at java.util.concurrent.ThreadPoolExecutor$Worker.run(ThreadPoolExecutor.java:624)
        at java.lang.Thread.run(Thread.java:748)
"qtp648346093-343" daemon prio=5 tid=343 timed_waiting
java.lang.Thread.State: TIMED_WAITING
        at sun.misc.Unsafe.park(Native Method)
        at java.util.concurrent.locks.LockSupport.parkNanos(LockSupport.java:215)
        at java.util.concurrent.locks.AbstractQueuedSynchronizer$ConditionObject.awaitNanos(AbstractQueuedSynchronizer.java:2078)
        at org.eclipse.jetty.util.BlockingArrayQueue.poll(BlockingArrayQueue.java:392)
        at org.eclipse.jetty.util.thread.QueuedThreadPool.idleJobPoll(QueuedThreadPool.java:563)
        at org.eclipse.jetty.util.thread.QueuedThreadPool.access$800(QueuedThreadPool.java:48)
        at org.eclipse.jetty.util.thread.QueuedThreadPool$2.run(QueuedThreadPool.java:626)
        at java.lang.Thread.run(Thread.java:748)
"pool-194-thread-13"  prio=5 tid=944 in Object.wait()
java.lang.Thread.State: WAITING (on object monitor)
        at sun.misc.Unsafe.park(Native Method)
        at java.util.concurrent.locks.LockSupport.park(LockSupport.java:175)
        at java.util.concurrent.locks.AbstractQueuedSynchronizer$ConditionObject.await(AbstractQueuedSynchronizer.java:2039)
        at java.util.concurrent.ArrayBlockingQueue.take(ArrayBlockingQueue.java:403)
        at java.util.concurrent.ThreadPoolExecutor.getTask(ThreadPoolExecutor.java:1074)
        at java.util.concurrent.ThreadPoolExecutor.runWorker(ThreadPoolExecutor.java:1134)
        at java.util.concurrent.ThreadPoolExecutor$Worker.run(ThreadPoolExecutor.java:624)
        at java.lang.Thread.run(Thread.java:748)
"pool-152-thread-40"  prio=5 tid=851 in Object.wait()
java.lang.Thread.State: WAITING (on object monitor)
        at sun.misc.Unsafe.park(Native Method)
        at java.util.concurrent.locks.LockSupport.park(LockSupport.java:175)
        at java.util.concurrent.locks.AbstractQueuedSynchronizer$ConditionObject.await(AbstractQueuedSynchronizer.java:2039)
        at java.util.concurrent.ArrayBlockingQueue.take(ArrayBlockingQueue.java:403)
        at java.util.concurrent.ThreadPoolExecutor.getTask(ThreadPoolExecutor.java:1074)
        at java.util.concurrent.ThreadPoolExecutor.runWorker(ThreadPoolExecutor.java:1134)
        at java.util.concurrent.ThreadPoolExecutor$Worker.run(ThreadPoolExecutor.java:624)
        at java.lang.Thread.run(Thread.java:748)
"pool-215-thread-6"  prio=5 tid=997 in Object.wait()
java.lang.Thread.State: WAITING (on object monitor)
        at sun.misc.Unsafe.park(Native Method)
        at java.util.concurrent.locks.LockSupport.park(LockSupport.java:175)
        at java.util.concurrent.locks.AbstractQueuedSynchronizer$ConditionObject.await(AbstractQueuedSynchronizer.java:2039)
        at java.util.concurrent.ArrayBlockingQueue.take(ArrayBlockingQueue.java:403)
        at java.util.concurrent.ThreadPoolExecutor.getTask(ThreadPoolExecutor.java:1074)
        at java.util.concurrent.ThreadPoolExecutor.runWorker(ThreadPoolExecutor.java:1134)
        at java.util.concurrent.ThreadPoolExecutor$Worker.run(ThreadPoolExecutor.java:624)
        at java.lang.Thread.run(Thread.java:748)
"pool-89-thread-15"  prio=5 tid=646 in Object.wait()
java.lang.Thread.State: WAITING (on object monitor)
        at sun.misc.Unsafe.park(Native Method)
        at java.util.concurrent.locks.LockSupport.park(LockSupport.java:175)
        at java.util.concurrent.locks.AbstractQueuedSynchronizer$ConditionObject.await(AbstractQueuedSynchronizer.java:2039)
        at java.util.concurrent.ArrayBlockingQueue.take(ArrayBlockingQueue.java:403)
        at java.util.concurrent.ThreadPoolExecutor.getTask(ThreadPoolExecutor.java:1074)
        at java.util.concurrent.ThreadPoolExecutor.runWorker(ThreadPoolExecutor.java:1134)
        at java.util.concurrent.ThreadPoolExecutor$Worker.run(ThreadPoolExecutor.java:624)
        at java.lang.Thread.run(Thread.java:748)
"org.eclipse.jetty.server.session.HashSessionManager@31acfd4eTimer" daemon prio=5 tid=229 timed_waiting
java.lang.Thread.State: TIMED_WAITING
        at sun.misc.Unsafe.park(Native Method)
        at java.util.concurrent.locks.LockSupport.parkNanos(LockSupport.java:215)
        at java.util.concurrent.locks.AbstractQueuedSynchronizer$ConditionObject.awaitNanos(AbstractQueuedSynchronizer.java:2078)
        at java.util.concurrent.ScheduledThreadPoolExecutor$DelayedWorkQueue.take(ScheduledThreadPoolExecutor.java:1093)
        at java.util.concurrent.ScheduledThreadPoolExecutor$DelayedWorkQueue.take(ScheduledThreadPoolExecutor.java:809)
        at java.util.concurrent.ThreadPoolExecutor.getTask(ThreadPoolExecutor.java:1074)
        at java.util.concurrent.ThreadPoolExecutor.runWorker(ThreadPoolExecutor.java:1134)
        at java.util.concurrent.ThreadPoolExecutor$Worker.run(ThreadPoolExecutor.java:624)
        at java.lang.Thread.run(Thread.java:748)
"Timer-0"  prio=5 tid=113 timed_waiting
java.lang.Thread.State: TIMED_WAITING
        at java.lang.Object.wait(Native Method)
        at java.util.TimerThread.mainLoop(Timer.java:552)
        at java.util.TimerThread.run(Timer.java:505)
"Datanode ReportManager Thread - 1" daemon prio=5 tid=204 in Object.wait()
java.lang.Thread.State: WAITING (on object monitor)
        at sun.misc.Unsafe.park(Native Method)
        at java.util.concurrent.locks.LockSupport.park(LockSupport.java:175)
        at java.util.concurrent.locks.AbstractQueuedSynchronizer$ConditionObject.await(AbstractQueuedSynchronizer.java:2039)
        at java.util.concurrent.ScheduledThreadPoolExecutor$DelayedWorkQueue.take(ScheduledThreadPoolExecutor.java:1088)
        at java.util.concurrent.ScheduledThreadPoolExecutor$DelayedWorkQueue.take(ScheduledThreadPoolExecutor.java:809)
        at java.util.concurrent.ThreadPoolExecutor.getTask(ThreadPoolExecutor.java:1074)
        at java.util.concurrent.ThreadPoolExecutor.runWorker(ThreadPoolExecutor.java:1134)
        at java.util.concurrent.ThreadPoolExecutor$Worker.run(ThreadPoolExecutor.java:624)
        at java.lang.Thread.run(Thread.java:748)
"pool-110-thread-5"  prio=5 tid=696 in Object.wait()
java.lang.Thread.State: WAITING (on object monitor)
        at sun.misc.Unsafe.park(Native Method)
        at java.util.concurrent.locks.LockSupport.park(LockSupport.java:175)
        at java.util.concurrent.locks.AbstractQueuedSynchronizer$ConditionObject.await(AbstractQueuedSynchronizer.java:2039)
        at java.util.concurrent.ArrayBlockingQueue.take(ArrayBlockingQueue.java:403)
        at java.util.concurrent.ThreadPoolExecutor.getTask(ThreadPoolExecutor.java:1074)
        at java.util.concurrent.ThreadPoolExecutor.runWorker(ThreadPoolExecutor.java:1134)
        at java.util.concurrent.ThreadPoolExecutor$Worker.run(ThreadPoolExecutor.java:624)
        at java.lang.Thread.run(Thread.java:748)
"qtp1866002564-287" daemon prio=5 tid=287 timed_waiting
java.lang.Thread.State: TIMED_WAITING
        at sun.misc.Unsafe.park(Native Method)
        at java.util.concurrent.locks.LockSupport.parkNanos(LockSupport.java:215)
        at java.util.concurrent.locks.AbstractQueuedSynchronizer$ConditionObject.awaitNanos(AbstractQueuedSynchronizer.java:2078)
        at org.eclipse.jetty.util.BlockingArrayQueue.poll(BlockingArrayQueue.java:392)
        at org.eclipse.jetty.util.thread.QueuedThreadPool.idleJobPoll(QueuedThreadPool.java:563)
        at org.eclipse.jetty.util.thread.QueuedThreadPool.access$800(QueuedThreadPool.java:48)
        at org.eclipse.jetty.util.thread.QueuedThreadPool$2.run(QueuedThreadPool.java:626)
        at java.lang.Thread.run(Thread.java:748)
"qtp644718663-434" daemon prio=5 tid=434 timed_waiting
java.lang.Thread.State: TIMED_WAITING
        at sun.misc.Unsafe.park(Native Method)
        at java.util.concurrent.locks.LockSupport.parkNanos(LockSupport.java:215)
        at java.util.concurrent.locks.AbstractQueuedSynchronizer$ConditionObject.awaitNanos(AbstractQueuedSynchronizer.java:2078)
        at org.eclipse.jetty.util.BlockingArrayQueue.poll(BlockingArrayQueue.java:392)
        at org.eclipse.jetty.util.thread.QueuedThreadPool.idleJobPoll(QueuedThreadPool.java:563)
        at org.eclipse.jetty.util.thread.QueuedThreadPool.access$800(QueuedThreadPool.java:48)
        at org.eclipse.jetty.util.thread.QueuedThreadPool$2.run(QueuedThreadPool.java:626)
        at java.lang.Thread.run(Thread.java:748)
"pool-173-thread-45"  prio=5 tid=916 in Object.wait()
java.lang.Thread.State: WAITING (on object monitor)
        at sun.misc.Unsafe.park(Native Method)
        at java.util.concurrent.locks.LockSupport.park(LockSupport.java:175)
        at java.util.concurrent.locks.AbstractQueuedSynchronizer$ConditionObject.await(AbstractQueuedSynchronizer.java:2039)
        at java.util.concurrent.ArrayBlockingQueue.take(ArrayBlockingQueue.java:403)
        at java.util.concurrent.ThreadPoolExecutor.getTask(ThreadPoolExecutor.java:1074)
        at java.util.concurrent.ThreadPoolExecutor.runWorker(ThreadPoolExecutor.java:1134)
        at java.util.concurrent.ThreadPoolExecutor$Worker.run(ThreadPoolExecutor.java:624)
        at java.lang.Thread.run(Thread.java:748)
"pool-215-thread-29"  prio=5 tid=1020 in Object.wait()
java.lang.Thread.State: WAITING (on object monitor)
        at sun.misc.Unsafe.park(Native Method)
        at java.util.concurrent.locks.LockSupport.park(LockSupport.java:175)
        at java.util.concurrent.locks.AbstractQueuedSynchronizer$ConditionObject.await(AbstractQueuedSynchronizer.java:2039)
        at java.util.concurrent.ArrayBlockingQueue.take(ArrayBlockingQueue.java:403)
        at java.util.concurrent.ThreadPoolExecutor.getTask(ThreadPoolExecutor.java:1074)
        at java.util.concurrent.ThreadPoolExecutor.runWorker(ThreadPoolExecutor.java:1134)
        at java.util.concurrent.ThreadPoolExecutor$Worker.run(ThreadPoolExecutor.java:624)
        at java.lang.Thread.run(Thread.java:748)
"Command processor thread" daemon prio=5 tid=418 timed_waiting
java.lang.Thread.State: TIMED_WAITING
        at java.lang.Thread.sleep(Native Method)
        at org.apache.hadoop.ozone.container.common.statemachine.DatanodeStateMachine.lambda$initCommandHandlerThread$1(DatanodeStateMachine.java:439)
        at org.apache.hadoop.ozone.container.common.statemachine.DatanodeStateMachine$$Lambda$140/804134309.run(Unknown Source)
        at java.lang.Thread.run(Thread.java:748)
"IPC Server handler 2 on 46447" daemon prio=5 tid=52 timed_waiting
java.lang.Thread.State: TIMED_WAITING
        at sun.misc.Unsafe.park(Native Method)
        at java.util.concurrent.locks.LockSupport.parkNanos(LockSupport.java:215)
        at java.util.concurrent.locks.AbstractQueuedSynchronizer$ConditionObject.awaitNanos(AbstractQueuedSynchronizer.java:2078)
        at java.util.concurrent.LinkedBlockingQueue.poll(LinkedBlockingQueue.java:467)
        at org.apache.hadoop.ipc.CallQueueManager.take(CallQueueManager.java:288)
        at org.apache.hadoop.ipc.Server$Handler.run(Server.java:2668)
"pool-152-thread-3"  prio=5 tid=814 in Object.wait()
java.lang.Thread.State: WAITING (on object monitor)
        at sun.misc.Unsafe.park(Native Method)
        at java.util.concurrent.locks.LockSupport.park(LockSupport.java:175)
        at java.util.concurrent.locks.AbstractQueuedSynchronizer$ConditionObject.await(AbstractQueuedSynchronizer.java:2039)
        at java.util.concurrent.ArrayBlockingQueue.take(ArrayBlockingQueue.java:403)
        at java.util.concurrent.ThreadPoolExecutor.getTask(ThreadPoolExecutor.java:1074)
        at java.util.concurrent.ThreadPoolExecutor.runWorker(ThreadPoolExecutor.java:1134)
        at java.util.concurrent.ThreadPoolExecutor$Worker.run(ThreadPoolExecutor.java:624)
        at java.lang.Thread.run(Thread.java:748)
"pool-131-thread-49"  prio=5 tid=800 in Object.wait()
java.lang.Thread.State: WAITING (on object monitor)
        at sun.misc.Unsafe.park(Native Method)
        at java.util.concurrent.locks.LockSupport.park(LockSupport.java:175)
        at java.util.concurrent.locks.AbstractQueuedSynchronizer$ConditionObject.await(AbstractQueuedSynchronizer.java:2039)
        at java.util.concurrent.ArrayBlockingQueue.take(ArrayBlockingQueue.java:403)
        at java.util.concurrent.ThreadPoolExecutor.getTask(ThreadPoolExecutor.java:1074)
        at java.util.concurrent.ThreadPoolExecutor.runWorker(ThreadPoolExecutor.java:1134)
        at java.util.concurrent.ThreadPoolExecutor$Worker.run(ThreadPoolExecutor.java:624)
        at java.lang.Thread.run(Thread.java:748)
"qtp628402659-197" daemon prio=5 tid=197 timed_waiting
java.lang.Thread.State: TIMED_WAITING
        at sun.misc.Unsafe.park(Native Method)
        at java.util.concurrent.locks.LockSupport.parkNanos(LockSupport.java:215)
        at java.util.concurrent.locks.AbstractQueuedSynchronizer$ConditionObject.awaitNanos(AbstractQueuedSynchronizer.java:2078)
        at org.eclipse.jetty.util.BlockingArrayQueue.poll(BlockingArrayQueue.java:392)
        at org.eclipse.jetty.util.thread.QueuedThreadPool.idleJobPoll(QueuedThreadPool.java:563)
        at org.eclipse.jetty.util.thread.QueuedThreadPool.access$800(QueuedThreadPool.java:48)
        at org.eclipse.jetty.util.thread.QueuedThreadPool$2.run(QueuedThreadPool.java:626)
        at java.lang.Thread.run(Thread.java:748)
"grpc-default-worker-ELG-3-1" daemon prio=5 tid=1061 runnable
java.lang.Thread.State: RUNNABLE
        at sun.nio.ch.EPollArrayWrapper.epollWait(Native Method)
        at sun.nio.ch.EPollArrayWrapper.poll(EPollArrayWrapper.java:269)
        at sun.nio.ch.EPollSelectorImpl.doSelect(EPollSelectorImpl.java:93)
        at sun.nio.ch.SelectorImpl.lockAndDoSelect(SelectorImpl.java:86)
        at sun.nio.ch.SelectorImpl.select(SelectorImpl.java:97)
        at org.apache.ratis.thirdparty.io.netty.channel.nio.SelectedSelectionKeySetSelector.select(SelectedSelectionKeySetSelector.java:62)
        at org.apache.ratis.thirdparty.io.netty.channel.nio.NioEventLoop.select(NioEventLoop.java:753)
        at org.apache.ratis.thirdparty.io.netty.channel.nio.NioEventLoop.run(NioEventLoop.java:408)
        at org.apache.ratis.thirdparty.io.netty.util.concurrent.SingleThreadEventExecutor$5.run(SingleThreadEventExecutor.java:897)
        at org.apache.ratis.thirdparty.io.netty.util.concurrent.FastThreadLocalRunnable.run(FastThreadLocalRunnable.java:30)
        at java.lang.Thread.run(Thread.java:748)
"pool-89-thread-10"  prio=5 tid=641 in Object.wait()
java.lang.Thread.State: WAITING (on object monitor)
        at sun.misc.Unsafe.park(Native Method)
        at java.util.concurrent.locks.LockSupport.park(LockSupport.java:175)
        at java.util.concurrent.locks.AbstractQueuedSynchronizer$ConditionObject.await(AbstractQueuedSynchronizer.java:2039)
        at java.util.concurrent.ArrayBlockingQueue.take(ArrayBlockingQueue.java:403)
        at java.util.concurrent.ThreadPoolExecutor.getTask(ThreadPoolExecutor.java:1074)
        at java.util.concurrent.ThreadPoolExecutor.runWorker(ThreadPoolExecutor.java:1134)
        at java.util.concurrent.ThreadPoolExecutor$Worker.run(ThreadPoolExecutor.java:624)
        at java.lang.Thread.run(Thread.java:748)
"pool-194-thread-43"  prio=5 tid=974 in Object.wait()
java.lang.Thread.State: WAITING (on object monitor)
        at sun.misc.Unsafe.park(Native Method)
        at java.util.concurrent.locks.LockSupport.park(LockSupport.java:175)
        at java.util.concurrent.locks.AbstractQueuedSynchronizer$ConditionObject.await(AbstractQueuedSynchronizer.java:2039)
        at java.util.concurrent.ArrayBlockingQueue.take(ArrayBlockingQueue.java:403)
        at java.util.concurrent.ThreadPoolExecutor.getTask(ThreadPoolExecutor.java:1074)
        at java.util.concurrent.ThreadPoolExecutor.runWorker(ThreadPoolExecutor.java:1134)
        at java.util.concurrent.ThreadPoolExecutor$Worker.run(ThreadPoolExecutor.java:624)
        at java.lang.Thread.run(Thread.java:748)
"pool-47-thread-56"  prio=5 tid=567 in Object.wait()
java.lang.Thread.State: WAITING (on object monitor)
        at sun.misc.Unsafe.park(Native Method)
        at java.util.concurrent.locks.LockSupport.park(LockSupport.java:175)
        at java.util.concurrent.locks.AbstractQueuedSynchronizer$ConditionObject.await(AbstractQueuedSynchronizer.java:2039)
        at java.util.concurrent.ArrayBlockingQueue.take(ArrayBlockingQueue.java:403)
        at java.util.concurrent.ThreadPoolExecutor.getTask(ThreadPoolExecutor.java:1074)
        at java.util.concurrent.ThreadPoolExecutor.runWorker(ThreadPoolExecutor.java:1134)
        at java.util.concurrent.ThreadPoolExecutor$Worker.run(ThreadPoolExecutor.java:624)
        at java.lang.Thread.run(Thread.java:748)
"Datanode State Machine Thread - 0" daemon prio=5 tid=442 timed_waiting
java.lang.Thread.State: TIMED_WAITING
        at java.lang.Thread.sleep(Native Method)
        at org.apache.hadoop.ozone.container.common.statemachine.DatanodeStateMachine.start(DatanodeStateMachine.java:191)
        at org.apache.hadoop.ozone.container.common.statemachine.DatanodeStateMachine.lambda$startDaemon$0(DatanodeStateMachine.java:349)
        at org.apache.hadoop.ozone.container.common.statemachine.DatanodeStateMachine$$Lambda$139/1610803524.run(Unknown Source)
        at java.lang.Thread.run(Thread.java:748)
"pool-131-thread-26"  prio=5 tid=777 in Object.wait()
java.lang.Thread.State: WAITING (on object monitor)
        at sun.misc.Unsafe.park(Native Method)
        at java.util.concurrent.locks.LockSupport.park(LockSupport.java:175)
        at java.util.concurrent.locks.AbstractQueuedSynchronizer$ConditionObject.await(AbstractQueuedSynchronizer.java:2039)
        at java.util.concurrent.ArrayBlockingQueue.take(ArrayBlockingQueue.java:403)
        at java.util.concurrent.ThreadPoolExecutor.getTask(ThreadPoolExecutor.java:1074)
        at java.util.concurrent.ThreadPoolExecutor.runWorker(ThreadPoolExecutor.java:1134)
        at java.util.concurrent.ThreadPoolExecutor$Worker.run(ThreadPoolExecutor.java:624)
        at java.lang.Thread.run(Thread.java:748)
"pool-215-thread-60"  prio=5 tid=1051 in Object.wait()
java.lang.Thread.State: WAITING (on object monitor)
        at sun.misc.Unsafe.park(Native Method)
        at java.util.concurrent.locks.LockSupport.park(LockSupport.java:175)
        at java.util.concurrent.locks.AbstractQueuedSynchronizer$ConditionObject.await(AbstractQueuedSynchronizer.java:2039)
        at java.util.concurrent.ArrayBlockingQueue.take(ArrayBlockingQueue.java:403)
        at java.util.concurrent.ThreadPoolExecutor.getTask(ThreadPoolExecutor.java:1074)
        at java.util.concurrent.ThreadPoolExecutor.runWorker(ThreadPoolExecutor.java:1134)
        at java.util.concurrent.ThreadPoolExecutor$Worker.run(ThreadPoolExecutor.java:624)
        at java.lang.Thread.run(Thread.java:748)
"BlockDeletingService#1" daemon prio=5 tid=158 timed_waiting
java.lang.Thread.State: TIMED_WAITING
        at sun.misc.Unsafe.park(Native Method)
        at java.util.concurrent.locks.LockSupport.parkNanos(LockSupport.java:215)
        at java.util.concurrent.locks.AbstractQueuedSynchronizer$ConditionObject.awaitNanos(AbstractQueuedSynchronizer.java:2078)
        at java.util.concurrent.ScheduledThreadPoolExecutor$DelayedWorkQueue.take(ScheduledThreadPoolExecutor.java:1093)
        at java.util.concurrent.ScheduledThreadPoolExecutor$DelayedWorkQueue.take(ScheduledThreadPoolExecutor.java:809)
        at java.util.concurrent.ThreadPoolExecutor.getTask(ThreadPoolExecutor.java:1074)
        at java.util.concurrent.ThreadPoolExecutor.runWorker(ThreadPoolExecutor.java:1134)
        at java.util.concurrent.ThreadPoolExecutor$Worker.run(ThreadPoolExecutor.java:624)
        at java.lang.Thread.run(Thread.java:748)
"e834f043-68c2-4690-911f-e774cd7c845d-RaftLogWorker"  prio=5 tid=1081 timed_waiting
java.lang.Thread.State: TIMED_WAITING
        at sun.misc.Unsafe.park(Native Method)
        at java.util.concurrent.locks.LockSupport.parkNanos(LockSupport.java:215)
        at java.util.concurrent.locks.AbstractQueuedSynchronizer$ConditionObject.awaitNanos(AbstractQueuedSynchronizer.java:2078)
        at org.apache.ratis.util.DataBlockingQueue.poll(DataBlockingQueue.java:137)
        at org.apache.ratis.server.storage.RaftLogWorker.run(RaftLogWorker.java:216)
        at java.lang.Thread.run(Thread.java:748)
"pool-26-thread-57"  prio=5 tid=507 in Object.wait()
java.lang.Thread.State: WAITING (on object monitor)
        at sun.misc.Unsafe.park(Native Method)
        at java.util.concurrent.locks.LockSupport.park(LockSupport.java:175)
        at java.util.concurrent.locks.AbstractQueuedSynchronizer$ConditionObject.await(AbstractQueuedSynchronizer.java:2039)
        at java.util.concurrent.ArrayBlockingQueue.take(ArrayBlockingQueue.java:403)
        at java.util.concurrent.ThreadPoolExecutor.getTask(ThreadPoolExecutor.java:1074)
        at java.util.concurrent.ThreadPoolExecutor.runWorker(ThreadPoolExecutor.java:1134)
        at java.util.concurrent.ThreadPoolExecutor$Worker.run(ThreadPoolExecutor.java:624)
        at java.lang.Thread.run(Thread.java:748)
"IPC Server handler 17 on 46447" daemon prio=5 tid=67 timed_waiting
java.lang.Thread.State: TIMED_WAITING
        at sun.misc.Unsafe.park(Native Method)
        at java.util.concurrent.locks.LockSupport.parkNanos(LockSupport.java:215)
        at java.util.concurrent.locks.AbstractQueuedSynchronizer$ConditionObject.awaitNanos(AbstractQueuedSynchronizer.java:2078)
        at java.util.concurrent.LinkedBlockingQueue.poll(LinkedBlockingQueue.java:467)
        at org.apache.hadoop.ipc.CallQueueManager.take(CallQueueManager.java:288)
        at org.apache.hadoop.ipc.Server$Handler.run(Server.java:2668)
"pool-173-thread-5"  prio=5 tid=876 in Object.wait()
java.lang.Thread.State: WAITING (on object monitor)
        at sun.misc.Unsafe.park(Native Method)
        at java.util.concurrent.locks.LockSupport.park(LockSupport.java:175)
        at java.util.concurrent.locks.AbstractQueuedSynchronizer$ConditionObject.await(AbstractQueuedSynchronizer.java:2039)
        at java.util.concurrent.ArrayBlockingQueue.take(ArrayBlockingQueue.java:403)
        at java.util.concurrent.ThreadPoolExecutor.getTask(ThreadPoolExecutor.java:1074)
        at java.util.concurrent.ThreadPoolExecutor.runWorker(ThreadPoolExecutor.java:1134)
        at java.util.concurrent.ThreadPoolExecutor$Worker.run(ThreadPoolExecutor.java:624)
        at java.lang.Thread.run(Thread.java:748)
"pool-131-thread-35"  prio=5 tid=786 in Object.wait()
java.lang.Thread.State: WAITING (on object monitor)
        at sun.misc.Unsafe.park(Native Method)
        at java.util.concurrent.locks.LockSupport.park(LockSupport.java:175)
        at java.util.concurrent.locks.AbstractQueuedSynchronizer$ConditionObject.await(AbstractQueuedSynchronizer.java:2039)
        at java.util.concurrent.ArrayBlockingQueue.take(ArrayBlockingQueue.java:403)
        at java.util.concurrent.ThreadPoolExecutor.getTask(ThreadPoolExecutor.java:1074)
        at java.util.concurrent.ThreadPoolExecutor.runWorker(ThreadPoolExecutor.java:1134)
        at java.util.concurrent.ThreadPoolExecutor$Worker.run(ThreadPoolExecutor.java:624)
        at java.lang.Thread.run(Thread.java:748)
"pool-68-thread-5"  prio=5 tid=576 in Object.wait()
java.lang.Thread.State: WAITING (on object monitor)
        at sun.misc.Unsafe.park(Native Method)
        at java.util.concurrent.locks.LockSupport.park(LockSupport.java:175)
        at java.util.concurrent.locks.AbstractQueuedSynchronizer$ConditionObject.await(AbstractQueuedSynchronizer.java:2039)
        at java.util.concurrent.ArrayBlockingQueue.take(ArrayBlockingQueue.java:403)
        at java.util.concurrent.ThreadPoolExecutor.getTask(ThreadPoolExecutor.java:1074)
        at java.util.concurrent.ThreadPoolExecutor.runWorker(ThreadPoolExecutor.java:1134)
        at java.util.concurrent.ThreadPoolExecutor$Worker.run(ThreadPoolExecutor.java:624)
        at java.lang.Thread.run(Thread.java:748)
"pool-215-thread-18"  prio=5 tid=1009 in Object.wait()
java.lang.Thread.State: WAITING (on object monitor)
        at sun.misc.Unsafe.park(Native Method)
        at java.util.concurrent.locks.LockSupport.park(LockSupport.java:175)
        at java.util.concurrent.locks.AbstractQueuedSynchronizer$ConditionObject.await(AbstractQueuedSynchronizer.java:2039)
        at java.util.concurrent.ArrayBlockingQueue.take(ArrayBlockingQueue.java:403)
        at java.util.concurrent.ThreadPoolExecutor.getTask(ThreadPoolExecutor.java:1074)
        at java.util.concurrent.ThreadPoolExecutor.runWorker(ThreadPoolExecutor.java:1134)
        at java.util.concurrent.ThreadPoolExecutor$Worker.run(ThreadPoolExecutor.java:624)
        at java.lang.Thread.run(Thread.java:748)
"pool-152-thread-55"  prio=5 tid=866 in Object.wait()
java.lang.Thread.State: WAITING (on object monitor)
        at sun.misc.Unsafe.park(Native Method)
        at java.util.concurrent.locks.LockSupport.park(LockSupport.java:175)
        at java.util.concurrent.locks.AbstractQueuedSynchronizer$ConditionObject.await(AbstractQueuedSynchronizer.java:2039)
        at java.util.concurrent.ArrayBlockingQueue.take(ArrayBlockingQueue.java:403)
        at java.util.concurrent.ThreadPoolExecutor.getTask(ThreadPoolExecutor.java:1074)
        at java.util.concurrent.ThreadPoolExecutor.runWorker(ThreadPoolExecutor.java:1134)
        at java.util.concurrent.ThreadPoolExecutor$Worker.run(ThreadPoolExecutor.java:624)
        at java.lang.Thread.run(Thread.java:748)
"pool-110-thread-44"  prio=5 tid=735 in Object.wait()
java.lang.Thread.State: WAITING (on object monitor)
        at sun.misc.Unsafe.park(Native Method)
        at java.util.concurrent.locks.LockSupport.park(LockSupport.java:175)
        at java.util.concurrent.locks.AbstractQueuedSynchronizer$ConditionObject.await(AbstractQueuedSynchronizer.java:2039)
        at java.util.concurrent.ArrayBlockingQueue.take(ArrayBlockingQueue.java:403)
        at java.util.concurrent.ThreadPoolExecutor.getTask(ThreadPoolExecutor.java:1074)
        at java.util.concurrent.ThreadPoolExecutor.runWorker(ThreadPoolExecutor.java:1134)
        at java.util.concurrent.ThreadPoolExecutor$Worker.run(ThreadPoolExecutor.java:624)
        at java.lang.Thread.run(Thread.java:748)
"pool-68-thread-16"  prio=5 tid=587 in Object.wait()
java.lang.Thread.State: WAITING (on object monitor)
        at sun.misc.Unsafe.park(Native Method)
        at java.util.concurrent.locks.LockSupport.park(LockSupport.java:175)
        at java.util.concurrent.locks.AbstractQueuedSynchronizer$ConditionObject.await(AbstractQueuedSynchronizer.java:2039)
        at java.util.concurrent.ArrayBlockingQueue.take(ArrayBlockingQueue.java:403)
        at java.util.concurrent.ThreadPoolExecutor.getTask(ThreadPoolExecutor.java:1074)
        at java.util.concurrent.ThreadPoolExecutor.runWorker(ThreadPoolExecutor.java:1134)
        at java.util.concurrent.ThreadPoolExecutor$Worker.run(ThreadPoolExecutor.java:624)
        at java.lang.Thread.run(Thread.java:748)
"Datanode State Machine Thread - 0" daemon prio=5 tid=391 timed_waiting
java.lang.Thread.State: TIMED_WAITING
        at sun.misc.Unsafe.park(Native Method)
        at java.util.concurrent.locks.LockSupport.parkNanos(LockSupport.java:215)
        at java.util.concurrent.SynchronousQueue$TransferStack.awaitFulfill(SynchronousQueue.java:460)
        at java.util.concurrent.SynchronousQueue$TransferStack.transfer(SynchronousQueue.java:362)
        at java.util.concurrent.SynchronousQueue.poll(SynchronousQueue.java:941)
        at java.util.concurrent.ThreadPoolExecutor.getTask(ThreadPoolExecutor.java:1073)
        at java.util.concurrent.ThreadPoolExecutor.runWorker(ThreadPoolExecutor.java:1134)
        at java.util.concurrent.ThreadPoolExecutor$Worker.run(ThreadPoolExecutor.java:624)
        at java.lang.Thread.run(Thread.java:748)
"pool-110-thread-26"  prio=5 tid=717 in Object.wait()
java.lang.Thread.State: WAITING (on object monitor)
        at sun.misc.Unsafe.park(Native Method)
        at java.util.concurrent.locks.LockSupport.park(LockSupport.java:175)
        at java.util.concurrent.locks.AbstractQueuedSynchronizer$ConditionObject.await(AbstractQueuedSynchronizer.java:2039)
        at java.util.concurrent.ArrayBlockingQueue.take(ArrayBlockingQueue.java:403)
        at java.util.concurrent.ThreadPoolExecutor.getTask(ThreadPoolExecutor.java:1074)
        at java.util.concurrent.ThreadPoolExecutor.runWorker(ThreadPoolExecutor.java:1134)
        at java.util.concurrent.ThreadPoolExecutor$Worker.run(ThreadPoolExecutor.java:624)
        at java.lang.Thread.run(Thread.java:748)
"IPC Server handler 2 on 33779" daemon prio=5 tid=72 timed_waiting
java.lang.Thread.State: TIMED_WAITING
        at sun.misc.Unsafe.park(Native Method)
        at java.util.concurrent.locks.LockSupport.parkNanos(LockSupport.java:215)
        at java.util.concurrent.locks.AbstractQueuedSynchronizer$ConditionObject.awaitNanos(AbstractQueuedSynchronizer.java:2078)
        at java.util.concurrent.LinkedBlockingQueue.poll(LinkedBlockingQueue.java:467)
        at org.apache.hadoop.ipc.CallQueueManager.take(CallQueueManager.java:288)
        at org.apache.hadoop.ipc.Server$Handler.run(Server.java:2668)
"Datanode State Machine Thread - 0" daemon prio=5 tid=172 timed_waiting
java.lang.Thread.State: TIMED_WAITING
        at java.lang.Thread.sleep(Native Method)
        at org.apache.hadoop.ozone.container.common.statemachine.DatanodeStateMachine.start(DatanodeStateMachine.java:191)
        at org.apache.hadoop.ozone.container.common.statemachine.DatanodeStateMachine.lambda$startDaemon$0(DatanodeStateMachine.java:349)
        at org.apache.hadoop.ozone.container.common.statemachine.DatanodeStateMachine$$Lambda$139/1610803524.run(Unknown Source)
        at java.lang.Thread.run(Thread.java:748)
"pool-26-thread-34"  prio=5 tid=484 in Object.wait()
java.lang.Thread.State: WAITING (on object monitor)
        at sun.misc.Unsafe.park(Native Method)
        at java.util.concurrent.locks.LockSupport.park(LockSupport.java:175)
        at java.util.concurrent.locks.AbstractQueuedSynchronizer$ConditionObject.await(AbstractQueuedSynchronizer.java:2039)
        at java.util.concurrent.ArrayBlockingQueue.take(ArrayBlockingQueue.java:403)
        at java.util.concurrent.ThreadPoolExecutor.getTask(ThreadPoolExecutor.java:1074)
        at java.util.concurrent.ThreadPoolExecutor.runWorker(ThreadPoolExecutor.java:1134)
        at java.util.concurrent.ThreadPoolExecutor$Worker.run(ThreadPoolExecutor.java:624)
        at java.lang.Thread.run(Thread.java:748)
"pool-215-thread-12"  prio=5 tid=1003 in Object.wait()
java.lang.Thread.State: WAITING (on object monitor)
        at sun.misc.Unsafe.park(Native Method)
        at java.util.concurrent.locks.LockSupport.park(LockSupport.java:175)
        at java.util.concurrent.locks.AbstractQueuedSynchronizer$ConditionObject.await(AbstractQueuedSynchronizer.java:2039)
        at java.util.concurrent.ArrayBlockingQueue.take(ArrayBlockingQueue.java:403)
        at java.util.concurrent.ThreadPoolExecutor.getTask(ThreadPoolExecutor.java:1074)
        at java.util.concurrent.ThreadPoolExecutor.runWorker(ThreadPoolExecutor.java:1134)
        at java.util.concurrent.ThreadPoolExecutor$Worker.run(ThreadPoolExecutor.java:624)
        at java.lang.Thread.run(Thread.java:748)
"refreshUsed-/opt/src/hadoop-ozone/integration-test/target/test-dir/MiniOzoneClusterImpl-add696fe-84ac-4b45-a2ee-012b057e1087/datanode-8/data/containers" daemon prio=5 tid=393 timed_waiting
java.lang.Thread.State: TIMED_WAITING
        at java.lang.Thread.sleep(Native Method)
        at org.apache.hadoop.fs.CachingGetSpaceUsed$RefreshThread.run(CachingGetSpaceUsed.java:179)
        at java.lang.Thread.run(Thread.java:748)
"pool-47-thread-51"  prio=5 tid=562 in Object.wait()
java.lang.Thread.State: WAITING (on object monitor)
        at sun.misc.Unsafe.park(Native Method)
        at java.util.concurrent.locks.LockSupport.park(LockSupport.java:175)
        at java.util.concurrent.locks.AbstractQueuedSynchronizer$ConditionObject.await(AbstractQueuedSynchronizer.java:2039)
        at java.util.concurrent.ArrayBlockingQueue.take(ArrayBlockingQueue.java:403)
        at java.util.concurrent.ThreadPoolExecutor.getTask(ThreadPoolExecutor.java:1074)
        at java.util.concurrent.ThreadPoolExecutor.runWorker(ThreadPoolExecutor.java:1134)
        at java.util.concurrent.ThreadPoolExecutor$Worker.run(ThreadPoolExecutor.java:624)
        at java.lang.Thread.run(Thread.java:748)
"pool-26-thread-23"  prio=5 tid=473 in Object.wait()
java.lang.Thread.State: WAITING (on object monitor)
        at sun.misc.Unsafe.park(Native Method)
        at java.util.concurrent.locks.LockSupport.park(LockSupport.java:175)
        at java.util.concurrent.locks.AbstractQueuedSynchronizer$ConditionObject.await(AbstractQueuedSynchronizer.java:2039)
        at java.util.concurrent.ArrayBlockingQueue.take(ArrayBlockingQueue.java:403)
        at java.util.concurrent.ThreadPoolExecutor.getTask(ThreadPoolExecutor.java:1074)
        at java.util.concurrent.ThreadPoolExecutor.runWorker(ThreadPoolExecutor.java:1134)
        at java.util.concurrent.ThreadPoolExecutor$Worker.run(ThreadPoolExecutor.java:624)
        at java.lang.Thread.run(Thread.java:748)
"pool-129-thread-1" daemon prio=5 tid=305 timed_waiting
java.lang.Thread.State: TIMED_WAITING
        at sun.misc.Unsafe.park(Native Method)
        at java.util.concurrent.locks.LockSupport.parkNanos(LockSupport.java:215)
        at java.util.concurrent.locks.AbstractQueuedSynchronizer$ConditionObject.awaitNanos(AbstractQueuedSynchronizer.java:2078)
        at java.util.concurrent.ScheduledThreadPoolExecutor$DelayedWorkQueue.take(ScheduledThreadPoolExecutor.java:1093)
        at java.util.concurrent.ScheduledThreadPoolExecutor$DelayedWorkQueue.take(ScheduledThreadPoolExecutor.java:809)
        at java.util.concurrent.ThreadPoolExecutor.getTask(ThreadPoolExecutor.java:1074)
        at java.util.concurrent.ThreadPoolExecutor.runWorker(ThreadPoolExecutor.java:1134)
        at java.util.concurrent.ThreadPoolExecutor$Worker.run(ThreadPoolExecutor.java:624)
        at java.lang.Thread.run(Thread.java:748)
"pool-215-thread-44"  prio=5 tid=1035 in Object.wait()
java.lang.Thread.State: WAITING (on object monitor)
        at sun.misc.Unsafe.park(Native Method)
        at java.util.concurrent.locks.LockSupport.park(LockSupport.java:175)
        at java.util.concurrent.locks.AbstractQueuedSynchronizer$ConditionObject.await(AbstractQueuedSynchronizer.java:2039)
        at java.util.concurrent.ArrayBlockingQueue.take(ArrayBlockingQueue.java:403)
        at java.util.concurrent.ThreadPoolExecutor.getTask(ThreadPoolExecutor.java:1074)
        at java.util.concurrent.ThreadPoolExecutor.runWorker(ThreadPoolExecutor.java:1134)
        at java.util.concurrent.ThreadPoolExecutor$Worker.run(ThreadPoolExecutor.java:624)
        at java.lang.Thread.run(Thread.java:748)
"pool-110-thread-39"  prio=5 tid=730 in Object.wait()
java.lang.Thread.State: WAITING (on object monitor)
        at sun.misc.Unsafe.park(Native Method)
        at java.util.concurrent.locks.LockSupport.park(LockSupport.java:175)
        at java.util.concurrent.locks.AbstractQueuedSynchronizer$ConditionObject.await(AbstractQueuedSynchronizer.java:2039)
        at java.util.concurrent.ArrayBlockingQueue.take(ArrayBlockingQueue.java:403)
        at java.util.concurrent.ThreadPoolExecutor.getTask(ThreadPoolExecutor.java:1074)
        at java.util.concurrent.ThreadPoolExecutor.runWorker(ThreadPoolExecutor.java:1134)
        at java.util.concurrent.ThreadPoolExecutor$Worker.run(ThreadPoolExecutor.java:624)
        at java.lang.Thread.run(Thread.java:748)
"pool-26-thread-27"  prio=5 tid=477 in Object.wait()
java.lang.Thread.State: WAITING (on object monitor)
        at sun.misc.Unsafe.park(Native Method)
        at java.util.concurrent.locks.LockSupport.park(LockSupport.java:175)
        at java.util.concurrent.locks.AbstractQueuedSynchronizer$ConditionObject.await(AbstractQueuedSynchronizer.java:2039)
        at java.util.concurrent.ArrayBlockingQueue.take(ArrayBlockingQueue.java:403)
        at java.util.concurrent.ThreadPoolExecutor.getTask(ThreadPoolExecutor.java:1074)
        at java.util.concurrent.ThreadPoolExecutor.runWorker(ThreadPoolExecutor.java:1134)
        at java.util.concurrent.ThreadPoolExecutor$Worker.run(ThreadPoolExecutor.java:624)
        at java.lang.Thread.run(Thread.java:748)
"pool-152-thread-9"  prio=5 tid=820 in Object.wait()
java.lang.Thread.State: WAITING (on object monitor)
        at sun.misc.Unsafe.park(Native Method)
        at java.util.concurrent.locks.LockSupport.park(LockSupport.java:175)
        at java.util.concurrent.locks.AbstractQueuedSynchronizer$ConditionObject.await(AbstractQueuedSynchronizer.java:2039)
        at java.util.concurrent.ArrayBlockingQueue.take(ArrayBlockingQueue.java:403)
        at java.util.concurrent.ThreadPoolExecutor.getTask(ThreadPoolExecutor.java:1074)
        at java.util.concurrent.ThreadPoolExecutor.runWorker(ThreadPoolExecutor.java:1134)
        at java.util.concurrent.ThreadPoolExecutor$Worker.run(ThreadPoolExecutor.java:624)
        at java.lang.Thread.run(Thread.java:748)
"pool-26-thread-58"  prio=5 tid=508 in Object.wait()
java.lang.Thread.State: WAITING (on object monitor)
        at sun.misc.Unsafe.park(Native Method)
        at java.util.concurrent.locks.LockSupport.park(LockSupport.java:175)
        at java.util.concurrent.locks.AbstractQueuedSynchronizer$ConditionObject.await(AbstractQueuedSynchronizer.java:2039)
        at java.util.concurrent.ArrayBlockingQueue.take(ArrayBlockingQueue.java:403)
        at java.util.concurrent.ThreadPoolExecutor.getTask(ThreadPoolExecutor.java:1074)
        at java.util.concurrent.ThreadPoolExecutor.runWorker(ThreadPoolExecutor.java:1134)
        at java.util.concurrent.ThreadPoolExecutor$Worker.run(ThreadPoolExecutor.java:624)
        at java.lang.Thread.run(Thread.java:748)
"pool-173-thread-7"  prio=5 tid=878 in Object.wait()
java.lang.Thread.State: WAITING (on object monitor)
        at sun.misc.Unsafe.park(Native Method)
        at java.util.concurrent.locks.LockSupport.park(LockSupport.java:175)
        at java.util.concurrent.locks.AbstractQueuedSynchronizer$ConditionObject.await(AbstractQueuedSynchronizer.java:2039)
        at java.util.concurrent.ArrayBlockingQueue.take(ArrayBlockingQueue.java:403)
        at java.util.concurrent.ThreadPoolExecutor.getTask(ThreadPoolExecutor.java:1074)
        at java.util.concurrent.ThreadPoolExecutor.runWorker(ThreadPoolExecutor.java:1134)
        at java.util.concurrent.ThreadPoolExecutor$Worker.run(ThreadPoolExecutor.java:624)
        at java.lang.Thread.run(Thread.java:748)
"qtp1081635795-160" daemon prio=5 tid=160 runnable
java.lang.Thread.State: RUNNABLE
        at sun.nio.ch.EPollArrayWrapper.epollWait(Native Method)
        at sun.nio.ch.EPollArrayWrapper.poll(EPollArrayWrapper.java:269)
        at sun.nio.ch.EPollSelectorImpl.doSelect(EPollSelectorImpl.java:93)
        at sun.nio.ch.SelectorImpl.lockAndDoSelect(SelectorImpl.java:86)
        at sun.nio.ch.SelectorImpl.select(SelectorImpl.java:97)
        at sun.nio.ch.SelectorImpl.select(SelectorImpl.java:101)
        at org.eclipse.jetty.io.ManagedSelector$SelectorProducer.select(ManagedSelector.java:243)
        at org.eclipse.jetty.io.ManagedSelector$SelectorProducer.produce(ManagedSelector.java:191)
        at org.eclipse.jetty.util.thread.strategy.ExecuteProduceConsume.executeProduceConsume(ExecuteProduceConsume.java:249)
        at org.eclipse.jetty.util.thread.strategy.ExecuteProduceConsume.produceConsume(ExecuteProduceConsume.java:148)
        at org.eclipse.jetty.util.thread.strategy.ExecuteProduceConsume.execute(ExecuteProduceConsume.java:100)
        at org.eclipse.jetty.io.ManagedSelector.run(ManagedSelector.java:147)
        at org.eclipse.jetty.util.thread.QueuedThreadPool.runJob(QueuedThreadPool.java:671)
        at org.eclipse.jetty.util.thread.QueuedThreadPool$2.run(QueuedThreadPool.java:589)
        at java.lang.Thread.run(Thread.java:748)
"StateMachineUpdater-a55bb28c-9a91-49a0-99cd-6faaa1ad267a-group-EEA9FF9406CC" daemon prio=5 tid=1103 in Object.wait()
java.lang.Thread.State: WAITING (on object monitor)
        at java.lang.Object.wait(Native Method)
        at java.lang.Object.wait(Object.java:502)
        at org.apache.ratis.server.impl.StateMachineUpdater.run(StateMachineUpdater.java:138)
        at java.lang.Thread.run(Thread.java:748)
"pool-194-thread-40"  prio=5 tid=971 in Object.wait()
java.lang.Thread.State: WAITING (on object monitor)
        at sun.misc.Unsafe.park(Native Method)
        at java.util.concurrent.locks.LockSupport.park(LockSupport.java:175)
        at java.util.concurrent.locks.AbstractQueuedSynchronizer$ConditionObject.await(AbstractQueuedSynchronizer.java:2039)
        at java.util.concurrent.ArrayBlockingQueue.take(ArrayBlockingQueue.java:403)
        at java.util.concurrent.ThreadPoolExecutor.getTask(ThreadPoolExecutor.java:1074)
        at java.util.concurrent.ThreadPoolExecutor.runWorker(ThreadPoolExecutor.java:1134)
        at java.util.concurrent.ThreadPoolExecutor$Worker.run(ThreadPoolExecutor.java:624)
        at java.lang.Thread.run(Thread.java:748)
"pool-131-thread-44"  prio=5 tid=795 in Object.wait()
java.lang.Thread.State: WAITING (on object monitor)
        at sun.misc.Unsafe.park(Native Method)
        at java.util.concurrent.locks.LockSupport.park(LockSupport.java:175)
        at java.util.concurrent.locks.AbstractQueuedSynchronizer$ConditionObject.await(AbstractQueuedSynchronizer.java:2039)
        at java.util.concurrent.ArrayBlockingQueue.take(ArrayBlockingQueue.java:403)
        at java.util.concurrent.ThreadPoolExecutor.getTask(ThreadPoolExecutor.java:1074)
        at java.util.concurrent.ThreadPoolExecutor.runWorker(ThreadPoolExecutor.java:1134)
        at java.util.concurrent.ThreadPoolExecutor$Worker.run(ThreadPoolExecutor.java:624)
        at java.lang.Thread.run(Thread.java:748)
"pool-194-thread-33"  prio=5 tid=964 in Object.wait()
java.lang.Thread.State: WAITING (on object monitor)
        at sun.misc.Unsafe.park(Native Method)
        at java.util.concurrent.locks.LockSupport.park(LockSupport.java:175)
        at java.util.concurrent.locks.AbstractQueuedSynchronizer$ConditionObject.await(AbstractQueuedSynchronizer.java:2039)
        at java.util.concurrent.ArrayBlockingQueue.take(ArrayBlockingQueue.java:403)
        at java.util.concurrent.ThreadPoolExecutor.getTask(ThreadPoolExecutor.java:1074)
        at java.util.concurrent.ThreadPoolExecutor.runWorker(ThreadPoolExecutor.java:1134)
        at java.util.concurrent.ThreadPoolExecutor$Worker.run(ThreadPoolExecutor.java:624)
        at java.lang.Thread.run(Thread.java:748)
"java.util.concurrent.ThreadPoolExecutor$Worker@459b0b2b[State = -1, empty queue]" daemon prio=5 tid=1211 timed_waiting
java.lang.Thread.State: TIMED_WAITING
        at sun.misc.Unsafe.park(Native Method)
        at java.util.concurrent.locks.LockSupport.parkNanos(LockSupport.java:215)
        at java.util.concurrent.locks.AbstractQueuedSynchronizer$ConditionObject.awaitNanos(AbstractQueuedSynchronizer.java:2078)
        at java.util.concurrent.ScheduledThreadPoolExecutor$DelayedWorkQueue.take(ScheduledThreadPoolExecutor.java:1093)
        at java.util.concurrent.ScheduledThreadPoolExecutor$DelayedWorkQueue.take(ScheduledThreadPoolExecutor.java:809)
        at java.util.concurrent.ThreadPoolExecutor.getTask(ThreadPoolExecutor.java:1074)
        at java.util.concurrent.ThreadPoolExecutor.runWorker(ThreadPoolExecutor.java:1134)
        at java.util.concurrent.ThreadPoolExecutor$Worker.run(ThreadPoolExecutor.java:624)
        at java.lang.Thread.run(Thread.java:748)
"pool-194-thread-19"  prio=5 tid=950 in Object.wait()
java.lang.Thread.State: WAITING (on object monitor)
        at sun.misc.Unsafe.park(Native Method)
        at java.util.concurrent.locks.LockSupport.park(LockSupport.java:175)
        at java.util.concurrent.locks.AbstractQueuedSynchronizer$ConditionObject.await(AbstractQueuedSynchronizer.java:2039)
        at java.util.concurrent.ArrayBlockingQueue.take(ArrayBlockingQueue.java:403)
        at java.util.concurrent.ThreadPoolExecutor.getTask(ThreadPoolExecutor.java:1074)
        at java.util.concurrent.ThreadPoolExecutor.runWorker(ThreadPoolExecutor.java:1134)
        at java.util.concurrent.ThreadPoolExecutor$Worker.run(ThreadPoolExecutor.java:624)
        at java.lang.Thread.run(Thread.java:748)
"Datanode ReportManager Thread - 0" daemon prio=5 tid=413 in Object.wait()
java.lang.Thread.State: WAITING (on object monitor)
        at sun.misc.Unsafe.park(Native Method)
        at java.util.concurrent.locks.LockSupport.park(LockSupport.java:175)
        at java.util.concurrent.locks.AbstractQueuedSynchronizer$ConditionObject.await(AbstractQueuedSynchronizer.java:2039)
        at java.util.concurrent.ScheduledThreadPoolExecutor$DelayedWorkQueue.take(ScheduledThreadPoolExecutor.java:1088)
        at java.util.concurrent.ScheduledThreadPoolExecutor$DelayedWorkQueue.take(ScheduledThreadPoolExecutor.java:809)
        at java.util.concurrent.ThreadPoolExecutor.getTask(ThreadPoolExecutor.java:1074)
        at java.util.concurrent.ThreadPoolExecutor.runWorker(ThreadPoolExecutor.java:1134)
        at java.util.concurrent.ThreadPoolExecutor$Worker.run(ThreadPoolExecutor.java:624)
        at java.lang.Thread.run(Thread.java:748)
"pool-215-thread-48"  prio=5 tid=1039 in Object.wait()
java.lang.Thread.State: WAITING (on object monitor)
        at sun.misc.Unsafe.park(Native Method)
        at java.util.concurrent.locks.LockSupport.park(LockSupport.java:175)
        at java.util.concurrent.locks.AbstractQueuedSynchronizer$ConditionObject.await(AbstractQueuedSynchronizer.java:2039)
        at java.util.concurrent.ArrayBlockingQueue.take(ArrayBlockingQueue.java:403)
        at java.util.concurrent.ThreadPoolExecutor.getTask(ThreadPoolExecutor.java:1074)
        at java.util.concurrent.ThreadPoolExecutor.runWorker(ThreadPoolExecutor.java:1134)
        at java.util.concurrent.ThreadPoolExecutor$Worker.run(ThreadPoolExecutor.java:624)
        at java.lang.Thread.run(Thread.java:748)
"pool-152-thread-23"  prio=5 tid=834 in Object.wait()
java.lang.Thread.State: WAITING (on object monitor)
        at sun.misc.Unsafe.park(Native Method)
        at java.util.concurrent.locks.LockSupport.park(LockSupport.java:175)
        at java.util.concurrent.locks.AbstractQueuedSynchronizer$ConditionObject.await(AbstractQueuedSynchronizer.java:2039)
        at java.util.concurrent.ArrayBlockingQueue.take(ArrayBlockingQueue.java:403)
        at java.util.concurrent.ThreadPoolExecutor.getTask(ThreadPoolExecutor.java:1074)
        at java.util.concurrent.ThreadPoolExecutor.runWorker(ThreadPoolExecutor.java:1134)
        at java.util.concurrent.ThreadPoolExecutor$Worker.run(ThreadPoolExecutor.java:624)
        at java.lang.Thread.run(Thread.java:748)
"pool-215-thread-10"  prio=5 tid=1001 in Object.wait()
java.lang.Thread.State: WAITING (on object monitor)
        at sun.misc.Unsafe.park(Native Method)
        at java.util.concurrent.locks.LockSupport.park(LockSupport.java:175)
        at java.util.concurrent.locks.AbstractQueuedSynchronizer$ConditionObject.await(AbstractQueuedSynchronizer.java:2039)
        at java.util.concurrent.ArrayBlockingQueue.take(ArrayBlockingQueue.java:403)
        at java.util.concurrent.ThreadPoolExecutor.getTask(ThreadPoolExecutor.java:1074)
        at java.util.concurrent.ThreadPoolExecutor.runWorker(ThreadPoolExecutor.java:1134)
        at java.util.concurrent.ThreadPoolExecutor$Worker.run(ThreadPoolExecutor.java:624)
        at java.lang.Thread.run(Thread.java:748)
"IPC Server handler 14 on 33423" daemon prio=5 tid=44 timed_waiting
java.lang.Thread.State: TIMED_WAITING
        at sun.misc.Unsafe.park(Native Method)
        at java.util.concurrent.locks.LockSupport.parkNanos(LockSupport.java:215)
        at java.util.concurrent.locks.AbstractQueuedSynchronizer$ConditionObject.awaitNanos(AbstractQueuedSynchronizer.java:2078)
        at java.util.concurrent.LinkedBlockingQueue.poll(LinkedBlockingQueue.java:467)
        at org.apache.hadoop.ipc.CallQueueManager.take(CallQueueManager.java:288)
        at org.apache.hadoop.ipc.Server$Handler.run(Server.java:2668)
"pool-26-thread-54"  prio=5 tid=504 in Object.wait()
java.lang.Thread.State: WAITING (on object monitor)
        at sun.misc.Unsafe.park(Native Method)
        at java.util.concurrent.locks.LockSupport.park(LockSupport.java:175)
        at java.util.concurrent.locks.AbstractQueuedSynchronizer$ConditionObject.await(AbstractQueuedSynchronizer.java:2039)
        at java.util.concurrent.ArrayBlockingQueue.take(ArrayBlockingQueue.java:403)
        at java.util.concurrent.ThreadPoolExecutor.getTask(ThreadPoolExecutor.java:1074)
        at java.util.concurrent.ThreadPoolExecutor.runWorker(ThreadPoolExecutor.java:1134)
        at java.util.concurrent.ThreadPoolExecutor$Worker.run(ThreadPoolExecutor.java:624)
        at java.lang.Thread.run(Thread.java:748)
"IPC Server Responder" daemon prio=5 tid=109 runnable
java.lang.Thread.State: RUNNABLE
        at sun.nio.ch.EPollArrayWrapper.epollWait(Native Method)
        at sun.nio.ch.EPollArrayWrapper.poll(EPollArrayWrapper.java:269)
        at sun.nio.ch.EPollSelectorImpl.doSelect(EPollSelectorImpl.java:93)
        at sun.nio.ch.SelectorImpl.lockAndDoSelect(SelectorImpl.java:86)
        at sun.nio.ch.SelectorImpl.select(SelectorImpl.java:97)
        at org.apache.hadoop.ipc.Server$Responder.doRunLoop(Server.java:1334)
        at org.apache.hadoop.ipc.Server$Responder.run(Server.java:1317)
"Thread-383" daemon prio=5 tid=1196 timed_waiting
java.lang.Thread.State: TIMED_WAITING
        at sun.misc.Unsafe.park(Native Method)
        at java.util.concurrent.locks.LockSupport.parkNanos(LockSupport.java:215)
        at java.util.concurrent.locks.AbstractQueuedSynchronizer$ConditionObject.awaitNanos(AbstractQueuedSynchronizer.java:2078)
        at java.util.concurrent.ArrayBlockingQueue.poll(ArrayBlockingQueue.java:418)
        at org.apache.ratis.server.impl.LeaderState$EventQueue.poll(LeaderState.java:114)
        at org.apache.ratis.server.impl.LeaderState$EventProcessor.run(LeaderState.java:438)
"org.apache.hadoop.util.JvmPauseMonitor$Monitor@3ca6f3d5" daemon prio=5 tid=238 timed_waiting
java.lang.Thread.State: TIMED_WAITING
        at java.lang.Thread.sleep(Native Method)
        at org.apache.hadoop.util.JvmPauseMonitor$Monitor.run(JvmPauseMonitor.java:192)
        at java.lang.Thread.run(Thread.java:748)
"pool-152-thread-60"  prio=5 tid=871 in Object.wait()
java.lang.Thread.State: WAITING (on object monitor)
        at sun.misc.Unsafe.park(Native Method)
        at java.util.concurrent.locks.LockSupport.park(LockSupport.java:175)
        at java.util.concurrent.locks.AbstractQueuedSynchronizer$ConditionObject.await(AbstractQueuedSynchronizer.java:2039)
        at java.util.concurrent.ArrayBlockingQueue.take(ArrayBlockingQueue.java:403)
        at java.util.concurrent.ThreadPoolExecutor.getTask(ThreadPoolExecutor.java:1074)
        at java.util.concurrent.ThreadPoolExecutor.runWorker(ThreadPoolExecutor.java:1134)
        at java.util.concurrent.ThreadPoolExecutor$Worker.run(ThreadPoolExecutor.java:624)
        at java.lang.Thread.run(Thread.java:748)
"nioEventLoopGroup-2-1"  prio=10 tid=171 runnable
java.lang.Thread.State: RUNNABLE
        at sun.nio.ch.EPollArrayWrapper.epollWait(Native Method)
        at sun.nio.ch.EPollArrayWrapper.poll(EPollArrayWrapper.java:269)
        at sun.nio.ch.EPollSelectorImpl.doSelect(EPollSelectorImpl.java:93)
        at sun.nio.ch.SelectorImpl.lockAndDoSelect(SelectorImpl.java:86)
        at sun.nio.ch.SelectorImpl.select(SelectorImpl.java:97)
        at io.netty.channel.nio.SelectedSelectionKeySetSelector.select(SelectedSelectionKeySetSelector.java:62)
        at io.netty.channel.nio.NioEventLoop.select(NioEventLoop.java:753)
        at io.netty.channel.nio.NioEventLoop.run(NioEventLoop.java:408)
        at io.netty.util.concurrent.SingleThreadEventExecutor$5.run(SingleThreadEventExecutor.java:897)
        at io.netty.util.concurrent.FastThreadLocalRunnable.run(FastThreadLocalRunnable.java:30)
        at java.lang.Thread.run(Thread.java:748)
"IPC Server handler 9 on 33423" daemon prio=5 tid=39 timed_waiting
java.lang.Thread.State: TIMED_WAITING
        at sun.misc.Unsafe.park(Native Method)
        at java.util.concurrent.locks.LockSupport.parkNanos(LockSupport.java:215)
        at java.util.concurrent.locks.AbstractQueuedSynchronizer$ConditionObject.awaitNanos(AbstractQueuedSynchronizer.java:2078)
        at java.util.concurrent.LinkedBlockingQueue.poll(LinkedBlockingQueue.java:467)
        at org.apache.hadoop.ipc.CallQueueManager.take(CallQueueManager.java:288)
        at org.apache.hadoop.ipc.Server$Handler.run(Server.java:2668)
"pool-152-thread-7"  prio=5 tid=818 in Object.wait()
java.lang.Thread.State: WAITING (on object monitor)
        at sun.misc.Unsafe.park(Native Method)
        at java.util.concurrent.locks.LockSupport.park(LockSupport.java:175)
        at java.util.concurrent.locks.AbstractQueuedSynchronizer$ConditionObject.await(AbstractQueuedSynchronizer.java:2039)
        at java.util.concurrent.ArrayBlockingQueue.take(ArrayBlockingQueue.java:403)
        at java.util.concurrent.ThreadPoolExecutor.getTask(ThreadPoolExecutor.java:1074)
        at java.util.concurrent.ThreadPoolExecutor.runWorker(ThreadPoolExecutor.java:1134)
        at java.util.concurrent.ThreadPoolExecutor$Worker.run(ThreadPoolExecutor.java:624)
        at java.lang.Thread.run(Thread.java:748)
"pool-215-thread-3"  prio=5 tid=994 in Object.wait()
java.lang.Thread.State: WAITING (on object monitor)
        at sun.misc.Unsafe.park(Native Method)
        at java.util.concurrent.locks.LockSupport.park(LockSupport.java:175)
        at java.util.concurrent.locks.AbstractQueuedSynchronizer$ConditionObject.await(AbstractQueuedSynchronizer.java:2039)
        at java.util.concurrent.ArrayBlockingQueue.take(ArrayBlockingQueue.java:403)
        at java.util.concurrent.ThreadPoolExecutor.getTask(ThreadPoolExecutor.java:1074)
        at java.util.concurrent.ThreadPoolExecutor.runWorker(ThreadPoolExecutor.java:1134)
        at java.util.concurrent.ThreadPoolExecutor$Worker.run(ThreadPoolExecutor.java:624)
        at java.lang.Thread.run(Thread.java:748)
"qtp602280210-312" daemon prio=5 tid=312 timed_waiting
java.lang.Thread.State: TIMED_WAITING
        at sun.misc.Unsafe.park(Native Method)
        at java.util.concurrent.locks.LockSupport.parkNanos(LockSupport.java:215)
        at java.util.concurrent.locks.AbstractQueuedSynchronizer$ConditionObject.awaitNanos(AbstractQueuedSynchronizer.java:2078)
        at org.eclipse.jetty.util.BlockingArrayQueue.poll(BlockingArrayQueue.java:392)
        at org.eclipse.jetty.util.thread.QueuedThreadPool.idleJobPoll(QueuedThreadPool.java:563)
        at org.eclipse.jetty.util.thread.QueuedThreadPool.access$800(QueuedThreadPool.java:48)
        at org.eclipse.jetty.util.thread.QueuedThreadPool$2.run(QueuedThreadPool.java:626)
        at java.lang.Thread.run(Thread.java:748)
"Datanode State Machine Thread - 0" daemon prio=5 tid=382 timed_waiting
java.lang.Thread.State: TIMED_WAITING
        at java.lang.Thread.sleep(Native Method)
        at org.apache.hadoop.ozone.container.common.statemachine.DatanodeStateMachine.start(DatanodeStateMachine.java:191)
        at org.apache.hadoop.ozone.container.common.statemachine.DatanodeStateMachine.lambda$startDaemon$0(DatanodeStateMachine.java:349)
        at org.apache.hadoop.ozone.container.common.statemachine.DatanodeStateMachine$$Lambda$139/1610803524.run(Unknown Source)
        at java.lang.Thread.run(Thread.java:748)
"org.eclipse.jetty.server.session.HashSessionManager@31b0f02Timer" daemon prio=5 tid=258 timed_waiting
java.lang.Thread.State: TIMED_WAITING
        at sun.misc.Unsafe.park(Native Method)
        at java.util.concurrent.locks.LockSupport.parkNanos(LockSupport.java:215)
        at java.util.concurrent.locks.AbstractQueuedSynchronizer$ConditionObject.awaitNanos(AbstractQueuedSynchronizer.java:2078)
        at java.util.concurrent.ScheduledThreadPoolExecutor$DelayedWorkQueue.take(ScheduledThreadPoolExecutor.java:1093)
        at java.util.concurrent.ScheduledThreadPoolExecutor$DelayedWorkQueue.take(ScheduledThreadPoolExecutor.java:809)
        at java.util.concurrent.ThreadPoolExecutor.getTask(ThreadPoolExecutor.java:1074)
        at java.util.concurrent.ThreadPoolExecutor.runWorker(ThreadPoolExecutor.java:1134)
        at java.util.concurrent.ThreadPoolExecutor$Worker.run(ThreadPoolExecutor.java:624)
        at java.lang.Thread.run(Thread.java:748)
"pool-110-thread-28"  prio=5 tid=719 in Object.wait()
java.lang.Thread.State: WAITING (on object monitor)
        at sun.misc.Unsafe.park(Native Method)
        at java.util.concurrent.locks.LockSupport.park(LockSupport.java:175)
        at java.util.concurrent.locks.AbstractQueuedSynchronizer$ConditionObject.await(AbstractQueuedSynchronizer.java:2039)
        at java.util.concurrent.ArrayBlockingQueue.take(ArrayBlockingQueue.java:403)
        at java.util.concurrent.ThreadPoolExecutor.getTask(ThreadPoolExecutor.java:1074)
        at java.util.concurrent.ThreadPoolExecutor.runWorker(ThreadPoolExecutor.java:1134)
        at java.util.concurrent.ThreadPoolExecutor$Worker.run(ThreadPoolExecutor.java:624)
        at java.lang.Thread.run(Thread.java:748)
"pool-173-thread-1"  prio=5 tid=872 in Object.wait()
java.lang.Thread.State: WAITING (on object monitor)
        at sun.misc.Unsafe.park(Native Method)
        at java.util.concurrent.locks.LockSupport.park(LockSupport.java:175)
        at java.util.concurrent.locks.AbstractQueuedSynchronizer$ConditionObject.await(AbstractQueuedSynchronizer.java:2039)
        at java.util.concurrent.ArrayBlockingQueue.take(ArrayBlockingQueue.java:403)
        at java.util.concurrent.ThreadPoolExecutor.getTask(ThreadPoolExecutor.java:1074)
        at java.util.concurrent.ThreadPoolExecutor.runWorker(ThreadPoolExecutor.java:1134)
        at java.util.concurrent.ThreadPoolExecutor$Worker.run(ThreadPoolExecutor.java:624)
        at java.lang.Thread.run(Thread.java:748)
"pool-194-thread-23"  prio=5 tid=954 in Object.wait()
java.lang.Thread.State: WAITING (on object monitor)
        at sun.misc.Unsafe.park(Native Method)
        at java.util.concurrent.locks.LockSupport.park(LockSupport.java:175)
        at java.util.concurrent.locks.AbstractQueuedSynchronizer$ConditionObject.await(AbstractQueuedSynchronizer.java:2039)
        at java.util.concurrent.ArrayBlockingQueue.take(ArrayBlockingQueue.java:403)
        at java.util.concurrent.ThreadPoolExecutor.getTask(ThreadPoolExecutor.java:1074)
        at java.util.concurrent.ThreadPoolExecutor.runWorker(ThreadPoolExecutor.java:1134)
        at java.util.concurrent.ThreadPoolExecutor$Worker.run(ThreadPoolExecutor.java:624)
        at java.lang.Thread.run(Thread.java:748)
"Command processor thread" daemon prio=5 tid=359 timed_waiting
java.lang.Thread.State: TIMED_WAITING
        at java.lang.Thread.sleep(Native Method)
        at org.apache.hadoop.ozone.container.common.statemachine.DatanodeStateMachine.lambda$initCommandHandlerThread$1(DatanodeStateMachine.java:439)
        at org.apache.hadoop.ozone.container.common.statemachine.DatanodeStateMachine$$Lambda$140/804134309.run(Unknown Source)
        at java.lang.Thread.run(Thread.java:748)
"pool-131-thread-25"  prio=5 tid=776 in Object.wait()
java.lang.Thread.State: WAITING (on object monitor)
        at sun.misc.Unsafe.park(Native Method)
        at java.util.concurrent.locks.LockSupport.park(LockSupport.java:175)
        at java.util.concurrent.locks.AbstractQueuedSynchronizer$ConditionObject.await(AbstractQueuedSynchronizer.java:2039)
        at java.util.concurrent.ArrayBlockingQueue.take(ArrayBlockingQueue.java:403)
        at java.util.concurrent.ThreadPoolExecutor.getTask(ThreadPoolExecutor.java:1074)
        at java.util.concurrent.ThreadPoolExecutor.runWorker(ThreadPoolExecutor.java:1134)
        at java.util.concurrent.ThreadPoolExecutor$Worker.run(ThreadPoolExecutor.java:624)
        at java.lang.Thread.run(Thread.java:748)
"org.apache.hadoop.util.JvmPauseMonitor$Monitor@439a8f59" daemon prio=5 tid=103 timed_waiting
java.lang.Thread.State: TIMED_WAITING
        at java.lang.Thread.sleep(Native Method)
        at org.apache.hadoop.util.JvmPauseMonitor$Monitor.run(JvmPauseMonitor.java:192)
        at java.lang.Thread.run(Thread.java:748)
"grpc-default-boss-ELG-1-1" daemon prio=5 tid=511 runnable
java.lang.Thread.State: RUNNABLE
        at sun.nio.ch.EPollArrayWrapper.epollWait(Native Method)
        at sun.nio.ch.EPollArrayWrapper.poll(EPollArrayWrapper.java:269)
        at sun.nio.ch.EPollSelectorImpl.doSelect(EPollSelectorImpl.java:93)
        at sun.nio.ch.SelectorImpl.lockAndDoSelect(SelectorImpl.java:86)
        at sun.nio.ch.SelectorImpl.select(SelectorImpl.java:97)
        at org.apache.ratis.thirdparty.io.netty.channel.nio.SelectedSelectionKeySetSelector.select(SelectedSelectionKeySetSelector.java:62)
        at org.apache.ratis.thirdparty.io.netty.channel.nio.NioEventLoop.select(NioEventLoop.java:753)
        at org.apache.ratis.thirdparty.io.netty.channel.nio.NioEventLoop.run(NioEventLoop.java:408)
        at org.apache.ratis.thirdparty.io.netty.util.concurrent.SingleThreadEventExecutor$5.run(SingleThreadEventExecutor.java:897)
        at org.apache.ratis.thirdparty.io.netty.util.concurrent.FastThreadLocalRunnable.run(FastThreadLocalRunnable.java:30)
        at java.lang.Thread.run(Thread.java:748)
"pool-173-thread-4"  prio=5 tid=875 in Object.wait()
java.lang.Thread.State: WAITING (on object monitor)
        at sun.misc.Unsafe.park(Native Method)
        at java.util.concurrent.locks.LockSupport.park(LockSupport.java:175)
        at java.util.concurrent.locks.AbstractQueuedSynchronizer$ConditionObject.await(AbstractQueuedSynchronizer.java:2039)
        at java.util.concurrent.ArrayBlockingQueue.take(ArrayBlockingQueue.java:403)
        at java.util.concurrent.ThreadPoolExecutor.getTask(ThreadPoolExecutor.java:1074)
        at java.util.concurrent.ThreadPoolExecutor.runWorker(ThreadPoolExecutor.java:1134)
        at java.util.concurrent.ThreadPoolExecutor$Worker.run(ThreadPoolExecutor.java:624)
        at java.lang.Thread.run(Thread.java:748)
"qtp630669831-251-acceptor-0@35c52bbb-ServerConnector@8c12524{HTTP/1.1,[http/1.1]}{0.0.0.0:41435}" daemon prio=3 tid=251 runnable
java.lang.Thread.State: RUNNABLE
        at sun.nio.ch.ServerSocketChannelImpl.accept0(Native Method)
        at sun.nio.ch.ServerSocketChannelImpl.accept(ServerSocketChannelImpl.java:422)
        at sun.nio.ch.ServerSocketChannelImpl.accept(ServerSocketChannelImpl.java:250)
        at org.eclipse.jetty.server.ServerConnector.accept(ServerConnector.java:397)
        at org.eclipse.jetty.server.AbstractConnector$Acceptor.run(AbstractConnector.java:601)
        at org.eclipse.jetty.util.thread.QueuedThreadPool.runJob(QueuedThreadPool.java:671)
        at org.eclipse.jetty.util.thread.QueuedThreadPool$2.run(QueuedThreadPool.java:589)
        at java.lang.Thread.run(Thread.java:748)
"qtp644718663-436" daemon prio=5 tid=436 timed_waiting
java.lang.Thread.State: TIMED_WAITING
        at sun.misc.Unsafe.park(Native Method)
        at java.util.concurrent.locks.LockSupport.parkNanos(LockSupport.java:215)
        at java.util.concurrent.locks.AbstractQueuedSynchronizer$ConditionObject.awaitNanos(AbstractQueuedSynchronizer.java:2078)
        at org.eclipse.jetty.util.BlockingArrayQueue.poll(BlockingArrayQueue.java:392)
        at org.eclipse.jetty.util.thread.QueuedThreadPool.idleJobPoll(QueuedThreadPool.java:563)
        at org.eclipse.jetty.util.thread.QueuedThreadPool.access$800(QueuedThreadPool.java:48)
        at org.eclipse.jetty.util.thread.QueuedThreadPool$2.run(QueuedThreadPool.java:626)
        at java.lang.Thread.run(Thread.java:748)
"pool-173-thread-15"  prio=5 tid=886 in Object.wait()
java.lang.Thread.State: WAITING (on object monitor)
        at sun.misc.Unsafe.park(Native Method)
        at java.util.concurrent.locks.LockSupport.park(LockSupport.java:175)
        at java.util.concurrent.locks.AbstractQueuedSynchronizer$ConditionObject.await(AbstractQueuedSynchronizer.java:2039)
        at java.util.concurrent.ArrayBlockingQueue.take(ArrayBlockingQueue.java:403)
        at java.util.concurrent.ThreadPoolExecutor.getTask(ThreadPoolExecutor.java:1074)
        at java.util.concurrent.ThreadPoolExecutor.runWorker(ThreadPoolExecutor.java:1134)
        at java.util.concurrent.ThreadPoolExecutor$Worker.run(ThreadPoolExecutor.java:624)
        at java.lang.Thread.run(Thread.java:748)
"pool-173-thread-8"  prio=5 tid=879 in Object.wait()
java.lang.Thread.State: WAITING (on object monitor)
        at sun.misc.Unsafe.park(Native Method)
        at java.util.concurrent.locks.LockSupport.park(LockSupport.java:175)
        at java.util.concurrent.locks.AbstractQueuedSynchronizer$ConditionObject.await(AbstractQueuedSynchronizer.java:2039)
        at java.util.concurrent.ArrayBlockingQueue.take(ArrayBlockingQueue.java:403)
        at java.util.concurrent.ThreadPoolExecutor.getTask(ThreadPoolExecutor.java:1074)
        at java.util.concurrent.ThreadPoolExecutor.runWorker(ThreadPoolExecutor.java:1134)
        at java.util.concurrent.ThreadPoolExecutor$Worker.run(ThreadPoolExecutor.java:624)
        at java.lang.Thread.run(Thread.java:748)
"nioEventLoopGroup-20-1"  prio=10 tid=441 runnable
java.lang.Thread.State: RUNNABLE
        at sun.nio.ch.EPollArrayWrapper.epollWait(Native Method)
        at sun.nio.ch.EPollArrayWrapper.poll(EPollArrayWrapper.java:269)
        at sun.nio.ch.EPollSelectorImpl.doSelect(EPollSelectorImpl.java:93)
        at sun.nio.ch.SelectorImpl.lockAndDoSelect(SelectorImpl.java:86)
        at sun.nio.ch.SelectorImpl.select(SelectorImpl.java:97)
        at io.netty.channel.nio.SelectedSelectionKeySetSelector.select(SelectedSelectionKeySetSelector.java:62)
        at io.netty.channel.nio.NioEventLoop.select(NioEventLoop.java:753)
        at io.netty.channel.nio.NioEventLoop.run(NioEventLoop.java:408)
        at io.netty.util.concurrent.SingleThreadEventExecutor$5.run(SingleThreadEventExecutor.java:897)
        at io.netty.util.concurrent.FastThreadLocalRunnable.run(FastThreadLocalRunnable.java:30)
        at java.lang.Thread.run(Thread.java:748)
"IPC Server handler 19 on 33779" daemon prio=5 tid=89 timed_waiting
java.lang.Thread.State: TIMED_WAITING
        at sun.misc.Unsafe.park(Native Method)
        at java.util.concurrent.locks.LockSupport.parkNanos(LockSupport.java:215)
        at java.util.concurrent.locks.AbstractQueuedSynchronizer$ConditionObject.awaitNanos(AbstractQueuedSynchronizer.java:2078)
        at java.util.concurrent.LinkedBlockingQueue.poll(LinkedBlockingQueue.java:467)
        at org.apache.hadoop.ipc.CallQueueManager.take(CallQueueManager.java:288)
        at org.apache.hadoop.ipc.Server$Handler.run(Server.java:2668)
"qtp391333725-371-acceptor-0@3a8004b1-ServerConnector@7871d261{HTTP/1.1,[http/1.1]}{0.0.0.0:40389}" daemon prio=3 tid=371 runnable
java.lang.Thread.State: RUNNABLE
        at sun.nio.ch.ServerSocketChannelImpl.accept0(Native Method)
        at sun.nio.ch.ServerSocketChannelImpl.accept(ServerSocketChannelImpl.java:422)
        at sun.nio.ch.ServerSocketChannelImpl.accept(ServerSocketChannelImpl.java:250)
        at org.eclipse.jetty.server.ServerConnector.accept(ServerConnector.java:397)
        at org.eclipse.jetty.server.AbstractConnector$Acceptor.run(AbstractConnector.java:601)
        at org.eclipse.jetty.util.thread.QueuedThreadPool.runJob(QueuedThreadPool.java:671)
        at org.eclipse.jetty.util.thread.QueuedThreadPool$2.run(QueuedThreadPool.java:589)
        at java.lang.Thread.run(Thread.java:748)
"org.eclipse.jetty.server.session.HashSessionManager@2af46afdTimer" daemon prio=5 tid=170 timed_waiting
java.lang.Thread.State: TIMED_WAITING
        at sun.misc.Unsafe.park(Native Method)
        at java.util.concurrent.locks.LockSupport.parkNanos(LockSupport.java:215)
        at java.util.concurrent.locks.AbstractQueuedSynchronizer$ConditionObject.awaitNanos(AbstractQueuedSynchronizer.java:2078)
        at java.util.concurrent.ScheduledThreadPoolExecutor$DelayedWorkQueue.take(ScheduledThreadPoolExecutor.java:1093)
        at java.util.concurrent.ScheduledThreadPoolExecutor$DelayedWorkQueue.take(ScheduledThreadPoolExecutor.java:809)
        at java.util.concurrent.ThreadPoolExecutor.getTask(ThreadPoolExecutor.java:1074)
        at java.util.concurrent.ThreadPoolExecutor.runWorker(ThreadPoolExecutor.java:1134)
        at java.util.concurrent.ThreadPoolExecutor$Worker.run(ThreadPoolExecutor.java:624)
        at java.lang.Thread.run(Thread.java:748)
"pool-131-thread-53"  prio=5 tid=804 in Object.wait()
java.lang.Thread.State: WAITING (on object monitor)
        at sun.misc.Unsafe.park(Native Method)
        at java.util.concurrent.locks.LockSupport.park(LockSupport.java:175)
        at java.util.concurrent.locks.AbstractQueuedSynchronizer$ConditionObject.await(AbstractQueuedSynchronizer.java:2039)
        at java.util.concurrent.ArrayBlockingQueue.take(ArrayBlockingQueue.java:403)
        at java.util.concurrent.ThreadPoolExecutor.getTask(ThreadPoolExecutor.java:1074)
        at java.util.concurrent.ThreadPoolExecutor.runWorker(ThreadPoolExecutor.java:1134)
        at java.util.concurrent.ThreadPoolExecutor$Worker.run(ThreadPoolExecutor.java:624)
        at java.lang.Thread.run(Thread.java:748)
"Datanode ReportManager Thread - 3" daemon prio=5 tid=178 timed_waiting
java.lang.Thread.State: TIMED_WAITING
        at sun.misc.Unsafe.park(Native Method)
        at java.util.concurrent.locks.LockSupport.parkNanos(LockSupport.java:215)
        at java.util.concurrent.locks.AbstractQueuedSynchronizer$ConditionObject.awaitNanos(AbstractQueuedSynchronizer.java:2078)
        at java.util.concurrent.ScheduledThreadPoolExecutor$DelayedWorkQueue.take(ScheduledThreadPoolExecutor.java:1093)
        at java.util.concurrent.ScheduledThreadPoolExecutor$DelayedWorkQueue.take(ScheduledThreadPoolExecutor.java:809)
        at java.util.concurrent.ThreadPoolExecutor.getTask(ThreadPoolExecutor.java:1074)
        at java.util.concurrent.ThreadPoolExecutor.runWorker(ThreadPoolExecutor.java:1134)
        at java.util.concurrent.ThreadPoolExecutor$Worker.run(ThreadPoolExecutor.java:624)
        at java.lang.Thread.run(Thread.java:748)
"pool-26-thread-13"  prio=5 tid=463 in Object.wait()
java.lang.Thread.State: WAITING (on object monitor)
        at sun.misc.Unsafe.park(Native Method)
        at java.util.concurrent.locks.LockSupport.park(LockSupport.java:175)
        at java.util.concurrent.locks.AbstractQueuedSynchronizer$ConditionObject.await(AbstractQueuedSynchronizer.java:2039)
        at java.util.concurrent.ArrayBlockingQueue.take(ArrayBlockingQueue.java:403)
        at java.util.concurrent.ThreadPoolExecutor.getTask(ThreadPoolExecutor.java:1074)
        at java.util.concurrent.ThreadPoolExecutor.runWorker(ThreadPoolExecutor.java:1134)
        at java.util.concurrent.ThreadPoolExecutor$Worker.run(ThreadPoolExecutor.java:624)
        at java.lang.Thread.run(Thread.java:748)
"pool-68-thread-47"  prio=5 tid=618 in Object.wait()
java.lang.Thread.State: WAITING (on object monitor)
        at sun.misc.Unsafe.park(Native Method)
        at java.util.concurrent.locks.LockSupport.park(LockSupport.java:175)
        at java.util.concurrent.locks.AbstractQueuedSynchronizer$ConditionObject.await(AbstractQueuedSynchronizer.java:2039)
        at java.util.concurrent.ArrayBlockingQueue.take(ArrayBlockingQueue.java:403)
        at java.util.concurrent.ThreadPoolExecutor.getTask(ThreadPoolExecutor.java:1074)
        at java.util.concurrent.ThreadPoolExecutor.runWorker(ThreadPoolExecutor.java:1134)
        at java.util.concurrent.ThreadPoolExecutor$Worker.run(ThreadPoolExecutor.java:624)
        at java.lang.Thread.run(Thread.java:748)
"IPC Server handler 10 on 38877" daemon prio=5 tid=124 timed_waiting
java.lang.Thread.State: TIMED_WAITING
        at sun.misc.Unsafe.park(Native Method)
        at java.util.concurrent.locks.LockSupport.parkNanos(LockSupport.java:215)
        at java.util.concurrent.locks.AbstractQueuedSynchronizer$ConditionObject.awaitNanos(AbstractQueuedSynchronizer.java:2078)
        at java.util.concurrent.LinkedBlockingQueue.poll(LinkedBlockingQueue.java:467)
        at org.apache.hadoop.ipc.CallQueueManager.take(CallQueueManager.java:288)
        at org.apache.hadoop.ipc.Server$Handler.run(Server.java:2668)
"Command processor thread" daemon prio=5 tid=447 timed_waiting
java.lang.Thread.State: TIMED_WAITING
        at java.lang.Thread.sleep(Native Method)
        at org.apache.hadoop.ozone.container.common.statemachine.DatanodeStateMachine.lambda$initCommandHandlerThread$1(DatanodeStateMachine.java:439)
        at org.apache.hadoop.ozone.container.common.statemachine.DatanodeStateMachine$$Lambda$140/804134309.run(Unknown Source)
        at java.lang.Thread.run(Thread.java:748)
"StateMachineUpdater-bcfd8b62-ac69-42ca-b586-3bf2b9944505-group-59BB633C69A2" daemon prio=5 tid=1077 in Object.wait()
java.lang.Thread.State: WAITING (on object monitor)
        at java.lang.Object.wait(Native Method)
        at java.lang.Object.wait(Object.java:502)
        at org.apache.ratis.server.impl.StateMachineUpdater.run(StateMachineUpdater.java:138)
        at java.lang.Thread.run(Thread.java:748)
"pool-194-thread-46"  prio=5 tid=977 in Object.wait()
java.lang.Thread.State: WAITING (on object monitor)
        at sun.misc.Unsafe.park(Native Method)
        at java.util.concurrent.locks.LockSupport.park(LockSupport.java:175)
        at java.util.concurrent.locks.AbstractQueuedSynchronizer$ConditionObject.await(AbstractQueuedSynchronizer.java:2039)
        at java.util.concurrent.ArrayBlockingQueue.take(ArrayBlockingQueue.java:403)
        at java.util.concurrent.ThreadPoolExecutor.getTask(ThreadPoolExecutor.java:1074)
        at java.util.concurrent.ThreadPoolExecutor.runWorker(ThreadPoolExecutor.java:1134)
        at java.util.concurrent.ThreadPoolExecutor$Worker.run(ThreadPoolExecutor.java:624)
        at java.lang.Thread.run(Thread.java:748)
"Periodic HDDS volume checker"  prio=5 tid=271 timed_waiting
java.lang.Thread.State: TIMED_WAITING
        at sun.misc.Unsafe.park(Native Method)
        at java.util.concurrent.locks.LockSupport.parkNanos(LockSupport.java:215)
        at java.util.concurrent.locks.AbstractQueuedSynchronizer$ConditionObject.awaitNanos(AbstractQueuedSynchronizer.java:2078)
        at java.util.concurrent.ScheduledThreadPoolExecutor$DelayedWorkQueue.take(ScheduledThreadPoolExecutor.java:1093)
        at java.util.concurrent.ScheduledThreadPoolExecutor$DelayedWorkQueue.take(ScheduledThreadPoolExecutor.java:809)
        at java.util.concurrent.ThreadPoolExecutor.getTask(ThreadPoolExecutor.java:1074)
        at java.util.concurrent.ThreadPoolExecutor.runWorker(ThreadPoolExecutor.java:1134)
        at java.util.concurrent.ThreadPoolExecutor$Worker.run(ThreadPoolExecutor.java:624)
        at java.lang.Thread.run(Thread.java:748)
"nioEventLoopGroup-4-1"  prio=10 tid=201 runnable
java.lang.Thread.State: RUNNABLE
        at sun.nio.ch.EPollArrayWrapper.epollWait(Native Method)
        at sun.nio.ch.EPollArrayWrapper.poll(EPollArrayWrapper.java:269)
        at sun.nio.ch.EPollSelectorImpl.doSelect(EPollSelectorImpl.java:93)
        at sun.nio.ch.SelectorImpl.lockAndDoSelect(SelectorImpl.java:86)
        at sun.nio.ch.SelectorImpl.select(SelectorImpl.java:97)
        at io.netty.channel.nio.SelectedSelectionKeySetSelector.select(SelectedSelectionKeySetSelector.java:62)
        at io.netty.channel.nio.NioEventLoop.select(NioEventLoop.java:753)
        at io.netty.channel.nio.NioEventLoop.run(NioEventLoop.java:408)
        at io.netty.util.concurrent.SingleThreadEventExecutor$5.run(SingleThreadEventExecutor.java:897)
        at io.netty.util.concurrent.FastThreadLocalRunnable.run(FastThreadLocalRunnable.java:30)
        at java.lang.Thread.run(Thread.java:748)
"pool-194-thread-11"  prio=5 tid=942 in Object.wait()
java.lang.Thread.State: WAITING (on object monitor)
        at sun.misc.Unsafe.park(Native Method)
        at java.util.concurrent.locks.LockSupport.park(LockSupport.java:175)
        at java.util.concurrent.locks.AbstractQueuedSynchronizer$ConditionObject.await(AbstractQueuedSynchronizer.java:2039)
        at java.util.concurrent.ArrayBlockingQueue.take(ArrayBlockingQueue.java:403)
        at java.util.concurrent.ThreadPoolExecutor.getTask(ThreadPoolExecutor.java:1074)
        at java.util.concurrent.ThreadPoolExecutor.runWorker(ThreadPoolExecutor.java:1134)
        at java.util.concurrent.ThreadPoolExecutor$Worker.run(ThreadPoolExecutor.java:624)
        at java.lang.Thread.run(Thread.java:748)
"pool-47-thread-12"  prio=5 tid=523 in Object.wait()
java.lang.Thread.State: WAITING (on object monitor)
        at sun.misc.Unsafe.park(Native Method)
        at java.util.concurrent.locks.LockSupport.park(LockSupport.java:175)
        at java.util.concurrent.locks.AbstractQueuedSynchronizer$ConditionObject.await(AbstractQueuedSynchronizer.java:2039)
        at java.util.concurrent.ArrayBlockingQueue.take(ArrayBlockingQueue.java:403)
        at java.util.concurrent.ThreadPoolExecutor.getTask(ThreadPoolExecutor.java:1074)
        at java.util.concurrent.ThreadPoolExecutor.runWorker(ThreadPoolExecutor.java:1134)
        at java.util.concurrent.ThreadPoolExecutor$Worker.run(ThreadPoolExecutor.java:624)
        at java.lang.Thread.run(Thread.java:748)
"5ff02751-d237-480c-b1e9-4266071b5fb0-RaftLogWorker"  prio=5 tid=1149 timed_waiting
java.lang.Thread.State: TIMED_WAITING
        at sun.misc.Unsafe.park(Native Method)
        at java.util.concurrent.locks.LockSupport.parkNanos(LockSupport.java:215)
        at java.util.concurrent.locks.AbstractQueuedSynchronizer$ConditionObject.awaitNanos(AbstractQueuedSynchronizer.java:2078)
        at org.apache.ratis.util.DataBlockingQueue.poll(DataBlockingQueue.java:137)
        at org.apache.ratis.server.storage.RaftLogWorker.run(RaftLogWorker.java:216)
        at java.lang.Thread.run(Thread.java:748)
"pool-173-thread-20"  prio=5 tid=891 in Object.wait()
java.lang.Thread.State: WAITING (on object monitor)
        at sun.misc.Unsafe.park(Native Method)
        at java.util.concurrent.locks.LockSupport.park(LockSupport.java:175)
        at java.util.concurrent.locks.AbstractQueuedSynchronizer$ConditionObject.await(AbstractQueuedSynchronizer.java:2039)
        at java.util.concurrent.ArrayBlockingQueue.take(ArrayBlockingQueue.java:403)
        at java.util.concurrent.ThreadPoolExecutor.getTask(ThreadPoolExecutor.java:1074)
        at java.util.concurrent.ThreadPoolExecutor.runWorker(ThreadPoolExecutor.java:1134)
        at java.util.concurrent.ThreadPoolExecutor$Worker.run(ThreadPoolExecutor.java:624)
        at java.lang.Thread.run(Thread.java:748)
"pool-89-thread-51"  prio=5 tid=682 in Object.wait()
java.lang.Thread.State: WAITING (on object monitor)
        at sun.misc.Unsafe.park(Native Method)
        at java.util.concurrent.locks.LockSupport.park(LockSupport.java:175)
        at java.util.concurrent.locks.AbstractQueuedSynchronizer$ConditionObject.await(AbstractQueuedSynchronizer.java:2039)
        at java.util.concurrent.ArrayBlockingQueue.take(ArrayBlockingQueue.java:403)
        at java.util.concurrent.ThreadPoolExecutor.getTask(ThreadPoolExecutor.java:1074)
        at java.util.concurrent.ThreadPoolExecutor.runWorker(ThreadPoolExecutor.java:1134)
        at java.util.concurrent.ThreadPoolExecutor$Worker.run(ThreadPoolExecutor.java:624)
        at java.lang.Thread.run(Thread.java:748)
"pool-131-thread-28"  prio=5 tid=779 in Object.wait()
java.lang.Thread.State: WAITING (on object monitor)
        at sun.misc.Unsafe.park(Native Method)
        at java.util.concurrent.locks.LockSupport.park(LockSupport.java:175)
        at java.util.concurrent.locks.AbstractQueuedSynchronizer$ConditionObject.await(AbstractQueuedSynchronizer.java:2039)
        at java.util.concurrent.ArrayBlockingQueue.take(ArrayBlockingQueue.java:403)
        at java.util.concurrent.ThreadPoolExecutor.getTask(ThreadPoolExecutor.java:1074)
        at java.util.concurrent.ThreadPoolExecutor.runWorker(ThreadPoolExecutor.java:1134)
        at java.util.concurrent.ThreadPoolExecutor$Worker.run(ThreadPoolExecutor.java:624)
        at java.lang.Thread.run(Thread.java:748)
"pool-110-thread-45"  prio=5 tid=736 in Object.wait()
java.lang.Thread.State: WAITING (on object monitor)
        at sun.misc.Unsafe.park(Native Method)
        at java.util.concurrent.locks.LockSupport.park(LockSupport.java:175)
        at java.util.concurrent.locks.AbstractQueuedSynchronizer$ConditionObject.await(AbstractQueuedSynchronizer.java:2039)
        at java.util.concurrent.ArrayBlockingQueue.take(ArrayBlockingQueue.java:403)
        at java.util.concurrent.ThreadPoolExecutor.getTask(ThreadPoolExecutor.java:1074)
        at java.util.concurrent.ThreadPoolExecutor.runWorker(ThreadPoolExecutor.java:1134)
        at java.util.concurrent.ThreadPoolExecutor$Worker.run(ThreadPoolExecutor.java:624)
        at java.lang.Thread.run(Thread.java:748)
"org.eclipse.jetty.server.session.HashSessionManager@7ab33ca8Timer" daemon prio=5 tid=440 timed_waiting
java.lang.Thread.State: TIMED_WAITING
        at sun.misc.Unsafe.park(Native Method)
        at java.util.concurrent.locks.LockSupport.parkNanos(LockSupport.java:215)
        at java.util.concurrent.locks.AbstractQueuedSynchronizer$ConditionObject.awaitNanos(AbstractQueuedSynchronizer.java:2078)
        at java.util.concurrent.ScheduledThreadPoolExecutor$DelayedWorkQueue.take(ScheduledThreadPoolExecutor.java:1093)
        at java.util.concurrent.ScheduledThreadPoolExecutor$DelayedWorkQueue.take(ScheduledThreadPoolExecutor.java:809)
        at java.util.concurrent.ThreadPoolExecutor.getTask(ThreadPoolExecutor.java:1074)
        at java.util.concurrent.ThreadPoolExecutor.runWorker(ThreadPoolExecutor.java:1134)
        at java.util.concurrent.ThreadPoolExecutor$Worker.run(ThreadPoolExecutor.java:624)
        at java.lang.Thread.run(Thread.java:748)
"org.apache.hadoop.util.JvmPauseMonitor$Monitor@7f1cc84" daemon prio=5 tid=390 timed_waiting
java.lang.Thread.State: TIMED_WAITING
        at java.lang.Thread.sleep(Native Method)
        at org.apache.hadoop.util.JvmPauseMonitor$Monitor.run(JvmPauseMonitor.java:192)
        at java.lang.Thread.run(Thread.java:748)
"grpc-default-executor-1" daemon prio=5 tid=1087 timed_waiting
java.lang.Thread.State: TIMED_WAITING
        at sun.misc.Unsafe.park(Native Method)
        at java.util.concurrent.locks.LockSupport.parkNanos(LockSupport.java:215)
        at java.util.concurrent.SynchronousQueue$TransferStack.awaitFulfill(SynchronousQueue.java:460)
        at java.util.concurrent.SynchronousQueue$TransferStack.transfer(SynchronousQueue.java:362)
        at java.util.concurrent.SynchronousQueue.poll(SynchronousQueue.java:941)
        at java.util.concurrent.ThreadPoolExecutor.getTask(ThreadPoolExecutor.java:1073)
        at java.util.concurrent.ThreadPoolExecutor.runWorker(ThreadPoolExecutor.java:1134)
        at java.util.concurrent.ThreadPoolExecutor$Worker.run(ThreadPoolExecutor.java:624)
        at java.lang.Thread.run(Thread.java:748)
"pool-131-thread-24"  prio=5 tid=775 in Object.wait()
java.lang.Thread.State: WAITING (on object monitor)
        at sun.misc.Unsafe.park(Native Method)
        at java.util.concurrent.locks.LockSupport.park(LockSupport.java:175)
        at java.util.concurrent.locks.AbstractQueuedSynchronizer$ConditionObject.await(AbstractQueuedSynchronizer.java:2039)
        at java.util.concurrent.ArrayBlockingQueue.take(ArrayBlockingQueue.java:403)
        at java.util.concurrent.ThreadPoolExecutor.getTask(ThreadPoolExecutor.java:1074)
        at java.util.concurrent.ThreadPoolExecutor.runWorker(ThreadPoolExecutor.java:1134)
        at java.util.concurrent.ThreadPoolExecutor$Worker.run(ThreadPoolExecutor.java:624)
        at java.lang.Thread.run(Thread.java:748)
"qtp1866002564-283" daemon prio=5 tid=283 timed_waiting
java.lang.Thread.State: TIMED_WAITING
        at sun.misc.Unsafe.park(Native Method)
        at java.util.concurrent.locks.LockSupport.parkNanos(LockSupport.java:215)
        at java.util.concurrent.locks.AbstractQueuedSynchronizer$ConditionObject.awaitNanos(AbstractQueuedSynchronizer.java:2078)
        at org.eclipse.jetty.util.BlockingArrayQueue.poll(BlockingArrayQueue.java:392)
        at org.eclipse.jetty.util.thread.QueuedThreadPool.idleJobPoll(QueuedThreadPool.java:563)
        at org.eclipse.jetty.util.thread.QueuedThreadPool.access$800(QueuedThreadPool.java:48)
        at org.eclipse.jetty.util.thread.QueuedThreadPool$2.run(QueuedThreadPool.java:626)
        at java.lang.Thread.run(Thread.java:748)
"pool-89-thread-14"  prio=5 tid=645 in Object.wait()
java.lang.Thread.State: WAITING (on object monitor)
        at sun.misc.Unsafe.park(Native Method)
        at java.util.concurrent.locks.LockSupport.park(LockSupport.java:175)
        at java.util.concurrent.locks.AbstractQueuedSynchronizer$ConditionObject.await(AbstractQueuedSynchronizer.java:2039)
        at java.util.concurrent.ArrayBlockingQueue.take(ArrayBlockingQueue.java:403)
        at java.util.concurrent.ThreadPoolExecutor.getTask(ThreadPoolExecutor.java:1074)
        at java.util.concurrent.ThreadPoolExecutor.runWorker(ThreadPoolExecutor.java:1134)
        at java.util.concurrent.ThreadPoolExecutor$Worker.run(ThreadPoolExecutor.java:624)
        at java.lang.Thread.run(Thread.java:748)
"Datanode ReportManager Thread - 3" daemon prio=5 tid=298 in Object.wait()
java.lang.Thread.State: WAITING (on object monitor)
        at sun.misc.Unsafe.park(Native Method)
        at java.util.concurrent.locks.LockSupport.park(LockSupport.java:175)
        at java.util.concurrent.locks.AbstractQueuedSynchronizer$ConditionObject.await(AbstractQueuedSynchronizer.java:2039)
        at java.util.concurrent.ScheduledThreadPoolExecutor$DelayedWorkQueue.take(ScheduledThreadPoolExecutor.java:1088)
        at java.util.concurrent.ScheduledThreadPoolExecutor$DelayedWorkQueue.take(ScheduledThreadPoolExecutor.java:809)
        at java.util.concurrent.ThreadPoolExecutor.getTask(ThreadPoolExecutor.java:1074)
        at java.util.concurrent.ThreadPoolExecutor.runWorker(ThreadPoolExecutor.java:1134)
        at java.util.concurrent.ThreadPoolExecutor$Worker.run(ThreadPoolExecutor.java:624)
        at java.lang.Thread.run(Thread.java:748)
"pool-173-thread-10"  prio=5 tid=881 in Object.wait()
java.lang.Thread.State: WAITING (on object monitor)
        at sun.misc.Unsafe.park(Native Method)
        at java.util.concurrent.locks.LockSupport.park(LockSupport.java:175)
        at java.util.concurrent.locks.AbstractQueuedSynchronizer$ConditionObject.await(AbstractQueuedSynchronizer.java:2039)
        at java.util.concurrent.ArrayBlockingQueue.take(ArrayBlockingQueue.java:403)
        at java.util.concurrent.ThreadPoolExecutor.getTask(ThreadPoolExecutor.java:1074)
        at java.util.concurrent.ThreadPoolExecutor.runWorker(ThreadPoolExecutor.java:1134)
        at java.util.concurrent.ThreadPoolExecutor$Worker.run(ThreadPoolExecutor.java:624)
        at java.lang.Thread.run(Thread.java:748)
"IPC Server Responder" daemon prio=5 tid=22 runnable
java.lang.Thread.State: RUNNABLE
        at sun.nio.ch.EPollArrayWrapper.epollWait(Native Method)
        at sun.nio.ch.EPollArrayWrapper.poll(EPollArrayWrapper.java:269)
        at sun.nio.ch.EPollSelectorImpl.doSelect(EPollSelectorImpl.java:93)
        at sun.nio.ch.SelectorImpl.lockAndDoSelect(SelectorImpl.java:86)
        at sun.nio.ch.SelectorImpl.select(SelectorImpl.java:97)
        at org.apache.hadoop.ipc.Server$Responder.doRunLoop(Server.java:1334)
        at org.apache.hadoop.ipc.Server$Responder.run(Server.java:1317)
"IPC Server handler 7 on 33423" daemon prio=5 tid=37 timed_waiting
java.lang.Thread.State: TIMED_WAITING
        at sun.misc.Unsafe.park(Native Method)
        at java.util.concurrent.locks.LockSupport.parkNanos(LockSupport.java:215)
        at java.util.concurrent.locks.AbstractQueuedSynchronizer$ConditionObject.awaitNanos(AbstractQueuedSynchronizer.java:2078)
        at java.util.concurrent.LinkedBlockingQueue.poll(LinkedBlockingQueue.java:467)
        at org.apache.hadoop.ipc.CallQueueManager.take(CallQueueManager.java:288)
        at org.apache.hadoop.ipc.Server$Handler.run(Server.java:2668)
"pool-110-thread-55"  prio=5 tid=746 in Object.wait()
java.lang.Thread.State: WAITING (on object monitor)
        at sun.misc.Unsafe.park(Native Method)
        at java.util.concurrent.locks.LockSupport.park(LockSupport.java:175)
        at java.util.concurrent.locks.AbstractQueuedSynchronizer$ConditionObject.await(AbstractQueuedSynchronizer.java:2039)
        at java.util.concurrent.ArrayBlockingQueue.take(ArrayBlockingQueue.java:403)
        at java.util.concurrent.ThreadPoolExecutor.getTask(ThreadPoolExecutor.java:1074)
        at java.util.concurrent.ThreadPoolExecutor.runWorker(ThreadPoolExecutor.java:1134)
        at java.util.concurrent.ThreadPoolExecutor$Worker.run(ThreadPoolExecutor.java:624)
        at java.lang.Thread.run(Thread.java:748)
"pool-173-thread-9"  prio=5 tid=880 in Object.wait()
java.lang.Thread.State: WAITING (on object monitor)
        at sun.misc.Unsafe.park(Native Method)
        at java.util.concurrent.locks.LockSupport.park(LockSupport.java:175)
        at java.util.concurrent.locks.AbstractQueuedSynchronizer$ConditionObject.await(AbstractQueuedSynchronizer.java:2039)
        at java.util.concurrent.ArrayBlockingQueue.take(ArrayBlockingQueue.java:403)
        at java.util.concurrent.ThreadPoolExecutor.getTask(ThreadPoolExecutor.java:1074)
        at java.util.concurrent.ThreadPoolExecutor.runWorker(ThreadPoolExecutor.java:1134)
        at java.util.concurrent.ThreadPoolExecutor$Worker.run(ThreadPoolExecutor.java:624)
        at java.lang.Thread.run(Thread.java:748)
"BlockDeletingService#0" daemon prio=5 tid=217 in Object.wait()
java.lang.Thread.State: WAITING (on object monitor)
        at sun.misc.Unsafe.park(Native Method)
        at java.util.concurrent.locks.LockSupport.park(LockSupport.java:175)
        at java.util.concurrent.locks.AbstractQueuedSynchronizer$ConditionObject.await(AbstractQueuedSynchronizer.java:2039)
        at java.util.concurrent.ScheduledThreadPoolExecutor$DelayedWorkQueue.take(ScheduledThreadPoolExecutor.java:1088)
        at java.util.concurrent.ScheduledThreadPoolExecutor$DelayedWorkQueue.take(ScheduledThreadPoolExecutor.java:809)
        at java.util.concurrent.ThreadPoolExecutor.getTask(ThreadPoolExecutor.java:1074)
        at java.util.concurrent.ThreadPoolExecutor.runWorker(ThreadPoolExecutor.java:1134)
        at java.util.concurrent.ThreadPoolExecutor$Worker.run(ThreadPoolExecutor.java:624)
        at java.lang.Thread.run(Thread.java:748)
"IPC Server handler 8 on 33779" daemon prio=5 tid=78 timed_waiting
java.lang.Thread.State: TIMED_WAITING
        at sun.misc.Unsafe.park(Native Method)
        at java.util.concurrent.locks.LockSupport.parkNanos(LockSupport.java:215)
        at java.util.concurrent.locks.AbstractQueuedSynchronizer$ConditionObject.awaitNanos(AbstractQueuedSynchronizer.java:2078)
        at java.util.concurrent.LinkedBlockingQueue.poll(LinkedBlockingQueue.java:467)
        at org.apache.hadoop.ipc.CallQueueManager.take(CallQueueManager.java:288)
        at org.apache.hadoop.ipc.Server$Handler.run(Server.java:2668)
"IPC Server handler 14 on 38877" daemon prio=5 tid=128 timed_waiting
java.lang.Thread.State: TIMED_WAITING
        at sun.misc.Unsafe.park(Native Method)
        at java.util.concurrent.locks.LockSupport.parkNanos(LockSupport.java:215)
        at java.util.concurrent.locks.AbstractQueuedSynchronizer$ConditionObject.awaitNanos(AbstractQueuedSynchronizer.java:2078)
        at java.util.concurrent.LinkedBlockingQueue.poll(LinkedBlockingQueue.java:467)
        at org.apache.hadoop.ipc.CallQueueManager.take(CallQueueManager.java:288)
        at org.apache.hadoop.ipc.Server$Handler.run(Server.java:2668)
"pool-110-thread-59"  prio=5 tid=750 in Object.wait()
java.lang.Thread.State: WAITING (on object monitor)
        at sun.misc.Unsafe.park(Native Method)
        at java.util.concurrent.locks.LockSupport.park(LockSupport.java:175)
        at java.util.concurrent.locks.AbstractQueuedSynchronizer$ConditionObject.await(AbstractQueuedSynchronizer.java:2039)
        at java.util.concurrent.ArrayBlockingQueue.take(ArrayBlockingQueue.java:403)
        at java.util.concurrent.ThreadPoolExecutor.getTask(ThreadPoolExecutor.java:1074)
        at java.util.concurrent.ThreadPoolExecutor.runWorker(ThreadPoolExecutor.java:1134)
        at java.util.concurrent.ThreadPoolExecutor$Worker.run(ThreadPoolExecutor.java:624)
        at java.lang.Thread.run(Thread.java:748)
"Datanode ReportManager Thread - 1" daemon prio=5 tid=294 in Object.wait()
java.lang.Thread.State: WAITING (on object monitor)
        at sun.misc.Unsafe.park(Native Method)
        at java.util.concurrent.locks.LockSupport.park(LockSupport.java:175)
        at java.util.concurrent.locks.AbstractQueuedSynchronizer$ConditionObject.await(AbstractQueuedSynchronizer.java:2039)
        at java.util.concurrent.ScheduledThreadPoolExecutor$DelayedWorkQueue.take(ScheduledThreadPoolExecutor.java:1088)
        at java.util.concurrent.ScheduledThreadPoolExecutor$DelayedWorkQueue.take(ScheduledThreadPoolExecutor.java:809)
        at java.util.concurrent.ThreadPoolExecutor.getTask(ThreadPoolExecutor.java:1074)
        at java.util.concurrent.ThreadPoolExecutor.runWorker(ThreadPoolExecutor.java:1134)
        at java.util.concurrent.ThreadPoolExecutor$Worker.run(ThreadPoolExecutor.java:624)
        at java.lang.Thread.run(Thread.java:748)
"pool-110-thread-60"  prio=5 tid=751 in Object.wait()
java.lang.Thread.State: WAITING (on object monitor)
        at sun.misc.Unsafe.park(Native Method)
        at java.util.concurrent.locks.LockSupport.park(LockSupport.java:175)
        at java.util.concurrent.locks.AbstractQueuedSynchronizer$ConditionObject.await(AbstractQueuedSynchronizer.java:2039)
        at java.util.concurrent.ArrayBlockingQueue.take(ArrayBlockingQueue.java:403)
        at java.util.concurrent.ThreadPoolExecutor.getTask(ThreadPoolExecutor.java:1074)
        at java.util.concurrent.ThreadPoolExecutor.runWorker(ThreadPoolExecutor.java:1134)
        at java.util.concurrent.ThreadPoolExecutor$Worker.run(ThreadPoolExecutor.java:624)
        at java.lang.Thread.run(Thread.java:748)
"pool-47-thread-54"  prio=5 tid=565 in Object.wait()
java.lang.Thread.State: WAITING (on object monitor)
        at sun.misc.Unsafe.park(Native Method)
        at java.util.concurrent.locks.LockSupport.park(LockSupport.java:175)
        at java.util.concurrent.locks.AbstractQueuedSynchronizer$ConditionObject.await(AbstractQueuedSynchronizer.java:2039)
        at java.util.concurrent.ArrayBlockingQueue.take(ArrayBlockingQueue.java:403)
        at java.util.concurrent.ThreadPoolExecutor.getTask(ThreadPoolExecutor.java:1074)
        at java.util.concurrent.ThreadPoolExecutor.runWorker(ThreadPoolExecutor.java:1134)
        at java.util.concurrent.ThreadPoolExecutor$Worker.run(ThreadPoolExecutor.java:624)
        at java.lang.Thread.run(Thread.java:748)
"IPC Server handler 4 on 33779" daemon prio=5 tid=74 timed_waiting
java.lang.Thread.State: TIMED_WAITING
        at sun.misc.Unsafe.park(Native Method)
        at java.util.concurrent.locks.LockSupport.parkNanos(LockSupport.java:215)
        at java.util.concurrent.locks.AbstractQueuedSynchronizer$ConditionObject.awaitNanos(AbstractQueuedSynchronizer.java:2078)
        at java.util.concurrent.LinkedBlockingQueue.poll(LinkedBlockingQueue.java:467)
        at org.apache.hadoop.ipc.CallQueueManager.take(CallQueueManager.java:288)
        at org.apache.hadoop.ipc.Server$Handler.run(Server.java:2668)
"pool-47-thread-28"  prio=5 tid=539 in Object.wait()
java.lang.Thread.State: WAITING (on object monitor)
        at sun.misc.Unsafe.park(Native Method)
        at java.util.concurrent.locks.LockSupport.park(LockSupport.java:175)
        at java.util.concurrent.locks.AbstractQueuedSynchronizer$ConditionObject.await(AbstractQueuedSynchronizer.java:2039)
        at java.util.concurrent.ArrayBlockingQueue.take(ArrayBlockingQueue.java:403)
        at java.util.concurrent.ThreadPoolExecutor.getTask(ThreadPoolExecutor.java:1074)
        at java.util.concurrent.ThreadPoolExecutor.runWorker(ThreadPoolExecutor.java:1134)
        at java.util.concurrent.ThreadPoolExecutor$Worker.run(ThreadPoolExecutor.java:624)
        at java.lang.Thread.run(Thread.java:748)
"pool-152-thread-27"  prio=5 tid=838 in Object.wait()
java.lang.Thread.State: WAITING (on object monitor)
        at sun.misc.Unsafe.park(Native Method)
        at java.util.concurrent.locks.LockSupport.park(LockSupport.java:175)
        at java.util.concurrent.locks.AbstractQueuedSynchronizer$ConditionObject.await(AbstractQueuedSynchronizer.java:2039)
        at java.util.concurrent.ArrayBlockingQueue.take(ArrayBlockingQueue.java:403)
        at java.util.concurrent.ThreadPoolExecutor.getTask(ThreadPoolExecutor.java:1074)
        at java.util.concurrent.ThreadPoolExecutor.runWorker(ThreadPoolExecutor.java:1134)
        at java.util.concurrent.ThreadPoolExecutor$Worker.run(ThreadPoolExecutor.java:624)
        at java.lang.Thread.run(Thread.java:748)
"pool-152-thread-39"  prio=5 tid=850 in Object.wait()
java.lang.Thread.State: WAITING (on object monitor)
        at sun.misc.Unsafe.park(Native Method)
        at java.util.concurrent.locks.LockSupport.park(LockSupport.java:175)
        at java.util.concurrent.locks.AbstractQueuedSynchronizer$ConditionObject.await(AbstractQueuedSynchronizer.java:2039)
        at java.util.concurrent.ArrayBlockingQueue.take(ArrayBlockingQueue.java:403)
        at java.util.concurrent.ThreadPoolExecutor.getTask(ThreadPoolExecutor.java:1074)
        at java.util.concurrent.ThreadPoolExecutor.runWorker(ThreadPoolExecutor.java:1134)
        at java.util.concurrent.ThreadPoolExecutor$Worker.run(ThreadPoolExecutor.java:624)
        at java.lang.Thread.run(Thread.java:748)
"BlockDeletingService#1" daemon prio=5 tid=188 timed_waiting
java.lang.Thread.State: TIMED_WAITING
        at sun.misc.Unsafe.park(Native Method)
        at java.util.concurrent.locks.LockSupport.parkNanos(LockSupport.java:215)
        at java.util.concurrent.locks.AbstractQueuedSynchronizer$ConditionObject.awaitNanos(AbstractQueuedSynchronizer.java:2078)
        at java.util.concurrent.ScheduledThreadPoolExecutor$DelayedWorkQueue.take(ScheduledThreadPoolExecutor.java:1093)
        at java.util.concurrent.ScheduledThreadPoolExecutor$DelayedWorkQueue.take(ScheduledThreadPoolExecutor.java:809)
        at java.util.concurrent.ThreadPoolExecutor.getTask(ThreadPoolExecutor.java:1074)
        at java.util.concurrent.ThreadPoolExecutor.runWorker(ThreadPoolExecutor.java:1134)
        at java.util.concurrent.ThreadPoolExecutor$Worker.run(ThreadPoolExecutor.java:624)
        at java.lang.Thread.run(Thread.java:748)
"pool-215-thread-21"  prio=5 tid=1012 in Object.wait()
java.lang.Thread.State: WAITING (on object monitor)
        at sun.misc.Unsafe.park(Native Method)
        at java.util.concurrent.locks.LockSupport.park(LockSupport.java:175)
        at java.util.concurrent.locks.AbstractQueuedSynchronizer$ConditionObject.await(AbstractQueuedSynchronizer.java:2039)
        at java.util.concurrent.ArrayBlockingQueue.take(ArrayBlockingQueue.java:403)
        at java.util.concurrent.ThreadPoolExecutor.getTask(ThreadPoolExecutor.java:1074)
        at java.util.concurrent.ThreadPoolExecutor.runWorker(ThreadPoolExecutor.java:1134)
        at java.util.concurrent.ThreadPoolExecutor$Worker.run(ThreadPoolExecutor.java:624)
        at java.lang.Thread.run(Thread.java:748)
"pool-110-thread-13"  prio=5 tid=704 in Object.wait()
java.lang.Thread.State: WAITING (on object monitor)
        at sun.misc.Unsafe.park(Native Method)
        at java.util.concurrent.locks.LockSupport.park(LockSupport.java:175)
        at java.util.concurrent.locks.AbstractQueuedSynchronizer$ConditionObject.await(AbstractQueuedSynchronizer.java:2039)
        at java.util.concurrent.ArrayBlockingQueue.take(ArrayBlockingQueue.java:403)
        at java.util.concurrent.ThreadPoolExecutor.getTask(ThreadPoolExecutor.java:1074)
        at java.util.concurrent.ThreadPoolExecutor.runWorker(ThreadPoolExecutor.java:1134)
        at java.util.concurrent.ThreadPoolExecutor$Worker.run(ThreadPoolExecutor.java:624)
        at java.lang.Thread.run(Thread.java:748)
"Datanode State Machine Thread - 0" daemon prio=5 tid=352 timed_waiting
java.lang.Thread.State: TIMED_WAITING
        at java.lang.Thread.sleep(Native Method)
        at org.apache.hadoop.ozone.container.common.statemachine.DatanodeStateMachine.start(DatanodeStateMachine.java:191)
        at org.apache.hadoop.ozone.container.common.statemachine.DatanodeStateMachine.lambda$startDaemon$0(DatanodeStateMachine.java:349)
        at org.apache.hadoop.ozone.container.common.statemachine.DatanodeStateMachine$$Lambda$139/1610803524.run(Unknown Source)
        at java.lang.Thread.run(Thread.java:748)
"SCMBlockDeletingService#1" daemon prio=5 tid=102 in Object.wait()
java.lang.Thread.State: WAITING (on object monitor)
        at sun.misc.Unsafe.park(Native Method)
        at java.util.concurrent.locks.LockSupport.park(LockSupport.java:175)
        at java.util.concurrent.locks.AbstractQueuedSynchronizer$ConditionObject.await(AbstractQueuedSynchronizer.java:2039)
        at java.util.concurrent.ScheduledThreadPoolExecutor$DelayedWorkQueue.take(ScheduledThreadPoolExecutor.java:1088)
        at java.util.concurrent.ScheduledThreadPoolExecutor$DelayedWorkQueue.take(ScheduledThreadPoolExecutor.java:809)
        at java.util.concurrent.ThreadPoolExecutor.getTask(ThreadPoolExecutor.java:1074)
        at java.util.concurrent.ThreadPoolExecutor.runWorker(ThreadPoolExecutor.java:1134)
        at java.util.concurrent.ThreadPoolExecutor$Worker.run(ThreadPoolExecutor.java:624)
        at java.lang.Thread.run(Thread.java:748)
"pool-152-thread-41"  prio=5 tid=852 in Object.wait()
java.lang.Thread.State: WAITING (on object monitor)
        at sun.misc.Unsafe.park(Native Method)
        at java.util.concurrent.locks.LockSupport.park(LockSupport.java:175)
        at java.util.concurrent.locks.AbstractQueuedSynchronizer$ConditionObject.await(AbstractQueuedSynchronizer.java:2039)
        at java.util.concurrent.ArrayBlockingQueue.take(ArrayBlockingQueue.java:403)
        at java.util.concurrent.ThreadPoolExecutor.getTask(ThreadPoolExecutor.java:1074)
        at java.util.concurrent.ThreadPoolExecutor.runWorker(ThreadPoolExecutor.java:1134)
        at java.util.concurrent.ThreadPoolExecutor$Worker.run(ThreadPoolExecutor.java:624)
        at java.lang.Thread.run(Thread.java:748)
"qtp2106129052-405" daemon prio=5 tid=405 timed_waiting
java.lang.Thread.State: TIMED_WAITING
        at sun.misc.Unsafe.park(Native Method)
        at java.util.concurrent.locks.LockSupport.parkNanos(LockSupport.java:215)
        at java.util.concurrent.locks.AbstractQueuedSynchronizer$ConditionObject.awaitNanos(AbstractQueuedSynchronizer.java:2078)
        at org.eclipse.jetty.util.BlockingArrayQueue.poll(BlockingArrayQueue.java:392)
        at org.eclipse.jetty.util.thread.QueuedThreadPool.idleJobPoll(QueuedThreadPool.java:563)
        at org.eclipse.jetty.util.thread.QueuedThreadPool.access$800(QueuedThreadPool.java:48)
        at org.eclipse.jetty.util.thread.QueuedThreadPool$2.run(QueuedThreadPool.java:626)
        at java.lang.Thread.run(Thread.java:748)
"pool-215-thread-16"  prio=5 tid=1007 in Object.wait()
java.lang.Thread.State: WAITING (on object monitor)
        at sun.misc.Unsafe.park(Native Method)
        at java.util.concurrent.locks.LockSupport.park(LockSupport.java:175)
        at java.util.concurrent.locks.AbstractQueuedSynchronizer$ConditionObject.await(AbstractQueuedSynchronizer.java:2039)
        at java.util.concurrent.ArrayBlockingQueue.take(ArrayBlockingQueue.java:403)
        at java.util.concurrent.ThreadPoolExecutor.getTask(ThreadPoolExecutor.java:1074)
        at java.util.concurrent.ThreadPoolExecutor.runWorker(ThreadPoolExecutor.java:1134)
        at java.util.concurrent.ThreadPoolExecutor$Worker.run(ThreadPoolExecutor.java:624)
        at java.lang.Thread.run(Thread.java:748)
"org.eclipse.jetty.server.session.HashSessionManager@5d194314Timer" daemon prio=5 tid=290 timed_waiting
java.lang.Thread.State: TIMED_WAITING
        at sun.misc.Unsafe.park(Native Method)
        at java.util.concurrent.locks.LockSupport.parkNanos(LockSupport.java:215)
        at java.util.concurrent.locks.AbstractQueuedSynchronizer$ConditionObject.awaitNanos(AbstractQueuedSynchronizer.java:2078)
        at java.util.concurrent.ScheduledThreadPoolExecutor$DelayedWorkQueue.take(ScheduledThreadPoolExecutor.java:1093)
        at java.util.concurrent.ScheduledThreadPoolExecutor$DelayedWorkQueue.take(ScheduledThreadPoolExecutor.java:809)
        at java.util.concurrent.ThreadPoolExecutor.getTask(ThreadPoolExecutor.java:1074)
        at java.util.concurrent.ThreadPoolExecutor.runWorker(ThreadPoolExecutor.java:1134)
        at java.util.concurrent.ThreadPoolExecutor$Worker.run(ThreadPoolExecutor.java:624)
        at java.lang.Thread.run(Thread.java:748)
"pool-173-thread-50"  prio=5 tid=921 in Object.wait()
java.lang.Thread.State: WAITING (on object monitor)
        at sun.misc.Unsafe.park(Native Method)
        at java.util.concurrent.locks.LockSupport.park(LockSupport.java:175)
        at java.util.concurrent.locks.AbstractQueuedSynchronizer$ConditionObject.await(AbstractQueuedSynchronizer.java:2039)
        at java.util.concurrent.ArrayBlockingQueue.take(ArrayBlockingQueue.java:403)
        at java.util.concurrent.ThreadPoolExecutor.getTask(ThreadPoolExecutor.java:1074)
        at java.util.concurrent.ThreadPoolExecutor.runWorker(ThreadPoolExecutor.java:1134)
        at java.util.concurrent.ThreadPoolExecutor$Worker.run(ThreadPoolExecutor.java:624)
        at java.lang.Thread.run(Thread.java:748)
"pool-173-thread-48"  prio=5 tid=919 in Object.wait()
java.lang.Thread.State: WAITING (on object monitor)
        at sun.misc.Unsafe.park(Native Method)
        at java.util.concurrent.locks.LockSupport.park(LockSupport.java:175)
        at java.util.concurrent.locks.AbstractQueuedSynchronizer$ConditionObject.await(AbstractQueuedSynchronizer.java:2039)
        at java.util.concurrent.ArrayBlockingQueue.take(ArrayBlockingQueue.java:403)
        at java.util.concurrent.ThreadPoolExecutor.getTask(ThreadPoolExecutor.java:1074)
        at java.util.concurrent.ThreadPoolExecutor.runWorker(ThreadPoolExecutor.java:1134)
        at java.util.concurrent.ThreadPoolExecutor$Worker.run(ThreadPoolExecutor.java:624)
        at java.lang.Thread.run(Thread.java:748)
"pool-68-thread-38"  prio=5 tid=609 in Object.wait()
java.lang.Thread.State: WAITING (on object monitor)
        at sun.misc.Unsafe.park(Native Method)
        at java.util.concurrent.locks.LockSupport.park(LockSupport.java:175)
        at java.util.concurrent.locks.AbstractQueuedSynchronizer$ConditionObject.await(AbstractQueuedSynchronizer.java:2039)
        at java.util.concurrent.ArrayBlockingQueue.take(ArrayBlockingQueue.java:403)
        at java.util.concurrent.ThreadPoolExecutor.getTask(ThreadPoolExecutor.java:1074)
        at java.util.concurrent.ThreadPoolExecutor.runWorker(ThreadPoolExecutor.java:1134)
        at java.util.concurrent.ThreadPoolExecutor$Worker.run(ThreadPoolExecutor.java:624)
        at java.lang.Thread.run(Thread.java:748)
"pool-194-thread-6"  prio=5 tid=937 in Object.wait()
java.lang.Thread.State: WAITING (on object monitor)
        at sun.misc.Unsafe.park(Native Method)
        at java.util.concurrent.locks.LockSupport.park(LockSupport.java:175)
        at java.util.concurrent.locks.AbstractQueuedSynchronizer$ConditionObject.await(AbstractQueuedSynchronizer.java:2039)
        at java.util.concurrent.ArrayBlockingQueue.take(ArrayBlockingQueue.java:403)
        at java.util.concurrent.ThreadPoolExecutor.getTask(ThreadPoolExecutor.java:1074)
        at java.util.concurrent.ThreadPoolExecutor.runWorker(ThreadPoolExecutor.java:1134)
        at java.util.concurrent.ThreadPoolExecutor$Worker.run(ThreadPoolExecutor.java:624)
        at java.lang.Thread.run(Thread.java:748)
"StateMachineUpdater-e834f043-68c2-4690-911f-e774cd7c845d-group-EC215E1E3AB3" daemon prio=5 tid=1117 in Object.wait()
java.lang.Thread.State: WAITING (on object monitor)
        at java.lang.Object.wait(Native Method)
        at java.lang.Object.wait(Object.java:502)
        at org.apache.ratis.server.impl.StateMachineUpdater.run(StateMachineUpdater.java:138)
        at java.lang.Thread.run(Thread.java:748)
"qtp602280210-311-acceptor-0@890d4c3-ServerConnector@6b42e36d{HTTP/1.1,[http/1.1]}{0.0.0.0:43339}" daemon prio=3 tid=311 runnable
java.lang.Thread.State: RUNNABLE
        at sun.nio.ch.ServerSocketChannelImpl.accept0(Native Method)
        at sun.nio.ch.ServerSocketChannelImpl.accept(ServerSocketChannelImpl.java:422)
        at sun.nio.ch.ServerSocketChannelImpl.accept(ServerSocketChannelImpl.java:250)
        at org.eclipse.jetty.server.ServerConnector.accept(ServerConnector.java:397)
        at org.eclipse.jetty.server.AbstractConnector$Acceptor.run(AbstractConnector.java:601)
        at org.eclipse.jetty.util.thread.QueuedThreadPool.runJob(QueuedThreadPool.java:671)
        at org.eclipse.jetty.util.thread.QueuedThreadPool$2.run(QueuedThreadPool.java:589)
        at java.lang.Thread.run(Thread.java:748)
"qtp1081635795-167" daemon prio=5 tid=167 timed_waiting
java.lang.Thread.State: TIMED_WAITING
        at sun.misc.Unsafe.park(Native Method)
        at java.util.concurrent.locks.LockSupport.parkNanos(LockSupport.java:215)
        at java.util.concurrent.locks.AbstractQueuedSynchronizer$ConditionObject.awaitNanos(AbstractQueuedSynchronizer.java:2078)
        at org.eclipse.jetty.util.BlockingArrayQueue.poll(BlockingArrayQueue.java:392)
        at org.eclipse.jetty.util.thread.QueuedThreadPool.idleJobPoll(QueuedThreadPool.java:563)
        at org.eclipse.jetty.util.thread.QueuedThreadPool.access$800(QueuedThreadPool.java:48)
        at org.eclipse.jetty.util.thread.QueuedThreadPool$2.run(QueuedThreadPool.java:626)
        at java.lang.Thread.run(Thread.java:748)
"pool-131-thread-52"  prio=5 tid=803 in Object.wait()
java.lang.Thread.State: WAITING (on object monitor)
        at sun.misc.Unsafe.park(Native Method)
        at java.util.concurrent.locks.LockSupport.park(LockSupport.java:175)
        at java.util.concurrent.locks.AbstractQueuedSynchronizer$ConditionObject.await(AbstractQueuedSynchronizer.java:2039)
        at java.util.concurrent.ArrayBlockingQueue.take(ArrayBlockingQueue.java:403)
        at java.util.concurrent.ThreadPoolExecutor.getTask(ThreadPoolExecutor.java:1074)
        at java.util.concurrent.ThreadPoolExecutor.runWorker(ThreadPoolExecutor.java:1134)
        at java.util.concurrent.ThreadPoolExecutor$Worker.run(ThreadPoolExecutor.java:624)
        at java.lang.Thread.run(Thread.java:748)
"pool-152-thread-30"  prio=5 tid=841 in Object.wait()
java.lang.Thread.State: WAITING (on object monitor)
        at sun.misc.Unsafe.park(Native Method)
        at java.util.concurrent.locks.LockSupport.park(LockSupport.java:175)
        at java.util.concurrent.locks.AbstractQueuedSynchronizer$ConditionObject.await(AbstractQueuedSynchronizer.java:2039)
        at java.util.concurrent.ArrayBlockingQueue.take(ArrayBlockingQueue.java:403)
        at java.util.concurrent.ThreadPoolExecutor.getTask(ThreadPoolExecutor.java:1074)
        at java.util.concurrent.ThreadPoolExecutor.runWorker(ThreadPoolExecutor.java:1134)
        at java.util.concurrent.ThreadPoolExecutor$Worker.run(ThreadPoolExecutor.java:624)
        at java.lang.Thread.run(Thread.java:748)
"qtp2106129052-401-acceptor-0@44414448-ServerConnector@17b6ad97{HTTP/1.1,[http/1.1]}{0.0.0.0:43559}" daemon prio=3 tid=401 runnable
java.lang.Thread.State: RUNNABLE
        at sun.nio.ch.ServerSocketChannelImpl.accept0(Native Method)
        at sun.nio.ch.ServerSocketChannelImpl.accept(ServerSocketChannelImpl.java:422)
        at sun.nio.ch.ServerSocketChannelImpl.accept(ServerSocketChannelImpl.java:250)
        at org.eclipse.jetty.server.ServerConnector.accept(ServerConnector.java:397)
        at org.eclipse.jetty.server.AbstractConnector$Acceptor.run(AbstractConnector.java:601)
        at org.eclipse.jetty.util.thread.QueuedThreadPool.runJob(QueuedThreadPool.java:671)
        at org.eclipse.jetty.util.thread.QueuedThreadPool$2.run(QueuedThreadPool.java:589)
        at java.lang.Thread.run(Thread.java:748)
"pool-47-thread-33"  prio=5 tid=544 in Object.wait()
java.lang.Thread.State: WAITING (on object monitor)
        at sun.misc.Unsafe.park(Native Method)
        at java.util.concurrent.locks.LockSupport.park(LockSupport.java:175)
        at java.util.concurrent.locks.AbstractQueuedSynchronizer$ConditionObject.await(AbstractQueuedSynchronizer.java:2039)
        at java.util.concurrent.ArrayBlockingQueue.take(ArrayBlockingQueue.java:403)
        at java.util.concurrent.ThreadPoolExecutor.getTask(ThreadPoolExecutor.java:1074)
        at java.util.concurrent.ThreadPoolExecutor.runWorker(ThreadPoolExecutor.java:1134)
        at java.util.concurrent.ThreadPoolExecutor$Worker.run(ThreadPoolExecutor.java:624)
        at java.lang.Thread.run(Thread.java:748)
"IPC Server handler 17 on 33423" daemon prio=5 tid=47 timed_waiting
java.lang.Thread.State: TIMED_WAITING
        at sun.misc.Unsafe.park(Native Method)
        at java.util.concurrent.locks.LockSupport.parkNanos(LockSupport.java:215)
        at java.util.concurrent.locks.AbstractQueuedSynchronizer$ConditionObject.awaitNanos(AbstractQueuedSynchronizer.java:2078)
        at java.util.concurrent.LinkedBlockingQueue.poll(LinkedBlockingQueue.java:467)
        at org.apache.hadoop.ipc.CallQueueManager.take(CallQueueManager.java:288)
        at org.apache.hadoop.ipc.Server$Handler.run(Server.java:2668)
"qtp197855654-142" daemon prio=5 tid=142 timed_waiting
java.lang.Thread.State: TIMED_WAITING
        at sun.misc.Unsafe.park(Native Method)
        at java.util.concurrent.locks.LockSupport.parkNanos(LockSupport.java:215)
        at java.util.concurrent.locks.AbstractQueuedSynchronizer$ConditionObject.awaitNanos(AbstractQueuedSynchronizer.java:2078)
        at org.eclipse.jetty.util.BlockingArrayQueue.poll(BlockingArrayQueue.java:392)
        at org.eclipse.jetty.util.thread.QueuedThreadPool.idleJobPoll(QueuedThreadPool.java:563)
        at org.eclipse.jetty.util.thread.QueuedThreadPool.access$800(QueuedThreadPool.java:48)
        at org.eclipse.jetty.util.thread.QueuedThreadPool$2.run(QueuedThreadPool.java:626)
        at java.lang.Thread.run(Thread.java:748)
"pool-47-thread-1"  prio=5 tid=512 in Object.wait()
java.lang.Thread.State: WAITING (on object monitor)
        at sun.misc.Unsafe.park(Native Method)
        at java.util.concurrent.locks.LockSupport.park(LockSupport.java:175)
        at java.util.concurrent.locks.AbstractQueuedSynchronizer$ConditionObject.await(AbstractQueuedSynchronizer.java:2039)
        at java.util.concurrent.ArrayBlockingQueue.take(ArrayBlockingQueue.java:403)
        at java.util.concurrent.ThreadPoolExecutor.getTask(ThreadPoolExecutor.java:1074)
        at java.util.concurrent.ThreadPoolExecutor.runWorker(ThreadPoolExecutor.java:1134)
        at java.util.concurrent.ThreadPoolExecutor$Worker.run(ThreadPoolExecutor.java:624)
        at java.lang.Thread.run(Thread.java:748)
"Datanode State Machine Thread - 0" daemon prio=5 tid=202 timed_waiting
java.lang.Thread.State: TIMED_WAITING
        at java.lang.Thread.sleep(Native Method)
        at org.apache.hadoop.ozone.container.common.statemachine.DatanodeStateMachine.start(DatanodeStateMachine.java:191)
        at org.apache.hadoop.ozone.container.common.statemachine.DatanodeStateMachine.lambda$startDaemon$0(DatanodeStateMachine.java:349)
        at org.apache.hadoop.ozone.container.common.statemachine.DatanodeStateMachine$$Lambda$139/1610803524.run(Unknown Source)
        at java.lang.Thread.run(Thread.java:748)
"qtp838812606-90" daemon prio=5 tid=90 runnable
java.lang.Thread.State: RUNNABLE
        at sun.nio.ch.EPollArrayWrapper.epollWait(Native Method)
        at sun.nio.ch.EPollArrayWrapper.poll(EPollArrayWrapper.java:269)
        at sun.nio.ch.EPollSelectorImpl.doSelect(EPollSelectorImpl.java:93)
        at sun.nio.ch.SelectorImpl.lockAndDoSelect(SelectorImpl.java:86)
        at sun.nio.ch.SelectorImpl.select(SelectorImpl.java:97)
        at sun.nio.ch.SelectorImpl.select(SelectorImpl.java:101)
        at org.eclipse.jetty.io.ManagedSelector$SelectorProducer.select(ManagedSelector.java:243)
        at org.eclipse.jetty.io.ManagedSelector$SelectorProducer.produce(ManagedSelector.java:191)
        at org.eclipse.jetty.util.thread.strategy.ExecuteProduceConsume.executeProduceConsume(ExecuteProduceConsume.java:249)
        at org.eclipse.jetty.util.thread.strategy.ExecuteProduceConsume.produceConsume(ExecuteProduceConsume.java:148)
        at org.eclipse.jetty.util.thread.strategy.ExecuteProduceConsume.execute(ExecuteProduceConsume.java:100)
        at org.eclipse.jetty.io.ManagedSelector.run(ManagedSelector.java:147)
        at org.eclipse.jetty.util.thread.QueuedThreadPool.runJob(QueuedThreadPool.java:671)
        at org.eclipse.jetty.util.thread.QueuedThreadPool$2.run(QueuedThreadPool.java:589)
        at java.lang.Thread.run(Thread.java:748)
"BlockDeletingService#2" daemon prio=5 tid=1871 in Object.wait()
java.lang.Thread.State: WAITING (on object monitor)
        at sun.misc.Unsafe.park(Native Method)
        at java.util.concurrent.locks.LockSupport.park(LockSupport.java:175)
        at java.util.concurrent.locks.AbstractQueuedSynchronizer$ConditionObject.await(AbstractQueuedSynchronizer.java:2039)
        at java.util.concurrent.ScheduledThreadPoolExecutor$DelayedWorkQueue.take(ScheduledThreadPoolExecutor.java:1088)
        at java.util.concurrent.ScheduledThreadPoolExecutor$DelayedWorkQueue.take(ScheduledThreadPoolExecutor.java:809)
        at java.util.concurrent.ThreadPoolExecutor.getTask(ThreadPoolExecutor.java:1074)
        at java.util.concurrent.ThreadPoolExecutor.runWorker(ThreadPoolExecutor.java:1134)
        at java.util.concurrent.ThreadPoolExecutor$Worker.run(ThreadPoolExecutor.java:624)
        at java.lang.Thread.run(Thread.java:748)
"pool-215-thread-13"  prio=5 tid=1004 in Object.wait()
java.lang.Thread.State: WAITING (on object monitor)
        at sun.misc.Unsafe.park(Native Method)
        at java.util.concurrent.locks.LockSupport.park(LockSupport.java:175)
        at java.util.concurrent.locks.AbstractQueuedSynchronizer$ConditionObject.await(AbstractQueuedSynchronizer.java:2039)
        at java.util.concurrent.ArrayBlockingQueue.take(ArrayBlockingQueue.java:403)
        at java.util.concurrent.ThreadPoolExecutor.getTask(ThreadPoolExecutor.java:1074)
        at java.util.concurrent.ThreadPoolExecutor.runWorker(ThreadPoolExecutor.java:1134)
        at java.util.concurrent.ThreadPoolExecutor$Worker.run(ThreadPoolExecutor.java:624)
        at java.lang.Thread.run(Thread.java:748)
"pool-47-thread-17"  prio=5 tid=528 in Object.wait()
java.lang.Thread.State: WAITING (on object monitor)
        at sun.misc.Unsafe.park(Native Method)
        at java.util.concurrent.locks.LockSupport.park(LockSupport.java:175)
        at java.util.concurrent.locks.AbstractQueuedSynchronizer$ConditionObject.await(AbstractQueuedSynchronizer.java:2039)
        at java.util.concurrent.ArrayBlockingQueue.take(ArrayBlockingQueue.java:403)
        at java.util.concurrent.ThreadPoolExecutor.getTask(ThreadPoolExecutor.java:1074)
        at java.util.concurrent.ThreadPoolExecutor.runWorker(ThreadPoolExecutor.java:1134)
        at java.util.concurrent.ThreadPoolExecutor$Worker.run(ThreadPoolExecutor.java:624)
        at java.lang.Thread.run(Thread.java:748)
"pool-173-thread-12"  prio=5 tid=883 in Object.wait()
java.lang.Thread.State: WAITING (on object monitor)
        at sun.misc.Unsafe.park(Native Method)
        at java.util.concurrent.locks.LockSupport.park(LockSupport.java:175)
        at java.util.concurrent.locks.AbstractQueuedSynchronizer$ConditionObject.await(AbstractQueuedSynchronizer.java:2039)
        at java.util.concurrent.ArrayBlockingQueue.take(ArrayBlockingQueue.java:403)
        at java.util.concurrent.ThreadPoolExecutor.getTask(ThreadPoolExecutor.java:1074)
        at java.util.concurrent.ThreadPoolExecutor.runWorker(ThreadPoolExecutor.java:1134)
        at java.util.concurrent.ThreadPoolExecutor$Worker.run(ThreadPoolExecutor.java:624)
        at java.lang.Thread.run(Thread.java:748)
"qtp197855654-138" daemon prio=5 tid=138 timed_waiting
java.lang.Thread.State: TIMED_WAITING
        at sun.misc.Unsafe.park(Native Method)
        at java.util.concurrent.locks.LockSupport.parkNanos(LockSupport.java:215)
        at java.util.concurrent.locks.AbstractQueuedSynchronizer$ConditionObject.awaitNanos(AbstractQueuedSynchronizer.java:2078)
        at org.eclipse.jetty.util.BlockingArrayQueue.poll(BlockingArrayQueue.java:392)
        at org.eclipse.jetty.util.thread.QueuedThreadPool.idleJobPoll(QueuedThreadPool.java:563)
        at org.eclipse.jetty.util.thread.QueuedThreadPool.access$800(QueuedThreadPool.java:48)
        at org.eclipse.jetty.util.thread.QueuedThreadPool$2.run(QueuedThreadPool.java:626)
        at java.lang.Thread.run(Thread.java:748)
"Datanode ReportManager Thread - 2" daemon prio=5 tid=356 timed_waiting
java.lang.Thread.State: TIMED_WAITING
        at sun.misc.Unsafe.park(Native Method)
        at java.util.concurrent.locks.LockSupport.parkNanos(LockSupport.java:215)
        at java.util.concurrent.locks.AbstractQueuedSynchronizer$ConditionObject.awaitNanos(AbstractQueuedSynchronizer.java:2078)
        at java.util.concurrent.ScheduledThreadPoolExecutor$DelayedWorkQueue.take(ScheduledThreadPoolExecutor.java:1093)
        at java.util.concurrent.ScheduledThreadPoolExecutor$DelayedWorkQueue.take(ScheduledThreadPoolExecutor.java:809)
        at java.util.concurrent.ThreadPoolExecutor.getTask(ThreadPoolExecutor.java:1074)
        at java.util.concurrent.ThreadPoolExecutor.runWorker(ThreadPoolExecutor.java:1134)
        at java.util.concurrent.ThreadPoolExecutor$Worker.run(ThreadPoolExecutor.java:624)
        at java.lang.Thread.run(Thread.java:748)
"qtp1866002564-281-acceptor-0@285f28c9-ServerConnector@51ac12ac{HTTP/1.1,[http/1.1]}{0.0.0.0:41901}" daemon prio=3 tid=281 runnable
java.lang.Thread.State: RUNNABLE
        at sun.nio.ch.ServerSocketChannelImpl.accept0(Native Method)
        at sun.nio.ch.ServerSocketChannelImpl.accept(ServerSocketChannelImpl.java:422)
        at sun.nio.ch.ServerSocketChannelImpl.accept(ServerSocketChannelImpl.java:250)
        at org.eclipse.jetty.server.ServerConnector.accept(ServerConnector.java:397)
        at org.eclipse.jetty.server.AbstractConnector$Acceptor.run(AbstractConnector.java:601)
        at org.eclipse.jetty.util.thread.QueuedThreadPool.runJob(QueuedThreadPool.java:671)
        at org.eclipse.jetty.util.thread.QueuedThreadPool$2.run(QueuedThreadPool.java:589)
        at java.lang.Thread.run(Thread.java:748)
"Thread-395" daemon prio=5 tid=1208 timed_waiting
java.lang.Thread.State: TIMED_WAITING
        at sun.misc.Unsafe.park(Native Method)
        at java.util.concurrent.locks.LockSupport.parkNanos(LockSupport.java:215)
        at java.util.concurrent.locks.AbstractQueuedSynchronizer$ConditionObject.awaitNanos(AbstractQueuedSynchronizer.java:2078)
        at java.util.concurrent.ArrayBlockingQueue.poll(ArrayBlockingQueue.java:418)
        at org.apache.ratis.server.impl.LeaderState$EventQueue.poll(LeaderState.java:114)
        at org.apache.ratis.server.impl.LeaderState$EventProcessor.run(LeaderState.java:438)
"pool-87-thread-1" daemon prio=5 tid=245 timed_waiting
java.lang.Thread.State: TIMED_WAITING
        at sun.misc.Unsafe.park(Native Method)
        at java.util.concurrent.locks.LockSupport.parkNanos(LockSupport.java:215)
        at java.util.concurrent.locks.AbstractQueuedSynchronizer$ConditionObject.awaitNanos(AbstractQueuedSynchronizer.java:2078)
        at java.util.concurrent.ScheduledThreadPoolExecutor$DelayedWorkQueue.take(ScheduledThreadPoolExecutor.java:1093)
        at java.util.concurrent.ScheduledThreadPoolExecutor$DelayedWorkQueue.take(ScheduledThreadPoolExecutor.java:809)
        at java.util.concurrent.ThreadPoolExecutor.getTask(ThreadPoolExecutor.java:1074)
        at java.util.concurrent.ThreadPoolExecutor.runWorker(ThreadPoolExecutor.java:1134)
        at java.util.concurrent.ThreadPoolExecutor$Worker.run(ThreadPoolExecutor.java:624)
        at java.lang.Thread.run(Thread.java:748)
"qtp1081635795-161-acceptor-0@1c42e220-ServerConnector@295bf2a{HTTP/1.1,[http/1.1]}{0.0.0.0:38179}" daemon prio=3 tid=161 runnable
java.lang.Thread.State: RUNNABLE
        at sun.nio.ch.ServerSocketChannelImpl.accept0(Native Method)
        at sun.nio.ch.ServerSocketChannelImpl.accept(ServerSocketChannelImpl.java:422)
        at sun.nio.ch.ServerSocketChannelImpl.accept(ServerSocketChannelImpl.java:250)
        at org.eclipse.jetty.server.ServerConnector.accept(ServerConnector.java:397)
        at org.eclipse.jetty.server.AbstractConnector$Acceptor.run(AbstractConnector.java:601)
        at org.eclipse.jetty.util.thread.QueuedThreadPool.runJob(QueuedThreadPool.java:671)
        at org.eclipse.jetty.util.thread.QueuedThreadPool$2.run(QueuedThreadPool.java:589)
        at java.lang.Thread.run(Thread.java:748)
"IPC Server handler 11 on 38877" daemon prio=5 tid=125 timed_waiting
java.lang.Thread.State: TIMED_WAITING
        at sun.misc.Unsafe.park(Native Method)
        at java.util.concurrent.locks.LockSupport.parkNanos(LockSupport.java:215)
        at java.util.concurrent.locks.AbstractQueuedSynchronizer$ConditionObject.awaitNanos(AbstractQueuedSynchronizer.java:2078)
        at java.util.concurrent.LinkedBlockingQueue.poll(LinkedBlockingQueue.java:467)
        at org.apache.hadoop.ipc.CallQueueManager.take(CallQueueManager.java:288)
        at org.apache.hadoop.ipc.Server$Handler.run(Server.java:2668)
"Datanode ReportManager Thread - 1" daemon prio=5 tid=325 in Object.wait()
java.lang.Thread.State: WAITING (on object monitor)
        at sun.misc.Unsafe.park(Native Method)
        at java.util.concurrent.locks.LockSupport.park(LockSupport.java:175)
        at java.util.concurrent.locks.AbstractQueuedSynchronizer$ConditionObject.await(AbstractQueuedSynchronizer.java:2039)
        at java.util.concurrent.ScheduledThreadPoolExecutor$DelayedWorkQueue.take(ScheduledThreadPoolExecutor.java:1088)
        at java.util.concurrent.ScheduledThreadPoolExecutor$DelayedWorkQueue.take(ScheduledThreadPoolExecutor.java:809)
        at java.util.concurrent.ThreadPoolExecutor.getTask(ThreadPoolExecutor.java:1074)
        at java.util.concurrent.ThreadPoolExecutor.runWorker(ThreadPoolExecutor.java:1134)
        at java.util.concurrent.ThreadPoolExecutor$Worker.run(ThreadPoolExecutor.java:624)
        at java.lang.Thread.run(Thread.java:748)
"pool-47-thread-10"  prio=5 tid=521 in Object.wait()
java.lang.Thread.State: WAITING (on object monitor)
        at sun.misc.Unsafe.park(Native Method)
        at java.util.concurrent.locks.LockSupport.park(LockSupport.java:175)
        at java.util.concurrent.locks.AbstractQueuedSynchronizer$ConditionObject.await(AbstractQueuedSynchronizer.java:2039)
        at java.util.concurrent.ArrayBlockingQueue.take(ArrayBlockingQueue.java:403)
        at java.util.concurrent.ThreadPoolExecutor.getTask(ThreadPoolExecutor.java:1074)
        at java.util.concurrent.ThreadPoolExecutor.runWorker(ThreadPoolExecutor.java:1134)
        at java.util.concurrent.ThreadPoolExecutor$Worker.run(ThreadPoolExecutor.java:624)
        at java.lang.Thread.run(Thread.java:748)
"pool-110-thread-9"  prio=5 tid=700 in Object.wait()
java.lang.Thread.State: WAITING (on object monitor)
        at sun.misc.Unsafe.park(Native Method)
        at java.util.concurrent.locks.LockSupport.park(LockSupport.java:175)
        at java.util.concurrent.locks.AbstractQueuedSynchronizer$ConditionObject.await(AbstractQueuedSynchronizer.java:2039)
        at java.util.concurrent.ArrayBlockingQueue.take(ArrayBlockingQueue.java:403)
        at java.util.concurrent.ThreadPoolExecutor.getTask(ThreadPoolExecutor.java:1074)
        at java.util.concurrent.ThreadPoolExecutor.runWorker(ThreadPoolExecutor.java:1134)
        at java.util.concurrent.ThreadPoolExecutor$Worker.run(ThreadPoolExecutor.java:624)
        at java.lang.Thread.run(Thread.java:748)
"pool-192-thread-1" daemon prio=5 tid=395 timed_waiting
java.lang.Thread.State: TIMED_WAITING
        at sun.misc.Unsafe.park(Native Method)
        at java.util.concurrent.locks.LockSupport.parkNanos(LockSupport.java:215)
        at java.util.concurrent.locks.AbstractQueuedSynchronizer$ConditionObject.awaitNanos(AbstractQueuedSynchronizer.java:2078)
        at java.util.concurrent.ScheduledThreadPoolExecutor$DelayedWorkQueue.take(ScheduledThreadPoolExecutor.java:1093)
        at java.util.concurrent.ScheduledThreadPoolExecutor$DelayedWorkQueue.take(ScheduledThreadPoolExecutor.java:809)
        at java.util.concurrent.ThreadPoolExecutor.getTask(ThreadPoolExecutor.java:1074)
        at java.util.concurrent.ThreadPoolExecutor.runWorker(ThreadPoolExecutor.java:1134)
        at java.util.concurrent.ThreadPoolExecutor$Worker.run(ThreadPoolExecutor.java:624)
        at java.lang.Thread.run(Thread.java:748)
"pool-26-thread-19"  prio=5 tid=469 in Object.wait()
java.lang.Thread.State: WAITING (on object monitor)
        at sun.misc.Unsafe.park(Native Method)
        at java.util.concurrent.locks.LockSupport.park(LockSupport.java:175)
        at java.util.concurrent.locks.AbstractQueuedSynchronizer$ConditionObject.await(AbstractQueuedSynchronizer.java:2039)
        at java.util.concurrent.ArrayBlockingQueue.take(ArrayBlockingQueue.java:403)
        at java.util.concurrent.ThreadPoolExecutor.getTask(ThreadPoolExecutor.java:1074)
        at java.util.concurrent.ThreadPoolExecutor.runWorker(ThreadPoolExecutor.java:1134)
        at java.util.concurrent.ThreadPoolExecutor$Worker.run(ThreadPoolExecutor.java:624)
        at java.lang.Thread.run(Thread.java:748)
"pool-194-thread-24"  prio=5 tid=955 in Object.wait()
java.lang.Thread.State: WAITING (on object monitor)
        at sun.misc.Unsafe.park(Native Method)
        at java.util.concurrent.locks.LockSupport.park(LockSupport.java:175)
        at java.util.concurrent.locks.AbstractQueuedSynchronizer$ConditionObject.await(AbstractQueuedSynchronizer.java:2039)
        at java.util.concurrent.ArrayBlockingQueue.take(ArrayBlockingQueue.java:403)
        at java.util.concurrent.ThreadPoolExecutor.getTask(ThreadPoolExecutor.java:1074)
        at java.util.concurrent.ThreadPoolExecutor.runWorker(ThreadPoolExecutor.java:1134)
        at java.util.concurrent.ThreadPoolExecutor$Worker.run(ThreadPoolExecutor.java:624)
        at java.lang.Thread.run(Thread.java:748)
"pool-131-thread-32"  prio=5 tid=783 in Object.wait()
java.lang.Thread.State: WAITING (on object monitor)
        at sun.misc.Unsafe.park(Native Method)
        at java.util.concurrent.locks.LockSupport.park(LockSupport.java:175)
        at java.util.concurrent.locks.AbstractQueuedSynchronizer$ConditionObject.await(AbstractQueuedSynchronizer.java:2039)
        at java.util.concurrent.ArrayBlockingQueue.take(ArrayBlockingQueue.java:403)
        at java.util.concurrent.ThreadPoolExecutor.getTask(ThreadPoolExecutor.java:1074)
        at java.util.concurrent.ThreadPoolExecutor.runWorker(ThreadPoolExecutor.java:1134)
        at java.util.concurrent.ThreadPoolExecutor$Worker.run(ThreadPoolExecutor.java:624)
        at java.lang.Thread.run(Thread.java:748)
"pool-110-thread-52"  prio=5 tid=743 in Object.wait()
java.lang.Thread.State: WAITING (on object monitor)
        at sun.misc.Unsafe.park(Native Method)
        at java.util.concurrent.locks.LockSupport.park(LockSupport.java:175)
        at java.util.concurrent.locks.AbstractQueuedSynchronizer$ConditionObject.await(AbstractQueuedSynchronizer.java:2039)
        at java.util.concurrent.ArrayBlockingQueue.take(ArrayBlockingQueue.java:403)
        at java.util.concurrent.ThreadPoolExecutor.getTask(ThreadPoolExecutor.java:1074)
        at java.util.concurrent.ThreadPoolExecutor.runWorker(ThreadPoolExecutor.java:1134)
        at java.util.concurrent.ThreadPoolExecutor$Worker.run(ThreadPoolExecutor.java:624)
        at java.lang.Thread.run(Thread.java:748)
"pool-110-thread-1"  prio=5 tid=692 in Object.wait()
java.lang.Thread.State: WAITING (on object monitor)
        at sun.misc.Unsafe.park(Native Method)
        at java.util.concurrent.locks.LockSupport.park(LockSupport.java:175)
        at java.util.concurrent.locks.AbstractQueuedSynchronizer$ConditionObject.await(AbstractQueuedSynchronizer.java:2039)
        at java.util.concurrent.ArrayBlockingQueue.take(ArrayBlockingQueue.java:403)
        at java.util.concurrent.ThreadPoolExecutor.getTask(ThreadPoolExecutor.java:1074)
        at java.util.concurrent.ThreadPoolExecutor.runWorker(ThreadPoolExecutor.java:1134)
        at java.util.concurrent.ThreadPoolExecutor$Worker.run(ThreadPoolExecutor.java:624)
        at java.lang.Thread.run(Thread.java:748)
"pool-215-thread-50"  prio=5 tid=1041 in Object.wait()
java.lang.Thread.State: WAITING (on object monitor)
        at sun.misc.Unsafe.park(Native Method)
        at java.util.concurrent.locks.LockSupport.park(LockSupport.java:175)
        at java.util.concurrent.locks.AbstractQueuedSynchronizer$ConditionObject.await(AbstractQueuedSynchronizer.java:2039)
        at java.util.concurrent.ArrayBlockingQueue.take(ArrayBlockingQueue.java:403)
        at java.util.concurrent.ThreadPoolExecutor.getTask(ThreadPoolExecutor.java:1074)
        at java.util.concurrent.ThreadPoolExecutor.runWorker(ThreadPoolExecutor.java:1134)
        at java.util.concurrent.ThreadPoolExecutor$Worker.run(ThreadPoolExecutor.java:624)
        at java.lang.Thread.run(Thread.java:748)
"pool-68-thread-14"  prio=5 tid=585 in Object.wait()
java.lang.Thread.State: WAITING (on object monitor)
        at sun.misc.Unsafe.park(Native Method)
        at java.util.concurrent.locks.LockSupport.park(LockSupport.java:175)
        at java.util.concurrent.locks.AbstractQueuedSynchronizer$ConditionObject.await(AbstractQueuedSynchronizer.java:2039)
        at java.util.concurrent.ArrayBlockingQueue.take(ArrayBlockingQueue.java:403)
        at java.util.concurrent.ThreadPoolExecutor.getTask(ThreadPoolExecutor.java:1074)
        at java.util.concurrent.ThreadPoolExecutor.runWorker(ThreadPoolExecutor.java:1134)
        at java.util.concurrent.ThreadPoolExecutor$Worker.run(ThreadPoolExecutor.java:624)
        at java.lang.Thread.run(Thread.java:748)
"pool-68-thread-24"  prio=5 tid=595 in Object.wait()
java.lang.Thread.State: WAITING (on object monitor)
        at sun.misc.Unsafe.park(Native Method)
        at java.util.concurrent.locks.LockSupport.park(LockSupport.java:175)
        at java.util.concurrent.locks.AbstractQueuedSynchronizer$ConditionObject.await(AbstractQueuedSynchronizer.java:2039)
        at java.util.concurrent.ArrayBlockingQueue.take(ArrayBlockingQueue.java:403)
        at java.util.concurrent.ThreadPoolExecutor.getTask(ThreadPoolExecutor.java:1074)
        at java.util.concurrent.ThreadPoolExecutor.runWorker(ThreadPoolExecutor.java:1134)
        at java.util.concurrent.ThreadPoolExecutor$Worker.run(ThreadPoolExecutor.java:624)
        at java.lang.Thread.run(Thread.java:748)
"EventQueue-NodeRegistrationContainerReportForContainerSafeModeRule" daemon prio=5 tid=1055 in Object.wait()
java.lang.Thread.State: WAITING (on object monitor)
        at sun.misc.Unsafe.park(Native Method)
        at java.util.concurrent.locks.LockSupport.park(LockSupport.java:175)
        at java.util.concurrent.locks.AbstractQueuedSynchronizer$ConditionObject.await(AbstractQueuedSynchronizer.java:2039)
        at java.util.concurrent.LinkedBlockingQueue.take(LinkedBlockingQueue.java:442)
        at java.util.concurrent.ThreadPoolExecutor.getTask(ThreadPoolExecutor.java:1074)
        at java.util.concurrent.ThreadPoolExecutor.runWorker(ThreadPoolExecutor.java:1134)
        at java.util.concurrent.ThreadPoolExecutor$Worker.run(ThreadPoolExecutor.java:624)
        at java.lang.Thread.run(Thread.java:748)
"pool-194-thread-31"  prio=5 tid=962 in Object.wait()
java.lang.Thread.State: WAITING (on object monitor)
        at sun.misc.Unsafe.park(Native Method)
        at java.util.concurrent.locks.LockSupport.park(LockSupport.java:175)
        at java.util.concurrent.locks.AbstractQueuedSynchronizer$ConditionObject.await(AbstractQueuedSynchronizer.java:2039)
        at java.util.concurrent.ArrayBlockingQueue.take(ArrayBlockingQueue.java:403)
        at java.util.concurrent.ThreadPoolExecutor.getTask(ThreadPoolExecutor.java:1074)
        at java.util.concurrent.ThreadPoolExecutor.runWorker(ThreadPoolExecutor.java:1134)
        at java.util.concurrent.ThreadPoolExecutor$Worker.run(ThreadPoolExecutor.java:624)
        at java.lang.Thread.run(Thread.java:748)
"Datanode ReportManager Thread - 2" daemon prio=5 tid=176 in Object.wait()
java.lang.Thread.State: WAITING (on object monitor)
        at sun.misc.Unsafe.park(Native Method)
        at java.util.concurrent.locks.LockSupport.park(LockSupport.java:175)
        at java.util.concurrent.locks.AbstractQueuedSynchronizer$ConditionObject.await(AbstractQueuedSynchronizer.java:2039)
        at java.util.concurrent.ScheduledThreadPoolExecutor$DelayedWorkQueue.take(ScheduledThreadPoolExecutor.java:1088)
        at java.util.concurrent.ScheduledThreadPoolExecutor$DelayedWorkQueue.take(ScheduledThreadPoolExecutor.java:809)
        at java.util.concurrent.ThreadPoolExecutor.getTask(ThreadPoolExecutor.java:1074)
        at java.util.concurrent.ThreadPoolExecutor.runWorker(ThreadPoolExecutor.java:1134)
        at java.util.concurrent.ThreadPoolExecutor$Worker.run(ThreadPoolExecutor.java:624)
        at java.lang.Thread.run(Thread.java:748)
"qtp197855654-139" daemon prio=5 tid=139 timed_waiting
java.lang.Thread.State: TIMED_WAITING
        at sun.misc.Unsafe.park(Native Method)
        at java.util.concurrent.locks.LockSupport.parkNanos(LockSupport.java:215)
        at java.util.concurrent.locks.AbstractQueuedSynchronizer$ConditionObject.awaitNanos(AbstractQueuedSynchronizer.java:2078)
        at org.eclipse.jetty.util.BlockingArrayQueue.poll(BlockingArrayQueue.java:392)
        at org.eclipse.jetty.util.thread.QueuedThreadPool.idleJobPoll(QueuedThreadPool.java:563)
        at org.eclipse.jetty.util.thread.QueuedThreadPool.access$800(QueuedThreadPool.java:48)
        at org.eclipse.jetty.util.thread.QueuedThreadPool$2.run(QueuedThreadPool.java:626)
        at java.lang.Thread.run(Thread.java:748)
"pool-89-thread-54"  prio=5 tid=685 in Object.wait()
java.lang.Thread.State: WAITING (on object monitor)
        at sun.misc.Unsafe.park(Native Method)
        at java.util.concurrent.locks.LockSupport.park(LockSupport.java:175)
        at java.util.concurrent.locks.AbstractQueuedSynchronizer$ConditionObject.await(AbstractQueuedSynchronizer.java:2039)
        at java.util.concurrent.ArrayBlockingQueue.take(ArrayBlockingQueue.java:403)
        at java.util.concurrent.ThreadPoolExecutor.getTask(ThreadPoolExecutor.java:1074)
        at java.util.concurrent.ThreadPoolExecutor.runWorker(ThreadPoolExecutor.java:1134)
        at java.util.concurrent.ThreadPoolExecutor$Worker.run(ThreadPoolExecutor.java:624)
        at java.lang.Thread.run(Thread.java:748)
"StateMachineUpdater-e834f043-68c2-4690-911f-e774cd7c845d-group-006A69440002" daemon prio=5 tid=1082 in Object.wait()
java.lang.Thread.State: WAITING (on object monitor)
        at java.lang.Object.wait(Native Method)
        at java.lang.Object.wait(Object.java:502)
        at org.apache.ratis.server.impl.StateMachineUpdater.run(StateMachineUpdater.java:138)
        at java.lang.Thread.run(Thread.java:748)
"qtp630669831-257" daemon prio=5 tid=257 timed_waiting
java.lang.Thread.State: TIMED_WAITING
        at sun.misc.Unsafe.park(Native Method)
        at java.util.concurrent.locks.LockSupport.parkNanos(LockSupport.java:215)
        at java.util.concurrent.locks.AbstractQueuedSynchronizer$ConditionObject.awaitNanos(AbstractQueuedSynchronizer.java:2078)
        at org.eclipse.jetty.util.BlockingArrayQueue.poll(BlockingArrayQueue.java:392)
        at org.eclipse.jetty.util.thread.QueuedThreadPool.idleJobPoll(QueuedThreadPool.java:563)
        at org.eclipse.jetty.util.thread.QueuedThreadPool.access$800(QueuedThreadPool.java:48)
        at org.eclipse.jetty.util.thread.QueuedThreadPool$2.run(QueuedThreadPool.java:626)
        at java.lang.Thread.run(Thread.java:748)
"pool-173-thread-22"  prio=5 tid=893 in Object.wait()
java.lang.Thread.State: WAITING (on object monitor)
        at sun.misc.Unsafe.park(Native Method)
        at java.util.concurrent.locks.LockSupport.park(LockSupport.java:175)
        at java.util.concurrent.locks.AbstractQueuedSynchronizer$ConditionObject.await(AbstractQueuedSynchronizer.java:2039)
        at java.util.concurrent.ArrayBlockingQueue.take(ArrayBlockingQueue.java:403)
        at java.util.concurrent.ThreadPoolExecutor.getTask(ThreadPoolExecutor.java:1074)
        at java.util.concurrent.ThreadPoolExecutor.runWorker(ThreadPoolExecutor.java:1134)
        at java.util.concurrent.ThreadPoolExecutor$Worker.run(ThreadPoolExecutor.java:624)
        at java.lang.Thread.run(Thread.java:748)
"pool-173-thread-25"  prio=5 tid=896 in Object.wait()
java.lang.Thread.State: WAITING (on object monitor)
        at sun.misc.Unsafe.park(Native Method)
        at java.util.concurrent.locks.LockSupport.park(LockSupport.java:175)
        at java.util.concurrent.locks.AbstractQueuedSynchronizer$ConditionObject.await(AbstractQueuedSynchronizer.java:2039)
        at java.util.concurrent.ArrayBlockingQueue.take(ArrayBlockingQueue.java:403)
        at java.util.concurrent.ThreadPoolExecutor.getTask(ThreadPoolExecutor.java:1074)
        at java.util.concurrent.ThreadPoolExecutor.runWorker(ThreadPoolExecutor.java:1134)
        at java.util.concurrent.ThreadPoolExecutor$Worker.run(ThreadPoolExecutor.java:624)
        at java.lang.Thread.run(Thread.java:748)
"Timer for 'StorageContainerManager' metrics system" daemon prio=5 tid=28 timed_waiting
java.lang.Thread.State: TIMED_WAITING
        at java.lang.Object.wait(Native Method)
        at java.util.TimerThread.mainLoop(Timer.java:552)
        at java.util.TimerThread.run(Timer.java:505)
"StateMachineUpdater-5ff02751-d237-480c-b1e9-4266071b5fb0-group-840E0B4B842C" daemon prio=5 tid=1125 in Object.wait()
java.lang.Thread.State: WAITING (on object monitor)
        at java.lang.Object.wait(Native Method)
        at java.lang.Object.wait(Object.java:502)
        at org.apache.ratis.server.impl.StateMachineUpdater.run(StateMachineUpdater.java:138)
        at java.lang.Thread.run(Thread.java:748)
"pool-215-thread-51"  prio=5 tid=1042 in Object.wait()
java.lang.Thread.State: WAITING (on object monitor)
        at sun.misc.Unsafe.park(Native Method)
        at java.util.concurrent.locks.LockSupport.park(LockSupport.java:175)
        at java.util.concurrent.locks.AbstractQueuedSynchronizer$ConditionObject.await(AbstractQueuedSynchronizer.java:2039)
        at java.util.concurrent.ArrayBlockingQueue.take(ArrayBlockingQueue.java:403)
        at java.util.concurrent.ThreadPoolExecutor.getTask(ThreadPoolExecutor.java:1074)
        at java.util.concurrent.ThreadPoolExecutor.runWorker(ThreadPoolExecutor.java:1134)
        at java.util.concurrent.ThreadPoolExecutor$Worker.run(ThreadPoolExecutor.java:624)
        at java.lang.Thread.run(Thread.java:748)
"qtp648346093-347" daemon prio=5 tid=347 timed_waiting
java.lang.Thread.State: TIMED_WAITING
        at sun.misc.Unsafe.park(Native Method)
        at java.util.concurrent.locks.LockSupport.parkNanos(LockSupport.java:215)
        at java.util.concurrent.locks.AbstractQueuedSynchronizer$ConditionObject.awaitNanos(AbstractQueuedSynchronizer.java:2078)
        at org.eclipse.jetty.util.BlockingArrayQueue.poll(BlockingArrayQueue.java:392)
        at org.eclipse.jetty.util.thread.QueuedThreadPool.idleJobPoll(QueuedThreadPool.java:563)
        at org.eclipse.jetty.util.thread.QueuedThreadPool.access$800(QueuedThreadPool.java:48)
        at org.eclipse.jetty.util.thread.QueuedThreadPool$2.run(QueuedThreadPool.java:626)
        at java.lang.Thread.run(Thread.java:748)
"IPC Server handler 18 on 46447" daemon prio=5 tid=68 timed_waiting
java.lang.Thread.State: TIMED_WAITING
        at sun.misc.Unsafe.park(Native Method)
        at java.util.concurrent.locks.LockSupport.parkNanos(LockSupport.java:215)
        at java.util.concurrent.locks.AbstractQueuedSynchronizer$ConditionObject.awaitNanos(AbstractQueuedSynchronizer.java:2078)
        at java.util.concurrent.LinkedBlockingQueue.poll(LinkedBlockingQueue.java:467)
        at org.apache.hadoop.ipc.CallQueueManager.take(CallQueueManager.java:288)
        at org.apache.hadoop.ipc.Server$Handler.run(Server.java:2668)
"qtp1866002564-282" daemon prio=5 tid=282 timed_waiting
java.lang.Thread.State: TIMED_WAITING
        at sun.misc.Unsafe.park(Native Method)
        at java.util.concurrent.locks.LockSupport.parkNanos(LockSupport.java:215)
        at java.util.concurrent.locks.AbstractQueuedSynchronizer$ConditionObject.awaitNanos(AbstractQueuedSynchronizer.java:2078)
        at org.eclipse.jetty.util.BlockingArrayQueue.poll(BlockingArrayQueue.java:392)
        at org.eclipse.jetty.util.thread.QueuedThreadPool.idleJobPoll(QueuedThreadPool.java:563)
        at org.eclipse.jetty.util.thread.QueuedThreadPool.access$800(QueuedThreadPool.java:48)
        at org.eclipse.jetty.util.thread.QueuedThreadPool$2.run(QueuedThreadPool.java:626)
        at java.lang.Thread.run(Thread.java:748)
"pool-26-thread-11"  prio=5 tid=461 in Object.wait()
java.lang.Thread.State: WAITING (on object monitor)
        at sun.misc.Unsafe.park(Native Method)
        at java.util.concurrent.locks.LockSupport.park(LockSupport.java:175)
        at java.util.concurrent.locks.AbstractQueuedSynchronizer$ConditionObject.await(AbstractQueuedSynchronizer.java:2039)
        at java.util.concurrent.ArrayBlockingQueue.take(ArrayBlockingQueue.java:403)
        at java.util.concurrent.ThreadPoolExecutor.getTask(ThreadPoolExecutor.java:1074)
        at java.util.concurrent.ThreadPoolExecutor.runWorker(ThreadPoolExecutor.java:1134)
        at java.util.concurrent.ThreadPoolExecutor$Worker.run(ThreadPoolExecutor.java:624)
        at java.lang.Thread.run(Thread.java:748)
"pool-47-thread-9"  prio=5 tid=520 in Object.wait()
java.lang.Thread.State: WAITING (on object monitor)
        at sun.misc.Unsafe.park(Native Method)
        at java.util.concurrent.locks.LockSupport.park(LockSupport.java:175)
        at java.util.concurrent.locks.AbstractQueuedSynchronizer$ConditionObject.await(AbstractQueuedSynchronizer.java:2039)
        at java.util.concurrent.ArrayBlockingQueue.take(ArrayBlockingQueue.java:403)
        at java.util.concurrent.ThreadPoolExecutor.getTask(ThreadPoolExecutor.java:1074)
        at java.util.concurrent.ThreadPoolExecutor.runWorker(ThreadPoolExecutor.java:1134)
        at java.util.concurrent.ThreadPoolExecutor$Worker.run(ThreadPoolExecutor.java:624)
        at java.lang.Thread.run(Thread.java:748)
"Datanode State Machine Thread - 0" daemon prio=5 tid=301 timed_waiting
java.lang.Thread.State: TIMED_WAITING
        at sun.misc.Unsafe.park(Native Method)
        at java.util.concurrent.locks.LockSupport.parkNanos(LockSupport.java:215)
        at java.util.concurrent.SynchronousQueue$TransferStack.awaitFulfill(SynchronousQueue.java:460)
        at java.util.concurrent.SynchronousQueue$TransferStack.transfer(SynchronousQueue.java:362)
        at java.util.concurrent.SynchronousQueue.poll(SynchronousQueue.java:941)
        at java.util.concurrent.ThreadPoolExecutor.getTask(ThreadPoolExecutor.java:1073)
        at java.util.concurrent.ThreadPoolExecutor.runWorker(ThreadPoolExecutor.java:1134)
        at java.util.concurrent.ThreadPoolExecutor$Worker.run(ThreadPoolExecutor.java:624)
        at java.lang.Thread.run(Thread.java:748)
"pool-68-thread-52"  prio=5 tid=623 in Object.wait()
java.lang.Thread.State: WAITING (on object monitor)
        at sun.misc.Unsafe.park(Native Method)
        at java.util.concurrent.locks.LockSupport.park(LockSupport.java:175)
        at java.util.concurrent.locks.AbstractQueuedSynchronizer$ConditionObject.await(AbstractQueuedSynchronizer.java:2039)
        at java.util.concurrent.ArrayBlockingQueue.take(ArrayBlockingQueue.java:403)
        at java.util.concurrent.ThreadPoolExecutor.getTask(ThreadPoolExecutor.java:1074)
        at java.util.concurrent.ThreadPoolExecutor.runWorker(ThreadPoolExecutor.java:1134)
        at java.util.concurrent.ThreadPoolExecutor$Worker.run(ThreadPoolExecutor.java:624)
        at java.lang.Thread.run(Thread.java:748)
"BlockDeletingService#2" daemon prio=5 tid=1877 in Object.wait()
java.lang.Thread.State: WAITING (on object monitor)
        at sun.misc.Unsafe.park(Native Method)
        at java.util.concurrent.locks.LockSupport.park(LockSupport.java:175)
        at java.util.concurrent.locks.AbstractQueuedSynchronizer$ConditionObject.await(AbstractQueuedSynchronizer.java:2039)
        at java.util.concurrent.ScheduledThreadPoolExecutor$DelayedWorkQueue.take(ScheduledThreadPoolExecutor.java:1088)
        at java.util.concurrent.ScheduledThreadPoolExecutor$DelayedWorkQueue.take(ScheduledThreadPoolExecutor.java:809)
        at java.util.concurrent.ThreadPoolExecutor.getTask(ThreadPoolExecutor.java:1074)
        at java.util.concurrent.ThreadPoolExecutor.runWorker(ThreadPoolExecutor.java:1134)
        at java.util.concurrent.ThreadPoolExecutor$Worker.run(ThreadPoolExecutor.java:624)
        at java.lang.Thread.run(Thread.java:748)
"pool-68-thread-44"  prio=5 tid=615 in Object.wait()
java.lang.Thread.State: WAITING (on object monitor)
        at sun.misc.Unsafe.park(Native Method)
        at java.util.concurrent.locks.LockSupport.park(LockSupport.java:175)
        at java.util.concurrent.locks.AbstractQueuedSynchronizer$ConditionObject.await(AbstractQueuedSynchronizer.java:2039)
        at java.util.concurrent.ArrayBlockingQueue.take(ArrayBlockingQueue.java:403)
        at java.util.concurrent.ThreadPoolExecutor.getTask(ThreadPoolExecutor.java:1074)
        at java.util.concurrent.ThreadPoolExecutor.runWorker(ThreadPoolExecutor.java:1134)
        at java.util.concurrent.ThreadPoolExecutor$Worker.run(ThreadPoolExecutor.java:624)
        at java.lang.Thread.run(Thread.java:748)
"pool-131-thread-41"  prio=5 tid=792 in Object.wait()
java.lang.Thread.State: WAITING (on object monitor)
        at sun.misc.Unsafe.park(Native Method)
        at java.util.concurrent.locks.LockSupport.park(LockSupport.java:175)
        at java.util.concurrent.locks.AbstractQueuedSynchronizer$ConditionObject.await(AbstractQueuedSynchronizer.java:2039)
        at java.util.concurrent.ArrayBlockingQueue.take(ArrayBlockingQueue.java:403)
        at java.util.concurrent.ThreadPoolExecutor.getTask(ThreadPoolExecutor.java:1074)
        at java.util.concurrent.ThreadPoolExecutor.runWorker(ThreadPoolExecutor.java:1134)
        at java.util.concurrent.ThreadPoolExecutor$Worker.run(ThreadPoolExecutor.java:624)
        at java.lang.Thread.run(Thread.java:748)
"refreshUsed-/opt/src/hadoop-ozone/integration-test/target/test-dir/MiniOzoneClusterImpl-add696fe-84ac-4b45-a2ee-012b057e1087/datanode-5/data/containers" daemon prio=5 tid=303 timed_waiting
java.lang.Thread.State: TIMED_WAITING
        at java.lang.Thread.sleep(Native Method)
        at org.apache.hadoop.fs.CachingGetSpaceUsed$RefreshThread.run(CachingGetSpaceUsed.java:179)
        at java.lang.Thread.run(Thread.java:748)
"BlockDeletingService#0" daemon prio=5 tid=187 in Object.wait()
java.lang.Thread.State: WAITING (on object monitor)
        at sun.misc.Unsafe.park(Native Method)
        at java.util.concurrent.locks.LockSupport.park(LockSupport.java:175)
        at java.util.concurrent.locks.AbstractQueuedSynchronizer$ConditionObject.await(AbstractQueuedSynchronizer.java:2039)
        at java.util.concurrent.ScheduledThreadPoolExecutor$DelayedWorkQueue.take(ScheduledThreadPoolExecutor.java:1088)
        at java.util.concurrent.ScheduledThreadPoolExecutor$DelayedWorkQueue.take(ScheduledThreadPoolExecutor.java:809)
        at java.util.concurrent.ThreadPoolExecutor.getTask(ThreadPoolExecutor.java:1074)
        at java.util.concurrent.ThreadPoolExecutor.runWorker(ThreadPoolExecutor.java:1134)
        at java.util.concurrent.ThreadPoolExecutor$Worker.run(ThreadPoolExecutor.java:624)
        at java.lang.Thread.run(Thread.java:748)
"pool-47-thread-18"  prio=5 tid=529 in Object.wait()
java.lang.Thread.State: WAITING (on object monitor)
        at sun.misc.Unsafe.park(Native Method)
        at java.util.concurrent.locks.LockSupport.park(LockSupport.java:175)
        at java.util.concurrent.locks.AbstractQueuedSynchronizer$ConditionObject.await(AbstractQueuedSynchronizer.java:2039)
        at java.util.concurrent.ArrayBlockingQueue.take(ArrayBlockingQueue.java:403)
        at java.util.concurrent.ThreadPoolExecutor.getTask(ThreadPoolExecutor.java:1074)
        at java.util.concurrent.ThreadPoolExecutor.runWorker(ThreadPoolExecutor.java:1134)
        at java.util.concurrent.ThreadPoolExecutor$Worker.run(ThreadPoolExecutor.java:624)
        at java.lang.Thread.run(Thread.java:748)
"pool-152-thread-36"  prio=5 tid=847 in Object.wait()
java.lang.Thread.State: WAITING (on object monitor)
        at sun.misc.Unsafe.park(Native Method)
        at java.util.concurrent.locks.LockSupport.park(LockSupport.java:175)
        at java.util.concurrent.locks.AbstractQueuedSynchronizer$ConditionObject.await(AbstractQueuedSynchronizer.java:2039)
        at java.util.concurrent.ArrayBlockingQueue.take(ArrayBlockingQueue.java:403)
        at java.util.concurrent.ThreadPoolExecutor.getTask(ThreadPoolExecutor.java:1074)
        at java.util.concurrent.ThreadPoolExecutor.runWorker(ThreadPoolExecutor.java:1134)
        at java.util.concurrent.ThreadPoolExecutor$Worker.run(ThreadPoolExecutor.java:624)
        at java.lang.Thread.run(Thread.java:748)
"org.eclipse.jetty.server.session.HashSessionManager@235f4c10Timer" daemon prio=5 tid=98 timed_waiting
java.lang.Thread.State: TIMED_WAITING
        at sun.misc.Unsafe.park(Native Method)
        at java.util.concurrent.locks.LockSupport.parkNanos(LockSupport.java:215)
        at java.util.concurrent.locks.AbstractQueuedSynchronizer$ConditionObject.awaitNanos(AbstractQueuedSynchronizer.java:2078)
        at java.util.concurrent.ScheduledThreadPoolExecutor$DelayedWorkQueue.take(ScheduledThreadPoolExecutor.java:1093)
        at java.util.concurrent.ScheduledThreadPoolExecutor$DelayedWorkQueue.take(ScheduledThreadPoolExecutor.java:809)
        at java.util.concurrent.ThreadPoolExecutor.getTask(ThreadPoolExecutor.java:1074)
        at java.util.concurrent.ThreadPoolExecutor.runWorker(ThreadPoolExecutor.java:1134)
        at java.util.concurrent.ThreadPoolExecutor$Worker.run(ThreadPoolExecutor.java:624)
        at java.lang.Thread.run(Thread.java:748)
"pool-152-thread-51"  prio=5 tid=862 in Object.wait()
java.lang.Thread.State: WAITING (on object monitor)
        at sun.misc.Unsafe.park(Native Method)
        at java.util.concurrent.locks.LockSupport.park(LockSupport.java:175)
        at java.util.concurrent.locks.AbstractQueuedSynchronizer$ConditionObject.await(AbstractQueuedSynchronizer.java:2039)
        at java.util.concurrent.ArrayBlockingQueue.take(ArrayBlockingQueue.java:403)
        at java.util.concurrent.ThreadPoolExecutor.getTask(ThreadPoolExecutor.java:1074)
        at java.util.concurrent.ThreadPoolExecutor.runWorker(ThreadPoolExecutor.java:1134)
        at java.util.concurrent.ThreadPoolExecutor$Worker.run(ThreadPoolExecutor.java:624)
        at java.lang.Thread.run(Thread.java:748)
"pool-26-thread-42"  prio=5 tid=492 in Object.wait()
java.lang.Thread.State: WAITING (on object monitor)
        at sun.misc.Unsafe.park(Native Method)
        at java.util.concurrent.locks.LockSupport.park(LockSupport.java:175)
        at java.util.concurrent.locks.AbstractQueuedSynchronizer$ConditionObject.await(AbstractQueuedSynchronizer.java:2039)
        at java.util.concurrent.ArrayBlockingQueue.take(ArrayBlockingQueue.java:403)
        at java.util.concurrent.ThreadPoolExecutor.getTask(ThreadPoolExecutor.java:1074)
        at java.util.concurrent.ThreadPoolExecutor.runWorker(ThreadPoolExecutor.java:1134)
        at java.util.concurrent.ThreadPoolExecutor$Worker.run(ThreadPoolExecutor.java:624)
        at java.lang.Thread.run(Thread.java:748)
"qtp838812606-96" daemon prio=5 tid=96 timed_waiting
java.lang.Thread.State: TIMED_WAITING
        at sun.misc.Unsafe.park(Native Method)
        at java.util.concurrent.locks.LockSupport.parkNanos(LockSupport.java:215)
        at java.util.concurrent.locks.AbstractQueuedSynchronizer$ConditionObject.awaitNanos(AbstractQueuedSynchronizer.java:2078)
        at org.eclipse.jetty.util.BlockingArrayQueue.poll(BlockingArrayQueue.java:392)
        at org.eclipse.jetty.util.thread.QueuedThreadPool.idleJobPoll(QueuedThreadPool.java:563)
        at org.eclipse.jetty.util.thread.QueuedThreadPool.access$800(QueuedThreadPool.java:48)
        at org.eclipse.jetty.util.thread.QueuedThreadPool$2.run(QueuedThreadPool.java:626)
        at java.lang.Thread.run(Thread.java:748)
"Datanode ReportManager Thread - 3" daemon prio=5 tid=416 timed_waiting
java.lang.Thread.State: TIMED_WAITING
        at sun.misc.Unsafe.park(Native Method)
        at java.util.concurrent.locks.LockSupport.parkNanos(LockSupport.java:215)
        at java.util.concurrent.locks.AbstractQueuedSynchronizer$ConditionObject.awaitNanos(AbstractQueuedSynchronizer.java:2078)
        at java.util.concurrent.ScheduledThreadPoolExecutor$DelayedWorkQueue.take(ScheduledThreadPoolExecutor.java:1093)
        at java.util.concurrent.ScheduledThreadPoolExecutor$DelayedWorkQueue.take(ScheduledThreadPoolExecutor.java:809)
        at java.util.concurrent.ThreadPoolExecutor.getTask(ThreadPoolExecutor.java:1074)
        at java.util.concurrent.ThreadPoolExecutor.runWorker(ThreadPoolExecutor.java:1134)
        at java.util.concurrent.ThreadPoolExecutor$Worker.run(ThreadPoolExecutor.java:624)
        at java.lang.Thread.run(Thread.java:748)
"pool-68-thread-51"  prio=5 tid=622 in Object.wait()
java.lang.Thread.State: WAITING (on object monitor)
        at sun.misc.Unsafe.park(Native Method)
        at java.util.concurrent.locks.LockSupport.park(LockSupport.java:175)
        at java.util.concurrent.locks.AbstractQueuedSynchronizer$ConditionObject.await(AbstractQueuedSynchronizer.java:2039)
        at java.util.concurrent.ArrayBlockingQueue.take(ArrayBlockingQueue.java:403)
        at java.util.concurrent.ThreadPoolExecutor.getTask(ThreadPoolExecutor.java:1074)
        at java.util.concurrent.ThreadPoolExecutor.runWorker(ThreadPoolExecutor.java:1134)
        at java.util.concurrent.ThreadPoolExecutor$Worker.run(ThreadPoolExecutor.java:624)
        at java.lang.Thread.run(Thread.java:748)
"pool-194-thread-51"  prio=5 tid=982 in Object.wait()
java.lang.Thread.State: WAITING (on object monitor)
        at sun.misc.Unsafe.park(Native Method)
        at java.util.concurrent.locks.LockSupport.park(LockSupport.java:175)
        at java.util.concurrent.locks.AbstractQueuedSynchronizer$ConditionObject.await(AbstractQueuedSynchronizer.java:2039)
        at java.util.concurrent.ArrayBlockingQueue.take(ArrayBlockingQueue.java:403)
        at java.util.concurrent.ThreadPoolExecutor.getTask(ThreadPoolExecutor.java:1074)
        at java.util.concurrent.ThreadPoolExecutor.runWorker(ThreadPoolExecutor.java:1134)
        at java.util.concurrent.ThreadPoolExecutor$Worker.run(ThreadPoolExecutor.java:624)
        at java.lang.Thread.run(Thread.java:748)
"pool-68-thread-6"  prio=5 tid=577 in Object.wait()
java.lang.Thread.State: WAITING (on object monitor)
        at sun.misc.Unsafe.park(Native Method)
        at java.util.concurrent.locks.LockSupport.park(LockSupport.java:175)
        at java.util.concurrent.locks.AbstractQueuedSynchronizer$ConditionObject.await(AbstractQueuedSynchronizer.java:2039)
        at java.util.concurrent.ArrayBlockingQueue.take(ArrayBlockingQueue.java:403)
        at java.util.concurrent.ThreadPoolExecutor.getTask(ThreadPoolExecutor.java:1074)
        at java.util.concurrent.ThreadPoolExecutor.runWorker(ThreadPoolExecutor.java:1134)
        at java.util.concurrent.ThreadPoolExecutor$Worker.run(ThreadPoolExecutor.java:624)
        at java.lang.Thread.run(Thread.java:748)
"pool-89-thread-35"  prio=5 tid=666 in Object.wait()
java.lang.Thread.State: WAITING (on object monitor)
        at sun.misc.Unsafe.park(Native Method)
        at java.util.concurrent.locks.LockSupport.park(LockSupport.java:175)
        at java.util.concurrent.locks.AbstractQueuedSynchronizer$ConditionObject.await(AbstractQueuedSynchronizer.java:2039)
        at java.util.concurrent.ArrayBlockingQueue.take(ArrayBlockingQueue.java:403)
        at java.util.concurrent.ThreadPoolExecutor.getTask(ThreadPoolExecutor.java:1074)
        at java.util.concurrent.ThreadPoolExecutor.runWorker(ThreadPoolExecutor.java:1134)
        at java.util.concurrent.ThreadPoolExecutor$Worker.run(ThreadPoolExecutor.java:624)
        at java.lang.Thread.run(Thread.java:748)
"pool-167-thread-1"  prio=5 tid=339 timed_waiting
java.lang.Thread.State: TIMED_WAITING
        at sun.misc.Unsafe.park(Native Method)
        at java.util.concurrent.locks.LockSupport.parkNanos(LockSupport.java:215)
        at java.util.concurrent.locks.AbstractQueuedSynchronizer$ConditionObject.awaitNanos(AbstractQueuedSynchronizer.java:2078)
        at java.util.concurrent.ScheduledThreadPoolExecutor$DelayedWorkQueue.take(ScheduledThreadPoolExecutor.java:1093)
        at java.util.concurrent.ScheduledThreadPoolExecutor$DelayedWorkQueue.take(ScheduledThreadPoolExecutor.java:809)
        at java.util.concurrent.ThreadPoolExecutor.getTask(ThreadPoolExecutor.java:1074)
        at java.util.concurrent.ThreadPoolExecutor.runWorker(ThreadPoolExecutor.java:1134)
        at java.util.concurrent.ThreadPoolExecutor$Worker.run(ThreadPoolExecutor.java:624)
        at java.lang.Thread.run(Thread.java:748)
"pool-173-thread-17"  prio=5 tid=888 in Object.wait()
java.lang.Thread.State: WAITING (on object monitor)
        at sun.misc.Unsafe.park(Native Method)
        at java.util.concurrent.locks.LockSupport.park(LockSupport.java:175)
        at java.util.concurrent.locks.AbstractQueuedSynchronizer$ConditionObject.await(AbstractQueuedSynchronizer.java:2039)
        at java.util.concurrent.ArrayBlockingQueue.take(ArrayBlockingQueue.java:403)
        at java.util.concurrent.ThreadPoolExecutor.getTask(ThreadPoolExecutor.java:1074)
        at java.util.concurrent.ThreadPoolExecutor.runWorker(ThreadPoolExecutor.java:1134)
        at java.util.concurrent.ThreadPoolExecutor$Worker.run(ThreadPoolExecutor.java:624)
        at java.lang.Thread.run(Thread.java:748)
"pool-215-thread-38"  prio=5 tid=1029 in Object.wait()
java.lang.Thread.State: WAITING (on object monitor)
        at sun.misc.Unsafe.park(Native Method)
        at java.util.concurrent.locks.LockSupport.park(LockSupport.java:175)
        at java.util.concurrent.locks.AbstractQueuedSynchronizer$ConditionObject.await(AbstractQueuedSynchronizer.java:2039)
        at java.util.concurrent.ArrayBlockingQueue.take(ArrayBlockingQueue.java:403)
        at java.util.concurrent.ThreadPoolExecutor.getTask(ThreadPoolExecutor.java:1074)
        at java.util.concurrent.ThreadPoolExecutor.runWorker(ThreadPoolExecutor.java:1134)
        at java.util.concurrent.ThreadPoolExecutor$Worker.run(ThreadPoolExecutor.java:624)
        at java.lang.Thread.run(Thread.java:748)
"pool-121-thread-1"  prio=5 tid=1075 in Object.wait()
java.lang.Thread.State: WAITING (on object monitor)
        at sun.misc.Unsafe.park(Native Method)
        at java.util.concurrent.locks.LockSupport.park(LockSupport.java:175)
        at java.util.concurrent.locks.AbstractQueuedSynchronizer$ConditionObject.await(AbstractQueuedSynchronizer.java:2039)
        at java.util.concurrent.LinkedBlockingQueue.take(LinkedBlockingQueue.java:442)
        at java.util.concurrent.ThreadPoolExecutor.getTask(ThreadPoolExecutor.java:1074)
        at java.util.concurrent.ThreadPoolExecutor.runWorker(ThreadPoolExecutor.java:1134)
        at java.util.concurrent.ThreadPoolExecutor$Worker.run(ThreadPoolExecutor.java:624)
        at java.lang.Thread.run(Thread.java:748)
"pool-110-thread-30"  prio=5 tid=721 in Object.wait()
java.lang.Thread.State: WAITING (on object monitor)
        at sun.misc.Unsafe.park(Native Method)
        at java.util.concurrent.locks.LockSupport.park(LockSupport.java:175)
        at java.util.concurrent.locks.AbstractQueuedSynchronizer$ConditionObject.await(AbstractQueuedSynchronizer.java:2039)
        at java.util.concurrent.ArrayBlockingQueue.take(ArrayBlockingQueue.java:403)
        at java.util.concurrent.ThreadPoolExecutor.getTask(ThreadPoolExecutor.java:1074)
        at java.util.concurrent.ThreadPoolExecutor.runWorker(ThreadPoolExecutor.java:1134)
        at java.util.concurrent.ThreadPoolExecutor$Worker.run(ThreadPoolExecutor.java:624)
        at java.lang.Thread.run(Thread.java:748)
"pool-68-thread-3"  prio=5 tid=574 in Object.wait()
java.lang.Thread.State: WAITING (on object monitor)
        at sun.misc.Unsafe.park(Native Method)
        at java.util.concurrent.locks.LockSupport.park(LockSupport.java:175)
        at java.util.concurrent.locks.AbstractQueuedSynchronizer$ConditionObject.await(AbstractQueuedSynchronizer.java:2039)
        at java.util.concurrent.ArrayBlockingQueue.take(ArrayBlockingQueue.java:403)
        at java.util.concurrent.ThreadPoolExecutor.getTask(ThreadPoolExecutor.java:1074)
        at java.util.concurrent.ThreadPoolExecutor.runWorker(ThreadPoolExecutor.java:1134)
        at java.util.concurrent.ThreadPoolExecutor$Worker.run(ThreadPoolExecutor.java:624)
        at java.lang.Thread.run(Thread.java:748)
"pool-215-thread-40"  prio=5 tid=1031 in Object.wait()
java.lang.Thread.State: WAITING (on object monitor)
        at sun.misc.Unsafe.park(Native Method)
        at java.util.concurrent.locks.LockSupport.park(LockSupport.java:175)
        at java.util.concurrent.locks.AbstractQueuedSynchronizer$ConditionObject.await(AbstractQueuedSynchronizer.java:2039)
        at java.util.concurrent.ArrayBlockingQueue.take(ArrayBlockingQueue.java:403)
        at java.util.concurrent.ThreadPoolExecutor.getTask(ThreadPoolExecutor.java:1074)
        at java.util.concurrent.ThreadPoolExecutor.runWorker(ThreadPoolExecutor.java:1134)
        at java.util.concurrent.ThreadPoolExecutor$Worker.run(ThreadPoolExecutor.java:624)
        at java.lang.Thread.run(Thread.java:748)
"IPC Server handler 19 on 38877" daemon prio=5 tid=133 timed_waiting
java.lang.Thread.State: TIMED_WAITING
        at sun.misc.Unsafe.park(Native Method)
        at java.util.concurrent.locks.LockSupport.parkNanos(LockSupport.java:215)
        at java.util.concurrent.locks.AbstractQueuedSynchronizer$ConditionObject.awaitNanos(AbstractQueuedSynchronizer.java:2078)
        at java.util.concurrent.LinkedBlockingQueue.poll(LinkedBlockingQueue.java:467)
        at org.apache.hadoop.ipc.CallQueueManager.take(CallQueueManager.java:288)
        at org.apache.hadoop.ipc.Server$Handler.run(Server.java:2668)
"org.eclipse.jetty.server.session.HashSessionManager@66a82a13Timer" daemon prio=5 tid=378 timed_waiting
java.lang.Thread.State: TIMED_WAITING
        at sun.misc.Unsafe.park(Native Method)
        at java.util.concurrent.locks.LockSupport.parkNanos(LockSupport.java:215)
        at java.util.concurrent.locks.AbstractQueuedSynchronizer$ConditionObject.awaitNanos(AbstractQueuedSynchronizer.java:2078)
        at java.util.concurrent.ScheduledThreadPoolExecutor$DelayedWorkQueue.take(ScheduledThreadPoolExecutor.java:1093)
        at java.util.concurrent.ScheduledThreadPoolExecutor$DelayedWorkQueue.take(ScheduledThreadPoolExecutor.java:809)
        at java.util.concurrent.ThreadPoolExecutor.getTask(ThreadPoolExecutor.java:1074)
        at java.util.concurrent.ThreadPoolExecutor.runWorker(ThreadPoolExecutor.java:1134)
        at java.util.concurrent.ThreadPoolExecutor$Worker.run(ThreadPoolExecutor.java:624)
        at java.lang.Thread.run(Thread.java:748)
"pool-89-thread-27"  prio=5 tid=658 in Object.wait()
java.lang.Thread.State: WAITING (on object monitor)
        at sun.misc.Unsafe.park(Native Method)
        at java.util.concurrent.locks.LockSupport.park(LockSupport.java:175)
        at java.util.concurrent.locks.AbstractQueuedSynchronizer$ConditionObject.await(AbstractQueuedSynchronizer.java:2039)
        at java.util.concurrent.ArrayBlockingQueue.take(ArrayBlockingQueue.java:403)
        at java.util.concurrent.ThreadPoolExecutor.getTask(ThreadPoolExecutor.java:1074)
        at java.util.concurrent.ThreadPoolExecutor.runWorker(ThreadPoolExecutor.java:1134)
        at java.util.concurrent.ThreadPoolExecutor$Worker.run(ThreadPoolExecutor.java:624)
        at java.lang.Thread.run(Thread.java:748)
"Thread-381" daemon prio=5 tid=1194 timed_waiting
java.lang.Thread.State: TIMED_WAITING
        at sun.misc.Unsafe.park(Native Method)
        at java.util.concurrent.locks.LockSupport.parkNanos(LockSupport.java:215)
        at java.util.concurrent.locks.AbstractQueuedSynchronizer$ConditionObject.awaitNanos(AbstractQueuedSynchronizer.java:2078)
        at java.util.concurrent.ArrayBlockingQueue.poll(ArrayBlockingQueue.java:418)
        at org.apache.ratis.server.impl.LeaderState$EventQueue.poll(LeaderState.java:114)
        at org.apache.ratis.server.impl.LeaderState$EventProcessor.run(LeaderState.java:438)
"org.apache.ratis.server.impl.LogAppender$$Lambda$313/942784436@2d525b71" daemon prio=5 tid=1165 timed_waiting
java.lang.Thread.State: TIMED_WAITING
        at java.lang.Object.wait(Native Method)
        at org.apache.ratis.grpc.server.GrpcLogAppender.mayWait(GrpcLogAppender.java:140)
        at org.apache.ratis.grpc.server.GrpcLogAppender.runAppenderImpl(GrpcLogAppender.java:94)
        at org.apache.ratis.server.impl.LogAppender.runAppender(LogAppender.java:101)
        at org.apache.ratis.server.impl.LogAppender$$Lambda$313/942784436.run(Unknown Source)
        at java.lang.Thread.run(Thread.java:748)
"pool-68-thread-27"  prio=5 tid=598 in Object.wait()
java.lang.Thread.State: WAITING (on object monitor)
        at sun.misc.Unsafe.park(Native Method)
        at java.util.concurrent.locks.LockSupport.park(LockSupport.java:175)
        at java.util.concurrent.locks.AbstractQueuedSynchronizer$ConditionObject.await(AbstractQueuedSynchronizer.java:2039)
        at java.util.concurrent.ArrayBlockingQueue.take(ArrayBlockingQueue.java:403)
        at java.util.concurrent.ThreadPoolExecutor.getTask(ThreadPoolExecutor.java:1074)
        at java.util.concurrent.ThreadPoolExecutor.runWorker(ThreadPoolExecutor.java:1134)
        at java.util.concurrent.ThreadPoolExecutor$Worker.run(ThreadPoolExecutor.java:624)
        at java.lang.Thread.run(Thread.java:748)
"IPC Server handler 16 on 38877" daemon prio=5 tid=130 timed_waiting
java.lang.Thread.State: TIMED_WAITING
        at sun.misc.Unsafe.park(Native Method)
        at java.util.concurrent.locks.LockSupport.parkNanos(LockSupport.java:215)
        at java.util.concurrent.locks.AbstractQueuedSynchronizer$ConditionObject.awaitNanos(AbstractQueuedSynchronizer.java:2078)
        at java.util.concurrent.LinkedBlockingQueue.poll(LinkedBlockingQueue.java:467)
        at org.apache.hadoop.ipc.CallQueueManager.take(CallQueueManager.java:288)
        at org.apache.hadoop.ipc.Server$Handler.run(Server.java:2668)
"pool-131-thread-51"  prio=5 tid=802 in Object.wait()
java.lang.Thread.State: WAITING (on object monitor)
        at sun.misc.Unsafe.park(Native Method)
        at java.util.concurrent.locks.LockSupport.park(LockSupport.java:175)
        at java.util.concurrent.locks.AbstractQueuedSynchronizer$ConditionObject.await(AbstractQueuedSynchronizer.java:2039)
        at java.util.concurrent.ArrayBlockingQueue.take(ArrayBlockingQueue.java:403)
        at java.util.concurrent.ThreadPoolExecutor.getTask(ThreadPoolExecutor.java:1074)
        at java.util.concurrent.ThreadPoolExecutor.runWorker(ThreadPoolExecutor.java:1134)
        at java.util.concurrent.ThreadPoolExecutor$Worker.run(ThreadPoolExecutor.java:624)
        at java.lang.Thread.run(Thread.java:748)
"pool-110-thread-58"  prio=5 tid=749 in Object.wait()
java.lang.Thread.State: WAITING (on object monitor)
        at sun.misc.Unsafe.park(Native Method)
        at java.util.concurrent.locks.LockSupport.park(LockSupport.java:175)
        at java.util.concurrent.locks.AbstractQueuedSynchronizer$ConditionObject.await(AbstractQueuedSynchronizer.java:2039)
        at java.util.concurrent.ArrayBlockingQueue.take(ArrayBlockingQueue.java:403)
        at java.util.concurrent.ThreadPoolExecutor.getTask(ThreadPoolExecutor.java:1074)
        at java.util.concurrent.ThreadPoolExecutor.runWorker(ThreadPoolExecutor.java:1134)
        at java.util.concurrent.ThreadPoolExecutor$Worker.run(ThreadPoolExecutor.java:624)
        at java.lang.Thread.run(Thread.java:748)
"pool-26-thread-46"  prio=5 tid=496 in Object.wait()
java.lang.Thread.State: WAITING (on object monitor)
        at sun.misc.Unsafe.park(Native Method)
        at java.util.concurrent.locks.LockSupport.park(LockSupport.java:175)
        at java.util.concurrent.locks.AbstractQueuedSynchronizer$ConditionObject.await(AbstractQueuedSynchronizer.java:2039)
        at java.util.concurrent.ArrayBlockingQueue.take(ArrayBlockingQueue.java:403)
        at java.util.concurrent.ThreadPoolExecutor.getTask(ThreadPoolExecutor.java:1074)
        at java.util.concurrent.ThreadPoolExecutor.runWorker(ThreadPoolExecutor.java:1134)
        at java.util.concurrent.ThreadPoolExecutor$Worker.run(ThreadPoolExecutor.java:624)
        at java.lang.Thread.run(Thread.java:748)
"pool-66-thread-1" daemon prio=5 tid=215 timed_waiting
java.lang.Thread.State: TIMED_WAITING
        at sun.misc.Unsafe.park(Native Method)
        at java.util.concurrent.locks.LockSupport.parkNanos(LockSupport.java:215)
        at java.util.concurrent.locks.AbstractQueuedSynchronizer$ConditionObject.awaitNanos(AbstractQueuedSynchronizer.java:2078)
        at java.util.concurrent.ScheduledThreadPoolExecutor$DelayedWorkQueue.take(ScheduledThreadPoolExecutor.java:1093)
        at java.util.concurrent.ScheduledThreadPoolExecutor$DelayedWorkQueue.take(ScheduledThreadPoolExecutor.java:809)
        at java.util.concurrent.ThreadPoolExecutor.getTask(ThreadPoolExecutor.java:1074)
        at java.util.concurrent.ThreadPoolExecutor.runWorker(ThreadPoolExecutor.java:1134)
        at java.util.concurrent.ThreadPoolExecutor$Worker.run(ThreadPoolExecutor.java:624)
        at java.lang.Thread.run(Thread.java:748)
"pool-26-thread-37"  prio=5 tid=487 in Object.wait()
java.lang.Thread.State: WAITING (on object monitor)
        at sun.misc.Unsafe.park(Native Method)
        at java.util.concurrent.locks.LockSupport.park(LockSupport.java:175)
        at java.util.concurrent.locks.AbstractQueuedSynchronizer$ConditionObject.await(AbstractQueuedSynchronizer.java:2039)
        at java.util.concurrent.ArrayBlockingQueue.take(ArrayBlockingQueue.java:403)
        at java.util.concurrent.ThreadPoolExecutor.getTask(ThreadPoolExecutor.java:1074)
        at java.util.concurrent.ThreadPoolExecutor.runWorker(ThreadPoolExecutor.java:1134)
        at java.util.concurrent.ThreadPoolExecutor$Worker.run(ThreadPoolExecutor.java:624)
        at java.lang.Thread.run(Thread.java:748)
"Thread-348" daemon prio=5 tid=1161 timed_waiting
java.lang.Thread.State: TIMED_WAITING
        at sun.misc.Unsafe.park(Native Method)
        at java.util.concurrent.locks.LockSupport.parkNanos(LockSupport.java:215)
        at java.util.concurrent.locks.AbstractQueuedSynchronizer$ConditionObject.awaitNanos(AbstractQueuedSynchronizer.java:2078)
        at java.util.concurrent.ArrayBlockingQueue.poll(ArrayBlockingQueue.java:418)
        at org.apache.ratis.server.impl.LeaderState$EventQueue.poll(LeaderState.java:114)
        at org.apache.ratis.server.impl.LeaderState$EventProcessor.run(LeaderState.java:438)
"org.apache.hadoop.util.JvmPauseMonitor$Monitor@492d2e11" daemon prio=5 tid=448 timed_waiting
java.lang.Thread.State: TIMED_WAITING
        at java.lang.Thread.sleep(Native Method)
        at org.apache.hadoop.util.JvmPauseMonitor$Monitor.run(JvmPauseMonitor.java:192)
        at java.lang.Thread.run(Thread.java:748)
"pool-173-thread-42"  prio=5 tid=913 in Object.wait()
java.lang.Thread.State: WAITING (on object monitor)
        at sun.misc.Unsafe.park(Native Method)
        at java.util.concurrent.locks.LockSupport.park(LockSupport.java:175)
        at java.util.concurrent.locks.AbstractQueuedSynchronizer$ConditionObject.await(AbstractQueuedSynchronizer.java:2039)
        at java.util.concurrent.ArrayBlockingQueue.take(ArrayBlockingQueue.java:403)
        at java.util.concurrent.ThreadPoolExecutor.getTask(ThreadPoolExecutor.java:1074)
        at java.util.concurrent.ThreadPoolExecutor.runWorker(ThreadPoolExecutor.java:1134)
        at java.util.concurrent.ThreadPoolExecutor$Worker.run(ThreadPoolExecutor.java:624)
        at java.lang.Thread.run(Thread.java:748)
"refreshUsed-/opt/src/hadoop-ozone/integration-test/target/test-dir/MiniOzoneClusterImpl-add696fe-84ac-4b45-a2ee-012b057e1087/datanode-9/data/containers" daemon prio=5 tid=423 timed_waiting
java.lang.Thread.State: TIMED_WAITING
        at java.lang.Thread.sleep(Native Method)
        at org.apache.hadoop.fs.CachingGetSpaceUsed$RefreshThread.run(CachingGetSpaceUsed.java:179)
        at java.lang.Thread.run(Thread.java:748)
"Datanode State Machine Thread - 0" daemon prio=5 tid=270 timed_waiting
java.lang.Thread.State: TIMED_WAITING
        at sun.misc.Unsafe.park(Native Method)
        at java.util.concurrent.locks.LockSupport.parkNanos(LockSupport.java:215)
        at java.util.concurrent.SynchronousQueue$TransferStack.awaitFulfill(SynchronousQueue.java:460)
        at java.util.concurrent.SynchronousQueue$TransferStack.transfer(SynchronousQueue.java:362)
        at java.util.concurrent.SynchronousQueue.poll(SynchronousQueue.java:941)
        at java.util.concurrent.ThreadPoolExecutor.getTask(ThreadPoolExecutor.java:1073)
        at java.util.concurrent.ThreadPoolExecutor.runWorker(ThreadPoolExecutor.java:1134)
        at java.util.concurrent.ThreadPoolExecutor$Worker.run(ThreadPoolExecutor.java:624)
        at java.lang.Thread.run(Thread.java:748)
"pool-89-thread-2"  prio=5 tid=633 in Object.wait()
java.lang.Thread.State: WAITING (on object monitor)
        at sun.misc.Unsafe.park(Native Method)
        at java.util.concurrent.locks.LockSupport.park(LockSupport.java:175)
        at java.util.concurrent.locks.AbstractQueuedSynchronizer$ConditionObject.await(AbstractQueuedSynchronizer.java:2039)
        at java.util.concurrent.ArrayBlockingQueue.take(ArrayBlockingQueue.java:403)
        at java.util.concurrent.ThreadPoolExecutor.getTask(ThreadPoolExecutor.java:1074)
        at java.util.concurrent.ThreadPoolExecutor.runWorker(ThreadPoolExecutor.java:1134)
        at java.util.concurrent.ThreadPoolExecutor$Worker.run(ThreadPoolExecutor.java:624)
        at java.lang.Thread.run(Thread.java:748)
"qtp630669831-256" daemon prio=5 tid=256 timed_waiting
java.lang.Thread.State: TIMED_WAITING
        at sun.misc.Unsafe.park(Native Method)
        at java.util.concurrent.locks.LockSupport.parkNanos(LockSupport.java:215)
        at java.util.concurrent.locks.AbstractQueuedSynchronizer$ConditionObject.awaitNanos(AbstractQueuedSynchronizer.java:2078)
        at org.eclipse.jetty.util.BlockingArrayQueue.poll(BlockingArrayQueue.java:392)
        at org.eclipse.jetty.util.thread.QueuedThreadPool.idleJobPoll(QueuedThreadPool.java:563)
        at org.eclipse.jetty.util.thread.QueuedThreadPool.access$800(QueuedThreadPool.java:48)
        at org.eclipse.jetty.util.thread.QueuedThreadPool$2.run(QueuedThreadPool.java:626)
        at java.lang.Thread.run(Thread.java:748)
"Thread-282" daemon prio=5 tid=1059 timed_waiting
java.lang.Thread.State: TIMED_WAITING
        at java.lang.Thread.sleep(Native Method)
        at org.apache.hadoop.hdds.scm.safemode.SafeModeHandler.lambda$onMessage$0(SafeModeHandler.java:114)
        at org.apache.hadoop.hdds.scm.safemode.SafeModeHandler$$Lambda$159/484465710.run(Unknown Source)
        at java.lang.Thread.run(Thread.java:748)
"IPC Server handler 3 on 33779" daemon prio=5 tid=73 timed_waiting
java.lang.Thread.State: TIMED_WAITING
        at sun.misc.Unsafe.park(Native Method)
        at java.util.concurrent.locks.LockSupport.parkNanos(LockSupport.java:215)
        at java.util.concurrent.locks.AbstractQueuedSynchronizer$ConditionObject.awaitNanos(AbstractQueuedSynchronizer.java:2078)
        at java.util.concurrent.LinkedBlockingQueue.poll(LinkedBlockingQueue.java:467)
        at org.apache.hadoop.ipc.CallQueueManager.take(CallQueueManager.java:288)
        at org.apache.hadoop.ipc.Server$Handler.run(Server.java:2668)
"pool-47-thread-23"  prio=5 tid=534 in Object.wait()
java.lang.Thread.State: WAITING (on object monitor)
        at sun.misc.Unsafe.park(Native Method)
        at java.util.concurrent.locks.LockSupport.park(LockSupport.java:175)
        at java.util.concurrent.locks.AbstractQueuedSynchronizer$ConditionObject.await(AbstractQueuedSynchronizer.java:2039)
        at java.util.concurrent.ArrayBlockingQueue.take(ArrayBlockingQueue.java:403)
        at java.util.concurrent.ThreadPoolExecutor.getTask(ThreadPoolExecutor.java:1074)
        at java.util.concurrent.ThreadPoolExecutor.runWorker(ThreadPoolExecutor.java:1134)
        at java.util.concurrent.ThreadPoolExecutor$Worker.run(ThreadPoolExecutor.java:624)
        at java.lang.Thread.run(Thread.java:748)
"pool-89-thread-43"  prio=5 tid=674 in Object.wait()
java.lang.Thread.State: WAITING (on object monitor)
        at sun.misc.Unsafe.park(Native Method)
        at java.util.concurrent.locks.LockSupport.park(LockSupport.java:175)
        at java.util.concurrent.locks.AbstractQueuedSynchronizer$ConditionObject.await(AbstractQueuedSynchronizer.java:2039)
        at java.util.concurrent.ArrayBlockingQueue.take(ArrayBlockingQueue.java:403)
        at java.util.concurrent.ThreadPoolExecutor.getTask(ThreadPoolExecutor.java:1074)
        at java.util.concurrent.ThreadPoolExecutor.runWorker(ThreadPoolExecutor.java:1134)
        at java.util.concurrent.ThreadPoolExecutor$Worker.run(ThreadPoolExecutor.java:624)
        at java.lang.Thread.run(Thread.java:748)
"qtp2106129052-403" daemon prio=5 tid=403 timed_waiting
java.lang.Thread.State: TIMED_WAITING
        at sun.misc.Unsafe.park(Native Method)
        at java.util.concurrent.locks.LockSupport.parkNanos(LockSupport.java:215)
        at java.util.concurrent.locks.AbstractQueuedSynchronizer$ConditionObject.awaitNanos(AbstractQueuedSynchronizer.java:2078)
        at org.eclipse.jetty.util.BlockingArrayQueue.poll(BlockingArrayQueue.java:392)
        at org.eclipse.jetty.util.thread.QueuedThreadPool.idleJobPoll(QueuedThreadPool.java:563)
        at org.eclipse.jetty.util.thread.QueuedThreadPool.access$800(QueuedThreadPool.java:48)
        at org.eclipse.jetty.util.thread.QueuedThreadPool$2.run(QueuedThreadPool.java:626)
        at java.lang.Thread.run(Thread.java:748)
"IPC Server idle connection scanner for port 46447" daemon prio=5 tid=21 timed_waiting
java.lang.Thread.State: TIMED_WAITING
        at java.lang.Object.wait(Native Method)
        at java.util.TimerThread.mainLoop(Timer.java:552)
        at java.util.TimerThread.run(Timer.java:505)
"pool-173-thread-19"  prio=5 tid=890 in Object.wait()
java.lang.Thread.State: WAITING (on object monitor)
        at sun.misc.Unsafe.park(Native Method)
        at java.util.concurrent.locks.LockSupport.park(LockSupport.java:175)
        at java.util.concurrent.locks.AbstractQueuedSynchronizer$ConditionObject.await(AbstractQueuedSynchronizer.java:2039)
        at java.util.concurrent.ArrayBlockingQueue.take(ArrayBlockingQueue.java:403)
        at java.util.concurrent.ThreadPoolExecutor.getTask(ThreadPoolExecutor.java:1074)
        at java.util.concurrent.ThreadPoolExecutor.runWorker(ThreadPoolExecutor.java:1134)
        at java.util.concurrent.ThreadPoolExecutor$Worker.run(ThreadPoolExecutor.java:624)
        at java.lang.Thread.run(Thread.java:748)
"pool-89-thread-6"  prio=5 tid=637 in Object.wait()
java.lang.Thread.State: WAITING (on object monitor)
        at sun.misc.Unsafe.park(Native Method)
        at java.util.concurrent.locks.LockSupport.park(LockSupport.java:175)
        at java.util.concurrent.locks.AbstractQueuedSynchronizer$ConditionObject.await(AbstractQueuedSynchronizer.java:2039)
        at java.util.concurrent.ArrayBlockingQueue.take(ArrayBlockingQueue.java:403)
        at java.util.concurrent.ThreadPoolExecutor.getTask(ThreadPoolExecutor.java:1074)
        at java.util.concurrent.ThreadPoolExecutor.runWorker(ThreadPoolExecutor.java:1134)
        at java.util.concurrent.ThreadPoolExecutor$Worker.run(ThreadPoolExecutor.java:624)
        at java.lang.Thread.run(Thread.java:748)
"pool-68-thread-34"  prio=5 tid=605 in Object.wait()
java.lang.Thread.State: WAITING (on object monitor)
        at sun.misc.Unsafe.park(Native Method)
        at java.util.concurrent.locks.LockSupport.park(LockSupport.java:175)
        at java.util.concurrent.locks.AbstractQueuedSynchronizer$ConditionObject.await(AbstractQueuedSynchronizer.java:2039)
        at java.util.concurrent.ArrayBlockingQueue.take(ArrayBlockingQueue.java:403)
        at java.util.concurrent.ThreadPoolExecutor.getTask(ThreadPoolExecutor.java:1074)
        at java.util.concurrent.ThreadPoolExecutor.runWorker(ThreadPoolExecutor.java:1134)
        at java.util.concurrent.ThreadPoolExecutor$Worker.run(ThreadPoolExecutor.java:624)
        at java.lang.Thread.run(Thread.java:748)
"pool-215-thread-17"  prio=5 tid=1008 in Object.wait()
java.lang.Thread.State: WAITING (on object monitor)
        at sun.misc.Unsafe.park(Native Method)
        at java.util.concurrent.locks.LockSupport.park(LockSupport.java:175)
        at java.util.concurrent.locks.AbstractQueuedSynchronizer$ConditionObject.await(AbstractQueuedSynchronizer.java:2039)
        at java.util.concurrent.ArrayBlockingQueue.take(ArrayBlockingQueue.java:403)
        at java.util.concurrent.ThreadPoolExecutor.getTask(ThreadPoolExecutor.java:1074)
        at java.util.concurrent.ThreadPoolExecutor.runWorker(ThreadPoolExecutor.java:1134)
        at java.util.concurrent.ThreadPoolExecutor$Worker.run(ThreadPoolExecutor.java:624)
        at java.lang.Thread.run(Thread.java:748)
"pool-215-thread-15"  prio=5 tid=1006 in Object.wait()
java.lang.Thread.State: WAITING (on object monitor)
        at sun.misc.Unsafe.park(Native Method)
        at java.util.concurrent.locks.LockSupport.park(LockSupport.java:175)
        at java.util.concurrent.locks.AbstractQueuedSynchronizer$ConditionObject.await(AbstractQueuedSynchronizer.java:2039)
        at java.util.concurrent.ArrayBlockingQueue.take(ArrayBlockingQueue.java:403)
        at java.util.concurrent.ThreadPoolExecutor.getTask(ThreadPoolExecutor.java:1074)
        at java.util.concurrent.ThreadPoolExecutor.runWorker(ThreadPoolExecutor.java:1134)
        at java.util.concurrent.ThreadPoolExecutor$Worker.run(ThreadPoolExecutor.java:624)
        at java.lang.Thread.run(Thread.java:748)
"pool-173-thread-56"  prio=5 tid=927 in Object.wait()
java.lang.Thread.State: WAITING (on object monitor)
        at sun.misc.Unsafe.park(Native Method)
        at java.util.concurrent.locks.LockSupport.park(LockSupport.java:175)
        at java.util.concurrent.locks.AbstractQueuedSynchronizer$ConditionObject.await(AbstractQueuedSynchronizer.java:2039)
        at java.util.concurrent.ArrayBlockingQueue.take(ArrayBlockingQueue.java:403)
        at java.util.concurrent.ThreadPoolExecutor.getTask(ThreadPoolExecutor.java:1074)
        at java.util.concurrent.ThreadPoolExecutor.runWorker(ThreadPoolExecutor.java:1134)
        at java.util.concurrent.ThreadPoolExecutor$Worker.run(ThreadPoolExecutor.java:624)
        at java.lang.Thread.run(Thread.java:748)
"Datanode ReportManager Thread - 3" daemon prio=5 tid=328 timed_waiting
java.lang.Thread.State: TIMED_WAITING
        at sun.misc.Unsafe.park(Native Method)
        at java.util.concurrent.locks.LockSupport.parkNanos(LockSupport.java:215)
        at java.util.concurrent.locks.AbstractQueuedSynchronizer$ConditionObject.awaitNanos(AbstractQueuedSynchronizer.java:2078)
        at java.util.concurrent.ScheduledThreadPoolExecutor$DelayedWorkQueue.take(ScheduledThreadPoolExecutor.java:1093)
        at java.util.concurrent.ScheduledThreadPoolExecutor$DelayedWorkQueue.take(ScheduledThreadPoolExecutor.java:809)
        at java.util.concurrent.ThreadPoolExecutor.getTask(ThreadPoolExecutor.java:1074)
        at java.util.concurrent.ThreadPoolExecutor.runWorker(ThreadPoolExecutor.java:1134)
        at java.util.concurrent.ThreadPoolExecutor$Worker.run(ThreadPoolExecutor.java:624)
        at java.lang.Thread.run(Thread.java:748)
"pool-152-thread-21"  prio=5 tid=832 in Object.wait()
java.lang.Thread.State: WAITING (on object monitor)
        at sun.misc.Unsafe.park(Native Method)
        at java.util.concurrent.locks.LockSupport.park(LockSupport.java:175)
        at java.util.concurrent.locks.AbstractQueuedSynchronizer$ConditionObject.await(AbstractQueuedSynchronizer.java:2039)
        at java.util.concurrent.ArrayBlockingQueue.take(ArrayBlockingQueue.java:403)
        at java.util.concurrent.ThreadPoolExecutor.getTask(ThreadPoolExecutor.java:1074)
        at java.util.concurrent.ThreadPoolExecutor.runWorker(ThreadPoolExecutor.java:1134)
        at java.util.concurrent.ThreadPoolExecutor$Worker.run(ThreadPoolExecutor.java:624)
        at java.lang.Thread.run(Thread.java:748)
"pool-89-thread-20"  prio=5 tid=651 in Object.wait()
java.lang.Thread.State: WAITING (on object monitor)
        at sun.misc.Unsafe.park(Native Method)
        at java.util.concurrent.locks.LockSupport.park(LockSupport.java:175)
        at java.util.concurrent.locks.AbstractQueuedSynchronizer$ConditionObject.await(AbstractQueuedSynchronizer.java:2039)
        at java.util.concurrent.ArrayBlockingQueue.take(ArrayBlockingQueue.java:403)
        at java.util.concurrent.ThreadPoolExecutor.getTask(ThreadPoolExecutor.java:1074)
        at java.util.concurrent.ThreadPoolExecutor.runWorker(ThreadPoolExecutor.java:1134)
        at java.util.concurrent.ThreadPoolExecutor$Worker.run(ThreadPoolExecutor.java:624)
        at java.lang.Thread.run(Thread.java:748)
"Datanode ReportManager Thread - 1" daemon prio=5 tid=264 in Object.wait()
java.lang.Thread.State: WAITING (on object monitor)
        at sun.misc.Unsafe.park(Native Method)
        at java.util.concurrent.locks.LockSupport.park(LockSupport.java:175)
        at java.util.concurrent.locks.AbstractQueuedSynchronizer$ConditionObject.await(AbstractQueuedSynchronizer.java:2039)
        at java.util.concurrent.ScheduledThreadPoolExecutor$DelayedWorkQueue.take(ScheduledThreadPoolExecutor.java:1088)
        at java.util.concurrent.ScheduledThreadPoolExecutor$DelayedWorkQueue.take(ScheduledThreadPoolExecutor.java:809)
        at java.util.concurrent.ThreadPoolExecutor.getTask(ThreadPoolExecutor.java:1074)
        at java.util.concurrent.ThreadPoolExecutor.runWorker(ThreadPoolExecutor.java:1134)
        at java.util.concurrent.ThreadPoolExecutor$Worker.run(ThreadPoolExecutor.java:624)
        at java.lang.Thread.run(Thread.java:748)
"pool-152-thread-54"  prio=5 tid=865 in Object.wait()
java.lang.Thread.State: WAITING (on object monitor)
        at sun.misc.Unsafe.park(Native Method)
        at java.util.concurrent.locks.LockSupport.park(LockSupport.java:175)
        at java.util.concurrent.locks.AbstractQueuedSynchronizer$ConditionObject.await(AbstractQueuedSynchronizer.java:2039)
        at java.util.concurrent.ArrayBlockingQueue.take(ArrayBlockingQueue.java:403)
        at java.util.concurrent.ThreadPoolExecutor.getTask(ThreadPoolExecutor.java:1074)
        at java.util.concurrent.ThreadPoolExecutor.runWorker(ThreadPoolExecutor.java:1134)
        at java.util.concurrent.ThreadPoolExecutor$Worker.run(ThreadPoolExecutor.java:624)
        at java.lang.Thread.run(Thread.java:748)
"qtp648346093-344" daemon prio=5 tid=344 timed_waiting
java.lang.Thread.State: TIMED_WAITING
        at sun.misc.Unsafe.park(Native Method)
        at java.util.concurrent.locks.LockSupport.parkNanos(LockSupport.java:215)
        at java.util.concurrent.locks.AbstractQueuedSynchronizer$ConditionObject.awaitNanos(AbstractQueuedSynchronizer.java:2078)
        at org.eclipse.jetty.util.BlockingArrayQueue.poll(BlockingArrayQueue.java:392)
        at org.eclipse.jetty.util.thread.QueuedThreadPool.idleJobPoll(QueuedThreadPool.java:563)
        at org.eclipse.jetty.util.thread.QueuedThreadPool.access$800(QueuedThreadPool.java:48)
        at org.eclipse.jetty.util.thread.QueuedThreadPool$2.run(QueuedThreadPool.java:626)
        at java.lang.Thread.run(Thread.java:748)
"BlockDeletingService#0" daemon prio=5 tid=247 in Object.wait()
java.lang.Thread.State: WAITING (on object monitor)
        at sun.misc.Unsafe.park(Native Method)
        at java.util.concurrent.locks.LockSupport.park(LockSupport.java:175)
        at java.util.concurrent.locks.AbstractQueuedSynchronizer$ConditionObject.await(AbstractQueuedSynchronizer.java:2039)
        at java.util.concurrent.ScheduledThreadPoolExecutor$DelayedWorkQueue.take(ScheduledThreadPoolExecutor.java:1088)
        at java.util.concurrent.ScheduledThreadPoolExecutor$DelayedWorkQueue.take(ScheduledThreadPoolExecutor.java:809)
        at java.util.concurrent.ThreadPoolExecutor.getTask(ThreadPoolExecutor.java:1074)
        at java.util.concurrent.ThreadPoolExecutor.runWorker(ThreadPoolExecutor.java:1134)
        at java.util.concurrent.ThreadPoolExecutor$Worker.run(ThreadPoolExecutor.java:624)
        at java.lang.Thread.run(Thread.java:748)
"pool-110-thread-18"  prio=5 tid=709 in Object.wait()
java.lang.Thread.State: WAITING (on object monitor)
        at sun.misc.Unsafe.park(Native Method)
        at java.util.concurrent.locks.LockSupport.park(LockSupport.java:175)
        at java.util.concurrent.locks.AbstractQueuedSynchronizer$ConditionObject.await(AbstractQueuedSynchronizer.java:2039)
        at java.util.concurrent.ArrayBlockingQueue.take(ArrayBlockingQueue.java:403)
        at java.util.concurrent.ThreadPoolExecutor.getTask(ThreadPoolExecutor.java:1074)
        at java.util.concurrent.ThreadPoolExecutor.runWorker(ThreadPoolExecutor.java:1134)
        at java.util.concurrent.ThreadPoolExecutor$Worker.run(ThreadPoolExecutor.java:624)
        at java.lang.Thread.run(Thread.java:748)
"qtp602280210-316" daemon prio=5 tid=316 timed_waiting
java.lang.Thread.State: TIMED_WAITING
        at sun.misc.Unsafe.park(Native Method)
        at java.util.concurrent.locks.LockSupport.parkNanos(LockSupport.java:215)
        at java.util.concurrent.locks.AbstractQueuedSynchronizer$ConditionObject.awaitNanos(AbstractQueuedSynchronizer.java:2078)
        at org.eclipse.jetty.util.BlockingArrayQueue.poll(BlockingArrayQueue.java:392)
        at org.eclipse.jetty.util.thread.QueuedThreadPool.idleJobPoll(QueuedThreadPool.java:563)
        at org.eclipse.jetty.util.thread.QueuedThreadPool.access$800(QueuedThreadPool.java:48)
        at org.eclipse.jetty.util.thread.QueuedThreadPool$2.run(QueuedThreadPool.java:626)
        at java.lang.Thread.run(Thread.java:748)
"KeyDeletingService#1" daemon prio=5 tid=111 timed_waiting
java.lang.Thread.State: TIMED_WAITING
        at sun.misc.Unsafe.park(Native Method)
        at java.util.concurrent.locks.LockSupport.parkNanos(LockSupport.java:215)
        at java.util.concurrent.locks.AbstractQueuedSynchronizer$ConditionObject.awaitNanos(AbstractQueuedSynchronizer.java:2078)
        at java.util.concurrent.ScheduledThreadPoolExecutor$DelayedWorkQueue.take(ScheduledThreadPoolExecutor.java:1093)
        at java.util.concurrent.ScheduledThreadPoolExecutor$DelayedWorkQueue.take(ScheduledThreadPoolExecutor.java:809)
        at java.util.concurrent.ThreadPoolExecutor.getTask(ThreadPoolExecutor.java:1074)
        at java.util.concurrent.ThreadPoolExecutor.runWorker(ThreadPoolExecutor.java:1134)
        at java.util.concurrent.ThreadPoolExecutor$Worker.run(ThreadPoolExecutor.java:624)
        at java.lang.Thread.run(Thread.java:748)
"pool-152-thread-17"  prio=5 tid=828 in Object.wait()
java.lang.Thread.State: WAITING (on object monitor)
        at sun.misc.Unsafe.park(Native Method)
        at java.util.concurrent.locks.LockSupport.park(LockSupport.java:175)
        at java.util.concurrent.locks.AbstractQueuedSynchronizer$ConditionObject.await(AbstractQueuedSynchronizer.java:2039)
        at java.util.concurrent.ArrayBlockingQueue.take(ArrayBlockingQueue.java:403)
        at java.util.concurrent.ThreadPoolExecutor.getTask(ThreadPoolExecutor.java:1074)
        at java.util.concurrent.ThreadPoolExecutor.runWorker(ThreadPoolExecutor.java:1134)
        at java.util.concurrent.ThreadPoolExecutor$Worker.run(ThreadPoolExecutor.java:624)
        at java.lang.Thread.run(Thread.java:748)
"pool-110-thread-32"  prio=5 tid=723 in Object.wait()
java.lang.Thread.State: WAITING (on object monitor)
        at sun.misc.Unsafe.park(Native Method)
        at java.util.concurrent.locks.LockSupport.park(LockSupport.java:175)
        at java.util.concurrent.locks.AbstractQueuedSynchronizer$ConditionObject.await(AbstractQueuedSynchronizer.java:2039)
        at java.util.concurrent.ArrayBlockingQueue.take(ArrayBlockingQueue.java:403)
        at java.util.concurrent.ThreadPoolExecutor.getTask(ThreadPoolExecutor.java:1074)
        at java.util.concurrent.ThreadPoolExecutor.runWorker(ThreadPoolExecutor.java:1134)
        at java.util.concurrent.ThreadPoolExecutor$Worker.run(ThreadPoolExecutor.java:624)
        at java.lang.Thread.run(Thread.java:748)
"Datanode ReportManager Thread - 3" daemon prio=5 tid=236 timed_waiting
java.lang.Thread.State: TIMED_WAITING
        at sun.misc.Unsafe.park(Native Method)
        at java.util.concurrent.locks.LockSupport.parkNanos(LockSupport.java:215)
        at java.util.concurrent.locks.AbstractQueuedSynchronizer$ConditionObject.awaitNanos(AbstractQueuedSynchronizer.java:2078)
        at java.util.concurrent.ScheduledThreadPoolExecutor$DelayedWorkQueue.take(ScheduledThreadPoolExecutor.java:1093)
        at java.util.concurrent.ScheduledThreadPoolExecutor$DelayedWorkQueue.take(ScheduledThreadPoolExecutor.java:809)
        at java.util.concurrent.ThreadPoolExecutor.getTask(ThreadPoolExecutor.java:1074)
        at java.util.concurrent.ThreadPoolExecutor.runWorker(ThreadPoolExecutor.java:1134)
        at java.util.concurrent.ThreadPoolExecutor$Worker.run(ThreadPoolExecutor.java:624)
        at java.lang.Thread.run(Thread.java:748)
"pool-131-thread-20"  prio=5 tid=771 in Object.wait()
java.lang.Thread.State: WAITING (on object monitor)
        at sun.misc.Unsafe.park(Native Method)
        at java.util.concurrent.locks.LockSupport.park(LockSupport.java:175)
        at java.util.concurrent.locks.AbstractQueuedSynchronizer$ConditionObject.await(AbstractQueuedSynchronizer.java:2039)
        at java.util.concurrent.ArrayBlockingQueue.take(ArrayBlockingQueue.java:403)
        at java.util.concurrent.ThreadPoolExecutor.getTask(ThreadPoolExecutor.java:1074)
        at java.util.concurrent.ThreadPoolExecutor.runWorker(ThreadPoolExecutor.java:1134)
        at java.util.concurrent.ThreadPoolExecutor$Worker.run(ThreadPoolExecutor.java:624)
        at java.lang.Thread.run(Thread.java:748)
"org.eclipse.jetty.server.session.HashSessionManager@751d3241Timer" daemon prio=5 tid=99 timed_waiting
java.lang.Thread.State: TIMED_WAITING
        at sun.misc.Unsafe.park(Native Method)
        at java.util.concurrent.locks.LockSupport.parkNanos(LockSupport.java:215)
        at java.util.concurrent.locks.AbstractQueuedSynchronizer$ConditionObject.awaitNanos(AbstractQueuedSynchronizer.java:2078)
        at java.util.concurrent.ScheduledThreadPoolExecutor$DelayedWorkQueue.take(ScheduledThreadPoolExecutor.java:1093)
        at java.util.concurrent.ScheduledThreadPoolExecutor$DelayedWorkQueue.take(ScheduledThreadPoolExecutor.java:809)
        at java.util.concurrent.ThreadPoolExecutor.getTask(ThreadPoolExecutor.java:1074)
        at java.util.concurrent.ThreadPoolExecutor.runWorker(ThreadPoolExecutor.java:1134)
        at java.util.concurrent.ThreadPoolExecutor$Worker.run(ThreadPoolExecutor.java:624)
        at java.lang.Thread.run(Thread.java:748)
"Thread-387" daemon prio=5 tid=1200 timed_waiting
java.lang.Thread.State: TIMED_WAITING
        at sun.misc.Unsafe.park(Native Method)
        at java.util.concurrent.locks.LockSupport.parkNanos(LockSupport.java:215)
        at java.util.concurrent.locks.AbstractQueuedSynchronizer$ConditionObject.awaitNanos(AbstractQueuedSynchronizer.java:2078)
        at java.util.concurrent.ArrayBlockingQueue.poll(ArrayBlockingQueue.java:418)
        at org.apache.ratis.server.impl.LeaderState$EventQueue.poll(LeaderState.java:114)
        at org.apache.ratis.server.impl.LeaderState$EventProcessor.run(LeaderState.java:438)
"pool-68-thread-19"  prio=5 tid=590 in Object.wait()
java.lang.Thread.State: WAITING (on object monitor)
        at sun.misc.Unsafe.park(Native Method)
        at java.util.concurrent.locks.LockSupport.park(LockSupport.java:175)
        at java.util.concurrent.locks.AbstractQueuedSynchronizer$ConditionObject.await(AbstractQueuedSynchronizer.java:2039)
        at java.util.concurrent.ArrayBlockingQueue.take(ArrayBlockingQueue.java:403)
        at java.util.concurrent.ThreadPoolExecutor.getTask(ThreadPoolExecutor.java:1074)
        at java.util.concurrent.ThreadPoolExecutor.runWorker(ThreadPoolExecutor.java:1134)
        at java.util.concurrent.ThreadPoolExecutor$Worker.run(ThreadPoolExecutor.java:624)
        at java.lang.Thread.run(Thread.java:748)
"refreshUsed-/opt/src/hadoop-ozone/integration-test/target/test-dir/MiniOzoneClusterImpl-add696fe-84ac-4b45-a2ee-012b057e1087/datanode-2/data/containers" daemon prio=5 tid=213 timed_waiting
java.lang.Thread.State: TIMED_WAITING
        at java.lang.Thread.sleep(Native Method)
        at org.apache.hadoop.fs.CachingGetSpaceUsed$RefreshThread.run(CachingGetSpaceUsed.java:179)
        at java.lang.Thread.run(Thread.java:748)
"pool-26-thread-2"  prio=5 tid=452 in Object.wait()
java.lang.Thread.State: WAITING (on object monitor)
        at sun.misc.Unsafe.park(Native Method)
        at java.util.concurrent.locks.LockSupport.park(LockSupport.java:175)
        at java.util.concurrent.locks.AbstractQueuedSynchronizer$ConditionObject.await(AbstractQueuedSynchronizer.java:2039)
        at java.util.concurrent.ArrayBlockingQueue.take(ArrayBlockingQueue.java:403)
        at java.util.concurrent.ThreadPoolExecutor.getTask(ThreadPoolExecutor.java:1074)
        at java.util.concurrent.ThreadPoolExecutor.runWorker(ThreadPoolExecutor.java:1134)
        at java.util.concurrent.ThreadPoolExecutor$Worker.run(ThreadPoolExecutor.java:624)
        at java.lang.Thread.run(Thread.java:748)
"Datanode ReportManager Thread - 1" daemon prio=5 tid=386 in Object.wait()
java.lang.Thread.State: WAITING (on object monitor)
        at sun.misc.Unsafe.park(Native Method)
        at java.util.concurrent.locks.LockSupport.park(LockSupport.java:175)
        at java.util.concurrent.locks.AbstractQueuedSynchronizer$ConditionObject.await(AbstractQueuedSynchronizer.java:2039)
        at java.util.concurrent.ScheduledThreadPoolExecutor$DelayedWorkQueue.take(ScheduledThreadPoolExecutor.java:1088)
        at java.util.concurrent.ScheduledThreadPoolExecutor$DelayedWorkQueue.take(ScheduledThreadPoolExecutor.java:809)
        at java.util.concurrent.ThreadPoolExecutor.getTask(ThreadPoolExecutor.java:1074)
        at java.util.concurrent.ThreadPoolExecutor.runWorker(ThreadPoolExecutor.java:1134)
        at java.util.concurrent.ThreadPoolExecutor$Worker.run(ThreadPoolExecutor.java:624)
        at java.lang.Thread.run(Thread.java:748)
"pool-47-thread-40"  prio=5 tid=551 in Object.wait()
java.lang.Thread.State: WAITING (on object monitor)
        at sun.misc.Unsafe.park(Native Method)
        at java.util.concurrent.locks.LockSupport.park(LockSupport.java:175)
        at java.util.concurrent.locks.AbstractQueuedSynchronizer$ConditionObject.await(AbstractQueuedSynchronizer.java:2039)
        at java.util.concurrent.ArrayBlockingQueue.take(ArrayBlockingQueue.java:403)
        at java.util.concurrent.ThreadPoolExecutor.getTask(ThreadPoolExecutor.java:1074)
        at java.util.concurrent.ThreadPoolExecutor.runWorker(ThreadPoolExecutor.java:1134)
        at java.util.concurrent.ThreadPoolExecutor$Worker.run(ThreadPoolExecutor.java:624)
        at java.lang.Thread.run(Thread.java:748)
"pool-47-thread-3"  prio=5 tid=514 in Object.wait()
java.lang.Thread.State: WAITING (on object monitor)
        at sun.misc.Unsafe.park(Native Method)
        at java.util.concurrent.locks.LockSupport.park(LockSupport.java:175)
        at java.util.concurrent.locks.AbstractQueuedSynchronizer$ConditionObject.await(AbstractQueuedSynchronizer.java:2039)
        at java.util.concurrent.ArrayBlockingQueue.take(ArrayBlockingQueue.java:403)
        at java.util.concurrent.ThreadPoolExecutor.getTask(ThreadPoolExecutor.java:1074)
        at java.util.concurrent.ThreadPoolExecutor.runWorker(ThreadPoolExecutor.java:1134)
        at java.util.concurrent.ThreadPoolExecutor$Worker.run(ThreadPoolExecutor.java:624)
        at java.lang.Thread.run(Thread.java:748)
"pool-194-thread-45"  prio=5 tid=976 in Object.wait()
java.lang.Thread.State: WAITING (on object monitor)
        at sun.misc.Unsafe.park(Native Method)
        at java.util.concurrent.locks.LockSupport.park(LockSupport.java:175)
        at java.util.concurrent.locks.AbstractQueuedSynchronizer$ConditionObject.await(AbstractQueuedSynchronizer.java:2039)
        at java.util.concurrent.ArrayBlockingQueue.take(ArrayBlockingQueue.java:403)
        at java.util.concurrent.ThreadPoolExecutor.getTask(ThreadPoolExecutor.java:1074)
        at java.util.concurrent.ThreadPoolExecutor.runWorker(ThreadPoolExecutor.java:1134)
        at java.util.concurrent.ThreadPoolExecutor$Worker.run(ThreadPoolExecutor.java:624)
        at java.lang.Thread.run(Thread.java:748)
"BlockDeletingService#0" daemon prio=5 tid=157 in Object.wait()
java.lang.Thread.State: WAITING (on object monitor)
        at sun.misc.Unsafe.park(Native Method)
        at java.util.concurrent.locks.LockSupport.park(LockSupport.java:175)
        at java.util.concurrent.locks.AbstractQueuedSynchronizer$ConditionObject.await(AbstractQueuedSynchronizer.java:2039)
        at java.util.concurrent.ScheduledThreadPoolExecutor$DelayedWorkQueue.take(ScheduledThreadPoolExecutor.java:1088)
        at java.util.concurrent.ScheduledThreadPoolExecutor$DelayedWorkQueue.take(ScheduledThreadPoolExecutor.java:809)
        at java.util.concurrent.ThreadPoolExecutor.getTask(ThreadPoolExecutor.java:1074)
        at java.util.concurrent.ThreadPoolExecutor.runWorker(ThreadPoolExecutor.java:1134)
        at java.util.concurrent.ThreadPoolExecutor$Worker.run(ThreadPoolExecutor.java:624)
        at java.lang.Thread.run(Thread.java:748)
"org.eclipse.jetty.server.session.HashSessionManager@18fdb6cfTimer" daemon prio=5 tid=145 timed_waiting
java.lang.Thread.State: TIMED_WAITING
        at sun.misc.Unsafe.park(Native Method)
        at java.util.concurrent.locks.LockSupport.parkNanos(LockSupport.java:215)
        at java.util.concurrent.locks.AbstractQueuedSynchronizer$ConditionObject.awaitNanos(AbstractQueuedSynchronizer.java:2078)
        at java.util.concurrent.ScheduledThreadPoolExecutor$DelayedWorkQueue.take(ScheduledThreadPoolExecutor.java:1093)
        at java.util.concurrent.ScheduledThreadPoolExecutor$DelayedWorkQueue.take(ScheduledThreadPoolExecutor.java:809)
        at java.util.concurrent.ThreadPoolExecutor.getTask(ThreadPoolExecutor.java:1074)
        at java.util.concurrent.ThreadPoolExecutor.runWorker(ThreadPoolExecutor.java:1134)
        at java.util.concurrent.ThreadPoolExecutor$Worker.run(ThreadPoolExecutor.java:624)
        at java.lang.Thread.run(Thread.java:748)
"pool-152-thread-56"  prio=5 tid=867 in Object.wait()
java.lang.Thread.State: WAITING (on object monitor)
        at sun.misc.Unsafe.park(Native Method)
        at java.util.concurrent.locks.LockSupport.park(LockSupport.java:175)
        at java.util.concurrent.locks.AbstractQueuedSynchronizer$ConditionObject.await(AbstractQueuedSynchronizer.java:2039)
        at java.util.concurrent.ArrayBlockingQueue.take(ArrayBlockingQueue.java:403)
        at java.util.concurrent.ThreadPoolExecutor.getTask(ThreadPoolExecutor.java:1074)
        at java.util.concurrent.ThreadPoolExecutor.runWorker(ThreadPoolExecutor.java:1134)
        at java.util.concurrent.ThreadPoolExecutor$Worker.run(ThreadPoolExecutor.java:624)
        at java.lang.Thread.run(Thread.java:748)
"org.eclipse.jetty.server.session.HashSessionManager@61b838f2Timer" daemon prio=5 tid=349 timed_waiting
java.lang.Thread.State: TIMED_WAITING
        at sun.misc.Unsafe.park(Native Method)
        at java.util.concurrent.locks.LockSupport.parkNanos(LockSupport.java:215)
        at java.util.concurrent.locks.AbstractQueuedSynchronizer$ConditionObject.awaitNanos(AbstractQueuedSynchronizer.java:2078)
        at java.util.concurrent.ScheduledThreadPoolExecutor$DelayedWorkQueue.take(ScheduledThreadPoolExecutor.java:1093)
        at java.util.concurrent.ScheduledThreadPoolExecutor$DelayedWorkQueue.take(ScheduledThreadPoolExecutor.java:809)
        at java.util.concurrent.ThreadPoolExecutor.getTask(ThreadPoolExecutor.java:1074)
        at java.util.concurrent.ThreadPoolExecutor.runWorker(ThreadPoolExecutor.java:1134)
        at java.util.concurrent.ThreadPoolExecutor$Worker.run(ThreadPoolExecutor.java:624)
        at java.lang.Thread.run(Thread.java:748)
"pool-215-thread-33"  prio=5 tid=1024 in Object.wait()
java.lang.Thread.State: WAITING (on object monitor)
        at sun.misc.Unsafe.park(Native Method)
        at java.util.concurrent.locks.LockSupport.park(LockSupport.java:175)
        at java.util.concurrent.locks.AbstractQueuedSynchronizer$ConditionObject.await(AbstractQueuedSynchronizer.java:2039)
        at java.util.concurrent.ArrayBlockingQueue.take(ArrayBlockingQueue.java:403)
        at java.util.concurrent.ThreadPoolExecutor.getTask(ThreadPoolExecutor.java:1074)
        at java.util.concurrent.ThreadPoolExecutor.runWorker(ThreadPoolExecutor.java:1134)
        at java.util.concurrent.ThreadPoolExecutor$Worker.run(ThreadPoolExecutor.java:624)
        at java.lang.Thread.run(Thread.java:748)
"pool-110-thread-20"  prio=5 tid=711 in Object.wait()
java.lang.Thread.State: WAITING (on object monitor)
        at sun.misc.Unsafe.park(Native Method)
        at java.util.concurrent.locks.LockSupport.park(LockSupport.java:175)
        at java.util.concurrent.locks.AbstractQueuedSynchronizer$ConditionObject.await(AbstractQueuedSynchronizer.java:2039)
        at java.util.concurrent.ArrayBlockingQueue.take(ArrayBlockingQueue.java:403)
        at java.util.concurrent.ThreadPoolExecutor.getTask(ThreadPoolExecutor.java:1074)
        at java.util.concurrent.ThreadPoolExecutor.runWorker(ThreadPoolExecutor.java:1134)
        at java.util.concurrent.ThreadPoolExecutor$Worker.run(ThreadPoolExecutor.java:624)
        at java.lang.Thread.run(Thread.java:748)
"pool-26-thread-7"  prio=5 tid=457 in Object.wait()
java.lang.Thread.State: WAITING (on object monitor)
        at sun.misc.Unsafe.park(Native Method)
        at java.util.concurrent.locks.LockSupport.park(LockSupport.java:175)
        at java.util.concurrent.locks.AbstractQueuedSynchronizer$ConditionObject.await(AbstractQueuedSynchronizer.java:2039)
        at java.util.concurrent.ArrayBlockingQueue.take(ArrayBlockingQueue.java:403)
        at java.util.concurrent.ThreadPoolExecutor.getTask(ThreadPoolExecutor.java:1074)
        at java.util.concurrent.ThreadPoolExecutor.runWorker(ThreadPoolExecutor.java:1134)
        at java.util.concurrent.ThreadPoolExecutor$Worker.run(ThreadPoolExecutor.java:624)
        at java.lang.Thread.run(Thread.java:748)
"pool-89-thread-52"  prio=5 tid=683 in Object.wait()
java.lang.Thread.State: WAITING (on object monitor)
        at sun.misc.Unsafe.park(Native Method)
        at java.util.concurrent.locks.LockSupport.park(LockSupport.java:175)
        at java.util.concurrent.locks.AbstractQueuedSynchronizer$ConditionObject.await(AbstractQueuedSynchronizer.java:2039)
        at java.util.concurrent.ArrayBlockingQueue.take(ArrayBlockingQueue.java:403)
        at java.util.concurrent.ThreadPoolExecutor.getTask(ThreadPoolExecutor.java:1074)
        at java.util.concurrent.ThreadPoolExecutor.runWorker(ThreadPoolExecutor.java:1134)
        at java.util.concurrent.ThreadPoolExecutor$Worker.run(ThreadPoolExecutor.java:624)
        at java.lang.Thread.run(Thread.java:748)
"IPC Parameter Sending Thread #0" daemon prio=5 tid=105 timed_waiting
java.lang.Thread.State: TIMED_WAITING
        at sun.misc.Unsafe.park(Native Method)
        at java.util.concurrent.locks.LockSupport.parkNanos(LockSupport.java:215)
        at java.util.concurrent.SynchronousQueue$TransferStack.awaitFulfill(SynchronousQueue.java:460)
        at java.util.concurrent.SynchronousQueue$TransferStack.transfer(SynchronousQueue.java:362)
        at java.util.concurrent.SynchronousQueue.poll(SynchronousQueue.java:941)
        at java.util.concurrent.ThreadPoolExecutor.getTask(ThreadPoolExecutor.java:1073)
        at java.util.concurrent.ThreadPoolExecutor.runWorker(ThreadPoolExecutor.java:1134)
        at java.util.concurrent.ThreadPoolExecutor$Worker.run(ThreadPoolExecutor.java:624)
        at java.lang.Thread.run(Thread.java:748)
"pool-131-thread-15"  prio=5 tid=766 in Object.wait()
java.lang.Thread.State: WAITING (on object monitor)
        at sun.misc.Unsafe.park(Native Method)
        at java.util.concurrent.locks.LockSupport.park(LockSupport.java:175)
        at java.util.concurrent.locks.AbstractQueuedSynchronizer$ConditionObject.await(AbstractQueuedSynchronizer.java:2039)
        at java.util.concurrent.ArrayBlockingQueue.take(ArrayBlockingQueue.java:403)
        at java.util.concurrent.ThreadPoolExecutor.getTask(ThreadPoolExecutor.java:1074)
        at java.util.concurrent.ThreadPoolExecutor.runWorker(ThreadPoolExecutor.java:1134)
        at java.util.concurrent.ThreadPoolExecutor$Worker.run(ThreadPoolExecutor.java:624)
        at java.lang.Thread.run(Thread.java:748)
"qtp630669831-250" daemon prio=5 tid=250 runnable
java.lang.Thread.State: RUNNABLE
        at sun.nio.ch.EPollArrayWrapper.epollWait(Native Method)
        at sun.nio.ch.EPollArrayWrapper.poll(EPollArrayWrapper.java:269)
        at sun.nio.ch.EPollSelectorImpl.doSelect(EPollSelectorImpl.java:93)
        at sun.nio.ch.SelectorImpl.lockAndDoSelect(SelectorImpl.java:86)
        at sun.nio.ch.SelectorImpl.select(SelectorImpl.java:97)
        at sun.nio.ch.SelectorImpl.select(SelectorImpl.java:101)
        at org.eclipse.jetty.io.ManagedSelector$SelectorProducer.select(ManagedSelector.java:243)
        at org.eclipse.jetty.io.ManagedSelector$SelectorProducer.produce(ManagedSelector.java:191)
        at org.eclipse.jetty.util.thread.strategy.ExecuteProduceConsume.executeProduceConsume(ExecuteProduceConsume.java:249)
        at org.eclipse.jetty.util.thread.strategy.ExecuteProduceConsume.produceConsume(ExecuteProduceConsume.java:148)
        at org.eclipse.jetty.util.thread.strategy.ExecuteProduceConsume.execute(ExecuteProduceConsume.java:100)
        at org.eclipse.jetty.io.ManagedSelector.run(ManagedSelector.java:147)
        at org.eclipse.jetty.util.thread.QueuedThreadPool.runJob(QueuedThreadPool.java:671)
        at org.eclipse.jetty.util.thread.QueuedThreadPool$2.run(QueuedThreadPool.java:589)
        at java.lang.Thread.run(Thread.java:748)
"IPC Server handler 10 on 33423" daemon prio=5 tid=40 timed_waiting
java.lang.Thread.State: TIMED_WAITING
        at sun.misc.Unsafe.park(Native Method)
        at java.util.concurrent.locks.LockSupport.parkNanos(LockSupport.java:215)
        at java.util.concurrent.locks.AbstractQueuedSynchronizer$ConditionObject.awaitNanos(AbstractQueuedSynchronizer.java:2078)
        at java.util.concurrent.LinkedBlockingQueue.poll(LinkedBlockingQueue.java:467)
        at org.apache.hadoop.ipc.CallQueueManager.take(CallQueueManager.java:288)
        at org.apache.hadoop.ipc.Server$Handler.run(Server.java:2668)
"pool-215-thread-49"  prio=5 tid=1040 in Object.wait()
java.lang.Thread.State: WAITING (on object monitor)
        at sun.misc.Unsafe.park(Native Method)
        at java.util.concurrent.locks.LockSupport.park(LockSupport.java:175)
        at java.util.concurrent.locks.AbstractQueuedSynchronizer$ConditionObject.await(AbstractQueuedSynchronizer.java:2039)
        at java.util.concurrent.ArrayBlockingQueue.take(ArrayBlockingQueue.java:403)
        at java.util.concurrent.ThreadPoolExecutor.getTask(ThreadPoolExecutor.java:1074)
        at java.util.concurrent.ThreadPoolExecutor.runWorker(ThreadPoolExecutor.java:1134)
        at java.util.concurrent.ThreadPoolExecutor$Worker.run(ThreadPoolExecutor.java:624)
        at java.lang.Thread.run(Thread.java:748)
"pool-26-thread-26"  prio=5 tid=476 in Object.wait()
java.lang.Thread.State: WAITING (on object monitor)
        at sun.misc.Unsafe.park(Native Method)
        at java.util.concurrent.locks.LockSupport.park(LockSupport.java:175)
        at java.util.concurrent.locks.AbstractQueuedSynchronizer$ConditionObject.await(AbstractQueuedSynchronizer.java:2039)
        at java.util.concurrent.ArrayBlockingQueue.take(ArrayBlockingQueue.java:403)
        at java.util.concurrent.ThreadPoolExecutor.getTask(ThreadPoolExecutor.java:1074)
        at java.util.concurrent.ThreadPoolExecutor.runWorker(ThreadPoolExecutor.java:1134)
        at java.util.concurrent.ThreadPoolExecutor$Worker.run(ThreadPoolExecutor.java:624)
        at java.lang.Thread.run(Thread.java:748)
"pool-194-thread-12"  prio=5 tid=943 in Object.wait()
java.lang.Thread.State: WAITING (on object monitor)
        at sun.misc.Unsafe.park(Native Method)
        at java.util.concurrent.locks.LockSupport.park(LockSupport.java:175)
        at java.util.concurrent.locks.AbstractQueuedSynchronizer$ConditionObject.await(AbstractQueuedSynchronizer.java:2039)
        at java.util.concurrent.ArrayBlockingQueue.take(ArrayBlockingQueue.java:403)
        at java.util.concurrent.ThreadPoolExecutor.getTask(ThreadPoolExecutor.java:1074)
        at java.util.concurrent.ThreadPoolExecutor.runWorker(ThreadPoolExecutor.java:1134)
        at java.util.concurrent.ThreadPoolExecutor$Worker.run(ThreadPoolExecutor.java:624)
        at java.lang.Thread.run(Thread.java:748)
"pool-173-thread-32"  prio=5 tid=903 in Object.wait()
java.lang.Thread.State: WAITING (on object monitor)
        at sun.misc.Unsafe.park(Native Method)
        at java.util.concurrent.locks.LockSupport.park(LockSupport.java:175)
        at java.util.concurrent.locks.AbstractQueuedSynchronizer$ConditionObject.await(AbstractQueuedSynchronizer.java:2039)
        at java.util.concurrent.ArrayBlockingQueue.take(ArrayBlockingQueue.java:403)
        at java.util.concurrent.ThreadPoolExecutor.getTask(ThreadPoolExecutor.java:1074)
        at java.util.concurrent.ThreadPoolExecutor.runWorker(ThreadPoolExecutor.java:1134)
        at java.util.concurrent.ThreadPoolExecutor$Worker.run(ThreadPoolExecutor.java:624)
        at java.lang.Thread.run(Thread.java:748)
"qtp630669831-255" daemon prio=5 tid=255 timed_waiting
java.lang.Thread.State: TIMED_WAITING
        at sun.misc.Unsafe.park(Native Method)
        at java.util.concurrent.locks.LockSupport.parkNanos(LockSupport.java:215)
        at java.util.concurrent.locks.AbstractQueuedSynchronizer$ConditionObject.awaitNanos(AbstractQueuedSynchronizer.java:2078)
        at org.eclipse.jetty.util.BlockingArrayQueue.poll(BlockingArrayQueue.java:392)
        at org.eclipse.jetty.util.thread.QueuedThreadPool.idleJobPoll(QueuedThreadPool.java:563)
        at org.eclipse.jetty.util.thread.QueuedThreadPool.access$800(QueuedThreadPool.java:48)
        at org.eclipse.jetty.util.thread.QueuedThreadPool$2.run(QueuedThreadPool.java:626)
        at java.lang.Thread.run(Thread.java:748)
"pool-194-thread-59"  prio=5 tid=990 in Object.wait()
java.lang.Thread.State: WAITING (on object monitor)
        at sun.misc.Unsafe.park(Native Method)
        at java.util.concurrent.locks.LockSupport.park(LockSupport.java:175)
        at java.util.concurrent.locks.AbstractQueuedSynchronizer$ConditionObject.await(AbstractQueuedSynchronizer.java:2039)
        at java.util.concurrent.ArrayBlockingQueue.take(ArrayBlockingQueue.java:403)
        at java.util.concurrent.ThreadPoolExecutor.getTask(ThreadPoolExecutor.java:1074)
        at java.util.concurrent.ThreadPoolExecutor.runWorker(ThreadPoolExecutor.java:1134)
        at java.util.concurrent.ThreadPoolExecutor$Worker.run(ThreadPoolExecutor.java:624)
        at java.lang.Thread.run(Thread.java:748)
"pool-89-thread-42"  prio=5 tid=673 in Object.wait()
java.lang.Thread.State: WAITING (on object monitor)
        at sun.misc.Unsafe.park(Native Method)
        at java.util.concurrent.locks.LockSupport.park(LockSupport.java:175)
        at java.util.concurrent.locks.AbstractQueuedSynchronizer$ConditionObject.await(AbstractQueuedSynchronizer.java:2039)
        at java.util.concurrent.ArrayBlockingQueue.take(ArrayBlockingQueue.java:403)
        at java.util.concurrent.ThreadPoolExecutor.getTask(ThreadPoolExecutor.java:1074)
        at java.util.concurrent.ThreadPoolExecutor.runWorker(ThreadPoolExecutor.java:1134)
        at java.util.concurrent.ThreadPoolExecutor$Worker.run(ThreadPoolExecutor.java:624)
        at java.lang.Thread.run(Thread.java:748)
"IPC Client (773348567) connection to /0.0.0.0:33779 from root" daemon prio=5 tid=450 timed_waiting
java.lang.Thread.State: TIMED_WAITING
        at java.lang.Object.wait(Native Method)
        at org.apache.hadoop.ipc.Client$Connection.waitForWork(Client.java:1024)
        at org.apache.hadoop.ipc.Client$Connection.run(Client.java:1068)
"Reference Handler" daemon prio=10 tid=2 in Object.wait()
java.lang.Thread.State: WAITING (on object monitor)
        at java.lang.Object.wait(Native Method)
        at java.lang.Object.wait(Object.java:502)
        at java.lang.ref.Reference.tryHandlePending(Reference.java:191)
        at java.lang.ref.Reference$ReferenceHandler.run(Reference.java:153)
"Datanode ReportManager Thread - 1" daemon prio=5 tid=414 in Object.wait()
java.lang.Thread.State: WAITING (on object monitor)
        at sun.misc.Unsafe.park(Native Method)
        at java.util.concurrent.locks.LockSupport.park(LockSupport.java:175)
        at java.util.concurrent.locks.AbstractQueuedSynchronizer$ConditionObject.await(AbstractQueuedSynchronizer.java:2039)
        at java.util.concurrent.ScheduledThreadPoolExecutor$DelayedWorkQueue.take(ScheduledThreadPoolExecutor.java:1088)
        at java.util.concurrent.ScheduledThreadPoolExecutor$DelayedWorkQueue.take(ScheduledThreadPoolExecutor.java:809)
        at java.util.concurrent.ThreadPoolExecutor.getTask(ThreadPoolExecutor.java:1074)
        at java.util.concurrent.ThreadPoolExecutor.runWorker(ThreadPoolExecutor.java:1134)
        at java.util.concurrent.ThreadPoolExecutor$Worker.run(ThreadPoolExecutor.java:624)
        at java.lang.Thread.run(Thread.java:748)
"pool-215-thread-46"  prio=5 tid=1037 in Object.wait()
java.lang.Thread.State: WAITING (on object monitor)
        at sun.misc.Unsafe.park(Native Method)
        at java.util.concurrent.locks.LockSupport.park(LockSupport.java:175)
        at java.util.concurrent.locks.AbstractQueuedSynchronizer$ConditionObject.await(AbstractQueuedSynchronizer.java:2039)
        at java.util.concurrent.ArrayBlockingQueue.take(ArrayBlockingQueue.java:403)
        at java.util.concurrent.ThreadPoolExecutor.getTask(ThreadPoolExecutor.java:1074)
        at java.util.concurrent.ThreadPoolExecutor.runWorker(ThreadPoolExecutor.java:1134)
        at java.util.concurrent.ThreadPoolExecutor$Worker.run(ThreadPoolExecutor.java:624)
        at java.lang.Thread.run(Thread.java:748)
"IPC Server handler 3 on 38877" daemon prio=5 tid=117 timed_waiting
java.lang.Thread.State: TIMED_WAITING
        at sun.misc.Unsafe.park(Native Method)
        at java.util.concurrent.locks.LockSupport.parkNanos(LockSupport.java:215)
        at java.util.concurrent.locks.AbstractQueuedSynchronizer$ConditionObject.awaitNanos(AbstractQueuedSynchronizer.java:2078)
        at java.util.concurrent.LinkedBlockingQueue.poll(LinkedBlockingQueue.java:467)
        at org.apache.hadoop.ipc.CallQueueManager.take(CallQueueManager.java:288)
        at org.apache.hadoop.ipc.Server$Handler.run(Server.java:2668)
"pool-215-thread-52"  prio=5 tid=1043 in Object.wait()
java.lang.Thread.State: WAITING (on object monitor)
        at sun.misc.Unsafe.park(Native Method)
        at java.util.concurrent.locks.LockSupport.park(LockSupport.java:175)
        at java.util.concurrent.locks.AbstractQueuedSynchronizer$ConditionObject.await(AbstractQueuedSynchronizer.java:2039)
        at java.util.concurrent.ArrayBlockingQueue.take(ArrayBlockingQueue.java:403)
        at java.util.concurrent.ThreadPoolExecutor.getTask(ThreadPoolExecutor.java:1074)
        at java.util.concurrent.ThreadPoolExecutor.runWorker(ThreadPoolExecutor.java:1134)
        at java.util.concurrent.ThreadPoolExecutor$Worker.run(ThreadPoolExecutor.java:624)
        at java.lang.Thread.run(Thread.java:748)
"pool-26-thread-1"  prio=5 tid=451 in Object.wait()
java.lang.Thread.State: WAITING (on object monitor)
        at sun.misc.Unsafe.park(Native Method)
        at java.util.concurrent.locks.LockSupport.park(LockSupport.java:175)
        at java.util.concurrent.locks.AbstractQueuedSynchronizer$ConditionObject.await(AbstractQueuedSynchronizer.java:2039)
        at java.util.concurrent.ArrayBlockingQueue.take(ArrayBlockingQueue.java:403)
        at java.util.concurrent.ThreadPoolExecutor.getTask(ThreadPoolExecutor.java:1074)
        at java.util.concurrent.ThreadPoolExecutor.runWorker(ThreadPoolExecutor.java:1134)
        at java.util.concurrent.ThreadPoolExecutor$Worker.run(ThreadPoolExecutor.java:624)
        at java.lang.Thread.run(Thread.java:748)
"pool-194-thread-54"  prio=5 tid=985 in Object.wait()
java.lang.Thread.State: WAITING (on object monitor)
        at sun.misc.Unsafe.park(Native Method)
        at java.util.concurrent.locks.LockSupport.park(LockSupport.java:175)
        at java.util.concurrent.locks.AbstractQueuedSynchronizer$ConditionObject.await(AbstractQueuedSynchronizer.java:2039)
        at java.util.concurrent.ArrayBlockingQueue.take(ArrayBlockingQueue.java:403)
        at java.util.concurrent.ThreadPoolExecutor.getTask(ThreadPoolExecutor.java:1074)
        at java.util.concurrent.ThreadPoolExecutor.runWorker(ThreadPoolExecutor.java:1134)
        at java.util.concurrent.ThreadPoolExecutor$Worker.run(ThreadPoolExecutor.java:624)
        at java.lang.Thread.run(Thread.java:748)
"pool-89-thread-47"  prio=5 tid=678 in Object.wait()
java.lang.Thread.State: WAITING (on object monitor)
        at sun.misc.Unsafe.park(Native Method)
        at java.util.concurrent.locks.LockSupport.park(LockSupport.java:175)
        at java.util.concurrent.locks.AbstractQueuedSynchronizer$ConditionObject.await(AbstractQueuedSynchronizer.java:2039)
        at java.util.concurrent.ArrayBlockingQueue.take(ArrayBlockingQueue.java:403)
        at java.util.concurrent.ThreadPoolExecutor.getTask(ThreadPoolExecutor.java:1074)
        at java.util.concurrent.ThreadPoolExecutor.runWorker(ThreadPoolExecutor.java:1134)
        at java.util.concurrent.ThreadPoolExecutor$Worker.run(ThreadPoolExecutor.java:624)
        at java.lang.Thread.run(Thread.java:748)
"pool-47-thread-43"  prio=5 tid=554 in Object.wait()
java.lang.Thread.State: WAITING (on object monitor)
        at sun.misc.Unsafe.park(Native Method)
        at java.util.concurrent.locks.LockSupport.park(LockSupport.java:175)
        at java.util.concurrent.locks.AbstractQueuedSynchronizer$ConditionObject.await(AbstractQueuedSynchronizer.java:2039)
        at java.util.concurrent.ArrayBlockingQueue.take(ArrayBlockingQueue.java:403)
        at java.util.concurrent.ThreadPoolExecutor.getTask(ThreadPoolExecutor.java:1074)
        at java.util.concurrent.ThreadPoolExecutor.runWorker(ThreadPoolExecutor.java:1134)
        at java.util.concurrent.ThreadPoolExecutor$Worker.run(ThreadPoolExecutor.java:624)
        at java.lang.Thread.run(Thread.java:748)
"Datanode State Machine Thread - 0" daemon prio=5 tid=412 timed_waiting
java.lang.Thread.State: TIMED_WAITING
        at java.lang.Thread.sleep(Native Method)
        at org.apache.hadoop.ozone.container.common.statemachine.DatanodeStateMachine.start(DatanodeStateMachine.java:191)
        at org.apache.hadoop.ozone.container.common.statemachine.DatanodeStateMachine.lambda$startDaemon$0(DatanodeStateMachine.java:349)
        at org.apache.hadoop.ozone.container.common.statemachine.DatanodeStateMachine$$Lambda$139/1610803524.run(Unknown Source)
        at java.lang.Thread.run(Thread.java:748)
"qtp602280210-310" daemon prio=5 tid=310 runnable
java.lang.Thread.State: RUNNABLE
        at sun.nio.ch.EPollArrayWrapper.epollWait(Native Method)
        at sun.nio.ch.EPollArrayWrapper.poll(EPollArrayWrapper.java:269)
        at sun.nio.ch.EPollSelectorImpl.doSelect(EPollSelectorImpl.java:93)
        at sun.nio.ch.SelectorImpl.lockAndDoSelect(SelectorImpl.java:86)
        at sun.nio.ch.SelectorImpl.select(SelectorImpl.java:97)
        at sun.nio.ch.SelectorImpl.select(SelectorImpl.java:101)
        at org.eclipse.jetty.io.ManagedSelector$SelectorProducer.select(ManagedSelector.java:243)
        at org.eclipse.jetty.io.ManagedSelector$SelectorProducer.produce(ManagedSelector.java:191)
        at org.eclipse.jetty.util.thread.strategy.ExecuteProduceConsume.executeProduceConsume(ExecuteProduceConsume.java:249)
        at org.eclipse.jetty.util.thread.strategy.ExecuteProduceConsume.produceConsume(ExecuteProduceConsume.java:148)
        at org.eclipse.jetty.util.thread.strategy.ExecuteProduceConsume.execute(ExecuteProduceConsume.java:100)
        at org.eclipse.jetty.io.ManagedSelector.run(ManagedSelector.java:147)
        at org.eclipse.jetty.util.thread.QueuedThreadPool.runJob(QueuedThreadPool.java:671)
        at org.eclipse.jetty.util.thread.QueuedThreadPool$2.run(QueuedThreadPool.java:589)
        at java.lang.Thread.run(Thread.java:748)
"qtp1081635795-162" daemon prio=5 tid=162 timed_waiting
java.lang.Thread.State: TIMED_WAITING
        at sun.misc.Unsafe.park(Native Method)
        at java.util.concurrent.locks.LockSupport.parkNanos(LockSupport.java:215)
        at java.util.concurrent.locks.AbstractQueuedSynchronizer$ConditionObject.awaitNanos(AbstractQueuedSynchronizer.java:2078)
        at org.eclipse.jetty.util.BlockingArrayQueue.poll(BlockingArrayQueue.java:392)
        at org.eclipse.jetty.util.thread.QueuedThreadPool.idleJobPoll(QueuedThreadPool.java:563)
        at org.eclipse.jetty.util.thread.QueuedThreadPool.access$800(QueuedThreadPool.java:48)
        at org.eclipse.jetty.util.thread.QueuedThreadPool$2.run(QueuedThreadPool.java:626)
        at java.lang.Thread.run(Thread.java:748)
"qtp197855654-136-acceptor-0@4d8bd048-ServerConnector@61533ae{HTTP/1.1,[http/1.1]}{0.0.0.0:42673}" daemon prio=3 tid=136 runnable
java.lang.Thread.State: RUNNABLE
        at sun.nio.ch.ServerSocketChannelImpl.accept0(Native Method)
        at sun.nio.ch.ServerSocketChannelImpl.accept(ServerSocketChannelImpl.java:422)
        at sun.nio.ch.ServerSocketChannelImpl.accept(ServerSocketChannelImpl.java:250)
        at org.eclipse.jetty.server.ServerConnector.accept(ServerConnector.java:397)
        at org.eclipse.jetty.server.AbstractConnector$Acceptor.run(AbstractConnector.java:601)
        at org.eclipse.jetty.util.thread.QueuedThreadPool.runJob(QueuedThreadPool.java:671)
        at org.eclipse.jetty.util.thread.QueuedThreadPool$2.run(QueuedThreadPool.java:589)
        at java.lang.Thread.run(Thread.java:748)
"pool-194-thread-1"  prio=5 tid=932 in Object.wait()
java.lang.Thread.State: WAITING (on object monitor)
        at sun.misc.Unsafe.park(Native Method)
        at java.util.concurrent.locks.LockSupport.park(LockSupport.java:175)
        at java.util.concurrent.locks.AbstractQueuedSynchronizer$ConditionObject.await(AbstractQueuedSynchronizer.java:2039)
        at java.util.concurrent.ArrayBlockingQueue.take(ArrayBlockingQueue.java:403)
        at java.util.concurrent.ThreadPoolExecutor.getTask(ThreadPoolExecutor.java:1074)
        at java.util.concurrent.ThreadPoolExecutor.runWorker(ThreadPoolExecutor.java:1134)
        at java.util.concurrent.ThreadPoolExecutor$Worker.run(ThreadPoolExecutor.java:624)
        at java.lang.Thread.run(Thread.java:748)
"Signal Dispatcher" daemon prio=9 tid=4 runnable
java.lang.Thread.State: RUNNABLE
"org.eclipse.jetty.server.session.HashSessionManager@33d60b7eTimer" daemon prio=5 tid=200 timed_waiting
java.lang.Thread.State: TIMED_WAITING
        at sun.misc.Unsafe.park(Native Method)
        at java.util.concurrent.locks.LockSupport.parkNanos(LockSupport.java:215)
        at java.util.concurrent.locks.AbstractQueuedSynchronizer$ConditionObject.awaitNanos(AbstractQueuedSynchronizer.java:2078)
        at java.util.concurrent.ScheduledThreadPoolExecutor$DelayedWorkQueue.take(ScheduledThreadPoolExecutor.java:1093)
        at java.util.concurrent.ScheduledThreadPoolExecutor$DelayedWorkQueue.take(ScheduledThreadPoolExecutor.java:809)
        at java.util.concurrent.ThreadPoolExecutor.getTask(ThreadPoolExecutor.java:1074)
        at java.util.concurrent.ThreadPoolExecutor.runWorker(ThreadPoolExecutor.java:1134)
        at java.util.concurrent.ThreadPoolExecutor$Worker.run(ThreadPoolExecutor.java:624)
        at java.lang.Thread.run(Thread.java:748)
"pool-194-thread-25"  prio=5 tid=956 in Object.wait()
java.lang.Thread.State: WAITING (on object monitor)
        at sun.misc.Unsafe.park(Native Method)
        at java.util.concurrent.locks.LockSupport.park(LockSupport.java:175)
        at java.util.concurrent.locks.AbstractQueuedSynchronizer$ConditionObject.await(AbstractQueuedSynchronizer.java:2039)
        at java.util.concurrent.ArrayBlockingQueue.take(ArrayBlockingQueue.java:403)
        at java.util.concurrent.ThreadPoolExecutor.getTask(ThreadPoolExecutor.java:1074)
        at java.util.concurrent.ThreadPoolExecutor.runWorker(ThreadPoolExecutor.java:1134)
        at java.util.concurrent.ThreadPoolExecutor$Worker.run(ThreadPoolExecutor.java:624)
        at java.lang.Thread.run(Thread.java:748)
"pool-173-thread-28"  prio=5 tid=899 in Object.wait()
java.lang.Thread.State: WAITING (on object monitor)
        at sun.misc.Unsafe.park(Native Method)
        at java.util.concurrent.locks.LockSupport.park(LockSupport.java:175)
        at java.util.concurrent.locks.AbstractQueuedSynchronizer$ConditionObject.await(AbstractQueuedSynchronizer.java:2039)
        at java.util.concurrent.ArrayBlockingQueue.take(ArrayBlockingQueue.java:403)
        at java.util.concurrent.ThreadPoolExecutor.getTask(ThreadPoolExecutor.java:1074)
        at java.util.concurrent.ThreadPoolExecutor.runWorker(ThreadPoolExecutor.java:1134)
        at java.util.concurrent.ThreadPoolExecutor$Worker.run(ThreadPoolExecutor.java:624)
        at java.lang.Thread.run(Thread.java:748)
"org.eclipse.jetty.server.session.HashSessionManager@65da01f4Timer" daemon prio=5 tid=288 timed_waiting
java.lang.Thread.State: TIMED_WAITING
        at sun.misc.Unsafe.park(Native Method)
        at java.util.concurrent.locks.LockSupport.parkNanos(LockSupport.java:215)
        at java.util.concurrent.locks.AbstractQueuedSynchronizer$ConditionObject.awaitNanos(AbstractQueuedSynchronizer.java:2078)
        at java.util.concurrent.ScheduledThreadPoolExecutor$DelayedWorkQueue.take(ScheduledThreadPoolExecutor.java:1093)
        at java.util.concurrent.ScheduledThreadPoolExecutor$DelayedWorkQueue.take(ScheduledThreadPoolExecutor.java:809)
        at java.util.concurrent.ThreadPoolExecutor.getTask(ThreadPoolExecutor.java:1074)
        at java.util.concurrent.ThreadPoolExecutor.runWorker(ThreadPoolExecutor.java:1134)
        at java.util.concurrent.ThreadPoolExecutor$Worker.run(ThreadPoolExecutor.java:624)
        at java.lang.Thread.run(Thread.java:748)
"pool-173-thread-49"  prio=5 tid=920 in Object.wait()
java.lang.Thread.State: WAITING (on object monitor)
        at sun.misc.Unsafe.park(Native Method)
        at java.util.concurrent.locks.LockSupport.park(LockSupport.java:175)
        at java.util.concurrent.locks.AbstractQueuedSynchronizer$ConditionObject.await(AbstractQueuedSynchronizer.java:2039)
        at java.util.concurrent.ArrayBlockingQueue.take(ArrayBlockingQueue.java:403)
        at java.util.concurrent.ThreadPoolExecutor.getTask(ThreadPoolExecutor.java:1074)
        at java.util.concurrent.ThreadPoolExecutor.runWorker(ThreadPoolExecutor.java:1134)
        at java.util.concurrent.ThreadPoolExecutor$Worker.run(ThreadPoolExecutor.java:624)
        at java.lang.Thread.run(Thread.java:748)
"pool-226-thread-1"  prio=5 tid=1135 in Object.wait()
java.lang.Thread.State: WAITING (on object monitor)
        at sun.misc.Unsafe.park(Native Method)
        at java.util.concurrent.locks.LockSupport.park(LockSupport.java:175)
        at java.util.concurrent.locks.AbstractQueuedSynchronizer$ConditionObject.await(AbstractQueuedSynchronizer.java:2039)
        at java.util.concurrent.LinkedBlockingQueue.take(LinkedBlockingQueue.java:442)
        at java.util.concurrent.ThreadPoolExecutor.getTask(ThreadPoolExecutor.java:1074)
        at java.util.concurrent.ThreadPoolExecutor.runWorker(ThreadPoolExecutor.java:1134)
        at java.util.concurrent.ThreadPoolExecutor$Worker.run(ThreadPoolExecutor.java:624)
        at java.lang.Thread.run(Thread.java:748)
"Command processor thread" daemon prio=5 tid=267 timed_waiting
java.lang.Thread.State: TIMED_WAITING
        at java.lang.Thread.sleep(Native Method)
        at org.apache.hadoop.ozone.container.common.statemachine.DatanodeStateMachine.lambda$initCommandHandlerThread$1(DatanodeStateMachine.java:439)
        at org.apache.hadoop.ozone.container.common.statemachine.DatanodeStateMachine$$Lambda$140/804134309.run(Unknown Source)
        at java.lang.Thread.run(Thread.java:748)
"pool-213-thread-1" daemon prio=5 tid=425 timed_waiting
java.lang.Thread.State: TIMED_WAITING
        at sun.misc.Unsafe.park(Native Method)
        at java.util.concurrent.locks.LockSupport.parkNanos(LockSupport.java:215)
        at java.util.concurrent.locks.AbstractQueuedSynchronizer$ConditionObject.awaitNanos(AbstractQueuedSynchronizer.java:2078)
        at java.util.concurrent.ScheduledThreadPoolExecutor$DelayedWorkQueue.take(ScheduledThreadPoolExecutor.java:1093)
        at java.util.concurrent.ScheduledThreadPoolExecutor$DelayedWorkQueue.take(ScheduledThreadPoolExecutor.java:809)
        at java.util.concurrent.ThreadPoolExecutor.getTask(ThreadPoolExecutor.java:1074)
        at java.util.concurrent.ThreadPoolExecutor.runWorker(ThreadPoolExecutor.java:1134)
        at java.util.concurrent.ThreadPoolExecutor$Worker.run(ThreadPoolExecutor.java:624)
        at java.lang.Thread.run(Thread.java:748)
"pool-131-thread-50"  prio=5 tid=801 in Object.wait()
java.lang.Thread.State: WAITING (on object monitor)
        at sun.misc.Unsafe.park(Native Method)
        at java.util.concurrent.locks.LockSupport.park(LockSupport.java:175)
        at java.util.concurrent.locks.AbstractQueuedSynchronizer$ConditionObject.await(AbstractQueuedSynchronizer.java:2039)
        at java.util.concurrent.ArrayBlockingQueue.take(ArrayBlockingQueue.java:403)
        at java.util.concurrent.ThreadPoolExecutor.getTask(ThreadPoolExecutor.java:1074)
        at java.util.concurrent.ThreadPoolExecutor.runWorker(ThreadPoolExecutor.java:1134)
        at java.util.concurrent.ThreadPoolExecutor$Worker.run(ThreadPoolExecutor.java:624)
        at java.lang.Thread.run(Thread.java:748)
"pool-89-thread-19"  prio=5 tid=650 in Object.wait()
java.lang.Thread.State: WAITING (on object monitor)
        at sun.misc.Unsafe.park(Native Method)
        at java.util.concurrent.locks.LockSupport.park(LockSupport.java:175)
        at java.util.concurrent.locks.AbstractQueuedSynchronizer$ConditionObject.await(AbstractQueuedSynchronizer.java:2039)
        at java.util.concurrent.ArrayBlockingQueue.take(ArrayBlockingQueue.java:403)
        at java.util.concurrent.ThreadPoolExecutor.getTask(ThreadPoolExecutor.java:1074)
        at java.util.concurrent.ThreadPoolExecutor.runWorker(ThreadPoolExecutor.java:1134)
        at java.util.concurrent.ThreadPoolExecutor$Worker.run(ThreadPoolExecutor.java:624)
        at java.lang.Thread.run(Thread.java:748)
"Datanode ReportManager Thread - 3" daemon prio=5 tid=266 timed_waiting
java.lang.Thread.State: TIMED_WAITING
        at sun.misc.Unsafe.park(Native Method)
        at java.util.concurrent.locks.LockSupport.parkNanos(LockSupport.java:215)
        at java.util.concurrent.locks.AbstractQueuedSynchronizer$ConditionObject.awaitNanos(AbstractQueuedSynchronizer.java:2078)
        at java.util.concurrent.ScheduledThreadPoolExecutor$DelayedWorkQueue.take(ScheduledThreadPoolExecutor.java:1093)
        at java.util.concurrent.ScheduledThreadPoolExecutor$DelayedWorkQueue.take(ScheduledThreadPoolExecutor.java:809)
        at java.util.concurrent.ThreadPoolExecutor.getTask(ThreadPoolExecutor.java:1074)
        at java.util.concurrent.ThreadPoolExecutor.runWorker(ThreadPoolExecutor.java:1134)
        at java.util.concurrent.ThreadPoolExecutor$Worker.run(ThreadPoolExecutor.java:624)
        at java.lang.Thread.run(Thread.java:748)
"pool-89-thread-38"  prio=5 tid=669 in Object.wait()
java.lang.Thread.State: WAITING (on object monitor)
        at sun.misc.Unsafe.park(Native Method)
        at java.util.concurrent.locks.LockSupport.park(LockSupport.java:175)
        at java.util.concurrent.locks.AbstractQueuedSynchronizer$ConditionObject.await(AbstractQueuedSynchronizer.java:2039)
        at java.util.concurrent.ArrayBlockingQueue.take(ArrayBlockingQueue.java:403)
        at java.util.concurrent.ThreadPoolExecutor.getTask(ThreadPoolExecutor.java:1074)
        at java.util.concurrent.ThreadPoolExecutor.runWorker(ThreadPoolExecutor.java:1134)
        at java.util.concurrent.ThreadPoolExecutor$Worker.run(ThreadPoolExecutor.java:624)
        at java.lang.Thread.run(Thread.java:748)
"Datanode ReportManager Thread - 0" daemon prio=5 tid=203 in Object.wait()
java.lang.Thread.State: WAITING (on object monitor)
        at sun.misc.Unsafe.park(Native Method)
        at java.util.concurrent.locks.LockSupport.park(LockSupport.java:175)
        at java.util.concurrent.locks.AbstractQueuedSynchronizer$ConditionObject.await(AbstractQueuedSynchronizer.java:2039)
        at java.util.concurrent.ScheduledThreadPoolExecutor$DelayedWorkQueue.take(ScheduledThreadPoolExecutor.java:1088)
        at java.util.concurrent.ScheduledThreadPoolExecutor$DelayedWorkQueue.take(ScheduledThreadPoolExecutor.java:809)
        at java.util.concurrent.ThreadPoolExecutor.getTask(ThreadPoolExecutor.java:1074)
        at java.util.concurrent.ThreadPoolExecutor.runWorker(ThreadPoolExecutor.java:1134)
        at java.util.concurrent.ThreadPoolExecutor$Worker.run(ThreadPoolExecutor.java:624)
        at java.lang.Thread.run(Thread.java:748)
"pool-89-thread-40"  prio=5 tid=671 in Object.wait()
java.lang.Thread.State: WAITING (on object monitor)
        at sun.misc.Unsafe.park(Native Method)
        at java.util.concurrent.locks.LockSupport.park(LockSupport.java:175)
        at java.util.concurrent.locks.AbstractQueuedSynchronizer$ConditionObject.await(AbstractQueuedSynchronizer.java:2039)
        at java.util.concurrent.ArrayBlockingQueue.take(ArrayBlockingQueue.java:403)
        at java.util.concurrent.ThreadPoolExecutor.getTask(ThreadPoolExecutor.java:1074)
        at java.util.concurrent.ThreadPoolExecutor.runWorker(ThreadPoolExecutor.java:1134)
        at java.util.concurrent.ThreadPoolExecutor$Worker.run(ThreadPoolExecutor.java:624)
        at java.lang.Thread.run(Thread.java:748)
"pool-47-thread-11"  prio=5 tid=522 in Object.wait()
java.lang.Thread.State: WAITING (on object monitor)
        at sun.misc.Unsafe.park(Native Method)
        at java.util.concurrent.locks.LockSupport.park(LockSupport.java:175)
        at java.util.concurrent.locks.AbstractQueuedSynchronizer$ConditionObject.await(AbstractQueuedSynchronizer.java:2039)
        at java.util.concurrent.ArrayBlockingQueue.take(ArrayBlockingQueue.java:403)
        at java.util.concurrent.ThreadPoolExecutor.getTask(ThreadPoolExecutor.java:1074)
        at java.util.concurrent.ThreadPoolExecutor.runWorker(ThreadPoolExecutor.java:1134)
        at java.util.concurrent.ThreadPoolExecutor$Worker.run(ThreadPoolExecutor.java:624)
        at java.lang.Thread.run(Thread.java:748)
"Thread-375" daemon prio=5 tid=1187 timed_waiting
java.lang.Thread.State: TIMED_WAITING
        at java.lang.Thread.sleep(Native Method)
        at org.apache.ratis.server.impl.FollowerState.run(FollowerState.java:94)
"pool-152-thread-1"  prio=5 tid=812 in Object.wait()
java.lang.Thread.State: WAITING (on object monitor)
        at sun.misc.Unsafe.park(Native Method)
        at java.util.concurrent.locks.LockSupport.park(LockSupport.java:175)
        at java.util.concurrent.locks.AbstractQueuedSynchronizer$ConditionObject.await(AbstractQueuedSynchronizer.java:2039)
        at java.util.concurrent.ArrayBlockingQueue.take(ArrayBlockingQueue.java:403)
        at java.util.concurrent.ThreadPoolExecutor.getTask(ThreadPoolExecutor.java:1074)
        at java.util.concurrent.ThreadPoolExecutor.runWorker(ThreadPoolExecutor.java:1134)
        at java.util.concurrent.ThreadPoolExecutor$Worker.run(ThreadPoolExecutor.java:624)
        at java.lang.Thread.run(Thread.java:748)
"BlockDeletingService#1" daemon prio=5 tid=399 timed_waiting
java.lang.Thread.State: TIMED_WAITING
        at sun.misc.Unsafe.park(Native Method)
        at java.util.concurrent.locks.LockSupport.parkNanos(LockSupport.java:215)
        at java.util.concurrent.locks.AbstractQueuedSynchronizer$ConditionObject.awaitNanos(AbstractQueuedSynchronizer.java:2078)
        at java.util.concurrent.ScheduledThreadPoolExecutor$DelayedWorkQueue.take(ScheduledThreadPoolExecutor.java:1093)
        at java.util.concurrent.ScheduledThreadPoolExecutor$DelayedWorkQueue.take(ScheduledThreadPoolExecutor.java:809)
        at java.util.concurrent.ThreadPoolExecutor.getTask(ThreadPoolExecutor.java:1074)
        at java.util.concurrent.ThreadPoolExecutor.runWorker(ThreadPoolExecutor.java:1134)
        at java.util.concurrent.ThreadPoolExecutor$Worker.run(ThreadPoolExecutor.java:624)
        at java.lang.Thread.run(Thread.java:748)
"pool-194-thread-8"  prio=5 tid=939 in Object.wait()
java.lang.Thread.State: WAITING (on object monitor)
        at sun.misc.Unsafe.park(Native Method)
        at java.util.concurrent.locks.LockSupport.park(LockSupport.java:175)
        at java.util.concurrent.locks.AbstractQueuedSynchronizer$ConditionObject.await(AbstractQueuedSynchronizer.java:2039)
        at java.util.concurrent.ArrayBlockingQueue.take(ArrayBlockingQueue.java:403)
        at java.util.concurrent.ThreadPoolExecutor.getTask(ThreadPoolExecutor.java:1074)
        at java.util.concurrent.ThreadPoolExecutor.runWorker(ThreadPoolExecutor.java:1134)
        at java.util.concurrent.ThreadPoolExecutor$Worker.run(ThreadPoolExecutor.java:624)
        at java.lang.Thread.run(Thread.java:748)
"pool-89-thread-60"  prio=5 tid=691 in Object.wait()
java.lang.Thread.State: WAITING (on object monitor)
        at sun.misc.Unsafe.park(Native Method)
        at java.util.concurrent.locks.LockSupport.park(LockSupport.java:175)
        at java.util.concurrent.locks.AbstractQueuedSynchronizer$ConditionObject.await(AbstractQueuedSynchronizer.java:2039)
        at java.util.concurrent.ArrayBlockingQueue.take(ArrayBlockingQueue.java:403)
        at java.util.concurrent.ThreadPoolExecutor.getTask(ThreadPoolExecutor.java:1074)
        at java.util.concurrent.ThreadPoolExecutor.runWorker(ThreadPoolExecutor.java:1134)
        at java.util.concurrent.ThreadPoolExecutor$Worker.run(ThreadPoolExecutor.java:624)
        at java.lang.Thread.run(Thread.java:748)
"pool-215-thread-19"  prio=5 tid=1010 in Object.wait()
java.lang.Thread.State: WAITING (on object monitor)
        at sun.misc.Unsafe.park(Native Method)
        at java.util.concurrent.locks.LockSupport.park(LockSupport.java:175)
        at java.util.concurrent.locks.AbstractQueuedSynchronizer$ConditionObject.await(AbstractQueuedSynchronizer.java:2039)
        at java.util.concurrent.ArrayBlockingQueue.take(ArrayBlockingQueue.java:403)
        at java.util.concurrent.ThreadPoolExecutor.getTask(ThreadPoolExecutor.java:1074)
        at java.util.concurrent.ThreadPoolExecutor.runWorker(ThreadPoolExecutor.java:1134)
        at java.util.concurrent.ThreadPoolExecutor$Worker.run(ThreadPoolExecutor.java:624)
        at java.lang.Thread.run(Thread.java:748)
"pool-131-thread-29"  prio=5 tid=780 in Object.wait()
java.lang.Thread.State: WAITING (on object monitor)
        at sun.misc.Unsafe.park(Native Method)
        at java.util.concurrent.locks.LockSupport.park(LockSupport.java:175)
        at java.util.concurrent.locks.AbstractQueuedSynchronizer$ConditionObject.await(AbstractQueuedSynchronizer.java:2039)
        at java.util.concurrent.ArrayBlockingQueue.take(ArrayBlockingQueue.java:403)
        at java.util.concurrent.ThreadPoolExecutor.getTask(ThreadPoolExecutor.java:1074)
        at java.util.concurrent.ThreadPoolExecutor.runWorker(ThreadPoolExecutor.java:1134)
        at java.util.concurrent.ThreadPoolExecutor$Worker.run(ThreadPoolExecutor.java:624)
        at java.lang.Thread.run(Thread.java:748)
"pool-47-thread-34"  prio=5 tid=545 in Object.wait()
java.lang.Thread.State: WAITING (on object monitor)
        at sun.misc.Unsafe.park(Native Method)
        at java.util.concurrent.locks.LockSupport.park(LockSupport.java:175)
        at java.util.concurrent.locks.AbstractQueuedSynchronizer$ConditionObject.await(AbstractQueuedSynchronizer.java:2039)
        at java.util.concurrent.ArrayBlockingQueue.take(ArrayBlockingQueue.java:403)
        at java.util.concurrent.ThreadPoolExecutor.getTask(ThreadPoolExecutor.java:1074)
        at java.util.concurrent.ThreadPoolExecutor.runWorker(ThreadPoolExecutor.java:1134)
        at java.util.concurrent.ThreadPoolExecutor$Worker.run(ThreadPoolExecutor.java:624)
        at java.lang.Thread.run(Thread.java:748)
"pool-89-thread-44"  prio=5 tid=675 in Object.wait()
java.lang.Thread.State: WAITING (on object monitor)
        at sun.misc.Unsafe.park(Native Method)
        at java.util.concurrent.locks.LockSupport.park(LockSupport.java:175)
        at java.util.concurrent.locks.AbstractQueuedSynchronizer$ConditionObject.await(AbstractQueuedSynchronizer.java:2039)
        at java.util.concurrent.ArrayBlockingQueue.take(ArrayBlockingQueue.java:403)
        at java.util.concurrent.ThreadPoolExecutor.getTask(ThreadPoolExecutor.java:1074)
        at java.util.concurrent.ThreadPoolExecutor.runWorker(ThreadPoolExecutor.java:1134)
        at java.util.concurrent.ThreadPoolExecutor$Worker.run(ThreadPoolExecutor.java:624)
        at java.lang.Thread.run(Thread.java:748)
"nioEventLoopGroup-14-1"  prio=10 tid=351 runnable
java.lang.Thread.State: RUNNABLE
        at sun.nio.ch.EPollArrayWrapper.epollWait(Native Method)
        at sun.nio.ch.EPollArrayWrapper.poll(EPollArrayWrapper.java:269)
        at sun.nio.ch.EPollSelectorImpl.doSelect(EPollSelectorImpl.java:93)
        at sun.nio.ch.SelectorImpl.lockAndDoSelect(SelectorImpl.java:86)
        at sun.nio.ch.SelectorImpl.select(SelectorImpl.java:97)
        at io.netty.channel.nio.SelectedSelectionKeySetSelector.select(SelectedSelectionKeySetSelector.java:62)
        at io.netty.channel.nio.NioEventLoop.select(NioEventLoop.java:753)
        at io.netty.channel.nio.NioEventLoop.run(NioEventLoop.java:408)
        at io.netty.util.concurrent.SingleThreadEventExecutor$5.run(SingleThreadEventExecutor.java:897)
        at io.netty.util.concurrent.FastThreadLocalRunnable.run(FastThreadLocalRunnable.java:30)
        at java.lang.Thread.run(Thread.java:748)
"pool-89-thread-13"  prio=5 tid=644 in Object.wait()
java.lang.Thread.State: WAITING (on object monitor)
        at sun.misc.Unsafe.park(Native Method)
        at java.util.concurrent.locks.LockSupport.park(LockSupport.java:175)
        at java.util.concurrent.locks.AbstractQueuedSynchronizer$ConditionObject.await(AbstractQueuedSynchronizer.java:2039)
        at java.util.concurrent.ArrayBlockingQueue.take(ArrayBlockingQueue.java:403)
        at java.util.concurrent.ThreadPoolExecutor.getTask(ThreadPoolExecutor.java:1074)
        at java.util.concurrent.ThreadPoolExecutor.runWorker(ThreadPoolExecutor.java:1134)
        at java.util.concurrent.ThreadPoolExecutor$Worker.run(ThreadPoolExecutor.java:624)
        at java.lang.Thread.run(Thread.java:748)
"pool-131-thread-3"  prio=5 tid=754 in Object.wait()
java.lang.Thread.State: WAITING (on object monitor)
        at sun.misc.Unsafe.park(Native Method)
        at java.util.concurrent.locks.LockSupport.park(LockSupport.java:175)
        at java.util.concurrent.locks.AbstractQueuedSynchronizer$ConditionObject.await(AbstractQueuedSynchronizer.java:2039)
        at java.util.concurrent.ArrayBlockingQueue.take(ArrayBlockingQueue.java:403)
        at java.util.concurrent.ThreadPoolExecutor.getTask(ThreadPoolExecutor.java:1074)
        at java.util.concurrent.ThreadPoolExecutor.runWorker(ThreadPoolExecutor.java:1134)
        at java.util.concurrent.ThreadPoolExecutor$Worker.run(ThreadPoolExecutor.java:624)
        at java.lang.Thread.run(Thread.java:748)
"IPC Server idle connection scanner for port 33423" daemon prio=5 tid=25 timed_waiting
java.lang.Thread.State: TIMED_WAITING
        at java.lang.Object.wait(Native Method)
        at java.util.TimerThread.mainLoop(Timer.java:552)
        at java.util.TimerThread.run(Timer.java:505)
"pool-89-thread-29"  prio=5 tid=660 in Object.wait()
java.lang.Thread.State: WAITING (on object monitor)
        at sun.misc.Unsafe.park(Native Method)
        at java.util.concurrent.locks.LockSupport.park(LockSupport.java:175)
        at java.util.concurrent.locks.AbstractQueuedSynchronizer$ConditionObject.await(AbstractQueuedSynchronizer.java:2039)
        at java.util.concurrent.ArrayBlockingQueue.take(ArrayBlockingQueue.java:403)
        at java.util.concurrent.ThreadPoolExecutor.getTask(ThreadPoolExecutor.java:1074)
        at java.util.concurrent.ThreadPoolExecutor.runWorker(ThreadPoolExecutor.java:1134)
        at java.util.concurrent.ThreadPoolExecutor$Worker.run(ThreadPoolExecutor.java:624)
        at java.lang.Thread.run(Thread.java:748)
"qtp628402659-195" daemon prio=5 tid=195 timed_waiting
java.lang.Thread.State: TIMED_WAITING
        at sun.misc.Unsafe.park(Native Method)
        at java.util.concurrent.locks.LockSupport.parkNanos(LockSupport.java:215)
        at java.util.concurrent.locks.AbstractQueuedSynchronizer$ConditionObject.awaitNanos(AbstractQueuedSynchronizer.java:2078)
        at org.eclipse.jetty.util.BlockingArrayQueue.poll(BlockingArrayQueue.java:392)
        at org.eclipse.jetty.util.thread.QueuedThreadPool.idleJobPoll(QueuedThreadPool.java:563)
        at org.eclipse.jetty.util.thread.QueuedThreadPool.access$800(QueuedThreadPool.java:48)
        at org.eclipse.jetty.util.thread.QueuedThreadPool$2.run(QueuedThreadPool.java:626)
        at java.lang.Thread.run(Thread.java:748)
"pool-194-thread-3"  prio=5 tid=934 in Object.wait()
java.lang.Thread.State: WAITING (on object monitor)
        at sun.misc.Unsafe.park(Native Method)
        at java.util.concurrent.locks.LockSupport.park(LockSupport.java:175)
        at java.util.concurrent.locks.AbstractQueuedSynchronizer$ConditionObject.await(AbstractQueuedSynchronizer.java:2039)
        at java.util.concurrent.ArrayBlockingQueue.take(ArrayBlockingQueue.java:403)
        at java.util.concurrent.ThreadPoolExecutor.getTask(ThreadPoolExecutor.java:1074)
        at java.util.concurrent.ThreadPoolExecutor.runWorker(ThreadPoolExecutor.java:1134)
        at java.util.concurrent.ThreadPoolExecutor$Worker.run(ThreadPoolExecutor.java:624)
        at java.lang.Thread.run(Thread.java:748)
"pool-152-thread-18"  prio=5 tid=829 in Object.wait()
java.lang.Thread.State: WAITING (on object monitor)
        at sun.misc.Unsafe.park(Native Method)
        at java.util.concurrent.locks.LockSupport.park(LockSupport.java:175)
        at java.util.concurrent.locks.AbstractQueuedSynchronizer$ConditionObject.await(AbstractQueuedSynchronizer.java:2039)
        at java.util.concurrent.ArrayBlockingQueue.take(ArrayBlockingQueue.java:403)
        at java.util.concurrent.ThreadPoolExecutor.getTask(ThreadPoolExecutor.java:1074)
        at java.util.concurrent.ThreadPoolExecutor.runWorker(ThreadPoolExecutor.java:1134)
        at java.util.concurrent.ThreadPoolExecutor$Worker.run(ThreadPoolExecutor.java:624)
        at java.lang.Thread.run(Thread.java:748)
"pool-173-thread-36"  prio=5 tid=907 in Object.wait()
java.lang.Thread.State: WAITING (on object monitor)
        at sun.misc.Unsafe.park(Native Method)
        at java.util.concurrent.locks.LockSupport.park(LockSupport.java:175)
        at java.util.concurrent.locks.AbstractQueuedSynchronizer$ConditionObject.await(AbstractQueuedSynchronizer.java:2039)
        at java.util.concurrent.ArrayBlockingQueue.take(ArrayBlockingQueue.java:403)
        at java.util.concurrent.ThreadPoolExecutor.getTask(ThreadPoolExecutor.java:1074)
        at java.util.concurrent.ThreadPoolExecutor.runWorker(ThreadPoolExecutor.java:1134)
        at java.util.concurrent.ThreadPoolExecutor$Worker.run(ThreadPoolExecutor.java:624)
        at java.lang.Thread.run(Thread.java:748)
"pool-194-thread-21"  prio=5 tid=952 in Object.wait()
java.lang.Thread.State: WAITING (on object monitor)
        at sun.misc.Unsafe.park(Native Method)
        at java.util.concurrent.locks.LockSupport.park(LockSupport.java:175)
        at java.util.concurrent.locks.AbstractQueuedSynchronizer$ConditionObject.await(AbstractQueuedSynchronizer.java:2039)
        at java.util.concurrent.ArrayBlockingQueue.take(ArrayBlockingQueue.java:403)
        at java.util.concurrent.ThreadPoolExecutor.getTask(ThreadPoolExecutor.java:1074)
        at java.util.concurrent.ThreadPoolExecutor.runWorker(ThreadPoolExecutor.java:1134)
        at java.util.concurrent.ThreadPoolExecutor$Worker.run(ThreadPoolExecutor.java:624)
        at java.lang.Thread.run(Thread.java:748)
"pool-173-thread-21"  prio=5 tid=892 in Object.wait()
java.lang.Thread.State: WAITING (on object monitor)
        at sun.misc.Unsafe.park(Native Method)
        at java.util.concurrent.locks.LockSupport.park(LockSupport.java:175)
        at java.util.concurrent.locks.AbstractQueuedSynchronizer$ConditionObject.await(AbstractQueuedSynchronizer.java:2039)
        at java.util.concurrent.ArrayBlockingQueue.take(ArrayBlockingQueue.java:403)
        at java.util.concurrent.ThreadPoolExecutor.getTask(ThreadPoolExecutor.java:1074)
        at java.util.concurrent.ThreadPoolExecutor.runWorker(ThreadPoolExecutor.java:1134)
        at java.util.concurrent.ThreadPoolExecutor$Worker.run(ThreadPoolExecutor.java:624)
        at java.lang.Thread.run(Thread.java:748)
"pool-173-thread-60"  prio=5 tid=931 in Object.wait()
java.lang.Thread.State: WAITING (on object monitor)
        at sun.misc.Unsafe.park(Native Method)
        at java.util.concurrent.locks.LockSupport.park(LockSupport.java:175)
        at java.util.concurrent.locks.AbstractQueuedSynchronizer$ConditionObject.await(AbstractQueuedSynchronizer.java:2039)
        at java.util.concurrent.ArrayBlockingQueue.take(ArrayBlockingQueue.java:403)
        at java.util.concurrent.ThreadPoolExecutor.getTask(ThreadPoolExecutor.java:1074)
        at java.util.concurrent.ThreadPoolExecutor.runWorker(ThreadPoolExecutor.java:1134)
        at java.util.concurrent.ThreadPoolExecutor$Worker.run(ThreadPoolExecutor.java:624)
        at java.lang.Thread.run(Thread.java:748)
"pool-26-thread-16"  prio=5 tid=466 in Object.wait()
java.lang.Thread.State: WAITING (on object monitor)
        at sun.misc.Unsafe.park(Native Method)
        at java.util.concurrent.locks.LockSupport.park(LockSupport.java:175)
        at java.util.concurrent.locks.AbstractQueuedSynchronizer$ConditionObject.await(AbstractQueuedSynchronizer.java:2039)
        at java.util.concurrent.ArrayBlockingQueue.take(ArrayBlockingQueue.java:403)
        at java.util.concurrent.ThreadPoolExecutor.getTask(ThreadPoolExecutor.java:1074)
        at java.util.concurrent.ThreadPoolExecutor.runWorker(ThreadPoolExecutor.java:1134)
        at java.util.concurrent.ThreadPoolExecutor$Worker.run(ThreadPoolExecutor.java:624)
        at java.lang.Thread.run(Thread.java:748)
"pool-152-thread-25"  prio=5 tid=836 in Object.wait()
java.lang.Thread.State: WAITING (on object monitor)
        at sun.misc.Unsafe.park(Native Method)
        at java.util.concurrent.locks.LockSupport.park(LockSupport.java:175)
        at java.util.concurrent.locks.AbstractQueuedSynchronizer$ConditionObject.await(AbstractQueuedSynchronizer.java:2039)
        at java.util.concurrent.ArrayBlockingQueue.take(ArrayBlockingQueue.java:403)
        at java.util.concurrent.ThreadPoolExecutor.getTask(ThreadPoolExecutor.java:1074)
        at java.util.concurrent.ThreadPoolExecutor.runWorker(ThreadPoolExecutor.java:1134)
        at java.util.concurrent.ThreadPoolExecutor$Worker.run(ThreadPoolExecutor.java:624)
        at java.lang.Thread.run(Thread.java:748)
"7e110c32-16c6-4157-bc33-575ee617fed4-RaftLogWorker"  prio=5 tid=1107 timed_waiting
java.lang.Thread.State: TIMED_WAITING
        at sun.misc.Unsafe.park(Native Method)
        at java.util.concurrent.locks.LockSupport.parkNanos(LockSupport.java:215)
        at java.util.concurrent.locks.AbstractQueuedSynchronizer$ConditionObject.awaitNanos(AbstractQueuedSynchronizer.java:2078)
        at org.apache.ratis.util.DataBlockingQueue.poll(DataBlockingQueue.java:137)
        at org.apache.ratis.server.storage.RaftLogWorker.run(RaftLogWorker.java:216)
        at java.lang.Thread.run(Thread.java:748)
"pool-47-thread-13"  prio=5 tid=524 in Object.wait()
java.lang.Thread.State: WAITING (on object monitor)
        at sun.misc.Unsafe.park(Native Method)
        at java.util.concurrent.locks.LockSupport.park(LockSupport.java:175)
        at java.util.concurrent.locks.AbstractQueuedSynchronizer$ConditionObject.await(AbstractQueuedSynchronizer.java:2039)
        at java.util.concurrent.ArrayBlockingQueue.take(ArrayBlockingQueue.java:403)
        at java.util.concurrent.ThreadPoolExecutor.getTask(ThreadPoolExecutor.java:1074)
        at java.util.concurrent.ThreadPoolExecutor.runWorker(ThreadPoolExecutor.java:1134)
        at java.util.concurrent.ThreadPoolExecutor$Worker.run(ThreadPoolExecutor.java:624)
        at java.lang.Thread.run(Thread.java:748)
"pool-131-thread-18"  prio=5 tid=769 in Object.wait()
java.lang.Thread.State: WAITING (on object monitor)
        at sun.misc.Unsafe.park(Native Method)
        at java.util.concurrent.locks.LockSupport.park(LockSupport.java:175)
        at java.util.concurrent.locks.AbstractQueuedSynchronizer$ConditionObject.await(AbstractQueuedSynchronizer.java:2039)
        at java.util.concurrent.ArrayBlockingQueue.take(ArrayBlockingQueue.java:403)
        at java.util.concurrent.ThreadPoolExecutor.getTask(ThreadPoolExecutor.java:1074)
        at java.util.concurrent.ThreadPoolExecutor.runWorker(ThreadPoolExecutor.java:1134)
        at java.util.concurrent.ThreadPoolExecutor$Worker.run(ThreadPoolExecutor.java:624)
        at java.lang.Thread.run(Thread.java:748)
"Datanode ReportManager Thread - 1" daemon prio=5 tid=354 in Object.wait()
java.lang.Thread.State: WAITING (on object monitor)
        at sun.misc.Unsafe.park(Native Method)
        at java.util.concurrent.locks.LockSupport.park(LockSupport.java:175)
        at java.util.concurrent.locks.AbstractQueuedSynchronizer$ConditionObject.await(AbstractQueuedSynchronizer.java:2039)
        at java.util.concurrent.ScheduledThreadPoolExecutor$DelayedWorkQueue.take(ScheduledThreadPoolExecutor.java:1088)
        at java.util.concurrent.ScheduledThreadPoolExecutor$DelayedWorkQueue.take(ScheduledThreadPoolExecutor.java:809)
        at java.util.concurrent.ThreadPoolExecutor.getTask(ThreadPoolExecutor.java:1074)
        at java.util.concurrent.ThreadPoolExecutor.runWorker(ThreadPoolExecutor.java:1134)
        at java.util.concurrent.ThreadPoolExecutor$Worker.run(ThreadPoolExecutor.java:624)
        at java.lang.Thread.run(Thread.java:748)
"qtp628402659-193" daemon prio=5 tid=193 timed_waiting
java.lang.Thread.State: TIMED_WAITING
        at sun.misc.Unsafe.park(Native Method)
        at java.util.concurrent.locks.LockSupport.parkNanos(LockSupport.java:215)
        at java.util.concurrent.locks.AbstractQueuedSynchronizer$ConditionObject.awaitNanos(AbstractQueuedSynchronizer.java:2078)
        at org.eclipse.jetty.util.BlockingArrayQueue.poll(BlockingArrayQueue.java:392)
        at org.eclipse.jetty.util.thread.QueuedThreadPool.idleJobPoll(QueuedThreadPool.java:563)
        at org.eclipse.jetty.util.thread.QueuedThreadPool.access$800(QueuedThreadPool.java:48)
        at org.eclipse.jetty.util.thread.QueuedThreadPool$2.run(QueuedThreadPool.java:626)
        at java.lang.Thread.run(Thread.java:748)
"BlockDeletingService#2" daemon prio=5 tid=1869 in Object.wait()
java.lang.Thread.State: WAITING (on object monitor)
        at sun.misc.Unsafe.park(Native Method)
        at java.util.concurrent.locks.LockSupport.park(LockSupport.java:175)
        at java.util.concurrent.locks.AbstractQueuedSynchronizer$ConditionObject.await(AbstractQueuedSynchronizer.java:2039)
        at java.util.concurrent.ScheduledThreadPoolExecutor$DelayedWorkQueue.take(ScheduledThreadPoolExecutor.java:1088)
        at java.util.concurrent.ScheduledThreadPoolExecutor$DelayedWorkQueue.take(ScheduledThreadPoolExecutor.java:809)
        at java.util.concurrent.ThreadPoolExecutor.getTask(ThreadPoolExecutor.java:1074)
        at java.util.concurrent.ThreadPoolExecutor.runWorker(ThreadPoolExecutor.java:1134)
        at java.util.concurrent.ThreadPoolExecutor$Worker.run(ThreadPoolExecutor.java:624)
        at java.lang.Thread.run(Thread.java:748)
"pool-194-thread-57"  prio=5 tid=988 in Object.wait()
java.lang.Thread.State: WAITING (on object monitor)
        at sun.misc.Unsafe.park(Native Method)
        at java.util.concurrent.locks.LockSupport.park(LockSupport.java:175)
        at java.util.concurrent.locks.AbstractQueuedSynchronizer$ConditionObject.await(AbstractQueuedSynchronizer.java:2039)
        at java.util.concurrent.ArrayBlockingQueue.take(ArrayBlockingQueue.java:403)
        at java.util.concurrent.ThreadPoolExecutor.getTask(ThreadPoolExecutor.java:1074)
        at java.util.concurrent.ThreadPoolExecutor.runWorker(ThreadPoolExecutor.java:1134)
        at java.util.concurrent.ThreadPoolExecutor$Worker.run(ThreadPoolExecutor.java:624)
        at java.lang.Thread.run(Thread.java:748)
"IPC Server handler 3 on 33423" daemon prio=5 tid=33 timed_waiting
java.lang.Thread.State: TIMED_WAITING
        at sun.misc.Unsafe.park(Native Method)
        at java.util.concurrent.locks.LockSupport.parkNanos(LockSupport.java:215)
        at java.util.concurrent.locks.AbstractQueuedSynchronizer$ConditionObject.awaitNanos(AbstractQueuedSynchronizer.java:2078)
        at java.util.concurrent.LinkedBlockingQueue.poll(LinkedBlockingQueue.java:467)
        at org.apache.hadoop.ipc.CallQueueManager.take(CallQueueManager.java:288)
        at org.apache.hadoop.ipc.Server$Handler.run(Server.java:2668)
"EventQueue-NodeReportForNodeReportHandler" daemon prio=5 tid=1851 in Object.wait()
java.lang.Thread.State: WAITING (on object monitor)
        at sun.misc.Unsafe.park(Native Method)
        at java.util.concurrent.locks.LockSupport.park(LockSupport.java:175)
        at java.util.concurrent.locks.AbstractQueuedSynchronizer$ConditionObject.await(AbstractQueuedSynchronizer.java:2039)
        at java.util.concurrent.LinkedBlockingQueue.take(LinkedBlockingQueue.java:442)
        at java.util.concurrent.ThreadPoolExecutor.getTask(ThreadPoolExecutor.java:1074)
        at java.util.concurrent.ThreadPoolExecutor.runWorker(ThreadPoolExecutor.java:1134)
        at java.util.concurrent.ThreadPoolExecutor$Worker.run(ThreadPoolExecutor.java:624)
        at java.lang.Thread.run(Thread.java:748)
"pool-26-thread-28"  prio=5 tid=478 in Object.wait()
java.lang.Thread.State: WAITING (on object monitor)
        at sun.misc.Unsafe.park(Native Method)
        at java.util.concurrent.locks.LockSupport.park(LockSupport.java:175)
        at java.util.concurrent.locks.AbstractQueuedSynchronizer$ConditionObject.await(AbstractQueuedSynchronizer.java:2039)
        at java.util.concurrent.ArrayBlockingQueue.take(ArrayBlockingQueue.java:403)
        at java.util.concurrent.ThreadPoolExecutor.getTask(ThreadPoolExecutor.java:1074)
        at java.util.concurrent.ThreadPoolExecutor.runWorker(ThreadPoolExecutor.java:1134)
        at java.util.concurrent.ThreadPoolExecutor$Worker.run(ThreadPoolExecutor.java:624)
        at java.lang.Thread.run(Thread.java:748)
"qtp391333725-377" daemon prio=5 tid=377 timed_waiting
java.lang.Thread.State: TIMED_WAITING
        at sun.misc.Unsafe.park(Native Method)
        at java.util.concurrent.locks.LockSupport.parkNanos(LockSupport.java:215)
        at java.util.concurrent.locks.AbstractQueuedSynchronizer$ConditionObject.awaitNanos(AbstractQueuedSynchronizer.java:2078)
        at org.eclipse.jetty.util.BlockingArrayQueue.poll(BlockingArrayQueue.java:392)
        at org.eclipse.jetty.util.thread.QueuedThreadPool.idleJobPoll(QueuedThreadPool.java:563)
        at org.eclipse.jetty.util.thread.QueuedThreadPool.access$800(QueuedThreadPool.java:48)
        at org.eclipse.jetty.util.thread.QueuedThreadPool$2.run(QueuedThreadPool.java:626)
        at java.lang.Thread.run(Thread.java:748)
"StateMachineUpdater-7e110c32-16c6-4157-bc33-575ee617fed4-group-EC215E1E3AB3" daemon prio=5 tid=1119 in Object.wait()
java.lang.Thread.State: WAITING (on object monitor)
        at java.lang.Object.wait(Native Method)
        at java.lang.Object.wait(Object.java:502)
        at org.apache.ratis.server.impl.StateMachineUpdater.run(StateMachineUpdater.java:138)
        at java.lang.Thread.run(Thread.java:748)
"pool-68-thread-46"  prio=5 tid=617 in Object.wait()
java.lang.Thread.State: WAITING (on object monitor)
        at sun.misc.Unsafe.park(Native Method)
        at java.util.concurrent.locks.LockSupport.park(LockSupport.java:175)
        at java.util.concurrent.locks.AbstractQueuedSynchronizer$ConditionObject.await(AbstractQueuedSynchronizer.java:2039)
        at java.util.concurrent.ArrayBlockingQueue.take(ArrayBlockingQueue.java:403)
        at java.util.concurrent.ThreadPoolExecutor.getTask(ThreadPoolExecutor.java:1074)
        at java.util.concurrent.ThreadPoolExecutor.runWorker(ThreadPoolExecutor.java:1134)
        at java.util.concurrent.ThreadPoolExecutor$Worker.run(ThreadPoolExecutor.java:624)
        at java.lang.Thread.run(Thread.java:748)
"BlockDeletingService#1" daemon prio=5 tid=218 timed_waiting
java.lang.Thread.State: TIMED_WAITING
        at sun.misc.Unsafe.park(Native Method)
        at java.util.concurrent.locks.LockSupport.parkNanos(LockSupport.java:215)
        at java.util.concurrent.locks.AbstractQueuedSynchronizer$ConditionObject.awaitNanos(AbstractQueuedSynchronizer.java:2078)
        at java.util.concurrent.ScheduledThreadPoolExecutor$DelayedWorkQueue.take(ScheduledThreadPoolExecutor.java:1093)
        at java.util.concurrent.ScheduledThreadPoolExecutor$DelayedWorkQueue.take(ScheduledThreadPoolExecutor.java:809)
        at java.util.concurrent.ThreadPoolExecutor.getTask(ThreadPoolExecutor.java:1074)
        at java.util.concurrent.ThreadPoolExecutor.runWorker(ThreadPoolExecutor.java:1134)
        at java.util.concurrent.ThreadPoolExecutor$Worker.run(ThreadPoolExecutor.java:624)
        at java.lang.Thread.run(Thread.java:748)
"BlockDeletingService#1" daemon prio=5 tid=428 timed_waiting
java.lang.Thread.State: TIMED_WAITING
        at sun.misc.Unsafe.park(Native Method)
        at java.util.concurrent.locks.LockSupport.parkNanos(LockSupport.java:215)
        at java.util.concurrent.locks.AbstractQueuedSynchronizer$ConditionObject.awaitNanos(AbstractQueuedSynchronizer.java:2078)
        at java.util.concurrent.ScheduledThreadPoolExecutor$DelayedWorkQueue.take(ScheduledThreadPoolExecutor.java:1093)
        at java.util.concurrent.ScheduledThreadPoolExecutor$DelayedWorkQueue.take(ScheduledThreadPoolExecutor.java:809)
        at java.util.concurrent.ThreadPoolExecutor.getTask(ThreadPoolExecutor.java:1074)
        at java.util.concurrent.ThreadPoolExecutor.runWorker(ThreadPoolExecutor.java:1134)
        at java.util.concurrent.ThreadPoolExecutor$Worker.run(ThreadPoolExecutor.java:624)
        at java.lang.Thread.run(Thread.java:748)
"pool-152-thread-46"  prio=5 tid=857 in Object.wait()
java.lang.Thread.State: WAITING (on object monitor)
        at sun.misc.Unsafe.park(Native Method)
        at java.util.concurrent.locks.LockSupport.park(LockSupport.java:175)
        at java.util.concurrent.locks.AbstractQueuedSynchronizer$ConditionObject.await(AbstractQueuedSynchronizer.java:2039)
        at java.util.concurrent.ArrayBlockingQueue.take(ArrayBlockingQueue.java:403)
        at java.util.concurrent.ThreadPoolExecutor.getTask(ThreadPoolExecutor.java:1074)
        at java.util.concurrent.ThreadPoolExecutor.runWorker(ThreadPoolExecutor.java:1134)
        at java.util.concurrent.ThreadPoolExecutor$Worker.run(ThreadPoolExecutor.java:624)
        at java.lang.Thread.run(Thread.java:748)
"pool-215-thread-14"  prio=5 tid=1005 in Object.wait()
java.lang.Thread.State: WAITING (on object monitor)
        at sun.misc.Unsafe.park(Native Method)
        at java.util.concurrent.locks.LockSupport.park(LockSupport.java:175)
        at java.util.concurrent.locks.AbstractQueuedSynchronizer$ConditionObject.await(AbstractQueuedSynchronizer.java:2039)
        at java.util.concurrent.ArrayBlockingQueue.take(ArrayBlockingQueue.java:403)
        at java.util.concurrent.ThreadPoolExecutor.getTask(ThreadPoolExecutor.java:1074)
        at java.util.concurrent.ThreadPoolExecutor.runWorker(ThreadPoolExecutor.java:1134)
        at java.util.concurrent.ThreadPoolExecutor$Worker.run(ThreadPoolExecutor.java:624)
        at java.lang.Thread.run(Thread.java:748)
"Datanode ReportManager Thread - 1" daemon prio=5 tid=444 in Object.wait()
java.lang.Thread.State: WAITING (on object monitor)
        at sun.misc.Unsafe.park(Native Method)
        at java.util.concurrent.locks.LockSupport.park(LockSupport.java:175)
        at java.util.concurrent.locks.AbstractQueuedSynchronizer$ConditionObject.await(AbstractQueuedSynchronizer.java:2039)
        at java.util.concurrent.ScheduledThreadPoolExecutor$DelayedWorkQueue.take(ScheduledThreadPoolExecutor.java:1088)
        at java.util.concurrent.ScheduledThreadPoolExecutor$DelayedWorkQueue.take(ScheduledThreadPoolExecutor.java:809)
        at java.util.concurrent.ThreadPoolExecutor.getTask(ThreadPoolExecutor.java:1074)
        at java.util.concurrent.ThreadPoolExecutor.runWorker(ThreadPoolExecutor.java:1134)
        at java.util.concurrent.ThreadPoolExecutor$Worker.run(ThreadPoolExecutor.java:624)
        at java.lang.Thread.run(Thread.java:748)
"org.apache.ratis.server.impl.LogAppender$$Lambda$313/942784436@77db8971" daemon prio=5 tid=1164 timed_waiting
java.lang.Thread.State: TIMED_WAITING
        at java.lang.Object.wait(Native Method)
        at org.apache.ratis.grpc.server.GrpcLogAppender.mayWait(GrpcLogAppender.java:140)
        at org.apache.ratis.grpc.server.GrpcLogAppender.runAppenderImpl(GrpcLogAppender.java:94)
        at org.apache.ratis.server.impl.LogAppender.runAppender(LogAppender.java:101)
        at org.apache.ratis.server.impl.LogAppender$$Lambda$313/942784436.run(Unknown Source)
        at java.lang.Thread.run(Thread.java:748)
"pool-194-thread-29"  prio=5 tid=960 in Object.wait()
java.lang.Thread.State: WAITING (on object monitor)
        at sun.misc.Unsafe.park(Native Method)
        at java.util.concurrent.locks.LockSupport.park(LockSupport.java:175)
        at java.util.concurrent.locks.AbstractQueuedSynchronizer$ConditionObject.await(AbstractQueuedSynchronizer.java:2039)
        at java.util.concurrent.ArrayBlockingQueue.take(ArrayBlockingQueue.java:403)
        at java.util.concurrent.ThreadPoolExecutor.getTask(ThreadPoolExecutor.java:1074)
        at java.util.concurrent.ThreadPoolExecutor.runWorker(ThreadPoolExecutor.java:1134)
        at java.util.concurrent.ThreadPoolExecutor$Worker.run(ThreadPoolExecutor.java:624)
        at java.lang.Thread.run(Thread.java:748)
"pool-68-thread-10"  prio=5 tid=581 in Object.wait()
java.lang.Thread.State: WAITING (on object monitor)
        at sun.misc.Unsafe.park(Native Method)
        at java.util.concurrent.locks.LockSupport.park(LockSupport.java:175)
        at java.util.concurrent.locks.AbstractQueuedSynchronizer$ConditionObject.await(AbstractQueuedSynchronizer.java:2039)
        at java.util.concurrent.ArrayBlockingQueue.take(ArrayBlockingQueue.java:403)
        at java.util.concurrent.ThreadPoolExecutor.getTask(ThreadPoolExecutor.java:1074)
        at java.util.concurrent.ThreadPoolExecutor.runWorker(ThreadPoolExecutor.java:1134)
        at java.util.concurrent.ThreadPoolExecutor$Worker.run(ThreadPoolExecutor.java:624)
        at java.lang.Thread.run(Thread.java:748)
"Datanode ReportManager Thread - 2" daemon prio=5 tid=265 in Object.wait()
java.lang.Thread.State: WAITING (on object monitor)
        at sun.misc.Unsafe.park(Native Method)
        at java.util.concurrent.locks.LockSupport.park(LockSupport.java:175)
        at java.util.concurrent.locks.AbstractQueuedSynchronizer$ConditionObject.await(AbstractQueuedSynchronizer.java:2039)
        at java.util.concurrent.ScheduledThreadPoolExecutor$DelayedWorkQueue.take(ScheduledThreadPoolExecutor.java:1088)
        at java.util.concurrent.ScheduledThreadPoolExecutor$DelayedWorkQueue.take(ScheduledThreadPoolExecutor.java:809)
        at java.util.concurrent.ThreadPoolExecutor.getTask(ThreadPoolExecutor.java:1074)
        at java.util.concurrent.ThreadPoolExecutor.runWorker(ThreadPoolExecutor.java:1134)
        at java.util.concurrent.ThreadPoolExecutor$Worker.run(ThreadPoolExecutor.java:624)
        at java.lang.Thread.run(Thread.java:748)
"pool-110-thread-41"  prio=5 tid=732 in Object.wait()
java.lang.Thread.State: WAITING (on object monitor)
        at sun.misc.Unsafe.park(Native Method)
        at java.util.concurrent.locks.LockSupport.park(LockSupport.java:175)
        at java.util.concurrent.locks.AbstractQueuedSynchronizer$ConditionObject.await(AbstractQueuedSynchronizer.java:2039)
        at java.util.concurrent.ArrayBlockingQueue.take(ArrayBlockingQueue.java:403)
        at java.util.concurrent.ThreadPoolExecutor.getTask(ThreadPoolExecutor.java:1074)
        at java.util.concurrent.ThreadPoolExecutor.runWorker(ThreadPoolExecutor.java:1134)
        at java.util.concurrent.ThreadPoolExecutor$Worker.run(ThreadPoolExecutor.java:624)
        at java.lang.Thread.run(Thread.java:748)
"IPC Server handler 15 on 38877" daemon prio=5 tid=129 timed_waiting
java.lang.Thread.State: TIMED_WAITING
        at sun.misc.Unsafe.park(Native Method)
        at java.util.concurrent.locks.LockSupport.parkNanos(LockSupport.java:215)
        at java.util.concurrent.locks.AbstractQueuedSynchronizer$ConditionObject.awaitNanos(AbstractQueuedSynchronizer.java:2078)
        at java.util.concurrent.LinkedBlockingQueue.poll(LinkedBlockingQueue.java:467)
        at org.apache.hadoop.ipc.CallQueueManager.take(CallQueueManager.java:288)
        at org.apache.hadoop.ipc.Server$Handler.run(Server.java:2668)
"qtp608414678-224" daemon prio=5 tid=224 timed_waiting
java.lang.Thread.State: TIMED_WAITING
        at sun.misc.Unsafe.park(Native Method)
        at java.util.concurrent.locks.LockSupport.parkNanos(LockSupport.java:215)
        at java.util.concurrent.locks.AbstractQueuedSynchronizer$ConditionObject.awaitNanos(AbstractQueuedSynchronizer.java:2078)
        at org.eclipse.jetty.util.BlockingArrayQueue.poll(BlockingArrayQueue.java:392)
        at org.eclipse.jetty.util.thread.QueuedThreadPool.idleJobPoll(QueuedThreadPool.java:563)
        at org.eclipse.jetty.util.thread.QueuedThreadPool.access$800(QueuedThreadPool.java:48)
        at org.eclipse.jetty.util.thread.QueuedThreadPool$2.run(QueuedThreadPool.java:626)
        at java.lang.Thread.run(Thread.java:748)
"22b2fce2-e0c4-4bfe-a1ac-a7ae08b7b321-RaftLogWorker"  prio=5 tid=1136 timed_waiting
java.lang.Thread.State: TIMED_WAITING
        at sun.misc.Unsafe.park(Native Method)
        at java.util.concurrent.locks.LockSupport.parkNanos(LockSupport.java:215)
        at java.util.concurrent.locks.AbstractQueuedSynchronizer$ConditionObject.awaitNanos(AbstractQueuedSynchronizer.java:2078)
        at org.apache.ratis.util.DataBlockingQueue.poll(DataBlockingQueue.java:137)
        at org.apache.ratis.server.storage.RaftLogWorker.run(RaftLogWorker.java:216)
        at java.lang.Thread.run(Thread.java:748)
"pool-68-thread-25"  prio=5 tid=596 in Object.wait()
java.lang.Thread.State: WAITING (on object monitor)
        at sun.misc.Unsafe.park(Native Method)
        at java.util.concurrent.locks.LockSupport.park(LockSupport.java:175)
        at java.util.concurrent.locks.AbstractQueuedSynchronizer$ConditionObject.await(AbstractQueuedSynchronizer.java:2039)
        at java.util.concurrent.ArrayBlockingQueue.take(ArrayBlockingQueue.java:403)
        at java.util.concurrent.ThreadPoolExecutor.getTask(ThreadPoolExecutor.java:1074)
        at java.util.concurrent.ThreadPoolExecutor.runWorker(ThreadPoolExecutor.java:1134)
        at java.util.concurrent.ThreadPoolExecutor$Worker.run(ThreadPoolExecutor.java:624)
        at java.lang.Thread.run(Thread.java:748)
"pool-110-thread-36"  prio=5 tid=727 in Object.wait()
java.lang.Thread.State: WAITING (on object monitor)
        at sun.misc.Unsafe.park(Native Method)
        at java.util.concurrent.locks.LockSupport.park(LockSupport.java:175)
        at java.util.concurrent.locks.AbstractQueuedSynchronizer$ConditionObject.await(AbstractQueuedSynchronizer.java:2039)
        at java.util.concurrent.ArrayBlockingQueue.take(ArrayBlockingQueue.java:403)
        at java.util.concurrent.ThreadPoolExecutor.getTask(ThreadPoolExecutor.java:1074)
        at java.util.concurrent.ThreadPoolExecutor.runWorker(ThreadPoolExecutor.java:1134)
        at java.util.concurrent.ThreadPoolExecutor$Worker.run(ThreadPoolExecutor.java:624)
        at java.lang.Thread.run(Thread.java:748)
"pool-47-thread-58"  prio=5 tid=569 in Object.wait()
java.lang.Thread.State: WAITING (on object monitor)
        at sun.misc.Unsafe.park(Native Method)
        at java.util.concurrent.locks.LockSupport.park(LockSupport.java:175)
        at java.util.concurrent.locks.AbstractQueuedSynchronizer$ConditionObject.await(AbstractQueuedSynchronizer.java:2039)
        at java.util.concurrent.ArrayBlockingQueue.take(ArrayBlockingQueue.java:403)
        at java.util.concurrent.ThreadPoolExecutor.getTask(ThreadPoolExecutor.java:1074)
        at java.util.concurrent.ThreadPoolExecutor.runWorker(ThreadPoolExecutor.java:1134)
        at java.util.concurrent.ThreadPoolExecutor$Worker.run(ThreadPoolExecutor.java:624)
        at java.lang.Thread.run(Thread.java:748)
"org.apache.ratis.server.impl.LogAppender$$Lambda$313/942784436@472a384d" daemon prio=5 tid=1209 timed_waiting
java.lang.Thread.State: TIMED_WAITING
        at java.lang.Object.wait(Native Method)
        at org.apache.ratis.grpc.server.GrpcLogAppender.mayWait(GrpcLogAppender.java:140)
        at org.apache.ratis.grpc.server.GrpcLogAppender.runAppenderImpl(GrpcLogAppender.java:94)
        at org.apache.ratis.server.impl.LogAppender.runAppender(LogAppender.java:101)
        at org.apache.ratis.server.impl.LogAppender$$Lambda$313/942784436.run(Unknown Source)
        at java.lang.Thread.run(Thread.java:748)
"pool-152-thread-59"  prio=5 tid=870 in Object.wait()
java.lang.Thread.State: WAITING (on object monitor)
        at sun.misc.Unsafe.park(Native Method)
        at java.util.concurrent.locks.LockSupport.park(LockSupport.java:175)
        at java.util.concurrent.locks.AbstractQueuedSynchronizer$ConditionObject.await(AbstractQueuedSynchronizer.java:2039)
        at java.util.concurrent.ArrayBlockingQueue.take(ArrayBlockingQueue.java:403)
        at java.util.concurrent.ThreadPoolExecutor.getTask(ThreadPoolExecutor.java:1074)
        at java.util.concurrent.ThreadPoolExecutor.runWorker(ThreadPoolExecutor.java:1134)
        at java.util.concurrent.ThreadPoolExecutor$Worker.run(ThreadPoolExecutor.java:624)
        at java.lang.Thread.run(Thread.java:748)
"pool-188-thread-1"  prio=5 tid=369 timed_waiting
java.lang.Thread.State: TIMED_WAITING
        at sun.misc.Unsafe.park(Native Method)
        at java.util.concurrent.locks.LockSupport.parkNanos(LockSupport.java:215)
        at java.util.concurrent.locks.AbstractQueuedSynchronizer$ConditionObject.awaitNanos(AbstractQueuedSynchronizer.java:2078)
        at java.util.concurrent.ScheduledThreadPoolExecutor$DelayedWorkQueue.take(ScheduledThreadPoolExecutor.java:1093)
        at java.util.concurrent.ScheduledThreadPoolExecutor$DelayedWorkQueue.take(ScheduledThreadPoolExecutor.java:809)
        at java.util.concurrent.ThreadPoolExecutor.getTask(ThreadPoolExecutor.java:1074)
        at java.util.concurrent.ThreadPoolExecutor.runWorker(ThreadPoolExecutor.java:1134)
        at java.util.concurrent.ThreadPoolExecutor$Worker.run(ThreadPoolExecutor.java:624)
        at java.lang.Thread.run(Thread.java:748)
"pool-152-thread-48"  prio=5 tid=859 in Object.wait()
java.lang.Thread.State: WAITING (on object monitor)
        at sun.misc.Unsafe.park(Native Method)
        at java.util.concurrent.locks.LockSupport.park(LockSupport.java:175)
        at java.util.concurrent.locks.AbstractQueuedSynchronizer$ConditionObject.await(AbstractQueuedSynchronizer.java:2039)
        at java.util.concurrent.ArrayBlockingQueue.take(ArrayBlockingQueue.java:403)
        at java.util.concurrent.ThreadPoolExecutor.getTask(ThreadPoolExecutor.java:1074)
        at java.util.concurrent.ThreadPoolExecutor.runWorker(ThreadPoolExecutor.java:1134)
        at java.util.concurrent.ThreadPoolExecutor$Worker.run(ThreadPoolExecutor.java:624)
        at java.lang.Thread.run(Thread.java:748)
"pool-110-thread-24"  prio=5 tid=715 in Object.wait()
java.lang.Thread.State: WAITING (on object monitor)
        at sun.misc.Unsafe.park(Native Method)
        at java.util.concurrent.locks.LockSupport.park(LockSupport.java:175)
        at java.util.concurrent.locks.AbstractQueuedSynchronizer$ConditionObject.await(AbstractQueuedSynchronizer.java:2039)
        at java.util.concurrent.ArrayBlockingQueue.take(ArrayBlockingQueue.java:403)
        at java.util.concurrent.ThreadPoolExecutor.getTask(ThreadPoolExecutor.java:1074)
        at java.util.concurrent.ThreadPoolExecutor.runWorker(ThreadPoolExecutor.java:1134)
        at java.util.concurrent.ThreadPoolExecutor$Worker.run(ThreadPoolExecutor.java:624)
        at java.lang.Thread.run(Thread.java:748)
"IPC Server idle connection scanner for port 38877" daemon prio=5 tid=108 timed_waiting
java.lang.Thread.State: TIMED_WAITING
        at java.lang.Object.wait(Native Method)
        at java.util.TimerThread.mainLoop(Timer.java:552)
        at java.util.TimerThread.run(Timer.java:505)
"qtp648346093-341-acceptor-0@1447bdbc-ServerConnector@4bce62b{HTTP/1.1,[http/1.1]}{0.0.0.0:37695}" daemon prio=3 tid=341 runnable
java.lang.Thread.State: RUNNABLE
        at sun.nio.ch.ServerSocketChannelImpl.accept0(Native Method)
        at sun.nio.ch.ServerSocketChannelImpl.accept(ServerSocketChannelImpl.java:422)
        at sun.nio.ch.ServerSocketChannelImpl.accept(ServerSocketChannelImpl.java:250)
        at org.eclipse.jetty.server.ServerConnector.accept(ServerConnector.java:397)
        at org.eclipse.jetty.server.AbstractConnector$Acceptor.run(AbstractConnector.java:601)
        at org.eclipse.jetty.util.thread.QueuedThreadPool.runJob(QueuedThreadPool.java:671)
        at org.eclipse.jetty.util.thread.QueuedThreadPool$2.run(QueuedThreadPool.java:589)
        at java.lang.Thread.run(Thread.java:748)
"pool-26-thread-40"  prio=5 tid=490 in Object.wait()
java.lang.Thread.State: WAITING (on object monitor)
        at sun.misc.Unsafe.park(Native Method)
        at java.util.concurrent.locks.LockSupport.park(LockSupport.java:175)
        at java.util.concurrent.locks.AbstractQueuedSynchronizer$ConditionObject.await(AbstractQueuedSynchronizer.java:2039)
        at java.util.concurrent.ArrayBlockingQueue.take(ArrayBlockingQueue.java:403)
        at java.util.concurrent.ThreadPoolExecutor.getTask(ThreadPoolExecutor.java:1074)
        at java.util.concurrent.ThreadPoolExecutor.runWorker(ThreadPoolExecutor.java:1134)
        at java.util.concurrent.ThreadPoolExecutor$Worker.run(ThreadPoolExecutor.java:624)
        at java.lang.Thread.run(Thread.java:748)
"org.eclipse.jetty.server.session.HashSessionManager@610fbe1cTimer" daemon prio=5 tid=379 timed_waiting
java.lang.Thread.State: TIMED_WAITING
        at sun.misc.Unsafe.park(Native Method)
        at java.util.concurrent.locks.LockSupport.parkNanos(LockSupport.java:215)
        at java.util.concurrent.locks.AbstractQueuedSynchronizer$ConditionObject.awaitNanos(AbstractQueuedSynchronizer.java:2078)
        at java.util.concurrent.ScheduledThreadPoolExecutor$DelayedWorkQueue.take(ScheduledThreadPoolExecutor.java:1093)
        at java.util.concurrent.ScheduledThreadPoolExecutor$DelayedWorkQueue.take(ScheduledThreadPoolExecutor.java:809)
        at java.util.concurrent.ThreadPoolExecutor.getTask(ThreadPoolExecutor.java:1074)
        at java.util.concurrent.ThreadPoolExecutor.runWorker(ThreadPoolExecutor.java:1134)
        at java.util.concurrent.ThreadPoolExecutor$Worker.run(ThreadPoolExecutor.java:624)
        at java.lang.Thread.run(Thread.java:748)
"pool-215-thread-54"  prio=5 tid=1045 in Object.wait()
java.lang.Thread.State: WAITING (on object monitor)
        at sun.misc.Unsafe.park(Native Method)
        at java.util.concurrent.locks.LockSupport.park(LockSupport.java:175)
        at java.util.concurrent.locks.AbstractQueuedSynchronizer$ConditionObject.await(AbstractQueuedSynchronizer.java:2039)
        at java.util.concurrent.ArrayBlockingQueue.take(ArrayBlockingQueue.java:403)
        at java.util.concurrent.ThreadPoolExecutor.getTask(ThreadPoolExecutor.java:1074)
        at java.util.concurrent.ThreadPoolExecutor.runWorker(ThreadPoolExecutor.java:1134)
        at java.util.concurrent.ThreadPoolExecutor$Worker.run(ThreadPoolExecutor.java:624)
        at java.lang.Thread.run(Thread.java:748)
"IPC Server handler 4 on 46447" daemon prio=5 tid=54 timed_waiting
java.lang.Thread.State: TIMED_WAITING
        at sun.misc.Unsafe.park(Native Method)
        at java.util.concurrent.locks.LockSupport.parkNanos(LockSupport.java:215)
        at java.util.concurrent.locks.AbstractQueuedSynchronizer$ConditionObject.awaitNanos(AbstractQueuedSynchronizer.java:2078)
        at java.util.concurrent.LinkedBlockingQueue.poll(LinkedBlockingQueue.java:467)
        at org.apache.hadoop.ipc.CallQueueManager.take(CallQueueManager.java:288)
        at org.apache.hadoop.ipc.Server$Handler.run(Server.java:2668)
"pool-89-thread-39"  prio=5 tid=670 in Object.wait()
java.lang.Thread.State: WAITING (on object monitor)
        at sun.misc.Unsafe.park(Native Method)
        at java.util.concurrent.locks.LockSupport.park(LockSupport.java:175)
        at java.util.concurrent.locks.AbstractQueuedSynchronizer$ConditionObject.await(AbstractQueuedSynchronizer.java:2039)
        at java.util.concurrent.ArrayBlockingQueue.take(ArrayBlockingQueue.java:403)
        at java.util.concurrent.ThreadPoolExecutor.getTask(ThreadPoolExecutor.java:1074)
        at java.util.concurrent.ThreadPoolExecutor.runWorker(ThreadPoolExecutor.java:1134)
        at java.util.concurrent.ThreadPoolExecutor$Worker.run(ThreadPoolExecutor.java:624)
        at java.lang.Thread.run(Thread.java:748)
"BlockDeletingService#2" daemon prio=5 tid=1852 in Object.wait()
java.lang.Thread.State: WAITING (on object monitor)
        at sun.misc.Unsafe.park(Native Method)
        at java.util.concurrent.locks.LockSupport.park(LockSupport.java:175)
        at java.util.concurrent.locks.AbstractQueuedSynchronizer$ConditionObject.await(AbstractQueuedSynchronizer.java:2039)
        at java.util.concurrent.ScheduledThreadPoolExecutor$DelayedWorkQueue.take(ScheduledThreadPoolExecutor.java:1088)
        at java.util.concurrent.ScheduledThreadPoolExecutor$DelayedWorkQueue.take(ScheduledThreadPoolExecutor.java:809)
        at java.util.concurrent.ThreadPoolExecutor.getTask(ThreadPoolExecutor.java:1074)
        at java.util.concurrent.ThreadPoolExecutor.runWorker(ThreadPoolExecutor.java:1134)
        at java.util.concurrent.ThreadPoolExecutor$Worker.run(ThreadPoolExecutor.java:624)
        at java.lang.Thread.run(Thread.java:748)
"IPC Server handler 17 on 38877" daemon prio=5 tid=131 timed_waiting
java.lang.Thread.State: TIMED_WAITING
        at sun.misc.Unsafe.park(Native Method)
        at java.util.concurrent.locks.LockSupport.parkNanos(LockSupport.java:215)
        at java.util.concurrent.locks.AbstractQueuedSynchronizer$ConditionObject.awaitNanos(AbstractQueuedSynchronizer.java:2078)
        at java.util.concurrent.LinkedBlockingQueue.poll(LinkedBlockingQueue.java:467)
        at org.apache.hadoop.ipc.CallQueueManager.take(CallQueueManager.java:288)
        at org.apache.hadoop.ipc.Server$Handler.run(Server.java:2668)
"Datanode ReportManager Thread - 2" daemon prio=5 tid=387 timed_waiting
java.lang.Thread.State: TIMED_WAITING
        at sun.misc.Unsafe.park(Native Method)
        at java.util.concurrent.locks.LockSupport.parkNanos(LockSupport.java:215)
        at java.util.concurrent.locks.AbstractQueuedSynchronizer$ConditionObject.awaitNanos(AbstractQueuedSynchronizer.java:2078)
        at java.util.concurrent.ScheduledThreadPoolExecutor$DelayedWorkQueue.take(ScheduledThreadPoolExecutor.java:1093)
        at java.util.concurrent.ScheduledThreadPoolExecutor$DelayedWorkQueue.take(ScheduledThreadPoolExecutor.java:809)
        at java.util.concurrent.ThreadPoolExecutor.getTask(ThreadPoolExecutor.java:1074)
        at java.util.concurrent.ThreadPoolExecutor.runWorker(ThreadPoolExecutor.java:1134)
        at java.util.concurrent.ThreadPoolExecutor$Worker.run(ThreadPoolExecutor.java:624)
        at java.lang.Thread.run(Thread.java:748)
"pool-173-thread-39"  prio=5 tid=910 in Object.wait()
java.lang.Thread.State: WAITING (on object monitor)
        at sun.misc.Unsafe.park(Native Method)
        at java.util.concurrent.locks.LockSupport.park(LockSupport.java:175)
        at java.util.concurrent.locks.AbstractQueuedSynchronizer$ConditionObject.await(AbstractQueuedSynchronizer.java:2039)
        at java.util.concurrent.ArrayBlockingQueue.take(ArrayBlockingQueue.java:403)
        at java.util.concurrent.ThreadPoolExecutor.getTask(ThreadPoolExecutor.java:1074)
        at java.util.concurrent.ThreadPoolExecutor.runWorker(ThreadPoolExecutor.java:1134)
        at java.util.concurrent.ThreadPoolExecutor$Worker.run(ThreadPoolExecutor.java:624)
        at java.lang.Thread.run(Thread.java:748)
"pool-173-thread-31"  prio=5 tid=902 in Object.wait()
java.lang.Thread.State: WAITING (on object monitor)
        at sun.misc.Unsafe.park(Native Method)
        at java.util.concurrent.locks.LockSupport.park(LockSupport.java:175)
        at java.util.concurrent.locks.AbstractQueuedSynchronizer$ConditionObject.await(AbstractQueuedSynchronizer.java:2039)
        at java.util.concurrent.ArrayBlockingQueue.take(ArrayBlockingQueue.java:403)
        at java.util.concurrent.ThreadPoolExecutor.getTask(ThreadPoolExecutor.java:1074)
        at java.util.concurrent.ThreadPoolExecutor.runWorker(ThreadPoolExecutor.java:1134)
        at java.util.concurrent.ThreadPoolExecutor$Worker.run(ThreadPoolExecutor.java:624)
        at java.lang.Thread.run(Thread.java:748)
"org.apache.ratis.server.impl.LogAppender$$Lambda$313/942784436@411b507a" daemon prio=5 tid=1185 timed_waiting
java.lang.Thread.State: TIMED_WAITING
        at java.lang.Object.wait(Native Method)
        at org.apache.ratis.grpc.server.GrpcLogAppender.mayWait(GrpcLogAppender.java:140)
        at org.apache.ratis.grpc.server.GrpcLogAppender.runAppenderImpl(GrpcLogAppender.java:94)
        at org.apache.ratis.server.impl.LogAppender.runAppender(LogAppender.java:101)
        at org.apache.ratis.server.impl.LogAppender$$Lambda$313/942784436.run(Unknown Source)
        at java.lang.Thread.run(Thread.java:748)
"pool-89-thread-22"  prio=5 tid=653 in Object.wait()
java.lang.Thread.State: WAITING (on object monitor)
        at sun.misc.Unsafe.park(Native Method)
        at java.util.concurrent.locks.LockSupport.park(LockSupport.java:175)
        at java.util.concurrent.locks.AbstractQueuedSynchronizer$ConditionObject.await(AbstractQueuedSynchronizer.java:2039)
        at java.util.concurrent.ArrayBlockingQueue.take(ArrayBlockingQueue.java:403)
        at java.util.concurrent.ThreadPoolExecutor.getTask(ThreadPoolExecutor.java:1074)
        at java.util.concurrent.ThreadPoolExecutor.runWorker(ThreadPoolExecutor.java:1134)
        at java.util.concurrent.ThreadPoolExecutor$Worker.run(ThreadPoolExecutor.java:624)
        at java.lang.Thread.run(Thread.java:748)
"pool-152-thread-11"  prio=5 tid=822 in Object.wait()
java.lang.Thread.State: WAITING (on object monitor)
        at sun.misc.Unsafe.park(Native Method)
        at java.util.concurrent.locks.LockSupport.park(LockSupport.java:175)
        at java.util.concurrent.locks.AbstractQueuedSynchronizer$ConditionObject.await(AbstractQueuedSynchronizer.java:2039)
        at java.util.concurrent.ArrayBlockingQueue.take(ArrayBlockingQueue.java:403)
        at java.util.concurrent.ThreadPoolExecutor.getTask(ThreadPoolExecutor.java:1074)
        at java.util.concurrent.ThreadPoolExecutor.runWorker(ThreadPoolExecutor.java:1134)
        at java.util.concurrent.ThreadPoolExecutor$Worker.run(ThreadPoolExecutor.java:624)
        at java.lang.Thread.run(Thread.java:748)
"IPC Server handler 16 on 33423" daemon prio=5 tid=46 timed_waiting
java.lang.Thread.State: TIMED_WAITING
        at sun.misc.Unsafe.park(Native Method)
        at java.util.concurrent.locks.LockSupport.parkNanos(LockSupport.java:215)
        at java.util.concurrent.locks.AbstractQueuedSynchronizer$ConditionObject.awaitNanos(AbstractQueuedSynchronizer.java:2078)
        at java.util.concurrent.LinkedBlockingQueue.poll(LinkedBlockingQueue.java:467)
        at org.apache.hadoop.ipc.CallQueueManager.take(CallQueueManager.java:288)
        at org.apache.hadoop.ipc.Server$Handler.run(Server.java:2668)
"pool-68-thread-55"  prio=5 tid=626 in Object.wait()
java.lang.Thread.State: WAITING (on object monitor)
        at sun.misc.Unsafe.park(Native Method)
        at java.util.concurrent.locks.LockSupport.park(LockSupport.java:175)
        at java.util.concurrent.locks.AbstractQueuedSynchronizer$ConditionObject.await(AbstractQueuedSynchronizer.java:2039)
        at java.util.concurrent.ArrayBlockingQueue.take(ArrayBlockingQueue.java:403)
        at java.util.concurrent.ThreadPoolExecutor.getTask(ThreadPoolExecutor.java:1074)
        at java.util.concurrent.ThreadPoolExecutor.runWorker(ThreadPoolExecutor.java:1134)
        at java.util.concurrent.ThreadPoolExecutor$Worker.run(ThreadPoolExecutor.java:624)
        at java.lang.Thread.run(Thread.java:748)
"nioEventLoopGroup-10-1"  prio=10 tid=291 runnable
java.lang.Thread.State: RUNNABLE
        at sun.nio.ch.EPollArrayWrapper.epollWait(Native Method)
        at sun.nio.ch.EPollArrayWrapper.poll(EPollArrayWrapper.java:269)
        at sun.nio.ch.EPollSelectorImpl.doSelect(EPollSelectorImpl.java:93)
        at sun.nio.ch.SelectorImpl.lockAndDoSelect(SelectorImpl.java:86)
        at sun.nio.ch.SelectorImpl.select(SelectorImpl.java:97)
        at io.netty.channel.nio.SelectedSelectionKeySetSelector.select(SelectedSelectionKeySetSelector.java:62)
        at io.netty.channel.nio.NioEventLoop.select(NioEventLoop.java:753)
        at io.netty.channel.nio.NioEventLoop.run(NioEventLoop.java:408)
        at io.netty.util.concurrent.SingleThreadEventExecutor$5.run(SingleThreadEventExecutor.java:897)
        at io.netty.util.concurrent.FastThreadLocalRunnable.run(FastThreadLocalRunnable.java:30)
        at java.lang.Thread.run(Thread.java:748)
"pool-68-thread-30"  prio=5 tid=601 in Object.wait()
java.lang.Thread.State: WAITING (on object monitor)
        at sun.misc.Unsafe.park(Native Method)
        at java.util.concurrent.locks.LockSupport.park(LockSupport.java:175)
        at java.util.concurrent.locks.AbstractQueuedSynchronizer$ConditionObject.await(AbstractQueuedSynchronizer.java:2039)
        at java.util.concurrent.ArrayBlockingQueue.take(ArrayBlockingQueue.java:403)
        at java.util.concurrent.ThreadPoolExecutor.getTask(ThreadPoolExecutor.java:1074)
        at java.util.concurrent.ThreadPoolExecutor.runWorker(ThreadPoolExecutor.java:1134)
        at java.util.concurrent.ThreadPoolExecutor$Worker.run(ThreadPoolExecutor.java:624)
        at java.lang.Thread.run(Thread.java:748)
"pool-152-thread-31"  prio=5 tid=842 in Object.wait()
java.lang.Thread.State: WAITING (on object monitor)
        at sun.misc.Unsafe.park(Native Method)
        at java.util.concurrent.locks.LockSupport.park(LockSupport.java:175)
        at java.util.concurrent.locks.AbstractQueuedSynchronizer$ConditionObject.await(AbstractQueuedSynchronizer.java:2039)
        at java.util.concurrent.ArrayBlockingQueue.take(ArrayBlockingQueue.java:403)
        at java.util.concurrent.ThreadPoolExecutor.getTask(ThreadPoolExecutor.java:1074)
        at java.util.concurrent.ThreadPoolExecutor.runWorker(ThreadPoolExecutor.java:1134)
        at java.util.concurrent.ThreadPoolExecutor$Worker.run(ThreadPoolExecutor.java:624)
        at java.lang.Thread.run(Thread.java:748)
"pool-131-thread-58"  prio=5 tid=809 in Object.wait()
java.lang.Thread.State: WAITING (on object monitor)
        at sun.misc.Unsafe.park(Native Method)
        at java.util.concurrent.locks.LockSupport.park(LockSupport.java:175)
        at java.util.concurrent.locks.AbstractQueuedSynchronizer$ConditionObject.await(AbstractQueuedSynchronizer.java:2039)
        at java.util.concurrent.ArrayBlockingQueue.take(ArrayBlockingQueue.java:403)
        at java.util.concurrent.ThreadPoolExecutor.getTask(ThreadPoolExecutor.java:1074)
        at java.util.concurrent.ThreadPoolExecutor.runWorker(ThreadPoolExecutor.java:1134)
        at java.util.concurrent.ThreadPoolExecutor$Worker.run(ThreadPoolExecutor.java:624)
        at java.lang.Thread.run(Thread.java:748)
"IPC Server handler 12 on 33423" daemon prio=5 tid=42 timed_waiting
java.lang.Thread.State: TIMED_WAITING
        at sun.misc.Unsafe.park(Native Method)
        at java.util.concurrent.locks.LockSupport.parkNanos(LockSupport.java:215)
        at java.util.concurrent.locks.AbstractQueuedSynchronizer$ConditionObject.awaitNanos(AbstractQueuedSynchronizer.java:2078)
        at java.util.concurrent.LinkedBlockingQueue.poll(LinkedBlockingQueue.java:467)
        at org.apache.hadoop.ipc.CallQueueManager.take(CallQueueManager.java:288)
        at org.apache.hadoop.ipc.Server$Handler.run(Server.java:2668)
"IPC Server handler 0 on 33779" daemon prio=5 tid=70 timed_waiting
java.lang.Thread.State: TIMED_WAITING
        at sun.misc.Unsafe.park(Native Method)
        at java.util.concurrent.locks.LockSupport.parkNanos(LockSupport.java:215)
        at java.util.concurrent.locks.AbstractQueuedSynchronizer$ConditionObject.awaitNanos(AbstractQueuedSynchronizer.java:2078)
        at java.util.concurrent.LinkedBlockingQueue.poll(LinkedBlockingQueue.java:467)
        at org.apache.hadoop.ipc.CallQueueManager.take(CallQueueManager.java:288)
        at org.apache.hadoop.ipc.Server$Handler.run(Server.java:2668)
"pool-89-thread-41"  prio=5 tid=672 in Object.wait()
java.lang.Thread.State: WAITING (on object monitor)
        at sun.misc.Unsafe.park(Native Method)
        at java.util.concurrent.locks.LockSupport.park(LockSupport.java:175)
        at java.util.concurrent.locks.AbstractQueuedSynchronizer$ConditionObject.await(AbstractQueuedSynchronizer.java:2039)
        at java.util.concurrent.ArrayBlockingQueue.take(ArrayBlockingQueue.java:403)
        at java.util.concurrent.ThreadPoolExecutor.getTask(ThreadPoolExecutor.java:1074)
        at java.util.concurrent.ThreadPoolExecutor.runWorker(ThreadPoolExecutor.java:1134)
        at java.util.concurrent.ThreadPoolExecutor$Worker.run(ThreadPoolExecutor.java:624)
        at java.lang.Thread.run(Thread.java:748)
"pool-47-thread-53"  prio=5 tid=564 in Object.wait()
java.lang.Thread.State: WAITING (on object monitor)
        at sun.misc.Unsafe.park(Native Method)
        at java.util.concurrent.locks.LockSupport.park(LockSupport.java:175)
        at java.util.concurrent.locks.AbstractQueuedSynchronizer$ConditionObject.await(AbstractQueuedSynchronizer.java:2039)
        at java.util.concurrent.ArrayBlockingQueue.take(ArrayBlockingQueue.java:403)
        at java.util.concurrent.ThreadPoolExecutor.getTask(ThreadPoolExecutor.java:1074)
        at java.util.concurrent.ThreadPoolExecutor.runWorker(ThreadPoolExecutor.java:1134)
        at java.util.concurrent.ThreadPoolExecutor$Worker.run(ThreadPoolExecutor.java:624)
        at java.lang.Thread.run(Thread.java:748)
"org.eclipse.jetty.server.session.HashSessionManager@77a0dd63Timer" daemon prio=5 tid=289 timed_waiting
java.lang.Thread.State: TIMED_WAITING
        at sun.misc.Unsafe.park(Native Method)
        at java.util.concurrent.locks.LockSupport.parkNanos(LockSupport.java:215)
        at java.util.concurrent.locks.AbstractQueuedSynchronizer$ConditionObject.awaitNanos(AbstractQueuedSynchronizer.java:2078)
        at java.util.concurrent.ScheduledThreadPoolExecutor$DelayedWorkQueue.take(ScheduledThreadPoolExecutor.java:1093)
        at java.util.concurrent.ScheduledThreadPoolExecutor$DelayedWorkQueue.take(ScheduledThreadPoolExecutor.java:809)
        at java.util.concurrent.ThreadPoolExecutor.getTask(ThreadPoolExecutor.java:1074)
        at java.util.concurrent.ThreadPoolExecutor.runWorker(ThreadPoolExecutor.java:1134)
        at java.util.concurrent.ThreadPoolExecutor$Worker.run(ThreadPoolExecutor.java:624)
        at java.lang.Thread.run(Thread.java:748)
"org.eclipse.jetty.server.session.HashSessionManager@4522d793Timer" daemon prio=5 tid=410 timed_waiting
java.lang.Thread.State: TIMED_WAITING
        at sun.misc.Unsafe.park(Native Method)
        at java.util.concurrent.locks.LockSupport.parkNanos(LockSupport.java:215)
        at java.util.concurrent.locks.AbstractQueuedSynchronizer$ConditionObject.awaitNanos(AbstractQueuedSynchronizer.java:2078)
        at java.util.concurrent.ScheduledThreadPoolExecutor$DelayedWorkQueue.take(ScheduledThreadPoolExecutor.java:1093)
        at java.util.concurrent.ScheduledThreadPoolExecutor$DelayedWorkQueue.take(ScheduledThreadPoolExecutor.java:809)
        at java.util.concurrent.ThreadPoolExecutor.getTask(ThreadPoolExecutor.java:1074)
        at java.util.concurrent.ThreadPoolExecutor.runWorker(ThreadPoolExecutor.java:1134)
        at java.util.concurrent.ThreadPoolExecutor$Worker.run(ThreadPoolExecutor.java:624)
        at java.lang.Thread.run(Thread.java:748)
"pool-215-thread-47"  prio=5 tid=1038 in Object.wait()
java.lang.Thread.State: WAITING (on object monitor)
        at sun.misc.Unsafe.park(Native Method)
        at java.util.concurrent.locks.LockSupport.park(LockSupport.java:175)
        at java.util.concurrent.locks.AbstractQueuedSynchronizer$ConditionObject.await(AbstractQueuedSynchronizer.java:2039)
        at java.util.concurrent.ArrayBlockingQueue.take(ArrayBlockingQueue.java:403)
        at java.util.concurrent.ThreadPoolExecutor.getTask(ThreadPoolExecutor.java:1074)
        at java.util.concurrent.ThreadPoolExecutor.runWorker(ThreadPoolExecutor.java:1134)
        at java.util.concurrent.ThreadPoolExecutor$Worker.run(ThreadPoolExecutor.java:624)
        at java.lang.Thread.run(Thread.java:748)
"pool-47-thread-32"  prio=5 tid=543 in Object.wait()
java.lang.Thread.State: WAITING (on object monitor)
        at sun.misc.Unsafe.park(Native Method)
        at java.util.concurrent.locks.LockSupport.park(LockSupport.java:175)
        at java.util.concurrent.locks.AbstractQueuedSynchronizer$ConditionObject.await(AbstractQueuedSynchronizer.java:2039)
        at java.util.concurrent.ArrayBlockingQueue.take(ArrayBlockingQueue.java:403)
        at java.util.concurrent.ThreadPoolExecutor.getTask(ThreadPoolExecutor.java:1074)
        at java.util.concurrent.ThreadPoolExecutor.runWorker(ThreadPoolExecutor.java:1134)
        at java.util.concurrent.ThreadPoolExecutor$Worker.run(ThreadPoolExecutor.java:624)
        at java.lang.Thread.run(Thread.java:748)
"IPC Server handler 1 on 38877" daemon prio=5 tid=115 timed_waiting
java.lang.Thread.State: TIMED_WAITING
        at sun.misc.Unsafe.park(Native Method)
        at java.util.concurrent.locks.LockSupport.parkNanos(LockSupport.java:215)
        at java.util.concurrent.locks.AbstractQueuedSynchronizer$ConditionObject.awaitNanos(AbstractQueuedSynchronizer.java:2078)
        at java.util.concurrent.LinkedBlockingQueue.poll(LinkedBlockingQueue.java:467)
        at org.apache.hadoop.ipc.CallQueueManager.take(CallQueueManager.java:288)
        at org.apache.hadoop.ipc.Server$Handler.run(Server.java:2668)
"IPC Server idle connection scanner for port 33779" daemon prio=5 tid=17 timed_waiting
java.lang.Thread.State: TIMED_WAITING
        at java.lang.Object.wait(Native Method)
        at java.util.TimerThread.mainLoop(Timer.java:552)
        at java.util.TimerThread.run(Timer.java:505)
"pool-194-thread-53"  prio=5 tid=984 in Object.wait()
java.lang.Thread.State: WAITING (on object monitor)
        at sun.misc.Unsafe.park(Native Method)
        at java.util.concurrent.locks.LockSupport.park(LockSupport.java:175)
        at java.util.concurrent.locks.AbstractQueuedSynchronizer$ConditionObject.await(AbstractQueuedSynchronizer.java:2039)
        at java.util.concurrent.ArrayBlockingQueue.take(ArrayBlockingQueue.java:403)
        at java.util.concurrent.ThreadPoolExecutor.getTask(ThreadPoolExecutor.java:1074)
        at java.util.concurrent.ThreadPoolExecutor.runWorker(ThreadPoolExecutor.java:1134)
        at java.util.concurrent.ThreadPoolExecutor$Worker.run(ThreadPoolExecutor.java:624)
        at java.lang.Thread.run(Thread.java:748)
"pool-152-thread-47"  prio=5 tid=858 in Object.wait()
java.lang.Thread.State: WAITING (on object monitor)
        at sun.misc.Unsafe.park(Native Method)
        at java.util.concurrent.locks.LockSupport.park(LockSupport.java:175)
        at java.util.concurrent.locks.AbstractQueuedSynchronizer$ConditionObject.await(AbstractQueuedSynchronizer.java:2039)
        at java.util.concurrent.ArrayBlockingQueue.take(ArrayBlockingQueue.java:403)
        at java.util.concurrent.ThreadPoolExecutor.getTask(ThreadPoolExecutor.java:1074)
        at java.util.concurrent.ThreadPoolExecutor.runWorker(ThreadPoolExecutor.java:1134)
        at java.util.concurrent.ThreadPoolExecutor$Worker.run(ThreadPoolExecutor.java:624)
        at java.lang.Thread.run(Thread.java:748)
"pool-68-thread-41"  prio=5 tid=612 in Object.wait()
java.lang.Thread.State: WAITING (on object monitor)
        at sun.misc.Unsafe.park(Native Method)
        at java.util.concurrent.locks.LockSupport.park(LockSupport.java:175)
        at java.util.concurrent.locks.AbstractQueuedSynchronizer$ConditionObject.await(AbstractQueuedSynchronizer.java:2039)
        at java.util.concurrent.ArrayBlockingQueue.take(ArrayBlockingQueue.java:403)
        at java.util.concurrent.ThreadPoolExecutor.getTask(ThreadPoolExecutor.java:1074)
        at java.util.concurrent.ThreadPoolExecutor.runWorker(ThreadPoolExecutor.java:1134)
        at java.util.concurrent.ThreadPoolExecutor$Worker.run(ThreadPoolExecutor.java:624)
        at java.lang.Thread.run(Thread.java:748)
"StateMachineUpdater-2a700f1f-da98-49ef-9a26-03cc6c63ade6-group-357E694019C5" daemon prio=5 tid=1098 in Object.wait()
java.lang.Thread.State: WAITING (on object monitor)
        at java.lang.Object.wait(Native Method)
        at java.lang.Object.wait(Object.java:502)
        at org.apache.ratis.server.impl.StateMachineUpdater.run(StateMachineUpdater.java:138)
        at java.lang.Thread.run(Thread.java:748)
"pool-152-thread-34"  prio=5 tid=845 in Object.wait()
java.lang.Thread.State: WAITING (on object monitor)
        at sun.misc.Unsafe.park(Native Method)
        at java.util.concurrent.locks.LockSupport.park(LockSupport.java:175)
        at java.util.concurrent.locks.AbstractQueuedSynchronizer$ConditionObject.await(AbstractQueuedSynchronizer.java:2039)
        at java.util.concurrent.ArrayBlockingQueue.take(ArrayBlockingQueue.java:403)
        at java.util.concurrent.ThreadPoolExecutor.getTask(ThreadPoolExecutor.java:1074)
        at java.util.concurrent.ThreadPoolExecutor.runWorker(ThreadPoolExecutor.java:1134)
        at java.util.concurrent.ThreadPoolExecutor$Worker.run(ThreadPoolExecutor.java:624)
        at java.lang.Thread.run(Thread.java:748)
"pool-89-thread-4"  prio=5 tid=635 in Object.wait()
java.lang.Thread.State: WAITING (on object monitor)
        at sun.misc.Unsafe.park(Native Method)
        at java.util.concurrent.locks.LockSupport.park(LockSupport.java:175)
        at java.util.concurrent.locks.AbstractQueuedSynchronizer$ConditionObject.await(AbstractQueuedSynchronizer.java:2039)
        at java.util.concurrent.ArrayBlockingQueue.take(ArrayBlockingQueue.java:403)
        at java.util.concurrent.ThreadPoolExecutor.getTask(ThreadPoolExecutor.java:1074)
        at java.util.concurrent.ThreadPoolExecutor.runWorker(ThreadPoolExecutor.java:1134)
        at java.util.concurrent.ThreadPoolExecutor$Worker.run(ThreadPoolExecutor.java:624)
        at java.lang.Thread.run(Thread.java:748)
"pool-215-thread-4"  prio=5 tid=995 in Object.wait()
java.lang.Thread.State: WAITING (on object monitor)
        at sun.misc.Unsafe.park(Native Method)
        at java.util.concurrent.locks.LockSupport.park(LockSupport.java:175)
        at java.util.concurrent.locks.AbstractQueuedSynchronizer$ConditionObject.await(AbstractQueuedSynchronizer.java:2039)
        at java.util.concurrent.ArrayBlockingQueue.take(ArrayBlockingQueue.java:403)
        at java.util.concurrent.ThreadPoolExecutor.getTask(ThreadPoolExecutor.java:1074)
        at java.util.concurrent.ThreadPoolExecutor.runWorker(ThreadPoolExecutor.java:1134)
        at java.util.concurrent.ThreadPoolExecutor$Worker.run(ThreadPoolExecutor.java:624)
        at java.lang.Thread.run(Thread.java:748)
"qtp1081635795-165" daemon prio=5 tid=165 timed_waiting
java.lang.Thread.State: TIMED_WAITING
        at sun.misc.Unsafe.park(Native Method)
        at java.util.concurrent.locks.LockSupport.parkNanos(LockSupport.java:215)
        at java.util.concurrent.locks.AbstractQueuedSynchronizer$ConditionObject.awaitNanos(AbstractQueuedSynchronizer.java:2078)
        at org.eclipse.jetty.util.BlockingArrayQueue.poll(BlockingArrayQueue.java:392)
        at org.eclipse.jetty.util.thread.QueuedThreadPool.idleJobPoll(QueuedThreadPool.java:563)
        at org.eclipse.jetty.util.thread.QueuedThreadPool.access$800(QueuedThreadPool.java:48)
        at org.eclipse.jetty.util.thread.QueuedThreadPool$2.run(QueuedThreadPool.java:626)
        at java.lang.Thread.run(Thread.java:748)
"IPC Server handler 15 on 33423" daemon prio=5 tid=45 timed_waiting
java.lang.Thread.State: TIMED_WAITING
        at sun.misc.Unsafe.park(Native Method)
        at java.util.concurrent.locks.LockSupport.parkNanos(LockSupport.java:215)
        at java.util.concurrent.locks.AbstractQueuedSynchronizer$ConditionObject.awaitNanos(AbstractQueuedSynchronizer.java:2078)
        at java.util.concurrent.LinkedBlockingQueue.poll(LinkedBlockingQueue.java:467)
        at org.apache.hadoop.ipc.CallQueueManager.take(CallQueueManager.java:288)
        at org.apache.hadoop.ipc.Server$Handler.run(Server.java:2668)
"pool-152-thread-53"  prio=5 tid=864 in Object.wait()
java.lang.Thread.State: WAITING (on object monitor)
        at sun.misc.Unsafe.park(Native Method)
        at java.util.concurrent.locks.LockSupport.park(LockSupport.java:175)
        at java.util.concurrent.locks.AbstractQueuedSynchronizer$ConditionObject.await(AbstractQueuedSynchronizer.java:2039)
        at java.util.concurrent.ArrayBlockingQueue.take(ArrayBlockingQueue.java:403)
        at java.util.concurrent.ThreadPoolExecutor.getTask(ThreadPoolExecutor.java:1074)
        at java.util.concurrent.ThreadPoolExecutor.runWorker(ThreadPoolExecutor.java:1134)
        at java.util.concurrent.ThreadPoolExecutor$Worker.run(ThreadPoolExecutor.java:624)
        at java.lang.Thread.run(Thread.java:748)
"BlockDeletingService#0" daemon prio=5 tid=307 in Object.wait()
java.lang.Thread.State: WAITING (on object monitor)
        at sun.misc.Unsafe.park(Native Method)
        at java.util.concurrent.locks.LockSupport.park(LockSupport.java:175)
        at java.util.concurrent.locks.AbstractQueuedSynchronizer$ConditionObject.await(AbstractQueuedSynchronizer.java:2039)
        at java.util.concurrent.ScheduledThreadPoolExecutor$DelayedWorkQueue.take(ScheduledThreadPoolExecutor.java:1088)
        at java.util.concurrent.ScheduledThreadPoolExecutor$DelayedWorkQueue.take(ScheduledThreadPoolExecutor.java:809)
        at java.util.concurrent.ThreadPoolExecutor.getTask(ThreadPoolExecutor.java:1074)
        at java.util.concurrent.ThreadPoolExecutor.runWorker(ThreadPoolExecutor.java:1134)
        at java.util.concurrent.ThreadPoolExecutor$Worker.run(ThreadPoolExecutor.java:624)
        at java.lang.Thread.run(Thread.java:748)
"Thread-340" daemon prio=5 tid=1153 timed_waiting
java.lang.Thread.State: TIMED_WAITING
        at sun.misc.Unsafe.park(Native Method)
        at java.util.concurrent.locks.LockSupport.parkNanos(LockSupport.java:215)
        at java.util.concurrent.locks.AbstractQueuedSynchronizer$ConditionObject.awaitNanos(AbstractQueuedSynchronizer.java:2078)
        at java.util.concurrent.ArrayBlockingQueue.poll(ArrayBlockingQueue.java:418)
        at org.apache.ratis.server.impl.LeaderState$EventQueue.poll(LeaderState.java:114)
        at org.apache.ratis.server.impl.LeaderState$EventProcessor.run(LeaderState.java:438)
"pool-131-thread-37"  prio=5 tid=788 in Object.wait()
java.lang.Thread.State: WAITING (on object monitor)
        at sun.misc.Unsafe.park(Native Method)
        at java.util.concurrent.locks.LockSupport.park(LockSupport.java:175)
        at java.util.concurrent.locks.AbstractQueuedSynchronizer$ConditionObject.await(AbstractQueuedSynchronizer.java:2039)
        at java.util.concurrent.ArrayBlockingQueue.take(ArrayBlockingQueue.java:403)
        at java.util.concurrent.ThreadPoolExecutor.getTask(ThreadPoolExecutor.java:1074)
        at java.util.concurrent.ThreadPoolExecutor.runWorker(ThreadPoolExecutor.java:1134)
        at java.util.concurrent.ThreadPoolExecutor$Worker.run(ThreadPoolExecutor.java:624)
        at java.lang.Thread.run(Thread.java:748)
"pool-194-thread-27"  prio=5 tid=958 in Object.wait()
java.lang.Thread.State: WAITING (on object monitor)
        at sun.misc.Unsafe.park(Native Method)
        at java.util.concurrent.locks.LockSupport.park(LockSupport.java:175)
        at java.util.concurrent.locks.AbstractQueuedSynchronizer$ConditionObject.await(AbstractQueuedSynchronizer.java:2039)
        at java.util.concurrent.ArrayBlockingQueue.take(ArrayBlockingQueue.java:403)
        at java.util.concurrent.ThreadPoolExecutor.getTask(ThreadPoolExecutor.java:1074)
        at java.util.concurrent.ThreadPoolExecutor.runWorker(ThreadPoolExecutor.java:1134)
        at java.util.concurrent.ThreadPoolExecutor$Worker.run(ThreadPoolExecutor.java:624)
        at java.lang.Thread.run(Thread.java:748)
"pool-47-thread-8"  prio=5 tid=519 in Object.wait()
java.lang.Thread.State: WAITING (on object monitor)
        at sun.misc.Unsafe.park(Native Method)
        at java.util.concurrent.locks.LockSupport.park(LockSupport.java:175)
        at java.util.concurrent.locks.AbstractQueuedSynchronizer$ConditionObject.await(AbstractQueuedSynchronizer.java:2039)
        at java.util.concurrent.ArrayBlockingQueue.take(ArrayBlockingQueue.java:403)
        at java.util.concurrent.ThreadPoolExecutor.getTask(ThreadPoolExecutor.java:1074)
        at java.util.concurrent.ThreadPoolExecutor.runWorker(ThreadPoolExecutor.java:1134)
        at java.util.concurrent.ThreadPoolExecutor$Worker.run(ThreadPoolExecutor.java:624)
        at java.lang.Thread.run(Thread.java:748)
"pool-110-thread-10"  prio=5 tid=701 in Object.wait()
java.lang.Thread.State: WAITING (on object monitor)
        at sun.misc.Unsafe.park(Native Method)
        at java.util.concurrent.locks.LockSupport.park(LockSupport.java:175)
        at java.util.concurrent.locks.AbstractQueuedSynchronizer$ConditionObject.await(AbstractQueuedSynchronizer.java:2039)
        at java.util.concurrent.ArrayBlockingQueue.take(ArrayBlockingQueue.java:403)
        at java.util.concurrent.ThreadPoolExecutor.getTask(ThreadPoolExecutor.java:1074)
        at java.util.concurrent.ThreadPoolExecutor.runWorker(ThreadPoolExecutor.java:1134)
        at java.util.concurrent.ThreadPoolExecutor$Worker.run(ThreadPoolExecutor.java:624)
        at java.lang.Thread.run(Thread.java:748)
"org.apache.hadoop.util.JvmPauseMonitor$Monitor@3291f4b2" daemon prio=5 tid=268 timed_waiting
java.lang.Thread.State: TIMED_WAITING
        at java.lang.Thread.sleep(Native Method)
        at org.apache.hadoop.util.JvmPauseMonitor$Monitor.run(JvmPauseMonitor.java:192)
        at java.lang.Thread.run(Thread.java:748)
"pool-152-thread-50"  prio=5 tid=861 in Object.wait()
java.lang.Thread.State: WAITING (on object monitor)
        at sun.misc.Unsafe.park(Native Method)
        at java.util.concurrent.locks.LockSupport.park(LockSupport.java:175)
        at java.util.concurrent.locks.AbstractQueuedSynchronizer$ConditionObject.await(AbstractQueuedSynchronizer.java:2039)
        at java.util.concurrent.ArrayBlockingQueue.take(ArrayBlockingQueue.java:403)
        at java.util.concurrent.ThreadPoolExecutor.getTask(ThreadPoolExecutor.java:1074)
        at java.util.concurrent.ThreadPoolExecutor.runWorker(ThreadPoolExecutor.java:1134)
        at java.util.concurrent.ThreadPoolExecutor$Worker.run(ThreadPoolExecutor.java:624)
        at java.lang.Thread.run(Thread.java:748)
"qtp197855654-137" daemon prio=5 tid=137 timed_waiting
java.lang.Thread.State: TIMED_WAITING
        at sun.misc.Unsafe.park(Native Method)
        at java.util.concurrent.locks.LockSupport.parkNanos(LockSupport.java:215)
        at java.util.concurrent.locks.AbstractQueuedSynchronizer$ConditionObject.awaitNanos(AbstractQueuedSynchronizer.java:2078)
        at org.eclipse.jetty.util.BlockingArrayQueue.poll(BlockingArrayQueue.java:392)
        at org.eclipse.jetty.util.thread.QueuedThreadPool.idleJobPoll(QueuedThreadPool.java:563)
        at org.eclipse.jetty.util.thread.QueuedThreadPool.access$800(QueuedThreadPool.java:48)
        at org.eclipse.jetty.util.thread.QueuedThreadPool$2.run(QueuedThreadPool.java:626)
        at java.lang.Thread.run(Thread.java:748)
"pool-173-thread-23"  prio=5 tid=894 in Object.wait()
java.lang.Thread.State: WAITING (on object monitor)
        at sun.misc.Unsafe.park(Native Method)
        at java.util.concurrent.locks.LockSupport.park(LockSupport.java:175)
        at java.util.concurrent.locks.AbstractQueuedSynchronizer$ConditionObject.await(AbstractQueuedSynchronizer.java:2039)
        at java.util.concurrent.ArrayBlockingQueue.take(ArrayBlockingQueue.java:403)
        at java.util.concurrent.ThreadPoolExecutor.getTask(ThreadPoolExecutor.java:1074)
        at java.util.concurrent.ThreadPoolExecutor.runWorker(ThreadPoolExecutor.java:1134)
        at java.util.concurrent.ThreadPoolExecutor$Worker.run(ThreadPoolExecutor.java:624)
        at java.lang.Thread.run(Thread.java:748)
"pool-47-thread-59"  prio=5 tid=570 in Object.wait()
java.lang.Thread.State: WAITING (on object monitor)
        at sun.misc.Unsafe.park(Native Method)
        at java.util.concurrent.locks.LockSupport.park(LockSupport.java:175)
        at java.util.concurrent.locks.AbstractQueuedSynchronizer$ConditionObject.await(AbstractQueuedSynchronizer.java:2039)
        at java.util.concurrent.ArrayBlockingQueue.take(ArrayBlockingQueue.java:403)
        at java.util.concurrent.ThreadPoolExecutor.getTask(ThreadPoolExecutor.java:1074)
        at java.util.concurrent.ThreadPoolExecutor.runWorker(ThreadPoolExecutor.java:1134)
        at java.util.concurrent.ThreadPoolExecutor$Worker.run(ThreadPoolExecutor.java:624)
        at java.lang.Thread.run(Thread.java:748)
"qtp608414678-226" daemon prio=5 tid=226 timed_waiting
java.lang.Thread.State: TIMED_WAITING
        at sun.misc.Unsafe.park(Native Method)
        at java.util.concurrent.locks.LockSupport.parkNanos(LockSupport.java:215)
        at java.util.concurrent.locks.AbstractQueuedSynchronizer$ConditionObject.awaitNanos(AbstractQueuedSynchronizer.java:2078)
        at org.eclipse.jetty.util.BlockingArrayQueue.poll(BlockingArrayQueue.java:392)
        at org.eclipse.jetty.util.thread.QueuedThreadPool.idleJobPoll(QueuedThreadPool.java:563)
        at org.eclipse.jetty.util.thread.QueuedThreadPool.access$800(QueuedThreadPool.java:48)
        at org.eclipse.jetty.util.thread.QueuedThreadPool$2.run(QueuedThreadPool.java:626)
        at java.lang.Thread.run(Thread.java:748)
"pool-215-thread-8"  prio=5 tid=999 in Object.wait()
java.lang.Thread.State: WAITING (on object monitor)
        at sun.misc.Unsafe.park(Native Method)
        at java.util.concurrent.locks.LockSupport.park(LockSupport.java:175)
        at java.util.concurrent.locks.AbstractQueuedSynchronizer$ConditionObject.await(AbstractQueuedSynchronizer.java:2039)
        at java.util.concurrent.ArrayBlockingQueue.take(ArrayBlockingQueue.java:403)
        at java.util.concurrent.ThreadPoolExecutor.getTask(ThreadPoolExecutor.java:1074)
        at java.util.concurrent.ThreadPoolExecutor.runWorker(ThreadPoolExecutor.java:1134)
        at java.util.concurrent.ThreadPoolExecutor$Worker.run(ThreadPoolExecutor.java:624)
        at java.lang.Thread.run(Thread.java:748)
"StateMachineUpdater-cd0c8ecd-7ef6-4060-bf45-94f9de670313-group-291085E99653" daemon prio=5 tid=1142 in Object.wait()
java.lang.Thread.State: WAITING (on object monitor)
        at java.lang.Object.wait(Native Method)
        at java.lang.Object.wait(Object.java:502)
        at org.apache.ratis.server.impl.StateMachineUpdater.run(StateMachineUpdater.java:138)
        at java.lang.Thread.run(Thread.java:748)
"2a700f1f-da98-49ef-9a26-03cc6c63ade6-RaftLogWorker"  prio=5 tid=1071 timed_waiting
java.lang.Thread.State: TIMED_WAITING
        at sun.misc.Unsafe.park(Native Method)
        at java.util.concurrent.locks.LockSupport.parkNanos(LockSupport.java:215)
        at java.util.concurrent.locks.AbstractQueuedSynchronizer$ConditionObject.awaitNanos(AbstractQueuedSynchronizer.java:2078)
        at org.apache.ratis.util.DataBlockingQueue.poll(DataBlockingQueue.java:137)
        at org.apache.ratis.server.storage.RaftLogWorker.run(RaftLogWorker.java:216)
        at java.lang.Thread.run(Thread.java:748)
"pool-152-thread-22"  prio=5 tid=833 in Object.wait()
java.lang.Thread.State: WAITING (on object monitor)
        at sun.misc.Unsafe.park(Native Method)
        at java.util.concurrent.locks.LockSupport.park(LockSupport.java:175)
        at java.util.concurrent.locks.AbstractQueuedSynchronizer$ConditionObject.await(AbstractQueuedSynchronizer.java:2039)
        at java.util.concurrent.ArrayBlockingQueue.take(ArrayBlockingQueue.java:403)
        at java.util.concurrent.ThreadPoolExecutor.getTask(ThreadPoolExecutor.java:1074)
        at java.util.concurrent.ThreadPoolExecutor.runWorker(ThreadPoolExecutor.java:1134)
        at java.util.concurrent.ThreadPoolExecutor$Worker.run(ThreadPoolExecutor.java:624)
        at java.lang.Thread.run(Thread.java:748)
"pool-110-thread-51"  prio=5 tid=742 in Object.wait()
java.lang.Thread.State: WAITING (on object monitor)
        at sun.misc.Unsafe.park(Native Method)
        at java.util.concurrent.locks.LockSupport.park(LockSupport.java:175)
        at java.util.concurrent.locks.AbstractQueuedSynchronizer$ConditionObject.await(AbstractQueuedSynchronizer.java:2039)
        at java.util.concurrent.ArrayBlockingQueue.take(ArrayBlockingQueue.java:403)
        at java.util.concurrent.ThreadPoolExecutor.getTask(ThreadPoolExecutor.java:1074)
        at java.util.concurrent.ThreadPoolExecutor.runWorker(ThreadPoolExecutor.java:1134)
        at java.util.concurrent.ThreadPoolExecutor$Worker.run(ThreadPoolExecutor.java:624)
        at java.lang.Thread.run(Thread.java:748)
"IPC Server handler 7 on 38877" daemon prio=5 tid=121 timed_waiting
java.lang.Thread.State: TIMED_WAITING
        at sun.misc.Unsafe.park(Native Method)
        at java.util.concurrent.locks.LockSupport.parkNanos(LockSupport.java:215)
        at java.util.concurrent.locks.AbstractQueuedSynchronizer$ConditionObject.awaitNanos(AbstractQueuedSynchronizer.java:2078)
        at java.util.concurrent.LinkedBlockingQueue.poll(LinkedBlockingQueue.java:467)
        at org.apache.hadoop.ipc.CallQueueManager.take(CallQueueManager.java:288)
        at org.apache.hadoop.ipc.Server$Handler.run(Server.java:2668)
"surefire-forkedjvm-command-thread" daemon prio=5 tid=8 runnable
java.lang.Thread.State: RUNNABLE
        at java.io.FileInputStream.readBytes(Native Method)
        at java.io.FileInputStream.read(FileInputStream.java:255)
        at java.io.BufferedInputStream.fill(BufferedInputStream.java:246)
        at java.io.BufferedInputStream.read(BufferedInputStream.java:265)
        at java.io.DataInputStream.readInt(DataInputStream.java:387)
        at org.apache.maven.surefire.booter.MasterProcessCommand.decode(MasterProcessCommand.java:115)
        at org.apache.maven.surefire.booter.CommandReader$CommandRunnable.run(CommandReader.java:390)
        at java.lang.Thread.run(Thread.java:748)
"pool-26-thread-55"  prio=5 tid=505 in Object.wait()
java.lang.Thread.State: WAITING (on object monitor)
        at sun.misc.Unsafe.park(Native Method)
        at java.util.concurrent.locks.LockSupport.park(LockSupport.java:175)
        at java.util.concurrent.locks.AbstractQueuedSynchronizer$ConditionObject.await(AbstractQueuedSynchronizer.java:2039)
        at java.util.concurrent.ArrayBlockingQueue.take(ArrayBlockingQueue.java:403)
        at java.util.concurrent.ThreadPoolExecutor.getTask(ThreadPoolExecutor.java:1074)
        at java.util.concurrent.ThreadPoolExecutor.runWorker(ThreadPoolExecutor.java:1134)
        at java.util.concurrent.ThreadPoolExecutor$Worker.run(ThreadPoolExecutor.java:624)
        at java.lang.Thread.run(Thread.java:748)
"pool-26-thread-60"  prio=5 tid=510 in Object.wait()
java.lang.Thread.State: WAITING (on object monitor)
        at sun.misc.Unsafe.park(Native Method)
        at java.util.concurrent.locks.LockSupport.park(LockSupport.java:175)
        at java.util.concurrent.locks.AbstractQueuedSynchronizer$ConditionObject.await(AbstractQueuedSynchronizer.java:2039)
        at java.util.concurrent.ArrayBlockingQueue.take(ArrayBlockingQueue.java:403)
        at java.util.concurrent.ThreadPoolExecutor.getTask(ThreadPoolExecutor.java:1074)
        at java.util.concurrent.ThreadPoolExecutor.runWorker(ThreadPoolExecutor.java:1134)
        at java.util.concurrent.ThreadPoolExecutor$Worker.run(ThreadPoolExecutor.java:624)
        at java.lang.Thread.run(Thread.java:748)
"pool-68-thread-60"  prio=5 tid=631 in Object.wait()
java.lang.Thread.State: WAITING (on object monitor)
        at sun.misc.Unsafe.park(Native Method)
        at java.util.concurrent.locks.LockSupport.park(LockSupport.java:175)
        at java.util.concurrent.locks.AbstractQueuedSynchronizer$ConditionObject.await(AbstractQueuedSynchronizer.java:2039)
        at java.util.concurrent.ArrayBlockingQueue.take(ArrayBlockingQueue.java:403)
        at java.util.concurrent.ThreadPoolExecutor.getTask(ThreadPoolExecutor.java:1074)
        at java.util.concurrent.ThreadPoolExecutor.runWorker(ThreadPoolExecutor.java:1134)
        at java.util.concurrent.ThreadPoolExecutor$Worker.run(ThreadPoolExecutor.java:624)
        at java.lang.Thread.run(Thread.java:748)
"pool-68-thread-48"  prio=5 tid=619 in Object.wait()
java.lang.Thread.State: WAITING (on object monitor)
        at sun.misc.Unsafe.park(Native Method)
        at java.util.concurrent.locks.LockSupport.park(LockSupport.java:175)
        at java.util.concurrent.locks.AbstractQueuedSynchronizer$ConditionObject.await(AbstractQueuedSynchronizer.java:2039)
        at java.util.concurrent.ArrayBlockingQueue.take(ArrayBlockingQueue.java:403)
        at java.util.concurrent.ThreadPoolExecutor.getTask(ThreadPoolExecutor.java:1074)
        at java.util.concurrent.ThreadPoolExecutor.runWorker(ThreadPoolExecutor.java:1134)
        at java.util.concurrent.ThreadPoolExecutor$Worker.run(ThreadPoolExecutor.java:624)
        at java.lang.Thread.run(Thread.java:748)
"org.eclipse.jetty.server.session.HashSessionManager@7ab63838Timer" daemon prio=5 tid=348 timed_waiting
java.lang.Thread.State: TIMED_WAITING
        at sun.misc.Unsafe.park(Native Method)
        at java.util.concurrent.locks.LockSupport.parkNanos(LockSupport.java:215)
        at java.util.concurrent.locks.AbstractQueuedSynchronizer$ConditionObject.awaitNanos(AbstractQueuedSynchronizer.java:2078)
        at java.util.concurrent.ScheduledThreadPoolExecutor$DelayedWorkQueue.take(ScheduledThreadPoolExecutor.java:1093)
        at java.util.concurrent.ScheduledThreadPoolExecutor$DelayedWorkQueue.take(ScheduledThreadPoolExecutor.java:809)
        at java.util.concurrent.ThreadPoolExecutor.getTask(ThreadPoolExecutor.java:1074)
        at java.util.concurrent.ThreadPoolExecutor.runWorker(ThreadPoolExecutor.java:1134)
        at java.util.concurrent.ThreadPoolExecutor$Worker.run(ThreadPoolExecutor.java:624)
        at java.lang.Thread.run(Thread.java:748)
"pool-215-thread-9"  prio=5 tid=1000 in Object.wait()
java.lang.Thread.State: WAITING (on object monitor)
        at sun.misc.Unsafe.park(Native Method)
        at java.util.concurrent.locks.LockSupport.park(LockSupport.java:175)
        at java.util.concurrent.locks.AbstractQueuedSynchronizer$ConditionObject.await(AbstractQueuedSynchronizer.java:2039)
        at java.util.concurrent.ArrayBlockingQueue.take(ArrayBlockingQueue.java:403)
        at java.util.concurrent.ThreadPoolExecutor.getTask(ThreadPoolExecutor.java:1074)
        at java.util.concurrent.ThreadPoolExecutor.runWorker(ThreadPoolExecutor.java:1134)
        at java.util.concurrent.ThreadPoolExecutor$Worker.run(ThreadPoolExecutor.java:624)
        at java.lang.Thread.run(Thread.java:748)
"pool-215-thread-55"  prio=5 tid=1046 in Object.wait()
java.lang.Thread.State: WAITING (on object monitor)
        at sun.misc.Unsafe.park(Native Method)
        at java.util.concurrent.locks.LockSupport.park(LockSupport.java:175)
        at java.util.concurrent.locks.AbstractQueuedSynchronizer$ConditionObject.await(AbstractQueuedSynchronizer.java:2039)
        at java.util.concurrent.ArrayBlockingQueue.take(ArrayBlockingQueue.java:403)
        at java.util.concurrent.ThreadPoolExecutor.getTask(ThreadPoolExecutor.java:1074)
        at java.util.concurrent.ThreadPoolExecutor.runWorker(ThreadPoolExecutor.java:1134)
        at java.util.concurrent.ThreadPoolExecutor$Worker.run(ThreadPoolExecutor.java:624)
        at java.lang.Thread.run(Thread.java:748)
"pool-152-thread-20"  prio=5 tid=831 in Object.wait()
java.lang.Thread.State: WAITING (on object monitor)
        at sun.misc.Unsafe.park(Native Method)
        at java.util.concurrent.locks.LockSupport.park(LockSupport.java:175)
        at java.util.concurrent.locks.AbstractQueuedSynchronizer$ConditionObject.await(AbstractQueuedSynchronizer.java:2039)
        at java.util.concurrent.ArrayBlockingQueue.take(ArrayBlockingQueue.java:403)
        at java.util.concurrent.ThreadPoolExecutor.getTask(ThreadPoolExecutor.java:1074)
        at java.util.concurrent.ThreadPoolExecutor.runWorker(ThreadPoolExecutor.java:1134)
        at java.util.concurrent.ThreadPoolExecutor$Worker.run(ThreadPoolExecutor.java:624)
        at java.lang.Thread.run(Thread.java:748)
"pool-194-thread-20"  prio=5 tid=951 in Object.wait()
java.lang.Thread.State: WAITING (on object monitor)
        at sun.misc.Unsafe.park(Native Method)
        at java.util.concurrent.locks.LockSupport.park(LockSupport.java:175)
        at java.util.concurrent.locks.AbstractQueuedSynchronizer$ConditionObject.await(AbstractQueuedSynchronizer.java:2039)
        at java.util.concurrent.ArrayBlockingQueue.take(ArrayBlockingQueue.java:403)
        at java.util.concurrent.ThreadPoolExecutor.getTask(ThreadPoolExecutor.java:1074)
        at java.util.concurrent.ThreadPoolExecutor.runWorker(ThreadPoolExecutor.java:1134)
        at java.util.concurrent.ThreadPoolExecutor$Worker.run(ThreadPoolExecutor.java:624)
        at java.lang.Thread.run(Thread.java:748)
"pool-21-thread-1"  prio=5 tid=134 timed_waiting
java.lang.Thread.State: TIMED_WAITING
        at sun.misc.Unsafe.park(Native Method)
        at java.util.concurrent.locks.LockSupport.parkNanos(LockSupport.java:215)
        at java.util.concurrent.locks.AbstractQueuedSynchronizer$ConditionObject.awaitNanos(AbstractQueuedSynchronizer.java:2078)
        at java.util.concurrent.ScheduledThreadPoolExecutor$DelayedWorkQueue.take(ScheduledThreadPoolExecutor.java:1093)
        at java.util.concurrent.ScheduledThreadPoolExecutor$DelayedWorkQueue.take(ScheduledThreadPoolExecutor.java:809)
        at java.util.concurrent.ThreadPoolExecutor.getTask(ThreadPoolExecutor.java:1074)
        at java.util.concurrent.ThreadPoolExecutor.runWorker(ThreadPoolExecutor.java:1134)
        at java.util.concurrent.ThreadPoolExecutor$Worker.run(ThreadPoolExecutor.java:624)
        at java.lang.Thread.run(Thread.java:748)
"pool-194-thread-18"  prio=5 tid=949 in Object.wait()
java.lang.Thread.State: WAITING (on object monitor)
        at sun.misc.Unsafe.park(Native Method)
        at java.util.concurrent.locks.LockSupport.park(LockSupport.java:175)
        at java.util.concurrent.locks.AbstractQueuedSynchronizer$ConditionObject.await(AbstractQueuedSynchronizer.java:2039)
        at java.util.concurrent.ArrayBlockingQueue.take(ArrayBlockingQueue.java:403)
        at java.util.concurrent.ThreadPoolExecutor.getTask(ThreadPoolExecutor.java:1074)
        at java.util.concurrent.ThreadPoolExecutor.runWorker(ThreadPoolExecutor.java:1134)
        at java.util.concurrent.ThreadPoolExecutor$Worker.run(ThreadPoolExecutor.java:624)
        at java.lang.Thread.run(Thread.java:748)
"refreshUsed-/opt/src/hadoop-ozone/integration-test/target/test-dir/MiniOzoneClusterImpl-add696fe-84ac-4b45-a2ee-012b057e1087/datanode-3/data/containers" daemon prio=5 tid=243 timed_waiting
java.lang.Thread.State: TIMED_WAITING
        at java.lang.Thread.sleep(Native Method)
        at org.apache.hadoop.fs.CachingGetSpaceUsed$RefreshThread.run(CachingGetSpaceUsed.java:179)
        at java.lang.Thread.run(Thread.java:748)
"pool-131-thread-9"  prio=5 tid=760 in Object.wait()
java.lang.Thread.State: WAITING (on object monitor)
        at sun.misc.Unsafe.park(Native Method)
        at java.util.concurrent.locks.LockSupport.park(LockSupport.java:175)
        at java.util.concurrent.locks.AbstractQueuedSynchronizer$ConditionObject.await(AbstractQueuedSynchronizer.java:2039)
        at java.util.concurrent.ArrayBlockingQueue.take(ArrayBlockingQueue.java:403)
        at java.util.concurrent.ThreadPoolExecutor.getTask(ThreadPoolExecutor.java:1074)
        at java.util.concurrent.ThreadPoolExecutor.runWorker(ThreadPoolExecutor.java:1134)
        at java.util.concurrent.ThreadPoolExecutor$Worker.run(ThreadPoolExecutor.java:624)
        at java.lang.Thread.run(Thread.java:748)
"Datanode ReportManager Thread - 2" daemon prio=5 tid=206 timed_waiting
java.lang.Thread.State: TIMED_WAITING
        at sun.misc.Unsafe.park(Native Method)
        at java.util.concurrent.locks.LockSupport.parkNanos(LockSupport.java:215)
        at java.util.concurrent.locks.AbstractQueuedSynchronizer$ConditionObject.awaitNanos(AbstractQueuedSynchronizer.java:2078)
        at java.util.concurrent.ScheduledThreadPoolExecutor$DelayedWorkQueue.take(ScheduledThreadPoolExecutor.java:1093)
        at java.util.concurrent.ScheduledThreadPoolExecutor$DelayedWorkQueue.take(ScheduledThreadPoolExecutor.java:809)
        at java.util.concurrent.ThreadPoolExecutor.getTask(ThreadPoolExecutor.java:1074)
        at java.util.concurrent.ThreadPoolExecutor.runWorker(ThreadPoolExecutor.java:1134)
        at java.util.concurrent.ThreadPoolExecutor$Worker.run(ThreadPoolExecutor.java:624)
        at java.lang.Thread.run(Thread.java:748)
"IPC Server handler 12 on 46447" daemon prio=5 tid=62 timed_waiting
java.lang.Thread.State: TIMED_WAITING
        at sun.misc.Unsafe.park(Native Method)
        at java.util.concurrent.locks.LockSupport.parkNanos(LockSupport.java:215)
        at java.util.concurrent.locks.AbstractQueuedSynchronizer$ConditionObject.awaitNanos(AbstractQueuedSynchronizer.java:2078)
        at java.util.concurrent.LinkedBlockingQueue.poll(LinkedBlockingQueue.java:467)
        at org.apache.hadoop.ipc.CallQueueManager.take(CallQueueManager.java:288)
        at org.apache.hadoop.ipc.Server$Handler.run(Server.java:2668)
"Periodic HDDS volume checker"  prio=5 tid=241 timed_waiting
java.lang.Thread.State: TIMED_WAITING
        at sun.misc.Unsafe.park(Native Method)
        at java.util.concurrent.locks.LockSupport.parkNanos(LockSupport.java:215)
        at java.util.concurrent.locks.AbstractQueuedSynchronizer$ConditionObject.awaitNanos(AbstractQueuedSynchronizer.java:2078)
        at java.util.concurrent.ScheduledThreadPoolExecutor$DelayedWorkQueue.take(ScheduledThreadPoolExecutor.java:1093)
        at java.util.concurrent.ScheduledThreadPoolExecutor$DelayedWorkQueue.take(ScheduledThreadPoolExecutor.java:809)
        at java.util.concurrent.ThreadPoolExecutor.getTask(ThreadPoolExecutor.java:1074)
        at java.util.concurrent.ThreadPoolExecutor.runWorker(ThreadPoolExecutor.java:1134)
        at java.util.concurrent.ThreadPoolExecutor$Worker.run(ThreadPoolExecutor.java:624)
        at java.lang.Thread.run(Thread.java:748)
"IPC Server handler 18 on 33423" daemon prio=5 tid=48 timed_waiting
java.lang.Thread.State: TIMED_WAITING
        at sun.misc.Unsafe.park(Native Method)
        at java.util.concurrent.locks.LockSupport.parkNanos(LockSupport.java:215)
        at java.util.concurrent.locks.AbstractQueuedSynchronizer$ConditionObject.awaitNanos(AbstractQueuedSynchronizer.java:2078)
        at java.util.concurrent.LinkedBlockingQueue.poll(LinkedBlockingQueue.java:467)
        at org.apache.hadoop.ipc.CallQueueManager.take(CallQueueManager.java:288)
        at org.apache.hadoop.ipc.Server$Handler.run(Server.java:2668)
"qtp628402659-194" daemon prio=5 tid=194 timed_waiting
java.lang.Thread.State: TIMED_WAITING
        at sun.misc.Unsafe.park(Native Method)
        at java.util.concurrent.locks.LockSupport.parkNanos(LockSupport.java:215)
        at java.util.concurrent.locks.AbstractQueuedSynchronizer$ConditionObject.awaitNanos(AbstractQueuedSynchronizer.java:2078)
        at org.eclipse.jetty.util.BlockingArrayQueue.poll(BlockingArrayQueue.java:392)
        at org.eclipse.jetty.util.thread.QueuedThreadPool.idleJobPoll(QueuedThreadPool.java:563)
        at org.eclipse.jetty.util.thread.QueuedThreadPool.access$800(QueuedThreadPool.java:48)
        at org.eclipse.jetty.util.thread.QueuedThreadPool$2.run(QueuedThreadPool.java:626)
        at java.lang.Thread.run(Thread.java:748)
"pool-152-thread-37"  prio=5 tid=848 in Object.wait()
java.lang.Thread.State: WAITING (on object monitor)
        at sun.misc.Unsafe.park(Native Method)
        at java.util.concurrent.locks.LockSupport.park(LockSupport.java:175)
        at java.util.concurrent.locks.AbstractQueuedSynchronizer$ConditionObject.await(AbstractQueuedSynchronizer.java:2039)
        at java.util.concurrent.ArrayBlockingQueue.take(ArrayBlockingQueue.java:403)
        at java.util.concurrent.ThreadPoolExecutor.getTask(ThreadPoolExecutor.java:1074)
        at java.util.concurrent.ThreadPoolExecutor.runWorker(ThreadPoolExecutor.java:1134)
        at java.util.concurrent.ThreadPoolExecutor$Worker.run(ThreadPoolExecutor.java:624)
        at java.lang.Thread.run(Thread.java:748)
"Datanode State Machine Thread - 0" daemon prio=5 tid=262 timed_waiting
java.lang.Thread.State: TIMED_WAITING
        at java.lang.Thread.sleep(Native Method)
        at org.apache.hadoop.ozone.container.common.statemachine.DatanodeStateMachine.start(DatanodeStateMachine.java:191)
        at org.apache.hadoop.ozone.container.common.statemachine.DatanodeStateMachine.lambda$startDaemon$0(DatanodeStateMachine.java:349)
        at org.apache.hadoop.ozone.container.common.statemachine.DatanodeStateMachine$$Lambda$139/1610803524.run(Unknown Source)
        at java.lang.Thread.run(Thread.java:748)
"IPC Server handler 13 on 33779" daemon prio=5 tid=83 timed_waiting
java.lang.Thread.State: TIMED_WAITING
        at sun.misc.Unsafe.park(Native Method)
        at java.util.concurrent.locks.LockSupport.parkNanos(LockSupport.java:215)
        at java.util.concurrent.locks.AbstractQueuedSynchronizer$ConditionObject.awaitNanos(AbstractQueuedSynchronizer.java:2078)
        at java.util.concurrent.LinkedBlockingQueue.poll(LinkedBlockingQueue.java:467)
        at org.apache.hadoop.ipc.CallQueueManager.take(CallQueueManager.java:288)
        at org.apache.hadoop.ipc.Server$Handler.run(Server.java:2668)
"pool-89-thread-53"  prio=5 tid=684 in Object.wait()
java.lang.Thread.State: WAITING (on object monitor)
        at sun.misc.Unsafe.park(Native Method)
        at java.util.concurrent.locks.LockSupport.park(LockSupport.java:175)
        at java.util.concurrent.locks.AbstractQueuedSynchronizer$ConditionObject.await(AbstractQueuedSynchronizer.java:2039)
        at java.util.concurrent.ArrayBlockingQueue.take(ArrayBlockingQueue.java:403)
        at java.util.concurrent.ThreadPoolExecutor.getTask(ThreadPoolExecutor.java:1074)
        at java.util.concurrent.ThreadPoolExecutor.runWorker(ThreadPoolExecutor.java:1134)
        at java.util.concurrent.ThreadPoolExecutor$Worker.run(ThreadPoolExecutor.java:624)
        at java.lang.Thread.run(Thread.java:748)
"pool-68-thread-40"  prio=5 tid=611 in Object.wait()
java.lang.Thread.State: WAITING (on object monitor)
        at sun.misc.Unsafe.park(Native Method)
        at java.util.concurrent.locks.LockSupport.park(LockSupport.java:175)
        at java.util.concurrent.locks.AbstractQueuedSynchronizer$ConditionObject.await(AbstractQueuedSynchronizer.java:2039)
        at java.util.concurrent.ArrayBlockingQueue.take(ArrayBlockingQueue.java:403)
        at java.util.concurrent.ThreadPoolExecutor.getTask(ThreadPoolExecutor.java:1074)
        at java.util.concurrent.ThreadPoolExecutor.runWorker(ThreadPoolExecutor.java:1134)
        at java.util.concurrent.ThreadPoolExecutor$Worker.run(ThreadPoolExecutor.java:624)
        at java.lang.Thread.run(Thread.java:748)
"pool-47-thread-5"  prio=5 tid=516 in Object.wait()
java.lang.Thread.State: WAITING (on object monitor)
        at sun.misc.Unsafe.park(Native Method)
        at java.util.concurrent.locks.LockSupport.park(LockSupport.java:175)
        at java.util.concurrent.locks.AbstractQueuedSynchronizer$ConditionObject.await(AbstractQueuedSynchronizer.java:2039)
        at java.util.concurrent.ArrayBlockingQueue.take(ArrayBlockingQueue.java:403)
        at java.util.concurrent.ThreadPoolExecutor.getTask(ThreadPoolExecutor.java:1074)
        at java.util.concurrent.ThreadPoolExecutor.runWorker(ThreadPoolExecutor.java:1134)
        at java.util.concurrent.ThreadPoolExecutor$Worker.run(ThreadPoolExecutor.java:624)
        at java.lang.Thread.run(Thread.java:748)
"BlockDeletingService#2" daemon prio=5 tid=1854 in Object.wait()
java.lang.Thread.State: WAITING (on object monitor)
        at sun.misc.Unsafe.park(Native Method)
        at java.util.concurrent.locks.LockSupport.park(LockSupport.java:175)
        at java.util.concurrent.locks.AbstractQueuedSynchronizer$ConditionObject.await(AbstractQueuedSynchronizer.java:2039)
        at java.util.concurrent.ScheduledThreadPoolExecutor$DelayedWorkQueue.take(ScheduledThreadPoolExecutor.java:1088)
        at java.util.concurrent.ScheduledThreadPoolExecutor$DelayedWorkQueue.take(ScheduledThreadPoolExecutor.java:809)
        at java.util.concurrent.ThreadPoolExecutor.getTask(ThreadPoolExecutor.java:1074)
        at java.util.concurrent.ThreadPoolExecutor.runWorker(ThreadPoolExecutor.java:1134)
        at java.util.concurrent.ThreadPoolExecutor$Worker.run(ThreadPoolExecutor.java:624)
        at java.lang.Thread.run(Thread.java:748)
"pool-62-thread-1"  prio=5 tid=189 timed_waiting
java.lang.Thread.State: TIMED_WAITING
        at sun.misc.Unsafe.park(Native Method)
        at java.util.concurrent.locks.LockSupport.parkNanos(LockSupport.java:215)
        at java.util.concurrent.locks.AbstractQueuedSynchronizer$ConditionObject.awaitNanos(AbstractQueuedSynchronizer.java:2078)
        at java.util.concurrent.ScheduledThreadPoolExecutor$DelayedWorkQueue.take(ScheduledThreadPoolExecutor.java:1093)
        at java.util.concurrent.ScheduledThreadPoolExecutor$DelayedWorkQueue.take(ScheduledThreadPoolExecutor.java:809)
        at java.util.concurrent.ThreadPoolExecutor.getTask(ThreadPoolExecutor.java:1074)
        at java.util.concurrent.ThreadPoolExecutor.runWorker(ThreadPoolExecutor.java:1134)
        at java.util.concurrent.ThreadPoolExecutor$Worker.run(ThreadPoolExecutor.java:624)
        at java.lang.Thread.run(Thread.java:748)
"pool-47-thread-31"  prio=5 tid=542 in Object.wait()
java.lang.Thread.State: WAITING (on object monitor)
        at sun.misc.Unsafe.park(Native Method)
        at java.util.concurrent.locks.LockSupport.park(LockSupport.java:175)
        at java.util.concurrent.locks.AbstractQueuedSynchronizer$ConditionObject.await(AbstractQueuedSynchronizer.java:2039)
        at java.util.concurrent.ArrayBlockingQueue.take(ArrayBlockingQueue.java:403)
        at java.util.concurrent.ThreadPoolExecutor.getTask(ThreadPoolExecutor.java:1074)
        at java.util.concurrent.ThreadPoolExecutor.runWorker(ThreadPoolExecutor.java:1134)
        at java.util.concurrent.ThreadPoolExecutor$Worker.run(ThreadPoolExecutor.java:624)
        at java.lang.Thread.run(Thread.java:748)
"StateMachineUpdater-22b2fce2-e0c4-4bfe-a1ac-a7ae08b7b321-group-D0CDC4E413F4" daemon prio=5 tid=1137 in Object.wait()
java.lang.Thread.State: WAITING (on object monitor)
        at java.lang.Object.wait(Native Method)
        at java.lang.Object.wait(Object.java:502)
        at org.apache.ratis.server.impl.StateMachineUpdater.run(StateMachineUpdater.java:138)
        at java.lang.Thread.run(Thread.java:748)
"pool-89-thread-9"  prio=5 tid=640 in Object.wait()
java.lang.Thread.State: WAITING (on object monitor)
        at sun.misc.Unsafe.park(Native Method)
        at java.util.concurrent.locks.LockSupport.park(LockSupport.java:175)
        at java.util.concurrent.locks.AbstractQueuedSynchronizer$ConditionObject.await(AbstractQueuedSynchronizer.java:2039)
        at java.util.concurrent.ArrayBlockingQueue.take(ArrayBlockingQueue.java:403)
        at java.util.concurrent.ThreadPoolExecutor.getTask(ThreadPoolExecutor.java:1074)
        at java.util.concurrent.ThreadPoolExecutor.runWorker(ThreadPoolExecutor.java:1134)
        at java.util.concurrent.ThreadPoolExecutor$Worker.run(ThreadPoolExecutor.java:624)
        at java.lang.Thread.run(Thread.java:748)
"pool-47-thread-48"  prio=5 tid=559 in Object.wait()
java.lang.Thread.State: WAITING (on object monitor)
        at sun.misc.Unsafe.park(Native Method)
        at java.util.concurrent.locks.LockSupport.park(LockSupport.java:175)
        at java.util.concurrent.locks.AbstractQueuedSynchronizer$ConditionObject.await(AbstractQueuedSynchronizer.java:2039)
        at java.util.concurrent.ArrayBlockingQueue.take(ArrayBlockingQueue.java:403)
        at java.util.concurrent.ThreadPoolExecutor.getTask(ThreadPoolExecutor.java:1074)
        at java.util.concurrent.ThreadPoolExecutor.runWorker(ThreadPoolExecutor.java:1134)
        at java.util.concurrent.ThreadPoolExecutor$Worker.run(ThreadPoolExecutor.java:624)
        at java.lang.Thread.run(Thread.java:748)
"pool-131-thread-11"  prio=5 tid=762 in Object.wait()
java.lang.Thread.State: WAITING (on object monitor)
        at sun.misc.Unsafe.park(Native Method)
        at java.util.concurrent.locks.LockSupport.park(LockSupport.java:175)
        at java.util.concurrent.locks.AbstractQueuedSynchronizer$ConditionObject.await(AbstractQueuedSynchronizer.java:2039)
        at java.util.concurrent.ArrayBlockingQueue.take(ArrayBlockingQueue.java:403)
        at java.util.concurrent.ThreadPoolExecutor.getTask(ThreadPoolExecutor.java:1074)
        at java.util.concurrent.ThreadPoolExecutor.runWorker(ThreadPoolExecutor.java:1134)
        at java.util.concurrent.ThreadPoolExecutor$Worker.run(ThreadPoolExecutor.java:624)
        at java.lang.Thread.run(Thread.java:748)
"IPC Server handler 8 on 38877" daemon prio=5 tid=122 timed_waiting
java.lang.Thread.State: TIMED_WAITING
        at sun.misc.Unsafe.park(Native Method)
        at java.util.concurrent.locks.LockSupport.parkNanos(LockSupport.java:215)
        at java.util.concurrent.locks.AbstractQueuedSynchronizer$ConditionObject.awaitNanos(AbstractQueuedSynchronizer.java:2078)
        at java.util.concurrent.LinkedBlockingQueue.poll(LinkedBlockingQueue.java:467)
        at org.apache.hadoop.ipc.CallQueueManager.take(CallQueueManager.java:288)
        at org.apache.hadoop.ipc.Server$Handler.run(Server.java:2668)
"IPC Server handler 5 on 33423" daemon prio=5 tid=35 timed_waiting
java.lang.Thread.State: TIMED_WAITING
        at sun.misc.Unsafe.park(Native Method)
        at java.util.concurrent.locks.LockSupport.parkNanos(LockSupport.java:215)
        at java.util.concurrent.locks.AbstractQueuedSynchronizer$ConditionObject.awaitNanos(AbstractQueuedSynchronizer.java:2078)
        at java.util.concurrent.LinkedBlockingQueue.poll(LinkedBlockingQueue.java:467)
        at org.apache.hadoop.ipc.CallQueueManager.take(CallQueueManager.java:288)
        at org.apache.hadoop.ipc.Server$Handler.run(Server.java:2668)
"bcfd8b62-ac69-42ca-b586-3bf2b9944505-RaftLogWorker"  prio=5 tid=1089 timed_waiting
java.lang.Thread.State: TIMED_WAITING
        at sun.misc.Unsafe.park(Native Method)
        at java.util.concurrent.locks.LockSupport.parkNanos(LockSupport.java:215)
        at java.util.concurrent.locks.AbstractQueuedSynchronizer$ConditionObject.awaitNanos(AbstractQueuedSynchronizer.java:2078)
        at org.apache.ratis.util.DataBlockingQueue.poll(DataBlockingQueue.java:137)
        at org.apache.ratis.server.storage.RaftLogWorker.run(RaftLogWorker.java:216)
        at java.lang.Thread.run(Thread.java:748)
"pool-110-thread-49"  prio=5 tid=740 in Object.wait()
java.lang.Thread.State: WAITING (on object monitor)
        at sun.misc.Unsafe.park(Native Method)
        at java.util.concurrent.locks.LockSupport.park(LockSupport.java:175)
        at java.util.concurrent.locks.AbstractQueuedSynchronizer$ConditionObject.await(AbstractQueuedSynchronizer.java:2039)
        at java.util.concurrent.ArrayBlockingQueue.take(ArrayBlockingQueue.java:403)
        at java.util.concurrent.ThreadPoolExecutor.getTask(ThreadPoolExecutor.java:1074)
        at java.util.concurrent.ThreadPoolExecutor.runWorker(ThreadPoolExecutor.java:1134)
        at java.util.concurrent.ThreadPoolExecutor$Worker.run(ThreadPoolExecutor.java:624)
        at java.lang.Thread.run(Thread.java:748)
"pool-215-thread-58"  prio=5 tid=1049 in Object.wait()
java.lang.Thread.State: WAITING (on object monitor)
        at sun.misc.Unsafe.park(Native Method)
        at java.util.concurrent.locks.LockSupport.park(LockSupport.java:175)
        at java.util.concurrent.locks.AbstractQueuedSynchronizer$ConditionObject.await(AbstractQueuedSynchronizer.java:2039)
        at java.util.concurrent.ArrayBlockingQueue.take(ArrayBlockingQueue.java:403)
        at java.util.concurrent.ThreadPoolExecutor.getTask(ThreadPoolExecutor.java:1074)
        at java.util.concurrent.ThreadPoolExecutor.runWorker(ThreadPoolExecutor.java:1134)
        at java.util.concurrent.ThreadPoolExecutor$Worker.run(ThreadPoolExecutor.java:624)
        at java.lang.Thread.run(Thread.java:748)
"pool-26-thread-32"  prio=5 tid=482 in Object.wait()
java.lang.Thread.State: WAITING (on object monitor)
        at sun.misc.Unsafe.park(Native Method)
        at java.util.concurrent.locks.LockSupport.park(LockSupport.java:175)
        at java.util.concurrent.locks.AbstractQueuedSynchronizer$ConditionObject.await(AbstractQueuedSynchronizer.java:2039)
        at java.util.concurrent.ArrayBlockingQueue.take(ArrayBlockingQueue.java:403)
        at java.util.concurrent.ThreadPoolExecutor.getTask(ThreadPoolExecutor.java:1074)
        at java.util.concurrent.ThreadPoolExecutor.runWorker(ThreadPoolExecutor.java:1134)
        at java.util.concurrent.ThreadPoolExecutor$Worker.run(ThreadPoolExecutor.java:624)
        at java.lang.Thread.run(Thread.java:748)
"pool-194-thread-58"  prio=5 tid=989 in Object.wait()
java.lang.Thread.State: WAITING (on object monitor)
        at sun.misc.Unsafe.park(Native Method)
        at java.util.concurrent.locks.LockSupport.park(LockSupport.java:175)
        at java.util.concurrent.locks.AbstractQueuedSynchronizer$ConditionObject.await(AbstractQueuedSynchronizer.java:2039)
        at java.util.concurrent.ArrayBlockingQueue.take(ArrayBlockingQueue.java:403)
        at java.util.concurrent.ThreadPoolExecutor.getTask(ThreadPoolExecutor.java:1074)
        at java.util.concurrent.ThreadPoolExecutor.runWorker(ThreadPoolExecutor.java:1134)
        at java.util.concurrent.ThreadPoolExecutor$Worker.run(ThreadPoolExecutor.java:624)
        at java.lang.Thread.run(Thread.java:748)
"pool-89-thread-18"  prio=5 tid=649 in Object.wait()
java.lang.Thread.State: WAITING (on object monitor)
        at sun.misc.Unsafe.park(Native Method)
        at java.util.concurrent.locks.LockSupport.park(LockSupport.java:175)
        at java.util.concurrent.locks.AbstractQueuedSynchronizer$ConditionObject.await(AbstractQueuedSynchronizer.java:2039)
        at java.util.concurrent.ArrayBlockingQueue.take(ArrayBlockingQueue.java:403)
        at java.util.concurrent.ThreadPoolExecutor.getTask(ThreadPoolExecutor.java:1074)
        at java.util.concurrent.ThreadPoolExecutor.runWorker(ThreadPoolExecutor.java:1134)
        at java.util.concurrent.ThreadPoolExecutor$Worker.run(ThreadPoolExecutor.java:624)
        at java.lang.Thread.run(Thread.java:748)
"pool-37-thread-1"  prio=5 tid=1064 in Object.wait()
java.lang.Thread.State: WAITING (on object monitor)
        at sun.misc.Unsafe.park(Native Method)
        at java.util.concurrent.locks.LockSupport.park(LockSupport.java:175)
        at java.util.concurrent.locks.AbstractQueuedSynchronizer$ConditionObject.await(AbstractQueuedSynchronizer.java:2039)
        at java.util.concurrent.LinkedBlockingQueue.take(LinkedBlockingQueue.java:442)
        at java.util.concurrent.ThreadPoolExecutor.getTask(ThreadPoolExecutor.java:1074)
        at java.util.concurrent.ThreadPoolExecutor.runWorker(ThreadPoolExecutor.java:1134)
        at java.util.concurrent.ThreadPoolExecutor$Worker.run(ThreadPoolExecutor.java:624)
        at java.lang.Thread.run(Thread.java:748)
"pool-110-thread-16"  prio=5 tid=707 in Object.wait()
java.lang.Thread.State: WAITING (on object monitor)
        at sun.misc.Unsafe.park(Native Method)
        at java.util.concurrent.locks.LockSupport.park(LockSupport.java:175)
        at java.util.concurrent.locks.AbstractQueuedSynchronizer$ConditionObject.await(AbstractQueuedSynchronizer.java:2039)
        at java.util.concurrent.ArrayBlockingQueue.take(ArrayBlockingQueue.java:403)
        at java.util.concurrent.ThreadPoolExecutor.getTask(ThreadPoolExecutor.java:1074)
        at java.util.concurrent.ThreadPoolExecutor.runWorker(ThreadPoolExecutor.java:1134)
        at java.util.concurrent.ThreadPoolExecutor$Worker.run(ThreadPoolExecutor.java:624)
        at java.lang.Thread.run(Thread.java:748)
"qtp644718663-432" daemon prio=5 tid=432 timed_waiting
java.lang.Thread.State: TIMED_WAITING
        at sun.misc.Unsafe.park(Native Method)
        at java.util.concurrent.locks.LockSupport.parkNanos(LockSupport.java:215)
        at java.util.concurrent.locks.AbstractQueuedSynchronizer$ConditionObject.awaitNanos(AbstractQueuedSynchronizer.java:2078)
        at org.eclipse.jetty.util.BlockingArrayQueue.poll(BlockingArrayQueue.java:392)
        at org.eclipse.jetty.util.thread.QueuedThreadPool.idleJobPoll(QueuedThreadPool.java:563)
        at org.eclipse.jetty.util.thread.QueuedThreadPool.access$800(QueuedThreadPool.java:48)
        at org.eclipse.jetty.util.thread.QueuedThreadPool$2.run(QueuedThreadPool.java:626)
        at java.lang.Thread.run(Thread.java:748)
"pool-68-thread-42"  prio=5 tid=613 in Object.wait()
java.lang.Thread.State: WAITING (on object monitor)
        at sun.misc.Unsafe.park(Native Method)
        at java.util.concurrent.locks.LockSupport.park(LockSupport.java:175)
        at java.util.concurrent.locks.AbstractQueuedSynchronizer$ConditionObject.await(AbstractQueuedSynchronizer.java:2039)
        at java.util.concurrent.ArrayBlockingQueue.take(ArrayBlockingQueue.java:403)
        at java.util.concurrent.ThreadPoolExecutor.getTask(ThreadPoolExecutor.java:1074)
        at java.util.concurrent.ThreadPoolExecutor.runWorker(ThreadPoolExecutor.java:1134)
        at java.util.concurrent.ThreadPoolExecutor$Worker.run(ThreadPoolExecutor.java:624)
        at java.lang.Thread.run(Thread.java:748)
"java.util.concurrent.ThreadPoolExecutor$Worker@2f37b96a[State = -1, empty queue]" daemon prio=5 tid=1212 timed_waiting
java.lang.Thread.State: TIMED_WAITING
        at sun.misc.Unsafe.park(Native Method)
        at java.util.concurrent.locks.LockSupport.parkNanos(LockSupport.java:215)
        at java.util.concurrent.locks.AbstractQueuedSynchronizer$ConditionObject.awaitNanos(AbstractQueuedSynchronizer.java:2078)
        at java.util.concurrent.ScheduledThreadPoolExecutor$DelayedWorkQueue.take(ScheduledThreadPoolExecutor.java:1093)
        at java.util.concurrent.ScheduledThreadPoolExecutor$DelayedWorkQueue.take(ScheduledThreadPoolExecutor.java:809)
        at java.util.concurrent.ThreadPoolExecutor.getTask(ThreadPoolExecutor.java:1074)
        at java.util.concurrent.ThreadPoolExecutor.runWorker(ThreadPoolExecutor.java:1134)
        at java.util.concurrent.ThreadPoolExecutor$Worker.run(ThreadPoolExecutor.java:624)
        at java.lang.Thread.run(Thread.java:748)
"Datanode ReportManager Thread - 0" daemon prio=5 tid=353 in Object.wait()
java.lang.Thread.State: WAITING (on object monitor)
        at sun.misc.Unsafe.park(Native Method)
        at java.util.concurrent.locks.LockSupport.park(LockSupport.java:175)
        at java.util.concurrent.locks.AbstractQueuedSynchronizer$ConditionObject.await(AbstractQueuedSynchronizer.java:2039)
        at java.util.concurrent.ScheduledThreadPoolExecutor$DelayedWorkQueue.take(ScheduledThreadPoolExecutor.java:1088)
        at java.util.concurrent.ScheduledThreadPoolExecutor$DelayedWorkQueue.take(ScheduledThreadPoolExecutor.java:809)
        at java.util.concurrent.ThreadPoolExecutor.getTask(ThreadPoolExecutor.java:1074)
        at java.util.concurrent.ThreadPoolExecutor.runWorker(ThreadPoolExecutor.java:1134)
        at java.util.concurrent.ThreadPoolExecutor$Worker.run(ThreadPoolExecutor.java:624)
        at java.lang.Thread.run(Thread.java:748)
"pool-47-thread-27"  prio=5 tid=538 in Object.wait()
java.lang.Thread.State: WAITING (on object monitor)
        at sun.misc.Unsafe.park(Native Method)
        at java.util.concurrent.locks.LockSupport.park(LockSupport.java:175)
        at java.util.concurrent.locks.AbstractQueuedSynchronizer$ConditionObject.await(AbstractQueuedSynchronizer.java:2039)
        at java.util.concurrent.ArrayBlockingQueue.take(ArrayBlockingQueue.java:403)
        at java.util.concurrent.ThreadPoolExecutor.getTask(ThreadPoolExecutor.java:1074)
        at java.util.concurrent.ThreadPoolExecutor.runWorker(ThreadPoolExecutor.java:1134)
        at java.util.concurrent.ThreadPoolExecutor$Worker.run(ThreadPoolExecutor.java:624)
        at java.lang.Thread.run(Thread.java:748)
"qtp644718663-431-acceptor-0@83b6bb2-ServerConnector@191f4d65{HTTP/1.1,[http/1.1]}{0.0.0.0:36339}" daemon prio=3 tid=431 runnable
java.lang.Thread.State: RUNNABLE
        at sun.nio.ch.ServerSocketChannelImpl.accept0(Native Method)
        at sun.nio.ch.ServerSocketChannelImpl.accept(ServerSocketChannelImpl.java:422)
        at sun.nio.ch.ServerSocketChannelImpl.accept(ServerSocketChannelImpl.java:250)
        at org.eclipse.jetty.server.ServerConnector.accept(ServerConnector.java:397)
        at org.eclipse.jetty.server.AbstractConnector$Acceptor.run(AbstractConnector.java:601)
        at org.eclipse.jetty.util.thread.QueuedThreadPool.runJob(QueuedThreadPool.java:671)
        at org.eclipse.jetty.util.thread.QueuedThreadPool$2.run(QueuedThreadPool.java:589)
        at java.lang.Thread.run(Thread.java:748)
"pool-131-thread-22"  prio=5 tid=773 in Object.wait()
java.lang.Thread.State: WAITING (on object monitor)
        at sun.misc.Unsafe.park(Native Method)
        at java.util.concurrent.locks.LockSupport.park(LockSupport.java:175)
        at java.util.concurrent.locks.AbstractQueuedSynchronizer$ConditionObject.await(AbstractQueuedSynchronizer.java:2039)
        at java.util.concurrent.ArrayBlockingQueue.take(ArrayBlockingQueue.java:403)
        at java.util.concurrent.ThreadPoolExecutor.getTask(ThreadPoolExecutor.java:1074)
        at java.util.concurrent.ThreadPoolExecutor.runWorker(ThreadPoolExecutor.java:1134)
        at java.util.concurrent.ThreadPoolExecutor$Worker.run(ThreadPoolExecutor.java:624)
        at java.lang.Thread.run(Thread.java:748)
"qtp391333725-373" daemon prio=5 tid=373 timed_waiting
java.lang.Thread.State: TIMED_WAITING
        at sun.misc.Unsafe.park(Native Method)
        at java.util.concurrent.locks.LockSupport.parkNanos(LockSupport.java:215)
        at java.util.concurrent.locks.AbstractQueuedSynchronizer$ConditionObject.awaitNanos(AbstractQueuedSynchronizer.java:2078)
        at org.eclipse.jetty.util.BlockingArrayQueue.poll(BlockingArrayQueue.java:392)
        at org.eclipse.jetty.util.thread.QueuedThreadPool.idleJobPoll(QueuedThreadPool.java:563)
        at org.eclipse.jetty.util.thread.QueuedThreadPool.access$800(QueuedThreadPool.java:48)
        at org.eclipse.jetty.util.thread.QueuedThreadPool$2.run(QueuedThreadPool.java:626)
        at java.lang.Thread.run(Thread.java:748)
"org.apache.hadoop.util.JvmPauseMonitor$Monitor@6db2703" daemon prio=5 tid=300 timed_waiting
java.lang.Thread.State: TIMED_WAITING
        at java.lang.Thread.sleep(Native Method)
        at org.apache.hadoop.util.JvmPauseMonitor$Monitor.run(JvmPauseMonitor.java:192)
        at java.lang.Thread.run(Thread.java:748)
"pool-131-thread-38"  prio=5 tid=789 in Object.wait()
java.lang.Thread.State: WAITING (on object monitor)
        at sun.misc.Unsafe.park(Native Method)
        at java.util.concurrent.locks.LockSupport.park(LockSupport.java:175)
        at java.util.concurrent.locks.AbstractQueuedSynchronizer$ConditionObject.await(AbstractQueuedSynchronizer.java:2039)
        at java.util.concurrent.ArrayBlockingQueue.take(ArrayBlockingQueue.java:403)
        at java.util.concurrent.ThreadPoolExecutor.getTask(ThreadPoolExecutor.java:1074)
        at java.util.concurrent.ThreadPoolExecutor.runWorker(ThreadPoolExecutor.java:1134)
        at java.util.concurrent.ThreadPoolExecutor$Worker.run(ThreadPoolExecutor.java:624)
        at java.lang.Thread.run(Thread.java:748)
"qtp391333725-372" daemon prio=5 tid=372 timed_waiting
java.lang.Thread.State: TIMED_WAITING
        at sun.misc.Unsafe.park(Native Method)
        at java.util.concurrent.locks.LockSupport.parkNanos(LockSupport.java:215)
        at java.util.concurrent.locks.AbstractQueuedSynchronizer$ConditionObject.awaitNanos(AbstractQueuedSynchronizer.java:2078)
        at org.eclipse.jetty.util.BlockingArrayQueue.poll(BlockingArrayQueue.java:392)
        at org.eclipse.jetty.util.thread.QueuedThreadPool.idleJobPoll(QueuedThreadPool.java:563)
        at org.eclipse.jetty.util.thread.QueuedThreadPool.access$800(QueuedThreadPool.java:48)
        at org.eclipse.jetty.util.thread.QueuedThreadPool$2.run(QueuedThreadPool.java:626)
        at java.lang.Thread.run(Thread.java:748)
"pool-173-thread-24"  prio=5 tid=895 in Object.wait()
java.lang.Thread.State: WAITING (on object monitor)
        at sun.misc.Unsafe.park(Native Method)
        at java.util.concurrent.locks.LockSupport.park(LockSupport.java:175)
        at java.util.concurrent.locks.AbstractQueuedSynchronizer$ConditionObject.await(AbstractQueuedSynchronizer.java:2039)
        at java.util.concurrent.ArrayBlockingQueue.take(ArrayBlockingQueue.java:403)
        at java.util.concurrent.ThreadPoolExecutor.getTask(ThreadPoolExecutor.java:1074)
        at java.util.concurrent.ThreadPoolExecutor.runWorker(ThreadPoolExecutor.java:1134)
        at java.util.concurrent.ThreadPoolExecutor$Worker.run(ThreadPoolExecutor.java:624)
        at java.lang.Thread.run(Thread.java:748)
"qtp628402659-191-acceptor-0@54d1dbf9-ServerConnector@5a162f13{HTTP/1.1,[http/1.1]}{0.0.0.0:37165}" daemon prio=3 tid=191 runnable
java.lang.Thread.State: RUNNABLE
        at sun.nio.ch.ServerSocketChannelImpl.accept0(Native Method)
        at sun.nio.ch.ServerSocketChannelImpl.accept(ServerSocketChannelImpl.java:422)
        at sun.nio.ch.ServerSocketChannelImpl.accept(ServerSocketChannelImpl.java:250)
        at org.eclipse.jetty.server.ServerConnector.accept(ServerConnector.java:397)
        at org.eclipse.jetty.server.AbstractConnector$Acceptor.run(AbstractConnector.java:601)
        at org.eclipse.jetty.util.thread.QueuedThreadPool.runJob(QueuedThreadPool.java:671)
        at org.eclipse.jetty.util.thread.QueuedThreadPool$2.run(QueuedThreadPool.java:589)
        at java.lang.Thread.run(Thread.java:748)
"pool-194-thread-5"  prio=5 tid=936 in Object.wait()
java.lang.Thread.State: WAITING (on object monitor)
        at sun.misc.Unsafe.park(Native Method)
        at java.util.concurrent.locks.LockSupport.park(LockSupport.java:175)
        at java.util.concurrent.locks.AbstractQueuedSynchronizer$ConditionObject.await(AbstractQueuedSynchronizer.java:2039)
        at java.util.concurrent.ArrayBlockingQueue.take(ArrayBlockingQueue.java:403)
        at java.util.concurrent.ThreadPoolExecutor.getTask(ThreadPoolExecutor.java:1074)
        at java.util.concurrent.ThreadPoolExecutor.runWorker(ThreadPoolExecutor.java:1134)
        at java.util.concurrent.ThreadPoolExecutor$Worker.run(ThreadPoolExecutor.java:624)
        at java.lang.Thread.run(Thread.java:748)
"pool-47-thread-7"  prio=5 tid=518 in Object.wait()
java.lang.Thread.State: WAITING (on object monitor)
        at sun.misc.Unsafe.park(Native Method)
        at java.util.concurrent.locks.LockSupport.park(LockSupport.java:175)
        at java.util.concurrent.locks.AbstractQueuedSynchronizer$ConditionObject.await(AbstractQueuedSynchronizer.java:2039)
        at java.util.concurrent.ArrayBlockingQueue.take(ArrayBlockingQueue.java:403)
        at java.util.concurrent.ThreadPoolExecutor.getTask(ThreadPoolExecutor.java:1074)
        at java.util.concurrent.ThreadPoolExecutor.runWorker(ThreadPoolExecutor.java:1134)
        at java.util.concurrent.ThreadPoolExecutor$Worker.run(ThreadPoolExecutor.java:624)
        at java.lang.Thread.run(Thread.java:748)
"pool-125-thread-1"  prio=5 tid=279 timed_waiting
java.lang.Thread.State: TIMED_WAITING
        at sun.misc.Unsafe.park(Native Method)
        at java.util.concurrent.locks.LockSupport.parkNanos(LockSupport.java:215)
        at java.util.concurrent.locks.AbstractQueuedSynchronizer$ConditionObject.awaitNanos(AbstractQueuedSynchronizer.java:2078)
        at java.util.concurrent.ScheduledThreadPoolExecutor$DelayedWorkQueue.take(ScheduledThreadPoolExecutor.java:1093)
        at java.util.concurrent.ScheduledThreadPoolExecutor$DelayedWorkQueue.take(ScheduledThreadPoolExecutor.java:809)
        at java.util.concurrent.ThreadPoolExecutor.getTask(ThreadPoolExecutor.java:1074)
        at java.util.concurrent.ThreadPoolExecutor.runWorker(ThreadPoolExecutor.java:1134)
        at java.util.concurrent.ThreadPoolExecutor$Worker.run(ThreadPoolExecutor.java:624)
        at java.lang.Thread.run(Thread.java:748)
"pool-68-thread-31"  prio=5 tid=602 in Object.wait()
java.lang.Thread.State: WAITING (on object monitor)
        at sun.misc.Unsafe.park(Native Method)
        at java.util.concurrent.locks.LockSupport.park(LockSupport.java:175)
        at java.util.concurrent.locks.AbstractQueuedSynchronizer$ConditionObject.await(AbstractQueuedSynchronizer.java:2039)
        at java.util.concurrent.ArrayBlockingQueue.take(ArrayBlockingQueue.java:403)
        at java.util.concurrent.ThreadPoolExecutor.getTask(ThreadPoolExecutor.java:1074)
        at java.util.concurrent.ThreadPoolExecutor.runWorker(ThreadPoolExecutor.java:1134)
        at java.util.concurrent.ThreadPoolExecutor$Worker.run(ThreadPoolExecutor.java:624)
        at java.lang.Thread.run(Thread.java:748)
"pool-47-thread-57"  prio=5 tid=568 in Object.wait()
java.lang.Thread.State: WAITING (on object monitor)
        at sun.misc.Unsafe.park(Native Method)
        at java.util.concurrent.locks.LockSupport.park(LockSupport.java:175)
        at java.util.concurrent.locks.AbstractQueuedSynchronizer$ConditionObject.await(AbstractQueuedSynchronizer.java:2039)
        at java.util.concurrent.ArrayBlockingQueue.take(ArrayBlockingQueue.java:403)
        at java.util.concurrent.ThreadPoolExecutor.getTask(ThreadPoolExecutor.java:1074)
        at java.util.concurrent.ThreadPoolExecutor.runWorker(ThreadPoolExecutor.java:1134)
        at java.util.concurrent.ThreadPoolExecutor$Worker.run(ThreadPoolExecutor.java:624)
        at java.lang.Thread.run(Thread.java:748)
"BlockDeletingService#0" daemon prio=5 tid=427 in Object.wait()
java.lang.Thread.State: WAITING (on object monitor)
        at sun.misc.Unsafe.park(Native Method)
        at java.util.concurrent.locks.LockSupport.park(LockSupport.java:175)
        at java.util.concurrent.locks.AbstractQueuedSynchronizer$ConditionObject.await(AbstractQueuedSynchronizer.java:2039)
        at java.util.concurrent.ScheduledThreadPoolExecutor$DelayedWorkQueue.take(ScheduledThreadPoolExecutor.java:1088)
        at java.util.concurrent.ScheduledThreadPoolExecutor$DelayedWorkQueue.take(ScheduledThreadPoolExecutor.java:809)
        at java.util.concurrent.ThreadPoolExecutor.getTask(ThreadPoolExecutor.java:1074)
        at java.util.concurrent.ThreadPoolExecutor.runWorker(ThreadPoolExecutor.java:1134)
        at java.util.concurrent.ThreadPoolExecutor$Worker.run(ThreadPoolExecutor.java:624)
        at java.lang.Thread.run(Thread.java:748)
"pool-26-thread-35"  prio=5 tid=485 in Object.wait()
java.lang.Thread.State: WAITING (on object monitor)
        at sun.misc.Unsafe.park(Native Method)
        at java.util.concurrent.locks.LockSupport.park(LockSupport.java:175)
        at java.util.concurrent.locks.AbstractQueuedSynchronizer$ConditionObject.await(AbstractQueuedSynchronizer.java:2039)
        at java.util.concurrent.ArrayBlockingQueue.take(ArrayBlockingQueue.java:403)
        at java.util.concurrent.ThreadPoolExecutor.getTask(ThreadPoolExecutor.java:1074)
        at java.util.concurrent.ThreadPoolExecutor.runWorker(ThreadPoolExecutor.java:1134)
        at java.util.concurrent.ThreadPoolExecutor$Worker.run(ThreadPoolExecutor.java:624)
        at java.lang.Thread.run(Thread.java:748)
"pool-89-thread-11"  prio=5 tid=642 in Object.wait()
java.lang.Thread.State: WAITING (on object monitor)
        at sun.misc.Unsafe.park(Native Method)
        at java.util.concurrent.locks.LockSupport.park(LockSupport.java:175)
        at java.util.concurrent.locks.AbstractQueuedSynchronizer$ConditionObject.await(AbstractQueuedSynchronizer.java:2039)
        at java.util.concurrent.ArrayBlockingQueue.take(ArrayBlockingQueue.java:403)
        at java.util.concurrent.ThreadPoolExecutor.getTask(ThreadPoolExecutor.java:1074)
        at java.util.concurrent.ThreadPoolExecutor.runWorker(ThreadPoolExecutor.java:1134)
        at java.util.concurrent.ThreadPoolExecutor$Worker.run(ThreadPoolExecutor.java:624)
        at java.lang.Thread.run(Thread.java:748)
"Datanode State Machine Thread - 0" daemon prio=5 tid=240 timed_waiting
java.lang.Thread.State: TIMED_WAITING
        at sun.misc.Unsafe.park(Native Method)
        at java.util.concurrent.locks.LockSupport.parkNanos(LockSupport.java:215)
        at java.util.concurrent.SynchronousQueue$TransferStack.awaitFulfill(SynchronousQueue.java:460)
        at java.util.concurrent.SynchronousQueue$TransferStack.transfer(SynchronousQueue.java:362)
        at java.util.concurrent.SynchronousQueue.poll(SynchronousQueue.java:941)
        at java.util.concurrent.ThreadPoolExecutor.getTask(ThreadPoolExecutor.java:1073)
        at java.util.concurrent.ThreadPoolExecutor.runWorker(ThreadPoolExecutor.java:1134)
        at java.util.concurrent.ThreadPoolExecutor$Worker.run(ThreadPoolExecutor.java:624)
        at java.lang.Thread.run(Thread.java:748)
"IPC Server handler 9 on 33779" daemon prio=5 tid=79 timed_waiting
java.lang.Thread.State: TIMED_WAITING
        at sun.misc.Unsafe.park(Native Method)
        at java.util.concurrent.locks.LockSupport.parkNanos(LockSupport.java:215)
        at java.util.concurrent.locks.AbstractQueuedSynchronizer$ConditionObject.awaitNanos(AbstractQueuedSynchronizer.java:2078)
        at java.util.concurrent.LinkedBlockingQueue.poll(LinkedBlockingQueue.java:467)
        at org.apache.hadoop.ipc.CallQueueManager.take(CallQueueManager.java:288)
        at org.apache.hadoop.ipc.Server$Handler.run(Server.java:2668)
"IPC Server handler 13 on 38877" daemon prio=5 tid=127 timed_waiting
java.lang.Thread.State: TIMED_WAITING
        at sun.misc.Unsafe.park(Native Method)
        at java.util.concurrent.locks.LockSupport.parkNanos(LockSupport.java:215)
        at java.util.concurrent.locks.AbstractQueuedSynchronizer$ConditionObject.awaitNanos(AbstractQueuedSynchronizer.java:2078)
        at java.util.concurrent.LinkedBlockingQueue.poll(LinkedBlockingQueue.java:467)
        at org.apache.hadoop.ipc.CallQueueManager.take(CallQueueManager.java:288)
        at org.apache.hadoop.ipc.Server$Handler.run(Server.java:2668)
"pool-194-thread-42"  prio=5 tid=973 in Object.wait()
java.lang.Thread.State: WAITING (on object monitor)
        at sun.misc.Unsafe.park(Native Method)
        at java.util.concurrent.locks.LockSupport.park(LockSupport.java:175)
        at java.util.concurrent.locks.AbstractQueuedSynchronizer$ConditionObject.await(AbstractQueuedSynchronizer.java:2039)
        at java.util.concurrent.ArrayBlockingQueue.take(ArrayBlockingQueue.java:403)
        at java.util.concurrent.ThreadPoolExecutor.getTask(ThreadPoolExecutor.java:1074)
        at java.util.concurrent.ThreadPoolExecutor.runWorker(ThreadPoolExecutor.java:1134)
        at java.util.concurrent.ThreadPoolExecutor$Worker.run(ThreadPoolExecutor.java:624)
        at java.lang.Thread.run(Thread.java:748)
"pool-47-thread-20"  prio=5 tid=531 in Object.wait()
java.lang.Thread.State: WAITING (on object monitor)
        at sun.misc.Unsafe.park(Native Method)
        at java.util.concurrent.locks.LockSupport.park(LockSupport.java:175)
        at java.util.concurrent.locks.AbstractQueuedSynchronizer$ConditionObject.await(AbstractQueuedSynchronizer.java:2039)
        at java.util.concurrent.ArrayBlockingQueue.take(ArrayBlockingQueue.java:403)
        at java.util.concurrent.ThreadPoolExecutor.getTask(ThreadPoolExecutor.java:1074)
        at java.util.concurrent.ThreadPoolExecutor.runWorker(ThreadPoolExecutor.java:1134)
        at java.util.concurrent.ThreadPoolExecutor$Worker.run(ThreadPoolExecutor.java:624)
        at java.lang.Thread.run(Thread.java:748)
"pool-68-thread-18"  prio=5 tid=589 in Object.wait()
java.lang.Thread.State: WAITING (on object monitor)
        at sun.misc.Unsafe.park(Native Method)
        at java.util.concurrent.locks.LockSupport.park(LockSupport.java:175)
        at java.util.concurrent.locks.AbstractQueuedSynchronizer$ConditionObject.await(AbstractQueuedSynchronizer.java:2039)
        at java.util.concurrent.ArrayBlockingQueue.take(ArrayBlockingQueue.java:403)
        at java.util.concurrent.ThreadPoolExecutor.getTask(ThreadPoolExecutor.java:1074)
        at java.util.concurrent.ThreadPoolExecutor.runWorker(ThreadPoolExecutor.java:1134)
        at java.util.concurrent.ThreadPoolExecutor$Worker.run(ThreadPoolExecutor.java:624)
        at java.lang.Thread.run(Thread.java:748)
"pool-173-thread-57"  prio=5 tid=928 in Object.wait()
java.lang.Thread.State: WAITING (on object monitor)
        at sun.misc.Unsafe.park(Native Method)
        at java.util.concurrent.locks.LockSupport.park(LockSupport.java:175)
        at java.util.concurrent.locks.AbstractQueuedSynchronizer$ConditionObject.await(AbstractQueuedSynchronizer.java:2039)
        at java.util.concurrent.ArrayBlockingQueue.take(ArrayBlockingQueue.java:403)
        at java.util.concurrent.ThreadPoolExecutor.getTask(ThreadPoolExecutor.java:1074)
        at java.util.concurrent.ThreadPoolExecutor.runWorker(ThreadPoolExecutor.java:1134)
        at java.util.concurrent.ThreadPoolExecutor$Worker.run(ThreadPoolExecutor.java:624)
        at java.lang.Thread.run(Thread.java:748)
"Thread-369" daemon prio=5 tid=1182 timed_waiting
java.lang.Thread.State: TIMED_WAITING
        at java.lang.Thread.sleep(Native Method)
        at org.apache.ratis.server.impl.FollowerState.run(FollowerState.java:94)
"pool-152-thread-43"  prio=5 tid=854 in Object.wait()
java.lang.Thread.State: WAITING (on object monitor)
        at sun.misc.Unsafe.park(Native Method)
        at java.util.concurrent.locks.LockSupport.park(LockSupport.java:175)
        at java.util.concurrent.locks.AbstractQueuedSynchronizer$ConditionObject.await(AbstractQueuedSynchronizer.java:2039)
        at java.util.concurrent.ArrayBlockingQueue.take(ArrayBlockingQueue.java:403)
        at java.util.concurrent.ThreadPoolExecutor.getTask(ThreadPoolExecutor.java:1074)
        at java.util.concurrent.ThreadPoolExecutor.runWorker(ThreadPoolExecutor.java:1134)
        at java.util.concurrent.ThreadPoolExecutor$Worker.run(ThreadPoolExecutor.java:624)
        at java.lang.Thread.run(Thread.java:748)
"IPC Server handler 10 on 46447" daemon prio=5 tid=60 timed_waiting
java.lang.Thread.State: TIMED_WAITING
        at sun.misc.Unsafe.park(Native Method)
        at java.util.concurrent.locks.LockSupport.parkNanos(LockSupport.java:215)
        at java.util.concurrent.locks.AbstractQueuedSynchronizer$ConditionObject.awaitNanos(AbstractQueuedSynchronizer.java:2078)
        at java.util.concurrent.LinkedBlockingQueue.poll(LinkedBlockingQueue.java:467)
        at org.apache.hadoop.ipc.CallQueueManager.take(CallQueueManager.java:288)
        at org.apache.hadoop.ipc.Server$Handler.run(Server.java:2668)
"EventQueue-NewNodeForNewNodeHandler" daemon prio=5 tid=1052 in Object.wait()
java.lang.Thread.State: WAITING (on object monitor)
        at sun.misc.Unsafe.park(Native Method)
        at java.util.concurrent.locks.LockSupport.park(LockSupport.java:175)
        at java.util.concurrent.locks.AbstractQueuedSynchronizer$ConditionObject.await(AbstractQueuedSynchronizer.java:2039)
        at java.util.concurrent.LinkedBlockingQueue.take(LinkedBlockingQueue.java:442)
        at java.util.concurrent.ThreadPoolExecutor.getTask(ThreadPoolExecutor.java:1074)
        at java.util.concurrent.ThreadPoolExecutor.runWorker(ThreadPoolExecutor.java:1134)
        at java.util.concurrent.ThreadPoolExecutor$Worker.run(ThreadPoolExecutor.java:624)
        at java.lang.Thread.run(Thread.java:748)
"Periodic HDDS volume checker"  prio=5 tid=151 timed_waiting
java.lang.Thread.State: TIMED_WAITING
        at sun.misc.Unsafe.park(Native Method)
        at java.util.concurrent.locks.LockSupport.parkNanos(LockSupport.java:215)
        at java.util.concurrent.locks.AbstractQueuedSynchronizer$ConditionObject.awaitNanos(AbstractQueuedSynchronizer.java:2078)
        at java.util.concurrent.ScheduledThreadPoolExecutor$DelayedWorkQueue.take(ScheduledThreadPoolExecutor.java:1093)
        at java.util.concurrent.ScheduledThreadPoolExecutor$DelayedWorkQueue.take(ScheduledThreadPoolExecutor.java:809)
        at java.util.concurrent.ThreadPoolExecutor.getTask(ThreadPoolExecutor.java:1074)
        at java.util.concurrent.ThreadPoolExecutor.runWorker(ThreadPoolExecutor.java:1134)
        at java.util.concurrent.ThreadPoolExecutor$Worker.run(ThreadPoolExecutor.java:624)
        at java.lang.Thread.run(Thread.java:748)
"pool-173-thread-30"  prio=5 tid=901 in Object.wait()
java.lang.Thread.State: WAITING (on object monitor)
        at sun.misc.Unsafe.park(Native Method)
        at java.util.concurrent.locks.LockSupport.park(LockSupport.java:175)
        at java.util.concurrent.locks.AbstractQueuedSynchronizer$ConditionObject.await(AbstractQueuedSynchronizer.java:2039)
        at java.util.concurrent.ArrayBlockingQueue.take(ArrayBlockingQueue.java:403)
        at java.util.concurrent.ThreadPoolExecutor.getTask(ThreadPoolExecutor.java:1074)
        at java.util.concurrent.ThreadPoolExecutor.runWorker(ThreadPoolExecutor.java:1134)
        at java.util.concurrent.ThreadPoolExecutor$Worker.run(ThreadPoolExecutor.java:624)
        at java.lang.Thread.run(Thread.java:748)
"refreshUsed-/opt/src/hadoop-ozone/integration-test/target/test-dir/MiniOzoneClusterImpl-add696fe-84ac-4b45-a2ee-012b057e1087/datanode-0/data/containers" daemon prio=5 tid=153 timed_waiting
java.lang.Thread.State: TIMED_WAITING
        at java.lang.Thread.sleep(Native Method)
        at org.apache.hadoop.fs.CachingGetSpaceUsed$RefreshThread.run(CachingGetSpaceUsed.java:179)
        at java.lang.Thread.run(Thread.java:748)
"pool-110-thread-29"  prio=5 tid=720 in Object.wait()
java.lang.Thread.State: WAITING (on object monitor)
        at sun.misc.Unsafe.park(Native Method)
        at java.util.concurrent.locks.LockSupport.park(LockSupport.java:175)
        at java.util.concurrent.locks.AbstractQueuedSynchronizer$ConditionObject.await(AbstractQueuedSynchronizer.java:2039)
        at java.util.concurrent.ArrayBlockingQueue.take(ArrayBlockingQueue.java:403)
        at java.util.concurrent.ThreadPoolExecutor.getTask(ThreadPoolExecutor.java:1074)
        at java.util.concurrent.ThreadPoolExecutor.runWorker(ThreadPoolExecutor.java:1134)
        at java.util.concurrent.ThreadPoolExecutor$Worker.run(ThreadPoolExecutor.java:624)
        at java.lang.Thread.run(Thread.java:748)
"jaeger.RemoteReporter-FlushTimer" daemon prio=5 tid=147 timed_waiting
java.lang.Thread.State: TIMED_WAITING
        at java.lang.Object.wait(Native Method)
        at java.util.TimerThread.mainLoop(Timer.java:552)
        at java.util.TimerThread.run(Timer.java:505)
"pool-100-thread-1"  prio=5 tid=1070 in Object.wait()
java.lang.Thread.State: WAITING (on object monitor)
        at sun.misc.Unsafe.park(Native Method)
        at java.util.concurrent.locks.LockSupport.park(LockSupport.java:175)
        at java.util.concurrent.locks.AbstractQueuedSynchronizer$ConditionObject.await(AbstractQueuedSynchronizer.java:2039)
        at java.util.concurrent.LinkedBlockingQueue.take(LinkedBlockingQueue.java:442)
        at java.util.concurrent.ThreadPoolExecutor.getTask(ThreadPoolExecutor.java:1074)
        at java.util.concurrent.ThreadPoolExecutor.runWorker(ThreadPoolExecutor.java:1134)
        at java.util.concurrent.ThreadPoolExecutor$Worker.run(ThreadPoolExecutor.java:624)
        at java.lang.Thread.run(Thread.java:748)
"pool-194-thread-10"  prio=5 tid=941 in Object.wait()
java.lang.Thread.State: WAITING (on object monitor)
        at sun.misc.Unsafe.park(Native Method)
        at java.util.concurrent.locks.LockSupport.park(LockSupport.java:175)
        at java.util.concurrent.locks.AbstractQueuedSynchronizer$ConditionObject.await(AbstractQueuedSynchronizer.java:2039)
        at java.util.concurrent.ArrayBlockingQueue.take(ArrayBlockingQueue.java:403)
        at java.util.concurrent.ThreadPoolExecutor.getTask(ThreadPoolExecutor.java:1074)
        at java.util.concurrent.ThreadPoolExecutor.runWorker(ThreadPoolExecutor.java:1134)
        at java.util.concurrent.ThreadPoolExecutor$Worker.run(ThreadPoolExecutor.java:624)
        at java.lang.Thread.run(Thread.java:748)
"pool-215-thread-20"  prio=5 tid=1011 in Object.wait()
java.lang.Thread.State: WAITING (on object monitor)
        at sun.misc.Unsafe.park(Native Method)
        at java.util.concurrent.locks.LockSupport.park(LockSupport.java:175)
        at java.util.concurrent.locks.AbstractQueuedSynchronizer$ConditionObject.await(AbstractQueuedSynchronizer.java:2039)
        at java.util.concurrent.ArrayBlockingQueue.take(ArrayBlockingQueue.java:403)
        at java.util.concurrent.ThreadPoolExecutor.getTask(ThreadPoolExecutor.java:1074)
        at java.util.concurrent.ThreadPoolExecutor.runWorker(ThreadPoolExecutor.java:1134)
        at java.util.concurrent.ThreadPoolExecutor$Worker.run(ThreadPoolExecutor.java:624)
        at java.lang.Thread.run(Thread.java:748)
"pool-110-thread-46"  prio=5 tid=737 in Object.wait()
java.lang.Thread.State: WAITING (on object monitor)
        at sun.misc.Unsafe.park(Native Method)
        at java.util.concurrent.locks.LockSupport.park(LockSupport.java:175)
        at java.util.concurrent.locks.AbstractQueuedSynchronizer$ConditionObject.await(AbstractQueuedSynchronizer.java:2039)
        at java.util.concurrent.ArrayBlockingQueue.take(ArrayBlockingQueue.java:403)
        at java.util.concurrent.ThreadPoolExecutor.getTask(ThreadPoolExecutor.java:1074)
        at java.util.concurrent.ThreadPoolExecutor.runWorker(ThreadPoolExecutor.java:1134)
        at java.util.concurrent.ThreadPoolExecutor$Worker.run(ThreadPoolExecutor.java:624)
        at java.lang.Thread.run(Thread.java:748)
"qtp1081635795-163" daemon prio=5 tid=163 timed_waiting
java.lang.Thread.State: TIMED_WAITING
        at sun.misc.Unsafe.park(Native Method)
        at java.util.concurrent.locks.LockSupport.parkNanos(LockSupport.java:215)
        at java.util.concurrent.locks.AbstractQueuedSynchronizer$ConditionObject.awaitNanos(AbstractQueuedSynchronizer.java:2078)
        at org.eclipse.jetty.util.BlockingArrayQueue.poll(BlockingArrayQueue.java:392)
        at org.eclipse.jetty.util.thread.QueuedThreadPool.idleJobPoll(QueuedThreadPool.java:563)
        at org.eclipse.jetty.util.thread.QueuedThreadPool.access$800(QueuedThreadPool.java:48)
        at org.eclipse.jetty.util.thread.QueuedThreadPool$2.run(QueuedThreadPool.java:626)
        at java.lang.Thread.run(Thread.java:748)
"pool-47-thread-41"  prio=5 tid=552 in Object.wait()
java.lang.Thread.State: WAITING (on object monitor)
        at sun.misc.Unsafe.park(Native Method)
        at java.util.concurrent.locks.LockSupport.park(LockSupport.java:175)
        at java.util.concurrent.locks.AbstractQueuedSynchronizer$ConditionObject.await(AbstractQueuedSynchronizer.java:2039)
        at java.util.concurrent.ArrayBlockingQueue.take(ArrayBlockingQueue.java:403)
        at java.util.concurrent.ThreadPoolExecutor.getTask(ThreadPoolExecutor.java:1074)
        at java.util.concurrent.ThreadPoolExecutor.runWorker(ThreadPoolExecutor.java:1134)
        at java.util.concurrent.ThreadPoolExecutor$Worker.run(ThreadPoolExecutor.java:624)
        at java.lang.Thread.run(Thread.java:748)
"pool-215-thread-34"  prio=5 tid=1025 in Object.wait()
java.lang.Thread.State: WAITING (on object monitor)
        at sun.misc.Unsafe.park(Native Method)
        at java.util.concurrent.locks.LockSupport.park(LockSupport.java:175)
        at java.util.concurrent.locks.AbstractQueuedSynchronizer$ConditionObject.await(AbstractQueuedSynchronizer.java:2039)
        at java.util.concurrent.ArrayBlockingQueue.take(ArrayBlockingQueue.java:403)
        at java.util.concurrent.ThreadPoolExecutor.getTask(ThreadPoolExecutor.java:1074)
        at java.util.concurrent.ThreadPoolExecutor.runWorker(ThreadPoolExecutor.java:1134)
        at java.util.concurrent.ThreadPoolExecutor$Worker.run(ThreadPoolExecutor.java:624)
        at java.lang.Thread.run(Thread.java:748)
"pool-173-thread-41"  prio=5 tid=912 in Object.wait()
java.lang.Thread.State: WAITING (on object monitor)
        at sun.misc.Unsafe.park(Native Method)
        at java.util.concurrent.locks.LockSupport.park(LockSupport.java:175)
        at java.util.concurrent.locks.AbstractQueuedSynchronizer$ConditionObject.await(AbstractQueuedSynchronizer.java:2039)
        at java.util.concurrent.ArrayBlockingQueue.take(ArrayBlockingQueue.java:403)
        at java.util.concurrent.ThreadPoolExecutor.getTask(ThreadPoolExecutor.java:1074)
        at java.util.concurrent.ThreadPoolExecutor.runWorker(ThreadPoolExecutor.java:1134)
        at java.util.concurrent.ThreadPoolExecutor$Worker.run(ThreadPoolExecutor.java:624)
        at java.lang.Thread.run(Thread.java:748)
"pool-173-thread-54"  prio=5 tid=925 in Object.wait()
java.lang.Thread.State: WAITING (on object monitor)
        at sun.misc.Unsafe.park(Native Method)
        at java.util.concurrent.locks.LockSupport.park(LockSupport.java:175)
        at java.util.concurrent.locks.AbstractQueuedSynchronizer$ConditionObject.await(AbstractQueuedSynchronizer.java:2039)
        at java.util.concurrent.ArrayBlockingQueue.take(ArrayBlockingQueue.java:403)
        at java.util.concurrent.ThreadPoolExecutor.getTask(ThreadPoolExecutor.java:1074)
        at java.util.concurrent.ThreadPoolExecutor.runWorker(ThreadPoolExecutor.java:1134)
        at java.util.concurrent.ThreadPoolExecutor$Worker.run(ThreadPoolExecutor.java:624)
        at java.lang.Thread.run(Thread.java:748)
"pool-26-thread-56"  prio=5 tid=506 in Object.wait()
java.lang.Thread.State: WAITING (on object monitor)
        at sun.misc.Unsafe.park(Native Method)
        at java.util.concurrent.locks.LockSupport.park(LockSupport.java:175)
        at java.util.concurrent.locks.AbstractQueuedSynchronizer$ConditionObject.await(AbstractQueuedSynchronizer.java:2039)
        at java.util.concurrent.ArrayBlockingQueue.take(ArrayBlockingQueue.java:403)
        at java.util.concurrent.ThreadPoolExecutor.getTask(ThreadPoolExecutor.java:1074)
        at java.util.concurrent.ThreadPoolExecutor.runWorker(ThreadPoolExecutor.java:1134)
        at java.util.concurrent.ThreadPoolExecutor$Worker.run(ThreadPoolExecutor.java:624)
        at java.lang.Thread.run(Thread.java:748)
"qtp1866002564-286" daemon prio=5 tid=286 timed_waiting
java.lang.Thread.State: TIMED_WAITING
        at sun.misc.Unsafe.park(Native Method)
        at java.util.concurrent.locks.LockSupport.parkNanos(LockSupport.java:215)
        at java.util.concurrent.locks.AbstractQueuedSynchronizer$ConditionObject.awaitNanos(AbstractQueuedSynchronizer.java:2078)
        at org.eclipse.jetty.util.BlockingArrayQueue.poll(BlockingArrayQueue.java:392)
        at org.eclipse.jetty.util.thread.QueuedThreadPool.idleJobPoll(QueuedThreadPool.java:563)
        at org.eclipse.jetty.util.thread.QueuedThreadPool.access$800(QueuedThreadPool.java:48)
        at org.eclipse.jetty.util.thread.QueuedThreadPool$2.run(QueuedThreadPool.java:626)
        at java.lang.Thread.run(Thread.java:748)
"pool-110-thread-54"  prio=5 tid=745 in Object.wait()
java.lang.Thread.State: WAITING (on object monitor)
        at sun.misc.Unsafe.park(Native Method)
        at java.util.concurrent.locks.LockSupport.park(LockSupport.java:175)
        at java.util.concurrent.locks.AbstractQueuedSynchronizer$ConditionObject.await(AbstractQueuedSynchronizer.java:2039)
        at java.util.concurrent.ArrayBlockingQueue.take(ArrayBlockingQueue.java:403)
        at java.util.concurrent.ThreadPoolExecutor.getTask(ThreadPoolExecutor.java:1074)
        at java.util.concurrent.ThreadPoolExecutor.runWorker(ThreadPoolExecutor.java:1134)
        at java.util.concurrent.ThreadPoolExecutor$Worker.run(ThreadPoolExecutor.java:624)
        at java.lang.Thread.run(Thread.java:748)
"pool-110-thread-25"  prio=5 tid=716 in Object.wait()
java.lang.Thread.State: WAITING (on object monitor)
        at sun.misc.Unsafe.park(Native Method)
        at java.util.concurrent.locks.LockSupport.park(LockSupport.java:175)
        at java.util.concurrent.locks.AbstractQueuedSynchronizer$ConditionObject.await(AbstractQueuedSynchronizer.java:2039)
        at java.util.concurrent.ArrayBlockingQueue.take(ArrayBlockingQueue.java:403)
        at java.util.concurrent.ThreadPoolExecutor.getTask(ThreadPoolExecutor.java:1074)
        at java.util.concurrent.ThreadPoolExecutor.runWorker(ThreadPoolExecutor.java:1134)
        at java.util.concurrent.ThreadPoolExecutor$Worker.run(ThreadPoolExecutor.java:624)
        at java.lang.Thread.run(Thread.java:748)
"pool-173-thread-35"  prio=5 tid=906 in Object.wait()
java.lang.Thread.State: WAITING (on object monitor)
        at sun.misc.Unsafe.park(Native Method)
        at java.util.concurrent.locks.LockSupport.park(LockSupport.java:175)
        at java.util.concurrent.locks.AbstractQueuedSynchronizer$ConditionObject.await(AbstractQueuedSynchronizer.java:2039)
        at java.util.concurrent.ArrayBlockingQueue.take(ArrayBlockingQueue.java:403)
        at java.util.concurrent.ThreadPoolExecutor.getTask(ThreadPoolExecutor.java:1074)
        at java.util.concurrent.ThreadPoolExecutor.runWorker(ThreadPoolExecutor.java:1134)
        at java.util.concurrent.ThreadPoolExecutor$Worker.run(ThreadPoolExecutor.java:624)
        at java.lang.Thread.run(Thread.java:748)
"IPC Server listener on 38877" daemon prio=5 tid=106 runnable
java.lang.Thread.State: RUNNABLE
        at sun.nio.ch.EPollArrayWrapper.epollWait(Native Method)
        at sun.nio.ch.EPollArrayWrapper.poll(EPollArrayWrapper.java:269)
        at sun.nio.ch.EPollSelectorImpl.doSelect(EPollSelectorImpl.java:93)
        at sun.nio.ch.SelectorImpl.lockAndDoSelect(SelectorImpl.java:86)
        at sun.nio.ch.SelectorImpl.select(SelectorImpl.java:97)
        at sun.nio.ch.SelectorImpl.select(SelectorImpl.java:101)
        at org.apache.hadoop.ipc.Server$Listener.run(Server.java:1159)
"qtp197855654-141" daemon prio=5 tid=141 timed_waiting
java.lang.Thread.State: TIMED_WAITING
        at sun.misc.Unsafe.park(Native Method)
        at java.util.concurrent.locks.LockSupport.parkNanos(LockSupport.java:215)
        at java.util.concurrent.locks.AbstractQueuedSynchronizer$ConditionObject.awaitNanos(AbstractQueuedSynchronizer.java:2078)
        at org.eclipse.jetty.util.BlockingArrayQueue.poll(BlockingArrayQueue.java:392)
        at org.eclipse.jetty.util.thread.QueuedThreadPool.idleJobPoll(QueuedThreadPool.java:563)
        at org.eclipse.jetty.util.thread.QueuedThreadPool.access$800(QueuedThreadPool.java:48)
        at org.eclipse.jetty.util.thread.QueuedThreadPool$2.run(QueuedThreadPool.java:626)
        at java.lang.Thread.run(Thread.java:748)
"pool-194-thread-50"  prio=5 tid=981 in Object.wait()
java.lang.Thread.State: WAITING (on object monitor)
        at sun.misc.Unsafe.park(Native Method)
        at java.util.concurrent.locks.LockSupport.park(LockSupport.java:175)
        at java.util.concurrent.locks.AbstractQueuedSynchronizer$ConditionObject.await(AbstractQueuedSynchronizer.java:2039)
        at java.util.concurrent.ArrayBlockingQueue.take(ArrayBlockingQueue.java:403)
        at java.util.concurrent.ThreadPoolExecutor.getTask(ThreadPoolExecutor.java:1074)
        at java.util.concurrent.ThreadPoolExecutor.runWorker(ThreadPoolExecutor.java:1134)
        at java.util.concurrent.ThreadPoolExecutor$Worker.run(ThreadPoolExecutor.java:624)
        at java.lang.Thread.run(Thread.java:748)
"pool-194-thread-49"  prio=5 tid=980 in Object.wait()
java.lang.Thread.State: WAITING (on object monitor)
        at sun.misc.Unsafe.park(Native Method)
        at java.util.concurrent.locks.LockSupport.park(LockSupport.java:175)
        at java.util.concurrent.locks.AbstractQueuedSynchronizer$ConditionObject.await(AbstractQueuedSynchronizer.java:2039)
        at java.util.concurrent.ArrayBlockingQueue.take(ArrayBlockingQueue.java:403)
        at java.util.concurrent.ThreadPoolExecutor.getTask(ThreadPoolExecutor.java:1074)
        at java.util.concurrent.ThreadPoolExecutor.runWorker(ThreadPoolExecutor.java:1134)
        at java.util.concurrent.ThreadPoolExecutor$Worker.run(ThreadPoolExecutor.java:624)
        at java.lang.Thread.run(Thread.java:748)
"pool-131-thread-54"  prio=5 tid=805 in Object.wait()
java.lang.Thread.State: WAITING (on object monitor)
        at sun.misc.Unsafe.park(Native Method)
        at java.util.concurrent.locks.LockSupport.park(LockSupport.java:175)
        at java.util.concurrent.locks.AbstractQueuedSynchronizer$ConditionObject.await(AbstractQueuedSynchronizer.java:2039)
        at java.util.concurrent.ArrayBlockingQueue.take(ArrayBlockingQueue.java:403)
        at java.util.concurrent.ThreadPoolExecutor.getTask(ThreadPoolExecutor.java:1074)
        at java.util.concurrent.ThreadPoolExecutor.runWorker(ThreadPoolExecutor.java:1134)
        at java.util.concurrent.ThreadPoolExecutor$Worker.run(ThreadPoolExecutor.java:624)
        at java.lang.Thread.run(Thread.java:748)
"pool-215-thread-22"  prio=5 tid=1013 in Object.wait()
java.lang.Thread.State: WAITING (on object monitor)
        at sun.misc.Unsafe.park(Native Method)
        at java.util.concurrent.locks.LockSupport.park(LockSupport.java:175)
        at java.util.concurrent.locks.AbstractQueuedSynchronizer$ConditionObject.await(AbstractQueuedSynchronizer.java:2039)
        at java.util.concurrent.ArrayBlockingQueue.take(ArrayBlockingQueue.java:403)
        at java.util.concurrent.ThreadPoolExecutor.getTask(ThreadPoolExecutor.java:1074)
        at java.util.concurrent.ThreadPoolExecutor.runWorker(ThreadPoolExecutor.java:1134)
        at java.util.concurrent.ThreadPoolExecutor$Worker.run(ThreadPoolExecutor.java:624)
        at java.lang.Thread.run(Thread.java:748)
"org.apache.hadoop.util.JvmPauseMonitor$Monitor@2d8f3479" daemon prio=5 tid=419 timed_waiting
java.lang.Thread.State: TIMED_WAITING
        at java.lang.Thread.sleep(Native Method)
        at org.apache.hadoop.util.JvmPauseMonitor$Monitor.run(JvmPauseMonitor.java:192)
        at java.lang.Thread.run(Thread.java:748)
"pool-152-thread-58"  prio=5 tid=869 in Object.wait()
java.lang.Thread.State: WAITING (on object monitor)
        at sun.misc.Unsafe.park(Native Method)
        at java.util.concurrent.locks.LockSupport.park(LockSupport.java:175)
        at java.util.concurrent.locks.AbstractQueuedSynchronizer$ConditionObject.await(AbstractQueuedSynchronizer.java:2039)
        at java.util.concurrent.ArrayBlockingQueue.take(ArrayBlockingQueue.java:403)
        at java.util.concurrent.ThreadPoolExecutor.getTask(ThreadPoolExecutor.java:1074)
        at java.util.concurrent.ThreadPoolExecutor.runWorker(ThreadPoolExecutor.java:1134)
        at java.util.concurrent.ThreadPoolExecutor$Worker.run(ThreadPoolExecutor.java:624)
        at java.lang.Thread.run(Thread.java:748)
"pool-47-thread-44"  prio=5 tid=555 in Object.wait()
java.lang.Thread.State: WAITING (on object monitor)
        at sun.misc.Unsafe.park(Native Method)
        at java.util.concurrent.locks.LockSupport.park(LockSupport.java:175)
        at java.util.concurrent.locks.AbstractQueuedSynchronizer$ConditionObject.await(AbstractQueuedSynchronizer.java:2039)
        at java.util.concurrent.ArrayBlockingQueue.take(ArrayBlockingQueue.java:403)
        at java.util.concurrent.ThreadPoolExecutor.getTask(ThreadPoolExecutor.java:1074)
        at java.util.concurrent.ThreadPoolExecutor.runWorker(ThreadPoolExecutor.java:1134)
        at java.util.concurrent.ThreadPoolExecutor$Worker.run(ThreadPoolExecutor.java:624)
        at java.lang.Thread.run(Thread.java:748)
"org.eclipse.jetty.server.session.HashSessionManager@26b3c9a2Timer" daemon prio=5 tid=320 timed_waiting
java.lang.Thread.State: TIMED_WAITING
        at sun.misc.Unsafe.park(Native Method)
        at java.util.concurrent.locks.LockSupport.parkNanos(LockSupport.java:215)
        at java.util.concurrent.locks.AbstractQueuedSynchronizer$ConditionObject.awaitNanos(AbstractQueuedSynchronizer.java:2078)
        at java.util.concurrent.ScheduledThreadPoolExecutor$DelayedWorkQueue.take(ScheduledThreadPoolExecutor.java:1093)
        at java.util.concurrent.ScheduledThreadPoolExecutor$DelayedWorkQueue.take(ScheduledThreadPoolExecutor.java:809)
        at java.util.concurrent.ThreadPoolExecutor.getTask(ThreadPoolExecutor.java:1074)
        at java.util.concurrent.ThreadPoolExecutor.runWorker(ThreadPoolExecutor.java:1134)
        at java.util.concurrent.ThreadPoolExecutor$Worker.run(ThreadPoolExecutor.java:624)
        at java.lang.Thread.run(Thread.java:748)
"pool-26-thread-14"  prio=5 tid=464 in Object.wait()
java.lang.Thread.State: WAITING (on object monitor)
        at sun.misc.Unsafe.park(Native Method)
        at java.util.concurrent.locks.LockSupport.park(LockSupport.java:175)
        at java.util.concurrent.locks.AbstractQueuedSynchronizer$ConditionObject.await(AbstractQueuedSynchronizer.java:2039)
        at java.util.concurrent.ArrayBlockingQueue.take(ArrayBlockingQueue.java:403)
        at java.util.concurrent.ThreadPoolExecutor.getTask(ThreadPoolExecutor.java:1074)
        at java.util.concurrent.ThreadPoolExecutor.runWorker(ThreadPoolExecutor.java:1134)
        at java.util.concurrent.ThreadPoolExecutor$Worker.run(ThreadPoolExecutor.java:624)
        at java.lang.Thread.run(Thread.java:748)
"StateMachineUpdater-7e110c32-16c6-4157-bc33-575ee617fed4-group-D1856886D9E8" daemon prio=5 tid=1108 in Object.wait()
java.lang.Thread.State: WAITING (on object monitor)
        at java.lang.Object.wait(Native Method)
        at java.lang.Object.wait(Object.java:502)
        at org.apache.ratis.server.impl.StateMachineUpdater.run(StateMachineUpdater.java:138)
        at java.lang.Thread.run(Thread.java:748)
"pool-110-thread-14"  prio=5 tid=705 in Object.wait()
java.lang.Thread.State: WAITING (on object monitor)
        at sun.misc.Unsafe.park(Native Method)
        at java.util.concurrent.locks.LockSupport.park(LockSupport.java:175)
        at java.util.concurrent.locks.AbstractQueuedSynchronizer$ConditionObject.await(AbstractQueuedSynchronizer.java:2039)
        at java.util.concurrent.ArrayBlockingQueue.take(ArrayBlockingQueue.java:403)
        at java.util.concurrent.ThreadPoolExecutor.getTask(ThreadPoolExecutor.java:1074)
        at java.util.concurrent.ThreadPoolExecutor.runWorker(ThreadPoolExecutor.java:1134)
        at java.util.concurrent.ThreadPoolExecutor$Worker.run(ThreadPoolExecutor.java:624)
        at java.lang.Thread.run(Thread.java:748)
"pool-110-thread-15"  prio=5 tid=706 in Object.wait()
java.lang.Thread.State: WAITING (on object monitor)
        at sun.misc.Unsafe.park(Native Method)
        at java.util.concurrent.locks.LockSupport.park(LockSupport.java:175)
        at java.util.concurrent.locks.AbstractQueuedSynchronizer$ConditionObject.await(AbstractQueuedSynchronizer.java:2039)
        at java.util.concurrent.ArrayBlockingQueue.take(ArrayBlockingQueue.java:403)
        at java.util.concurrent.ThreadPoolExecutor.getTask(ThreadPoolExecutor.java:1074)
        at java.util.concurrent.ThreadPoolExecutor.runWorker(ThreadPoolExecutor.java:1134)
        at java.util.concurrent.ThreadPoolExecutor$Worker.run(ThreadPoolExecutor.java:624)
        at java.lang.Thread.run(Thread.java:748)
"nioEventLoopGroup-12-1"  prio=10 tid=321 runnable
java.lang.Thread.State: RUNNABLE
        at sun.nio.ch.EPollArrayWrapper.epollWait(Native Method)
        at sun.nio.ch.EPollArrayWrapper.poll(EPollArrayWrapper.java:269)
        at sun.nio.ch.EPollSelectorImpl.doSelect(EPollSelectorImpl.java:93)
        at sun.nio.ch.SelectorImpl.lockAndDoSelect(SelectorImpl.java:86)
        at sun.nio.ch.SelectorImpl.select(SelectorImpl.java:97)
        at io.netty.channel.nio.SelectedSelectionKeySetSelector.select(SelectedSelectionKeySetSelector.java:62)
        at io.netty.channel.nio.NioEventLoop.select(NioEventLoop.java:753)
        at io.netty.channel.nio.NioEventLoop.run(NioEventLoop.java:408)
        at io.netty.util.concurrent.SingleThreadEventExecutor$5.run(SingleThreadEventExecutor.java:897)
        at io.netty.util.concurrent.FastThreadLocalRunnable.run(FastThreadLocalRunnable.java:30)
        at java.lang.Thread.run(Thread.java:748)
"qtp608414678-220" daemon prio=5 tid=220 runnable
java.lang.Thread.State: RUNNABLE
        at sun.nio.ch.EPollArrayWrapper.epollWait(Native Method)
        at sun.nio.ch.EPollArrayWrapper.poll(EPollArrayWrapper.java:269)
        at sun.nio.ch.EPollSelectorImpl.doSelect(EPollSelectorImpl.java:93)
        at sun.nio.ch.SelectorImpl.lockAndDoSelect(SelectorImpl.java:86)
        at sun.nio.ch.SelectorImpl.select(SelectorImpl.java:97)
        at sun.nio.ch.SelectorImpl.select(SelectorImpl.java:101)
        at org.eclipse.jetty.io.ManagedSelector$SelectorProducer.select(ManagedSelector.java:243)
        at org.eclipse.jetty.io.ManagedSelector$SelectorProducer.produce(ManagedSelector.java:191)
        at org.eclipse.jetty.util.thread.strategy.ExecuteProduceConsume.executeProduceConsume(ExecuteProduceConsume.java:249)
        at org.eclipse.jetty.util.thread.strategy.ExecuteProduceConsume.produceConsume(ExecuteProduceConsume.java:148)
        at org.eclipse.jetty.util.thread.strategy.ExecuteProduceConsume.execute(ExecuteProduceConsume.java:100)
        at org.eclipse.jetty.io.ManagedSelector.run(ManagedSelector.java:147)
        at org.eclipse.jetty.util.thread.QueuedThreadPool.runJob(QueuedThreadPool.java:671)
        at org.eclipse.jetty.util.thread.QueuedThreadPool$2.run(QueuedThreadPool.java:589)
        at java.lang.Thread.run(Thread.java:748)
"pool-131-thread-2"  prio=5 tid=753 in Object.wait()
java.lang.Thread.State: WAITING (on object monitor)
        at sun.misc.Unsafe.park(Native Method)
        at java.util.concurrent.locks.LockSupport.park(LockSupport.java:175)
        at java.util.concurrent.locks.AbstractQueuedSynchronizer$ConditionObject.await(AbstractQueuedSynchronizer.java:2039)
        at java.util.concurrent.ArrayBlockingQueue.take(ArrayBlockingQueue.java:403)
        at java.util.concurrent.ThreadPoolExecutor.getTask(ThreadPoolExecutor.java:1074)
        at java.util.concurrent.ThreadPoolExecutor.runWorker(ThreadPoolExecutor.java:1134)
        at java.util.concurrent.ThreadPoolExecutor$Worker.run(ThreadPoolExecutor.java:624)
        at java.lang.Thread.run(Thread.java:748)
"Datanode State Machine Thread - 0" daemon prio=5 tid=292 timed_waiting
java.lang.Thread.State: TIMED_WAITING
        at java.lang.Thread.sleep(Native Method)
        at org.apache.hadoop.ozone.container.common.statemachine.DatanodeStateMachine.start(DatanodeStateMachine.java:191)
        at org.apache.hadoop.ozone.container.common.statemachine.DatanodeStateMachine.lambda$startDaemon$0(DatanodeStateMachine.java:349)
        at org.apache.hadoop.ozone.container.common.statemachine.DatanodeStateMachine$$Lambda$139/1610803524.run(Unknown Source)
        at java.lang.Thread.run(Thread.java:748)
"org.apache.hadoop.util.JvmPauseMonitor$Monitor@2897bb03" daemon prio=5 tid=210 timed_waiting
java.lang.Thread.State: TIMED_WAITING
        at java.lang.Thread.sleep(Native Method)
        at org.apache.hadoop.util.JvmPauseMonitor$Monitor.run(JvmPauseMonitor.java:192)
        at java.lang.Thread.run(Thread.java:748)
"pool-110-thread-42"  prio=5 tid=733 in Object.wait()
java.lang.Thread.State: WAITING (on object monitor)
        at sun.misc.Unsafe.park(Native Method)
        at java.util.concurrent.locks.LockSupport.park(LockSupport.java:175)
        at java.util.concurrent.locks.AbstractQueuedSynchronizer$ConditionObject.await(AbstractQueuedSynchronizer.java:2039)
        at java.util.concurrent.ArrayBlockingQueue.take(ArrayBlockingQueue.java:403)
        at java.util.concurrent.ThreadPoolExecutor.getTask(ThreadPoolExecutor.java:1074)
        at java.util.concurrent.ThreadPoolExecutor.runWorker(ThreadPoolExecutor.java:1134)
        at java.util.concurrent.ThreadPoolExecutor$Worker.run(ThreadPoolExecutor.java:624)
        at java.lang.Thread.run(Thread.java:748)
"qtp838812606-97" daemon prio=5 tid=97 timed_waiting
java.lang.Thread.State: TIMED_WAITING
        at sun.misc.Unsafe.park(Native Method)
        at java.util.concurrent.locks.LockSupport.parkNanos(LockSupport.java:215)
        at java.util.concurrent.locks.AbstractQueuedSynchronizer$ConditionObject.awaitNanos(AbstractQueuedSynchronizer.java:2078)
        at org.eclipse.jetty.util.BlockingArrayQueue.poll(BlockingArrayQueue.java:392)
        at org.eclipse.jetty.util.thread.QueuedThreadPool.idleJobPoll(QueuedThreadPool.java:563)
        at org.eclipse.jetty.util.thread.QueuedThreadPool.access$800(QueuedThreadPool.java:48)
        at org.eclipse.jetty.util.thread.QueuedThreadPool$2.run(QueuedThreadPool.java:626)
        at java.lang.Thread.run(Thread.java:748)
"pool-131-thread-55"  prio=5 tid=806 in Object.wait()
java.lang.Thread.State: WAITING (on object monitor)
        at sun.misc.Unsafe.park(Native Method)
        at java.util.concurrent.locks.LockSupport.park(LockSupport.java:175)
        at java.util.concurrent.locks.AbstractQueuedSynchronizer$ConditionObject.await(AbstractQueuedSynchronizer.java:2039)
        at java.util.concurrent.ArrayBlockingQueue.take(ArrayBlockingQueue.java:403)
        at java.util.concurrent.ThreadPoolExecutor.getTask(ThreadPoolExecutor.java:1074)
        at java.util.concurrent.ThreadPoolExecutor.runWorker(ThreadPoolExecutor.java:1134)
        at java.util.concurrent.ThreadPoolExecutor$Worker.run(ThreadPoolExecutor.java:624)
        at java.lang.Thread.run(Thread.java:748)
"Periodic HDDS volume checker"  prio=5 tid=207 timed_waiting
java.lang.Thread.State: TIMED_WAITING
        at sun.misc.Unsafe.park(Native Method)
        at java.util.concurrent.locks.LockSupport.parkNanos(LockSupport.java:215)
        at java.util.concurrent.locks.AbstractQueuedSynchronizer$ConditionObject.awaitNanos(AbstractQueuedSynchronizer.java:2078)
        at java.util.concurrent.ScheduledThreadPoolExecutor$DelayedWorkQueue.take(ScheduledThreadPoolExecutor.java:1093)
        at java.util.concurrent.ScheduledThreadPoolExecutor$DelayedWorkQueue.take(ScheduledThreadPoolExecutor.java:809)
        at java.util.concurrent.ThreadPoolExecutor.getTask(ThreadPoolExecutor.java:1074)
        at java.util.concurrent.ThreadPoolExecutor.runWorker(ThreadPoolExecutor.java:1134)
        at java.util.concurrent.ThreadPoolExecutor$Worker.run(ThreadPoolExecutor.java:624)
        at java.lang.Thread.run(Thread.java:748)
"IPC Server handler 9 on 38877" daemon prio=5 tid=123 timed_waiting
java.lang.Thread.State: TIMED_WAITING
        at sun.misc.Unsafe.park(Native Method)
        at java.util.concurrent.locks.LockSupport.parkNanos(LockSupport.java:215)
        at java.util.concurrent.locks.AbstractQueuedSynchronizer$ConditionObject.awaitNanos(AbstractQueuedSynchronizer.java:2078)
        at java.util.concurrent.LinkedBlockingQueue.poll(LinkedBlockingQueue.java:467)
        at org.apache.hadoop.ipc.CallQueueManager.take(CallQueueManager.java:288)
        at org.apache.hadoop.ipc.Server$Handler.run(Server.java:2668)
"org.eclipse.jetty.server.session.HashSessionManager@37cfda1cTimer" daemon prio=5 tid=439 timed_waiting
java.lang.Thread.State: TIMED_WAITING
        at sun.misc.Unsafe.park(Native Method)
        at java.util.concurrent.locks.LockSupport.parkNanos(LockSupport.java:215)
        at java.util.concurrent.locks.AbstractQueuedSynchronizer$ConditionObject.awaitNanos(AbstractQueuedSynchronizer.java:2078)
        at java.util.concurrent.ScheduledThreadPoolExecutor$DelayedWorkQueue.take(ScheduledThreadPoolExecutor.java:1093)
        at java.util.concurrent.ScheduledThreadPoolExecutor$DelayedWorkQueue.take(ScheduledThreadPoolExecutor.java:809)
        at java.util.concurrent.ThreadPoolExecutor.getTask(ThreadPoolExecutor.java:1074)
        at java.util.concurrent.ThreadPoolExecutor.runWorker(ThreadPoolExecutor.java:1134)
        at java.util.concurrent.ThreadPoolExecutor$Worker.run(ThreadPoolExecutor.java:624)
        at java.lang.Thread.run(Thread.java:748)
"Command processor thread" daemon prio=5 tid=329 timed_waiting
java.lang.Thread.State: TIMED_WAITING
        at java.lang.Thread.sleep(Native Method)
        at org.apache.hadoop.ozone.container.common.statemachine.DatanodeStateMachine.lambda$initCommandHandlerThread$1(DatanodeStateMachine.java:439)
        at org.apache.hadoop.ozone.container.common.statemachine.DatanodeStateMachine$$Lambda$140/804134309.run(Unknown Source)
        at java.lang.Thread.run(Thread.java:748)
"pool-215-thread-57"  prio=5 tid=1048 in Object.wait()
java.lang.Thread.State: WAITING (on object monitor)
        at sun.misc.Unsafe.park(Native Method)
        at java.util.concurrent.locks.LockSupport.park(LockSupport.java:175)
        at java.util.concurrent.locks.AbstractQueuedSynchronizer$ConditionObject.await(AbstractQueuedSynchronizer.java:2039)
        at java.util.concurrent.ArrayBlockingQueue.take(ArrayBlockingQueue.java:403)
        at java.util.concurrent.ThreadPoolExecutor.getTask(ThreadPoolExecutor.java:1074)
        at java.util.concurrent.ThreadPoolExecutor.runWorker(ThreadPoolExecutor.java:1134)
        at java.util.concurrent.ThreadPoolExecutor$Worker.run(ThreadPoolExecutor.java:624)
        at java.lang.Thread.run(Thread.java:748)
"IPC Server handler 8 on 46447" daemon prio=5 tid=58 timed_waiting
java.lang.Thread.State: TIMED_WAITING
        at sun.misc.Unsafe.park(Native Method)
        at java.util.concurrent.locks.LockSupport.parkNanos(LockSupport.java:215)
        at java.util.concurrent.locks.AbstractQueuedSynchronizer$ConditionObject.awaitNanos(AbstractQueuedSynchronizer.java:2078)
        at java.util.concurrent.LinkedBlockingQueue.poll(LinkedBlockingQueue.java:467)
        at org.apache.hadoop.ipc.CallQueueManager.take(CallQueueManager.java:288)
        at org.apache.hadoop.ipc.Server$Handler.run(Server.java:2668)
"pool-173-thread-27"  prio=5 tid=898 in Object.wait()
java.lang.Thread.State: WAITING (on object monitor)
        at sun.misc.Unsafe.park(Native Method)
        at java.util.concurrent.locks.LockSupport.park(LockSupport.java:175)
        at java.util.concurrent.locks.AbstractQueuedSynchronizer$ConditionObject.await(AbstractQueuedSynchronizer.java:2039)
        at java.util.concurrent.ArrayBlockingQueue.take(ArrayBlockingQueue.java:403)
        at java.util.concurrent.ThreadPoolExecutor.getTask(ThreadPoolExecutor.java:1074)
        at java.util.concurrent.ThreadPoolExecutor.runWorker(ThreadPoolExecutor.java:1134)
        at java.util.concurrent.ThreadPoolExecutor$Worker.run(ThreadPoolExecutor.java:624)
        at java.lang.Thread.run(Thread.java:748)
"IPC Server handler 7 on 33779" daemon prio=5 tid=77 timed_waiting
java.lang.Thread.State: TIMED_WAITING
        at sun.misc.Unsafe.park(Native Method)
        at java.util.concurrent.locks.LockSupport.parkNanos(LockSupport.java:215)
        at java.util.concurrent.locks.AbstractQueuedSynchronizer$ConditionObject.awaitNanos(AbstractQueuedSynchronizer.java:2078)
        at java.util.concurrent.LinkedBlockingQueue.poll(LinkedBlockingQueue.java:467)
        at org.apache.hadoop.ipc.CallQueueManager.take(CallQueueManager.java:288)
        at org.apache.hadoop.ipc.Server$Handler.run(Server.java:2668)
"pool-89-thread-58"  prio=5 tid=689 in Object.wait()
java.lang.Thread.State: WAITING (on object monitor)
        at sun.misc.Unsafe.park(Native Method)
        at java.util.concurrent.locks.LockSupport.park(LockSupport.java:175)
        at java.util.concurrent.locks.AbstractQueuedSynchronizer$ConditionObject.await(AbstractQueuedSynchronizer.java:2039)
        at java.util.concurrent.ArrayBlockingQueue.take(ArrayBlockingQueue.java:403)
        at java.util.concurrent.ThreadPoolExecutor.getTask(ThreadPoolExecutor.java:1074)
        at java.util.concurrent.ThreadPoolExecutor.runWorker(ThreadPoolExecutor.java:1134)
        at java.util.concurrent.ThreadPoolExecutor$Worker.run(ThreadPoolExecutor.java:624)
        at java.lang.Thread.run(Thread.java:748)
"pool-173-thread-11"  prio=5 tid=882 in Object.wait()
java.lang.Thread.State: WAITING (on object monitor)
        at sun.misc.Unsafe.park(Native Method)
        at java.util.concurrent.locks.LockSupport.park(LockSupport.java:175)
        at java.util.concurrent.locks.AbstractQueuedSynchronizer$ConditionObject.await(AbstractQueuedSynchronizer.java:2039)
        at java.util.concurrent.ArrayBlockingQueue.take(ArrayBlockingQueue.java:403)
        at java.util.concurrent.ThreadPoolExecutor.getTask(ThreadPoolExecutor.java:1074)
        at java.util.concurrent.ThreadPoolExecutor.runWorker(ThreadPoolExecutor.java:1134)
        at java.util.concurrent.ThreadPoolExecutor$Worker.run(ThreadPoolExecutor.java:624)
        at java.lang.Thread.run(Thread.java:748)
"pool-173-thread-29"  prio=5 tid=900 in Object.wait()
java.lang.Thread.State: WAITING (on object monitor)
        at sun.misc.Unsafe.park(Native Method)
        at java.util.concurrent.locks.LockSupport.park(LockSupport.java:175)
        at java.util.concurrent.locks.AbstractQueuedSynchronizer$ConditionObject.await(AbstractQueuedSynchronizer.java:2039)
        at java.util.concurrent.ArrayBlockingQueue.take(ArrayBlockingQueue.java:403)
        at java.util.concurrent.ThreadPoolExecutor.getTask(ThreadPoolExecutor.java:1074)
        at java.util.concurrent.ThreadPoolExecutor.runWorker(ThreadPoolExecutor.java:1134)
        at java.util.concurrent.ThreadPoolExecutor$Worker.run(ThreadPoolExecutor.java:624)
        at java.lang.Thread.run(Thread.java:748)
"IPC Server handler 14 on 33779" daemon prio=5 tid=84 timed_waiting
java.lang.Thread.State: TIMED_WAITING
        at sun.misc.Unsafe.park(Native Method)
        at java.util.concurrent.locks.LockSupport.parkNanos(LockSupport.java:215)
        at java.util.concurrent.locks.AbstractQueuedSynchronizer$ConditionObject.awaitNanos(AbstractQueuedSynchronizer.java:2078)
        at java.util.concurrent.LinkedBlockingQueue.poll(LinkedBlockingQueue.java:467)
        at org.apache.hadoop.ipc.CallQueueManager.take(CallQueueManager.java:288)
        at org.apache.hadoop.ipc.Server$Handler.run(Server.java:2668)
"java.util.concurrent.ThreadPoolExecutor$Worker@9e5e272[State = -1, empty queue]" daemon prio=5 tid=1188 timed_waiting
java.lang.Thread.State: TIMED_WAITING
        at sun.misc.Unsafe.park(Native Method)
        at java.util.concurrent.locks.LockSupport.parkNanos(LockSupport.java:215)
        at java.util.concurrent.locks.AbstractQueuedSynchronizer$ConditionObject.awaitNanos(AbstractQueuedSynchronizer.java:2078)
        at java.util.concurrent.ScheduledThreadPoolExecutor$DelayedWorkQueue.take(ScheduledThreadPoolExecutor.java:1093)
        at java.util.concurrent.ScheduledThreadPoolExecutor$DelayedWorkQueue.take(ScheduledThreadPoolExecutor.java:809)
        at java.util.concurrent.ThreadPoolExecutor.getTask(ThreadPoolExecutor.java:1074)
        at java.util.concurrent.ThreadPoolExecutor.runWorker(ThreadPoolExecutor.java:1134)
        at java.util.concurrent.ThreadPoolExecutor$Worker.run(ThreadPoolExecutor.java:624)
        at java.lang.Thread.run(Thread.java:748)
"pool-89-thread-57"  prio=5 tid=688 in Object.wait()
java.lang.Thread.State: WAITING (on object monitor)
        at sun.misc.Unsafe.park(Native Method)
        at java.util.concurrent.locks.LockSupport.park(LockSupport.java:175)
        at java.util.concurrent.locks.AbstractQueuedSynchronizer$ConditionObject.await(AbstractQueuedSynchronizer.java:2039)
        at java.util.concurrent.ArrayBlockingQueue.take(ArrayBlockingQueue.java:403)
        at java.util.concurrent.ThreadPoolExecutor.getTask(ThreadPoolExecutor.java:1074)
        at java.util.concurrent.ThreadPoolExecutor.runWorker(ThreadPoolExecutor.java:1134)
        at java.util.concurrent.ThreadPoolExecutor$Worker.run(ThreadPoolExecutor.java:624)
        at java.lang.Thread.run(Thread.java:748)
"pool-215-thread-41"  prio=5 tid=1032 in Object.wait()
java.lang.Thread.State: WAITING (on object monitor)
        at sun.misc.Unsafe.park(Native Method)
        at java.util.concurrent.locks.LockSupport.park(LockSupport.java:175)
        at java.util.concurrent.locks.AbstractQueuedSynchronizer$ConditionObject.await(AbstractQueuedSynchronizer.java:2039)
        at java.util.concurrent.ArrayBlockingQueue.take(ArrayBlockingQueue.java:403)
        at java.util.concurrent.ThreadPoolExecutor.getTask(ThreadPoolExecutor.java:1074)
        at java.util.concurrent.ThreadPoolExecutor.runWorker(ThreadPoolExecutor.java:1134)
        at java.util.concurrent.ThreadPoolExecutor$Worker.run(ThreadPoolExecutor.java:624)
        at java.lang.Thread.run(Thread.java:748)
"pool-110-thread-11"  prio=5 tid=702 in Object.wait()
java.lang.Thread.State: WAITING (on object monitor)
        at sun.misc.Unsafe.park(Native Method)
        at java.util.concurrent.locks.LockSupport.park(LockSupport.java:175)
        at java.util.concurrent.locks.AbstractQueuedSynchronizer$ConditionObject.await(AbstractQueuedSynchronizer.java:2039)
        at java.util.concurrent.ArrayBlockingQueue.take(ArrayBlockingQueue.java:403)
        at java.util.concurrent.ThreadPoolExecutor.getTask(ThreadPoolExecutor.java:1074)
        at java.util.concurrent.ThreadPoolExecutor.runWorker(ThreadPoolExecutor.java:1134)
        at java.util.concurrent.ThreadPoolExecutor$Worker.run(ThreadPoolExecutor.java:624)
        at java.lang.Thread.run(Thread.java:748)
"jaeger.RemoteReporter-QueueProcessor" daemon prio=5 tid=146 in Object.wait()
java.lang.Thread.State: WAITING (on object monitor)
        at sun.misc.Unsafe.park(Native Method)
        at java.util.concurrent.locks.LockSupport.park(LockSupport.java:175)
        at java.util.concurrent.locks.AbstractQueuedSynchronizer$ConditionObject.await(AbstractQueuedSynchronizer.java:2039)
        at java.util.concurrent.ArrayBlockingQueue.take(ArrayBlockingQueue.java:403)
        at io.jaegertracing.internal.reporters.RemoteReporter$QueueProcessor.run(RemoteReporter.java:173)
        at java.lang.Thread.run(Thread.java:748)
"IPC Server handler 14 on 46447" daemon prio=5 tid=64 timed_waiting
java.lang.Thread.State: TIMED_WAITING
        at sun.misc.Unsafe.park(Native Method)
        at java.util.concurrent.locks.LockSupport.parkNanos(LockSupport.java:215)
        at java.util.concurrent.locks.AbstractQueuedSynchronizer$ConditionObject.awaitNanos(AbstractQueuedSynchronizer.java:2078)
        at java.util.concurrent.LinkedBlockingQueue.poll(LinkedBlockingQueue.java:467)
        at org.apache.hadoop.ipc.CallQueueManager.take(CallQueueManager.java:288)
        at org.apache.hadoop.ipc.Server$Handler.run(Server.java:2668)
"org.eclipse.jetty.server.session.HashSessionManager@4536a715Timer" daemon prio=5 tid=409 timed_waiting
java.lang.Thread.State: TIMED_WAITING
        at sun.misc.Unsafe.park(Native Method)
        at java.util.concurrent.locks.LockSupport.parkNanos(LockSupport.java:215)
        at java.util.concurrent.locks.AbstractQueuedSynchronizer$ConditionObject.awaitNanos(AbstractQueuedSynchronizer.java:2078)
        at java.util.concurrent.ScheduledThreadPoolExecutor$DelayedWorkQueue.take(ScheduledThreadPoolExecutor.java:1093)
        at java.util.concurrent.ScheduledThreadPoolExecutor$DelayedWorkQueue.take(ScheduledThreadPoolExecutor.java:809)
        at java.util.concurrent.ThreadPoolExecutor.getTask(ThreadPoolExecutor.java:1074)
        at java.util.concurrent.ThreadPoolExecutor.runWorker(ThreadPoolExecutor.java:1134)
        at java.util.concurrent.ThreadPoolExecutor$Worker.run(ThreadPoolExecutor.java:624)
        at java.lang.Thread.run(Thread.java:748)
"nioEventLoopGroup-8-1"  prio=10 tid=261 runnable
java.lang.Thread.State: RUNNABLE
        at sun.nio.ch.EPollArrayWrapper.epollWait(Native Method)
        at sun.nio.ch.EPollArrayWrapper.poll(EPollArrayWrapper.java:269)
        at sun.nio.ch.EPollSelectorImpl.doSelect(EPollSelectorImpl.java:93)
        at sun.nio.ch.SelectorImpl.lockAndDoSelect(SelectorImpl.java:86)
        at sun.nio.ch.SelectorImpl.select(SelectorImpl.java:97)
        at io.netty.channel.nio.SelectedSelectionKeySetSelector.select(SelectedSelectionKeySetSelector.java:62)
        at io.netty.channel.nio.NioEventLoop.select(NioEventLoop.java:753)
        at io.netty.channel.nio.NioEventLoop.run(NioEventLoop.java:408)
        at io.netty.util.concurrent.SingleThreadEventExecutor$5.run(SingleThreadEventExecutor.java:897)
        at io.netty.util.concurrent.FastThreadLocalRunnable.run(FastThreadLocalRunnable.java:30)
        at java.lang.Thread.run(Thread.java:748)
"org.eclipse.jetty.server.session.HashSessionManager@6b4125edTimer" daemon prio=5 tid=199 timed_waiting
java.lang.Thread.State: TIMED_WAITING
        at sun.misc.Unsafe.park(Native Method)
        at java.util.concurrent.locks.LockSupport.parkNanos(LockSupport.java:215)
        at java.util.concurrent.locks.AbstractQueuedSynchronizer$ConditionObject.awaitNanos(AbstractQueuedSynchronizer.java:2078)
        at java.util.concurrent.ScheduledThreadPoolExecutor$DelayedWorkQueue.take(ScheduledThreadPoolExecutor.java:1093)
        at java.util.concurrent.ScheduledThreadPoolExecutor$DelayedWorkQueue.take(ScheduledThreadPoolExecutor.java:809)
        at java.util.concurrent.ThreadPoolExecutor.getTask(ThreadPoolExecutor.java:1074)
        at java.util.concurrent.ThreadPoolExecutor.runWorker(ThreadPoolExecutor.java:1134)
        at java.util.concurrent.ThreadPoolExecutor$Worker.run(ThreadPoolExecutor.java:624)
        at java.lang.Thread.run(Thread.java:748)
"pool-89-thread-48"  prio=5 tid=679 in Object.wait()
java.lang.Thread.State: WAITING (on object monitor)
        at sun.misc.Unsafe.park(Native Method)
        at java.util.concurrent.locks.LockSupport.park(LockSupport.java:175)
        at java.util.concurrent.locks.AbstractQueuedSynchronizer$ConditionObject.await(AbstractQueuedSynchronizer.java:2039)
        at java.util.concurrent.ArrayBlockingQueue.take(ArrayBlockingQueue.java:403)
        at java.util.concurrent.ThreadPoolExecutor.getTask(ThreadPoolExecutor.java:1074)
        at java.util.concurrent.ThreadPoolExecutor.runWorker(ThreadPoolExecutor.java:1134)
        at java.util.concurrent.ThreadPoolExecutor$Worker.run(ThreadPoolExecutor.java:624)
        at java.lang.Thread.run(Thread.java:748)
"pool-110-thread-2"  prio=5 tid=693 in Object.wait()
java.lang.Thread.State: WAITING (on object monitor)
        at sun.misc.Unsafe.park(Native Method)
        at java.util.concurrent.locks.LockSupport.park(LockSupport.java:175)
        at java.util.concurrent.locks.AbstractQueuedSynchronizer$ConditionObject.await(AbstractQueuedSynchronizer.java:2039)
        at java.util.concurrent.ArrayBlockingQueue.take(ArrayBlockingQueue.java:403)
        at java.util.concurrent.ThreadPoolExecutor.getTask(ThreadPoolExecutor.java:1074)
        at java.util.concurrent.ThreadPoolExecutor.runWorker(ThreadPoolExecutor.java:1134)
        at java.util.concurrent.ThreadPoolExecutor$Worker.run(ThreadPoolExecutor.java:624)
        at java.lang.Thread.run(Thread.java:748)
"qtp644718663-433" daemon prio=5 tid=433 timed_waiting
java.lang.Thread.State: TIMED_WAITING
        at sun.misc.Unsafe.park(Native Method)
        at java.util.concurrent.locks.LockSupport.parkNanos(LockSupport.java:215)
        at java.util.concurrent.locks.AbstractQueuedSynchronizer$ConditionObject.awaitNanos(AbstractQueuedSynchronizer.java:2078)
        at org.eclipse.jetty.util.BlockingArrayQueue.poll(BlockingArrayQueue.java:392)
        at org.eclipse.jetty.util.thread.QueuedThreadPool.idleJobPoll(QueuedThreadPool.java:563)
        at org.eclipse.jetty.util.thread.QueuedThreadPool.access$800(QueuedThreadPool.java:48)
        at org.eclipse.jetty.util.thread.QueuedThreadPool$2.run(QueuedThreadPool.java:626)
        at java.lang.Thread.run(Thread.java:748)
"pool-68-thread-57"  prio=5 tid=628 in Object.wait()
java.lang.Thread.State: WAITING (on object monitor)
        at sun.misc.Unsafe.park(Native Method)
        at java.util.concurrent.locks.LockSupport.park(LockSupport.java:175)
        at java.util.concurrent.locks.AbstractQueuedSynchronizer$ConditionObject.await(AbstractQueuedSynchronizer.java:2039)
        at java.util.concurrent.ArrayBlockingQueue.take(ArrayBlockingQueue.java:403)
        at java.util.concurrent.ThreadPoolExecutor.getTask(ThreadPoolExecutor.java:1074)
        at java.util.concurrent.ThreadPoolExecutor.runWorker(ThreadPoolExecutor.java:1134)
        at java.util.concurrent.ThreadPoolExecutor$Worker.run(ThreadPoolExecutor.java:624)
        at java.lang.Thread.run(Thread.java:748)
"pool-194-thread-37"  prio=5 tid=968 in Object.wait()
java.lang.Thread.State: WAITING (on object monitor)
        at sun.misc.Unsafe.park(Native Method)
        at java.util.concurrent.locks.LockSupport.park(LockSupport.java:175)
        at java.util.concurrent.locks.AbstractQueuedSynchronizer$ConditionObject.await(AbstractQueuedSynchronizer.java:2039)
        at java.util.concurrent.ArrayBlockingQueue.take(ArrayBlockingQueue.java:403)
        at java.util.concurrent.ThreadPoolExecutor.getTask(ThreadPoolExecutor.java:1074)
        at java.util.concurrent.ThreadPoolExecutor.runWorker(ThreadPoolExecutor.java:1134)
        at java.util.concurrent.ThreadPoolExecutor$Worker.run(ThreadPoolExecutor.java:624)
        at java.lang.Thread.run(Thread.java:748)
"pool-110-thread-47"  prio=5 tid=738 in Object.wait()
java.lang.Thread.State: WAITING (on object monitor)
        at sun.misc.Unsafe.park(Native Method)
        at java.util.concurrent.locks.LockSupport.park(LockSupport.java:175)
        at java.util.concurrent.locks.AbstractQueuedSynchronizer$ConditionObject.await(AbstractQueuedSynchronizer.java:2039)
        at java.util.concurrent.ArrayBlockingQueue.take(ArrayBlockingQueue.java:403)
        at java.util.concurrent.ThreadPoolExecutor.getTask(ThreadPoolExecutor.java:1074)
        at java.util.concurrent.ThreadPoolExecutor.runWorker(ThreadPoolExecutor.java:1134)
        at java.util.concurrent.ThreadPoolExecutor$Worker.run(ThreadPoolExecutor.java:624)
        at java.lang.Thread.run(Thread.java:748)
"pool-110-thread-35"  prio=5 tid=726 in Object.wait()
java.lang.Thread.State: WAITING (on object monitor)
        at sun.misc.Unsafe.park(Native Method)
        at java.util.concurrent.locks.LockSupport.park(LockSupport.java:175)
        at java.util.concurrent.locks.AbstractQueuedSynchronizer$ConditionObject.await(AbstractQueuedSynchronizer.java:2039)
        at java.util.concurrent.ArrayBlockingQueue.take(ArrayBlockingQueue.java:403)
        at java.util.concurrent.ThreadPoolExecutor.getTask(ThreadPoolExecutor.java:1074)
        at java.util.concurrent.ThreadPoolExecutor.runWorker(ThreadPoolExecutor.java:1134)
        at java.util.concurrent.ThreadPoolExecutor$Worker.run(ThreadPoolExecutor.java:624)
        at java.lang.Thread.run(Thread.java:748)
"BlockDeletingService#0" daemon prio=5 tid=367 in Object.wait()
java.lang.Thread.State: WAITING (on object monitor)
        at sun.misc.Unsafe.park(Native Method)
        at java.util.concurrent.locks.LockSupport.park(LockSupport.java:175)
        at java.util.concurrent.locks.AbstractQueuedSynchronizer$ConditionObject.await(AbstractQueuedSynchronizer.java:2039)
        at java.util.concurrent.ScheduledThreadPoolExecutor$DelayedWorkQueue.take(ScheduledThreadPoolExecutor.java:1088)
        at java.util.concurrent.ScheduledThreadPoolExecutor$DelayedWorkQueue.take(ScheduledThreadPoolExecutor.java:809)
        at java.util.concurrent.ThreadPoolExecutor.getTask(ThreadPoolExecutor.java:1074)
        at java.util.concurrent.ThreadPoolExecutor.runWorker(ThreadPoolExecutor.java:1134)
        at java.util.concurrent.ThreadPoolExecutor$Worker.run(ThreadPoolExecutor.java:624)
        at java.lang.Thread.run(Thread.java:748)
"org.apache.hadoop.util.JvmPauseMonitor$Monitor@6bb64bdc" daemon prio=5 tid=181 timed_waiting
java.lang.Thread.State: TIMED_WAITING
        at java.lang.Thread.sleep(Native Method)
        at org.apache.hadoop.util.JvmPauseMonitor$Monitor.run(JvmPauseMonitor.java:192)
        at java.lang.Thread.run(Thread.java:748)
"qtp648346093-345" daemon prio=5 tid=345 timed_waiting
java.lang.Thread.State: TIMED_WAITING
        at sun.misc.Unsafe.park(Native Method)
        at java.util.concurrent.locks.LockSupport.parkNanos(LockSupport.java:215)
        at java.util.concurrent.locks.AbstractQueuedSynchronizer$ConditionObject.awaitNanos(AbstractQueuedSynchronizer.java:2078)
        at org.eclipse.jetty.util.BlockingArrayQueue.poll(BlockingArrayQueue.java:392)
        at org.eclipse.jetty.util.thread.QueuedThreadPool.idleJobPoll(QueuedThreadPool.java:563)
        at org.eclipse.jetty.util.thread.QueuedThreadPool.access$800(QueuedThreadPool.java:48)
        at org.eclipse.jetty.util.thread.QueuedThreadPool$2.run(QueuedThreadPool.java:626)
        at java.lang.Thread.run(Thread.java:748)
"pool-131-thread-19"  prio=5 tid=770 in Object.wait()
java.lang.Thread.State: WAITING (on object monitor)
        at sun.misc.Unsafe.park(Native Method)
        at java.util.concurrent.locks.LockSupport.park(LockSupport.java:175)
        at java.util.concurrent.locks.AbstractQueuedSynchronizer$ConditionObject.await(AbstractQueuedSynchronizer.java:2039)
        at java.util.concurrent.ArrayBlockingQueue.take(ArrayBlockingQueue.java:403)
        at java.util.concurrent.ThreadPoolExecutor.getTask(ThreadPoolExecutor.java:1074)
        at java.util.concurrent.ThreadPoolExecutor.runWorker(ThreadPoolExecutor.java:1134)
        at java.util.concurrent.ThreadPoolExecutor$Worker.run(ThreadPoolExecutor.java:624)
        at java.lang.Thread.run(Thread.java:748)
"Datanode ReportManager Thread - 1" daemon prio=5 tid=174 in Object.wait()
java.lang.Thread.State: WAITING (on object monitor)
        at sun.misc.Unsafe.park(Native Method)
        at java.util.concurrent.locks.LockSupport.park(LockSupport.java:175)
        at java.util.concurrent.locks.AbstractQueuedSynchronizer$ConditionObject.await(AbstractQueuedSynchronizer.java:2039)
        at java.util.concurrent.ScheduledThreadPoolExecutor$DelayedWorkQueue.take(ScheduledThreadPoolExecutor.java:1088)
        at java.util.concurrent.ScheduledThreadPoolExecutor$DelayedWorkQueue.take(ScheduledThreadPoolExecutor.java:809)
        at java.util.concurrent.ThreadPoolExecutor.getTask(ThreadPoolExecutor.java:1074)
        at java.util.concurrent.ThreadPoolExecutor.runWorker(ThreadPoolExecutor.java:1134)
        at java.util.concurrent.ThreadPoolExecutor$Worker.run(ThreadPoolExecutor.java:624)
        at java.lang.Thread.run(Thread.java:748)
"pool-89-thread-1"  prio=5 tid=632 in Object.wait()
java.lang.Thread.State: WAITING (on object monitor)
        at sun.misc.Unsafe.park(Native Method)
        at java.util.concurrent.locks.LockSupport.park(LockSupport.java:175)
        at java.util.concurrent.locks.AbstractQueuedSynchronizer$ConditionObject.await(AbstractQueuedSynchronizer.java:2039)
        at java.util.concurrent.ArrayBlockingQueue.take(ArrayBlockingQueue.java:403)
        at java.util.concurrent.ThreadPoolExecutor.getTask(ThreadPoolExecutor.java:1074)
        at java.util.concurrent.ThreadPoolExecutor.runWorker(ThreadPoolExecutor.java:1134)
        at java.util.concurrent.ThreadPoolExecutor$Worker.run(ThreadPoolExecutor.java:624)
        at java.lang.Thread.run(Thread.java:748)
"pool-68-thread-59"  prio=5 tid=630 in Object.wait()
java.lang.Thread.State: WAITING (on object monitor)
        at sun.misc.Unsafe.park(Native Method)
        at java.util.concurrent.locks.LockSupport.park(LockSupport.java:175)
        at java.util.concurrent.locks.AbstractQueuedSynchronizer$ConditionObject.await(AbstractQueuedSynchronizer.java:2039)
        at java.util.concurrent.ArrayBlockingQueue.take(ArrayBlockingQueue.java:403)
        at java.util.concurrent.ThreadPoolExecutor.getTask(ThreadPoolExecutor.java:1074)
        at java.util.concurrent.ThreadPoolExecutor.runWorker(ThreadPoolExecutor.java:1134)
        at java.util.concurrent.ThreadPoolExecutor$Worker.run(ThreadPoolExecutor.java:624)
        at java.lang.Thread.run(Thread.java:748)
"BlockDeletingService#1" daemon prio=5 tid=308 timed_waiting
java.lang.Thread.State: TIMED_WAITING
        at sun.misc.Unsafe.park(Native Method)
        at java.util.concurrent.locks.LockSupport.parkNanos(LockSupport.java:215)
        at java.util.concurrent.locks.AbstractQueuedSynchronizer$ConditionObject.awaitNanos(AbstractQueuedSynchronizer.java:2078)
        at java.util.concurrent.ScheduledThreadPoolExecutor$DelayedWorkQueue.take(ScheduledThreadPoolExecutor.java:1093)
        at java.util.concurrent.ScheduledThreadPoolExecutor$DelayedWorkQueue.take(ScheduledThreadPoolExecutor.java:809)
        at java.util.concurrent.ThreadPoolExecutor.getTask(ThreadPoolExecutor.java:1074)
        at java.util.concurrent.ThreadPoolExecutor.runWorker(ThreadPoolExecutor.java:1134)
        at java.util.concurrent.ThreadPoolExecutor$Worker.run(ThreadPoolExecutor.java:624)
        at java.lang.Thread.run(Thread.java:748)
"pool-215-thread-30"  prio=5 tid=1021 in Object.wait()
java.lang.Thread.State: WAITING (on object monitor)
        at sun.misc.Unsafe.park(Native Method)
        at java.util.concurrent.locks.LockSupport.park(LockSupport.java:175)
        at java.util.concurrent.locks.AbstractQueuedSynchronizer$ConditionObject.await(AbstractQueuedSynchronizer.java:2039)
        at java.util.concurrent.ArrayBlockingQueue.take(ArrayBlockingQueue.java:403)
        at java.util.concurrent.ThreadPoolExecutor.getTask(ThreadPoolExecutor.java:1074)
        at java.util.concurrent.ThreadPoolExecutor.runWorker(ThreadPoolExecutor.java:1134)
        at java.util.concurrent.ThreadPoolExecutor$Worker.run(ThreadPoolExecutor.java:624)
        at java.lang.Thread.run(Thread.java:748)
"pool-68-thread-8"  prio=5 tid=579 in Object.wait()
java.lang.Thread.State: WAITING (on object monitor)
        at sun.misc.Unsafe.park(Native Method)
        at java.util.concurrent.locks.LockSupport.park(LockSupport.java:175)
        at java.util.concurrent.locks.AbstractQueuedSynchronizer$ConditionObject.await(AbstractQueuedSynchronizer.java:2039)
        at java.util.concurrent.ArrayBlockingQueue.take(ArrayBlockingQueue.java:403)
        at java.util.concurrent.ThreadPoolExecutor.getTask(ThreadPoolExecutor.java:1074)
        at java.util.concurrent.ThreadPoolExecutor.runWorker(ThreadPoolExecutor.java:1134)
        at java.util.concurrent.ThreadPoolExecutor$Worker.run(ThreadPoolExecutor.java:624)
        at java.lang.Thread.run(Thread.java:748)
"pool-47-thread-24"  prio=5 tid=535 in Object.wait()
java.lang.Thread.State: WAITING (on object monitor)
        at sun.misc.Unsafe.park(Native Method)
        at java.util.concurrent.locks.LockSupport.park(LockSupport.java:175)
        at java.util.concurrent.locks.AbstractQueuedSynchronizer$ConditionObject.await(AbstractQueuedSynchronizer.java:2039)
        at java.util.concurrent.ArrayBlockingQueue.take(ArrayBlockingQueue.java:403)
        at java.util.concurrent.ThreadPoolExecutor.getTask(ThreadPoolExecutor.java:1074)
        at java.util.concurrent.ThreadPoolExecutor.runWorker(ThreadPoolExecutor.java:1134)
        at java.util.concurrent.ThreadPoolExecutor$Worker.run(ThreadPoolExecutor.java:624)
        at java.lang.Thread.run(Thread.java:748)
"org.eclipse.jetty.server.session.HashSessionManager@d25e878Timer" daemon prio=5 tid=318 timed_waiting
java.lang.Thread.State: TIMED_WAITING
        at sun.misc.Unsafe.park(Native Method)
        at java.util.concurrent.locks.LockSupport.parkNanos(LockSupport.java:215)
        at java.util.concurrent.locks.AbstractQueuedSynchronizer$ConditionObject.awaitNanos(AbstractQueuedSynchronizer.java:2078)
        at java.util.concurrent.ScheduledThreadPoolExecutor$DelayedWorkQueue.take(ScheduledThreadPoolExecutor.java:1093)
        at java.util.concurrent.ScheduledThreadPoolExecutor$DelayedWorkQueue.take(ScheduledThreadPoolExecutor.java:809)
        at java.util.concurrent.ThreadPoolExecutor.getTask(ThreadPoolExecutor.java:1074)
        at java.util.concurrent.ThreadPoolExecutor.runWorker(ThreadPoolExecutor.java:1134)
        at java.util.concurrent.ThreadPoolExecutor$Worker.run(ThreadPoolExecutor.java:624)
        at java.lang.Thread.run(Thread.java:748)
"Datanode State Machine Thread - 0" daemon prio=5 tid=232 timed_waiting
java.lang.Thread.State: TIMED_WAITING
        at java.lang.Thread.sleep(Native Method)
        at org.apache.hadoop.ozone.container.common.statemachine.DatanodeStateMachine.start(DatanodeStateMachine.java:191)
        at org.apache.hadoop.ozone.container.common.statemachine.DatanodeStateMachine.lambda$startDaemon$0(DatanodeStateMachine.java:349)
        at org.apache.hadoop.ozone.container.common.statemachine.DatanodeStateMachine$$Lambda$139/1610803524.run(Unknown Source)
        at java.lang.Thread.run(Thread.java:748)
"Periodic HDDS volume checker"  prio=5 tid=357 timed_waiting
java.lang.Thread.State: TIMED_WAITING
        at sun.misc.Unsafe.park(Native Method)
        at java.util.concurrent.locks.LockSupport.parkNanos(LockSupport.java:215)
        at java.util.concurrent.locks.AbstractQueuedSynchronizer$ConditionObject.awaitNanos(AbstractQueuedSynchronizer.java:2078)
        at java.util.concurrent.ScheduledThreadPoolExecutor$DelayedWorkQueue.take(ScheduledThreadPoolExecutor.java:1093)
        at java.util.concurrent.ScheduledThreadPoolExecutor$DelayedWorkQueue.take(ScheduledThreadPoolExecutor.java:809)
        at java.util.concurrent.ThreadPoolExecutor.getTask(ThreadPoolExecutor.java:1074)
        at java.util.concurrent.ThreadPoolExecutor.runWorker(ThreadPoolExecutor.java:1134)
        at java.util.concurrent.ThreadPoolExecutor$Worker.run(ThreadPoolExecutor.java:624)
        at java.lang.Thread.run(Thread.java:748)
"IPC Server handler 4 on 33423" daemon prio=5 tid=34 timed_waiting
java.lang.Thread.State: TIMED_WAITING
        at sun.misc.Unsafe.park(Native Method)
        at java.util.concurrent.locks.LockSupport.parkNanos(LockSupport.java:215)
        at java.util.concurrent.locks.AbstractQueuedSynchronizer$ConditionObject.awaitNanos(AbstractQueuedSynchronizer.java:2078)
        at java.util.concurrent.LinkedBlockingQueue.poll(LinkedBlockingQueue.java:467)
        at org.apache.hadoop.ipc.CallQueueManager.take(CallQueueManager.java:288)
        at org.apache.hadoop.ipc.Server$Handler.run(Server.java:2668)
"pool-215-thread-43"  prio=5 tid=1034 in Object.wait()
java.lang.Thread.State: WAITING (on object monitor)
        at sun.misc.Unsafe.park(Native Method)
        at java.util.concurrent.locks.LockSupport.park(LockSupport.java:175)
        at java.util.concurrent.locks.AbstractQueuedSynchronizer$ConditionObject.await(AbstractQueuedSynchronizer.java:2039)
        at java.util.concurrent.ArrayBlockingQueue.take(ArrayBlockingQueue.java:403)
        at java.util.concurrent.ThreadPoolExecutor.getTask(ThreadPoolExecutor.java:1074)
        at java.util.concurrent.ThreadPoolExecutor.runWorker(ThreadPoolExecutor.java:1134)
        at java.util.concurrent.ThreadPoolExecutor$Worker.run(ThreadPoolExecutor.java:624)
        at java.lang.Thread.run(Thread.java:748)
"pool-110-thread-43"  prio=5 tid=734 in Object.wait()
java.lang.Thread.State: WAITING (on object monitor)
        at sun.misc.Unsafe.park(Native Method)
        at java.util.concurrent.locks.LockSupport.park(LockSupport.java:175)
        at java.util.concurrent.locks.AbstractQueuedSynchronizer$ConditionObject.await(AbstractQueuedSynchronizer.java:2039)
        at java.util.concurrent.ArrayBlockingQueue.take(ArrayBlockingQueue.java:403)
        at java.util.concurrent.ThreadPoolExecutor.getTask(ThreadPoolExecutor.java:1074)
        at java.util.concurrent.ThreadPoolExecutor.runWorker(ThreadPoolExecutor.java:1134)
        at java.util.concurrent.ThreadPoolExecutor$Worker.run(ThreadPoolExecutor.java:624)
        at java.lang.Thread.run(Thread.java:748)
"pool-89-thread-7"  prio=5 tid=638 in Object.wait()
java.lang.Thread.State: WAITING (on object monitor)
        at sun.misc.Unsafe.park(Native Method)
        at java.util.concurrent.locks.LockSupport.park(LockSupport.java:175)
        at java.util.concurrent.locks.AbstractQueuedSynchronizer$ConditionObject.await(AbstractQueuedSynchronizer.java:2039)
        at java.util.concurrent.ArrayBlockingQueue.take(ArrayBlockingQueue.java:403)
        at java.util.concurrent.ThreadPoolExecutor.getTask(ThreadPoolExecutor.java:1074)
        at java.util.concurrent.ThreadPoolExecutor.runWorker(ThreadPoolExecutor.java:1134)
        at java.util.concurrent.ThreadPoolExecutor$Worker.run(ThreadPoolExecutor.java:624)
        at java.lang.Thread.run(Thread.java:748)
"Datanode State Machine Thread - 0" daemon prio=5 tid=331 timed_waiting
java.lang.Thread.State: TIMED_WAITING
        at sun.misc.Unsafe.park(Native Method)
        at java.util.concurrent.locks.LockSupport.parkNanos(LockSupport.java:215)
        at java.util.concurrent.SynchronousQueue$TransferStack.awaitFulfill(SynchronousQueue.java:460)
        at java.util.concurrent.SynchronousQueue$TransferStack.transfer(SynchronousQueue.java:362)
        at java.util.concurrent.SynchronousQueue.poll(SynchronousQueue.java:941)
        at java.util.concurrent.ThreadPoolExecutor.getTask(ThreadPoolExecutor.java:1073)
        at java.util.concurrent.ThreadPoolExecutor.runWorker(ThreadPoolExecutor.java:1134)
        at java.util.concurrent.ThreadPoolExecutor$Worker.run(ThreadPoolExecutor.java:624)
        at java.lang.Thread.run(Thread.java:748)
"pool-152-thread-28"  prio=5 tid=839 in Object.wait()
java.lang.Thread.State: WAITING (on object monitor)
        at sun.misc.Unsafe.park(Native Method)
        at java.util.concurrent.locks.LockSupport.park(LockSupport.java:175)
        at java.util.concurrent.locks.AbstractQueuedSynchronizer$ConditionObject.await(AbstractQueuedSynchronizer.java:2039)
        at java.util.concurrent.ArrayBlockingQueue.take(ArrayBlockingQueue.java:403)
        at java.util.concurrent.ThreadPoolExecutor.getTask(ThreadPoolExecutor.java:1074)
        at java.util.concurrent.ThreadPoolExecutor.runWorker(ThreadPoolExecutor.java:1134)
        at java.util.concurrent.ThreadPoolExecutor$Worker.run(ThreadPoolExecutor.java:624)
        at java.lang.Thread.run(Thread.java:748)
"7e110c32-16c6-4157-bc33-575ee617fed4-RaftLogWorker"  prio=5 tid=1116 timed_waiting
java.lang.Thread.State: TIMED_WAITING
        at sun.misc.Unsafe.park(Native Method)
        at java.util.concurrent.locks.LockSupport.parkNanos(LockSupport.java:215)
        at java.util.concurrent.locks.AbstractQueuedSynchronizer$ConditionObject.awaitNanos(AbstractQueuedSynchronizer.java:2078)
        at org.apache.ratis.util.DataBlockingQueue.poll(DataBlockingQueue.java:137)
        at org.apache.ratis.server.storage.RaftLogWorker.run(RaftLogWorker.java:216)
        at java.lang.Thread.run(Thread.java:748)
"org.apache.ratis.server.impl.LogAppender$$Lambda$313/942784436@419ce9d" daemon prio=5 tid=1184 timed_waiting
java.lang.Thread.State: TIMED_WAITING
        at java.lang.Object.wait(Native Method)
        at org.apache.ratis.grpc.server.GrpcLogAppender.mayWait(GrpcLogAppender.java:140)
        at org.apache.ratis.grpc.server.GrpcLogAppender.runAppenderImpl(GrpcLogAppender.java:94)
        at org.apache.ratis.server.impl.LogAppender.runAppender(LogAppender.java:101)
        at org.apache.ratis.server.impl.LogAppender$$Lambda$313/942784436.run(Unknown Source)
        at java.lang.Thread.run(Thread.java:748)
"Datanode ReportManager Thread - 2" daemon prio=5 tid=297 in Object.wait()
java.lang.Thread.State: WAITING (on object monitor)
        at sun.misc.Unsafe.park(Native Method)
        at java.util.concurrent.locks.LockSupport.park(LockSupport.java:175)
        at java.util.concurrent.locks.AbstractQueuedSynchronizer$ConditionObject.await(AbstractQueuedSynchronizer.java:2039)
        at java.util.concurrent.ScheduledThreadPoolExecutor$DelayedWorkQueue.take(ScheduledThreadPoolExecutor.java:1088)
        at java.util.concurrent.ScheduledThreadPoolExecutor$DelayedWorkQueue.take(ScheduledThreadPoolExecutor.java:809)
        at java.util.concurrent.ThreadPoolExecutor.getTask(ThreadPoolExecutor.java:1074)
        at java.util.concurrent.ThreadPoolExecutor.runWorker(ThreadPoolExecutor.java:1134)
        at java.util.concurrent.ThreadPoolExecutor$Worker.run(ThreadPoolExecutor.java:624)
        at java.lang.Thread.run(Thread.java:748)
"pool-26-thread-3"  prio=5 tid=453 in Object.wait()
java.lang.Thread.State: WAITING (on object monitor)
        at sun.misc.Unsafe.park(Native Method)
        at java.util.concurrent.locks.LockSupport.park(LockSupport.java:175)
        at java.util.concurrent.locks.AbstractQueuedSynchronizer$ConditionObject.await(AbstractQueuedSynchronizer.java:2039)
        at java.util.concurrent.ArrayBlockingQueue.take(ArrayBlockingQueue.java:403)
        at java.util.concurrent.ThreadPoolExecutor.getTask(ThreadPoolExecutor.java:1074)
        at java.util.concurrent.ThreadPoolExecutor.runWorker(ThreadPoolExecutor.java:1134)
        at java.util.concurrent.ThreadPoolExecutor$Worker.run(ThreadPoolExecutor.java:624)
        at java.lang.Thread.run(Thread.java:748)
"pool-110-thread-40"  prio=5 tid=731 in Object.wait()
java.lang.Thread.State: WAITING (on object monitor)
        at sun.misc.Unsafe.park(Native Method)
        at java.util.concurrent.locks.LockSupport.park(LockSupport.java:175)
        at java.util.concurrent.locks.AbstractQueuedSynchronizer$ConditionObject.await(AbstractQueuedSynchronizer.java:2039)
        at java.util.concurrent.ArrayBlockingQueue.take(ArrayBlockingQueue.java:403)
        at java.util.concurrent.ThreadPoolExecutor.getTask(ThreadPoolExecutor.java:1074)
        at java.util.concurrent.ThreadPoolExecutor.runWorker(ThreadPoolExecutor.java:1134)
        at java.util.concurrent.ThreadPoolExecutor$Worker.run(ThreadPoolExecutor.java:624)
        at java.lang.Thread.run(Thread.java:748)
"pool-194-thread-28"  prio=5 tid=959 in Object.wait()
java.lang.Thread.State: WAITING (on object monitor)
        at sun.misc.Unsafe.park(Native Method)
        at java.util.concurrent.locks.LockSupport.park(LockSupport.java:175)
        at java.util.concurrent.locks.AbstractQueuedSynchronizer$ConditionObject.await(AbstractQueuedSynchronizer.java:2039)
        at java.util.concurrent.ArrayBlockingQueue.take(ArrayBlockingQueue.java:403)
        at java.util.concurrent.ThreadPoolExecutor.getTask(ThreadPoolExecutor.java:1074)
        at java.util.concurrent.ThreadPoolExecutor.runWorker(ThreadPoolExecutor.java:1134)
        at java.util.concurrent.ThreadPoolExecutor$Worker.run(ThreadPoolExecutor.java:624)
        at java.lang.Thread.run(Thread.java:748)
"qtp1866002564-285" daemon prio=5 tid=285 timed_waiting
java.lang.Thread.State: TIMED_WAITING
        at sun.misc.Unsafe.park(Native Method)
        at java.util.concurrent.locks.LockSupport.parkNanos(LockSupport.java:215)
        at java.util.concurrent.locks.AbstractQueuedSynchronizer$ConditionObject.awaitNanos(AbstractQueuedSynchronizer.java:2078)
        at org.eclipse.jetty.util.BlockingArrayQueue.poll(BlockingArrayQueue.java:392)
        at org.eclipse.jetty.util.thread.QueuedThreadPool.idleJobPoll(QueuedThreadPool.java:563)
        at org.eclipse.jetty.util.thread.QueuedThreadPool.access$800(QueuedThreadPool.java:48)
        at org.eclipse.jetty.util.thread.QueuedThreadPool$2.run(QueuedThreadPool.java:626)
        at java.lang.Thread.run(Thread.java:748)
"pool-152-thread-24"  prio=5 tid=835 in Object.wait()
java.lang.Thread.State: WAITING (on object monitor)
        at sun.misc.Unsafe.park(Native Method)
        at java.util.concurrent.locks.LockSupport.park(LockSupport.java:175)
        at java.util.concurrent.locks.AbstractQueuedSynchronizer$ConditionObject.await(AbstractQueuedSynchronizer.java:2039)
        at java.util.concurrent.ArrayBlockingQueue.take(ArrayBlockingQueue.java:403)
        at java.util.concurrent.ThreadPoolExecutor.getTask(ThreadPoolExecutor.java:1074)
        at java.util.concurrent.ThreadPoolExecutor.runWorker(ThreadPoolExecutor.java:1134)
        at java.util.concurrent.ThreadPoolExecutor$Worker.run(ThreadPoolExecutor.java:624)
        at java.lang.Thread.run(Thread.java:748)
"pool-131-thread-56"  prio=5 tid=807 in Object.wait()
java.lang.Thread.State: WAITING (on object monitor)
        at sun.misc.Unsafe.park(Native Method)
        at java.util.concurrent.locks.LockSupport.park(LockSupport.java:175)
        at java.util.concurrent.locks.AbstractQueuedSynchronizer$ConditionObject.await(AbstractQueuedSynchronizer.java:2039)
        at java.util.concurrent.ArrayBlockingQueue.take(ArrayBlockingQueue.java:403)
        at java.util.concurrent.ThreadPoolExecutor.getTask(ThreadPoolExecutor.java:1074)
        at java.util.concurrent.ThreadPoolExecutor.runWorker(ThreadPoolExecutor.java:1134)
        at java.util.concurrent.ThreadPoolExecutor$Worker.run(ThreadPoolExecutor.java:624)
        at java.lang.Thread.run(Thread.java:748)
"pool-68-thread-7"  prio=5 tid=578 in Object.wait()
java.lang.Thread.State: WAITING (on object monitor)
        at sun.misc.Unsafe.park(Native Method)
        at java.util.concurrent.locks.LockSupport.park(LockSupport.java:175)
        at java.util.concurrent.locks.AbstractQueuedSynchronizer$ConditionObject.await(AbstractQueuedSynchronizer.java:2039)
        at java.util.concurrent.ArrayBlockingQueue.take(ArrayBlockingQueue.java:403)
        at java.util.concurrent.ThreadPoolExecutor.getTask(ThreadPoolExecutor.java:1074)
        at java.util.concurrent.ThreadPoolExecutor.runWorker(ThreadPoolExecutor.java:1134)
        at java.util.concurrent.ThreadPoolExecutor$Worker.run(ThreadPoolExecutor.java:624)
        at java.lang.Thread.run(Thread.java:748)
"BlockDeletingService#2" daemon prio=5 tid=1860 in Object.wait()
java.lang.Thread.State: WAITING (on object monitor)
        at sun.misc.Unsafe.park(Native Method)
        at java.util.concurrent.locks.LockSupport.park(LockSupport.java:175)
        at java.util.concurrent.locks.AbstractQueuedSynchronizer$ConditionObject.await(AbstractQueuedSynchronizer.java:2039)
        at java.util.concurrent.ScheduledThreadPoolExecutor$DelayedWorkQueue.take(ScheduledThreadPoolExecutor.java:1088)
        at java.util.concurrent.ScheduledThreadPoolExecutor$DelayedWorkQueue.take(ScheduledThreadPoolExecutor.java:809)
        at java.util.concurrent.ThreadPoolExecutor.getTask(ThreadPoolExecutor.java:1074)
        at java.util.concurrent.ThreadPoolExecutor.runWorker(ThreadPoolExecutor.java:1134)
        at java.util.concurrent.ThreadPoolExecutor$Worker.run(ThreadPoolExecutor.java:624)
        at java.lang.Thread.run(Thread.java:748)
"grpc-default-worker-ELG-3-2" daemon prio=5 tid=1063 runnable
java.lang.Thread.State: RUNNABLE
        at sun.nio.ch.EPollArrayWrapper.epollWait(Native Method)
        at sun.nio.ch.EPollArrayWrapper.poll(EPollArrayWrapper.java:269)
        at sun.nio.ch.EPollSelectorImpl.doSelect(EPollSelectorImpl.java:93)
        at sun.nio.ch.SelectorImpl.lockAndDoSelect(SelectorImpl.java:86)
        at sun.nio.ch.SelectorImpl.select(SelectorImpl.java:97)
        at org.apache.ratis.thirdparty.io.netty.channel.nio.SelectedSelectionKeySetSelector.select(SelectedSelectionKeySetSelector.java:62)
        at org.apache.ratis.thirdparty.io.netty.channel.nio.NioEventLoop.select(NioEventLoop.java:753)
        at org.apache.ratis.thirdparty.io.netty.channel.nio.NioEventLoop.run(NioEventLoop.java:408)
        at org.apache.ratis.thirdparty.io.netty.util.concurrent.SingleThreadEventExecutor$5.run(SingleThreadEventExecutor.java:897)
        at org.apache.ratis.thirdparty.io.netty.util.concurrent.FastThreadLocalRunnable.run(FastThreadLocalRunnable.java:30)
        at java.lang.Thread.run(Thread.java:748)
"pool-152-thread-16"  prio=5 tid=827 in Object.wait()
java.lang.Thread.State: WAITING (on object monitor)
        at sun.misc.Unsafe.park(Native Method)
        at java.util.concurrent.locks.LockSupport.park(LockSupport.java:175)
        at java.util.concurrent.locks.AbstractQueuedSynchronizer$ConditionObject.await(AbstractQueuedSynchronizer.java:2039)
        at java.util.concurrent.ArrayBlockingQueue.take(ArrayBlockingQueue.java:403)
        at java.util.concurrent.ThreadPoolExecutor.getTask(ThreadPoolExecutor.java:1074)
        at java.util.concurrent.ThreadPoolExecutor.runWorker(ThreadPoolExecutor.java:1134)
        at java.util.concurrent.ThreadPoolExecutor$Worker.run(ThreadPoolExecutor.java:624)
        at java.lang.Thread.run(Thread.java:748)
"main"  prio=5 tid=1 runnable
java.lang.Thread.State: RUNNABLE
        at java.lang.Thread.dumpThreads(Native Method)
        at java.lang.Thread.getAllStackTraces(Thread.java:1610)
        at org.apache.hadoop.test.TimedOutTestsListener.buildThreadDump(TimedOutTestsListener.java:87)
        at org.apache.hadoop.test.TimedOutTestsListener.buildThreadDiagnosticString(TimedOutTestsListener.java:73)
        at org.apache.hadoop.test.GenericTestUtils.waitFor(GenericTestUtils.java:389)
        at org.apache.hadoop.ozone.MiniOzoneClusterImpl.waitForClusterToBeReady(MiniOzoneClusterImpl.java:139)
        at org.apache.hadoop.ozone.container.common.statemachine.commandhandler.TestCloseContainerByPipeline.init(TestCloseContainerByPipeline.java:80)
        at sun.reflect.NativeMethodAccessorImpl.invoke0(Native Method)
        at sun.reflect.NativeMethodAccessorImpl.invoke(NativeMethodAccessorImpl.java:62)
        at sun.reflect.DelegatingMethodAccessorImpl.invoke(DelegatingMethodAccessorImpl.java:43)
        at java.lang.reflect.Method.invoke(Method.java:498)
        at org.junit.runners.model.FrameworkMethod$1.runReflectiveCall(FrameworkMethod.java:47)
        at org.junit.internal.runners.model.ReflectiveCallable.run(ReflectiveCallable.java:12)
        at org.junit.runners.model.FrameworkMethod.invokeExplosively(FrameworkMethod.java:44)
        at org.junit.internal.runners.statements.RunBefores.evaluate(RunBefores.java:24)
        at org.junit.internal.runners.statements.RunAfters.evaluate(RunAfters.java:27)
        at org.junit.runners.ParentRunner.run(ParentRunner.java:309)
        at org.apache.maven.surefire.junit4.JUnit4Provider.execute(JUnit4Provider.java:365)
        at org.apache.maven.surefire.junit4.JUnit4Provider.executeWithRerun(JUnit4Provider.java:273)
        at org.apache.maven.surefire.junit4.JUnit4Provider.executeTestSet(JUnit4Provider.java:238)
        at org.apache.maven.surefire.junit4.JUnit4Provider.invoke(JUnit4Provider.java:159)
        at org.apache.maven.surefire.booter.ForkedBooter.invokeProviderInSameClassLoader(ForkedBooter.java:384)
        at org.apache.maven.surefire.booter.ForkedBooter.runSuitesInProcess(ForkedBooter.java:345)
        at org.apache.maven.surefire.booter.ForkedBooter.execute(ForkedBooter.java:126)
        at org.apache.maven.surefire.booter.ForkedBooter.main(ForkedBooter.java:418)
"pool-194-thread-41"  prio=5 tid=972 in Object.wait()
java.lang.Thread.State: WAITING (on object monitor)
        at sun.misc.Unsafe.park(Native Method)
        at java.util.concurrent.locks.LockSupport.park(LockSupport.java:175)
        at java.util.concurrent.locks.AbstractQueuedSynchronizer$ConditionObject.await(AbstractQueuedSynchronizer.java:2039)
        at java.util.concurrent.ArrayBlockingQueue.take(ArrayBlockingQueue.java:403)
        at java.util.concurrent.ThreadPoolExecutor.getTask(ThreadPoolExecutor.java:1074)
        at java.util.concurrent.ThreadPoolExecutor.runWorker(ThreadPoolExecutor.java:1134)
        at java.util.concurrent.ThreadPoolExecutor$Worker.run(ThreadPoolExecutor.java:624)
        at java.lang.Thread.run(Thread.java:748)
"pool-131-thread-21"  prio=5 tid=772 in Object.wait()
java.lang.Thread.State: WAITING (on object monitor)
        at sun.misc.Unsafe.park(Native Method)
        at java.util.concurrent.locks.LockSupport.park(LockSupport.java:175)
        at java.util.concurrent.locks.AbstractQueuedSynchronizer$ConditionObject.await(AbstractQueuedSynchronizer.java:2039)
        at java.util.concurrent.ArrayBlockingQueue.take(ArrayBlockingQueue.java:403)
        at java.util.concurrent.ThreadPoolExecutor.getTask(ThreadPoolExecutor.java:1074)
        at java.util.concurrent.ThreadPoolExecutor.runWorker(ThreadPoolExecutor.java:1134)
        at java.util.concurrent.ThreadPoolExecutor$Worker.run(ThreadPoolExecutor.java:624)
        at java.lang.Thread.run(Thread.java:748)
"Socket Reader #1 for port 33423"  prio=5 tid=24 runnable
java.lang.Thread.State: RUNNABLE
        at sun.nio.ch.EPollArrayWrapper.epollWait(Native Method)
        at sun.nio.ch.EPollArrayWrapper.poll(EPollArrayWrapper.java:269)
        at sun.nio.ch.EPollSelectorImpl.doSelect(EPollSelectorImpl.java:93)
        at sun.nio.ch.SelectorImpl.lockAndDoSelect(SelectorImpl.java:86)
        at sun.nio.ch.SelectorImpl.select(SelectorImpl.java:97)
        at sun.nio.ch.SelectorImpl.select(SelectorImpl.java:101)
        at org.apache.hadoop.ipc.Server$Listener$Reader.doRunLoop(Server.java:1097)
        at org.apache.hadoop.ipc.Server$Listener$Reader.run(Server.java:1076)
"pool-89-thread-17"  prio=5 tid=648 in Object.wait()
java.lang.Thread.State: WAITING (on object monitor)
        at sun.misc.Unsafe.park(Native Method)
        at java.util.concurrent.locks.LockSupport.park(LockSupport.java:175)
        at java.util.concurrent.locks.AbstractQueuedSynchronizer$ConditionObject.await(AbstractQueuedSynchronizer.java:2039)
        at java.util.concurrent.ArrayBlockingQueue.take(ArrayBlockingQueue.java:403)
        at java.util.concurrent.ThreadPoolExecutor.getTask(ThreadPoolExecutor.java:1074)
        at java.util.concurrent.ThreadPoolExecutor.runWorker(ThreadPoolExecutor.java:1134)
        at java.util.concurrent.ThreadPoolExecutor$Worker.run(ThreadPoolExecutor.java:624)
        at java.lang.Thread.run(Thread.java:748)
"pool-26-thread-12"  prio=5 tid=462 in Object.wait()
java.lang.Thread.State: WAITING (on object monitor)
        at sun.misc.Unsafe.park(Native Method)
        at java.util.concurrent.locks.LockSupport.park(LockSupport.java:175)
        at java.util.concurrent.locks.AbstractQueuedSynchronizer$ConditionObject.await(AbstractQueuedSynchronizer.java:2039)
        at java.util.concurrent.ArrayBlockingQueue.take(ArrayBlockingQueue.java:403)
        at java.util.concurrent.ThreadPoolExecutor.getTask(ThreadPoolExecutor.java:1074)
        at java.util.concurrent.ThreadPoolExecutor.runWorker(ThreadPoolExecutor.java:1134)
        at java.util.concurrent.ThreadPoolExecutor$Worker.run(ThreadPoolExecutor.java:624)
        at java.lang.Thread.run(Thread.java:748)
"IPC Server handler 11 on 46447" daemon prio=5 tid=61 timed_waiting
java.lang.Thread.State: TIMED_WAITING
        at sun.misc.Unsafe.park(Native Method)
        at java.util.concurrent.locks.LockSupport.parkNanos(LockSupport.java:215)
        at java.util.concurrent.locks.AbstractQueuedSynchronizer$ConditionObject.awaitNanos(AbstractQueuedSynchronizer.java:2078)
        at java.util.concurrent.LinkedBlockingQueue.poll(LinkedBlockingQueue.java:467)
        at org.apache.hadoop.ipc.CallQueueManager.take(CallQueueManager.java:288)
        at org.apache.hadoop.ipc.Server$Handler.run(Server.java:2668)
"qtp2106129052-407" daemon prio=5 tid=407 timed_waiting
java.lang.Thread.State: TIMED_WAITING
        at sun.misc.Unsafe.park(Native Method)
        at java.util.concurrent.locks.LockSupport.parkNanos(LockSupport.java:215)
        at java.util.concurrent.locks.AbstractQueuedSynchronizer$ConditionObject.awaitNanos(AbstractQueuedSynchronizer.java:2078)
        at org.eclipse.jetty.util.BlockingArrayQueue.poll(BlockingArrayQueue.java:392)
        at org.eclipse.jetty.util.thread.QueuedThreadPool.idleJobPoll(QueuedThreadPool.java:563)
        at org.eclipse.jetty.util.thread.QueuedThreadPool.access$800(QueuedThreadPool.java:48)
        at org.eclipse.jetty.util.thread.QueuedThreadPool$2.run(QueuedThreadPool.java:626)
        at java.lang.Thread.run(Thread.java:748)
"5ff02751-d237-480c-b1e9-4266071b5fb0-RaftLogWorker"  prio=5 tid=1124 timed_waiting
java.lang.Thread.State: TIMED_WAITING
        at sun.misc.Unsafe.park(Native Method)
        at java.util.concurrent.locks.LockSupport.parkNanos(LockSupport.java:215)
        at java.util.concurrent.locks.AbstractQueuedSynchronizer$ConditionObject.awaitNanos(AbstractQueuedSynchronizer.java:2078)
        at org.apache.ratis.util.DataBlockingQueue.poll(DataBlockingQueue.java:137)
        at org.apache.ratis.server.storage.RaftLogWorker.run(RaftLogWorker.java:216)
        at java.lang.Thread.run(Thread.java:748)
"pool-47-thread-21"  prio=5 tid=532 in Object.wait()
java.lang.Thread.State: WAITING (on object monitor)
        at sun.misc.Unsafe.park(Native Method)
        at java.util.concurrent.locks.LockSupport.park(LockSupport.java:175)
        at java.util.concurrent.locks.AbstractQueuedSynchronizer$ConditionObject.await(AbstractQueuedSynchronizer.java:2039)
        at java.util.concurrent.ArrayBlockingQueue.take(ArrayBlockingQueue.java:403)
        at java.util.concurrent.ThreadPoolExecutor.getTask(ThreadPoolExecutor.java:1074)
        at java.util.concurrent.ThreadPoolExecutor.runWorker(ThreadPoolExecutor.java:1134)
        at java.util.concurrent.ThreadPoolExecutor$Worker.run(ThreadPoolExecutor.java:624)
        at java.lang.Thread.run(Thread.java:748)
"IPC Server handler 0 on 38877" daemon prio=5 tid=114 timed_waiting
java.lang.Thread.State: TIMED_WAITING
        at sun.misc.Unsafe.park(Native Method)
        at java.util.concurrent.locks.LockSupport.parkNanos(LockSupport.java:215)
        at java.util.concurrent.locks.AbstractQueuedSynchronizer$ConditionObject.awaitNanos(AbstractQueuedSynchronizer.java:2078)
        at java.util.concurrent.LinkedBlockingQueue.poll(LinkedBlockingQueue.java:467)
        at org.apache.hadoop.ipc.CallQueueManager.take(CallQueueManager.java:288)
        at org.apache.hadoop.ipc.Server$Handler.run(Server.java:2668)
"pool-89-thread-25"  prio=5 tid=656 in Object.wait()
java.lang.Thread.State: WAITING (on object monitor)
        at sun.misc.Unsafe.park(Native Method)
        at java.util.concurrent.locks.LockSupport.park(LockSupport.java:175)
        at java.util.concurrent.locks.AbstractQueuedSynchronizer$ConditionObject.await(AbstractQueuedSynchronizer.java:2039)
        at java.util.concurrent.ArrayBlockingQueue.take(ArrayBlockingQueue.java:403)
        at java.util.concurrent.ThreadPoolExecutor.getTask(ThreadPoolExecutor.java:1074)
        at java.util.concurrent.ThreadPoolExecutor.runWorker(ThreadPoolExecutor.java:1134)
        at java.util.concurrent.ThreadPoolExecutor$Worker.run(ThreadPoolExecutor.java:624)
        at java.lang.Thread.run(Thread.java:748)
"pool-68-thread-26"  prio=5 tid=597 in Object.wait()
java.lang.Thread.State: WAITING (on object monitor)
        at sun.misc.Unsafe.park(Native Method)
        at java.util.concurrent.locks.LockSupport.park(LockSupport.java:175)
        at java.util.concurrent.locks.AbstractQueuedSynchronizer$ConditionObject.await(AbstractQueuedSynchronizer.java:2039)
        at java.util.concurrent.ArrayBlockingQueue.take(ArrayBlockingQueue.java:403)
        at java.util.concurrent.ThreadPoolExecutor.getTask(ThreadPoolExecutor.java:1074)
        at java.util.concurrent.ThreadPoolExecutor.runWorker(ThreadPoolExecutor.java:1134)
        at java.util.concurrent.ThreadPoolExecutor$Worker.run(ThreadPoolExecutor.java:624)
        at java.lang.Thread.run(Thread.java:748)
"qtp1866002564-284" daemon prio=5 tid=284 timed_waiting
java.lang.Thread.State: TIMED_WAITING
        at sun.misc.Unsafe.park(Native Method)
        at java.util.concurrent.locks.LockSupport.parkNanos(LockSupport.java:215)
        at java.util.concurrent.locks.AbstractQueuedSynchronizer$ConditionObject.awaitNanos(AbstractQueuedSynchronizer.java:2078)
        at org.eclipse.jetty.util.BlockingArrayQueue.poll(BlockingArrayQueue.java:392)
        at org.eclipse.jetty.util.thread.QueuedThreadPool.idleJobPoll(QueuedThreadPool.java:563)
        at org.eclipse.jetty.util.thread.QueuedThreadPool.access$800(QueuedThreadPool.java:48)
        at org.eclipse.jetty.util.thread.QueuedThreadPool$2.run(QueuedThreadPool.java:626)
        at java.lang.Thread.run(Thread.java:748)
"pool-173-thread-44"  prio=5 tid=915 in Object.wait()
java.lang.Thread.State: WAITING (on object monitor)
        at sun.misc.Unsafe.park(Native Method)
        at java.util.concurrent.locks.LockSupport.park(LockSupport.java:175)
        at java.util.concurrent.locks.AbstractQueuedSynchronizer$ConditionObject.await(AbstractQueuedSynchronizer.java:2039)
        at java.util.concurrent.ArrayBlockingQueue.take(ArrayBlockingQueue.java:403)
        at java.util.concurrent.ThreadPoolExecutor.getTask(ThreadPoolExecutor.java:1074)
        at java.util.concurrent.ThreadPoolExecutor.runWorker(ThreadPoolExecutor.java:1134)
        at java.util.concurrent.ThreadPoolExecutor$Worker.run(ThreadPoolExecutor.java:624)
        at java.lang.Thread.run(Thread.java:748)
"pool-173-thread-51"  prio=5 tid=922 in Object.wait()
java.lang.Thread.State: WAITING (on object monitor)
        at sun.misc.Unsafe.park(Native Method)
        at java.util.concurrent.locks.LockSupport.park(LockSupport.java:175)
        at java.util.concurrent.locks.AbstractQueuedSynchronizer$ConditionObject.await(AbstractQueuedSynchronizer.java:2039)
        at java.util.concurrent.ArrayBlockingQueue.take(ArrayBlockingQueue.java:403)
        at java.util.concurrent.ThreadPoolExecutor.getTask(ThreadPoolExecutor.java:1074)
        at java.util.concurrent.ThreadPoolExecutor.runWorker(ThreadPoolExecutor.java:1134)
        at java.util.concurrent.ThreadPoolExecutor$Worker.run(ThreadPoolExecutor.java:624)
        at java.lang.Thread.run(Thread.java:748)
"pool-131-thread-34"  prio=5 tid=785 in Object.wait()
java.lang.Thread.State: WAITING (on object monitor)
        at sun.misc.Unsafe.park(Native Method)
        at java.util.concurrent.locks.LockSupport.park(LockSupport.java:175)
        at java.util.concurrent.locks.AbstractQueuedSynchronizer$ConditionObject.await(AbstractQueuedSynchronizer.java:2039)
        at java.util.concurrent.ArrayBlockingQueue.take(ArrayBlockingQueue.java:403)
        at java.util.concurrent.ThreadPoolExecutor.getTask(ThreadPoolExecutor.java:1074)
        at java.util.concurrent.ThreadPoolExecutor.runWorker(ThreadPoolExecutor.java:1134)
        at java.util.concurrent.ThreadPoolExecutor$Worker.run(ThreadPoolExecutor.java:624)
        at java.lang.Thread.run(Thread.java:748)
"Periodic HDDS volume checker"  prio=5 tid=326 timed_waiting
java.lang.Thread.State: TIMED_WAITING
        at sun.misc.Unsafe.park(Native Method)
        at java.util.concurrent.locks.LockSupport.parkNanos(LockSupport.java:215)
        at java.util.concurrent.locks.AbstractQueuedSynchronizer$ConditionObject.awaitNanos(AbstractQueuedSynchronizer.java:2078)
        at java.util.concurrent.ScheduledThreadPoolExecutor$DelayedWorkQueue.take(ScheduledThreadPoolExecutor.java:1093)
        at java.util.concurrent.ScheduledThreadPoolExecutor$DelayedWorkQueue.take(ScheduledThreadPoolExecutor.java:809)
        at java.util.concurrent.ThreadPoolExecutor.getTask(ThreadPoolExecutor.java:1074)
        at java.util.concurrent.ThreadPoolExecutor.runWorker(ThreadPoolExecutor.java:1134)
        at java.util.concurrent.ThreadPoolExecutor$Worker.run(ThreadPoolExecutor.java:624)
        at java.lang.Thread.run(Thread.java:748)
"pool-68-thread-32"  prio=5 tid=603 in Object.wait()
java.lang.Thread.State: WAITING (on object monitor)
        at sun.misc.Unsafe.park(Native Method)
        at java.util.concurrent.locks.LockSupport.park(LockSupport.java:175)
        at java.util.concurrent.locks.AbstractQueuedSynchronizer$ConditionObject.await(AbstractQueuedSynchronizer.java:2039)
        at java.util.concurrent.ArrayBlockingQueue.take(ArrayBlockingQueue.java:403)
        at java.util.concurrent.ThreadPoolExecutor.getTask(ThreadPoolExecutor.java:1074)
        at java.util.concurrent.ThreadPoolExecutor.runWorker(ThreadPoolExecutor.java:1134)
        at java.util.concurrent.ThreadPoolExecutor$Worker.run(ThreadPoolExecutor.java:624)
        at java.lang.Thread.run(Thread.java:748)
"pool-152-thread-57"  prio=5 tid=868 in Object.wait()
java.lang.Thread.State: WAITING (on object monitor)
        at sun.misc.Unsafe.park(Native Method)
        at java.util.concurrent.locks.LockSupport.park(LockSupport.java:175)
        at java.util.concurrent.locks.AbstractQueuedSynchronizer$ConditionObject.await(AbstractQueuedSynchronizer.java:2039)
        at java.util.concurrent.ArrayBlockingQueue.take(ArrayBlockingQueue.java:403)
        at java.util.concurrent.ThreadPoolExecutor.getTask(ThreadPoolExecutor.java:1074)
        at java.util.concurrent.ThreadPoolExecutor.runWorker(ThreadPoolExecutor.java:1134)
        at java.util.concurrent.ThreadPoolExecutor$Worker.run(ThreadPoolExecutor.java:624)
        at java.lang.Thread.run(Thread.java:748)
"pool-131-thread-8"  prio=5 tid=759 in Object.wait()
java.lang.Thread.State: WAITING (on object monitor)
        at sun.misc.Unsafe.park(Native Method)
        at java.util.concurrent.locks.LockSupport.park(LockSupport.java:175)
        at java.util.concurrent.locks.AbstractQueuedSynchronizer$ConditionObject.await(AbstractQueuedSynchronizer.java:2039)
        at java.util.concurrent.ArrayBlockingQueue.take(ArrayBlockingQueue.java:403)
        at java.util.concurrent.ThreadPoolExecutor.getTask(ThreadPoolExecutor.java:1074)
        at java.util.concurrent.ThreadPoolExecutor.runWorker(ThreadPoolExecutor.java:1134)
        at java.util.concurrent.ThreadPoolExecutor$Worker.run(ThreadPoolExecutor.java:624)
        at java.lang.Thread.run(Thread.java:748)
"pool-215-thread-25"  prio=5 tid=1016 in Object.wait()
java.lang.Thread.State: WAITING (on object monitor)
        at sun.misc.Unsafe.park(Native Method)
        at java.util.concurrent.locks.LockSupport.park(LockSupport.java:175)
        at java.util.concurrent.locks.AbstractQueuedSynchronizer$ConditionObject.await(AbstractQueuedSynchronizer.java:2039)
        at java.util.concurrent.ArrayBlockingQueue.take(ArrayBlockingQueue.java:403)
        at java.util.concurrent.ThreadPoolExecutor.getTask(ThreadPoolExecutor.java:1074)
        at java.util.concurrent.ThreadPoolExecutor.runWorker(ThreadPoolExecutor.java:1134)
        at java.util.concurrent.ThreadPoolExecutor$Worker.run(ThreadPoolExecutor.java:624)
        at java.lang.Thread.run(Thread.java:748)
"pool-47-thread-2"  prio=5 tid=513 in Object.wait()
java.lang.Thread.State: WAITING (on object monitor)
        at sun.misc.Unsafe.park(Native Method)
        at java.util.concurrent.locks.LockSupport.park(LockSupport.java:175)
        at java.util.concurrent.locks.AbstractQueuedSynchronizer$ConditionObject.await(AbstractQueuedSynchronizer.java:2039)
        at java.util.concurrent.ArrayBlockingQueue.take(ArrayBlockingQueue.java:403)
        at java.util.concurrent.ThreadPoolExecutor.getTask(ThreadPoolExecutor.java:1074)
        at java.util.concurrent.ThreadPoolExecutor.runWorker(ThreadPoolExecutor.java:1134)
        at java.util.concurrent.ThreadPoolExecutor$Worker.run(ThreadPoolExecutor.java:624)
        at java.lang.Thread.run(Thread.java:748)
"qtp608414678-222" daemon prio=5 tid=222 timed_waiting
java.lang.Thread.State: TIMED_WAITING
        at sun.misc.Unsafe.park(Native Method)
        at java.util.concurrent.locks.LockSupport.parkNanos(LockSupport.java:215)
        at java.util.concurrent.locks.AbstractQueuedSynchronizer$ConditionObject.awaitNanos(AbstractQueuedSynchronizer.java:2078)
        at org.eclipse.jetty.util.BlockingArrayQueue.poll(BlockingArrayQueue.java:392)
        at org.eclipse.jetty.util.thread.QueuedThreadPool.idleJobPoll(QueuedThreadPool.java:563)
        at org.eclipse.jetty.util.thread.QueuedThreadPool.access$800(QueuedThreadPool.java:48)
        at org.eclipse.jetty.util.thread.QueuedThreadPool$2.run(QueuedThreadPool.java:626)
        at java.lang.Thread.run(Thread.java:748)
"pool-47-thread-35"  prio=5 tid=546 in Object.wait()
java.lang.Thread.State: WAITING (on object monitor)
        at sun.misc.Unsafe.park(Native Method)
        at java.util.concurrent.locks.LockSupport.park(LockSupport.java:175)
        at java.util.concurrent.locks.AbstractQueuedSynchronizer$ConditionObject.await(AbstractQueuedSynchronizer.java:2039)
        at java.util.concurrent.ArrayBlockingQueue.take(ArrayBlockingQueue.java:403)
        at java.util.concurrent.ThreadPoolExecutor.getTask(ThreadPoolExecutor.java:1074)
        at java.util.concurrent.ThreadPoolExecutor.runWorker(ThreadPoolExecutor.java:1134)
        at java.util.concurrent.ThreadPoolExecutor$Worker.run(ThreadPoolExecutor.java:624)
        at java.lang.Thread.run(Thread.java:748)
"Command processor thread" daemon prio=5 tid=180 timed_waiting
java.lang.Thread.State: TIMED_WAITING
        at java.lang.Thread.sleep(Native Method)
        at org.apache.hadoop.ozone.container.common.statemachine.DatanodeStateMachine.lambda$initCommandHandlerThread$1(DatanodeStateMachine.java:439)
        at org.apache.hadoop.ozone.container.common.statemachine.DatanodeStateMachine$$Lambda$140/804134309.run(Unknown Source)
        at java.lang.Thread.run(Thread.java:748)
"Thread-368" daemon prio=5 tid=1181 timed_waiting
java.lang.Thread.State: TIMED_WAITING
        at sun.misc.Unsafe.park(Native Method)
        at java.util.concurrent.locks.LockSupport.parkNanos(LockSupport.java:215)
        at java.util.concurrent.locks.AbstractQueuedSynchronizer$ConditionObject.awaitNanos(AbstractQueuedSynchronizer.java:2078)
        at java.util.concurrent.ArrayBlockingQueue.poll(ArrayBlockingQueue.java:418)
        at org.apache.ratis.server.impl.LeaderState$EventQueue.poll(LeaderState.java:114)
        at org.apache.ratis.server.impl.LeaderState$EventProcessor.run(LeaderState.java:438)
"pool-89-thread-12"  prio=5 tid=643 in Object.wait()
java.lang.Thread.State: WAITING (on object monitor)
        at sun.misc.Unsafe.park(Native Method)
        at java.util.concurrent.locks.LockSupport.park(LockSupport.java:175)
        at java.util.concurrent.locks.AbstractQueuedSynchronizer$ConditionObject.await(AbstractQueuedSynchronizer.java:2039)
        at java.util.concurrent.ArrayBlockingQueue.take(ArrayBlockingQueue.java:403)
        at java.util.concurrent.ThreadPoolExecutor.getTask(ThreadPoolExecutor.java:1074)
        at java.util.concurrent.ThreadPoolExecutor.runWorker(ThreadPoolExecutor.java:1134)
        at java.util.concurrent.ThreadPoolExecutor$Worker.run(ThreadPoolExecutor.java:624)
        at java.lang.Thread.run(Thread.java:748)
"pool-108-thread-1" daemon prio=5 tid=275 timed_waiting
java.lang.Thread.State: TIMED_WAITING
        at sun.misc.Unsafe.park(Native Method)
        at java.util.concurrent.locks.LockSupport.parkNanos(LockSupport.java:215)
        at java.util.concurrent.locks.AbstractQueuedSynchronizer$ConditionObject.awaitNanos(AbstractQueuedSynchronizer.java:2078)
        at java.util.concurrent.ScheduledThreadPoolExecutor$DelayedWorkQueue.take(ScheduledThreadPoolExecutor.java:1093)
        at java.util.concurrent.ScheduledThreadPoolExecutor$DelayedWorkQueue.take(ScheduledThreadPoolExecutor.java:809)
        at java.util.concurrent.ThreadPoolExecutor.getTask(ThreadPoolExecutor.java:1074)
        at java.util.concurrent.ThreadPoolExecutor.runWorker(ThreadPoolExecutor.java:1134)
        at java.util.concurrent.ThreadPoolExecutor$Worker.run(ThreadPoolExecutor.java:624)
        at java.lang.Thread.run(Thread.java:748)
"pool-26-thread-5"  prio=5 tid=455 in Object.wait()
java.lang.Thread.State: WAITING (on object monitor)
        at sun.misc.Unsafe.park(Native Method)
        at java.util.concurrent.locks.LockSupport.park(LockSupport.java:175)
        at java.util.concurrent.locks.AbstractQueuedSynchronizer$ConditionObject.await(AbstractQueuedSynchronizer.java:2039)
        at java.util.concurrent.ArrayBlockingQueue.take(ArrayBlockingQueue.java:403)
        at java.util.concurrent.ThreadPoolExecutor.getTask(ThreadPoolExecutor.java:1074)
        at java.util.concurrent.ThreadPoolExecutor.runWorker(ThreadPoolExecutor.java:1134)
        at java.util.concurrent.ThreadPoolExecutor$Worker.run(ThreadPoolExecutor.java:624)
        at java.lang.Thread.run(Thread.java:748)
"pool-215-thread-42"  prio=5 tid=1033 in Object.wait()
java.lang.Thread.State: WAITING (on object monitor)
        at sun.misc.Unsafe.park(Native Method)
        at java.util.concurrent.locks.LockSupport.park(LockSupport.java:175)
        at java.util.concurrent.locks.AbstractQueuedSynchronizer$ConditionObject.await(AbstractQueuedSynchronizer.java:2039)
        at java.util.concurrent.ArrayBlockingQueue.take(ArrayBlockingQueue.java:403)
        at java.util.concurrent.ThreadPoolExecutor.getTask(ThreadPoolExecutor.java:1074)
        at java.util.concurrent.ThreadPoolExecutor.runWorker(ThreadPoolExecutor.java:1134)
        at java.util.concurrent.ThreadPoolExecutor$Worker.run(ThreadPoolExecutor.java:624)
        at java.lang.Thread.run(Thread.java:748)
"pool-110-thread-4"  prio=5 tid=695 in Object.wait()
java.lang.Thread.State: WAITING (on object monitor)
        at sun.misc.Unsafe.park(Native Method)
        at java.util.concurrent.locks.LockSupport.park(LockSupport.java:175)
        at java.util.concurrent.locks.AbstractQueuedSynchronizer$ConditionObject.await(AbstractQueuedSynchronizer.java:2039)
        at java.util.concurrent.ArrayBlockingQueue.take(ArrayBlockingQueue.java:403)
        at java.util.concurrent.ThreadPoolExecutor.getTask(ThreadPoolExecutor.java:1074)
        at java.util.concurrent.ThreadPoolExecutor.runWorker(ThreadPoolExecutor.java:1134)
        at java.util.concurrent.ThreadPoolExecutor$Worker.run(ThreadPoolExecutor.java:624)
        at java.lang.Thread.run(Thread.java:748)
"Thread-370" daemon prio=5 tid=1183 timed_waiting
java.lang.Thread.State: TIMED_WAITING
        at sun.misc.Unsafe.park(Native Method)
        at java.util.concurrent.locks.LockSupport.parkNanos(LockSupport.java:215)
        at java.util.concurrent.locks.AbstractQueuedSynchronizer$ConditionObject.awaitNanos(AbstractQueuedSynchronizer.java:2078)
        at java.util.concurrent.ArrayBlockingQueue.poll(ArrayBlockingQueue.java:418)
        at org.apache.ratis.server.impl.LeaderState$EventQueue.poll(LeaderState.java:114)
        at org.apache.ratis.server.impl.LeaderState$EventProcessor.run(LeaderState.java:438)
"Datanode ReportManager Thread - 0" daemon prio=5 tid=443 in Object.wait()
java.lang.Thread.State: WAITING (on object monitor)
        at sun.misc.Unsafe.park(Native Method)
        at java.util.concurrent.locks.LockSupport.park(LockSupport.java:175)
        at java.util.concurrent.locks.AbstractQueuedSynchronizer$ConditionObject.await(AbstractQueuedSynchronizer.java:2039)
        at java.util.concurrent.ScheduledThreadPoolExecutor$DelayedWorkQueue.take(ScheduledThreadPoolExecutor.java:1088)
        at java.util.concurrent.ScheduledThreadPoolExecutor$DelayedWorkQueue.take(ScheduledThreadPoolExecutor.java:809)
        at java.util.concurrent.ThreadPoolExecutor.getTask(ThreadPoolExecutor.java:1074)
        at java.util.concurrent.ThreadPoolExecutor.runWorker(ThreadPoolExecutor.java:1134)
        at java.util.concurrent.ThreadPoolExecutor$Worker.run(ThreadPoolExecutor.java:624)
        at java.lang.Thread.run(Thread.java:748)
"RatisPipelineUtilsThread"  prio=5 tid=1053 timed_waiting
java.lang.Thread.State: TIMED_WAITING
        at sun.misc.Unsafe.park(Native Method)
        at java.util.concurrent.locks.LockSupport.parkNanos(LockSupport.java:215)
        at java.util.concurrent.locks.AbstractQueuedSynchronizer$ConditionObject.awaitNanos(AbstractQueuedSynchronizer.java:2078)
        at java.util.concurrent.ScheduledThreadPoolExecutor$DelayedWorkQueue.take(ScheduledThreadPoolExecutor.java:1093)
        at java.util.concurrent.ScheduledThreadPoolExecutor$DelayedWorkQueue.take(ScheduledThreadPoolExecutor.java:809)
        at java.util.concurrent.ThreadPoolExecutor.getTask(ThreadPoolExecutor.java:1074)
        at java.util.concurrent.ThreadPoolExecutor.runWorker(ThreadPoolExecutor.java:1134)
        at java.util.concurrent.ThreadPoolExecutor$Worker.run(ThreadPoolExecutor.java:624)
        at java.lang.Thread.run(Thread.java:748)
"Datanode State Machine Thread - 0" daemon prio=5 tid=182 timed_waiting
java.lang.Thread.State: TIMED_WAITING
        at sun.misc.Unsafe.park(Native Method)
        at java.util.concurrent.locks.LockSupport.parkNanos(LockSupport.java:215)
        at java.util.concurrent.SynchronousQueue$TransferStack.awaitFulfill(SynchronousQueue.java:460)
        at java.util.concurrent.SynchronousQueue$TransferStack.transfer(SynchronousQueue.java:362)
        at java.util.concurrent.SynchronousQueue.poll(SynchronousQueue.java:941)
        at java.util.concurrent.ThreadPoolExecutor.getTask(ThreadPoolExecutor.java:1073)
        at java.util.concurrent.ThreadPoolExecutor.runWorker(ThreadPoolExecutor.java:1134)
        at java.util.concurrent.ThreadPoolExecutor$Worker.run(ThreadPoolExecutor.java:624)
        at java.lang.Thread.run(Thread.java:748)
"pool-47-thread-45"  prio=5 tid=556 in Object.wait()
java.lang.Thread.State: WAITING (on object monitor)
        at sun.misc.Unsafe.park(Native Method)
        at java.util.concurrent.locks.LockSupport.park(LockSupport.java:175)
        at java.util.concurrent.locks.AbstractQueuedSynchronizer$ConditionObject.await(AbstractQueuedSynchronizer.java:2039)
        at java.util.concurrent.ArrayBlockingQueue.take(ArrayBlockingQueue.java:403)
        at java.util.concurrent.ThreadPoolExecutor.getTask(ThreadPoolExecutor.java:1074)
        at java.util.concurrent.ThreadPoolExecutor.runWorker(ThreadPoolExecutor.java:1134)
        at java.util.concurrent.ThreadPoolExecutor$Worker.run(ThreadPoolExecutor.java:624)
        at java.lang.Thread.run(Thread.java:748)
"IPC Server handler 0 on 46447" daemon prio=5 tid=50 timed_waiting
java.lang.Thread.State: TIMED_WAITING
        at sun.misc.Unsafe.park(Native Method)
        at java.util.concurrent.locks.LockSupport.parkNanos(LockSupport.java:215)
        at java.util.concurrent.locks.AbstractQueuedSynchronizer$ConditionObject.awaitNanos(AbstractQueuedSynchronizer.java:2078)
        at java.util.concurrent.LinkedBlockingQueue.poll(LinkedBlockingQueue.java:467)
        at org.apache.hadoop.ipc.CallQueueManager.take(CallQueueManager.java:288)
        at org.apache.hadoop.ipc.Server$Handler.run(Server.java:2668)
"a83b0601-c70d-4140-b27f-c227c6feeccd-RaftLogWorker"  prio=5 tid=1065 timed_waiting
java.lang.Thread.State: TIMED_WAITING
        at sun.misc.Unsafe.park(Native Method)
        at java.util.concurrent.locks.LockSupport.parkNanos(LockSupport.java:215)
        at java.util.concurrent.locks.AbstractQueuedSynchronizer$ConditionObject.awaitNanos(AbstractQueuedSynchronizer.java:2078)
        at org.apache.ratis.util.DataBlockingQueue.poll(DataBlockingQueue.java:137)
        at org.apache.ratis.server.storage.RaftLogWorker.run(RaftLogWorker.java:216)
        at java.lang.Thread.run(Thread.java:748)
"pool-173-thread-43"  prio=5 tid=914 in Object.wait()
java.lang.Thread.State: WAITING (on object monitor)
        at sun.misc.Unsafe.park(Native Method)
        at java.util.concurrent.locks.LockSupport.park(LockSupport.java:175)
        at java.util.concurrent.locks.AbstractQueuedSynchronizer$ConditionObject.await(AbstractQueuedSynchronizer.java:2039)
        at java.util.concurrent.ArrayBlockingQueue.take(ArrayBlockingQueue.java:403)
        at java.util.concurrent.ThreadPoolExecutor.getTask(ThreadPoolExecutor.java:1074)
        at java.util.concurrent.ThreadPoolExecutor.runWorker(ThreadPoolExecutor.java:1134)
        at java.util.concurrent.ThreadPoolExecutor$Worker.run(ThreadPoolExecutor.java:624)
        at java.lang.Thread.run(Thread.java:748)
"pool-26-thread-48"  prio=5 tid=498 in Object.wait()
java.lang.Thread.State: WAITING (on object monitor)
        at sun.misc.Unsafe.park(Native Method)
        at java.util.concurrent.locks.LockSupport.park(LockSupport.java:175)
        at java.util.concurrent.locks.AbstractQueuedSynchronizer$ConditionObject.await(AbstractQueuedSynchronizer.java:2039)
        at java.util.concurrent.ArrayBlockingQueue.take(ArrayBlockingQueue.java:403)
        at java.util.concurrent.ThreadPoolExecutor.getTask(ThreadPoolExecutor.java:1074)
        at java.util.concurrent.ThreadPoolExecutor.runWorker(ThreadPoolExecutor.java:1134)
        at java.util.concurrent.ThreadPoolExecutor$Worker.run(ThreadPoolExecutor.java:624)
        at java.lang.Thread.run(Thread.java:748)
"IPC Server handler 5 on 46447" daemon prio=5 tid=55 timed_waiting
java.lang.Thread.State: TIMED_WAITING
        at sun.misc.Unsafe.park(Native Method)
        at java.util.concurrent.locks.LockSupport.parkNanos(LockSupport.java:215)
        at java.util.concurrent.locks.AbstractQueuedSynchronizer$ConditionObject.awaitNanos(AbstractQueuedSynchronizer.java:2078)
        at java.util.concurrent.LinkedBlockingQueue.poll(LinkedBlockingQueue.java:467)
        at org.apache.hadoop.ipc.CallQueueManager.take(CallQueueManager.java:288)
        at org.apache.hadoop.ipc.Server$Handler.run(Server.java:2668)
"IPC Server handler 18 on 33779" daemon prio=5 tid=88 timed_waiting
java.lang.Thread.State: TIMED_WAITING
        at sun.misc.Unsafe.park(Native Method)
        at java.util.concurrent.locks.LockSupport.parkNanos(LockSupport.java:215)
        at java.util.concurrent.locks.AbstractQueuedSynchronizer$ConditionObject.awaitNanos(AbstractQueuedSynchronizer.java:2078)
        at java.util.concurrent.LinkedBlockingQueue.poll(LinkedBlockingQueue.java:467)
        at org.apache.hadoop.ipc.CallQueueManager.take(CallQueueManager.java:288)
        at org.apache.hadoop.ipc.Server$Handler.run(Server.java:2668)
"pool-152-thread-52"  prio=5 tid=863 in Object.wait()
java.lang.Thread.State: WAITING (on object monitor)
        at sun.misc.Unsafe.park(Native Method)
        at java.util.concurrent.locks.LockSupport.park(LockSupport.java:175)
        at java.util.concurrent.locks.AbstractQueuedSynchronizer$ConditionObject.await(AbstractQueuedSynchronizer.java:2039)
        at java.util.concurrent.ArrayBlockingQueue.take(ArrayBlockingQueue.java:403)
        at java.util.concurrent.ThreadPoolExecutor.getTask(ThreadPoolExecutor.java:1074)
        at java.util.concurrent.ThreadPoolExecutor.runWorker(ThreadPoolExecutor.java:1134)
        at java.util.concurrent.ThreadPoolExecutor$Worker.run(ThreadPoolExecutor.java:624)
        at java.lang.Thread.run(Thread.java:748)
"pool-110-thread-3"  prio=5 tid=694 in Object.wait()
java.lang.Thread.State: WAITING (on object monitor)
        at sun.misc.Unsafe.park(Native Method)
        at java.util.concurrent.locks.LockSupport.park(LockSupport.java:175)
        at java.util.concurrent.locks.AbstractQueuedSynchronizer$ConditionObject.await(AbstractQueuedSynchronizer.java:2039)
        at java.util.concurrent.ArrayBlockingQueue.take(ArrayBlockingQueue.java:403)
        at java.util.concurrent.ThreadPoolExecutor.getTask(ThreadPoolExecutor.java:1074)
        at java.util.concurrent.ThreadPoolExecutor.runWorker(ThreadPoolExecutor.java:1134)
        at java.util.concurrent.ThreadPoolExecutor$Worker.run(ThreadPoolExecutor.java:624)
        at java.lang.Thread.run(Thread.java:748)
"pool-68-thread-49"  prio=5 tid=620 in Object.wait()
java.lang.Thread.State: WAITING (on object monitor)
        at sun.misc.Unsafe.park(Native Method)
        at java.util.concurrent.locks.LockSupport.park(LockSupport.java:175)
        at java.util.concurrent.locks.AbstractQueuedSynchronizer$ConditionObject.await(AbstractQueuedSynchronizer.java:2039)
        at java.util.concurrent.ArrayBlockingQueue.take(ArrayBlockingQueue.java:403)
        at java.util.concurrent.ThreadPoolExecutor.getTask(ThreadPoolExecutor.java:1074)
        at java.util.concurrent.ThreadPoolExecutor.runWorker(ThreadPoolExecutor.java:1134)
        at java.util.concurrent.ThreadPoolExecutor$Worker.run(ThreadPoolExecutor.java:624)
        at java.lang.Thread.run(Thread.java:748)
"qtp608414678-221-acceptor-0@5c53c11e-ServerConnector@7455dacb{HTTP/1.1,[http/1.1]}{0.0.0.0:39959}" daemon prio=3 tid=221 runnable
java.lang.Thread.State: RUNNABLE
        at sun.nio.ch.ServerSocketChannelImpl.accept0(Native Method)
        at sun.nio.ch.ServerSocketChannelImpl.accept(ServerSocketChannelImpl.java:422)
        at sun.nio.ch.ServerSocketChannelImpl.accept(ServerSocketChannelImpl.java:250)
        at org.eclipse.jetty.server.ServerConnector.accept(ServerConnector.java:397)
        at org.eclipse.jetty.server.AbstractConnector$Acceptor.run(AbstractConnector.java:601)
        at org.eclipse.jetty.util.thread.QueuedThreadPool.runJob(QueuedThreadPool.java:671)
        at org.eclipse.jetty.util.thread.QueuedThreadPool$2.run(QueuedThreadPool.java:589)
        at java.lang.Thread.run(Thread.java:748)
"pool-41-thread-1"  prio=5 tid=159 timed_waiting
java.lang.Thread.State: TIMED_WAITING
        at sun.misc.Unsafe.park(Native Method)
        at java.util.concurrent.locks.LockSupport.parkNanos(LockSupport.java:215)
        at java.util.concurrent.locks.AbstractQueuedSynchronizer$ConditionObject.awaitNanos(AbstractQueuedSynchronizer.java:2078)
        at java.util.concurrent.ScheduledThreadPoolExecutor$DelayedWorkQueue.take(ScheduledThreadPoolExecutor.java:1093)
        at java.util.concurrent.ScheduledThreadPoolExecutor$DelayedWorkQueue.take(ScheduledThreadPoolExecutor.java:809)
        at java.util.concurrent.ThreadPoolExecutor.getTask(ThreadPoolExecutor.java:1074)
        at java.util.concurrent.ThreadPoolExecutor.runWorker(ThreadPoolExecutor.java:1134)
        at java.util.concurrent.ThreadPoolExecutor$Worker.run(ThreadPoolExecutor.java:624)
        at java.lang.Thread.run(Thread.java:748)
"Thread-360" daemon prio=5 tid=1173 timed_waiting
java.lang.Thread.State: TIMED_WAITING
        at sun.misc.Unsafe.park(Native Method)
        at java.util.concurrent.locks.LockSupport.parkNanos(LockSupport.java:215)
        at java.util.concurrent.locks.AbstractQueuedSynchronizer$ConditionObject.awaitNanos(AbstractQueuedSynchronizer.java:2078)
        at java.util.concurrent.ArrayBlockingQueue.poll(ArrayBlockingQueue.java:418)
        at org.apache.ratis.server.impl.LeaderState$EventQueue.poll(LeaderState.java:114)
        at org.apache.ratis.server.impl.LeaderState$EventProcessor.run(LeaderState.java:438)
"EventQueue-PipelineReportForPipelineReportHandler" daemon prio=5 tid=1057 in Object.wait()
java.lang.Thread.State: WAITING (on object monitor)
        at sun.misc.Unsafe.park(Native Method)
        at java.util.concurrent.locks.LockSupport.park(LockSupport.java:175)
        at java.util.concurrent.locks.AbstractQueuedSynchronizer$ConditionObject.await(AbstractQueuedSynchronizer.java:2039)
        at java.util.concurrent.LinkedBlockingQueue.take(LinkedBlockingQueue.java:442)
        at java.util.concurrent.ThreadPoolExecutor.getTask(ThreadPoolExecutor.java:1074)
        at java.util.concurrent.ThreadPoolExecutor.runWorker(ThreadPoolExecutor.java:1134)
        at java.util.concurrent.ThreadPoolExecutor$Worker.run(ThreadPoolExecutor.java:624)
        at java.lang.Thread.run(Thread.java:748)
"pool-173-thread-16"  prio=5 tid=887 in Object.wait()
java.lang.Thread.State: WAITING (on object monitor)
        at sun.misc.Unsafe.park(Native Method)
        at java.util.concurrent.locks.LockSupport.park(LockSupport.java:175)
        at java.util.concurrent.locks.AbstractQueuedSynchronizer$ConditionObject.await(AbstractQueuedSynchronizer.java:2039)
        at java.util.concurrent.ArrayBlockingQueue.take(ArrayBlockingQueue.java:403)
        at java.util.concurrent.ThreadPoolExecutor.getTask(ThreadPoolExecutor.java:1074)
        at java.util.concurrent.ThreadPoolExecutor.runWorker(ThreadPoolExecutor.java:1134)
        at java.util.concurrent.ThreadPoolExecutor$Worker.run(ThreadPoolExecutor.java:624)
        at java.lang.Thread.run(Thread.java:748)
"pool-152-thread-29"  prio=5 tid=840 in Object.wait()
java.lang.Thread.State: WAITING (on object monitor)
        at sun.misc.Unsafe.park(Native Method)
        at java.util.concurrent.locks.LockSupport.park(LockSupport.java:175)
        at java.util.concurrent.locks.AbstractQueuedSynchronizer$ConditionObject.await(AbstractQueuedSynchronizer.java:2039)
        at java.util.concurrent.ArrayBlockingQueue.take(ArrayBlockingQueue.java:403)
        at java.util.concurrent.ThreadPoolExecutor.getTask(ThreadPoolExecutor.java:1074)
        at java.util.concurrent.ThreadPoolExecutor.runWorker(ThreadPoolExecutor.java:1134)
        at java.util.concurrent.ThreadPoolExecutor$Worker.run(ThreadPoolExecutor.java:624)
        at java.lang.Thread.run(Thread.java:748)
"pool-152-thread-45"  prio=5 tid=856 in Object.wait()
java.lang.Thread.State: WAITING (on object monitor)
        at sun.misc.Unsafe.park(Native Method)
        at java.util.concurrent.locks.LockSupport.park(LockSupport.java:175)
        at java.util.concurrent.locks.AbstractQueuedSynchronizer$ConditionObject.await(AbstractQueuedSynchronizer.java:2039)
        at java.util.concurrent.ArrayBlockingQueue.take(ArrayBlockingQueue.java:403)
        at java.util.concurrent.ThreadPoolExecutor.getTask(ThreadPoolExecutor.java:1074)
        at java.util.concurrent.ThreadPoolExecutor.runWorker(ThreadPoolExecutor.java:1134)
        at java.util.concurrent.ThreadPoolExecutor$Worker.run(ThreadPoolExecutor.java:624)
        at java.lang.Thread.run(Thread.java:748)
"pool-89-thread-33"  prio=5 tid=664 in Object.wait()
java.lang.Thread.State: WAITING (on object monitor)
        at sun.misc.Unsafe.park(Native Method)
        at java.util.concurrent.locks.LockSupport.park(LockSupport.java:175)
        at java.util.concurrent.locks.AbstractQueuedSynchronizer$ConditionObject.await(AbstractQueuedSynchronizer.java:2039)
        at java.util.concurrent.ArrayBlockingQueue.take(ArrayBlockingQueue.java:403)
        at java.util.concurrent.ThreadPoolExecutor.getTask(ThreadPoolExecutor.java:1074)
        at java.util.concurrent.ThreadPoolExecutor.runWorker(ThreadPoolExecutor.java:1134)
        at java.util.concurrent.ThreadPoolExecutor$Worker.run(ThreadPoolExecutor.java:624)
        at java.lang.Thread.run(Thread.java:748)
"qtp838812606-93" daemon prio=5 tid=93 timed_waiting
java.lang.Thread.State: TIMED_WAITING
        at sun.misc.Unsafe.park(Native Method)
        at java.util.concurrent.locks.LockSupport.parkNanos(LockSupport.java:215)
        at java.util.concurrent.locks.AbstractQueuedSynchronizer$ConditionObject.awaitNanos(AbstractQueuedSynchronizer.java:2078)
        at org.eclipse.jetty.util.BlockingArrayQueue.poll(BlockingArrayQueue.java:392)
        at org.eclipse.jetty.util.thread.QueuedThreadPool.idleJobPoll(QueuedThreadPool.java:563)
        at org.eclipse.jetty.util.thread.QueuedThreadPool.access$800(QueuedThreadPool.java:48)
        at org.eclipse.jetty.util.thread.QueuedThreadPool$2.run(QueuedThreadPool.java:626)
        at java.lang.Thread.run(Thread.java:748)
"pool-131-thread-47"  prio=5 tid=798 in Object.wait()
java.lang.Thread.State: WAITING (on object monitor)
        at sun.misc.Unsafe.park(Native Method)
        at java.util.concurrent.locks.LockSupport.park(LockSupport.java:175)
        at java.util.concurrent.locks.AbstractQueuedSynchronizer$ConditionObject.await(AbstractQueuedSynchronizer.java:2039)
        at java.util.concurrent.ArrayBlockingQueue.take(ArrayBlockingQueue.java:403)
        at java.util.concurrent.ThreadPoolExecutor.getTask(ThreadPoolExecutor.java:1074)
        at java.util.concurrent.ThreadPoolExecutor.runWorker(ThreadPoolExecutor.java:1134)
        at java.util.concurrent.ThreadPoolExecutor$Worker.run(ThreadPoolExecutor.java:624)
        at java.lang.Thread.run(Thread.java:748)
"pool-47-thread-19"  prio=5 tid=530 in Object.wait()
java.lang.Thread.State: WAITING (on object monitor)
        at sun.misc.Unsafe.park(Native Method)
        at java.util.concurrent.locks.LockSupport.park(LockSupport.java:175)
        at java.util.concurrent.locks.AbstractQueuedSynchronizer$ConditionObject.await(AbstractQueuedSynchronizer.java:2039)
        at java.util.concurrent.ArrayBlockingQueue.take(ArrayBlockingQueue.java:403)
        at java.util.concurrent.ThreadPoolExecutor.getTask(ThreadPoolExecutor.java:1074)
        at java.util.concurrent.ThreadPoolExecutor.runWorker(ThreadPoolExecutor.java:1134)
        at java.util.concurrent.ThreadPoolExecutor$Worker.run(ThreadPoolExecutor.java:624)
        at java.lang.Thread.run(Thread.java:748)
"pool-215-thread-37"  prio=5 tid=1028 in Object.wait()
java.lang.Thread.State: WAITING (on object monitor)
        at sun.misc.Unsafe.park(Native Method)
        at java.util.concurrent.locks.LockSupport.park(LockSupport.java:175)
        at java.util.concurrent.locks.AbstractQueuedSynchronizer$ConditionObject.await(AbstractQueuedSynchronizer.java:2039)
        at java.util.concurrent.ArrayBlockingQueue.take(ArrayBlockingQueue.java:403)
        at java.util.concurrent.ThreadPoolExecutor.getTask(ThreadPoolExecutor.java:1074)
        at java.util.concurrent.ThreadPoolExecutor.runWorker(ThreadPoolExecutor.java:1134)
        at java.util.concurrent.ThreadPoolExecutor$Worker.run(ThreadPoolExecutor.java:624)
        at java.lang.Thread.run(Thread.java:748)
"pool-131-thread-16"  prio=5 tid=767 in Object.wait()
java.lang.Thread.State: WAITING (on object monitor)
        at sun.misc.Unsafe.park(Native Method)
        at java.util.concurrent.locks.LockSupport.park(LockSupport.java:175)
        at java.util.concurrent.locks.AbstractQueuedSynchronizer$ConditionObject.await(AbstractQueuedSynchronizer.java:2039)
        at java.util.concurrent.ArrayBlockingQueue.take(ArrayBlockingQueue.java:403)
        at java.util.concurrent.ThreadPoolExecutor.getTask(ThreadPoolExecutor.java:1074)
        at java.util.concurrent.ThreadPoolExecutor.runWorker(ThreadPoolExecutor.java:1134)
        at java.util.concurrent.ThreadPoolExecutor$Worker.run(ThreadPoolExecutor.java:624)
        at java.lang.Thread.run(Thread.java:748)
"IPC Server handler 12 on 33779" daemon prio=5 tid=82 timed_waiting
java.lang.Thread.State: TIMED_WAITING
        at sun.misc.Unsafe.park(Native Method)
        at java.util.concurrent.locks.LockSupport.parkNanos(LockSupport.java:215)
        at java.util.concurrent.locks.AbstractQueuedSynchronizer$ConditionObject.awaitNanos(AbstractQueuedSynchronizer.java:2078)
        at java.util.concurrent.LinkedBlockingQueue.poll(LinkedBlockingQueue.java:467)
        at org.apache.hadoop.ipc.CallQueueManager.take(CallQueueManager.java:288)
        at org.apache.hadoop.ipc.Server$Handler.run(Server.java:2668)
"pool-152-thread-33"  prio=5 tid=844 in Object.wait()
java.lang.Thread.State: WAITING (on object monitor)
        at sun.misc.Unsafe.park(Native Method)
        at java.util.concurrent.locks.LockSupport.park(LockSupport.java:175)
        at java.util.concurrent.locks.AbstractQueuedSynchronizer$ConditionObject.await(AbstractQueuedSynchronizer.java:2039)
        at java.util.concurrent.ArrayBlockingQueue.take(ArrayBlockingQueue.java:403)
        at java.util.concurrent.ThreadPoolExecutor.getTask(ThreadPoolExecutor.java:1074)
        at java.util.concurrent.ThreadPoolExecutor.runWorker(ThreadPoolExecutor.java:1134)
        at java.util.concurrent.ThreadPoolExecutor$Worker.run(ThreadPoolExecutor.java:624)
        at java.lang.Thread.run(Thread.java:748)
"pool-89-thread-36"  prio=5 tid=667 in Object.wait()
java.lang.Thread.State: WAITING (on object monitor)
        at sun.misc.Unsafe.park(Native Method)
        at java.util.concurrent.locks.LockSupport.park(LockSupport.java:175)
        at java.util.concurrent.locks.AbstractQueuedSynchronizer$ConditionObject.await(AbstractQueuedSynchronizer.java:2039)
        at java.util.concurrent.ArrayBlockingQueue.take(ArrayBlockingQueue.java:403)
        at java.util.concurrent.ThreadPoolExecutor.getTask(ThreadPoolExecutor.java:1074)
        at java.util.concurrent.ThreadPoolExecutor.runWorker(ThreadPoolExecutor.java:1134)
        at java.util.concurrent.ThreadPoolExecutor$Worker.run(ThreadPoolExecutor.java:624)
        at java.lang.Thread.run(Thread.java:748)
"EventQueue-NodeRegistrationContainerReportForDataNodeSafeModeRule" daemon prio=5 tid=1056 in Object.wait()
java.lang.Thread.State: WAITING (on object monitor)
        at sun.misc.Unsafe.park(Native Method)
        at java.util.concurrent.locks.LockSupport.park(LockSupport.java:175)
        at java.util.concurrent.locks.AbstractQueuedSynchronizer$ConditionObject.await(AbstractQueuedSynchronizer.java:2039)
        at java.util.concurrent.LinkedBlockingQueue.take(LinkedBlockingQueue.java:442)
        at java.util.concurrent.ThreadPoolExecutor.getTask(ThreadPoolExecutor.java:1074)
        at java.util.concurrent.ThreadPoolExecutor.runWorker(ThreadPoolExecutor.java:1134)
        at java.util.concurrent.ThreadPoolExecutor$Worker.run(ThreadPoolExecutor.java:624)
        at java.lang.Thread.run(Thread.java:748)
"org.apache.hadoop.util.JvmPauseMonitor$Monitor@3aac9f77" daemon prio=5 tid=360 timed_waiting
java.lang.Thread.State: TIMED_WAITING
        at java.lang.Thread.sleep(Native Method)
        at org.apache.hadoop.util.JvmPauseMonitor$Monitor.run(JvmPauseMonitor.java:192)
        at java.lang.Thread.run(Thread.java:748)
"pool-110-thread-8"  prio=5 tid=699 in Object.wait()
java.lang.Thread.State: WAITING (on object monitor)
        at sun.misc.Unsafe.park(Native Method)
        at java.util.concurrent.locks.LockSupport.park(LockSupport.java:175)
        at java.util.concurrent.locks.AbstractQueuedSynchronizer$ConditionObject.await(AbstractQueuedSynchronizer.java:2039)
        at java.util.concurrent.ArrayBlockingQueue.take(ArrayBlockingQueue.java:403)
        at java.util.concurrent.ThreadPoolExecutor.getTask(ThreadPoolExecutor.java:1074)
        at java.util.concurrent.ThreadPoolExecutor.runWorker(ThreadPoolExecutor.java:1134)
        at java.util.concurrent.ThreadPoolExecutor$Worker.run(ThreadPoolExecutor.java:624)
        at java.lang.Thread.run(Thread.java:748)
"qtp628402659-190" daemon prio=5 tid=190 runnable
java.lang.Thread.State: RUNNABLE
        at sun.nio.ch.EPollArrayWrapper.epollWait(Native Method)
        at sun.nio.ch.EPollArrayWrapper.poll(EPollArrayWrapper.java:269)
        at sun.nio.ch.EPollSelectorImpl.doSelect(EPollSelectorImpl.java:93)
        at sun.nio.ch.SelectorImpl.lockAndDoSelect(SelectorImpl.java:86)
        at sun.nio.ch.SelectorImpl.select(SelectorImpl.java:97)
        at sun.nio.ch.SelectorImpl.select(SelectorImpl.java:101)
        at org.eclipse.jetty.io.ManagedSelector$SelectorProducer.select(ManagedSelector.java:243)
        at org.eclipse.jetty.io.ManagedSelector$SelectorProducer.produce(ManagedSelector.java:191)
        at org.eclipse.jetty.util.thread.strategy.ExecuteProduceConsume.executeProduceConsume(ExecuteProduceConsume.java:249)
        at org.eclipse.jetty.util.thread.strategy.ExecuteProduceConsume.produceConsume(ExecuteProduceConsume.java:148)
        at org.eclipse.jetty.util.thread.strategy.ExecuteProduceConsume.execute(ExecuteProduceConsume.java:100)
        at org.eclipse.jetty.io.ManagedSelector.run(ManagedSelector.java:147)
        at org.eclipse.jetty.util.thread.QueuedThreadPool.runJob(QueuedThreadPool.java:671)
        at org.eclipse.jetty.util.thread.QueuedThreadPool$2.run(QueuedThreadPool.java:589)
        at java.lang.Thread.run(Thread.java:748)
"pool-68-thread-2"  prio=5 tid=573 in Object.wait()
java.lang.Thread.State: WAITING (on object monitor)
        at sun.misc.Unsafe.park(Native Method)
        at java.util.concurrent.locks.LockSupport.park(LockSupport.java:175)
        at java.util.concurrent.locks.AbstractQueuedSynchronizer$ConditionObject.await(AbstractQueuedSynchronizer.java:2039)
        at java.util.concurrent.ArrayBlockingQueue.take(ArrayBlockingQueue.java:403)
        at java.util.concurrent.ThreadPoolExecutor.getTask(ThreadPoolExecutor.java:1074)
        at java.util.concurrent.ThreadPoolExecutor.runWorker(ThreadPoolExecutor.java:1134)
        at java.util.concurrent.ThreadPoolExecutor$Worker.run(ThreadPoolExecutor.java:624)
        at java.lang.Thread.run(Thread.java:748)
"IPC Server listener on 33423" daemon prio=5 tid=23 runnable
java.lang.Thread.State: RUNNABLE
        at sun.nio.ch.EPollArrayWrapper.epollWait(Native Method)
        at sun.nio.ch.EPollArrayWrapper.poll(EPollArrayWrapper.java:269)
        at sun.nio.ch.EPollSelectorImpl.doSelect(EPollSelectorImpl.java:93)
        at sun.nio.ch.SelectorImpl.lockAndDoSelect(SelectorImpl.java:86)
        at sun.nio.ch.SelectorImpl.select(SelectorImpl.java:97)
        at sun.nio.ch.SelectorImpl.select(SelectorImpl.java:101)
        at org.apache.hadoop.ipc.Server$Listener.run(Server.java:1159)
"Socket Reader #1 for port 33779"  prio=5 tid=16 runnable
java.lang.Thread.State: RUNNABLE
        at sun.nio.ch.EPollArrayWrapper.epollWait(Native Method)
        at sun.nio.ch.EPollArrayWrapper.poll(EPollArrayWrapper.java:269)
        at sun.nio.ch.EPollSelectorImpl.doSelect(EPollSelectorImpl.java:93)
        at sun.nio.ch.SelectorImpl.lockAndDoSelect(SelectorImpl.java:86)
        at sun.nio.ch.SelectorImpl.select(SelectorImpl.java:97)
        at sun.nio.ch.SelectorImpl.select(SelectorImpl.java:101)
        at org.apache.hadoop.ipc.Server$Listener$Reader.doRunLoop(Server.java:1097)
        at org.apache.hadoop.ipc.Server$Listener$Reader.run(Server.java:1076)
"pool-194-thread-38"  prio=5 tid=969 in Object.wait()
java.lang.Thread.State: WAITING (on object monitor)
        at sun.misc.Unsafe.park(Native Method)
        at java.util.concurrent.locks.LockSupport.park(LockSupport.java:175)
        at java.util.concurrent.locks.AbstractQueuedSynchronizer$ConditionObject.await(AbstractQueuedSynchronizer.java:2039)
        at java.util.concurrent.ArrayBlockingQueue.take(ArrayBlockingQueue.java:403)
        at java.util.concurrent.ThreadPoolExecutor.getTask(ThreadPoolExecutor.java:1074)
        at java.util.concurrent.ThreadPoolExecutor.runWorker(ThreadPoolExecutor.java:1134)
        at java.util.concurrent.ThreadPoolExecutor$Worker.run(ThreadPoolExecutor.java:624)
        at java.lang.Thread.run(Thread.java:748)
"IPC Server handler 13 on 33423" daemon prio=5 tid=43 timed_waiting
java.lang.Thread.State: TIMED_WAITING
        at sun.misc.Unsafe.park(Native Method)
        at java.util.concurrent.locks.LockSupport.parkNanos(LockSupport.java:215)
        at java.util.concurrent.locks.AbstractQueuedSynchronizer$ConditionObject.awaitNanos(AbstractQueuedSynchronizer.java:2078)
        at java.util.concurrent.LinkedBlockingQueue.poll(LinkedBlockingQueue.java:467)
        at org.apache.hadoop.ipc.CallQueueManager.take(CallQueueManager.java:288)
        at org.apache.hadoop.ipc.Server$Handler.run(Server.java:2668)
"IPC Server handler 19 on 46447" daemon prio=5 tid=69 timed_waiting
java.lang.Thread.State: TIMED_WAITING
        at sun.misc.Unsafe.park(Native Method)
        at java.util.concurrent.locks.LockSupport.parkNanos(LockSupport.java:215)
        at java.util.concurrent.locks.AbstractQueuedSynchronizer$ConditionObject.awaitNanos(AbstractQueuedSynchronizer.java:2078)
        at java.util.concurrent.LinkedBlockingQueue.poll(LinkedBlockingQueue.java:467)
        at org.apache.hadoop.ipc.CallQueueManager.take(CallQueueManager.java:288)
        at org.apache.hadoop.ipc.Server$Handler.run(Server.java:2668)
"pool-89-thread-32"  prio=5 tid=663 in Object.wait()
java.lang.Thread.State: WAITING (on object monitor)
        at sun.misc.Unsafe.park(Native Method)
        at java.util.concurrent.locks.LockSupport.park(LockSupport.java:175)
        at java.util.concurrent.locks.AbstractQueuedSynchronizer$ConditionObject.await(AbstractQueuedSynchronizer.java:2039)
        at java.util.concurrent.ArrayBlockingQueue.take(ArrayBlockingQueue.java:403)
        at java.util.concurrent.ThreadPoolExecutor.getTask(ThreadPoolExecutor.java:1074)
        at java.util.concurrent.ThreadPoolExecutor.runWorker(ThreadPoolExecutor.java:1134)
        at java.util.concurrent.ThreadPoolExecutor$Worker.run(ThreadPoolExecutor.java:624)
        at java.lang.Thread.run(Thread.java:748)
"pool-152-thread-38"  prio=5 tid=849 in Object.wait()
java.lang.Thread.State: WAITING (on object monitor)
        at sun.misc.Unsafe.park(Native Method)
        at java.util.concurrent.locks.LockSupport.park(LockSupport.java:175)
        at java.util.concurrent.locks.AbstractQueuedSynchronizer$ConditionObject.await(AbstractQueuedSynchronizer.java:2039)
        at java.util.concurrent.ArrayBlockingQueue.take(ArrayBlockingQueue.java:403)
        at java.util.concurrent.ThreadPoolExecutor.getTask(ThreadPoolExecutor.java:1074)
        at java.util.concurrent.ThreadPoolExecutor.runWorker(ThreadPoolExecutor.java:1134)
        at java.util.concurrent.ThreadPoolExecutor$Worker.run(ThreadPoolExecutor.java:624)
        at java.lang.Thread.run(Thread.java:748)
"org.eclipse.jetty.server.session.HashSessionManager@5e1fc2aaTimer" daemon prio=5 tid=169 timed_waiting
java.lang.Thread.State: TIMED_WAITING
        at sun.misc.Unsafe.park(Native Method)
        at java.util.concurrent.locks.LockSupport.parkNanos(LockSupport.java:215)
        at java.util.concurrent.locks.AbstractQueuedSynchronizer$ConditionObject.awaitNanos(AbstractQueuedSynchronizer.java:2078)
        at java.util.concurrent.ScheduledThreadPoolExecutor$DelayedWorkQueue.take(ScheduledThreadPoolExecutor.java:1093)
        at java.util.concurrent.ScheduledThreadPoolExecutor$DelayedWorkQueue.take(ScheduledThreadPoolExecutor.java:809)
        at java.util.concurrent.ThreadPoolExecutor.getTask(ThreadPoolExecutor.java:1074)
        at java.util.concurrent.ThreadPoolExecutor.runWorker(ThreadPoolExecutor.java:1134)
        at java.util.concurrent.ThreadPoolExecutor$Worker.run(ThreadPoolExecutor.java:624)
        at java.lang.Thread.run(Thread.java:748)
"pool-68-thread-56"  prio=5 tid=627 in Object.wait()
java.lang.Thread.State: WAITING (on object monitor)
        at sun.misc.Unsafe.park(Native Method)
        at java.util.concurrent.locks.LockSupport.park(LockSupport.java:175)
        at java.util.concurrent.locks.AbstractQueuedSynchronizer$ConditionObject.await(AbstractQueuedSynchronizer.java:2039)
        at java.util.concurrent.ArrayBlockingQueue.take(ArrayBlockingQueue.java:403)
        at java.util.concurrent.ThreadPoolExecutor.getTask(ThreadPoolExecutor.java:1074)
        at java.util.concurrent.ThreadPoolExecutor.runWorker(ThreadPoolExecutor.java:1134)
        at java.util.concurrent.ThreadPoolExecutor$Worker.run(ThreadPoolExecutor.java:624)
        at java.lang.Thread.run(Thread.java:748)
"pool-131-thread-4"  prio=5 tid=755 in Object.wait()
java.lang.Thread.State: WAITING (on object monitor)
        at sun.misc.Unsafe.park(Native Method)
        at java.util.concurrent.locks.LockSupport.park(LockSupport.java:175)
        at java.util.concurrent.locks.AbstractQueuedSynchronizer$ConditionObject.await(AbstractQueuedSynchronizer.java:2039)
        at java.util.concurrent.ArrayBlockingQueue.take(ArrayBlockingQueue.java:403)
        at java.util.concurrent.ThreadPoolExecutor.getTask(ThreadPoolExecutor.java:1074)
        at java.util.concurrent.ThreadPoolExecutor.runWorker(ThreadPoolExecutor.java:1134)
        at java.util.concurrent.ThreadPoolExecutor$Worker.run(ThreadPoolExecutor.java:624)
        at java.lang.Thread.run(Thread.java:748)
"pool-89-thread-23"  prio=5 tid=654 in Object.wait()
java.lang.Thread.State: WAITING (on object monitor)
        at sun.misc.Unsafe.park(Native Method)
        at java.util.concurrent.locks.LockSupport.park(LockSupport.java:175)
        at java.util.concurrent.locks.AbstractQueuedSynchronizer$ConditionObject.await(AbstractQueuedSynchronizer.java:2039)
        at java.util.concurrent.ArrayBlockingQueue.take(ArrayBlockingQueue.java:403)
        at java.util.concurrent.ThreadPoolExecutor.getTask(ThreadPoolExecutor.java:1074)
        at java.util.concurrent.ThreadPoolExecutor.runWorker(ThreadPoolExecutor.java:1134)
        at java.util.concurrent.ThreadPoolExecutor$Worker.run(ThreadPoolExecutor.java:624)
        at java.lang.Thread.run(Thread.java:748)
"pool-142-thread-1"  prio=5 tid=1101 in Object.wait()
java.lang.Thread.State: WAITING (on object monitor)
        at sun.misc.Unsafe.park(Native Method)
        at java.util.concurrent.locks.LockSupport.park(LockSupport.java:175)
        at java.util.concurrent.locks.AbstractQueuedSynchronizer$ConditionObject.await(AbstractQueuedSynchronizer.java:2039)
        at java.util.concurrent.LinkedBlockingQueue.take(LinkedBlockingQueue.java:442)
        at java.util.concurrent.ThreadPoolExecutor.getTask(ThreadPoolExecutor.java:1074)
        at java.util.concurrent.ThreadPoolExecutor.runWorker(ThreadPoolExecutor.java:1134)
        at java.util.concurrent.ThreadPoolExecutor$Worker.run(ThreadPoolExecutor.java:624)
        at java.lang.Thread.run(Thread.java:748)
"StateMachineUpdater-bcfd8b62-ac69-42ca-b586-3bf2b9944505-group-357E694019C5" daemon prio=5 tid=1090 in Object.wait()
java.lang.Thread.State: WAITING (on object monitor)
        at java.lang.Object.wait(Native Method)
        at java.lang.Object.wait(Object.java:502)
        at org.apache.ratis.server.impl.StateMachineUpdater.run(StateMachineUpdater.java:138)
        at java.lang.Thread.run(Thread.java:748)
"pool-215-thread-27"  prio=5 tid=1018 in Object.wait()
java.lang.Thread.State: WAITING (on object monitor)
        at sun.misc.Unsafe.park(Native Method)
        at java.util.concurrent.locks.LockSupport.park(LockSupport.java:175)
        at java.util.concurrent.locks.AbstractQueuedSynchronizer$ConditionObject.await(AbstractQueuedSynchronizer.java:2039)
        at java.util.concurrent.ArrayBlockingQueue.take(ArrayBlockingQueue.java:403)
        at java.util.concurrent.ThreadPoolExecutor.getTask(ThreadPoolExecutor.java:1074)
        at java.util.concurrent.ThreadPoolExecutor.runWorker(ThreadPoolExecutor.java:1134)
        at java.util.concurrent.ThreadPoolExecutor$Worker.run(ThreadPoolExecutor.java:624)
        at java.lang.Thread.run(Thread.java:748)
"pool-26-thread-29"  prio=5 tid=479 in Object.wait()
java.lang.Thread.State: WAITING (on object monitor)
        at sun.misc.Unsafe.park(Native Method)
        at java.util.concurrent.locks.LockSupport.park(LockSupport.java:175)
        at java.util.concurrent.locks.AbstractQueuedSynchronizer$ConditionObject.await(AbstractQueuedSynchronizer.java:2039)
        at java.util.concurrent.ArrayBlockingQueue.take(ArrayBlockingQueue.java:403)
        at java.util.concurrent.ThreadPoolExecutor.getTask(ThreadPoolExecutor.java:1074)
        at java.util.concurrent.ThreadPoolExecutor.runWorker(ThreadPoolExecutor.java:1134)
        at java.util.concurrent.ThreadPoolExecutor$Worker.run(ThreadPoolExecutor.java:624)
        at java.lang.Thread.run(Thread.java:748)
"pool-194-thread-44"  prio=5 tid=975 in Object.wait()
java.lang.Thread.State: WAITING (on object monitor)
        at sun.misc.Unsafe.park(Native Method)
        at java.util.concurrent.locks.LockSupport.park(LockSupport.java:175)
        at java.util.concurrent.locks.AbstractQueuedSynchronizer$ConditionObject.await(AbstractQueuedSynchronizer.java:2039)
        at java.util.concurrent.ArrayBlockingQueue.take(ArrayBlockingQueue.java:403)
        at java.util.concurrent.ThreadPoolExecutor.getTask(ThreadPoolExecutor.java:1074)
        at java.util.concurrent.ThreadPoolExecutor.runWorker(ThreadPoolExecutor.java:1134)
        at java.util.concurrent.ThreadPoolExecutor$Worker.run(ThreadPoolExecutor.java:624)
        at java.lang.Thread.run(Thread.java:748)
"pool-47-thread-47"  prio=5 tid=558 in Object.wait()
java.lang.Thread.State: WAITING (on object monitor)
        at sun.misc.Unsafe.park(Native Method)
        at java.util.concurrent.locks.LockSupport.park(LockSupport.java:175)
        at java.util.concurrent.locks.AbstractQueuedSynchronizer$ConditionObject.await(AbstractQueuedSynchronizer.java:2039)
        at java.util.concurrent.ArrayBlockingQueue.take(ArrayBlockingQueue.java:403)
        at java.util.concurrent.ThreadPoolExecutor.getTask(ThreadPoolExecutor.java:1074)
        at java.util.concurrent.ThreadPoolExecutor.runWorker(ThreadPoolExecutor.java:1134)
        at java.util.concurrent.ThreadPoolExecutor$Worker.run(ThreadPoolExecutor.java:624)
        at java.lang.Thread.run(Thread.java:748)
"pool-230-thread-1"  prio=5 tid=429 timed_waiting
java.lang.Thread.State: TIMED_WAITING
        at sun.misc.Unsafe.park(Native Method)
        at java.util.concurrent.locks.LockSupport.parkNanos(LockSupport.java:215)
        at java.util.concurrent.locks.AbstractQueuedSynchronizer$ConditionObject.awaitNanos(AbstractQueuedSynchronizer.java:2078)
        at java.util.concurrent.ScheduledThreadPoolExecutor$DelayedWorkQueue.take(ScheduledThreadPoolExecutor.java:1093)
        at java.util.concurrent.ScheduledThreadPoolExecutor$DelayedWorkQueue.take(ScheduledThreadPoolExecutor.java:809)
        at java.util.concurrent.ThreadPoolExecutor.getTask(ThreadPoolExecutor.java:1074)
        at java.util.concurrent.ThreadPoolExecutor.runWorker(ThreadPoolExecutor.java:1134)
        at java.util.concurrent.ThreadPoolExecutor$Worker.run(ThreadPoolExecutor.java:624)
        at java.lang.Thread.run(Thread.java:748)
"IPC Server handler 4 on 38877" daemon prio=5 tid=118 timed_waiting
java.lang.Thread.State: TIMED_WAITING
        at sun.misc.Unsafe.park(Native Method)
        at java.util.concurrent.locks.LockSupport.parkNanos(LockSupport.java:215)
        at java.util.concurrent.locks.AbstractQueuedSynchronizer$ConditionObject.awaitNanos(AbstractQueuedSynchronizer.java:2078)
        at java.util.concurrent.LinkedBlockingQueue.poll(LinkedBlockingQueue.java:467)
        at org.apache.hadoop.ipc.CallQueueManager.take(CallQueueManager.java:288)
        at org.apache.hadoop.ipc.Server$Handler.run(Server.java:2668)
"pool-131-thread-14"  prio=5 tid=765 in Object.wait()
java.lang.Thread.State: WAITING (on object monitor)
        at sun.misc.Unsafe.park(Native Method)
        at java.util.concurrent.locks.LockSupport.park(LockSupport.java:175)
        at java.util.concurrent.locks.AbstractQueuedSynchronizer$ConditionObject.await(AbstractQueuedSynchronizer.java:2039)
        at java.util.concurrent.ArrayBlockingQueue.take(ArrayBlockingQueue.java:403)
        at java.util.concurrent.ThreadPoolExecutor.getTask(ThreadPoolExecutor.java:1074)
        at java.util.concurrent.ThreadPoolExecutor.runWorker(ThreadPoolExecutor.java:1134)
        at java.util.concurrent.ThreadPoolExecutor$Worker.run(ThreadPoolExecutor.java:624)
        at java.lang.Thread.run(Thread.java:748)
"IPC Server handler 6 on 33779" daemon prio=5 tid=76 timed_waiting
java.lang.Thread.State: TIMED_WAITING
        at sun.misc.Unsafe.park(Native Method)
        at java.util.concurrent.locks.LockSupport.parkNanos(LockSupport.java:215)
        at java.util.concurrent.locks.AbstractQueuedSynchronizer$ConditionObject.awaitNanos(AbstractQueuedSynchronizer.java:2078)
        at java.util.concurrent.LinkedBlockingQueue.poll(LinkedBlockingQueue.java:467)
        at org.apache.hadoop.ipc.CallQueueManager.take(CallQueueManager.java:288)
        at org.apache.hadoop.ipc.Server$Handler.run(Server.java:2668)
"org.eclipse.jetty.server.session.HashSessionManager@75ed7512Timer" daemon prio=5 tid=438 timed_waiting
java.lang.Thread.State: TIMED_WAITING
        at sun.misc.Unsafe.park(Native Method)
        at java.util.concurrent.locks.LockSupport.parkNanos(LockSupport.java:215)
        at java.util.concurrent.locks.AbstractQueuedSynchronizer$ConditionObject.awaitNanos(AbstractQueuedSynchronizer.java:2078)
        at java.util.concurrent.ScheduledThreadPoolExecutor$DelayedWorkQueue.take(ScheduledThreadPoolExecutor.java:1093)
        at java.util.concurrent.ScheduledThreadPoolExecutor$DelayedWorkQueue.take(ScheduledThreadPoolExecutor.java:809)
        at java.util.concurrent.ThreadPoolExecutor.getTask(ThreadPoolExecutor.java:1074)
        at java.util.concurrent.ThreadPoolExecutor.runWorker(ThreadPoolExecutor.java:1134)
        at java.util.concurrent.ThreadPoolExecutor$Worker.run(ThreadPoolExecutor.java:624)
        at java.lang.Thread.run(Thread.java:748)
"Periodic HDDS volume checker"  prio=5 tid=384 timed_waiting
java.lang.Thread.State: TIMED_WAITING
        at sun.misc.Unsafe.park(Native Method)
        at java.util.concurrent.locks.LockSupport.parkNanos(LockSupport.java:215)
        at java.util.concurrent.locks.AbstractQueuedSynchronizer$ConditionObject.awaitNanos(AbstractQueuedSynchronizer.java:2078)
        at java.util.concurrent.ScheduledThreadPoolExecutor$DelayedWorkQueue.take(ScheduledThreadPoolExecutor.java:1093)
        at java.util.concurrent.ScheduledThreadPoolExecutor$DelayedWorkQueue.take(ScheduledThreadPoolExecutor.java:809)
        at java.util.concurrent.ThreadPoolExecutor.getTask(ThreadPoolExecutor.java:1074)
        at java.util.concurrent.ThreadPoolExecutor.runWorker(ThreadPoolExecutor.java:1134)
        at java.util.concurrent.ThreadPoolExecutor$Worker.run(ThreadPoolExecutor.java:624)
        at java.lang.Thread.run(Thread.java:748)
"IPC Server handler 11 on 33779" daemon prio=5 tid=81 timed_waiting
java.lang.Thread.State: TIMED_WAITING
        at sun.misc.Unsafe.park(Native Method)
        at java.util.concurrent.locks.LockSupport.parkNanos(LockSupport.java:215)
        at java.util.concurrent.locks.AbstractQueuedSynchronizer$ConditionObject.awaitNanos(AbstractQueuedSynchronizer.java:2078)
        at java.util.concurrent.LinkedBlockingQueue.poll(LinkedBlockingQueue.java:467)
        at org.apache.hadoop.ipc.CallQueueManager.take(CallQueueManager.java:288)
        at org.apache.hadoop.ipc.Server$Handler.run(Server.java:2668)
"pool-215-thread-36"  prio=5 tid=1027 in Object.wait()
java.lang.Thread.State: WAITING (on object monitor)
        at sun.misc.Unsafe.park(Native Method)
        at java.util.concurrent.locks.LockSupport.park(LockSupport.java:175)
        at java.util.concurrent.locks.AbstractQueuedSynchronizer$ConditionObject.await(AbstractQueuedSynchronizer.java:2039)
        at java.util.concurrent.ArrayBlockingQueue.take(ArrayBlockingQueue.java:403)
        at java.util.concurrent.ThreadPoolExecutor.getTask(ThreadPoolExecutor.java:1074)
        at java.util.concurrent.ThreadPoolExecutor.runWorker(ThreadPoolExecutor.java:1134)
        at java.util.concurrent.ThreadPoolExecutor$Worker.run(ThreadPoolExecutor.java:624)
        at java.lang.Thread.run(Thread.java:748)
"pool-89-thread-28"  prio=5 tid=659 in Object.wait()
java.lang.Thread.State: WAITING (on object monitor)
        at sun.misc.Unsafe.park(Native Method)
        at java.util.concurrent.locks.LockSupport.park(LockSupport.java:175)
        at java.util.concurrent.locks.AbstractQueuedSynchronizer$ConditionObject.await(AbstractQueuedSynchronizer.java:2039)
        at java.util.concurrent.ArrayBlockingQueue.take(ArrayBlockingQueue.java:403)
        at java.util.concurrent.ThreadPoolExecutor.getTask(ThreadPoolExecutor.java:1074)
        at java.util.concurrent.ThreadPoolExecutor.runWorker(ThreadPoolExecutor.java:1134)
        at java.util.concurrent.ThreadPoolExecutor$Worker.run(ThreadPoolExecutor.java:624)
        at java.lang.Thread.run(Thread.java:748)
"pool-194-thread-52"  prio=5 tid=983 in Object.wait()
java.lang.Thread.State: WAITING (on object monitor)
        at sun.misc.Unsafe.park(Native Method)
        at java.util.concurrent.locks.LockSupport.park(LockSupport.java:175)
        at java.util.concurrent.locks.AbstractQueuedSynchronizer$ConditionObject.await(AbstractQueuedSynchronizer.java:2039)
        at java.util.concurrent.ArrayBlockingQueue.take(ArrayBlockingQueue.java:403)
        at java.util.concurrent.ThreadPoolExecutor.getTask(ThreadPoolExecutor.java:1074)
        at java.util.concurrent.ThreadPoolExecutor.runWorker(ThreadPoolExecutor.java:1134)
        at java.util.concurrent.ThreadPoolExecutor$Worker.run(ThreadPoolExecutor.java:624)
        at java.lang.Thread.run(Thread.java:748)
"pool-47-thread-15"  prio=5 tid=526 in Object.wait()
java.lang.Thread.State: WAITING (on object monitor)
        at sun.misc.Unsafe.park(Native Method)
        at java.util.concurrent.locks.LockSupport.park(LockSupport.java:175)
        at java.util.concurrent.locks.AbstractQueuedSynchronizer$ConditionObject.await(AbstractQueuedSynchronizer.java:2039)
        at java.util.concurrent.ArrayBlockingQueue.take(ArrayBlockingQueue.java:403)
        at java.util.concurrent.ThreadPoolExecutor.getTask(ThreadPoolExecutor.java:1074)
        at java.util.concurrent.ThreadPoolExecutor.runWorker(ThreadPoolExecutor.java:1134)
        at java.util.concurrent.ThreadPoolExecutor$Worker.run(ThreadPoolExecutor.java:624)
        at java.lang.Thread.run(Thread.java:748)
"a55bb28c-9a91-49a0-99cd-6faaa1ad267a-RaftLogWorker"  prio=5 tid=1111 timed_waiting
java.lang.Thread.State: TIMED_WAITING
        at sun.misc.Unsafe.park(Native Method)
        at java.util.concurrent.locks.LockSupport.parkNanos(LockSupport.java:215)
        at java.util.concurrent.locks.AbstractQueuedSynchronizer$ConditionObject.awaitNanos(AbstractQueuedSynchronizer.java:2078)
        at org.apache.ratis.util.DataBlockingQueue.poll(DataBlockingQueue.java:137)
        at org.apache.ratis.server.storage.RaftLogWorker.run(RaftLogWorker.java:216)
        at java.lang.Thread.run(Thread.java:748)
"BlockDeletingService#1" daemon prio=5 tid=248 timed_waiting
java.lang.Thread.State: TIMED_WAITING
        at sun.misc.Unsafe.park(Native Method)
        at java.util.concurrent.locks.LockSupport.parkNanos(LockSupport.java:215)
        at java.util.concurrent.locks.AbstractQueuedSynchronizer$ConditionObject.awaitNanos(AbstractQueuedSynchronizer.java:2078)
        at java.util.concurrent.ScheduledThreadPoolExecutor$DelayedWorkQueue.take(ScheduledThreadPoolExecutor.java:1093)
        at java.util.concurrent.ScheduledThreadPoolExecutor$DelayedWorkQueue.take(ScheduledThreadPoolExecutor.java:809)
        at java.util.concurrent.ThreadPoolExecutor.getTask(ThreadPoolExecutor.java:1074)
        at java.util.concurrent.ThreadPoolExecutor.runWorker(ThreadPoolExecutor.java:1134)
        at java.util.concurrent.ThreadPoolExecutor$Worker.run(ThreadPoolExecutor.java:624)
        at java.lang.Thread.run(Thread.java:748)
"pool-26-thread-24"  prio=5 tid=474 in Object.wait()
java.lang.Thread.State: WAITING (on object monitor)
        at sun.misc.Unsafe.park(Native Method)
        at java.util.concurrent.locks.LockSupport.park(LockSupport.java:175)
        at java.util.concurrent.locks.AbstractQueuedSynchronizer$ConditionObject.await(AbstractQueuedSynchronizer.java:2039)
        at java.util.concurrent.ArrayBlockingQueue.take(ArrayBlockingQueue.java:403)
        at java.util.concurrent.ThreadPoolExecutor.getTask(ThreadPoolExecutor.java:1074)
        at java.util.concurrent.ThreadPoolExecutor.runWorker(ThreadPoolExecutor.java:1134)
        at java.util.concurrent.ThreadPoolExecutor$Worker.run(ThreadPoolExecutor.java:624)
        at java.lang.Thread.run(Thread.java:748)
"qtp608414678-223" daemon prio=5 tid=223 timed_waiting
java.lang.Thread.State: TIMED_WAITING
        at sun.misc.Unsafe.park(Native Method)
        at java.util.concurrent.locks.LockSupport.parkNanos(LockSupport.java:215)
        at java.util.concurrent.locks.AbstractQueuedSynchronizer$ConditionObject.awaitNanos(AbstractQueuedSynchronizer.java:2078)
        at org.eclipse.jetty.util.BlockingArrayQueue.poll(BlockingArrayQueue.java:392)
        at org.eclipse.jetty.util.thread.QueuedThreadPool.idleJobPoll(QueuedThreadPool.java:563)
        at org.eclipse.jetty.util.thread.QueuedThreadPool.access$800(QueuedThreadPool.java:48)
        at org.eclipse.jetty.util.thread.QueuedThreadPool$2.run(QueuedThreadPool.java:626)
        at java.lang.Thread.run(Thread.java:748)
"pool-215-thread-7"  prio=5 tid=998 in Object.wait()
java.lang.Thread.State: WAITING (on object monitor)
        at sun.misc.Unsafe.park(Native Method)
        at java.util.concurrent.locks.LockSupport.park(LockSupport.java:175)
        at java.util.concurrent.locks.AbstractQueuedSynchronizer$ConditionObject.await(AbstractQueuedSynchronizer.java:2039)
        at java.util.concurrent.ArrayBlockingQueue.take(ArrayBlockingQueue.java:403)
        at java.util.concurrent.ThreadPoolExecutor.getTask(ThreadPoolExecutor.java:1074)
        at java.util.concurrent.ThreadPoolExecutor.runWorker(ThreadPoolExecutor.java:1134)
        at java.util.concurrent.ThreadPoolExecutor$Worker.run(ThreadPoolExecutor.java:624)
        at java.lang.Thread.run(Thread.java:748)
"pool-68-thread-1"  prio=5 tid=572 in Object.wait()
java.lang.Thread.State: WAITING (on object monitor)
        at sun.misc.Unsafe.park(Native Method)
        at java.util.concurrent.locks.LockSupport.park(LockSupport.java:175)
        at java.util.concurrent.locks.AbstractQueuedSynchronizer$ConditionObject.await(AbstractQueuedSynchronizer.java:2039)
        at java.util.concurrent.ArrayBlockingQueue.take(ArrayBlockingQueue.java:403)
        at java.util.concurrent.ThreadPoolExecutor.getTask(ThreadPoolExecutor.java:1074)
        at java.util.concurrent.ThreadPoolExecutor.runWorker(ThreadPoolExecutor.java:1134)
        at java.util.concurrent.ThreadPoolExecutor$Worker.run(ThreadPoolExecutor.java:624)
        at java.lang.Thread.run(Thread.java:748)
"BlockDeletingService#1" daemon prio=5 tid=338 timed_waiting
java.lang.Thread.State: TIMED_WAITING
        at sun.misc.Unsafe.park(Native Method)
        at java.util.concurrent.locks.LockSupport.parkNanos(LockSupport.java:215)
        at java.util.concurrent.locks.AbstractQueuedSynchronizer$ConditionObject.awaitNanos(AbstractQueuedSynchronizer.java:2078)
        at java.util.concurrent.ScheduledThreadPoolExecutor$DelayedWorkQueue.take(ScheduledThreadPoolExecutor.java:1093)
        at java.util.concurrent.ScheduledThreadPoolExecutor$DelayedWorkQueue.take(ScheduledThreadPoolExecutor.java:809)
        at java.util.concurrent.ThreadPoolExecutor.getTask(ThreadPoolExecutor.java:1074)
        at java.util.concurrent.ThreadPoolExecutor.runWorker(ThreadPoolExecutor.java:1134)
        at java.util.concurrent.ThreadPoolExecutor$Worker.run(ThreadPoolExecutor.java:624)
        at java.lang.Thread.run(Thread.java:748)
"BlockDeletingService#2" daemon prio=5 tid=1878 in Object.wait()
java.lang.Thread.State: WAITING (on object monitor)
        at sun.misc.Unsafe.park(Native Method)
        at java.util.concurrent.locks.LockSupport.park(LockSupport.java:175)
        at java.util.concurrent.locks.AbstractQueuedSynchronizer$ConditionObject.await(AbstractQueuedSynchronizer.java:2039)
        at java.util.concurrent.ScheduledThreadPoolExecutor$DelayedWorkQueue.take(ScheduledThreadPoolExecutor.java:1088)
        at java.util.concurrent.ScheduledThreadPoolExecutor$DelayedWorkQueue.take(ScheduledThreadPoolExecutor.java:809)
        at java.util.concurrent.ThreadPoolExecutor.getTask(ThreadPoolExecutor.java:1074)
        at java.util.concurrent.ThreadPoolExecutor.runWorker(ThreadPoolExecutor.java:1134)
        at java.util.concurrent.ThreadPoolExecutor$Worker.run(ThreadPoolExecutor.java:624)
        at java.lang.Thread.run(Thread.java:748)
"pool-89-thread-26"  prio=5 tid=657 in Object.wait()
java.lang.Thread.State: WAITING (on object monitor)
        at sun.misc.Unsafe.park(Native Method)
        at java.util.concurrent.locks.LockSupport.park(LockSupport.java:175)
        at java.util.concurrent.locks.AbstractQueuedSynchronizer$ConditionObject.await(AbstractQueuedSynchronizer.java:2039)
        at java.util.concurrent.ArrayBlockingQueue.take(ArrayBlockingQueue.java:403)
        at java.util.concurrent.ThreadPoolExecutor.getTask(ThreadPoolExecutor.java:1074)
        at java.util.concurrent.ThreadPoolExecutor.runWorker(ThreadPoolExecutor.java:1134)
        at java.util.concurrent.ThreadPoolExecutor$Worker.run(ThreadPoolExecutor.java:624)
        at java.lang.Thread.run(Thread.java:748)
"2a700f1f-da98-49ef-9a26-03cc6c63ade6-RaftLogWorker"  prio=5 tid=1097 timed_waiting
java.lang.Thread.State: TIMED_WAITING
        at sun.misc.Unsafe.park(Native Method)
        at java.util.concurrent.locks.LockSupport.parkNanos(LockSupport.java:215)
        at java.util.concurrent.locks.AbstractQueuedSynchronizer$ConditionObject.awaitNanos(AbstractQueuedSynchronizer.java:2078)
        at org.apache.ratis.util.DataBlockingQueue.poll(DataBlockingQueue.java:137)
        at org.apache.ratis.server.storage.RaftLogWorker.run(RaftLogWorker.java:216)
        at java.lang.Thread.run(Thread.java:748)
"qtp838812606-94" daemon prio=5 tid=94 timed_waiting
java.lang.Thread.State: TIMED_WAITING
        at sun.misc.Unsafe.park(Native Method)
        at java.util.concurrent.locks.LockSupport.parkNanos(LockSupport.java:215)
        at java.util.concurrent.locks.AbstractQueuedSynchronizer$ConditionObject.awaitNanos(AbstractQueuedSynchronizer.java:2078)
        at org.eclipse.jetty.util.BlockingArrayQueue.poll(BlockingArrayQueue.java:392)
        at org.eclipse.jetty.util.thread.QueuedThreadPool.idleJobPoll(QueuedThreadPool.java:563)
        at org.eclipse.jetty.util.thread.QueuedThreadPool.access$800(QueuedThreadPool.java:48)
        at org.eclipse.jetty.util.thread.QueuedThreadPool$2.run(QueuedThreadPool.java:626)
        at java.lang.Thread.run(Thread.java:748)
"pool-131-thread-39"  prio=5 tid=790 in Object.wait()
java.lang.Thread.State: WAITING (on object monitor)
        at sun.misc.Unsafe.park(Native Method)
        at java.util.concurrent.locks.LockSupport.park(LockSupport.java:175)
        at java.util.concurrent.locks.AbstractQueuedSynchronizer$ConditionObject.await(AbstractQueuedSynchronizer.java:2039)
        at java.util.concurrent.ArrayBlockingQueue.take(ArrayBlockingQueue.java:403)
        at java.util.concurrent.ThreadPoolExecutor.getTask(ThreadPoolExecutor.java:1074)
        at java.util.concurrent.ThreadPoolExecutor.runWorker(ThreadPoolExecutor.java:1134)
        at java.util.concurrent.ThreadPoolExecutor$Worker.run(ThreadPoolExecutor.java:624)
        at java.lang.Thread.run(Thread.java:748)
"pool-215-thread-45"  prio=5 tid=1036 in Object.wait()
java.lang.Thread.State: WAITING (on object monitor)
        at sun.misc.Unsafe.park(Native Method)
        at java.util.concurrent.locks.LockSupport.park(LockSupport.java:175)
        at java.util.concurrent.locks.AbstractQueuedSynchronizer$ConditionObject.await(AbstractQueuedSynchronizer.java:2039)
        at java.util.concurrent.ArrayBlockingQueue.take(ArrayBlockingQueue.java:403)
        at java.util.concurrent.ThreadPoolExecutor.getTask(ThreadPoolExecutor.java:1074)
        at java.util.concurrent.ThreadPoolExecutor.runWorker(ThreadPoolExecutor.java:1134)
        at java.util.concurrent.ThreadPoolExecutor$Worker.run(ThreadPoolExecutor.java:624)
        at java.lang.Thread.run(Thread.java:748)
"qtp391333725-375" daemon prio=5 tid=375 timed_waiting
java.lang.Thread.State: TIMED_WAITING
        at sun.misc.Unsafe.park(Native Method)
        at java.util.concurrent.locks.LockSupport.parkNanos(LockSupport.java:215)
        at java.util.concurrent.locks.AbstractQueuedSynchronizer$ConditionObject.awaitNanos(AbstractQueuedSynchronizer.java:2078)
        at org.eclipse.jetty.util.BlockingArrayQueue.poll(BlockingArrayQueue.java:392)
        at org.eclipse.jetty.util.thread.QueuedThreadPool.idleJobPoll(QueuedThreadPool.java:563)
        at org.eclipse.jetty.util.thread.QueuedThreadPool.access$800(QueuedThreadPool.java:48)
        at org.eclipse.jetty.util.thread.QueuedThreadPool$2.run(QueuedThreadPool.java:626)
        at java.lang.Thread.run(Thread.java:748)
"pool-68-thread-43"  prio=5 tid=614 in Object.wait()
java.lang.Thread.State: WAITING (on object monitor)
        at sun.misc.Unsafe.park(Native Method)
        at java.util.concurrent.locks.LockSupport.park(LockSupport.java:175)
        at java.util.concurrent.locks.AbstractQueuedSynchronizer$ConditionObject.await(AbstractQueuedSynchronizer.java:2039)
        at java.util.concurrent.ArrayBlockingQueue.take(ArrayBlockingQueue.java:403)
        at java.util.concurrent.ThreadPoolExecutor.getTask(ThreadPoolExecutor.java:1074)
        at java.util.concurrent.ThreadPoolExecutor.runWorker(ThreadPoolExecutor.java:1134)
        at java.util.concurrent.ThreadPoolExecutor$Worker.run(ThreadPoolExecutor.java:624)
        at java.lang.Thread.run(Thread.java:748)
"pool-47-thread-55"  prio=5 tid=566 in Object.wait()
java.lang.Thread.State: WAITING (on object monitor)
        at sun.misc.Unsafe.park(Native Method)
        at java.util.concurrent.locks.LockSupport.park(LockSupport.java:175)
        at java.util.concurrent.locks.AbstractQueuedSynchronizer$ConditionObject.await(AbstractQueuedSynchronizer.java:2039)
        at java.util.concurrent.ArrayBlockingQueue.take(ArrayBlockingQueue.java:403)
        at java.util.concurrent.ThreadPoolExecutor.getTask(ThreadPoolExecutor.java:1074)
        at java.util.concurrent.ThreadPoolExecutor.runWorker(ThreadPoolExecutor.java:1134)
        at java.util.concurrent.ThreadPoolExecutor$Worker.run(ThreadPoolExecutor.java:624)
        at java.lang.Thread.run(Thread.java:748)
"pool-110-thread-7"  prio=5 tid=698 in Object.wait()
java.lang.Thread.State: WAITING (on object monitor)
        at sun.misc.Unsafe.park(Native Method)
        at java.util.concurrent.locks.LockSupport.park(LockSupport.java:175)
        at java.util.concurrent.locks.AbstractQueuedSynchronizer$ConditionObject.await(AbstractQueuedSynchronizer.java:2039)
        at java.util.concurrent.ArrayBlockingQueue.take(ArrayBlockingQueue.java:403)
        at java.util.concurrent.ThreadPoolExecutor.getTask(ThreadPoolExecutor.java:1074)
        at java.util.concurrent.ThreadPoolExecutor.runWorker(ThreadPoolExecutor.java:1134)
        at java.util.concurrent.ThreadPoolExecutor$Worker.run(ThreadPoolExecutor.java:624)
        at java.lang.Thread.run(Thread.java:748)
"pool-173-thread-6"  prio=5 tid=877 in Object.wait()
java.lang.Thread.State: WAITING (on object monitor)
        at sun.misc.Unsafe.park(Native Method)
        at java.util.concurrent.locks.LockSupport.park(LockSupport.java:175)
        at java.util.concurrent.locks.AbstractQueuedSynchronizer$ConditionObject.await(AbstractQueuedSynchronizer.java:2039)
        at java.util.concurrent.ArrayBlockingQueue.take(ArrayBlockingQueue.java:403)
        at java.util.concurrent.ThreadPoolExecutor.getTask(ThreadPoolExecutor.java:1074)
        at java.util.concurrent.ThreadPoolExecutor.runWorker(ThreadPoolExecutor.java:1134)
        at java.util.concurrent.ThreadPoolExecutor$Worker.run(ThreadPoolExecutor.java:624)
        at java.lang.Thread.run(Thread.java:748)
"pool-152-thread-35"  prio=5 tid=846 in Object.wait()
java.lang.Thread.State: WAITING (on object monitor)
        at sun.misc.Unsafe.park(Native Method)
        at java.util.concurrent.locks.LockSupport.park(LockSupport.java:175)
        at java.util.concurrent.locks.AbstractQueuedSynchronizer$ConditionObject.await(AbstractQueuedSynchronizer.java:2039)
        at java.util.concurrent.ArrayBlockingQueue.take(ArrayBlockingQueue.java:403)
        at java.util.concurrent.ThreadPoolExecutor.getTask(ThreadPoolExecutor.java:1074)
        at java.util.concurrent.ThreadPoolExecutor.runWorker(ThreadPoolExecutor.java:1134)
        at java.util.concurrent.ThreadPoolExecutor$Worker.run(ThreadPoolExecutor.java:624)
        at java.lang.Thread.run(Thread.java:748)
"pool-194-thread-35"  prio=5 tid=966 in Object.wait()
java.lang.Thread.State: WAITING (on object monitor)
        at sun.misc.Unsafe.park(Native Method)
        at java.util.concurrent.locks.LockSupport.park(LockSupport.java:175)
        at java.util.concurrent.locks.AbstractQueuedSynchronizer$ConditionObject.await(AbstractQueuedSynchronizer.java:2039)
        at java.util.concurrent.ArrayBlockingQueue.take(ArrayBlockingQueue.java:403)
        at java.util.concurrent.ThreadPoolExecutor.getTask(ThreadPoolExecutor.java:1074)
        at java.util.concurrent.ThreadPoolExecutor.runWorker(ThreadPoolExecutor.java:1134)
        at java.util.concurrent.ThreadPoolExecutor$Worker.run(ThreadPoolExecutor.java:624)
        at java.lang.Thread.run(Thread.java:748)
"pool-47-thread-50"  prio=5 tid=561 in Object.wait()
java.lang.Thread.State: WAITING (on object monitor)
        at sun.misc.Unsafe.park(Native Method)
        at java.util.concurrent.locks.LockSupport.park(LockSupport.java:175)
        at java.util.concurrent.locks.AbstractQueuedSynchronizer$ConditionObject.await(AbstractQueuedSynchronizer.java:2039)
        at java.util.concurrent.ArrayBlockingQueue.take(ArrayBlockingQueue.java:403)
        at java.util.concurrent.ThreadPoolExecutor.getTask(ThreadPoolExecutor.java:1074)
        at java.util.concurrent.ThreadPoolExecutor.runWorker(ThreadPoolExecutor.java:1134)
        at java.util.concurrent.ThreadPoolExecutor$Worker.run(ThreadPoolExecutor.java:624)
        at java.lang.Thread.run(Thread.java:748)
"org.eclipse.jetty.server.session.HashSessionManager@50b46e24Timer" daemon prio=5 tid=230 timed_waiting
java.lang.Thread.State: TIMED_WAITING
        at sun.misc.Unsafe.park(Native Method)
        at java.util.concurrent.locks.LockSupport.parkNanos(LockSupport.java:215)
        at java.util.concurrent.locks.AbstractQueuedSynchronizer$ConditionObject.awaitNanos(AbstractQueuedSynchronizer.java:2078)
        at java.util.concurrent.ScheduledThreadPoolExecutor$DelayedWorkQueue.take(ScheduledThreadPoolExecutor.java:1093)
        at java.util.concurrent.ScheduledThreadPoolExecutor$DelayedWorkQueue.take(ScheduledThreadPoolExecutor.java:809)
        at java.util.concurrent.ThreadPoolExecutor.getTask(ThreadPoolExecutor.java:1074)
        at java.util.concurrent.ThreadPoolExecutor.runWorker(ThreadPoolExecutor.java:1134)
        at java.util.concurrent.ThreadPoolExecutor$Worker.run(ThreadPoolExecutor.java:624)
        at java.lang.Thread.run(Thread.java:748)
"pool-26-thread-33"  prio=5 tid=483 in Object.wait()
java.lang.Thread.State: WAITING (on object monitor)
        at sun.misc.Unsafe.park(Native Method)
        at java.util.concurrent.locks.LockSupport.park(LockSupport.java:175)
        at java.util.concurrent.locks.AbstractQueuedSynchronizer$ConditionObject.await(AbstractQueuedSynchronizer.java:2039)
        at java.util.concurrent.ArrayBlockingQueue.take(ArrayBlockingQueue.java:403)
        at java.util.concurrent.ThreadPoolExecutor.getTask(ThreadPoolExecutor.java:1074)
        at java.util.concurrent.ThreadPoolExecutor.runWorker(ThreadPoolExecutor.java:1134)
        at java.util.concurrent.ThreadPoolExecutor$Worker.run(ThreadPoolExecutor.java:624)
        at java.lang.Thread.run(Thread.java:748)
"org.eclipse.jetty.server.session.HashSessionManager@1ee29c84Timer" daemon prio=5 tid=143 timed_waiting
java.lang.Thread.State: TIMED_WAITING
        at sun.misc.Unsafe.park(Native Method)
        at java.util.concurrent.locks.LockSupport.parkNanos(LockSupport.java:215)
        at java.util.concurrent.locks.AbstractQueuedSynchronizer$ConditionObject.awaitNanos(AbstractQueuedSynchronizer.java:2078)
        at java.util.concurrent.ScheduledThreadPoolExecutor$DelayedWorkQueue.take(ScheduledThreadPoolExecutor.java:1093)
        at java.util.concurrent.ScheduledThreadPoolExecutor$DelayedWorkQueue.take(ScheduledThreadPoolExecutor.java:809)
        at java.util.concurrent.ThreadPoolExecutor.getTask(ThreadPoolExecutor.java:1074)
        at java.util.concurrent.ThreadPoolExecutor.runWorker(ThreadPoolExecutor.java:1134)
        at java.util.concurrent.ThreadPoolExecutor$Worker.run(ThreadPoolExecutor.java:624)
        at java.lang.Thread.run(Thread.java:748)
"pool-47-thread-6"  prio=5 tid=517 in Object.wait()
java.lang.Thread.State: WAITING (on object monitor)
        at sun.misc.Unsafe.park(Native Method)
        at java.util.concurrent.locks.LockSupport.park(LockSupport.java:175)
        at java.util.concurrent.locks.AbstractQueuedSynchronizer$ConditionObject.await(AbstractQueuedSynchronizer.java:2039)
        at java.util.concurrent.ArrayBlockingQueue.take(ArrayBlockingQueue.java:403)
        at java.util.concurrent.ThreadPoolExecutor.getTask(ThreadPoolExecutor.java:1074)
        at java.util.concurrent.ThreadPoolExecutor.runWorker(ThreadPoolExecutor.java:1134)
        at java.util.concurrent.ThreadPoolExecutor$Worker.run(ThreadPoolExecutor.java:624)
        at java.lang.Thread.run(Thread.java:748)
"IPC Server handler 0 on 33423" daemon prio=5 tid=30 timed_waiting
java.lang.Thread.State: TIMED_WAITING
        at sun.misc.Unsafe.park(Native Method)
        at java.util.concurrent.locks.LockSupport.parkNanos(LockSupport.java:215)
        at java.util.concurrent.locks.AbstractQueuedSynchronizer$ConditionObject.awaitNanos(AbstractQueuedSynchronizer.java:2078)
        at java.util.concurrent.LinkedBlockingQueue.poll(LinkedBlockingQueue.java:467)
        at org.apache.hadoop.ipc.CallQueueManager.take(CallQueueManager.java:288)
        at org.apache.hadoop.ipc.Server$Handler.run(Server.java:2668)
"pool-110-thread-21"  prio=5 tid=712 in Object.wait()
java.lang.Thread.State: WAITING (on object monitor)
        at sun.misc.Unsafe.park(Native Method)
        at java.util.concurrent.locks.LockSupport.park(LockSupport.java:175)
        at java.util.concurrent.locks.AbstractQueuedSynchronizer$ConditionObject.await(AbstractQueuedSynchronizer.java:2039)
        at java.util.concurrent.ArrayBlockingQueue.take(ArrayBlockingQueue.java:403)
        at java.util.concurrent.ThreadPoolExecutor.getTask(ThreadPoolExecutor.java:1074)
        at java.util.concurrent.ThreadPoolExecutor.runWorker(ThreadPoolExecutor.java:1134)
        at java.util.concurrent.ThreadPoolExecutor$Worker.run(ThreadPoolExecutor.java:624)
        at java.lang.Thread.run(Thread.java:748)
"Socket Reader #1 for port 46447"  prio=5 tid=20 runnable
java.lang.Thread.State: RUNNABLE
        at sun.nio.ch.EPollArrayWrapper.epollWait(Native Method)
        at sun.nio.ch.EPollArrayWrapper.poll(EPollArrayWrapper.java:269)
        at sun.nio.ch.EPollSelectorImpl.doSelect(EPollSelectorImpl.java:93)
        at sun.nio.ch.SelectorImpl.lockAndDoSelect(SelectorImpl.java:86)
        at sun.nio.ch.SelectorImpl.select(SelectorImpl.java:97)
        at sun.nio.ch.SelectorImpl.select(SelectorImpl.java:101)
        at org.apache.hadoop.ipc.Server$Listener$Reader.doRunLoop(Server.java:1097)
        at org.apache.hadoop.ipc.Server$Listener$Reader.run(Server.java:1076)
"pool-110-thread-50"  prio=5 tid=741 in Object.wait()
java.lang.Thread.State: WAITING (on object monitor)
        at sun.misc.Unsafe.park(Native Method)
        at java.util.concurrent.locks.LockSupport.park(LockSupport.java:175)
        at java.util.concurrent.locks.AbstractQueuedSynchronizer$ConditionObject.await(AbstractQueuedSynchronizer.java:2039)
        at java.util.concurrent.ArrayBlockingQueue.take(ArrayBlockingQueue.java:403)
        at java.util.concurrent.ThreadPoolExecutor.getTask(ThreadPoolExecutor.java:1074)
        at java.util.concurrent.ThreadPoolExecutor.runWorker(ThreadPoolExecutor.java:1134)
        at java.util.concurrent.ThreadPoolExecutor$Worker.run(ThreadPoolExecutor.java:624)
        at java.lang.Thread.run(Thread.java:748)
"org.eclipse.jetty.server.session.HashSessionManager@16a6dc21Timer" daemon prio=5 tid=380 timed_waiting
java.lang.Thread.State: TIMED_WAITING
        at sun.misc.Unsafe.park(Native Method)
        at java.util.concurrent.locks.LockSupport.parkNanos(LockSupport.java:215)
        at java.util.concurrent.locks.AbstractQueuedSynchronizer$ConditionObject.awaitNanos(AbstractQueuedSynchronizer.java:2078)
        at java.util.concurrent.ScheduledThreadPoolExecutor$DelayedWorkQueue.take(ScheduledThreadPoolExecutor.java:1093)
        at java.util.concurrent.ScheduledThreadPoolExecutor$DelayedWorkQueue.take(ScheduledThreadPoolExecutor.java:809)
        at java.util.concurrent.ThreadPoolExecutor.getTask(ThreadPoolExecutor.java:1074)
        at java.util.concurrent.ThreadPoolExecutor.runWorker(ThreadPoolExecutor.java:1134)
        at java.util.concurrent.ThreadPoolExecutor$Worker.run(ThreadPoolExecutor.java:624)
        at java.lang.Thread.run(Thread.java:748)
"pool-173-thread-26"  prio=5 tid=897 in Object.wait()
java.lang.Thread.State: WAITING (on object monitor)
        at sun.misc.Unsafe.park(Native Method)
        at java.util.concurrent.locks.LockSupport.park(LockSupport.java:175)
        at java.util.concurrent.locks.AbstractQueuedSynchronizer$ConditionObject.await(AbstractQueuedSynchronizer.java:2039)
        at java.util.concurrent.ArrayBlockingQueue.take(ArrayBlockingQueue.java:403)
        at java.util.concurrent.ThreadPoolExecutor.getTask(ThreadPoolExecutor.java:1074)
        at java.util.concurrent.ThreadPoolExecutor.runWorker(ThreadPoolExecutor.java:1134)
        at java.util.concurrent.ThreadPoolExecutor$Worker.run(ThreadPoolExecutor.java:624)
        at java.lang.Thread.run(Thread.java:748)
"pool-68-thread-4"  prio=5 tid=575 in Object.wait()
java.lang.Thread.State: WAITING (on object monitor)
        at sun.misc.Unsafe.park(Native Method)
        at java.util.concurrent.locks.LockSupport.park(LockSupport.java:175)
        at java.util.concurrent.locks.AbstractQueuedSynchronizer$ConditionObject.await(AbstractQueuedSynchronizer.java:2039)
        at java.util.concurrent.ArrayBlockingQueue.take(ArrayBlockingQueue.java:403)
        at java.util.concurrent.ThreadPoolExecutor.getTask(ThreadPoolExecutor.java:1074)
        at java.util.concurrent.ThreadPoolExecutor.runWorker(ThreadPoolExecutor.java:1134)
        at java.util.concurrent.ThreadPoolExecutor$Worker.run(ThreadPoolExecutor.java:624)
        at java.lang.Thread.run(Thread.java:748)
"pool-89-thread-55"  prio=5 tid=686 in Object.wait()
java.lang.Thread.State: WAITING (on object monitor)
        at sun.misc.Unsafe.park(Native Method)
        at java.util.concurrent.locks.LockSupport.park(LockSupport.java:175)
        at java.util.concurrent.locks.AbstractQueuedSynchronizer$ConditionObject.await(AbstractQueuedSynchronizer.java:2039)
        at java.util.concurrent.ArrayBlockingQueue.take(ArrayBlockingQueue.java:403)
        at java.util.concurrent.ThreadPoolExecutor.getTask(ThreadPoolExecutor.java:1074)
        at java.util.concurrent.ThreadPoolExecutor.runWorker(ThreadPoolExecutor.java:1134)
        at java.util.concurrent.ThreadPoolExecutor$Worker.run(ThreadPoolExecutor.java:624)
        at java.lang.Thread.run(Thread.java:748)
"pool-26-thread-30"  prio=5 tid=480 in Object.wait()
java.lang.Thread.State: WAITING (on object monitor)
        at sun.misc.Unsafe.park(Native Method)
        at java.util.concurrent.locks.LockSupport.park(LockSupport.java:175)
        at java.util.concurrent.locks.AbstractQueuedSynchronizer$ConditionObject.await(AbstractQueuedSynchronizer.java:2039)
        at java.util.concurrent.ArrayBlockingQueue.take(ArrayBlockingQueue.java:403)
        at java.util.concurrent.ThreadPoolExecutor.getTask(ThreadPoolExecutor.java:1074)
        at java.util.concurrent.ThreadPoolExecutor.runWorker(ThreadPoolExecutor.java:1134)
        at java.util.concurrent.ThreadPoolExecutor$Worker.run(ThreadPoolExecutor.java:624)
        at java.lang.Thread.run(Thread.java:748)
"Thread-350" daemon prio=5 tid=1163 timed_waiting
java.lang.Thread.State: TIMED_WAITING
        at sun.misc.Unsafe.park(Native Method)
        at java.util.concurrent.locks.LockSupport.parkNanos(LockSupport.java:215)
        at java.util.concurrent.locks.AbstractQueuedSynchronizer$ConditionObject.awaitNanos(AbstractQueuedSynchronizer.java:2078)
        at java.util.concurrent.ArrayBlockingQueue.poll(ArrayBlockingQueue.java:418)
        at org.apache.ratis.server.impl.LeaderState$EventQueue.poll(LeaderState.java:114)
        at org.apache.ratis.server.impl.LeaderState$EventProcessor.run(LeaderState.java:438)
"pool-205-thread-1"  prio=5 tid=1128 in Object.wait()
java.lang.Thread.State: WAITING (on object monitor)
        at sun.misc.Unsafe.park(Native Method)
        at java.util.concurrent.locks.LockSupport.park(LockSupport.java:175)
        at java.util.concurrent.locks.AbstractQueuedSynchronizer$ConditionObject.await(AbstractQueuedSynchronizer.java:2039)
        at java.util.concurrent.LinkedBlockingQueue.take(LinkedBlockingQueue.java:442)
        at java.util.concurrent.ThreadPoolExecutor.getTask(ThreadPoolExecutor.java:1074)
        at java.util.concurrent.ThreadPoolExecutor.runWorker(ThreadPoolExecutor.java:1134)
        at java.util.concurrent.ThreadPoolExecutor$Worker.run(ThreadPoolExecutor.java:624)
        at java.lang.Thread.run(Thread.java:748)
"pool-152-thread-49"  prio=5 tid=860 in Object.wait()
java.lang.Thread.State: WAITING (on object monitor)
        at sun.misc.Unsafe.park(Native Method)
        at java.util.concurrent.locks.LockSupport.park(LockSupport.java:175)
        at java.util.concurrent.locks.AbstractQueuedSynchronizer$ConditionObject.await(AbstractQueuedSynchronizer.java:2039)
        at java.util.concurrent.ArrayBlockingQueue.take(ArrayBlockingQueue.java:403)
        at java.util.concurrent.ThreadPoolExecutor.getTask(ThreadPoolExecutor.java:1074)
        at java.util.concurrent.ThreadPoolExecutor.runWorker(ThreadPoolExecutor.java:1134)
        at java.util.concurrent.ThreadPoolExecutor$Worker.run(ThreadPoolExecutor.java:624)
        at java.lang.Thread.run(Thread.java:748)
"pool-26-thread-8"  prio=5 tid=458 in Object.wait()
java.lang.Thread.State: WAITING (on object monitor)
        at sun.misc.Unsafe.park(Native Method)
        at java.util.concurrent.locks.LockSupport.park(LockSupport.java:175)
        at java.util.concurrent.locks.AbstractQueuedSynchronizer$ConditionObject.await(AbstractQueuedSynchronizer.java:2039)
        at java.util.concurrent.ArrayBlockingQueue.take(ArrayBlockingQueue.java:403)
        at java.util.concurrent.ThreadPoolExecutor.getTask(ThreadPoolExecutor.java:1074)
        at java.util.concurrent.ThreadPoolExecutor.runWorker(ThreadPoolExecutor.java:1134)
        at java.util.concurrent.ThreadPoolExecutor$Worker.run(ThreadPoolExecutor.java:624)
        at java.lang.Thread.run(Thread.java:748)
"Datanode ReportManager Thread - 3" daemon prio=5 tid=358 timed_waiting
java.lang.Thread.State: TIMED_WAITING
        at sun.misc.Unsafe.park(Native Method)
        at java.util.concurrent.locks.LockSupport.parkNanos(LockSupport.java:215)
        at java.util.concurrent.locks.AbstractQueuedSynchronizer$ConditionObject.awaitNanos(AbstractQueuedSynchronizer.java:2078)
        at java.util.concurrent.ScheduledThreadPoolExecutor$DelayedWorkQueue.take(ScheduledThreadPoolExecutor.java:1093)
        at java.util.concurrent.ScheduledThreadPoolExecutor$DelayedWorkQueue.take(ScheduledThreadPoolExecutor.java:809)
        at java.util.concurrent.ThreadPoolExecutor.getTask(ThreadPoolExecutor.java:1074)
        at java.util.concurrent.ThreadPoolExecutor.runWorker(ThreadPoolExecutor.java:1134)
        at java.util.concurrent.ThreadPoolExecutor$Worker.run(ThreadPoolExecutor.java:624)
        at java.lang.Thread.run(Thread.java:748)
"pool-26-thread-43"  prio=5 tid=493 in Object.wait()
java.lang.Thread.State: WAITING (on object monitor)
        at sun.misc.Unsafe.park(Native Method)
        at java.util.concurrent.locks.LockSupport.park(LockSupport.java:175)
        at java.util.concurrent.locks.AbstractQueuedSynchronizer$ConditionObject.await(AbstractQueuedSynchronizer.java:2039)
        at java.util.concurrent.ArrayBlockingQueue.take(ArrayBlockingQueue.java:403)
        at java.util.concurrent.ThreadPoolExecutor.getTask(ThreadPoolExecutor.java:1074)
        at java.util.concurrent.ThreadPoolExecutor.runWorker(ThreadPoolExecutor.java:1134)
        at java.util.concurrent.ThreadPoolExecutor$Worker.run(ThreadPoolExecutor.java:624)
        at java.lang.Thread.run(Thread.java:748)
"pool-215-thread-53"  prio=5 tid=1044 in Object.wait()
java.lang.Thread.State: WAITING (on object monitor)
        at sun.misc.Unsafe.park(Native Method)
        at java.util.concurrent.locks.LockSupport.park(LockSupport.java:175)
        at java.util.concurrent.locks.AbstractQueuedSynchronizer$ConditionObject.await(AbstractQueuedSynchronizer.java:2039)
        at java.util.concurrent.ArrayBlockingQueue.take(ArrayBlockingQueue.java:403)
        at java.util.concurrent.ThreadPoolExecutor.getTask(ThreadPoolExecutor.java:1074)
        at java.util.concurrent.ThreadPoolExecutor.runWorker(ThreadPoolExecutor.java:1134)
        at java.util.concurrent.ThreadPoolExecutor$Worker.run(ThreadPoolExecutor.java:624)
        at java.lang.Thread.run(Thread.java:748)
"Thread-347" daemon prio=5 tid=1162 timed_waiting
java.lang.Thread.State: TIMED_WAITING
        at sun.misc.Unsafe.park(Native Method)
        at java.util.concurrent.locks.LockSupport.parkNanos(LockSupport.java:215)
        at java.util.concurrent.locks.AbstractQueuedSynchronizer$ConditionObject.awaitNanos(AbstractQueuedSynchronizer.java:2078)
        at java.util.concurrent.ArrayBlockingQueue.poll(ArrayBlockingQueue.java:418)
        at org.apache.ratis.server.impl.LeaderState$EventQueue.poll(LeaderState.java:114)
        at org.apache.ratis.server.impl.LeaderState$EventProcessor.run(LeaderState.java:438)
"pool-215-thread-26"  prio=5 tid=1017 in Object.wait()
java.lang.Thread.State: WAITING (on object monitor)
        at sun.misc.Unsafe.park(Native Method)
        at java.util.concurrent.locks.LockSupport.park(LockSupport.java:175)
        at java.util.concurrent.locks.AbstractQueuedSynchronizer$ConditionObject.await(AbstractQueuedSynchronizer.java:2039)
        at java.util.concurrent.ArrayBlockingQueue.take(ArrayBlockingQueue.java:403)
        at java.util.concurrent.ThreadPoolExecutor.getTask(ThreadPoolExecutor.java:1074)
        at java.util.concurrent.ThreadPoolExecutor.runWorker(ThreadPoolExecutor.java:1134)
        at java.util.concurrent.ThreadPoolExecutor$Worker.run(ThreadPoolExecutor.java:624)
        at java.lang.Thread.run(Thread.java:748)
"StateMachineUpdater-a55bb28c-9a91-49a0-99cd-6faaa1ad267a-group-EC215E1E3AB3" daemon prio=5 tid=1112 in Object.wait()
java.lang.Thread.State: WAITING (on object monitor)
        at java.lang.Object.wait(Native Method)
        at java.lang.Object.wait(Object.java:502)
        at org.apache.ratis.server.impl.StateMachineUpdater.run(StateMachineUpdater.java:138)
        at java.lang.Thread.run(Thread.java:748)
"pool-26-thread-25"  prio=5 tid=475 in Object.wait()
java.lang.Thread.State: WAITING (on object monitor)
        at sun.misc.Unsafe.park(Native Method)
        at java.util.concurrent.locks.LockSupport.park(LockSupport.java:175)
        at java.util.concurrent.locks.AbstractQueuedSynchronizer$ConditionObject.await(AbstractQueuedSynchronizer.java:2039)
        at java.util.concurrent.ArrayBlockingQueue.take(ArrayBlockingQueue.java:403)
        at java.util.concurrent.ThreadPoolExecutor.getTask(ThreadPoolExecutor.java:1074)
        at java.util.concurrent.ThreadPoolExecutor.runWorker(ThreadPoolExecutor.java:1134)
        at java.util.concurrent.ThreadPoolExecutor$Worker.run(ThreadPoolExecutor.java:624)
        at java.lang.Thread.run(Thread.java:748)
"Datanode ReportManager Thread - 0" daemon prio=5 tid=263 in Object.wait()
java.lang.Thread.State: WAITING (on object monitor)
        at sun.misc.Unsafe.park(Native Method)
        at java.util.concurrent.locks.LockSupport.park(LockSupport.java:175)
        at java.util.concurrent.locks.AbstractQueuedSynchronizer$ConditionObject.await(AbstractQueuedSynchronizer.java:2039)
        at java.util.concurrent.ScheduledThreadPoolExecutor$DelayedWorkQueue.take(ScheduledThreadPoolExecutor.java:1088)
        at java.util.concurrent.ScheduledThreadPoolExecutor$DelayedWorkQueue.take(ScheduledThreadPoolExecutor.java:809)
        at java.util.concurrent.ThreadPoolExecutor.getTask(ThreadPoolExecutor.java:1074)
        at java.util.concurrent.ThreadPoolExecutor.runWorker(ThreadPoolExecutor.java:1134)
        at java.util.concurrent.ThreadPoolExecutor$Worker.run(ThreadPoolExecutor.java:624)
        at java.lang.Thread.run(Thread.java:748)
"pool-131-thread-46"  prio=5 tid=797 in Object.wait()
java.lang.Thread.State: WAITING (on object monitor)
        at sun.misc.Unsafe.park(Native Method)
        at java.util.concurrent.locks.LockSupport.park(LockSupport.java:175)
        at java.util.concurrent.locks.AbstractQueuedSynchronizer$ConditionObject.await(AbstractQueuedSynchronizer.java:2039)
        at java.util.concurrent.ArrayBlockingQueue.take(ArrayBlockingQueue.java:403)
        at java.util.concurrent.ThreadPoolExecutor.getTask(ThreadPoolExecutor.java:1074)
        at java.util.concurrent.ThreadPoolExecutor.runWorker(ThreadPoolExecutor.java:1134)
        at java.util.concurrent.ThreadPoolExecutor$Worker.run(ThreadPoolExecutor.java:624)
        at java.lang.Thread.run(Thread.java:748)
"Datanode ReportManager Thread - 3" daemon prio=5 tid=208 in Object.wait()
java.lang.Thread.State: WAITING (on object monitor)
        at sun.misc.Unsafe.park(Native Method)
        at java.util.concurrent.locks.LockSupport.park(LockSupport.java:175)
        at java.util.concurrent.locks.AbstractQueuedSynchronizer$ConditionObject.await(AbstractQueuedSynchronizer.java:2039)
        at java.util.concurrent.ScheduledThreadPoolExecutor$DelayedWorkQueue.take(ScheduledThreadPoolExecutor.java:1088)
        at java.util.concurrent.ScheduledThreadPoolExecutor$DelayedWorkQueue.take(ScheduledThreadPoolExecutor.java:809)
        at java.util.concurrent.ThreadPoolExecutor.getTask(ThreadPoolExecutor.java:1074)
        at java.util.concurrent.ThreadPoolExecutor.runWorker(ThreadPoolExecutor.java:1134)
        at java.util.concurrent.ThreadPoolExecutor$Worker.run(ThreadPoolExecutor.java:624)
        at java.lang.Thread.run(Thread.java:748)
"pool-47-thread-60"  prio=5 tid=571 in Object.wait()
java.lang.Thread.State: WAITING (on object monitor)
        at sun.misc.Unsafe.park(Native Method)
        at java.util.concurrent.locks.LockSupport.park(LockSupport.java:175)
        at java.util.concurrent.locks.AbstractQueuedSynchronizer$ConditionObject.await(AbstractQueuedSynchronizer.java:2039)
        at java.util.concurrent.ArrayBlockingQueue.take(ArrayBlockingQueue.java:403)
        at java.util.concurrent.ThreadPoolExecutor.getTask(ThreadPoolExecutor.java:1074)
        at java.util.concurrent.ThreadPoolExecutor.runWorker(ThreadPoolExecutor.java:1134)
        at java.util.concurrent.ThreadPoolExecutor$Worker.run(ThreadPoolExecutor.java:624)
        at java.lang.Thread.run(Thread.java:748)
"pool-26-thread-9"  prio=5 tid=459 in Object.wait()
java.lang.Thread.State: WAITING (on object monitor)
        at sun.misc.Unsafe.park(Native Method)
        at java.util.concurrent.locks.LockSupport.park(LockSupport.java:175)
        at java.util.concurrent.locks.AbstractQueuedSynchronizer$ConditionObject.await(AbstractQueuedSynchronizer.java:2039)
        at java.util.concurrent.ArrayBlockingQueue.take(ArrayBlockingQueue.java:403)
        at java.util.concurrent.ThreadPoolExecutor.getTask(ThreadPoolExecutor.java:1074)
        at java.util.concurrent.ThreadPoolExecutor.runWorker(ThreadPoolExecutor.java:1134)
        at java.util.concurrent.ThreadPoolExecutor$Worker.run(ThreadPoolExecutor.java:624)
        at java.lang.Thread.run(Thread.java:748)
"pool-194-thread-39"  prio=5 tid=970 in Object.wait()
java.lang.Thread.State: WAITING (on object monitor)
        at sun.misc.Unsafe.park(Native Method)
        at java.util.concurrent.locks.LockSupport.park(LockSupport.java:175)
        at java.util.concurrent.locks.AbstractQueuedSynchronizer$ConditionObject.await(AbstractQueuedSynchronizer.java:2039)
        at java.util.concurrent.ArrayBlockingQueue.take(ArrayBlockingQueue.java:403)
        at java.util.concurrent.ThreadPoolExecutor.getTask(ThreadPoolExecutor.java:1074)
        at java.util.concurrent.ThreadPoolExecutor.runWorker(ThreadPoolExecutor.java:1134)
        at java.util.concurrent.ThreadPoolExecutor$Worker.run(ThreadPoolExecutor.java:624)
        at java.lang.Thread.run(Thread.java:748)
"pool-131-thread-31"  prio=5 tid=782 in Object.wait()
java.lang.Thread.State: WAITING (on object monitor)
        at sun.misc.Unsafe.park(Native Method)
        at java.util.concurrent.locks.LockSupport.park(LockSupport.java:175)
        at java.util.concurrent.locks.AbstractQueuedSynchronizer$ConditionObject.await(AbstractQueuedSynchronizer.java:2039)
        at java.util.concurrent.ArrayBlockingQueue.take(ArrayBlockingQueue.java:403)
        at java.util.concurrent.ThreadPoolExecutor.getTask(ThreadPoolExecutor.java:1074)
        at java.util.concurrent.ThreadPoolExecutor.runWorker(ThreadPoolExecutor.java:1134)
        at java.util.concurrent.ThreadPoolExecutor$Worker.run(ThreadPoolExecutor.java:624)
        at java.lang.Thread.run(Thread.java:748)
"pool-110-thread-22"  prio=5 tid=713 in Object.wait()
java.lang.Thread.State: WAITING (on object monitor)
        at sun.misc.Unsafe.park(Native Method)
        at java.util.concurrent.locks.LockSupport.park(LockSupport.java:175)
        at java.util.concurrent.locks.AbstractQueuedSynchronizer$ConditionObject.await(AbstractQueuedSynchronizer.java:2039)
        at java.util.concurrent.ArrayBlockingQueue.take(ArrayBlockingQueue.java:403)
        at java.util.concurrent.ThreadPoolExecutor.getTask(ThreadPoolExecutor.java:1074)
        at java.util.concurrent.ThreadPoolExecutor.runWorker(ThreadPoolExecutor.java:1134)
        at java.util.concurrent.ThreadPoolExecutor$Worker.run(ThreadPoolExecutor.java:624)
        at java.lang.Thread.run(Thread.java:748)
"Thread-326" daemon prio=5 tid=1134 timed_waiting
java.lang.Thread.State: TIMED_WAITING
        at sun.misc.Unsafe.park(Native Method)
        at java.util.concurrent.locks.LockSupport.parkNanos(LockSupport.java:215)
        at java.util.concurrent.locks.AbstractQueuedSynchronizer$ConditionObject.awaitNanos(AbstractQueuedSynchronizer.java:2078)
        at java.util.concurrent.ArrayBlockingQueue.poll(ArrayBlockingQueue.java:418)
        at org.apache.ratis.server.impl.LeaderState$EventQueue.poll(LeaderState.java:114)
        at org.apache.ratis.server.impl.LeaderState$EventProcessor.run(LeaderState.java:438)
"pool-131-thread-59"  prio=5 tid=810 in Object.wait()
java.lang.Thread.State: WAITING (on object monitor)
        at sun.misc.Unsafe.park(Native Method)
        at java.util.concurrent.locks.LockSupport.park(LockSupport.java:175)
        at java.util.concurrent.locks.AbstractQueuedSynchronizer$ConditionObject.await(AbstractQueuedSynchronizer.java:2039)
        at java.util.concurrent.ArrayBlockingQueue.take(ArrayBlockingQueue.java:403)
        at java.util.concurrent.ThreadPoolExecutor.getTask(ThreadPoolExecutor.java:1074)
        at java.util.concurrent.ThreadPoolExecutor.runWorker(ThreadPoolExecutor.java:1134)
        at java.util.concurrent.ThreadPoolExecutor$Worker.run(ThreadPoolExecutor.java:624)
        at java.lang.Thread.run(Thread.java:748)
"qtp2106129052-402" daemon prio=5 tid=402 timed_waiting
java.lang.Thread.State: TIMED_WAITING
        at sun.misc.Unsafe.park(Native Method)
        at java.util.concurrent.locks.LockSupport.parkNanos(LockSupport.java:215)
        at java.util.concurrent.locks.AbstractQueuedSynchronizer$ConditionObject.awaitNanos(AbstractQueuedSynchronizer.java:2078)
        at org.eclipse.jetty.util.BlockingArrayQueue.poll(BlockingArrayQueue.java:392)
        at org.eclipse.jetty.util.thread.QueuedThreadPool.idleJobPoll(QueuedThreadPool.java:563)
        at org.eclipse.jetty.util.thread.QueuedThreadPool.access$800(QueuedThreadPool.java:48)
        at org.eclipse.jetty.util.thread.QueuedThreadPool$2.run(QueuedThreadPool.java:626)
        at java.lang.Thread.run(Thread.java:748)
"IPC Server handler 12 on 38877" daemon prio=5 tid=126 timed_waiting
java.lang.Thread.State: TIMED_WAITING
        at sun.misc.Unsafe.park(Native Method)
        at java.util.concurrent.locks.LockSupport.parkNanos(LockSupport.java:215)
        at java.util.concurrent.locks.AbstractQueuedSynchronizer$ConditionObject.awaitNanos(AbstractQueuedSynchronizer.java:2078)
        at java.util.concurrent.LinkedBlockingQueue.poll(LinkedBlockingQueue.java:467)
        at org.apache.hadoop.ipc.CallQueueManager.take(CallQueueManager.java:288)
        at org.apache.hadoop.ipc.Server$Handler.run(Server.java:2668)
"pool-68-thread-11"  prio=5 tid=582 in Object.wait()
java.lang.Thread.State: WAITING (on object monitor)
        at sun.misc.Unsafe.park(Native Method)
        at java.util.concurrent.locks.LockSupport.park(LockSupport.java:175)
        at java.util.concurrent.locks.AbstractQueuedSynchronizer$ConditionObject.await(AbstractQueuedSynchronizer.java:2039)
        at java.util.concurrent.ArrayBlockingQueue.take(ArrayBlockingQueue.java:403)
        at java.util.concurrent.ThreadPoolExecutor.getTask(ThreadPoolExecutor.java:1074)
        at java.util.concurrent.ThreadPoolExecutor.runWorker(ThreadPoolExecutor.java:1134)
        at java.util.concurrent.ThreadPoolExecutor$Worker.run(ThreadPoolExecutor.java:624)
        at java.lang.Thread.run(Thread.java:748)
"pool-215-thread-32"  prio=5 tid=1023 in Object.wait()
java.lang.Thread.State: WAITING (on object monitor)
        at sun.misc.Unsafe.park(Native Method)
        at java.util.concurrent.locks.LockSupport.park(LockSupport.java:175)
        at java.util.concurrent.locks.AbstractQueuedSynchronizer$ConditionObject.await(AbstractQueuedSynchronizer.java:2039)
        at java.util.concurrent.ArrayBlockingQueue.take(ArrayBlockingQueue.java:403)
        at java.util.concurrent.ThreadPoolExecutor.getTask(ThreadPoolExecutor.java:1074)
        at java.util.concurrent.ThreadPoolExecutor.runWorker(ThreadPoolExecutor.java:1134)
        at java.util.concurrent.ThreadPoolExecutor$Worker.run(ThreadPoolExecutor.java:624)
        at java.lang.Thread.run(Thread.java:748)
"pool-215-thread-11"  prio=5 tid=1002 in Object.wait()
java.lang.Thread.State: WAITING (on object monitor)
        at sun.misc.Unsafe.park(Native Method)
        at java.util.concurrent.locks.LockSupport.park(LockSupport.java:175)
        at java.util.concurrent.locks.AbstractQueuedSynchronizer$ConditionObject.await(AbstractQueuedSynchronizer.java:2039)
        at java.util.concurrent.ArrayBlockingQueue.take(ArrayBlockingQueue.java:403)
        at java.util.concurrent.ThreadPoolExecutor.getTask(ThreadPoolExecutor.java:1074)
        at java.util.concurrent.ThreadPoolExecutor.runWorker(ThreadPoolExecutor.java:1134)
        at java.util.concurrent.ThreadPoolExecutor$Worker.run(ThreadPoolExecutor.java:624)
        at java.lang.Thread.run(Thread.java:748)
"cd0c8ecd-7ef6-4060-bf45-94f9de670313-RaftLogWorker"  prio=5 tid=1129 timed_waiting
java.lang.Thread.State: TIMED_WAITING
        at sun.misc.Unsafe.park(Native Method)
        at java.util.concurrent.locks.LockSupport.parkNanos(LockSupport.java:215)
        at java.util.concurrent.locks.AbstractQueuedSynchronizer$ConditionObject.awaitNanos(AbstractQueuedSynchronizer.java:2078)
        at org.apache.ratis.util.DataBlockingQueue.poll(DataBlockingQueue.java:137)
        at org.apache.ratis.server.storage.RaftLogWorker.run(RaftLogWorker.java:216)
        at java.lang.Thread.run(Thread.java:748)
"pool-89-thread-31"  prio=5 tid=662 in Object.wait()
java.lang.Thread.State: WAITING (on object monitor)
        at sun.misc.Unsafe.park(Native Method)
        at java.util.concurrent.locks.LockSupport.park(LockSupport.java:175)
        at java.util.concurrent.locks.AbstractQueuedSynchronizer$ConditionObject.await(AbstractQueuedSynchronizer.java:2039)
        at java.util.concurrent.ArrayBlockingQueue.take(ArrayBlockingQueue.java:403)
        at java.util.concurrent.ThreadPoolExecutor.getTask(ThreadPoolExecutor.java:1074)
        at java.util.concurrent.ThreadPoolExecutor.runWorker(ThreadPoolExecutor.java:1134)
        at java.util.concurrent.ThreadPoolExecutor$Worker.run(ThreadPoolExecutor.java:624)
        at java.lang.Thread.run(Thread.java:748)
"BlockDeletingService#2" daemon prio=5 tid=1833 in Object.wait()
java.lang.Thread.State: WAITING (on object monitor)
        at sun.misc.Unsafe.park(Native Method)
        at java.util.concurrent.locks.LockSupport.park(LockSupport.java:175)
        at java.util.concurrent.locks.AbstractQueuedSynchronizer$ConditionObject.await(AbstractQueuedSynchronizer.java:2039)
        at java.util.concurrent.ScheduledThreadPoolExecutor$DelayedWorkQueue.take(ScheduledThreadPoolExecutor.java:1088)
        at java.util.concurrent.ScheduledThreadPoolExecutor$DelayedWorkQueue.take(ScheduledThreadPoolExecutor.java:809)
        at java.util.concurrent.ThreadPoolExecutor.getTask(ThreadPoolExecutor.java:1074)
        at java.util.concurrent.ThreadPoolExecutor.runWorker(ThreadPoolExecutor.java:1134)
        at java.util.concurrent.ThreadPoolExecutor$Worker.run(ThreadPoolExecutor.java:624)
        at java.lang.Thread.run(Thread.java:748)
"pool-89-thread-24"  prio=5 tid=655 in Object.wait()
java.lang.Thread.State: WAITING (on object monitor)
        at sun.misc.Unsafe.park(Native Method)
        at java.util.concurrent.locks.LockSupport.park(LockSupport.java:175)
        at java.util.concurrent.locks.AbstractQueuedSynchronizer$ConditionObject.await(AbstractQueuedSynchronizer.java:2039)
        at java.util.concurrent.ArrayBlockingQueue.take(ArrayBlockingQueue.java:403)
        at java.util.concurrent.ThreadPoolExecutor.getTask(ThreadPoolExecutor.java:1074)
        at java.util.concurrent.ThreadPoolExecutor.runWorker(ThreadPoolExecutor.java:1134)
        at java.util.concurrent.ThreadPoolExecutor$Worker.run(ThreadPoolExecutor.java:624)
        at java.lang.Thread.run(Thread.java:748)
"StateMachineUpdater-cd0c8ecd-7ef6-4060-bf45-94f9de670313-group-C3E35E1227F9" daemon prio=5 tid=1130 in Object.wait()
java.lang.Thread.State: WAITING (on object monitor)
        at java.lang.Object.wait(Native Method)
        at java.lang.Object.wait(Object.java:502)
        at org.apache.ratis.server.impl.StateMachineUpdater.run(StateMachineUpdater.java:138)
        at java.lang.Thread.run(Thread.java:748)
"pool-110-thread-56"  prio=5 tid=747 in Object.wait()
java.lang.Thread.State: WAITING (on object monitor)
        at sun.misc.Unsafe.park(Native Method)
        at java.util.concurrent.locks.LockSupport.park(LockSupport.java:175)
        at java.util.concurrent.locks.AbstractQueuedSynchronizer$ConditionObject.await(AbstractQueuedSynchronizer.java:2039)
        at java.util.concurrent.ArrayBlockingQueue.take(ArrayBlockingQueue.java:403)
        at java.util.concurrent.ThreadPoolExecutor.getTask(ThreadPoolExecutor.java:1074)
        at java.util.concurrent.ThreadPoolExecutor.runWorker(ThreadPoolExecutor.java:1134)
        at java.util.concurrent.ThreadPoolExecutor$Worker.run(ThreadPoolExecutor.java:624)
        at java.lang.Thread.run(Thread.java:748)
"pool-68-thread-45"  prio=5 tid=616 in Object.wait()
java.lang.Thread.State: WAITING (on object monitor)
        at sun.misc.Unsafe.park(Native Method)
        at java.util.concurrent.locks.LockSupport.park(LockSupport.java:175)
        at java.util.concurrent.locks.AbstractQueuedSynchronizer$ConditionObject.await(AbstractQueuedSynchronizer.java:2039)
        at java.util.concurrent.ArrayBlockingQueue.take(ArrayBlockingQueue.java:403)
        at java.util.concurrent.ThreadPoolExecutor.getTask(ThreadPoolExecutor.java:1074)
        at java.util.concurrent.ThreadPoolExecutor.runWorker(ThreadPoolExecutor.java:1134)
        at java.util.concurrent.ThreadPoolExecutor$Worker.run(ThreadPoolExecutor.java:624)
        at java.lang.Thread.run(Thread.java:748)
"qtp644718663-430" daemon prio=5 tid=430 runnable
java.lang.Thread.State: RUNNABLE
        at sun.nio.ch.EPollArrayWrapper.epollWait(Native Method)
        at sun.nio.ch.EPollArrayWrapper.poll(EPollArrayWrapper.java:269)
        at sun.nio.ch.EPollSelectorImpl.doSelect(EPollSelectorImpl.java:93)
        at sun.nio.ch.SelectorImpl.lockAndDoSelect(SelectorImpl.java:86)
        at sun.nio.ch.SelectorImpl.select(SelectorImpl.java:97)
        at sun.nio.ch.SelectorImpl.select(SelectorImpl.java:101)
        at org.eclipse.jetty.io.ManagedSelector$SelectorProducer.select(ManagedSelector.java:243)
        at org.eclipse.jetty.io.ManagedSelector$SelectorProducer.produce(ManagedSelector.java:191)
        at org.eclipse.jetty.util.thread.strategy.ExecuteProduceConsume.executeProduceConsume(ExecuteProduceConsume.java:249)
        at org.eclipse.jetty.util.thread.strategy.ExecuteProduceConsume.produceConsume(ExecuteProduceConsume.java:148)
        at org.eclipse.jetty.util.thread.strategy.ExecuteProduceConsume.execute(ExecuteProduceConsume.java:100)
        at org.eclipse.jetty.io.ManagedSelector.run(ManagedSelector.java:147)
        at org.eclipse.jetty.util.thread.QueuedThreadPool.runJob(QueuedThreadPool.java:671)
        at org.eclipse.jetty.util.thread.QueuedThreadPool$2.run(QueuedThreadPool.java:589)
        at java.lang.Thread.run(Thread.java:748)
"pool-26-thread-45"  prio=5 tid=495 in Object.wait()
java.lang.Thread.State: WAITING (on object monitor)
        at sun.misc.Unsafe.park(Native Method)
        at java.util.concurrent.locks.LockSupport.park(LockSupport.java:175)
        at java.util.concurrent.locks.AbstractQueuedSynchronizer$ConditionObject.await(AbstractQueuedSynchronizer.java:2039)
        at java.util.concurrent.ArrayBlockingQueue.take(ArrayBlockingQueue.java:403)
        at java.util.concurrent.ThreadPoolExecutor.getTask(ThreadPoolExecutor.java:1074)
        at java.util.concurrent.ThreadPoolExecutor.runWorker(ThreadPoolExecutor.java:1134)
        at java.util.concurrent.ThreadPoolExecutor$Worker.run(ThreadPoolExecutor.java:624)
        at java.lang.Thread.run(Thread.java:748)
"process reaper" daemon prio=10 tid=10 timed_waiting
java.lang.Thread.State: TIMED_WAITING
        at sun.misc.Unsafe.park(Native Method)
        at java.util.concurrent.locks.LockSupport.parkNanos(LockSupport.java:215)
        at java.util.concurrent.SynchronousQueue$TransferStack.awaitFulfill(SynchronousQueue.java:460)
        at java.util.concurrent.SynchronousQueue$TransferStack.transfer(SynchronousQueue.java:362)
        at java.util.concurrent.SynchronousQueue.poll(SynchronousQueue.java:941)
        at java.util.concurrent.ThreadPoolExecutor.getTask(ThreadPoolExecutor.java:1073)
        at java.util.concurrent.ThreadPoolExecutor.runWorker(ThreadPoolExecutor.java:1134)
        at java.util.concurrent.ThreadPoolExecutor$Worker.run(ThreadPoolExecutor.java:624)
        at java.lang.Thread.run(Thread.java:748)
"Datanode ReportManager Thread - 2" daemon prio=5 tid=445 in Object.wait()
java.lang.Thread.State: WAITING (on object monitor)
        at sun.misc.Unsafe.park(Native Method)
        at java.util.concurrent.locks.LockSupport.park(LockSupport.java:175)
        at java.util.concurrent.locks.AbstractQueuedSynchronizer$ConditionObject.await(AbstractQueuedSynchronizer.java:2039)
        at java.util.concurrent.ScheduledThreadPoolExecutor$DelayedWorkQueue.take(ScheduledThreadPoolExecutor.java:1088)
        at java.util.concurrent.ScheduledThreadPoolExecutor$DelayedWorkQueue.take(ScheduledThreadPoolExecutor.java:809)
        at java.util.concurrent.ThreadPoolExecutor.getTask(ThreadPoolExecutor.java:1074)
        at java.util.concurrent.ThreadPoolExecutor.runWorker(ThreadPoolExecutor.java:1134)
        at java.util.concurrent.ThreadPoolExecutor$Worker.run(ThreadPoolExecutor.java:624)
        at java.lang.Thread.run(Thread.java:748)
"pool-173-thread-53"  prio=5 tid=924 in Object.wait()
java.lang.Thread.State: WAITING (on object monitor)
        at sun.misc.Unsafe.park(Native Method)
        at java.util.concurrent.locks.LockSupport.park(LockSupport.java:175)
        at java.util.concurrent.locks.AbstractQueuedSynchronizer$ConditionObject.await(AbstractQueuedSynchronizer.java:2039)
        at java.util.concurrent.ArrayBlockingQueue.take(ArrayBlockingQueue.java:403)
        at java.util.concurrent.ThreadPoolExecutor.getTask(ThreadPoolExecutor.java:1074)
        at java.util.concurrent.ThreadPoolExecutor.runWorker(ThreadPoolExecutor.java:1134)
        at java.util.concurrent.ThreadPoolExecutor$Worker.run(ThreadPoolExecutor.java:624)
        at java.lang.Thread.run(Thread.java:748)
"qtp2106129052-406" daemon prio=5 tid=406 timed_waiting
java.lang.Thread.State: TIMED_WAITING
        at sun.misc.Unsafe.park(Native Method)
        at java.util.concurrent.locks.LockSupport.parkNanos(LockSupport.java:215)
        at java.util.concurrent.locks.AbstractQueuedSynchronizer$ConditionObject.awaitNanos(AbstractQueuedSynchronizer.java:2078)
        at org.eclipse.jetty.util.BlockingArrayQueue.poll(BlockingArrayQueue.java:392)
        at org.eclipse.jetty.util.thread.QueuedThreadPool.idleJobPoll(QueuedThreadPool.java:563)
        at org.eclipse.jetty.util.thread.QueuedThreadPool.access$800(QueuedThreadPool.java:48)
        at org.eclipse.jetty.util.thread.QueuedThreadPool$2.run(QueuedThreadPool.java:626)
        at java.lang.Thread.run(Thread.java:748)
"qtp391333725-370" daemon prio=5 tid=370 runnable
java.lang.Thread.State: RUNNABLE
        at sun.nio.ch.EPollArrayWrapper.epollWait(Native Method)
        at sun.nio.ch.EPollArrayWrapper.poll(EPollArrayWrapper.java:269)
        at sun.nio.ch.EPollSelectorImpl.doSelect(EPollSelectorImpl.java:93)
        at sun.nio.ch.SelectorImpl.lockAndDoSelect(SelectorImpl.java:86)
        at sun.nio.ch.SelectorImpl.select(SelectorImpl.java:97)
        at sun.nio.ch.SelectorImpl.select(SelectorImpl.java:101)
        at org.eclipse.jetty.io.ManagedSelector$SelectorProducer.select(ManagedSelector.java:243)
        at org.eclipse.jetty.io.ManagedSelector$SelectorProducer.produce(ManagedSelector.java:191)
        at org.eclipse.jetty.util.thread.strategy.ExecuteProduceConsume.executeProduceConsume(ExecuteProduceConsume.java:249)
        at org.eclipse.jetty.util.thread.strategy.ExecuteProduceConsume.produceConsume(ExecuteProduceConsume.java:148)
        at org.eclipse.jetty.util.thread.strategy.ExecuteProduceConsume.execute(ExecuteProduceConsume.java:100)
        at org.eclipse.jetty.io.ManagedSelector.run(ManagedSelector.java:147)
        at org.eclipse.jetty.util.thread.QueuedThreadPool.runJob(QueuedThreadPool.java:671)
        at org.eclipse.jetty.util.thread.QueuedThreadPool$2.run(QueuedThreadPool.java:589)
        at java.lang.Thread.run(Thread.java:748)
"pool-79-thread-1"  prio=5 tid=1080 in Object.wait()
java.lang.Thread.State: WAITING (on object monitor)
        at sun.misc.Unsafe.park(Native Method)
        at java.util.concurrent.locks.LockSupport.park(LockSupport.java:175)
        at java.util.concurrent.locks.AbstractQueuedSynchronizer$ConditionObject.await(AbstractQueuedSynchronizer.java:2039)
        at java.util.concurrent.LinkedBlockingQueue.take(LinkedBlockingQueue.java:442)
        at java.util.concurrent.ThreadPoolExecutor.getTask(ThreadPoolExecutor.java:1074)
        at java.util.concurrent.ThreadPoolExecutor.runWorker(ThreadPoolExecutor.java:1134)
        at java.util.concurrent.ThreadPoolExecutor$Worker.run(ThreadPoolExecutor.java:624)
        at java.lang.Thread.run(Thread.java:748)
"pool-152-thread-26"  prio=5 tid=837 in Object.wait()
java.lang.Thread.State: WAITING (on object monitor)
        at sun.misc.Unsafe.park(Native Method)
        at java.util.concurrent.locks.LockSupport.park(LockSupport.java:175)
        at java.util.concurrent.locks.AbstractQueuedSynchronizer$ConditionObject.await(AbstractQueuedSynchronizer.java:2039)
        at java.util.concurrent.ArrayBlockingQueue.take(ArrayBlockingQueue.java:403)
        at java.util.concurrent.ThreadPoolExecutor.getTask(ThreadPoolExecutor.java:1074)
        at java.util.concurrent.ThreadPoolExecutor.runWorker(ThreadPoolExecutor.java:1134)
        at java.util.concurrent.ThreadPoolExecutor$Worker.run(ThreadPoolExecutor.java:624)
        at java.lang.Thread.run(Thread.java:748)
"pool-131-thread-43"  prio=5 tid=794 in Object.wait()
java.lang.Thread.State: WAITING (on object monitor)
        at sun.misc.Unsafe.park(Native Method)
        at java.util.concurrent.locks.LockSupport.park(LockSupport.java:175)
        at java.util.concurrent.locks.AbstractQueuedSynchronizer$ConditionObject.await(AbstractQueuedSynchronizer.java:2039)
        at java.util.concurrent.ArrayBlockingQueue.take(ArrayBlockingQueue.java:403)
        at java.util.concurrent.ThreadPoolExecutor.getTask(ThreadPoolExecutor.java:1074)
        at java.util.concurrent.ThreadPoolExecutor.runWorker(ThreadPoolExecutor.java:1134)
        at java.util.concurrent.ThreadPoolExecutor$Worker.run(ThreadPoolExecutor.java:624)
        at java.lang.Thread.run(Thread.java:748)
"pool-26-thread-39"  prio=5 tid=489 in Object.wait()
java.lang.Thread.State: WAITING (on object monitor)
        at sun.misc.Unsafe.park(Native Method)
        at java.util.concurrent.locks.LockSupport.park(LockSupport.java:175)
        at java.util.concurrent.locks.AbstractQueuedSynchronizer$ConditionObject.await(AbstractQueuedSynchronizer.java:2039)
        at java.util.concurrent.ArrayBlockingQueue.take(ArrayBlockingQueue.java:403)
        at java.util.concurrent.ThreadPoolExecutor.getTask(ThreadPoolExecutor.java:1074)
        at java.util.concurrent.ThreadPoolExecutor.runWorker(ThreadPoolExecutor.java:1134)
        at java.util.concurrent.ThreadPoolExecutor$Worker.run(ThreadPoolExecutor.java:624)
        at java.lang.Thread.run(Thread.java:748)
"org.eclipse.jetty.server.session.HashSessionManager@533b266eTimer" daemon prio=5 tid=100 timed_waiting
java.lang.Thread.State: TIMED_WAITING
        at sun.misc.Unsafe.park(Native Method)
        at java.util.concurrent.locks.LockSupport.parkNanos(LockSupport.java:215)
        at java.util.concurrent.locks.AbstractQueuedSynchronizer$ConditionObject.awaitNanos(AbstractQueuedSynchronizer.java:2078)
        at java.util.concurrent.ScheduledThreadPoolExecutor$DelayedWorkQueue.take(ScheduledThreadPoolExecutor.java:1093)
        at java.util.concurrent.ScheduledThreadPoolExecutor$DelayedWorkQueue.take(ScheduledThreadPoolExecutor.java:809)
        at java.util.concurrent.ThreadPoolExecutor.getTask(ThreadPoolExecutor.java:1074)
        at java.util.concurrent.ThreadPoolExecutor.runWorker(ThreadPoolExecutor.java:1134)
        at java.util.concurrent.ThreadPoolExecutor$Worker.run(ThreadPoolExecutor.java:624)
        at java.lang.Thread.run(Thread.java:748)
"pool-131-thread-42"  prio=5 tid=793 in Object.wait()
java.lang.Thread.State: WAITING (on object monitor)
        at sun.misc.Unsafe.park(Native Method)
        at java.util.concurrent.locks.LockSupport.park(LockSupport.java:175)
        at java.util.concurrent.locks.AbstractQueuedSynchronizer$ConditionObject.await(AbstractQueuedSynchronizer.java:2039)
        at java.util.concurrent.ArrayBlockingQueue.take(ArrayBlockingQueue.java:403)
        at java.util.concurrent.ThreadPoolExecutor.getTask(ThreadPoolExecutor.java:1074)
        at java.util.concurrent.ThreadPoolExecutor.runWorker(ThreadPoolExecutor.java:1134)
        at java.util.concurrent.ThreadPoolExecutor$Worker.run(ThreadPoolExecutor.java:624)
        at java.lang.Thread.run(Thread.java:748)
"qtp644718663-435" daemon prio=5 tid=435 timed_waiting
java.lang.Thread.State: TIMED_WAITING
        at sun.misc.Unsafe.park(Native Method)
        at java.util.concurrent.locks.LockSupport.parkNanos(LockSupport.java:215)
        at java.util.concurrent.locks.AbstractQueuedSynchronizer$ConditionObject.awaitNanos(AbstractQueuedSynchronizer.java:2078)
        at org.eclipse.jetty.util.BlockingArrayQueue.poll(BlockingArrayQueue.java:392)
        at org.eclipse.jetty.util.thread.QueuedThreadPool.idleJobPoll(QueuedThreadPool.java:563)
        at org.eclipse.jetty.util.thread.QueuedThreadPool.access$800(QueuedThreadPool.java:48)
        at org.eclipse.jetty.util.thread.QueuedThreadPool$2.run(QueuedThreadPool.java:626)
        at java.lang.Thread.run(Thread.java:748)
"Finalizer" daemon prio=8 tid=3 in Object.wait()
java.lang.Thread.State: WAITING (on object monitor)
        at java.lang.Object.wait(Native Method)
        at java.lang.ref.ReferenceQueue.remove(ReferenceQueue.java:144)
        at java.lang.ref.ReferenceQueue.remove(ReferenceQueue.java:165)
        at java.lang.ref.Finalizer$FinalizerThread.run(Finalizer.java:216)
"pool-26-thread-18"  prio=5 tid=468 in Object.wait()
java.lang.Thread.State: WAITING (on object monitor)
        at sun.misc.Unsafe.park(Native Method)
        at java.util.concurrent.locks.LockSupport.park(LockSupport.java:175)
        at java.util.concurrent.locks.AbstractQueuedSynchronizer$ConditionObject.await(AbstractQueuedSynchronizer.java:2039)
        at java.util.concurrent.ArrayBlockingQueue.take(ArrayBlockingQueue.java:403)
        at java.util.concurrent.ThreadPoolExecutor.getTask(ThreadPoolExecutor.java:1074)
        at java.util.concurrent.ThreadPoolExecutor.runWorker(ThreadPoolExecutor.java:1134)
        at java.util.concurrent.ThreadPoolExecutor$Worker.run(ThreadPoolExecutor.java:624)
        at java.lang.Thread.run(Thread.java:748)
"qtp644718663-437" daemon prio=5 tid=437 timed_waiting
java.lang.Thread.State: TIMED_WAITING
        at sun.misc.Unsafe.park(Native Method)
        at java.util.concurrent.locks.LockSupport.parkNanos(LockSupport.java:215)
        at java.util.concurrent.locks.AbstractQueuedSynchronizer$ConditionObject.awaitNanos(AbstractQueuedSynchronizer.java:2078)
        at org.eclipse.jetty.util.BlockingArrayQueue.poll(BlockingArrayQueue.java:392)
        at org.eclipse.jetty.util.thread.QueuedThreadPool.idleJobPoll(QueuedThreadPool.java:563)
        at org.eclipse.jetty.util.thread.QueuedThreadPool.access$800(QueuedThreadPool.java:48)
        at org.eclipse.jetty.util.thread.QueuedThreadPool$2.run(QueuedThreadPool.java:626)
        at java.lang.Thread.run(Thread.java:748)
"pool-194-thread-55"  prio=5 tid=986 in Object.wait()
java.lang.Thread.State: WAITING (on object monitor)
        at sun.misc.Unsafe.park(Native Method)
        at java.util.concurrent.locks.LockSupport.park(LockSupport.java:175)
        at java.util.concurrent.locks.AbstractQueuedSynchronizer$ConditionObject.await(AbstractQueuedSynchronizer.java:2039)
        at java.util.concurrent.ArrayBlockingQueue.take(ArrayBlockingQueue.java:403)
        at java.util.concurrent.ThreadPoolExecutor.getTask(ThreadPoolExecutor.java:1074)
        at java.util.concurrent.ThreadPoolExecutor.runWorker(ThreadPoolExecutor.java:1134)
        at java.util.concurrent.ThreadPoolExecutor$Worker.run(ThreadPoolExecutor.java:624)
        at java.lang.Thread.run(Thread.java:748)
"pool-173-thread-2"  prio=5 tid=873 in Object.wait()
java.lang.Thread.State: WAITING (on object monitor)
        at sun.misc.Unsafe.park(Native Method)
        at java.util.concurrent.locks.LockSupport.park(LockSupport.java:175)
        at java.util.concurrent.locks.AbstractQueuedSynchronizer$ConditionObject.await(AbstractQueuedSynchronizer.java:2039)
        at java.util.concurrent.ArrayBlockingQueue.take(ArrayBlockingQueue.java:403)
        at java.util.concurrent.ThreadPoolExecutor.getTask(ThreadPoolExecutor.java:1074)
        at java.util.concurrent.ThreadPoolExecutor.runWorker(ThreadPoolExecutor.java:1134)
        at java.util.concurrent.ThreadPoolExecutor$Worker.run(ThreadPoolExecutor.java:624)
        at java.lang.Thread.run(Thread.java:748)
"IPC Server handler 6 on 38877" daemon prio=5 tid=120 timed_waiting
java.lang.Thread.State: TIMED_WAITING
        at sun.misc.Unsafe.park(Native Method)
        at java.util.concurrent.locks.LockSupport.parkNanos(LockSupport.java:215)
        at java.util.concurrent.locks.AbstractQueuedSynchronizer$ConditionObject.awaitNanos(AbstractQueuedSynchronizer.java:2078)
        at java.util.concurrent.LinkedBlockingQueue.poll(LinkedBlockingQueue.java:467)
        at org.apache.hadoop.ipc.CallQueueManager.take(CallQueueManager.java:288)
        at org.apache.hadoop.ipc.Server$Handler.run(Server.java:2668)
"surefire-forkedjvm-ping-30s" daemon prio=5 tid=9 timed_waiting
java.lang.Thread.State: TIMED_WAITING
        at sun.misc.Unsafe.park(Native Method)
        at java.util.concurrent.locks.LockSupport.parkNanos(LockSupport.java:215)
        at java.util.concurrent.locks.AbstractQueuedSynchronizer$ConditionObject.awaitNanos(AbstractQueuedSynchronizer.java:2078)
        at java.util.concurrent.ScheduledThreadPoolExecutor$DelayedWorkQueue.take(ScheduledThreadPoolExecutor.java:1093)
        at java.util.concurrent.ScheduledThreadPoolExecutor$DelayedWorkQueue.take(ScheduledThreadPoolExecutor.java:809)
        at java.util.concurrent.ThreadPoolExecutor.getTask(ThreadPoolExecutor.java:1074)
        at java.util.concurrent.ThreadPoolExecutor.runWorker(ThreadPoolExecutor.java:1134)
        at java.util.concurrent.ThreadPoolExecutor$Worker.run(ThreadPoolExecutor.java:624)
        at java.lang.Thread.run(Thread.java:748)
"pool-152-thread-44"  prio=5 tid=855 in Object.wait()
java.lang.Thread.State: WAITING (on object monitor)
        at sun.misc.Unsafe.park(Native Method)
        at java.util.concurrent.locks.LockSupport.park(LockSupport.java:175)
        at java.util.concurrent.locks.AbstractQueuedSynchronizer$ConditionObject.await(AbstractQueuedSynchronizer.java:2039)
        at java.util.concurrent.ArrayBlockingQueue.take(ArrayBlockingQueue.java:403)
        at java.util.concurrent.ThreadPoolExecutor.getTask(ThreadPoolExecutor.java:1074)
        at java.util.concurrent.ThreadPoolExecutor.runWorker(ThreadPoolExecutor.java:1134)
        at java.util.concurrent.ThreadPoolExecutor$Worker.run(ThreadPoolExecutor.java:624)
        at java.lang.Thread.run(Thread.java:748)
"nioEventLoopGroup-18-1"  prio=10 tid=411 runnable
java.lang.Thread.State: RUNNABLE
        at sun.nio.ch.EPollArrayWrapper.epollWait(Native Method)
        at sun.nio.ch.EPollArrayWrapper.poll(EPollArrayWrapper.java:269)
        at sun.nio.ch.EPollSelectorImpl.doSelect(EPollSelectorImpl.java:93)
        at sun.nio.ch.SelectorImpl.lockAndDoSelect(SelectorImpl.java:86)
        at sun.nio.ch.SelectorImpl.select(SelectorImpl.java:97)
        at io.netty.channel.nio.SelectedSelectionKeySetSelector.select(SelectedSelectionKeySetSelector.java:62)
        at io.netty.channel.nio.NioEventLoop.select(NioEventLoop.java:753)
        at io.netty.channel.nio.NioEventLoop.run(NioEventLoop.java:408)
        at io.netty.util.concurrent.SingleThreadEventExecutor$5.run(SingleThreadEventExecutor.java:897)
        at io.netty.util.concurrent.FastThreadLocalRunnable.run(FastThreadLocalRunnable.java:30)
        at java.lang.Thread.run(Thread.java:748)
"pool-194-thread-16"  prio=5 tid=947 in Object.wait()
java.lang.Thread.State: WAITING (on object monitor)
        at sun.misc.Unsafe.park(Native Method)
        at java.util.concurrent.locks.LockSupport.park(LockSupport.java:175)
        at java.util.concurrent.locks.AbstractQueuedSynchronizer$ConditionObject.await(AbstractQueuedSynchronizer.java:2039)
        at java.util.concurrent.ArrayBlockingQueue.take(ArrayBlockingQueue.java:403)
        at java.util.concurrent.ThreadPoolExecutor.getTask(ThreadPoolExecutor.java:1074)
        at java.util.concurrent.ThreadPoolExecutor.runWorker(ThreadPoolExecutor.java:1134)
        at java.util.concurrent.ThreadPoolExecutor$Worker.run(ThreadPoolExecutor.java:624)
        at java.lang.Thread.run(Thread.java:748)
"org.eclipse.jetty.server.session.HashSessionManager@712e787eTimer" daemon prio=5 tid=319 timed_waiting
java.lang.Thread.State: TIMED_WAITING
        at sun.misc.Unsafe.park(Native Method)
        at java.util.concurrent.locks.LockSupport.parkNanos(LockSupport.java:215)
        at java.util.concurrent.locks.AbstractQueuedSynchronizer$ConditionObject.awaitNanos(AbstractQueuedSynchronizer.java:2078)
        at java.util.concurrent.ScheduledThreadPoolExecutor$DelayedWorkQueue.take(ScheduledThreadPoolExecutor.java:1093)
        at java.util.concurrent.ScheduledThreadPoolExecutor$DelayedWorkQueue.take(ScheduledThreadPoolExecutor.java:809)
        at java.util.concurrent.ThreadPoolExecutor.getTask(ThreadPoolExecutor.java:1074)
        at java.util.concurrent.ThreadPoolExecutor.runWorker(ThreadPoolExecutor.java:1134)
        at java.util.concurrent.ThreadPoolExecutor$Worker.run(ThreadPoolExecutor.java:624)
        at java.lang.Thread.run(Thread.java:748)
"pool-68-thread-22"  prio=5 tid=593 in Object.wait()
java.lang.Thread.State: WAITING (on object monitor)
        at sun.misc.Unsafe.park(Native Method)
        at java.util.concurrent.locks.LockSupport.park(LockSupport.java:175)
        at java.util.concurrent.locks.AbstractQueuedSynchronizer$ConditionObject.await(AbstractQueuedSynchronizer.java:2039)
        at java.util.concurrent.ArrayBlockingQueue.take(ArrayBlockingQueue.java:403)
        at java.util.concurrent.ThreadPoolExecutor.getTask(ThreadPoolExecutor.java:1074)
        at java.util.concurrent.ThreadPoolExecutor.runWorker(ThreadPoolExecutor.java:1134)
        at java.util.concurrent.ThreadPoolExecutor$Worker.run(ThreadPoolExecutor.java:624)
        at java.lang.Thread.run(Thread.java:748)
"grpc-default-executor-0" daemon prio=5 tid=1062 runnable
java.lang.Thread.State: RUNNABLE
        at sun.misc.Unsafe.park(Native Method)
        at java.util.concurrent.locks.LockSupport.parkNanos(LockSupport.java:215)
        at java.util.concurrent.SynchronousQueue$TransferStack.awaitFulfill(SynchronousQueue.java:460)
        at java.util.concurrent.SynchronousQueue$TransferStack.transfer(SynchronousQueue.java:362)
        at java.util.concurrent.SynchronousQueue.poll(SynchronousQueue.java:941)
        at java.util.concurrent.ThreadPoolExecutor.getTask(ThreadPoolExecutor.java:1073)
        at java.util.concurrent.ThreadPoolExecutor.runWorker(ThreadPoolExecutor.java:1134)
        at java.util.concurrent.ThreadPoolExecutor$Worker.run(ThreadPoolExecutor.java:624)
        at java.lang.Thread.run(Thread.java:748)
"org.eclipse.jetty.server.session.HashSessionManager@2a5abd3cTimer" daemon prio=5 tid=350 timed_waiting
java.lang.Thread.State: TIMED_WAITING
        at sun.misc.Unsafe.park(Native Method)
        at java.util.concurrent.locks.LockSupport.parkNanos(LockSupport.java:215)
        at java.util.concurrent.locks.AbstractQueuedSynchronizer$ConditionObject.awaitNanos(AbstractQueuedSynchronizer.java:2078)
        at java.util.concurrent.ScheduledThreadPoolExecutor$DelayedWorkQueue.take(ScheduledThreadPoolExecutor.java:1093)
        at java.util.concurrent.ScheduledThreadPoolExecutor$DelayedWorkQueue.take(ScheduledThreadPoolExecutor.java:809)
        at java.util.concurrent.ThreadPoolExecutor.getTask(ThreadPoolExecutor.java:1074)
        at java.util.concurrent.ThreadPoolExecutor.runWorker(ThreadPoolExecutor.java:1134)
        at java.util.concurrent.ThreadPoolExecutor$Worker.run(ThreadPoolExecutor.java:624)
        at java.lang.Thread.run(Thread.java:748)
"pool-47-thread-16"  prio=5 tid=527 in Object.wait()
java.lang.Thread.State: WAITING (on object monitor)
        at sun.misc.Unsafe.park(Native Method)
        at java.util.concurrent.locks.LockSupport.park(LockSupport.java:175)
        at java.util.concurrent.locks.AbstractQueuedSynchronizer$ConditionObject.await(AbstractQueuedSynchronizer.java:2039)
        at java.util.concurrent.ArrayBlockingQueue.take(ArrayBlockingQueue.java:403)
        at java.util.concurrent.ThreadPoolExecutor.getTask(ThreadPoolExecutor.java:1074)
        at java.util.concurrent.ThreadPoolExecutor.runWorker(ThreadPoolExecutor.java:1134)
        at java.util.concurrent.ThreadPoolExecutor$Worker.run(ThreadPoolExecutor.java:624)
        at java.lang.Thread.run(Thread.java:748)
"pool-26-thread-15"  prio=5 tid=465 in Object.wait()
java.lang.Thread.State: WAITING (on object monitor)
        at sun.misc.Unsafe.park(Native Method)
        at java.util.concurrent.locks.LockSupport.park(LockSupport.java:175)
        at java.util.concurrent.locks.AbstractQueuedSynchronizer$ConditionObject.await(AbstractQueuedSynchronizer.java:2039)
        at java.util.concurrent.ArrayBlockingQueue.take(ArrayBlockingQueue.java:403)
        at java.util.concurrent.ThreadPoolExecutor.getTask(ThreadPoolExecutor.java:1074)
        at java.util.concurrent.ThreadPoolExecutor.runWorker(ThreadPoolExecutor.java:1134)
        at java.util.concurrent.ThreadPoolExecutor$Worker.run(ThreadPoolExecutor.java:624)
        at java.lang.Thread.run(Thread.java:748)
"StateMachineUpdater-5ff02751-d237-480c-b1e9-4266071b5fb0-group-291085E99653" daemon prio=5 tid=1150 in Object.wait()
java.lang.Thread.State: WAITING (on object monitor)
        at java.lang.Object.wait(Native Method)
        at java.lang.Object.wait(Object.java:502)
        at org.apache.ratis.server.impl.StateMachineUpdater.run(StateMachineUpdater.java:138)
        at java.lang.Thread.run(Thread.java:748)
"BlockDeletingService#0" daemon prio=5 tid=277 in Object.wait()
java.lang.Thread.State: WAITING (on object monitor)
        at sun.misc.Unsafe.park(Native Method)
        at java.util.concurrent.locks.LockSupport.park(LockSupport.java:175)
        at java.util.concurrent.locks.AbstractQueuedSynchronizer$ConditionObject.await(AbstractQueuedSynchronizer.java:2039)
        at java.util.concurrent.ScheduledThreadPoolExecutor$DelayedWorkQueue.take(ScheduledThreadPoolExecutor.java:1088)
        at java.util.concurrent.ScheduledThreadPoolExecutor$DelayedWorkQueue.take(ScheduledThreadPoolExecutor.java:809)
        at java.util.concurrent.ThreadPoolExecutor.getTask(ThreadPoolExecutor.java:1074)
        at java.util.concurrent.ThreadPoolExecutor.runWorker(ThreadPoolExecutor.java:1134)
        at java.util.concurrent.ThreadPoolExecutor$Worker.run(ThreadPoolExecutor.java:624)
        at java.lang.Thread.run(Thread.java:748)
"IPC Server handler 5 on 33779" daemon prio=5 tid=75 timed_waiting
java.lang.Thread.State: TIMED_WAITING
        at sun.misc.Unsafe.park(Native Method)
        at java.util.concurrent.locks.LockSupport.parkNanos(LockSupport.java:215)
        at java.util.concurrent.locks.AbstractQueuedSynchronizer$ConditionObject.awaitNanos(AbstractQueuedSynchronizer.java:2078)
        at java.util.concurrent.LinkedBlockingQueue.poll(LinkedBlockingQueue.java:467)
        at org.apache.hadoop.ipc.CallQueueManager.take(CallQueueManager.java:288)
        at org.apache.hadoop.ipc.Server$Handler.run(Server.java:2668)
"SCMBlockDeletingService#0" daemon prio=5 tid=101 timed_waiting
java.lang.Thread.State: TIMED_WAITING
        at sun.misc.Unsafe.park(Native Method)
        at java.util.concurrent.locks.LockSupport.parkNanos(LockSupport.java:215)
        at java.util.concurrent.locks.AbstractQueuedSynchronizer$ConditionObject.awaitNanos(AbstractQueuedSynchronizer.java:2078)
        at java.util.concurrent.ScheduledThreadPoolExecutor$DelayedWorkQueue.take(ScheduledThreadPoolExecutor.java:1093)
        at java.util.concurrent.ScheduledThreadPoolExecutor$DelayedWorkQueue.take(ScheduledThreadPoolExecutor.java:809)
        at java.util.concurrent.ThreadPoolExecutor.getTask(ThreadPoolExecutor.java:1074)
        at java.util.concurrent.ThreadPoolExecutor.runWorker(ThreadPoolExecutor.java:1134)
        at java.util.concurrent.ThreadPoolExecutor$Worker.run(ThreadPoolExecutor.java:624)
        at java.lang.Thread.run(Thread.java:748)
"pool-173-thread-33"  prio=5 tid=904 in Object.wait()
java.lang.Thread.State: WAITING (on object monitor)
        at sun.misc.Unsafe.park(Native Method)
        at java.util.concurrent.locks.LockSupport.park(LockSupport.java:175)
        at java.util.concurrent.locks.AbstractQueuedSynchronizer$ConditionObject.await(AbstractQueuedSynchronizer.java:2039)
        at java.util.concurrent.ArrayBlockingQueue.take(ArrayBlockingQueue.java:403)
        at java.util.concurrent.ThreadPoolExecutor.getTask(ThreadPoolExecutor.java:1074)
        at java.util.concurrent.ThreadPoolExecutor.runWorker(ThreadPoolExecutor.java:1134)
        at java.util.concurrent.ThreadPoolExecutor$Worker.run(ThreadPoolExecutor.java:624)
        at java.lang.Thread.run(Thread.java:748)
"qtp838812606-95" daemon prio=5 tid=95 timed_waiting
java.lang.Thread.State: TIMED_WAITING
        at sun.misc.Unsafe.park(Native Method)
        at java.util.concurrent.locks.LockSupport.parkNanos(LockSupport.java:215)
        at java.util.concurrent.locks.AbstractQueuedSynchronizer$ConditionObject.awaitNanos(AbstractQueuedSynchronizer.java:2078)
        at org.eclipse.jetty.util.BlockingArrayQueue.poll(BlockingArrayQueue.java:392)
        at org.eclipse.jetty.util.thread.QueuedThreadPool.idleJobPoll(QueuedThreadPool.java:563)
        at org.eclipse.jetty.util.thread.QueuedThreadPool.access$800(QueuedThreadPool.java:48)
        at org.eclipse.jetty.util.thread.QueuedThreadPool$2.run(QueuedThreadPool.java:626)
        at java.lang.Thread.run(Thread.java:748)
"SCM Heartbeat Processing Thread - 0" daemon prio=5 tid=13 timed_waiting
java.lang.Thread.State: TIMED_WAITING
        at sun.misc.Unsafe.park(Native Method)
        at java.util.concurrent.locks.LockSupport.parkNanos(LockSupport.java:215)
        at java.util.concurrent.locks.AbstractQueuedSynchronizer$ConditionObject.awaitNanos(AbstractQueuedSynchronizer.java:2078)
        at java.util.concurrent.ScheduledThreadPoolExecutor$DelayedWorkQueue.take(ScheduledThreadPoolExecutor.java:1093)
        at java.util.concurrent.ScheduledThreadPoolExecutor$DelayedWorkQueue.take(ScheduledThreadPoolExecutor.java:809)
        at java.util.concurrent.ThreadPoolExecutor.getTask(ThreadPoolExecutor.java:1074)
        at java.util.concurrent.ThreadPoolExecutor.runWorker(ThreadPoolExecutor.java:1134)
        at java.util.concurrent.ThreadPoolExecutor$Worker.run(ThreadPoolExecutor.java:624)
        at java.lang.Thread.run(Thread.java:748)
"pool-26-thread-10"  prio=5 tid=460 in Object.wait()
java.lang.Thread.State: WAITING (on object monitor)
        at sun.misc.Unsafe.park(Native Method)
        at java.util.concurrent.locks.LockSupport.park(LockSupport.java:175)
        at java.util.concurrent.locks.AbstractQueuedSynchronizer$ConditionObject.await(AbstractQueuedSynchronizer.java:2039)
        at java.util.concurrent.ArrayBlockingQueue.take(ArrayBlockingQueue.java:403)
        at java.util.concurrent.ThreadPoolExecutor.getTask(ThreadPoolExecutor.java:1074)
        at java.util.concurrent.ThreadPoolExecutor.runWorker(ThreadPoolExecutor.java:1134)
        at java.util.concurrent.ThreadPoolExecutor$Worker.run(ThreadPoolExecutor.java:624)
        at java.lang.Thread.run(Thread.java:748)
"Datanode ReportManager Thread - 2" daemon prio=5 tid=415 in Object.wait()
java.lang.Thread.State: WAITING (on object monitor)
        at sun.misc.Unsafe.park(Native Method)
        at java.util.concurrent.locks.LockSupport.park(LockSupport.java:175)
        at java.util.concurrent.locks.AbstractQueuedSynchronizer$ConditionObject.await(AbstractQueuedSynchronizer.java:2039)
        at java.util.concurrent.ScheduledThreadPoolExecutor$DelayedWorkQueue.take(ScheduledThreadPoolExecutor.java:1088)
        at java.util.concurrent.ScheduledThreadPoolExecutor$DelayedWorkQueue.take(ScheduledThreadPoolExecutor.java:809)
        at java.util.concurrent.ThreadPoolExecutor.getTask(ThreadPoolExecutor.java:1074)
        at java.util.concurrent.ThreadPoolExecutor.runWorker(ThreadPoolExecutor.java:1134)
        at java.util.concurrent.ThreadPoolExecutor$Worker.run(ThreadPoolExecutor.java:624)
        at java.lang.Thread.run(Thread.java:748)
"pool-110-thread-31"  prio=5 tid=722 in Object.wait()
java.lang.Thread.State: WAITING (on object monitor)
        at sun.misc.Unsafe.park(Native Method)
        at java.util.concurrent.locks.LockSupport.park(LockSupport.java:175)
        at java.util.concurrent.locks.AbstractQueuedSynchronizer$ConditionObject.await(AbstractQueuedSynchronizer.java:2039)
        at java.util.concurrent.ArrayBlockingQueue.take(ArrayBlockingQueue.java:403)
        at java.util.concurrent.ThreadPoolExecutor.getTask(ThreadPoolExecutor.java:1074)
        at java.util.concurrent.ThreadPoolExecutor.runWorker(ThreadPoolExecutor.java:1134)
        at java.util.concurrent.ThreadPoolExecutor$Worker.run(ThreadPoolExecutor.java:624)
        at java.lang.Thread.run(Thread.java:748)
"Datanode State Machine Thread - 0" daemon prio=5 tid=449 timed_waiting
java.lang.Thread.State: TIMED_WAITING
        at sun.misc.Unsafe.park(Native Method)
        at java.util.concurrent.locks.LockSupport.parkNanos(LockSupport.java:215)
        at java.util.concurrent.SynchronousQueue$TransferStack.awaitFulfill(SynchronousQueue.java:460)
        at java.util.concurrent.SynchronousQueue$TransferStack.transfer(SynchronousQueue.java:362)
        at java.util.concurrent.SynchronousQueue.poll(SynchronousQueue.java:941)
        at java.util.concurrent.ThreadPoolExecutor.getTask(ThreadPoolExecutor.java:1073)
        at java.util.concurrent.ThreadPoolExecutor.runWorker(ThreadPoolExecutor.java:1134)
        at java.util.concurrent.ThreadPoolExecutor$Worker.run(ThreadPoolExecutor.java:624)
        at java.lang.Thread.run(Thread.java:748)
"org.eclipse.jetty.server.session.HashSessionManager@149274cbTimer" daemon prio=5 tid=260 timed_waiting
java.lang.Thread.State: TIMED_WAITING
        at sun.misc.Unsafe.park(Native Method)
        at java.util.concurrent.locks.LockSupport.parkNanos(LockSupport.java:215)
        at java.util.concurrent.locks.AbstractQueuedSynchronizer$ConditionObject.awaitNanos(AbstractQueuedSynchronizer.java:2078)
        at java.util.concurrent.ScheduledThreadPoolExecutor$DelayedWorkQueue.take(ScheduledThreadPoolExecutor.java:1093)
        at java.util.concurrent.ScheduledThreadPoolExecutor$DelayedWorkQueue.take(ScheduledThreadPoolExecutor.java:809)
        at java.util.concurrent.ThreadPoolExecutor.getTask(ThreadPoolExecutor.java:1074)
        at java.util.concurrent.ThreadPoolExecutor.runWorker(ThreadPoolExecutor.java:1134)
        at java.util.concurrent.ThreadPoolExecutor$Worker.run(ThreadPoolExecutor.java:624)
        at java.lang.Thread.run(Thread.java:748)
"pool-131-thread-13"  prio=5 tid=764 in Object.wait()
java.lang.Thread.State: WAITING (on object monitor)
        at sun.misc.Unsafe.park(Native Method)
        at java.util.concurrent.locks.LockSupport.park(LockSupport.java:175)
        at java.util.concurrent.locks.AbstractQueuedSynchronizer$ConditionObject.await(AbstractQueuedSynchronizer.java:2039)
        at java.util.concurrent.ArrayBlockingQueue.take(ArrayBlockingQueue.java:403)
        at java.util.concurrent.ThreadPoolExecutor.getTask(ThreadPoolExecutor.java:1074)
        at java.util.concurrent.ThreadPoolExecutor.runWorker(ThreadPoolExecutor.java:1134)
        at java.util.concurrent.ThreadPoolExecutor$Worker.run(ThreadPoolExecutor.java:624)
        at java.lang.Thread.run(Thread.java:748)
"pool-110-thread-6"  prio=5 tid=697 in Object.wait()
java.lang.Thread.State: WAITING (on object monitor)
        at sun.misc.Unsafe.park(Native Method)
        at java.util.concurrent.locks.LockSupport.park(LockSupport.java:175)
        at java.util.concurrent.locks.AbstractQueuedSynchronizer$ConditionObject.await(AbstractQueuedSynchronizer.java:2039)
        at java.util.concurrent.ArrayBlockingQueue.take(ArrayBlockingQueue.java:403)
        at java.util.concurrent.ThreadPoolExecutor.getTask(ThreadPoolExecutor.java:1074)
        at java.util.concurrent.ThreadPoolExecutor.runWorker(ThreadPoolExecutor.java:1134)
        at java.util.concurrent.ThreadPoolExecutor$Worker.run(ThreadPoolExecutor.java:624)
        at java.lang.Thread.run(Thread.java:748)
"refreshUsed-/opt/src/hadoop-ozone/integration-test/target/test-dir/MiniOzoneClusterImpl-add696fe-84ac-4b45-a2ee-012b057e1087/datanode-7/data/containers" daemon prio=5 tid=363 timed_waiting
java.lang.Thread.State: TIMED_WAITING
        at java.lang.Thread.sleep(Native Method)
        at org.apache.hadoop.fs.CachingGetSpaceUsed$RefreshThread.run(CachingGetSpaceUsed.java:179)
        at java.lang.Thread.run(Thread.java:748)
"pool-104-thread-1"  prio=5 tid=249 timed_waiting
java.lang.Thread.State: TIMED_WAITING
        at sun.misc.Unsafe.park(Native Method)
        at java.util.concurrent.locks.LockSupport.parkNanos(LockSupport.java:215)
        at java.util.concurrent.locks.AbstractQueuedSynchronizer$ConditionObject.awaitNanos(AbstractQueuedSynchronizer.java:2078)
        at java.util.concurrent.ScheduledThreadPoolExecutor$DelayedWorkQueue.take(ScheduledThreadPoolExecutor.java:1093)
        at java.util.concurrent.ScheduledThreadPoolExecutor$DelayedWorkQueue.take(ScheduledThreadPoolExecutor.java:809)
        at java.util.concurrent.ThreadPoolExecutor.getTask(ThreadPoolExecutor.java:1074)
        at java.util.concurrent.ThreadPoolExecutor.runWorker(ThreadPoolExecutor.java:1134)
        at java.util.concurrent.ThreadPoolExecutor$Worker.run(ThreadPoolExecutor.java:624)
        at java.lang.Thread.run(Thread.java:748)
"pool-131-thread-1"  prio=5 tid=752 in Object.wait()
java.lang.Thread.State: WAITING (on object monitor)
        at sun.misc.Unsafe.park(Native Method)
        at java.util.concurrent.locks.LockSupport.park(LockSupport.java:175)
        at java.util.concurrent.locks.AbstractQueuedSynchronizer$ConditionObject.await(AbstractQueuedSynchronizer.java:2039)
        at java.util.concurrent.ArrayBlockingQueue.take(ArrayBlockingQueue.java:403)
        at java.util.concurrent.ThreadPoolExecutor.getTask(ThreadPoolExecutor.java:1074)
        at java.util.concurrent.ThreadPoolExecutor.runWorker(ThreadPoolExecutor.java:1134)
        at java.util.concurrent.ThreadPoolExecutor$Worker.run(ThreadPoolExecutor.java:624)
        at java.lang.Thread.run(Thread.java:748)
"pool-26-thread-36"  prio=5 tid=486 in Object.wait()
java.lang.Thread.State: WAITING (on object monitor)
        at sun.misc.Unsafe.park(Native Method)
        at java.util.concurrent.locks.LockSupport.park(LockSupport.java:175)
        at java.util.concurrent.locks.AbstractQueuedSynchronizer$ConditionObject.await(AbstractQueuedSynchronizer.java:2039)
        at java.util.concurrent.ArrayBlockingQueue.take(ArrayBlockingQueue.java:403)
        at java.util.concurrent.ThreadPoolExecutor.getTask(ThreadPoolExecutor.java:1074)
        at java.util.concurrent.ThreadPoolExecutor.runWorker(ThreadPoolExecutor.java:1134)
        at java.util.concurrent.ThreadPoolExecutor$Worker.run(ThreadPoolExecutor.java:624)
        at java.lang.Thread.run(Thread.java:748)
"pool-152-thread-12"  prio=5 tid=823 in Object.wait()
java.lang.Thread.State: WAITING (on object monitor)
        at sun.misc.Unsafe.park(Native Method)
        at java.util.concurrent.locks.LockSupport.park(LockSupport.java:175)
        at java.util.concurrent.locks.AbstractQueuedSynchronizer$ConditionObject.await(AbstractQueuedSynchronizer.java:2039)
        at java.util.concurrent.ArrayBlockingQueue.take(ArrayBlockingQueue.java:403)
        at java.util.concurrent.ThreadPoolExecutor.getTask(ThreadPoolExecutor.java:1074)
        at java.util.concurrent.ThreadPoolExecutor.runWorker(ThreadPoolExecutor.java:1134)
        at java.util.concurrent.ThreadPoolExecutor$Worker.run(ThreadPoolExecutor.java:624)
        at java.lang.Thread.run(Thread.java:748)
"pool-194-thread-56"  prio=5 tid=987 in Object.wait()
java.lang.Thread.State: WAITING (on object monitor)
        at sun.misc.Unsafe.park(Native Method)
        at java.util.concurrent.locks.LockSupport.park(LockSupport.java:175)
        at java.util.concurrent.locks.AbstractQueuedSynchronizer$ConditionObject.await(AbstractQueuedSynchronizer.java:2039)
        at java.util.concurrent.ArrayBlockingQueue.take(ArrayBlockingQueue.java:403)
        at java.util.concurrent.ThreadPoolExecutor.getTask(ThreadPoolExecutor.java:1074)
        at java.util.concurrent.ThreadPoolExecutor.runWorker(ThreadPoolExecutor.java:1134)
        at java.util.concurrent.ThreadPoolExecutor$Worker.run(ThreadPoolExecutor.java:624)
        at java.lang.Thread.run(Thread.java:748)
"pool-194-thread-22"  prio=5 tid=953 in Object.wait()
java.lang.Thread.State: WAITING (on object monitor)
        at sun.misc.Unsafe.park(Native Method)
        at java.util.concurrent.locks.LockSupport.park(LockSupport.java:175)
        at java.util.concurrent.locks.AbstractQueuedSynchronizer$ConditionObject.await(AbstractQueuedSynchronizer.java:2039)
        at java.util.concurrent.ArrayBlockingQueue.take(ArrayBlockingQueue.java:403)
        at java.util.concurrent.ThreadPoolExecutor.getTask(ThreadPoolExecutor.java:1074)
        at java.util.concurrent.ThreadPoolExecutor.runWorker(ThreadPoolExecutor.java:1134)
        at java.util.concurrent.ThreadPoolExecutor$Worker.run(ThreadPoolExecutor.java:624)
        at java.lang.Thread.run(Thread.java:748)
"pool-131-thread-40"  prio=5 tid=791 in Object.wait()
java.lang.Thread.State: WAITING (on object monitor)
        at sun.misc.Unsafe.park(Native Method)
        at java.util.concurrent.locks.LockSupport.park(LockSupport.java:175)
        at java.util.concurrent.locks.AbstractQueuedSynchronizer$ConditionObject.await(AbstractQueuedSynchronizer.java:2039)
        at java.util.concurrent.ArrayBlockingQueue.take(ArrayBlockingQueue.java:403)
        at java.util.concurrent.ThreadPoolExecutor.getTask(ThreadPoolExecutor.java:1074)
        at java.util.concurrent.ThreadPoolExecutor.runWorker(ThreadPoolExecutor.java:1134)
        at java.util.concurrent.ThreadPoolExecutor$Worker.run(ThreadPoolExecutor.java:624)
        at java.lang.Thread.run(Thread.java:748)
"a55bb28c-9a91-49a0-99cd-6faaa1ad267a-RaftLogWorker"  prio=5 tid=1102 timed_waiting
java.lang.Thread.State: TIMED_WAITING
        at sun.misc.Unsafe.park(Native Method)
        at java.util.concurrent.locks.LockSupport.parkNanos(LockSupport.java:215)
        at java.util.concurrent.locks.AbstractQueuedSynchronizer$ConditionObject.awaitNanos(AbstractQueuedSynchronizer.java:2078)
        at org.apache.ratis.util.DataBlockingQueue.poll(DataBlockingQueue.java:137)
        at org.apache.ratis.server.storage.RaftLogWorker.run(RaftLogWorker.java:216)
        at java.lang.Thread.run(Thread.java:748)
"pool-110-thread-53"  prio=5 tid=744 in Object.wait()
java.lang.Thread.State: WAITING (on object monitor)
        at sun.misc.Unsafe.park(Native Method)
        at java.util.concurrent.locks.LockSupport.park(LockSupport.java:175)
        at java.util.concurrent.locks.AbstractQueuedSynchronizer$ConditionObject.await(AbstractQueuedSynchronizer.java:2039)
        at java.util.concurrent.ArrayBlockingQueue.take(ArrayBlockingQueue.java:403)
        at java.util.concurrent.ThreadPoolExecutor.getTask(ThreadPoolExecutor.java:1074)
        at java.util.concurrent.ThreadPoolExecutor.runWorker(ThreadPoolExecutor.java:1134)
        at java.util.concurrent.ThreadPoolExecutor$Worker.run(ThreadPoolExecutor.java:624)
        at java.lang.Thread.run(Thread.java:748)
"qtp648346093-346" daemon prio=5 tid=346 timed_waiting
java.lang.Thread.State: TIMED_WAITING
        at sun.misc.Unsafe.park(Native Method)
        at java.util.concurrent.locks.LockSupport.parkNanos(LockSupport.java:215)
        at java.util.concurrent.locks.AbstractQueuedSynchronizer$ConditionObject.awaitNanos(AbstractQueuedSynchronizer.java:2078)
        at org.eclipse.jetty.util.BlockingArrayQueue.poll(BlockingArrayQueue.java:392)
        at org.eclipse.jetty.util.thread.QueuedThreadPool.idleJobPoll(QueuedThreadPool.java:563)
        at org.eclipse.jetty.util.thread.QueuedThreadPool.access$800(QueuedThreadPool.java:48)
        at org.eclipse.jetty.util.thread.QueuedThreadPool$2.run(QueuedThreadPool.java:626)
        at java.lang.Thread.run(Thread.java:748)
"org.apache.hadoop.util.JvmPauseMonitor$Monitor@4731d5f3" daemon prio=5 tid=330 timed_waiting
java.lang.Thread.State: TIMED_WAITING
        at java.lang.Thread.sleep(Native Method)
        at org.apache.hadoop.util.JvmPauseMonitor$Monitor.run(JvmPauseMonitor.java:192)
        at java.lang.Thread.run(Thread.java:748)
"pool-45-thread-1" daemon prio=5 tid=185 timed_waiting
java.lang.Thread.State: TIMED_WAITING
        at sun.misc.Unsafe.park(Native Method)
        at java.util.concurrent.locks.LockSupport.parkNanos(LockSupport.java:215)
        at java.util.concurrent.locks.AbstractQueuedSynchronizer$ConditionObject.awaitNanos(AbstractQueuedSynchronizer.java:2078)
        at java.util.concurrent.ScheduledThreadPoolExecutor$DelayedWorkQueue.take(ScheduledThreadPoolExecutor.java:1093)
        at java.util.concurrent.ScheduledThreadPoolExecutor$DelayedWorkQueue.take(ScheduledThreadPoolExecutor.java:809)
        at java.util.concurrent.ThreadPoolExecutor.getTask(ThreadPoolExecutor.java:1074)
        at java.util.concurrent.ThreadPoolExecutor.runWorker(ThreadPoolExecutor.java:1134)
        at java.util.concurrent.ThreadPoolExecutor$Worker.run(ThreadPoolExecutor.java:624)
        at java.lang.Thread.run(Thread.java:748)
"pool-194-thread-48"  prio=5 tid=979 in Object.wait()
java.lang.Thread.State: WAITING (on object monitor)
        at sun.misc.Unsafe.park(Native Method)
        at java.util.concurrent.locks.LockSupport.park(LockSupport.java:175)
        at java.util.concurrent.locks.AbstractQueuedSynchronizer$ConditionObject.await(AbstractQueuedSynchronizer.java:2039)
        at java.util.concurrent.ArrayBlockingQueue.take(ArrayBlockingQueue.java:403)
        at java.util.concurrent.ThreadPoolExecutor.getTask(ThreadPoolExecutor.java:1074)
        at java.util.concurrent.ThreadPoolExecutor.runWorker(ThreadPoolExecutor.java:1134)
        at java.util.concurrent.ThreadPoolExecutor$Worker.run(ThreadPoolExecutor.java:624)
        at java.lang.Thread.run(Thread.java:748)
"pool-150-thread-1" daemon prio=5 tid=335 timed_waiting
java.lang.Thread.State: TIMED_WAITING
        at sun.misc.Unsafe.park(Native Method)
        at java.util.concurrent.locks.LockSupport.parkNanos(LockSupport.java:215)
        at java.util.concurrent.locks.AbstractQueuedSynchronizer$ConditionObject.awaitNanos(AbstractQueuedSynchronizer.java:2078)
        at java.util.concurrent.ScheduledThreadPoolExecutor$DelayedWorkQueue.take(ScheduledThreadPoolExecutor.java:1093)
        at java.util.concurrent.ScheduledThreadPoolExecutor$DelayedWorkQueue.take(ScheduledThreadPoolExecutor.java:809)
        at java.util.concurrent.ThreadPoolExecutor.getTask(ThreadPoolExecutor.java:1074)
        at java.util.concurrent.ThreadPoolExecutor.runWorker(ThreadPoolExecutor.java:1134)
        at java.util.concurrent.ThreadPoolExecutor$Worker.run(ThreadPoolExecutor.java:624)
        at java.lang.Thread.run(Thread.java:748)
"qtp602280210-314" daemon prio=5 tid=314 timed_waiting
java.lang.Thread.State: TIMED_WAITING
        at sun.misc.Unsafe.park(Native Method)
        at java.util.concurrent.locks.LockSupport.parkNanos(LockSupport.java:215)
        at java.util.concurrent.locks.AbstractQueuedSynchronizer$ConditionObject.awaitNanos(AbstractQueuedSynchronizer.java:2078)
        at org.eclipse.jetty.util.BlockingArrayQueue.poll(BlockingArrayQueue.java:392)
        at org.eclipse.jetty.util.thread.QueuedThreadPool.idleJobPoll(QueuedThreadPool.java:563)
        at org.eclipse.jetty.util.thread.QueuedThreadPool.access$800(QueuedThreadPool.java:48)
        at org.eclipse.jetty.util.thread.QueuedThreadPool$2.run(QueuedThreadPool.java:626)
        at java.lang.Thread.run(Thread.java:748)
"Periodic HDDS volume checker"  prio=5 tid=420 timed_waiting
java.lang.Thread.State: TIMED_WAITING
        at sun.misc.Unsafe.park(Native Method)
        at java.util.concurrent.locks.LockSupport.parkNanos(LockSupport.java:215)
        at java.util.concurrent.locks.AbstractQueuedSynchronizer$ConditionObject.awaitNanos(AbstractQueuedSynchronizer.java:2078)
        at java.util.concurrent.ScheduledThreadPoolExecutor$DelayedWorkQueue.take(ScheduledThreadPoolExecutor.java:1093)
        at java.util.concurrent.ScheduledThreadPoolExecutor$DelayedWorkQueue.take(ScheduledThreadPoolExecutor.java:809)
        at java.util.concurrent.ThreadPoolExecutor.getTask(ThreadPoolExecutor.java:1074)
        at java.util.concurrent.ThreadPoolExecutor.runWorker(ThreadPoolExecutor.java:1134)
        at java.util.concurrent.ThreadPoolExecutor$Worker.run(ThreadPoolExecutor.java:624)
        at java.lang.Thread.run(Thread.java:748)
"pool-215-thread-59"  prio=5 tid=1050 in Object.wait()
java.lang.Thread.State: WAITING (on object monitor)
        at sun.misc.Unsafe.park(Native Method)
        at java.util.concurrent.locks.LockSupport.park(LockSupport.java:175)
        at java.util.concurrent.locks.AbstractQueuedSynchronizer$ConditionObject.await(AbstractQueuedSynchronizer.java:2039)
        at java.util.concurrent.ArrayBlockingQueue.take(ArrayBlockingQueue.java:403)
        at java.util.concurrent.ThreadPoolExecutor.getTask(ThreadPoolExecutor.java:1074)
        at java.util.concurrent.ThreadPoolExecutor.runWorker(ThreadPoolExecutor.java:1134)
        at java.util.concurrent.ThreadPoolExecutor$Worker.run(ThreadPoolExecutor.java:624)
        at java.lang.Thread.run(Thread.java:748)
"pool-26-thread-50"  prio=5 tid=500 in Object.wait()
java.lang.Thread.State: WAITING (on object monitor)
        at sun.misc.Unsafe.park(Native Method)
        at java.util.concurrent.locks.LockSupport.park(LockSupport.java:175)
        at java.util.concurrent.locks.AbstractQueuedSynchronizer$ConditionObject.await(AbstractQueuedSynchronizer.java:2039)
        at java.util.concurrent.ArrayBlockingQueue.take(ArrayBlockingQueue.java:403)
        at java.util.concurrent.ThreadPoolExecutor.getTask(ThreadPoolExecutor.java:1074)
        at java.util.concurrent.ThreadPoolExecutor.runWorker(ThreadPoolExecutor.java:1134)
        at java.util.concurrent.ThreadPoolExecutor$Worker.run(ThreadPoolExecutor.java:624)
        at java.lang.Thread.run(Thread.java:748)
"grpc-default-executor-2" daemon prio=5 tid=1088 timed_waiting
java.lang.Thread.State: TIMED_WAITING
        at sun.misc.Unsafe.park(Native Method)
        at java.util.concurrent.locks.LockSupport.parkNanos(LockSupport.java:215)
        at java.util.concurrent.SynchronousQueue$TransferStack.awaitFulfill(SynchronousQueue.java:460)
        at java.util.concurrent.SynchronousQueue$TransferStack.transfer(SynchronousQueue.java:362)
        at java.util.concurrent.SynchronousQueue.poll(SynchronousQueue.java:941)
        at java.util.concurrent.ThreadPoolExecutor.getTask(ThreadPoolExecutor.java:1073)
        at java.util.concurrent.ThreadPoolExecutor.runWorker(ThreadPoolExecutor.java:1134)
        at java.util.concurrent.ThreadPoolExecutor$Worker.run(ThreadPoolExecutor.java:624)
        at java.lang.Thread.run(Thread.java:748)
"pool-47-thread-29"  prio=5 tid=540 in Object.wait()
java.lang.Thread.State: WAITING (on object monitor)
        at sun.misc.Unsafe.park(Native Method)
        at java.util.concurrent.locks.LockSupport.park(LockSupport.java:175)
        at java.util.concurrent.locks.AbstractQueuedSynchronizer$ConditionObject.await(AbstractQueuedSynchronizer.java:2039)
        at java.util.concurrent.ArrayBlockingQueue.take(ArrayBlockingQueue.java:403)
        at java.util.concurrent.ThreadPoolExecutor.getTask(ThreadPoolExecutor.java:1074)
        at java.util.concurrent.ThreadPoolExecutor.runWorker(ThreadPoolExecutor.java:1134)
        at java.util.concurrent.ThreadPoolExecutor$Worker.run(ThreadPoolExecutor.java:624)
        at java.lang.Thread.run(Thread.java:748)
"pool-47-thread-52"  prio=5 tid=563 in Object.wait()
java.lang.Thread.State: WAITING (on object monitor)
        at sun.misc.Unsafe.park(Native Method)
        at java.util.concurrent.locks.LockSupport.park(LockSupport.java:175)
        at java.util.concurrent.locks.AbstractQueuedSynchronizer$ConditionObject.await(AbstractQueuedSynchronizer.java:2039)
        at java.util.concurrent.ArrayBlockingQueue.take(ArrayBlockingQueue.java:403)
        at java.util.concurrent.ThreadPoolExecutor.getTask(ThreadPoolExecutor.java:1074)
        at java.util.concurrent.ThreadPoolExecutor.runWorker(ThreadPoolExecutor.java:1134)
        at java.util.concurrent.ThreadPoolExecutor$Worker.run(ThreadPoolExecutor.java:624)
        at java.lang.Thread.run(Thread.java:748)
"Command processor thread" daemon prio=5 tid=237 timed_waiting
java.lang.Thread.State: TIMED_WAITING
        at java.lang.Thread.sleep(Native Method)
        at org.apache.hadoop.ozone.container.common.statemachine.DatanodeStateMachine.lambda$initCommandHandlerThread$1(DatanodeStateMachine.java:439)
        at org.apache.hadoop.ozone.container.common.statemachine.DatanodeStateMachine$$Lambda$140/804134309.run(Unknown Source)
        at java.lang.Thread.run(Thread.java:748)
"IPC Server handler 6 on 33423" daemon prio=5 tid=36 timed_waiting
java.lang.Thread.State: TIMED_WAITING
        at sun.misc.Unsafe.park(Native Method)
        at java.util.concurrent.locks.LockSupport.parkNanos(LockSupport.java:215)
        at java.util.concurrent.locks.AbstractQueuedSynchronizer$ConditionObject.awaitNanos(AbstractQueuedSynchronizer.java:2078)
        at java.util.concurrent.LinkedBlockingQueue.poll(LinkedBlockingQueue.java:467)
        at org.apache.hadoop.ipc.CallQueueManager.take(CallQueueManager.java:288)
        at org.apache.hadoop.ipc.Server$Handler.run(Server.java:2668)
"IPC Server handler 1 on 33423" daemon prio=5 tid=31 timed_waiting
java.lang.Thread.State: TIMED_WAITING
        at sun.misc.Unsafe.park(Native Method)
        at java.util.concurrent.locks.LockSupport.parkNanos(LockSupport.java:215)
        at java.util.concurrent.locks.AbstractQueuedSynchronizer$ConditionObject.awaitNanos(AbstractQueuedSynchronizer.java:2078)
        at java.util.concurrent.LinkedBlockingQueue.poll(LinkedBlockingQueue.java:467)
        at org.apache.hadoop.ipc.CallQueueManager.take(CallQueueManager.java:288)
        at org.apache.hadoop.ipc.Server$Handler.run(Server.java:2668)
"qtp391333725-376" daemon prio=5 tid=376 timed_waiting
java.lang.Thread.State: TIMED_WAITING
        at sun.misc.Unsafe.park(Native Method)
        at java.util.concurrent.locks.LockSupport.parkNanos(LockSupport.java:215)
        at java.util.concurrent.locks.AbstractQueuedSynchronizer$ConditionObject.awaitNanos(AbstractQueuedSynchronizer.java:2078)
        at org.eclipse.jetty.util.BlockingArrayQueue.poll(BlockingArrayQueue.java:392)
        at org.eclipse.jetty.util.thread.QueuedThreadPool.idleJobPoll(QueuedThreadPool.java:563)
        at org.eclipse.jetty.util.thread.QueuedThreadPool.access$800(QueuedThreadPool.java:48)
        at org.eclipse.jetty.util.thread.QueuedThreadPool$2.run(QueuedThreadPool.java:626)
        at java.lang.Thread.run(Thread.java:748)
"pool-209-thread-1"  prio=5 tid=398 timed_waiting
java.lang.Thread.State: TIMED_WAITING
        at sun.misc.Unsafe.park(Native Method)
        at java.util.concurrent.locks.LockSupport.parkNanos(LockSupport.java:215)
        at java.util.concurrent.locks.AbstractQueuedSynchronizer$ConditionObject.awaitNanos(AbstractQueuedSynchronizer.java:2078)
        at java.util.concurrent.ScheduledThreadPoolExecutor$DelayedWorkQueue.take(ScheduledThreadPoolExecutor.java:1093)
        at java.util.concurrent.ScheduledThreadPoolExecutor$DelayedWorkQueue.take(ScheduledThreadPoolExecutor.java:809)
        at java.util.concurrent.ThreadPoolExecutor.getTask(ThreadPoolExecutor.java:1074)
        at java.util.concurrent.ThreadPoolExecutor.runWorker(ThreadPoolExecutor.java:1134)
        at java.util.concurrent.ThreadPoolExecutor$Worker.run(ThreadPoolExecutor.java:624)
        at java.lang.Thread.run(Thread.java:748)
"pool-171-thread-1" daemon prio=5 tid=365 timed_waiting
java.lang.Thread.State: TIMED_WAITING
        at sun.misc.Unsafe.park(Native Method)
        at java.util.concurrent.locks.LockSupport.parkNanos(LockSupport.java:215)
        at java.util.concurrent.locks.AbstractQueuedSynchronizer$ConditionObject.awaitNanos(AbstractQueuedSynchronizer.java:2078)
        at java.util.concurrent.ScheduledThreadPoolExecutor$DelayedWorkQueue.take(ScheduledThreadPoolExecutor.java:1093)
        at java.util.concurrent.ScheduledThreadPoolExecutor$DelayedWorkQueue.take(ScheduledThreadPoolExecutor.java:809)
        at java.util.concurrent.ThreadPoolExecutor.getTask(ThreadPoolExecutor.java:1074)
        at java.util.concurrent.ThreadPoolExecutor.runWorker(ThreadPoolExecutor.java:1134)
        at java.util.concurrent.ThreadPoolExecutor$Worker.run(ThreadPoolExecutor.java:624)
        at java.lang.Thread.run(Thread.java:748)
"IPC Server handler 15 on 33779" daemon prio=5 tid=85 timed_waiting
java.lang.Thread.State: TIMED_WAITING
        at sun.misc.Unsafe.park(Native Method)
        at java.util.concurrent.locks.LockSupport.parkNanos(LockSupport.java:215)
        at java.util.concurrent.locks.AbstractQueuedSynchronizer$ConditionObject.awaitNanos(AbstractQueuedSynchronizer.java:2078)
        at java.util.concurrent.LinkedBlockingQueue.poll(LinkedBlockingQueue.java:467)
        at org.apache.hadoop.ipc.CallQueueManager.take(CallQueueManager.java:288)
        at org.apache.hadoop.ipc.Server$Handler.run(Server.java:2668)
"Thread-349" daemon prio=5 tid=1160 timed_waiting
java.lang.Thread.State: TIMED_WAITING
        at java.lang.Thread.sleep(Native Method)
        at org.apache.ratis.server.impl.FollowerState.run(FollowerState.java:94)
"pool-68-thread-39"  prio=5 tid=610 in Object.wait()
java.lang.Thread.State: WAITING (on object monitor)
        at sun.misc.Unsafe.park(Native Method)
        at java.util.concurrent.locks.LockSupport.park(LockSupport.java:175)
        at java.util.concurrent.locks.AbstractQueuedSynchronizer$ConditionObject.await(AbstractQueuedSynchronizer.java:2039)
        at java.util.concurrent.ArrayBlockingQueue.take(ArrayBlockingQueue.java:403)
        at java.util.concurrent.ThreadPoolExecutor.getTask(ThreadPoolExecutor.java:1074)
        at java.util.concurrent.ThreadPoolExecutor.runWorker(ThreadPoolExecutor.java:1134)
        at java.util.concurrent.ThreadPoolExecutor$Worker.run(ThreadPoolExecutor.java:624)
        at java.lang.Thread.run(Thread.java:748)
"pool-26-thread-38"  prio=5 tid=488 in Object.wait()
java.lang.Thread.State: WAITING (on object monitor)
        at sun.misc.Unsafe.park(Native Method)
        at java.util.concurrent.locks.LockSupport.park(LockSupport.java:175)
        at java.util.concurrent.locks.AbstractQueuedSynchronizer$ConditionObject.await(AbstractQueuedSynchronizer.java:2039)
        at java.util.concurrent.ArrayBlockingQueue.take(ArrayBlockingQueue.java:403)
        at java.util.concurrent.ThreadPoolExecutor.getTask(ThreadPoolExecutor.java:1074)
        at java.util.concurrent.ThreadPoolExecutor.runWorker(ThreadPoolExecutor.java:1134)
        at java.util.concurrent.ThreadPoolExecutor$Worker.run(ThreadPoolExecutor.java:624)
        at java.lang.Thread.run(Thread.java:748)
"IPC Server Responder" daemon prio=5 tid=26 runnable
java.lang.Thread.State: RUNNABLE
        at sun.nio.ch.EPollArrayWrapper.epollWait(Native Method)
        at sun.nio.ch.EPollArrayWrapper.poll(EPollArrayWrapper.java:269)
        at sun.nio.ch.EPollSelectorImpl.doSelect(EPollSelectorImpl.java:93)
        at sun.nio.ch.SelectorImpl.lockAndDoSelect(SelectorImpl.java:86)
        at sun.nio.ch.SelectorImpl.select(SelectorImpl.java:97)
        at org.apache.hadoop.ipc.Server$Responder.doRunLoop(Server.java:1334)
        at org.apache.hadoop.ipc.Server$Responder.run(Server.java:1317)
"pool-131-thread-45"  prio=5 tid=796 in Object.wait()
java.lang.Thread.State: WAITING (on object monitor)
        at sun.misc.Unsafe.park(Native Method)
        at java.util.concurrent.locks.LockSupport.park(LockSupport.java:175)
        at java.util.concurrent.locks.AbstractQueuedSynchronizer$ConditionObject.await(AbstractQueuedSynchronizer.java:2039)
        at java.util.concurrent.ArrayBlockingQueue.take(ArrayBlockingQueue.java:403)
        at java.util.concurrent.ThreadPoolExecutor.getTask(ThreadPoolExecutor.java:1074)
        at java.util.concurrent.ThreadPoolExecutor.runWorker(ThreadPoolExecutor.java:1134)
        at java.util.concurrent.ThreadPoolExecutor$Worker.run(ThreadPoolExecutor.java:624)
        at java.lang.Thread.run(Thread.java:748)
"Datanode State Machine Thread - 0" daemon prio=5 tid=361 timed_waiting
java.lang.Thread.State: TIMED_WAITING
        at sun.misc.Unsafe.park(Native Method)
        at java.util.concurrent.locks.LockSupport.parkNanos(LockSupport.java:215)
        at java.util.concurrent.SynchronousQueue$TransferStack.awaitFulfill(SynchronousQueue.java:460)
        at java.util.concurrent.SynchronousQueue$TransferStack.transfer(SynchronousQueue.java:362)
        at java.util.concurrent.SynchronousQueue.poll(SynchronousQueue.java:941)
        at java.util.concurrent.ThreadPoolExecutor.getTask(ThreadPoolExecutor.java:1073)
        at java.util.concurrent.ThreadPoolExecutor.runWorker(ThreadPoolExecutor.java:1134)
        at java.util.concurrent.ThreadPoolExecutor$Worker.run(ThreadPoolExecutor.java:624)
        at java.lang.Thread.run(Thread.java:748)
"pool-89-thread-21"  prio=5 tid=652 in Object.wait()
java.lang.Thread.State: WAITING (on object monitor)
        at sun.misc.Unsafe.park(Native Method)
        at java.util.concurrent.locks.LockSupport.park(LockSupport.java:175)
        at java.util.concurrent.locks.AbstractQueuedSynchronizer$ConditionObject.await(AbstractQueuedSynchronizer.java:2039)
        at java.util.concurrent.ArrayBlockingQueue.take(ArrayBlockingQueue.java:403)
        at java.util.concurrent.ThreadPoolExecutor.getTask(ThreadPoolExecutor.java:1074)
        at java.util.concurrent.ThreadPoolExecutor.runWorker(ThreadPoolExecutor.java:1134)
        at java.util.concurrent.ThreadPoolExecutor$Worker.run(ThreadPoolExecutor.java:624)
        at java.lang.Thread.run(Thread.java:748)
"pool-194-thread-47"  prio=5 tid=978 in Object.wait()
java.lang.Thread.State: WAITING (on object monitor)
        at sun.misc.Unsafe.park(Native Method)
        at java.util.concurrent.locks.LockSupport.park(LockSupport.java:175)
        at java.util.concurrent.locks.AbstractQueuedSynchronizer$ConditionObject.await(AbstractQueuedSynchronizer.java:2039)
        at java.util.concurrent.ArrayBlockingQueue.take(ArrayBlockingQueue.java:403)
        at java.util.concurrent.ThreadPoolExecutor.getTask(ThreadPoolExecutor.java:1074)
        at java.util.concurrent.ThreadPoolExecutor.runWorker(ThreadPoolExecutor.java:1134)
        at java.util.concurrent.ThreadPoolExecutor$Worker.run(ThreadPoolExecutor.java:624)
        at java.lang.Thread.run(Thread.java:748)
"BlockDeletingService#0" daemon prio=5 tid=337 in Object.wait()
java.lang.Thread.State: WAITING (on object monitor)
        at sun.misc.Unsafe.park(Native Method)
        at java.util.concurrent.locks.LockSupport.park(LockSupport.java:175)
        at java.util.concurrent.locks.AbstractQueuedSynchronizer$ConditionObject.await(AbstractQueuedSynchronizer.java:2039)
        at java.util.concurrent.ScheduledThreadPoolExecutor$DelayedWorkQueue.take(ScheduledThreadPoolExecutor.java:1088)
        at java.util.concurrent.ScheduledThreadPoolExecutor$DelayedWorkQueue.take(ScheduledThreadPoolExecutor.java:809)
        at java.util.concurrent.ThreadPoolExecutor.getTask(ThreadPoolExecutor.java:1074)
        at java.util.concurrent.ThreadPoolExecutor.runWorker(ThreadPoolExecutor.java:1134)
        at java.util.concurrent.ThreadPoolExecutor$Worker.run(ThreadPoolExecutor.java:624)
        at java.lang.Thread.run(Thread.java:748)
"org.eclipse.jetty.server.session.HashSessionManager@63429932Timer" daemon prio=5 tid=144 timed_waiting
java.lang.Thread.State: TIMED_WAITING
        at sun.misc.Unsafe.park(Native Method)
        at java.util.concurrent.locks.LockSupport.parkNanos(LockSupport.java:215)
        at java.util.concurrent.locks.AbstractQueuedSynchronizer$ConditionObject.awaitNanos(AbstractQueuedSynchronizer.java:2078)
        at java.util.concurrent.ScheduledThreadPoolExecutor$DelayedWorkQueue.take(ScheduledThreadPoolExecutor.java:1093)
        at java.util.concurrent.ScheduledThreadPoolExecutor$DelayedWorkQueue.take(ScheduledThreadPoolExecutor.java:809)
        at java.util.concurrent.ThreadPoolExecutor.getTask(ThreadPoolExecutor.java:1074)
        at java.util.concurrent.ThreadPoolExecutor.runWorker(ThreadPoolExecutor.java:1134)
        at java.util.concurrent.ThreadPoolExecutor$Worker.run(ThreadPoolExecutor.java:624)
        at java.lang.Thread.run(Thread.java:748)
"pool-47-thread-46"  prio=5 tid=557 in Object.wait()
java.lang.Thread.State: WAITING (on object monitor)
        at sun.misc.Unsafe.park(Native Method)
        at java.util.concurrent.locks.LockSupport.park(LockSupport.java:175)
        at java.util.concurrent.locks.AbstractQueuedSynchronizer$ConditionObject.await(AbstractQueuedSynchronizer.java:2039)
        at java.util.concurrent.ArrayBlockingQueue.take(ArrayBlockingQueue.java:403)
        at java.util.concurrent.ThreadPoolExecutor.getTask(ThreadPoolExecutor.java:1074)
        at java.util.concurrent.ThreadPoolExecutor.runWorker(ThreadPoolExecutor.java:1134)
        at java.util.concurrent.ThreadPoolExecutor$Worker.run(ThreadPoolExecutor.java:624)
        at java.lang.Thread.run(Thread.java:748)
"pool-83-thread-1"  prio=5 tid=219 timed_waiting
java.lang.Thread.State: TIMED_WAITING
        at sun.misc.Unsafe.park(Native Method)
        at java.util.concurrent.locks.LockSupport.parkNanos(LockSupport.java:215)
        at java.util.concurrent.locks.AbstractQueuedSynchronizer$ConditionObject.awaitNanos(AbstractQueuedSynchronizer.java:2078)
        at java.util.concurrent.ScheduledThreadPoolExecutor$DelayedWorkQueue.take(ScheduledThreadPoolExecutor.java:1093)
        at java.util.concurrent.ScheduledThreadPoolExecutor$DelayedWorkQueue.take(ScheduledThreadPoolExecutor.java:809)
        at java.util.concurrent.ThreadPoolExecutor.getTask(ThreadPoolExecutor.java:1074)
        at java.util.concurrent.ThreadPoolExecutor.runWorker(ThreadPoolExecutor.java:1134)
        at java.util.concurrent.ThreadPoolExecutor$Worker.run(ThreadPoolExecutor.java:624)
        at java.lang.Thread.run(Thread.java:748)
"pool-152-thread-15"  prio=5 tid=826 in Object.wait()
java.lang.Thread.State: WAITING (on object monitor)
        at sun.misc.Unsafe.park(Native Method)
        at java.util.concurrent.locks.LockSupport.park(LockSupport.java:175)
        at java.util.concurrent.locks.AbstractQueuedSynchronizer$ConditionObject.await(AbstractQueuedSynchronizer.java:2039)
        at java.util.concurrent.ArrayBlockingQueue.take(ArrayBlockingQueue.java:403)
        at java.util.concurrent.ThreadPoolExecutor.getTask(ThreadPoolExecutor.java:1074)
        at java.util.concurrent.ThreadPoolExecutor.runWorker(ThreadPoolExecutor.java:1134)
        at java.util.concurrent.ThreadPoolExecutor$Worker.run(ThreadPoolExecutor.java:624)
        at java.lang.Thread.run(Thread.java:748)
"IPC Server Responder" daemon prio=5 tid=18 runnable
java.lang.Thread.State: RUNNABLE
        at sun.nio.ch.EPollArrayWrapper.epollWait(Native Method)
        at sun.nio.ch.EPollArrayWrapper.poll(EPollArrayWrapper.java:269)
        at sun.nio.ch.EPollSelectorImpl.doSelect(EPollSelectorImpl.java:93)
        at sun.nio.ch.SelectorImpl.lockAndDoSelect(SelectorImpl.java:86)
        at sun.nio.ch.SelectorImpl.select(SelectorImpl.java:97)
        at org.apache.hadoop.ipc.Server$Responder.doRunLoop(Server.java:1334)
        at org.apache.hadoop.ipc.Server$Responder.run(Server.java:1317)
"pool-89-thread-34"  prio=5 tid=665 in Object.wait()
java.lang.Thread.State: WAITING (on object monitor)
        at sun.misc.Unsafe.park(Native Method)
        at java.util.concurrent.locks.LockSupport.park(LockSupport.java:175)
        at java.util.concurrent.locks.AbstractQueuedSynchronizer$ConditionObject.await(AbstractQueuedSynchronizer.java:2039)
        at java.util.concurrent.ArrayBlockingQueue.take(ArrayBlockingQueue.java:403)
        at java.util.concurrent.ThreadPoolExecutor.getTask(ThreadPoolExecutor.java:1074)
        at java.util.concurrent.ThreadPoolExecutor.runWorker(ThreadPoolExecutor.java:1134)
        at java.util.concurrent.ThreadPoolExecutor$Worker.run(ThreadPoolExecutor.java:624)
        at java.lang.Thread.run(Thread.java:748)
"pool-68-thread-36"  prio=5 tid=607 in Object.wait()
java.lang.Thread.State: WAITING (on object monitor)
        at sun.misc.Unsafe.park(Native Method)
        at java.util.concurrent.locks.LockSupport.park(LockSupport.java:175)
        at java.util.concurrent.locks.AbstractQueuedSynchronizer$ConditionObject.await(AbstractQueuedSynchronizer.java:2039)
        at java.util.concurrent.ArrayBlockingQueue.take(ArrayBlockingQueue.java:403)
        at java.util.concurrent.ThreadPoolExecutor.getTask(ThreadPoolExecutor.java:1074)
        at java.util.concurrent.ThreadPoolExecutor.runWorker(ThreadPoolExecutor.java:1134)
        at java.util.concurrent.ThreadPoolExecutor$Worker.run(ThreadPoolExecutor.java:624)
        at java.lang.Thread.run(Thread.java:748)
"pool-89-thread-59"  prio=5 tid=690 in Object.wait()
java.lang.Thread.State: WAITING (on object monitor)
        at sun.misc.Unsafe.park(Native Method)
        at java.util.concurrent.locks.LockSupport.park(LockSupport.java:175)
        at java.util.concurrent.locks.AbstractQueuedSynchronizer$ConditionObject.await(AbstractQueuedSynchronizer.java:2039)
        at java.util.concurrent.ArrayBlockingQueue.take(ArrayBlockingQueue.java:403)
        at java.util.concurrent.ThreadPoolExecutor.getTask(ThreadPoolExecutor.java:1074)
        at java.util.concurrent.ThreadPoolExecutor.runWorker(ThreadPoolExecutor.java:1134)
        at java.util.concurrent.ThreadPoolExecutor$Worker.run(ThreadPoolExecutor.java:624)
        at java.lang.Thread.run(Thread.java:748)
"pool-110-thread-12"  prio=5 tid=703 in Object.wait()
java.lang.Thread.State: WAITING (on object monitor)
        at sun.misc.Unsafe.park(Native Method)
        at java.util.concurrent.locks.LockSupport.park(LockSupport.java:175)
        at java.util.concurrent.locks.AbstractQueuedSynchronizer$ConditionObject.await(AbstractQueuedSynchronizer.java:2039)
        at java.util.concurrent.ArrayBlockingQueue.take(ArrayBlockingQueue.java:403)
        at java.util.concurrent.ThreadPoolExecutor.getTask(ThreadPoolExecutor.java:1074)
        at java.util.concurrent.ThreadPoolExecutor.runWorker(ThreadPoolExecutor.java:1134)
        at java.util.concurrent.ThreadPoolExecutor$Worker.run(ThreadPoolExecutor.java:624)
        at java.lang.Thread.run(Thread.java:748)
"pool-152-thread-32"  prio=5 tid=843 in Object.wait()
java.lang.Thread.State: WAITING (on object monitor)
        at sun.misc.Unsafe.park(Native Method)
        at java.util.concurrent.locks.LockSupport.park(LockSupport.java:175)
        at java.util.concurrent.locks.AbstractQueuedSynchronizer$ConditionObject.await(AbstractQueuedSynchronizer.java:2039)
        at java.util.concurrent.ArrayBlockingQueue.take(ArrayBlockingQueue.java:403)
        at java.util.concurrent.ThreadPoolExecutor.getTask(ThreadPoolExecutor.java:1074)
        at java.util.concurrent.ThreadPoolExecutor.runWorker(ThreadPoolExecutor.java:1134)
        at java.util.concurrent.ThreadPoolExecutor$Worker.run(ThreadPoolExecutor.java:624)
        at java.lang.Thread.run(Thread.java:748)
"IPC Server handler 10 on 33779" daemon prio=5 tid=80 timed_waiting
java.lang.Thread.State: TIMED_WAITING
        at sun.misc.Unsafe.park(Native Method)
        at java.util.concurrent.locks.LockSupport.parkNanos(LockSupport.java:215)
        at java.util.concurrent.locks.AbstractQueuedSynchronizer$ConditionObject.awaitNanos(AbstractQueuedSynchronizer.java:2078)
        at java.util.concurrent.LinkedBlockingQueue.poll(LinkedBlockingQueue.java:467)
        at org.apache.hadoop.ipc.CallQueueManager.take(CallQueueManager.java:288)
        at org.apache.hadoop.ipc.Server$Handler.run(Server.java:2668)
"pool-194-thread-17"  prio=5 tid=948 in Object.wait()
java.lang.Thread.State: WAITING (on object monitor)
        at sun.misc.Unsafe.park(Native Method)
        at java.util.concurrent.locks.LockSupport.park(LockSupport.java:175)
        at java.util.concurrent.locks.AbstractQueuedSynchronizer$ConditionObject.await(AbstractQueuedSynchronizer.java:2039)
        at java.util.concurrent.ArrayBlockingQueue.take(ArrayBlockingQueue.java:403)
        at java.util.concurrent.ThreadPoolExecutor.getTask(ThreadPoolExecutor.java:1074)
        at java.util.concurrent.ThreadPoolExecutor.runWorker(ThreadPoolExecutor.java:1134)
        at java.util.concurrent.ThreadPoolExecutor$Worker.run(ThreadPoolExecutor.java:624)
        at java.lang.Thread.run(Thread.java:748)
"pool-131-thread-10"  prio=5 tid=761 in Object.wait()
java.lang.Thread.State: WAITING (on object monitor)
        at sun.misc.Unsafe.park(Native Method)
        at java.util.concurrent.locks.LockSupport.park(LockSupport.java:175)
        at java.util.concurrent.locks.AbstractQueuedSynchronizer$ConditionObject.await(AbstractQueuedSynchronizer.java:2039)
        at java.util.concurrent.ArrayBlockingQueue.take(ArrayBlockingQueue.java:403)
        at java.util.concurrent.ThreadPoolExecutor.getTask(ThreadPoolExecutor.java:1074)
        at java.util.concurrent.ThreadPoolExecutor.runWorker(ThreadPoolExecutor.java:1134)
        at java.util.concurrent.ThreadPoolExecutor$Worker.run(ThreadPoolExecutor.java:624)
        at java.lang.Thread.run(Thread.java:748)
"pool-68-thread-12"  prio=5 tid=583 in Object.wait()
java.lang.Thread.State: WAITING (on object monitor)
        at sun.misc.Unsafe.park(Native Method)
        at java.util.concurrent.locks.LockSupport.park(LockSupport.java:175)
        at java.util.concurrent.locks.AbstractQueuedSynchronizer$ConditionObject.await(AbstractQueuedSynchronizer.java:2039)
        at java.util.concurrent.ArrayBlockingQueue.take(ArrayBlockingQueue.java:403)
        at java.util.concurrent.ThreadPoolExecutor.getTask(ThreadPoolExecutor.java:1074)
        at java.util.concurrent.ThreadPoolExecutor.runWorker(ThreadPoolExecutor.java:1134)
        at java.util.concurrent.ThreadPoolExecutor$Worker.run(ThreadPoolExecutor.java:624)
        at java.lang.Thread.run(Thread.java:748)
"pool-26-thread-21"  prio=5 tid=471 in Object.wait()
java.lang.Thread.State: WAITING (on object monitor)
        at sun.misc.Unsafe.park(Native Method)
        at java.util.concurrent.locks.LockSupport.park(LockSupport.java:175)
        at java.util.concurrent.locks.AbstractQueuedSynchronizer$ConditionObject.await(AbstractQueuedSynchronizer.java:2039)
        at java.util.concurrent.ArrayBlockingQueue.take(ArrayBlockingQueue.java:403)
        at java.util.concurrent.ThreadPoolExecutor.getTask(ThreadPoolExecutor.java:1074)
        at java.util.concurrent.ThreadPoolExecutor.runWorker(ThreadPoolExecutor.java:1134)
        at java.util.concurrent.ThreadPoolExecutor$Worker.run(ThreadPoolExecutor.java:624)
        at java.lang.Thread.run(Thread.java:748)
"Periodic HDDS volume checker"  prio=5 tid=296 timed_waiting
java.lang.Thread.State: TIMED_WAITING
        at sun.misc.Unsafe.park(Native Method)
        at java.util.concurrent.locks.LockSupport.parkNanos(LockSupport.java:215)
        at java.util.concurrent.locks.AbstractQueuedSynchronizer$ConditionObject.awaitNanos(AbstractQueuedSynchronizer.java:2078)
        at java.util.concurrent.ScheduledThreadPoolExecutor$DelayedWorkQueue.take(ScheduledThreadPoolExecutor.java:1093)
        at java.util.concurrent.ScheduledThreadPoolExecutor$DelayedWorkQueue.take(ScheduledThreadPoolExecutor.java:809)
        at java.util.concurrent.ThreadPoolExecutor.getTask(ThreadPoolExecutor.java:1074)
        at java.util.concurrent.ThreadPoolExecutor.runWorker(ThreadPoolExecutor.java:1134)
        at java.util.concurrent.ThreadPoolExecutor$Worker.run(ThreadPoolExecutor.java:624)
        at java.lang.Thread.run(Thread.java:748)
"pool-68-thread-23"  prio=5 tid=594 in Object.wait()
java.lang.Thread.State: WAITING (on object monitor)
        at sun.misc.Unsafe.park(Native Method)
        at java.util.concurrent.locks.LockSupport.park(LockSupport.java:175)
        at java.util.concurrent.locks.AbstractQueuedSynchronizer$ConditionObject.await(AbstractQueuedSynchronizer.java:2039)
        at java.util.concurrent.ArrayBlockingQueue.take(ArrayBlockingQueue.java:403)
        at java.util.concurrent.ThreadPoolExecutor.getTask(ThreadPoolExecutor.java:1074)
        at java.util.concurrent.ThreadPoolExecutor.runWorker(ThreadPoolExecutor.java:1134)
        at java.util.concurrent.ThreadPoolExecutor$Worker.run(ThreadPoolExecutor.java:624)
        at java.lang.Thread.run(Thread.java:748)
"pool-26-thread-20"  prio=5 tid=470 in Object.wait()
java.lang.Thread.State: WAITING (on object monitor)
        at sun.misc.Unsafe.park(Native Method)
        at java.util.concurrent.locks.LockSupport.park(LockSupport.java:175)
        at java.util.concurrent.locks.AbstractQueuedSynchronizer$ConditionObject.await(AbstractQueuedSynchronizer.java:2039)
        at java.util.concurrent.ArrayBlockingQueue.take(ArrayBlockingQueue.java:403)
        at java.util.concurrent.ThreadPoolExecutor.getTask(ThreadPoolExecutor.java:1074)
        at java.util.concurrent.ThreadPoolExecutor.runWorker(ThreadPoolExecutor.java:1134)
        at java.util.concurrent.ThreadPoolExecutor$Worker.run(ThreadPoolExecutor.java:624)
        at java.lang.Thread.run(Thread.java:748)
"pool-110-thread-23"  prio=5 tid=714 in Object.wait()
java.lang.Thread.State: WAITING (on object monitor)
        at sun.misc.Unsafe.park(Native Method)
        at java.util.concurrent.locks.LockSupport.park(LockSupport.java:175)
        at java.util.concurrent.locks.AbstractQueuedSynchronizer$ConditionObject.await(AbstractQueuedSynchronizer.java:2039)
        at java.util.concurrent.ArrayBlockingQueue.take(ArrayBlockingQueue.java:403)
        at java.util.concurrent.ThreadPoolExecutor.getTask(ThreadPoolExecutor.java:1074)
        at java.util.concurrent.ThreadPoolExecutor.runWorker(ThreadPoolExecutor.java:1134)
        at java.util.concurrent.ThreadPoolExecutor$Worker.run(ThreadPoolExecutor.java:624)
        at java.lang.Thread.run(Thread.java:748)
"pool-110-thread-37"  prio=5 tid=728 in Object.wait()
java.lang.Thread.State: WAITING (on object monitor)
        at sun.misc.Unsafe.park(Native Method)
        at java.util.concurrent.locks.LockSupport.park(LockSupport.java:175)
        at java.util.concurrent.locks.AbstractQueuedSynchronizer$ConditionObject.await(AbstractQueuedSynchronizer.java:2039)
        at java.util.concurrent.ArrayBlockingQueue.take(ArrayBlockingQueue.java:403)
        at java.util.concurrent.ThreadPoolExecutor.getTask(ThreadPoolExecutor.java:1074)
        at java.util.concurrent.ThreadPoolExecutor.runWorker(ThreadPoolExecutor.java:1134)
        at java.util.concurrent.ThreadPoolExecutor$Worker.run(ThreadPoolExecutor.java:624)
        at java.lang.Thread.run(Thread.java:748)
"pool-173-thread-47"  prio=5 tid=918 in Object.wait()
java.lang.Thread.State: WAITING (on object monitor)
        at sun.misc.Unsafe.park(Native Method)
        at java.util.concurrent.locks.LockSupport.park(LockSupport.java:175)
        at java.util.concurrent.locks.AbstractQueuedSynchronizer$ConditionObject.await(AbstractQueuedSynchronizer.java:2039)
        at java.util.concurrent.ArrayBlockingQueue.take(ArrayBlockingQueue.java:403)
        at java.util.concurrent.ThreadPoolExecutor.getTask(ThreadPoolExecutor.java:1074)
        at java.util.concurrent.ThreadPoolExecutor.runWorker(ThreadPoolExecutor.java:1134)
        at java.util.concurrent.ThreadPoolExecutor$Worker.run(ThreadPoolExecutor.java:624)
        at java.lang.Thread.run(Thread.java:748)
"pool-47-thread-37"  prio=5 tid=548 in Object.wait()
java.lang.Thread.State: WAITING (on object monitor)
        at sun.misc.Unsafe.park(Native Method)
        at java.util.concurrent.locks.LockSupport.park(LockSupport.java:175)
        at java.util.concurrent.locks.AbstractQueuedSynchronizer$ConditionObject.await(AbstractQueuedSynchronizer.java:2039)
        at java.util.concurrent.ArrayBlockingQueue.take(ArrayBlockingQueue.java:403)
        at java.util.concurrent.ThreadPoolExecutor.getTask(ThreadPoolExecutor.java:1074)
        at java.util.concurrent.ThreadPoolExecutor.runWorker(ThreadPoolExecutor.java:1134)
        at java.util.concurrent.ThreadPoolExecutor$Worker.run(ThreadPoolExecutor.java:624)
        at java.lang.Thread.run(Thread.java:748)
"pool-146-thread-1"  prio=5 tid=309 timed_waiting
java.lang.Thread.State: TIMED_WAITING
        at sun.misc.Unsafe.park(Native Method)
        at java.util.concurrent.locks.LockSupport.parkNanos(LockSupport.java:215)
        at java.util.concurrent.locks.AbstractQueuedSynchronizer$ConditionObject.awaitNanos(AbstractQueuedSynchronizer.java:2078)
        at java.util.concurrent.ScheduledThreadPoolExecutor$DelayedWorkQueue.take(ScheduledThreadPoolExecutor.java:1093)
        at java.util.concurrent.ScheduledThreadPoolExecutor$DelayedWorkQueue.take(ScheduledThreadPoolExecutor.java:809)
        at java.util.concurrent.ThreadPoolExecutor.getTask(ThreadPoolExecutor.java:1074)
        at java.util.concurrent.ThreadPoolExecutor.runWorker(ThreadPoolExecutor.java:1134)
        at java.util.concurrent.ThreadPoolExecutor$Worker.run(ThreadPoolExecutor.java:624)
        at java.lang.Thread.run(Thread.java:748)
"IPC Server handler 6 on 46447" daemon prio=5 tid=56 timed_waiting
java.lang.Thread.State: TIMED_WAITING
        at sun.misc.Unsafe.park(Native Method)
        at java.util.concurrent.locks.LockSupport.parkNanos(LockSupport.java:215)
        at java.util.concurrent.locks.AbstractQueuedSynchronizer$ConditionObject.awaitNanos(AbstractQueuedSynchronizer.java:2078)
        at java.util.concurrent.LinkedBlockingQueue.poll(LinkedBlockingQueue.java:467)
        at org.apache.hadoop.ipc.CallQueueManager.take(CallQueueManager.java:288)
        at org.apache.hadoop.ipc.Server$Handler.run(Server.java:2668)
"pool-152-thread-19"  prio=5 tid=830 in Object.wait()
java.lang.Thread.State: WAITING (on object monitor)
        at sun.misc.Unsafe.park(Native Method)
        at java.util.concurrent.locks.LockSupport.park(LockSupport.java:175)
        at java.util.concurrent.locks.AbstractQueuedSynchronizer$ConditionObject.await(AbstractQueuedSynchronizer.java:2039)
        at java.util.concurrent.ArrayBlockingQueue.take(ArrayBlockingQueue.java:403)
        at java.util.concurrent.ThreadPoolExecutor.getTask(ThreadPoolExecutor.java:1074)
        at java.util.concurrent.ThreadPoolExecutor.runWorker(ThreadPoolExecutor.java:1134)
        at java.util.concurrent.ThreadPoolExecutor$Worker.run(ThreadPoolExecutor.java:624)
        at java.lang.Thread.run(Thread.java:748)
"qtp608414678-227" daemon prio=5 tid=227 timed_waiting
java.lang.Thread.State: TIMED_WAITING
        at sun.misc.Unsafe.park(Native Method)
        at java.util.concurrent.locks.LockSupport.parkNanos(LockSupport.java:215)
        at java.util.concurrent.locks.AbstractQueuedSynchronizer$ConditionObject.awaitNanos(AbstractQueuedSynchronizer.java:2078)
        at org.eclipse.jetty.util.BlockingArrayQueue.poll(BlockingArrayQueue.java:392)
        at org.eclipse.jetty.util.thread.QueuedThreadPool.idleJobPoll(QueuedThreadPool.java:563)
        at org.eclipse.jetty.util.thread.QueuedThreadPool.access$800(QueuedThreadPool.java:48)
        at org.eclipse.jetty.util.thread.QueuedThreadPool$2.run(QueuedThreadPool.java:626)
        at java.lang.Thread.run(Thread.java:748)
"pool-47-thread-30"  prio=5 tid=541 in Object.wait()
java.lang.Thread.State: WAITING (on object monitor)
        at sun.misc.Unsafe.park(Native Method)
        at java.util.concurrent.locks.LockSupport.park(LockSupport.java:175)
        at java.util.concurrent.locks.AbstractQueuedSynchronizer$ConditionObject.await(AbstractQueuedSynchronizer.java:2039)
        at java.util.concurrent.ArrayBlockingQueue.take(ArrayBlockingQueue.java:403)
        at java.util.concurrent.ThreadPoolExecutor.getTask(ThreadPoolExecutor.java:1074)
        at java.util.concurrent.ThreadPoolExecutor.runWorker(ThreadPoolExecutor.java:1134)
        at java.util.concurrent.ThreadPoolExecutor$Worker.run(ThreadPoolExecutor.java:624)
        at java.lang.Thread.run(Thread.java:748)
"pool-24-thread-1" daemon prio=5 tid=155 timed_waiting
java.lang.Thread.State: TIMED_WAITING
        at sun.misc.Unsafe.park(Native Method)
        at java.util.concurrent.locks.LockSupport.parkNanos(LockSupport.java:215)
        at java.util.concurrent.locks.AbstractQueuedSynchronizer$ConditionObject.awaitNanos(AbstractQueuedSynchronizer.java:2078)
        at java.util.concurrent.ScheduledThreadPoolExecutor$DelayedWorkQueue.take(ScheduledThreadPoolExecutor.java:1093)
        at java.util.concurrent.ScheduledThreadPoolExecutor$DelayedWorkQueue.take(ScheduledThreadPoolExecutor.java:809)
        at java.util.concurrent.ThreadPoolExecutor.getTask(ThreadPoolExecutor.java:1074)
        at java.util.concurrent.ThreadPoolExecutor.runWorker(ThreadPoolExecutor.java:1134)
        at java.util.concurrent.ThreadPoolExecutor$Worker.run(ThreadPoolExecutor.java:624)
        at java.lang.Thread.run(Thread.java:748)
"pool-215-thread-35"  prio=5 tid=1026 in Object.wait()
java.lang.Thread.State: WAITING (on object monitor)
        at sun.misc.Unsafe.park(Native Method)
        at java.util.concurrent.locks.LockSupport.park(LockSupport.java:175)
        at java.util.concurrent.locks.AbstractQueuedSynchronizer$ConditionObject.await(AbstractQueuedSynchronizer.java:2039)
        at java.util.concurrent.ArrayBlockingQueue.take(ArrayBlockingQueue.java:403)
        at java.util.concurrent.ThreadPoolExecutor.getTask(ThreadPoolExecutor.java:1074)
        at java.util.concurrent.ThreadPoolExecutor.runWorker(ThreadPoolExecutor.java:1134)
        at java.util.concurrent.ThreadPoolExecutor$Worker.run(ThreadPoolExecutor.java:624)
        at java.lang.Thread.run(Thread.java:748)
"IPC Server handler 8 on 33423" daemon prio=5 tid=38 timed_waiting
java.lang.Thread.State: TIMED_WAITING
        at sun.misc.Unsafe.park(Native Method)
        at java.util.concurrent.locks.LockSupport.parkNanos(LockSupport.java:215)
        at java.util.concurrent.locks.AbstractQueuedSynchronizer$ConditionObject.awaitNanos(AbstractQueuedSynchronizer.java:2078)
        at java.util.concurrent.LinkedBlockingQueue.poll(LinkedBlockingQueue.java:467)
        at org.apache.hadoop.ipc.CallQueueManager.take(CallQueueManager.java:288)
        at org.apache.hadoop.ipc.Server$Handler.run(Server.java:2668)
"pool-184-thread-1"  prio=5 tid=1123 in Object.wait()
java.lang.Thread.State: WAITING (on object monitor)
        at sun.misc.Unsafe.park(Native Method)
        at java.util.concurrent.locks.LockSupport.park(LockSupport.java:175)
        at java.util.concurrent.locks.AbstractQueuedSynchronizer$ConditionObject.await(AbstractQueuedSynchronizer.java:2039)
        at java.util.concurrent.LinkedBlockingQueue.take(LinkedBlockingQueue.java:442)
        at java.util.concurrent.ThreadPoolExecutor.getTask(ThreadPoolExecutor.java:1074)
        at java.util.concurrent.ThreadPoolExecutor.runWorker(ThreadPoolExecutor.java:1134)
        at java.util.concurrent.ThreadPoolExecutor$Worker.run(ThreadPoolExecutor.java:624)
        at java.lang.Thread.run(Thread.java:748)
"StateMachineUpdater-a83b0601-c70d-4140-b27f-c227c6feeccd-group-357E694019C5" daemon prio=5 tid=1094 in Object.wait()
java.lang.Thread.State: WAITING (on object monitor)
        at java.lang.Object.wait(Native Method)
        at java.lang.Object.wait(Object.java:502)
        at org.apache.ratis.server.impl.StateMachineUpdater.run(StateMachineUpdater.java:138)
        at java.lang.Thread.run(Thread.java:748)
"pool-131-thread-17"  prio=5 tid=768 in Object.wait()
java.lang.Thread.State: WAITING (on object monitor)
        at sun.misc.Unsafe.park(Native Method)
        at java.util.concurrent.locks.LockSupport.park(LockSupport.java:175)
        at java.util.concurrent.locks.AbstractQueuedSynchronizer$ConditionObject.await(AbstractQueuedSynchronizer.java:2039)
        at java.util.concurrent.ArrayBlockingQueue.take(ArrayBlockingQueue.java:403)
        at java.util.concurrent.ThreadPoolExecutor.getTask(ThreadPoolExecutor.java:1074)
        at java.util.concurrent.ThreadPoolExecutor.runWorker(ThreadPoolExecutor.java:1134)
        at java.util.concurrent.ThreadPoolExecutor$Worker.run(ThreadPoolExecutor.java:624)
        at java.lang.Thread.run(Thread.java:748)
"pool-89-thread-8"  prio=5 tid=639 in Object.wait()
java.lang.Thread.State: WAITING (on object monitor)
        at sun.misc.Unsafe.park(Native Method)
        at java.util.concurrent.locks.LockSupport.park(LockSupport.java:175)
        at java.util.concurrent.locks.AbstractQueuedSynchronizer$ConditionObject.await(AbstractQueuedSynchronizer.java:2039)
        at java.util.concurrent.ArrayBlockingQueue.take(ArrayBlockingQueue.java:403)
        at java.util.concurrent.ThreadPoolExecutor.getTask(ThreadPoolExecutor.java:1074)
        at java.util.concurrent.ThreadPoolExecutor.runWorker(ThreadPoolExecutor.java:1134)
        at java.util.concurrent.ThreadPoolExecutor$Worker.run(ThreadPoolExecutor.java:624)
        at java.lang.Thread.run(Thread.java:748)
"org.apache.ratis.server.impl.LogAppender$$Lambda$313/942784436@228aecc" daemon prio=5 tid=1210 timed_waiting
java.lang.Thread.State: TIMED_WAITING
        at java.lang.Object.wait(Native Method)
        at org.apache.ratis.grpc.server.GrpcLogAppender.mayWait(GrpcLogAppender.java:140)
        at org.apache.ratis.grpc.server.GrpcLogAppender.runAppenderImpl(GrpcLogAppender.java:94)
        at org.apache.ratis.server.impl.LogAppender.runAppender(LogAppender.java:101)
        at org.apache.ratis.server.impl.LogAppender$$Lambda$313/942784436.run(Unknown Source)
        at java.lang.Thread.run(Thread.java:748)
"pool-152-thread-13"  prio=5 tid=824 in Object.wait()
java.lang.Thread.State: WAITING (on object monitor)
        at sun.misc.Unsafe.park(Native Method)
        at java.util.concurrent.locks.LockSupport.park(LockSupport.java:175)
        at java.util.concurrent.locks.AbstractQueuedSynchronizer$ConditionObject.await(AbstractQueuedSynchronizer.java:2039)
        at java.util.concurrent.ArrayBlockingQueue.take(ArrayBlockingQueue.java:403)
        at java.util.concurrent.ThreadPoolExecutor.getTask(ThreadPoolExecutor.java:1074)
        at java.util.concurrent.ThreadPoolExecutor.runWorker(ThreadPoolExecutor.java:1134)
        at java.util.concurrent.ThreadPoolExecutor$Worker.run(ThreadPoolExecutor.java:624)
        at java.lang.Thread.run(Thread.java:748)
"pool-47-thread-42"  prio=5 tid=553 in Object.wait()
java.lang.Thread.State: WAITING (on object monitor)
        at sun.misc.Unsafe.park(Native Method)
        at java.util.concurrent.locks.LockSupport.park(LockSupport.java:175)
        at java.util.concurrent.locks.AbstractQueuedSynchronizer$ConditionObject.await(AbstractQueuedSynchronizer.java:2039)
        at java.util.concurrent.ArrayBlockingQueue.take(ArrayBlockingQueue.java:403)
        at java.util.concurrent.ThreadPoolExecutor.getTask(ThreadPoolExecutor.java:1074)
        at java.util.concurrent.ThreadPoolExecutor.runWorker(ThreadPoolExecutor.java:1134)
        at java.util.concurrent.ThreadPoolExecutor$Worker.run(ThreadPoolExecutor.java:624)
        at java.lang.Thread.run(Thread.java:748)
"org.eclipse.jetty.server.session.HashSessionManager@4e140497Timer" daemon prio=5 tid=228 timed_waiting
java.lang.Thread.State: TIMED_WAITING
        at sun.misc.Unsafe.park(Native Method)
        at java.util.concurrent.locks.LockSupport.parkNanos(LockSupport.java:215)
        at java.util.concurrent.locks.AbstractQueuedSynchronizer$ConditionObject.awaitNanos(AbstractQueuedSynchronizer.java:2078)
        at java.util.concurrent.ScheduledThreadPoolExecutor$DelayedWorkQueue.take(ScheduledThreadPoolExecutor.java:1093)
        at java.util.concurrent.ScheduledThreadPoolExecutor$DelayedWorkQueue.take(ScheduledThreadPoolExecutor.java:809)
        at java.util.concurrent.ThreadPoolExecutor.getTask(ThreadPoolExecutor.java:1074)
        at java.util.concurrent.ThreadPoolExecutor.runWorker(ThreadPoolExecutor.java:1134)
        at java.util.concurrent.ThreadPoolExecutor$Worker.run(ThreadPoolExecutor.java:624)
        at java.lang.Thread.run(Thread.java:748)
"pool-47-thread-36"  prio=5 tid=547 in Object.wait()
java.lang.Thread.State: WAITING (on object monitor)
        at sun.misc.Unsafe.park(Native Method)
        at java.util.concurrent.locks.LockSupport.park(LockSupport.java:175)
        at java.util.concurrent.locks.AbstractQueuedSynchronizer$ConditionObject.await(AbstractQueuedSynchronizer.java:2039)
        at java.util.concurrent.ArrayBlockingQueue.take(ArrayBlockingQueue.java:403)
        at java.util.concurrent.ThreadPoolExecutor.getTask(ThreadPoolExecutor.java:1074)
        at java.util.concurrent.ThreadPoolExecutor.runWorker(ThreadPoolExecutor.java:1134)
        at java.util.concurrent.ThreadPoolExecutor$Worker.run(ThreadPoolExecutor.java:624)
        at java.lang.Thread.run(Thread.java:748)
"pool-26-thread-49"  prio=5 tid=499 in Object.wait()
java.lang.Thread.State: WAITING (on object monitor)
        at sun.misc.Unsafe.park(Native Method)
        at java.util.concurrent.locks.LockSupport.park(LockSupport.java:175)
        at java.util.concurrent.locks.AbstractQueuedSynchronizer$ConditionObject.await(AbstractQueuedSynchronizer.java:2039)
        at java.util.concurrent.ArrayBlockingQueue.take(ArrayBlockingQueue.java:403)
        at java.util.concurrent.ThreadPoolExecutor.getTask(ThreadPoolExecutor.java:1074)
        at java.util.concurrent.ThreadPoolExecutor.runWorker(ThreadPoolExecutor.java:1134)
        at java.util.concurrent.ThreadPoolExecutor$Worker.run(ThreadPoolExecutor.java:624)
        at java.lang.Thread.run(Thread.java:748)
"pool-110-thread-34"  prio=5 tid=725 in Object.wait()
java.lang.Thread.State: WAITING (on object monitor)
        at sun.misc.Unsafe.park(Native Method)
        at java.util.concurrent.locks.LockSupport.park(LockSupport.java:175)
        at java.util.concurrent.locks.AbstractQueuedSynchronizer$ConditionObject.await(AbstractQueuedSynchronizer.java:2039)
        at java.util.concurrent.ArrayBlockingQueue.take(ArrayBlockingQueue.java:403)
        at java.util.concurrent.ThreadPoolExecutor.getTask(ThreadPoolExecutor.java:1074)
        at java.util.concurrent.ThreadPoolExecutor.runWorker(ThreadPoolExecutor.java:1134)
        at java.util.concurrent.ThreadPoolExecutor$Worker.run(ThreadPoolExecutor.java:624)
        at java.lang.Thread.run(Thread.java:748)
"qtp197855654-135" daemon prio=5 tid=135 runnable
java.lang.Thread.State: RUNNABLE
        at sun.nio.ch.EPollArrayWrapper.epollWait(Native Method)
        at sun.nio.ch.EPollArrayWrapper.poll(EPollArrayWrapper.java:269)
        at sun.nio.ch.EPollSelectorImpl.doSelect(EPollSelectorImpl.java:93)
        at sun.nio.ch.SelectorImpl.lockAndDoSelect(SelectorImpl.java:86)
        at sun.nio.ch.SelectorImpl.select(SelectorImpl.java:97)
        at sun.nio.ch.SelectorImpl.select(SelectorImpl.java:101)
        at org.eclipse.jetty.io.ManagedSelector$SelectorProducer.select(ManagedSelector.java:243)
        at org.eclipse.jetty.io.ManagedSelector$SelectorProducer.produce(ManagedSelector.java:191)
        at org.eclipse.jetty.util.thread.strategy.ExecuteProduceConsume.executeProduceConsume(ExecuteProduceConsume.java:249)
        at org.eclipse.jetty.util.thread.strategy.ExecuteProduceConsume.produceConsume(ExecuteProduceConsume.java:148)
        at org.eclipse.jetty.util.thread.strategy.ExecuteProduceConsume.execute(ExecuteProduceConsume.java:100)
        at org.eclipse.jetty.io.ManagedSelector.run(ManagedSelector.java:147)
        at org.eclipse.jetty.util.thread.QueuedThreadPool.runJob(QueuedThreadPool.java:671)
        at org.eclipse.jetty.util.thread.QueuedThreadPool$2.run(QueuedThreadPool.java:589)
        at java.lang.Thread.run(Thread.java:748)
"pool-26-thread-59"  prio=5 tid=509 in Object.wait()
java.lang.Thread.State: WAITING (on object monitor)
        at sun.misc.Unsafe.park(Native Method)
        at java.util.concurrent.locks.LockSupport.park(LockSupport.java:175)
        at java.util.concurrent.locks.AbstractQueuedSynchronizer$ConditionObject.await(AbstractQueuedSynchronizer.java:2039)
        at java.util.concurrent.ArrayBlockingQueue.take(ArrayBlockingQueue.java:403)
        at java.util.concurrent.ThreadPoolExecutor.getTask(ThreadPoolExecutor.java:1074)
        at java.util.concurrent.ThreadPoolExecutor.runWorker(ThreadPoolExecutor.java:1134)
        at java.util.concurrent.ThreadPoolExecutor$Worker.run(ThreadPoolExecutor.java:624)
        at java.lang.Thread.run(Thread.java:748)
"Timer-1" daemon prio=5 tid=148 timed_waiting
java.lang.Thread.State: TIMED_WAITING
        at java.lang.Object.wait(Native Method)
        at java.util.TimerThread.mainLoop(Timer.java:552)
        at java.util.TimerThread.run(Timer.java:505)
"pool-215-thread-5"  prio=5 tid=996 in Object.wait()
java.lang.Thread.State: WAITING (on object monitor)
        at sun.misc.Unsafe.park(Native Method)
        at java.util.concurrent.locks.LockSupport.park(LockSupport.java:175)
        at java.util.concurrent.locks.AbstractQueuedSynchronizer$ConditionObject.await(AbstractQueuedSynchronizer.java:2039)
        at java.util.concurrent.ArrayBlockingQueue.take(ArrayBlockingQueue.java:403)
        at java.util.concurrent.ThreadPoolExecutor.getTask(ThreadPoolExecutor.java:1074)
        at java.util.concurrent.ThreadPoolExecutor.runWorker(ThreadPoolExecutor.java:1134)
        at java.util.concurrent.ThreadPoolExecutor$Worker.run(ThreadPoolExecutor.java:624)
        at java.lang.Thread.run(Thread.java:748)
"pool-47-thread-49"  prio=5 tid=560 in Object.wait()
java.lang.Thread.State: WAITING (on object monitor)
        at sun.misc.Unsafe.park(Native Method)
        at java.util.concurrent.locks.LockSupport.park(LockSupport.java:175)
        at java.util.concurrent.locks.AbstractQueuedSynchronizer$ConditionObject.await(AbstractQueuedSynchronizer.java:2039)
        at java.util.concurrent.ArrayBlockingQueue.take(ArrayBlockingQueue.java:403)
        at java.util.concurrent.ThreadPoolExecutor.getTask(ThreadPoolExecutor.java:1074)
        at java.util.concurrent.ThreadPoolExecutor.runWorker(ThreadPoolExecutor.java:1134)
        at java.util.concurrent.ThreadPoolExecutor$Worker.run(ThreadPoolExecutor.java:624)
        at java.lang.Thread.run(Thread.java:748)
"qtp1866002564-280" daemon prio=5 tid=280 runnable
java.lang.Thread.State: RUNNABLE
        at sun.nio.ch.EPollArrayWrapper.epollWait(Native Method)
        at sun.nio.ch.EPollArrayWrapper.poll(EPollArrayWrapper.java:269)
        at sun.nio.ch.EPollSelectorImpl.doSelect(EPollSelectorImpl.java:93)
        at sun.nio.ch.SelectorImpl.lockAndDoSelect(SelectorImpl.java:86)
        at sun.nio.ch.SelectorImpl.select(SelectorImpl.java:97)
        at sun.nio.ch.SelectorImpl.select(SelectorImpl.java:101)
        at org.eclipse.jetty.io.ManagedSelector$SelectorProducer.select(ManagedSelector.java:243)
        at org.eclipse.jetty.io.ManagedSelector$SelectorProducer.produce(ManagedSelector.java:191)
        at org.eclipse.jetty.util.thread.strategy.ExecuteProduceConsume.executeProduceConsume(ExecuteProduceConsume.java:249)
        at org.eclipse.jetty.util.thread.strategy.ExecuteProduceConsume.produceConsume(ExecuteProduceConsume.java:148)
        at org.eclipse.jetty.util.thread.strategy.ExecuteProduceConsume.execute(ExecuteProduceConsume.java:100)
        at org.eclipse.jetty.io.ManagedSelector.run(ManagedSelector.java:147)
        at org.eclipse.jetty.util.thread.QueuedThreadPool.runJob(QueuedThreadPool.java:671)
        at org.eclipse.jetty.util.thread.QueuedThreadPool$2.run(QueuedThreadPool.java:589)
        at java.lang.Thread.run(Thread.java:748)
"qtp2106129052-404" daemon prio=5 tid=404 timed_waiting
java.lang.Thread.State: TIMED_WAITING
        at sun.misc.Unsafe.park(Native Method)
        at java.util.concurrent.locks.LockSupport.parkNanos(LockSupport.java:215)
        at java.util.concurrent.locks.AbstractQueuedSynchronizer$ConditionObject.awaitNanos(AbstractQueuedSynchronizer.java:2078)
        at org.eclipse.jetty.util.BlockingArrayQueue.poll(BlockingArrayQueue.java:392)
        at org.eclipse.jetty.util.thread.QueuedThreadPool.idleJobPoll(QueuedThreadPool.java:563)
        at org.eclipse.jetty.util.thread.QueuedThreadPool.access$800(QueuedThreadPool.java:48)
        at org.eclipse.jetty.util.thread.QueuedThreadPool$2.run(QueuedThreadPool.java:626)
        at java.lang.Thread.run(Thread.java:748)
"pool-215-thread-56"  prio=5 tid=1047 in Object.wait()
java.lang.Thread.State: WAITING (on object monitor)
        at sun.misc.Unsafe.park(Native Method)
        at java.util.concurrent.locks.LockSupport.park(LockSupport.java:175)
        at java.util.concurrent.locks.AbstractQueuedSynchronizer$ConditionObject.await(AbstractQueuedSynchronizer.java:2039)
        at java.util.concurrent.ArrayBlockingQueue.take(ArrayBlockingQueue.java:403)
        at java.util.concurrent.ThreadPoolExecutor.getTask(ThreadPoolExecutor.java:1074)
        at java.util.concurrent.ThreadPoolExecutor.runWorker(ThreadPoolExecutor.java:1134)
        at java.util.concurrent.ThreadPoolExecutor$Worker.run(ThreadPoolExecutor.java:624)
        at java.lang.Thread.run(Thread.java:748)
"pool-194-thread-2"  prio=5 tid=933 in Object.wait()
java.lang.Thread.State: WAITING (on object monitor)
        at sun.misc.Unsafe.park(Native Method)
        at java.util.concurrent.locks.LockSupport.park(LockSupport.java:175)
        at java.util.concurrent.locks.AbstractQueuedSynchronizer$ConditionObject.await(AbstractQueuedSynchronizer.java:2039)
        at java.util.concurrent.ArrayBlockingQueue.take(ArrayBlockingQueue.java:403)
        at java.util.concurrent.ThreadPoolExecutor.getTask(ThreadPoolExecutor.java:1074)
        at java.util.concurrent.ThreadPoolExecutor.runWorker(ThreadPoolExecutor.java:1134)
        at java.util.concurrent.ThreadPoolExecutor$Worker.run(ThreadPoolExecutor.java:624)
        at java.lang.Thread.run(Thread.java:748)
"Thread-393" daemon prio=5 tid=1206 timed_waiting
java.lang.Thread.State: TIMED_WAITING
        at java.lang.Thread.sleep(Native Method)
        at org.apache.ratis.server.impl.FollowerState.run(FollowerState.java:94)
"nioEventLoopGroup-6-1"  prio=10 tid=231 runnable
java.lang.Thread.State: RUNNABLE
        at sun.nio.ch.EPollArrayWrapper.epollWait(Native Method)
        at sun.nio.ch.EPollArrayWrapper.poll(EPollArrayWrapper.java:269)
        at sun.nio.ch.EPollSelectorImpl.doSelect(EPollSelectorImpl.java:93)
        at sun.nio.ch.SelectorImpl.lockAndDoSelect(SelectorImpl.java:86)
        at sun.nio.ch.SelectorImpl.select(SelectorImpl.java:97)
        at io.netty.channel.nio.SelectedSelectionKeySetSelector.select(SelectedSelectionKeySetSelector.java:62)
        at io.netty.channel.nio.NioEventLoop.select(NioEventLoop.java:753)
        at io.netty.channel.nio.NioEventLoop.run(NioEventLoop.java:408)
        at io.netty.util.concurrent.SingleThreadEventExecutor$5.run(SingleThreadEventExecutor.java:897)
        at io.netty.util.concurrent.FastThreadLocalRunnable.run(FastThreadLocalRunnable.java:30)
        at java.lang.Thread.run(Thread.java:748)
"nioEventLoopGroup-16-1"  prio=10 tid=381 runnable
java.lang.Thread.State: RUNNABLE
        at sun.nio.ch.EPollArrayWrapper.epollWait(Native Method)
        at sun.nio.ch.EPollArrayWrapper.poll(EPollArrayWrapper.java:269)
        at sun.nio.ch.EPollSelectorImpl.doSelect(EPollSelectorImpl.java:93)
        at sun.nio.ch.SelectorImpl.lockAndDoSelect(SelectorImpl.java:86)
        at sun.nio.ch.SelectorImpl.select(SelectorImpl.java:97)
        at io.netty.channel.nio.SelectedSelectionKeySetSelector.select(SelectedSelectionKeySetSelector.java:62)
        at io.netty.channel.nio.NioEventLoop.select(NioEventLoop.java:753)
        at io.netty.channel.nio.NioEventLoop.run(NioEventLoop.java:408)
        at io.netty.util.concurrent.SingleThreadEventExecutor$5.run(SingleThreadEventExecutor.java:897)
        at io.netty.util.concurrent.FastThreadLocalRunnable.run(FastThreadLocalRunnable.java:30)
        at java.lang.Thread.run(Thread.java:748)
"Datanode ReportManager Thread - 0" daemon prio=5 tid=323 in Object.wait()
java.lang.Thread.State: WAITING (on object monitor)
        at sun.misc.Unsafe.park(Native Method)
        at java.util.concurrent.locks.LockSupport.park(LockSupport.java:175)
        at java.util.concurrent.locks.AbstractQueuedSynchronizer$ConditionObject.await(AbstractQueuedSynchronizer.java:2039)
        at java.util.concurrent.ScheduledThreadPoolExecutor$DelayedWorkQueue.take(ScheduledThreadPoolExecutor.java:1088)
        at java.util.concurrent.ScheduledThreadPoolExecutor$DelayedWorkQueue.take(ScheduledThreadPoolExecutor.java:809)
        at java.util.concurrent.ThreadPoolExecutor.getTask(ThreadPoolExecutor.java:1074)
        at java.util.concurrent.ThreadPoolExecutor.runWorker(ThreadPoolExecutor.java:1134)
        at java.util.concurrent.ThreadPoolExecutor$Worker.run(ThreadPoolExecutor.java:624)
        at java.lang.Thread.run(Thread.java:748)
"Datanode ReportManager Thread - 2" daemon prio=5 tid=235 timed_waiting
java.lang.Thread.State: TIMED_WAITING
        at sun.misc.Unsafe.park(Native Method)
        at java.util.concurrent.locks.LockSupport.parkNanos(LockSupport.java:215)
        at java.util.concurrent.locks.AbstractQueuedSynchronizer$ConditionObject.awaitNanos(AbstractQueuedSynchronizer.java:2078)
        at java.util.concurrent.ScheduledThreadPoolExecutor$DelayedWorkQueue.take(ScheduledThreadPoolExecutor.java:1093)
        at java.util.concurrent.ScheduledThreadPoolExecutor$DelayedWorkQueue.take(ScheduledThreadPoolExecutor.java:809)
        at java.util.concurrent.ThreadPoolExecutor.getTask(ThreadPoolExecutor.java:1074)
        at java.util.concurrent.ThreadPoolExecutor.runWorker(ThreadPoolExecutor.java:1134)
        at java.util.concurrent.ThreadPoolExecutor$Worker.run(ThreadPoolExecutor.java:624)
        at java.lang.Thread.run(Thread.java:748)
"IPC Server handler 13 on 46447" daemon prio=5 tid=63 timed_waiting
java.lang.Thread.State: TIMED_WAITING
        at sun.misc.Unsafe.park(Native Method)
        at java.util.concurrent.locks.LockSupport.parkNanos(LockSupport.java:215)
        at java.util.concurrent.locks.AbstractQueuedSynchronizer$ConditionObject.awaitNanos(AbstractQueuedSynchronizer.java:2078)
        at java.util.concurrent.LinkedBlockingQueue.poll(LinkedBlockingQueue.java:467)
        at org.apache.hadoop.ipc.CallQueueManager.take(CallQueueManager.java:288)
        at org.apache.hadoop.ipc.Server$Handler.run(Server.java:2668)
"pool-152-thread-10"  prio=5 tid=821 in Object.wait()
java.lang.Thread.State: WAITING (on object monitor)
        at sun.misc.Unsafe.park(Native Method)
        at java.util.concurrent.locks.LockSupport.park(LockSupport.java:175)
        at java.util.concurrent.locks.AbstractQueuedSynchronizer$ConditionObject.await(AbstractQueuedSynchronizer.java:2039)
        at java.util.concurrent.ArrayBlockingQueue.take(ArrayBlockingQueue.java:403)
        at java.util.concurrent.ThreadPoolExecutor.getTask(ThreadPoolExecutor.java:1074)
        at java.util.concurrent.ThreadPoolExecutor.runWorker(ThreadPoolExecutor.java:1134)
        at java.util.concurrent.ThreadPoolExecutor$Worker.run(ThreadPoolExecutor.java:624)
        at java.lang.Thread.run(Thread.java:748)
"a83b0601-c70d-4140-b27f-c227c6feeccd-RaftLogWorker"  prio=5 tid=1093 timed_waiting
java.lang.Thread.State: TIMED_WAITING
        at sun.misc.Unsafe.park(Native Method)
        at java.util.concurrent.locks.LockSupport.parkNanos(LockSupport.java:215)
        at java.util.concurrent.locks.AbstractQueuedSynchronizer$ConditionObject.awaitNanos(AbstractQueuedSynchronizer.java:2078)
        at org.apache.ratis.util.DataBlockingQueue.poll(DataBlockingQueue.java:137)
        at org.apache.ratis.server.storage.RaftLogWorker.run(RaftLogWorker.java:216)
        at java.lang.Thread.run(Thread.java:748)
"BlockDeletingService#0" daemon prio=5 tid=397 in Object.wait()
java.lang.Thread.State: WAITING (on object monitor)
        at sun.misc.Unsafe.park(Native Method)
        at java.util.concurrent.locks.LockSupport.park(LockSupport.java:175)
        at java.util.concurrent.locks.AbstractQueuedSynchronizer$ConditionObject.await(AbstractQueuedSynchronizer.java:2039)
        at java.util.concurrent.ScheduledThreadPoolExecutor$DelayedWorkQueue.take(ScheduledThreadPoolExecutor.java:1088)
        at java.util.concurrent.ScheduledThreadPoolExecutor$DelayedWorkQueue.take(ScheduledThreadPoolExecutor.java:809)
        at java.util.concurrent.ThreadPoolExecutor.getTask(ThreadPoolExecutor.java:1074)
        at java.util.concurrent.ThreadPoolExecutor.runWorker(ThreadPoolExecutor.java:1134)
        at java.util.concurrent.ThreadPoolExecutor$Worker.run(ThreadPoolExecutor.java:624)
        at java.lang.Thread.run(Thread.java:748)
"qtp628402659-196" daemon prio=5 tid=196 timed_waiting
java.lang.Thread.State: TIMED_WAITING
        at sun.misc.Unsafe.park(Native Method)
        at java.util.concurrent.locks.LockSupport.parkNanos(LockSupport.java:215)
        at java.util.concurrent.locks.AbstractQueuedSynchronizer$ConditionObject.awaitNanos(AbstractQueuedSynchronizer.java:2078)
        at org.eclipse.jetty.util.BlockingArrayQueue.poll(BlockingArrayQueue.java:392)
        at org.eclipse.jetty.util.thread.QueuedThreadPool.idleJobPoll(QueuedThreadPool.java:563)
        at org.eclipse.jetty.util.thread.QueuedThreadPool.access$800(QueuedThreadPool.java:48)
        at org.eclipse.jetty.util.thread.QueuedThreadPool$2.run(QueuedThreadPool.java:626)
        at java.lang.Thread.run(Thread.java:748)
"IPC Server handler 2 on 33423" daemon prio=5 tid=32 timed_waiting
java.lang.Thread.State: TIMED_WAITING
        at sun.misc.Unsafe.park(Native Method)
        at java.util.concurrent.locks.LockSupport.parkNanos(LockSupport.java:215)
        at java.util.concurrent.locks.AbstractQueuedSynchronizer$ConditionObject.awaitNanos(AbstractQueuedSynchronizer.java:2078)
        at java.util.concurrent.LinkedBlockingQueue.poll(LinkedBlockingQueue.java:467)
        at org.apache.hadoop.ipc.CallQueueManager.take(CallQueueManager.java:288)
        at org.apache.hadoop.ipc.Server$Handler.run(Server.java:2668)
"pool-110-thread-57"  prio=5 tid=748 in Object.wait()
java.lang.Thread.State: WAITING (on object monitor)
        at sun.misc.Unsafe.park(Native Method)
        at java.util.concurrent.locks.LockSupport.park(LockSupport.java:175)
        at java.util.concurrent.locks.AbstractQueuedSynchronizer$ConditionObject.await(AbstractQueuedSynchronizer.java:2039)
        at java.util.concurrent.ArrayBlockingQueue.take(ArrayBlockingQueue.java:403)
        at java.util.concurrent.ThreadPoolExecutor.getTask(ThreadPoolExecutor.java:1074)
        at java.util.concurrent.ThreadPoolExecutor.runWorker(ThreadPoolExecutor.java:1134)
        at java.util.concurrent.ThreadPoolExecutor$Worker.run(ThreadPoolExecutor.java:624)
        at java.lang.Thread.run(Thread.java:748)
"pool-68-thread-50"  prio=5 tid=621 in Object.wait()
java.lang.Thread.State: WAITING (on object monitor)
        at sun.misc.Unsafe.park(Native Method)
        at java.util.concurrent.locks.LockSupport.park(LockSupport.java:175)
        at java.util.concurrent.locks.AbstractQueuedSynchronizer$ConditionObject.await(AbstractQueuedSynchronizer.java:2039)
        at java.util.concurrent.ArrayBlockingQueue.take(ArrayBlockingQueue.java:403)
        at java.util.concurrent.ThreadPoolExecutor.getTask(ThreadPoolExecutor.java:1074)
        at java.util.concurrent.ThreadPoolExecutor.runWorker(ThreadPoolExecutor.java:1134)
        at java.util.concurrent.ThreadPoolExecutor$Worker.run(ThreadPoolExecutor.java:624)
        at java.lang.Thread.run(Thread.java:748)
"refreshUsed-/opt/src/hadoop-ozone/integration-test/target/test-dir/MiniOzoneClusterImpl-add696fe-84ac-4b45-a2ee-012b057e1087/datanode-1/data/containers" daemon prio=5 tid=183 timed_waiting
java.lang.Thread.State: TIMED_WAITING
        at java.lang.Thread.sleep(Native Method)
        at org.apache.hadoop.fs.CachingGetSpaceUsed$RefreshThread.run(CachingGetSpaceUsed.java:179)
        at java.lang.Thread.run(Thread.java:748)
"pool-89-thread-3"  prio=5 tid=634 in Object.wait()
java.lang.Thread.State: WAITING (on object monitor)
        at sun.misc.Unsafe.park(Native Method)
        at java.util.concurrent.locks.LockSupport.park(LockSupport.java:175)
        at java.util.concurrent.locks.AbstractQueuedSynchronizer$ConditionObject.await(AbstractQueuedSynchronizer.java:2039)
        at java.util.concurrent.ArrayBlockingQueue.take(ArrayBlockingQueue.java:403)
        at java.util.concurrent.ThreadPoolExecutor.getTask(ThreadPoolExecutor.java:1074)
        at java.util.concurrent.ThreadPoolExecutor.runWorker(ThreadPoolExecutor.java:1134)
        at java.util.concurrent.ThreadPoolExecutor$Worker.run(ThreadPoolExecutor.java:624)
        at java.lang.Thread.run(Thread.java:748)
"pool-110-thread-33"  prio=5 tid=724 in Object.wait()
java.lang.Thread.State: WAITING (on object monitor)
        at sun.misc.Unsafe.park(Native Method)
        at java.util.concurrent.locks.LockSupport.park(LockSupport.java:175)
        at java.util.concurrent.locks.AbstractQueuedSynchronizer$ConditionObject.await(AbstractQueuedSynchronizer.java:2039)
        at java.util.concurrent.ArrayBlockingQueue.take(ArrayBlockingQueue.java:403)
        at java.util.concurrent.ThreadPoolExecutor.getTask(ThreadPoolExecutor.java:1074)
        at java.util.concurrent.ThreadPoolExecutor.runWorker(ThreadPoolExecutor.java:1134)
        at java.util.concurrent.ThreadPoolExecutor$Worker.run(ThreadPoolExecutor.java:624)
        at java.lang.Thread.run(Thread.java:748)
"EventQueue-SafemodestatusForSafeModeHandler" daemon prio=5 tid=1058 in Object.wait()
java.lang.Thread.State: WAITING (on object monitor)
        at sun.misc.Unsafe.park(Native Method)
        at java.util.concurrent.locks.LockSupport.park(LockSupport.java:175)
        at java.util.concurrent.locks.AbstractQueuedSynchronizer$ConditionObject.await(AbstractQueuedSynchronizer.java:2039)
        at java.util.concurrent.LinkedBlockingQueue.take(LinkedBlockingQueue.java:442)
        at java.util.concurrent.ThreadPoolExecutor.getTask(ThreadPoolExecutor.java:1074)
        at java.util.concurrent.ThreadPoolExecutor.runWorker(ThreadPoolExecutor.java:1134)
        at java.util.concurrent.ThreadPoolExecutor$Worker.run(ThreadPoolExecutor.java:624)
        at java.lang.Thread.run(Thread.java:748)
"pool-173-thread-13"  prio=5 tid=884 in Object.wait()
java.lang.Thread.State: WAITING (on object monitor)
        at sun.misc.Unsafe.park(Native Method)
        at java.util.concurrent.locks.LockSupport.park(LockSupport.java:175)
        at java.util.concurrent.locks.AbstractQueuedSynchronizer$ConditionObject.await(AbstractQueuedSynchronizer.java:2039)
        at java.util.concurrent.ArrayBlockingQueue.take(ArrayBlockingQueue.java:403)
        at java.util.concurrent.ThreadPoolExecutor.getTask(ThreadPoolExecutor.java:1074)
        at java.util.concurrent.ThreadPoolExecutor.runWorker(ThreadPoolExecutor.java:1134)
        at java.util.concurrent.ThreadPoolExecutor$Worker.run(ThreadPoolExecutor.java:624)
        at java.lang.Thread.run(Thread.java:748)
"Command processor thread" daemon prio=5 tid=209 timed_waiting
java.lang.Thread.State: TIMED_WAITING
        at java.lang.Thread.sleep(Native Method)
        at org.apache.hadoop.ozone.container.common.statemachine.DatanodeStateMachine.lambda$initCommandHandlerThread$1(DatanodeStateMachine.java:439)
        at org.apache.hadoop.ozone.container.common.statemachine.DatanodeStateMachine$$Lambda$140/804134309.run(Unknown Source)
        at java.lang.Thread.run(Thread.java:748)
"pool-131-thread-5"  prio=5 tid=756 in Object.wait()
java.lang.Thread.State: WAITING (on object monitor)
        at sun.misc.Unsafe.park(Native Method)
        at java.util.concurrent.locks.LockSupport.park(LockSupport.java:175)
        at java.util.concurrent.locks.AbstractQueuedSynchronizer$ConditionObject.await(AbstractQueuedSynchronizer.java:2039)
        at java.util.concurrent.ArrayBlockingQueue.take(ArrayBlockingQueue.java:403)
        at java.util.concurrent.ThreadPoolExecutor.getTask(ThreadPoolExecutor.java:1074)
        at java.util.concurrent.ThreadPoolExecutor.runWorker(ThreadPoolExecutor.java:1134)
        at java.util.concurrent.ThreadPoolExecutor$Worker.run(ThreadPoolExecutor.java:624)
        at java.lang.Thread.run(Thread.java:748)
"qtp1081635795-166" daemon prio=5 tid=166 timed_waiting
java.lang.Thread.State: TIMED_WAITING
        at sun.misc.Unsafe.park(Native Method)
        at java.util.concurrent.locks.LockSupport.parkNanos(LockSupport.java:215)
        at java.util.concurrent.locks.AbstractQueuedSynchronizer$ConditionObject.awaitNanos(AbstractQueuedSynchronizer.java:2078)
        at org.eclipse.jetty.util.BlockingArrayQueue.poll(BlockingArrayQueue.java:392)
        at org.eclipse.jetty.util.thread.QueuedThreadPool.idleJobPoll(QueuedThreadPool.java:563)
        at org.eclipse.jetty.util.thread.QueuedThreadPool.access$800(QueuedThreadPool.java:48)
        at org.eclipse.jetty.util.thread.QueuedThreadPool$2.run(QueuedThreadPool.java:626)
        at java.lang.Thread.run(Thread.java:748)
"CommandWatcher-LeaseManager#LeaseMonitor" daemon prio=5 tid=29 timed_waiting
java.lang.Thread.State: TIMED_WAITING
        at java.lang.Thread.sleep(Native Method)
        at org.apache.hadoop.ozone.lease.LeaseManager$LeaseMonitor.run(LeaseManager.java:234)
        at java.lang.Thread.run(Thread.java:748)
"pool-215-thread-31"  prio=5 tid=1022 in Object.wait()
java.lang.Thread.State: WAITING (on object monitor)
        at sun.misc.Unsafe.park(Native Method)
        at java.util.concurrent.locks.LockSupport.park(LockSupport.java:175)
        at java.util.concurrent.locks.AbstractQueuedSynchronizer$ConditionObject.await(AbstractQueuedSynchronizer.java:2039)
        at java.util.concurrent.ArrayBlockingQueue.take(ArrayBlockingQueue.java:403)
        at java.util.concurrent.ThreadPoolExecutor.getTask(ThreadPoolExecutor.java:1074)
        at java.util.concurrent.ThreadPoolExecutor.runWorker(ThreadPoolExecutor.java:1134)
        at java.util.concurrent.ThreadPoolExecutor$Worker.run(ThreadPoolExecutor.java:624)
        at java.lang.Thread.run(Thread.java:748)
"java.util.concurrent.ThreadPoolExecutor$Worker@6e5da490[State = -1, empty queue]" daemon prio=5 tid=1186 timed_waiting
java.lang.Thread.State: TIMED_WAITING
        at sun.misc.Unsafe.park(Native Method)
        at java.util.concurrent.locks.LockSupport.parkNanos(LockSupport.java:215)
        at java.util.concurrent.locks.AbstractQueuedSynchronizer$ConditionObject.awaitNanos(AbstractQueuedSynchronizer.java:2078)
        at java.util.concurrent.ScheduledThreadPoolExecutor$DelayedWorkQueue.take(ScheduledThreadPoolExecutor.java:1093)
        at java.util.concurrent.ScheduledThreadPoolExecutor$DelayedWorkQueue.take(ScheduledThreadPoolExecutor.java:809)
        at java.util.concurrent.ThreadPoolExecutor.getTask(ThreadPoolExecutor.java:1074)
        at java.util.concurrent.ThreadPoolExecutor.runWorker(ThreadPoolExecutor.java:1134)
        at java.util.concurrent.ThreadPoolExecutor$Worker.run(ThreadPoolExecutor.java:624)
        at java.lang.Thread.run(Thread.java:748)
"pool-194-thread-14"  prio=5 tid=945 in Object.wait()
java.lang.Thread.State: WAITING (on object monitor)
        at sun.misc.Unsafe.park(Native Method)
        at java.util.concurrent.locks.LockSupport.park(LockSupport.java:175)
        at java.util.concurrent.locks.AbstractQueuedSynchronizer$ConditionObject.await(AbstractQueuedSynchronizer.java:2039)
        at java.util.concurrent.ArrayBlockingQueue.take(ArrayBlockingQueue.java:403)
        at java.util.concurrent.ThreadPoolExecutor.getTask(ThreadPoolExecutor.java:1074)
        at java.util.concurrent.ThreadPoolExecutor.runWorker(ThreadPoolExecutor.java:1134)
        at java.util.concurrent.ThreadPoolExecutor$Worker.run(ThreadPoolExecutor.java:624)
        at java.lang.Thread.run(Thread.java:748)
"pool-194-thread-9"  prio=5 tid=940 in Object.wait()
java.lang.Thread.State: WAITING (on object monitor)
        at sun.misc.Unsafe.park(Native Method)
        at java.util.concurrent.locks.LockSupport.park(LockSupport.java:175)
        at java.util.concurrent.locks.AbstractQueuedSynchronizer$ConditionObject.await(AbstractQueuedSynchronizer.java:2039)
        at java.util.concurrent.ArrayBlockingQueue.take(ArrayBlockingQueue.java:403)
        at java.util.concurrent.ThreadPoolExecutor.getTask(ThreadPoolExecutor.java:1074)
        at java.util.concurrent.ThreadPoolExecutor.runWorker(ThreadPoolExecutor.java:1134)
        at java.util.concurrent.ThreadPoolExecutor$Worker.run(ThreadPoolExecutor.java:624)
        at java.lang.Thread.run(Thread.java:748)
"pool-194-thread-7"  prio=5 tid=938 in Object.wait()
java.lang.Thread.State: WAITING (on object monitor)
        at sun.misc.Unsafe.park(Native Method)
        at java.util.concurrent.locks.LockSupport.park(LockSupport.java:175)
        at java.util.concurrent.locks.AbstractQueuedSynchronizer$ConditionObject.await(AbstractQueuedSynchronizer.java:2039)
        at java.util.concurrent.ArrayBlockingQueue.take(ArrayBlockingQueue.java:403)
        at java.util.concurrent.ThreadPoolExecutor.getTask(ThreadPoolExecutor.java:1074)
        at java.util.concurrent.ThreadPoolExecutor.runWorker(ThreadPoolExecutor.java:1134)
        at java.util.concurrent.ThreadPoolExecutor$Worker.run(ThreadPoolExecutor.java:624)
        at java.lang.Thread.run(Thread.java:748)
"pool-26-thread-4"  prio=5 tid=454 in Object.wait()
java.lang.Thread.State: WAITING (on object monitor)
        at sun.misc.Unsafe.park(Native Method)
        at java.util.concurrent.locks.LockSupport.park(LockSupport.java:175)
        at java.util.concurrent.locks.AbstractQueuedSynchronizer$ConditionObject.await(AbstractQueuedSynchronizer.java:2039)
        at java.util.concurrent.ArrayBlockingQueue.take(ArrayBlockingQueue.java:403)
        at java.util.concurrent.ThreadPoolExecutor.getTask(ThreadPoolExecutor.java:1074)
        at java.util.concurrent.ThreadPoolExecutor.runWorker(ThreadPoolExecutor.java:1134)
        at java.util.concurrent.ThreadPoolExecutor$Worker.run(ThreadPoolExecutor.java:624)
        at java.lang.Thread.run(Thread.java:748)
"IPC Server handler 5 on 38877" daemon prio=5 tid=119 timed_waiting
java.lang.Thread.State: TIMED_WAITING
        at sun.misc.Unsafe.park(Native Method)
        at java.util.concurrent.locks.LockSupport.parkNanos(LockSupport.java:215)
        at java.util.concurrent.locks.AbstractQueuedSynchronizer$ConditionObject.awaitNanos(AbstractQueuedSynchronizer.java:2078)
        at java.util.concurrent.LinkedBlockingQueue.poll(LinkedBlockingQueue.java:467)
        at org.apache.hadoop.ipc.CallQueueManager.take(CallQueueManager.java:288)
        at org.apache.hadoop.ipc.Server$Handler.run(Server.java:2668)
"IPC Server handler 11 on 33423" daemon prio=5 tid=41 timed_waiting
java.lang.Thread.State: TIMED_WAITING
        at sun.misc.Unsafe.park(Native Method)
        at java.util.concurrent.locks.LockSupport.parkNanos(LockSupport.java:215)
        at java.util.concurrent.locks.AbstractQueuedSynchronizer$ConditionObject.awaitNanos(AbstractQueuedSynchronizer.java:2078)
        at java.util.concurrent.LinkedBlockingQueue.poll(LinkedBlockingQueue.java:467)
        at org.apache.hadoop.ipc.CallQueueManager.take(CallQueueManager.java:288)
        at org.apache.hadoop.ipc.Server$Handler.run(Server.java:2668)
"pool-173-thread-46"  prio=5 tid=917 in Object.wait()
java.lang.Thread.State: WAITING (on object monitor)
        at sun.misc.Unsafe.park(Native Method)
        at java.util.concurrent.locks.LockSupport.park(LockSupport.java:175)
        at java.util.concurrent.locks.AbstractQueuedSynchronizer$ConditionObject.await(AbstractQueuedSynchronizer.java:2039)
        at java.util.concurrent.ArrayBlockingQueue.take(ArrayBlockingQueue.java:403)
        at java.util.concurrent.ThreadPoolExecutor.getTask(ThreadPoolExecutor.java:1074)
        at java.util.concurrent.ThreadPoolExecutor.runWorker(ThreadPoolExecutor.java:1134)
        at java.util.concurrent.ThreadPoolExecutor$Worker.run(ThreadPoolExecutor.java:624)
        at java.lang.Thread.run(Thread.java:748)
"pool-194-thread-60"  prio=5 tid=991 in Object.wait()
java.lang.Thread.State: WAITING (on object monitor)
        at sun.misc.Unsafe.park(Native Method)
        at java.util.concurrent.locks.LockSupport.park(LockSupport.java:175)
        at java.util.concurrent.locks.AbstractQueuedSynchronizer$ConditionObject.await(AbstractQueuedSynchronizer.java:2039)
        at java.util.concurrent.ArrayBlockingQueue.take(ArrayBlockingQueue.java:403)
        at java.util.concurrent.ThreadPoolExecutor.getTask(ThreadPoolExecutor.java:1074)
        at java.util.concurrent.ThreadPoolExecutor.runWorker(ThreadPoolExecutor.java:1134)
        at java.util.concurrent.ThreadPoolExecutor$Worker.run(ThreadPoolExecutor.java:624)
        at java.lang.Thread.run(Thread.java:748)
"Datanode ReportManager Thread - 0" daemon prio=5 tid=293 timed_waiting
java.lang.Thread.State: TIMED_WAITING
        at sun.misc.Unsafe.park(Native Method)
        at java.util.concurrent.locks.LockSupport.parkNanos(LockSupport.java:215)
        at java.util.concurrent.locks.AbstractQueuedSynchronizer$ConditionObject.awaitNanos(AbstractQueuedSynchronizer.java:2078)
        at java.util.concurrent.ScheduledThreadPoolExecutor$DelayedWorkQueue.take(ScheduledThreadPoolExecutor.java:1093)
        at java.util.concurrent.ScheduledThreadPoolExecutor$DelayedWorkQueue.take(ScheduledThreadPoolExecutor.java:809)
        at java.util.concurrent.ThreadPoolExecutor.getTask(ThreadPoolExecutor.java:1074)
        at java.util.concurrent.ThreadPoolExecutor.runWorker(ThreadPoolExecutor.java:1134)
        at java.util.concurrent.ThreadPoolExecutor$Worker.run(ThreadPoolExecutor.java:624)
        at java.lang.Thread.run(Thread.java:748)
"pool-152-thread-4"  prio=5 tid=815 in Object.wait()
java.lang.Thread.State: WAITING (on object monitor)
        at sun.misc.Unsafe.park(Native Method)
        at java.util.concurrent.locks.LockSupport.park(LockSupport.java:175)
        at java.util.concurrent.locks.AbstractQueuedSynchronizer$ConditionObject.await(AbstractQueuedSynchronizer.java:2039)
        at java.util.concurrent.ArrayBlockingQueue.take(ArrayBlockingQueue.java:403)
        at java.util.concurrent.ThreadPoolExecutor.getTask(ThreadPoolExecutor.java:1074)
        at java.util.concurrent.ThreadPoolExecutor.runWorker(ThreadPoolExecutor.java:1134)
        at java.util.concurrent.ThreadPoolExecutor$Worker.run(ThreadPoolExecutor.java:624)
        at java.lang.Thread.run(Thread.java:748)
"pool-194-thread-36"  prio=5 tid=967 in Object.wait()
java.lang.Thread.State: WAITING (on object monitor)
        at sun.misc.Unsafe.park(Native Method)
        at java.util.concurrent.locks.LockSupport.park(LockSupport.java:175)
        at java.util.concurrent.locks.AbstractQueuedSynchronizer$ConditionObject.await(AbstractQueuedSynchronizer.java:2039)
        at java.util.concurrent.ArrayBlockingQueue.take(ArrayBlockingQueue.java:403)
        at java.util.concurrent.ThreadPoolExecutor.getTask(ThreadPoolExecutor.java:1074)
        at java.util.concurrent.ThreadPoolExecutor.runWorker(ThreadPoolExecutor.java:1134)
        at java.util.concurrent.ThreadPoolExecutor$Worker.run(ThreadPoolExecutor.java:624)
        at java.lang.Thread.run(Thread.java:748)
"BlockDeletingService#2" daemon prio=5 tid=1864 in Object.wait()
java.lang.Thread.State: WAITING (on object monitor)
        at sun.misc.Unsafe.park(Native Method)
        at java.util.concurrent.locks.LockSupport.park(LockSupport.java:175)
        at java.util.concurrent.locks.AbstractQueuedSynchronizer$ConditionObject.await(AbstractQueuedSynchronizer.java:2039)
        at java.util.concurrent.ScheduledThreadPoolExecutor$DelayedWorkQueue.take(ScheduledThreadPoolExecutor.java:1088)
        at java.util.concurrent.ScheduledThreadPoolExecutor$DelayedWorkQueue.take(ScheduledThreadPoolExecutor.java:809)
        at java.util.concurrent.ThreadPoolExecutor.getTask(ThreadPoolExecutor.java:1074)
        at java.util.concurrent.ThreadPoolExecutor.runWorker(ThreadPoolExecutor.java:1134)
        at java.util.concurrent.ThreadPoolExecutor$Worker.run(ThreadPoolExecutor.java:624)
        at java.lang.Thread.run(Thread.java:748)
"IPC Server handler 15 on 46447" daemon prio=5 tid=65 timed_waiting
java.lang.Thread.State: TIMED_WAITING
        at sun.misc.Unsafe.park(Native Method)
        at java.util.concurrent.locks.LockSupport.parkNanos(LockSupport.java:215)
        at java.util.concurrent.locks.AbstractQueuedSynchronizer$ConditionObject.awaitNanos(AbstractQueuedSynchronizer.java:2078)
        at java.util.concurrent.LinkedBlockingQueue.poll(LinkedBlockingQueue.java:467)
        at org.apache.hadoop.ipc.CallQueueManager.take(CallQueueManager.java:288)
        at org.apache.hadoop.ipc.Server$Handler.run(Server.java:2668)
"IPC Server handler 1 on 46447" daemon prio=5 tid=51 timed_waiting
java.lang.Thread.State: TIMED_WAITING
        at sun.misc.Unsafe.park(Native Method)
        at java.util.concurrent.locks.LockSupport.parkNanos(LockSupport.java:215)
        at java.util.concurrent.locks.AbstractQueuedSynchronizer$ConditionObject.awaitNanos(AbstractQueuedSynchronizer.java:2078)
        at java.util.concurrent.LinkedBlockingQueue.poll(LinkedBlockingQueue.java:467)
        at org.apache.hadoop.ipc.CallQueueManager.take(CallQueueManager.java:288)
        at org.apache.hadoop.ipc.Server$Handler.run(Server.java:2668)
"pool-163-thread-1"  prio=5 tid=1106 in Object.wait()
java.lang.Thread.State: WAITING (on object monitor)
        at sun.misc.Unsafe.park(Native Method)
        at java.util.concurrent.locks.LockSupport.park(LockSupport.java:175)
        at java.util.concurrent.locks.AbstractQueuedSynchronizer$ConditionObject.await(AbstractQueuedSynchronizer.java:2039)
        at java.util.concurrent.LinkedBlockingQueue.take(LinkedBlockingQueue.java:442)
        at java.util.concurrent.ThreadPoolExecutor.getTask(ThreadPoolExecutor.java:1074)
        at java.util.concurrent.ThreadPoolExecutor.runWorker(ThreadPoolExecutor.java:1134)
        at java.util.concurrent.ThreadPoolExecutor$Worker.run(ThreadPoolExecutor.java:624)
        at java.lang.Thread.run(Thread.java:748)
"bcfd8b62-ac69-42ca-b586-3bf2b9944505-RaftLogWorker"  prio=5 tid=1076 timed_waiting
java.lang.Thread.State: TIMED_WAITING
        at sun.misc.Unsafe.park(Native Method)
        at java.util.concurrent.locks.LockSupport.parkNanos(LockSupport.java:215)
        at java.util.concurrent.locks.AbstractQueuedSynchronizer$ConditionObject.awaitNanos(AbstractQueuedSynchronizer.java:2078)
        at org.apache.ratis.util.DataBlockingQueue.poll(DataBlockingQueue.java:137)
        at org.apache.ratis.server.storage.RaftLogWorker.run(RaftLogWorker.java:216)
        at java.lang.Thread.run(Thread.java:748)
"pool-68-thread-20"  prio=5 tid=591 in Object.wait()
java.lang.Thread.State: WAITING (on object monitor)
        at sun.misc.Unsafe.park(Native Method)
        at java.util.concurrent.locks.LockSupport.park(LockSupport.java:175)
        at java.util.concurrent.locks.AbstractQueuedSynchronizer$ConditionObject.await(AbstractQueuedSynchronizer.java:2039)
        at java.util.concurrent.ArrayBlockingQueue.take(ArrayBlockingQueue.java:403)
        at java.util.concurrent.ThreadPoolExecutor.getTask(ThreadPoolExecutor.java:1074)
        at java.util.concurrent.ThreadPoolExecutor.runWorker(ThreadPoolExecutor.java:1134)
        at java.util.concurrent.ThreadPoolExecutor$Worker.run(ThreadPoolExecutor.java:624)
        at java.lang.Thread.run(Thread.java:748)
"pool-173-thread-3"  prio=5 tid=874 in Object.wait()
java.lang.Thread.State: WAITING (on object monitor)
        at sun.misc.Unsafe.park(Native Method)
        at java.util.concurrent.locks.LockSupport.park(LockSupport.java:175)
        at java.util.concurrent.locks.AbstractQueuedSynchronizer$ConditionObject.await(AbstractQueuedSynchronizer.java:2039)
        at java.util.concurrent.ArrayBlockingQueue.take(ArrayBlockingQueue.java:403)
        at java.util.concurrent.ThreadPoolExecutor.getTask(ThreadPoolExecutor.java:1074)
        at java.util.concurrent.ThreadPoolExecutor.runWorker(ThreadPoolExecutor.java:1134)
        at java.util.concurrent.ThreadPoolExecutor$Worker.run(ThreadPoolExecutor.java:624)
        at java.lang.Thread.run(Thread.java:748)
"qtp838812606-92" daemon prio=5 tid=92 timed_waiting
java.lang.Thread.State: TIMED_WAITING
        at sun.misc.Unsafe.park(Native Method)
        at java.util.concurrent.locks.LockSupport.parkNanos(LockSupport.java:215)
        at java.util.concurrent.locks.AbstractQueuedSynchronizer$ConditionObject.awaitNanos(AbstractQueuedSynchronizer.java:2078)
        at org.eclipse.jetty.util.BlockingArrayQueue.poll(BlockingArrayQueue.java:392)
        at org.eclipse.jetty.util.thread.QueuedThreadPool.idleJobPoll(QueuedThreadPool.java:563)
        at org.eclipse.jetty.util.thread.QueuedThreadPool.access$800(QueuedThreadPool.java:48)
        at org.eclipse.jetty.util.thread.QueuedThreadPool$2.run(QueuedThreadPool.java:626)
        at java.lang.Thread.run(Thread.java:748)
"pool-89-thread-5"  prio=5 tid=636 in Object.wait()
java.lang.Thread.State: WAITING (on object monitor)
        at sun.misc.Unsafe.park(Native Method)
        at java.util.concurrent.locks.LockSupport.park(LockSupport.java:175)
        at java.util.concurrent.locks.AbstractQueuedSynchronizer$ConditionObject.await(AbstractQueuedSynchronizer.java:2039)
        at java.util.concurrent.ArrayBlockingQueue.take(ArrayBlockingQueue.java:403)
        at java.util.concurrent.ThreadPoolExecutor.getTask(ThreadPoolExecutor.java:1074)
        at java.util.concurrent.ThreadPoolExecutor.runWorker(ThreadPoolExecutor.java:1134)
        at java.util.concurrent.ThreadPoolExecutor$Worker.run(ThreadPoolExecutor.java:624)
        at java.lang.Thread.run(Thread.java:748)
"qtp391333725-374" daemon prio=5 tid=374 timed_waiting
java.lang.Thread.State: TIMED_WAITING
        at sun.misc.Unsafe.park(Native Method)
        at java.util.concurrent.locks.LockSupport.parkNanos(LockSupport.java:215)
        at java.util.concurrent.locks.AbstractQueuedSynchronizer$ConditionObject.awaitNanos(AbstractQueuedSynchronizer.java:2078)
        at org.eclipse.jetty.util.BlockingArrayQueue.poll(BlockingArrayQueue.java:392)
        at org.eclipse.jetty.util.thread.QueuedThreadPool.idleJobPoll(QueuedThreadPool.java:563)
        at org.eclipse.jetty.util.thread.QueuedThreadPool.access$800(QueuedThreadPool.java:48)
        at org.eclipse.jetty.util.thread.QueuedThreadPool$2.run(QueuedThreadPool.java:626)
        at java.lang.Thread.run(Thread.java:748)
"pool-68-thread-29"  prio=5 tid=600 in Object.wait()
java.lang.Thread.State: WAITING (on object monitor)
        at sun.misc.Unsafe.park(Native Method)
        at java.util.concurrent.locks.LockSupport.park(LockSupport.java:175)
        at java.util.concurrent.locks.AbstractQueuedSynchronizer$ConditionObject.await(AbstractQueuedSynchronizer.java:2039)
        at java.util.concurrent.ArrayBlockingQueue.take(ArrayBlockingQueue.java:403)
        at java.util.concurrent.ThreadPoolExecutor.getTask(ThreadPoolExecutor.java:1074)
        at java.util.concurrent.ThreadPoolExecutor.runWorker(ThreadPoolExecutor.java:1134)
        at java.util.concurrent.ThreadPoolExecutor$Worker.run(ThreadPoolExecutor.java:624)
        at java.lang.Thread.run(Thread.java:748)
"pool-89-thread-56"  prio=5 tid=687 in Object.wait()
java.lang.Thread.State: WAITING (on object monitor)
        at sun.misc.Unsafe.park(Native Method)
        at java.util.concurrent.locks.LockSupport.park(LockSupport.java:175)
        at java.util.concurrent.locks.AbstractQueuedSynchronizer$ConditionObject.await(AbstractQueuedSynchronizer.java:2039)
        at java.util.concurrent.ArrayBlockingQueue.take(ArrayBlockingQueue.java:403)
        at java.util.concurrent.ThreadPoolExecutor.getTask(ThreadPoolExecutor.java:1074)
        at java.util.concurrent.ThreadPoolExecutor.runWorker(ThreadPoolExecutor.java:1134)
        at java.util.concurrent.ThreadPoolExecutor$Worker.run(ThreadPoolExecutor.java:624)
        at java.lang.Thread.run(Thread.java:748)
"pool-152-thread-42"  prio=5 tid=853 in Object.wait()
java.lang.Thread.State: WAITING (on object monitor)
        at sun.misc.Unsafe.park(Native Method)
        at java.util.concurrent.locks.LockSupport.park(LockSupport.java:175)
        at java.util.concurrent.locks.AbstractQueuedSynchronizer$ConditionObject.await(AbstractQueuedSynchronizer.java:2039)
        at java.util.concurrent.ArrayBlockingQueue.take(ArrayBlockingQueue.java:403)
        at java.util.concurrent.ThreadPoolExecutor.getTask(ThreadPoolExecutor.java:1074)
        at java.util.concurrent.ThreadPoolExecutor.runWorker(ThreadPoolExecutor.java:1134)
        at java.util.concurrent.ThreadPoolExecutor$Worker.run(ThreadPoolExecutor.java:624)
        at java.lang.Thread.run(Thread.java:748)
"pool-215-thread-2"  prio=5 tid=993 in Object.wait()
java.lang.Thread.State: WAITING (on object monitor)
        at sun.misc.Unsafe.park(Native Method)
        at java.util.concurrent.locks.LockSupport.park(LockSupport.java:175)
        at java.util.concurrent.locks.AbstractQueuedSynchronizer$ConditionObject.await(AbstractQueuedSynchronizer.java:2039)
        at java.util.concurrent.ArrayBlockingQueue.take(ArrayBlockingQueue.java:403)
        at java.util.concurrent.ThreadPoolExecutor.getTask(ThreadPoolExecutor.java:1074)
        at java.util.concurrent.ThreadPoolExecutor.runWorker(ThreadPoolExecutor.java:1134)
        at java.util.concurrent.ThreadPoolExecutor$Worker.run(ThreadPoolExecutor.java:624)
        at java.lang.Thread.run(Thread.java:748)
"pool-173-thread-14"  prio=5 tid=885 in Object.wait()
java.lang.Thread.State: WAITING (on object monitor)
        at sun.misc.Unsafe.park(Native Method)
        at java.util.concurrent.locks.LockSupport.park(LockSupport.java:175)
        at java.util.concurrent.locks.AbstractQueuedSynchronizer$ConditionObject.await(AbstractQueuedSynchronizer.java:2039)
        at java.util.concurrent.ArrayBlockingQueue.take(ArrayBlockingQueue.java:403)
        at java.util.concurrent.ThreadPoolExecutor.getTask(ThreadPoolExecutor.java:1074)
        at java.util.concurrent.ThreadPoolExecutor.runWorker(ThreadPoolExecutor.java:1134)
        at java.util.concurrent.ThreadPoolExecutor$Worker.run(ThreadPoolExecutor.java:624)
        at java.lang.Thread.run(Thread.java:748)
"pool-47-thread-14"  prio=5 tid=525 in Object.wait()
java.lang.Thread.State: WAITING (on object monitor)
        at sun.misc.Unsafe.park(Native Method)
        at java.util.concurrent.locks.LockSupport.park(LockSupport.java:175)
        at java.util.concurrent.locks.AbstractQueuedSynchronizer$ConditionObject.await(AbstractQueuedSynchronizer.java:2039)
        at java.util.concurrent.ArrayBlockingQueue.take(ArrayBlockingQueue.java:403)
        at java.util.concurrent.ThreadPoolExecutor.getTask(ThreadPoolExecutor.java:1074)
        at java.util.concurrent.ThreadPoolExecutor.runWorker(ThreadPoolExecutor.java:1134)
        at java.util.concurrent.ThreadPoolExecutor$Worker.run(ThreadPoolExecutor.java:624)
        at java.lang.Thread.run(Thread.java:748)
"pool-215-thread-39"  prio=5 tid=1030 in Object.wait()
java.lang.Thread.State: WAITING (on object monitor)
        at sun.misc.Unsafe.park(Native Method)
        at java.util.concurrent.locks.LockSupport.park(LockSupport.java:175)
        at java.util.concurrent.locks.AbstractQueuedSynchronizer$ConditionObject.await(AbstractQueuedSynchronizer.java:2039)
        at java.util.concurrent.ArrayBlockingQueue.take(ArrayBlockingQueue.java:403)
        at java.util.concurrent.ThreadPoolExecutor.getTask(ThreadPoolExecutor.java:1074)
        at java.util.concurrent.ThreadPoolExecutor.runWorker(ThreadPoolExecutor.java:1134)
        at java.util.concurrent.ThreadPoolExecutor$Worker.run(ThreadPoolExecutor.java:624)
        at java.lang.Thread.run(Thread.java:748)
"pool-26-thread-44"  prio=5 tid=494 in Object.wait()
java.lang.Thread.State: WAITING (on object monitor)
        at sun.misc.Unsafe.park(Native Method)
        at java.util.concurrent.locks.LockSupport.park(LockSupport.java:175)
        at java.util.concurrent.locks.AbstractQueuedSynchronizer$ConditionObject.await(AbstractQueuedSynchronizer.java:2039)
        at java.util.concurrent.ArrayBlockingQueue.take(ArrayBlockingQueue.java:403)
        at java.util.concurrent.ThreadPoolExecutor.getTask(ThreadPoolExecutor.java:1074)
        at java.util.concurrent.ThreadPoolExecutor.runWorker(ThreadPoolExecutor.java:1134)
        at java.util.concurrent.ThreadPoolExecutor$Worker.run(ThreadPoolExecutor.java:624)
        at java.lang.Thread.run(Thread.java:748)
"pool-68-thread-33"  prio=5 tid=604 in Object.wait()
java.lang.Thread.State: WAITING (on object monitor)
        at sun.misc.Unsafe.park(Native Method)
        at java.util.concurrent.locks.LockSupport.park(LockSupport.java:175)
        at java.util.concurrent.locks.AbstractQueuedSynchronizer$ConditionObject.await(AbstractQueuedSynchronizer.java:2039)
        at java.util.concurrent.ArrayBlockingQueue.take(ArrayBlockingQueue.java:403)
        at java.util.concurrent.ThreadPoolExecutor.getTask(ThreadPoolExecutor.java:1074)
        at java.util.concurrent.ThreadPoolExecutor.runWorker(ThreadPoolExecutor.java:1134)
        at java.util.concurrent.ThreadPoolExecutor$Worker.run(ThreadPoolExecutor.java:624)
        at java.lang.Thread.run(Thread.java:748)
"qtp2106129052-400" daemon prio=5 tid=400 runnable
java.lang.Thread.State: RUNNABLE
        at sun.nio.ch.EPollArrayWrapper.epollWait(Native Method)
        at sun.nio.ch.EPollArrayWrapper.poll(EPollArrayWrapper.java:269)
        at sun.nio.ch.EPollSelectorImpl.doSelect(EPollSelectorImpl.java:93)
        at sun.nio.ch.SelectorImpl.lockAndDoSelect(SelectorImpl.java:86)
        at sun.nio.ch.SelectorImpl.select(SelectorImpl.java:97)
        at sun.nio.ch.SelectorImpl.select(SelectorImpl.java:101)
        at org.eclipse.jetty.io.ManagedSelector$SelectorProducer.select(ManagedSelector.java:243)
        at org.eclipse.jetty.io.ManagedSelector$SelectorProducer.produce(ManagedSelector.java:191)
        at org.eclipse.jetty.util.thread.strategy.ExecuteProduceConsume.executeProduceConsume(ExecuteProduceConsume.java:249)
        at org.eclipse.jetty.util.thread.strategy.ExecuteProduceConsume.produceConsume(ExecuteProduceConsume.java:148)
        at org.eclipse.jetty.util.thread.strategy.ExecuteProduceConsume.execute(ExecuteProduceConsume.java:100)
        at org.eclipse.jetty.io.ManagedSelector.run(ManagedSelector.java:147)
        at org.eclipse.jetty.util.thread.QueuedThreadPool.runJob(QueuedThreadPool.java:671)
        at org.eclipse.jetty.util.thread.QueuedThreadPool$2.run(QueuedThreadPool.java:589)
        at java.lang.Thread.run(Thread.java:748)
"qtp602280210-317" daemon prio=5 tid=317 timed_waiting
java.lang.Thread.State: TIMED_WAITING
        at sun.misc.Unsafe.park(Native Method)
        at java.util.concurrent.locks.LockSupport.parkNanos(LockSupport.java:215)
        at java.util.concurrent.locks.AbstractQueuedSynchronizer$ConditionObject.awaitNanos(AbstractQueuedSynchronizer.java:2078)
        at org.eclipse.jetty.util.BlockingArrayQueue.poll(BlockingArrayQueue.java:392)
        at org.eclipse.jetty.util.thread.QueuedThreadPool.idleJobPoll(QueuedThreadPool.java:563)
        at org.eclipse.jetty.util.thread.QueuedThreadPool.access$800(QueuedThreadPool.java:48)
        at org.eclipse.jetty.util.thread.QueuedThreadPool$2.run(QueuedThreadPool.java:626)
        at java.lang.Thread.run(Thread.java:748)
"java.util.concurrent.ThreadPoolExecutor$Worker@6c20ac92[State = -1, empty queue]" daemon prio=5 tid=1166 timed_waiting
java.lang.Thread.State: TIMED_WAITING
        at sun.misc.Unsafe.park(Native Method)
        at java.util.concurrent.locks.LockSupport.parkNanos(LockSupport.java:215)
        at java.util.concurrent.locks.AbstractQueuedSynchronizer$ConditionObject.awaitNanos(AbstractQueuedSynchronizer.java:2078)
        at java.util.concurrent.ScheduledThreadPoolExecutor$DelayedWorkQueue.take(ScheduledThreadPoolExecutor.java:1093)
        at java.util.concurrent.ScheduledThreadPoolExecutor$DelayedWorkQueue.take(ScheduledThreadPoolExecutor.java:809)
        at java.util.concurrent.ThreadPoolExecutor.getTask(ThreadPoolExecutor.java:1074)
        at java.util.concurrent.ThreadPoolExecutor.runWorker(ThreadPoolExecutor.java:1134)
        at java.util.concurrent.ThreadPoolExecutor$Worker.run(ThreadPoolExecutor.java:624)
        at java.lang.Thread.run(Thread.java:748)
"pool-68-thread-53"  prio=5 tid=624 in Object.wait()
java.lang.Thread.State: WAITING (on object monitor)
        at sun.misc.Unsafe.park(Native Method)
        at java.util.concurrent.locks.LockSupport.park(LockSupport.java:175)
        at java.util.concurrent.locks.AbstractQueuedSynchronizer$ConditionObject.await(AbstractQueuedSynchronizer.java:2039)
        at java.util.concurrent.ArrayBlockingQueue.take(ArrayBlockingQueue.java:403)
        at java.util.concurrent.ThreadPoolExecutor.getTask(ThreadPoolExecutor.java:1074)
        at java.util.concurrent.ThreadPoolExecutor.runWorker(ThreadPoolExecutor.java:1134)
        at java.util.concurrent.ThreadPoolExecutor$Worker.run(ThreadPoolExecutor.java:624)
        at java.lang.Thread.run(Thread.java:748)
"IPC Server handler 1 on 33779" daemon prio=5 tid=71 timed_waiting
java.lang.Thread.State: TIMED_WAITING
        at sun.misc.Unsafe.park(Native Method)
        at java.util.concurrent.locks.LockSupport.parkNanos(LockSupport.java:215)
        at java.util.concurrent.locks.AbstractQueuedSynchronizer$ConditionObject.awaitNanos(AbstractQueuedSynchronizer.java:2078)
        at java.util.concurrent.LinkedBlockingQueue.poll(LinkedBlockingQueue.java:467)
        at org.apache.hadoop.ipc.CallQueueManager.take(CallQueueManager.java:288)
        at org.apache.hadoop.ipc.Server$Handler.run(Server.java:2668)
"StateMachineUpdater-22b2fce2-e0c4-4bfe-a1ac-a7ae08b7b321-group-291085E99653" daemon prio=5 tid=1146 in Object.wait()
java.lang.Thread.State: WAITING (on object monitor)
        at java.lang.Object.wait(Native Method)
        at java.lang.Object.wait(Object.java:502)
        at org.apache.ratis.server.impl.StateMachineUpdater.run(StateMachineUpdater.java:138)
        at java.lang.Thread.run(Thread.java:748)
"pool-89-thread-37"  prio=5 tid=668 in Object.wait()
java.lang.Thread.State: WAITING (on object monitor)
        at sun.misc.Unsafe.park(Native Method)
        at java.util.concurrent.locks.LockSupport.park(LockSupport.java:175)
        at java.util.concurrent.locks.AbstractQueuedSynchronizer$ConditionObject.await(AbstractQueuedSynchronizer.java:2039)
        at java.util.concurrent.ArrayBlockingQueue.take(ArrayBlockingQueue.java:403)
        at java.util.concurrent.ThreadPoolExecutor.getTask(ThreadPoolExecutor.java:1074)
        at java.util.concurrent.ThreadPoolExecutor.runWorker(ThreadPoolExecutor.java:1134)
        at java.util.concurrent.ThreadPoolExecutor$Worker.run(ThreadPoolExecutor.java:624)
        at java.lang.Thread.run(Thread.java:748)
"pool-47-thread-38"  prio=5 tid=549 in Object.wait()
java.lang.Thread.State: WAITING (on object monitor)
        at sun.misc.Unsafe.park(Native Method)
        at java.util.concurrent.locks.LockSupport.park(LockSupport.java:175)
        at java.util.concurrent.locks.AbstractQueuedSynchronizer$ConditionObject.await(AbstractQueuedSynchronizer.java:2039)
        at java.util.concurrent.ArrayBlockingQueue.take(ArrayBlockingQueue.java:403)
        at java.util.concurrent.ThreadPoolExecutor.getTask(ThreadPoolExecutor.java:1074)
        at java.util.concurrent.ThreadPoolExecutor.runWorker(ThreadPoolExecutor.java:1134)
        at java.util.concurrent.ThreadPoolExecutor$Worker.run(ThreadPoolExecutor.java:624)
        at java.lang.Thread.run(Thread.java:748)
"pool-152-thread-8"  prio=5 tid=819 in Object.wait()
java.lang.Thread.State: WAITING (on object monitor)
        at sun.misc.Unsafe.park(Native Method)
        at java.util.concurrent.locks.LockSupport.park(LockSupport.java:175)
        at java.util.concurrent.locks.AbstractQueuedSynchronizer$ConditionObject.await(AbstractQueuedSynchronizer.java:2039)
        at java.util.concurrent.ArrayBlockingQueue.take(ArrayBlockingQueue.java:403)
        at java.util.concurrent.ThreadPoolExecutor.getTask(ThreadPoolExecutor.java:1074)
        at java.util.concurrent.ThreadPoolExecutor.runWorker(ThreadPoolExecutor.java:1134)
        at java.util.concurrent.ThreadPoolExecutor$Worker.run(ThreadPoolExecutor.java:624)
        at java.lang.Thread.run(Thread.java:748)
"pool-26-thread-53"  prio=5 tid=503 in Object.wait()
java.lang.Thread.State: WAITING (on object monitor)
        at sun.misc.Unsafe.park(Native Method)
        at java.util.concurrent.locks.LockSupport.park(LockSupport.java:175)
        at java.util.concurrent.locks.AbstractQueuedSynchronizer$ConditionObject.await(AbstractQueuedSynchronizer.java:2039)
        at java.util.concurrent.ArrayBlockingQueue.take(ArrayBlockingQueue.java:403)
        at java.util.concurrent.ThreadPoolExecutor.getTask(ThreadPoolExecutor.java:1074)
        at java.util.concurrent.ThreadPoolExecutor.runWorker(ThreadPoolExecutor.java:1134)
        at java.util.concurrent.ThreadPoolExecutor$Worker.run(ThreadPoolExecutor.java:624)
        at java.lang.Thread.run(Thread.java:748)
"Datanode ReportManager Thread - 3" daemon prio=5 tid=446 timed_waiting
java.lang.Thread.State: TIMED_WAITING
        at sun.misc.Unsafe.park(Native Method)
        at java.util.concurrent.locks.LockSupport.parkNanos(LockSupport.java:215)
        at java.util.concurrent.locks.AbstractQueuedSynchronizer$ConditionObject.awaitNanos(AbstractQueuedSynchronizer.java:2078)
        at java.util.concurrent.ScheduledThreadPoolExecutor$DelayedWorkQueue.take(ScheduledThreadPoolExecutor.java:1093)
        at java.util.concurrent.ScheduledThreadPoolExecutor$DelayedWorkQueue.take(ScheduledThreadPoolExecutor.java:809)
        at java.util.concurrent.ThreadPoolExecutor.getTask(ThreadPoolExecutor.java:1074)
        at java.util.concurrent.ThreadPoolExecutor.runWorker(ThreadPoolExecutor.java:1134)
        at java.util.concurrent.ThreadPoolExecutor$Worker.run(ThreadPoolExecutor.java:624)
        at java.lang.Thread.run(Thread.java:748)
"java.util.concurrent.ThreadPoolExecutor$Worker@21e518b4[State = -1, empty queue]" daemon prio=5 tid=1168 timed_waiting
java.lang.Thread.State: TIMED_WAITING
        at sun.misc.Unsafe.park(Native Method)
        at java.util.concurrent.locks.LockSupport.parkNanos(LockSupport.java:215)
        at java.util.concurrent.locks.AbstractQueuedSynchronizer$ConditionObject.awaitNanos(AbstractQueuedSynchronizer.java:2078)
        at java.util.concurrent.ScheduledThreadPoolExecutor$DelayedWorkQueue.take(ScheduledThreadPoolExecutor.java:1093)
        at java.util.concurrent.ScheduledThreadPoolExecutor$DelayedWorkQueue.take(ScheduledThreadPoolExecutor.java:809)
        at java.util.concurrent.ThreadPoolExecutor.getTask(ThreadPoolExecutor.java:1074)
        at java.util.concurrent.ThreadPoolExecutor.runWorker(ThreadPoolExecutor.java:1134)
        at java.util.concurrent.ThreadPoolExecutor$Worker.run(ThreadPoolExecutor.java:624)
        at java.lang.Thread.run(Thread.java:748)
"pool-68-thread-21"  prio=5 tid=592 in Object.wait()
java.lang.Thread.State: WAITING (on object monitor)
        at sun.misc.Unsafe.park(Native Method)
        at java.util.concurrent.locks.LockSupport.park(LockSupport.java:175)
        at java.util.concurrent.locks.AbstractQueuedSynchronizer$ConditionObject.await(AbstractQueuedSynchronizer.java:2039)
        at java.util.concurrent.ArrayBlockingQueue.take(ArrayBlockingQueue.java:403)
        at java.util.concurrent.ThreadPoolExecutor.getTask(ThreadPoolExecutor.java:1074)
        at java.util.concurrent.ThreadPoolExecutor.runWorker(ThreadPoolExecutor.java:1134)
        at java.util.concurrent.ThreadPoolExecutor$Worker.run(ThreadPoolExecutor.java:624)
        at java.lang.Thread.run(Thread.java:748)
"qtp630669831-254" daemon prio=5 tid=254 timed_waiting
java.lang.Thread.State: TIMED_WAITING
        at sun.misc.Unsafe.park(Native Method)
        at java.util.concurrent.locks.LockSupport.parkNanos(LockSupport.java:215)
        at java.util.concurrent.locks.AbstractQueuedSynchronizer$ConditionObject.awaitNanos(AbstractQueuedSynchronizer.java:2078)
        at org.eclipse.jetty.util.BlockingArrayQueue.poll(BlockingArrayQueue.java:392)
        at org.eclipse.jetty.util.thread.QueuedThreadPool.idleJobPoll(QueuedThreadPool.java:563)
        at org.eclipse.jetty.util.thread.QueuedThreadPool.access$800(QueuedThreadPool.java:48)
        at org.eclipse.jetty.util.thread.QueuedThreadPool$2.run(QueuedThreadPool.java:626)
        at java.lang.Thread.run(Thread.java:748)
"Socket Reader #1 for port 38877"  prio=5 tid=107 runnable
java.lang.Thread.State: RUNNABLE
        at sun.nio.ch.EPollArrayWrapper.epollWait(Native Method)
        at sun.nio.ch.EPollArrayWrapper.poll(EPollArrayWrapper.java:269)
        at sun.nio.ch.EPollSelectorImpl.doSelect(EPollSelectorImpl.java:93)
        at sun.nio.ch.SelectorImpl.lockAndDoSelect(SelectorImpl.java:86)
        at sun.nio.ch.SelectorImpl.select(SelectorImpl.java:97)
        at sun.nio.ch.SelectorImpl.select(SelectorImpl.java:101)
        at org.apache.hadoop.ipc.Server$Listener$Reader.doRunLoop(Server.java:1097)
        at org.apache.hadoop.ipc.Server$Listener$Reader.run(Server.java:1076)
"pool-89-thread-46"  prio=5 tid=677 in Object.wait()
java.lang.Thread.State: WAITING (on object monitor)
        at sun.misc.Unsafe.park(Native Method)
        at java.util.concurrent.locks.LockSupport.park(LockSupport.java:175)
        at java.util.concurrent.locks.AbstractQueuedSynchronizer$ConditionObject.await(AbstractQueuedSynchronizer.java:2039)
        at java.util.concurrent.ArrayBlockingQueue.take(ArrayBlockingQueue.java:403)
        at java.util.concurrent.ThreadPoolExecutor.getTask(ThreadPoolExecutor.java:1074)
        at java.util.concurrent.ThreadPoolExecutor.runWorker(ThreadPoolExecutor.java:1134)
        at java.util.concurrent.ThreadPoolExecutor$Worker.run(ThreadPoolExecutor.java:624)
        at java.lang.Thread.run(Thread.java:748)
"qtp648346093-340" daemon prio=5 tid=340 runnable
java.lang.Thread.State: RUNNABLE
        at sun.nio.ch.EPollArrayWrapper.epollWait(Native Method)
        at sun.nio.ch.EPollArrayWrapper.poll(EPollArrayWrapper.java:269)
        at sun.nio.ch.EPollSelectorImpl.doSelect(EPollSelectorImpl.java:93)
        at sun.nio.ch.SelectorImpl.lockAndDoSelect(SelectorImpl.java:86)
        at sun.nio.ch.SelectorImpl.select(SelectorImpl.java:97)
        at sun.nio.ch.SelectorImpl.select(SelectorImpl.java:101)
        at org.eclipse.jetty.io.ManagedSelector$SelectorProducer.select(ManagedSelector.java:243)
        at org.eclipse.jetty.io.ManagedSelector$SelectorProducer.produce(ManagedSelector.java:191)
        at org.eclipse.jetty.util.thread.strategy.ExecuteProduceConsume.executeProduceConsume(ExecuteProduceConsume.java:249)
        at org.eclipse.jetty.util.thread.strategy.ExecuteProduceConsume.produceConsume(ExecuteProduceConsume.java:148)
        at org.eclipse.jetty.util.thread.strategy.ExecuteProduceConsume.execute(ExecuteProduceConsume.java:100)
        at org.eclipse.jetty.io.ManagedSelector.run(ManagedSelector.java:147)
        at org.eclipse.jetty.util.thread.QueuedThreadPool.runJob(QueuedThreadPool.java:671)
        at org.eclipse.jetty.util.thread.QueuedThreadPool$2.run(QueuedThreadPool.java:589)
        at java.lang.Thread.run(Thread.java:748)
"pool-215-thread-23"  prio=5 tid=1014 in Object.wait()
java.lang.Thread.State: WAITING (on object monitor)
        at sun.misc.Unsafe.park(Native Method)
        at java.util.concurrent.locks.LockSupport.park(LockSupport.java:175)
        at java.util.concurrent.locks.AbstractQueuedSynchronizer$ConditionObject.await(AbstractQueuedSynchronizer.java:2039)
        at java.util.concurrent.ArrayBlockingQueue.take(ArrayBlockingQueue.java:403)
        at java.util.concurrent.ThreadPoolExecutor.getTask(ThreadPoolExecutor.java:1074)
        at java.util.concurrent.ThreadPoolExecutor.runWorker(ThreadPoolExecutor.java:1134)
        at java.util.concurrent.ThreadPoolExecutor$Worker.run(ThreadPoolExecutor.java:624)
        at java.lang.Thread.run(Thread.java:748)
"pool-215-thread-1"  prio=5 tid=992 in Object.wait()
java.lang.Thread.State: WAITING (on object monitor)
        at sun.misc.Unsafe.park(Native Method)
        at java.util.concurrent.locks.LockSupport.park(LockSupport.java:175)
        at java.util.concurrent.locks.AbstractQueuedSynchronizer$ConditionObject.await(AbstractQueuedSynchronizer.java:2039)
        at java.util.concurrent.ArrayBlockingQueue.take(ArrayBlockingQueue.java:403)
        at java.util.concurrent.ThreadPoolExecutor.getTask(ThreadPoolExecutor.java:1074)
        at java.util.concurrent.ThreadPoolExecutor.runWorker(ThreadPoolExecutor.java:1134)
        at java.util.concurrent.ThreadPoolExecutor$Worker.run(ThreadPoolExecutor.java:624)
        at java.lang.Thread.run(Thread.java:748)
"pool-47-thread-39"  prio=5 tid=550 in Object.wait()
java.lang.Thread.State: WAITING (on object monitor)
        at sun.misc.Unsafe.park(Native Method)
        at java.util.concurrent.locks.LockSupport.park(LockSupport.java:175)
        at java.util.concurrent.locks.AbstractQueuedSynchronizer$ConditionObject.await(AbstractQueuedSynchronizer.java:2039)
        at java.util.concurrent.ArrayBlockingQueue.take(ArrayBlockingQueue.java:403)
        at java.util.concurrent.ThreadPoolExecutor.getTask(ThreadPoolExecutor.java:1074)
        at java.util.concurrent.ThreadPoolExecutor.runWorker(ThreadPoolExecutor.java:1134)
        at java.util.concurrent.ThreadPoolExecutor$Worker.run(ThreadPoolExecutor.java:624)
        at java.lang.Thread.run(Thread.java:748)
"pool-131-thread-36"  prio=5 tid=787 in Object.wait()
java.lang.Thread.State: WAITING (on object monitor)
        at sun.misc.Unsafe.park(Native Method)
        at java.util.concurrent.locks.LockSupport.park(LockSupport.java:175)
        at java.util.concurrent.locks.AbstractQueuedSynchronizer$ConditionObject.await(AbstractQueuedSynchronizer.java:2039)
        at java.util.concurrent.ArrayBlockingQueue.take(ArrayBlockingQueue.java:403)
        at java.util.concurrent.ThreadPoolExecutor.getTask(ThreadPoolExecutor.java:1074)
        at java.util.concurrent.ThreadPoolExecutor.runWorker(ThreadPoolExecutor.java:1134)
        at java.util.concurrent.ThreadPoolExecutor$Worker.run(ThreadPoolExecutor.java:624)
        at java.lang.Thread.run(Thread.java:748)
"pool-152-thread-5"  prio=5 tid=816 in Object.wait()
java.lang.Thread.State: WAITING (on object monitor)
        at sun.misc.Unsafe.park(Native Method)
        at java.util.concurrent.locks.LockSupport.park(LockSupport.java:175)
        at java.util.concurrent.locks.AbstractQueuedSynchronizer$ConditionObject.await(AbstractQueuedSynchronizer.java:2039)
        at java.util.concurrent.ArrayBlockingQueue.take(ArrayBlockingQueue.java:403)
        at java.util.concurrent.ThreadPoolExecutor.getTask(ThreadPoolExecutor.java:1074)
        at java.util.concurrent.ThreadPoolExecutor.runWorker(ThreadPoolExecutor.java:1134)
        at java.util.concurrent.ThreadPoolExecutor$Worker.run(ThreadPoolExecutor.java:624)
        at java.lang.Thread.run(Thread.java:748)
"pool-173-thread-40"  prio=5 tid=911 in Object.wait()
java.lang.Thread.State: WAITING (on object monitor)
        at sun.misc.Unsafe.park(Native Method)
        at java.util.concurrent.locks.LockSupport.park(LockSupport.java:175)
        at java.util.concurrent.locks.AbstractQueuedSynchronizer$ConditionObject.await(AbstractQueuedSynchronizer.java:2039)
        at java.util.concurrent.ArrayBlockingQueue.take(ArrayBlockingQueue.java:403)
        at java.util.concurrent.ThreadPoolExecutor.getTask(ThreadPoolExecutor.java:1074)
        at java.util.concurrent.ThreadPoolExecutor.runWorker(ThreadPoolExecutor.java:1134)
        at java.util.concurrent.ThreadPoolExecutor$Worker.run(ThreadPoolExecutor.java:624)
        at java.lang.Thread.run(Thread.java:748)
"pool-194-thread-4"  prio=5 tid=935 in Object.wait()
java.lang.Thread.State: WAITING (on object monitor)
        at sun.misc.Unsafe.park(Native Method)
        at java.util.concurrent.locks.LockSupport.park(LockSupport.java:175)
        at java.util.concurrent.locks.AbstractQueuedSynchronizer$ConditionObject.await(AbstractQueuedSynchronizer.java:2039)
        at java.util.concurrent.ArrayBlockingQueue.take(ArrayBlockingQueue.java:403)
        at java.util.concurrent.ThreadPoolExecutor.getTask(ThreadPoolExecutor.java:1074)
        at java.util.concurrent.ThreadPoolExecutor.runWorker(ThreadPoolExecutor.java:1134)
        at java.util.concurrent.ThreadPoolExecutor$Worker.run(ThreadPoolExecutor.java:624)
        at java.lang.Thread.run(Thread.java:748)
"pool-173-thread-59"  prio=5 tid=930 in Object.wait()
java.lang.Thread.State: WAITING (on object monitor)
        at sun.misc.Unsafe.park(Native Method)
        at java.util.concurrent.locks.LockSupport.park(LockSupport.java:175)
        at java.util.concurrent.locks.AbstractQueuedSynchronizer$ConditionObject.await(AbstractQueuedSynchronizer.java:2039)
        at java.util.concurrent.ArrayBlockingQueue.take(ArrayBlockingQueue.java:403)
        at java.util.concurrent.ThreadPoolExecutor.getTask(ThreadPoolExecutor.java:1074)
        at java.util.concurrent.ThreadPoolExecutor.runWorker(ThreadPoolExecutor.java:1134)
        at java.util.concurrent.ThreadPoolExecutor$Worker.run(ThreadPoolExecutor.java:624)
        at java.lang.Thread.run(Thread.java:748)
"pool-173-thread-18"  prio=5 tid=889 in Object.wait()
java.lang.Thread.State: WAITING (on object monitor)
        at sun.misc.Unsafe.park(Native Method)
        at java.util.concurrent.locks.LockSupport.park(LockSupport.java:175)
        at java.util.concurrent.locks.AbstractQueuedSynchronizer$ConditionObject.await(AbstractQueuedSynchronizer.java:2039)
        at java.util.concurrent.ArrayBlockingQueue.take(ArrayBlockingQueue.java:403)
        at java.util.concurrent.ThreadPoolExecutor.getTask(ThreadPoolExecutor.java:1074)
        at java.util.concurrent.ThreadPoolExecutor.runWorker(ThreadPoolExecutor.java:1134)
        at java.util.concurrent.ThreadPoolExecutor$Worker.run(ThreadPoolExecutor.java:624)
        at java.lang.Thread.run(Thread.java:748)
"pool-89-thread-45"  prio=5 tid=676 in Object.wait()
java.lang.Thread.State: WAITING (on object monitor)
        at sun.misc.Unsafe.park(Native Method)
        at java.util.concurrent.locks.LockSupport.park(LockSupport.java:175)
        at java.util.concurrent.locks.AbstractQueuedSynchronizer$ConditionObject.await(AbstractQueuedSynchronizer.java:2039)
        at java.util.concurrent.ArrayBlockingQueue.take(ArrayBlockingQueue.java:403)
        at java.util.concurrent.ThreadPoolExecutor.getTask(ThreadPoolExecutor.java:1074)
        at java.util.concurrent.ThreadPoolExecutor.runWorker(ThreadPoolExecutor.java:1134)
        at java.util.concurrent.ThreadPoolExecutor$Worker.run(ThreadPoolExecutor.java:624)
        at java.lang.Thread.run(Thread.java:748)
"pool-173-thread-58"  prio=5 tid=929 in Object.wait()
java.lang.Thread.State: WAITING (on object monitor)
        at sun.misc.Unsafe.park(Native Method)
        at java.util.concurrent.locks.LockSupport.park(LockSupport.java:175)
        at java.util.concurrent.locks.AbstractQueuedSynchronizer$ConditionObject.await(AbstractQueuedSynchronizer.java:2039)
        at java.util.concurrent.ArrayBlockingQueue.take(ArrayBlockingQueue.java:403)
        at java.util.concurrent.ThreadPoolExecutor.getTask(ThreadPoolExecutor.java:1074)
        at java.util.concurrent.ThreadPoolExecutor.runWorker(ThreadPoolExecutor.java:1134)
        at java.util.concurrent.ThreadPoolExecutor$Worker.run(ThreadPoolExecutor.java:624)
        at java.lang.Thread.run(Thread.java:748)
"BlockDeletingService#2" daemon prio=5 tid=1861 in Object.wait()
java.lang.Thread.State: WAITING (on object monitor)
        at sun.misc.Unsafe.park(Native Method)
        at java.util.concurrent.locks.LockSupport.park(LockSupport.java:175)
        at java.util.concurrent.locks.AbstractQueuedSynchronizer$ConditionObject.await(AbstractQueuedSynchronizer.java:2039)
        at java.util.concurrent.ScheduledThreadPoolExecutor$DelayedWorkQueue.take(ScheduledThreadPoolExecutor.java:1088)
        at java.util.concurrent.ScheduledThreadPoolExecutor$DelayedWorkQueue.take(ScheduledThreadPoolExecutor.java:809)
        at java.util.concurrent.ThreadPoolExecutor.getTask(ThreadPoolExecutor.java:1074)
        at java.util.concurrent.ThreadPoolExecutor.runWorker(ThreadPoolExecutor.java:1134)
        at java.util.concurrent.ThreadPoolExecutor$Worker.run(ThreadPoolExecutor.java:624)
        at java.lang.Thread.run(Thread.java:748)
"pool-68-thread-58"  prio=5 tid=629 in Object.wait()
java.lang.Thread.State: WAITING (on object monitor)
        at sun.misc.Unsafe.park(Native Method)
        at java.util.concurrent.locks.LockSupport.park(LockSupport.java:175)
        at java.util.concurrent.locks.AbstractQueuedSynchronizer$ConditionObject.await(AbstractQueuedSynchronizer.java:2039)
        at java.util.concurrent.ArrayBlockingQueue.take(ArrayBlockingQueue.java:403)
        at java.util.concurrent.ThreadPoolExecutor.getTask(ThreadPoolExecutor.java:1074)
        at java.util.concurrent.ThreadPoolExecutor.runWorker(ThreadPoolExecutor.java:1134)
        at java.util.concurrent.ThreadPoolExecutor$Worker.run(ThreadPoolExecutor.java:624)
        at java.lang.Thread.run(Thread.java:748)
"pool-194-thread-30"  prio=5 tid=961 in Object.wait()
java.lang.Thread.State: WAITING (on object monitor)
        at sun.misc.Unsafe.park(Native Method)
        at java.util.concurrent.locks.LockSupport.park(LockSupport.java:175)
        at java.util.concurrent.locks.AbstractQueuedSynchronizer$ConditionObject.await(AbstractQueuedSynchronizer.java:2039)
        at java.util.concurrent.ArrayBlockingQueue.take(ArrayBlockingQueue.java:403)
        at java.util.concurrent.ThreadPoolExecutor.getTask(ThreadPoolExecutor.java:1074)
        at java.util.concurrent.ThreadPoolExecutor.runWorker(ThreadPoolExecutor.java:1134)
        at java.util.concurrent.ThreadPoolExecutor$Worker.run(ThreadPoolExecutor.java:624)
        at java.lang.Thread.run(Thread.java:748)
"qtp608414678-225" daemon prio=5 tid=225 timed_waiting
java.lang.Thread.State: TIMED_WAITING
        at sun.misc.Unsafe.park(Native Method)
        at java.util.concurrent.locks.LockSupport.parkNanos(LockSupport.java:215)
        at java.util.concurrent.locks.AbstractQueuedSynchronizer$ConditionObject.awaitNanos(AbstractQueuedSynchronizer.java:2078)
        at org.eclipse.jetty.util.BlockingArrayQueue.poll(BlockingArrayQueue.java:392)
        at org.eclipse.jetty.util.thread.QueuedThreadPool.idleJobPoll(QueuedThreadPool.java:563)
        at org.eclipse.jetty.util.thread.QueuedThreadPool.access$800(QueuedThreadPool.java:48)
        at org.eclipse.jetty.util.thread.QueuedThreadPool$2.run(QueuedThreadPool.java:626)
        at java.lang.Thread.run(Thread.java:748)
"pool-131-thread-33"  prio=5 tid=784 in Object.wait()
java.lang.Thread.State: WAITING (on object monitor)
        at sun.misc.Unsafe.park(Native Method)
        at java.util.concurrent.locks.LockSupport.park(LockSupport.java:175)
        at java.util.concurrent.locks.AbstractQueuedSynchronizer$ConditionObject.await(AbstractQueuedSynchronizer.java:2039)
        at java.util.concurrent.ArrayBlockingQueue.take(ArrayBlockingQueue.java:403)
        at java.util.concurrent.ThreadPoolExecutor.getTask(ThreadPoolExecutor.java:1074)
        at java.util.concurrent.ThreadPoolExecutor.runWorker(ThreadPoolExecutor.java:1134)
        at java.util.concurrent.ThreadPoolExecutor$Worker.run(ThreadPoolExecutor.java:624)
        at java.lang.Thread.run(Thread.java:748)
"IPC Server handler 18 on 38877" daemon prio=5 tid=132 timed_waiting
java.lang.Thread.State: TIMED_WAITING
        at sun.misc.Unsafe.park(Native Method)
        at java.util.concurrent.locks.LockSupport.parkNanos(LockSupport.java:215)
        at java.util.concurrent.locks.AbstractQueuedSynchronizer$ConditionObject.awaitNanos(AbstractQueuedSynchronizer.java:2078)
        at java.util.concurrent.LinkedBlockingQueue.poll(LinkedBlockingQueue.java:467)
        at org.apache.hadoop.ipc.CallQueueManager.take(CallQueueManager.java:288)
        at org.apache.hadoop.ipc.Server$Handler.run(Server.java:2668)
"Datanode ReportManager Thread - 3" daemon prio=5 tid=388 in Object.wait()
java.lang.Thread.State: WAITING (on object monitor)
        at sun.misc.Unsafe.park(Native Method)
        at java.util.concurrent.locks.LockSupport.park(LockSupport.java:175)
        at java.util.concurrent.locks.AbstractQueuedSynchronizer$ConditionObject.await(AbstractQueuedSynchronizer.java:2039)
        at java.util.concurrent.ScheduledThreadPoolExecutor$DelayedWorkQueue.take(ScheduledThreadPoolExecutor.java:1088)
        at java.util.concurrent.ScheduledThreadPoolExecutor$DelayedWorkQueue.take(ScheduledThreadPoolExecutor.java:809)
        at java.util.concurrent.ThreadPoolExecutor.getTask(ThreadPoolExecutor.java:1074)
        at java.util.concurrent.ThreadPoolExecutor.runWorker(ThreadPoolExecutor.java:1134)
        at java.util.concurrent.ThreadPoolExecutor$Worker.run(ThreadPoolExecutor.java:624)
        at java.lang.Thread.run(Thread.java:748)
"pool-47-thread-22"  prio=5 tid=533 in Object.wait()
java.lang.Thread.State: WAITING (on object monitor)
        at sun.misc.Unsafe.park(Native Method)
        at java.util.concurrent.locks.LockSupport.park(LockSupport.java:175)
        at java.util.concurrent.locks.AbstractQueuedSynchronizer$ConditionObject.await(AbstractQueuedSynchronizer.java:2039)
        at java.util.concurrent.ArrayBlockingQueue.take(ArrayBlockingQueue.java:403)
        at java.util.concurrent.ThreadPoolExecutor.getTask(ThreadPoolExecutor.java:1074)
        at java.util.concurrent.ThreadPoolExecutor.runWorker(ThreadPoolExecutor.java:1134)
        at java.util.concurrent.ThreadPoolExecutor$Worker.run(ThreadPoolExecutor.java:624)
        at java.lang.Thread.run(Thread.java:748)
"qtp602280210-315" daemon prio=5 tid=315 timed_waiting
java.lang.Thread.State: TIMED_WAITING
        at sun.misc.Unsafe.park(Native Method)
        at java.util.concurrent.locks.LockSupport.parkNanos(LockSupport.java:215)
        at java.util.concurrent.locks.AbstractQueuedSynchronizer$ConditionObject.awaitNanos(AbstractQueuedSynchronizer.java:2078)
        at org.eclipse.jetty.util.BlockingArrayQueue.poll(BlockingArrayQueue.java:392)
        at org.eclipse.jetty.util.thread.QueuedThreadPool.idleJobPoll(QueuedThreadPool.java:563)
        at org.eclipse.jetty.util.thread.QueuedThreadPool.access$800(QueuedThreadPool.java:48)
        at org.eclipse.jetty.util.thread.QueuedThreadPool$2.run(QueuedThreadPool.java:626)
        at java.lang.Thread.run(Thread.java:748)
"pool-110-thread-19"  prio=5 tid=710 in Object.wait()
java.lang.Thread.State: WAITING (on object monitor)
        at sun.misc.Unsafe.park(Native Method)
        at java.util.concurrent.locks.LockSupport.park(LockSupport.java:175)
        at java.util.concurrent.locks.AbstractQueuedSynchronizer$ConditionObject.await(AbstractQueuedSynchronizer.java:2039)
        at java.util.concurrent.ArrayBlockingQueue.take(ArrayBlockingQueue.java:403)
        at java.util.concurrent.ThreadPoolExecutor.getTask(ThreadPoolExecutor.java:1074)
        at java.util.concurrent.ThreadPoolExecutor.runWorker(ThreadPoolExecutor.java:1134)
        at java.util.concurrent.ThreadPoolExecutor$Worker.run(ThreadPoolExecutor.java:624)
        at java.lang.Thread.run(Thread.java:748)
"pool-68-thread-35"  prio=5 tid=606 in Object.wait()
java.lang.Thread.State: WAITING (on object monitor)
        at sun.misc.Unsafe.park(Native Method)
        at java.util.concurrent.locks.LockSupport.park(LockSupport.java:175)
        at java.util.concurrent.locks.AbstractQueuedSynchronizer$ConditionObject.await(AbstractQueuedSynchronizer.java:2039)
        at java.util.concurrent.ArrayBlockingQueue.take(ArrayBlockingQueue.java:403)
        at java.util.concurrent.ThreadPoolExecutor.getTask(ThreadPoolExecutor.java:1074)
        at java.util.concurrent.ThreadPoolExecutor.runWorker(ThreadPoolExecutor.java:1134)
        at java.util.concurrent.ThreadPoolExecutor$Worker.run(ThreadPoolExecutor.java:624)
        at java.lang.Thread.run(Thread.java:748)
"pool-68-thread-13"  prio=5 tid=584 in Object.wait()
java.lang.Thread.State: WAITING (on object monitor)
        at sun.misc.Unsafe.park(Native Method)
        at java.util.concurrent.locks.LockSupport.park(LockSupport.java:175)
        at java.util.concurrent.locks.AbstractQueuedSynchronizer$ConditionObject.await(AbstractQueuedSynchronizer.java:2039)
        at java.util.concurrent.ArrayBlockingQueue.take(ArrayBlockingQueue.java:403)
        at java.util.concurrent.ThreadPoolExecutor.getTask(ThreadPoolExecutor.java:1074)
        at java.util.concurrent.ThreadPoolExecutor.runWorker(ThreadPoolExecutor.java:1134)
        at java.util.concurrent.ThreadPoolExecutor$Worker.run(ThreadPoolExecutor.java:624)
        at java.lang.Thread.run(Thread.java:748)
"Datanode ReportManager Thread - 1" daemon prio=5 tid=234 in Object.wait()
java.lang.Thread.State: WAITING (on object monitor)
        at sun.misc.Unsafe.park(Native Method)
        at java.util.concurrent.locks.LockSupport.park(LockSupport.java:175)
        at java.util.concurrent.locks.AbstractQueuedSynchronizer$ConditionObject.await(AbstractQueuedSynchronizer.java:2039)
        at java.util.concurrent.ScheduledThreadPoolExecutor$DelayedWorkQueue.take(ScheduledThreadPoolExecutor.java:1088)
        at java.util.concurrent.ScheduledThreadPoolExecutor$DelayedWorkQueue.take(ScheduledThreadPoolExecutor.java:809)
        at java.util.concurrent.ThreadPoolExecutor.getTask(ThreadPoolExecutor.java:1074)
        at java.util.concurrent.ThreadPoolExecutor.runWorker(ThreadPoolExecutor.java:1134)
        at java.util.concurrent.ThreadPoolExecutor$Worker.run(ThreadPoolExecutor.java:624)
        at java.lang.Thread.run(Thread.java:748)
"pool-89-thread-50"  prio=5 tid=681 in Object.wait()
java.lang.Thread.State: WAITING (on object monitor)
        at sun.misc.Unsafe.park(Native Method)
        at java.util.concurrent.locks.LockSupport.park(LockSupport.java:175)
        at java.util.concurrent.locks.AbstractQueuedSynchronizer$ConditionObject.await(AbstractQueuedSynchronizer.java:2039)
        at java.util.concurrent.ArrayBlockingQueue.take(ArrayBlockingQueue.java:403)
        at java.util.concurrent.ThreadPoolExecutor.getTask(ThreadPoolExecutor.java:1074)
        at java.util.concurrent.ThreadPoolExecutor.runWorker(ThreadPoolExecutor.java:1134)
        at java.util.concurrent.ThreadPoolExecutor$Worker.run(ThreadPoolExecutor.java:624)
        at java.lang.Thread.run(Thread.java:748)
"qtp628402659-192" daemon prio=5 tid=192 timed_waiting
java.lang.Thread.State: TIMED_WAITING
        at sun.misc.Unsafe.park(Native Method)
        at java.util.concurrent.locks.LockSupport.parkNanos(LockSupport.java:215)
        at java.util.concurrent.locks.AbstractQueuedSynchronizer$ConditionObject.awaitNanos(AbstractQueuedSynchronizer.java:2078)
        at org.eclipse.jetty.util.BlockingArrayQueue.poll(BlockingArrayQueue.java:392)
        at org.eclipse.jetty.util.thread.QueuedThreadPool.idleJobPoll(QueuedThreadPool.java:563)
        at org.eclipse.jetty.util.thread.QueuedThreadPool.access$800(QueuedThreadPool.java:48)
        at org.eclipse.jetty.util.thread.QueuedThreadPool$2.run(QueuedThreadPool.java:626)
        at java.lang.Thread.run(Thread.java:748)
"pool-89-thread-30"  prio=5 tid=661 in Object.wait()
java.lang.Thread.State: WAITING (on object monitor)
        at sun.misc.Unsafe.park(Native Method)
        at java.util.concurrent.locks.LockSupport.park(LockSupport.java:175)
        at java.util.concurrent.locks.AbstractQueuedSynchronizer$ConditionObject.await(AbstractQueuedSynchronizer.java:2039)
        at java.util.concurrent.ArrayBlockingQueue.take(ArrayBlockingQueue.java:403)
        at java.util.concurrent.ThreadPoolExecutor.getTask(ThreadPoolExecutor.java:1074)
        at java.util.concurrent.ThreadPoolExecutor.runWorker(ThreadPoolExecutor.java:1134)
        at java.util.concurrent.ThreadPoolExecutor$Worker.run(ThreadPoolExecutor.java:624)
        at java.lang.Thread.run(Thread.java:748)
"pool-215-thread-24"  prio=5 tid=1015 in Object.wait()
java.lang.Thread.State: WAITING (on object monitor)
        at sun.misc.Unsafe.park(Native Method)
        at java.util.concurrent.locks.LockSupport.park(LockSupport.java:175)
        at java.util.concurrent.locks.AbstractQueuedSynchronizer$ConditionObject.await(AbstractQueuedSynchronizer.java:2039)
        at java.util.concurrent.ArrayBlockingQueue.take(ArrayBlockingQueue.java:403)
        at java.util.concurrent.ThreadPoolExecutor.getTask(ThreadPoolExecutor.java:1074)
        at java.util.concurrent.ThreadPoolExecutor.runWorker(ThreadPoolExecutor.java:1134)
        at java.util.concurrent.ThreadPoolExecutor$Worker.run(ThreadPoolExecutor.java:624)
        at java.lang.Thread.run(Thread.java:748)
"IPC Server handler 16 on 33779" daemon prio=5 tid=86 timed_waiting
java.lang.Thread.State: TIMED_WAITING
        at sun.misc.Unsafe.park(Native Method)
        at java.util.concurrent.locks.LockSupport.parkNanos(LockSupport.java:215)
        at java.util.concurrent.locks.AbstractQueuedSynchronizer$ConditionObject.awaitNanos(AbstractQueuedSynchronizer.java:2078)
        at java.util.concurrent.LinkedBlockingQueue.poll(LinkedBlockingQueue.java:467)
        at org.apache.hadoop.ipc.CallQueueManager.take(CallQueueManager.java:288)
        at org.apache.hadoop.ipc.Server$Handler.run(Server.java:2668)
"pool-110-thread-38"  prio=5 tid=729 in Object.wait()
java.lang.Thread.State: WAITING (on object monitor)
        at sun.misc.Unsafe.park(Native Method)
        at java.util.concurrent.locks.LockSupport.park(LockSupport.java:175)
        at java.util.concurrent.locks.AbstractQueuedSynchronizer$ConditionObject.await(AbstractQueuedSynchronizer.java:2039)
        at java.util.concurrent.ArrayBlockingQueue.take(ArrayBlockingQueue.java:403)
        at java.util.concurrent.ThreadPoolExecutor.getTask(ThreadPoolExecutor.java:1074)
        at java.util.concurrent.ThreadPoolExecutor.runWorker(ThreadPoolExecutor.java:1134)
        at java.util.concurrent.ThreadPoolExecutor$Worker.run(ThreadPoolExecutor.java:624)
        at java.lang.Thread.run(Thread.java:748)
"pool-173-thread-37"  prio=5 tid=908 in Object.wait()
java.lang.Thread.State: WAITING (on object monitor)
        at sun.misc.Unsafe.park(Native Method)
        at java.util.concurrent.locks.LockSupport.park(LockSupport.java:175)
        at java.util.concurrent.locks.AbstractQueuedSynchronizer$ConditionObject.await(AbstractQueuedSynchronizer.java:2039)
        at java.util.concurrent.ArrayBlockingQueue.take(ArrayBlockingQueue.java:403)
        at java.util.concurrent.ThreadPoolExecutor.getTask(ThreadPoolExecutor.java:1074)
        at java.util.concurrent.ThreadPoolExecutor.runWorker(ThreadPoolExecutor.java:1134)
        at java.util.concurrent.ThreadPoolExecutor$Worker.run(ThreadPoolExecutor.java:624)
        at java.lang.Thread.run(Thread.java:748)
"Command processor thread" daemon prio=5 tid=299 timed_waiting
java.lang.Thread.State: TIMED_WAITING
        at java.lang.Thread.sleep(Native Method)
        at org.apache.hadoop.ozone.container.common.statemachine.DatanodeStateMachine.lambda$initCommandHandlerThread$1(DatanodeStateMachine.java:439)
        at org.apache.hadoop.ozone.container.common.statemachine.DatanodeStateMachine$$Lambda$140/804134309.run(Unknown Source)
        at java.lang.Thread.run(Thread.java:748)
"IPC Server listener on 46447" daemon prio=5 tid=19 runnable
java.lang.Thread.State: RUNNABLE
        at sun.nio.ch.EPollArrayWrapper.epollWait(Native Method)
        at sun.nio.ch.EPollArrayWrapper.poll(EPollArrayWrapper.java:269)
        at sun.nio.ch.EPollSelectorImpl.doSelect(EPollSelectorImpl.java:93)
        at sun.nio.ch.SelectorImpl.lockAndDoSelect(SelectorImpl.java:86)
        at sun.nio.ch.SelectorImpl.select(SelectorImpl.java:97)
        at sun.nio.ch.SelectorImpl.select(SelectorImpl.java:101)
        at org.apache.hadoop.ipc.Server$Listener.run(Server.java:1159)
"IPC Server handler 16 on 46447" daemon prio=5 tid=66 timed_waiting
java.lang.Thread.State: TIMED_WAITING
        at sun.misc.Unsafe.park(Native Method)
        at java.util.concurrent.locks.LockSupport.parkNanos(LockSupport.java:215)
        at java.util.concurrent.locks.AbstractQueuedSynchronizer$ConditionObject.awaitNanos(AbstractQueuedSynchronizer.java:2078)
        at java.util.concurrent.LinkedBlockingQueue.poll(LinkedBlockingQueue.java:467)
        at org.apache.hadoop.ipc.CallQueueManager.take(CallQueueManager.java:288)
        at org.apache.hadoop.ipc.Server$Handler.run(Server.java:2668)
"pool-173-thread-52"  prio=5 tid=923 in Object.wait()
java.lang.Thread.State: WAITING (on object monitor)
        at sun.misc.Unsafe.park(Native Method)
        at java.util.concurrent.locks.LockSupport.park(LockSupport.java:175)
        at java.util.concurrent.locks.AbstractQueuedSynchronizer$ConditionObject.await(AbstractQueuedSynchronizer.java:2039)
        at java.util.concurrent.ArrayBlockingQueue.take(ArrayBlockingQueue.java:403)
        at java.util.concurrent.ThreadPoolExecutor.getTask(ThreadPoolExecutor.java:1074)
        at java.util.concurrent.ThreadPoolExecutor.runWorker(ThreadPoolExecutor.java:1134)
        at java.util.concurrent.ThreadPoolExecutor$Worker.run(ThreadPoolExecutor.java:624)
        at java.lang.Thread.run(Thread.java:748)
"Command processor thread" daemon prio=5 tid=389 timed_waiting
java.lang.Thread.State: TIMED_WAITING
        at java.lang.Thread.sleep(Native Method)
        at org.apache.hadoop.ozone.container.common.statemachine.DatanodeStateMachine.lambda$initCommandHandlerThread$1(DatanodeStateMachine.java:439)
        at org.apache.hadoop.ozone.container.common.statemachine.DatanodeStateMachine$$Lambda$140/804134309.run(Unknown Source)
        at java.lang.Thread.run(Thread.java:748)
"pool-131-thread-6"  prio=5 tid=757 in Object.wait()
java.lang.Thread.State: WAITING (on object monitor)
        at sun.misc.Unsafe.park(Native Method)
        at java.util.concurrent.locks.LockSupport.park(LockSupport.java:175)
        at java.util.concurrent.locks.AbstractQueuedSynchronizer$ConditionObject.await(AbstractQueuedSynchronizer.java:2039)
        at java.util.concurrent.ArrayBlockingQueue.take(ArrayBlockingQueue.java:403)
        at java.util.concurrent.ThreadPoolExecutor.getTask(ThreadPoolExecutor.java:1074)
        at java.util.concurrent.ThreadPoolExecutor.runWorker(ThreadPoolExecutor.java:1134)
        at java.util.concurrent.ThreadPoolExecutor$Worker.run(ThreadPoolExecutor.java:624)
        at java.lang.Thread.run(Thread.java:748)
"pool-68-thread-15"  prio=5 tid=586 in Object.wait()
java.lang.Thread.State: WAITING (on object monitor)
        at sun.misc.Unsafe.park(Native Method)
        at java.util.concurrent.locks.LockSupport.park(LockSupport.java:175)
        at java.util.concurrent.locks.AbstractQueuedSynchronizer$ConditionObject.await(AbstractQueuedSynchronizer.java:2039)
        at java.util.concurrent.ArrayBlockingQueue.take(ArrayBlockingQueue.java:403)
        at java.util.concurrent.ThreadPoolExecutor.getTask(ThreadPoolExecutor.java:1074)
        at java.util.concurrent.ThreadPoolExecutor.runWorker(ThreadPoolExecutor.java:1134)
        at java.util.concurrent.ThreadPoolExecutor$Worker.run(ThreadPoolExecutor.java:624)
        at java.lang.Thread.run(Thread.java:748)
"pool-26-thread-17"  prio=5 tid=467 in Object.wait()
java.lang.Thread.State: WAITING (on object monitor)
        at sun.misc.Unsafe.park(Native Method)
        at java.util.concurrent.locks.LockSupport.park(LockSupport.java:175)
        at java.util.concurrent.locks.AbstractQueuedSynchronizer$ConditionObject.await(AbstractQueuedSynchronizer.java:2039)
        at java.util.concurrent.ArrayBlockingQueue.take(ArrayBlockingQueue.java:403)
        at java.util.concurrent.ThreadPoolExecutor.getTask(ThreadPoolExecutor.java:1074)
        at java.util.concurrent.ThreadPoolExecutor.runWorker(ThreadPoolExecutor.java:1134)
        at java.util.concurrent.ThreadPoolExecutor$Worker.run(ThreadPoolExecutor.java:624)
        at java.lang.Thread.run(Thread.java:748)
"pool-194-thread-34"  prio=5 tid=965 in Object.wait()
java.lang.Thread.State: WAITING (on object monitor)
        at sun.misc.Unsafe.park(Native Method)
        at java.util.concurrent.locks.LockSupport.park(LockSupport.java:175)
        at java.util.concurrent.locks.AbstractQueuedSynchronizer$ConditionObject.await(AbstractQueuedSynchronizer.java:2039)
        at java.util.concurrent.ArrayBlockingQueue.take(ArrayBlockingQueue.java:403)
        at java.util.concurrent.ThreadPoolExecutor.getTask(ThreadPoolExecutor.java:1074)
        at java.util.concurrent.ThreadPoolExecutor.runWorker(ThreadPoolExecutor.java:1134)
        at java.util.concurrent.ThreadPoolExecutor$Worker.run(ThreadPoolExecutor.java:624)
        at java.lang.Thread.run(Thread.java:748)
"org.eclipse.jetty.server.session.HashSessionManager@6598caabTimer" daemon prio=5 tid=408 timed_waiting
java.lang.Thread.State: TIMED_WAITING
        at sun.misc.Unsafe.park(Native Method)
        at java.util.concurrent.locks.LockSupport.parkNanos(LockSupport.java:215)
        at java.util.concurrent.locks.AbstractQueuedSynchronizer$ConditionObject.awaitNanos(AbstractQueuedSynchronizer.java:2078)
        at java.util.concurrent.ScheduledThreadPoolExecutor$DelayedWorkQueue.take(ScheduledThreadPoolExecutor.java:1093)
        at java.util.concurrent.ScheduledThreadPoolExecutor$DelayedWorkQueue.take(ScheduledThreadPoolExecutor.java:809)
        at java.util.concurrent.ThreadPoolExecutor.getTask(ThreadPoolExecutor.java:1074)
        at java.util.concurrent.ThreadPoolExecutor.runWorker(ThreadPoolExecutor.java:1134)
        at java.util.concurrent.ThreadPoolExecutor$Worker.run(ThreadPoolExecutor.java:624)
        at java.lang.Thread.run(Thread.java:748)
"grpc-default-executor-3" daemon prio=5 tid=1213 timed_waiting
java.lang.Thread.State: TIMED_WAITING
        at sun.misc.Unsafe.park(Native Method)
        at java.util.concurrent.locks.LockSupport.parkNanos(LockSupport.java:215)
        at java.util.concurrent.SynchronousQueue$TransferStack.awaitFulfill(SynchronousQueue.java:460)
        at java.util.concurrent.SynchronousQueue$TransferStack.transfer(SynchronousQueue.java:362)
        at java.util.concurrent.SynchronousQueue.poll(SynchronousQueue.java:941)
        at java.util.concurrent.ThreadPoolExecutor.getTask(ThreadPoolExecutor.java:1073)
        at java.util.concurrent.ThreadPoolExecutor.runWorker(ThreadPoolExecutor.java:1134)
        at java.util.concurrent.ThreadPoolExecutor$Worker.run(ThreadPoolExecutor.java:624)
        at java.lang.Thread.run(Thread.java:748)
"22b2fce2-e0c4-4bfe-a1ac-a7ae08b7b321-RaftLogWorker"  prio=5 tid=1145 timed_waiting
java.lang.Thread.State: TIMED_WAITING
        at sun.misc.Unsafe.park(Native Method)
        at java.util.concurrent.locks.LockSupport.parkNanos(LockSupport.java:215)
        at java.util.concurrent.locks.AbstractQueuedSynchronizer$ConditionObject.awaitNanos(AbstractQueuedSynchronizer.java:2078)
        at org.apache.ratis.util.DataBlockingQueue.poll(DataBlockingQueue.java:137)
        at org.apache.ratis.server.storage.RaftLogWorker.run(RaftLogWorker.java:216)
        at java.lang.Thread.run(Thread.java:748)
"pool-131-thread-7"  prio=5 tid=758 in Object.wait()
java.lang.Thread.State: WAITING (on object monitor)
        at sun.misc.Unsafe.park(Native Method)
        at java.util.concurrent.locks.LockSupport.park(LockSupport.java:175)
        at java.util.concurrent.locks.AbstractQueuedSynchronizer$ConditionObject.await(AbstractQueuedSynchronizer.java:2039)
        at java.util.concurrent.ArrayBlockingQueue.take(ArrayBlockingQueue.java:403)
        at java.util.concurrent.ThreadPoolExecutor.getTask(ThreadPoolExecutor.java:1074)
        at java.util.concurrent.ThreadPoolExecutor.runWorker(ThreadPoolExecutor.java:1134)
        at java.util.concurrent.ThreadPoolExecutor$Worker.run(ThreadPoolExecutor.java:624)
        at java.lang.Thread.run(Thread.java:748)
"pool-68-thread-9"  prio=5 tid=580 in Object.wait()
java.lang.Thread.State: WAITING (on object monitor)
        at sun.misc.Unsafe.park(Native Method)
        at java.util.concurrent.locks.LockSupport.park(LockSupport.java:175)
        at java.util.concurrent.locks.AbstractQueuedSynchronizer$ConditionObject.await(AbstractQueuedSynchronizer.java:2039)
        at java.util.concurrent.ArrayBlockingQueue.take(ArrayBlockingQueue.java:403)
        at java.util.concurrent.ThreadPoolExecutor.getTask(ThreadPoolExecutor.java:1074)
        at java.util.concurrent.ThreadPoolExecutor.runWorker(ThreadPoolExecutor.java:1134)
        at java.util.concurrent.ThreadPoolExecutor$Worker.run(ThreadPoolExecutor.java:624)
        at java.lang.Thread.run(Thread.java:748)
"BlockDeletingService#1" daemon prio=5 tid=368 timed_waiting
java.lang.Thread.State: TIMED_WAITING
        at sun.misc.Unsafe.park(Native Method)
        at java.util.concurrent.locks.LockSupport.parkNanos(LockSupport.java:215)
        at java.util.concurrent.locks.AbstractQueuedSynchronizer$ConditionObject.awaitNanos(AbstractQueuedSynchronizer.java:2078)
        at java.util.concurrent.ScheduledThreadPoolExecutor$DelayedWorkQueue.take(ScheduledThreadPoolExecutor.java:1093)
        at java.util.concurrent.ScheduledThreadPoolExecutor$DelayedWorkQueue.take(ScheduledThreadPoolExecutor.java:809)
        at java.util.concurrent.ThreadPoolExecutor.getTask(ThreadPoolExecutor.java:1074)
        at java.util.concurrent.ThreadPoolExecutor.runWorker(ThreadPoolExecutor.java:1134)
        at java.util.concurrent.ThreadPoolExecutor$Worker.run(ThreadPoolExecutor.java:624)
        at java.lang.Thread.run(Thread.java:748)
"pool-131-thread-27"  prio=5 tid=778 in Object.wait()
java.lang.Thread.State: WAITING (on object monitor)
        at sun.misc.Unsafe.park(Native Method)
        at java.util.concurrent.locks.LockSupport.park(LockSupport.java:175)
        at java.util.concurrent.locks.AbstractQueuedSynchronizer$ConditionObject.await(AbstractQueuedSynchronizer.java:2039)
        at java.util.concurrent.ArrayBlockingQueue.take(ArrayBlockingQueue.java:403)
        at java.util.concurrent.ThreadPoolExecutor.getTask(ThreadPoolExecutor.java:1074)
        at java.util.concurrent.ThreadPoolExecutor.runWorker(ThreadPoolExecutor.java:1134)
        at java.util.concurrent.ThreadPoolExecutor$Worker.run(ThreadPoolExecutor.java:624)
        at java.lang.Thread.run(Thread.java:748)
"Thread-346" daemon prio=5 tid=1159 timed_waiting
java.lang.Thread.State: TIMED_WAITING
        at java.lang.Thread.sleep(Native Method)
        at org.apache.ratis.server.impl.FollowerState.run(FollowerState.java:94)
"pool-215-thread-28"  prio=5 tid=1019 in Object.wait()
java.lang.Thread.State: WAITING (on object monitor)
        at sun.misc.Unsafe.park(Native Method)
        at java.util.concurrent.locks.LockSupport.park(LockSupport.java:175)
        at java.util.concurrent.locks.AbstractQueuedSynchronizer$ConditionObject.await(AbstractQueuedSynchronizer.java:2039)
        at java.util.concurrent.ArrayBlockingQueue.take(ArrayBlockingQueue.java:403)
        at java.util.concurrent.ThreadPoolExecutor.getTask(ThreadPoolExecutor.java:1074)
        at java.util.concurrent.ThreadPoolExecutor.runWorker(ThreadPoolExecutor.java:1134)
        at java.util.concurrent.ThreadPoolExecutor$Worker.run(ThreadPoolExecutor.java:624)
        at java.lang.Thread.run(Thread.java:748)
"pool-173-thread-34"  prio=5 tid=905 in Object.wait()
java.lang.Thread.State: WAITING (on object monitor)
        at sun.misc.Unsafe.park(Native Method)
        at java.util.concurrent.locks.LockSupport.park(LockSupport.java:175)
        at java.util.concurrent.locks.AbstractQueuedSynchronizer$ConditionObject.await(AbstractQueuedSynchronizer.java:2039)
        at java.util.concurrent.ArrayBlockingQueue.take(ArrayBlockingQueue.java:403)
        at java.util.concurrent.ThreadPoolExecutor.getTask(ThreadPoolExecutor.java:1074)
        at java.util.concurrent.ThreadPoolExecutor.runWorker(ThreadPoolExecutor.java:1134)
        at java.util.concurrent.ThreadPoolExecutor$Worker.run(ThreadPoolExecutor.java:624)
        at java.lang.Thread.run(Thread.java:748)


	at org.apache.hadoop.test.GenericTestUtils.waitFor(GenericTestUtils.java:389)
	at org.apache.hadoop.ozone.MiniOzoneClusterImpl.waitForClusterToBeReady(MiniOzoneClusterImpl.java:139)
	at org.apache.hadoop.ozone.container.common.statemachine.commandhandler.TestCloseContainerByPipeline.init(TestCloseContainerByPipeline.java:80)
	at sun.reflect.NativeMethodAccessorImpl.invoke0(Native Method)
	at sun.reflect.NativeMethodAccessorImpl.invoke(NativeMethodAccessorImpl.java:62)
	at sun.reflect.DelegatingMethodAccessorImpl.invoke(DelegatingMethodAccessorImpl.java:43)
	at java.lang.reflect.Method.invoke(Method.java:498)
	at org.junit.runners.model.FrameworkMethod$1.runReflectiveCall(FrameworkMethod.java:47)
	at org.junit.internal.runners.model.ReflectiveCallable.run(ReflectiveCallable.java:12)
	at org.junit.runners.model.FrameworkMethod.invokeExplosively(FrameworkMethod.java:44)
	at org.junit.internal.runners.statements.RunBefores.evaluate(RunBefores.java:24)
	at org.junit.internal.runners.statements.RunAfters.evaluate(RunAfters.java:27)
	at org.junit.runners.ParentRunner.run(ParentRunner.java:309)
	at org.apache.maven.surefire.junit4.JUnit4Provider.execute(JUnit4Provider.java:365)
	at org.apache.maven.surefire.junit4.JUnit4Provider.executeWithRerun(JUnit4Provider.java:273)
	at org.apache.maven.surefire.junit4.JUnit4Provider.executeTestSet(JUnit4Provider.java:238)
	at org.apache.maven.surefire.junit4.JUnit4Provider.invoke(JUnit4Provider.java:159)
	at org.apache.maven.surefire.booter.ForkedBooter.invokeProviderInSameClassLoader(ForkedBooter.java:384)
	at org.apache.maven.surefire.booter.ForkedBooter.runSuitesInProcess(ForkedBooter.java:345)
	at org.apache.maven.surefire.booter.ForkedBooter.execute(ForkedBooter.java:126)
	at org.apache.maven.surefire.booter.ForkedBooter.main(ForkedBooter.java:418)
</error>
    <system-out><![CDATA[2019-06-13 20:52:43,378 WARN  server.ServerUtils (ServerUtils.java:getScmDbDir(145)) - ozone.scm.db.dirs is not configured. We recommend adding this setting. Falling back to ozone.metadata.dirs instead.
2019-06-13 20:52:43,454 WARN  server.ServerUtils (ServerUtils.java:getScmDbDir(145)) - ozone.scm.db.dirs is not configured. We recommend adding this setting. Falling back to ozone.metadata.dirs instead.
2019-06-13 20:52:43,457 WARN  server.ServerUtils (ServerUtils.java:getScmDbDir(145)) - ozone.scm.db.dirs is not configured. We recommend adding this setting. Falling back to ozone.metadata.dirs instead.
2019-06-13 20:52:43,471 INFO  util.log (Log.java:initialized(192)) - Logging initialized @695ms
2019-06-13 20:52:43,553 INFO  db.DBStoreBuilder (DBStoreBuilder.java:addTable(110)) - using custom profile for table: deletedBlocks
2019-06-13 20:52:43,554 INFO  db.DBStoreBuilder (DBStoreBuilder.java:processTables(161)) - Using default column profile:DBProfile.DISK for Table:deletedBlocks
2019-06-13 20:52:43,554 INFO  db.DBStoreBuilder (DBStoreBuilder.java:addTable(110)) - using custom profile for table: validCerts
2019-06-13 20:52:43,554 INFO  db.DBStoreBuilder (DBStoreBuilder.java:processTables(161)) - Using default column profile:DBProfile.DISK for Table:validCerts
2019-06-13 20:52:43,554 INFO  db.DBStoreBuilder (DBStoreBuilder.java:addTable(110)) - using custom profile for table: revokedCerts
2019-06-13 20:52:43,555 INFO  db.DBStoreBuilder (DBStoreBuilder.java:processTables(161)) - Using default column profile:DBProfile.DISK for Table:revokedCerts
2019-06-13 20:52:43,565 INFO  db.DBStoreBuilder (DBStoreBuilder.java:addTable(110)) - using custom profile for table: default
2019-06-13 20:52:43,565 INFO  db.DBStoreBuilder (DBStoreBuilder.java:processTables(167)) - Using default column profile:DBProfile.DISK for Table:default
2019-06-13 20:52:43,566 INFO  db.DBStoreBuilder (DBStoreBuilder.java:getDbProfile(198)) - Using default options. DBProfile.DISK
2019-06-13 20:52:43,629 WARN  server.ServerUtils (ServerUtils.java:sanitizeUserArgs(70)) - ozone.scm.stale.node.interval value = 300000 is larger than max = 100000 based on the key value of ozone.scm.heartbeat.thread.interval, reset to the max value 100000.
2019-06-13 20:52:43,630 WARN  server.ServerUtils (ServerUtils.java:sanitizeUserArgs(70)) - ozone.scm.stale.node.interval value = 300000 is larger than max = 100000 based on the key value of ozone.scm.heartbeat.thread.interval, reset to the max value 100000.
2019-06-13 20:52:43,631 INFO  node.SCMNodeManager (SCMNodeManager.java:<init>(108)) - Entering startup safe mode.
2019-06-13 20:52:43,692 INFO  net.NodeSchemaLoader (NodeSchemaLoader.java:loadSchemaFromFile(125)) - Loading file from sun.misc.CompoundEnumeration@2b71e916
2019-06-13 20:52:43,694 INFO  net.NodeSchemaLoader (NodeSchemaLoader.java:loadSchema(171)) - Loading network topology layer schema file
2019-06-13 20:52:43,744 WARN  server.ServerUtils (ServerUtils.java:getScmDbDir(145)) - ozone.scm.db.dirs is not configured. We recommend adding this setting. Falling back to ozone.metadata.dirs instead.
2019-06-13 20:52:43,764 INFO  pipeline.SCMPipelineManager (SCMPipelineManager.java:initializePipelineState(126)) - No pipeline exists in current db
2019-06-13 20:52:43,765 WARN  server.ServerUtils (ServerUtils.java:getScmDbDir(145)) - ozone.scm.db.dirs is not configured. We recommend adding this setting. Falling back to ozone.metadata.dirs instead.
2019-06-13 20:52:43,820 WARN  events.EventQueue (EventQueue.java:fireEvent(175)) - No event handler registered for event TypedEvent{payloadType=SafeModeStatus, name='SafeModeStatus'}
2019-06-13 20:52:44,143 INFO  ipc.CallQueueManager (CallQueueManager.java:<init>(84)) - Using callQueue: class java.util.concurrent.LinkedBlockingQueue, queueCapacity: 2000, scheduler: class org.apache.hadoop.ipc.DefaultRpcScheduler, ipcBackoff: false.
2019-06-13 20:52:44,173 INFO  ipc.Server (Server.java:run(1074)) - Starting Socket Reader #1 for port 33779
2019-06-13 20:52:44,198 INFO  ipc.CallQueueManager (CallQueueManager.java:<init>(84)) - Using callQueue: class java.util.concurrent.LinkedBlockingQueue, queueCapacity: 2000, scheduler: class org.apache.hadoop.ipc.DefaultRpcScheduler, ipcBackoff: false.
2019-06-13 20:52:44,224 INFO  ipc.Server (Server.java:run(1074)) - Starting Socket Reader #1 for port 46447
2019-06-13 20:52:44,231 INFO  ipc.CallQueueManager (CallQueueManager.java:<init>(84)) - Using callQueue: class java.util.concurrent.LinkedBlockingQueue, queueCapacity: 2000, scheduler: class org.apache.hadoop.ipc.DefaultRpcScheduler, ipcBackoff: false.
2019-06-13 20:52:44,232 INFO  ipc.Server (Server.java:run(1074)) - Starting Socket Reader #1 for port 33423
2019-06-13 20:52:44,249 INFO  hdfs.DFSUtil (DFSUtil.java:httpServerTemplateForNNAndJN(1641)) - Starting Web-server for scm at: http://0.0.0.0:0
2019-06-13 20:52:44,417 INFO  server.AuthenticationFilter (AuthenticationFilter.java:constructSecretProvider(240)) - Unable to initialize FileSignerSecretProvider, falling back to use random secrets.
2019-06-13 20:52:44,425 WARN  http.HttpRequestLog (HttpRequestLog.java:getRequestLog(97)) - Jetty request log can only be enabled using Log4j
2019-06-13 20:52:44,431 INFO  http.HttpServer2 (HttpServer2.java:addGlobalFilter(975)) - Added global filter 'safety' (class=org.apache.hadoop.http.HttpServer2$QuotingInputFilter)
2019-06-13 20:52:44,433 INFO  http.HttpServer2 (HttpServer2.java:addFilter(948)) - Added filter static_user_filter (class=org.apache.hadoop.http.lib.StaticUserWebFilter$StaticUserFilter) to context scm
2019-06-13 20:52:44,434 INFO  http.HttpServer2 (HttpServer2.java:addFilter(958)) - Added filter static_user_filter (class=org.apache.hadoop.http.lib.StaticUserWebFilter$StaticUserFilter) to context logs
2019-06-13 20:52:44,434 INFO  http.HttpServer2 (HttpServer2.java:addFilter(958)) - Added filter static_user_filter (class=org.apache.hadoop.http.lib.StaticUserWebFilter$StaticUserFilter) to context static
2019-06-13 20:52:44,457 INFO  server.StorageContainerManager (StorageContainerManager.java:start(752)) - StorageContainerLocationProtocol RPC server is listening at /0.0.0.0:33423
2019-06-13 20:52:44,506 WARN  impl.MetricsConfig (MetricsConfig.java:loadFirst(134)) - Cannot locate configuration: tried hadoop-metrics2-storagecontainermanager.properties,hadoop-metrics2.properties
2019-06-13 20:52:44,516 INFO  impl.MetricsSystemImpl (MetricsSystemImpl.java:startTimer(374)) - Scheduled Metric snapshot period at 10 second(s).
2019-06-13 20:52:44,516 INFO  impl.MetricsSystemImpl (MetricsSystemImpl.java:start(191)) - StorageContainerManager metrics system started
2019-06-13 20:52:44,689 INFO  server.SCMClientProtocolServer (SCMClientProtocolServer.java:start(149)) - RPC server for Client  is listening at /0.0.0.0:33423
2019-06-13 20:52:44,689 INFO  ipc.Server (Server.java:run(1314)) - IPC Server Responder: starting
2019-06-13 20:52:44,690 INFO  ipc.Server (Server.java:run(1153)) - IPC Server listener on 33423: starting
2019-06-13 20:52:44,698 INFO  server.StorageContainerManager (StorageContainerManager.java:start(761)) - ScmBlockLocationProtocol RPC server is listening at /0.0.0.0:46447
2019-06-13 20:52:44,698 INFO  server.SCMBlockProtocolServer (SCMBlockProtocolServer.java:start(137)) - RPC server for Block Protocol is listening at /0.0.0.0:46447
2019-06-13 20:52:44,698 INFO  ipc.Server (Server.java:run(1314)) - IPC Server Responder: starting
2019-06-13 20:52:44,698 INFO  ipc.Server (Server.java:run(1153)) - IPC Server listener on 46447: starting
2019-06-13 20:52:44,700 INFO  server.StorageContainerManager (StorageContainerManager.java:start(765)) - ScmDatanodeProtocl RPC server is listening at /0.0.0.0:33779
2019-06-13 20:52:44,701 INFO  server.SCMDatanodeProtocolServer (SCMDatanodeProtocolServer.java:start(191)) - RPC server for DataNodes is listening at /0.0.0.0:33779
2019-06-13 20:52:44,701 INFO  ipc.Server (Server.java:run(1314)) - IPC Server Responder: starting
2019-06-13 20:52:44,701 INFO  ipc.Server (Server.java:run(1153)) - IPC Server listener on 33779: starting
2019-06-13 20:52:44,704 INFO  http.HttpServer2 (HttpServer2.java:bindListener(1191)) - Jetty bound to port 41619
2019-06-13 20:52:44,706 INFO  server.Server (Server.java:doStart(351)) - jetty-9.3.24.v20180605, build timestamp: 2018-06-05T17:11:56Z, git hash: 84205aa28f11a4f31f2a3b86d1bba2cc8ab69827
2019-06-13 20:52:44,741 INFO  handler.ContextHandler (ContextHandler.java:doStart(781)) - Started o.e.j.s.ServletContextHandler@12ed9db6{/logs,file:///opt/src/hadoop-ozone/integration-test/target/log,AVAILABLE}
2019-06-13 20:52:44,743 INFO  handler.ContextHandler (ContextHandler.java:doStart(781)) - Started o.e.j.s.ServletContextHandler@49cb9cb5{/static,file:///opt/src/hadoop-ozone/integration-test/target/test-classes/webapps/static,AVAILABLE}
2019-06-13 20:52:44,777 INFO  handler.ContextHandler (ContextHandler.java:doStart(781)) - Started o.e.j.w.WebAppContext@60b71e8f{/,file:///opt/src/hadoop-ozone/integration-test/target/test-classes/webapps/scm/,AVAILABLE}{/scm}
2019-06-13 20:52:44,783 INFO  server.AbstractConnector (AbstractConnector.java:doStart(278)) - Started ServerConnector@27a5328c{HTTP/1.1,[http/1.1]}{0.0.0.0:41619}
2019-06-13 20:52:44,783 INFO  server.Server (Server.java:doStart(419)) - Started @2007ms
2019-06-13 20:52:44,784 INFO  server.BaseHttpServer (BaseHttpServer.java:updateConnectorAddress(207)) - HTTP server of SCM is listening at http://0.0.0.0:41619
2019-06-13 20:52:44,801 INFO  util.JvmPauseMonitor (JvmPauseMonitor.java:run(188)) - Starting JVM pause monitor
2019-06-13 20:52:44,804 WARN  scm.ScmUtils (ScmUtils.java:getDBPath(63)) - ozone.om.db.dirs is not configured. We recommend adding this setting. Falling back to ozone.metadata.dirs instead.
2019-06-13 20:52:44,890 WARN  scm.ScmUtils (ScmUtils.java:getDBPath(63)) - ozone.om.db.dirs is not configured. We recommend adding this setting. Falling back to ozone.metadata.dirs instead.
2019-06-13 20:52:44,891 INFO  om.OzoneManager (OzoneManager.java:setOMNodeDetails(519)) - OM Service ID is not set. Setting it to the default ID: omServiceIdDefault
2019-06-13 20:52:44,891 INFO  om.OzoneManager (OzoneManager.java:setOMNodeDetails(525)) - OM Node ID is not set. Setting it to the OmStorage's OmID: 6be6ae5f-ed7e-4e17-85b6-664afaca7640
2019-06-13 20:52:44,893 WARN  scm.HddsServerUtil (HddsServerUtil.java:getDefaultRatisDirectory(354)) - Storage directory for Ratis is not configured. It is a good idea to map this to an SSD disk. Falling back to ozone.metadata.dirs
2019-06-13 20:52:44,893 WARN  scm.HddsServerUtil (HddsServerUtil.java:getDefaultRatisDirectory(354)) - Storage directory for Ratis is not configured. It is a good idea to map this to an SSD disk. Falling back to ozone.metadata.dirs
2019-06-13 20:52:44,893 INFO  om.OzoneManager (OzoneManager.java:loadOMHAConfigs(476)) - Found matching OM address with OMServiceId: null, OMNodeId: null, RPC Address: localhost:0 and Ratis port: 9872
2019-06-13 20:52:45,086 WARN  scm.ScmUtils (ScmUtils.java:getDBPath(63)) - ozone.om.db.dirs is not configured. We recommend adding this setting. Falling back to ozone.metadata.dirs instead.
2019-06-13 20:52:45,094 INFO  db.DBStoreBuilder (DBStoreBuilder.java:addTable(110)) - using custom profile for table: userTable
2019-06-13 20:52:45,094 INFO  db.DBStoreBuilder (DBStoreBuilder.java:processTables(161)) - Using default column profile:DBProfile.DISK for Table:userTable
2019-06-13 20:52:45,094 INFO  db.DBStoreBuilder (DBStoreBuilder.java:addTable(110)) - using custom profile for table: volumeTable
2019-06-13 20:52:45,094 INFO  db.DBStoreBuilder (DBStoreBuilder.java:processTables(161)) - Using default column profile:DBProfile.DISK for Table:volumeTable
2019-06-13 20:52:45,095 INFO  db.DBStoreBuilder (DBStoreBuilder.java:addTable(110)) - using custom profile for table: bucketTable
2019-06-13 20:52:45,095 INFO  db.DBStoreBuilder (DBStoreBuilder.java:processTables(161)) - Using default column profile:DBProfile.DISK for Table:bucketTable
2019-06-13 20:52:45,096 INFO  db.DBStoreBuilder (DBStoreBuilder.java:addTable(110)) - using custom profile for table: keyTable
2019-06-13 20:52:45,096 INFO  db.DBStoreBuilder (DBStoreBuilder.java:processTables(161)) - Using default column profile:DBProfile.DISK for Table:keyTable
2019-06-13 20:52:45,096 INFO  db.DBStoreBuilder (DBStoreBuilder.java:addTable(110)) - using custom profile for table: deletedTable
2019-06-13 20:52:45,096 INFO  db.DBStoreBuilder (DBStoreBuilder.java:processTables(161)) - Using default column profile:DBProfile.DISK for Table:deletedTable
2019-06-13 20:52:45,096 INFO  db.DBStoreBuilder (DBStoreBuilder.java:addTable(110)) - using custom profile for table: openKeyTable
2019-06-13 20:52:45,097 INFO  db.DBStoreBuilder (DBStoreBuilder.java:processTables(161)) - Using default column profile:DBProfile.DISK for Table:openKeyTable
2019-06-13 20:52:45,097 INFO  db.DBStoreBuilder (DBStoreBuilder.java:addTable(110)) - using custom profile for table: s3Table
2019-06-13 20:52:45,097 INFO  db.DBStoreBuilder (DBStoreBuilder.java:processTables(161)) - Using default column profile:DBProfile.DISK for Table:s3Table
2019-06-13 20:52:45,097 INFO  db.DBStoreBuilder (DBStoreBuilder.java:addTable(110)) - using custom profile for table: multipartInfoTable
2019-06-13 20:52:45,097 INFO  db.DBStoreBuilder (DBStoreBuilder.java:processTables(161)) - Using default column profile:DBProfile.DISK for Table:multipartInfoTable
2019-06-13 20:52:45,100 INFO  db.DBStoreBuilder (DBStoreBuilder.java:addTable(110)) - using custom profile for table: dTokenTable
2019-06-13 20:52:45,101 INFO  db.DBStoreBuilder (DBStoreBuilder.java:processTables(161)) - Using default column profile:DBProfile.DISK for Table:dTokenTable
2019-06-13 20:52:45,101 INFO  db.DBStoreBuilder (DBStoreBuilder.java:addTable(110)) - using custom profile for table: s3SecretTable
2019-06-13 20:52:45,101 INFO  db.DBStoreBuilder (DBStoreBuilder.java:processTables(161)) - Using default column profile:DBProfile.DISK for Table:s3SecretTable
2019-06-13 20:52:45,101 INFO  db.DBStoreBuilder (DBStoreBuilder.java:addTable(110)) - using custom profile for table: prefixTable
2019-06-13 20:52:45,102 INFO  db.DBStoreBuilder (DBStoreBuilder.java:processTables(161)) - Using default column profile:DBProfile.DISK for Table:prefixTable
2019-06-13 20:52:45,102 INFO  db.DBStoreBuilder (DBStoreBuilder.java:addTable(110)) - using custom profile for table: default
2019-06-13 20:52:45,102 INFO  db.DBStoreBuilder (DBStoreBuilder.java:processTables(167)) - Using default column profile:DBProfile.DISK for Table:default
2019-06-13 20:52:45,102 INFO  db.DBStoreBuilder (DBStoreBuilder.java:getDbProfile(198)) - Using default options. DBProfile.DISK
2019-06-13 20:52:45,702 INFO  ipc.CallQueueManager (CallQueueManager.java:<init>(84)) - Using callQueue: class java.util.concurrent.LinkedBlockingQueue, queueCapacity: 2000, scheduler: class org.apache.hadoop.ipc.DefaultRpcScheduler, ipcBackoff: false.
2019-06-13 20:52:45,703 INFO  ipc.Server (Server.java:run(1074)) - Starting Socket Reader #1 for port 38877
2019-06-13 20:52:45,729 WARN  scm.ScmUtils (ScmUtils.java:getDBPath(63)) - ozone.om.db.dirs is not configured. We recommend adding this setting. Falling back to ozone.metadata.dirs instead.
2019-06-13 20:52:45,729 INFO  om.OzoneManager (OzoneManager.java:start(1217)) - OzoneManager RPC server is listening at localhost/127.0.0.1:38877
2019-06-13 20:52:45,730 INFO  impl.MetricsSystemImpl (MetricsSystemImpl.java:init(158)) - OzoneManager metrics system started (again)
2019-06-13 20:52:45,730 INFO  ipc.Server (Server.java:run(1314)) - IPC Server Responder: starting
2019-06-13 20:52:45,733 INFO  ipc.Server (Server.java:run(1153)) - IPC Server listener on 38877: starting
2019-06-13 20:52:45,767 INFO  hdfs.DFSUtil (DFSUtil.java:httpServerTemplateForNNAndJN(1641)) - Starting Web-server for ozoneManager at: http://0.0.0.0:0
2019-06-13 20:52:45,768 INFO  server.AuthenticationFilter (AuthenticationFilter.java:constructSecretProvider(240)) - Unable to initialize FileSignerSecretProvider, falling back to use random secrets.
2019-06-13 20:52:45,768 WARN  http.HttpRequestLog (HttpRequestLog.java:getRequestLog(97)) - Jetty request log can only be enabled using Log4j
2019-06-13 20:52:45,770 INFO  http.HttpServer2 (HttpServer2.java:addGlobalFilter(975)) - Added global filter 'safety' (class=org.apache.hadoop.http.HttpServer2$QuotingInputFilter)
2019-06-13 20:52:45,771 INFO  http.HttpServer2 (HttpServer2.java:addFilter(948)) - Added filter static_user_filter (class=org.apache.hadoop.http.lib.StaticUserWebFilter$StaticUserFilter) to context ozoneManager
2019-06-13 20:52:45,772 INFO  http.HttpServer2 (HttpServer2.java:addFilter(958)) - Added filter static_user_filter (class=org.apache.hadoop.http.lib.StaticUserWebFilter$StaticUserFilter) to context logs
2019-06-13 20:52:45,772 INFO  http.HttpServer2 (HttpServer2.java:addFilter(958)) - Added filter static_user_filter (class=org.apache.hadoop.http.lib.StaticUserWebFilter$StaticUserFilter) to context static
2019-06-13 20:52:45,773 INFO  http.HttpServer2 (HttpServer2.java:bindListener(1191)) - Jetty bound to port 42673
2019-06-13 20:52:45,774 INFO  server.Server (Server.java:doStart(351)) - jetty-9.3.24.v20180605, build timestamp: 2018-06-05T17:11:56Z, git hash: 84205aa28f11a4f31f2a3b86d1bba2cc8ab69827
2019-06-13 20:52:45,783 INFO  handler.ContextHandler (ContextHandler.java:doStart(781)) - Started o.e.j.s.ServletContextHandler@375b5b7f{/logs,file:///opt/src/hadoop-ozone/integration-test/target/log,AVAILABLE}
2019-06-13 20:52:45,783 INFO  handler.ContextHandler (ContextHandler.java:doStart(781)) - Started o.e.j.s.ServletContextHandler@28cb9120{/static,file:///opt/src/hadoop-ozone/integration-test/target/test-classes/webapps/static,AVAILABLE}
2019-06-13 20:52:45,788 INFO  handler.ContextHandler (ContextHandler.java:doStart(781)) - Started o.e.j.w.WebAppContext@60baef24{/,file:///opt/src/hadoop-ozone/integration-test/target/test-classes/webapps/ozoneManager/,AVAILABLE}{/ozoneManager}
2019-06-13 20:52:45,789 INFO  server.AbstractConnector (AbstractConnector.java:doStart(278)) - Started ServerConnector@61533ae{HTTP/1.1,[http/1.1]}{0.0.0.0:42673}
2019-06-13 20:52:45,789 INFO  server.Server (Server.java:doStart(419)) - Started @3013ms
2019-06-13 20:52:45,790 INFO  server.BaseHttpServer (BaseHttpServer.java:updateConnectorAddress(207)) - HTTP server of OZONEMANAGER is listening at http://0.0.0.0:42673
2019-06-13 20:52:45,938 INFO  impl.MetricsSystemImpl (MetricsSystemImpl.java:init(158)) - HddsDatanode metrics system started (again)
2019-06-13 20:52:46,094 INFO  ozone.HddsDatanodeService (HddsDatanodeService.java:start(185)) - HddsDatanodeService host:ozone-n9fvl-1305937406 ip:192.168.46.63
2019-06-13 20:52:46,124 INFO  volume.HddsVolume (HddsVolume.java:<init>(176)) - Creating Volume: /opt/src/hadoop-ozone/integration-test/target/test-dir/MiniOzoneClusterImpl-add696fe-84ac-4b45-a2ee-012b057e1087/datanode-0/data/containers/hdds of  storage type : DISK and capacity : 104021790720
2019-06-13 20:52:46,126 INFO  volume.VolumeSet (VolumeSet.java:initializeVolumeSet(170)) - Added Volume : /opt/src/hadoop-ozone/integration-test/target/test-dir/MiniOzoneClusterImpl-add696fe-84ac-4b45-a2ee-012b057e1087/datanode-0/data/containers/hdds to VolumeSet
2019-06-13 20:52:46,130 INFO  volume.ThrottledAsyncChecker (ThrottledAsyncChecker.java:schedule(140)) - Scheduling a check for org.apache.hadoop.ozone.container.common.volume.HddsVolume@66c83fc8
2019-06-13 20:52:46,148 INFO  volume.HddsVolumeChecker (HddsVolumeChecker.java:checkAllVolumes(203)) - Scheduled health check for volume org.apache.hadoop.ozone.container.common.volume.HddsVolume@66c83fc8
2019-06-13 20:52:46,194 INFO  ratis.XceiverServerRatis (XceiverServerRatis.java:newXceiverServerRatis(401)) - Found a free port for the server : 38007
2019-06-13 20:52:46,262 INFO  impl.RaftServerProxy (ConfUtils.java:logGet(43)) - raft.rpc.type = GRPC (default)
2019-06-13 20:52:46,272 INFO  grpc.GrpcConfigKeys$Server (ConfUtils.java:logGet(43)) - raft.grpc.server.port = 38007 (custom)
2019-06-13 20:52:46,273 INFO  server.GrpcService (ConfUtils.java:logGet(43)) - raft.grpc.message.size.max = 33570816 (custom)
2019-06-13 20:52:46,274 INFO  server.RaftServerConfigKeys (ConfUtils.java:logGet(43)) - raft.server.log.appender.buffer.byte-limit = 33554432 (custom)
2019-06-13 20:52:46,275 INFO  server.GrpcService (ConfUtils.java:logGet(43)) - raft.grpc.flow.control.window = 1MB (=1048576) (default)
2019-06-13 20:52:46,276 INFO  server.RaftServerConfigKeys (ConfUtils.java:logGet(43)) - raft.server.rpc.request.timeout = 3000ms (default)
2019-06-13 20:52:46,425 INFO  server.RaftServerConfigKeys (ConfUtils.java:logGet(43)) - raft.server.storage.dir = [/opt/src/hadoop-ozone/integration-test/target/test-dir/MiniOzoneClusterImpl-add696fe-84ac-4b45-a2ee-012b057e1087/datanode-0/data/ratis] (custom)
2019-06-13 20:52:46,432 INFO  server.XceiverServerGrpc (XceiverServerGrpc.java:<init>(97)) - Found a free port for the server : 45359
2019-06-13 20:52:46,461 INFO  replication.SimpleContainerDownloader (SimpleContainerDownloader.java:<init>(72)) - Starting container downloader service to copy containers to replicate.
2019-06-13 20:52:46,471 INFO  hdfs.DFSUtil (DFSUtil.java:httpServerTemplateForNNAndJN(1641)) - Starting Web-server for hddsDatanode at: http://0.0.0.0:0
2019-06-13 20:52:46,472 INFO  server.AuthenticationFilter (AuthenticationFilter.java:constructSecretProvider(240)) - Unable to initialize FileSignerSecretProvider, falling back to use random secrets.
2019-06-13 20:52:46,473 WARN  http.HttpRequestLog (HttpRequestLog.java:getRequestLog(97)) - Jetty request log can only be enabled using Log4j
2019-06-13 20:52:46,475 INFO  http.HttpServer2 (HttpServer2.java:addGlobalFilter(975)) - Added global filter 'safety' (class=org.apache.hadoop.http.HttpServer2$QuotingInputFilter)
2019-06-13 20:52:46,476 INFO  http.HttpServer2 (HttpServer2.java:addFilter(948)) - Added filter static_user_filter (class=org.apache.hadoop.http.lib.StaticUserWebFilter$StaticUserFilter) to context hddsDatanode
2019-06-13 20:52:46,476 INFO  http.HttpServer2 (HttpServer2.java:addFilter(958)) - Added filter static_user_filter (class=org.apache.hadoop.http.lib.StaticUserWebFilter$StaticUserFilter) to context logs
2019-06-13 20:52:46,476 INFO  http.HttpServer2 (HttpServer2.java:addFilter(958)) - Added filter static_user_filter (class=org.apache.hadoop.http.lib.StaticUserWebFilter$StaticUserFilter) to context static
2019-06-13 20:52:46,477 INFO  http.HttpServer2 (HttpServer2.java:bindListener(1191)) - Jetty bound to port 38179
2019-06-13 20:52:46,477 INFO  server.Server (Server.java:doStart(351)) - jetty-9.3.24.v20180605, build timestamp: 2018-06-05T17:11:56Z, git hash: 84205aa28f11a4f31f2a3b86d1bba2cc8ab69827
2019-06-13 20:52:46,479 INFO  handler.ContextHandler (ContextHandler.java:doStart(781)) - Started o.e.j.s.ServletContextHandler@4743a322{/logs,file:///opt/src/hadoop-ozone/integration-test/target/log,AVAILABLE}
2019-06-13 20:52:46,479 INFO  handler.ContextHandler (ContextHandler.java:doStart(781)) - Started o.e.j.s.ServletContextHandler@381d7219{/static,jar:file:/root/.m2/repository/org/apache/hadoop/hadoop-hdds-container-service/0.5.0-SNAPSHOT/hadoop-hdds-container-service-0.5.0-SNAPSHOT.jar!/webapps/static,AVAILABLE}
2019-06-13 20:52:46,510 INFO  handler.ContextHandler (ContextHandler.java:doStart(781)) - Started o.e.j.w.WebAppContext@31ceba99{/,file:///tmp/jetty-0.0.0.0-38179-hddsDatanode-_-any-8696287858222804136.dir/webapp/,AVAILABLE}{/hddsDatanode}
2019-06-13 20:52:46,511 INFO  server.AbstractConnector (AbstractConnector.java:doStart(278)) - Started ServerConnector@295bf2a{HTTP/1.1,[http/1.1]}{0.0.0.0:38179}
2019-06-13 20:52:46,511 INFO  server.Server (Server.java:doStart(419)) - Started @3735ms
2019-06-13 20:52:46,512 INFO  server.BaseHttpServer (BaseHttpServer.java:updateConnectorAddress(207)) - HTTP server of HDDSDATANODE is listening at http://0.0.0.0:38179
2019-06-13 20:52:47,448 INFO  ozone.HddsDatanodeService (HddsDatanodeService.java:startPlugins(396)) - Started plug-in org.apache.hadoop.ozone.web.OzoneHddsDatanodeService@704067c6
2019-06-13 20:52:47,450 INFO  impl.MetricsSystemImpl (MetricsSystemImpl.java:init(158)) - HddsDatanode metrics system started (again)
2019-06-13 20:52:47,450 INFO  ozone.HddsDatanodeService (HddsDatanodeService.java:start(185)) - HddsDatanodeService host:ozone-n9fvl-1305937406 ip:192.168.46.63
2019-06-13 20:52:47,470 INFO  util.JvmPauseMonitor (JvmPauseMonitor.java:run(188)) - Starting JVM pause monitor
2019-06-13 20:52:47,471 INFO  volume.HddsVolume (HddsVolume.java:<init>(176)) - Creating Volume: /opt/src/hadoop-ozone/integration-test/target/test-dir/MiniOzoneClusterImpl-add696fe-84ac-4b45-a2ee-012b057e1087/datanode-1/data/containers/hdds of  storage type : DISK and capacity : 104021790720
2019-06-13 20:52:47,471 INFO  volume.VolumeSet (VolumeSet.java:initializeVolumeSet(170)) - Added Volume : /opt/src/hadoop-ozone/integration-test/target/test-dir/MiniOzoneClusterImpl-add696fe-84ac-4b45-a2ee-012b057e1087/datanode-1/data/containers/hdds to VolumeSet
2019-06-13 20:52:47,471 INFO  volume.ThrottledAsyncChecker (ThrottledAsyncChecker.java:schedule(140)) - Scheduling a check for org.apache.hadoop.ozone.container.common.volume.HddsVolume@1e54a6b1
2019-06-13 20:52:47,473 INFO  volume.HddsVolumeChecker (HddsVolumeChecker.java:checkAllVolumes(203)) - Scheduled health check for volume org.apache.hadoop.ozone.container.common.volume.HddsVolume@1e54a6b1
2019-06-13 20:52:47,495 INFO  ratis.XceiverServerRatis (XceiverServerRatis.java:newXceiverServerRatis(401)) - Found a free port for the server : 36511
2019-06-13 20:52:47,498 INFO  impl.RaftServerProxy (ConfUtils.java:logGet(43)) - raft.rpc.type = GRPC (default)
2019-06-13 20:52:47,499 INFO  grpc.GrpcConfigKeys$Server (ConfUtils.java:logGet(43)) - raft.grpc.server.port = 36511 (custom)
2019-06-13 20:52:47,499 INFO  server.GrpcService (ConfUtils.java:logGet(43)) - raft.grpc.message.size.max = 33570816 (custom)
2019-06-13 20:52:47,500 INFO  server.RaftServerConfigKeys (ConfUtils.java:logGet(43)) - raft.server.log.appender.buffer.byte-limit = 33554432 (custom)
2019-06-13 20:52:47,500 INFO  server.GrpcService (ConfUtils.java:logGet(43)) - raft.grpc.flow.control.window = 1MB (=1048576) (default)
2019-06-13 20:52:47,500 INFO  server.RaftServerConfigKeys (ConfUtils.java:logGet(43)) - raft.server.rpc.request.timeout = 3000ms (default)
2019-06-13 20:52:47,501 INFO  server.RaftServerConfigKeys (ConfUtils.java:logGet(43)) - raft.server.storage.dir = [/opt/src/hadoop-ozone/integration-test/target/test-dir/MiniOzoneClusterImpl-add696fe-84ac-4b45-a2ee-012b057e1087/datanode-1/data/ratis] (custom)
2019-06-13 20:52:47,501 INFO  server.XceiverServerGrpc (XceiverServerGrpc.java:<init>(97)) - Found a free port for the server : 40389
2019-06-13 20:52:47,502 INFO  replication.SimpleContainerDownloader (SimpleContainerDownloader.java:<init>(72)) - Starting container downloader service to copy containers to replicate.
2019-06-13 20:52:47,503 INFO  hdfs.DFSUtil (DFSUtil.java:httpServerTemplateForNNAndJN(1641)) - Starting Web-server for hddsDatanode at: http://0.0.0.0:0
2019-06-13 20:52:47,504 INFO  server.AuthenticationFilter (AuthenticationFilter.java:constructSecretProvider(240)) - Unable to initialize FileSignerSecretProvider, falling back to use random secrets.
2019-06-13 20:52:47,505 WARN  http.HttpRequestLog (HttpRequestLog.java:getRequestLog(97)) - Jetty request log can only be enabled using Log4j
2019-06-13 20:52:47,507 INFO  http.HttpServer2 (HttpServer2.java:addGlobalFilter(975)) - Added global filter 'safety' (class=org.apache.hadoop.http.HttpServer2$QuotingInputFilter)
2019-06-13 20:52:47,507 INFO  http.HttpServer2 (HttpServer2.java:addFilter(948)) - Added filter static_user_filter (class=org.apache.hadoop.http.lib.StaticUserWebFilter$StaticUserFilter) to context hddsDatanode
2019-06-13 20:52:47,507 INFO  http.HttpServer2 (HttpServer2.java:addFilter(958)) - Added filter static_user_filter (class=org.apache.hadoop.http.lib.StaticUserWebFilter$StaticUserFilter) to context logs
2019-06-13 20:52:47,508 INFO  http.HttpServer2 (HttpServer2.java:addFilter(958)) - Added filter static_user_filter (class=org.apache.hadoop.http.lib.StaticUserWebFilter$StaticUserFilter) to context static
2019-06-13 20:52:47,508 INFO  http.HttpServer2 (HttpServer2.java:bindListener(1191)) - Jetty bound to port 37165
2019-06-13 20:52:47,508 INFO  server.Server (Server.java:doStart(351)) - jetty-9.3.24.v20180605, build timestamp: 2018-06-05T17:11:56Z, git hash: 84205aa28f11a4f31f2a3b86d1bba2cc8ab69827
2019-06-13 20:52:47,510 INFO  handler.ContextHandler (ContextHandler.java:doStart(781)) - Started o.e.j.s.ServletContextHandler@11d86b9d{/logs,file:///opt/src/hadoop-ozone/integration-test/target/log,AVAILABLE}
2019-06-13 20:52:47,511 INFO  handler.ContextHandler (ContextHandler.java:doStart(781)) - Started o.e.j.s.ServletContextHandler@11381415{/static,jar:file:/root/.m2/repository/org/apache/hadoop/hadoop-hdds-container-service/0.5.0-SNAPSHOT/hadoop-hdds-container-service-0.5.0-SNAPSHOT.jar!/webapps/static,AVAILABLE}
2019-06-13 20:52:47,546 INFO  handler.ContextHandler (ContextHandler.java:doStart(781)) - Started o.e.j.w.WebAppContext@4872669f{/,file:///tmp/jetty-0.0.0.0-37165-hddsDatanode-_-any-8852816171707475466.dir/webapp/,AVAILABLE}{/hddsDatanode}
2019-06-13 20:52:47,548 INFO  server.AbstractConnector (AbstractConnector.java:doStart(278)) - Started ServerConnector@5a162f13{HTTP/1.1,[http/1.1]}{0.0.0.0:37165}
2019-06-13 20:52:47,549 INFO  server.Server (Server.java:doStart(419)) - Started @4772ms
2019-06-13 20:52:47,550 INFO  server.BaseHttpServer (BaseHttpServer.java:updateConnectorAddress(207)) - HTTP server of HDDSDATANODE is listening at http://0.0.0.0:37165
2019-06-13 20:52:47,582 INFO  datanode.InitDatanodeState (InitDatanodeState.java:persistContainerDatanodeDetails(140)) - DatanodeDetails is persisted to /opt/src/hadoop-ozone/integration-test/target/test-dir/MiniOzoneClusterImpl-add696fe-84ac-4b45-a2ee-012b057e1087/datanode-0/meta/datanode.id
2019-06-13 20:52:47,663 INFO  ozone.HddsDatanodeService (HddsDatanodeService.java:startPlugins(396)) - Started plug-in org.apache.hadoop.ozone.web.OzoneHddsDatanodeService@6dca31eb
2019-06-13 20:52:47,663 INFO  impl.MetricsSystemImpl (MetricsSystemImpl.java:init(158)) - HddsDatanode metrics system started (again)
2019-06-13 20:52:47,664 INFO  ozone.HddsDatanodeService (HddsDatanodeService.java:start(185)) - HddsDatanodeService host:ozone-n9fvl-1305937406 ip:192.168.46.63
2019-06-13 20:52:47,674 INFO  util.JvmPauseMonitor (JvmPauseMonitor.java:run(188)) - Starting JVM pause monitor
2019-06-13 20:52:47,677 INFO  volume.HddsVolume (HddsVolume.java:<init>(176)) - Creating Volume: /opt/src/hadoop-ozone/integration-test/target/test-dir/MiniOzoneClusterImpl-add696fe-84ac-4b45-a2ee-012b057e1087/datanode-2/data/containers/hdds of  storage type : DISK and capacity : 104021790720
2019-06-13 20:52:47,678 INFO  volume.VolumeSet (VolumeSet.java:initializeVolumeSet(170)) - Added Volume : /opt/src/hadoop-ozone/integration-test/target/test-dir/MiniOzoneClusterImpl-add696fe-84ac-4b45-a2ee-012b057e1087/datanode-2/data/containers/hdds to VolumeSet
2019-06-13 20:52:47,678 INFO  volume.ThrottledAsyncChecker (ThrottledAsyncChecker.java:schedule(140)) - Scheduling a check for org.apache.hadoop.ozone.container.common.volume.HddsVolume@aa61e4e
2019-06-13 20:52:47,686 INFO  volume.HddsVolumeChecker (HddsVolumeChecker.java:checkAllVolumes(203)) - Scheduled health check for volume org.apache.hadoop.ozone.container.common.volume.HddsVolume@aa61e4e
2019-06-13 20:52:47,692 INFO  datanode.InitDatanodeState (InitDatanodeState.java:persistContainerDatanodeDetails(140)) - DatanodeDetails is persisted to /opt/src/hadoop-ozone/integration-test/target/test-dir/MiniOzoneClusterImpl-add696fe-84ac-4b45-a2ee-012b057e1087/datanode-1/meta/datanode.id
2019-06-13 20:52:47,740 INFO  ratis.XceiverServerRatis (XceiverServerRatis.java:newXceiverServerRatis(401)) - Found a free port for the server : 43981
2019-06-13 20:52:47,741 INFO  impl.RaftServerProxy (ConfUtils.java:logGet(43)) - raft.rpc.type = GRPC (default)
2019-06-13 20:52:47,742 INFO  grpc.GrpcConfigKeys$Server (ConfUtils.java:logGet(43)) - raft.grpc.server.port = 43981 (custom)
2019-06-13 20:52:47,742 INFO  server.GrpcService (ConfUtils.java:logGet(43)) - raft.grpc.message.size.max = 33570816 (custom)
2019-06-13 20:52:47,742 INFO  server.RaftServerConfigKeys (ConfUtils.java:logGet(43)) - raft.server.log.appender.buffer.byte-limit = 33554432 (custom)
2019-06-13 20:52:47,742 INFO  server.GrpcService (ConfUtils.java:logGet(43)) - raft.grpc.flow.control.window = 1MB (=1048576) (default)
2019-06-13 20:52:47,743 INFO  server.RaftServerConfigKeys (ConfUtils.java:logGet(43)) - raft.server.rpc.request.timeout = 3000ms (default)
2019-06-13 20:52:47,743 INFO  server.RaftServerConfigKeys (ConfUtils.java:logGet(43)) - raft.server.storage.dir = [/opt/src/hadoop-ozone/integration-test/target/test-dir/MiniOzoneClusterImpl-add696fe-84ac-4b45-a2ee-012b057e1087/datanode-2/data/ratis] (custom)
2019-06-13 20:52:47,744 INFO  server.XceiverServerGrpc (XceiverServerGrpc.java:<init>(97)) - Found a free port for the server : 35117
2019-06-13 20:52:47,744 INFO  replication.SimpleContainerDownloader (SimpleContainerDownloader.java:<init>(72)) - Starting container downloader service to copy containers to replicate.
2019-06-13 20:52:47,746 INFO  hdfs.DFSUtil (DFSUtil.java:httpServerTemplateForNNAndJN(1641)) - Starting Web-server for hddsDatanode at: http://0.0.0.0:0
2019-06-13 20:52:47,747 INFO  server.AuthenticationFilter (AuthenticationFilter.java:constructSecretProvider(240)) - Unable to initialize FileSignerSecretProvider, falling back to use random secrets.
2019-06-13 20:52:47,747 WARN  http.HttpRequestLog (HttpRequestLog.java:getRequestLog(97)) - Jetty request log can only be enabled using Log4j
2019-06-13 20:52:47,748 INFO  http.HttpServer2 (HttpServer2.java:addGlobalFilter(975)) - Added global filter 'safety' (class=org.apache.hadoop.http.HttpServer2$QuotingInputFilter)
2019-06-13 20:52:47,749 INFO  http.HttpServer2 (HttpServer2.java:addFilter(948)) - Added filter static_user_filter (class=org.apache.hadoop.http.lib.StaticUserWebFilter$StaticUserFilter) to context hddsDatanode
2019-06-13 20:52:47,749 INFO  http.HttpServer2 (HttpServer2.java:addFilter(958)) - Added filter static_user_filter (class=org.apache.hadoop.http.lib.StaticUserWebFilter$StaticUserFilter) to context logs
2019-06-13 20:52:47,749 INFO  http.HttpServer2 (HttpServer2.java:addFilter(958)) - Added filter static_user_filter (class=org.apache.hadoop.http.lib.StaticUserWebFilter$StaticUserFilter) to context static
2019-06-13 20:52:47,750 INFO  http.HttpServer2 (HttpServer2.java:bindListener(1191)) - Jetty bound to port 39959
2019-06-13 20:52:47,750 INFO  server.Server (Server.java:doStart(351)) - jetty-9.3.24.v20180605, build timestamp: 2018-06-05T17:11:56Z, git hash: 84205aa28f11a4f31f2a3b86d1bba2cc8ab69827
2019-06-13 20:52:47,751 INFO  handler.ContextHandler (ContextHandler.java:doStart(781)) - Started o.e.j.s.ServletContextHandler@5934ca1e{/logs,file:///opt/src/hadoop-ozone/integration-test/target/log,AVAILABLE}
2019-06-13 20:52:47,752 INFO  handler.ContextHandler (ContextHandler.java:doStart(781)) - Started o.e.j.s.ServletContextHandler@477021ee{/static,jar:file:/root/.m2/repository/org/apache/hadoop/hadoop-hdds-container-service/0.5.0-SNAPSHOT/hadoop-hdds-container-service-0.5.0-SNAPSHOT.jar!/webapps/static,AVAILABLE}
2019-06-13 20:52:47,773 INFO  handler.ContextHandler (ContextHandler.java:doStart(781)) - Started o.e.j.w.WebAppContext@577bf0aa{/,file:///tmp/jetty-0.0.0.0-39959-hddsDatanode-_-any-5684149710911821684.dir/webapp/,AVAILABLE}{/hddsDatanode}
2019-06-13 20:52:47,774 INFO  server.AbstractConnector (AbstractConnector.java:doStart(278)) - Started ServerConnector@7455dacb{HTTP/1.1,[http/1.1]}{0.0.0.0:39959}
2019-06-13 20:52:47,775 INFO  server.Server (Server.java:doStart(419)) - Started @4998ms
2019-06-13 20:52:47,775 INFO  server.BaseHttpServer (BaseHttpServer.java:updateConnectorAddress(207)) - HTTP server of HDDSDATANODE is listening at http://0.0.0.0:39959
2019-06-13 20:52:47,881 INFO  ozone.HddsDatanodeService (HddsDatanodeService.java:startPlugins(396)) - Started plug-in org.apache.hadoop.ozone.web.OzoneHddsDatanodeService@6282b9f5
2019-06-13 20:52:47,881 INFO  impl.MetricsSystemImpl (MetricsSystemImpl.java:init(158)) - HddsDatanode metrics system started (again)
2019-06-13 20:52:47,882 INFO  ozone.HddsDatanodeService (HddsDatanodeService.java:start(185)) - HddsDatanodeService host:ozone-n9fvl-1305937406 ip:192.168.46.63
2019-06-13 20:52:47,886 INFO  util.JvmPauseMonitor (JvmPauseMonitor.java:run(188)) - Starting JVM pause monitor
2019-06-13 20:52:47,887 INFO  datanode.InitDatanodeState (InitDatanodeState.java:persistContainerDatanodeDetails(140)) - DatanodeDetails is persisted to /opt/src/hadoop-ozone/integration-test/target/test-dir/MiniOzoneClusterImpl-add696fe-84ac-4b45-a2ee-012b057e1087/datanode-2/meta/datanode.id
2019-06-13 20:52:47,892 INFO  volume.HddsVolume (HddsVolume.java:<init>(176)) - Creating Volume: /opt/src/hadoop-ozone/integration-test/target/test-dir/MiniOzoneClusterImpl-add696fe-84ac-4b45-a2ee-012b057e1087/datanode-3/data/containers/hdds of  storage type : DISK and capacity : 104021790720
2019-06-13 20:52:47,892 INFO  volume.VolumeSet (VolumeSet.java:initializeVolumeSet(170)) - Added Volume : /opt/src/hadoop-ozone/integration-test/target/test-dir/MiniOzoneClusterImpl-add696fe-84ac-4b45-a2ee-012b057e1087/datanode-3/data/containers/hdds to VolumeSet
2019-06-13 20:52:47,892 INFO  volume.ThrottledAsyncChecker (ThrottledAsyncChecker.java:schedule(140)) - Scheduling a check for org.apache.hadoop.ozone.container.common.volume.HddsVolume@707865bd
2019-06-13 20:52:47,894 INFO  volume.HddsVolumeChecker (HddsVolumeChecker.java:checkAllVolumes(203)) - Scheduled health check for volume org.apache.hadoop.ozone.container.common.volume.HddsVolume@707865bd
2019-06-13 20:52:47,905 INFO  ratis.XceiverServerRatis (XceiverServerRatis.java:newXceiverServerRatis(401)) - Found a free port for the server : 38093
2019-06-13 20:52:47,907 INFO  impl.RaftServerProxy (ConfUtils.java:logGet(43)) - raft.rpc.type = GRPC (default)
2019-06-13 20:52:47,907 INFO  grpc.GrpcConfigKeys$Server (ConfUtils.java:logGet(43)) - raft.grpc.server.port = 38093 (custom)
2019-06-13 20:52:47,907 INFO  server.GrpcService (ConfUtils.java:logGet(43)) - raft.grpc.message.size.max = 33570816 (custom)
2019-06-13 20:52:47,907 INFO  server.RaftServerConfigKeys (ConfUtils.java:logGet(43)) - raft.server.log.appender.buffer.byte-limit = 33554432 (custom)
2019-06-13 20:52:47,908 INFO  server.GrpcService (ConfUtils.java:logGet(43)) - raft.grpc.flow.control.window = 1MB (=1048576) (default)
2019-06-13 20:52:47,908 INFO  server.RaftServerConfigKeys (ConfUtils.java:logGet(43)) - raft.server.rpc.request.timeout = 3000ms (default)
2019-06-13 20:52:47,908 INFO  server.RaftServerConfigKeys (ConfUtils.java:logGet(43)) - raft.server.storage.dir = [/opt/src/hadoop-ozone/integration-test/target/test-dir/MiniOzoneClusterImpl-add696fe-84ac-4b45-a2ee-012b057e1087/datanode-3/data/ratis] (custom)
2019-06-13 20:52:47,909 INFO  server.XceiverServerGrpc (XceiverServerGrpc.java:<init>(97)) - Found a free port for the server : 32789
2019-06-13 20:52:47,909 INFO  replication.SimpleContainerDownloader (SimpleContainerDownloader.java:<init>(72)) - Starting container downloader service to copy containers to replicate.
2019-06-13 20:52:47,910 INFO  hdfs.DFSUtil (DFSUtil.java:httpServerTemplateForNNAndJN(1641)) - Starting Web-server for hddsDatanode at: http://0.0.0.0:0
2019-06-13 20:52:47,911 INFO  server.AuthenticationFilter (AuthenticationFilter.java:constructSecretProvider(240)) - Unable to initialize FileSignerSecretProvider, falling back to use random secrets.
2019-06-13 20:52:47,912 WARN  http.HttpRequestLog (HttpRequestLog.java:getRequestLog(97)) - Jetty request log can only be enabled using Log4j
2019-06-13 20:52:47,913 INFO  http.HttpServer2 (HttpServer2.java:addGlobalFilter(975)) - Added global filter 'safety' (class=org.apache.hadoop.http.HttpServer2$QuotingInputFilter)
2019-06-13 20:52:47,914 INFO  http.HttpServer2 (HttpServer2.java:addFilter(948)) - Added filter static_user_filter (class=org.apache.hadoop.http.lib.StaticUserWebFilter$StaticUserFilter) to context hddsDatanode
2019-06-13 20:52:47,914 INFO  http.HttpServer2 (HttpServer2.java:addFilter(958)) - Added filter static_user_filter (class=org.apache.hadoop.http.lib.StaticUserWebFilter$StaticUserFilter) to context static
2019-06-13 20:52:47,914 INFO  http.HttpServer2 (HttpServer2.java:addFilter(958)) - Added filter static_user_filter (class=org.apache.hadoop.http.lib.StaticUserWebFilter$StaticUserFilter) to context logs
2019-06-13 20:52:47,914 INFO  http.HttpServer2 (HttpServer2.java:bindListener(1191)) - Jetty bound to port 41435
2019-06-13 20:52:47,915 INFO  server.Server (Server.java:doStart(351)) - jetty-9.3.24.v20180605, build timestamp: 2018-06-05T17:11:56Z, git hash: 84205aa28f11a4f31f2a3b86d1bba2cc8ab69827
2019-06-13 20:52:47,917 INFO  handler.ContextHandler (ContextHandler.java:doStart(781)) - Started o.e.j.s.ServletContextHandler@21a46ff1{/logs,file:///opt/src/hadoop-ozone/integration-test/target/log,AVAILABLE}
2019-06-13 20:52:47,922 INFO  handler.ContextHandler (ContextHandler.java:doStart(781)) - Started o.e.j.s.ServletContextHandler@6bcae9{/static,jar:file:/root/.m2/repository/org/apache/hadoop/hadoop-hdds-container-service/0.5.0-SNAPSHOT/hadoop-hdds-container-service-0.5.0-SNAPSHOT.jar!/webapps/static,AVAILABLE}
2019-06-13 20:52:47,953 INFO  handler.ContextHandler (ContextHandler.java:doStart(781)) - Started o.e.j.w.WebAppContext@72557746{/,file:///tmp/jetty-0.0.0.0-41435-hddsDatanode-_-any-1766892254794174430.dir/webapp/,AVAILABLE}{/hddsDatanode}
2019-06-13 20:52:47,962 INFO  server.AbstractConnector (AbstractConnector.java:doStart(278)) - Started ServerConnector@8c12524{HTTP/1.1,[http/1.1]}{0.0.0.0:41435}
2019-06-13 20:52:47,962 INFO  server.Server (Server.java:doStart(419)) - Started @5186ms
2019-06-13 20:52:47,963 INFO  server.BaseHttpServer (BaseHttpServer.java:updateConnectorAddress(207)) - HTTP server of HDDSDATANODE is listening at http://0.0.0.0:41435
2019-06-13 20:52:48,101 INFO  ozone.HddsDatanodeService (HddsDatanodeService.java:startPlugins(396)) - Started plug-in org.apache.hadoop.ozone.web.OzoneHddsDatanodeService@5b02a984
2019-06-13 20:52:48,101 INFO  impl.MetricsSystemImpl (MetricsSystemImpl.java:init(158)) - HddsDatanode metrics system started (again)
2019-06-13 20:52:48,102 INFO  ozone.HddsDatanodeService (HddsDatanodeService.java:start(185)) - HddsDatanodeService host:ozone-n9fvl-1305937406 ip:192.168.46.63
2019-06-13 20:52:48,104 INFO  util.JvmPauseMonitor (JvmPauseMonitor.java:run(188)) - Starting JVM pause monitor
2019-06-13 20:52:48,106 INFO  datanode.InitDatanodeState (InitDatanodeState.java:persistContainerDatanodeDetails(140)) - DatanodeDetails is persisted to /opt/src/hadoop-ozone/integration-test/target/test-dir/MiniOzoneClusterImpl-add696fe-84ac-4b45-a2ee-012b057e1087/datanode-3/meta/datanode.id
2019-06-13 20:52:48,112 INFO  volume.HddsVolume (HddsVolume.java:<init>(176)) - Creating Volume: /opt/src/hadoop-ozone/integration-test/target/test-dir/MiniOzoneClusterImpl-add696fe-84ac-4b45-a2ee-012b057e1087/datanode-4/data/containers/hdds of  storage type : DISK and capacity : 104021790720
2019-06-13 20:52:48,112 INFO  volume.VolumeSet (VolumeSet.java:initializeVolumeSet(170)) - Added Volume : /opt/src/hadoop-ozone/integration-test/target/test-dir/MiniOzoneClusterImpl-add696fe-84ac-4b45-a2ee-012b057e1087/datanode-4/data/containers/hdds to VolumeSet
2019-06-13 20:52:48,112 INFO  volume.ThrottledAsyncChecker (ThrottledAsyncChecker.java:schedule(140)) - Scheduling a check for org.apache.hadoop.ozone.container.common.volume.HddsVolume@6d69a0d3
2019-06-13 20:52:48,120 INFO  volume.HddsVolumeChecker (HddsVolumeChecker.java:checkAllVolumes(203)) - Scheduled health check for volume org.apache.hadoop.ozone.container.common.volume.HddsVolume@6d69a0d3
2019-06-13 20:52:48,130 INFO  ratis.XceiverServerRatis (XceiverServerRatis.java:newXceiverServerRatis(401)) - Found a free port for the server : 41689
2019-06-13 20:52:48,131 INFO  impl.RaftServerProxy (ConfUtils.java:logGet(43)) - raft.rpc.type = GRPC (default)
2019-06-13 20:52:48,131 INFO  grpc.GrpcConfigKeys$Server (ConfUtils.java:logGet(43)) - raft.grpc.server.port = 41689 (custom)
2019-06-13 20:52:48,132 INFO  server.GrpcService (ConfUtils.java:logGet(43)) - raft.grpc.message.size.max = 33570816 (custom)
2019-06-13 20:52:48,132 INFO  server.RaftServerConfigKeys (ConfUtils.java:logGet(43)) - raft.server.log.appender.buffer.byte-limit = 33554432 (custom)
2019-06-13 20:52:48,132 INFO  server.GrpcService (ConfUtils.java:logGet(43)) - raft.grpc.flow.control.window = 1MB (=1048576) (default)
2019-06-13 20:52:48,132 INFO  server.RaftServerConfigKeys (ConfUtils.java:logGet(43)) - raft.server.rpc.request.timeout = 3000ms (default)
2019-06-13 20:52:48,133 INFO  server.RaftServerConfigKeys (ConfUtils.java:logGet(43)) - raft.server.storage.dir = [/opt/src/hadoop-ozone/integration-test/target/test-dir/MiniOzoneClusterImpl-add696fe-84ac-4b45-a2ee-012b057e1087/datanode-4/data/ratis] (custom)
2019-06-13 20:52:48,133 INFO  server.XceiverServerGrpc (XceiverServerGrpc.java:<init>(97)) - Found a free port for the server : 38211
2019-06-13 20:52:48,134 INFO  replication.SimpleContainerDownloader (SimpleContainerDownloader.java:<init>(72)) - Starting container downloader service to copy containers to replicate.
2019-06-13 20:52:48,135 INFO  hdfs.DFSUtil (DFSUtil.java:httpServerTemplateForNNAndJN(1641)) - Starting Web-server for hddsDatanode at: http://0.0.0.0:0
2019-06-13 20:52:48,136 INFO  server.AuthenticationFilter (AuthenticationFilter.java:constructSecretProvider(240)) - Unable to initialize FileSignerSecretProvider, falling back to use random secrets.
2019-06-13 20:52:48,136 WARN  http.HttpRequestLog (HttpRequestLog.java:getRequestLog(97)) - Jetty request log can only be enabled using Log4j
2019-06-13 20:52:48,137 INFO  http.HttpServer2 (HttpServer2.java:addGlobalFilter(975)) - Added global filter 'safety' (class=org.apache.hadoop.http.HttpServer2$QuotingInputFilter)
2019-06-13 20:52:48,138 INFO  http.HttpServer2 (HttpServer2.java:addFilter(948)) - Added filter static_user_filter (class=org.apache.hadoop.http.lib.StaticUserWebFilter$StaticUserFilter) to context hddsDatanode
2019-06-13 20:52:48,138 INFO  http.HttpServer2 (HttpServer2.java:addFilter(958)) - Added filter static_user_filter (class=org.apache.hadoop.http.lib.StaticUserWebFilter$StaticUserFilter) to context static
2019-06-13 20:52:48,138 INFO  http.HttpServer2 (HttpServer2.java:addFilter(958)) - Added filter static_user_filter (class=org.apache.hadoop.http.lib.StaticUserWebFilter$StaticUserFilter) to context logs
2019-06-13 20:52:48,138 INFO  http.HttpServer2 (HttpServer2.java:bindListener(1191)) - Jetty bound to port 41901
2019-06-13 20:52:48,139 INFO  server.Server (Server.java:doStart(351)) - jetty-9.3.24.v20180605, build timestamp: 2018-06-05T17:11:56Z, git hash: 84205aa28f11a4f31f2a3b86d1bba2cc8ab69827
2019-06-13 20:52:48,143 INFO  handler.ContextHandler (ContextHandler.java:doStart(781)) - Started o.e.j.s.ServletContextHandler@3e5beab5{/logs,file:///opt/src/hadoop-ozone/integration-test/target/log,AVAILABLE}
2019-06-13 20:52:48,143 INFO  handler.ContextHandler (ContextHandler.java:doStart(781)) - Started o.e.j.s.ServletContextHandler@33ec2c0c{/static,jar:file:/root/.m2/repository/org/apache/hadoop/hadoop-hdds-container-service/0.5.0-SNAPSHOT/hadoop-hdds-container-service-0.5.0-SNAPSHOT.jar!/webapps/static,AVAILABLE}
2019-06-13 20:52:48,166 INFO  handler.ContextHandler (ContextHandler.java:doStart(781)) - Started o.e.j.w.WebAppContext@637c840d{/,file:///tmp/jetty-0.0.0.0-41901-hddsDatanode-_-any-1052364969973221147.dir/webapp/,AVAILABLE}{/hddsDatanode}
2019-06-13 20:52:48,166 INFO  server.AbstractConnector (AbstractConnector.java:doStart(278)) - Started ServerConnector@51ac12ac{HTTP/1.1,[http/1.1]}{0.0.0.0:41901}
2019-06-13 20:52:48,167 INFO  server.Server (Server.java:doStart(419)) - Started @5390ms
2019-06-13 20:52:48,169 INFO  server.BaseHttpServer (BaseHttpServer.java:updateConnectorAddress(207)) - HTTP server of HDDSDATANODE is listening at http://0.0.0.0:41901
2019-06-13 20:52:48,271 INFO  ozone.HddsDatanodeService (HddsDatanodeService.java:startPlugins(396)) - Started plug-in org.apache.hadoop.ozone.web.OzoneHddsDatanodeService@1c3b6963
2019-06-13 20:52:48,271 INFO  impl.MetricsSystemImpl (MetricsSystemImpl.java:init(158)) - HddsDatanode metrics system started (again)
2019-06-13 20:52:48,271 INFO  ozone.HddsDatanodeService (HddsDatanodeService.java:start(185)) - HddsDatanodeService host:ozone-n9fvl-1305937406 ip:192.168.46.63
2019-06-13 20:52:48,273 INFO  util.JvmPauseMonitor (JvmPauseMonitor.java:run(188)) - Starting JVM pause monitor
2019-06-13 20:52:48,275 INFO  datanode.InitDatanodeState (InitDatanodeState.java:persistContainerDatanodeDetails(140)) - DatanodeDetails is persisted to /opt/src/hadoop-ozone/integration-test/target/test-dir/MiniOzoneClusterImpl-add696fe-84ac-4b45-a2ee-012b057e1087/datanode-4/meta/datanode.id
2019-06-13 20:52:48,277 INFO  volume.HddsVolume (HddsVolume.java:<init>(176)) - Creating Volume: /opt/src/hadoop-ozone/integration-test/target/test-dir/MiniOzoneClusterImpl-add696fe-84ac-4b45-a2ee-012b057e1087/datanode-5/data/containers/hdds of  storage type : DISK and capacity : 104021790720
2019-06-13 20:52:48,278 INFO  volume.VolumeSet (VolumeSet.java:initializeVolumeSet(170)) - Added Volume : /opt/src/hadoop-ozone/integration-test/target/test-dir/MiniOzoneClusterImpl-add696fe-84ac-4b45-a2ee-012b057e1087/datanode-5/data/containers/hdds to VolumeSet
2019-06-13 20:52:48,278 INFO  volume.ThrottledAsyncChecker (ThrottledAsyncChecker.java:schedule(140)) - Scheduling a check for org.apache.hadoop.ozone.container.common.volume.HddsVolume@5e193ef5
2019-06-13 20:52:48,278 INFO  volume.HddsVolumeChecker (HddsVolumeChecker.java:checkAllVolumes(203)) - Scheduled health check for volume org.apache.hadoop.ozone.container.common.volume.HddsVolume@5e193ef5
2019-06-13 20:52:48,288 INFO  ratis.XceiverServerRatis (XceiverServerRatis.java:newXceiverServerRatis(401)) - Found a free port for the server : 36859
2019-06-13 20:52:48,289 INFO  impl.RaftServerProxy (ConfUtils.java:logGet(43)) - raft.rpc.type = GRPC (default)
2019-06-13 20:52:48,289 INFO  grpc.GrpcConfigKeys$Server (ConfUtils.java:logGet(43)) - raft.grpc.server.port = 36859 (custom)
2019-06-13 20:52:48,290 INFO  server.GrpcService (ConfUtils.java:logGet(43)) - raft.grpc.message.size.max = 33570816 (custom)
2019-06-13 20:52:48,290 INFO  server.RaftServerConfigKeys (ConfUtils.java:logGet(43)) - raft.server.log.appender.buffer.byte-limit = 33554432 (custom)
2019-06-13 20:52:48,290 INFO  server.GrpcService (ConfUtils.java:logGet(43)) - raft.grpc.flow.control.window = 1MB (=1048576) (default)
2019-06-13 20:52:48,290 INFO  server.RaftServerConfigKeys (ConfUtils.java:logGet(43)) - raft.server.rpc.request.timeout = 3000ms (default)
2019-06-13 20:52:48,291 INFO  server.RaftServerConfigKeys (ConfUtils.java:logGet(43)) - raft.server.storage.dir = [/opt/src/hadoop-ozone/integration-test/target/test-dir/MiniOzoneClusterImpl-add696fe-84ac-4b45-a2ee-012b057e1087/datanode-5/data/ratis] (custom)
2019-06-13 20:52:48,291 INFO  server.XceiverServerGrpc (XceiverServerGrpc.java:<init>(97)) - Found a free port for the server : 41621
2019-06-13 20:52:48,292 INFO  replication.SimpleContainerDownloader (SimpleContainerDownloader.java:<init>(72)) - Starting container downloader service to copy containers to replicate.
2019-06-13 20:52:48,293 INFO  hdfs.DFSUtil (DFSUtil.java:httpServerTemplateForNNAndJN(1641)) - Starting Web-server for hddsDatanode at: http://0.0.0.0:0
2019-06-13 20:52:48,294 INFO  server.AuthenticationFilter (AuthenticationFilter.java:constructSecretProvider(240)) - Unable to initialize FileSignerSecretProvider, falling back to use random secrets.
2019-06-13 20:52:48,294 WARN  http.HttpRequestLog (HttpRequestLog.java:getRequestLog(97)) - Jetty request log can only be enabled using Log4j
2019-06-13 20:52:48,295 INFO  http.HttpServer2 (HttpServer2.java:addGlobalFilter(975)) - Added global filter 'safety' (class=org.apache.hadoop.http.HttpServer2$QuotingInputFilter)
2019-06-13 20:52:48,296 INFO  http.HttpServer2 (HttpServer2.java:addFilter(948)) - Added filter static_user_filter (class=org.apache.hadoop.http.lib.StaticUserWebFilter$StaticUserFilter) to context hddsDatanode
2019-06-13 20:52:48,296 INFO  http.HttpServer2 (HttpServer2.java:addFilter(958)) - Added filter static_user_filter (class=org.apache.hadoop.http.lib.StaticUserWebFilter$StaticUserFilter) to context logs
2019-06-13 20:52:48,296 INFO  http.HttpServer2 (HttpServer2.java:addFilter(958)) - Added filter static_user_filter (class=org.apache.hadoop.http.lib.StaticUserWebFilter$StaticUserFilter) to context static
2019-06-13 20:52:48,297 INFO  http.HttpServer2 (HttpServer2.java:bindListener(1191)) - Jetty bound to port 43339
2019-06-13 20:52:48,297 INFO  server.Server (Server.java:doStart(351)) - jetty-9.3.24.v20180605, build timestamp: 2018-06-05T17:11:56Z, git hash: 84205aa28f11a4f31f2a3b86d1bba2cc8ab69827
2019-06-13 20:52:48,318 INFO  handler.ContextHandler (ContextHandler.java:doStart(781)) - Started o.e.j.s.ServletContextHandler@340afaf8{/logs,file:///opt/src/hadoop-ozone/integration-test/target/log,AVAILABLE}
2019-06-13 20:52:48,319 INFO  handler.ContextHandler (ContextHandler.java:doStart(781)) - Started o.e.j.s.ServletContextHandler@336f49a1{/static,jar:file:/root/.m2/repository/org/apache/hadoop/hadoop-hdds-container-service/0.5.0-SNAPSHOT/hadoop-hdds-container-service-0.5.0-SNAPSHOT.jar!/webapps/static,AVAILABLE}
2019-06-13 20:52:48,341 INFO  handler.ContextHandler (ContextHandler.java:doStart(781)) - Started o.e.j.w.WebAppContext@5384ce66{/,file:///tmp/jetty-0.0.0.0-43339-hddsDatanode-_-any-3494424548348268648.dir/webapp/,AVAILABLE}{/hddsDatanode}
2019-06-13 20:52:48,342 INFO  server.AbstractConnector (AbstractConnector.java:doStart(278)) - Started ServerConnector@6b42e36d{HTTP/1.1,[http/1.1]}{0.0.0.0:43339}
2019-06-13 20:52:48,343 INFO  server.Server (Server.java:doStart(419)) - Started @5566ms
2019-06-13 20:52:48,343 INFO  server.BaseHttpServer (BaseHttpServer.java:updateConnectorAddress(207)) - HTTP server of HDDSDATANODE is listening at http://0.0.0.0:43339
2019-06-13 20:52:48,487 INFO  ozone.HddsDatanodeService (HddsDatanodeService.java:startPlugins(396)) - Started plug-in org.apache.hadoop.ozone.web.OzoneHddsDatanodeService@7b5021d1
2019-06-13 20:52:48,488 INFO  impl.MetricsSystemImpl (MetricsSystemImpl.java:init(158)) - HddsDatanode metrics system started (again)
2019-06-13 20:52:48,488 INFO  ozone.HddsDatanodeService (HddsDatanodeService.java:start(185)) - HddsDatanodeService host:ozone-n9fvl-1305937406 ip:192.168.46.63
2019-06-13 20:52:48,491 INFO  util.JvmPauseMonitor (JvmPauseMonitor.java:run(188)) - Starting JVM pause monitor
2019-06-13 20:52:48,494 INFO  datanode.InitDatanodeState (InitDatanodeState.java:persistContainerDatanodeDetails(140)) - DatanodeDetails is persisted to /opt/src/hadoop-ozone/integration-test/target/test-dir/MiniOzoneClusterImpl-add696fe-84ac-4b45-a2ee-012b057e1087/datanode-5/meta/datanode.id
2019-06-13 20:52:48,496 INFO  volume.HddsVolume (HddsVolume.java:<init>(176)) - Creating Volume: /opt/src/hadoop-ozone/integration-test/target/test-dir/MiniOzoneClusterImpl-add696fe-84ac-4b45-a2ee-012b057e1087/datanode-6/data/containers/hdds of  storage type : DISK and capacity : 104021790720
2019-06-13 20:52:48,496 INFO  volume.VolumeSet (VolumeSet.java:initializeVolumeSet(170)) - Added Volume : /opt/src/hadoop-ozone/integration-test/target/test-dir/MiniOzoneClusterImpl-add696fe-84ac-4b45-a2ee-012b057e1087/datanode-6/data/containers/hdds to VolumeSet
2019-06-13 20:52:48,496 INFO  volume.ThrottledAsyncChecker (ThrottledAsyncChecker.java:schedule(140)) - Scheduling a check for org.apache.hadoop.ozone.container.common.volume.HddsVolume@7ac48f05
2019-06-13 20:52:48,501 INFO  volume.HddsVolumeChecker (HddsVolumeChecker.java:checkAllVolumes(203)) - Scheduled health check for volume org.apache.hadoop.ozone.container.common.volume.HddsVolume@7ac48f05
2019-06-13 20:52:48,512 INFO  ratis.XceiverServerRatis (XceiverServerRatis.java:newXceiverServerRatis(401)) - Found a free port for the server : 44945
2019-06-13 20:52:48,514 INFO  impl.RaftServerProxy (ConfUtils.java:logGet(43)) - raft.rpc.type = GRPC (default)
2019-06-13 20:52:48,514 INFO  grpc.GrpcConfigKeys$Server (ConfUtils.java:logGet(43)) - raft.grpc.server.port = 44945 (custom)
2019-06-13 20:52:48,514 INFO  server.GrpcService (ConfUtils.java:logGet(43)) - raft.grpc.message.size.max = 33570816 (custom)
2019-06-13 20:52:48,514 INFO  server.RaftServerConfigKeys (ConfUtils.java:logGet(43)) - raft.server.log.appender.buffer.byte-limit = 33554432 (custom)
2019-06-13 20:52:48,514 INFO  server.GrpcService (ConfUtils.java:logGet(43)) - raft.grpc.flow.control.window = 1MB (=1048576) (default)
2019-06-13 20:52:48,515 INFO  server.RaftServerConfigKeys (ConfUtils.java:logGet(43)) - raft.server.rpc.request.timeout = 3000ms (default)
2019-06-13 20:52:48,515 INFO  server.RaftServerConfigKeys (ConfUtils.java:logGet(43)) - raft.server.storage.dir = [/opt/src/hadoop-ozone/integration-test/target/test-dir/MiniOzoneClusterImpl-add696fe-84ac-4b45-a2ee-012b057e1087/datanode-6/data/ratis] (custom)
2019-06-13 20:52:48,515 INFO  server.XceiverServerGrpc (XceiverServerGrpc.java:<init>(97)) - Found a free port for the server : 40999
2019-06-13 20:52:48,516 INFO  replication.SimpleContainerDownloader (SimpleContainerDownloader.java:<init>(72)) - Starting container downloader service to copy containers to replicate.
2019-06-13 20:52:48,517 INFO  hdfs.DFSUtil (DFSUtil.java:httpServerTemplateForNNAndJN(1641)) - Starting Web-server for hddsDatanode at: http://0.0.0.0:0
2019-06-13 20:52:48,518 INFO  server.AuthenticationFilter (AuthenticationFilter.java:constructSecretProvider(240)) - Unable to initialize FileSignerSecretProvider, falling back to use random secrets.
2019-06-13 20:52:48,518 WARN  http.HttpRequestLog (HttpRequestLog.java:getRequestLog(97)) - Jetty request log can only be enabled using Log4j
2019-06-13 20:52:48,519 INFO  http.HttpServer2 (HttpServer2.java:addGlobalFilter(975)) - Added global filter 'safety' (class=org.apache.hadoop.http.HttpServer2$QuotingInputFilter)
2019-06-13 20:52:48,520 INFO  http.HttpServer2 (HttpServer2.java:addFilter(948)) - Added filter static_user_filter (class=org.apache.hadoop.http.lib.StaticUserWebFilter$StaticUserFilter) to context hddsDatanode
2019-06-13 20:52:48,520 INFO  http.HttpServer2 (HttpServer2.java:addFilter(958)) - Added filter static_user_filter (class=org.apache.hadoop.http.lib.StaticUserWebFilter$StaticUserFilter) to context logs
2019-06-13 20:52:48,520 INFO  http.HttpServer2 (HttpServer2.java:addFilter(958)) - Added filter static_user_filter (class=org.apache.hadoop.http.lib.StaticUserWebFilter$StaticUserFilter) to context static
2019-06-13 20:52:48,521 INFO  http.HttpServer2 (HttpServer2.java:bindListener(1191)) - Jetty bound to port 37695
2019-06-13 20:52:48,521 INFO  server.Server (Server.java:doStart(351)) - jetty-9.3.24.v20180605, build timestamp: 2018-06-05T17:11:56Z, git hash: 84205aa28f11a4f31f2a3b86d1bba2cc8ab69827
2019-06-13 20:52:48,534 INFO  handler.ContextHandler (ContextHandler.java:doStart(781)) - Started o.e.j.s.ServletContextHandler@70b33256{/logs,file:///opt/src/hadoop-ozone/integration-test/target/log,AVAILABLE}
2019-06-13 20:52:48,535 INFO  handler.ContextHandler (ContextHandler.java:doStart(781)) - Started o.e.j.s.ServletContextHandler@35e74e08{/static,jar:file:/root/.m2/repository/org/apache/hadoop/hadoop-hdds-container-service/0.5.0-SNAPSHOT/hadoop-hdds-container-service-0.5.0-SNAPSHOT.jar!/webapps/static,AVAILABLE}
2019-06-13 20:52:48,560 INFO  handler.ContextHandler (ContextHandler.java:doStart(781)) - Started o.e.j.w.WebAppContext@25c1f5ee{/,file:///tmp/jetty-0.0.0.0-37695-hddsDatanode-_-any-2398775848294854588.dir/webapp/,AVAILABLE}{/hddsDatanode}
2019-06-13 20:52:48,560 INFO  server.AbstractConnector (AbstractConnector.java:doStart(278)) - Started ServerConnector@4bce62b{HTTP/1.1,[http/1.1]}{0.0.0.0:37695}
2019-06-13 20:52:48,560 INFO  server.Server (Server.java:doStart(419)) - Started @5784ms
2019-06-13 20:52:48,562 INFO  server.BaseHttpServer (BaseHttpServer.java:updateConnectorAddress(207)) - HTTP server of HDDSDATANODE is listening at http://0.0.0.0:37695
2019-06-13 20:52:48,660 INFO  ozone.HddsDatanodeService (HddsDatanodeService.java:startPlugins(396)) - Started plug-in org.apache.hadoop.ozone.web.OzoneHddsDatanodeService@1b0e031b
2019-06-13 20:52:48,660 INFO  impl.MetricsSystemImpl (MetricsSystemImpl.java:init(158)) - HddsDatanode metrics system started (again)
2019-06-13 20:52:48,661 INFO  ozone.HddsDatanodeService (HddsDatanodeService.java:start(185)) - HddsDatanodeService host:ozone-n9fvl-1305937406 ip:192.168.46.63
2019-06-13 20:52:48,663 INFO  util.JvmPauseMonitor (JvmPauseMonitor.java:run(188)) - Starting JVM pause monitor
2019-06-13 20:52:48,666 INFO  datanode.InitDatanodeState (InitDatanodeState.java:persistContainerDatanodeDetails(140)) - DatanodeDetails is persisted to /opt/src/hadoop-ozone/integration-test/target/test-dir/MiniOzoneClusterImpl-add696fe-84ac-4b45-a2ee-012b057e1087/datanode-6/meta/datanode.id
2019-06-13 20:52:48,672 INFO  volume.HddsVolume (HddsVolume.java:<init>(176)) - Creating Volume: /opt/src/hadoop-ozone/integration-test/target/test-dir/MiniOzoneClusterImpl-add696fe-84ac-4b45-a2ee-012b057e1087/datanode-7/data/containers/hdds of  storage type : DISK and capacity : 104021790720
2019-06-13 20:52:48,672 INFO  volume.VolumeSet (VolumeSet.java:initializeVolumeSet(170)) - Added Volume : /opt/src/hadoop-ozone/integration-test/target/test-dir/MiniOzoneClusterImpl-add696fe-84ac-4b45-a2ee-012b057e1087/datanode-7/data/containers/hdds to VolumeSet
2019-06-13 20:52:48,672 INFO  volume.ThrottledAsyncChecker (ThrottledAsyncChecker.java:schedule(140)) - Scheduling a check for org.apache.hadoop.ozone.container.common.volume.HddsVolume@27358a19
2019-06-13 20:52:48,673 INFO  volume.HddsVolumeChecker (HddsVolumeChecker.java:checkAllVolumes(203)) - Scheduled health check for volume org.apache.hadoop.ozone.container.common.volume.HddsVolume@27358a19
2019-06-13 20:52:48,682 INFO  ratis.XceiverServerRatis (XceiverServerRatis.java:newXceiverServerRatis(401)) - Found a free port for the server : 39927
2019-06-13 20:52:48,683 INFO  impl.RaftServerProxy (ConfUtils.java:logGet(43)) - raft.rpc.type = GRPC (default)
2019-06-13 20:52:48,683 INFO  grpc.GrpcConfigKeys$Server (ConfUtils.java:logGet(43)) - raft.grpc.server.port = 39927 (custom)
2019-06-13 20:52:48,683 INFO  server.GrpcService (ConfUtils.java:logGet(43)) - raft.grpc.message.size.max = 33570816 (custom)
2019-06-13 20:52:48,683 INFO  server.RaftServerConfigKeys (ConfUtils.java:logGet(43)) - raft.server.log.appender.buffer.byte-limit = 33554432 (custom)
2019-06-13 20:52:48,683 INFO  server.GrpcService (ConfUtils.java:logGet(43)) - raft.grpc.flow.control.window = 1MB (=1048576) (default)
2019-06-13 20:52:48,684 INFO  server.RaftServerConfigKeys (ConfUtils.java:logGet(43)) - raft.server.rpc.request.timeout = 3000ms (default)
2019-06-13 20:52:48,688 INFO  server.RaftServerConfigKeys (ConfUtils.java:logGet(43)) - raft.server.storage.dir = [/opt/src/hadoop-ozone/integration-test/target/test-dir/MiniOzoneClusterImpl-add696fe-84ac-4b45-a2ee-012b057e1087/datanode-7/data/ratis] (custom)
2019-06-13 20:52:48,688 INFO  server.XceiverServerGrpc (XceiverServerGrpc.java:<init>(97)) - Found a free port for the server : 41035
2019-06-13 20:52:48,689 INFO  replication.SimpleContainerDownloader (SimpleContainerDownloader.java:<init>(72)) - Starting container downloader service to copy containers to replicate.
2019-06-13 20:52:48,690 INFO  hdfs.DFSUtil (DFSUtil.java:httpServerTemplateForNNAndJN(1641)) - Starting Web-server for hddsDatanode at: http://0.0.0.0:0
2019-06-13 20:52:48,691 INFO  server.AuthenticationFilter (AuthenticationFilter.java:constructSecretProvider(240)) - Unable to initialize FileSignerSecretProvider, falling back to use random secrets.
2019-06-13 20:52:48,691 WARN  http.HttpRequestLog (HttpRequestLog.java:getRequestLog(97)) - Jetty request log can only be enabled using Log4j
2019-06-13 20:52:48,692 INFO  http.HttpServer2 (HttpServer2.java:addGlobalFilter(975)) - Added global filter 'safety' (class=org.apache.hadoop.http.HttpServer2$QuotingInputFilter)
2019-06-13 20:52:48,693 INFO  http.HttpServer2 (HttpServer2.java:addFilter(948)) - Added filter static_user_filter (class=org.apache.hadoop.http.lib.StaticUserWebFilter$StaticUserFilter) to context hddsDatanode
2019-06-13 20:52:48,693 INFO  http.HttpServer2 (HttpServer2.java:addFilter(958)) - Added filter static_user_filter (class=org.apache.hadoop.http.lib.StaticUserWebFilter$StaticUserFilter) to context static
2019-06-13 20:52:48,693 INFO  http.HttpServer2 (HttpServer2.java:addFilter(958)) - Added filter static_user_filter (class=org.apache.hadoop.http.lib.StaticUserWebFilter$StaticUserFilter) to context logs
2019-06-13 20:52:48,694 INFO  http.HttpServer2 (HttpServer2.java:bindListener(1191)) - Jetty bound to port 40389
2019-06-13 20:52:48,694 INFO  server.Server (Server.java:doStart(351)) - jetty-9.3.24.v20180605, build timestamp: 2018-06-05T17:11:56Z, git hash: 84205aa28f11a4f31f2a3b86d1bba2cc8ab69827
2019-06-13 20:52:48,703 INFO  handler.ContextHandler (ContextHandler.java:doStart(781)) - Started o.e.j.s.ServletContextHandler@63e4484d{/logs,file:///opt/src/hadoop-ozone/integration-test/target/log,AVAILABLE}
2019-06-13 20:52:48,703 INFO  handler.ContextHandler (ContextHandler.java:doStart(781)) - Started o.e.j.s.ServletContextHandler@77663cd7{/static,jar:file:/root/.m2/repository/org/apache/hadoop/hadoop-hdds-container-service/0.5.0-SNAPSHOT/hadoop-hdds-container-service-0.5.0-SNAPSHOT.jar!/webapps/static,AVAILABLE}
2019-06-13 20:52:48,725 INFO  handler.ContextHandler (ContextHandler.java:doStart(781)) - Started o.e.j.w.WebAppContext@59f45950{/,file:///tmp/jetty-0.0.0.0-40389-hddsDatanode-_-any-202044208560448937.dir/webapp/,AVAILABLE}{/hddsDatanode}
2019-06-13 20:52:48,730 INFO  server.AbstractConnector (AbstractConnector.java:doStart(278)) - Started ServerConnector@7871d261{HTTP/1.1,[http/1.1]}{0.0.0.0:40389}
2019-06-13 20:52:48,730 INFO  server.Server (Server.java:doStart(419)) - Started @5954ms
2019-06-13 20:52:48,731 INFO  server.BaseHttpServer (BaseHttpServer.java:updateConnectorAddress(207)) - HTTP server of HDDSDATANODE is listening at http://0.0.0.0:40389
2019-06-13 20:52:48,827 INFO  ozone.HddsDatanodeService (HddsDatanodeService.java:startPlugins(396)) - Started plug-in org.apache.hadoop.ozone.web.OzoneHddsDatanodeService@782ac148
2019-06-13 20:52:48,827 INFO  impl.MetricsSystemImpl (MetricsSystemImpl.java:init(158)) - HddsDatanode metrics system started (again)
2019-06-13 20:52:48,827 INFO  ozone.HddsDatanodeService (HddsDatanodeService.java:start(185)) - HddsDatanodeService host:ozone-n9fvl-1305937406 ip:192.168.46.63
2019-06-13 20:52:48,843 INFO  datanode.InitDatanodeState (InitDatanodeState.java:persistContainerDatanodeDetails(140)) - DatanodeDetails is persisted to /opt/src/hadoop-ozone/integration-test/target/test-dir/MiniOzoneClusterImpl-add696fe-84ac-4b45-a2ee-012b057e1087/datanode-7/meta/datanode.id
2019-06-13 20:52:48,854 INFO  util.JvmPauseMonitor (JvmPauseMonitor.java:run(188)) - Starting JVM pause monitor
2019-06-13 20:52:48,861 INFO  volume.HddsVolume (HddsVolume.java:<init>(176)) - Creating Volume: /opt/src/hadoop-ozone/integration-test/target/test-dir/MiniOzoneClusterImpl-add696fe-84ac-4b45-a2ee-012b057e1087/datanode-8/data/containers/hdds of  storage type : DISK and capacity : 104021790720
2019-06-13 20:52:48,862 INFO  volume.VolumeSet (VolumeSet.java:initializeVolumeSet(170)) - Added Volume : /opt/src/hadoop-ozone/integration-test/target/test-dir/MiniOzoneClusterImpl-add696fe-84ac-4b45-a2ee-012b057e1087/datanode-8/data/containers/hdds to VolumeSet
2019-06-13 20:52:48,862 INFO  volume.ThrottledAsyncChecker (ThrottledAsyncChecker.java:schedule(140)) - Scheduling a check for org.apache.hadoop.ozone.container.common.volume.HddsVolume@12365bd8
2019-06-13 20:52:48,862 INFO  volume.HddsVolumeChecker (HddsVolumeChecker.java:checkAllVolumes(203)) - Scheduled health check for volume org.apache.hadoop.ozone.container.common.volume.HddsVolume@12365bd8
2019-06-13 20:52:48,886 INFO  ratis.XceiverServerRatis (XceiverServerRatis.java:newXceiverServerRatis(401)) - Found a free port for the server : 35837
2019-06-13 20:52:48,886 INFO  impl.RaftServerProxy (ConfUtils.java:logGet(43)) - raft.rpc.type = GRPC (default)
2019-06-13 20:52:48,887 INFO  grpc.GrpcConfigKeys$Server (ConfUtils.java:logGet(43)) - raft.grpc.server.port = 35837 (custom)
2019-06-13 20:52:48,887 INFO  server.GrpcService (ConfUtils.java:logGet(43)) - raft.grpc.message.size.max = 33570816 (custom)
2019-06-13 20:52:48,887 INFO  server.RaftServerConfigKeys (ConfUtils.java:logGet(43)) - raft.server.log.appender.buffer.byte-limit = 33554432 (custom)
2019-06-13 20:52:48,887 INFO  server.GrpcService (ConfUtils.java:logGet(43)) - raft.grpc.flow.control.window = 1MB (=1048576) (default)
2019-06-13 20:52:48,887 INFO  server.RaftServerConfigKeys (ConfUtils.java:logGet(43)) - raft.server.rpc.request.timeout = 3000ms (default)
2019-06-13 20:52:48,888 INFO  server.RaftServerConfigKeys (ConfUtils.java:logGet(43)) - raft.server.storage.dir = [/opt/src/hadoop-ozone/integration-test/target/test-dir/MiniOzoneClusterImpl-add696fe-84ac-4b45-a2ee-012b057e1087/datanode-8/data/ratis] (custom)
2019-06-13 20:52:48,888 INFO  server.XceiverServerGrpc (XceiverServerGrpc.java:<init>(97)) - Found a free port for the server : 36613
2019-06-13 20:52:48,889 INFO  replication.SimpleContainerDownloader (SimpleContainerDownloader.java:<init>(72)) - Starting container downloader service to copy containers to replicate.
2019-06-13 20:52:48,890 INFO  hdfs.DFSUtil (DFSUtil.java:httpServerTemplateForNNAndJN(1641)) - Starting Web-server for hddsDatanode at: http://0.0.0.0:0
2019-06-13 20:52:48,891 INFO  server.AuthenticationFilter (AuthenticationFilter.java:constructSecretProvider(240)) - Unable to initialize FileSignerSecretProvider, falling back to use random secrets.
2019-06-13 20:52:48,892 WARN  http.HttpRequestLog (HttpRequestLog.java:getRequestLog(97)) - Jetty request log can only be enabled using Log4j
2019-06-13 20:52:48,894 INFO  http.HttpServer2 (HttpServer2.java:addGlobalFilter(975)) - Added global filter 'safety' (class=org.apache.hadoop.http.HttpServer2$QuotingInputFilter)
2019-06-13 20:52:48,894 INFO  http.HttpServer2 (HttpServer2.java:addFilter(948)) - Added filter static_user_filter (class=org.apache.hadoop.http.lib.StaticUserWebFilter$StaticUserFilter) to context hddsDatanode
2019-06-13 20:52:48,894 INFO  http.HttpServer2 (HttpServer2.java:addFilter(958)) - Added filter static_user_filter (class=org.apache.hadoop.http.lib.StaticUserWebFilter$StaticUserFilter) to context logs
2019-06-13 20:52:48,894 INFO  http.HttpServer2 (HttpServer2.java:addFilter(958)) - Added filter static_user_filter (class=org.apache.hadoop.http.lib.StaticUserWebFilter$StaticUserFilter) to context static
2019-06-13 20:52:48,895 INFO  http.HttpServer2 (HttpServer2.java:bindListener(1191)) - Jetty bound to port 43559
2019-06-13 20:52:48,895 INFO  server.Server (Server.java:doStart(351)) - jetty-9.3.24.v20180605, build timestamp: 2018-06-05T17:11:56Z, git hash: 84205aa28f11a4f31f2a3b86d1bba2cc8ab69827
2019-06-13 20:52:48,897 INFO  handler.ContextHandler (ContextHandler.java:doStart(781)) - Started o.e.j.s.ServletContextHandler@10dfa7ef{/logs,file:///opt/src/hadoop-ozone/integration-test/target/log,AVAILABLE}
2019-06-13 20:52:48,897 INFO  handler.ContextHandler (ContextHandler.java:doStart(781)) - Started o.e.j.s.ServletContextHandler@1805383{/static,jar:file:/root/.m2/repository/org/apache/hadoop/hadoop-hdds-container-service/0.5.0-SNAPSHOT/hadoop-hdds-container-service-0.5.0-SNAPSHOT.jar!/webapps/static,AVAILABLE}
2019-06-13 20:52:48,927 INFO  handler.ContextHandler (ContextHandler.java:doStart(781)) - Started o.e.j.w.WebAppContext@4438b862{/,file:///tmp/jetty-0.0.0.0-43559-hddsDatanode-_-any-5169085873073964284.dir/webapp/,AVAILABLE}{/hddsDatanode}
2019-06-13 20:52:48,928 INFO  server.AbstractConnector (AbstractConnector.java:doStart(278)) - Started ServerConnector@17b6ad97{HTTP/1.1,[http/1.1]}{0.0.0.0:43559}
2019-06-13 20:52:48,929 INFO  server.Server (Server.java:doStart(419)) - Started @6152ms
2019-06-13 20:52:48,929 INFO  server.BaseHttpServer (BaseHttpServer.java:updateConnectorAddress(207)) - HTTP server of HDDSDATANODE is listening at http://0.0.0.0:43559
2019-06-13 20:52:49,042 INFO  ozone.HddsDatanodeService (HddsDatanodeService.java:startPlugins(396)) - Started plug-in org.apache.hadoop.ozone.web.OzoneHddsDatanodeService@542c65d9
2019-06-13 20:52:49,045 INFO  impl.MetricsSystemImpl (MetricsSystemImpl.java:init(158)) - HddsDatanode metrics system started (again)
2019-06-13 20:52:49,045 INFO  ozone.HddsDatanodeService (HddsDatanodeService.java:start(185)) - HddsDatanodeService host:ozone-n9fvl-1305937406 ip:192.168.46.63
2019-06-13 20:52:49,053 INFO  util.JvmPauseMonitor (JvmPauseMonitor.java:run(188)) - Starting JVM pause monitor
2019-06-13 20:52:49,086 INFO  datanode.InitDatanodeState (InitDatanodeState.java:persistContainerDatanodeDetails(140)) - DatanodeDetails is persisted to /opt/src/hadoop-ozone/integration-test/target/test-dir/MiniOzoneClusterImpl-add696fe-84ac-4b45-a2ee-012b057e1087/datanode-8/meta/datanode.id
2019-06-13 20:52:49,095 INFO  volume.HddsVolume (HddsVolume.java:<init>(176)) - Creating Volume: /opt/src/hadoop-ozone/integration-test/target/test-dir/MiniOzoneClusterImpl-add696fe-84ac-4b45-a2ee-012b057e1087/datanode-9/data/containers/hdds of  storage type : DISK and capacity : 104021790720
2019-06-13 20:52:49,095 INFO  volume.VolumeSet (VolumeSet.java:initializeVolumeSet(170)) - Added Volume : /opt/src/hadoop-ozone/integration-test/target/test-dir/MiniOzoneClusterImpl-add696fe-84ac-4b45-a2ee-012b057e1087/datanode-9/data/containers/hdds to VolumeSet
2019-06-13 20:52:49,095 INFO  volume.ThrottledAsyncChecker (ThrottledAsyncChecker.java:schedule(140)) - Scheduling a check for org.apache.hadoop.ozone.container.common.volume.HddsVolume@cd5ff55
2019-06-13 20:52:49,096 INFO  volume.HddsVolumeChecker (HddsVolumeChecker.java:checkAllVolumes(203)) - Scheduled health check for volume org.apache.hadoop.ozone.container.common.volume.HddsVolume@cd5ff55
2019-06-13 20:52:49,125 INFO  ratis.XceiverServerRatis (XceiverServerRatis.java:newXceiverServerRatis(401)) - Found a free port for the server : 32929
2019-06-13 20:52:49,130 INFO  impl.RaftServerProxy (ConfUtils.java:logGet(43)) - raft.rpc.type = GRPC (default)
2019-06-13 20:52:49,131 INFO  grpc.GrpcConfigKeys$Server (ConfUtils.java:logGet(43)) - raft.grpc.server.port = 32929 (custom)
2019-06-13 20:52:49,131 INFO  server.GrpcService (ConfUtils.java:logGet(43)) - raft.grpc.message.size.max = 33570816 (custom)
2019-06-13 20:52:49,131 INFO  server.RaftServerConfigKeys (ConfUtils.java:logGet(43)) - raft.server.log.appender.buffer.byte-limit = 33554432 (custom)
2019-06-13 20:52:49,131 INFO  server.GrpcService (ConfUtils.java:logGet(43)) - raft.grpc.flow.control.window = 1MB (=1048576) (default)
2019-06-13 20:52:49,132 INFO  server.RaftServerConfigKeys (ConfUtils.java:logGet(43)) - raft.server.rpc.request.timeout = 3000ms (default)
2019-06-13 20:52:49,132 INFO  server.RaftServerConfigKeys (ConfUtils.java:logGet(43)) - raft.server.storage.dir = [/opt/src/hadoop-ozone/integration-test/target/test-dir/MiniOzoneClusterImpl-add696fe-84ac-4b45-a2ee-012b057e1087/datanode-9/data/ratis] (custom)
2019-06-13 20:52:49,132 INFO  server.XceiverServerGrpc (XceiverServerGrpc.java:<init>(97)) - Found a free port for the server : 34977
2019-06-13 20:52:49,133 INFO  replication.SimpleContainerDownloader (SimpleContainerDownloader.java:<init>(72)) - Starting container downloader service to copy containers to replicate.
2019-06-13 20:52:49,134 INFO  hdfs.DFSUtil (DFSUtil.java:httpServerTemplateForNNAndJN(1641)) - Starting Web-server for hddsDatanode at: http://0.0.0.0:0
2019-06-13 20:52:49,135 INFO  server.AuthenticationFilter (AuthenticationFilter.java:constructSecretProvider(240)) - Unable to initialize FileSignerSecretProvider, falling back to use random secrets.
2019-06-13 20:52:49,135 WARN  http.HttpRequestLog (HttpRequestLog.java:getRequestLog(97)) - Jetty request log can only be enabled using Log4j
2019-06-13 20:52:49,137 INFO  http.HttpServer2 (HttpServer2.java:addGlobalFilter(975)) - Added global filter 'safety' (class=org.apache.hadoop.http.HttpServer2$QuotingInputFilter)
2019-06-13 20:52:49,137 INFO  http.HttpServer2 (HttpServer2.java:addFilter(948)) - Added filter static_user_filter (class=org.apache.hadoop.http.lib.StaticUserWebFilter$StaticUserFilter) to context hddsDatanode
2019-06-13 20:52:49,138 INFO  http.HttpServer2 (HttpServer2.java:addFilter(958)) - Added filter static_user_filter (class=org.apache.hadoop.http.lib.StaticUserWebFilter$StaticUserFilter) to context logs
2019-06-13 20:52:49,138 INFO  http.HttpServer2 (HttpServer2.java:addFilter(958)) - Added filter static_user_filter (class=org.apache.hadoop.http.lib.StaticUserWebFilter$StaticUserFilter) to context static
2019-06-13 20:52:49,138 INFO  http.HttpServer2 (HttpServer2.java:bindListener(1191)) - Jetty bound to port 36339
2019-06-13 20:52:49,139 INFO  server.Server (Server.java:doStart(351)) - jetty-9.3.24.v20180605, build timestamp: 2018-06-05T17:11:56Z, git hash: 84205aa28f11a4f31f2a3b86d1bba2cc8ab69827
2019-06-13 20:52:49,140 INFO  handler.ContextHandler (ContextHandler.java:doStart(781)) - Started o.e.j.s.ServletContextHandler@ec5f944{/logs,file:///opt/src/hadoop-ozone/integration-test/target/log,AVAILABLE}
2019-06-13 20:52:49,141 INFO  handler.ContextHandler (ContextHandler.java:doStart(781)) - Started o.e.j.s.ServletContextHandler@74eec640{/static,jar:file:/root/.m2/repository/org/apache/hadoop/hadoop-hdds-container-service/0.5.0-SNAPSHOT/hadoop-hdds-container-service-0.5.0-SNAPSHOT.jar!/webapps/static,AVAILABLE}
2019-06-13 20:52:49,169 INFO  handler.ContextHandler (ContextHandler.java:doStart(781)) - Started o.e.j.w.WebAppContext@21e484b{/,file:///tmp/jetty-0.0.0.0-36339-hddsDatanode-_-any-5540439150668983546.dir/webapp/,AVAILABLE}{/hddsDatanode}
2019-06-13 20:52:49,170 INFO  server.AbstractConnector (AbstractConnector.java:doStart(278)) - Started ServerConnector@191f4d65{HTTP/1.1,[http/1.1]}{0.0.0.0:36339}
2019-06-13 20:52:49,170 INFO  server.Server (Server.java:doStart(419)) - Started @6394ms
2019-06-13 20:52:49,171 INFO  server.BaseHttpServer (BaseHttpServer.java:updateConnectorAddress(207)) - HTTP server of HDDSDATANODE is listening at http://0.0.0.0:36339
2019-06-13 20:52:49,287 INFO  ozone.HddsDatanodeService (HddsDatanodeService.java:startPlugins(396)) - Started plug-in org.apache.hadoop.ozone.web.OzoneHddsDatanodeService@42576db9
2019-06-13 20:52:49,288 INFO  ozone.MiniOzoneClusterImpl (MiniOzoneClusterImpl.java:lambda$waitForClusterToBeReady$0(142)) - Waiting for cluster to be ready. Got 0 of 10 DN Heartbeats.
2019-06-13 20:52:49,301 INFO  util.JvmPauseMonitor (JvmPauseMonitor.java:run(188)) - Starting JVM pause monitor
2019-06-13 20:52:49,303 INFO  datanode.InitDatanodeState (InitDatanodeState.java:persistContainerDatanodeDetails(140)) - DatanodeDetails is persisted to /opt/src/hadoop-ozone/integration-test/target/test-dir/MiniOzoneClusterImpl-add696fe-84ac-4b45-a2ee-012b057e1087/datanode-9/meta/datanode.id
2019-06-13 20:52:49,488 INFO  ozoneimpl.OzoneContainer (OzoneContainer.java:start(186)) - Attempting to start container services.
2019-06-13 20:52:49,488 INFO  ozoneimpl.OzoneContainer (OzoneContainer.java:startContainerScrub(160)) - Background container scrubber has been disabled by hdds.containerscrub.enabled
2019-06-13 20:52:49,488 INFO  ratis.XceiverServerRatis (XceiverServerRatis.java:start(418)) - Starting XceiverServerRatis a83b0601-c70d-4140-b27f-c227c6feeccd at port 38007
2019-06-13 20:52:49,500 INFO  impl.RaftServerProxy (RaftServerProxy.java:lambda$start$3(299)) - a83b0601-c70d-4140-b27f-c227c6feeccd: start RPC server
2019-06-13 20:52:49,632 INFO  server.GrpcService (GrpcService.java:startImpl(148)) - a83b0601-c70d-4140-b27f-c227c6feeccd: GrpcService started, listening on 0.0.0.0/0.0.0.0:38007
2019-06-13 20:52:49,678 INFO  ozoneimpl.OzoneContainer (OzoneContainer.java:start(186)) - Attempting to start container services.
2019-06-13 20:52:49,680 INFO  ozoneimpl.OzoneContainer (OzoneContainer.java:startContainerScrub(160)) - Background container scrubber has been disabled by hdds.containerscrub.enabled
2019-06-13 20:52:49,680 INFO  ratis.XceiverServerRatis (XceiverServerRatis.java:start(418)) - Starting XceiverServerRatis 56d08c09-4759-4949-a1a0-7b3dab8b6741 at port 36511
2019-06-13 20:52:49,689 INFO  impl.RaftServerProxy (RaftServerProxy.java:lambda$start$3(299)) - 56d08c09-4759-4949-a1a0-7b3dab8b6741: start RPC server
2019-06-13 20:52:49,692 INFO  server.GrpcService (GrpcService.java:startImpl(148)) - 56d08c09-4759-4949-a1a0-7b3dab8b6741: GrpcService started, listening on 0.0.0.0/0.0.0.0:36511
2019-06-13 20:52:49,695 ERROR statemachine.EndpointStateMachine (EndpointStateMachine.java:logIfNeeded(204)) - Unable to communicate to SCM server at 0.0.0.0:33779 for past 0 seconds.
java.io.IOException: Failed to bind
	at org.apache.ratis.thirdparty.io.grpc.netty.NettyServer.start(NettyServer.java:253)
	at org.apache.ratis.thirdparty.io.grpc.internal.ServerImpl.start(ServerImpl.java:166)
	at org.apache.ratis.thirdparty.io.grpc.internal.ServerImpl.start(ServerImpl.java:81)
	at org.apache.hadoop.ozone.container.common.transport.server.XceiverServerGrpc.start(XceiverServerGrpc.java:166)
	at org.apache.hadoop.ozone.container.ozoneimpl.OzoneContainer.start(OzoneContainer.java:189)
	at org.apache.hadoop.ozone.container.common.states.endpoint.VersionEndpointTask.call(VersionEndpointTask.java:110)
	at org.apache.hadoop.ozone.container.common.states.endpoint.VersionEndpointTask.call(VersionEndpointTask.java:42)
	at java.util.concurrent.FutureTask.run(FutureTask.java:266)
	at java.util.concurrent.Executors$RunnableAdapter.call(Executors.java:511)
	at java.util.concurrent.FutureTask.run(FutureTask.java:266)
	at java.util.concurrent.ThreadPoolExecutor.runWorker(ThreadPoolExecutor.java:1149)
	at java.util.concurrent.ThreadPoolExecutor$Worker.run(ThreadPoolExecutor.java:624)
	at java.lang.Thread.run(Thread.java:748)
Caused by: java.net.BindException: Address in use
	at sun.nio.ch.Net.bind0(Native Method)
	at sun.nio.ch.Net.bind(Net.java:433)
	at sun.nio.ch.Net.bind(Net.java:425)
	at sun.nio.ch.ServerSocketChannelImpl.bind(ServerSocketChannelImpl.java:223)
	at org.apache.ratis.thirdparty.io.netty.channel.socket.nio.NioServerSocketChannel.doBind(NioServerSocketChannel.java:130)
	at org.apache.ratis.thirdparty.io.netty.channel.AbstractChannel$AbstractUnsafe.bind(AbstractChannel.java:558)
	at org.apache.ratis.thirdparty.io.netty.channel.DefaultChannelPipeline$HeadContext.bind(DefaultChannelPipeline.java:1358)
	at org.apache.ratis.thirdparty.io.netty.channel.AbstractChannelHandlerContext.invokeBind(AbstractChannelHandlerContext.java:501)
	at org.apache.ratis.thirdparty.io.netty.channel.AbstractChannelHandlerContext.bind(AbstractChannelHandlerContext.java:486)
	at org.apache.ratis.thirdparty.io.netty.channel.DefaultChannelPipeline.bind(DefaultChannelPipeline.java:1019)
	at org.apache.ratis.thirdparty.io.netty.channel.AbstractChannel.bind(AbstractChannel.java:254)
	at org.apache.ratis.thirdparty.io.netty.bootstrap.AbstractBootstrap$2.run(AbstractBootstrap.java:366)
	at org.apache.ratis.thirdparty.io.netty.util.concurrent.AbstractEventExecutor.safeExecute(AbstractEventExecutor.java:163)
	at org.apache.ratis.thirdparty.io.netty.util.concurrent.SingleThreadEventExecutor.runAllTasks(SingleThreadEventExecutor.java:404)
	at org.apache.ratis.thirdparty.io.netty.channel.nio.NioEventLoop.run(NioEventLoop.java:462)
	at org.apache.ratis.thirdparty.io.netty.util.concurrent.SingleThreadEventExecutor$5.run(SingleThreadEventExecutor.java:897)
	at org.apache.ratis.thirdparty.io.netty.util.concurrent.FastThreadLocalRunnable.run(FastThreadLocalRunnable.java:30)
	... 1 more
2019-06-13 20:52:49,890 INFO  ozoneimpl.OzoneContainer (OzoneContainer.java:start(186)) - Attempting to start container services.
2019-06-13 20:52:49,891 INFO  ozoneimpl.OzoneContainer (OzoneContainer.java:startContainerScrub(160)) - Background container scrubber has been disabled by hdds.containerscrub.enabled
2019-06-13 20:52:49,891 INFO  ratis.XceiverServerRatis (XceiverServerRatis.java:start(418)) - Starting XceiverServerRatis e834f043-68c2-4690-911f-e774cd7c845d at port 43981
2019-06-13 20:52:49,897 INFO  impl.RaftServerProxy (RaftServerProxy.java:lambda$start$3(299)) - e834f043-68c2-4690-911f-e774cd7c845d: start RPC server
2019-06-13 20:52:49,899 INFO  server.GrpcService (GrpcService.java:startImpl(148)) - e834f043-68c2-4690-911f-e774cd7c845d: GrpcService started, listening on 0.0.0.0/0.0.0.0:43981
2019-06-13 20:52:50,108 INFO  ozoneimpl.OzoneContainer (OzoneContainer.java:start(186)) - Attempting to start container services.
2019-06-13 20:52:50,109 INFO  ozoneimpl.OzoneContainer (OzoneContainer.java:startContainerScrub(160)) - Background container scrubber has been disabled by hdds.containerscrub.enabled
2019-06-13 20:52:50,109 INFO  ratis.XceiverServerRatis (XceiverServerRatis.java:start(418)) - Starting XceiverServerRatis 2a700f1f-da98-49ef-9a26-03cc6c63ade6 at port 38093
2019-06-13 20:52:50,118 INFO  impl.RaftServerProxy (RaftServerProxy.java:lambda$start$3(299)) - 2a700f1f-da98-49ef-9a26-03cc6c63ade6: start RPC server
2019-06-13 20:52:50,120 INFO  server.GrpcService (GrpcService.java:startImpl(148)) - 2a700f1f-da98-49ef-9a26-03cc6c63ade6: GrpcService started, listening on 0.0.0.0/0.0.0.0:38093
2019-06-13 20:52:50,279 INFO  ozoneimpl.OzoneContainer (OzoneContainer.java:start(186)) - Attempting to start container services.
2019-06-13 20:52:50,280 INFO  ozoneimpl.OzoneContainer (OzoneContainer.java:startContainerScrub(160)) - Background container scrubber has been disabled by hdds.containerscrub.enabled
2019-06-13 20:52:50,280 INFO  ratis.XceiverServerRatis (XceiverServerRatis.java:start(418)) - Starting XceiverServerRatis bcfd8b62-ac69-42ca-b586-3bf2b9944505 at port 41689
2019-06-13 20:52:50,284 INFO  impl.RaftServerProxy (RaftServerProxy.java:lambda$start$3(299)) - bcfd8b62-ac69-42ca-b586-3bf2b9944505: start RPC server
2019-06-13 20:52:50,287 INFO  server.GrpcService (GrpcService.java:startImpl(148)) - bcfd8b62-ac69-42ca-b586-3bf2b9944505: GrpcService started, listening on 0.0.0.0/0.0.0.0:41689
2019-06-13 20:52:50,289 INFO  ozone.MiniOzoneClusterImpl (MiniOzoneClusterImpl.java:lambda$waitForClusterToBeReady$0(142)) - Waiting for cluster to be ready. Got 0 of 10 DN Heartbeats.
2019-06-13 20:52:50,496 INFO  ozoneimpl.OzoneContainer (OzoneContainer.java:start(186)) - Attempting to start container services.
2019-06-13 20:52:50,498 INFO  ozoneimpl.OzoneContainer (OzoneContainer.java:startContainerScrub(160)) - Background container scrubber has been disabled by hdds.containerscrub.enabled
2019-06-13 20:52:50,498 INFO  ratis.XceiverServerRatis (XceiverServerRatis.java:start(418)) - Starting XceiverServerRatis a55bb28c-9a91-49a0-99cd-6faaa1ad267a at port 36859
2019-06-13 20:52:50,502 INFO  impl.RaftServerProxy (RaftServerProxy.java:lambda$start$3(299)) - a55bb28c-9a91-49a0-99cd-6faaa1ad267a: start RPC server
2019-06-13 20:52:50,505 INFO  server.GrpcService (GrpcService.java:startImpl(148)) - a55bb28c-9a91-49a0-99cd-6faaa1ad267a: GrpcService started, listening on 0.0.0.0/0.0.0.0:36859
2019-06-13 20:52:50,668 INFO  ozoneimpl.OzoneContainer (OzoneContainer.java:start(186)) - Attempting to start container services.
2019-06-13 20:52:50,670 INFO  ozoneimpl.OzoneContainer (OzoneContainer.java:startContainerScrub(160)) - Background container scrubber has been disabled by hdds.containerscrub.enabled
2019-06-13 20:52:50,671 INFO  ratis.XceiverServerRatis (XceiverServerRatis.java:start(418)) - Starting XceiverServerRatis 7e110c32-16c6-4157-bc33-575ee617fed4 at port 44945
2019-06-13 20:52:50,682 INFO  impl.RaftServerProxy (RaftServerProxy.java:lambda$start$3(299)) - 7e110c32-16c6-4157-bc33-575ee617fed4: start RPC server
2019-06-13 20:52:50,684 INFO  server.GrpcService (GrpcService.java:startImpl(148)) - 7e110c32-16c6-4157-bc33-575ee617fed4: GrpcService started, listening on 0.0.0.0/0.0.0.0:44945
2019-06-13 20:52:50,842 INFO  ozoneimpl.OzoneContainer (OzoneContainer.java:start(186)) - Attempting to start container services.
2019-06-13 20:52:50,844 INFO  ozoneimpl.OzoneContainer (OzoneContainer.java:startContainerScrub(160)) - Background container scrubber has been disabled by hdds.containerscrub.enabled
2019-06-13 20:52:50,844 INFO  ratis.XceiverServerRatis (XceiverServerRatis.java:start(418)) - Starting XceiverServerRatis 5ff02751-d237-480c-b1e9-4266071b5fb0 at port 39927
2019-06-13 20:52:50,847 INFO  impl.RaftServerProxy (RaftServerProxy.java:lambda$start$3(299)) - 5ff02751-d237-480c-b1e9-4266071b5fb0: start RPC server
2019-06-13 20:52:50,850 INFO  server.GrpcService (GrpcService.java:startImpl(148)) - 5ff02751-d237-480c-b1e9-4266071b5fb0: GrpcService started, listening on 0.0.0.0/0.0.0.0:39927
2019-06-13 20:52:51,058 INFO  ozoneimpl.OzoneContainer (OzoneContainer.java:start(186)) - Attempting to start container services.
2019-06-13 20:52:51,060 INFO  ozoneimpl.OzoneContainer (OzoneContainer.java:startContainerScrub(160)) - Background container scrubber has been disabled by hdds.containerscrub.enabled
2019-06-13 20:52:51,060 INFO  ratis.XceiverServerRatis (XceiverServerRatis.java:start(418)) - Starting XceiverServerRatis cd0c8ecd-7ef6-4060-bf45-94f9de670313 at port 35837
2019-06-13 20:52:51,071 INFO  impl.RaftServerProxy (RaftServerProxy.java:lambda$start$3(299)) - cd0c8ecd-7ef6-4060-bf45-94f9de670313: start RPC server
2019-06-13 20:52:51,074 INFO  server.GrpcService (GrpcService.java:startImpl(148)) - cd0c8ecd-7ef6-4060-bf45-94f9de670313: GrpcService started, listening on 0.0.0.0/0.0.0.0:35837
2019-06-13 20:52:51,289 INFO  ozone.MiniOzoneClusterImpl (MiniOzoneClusterImpl.java:lambda$waitForClusterToBeReady$0(142)) - Waiting for cluster to be ready. Got 0 of 10 DN Heartbeats.
2019-06-13 20:52:51,307 INFO  ozoneimpl.OzoneContainer (OzoneContainer.java:start(186)) - Attempting to start container services.
2019-06-13 20:52:51,310 INFO  ozoneimpl.OzoneContainer (OzoneContainer.java:startContainerScrub(160)) - Background container scrubber has been disabled by hdds.containerscrub.enabled
2019-06-13 20:52:51,310 INFO  ratis.XceiverServerRatis (XceiverServerRatis.java:start(418)) - Starting XceiverServerRatis 22b2fce2-e0c4-4bfe-a1ac-a7ae08b7b321 at port 32929
2019-06-13 20:52:51,313 INFO  impl.RaftServerProxy (RaftServerProxy.java:lambda$start$3(299)) - 22b2fce2-e0c4-4bfe-a1ac-a7ae08b7b321: start RPC server
2019-06-13 20:52:51,321 INFO  server.GrpcService (GrpcService.java:startImpl(148)) - 22b2fce2-e0c4-4bfe-a1ac-a7ae08b7b321: GrpcService started, listening on 0.0.0.0/0.0.0.0:32929
2019-06-13 20:52:51,489 INFO  node.SCMNodeManager (SCMNodeManager.java:register(234)) - Registered Data node : a83b0601-c70d-4140-b27f-c227c6feeccd{ip: 192.168.46.63, host: ozone-n9fvl-1305937406, networkLocation: /default-rack, certSerialId: null}
2019-06-13 20:52:51,498 INFO  safemode.SCMSafeModeManager (DataNodeSafeModeRule.java:process(71)) - SCM in safe mode. 1 DataNodes registered, 1 required.
2019-06-13 20:52:51,498 INFO  safemode.SCMSafeModeManager (SCMSafeModeManager.java:validateSafeModeExitRules(177)) - ScmSafeModeManager, all rules are successfully validated
2019-06-13 20:52:51,498 INFO  safemode.SCMSafeModeManager (SCMSafeModeManager.java:exitSafeMode(193)) - SCM exiting safe mode.
2019-06-13 20:52:51,680 INFO  ozoneimpl.OzoneContainer (OzoneContainer.java:start(186)) - Attempting to start container services.
2019-06-13 20:52:51,680 INFO  ozoneimpl.OzoneContainer (OzoneContainer.java:startContainerScrub(160)) - Background container scrubber has been disabled by hdds.containerscrub.enabled
2019-06-13 20:52:51,889 INFO  node.SCMNodeManager (SCMNodeManager.java:register(234)) - Registered Data node : e834f043-68c2-4690-911f-e774cd7c845d{ip: 192.168.46.63, host: ozone-n9fvl-1305937406, networkLocation: /default-rack, certSerialId: null}
2019-06-13 20:52:51,911 INFO  impl.RaftServerProxy (RaftServerProxy.java:addNew(89)) - a83b0601-c70d-4140-b27f-c227c6feeccd: addNew group-83F4FC979FA7:[a83b0601-c70d-4140-b27f-c227c6feeccd:192.168.46.63:38007] returns group-83F4FC979FA7:java.util.concurrent.CompletableFuture@e7fc82a[Not completed]
2019-06-13 20:52:52,060 INFO  impl.RaftServerImpl (RaftServerImpl.java:<init>(91)) - a83b0601-c70d-4140-b27f-c227c6feeccd: new RaftServerImpl for group-83F4FC979FA7:[a83b0601-c70d-4140-b27f-c227c6feeccd:192.168.46.63:38007] with ContainerStateMachine:uninitialized
2019-06-13 20:52:52,062 INFO  server.RaftServerConfigKeys (ConfUtils.java:logGet(43)) - raft.server.rpc.timeout.min = 1s (custom)
2019-06-13 20:52:52,062 INFO  server.RaftServerConfigKeys (ConfUtils.java:logGet(43)) - raft.server.rpc.timeout.max = 1200ms (custom)
2019-06-13 20:52:52,062 INFO  server.RaftServerConfigKeys (ConfUtils.java:logGet(43)) - raft.server.rpcslowness.timeout = 120s (custom)
2019-06-13 20:52:52,062 INFO  server.RaftServerConfigKeys (ConfUtils.java:logGet(43)) - raft.server.log.appender.install.snapshot.enabled = true (default)
2019-06-13 20:52:52,068 INFO  impl.RaftServerImpl (ServerState.java:<init>(101)) - a83b0601-c70d-4140-b27f-c227c6feeccd:group-83F4FC979FA7 ConfigurationManager, init=-1: [a83b0601-c70d-4140-b27f-c227c6feeccd:192.168.46.63:38007], old=null, confs=<EMPTY_MAP>
2019-06-13 20:52:52,068 INFO  server.RaftServerConfigKeys (ConfUtils.java:logGet(43)) - raft.server.storage.dir = [/opt/src/hadoop-ozone/integration-test/target/test-dir/MiniOzoneClusterImpl-add696fe-84ac-4b45-a2ee-012b057e1087/datanode-0/data/ratis] (custom)
2019-06-13 20:52:52,076 INFO  storage.RaftStorageDirectory (RaftStorageDirectory.java:analyzeStorage(246)) - The storage directory /opt/src/hadoop-ozone/integration-test/target/test-dir/MiniOzoneClusterImpl-add696fe-84ac-4b45-a2ee-012b057e1087/datanode-0/data/ratis/265bf344-a98e-4293-968f-83f4fc979fa7 does not exist. Creating ...
2019-06-13 20:52:52,081 INFO  storage.RaftStorageDirectory (RaftStorageDirectory.java:tryLock(328)) - Lock on /opt/src/hadoop-ozone/integration-test/target/test-dir/MiniOzoneClusterImpl-add696fe-84ac-4b45-a2ee-012b057e1087/datanode-0/data/ratis/265bf344-a98e-4293-968f-83f4fc979fa7/in_use.lock acquired by nodename 16293@ozone-n9fvl-1305937406
2019-06-13 20:52:52,085 INFO  storage.RaftStorage (RaftStorage.java:format(75)) - Storage directory /opt/src/hadoop-ozone/integration-test/target/test-dir/MiniOzoneClusterImpl-add696fe-84ac-4b45-a2ee-012b057e1087/datanode-0/data/ratis/265bf344-a98e-4293-968f-83f4fc979fa7 has been successfully formatted.
2019-06-13 20:52:52,086 INFO  ratis.ContainerStateMachine (ContainerStateMachine.java:loadSnapshot(199)) - The snapshot info is null.Setting the last applied index to:(t:0, i:~)
2019-06-13 20:52:52,086 INFO  server.RaftServerConfigKeys (ConfUtils.java:logGet(43)) - raft.server.leader.election.timeout = 120s (custom)
2019-06-13 20:52:52,088 INFO  server.RaftServerConfigKeys (ConfUtils.java:logGet(43)) - raft.server.log.use.memory = false (default)
2019-06-13 20:52:52,089 INFO  server.RaftServerConfigKeys (ConfUtils.java:logGet(43)) - raft.server.log.appender.buffer.byte-limit = 33554432 (custom)
2019-06-13 20:52:52,092 INFO  server.RaftServerConfigKeys (ConfUtils.java:logGet(43)) - raft.server.log.segment.size.max = 16384 (custom)
2019-06-13 20:52:52,095 INFO  server.RaftServerConfigKeys (ConfUtils.java:logGet(43)) - raft.server.log.segment.cache.num.max = 2 (custom)
2019-06-13 20:52:52,097 INFO  storage.RaftLogWorker (RaftLogWorker.java:<init>(123)) - new a83b0601-c70d-4140-b27f-c227c6feeccd-RaftLogWorker for Storage Directory /opt/src/hadoop-ozone/integration-test/target/test-dir/MiniOzoneClusterImpl-add696fe-84ac-4b45-a2ee-012b057e1087/datanode-0/data/ratis/265bf344-a98e-4293-968f-83f4fc979fa7
2019-06-13 20:52:52,098 INFO  server.RaftServerConfigKeys (ConfUtils.java:logGet(43)) - raft.server.log.queue.byte-limit = 2147483647 (custom)
2019-06-13 20:52:52,098 INFO  server.RaftServerConfigKeys (ConfUtils.java:logGet(43)) - raft.server.log.queue.element-limit = 1024 (custom)
2019-06-13 20:52:52,099 INFO  server.RaftServerConfigKeys (ConfUtils.java:logGet(43)) - raft.server.log.segment.size.max = 16384 (custom)
2019-06-13 20:52:52,100 INFO  server.RaftServerConfigKeys (ConfUtils.java:logGet(43)) - raft.server.log.preallocated.size = 16384 (custom)
2019-06-13 20:52:52,100 INFO  server.RaftServerConfigKeys (ConfUtils.java:logGet(43)) - raft.server.log.write.buffer.size = 33554432 (custom)
2019-06-13 20:52:52,100 INFO  server.RaftServerConfigKeys (ConfUtils.java:logGet(43)) - raft.server.log.force.sync.num = 128 (default)
2019-06-13 20:52:52,101 INFO  server.RaftServerConfigKeys (ConfUtils.java:logGet(43)) - raft.server.log.statemachine.data.sync = true (default)
2019-06-13 20:52:52,101 INFO  server.RaftServerConfigKeys (ConfUtils.java:logGet(43)) - raft.server.log.statemachine.data.sync.timeout = 10s (default)
2019-06-13 20:52:52,101 INFO  server.RaftServerConfigKeys (ConfUtils.java:logGet(43)) - raft.server.log.statemachine.data.sync.timeout.retry = -1 (default)
2019-06-13 20:52:52,103 INFO  server.RaftServerConfigKeys (ConfUtils.java:logGet(43)) - raft.server.log.statemachine.data.caching.enabled = true (custom)
2019-06-13 20:52:52,108 INFO  node.SCMNodeManager (SCMNodeManager.java:register(234)) - Registered Data node : 2a700f1f-da98-49ef-9a26-03cc6c63ade6{ip: 192.168.46.63, host: ozone-n9fvl-1305937406, networkLocation: /default-rack, certSerialId: null}
2019-06-13 20:52:52,118 INFO  server.RaftServerConfigKeys (ConfUtils.java:logGet(43)) - raft.server.snapshot.auto.trigger.enabled = true (custom)
2019-06-13 20:52:52,119 INFO  server.RaftServerConfigKeys (ConfUtils.java:logGet(43)) - raft.server.snapshot.auto.trigger.threshold = 10000 (custom)
2019-06-13 20:52:52,120 INFO  server.RaftServerConfigKeys (ConfUtils.java:logGet(43)) - raft.server.retrycache.expirytime = 600000ms (custom)
2019-06-13 20:52:52,139 INFO  impl.RaftServerImpl (RaftServerImpl.java:start(173)) - a83b0601-c70d-4140-b27f-c227c6feeccd: start group-83F4FC979FA7
2019-06-13 20:52:52,140 INFO  impl.RaftServerImpl (RaftServerImpl.java:setRole(164)) - a83b0601-c70d-4140-b27f-c227c6feeccd:group-83F4FC979FA7 changes role from null to FOLLOWER at term 0 for startAsFollower
2019-06-13 20:52:52,141 INFO  impl.RoleInfo (RoleInfo.java:updateAndGet(143)) - a83b0601-c70d-4140-b27f-c227c6feeccd: start FollowerState
2019-06-13 20:52:52,142 INFO  util.JmxRegister (JmxRegister.java:tryRegister(44)) - Successfully registered JMX Bean with object name Ratis:service=RaftServer,group=group-83F4FC979FA7,id=a83b0601-c70d-4140-b27f-c227c6feeccd
2019-06-13 20:52:52,189 INFO  pipeline.PipelineStateManager (PipelineStateManager.java:addPipeline(56)) - Created pipeline Pipeline[ Id: 265bf344-a98e-4293-968f-83f4fc979fa7, Nodes: a83b0601-c70d-4140-b27f-c227c6feeccd{ip: 192.168.46.63, host: ozone-n9fvl-1305937406, networkLocation: /default-rack, certSerialId: null}, Type:RATIS, Factor:ONE, State:OPEN]
2019-06-13 20:52:52,209 INFO  impl.RaftServerProxy (RaftServerProxy.java:addNew(89)) - 2a700f1f-da98-49ef-9a26-03cc6c63ade6: addNew group-9B2A0165E1E5:[2a700f1f-da98-49ef-9a26-03cc6c63ade6:192.168.46.63:38093] returns group-9B2A0165E1E5:java.util.concurrent.CompletableFuture@428b0d64[Not completed]
2019-06-13 20:52:52,264 INFO  impl.RaftServerImpl (RaftServerImpl.java:<init>(91)) - 2a700f1f-da98-49ef-9a26-03cc6c63ade6: new RaftServerImpl for group-9B2A0165E1E5:[2a700f1f-da98-49ef-9a26-03cc6c63ade6:192.168.46.63:38093] with ContainerStateMachine:uninitialized
2019-06-13 20:52:52,266 INFO  server.RaftServerConfigKeys (ConfUtils.java:logGet(43)) - raft.server.rpc.timeout.min = 1s (custom)
2019-06-13 20:52:52,266 INFO  server.RaftServerConfigKeys (ConfUtils.java:logGet(43)) - raft.server.rpc.timeout.max = 1200ms (custom)
2019-06-13 20:52:52,266 INFO  server.RaftServerConfigKeys (ConfUtils.java:logGet(43)) - raft.server.rpcslowness.timeout = 120s (custom)
2019-06-13 20:52:52,267 INFO  server.RaftServerConfigKeys (ConfUtils.java:logGet(43)) - raft.server.log.appender.install.snapshot.enabled = true (default)
2019-06-13 20:52:52,267 INFO  impl.RaftServerImpl (ServerState.java:<init>(101)) - 2a700f1f-da98-49ef-9a26-03cc6c63ade6:group-9B2A0165E1E5 ConfigurationManager, init=-1: [2a700f1f-da98-49ef-9a26-03cc6c63ade6:192.168.46.63:38093], old=null, confs=<EMPTY_MAP>
2019-06-13 20:52:52,267 INFO  server.RaftServerConfigKeys (ConfUtils.java:logGet(43)) - raft.server.storage.dir = [/opt/src/hadoop-ozone/integration-test/target/test-dir/MiniOzoneClusterImpl-add696fe-84ac-4b45-a2ee-012b057e1087/datanode-3/data/ratis] (custom)
2019-06-13 20:52:52,267 INFO  storage.RaftStorageDirectory (RaftStorageDirectory.java:analyzeStorage(246)) - The storage directory /opt/src/hadoop-ozone/integration-test/target/test-dir/MiniOzoneClusterImpl-add696fe-84ac-4b45-a2ee-012b057e1087/datanode-3/data/ratis/3adb63b8-c0a4-4b65-bf8c-9b2a0165e1e5 does not exist. Creating ...
2019-06-13 20:52:52,271 INFO  storage.RaftStorageDirectory (RaftStorageDirectory.java:tryLock(328)) - Lock on /opt/src/hadoop-ozone/integration-test/target/test-dir/MiniOzoneClusterImpl-add696fe-84ac-4b45-a2ee-012b057e1087/datanode-3/data/ratis/3adb63b8-c0a4-4b65-bf8c-9b2a0165e1e5/in_use.lock acquired by nodename 16293@ozone-n9fvl-1305937406
2019-06-13 20:52:52,273 INFO  storage.RaftStorage (RaftStorage.java:format(75)) - Storage directory /opt/src/hadoop-ozone/integration-test/target/test-dir/MiniOzoneClusterImpl-add696fe-84ac-4b45-a2ee-012b057e1087/datanode-3/data/ratis/3adb63b8-c0a4-4b65-bf8c-9b2a0165e1e5 has been successfully formatted.
2019-06-13 20:52:52,275 INFO  ratis.ContainerStateMachine (ContainerStateMachine.java:loadSnapshot(199)) - The snapshot info is null.Setting the last applied index to:(t:0, i:~)
2019-06-13 20:52:52,276 INFO  server.RaftServerConfigKeys (ConfUtils.java:logGet(43)) - raft.server.leader.election.timeout = 120s (custom)
2019-06-13 20:52:52,276 INFO  server.RaftServerConfigKeys (ConfUtils.java:logGet(43)) - raft.server.log.use.memory = false (default)
2019-06-13 20:52:52,276 INFO  server.RaftServerConfigKeys (ConfUtils.java:logGet(43)) - raft.server.log.appender.buffer.byte-limit = 33554432 (custom)
2019-06-13 20:52:52,276 INFO  server.RaftServerConfigKeys (ConfUtils.java:logGet(43)) - raft.server.log.segment.size.max = 16384 (custom)
2019-06-13 20:52:52,276 INFO  server.RaftServerConfigKeys (ConfUtils.java:logGet(43)) - raft.server.log.segment.cache.num.max = 2 (custom)
2019-06-13 20:52:52,277 INFO  storage.RaftLogWorker (RaftLogWorker.java:<init>(123)) - new 2a700f1f-da98-49ef-9a26-03cc6c63ade6-RaftLogWorker for Storage Directory /opt/src/hadoop-ozone/integration-test/target/test-dir/MiniOzoneClusterImpl-add696fe-84ac-4b45-a2ee-012b057e1087/datanode-3/data/ratis/3adb63b8-c0a4-4b65-bf8c-9b2a0165e1e5
2019-06-13 20:52:52,278 INFO  server.RaftServerConfigKeys (ConfUtils.java:logGet(43)) - raft.server.log.queue.byte-limit = 2147483647 (custom)
2019-06-13 20:52:52,278 INFO  server.RaftServerConfigKeys (ConfUtils.java:logGet(43)) - raft.server.log.queue.element-limit = 1024 (custom)
2019-06-13 20:52:52,278 INFO  server.RaftServerConfigKeys (ConfUtils.java:logGet(43)) - raft.server.log.segment.size.max = 16384 (custom)
2019-06-13 20:52:52,278 INFO  server.RaftServerConfigKeys (ConfUtils.java:logGet(43)) - raft.server.log.preallocated.size = 16384 (custom)
2019-06-13 20:52:52,278 INFO  server.RaftServerConfigKeys (ConfUtils.java:logGet(43)) - raft.server.log.write.buffer.size = 33554432 (custom)
2019-06-13 20:52:52,279 INFO  server.RaftServerConfigKeys (ConfUtils.java:logGet(43)) - raft.server.log.force.sync.num = 128 (default)
2019-06-13 20:52:52,279 INFO  server.RaftServerConfigKeys (ConfUtils.java:logGet(43)) - raft.server.log.statemachine.data.sync = true (default)
2019-06-13 20:52:52,279 INFO  node.SCMNodeManager (SCMNodeManager.java:register(234)) - Registered Data node : bcfd8b62-ac69-42ca-b586-3bf2b9944505{ip: 192.168.46.63, host: ozone-n9fvl-1305937406, networkLocation: /default-rack, certSerialId: null}
2019-06-13 20:52:52,279 INFO  server.RaftServerConfigKeys (ConfUtils.java:logGet(43)) - raft.server.log.statemachine.data.sync.timeout = 10s (default)
2019-06-13 20:52:52,279 INFO  server.RaftServerConfigKeys (ConfUtils.java:logGet(43)) - raft.server.log.statemachine.data.sync.timeout.retry = -1 (default)
2019-06-13 20:52:52,279 INFO  server.RaftServerConfigKeys (ConfUtils.java:logGet(43)) - raft.server.log.statemachine.data.caching.enabled = true (custom)
2019-06-13 20:52:52,280 INFO  server.RaftServerConfigKeys (ConfUtils.java:logGet(43)) - raft.server.snapshot.auto.trigger.enabled = true (custom)
2019-06-13 20:52:52,280 INFO  server.RaftServerConfigKeys (ConfUtils.java:logGet(43)) - raft.server.snapshot.auto.trigger.threshold = 10000 (custom)
2019-06-13 20:52:52,280 INFO  server.RaftServerConfigKeys (ConfUtils.java:logGet(43)) - raft.server.retrycache.expirytime = 600000ms (custom)
2019-06-13 20:52:52,280 INFO  impl.RaftServerImpl (RaftServerImpl.java:start(173)) - 2a700f1f-da98-49ef-9a26-03cc6c63ade6: start group-9B2A0165E1E5
2019-06-13 20:52:52,281 INFO  impl.RaftServerImpl (RaftServerImpl.java:setRole(164)) - 2a700f1f-da98-49ef-9a26-03cc6c63ade6:group-9B2A0165E1E5 changes role from null to FOLLOWER at term 0 for startAsFollower
2019-06-13 20:52:52,281 INFO  impl.RoleInfo (RoleInfo.java:updateAndGet(143)) - 2a700f1f-da98-49ef-9a26-03cc6c63ade6: start FollowerState
2019-06-13 20:52:52,282 INFO  util.JmxRegister (JmxRegister.java:tryRegister(44)) - Successfully registered JMX Bean with object name Ratis:service=RaftServer,group=group-9B2A0165E1E5,id=2a700f1f-da98-49ef-9a26-03cc6c63ade6
2019-06-13 20:52:52,290 INFO  ozone.MiniOzoneClusterImpl (MiniOzoneClusterImpl.java:lambda$waitForClusterToBeReady$0(142)) - Waiting for cluster to be ready. Got 4 of 10 DN Heartbeats.
2019-06-13 20:52:52,294 INFO  pipeline.PipelineStateManager (PipelineStateManager.java:addPipeline(56)) - Created pipeline Pipeline[ Id: 3adb63b8-c0a4-4b65-bf8c-9b2a0165e1e5, Nodes: 2a700f1f-da98-49ef-9a26-03cc6c63ade6{ip: 192.168.46.63, host: ozone-n9fvl-1305937406, networkLocation: /default-rack, certSerialId: null}, Type:RATIS, Factor:ONE, State:OPEN]
2019-06-13 20:52:52,312 INFO  impl.RaftServerProxy (RaftServerProxy.java:addNew(89)) - bcfd8b62-ac69-42ca-b586-3bf2b9944505: addNew group-59BB633C69A2:[bcfd8b62-ac69-42ca-b586-3bf2b9944505:192.168.46.63:41689] returns group-59BB633C69A2:java.util.concurrent.CompletableFuture@20c0611e[Not completed]
2019-06-13 20:52:52,317 INFO  impl.RaftServerImpl (RaftServerImpl.java:<init>(91)) - bcfd8b62-ac69-42ca-b586-3bf2b9944505: new RaftServerImpl for group-59BB633C69A2:[bcfd8b62-ac69-42ca-b586-3bf2b9944505:192.168.46.63:41689] with ContainerStateMachine:uninitialized
2019-06-13 20:52:52,317 INFO  server.RaftServerConfigKeys (ConfUtils.java:logGet(43)) - raft.server.rpc.timeout.min = 1s (custom)
2019-06-13 20:52:52,317 INFO  server.RaftServerConfigKeys (ConfUtils.java:logGet(43)) - raft.server.rpc.timeout.max = 1200ms (custom)
2019-06-13 20:52:52,318 INFO  server.RaftServerConfigKeys (ConfUtils.java:logGet(43)) - raft.server.rpcslowness.timeout = 120s (custom)
2019-06-13 20:52:52,318 INFO  server.RaftServerConfigKeys (ConfUtils.java:logGet(43)) - raft.server.log.appender.install.snapshot.enabled = true (default)
2019-06-13 20:52:52,318 INFO  impl.RaftServerImpl (ServerState.java:<init>(101)) - bcfd8b62-ac69-42ca-b586-3bf2b9944505:group-59BB633C69A2 ConfigurationManager, init=-1: [bcfd8b62-ac69-42ca-b586-3bf2b9944505:192.168.46.63:41689], old=null, confs=<EMPTY_MAP>
2019-06-13 20:52:52,318 INFO  server.RaftServerConfigKeys (ConfUtils.java:logGet(43)) - raft.server.storage.dir = [/opt/src/hadoop-ozone/integration-test/target/test-dir/MiniOzoneClusterImpl-add696fe-84ac-4b45-a2ee-012b057e1087/datanode-4/data/ratis] (custom)
2019-06-13 20:52:52,318 INFO  storage.RaftStorageDirectory (RaftStorageDirectory.java:analyzeStorage(246)) - The storage directory /opt/src/hadoop-ozone/integration-test/target/test-dir/MiniOzoneClusterImpl-add696fe-84ac-4b45-a2ee-012b057e1087/datanode-4/data/ratis/91116111-b5ce-48d0-a37e-59bb633c69a2 does not exist. Creating ...
2019-06-13 20:52:52,320 INFO  storage.RaftStorageDirectory (RaftStorageDirectory.java:tryLock(328)) - Lock on /opt/src/hadoop-ozone/integration-test/target/test-dir/MiniOzoneClusterImpl-add696fe-84ac-4b45-a2ee-012b057e1087/datanode-4/data/ratis/91116111-b5ce-48d0-a37e-59bb633c69a2/in_use.lock acquired by nodename 16293@ozone-n9fvl-1305937406
2019-06-13 20:52:52,322 INFO  storage.RaftStorage (RaftStorage.java:format(75)) - Storage directory /opt/src/hadoop-ozone/integration-test/target/test-dir/MiniOzoneClusterImpl-add696fe-84ac-4b45-a2ee-012b057e1087/datanode-4/data/ratis/91116111-b5ce-48d0-a37e-59bb633c69a2 has been successfully formatted.
2019-06-13 20:52:52,322 INFO  ratis.ContainerStateMachine (ContainerStateMachine.java:loadSnapshot(199)) - The snapshot info is null.Setting the last applied index to:(t:0, i:~)
2019-06-13 20:52:52,323 INFO  server.RaftServerConfigKeys (ConfUtils.java:logGet(43)) - raft.server.leader.election.timeout = 120s (custom)
2019-06-13 20:52:52,323 INFO  server.RaftServerConfigKeys (ConfUtils.java:logGet(43)) - raft.server.log.use.memory = false (default)
2019-06-13 20:52:52,323 INFO  server.RaftServerConfigKeys (ConfUtils.java:logGet(43)) - raft.server.log.appender.buffer.byte-limit = 33554432 (custom)
2019-06-13 20:52:52,323 INFO  server.RaftServerConfigKeys (ConfUtils.java:logGet(43)) - raft.server.log.segment.size.max = 16384 (custom)
2019-06-13 20:52:52,323 INFO  server.RaftServerConfigKeys (ConfUtils.java:logGet(43)) - raft.server.log.segment.cache.num.max = 2 (custom)
2019-06-13 20:52:52,323 INFO  storage.RaftLogWorker (RaftLogWorker.java:<init>(123)) - new bcfd8b62-ac69-42ca-b586-3bf2b9944505-RaftLogWorker for Storage Directory /opt/src/hadoop-ozone/integration-test/target/test-dir/MiniOzoneClusterImpl-add696fe-84ac-4b45-a2ee-012b057e1087/datanode-4/data/ratis/91116111-b5ce-48d0-a37e-59bb633c69a2
2019-06-13 20:52:52,323 INFO  server.RaftServerConfigKeys (ConfUtils.java:logGet(43)) - raft.server.log.queue.byte-limit = 2147483647 (custom)
2019-06-13 20:52:52,323 INFO  server.RaftServerConfigKeys (ConfUtils.java:logGet(43)) - raft.server.log.queue.element-limit = 1024 (custom)
2019-06-13 20:52:52,323 INFO  server.RaftServerConfigKeys (ConfUtils.java:logGet(43)) - raft.server.log.segment.size.max = 16384 (custom)
2019-06-13 20:52:52,324 INFO  server.RaftServerConfigKeys (ConfUtils.java:logGet(43)) - raft.server.log.preallocated.size = 16384 (custom)
2019-06-13 20:52:52,324 INFO  server.RaftServerConfigKeys (ConfUtils.java:logGet(43)) - raft.server.log.write.buffer.size = 33554432 (custom)
2019-06-13 20:52:52,324 INFO  server.RaftServerConfigKeys (ConfUtils.java:logGet(43)) - raft.server.log.force.sync.num = 128 (default)
2019-06-13 20:52:52,324 INFO  server.RaftServerConfigKeys (ConfUtils.java:logGet(43)) - raft.server.log.statemachine.data.sync = true (default)
2019-06-13 20:52:52,324 INFO  server.RaftServerConfigKeys (ConfUtils.java:logGet(43)) - raft.server.log.statemachine.data.sync.timeout = 10s (default)
2019-06-13 20:52:52,324 INFO  server.RaftServerConfigKeys (ConfUtils.java:logGet(43)) - raft.server.log.statemachine.data.sync.timeout.retry = -1 (default)
2019-06-13 20:52:52,324 INFO  server.RaftServerConfigKeys (ConfUtils.java:logGet(43)) - raft.server.log.statemachine.data.caching.enabled = true (custom)
2019-06-13 20:52:52,325 INFO  server.RaftServerConfigKeys (ConfUtils.java:logGet(43)) - raft.server.snapshot.auto.trigger.enabled = true (custom)
2019-06-13 20:52:52,325 INFO  server.RaftServerConfigKeys (ConfUtils.java:logGet(43)) - raft.server.snapshot.auto.trigger.threshold = 10000 (custom)
2019-06-13 20:52:52,325 INFO  server.RaftServerConfigKeys (ConfUtils.java:logGet(43)) - raft.server.retrycache.expirytime = 600000ms (custom)
2019-06-13 20:52:52,325 INFO  impl.RaftServerImpl (RaftServerImpl.java:start(173)) - bcfd8b62-ac69-42ca-b586-3bf2b9944505: start group-59BB633C69A2
2019-06-13 20:52:52,325 INFO  impl.RaftServerImpl (RaftServerImpl.java:setRole(164)) - bcfd8b62-ac69-42ca-b586-3bf2b9944505:group-59BB633C69A2 changes role from null to FOLLOWER at term 0 for startAsFollower
2019-06-13 20:52:52,325 INFO  impl.RoleInfo (RoleInfo.java:updateAndGet(143)) - bcfd8b62-ac69-42ca-b586-3bf2b9944505: start FollowerState
2019-06-13 20:52:52,326 INFO  util.JmxRegister (JmxRegister.java:tryRegister(44)) - Successfully registered JMX Bean with object name Ratis:service=RaftServer,group=group-59BB633C69A2,id=bcfd8b62-ac69-42ca-b586-3bf2b9944505
2019-06-13 20:52:52,338 INFO  pipeline.PipelineStateManager (PipelineStateManager.java:addPipeline(56)) - Created pipeline Pipeline[ Id: 91116111-b5ce-48d0-a37e-59bb633c69a2, Nodes: bcfd8b62-ac69-42ca-b586-3bf2b9944505{ip: 192.168.46.63, host: ozone-n9fvl-1305937406, networkLocation: /default-rack, certSerialId: null}, Type:RATIS, Factor:ONE, State:OPEN]
2019-06-13 20:52:52,360 INFO  impl.RaftServerProxy (RaftServerProxy.java:addNew(89)) - e834f043-68c2-4690-911f-e774cd7c845d: addNew group-006A69440002:[e834f043-68c2-4690-911f-e774cd7c845d:192.168.46.63:43981] returns group-006A69440002:java.util.concurrent.CompletableFuture@309a3202[Not completed]
2019-06-13 20:52:52,361 INFO  impl.RaftServerImpl (RaftServerImpl.java:<init>(91)) - e834f043-68c2-4690-911f-e774cd7c845d: new RaftServerImpl for group-006A69440002:[e834f043-68c2-4690-911f-e774cd7c845d:192.168.46.63:43981] with ContainerStateMachine:uninitialized
2019-06-13 20:52:52,361 INFO  server.RaftServerConfigKeys (ConfUtils.java:logGet(43)) - raft.server.rpc.timeout.min = 1s (custom)
2019-06-13 20:52:52,361 INFO  server.RaftServerConfigKeys (ConfUtils.java:logGet(43)) - raft.server.rpc.timeout.max = 1200ms (custom)
2019-06-13 20:52:52,361 INFO  server.RaftServerConfigKeys (ConfUtils.java:logGet(43)) - raft.server.rpcslowness.timeout = 120s (custom)
2019-06-13 20:52:52,361 INFO  server.RaftServerConfigKeys (ConfUtils.java:logGet(43)) - raft.server.log.appender.install.snapshot.enabled = true (default)
2019-06-13 20:52:52,361 INFO  impl.RaftServerImpl (ServerState.java:<init>(101)) - e834f043-68c2-4690-911f-e774cd7c845d:group-006A69440002 ConfigurationManager, init=-1: [e834f043-68c2-4690-911f-e774cd7c845d:192.168.46.63:43981], old=null, confs=<EMPTY_MAP>
2019-06-13 20:52:52,362 INFO  server.RaftServerConfigKeys (ConfUtils.java:logGet(43)) - raft.server.storage.dir = [/opt/src/hadoop-ozone/integration-test/target/test-dir/MiniOzoneClusterImpl-add696fe-84ac-4b45-a2ee-012b057e1087/datanode-2/data/ratis] (custom)
2019-06-13 20:52:52,362 INFO  storage.RaftStorageDirectory (RaftStorageDirectory.java:analyzeStorage(246)) - The storage directory /opt/src/hadoop-ozone/integration-test/target/test-dir/MiniOzoneClusterImpl-add696fe-84ac-4b45-a2ee-012b057e1087/datanode-2/data/ratis/2c4f0ed5-7557-407d-8158-006a69440002 does not exist. Creating ...
2019-06-13 20:52:52,364 INFO  storage.RaftStorageDirectory (RaftStorageDirectory.java:tryLock(328)) - Lock on /opt/src/hadoop-ozone/integration-test/target/test-dir/MiniOzoneClusterImpl-add696fe-84ac-4b45-a2ee-012b057e1087/datanode-2/data/ratis/2c4f0ed5-7557-407d-8158-006a69440002/in_use.lock acquired by nodename 16293@ozone-n9fvl-1305937406
2019-06-13 20:52:52,366 INFO  storage.RaftStorage (RaftStorage.java:format(75)) - Storage directory /opt/src/hadoop-ozone/integration-test/target/test-dir/MiniOzoneClusterImpl-add696fe-84ac-4b45-a2ee-012b057e1087/datanode-2/data/ratis/2c4f0ed5-7557-407d-8158-006a69440002 has been successfully formatted.
2019-06-13 20:52:52,366 INFO  ratis.ContainerStateMachine (ContainerStateMachine.java:loadSnapshot(199)) - The snapshot info is null.Setting the last applied index to:(t:0, i:~)
2019-06-13 20:52:52,366 INFO  server.RaftServerConfigKeys (ConfUtils.java:logGet(43)) - raft.server.leader.election.timeout = 120s (custom)
2019-06-13 20:52:52,366 INFO  server.RaftServerConfigKeys (ConfUtils.java:logGet(43)) - raft.server.log.use.memory = false (default)
2019-06-13 20:52:52,366 INFO  server.RaftServerConfigKeys (ConfUtils.java:logGet(43)) - raft.server.log.appender.buffer.byte-limit = 33554432 (custom)
2019-06-13 20:52:52,367 INFO  server.RaftServerConfigKeys (ConfUtils.java:logGet(43)) - raft.server.log.segment.size.max = 16384 (custom)
2019-06-13 20:52:52,367 INFO  server.RaftServerConfigKeys (ConfUtils.java:logGet(43)) - raft.server.log.segment.cache.num.max = 2 (custom)
2019-06-13 20:52:52,367 INFO  storage.RaftLogWorker (RaftLogWorker.java:<init>(123)) - new e834f043-68c2-4690-911f-e774cd7c845d-RaftLogWorker for Storage Directory /opt/src/hadoop-ozone/integration-test/target/test-dir/MiniOzoneClusterImpl-add696fe-84ac-4b45-a2ee-012b057e1087/datanode-2/data/ratis/2c4f0ed5-7557-407d-8158-006a69440002
2019-06-13 20:52:52,367 INFO  server.RaftServerConfigKeys (ConfUtils.java:logGet(43)) - raft.server.log.queue.byte-limit = 2147483647 (custom)
2019-06-13 20:52:52,367 INFO  server.RaftServerConfigKeys (ConfUtils.java:logGet(43)) - raft.server.log.queue.element-limit = 1024 (custom)
2019-06-13 20:52:52,367 INFO  server.RaftServerConfigKeys (ConfUtils.java:logGet(43)) - raft.server.log.segment.size.max = 16384 (custom)
2019-06-13 20:52:52,367 INFO  server.RaftServerConfigKeys (ConfUtils.java:logGet(43)) - raft.server.log.preallocated.size = 16384 (custom)
2019-06-13 20:52:52,367 INFO  server.RaftServerConfigKeys (ConfUtils.java:logGet(43)) - raft.server.log.write.buffer.size = 33554432 (custom)
2019-06-13 20:52:52,367 INFO  server.RaftServerConfigKeys (ConfUtils.java:logGet(43)) - raft.server.log.force.sync.num = 128 (default)
2019-06-13 20:52:52,367 INFO  server.RaftServerConfigKeys (ConfUtils.java:logGet(43)) - raft.server.log.statemachine.data.sync = true (default)
2019-06-13 20:52:52,367 INFO  server.RaftServerConfigKeys (ConfUtils.java:logGet(43)) - raft.server.log.statemachine.data.sync.timeout = 10s (default)
2019-06-13 20:52:52,367 INFO  server.RaftServerConfigKeys (ConfUtils.java:logGet(43)) - raft.server.log.statemachine.data.sync.timeout.retry = -1 (default)
2019-06-13 20:52:52,367 INFO  server.RaftServerConfigKeys (ConfUtils.java:logGet(43)) - raft.server.log.statemachine.data.caching.enabled = true (custom)
2019-06-13 20:52:52,368 INFO  server.RaftServerConfigKeys (ConfUtils.java:logGet(43)) - raft.server.snapshot.auto.trigger.enabled = true (custom)
2019-06-13 20:52:52,368 INFO  server.RaftServerConfigKeys (ConfUtils.java:logGet(43)) - raft.server.snapshot.auto.trigger.threshold = 10000 (custom)
2019-06-13 20:52:52,368 INFO  server.RaftServerConfigKeys (ConfUtils.java:logGet(43)) - raft.server.retrycache.expirytime = 600000ms (custom)
2019-06-13 20:52:52,368 INFO  impl.RaftServerImpl (RaftServerImpl.java:start(173)) - e834f043-68c2-4690-911f-e774cd7c845d: start group-006A69440002
2019-06-13 20:52:52,368 INFO  impl.RaftServerImpl (RaftServerImpl.java:setRole(164)) - e834f043-68c2-4690-911f-e774cd7c845d:group-006A69440002 changes role from null to FOLLOWER at term 0 for startAsFollower
2019-06-13 20:52:52,368 INFO  impl.RoleInfo (RoleInfo.java:updateAndGet(143)) - e834f043-68c2-4690-911f-e774cd7c845d: start FollowerState
2019-06-13 20:52:52,368 INFO  util.JmxRegister (JmxRegister.java:tryRegister(44)) - Successfully registered JMX Bean with object name Ratis:service=RaftServer,group=group-006A69440002,id=e834f043-68c2-4690-911f-e774cd7c845d
2019-06-13 20:52:52,381 INFO  pipeline.PipelineStateManager (PipelineStateManager.java:addPipeline(56)) - Created pipeline Pipeline[ Id: 2c4f0ed5-7557-407d-8158-006a69440002, Nodes: e834f043-68c2-4690-911f-e774cd7c845d{ip: 192.168.46.63, host: ozone-n9fvl-1305937406, networkLocation: /default-rack, certSerialId: null}, Type:RATIS, Factor:ONE, State:OPEN]
2019-06-13 20:52:52,407 INFO  impl.RaftServerProxy (RaftServerProxy.java:addNew(89)) - bcfd8b62-ac69-42ca-b586-3bf2b9944505: addNew group-357E694019C5:[2a700f1f-da98-49ef-9a26-03cc6c63ade6:192.168.46.63:38093, a83b0601-c70d-4140-b27f-c227c6feeccd:192.168.46.63:38007, bcfd8b62-ac69-42ca-b586-3bf2b9944505:192.168.46.63:41689] returns group-357E694019C5:java.util.concurrent.CompletableFuture@416129ed[Not completed]
2019-06-13 20:52:52,409 INFO  impl.RaftServerImpl (RaftServerImpl.java:<init>(91)) - bcfd8b62-ac69-42ca-b586-3bf2b9944505: new RaftServerImpl for group-357E694019C5:[2a700f1f-da98-49ef-9a26-03cc6c63ade6:192.168.46.63:38093, a83b0601-c70d-4140-b27f-c227c6feeccd:192.168.46.63:38007, bcfd8b62-ac69-42ca-b586-3bf2b9944505:192.168.46.63:41689] with ContainerStateMachine:uninitialized
2019-06-13 20:52:52,410 INFO  server.RaftServerConfigKeys (ConfUtils.java:logGet(43)) - raft.server.rpc.timeout.min = 1s (custom)
2019-06-13 20:52:52,410 INFO  server.RaftServerConfigKeys (ConfUtils.java:logGet(43)) - raft.server.rpc.timeout.max = 1200ms (custom)
2019-06-13 20:52:52,410 INFO  server.RaftServerConfigKeys (ConfUtils.java:logGet(43)) - raft.server.rpcslowness.timeout = 120s (custom)
2019-06-13 20:52:52,410 INFO  server.RaftServerConfigKeys (ConfUtils.java:logGet(43)) - raft.server.log.appender.install.snapshot.enabled = true (default)
2019-06-13 20:52:52,411 INFO  impl.RaftServerImpl (ServerState.java:<init>(101)) - bcfd8b62-ac69-42ca-b586-3bf2b9944505:group-357E694019C5 ConfigurationManager, init=-1: [2a700f1f-da98-49ef-9a26-03cc6c63ade6:192.168.46.63:38093, a83b0601-c70d-4140-b27f-c227c6feeccd:192.168.46.63:38007, bcfd8b62-ac69-42ca-b586-3bf2b9944505:192.168.46.63:41689], old=null, confs=<EMPTY_MAP>
2019-06-13 20:52:52,411 INFO  server.RaftServerConfigKeys (ConfUtils.java:logGet(43)) - raft.server.storage.dir = [/opt/src/hadoop-ozone/integration-test/target/test-dir/MiniOzoneClusterImpl-add696fe-84ac-4b45-a2ee-012b057e1087/datanode-4/data/ratis] (custom)
2019-06-13 20:52:52,412 INFO  storage.RaftStorageDirectory (RaftStorageDirectory.java:analyzeStorage(246)) - The storage directory /opt/src/hadoop-ozone/integration-test/target/test-dir/MiniOzoneClusterImpl-add696fe-84ac-4b45-a2ee-012b057e1087/datanode-4/data/ratis/3a8d006c-b57d-4e34-9821-357e694019c5 does not exist. Creating ...
2019-06-13 20:52:52,412 INFO  impl.RaftServerProxy (RaftServerProxy.java:addNew(89)) - 2a700f1f-da98-49ef-9a26-03cc6c63ade6: addNew group-357E694019C5:[2a700f1f-da98-49ef-9a26-03cc6c63ade6:192.168.46.63:38093, a83b0601-c70d-4140-b27f-c227c6feeccd:192.168.46.63:38007, bcfd8b62-ac69-42ca-b586-3bf2b9944505:192.168.46.63:41689] returns group-357E694019C5:java.util.concurrent.CompletableFuture@455eb519[Not completed]
2019-06-13 20:52:52,413 INFO  impl.RaftServerProxy (RaftServerProxy.java:addNew(89)) - a83b0601-c70d-4140-b27f-c227c6feeccd: addNew group-357E694019C5:[2a700f1f-da98-49ef-9a26-03cc6c63ade6:192.168.46.63:38093, a83b0601-c70d-4140-b27f-c227c6feeccd:192.168.46.63:38007, bcfd8b62-ac69-42ca-b586-3bf2b9944505:192.168.46.63:41689] returns group-357E694019C5:java.util.concurrent.CompletableFuture@408679b9[Not completed]
2019-06-13 20:52:52,413 INFO  impl.RaftServerImpl (RaftServerImpl.java:<init>(91)) - 2a700f1f-da98-49ef-9a26-03cc6c63ade6: new RaftServerImpl for group-357E694019C5:[2a700f1f-da98-49ef-9a26-03cc6c63ade6:192.168.46.63:38093, a83b0601-c70d-4140-b27f-c227c6feeccd:192.168.46.63:38007, bcfd8b62-ac69-42ca-b586-3bf2b9944505:192.168.46.63:41689] with ContainerStateMachine:uninitialized
2019-06-13 20:52:52,413 INFO  server.RaftServerConfigKeys (ConfUtils.java:logGet(43)) - raft.server.rpc.timeout.min = 1s (custom)
2019-06-13 20:52:52,413 INFO  impl.RaftServerImpl (RaftServerImpl.java:<init>(91)) - a83b0601-c70d-4140-b27f-c227c6feeccd: new RaftServerImpl for group-357E694019C5:[2a700f1f-da98-49ef-9a26-03cc6c63ade6:192.168.46.63:38093, a83b0601-c70d-4140-b27f-c227c6feeccd:192.168.46.63:38007, bcfd8b62-ac69-42ca-b586-3bf2b9944505:192.168.46.63:41689] with ContainerStateMachine:uninitialized
2019-06-13 20:52:52,413 INFO  server.RaftServerConfigKeys (ConfUtils.java:logGet(43)) - raft.server.rpc.timeout.max = 1200ms (custom)
2019-06-13 20:52:52,414 INFO  storage.RaftStorageDirectory (RaftStorageDirectory.java:tryLock(328)) - Lock on /opt/src/hadoop-ozone/integration-test/target/test-dir/MiniOzoneClusterImpl-add696fe-84ac-4b45-a2ee-012b057e1087/datanode-4/data/ratis/3a8d006c-b57d-4e34-9821-357e694019c5/in_use.lock acquired by nodename 16293@ozone-n9fvl-1305937406
2019-06-13 20:52:52,414 INFO  server.RaftServerConfigKeys (ConfUtils.java:logGet(43)) - raft.server.rpc.timeout.min = 1s (custom)
2019-06-13 20:52:52,414 INFO  server.RaftServerConfigKeys (ConfUtils.java:logGet(43)) - raft.server.rpc.timeout.max = 1200ms (custom)
2019-06-13 20:52:52,414 INFO  server.RaftServerConfigKeys (ConfUtils.java:logGet(43)) - raft.server.rpcslowness.timeout = 120s (custom)
2019-06-13 20:52:52,414 INFO  server.RaftServerConfigKeys (ConfUtils.java:logGet(43)) - raft.server.log.appender.install.snapshot.enabled = true (default)
2019-06-13 20:52:52,414 INFO  impl.RaftServerImpl (ServerState.java:<init>(101)) - a83b0601-c70d-4140-b27f-c227c6feeccd:group-357E694019C5 ConfigurationManager, init=-1: [2a700f1f-da98-49ef-9a26-03cc6c63ade6:192.168.46.63:38093, a83b0601-c70d-4140-b27f-c227c6feeccd:192.168.46.63:38007, bcfd8b62-ac69-42ca-b586-3bf2b9944505:192.168.46.63:41689], old=null, confs=<EMPTY_MAP>
2019-06-13 20:52:52,414 INFO  server.RaftServerConfigKeys (ConfUtils.java:logGet(43)) - raft.server.storage.dir = [/opt/src/hadoop-ozone/integration-test/target/test-dir/MiniOzoneClusterImpl-add696fe-84ac-4b45-a2ee-012b057e1087/datanode-0/data/ratis] (custom)
2019-06-13 20:52:52,414 INFO  storage.RaftStorageDirectory (RaftStorageDirectory.java:analyzeStorage(246)) - The storage directory /opt/src/hadoop-ozone/integration-test/target/test-dir/MiniOzoneClusterImpl-add696fe-84ac-4b45-a2ee-012b057e1087/datanode-0/data/ratis/3a8d006c-b57d-4e34-9821-357e694019c5 does not exist. Creating ...
2019-06-13 20:52:52,414 INFO  server.RaftServerConfigKeys (ConfUtils.java:logGet(43)) - raft.server.rpcslowness.timeout = 120s (custom)
2019-06-13 20:52:52,415 INFO  server.RaftServerConfigKeys (ConfUtils.java:logGet(43)) - raft.server.log.appender.install.snapshot.enabled = true (default)
2019-06-13 20:52:52,415 INFO  impl.RaftServerImpl (ServerState.java:<init>(101)) - 2a700f1f-da98-49ef-9a26-03cc6c63ade6:group-357E694019C5 ConfigurationManager, init=-1: [2a700f1f-da98-49ef-9a26-03cc6c63ade6:192.168.46.63:38093, a83b0601-c70d-4140-b27f-c227c6feeccd:192.168.46.63:38007, bcfd8b62-ac69-42ca-b586-3bf2b9944505:192.168.46.63:41689], old=null, confs=<EMPTY_MAP>
2019-06-13 20:52:52,415 INFO  server.RaftServerConfigKeys (ConfUtils.java:logGet(43)) - raft.server.storage.dir = [/opt/src/hadoop-ozone/integration-test/target/test-dir/MiniOzoneClusterImpl-add696fe-84ac-4b45-a2ee-012b057e1087/datanode-3/data/ratis] (custom)
2019-06-13 20:52:52,415 INFO  storage.RaftStorageDirectory (RaftStorageDirectory.java:analyzeStorage(246)) - The storage directory /opt/src/hadoop-ozone/integration-test/target/test-dir/MiniOzoneClusterImpl-add696fe-84ac-4b45-a2ee-012b057e1087/datanode-3/data/ratis/3a8d006c-b57d-4e34-9821-357e694019c5 does not exist. Creating ...
2019-06-13 20:52:52,416 INFO  storage.RaftStorage (RaftStorage.java:format(75)) - Storage directory /opt/src/hadoop-ozone/integration-test/target/test-dir/MiniOzoneClusterImpl-add696fe-84ac-4b45-a2ee-012b057e1087/datanode-4/data/ratis/3a8d006c-b57d-4e34-9821-357e694019c5 has been successfully formatted.
2019-06-13 20:52:52,416 INFO  ratis.ContainerStateMachine (ContainerStateMachine.java:loadSnapshot(199)) - The snapshot info is null.Setting the last applied index to:(t:0, i:~)
2019-06-13 20:52:52,416 INFO  server.RaftServerConfigKeys (ConfUtils.java:logGet(43)) - raft.server.leader.election.timeout = 120s (custom)
2019-06-13 20:52:52,416 INFO  server.RaftServerConfigKeys (ConfUtils.java:logGet(43)) - raft.server.log.use.memory = false (default)
2019-06-13 20:52:52,416 INFO  server.RaftServerConfigKeys (ConfUtils.java:logGet(43)) - raft.server.log.appender.buffer.byte-limit = 33554432 (custom)
2019-06-13 20:52:52,416 INFO  server.RaftServerConfigKeys (ConfUtils.java:logGet(43)) - raft.server.log.segment.size.max = 16384 (custom)
2019-06-13 20:52:52,416 INFO  server.RaftServerConfigKeys (ConfUtils.java:logGet(43)) - raft.server.log.segment.cache.num.max = 2 (custom)
2019-06-13 20:52:52,416 INFO  storage.RaftLogWorker (RaftLogWorker.java:<init>(123)) - new bcfd8b62-ac69-42ca-b586-3bf2b9944505-RaftLogWorker for Storage Directory /opt/src/hadoop-ozone/integration-test/target/test-dir/MiniOzoneClusterImpl-add696fe-84ac-4b45-a2ee-012b057e1087/datanode-4/data/ratis/3a8d006c-b57d-4e34-9821-357e694019c5
2019-06-13 20:52:52,416 INFO  server.RaftServerConfigKeys (ConfUtils.java:logGet(43)) - raft.server.log.queue.byte-limit = 2147483647 (custom)
2019-06-13 20:52:52,416 INFO  server.RaftServerConfigKeys (ConfUtils.java:logGet(43)) - raft.server.log.queue.element-limit = 1024 (custom)
2019-06-13 20:52:52,417 INFO  server.RaftServerConfigKeys (ConfUtils.java:logGet(43)) - raft.server.log.segment.size.max = 16384 (custom)
2019-06-13 20:52:52,417 INFO  server.RaftServerConfigKeys (ConfUtils.java:logGet(43)) - raft.server.log.preallocated.size = 16384 (custom)
2019-06-13 20:52:52,417 INFO  server.RaftServerConfigKeys (ConfUtils.java:logGet(43)) - raft.server.log.write.buffer.size = 33554432 (custom)
2019-06-13 20:52:52,417 INFO  server.RaftServerConfigKeys (ConfUtils.java:logGet(43)) - raft.server.log.force.sync.num = 128 (default)
2019-06-13 20:52:52,417 INFO  server.RaftServerConfigKeys (ConfUtils.java:logGet(43)) - raft.server.log.statemachine.data.sync = true (default)
2019-06-13 20:52:52,417 INFO  server.RaftServerConfigKeys (ConfUtils.java:logGet(43)) - raft.server.log.statemachine.data.sync.timeout = 10s (default)
2019-06-13 20:52:52,417 INFO  server.RaftServerConfigKeys (ConfUtils.java:logGet(43)) - raft.server.log.statemachine.data.sync.timeout.retry = -1 (default)
2019-06-13 20:52:52,417 INFO  server.RaftServerConfigKeys (ConfUtils.java:logGet(43)) - raft.server.log.statemachine.data.caching.enabled = true (custom)
2019-06-13 20:52:52,417 INFO  storage.RaftStorageDirectory (RaftStorageDirectory.java:tryLock(328)) - Lock on /opt/src/hadoop-ozone/integration-test/target/test-dir/MiniOzoneClusterImpl-add696fe-84ac-4b45-a2ee-012b057e1087/datanode-0/data/ratis/3a8d006c-b57d-4e34-9821-357e694019c5/in_use.lock acquired by nodename 16293@ozone-n9fvl-1305937406
2019-06-13 20:52:52,417 INFO  storage.RaftStorageDirectory (RaftStorageDirectory.java:tryLock(328)) - Lock on /opt/src/hadoop-ozone/integration-test/target/test-dir/MiniOzoneClusterImpl-add696fe-84ac-4b45-a2ee-012b057e1087/datanode-3/data/ratis/3a8d006c-b57d-4e34-9821-357e694019c5/in_use.lock acquired by nodename 16293@ozone-n9fvl-1305937406
2019-06-13 20:52:52,418 INFO  server.RaftServerConfigKeys (ConfUtils.java:logGet(43)) - raft.server.snapshot.auto.trigger.enabled = true (custom)
2019-06-13 20:52:52,418 INFO  server.RaftServerConfigKeys (ConfUtils.java:logGet(43)) - raft.server.snapshot.auto.trigger.threshold = 10000 (custom)
2019-06-13 20:52:52,418 INFO  server.RaftServerConfigKeys (ConfUtils.java:logGet(43)) - raft.server.retrycache.expirytime = 600000ms (custom)
2019-06-13 20:52:52,418 INFO  impl.RaftServerImpl (RaftServerImpl.java:start(173)) - bcfd8b62-ac69-42ca-b586-3bf2b9944505: start group-357E694019C5
2019-06-13 20:52:52,418 INFO  impl.RaftServerImpl (RaftServerImpl.java:setRole(164)) - bcfd8b62-ac69-42ca-b586-3bf2b9944505:group-357E694019C5 changes role from null to FOLLOWER at term 0 for startAsFollower
2019-06-13 20:52:52,418 INFO  impl.RoleInfo (RoleInfo.java:updateAndGet(143)) - bcfd8b62-ac69-42ca-b586-3bf2b9944505: start FollowerState
2019-06-13 20:52:52,419 INFO  util.JmxRegister (JmxRegister.java:tryRegister(44)) - Successfully registered JMX Bean with object name Ratis:service=RaftServer,group=group-357E694019C5,id=bcfd8b62-ac69-42ca-b586-3bf2b9944505
2019-06-13 20:52:52,420 INFO  storage.RaftStorage (RaftStorage.java:format(75)) - Storage directory /opt/src/hadoop-ozone/integration-test/target/test-dir/MiniOzoneClusterImpl-add696fe-84ac-4b45-a2ee-012b057e1087/datanode-0/data/ratis/3a8d006c-b57d-4e34-9821-357e694019c5 has been successfully formatted.
2019-06-13 20:52:52,420 INFO  ratis.ContainerStateMachine (ContainerStateMachine.java:loadSnapshot(199)) - The snapshot info is null.Setting the last applied index to:(t:0, i:~)
2019-06-13 20:52:52,420 INFO  server.RaftServerConfigKeys (ConfUtils.java:logGet(43)) - raft.server.leader.election.timeout = 120s (custom)
2019-06-13 20:52:52,422 INFO  server.RaftServerConfigKeys (ConfUtils.java:logGet(43)) - raft.server.log.use.memory = false (default)
2019-06-13 20:52:52,422 INFO  server.RaftServerConfigKeys (ConfUtils.java:logGet(43)) - raft.server.log.appender.buffer.byte-limit = 33554432 (custom)
2019-06-13 20:52:52,422 INFO  server.RaftServerConfigKeys (ConfUtils.java:logGet(43)) - raft.server.log.segment.size.max = 16384 (custom)
2019-06-13 20:52:52,422 INFO  server.RaftServerConfigKeys (ConfUtils.java:logGet(43)) - raft.server.log.segment.cache.num.max = 2 (custom)
2019-06-13 20:52:52,422 INFO  storage.RaftLogWorker (RaftLogWorker.java:<init>(123)) - new a83b0601-c70d-4140-b27f-c227c6feeccd-RaftLogWorker for Storage Directory /opt/src/hadoop-ozone/integration-test/target/test-dir/MiniOzoneClusterImpl-add696fe-84ac-4b45-a2ee-012b057e1087/datanode-0/data/ratis/3a8d006c-b57d-4e34-9821-357e694019c5
2019-06-13 20:52:52,422 INFO  server.RaftServerConfigKeys (ConfUtils.java:logGet(43)) - raft.server.log.queue.byte-limit = 2147483647 (custom)
2019-06-13 20:52:52,422 INFO  server.RaftServerConfigKeys (ConfUtils.java:logGet(43)) - raft.server.log.queue.element-limit = 1024 (custom)
2019-06-13 20:52:52,422 INFO  server.RaftServerConfigKeys (ConfUtils.java:logGet(43)) - raft.server.log.segment.size.max = 16384 (custom)
2019-06-13 20:52:52,422 INFO  server.RaftServerConfigKeys (ConfUtils.java:logGet(43)) - raft.server.log.preallocated.size = 16384 (custom)
2019-06-13 20:52:52,422 INFO  server.RaftServerConfigKeys (ConfUtils.java:logGet(43)) - raft.server.log.write.buffer.size = 33554432 (custom)
2019-06-13 20:52:52,422 INFO  server.RaftServerConfigKeys (ConfUtils.java:logGet(43)) - raft.server.log.force.sync.num = 128 (default)
2019-06-13 20:52:52,422 INFO  server.RaftServerConfigKeys (ConfUtils.java:logGet(43)) - raft.server.log.statemachine.data.sync = true (default)
2019-06-13 20:52:52,422 INFO  server.RaftServerConfigKeys (ConfUtils.java:logGet(43)) - raft.server.log.statemachine.data.sync.timeout = 10s (default)
2019-06-13 20:52:52,422 INFO  server.RaftServerConfigKeys (ConfUtils.java:logGet(43)) - raft.server.log.statemachine.data.sync.timeout.retry = -1 (default)
2019-06-13 20:52:52,423 INFO  server.RaftServerConfigKeys (ConfUtils.java:logGet(43)) - raft.server.log.statemachine.data.caching.enabled = true (custom)
2019-06-13 20:52:52,423 INFO  storage.RaftStorage (RaftStorage.java:format(75)) - Storage directory /opt/src/hadoop-ozone/integration-test/target/test-dir/MiniOzoneClusterImpl-add696fe-84ac-4b45-a2ee-012b057e1087/datanode-3/data/ratis/3a8d006c-b57d-4e34-9821-357e694019c5 has been successfully formatted.
2019-06-13 20:52:52,423 INFO  server.RaftServerConfigKeys (ConfUtils.java:logGet(43)) - raft.server.snapshot.auto.trigger.enabled = true (custom)
2019-06-13 20:52:52,423 INFO  ratis.ContainerStateMachine (ContainerStateMachine.java:loadSnapshot(199)) - The snapshot info is null.Setting the last applied index to:(t:0, i:~)
2019-06-13 20:52:52,423 INFO  server.RaftServerConfigKeys (ConfUtils.java:logGet(43)) - raft.server.snapshot.auto.trigger.threshold = 10000 (custom)
2019-06-13 20:52:52,423 INFO  server.RaftServerConfigKeys (ConfUtils.java:logGet(43)) - raft.server.leader.election.timeout = 120s (custom)
2019-06-13 20:52:52,423 INFO  server.RaftServerConfigKeys (ConfUtils.java:logGet(43)) - raft.server.retrycache.expirytime = 600000ms (custom)
2019-06-13 20:52:52,423 INFO  server.RaftServerConfigKeys (ConfUtils.java:logGet(43)) - raft.server.log.use.memory = false (default)
2019-06-13 20:52:52,423 INFO  impl.RaftServerImpl (RaftServerImpl.java:start(173)) - a83b0601-c70d-4140-b27f-c227c6feeccd: start group-357E694019C5
2019-06-13 20:52:52,423 INFO  server.RaftServerConfigKeys (ConfUtils.java:logGet(43)) - raft.server.log.appender.buffer.byte-limit = 33554432 (custom)
2019-06-13 20:52:52,424 INFO  server.RaftServerConfigKeys (ConfUtils.java:logGet(43)) - raft.server.log.segment.size.max = 16384 (custom)
2019-06-13 20:52:52,424 INFO  server.RaftServerConfigKeys (ConfUtils.java:logGet(43)) - raft.server.log.segment.cache.num.max = 2 (custom)
2019-06-13 20:52:52,424 INFO  storage.RaftLogWorker (RaftLogWorker.java:<init>(123)) - new 2a700f1f-da98-49ef-9a26-03cc6c63ade6-RaftLogWorker for Storage Directory /opt/src/hadoop-ozone/integration-test/target/test-dir/MiniOzoneClusterImpl-add696fe-84ac-4b45-a2ee-012b057e1087/datanode-3/data/ratis/3a8d006c-b57d-4e34-9821-357e694019c5
2019-06-13 20:52:52,424 INFO  server.RaftServerConfigKeys (ConfUtils.java:logGet(43)) - raft.server.log.queue.byte-limit = 2147483647 (custom)
2019-06-13 20:52:52,424 INFO  impl.RaftServerImpl (RaftServerImpl.java:setRole(164)) - a83b0601-c70d-4140-b27f-c227c6feeccd:group-357E694019C5 changes role from null to FOLLOWER at term 0 for startAsFollower
2019-06-13 20:52:52,424 INFO  server.RaftServerConfigKeys (ConfUtils.java:logGet(43)) - raft.server.log.queue.element-limit = 1024 (custom)
2019-06-13 20:52:52,426 INFO  impl.RoleInfo (RoleInfo.java:updateAndGet(143)) - a83b0601-c70d-4140-b27f-c227c6feeccd: start FollowerState
2019-06-13 20:52:52,426 INFO  server.RaftServerConfigKeys (ConfUtils.java:logGet(43)) - raft.server.log.segment.size.max = 16384 (custom)
2019-06-13 20:52:52,426 INFO  server.RaftServerConfigKeys (ConfUtils.java:logGet(43)) - raft.server.log.preallocated.size = 16384 (custom)
2019-06-13 20:52:52,426 INFO  server.RaftServerConfigKeys (ConfUtils.java:logGet(43)) - raft.server.log.write.buffer.size = 33554432 (custom)
2019-06-13 20:52:52,426 INFO  server.RaftServerConfigKeys (ConfUtils.java:logGet(43)) - raft.server.log.force.sync.num = 128 (default)
2019-06-13 20:52:52,426 INFO  server.RaftServerConfigKeys (ConfUtils.java:logGet(43)) - raft.server.log.statemachine.data.sync = true (default)
2019-06-13 20:52:52,426 INFO  util.JmxRegister (JmxRegister.java:tryRegister(44)) - Successfully registered JMX Bean with object name Ratis:service=RaftServer,group=group-357E694019C5,id=a83b0601-c70d-4140-b27f-c227c6feeccd
2019-06-13 20:52:52,426 INFO  server.RaftServerConfigKeys (ConfUtils.java:logGet(43)) - raft.server.log.statemachine.data.sync.timeout = 10s (default)
2019-06-13 20:52:52,428 INFO  server.RaftServerConfigKeys (ConfUtils.java:logGet(43)) - raft.server.log.statemachine.data.sync.timeout.retry = -1 (default)
2019-06-13 20:52:52,428 INFO  server.RaftServerConfigKeys (ConfUtils.java:logGet(43)) - raft.server.log.statemachine.data.caching.enabled = true (custom)
2019-06-13 20:52:52,429 INFO  server.RaftServerConfigKeys (ConfUtils.java:logGet(43)) - raft.server.snapshot.auto.trigger.enabled = true (custom)
2019-06-13 20:52:52,429 INFO  server.RaftServerConfigKeys (ConfUtils.java:logGet(43)) - raft.server.snapshot.auto.trigger.threshold = 10000 (custom)
2019-06-13 20:52:52,429 INFO  server.RaftServerConfigKeys (ConfUtils.java:logGet(43)) - raft.server.retrycache.expirytime = 600000ms (custom)
2019-06-13 20:52:52,429 INFO  impl.RaftServerImpl (RaftServerImpl.java:start(173)) - 2a700f1f-da98-49ef-9a26-03cc6c63ade6: start group-357E694019C5
2019-06-13 20:52:52,429 INFO  impl.RaftServerImpl (RaftServerImpl.java:setRole(164)) - 2a700f1f-da98-49ef-9a26-03cc6c63ade6:group-357E694019C5 changes role from null to FOLLOWER at term 0 for startAsFollower
2019-06-13 20:52:52,429 INFO  impl.RoleInfo (RoleInfo.java:updateAndGet(143)) - 2a700f1f-da98-49ef-9a26-03cc6c63ade6: start FollowerState
2019-06-13 20:52:52,429 INFO  util.JmxRegister (JmxRegister.java:tryRegister(44)) - Successfully registered JMX Bean with object name Ratis:service=RaftServer,group=group-357E694019C5,id=2a700f1f-da98-49ef-9a26-03cc6c63ade6
2019-06-13 20:52:52,444 INFO  pipeline.PipelineStateManager (PipelineStateManager.java:addPipeline(56)) - Created pipeline Pipeline[ Id: 3a8d006c-b57d-4e34-9821-357e694019c5, Nodes: 2a700f1f-da98-49ef-9a26-03cc6c63ade6{ip: 192.168.46.63, host: ozone-n9fvl-1305937406, networkLocation: /default-rack, certSerialId: null}bcfd8b62-ac69-42ca-b586-3bf2b9944505{ip: 192.168.46.63, host: ozone-n9fvl-1305937406, networkLocation: /default-rack, certSerialId: null}a83b0601-c70d-4140-b27f-c227c6feeccd{ip: 192.168.46.63, host: ozone-n9fvl-1305937406, networkLocation: /default-rack, certSerialId: null}, Type:RATIS, Factor:THREE, State:OPEN]
2019-06-13 20:52:52,494 INFO  node.SCMNodeManager (SCMNodeManager.java:register(234)) - Registered Data node : a55bb28c-9a91-49a0-99cd-6faaa1ad267a{ip: 192.168.46.63, host: ozone-n9fvl-1305937406, networkLocation: /default-rack, certSerialId: null}
2019-06-13 20:52:52,508 INFO  impl.RaftServerProxy (RaftServerProxy.java:addNew(89)) - a55bb28c-9a91-49a0-99cd-6faaa1ad267a: addNew group-EEA9FF9406CC:[a55bb28c-9a91-49a0-99cd-6faaa1ad267a:192.168.46.63:36859] returns group-EEA9FF9406CC:java.util.concurrent.CompletableFuture@43c85422[Not completed]
2019-06-13 20:52:52,509 INFO  impl.RaftServerImpl (RaftServerImpl.java:<init>(91)) - a55bb28c-9a91-49a0-99cd-6faaa1ad267a: new RaftServerImpl for group-EEA9FF9406CC:[a55bb28c-9a91-49a0-99cd-6faaa1ad267a:192.168.46.63:36859] with ContainerStateMachine:uninitialized
2019-06-13 20:52:52,510 INFO  server.RaftServerConfigKeys (ConfUtils.java:logGet(43)) - raft.server.rpc.timeout.min = 1s (custom)
2019-06-13 20:52:52,510 INFO  server.RaftServerConfigKeys (ConfUtils.java:logGet(43)) - raft.server.rpc.timeout.max = 1200ms (custom)
2019-06-13 20:52:52,510 INFO  server.RaftServerConfigKeys (ConfUtils.java:logGet(43)) - raft.server.rpcslowness.timeout = 120s (custom)
2019-06-13 20:52:52,510 INFO  server.RaftServerConfigKeys (ConfUtils.java:logGet(43)) - raft.server.log.appender.install.snapshot.enabled = true (default)
2019-06-13 20:52:52,510 INFO  impl.RaftServerImpl (ServerState.java:<init>(101)) - a55bb28c-9a91-49a0-99cd-6faaa1ad267a:group-EEA9FF9406CC ConfigurationManager, init=-1: [a55bb28c-9a91-49a0-99cd-6faaa1ad267a:192.168.46.63:36859], old=null, confs=<EMPTY_MAP>
2019-06-13 20:52:52,510 INFO  server.RaftServerConfigKeys (ConfUtils.java:logGet(43)) - raft.server.storage.dir = [/opt/src/hadoop-ozone/integration-test/target/test-dir/MiniOzoneClusterImpl-add696fe-84ac-4b45-a2ee-012b057e1087/datanode-5/data/ratis] (custom)
2019-06-13 20:52:52,510 INFO  storage.RaftStorageDirectory (RaftStorageDirectory.java:analyzeStorage(246)) - The storage directory /opt/src/hadoop-ozone/integration-test/target/test-dir/MiniOzoneClusterImpl-add696fe-84ac-4b45-a2ee-012b057e1087/datanode-5/data/ratis/aba061ed-41a2-4775-8d87-eea9ff9406cc does not exist. Creating ...
2019-06-13 20:52:52,512 INFO  storage.RaftStorageDirectory (RaftStorageDirectory.java:tryLock(328)) - Lock on /opt/src/hadoop-ozone/integration-test/target/test-dir/MiniOzoneClusterImpl-add696fe-84ac-4b45-a2ee-012b057e1087/datanode-5/data/ratis/aba061ed-41a2-4775-8d87-eea9ff9406cc/in_use.lock acquired by nodename 16293@ozone-n9fvl-1305937406
2019-06-13 20:52:52,515 INFO  storage.RaftStorage (RaftStorage.java:format(75)) - Storage directory /opt/src/hadoop-ozone/integration-test/target/test-dir/MiniOzoneClusterImpl-add696fe-84ac-4b45-a2ee-012b057e1087/datanode-5/data/ratis/aba061ed-41a2-4775-8d87-eea9ff9406cc has been successfully formatted.
2019-06-13 20:52:52,515 INFO  ratis.ContainerStateMachine (ContainerStateMachine.java:loadSnapshot(199)) - The snapshot info is null.Setting the last applied index to:(t:0, i:~)
2019-06-13 20:52:52,515 INFO  server.RaftServerConfigKeys (ConfUtils.java:logGet(43)) - raft.server.leader.election.timeout = 120s (custom)
2019-06-13 20:52:52,515 INFO  server.RaftServerConfigKeys (ConfUtils.java:logGet(43)) - raft.server.log.use.memory = false (default)
2019-06-13 20:52:52,515 INFO  server.RaftServerConfigKeys (ConfUtils.java:logGet(43)) - raft.server.log.appender.buffer.byte-limit = 33554432 (custom)
2019-06-13 20:52:52,515 INFO  server.RaftServerConfigKeys (ConfUtils.java:logGet(43)) - raft.server.log.segment.size.max = 16384 (custom)
2019-06-13 20:52:52,515 INFO  server.RaftServerConfigKeys (ConfUtils.java:logGet(43)) - raft.server.log.segment.cache.num.max = 2 (custom)
2019-06-13 20:52:52,515 INFO  storage.RaftLogWorker (RaftLogWorker.java:<init>(123)) - new a55bb28c-9a91-49a0-99cd-6faaa1ad267a-RaftLogWorker for Storage Directory /opt/src/hadoop-ozone/integration-test/target/test-dir/MiniOzoneClusterImpl-add696fe-84ac-4b45-a2ee-012b057e1087/datanode-5/data/ratis/aba061ed-41a2-4775-8d87-eea9ff9406cc
2019-06-13 20:52:52,516 INFO  server.RaftServerConfigKeys (ConfUtils.java:logGet(43)) - raft.server.log.queue.byte-limit = 2147483647 (custom)
2019-06-13 20:52:52,516 INFO  server.RaftServerConfigKeys (ConfUtils.java:logGet(43)) - raft.server.log.queue.element-limit = 1024 (custom)
2019-06-13 20:52:52,516 INFO  server.RaftServerConfigKeys (ConfUtils.java:logGet(43)) - raft.server.log.segment.size.max = 16384 (custom)
2019-06-13 20:52:52,516 INFO  server.RaftServerConfigKeys (ConfUtils.java:logGet(43)) - raft.server.log.preallocated.size = 16384 (custom)
2019-06-13 20:52:52,516 INFO  server.RaftServerConfigKeys (ConfUtils.java:logGet(43)) - raft.server.log.write.buffer.size = 33554432 (custom)
2019-06-13 20:52:52,516 INFO  server.RaftServerConfigKeys (ConfUtils.java:logGet(43)) - raft.server.log.force.sync.num = 128 (default)
2019-06-13 20:52:52,516 INFO  server.RaftServerConfigKeys (ConfUtils.java:logGet(43)) - raft.server.log.statemachine.data.sync = true (default)
2019-06-13 20:52:52,516 INFO  server.RaftServerConfigKeys (ConfUtils.java:logGet(43)) - raft.server.log.statemachine.data.sync.timeout = 10s (default)
2019-06-13 20:52:52,517 INFO  server.RaftServerConfigKeys (ConfUtils.java:logGet(43)) - raft.server.log.statemachine.data.sync.timeout.retry = -1 (default)
2019-06-13 20:52:52,517 INFO  server.RaftServerConfigKeys (ConfUtils.java:logGet(43)) - raft.server.log.statemachine.data.caching.enabled = true (custom)
2019-06-13 20:52:52,517 INFO  server.RaftServerConfigKeys (ConfUtils.java:logGet(43)) - raft.server.snapshot.auto.trigger.enabled = true (custom)
2019-06-13 20:52:52,517 INFO  server.RaftServerConfigKeys (ConfUtils.java:logGet(43)) - raft.server.snapshot.auto.trigger.threshold = 10000 (custom)
2019-06-13 20:52:52,517 INFO  server.RaftServerConfigKeys (ConfUtils.java:logGet(43)) - raft.server.retrycache.expirytime = 600000ms (custom)
2019-06-13 20:52:52,517 INFO  impl.RaftServerImpl (RaftServerImpl.java:start(173)) - a55bb28c-9a91-49a0-99cd-6faaa1ad267a: start group-EEA9FF9406CC
2019-06-13 20:52:52,518 INFO  impl.RaftServerImpl (RaftServerImpl.java:setRole(164)) - a55bb28c-9a91-49a0-99cd-6faaa1ad267a:group-EEA9FF9406CC changes role from null to FOLLOWER at term 0 for startAsFollower
2019-06-13 20:52:52,518 INFO  impl.RoleInfo (RoleInfo.java:updateAndGet(143)) - a55bb28c-9a91-49a0-99cd-6faaa1ad267a: start FollowerState
2019-06-13 20:52:52,518 INFO  util.JmxRegister (JmxRegister.java:tryRegister(44)) - Successfully registered JMX Bean with object name Ratis:service=RaftServer,group=group-EEA9FF9406CC,id=a55bb28c-9a91-49a0-99cd-6faaa1ad267a
2019-06-13 20:52:52,526 INFO  pipeline.PipelineStateManager (PipelineStateManager.java:addPipeline(56)) - Created pipeline Pipeline[ Id: aba061ed-41a2-4775-8d87-eea9ff9406cc, Nodes: a55bb28c-9a91-49a0-99cd-6faaa1ad267a{ip: 192.168.46.63, host: ozone-n9fvl-1305937406, networkLocation: /default-rack, certSerialId: null}, Type:RATIS, Factor:ONE, State:OPEN]
2019-06-13 20:52:52,667 INFO  node.SCMNodeManager (SCMNodeManager.java:register(234)) - Registered Data node : 7e110c32-16c6-4157-bc33-575ee617fed4{ip: 192.168.46.63, host: ozone-n9fvl-1305937406, networkLocation: /default-rack, certSerialId: null}
2019-06-13 20:52:52,679 INFO  impl.RaftServerProxy (RaftServerProxy.java:addNew(89)) - 7e110c32-16c6-4157-bc33-575ee617fed4: addNew group-D1856886D9E8:[7e110c32-16c6-4157-bc33-575ee617fed4:192.168.46.63:44945] returns group-D1856886D9E8:java.util.concurrent.CompletableFuture@61948ccd[Not completed]
2019-06-13 20:52:52,680 INFO  impl.RaftServerImpl (RaftServerImpl.java:<init>(91)) - 7e110c32-16c6-4157-bc33-575ee617fed4: new RaftServerImpl for group-D1856886D9E8:[7e110c32-16c6-4157-bc33-575ee617fed4:192.168.46.63:44945] with ContainerStateMachine:uninitialized
2019-06-13 20:52:52,680 INFO  server.RaftServerConfigKeys (ConfUtils.java:logGet(43)) - raft.server.rpc.timeout.min = 1s (custom)
2019-06-13 20:52:52,680 INFO  server.RaftServerConfigKeys (ConfUtils.java:logGet(43)) - raft.server.rpc.timeout.max = 1200ms (custom)
2019-06-13 20:52:52,680 INFO  server.RaftServerConfigKeys (ConfUtils.java:logGet(43)) - raft.server.rpcslowness.timeout = 120s (custom)
2019-06-13 20:52:52,680 INFO  server.RaftServerConfigKeys (ConfUtils.java:logGet(43)) - raft.server.log.appender.install.snapshot.enabled = true (default)
2019-06-13 20:52:52,681 INFO  impl.RaftServerImpl (ServerState.java:<init>(101)) - 7e110c32-16c6-4157-bc33-575ee617fed4:group-D1856886D9E8 ConfigurationManager, init=-1: [7e110c32-16c6-4157-bc33-575ee617fed4:192.168.46.63:44945], old=null, confs=<EMPTY_MAP>
2019-06-13 20:52:52,681 INFO  server.RaftServerConfigKeys (ConfUtils.java:logGet(43)) - raft.server.storage.dir = [/opt/src/hadoop-ozone/integration-test/target/test-dir/MiniOzoneClusterImpl-add696fe-84ac-4b45-a2ee-012b057e1087/datanode-6/data/ratis] (custom)
2019-06-13 20:52:52,681 INFO  storage.RaftStorageDirectory (RaftStorageDirectory.java:analyzeStorage(246)) - The storage directory /opt/src/hadoop-ozone/integration-test/target/test-dir/MiniOzoneClusterImpl-add696fe-84ac-4b45-a2ee-012b057e1087/datanode-6/data/ratis/27190176-422a-4770-b570-d1856886d9e8 does not exist. Creating ...
2019-06-13 20:52:52,683 INFO  storage.RaftStorageDirectory (RaftStorageDirectory.java:tryLock(328)) - Lock on /opt/src/hadoop-ozone/integration-test/target/test-dir/MiniOzoneClusterImpl-add696fe-84ac-4b45-a2ee-012b057e1087/datanode-6/data/ratis/27190176-422a-4770-b570-d1856886d9e8/in_use.lock acquired by nodename 16293@ozone-n9fvl-1305937406
2019-06-13 20:52:52,685 INFO  storage.RaftStorage (RaftStorage.java:format(75)) - Storage directory /opt/src/hadoop-ozone/integration-test/target/test-dir/MiniOzoneClusterImpl-add696fe-84ac-4b45-a2ee-012b057e1087/datanode-6/data/ratis/27190176-422a-4770-b570-d1856886d9e8 has been successfully formatted.
2019-06-13 20:52:52,685 INFO  ratis.ContainerStateMachine (ContainerStateMachine.java:loadSnapshot(199)) - The snapshot info is null.Setting the last applied index to:(t:0, i:~)
2019-06-13 20:52:52,685 INFO  server.RaftServerConfigKeys (ConfUtils.java:logGet(43)) - raft.server.leader.election.timeout = 120s (custom)
2019-06-13 20:52:52,685 INFO  server.RaftServerConfigKeys (ConfUtils.java:logGet(43)) - raft.server.log.use.memory = false (default)
2019-06-13 20:52:52,685 INFO  server.RaftServerConfigKeys (ConfUtils.java:logGet(43)) - raft.server.log.appender.buffer.byte-limit = 33554432 (custom)
2019-06-13 20:52:52,686 INFO  server.RaftServerConfigKeys (ConfUtils.java:logGet(43)) - raft.server.log.segment.size.max = 16384 (custom)
2019-06-13 20:52:52,686 INFO  server.RaftServerConfigKeys (ConfUtils.java:logGet(43)) - raft.server.log.segment.cache.num.max = 2 (custom)
2019-06-13 20:52:52,686 INFO  storage.RaftLogWorker (RaftLogWorker.java:<init>(123)) - new 7e110c32-16c6-4157-bc33-575ee617fed4-RaftLogWorker for Storage Directory /opt/src/hadoop-ozone/integration-test/target/test-dir/MiniOzoneClusterImpl-add696fe-84ac-4b45-a2ee-012b057e1087/datanode-6/data/ratis/27190176-422a-4770-b570-d1856886d9e8
2019-06-13 20:52:52,686 INFO  server.RaftServerConfigKeys (ConfUtils.java:logGet(43)) - raft.server.log.queue.byte-limit = 2147483647 (custom)
2019-06-13 20:52:52,686 INFO  server.RaftServerConfigKeys (ConfUtils.java:logGet(43)) - raft.server.log.queue.element-limit = 1024 (custom)
2019-06-13 20:52:52,686 INFO  server.RaftServerConfigKeys (ConfUtils.java:logGet(43)) - raft.server.log.segment.size.max = 16384 (custom)
2019-06-13 20:52:52,686 INFO  server.RaftServerConfigKeys (ConfUtils.java:logGet(43)) - raft.server.log.preallocated.size = 16384 (custom)
2019-06-13 20:52:52,686 INFO  server.RaftServerConfigKeys (ConfUtils.java:logGet(43)) - raft.server.log.write.buffer.size = 33554432 (custom)
2019-06-13 20:52:52,686 INFO  server.RaftServerConfigKeys (ConfUtils.java:logGet(43)) - raft.server.log.force.sync.num = 128 (default)
2019-06-13 20:52:52,686 INFO  server.RaftServerConfigKeys (ConfUtils.java:logGet(43)) - raft.server.log.statemachine.data.sync = true (default)
2019-06-13 20:52:52,687 INFO  server.RaftServerConfigKeys (ConfUtils.java:logGet(43)) - raft.server.log.statemachine.data.sync.timeout = 10s (default)
2019-06-13 20:52:52,687 INFO  server.RaftServerConfigKeys (ConfUtils.java:logGet(43)) - raft.server.log.statemachine.data.sync.timeout.retry = -1 (default)
2019-06-13 20:52:52,687 INFO  server.RaftServerConfigKeys (ConfUtils.java:logGet(43)) - raft.server.log.statemachine.data.caching.enabled = true (custom)
2019-06-13 20:52:52,687 INFO  server.RaftServerConfigKeys (ConfUtils.java:logGet(43)) - raft.server.snapshot.auto.trigger.enabled = true (custom)
2019-06-13 20:52:52,687 INFO  server.RaftServerConfigKeys (ConfUtils.java:logGet(43)) - raft.server.snapshot.auto.trigger.threshold = 10000 (custom)
2019-06-13 20:52:52,687 INFO  server.RaftServerConfigKeys (ConfUtils.java:logGet(43)) - raft.server.retrycache.expirytime = 600000ms (custom)
2019-06-13 20:52:52,688 INFO  impl.RaftServerImpl (RaftServerImpl.java:start(173)) - 7e110c32-16c6-4157-bc33-575ee617fed4: start group-D1856886D9E8
2019-06-13 20:52:52,688 INFO  impl.RaftServerImpl (RaftServerImpl.java:setRole(164)) - 7e110c32-16c6-4157-bc33-575ee617fed4:group-D1856886D9E8 changes role from null to FOLLOWER at term 0 for startAsFollower
2019-06-13 20:52:52,688 INFO  impl.RoleInfo (RoleInfo.java:updateAndGet(143)) - 7e110c32-16c6-4157-bc33-575ee617fed4: start FollowerState
2019-06-13 20:52:52,688 INFO  util.JmxRegister (JmxRegister.java:tryRegister(44)) - Successfully registered JMX Bean with object name Ratis:service=RaftServer,group=group-D1856886D9E8,id=7e110c32-16c6-4157-bc33-575ee617fed4
2019-06-13 20:52:52,692 INFO  pipeline.PipelineStateManager (PipelineStateManager.java:addPipeline(56)) - Created pipeline Pipeline[ Id: 27190176-422a-4770-b570-d1856886d9e8, Nodes: 7e110c32-16c6-4157-bc33-575ee617fed4{ip: 192.168.46.63, host: ozone-n9fvl-1305937406, networkLocation: /default-rack, certSerialId: null}, Type:RATIS, Factor:ONE, State:OPEN]
2019-06-13 20:52:52,712 INFO  impl.RaftServerProxy (RaftServerProxy.java:addNew(89)) - a55bb28c-9a91-49a0-99cd-6faaa1ad267a: addNew group-EC215E1E3AB3:[a55bb28c-9a91-49a0-99cd-6faaa1ad267a:192.168.46.63:36859, 7e110c32-16c6-4157-bc33-575ee617fed4:192.168.46.63:44945, e834f043-68c2-4690-911f-e774cd7c845d:192.168.46.63:43981] returns group-EC215E1E3AB3:java.util.concurrent.CompletableFuture@7970f022[Not completed]
2019-06-13 20:52:52,712 INFO  impl.RaftServerImpl (RaftServerImpl.java:<init>(91)) - a55bb28c-9a91-49a0-99cd-6faaa1ad267a: new RaftServerImpl for group-EC215E1E3AB3:[a55bb28c-9a91-49a0-99cd-6faaa1ad267a:192.168.46.63:36859, 7e110c32-16c6-4157-bc33-575ee617fed4:192.168.46.63:44945, e834f043-68c2-4690-911f-e774cd7c845d:192.168.46.63:43981] with ContainerStateMachine:uninitialized
2019-06-13 20:52:52,712 INFO  server.RaftServerConfigKeys (ConfUtils.java:logGet(43)) - raft.server.rpc.timeout.min = 1s (custom)
2019-06-13 20:52:52,713 INFO  server.RaftServerConfigKeys (ConfUtils.java:logGet(43)) - raft.server.rpc.timeout.max = 1200ms (custom)
2019-06-13 20:52:52,713 INFO  server.RaftServerConfigKeys (ConfUtils.java:logGet(43)) - raft.server.rpcslowness.timeout = 120s (custom)
2019-06-13 20:52:52,713 INFO  server.RaftServerConfigKeys (ConfUtils.java:logGet(43)) - raft.server.log.appender.install.snapshot.enabled = true (default)
2019-06-13 20:52:52,713 INFO  impl.RaftServerImpl (ServerState.java:<init>(101)) - a55bb28c-9a91-49a0-99cd-6faaa1ad267a:group-EC215E1E3AB3 ConfigurationManager, init=-1: [a55bb28c-9a91-49a0-99cd-6faaa1ad267a:192.168.46.63:36859, 7e110c32-16c6-4157-bc33-575ee617fed4:192.168.46.63:44945, e834f043-68c2-4690-911f-e774cd7c845d:192.168.46.63:43981], old=null, confs=<EMPTY_MAP>
2019-06-13 20:52:52,713 INFO  server.RaftServerConfigKeys (ConfUtils.java:logGet(43)) - raft.server.storage.dir = [/opt/src/hadoop-ozone/integration-test/target/test-dir/MiniOzoneClusterImpl-add696fe-84ac-4b45-a2ee-012b057e1087/datanode-5/data/ratis] (custom)
2019-06-13 20:52:52,713 INFO  storage.RaftStorageDirectory (RaftStorageDirectory.java:analyzeStorage(246)) - The storage directory /opt/src/hadoop-ozone/integration-test/target/test-dir/MiniOzoneClusterImpl-add696fe-84ac-4b45-a2ee-012b057e1087/datanode-5/data/ratis/38105805-e553-4b94-b130-ec215e1e3ab3 does not exist. Creating ...
2019-06-13 20:52:52,717 INFO  storage.RaftStorageDirectory (RaftStorageDirectory.java:tryLock(328)) - Lock on /opt/src/hadoop-ozone/integration-test/target/test-dir/MiniOzoneClusterImpl-add696fe-84ac-4b45-a2ee-012b057e1087/datanode-5/data/ratis/38105805-e553-4b94-b130-ec215e1e3ab3/in_use.lock acquired by nodename 16293@ozone-n9fvl-1305937406
2019-06-13 20:52:52,717 INFO  impl.RaftServerProxy (RaftServerProxy.java:addNew(89)) - 7e110c32-16c6-4157-bc33-575ee617fed4: addNew group-EC215E1E3AB3:[a55bb28c-9a91-49a0-99cd-6faaa1ad267a:192.168.46.63:36859, 7e110c32-16c6-4157-bc33-575ee617fed4:192.168.46.63:44945, e834f043-68c2-4690-911f-e774cd7c845d:192.168.46.63:43981] returns group-EC215E1E3AB3:java.util.concurrent.CompletableFuture@319680a0[Not completed]
2019-06-13 20:52:52,717 INFO  impl.RaftServerProxy (RaftServerProxy.java:addNew(89)) - e834f043-68c2-4690-911f-e774cd7c845d: addNew group-EC215E1E3AB3:[a55bb28c-9a91-49a0-99cd-6faaa1ad267a:192.168.46.63:36859, 7e110c32-16c6-4157-bc33-575ee617fed4:192.168.46.63:44945, e834f043-68c2-4690-911f-e774cd7c845d:192.168.46.63:43981] returns group-EC215E1E3AB3:java.util.concurrent.CompletableFuture@25fccf24[Not completed]
2019-06-13 20:52:52,718 INFO  impl.RaftServerImpl (RaftServerImpl.java:<init>(91)) - e834f043-68c2-4690-911f-e774cd7c845d: new RaftServerImpl for group-EC215E1E3AB3:[a55bb28c-9a91-49a0-99cd-6faaa1ad267a:192.168.46.63:36859, 7e110c32-16c6-4157-bc33-575ee617fed4:192.168.46.63:44945, e834f043-68c2-4690-911f-e774cd7c845d:192.168.46.63:43981] with ContainerStateMachine:uninitialized
2019-06-13 20:52:52,718 INFO  server.RaftServerConfigKeys (ConfUtils.java:logGet(43)) - raft.server.rpc.timeout.min = 1s (custom)
2019-06-13 20:52:52,718 INFO  server.RaftServerConfigKeys (ConfUtils.java:logGet(43)) - raft.server.rpc.timeout.max = 1200ms (custom)
2019-06-13 20:52:52,718 INFO  server.RaftServerConfigKeys (ConfUtils.java:logGet(43)) - raft.server.rpcslowness.timeout = 120s (custom)
2019-06-13 20:52:52,718 INFO  impl.RaftServerImpl (RaftServerImpl.java:<init>(91)) - 7e110c32-16c6-4157-bc33-575ee617fed4: new RaftServerImpl for group-EC215E1E3AB3:[a55bb28c-9a91-49a0-99cd-6faaa1ad267a:192.168.46.63:36859, 7e110c32-16c6-4157-bc33-575ee617fed4:192.168.46.63:44945, e834f043-68c2-4690-911f-e774cd7c845d:192.168.46.63:43981] with ContainerStateMachine:uninitialized
2019-06-13 20:52:52,718 INFO  server.RaftServerConfigKeys (ConfUtils.java:logGet(43)) - raft.server.rpc.timeout.min = 1s (custom)
2019-06-13 20:52:52,718 INFO  server.RaftServerConfigKeys (ConfUtils.java:logGet(43)) - raft.server.rpc.timeout.max = 1200ms (custom)
2019-06-13 20:52:52,718 INFO  server.RaftServerConfigKeys (ConfUtils.java:logGet(43)) - raft.server.rpcslowness.timeout = 120s (custom)
2019-06-13 20:52:52,718 INFO  server.RaftServerConfigKeys (ConfUtils.java:logGet(43)) - raft.server.log.appender.install.snapshot.enabled = true (default)
2019-06-13 20:52:52,718 INFO  impl.RaftServerImpl (ServerState.java:<init>(101)) - 7e110c32-16c6-4157-bc33-575ee617fed4:group-EC215E1E3AB3 ConfigurationManager, init=-1: [a55bb28c-9a91-49a0-99cd-6faaa1ad267a:192.168.46.63:36859, 7e110c32-16c6-4157-bc33-575ee617fed4:192.168.46.63:44945, e834f043-68c2-4690-911f-e774cd7c845d:192.168.46.63:43981], old=null, confs=<EMPTY_MAP>
2019-06-13 20:52:52,719 INFO  server.RaftServerConfigKeys (ConfUtils.java:logGet(43)) - raft.server.storage.dir = [/opt/src/hadoop-ozone/integration-test/target/test-dir/MiniOzoneClusterImpl-add696fe-84ac-4b45-a2ee-012b057e1087/datanode-6/data/ratis] (custom)
2019-06-13 20:52:52,719 INFO  storage.RaftStorage (RaftStorage.java:format(75)) - Storage directory /opt/src/hadoop-ozone/integration-test/target/test-dir/MiniOzoneClusterImpl-add696fe-84ac-4b45-a2ee-012b057e1087/datanode-5/data/ratis/38105805-e553-4b94-b130-ec215e1e3ab3 has been successfully formatted.
2019-06-13 20:52:52,719 INFO  storage.RaftStorageDirectory (RaftStorageDirectory.java:analyzeStorage(246)) - The storage directory /opt/src/hadoop-ozone/integration-test/target/test-dir/MiniOzoneClusterImpl-add696fe-84ac-4b45-a2ee-012b057e1087/datanode-6/data/ratis/38105805-e553-4b94-b130-ec215e1e3ab3 does not exist. Creating ...
2019-06-13 20:52:52,719 INFO  ratis.ContainerStateMachine (ContainerStateMachine.java:loadSnapshot(199)) - The snapshot info is null.Setting the last applied index to:(t:0, i:~)
2019-06-13 20:52:52,719 INFO  server.RaftServerConfigKeys (ConfUtils.java:logGet(43)) - raft.server.leader.election.timeout = 120s (custom)
2019-06-13 20:52:52,718 INFO  server.RaftServerConfigKeys (ConfUtils.java:logGet(43)) - raft.server.log.appender.install.snapshot.enabled = true (default)
2019-06-13 20:52:52,719 INFO  server.RaftServerConfigKeys (ConfUtils.java:logGet(43)) - raft.server.log.use.memory = false (default)
2019-06-13 20:52:52,719 INFO  server.RaftServerConfigKeys (ConfUtils.java:logGet(43)) - raft.server.log.appender.buffer.byte-limit = 33554432 (custom)
2019-06-13 20:52:52,719 INFO  server.RaftServerConfigKeys (ConfUtils.java:logGet(43)) - raft.server.log.segment.size.max = 16384 (custom)
2019-06-13 20:52:52,719 INFO  impl.RaftServerImpl (ServerState.java:<init>(101)) - e834f043-68c2-4690-911f-e774cd7c845d:group-EC215E1E3AB3 ConfigurationManager, init=-1: [a55bb28c-9a91-49a0-99cd-6faaa1ad267a:192.168.46.63:36859, 7e110c32-16c6-4157-bc33-575ee617fed4:192.168.46.63:44945, e834f043-68c2-4690-911f-e774cd7c845d:192.168.46.63:43981], old=null, confs=<EMPTY_MAP>
2019-06-13 20:52:52,720 INFO  server.RaftServerConfigKeys (ConfUtils.java:logGet(43)) - raft.server.storage.dir = [/opt/src/hadoop-ozone/integration-test/target/test-dir/MiniOzoneClusterImpl-add696fe-84ac-4b45-a2ee-012b057e1087/datanode-2/data/ratis] (custom)
2019-06-13 20:52:52,720 INFO  storage.RaftStorageDirectory (RaftStorageDirectory.java:analyzeStorage(246)) - The storage directory /opt/src/hadoop-ozone/integration-test/target/test-dir/MiniOzoneClusterImpl-add696fe-84ac-4b45-a2ee-012b057e1087/datanode-2/data/ratis/38105805-e553-4b94-b130-ec215e1e3ab3 does not exist. Creating ...
2019-06-13 20:52:52,720 INFO  server.RaftServerConfigKeys (ConfUtils.java:logGet(43)) - raft.server.log.segment.cache.num.max = 2 (custom)
2019-06-13 20:52:52,720 INFO  storage.RaftLogWorker (RaftLogWorker.java:<init>(123)) - new a55bb28c-9a91-49a0-99cd-6faaa1ad267a-RaftLogWorker for Storage Directory /opt/src/hadoop-ozone/integration-test/target/test-dir/MiniOzoneClusterImpl-add696fe-84ac-4b45-a2ee-012b057e1087/datanode-5/data/ratis/38105805-e553-4b94-b130-ec215e1e3ab3
2019-06-13 20:52:52,720 INFO  server.RaftServerConfigKeys (ConfUtils.java:logGet(43)) - raft.server.log.queue.byte-limit = 2147483647 (custom)
2019-06-13 20:52:52,720 INFO  server.RaftServerConfigKeys (ConfUtils.java:logGet(43)) - raft.server.log.queue.element-limit = 1024 (custom)
2019-06-13 20:52:52,720 INFO  server.RaftServerConfigKeys (ConfUtils.java:logGet(43)) - raft.server.log.segment.size.max = 16384 (custom)
2019-06-13 20:52:52,720 INFO  server.RaftServerConfigKeys (ConfUtils.java:logGet(43)) - raft.server.log.preallocated.size = 16384 (custom)
2019-06-13 20:52:52,720 INFO  server.RaftServerConfigKeys (ConfUtils.java:logGet(43)) - raft.server.log.write.buffer.size = 33554432 (custom)
2019-06-13 20:52:52,721 INFO  storage.RaftStorageDirectory (RaftStorageDirectory.java:tryLock(328)) - Lock on /opt/src/hadoop-ozone/integration-test/target/test-dir/MiniOzoneClusterImpl-add696fe-84ac-4b45-a2ee-012b057e1087/datanode-6/data/ratis/38105805-e553-4b94-b130-ec215e1e3ab3/in_use.lock acquired by nodename 16293@ozone-n9fvl-1305937406
2019-06-13 20:52:52,721 INFO  server.RaftServerConfigKeys (ConfUtils.java:logGet(43)) - raft.server.log.force.sync.num = 128 (default)
2019-06-13 20:52:52,721 INFO  server.RaftServerConfigKeys (ConfUtils.java:logGet(43)) - raft.server.log.statemachine.data.sync = true (default)
2019-06-13 20:52:52,721 INFO  server.RaftServerConfigKeys (ConfUtils.java:logGet(43)) - raft.server.log.statemachine.data.sync.timeout = 10s (default)
2019-06-13 20:52:52,721 INFO  server.RaftServerConfigKeys (ConfUtils.java:logGet(43)) - raft.server.log.statemachine.data.sync.timeout.retry = -1 (default)
2019-06-13 20:52:52,721 INFO  server.RaftServerConfigKeys (ConfUtils.java:logGet(43)) - raft.server.log.statemachine.data.caching.enabled = true (custom)
2019-06-13 20:52:52,721 INFO  server.RaftServerConfigKeys (ConfUtils.java:logGet(43)) - raft.server.snapshot.auto.trigger.enabled = true (custom)
2019-06-13 20:52:52,722 INFO  server.RaftServerConfigKeys (ConfUtils.java:logGet(43)) - raft.server.snapshot.auto.trigger.threshold = 10000 (custom)
2019-06-13 20:52:52,722 INFO  server.RaftServerConfigKeys (ConfUtils.java:logGet(43)) - raft.server.retrycache.expirytime = 600000ms (custom)
2019-06-13 20:52:52,722 INFO  impl.RaftServerImpl (RaftServerImpl.java:start(173)) - a55bb28c-9a91-49a0-99cd-6faaa1ad267a: start group-EC215E1E3AB3
2019-06-13 20:52:52,722 INFO  impl.RaftServerImpl (RaftServerImpl.java:setRole(164)) - a55bb28c-9a91-49a0-99cd-6faaa1ad267a:group-EC215E1E3AB3 changes role from null to FOLLOWER at term 0 for startAsFollower
2019-06-13 20:52:52,722 INFO  impl.RoleInfo (RoleInfo.java:updateAndGet(143)) - a55bb28c-9a91-49a0-99cd-6faaa1ad267a: start FollowerState
2019-06-13 20:52:52,722 INFO  util.JmxRegister (JmxRegister.java:tryRegister(44)) - Successfully registered JMX Bean with object name Ratis:service=RaftServer,group=group-EC215E1E3AB3,id=a55bb28c-9a91-49a0-99cd-6faaa1ad267a
2019-06-13 20:52:52,723 INFO  storage.RaftStorageDirectory (RaftStorageDirectory.java:tryLock(328)) - Lock on /opt/src/hadoop-ozone/integration-test/target/test-dir/MiniOzoneClusterImpl-add696fe-84ac-4b45-a2ee-012b057e1087/datanode-2/data/ratis/38105805-e553-4b94-b130-ec215e1e3ab3/in_use.lock acquired by nodename 16293@ozone-n9fvl-1305937406
2019-06-13 20:52:52,723 INFO  storage.RaftStorage (RaftStorage.java:format(75)) - Storage directory /opt/src/hadoop-ozone/integration-test/target/test-dir/MiniOzoneClusterImpl-add696fe-84ac-4b45-a2ee-012b057e1087/datanode-6/data/ratis/38105805-e553-4b94-b130-ec215e1e3ab3 has been successfully formatted.
2019-06-13 20:52:52,723 INFO  ratis.ContainerStateMachine (ContainerStateMachine.java:loadSnapshot(199)) - The snapshot info is null.Setting the last applied index to:(t:0, i:~)
2019-06-13 20:52:52,723 INFO  server.RaftServerConfigKeys (ConfUtils.java:logGet(43)) - raft.server.leader.election.timeout = 120s (custom)
2019-06-13 20:52:52,723 INFO  server.RaftServerConfigKeys (ConfUtils.java:logGet(43)) - raft.server.log.use.memory = false (default)
2019-06-13 20:52:52,723 INFO  server.RaftServerConfigKeys (ConfUtils.java:logGet(43)) - raft.server.log.appender.buffer.byte-limit = 33554432 (custom)
2019-06-13 20:52:52,723 INFO  server.RaftServerConfigKeys (ConfUtils.java:logGet(43)) - raft.server.log.segment.size.max = 16384 (custom)
2019-06-13 20:52:52,723 INFO  server.RaftServerConfigKeys (ConfUtils.java:logGet(43)) - raft.server.log.segment.cache.num.max = 2 (custom)
2019-06-13 20:52:52,724 INFO  storage.RaftLogWorker (RaftLogWorker.java:<init>(123)) - new 7e110c32-16c6-4157-bc33-575ee617fed4-RaftLogWorker for Storage Directory /opt/src/hadoop-ozone/integration-test/target/test-dir/MiniOzoneClusterImpl-add696fe-84ac-4b45-a2ee-012b057e1087/datanode-6/data/ratis/38105805-e553-4b94-b130-ec215e1e3ab3
2019-06-13 20:52:52,724 INFO  server.RaftServerConfigKeys (ConfUtils.java:logGet(43)) - raft.server.log.queue.byte-limit = 2147483647 (custom)
2019-06-13 20:52:52,724 INFO  server.RaftServerConfigKeys (ConfUtils.java:logGet(43)) - raft.server.log.queue.element-limit = 1024 (custom)
2019-06-13 20:52:52,724 INFO  server.RaftServerConfigKeys (ConfUtils.java:logGet(43)) - raft.server.log.segment.size.max = 16384 (custom)
2019-06-13 20:52:52,724 INFO  server.RaftServerConfigKeys (ConfUtils.java:logGet(43)) - raft.server.log.preallocated.size = 16384 (custom)
2019-06-13 20:52:52,724 INFO  server.RaftServerConfigKeys (ConfUtils.java:logGet(43)) - raft.server.log.write.buffer.size = 33554432 (custom)
2019-06-13 20:52:52,724 INFO  server.RaftServerConfigKeys (ConfUtils.java:logGet(43)) - raft.server.log.force.sync.num = 128 (default)
2019-06-13 20:52:52,724 INFO  server.RaftServerConfigKeys (ConfUtils.java:logGet(43)) - raft.server.log.statemachine.data.sync = true (default)
2019-06-13 20:52:52,724 INFO  server.RaftServerConfigKeys (ConfUtils.java:logGet(43)) - raft.server.log.statemachine.data.sync.timeout = 10s (default)
2019-06-13 20:52:52,726 INFO  storage.RaftStorage (RaftStorage.java:format(75)) - Storage directory /opt/src/hadoop-ozone/integration-test/target/test-dir/MiniOzoneClusterImpl-add696fe-84ac-4b45-a2ee-012b057e1087/datanode-2/data/ratis/38105805-e553-4b94-b130-ec215e1e3ab3 has been successfully formatted.
2019-06-13 20:52:52,728 INFO  ratis.ContainerStateMachine (ContainerStateMachine.java:loadSnapshot(199)) - The snapshot info is null.Setting the last applied index to:(t:0, i:~)
2019-06-13 20:52:52,728 INFO  server.RaftServerConfigKeys (ConfUtils.java:logGet(43)) - raft.server.leader.election.timeout = 120s (custom)
2019-06-13 20:52:52,728 INFO  server.RaftServerConfigKeys (ConfUtils.java:logGet(43)) - raft.server.log.use.memory = false (default)
2019-06-13 20:52:52,730 INFO  server.RaftServerConfigKeys (ConfUtils.java:logGet(43)) - raft.server.log.appender.buffer.byte-limit = 33554432 (custom)
2019-06-13 20:52:52,730 INFO  server.RaftServerConfigKeys (ConfUtils.java:logGet(43)) - raft.server.log.segment.size.max = 16384 (custom)
2019-06-13 20:52:52,730 INFO  server.RaftServerConfigKeys (ConfUtils.java:logGet(43)) - raft.server.log.segment.cache.num.max = 2 (custom)
2019-06-13 20:52:52,730 INFO  storage.RaftLogWorker (RaftLogWorker.java:<init>(123)) - new e834f043-68c2-4690-911f-e774cd7c845d-RaftLogWorker for Storage Directory /opt/src/hadoop-ozone/integration-test/target/test-dir/MiniOzoneClusterImpl-add696fe-84ac-4b45-a2ee-012b057e1087/datanode-2/data/ratis/38105805-e553-4b94-b130-ec215e1e3ab3
2019-06-13 20:52:52,730 INFO  server.RaftServerConfigKeys (ConfUtils.java:logGet(43)) - raft.server.log.queue.byte-limit = 2147483647 (custom)
2019-06-13 20:52:52,730 INFO  server.RaftServerConfigKeys (ConfUtils.java:logGet(43)) - raft.server.log.queue.element-limit = 1024 (custom)
2019-06-13 20:52:52,730 INFO  server.RaftServerConfigKeys (ConfUtils.java:logGet(43)) - raft.server.log.segment.size.max = 16384 (custom)
2019-06-13 20:52:52,731 INFO  server.RaftServerConfigKeys (ConfUtils.java:logGet(43)) - raft.server.log.preallocated.size = 16384 (custom)
2019-06-13 20:52:52,731 INFO  server.RaftServerConfigKeys (ConfUtils.java:logGet(43)) - raft.server.log.write.buffer.size = 33554432 (custom)
2019-06-13 20:52:52,731 INFO  server.RaftServerConfigKeys (ConfUtils.java:logGet(43)) - raft.server.log.force.sync.num = 128 (default)
2019-06-13 20:52:52,731 INFO  server.RaftServerConfigKeys (ConfUtils.java:logGet(43)) - raft.server.log.statemachine.data.sync = true (default)
2019-06-13 20:52:52,731 INFO  server.RaftServerConfigKeys (ConfUtils.java:logGet(43)) - raft.server.log.statemachine.data.sync.timeout = 10s (default)
2019-06-13 20:52:52,731 INFO  server.RaftServerConfigKeys (ConfUtils.java:logGet(43)) - raft.server.log.statemachine.data.sync.timeout.retry = -1 (default)
2019-06-13 20:52:52,731 INFO  server.RaftServerConfigKeys (ConfUtils.java:logGet(43)) - raft.server.log.statemachine.data.caching.enabled = true (custom)
2019-06-13 20:52:52,726 INFO  server.RaftServerConfigKeys (ConfUtils.java:logGet(43)) - raft.server.log.statemachine.data.sync.timeout.retry = -1 (default)
2019-06-13 20:52:52,731 INFO  server.RaftServerConfigKeys (ConfUtils.java:logGet(43)) - raft.server.snapshot.auto.trigger.enabled = true (custom)
2019-06-13 20:52:52,732 INFO  server.RaftServerConfigKeys (ConfUtils.java:logGet(43)) - raft.server.log.statemachine.data.caching.enabled = true (custom)
2019-06-13 20:52:52,732 INFO  server.RaftServerConfigKeys (ConfUtils.java:logGet(43)) - raft.server.snapshot.auto.trigger.threshold = 10000 (custom)
2019-06-13 20:52:52,732 INFO  server.RaftServerConfigKeys (ConfUtils.java:logGet(43)) - raft.server.retrycache.expirytime = 600000ms (custom)
2019-06-13 20:52:52,732 INFO  impl.RaftServerImpl (RaftServerImpl.java:start(173)) - e834f043-68c2-4690-911f-e774cd7c845d: start group-EC215E1E3AB3
2019-06-13 20:52:52,732 INFO  impl.RaftServerImpl (RaftServerImpl.java:setRole(164)) - e834f043-68c2-4690-911f-e774cd7c845d:group-EC215E1E3AB3 changes role from null to FOLLOWER at term 0 for startAsFollower
2019-06-13 20:52:52,733 INFO  impl.RoleInfo (RoleInfo.java:updateAndGet(143)) - e834f043-68c2-4690-911f-e774cd7c845d: start FollowerState
2019-06-13 20:52:52,733 INFO  server.RaftServerConfigKeys (ConfUtils.java:logGet(43)) - raft.server.snapshot.auto.trigger.enabled = true (custom)
2019-06-13 20:52:52,734 INFO  server.RaftServerConfigKeys (ConfUtils.java:logGet(43)) - raft.server.snapshot.auto.trigger.threshold = 10000 (custom)
2019-06-13 20:52:52,734 INFO  server.RaftServerConfigKeys (ConfUtils.java:logGet(43)) - raft.server.retrycache.expirytime = 600000ms (custom)
2019-06-13 20:52:52,734 INFO  util.JmxRegister (JmxRegister.java:tryRegister(44)) - Successfully registered JMX Bean with object name Ratis:service=RaftServer,group=group-EC215E1E3AB3,id=e834f043-68c2-4690-911f-e774cd7c845d
2019-06-13 20:52:52,734 INFO  impl.RaftServerImpl (RaftServerImpl.java:start(173)) - 7e110c32-16c6-4157-bc33-575ee617fed4: start group-EC215E1E3AB3
2019-06-13 20:52:52,734 INFO  impl.RaftServerImpl (RaftServerImpl.java:setRole(164)) - 7e110c32-16c6-4157-bc33-575ee617fed4:group-EC215E1E3AB3 changes role from null to FOLLOWER at term 0 for startAsFollower
2019-06-13 20:52:52,734 INFO  impl.RoleInfo (RoleInfo.java:updateAndGet(143)) - 7e110c32-16c6-4157-bc33-575ee617fed4: start FollowerState
2019-06-13 20:52:52,735 INFO  util.JmxRegister (JmxRegister.java:tryRegister(44)) - Successfully registered JMX Bean with object name Ratis:service=RaftServer,group=group-EC215E1E3AB3,id=7e110c32-16c6-4157-bc33-575ee617fed4
2019-06-13 20:52:52,749 INFO  pipeline.PipelineStateManager (PipelineStateManager.java:addPipeline(56)) - Created pipeline Pipeline[ Id: 38105805-e553-4b94-b130-ec215e1e3ab3, Nodes: a55bb28c-9a91-49a0-99cd-6faaa1ad267a{ip: 192.168.46.63, host: ozone-n9fvl-1305937406, networkLocation: /default-rack, certSerialId: null}7e110c32-16c6-4157-bc33-575ee617fed4{ip: 192.168.46.63, host: ozone-n9fvl-1305937406, networkLocation: /default-rack, certSerialId: null}e834f043-68c2-4690-911f-e774cd7c845d{ip: 192.168.46.63, host: ozone-n9fvl-1305937406, networkLocation: /default-rack, certSerialId: null}, Type:RATIS, Factor:THREE, State:OPEN]
2019-06-13 20:52:52,840 INFO  node.SCMNodeManager (SCMNodeManager.java:register(234)) - Registered Data node : 5ff02751-d237-480c-b1e9-4266071b5fb0{ip: 192.168.46.63, host: ozone-n9fvl-1305937406, networkLocation: /default-rack, certSerialId: null}
2019-06-13 20:52:52,852 INFO  impl.RaftServerProxy (RaftServerProxy.java:addNew(89)) - 5ff02751-d237-480c-b1e9-4266071b5fb0: addNew group-840E0B4B842C:[5ff02751-d237-480c-b1e9-4266071b5fb0:192.168.46.63:39927] returns group-840E0B4B842C:java.util.concurrent.CompletableFuture@cfe94d3[Not completed]
2019-06-13 20:52:52,854 INFO  impl.RaftServerImpl (RaftServerImpl.java:<init>(91)) - 5ff02751-d237-480c-b1e9-4266071b5fb0: new RaftServerImpl for group-840E0B4B842C:[5ff02751-d237-480c-b1e9-4266071b5fb0:192.168.46.63:39927] with ContainerStateMachine:uninitialized
2019-06-13 20:52:52,854 INFO  server.RaftServerConfigKeys (ConfUtils.java:logGet(43)) - raft.server.rpc.timeout.min = 1s (custom)
2019-06-13 20:52:52,854 INFO  server.RaftServerConfigKeys (ConfUtils.java:logGet(43)) - raft.server.rpc.timeout.max = 1200ms (custom)
2019-06-13 20:52:52,854 INFO  server.RaftServerConfigKeys (ConfUtils.java:logGet(43)) - raft.server.rpcslowness.timeout = 120s (custom)
2019-06-13 20:52:52,854 INFO  server.RaftServerConfigKeys (ConfUtils.java:logGet(43)) - raft.server.log.appender.install.snapshot.enabled = true (default)
2019-06-13 20:52:52,854 INFO  impl.RaftServerImpl (ServerState.java:<init>(101)) - 5ff02751-d237-480c-b1e9-4266071b5fb0:group-840E0B4B842C ConfigurationManager, init=-1: [5ff02751-d237-480c-b1e9-4266071b5fb0:192.168.46.63:39927], old=null, confs=<EMPTY_MAP>
2019-06-13 20:52:52,854 INFO  server.RaftServerConfigKeys (ConfUtils.java:logGet(43)) - raft.server.storage.dir = [/opt/src/hadoop-ozone/integration-test/target/test-dir/MiniOzoneClusterImpl-add696fe-84ac-4b45-a2ee-012b057e1087/datanode-7/data/ratis] (custom)
2019-06-13 20:52:52,855 INFO  storage.RaftStorageDirectory (RaftStorageDirectory.java:analyzeStorage(246)) - The storage directory /opt/src/hadoop-ozone/integration-test/target/test-dir/MiniOzoneClusterImpl-add696fe-84ac-4b45-a2ee-012b057e1087/datanode-7/data/ratis/8422e648-15a2-42e1-8576-840e0b4b842c does not exist. Creating ...
2019-06-13 20:52:52,856 INFO  storage.RaftStorageDirectory (RaftStorageDirectory.java:tryLock(328)) - Lock on /opt/src/hadoop-ozone/integration-test/target/test-dir/MiniOzoneClusterImpl-add696fe-84ac-4b45-a2ee-012b057e1087/datanode-7/data/ratis/8422e648-15a2-42e1-8576-840e0b4b842c/in_use.lock acquired by nodename 16293@ozone-n9fvl-1305937406
2019-06-13 20:52:52,858 INFO  storage.RaftStorage (RaftStorage.java:format(75)) - Storage directory /opt/src/hadoop-ozone/integration-test/target/test-dir/MiniOzoneClusterImpl-add696fe-84ac-4b45-a2ee-012b057e1087/datanode-7/data/ratis/8422e648-15a2-42e1-8576-840e0b4b842c has been successfully formatted.
2019-06-13 20:52:52,859 INFO  ratis.ContainerStateMachine (ContainerStateMachine.java:loadSnapshot(199)) - The snapshot info is null.Setting the last applied index to:(t:0, i:~)
2019-06-13 20:52:52,859 INFO  server.RaftServerConfigKeys (ConfUtils.java:logGet(43)) - raft.server.leader.election.timeout = 120s (custom)
2019-06-13 20:52:52,859 INFO  server.RaftServerConfigKeys (ConfUtils.java:logGet(43)) - raft.server.log.use.memory = false (default)
2019-06-13 20:52:52,859 INFO  server.RaftServerConfigKeys (ConfUtils.java:logGet(43)) - raft.server.log.appender.buffer.byte-limit = 33554432 (custom)
2019-06-13 20:52:52,859 INFO  server.RaftServerConfigKeys (ConfUtils.java:logGet(43)) - raft.server.log.segment.size.max = 16384 (custom)
2019-06-13 20:52:52,859 INFO  server.RaftServerConfigKeys (ConfUtils.java:logGet(43)) - raft.server.log.segment.cache.num.max = 2 (custom)
2019-06-13 20:52:52,859 INFO  storage.RaftLogWorker (RaftLogWorker.java:<init>(123)) - new 5ff02751-d237-480c-b1e9-4266071b5fb0-RaftLogWorker for Storage Directory /opt/src/hadoop-ozone/integration-test/target/test-dir/MiniOzoneClusterImpl-add696fe-84ac-4b45-a2ee-012b057e1087/datanode-7/data/ratis/8422e648-15a2-42e1-8576-840e0b4b842c
2019-06-13 20:52:52,859 INFO  server.RaftServerConfigKeys (ConfUtils.java:logGet(43)) - raft.server.log.queue.byte-limit = 2147483647 (custom)
2019-06-13 20:52:52,859 INFO  server.RaftServerConfigKeys (ConfUtils.java:logGet(43)) - raft.server.log.queue.element-limit = 1024 (custom)
2019-06-13 20:52:52,859 INFO  server.RaftServerConfigKeys (ConfUtils.java:logGet(43)) - raft.server.log.segment.size.max = 16384 (custom)
2019-06-13 20:52:52,859 INFO  server.RaftServerConfigKeys (ConfUtils.java:logGet(43)) - raft.server.log.preallocated.size = 16384 (custom)
2019-06-13 20:52:52,859 INFO  server.RaftServerConfigKeys (ConfUtils.java:logGet(43)) - raft.server.log.write.buffer.size = 33554432 (custom)
2019-06-13 20:52:52,860 INFO  server.RaftServerConfigKeys (ConfUtils.java:logGet(43)) - raft.server.log.force.sync.num = 128 (default)
2019-06-13 20:52:52,860 INFO  server.RaftServerConfigKeys (ConfUtils.java:logGet(43)) - raft.server.log.statemachine.data.sync = true (default)
2019-06-13 20:52:52,860 INFO  server.RaftServerConfigKeys (ConfUtils.java:logGet(43)) - raft.server.log.statemachine.data.sync.timeout = 10s (default)
2019-06-13 20:52:52,860 INFO  server.RaftServerConfigKeys (ConfUtils.java:logGet(43)) - raft.server.log.statemachine.data.sync.timeout.retry = -1 (default)
2019-06-13 20:52:52,860 INFO  server.RaftServerConfigKeys (ConfUtils.java:logGet(43)) - raft.server.log.statemachine.data.caching.enabled = true (custom)
2019-06-13 20:52:52,860 INFO  server.RaftServerConfigKeys (ConfUtils.java:logGet(43)) - raft.server.snapshot.auto.trigger.enabled = true (custom)
2019-06-13 20:52:52,860 INFO  server.RaftServerConfigKeys (ConfUtils.java:logGet(43)) - raft.server.snapshot.auto.trigger.threshold = 10000 (custom)
2019-06-13 20:52:52,861 INFO  server.RaftServerConfigKeys (ConfUtils.java:logGet(43)) - raft.server.retrycache.expirytime = 600000ms (custom)
2019-06-13 20:52:52,861 INFO  impl.RaftServerImpl (RaftServerImpl.java:start(173)) - 5ff02751-d237-480c-b1e9-4266071b5fb0: start group-840E0B4B842C
2019-06-13 20:52:52,861 INFO  impl.RaftServerImpl (RaftServerImpl.java:setRole(164)) - 5ff02751-d237-480c-b1e9-4266071b5fb0:group-840E0B4B842C changes role from null to FOLLOWER at term 0 for startAsFollower
2019-06-13 20:52:52,861 INFO  impl.RoleInfo (RoleInfo.java:updateAndGet(143)) - 5ff02751-d237-480c-b1e9-4266071b5fb0: start FollowerState
2019-06-13 20:52:52,861 INFO  util.JmxRegister (JmxRegister.java:tryRegister(44)) - Successfully registered JMX Bean with object name Ratis:service=RaftServer,group=group-840E0B4B842C,id=5ff02751-d237-480c-b1e9-4266071b5fb0
2019-06-13 20:52:52,867 INFO  pipeline.PipelineStateManager (PipelineStateManager.java:addPipeline(56)) - Created pipeline Pipeline[ Id: 8422e648-15a2-42e1-8576-840e0b4b842c, Nodes: 5ff02751-d237-480c-b1e9-4266071b5fb0{ip: 192.168.46.63, host: ozone-n9fvl-1305937406, networkLocation: /default-rack, certSerialId: null}, Type:RATIS, Factor:ONE, State:OPEN]
2019-06-13 20:52:53,056 INFO  node.SCMNodeManager (SCMNodeManager.java:register(234)) - Registered Data node : cd0c8ecd-7ef6-4060-bf45-94f9de670313{ip: 192.168.46.63, host: ozone-n9fvl-1305937406, networkLocation: /default-rack, certSerialId: null}
2019-06-13 20:52:53,066 INFO  impl.RaftServerProxy (RaftServerProxy.java:addNew(89)) - cd0c8ecd-7ef6-4060-bf45-94f9de670313: addNew group-C3E35E1227F9:[cd0c8ecd-7ef6-4060-bf45-94f9de670313:192.168.46.63:35837] returns group-C3E35E1227F9:java.util.concurrent.CompletableFuture@3af1501f[Not completed]
2019-06-13 20:52:53,066 INFO  impl.RaftServerImpl (RaftServerImpl.java:<init>(91)) - cd0c8ecd-7ef6-4060-bf45-94f9de670313: new RaftServerImpl for group-C3E35E1227F9:[cd0c8ecd-7ef6-4060-bf45-94f9de670313:192.168.46.63:35837] with ContainerStateMachine:uninitialized
2019-06-13 20:52:53,066 INFO  server.RaftServerConfigKeys (ConfUtils.java:logGet(43)) - raft.server.rpc.timeout.min = 1s (custom)
2019-06-13 20:52:53,066 INFO  server.RaftServerConfigKeys (ConfUtils.java:logGet(43)) - raft.server.rpc.timeout.max = 1200ms (custom)
2019-06-13 20:52:53,067 INFO  server.RaftServerConfigKeys (ConfUtils.java:logGet(43)) - raft.server.rpcslowness.timeout = 120s (custom)
2019-06-13 20:52:53,067 INFO  server.RaftServerConfigKeys (ConfUtils.java:logGet(43)) - raft.server.log.appender.install.snapshot.enabled = true (default)
2019-06-13 20:52:53,067 INFO  impl.RaftServerImpl (ServerState.java:<init>(101)) - cd0c8ecd-7ef6-4060-bf45-94f9de670313:group-C3E35E1227F9 ConfigurationManager, init=-1: [cd0c8ecd-7ef6-4060-bf45-94f9de670313:192.168.46.63:35837], old=null, confs=<EMPTY_MAP>
2019-06-13 20:52:53,067 INFO  server.RaftServerConfigKeys (ConfUtils.java:logGet(43)) - raft.server.storage.dir = [/opt/src/hadoop-ozone/integration-test/target/test-dir/MiniOzoneClusterImpl-add696fe-84ac-4b45-a2ee-012b057e1087/datanode-8/data/ratis] (custom)
2019-06-13 20:52:53,067 INFO  storage.RaftStorageDirectory (RaftStorageDirectory.java:analyzeStorage(246)) - The storage directory /opt/src/hadoop-ozone/integration-test/target/test-dir/MiniOzoneClusterImpl-add696fe-84ac-4b45-a2ee-012b057e1087/datanode-8/data/ratis/56353d71-b761-4d98-aab5-c3e35e1227f9 does not exist. Creating ...
2019-06-13 20:52:53,069 INFO  storage.RaftStorageDirectory (RaftStorageDirectory.java:tryLock(328)) - Lock on /opt/src/hadoop-ozone/integration-test/target/test-dir/MiniOzoneClusterImpl-add696fe-84ac-4b45-a2ee-012b057e1087/datanode-8/data/ratis/56353d71-b761-4d98-aab5-c3e35e1227f9/in_use.lock acquired by nodename 16293@ozone-n9fvl-1305937406
2019-06-13 20:52:53,071 INFO  storage.RaftStorage (RaftStorage.java:format(75)) - Storage directory /opt/src/hadoop-ozone/integration-test/target/test-dir/MiniOzoneClusterImpl-add696fe-84ac-4b45-a2ee-012b057e1087/datanode-8/data/ratis/56353d71-b761-4d98-aab5-c3e35e1227f9 has been successfully formatted.
2019-06-13 20:52:53,072 INFO  ratis.ContainerStateMachine (ContainerStateMachine.java:loadSnapshot(199)) - The snapshot info is null.Setting the last applied index to:(t:0, i:~)
2019-06-13 20:52:53,072 INFO  server.RaftServerConfigKeys (ConfUtils.java:logGet(43)) - raft.server.leader.election.timeout = 120s (custom)
2019-06-13 20:52:53,072 INFO  server.RaftServerConfigKeys (ConfUtils.java:logGet(43)) - raft.server.log.use.memory = false (default)
2019-06-13 20:52:53,072 INFO  server.RaftServerConfigKeys (ConfUtils.java:logGet(43)) - raft.server.log.appender.buffer.byte-limit = 33554432 (custom)
2019-06-13 20:52:53,072 INFO  server.RaftServerConfigKeys (ConfUtils.java:logGet(43)) - raft.server.log.segment.size.max = 16384 (custom)
2019-06-13 20:52:53,072 INFO  server.RaftServerConfigKeys (ConfUtils.java:logGet(43)) - raft.server.log.segment.cache.num.max = 2 (custom)
2019-06-13 20:52:53,072 INFO  storage.RaftLogWorker (RaftLogWorker.java:<init>(123)) - new cd0c8ecd-7ef6-4060-bf45-94f9de670313-RaftLogWorker for Storage Directory /opt/src/hadoop-ozone/integration-test/target/test-dir/MiniOzoneClusterImpl-add696fe-84ac-4b45-a2ee-012b057e1087/datanode-8/data/ratis/56353d71-b761-4d98-aab5-c3e35e1227f9
2019-06-13 20:52:53,072 INFO  server.RaftServerConfigKeys (ConfUtils.java:logGet(43)) - raft.server.log.queue.byte-limit = 2147483647 (custom)
2019-06-13 20:52:53,072 INFO  server.RaftServerConfigKeys (ConfUtils.java:logGet(43)) - raft.server.log.queue.element-limit = 1024 (custom)
2019-06-13 20:52:53,072 INFO  server.RaftServerConfigKeys (ConfUtils.java:logGet(43)) - raft.server.log.segment.size.max = 16384 (custom)
2019-06-13 20:52:53,073 INFO  server.RaftServerConfigKeys (ConfUtils.java:logGet(43)) - raft.server.log.preallocated.size = 16384 (custom)
2019-06-13 20:52:53,073 INFO  server.RaftServerConfigKeys (ConfUtils.java:logGet(43)) - raft.server.log.write.buffer.size = 33554432 (custom)
2019-06-13 20:52:53,073 INFO  server.RaftServerConfigKeys (ConfUtils.java:logGet(43)) - raft.server.log.force.sync.num = 128 (default)
2019-06-13 20:52:53,073 INFO  server.RaftServerConfigKeys (ConfUtils.java:logGet(43)) - raft.server.log.statemachine.data.sync = true (default)
2019-06-13 20:52:53,073 INFO  server.RaftServerConfigKeys (ConfUtils.java:logGet(43)) - raft.server.log.statemachine.data.sync.timeout = 10s (default)
2019-06-13 20:52:53,073 INFO  server.RaftServerConfigKeys (ConfUtils.java:logGet(43)) - raft.server.log.statemachine.data.sync.timeout.retry = -1 (default)
2019-06-13 20:52:53,073 INFO  server.RaftServerConfigKeys (ConfUtils.java:logGet(43)) - raft.server.log.statemachine.data.caching.enabled = true (custom)
2019-06-13 20:52:53,073 INFO  server.RaftServerConfigKeys (ConfUtils.java:logGet(43)) - raft.server.snapshot.auto.trigger.enabled = true (custom)
2019-06-13 20:52:53,073 INFO  server.RaftServerConfigKeys (ConfUtils.java:logGet(43)) - raft.server.snapshot.auto.trigger.threshold = 10000 (custom)
2019-06-13 20:52:53,074 INFO  server.RaftServerConfigKeys (ConfUtils.java:logGet(43)) - raft.server.retrycache.expirytime = 600000ms (custom)
2019-06-13 20:52:53,074 INFO  impl.RaftServerImpl (RaftServerImpl.java:start(173)) - cd0c8ecd-7ef6-4060-bf45-94f9de670313: start group-C3E35E1227F9
2019-06-13 20:52:53,074 INFO  impl.RaftServerImpl (RaftServerImpl.java:setRole(164)) - cd0c8ecd-7ef6-4060-bf45-94f9de670313:group-C3E35E1227F9 changes role from null to FOLLOWER at term 0 for startAsFollower
2019-06-13 20:52:53,074 INFO  impl.RoleInfo (RoleInfo.java:updateAndGet(143)) - cd0c8ecd-7ef6-4060-bf45-94f9de670313: start FollowerState
2019-06-13 20:52:53,074 INFO  util.JmxRegister (JmxRegister.java:tryRegister(44)) - Successfully registered JMX Bean with object name Ratis:service=RaftServer,group=group-C3E35E1227F9,id=cd0c8ecd-7ef6-4060-bf45-94f9de670313
2019-06-13 20:52:53,085 INFO  pipeline.PipelineStateManager (PipelineStateManager.java:addPipeline(56)) - Created pipeline Pipeline[ Id: 56353d71-b761-4d98-aab5-c3e35e1227f9, Nodes: cd0c8ecd-7ef6-4060-bf45-94f9de670313{ip: 192.168.46.63, host: ozone-n9fvl-1305937406, networkLocation: /default-rack, certSerialId: null}, Type:RATIS, Factor:ONE, State:OPEN]
2019-06-13 20:52:53,265 INFO  impl.FollowerState (FollowerState.java:run(101)) - a83b0601-c70d-4140-b27f-c227c6feeccd:group-83F4FC979FA7 changes to CANDIDATE, lastRpcTime:1124, electionTimeout:1124ms
2019-06-13 20:52:53,265 INFO  impl.RoleInfo (RoleInfo.java:shutdownFollowerState(121)) - a83b0601-c70d-4140-b27f-c227c6feeccd: shutdown FollowerState
2019-06-13 20:52:53,265 INFO  impl.RaftServerImpl (RaftServerImpl.java:setRole(164)) - a83b0601-c70d-4140-b27f-c227c6feeccd:group-83F4FC979FA7 changes role from FOLLOWER to CANDIDATE at term 0 for changeToCandidate
2019-06-13 20:52:53,267 INFO  impl.RoleInfo (RoleInfo.java:updateAndGet(143)) - a83b0601-c70d-4140-b27f-c227c6feeccd: start LeaderElection
2019-06-13 20:52:53,274 INFO  impl.LeaderElection (LeaderElection.java:askForVotes(181)) - a83b0601-c70d-4140-b27f-c227c6feeccd:group-83F4FC979FA7:LeaderElection1: begin an election at term 1 for -1: [a83b0601-c70d-4140-b27f-c227c6feeccd:192.168.46.63:38007], old=null
2019-06-13 20:52:53,274 INFO  impl.RoleInfo (RoleInfo.java:shutdownLeaderElection(134)) - a83b0601-c70d-4140-b27f-c227c6feeccd: shutdown LeaderElection
2019-06-13 20:52:53,275 INFO  impl.RaftServerImpl (RaftServerImpl.java:setRole(164)) - a83b0601-c70d-4140-b27f-c227c6feeccd:group-83F4FC979FA7 changes role from CANDIDATE to LEADER at term 1 for changeToLeader
2019-06-13 20:52:53,275 INFO  impl.RaftServerImpl (ServerState.java:setLeader(263)) - a83b0601-c70d-4140-b27f-c227c6feeccd:group-83F4FC979FA7 change Leader from null to a83b0601-c70d-4140-b27f-c227c6feeccd at term 1 for becomeLeader, leader elected after 1188ms
2019-06-13 20:52:53,279 INFO  server.RaftServerConfigKeys (ConfUtils.java:logGet(43)) - raft.server.staging.catchup.gap = 1000 (default)
2019-06-13 20:52:53,279 INFO  server.RaftServerConfigKeys (ConfUtils.java:logGet(43)) - raft.server.rpc.sleep.time = 25ms (default)
2019-06-13 20:52:53,281 INFO  server.RaftServerConfigKeys (ConfUtils.java:logGet(43)) - raft.server.watch.timeout = 10s (default)
2019-06-13 20:52:53,281 INFO  server.RaftServerConfigKeys (ConfUtils.java:logGet(43)) - raft.server.watch.timeout.denomination = 1s (default)
2019-06-13 20:52:53,286 INFO  impl.RoleInfo (RoleInfo.java:updateAndGet(143)) - a83b0601-c70d-4140-b27f-c227c6feeccd: start LeaderState
2019-06-13 20:52:53,290 INFO  ozone.MiniOzoneClusterImpl (MiniOzoneClusterImpl.java:lambda$waitForClusterToBeReady$0(142)) - Waiting for cluster to be ready. Got 8 of 10 DN Heartbeats.
2019-06-13 20:52:53,310 INFO  node.SCMNodeManager (SCMNodeManager.java:register(234)) - Registered Data node : 22b2fce2-e0c4-4bfe-a1ac-a7ae08b7b321{ip: 192.168.46.63, host: ozone-n9fvl-1305937406, networkLocation: /default-rack, certSerialId: null}
2019-06-13 20:52:53,310 INFO  storage.RaftLogWorker (RaftLogWorker.java:startLogSegment(298)) - a83b0601-c70d-4140-b27f-c227c6feeccd-RaftLogWorker: Starting segment from index:0
2019-06-13 20:52:53,321 INFO  impl.RaftServerImpl (ServerState.java:setRaftConf(361)) - a83b0601-c70d-4140-b27f-c227c6feeccd:group-83F4FC979FA7 set configuration 0: [a83b0601-c70d-4140-b27f-c227c6feeccd:192.168.46.63:38007], old=null at 0
2019-06-13 20:52:53,337 INFO  impl.RaftServerProxy (RaftServerProxy.java:addNew(89)) - 22b2fce2-e0c4-4bfe-a1ac-a7ae08b7b321: addNew group-D0CDC4E413F4:[22b2fce2-e0c4-4bfe-a1ac-a7ae08b7b321:192.168.46.63:32929] returns group-D0CDC4E413F4:java.util.concurrent.CompletableFuture@24de6ce4[Not completed]
2019-06-13 20:52:53,338 INFO  impl.RaftServerImpl (RaftServerImpl.java:<init>(91)) - 22b2fce2-e0c4-4bfe-a1ac-a7ae08b7b321: new RaftServerImpl for group-D0CDC4E413F4:[22b2fce2-e0c4-4bfe-a1ac-a7ae08b7b321:192.168.46.63:32929] with ContainerStateMachine:uninitialized
2019-06-13 20:52:53,338 INFO  server.RaftServerConfigKeys (ConfUtils.java:logGet(43)) - raft.server.rpc.timeout.min = 1s (custom)
2019-06-13 20:52:53,338 INFO  server.RaftServerConfigKeys (ConfUtils.java:logGet(43)) - raft.server.rpc.timeout.max = 1200ms (custom)
2019-06-13 20:52:53,338 INFO  server.RaftServerConfigKeys (ConfUtils.java:logGet(43)) - raft.server.rpcslowness.timeout = 120s (custom)
2019-06-13 20:52:53,338 INFO  server.RaftServerConfigKeys (ConfUtils.java:logGet(43)) - raft.server.log.appender.install.snapshot.enabled = true (default)
2019-06-13 20:52:53,338 INFO  impl.RaftServerImpl (ServerState.java:<init>(101)) - 22b2fce2-e0c4-4bfe-a1ac-a7ae08b7b321:group-D0CDC4E413F4 ConfigurationManager, init=-1: [22b2fce2-e0c4-4bfe-a1ac-a7ae08b7b321:192.168.46.63:32929], old=null, confs=<EMPTY_MAP>
2019-06-13 20:52:53,339 INFO  server.RaftServerConfigKeys (ConfUtils.java:logGet(43)) - raft.server.storage.dir = [/opt/src/hadoop-ozone/integration-test/target/test-dir/MiniOzoneClusterImpl-add696fe-84ac-4b45-a2ee-012b057e1087/datanode-9/data/ratis] (custom)
2019-06-13 20:52:53,339 INFO  storage.RaftStorageDirectory (RaftStorageDirectory.java:analyzeStorage(246)) - The storage directory /opt/src/hadoop-ozone/integration-test/target/test-dir/MiniOzoneClusterImpl-add696fe-84ac-4b45-a2ee-012b057e1087/datanode-9/data/ratis/8fe501ae-77ea-4bee-a546-d0cdc4e413f4 does not exist. Creating ...
2019-06-13 20:52:53,341 INFO  storage.RaftStorageDirectory (RaftStorageDirectory.java:tryLock(328)) - Lock on /opt/src/hadoop-ozone/integration-test/target/test-dir/MiniOzoneClusterImpl-add696fe-84ac-4b45-a2ee-012b057e1087/datanode-9/data/ratis/8fe501ae-77ea-4bee-a546-d0cdc4e413f4/in_use.lock acquired by nodename 16293@ozone-n9fvl-1305937406
2019-06-13 20:52:53,343 INFO  storage.RaftStorage (RaftStorage.java:format(75)) - Storage directory /opt/src/hadoop-ozone/integration-test/target/test-dir/MiniOzoneClusterImpl-add696fe-84ac-4b45-a2ee-012b057e1087/datanode-9/data/ratis/8fe501ae-77ea-4bee-a546-d0cdc4e413f4 has been successfully formatted.
2019-06-13 20:52:53,343 INFO  ratis.ContainerStateMachine (ContainerStateMachine.java:loadSnapshot(199)) - The snapshot info is null.Setting the last applied index to:(t:0, i:~)
2019-06-13 20:52:53,344 INFO  server.RaftServerConfigKeys (ConfUtils.java:logGet(43)) - raft.server.leader.election.timeout = 120s (custom)
2019-06-13 20:52:53,344 INFO  server.RaftServerConfigKeys (ConfUtils.java:logGet(43)) - raft.server.log.use.memory = false (default)
2019-06-13 20:52:53,344 INFO  server.RaftServerConfigKeys (ConfUtils.java:logGet(43)) - raft.server.log.appender.buffer.byte-limit = 33554432 (custom)
2019-06-13 20:52:53,344 INFO  server.RaftServerConfigKeys (ConfUtils.java:logGet(43)) - raft.server.log.segment.size.max = 16384 (custom)
2019-06-13 20:52:53,344 INFO  server.RaftServerConfigKeys (ConfUtils.java:logGet(43)) - raft.server.log.segment.cache.num.max = 2 (custom)
2019-06-13 20:52:53,344 INFO  storage.RaftLogWorker (RaftLogWorker.java:<init>(123)) - new 22b2fce2-e0c4-4bfe-a1ac-a7ae08b7b321-RaftLogWorker for Storage Directory /opt/src/hadoop-ozone/integration-test/target/test-dir/MiniOzoneClusterImpl-add696fe-84ac-4b45-a2ee-012b057e1087/datanode-9/data/ratis/8fe501ae-77ea-4bee-a546-d0cdc4e413f4
2019-06-13 20:52:53,344 INFO  server.RaftServerConfigKeys (ConfUtils.java:logGet(43)) - raft.server.log.queue.byte-limit = 2147483647 (custom)
2019-06-13 20:52:53,344 INFO  server.RaftServerConfigKeys (ConfUtils.java:logGet(43)) - raft.server.log.queue.element-limit = 1024 (custom)
2019-06-13 20:52:53,344 INFO  server.RaftServerConfigKeys (ConfUtils.java:logGet(43)) - raft.server.log.segment.size.max = 16384 (custom)
2019-06-13 20:52:53,344 INFO  server.RaftServerConfigKeys (ConfUtils.java:logGet(43)) - raft.server.log.preallocated.size = 16384 (custom)
2019-06-13 20:52:53,345 INFO  server.RaftServerConfigKeys (ConfUtils.java:logGet(43)) - raft.server.log.write.buffer.size = 33554432 (custom)
2019-06-13 20:52:53,345 INFO  server.RaftServerConfigKeys (ConfUtils.java:logGet(43)) - raft.server.log.force.sync.num = 128 (default)
2019-06-13 20:52:53,345 INFO  server.RaftServerConfigKeys (ConfUtils.java:logGet(43)) - raft.server.log.statemachine.data.sync = true (default)
2019-06-13 20:52:53,345 INFO  server.RaftServerConfigKeys (ConfUtils.java:logGet(43)) - raft.server.log.statemachine.data.sync.timeout = 10s (default)
2019-06-13 20:52:53,345 INFO  server.RaftServerConfigKeys (ConfUtils.java:logGet(43)) - raft.server.log.statemachine.data.sync.timeout.retry = -1 (default)
2019-06-13 20:52:53,345 INFO  server.RaftServerConfigKeys (ConfUtils.java:logGet(43)) - raft.server.log.statemachine.data.caching.enabled = true (custom)
2019-06-13 20:52:53,345 INFO  server.RaftServerConfigKeys (ConfUtils.java:logGet(43)) - raft.server.snapshot.auto.trigger.enabled = true (custom)
2019-06-13 20:52:53,346 INFO  server.RaftServerConfigKeys (ConfUtils.java:logGet(43)) - raft.server.snapshot.auto.trigger.threshold = 10000 (custom)
2019-06-13 20:52:53,346 INFO  server.RaftServerConfigKeys (ConfUtils.java:logGet(43)) - raft.server.retrycache.expirytime = 600000ms (custom)
2019-06-13 20:52:53,346 INFO  impl.RaftServerImpl (RaftServerImpl.java:start(173)) - 22b2fce2-e0c4-4bfe-a1ac-a7ae08b7b321: start group-D0CDC4E413F4
2019-06-13 20:52:53,346 INFO  impl.RaftServerImpl (RaftServerImpl.java:setRole(164)) - 22b2fce2-e0c4-4bfe-a1ac-a7ae08b7b321:group-D0CDC4E413F4 changes role from null to FOLLOWER at term 0 for startAsFollower
2019-06-13 20:52:53,346 INFO  impl.RoleInfo (RoleInfo.java:updateAndGet(143)) - 22b2fce2-e0c4-4bfe-a1ac-a7ae08b7b321: start FollowerState
2019-06-13 20:52:53,346 INFO  util.JmxRegister (JmxRegister.java:tryRegister(44)) - Successfully registered JMX Bean with object name Ratis:service=RaftServer,group=group-D0CDC4E413F4,id=22b2fce2-e0c4-4bfe-a1ac-a7ae08b7b321
2019-06-13 20:52:53,352 INFO  pipeline.PipelineStateManager (PipelineStateManager.java:addPipeline(56)) - Created pipeline Pipeline[ Id: 8fe501ae-77ea-4bee-a546-d0cdc4e413f4, Nodes: 22b2fce2-e0c4-4bfe-a1ac-a7ae08b7b321{ip: 192.168.46.63, host: ozone-n9fvl-1305937406, networkLocation: /default-rack, certSerialId: null}, Type:RATIS, Factor:ONE, State:OPEN]
2019-06-13 20:52:53,366 INFO  impl.RaftServerProxy (RaftServerProxy.java:addNew(89)) - cd0c8ecd-7ef6-4060-bf45-94f9de670313: addNew group-291085E99653:[5ff02751-d237-480c-b1e9-4266071b5fb0:192.168.46.63:39927, cd0c8ecd-7ef6-4060-bf45-94f9de670313:192.168.46.63:35837, 22b2fce2-e0c4-4bfe-a1ac-a7ae08b7b321:192.168.46.63:32929] returns group-291085E99653:java.util.concurrent.CompletableFuture@206d03cc[Not completed]
2019-06-13 20:52:53,368 INFO  impl.RaftServerImpl (RaftServerImpl.java:<init>(91)) - cd0c8ecd-7ef6-4060-bf45-94f9de670313: new RaftServerImpl for group-291085E99653:[5ff02751-d237-480c-b1e9-4266071b5fb0:192.168.46.63:39927, cd0c8ecd-7ef6-4060-bf45-94f9de670313:192.168.46.63:35837, 22b2fce2-e0c4-4bfe-a1ac-a7ae08b7b321:192.168.46.63:32929] with ContainerStateMachine:uninitialized
2019-06-13 20:52:53,368 INFO  server.RaftServerConfigKeys (ConfUtils.java:logGet(43)) - raft.server.rpc.timeout.min = 1s (custom)
2019-06-13 20:52:53,368 INFO  server.RaftServerConfigKeys (ConfUtils.java:logGet(43)) - raft.server.rpc.timeout.max = 1200ms (custom)
2019-06-13 20:52:53,368 INFO  server.RaftServerConfigKeys (ConfUtils.java:logGet(43)) - raft.server.rpcslowness.timeout = 120s (custom)
2019-06-13 20:52:53,368 INFO  server.RaftServerConfigKeys (ConfUtils.java:logGet(43)) - raft.server.log.appender.install.snapshot.enabled = true (default)
2019-06-13 20:52:53,368 INFO  impl.RaftServerImpl (ServerState.java:<init>(101)) - cd0c8ecd-7ef6-4060-bf45-94f9de670313:group-291085E99653 ConfigurationManager, init=-1: [5ff02751-d237-480c-b1e9-4266071b5fb0:192.168.46.63:39927, cd0c8ecd-7ef6-4060-bf45-94f9de670313:192.168.46.63:35837, 22b2fce2-e0c4-4bfe-a1ac-a7ae08b7b321:192.168.46.63:32929], old=null, confs=<EMPTY_MAP>
2019-06-13 20:52:53,368 INFO  server.RaftServerConfigKeys (ConfUtils.java:logGet(43)) - raft.server.storage.dir = [/opt/src/hadoop-ozone/integration-test/target/test-dir/MiniOzoneClusterImpl-add696fe-84ac-4b45-a2ee-012b057e1087/datanode-8/data/ratis] (custom)
2019-06-13 20:52:53,368 INFO  storage.RaftStorageDirectory (RaftStorageDirectory.java:analyzeStorage(246)) - The storage directory /opt/src/hadoop-ozone/integration-test/target/test-dir/MiniOzoneClusterImpl-add696fe-84ac-4b45-a2ee-012b057e1087/datanode-8/data/ratis/332e0622-f1d9-4dec-9330-291085e99653 does not exist. Creating ...
2019-06-13 20:52:53,375 INFO  storage.RaftStorageDirectory (RaftStorageDirectory.java:tryLock(328)) - Lock on /opt/src/hadoop-ozone/integration-test/target/test-dir/MiniOzoneClusterImpl-add696fe-84ac-4b45-a2ee-012b057e1087/datanode-8/data/ratis/332e0622-f1d9-4dec-9330-291085e99653/in_use.lock acquired by nodename 16293@ozone-n9fvl-1305937406
2019-06-13 20:52:53,376 INFO  impl.RaftServerProxy (RaftServerProxy.java:addNew(89)) - 5ff02751-d237-480c-b1e9-4266071b5fb0: addNew group-291085E99653:[5ff02751-d237-480c-b1e9-4266071b5fb0:192.168.46.63:39927, cd0c8ecd-7ef6-4060-bf45-94f9de670313:192.168.46.63:35837, 22b2fce2-e0c4-4bfe-a1ac-a7ae08b7b321:192.168.46.63:32929] returns group-291085E99653:java.util.concurrent.CompletableFuture@65da11e8[Not completed]
2019-06-13 20:52:53,383 INFO  impl.FollowerState (FollowerState.java:run(101)) - e834f043-68c2-4690-911f-e774cd7c845d:group-006A69440002 changes to CANDIDATE, lastRpcTime:1014, electionTimeout:1013ms
2019-06-13 20:52:53,385 INFO  storage.RaftStorage (RaftStorage.java:format(75)) - Storage directory /opt/src/hadoop-ozone/integration-test/target/test-dir/MiniOzoneClusterImpl-add696fe-84ac-4b45-a2ee-012b057e1087/datanode-8/data/ratis/332e0622-f1d9-4dec-9330-291085e99653 has been successfully formatted.
2019-06-13 20:52:53,385 INFO  ratis.ContainerStateMachine (ContainerStateMachine.java:loadSnapshot(199)) - The snapshot info is null.Setting the last applied index to:(t:0, i:~)
2019-06-13 20:52:53,385 INFO  server.RaftServerConfigKeys (ConfUtils.java:logGet(43)) - raft.server.leader.election.timeout = 120s (custom)
2019-06-13 20:52:53,385 INFO  server.RaftServerConfigKeys (ConfUtils.java:logGet(43)) - raft.server.log.use.memory = false (default)
2019-06-13 20:52:53,385 INFO  server.RaftServerConfigKeys (ConfUtils.java:logGet(43)) - raft.server.log.appender.buffer.byte-limit = 33554432 (custom)
2019-06-13 20:52:53,386 INFO  server.RaftServerConfigKeys (ConfUtils.java:logGet(43)) - raft.server.log.segment.size.max = 16384 (custom)
2019-06-13 20:52:53,386 INFO  impl.RoleInfo (RoleInfo.java:shutdownFollowerState(121)) - e834f043-68c2-4690-911f-e774cd7c845d: shutdown FollowerState
2019-06-13 20:52:53,386 INFO  impl.RaftServerImpl (RaftServerImpl.java:setRole(164)) - e834f043-68c2-4690-911f-e774cd7c845d:group-006A69440002 changes role from FOLLOWER to CANDIDATE at term 0 for changeToCandidate
2019-06-13 20:52:53,386 INFO  server.RaftServerConfigKeys (ConfUtils.java:logGet(43)) - raft.server.log.segment.cache.num.max = 2 (custom)
2019-06-13 20:52:53,386 INFO  storage.RaftLogWorker (RaftLogWorker.java:<init>(123)) - new cd0c8ecd-7ef6-4060-bf45-94f9de670313-RaftLogWorker for Storage Directory /opt/src/hadoop-ozone/integration-test/target/test-dir/MiniOzoneClusterImpl-add696fe-84ac-4b45-a2ee-012b057e1087/datanode-8/data/ratis/332e0622-f1d9-4dec-9330-291085e99653
2019-06-13 20:52:53,386 INFO  server.RaftServerConfigKeys (ConfUtils.java:logGet(43)) - raft.server.log.queue.byte-limit = 2147483647 (custom)
2019-06-13 20:52:53,386 INFO  server.RaftServerConfigKeys (ConfUtils.java:logGet(43)) - raft.server.log.queue.element-limit = 1024 (custom)
2019-06-13 20:52:53,386 INFO  server.RaftServerConfigKeys (ConfUtils.java:logGet(43)) - raft.server.log.segment.size.max = 16384 (custom)
2019-06-13 20:52:53,386 INFO  server.RaftServerConfigKeys (ConfUtils.java:logGet(43)) - raft.server.log.preallocated.size = 16384 (custom)
2019-06-13 20:52:53,386 INFO  server.RaftServerConfigKeys (ConfUtils.java:logGet(43)) - raft.server.log.write.buffer.size = 33554432 (custom)
2019-06-13 20:52:53,387 INFO  server.RaftServerConfigKeys (ConfUtils.java:logGet(43)) - raft.server.log.force.sync.num = 128 (default)
2019-06-13 20:52:53,387 INFO  server.RaftServerConfigKeys (ConfUtils.java:logGet(43)) - raft.server.log.statemachine.data.sync = true (default)
2019-06-13 20:52:53,387 INFO  server.RaftServerConfigKeys (ConfUtils.java:logGet(43)) - raft.server.log.statemachine.data.sync.timeout = 10s (default)
2019-06-13 20:52:53,387 INFO  server.RaftServerConfigKeys (ConfUtils.java:logGet(43)) - raft.server.log.statemachine.data.sync.timeout.retry = -1 (default)
2019-06-13 20:52:53,387 INFO  server.RaftServerConfigKeys (ConfUtils.java:logGet(43)) - raft.server.log.statemachine.data.caching.enabled = true (custom)
2019-06-13 20:52:53,386 INFO  impl.RaftServerImpl (RaftServerImpl.java:<init>(91)) - 5ff02751-d237-480c-b1e9-4266071b5fb0: new RaftServerImpl for group-291085E99653:[5ff02751-d237-480c-b1e9-4266071b5fb0:192.168.46.63:39927, cd0c8ecd-7ef6-4060-bf45-94f9de670313:192.168.46.63:35837, 22b2fce2-e0c4-4bfe-a1ac-a7ae08b7b321:192.168.46.63:32929] with ContainerStateMachine:uninitialized
2019-06-13 20:52:53,387 INFO  impl.RaftServerImpl (RaftServerImpl.java:<init>(91)) - 22b2fce2-e0c4-4bfe-a1ac-a7ae08b7b321: new RaftServerImpl for group-291085E99653:[5ff02751-d237-480c-b1e9-4266071b5fb0:192.168.46.63:39927, cd0c8ecd-7ef6-4060-bf45-94f9de670313:192.168.46.63:35837, 22b2fce2-e0c4-4bfe-a1ac-a7ae08b7b321:192.168.46.63:32929] with ContainerStateMachine:uninitialized
2019-06-13 20:52:53,387 INFO  server.RaftServerConfigKeys (ConfUtils.java:logGet(43)) - raft.server.snapshot.auto.trigger.enabled = true (custom)
2019-06-13 20:52:53,386 INFO  impl.RaftServerProxy (RaftServerProxy.java:addNew(89)) - 22b2fce2-e0c4-4bfe-a1ac-a7ae08b7b321: addNew group-291085E99653:[5ff02751-d237-480c-b1e9-4266071b5fb0:192.168.46.63:39927, cd0c8ecd-7ef6-4060-bf45-94f9de670313:192.168.46.63:35837, 22b2fce2-e0c4-4bfe-a1ac-a7ae08b7b321:192.168.46.63:32929] returns group-291085E99653:java.util.concurrent.CompletableFuture@60cff8bf[Not completed]
2019-06-13 20:52:53,386 INFO  impl.RoleInfo (RoleInfo.java:updateAndGet(143)) - e834f043-68c2-4690-911f-e774cd7c845d: start LeaderElection
2019-06-13 20:52:53,388 INFO  server.RaftServerConfigKeys (ConfUtils.java:logGet(43)) - raft.server.snapshot.auto.trigger.threshold = 10000 (custom)
2019-06-13 20:52:53,388 INFO  server.RaftServerConfigKeys (ConfUtils.java:logGet(43)) - raft.server.retrycache.expirytime = 600000ms (custom)
2019-06-13 20:52:53,388 INFO  server.RaftServerConfigKeys (ConfUtils.java:logGet(43)) - raft.server.rpc.timeout.min = 1s (custom)
2019-06-13 20:52:53,388 INFO  impl.RaftServerImpl (RaftServerImpl.java:start(173)) - cd0c8ecd-7ef6-4060-bf45-94f9de670313: start group-291085E99653
2019-06-13 20:52:53,387 INFO  server.RaftServerConfigKeys (ConfUtils.java:logGet(43)) - raft.server.rpc.timeout.min = 1s (custom)
2019-06-13 20:52:53,391 INFO  server.RaftServerConfigKeys (ConfUtils.java:logGet(43)) - raft.server.rpc.timeout.max = 1200ms (custom)
2019-06-13 20:52:53,391 INFO  server.RaftServerConfigKeys (ConfUtils.java:logGet(43)) - raft.server.rpcslowness.timeout = 120s (custom)
2019-06-13 20:52:53,391 INFO  server.RaftServerConfigKeys (ConfUtils.java:logGet(43)) - raft.server.log.appender.install.snapshot.enabled = true (default)
2019-06-13 20:52:53,391 INFO  impl.RaftServerImpl (ServerState.java:<init>(101)) - 5ff02751-d237-480c-b1e9-4266071b5fb0:group-291085E99653 ConfigurationManager, init=-1: [5ff02751-d237-480c-b1e9-4266071b5fb0:192.168.46.63:39927, cd0c8ecd-7ef6-4060-bf45-94f9de670313:192.168.46.63:35837, 22b2fce2-e0c4-4bfe-a1ac-a7ae08b7b321:192.168.46.63:32929], old=null, confs=<EMPTY_MAP>
2019-06-13 20:52:53,391 INFO  server.RaftServerConfigKeys (ConfUtils.java:logGet(43)) - raft.server.storage.dir = [/opt/src/hadoop-ozone/integration-test/target/test-dir/MiniOzoneClusterImpl-add696fe-84ac-4b45-a2ee-012b057e1087/datanode-7/data/ratis] (custom)
2019-06-13 20:52:53,392 INFO  storage.RaftStorageDirectory (RaftStorageDirectory.java:analyzeStorage(246)) - The storage directory /opt/src/hadoop-ozone/integration-test/target/test-dir/MiniOzoneClusterImpl-add696fe-84ac-4b45-a2ee-012b057e1087/datanode-7/data/ratis/332e0622-f1d9-4dec-9330-291085e99653 does not exist. Creating ...
2019-06-13 20:52:53,388 INFO  impl.RaftServerImpl (RaftServerImpl.java:setRole(164)) - cd0c8ecd-7ef6-4060-bf45-94f9de670313:group-291085E99653 changes role from null to FOLLOWER at term 0 for startAsFollower
2019-06-13 20:52:53,388 INFO  server.RaftServerConfigKeys (ConfUtils.java:logGet(43)) - raft.server.rpc.timeout.max = 1200ms (custom)
2019-06-13 20:52:53,392 INFO  impl.RoleInfo (RoleInfo.java:updateAndGet(143)) - cd0c8ecd-7ef6-4060-bf45-94f9de670313: start FollowerState
2019-06-13 20:52:53,392 INFO  server.RaftServerConfigKeys (ConfUtils.java:logGet(43)) - raft.server.rpcslowness.timeout = 120s (custom)
2019-06-13 20:52:53,392 INFO  server.RaftServerConfigKeys (ConfUtils.java:logGet(43)) - raft.server.log.appender.install.snapshot.enabled = true (default)
2019-06-13 20:52:53,392 INFO  impl.RaftServerImpl (ServerState.java:<init>(101)) - 22b2fce2-e0c4-4bfe-a1ac-a7ae08b7b321:group-291085E99653 ConfigurationManager, init=-1: [5ff02751-d237-480c-b1e9-4266071b5fb0:192.168.46.63:39927, cd0c8ecd-7ef6-4060-bf45-94f9de670313:192.168.46.63:35837, 22b2fce2-e0c4-4bfe-a1ac-a7ae08b7b321:192.168.46.63:32929], old=null, confs=<EMPTY_MAP>
2019-06-13 20:52:53,392 INFO  util.JmxRegister (JmxRegister.java:tryRegister(44)) - Successfully registered JMX Bean with object name Ratis:service=RaftServer,group=group-291085E99653,id=cd0c8ecd-7ef6-4060-bf45-94f9de670313
2019-06-13 20:52:53,392 INFO  server.RaftServerConfigKeys (ConfUtils.java:logGet(43)) - raft.server.storage.dir = [/opt/src/hadoop-ozone/integration-test/target/test-dir/MiniOzoneClusterImpl-add696fe-84ac-4b45-a2ee-012b057e1087/datanode-9/data/ratis] (custom)
2019-06-13 20:52:53,393 INFO  storage.RaftStorageDirectory (RaftStorageDirectory.java:analyzeStorage(246)) - The storage directory /opt/src/hadoop-ozone/integration-test/target/test-dir/MiniOzoneClusterImpl-add696fe-84ac-4b45-a2ee-012b057e1087/datanode-9/data/ratis/332e0622-f1d9-4dec-9330-291085e99653 does not exist. Creating ...
2019-06-13 20:52:53,394 INFO  storage.RaftStorageDirectory (RaftStorageDirectory.java:tryLock(328)) - Lock on /opt/src/hadoop-ozone/integration-test/target/test-dir/MiniOzoneClusterImpl-add696fe-84ac-4b45-a2ee-012b057e1087/datanode-7/data/ratis/332e0622-f1d9-4dec-9330-291085e99653/in_use.lock acquired by nodename 16293@ozone-n9fvl-1305937406
2019-06-13 20:52:53,395 INFO  storage.RaftStorageDirectory (RaftStorageDirectory.java:tryLock(328)) - Lock on /opt/src/hadoop-ozone/integration-test/target/test-dir/MiniOzoneClusterImpl-add696fe-84ac-4b45-a2ee-012b057e1087/datanode-9/data/ratis/332e0622-f1d9-4dec-9330-291085e99653/in_use.lock acquired by nodename 16293@ozone-n9fvl-1305937406
2019-06-13 20:52:53,396 INFO  storage.RaftStorage (RaftStorage.java:format(75)) - Storage directory /opt/src/hadoop-ozone/integration-test/target/test-dir/MiniOzoneClusterImpl-add696fe-84ac-4b45-a2ee-012b057e1087/datanode-7/data/ratis/332e0622-f1d9-4dec-9330-291085e99653 has been successfully formatted.
2019-06-13 20:52:53,397 INFO  ratis.ContainerStateMachine (ContainerStateMachine.java:loadSnapshot(199)) - The snapshot info is null.Setting the last applied index to:(t:0, i:~)
2019-06-13 20:52:53,397 INFO  server.RaftServerConfigKeys (ConfUtils.java:logGet(43)) - raft.server.leader.election.timeout = 120s (custom)
2019-06-13 20:52:53,397 INFO  server.RaftServerConfigKeys (ConfUtils.java:logGet(43)) - raft.server.log.use.memory = false (default)
2019-06-13 20:52:53,397 INFO  server.RaftServerConfigKeys (ConfUtils.java:logGet(43)) - raft.server.log.appender.buffer.byte-limit = 33554432 (custom)
2019-06-13 20:52:53,397 INFO  server.RaftServerConfigKeys (ConfUtils.java:logGet(43)) - raft.server.log.segment.size.max = 16384 (custom)
2019-06-13 20:52:53,397 INFO  server.RaftServerConfigKeys (ConfUtils.java:logGet(43)) - raft.server.log.segment.cache.num.max = 2 (custom)
2019-06-13 20:52:53,397 INFO  storage.RaftLogWorker (RaftLogWorker.java:<init>(123)) - new 5ff02751-d237-480c-b1e9-4266071b5fb0-RaftLogWorker for Storage Directory /opt/src/hadoop-ozone/integration-test/target/test-dir/MiniOzoneClusterImpl-add696fe-84ac-4b45-a2ee-012b057e1087/datanode-7/data/ratis/332e0622-f1d9-4dec-9330-291085e99653
2019-06-13 20:52:53,397 INFO  server.RaftServerConfigKeys (ConfUtils.java:logGet(43)) - raft.server.log.queue.byte-limit = 2147483647 (custom)
2019-06-13 20:52:53,397 INFO  server.RaftServerConfigKeys (ConfUtils.java:logGet(43)) - raft.server.log.queue.element-limit = 1024 (custom)
2019-06-13 20:52:53,398 INFO  server.RaftServerConfigKeys (ConfUtils.java:logGet(43)) - raft.server.log.segment.size.max = 16384 (custom)
2019-06-13 20:52:53,398 INFO  server.RaftServerConfigKeys (ConfUtils.java:logGet(43)) - raft.server.log.preallocated.size = 16384 (custom)
2019-06-13 20:52:53,398 INFO  server.RaftServerConfigKeys (ConfUtils.java:logGet(43)) - raft.server.log.write.buffer.size = 33554432 (custom)
2019-06-13 20:52:53,398 INFO  server.RaftServerConfigKeys (ConfUtils.java:logGet(43)) - raft.server.log.force.sync.num = 128 (default)
2019-06-13 20:52:53,398 INFO  storage.RaftStorage (RaftStorage.java:format(75)) - Storage directory /opt/src/hadoop-ozone/integration-test/target/test-dir/MiniOzoneClusterImpl-add696fe-84ac-4b45-a2ee-012b057e1087/datanode-9/data/ratis/332e0622-f1d9-4dec-9330-291085e99653 has been successfully formatted.
2019-06-13 20:52:53,398 INFO  server.RaftServerConfigKeys (ConfUtils.java:logGet(43)) - raft.server.log.statemachine.data.sync = true (default)
2019-06-13 20:52:53,398 INFO  ratis.ContainerStateMachine (ContainerStateMachine.java:loadSnapshot(199)) - The snapshot info is null.Setting the last applied index to:(t:0, i:~)
2019-06-13 20:52:53,398 INFO  server.RaftServerConfigKeys (ConfUtils.java:logGet(43)) - raft.server.leader.election.timeout = 120s (custom)
2019-06-13 20:52:53,398 INFO  server.RaftServerConfigKeys (ConfUtils.java:logGet(43)) - raft.server.log.use.memory = false (default)
2019-06-13 20:52:53,398 INFO  server.RaftServerConfigKeys (ConfUtils.java:logGet(43)) - raft.server.log.appender.buffer.byte-limit = 33554432 (custom)
2019-06-13 20:52:53,398 INFO  server.RaftServerConfigKeys (ConfUtils.java:logGet(43)) - raft.server.log.segment.size.max = 16384 (custom)
2019-06-13 20:52:53,398 INFO  server.RaftServerConfigKeys (ConfUtils.java:logGet(43)) - raft.server.log.segment.cache.num.max = 2 (custom)
2019-06-13 20:52:53,398 INFO  storage.RaftLogWorker (RaftLogWorker.java:<init>(123)) - new 22b2fce2-e0c4-4bfe-a1ac-a7ae08b7b321-RaftLogWorker for Storage Directory /opt/src/hadoop-ozone/integration-test/target/test-dir/MiniOzoneClusterImpl-add696fe-84ac-4b45-a2ee-012b057e1087/datanode-9/data/ratis/332e0622-f1d9-4dec-9330-291085e99653
2019-06-13 20:52:53,399 INFO  server.RaftServerConfigKeys (ConfUtils.java:logGet(43)) - raft.server.log.queue.byte-limit = 2147483647 (custom)
2019-06-13 20:52:53,399 INFO  server.RaftServerConfigKeys (ConfUtils.java:logGet(43)) - raft.server.log.queue.element-limit = 1024 (custom)
2019-06-13 20:52:53,399 INFO  server.RaftServerConfigKeys (ConfUtils.java:logGet(43)) - raft.server.log.segment.size.max = 16384 (custom)
2019-06-13 20:52:53,399 INFO  server.RaftServerConfigKeys (ConfUtils.java:logGet(43)) - raft.server.log.preallocated.size = 16384 (custom)
2019-06-13 20:52:53,399 INFO  server.RaftServerConfigKeys (ConfUtils.java:logGet(43)) - raft.server.log.write.buffer.size = 33554432 (custom)
2019-06-13 20:52:53,399 INFO  server.RaftServerConfigKeys (ConfUtils.java:logGet(43)) - raft.server.log.force.sync.num = 128 (default)
2019-06-13 20:52:53,399 INFO  server.RaftServerConfigKeys (ConfUtils.java:logGet(43)) - raft.server.log.statemachine.data.sync = true (default)
2019-06-13 20:52:53,399 INFO  server.RaftServerConfigKeys (ConfUtils.java:logGet(43)) - raft.server.log.statemachine.data.sync.timeout = 10s (default)
2019-06-13 20:52:53,399 INFO  server.RaftServerConfigKeys (ConfUtils.java:logGet(43)) - raft.server.log.statemachine.data.sync.timeout.retry = -1 (default)
2019-06-13 20:52:53,399 INFO  server.RaftServerConfigKeys (ConfUtils.java:logGet(43)) - raft.server.log.statemachine.data.caching.enabled = true (custom)
2019-06-13 20:52:53,398 INFO  server.RaftServerConfigKeys (ConfUtils.java:logGet(43)) - raft.server.log.statemachine.data.sync.timeout = 10s (default)
2019-06-13 20:52:53,400 INFO  server.RaftServerConfigKeys (ConfUtils.java:logGet(43)) - raft.server.log.statemachine.data.sync.timeout.retry = -1 (default)
2019-06-13 20:52:53,400 INFO  server.RaftServerConfigKeys (ConfUtils.java:logGet(43)) - raft.server.snapshot.auto.trigger.enabled = true (custom)
2019-06-13 20:52:53,400 INFO  server.RaftServerConfigKeys (ConfUtils.java:logGet(43)) - raft.server.snapshot.auto.trigger.threshold = 10000 (custom)
2019-06-13 20:52:53,400 INFO  server.RaftServerConfigKeys (ConfUtils.java:logGet(43)) - raft.server.retrycache.expirytime = 600000ms (custom)
2019-06-13 20:52:53,400 INFO  impl.RaftServerImpl (RaftServerImpl.java:start(173)) - 22b2fce2-e0c4-4bfe-a1ac-a7ae08b7b321: start group-291085E99653
2019-06-13 20:52:53,400 INFO  impl.RaftServerImpl (RaftServerImpl.java:setRole(164)) - 22b2fce2-e0c4-4bfe-a1ac-a7ae08b7b321:group-291085E99653 changes role from null to FOLLOWER at term 0 for startAsFollower
2019-06-13 20:52:53,400 INFO  impl.RoleInfo (RoleInfo.java:updateAndGet(143)) - 22b2fce2-e0c4-4bfe-a1ac-a7ae08b7b321: start FollowerState
2019-06-13 20:52:53,401 INFO  util.JmxRegister (JmxRegister.java:tryRegister(44)) - Successfully registered JMX Bean with object name Ratis:service=RaftServer,group=group-291085E99653,id=22b2fce2-e0c4-4bfe-a1ac-a7ae08b7b321
2019-06-13 20:52:53,401 INFO  server.RaftServerConfigKeys (ConfUtils.java:logGet(43)) - raft.server.log.statemachine.data.caching.enabled = true (custom)
2019-06-13 20:52:53,404 INFO  server.RaftServerConfigKeys (ConfUtils.java:logGet(43)) - raft.server.snapshot.auto.trigger.enabled = true (custom)
2019-06-13 20:52:53,404 INFO  server.RaftServerConfigKeys (ConfUtils.java:logGet(43)) - raft.server.snapshot.auto.trigger.threshold = 10000 (custom)
2019-06-13 20:52:53,404 INFO  server.RaftServerConfigKeys (ConfUtils.java:logGet(43)) - raft.server.retrycache.expirytime = 600000ms (custom)
2019-06-13 20:52:53,404 INFO  impl.RaftServerImpl (RaftServerImpl.java:start(173)) - 5ff02751-d237-480c-b1e9-4266071b5fb0: start group-291085E99653
2019-06-13 20:52:53,404 INFO  impl.RaftServerImpl (RaftServerImpl.java:setRole(164)) - 5ff02751-d237-480c-b1e9-4266071b5fb0:group-291085E99653 changes role from null to FOLLOWER at term 0 for startAsFollower
2019-06-13 20:52:53,405 INFO  impl.RoleInfo (RoleInfo.java:updateAndGet(143)) - 5ff02751-d237-480c-b1e9-4266071b5fb0: start FollowerState
2019-06-13 20:52:53,405 INFO  util.JmxRegister (JmxRegister.java:tryRegister(44)) - Successfully registered JMX Bean with object name Ratis:service=RaftServer,group=group-291085E99653,id=5ff02751-d237-480c-b1e9-4266071b5fb0
2019-06-13 20:52:53,408 INFO  impl.LeaderElection (LeaderElection.java:askForVotes(181)) - e834f043-68c2-4690-911f-e774cd7c845d:group-006A69440002:LeaderElection2: begin an election at term 1 for -1: [e834f043-68c2-4690-911f-e774cd7c845d:192.168.46.63:43981], old=null
2019-06-13 20:52:53,415 INFO  impl.RoleInfo (RoleInfo.java:shutdownLeaderElection(134)) - e834f043-68c2-4690-911f-e774cd7c845d: shutdown LeaderElection
2019-06-13 20:52:53,415 INFO  impl.RaftServerImpl (RaftServerImpl.java:setRole(164)) - e834f043-68c2-4690-911f-e774cd7c845d:group-006A69440002 changes role from CANDIDATE to LEADER at term 1 for changeToLeader
2019-06-13 20:52:53,415 INFO  impl.RaftServerImpl (ServerState.java:setLeader(263)) - e834f043-68c2-4690-911f-e774cd7c845d:group-006A69440002 change Leader from null to e834f043-68c2-4690-911f-e774cd7c845d at term 1 for becomeLeader, leader elected after 1049ms
2019-06-13 20:52:53,418 INFO  server.RaftServerConfigKeys (ConfUtils.java:logGet(43)) - raft.server.staging.catchup.gap = 1000 (default)
2019-06-13 20:52:53,418 INFO  server.RaftServerConfigKeys (ConfUtils.java:logGet(43)) - raft.server.rpc.sleep.time = 25ms (default)
2019-06-13 20:52:53,418 INFO  server.RaftServerConfigKeys (ConfUtils.java:logGet(43)) - raft.server.watch.timeout = 10s (default)
2019-06-13 20:52:53,418 INFO  server.RaftServerConfigKeys (ConfUtils.java:logGet(43)) - raft.server.watch.timeout.denomination = 1s (default)
2019-06-13 20:52:53,418 INFO  impl.RoleInfo (RoleInfo.java:updateAndGet(143)) - e834f043-68c2-4690-911f-e774cd7c845d: start LeaderState
2019-06-13 20:52:53,419 INFO  storage.RaftLogWorker (RaftLogWorker.java:startLogSegment(298)) - e834f043-68c2-4690-911f-e774cd7c845d-RaftLogWorker: Starting segment from index:0
2019-06-13 20:52:53,419 INFO  impl.RaftServerImpl (ServerState.java:setRaftConf(361)) - e834f043-68c2-4690-911f-e774cd7c845d:group-006A69440002 set configuration 0: [e834f043-68c2-4690-911f-e774cd7c845d:192.168.46.63:43981], old=null at 0
2019-06-13 20:52:53,426 INFO  pipeline.PipelineStateManager (PipelineStateManager.java:addPipeline(56)) - Created pipeline Pipeline[ Id: 332e0622-f1d9-4dec-9330-291085e99653, Nodes: 5ff02751-d237-480c-b1e9-4266071b5fb0{ip: 192.168.46.63, host: ozone-n9fvl-1305937406, networkLocation: /default-rack, certSerialId: null}22b2fce2-e0c4-4bfe-a1ac-a7ae08b7b321{ip: 192.168.46.63, host: ozone-n9fvl-1305937406, networkLocation: /default-rack, certSerialId: null}cd0c8ecd-7ef6-4060-bf45-94f9de670313{ip: 192.168.46.63, host: ozone-n9fvl-1305937406, networkLocation: /default-rack, certSerialId: null}, Type:RATIS, Factor:THREE, State:OPEN]
2019-06-13 20:52:53,447 INFO  impl.FollowerState (FollowerState.java:run(101)) - bcfd8b62-ac69-42ca-b586-3bf2b9944505:group-357E694019C5 changes to CANDIDATE, lastRpcTime:1028, electionTimeout:1028ms
2019-06-13 20:52:53,447 INFO  impl.RoleInfo (RoleInfo.java:shutdownFollowerState(121)) - bcfd8b62-ac69-42ca-b586-3bf2b9944505: shutdown FollowerState
2019-06-13 20:52:53,447 INFO  impl.RaftServerImpl (RaftServerImpl.java:setRole(164)) - bcfd8b62-ac69-42ca-b586-3bf2b9944505:group-357E694019C5 changes role from FOLLOWER to CANDIDATE at term 0 for changeToCandidate
2019-06-13 20:52:53,447 INFO  impl.RoleInfo (RoleInfo.java:updateAndGet(143)) - bcfd8b62-ac69-42ca-b586-3bf2b9944505: start LeaderElection
2019-06-13 20:52:53,453 INFO  impl.LeaderElection (LeaderElection.java:askForVotes(181)) - bcfd8b62-ac69-42ca-b586-3bf2b9944505:group-357E694019C5:LeaderElection3: begin an election at term 1 for -1: [2a700f1f-da98-49ef-9a26-03cc6c63ade6:192.168.46.63:38093, a83b0601-c70d-4140-b27f-c227c6feeccd:192.168.46.63:38007, bcfd8b62-ac69-42ca-b586-3bf2b9944505:192.168.46.63:41689], old=null
2019-06-13 20:52:53,468 INFO  impl.FollowerState (FollowerState.java:run(101)) - bcfd8b62-ac69-42ca-b586-3bf2b9944505:group-59BB633C69A2 changes to CANDIDATE, lastRpcTime:1143, electionTimeout:1142ms
2019-06-13 20:52:53,468 INFO  impl.RoleInfo (RoleInfo.java:shutdownFollowerState(121)) - bcfd8b62-ac69-42ca-b586-3bf2b9944505: shutdown FollowerState
2019-06-13 20:52:53,468 INFO  impl.RaftServerImpl (RaftServerImpl.java:setRole(164)) - bcfd8b62-ac69-42ca-b586-3bf2b9944505:group-59BB633C69A2 changes role from FOLLOWER to CANDIDATE at term 0 for changeToCandidate
2019-06-13 20:52:53,469 INFO  impl.RoleInfo (RoleInfo.java:updateAndGet(143)) - bcfd8b62-ac69-42ca-b586-3bf2b9944505: start LeaderElection
2019-06-13 20:52:53,479 INFO  impl.FollowerState (FollowerState.java:run(101)) - 2a700f1f-da98-49ef-9a26-03cc6c63ade6:group-9B2A0165E1E5 changes to CANDIDATE, lastRpcTime:1198, electionTimeout:1197ms
2019-06-13 20:52:53,479 INFO  impl.RoleInfo (RoleInfo.java:shutdownFollowerState(121)) - 2a700f1f-da98-49ef-9a26-03cc6c63ade6: shutdown FollowerState
2019-06-13 20:52:53,479 INFO  impl.RaftServerImpl (RaftServerImpl.java:setRole(164)) - 2a700f1f-da98-49ef-9a26-03cc6c63ade6:group-9B2A0165E1E5 changes role from FOLLOWER to CANDIDATE at term 0 for changeToCandidate
2019-06-13 20:52:53,479 INFO  impl.RoleInfo (RoleInfo.java:updateAndGet(143)) - 2a700f1f-da98-49ef-9a26-03cc6c63ade6: start LeaderElection
2019-06-13 20:52:53,483 INFO  impl.LeaderElection (LeaderElection.java:askForVotes(181)) - bcfd8b62-ac69-42ca-b586-3bf2b9944505:group-59BB633C69A2:LeaderElection4: begin an election at term 1 for -1: [bcfd8b62-ac69-42ca-b586-3bf2b9944505:192.168.46.63:41689], old=null
2019-06-13 20:52:53,483 INFO  impl.RoleInfo (RoleInfo.java:shutdownLeaderElection(134)) - bcfd8b62-ac69-42ca-b586-3bf2b9944505: shutdown LeaderElection
2019-06-13 20:52:53,483 INFO  impl.RaftServerImpl (RaftServerImpl.java:setRole(164)) - bcfd8b62-ac69-42ca-b586-3bf2b9944505:group-59BB633C69A2 changes role from CANDIDATE to LEADER at term 1 for changeToLeader
2019-06-13 20:52:53,492 INFO  impl.RaftServerImpl (ServerState.java:setLeader(263)) - bcfd8b62-ac69-42ca-b586-3bf2b9944505:group-59BB633C69A2 change Leader from null to bcfd8b62-ac69-42ca-b586-3bf2b9944505 at term 1 for becomeLeader, leader elected after 1169ms
2019-06-13 20:52:53,489 INFO  impl.LeaderElection (LeaderElection.java:askForVotes(181)) - 2a700f1f-da98-49ef-9a26-03cc6c63ade6:group-9B2A0165E1E5:LeaderElection5: begin an election at term 1 for -1: [2a700f1f-da98-49ef-9a26-03cc6c63ade6:192.168.46.63:38093], old=null
2019-06-13 20:52:53,498 INFO  impl.RaftServerImpl (RaftServerImpl.java:setRole(164)) - 2a700f1f-da98-49ef-9a26-03cc6c63ade6:group-357E694019C5 changes role from FOLLOWER to FOLLOWER at term 1 for recognizeCandidate:bcfd8b62-ac69-42ca-b586-3bf2b9944505
2019-06-13 20:52:53,499 INFO  impl.RoleInfo (RoleInfo.java:shutdownFollowerState(121)) - 2a700f1f-da98-49ef-9a26-03cc6c63ade6: shutdown FollowerState
2019-06-13 20:52:53,499 INFO  impl.RoleInfo (RoleInfo.java:updateAndGet(143)) - 2a700f1f-da98-49ef-9a26-03cc6c63ade6: start FollowerState
2019-06-13 20:52:53,498 INFO  impl.RaftServerImpl (RaftServerImpl.java:setRole(164)) - a83b0601-c70d-4140-b27f-c227c6feeccd:group-357E694019C5 changes role from FOLLOWER to FOLLOWER at term 1 for recognizeCandidate:bcfd8b62-ac69-42ca-b586-3bf2b9944505
2019-06-13 20:52:53,499 INFO  impl.RoleInfo (RoleInfo.java:shutdownFollowerState(121)) - a83b0601-c70d-4140-b27f-c227c6feeccd: shutdown FollowerState
2019-06-13 20:52:53,498 INFO  server.RaftServerConfigKeys (ConfUtils.java:logGet(43)) - raft.server.staging.catchup.gap = 1000 (default)
2019-06-13 20:52:53,500 INFO  server.RaftServerConfigKeys (ConfUtils.java:logGet(43)) - raft.server.rpc.sleep.time = 25ms (default)
2019-06-13 20:52:53,499 INFO  impl.FollowerState (FollowerState.java:run(109)) - 2a700f1f-da98-49ef-9a26-03cc6c63ade6: FollowerState was interrupted: java.lang.InterruptedException: sleep interrupted
2019-06-13 20:52:53,499 INFO  impl.RoleInfo (RoleInfo.java:shutdownLeaderElection(134)) - 2a700f1f-da98-49ef-9a26-03cc6c63ade6: shutdown LeaderElection
2019-06-13 20:52:53,506 INFO  impl.RaftServerImpl (RaftServerImpl.java:setRole(164)) - 2a700f1f-da98-49ef-9a26-03cc6c63ade6:group-9B2A0165E1E5 changes role from CANDIDATE to LEADER at term 1 for changeToLeader
2019-06-13 20:52:53,506 INFO  impl.RaftServerImpl (ServerState.java:setLeader(263)) - 2a700f1f-da98-49ef-9a26-03cc6c63ade6:group-9B2A0165E1E5 change Leader from null to 2a700f1f-da98-49ef-9a26-03cc6c63ade6 at term 1 for becomeLeader, leader elected after 1229ms
2019-06-13 20:52:53,506 INFO  server.RaftServerConfigKeys (ConfUtils.java:logGet(43)) - raft.server.staging.catchup.gap = 1000 (default)
2019-06-13 20:52:53,506 INFO  server.RaftServerConfigKeys (ConfUtils.java:logGet(43)) - raft.server.rpc.sleep.time = 25ms (default)
2019-06-13 20:52:53,507 INFO  impl.FollowerState (FollowerState.java:run(109)) - a83b0601-c70d-4140-b27f-c227c6feeccd: FollowerState was interrupted: java.lang.InterruptedException: sleep interrupted
2019-06-13 20:52:53,507 INFO  impl.RoleInfo (RoleInfo.java:updateAndGet(143)) - a83b0601-c70d-4140-b27f-c227c6feeccd: start FollowerState
2019-06-13 20:52:53,511 INFO  server.RaftServerConfigKeys (ConfUtils.java:logGet(43)) - raft.server.watch.timeout = 10s (default)
2019-06-13 20:52:53,511 INFO  server.RaftServerConfigKeys (ConfUtils.java:logGet(43)) - raft.server.watch.timeout = 10s (default)
2019-06-13 20:52:53,512 INFO  server.RaftServerConfigKeys (ConfUtils.java:logGet(43)) - raft.server.watch.timeout.denomination = 1s (default)
2019-06-13 20:52:53,512 INFO  server.RaftServerConfigKeys (ConfUtils.java:logGet(43)) - raft.server.watch.timeout.denomination = 1s (default)
2019-06-13 20:52:53,512 INFO  impl.RoleInfo (RoleInfo.java:updateAndGet(143)) - 2a700f1f-da98-49ef-9a26-03cc6c63ade6: start LeaderState
2019-06-13 20:52:53,512 INFO  impl.RoleInfo (RoleInfo.java:updateAndGet(143)) - bcfd8b62-ac69-42ca-b586-3bf2b9944505: start LeaderState
2019-06-13 20:52:53,512 INFO  storage.RaftLogWorker (RaftLogWorker.java:startLogSegment(298)) - 2a700f1f-da98-49ef-9a26-03cc6c63ade6-RaftLogWorker: Starting segment from index:0
2019-06-13 20:52:53,512 INFO  storage.RaftLogWorker (RaftLogWorker.java:startLogSegment(298)) - bcfd8b62-ac69-42ca-b586-3bf2b9944505-RaftLogWorker: Starting segment from index:0
2019-06-13 20:52:53,512 INFO  impl.RaftServerImpl (ServerState.java:setRaftConf(361)) - 2a700f1f-da98-49ef-9a26-03cc6c63ade6:group-9B2A0165E1E5 set configuration 0: [2a700f1f-da98-49ef-9a26-03cc6c63ade6:192.168.46.63:38093], old=null at 0
2019-06-13 20:52:53,518 INFO  impl.LeaderElection (LeaderElection.java:logAndReturn(56)) - bcfd8b62-ac69-42ca-b586-3bf2b9944505:group-357E694019C5:LeaderElection3: Election PASSED; received 1 response(s) [bcfd8b62-ac69-42ca-b586-3bf2b9944505->2a700f1f-da98-49ef-9a26-03cc6c63ade6,true-t1] and 0 exception(s); bcfd8b62-ac69-42ca-b586-3bf2b9944505:t1, leader=null, voted=bcfd8b62-ac69-42ca-b586-3bf2b9944505, raftlog=bcfd8b62-ac69-42ca-b586-3bf2b9944505-SegmentedRaftLog:OPENED:c-1,f-1,i0, conf=-1: [2a700f1f-da98-49ef-9a26-03cc6c63ade6:192.168.46.63:38093, a83b0601-c70d-4140-b27f-c227c6feeccd:192.168.46.63:38007, bcfd8b62-ac69-42ca-b586-3bf2b9944505:192.168.46.63:41689], old=null
2019-06-13 20:52:53,519 INFO  impl.RaftServerImpl (ServerState.java:setRaftConf(361)) - bcfd8b62-ac69-42ca-b586-3bf2b9944505:group-59BB633C69A2 set configuration 0: [bcfd8b62-ac69-42ca-b586-3bf2b9944505:192.168.46.63:41689], old=null at 0
2019-06-13 20:52:53,521 INFO  impl.RoleInfo (RoleInfo.java:shutdownLeaderElection(134)) - bcfd8b62-ac69-42ca-b586-3bf2b9944505: shutdown LeaderElection
2019-06-13 20:52:53,522 INFO  impl.RaftServerImpl (RaftServerImpl.java:setRole(164)) - bcfd8b62-ac69-42ca-b586-3bf2b9944505:group-357E694019C5 changes role from CANDIDATE to LEADER at term 1 for changeToLeader
2019-06-13 20:52:53,522 INFO  impl.RaftServerImpl (ServerState.java:setLeader(263)) - bcfd8b62-ac69-42ca-b586-3bf2b9944505:group-357E694019C5 change Leader from null to bcfd8b62-ac69-42ca-b586-3bf2b9944505 at term 1 for becomeLeader, leader elected after 1106ms
2019-06-13 20:52:53,523 INFO  server.RaftServerConfigKeys (ConfUtils.java:logGet(43)) - raft.server.staging.catchup.gap = 1000 (default)
2019-06-13 20:52:53,524 INFO  server.RaftServerConfigKeys (ConfUtils.java:logGet(43)) - raft.server.rpc.sleep.time = 25ms (default)
2019-06-13 20:52:53,524 INFO  server.RaftServerConfigKeys (ConfUtils.java:logGet(43)) - raft.server.watch.timeout = 10s (default)
2019-06-13 20:52:53,524 INFO  server.RaftServerConfigKeys (ConfUtils.java:logGet(43)) - raft.server.watch.timeout.denomination = 1s (default)
2019-06-13 20:52:53,526 INFO  server.RaftServerConfigKeys (ConfUtils.java:logGet(43)) - raft.server.log.appender.snapshot.chunk.size.max = 16MB (=16777216) (default)
2019-06-13 20:52:53,526 INFO  server.RaftServerConfigKeys (ConfUtils.java:logGet(43)) - raft.server.log.appender.buffer.byte-limit = 33554432 (custom)
2019-06-13 20:52:53,526 INFO  server.RaftServerConfigKeys (ConfUtils.java:logGet(43)) - raft.server.log.appender.buffer.element-limit = 1 (custom)
2019-06-13 20:52:53,527 INFO  grpc.GrpcConfigKeys$Server (ConfUtils.java:logGet(43)) - raft.grpc.server.leader.outstanding.appends.max = 128 (default)
2019-06-13 20:52:53,527 INFO  server.RaftServerConfigKeys (ConfUtils.java:logGet(43)) - raft.server.rpc.request.timeout = 3000ms (default)
2019-06-13 20:52:53,527 INFO  server.RaftServerConfigKeys (ConfUtils.java:logGet(43)) - raft.server.log.appender.install.snapshot.enabled = true (default)
2019-06-13 20:52:53,527 INFO  server.RaftServerConfigKeys (ConfUtils.java:logGet(43)) - raft.server.log.appender.snapshot.chunk.size.max = 16MB (=16777216) (default)
2019-06-13 20:52:53,527 INFO  server.RaftServerConfigKeys (ConfUtils.java:logGet(43)) - raft.server.log.appender.buffer.byte-limit = 33554432 (custom)
2019-06-13 20:52:53,528 INFO  server.RaftServerConfigKeys (ConfUtils.java:logGet(43)) - raft.server.log.appender.buffer.element-limit = 1 (custom)
2019-06-13 20:52:53,528 INFO  grpc.GrpcConfigKeys$Server (ConfUtils.java:logGet(43)) - raft.grpc.server.leader.outstanding.appends.max = 128 (default)
2019-06-13 20:52:53,528 INFO  server.RaftServerConfigKeys (ConfUtils.java:logGet(43)) - raft.server.rpc.request.timeout = 3000ms (default)
2019-06-13 20:52:53,528 INFO  server.RaftServerConfigKeys (ConfUtils.java:logGet(43)) - raft.server.log.appender.install.snapshot.enabled = true (default)
2019-06-13 20:52:53,528 INFO  impl.RoleInfo (RoleInfo.java:updateAndGet(143)) - bcfd8b62-ac69-42ca-b586-3bf2b9944505: start LeaderState
2019-06-13 20:52:53,528 INFO  storage.RaftLogWorker (RaftLogWorker.java:startLogSegment(298)) - bcfd8b62-ac69-42ca-b586-3bf2b9944505-RaftLogWorker: Starting segment from index:0
2019-06-13 20:52:53,567 INFO  impl.RaftServerImpl (ServerState.java:setRaftConf(361)) - bcfd8b62-ac69-42ca-b586-3bf2b9944505:group-357E694019C5 set configuration 0: [2a700f1f-da98-49ef-9a26-03cc6c63ade6:192.168.46.63:38093, a83b0601-c70d-4140-b27f-c227c6feeccd:192.168.46.63:38007, bcfd8b62-ac69-42ca-b586-3bf2b9944505:192.168.46.63:41689], old=null at 0
2019-06-13 20:52:53,596 INFO  storage.RaftLogWorker (RaftLogWorker.java:execute(469)) - a83b0601-c70d-4140-b27f-c227c6feeccd-RaftLogWorker: created new log segment /opt/src/hadoop-ozone/integration-test/target/test-dir/MiniOzoneClusterImpl-add696fe-84ac-4b45-a2ee-012b057e1087/datanode-0/data/ratis/265bf344-a98e-4293-968f-83f4fc979fa7/current/log_inprogress_0
2019-06-13 20:52:53,605 INFO  storage.RaftLogWorker (RaftLogWorker.java:execute(469)) - e834f043-68c2-4690-911f-e774cd7c845d-RaftLogWorker: created new log segment /opt/src/hadoop-ozone/integration-test/target/test-dir/MiniOzoneClusterImpl-add696fe-84ac-4b45-a2ee-012b057e1087/datanode-2/data/ratis/2c4f0ed5-7557-407d-8158-006a69440002/current/log_inprogress_0
2019-06-13 20:52:53,606 INFO  impl.RaftServerImpl (ServerState.java:setLeader(263)) - a83b0601-c70d-4140-b27f-c227c6feeccd:group-357E694019C5 change Leader from null to bcfd8b62-ac69-42ca-b586-3bf2b9944505 at term 1 for appendEntries, leader elected after 1186ms
2019-06-13 20:52:53,613 INFO  storage.RaftLogWorker (RaftLogWorker.java:execute(469)) - bcfd8b62-ac69-42ca-b586-3bf2b9944505-RaftLogWorker: created new log segment /opt/src/hadoop-ozone/integration-test/target/test-dir/MiniOzoneClusterImpl-add696fe-84ac-4b45-a2ee-012b057e1087/datanode-4/data/ratis/3a8d006c-b57d-4e34-9821-357e694019c5/current/log_inprogress_0
2019-06-13 20:52:53,613 INFO  storage.RaftLogWorker (RaftLogWorker.java:execute(469)) - bcfd8b62-ac69-42ca-b586-3bf2b9944505-RaftLogWorker: created new log segment /opt/src/hadoop-ozone/integration-test/target/test-dir/MiniOzoneClusterImpl-add696fe-84ac-4b45-a2ee-012b057e1087/datanode-4/data/ratis/91116111-b5ce-48d0-a37e-59bb633c69a2/current/log_inprogress_0
2019-06-13 20:52:53,615 INFO  impl.RaftServerImpl (ServerState.java:setLeader(263)) - 2a700f1f-da98-49ef-9a26-03cc6c63ade6:group-357E694019C5 change Leader from null to bcfd8b62-ac69-42ca-b586-3bf2b9944505 at term 1 for appendEntries, leader elected after 1191ms
2019-06-13 20:52:53,615 INFO  storage.RaftLogWorker (RaftLogWorker.java:execute(469)) - 2a700f1f-da98-49ef-9a26-03cc6c63ade6-RaftLogWorker: created new log segment /opt/src/hadoop-ozone/integration-test/target/test-dir/MiniOzoneClusterImpl-add696fe-84ac-4b45-a2ee-012b057e1087/datanode-3/data/ratis/3adb63b8-c0a4-4b65-bf8c-9b2a0165e1e5/current/log_inprogress_0
2019-06-13 20:52:53,645 INFO  impl.RaftServerImpl (ServerState.java:setRaftConf(361)) - 2a700f1f-da98-49ef-9a26-03cc6c63ade6:group-357E694019C5 set configuration 0: [2a700f1f-da98-49ef-9a26-03cc6c63ade6:192.168.46.63:38093, a83b0601-c70d-4140-b27f-c227c6feeccd:192.168.46.63:38007, bcfd8b62-ac69-42ca-b586-3bf2b9944505:192.168.46.63:41689], old=null at 0
2019-06-13 20:52:53,645 INFO  storage.RaftLogWorker (RaftLogWorker.java:startLogSegment(298)) - 2a700f1f-da98-49ef-9a26-03cc6c63ade6-RaftLogWorker: Starting segment from index:0
2019-06-13 20:52:53,645 INFO  impl.RaftServerImpl (ServerState.java:setRaftConf(361)) - a83b0601-c70d-4140-b27f-c227c6feeccd:group-357E694019C5 set configuration 0: [2a700f1f-da98-49ef-9a26-03cc6c63ade6:192.168.46.63:38093, a83b0601-c70d-4140-b27f-c227c6feeccd:192.168.46.63:38007, bcfd8b62-ac69-42ca-b586-3bf2b9944505:192.168.46.63:41689], old=null at 0
2019-06-13 20:52:53,645 INFO  storage.RaftLogWorker (RaftLogWorker.java:startLogSegment(298)) - a83b0601-c70d-4140-b27f-c227c6feeccd-RaftLogWorker: Starting segment from index:0
2019-06-13 20:52:53,674 INFO  impl.FollowerState (FollowerState.java:run(101)) - a55bb28c-9a91-49a0-99cd-6faaa1ad267a:group-EEA9FF9406CC changes to CANDIDATE, lastRpcTime:1156, electionTimeout:1156ms
2019-06-13 20:52:53,674 INFO  impl.RoleInfo (RoleInfo.java:shutdownFollowerState(121)) - a55bb28c-9a91-49a0-99cd-6faaa1ad267a: shutdown FollowerState
2019-06-13 20:52:53,674 INFO  impl.RaftServerImpl (RaftServerImpl.java:setRole(164)) - a55bb28c-9a91-49a0-99cd-6faaa1ad267a:group-EEA9FF9406CC changes role from FOLLOWER to CANDIDATE at term 0 for changeToCandidate
2019-06-13 20:52:53,674 INFO  impl.RoleInfo (RoleInfo.java:updateAndGet(143)) - a55bb28c-9a91-49a0-99cd-6faaa1ad267a: start LeaderElection
2019-06-13 20:52:53,693 INFO  storage.RaftLogWorker (RaftLogWorker.java:execute(469)) - a83b0601-c70d-4140-b27f-c227c6feeccd-RaftLogWorker: created new log segment /opt/src/hadoop-ozone/integration-test/target/test-dir/MiniOzoneClusterImpl-add696fe-84ac-4b45-a2ee-012b057e1087/datanode-0/data/ratis/3a8d006c-b57d-4e34-9821-357e694019c5/current/log_inprogress_0
2019-06-13 20:52:53,695 INFO  storage.RaftLogWorker (RaftLogWorker.java:execute(469)) - 2a700f1f-da98-49ef-9a26-03cc6c63ade6-RaftLogWorker: created new log segment /opt/src/hadoop-ozone/integration-test/target/test-dir/MiniOzoneClusterImpl-add696fe-84ac-4b45-a2ee-012b057e1087/datanode-3/data/ratis/3a8d006c-b57d-4e34-9821-357e694019c5/current/log_inprogress_0
2019-06-13 20:52:53,696 INFO  impl.LeaderElection (LeaderElection.java:askForVotes(181)) - a55bb28c-9a91-49a0-99cd-6faaa1ad267a:group-EEA9FF9406CC:LeaderElection6: begin an election at term 1 for -1: [a55bb28c-9a91-49a0-99cd-6faaa1ad267a:192.168.46.63:36859], old=null
2019-06-13 20:52:53,697 INFO  impl.RoleInfo (RoleInfo.java:shutdownLeaderElection(134)) - a55bb28c-9a91-49a0-99cd-6faaa1ad267a: shutdown LeaderElection
2019-06-13 20:52:53,697 INFO  impl.RaftServerImpl (RaftServerImpl.java:setRole(164)) - a55bb28c-9a91-49a0-99cd-6faaa1ad267a:group-EEA9FF9406CC changes role from CANDIDATE to LEADER at term 1 for changeToLeader
2019-06-13 20:52:53,697 INFO  impl.RaftServerImpl (ServerState.java:setLeader(263)) - a55bb28c-9a91-49a0-99cd-6faaa1ad267a:group-EEA9FF9406CC change Leader from null to a55bb28c-9a91-49a0-99cd-6faaa1ad267a at term 1 for becomeLeader, leader elected after 1181ms
2019-06-13 20:52:53,697 INFO  server.RaftServerConfigKeys (ConfUtils.java:logGet(43)) - raft.server.staging.catchup.gap = 1000 (default)
2019-06-13 20:52:53,697 INFO  server.RaftServerConfigKeys (ConfUtils.java:logGet(43)) - raft.server.rpc.sleep.time = 25ms (default)
2019-06-13 20:52:53,697 INFO  server.RaftServerConfigKeys (ConfUtils.java:logGet(43)) - raft.server.watch.timeout = 10s (default)
2019-06-13 20:52:53,698 INFO  server.RaftServerConfigKeys (ConfUtils.java:logGet(43)) - raft.server.watch.timeout.denomination = 1s (default)
2019-06-13 20:52:53,698 INFO  ozoneimpl.OzoneContainer (OzoneContainer.java:start(186)) - Attempting to start container services.
2019-06-13 20:52:53,698 INFO  ozoneimpl.OzoneContainer (OzoneContainer.java:startContainerScrub(160)) - Background container scrubber has been disabled by hdds.containerscrub.enabled
2019-06-13 20:52:53,698 INFO  impl.RoleInfo (RoleInfo.java:updateAndGet(143)) - a55bb28c-9a91-49a0-99cd-6faaa1ad267a: start LeaderState
2019-06-13 20:52:53,698 INFO  storage.RaftLogWorker (RaftLogWorker.java:startLogSegment(298)) - a55bb28c-9a91-49a0-99cd-6faaa1ad267a-RaftLogWorker: Starting segment from index:0
2019-06-13 20:52:53,699 INFO  impl.RaftServerImpl (ServerState.java:setRaftConf(361)) - a55bb28c-9a91-49a0-99cd-6faaa1ad267a:group-EEA9FF9406CC set configuration 0: [a55bb28c-9a91-49a0-99cd-6faaa1ad267a:192.168.46.63:36859], old=null at 0
2019-06-13 20:52:53,736 INFO  storage.RaftLogWorker (RaftLogWorker.java:execute(469)) - a55bb28c-9a91-49a0-99cd-6faaa1ad267a-RaftLogWorker: created new log segment /opt/src/hadoop-ozone/integration-test/target/test-dir/MiniOzoneClusterImpl-add696fe-84ac-4b45-a2ee-012b057e1087/datanode-5/data/ratis/aba061ed-41a2-4775-8d87-eea9ff9406cc/current/log_inprogress_0
2019-06-13 20:52:53,791 INFO  impl.FollowerState (FollowerState.java:run(101)) - 7e110c32-16c6-4157-bc33-575ee617fed4:group-EC215E1E3AB3 changes to CANDIDATE, lastRpcTime:1056, electionTimeout:1055ms
2019-06-13 20:52:53,791 INFO  impl.RoleInfo (RoleInfo.java:shutdownFollowerState(121)) - 7e110c32-16c6-4157-bc33-575ee617fed4: shutdown FollowerState
2019-06-13 20:52:53,791 INFO  impl.RaftServerImpl (RaftServerImpl.java:setRole(164)) - 7e110c32-16c6-4157-bc33-575ee617fed4:group-EC215E1E3AB3 changes role from FOLLOWER to CANDIDATE at term 0 for changeToCandidate
2019-06-13 20:52:53,791 INFO  impl.RoleInfo (RoleInfo.java:updateAndGet(143)) - 7e110c32-16c6-4157-bc33-575ee617fed4: start LeaderElection
2019-06-13 20:52:53,797 INFO  impl.LeaderElection (LeaderElection.java:askForVotes(181)) - 7e110c32-16c6-4157-bc33-575ee617fed4:group-EC215E1E3AB3:LeaderElection7: begin an election at term 1 for -1: [a55bb28c-9a91-49a0-99cd-6faaa1ad267a:192.168.46.63:36859, 7e110c32-16c6-4157-bc33-575ee617fed4:192.168.46.63:44945, e834f043-68c2-4690-911f-e774cd7c845d:192.168.46.63:43981], old=null
2019-06-13 20:52:53,802 INFO  impl.FollowerState (FollowerState.java:run(101)) - e834f043-68c2-4690-911f-e774cd7c845d:group-EC215E1E3AB3 changes to CANDIDATE, lastRpcTime:1068, electionTimeout:1068ms
2019-06-13 20:52:53,802 INFO  impl.RoleInfo (RoleInfo.java:shutdownFollowerState(121)) - e834f043-68c2-4690-911f-e774cd7c845d: shutdown FollowerState
2019-06-13 20:52:53,802 INFO  impl.RaftServerImpl (RaftServerImpl.java:setRole(164)) - e834f043-68c2-4690-911f-e774cd7c845d:group-EC215E1E3AB3 changes role from FOLLOWER to CANDIDATE at term 0 for changeToCandidate
2019-06-13 20:52:53,802 INFO  impl.RoleInfo (RoleInfo.java:updateAndGet(143)) - e834f043-68c2-4690-911f-e774cd7c845d: start LeaderElection
2019-06-13 20:52:53,806 INFO  impl.FollowerState (FollowerState.java:run(101)) - 7e110c32-16c6-4157-bc33-575ee617fed4:group-D1856886D9E8 changes to CANDIDATE, lastRpcTime:1118, electionTimeout:1118ms
2019-06-13 20:52:53,806 INFO  impl.RoleInfo (RoleInfo.java:shutdownFollowerState(121)) - 7e110c32-16c6-4157-bc33-575ee617fed4: shutdown FollowerState
2019-06-13 20:52:53,806 INFO  impl.RaftServerImpl (RaftServerImpl.java:setRole(164)) - 7e110c32-16c6-4157-bc33-575ee617fed4:group-D1856886D9E8 changes role from FOLLOWER to CANDIDATE at term 0 for changeToCandidate
2019-06-13 20:52:53,807 INFO  impl.RoleInfo (RoleInfo.java:updateAndGet(143)) - 7e110c32-16c6-4157-bc33-575ee617fed4: start LeaderElection
2019-06-13 20:52:53,813 INFO  impl.LeaderElection (LeaderElection.java:askForVotes(181)) - e834f043-68c2-4690-911f-e774cd7c845d:group-EC215E1E3AB3:LeaderElection8: begin an election at term 1 for -1: [a55bb28c-9a91-49a0-99cd-6faaa1ad267a:192.168.46.63:36859, 7e110c32-16c6-4157-bc33-575ee617fed4:192.168.46.63:44945, e834f043-68c2-4690-911f-e774cd7c845d:192.168.46.63:43981], old=null
2019-06-13 20:52:53,813 INFO  impl.LeaderElection (LeaderElection.java:askForVotes(181)) - 7e110c32-16c6-4157-bc33-575ee617fed4:group-D1856886D9E8:LeaderElection9: begin an election at term 1 for -1: [7e110c32-16c6-4157-bc33-575ee617fed4:192.168.46.63:44945], old=null
2019-06-13 20:52:53,819 INFO  impl.RaftServerImpl (RaftServerImpl.java:setRole(164)) - a55bb28c-9a91-49a0-99cd-6faaa1ad267a:group-EC215E1E3AB3 changes role from FOLLOWER to FOLLOWER at term 1 for recognizeCandidate:7e110c32-16c6-4157-bc33-575ee617fed4
2019-06-13 20:52:53,821 INFO  impl.RoleInfo (RoleInfo.java:shutdownLeaderElection(134)) - 7e110c32-16c6-4157-bc33-575ee617fed4: shutdown LeaderElection
2019-06-13 20:52:53,822 INFO  impl.RoleInfo (RoleInfo.java:shutdownFollowerState(121)) - a55bb28c-9a91-49a0-99cd-6faaa1ad267a: shutdown FollowerState
2019-06-13 20:52:53,822 INFO  impl.RaftServerImpl (RaftServerImpl.java:setRole(164)) - 7e110c32-16c6-4157-bc33-575ee617fed4:group-D1856886D9E8 changes role from CANDIDATE to LEADER at term 1 for changeToLeader
2019-06-13 20:52:53,822 INFO  impl.RaftServerImpl (ServerState.java:setLeader(263)) - 7e110c32-16c6-4157-bc33-575ee617fed4:group-D1856886D9E8 change Leader from null to 7e110c32-16c6-4157-bc33-575ee617fed4 at term 1 for becomeLeader, leader elected after 1136ms
2019-06-13 20:52:53,822 INFO  server.RaftServerConfigKeys (ConfUtils.java:logGet(43)) - raft.server.staging.catchup.gap = 1000 (default)
2019-06-13 20:52:53,822 INFO  server.RaftServerConfigKeys (ConfUtils.java:logGet(43)) - raft.server.rpc.sleep.time = 25ms (default)
2019-06-13 20:52:53,823 INFO  server.RaftServerConfigKeys (ConfUtils.java:logGet(43)) - raft.server.watch.timeout = 10s (default)
2019-06-13 20:52:53,823 INFO  impl.FollowerState (FollowerState.java:run(109)) - a55bb28c-9a91-49a0-99cd-6faaa1ad267a: FollowerState was interrupted: java.lang.InterruptedException: sleep interrupted
2019-06-13 20:52:53,823 INFO  impl.RoleInfo (RoleInfo.java:updateAndGet(143)) - a55bb28c-9a91-49a0-99cd-6faaa1ad267a: start FollowerState
2019-06-13 20:52:53,823 INFO  server.RaftServerConfigKeys (ConfUtils.java:logGet(43)) - raft.server.watch.timeout.denomination = 1s (default)
2019-06-13 20:52:53,826 INFO  impl.RoleInfo (RoleInfo.java:updateAndGet(143)) - 7e110c32-16c6-4157-bc33-575ee617fed4: start LeaderState
2019-06-13 20:52:53,827 INFO  storage.RaftLogWorker (RaftLogWorker.java:startLogSegment(298)) - 7e110c32-16c6-4157-bc33-575ee617fed4-RaftLogWorker: Starting segment from index:0
2019-06-13 20:52:53,828 INFO  impl.RaftServerImpl (ServerState.java:setRaftConf(361)) - 7e110c32-16c6-4157-bc33-575ee617fed4:group-D1856886D9E8 set configuration 0: [7e110c32-16c6-4157-bc33-575ee617fed4:192.168.46.63:44945], old=null at 0
2019-06-13 20:52:53,848 INFO  impl.LeaderElection (LeaderElection.java:logAndReturn(56)) - 7e110c32-16c6-4157-bc33-575ee617fed4:group-EC215E1E3AB3:LeaderElection7: Election PASSED; received 2 response(s) [7e110c32-16c6-4157-bc33-575ee617fed4->a55bb28c-9a91-49a0-99cd-6faaa1ad267a,true-t1, 7e110c32-16c6-4157-bc33-575ee617fed4->e834f043-68c2-4690-911f-e774cd7c845d,false-t1] and 0 exception(s); 7e110c32-16c6-4157-bc33-575ee617fed4:t1, leader=null, voted=7e110c32-16c6-4157-bc33-575ee617fed4, raftlog=7e110c32-16c6-4157-bc33-575ee617fed4-SegmentedRaftLog:OPENED:c-1,f-1,i0, conf=-1: [a55bb28c-9a91-49a0-99cd-6faaa1ad267a:192.168.46.63:36859, 7e110c32-16c6-4157-bc33-575ee617fed4:192.168.46.63:44945, e834f043-68c2-4690-911f-e774cd7c845d:192.168.46.63:43981], old=null
2019-06-13 20:52:53,848 INFO  impl.RoleInfo (RoleInfo.java:shutdownLeaderElection(134)) - 7e110c32-16c6-4157-bc33-575ee617fed4: shutdown LeaderElection
2019-06-13 20:52:53,848 INFO  impl.RaftServerImpl (RaftServerImpl.java:setRole(164)) - 7e110c32-16c6-4157-bc33-575ee617fed4:group-EC215E1E3AB3 changes role from CANDIDATE to LEADER at term 1 for changeToLeader
2019-06-13 20:52:53,848 INFO  impl.RaftServerImpl (ServerState.java:setLeader(263)) - 7e110c32-16c6-4157-bc33-575ee617fed4:group-EC215E1E3AB3 change Leader from null to 7e110c32-16c6-4157-bc33-575ee617fed4 at term 1 for becomeLeader, leader elected after 1125ms
2019-06-13 20:52:53,866 INFO  server.RaftServerConfigKeys (ConfUtils.java:logGet(43)) - raft.server.staging.catchup.gap = 1000 (default)
2019-06-13 20:52:53,866 INFO  server.RaftServerConfigKeys (ConfUtils.java:logGet(43)) - raft.server.rpc.sleep.time = 25ms (default)
2019-06-13 20:52:53,867 INFO  server.RaftServerConfigKeys (ConfUtils.java:logGet(43)) - raft.server.watch.timeout = 10s (default)
2019-06-13 20:52:53,867 INFO  server.RaftServerConfigKeys (ConfUtils.java:logGet(43)) - raft.server.watch.timeout.denomination = 1s (default)
2019-06-13 20:52:53,867 INFO  server.RaftServerConfigKeys (ConfUtils.java:logGet(43)) - raft.server.log.appender.snapshot.chunk.size.max = 16MB (=16777216) (default)
2019-06-13 20:52:53,867 INFO  server.RaftServerConfigKeys (ConfUtils.java:logGet(43)) - raft.server.log.appender.buffer.byte-limit = 33554432 (custom)
2019-06-13 20:52:53,867 INFO  server.RaftServerConfigKeys (ConfUtils.java:logGet(43)) - raft.server.log.appender.buffer.element-limit = 1 (custom)
2019-06-13 20:52:53,867 INFO  grpc.GrpcConfigKeys$Server (ConfUtils.java:logGet(43)) - raft.grpc.server.leader.outstanding.appends.max = 128 (default)
2019-06-13 20:52:53,868 INFO  server.RaftServerConfigKeys (ConfUtils.java:logGet(43)) - raft.server.rpc.request.timeout = 3000ms (default)
2019-06-13 20:52:53,868 INFO  server.RaftServerConfigKeys (ConfUtils.java:logGet(43)) - raft.server.log.appender.install.snapshot.enabled = true (default)
2019-06-13 20:52:53,868 INFO  server.RaftServerConfigKeys (ConfUtils.java:logGet(43)) - raft.server.log.appender.snapshot.chunk.size.max = 16MB (=16777216) (default)
2019-06-13 20:52:53,868 INFO  server.RaftServerConfigKeys (ConfUtils.java:logGet(43)) - raft.server.log.appender.buffer.byte-limit = 33554432 (custom)
2019-06-13 20:52:53,868 INFO  server.RaftServerConfigKeys (ConfUtils.java:logGet(43)) - raft.server.log.appender.buffer.element-limit = 1 (custom)
2019-06-13 20:52:53,868 INFO  grpc.GrpcConfigKeys$Server (ConfUtils.java:logGet(43)) - raft.grpc.server.leader.outstanding.appends.max = 128 (default)
2019-06-13 20:52:53,868 INFO  server.RaftServerConfigKeys (ConfUtils.java:logGet(43)) - raft.server.rpc.request.timeout = 3000ms (default)
2019-06-13 20:52:53,868 INFO  server.RaftServerConfigKeys (ConfUtils.java:logGet(43)) - raft.server.log.appender.install.snapshot.enabled = true (default)
2019-06-13 20:52:53,868 INFO  impl.RoleInfo (RoleInfo.java:updateAndGet(143)) - 7e110c32-16c6-4157-bc33-575ee617fed4: start LeaderState
2019-06-13 20:52:53,869 INFO  storage.RaftLogWorker (RaftLogWorker.java:startLogSegment(298)) - 7e110c32-16c6-4157-bc33-575ee617fed4-RaftLogWorker: Starting segment from index:0
2019-06-13 20:52:53,869 INFO  storage.RaftLogWorker (RaftLogWorker.java:execute(469)) - 7e110c32-16c6-4157-bc33-575ee617fed4-RaftLogWorker: created new log segment /opt/src/hadoop-ozone/integration-test/target/test-dir/MiniOzoneClusterImpl-add696fe-84ac-4b45-a2ee-012b057e1087/datanode-6/data/ratis/27190176-422a-4770-b570-d1856886d9e8/current/log_inprogress_0
2019-06-13 20:52:53,912 INFO  impl.RaftServerImpl (ServerState.java:setRaftConf(361)) - 7e110c32-16c6-4157-bc33-575ee617fed4:group-EC215E1E3AB3 set configuration 0: [a55bb28c-9a91-49a0-99cd-6faaa1ad267a:192.168.46.63:36859, 7e110c32-16c6-4157-bc33-575ee617fed4:192.168.46.63:44945, e834f043-68c2-4690-911f-e774cd7c845d:192.168.46.63:43981], old=null at 0
2019-06-13 20:52:53,912 INFO  impl.RaftServerImpl (RaftServerImpl.java:requestVote(738)) - 7e110c32-16c6-4157-bc33-575ee617fed4-LEADER: Withhold vote from candidate e834f043-68c2-4690-911f-e774cd7c845d with term 1. State: leader=7e110c32-16c6-4157-bc33-575ee617fed4, term=1, lastRpcElapsed=null
2019-06-13 20:52:53,915 INFO  impl.RaftServerImpl (RaftServerImpl.java:setRole(164)) - e834f043-68c2-4690-911f-e774cd7c845d:group-EC215E1E3AB3 changes role from CANDIDATE to FOLLOWER at term 1 for appendEntries
2019-06-13 20:52:53,915 INFO  impl.RoleInfo (RoleInfo.java:shutdownLeaderElection(134)) - e834f043-68c2-4690-911f-e774cd7c845d: shutdown LeaderElection
2019-06-13 20:52:53,917 INFO  impl.RoleInfo (RoleInfo.java:updateAndGet(143)) - e834f043-68c2-4690-911f-e774cd7c845d: start FollowerState
2019-06-13 20:52:53,920 INFO  storage.RaftLogWorker (RaftLogWorker.java:execute(469)) - 7e110c32-16c6-4157-bc33-575ee617fed4-RaftLogWorker: created new log segment /opt/src/hadoop-ozone/integration-test/target/test-dir/MiniOzoneClusterImpl-add696fe-84ac-4b45-a2ee-012b057e1087/datanode-6/data/ratis/38105805-e553-4b94-b130-ec215e1e3ab3/current/log_inprogress_0
2019-06-13 20:52:53,921 INFO  impl.LeaderElection (LeaderElection.java:logAndReturn(56)) - e834f043-68c2-4690-911f-e774cd7c845d:group-EC215E1E3AB3:LeaderElection8: Election REJECTED; received 2 response(s) [e834f043-68c2-4690-911f-e774cd7c845d->a55bb28c-9a91-49a0-99cd-6faaa1ad267a,false-t1, e834f043-68c2-4690-911f-e774cd7c845d->7e110c32-16c6-4157-bc33-575ee617fed4,false-t1] and 0 exception(s); e834f043-68c2-4690-911f-e774cd7c845d:t1, leader=null, voted=e834f043-68c2-4690-911f-e774cd7c845d, raftlog=e834f043-68c2-4690-911f-e774cd7c845d-SegmentedRaftLog:OPENED:c-1,f-1,i0, conf=-1: [a55bb28c-9a91-49a0-99cd-6faaa1ad267a:192.168.46.63:36859, 7e110c32-16c6-4157-bc33-575ee617fed4:192.168.46.63:44945, e834f043-68c2-4690-911f-e774cd7c845d:192.168.46.63:43981], old=null
2019-06-13 20:52:53,924 INFO  impl.RaftServerImpl (ServerState.java:setLeader(263)) - a55bb28c-9a91-49a0-99cd-6faaa1ad267a:group-EC215E1E3AB3 change Leader from null to 7e110c32-16c6-4157-bc33-575ee617fed4 at term 1 for appendEntries, leader elected after 1204ms
2019-06-13 20:52:53,924 INFO  impl.RaftServerImpl (ServerState.java:setLeader(263)) - e834f043-68c2-4690-911f-e774cd7c845d:group-EC215E1E3AB3 change Leader from null to 7e110c32-16c6-4157-bc33-575ee617fed4 at term 1 for appendEntries, leader elected after 1195ms
2019-06-13 20:52:53,931 INFO  impl.RaftServerImpl (ServerState.java:setRaftConf(361)) - e834f043-68c2-4690-911f-e774cd7c845d:group-EC215E1E3AB3 set configuration 0: [a55bb28c-9a91-49a0-99cd-6faaa1ad267a:192.168.46.63:36859, 7e110c32-16c6-4157-bc33-575ee617fed4:192.168.46.63:44945, e834f043-68c2-4690-911f-e774cd7c845d:192.168.46.63:43981], old=null at 0
2019-06-13 20:52:53,931 INFO  impl.RaftServerImpl (ServerState.java:setRaftConf(361)) - a55bb28c-9a91-49a0-99cd-6faaa1ad267a:group-EC215E1E3AB3 set configuration 0: [a55bb28c-9a91-49a0-99cd-6faaa1ad267a:192.168.46.63:36859, 7e110c32-16c6-4157-bc33-575ee617fed4:192.168.46.63:44945, e834f043-68c2-4690-911f-e774cd7c845d:192.168.46.63:43981], old=null at 0
2019-06-13 20:52:53,931 INFO  storage.RaftLogWorker (RaftLogWorker.java:startLogSegment(298)) - e834f043-68c2-4690-911f-e774cd7c845d-RaftLogWorker: Starting segment from index:0
2019-06-13 20:52:53,931 INFO  storage.RaftLogWorker (RaftLogWorker.java:startLogSegment(298)) - a55bb28c-9a91-49a0-99cd-6faaa1ad267a-RaftLogWorker: Starting segment from index:0
2019-06-13 20:52:53,969 INFO  storage.RaftLogWorker (RaftLogWorker.java:execute(469)) - a55bb28c-9a91-49a0-99cd-6faaa1ad267a-RaftLogWorker: created new log segment /opt/src/hadoop-ozone/integration-test/target/test-dir/MiniOzoneClusterImpl-add696fe-84ac-4b45-a2ee-012b057e1087/datanode-5/data/ratis/38105805-e553-4b94-b130-ec215e1e3ab3/current/log_inprogress_0
2019-06-13 20:52:53,969 INFO  storage.RaftLogWorker (RaftLogWorker.java:execute(469)) - e834f043-68c2-4690-911f-e774cd7c845d-RaftLogWorker: created new log segment /opt/src/hadoop-ozone/integration-test/target/test-dir/MiniOzoneClusterImpl-add696fe-84ac-4b45-a2ee-012b057e1087/datanode-2/data/ratis/38105805-e553-4b94-b130-ec215e1e3ab3/current/log_inprogress_0
2019-06-13 20:52:54,026 INFO  impl.FollowerState (FollowerState.java:run(101)) - 5ff02751-d237-480c-b1e9-4266071b5fb0:group-840E0B4B842C changes to CANDIDATE, lastRpcTime:1165, electionTimeout:1165ms
2019-06-13 20:52:54,026 INFO  impl.RoleInfo (RoleInfo.java:shutdownFollowerState(121)) - 5ff02751-d237-480c-b1e9-4266071b5fb0: shutdown FollowerState
2019-06-13 20:52:54,026 INFO  impl.RaftServerImpl (RaftServerImpl.java:setRole(164)) - 5ff02751-d237-480c-b1e9-4266071b5fb0:group-840E0B4B842C changes role from FOLLOWER to CANDIDATE at term 0 for changeToCandidate
2019-06-13 20:52:54,027 INFO  impl.RoleInfo (RoleInfo.java:updateAndGet(143)) - 5ff02751-d237-480c-b1e9-4266071b5fb0: start LeaderElection
2019-06-13 20:52:54,034 INFO  impl.LeaderElection (LeaderElection.java:askForVotes(181)) - 5ff02751-d237-480c-b1e9-4266071b5fb0:group-840E0B4B842C:LeaderElection10: begin an election at term 1 for -1: [5ff02751-d237-480c-b1e9-4266071b5fb0:192.168.46.63:39927], old=null
2019-06-13 20:52:54,034 INFO  impl.RoleInfo (RoleInfo.java:shutdownLeaderElection(134)) - 5ff02751-d237-480c-b1e9-4266071b5fb0: shutdown LeaderElection
2019-06-13 20:52:54,034 INFO  impl.RaftServerImpl (RaftServerImpl.java:setRole(164)) - 5ff02751-d237-480c-b1e9-4266071b5fb0:group-840E0B4B842C changes role from CANDIDATE to LEADER at term 1 for changeToLeader
2019-06-13 20:52:54,034 INFO  impl.RaftServerImpl (ServerState.java:setLeader(263)) - 5ff02751-d237-480c-b1e9-4266071b5fb0:group-840E0B4B842C change Leader from null to 5ff02751-d237-480c-b1e9-4266071b5fb0 at term 1 for becomeLeader, leader elected after 1175ms
2019-06-13 20:52:54,034 INFO  server.RaftServerConfigKeys (ConfUtils.java:logGet(43)) - raft.server.staging.catchup.gap = 1000 (default)
2019-06-13 20:52:54,034 INFO  server.RaftServerConfigKeys (ConfUtils.java:logGet(43)) - raft.server.rpc.sleep.time = 25ms (default)
2019-06-13 20:52:54,034 INFO  server.RaftServerConfigKeys (ConfUtils.java:logGet(43)) - raft.server.watch.timeout = 10s (default)
2019-06-13 20:52:54,035 INFO  server.RaftServerConfigKeys (ConfUtils.java:logGet(43)) - raft.server.watch.timeout.denomination = 1s (default)
2019-06-13 20:52:54,035 INFO  impl.RoleInfo (RoleInfo.java:updateAndGet(143)) - 5ff02751-d237-480c-b1e9-4266071b5fb0: start LeaderState
2019-06-13 20:52:54,035 INFO  storage.RaftLogWorker (RaftLogWorker.java:startLogSegment(298)) - 5ff02751-d237-480c-b1e9-4266071b5fb0-RaftLogWorker: Starting segment from index:0
2019-06-13 20:52:54,035 INFO  impl.RaftServerImpl (ServerState.java:setRaftConf(361)) - 5ff02751-d237-480c-b1e9-4266071b5fb0:group-840E0B4B842C set configuration 0: [5ff02751-d237-480c-b1e9-4266071b5fb0:192.168.46.63:39927], old=null at 0
2019-06-13 20:52:54,072 INFO  storage.RaftLogWorker (RaftLogWorker.java:execute(469)) - 5ff02751-d237-480c-b1e9-4266071b5fb0-RaftLogWorker: created new log segment /opt/src/hadoop-ozone/integration-test/target/test-dir/MiniOzoneClusterImpl-add696fe-84ac-4b45-a2ee-012b057e1087/datanode-7/data/ratis/8422e648-15a2-42e1-8576-840e0b4b842c/current/log_inprogress_0
2019-06-13 20:52:54,135 INFO  impl.FollowerState (FollowerState.java:run(101)) - cd0c8ecd-7ef6-4060-bf45-94f9de670313:group-C3E35E1227F9 changes to CANDIDATE, lastRpcTime:1061, electionTimeout:1061ms
2019-06-13 20:52:54,135 INFO  impl.RoleInfo (RoleInfo.java:shutdownFollowerState(121)) - cd0c8ecd-7ef6-4060-bf45-94f9de670313: shutdown FollowerState
2019-06-13 20:52:54,135 INFO  impl.RaftServerImpl (RaftServerImpl.java:setRole(164)) - cd0c8ecd-7ef6-4060-bf45-94f9de670313:group-C3E35E1227F9 changes role from FOLLOWER to CANDIDATE at term 0 for changeToCandidate
2019-06-13 20:52:54,135 INFO  impl.RoleInfo (RoleInfo.java:updateAndGet(143)) - cd0c8ecd-7ef6-4060-bf45-94f9de670313: start LeaderElection
2019-06-13 20:52:54,142 INFO  impl.LeaderElection (LeaderElection.java:askForVotes(181)) - cd0c8ecd-7ef6-4060-bf45-94f9de670313:group-C3E35E1227F9:LeaderElection11: begin an election at term 1 for -1: [cd0c8ecd-7ef6-4060-bf45-94f9de670313:192.168.46.63:35837], old=null
2019-06-13 20:52:54,142 INFO  impl.RoleInfo (RoleInfo.java:shutdownLeaderElection(134)) - cd0c8ecd-7ef6-4060-bf45-94f9de670313: shutdown LeaderElection
2019-06-13 20:52:54,142 INFO  impl.RaftServerImpl (RaftServerImpl.java:setRole(164)) - cd0c8ecd-7ef6-4060-bf45-94f9de670313:group-C3E35E1227F9 changes role from CANDIDATE to LEADER at term 1 for changeToLeader
2019-06-13 20:52:54,142 INFO  impl.RaftServerImpl (ServerState.java:setLeader(263)) - cd0c8ecd-7ef6-4060-bf45-94f9de670313:group-C3E35E1227F9 change Leader from null to cd0c8ecd-7ef6-4060-bf45-94f9de670313 at term 1 for becomeLeader, leader elected after 1070ms
2019-06-13 20:52:54,142 INFO  server.RaftServerConfigKeys (ConfUtils.java:logGet(43)) - raft.server.staging.catchup.gap = 1000 (default)
2019-06-13 20:52:54,143 INFO  server.RaftServerConfigKeys (ConfUtils.java:logGet(43)) - raft.server.rpc.sleep.time = 25ms (default)
2019-06-13 20:52:54,143 INFO  server.RaftServerConfigKeys (ConfUtils.java:logGet(43)) - raft.server.watch.timeout = 10s (default)
2019-06-13 20:52:54,143 INFO  server.RaftServerConfigKeys (ConfUtils.java:logGet(43)) - raft.server.watch.timeout.denomination = 1s (default)
2019-06-13 20:52:54,143 INFO  impl.RoleInfo (RoleInfo.java:updateAndGet(143)) - cd0c8ecd-7ef6-4060-bf45-94f9de670313: start LeaderState
2019-06-13 20:52:54,143 INFO  storage.RaftLogWorker (RaftLogWorker.java:startLogSegment(298)) - cd0c8ecd-7ef6-4060-bf45-94f9de670313-RaftLogWorker: Starting segment from index:0
2019-06-13 20:52:54,147 INFO  impl.RaftServerImpl (ServerState.java:setRaftConf(361)) - cd0c8ecd-7ef6-4060-bf45-94f9de670313:group-C3E35E1227F9 set configuration 0: [cd0c8ecd-7ef6-4060-bf45-94f9de670313:192.168.46.63:35837], old=null at 0
2019-06-13 20:52:54,181 INFO  storage.RaftLogWorker (RaftLogWorker.java:execute(469)) - cd0c8ecd-7ef6-4060-bf45-94f9de670313-RaftLogWorker: created new log segment /opt/src/hadoop-ozone/integration-test/target/test-dir/MiniOzoneClusterImpl-add696fe-84ac-4b45-a2ee-012b057e1087/datanode-8/data/ratis/56353d71-b761-4d98-aab5-c3e35e1227f9/current/log_inprogress_0
2019-06-13 20:52:54,290 INFO  ozone.MiniOzoneClusterImpl (MiniOzoneClusterImpl.java:lambda$waitForClusterToBeReady$0(142)) - Waiting for cluster to be ready. Got 9 of 10 DN Heartbeats.
2019-06-13 20:52:54,429 INFO  impl.FollowerState (FollowerState.java:run(101)) - 22b2fce2-e0c4-4bfe-a1ac-a7ae08b7b321:group-D0CDC4E413F4 changes to CANDIDATE, lastRpcTime:1083, electionTimeout:1083ms
2019-06-13 20:52:54,430 INFO  impl.RoleInfo (RoleInfo.java:shutdownFollowerState(121)) - 22b2fce2-e0c4-4bfe-a1ac-a7ae08b7b321: shutdown FollowerState
2019-06-13 20:52:54,430 INFO  impl.RaftServerImpl (RaftServerImpl.java:setRole(164)) - 22b2fce2-e0c4-4bfe-a1ac-a7ae08b7b321:group-D0CDC4E413F4 changes role from FOLLOWER to CANDIDATE at term 0 for changeToCandidate
2019-06-13 20:52:54,430 INFO  impl.RoleInfo (RoleInfo.java:updateAndGet(143)) - 22b2fce2-e0c4-4bfe-a1ac-a7ae08b7b321: start LeaderElection
2019-06-13 20:52:54,437 INFO  impl.LeaderElection (LeaderElection.java:askForVotes(181)) - 22b2fce2-e0c4-4bfe-a1ac-a7ae08b7b321:group-D0CDC4E413F4:LeaderElection12: begin an election at term 1 for -1: [22b2fce2-e0c4-4bfe-a1ac-a7ae08b7b321:192.168.46.63:32929], old=null
2019-06-13 20:52:54,437 INFO  impl.RoleInfo (RoleInfo.java:shutdownLeaderElection(134)) - 22b2fce2-e0c4-4bfe-a1ac-a7ae08b7b321: shutdown LeaderElection
2019-06-13 20:52:54,437 INFO  impl.RaftServerImpl (RaftServerImpl.java:setRole(164)) - 22b2fce2-e0c4-4bfe-a1ac-a7ae08b7b321:group-D0CDC4E413F4 changes role from CANDIDATE to LEADER at term 1 for changeToLeader
2019-06-13 20:52:54,437 INFO  impl.RaftServerImpl (ServerState.java:setLeader(263)) - 22b2fce2-e0c4-4bfe-a1ac-a7ae08b7b321:group-D0CDC4E413F4 change Leader from null to 22b2fce2-e0c4-4bfe-a1ac-a7ae08b7b321 at term 1 for becomeLeader, leader elected after 1093ms
2019-06-13 20:52:54,438 INFO  server.RaftServerConfigKeys (ConfUtils.java:logGet(43)) - raft.server.staging.catchup.gap = 1000 (default)
2019-06-13 20:52:54,438 INFO  server.RaftServerConfigKeys (ConfUtils.java:logGet(43)) - raft.server.rpc.sleep.time = 25ms (default)
2019-06-13 20:52:54,438 INFO  server.RaftServerConfigKeys (ConfUtils.java:logGet(43)) - raft.server.watch.timeout = 10s (default)
2019-06-13 20:52:54,438 INFO  server.RaftServerConfigKeys (ConfUtils.java:logGet(43)) - raft.server.watch.timeout.denomination = 1s (default)
2019-06-13 20:52:54,438 INFO  impl.RoleInfo (RoleInfo.java:updateAndGet(143)) - 22b2fce2-e0c4-4bfe-a1ac-a7ae08b7b321: start LeaderState
2019-06-13 20:52:54,438 INFO  storage.RaftLogWorker (RaftLogWorker.java:startLogSegment(298)) - 22b2fce2-e0c4-4bfe-a1ac-a7ae08b7b321-RaftLogWorker: Starting segment from index:0
2019-06-13 20:52:54,439 INFO  impl.RaftServerImpl (ServerState.java:setRaftConf(361)) - 22b2fce2-e0c4-4bfe-a1ac-a7ae08b7b321:group-D0CDC4E413F4 set configuration 0: [22b2fce2-e0c4-4bfe-a1ac-a7ae08b7b321:192.168.46.63:32929], old=null at 0
2019-06-13 20:52:54,457 INFO  impl.FollowerState (FollowerState.java:run(101)) - cd0c8ecd-7ef6-4060-bf45-94f9de670313:group-291085E99653 changes to CANDIDATE, lastRpcTime:1064, electionTimeout:1051ms
2019-06-13 20:52:54,457 INFO  impl.RoleInfo (RoleInfo.java:shutdownFollowerState(121)) - cd0c8ecd-7ef6-4060-bf45-94f9de670313: shutdown FollowerState
2019-06-13 20:52:54,457 INFO  impl.RaftServerImpl (RaftServerImpl.java:setRole(164)) - cd0c8ecd-7ef6-4060-bf45-94f9de670313:group-291085E99653 changes role from FOLLOWER to CANDIDATE at term 0 for changeToCandidate
2019-06-13 20:52:54,457 INFO  impl.RoleInfo (RoleInfo.java:updateAndGet(143)) - cd0c8ecd-7ef6-4060-bf45-94f9de670313: start LeaderElection
2019-06-13 20:52:54,478 INFO  storage.RaftLogWorker (RaftLogWorker.java:execute(469)) - 22b2fce2-e0c4-4bfe-a1ac-a7ae08b7b321-RaftLogWorker: created new log segment /opt/src/hadoop-ozone/integration-test/target/test-dir/MiniOzoneClusterImpl-add696fe-84ac-4b45-a2ee-012b057e1087/datanode-9/data/ratis/8fe501ae-77ea-4bee-a546-d0cdc4e413f4/current/log_inprogress_0
2019-06-13 20:52:54,483 INFO  impl.LeaderElection (LeaderElection.java:askForVotes(181)) - cd0c8ecd-7ef6-4060-bf45-94f9de670313:group-291085E99653:LeaderElection13: begin an election at term 1 for -1: [5ff02751-d237-480c-b1e9-4266071b5fb0:192.168.46.63:39927, cd0c8ecd-7ef6-4060-bf45-94f9de670313:192.168.46.63:35837, 22b2fce2-e0c4-4bfe-a1ac-a7ae08b7b321:192.168.46.63:32929], old=null
2019-06-13 20:52:54,495 INFO  impl.RaftServerImpl (RaftServerImpl.java:setRole(164)) - 22b2fce2-e0c4-4bfe-a1ac-a7ae08b7b321:group-291085E99653 changes role from FOLLOWER to FOLLOWER at term 1 for recognizeCandidate:cd0c8ecd-7ef6-4060-bf45-94f9de670313
2019-06-13 20:52:54,495 INFO  impl.RoleInfo (RoleInfo.java:shutdownFollowerState(121)) - 22b2fce2-e0c4-4bfe-a1ac-a7ae08b7b321: shutdown FollowerState
2019-06-13 20:52:54,495 INFO  impl.FollowerState (FollowerState.java:run(109)) - 22b2fce2-e0c4-4bfe-a1ac-a7ae08b7b321: FollowerState was interrupted: java.lang.InterruptedException: sleep interrupted
2019-06-13 20:52:54,495 INFO  impl.RoleInfo (RoleInfo.java:updateAndGet(143)) - 22b2fce2-e0c4-4bfe-a1ac-a7ae08b7b321: start FollowerState
2019-06-13 20:52:54,498 INFO  impl.RaftServerImpl (RaftServerImpl.java:setRole(164)) - 5ff02751-d237-480c-b1e9-4266071b5fb0:group-291085E99653 changes role from FOLLOWER to FOLLOWER at term 1 for recognizeCandidate:cd0c8ecd-7ef6-4060-bf45-94f9de670313
2019-06-13 20:52:54,499 INFO  impl.RoleInfo (RoleInfo.java:shutdownFollowerState(121)) - 5ff02751-d237-480c-b1e9-4266071b5fb0: shutdown FollowerState
2019-06-13 20:52:54,499 INFO  impl.RoleInfo (RoleInfo.java:updateAndGet(143)) - 5ff02751-d237-480c-b1e9-4266071b5fb0: start FollowerState
2019-06-13 20:52:54,499 INFO  impl.FollowerState (FollowerState.java:run(109)) - 5ff02751-d237-480c-b1e9-4266071b5fb0: FollowerState was interrupted: java.lang.InterruptedException: sleep interrupted
2019-06-13 20:52:54,501 INFO  impl.LeaderElection (LeaderElection.java:logAndReturn(56)) - cd0c8ecd-7ef6-4060-bf45-94f9de670313:group-291085E99653:LeaderElection13: Election PASSED; received 1 response(s) [cd0c8ecd-7ef6-4060-bf45-94f9de670313->22b2fce2-e0c4-4bfe-a1ac-a7ae08b7b321,true-t1] and 0 exception(s); cd0c8ecd-7ef6-4060-bf45-94f9de670313:t1, leader=null, voted=cd0c8ecd-7ef6-4060-bf45-94f9de670313, raftlog=cd0c8ecd-7ef6-4060-bf45-94f9de670313-SegmentedRaftLog:OPENED:c-1,f-1,i0, conf=-1: [5ff02751-d237-480c-b1e9-4266071b5fb0:192.168.46.63:39927, cd0c8ecd-7ef6-4060-bf45-94f9de670313:192.168.46.63:35837, 22b2fce2-e0c4-4bfe-a1ac-a7ae08b7b321:192.168.46.63:32929], old=null
2019-06-13 20:52:54,501 INFO  impl.RoleInfo (RoleInfo.java:shutdownLeaderElection(134)) - cd0c8ecd-7ef6-4060-bf45-94f9de670313: shutdown LeaderElection
2019-06-13 20:52:54,504 INFO  impl.RaftServerImpl (RaftServerImpl.java:setRole(164)) - cd0c8ecd-7ef6-4060-bf45-94f9de670313:group-291085E99653 changes role from CANDIDATE to LEADER at term 1 for changeToLeader
2019-06-13 20:52:54,504 INFO  impl.RaftServerImpl (ServerState.java:setLeader(263)) - cd0c8ecd-7ef6-4060-bf45-94f9de670313:group-291085E99653 change Leader from null to cd0c8ecd-7ef6-4060-bf45-94f9de670313 at term 1 for becomeLeader, leader elected after 1119ms
2019-06-13 20:52:54,509 INFO  server.RaftServerConfigKeys (ConfUtils.java:logGet(43)) - raft.server.staging.catchup.gap = 1000 (default)
2019-06-13 20:52:54,509 INFO  server.RaftServerConfigKeys (ConfUtils.java:logGet(43)) - raft.server.rpc.sleep.time = 25ms (default)
2019-06-13 20:52:54,509 INFO  server.RaftServerConfigKeys (ConfUtils.java:logGet(43)) - raft.server.watch.timeout = 10s (default)
2019-06-13 20:52:54,510 INFO  server.RaftServerConfigKeys (ConfUtils.java:logGet(43)) - raft.server.watch.timeout.denomination = 1s (default)
2019-06-13 20:52:54,510 INFO  server.RaftServerConfigKeys (ConfUtils.java:logGet(43)) - raft.server.log.appender.snapshot.chunk.size.max = 16MB (=16777216) (default)
2019-06-13 20:52:54,510 INFO  server.RaftServerConfigKeys (ConfUtils.java:logGet(43)) - raft.server.log.appender.buffer.byte-limit = 33554432 (custom)
2019-06-13 20:52:54,510 INFO  server.RaftServerConfigKeys (ConfUtils.java:logGet(43)) - raft.server.log.appender.buffer.element-limit = 1 (custom)
2019-06-13 20:52:54,510 INFO  grpc.GrpcConfigKeys$Server (ConfUtils.java:logGet(43)) - raft.grpc.server.leader.outstanding.appends.max = 128 (default)
2019-06-13 20:52:54,510 INFO  server.RaftServerConfigKeys (ConfUtils.java:logGet(43)) - raft.server.rpc.request.timeout = 3000ms (default)
2019-06-13 20:52:54,510 INFO  server.RaftServerConfigKeys (ConfUtils.java:logGet(43)) - raft.server.log.appender.install.snapshot.enabled = true (default)
2019-06-13 20:52:54,511 INFO  server.RaftServerConfigKeys (ConfUtils.java:logGet(43)) - raft.server.log.appender.snapshot.chunk.size.max = 16MB (=16777216) (default)
2019-06-13 20:52:54,511 INFO  server.RaftServerConfigKeys (ConfUtils.java:logGet(43)) - raft.server.log.appender.buffer.byte-limit = 33554432 (custom)
2019-06-13 20:52:54,511 INFO  server.RaftServerConfigKeys (ConfUtils.java:logGet(43)) - raft.server.log.appender.buffer.element-limit = 1 (custom)
2019-06-13 20:52:54,511 INFO  grpc.GrpcConfigKeys$Server (ConfUtils.java:logGet(43)) - raft.grpc.server.leader.outstanding.appends.max = 128 (default)
2019-06-13 20:52:54,511 INFO  server.RaftServerConfigKeys (ConfUtils.java:logGet(43)) - raft.server.rpc.request.timeout = 3000ms (default)
2019-06-13 20:52:54,511 INFO  server.RaftServerConfigKeys (ConfUtils.java:logGet(43)) - raft.server.log.appender.install.snapshot.enabled = true (default)
2019-06-13 20:52:54,511 INFO  impl.RoleInfo (RoleInfo.java:updateAndGet(143)) - cd0c8ecd-7ef6-4060-bf45-94f9de670313: start LeaderState
2019-06-13 20:52:54,512 INFO  storage.RaftLogWorker (RaftLogWorker.java:startLogSegment(298)) - cd0c8ecd-7ef6-4060-bf45-94f9de670313-RaftLogWorker: Starting segment from index:0
2019-06-13 20:52:54,512 INFO  impl.RaftServerImpl (ServerState.java:setRaftConf(361)) - cd0c8ecd-7ef6-4060-bf45-94f9de670313:group-291085E99653 set configuration 0: [5ff02751-d237-480c-b1e9-4266071b5fb0:192.168.46.63:39927, cd0c8ecd-7ef6-4060-bf45-94f9de670313:192.168.46.63:35837, 22b2fce2-e0c4-4bfe-a1ac-a7ae08b7b321:192.168.46.63:32929], old=null at 0
2019-06-13 20:52:54,531 INFO  impl.RaftServerImpl (ServerState.java:setLeader(263)) - 5ff02751-d237-480c-b1e9-4266071b5fb0:group-291085E99653 change Leader from null to cd0c8ecd-7ef6-4060-bf45-94f9de670313 at term 1 for appendEntries, leader elected after 1134ms
2019-06-13 20:52:54,552 INFO  storage.RaftLogWorker (RaftLogWorker.java:execute(469)) - cd0c8ecd-7ef6-4060-bf45-94f9de670313-RaftLogWorker: created new log segment /opt/src/hadoop-ozone/integration-test/target/test-dir/MiniOzoneClusterImpl-add696fe-84ac-4b45-a2ee-012b057e1087/datanode-8/data/ratis/332e0622-f1d9-4dec-9330-291085e99653/current/log_inprogress_0
2019-06-13 20:52:54,553 INFO  impl.RaftServerImpl (ServerState.java:setLeader(263)) - 22b2fce2-e0c4-4bfe-a1ac-a7ae08b7b321:group-291085E99653 change Leader from null to cd0c8ecd-7ef6-4060-bf45-94f9de670313 at term 1 for appendEntries, leader elected after 1155ms
2019-06-13 20:52:54,559 INFO  impl.RaftServerImpl (ServerState.java:setRaftConf(361)) - 22b2fce2-e0c4-4bfe-a1ac-a7ae08b7b321:group-291085E99653 set configuration 0: [5ff02751-d237-480c-b1e9-4266071b5fb0:192.168.46.63:39927, cd0c8ecd-7ef6-4060-bf45-94f9de670313:192.168.46.63:35837, 22b2fce2-e0c4-4bfe-a1ac-a7ae08b7b321:192.168.46.63:32929], old=null at 0
2019-06-13 20:52:54,559 INFO  storage.RaftLogWorker (RaftLogWorker.java:startLogSegment(298)) - 22b2fce2-e0c4-4bfe-a1ac-a7ae08b7b321-RaftLogWorker: Starting segment from index:0
2019-06-13 20:52:54,560 INFO  impl.RaftServerImpl (ServerState.java:setRaftConf(361)) - 5ff02751-d237-480c-b1e9-4266071b5fb0:group-291085E99653 set configuration 0: [5ff02751-d237-480c-b1e9-4266071b5fb0:192.168.46.63:39927, cd0c8ecd-7ef6-4060-bf45-94f9de670313:192.168.46.63:35837, 22b2fce2-e0c4-4bfe-a1ac-a7ae08b7b321:192.168.46.63:32929], old=null at 0
2019-06-13 20:52:54,560 INFO  storage.RaftLogWorker (RaftLogWorker.java:startLogSegment(298)) - 5ff02751-d237-480c-b1e9-4266071b5fb0-RaftLogWorker: Starting segment from index:0
2019-06-13 20:52:54,600 INFO  storage.RaftLogWorker (RaftLogWorker.java:execute(469)) - 22b2fce2-e0c4-4bfe-a1ac-a7ae08b7b321-RaftLogWorker: created new log segment /opt/src/hadoop-ozone/integration-test/target/test-dir/MiniOzoneClusterImpl-add696fe-84ac-4b45-a2ee-012b057e1087/datanode-9/data/ratis/332e0622-f1d9-4dec-9330-291085e99653/current/log_inprogress_0
2019-06-13 20:52:54,604 INFO  storage.RaftLogWorker (RaftLogWorker.java:execute(469)) - 5ff02751-d237-480c-b1e9-4266071b5fb0-RaftLogWorker: created new log segment /opt/src/hadoop-ozone/integration-test/target/test-dir/MiniOzoneClusterImpl-add696fe-84ac-4b45-a2ee-012b057e1087/datanode-7/data/ratis/332e0622-f1d9-4dec-9330-291085e99653/current/log_inprogress_0
2019-06-13 20:52:55,290 INFO  ozone.MiniOzoneClusterImpl (MiniOzoneClusterImpl.java:lambda$waitForClusterToBeReady$0(142)) - Waiting for cluster to be ready. Got 9 of 10 DN Heartbeats.
2019-06-13 20:52:55,695 INFO  ozoneimpl.OzoneContainer (OzoneContainer.java:start(186)) - Attempting to start container services.
2019-06-13 20:52:55,695 INFO  ozoneimpl.OzoneContainer (OzoneContainer.java:startContainerScrub(160)) - Background container scrubber has been disabled by hdds.containerscrub.enabled
2019-06-13 20:52:56,291 INFO  ozone.MiniOzoneClusterImpl (MiniOzoneClusterImpl.java:lambda$waitForClusterToBeReady$0(142)) - Waiting for cluster to be ready. Got 9 of 10 DN Heartbeats.
2019-06-13 20:52:57,291 INFO  ozone.MiniOzoneClusterImpl (MiniOzoneClusterImpl.java:lambda$waitForClusterToBeReady$0(142)) - Waiting for cluster to be ready. Got 9 of 10 DN Heartbeats.
2019-06-13 20:52:57,691 INFO  ozoneimpl.OzoneContainer (OzoneContainer.java:start(186)) - Attempting to start container services.
2019-06-13 20:52:57,691 INFO  ozoneimpl.OzoneContainer (OzoneContainer.java:startContainerScrub(160)) - Background container scrubber has been disabled by hdds.containerscrub.enabled
2019-06-13 20:52:58,291 INFO  ozone.MiniOzoneClusterImpl (MiniOzoneClusterImpl.java:lambda$waitForClusterToBeReady$0(142)) - Waiting for cluster to be ready. Got 9 of 10 DN Heartbeats.
2019-06-13 20:52:59,291 INFO  ozone.MiniOzoneClusterImpl (MiniOzoneClusterImpl.java:lambda$waitForClusterToBeReady$0(142)) - Waiting for cluster to be ready. Got 9 of 10 DN Heartbeats.
2019-06-13 20:52:59,691 INFO  ozoneimpl.OzoneContainer (OzoneContainer.java:start(186)) - Attempting to start container services.
2019-06-13 20:52:59,691 INFO  ozoneimpl.OzoneContainer (OzoneContainer.java:startContainerScrub(160)) - Background container scrubber has been disabled by hdds.containerscrub.enabled
2019-06-13 20:53:00,292 INFO  ozone.MiniOzoneClusterImpl (MiniOzoneClusterImpl.java:lambda$waitForClusterToBeReady$0(142)) - Waiting for cluster to be ready. Got 9 of 10 DN Heartbeats.
2019-06-13 20:53:01,292 INFO  ozone.MiniOzoneClusterImpl (MiniOzoneClusterImpl.java:lambda$waitForClusterToBeReady$0(142)) - Waiting for cluster to be ready. Got 9 of 10 DN Heartbeats.
2019-06-13 20:53:01,691 INFO  ozoneimpl.OzoneContainer (OzoneContainer.java:start(186)) - Attempting to start container services.
2019-06-13 20:53:01,691 INFO  ozoneimpl.OzoneContainer (OzoneContainer.java:startContainerScrub(160)) - Background container scrubber has been disabled by hdds.containerscrub.enabled
2019-06-13 20:53:02,292 INFO  ozone.MiniOzoneClusterImpl (MiniOzoneClusterImpl.java:lambda$waitForClusterToBeReady$0(142)) - Waiting for cluster to be ready. Got 9 of 10 DN Heartbeats.
2019-06-13 20:53:03,292 INFO  ozone.MiniOzoneClusterImpl (MiniOzoneClusterImpl.java:lambda$waitForClusterToBeReady$0(142)) - Waiting for cluster to be ready. Got 9 of 10 DN Heartbeats.
2019-06-13 20:53:03,690 INFO  ozoneimpl.OzoneContainer (OzoneContainer.java:start(186)) - Attempting to start container services.
2019-06-13 20:53:03,690 INFO  ozoneimpl.OzoneContainer (OzoneContainer.java:startContainerScrub(160)) - Background container scrubber has been disabled by hdds.containerscrub.enabled
2019-06-13 20:53:04,293 INFO  ozone.MiniOzoneClusterImpl (MiniOzoneClusterImpl.java:lambda$waitForClusterToBeReady$0(142)) - Waiting for cluster to be ready. Got 9 of 10 DN Heartbeats.
2019-06-13 20:53:05,293 INFO  ozone.MiniOzoneClusterImpl (MiniOzoneClusterImpl.java:lambda$waitForClusterToBeReady$0(142)) - Waiting for cluster to be ready. Got 9 of 10 DN Heartbeats.
2019-06-13 20:53:05,691 INFO  ozoneimpl.OzoneContainer (OzoneContainer.java:start(186)) - Attempting to start container services.
2019-06-13 20:53:05,691 INFO  ozoneimpl.OzoneContainer (OzoneContainer.java:startContainerScrub(160)) - Background container scrubber has been disabled by hdds.containerscrub.enabled
2019-06-13 20:53:06,293 INFO  ozone.MiniOzoneClusterImpl (MiniOzoneClusterImpl.java:lambda$waitForClusterToBeReady$0(142)) - Waiting for cluster to be ready. Got 9 of 10 DN Heartbeats.
2019-06-13 20:53:07,294 INFO  ozone.MiniOzoneClusterImpl (MiniOzoneClusterImpl.java:lambda$waitForClusterToBeReady$0(142)) - Waiting for cluster to be ready. Got 9 of 10 DN Heartbeats.
2019-06-13 20:53:07,691 INFO  ozoneimpl.OzoneContainer (OzoneContainer.java:start(186)) - Attempting to start container services.
2019-06-13 20:53:07,691 INFO  ozoneimpl.OzoneContainer (OzoneContainer.java:startContainerScrub(160)) - Background container scrubber has been disabled by hdds.containerscrub.enabled
2019-06-13 20:53:08,294 INFO  ozone.MiniOzoneClusterImpl (MiniOzoneClusterImpl.java:lambda$waitForClusterToBeReady$0(142)) - Waiting for cluster to be ready. Got 9 of 10 DN Heartbeats.
2019-06-13 20:53:09,294 INFO  ozone.MiniOzoneClusterImpl (MiniOzoneClusterImpl.java:lambda$waitForClusterToBeReady$0(142)) - Waiting for cluster to be ready. Got 9 of 10 DN Heartbeats.
2019-06-13 20:53:09,691 INFO  ozoneimpl.OzoneContainer (OzoneContainer.java:start(186)) - Attempting to start container services.
2019-06-13 20:53:09,691 INFO  ozoneimpl.OzoneContainer (OzoneContainer.java:startContainerScrub(160)) - Background container scrubber has been disabled by hdds.containerscrub.enabled
2019-06-13 20:53:09,692 ERROR statemachine.EndpointStateMachine (EndpointStateMachine.java:logIfNeeded(204)) - Unable to communicate to SCM server at 0.0.0.0:33779 for past 10 seconds.
java.io.IOException: Failed to bind
	at org.apache.ratis.thirdparty.io.grpc.netty.NettyServer.start(NettyServer.java:253)
	at org.apache.ratis.thirdparty.io.grpc.internal.ServerImpl.start(ServerImpl.java:166)
	at org.apache.ratis.thirdparty.io.grpc.internal.ServerImpl.start(ServerImpl.java:81)
	at org.apache.hadoop.ozone.container.common.transport.server.XceiverServerGrpc.start(XceiverServerGrpc.java:166)
	at org.apache.hadoop.ozone.container.ozoneimpl.OzoneContainer.start(OzoneContainer.java:189)
	at org.apache.hadoop.ozone.container.common.states.endpoint.VersionEndpointTask.call(VersionEndpointTask.java:110)
	at org.apache.hadoop.ozone.container.common.states.endpoint.VersionEndpointTask.call(VersionEndpointTask.java:42)
	at java.util.concurrent.FutureTask.run(FutureTask.java:266)
	at java.util.concurrent.Executors$RunnableAdapter.call(Executors.java:511)
	at java.util.concurrent.FutureTask.run(FutureTask.java:266)
	at java.util.concurrent.ThreadPoolExecutor.runWorker(ThreadPoolExecutor.java:1149)
	at java.util.concurrent.ThreadPoolExecutor$Worker.run(ThreadPoolExecutor.java:624)
	at java.lang.Thread.run(Thread.java:748)
Caused by: java.net.BindException: Address in use
	at sun.nio.ch.Net.bind0(Native Method)
	at sun.nio.ch.Net.bind(Net.java:433)
	at sun.nio.ch.Net.bind(Net.java:425)
	at sun.nio.ch.ServerSocketChannelImpl.bind(ServerSocketChannelImpl.java:223)
	at org.apache.ratis.thirdparty.io.netty.channel.socket.nio.NioServerSocketChannel.doBind(NioServerSocketChannel.java:130)
	at org.apache.ratis.thirdparty.io.netty.channel.AbstractChannel$AbstractUnsafe.bind(AbstractChannel.java:558)
	at org.apache.ratis.thirdparty.io.netty.channel.DefaultChannelPipeline$HeadContext.bind(DefaultChannelPipeline.java:1358)
	at org.apache.ratis.thirdparty.io.netty.channel.AbstractChannelHandlerContext.invokeBind(AbstractChannelHandlerContext.java:501)
	at org.apache.ratis.thirdparty.io.netty.channel.AbstractChannelHandlerContext.bind(AbstractChannelHandlerContext.java:486)
	at org.apache.ratis.thirdparty.io.netty.channel.DefaultChannelPipeline.bind(DefaultChannelPipeline.java:1019)
	at org.apache.ratis.thirdparty.io.netty.channel.AbstractChannel.bind(AbstractChannel.java:254)
	at org.apache.ratis.thirdparty.io.netty.bootstrap.AbstractBootstrap$2.run(AbstractBootstrap.java:366)
	at org.apache.ratis.thirdparty.io.netty.util.concurrent.AbstractEventExecutor.safeExecute(AbstractEventExecutor.java:163)
	at org.apache.ratis.thirdparty.io.netty.util.concurrent.SingleThreadEventExecutor.runAllTasks(SingleThreadEventExecutor.java:404)
	at org.apache.ratis.thirdparty.io.netty.channel.nio.NioEventLoop.run(NioEventLoop.java:462)
	at org.apache.ratis.thirdparty.io.netty.util.concurrent.SingleThreadEventExecutor$5.run(SingleThreadEventExecutor.java:897)
	at org.apache.ratis.thirdparty.io.netty.util.concurrent.FastThreadLocalRunnable.run(FastThreadLocalRunnable.java:30)
	... 1 more
2019-06-13 20:53:10,294 INFO  ozone.MiniOzoneClusterImpl (MiniOzoneClusterImpl.java:lambda$waitForClusterToBeReady$0(142)) - Waiting for cluster to be ready. Got 9 of 10 DN Heartbeats.
2019-06-13 20:53:11,295 INFO  ozone.MiniOzoneClusterImpl (MiniOzoneClusterImpl.java:lambda$waitForClusterToBeReady$0(142)) - Waiting for cluster to be ready. Got 9 of 10 DN Heartbeats.
2019-06-13 20:53:11,691 INFO  ozoneimpl.OzoneContainer (OzoneContainer.java:start(186)) - Attempting to start container services.
2019-06-13 20:53:11,691 INFO  ozoneimpl.OzoneContainer (OzoneContainer.java:startContainerScrub(160)) - Background container scrubber has been disabled by hdds.containerscrub.enabled
2019-06-13 20:53:12,295 INFO  ozone.MiniOzoneClusterImpl (MiniOzoneClusterImpl.java:lambda$waitForClusterToBeReady$0(142)) - Waiting for cluster to be ready. Got 9 of 10 DN Heartbeats.
2019-06-13 20:53:13,295 INFO  ozone.MiniOzoneClusterImpl (MiniOzoneClusterImpl.java:lambda$waitForClusterToBeReady$0(142)) - Waiting for cluster to be ready. Got 9 of 10 DN Heartbeats.
2019-06-13 20:53:13,691 INFO  ozoneimpl.OzoneContainer (OzoneContainer.java:start(186)) - Attempting to start container services.
2019-06-13 20:53:13,691 INFO  ozoneimpl.OzoneContainer (OzoneContainer.java:startContainerScrub(160)) - Background container scrubber has been disabled by hdds.containerscrub.enabled
2019-06-13 20:53:14,296 INFO  ozone.MiniOzoneClusterImpl (MiniOzoneClusterImpl.java:lambda$waitForClusterToBeReady$0(142)) - Waiting for cluster to be ready. Got 9 of 10 DN Heartbeats.
2019-06-13 20:53:15,296 INFO  ozone.MiniOzoneClusterImpl (MiniOzoneClusterImpl.java:lambda$waitForClusterToBeReady$0(142)) - Waiting for cluster to be ready. Got 9 of 10 DN Heartbeats.
2019-06-13 20:53:15,691 INFO  ozoneimpl.OzoneContainer (OzoneContainer.java:start(186)) - Attempting to start container services.
2019-06-13 20:53:15,691 INFO  ozoneimpl.OzoneContainer (OzoneContainer.java:startContainerScrub(160)) - Background container scrubber has been disabled by hdds.containerscrub.enabled
2019-06-13 20:53:16,296 INFO  ozone.MiniOzoneClusterImpl (MiniOzoneClusterImpl.java:lambda$waitForClusterToBeReady$0(142)) - Waiting for cluster to be ready. Got 9 of 10 DN Heartbeats.
2019-06-13 20:53:17,298 INFO  ozone.MiniOzoneClusterImpl (MiniOzoneClusterImpl.java:lambda$waitForClusterToBeReady$0(142)) - Waiting for cluster to be ready. Got 9 of 10 DN Heartbeats.
2019-06-13 20:53:17,690 INFO  ozoneimpl.OzoneContainer (OzoneContainer.java:start(186)) - Attempting to start container services.
2019-06-13 20:53:17,690 INFO  ozoneimpl.OzoneContainer (OzoneContainer.java:startContainerScrub(160)) - Background container scrubber has been disabled by hdds.containerscrub.enabled
2019-06-13 20:53:18,300 INFO  ozone.MiniOzoneClusterImpl (MiniOzoneClusterImpl.java:lambda$waitForClusterToBeReady$0(142)) - Waiting for cluster to be ready. Got 9 of 10 DN Heartbeats.
2019-06-13 20:53:19,303 INFO  ozone.MiniOzoneClusterImpl (MiniOzoneClusterImpl.java:lambda$waitForClusterToBeReady$0(142)) - Waiting for cluster to be ready. Got 9 of 10 DN Heartbeats.
2019-06-13 20:53:19,691 INFO  ozoneimpl.OzoneContainer (OzoneContainer.java:start(186)) - Attempting to start container services.
2019-06-13 20:53:19,691 INFO  ozoneimpl.OzoneContainer (OzoneContainer.java:startContainerScrub(160)) - Background container scrubber has been disabled by hdds.containerscrub.enabled
2019-06-13 20:53:20,305 INFO  ozone.MiniOzoneClusterImpl (MiniOzoneClusterImpl.java:lambda$waitForClusterToBeReady$0(142)) - Waiting for cluster to be ready. Got 9 of 10 DN Heartbeats.
2019-06-13 20:53:21,308 INFO  ozone.MiniOzoneClusterImpl (MiniOzoneClusterImpl.java:lambda$waitForClusterToBeReady$0(142)) - Waiting for cluster to be ready. Got 9 of 10 DN Heartbeats.
2019-06-13 20:53:21,691 INFO  ozoneimpl.OzoneContainer (OzoneContainer.java:start(186)) - Attempting to start container services.
2019-06-13 20:53:21,691 INFO  ozoneimpl.OzoneContainer (OzoneContainer.java:startContainerScrub(160)) - Background container scrubber has been disabled by hdds.containerscrub.enabled
2019-06-13 20:53:22,310 INFO  ozone.MiniOzoneClusterImpl (MiniOzoneClusterImpl.java:lambda$waitForClusterToBeReady$0(142)) - Waiting for cluster to be ready. Got 9 of 10 DN Heartbeats.
2019-06-13 20:53:23,312 INFO  ozone.MiniOzoneClusterImpl (MiniOzoneClusterImpl.java:lambda$waitForClusterToBeReady$0(142)) - Waiting for cluster to be ready. Got 9 of 10 DN Heartbeats.
2019-06-13 20:53:23,691 INFO  ozoneimpl.OzoneContainer (OzoneContainer.java:start(186)) - Attempting to start container services.
2019-06-13 20:53:23,691 INFO  ozoneimpl.OzoneContainer (OzoneContainer.java:startContainerScrub(160)) - Background container scrubber has been disabled by hdds.containerscrub.enabled
2019-06-13 20:53:24,314 INFO  ozone.MiniOzoneClusterImpl (MiniOzoneClusterImpl.java:lambda$waitForClusterToBeReady$0(142)) - Waiting for cluster to be ready. Got 9 of 10 DN Heartbeats.
2019-06-13 20:53:25,315 INFO  ozone.MiniOzoneClusterImpl (MiniOzoneClusterImpl.java:lambda$waitForClusterToBeReady$0(142)) - Waiting for cluster to be ready. Got 9 of 10 DN Heartbeats.
2019-06-13 20:53:25,691 INFO  ozoneimpl.OzoneContainer (OzoneContainer.java:start(186)) - Attempting to start container services.
2019-06-13 20:53:25,691 INFO  ozoneimpl.OzoneContainer (OzoneContainer.java:startContainerScrub(160)) - Background container scrubber has been disabled by hdds.containerscrub.enabled
2019-06-13 20:53:26,315 INFO  ozone.MiniOzoneClusterImpl (MiniOzoneClusterImpl.java:lambda$waitForClusterToBeReady$0(142)) - Waiting for cluster to be ready. Got 9 of 10 DN Heartbeats.
2019-06-13 20:53:27,315 INFO  ozone.MiniOzoneClusterImpl (MiniOzoneClusterImpl.java:lambda$waitForClusterToBeReady$0(142)) - Waiting for cluster to be ready. Got 9 of 10 DN Heartbeats.
2019-06-13 20:53:27,692 INFO  ozoneimpl.OzoneContainer (OzoneContainer.java:start(186)) - Attempting to start container services.
2019-06-13 20:53:27,692 INFO  ozoneimpl.OzoneContainer (OzoneContainer.java:startContainerScrub(160)) - Background container scrubber has been disabled by hdds.containerscrub.enabled
2019-06-13 20:53:28,315 INFO  ozone.MiniOzoneClusterImpl (MiniOzoneClusterImpl.java:lambda$waitForClusterToBeReady$0(142)) - Waiting for cluster to be ready. Got 9 of 10 DN Heartbeats.
2019-06-13 20:53:29,316 INFO  ozone.MiniOzoneClusterImpl (MiniOzoneClusterImpl.java:lambda$waitForClusterToBeReady$0(142)) - Waiting for cluster to be ready. Got 9 of 10 DN Heartbeats.
2019-06-13 20:53:29,691 INFO  ozoneimpl.OzoneContainer (OzoneContainer.java:start(186)) - Attempting to start container services.
2019-06-13 20:53:29,691 INFO  ozoneimpl.OzoneContainer (OzoneContainer.java:startContainerScrub(160)) - Background container scrubber has been disabled by hdds.containerscrub.enabled
2019-06-13 20:53:29,692 ERROR statemachine.EndpointStateMachine (EndpointStateMachine.java:logIfNeeded(204)) - Unable to communicate to SCM server at 0.0.0.0:33779 for past 20 seconds.
java.io.IOException: Failed to bind
	at org.apache.ratis.thirdparty.io.grpc.netty.NettyServer.start(NettyServer.java:253)
	at org.apache.ratis.thirdparty.io.grpc.internal.ServerImpl.start(ServerImpl.java:166)
	at org.apache.ratis.thirdparty.io.grpc.internal.ServerImpl.start(ServerImpl.java:81)
	at org.apache.hadoop.ozone.container.common.transport.server.XceiverServerGrpc.start(XceiverServerGrpc.java:166)
	at org.apache.hadoop.ozone.container.ozoneimpl.OzoneContainer.start(OzoneContainer.java:189)
	at org.apache.hadoop.ozone.container.common.states.endpoint.VersionEndpointTask.call(VersionEndpointTask.java:110)
	at org.apache.hadoop.ozone.container.common.states.endpoint.VersionEndpointTask.call(VersionEndpointTask.java:42)
	at java.util.concurrent.FutureTask.run(FutureTask.java:266)
	at java.util.concurrent.Executors$RunnableAdapter.call(Executors.java:511)
	at java.util.concurrent.FutureTask.run(FutureTask.java:266)
	at java.util.concurrent.ThreadPoolExecutor.runWorker(ThreadPoolExecutor.java:1149)
	at java.util.concurrent.ThreadPoolExecutor$Worker.run(ThreadPoolExecutor.java:624)
	at java.lang.Thread.run(Thread.java:748)
Caused by: java.net.BindException: Address in use
	at sun.nio.ch.Net.bind0(Native Method)
	at sun.nio.ch.Net.bind(Net.java:433)
	at sun.nio.ch.Net.bind(Net.java:425)
	at sun.nio.ch.ServerSocketChannelImpl.bind(ServerSocketChannelImpl.java:223)
	at org.apache.ratis.thirdparty.io.netty.channel.socket.nio.NioServerSocketChannel.doBind(NioServerSocketChannel.java:130)
	at org.apache.ratis.thirdparty.io.netty.channel.AbstractChannel$AbstractUnsafe.bind(AbstractChannel.java:558)
	at org.apache.ratis.thirdparty.io.netty.channel.DefaultChannelPipeline$HeadContext.bind(DefaultChannelPipeline.java:1358)
	at org.apache.ratis.thirdparty.io.netty.channel.AbstractChannelHandlerContext.invokeBind(AbstractChannelHandlerContext.java:501)
	at org.apache.ratis.thirdparty.io.netty.channel.AbstractChannelHandlerContext.bind(AbstractChannelHandlerContext.java:486)
	at org.apache.ratis.thirdparty.io.netty.channel.DefaultChannelPipeline.bind(DefaultChannelPipeline.java:1019)
	at org.apache.ratis.thirdparty.io.netty.channel.AbstractChannel.bind(AbstractChannel.java:254)
	at org.apache.ratis.thirdparty.io.netty.bootstrap.AbstractBootstrap$2.run(AbstractBootstrap.java:366)
	at org.apache.ratis.thirdparty.io.netty.util.concurrent.AbstractEventExecutor.safeExecute(AbstractEventExecutor.java:163)
	at org.apache.ratis.thirdparty.io.netty.util.concurrent.SingleThreadEventExecutor.runAllTasks(SingleThreadEventExecutor.java:404)
	at org.apache.ratis.thirdparty.io.netty.channel.nio.NioEventLoop.run(NioEventLoop.java:462)
	at org.apache.ratis.thirdparty.io.netty.util.concurrent.SingleThreadEventExecutor$5.run(SingleThreadEventExecutor.java:897)
	at org.apache.ratis.thirdparty.io.netty.util.concurrent.FastThreadLocalRunnable.run(FastThreadLocalRunnable.java:30)
	... 1 more
2019-06-13 20:53:30,316 INFO  ozone.MiniOzoneClusterImpl (MiniOzoneClusterImpl.java:lambda$waitForClusterToBeReady$0(142)) - Waiting for cluster to be ready. Got 9 of 10 DN Heartbeats.
2019-06-13 20:53:31,316 INFO  ozone.MiniOzoneClusterImpl (MiniOzoneClusterImpl.java:lambda$waitForClusterToBeReady$0(142)) - Waiting for cluster to be ready. Got 9 of 10 DN Heartbeats.
2019-06-13 20:53:31,692 INFO  ozoneimpl.OzoneContainer (OzoneContainer.java:start(186)) - Attempting to start container services.
2019-06-13 20:53:31,692 INFO  ozoneimpl.OzoneContainer (OzoneContainer.java:startContainerScrub(160)) - Background container scrubber has been disabled by hdds.containerscrub.enabled
2019-06-13 20:53:32,317 INFO  ozone.MiniOzoneClusterImpl (MiniOzoneClusterImpl.java:lambda$waitForClusterToBeReady$0(142)) - Waiting for cluster to be ready. Got 9 of 10 DN Heartbeats.
2019-06-13 20:53:33,317 INFO  ozone.MiniOzoneClusterImpl (MiniOzoneClusterImpl.java:lambda$waitForClusterToBeReady$0(142)) - Waiting for cluster to be ready. Got 9 of 10 DN Heartbeats.
2019-06-13 20:53:33,692 INFO  ozoneimpl.OzoneContainer (OzoneContainer.java:start(186)) - Attempting to start container services.
2019-06-13 20:53:33,692 INFO  ozoneimpl.OzoneContainer (OzoneContainer.java:startContainerScrub(160)) - Background container scrubber has been disabled by hdds.containerscrub.enabled
2019-06-13 20:53:34,317 INFO  ozone.MiniOzoneClusterImpl (MiniOzoneClusterImpl.java:lambda$waitForClusterToBeReady$0(142)) - Waiting for cluster to be ready. Got 9 of 10 DN Heartbeats.
2019-06-13 20:53:35,318 INFO  ozone.MiniOzoneClusterImpl (MiniOzoneClusterImpl.java:lambda$waitForClusterToBeReady$0(142)) - Waiting for cluster to be ready. Got 9 of 10 DN Heartbeats.
2019-06-13 20:53:35,692 INFO  ozoneimpl.OzoneContainer (OzoneContainer.java:start(186)) - Attempting to start container services.
2019-06-13 20:53:35,692 INFO  ozoneimpl.OzoneContainer (OzoneContainer.java:startContainerScrub(160)) - Background container scrubber has been disabled by hdds.containerscrub.enabled
2019-06-13 20:53:36,318 INFO  ozone.MiniOzoneClusterImpl (MiniOzoneClusterImpl.java:lambda$waitForClusterToBeReady$0(142)) - Waiting for cluster to be ready. Got 9 of 10 DN Heartbeats.
2019-06-13 20:53:37,318 INFO  ozone.MiniOzoneClusterImpl (MiniOzoneClusterImpl.java:lambda$waitForClusterToBeReady$0(142)) - Waiting for cluster to be ready. Got 9 of 10 DN Heartbeats.
2019-06-13 20:53:37,692 INFO  ozoneimpl.OzoneContainer (OzoneContainer.java:start(186)) - Attempting to start container services.
2019-06-13 20:53:37,692 INFO  ozoneimpl.OzoneContainer (OzoneContainer.java:startContainerScrub(160)) - Background container scrubber has been disabled by hdds.containerscrub.enabled
2019-06-13 20:53:38,318 INFO  ozone.MiniOzoneClusterImpl (MiniOzoneClusterImpl.java:lambda$waitForClusterToBeReady$0(142)) - Waiting for cluster to be ready. Got 9 of 10 DN Heartbeats.
2019-06-13 20:53:39,319 INFO  ozone.MiniOzoneClusterImpl (MiniOzoneClusterImpl.java:lambda$waitForClusterToBeReady$0(142)) - Waiting for cluster to be ready. Got 9 of 10 DN Heartbeats.
2019-06-13 20:53:39,692 INFO  ozoneimpl.OzoneContainer (OzoneContainer.java:start(186)) - Attempting to start container services.
2019-06-13 20:53:39,692 INFO  ozoneimpl.OzoneContainer (OzoneContainer.java:startContainerScrub(160)) - Background container scrubber has been disabled by hdds.containerscrub.enabled
2019-06-13 20:53:40,319 INFO  ozone.MiniOzoneClusterImpl (MiniOzoneClusterImpl.java:lambda$waitForClusterToBeReady$0(142)) - Waiting for cluster to be ready. Got 9 of 10 DN Heartbeats.
2019-06-13 20:53:41,319 INFO  ozone.MiniOzoneClusterImpl (MiniOzoneClusterImpl.java:lambda$waitForClusterToBeReady$0(142)) - Waiting for cluster to be ready. Got 9 of 10 DN Heartbeats.
2019-06-13 20:53:41,692 INFO  ozoneimpl.OzoneContainer (OzoneContainer.java:start(186)) - Attempting to start container services.
2019-06-13 20:53:41,692 INFO  ozoneimpl.OzoneContainer (OzoneContainer.java:startContainerScrub(160)) - Background container scrubber has been disabled by hdds.containerscrub.enabled
2019-06-13 20:53:42,319 INFO  ozone.MiniOzoneClusterImpl (MiniOzoneClusterImpl.java:lambda$waitForClusterToBeReady$0(142)) - Waiting for cluster to be ready. Got 9 of 10 DN Heartbeats.
2019-06-13 20:53:43,320 INFO  ozone.MiniOzoneClusterImpl (MiniOzoneClusterImpl.java:lambda$waitForClusterToBeReady$0(142)) - Waiting for cluster to be ready. Got 9 of 10 DN Heartbeats.
2019-06-13 20:53:43,692 INFO  ozoneimpl.OzoneContainer (OzoneContainer.java:start(186)) - Attempting to start container services.
2019-06-13 20:53:43,692 INFO  ozoneimpl.OzoneContainer (OzoneContainer.java:startContainerScrub(160)) - Background container scrubber has been disabled by hdds.containerscrub.enabled
2019-06-13 20:53:44,320 INFO  ozone.MiniOzoneClusterImpl (MiniOzoneClusterImpl.java:lambda$waitForClusterToBeReady$0(142)) - Waiting for cluster to be ready. Got 9 of 10 DN Heartbeats.
2019-06-13 20:53:45,320 INFO  ozone.MiniOzoneClusterImpl (MiniOzoneClusterImpl.java:lambda$waitForClusterToBeReady$0(142)) - Waiting for cluster to be ready. Got 9 of 10 DN Heartbeats.
2019-06-13 20:53:45,692 INFO  ozoneimpl.OzoneContainer (OzoneContainer.java:start(186)) - Attempting to start container services.
2019-06-13 20:53:45,692 INFO  ozoneimpl.OzoneContainer (OzoneContainer.java:startContainerScrub(160)) - Background container scrubber has been disabled by hdds.containerscrub.enabled
2019-06-13 20:53:46,321 INFO  ozone.MiniOzoneClusterImpl (MiniOzoneClusterImpl.java:lambda$waitForClusterToBeReady$0(142)) - Waiting for cluster to be ready. Got 9 of 10 DN Heartbeats.
2019-06-13 20:53:47,321 INFO  ozone.MiniOzoneClusterImpl (MiniOzoneClusterImpl.java:lambda$waitForClusterToBeReady$0(142)) - Waiting for cluster to be ready. Got 9 of 10 DN Heartbeats.
2019-06-13 20:53:47,692 INFO  ozoneimpl.OzoneContainer (OzoneContainer.java:start(186)) - Attempting to start container services.
2019-06-13 20:53:47,692 INFO  ozoneimpl.OzoneContainer (OzoneContainer.java:startContainerScrub(160)) - Background container scrubber has been disabled by hdds.containerscrub.enabled
2019-06-13 20:53:48,321 INFO  ozone.MiniOzoneClusterImpl (MiniOzoneClusterImpl.java:lambda$waitForClusterToBeReady$0(142)) - Waiting for cluster to be ready. Got 9 of 10 DN Heartbeats.
2019-06-13 20:53:49,321 INFO  ozone.MiniOzoneClusterImpl (MiniOzoneClusterImpl.java:lambda$waitForClusterToBeReady$0(142)) - Waiting for cluster to be ready. Got 9 of 10 DN Heartbeats.
2019-06-13 20:53:49,405 INFO  ozone.MiniOzoneClusterImpl (MiniOzoneClusterImpl.java:shutdown(321)) - Shutting down the Mini Ozone Cluster
2019-06-13 20:53:49,406 INFO  ozone.MiniOzoneClusterImpl (MiniOzoneClusterImpl.java:stop(336)) - Stopping the Mini Ozone Cluster
2019-06-13 20:53:49,406 INFO  ozone.MiniOzoneClusterImpl (MiniOzoneClusterImpl.java:stop(338)) - Stopping the OzoneManager
2019-06-13 20:53:49,406 INFO  ipc.Server (Server.java:stop(3082)) - Stopping server on 38877
2019-06-13 20:53:49,407 INFO  ipc.Server (Server.java:run(1185)) - Stopping IPC Server listener on 38877
2019-06-13 20:53:49,407 INFO  utils.BackgroundService (BackgroundService.java:shutdown(148)) - Shutting down service KeyDeletingService
2019-06-13 20:53:49,407 INFO  ipc.Server (Server.java:run(1319)) - Stopping IPC Server Responder
2019-06-13 20:53:49,415 INFO  handler.ContextHandler (ContextHandler.java:doStop(910)) - Stopped o.e.j.w.WebAppContext@60baef24{/,null,UNAVAILABLE}{/ozoneManager}
2019-06-13 20:53:49,420 INFO  server.AbstractConnector (AbstractConnector.java:doStop(318)) - Stopped ServerConnector@61533ae{HTTP/1.1,[http/1.1]}{0.0.0.0:0}
2019-06-13 20:53:49,420 INFO  handler.ContextHandler (ContextHandler.java:doStop(910)) - Stopped o.e.j.s.ServletContextHandler@28cb9120{/static,file:///opt/src/hadoop-ozone/integration-test/target/test-classes/webapps/static,UNAVAILABLE}
2019-06-13 20:53:49,420 INFO  handler.ContextHandler (ContextHandler.java:doStop(910)) - Stopped o.e.j.s.ServletContextHandler@375b5b7f{/logs,file:///opt/src/hadoop-ozone/integration-test/target/log,UNAVAILABLE}
2019-06-13 20:53:49,422 INFO  ozone.MiniOzoneClusterImpl (MiniOzoneClusterImpl.java:stop(344)) - Stopping the StorageContainerManager
2019-06-13 20:53:49,422 INFO  server.StorageContainerManager (StorageContainerManager.java:stop(789)) - Stopping Replication Manager Service.
2019-06-13 20:53:49,423 INFO  container.ReplicationManager (ReplicationManager.java:stop(191)) - Replication Monitor Thread is not running.
2019-06-13 20:53:49,423 INFO  server.StorageContainerManager (StorageContainerManager.java:stop(796)) - Stopping Lease Manager of the command watchers
2019-06-13 20:53:49,423 INFO  server.StorageContainerManager (StorageContainerManager.java:stop(803)) - Stopping datanode service RPC server
2019-06-13 20:53:49,423 INFO  server.SCMDatanodeProtocolServer (SCMDatanodeProtocolServer.java:stop(373)) - Stopping the RPC server for DataNodes
2019-06-13 20:53:49,423 INFO  ipc.Server (Server.java:stop(3082)) - Stopping server on 33779
2019-06-13 20:53:49,424 INFO  ipc.Server (Server.java:run(1185)) - Stopping IPC Server listener on 33779
2019-06-13 20:53:49,424 INFO  server.StorageContainerManager (StorageContainerManager.java:stop(811)) - Stopping block service RPC server
2019-06-13 20:53:49,424 INFO  ipc.Server (Server.java:run(1319)) - Stopping IPC Server Responder
2019-06-13 20:53:49,425 INFO  server.SCMBlockProtocolServer (SCMBlockProtocolServer.java:stop(145)) - Stopping the RPC server for Block Protocol
2019-06-13 20:53:49,425 INFO  ipc.Server (Server.java:stop(3082)) - Stopping server on 46447
2019-06-13 20:53:49,426 INFO  ipc.Server (Server.java:run(1185)) - Stopping IPC Server listener on 46447
2019-06-13 20:53:49,426 INFO  server.StorageContainerManager (StorageContainerManager.java:stop(818)) - Stopping the StorageContainerLocationProtocol RPC server
2019-06-13 20:53:49,426 INFO  ipc.Server (Server.java:run(1319)) - Stopping IPC Server Responder
2019-06-13 20:53:49,427 INFO  server.SCMClientProtocolServer (SCMClientProtocolServer.java:stop(157)) - Stopping the RPC server for Client Protocol
2019-06-13 20:53:49,427 INFO  ipc.Server (Server.java:stop(3082)) - Stopping server on 33423
2019-06-13 20:53:49,427 INFO  ipc.Server (Server.java:run(1185)) - Stopping IPC Server listener on 33423
2019-06-13 20:53:49,428 INFO  server.StorageContainerManager (StorageContainerManager.java:stop(825)) - Stopping Storage Container Manager HTTP server.
2019-06-13 20:53:49,428 INFO  ipc.Server (Server.java:run(1319)) - Stopping IPC Server Responder
2019-06-13 20:53:49,429 INFO  handler.ContextHandler (ContextHandler.java:doStop(910)) - Stopped o.e.j.w.WebAppContext@60b71e8f{/,null,UNAVAILABLE}{/scm}
2019-06-13 20:53:49,429 INFO  server.AbstractConnector (AbstractConnector.java:doStop(318)) - Stopped ServerConnector@27a5328c{HTTP/1.1,[http/1.1]}{0.0.0.0:0}
2019-06-13 20:53:49,430 INFO  handler.ContextHandler (ContextHandler.java:doStop(910)) - Stopped o.e.j.s.ServletContextHandler@49cb9cb5{/static,file:///opt/src/hadoop-ozone/integration-test/target/test-classes/webapps/static,UNAVAILABLE}
2019-06-13 20:53:49,430 INFO  handler.ContextHandler (ContextHandler.java:doStop(910)) - Stopped o.e.j.s.ServletContextHandler@12ed9db6{/logs,file:///opt/src/hadoop-ozone/integration-test/target/log,UNAVAILABLE}
2019-06-13 20:53:49,431 INFO  server.StorageContainerManager (StorageContainerManager.java:stop(836)) - Stopping Block Manager Service.
2019-06-13 20:53:49,431 INFO  utils.BackgroundService (BackgroundService.java:shutdown(148)) - Shutting down service SCMBlockDeletingService
2019-06-13 20:53:49,431 INFO  utils.BackgroundService (BackgroundService.java:shutdown(148)) - Shutting down service SCMBlockDeletingService
2019-06-13 20:53:49,431 INFO  server.StorageContainerManager (StorageContainerManager.java:stop(858)) - Stopping SCM Event Queue.
2019-06-13 20:53:49,434 INFO  ozone.MiniOzoneClusterImpl (MiniOzoneClusterImpl.java:stop(350)) - Shutting the HddsDatanodes
2019-06-13 20:53:49,434 INFO  datanode.ObjectStoreHandler (ObjectStoreHandler.java:close(155)) - Closing ObjectStoreHandler.
2019-06-13 20:53:49,439 INFO  ozone.HddsDatanodeService (HddsDatanodeService.java:stop(452)) - Stopped plug-in org.apache.hadoop.ozone.web.OzoneHddsDatanodeService@704067c6
2019-06-13 20:53:49,440 INFO  statemachine.DatanodeStateMachine (DatanodeStateMachine.java:lambda$startDaemon$0(350)) - Ozone container server started.
2019-06-13 20:53:49,440 INFO  ozoneimpl.OzoneContainer (OzoneContainer.java:stop(199)) - Attempting to stop container services.
2019-06-13 20:53:49,441 INFO  impl.RaftServerProxy (RaftServerProxy.java:lambda$close$4(314)) - a83b0601-c70d-4140-b27f-c227c6feeccd: close
2019-06-13 20:53:49,442 INFO  impl.RaftServerImpl (RaftServerImpl.java:lambda$shutdown$3(238)) - a83b0601-c70d-4140-b27f-c227c6feeccd: shutdown group-357E694019C5
2019-06-13 20:53:49,442 INFO  impl.RaftServerImpl (RaftServerImpl.java:lambda$shutdown$3(238)) - a83b0601-c70d-4140-b27f-c227c6feeccd: shutdown group-83F4FC979FA7
2019-06-13 20:53:49,442 INFO  util.JmxRegister (JmxRegister.java:unregister(73)) - Successfully un-registered JMX Bean with object name Ratis:service=RaftServer,group=group-357E694019C5,id=a83b0601-c70d-4140-b27f-c227c6feeccd
2019-06-13 20:53:49,443 INFO  impl.RoleInfo (RoleInfo.java:shutdownFollowerState(121)) - a83b0601-c70d-4140-b27f-c227c6feeccd: shutdown FollowerState
2019-06-13 20:53:49,443 INFO  impl.StateMachineUpdater (StateMachineUpdater.java:stopAndJoin(109)) - StateMachineUpdater-a83b0601-c70d-4140-b27f-c227c6feeccd-group-357E694019C5: set stopIndex = 0
2019-06-13 20:53:49,443 INFO  util.JmxRegister (JmxRegister.java:unregister(73)) - Successfully un-registered JMX Bean with object name Ratis:service=RaftServer,group=group-83F4FC979FA7,id=a83b0601-c70d-4140-b27f-c227c6feeccd
2019-06-13 20:53:49,443 INFO  ratis.ContainerStateMachine (ContainerStateMachine.java:takeSnapshot(245)) - Taking snapshot at termIndex:(t:0, i:~)
2019-06-13 20:53:49,444 INFO  impl.RaftServerImpl (ServerState.java:close(394)) - a83b0601-c70d-4140-b27f-c227c6feeccd:group-357E694019C5 closes. The last applied log index is 0
2019-06-13 20:53:49,443 INFO  impl.FollowerState (FollowerState.java:run(109)) - a83b0601-c70d-4140-b27f-c227c6feeccd: FollowerState was interrupted: java.lang.InterruptedException: sleep interrupted
2019-06-13 20:53:49,444 INFO  impl.RoleInfo (RoleInfo.java:shutdownLeaderState(104)) - a83b0601-c70d-4140-b27f-c227c6feeccd: shutdown LeaderState
2019-06-13 20:53:49,445 INFO  storage.RaftLogWorker (RaftLogWorker.java:run(236)) - a83b0601-c70d-4140-b27f-c227c6feeccd-RaftLogWorker was interrupted, exiting. There are 0 tasks remaining in the queue.
2019-06-13 20:53:49,449 INFO  impl.PendingRequests (PendingRequests.java:sendNotLeaderResponses(140)) - a83b0601-c70d-4140-b27f-c227c6feeccd-PendingRequests: sendNotLeaderResponses
2019-06-13 20:53:49,449 INFO  storage.RaftLogWorker (RaftLogWorker.java:close(168)) - a83b0601-c70d-4140-b27f-c227c6feeccd-RaftLogWorker close()
2019-06-13 20:53:49,453 INFO  ratis.ContainerStateMachine (ContainerStateMachine.java:takeSnapshot(245)) - Taking snapshot at termIndex:(t:0, i:~)
2019-06-13 20:53:49,453 INFO  impl.StateMachineUpdater (StateMachineUpdater.java:stopAndJoin(109)) - StateMachineUpdater-a83b0601-c70d-4140-b27f-c227c6feeccd-group-83F4FC979FA7: set stopIndex = 0
2019-06-13 20:53:49,454 INFO  impl.RaftServerImpl (ServerState.java:close(394)) - a83b0601-c70d-4140-b27f-c227c6feeccd:group-83F4FC979FA7 closes. The last applied log index is 0
2019-06-13 20:53:49,455 INFO  storage.RaftLogWorker (RaftLogWorker.java:run(236)) - a83b0601-c70d-4140-b27f-c227c6feeccd-RaftLogWorker was interrupted, exiting. There are 0 tasks remaining in the queue.
2019-06-13 20:53:49,457 INFO  storage.RaftLogWorker (RaftLogWorker.java:close(168)) - a83b0601-c70d-4140-b27f-c227c6feeccd-RaftLogWorker close()
2019-06-13 20:53:49,460 INFO  server.GrpcService (GrpcService.java:closeImpl(154)) - a83b0601-c70d-4140-b27f-c227c6feeccd: shutdown server with port 38007 now
2019-06-13 20:53:49,464 INFO  server.GrpcService (GrpcService.java:closeImpl(162)) - a83b0601-c70d-4140-b27f-c227c6feeccd: shutdown server with port 38007 successfully
2019-06-13 20:53:49,464 WARN  server.GrpcServerProtocolService (LogUtils.java:warn(134)) - a83b0601-c70d-4140-b27f-c227c6feeccd: appendEntries onError: org.apache.ratis.thirdparty.io.grpc.StatusRuntimeException: CANCELLED: cancelled before receiving half close
2019-06-13 20:53:49,470 WARN  server.GrpcLogAppender (LogUtils.java:warn(134)) - bcfd8b62-ac69-42ca-b586-3bf2b9944505: Failed appendEntries to a83b0601-c70d-4140-b27f-c227c6feeccd:192.168.46.63:38007: org.apache.ratis.thirdparty.io.grpc.StatusRuntimeException: CANCELLED: HTTP/2 error code: CANCEL
Received Rst Stream
2019-06-13 20:53:49,472 WARN  fs.CachingGetSpaceUsed (CachingGetSpaceUsed.java:run(183)) - Thread Interrupted waiting to refresh disk information: sleep interrupted
2019-06-13 20:53:49,473 INFO  impl.FollowerInfo (FollowerInfo.java:lambda$new$0(50)) - bcfd8b62-ac69-42ca-b586-3bf2b9944505->a83b0601-c70d-4140-b27f-c227c6feeccd: nextIndex: updateUnconditionally 1 -> 0
2019-06-13 20:53:49,482 INFO  statemachine.DatanodeStateMachine (DatanodeStateMachine.java:stopDaemon(395)) - Ozone container server stopped.
2019-06-13 20:53:49,482 INFO  handler.ContextHandler (ContextHandler.java:doStop(910)) - Stopped o.e.j.w.WebAppContext@31ceba99{/,null,UNAVAILABLE}{/hddsDatanode}
2019-06-13 20:53:49,482 INFO  server.AbstractConnector (AbstractConnector.java:doStop(318)) - Stopped ServerConnector@295bf2a{HTTP/1.1,[http/1.1]}{0.0.0.0:0}
2019-06-13 20:53:49,483 INFO  handler.ContextHandler (ContextHandler.java:doStop(910)) - Stopped o.e.j.s.ServletContextHandler@381d7219{/static,jar:file:/root/.m2/repository/org/apache/hadoop/hadoop-hdds-container-service/0.5.0-SNAPSHOT/hadoop-hdds-container-service-0.5.0-SNAPSHOT.jar!/webapps/static,UNAVAILABLE}
2019-06-13 20:53:49,483 INFO  handler.ContextHandler (ContextHandler.java:doStop(910)) - Stopped o.e.j.s.ServletContextHandler@4743a322{/logs,file:///opt/src/hadoop-ozone/integration-test/target/log,UNAVAILABLE}
2019-06-13 20:53:49,484 INFO  datanode.ObjectStoreHandler (ObjectStoreHandler.java:close(155)) - Closing ObjectStoreHandler.
2019-06-13 20:53:49,484 INFO  ozone.HddsDatanodeService (HddsDatanodeService.java:stop(452)) - Stopped plug-in org.apache.hadoop.ozone.web.OzoneHddsDatanodeService@6dca31eb
2019-06-13 20:53:49,484 INFO  statemachine.DatanodeStateMachine (DatanodeStateMachine.java:lambda$startDaemon$0(350)) - Ozone container server started.
2019-06-13 20:53:49,485 INFO  ozoneimpl.OzoneContainer (OzoneContainer.java:stop(199)) - Attempting to stop container services.
2019-06-13 20:53:49,485 INFO  impl.RaftServerProxy (RaftServerProxy.java:lambda$close$4(314)) - 56d08c09-4759-4949-a1a0-7b3dab8b6741: close
2019-06-13 20:53:49,485 INFO  server.GrpcService (GrpcService.java:closeImpl(154)) - 56d08c09-4759-4949-a1a0-7b3dab8b6741: shutdown server with port 36511 now
2019-06-13 20:53:49,485 INFO  server.GrpcService (GrpcService.java:closeImpl(162)) - 56d08c09-4759-4949-a1a0-7b3dab8b6741: shutdown server with port 36511 successfully
2019-06-13 20:53:49,486 WARN  fs.CachingGetSpaceUsed (CachingGetSpaceUsed.java:run(183)) - Thread Interrupted waiting to refresh disk information: sleep interrupted
2019-06-13 20:53:49,495 INFO  statemachine.DatanodeStateMachine (DatanodeStateMachine.java:stopDaemon(395)) - Ozone container server stopped.
2019-06-13 20:53:49,497 ERROR statemachine.EndpointStateMachine (EndpointStateMachine.java:logIfNeeded(204)) - Unable to communicate to SCM server at 0.0.0.0:33779 for past 0 seconds.
java.io.EOFException: End of File Exception between local host is: "ozone-n9fvl-1305937406/192.168.46.63"; destination host is: "0.0.0.0":33779; : java.io.EOFException; For more details see:  http://wiki.apache.org/hadoop/EOFException
	at sun.reflect.NativeConstructorAccessorImpl.newInstance0(Native Method)
	at sun.reflect.NativeConstructorAccessorImpl.newInstance(NativeConstructorAccessorImpl.java:62)
	at sun.reflect.DelegatingConstructorAccessorImpl.newInstance(DelegatingConstructorAccessorImpl.java:45)
	at java.lang.reflect.Constructor.newInstance(Constructor.java:423)
	at org.apache.hadoop.net.NetUtils.wrapWithMessage(NetUtils.java:831)
	at org.apache.hadoop.net.NetUtils.wrapException(NetUtils.java:789)
	at org.apache.hadoop.ipc.Client.getRpcResponse(Client.java:1515)
	at org.apache.hadoop.ipc.Client.call(Client.java:1457)
	at org.apache.hadoop.ipc.Client.call(Client.java:1367)
	at org.apache.hadoop.ipc.ProtobufRpcEngine$Invoker.invoke(ProtobufRpcEngine.java:228)
	at org.apache.hadoop.ipc.ProtobufRpcEngine$Invoker.invoke(ProtobufRpcEngine.java:116)
	at com.sun.proxy.$Proxy84.sendHeartbeat(Unknown Source)
	at org.apache.hadoop.ozone.protocolPB.StorageContainerDatanodeProtocolClientSideTranslatorPB.sendHeartbeat(StorageContainerDatanodeProtocolClientSideTranslatorPB.java:131)
	at org.apache.hadoop.ozone.container.common.states.endpoint.HeartbeatEndpointTask.call(HeartbeatEndpointTask.java:139)
	at org.apache.hadoop.ozone.container.common.states.endpoint.HeartbeatEndpointTask.call(HeartbeatEndpointTask.java:74)
	at java.util.concurrent.FutureTask.run(FutureTask.java:266)
	at java.util.concurrent.Executors$RunnableAdapter.call(Executors.java:511)
	at java.util.concurrent.FutureTask.run(FutureTask.java:266)
	at java.util.concurrent.ThreadPoolExecutor.runWorker(ThreadPoolExecutor.java:1149)
	at java.util.concurrent.ThreadPoolExecutor$Worker.run(ThreadPoolExecutor.java:624)
	at java.lang.Thread.run(Thread.java:748)
Caused by: java.io.EOFException
	at java.io.DataInputStream.readInt(DataInputStream.java:392)
	at org.apache.hadoop.ipc.Client$IpcStreams.readResponse(Client.java:1816)
	at org.apache.hadoop.ipc.Client$Connection.receiveRpcResponse(Client.java:1173)
	at org.apache.hadoop.ipc.Client$Connection.run(Client.java:1069)
2019-06-13 20:53:49,499 INFO  handler.ContextHandler (ContextHandler.java:doStop(910)) - Stopped o.e.j.w.WebAppContext@4872669f{/,null,UNAVAILABLE}{/hddsDatanode}
2019-06-13 20:53:49,500 INFO  server.AbstractConnector (AbstractConnector.java:doStop(318)) - Stopped ServerConnector@5a162f13{HTTP/1.1,[http/1.1]}{0.0.0.0:0}
2019-06-13 20:53:49,500 INFO  handler.ContextHandler (ContextHandler.java:doStop(910)) - Stopped o.e.j.s.ServletContextHandler@11381415{/static,jar:file:/root/.m2/repository/org/apache/hadoop/hadoop-hdds-container-service/0.5.0-SNAPSHOT/hadoop-hdds-container-service-0.5.0-SNAPSHOT.jar!/webapps/static,UNAVAILABLE}
2019-06-13 20:53:49,500 INFO  handler.ContextHandler (ContextHandler.java:doStop(910)) - Stopped o.e.j.s.ServletContextHandler@11d86b9d{/logs,file:///opt/src/hadoop-ozone/integration-test/target/log,UNAVAILABLE}
2019-06-13 20:53:49,501 INFO  datanode.ObjectStoreHandler (ObjectStoreHandler.java:close(155)) - Closing ObjectStoreHandler.
2019-06-13 20:53:49,501 INFO  ozone.HddsDatanodeService (HddsDatanodeService.java:stop(452)) - Stopped plug-in org.apache.hadoop.ozone.web.OzoneHddsDatanodeService@6282b9f5
2019-06-13 20:53:49,501 INFO  statemachine.DatanodeStateMachine (DatanodeStateMachine.java:lambda$startDaemon$0(350)) - Ozone container server started.
2019-06-13 20:53:49,502 INFO  ozoneimpl.OzoneContainer (OzoneContainer.java:stop(199)) - Attempting to stop container services.
2019-06-13 20:53:49,502 INFO  impl.RaftServerProxy (RaftServerProxy.java:lambda$close$4(314)) - e834f043-68c2-4690-911f-e774cd7c845d: close
2019-06-13 20:53:49,503 INFO  impl.RaftServerImpl (RaftServerImpl.java:lambda$shutdown$3(238)) - e834f043-68c2-4690-911f-e774cd7c845d: shutdown group-EC215E1E3AB3
2019-06-13 20:53:49,503 INFO  util.JmxRegister (JmxRegister.java:unregister(73)) - Successfully un-registered JMX Bean with object name Ratis:service=RaftServer,group=group-EC215E1E3AB3,id=e834f043-68c2-4690-911f-e774cd7c845d
2019-06-13 20:53:49,503 INFO  impl.RoleInfo (RoleInfo.java:shutdownFollowerState(121)) - e834f043-68c2-4690-911f-e774cd7c845d: shutdown FollowerState
2019-06-13 20:53:49,504 INFO  impl.StateMachineUpdater (StateMachineUpdater.java:stopAndJoin(109)) - StateMachineUpdater-e834f043-68c2-4690-911f-e774cd7c845d-group-EC215E1E3AB3: set stopIndex = 0
2019-06-13 20:53:49,504 INFO  impl.FollowerState (FollowerState.java:run(109)) - e834f043-68c2-4690-911f-e774cd7c845d: FollowerState was interrupted: java.lang.InterruptedException: sleep interrupted
2019-06-13 20:53:49,504 INFO  impl.RaftServerImpl (RaftServerImpl.java:lambda$shutdown$3(238)) - e834f043-68c2-4690-911f-e774cd7c845d: shutdown group-006A69440002
2019-06-13 20:53:49,504 INFO  ratis.ContainerStateMachine (ContainerStateMachine.java:takeSnapshot(245)) - Taking snapshot at termIndex:(t:0, i:~)
2019-06-13 20:53:49,504 INFO  util.JmxRegister (JmxRegister.java:unregister(73)) - Successfully un-registered JMX Bean with object name Ratis:service=RaftServer,group=group-006A69440002,id=e834f043-68c2-4690-911f-e774cd7c845d
2019-06-13 20:53:49,504 INFO  impl.RaftServerImpl (ServerState.java:close(394)) - e834f043-68c2-4690-911f-e774cd7c845d:group-EC215E1E3AB3 closes. The last applied log index is 0
2019-06-13 20:53:49,504 INFO  impl.RoleInfo (RoleInfo.java:shutdownLeaderState(104)) - e834f043-68c2-4690-911f-e774cd7c845d: shutdown LeaderState
2019-06-13 20:53:49,504 INFO  storage.RaftLogWorker (RaftLogWorker.java:run(236)) - e834f043-68c2-4690-911f-e774cd7c845d-RaftLogWorker was interrupted, exiting. There are 0 tasks remaining in the queue.
2019-06-13 20:53:49,504 INFO  impl.PendingRequests (PendingRequests.java:sendNotLeaderResponses(140)) - e834f043-68c2-4690-911f-e774cd7c845d-PendingRequests: sendNotLeaderResponses
2019-06-13 20:53:49,507 INFO  storage.RaftLogWorker (RaftLogWorker.java:close(168)) - e834f043-68c2-4690-911f-e774cd7c845d-RaftLogWorker close()
2019-06-13 20:53:49,507 INFO  ratis.ContainerStateMachine (ContainerStateMachine.java:takeSnapshot(245)) - Taking snapshot at termIndex:(t:0, i:~)
2019-06-13 20:53:49,510 INFO  impl.StateMachineUpdater (StateMachineUpdater.java:stopAndJoin(109)) - StateMachineUpdater-e834f043-68c2-4690-911f-e774cd7c845d-group-006A69440002: set stopIndex = 0
2019-06-13 20:53:49,511 INFO  impl.RaftServerImpl (ServerState.java:close(394)) - e834f043-68c2-4690-911f-e774cd7c845d:group-006A69440002 closes. The last applied log index is 0
2019-06-13 20:53:49,511 INFO  storage.RaftLogWorker (RaftLogWorker.java:run(236)) - e834f043-68c2-4690-911f-e774cd7c845d-RaftLogWorker was interrupted, exiting. There are 0 tasks remaining in the queue.
2019-06-13 20:53:49,513 INFO  storage.RaftLogWorker (RaftLogWorker.java:close(168)) - e834f043-68c2-4690-911f-e774cd7c845d-RaftLogWorker close()
2019-06-13 20:53:49,515 INFO  server.GrpcService (GrpcService.java:closeImpl(154)) - e834f043-68c2-4690-911f-e774cd7c845d: shutdown server with port 43981 now
2019-06-13 20:53:49,517 WARN  server.GrpcServerProtocolService (LogUtils.java:warn(134)) - e834f043-68c2-4690-911f-e774cd7c845d: appendEntries onError: org.apache.ratis.thirdparty.io.grpc.StatusRuntimeException: CANCELLED: cancelled before receiving half close
2019-06-13 20:53:49,519 INFO  server.GrpcService (GrpcService.java:closeImpl(162)) - e834f043-68c2-4690-911f-e774cd7c845d: shutdown server with port 43981 successfully
2019-06-13 20:53:49,520 WARN  server.GrpcLogAppender (LogUtils.java:warn(134)) - 7e110c32-16c6-4157-bc33-575ee617fed4: Failed appendEntries to e834f043-68c2-4690-911f-e774cd7c845d:192.168.46.63:43981: org.apache.ratis.thirdparty.io.grpc.StatusRuntimeException: CANCELLED: HTTP/2 error code: CANCEL
Received Rst Stream
2019-06-13 20:53:49,522 INFO  impl.FollowerInfo (FollowerInfo.java:lambda$new$0(50)) - 7e110c32-16c6-4157-bc33-575ee617fed4->e834f043-68c2-4690-911f-e774cd7c845d: nextIndex: updateUnconditionally 1 -> 0
2019-06-13 20:53:49,527 WARN  fs.CachingGetSpaceUsed (CachingGetSpaceUsed.java:run(183)) - Thread Interrupted waiting to refresh disk information: sleep interrupted
2019-06-13 20:53:49,534 INFO  statemachine.DatanodeStateMachine (DatanodeStateMachine.java:stopDaemon(395)) - Ozone container server stopped.
2019-06-13 20:53:49,534 INFO  handler.ContextHandler (ContextHandler.java:doStop(910)) - Stopped o.e.j.w.WebAppContext@577bf0aa{/,null,UNAVAILABLE}{/hddsDatanode}
2019-06-13 20:53:49,534 INFO  server.AbstractConnector (AbstractConnector.java:doStop(318)) - Stopped ServerConnector@7455dacb{HTTP/1.1,[http/1.1]}{0.0.0.0:0}
2019-06-13 20:53:49,535 INFO  handler.ContextHandler (ContextHandler.java:doStop(910)) - Stopped o.e.j.s.ServletContextHandler@477021ee{/static,jar:file:/root/.m2/repository/org/apache/hadoop/hadoop-hdds-container-service/0.5.0-SNAPSHOT/hadoop-hdds-container-service-0.5.0-SNAPSHOT.jar!/webapps/static,UNAVAILABLE}
2019-06-13 20:53:49,535 INFO  handler.ContextHandler (ContextHandler.java:doStop(910)) - Stopped o.e.j.s.ServletContextHandler@5934ca1e{/logs,file:///opt/src/hadoop-ozone/integration-test/target/log,UNAVAILABLE}
2019-06-13 20:53:49,536 INFO  datanode.ObjectStoreHandler (ObjectStoreHandler.java:close(155)) - Closing ObjectStoreHandler.
2019-06-13 20:53:49,536 INFO  ozone.HddsDatanodeService (HddsDatanodeService.java:stop(452)) - Stopped plug-in org.apache.hadoop.ozone.web.OzoneHddsDatanodeService@5b02a984
2019-06-13 20:53:49,536 INFO  statemachine.DatanodeStateMachine (DatanodeStateMachine.java:lambda$startDaemon$0(350)) - Ozone container server started.
2019-06-13 20:53:49,536 INFO  ozoneimpl.OzoneContainer (OzoneContainer.java:stop(199)) - Attempting to stop container services.
2019-06-13 20:53:49,536 INFO  impl.RaftServerProxy (RaftServerProxy.java:lambda$close$4(314)) - 2a700f1f-da98-49ef-9a26-03cc6c63ade6: close
2019-06-13 20:53:49,536 INFO  impl.RaftServerImpl (RaftServerImpl.java:lambda$shutdown$3(238)) - 2a700f1f-da98-49ef-9a26-03cc6c63ade6: shutdown group-357E694019C5
2019-06-13 20:53:49,537 INFO  util.JmxRegister (JmxRegister.java:unregister(73)) - Successfully un-registered JMX Bean with object name Ratis:service=RaftServer,group=group-357E694019C5,id=2a700f1f-da98-49ef-9a26-03cc6c63ade6
2019-06-13 20:53:49,537 INFO  impl.RoleInfo (RoleInfo.java:shutdownFollowerState(121)) - 2a700f1f-da98-49ef-9a26-03cc6c63ade6: shutdown FollowerState
2019-06-13 20:53:49,537 INFO  ratis.ContainerStateMachine (ContainerStateMachine.java:takeSnapshot(245)) - Taking snapshot at termIndex:(t:0, i:~)
2019-06-13 20:53:49,537 INFO  impl.FollowerState (FollowerState.java:run(109)) - 2a700f1f-da98-49ef-9a26-03cc6c63ade6: FollowerState was interrupted: java.lang.InterruptedException: sleep interrupted
2019-06-13 20:53:49,537 INFO  impl.StateMachineUpdater (StateMachineUpdater.java:stopAndJoin(109)) - StateMachineUpdater-2a700f1f-da98-49ef-9a26-03cc6c63ade6-group-357E694019C5: set stopIndex = 0
2019-06-13 20:53:49,537 INFO  impl.RaftServerImpl (ServerState.java:close(394)) - 2a700f1f-da98-49ef-9a26-03cc6c63ade6:group-357E694019C5 closes. The last applied log index is 0
2019-06-13 20:53:49,537 INFO  storage.RaftLogWorker (RaftLogWorker.java:run(236)) - 2a700f1f-da98-49ef-9a26-03cc6c63ade6-RaftLogWorker was interrupted, exiting. There are 0 tasks remaining in the queue.
2019-06-13 20:53:49,539 INFO  storage.RaftLogWorker (RaftLogWorker.java:close(168)) - 2a700f1f-da98-49ef-9a26-03cc6c63ade6-RaftLogWorker close()
2019-06-13 20:53:49,541 INFO  impl.RaftServerImpl (RaftServerImpl.java:lambda$shutdown$3(238)) - 2a700f1f-da98-49ef-9a26-03cc6c63ade6: shutdown group-9B2A0165E1E5
2019-06-13 20:53:49,542 INFO  util.JmxRegister (JmxRegister.java:unregister(73)) - Successfully un-registered JMX Bean with object name Ratis:service=RaftServer,group=group-9B2A0165E1E5,id=2a700f1f-da98-49ef-9a26-03cc6c63ade6
2019-06-13 20:53:49,542 INFO  impl.RoleInfo (RoleInfo.java:shutdownLeaderState(104)) - 2a700f1f-da98-49ef-9a26-03cc6c63ade6: shutdown LeaderState
2019-06-13 20:53:49,542 INFO  impl.PendingRequests (PendingRequests.java:sendNotLeaderResponses(140)) - 2a700f1f-da98-49ef-9a26-03cc6c63ade6-PendingRequests: sendNotLeaderResponses
2019-06-13 20:53:49,542 INFO  impl.StateMachineUpdater (StateMachineUpdater.java:stopAndJoin(109)) - StateMachineUpdater-2a700f1f-da98-49ef-9a26-03cc6c63ade6-group-9B2A0165E1E5: set stopIndex = 0
2019-06-13 20:53:49,542 INFO  ratis.ContainerStateMachine (ContainerStateMachine.java:takeSnapshot(245)) - Taking snapshot at termIndex:(t:0, i:~)
2019-06-13 20:53:49,543 INFO  impl.RaftServerImpl (ServerState.java:close(394)) - 2a700f1f-da98-49ef-9a26-03cc6c63ade6:group-9B2A0165E1E5 closes. The last applied log index is 0
2019-06-13 20:53:49,543 INFO  storage.RaftLogWorker (RaftLogWorker.java:run(236)) - 2a700f1f-da98-49ef-9a26-03cc6c63ade6-RaftLogWorker was interrupted, exiting. There are 0 tasks remaining in the queue.
2019-06-13 20:53:49,545 INFO  storage.RaftLogWorker (RaftLogWorker.java:close(168)) - 2a700f1f-da98-49ef-9a26-03cc6c63ade6-RaftLogWorker close()
2019-06-13 20:53:49,547 INFO  server.GrpcService (GrpcService.java:closeImpl(154)) - 2a700f1f-da98-49ef-9a26-03cc6c63ade6: shutdown server with port 38093 now
2019-06-13 20:53:49,549 WARN  server.GrpcServerProtocolService (LogUtils.java:warn(134)) - 2a700f1f-da98-49ef-9a26-03cc6c63ade6: appendEntries onError: org.apache.ratis.thirdparty.io.grpc.StatusRuntimeException: CANCELLED: cancelled before receiving half close
2019-06-13 20:53:49,549 INFO  server.GrpcService (GrpcService.java:closeImpl(162)) - 2a700f1f-da98-49ef-9a26-03cc6c63ade6: shutdown server with port 38093 successfully
2019-06-13 20:53:49,550 WARN  fs.CachingGetSpaceUsed (CachingGetSpaceUsed.java:run(183)) - Thread Interrupted waiting to refresh disk information: sleep interrupted
2019-06-13 20:53:49,549 WARN  server.GrpcLogAppender (LogUtils.java:warn(134)) - bcfd8b62-ac69-42ca-b586-3bf2b9944505: Failed appendEntries to 2a700f1f-da98-49ef-9a26-03cc6c63ade6:192.168.46.63:38093: org.apache.ratis.thirdparty.io.grpc.StatusRuntimeException: CANCELLED: HTTP/2 error code: CANCEL
Received Rst Stream
2019-06-13 20:53:49,553 INFO  impl.FollowerInfo (FollowerInfo.java:lambda$new$0(50)) - bcfd8b62-ac69-42ca-b586-3bf2b9944505->2a700f1f-da98-49ef-9a26-03cc6c63ade6: nextIndex: updateUnconditionally 1 -> 0
2019-06-13 20:53:49,563 INFO  statemachine.DatanodeStateMachine (DatanodeStateMachine.java:stopDaemon(395)) - Ozone container server stopped.
2019-06-13 20:53:49,564 INFO  handler.ContextHandler (ContextHandler.java:doStop(910)) - Stopped o.e.j.w.WebAppContext@72557746{/,null,UNAVAILABLE}{/hddsDatanode}
2019-06-13 20:53:49,564 INFO  server.AbstractConnector (AbstractConnector.java:doStop(318)) - Stopped ServerConnector@8c12524{HTTP/1.1,[http/1.1]}{0.0.0.0:0}
2019-06-13 20:53:49,565 INFO  handler.ContextHandler (ContextHandler.java:doStop(910)) - Stopped o.e.j.s.ServletContextHandler@6bcae9{/static,jar:file:/root/.m2/repository/org/apache/hadoop/hadoop-hdds-container-service/0.5.0-SNAPSHOT/hadoop-hdds-container-service-0.5.0-SNAPSHOT.jar!/webapps/static,UNAVAILABLE}
2019-06-13 20:53:49,565 INFO  handler.ContextHandler (ContextHandler.java:doStop(910)) - Stopped o.e.j.s.ServletContextHandler@21a46ff1{/logs,file:///opt/src/hadoop-ozone/integration-test/target/log,UNAVAILABLE}
2019-06-13 20:53:49,566 INFO  datanode.ObjectStoreHandler (ObjectStoreHandler.java:close(155)) - Closing ObjectStoreHandler.
2019-06-13 20:53:49,566 INFO  ozone.HddsDatanodeService (HddsDatanodeService.java:stop(452)) - Stopped plug-in org.apache.hadoop.ozone.web.OzoneHddsDatanodeService@1c3b6963
2019-06-13 20:53:49,566 INFO  statemachine.DatanodeStateMachine (DatanodeStateMachine.java:lambda$startDaemon$0(350)) - Ozone container server started.
2019-06-13 20:53:49,566 INFO  ozoneimpl.OzoneContainer (OzoneContainer.java:stop(199)) - Attempting to stop container services.
2019-06-13 20:53:49,566 INFO  impl.RaftServerProxy (RaftServerProxy.java:lambda$close$4(314)) - bcfd8b62-ac69-42ca-b586-3bf2b9944505: close
2019-06-13 20:53:49,567 INFO  impl.RaftServerImpl (RaftServerImpl.java:lambda$shutdown$3(238)) - bcfd8b62-ac69-42ca-b586-3bf2b9944505: shutdown group-357E694019C5
2019-06-13 20:53:49,567 INFO  util.JmxRegister (JmxRegister.java:unregister(73)) - Successfully un-registered JMX Bean with object name Ratis:service=RaftServer,group=group-357E694019C5,id=bcfd8b62-ac69-42ca-b586-3bf2b9944505
2019-06-13 20:53:49,567 INFO  impl.RoleInfo (RoleInfo.java:shutdownLeaderState(104)) - bcfd8b62-ac69-42ca-b586-3bf2b9944505: shutdown LeaderState
2019-06-13 20:53:49,567 INFO  impl.PendingRequests (PendingRequests.java:sendNotLeaderResponses(140)) - bcfd8b62-ac69-42ca-b586-3bf2b9944505-PendingRequests: sendNotLeaderResponses
2019-06-13 20:53:49,567 WARN  server.GrpcLogAppender (GrpcLogAppender.java:mayWait(142)) - GrpcLogAppender(bcfd8b62-ac69-42ca-b586-3bf2b9944505 -> a83b0601-c70d-4140-b27f-c227c6feeccd): Wait interrupted by java.lang.InterruptedException
2019-06-13 20:53:49,567 WARN  server.GrpcLogAppender (GrpcLogAppender.java:mayWait(142)) - GrpcLogAppender(bcfd8b62-ac69-42ca-b586-3bf2b9944505 -> 2a700f1f-da98-49ef-9a26-03cc6c63ade6): Wait interrupted by java.lang.InterruptedException
2019-06-13 20:53:49,567 INFO  ratis.ContainerStateMachine (ContainerStateMachine.java:takeSnapshot(245)) - Taking snapshot at termIndex:(t:0, i:~)
2019-06-13 20:53:49,567 INFO  impl.StateMachineUpdater (StateMachineUpdater.java:stopAndJoin(109)) - StateMachineUpdater-bcfd8b62-ac69-42ca-b586-3bf2b9944505-group-357E694019C5: set stopIndex = 0
2019-06-13 20:53:49,568 INFO  impl.RaftServerImpl (ServerState.java:close(394)) - bcfd8b62-ac69-42ca-b586-3bf2b9944505:group-357E694019C5 closes. The last applied log index is 0
2019-06-13 20:53:49,568 INFO  storage.RaftLogWorker (RaftLogWorker.java:run(236)) - bcfd8b62-ac69-42ca-b586-3bf2b9944505-RaftLogWorker was interrupted, exiting. There are 0 tasks remaining in the queue.
2019-06-13 20:53:49,570 INFO  storage.RaftLogWorker (RaftLogWorker.java:close(168)) - bcfd8b62-ac69-42ca-b586-3bf2b9944505-RaftLogWorker close()
2019-06-13 20:53:49,572 INFO  impl.RaftServerImpl (RaftServerImpl.java:lambda$shutdown$3(238)) - bcfd8b62-ac69-42ca-b586-3bf2b9944505: shutdown group-59BB633C69A2
2019-06-13 20:53:49,572 INFO  util.JmxRegister (JmxRegister.java:unregister(73)) - Successfully un-registered JMX Bean with object name Ratis:service=RaftServer,group=group-59BB633C69A2,id=bcfd8b62-ac69-42ca-b586-3bf2b9944505
2019-06-13 20:53:49,572 INFO  impl.RoleInfo (RoleInfo.java:shutdownLeaderState(104)) - bcfd8b62-ac69-42ca-b586-3bf2b9944505: shutdown LeaderState
2019-06-13 20:53:49,572 INFO  impl.PendingRequests (PendingRequests.java:sendNotLeaderResponses(140)) - bcfd8b62-ac69-42ca-b586-3bf2b9944505-PendingRequests: sendNotLeaderResponses
2019-06-13 20:53:49,573 INFO  impl.StateMachineUpdater (StateMachineUpdater.java:stopAndJoin(109)) - StateMachineUpdater-bcfd8b62-ac69-42ca-b586-3bf2b9944505-group-59BB633C69A2: set stopIndex = 0
2019-06-13 20:53:49,573 INFO  ratis.ContainerStateMachine (ContainerStateMachine.java:takeSnapshot(245)) - Taking snapshot at termIndex:(t:0, i:~)
2019-06-13 20:53:49,573 INFO  impl.RaftServerImpl (ServerState.java:close(394)) - bcfd8b62-ac69-42ca-b586-3bf2b9944505:group-59BB633C69A2 closes. The last applied log index is 0
2019-06-13 20:53:49,573 INFO  storage.RaftLogWorker (RaftLogWorker.java:run(236)) - bcfd8b62-ac69-42ca-b586-3bf2b9944505-RaftLogWorker was interrupted, exiting. There are 0 tasks remaining in the queue.
2019-06-13 20:53:49,575 INFO  storage.RaftLogWorker (RaftLogWorker.java:close(168)) - bcfd8b62-ac69-42ca-b586-3bf2b9944505-RaftLogWorker close()
2019-06-13 20:53:49,576 INFO  server.GrpcService (GrpcService.java:closeImpl(154)) - bcfd8b62-ac69-42ca-b586-3bf2b9944505: shutdown server with port 41689 now
2019-06-13 20:53:49,577 INFO  server.GrpcService (GrpcService.java:closeImpl(162)) - bcfd8b62-ac69-42ca-b586-3bf2b9944505: shutdown server with port 41689 successfully
2019-06-13 20:53:49,578 WARN  fs.CachingGetSpaceUsed (CachingGetSpaceUsed.java:run(183)) - Thread Interrupted waiting to refresh disk information: sleep interrupted
2019-06-13 20:53:49,586 INFO  statemachine.DatanodeStateMachine (DatanodeStateMachine.java:stopDaemon(395)) - Ozone container server stopped.
2019-06-13 20:53:49,587 INFO  handler.ContextHandler (ContextHandler.java:doStop(910)) - Stopped o.e.j.w.WebAppContext@637c840d{/,null,UNAVAILABLE}{/hddsDatanode}
2019-06-13 20:53:49,587 INFO  server.AbstractConnector (AbstractConnector.java:doStop(318)) - Stopped ServerConnector@51ac12ac{HTTP/1.1,[http/1.1]}{0.0.0.0:0}
2019-06-13 20:53:49,587 INFO  handler.ContextHandler (ContextHandler.java:doStop(910)) - Stopped o.e.j.s.ServletContextHandler@33ec2c0c{/static,jar:file:/root/.m2/repository/org/apache/hadoop/hadoop-hdds-container-service/0.5.0-SNAPSHOT/hadoop-hdds-container-service-0.5.0-SNAPSHOT.jar!/webapps/static,UNAVAILABLE}
2019-06-13 20:53:49,588 INFO  handler.ContextHandler (ContextHandler.java:doStop(910)) - Stopped o.e.j.s.ServletContextHandler@3e5beab5{/logs,file:///opt/src/hadoop-ozone/integration-test/target/log,UNAVAILABLE}
2019-06-13 20:53:49,589 INFO  datanode.ObjectStoreHandler (ObjectStoreHandler.java:close(155)) - Closing ObjectStoreHandler.
2019-06-13 20:53:49,589 INFO  ozone.HddsDatanodeService (HddsDatanodeService.java:stop(452)) - Stopped plug-in org.apache.hadoop.ozone.web.OzoneHddsDatanodeService@7b5021d1
2019-06-13 20:53:49,589 INFO  statemachine.DatanodeStateMachine (DatanodeStateMachine.java:lambda$startDaemon$0(350)) - Ozone container server started.
2019-06-13 20:53:49,589 INFO  ozoneimpl.OzoneContainer (OzoneContainer.java:stop(199)) - Attempting to stop container services.
2019-06-13 20:53:49,590 INFO  impl.RaftServerProxy (RaftServerProxy.java:lambda$close$4(314)) - a55bb28c-9a91-49a0-99cd-6faaa1ad267a: close
2019-06-13 20:53:49,590 INFO  impl.RaftServerImpl (RaftServerImpl.java:lambda$shutdown$3(238)) - a55bb28c-9a91-49a0-99cd-6faaa1ad267a: shutdown group-EEA9FF9406CC
2019-06-13 20:53:49,590 INFO  util.JmxRegister (JmxRegister.java:unregister(73)) - Successfully un-registered JMX Bean with object name Ratis:service=RaftServer,group=group-EEA9FF9406CC,id=a55bb28c-9a91-49a0-99cd-6faaa1ad267a
2019-06-13 20:53:49,590 INFO  impl.RoleInfo (RoleInfo.java:shutdownLeaderState(104)) - a55bb28c-9a91-49a0-99cd-6faaa1ad267a: shutdown LeaderState
2019-06-13 20:53:49,590 INFO  impl.PendingRequests (PendingRequests.java:sendNotLeaderResponses(140)) - a55bb28c-9a91-49a0-99cd-6faaa1ad267a-PendingRequests: sendNotLeaderResponses
2019-06-13 20:53:49,591 INFO  impl.StateMachineUpdater (StateMachineUpdater.java:stopAndJoin(109)) - StateMachineUpdater-a55bb28c-9a91-49a0-99cd-6faaa1ad267a-group-EEA9FF9406CC: set stopIndex = 0
2019-06-13 20:53:49,591 INFO  ratis.ContainerStateMachine (ContainerStateMachine.java:takeSnapshot(245)) - Taking snapshot at termIndex:(t:0, i:~)
2019-06-13 20:53:49,591 INFO  impl.RaftServerImpl (ServerState.java:close(394)) - a55bb28c-9a91-49a0-99cd-6faaa1ad267a:group-EEA9FF9406CC closes. The last applied log index is 0
2019-06-13 20:53:49,591 INFO  storage.RaftLogWorker (RaftLogWorker.java:run(236)) - a55bb28c-9a91-49a0-99cd-6faaa1ad267a-RaftLogWorker was interrupted, exiting. There are 0 tasks remaining in the queue.
2019-06-13 20:53:49,592 INFO  storage.RaftLogWorker (RaftLogWorker.java:close(168)) - a55bb28c-9a91-49a0-99cd-6faaa1ad267a-RaftLogWorker close()
2019-06-13 20:53:49,594 INFO  impl.RaftServerImpl (RaftServerImpl.java:lambda$shutdown$3(238)) - a55bb28c-9a91-49a0-99cd-6faaa1ad267a: shutdown group-EC215E1E3AB3
2019-06-13 20:53:49,594 INFO  util.JmxRegister (JmxRegister.java:unregister(73)) - Successfully un-registered JMX Bean with object name Ratis:service=RaftServer,group=group-EC215E1E3AB3,id=a55bb28c-9a91-49a0-99cd-6faaa1ad267a
2019-06-13 20:53:49,595 INFO  impl.RoleInfo (RoleInfo.java:shutdownFollowerState(121)) - a55bb28c-9a91-49a0-99cd-6faaa1ad267a: shutdown FollowerState
2019-06-13 20:53:49,595 INFO  impl.StateMachineUpdater (StateMachineUpdater.java:stopAndJoin(109)) - StateMachineUpdater-a55bb28c-9a91-49a0-99cd-6faaa1ad267a-group-EC215E1E3AB3: set stopIndex = 0
2019-06-13 20:53:49,595 INFO  impl.FollowerState (FollowerState.java:run(109)) - a55bb28c-9a91-49a0-99cd-6faaa1ad267a: FollowerState was interrupted: java.lang.InterruptedException: sleep interrupted
2019-06-13 20:53:49,595 INFO  ratis.ContainerStateMachine (ContainerStateMachine.java:takeSnapshot(245)) - Taking snapshot at termIndex:(t:0, i:~)
2019-06-13 20:53:49,595 INFO  impl.RaftServerImpl (ServerState.java:close(394)) - a55bb28c-9a91-49a0-99cd-6faaa1ad267a:group-EC215E1E3AB3 closes. The last applied log index is 0
2019-06-13 20:53:49,595 INFO  storage.RaftLogWorker (RaftLogWorker.java:run(236)) - a55bb28c-9a91-49a0-99cd-6faaa1ad267a-RaftLogWorker was interrupted, exiting. There are 0 tasks remaining in the queue.
2019-06-13 20:53:49,597 INFO  storage.RaftLogWorker (RaftLogWorker.java:close(168)) - a55bb28c-9a91-49a0-99cd-6faaa1ad267a-RaftLogWorker close()
2019-06-13 20:53:49,601 INFO  server.GrpcService (GrpcService.java:closeImpl(154)) - a55bb28c-9a91-49a0-99cd-6faaa1ad267a: shutdown server with port 36859 now
2019-06-13 20:53:49,603 WARN  server.GrpcLogAppender (LogUtils.java:warn(134)) - 7e110c32-16c6-4157-bc33-575ee617fed4: Failed appendEntries to a55bb28c-9a91-49a0-99cd-6faaa1ad267a:192.168.46.63:36859: org.apache.ratis.thirdparty.io.grpc.StatusRuntimeException: CANCELLED: HTTP/2 error code: CANCEL
Received Rst Stream
2019-06-13 20:53:49,604 INFO  server.GrpcService (GrpcService.java:closeImpl(162)) - a55bb28c-9a91-49a0-99cd-6faaa1ad267a: shutdown server with port 36859 successfully
2019-06-13 20:53:49,604 WARN  server.GrpcServerProtocolService (LogUtils.java:warn(134)) - a55bb28c-9a91-49a0-99cd-6faaa1ad267a: appendEntries onError: org.apache.ratis.thirdparty.io.grpc.StatusRuntimeException: CANCELLED: cancelled before receiving half close
2019-06-13 20:53:49,604 INFO  impl.FollowerInfo (FollowerInfo.java:lambda$new$0(50)) - 7e110c32-16c6-4157-bc33-575ee617fed4->a55bb28c-9a91-49a0-99cd-6faaa1ad267a: nextIndex: updateUnconditionally 1 -> 0
2019-06-13 20:53:49,605 WARN  fs.CachingGetSpaceUsed (CachingGetSpaceUsed.java:run(183)) - Thread Interrupted waiting to refresh disk information: sleep interrupted
2019-06-13 20:53:49,697 INFO  statemachine.DatanodeStateMachine (DatanodeStateMachine.java:stopDaemon(395)) - Ozone container server stopped.
2019-06-13 20:53:49,698 INFO  handler.ContextHandler (ContextHandler.java:doStop(910)) - Stopped o.e.j.w.WebAppContext@5384ce66{/,null,UNAVAILABLE}{/hddsDatanode}
2019-06-13 20:53:49,698 INFO  server.AbstractConnector (AbstractConnector.java:doStop(318)) - Stopped ServerConnector@6b42e36d{HTTP/1.1,[http/1.1]}{0.0.0.0:0}
2019-06-13 20:53:49,699 INFO  handler.ContextHandler (ContextHandler.java:doStop(910)) - Stopped o.e.j.s.ServletContextHandler@336f49a1{/static,jar:file:/root/.m2/repository/org/apache/hadoop/hadoop-hdds-container-service/0.5.0-SNAPSHOT/hadoop-hdds-container-service-0.5.0-SNAPSHOT.jar!/webapps/static,UNAVAILABLE}
2019-06-13 20:53:49,699 INFO  handler.ContextHandler (ContextHandler.java:doStop(910)) - Stopped o.e.j.s.ServletContextHandler@340afaf8{/logs,file:///opt/src/hadoop-ozone/integration-test/target/log,UNAVAILABLE}
2019-06-13 20:53:49,700 INFO  datanode.ObjectStoreHandler (ObjectStoreHandler.java:close(155)) - Closing ObjectStoreHandler.
2019-06-13 20:53:49,700 INFO  ozone.HddsDatanodeService (HddsDatanodeService.java:stop(452)) - Stopped plug-in org.apache.hadoop.ozone.web.OzoneHddsDatanodeService@1b0e031b
2019-06-13 20:53:49,701 INFO  statemachine.DatanodeStateMachine (DatanodeStateMachine.java:lambda$startDaemon$0(350)) - Ozone container server started.
2019-06-13 20:53:49,701 INFO  ozoneimpl.OzoneContainer (OzoneContainer.java:stop(199)) - Attempting to stop container services.
2019-06-13 20:53:49,702 INFO  impl.RaftServerProxy (RaftServerProxy.java:lambda$close$4(314)) - 7e110c32-16c6-4157-bc33-575ee617fed4: close
2019-06-13 20:53:49,702 INFO  impl.RaftServerImpl (RaftServerImpl.java:lambda$shutdown$3(238)) - 7e110c32-16c6-4157-bc33-575ee617fed4: shutdown group-D1856886D9E8
2019-06-13 20:53:49,702 INFO  util.JmxRegister (JmxRegister.java:unregister(73)) - Successfully un-registered JMX Bean with object name Ratis:service=RaftServer,group=group-D1856886D9E8,id=7e110c32-16c6-4157-bc33-575ee617fed4
2019-06-13 20:53:49,702 INFO  impl.RoleInfo (RoleInfo.java:shutdownLeaderState(104)) - 7e110c32-16c6-4157-bc33-575ee617fed4: shutdown LeaderState
2019-06-13 20:53:49,702 INFO  impl.PendingRequests (PendingRequests.java:sendNotLeaderResponses(140)) - 7e110c32-16c6-4157-bc33-575ee617fed4-PendingRequests: sendNotLeaderResponses
2019-06-13 20:53:49,702 INFO  impl.StateMachineUpdater (StateMachineUpdater.java:stopAndJoin(109)) - StateMachineUpdater-7e110c32-16c6-4157-bc33-575ee617fed4-group-D1856886D9E8: set stopIndex = 0
2019-06-13 20:53:49,705 INFO  ratis.ContainerStateMachine (ContainerStateMachine.java:takeSnapshot(245)) - Taking snapshot at termIndex:(t:0, i:~)
2019-06-13 20:53:49,706 INFO  impl.RaftServerImpl (ServerState.java:close(394)) - 7e110c32-16c6-4157-bc33-575ee617fed4:group-D1856886D9E8 closes. The last applied log index is 0
2019-06-13 20:53:49,706 INFO  storage.RaftLogWorker (RaftLogWorker.java:run(236)) - 7e110c32-16c6-4157-bc33-575ee617fed4-RaftLogWorker was interrupted, exiting. There are 0 tasks remaining in the queue.
2019-06-13 20:53:49,707 INFO  storage.RaftLogWorker (RaftLogWorker.java:close(168)) - 7e110c32-16c6-4157-bc33-575ee617fed4-RaftLogWorker close()
2019-06-13 20:53:49,708 INFO  impl.RaftServerImpl (RaftServerImpl.java:lambda$shutdown$3(238)) - 7e110c32-16c6-4157-bc33-575ee617fed4: shutdown group-EC215E1E3AB3
2019-06-13 20:53:49,708 INFO  util.JmxRegister (JmxRegister.java:unregister(73)) - Successfully un-registered JMX Bean with object name Ratis:service=RaftServer,group=group-EC215E1E3AB3,id=7e110c32-16c6-4157-bc33-575ee617fed4
2019-06-13 20:53:49,708 INFO  impl.RoleInfo (RoleInfo.java:shutdownLeaderState(104)) - 7e110c32-16c6-4157-bc33-575ee617fed4: shutdown LeaderState
2019-06-13 20:53:49,708 INFO  impl.PendingRequests (PendingRequests.java:sendNotLeaderResponses(140)) - 7e110c32-16c6-4157-bc33-575ee617fed4-PendingRequests: sendNotLeaderResponses
2019-06-13 20:53:49,708 WARN  server.GrpcLogAppender (GrpcLogAppender.java:mayWait(142)) - GrpcLogAppender(7e110c32-16c6-4157-bc33-575ee617fed4 -> a55bb28c-9a91-49a0-99cd-6faaa1ad267a): Wait interrupted by java.lang.InterruptedException
2019-06-13 20:53:49,708 INFO  impl.StateMachineUpdater (StateMachineUpdater.java:stopAndJoin(109)) - StateMachineUpdater-7e110c32-16c6-4157-bc33-575ee617fed4-group-EC215E1E3AB3: set stopIndex = 0
2019-06-13 20:53:49,709 WARN  server.GrpcLogAppender (GrpcLogAppender.java:mayWait(142)) - GrpcLogAppender(7e110c32-16c6-4157-bc33-575ee617fed4 -> e834f043-68c2-4690-911f-e774cd7c845d): Wait interrupted by java.lang.InterruptedException
2019-06-13 20:53:49,708 INFO  ratis.ContainerStateMachine (ContainerStateMachine.java:takeSnapshot(245)) - Taking snapshot at termIndex:(t:0, i:~)
2019-06-13 20:53:49,709 INFO  impl.RaftServerImpl (ServerState.java:close(394)) - 7e110c32-16c6-4157-bc33-575ee617fed4:group-EC215E1E3AB3 closes. The last applied log index is 0
2019-06-13 20:53:49,709 INFO  storage.RaftLogWorker (RaftLogWorker.java:run(236)) - 7e110c32-16c6-4157-bc33-575ee617fed4-RaftLogWorker was interrupted, exiting. There are 0 tasks remaining in the queue.
2019-06-13 20:53:49,710 INFO  storage.RaftLogWorker (RaftLogWorker.java:close(168)) - 7e110c32-16c6-4157-bc33-575ee617fed4-RaftLogWorker close()
2019-06-13 20:53:49,711 INFO  server.GrpcService (GrpcService.java:closeImpl(154)) - 7e110c32-16c6-4157-bc33-575ee617fed4: shutdown server with port 44945 now
2019-06-13 20:53:49,712 INFO  server.GrpcService (GrpcService.java:closeImpl(162)) - 7e110c32-16c6-4157-bc33-575ee617fed4: shutdown server with port 44945 successfully
2019-06-13 20:53:49,713 INFO  server.GrpcLogAppender (GrpcLogAppender.java:onError(266)) - GrpcLogAppender(7e110c32-16c6-4157-bc33-575ee617fed4 -> a55bb28c-9a91-49a0-99cd-6faaa1ad267a) is stopped
2019-06-13 20:53:49,714 WARN  fs.CachingGetSpaceUsed (CachingGetSpaceUsed.java:run(183)) - Thread Interrupted waiting to refresh disk information: sleep interrupted
2019-06-13 20:53:49,726 INFO  statemachine.DatanodeStateMachine (DatanodeStateMachine.java:stopDaemon(395)) - Ozone container server stopped.
2019-06-13 20:53:49,726 INFO  handler.ContextHandler (ContextHandler.java:doStop(910)) - Stopped o.e.j.w.WebAppContext@25c1f5ee{/,null,UNAVAILABLE}{/hddsDatanode}
2019-06-13 20:53:49,727 INFO  server.AbstractConnector (AbstractConnector.java:doStop(318)) - Stopped ServerConnector@4bce62b{HTTP/1.1,[http/1.1]}{0.0.0.0:0}
2019-06-13 20:53:49,727 INFO  handler.ContextHandler (ContextHandler.java:doStop(910)) - Stopped o.e.j.s.ServletContextHandler@35e74e08{/static,jar:file:/root/.m2/repository/org/apache/hadoop/hadoop-hdds-container-service/0.5.0-SNAPSHOT/hadoop-hdds-container-service-0.5.0-SNAPSHOT.jar!/webapps/static,UNAVAILABLE}
2019-06-13 20:53:49,727 INFO  handler.ContextHandler (ContextHandler.java:doStop(910)) - Stopped o.e.j.s.ServletContextHandler@70b33256{/logs,file:///opt/src/hadoop-ozone/integration-test/target/log,UNAVAILABLE}
2019-06-13 20:53:49,727 INFO  datanode.ObjectStoreHandler (ObjectStoreHandler.java:close(155)) - Closing ObjectStoreHandler.
2019-06-13 20:53:49,728 INFO  ozone.HddsDatanodeService (HddsDatanodeService.java:stop(452)) - Stopped plug-in org.apache.hadoop.ozone.web.OzoneHddsDatanodeService@782ac148
2019-06-13 20:53:49,729 INFO  statemachine.DatanodeStateMachine (DatanodeStateMachine.java:lambda$startDaemon$0(350)) - Ozone container server started.
2019-06-13 20:53:49,729 INFO  ozoneimpl.OzoneContainer (OzoneContainer.java:stop(199)) - Attempting to stop container services.
2019-06-13 20:53:49,729 INFO  impl.RaftServerProxy (RaftServerProxy.java:lambda$close$4(314)) - 5ff02751-d237-480c-b1e9-4266071b5fb0: close
2019-06-13 20:53:49,729 INFO  impl.RaftServerImpl (RaftServerImpl.java:lambda$shutdown$3(238)) - 5ff02751-d237-480c-b1e9-4266071b5fb0: shutdown group-291085E99653
2019-06-13 20:53:49,730 INFO  util.JmxRegister (JmxRegister.java:unregister(73)) - Successfully un-registered JMX Bean with object name Ratis:service=RaftServer,group=group-291085E99653,id=5ff02751-d237-480c-b1e9-4266071b5fb0
2019-06-13 20:53:49,730 INFO  impl.RoleInfo (RoleInfo.java:shutdownFollowerState(121)) - 5ff02751-d237-480c-b1e9-4266071b5fb0: shutdown FollowerState
2019-06-13 20:53:49,730 INFO  impl.StateMachineUpdater (StateMachineUpdater.java:stopAndJoin(109)) - StateMachineUpdater-5ff02751-d237-480c-b1e9-4266071b5fb0-group-291085E99653: set stopIndex = 0
2019-06-13 20:53:49,730 INFO  impl.FollowerState (FollowerState.java:run(109)) - 5ff02751-d237-480c-b1e9-4266071b5fb0: FollowerState was interrupted: java.lang.InterruptedException: sleep interrupted
2019-06-13 20:53:49,730 INFO  ratis.ContainerStateMachine (ContainerStateMachine.java:takeSnapshot(245)) - Taking snapshot at termIndex:(t:0, i:~)
2019-06-13 20:53:49,730 INFO  impl.RaftServerImpl (ServerState.java:close(394)) - 5ff02751-d237-480c-b1e9-4266071b5fb0:group-291085E99653 closes. The last applied log index is 0
2019-06-13 20:53:49,731 INFO  storage.RaftLogWorker (RaftLogWorker.java:run(236)) - 5ff02751-d237-480c-b1e9-4266071b5fb0-RaftLogWorker was interrupted, exiting. There are 0 tasks remaining in the queue.
2019-06-13 20:53:49,731 INFO  storage.RaftLogWorker (RaftLogWorker.java:close(168)) - 5ff02751-d237-480c-b1e9-4266071b5fb0-RaftLogWorker close()
2019-06-13 20:53:49,732 INFO  impl.RaftServerImpl (RaftServerImpl.java:lambda$shutdown$3(238)) - 5ff02751-d237-480c-b1e9-4266071b5fb0: shutdown group-840E0B4B842C
2019-06-13 20:53:49,732 INFO  util.JmxRegister (JmxRegister.java:unregister(73)) - Successfully un-registered JMX Bean with object name Ratis:service=RaftServer,group=group-840E0B4B842C,id=5ff02751-d237-480c-b1e9-4266071b5fb0
2019-06-13 20:53:49,733 INFO  impl.RoleInfo (RoleInfo.java:shutdownLeaderState(104)) - 5ff02751-d237-480c-b1e9-4266071b5fb0: shutdown LeaderState
2019-06-13 20:53:49,733 INFO  impl.PendingRequests (PendingRequests.java:sendNotLeaderResponses(140)) - 5ff02751-d237-480c-b1e9-4266071b5fb0-PendingRequests: sendNotLeaderResponses
2019-06-13 20:53:49,733 INFO  impl.StateMachineUpdater (StateMachineUpdater.java:stopAndJoin(109)) - StateMachineUpdater-5ff02751-d237-480c-b1e9-4266071b5fb0-group-840E0B4B842C: set stopIndex = 0
2019-06-13 20:53:49,733 INFO  ratis.ContainerStateMachine (ContainerStateMachine.java:takeSnapshot(245)) - Taking snapshot at termIndex:(t:0, i:~)
2019-06-13 20:53:49,733 INFO  impl.RaftServerImpl (ServerState.java:close(394)) - 5ff02751-d237-480c-b1e9-4266071b5fb0:group-840E0B4B842C closes. The last applied log index is 0
2019-06-13 20:53:49,734 INFO  storage.RaftLogWorker (RaftLogWorker.java:run(236)) - 5ff02751-d237-480c-b1e9-4266071b5fb0-RaftLogWorker was interrupted, exiting. There are 0 tasks remaining in the queue.
2019-06-13 20:53:49,734 INFO  storage.RaftLogWorker (RaftLogWorker.java:close(168)) - 5ff02751-d237-480c-b1e9-4266071b5fb0-RaftLogWorker close()
2019-06-13 20:53:49,737 INFO  server.GrpcService (GrpcService.java:closeImpl(154)) - 5ff02751-d237-480c-b1e9-4266071b5fb0: shutdown server with port 39927 now
2019-06-13 20:53:49,738 WARN  server.GrpcServerProtocolService (LogUtils.java:warn(134)) - 5ff02751-d237-480c-b1e9-4266071b5fb0: appendEntries onError: org.apache.ratis.thirdparty.io.grpc.StatusRuntimeException: CANCELLED: cancelled before receiving half close
2019-06-13 20:53:49,740 INFO  server.GrpcService (GrpcService.java:closeImpl(162)) - 5ff02751-d237-480c-b1e9-4266071b5fb0: shutdown server with port 39927 successfully
2019-06-13 20:53:49,740 WARN  server.GrpcLogAppender (LogUtils.java:warn(134)) - cd0c8ecd-7ef6-4060-bf45-94f9de670313: Failed appendEntries to 5ff02751-d237-480c-b1e9-4266071b5fb0:192.168.46.63:39927: org.apache.ratis.thirdparty.io.grpc.StatusRuntimeException: CANCELLED: HTTP/2 error code: CANCEL
Received Rst Stream
2019-06-13 20:53:49,741 INFO  impl.FollowerInfo (FollowerInfo.java:lambda$new$0(50)) - cd0c8ecd-7ef6-4060-bf45-94f9de670313->5ff02751-d237-480c-b1e9-4266071b5fb0: nextIndex: updateUnconditionally 1 -> 0
2019-06-13 20:53:49,742 WARN  fs.CachingGetSpaceUsed (CachingGetSpaceUsed.java:run(183)) - Thread Interrupted waiting to refresh disk information: sleep interrupted
2019-06-13 20:53:49,752 INFO  statemachine.DatanodeStateMachine (DatanodeStateMachine.java:stopDaemon(395)) - Ozone container server stopped.
2019-06-13 20:53:49,753 INFO  handler.ContextHandler (ContextHandler.java:doStop(910)) - Stopped o.e.j.w.WebAppContext@59f45950{/,null,UNAVAILABLE}{/hddsDatanode}
2019-06-13 20:53:49,753 INFO  server.AbstractConnector (AbstractConnector.java:doStop(318)) - Stopped ServerConnector@7871d261{HTTP/1.1,[http/1.1]}{0.0.0.0:0}
2019-06-13 20:53:49,754 INFO  handler.ContextHandler (ContextHandler.java:doStop(910)) - Stopped o.e.j.s.ServletContextHandler@77663cd7{/static,jar:file:/root/.m2/repository/org/apache/hadoop/hadoop-hdds-container-service/0.5.0-SNAPSHOT/hadoop-hdds-container-service-0.5.0-SNAPSHOT.jar!/webapps/static,UNAVAILABLE}
2019-06-13 20:53:49,754 INFO  handler.ContextHandler (ContextHandler.java:doStop(910)) - Stopped o.e.j.s.ServletContextHandler@63e4484d{/logs,file:///opt/src/hadoop-ozone/integration-test/target/log,UNAVAILABLE}
2019-06-13 20:53:49,754 INFO  datanode.ObjectStoreHandler (ObjectStoreHandler.java:close(155)) - Closing ObjectStoreHandler.
2019-06-13 20:53:49,755 INFO  ozone.HddsDatanodeService (HddsDatanodeService.java:stop(452)) - Stopped plug-in org.apache.hadoop.ozone.web.OzoneHddsDatanodeService@542c65d9
2019-06-13 20:53:49,755 INFO  statemachine.DatanodeStateMachine (DatanodeStateMachine.java:lambda$startDaemon$0(350)) - Ozone container server started.
2019-06-13 20:53:49,755 INFO  ozoneimpl.OzoneContainer (OzoneContainer.java:stop(199)) - Attempting to stop container services.
2019-06-13 20:53:49,756 INFO  impl.RaftServerProxy (RaftServerProxy.java:lambda$close$4(314)) - cd0c8ecd-7ef6-4060-bf45-94f9de670313: close
2019-06-13 20:53:49,756 INFO  impl.RaftServerImpl (RaftServerImpl.java:lambda$shutdown$3(238)) - cd0c8ecd-7ef6-4060-bf45-94f9de670313: shutdown group-C3E35E1227F9
2019-06-13 20:53:49,756 INFO  util.JmxRegister (JmxRegister.java:unregister(73)) - Successfully un-registered JMX Bean with object name Ratis:service=RaftServer,group=group-C3E35E1227F9,id=cd0c8ecd-7ef6-4060-bf45-94f9de670313
2019-06-13 20:53:49,756 INFO  impl.RoleInfo (RoleInfo.java:shutdownLeaderState(104)) - cd0c8ecd-7ef6-4060-bf45-94f9de670313: shutdown LeaderState
2019-06-13 20:53:49,756 INFO  impl.PendingRequests (PendingRequests.java:sendNotLeaderResponses(140)) - cd0c8ecd-7ef6-4060-bf45-94f9de670313-PendingRequests: sendNotLeaderResponses
2019-06-13 20:53:49,757 INFO  impl.StateMachineUpdater (StateMachineUpdater.java:stopAndJoin(109)) - StateMachineUpdater-cd0c8ecd-7ef6-4060-bf45-94f9de670313-group-C3E35E1227F9: set stopIndex = 0
2019-06-13 20:53:49,757 INFO  ratis.ContainerStateMachine (ContainerStateMachine.java:takeSnapshot(245)) - Taking snapshot at termIndex:(t:0, i:~)
2019-06-13 20:53:49,757 INFO  impl.RaftServerImpl (ServerState.java:close(394)) - cd0c8ecd-7ef6-4060-bf45-94f9de670313:group-C3E35E1227F9 closes. The last applied log index is 0
2019-06-13 20:53:49,757 INFO  storage.RaftLogWorker (RaftLogWorker.java:run(236)) - cd0c8ecd-7ef6-4060-bf45-94f9de670313-RaftLogWorker was interrupted, exiting. There are 0 tasks remaining in the queue.
2019-06-13 20:53:49,758 INFO  storage.RaftLogWorker (RaftLogWorker.java:close(168)) - cd0c8ecd-7ef6-4060-bf45-94f9de670313-RaftLogWorker close()
2019-06-13 20:53:49,759 INFO  impl.RaftServerImpl (RaftServerImpl.java:lambda$shutdown$3(238)) - cd0c8ecd-7ef6-4060-bf45-94f9de670313: shutdown group-291085E99653
2019-06-13 20:53:49,759 INFO  util.JmxRegister (JmxRegister.java:unregister(73)) - Successfully un-registered JMX Bean with object name Ratis:service=RaftServer,group=group-291085E99653,id=cd0c8ecd-7ef6-4060-bf45-94f9de670313
2019-06-13 20:53:49,759 INFO  impl.RoleInfo (RoleInfo.java:shutdownLeaderState(104)) - cd0c8ecd-7ef6-4060-bf45-94f9de670313: shutdown LeaderState
2019-06-13 20:53:49,760 WARN  server.GrpcLogAppender (GrpcLogAppender.java:mayWait(142)) - GrpcLogAppender(cd0c8ecd-7ef6-4060-bf45-94f9de670313 -> 5ff02751-d237-480c-b1e9-4266071b5fb0): Wait interrupted by java.lang.InterruptedException
2019-06-13 20:53:49,760 INFO  impl.PendingRequests (PendingRequests.java:sendNotLeaderResponses(140)) - cd0c8ecd-7ef6-4060-bf45-94f9de670313-PendingRequests: sendNotLeaderResponses
2019-06-13 20:53:49,760 WARN  server.GrpcLogAppender (GrpcLogAppender.java:mayWait(142)) - GrpcLogAppender(cd0c8ecd-7ef6-4060-bf45-94f9de670313 -> 22b2fce2-e0c4-4bfe-a1ac-a7ae08b7b321): Wait interrupted by java.lang.InterruptedException
2019-06-13 20:53:49,760 INFO  impl.StateMachineUpdater (StateMachineUpdater.java:stopAndJoin(109)) - StateMachineUpdater-cd0c8ecd-7ef6-4060-bf45-94f9de670313-group-291085E99653: set stopIndex = 0
2019-06-13 20:53:49,761 INFO  server.GrpcServerProtocolService (GrpcServerProtocolService.java:onCompleted(104)) - 22b2fce2-e0c4-4bfe-a1ac-a7ae08b7b321: appendEntries completed
2019-06-13 20:53:49,761 INFO  ratis.ContainerStateMachine (ContainerStateMachine.java:takeSnapshot(245)) - Taking snapshot at termIndex:(t:0, i:~)
2019-06-13 20:53:49,761 INFO  impl.RaftServerImpl (ServerState.java:close(394)) - cd0c8ecd-7ef6-4060-bf45-94f9de670313:group-291085E99653 closes. The last applied log index is 0
2019-06-13 20:53:49,762 INFO  server.GrpcLogAppender (GrpcLogAppender.java:onCompleted(277)) - cd0c8ecd-7ef6-4060-bf45-94f9de670313: follower cd0c8ecd-7ef6-4060-bf45-94f9de670313->22b2fce2-e0c4-4bfe-a1ac-a7ae08b7b321(c0,m0,n1, attendVote=true, lastRpcSendTime=468, lastRpcResponseTime=467) response Completed
2019-06-13 20:53:49,762 INFO  storage.RaftLogWorker (RaftLogWorker.java:run(236)) - cd0c8ecd-7ef6-4060-bf45-94f9de670313-RaftLogWorker was interrupted, exiting. There are 0 tasks remaining in the queue.
2019-06-13 20:53:49,763 INFO  storage.RaftLogWorker (RaftLogWorker.java:close(168)) - cd0c8ecd-7ef6-4060-bf45-94f9de670313-RaftLogWorker close()
2019-06-13 20:53:49,763 INFO  impl.FollowerInfo (FollowerInfo.java:lambda$new$0(50)) - cd0c8ecd-7ef6-4060-bf45-94f9de670313->22b2fce2-e0c4-4bfe-a1ac-a7ae08b7b321: nextIndex: updateUnconditionally 1 -> -1
2019-06-13 20:53:49,764 INFO  server.GrpcService (GrpcService.java:closeImpl(154)) - cd0c8ecd-7ef6-4060-bf45-94f9de670313: shutdown server with port 35837 now
2019-06-13 20:53:49,764 INFO  server.GrpcService (GrpcService.java:closeImpl(162)) - cd0c8ecd-7ef6-4060-bf45-94f9de670313: shutdown server with port 35837 successfully
2019-06-13 20:53:49,768 WARN  fs.CachingGetSpaceUsed (CachingGetSpaceUsed.java:run(183)) - Thread Interrupted waiting to refresh disk information: sleep interrupted
2019-06-13 20:53:49,776 INFO  statemachine.DatanodeStateMachine (DatanodeStateMachine.java:stopDaemon(395)) - Ozone container server stopped.
2019-06-13 20:53:49,776 INFO  handler.ContextHandler (ContextHandler.java:doStop(910)) - Stopped o.e.j.w.WebAppContext@4438b862{/,null,UNAVAILABLE}{/hddsDatanode}
2019-06-13 20:53:49,777 INFO  server.AbstractConnector (AbstractConnector.java:doStop(318)) - Stopped ServerConnector@17b6ad97{HTTP/1.1,[http/1.1]}{0.0.0.0:0}
2019-06-13 20:53:49,777 INFO  handler.ContextHandler (ContextHandler.java:doStop(910)) - Stopped o.e.j.s.ServletContextHandler@1805383{/static,jar:file:/root/.m2/repository/org/apache/hadoop/hadoop-hdds-container-service/0.5.0-SNAPSHOT/hadoop-hdds-container-service-0.5.0-SNAPSHOT.jar!/webapps/static,UNAVAILABLE}
2019-06-13 20:53:49,777 INFO  handler.ContextHandler (ContextHandler.java:doStop(910)) - Stopped o.e.j.s.ServletContextHandler@10dfa7ef{/logs,file:///opt/src/hadoop-ozone/integration-test/target/log,UNAVAILABLE}
2019-06-13 20:53:49,778 INFO  datanode.ObjectStoreHandler (ObjectStoreHandler.java:close(155)) - Closing ObjectStoreHandler.
2019-06-13 20:53:49,778 INFO  ozone.HddsDatanodeService (HddsDatanodeService.java:stop(452)) - Stopped plug-in org.apache.hadoop.ozone.web.OzoneHddsDatanodeService@42576db9
2019-06-13 20:53:49,778 INFO  statemachine.DatanodeStateMachine (DatanodeStateMachine.java:lambda$startDaemon$0(350)) - Ozone container server started.
2019-06-13 20:53:49,778 INFO  ozoneimpl.OzoneContainer (OzoneContainer.java:stop(199)) - Attempting to stop container services.
2019-06-13 20:53:49,778 INFO  impl.RaftServerProxy (RaftServerProxy.java:lambda$close$4(314)) - 22b2fce2-e0c4-4bfe-a1ac-a7ae08b7b321: close
2019-06-13 20:53:49,779 INFO  impl.RaftServerImpl (RaftServerImpl.java:lambda$shutdown$3(238)) - 22b2fce2-e0c4-4bfe-a1ac-a7ae08b7b321: shutdown group-291085E99653
2019-06-13 20:53:49,779 INFO  util.JmxRegister (JmxRegister.java:unregister(73)) - Successfully un-registered JMX Bean with object name Ratis:service=RaftServer,group=group-291085E99653,id=22b2fce2-e0c4-4bfe-a1ac-a7ae08b7b321
2019-06-13 20:53:49,779 INFO  impl.RoleInfo (RoleInfo.java:shutdownFollowerState(121)) - 22b2fce2-e0c4-4bfe-a1ac-a7ae08b7b321: shutdown FollowerState
2019-06-13 20:53:49,779 INFO  impl.StateMachineUpdater (StateMachineUpdater.java:stopAndJoin(109)) - StateMachineUpdater-22b2fce2-e0c4-4bfe-a1ac-a7ae08b7b321-group-291085E99653: set stopIndex = 0
2019-06-13 20:53:49,779 INFO  ratis.ContainerStateMachine (ContainerStateMachine.java:takeSnapshot(245)) - Taking snapshot at termIndex:(t:0, i:~)
2019-06-13 20:53:49,779 INFO  impl.FollowerState (FollowerState.java:run(109)) - 22b2fce2-e0c4-4bfe-a1ac-a7ae08b7b321: FollowerState was interrupted: java.lang.InterruptedException: sleep interrupted
2019-06-13 20:53:49,779 INFO  impl.RaftServerImpl (ServerState.java:close(394)) - 22b2fce2-e0c4-4bfe-a1ac-a7ae08b7b321:group-291085E99653 closes. The last applied log index is 0
2019-06-13 20:53:49,780 INFO  storage.RaftLogWorker (RaftLogWorker.java:run(236)) - 22b2fce2-e0c4-4bfe-a1ac-a7ae08b7b321-RaftLogWorker was interrupted, exiting. There are 0 tasks remaining in the queue.
2019-06-13 20:53:49,780 INFO  storage.RaftLogWorker (RaftLogWorker.java:close(168)) - 22b2fce2-e0c4-4bfe-a1ac-a7ae08b7b321-RaftLogWorker close()
2019-06-13 20:53:49,781 INFO  impl.RaftServerImpl (RaftServerImpl.java:lambda$shutdown$3(238)) - 22b2fce2-e0c4-4bfe-a1ac-a7ae08b7b321: shutdown group-D0CDC4E413F4
2019-06-13 20:53:49,781 INFO  util.JmxRegister (JmxRegister.java:unregister(73)) - Successfully un-registered JMX Bean with object name Ratis:service=RaftServer,group=group-D0CDC4E413F4,id=22b2fce2-e0c4-4bfe-a1ac-a7ae08b7b321
2019-06-13 20:53:49,781 INFO  impl.RoleInfo (RoleInfo.java:shutdownLeaderState(104)) - 22b2fce2-e0c4-4bfe-a1ac-a7ae08b7b321: shutdown LeaderState
2019-06-13 20:53:49,781 INFO  impl.PendingRequests (PendingRequests.java:sendNotLeaderResponses(140)) - 22b2fce2-e0c4-4bfe-a1ac-a7ae08b7b321-PendingRequests: sendNotLeaderResponses
2019-06-13 20:53:49,782 INFO  impl.StateMachineUpdater (StateMachineUpdater.java:stopAndJoin(109)) - StateMachineUpdater-22b2fce2-e0c4-4bfe-a1ac-a7ae08b7b321-group-D0CDC4E413F4: set stopIndex = 0
2019-06-13 20:53:49,782 INFO  ratis.ContainerStateMachine (ContainerStateMachine.java:takeSnapshot(245)) - Taking snapshot at termIndex:(t:0, i:~)
2019-06-13 20:53:49,782 INFO  impl.RaftServerImpl (ServerState.java:close(394)) - 22b2fce2-e0c4-4bfe-a1ac-a7ae08b7b321:group-D0CDC4E413F4 closes. The last applied log index is 0
2019-06-13 20:53:49,782 INFO  storage.RaftLogWorker (RaftLogWorker.java:run(236)) - 22b2fce2-e0c4-4bfe-a1ac-a7ae08b7b321-RaftLogWorker was interrupted, exiting. There are 0 tasks remaining in the queue.
2019-06-13 20:53:49,783 INFO  storage.RaftLogWorker (RaftLogWorker.java:close(168)) - 22b2fce2-e0c4-4bfe-a1ac-a7ae08b7b321-RaftLogWorker close()
2019-06-13 20:53:49,783 INFO  server.GrpcService (GrpcService.java:closeImpl(154)) - 22b2fce2-e0c4-4bfe-a1ac-a7ae08b7b321: shutdown server with port 32929 now
2019-06-13 20:53:49,784 INFO  server.GrpcService (GrpcService.java:closeImpl(162)) - 22b2fce2-e0c4-4bfe-a1ac-a7ae08b7b321: shutdown server with port 32929 successfully
2019-06-13 20:53:49,785 WARN  fs.CachingGetSpaceUsed (CachingGetSpaceUsed.java:run(183)) - Thread Interrupted waiting to refresh disk information: sleep interrupted
2019-06-13 20:53:49,795 INFO  statemachine.DatanodeStateMachine (DatanodeStateMachine.java:stopDaemon(395)) - Ozone container server stopped.
2019-06-13 20:53:49,796 INFO  handler.ContextHandler (ContextHandler.java:doStop(910)) - Stopped o.e.j.w.WebAppContext@21e484b{/,null,UNAVAILABLE}{/hddsDatanode}
2019-06-13 20:53:49,797 INFO  server.AbstractConnector (AbstractConnector.java:doStop(318)) - Stopped ServerConnector@191f4d65{HTTP/1.1,[http/1.1]}{0.0.0.0:0}
2019-06-13 20:53:49,797 INFO  handler.ContextHandler (ContextHandler.java:doStop(910)) - Stopped o.e.j.s.ServletContextHandler@74eec640{/static,jar:file:/root/.m2/repository/org/apache/hadoop/hadoop-hdds-container-service/0.5.0-SNAPSHOT/hadoop-hdds-container-service-0.5.0-SNAPSHOT.jar!/webapps/static,UNAVAILABLE}
2019-06-13 20:53:49,797 INFO  handler.ContextHandler (ContextHandler.java:doStop(910)) - Stopped o.e.j.s.ServletContextHandler@ec5f944{/logs,file:///opt/src/hadoop-ozone/integration-test/target/log,UNAVAILABLE}
]]></system-out>
    <system-err><![CDATA[ERROR StatusLogger No Log4j 2 configuration file found. Using default configuration (logging only errors to the console), or user programmatically provided configurations. Set system property 'log4j2.debug' to show Log4j 2 internal initialization logging. See https://logging.apache.org/log4j/2.x/manual/configuration.html for instructions on how to configure Log4j 2
Jun 13, 2019 8:52:46 PM com.sun.jersey.server.impl.application.WebApplicationImpl _initiate
INFO: Initiating Jersey application, version 'Jersey: 1.19 02/11/2015 03:25 AM'
Jun 13, 2019 8:52:47 PM com.sun.jersey.server.impl.application.WebApplicationImpl _initiate
INFO: Initiating Jersey application, version 'Jersey: 1.19 02/11/2015 03:25 AM'
Jun 13, 2019 8:52:47 PM com.sun.jersey.server.impl.application.WebApplicationImpl _initiate
INFO: Initiating Jersey application, version 'Jersey: 1.19 02/11/2015 03:25 AM'
Jun 13, 2019 8:52:47 PM com.sun.jersey.server.impl.application.WebApplicationImpl _initiate
INFO: Initiating Jersey application, version 'Jersey: 1.19 02/11/2015 03:25 AM'
Jun 13, 2019 8:52:48 PM com.sun.jersey.server.impl.application.WebApplicationImpl _initiate
INFO: Initiating Jersey application, version 'Jersey: 1.19 02/11/2015 03:25 AM'
Jun 13, 2019 8:52:48 PM com.sun.jersey.server.impl.application.WebApplicationImpl _initiate
INFO: Initiating Jersey application, version 'Jersey: 1.19 02/11/2015 03:25 AM'
Jun 13, 2019 8:52:48 PM com.sun.jersey.server.impl.application.WebApplicationImpl _initiate
INFO: Initiating Jersey application, version 'Jersey: 1.19 02/11/2015 03:25 AM'
Jun 13, 2019 8:52:48 PM com.sun.jersey.server.impl.application.WebApplicationImpl _initiate
INFO: Initiating Jersey application, version 'Jersey: 1.19 02/11/2015 03:25 AM'
Jun 13, 2019 8:52:48 PM com.sun.jersey.server.impl.application.WebApplicationImpl _initiate
INFO: Initiating Jersey application, version 'Jersey: 1.19 02/11/2015 03:25 AM'
Jun 13, 2019 8:52:49 PM com.sun.jersey.server.impl.application.WebApplicationImpl _initiate
INFO: Initiating Jersey application, version 'Jersey: 1.19 02/11/2015 03:25 AM'
]]></system-err>
  </testcase>
</testsuite>