<?xml version="1.0" encoding="UTF-8"?>
<testsuite xmlns:xsi="http://www.w3.org/2001/XMLSchema-instance" xsi:noNamespaceSchemaLocation="https://maven.apache.org/surefire/maven-surefire-plugin/xsd/surefire-test-report.xsd" name="org.apache.hadoop.ozone.freon.TestRandomKeyGenerator" time="132.975" tests="4" errors="1" skipped="0" failures="0">
  <properties>
    <property name="awt.toolkit" value="sun.awt.X11.XToolkit"/>
    <property name="file.encoding.pkg" value="sun.io"/>
    <property name="java.specification.version" value="1.8"/>
    <property name="sun.cpu.isalist" value=""/>
    <property name="sun.jnu.encoding" value="UTF-8"/>
    <property name="java.class.path" value="/opt/src/hadoop-ozone/tools/target/test-classes:/opt/src/hadoop-ozone/tools/target/classes:/opt/src/hadoop-ozone/ozone-manager/target/classes:/opt/src/hadoop-hdds/docs/target/classes:/home/user/.m2/repository/org/bouncycastle/bcprov-jdk15on/1.60/bcprov-jdk15on-1.60.jar:/opt/src/hadoop-ozone/common/target/classes:/home/user/.m2/repository/org/apache/commons/commons-compress/1.4.1/commons-compress-1.4.1.jar:/home/user/.m2/repository/org/tukaani/xz/1.0/xz-1.0.jar:/home/user/.m2/repository/org/apache/hadoop/hadoop-hdfs-client/3.2.0/hadoop-hdfs-client-3.2.0.jar:/home/user/.m2/repository/com/fasterxml/jackson/core/jackson-annotations/2.9.5/jackson-annotations-2.9.5.jar:/opt/src/hadoop-hdds/common/target/classes:/opt/src/hadoop-hdds/config/target/classes:/home/user/.m2/repository/javax/annotation/javax.annotation-api/1.2/javax.annotation-api-1.2.jar:/home/user/.m2/repository/org/apache/ratis/ratis-server/0.4.0-fe2b15d-SNAPSHOT/ratis-server-0.4.0-fe2b15d-SNAPSHOT.jar:/home/user/.m2/repository/org/apache/ratis/ratis-thirdparty-misc/0.2.0/ratis-thirdparty-misc-0.2.0.jar:/home/user/.m2/repository/org/apache/ratis/ratis-proto/0.4.0-fe2b15d-SNAPSHOT/ratis-proto-0.4.0-fe2b15d-SNAPSHOT.jar:/home/user/.m2/repository/org/apache/ratis/ratis-common/0.4.0-fe2b15d-SNAPSHOT/ratis-common-0.4.0-fe2b15d-SNAPSHOT.jar:/home/user/.m2/repository/org/apache/ratis/ratis-client/0.4.0-fe2b15d-SNAPSHOT/ratis-client-0.4.0-fe2b15d-SNAPSHOT.jar:/home/user/.m2/repository/org/apache/ratis/ratis-netty/0.4.0-fe2b15d-SNAPSHOT/ratis-netty-0.4.0-fe2b15d-SNAPSHOT.jar:/home/user/.m2/repository/org/apache/ratis/ratis-grpc/0.4.0-fe2b15d-SNAPSHOT/ratis-grpc-0.4.0-fe2b15d-SNAPSHOT.jar:/home/user/.m2/repository/org/rocksdb/rocksdbjni/5.14.2/rocksdbjni-5.14.2.jar:/home/user/.m2/repository/org/apache/logging/log4j/log4j-api/2.11.0/log4j-api-2.11.0.jar:/home/user/.m2/repository/org/apache/logging/log4j/log4j-core/2.11.0/log4j-core-2.11.0.jar:/home/user/.m2/repository/com/lmax/disruptor/3.4.2/disruptor-3.4.2.jar:/home/user/.m2/repository/org/apache/commons/commons-pool2/2.6.0/commons-pool2-2.6.0.jar:/home/user/.m2/repository/org/bouncycastle/bcpkix-jdk15on/1.60/bcpkix-jdk15on-1.60.jar:/home/user/.m2/repository/commons-validator/commons-validator/1.6/commons-validator-1.6.jar:/home/user/.m2/repository/commons-digester/commons-digester/1.8.1/commons-digester-1.8.1.jar:/home/user/.m2/repository/io/jaegertracing/jaeger-client/0.33.1/jaeger-client-0.33.1.jar:/home/user/.m2/repository/io/jaegertracing/jaeger-thrift/0.33.1/jaeger-thrift-0.33.1.jar:/home/user/.m2/repository/org/apache/thrift/libthrift/0.11.0/libthrift-0.11.0.jar:/home/user/.m2/repository/com/squareup/okhttp3/okhttp/3.9.0/okhttp-3.9.0.jar:/home/user/.m2/repository/com/squareup/okio/okio/1.13.0/okio-1.13.0.jar:/home/user/.m2/repository/io/jaegertracing/jaeger-core/0.33.1/jaeger-core-0.33.1.jar:/home/user/.m2/repository/io/jaegertracing/jaeger-tracerresolver/0.33.1/jaeger-tracerresolver-0.33.1.jar:/home/user/.m2/repository/io/opentracing/contrib/opentracing-tracerresolver/0.1.5/opentracing-tracerresolver-0.1.5.jar:/home/user/.m2/repository/io/opentracing/opentracing-util/0.31.0/opentracing-util-0.31.0.jar:/home/user/.m2/repository/io/opentracing/opentracing-api/0.31.0/opentracing-api-0.31.0.jar:/home/user/.m2/repository/io/opentracing/opentracing-noop/0.31.0/opentracing-noop-0.31.0.jar:/home/user/.m2/repository/org/yaml/snakeyaml/1.16/snakeyaml-1.16.jar:/opt/src/hadoop-hdds/server-scm/target/classes:/home/user/.m2/repository/org/hamcrest/hamcrest-all/1.3/hamcrest-all-1.3.jar:/opt/src/hadoop-hdds/container-service/target/classes:/opt/src/hadoop-hdds/client/target/classes:/opt/src/hadoop-hdds/tools/target/classes:/home/user/.m2/repository/org/xerial/sqlite-jdbc/3.25.2/sqlite-jdbc-3.25.2.jar:/opt/src/hadoop-ozone/client/target/classes:/home/user/.m2/repository/org/apache/hadoop/hadoop-ozone-filesystem/0.5.0-SNAPSHOT/hadoop-ozone-filesystem-0.5.0-SNAPSHOT.jar:/opt/src/hadoop-hdds/framework/target/classes:/home/user/.m2/repository/info/picocli/picocli/3.9.6/picocli-3.9.6.jar:/home/user/.m2/repository/com/google/protobuf/protobuf-java/2.5.0/protobuf-java-2.5.0.jar:/home/user/.m2/repository/com/google/guava/guava/11.0.2/guava-11.0.2.jar:/home/user/.m2/repository/org/apache/hadoop/hadoop-common/3.2.0/hadoop-common-3.2.0.jar:/home/user/.m2/repository/org/apache/hadoop/hadoop-annotations/3.2.0/hadoop-annotations-3.2.0.jar:/usr/lib/jvm/java-1.8-openjdk/jre/../lib/tools.jar:/home/user/.m2/repository/commons-cli/commons-cli/1.2/commons-cli-1.2.jar:/home/user/.m2/repository/org/apache/commons/commons-math3/3.1.1/commons-math3-3.1.1.jar:/home/user/.m2/repository/org/apache/httpcomponents/httpclient/4.5.2/httpclient-4.5.2.jar:/home/user/.m2/repository/org/apache/httpcomponents/httpcore/4.4.4/httpcore-4.4.4.jar:/home/user/.m2/repository/commons-codec/commons-codec/1.11/commons-codec-1.11.jar:/home/user/.m2/repository/commons-io/commons-io/2.5/commons-io-2.5.jar:/home/user/.m2/repository/commons-net/commons-net/3.6/commons-net-3.6.jar:/home/user/.m2/repository/commons-collections/commons-collections/3.2.2/commons-collections-3.2.2.jar:/home/user/.m2/repository/javax/servlet/javax.servlet-api/3.1.0/javax.servlet-api-3.1.0.jar:/home/user/.m2/repository/org/eclipse/jetty/jetty-server/9.3.24.v20180605/jetty-server-9.3.24.v20180605.jar:/home/user/.m2/repository/org/eclipse/jetty/jetty-http/9.3.24.v20180605/jetty-http-9.3.24.v20180605.jar:/home/user/.m2/repository/org/eclipse/jetty/jetty-io/9.3.24.v20180605/jetty-io-9.3.24.v20180605.jar:/home/user/.m2/repository/org/eclipse/jetty/jetty-util/9.3.24.v20180605/jetty-util-9.3.24.v20180605.jar:/home/user/.m2/repository/org/eclipse/jetty/jetty-servlet/9.3.24.v20180605/jetty-servlet-9.3.24.v20180605.jar:/home/user/.m2/repository/org/eclipse/jetty/jetty-security/9.3.24.v20180605/jetty-security-9.3.24.v20180605.jar:/home/user/.m2/repository/org/eclipse/jetty/jetty-webapp/9.3.24.v20180605/jetty-webapp-9.3.24.v20180605.jar:/home/user/.m2/repository/org/eclipse/jetty/jetty-xml/9.3.24.v20180605/jetty-xml-9.3.24.v20180605.jar:/home/user/.m2/repository/javax/servlet/jsp/jsp-api/2.1/jsp-api-2.1.jar:/home/user/.m2/repository/com/sun/jersey/jersey-core/1.19/jersey-core-1.19.jar:/home/user/.m2/repository/javax/ws/rs/jsr311-api/1.1.1/jsr311-api-1.1.1.jar:/home/user/.m2/repository/com/sun/jersey/jersey-servlet/1.19/jersey-servlet-1.19.jar:/home/user/.m2/repository/com/sun/jersey/jersey-json/1.19/jersey-json-1.19.jar:/home/user/.m2/repository/org/codehaus/jettison/jettison/1.1/jettison-1.1.jar:/home/user/.m2/repository/com/sun/xml/bind/jaxb-impl/2.3.0.1/jaxb-impl-2.3.0.1.jar:/home/user/.m2/repository/org/codehaus/jackson/jackson-core-asl/1.9.13/jackson-core-asl-1.9.13.jar:/home/user/.m2/repository/org/codehaus/jackson/jackson-mapper-asl/1.9.13/jackson-mapper-asl-1.9.13.jar:/home/user/.m2/repository/org/codehaus/jackson/jackson-jaxrs/1.9.13/jackson-jaxrs-1.9.13.jar:/home/user/.m2/repository/org/codehaus/jackson/jackson-xc/1.9.13/jackson-xc-1.9.13.jar:/home/user/.m2/repository/com/sun/jersey/jersey-server/1.19/jersey-server-1.19.jar:/home/user/.m2/repository/commons-logging/commons-logging/1.1.3/commons-logging-1.1.3.jar:/home/user/.m2/repository/log4j/log4j/1.2.17/log4j-1.2.17.jar:/home/user/.m2/repository/commons-beanutils/commons-beanutils/1.9.3/commons-beanutils-1.9.3.jar:/home/user/.m2/repository/org/apache/commons/commons-configuration2/2.1.1/commons-configuration2-2.1.1.jar:/home/user/.m2/repository/org/apache/commons/commons-lang3/3.7/commons-lang3-3.7.jar:/home/user/.m2/repository/org/apache/commons/commons-text/1.4/commons-text-1.4.jar:/home/user/.m2/repository/org/slf4j/slf4j-api/1.7.25/slf4j-api-1.7.25.jar:/home/user/.m2/repository/org/slf4j/slf4j-log4j12/1.7.25/slf4j-log4j12-1.7.25.jar:/home/user/.m2/repository/org/apache/avro/avro/1.7.7/avro-1.7.7.jar:/home/user/.m2/repository/com/thoughtworks/paranamer/paranamer/2.3/paranamer-2.3.jar:/home/user/.m2/repository/org/xerial/snappy/snappy-java/1.0.5/snappy-java-1.0.5.jar:/home/user/.m2/repository/com/google/re2j/re2j/1.1/re2j-1.1.jar:/home/user/.m2/repository/com/google/code/gson/gson/2.2.4/gson-2.2.4.jar:/home/user/.m2/repository/org/apache/hadoop/hadoop-auth/3.2.0/hadoop-auth-3.2.0.jar:/home/user/.m2/repository/com/nimbusds/nimbus-jose-jwt/4.41.1/nimbus-jose-jwt-4.41.1.jar:/home/user/.m2/repository/com/github/stephenc/jcip/jcip-annotations/1.0-1/jcip-annotations-1.0-1.jar:/home/user/.m2/repository/net/minidev/json-smart/2.3/json-smart-2.3.jar:/home/user/.m2/repository/net/minidev/accessors-smart/1.2/accessors-smart-1.2.jar:/home/user/.m2/repository/org/apache/curator/curator-framework/2.12.0/curator-framework-2.12.0.jar:/home/user/.m2/repository/com/jcraft/jsch/0.1.54/jsch-0.1.54.jar:/home/user/.m2/repository/org/apache/curator/curator-client/2.12.0/curator-client-2.12.0.jar:/home/user/.m2/repository/org/apache/curator/curator-recipes/2.12.0/curator-recipes-2.12.0.jar:/home/user/.m2/repository/com/google/code/findbugs/jsr305/3.0.0/jsr305-3.0.0.jar:/home/user/.m2/repository/org/apache/htrace/htrace-core4/4.1.0-incubating/htrace-core4-4.1.0-incubating.jar:/home/user/.m2/repository/org/apache/zookeeper/zookeeper/3.4.13/zookeeper-3.4.13.jar:/home/user/.m2/repository/org/apache/yetus/audience-annotations/0.5.0/audience-annotations-0.5.0.jar:/home/user/.m2/repository/org/apache/kerby/kerb-simplekdc/1.0.1/kerb-simplekdc-1.0.1.jar:/home/user/.m2/repository/org/apache/kerby/kerb-client/1.0.1/kerb-client-1.0.1.jar:/home/user/.m2/repository/org/apache/kerby/kerby-config/1.0.1/kerby-config-1.0.1.jar:/home/user/.m2/repository/org/apache/kerby/kerb-core/1.0.1/kerb-core-1.0.1.jar:/home/user/.m2/repository/org/apache/kerby/kerby-pkix/1.0.1/kerby-pkix-1.0.1.jar:/home/user/.m2/repository/org/apache/kerby/kerby-asn1/1.0.1/kerby-asn1-1.0.1.jar:/home/user/.m2/repository/org/apache/kerby/kerby-util/1.0.1/kerby-util-1.0.1.jar:/home/user/.m2/repository/org/apache/kerby/kerb-common/1.0.1/kerb-common-1.0.1.jar:/home/user/.m2/repository/org/apache/kerby/kerb-crypto/1.0.1/kerb-crypto-1.0.1.jar:/home/user/.m2/repository/org/apache/kerby/kerb-util/1.0.1/kerb-util-1.0.1.jar:/home/user/.m2/repository/org/apache/kerby/token-provider/1.0.1/token-provider-1.0.1.jar:/home/user/.m2/repository/org/apache/kerby/kerb-admin/1.0.1/kerb-admin-1.0.1.jar:/home/user/.m2/repository/org/apache/kerby/kerb-server/1.0.1/kerb-server-1.0.1.jar:/home/user/.m2/repository/org/apache/kerby/kerb-identity/1.0.1/kerb-identity-1.0.1.jar:/home/user/.m2/repository/org/apache/kerby/kerby-xdr/1.0.1/kerby-xdr-1.0.1.jar:/home/user/.m2/repository/com/fasterxml/jackson/core/jackson-databind/2.9.5/jackson-databind-2.9.5.jar:/home/user/.m2/repository/com/fasterxml/jackson/core/jackson-core/2.9.5/jackson-core-2.9.5.jar:/home/user/.m2/repository/org/codehaus/woodstox/stax2-api/3.1.4/stax2-api-3.1.4.jar:/home/user/.m2/repository/com/fasterxml/woodstox/woodstox-core/5.0.3/woodstox-core-5.0.3.jar:/home/user/.m2/repository/dnsjava/dnsjava/2.1.7/dnsjava-2.1.7.jar:/home/user/.m2/repository/org/apache/hadoop/hadoop-hdfs/3.2.0/hadoop-hdfs-3.2.0.jar:/home/user/.m2/repository/org/eclipse/jetty/jetty-util-ajax/9.3.24.v20180605/jetty-util-ajax-9.3.24.v20180605.jar:/home/user/.m2/repository/commons-daemon/commons-daemon/1.0.13/commons-daemon-1.0.13.jar:/home/user/.m2/repository/io/netty/netty/3.10.5.Final/netty-3.10.5.Final.jar:/home/user/.m2/repository/io/netty/netty-all/4.0.52.Final/netty-all-4.0.52.Final.jar:/home/user/.m2/repository/org/fusesource/leveldbjni/leveldbjni-all/1.8/leveldbjni-all-1.8.jar:/home/user/.m2/repository/com/sun/xml/bind/jaxb-core/2.3.0.1/jaxb-core-2.3.0.1.jar:/home/user/.m2/repository/javax/xml/bind/jaxb-api/2.3.0/jaxb-api-2.3.0.jar:/home/user/.m2/repository/javax/activation/activation/1.1.1/activation-1.1.1.jar:/home/user/.m2/repository/io/dropwizard/metrics/metrics-core/3.2.4/metrics-core-3.2.4.jar:/home/user/.m2/repository/org/openjdk/jmh/jmh-core/1.19/jmh-core-1.19.jar:/home/user/.m2/repository/net/sf/jopt-simple/jopt-simple/4.6/jopt-simple-4.6.jar:/home/user/.m2/repository/org/openjdk/jmh/jmh-generator-annprocess/1.19/jmh-generator-annprocess-1.19.jar:/home/user/.m2/repository/com/google/code/findbugs/findbugs/3.0.1/findbugs-3.0.1.jar:/home/user/.m2/repository/net/jcip/jcip-annotations/1.0/jcip-annotations-1.0.jar:/home/user/.m2/repository/com/google/code/findbugs/bcel-findbugs/6.0/bcel-findbugs-6.0.jar:/home/user/.m2/repository/com/google/code/findbugs/jFormatString/2.0.1/jFormatString-2.0.1.jar:/home/user/.m2/repository/dom4j/dom4j/1.6.1/dom4j-1.6.1.jar:/home/user/.m2/repository/xml-apis/xml-apis/1.0.b2/xml-apis-1.0.b2.jar:/home/user/.m2/repository/org/ow2/asm/asm-debug-all/5.0.2/asm-debug-all-5.0.2.jar:/home/user/.m2/repository/org/ow2/asm/asm-commons/5.0.2/asm-commons-5.0.2.jar:/home/user/.m2/repository/org/ow2/asm/asm-tree/5.0.2/asm-tree-5.0.2.jar:/home/user/.m2/repository/org/ow2/asm/asm/5.0.4/asm-5.0.4.jar:/home/user/.m2/repository/commons-lang/commons-lang/2.6/commons-lang-2.6.jar:/home/user/.m2/repository/com/apple/AppleJavaExtensions/1.4/AppleJavaExtensions-1.4.jar:/home/user/.m2/repository/jaxen/jaxen/1.1.6/jaxen-1.1.6.jar:/home/user/.m2/repository/junit/junit/4.11/junit-4.11.jar:/home/user/.m2/repository/org/hamcrest/hamcrest-core/1.3/hamcrest-core-1.3.jar:/home/user/.m2/repository/org/apache/hadoop/hadoop-common/3.2.0/hadoop-common-3.2.0-tests.jar:/home/user/.m2/repository/org/apache/hadoop/hadoop-ozone-integration-test/0.5.0-SNAPSHOT/hadoop-ozone-integration-test-0.5.0-SNAPSHOT-tests.jar:/opt/src/hadoop-ozone/objectstore-service/target/classes:/opt/src/hadoop-ozone/s3gateway/target/classes:/home/user/.m2/repository/org/jboss/weld/servlet/weld-servlet/2.4.7.Final/weld-servlet-2.4.7.Final.jar:/home/user/.m2/repository/org/glassfish/jersey/containers/jersey-container-servlet-core/2.27/jersey-container-servlet-core-2.27.jar:/home/user/.m2/repository/org/glassfish/hk2/external/javax.inject/2.5.0-b42/javax.inject-2.5.0-b42.jar:/home/user/.m2/repository/org/glassfish/jersey/core/jersey-common/2.27/jersey-common-2.27.jar:/home/user/.m2/repository/org/glassfish/hk2/osgi-resource-locator/1.0.1/osgi-resource-locator-1.0.1.jar:/home/user/.m2/repository/javax/ws/rs/javax.ws.rs-api/2.1/javax.ws.rs-api-2.1.jar:/home/user/.m2/repository/org/glassfish/jersey/ext/cdi/jersey-cdi1x/2.27/jersey-cdi1x-2.27.jar:/home/user/.m2/repository/org/glassfish/jersey/inject/jersey-hk2/2.27/jersey-hk2-2.27.jar:/home/user/.m2/repository/org/glassfish/hk2/hk2-locator/2.5.0-b42/hk2-locator-2.5.0-b42.jar:/home/user/.m2/repository/org/javassist/javassist/3.22.0-CR2/javassist-3.22.0-CR2.jar:/home/user/.m2/repository/org/glassfish/hk2/hk2-api/2.5.0/hk2-api-2.5.0.jar:/home/user/.m2/repository/org/glassfish/hk2/external/jakarta.inject/2.5.0/jakarta.inject-2.5.0.jar:/home/user/.m2/repository/org/glassfish/hk2/hk2-utils/2.5.0/hk2-utils-2.5.0.jar:/home/user/.m2/repository/jakarta/annotation/jakarta.annotation-api/1.3.4/jakarta.annotation-api-1.3.4.jar:/home/user/.m2/repository/org/glassfish/hk2/external/aopalliance-repackaged/2.5.0/aopalliance-repackaged-2.5.0.jar:/home/user/.m2/repository/com/fasterxml/jackson/dataformat/jackson-dataformat-xml/2.9.0/jackson-dataformat-xml-2.9.0.jar:/home/user/.m2/repository/com/fasterxml/jackson/module/jackson-module-jaxb-annotations/2.9.5/jackson-module-jaxb-annotations-2.9.5.jar:/home/user/.m2/repository/javax/enterprise/cdi-api/1.2/cdi-api-1.2.jar:/home/user/.m2/repository/javax/el/javax.el-api/3.0.0/javax.el-api-3.0.0.jar:/home/user/.m2/repository/javax/interceptor/javax.interceptor-api/1.2/javax.interceptor-api-1.2.jar:/home/user/.m2/repository/javax/inject/javax.inject/1/javax.inject-1.jar:/opt/src/hadoop-ozone/csi/target/classes:/home/user/.m2/repository/com/google/protobuf/protobuf-java-util/3.5.1/protobuf-java-util-3.5.1.jar:/home/user/.m2/repository/io/grpc/grpc-netty/1.17.1/grpc-netty-1.17.1.jar:/home/user/.m2/repository/io/grpc/grpc-core/1.17.1/grpc-core-1.17.1.jar:/home/user/.m2/repository/io/grpc/grpc-context/1.17.1/grpc-context-1.17.1.jar:/home/user/.m2/repository/com/google/errorprone/error_prone_annotations/2.2.0/error_prone_annotations-2.2.0.jar:/home/user/.m2/repository/org/codehaus/mojo/animal-sniffer-annotations/1.17/animal-sniffer-annotations-1.17.jar:/home/user/.m2/repository/io/opencensus/opencensus-api/0.17.0/opencensus-api-0.17.0.jar:/home/user/.m2/repository/io/opencensus/opencensus-contrib-grpc-metrics/0.17.0/opencensus-contrib-grpc-metrics-0.17.0.jar:/home/user/.m2/repository/io/netty/netty-codec-http2/4.1.30.Final/netty-codec-http2-4.1.30.Final.jar:/home/user/.m2/repository/io/netty/netty-codec-http/4.1.30.Final/netty-codec-http-4.1.30.Final.jar:/home/user/.m2/repository/io/netty/netty-codec/4.1.30.Final/netty-codec-4.1.30.Final.jar:/home/user/.m2/repository/io/netty/netty-handler/4.1.30.Final/netty-handler-4.1.30.Final.jar:/home/user/.m2/repository/io/netty/netty-handler-proxy/4.1.30.Final/netty-handler-proxy-4.1.30.Final.jar:/home/user/.m2/repository/io/netty/netty-codec-socks/4.1.30.Final/netty-codec-socks-4.1.30.Final.jar:/home/user/.m2/repository/io/netty/netty-transport-native-epoll/4.1.30.Final/netty-transport-native-epoll-4.1.30.Final.jar:/home/user/.m2/repository/io/netty/netty-common/4.1.30.Final/netty-common-4.1.30.Final.jar:/home/user/.m2/repository/io/netty/netty-buffer/4.1.30.Final/netty-buffer-4.1.30.Final.jar:/home/user/.m2/repository/io/netty/netty-transport/4.1.30.Final/netty-transport-4.1.30.Final.jar:/home/user/.m2/repository/io/netty/netty-resolver/4.1.30.Final/netty-resolver-4.1.30.Final.jar:/home/user/.m2/repository/io/netty/netty-transport-native-unix-common/4.1.30.Final/netty-transport-native-unix-common-4.1.30.Final.jar:/home/user/.m2/repository/io/grpc/grpc-protobuf/1.17.1/grpc-protobuf-1.17.1.jar:/home/user/.m2/repository/com/google/api/grpc/proto-google-common-protos/1.0.0/proto-google-common-protos-1.0.0.jar:/home/user/.m2/repository/io/grpc/grpc-protobuf-lite/1.17.1/grpc-protobuf-lite-1.17.1.jar:/home/user/.m2/repository/io/grpc/grpc-stub/1.17.1/grpc-stub-1.17.1.jar:/opt/src/hadoop-ozone/ozone-recon/target/classes:/opt/src/hadoop-ozone/ozone-recon-codegen/target/classes:/home/user/.m2/repository/com/google/inject/extensions/guice-multibindings/4.0/guice-multibindings-4.0.jar:/home/user/.m2/repository/com/google/inject/guice/4.0/guice-4.0.jar:/home/user/.m2/repository/aopalliance/aopalliance/1.0/aopalliance-1.0.jar:/home/user/.m2/repository/com/google/inject/extensions/guice-servlet/4.0/guice-servlet-4.0.jar:/home/user/.m2/repository/org/glassfish/jersey/containers/jersey-container-servlet/2.27/jersey-container-servlet-2.27.jar:/home/user/.m2/repository/org/glassfish/hk2/guice-bridge/2.5.0/guice-bridge-2.5.0.jar:/home/user/.m2/repository/org/glassfish/jersey/core/jersey-server/2.27/jersey-server-2.27.jar:/home/user/.m2/repository/org/glassfish/jersey/core/jersey-client/2.27/jersey-client-2.27.jar:/home/user/.m2/repository/org/glassfish/jersey/media/jersey-media-jaxb/2.27/jersey-media-jaxb-2.27.jar:/home/user/.m2/repository/javax/validation/validation-api/1.1.0.Final/validation-api-1.1.0.Final.jar:/home/user/.m2/repository/org/glassfish/jersey/media/jersey-media-json-jackson/2.27/jersey-media-json-jackson-2.27.jar:/home/user/.m2/repository/org/glassfish/jersey/ext/jersey-entity-filtering/2.27/jersey-entity-filtering-2.27.jar:/home/user/.m2/repository/com/google/inject/extensions/guice-assistedinject/4.0/guice-assistedinject-4.0.jar:/home/user/.m2/repository/org/jooq/jooq/3.11.10/jooq-3.11.10.jar:/home/user/.m2/repository/org/jooq/jooq-meta/3.11.10/jooq-meta-3.11.10.jar:/home/user/.m2/repository/org/jooq/jooq-codegen/3.11.10/jooq-codegen-3.11.10.jar:/home/user/.m2/repository/com/jolbox/bonecp/0.8.0.RELEASE/bonecp-0.8.0.RELEASE.jar:/home/user/.m2/repository/org/springframework/spring-jdbc/5.1.3.RELEASE/spring-jdbc-5.1.3.RELEASE.jar:/home/user/.m2/repository/org/springframework/spring-beans/5.1.3.RELEASE/spring-beans-5.1.3.RELEASE.jar:/home/user/.m2/repository/org/springframework/spring-core/5.1.3.RELEASE/spring-core-5.1.3.RELEASE.jar:/home/user/.m2/repository/org/springframework/spring-jcl/5.1.3.RELEASE/spring-jcl-5.1.3.RELEASE.jar:/home/user/.m2/repository/org/springframework/spring-tx/5.1.3.RELEASE/spring-tx-5.1.3.RELEASE.jar:/home/user/.m2/repository/org/mockito/mockito-core/2.15.0/mockito-core-2.15.0.jar:/home/user/.m2/repository/net/bytebuddy/byte-buddy/1.7.9/byte-buddy-1.7.9.jar:/home/user/.m2/repository/net/bytebuddy/byte-buddy-agent/1.7.9/byte-buddy-agent-1.7.9.jar:/home/user/.m2/repository/org/objenesis/objenesis/1.0/objenesis-1.0.jar:"/>
    <property name="java.vm.vendor" value="IcedTea"/>
    <property name="sun.arch.data.model" value="64"/>
    <property name="test.build.dir" value="/opt/src/hadoop-ozone/tools/target/test-dir"/>
    <property name="test.cache.data" value=""/>
    <property name="java.vendor.url" value="https://icedtea.classpath.org"/>
    <property name="user.timezone" value=""/>
    <property name="java.vm.specification.version" value="1.8"/>
    <property name="os.name" value="Linux"/>
    <property name="test.build.data" value="/opt/src/hadoop-ozone/tools/target/test-dir"/>
    <property name="user.country" value="US"/>
    <property name="sun.java.launcher" value="SUN_STANDARD"/>
    <property name="sun.boot.library.path" value="/usr/lib/jvm/java-1.8-openjdk/jre/lib/amd64"/>
    <property name="sun.java.command" value="/opt/src/hadoop-ozone/tools/target/surefire/surefirebooter5002050411557502419.jar /opt/src/hadoop-ozone/tools/target/surefire 2019-07-03T07-01-51_841-jvmRun1 surefire9157370846475066944tmp surefire_90373965160369832630tmp"/>
    <property name="surefire.test.class.path" value="/opt/src/hadoop-ozone/tools/target/test-classes:/opt/src/hadoop-ozone/tools/target/classes:/opt/src/hadoop-ozone/ozone-manager/target/classes:/opt/src/hadoop-hdds/docs/target/classes:/home/user/.m2/repository/org/bouncycastle/bcprov-jdk15on/1.60/bcprov-jdk15on-1.60.jar:/opt/src/hadoop-ozone/common/target/classes:/home/user/.m2/repository/org/apache/commons/commons-compress/1.4.1/commons-compress-1.4.1.jar:/home/user/.m2/repository/org/tukaani/xz/1.0/xz-1.0.jar:/home/user/.m2/repository/org/apache/hadoop/hadoop-hdfs-client/3.2.0/hadoop-hdfs-client-3.2.0.jar:/home/user/.m2/repository/com/fasterxml/jackson/core/jackson-annotations/2.9.5/jackson-annotations-2.9.5.jar:/opt/src/hadoop-hdds/common/target/classes:/opt/src/hadoop-hdds/config/target/classes:/home/user/.m2/repository/javax/annotation/javax.annotation-api/1.2/javax.annotation-api-1.2.jar:/home/user/.m2/repository/org/apache/ratis/ratis-server/0.4.0-fe2b15d-SNAPSHOT/ratis-server-0.4.0-fe2b15d-SNAPSHOT.jar:/home/user/.m2/repository/org/apache/ratis/ratis-thirdparty-misc/0.2.0/ratis-thirdparty-misc-0.2.0.jar:/home/user/.m2/repository/org/apache/ratis/ratis-proto/0.4.0-fe2b15d-SNAPSHOT/ratis-proto-0.4.0-fe2b15d-SNAPSHOT.jar:/home/user/.m2/repository/org/apache/ratis/ratis-common/0.4.0-fe2b15d-SNAPSHOT/ratis-common-0.4.0-fe2b15d-SNAPSHOT.jar:/home/user/.m2/repository/org/apache/ratis/ratis-client/0.4.0-fe2b15d-SNAPSHOT/ratis-client-0.4.0-fe2b15d-SNAPSHOT.jar:/home/user/.m2/repository/org/apache/ratis/ratis-netty/0.4.0-fe2b15d-SNAPSHOT/ratis-netty-0.4.0-fe2b15d-SNAPSHOT.jar:/home/user/.m2/repository/org/apache/ratis/ratis-grpc/0.4.0-fe2b15d-SNAPSHOT/ratis-grpc-0.4.0-fe2b15d-SNAPSHOT.jar:/home/user/.m2/repository/org/rocksdb/rocksdbjni/5.14.2/rocksdbjni-5.14.2.jar:/home/user/.m2/repository/org/apache/logging/log4j/log4j-api/2.11.0/log4j-api-2.11.0.jar:/home/user/.m2/repository/org/apache/logging/log4j/log4j-core/2.11.0/log4j-core-2.11.0.jar:/home/user/.m2/repository/com/lmax/disruptor/3.4.2/disruptor-3.4.2.jar:/home/user/.m2/repository/org/apache/commons/commons-pool2/2.6.0/commons-pool2-2.6.0.jar:/home/user/.m2/repository/org/bouncycastle/bcpkix-jdk15on/1.60/bcpkix-jdk15on-1.60.jar:/home/user/.m2/repository/commons-validator/commons-validator/1.6/commons-validator-1.6.jar:/home/user/.m2/repository/commons-digester/commons-digester/1.8.1/commons-digester-1.8.1.jar:/home/user/.m2/repository/io/jaegertracing/jaeger-client/0.33.1/jaeger-client-0.33.1.jar:/home/user/.m2/repository/io/jaegertracing/jaeger-thrift/0.33.1/jaeger-thrift-0.33.1.jar:/home/user/.m2/repository/org/apache/thrift/libthrift/0.11.0/libthrift-0.11.0.jar:/home/user/.m2/repository/com/squareup/okhttp3/okhttp/3.9.0/okhttp-3.9.0.jar:/home/user/.m2/repository/com/squareup/okio/okio/1.13.0/okio-1.13.0.jar:/home/user/.m2/repository/io/jaegertracing/jaeger-core/0.33.1/jaeger-core-0.33.1.jar:/home/user/.m2/repository/io/jaegertracing/jaeger-tracerresolver/0.33.1/jaeger-tracerresolver-0.33.1.jar:/home/user/.m2/repository/io/opentracing/contrib/opentracing-tracerresolver/0.1.5/opentracing-tracerresolver-0.1.5.jar:/home/user/.m2/repository/io/opentracing/opentracing-util/0.31.0/opentracing-util-0.31.0.jar:/home/user/.m2/repository/io/opentracing/opentracing-api/0.31.0/opentracing-api-0.31.0.jar:/home/user/.m2/repository/io/opentracing/opentracing-noop/0.31.0/opentracing-noop-0.31.0.jar:/home/user/.m2/repository/org/yaml/snakeyaml/1.16/snakeyaml-1.16.jar:/opt/src/hadoop-hdds/server-scm/target/classes:/home/user/.m2/repository/org/hamcrest/hamcrest-all/1.3/hamcrest-all-1.3.jar:/opt/src/hadoop-hdds/container-service/target/classes:/opt/src/hadoop-hdds/client/target/classes:/opt/src/hadoop-hdds/tools/target/classes:/home/user/.m2/repository/org/xerial/sqlite-jdbc/3.25.2/sqlite-jdbc-3.25.2.jar:/opt/src/hadoop-ozone/client/target/classes:/home/user/.m2/repository/org/apache/hadoop/hadoop-ozone-filesystem/0.5.0-SNAPSHOT/hadoop-ozone-filesystem-0.5.0-SNAPSHOT.jar:/opt/src/hadoop-hdds/framework/target/classes:/home/user/.m2/repository/info/picocli/picocli/3.9.6/picocli-3.9.6.jar:/home/user/.m2/repository/com/google/protobuf/protobuf-java/2.5.0/protobuf-java-2.5.0.jar:/home/user/.m2/repository/com/google/guava/guava/11.0.2/guava-11.0.2.jar:/home/user/.m2/repository/org/apache/hadoop/hadoop-common/3.2.0/hadoop-common-3.2.0.jar:/home/user/.m2/repository/org/apache/hadoop/hadoop-annotations/3.2.0/hadoop-annotations-3.2.0.jar:/usr/lib/jvm/java-1.8-openjdk/jre/../lib/tools.jar:/home/user/.m2/repository/commons-cli/commons-cli/1.2/commons-cli-1.2.jar:/home/user/.m2/repository/org/apache/commons/commons-math3/3.1.1/commons-math3-3.1.1.jar:/home/user/.m2/repository/org/apache/httpcomponents/httpclient/4.5.2/httpclient-4.5.2.jar:/home/user/.m2/repository/org/apache/httpcomponents/httpcore/4.4.4/httpcore-4.4.4.jar:/home/user/.m2/repository/commons-codec/commons-codec/1.11/commons-codec-1.11.jar:/home/user/.m2/repository/commons-io/commons-io/2.5/commons-io-2.5.jar:/home/user/.m2/repository/commons-net/commons-net/3.6/commons-net-3.6.jar:/home/user/.m2/repository/commons-collections/commons-collections/3.2.2/commons-collections-3.2.2.jar:/home/user/.m2/repository/javax/servlet/javax.servlet-api/3.1.0/javax.servlet-api-3.1.0.jar:/home/user/.m2/repository/org/eclipse/jetty/jetty-server/9.3.24.v20180605/jetty-server-9.3.24.v20180605.jar:/home/user/.m2/repository/org/eclipse/jetty/jetty-http/9.3.24.v20180605/jetty-http-9.3.24.v20180605.jar:/home/user/.m2/repository/org/eclipse/jetty/jetty-io/9.3.24.v20180605/jetty-io-9.3.24.v20180605.jar:/home/user/.m2/repository/org/eclipse/jetty/jetty-util/9.3.24.v20180605/jetty-util-9.3.24.v20180605.jar:/home/user/.m2/repository/org/eclipse/jetty/jetty-servlet/9.3.24.v20180605/jetty-servlet-9.3.24.v20180605.jar:/home/user/.m2/repository/org/eclipse/jetty/jetty-security/9.3.24.v20180605/jetty-security-9.3.24.v20180605.jar:/home/user/.m2/repository/org/eclipse/jetty/jetty-webapp/9.3.24.v20180605/jetty-webapp-9.3.24.v20180605.jar:/home/user/.m2/repository/org/eclipse/jetty/jetty-xml/9.3.24.v20180605/jetty-xml-9.3.24.v20180605.jar:/home/user/.m2/repository/javax/servlet/jsp/jsp-api/2.1/jsp-api-2.1.jar:/home/user/.m2/repository/com/sun/jersey/jersey-core/1.19/jersey-core-1.19.jar:/home/user/.m2/repository/javax/ws/rs/jsr311-api/1.1.1/jsr311-api-1.1.1.jar:/home/user/.m2/repository/com/sun/jersey/jersey-servlet/1.19/jersey-servlet-1.19.jar:/home/user/.m2/repository/com/sun/jersey/jersey-json/1.19/jersey-json-1.19.jar:/home/user/.m2/repository/org/codehaus/jettison/jettison/1.1/jettison-1.1.jar:/home/user/.m2/repository/com/sun/xml/bind/jaxb-impl/2.3.0.1/jaxb-impl-2.3.0.1.jar:/home/user/.m2/repository/org/codehaus/jackson/jackson-core-asl/1.9.13/jackson-core-asl-1.9.13.jar:/home/user/.m2/repository/org/codehaus/jackson/jackson-mapper-asl/1.9.13/jackson-mapper-asl-1.9.13.jar:/home/user/.m2/repository/org/codehaus/jackson/jackson-jaxrs/1.9.13/jackson-jaxrs-1.9.13.jar:/home/user/.m2/repository/org/codehaus/jackson/jackson-xc/1.9.13/jackson-xc-1.9.13.jar:/home/user/.m2/repository/com/sun/jersey/jersey-server/1.19/jersey-server-1.19.jar:/home/user/.m2/repository/commons-logging/commons-logging/1.1.3/commons-logging-1.1.3.jar:/home/user/.m2/repository/log4j/log4j/1.2.17/log4j-1.2.17.jar:/home/user/.m2/repository/commons-beanutils/commons-beanutils/1.9.3/commons-beanutils-1.9.3.jar:/home/user/.m2/repository/org/apache/commons/commons-configuration2/2.1.1/commons-configuration2-2.1.1.jar:/home/user/.m2/repository/org/apache/commons/commons-lang3/3.7/commons-lang3-3.7.jar:/home/user/.m2/repository/org/apache/commons/commons-text/1.4/commons-text-1.4.jar:/home/user/.m2/repository/org/slf4j/slf4j-api/1.7.25/slf4j-api-1.7.25.jar:/home/user/.m2/repository/org/slf4j/slf4j-log4j12/1.7.25/slf4j-log4j12-1.7.25.jar:/home/user/.m2/repository/org/apache/avro/avro/1.7.7/avro-1.7.7.jar:/home/user/.m2/repository/com/thoughtworks/paranamer/paranamer/2.3/paranamer-2.3.jar:/home/user/.m2/repository/org/xerial/snappy/snappy-java/1.0.5/snappy-java-1.0.5.jar:/home/user/.m2/repository/com/google/re2j/re2j/1.1/re2j-1.1.jar:/home/user/.m2/repository/com/google/code/gson/gson/2.2.4/gson-2.2.4.jar:/home/user/.m2/repository/org/apache/hadoop/hadoop-auth/3.2.0/hadoop-auth-3.2.0.jar:/home/user/.m2/repository/com/nimbusds/nimbus-jose-jwt/4.41.1/nimbus-jose-jwt-4.41.1.jar:/home/user/.m2/repository/com/github/stephenc/jcip/jcip-annotations/1.0-1/jcip-annotations-1.0-1.jar:/home/user/.m2/repository/net/minidev/json-smart/2.3/json-smart-2.3.jar:/home/user/.m2/repository/net/minidev/accessors-smart/1.2/accessors-smart-1.2.jar:/home/user/.m2/repository/org/apache/curator/curator-framework/2.12.0/curator-framework-2.12.0.jar:/home/user/.m2/repository/com/jcraft/jsch/0.1.54/jsch-0.1.54.jar:/home/user/.m2/repository/org/apache/curator/curator-client/2.12.0/curator-client-2.12.0.jar:/home/user/.m2/repository/org/apache/curator/curator-recipes/2.12.0/curator-recipes-2.12.0.jar:/home/user/.m2/repository/com/google/code/findbugs/jsr305/3.0.0/jsr305-3.0.0.jar:/home/user/.m2/repository/org/apache/htrace/htrace-core4/4.1.0-incubating/htrace-core4-4.1.0-incubating.jar:/home/user/.m2/repository/org/apache/zookeeper/zookeeper/3.4.13/zookeeper-3.4.13.jar:/home/user/.m2/repository/org/apache/yetus/audience-annotations/0.5.0/audience-annotations-0.5.0.jar:/home/user/.m2/repository/org/apache/kerby/kerb-simplekdc/1.0.1/kerb-simplekdc-1.0.1.jar:/home/user/.m2/repository/org/apache/kerby/kerb-client/1.0.1/kerb-client-1.0.1.jar:/home/user/.m2/repository/org/apache/kerby/kerby-config/1.0.1/kerby-config-1.0.1.jar:/home/user/.m2/repository/org/apache/kerby/kerb-core/1.0.1/kerb-core-1.0.1.jar:/home/user/.m2/repository/org/apache/kerby/kerby-pkix/1.0.1/kerby-pkix-1.0.1.jar:/home/user/.m2/repository/org/apache/kerby/kerby-asn1/1.0.1/kerby-asn1-1.0.1.jar:/home/user/.m2/repository/org/apache/kerby/kerby-util/1.0.1/kerby-util-1.0.1.jar:/home/user/.m2/repository/org/apache/kerby/kerb-common/1.0.1/kerb-common-1.0.1.jar:/home/user/.m2/repository/org/apache/kerby/kerb-crypto/1.0.1/kerb-crypto-1.0.1.jar:/home/user/.m2/repository/org/apache/kerby/kerb-util/1.0.1/kerb-util-1.0.1.jar:/home/user/.m2/repository/org/apache/kerby/token-provider/1.0.1/token-provider-1.0.1.jar:/home/user/.m2/repository/org/apache/kerby/kerb-admin/1.0.1/kerb-admin-1.0.1.jar:/home/user/.m2/repository/org/apache/kerby/kerb-server/1.0.1/kerb-server-1.0.1.jar:/home/user/.m2/repository/org/apache/kerby/kerb-identity/1.0.1/kerb-identity-1.0.1.jar:/home/user/.m2/repository/org/apache/kerby/kerby-xdr/1.0.1/kerby-xdr-1.0.1.jar:/home/user/.m2/repository/com/fasterxml/jackson/core/jackson-databind/2.9.5/jackson-databind-2.9.5.jar:/home/user/.m2/repository/com/fasterxml/jackson/core/jackson-core/2.9.5/jackson-core-2.9.5.jar:/home/user/.m2/repository/org/codehaus/woodstox/stax2-api/3.1.4/stax2-api-3.1.4.jar:/home/user/.m2/repository/com/fasterxml/woodstox/woodstox-core/5.0.3/woodstox-core-5.0.3.jar:/home/user/.m2/repository/dnsjava/dnsjava/2.1.7/dnsjava-2.1.7.jar:/home/user/.m2/repository/org/apache/hadoop/hadoop-hdfs/3.2.0/hadoop-hdfs-3.2.0.jar:/home/user/.m2/repository/org/eclipse/jetty/jetty-util-ajax/9.3.24.v20180605/jetty-util-ajax-9.3.24.v20180605.jar:/home/user/.m2/repository/commons-daemon/commons-daemon/1.0.13/commons-daemon-1.0.13.jar:/home/user/.m2/repository/io/netty/netty/3.10.5.Final/netty-3.10.5.Final.jar:/home/user/.m2/repository/io/netty/netty-all/4.0.52.Final/netty-all-4.0.52.Final.jar:/home/user/.m2/repository/org/fusesource/leveldbjni/leveldbjni-all/1.8/leveldbjni-all-1.8.jar:/home/user/.m2/repository/com/sun/xml/bind/jaxb-core/2.3.0.1/jaxb-core-2.3.0.1.jar:/home/user/.m2/repository/javax/xml/bind/jaxb-api/2.3.0/jaxb-api-2.3.0.jar:/home/user/.m2/repository/javax/activation/activation/1.1.1/activation-1.1.1.jar:/home/user/.m2/repository/io/dropwizard/metrics/metrics-core/3.2.4/metrics-core-3.2.4.jar:/home/user/.m2/repository/org/openjdk/jmh/jmh-core/1.19/jmh-core-1.19.jar:/home/user/.m2/repository/net/sf/jopt-simple/jopt-simple/4.6/jopt-simple-4.6.jar:/home/user/.m2/repository/org/openjdk/jmh/jmh-generator-annprocess/1.19/jmh-generator-annprocess-1.19.jar:/home/user/.m2/repository/com/google/code/findbugs/findbugs/3.0.1/findbugs-3.0.1.jar:/home/user/.m2/repository/net/jcip/jcip-annotations/1.0/jcip-annotations-1.0.jar:/home/user/.m2/repository/com/google/code/findbugs/bcel-findbugs/6.0/bcel-findbugs-6.0.jar:/home/user/.m2/repository/com/google/code/findbugs/jFormatString/2.0.1/jFormatString-2.0.1.jar:/home/user/.m2/repository/dom4j/dom4j/1.6.1/dom4j-1.6.1.jar:/home/user/.m2/repository/xml-apis/xml-apis/1.0.b2/xml-apis-1.0.b2.jar:/home/user/.m2/repository/org/ow2/asm/asm-debug-all/5.0.2/asm-debug-all-5.0.2.jar:/home/user/.m2/repository/org/ow2/asm/asm-commons/5.0.2/asm-commons-5.0.2.jar:/home/user/.m2/repository/org/ow2/asm/asm-tree/5.0.2/asm-tree-5.0.2.jar:/home/user/.m2/repository/org/ow2/asm/asm/5.0.4/asm-5.0.4.jar:/home/user/.m2/repository/commons-lang/commons-lang/2.6/commons-lang-2.6.jar:/home/user/.m2/repository/com/apple/AppleJavaExtensions/1.4/AppleJavaExtensions-1.4.jar:/home/user/.m2/repository/jaxen/jaxen/1.1.6/jaxen-1.1.6.jar:/home/user/.m2/repository/junit/junit/4.11/junit-4.11.jar:/home/user/.m2/repository/org/hamcrest/hamcrest-core/1.3/hamcrest-core-1.3.jar:/home/user/.m2/repository/org/apache/hadoop/hadoop-common/3.2.0/hadoop-common-3.2.0-tests.jar:/home/user/.m2/repository/org/apache/hadoop/hadoop-ozone-integration-test/0.5.0-SNAPSHOT/hadoop-ozone-integration-test-0.5.0-SNAPSHOT-tests.jar:/opt/src/hadoop-ozone/objectstore-service/target/classes:/opt/src/hadoop-ozone/s3gateway/target/classes:/home/user/.m2/repository/org/jboss/weld/servlet/weld-servlet/2.4.7.Final/weld-servlet-2.4.7.Final.jar:/home/user/.m2/repository/org/glassfish/jersey/containers/jersey-container-servlet-core/2.27/jersey-container-servlet-core-2.27.jar:/home/user/.m2/repository/org/glassfish/hk2/external/javax.inject/2.5.0-b42/javax.inject-2.5.0-b42.jar:/home/user/.m2/repository/org/glassfish/jersey/core/jersey-common/2.27/jersey-common-2.27.jar:/home/user/.m2/repository/org/glassfish/hk2/osgi-resource-locator/1.0.1/osgi-resource-locator-1.0.1.jar:/home/user/.m2/repository/javax/ws/rs/javax.ws.rs-api/2.1/javax.ws.rs-api-2.1.jar:/home/user/.m2/repository/org/glassfish/jersey/ext/cdi/jersey-cdi1x/2.27/jersey-cdi1x-2.27.jar:/home/user/.m2/repository/org/glassfish/jersey/inject/jersey-hk2/2.27/jersey-hk2-2.27.jar:/home/user/.m2/repository/org/glassfish/hk2/hk2-locator/2.5.0-b42/hk2-locator-2.5.0-b42.jar:/home/user/.m2/repository/org/javassist/javassist/3.22.0-CR2/javassist-3.22.0-CR2.jar:/home/user/.m2/repository/org/glassfish/hk2/hk2-api/2.5.0/hk2-api-2.5.0.jar:/home/user/.m2/repository/org/glassfish/hk2/external/jakarta.inject/2.5.0/jakarta.inject-2.5.0.jar:/home/user/.m2/repository/org/glassfish/hk2/hk2-utils/2.5.0/hk2-utils-2.5.0.jar:/home/user/.m2/repository/jakarta/annotation/jakarta.annotation-api/1.3.4/jakarta.annotation-api-1.3.4.jar:/home/user/.m2/repository/org/glassfish/hk2/external/aopalliance-repackaged/2.5.0/aopalliance-repackaged-2.5.0.jar:/home/user/.m2/repository/com/fasterxml/jackson/dataformat/jackson-dataformat-xml/2.9.0/jackson-dataformat-xml-2.9.0.jar:/home/user/.m2/repository/com/fasterxml/jackson/module/jackson-module-jaxb-annotations/2.9.5/jackson-module-jaxb-annotations-2.9.5.jar:/home/user/.m2/repository/javax/enterprise/cdi-api/1.2/cdi-api-1.2.jar:/home/user/.m2/repository/javax/el/javax.el-api/3.0.0/javax.el-api-3.0.0.jar:/home/user/.m2/repository/javax/interceptor/javax.interceptor-api/1.2/javax.interceptor-api-1.2.jar:/home/user/.m2/repository/javax/inject/javax.inject/1/javax.inject-1.jar:/opt/src/hadoop-ozone/csi/target/classes:/home/user/.m2/repository/com/google/protobuf/protobuf-java-util/3.5.1/protobuf-java-util-3.5.1.jar:/home/user/.m2/repository/io/grpc/grpc-netty/1.17.1/grpc-netty-1.17.1.jar:/home/user/.m2/repository/io/grpc/grpc-core/1.17.1/grpc-core-1.17.1.jar:/home/user/.m2/repository/io/grpc/grpc-context/1.17.1/grpc-context-1.17.1.jar:/home/user/.m2/repository/com/google/errorprone/error_prone_annotations/2.2.0/error_prone_annotations-2.2.0.jar:/home/user/.m2/repository/org/codehaus/mojo/animal-sniffer-annotations/1.17/animal-sniffer-annotations-1.17.jar:/home/user/.m2/repository/io/opencensus/opencensus-api/0.17.0/opencensus-api-0.17.0.jar:/home/user/.m2/repository/io/opencensus/opencensus-contrib-grpc-metrics/0.17.0/opencensus-contrib-grpc-metrics-0.17.0.jar:/home/user/.m2/repository/io/netty/netty-codec-http2/4.1.30.Final/netty-codec-http2-4.1.30.Final.jar:/home/user/.m2/repository/io/netty/netty-codec-http/4.1.30.Final/netty-codec-http-4.1.30.Final.jar:/home/user/.m2/repository/io/netty/netty-codec/4.1.30.Final/netty-codec-4.1.30.Final.jar:/home/user/.m2/repository/io/netty/netty-handler/4.1.30.Final/netty-handler-4.1.30.Final.jar:/home/user/.m2/repository/io/netty/netty-handler-proxy/4.1.30.Final/netty-handler-proxy-4.1.30.Final.jar:/home/user/.m2/repository/io/netty/netty-codec-socks/4.1.30.Final/netty-codec-socks-4.1.30.Final.jar:/home/user/.m2/repository/io/netty/netty-transport-native-epoll/4.1.30.Final/netty-transport-native-epoll-4.1.30.Final.jar:/home/user/.m2/repository/io/netty/netty-common/4.1.30.Final/netty-common-4.1.30.Final.jar:/home/user/.m2/repository/io/netty/netty-buffer/4.1.30.Final/netty-buffer-4.1.30.Final.jar:/home/user/.m2/repository/io/netty/netty-transport/4.1.30.Final/netty-transport-4.1.30.Final.jar:/home/user/.m2/repository/io/netty/netty-resolver/4.1.30.Final/netty-resolver-4.1.30.Final.jar:/home/user/.m2/repository/io/netty/netty-transport-native-unix-common/4.1.30.Final/netty-transport-native-unix-common-4.1.30.Final.jar:/home/user/.m2/repository/io/grpc/grpc-protobuf/1.17.1/grpc-protobuf-1.17.1.jar:/home/user/.m2/repository/com/google/api/grpc/proto-google-common-protos/1.0.0/proto-google-common-protos-1.0.0.jar:/home/user/.m2/repository/io/grpc/grpc-protobuf-lite/1.17.1/grpc-protobuf-lite-1.17.1.jar:/home/user/.m2/repository/io/grpc/grpc-stub/1.17.1/grpc-stub-1.17.1.jar:/opt/src/hadoop-ozone/ozone-recon/target/classes:/opt/src/hadoop-ozone/ozone-recon-codegen/target/classes:/home/user/.m2/repository/com/google/inject/extensions/guice-multibindings/4.0/guice-multibindings-4.0.jar:/home/user/.m2/repository/com/google/inject/guice/4.0/guice-4.0.jar:/home/user/.m2/repository/aopalliance/aopalliance/1.0/aopalliance-1.0.jar:/home/user/.m2/repository/com/google/inject/extensions/guice-servlet/4.0/guice-servlet-4.0.jar:/home/user/.m2/repository/org/glassfish/jersey/containers/jersey-container-servlet/2.27/jersey-container-servlet-2.27.jar:/home/user/.m2/repository/org/glassfish/hk2/guice-bridge/2.5.0/guice-bridge-2.5.0.jar:/home/user/.m2/repository/org/glassfish/jersey/core/jersey-server/2.27/jersey-server-2.27.jar:/home/user/.m2/repository/org/glassfish/jersey/core/jersey-client/2.27/jersey-client-2.27.jar:/home/user/.m2/repository/org/glassfish/jersey/media/jersey-media-jaxb/2.27/jersey-media-jaxb-2.27.jar:/home/user/.m2/repository/javax/validation/validation-api/1.1.0.Final/validation-api-1.1.0.Final.jar:/home/user/.m2/repository/org/glassfish/jersey/media/jersey-media-json-jackson/2.27/jersey-media-json-jackson-2.27.jar:/home/user/.m2/repository/org/glassfish/jersey/ext/jersey-entity-filtering/2.27/jersey-entity-filtering-2.27.jar:/home/user/.m2/repository/com/google/inject/extensions/guice-assistedinject/4.0/guice-assistedinject-4.0.jar:/home/user/.m2/repository/org/jooq/jooq/3.11.10/jooq-3.11.10.jar:/home/user/.m2/repository/org/jooq/jooq-meta/3.11.10/jooq-meta-3.11.10.jar:/home/user/.m2/repository/org/jooq/jooq-codegen/3.11.10/jooq-codegen-3.11.10.jar:/home/user/.m2/repository/com/jolbox/bonecp/0.8.0.RELEASE/bonecp-0.8.0.RELEASE.jar:/home/user/.m2/repository/org/springframework/spring-jdbc/5.1.3.RELEASE/spring-jdbc-5.1.3.RELEASE.jar:/home/user/.m2/repository/org/springframework/spring-beans/5.1.3.RELEASE/spring-beans-5.1.3.RELEASE.jar:/home/user/.m2/repository/org/springframework/spring-core/5.1.3.RELEASE/spring-core-5.1.3.RELEASE.jar:/home/user/.m2/repository/org/springframework/spring-jcl/5.1.3.RELEASE/spring-jcl-5.1.3.RELEASE.jar:/home/user/.m2/repository/org/springframework/spring-tx/5.1.3.RELEASE/spring-tx-5.1.3.RELEASE.jar:/home/user/.m2/repository/org/mockito/mockito-core/2.15.0/mockito-core-2.15.0.jar:/home/user/.m2/repository/net/bytebuddy/byte-buddy/1.7.9/byte-buddy-1.7.9.jar:/home/user/.m2/repository/net/bytebuddy/byte-buddy-agent/1.7.9/byte-buddy-agent-1.7.9.jar:/home/user/.m2/repository/org/objenesis/objenesis/1.0/objenesis-1.0.jar:"/>
    <property name="sun.cpu.endian" value="little"/>
    <property name="user.home" value="/home/user"/>
    <property name="user.language" value="en"/>
    <property name="java.specification.vendor" value="Oracle Corporation"/>
    <property name="java.home" value="/usr/lib/jvm/java-1.8-openjdk/jre"/>
    <property name="java.security.krb5.conf" value="/opt/src/hadoop-ozone/tools/target/test-classes/krb5.conf"/>
    <property name="basedir" value="/opt/src/hadoop-ozone/tools"/>
    <property name="file.separator" value="/"/>
    <property name="line.separator" value="&#10;"/>
    <property name="java.vm.specification.vendor" value="Oracle Corporation"/>
    <property name="java.specification.name" value="Java Platform API Specification"/>
    <property name="java.awt.graphicsenv" value="sun.awt.X11GraphicsEnvironment"/>
    <property name="surefire.real.class.path" value="/opt/src/hadoop-ozone/tools/target/surefire/surefirebooter5002050411557502419.jar"/>
    <property name="hadoop.log.dir" value="/opt/src/hadoop-ozone/tools/target/log"/>
    <property name="sun.boot.class.path" value="/usr/lib/jvm/java-1.8-openjdk/jre/lib/resources.jar:/usr/lib/jvm/java-1.8-openjdk/jre/lib/rt.jar:/usr/lib/jvm/java-1.8-openjdk/jre/lib/sunrsasign.jar:/usr/lib/jvm/java-1.8-openjdk/jre/lib/jsse.jar:/usr/lib/jvm/java-1.8-openjdk/jre/lib/jce.jar:/usr/lib/jvm/java-1.8-openjdk/jre/lib/charsets.jar:/usr/lib/jvm/java-1.8-openjdk/jre/lib/jfr.jar:/usr/lib/jvm/java-1.8-openjdk/jre/classes"/>
    <property name="sun.management.compiler" value="HotSpot 64-Bit Tiered Compilers"/>
    <property name="java.runtime.version" value="1.8.0_212-b04"/>
    <property name="java.net.preferIPv4Stack" value="true"/>
    <property name="user.name" value="jenkins1000"/>
    <property name="path.separator" value=":"/>
    <property name="java.security.egd" value="file:///dev/urandom"/>
    <property name="os.version" value="3.10.0-957.12.2.el7.x86_64"/>
    <property name="java.endorsed.dirs" value="/usr/lib/jvm/java-1.8-openjdk/jre/lib/endorsed"/>
    <property name="java.runtime.name" value="OpenJDK Runtime Environment"/>
    <property name="file.encoding" value="UTF-8"/>
    <property name="java.vm.name" value="OpenJDK 64-Bit Server VM"/>
    <property name="test.build.webapps" value=""/>
    <property name="localRepository" value="/home/user/.m2/repository"/>
    <property name="java.vendor.url.bug" value="https://icedtea.classpath.org/bugzilla"/>
    <property name="java.io.tmpdir" value="/tmp"/>
    <property name="require.test.libhadoop" value=""/>
    <property name="java.version" value="1.8.0_212"/>
    <property name="user.dir" value="/opt/src/hadoop-ozone/tools"/>
    <property name="os.arch" value="amd64"/>
    <property name="java.vm.specification.name" value="Java Virtual Machine Specification"/>
    <property name="test.build.classes" value="/opt/src/hadoop-ozone/tools/target/test-classes"/>
    <property name="java.awt.printerjob" value="sun.print.PSPrinterJob"/>
    <property name="sun.os.patch.level" value="unknown"/>
    <property name="hadoop.tmp.dir" value="/opt/src/hadoop-ozone/tools/target/tmp"/>
    <property name="java.library.path" value="/usr/lib/jvm/java-1.8-openjdk/jre/lib/amd64/server:/usr/lib/jvm/java-1.8-openjdk/jre/lib/amd64:/usr/lib/jvm/java-1.8-openjdk/jre/../lib/amd64:/opt/src/hadoop-ozone/tools/target/native/target/usr/local/lib:/opt/src/hadoop-ozone/tools/../../hadoop-common-project/hadoop-common/target/native/target/usr/local/lib:/usr/java/packages/lib/amd64:/usr/lib64:/lib64:/lib:/usr/lib"/>
    <property name="java.vm.info" value="mixed mode"/>
    <property name="java.vendor" value="IcedTea"/>
    <property name="java.vm.version" value="25.212-b04"/>
    <property name="java.ext.dirs" value="/usr/lib/jvm/java-1.8-openjdk/jre/lib/ext:/usr/java/packages/lib/ext"/>
    <property name="sun.io.unicode.encoding" value="UnicodeLittle"/>
    <property name="java.class.version" value="52.0"/>
  </properties>
  <testcase name="ratisTest3" classname="org.apache.hadoop.ozone.freon.TestRandomKeyGenerator" time="4.401"/>
  <testcase name="defaultTest" classname="org.apache.hadoop.ozone.freon.TestRandomKeyGenerator" time="4.029"/>
  <testcase name="bigFileThan2GB" classname="org.apache.hadoop.ozone.freon.TestRandomKeyGenerator" time="92.475">
    <error message="Allocate block failed." type="INTERNAL_ERROR org.apache.hadoop.ozone.om.exceptions.OMException">INTERNAL_ERROR org.apache.hadoop.ozone.om.exceptions.OMException: Allocate block failed.
	at org.apache.hadoop.ozone.om.protocolPB.OzoneManagerProtocolClientSideTranslatorPB.handleError(OzoneManagerProtocolClientSideTranslatorPB.java:720)
	at org.apache.hadoop.ozone.om.protocolPB.OzoneManagerProtocolClientSideTranslatorPB.allocateBlock(OzoneManagerProtocolClientSideTranslatorPB.java:743)
	at org.apache.hadoop.ozone.client.io.BlockOutputStreamEntryPool.allocateNewBlock(BlockOutputStreamEntryPool.java:248)
	at org.apache.hadoop.ozone.client.io.BlockOutputStreamEntryPool.allocateBlockIfNeeded(BlockOutputStreamEntryPool.java:296)
	at org.apache.hadoop.ozone.client.io.KeyOutputStream.handleWrite(KeyOutputStream.java:201)
	at org.apache.hadoop.ozone.client.io.KeyOutputStream.write(KeyOutputStream.java:193)
	at org.apache.hadoop.ozone.client.io.OzoneOutputStream.write(OzoneOutputStream.java:49)
	at org.apache.hadoop.ozone.freon.RandomKeyGenerator$OfflineProcessor.run(RandomKeyGenerator.java:650)
	at java.util.concurrent.Executors$RunnableAdapter.call(Executors.java:511)
	at java.util.concurrent.FutureTask.run(FutureTask.java:266)
	at java.util.concurrent.ThreadPoolExecutor.runWorker(ThreadPoolExecutor.java:1149)
	at java.util.concurrent.ThreadPoolExecutor$Worker.run(ThreadPoolExecutor.java:624)
	at java.lang.Thread.run(Thread.java:748)
</error>
    <system-out><![CDATA[2019-07-03 07:07:52,595 INFO  freon.RandomKeyGenerator (RandomKeyGenerator.java:call(261)) - Number of Threads: 1
2019-07-03 07:07:52,595 INFO  freon.RandomKeyGenerator (RandomKeyGenerator.java:call(267)) - Number of Volumes: 1.
2019-07-03 07:07:52,596 INFO  freon.RandomKeyGenerator (RandomKeyGenerator.java:call(268)) - Number of Buckets per Volume: 1.
2019-07-03 07:07:52,596 INFO  freon.RandomKeyGenerator (RandomKeyGenerator.java:call(269)) - Number of Keys per Bucket: 1.
2019-07-03 07:07:52,596 INFO  freon.RandomKeyGenerator (RandomKeyGenerator.java:call(270)) - Key size: 2147483657 bytes
2019-07-03 07:07:52,596 INFO  freon.RandomKeyGenerator (RandomKeyGenerator.java:call(271)) - Buffer size: 4096 bytes
2019-07-03 07:07:52,597 INFO  rpc.RpcClient (RpcClient.java:createVolume(289)) - Creating Volume: vol-0-67318, with jenkins1000 as owner.
2019-07-03 07:07:52,597 INFO  freon.RandomKeyGenerator (RandomKeyGenerator.java:call(287)) - Data validation is enabled.
2019-07-03 07:07:52,597 INFO  freon.RandomKeyGenerator (RandomKeyGenerator.java:call(300)) - Starting progress bar Thread.

 0.00% |█                                                                                                    |  0/1 Time: 0:00:002019-07-03 07:07:52,606 INFO  rpc.RpcClient (RpcClient.java:createBucket(426)) - Creating Bucket: vol-0-67318/bucket-0-58029, with Versioning false and Storage Type set to DISK and Encryption set to false 
2019-07-03 07:07:52,660 INFO  client.GrpcClientProtocolClient (GrpcClientProtocolClient.java:onNext(254)) - client-253D2503C21A->75e8c5ea-f06a-43e1-af6e-1f7f9b0b2cc1: receive RaftClientReply:client-253D2503C21A->75e8c5ea-f06a-43e1-af6e-1f7f9b0b2cc1@group-6D4C5FD51127, cid=598, FAILED org.apache.ratis.protocol.NotLeaderException: Server 75e8c5ea-f06a-43e1-af6e-1f7f9b0b2cc1 is not the leader (6571ba41-d309-4d1d-a321-129a77bf1602:192.168.69.120:46345). Request must be sent to leader., logIndex=0, commits[75e8c5ea-f06a-43e1-af6e-1f7f9b0b2cc1:c739, 6571ba41-d309-4d1d-a321-129a77bf1602:c739, 1d8d2908-dfb4-4358-9c6e-64b435d6fccc:c739]
2019-07-03 07:07:52,667 WARN  client.GrpcClientProtocolService (LogUtils.java:warn(134)) - 2-OrderedRequestStreamObserver2: onError: org.apache.ratis.thirdparty.io.grpc.StatusRuntimeException: CANCELLED: cancelled before receiving half close
 0.00% |█                                                                                                    |  0/1 Time: 0:00:012019-07-03 07:07:53,698 INFO  client.GrpcClientProtocolClient (GrpcClientProtocolClient.java:onNext(254)) - client-253D2503C21A->1d8d2908-dfb4-4358-9c6e-64b435d6fccc: receive RaftClientReply:client-253D2503C21A->1d8d2908-dfb4-4358-9c6e-64b435d6fccc@group-6D4C5FD51127, cid=598, FAILED org.apache.ratis.protocol.NotLeaderException: Server 1d8d2908-dfb4-4358-9c6e-64b435d6fccc is not the leader (6571ba41-d309-4d1d-a321-129a77bf1602:192.168.69.120:46345). Request must be sent to leader., logIndex=0, commits[1d8d2908-dfb4-4358-9c6e-64b435d6fccc:c739, 75e8c5ea-f06a-43e1-af6e-1f7f9b0b2cc1:c739, 6571ba41-d309-4d1d-a321-129a77bf1602:c739]
2019-07-03 07:07:53,705 WARN  client.GrpcClientProtocolService (LogUtils.java:warn(134)) - 0-OrderedRequestStreamObserver0: onError: org.apache.ratis.thirdparty.io.grpc.StatusRuntimeException: CANCELLED: cancelled before receiving half close
 0.00% |█                                                                                                    |  0/1 Time: 0:00:022019-07-03 07:07:54,725 INFO  client.GrpcClientProtocolClient (GrpcClientProtocolClient.java:onNext(254)) - client-253D2503C21A->75e8c5ea-f06a-43e1-af6e-1f7f9b0b2cc1: receive RaftClientReply:client-253D2503C21A->75e8c5ea-f06a-43e1-af6e-1f7f9b0b2cc1@group-6D4C5FD51127, cid=598, FAILED org.apache.ratis.protocol.NotLeaderException: Server 75e8c5ea-f06a-43e1-af6e-1f7f9b0b2cc1 is not the leader (6571ba41-d309-4d1d-a321-129a77bf1602:192.168.69.120:46345). Request must be sent to leader., logIndex=0, commits[75e8c5ea-f06a-43e1-af6e-1f7f9b0b2cc1:c739, 6571ba41-d309-4d1d-a321-129a77bf1602:c739, 1d8d2908-dfb4-4358-9c6e-64b435d6fccc:c739]
2019-07-03 07:07:54,733 WARN  client.GrpcClientProtocolService (LogUtils.java:warn(134)) - 3-OrderedRequestStreamObserver3: onError: org.apache.ratis.thirdparty.io.grpc.StatusRuntimeException: CANCELLED: cancelled before receiving half close
 0.00% |█                                                                                                    |  0/1 Time: 0:00:032019-07-03 07:07:55,790 INFO  client.GrpcClientProtocolClient (GrpcClientProtocolClient.java:onNext(254)) - client-253D2503C21A->6571ba41-d309-4d1d-a321-129a77bf1602: receive RaftClientReply:client-253D2503C21A->6571ba41-d309-4d1d-a321-129a77bf1602@group-6D4C5FD51127, cid=598, SUCCESS, logIndex=740, commits[6571ba41-d309-4d1d-a321-129a77bf1602:c740, 75e8c5ea-f06a-43e1-af6e-1f7f9b0b2cc1:c739, 1d8d2908-dfb4-4358-9c6e-64b435d6fccc:c739]
2019-07-03 07:07:56,112 INFO  client.GrpcClientProtocolClient (GrpcClientProtocolClient.java:onNext(254)) - client-253D2503C21A->6571ba41-d309-4d1d-a321-129a77bf1602: receive RaftClientReply:client-253D2503C21A->6571ba41-d309-4d1d-a321-129a77bf1602@group-6D4C5FD51127, cid=599, SUCCESS, logIndex=742, commits[6571ba41-d309-4d1d-a321-129a77bf1602:c742, 75e8c5ea-f06a-43e1-af6e-1f7f9b0b2cc1:c741, 1d8d2908-dfb4-4358-9c6e-64b435d6fccc:c741]
2019-07-03 07:07:56,123 INFO  client.GrpcClientProtocolClient (GrpcClientProtocolClient.java:onNext(254)) - client-253D2503C21A->6571ba41-d309-4d1d-a321-129a77bf1602: receive RaftClientReply:client-253D2503C21A->6571ba41-d309-4d1d-a321-129a77bf1602@group-6D4C5FD51127, cid=600, SUCCESS, logIndex=744, commits[6571ba41-d309-4d1d-a321-129a77bf1602:c744, 75e8c5ea-f06a-43e1-af6e-1f7f9b0b2cc1:c742, 1d8d2908-dfb4-4358-9c6e-64b435d6fccc:c742]
2019-07-03 07:07:56,125 INFO  client.GrpcClientProtocolClient (GrpcClientProtocolClient.java:onNext(254)) - client-253D2503C21A->6571ba41-d309-4d1d-a321-129a77bf1602: receive RaftClientReply:client-253D2503C21A->6571ba41-d309-4d1d-a321-129a77bf1602@group-6D4C5FD51127, cid=601, SUCCESS, logIndex=745, commits[6571ba41-d309-4d1d-a321-129a77bf1602:c745, 75e8c5ea-f06a-43e1-af6e-1f7f9b0b2cc1:c742, 1d8d2908-dfb4-4358-9c6e-64b435d6fccc:c742]
2019-07-03 07:07:56,147 INFO  client.GrpcClientProtocolClient (GrpcClientProtocolClient.java:onNext(254)) - client-253D2503C21A->6571ba41-d309-4d1d-a321-129a77bf1602: receive RaftClientReply:client-253D2503C21A->6571ba41-d309-4d1d-a321-129a77bf1602@group-6D4C5FD51127, cid=602, SUCCESS, logIndex=748, commits[6571ba41-d309-4d1d-a321-129a77bf1602:c748, 75e8c5ea-f06a-43e1-af6e-1f7f9b0b2cc1:c745, 1d8d2908-dfb4-4358-9c6e-64b435d6fccc:c745]
2019-07-03 07:07:56,152 INFO  client.GrpcClientProtocolClient (GrpcClientProtocolClient.java:onNext(254)) - client-253D2503C21A->6571ba41-d309-4d1d-a321-129a77bf1602: receive RaftClientReply:client-253D2503C21A->6571ba41-d309-4d1d-a321-129a77bf1602@group-6D4C5FD51127, cid=603, SUCCESS, logIndex=750, commits[6571ba41-d309-4d1d-a321-129a77bf1602:c750, 75e8c5ea-f06a-43e1-af6e-1f7f9b0b2cc1:c748, 1d8d2908-dfb4-4358-9c6e-64b435d6fccc:c748]
2019-07-03 07:07:56,177 INFO  client.GrpcClientProtocolClient (GrpcClientProtocolClient.java:onNext(254)) - client-253D2503C21A->6571ba41-d309-4d1d-a321-129a77bf1602: receive RaftClientReply:client-253D2503C21A->6571ba41-d309-4d1d-a321-129a77bf1602@group-6D4C5FD51127, cid=604, SUCCESS, logIndex=752, commits[6571ba41-d309-4d1d-a321-129a77bf1602:c752, 75e8c5ea-f06a-43e1-af6e-1f7f9b0b2cc1:c750, 1d8d2908-dfb4-4358-9c6e-64b435d6fccc:c750]
2019-07-03 07:07:56,190 INFO  client.GrpcClientProtocolClient (GrpcClientProtocolClient.java:onNext(254)) - client-253D2503C21A->6571ba41-d309-4d1d-a321-129a77bf1602: receive RaftClientReply:client-253D2503C21A->6571ba41-d309-4d1d-a321-129a77bf1602@group-6D4C5FD51127, cid=605, SUCCESS, logIndex=754, commits[6571ba41-d309-4d1d-a321-129a77bf1602:c754, 75e8c5ea-f06a-43e1-af6e-1f7f9b0b2cc1:c752, 1d8d2908-dfb4-4358-9c6e-64b435d6fccc:c752]
2019-07-03 07:07:56,205 INFO  client.GrpcClientProtocolClient (GrpcClientProtocolClient.java:onNext(254)) - client-253D2503C21A->6571ba41-d309-4d1d-a321-129a77bf1602: receive RaftClientReply:client-253D2503C21A->6571ba41-d309-4d1d-a321-129a77bf1602@group-6D4C5FD51127, cid=606, SUCCESS, logIndex=0, commits[6571ba41-d309-4d1d-a321-129a77bf1602:c755, 75e8c5ea-f06a-43e1-af6e-1f7f9b0b2cc1:c754, 1d8d2908-dfb4-4358-9c6e-64b435d6fccc:c754]
2019-07-03 07:07:56,229 INFO  client.GrpcClientProtocolClient (GrpcClientProtocolClient.java:onNext(254)) - client-253D2503C21A->6571ba41-d309-4d1d-a321-129a77bf1602: receive RaftClientReply:client-253D2503C21A->6571ba41-d309-4d1d-a321-129a77bf1602@group-6D4C5FD51127, cid=607, SUCCESS, logIndex=756, commits[6571ba41-d309-4d1d-a321-129a77bf1602:c756, 75e8c5ea-f06a-43e1-af6e-1f7f9b0b2cc1:c755, 1d8d2908-dfb4-4358-9c6e-64b435d6fccc:c755]
2019-07-03 07:07:56,244 INFO  client.GrpcClientProtocolClient (GrpcClientProtocolClient.java:onNext(254)) - client-253D2503C21A->6571ba41-d309-4d1d-a321-129a77bf1602: receive RaftClientReply:client-253D2503C21A->6571ba41-d309-4d1d-a321-129a77bf1602@group-6D4C5FD51127, cid=608, SUCCESS, logIndex=758, commits[6571ba41-d309-4d1d-a321-129a77bf1602:c759, 75e8c5ea-f06a-43e1-af6e-1f7f9b0b2cc1:c756, 1d8d2908-dfb4-4358-9c6e-64b435d6fccc:c756]
2019-07-03 07:07:56,245 INFO  client.GrpcClientProtocolClient (GrpcClientProtocolClient.java:onNext(254)) - client-253D2503C21A->6571ba41-d309-4d1d-a321-129a77bf1602: receive RaftClientReply:client-253D2503C21A->6571ba41-d309-4d1d-a321-129a77bf1602@group-6D4C5FD51127, cid=609, SUCCESS, logIndex=759, commits[6571ba41-d309-4d1d-a321-129a77bf1602:c759, 75e8c5ea-f06a-43e1-af6e-1f7f9b0b2cc1:c756, 1d8d2908-dfb4-4358-9c6e-64b435d6fccc:c756]
2019-07-03 07:07:56,246 INFO  client.GrpcClientProtocolClient (GrpcClientProtocolClient.java:onNext(254)) - client-253D2503C21A->6571ba41-d309-4d1d-a321-129a77bf1602: receive RaftClientReply:client-253D2503C21A->6571ba41-d309-4d1d-a321-129a77bf1602@group-6D4C5FD51127, cid=610, SUCCESS, logIndex=760, commits[6571ba41-d309-4d1d-a321-129a77bf1602:c760, 75e8c5ea-f06a-43e1-af6e-1f7f9b0b2cc1:c756, 1d8d2908-dfb4-4358-9c6e-64b435d6fccc:c756]
2019-07-03 07:07:56,255 INFO  client.GrpcClientProtocolClient (GrpcClientProtocolClient.java:onNext(254)) - client-253D2503C21A->6571ba41-d309-4d1d-a321-129a77bf1602: receive RaftClientReply:client-253D2503C21A->6571ba41-d309-4d1d-a321-129a77bf1602@group-6D4C5FD51127, cid=611, SUCCESS, logIndex=0, commits[6571ba41-d309-4d1d-a321-129a77bf1602:c761, 75e8c5ea-f06a-43e1-af6e-1f7f9b0b2cc1:c758, 1d8d2908-dfb4-4358-9c6e-64b435d6fccc:c758]
2019-07-03 07:07:56,274 INFO  client.GrpcClientProtocolClient (GrpcClientProtocolClient.java:onNext(254)) - client-253D2503C21A->6571ba41-d309-4d1d-a321-129a77bf1602: receive RaftClientReply:client-253D2503C21A->6571ba41-d309-4d1d-a321-129a77bf1602@group-6D4C5FD51127, cid=612, SUCCESS, logIndex=764, commits[6571ba41-d309-4d1d-a321-129a77bf1602:c764, 75e8c5ea-f06a-43e1-af6e-1f7f9b0b2cc1:c762, 1d8d2908-dfb4-4358-9c6e-64b435d6fccc:c760]
2019-07-03 07:07:56,519 INFO  client.GrpcClientProtocolClient (GrpcClientProtocolClient.java:onNext(254)) - client-253D2503C21A->6571ba41-d309-4d1d-a321-129a77bf1602: receive RaftClientReply:client-253D2503C21A->6571ba41-d309-4d1d-a321-129a77bf1602@group-6D4C5FD51127, cid=613, SUCCESS, logIndex=766, commits[6571ba41-d309-4d1d-a321-129a77bf1602:c766, 75e8c5ea-f06a-43e1-af6e-1f7f9b0b2cc1:c764, 1d8d2908-dfb4-4358-9c6e-64b435d6fccc:c764]
2019-07-03 07:07:56,555 INFO  client.GrpcClientProtocolClient (GrpcClientProtocolClient.java:onNext(254)) - client-253D2503C21A->6571ba41-d309-4d1d-a321-129a77bf1602: receive RaftClientReply:client-253D2503C21A->6571ba41-d309-4d1d-a321-129a77bf1602@group-6D4C5FD51127, cid=614, SUCCESS, logIndex=768, commits[6571ba41-d309-4d1d-a321-129a77bf1602:c768, 75e8c5ea-f06a-43e1-af6e-1f7f9b0b2cc1:c766, 1d8d2908-dfb4-4358-9c6e-64b435d6fccc:c766]
2019-07-03 07:07:56,569 INFO  client.GrpcClientProtocolClient (GrpcClientProtocolClient.java:onNext(254)) - client-253D2503C21A->6571ba41-d309-4d1d-a321-129a77bf1602: receive RaftClientReply:client-253D2503C21A->6571ba41-d309-4d1d-a321-129a77bf1602@group-6D4C5FD51127, cid=615, SUCCESS, logIndex=770, commits[6571ba41-d309-4d1d-a321-129a77bf1602:c770, 75e8c5ea-f06a-43e1-af6e-1f7f9b0b2cc1:c768, 1d8d2908-dfb4-4358-9c6e-64b435d6fccc:c768]
2019-07-03 07:07:56,581 INFO  client.GrpcClientProtocolClient (GrpcClientProtocolClient.java:onNext(254)) - client-253D2503C21A->6571ba41-d309-4d1d-a321-129a77bf1602: receive RaftClientReply:client-253D2503C21A->6571ba41-d309-4d1d-a321-129a77bf1602@group-6D4C5FD51127, cid=616, SUCCESS, logIndex=0, commits[6571ba41-d309-4d1d-a321-129a77bf1602:c771, 75e8c5ea-f06a-43e1-af6e-1f7f9b0b2cc1:c770, 1d8d2908-dfb4-4358-9c6e-64b435d6fccc:c770]
 0.00% |█                                                                                                    |  0/1 Time: 0:00:042019-07-03 07:07:56,607 INFO  client.GrpcClientProtocolClient (GrpcClientProtocolClient.java:onNext(254)) - client-253D2503C21A->6571ba41-d309-4d1d-a321-129a77bf1602: receive RaftClientReply:client-253D2503C21A->6571ba41-d309-4d1d-a321-129a77bf1602@group-6D4C5FD51127, cid=617, SUCCESS, logIndex=772, commits[6571ba41-d309-4d1d-a321-129a77bf1602:c772, 75e8c5ea-f06a-43e1-af6e-1f7f9b0b2cc1:c771, 1d8d2908-dfb4-4358-9c6e-64b435d6fccc:c771]
2019-07-03 07:07:56,618 INFO  client.GrpcClientProtocolClient (GrpcClientProtocolClient.java:onNext(254)) - client-253D2503C21A->6571ba41-d309-4d1d-a321-129a77bf1602: receive RaftClientReply:client-253D2503C21A->6571ba41-d309-4d1d-a321-129a77bf1602@group-6D4C5FD51127, cid=618, SUCCESS, logIndex=774, commits[6571ba41-d309-4d1d-a321-129a77bf1602:c775, 75e8c5ea-f06a-43e1-af6e-1f7f9b0b2cc1:c772, 1d8d2908-dfb4-4358-9c6e-64b435d6fccc:c772]
2019-07-03 07:07:56,618 INFO  client.GrpcClientProtocolClient (GrpcClientProtocolClient.java:onNext(254)) - client-253D2503C21A->6571ba41-d309-4d1d-a321-129a77bf1602: receive RaftClientReply:client-253D2503C21A->6571ba41-d309-4d1d-a321-129a77bf1602@group-6D4C5FD51127, cid=619, SUCCESS, logIndex=775, commits[6571ba41-d309-4d1d-a321-129a77bf1602:c776, 75e8c5ea-f06a-43e1-af6e-1f7f9b0b2cc1:c772, 1d8d2908-dfb4-4358-9c6e-64b435d6fccc:c772]
2019-07-03 07:07:56,619 INFO  client.GrpcClientProtocolClient (GrpcClientProtocolClient.java:onNext(254)) - client-253D2503C21A->6571ba41-d309-4d1d-a321-129a77bf1602: receive RaftClientReply:client-253D2503C21A->6571ba41-d309-4d1d-a321-129a77bf1602@group-6D4C5FD51127, cid=620, SUCCESS, logIndex=776, commits[6571ba41-d309-4d1d-a321-129a77bf1602:c776, 75e8c5ea-f06a-43e1-af6e-1f7f9b0b2cc1:c772, 1d8d2908-dfb4-4358-9c6e-64b435d6fccc:c772]
2019-07-03 07:07:56,631 INFO  client.GrpcClientProtocolClient (GrpcClientProtocolClient.java:onNext(254)) - client-253D2503C21A->6571ba41-d309-4d1d-a321-129a77bf1602: receive RaftClientReply:client-253D2503C21A->6571ba41-d309-4d1d-a321-129a77bf1602@group-6D4C5FD51127, cid=621, SUCCESS, logIndex=0, commits[6571ba41-d309-4d1d-a321-129a77bf1602:c778, 75e8c5ea-f06a-43e1-af6e-1f7f9b0b2cc1:c774, 1d8d2908-dfb4-4358-9c6e-64b435d6fccc:c775]
2019-07-03 07:07:56,638 INFO  storage.RaftLogWorker (RaftLogWorker.java:rollLogSegment(303)) - 6571ba41-d309-4d1d-a321-129a77bf1602-RaftLogWorker: Rolling segment log-683_779 to index:779
2019-07-03 07:07:56,639 INFO  storage.RaftLogWorker (RaftLogWorker.java:execute(433)) - 6571ba41-d309-4d1d-a321-129a77bf1602-RaftLogWorker: Rolled log segment from /opt/src/hadoop-ozone/tools/target/test-dir/MiniOzoneClusterImpl-0519545d-318d-4c21-a2a0-688f18f8a31d/datanode-4/data/ratis/23ffc2a4-5526-4092-9dc4-6d4c5fd51127/current/log_inprogress_683 to /opt/src/hadoop-ozone/tools/target/test-dir/MiniOzoneClusterImpl-0519545d-318d-4c21-a2a0-688f18f8a31d/datanode-4/data/ratis/23ffc2a4-5526-4092-9dc4-6d4c5fd51127/current/log_683-779
2019-07-03 07:07:56,642 INFO  storage.RaftLogWorker (RaftLogWorker.java:rollLogSegment(303)) - 75e8c5ea-f06a-43e1-af6e-1f7f9b0b2cc1-RaftLogWorker: Rolling segment log-683_779 to index:779
2019-07-03 07:07:56,643 INFO  storage.RaftLogWorker (RaftLogWorker.java:rollLogSegment(303)) - 1d8d2908-dfb4-4358-9c6e-64b435d6fccc-RaftLogWorker: Rolling segment log-683_779 to index:779
2019-07-03 07:07:56,657 INFO  storage.RaftLogWorker (RaftLogWorker.java:execute(433)) - 75e8c5ea-f06a-43e1-af6e-1f7f9b0b2cc1-RaftLogWorker: Rolled log segment from /opt/src/hadoop-ozone/tools/target/test-dir/MiniOzoneClusterImpl-0519545d-318d-4c21-a2a0-688f18f8a31d/datanode-1/data/ratis/23ffc2a4-5526-4092-9dc4-6d4c5fd51127/current/log_inprogress_683 to /opt/src/hadoop-ozone/tools/target/test-dir/MiniOzoneClusterImpl-0519545d-318d-4c21-a2a0-688f18f8a31d/datanode-1/data/ratis/23ffc2a4-5526-4092-9dc4-6d4c5fd51127/current/log_683-779
2019-07-03 07:07:56,658 INFO  storage.RaftLogWorker (RaftLogWorker.java:execute(433)) - 1d8d2908-dfb4-4358-9c6e-64b435d6fccc-RaftLogWorker: Rolled log segment from /opt/src/hadoop-ozone/tools/target/test-dir/MiniOzoneClusterImpl-0519545d-318d-4c21-a2a0-688f18f8a31d/datanode-2/data/ratis/23ffc2a4-5526-4092-9dc4-6d4c5fd51127/current/log_inprogress_683 to /opt/src/hadoop-ozone/tools/target/test-dir/MiniOzoneClusterImpl-0519545d-318d-4c21-a2a0-688f18f8a31d/datanode-2/data/ratis/23ffc2a4-5526-4092-9dc4-6d4c5fd51127/current/log_683-779
2019-07-03 07:07:56,701 INFO  storage.RaftLogWorker (RaftLogWorker.java:execute(469)) - 6571ba41-d309-4d1d-a321-129a77bf1602-RaftLogWorker: created new log segment /opt/src/hadoop-ozone/tools/target/test-dir/MiniOzoneClusterImpl-0519545d-318d-4c21-a2a0-688f18f8a31d/datanode-4/data/ratis/23ffc2a4-5526-4092-9dc4-6d4c5fd51127/current/log_inprogress_780
2019-07-03 07:07:56,702 INFO  storage.RaftLogWorker (RaftLogWorker.java:execute(469)) - 75e8c5ea-f06a-43e1-af6e-1f7f9b0b2cc1-RaftLogWorker: created new log segment /opt/src/hadoop-ozone/tools/target/test-dir/MiniOzoneClusterImpl-0519545d-318d-4c21-a2a0-688f18f8a31d/datanode-1/data/ratis/23ffc2a4-5526-4092-9dc4-6d4c5fd51127/current/log_inprogress_780
2019-07-03 07:07:56,702 INFO  storage.RaftLogWorker (RaftLogWorker.java:execute(469)) - 1d8d2908-dfb4-4358-9c6e-64b435d6fccc-RaftLogWorker: created new log segment /opt/src/hadoop-ozone/tools/target/test-dir/MiniOzoneClusterImpl-0519545d-318d-4c21-a2a0-688f18f8a31d/datanode-2/data/ratis/23ffc2a4-5526-4092-9dc4-6d4c5fd51127/current/log_inprogress_780
2019-07-03 07:07:56,715 INFO  client.GrpcClientProtocolClient (GrpcClientProtocolClient.java:onNext(254)) - client-253D2503C21A->6571ba41-d309-4d1d-a321-129a77bf1602: receive RaftClientReply:client-253D2503C21A->6571ba41-d309-4d1d-a321-129a77bf1602@group-6D4C5FD51127, cid=622, SUCCESS, logIndex=780, commits[6571ba41-d309-4d1d-a321-129a77bf1602:c780, 75e8c5ea-f06a-43e1-af6e-1f7f9b0b2cc1:c779, 1d8d2908-dfb4-4358-9c6e-64b435d6fccc:c779]
2019-07-03 07:07:56,727 INFO  client.GrpcClientProtocolClient (GrpcClientProtocolClient.java:onNext(254)) - client-253D2503C21A->6571ba41-d309-4d1d-a321-129a77bf1602: receive RaftClientReply:client-253D2503C21A->6571ba41-d309-4d1d-a321-129a77bf1602@group-6D4C5FD51127, cid=623, SUCCESS, logIndex=782, commits[6571ba41-d309-4d1d-a321-129a77bf1602:c782, 75e8c5ea-f06a-43e1-af6e-1f7f9b0b2cc1:c780, 1d8d2908-dfb4-4358-9c6e-64b435d6fccc:c780]
2019-07-03 07:07:56,753 INFO  client.GrpcClientProtocolClient (GrpcClientProtocolClient.java:onNext(254)) - client-253D2503C21A->6571ba41-d309-4d1d-a321-129a77bf1602: receive RaftClientReply:client-253D2503C21A->6571ba41-d309-4d1d-a321-129a77bf1602@group-6D4C5FD51127, cid=624, SUCCESS, logIndex=784, commits[6571ba41-d309-4d1d-a321-129a77bf1602:c784, 75e8c5ea-f06a-43e1-af6e-1f7f9b0b2cc1:c782, 1d8d2908-dfb4-4358-9c6e-64b435d6fccc:c782]
2019-07-03 07:07:56,759 INFO  client.GrpcClientProtocolClient (GrpcClientProtocolClient.java:onNext(254)) - client-253D2503C21A->6571ba41-d309-4d1d-a321-129a77bf1602: receive RaftClientReply:client-253D2503C21A->6571ba41-d309-4d1d-a321-129a77bf1602@group-6D4C5FD51127, cid=625, SUCCESS, logIndex=786, commits[6571ba41-d309-4d1d-a321-129a77bf1602:c786, 75e8c5ea-f06a-43e1-af6e-1f7f9b0b2cc1:c784, 1d8d2908-dfb4-4358-9c6e-64b435d6fccc:c784]
2019-07-03 07:07:56,769 INFO  client.GrpcClientProtocolClient (GrpcClientProtocolClient.java:onNext(254)) - client-253D2503C21A->6571ba41-d309-4d1d-a321-129a77bf1602: receive RaftClientReply:client-253D2503C21A->6571ba41-d309-4d1d-a321-129a77bf1602@group-6D4C5FD51127, cid=626, SUCCESS, logIndex=0, commits[6571ba41-d309-4d1d-a321-129a77bf1602:c787, 75e8c5ea-f06a-43e1-af6e-1f7f9b0b2cc1:c786, 1d8d2908-dfb4-4358-9c6e-64b435d6fccc:c786]
2019-07-03 07:07:56,794 INFO  client.GrpcClientProtocolClient (GrpcClientProtocolClient.java:onNext(254)) - client-253D2503C21A->6571ba41-d309-4d1d-a321-129a77bf1602: receive RaftClientReply:client-253D2503C21A->6571ba41-d309-4d1d-a321-129a77bf1602@group-6D4C5FD51127, cid=627, SUCCESS, logIndex=788, commits[6571ba41-d309-4d1d-a321-129a77bf1602:c788, 75e8c5ea-f06a-43e1-af6e-1f7f9b0b2cc1:c787, 1d8d2908-dfb4-4358-9c6e-64b435d6fccc:c787]
2019-07-03 07:07:56,807 INFO  client.GrpcClientProtocolClient (GrpcClientProtocolClient.java:onNext(254)) - client-253D2503C21A->6571ba41-d309-4d1d-a321-129a77bf1602: receive RaftClientReply:client-253D2503C21A->6571ba41-d309-4d1d-a321-129a77bf1602@group-6D4C5FD51127, cid=628, SUCCESS, logIndex=790, commits[6571ba41-d309-4d1d-a321-129a77bf1602:c790, 75e8c5ea-f06a-43e1-af6e-1f7f9b0b2cc1:c788, 1d8d2908-dfb4-4358-9c6e-64b435d6fccc:c788]
2019-07-03 07:07:56,808 INFO  client.GrpcClientProtocolClient (GrpcClientProtocolClient.java:onNext(254)) - client-253D2503C21A->6571ba41-d309-4d1d-a321-129a77bf1602: receive RaftClientReply:client-253D2503C21A->6571ba41-d309-4d1d-a321-129a77bf1602@group-6D4C5FD51127, cid=629, SUCCESS, logIndex=791, commits[6571ba41-d309-4d1d-a321-129a77bf1602:c792, 75e8c5ea-f06a-43e1-af6e-1f7f9b0b2cc1:c788, 1d8d2908-dfb4-4358-9c6e-64b435d6fccc:c788]
2019-07-03 07:07:56,809 INFO  client.GrpcClientProtocolClient (GrpcClientProtocolClient.java:onNext(254)) - client-253D2503C21A->6571ba41-d309-4d1d-a321-129a77bf1602: receive RaftClientReply:client-253D2503C21A->6571ba41-d309-4d1d-a321-129a77bf1602@group-6D4C5FD51127, cid=630, SUCCESS, logIndex=792, commits[6571ba41-d309-4d1d-a321-129a77bf1602:c792, 75e8c5ea-f06a-43e1-af6e-1f7f9b0b2cc1:c788, 1d8d2908-dfb4-4358-9c6e-64b435d6fccc:c788]
2019-07-03 07:07:56,821 INFO  client.GrpcClientProtocolClient (GrpcClientProtocolClient.java:onNext(254)) - client-253D2503C21A->6571ba41-d309-4d1d-a321-129a77bf1602: receive RaftClientReply:client-253D2503C21A->6571ba41-d309-4d1d-a321-129a77bf1602@group-6D4C5FD51127, cid=631, SUCCESS, logIndex=0, commits[6571ba41-d309-4d1d-a321-129a77bf1602:c794, 75e8c5ea-f06a-43e1-af6e-1f7f9b0b2cc1:c790, 1d8d2908-dfb4-4358-9c6e-64b435d6fccc:c791]
2019-07-03 07:07:56,838 INFO  client.GrpcClientProtocolClient (GrpcClientProtocolClient.java:onNext(254)) - client-253D2503C21A->6571ba41-d309-4d1d-a321-129a77bf1602: receive RaftClientReply:client-253D2503C21A->6571ba41-d309-4d1d-a321-129a77bf1602@group-6D4C5FD51127, cid=632, SUCCESS, logIndex=796, commits[6571ba41-d309-4d1d-a321-129a77bf1602:c796, 75e8c5ea-f06a-43e1-af6e-1f7f9b0b2cc1:c795, 1d8d2908-dfb4-4358-9c6e-64b435d6fccc:c795]
2019-07-03 07:07:56,852 INFO  client.GrpcClientProtocolClient (GrpcClientProtocolClient.java:onNext(254)) - client-253D2503C21A->6571ba41-d309-4d1d-a321-129a77bf1602: receive RaftClientReply:client-253D2503C21A->6571ba41-d309-4d1d-a321-129a77bf1602@group-6D4C5FD51127, cid=633, SUCCESS, logIndex=798, commits[6571ba41-d309-4d1d-a321-129a77bf1602:c798, 75e8c5ea-f06a-43e1-af6e-1f7f9b0b2cc1:c796, 1d8d2908-dfb4-4358-9c6e-64b435d6fccc:c796]
2019-07-03 07:07:56,877 INFO  client.GrpcClientProtocolClient (GrpcClientProtocolClient.java:onNext(254)) - client-253D2503C21A->6571ba41-d309-4d1d-a321-129a77bf1602: receive RaftClientReply:client-253D2503C21A->6571ba41-d309-4d1d-a321-129a77bf1602@group-6D4C5FD51127, cid=634, SUCCESS, logIndex=800, commits[6571ba41-d309-4d1d-a321-129a77bf1602:c800, 75e8c5ea-f06a-43e1-af6e-1f7f9b0b2cc1:c798, 1d8d2908-dfb4-4358-9c6e-64b435d6fccc:c798]
2019-07-03 07:07:56,892 INFO  client.GrpcClientProtocolClient (GrpcClientProtocolClient.java:onNext(254)) - client-253D2503C21A->6571ba41-d309-4d1d-a321-129a77bf1602: receive RaftClientReply:client-253D2503C21A->6571ba41-d309-4d1d-a321-129a77bf1602@group-6D4C5FD51127, cid=635, SUCCESS, logIndex=802, commits[6571ba41-d309-4d1d-a321-129a77bf1602:c802, 75e8c5ea-f06a-43e1-af6e-1f7f9b0b2cc1:c800, 1d8d2908-dfb4-4358-9c6e-64b435d6fccc:c800]
2019-07-03 07:07:56,903 INFO  client.GrpcClientProtocolClient (GrpcClientProtocolClient.java:onNext(254)) - client-253D2503C21A->6571ba41-d309-4d1d-a321-129a77bf1602: receive RaftClientReply:client-253D2503C21A->6571ba41-d309-4d1d-a321-129a77bf1602@group-6D4C5FD51127, cid=636, SUCCESS, logIndex=0, commits[6571ba41-d309-4d1d-a321-129a77bf1602:c803, 75e8c5ea-f06a-43e1-af6e-1f7f9b0b2cc1:c802, 1d8d2908-dfb4-4358-9c6e-64b435d6fccc:c802]
2019-07-03 07:07:56,927 INFO  client.GrpcClientProtocolClient (GrpcClientProtocolClient.java:onNext(254)) - client-253D2503C21A->6571ba41-d309-4d1d-a321-129a77bf1602: receive RaftClientReply:client-253D2503C21A->6571ba41-d309-4d1d-a321-129a77bf1602@group-6D4C5FD51127, cid=637, SUCCESS, logIndex=804, commits[6571ba41-d309-4d1d-a321-129a77bf1602:c804, 75e8c5ea-f06a-43e1-af6e-1f7f9b0b2cc1:c803, 1d8d2908-dfb4-4358-9c6e-64b435d6fccc:c803]
2019-07-03 07:07:56,939 INFO  client.GrpcClientProtocolClient (GrpcClientProtocolClient.java:onNext(254)) - client-253D2503C21A->6571ba41-d309-4d1d-a321-129a77bf1602: receive RaftClientReply:client-253D2503C21A->6571ba41-d309-4d1d-a321-129a77bf1602@group-6D4C5FD51127, cid=638, SUCCESS, logIndex=806, commits[6571ba41-d309-4d1d-a321-129a77bf1602:c807, 75e8c5ea-f06a-43e1-af6e-1f7f9b0b2cc1:c804, 1d8d2908-dfb4-4358-9c6e-64b435d6fccc:c804]
2019-07-03 07:07:56,940 INFO  client.GrpcClientProtocolClient (GrpcClientProtocolClient.java:onNext(254)) - client-253D2503C21A->6571ba41-d309-4d1d-a321-129a77bf1602: receive RaftClientReply:client-253D2503C21A->6571ba41-d309-4d1d-a321-129a77bf1602@group-6D4C5FD51127, cid=639, SUCCESS, logIndex=807, commits[6571ba41-d309-4d1d-a321-129a77bf1602:c807, 75e8c5ea-f06a-43e1-af6e-1f7f9b0b2cc1:c804, 1d8d2908-dfb4-4358-9c6e-64b435d6fccc:c804]
2019-07-03 07:07:56,950 INFO  client.GrpcClientProtocolClient (GrpcClientProtocolClient.java:onNext(254)) - client-253D2503C21A->6571ba41-d309-4d1d-a321-129a77bf1602: receive RaftClientReply:client-253D2503C21A->6571ba41-d309-4d1d-a321-129a77bf1602@group-6D4C5FD51127, cid=640, SUCCESS, logIndex=808, commits[6571ba41-d309-4d1d-a321-129a77bf1602:c809, 75e8c5ea-f06a-43e1-af6e-1f7f9b0b2cc1:c807, 1d8d2908-dfb4-4358-9c6e-64b435d6fccc:c804]
2019-07-03 07:07:56,952 INFO  client.GrpcClientProtocolClient (GrpcClientProtocolClient.java:onNext(254)) - client-253D2503C21A->6571ba41-d309-4d1d-a321-129a77bf1602: receive RaftClientReply:client-253D2503C21A->6571ba41-d309-4d1d-a321-129a77bf1602@group-6D4C5FD51127, cid=641, SUCCESS, logIndex=0, commits[6571ba41-d309-4d1d-a321-129a77bf1602:c809, 75e8c5ea-f06a-43e1-af6e-1f7f9b0b2cc1:c807, 1d8d2908-dfb4-4358-9c6e-64b435d6fccc:c806]
2019-07-03 07:07:56,979 INFO  client.GrpcClientProtocolClient (GrpcClientProtocolClient.java:onNext(254)) - client-253D2503C21A->6571ba41-d309-4d1d-a321-129a77bf1602: receive RaftClientReply:client-253D2503C21A->6571ba41-d309-4d1d-a321-129a77bf1602@group-6D4C5FD51127, cid=642, SUCCESS, logIndex=812, commits[6571ba41-d309-4d1d-a321-129a77bf1602:c812, 75e8c5ea-f06a-43e1-af6e-1f7f9b0b2cc1:c810, 1d8d2908-dfb4-4358-9c6e-64b435d6fccc:c808]
2019-07-03 07:07:56,995 INFO  client.GrpcClientProtocolClient (GrpcClientProtocolClient.java:onNext(254)) - client-253D2503C21A->6571ba41-d309-4d1d-a321-129a77bf1602: receive RaftClientReply:client-253D2503C21A->6571ba41-d309-4d1d-a321-129a77bf1602@group-6D4C5FD51127, cid=643, SUCCESS, logIndex=814, commits[6571ba41-d309-4d1d-a321-129a77bf1602:c814, 75e8c5ea-f06a-43e1-af6e-1f7f9b0b2cc1:c812, 1d8d2908-dfb4-4358-9c6e-64b435d6fccc:c812]
2019-07-03 07:07:57,021 INFO  client.GrpcClientProtocolClient (GrpcClientProtocolClient.java:onNext(254)) - client-253D2503C21A->6571ba41-d309-4d1d-a321-129a77bf1602: receive RaftClientReply:client-253D2503C21A->6571ba41-d309-4d1d-a321-129a77bf1602@group-6D4C5FD51127, cid=644, SUCCESS, logIndex=816, commits[6571ba41-d309-4d1d-a321-129a77bf1602:c816, 75e8c5ea-f06a-43e1-af6e-1f7f9b0b2cc1:c814, 1d8d2908-dfb4-4358-9c6e-64b435d6fccc:c814]
2019-07-03 07:07:57,047 INFO  client.GrpcClientProtocolClient (GrpcClientProtocolClient.java:onNext(254)) - client-253D2503C21A->6571ba41-d309-4d1d-a321-129a77bf1602: receive RaftClientReply:client-253D2503C21A->6571ba41-d309-4d1d-a321-129a77bf1602@group-6D4C5FD51127, cid=645, SUCCESS, logIndex=818, commits[6571ba41-d309-4d1d-a321-129a77bf1602:c818, 75e8c5ea-f06a-43e1-af6e-1f7f9b0b2cc1:c816, 1d8d2908-dfb4-4358-9c6e-64b435d6fccc:c816]
2019-07-03 07:07:57,049 INFO  client.GrpcClientProtocolClient (GrpcClientProtocolClient.java:onNext(254)) - client-253D2503C21A->6571ba41-d309-4d1d-a321-129a77bf1602: receive RaftClientReply:client-253D2503C21A->6571ba41-d309-4d1d-a321-129a77bf1602@group-6D4C5FD51127, cid=646, SUCCESS, logIndex=0, commits[6571ba41-d309-4d1d-a321-129a77bf1602:c819, 75e8c5ea-f06a-43e1-af6e-1f7f9b0b2cc1:c818, 1d8d2908-dfb4-4358-9c6e-64b435d6fccc:c818]
2019-07-03 07:07:57,067 INFO  client.GrpcClientProtocolClient (GrpcClientProtocolClient.java:onNext(254)) - client-253D2503C21A->6571ba41-d309-4d1d-a321-129a77bf1602: receive RaftClientReply:client-253D2503C21A->6571ba41-d309-4d1d-a321-129a77bf1602@group-6D4C5FD51127, cid=647, SUCCESS, logIndex=820, commits[6571ba41-d309-4d1d-a321-129a77bf1602:c820, 75e8c5ea-f06a-43e1-af6e-1f7f9b0b2cc1:c819, 1d8d2908-dfb4-4358-9c6e-64b435d6fccc:c818]
2019-07-03 07:07:57,071 INFO  client.GrpcClientProtocolClient (GrpcClientProtocolClient.java:onNext(254)) - client-253D2503C21A->6571ba41-d309-4d1d-a321-129a77bf1602: receive RaftClientReply:client-253D2503C21A->6571ba41-d309-4d1d-a321-129a77bf1602@group-6D4C5FD51127, cid=648, SUCCESS, logIndex=822, commits[6571ba41-d309-4d1d-a321-129a77bf1602:c822, 75e8c5ea-f06a-43e1-af6e-1f7f9b0b2cc1:c820, 1d8d2908-dfb4-4358-9c6e-64b435d6fccc:c820]
2019-07-03 07:07:57,075 INFO  client.GrpcClientProtocolClient (GrpcClientProtocolClient.java:onNext(254)) - client-253D2503C21A->6571ba41-d309-4d1d-a321-129a77bf1602: receive RaftClientReply:client-253D2503C21A->6571ba41-d309-4d1d-a321-129a77bf1602@group-6D4C5FD51127, cid=649, SUCCESS, logIndex=823, commits[6571ba41-d309-4d1d-a321-129a77bf1602:c824, 75e8c5ea-f06a-43e1-af6e-1f7f9b0b2cc1:c821, 1d8d2908-dfb4-4358-9c6e-64b435d6fccc:c821]
2019-07-03 07:07:57,076 INFO  client.GrpcClientProtocolClient (GrpcClientProtocolClient.java:onNext(254)) - client-253D2503C21A->6571ba41-d309-4d1d-a321-129a77bf1602: receive RaftClientReply:client-253D2503C21A->6571ba41-d309-4d1d-a321-129a77bf1602@group-6D4C5FD51127, cid=650, SUCCESS, logIndex=824, commits[6571ba41-d309-4d1d-a321-129a77bf1602:c824, 75e8c5ea-f06a-43e1-af6e-1f7f9b0b2cc1:c821, 1d8d2908-dfb4-4358-9c6e-64b435d6fccc:c821]
2019-07-03 07:07:57,096 INFO  client.GrpcClientProtocolClient (GrpcClientProtocolClient.java:onNext(254)) - client-253D2503C21A->6571ba41-d309-4d1d-a321-129a77bf1602: receive RaftClientReply:client-253D2503C21A->6571ba41-d309-4d1d-a321-129a77bf1602@group-6D4C5FD51127, cid=651, SUCCESS, logIndex=0, commits[6571ba41-d309-4d1d-a321-129a77bf1602:c826, 75e8c5ea-f06a-43e1-af6e-1f7f9b0b2cc1:c824, 1d8d2908-dfb4-4358-9c6e-64b435d6fccc:c822]
2019-07-03 07:07:57,132 INFO  client.GrpcClientProtocolClient (GrpcClientProtocolClient.java:onNext(254)) - client-253D2503C21A->6571ba41-d309-4d1d-a321-129a77bf1602: receive RaftClientReply:client-253D2503C21A->6571ba41-d309-4d1d-a321-129a77bf1602@group-6D4C5FD51127, cid=652, SUCCESS, logIndex=828, commits[6571ba41-d309-4d1d-a321-129a77bf1602:c828, 75e8c5ea-f06a-43e1-af6e-1f7f9b0b2cc1:c827, 1d8d2908-dfb4-4358-9c6e-64b435d6fccc:c827]
2019-07-03 07:07:57,147 INFO  client.GrpcClientProtocolClient (GrpcClientProtocolClient.java:onNext(254)) - client-253D2503C21A->6571ba41-d309-4d1d-a321-129a77bf1602: receive RaftClientReply:client-253D2503C21A->6571ba41-d309-4d1d-a321-129a77bf1602@group-6D4C5FD51127, cid=653, SUCCESS, logIndex=830, commits[6571ba41-d309-4d1d-a321-129a77bf1602:c830, 75e8c5ea-f06a-43e1-af6e-1f7f9b0b2cc1:c828, 1d8d2908-dfb4-4358-9c6e-64b435d6fccc:c828]
2019-07-03 07:07:57,172 INFO  client.GrpcClientProtocolClient (GrpcClientProtocolClient.java:onNext(254)) - client-253D2503C21A->6571ba41-d309-4d1d-a321-129a77bf1602: receive RaftClientReply:client-253D2503C21A->6571ba41-d309-4d1d-a321-129a77bf1602@group-6D4C5FD51127, cid=654, SUCCESS, logIndex=832, commits[6571ba41-d309-4d1d-a321-129a77bf1602:c832, 75e8c5ea-f06a-43e1-af6e-1f7f9b0b2cc1:c830, 1d8d2908-dfb4-4358-9c6e-64b435d6fccc:c830]
2019-07-03 07:07:57,187 INFO  client.GrpcClientProtocolClient (GrpcClientProtocolClient.java:onNext(254)) - client-253D2503C21A->6571ba41-d309-4d1d-a321-129a77bf1602: receive RaftClientReply:client-253D2503C21A->6571ba41-d309-4d1d-a321-129a77bf1602@group-6D4C5FD51127, cid=655, SUCCESS, logIndex=834, commits[6571ba41-d309-4d1d-a321-129a77bf1602:c834, 75e8c5ea-f06a-43e1-af6e-1f7f9b0b2cc1:c832, 1d8d2908-dfb4-4358-9c6e-64b435d6fccc:c832]
2019-07-03 07:07:57,198 INFO  client.GrpcClientProtocolClient (GrpcClientProtocolClient.java:onNext(254)) - client-253D2503C21A->6571ba41-d309-4d1d-a321-129a77bf1602: receive RaftClientReply:client-253D2503C21A->6571ba41-d309-4d1d-a321-129a77bf1602@group-6D4C5FD51127, cid=656, SUCCESS, logIndex=0, commits[6571ba41-d309-4d1d-a321-129a77bf1602:c835, 75e8c5ea-f06a-43e1-af6e-1f7f9b0b2cc1:c834, 1d8d2908-dfb4-4358-9c6e-64b435d6fccc:c834]
2019-07-03 07:07:57,224 INFO  client.GrpcClientProtocolClient (GrpcClientProtocolClient.java:onNext(254)) - client-253D2503C21A->6571ba41-d309-4d1d-a321-129a77bf1602: receive RaftClientReply:client-253D2503C21A->6571ba41-d309-4d1d-a321-129a77bf1602@group-6D4C5FD51127, cid=657, SUCCESS, logIndex=836, commits[6571ba41-d309-4d1d-a321-129a77bf1602:c836, 75e8c5ea-f06a-43e1-af6e-1f7f9b0b2cc1:c835, 1d8d2908-dfb4-4358-9c6e-64b435d6fccc:c835]
2019-07-03 07:07:57,249 INFO  client.GrpcClientProtocolClient (GrpcClientProtocolClient.java:onNext(254)) - client-253D2503C21A->6571ba41-d309-4d1d-a321-129a77bf1602: receive RaftClientReply:client-253D2503C21A->6571ba41-d309-4d1d-a321-129a77bf1602@group-6D4C5FD51127, cid=658, SUCCESS, logIndex=838, commits[6571ba41-d309-4d1d-a321-129a77bf1602:c839, 75e8c5ea-f06a-43e1-af6e-1f7f9b0b2cc1:c836, 1d8d2908-dfb4-4358-9c6e-64b435d6fccc:c836]
2019-07-03 07:07:57,249 INFO  client.GrpcClientProtocolClient (GrpcClientProtocolClient.java:onNext(254)) - client-253D2503C21A->6571ba41-d309-4d1d-a321-129a77bf1602: receive RaftClientReply:client-253D2503C21A->6571ba41-d309-4d1d-a321-129a77bf1602@group-6D4C5FD51127, cid=659, SUCCESS, logIndex=839, commits[6571ba41-d309-4d1d-a321-129a77bf1602:c840, 75e8c5ea-f06a-43e1-af6e-1f7f9b0b2cc1:c837, 1d8d2908-dfb4-4358-9c6e-64b435d6fccc:c837]
2019-07-03 07:07:57,250 INFO  client.GrpcClientProtocolClient (GrpcClientProtocolClient.java:onNext(254)) - client-253D2503C21A->6571ba41-d309-4d1d-a321-129a77bf1602: receive RaftClientReply:client-253D2503C21A->6571ba41-d309-4d1d-a321-129a77bf1602@group-6D4C5FD51127, cid=660, SUCCESS, logIndex=840, commits[6571ba41-d309-4d1d-a321-129a77bf1602:c841, 75e8c5ea-f06a-43e1-af6e-1f7f9b0b2cc1:c837, 1d8d2908-dfb4-4358-9c6e-64b435d6fccc:c837]
2019-07-03 07:07:57,253 INFO  client.GrpcClientProtocolClient (GrpcClientProtocolClient.java:onNext(254)) - client-253D2503C21A->6571ba41-d309-4d1d-a321-129a77bf1602: receive RaftClientReply:client-253D2503C21A->6571ba41-d309-4d1d-a321-129a77bf1602@group-6D4C5FD51127, cid=661, SUCCESS, logIndex=0, commits[6571ba41-d309-4d1d-a321-129a77bf1602:c843, 75e8c5ea-f06a-43e1-af6e-1f7f9b0b2cc1:c841, 1d8d2908-dfb4-4358-9c6e-64b435d6fccc:c841]
2019-07-03 07:07:57,276 INFO  client.GrpcClientProtocolClient (GrpcClientProtocolClient.java:onNext(254)) - client-253D2503C21A->6571ba41-d309-4d1d-a321-129a77bf1602: receive RaftClientReply:client-253D2503C21A->6571ba41-d309-4d1d-a321-129a77bf1602@group-6D4C5FD51127, cid=662, SUCCESS, logIndex=844, commits[6571ba41-d309-4d1d-a321-129a77bf1602:c844, 75e8c5ea-f06a-43e1-af6e-1f7f9b0b2cc1:c843, 1d8d2908-dfb4-4358-9c6e-64b435d6fccc:c843]
2019-07-03 07:07:57,291 INFO  client.GrpcClientProtocolClient (GrpcClientProtocolClient.java:onNext(254)) - client-253D2503C21A->6571ba41-d309-4d1d-a321-129a77bf1602: receive RaftClientReply:client-253D2503C21A->6571ba41-d309-4d1d-a321-129a77bf1602@group-6D4C5FD51127, cid=663, SUCCESS, logIndex=846, commits[6571ba41-d309-4d1d-a321-129a77bf1602:c846, 75e8c5ea-f06a-43e1-af6e-1f7f9b0b2cc1:c844, 1d8d2908-dfb4-4358-9c6e-64b435d6fccc:c844]
2019-07-03 07:07:57,307 INFO  client.GrpcClientProtocolClient (GrpcClientProtocolClient.java:onNext(254)) - client-253D2503C21A->6571ba41-d309-4d1d-a321-129a77bf1602: receive RaftClientReply:client-253D2503C21A->6571ba41-d309-4d1d-a321-129a77bf1602@group-6D4C5FD51127, cid=664, SUCCESS, logIndex=848, commits[6571ba41-d309-4d1d-a321-129a77bf1602:c848, 75e8c5ea-f06a-43e1-af6e-1f7f9b0b2cc1:c847, 1d8d2908-dfb4-4358-9c6e-64b435d6fccc:c847]
2019-07-03 07:07:57,311 INFO  client.GrpcClientProtocolClient (GrpcClientProtocolClient.java:onNext(254)) - client-253D2503C21A->6571ba41-d309-4d1d-a321-129a77bf1602: receive RaftClientReply:client-253D2503C21A->6571ba41-d309-4d1d-a321-129a77bf1602@group-6D4C5FD51127, cid=665, SUCCESS, logIndex=850, commits[6571ba41-d309-4d1d-a321-129a77bf1602:c850, 75e8c5ea-f06a-43e1-af6e-1f7f9b0b2cc1:c848, 1d8d2908-dfb4-4358-9c6e-64b435d6fccc:c848]
2019-07-03 07:07:57,315 INFO  client.GrpcClientProtocolClient (GrpcClientProtocolClient.java:onNext(254)) - client-253D2503C21A->6571ba41-d309-4d1d-a321-129a77bf1602: receive RaftClientReply:client-253D2503C21A->6571ba41-d309-4d1d-a321-129a77bf1602@group-6D4C5FD51127, cid=666, SUCCESS, logIndex=0, commits[6571ba41-d309-4d1d-a321-129a77bf1602:c851, 75e8c5ea-f06a-43e1-af6e-1f7f9b0b2cc1:c850, 1d8d2908-dfb4-4358-9c6e-64b435d6fccc:c850]
2019-07-03 07:07:57,455 INFO  client.GrpcClientProtocolClient (GrpcClientProtocolClient.java:onNext(254)) - client-253D2503C21A->6571ba41-d309-4d1d-a321-129a77bf1602: receive RaftClientReply:client-253D2503C21A->6571ba41-d309-4d1d-a321-129a77bf1602@group-6D4C5FD51127, cid=667, SUCCESS, logIndex=852, commits[6571ba41-d309-4d1d-a321-129a77bf1602:c852, 75e8c5ea-f06a-43e1-af6e-1f7f9b0b2cc1:c851, 1d8d2908-dfb4-4358-9c6e-64b435d6fccc:c851]
2019-07-03 07:07:57,467 INFO  client.GrpcClientProtocolClient (GrpcClientProtocolClient.java:onNext(254)) - client-253D2503C21A->6571ba41-d309-4d1d-a321-129a77bf1602: receive RaftClientReply:client-253D2503C21A->6571ba41-d309-4d1d-a321-129a77bf1602@group-6D4C5FD51127, cid=668, SUCCESS, logIndex=854, commits[6571ba41-d309-4d1d-a321-129a77bf1602:c854, 75e8c5ea-f06a-43e1-af6e-1f7f9b0b2cc1:c852, 1d8d2908-dfb4-4358-9c6e-64b435d6fccc:c852]
2019-07-03 07:07:57,467 INFO  client.GrpcClientProtocolClient (GrpcClientProtocolClient.java:onNext(254)) - client-253D2503C21A->6571ba41-d309-4d1d-a321-129a77bf1602: receive RaftClientReply:client-253D2503C21A->6571ba41-d309-4d1d-a321-129a77bf1602@group-6D4C5FD51127, cid=669, SUCCESS, logIndex=855, commits[6571ba41-d309-4d1d-a321-129a77bf1602:c855, 75e8c5ea-f06a-43e1-af6e-1f7f9b0b2cc1:c852, 1d8d2908-dfb4-4358-9c6e-64b435d6fccc:c852]
2019-07-03 07:07:57,479 INFO  client.GrpcClientProtocolClient (GrpcClientProtocolClient.java:onNext(254)) - client-253D2503C21A->6571ba41-d309-4d1d-a321-129a77bf1602: receive RaftClientReply:client-253D2503C21A->6571ba41-d309-4d1d-a321-129a77bf1602@group-6D4C5FD51127, cid=670, SUCCESS, logIndex=856, commits[6571ba41-d309-4d1d-a321-129a77bf1602:c857, 75e8c5ea-f06a-43e1-af6e-1f7f9b0b2cc1:c854, 1d8d2908-dfb4-4358-9c6e-64b435d6fccc:c852]
2019-07-03 07:07:57,481 INFO  client.GrpcClientProtocolClient (GrpcClientProtocolClient.java:onNext(254)) - client-253D2503C21A->6571ba41-d309-4d1d-a321-129a77bf1602: receive RaftClientReply:client-253D2503C21A->6571ba41-d309-4d1d-a321-129a77bf1602@group-6D4C5FD51127, cid=671, SUCCESS, logIndex=0, commits[6571ba41-d309-4d1d-a321-129a77bf1602:c858, 75e8c5ea-f06a-43e1-af6e-1f7f9b0b2cc1:c855, 1d8d2908-dfb4-4358-9c6e-64b435d6fccc:c854]
2019-07-03 07:07:57,507 INFO  storage.RaftLogWorker (RaftLogWorker.java:rollLogSegment(303)) - 6571ba41-d309-4d1d-a321-129a77bf1602-RaftLogWorker: Rolling segment log-780_861 to index:861
2019-07-03 07:07:57,507 INFO  client.GrpcClientProtocolClient (GrpcClientProtocolClient.java:onNext(254)) - client-253D2503C21A->6571ba41-d309-4d1d-a321-129a77bf1602: receive RaftClientReply:client-253D2503C21A->6571ba41-d309-4d1d-a321-129a77bf1602@group-6D4C5FD51127, cid=672, SUCCESS, logIndex=860, commits[6571ba41-d309-4d1d-a321-129a77bf1602:c860, 75e8c5ea-f06a-43e1-af6e-1f7f9b0b2cc1:c858, 1d8d2908-dfb4-4358-9c6e-64b435d6fccc:c858]
2019-07-03 07:07:57,508 INFO  storage.RaftLogWorker (RaftLogWorker.java:rollLogSegment(303)) - 1d8d2908-dfb4-4358-9c6e-64b435d6fccc-RaftLogWorker: Rolling segment log-780_861 to index:861
2019-07-03 07:07:57,508 INFO  storage.RaftLogWorker (RaftLogWorker.java:rollLogSegment(303)) - 75e8c5ea-f06a-43e1-af6e-1f7f9b0b2cc1-RaftLogWorker: Rolling segment log-780_861 to index:861
2019-07-03 07:07:57,517 INFO  storage.RaftLogWorker (RaftLogWorker.java:execute(433)) - 6571ba41-d309-4d1d-a321-129a77bf1602-RaftLogWorker: Rolled log segment from /opt/src/hadoop-ozone/tools/target/test-dir/MiniOzoneClusterImpl-0519545d-318d-4c21-a2a0-688f18f8a31d/datanode-4/data/ratis/23ffc2a4-5526-4092-9dc4-6d4c5fd51127/current/log_inprogress_780 to /opt/src/hadoop-ozone/tools/target/test-dir/MiniOzoneClusterImpl-0519545d-318d-4c21-a2a0-688f18f8a31d/datanode-4/data/ratis/23ffc2a4-5526-4092-9dc4-6d4c5fd51127/current/log_780-861
2019-07-03 07:07:57,518 INFO  storage.RaftLogWorker (RaftLogWorker.java:execute(433)) - 75e8c5ea-f06a-43e1-af6e-1f7f9b0b2cc1-RaftLogWorker: Rolled log segment from /opt/src/hadoop-ozone/tools/target/test-dir/MiniOzoneClusterImpl-0519545d-318d-4c21-a2a0-688f18f8a31d/datanode-1/data/ratis/23ffc2a4-5526-4092-9dc4-6d4c5fd51127/current/log_inprogress_780 to /opt/src/hadoop-ozone/tools/target/test-dir/MiniOzoneClusterImpl-0519545d-318d-4c21-a2a0-688f18f8a31d/datanode-1/data/ratis/23ffc2a4-5526-4092-9dc4-6d4c5fd51127/current/log_780-861
2019-07-03 07:07:57,518 INFO  storage.RaftLogWorker (RaftLogWorker.java:execute(433)) - 1d8d2908-dfb4-4358-9c6e-64b435d6fccc-RaftLogWorker: Rolled log segment from /opt/src/hadoop-ozone/tools/target/test-dir/MiniOzoneClusterImpl-0519545d-318d-4c21-a2a0-688f18f8a31d/datanode-2/data/ratis/23ffc2a4-5526-4092-9dc4-6d4c5fd51127/current/log_inprogress_780 to /opt/src/hadoop-ozone/tools/target/test-dir/MiniOzoneClusterImpl-0519545d-318d-4c21-a2a0-688f18f8a31d/datanode-2/data/ratis/23ffc2a4-5526-4092-9dc4-6d4c5fd51127/current/log_780-861
2019-07-03 07:07:57,570 INFO  storage.RaftLogWorker (RaftLogWorker.java:execute(469)) - 6571ba41-d309-4d1d-a321-129a77bf1602-RaftLogWorker: created new log segment /opt/src/hadoop-ozone/tools/target/test-dir/MiniOzoneClusterImpl-0519545d-318d-4c21-a2a0-688f18f8a31d/datanode-4/data/ratis/23ffc2a4-5526-4092-9dc4-6d4c5fd51127/current/log_inprogress_862
2019-07-03 07:07:57,589 INFO  storage.RaftLogWorker (RaftLogWorker.java:execute(469)) - 75e8c5ea-f06a-43e1-af6e-1f7f9b0b2cc1-RaftLogWorker: created new log segment /opt/src/hadoop-ozone/tools/target/test-dir/MiniOzoneClusterImpl-0519545d-318d-4c21-a2a0-688f18f8a31d/datanode-1/data/ratis/23ffc2a4-5526-4092-9dc4-6d4c5fd51127/current/log_inprogress_862
2019-07-03 07:07:57,589 INFO  storage.RaftLogWorker (RaftLogWorker.java:execute(469)) - 1d8d2908-dfb4-4358-9c6e-64b435d6fccc-RaftLogWorker: created new log segment /opt/src/hadoop-ozone/tools/target/test-dir/MiniOzoneClusterImpl-0519545d-318d-4c21-a2a0-688f18f8a31d/datanode-2/data/ratis/23ffc2a4-5526-4092-9dc4-6d4c5fd51127/current/log_inprogress_862
 0.00% |█                                                                                                    |  0/1 Time: 0:00:052019-07-03 07:07:57,609 INFO  client.GrpcClientProtocolClient (GrpcClientProtocolClient.java:onNext(254)) - client-253D2503C21A->6571ba41-d309-4d1d-a321-129a77bf1602: receive RaftClientReply:client-253D2503C21A->6571ba41-d309-4d1d-a321-129a77bf1602@group-6D4C5FD51127, cid=673, SUCCESS, logIndex=862, commits[6571ba41-d309-4d1d-a321-129a77bf1602:c862, 75e8c5ea-f06a-43e1-af6e-1f7f9b0b2cc1:c860, 1d8d2908-dfb4-4358-9c6e-64b435d6fccc:c860]
2019-07-03 07:07:57,636 INFO  client.GrpcClientProtocolClient (GrpcClientProtocolClient.java:onNext(254)) - client-253D2503C21A->6571ba41-d309-4d1d-a321-129a77bf1602: receive RaftClientReply:client-253D2503C21A->6571ba41-d309-4d1d-a321-129a77bf1602@group-6D4C5FD51127, cid=674, SUCCESS, logIndex=864, commits[6571ba41-d309-4d1d-a321-129a77bf1602:c864, 75e8c5ea-f06a-43e1-af6e-1f7f9b0b2cc1:c863, 1d8d2908-dfb4-4358-9c6e-64b435d6fccc:c863]
2019-07-03 07:07:57,652 INFO  client.GrpcClientProtocolClient (GrpcClientProtocolClient.java:onNext(254)) - client-253D2503C21A->6571ba41-d309-4d1d-a321-129a77bf1602: receive RaftClientReply:client-253D2503C21A->6571ba41-d309-4d1d-a321-129a77bf1602@group-6D4C5FD51127, cid=675, SUCCESS, logIndex=866, commits[6571ba41-d309-4d1d-a321-129a77bf1602:c866, 75e8c5ea-f06a-43e1-af6e-1f7f9b0b2cc1:c864, 1d8d2908-dfb4-4358-9c6e-64b435d6fccc:c864]
2019-07-03 07:07:57,663 INFO  client.GrpcClientProtocolClient (GrpcClientProtocolClient.java:onNext(254)) - client-253D2503C21A->6571ba41-d309-4d1d-a321-129a77bf1602: receive RaftClientReply:client-253D2503C21A->6571ba41-d309-4d1d-a321-129a77bf1602@group-6D4C5FD51127, cid=676, SUCCESS, logIndex=0, commits[6571ba41-d309-4d1d-a321-129a77bf1602:c867, 75e8c5ea-f06a-43e1-af6e-1f7f9b0b2cc1:c866, 1d8d2908-dfb4-4358-9c6e-64b435d6fccc:c866]
2019-07-03 07:07:57,688 INFO  client.GrpcClientProtocolClient (GrpcClientProtocolClient.java:onNext(254)) - client-253D2503C21A->6571ba41-d309-4d1d-a321-129a77bf1602: receive RaftClientReply:client-253D2503C21A->6571ba41-d309-4d1d-a321-129a77bf1602@group-6D4C5FD51127, cid=677, SUCCESS, logIndex=868, commits[6571ba41-d309-4d1d-a321-129a77bf1602:c868, 75e8c5ea-f06a-43e1-af6e-1f7f9b0b2cc1:c867, 1d8d2908-dfb4-4358-9c6e-64b435d6fccc:c867]
2019-07-03 07:07:57,700 INFO  client.GrpcClientProtocolClient (GrpcClientProtocolClient.java:onNext(254)) - client-253D2503C21A->6571ba41-d309-4d1d-a321-129a77bf1602: receive RaftClientReply:client-253D2503C21A->6571ba41-d309-4d1d-a321-129a77bf1602@group-6D4C5FD51127, cid=678, SUCCESS, logIndex=870, commits[6571ba41-d309-4d1d-a321-129a77bf1602:c871, 75e8c5ea-f06a-43e1-af6e-1f7f9b0b2cc1:c868, 1d8d2908-dfb4-4358-9c6e-64b435d6fccc:c868]
2019-07-03 07:07:57,700 INFO  client.GrpcClientProtocolClient (GrpcClientProtocolClient.java:onNext(254)) - client-253D2503C21A->6571ba41-d309-4d1d-a321-129a77bf1602: receive RaftClientReply:client-253D2503C21A->6571ba41-d309-4d1d-a321-129a77bf1602@group-6D4C5FD51127, cid=679, SUCCESS, logIndex=871, commits[6571ba41-d309-4d1d-a321-129a77bf1602:c871, 75e8c5ea-f06a-43e1-af6e-1f7f9b0b2cc1:c868, 1d8d2908-dfb4-4358-9c6e-64b435d6fccc:c868]
2019-07-03 07:07:57,701 INFO  client.GrpcClientProtocolClient (GrpcClientProtocolClient.java:onNext(254)) - client-253D2503C21A->6571ba41-d309-4d1d-a321-129a77bf1602: receive RaftClientReply:client-253D2503C21A->6571ba41-d309-4d1d-a321-129a77bf1602@group-6D4C5FD51127, cid=680, SUCCESS, logIndex=872, commits[6571ba41-d309-4d1d-a321-129a77bf1602:c872, 75e8c5ea-f06a-43e1-af6e-1f7f9b0b2cc1:c868, 1d8d2908-dfb4-4358-9c6e-64b435d6fccc:c868]
2019-07-03 07:07:57,703 INFO  client.GrpcClientProtocolClient (GrpcClientProtocolClient.java:onNext(254)) - client-253D2503C21A->6571ba41-d309-4d1d-a321-129a77bf1602: receive RaftClientReply:client-253D2503C21A->6571ba41-d309-4d1d-a321-129a77bf1602@group-6D4C5FD51127, cid=681, SUCCESS, logIndex=0, commits[6571ba41-d309-4d1d-a321-129a77bf1602:c873, 75e8c5ea-f06a-43e1-af6e-1f7f9b0b2cc1:c870, 1d8d2908-dfb4-4358-9c6e-64b435d6fccc:c870]
2019-07-03 07:07:57,731 INFO  client.GrpcClientProtocolClient (GrpcClientProtocolClient.java:onNext(254)) - client-253D2503C21A->6571ba41-d309-4d1d-a321-129a77bf1602: receive RaftClientReply:client-253D2503C21A->6571ba41-d309-4d1d-a321-129a77bf1602@group-6D4C5FD51127, cid=682, SUCCESS, logIndex=876, commits[6571ba41-d309-4d1d-a321-129a77bf1602:c876, 75e8c5ea-f06a-43e1-af6e-1f7f9b0b2cc1:c873, 1d8d2908-dfb4-4358-9c6e-64b435d6fccc:c873]
2019-07-03 07:07:57,748 INFO  client.GrpcClientProtocolClient (GrpcClientProtocolClient.java:onNext(254)) - client-253D2503C21A->6571ba41-d309-4d1d-a321-129a77bf1602: receive RaftClientReply:client-253D2503C21A->6571ba41-d309-4d1d-a321-129a77bf1602@group-6D4C5FD51127, cid=683, SUCCESS, logIndex=878, commits[6571ba41-d309-4d1d-a321-129a77bf1602:c878, 75e8c5ea-f06a-43e1-af6e-1f7f9b0b2cc1:c876, 1d8d2908-dfb4-4358-9c6e-64b435d6fccc:c876]
2019-07-03 07:07:57,773 INFO  client.GrpcClientProtocolClient (GrpcClientProtocolClient.java:onNext(254)) - client-253D2503C21A->6571ba41-d309-4d1d-a321-129a77bf1602: receive RaftClientReply:client-253D2503C21A->6571ba41-d309-4d1d-a321-129a77bf1602@group-6D4C5FD51127, cid=684, SUCCESS, logIndex=880, commits[6571ba41-d309-4d1d-a321-129a77bf1602:c880, 75e8c5ea-f06a-43e1-af6e-1f7f9b0b2cc1:c878, 1d8d2908-dfb4-4358-9c6e-64b435d6fccc:c878]
2019-07-03 07:07:57,781 INFO  client.GrpcClientProtocolClient (GrpcClientProtocolClient.java:onNext(254)) - client-253D2503C21A->6571ba41-d309-4d1d-a321-129a77bf1602: receive RaftClientReply:client-253D2503C21A->6571ba41-d309-4d1d-a321-129a77bf1602@group-6D4C5FD51127, cid=685, SUCCESS, logIndex=882, commits[6571ba41-d309-4d1d-a321-129a77bf1602:c882, 75e8c5ea-f06a-43e1-af6e-1f7f9b0b2cc1:c880, 1d8d2908-dfb4-4358-9c6e-64b435d6fccc:c880]
2019-07-03 07:07:57,783 INFO  client.GrpcClientProtocolClient (GrpcClientProtocolClient.java:onNext(254)) - client-253D2503C21A->6571ba41-d309-4d1d-a321-129a77bf1602: receive RaftClientReply:client-253D2503C21A->6571ba41-d309-4d1d-a321-129a77bf1602@group-6D4C5FD51127, cid=686, SUCCESS, logIndex=0, commits[6571ba41-d309-4d1d-a321-129a77bf1602:c883, 75e8c5ea-f06a-43e1-af6e-1f7f9b0b2cc1:c882, 1d8d2908-dfb4-4358-9c6e-64b435d6fccc:c882]
2019-07-03 07:07:57,797 INFO  client.GrpcClientProtocolClient (GrpcClientProtocolClient.java:onNext(254)) - client-253D2503C21A->6571ba41-d309-4d1d-a321-129a77bf1602: receive RaftClientReply:client-253D2503C21A->6571ba41-d309-4d1d-a321-129a77bf1602@group-6D4C5FD51127, cid=687, SUCCESS, logIndex=884, commits[6571ba41-d309-4d1d-a321-129a77bf1602:c884, 75e8c5ea-f06a-43e1-af6e-1f7f9b0b2cc1:c883, 1d8d2908-dfb4-4358-9c6e-64b435d6fccc:c883]
2019-07-03 07:07:57,801 INFO  client.GrpcClientProtocolClient (GrpcClientProtocolClient.java:onNext(254)) - client-253D2503C21A->6571ba41-d309-4d1d-a321-129a77bf1602: receive RaftClientReply:client-253D2503C21A->6571ba41-d309-4d1d-a321-129a77bf1602@group-6D4C5FD51127, cid=688, SUCCESS, logIndex=886, commits[6571ba41-d309-4d1d-a321-129a77bf1602:c886, 75e8c5ea-f06a-43e1-af6e-1f7f9b0b2cc1:c884, 1d8d2908-dfb4-4358-9c6e-64b435d6fccc:c884]
2019-07-03 07:07:57,804 INFO  client.GrpcClientProtocolClient (GrpcClientProtocolClient.java:onNext(254)) - client-253D2503C21A->6571ba41-d309-4d1d-a321-129a77bf1602: receive RaftClientReply:client-253D2503C21A->6571ba41-d309-4d1d-a321-129a77bf1602@group-6D4C5FD51127, cid=689, SUCCESS, logIndex=887, commits[6571ba41-d309-4d1d-a321-129a77bf1602:c888, 75e8c5ea-f06a-43e1-af6e-1f7f9b0b2cc1:c885, 1d8d2908-dfb4-4358-9c6e-64b435d6fccc:c884]
2019-07-03 07:07:57,804 INFO  client.GrpcClientProtocolClient (GrpcClientProtocolClient.java:onNext(254)) - client-253D2503C21A->6571ba41-d309-4d1d-a321-129a77bf1602: receive RaftClientReply:client-253D2503C21A->6571ba41-d309-4d1d-a321-129a77bf1602@group-6D4C5FD51127, cid=690, SUCCESS, logIndex=888, commits[6571ba41-d309-4d1d-a321-129a77bf1602:c888, 75e8c5ea-f06a-43e1-af6e-1f7f9b0b2cc1:c885, 1d8d2908-dfb4-4358-9c6e-64b435d6fccc:c884]
2019-07-03 07:07:57,806 INFO  client.GrpcClientProtocolClient (GrpcClientProtocolClient.java:onNext(254)) - client-253D2503C21A->6571ba41-d309-4d1d-a321-129a77bf1602: receive RaftClientReply:client-253D2503C21A->6571ba41-d309-4d1d-a321-129a77bf1602@group-6D4C5FD51127, cid=691, SUCCESS, logIndex=0, commits[6571ba41-d309-4d1d-a321-129a77bf1602:c890, 75e8c5ea-f06a-43e1-af6e-1f7f9b0b2cc1:c888, 1d8d2908-dfb4-4358-9c6e-64b435d6fccc:c886]
2019-07-03 07:07:57,820 INFO  client.GrpcClientProtocolClient (GrpcClientProtocolClient.java:onNext(254)) - client-253D2503C21A->6571ba41-d309-4d1d-a321-129a77bf1602: receive RaftClientReply:client-253D2503C21A->6571ba41-d309-4d1d-a321-129a77bf1602@group-6D4C5FD51127, cid=692, SUCCESS, logIndex=892, commits[6571ba41-d309-4d1d-a321-129a77bf1602:c892, 75e8c5ea-f06a-43e1-af6e-1f7f9b0b2cc1:c891, 1d8d2908-dfb4-4358-9c6e-64b435d6fccc:c891]
2019-07-03 07:07:57,823 INFO  client.GrpcClientProtocolClient (GrpcClientProtocolClient.java:onNext(254)) - client-253D2503C21A->6571ba41-d309-4d1d-a321-129a77bf1602: receive RaftClientReply:client-253D2503C21A->6571ba41-d309-4d1d-a321-129a77bf1602@group-6D4C5FD51127, cid=693, SUCCESS, logIndex=894, commits[6571ba41-d309-4d1d-a321-129a77bf1602:c894, 75e8c5ea-f06a-43e1-af6e-1f7f9b0b2cc1:c892, 1d8d2908-dfb4-4358-9c6e-64b435d6fccc:c892]
2019-07-03 07:07:57,854 INFO  client.GrpcClientProtocolClient (GrpcClientProtocolClient.java:onNext(254)) - client-253D2503C21A->6571ba41-d309-4d1d-a321-129a77bf1602: receive RaftClientReply:client-253D2503C21A->6571ba41-d309-4d1d-a321-129a77bf1602@group-6D4C5FD51127, cid=694, SUCCESS, logIndex=896, commits[6571ba41-d309-4d1d-a321-129a77bf1602:c896, 75e8c5ea-f06a-43e1-af6e-1f7f9b0b2cc1:c895, 1d8d2908-dfb4-4358-9c6e-64b435d6fccc:c895]
2019-07-03 07:07:57,867 INFO  client.GrpcClientProtocolClient (GrpcClientProtocolClient.java:onNext(254)) - client-253D2503C21A->6571ba41-d309-4d1d-a321-129a77bf1602: receive RaftClientReply:client-253D2503C21A->6571ba41-d309-4d1d-a321-129a77bf1602@group-6D4C5FD51127, cid=695, SUCCESS, logIndex=898, commits[6571ba41-d309-4d1d-a321-129a77bf1602:c898, 75e8c5ea-f06a-43e1-af6e-1f7f9b0b2cc1:c896, 1d8d2908-dfb4-4358-9c6e-64b435d6fccc:c896]
2019-07-03 07:07:57,879 INFO  client.GrpcClientProtocolClient (GrpcClientProtocolClient.java:onNext(254)) - client-253D2503C21A->6571ba41-d309-4d1d-a321-129a77bf1602: receive RaftClientReply:client-253D2503C21A->6571ba41-d309-4d1d-a321-129a77bf1602@group-6D4C5FD51127, cid=696, SUCCESS, logIndex=0, commits[6571ba41-d309-4d1d-a321-129a77bf1602:c899, 75e8c5ea-f06a-43e1-af6e-1f7f9b0b2cc1:c898, 1d8d2908-dfb4-4358-9c6e-64b435d6fccc:c898]
2019-07-03 07:07:57,901 INFO  client.GrpcClientProtocolClient (GrpcClientProtocolClient.java:onNext(254)) - client-253D2503C21A->6571ba41-d309-4d1d-a321-129a77bf1602: receive RaftClientReply:client-253D2503C21A->6571ba41-d309-4d1d-a321-129a77bf1602@group-6D4C5FD51127, cid=697, SUCCESS, logIndex=900, commits[6571ba41-d309-4d1d-a321-129a77bf1602:c900, 75e8c5ea-f06a-43e1-af6e-1f7f9b0b2cc1:c899, 1d8d2908-dfb4-4358-9c6e-64b435d6fccc:c899]
2019-07-03 07:07:57,913 INFO  client.GrpcClientProtocolClient (GrpcClientProtocolClient.java:onNext(254)) - client-253D2503C21A->6571ba41-d309-4d1d-a321-129a77bf1602: receive RaftClientReply:client-253D2503C21A->6571ba41-d309-4d1d-a321-129a77bf1602@group-6D4C5FD51127, cid=698, SUCCESS, logIndex=902, commits[6571ba41-d309-4d1d-a321-129a77bf1602:c903, 75e8c5ea-f06a-43e1-af6e-1f7f9b0b2cc1:c900, 1d8d2908-dfb4-4358-9c6e-64b435d6fccc:c900]
2019-07-03 07:07:57,914 INFO  client.GrpcClientProtocolClient (GrpcClientProtocolClient.java:onNext(254)) - client-253D2503C21A->6571ba41-d309-4d1d-a321-129a77bf1602: receive RaftClientReply:client-253D2503C21A->6571ba41-d309-4d1d-a321-129a77bf1602@group-6D4C5FD51127, cid=699, SUCCESS, logIndex=903, commits[6571ba41-d309-4d1d-a321-129a77bf1602:c903, 75e8c5ea-f06a-43e1-af6e-1f7f9b0b2cc1:c900, 1d8d2908-dfb4-4358-9c6e-64b435d6fccc:c900]
2019-07-03 07:07:57,914 INFO  client.GrpcClientProtocolClient (GrpcClientProtocolClient.java:onNext(254)) - client-253D2503C21A->6571ba41-d309-4d1d-a321-129a77bf1602: receive RaftClientReply:client-253D2503C21A->6571ba41-d309-4d1d-a321-129a77bf1602@group-6D4C5FD51127, cid=700, SUCCESS, logIndex=904, commits[6571ba41-d309-4d1d-a321-129a77bf1602:c904, 75e8c5ea-f06a-43e1-af6e-1f7f9b0b2cc1:c902, 1d8d2908-dfb4-4358-9c6e-64b435d6fccc:c900]
2019-07-03 07:07:57,916 INFO  client.GrpcClientProtocolClient (GrpcClientProtocolClient.java:onNext(254)) - client-253D2503C21A->6571ba41-d309-4d1d-a321-129a77bf1602: receive RaftClientReply:client-253D2503C21A->6571ba41-d309-4d1d-a321-129a77bf1602@group-6D4C5FD51127, cid=701, SUCCESS, logIndex=0, commits[6571ba41-d309-4d1d-a321-129a77bf1602:c905, 75e8c5ea-f06a-43e1-af6e-1f7f9b0b2cc1:c902, 1d8d2908-dfb4-4358-9c6e-64b435d6fccc:c902]
2019-07-03 07:07:57,930 INFO  client.GrpcClientProtocolClient (GrpcClientProtocolClient.java:onNext(254)) - client-253D2503C21A->6571ba41-d309-4d1d-a321-129a77bf1602: receive RaftClientReply:client-253D2503C21A->6571ba41-d309-4d1d-a321-129a77bf1602@group-6D4C5FD51127, cid=702, SUCCESS, logIndex=908, commits[6571ba41-d309-4d1d-a321-129a77bf1602:c908, 75e8c5ea-f06a-43e1-af6e-1f7f9b0b2cc1:c905, 1d8d2908-dfb4-4358-9c6e-64b435d6fccc:c905]
2019-07-03 07:07:57,936 INFO  client.GrpcClientProtocolClient (GrpcClientProtocolClient.java:onNext(254)) - client-253D2503C21A->6571ba41-d309-4d1d-a321-129a77bf1602: receive RaftClientReply:client-253D2503C21A->6571ba41-d309-4d1d-a321-129a77bf1602@group-6D4C5FD51127, cid=703, SUCCESS, logIndex=910, commits[6571ba41-d309-4d1d-a321-129a77bf1602:c910, 75e8c5ea-f06a-43e1-af6e-1f7f9b0b2cc1:c908, 1d8d2908-dfb4-4358-9c6e-64b435d6fccc:c908]
2019-07-03 07:07:57,961 INFO  client.GrpcClientProtocolClient (GrpcClientProtocolClient.java:onNext(254)) - client-253D2503C21A->6571ba41-d309-4d1d-a321-129a77bf1602: receive RaftClientReply:client-253D2503C21A->6571ba41-d309-4d1d-a321-129a77bf1602@group-6D4C5FD51127, cid=704, SUCCESS, logIndex=912, commits[6571ba41-d309-4d1d-a321-129a77bf1602:c912, 75e8c5ea-f06a-43e1-af6e-1f7f9b0b2cc1:c910, 1d8d2908-dfb4-4358-9c6e-64b435d6fccc:c910]
2019-07-03 07:07:57,976 INFO  client.GrpcClientProtocolClient (GrpcClientProtocolClient.java:onNext(254)) - client-253D2503C21A->6571ba41-d309-4d1d-a321-129a77bf1602: receive RaftClientReply:client-253D2503C21A->6571ba41-d309-4d1d-a321-129a77bf1602@group-6D4C5FD51127, cid=705, SUCCESS, logIndex=914, commits[6571ba41-d309-4d1d-a321-129a77bf1602:c914, 75e8c5ea-f06a-43e1-af6e-1f7f9b0b2cc1:c912, 1d8d2908-dfb4-4358-9c6e-64b435d6fccc:c912]
2019-07-03 07:07:57,987 INFO  client.GrpcClientProtocolClient (GrpcClientProtocolClient.java:onNext(254)) - client-253D2503C21A->6571ba41-d309-4d1d-a321-129a77bf1602: receive RaftClientReply:client-253D2503C21A->6571ba41-d309-4d1d-a321-129a77bf1602@group-6D4C5FD51127, cid=706, SUCCESS, logIndex=0, commits[6571ba41-d309-4d1d-a321-129a77bf1602:c915, 75e8c5ea-f06a-43e1-af6e-1f7f9b0b2cc1:c914, 1d8d2908-dfb4-4358-9c6e-64b435d6fccc:c914]
2019-07-03 07:07:58,011 INFO  client.GrpcClientProtocolClient (GrpcClientProtocolClient.java:onNext(254)) - client-253D2503C21A->6571ba41-d309-4d1d-a321-129a77bf1602: receive RaftClientReply:client-253D2503C21A->6571ba41-d309-4d1d-a321-129a77bf1602@group-6D4C5FD51127, cid=707, SUCCESS, logIndex=916, commits[6571ba41-d309-4d1d-a321-129a77bf1602:c916, 75e8c5ea-f06a-43e1-af6e-1f7f9b0b2cc1:c915, 1d8d2908-dfb4-4358-9c6e-64b435d6fccc:c915]
2019-07-03 07:07:58,023 INFO  client.GrpcClientProtocolClient (GrpcClientProtocolClient.java:onNext(254)) - client-253D2503C21A->6571ba41-d309-4d1d-a321-129a77bf1602: receive RaftClientReply:client-253D2503C21A->6571ba41-d309-4d1d-a321-129a77bf1602@group-6D4C5FD51127, cid=708, SUCCESS, logIndex=918, commits[6571ba41-d309-4d1d-a321-129a77bf1602:c919, 75e8c5ea-f06a-43e1-af6e-1f7f9b0b2cc1:c916, 1d8d2908-dfb4-4358-9c6e-64b435d6fccc:c916]
2019-07-03 07:07:58,024 INFO  client.GrpcClientProtocolClient (GrpcClientProtocolClient.java:onNext(254)) - client-253D2503C21A->6571ba41-d309-4d1d-a321-129a77bf1602: receive RaftClientReply:client-253D2503C21A->6571ba41-d309-4d1d-a321-129a77bf1602@group-6D4C5FD51127, cid=709, SUCCESS, logIndex=919, commits[6571ba41-d309-4d1d-a321-129a77bf1602:c919, 75e8c5ea-f06a-43e1-af6e-1f7f9b0b2cc1:c916, 1d8d2908-dfb4-4358-9c6e-64b435d6fccc:c916]
2019-07-03 07:07:58,024 INFO  client.GrpcClientProtocolClient (GrpcClientProtocolClient.java:onNext(254)) - client-253D2503C21A->6571ba41-d309-4d1d-a321-129a77bf1602: receive RaftClientReply:client-253D2503C21A->6571ba41-d309-4d1d-a321-129a77bf1602@group-6D4C5FD51127, cid=710, SUCCESS, logIndex=920, commits[6571ba41-d309-4d1d-a321-129a77bf1602:c920, 75e8c5ea-f06a-43e1-af6e-1f7f9b0b2cc1:c918, 1d8d2908-dfb4-4358-9c6e-64b435d6fccc:c916]
2019-07-03 07:07:58,026 INFO  client.GrpcClientProtocolClient (GrpcClientProtocolClient.java:onNext(254)) - client-253D2503C21A->6571ba41-d309-4d1d-a321-129a77bf1602: receive RaftClientReply:client-253D2503C21A->6571ba41-d309-4d1d-a321-129a77bf1602@group-6D4C5FD51127, cid=711, SUCCESS, logIndex=0, commits[6571ba41-d309-4d1d-a321-129a77bf1602:c921, 75e8c5ea-f06a-43e1-af6e-1f7f9b0b2cc1:c918, 1d8d2908-dfb4-4358-9c6e-64b435d6fccc:c918]
2019-07-03 07:07:58,039 INFO  client.GrpcClientProtocolClient (GrpcClientProtocolClient.java:onNext(254)) - client-253D2503C21A->6571ba41-d309-4d1d-a321-129a77bf1602: receive RaftClientReply:client-253D2503C21A->6571ba41-d309-4d1d-a321-129a77bf1602@group-6D4C5FD51127, cid=712, SUCCESS, logIndex=924, commits[6571ba41-d309-4d1d-a321-129a77bf1602:c924, 75e8c5ea-f06a-43e1-af6e-1f7f9b0b2cc1:c921, 1d8d2908-dfb4-4358-9c6e-64b435d6fccc:c920]
2019-07-03 07:07:58,065 INFO  client.GrpcClientProtocolClient (GrpcClientProtocolClient.java:onNext(254)) - client-253D2503C21A->6571ba41-d309-4d1d-a321-129a77bf1602: receive RaftClientReply:client-253D2503C21A->6571ba41-d309-4d1d-a321-129a77bf1602@group-6D4C5FD51127, cid=713, SUCCESS, logIndex=926, commits[6571ba41-d309-4d1d-a321-129a77bf1602:c926, 75e8c5ea-f06a-43e1-af6e-1f7f9b0b2cc1:c924, 1d8d2908-dfb4-4358-9c6e-64b435d6fccc:c924]
2019-07-03 07:07:58,077 INFO  client.GrpcClientProtocolClient (GrpcClientProtocolClient.java:onNext(254)) - client-253D2503C21A->6571ba41-d309-4d1d-a321-129a77bf1602: receive RaftClientReply:client-253D2503C21A->6571ba41-d309-4d1d-a321-129a77bf1602@group-6D4C5FD51127, cid=714, SUCCESS, logIndex=928, commits[6571ba41-d309-4d1d-a321-129a77bf1602:c928, 75e8c5ea-f06a-43e1-af6e-1f7f9b0b2cc1:c927, 1d8d2908-dfb4-4358-9c6e-64b435d6fccc:c926]
2019-07-03 07:07:58,082 INFO  client.GrpcClientProtocolClient (GrpcClientProtocolClient.java:onNext(254)) - client-253D2503C21A->6571ba41-d309-4d1d-a321-129a77bf1602: receive RaftClientReply:client-253D2503C21A->6571ba41-d309-4d1d-a321-129a77bf1602@group-6D4C5FD51127, cid=715, SUCCESS, logIndex=930, commits[6571ba41-d309-4d1d-a321-129a77bf1602:c930, 75e8c5ea-f06a-43e1-af6e-1f7f9b0b2cc1:c928, 1d8d2908-dfb4-4358-9c6e-64b435d6fccc:c928]
2019-07-03 07:07:58,083 INFO  client.GrpcClientProtocolClient (GrpcClientProtocolClient.java:onNext(254)) - client-253D2503C21A->6571ba41-d309-4d1d-a321-129a77bf1602: receive RaftClientReply:client-253D2503C21A->6571ba41-d309-4d1d-a321-129a77bf1602@group-6D4C5FD51127, cid=716, SUCCESS, logIndex=0, commits[6571ba41-d309-4d1d-a321-129a77bf1602:c931, 75e8c5ea-f06a-43e1-af6e-1f7f9b0b2cc1:c930, 1d8d2908-dfb4-4358-9c6e-64b435d6fccc:c930]
2019-07-03 07:07:58,108 INFO  client.GrpcClientProtocolClient (GrpcClientProtocolClient.java:onNext(254)) - client-253D2503C21A->6571ba41-d309-4d1d-a321-129a77bf1602: receive RaftClientReply:client-253D2503C21A->6571ba41-d309-4d1d-a321-129a77bf1602@group-6D4C5FD51127, cid=717, SUCCESS, logIndex=932, commits[6571ba41-d309-4d1d-a321-129a77bf1602:c932, 75e8c5ea-f06a-43e1-af6e-1f7f9b0b2cc1:c931, 1d8d2908-dfb4-4358-9c6e-64b435d6fccc:c931]
2019-07-03 07:07:58,129 INFO  client.GrpcClientProtocolClient (GrpcClientProtocolClient.java:onNext(254)) - client-253D2503C21A->6571ba41-d309-4d1d-a321-129a77bf1602: receive RaftClientReply:client-253D2503C21A->6571ba41-d309-4d1d-a321-129a77bf1602@group-6D4C5FD51127, cid=718, SUCCESS, logIndex=934, commits[6571ba41-d309-4d1d-a321-129a77bf1602:c935, 75e8c5ea-f06a-43e1-af6e-1f7f9b0b2cc1:c932, 1d8d2908-dfb4-4358-9c6e-64b435d6fccc:c932]
2019-07-03 07:07:58,129 INFO  client.GrpcClientProtocolClient (GrpcClientProtocolClient.java:onNext(254)) - client-253D2503C21A->6571ba41-d309-4d1d-a321-129a77bf1602: receive RaftClientReply:client-253D2503C21A->6571ba41-d309-4d1d-a321-129a77bf1602@group-6D4C5FD51127, cid=719, SUCCESS, logIndex=935, commits[6571ba41-d309-4d1d-a321-129a77bf1602:c935, 75e8c5ea-f06a-43e1-af6e-1f7f9b0b2cc1:c932, 1d8d2908-dfb4-4358-9c6e-64b435d6fccc:c932]
2019-07-03 07:07:58,140 INFO  client.GrpcClientProtocolClient (GrpcClientProtocolClient.java:onNext(254)) - client-253D2503C21A->6571ba41-d309-4d1d-a321-129a77bf1602: receive RaftClientReply:client-253D2503C21A->6571ba41-d309-4d1d-a321-129a77bf1602@group-6D4C5FD51127, cid=720, SUCCESS, logIndex=936, commits[6571ba41-d309-4d1d-a321-129a77bf1602:c937, 75e8c5ea-f06a-43e1-af6e-1f7f9b0b2cc1:c932, 1d8d2908-dfb4-4358-9c6e-64b435d6fccc:c934]
2019-07-03 07:07:58,142 INFO  client.GrpcClientProtocolClient (GrpcClientProtocolClient.java:onNext(254)) - client-253D2503C21A->6571ba41-d309-4d1d-a321-129a77bf1602: receive RaftClientReply:client-253D2503C21A->6571ba41-d309-4d1d-a321-129a77bf1602@group-6D4C5FD51127, cid=721, SUCCESS, logIndex=0, commits[6571ba41-d309-4d1d-a321-129a77bf1602:c937, 75e8c5ea-f06a-43e1-af6e-1f7f9b0b2cc1:c934, 1d8d2908-dfb4-4358-9c6e-64b435d6fccc:c935]
2019-07-03 07:07:58,158 INFO  client.GrpcClientProtocolClient (GrpcClientProtocolClient.java:onNext(254)) - client-253D2503C21A->6571ba41-d309-4d1d-a321-129a77bf1602: receive RaftClientReply:client-253D2503C21A->6571ba41-d309-4d1d-a321-129a77bf1602@group-6D4C5FD51127, cid=722, SUCCESS, logIndex=940, commits[6571ba41-d309-4d1d-a321-129a77bf1602:c940, 75e8c5ea-f06a-43e1-af6e-1f7f9b0b2cc1:c938, 1d8d2908-dfb4-4358-9c6e-64b435d6fccc:c938]
2019-07-03 07:07:58,172 INFO  client.GrpcClientProtocolClient (GrpcClientProtocolClient.java:onNext(254)) - client-253D2503C21A->6571ba41-d309-4d1d-a321-129a77bf1602: receive RaftClientReply:client-253D2503C21A->6571ba41-d309-4d1d-a321-129a77bf1602@group-6D4C5FD51127, cid=723, SUCCESS, logIndex=942, commits[6571ba41-d309-4d1d-a321-129a77bf1602:c942, 75e8c5ea-f06a-43e1-af6e-1f7f9b0b2cc1:c940, 1d8d2908-dfb4-4358-9c6e-64b435d6fccc:c940]
2019-07-03 07:07:58,177 INFO  storage.RaftLogWorker (RaftLogWorker.java:rollLogSegment(303)) - 6571ba41-d309-4d1d-a321-129a77bf1602-RaftLogWorker: Rolling segment log-862_943 to index:943
2019-07-03 07:07:58,180 INFO  storage.RaftLogWorker (RaftLogWorker.java:rollLogSegment(303)) - 75e8c5ea-f06a-43e1-af6e-1f7f9b0b2cc1-RaftLogWorker: Rolling segment log-862_943 to index:943
2019-07-03 07:07:58,181 INFO  storage.RaftLogWorker (RaftLogWorker.java:rollLogSegment(303)) - 1d8d2908-dfb4-4358-9c6e-64b435d6fccc-RaftLogWorker: Rolling segment log-862_943 to index:943
2019-07-03 07:07:58,183 INFO  storage.RaftLogWorker (RaftLogWorker.java:execute(433)) - 6571ba41-d309-4d1d-a321-129a77bf1602-RaftLogWorker: Rolled log segment from /opt/src/hadoop-ozone/tools/target/test-dir/MiniOzoneClusterImpl-0519545d-318d-4c21-a2a0-688f18f8a31d/datanode-4/data/ratis/23ffc2a4-5526-4092-9dc4-6d4c5fd51127/current/log_inprogress_862 to /opt/src/hadoop-ozone/tools/target/test-dir/MiniOzoneClusterImpl-0519545d-318d-4c21-a2a0-688f18f8a31d/datanode-4/data/ratis/23ffc2a4-5526-4092-9dc4-6d4c5fd51127/current/log_862-943
2019-07-03 07:07:58,183 INFO  storage.RaftLogWorker (RaftLogWorker.java:execute(433)) - 75e8c5ea-f06a-43e1-af6e-1f7f9b0b2cc1-RaftLogWorker: Rolled log segment from /opt/src/hadoop-ozone/tools/target/test-dir/MiniOzoneClusterImpl-0519545d-318d-4c21-a2a0-688f18f8a31d/datanode-1/data/ratis/23ffc2a4-5526-4092-9dc4-6d4c5fd51127/current/log_inprogress_862 to /opt/src/hadoop-ozone/tools/target/test-dir/MiniOzoneClusterImpl-0519545d-318d-4c21-a2a0-688f18f8a31d/datanode-1/data/ratis/23ffc2a4-5526-4092-9dc4-6d4c5fd51127/current/log_862-943
2019-07-03 07:07:58,183 INFO  storage.RaftLogWorker (RaftLogWorker.java:execute(433)) - 1d8d2908-dfb4-4358-9c6e-64b435d6fccc-RaftLogWorker: Rolled log segment from /opt/src/hadoop-ozone/tools/target/test-dir/MiniOzoneClusterImpl-0519545d-318d-4c21-a2a0-688f18f8a31d/datanode-2/data/ratis/23ffc2a4-5526-4092-9dc4-6d4c5fd51127/current/log_inprogress_862 to /opt/src/hadoop-ozone/tools/target/test-dir/MiniOzoneClusterImpl-0519545d-318d-4c21-a2a0-688f18f8a31d/datanode-2/data/ratis/23ffc2a4-5526-4092-9dc4-6d4c5fd51127/current/log_862-943
2019-07-03 07:07:58,230 INFO  storage.RaftLogWorker (RaftLogWorker.java:execute(469)) - 6571ba41-d309-4d1d-a321-129a77bf1602-RaftLogWorker: created new log segment /opt/src/hadoop-ozone/tools/target/test-dir/MiniOzoneClusterImpl-0519545d-318d-4c21-a2a0-688f18f8a31d/datanode-4/data/ratis/23ffc2a4-5526-4092-9dc4-6d4c5fd51127/current/log_inprogress_944
2019-07-03 07:07:58,233 INFO  storage.RaftLogWorker (RaftLogWorker.java:execute(469)) - 75e8c5ea-f06a-43e1-af6e-1f7f9b0b2cc1-RaftLogWorker: created new log segment /opt/src/hadoop-ozone/tools/target/test-dir/MiniOzoneClusterImpl-0519545d-318d-4c21-a2a0-688f18f8a31d/datanode-1/data/ratis/23ffc2a4-5526-4092-9dc4-6d4c5fd51127/current/log_inprogress_944
2019-07-03 07:07:58,246 INFO  storage.RaftLogWorker (RaftLogWorker.java:execute(469)) - 1d8d2908-dfb4-4358-9c6e-64b435d6fccc-RaftLogWorker: created new log segment /opt/src/hadoop-ozone/tools/target/test-dir/MiniOzoneClusterImpl-0519545d-318d-4c21-a2a0-688f18f8a31d/datanode-2/data/ratis/23ffc2a4-5526-4092-9dc4-6d4c5fd51127/current/log_inprogress_944
2019-07-03 07:07:58,246 INFO  client.GrpcClientProtocolClient (GrpcClientProtocolClient.java:onNext(254)) - client-253D2503C21A->6571ba41-d309-4d1d-a321-129a77bf1602: receive RaftClientReply:client-253D2503C21A->6571ba41-d309-4d1d-a321-129a77bf1602@group-6D4C5FD51127, cid=724, SUCCESS, logIndex=944, commits[6571ba41-d309-4d1d-a321-129a77bf1602:c944, 75e8c5ea-f06a-43e1-af6e-1f7f9b0b2cc1:c942, 1d8d2908-dfb4-4358-9c6e-64b435d6fccc:c942]
2019-07-03 07:07:58,262 INFO  client.GrpcClientProtocolClient (GrpcClientProtocolClient.java:onNext(254)) - client-253D2503C21A->6571ba41-d309-4d1d-a321-129a77bf1602: receive RaftClientReply:client-253D2503C21A->6571ba41-d309-4d1d-a321-129a77bf1602@group-6D4C5FD51127, cid=725, SUCCESS, logIndex=946, commits[6571ba41-d309-4d1d-a321-129a77bf1602:c946, 75e8c5ea-f06a-43e1-af6e-1f7f9b0b2cc1:c944, 1d8d2908-dfb4-4358-9c6e-64b435d6fccc:c944]
2019-07-03 07:07:58,273 INFO  client.GrpcClientProtocolClient (GrpcClientProtocolClient.java:onNext(254)) - client-253D2503C21A->6571ba41-d309-4d1d-a321-129a77bf1602: receive RaftClientReply:client-253D2503C21A->6571ba41-d309-4d1d-a321-129a77bf1602@group-6D4C5FD51127, cid=726, SUCCESS, logIndex=0, commits[6571ba41-d309-4d1d-a321-129a77bf1602:c946, 75e8c5ea-f06a-43e1-af6e-1f7f9b0b2cc1:c946, 1d8d2908-dfb4-4358-9c6e-64b435d6fccc:c946]
2019-07-03 07:07:58,295 INFO  client.GrpcClientProtocolClient (GrpcClientProtocolClient.java:onNext(254)) - client-253D2503C21A->6571ba41-d309-4d1d-a321-129a77bf1602: receive RaftClientReply:client-253D2503C21A->6571ba41-d309-4d1d-a321-129a77bf1602@group-6D4C5FD51127, cid=727, SUCCESS, logIndex=948, commits[6571ba41-d309-4d1d-a321-129a77bf1602:c948, 75e8c5ea-f06a-43e1-af6e-1f7f9b0b2cc1:c947, 1d8d2908-dfb4-4358-9c6e-64b435d6fccc:c947]
2019-07-03 07:07:58,307 INFO  client.GrpcClientProtocolClient (GrpcClientProtocolClient.java:onNext(254)) - client-253D2503C21A->6571ba41-d309-4d1d-a321-129a77bf1602: receive RaftClientReply:client-253D2503C21A->6571ba41-d309-4d1d-a321-129a77bf1602@group-6D4C5FD51127, cid=728, SUCCESS, logIndex=950, commits[6571ba41-d309-4d1d-a321-129a77bf1602:c951, 75e8c5ea-f06a-43e1-af6e-1f7f9b0b2cc1:c948, 1d8d2908-dfb4-4358-9c6e-64b435d6fccc:c948]
2019-07-03 07:07:58,307 INFO  client.GrpcClientProtocolClient (GrpcClientProtocolClient.java:onNext(254)) - client-253D2503C21A->6571ba41-d309-4d1d-a321-129a77bf1602: receive RaftClientReply:client-253D2503C21A->6571ba41-d309-4d1d-a321-129a77bf1602@group-6D4C5FD51127, cid=729, SUCCESS, logIndex=951, commits[6571ba41-d309-4d1d-a321-129a77bf1602:c951, 75e8c5ea-f06a-43e1-af6e-1f7f9b0b2cc1:c948, 1d8d2908-dfb4-4358-9c6e-64b435d6fccc:c948]
2019-07-03 07:07:58,308 INFO  client.GrpcClientProtocolClient (GrpcClientProtocolClient.java:onNext(254)) - client-253D2503C21A->6571ba41-d309-4d1d-a321-129a77bf1602: receive RaftClientReply:client-253D2503C21A->6571ba41-d309-4d1d-a321-129a77bf1602@group-6D4C5FD51127, cid=730, SUCCESS, logIndex=952, commits[6571ba41-d309-4d1d-a321-129a77bf1602:c952, 75e8c5ea-f06a-43e1-af6e-1f7f9b0b2cc1:c948, 1d8d2908-dfb4-4358-9c6e-64b435d6fccc:c948]
2019-07-03 07:07:58,321 INFO  client.GrpcClientProtocolClient (GrpcClientProtocolClient.java:onNext(254)) - client-253D2503C21A->6571ba41-d309-4d1d-a321-129a77bf1602: receive RaftClientReply:client-253D2503C21A->6571ba41-d309-4d1d-a321-129a77bf1602@group-6D4C5FD51127, cid=731, SUCCESS, logIndex=0, commits[6571ba41-d309-4d1d-a321-129a77bf1602:c954, 75e8c5ea-f06a-43e1-af6e-1f7f9b0b2cc1:c950, 1d8d2908-dfb4-4358-9c6e-64b435d6fccc:c951]
2019-07-03 07:07:58,336 INFO  client.GrpcClientProtocolClient (GrpcClientProtocolClient.java:onNext(254)) - client-253D2503C21A->6571ba41-d309-4d1d-a321-129a77bf1602: receive RaftClientReply:client-253D2503C21A->6571ba41-d309-4d1d-a321-129a77bf1602@group-6D4C5FD51127, cid=732, SUCCESS, logIndex=956, commits[6571ba41-d309-4d1d-a321-129a77bf1602:c956, 75e8c5ea-f06a-43e1-af6e-1f7f9b0b2cc1:c955, 1d8d2908-dfb4-4358-9c6e-64b435d6fccc:c955]
2019-07-03 07:07:58,361 INFO  client.GrpcClientProtocolClient (GrpcClientProtocolClient.java:onNext(254)) - client-253D2503C21A->6571ba41-d309-4d1d-a321-129a77bf1602: receive RaftClientReply:client-253D2503C21A->6571ba41-d309-4d1d-a321-129a77bf1602@group-6D4C5FD51127, cid=733, SUCCESS, logIndex=958, commits[6571ba41-d309-4d1d-a321-129a77bf1602:c958, 75e8c5ea-f06a-43e1-af6e-1f7f9b0b2cc1:c956, 1d8d2908-dfb4-4358-9c6e-64b435d6fccc:c956]
2019-07-03 07:07:58,383 INFO  client.GrpcClientProtocolClient (GrpcClientProtocolClient.java:onNext(254)) - client-253D2503C21A->6571ba41-d309-4d1d-a321-129a77bf1602: receive RaftClientReply:client-253D2503C21A->6571ba41-d309-4d1d-a321-129a77bf1602@group-6D4C5FD51127, cid=734, SUCCESS, logIndex=960, commits[6571ba41-d309-4d1d-a321-129a77bf1602:c960, 75e8c5ea-f06a-43e1-af6e-1f7f9b0b2cc1:c958, 1d8d2908-dfb4-4358-9c6e-64b435d6fccc:c958]
2019-07-03 07:07:58,398 INFO  client.GrpcClientProtocolClient (GrpcClientProtocolClient.java:onNext(254)) - client-253D2503C21A->6571ba41-d309-4d1d-a321-129a77bf1602: receive RaftClientReply:client-253D2503C21A->6571ba41-d309-4d1d-a321-129a77bf1602@group-6D4C5FD51127, cid=735, SUCCESS, logIndex=962, commits[6571ba41-d309-4d1d-a321-129a77bf1602:c962, 75e8c5ea-f06a-43e1-af6e-1f7f9b0b2cc1:c960, 1d8d2908-dfb4-4358-9c6e-64b435d6fccc:c960]
2019-07-03 07:07:58,409 INFO  client.GrpcClientProtocolClient (GrpcClientProtocolClient.java:onNext(254)) - client-253D2503C21A->6571ba41-d309-4d1d-a321-129a77bf1602: receive RaftClientReply:client-253D2503C21A->6571ba41-d309-4d1d-a321-129a77bf1602@group-6D4C5FD51127, cid=736, SUCCESS, logIndex=0, commits[6571ba41-d309-4d1d-a321-129a77bf1602:c963, 75e8c5ea-f06a-43e1-af6e-1f7f9b0b2cc1:c962, 1d8d2908-dfb4-4358-9c6e-64b435d6fccc:c962]
2019-07-03 07:07:58,430 INFO  client.GrpcClientProtocolClient (GrpcClientProtocolClient.java:onNext(254)) - client-253D2503C21A->6571ba41-d309-4d1d-a321-129a77bf1602: receive RaftClientReply:client-253D2503C21A->6571ba41-d309-4d1d-a321-129a77bf1602@group-6D4C5FD51127, cid=737, SUCCESS, logIndex=964, commits[6571ba41-d309-4d1d-a321-129a77bf1602:c964, 75e8c5ea-f06a-43e1-af6e-1f7f9b0b2cc1:c963, 1d8d2908-dfb4-4358-9c6e-64b435d6fccc:c963]
2019-07-03 07:07:58,443 INFO  client.GrpcClientProtocolClient (GrpcClientProtocolClient.java:onNext(254)) - client-253D2503C21A->6571ba41-d309-4d1d-a321-129a77bf1602: receive RaftClientReply:client-253D2503C21A->6571ba41-d309-4d1d-a321-129a77bf1602@group-6D4C5FD51127, cid=738, SUCCESS, logIndex=966, commits[6571ba41-d309-4d1d-a321-129a77bf1602:c967, 75e8c5ea-f06a-43e1-af6e-1f7f9b0b2cc1:c964, 1d8d2908-dfb4-4358-9c6e-64b435d6fccc:c964]
2019-07-03 07:07:58,443 INFO  client.GrpcClientProtocolClient (GrpcClientProtocolClient.java:onNext(254)) - client-253D2503C21A->6571ba41-d309-4d1d-a321-129a77bf1602: receive RaftClientReply:client-253D2503C21A->6571ba41-d309-4d1d-a321-129a77bf1602@group-6D4C5FD51127, cid=739, SUCCESS, logIndex=967, commits[6571ba41-d309-4d1d-a321-129a77bf1602:c967, 75e8c5ea-f06a-43e1-af6e-1f7f9b0b2cc1:c964, 1d8d2908-dfb4-4358-9c6e-64b435d6fccc:c964]
2019-07-03 07:07:58,444 INFO  client.GrpcClientProtocolClient (GrpcClientProtocolClient.java:onNext(254)) - client-253D2503C21A->6571ba41-d309-4d1d-a321-129a77bf1602: receive RaftClientReply:client-253D2503C21A->6571ba41-d309-4d1d-a321-129a77bf1602@group-6D4C5FD51127, cid=740, SUCCESS, logIndex=968, commits[6571ba41-d309-4d1d-a321-129a77bf1602:c968, 75e8c5ea-f06a-43e1-af6e-1f7f9b0b2cc1:c966, 1d8d2908-dfb4-4358-9c6e-64b435d6fccc:c964]
2019-07-03 07:07:58,567 INFO  client.GrpcClientProtocolClient (GrpcClientProtocolClient.java:onNext(254)) - client-253D2503C21A->6571ba41-d309-4d1d-a321-129a77bf1602: receive RaftClientReply:client-253D2503C21A->6571ba41-d309-4d1d-a321-129a77bf1602@group-6D4C5FD51127, cid=741, SUCCESS, logIndex=0, commits[6571ba41-d309-4d1d-a321-129a77bf1602:c969, 75e8c5ea-f06a-43e1-af6e-1f7f9b0b2cc1:c966, 1d8d2908-dfb4-4358-9c6e-64b435d6fccc:c966]
2019-07-03 07:07:58,597 INFO  client.GrpcClientProtocolClient (GrpcClientProtocolClient.java:onNext(254)) - client-253D2503C21A->6571ba41-d309-4d1d-a321-129a77bf1602: receive RaftClientReply:client-253D2503C21A->6571ba41-d309-4d1d-a321-129a77bf1602@group-6D4C5FD51127, cid=742, SUCCESS, logIndex=972, commits[6571ba41-d309-4d1d-a321-129a77bf1602:c972, 75e8c5ea-f06a-43e1-af6e-1f7f9b0b2cc1:c971, 1d8d2908-dfb4-4358-9c6e-64b435d6fccc:c971]
 0.00% |█                                                                                                    |  0/1 Time: 0:00:062019-07-03 07:07:58,621 INFO  client.GrpcClientProtocolClient (GrpcClientProtocolClient.java:onNext(254)) - client-253D2503C21A->6571ba41-d309-4d1d-a321-129a77bf1602: receive RaftClientReply:client-253D2503C21A->6571ba41-d309-4d1d-a321-129a77bf1602@group-6D4C5FD51127, cid=743, SUCCESS, logIndex=974, commits[6571ba41-d309-4d1d-a321-129a77bf1602:c974, 75e8c5ea-f06a-43e1-af6e-1f7f9b0b2cc1:c972, 1d8d2908-dfb4-4358-9c6e-64b435d6fccc:c972]
2019-07-03 07:07:58,645 INFO  client.GrpcClientProtocolClient (GrpcClientProtocolClient.java:onNext(254)) - client-253D2503C21A->6571ba41-d309-4d1d-a321-129a77bf1602: receive RaftClientReply:client-253D2503C21A->6571ba41-d309-4d1d-a321-129a77bf1602@group-6D4C5FD51127, cid=744, SUCCESS, logIndex=976, commits[6571ba41-d309-4d1d-a321-129a77bf1602:c976, 75e8c5ea-f06a-43e1-af6e-1f7f9b0b2cc1:c974, 1d8d2908-dfb4-4358-9c6e-64b435d6fccc:c974]
2019-07-03 07:07:58,661 INFO  client.GrpcClientProtocolClient (GrpcClientProtocolClient.java:onNext(254)) - client-253D2503C21A->6571ba41-d309-4d1d-a321-129a77bf1602: receive RaftClientReply:client-253D2503C21A->6571ba41-d309-4d1d-a321-129a77bf1602@group-6D4C5FD51127, cid=745, SUCCESS, logIndex=978, commits[6571ba41-d309-4d1d-a321-129a77bf1602:c978, 75e8c5ea-f06a-43e1-af6e-1f7f9b0b2cc1:c976, 1d8d2908-dfb4-4358-9c6e-64b435d6fccc:c976]
2019-07-03 07:07:58,672 INFO  client.GrpcClientProtocolClient (GrpcClientProtocolClient.java:onNext(254)) - client-253D2503C21A->6571ba41-d309-4d1d-a321-129a77bf1602: receive RaftClientReply:client-253D2503C21A->6571ba41-d309-4d1d-a321-129a77bf1602@group-6D4C5FD51127, cid=746, SUCCESS, logIndex=0, commits[6571ba41-d309-4d1d-a321-129a77bf1602:c979, 75e8c5ea-f06a-43e1-af6e-1f7f9b0b2cc1:c978, 1d8d2908-dfb4-4358-9c6e-64b435d6fccc:c978]
2019-07-03 07:07:58,695 INFO  client.GrpcClientProtocolClient (GrpcClientProtocolClient.java:onNext(254)) - client-253D2503C21A->6571ba41-d309-4d1d-a321-129a77bf1602: receive RaftClientReply:client-253D2503C21A->6571ba41-d309-4d1d-a321-129a77bf1602@group-6D4C5FD51127, cid=747, SUCCESS, logIndex=980, commits[6571ba41-d309-4d1d-a321-129a77bf1602:c980, 75e8c5ea-f06a-43e1-af6e-1f7f9b0b2cc1:c979, 1d8d2908-dfb4-4358-9c6e-64b435d6fccc:c979]
2019-07-03 07:07:58,720 INFO  client.GrpcClientProtocolClient (GrpcClientProtocolClient.java:onNext(254)) - client-253D2503C21A->6571ba41-d309-4d1d-a321-129a77bf1602: receive RaftClientReply:client-253D2503C21A->6571ba41-d309-4d1d-a321-129a77bf1602@group-6D4C5FD51127, cid=748, SUCCESS, logIndex=982, commits[6571ba41-d309-4d1d-a321-129a77bf1602:c983, 75e8c5ea-f06a-43e1-af6e-1f7f9b0b2cc1:c980, 1d8d2908-dfb4-4358-9c6e-64b435d6fccc:c980]
2019-07-03 07:07:58,721 INFO  client.GrpcClientProtocolClient (GrpcClientProtocolClient.java:onNext(254)) - client-253D2503C21A->6571ba41-d309-4d1d-a321-129a77bf1602: receive RaftClientReply:client-253D2503C21A->6571ba41-d309-4d1d-a321-129a77bf1602@group-6D4C5FD51127, cid=749, SUCCESS, logIndex=983, commits[6571ba41-d309-4d1d-a321-129a77bf1602:c983, 75e8c5ea-f06a-43e1-af6e-1f7f9b0b2cc1:c980, 1d8d2908-dfb4-4358-9c6e-64b435d6fccc:c980]
2019-07-03 07:07:58,721 INFO  client.GrpcClientProtocolClient (GrpcClientProtocolClient.java:onNext(254)) - client-253D2503C21A->6571ba41-d309-4d1d-a321-129a77bf1602: receive RaftClientReply:client-253D2503C21A->6571ba41-d309-4d1d-a321-129a77bf1602@group-6D4C5FD51127, cid=750, SUCCESS, logIndex=984, commits[6571ba41-d309-4d1d-a321-129a77bf1602:c984, 75e8c5ea-f06a-43e1-af6e-1f7f9b0b2cc1:c981, 1d8d2908-dfb4-4358-9c6e-64b435d6fccc:c980]
2019-07-03 07:07:58,736 INFO  client.GrpcClientProtocolClient (GrpcClientProtocolClient.java:onNext(254)) - client-253D2503C21A->6571ba41-d309-4d1d-a321-129a77bf1602: receive RaftClientReply:client-253D2503C21A->6571ba41-d309-4d1d-a321-129a77bf1602@group-6D4C5FD51127, cid=751, SUCCESS, logIndex=0, commits[6571ba41-d309-4d1d-a321-129a77bf1602:c987, 75e8c5ea-f06a-43e1-af6e-1f7f9b0b2cc1:c984, 1d8d2908-dfb4-4358-9c6e-64b435d6fccc:c984]
2019-07-03 07:07:58,758 INFO  client.GrpcClientProtocolClient (GrpcClientProtocolClient.java:onNext(254)) - client-253D2503C21A->6571ba41-d309-4d1d-a321-129a77bf1602: receive RaftClientReply:client-253D2503C21A->6571ba41-d309-4d1d-a321-129a77bf1602@group-6D4C5FD51127, cid=752, SUCCESS, logIndex=988, commits[6571ba41-d309-4d1d-a321-129a77bf1602:c988, 75e8c5ea-f06a-43e1-af6e-1f7f9b0b2cc1:c987, 1d8d2908-dfb4-4358-9c6e-64b435d6fccc:c987]
2019-07-03 07:07:58,771 INFO  client.GrpcClientProtocolClient (GrpcClientProtocolClient.java:onNext(254)) - client-253D2503C21A->6571ba41-d309-4d1d-a321-129a77bf1602: receive RaftClientReply:client-253D2503C21A->6571ba41-d309-4d1d-a321-129a77bf1602@group-6D4C5FD51127, cid=753, SUCCESS, logIndex=990, commits[6571ba41-d309-4d1d-a321-129a77bf1602:c990, 75e8c5ea-f06a-43e1-af6e-1f7f9b0b2cc1:c988, 1d8d2908-dfb4-4358-9c6e-64b435d6fccc:c988]
2019-07-03 07:07:58,793 INFO  client.GrpcClientProtocolClient (GrpcClientProtocolClient.java:onNext(254)) - client-253D2503C21A->6571ba41-d309-4d1d-a321-129a77bf1602: receive RaftClientReply:client-253D2503C21A->6571ba41-d309-4d1d-a321-129a77bf1602@group-6D4C5FD51127, cid=754, SUCCESS, logIndex=992, commits[6571ba41-d309-4d1d-a321-129a77bf1602:c992, 75e8c5ea-f06a-43e1-af6e-1f7f9b0b2cc1:c991, 1d8d2908-dfb4-4358-9c6e-64b435d6fccc:c991]
2019-07-03 07:07:58,806 INFO  client.GrpcClientProtocolClient (GrpcClientProtocolClient.java:onNext(254)) - client-253D2503C21A->6571ba41-d309-4d1d-a321-129a77bf1602: receive RaftClientReply:client-253D2503C21A->6571ba41-d309-4d1d-a321-129a77bf1602@group-6D4C5FD51127, cid=755, SUCCESS, logIndex=994, commits[6571ba41-d309-4d1d-a321-129a77bf1602:c994, 75e8c5ea-f06a-43e1-af6e-1f7f9b0b2cc1:c992, 1d8d2908-dfb4-4358-9c6e-64b435d6fccc:c992]
2019-07-03 07:07:58,818 INFO  client.GrpcClientProtocolClient (GrpcClientProtocolClient.java:onNext(254)) - client-253D2503C21A->6571ba41-d309-4d1d-a321-129a77bf1602: receive RaftClientReply:client-253D2503C21A->6571ba41-d309-4d1d-a321-129a77bf1602@group-6D4C5FD51127, cid=756, SUCCESS, logIndex=0, commits[6571ba41-d309-4d1d-a321-129a77bf1602:c995, 75e8c5ea-f06a-43e1-af6e-1f7f9b0b2cc1:c994, 1d8d2908-dfb4-4358-9c6e-64b435d6fccc:c994]
2019-07-03 07:07:58,833 INFO  client.GrpcClientProtocolClient (GrpcClientProtocolClient.java:onNext(254)) - client-253D2503C21A->6571ba41-d309-4d1d-a321-129a77bf1602: receive RaftClientReply:client-253D2503C21A->6571ba41-d309-4d1d-a321-129a77bf1602@group-6D4C5FD51127, cid=757, SUCCESS, logIndex=996, commits[6571ba41-d309-4d1d-a321-129a77bf1602:c996, 75e8c5ea-f06a-43e1-af6e-1f7f9b0b2cc1:c995, 1d8d2908-dfb4-4358-9c6e-64b435d6fccc:c995]
2019-07-03 07:07:58,837 INFO  client.GrpcClientProtocolClient (GrpcClientProtocolClient.java:onNext(254)) - client-253D2503C21A->6571ba41-d309-4d1d-a321-129a77bf1602: receive RaftClientReply:client-253D2503C21A->6571ba41-d309-4d1d-a321-129a77bf1602@group-6D4C5FD51127, cid=758, SUCCESS, logIndex=998, commits[6571ba41-d309-4d1d-a321-129a77bf1602:c998, 75e8c5ea-f06a-43e1-af6e-1f7f9b0b2cc1:c996, 1d8d2908-dfb4-4358-9c6e-64b435d6fccc:c996]
2019-07-03 07:07:58,839 INFO  client.GrpcClientProtocolClient (GrpcClientProtocolClient.java:onNext(254)) - client-253D2503C21A->6571ba41-d309-4d1d-a321-129a77bf1602: receive RaftClientReply:client-253D2503C21A->6571ba41-d309-4d1d-a321-129a77bf1602@group-6D4C5FD51127, cid=759, SUCCESS, logIndex=999, commits[6571ba41-d309-4d1d-a321-129a77bf1602:c1000, 75e8c5ea-f06a-43e1-af6e-1f7f9b0b2cc1:c996, 1d8d2908-dfb4-4358-9c6e-64b435d6fccc:c996]
2019-07-03 07:07:58,840 INFO  client.GrpcClientProtocolClient (GrpcClientProtocolClient.java:onNext(254)) - client-253D2503C21A->6571ba41-d309-4d1d-a321-129a77bf1602: receive RaftClientReply:client-253D2503C21A->6571ba41-d309-4d1d-a321-129a77bf1602@group-6D4C5FD51127, cid=760, SUCCESS, logIndex=1000, commits[6571ba41-d309-4d1d-a321-129a77bf1602:c1000, 75e8c5ea-f06a-43e1-af6e-1f7f9b0b2cc1:c996, 1d8d2908-dfb4-4358-9c6e-64b435d6fccc:c996]
2019-07-03 07:07:58,841 INFO  client.GrpcClientProtocolClient (GrpcClientProtocolClient.java:onNext(254)) - client-253D2503C21A->6571ba41-d309-4d1d-a321-129a77bf1602: receive RaftClientReply:client-253D2503C21A->6571ba41-d309-4d1d-a321-129a77bf1602@group-6D4C5FD51127, cid=761, SUCCESS, logIndex=0, commits[6571ba41-d309-4d1d-a321-129a77bf1602:c1003, 75e8c5ea-f06a-43e1-af6e-1f7f9b0b2cc1:c1000, 1d8d2908-dfb4-4358-9c6e-64b435d6fccc:c998]
2019-07-03 07:07:58,888 INFO  client.GrpcClientProtocolClient (GrpcClientProtocolClient.java:onNext(254)) - client-253D2503C21A->6571ba41-d309-4d1d-a321-129a77bf1602: receive RaftClientReply:client-253D2503C21A->6571ba41-d309-4d1d-a321-129a77bf1602@group-6D4C5FD51127, cid=762, SUCCESS, logIndex=1004, commits[6571ba41-d309-4d1d-a321-129a77bf1602:c1004, 75e8c5ea-f06a-43e1-af6e-1f7f9b0b2cc1:c1003, 1d8d2908-dfb4-4358-9c6e-64b435d6fccc:c1000]
2019-07-03 07:07:58,892 INFO  client.GrpcClientProtocolClient (GrpcClientProtocolClient.java:onNext(254)) - client-253D2503C21A->6571ba41-d309-4d1d-a321-129a77bf1602: receive RaftClientReply:client-253D2503C21A->6571ba41-d309-4d1d-a321-129a77bf1602@group-6D4C5FD51127, cid=763, SUCCESS, logIndex=1006, commits[6571ba41-d309-4d1d-a321-129a77bf1602:c1006, 75e8c5ea-f06a-43e1-af6e-1f7f9b0b2cc1:c1004, 1d8d2908-dfb4-4358-9c6e-64b435d6fccc:c1004]
2019-07-03 07:07:58,921 INFO  client.GrpcClientProtocolClient (GrpcClientProtocolClient.java:onNext(254)) - client-253D2503C21A->6571ba41-d309-4d1d-a321-129a77bf1602: receive RaftClientReply:client-253D2503C21A->6571ba41-d309-4d1d-a321-129a77bf1602@group-6D4C5FD51127, cid=764, SUCCESS, logIndex=1008, commits[6571ba41-d309-4d1d-a321-129a77bf1602:c1008, 75e8c5ea-f06a-43e1-af6e-1f7f9b0b2cc1:c1006, 1d8d2908-dfb4-4358-9c6e-64b435d6fccc:c1006]
2019-07-03 07:07:58,936 INFO  client.GrpcClientProtocolClient (GrpcClientProtocolClient.java:onNext(254)) - client-253D2503C21A->6571ba41-d309-4d1d-a321-129a77bf1602: receive RaftClientReply:client-253D2503C21A->6571ba41-d309-4d1d-a321-129a77bf1602@group-6D4C5FD51127, cid=765, SUCCESS, logIndex=1010, commits[6571ba41-d309-4d1d-a321-129a77bf1602:c1010, 75e8c5ea-f06a-43e1-af6e-1f7f9b0b2cc1:c1008, 1d8d2908-dfb4-4358-9c6e-64b435d6fccc:c1008]
2019-07-03 07:07:58,964 INFO  client.GrpcClientProtocolClient (GrpcClientProtocolClient.java:onNext(254)) - client-253D2503C21A->6571ba41-d309-4d1d-a321-129a77bf1602: receive RaftClientReply:client-253D2503C21A->6571ba41-d309-4d1d-a321-129a77bf1602@group-6D4C5FD51127, cid=766, SUCCESS, logIndex=0, commits[6571ba41-d309-4d1d-a321-129a77bf1602:c1010, 75e8c5ea-f06a-43e1-af6e-1f7f9b0b2cc1:c1010, 1d8d2908-dfb4-4358-9c6e-64b435d6fccc:c1010]
2019-07-03 07:07:58,987 INFO  client.GrpcClientProtocolClient (GrpcClientProtocolClient.java:onNext(254)) - client-253D2503C21A->6571ba41-d309-4d1d-a321-129a77bf1602: receive RaftClientReply:client-253D2503C21A->6571ba41-d309-4d1d-a321-129a77bf1602@group-6D4C5FD51127, cid=767, SUCCESS, logIndex=1012, commits[6571ba41-d309-4d1d-a321-129a77bf1602:c1012, 75e8c5ea-f06a-43e1-af6e-1f7f9b0b2cc1:c1011, 1d8d2908-dfb4-4358-9c6e-64b435d6fccc:c1011]
2019-07-03 07:07:59,000 INFO  client.GrpcClientProtocolClient (GrpcClientProtocolClient.java:onNext(254)) - client-253D2503C21A->6571ba41-d309-4d1d-a321-129a77bf1602: receive RaftClientReply:client-253D2503C21A->6571ba41-d309-4d1d-a321-129a77bf1602@group-6D4C5FD51127, cid=768, SUCCESS, logIndex=1014, commits[6571ba41-d309-4d1d-a321-129a77bf1602:c1015, 75e8c5ea-f06a-43e1-af6e-1f7f9b0b2cc1:c1012, 1d8d2908-dfb4-4358-9c6e-64b435d6fccc:c1012]
2019-07-03 07:07:59,001 INFO  client.GrpcClientProtocolClient (GrpcClientProtocolClient.java:onNext(254)) - client-253D2503C21A->6571ba41-d309-4d1d-a321-129a77bf1602: receive RaftClientReply:client-253D2503C21A->6571ba41-d309-4d1d-a321-129a77bf1602@group-6D4C5FD51127, cid=769, SUCCESS, logIndex=1015, commits[6571ba41-d309-4d1d-a321-129a77bf1602:c1016, 75e8c5ea-f06a-43e1-af6e-1f7f9b0b2cc1:c1012, 1d8d2908-dfb4-4358-9c6e-64b435d6fccc:c1012]
2019-07-03 07:07:59,001 INFO  client.GrpcClientProtocolClient (GrpcClientProtocolClient.java:onNext(254)) - client-253D2503C21A->6571ba41-d309-4d1d-a321-129a77bf1602: receive RaftClientReply:client-253D2503C21A->6571ba41-d309-4d1d-a321-129a77bf1602@group-6D4C5FD51127, cid=770, SUCCESS, logIndex=1016, commits[6571ba41-d309-4d1d-a321-129a77bf1602:c1017, 75e8c5ea-f06a-43e1-af6e-1f7f9b0b2cc1:c1015, 1d8d2908-dfb4-4358-9c6e-64b435d6fccc:c1012]
2019-07-03 07:07:59,004 INFO  client.GrpcClientProtocolClient (GrpcClientProtocolClient.java:onNext(254)) - client-253D2503C21A->6571ba41-d309-4d1d-a321-129a77bf1602: receive RaftClientReply:client-253D2503C21A->6571ba41-d309-4d1d-a321-129a77bf1602@group-6D4C5FD51127, cid=771, SUCCESS, logIndex=0, commits[6571ba41-d309-4d1d-a321-129a77bf1602:c1019, 75e8c5ea-f06a-43e1-af6e-1f7f9b0b2cc1:c1016, 1d8d2908-dfb4-4358-9c6e-64b435d6fccc:c1015]
2019-07-03 07:07:59,027 INFO  client.GrpcClientProtocolClient (GrpcClientProtocolClient.java:onNext(254)) - client-253D2503C21A->6571ba41-d309-4d1d-a321-129a77bf1602: receive RaftClientReply:client-253D2503C21A->6571ba41-d309-4d1d-a321-129a77bf1602@group-6D4C5FD51127, cid=772, SUCCESS, logIndex=1020, commits[6571ba41-d309-4d1d-a321-129a77bf1602:c1020, 75e8c5ea-f06a-43e1-af6e-1f7f9b0b2cc1:c1019, 1d8d2908-dfb4-4358-9c6e-64b435d6fccc:c1019]
2019-07-03 07:07:59,042 INFO  client.GrpcClientProtocolClient (GrpcClientProtocolClient.java:onNext(254)) - client-253D2503C21A->6571ba41-d309-4d1d-a321-129a77bf1602: receive RaftClientReply:client-253D2503C21A->6571ba41-d309-4d1d-a321-129a77bf1602@group-6D4C5FD51127, cid=773, SUCCESS, logIndex=1022, commits[6571ba41-d309-4d1d-a321-129a77bf1602:c1022, 75e8c5ea-f06a-43e1-af6e-1f7f9b0b2cc1:c1020, 1d8d2908-dfb4-4358-9c6e-64b435d6fccc:c1020]
2019-07-03 07:07:59,067 INFO  storage.RaftLogWorker (RaftLogWorker.java:rollLogSegment(303)) - 6571ba41-d309-4d1d-a321-129a77bf1602-RaftLogWorker: Rolling segment log-944_1025 to index:1025
2019-07-03 07:07:59,067 INFO  client.GrpcClientProtocolClient (GrpcClientProtocolClient.java:onNext(254)) - client-253D2503C21A->6571ba41-d309-4d1d-a321-129a77bf1602: receive RaftClientReply:client-253D2503C21A->6571ba41-d309-4d1d-a321-129a77bf1602@group-6D4C5FD51127, cid=774, SUCCESS, logIndex=1024, commits[6571ba41-d309-4d1d-a321-129a77bf1602:c1024, 75e8c5ea-f06a-43e1-af6e-1f7f9b0b2cc1:c1022, 1d8d2908-dfb4-4358-9c6e-64b435d6fccc:c1022]
2019-07-03 07:07:59,068 INFO  storage.RaftLogWorker (RaftLogWorker.java:rollLogSegment(303)) - 75e8c5ea-f06a-43e1-af6e-1f7f9b0b2cc1-RaftLogWorker: Rolling segment log-944_1025 to index:1025
2019-07-03 07:07:59,068 INFO  storage.RaftLogWorker (RaftLogWorker.java:rollLogSegment(303)) - 1d8d2908-dfb4-4358-9c6e-64b435d6fccc-RaftLogWorker: Rolling segment log-944_1025 to index:1025
2019-07-03 07:07:59,078 INFO  storage.RaftLogWorker (RaftLogWorker.java:execute(433)) - 6571ba41-d309-4d1d-a321-129a77bf1602-RaftLogWorker: Rolled log segment from /opt/src/hadoop-ozone/tools/target/test-dir/MiniOzoneClusterImpl-0519545d-318d-4c21-a2a0-688f18f8a31d/datanode-4/data/ratis/23ffc2a4-5526-4092-9dc4-6d4c5fd51127/current/log_inprogress_944 to /opt/src/hadoop-ozone/tools/target/test-dir/MiniOzoneClusterImpl-0519545d-318d-4c21-a2a0-688f18f8a31d/datanode-4/data/ratis/23ffc2a4-5526-4092-9dc4-6d4c5fd51127/current/log_944-1025
2019-07-03 07:07:59,078 INFO  storage.RaftLogWorker (RaftLogWorker.java:execute(433)) - 75e8c5ea-f06a-43e1-af6e-1f7f9b0b2cc1-RaftLogWorker: Rolled log segment from /opt/src/hadoop-ozone/tools/target/test-dir/MiniOzoneClusterImpl-0519545d-318d-4c21-a2a0-688f18f8a31d/datanode-1/data/ratis/23ffc2a4-5526-4092-9dc4-6d4c5fd51127/current/log_inprogress_944 to /opt/src/hadoop-ozone/tools/target/test-dir/MiniOzoneClusterImpl-0519545d-318d-4c21-a2a0-688f18f8a31d/datanode-1/data/ratis/23ffc2a4-5526-4092-9dc4-6d4c5fd51127/current/log_944-1025
2019-07-03 07:07:59,079 INFO  storage.RaftLogWorker (RaftLogWorker.java:execute(433)) - 1d8d2908-dfb4-4358-9c6e-64b435d6fccc-RaftLogWorker: Rolled log segment from /opt/src/hadoop-ozone/tools/target/test-dir/MiniOzoneClusterImpl-0519545d-318d-4c21-a2a0-688f18f8a31d/datanode-2/data/ratis/23ffc2a4-5526-4092-9dc4-6d4c5fd51127/current/log_inprogress_944 to /opt/src/hadoop-ozone/tools/target/test-dir/MiniOzoneClusterImpl-0519545d-318d-4c21-a2a0-688f18f8a31d/datanode-2/data/ratis/23ffc2a4-5526-4092-9dc4-6d4c5fd51127/current/log_944-1025
2019-07-03 07:07:59,165 INFO  storage.RaftLogWorker (RaftLogWorker.java:execute(469)) - 1d8d2908-dfb4-4358-9c6e-64b435d6fccc-RaftLogWorker: created new log segment /opt/src/hadoop-ozone/tools/target/test-dir/MiniOzoneClusterImpl-0519545d-318d-4c21-a2a0-688f18f8a31d/datanode-2/data/ratis/23ffc2a4-5526-4092-9dc4-6d4c5fd51127/current/log_inprogress_1026
2019-07-03 07:07:59,165 INFO  storage.RaftLogWorker (RaftLogWorker.java:execute(469)) - 6571ba41-d309-4d1d-a321-129a77bf1602-RaftLogWorker: created new log segment /opt/src/hadoop-ozone/tools/target/test-dir/MiniOzoneClusterImpl-0519545d-318d-4c21-a2a0-688f18f8a31d/datanode-4/data/ratis/23ffc2a4-5526-4092-9dc4-6d4c5fd51127/current/log_inprogress_1026
2019-07-03 07:07:59,165 INFO  storage.RaftLogWorker (RaftLogWorker.java:execute(469)) - 75e8c5ea-f06a-43e1-af6e-1f7f9b0b2cc1-RaftLogWorker: created new log segment /opt/src/hadoop-ozone/tools/target/test-dir/MiniOzoneClusterImpl-0519545d-318d-4c21-a2a0-688f18f8a31d/datanode-1/data/ratis/23ffc2a4-5526-4092-9dc4-6d4c5fd51127/current/log_inprogress_1026
2019-07-03 07:07:59,186 INFO  client.GrpcClientProtocolClient (GrpcClientProtocolClient.java:onNext(254)) - client-253D2503C21A->6571ba41-d309-4d1d-a321-129a77bf1602: receive RaftClientReply:client-253D2503C21A->6571ba41-d309-4d1d-a321-129a77bf1602@group-6D4C5FD51127, cid=775, SUCCESS, logIndex=1026, commits[6571ba41-d309-4d1d-a321-129a77bf1602:c1026, 75e8c5ea-f06a-43e1-af6e-1f7f9b0b2cc1:c1024, 1d8d2908-dfb4-4358-9c6e-64b435d6fccc:c1024]
2019-07-03 07:07:59,197 INFO  client.GrpcClientProtocolClient (GrpcClientProtocolClient.java:onNext(254)) - client-253D2503C21A->6571ba41-d309-4d1d-a321-129a77bf1602: receive RaftClientReply:client-253D2503C21A->6571ba41-d309-4d1d-a321-129a77bf1602@group-6D4C5FD51127, cid=776, SUCCESS, logIndex=0, commits[6571ba41-d309-4d1d-a321-129a77bf1602:c1027, 75e8c5ea-f06a-43e1-af6e-1f7f9b0b2cc1:c1026, 1d8d2908-dfb4-4358-9c6e-64b435d6fccc:c1026]
2019-07-03 07:07:59,221 INFO  client.GrpcClientProtocolClient (GrpcClientProtocolClient.java:onNext(254)) - client-253D2503C21A->6571ba41-d309-4d1d-a321-129a77bf1602: receive RaftClientReply:client-253D2503C21A->6571ba41-d309-4d1d-a321-129a77bf1602@group-6D4C5FD51127, cid=777, SUCCESS, logIndex=1028, commits[6571ba41-d309-4d1d-a321-129a77bf1602:c1028, 75e8c5ea-f06a-43e1-af6e-1f7f9b0b2cc1:c1027, 1d8d2908-dfb4-4358-9c6e-64b435d6fccc:c1027]
2019-07-03 07:07:59,234 INFO  client.GrpcClientProtocolClient (GrpcClientProtocolClient.java:onNext(254)) - client-253D2503C21A->6571ba41-d309-4d1d-a321-129a77bf1602: receive RaftClientReply:client-253D2503C21A->6571ba41-d309-4d1d-a321-129a77bf1602@group-6D4C5FD51127, cid=778, SUCCESS, logIndex=1030, commits[6571ba41-d309-4d1d-a321-129a77bf1602:c1031, 75e8c5ea-f06a-43e1-af6e-1f7f9b0b2cc1:c1028, 1d8d2908-dfb4-4358-9c6e-64b435d6fccc:c1028]
2019-07-03 07:07:59,235 INFO  client.GrpcClientProtocolClient (GrpcClientProtocolClient.java:onNext(254)) - client-253D2503C21A->6571ba41-d309-4d1d-a321-129a77bf1602: receive RaftClientReply:client-253D2503C21A->6571ba41-d309-4d1d-a321-129a77bf1602@group-6D4C5FD51127, cid=779, SUCCESS, logIndex=1031, commits[6571ba41-d309-4d1d-a321-129a77bf1602:c1032, 75e8c5ea-f06a-43e1-af6e-1f7f9b0b2cc1:c1028, 1d8d2908-dfb4-4358-9c6e-64b435d6fccc:c1028]
2019-07-03 07:07:59,235 INFO  client.GrpcClientProtocolClient (GrpcClientProtocolClient.java:onNext(254)) - client-253D2503C21A->6571ba41-d309-4d1d-a321-129a77bf1602: receive RaftClientReply:client-253D2503C21A->6571ba41-d309-4d1d-a321-129a77bf1602@group-6D4C5FD51127, cid=780, SUCCESS, logIndex=1032, commits[6571ba41-d309-4d1d-a321-129a77bf1602:c1032, 75e8c5ea-f06a-43e1-af6e-1f7f9b0b2cc1:c1028, 1d8d2908-dfb4-4358-9c6e-64b435d6fccc:c1028]
2019-07-03 07:07:59,247 INFO  client.GrpcClientProtocolClient (GrpcClientProtocolClient.java:onNext(254)) - client-253D2503C21A->6571ba41-d309-4d1d-a321-129a77bf1602: receive RaftClientReply:client-253D2503C21A->6571ba41-d309-4d1d-a321-129a77bf1602@group-6D4C5FD51127, cid=781, SUCCESS, logIndex=0, commits[6571ba41-d309-4d1d-a321-129a77bf1602:c1034, 75e8c5ea-f06a-43e1-af6e-1f7f9b0b2cc1:c1031, 1d8d2908-dfb4-4358-9c6e-64b435d6fccc:c1030]
2019-07-03 07:07:59,270 INFO  client.GrpcClientProtocolClient (GrpcClientProtocolClient.java:onNext(254)) - client-253D2503C21A->6571ba41-d309-4d1d-a321-129a77bf1602: receive RaftClientReply:client-253D2503C21A->6571ba41-d309-4d1d-a321-129a77bf1602@group-6D4C5FD51127, cid=782, SUCCESS, logIndex=1036, commits[6571ba41-d309-4d1d-a321-129a77bf1602:c1036, 75e8c5ea-f06a-43e1-af6e-1f7f9b0b2cc1:c1035, 1d8d2908-dfb4-4358-9c6e-64b435d6fccc:c1035]
2019-07-03 07:07:59,284 INFO  client.GrpcClientProtocolClient (GrpcClientProtocolClient.java:onNext(254)) - client-253D2503C21A->6571ba41-d309-4d1d-a321-129a77bf1602: receive RaftClientReply:client-253D2503C21A->6571ba41-d309-4d1d-a321-129a77bf1602@group-6D4C5FD51127, cid=783, SUCCESS, logIndex=1038, commits[6571ba41-d309-4d1d-a321-129a77bf1602:c1038, 75e8c5ea-f06a-43e1-af6e-1f7f9b0b2cc1:c1036, 1d8d2908-dfb4-4358-9c6e-64b435d6fccc:c1036]
2019-07-03 07:07:59,309 INFO  client.GrpcClientProtocolClient (GrpcClientProtocolClient.java:onNext(254)) - client-253D2503C21A->6571ba41-d309-4d1d-a321-129a77bf1602: receive RaftClientReply:client-253D2503C21A->6571ba41-d309-4d1d-a321-129a77bf1602@group-6D4C5FD51127, cid=784, SUCCESS, logIndex=1040, commits[6571ba41-d309-4d1d-a321-129a77bf1602:c1040, 75e8c5ea-f06a-43e1-af6e-1f7f9b0b2cc1:c1038, 1d8d2908-dfb4-4358-9c6e-64b435d6fccc:c1038]
2019-07-03 07:07:59,324 INFO  client.GrpcClientProtocolClient (GrpcClientProtocolClient.java:onNext(254)) - client-253D2503C21A->6571ba41-d309-4d1d-a321-129a77bf1602: receive RaftClientReply:client-253D2503C21A->6571ba41-d309-4d1d-a321-129a77bf1602@group-6D4C5FD51127, cid=785, SUCCESS, logIndex=1042, commits[6571ba41-d309-4d1d-a321-129a77bf1602:c1042, 75e8c5ea-f06a-43e1-af6e-1f7f9b0b2cc1:c1040, 1d8d2908-dfb4-4358-9c6e-64b435d6fccc:c1040]
2019-07-03 07:07:59,326 INFO  client.GrpcClientProtocolClient (GrpcClientProtocolClient.java:onNext(254)) - client-253D2503C21A->6571ba41-d309-4d1d-a321-129a77bf1602: receive RaftClientReply:client-253D2503C21A->6571ba41-d309-4d1d-a321-129a77bf1602@group-6D4C5FD51127, cid=786, SUCCESS, logIndex=0, commits[6571ba41-d309-4d1d-a321-129a77bf1602:c1043, 75e8c5ea-f06a-43e1-af6e-1f7f9b0b2cc1:c1042, 1d8d2908-dfb4-4358-9c6e-64b435d6fccc:c1042]
2019-07-03 07:07:59,347 INFO  client.GrpcClientProtocolClient (GrpcClientProtocolClient.java:onNext(254)) - client-253D2503C21A->6571ba41-d309-4d1d-a321-129a77bf1602: receive RaftClientReply:client-253D2503C21A->6571ba41-d309-4d1d-a321-129a77bf1602@group-6D4C5FD51127, cid=787, SUCCESS, logIndex=1044, commits[6571ba41-d309-4d1d-a321-129a77bf1602:c1044, 75e8c5ea-f06a-43e1-af6e-1f7f9b0b2cc1:c1043, 1d8d2908-dfb4-4358-9c6e-64b435d6fccc:c1043]
2019-07-03 07:07:59,352 INFO  client.GrpcClientProtocolClient (GrpcClientProtocolClient.java:onNext(254)) - client-253D2503C21A->6571ba41-d309-4d1d-a321-129a77bf1602: receive RaftClientReply:client-253D2503C21A->6571ba41-d309-4d1d-a321-129a77bf1602@group-6D4C5FD51127, cid=788, SUCCESS, logIndex=1046, commits[6571ba41-d309-4d1d-a321-129a77bf1602:c1046, 75e8c5ea-f06a-43e1-af6e-1f7f9b0b2cc1:c1044, 1d8d2908-dfb4-4358-9c6e-64b435d6fccc:c1044]
2019-07-03 07:07:59,354 INFO  client.GrpcClientProtocolClient (GrpcClientProtocolClient.java:onNext(254)) - client-253D2503C21A->6571ba41-d309-4d1d-a321-129a77bf1602: receive RaftClientReply:client-253D2503C21A->6571ba41-d309-4d1d-a321-129a77bf1602@group-6D4C5FD51127, cid=789, SUCCESS, logIndex=1047, commits[6571ba41-d309-4d1d-a321-129a77bf1602:c1048, 75e8c5ea-f06a-43e1-af6e-1f7f9b0b2cc1:c1044, 1d8d2908-dfb4-4358-9c6e-64b435d6fccc:c1044]
2019-07-03 07:07:59,354 INFO  client.GrpcClientProtocolClient (GrpcClientProtocolClient.java:onNext(254)) - client-253D2503C21A->6571ba41-d309-4d1d-a321-129a77bf1602: receive RaftClientReply:client-253D2503C21A->6571ba41-d309-4d1d-a321-129a77bf1602@group-6D4C5FD51127, cid=790, SUCCESS, logIndex=1048, commits[6571ba41-d309-4d1d-a321-129a77bf1602:c1048, 75e8c5ea-f06a-43e1-af6e-1f7f9b0b2cc1:c1044, 1d8d2908-dfb4-4358-9c6e-64b435d6fccc:c1044]
2019-07-03 07:07:59,356 INFO  client.GrpcClientProtocolClient (GrpcClientProtocolClient.java:onNext(254)) - client-253D2503C21A->6571ba41-d309-4d1d-a321-129a77bf1602: receive RaftClientReply:client-253D2503C21A->6571ba41-d309-4d1d-a321-129a77bf1602@group-6D4C5FD51127, cid=791, SUCCESS, logIndex=0, commits[6571ba41-d309-4d1d-a321-129a77bf1602:c1050, 75e8c5ea-f06a-43e1-af6e-1f7f9b0b2cc1:c1048, 1d8d2908-dfb4-4358-9c6e-64b435d6fccc:c1048]
2019-07-03 07:07:59,390 INFO  client.GrpcClientProtocolClient (GrpcClientProtocolClient.java:onNext(254)) - client-253D2503C21A->6571ba41-d309-4d1d-a321-129a77bf1602: receive RaftClientReply:client-253D2503C21A->6571ba41-d309-4d1d-a321-129a77bf1602@group-6D4C5FD51127, cid=792, SUCCESS, logIndex=1052, commits[6571ba41-d309-4d1d-a321-129a77bf1602:c1052, 75e8c5ea-f06a-43e1-af6e-1f7f9b0b2cc1:c1051, 1d8d2908-dfb4-4358-9c6e-64b435d6fccc:c1051]
2019-07-03 07:07:59,405 INFO  client.GrpcClientProtocolClient (GrpcClientProtocolClient.java:onNext(254)) - client-253D2503C21A->6571ba41-d309-4d1d-a321-129a77bf1602: receive RaftClientReply:client-253D2503C21A->6571ba41-d309-4d1d-a321-129a77bf1602@group-6D4C5FD51127, cid=793, SUCCESS, logIndex=1054, commits[6571ba41-d309-4d1d-a321-129a77bf1602:c1054, 75e8c5ea-f06a-43e1-af6e-1f7f9b0b2cc1:c1052, 1d8d2908-dfb4-4358-9c6e-64b435d6fccc:c1052]
2019-07-03 07:07:59,418 INFO  client.GrpcClientProtocolClient (GrpcClientProtocolClient.java:onNext(254)) - client-253D2503C21A->6571ba41-d309-4d1d-a321-129a77bf1602: receive RaftClientReply:client-253D2503C21A->6571ba41-d309-4d1d-a321-129a77bf1602@group-6D4C5FD51127, cid=794, SUCCESS, logIndex=1056, commits[6571ba41-d309-4d1d-a321-129a77bf1602:c1056, 75e8c5ea-f06a-43e1-af6e-1f7f9b0b2cc1:c1054, 1d8d2908-dfb4-4358-9c6e-64b435d6fccc:c1054]
2019-07-03 07:07:59,431 INFO  client.GrpcClientProtocolClient (GrpcClientProtocolClient.java:onNext(254)) - client-253D2503C21A->6571ba41-d309-4d1d-a321-129a77bf1602: receive RaftClientReply:client-253D2503C21A->6571ba41-d309-4d1d-a321-129a77bf1602@group-6D4C5FD51127, cid=795, SUCCESS, logIndex=1058, commits[6571ba41-d309-4d1d-a321-129a77bf1602:c1058, 75e8c5ea-f06a-43e1-af6e-1f7f9b0b2cc1:c1056, 1d8d2908-dfb4-4358-9c6e-64b435d6fccc:c1056]
2019-07-03 07:07:59,433 INFO  client.GrpcClientProtocolClient (GrpcClientProtocolClient.java:onNext(254)) - client-253D2503C21A->6571ba41-d309-4d1d-a321-129a77bf1602: receive RaftClientReply:client-253D2503C21A->6571ba41-d309-4d1d-a321-129a77bf1602@group-6D4C5FD51127, cid=796, SUCCESS, logIndex=0, commits[6571ba41-d309-4d1d-a321-129a77bf1602:c1059, 75e8c5ea-f06a-43e1-af6e-1f7f9b0b2cc1:c1058, 1d8d2908-dfb4-4358-9c6e-64b435d6fccc:c1058]
2019-07-03 07:07:59,455 INFO  client.GrpcClientProtocolClient (GrpcClientProtocolClient.java:onNext(254)) - client-253D2503C21A->6571ba41-d309-4d1d-a321-129a77bf1602: receive RaftClientReply:client-253D2503C21A->6571ba41-d309-4d1d-a321-129a77bf1602@group-6D4C5FD51127, cid=797, SUCCESS, logIndex=1060, commits[6571ba41-d309-4d1d-a321-129a77bf1602:c1060, 75e8c5ea-f06a-43e1-af6e-1f7f9b0b2cc1:c1059, 1d8d2908-dfb4-4358-9c6e-64b435d6fccc:c1059]
2019-07-03 07:07:59,467 INFO  client.GrpcClientProtocolClient (GrpcClientProtocolClient.java:onNext(254)) - client-253D2503C21A->6571ba41-d309-4d1d-a321-129a77bf1602: receive RaftClientReply:client-253D2503C21A->6571ba41-d309-4d1d-a321-129a77bf1602@group-6D4C5FD51127, cid=798, SUCCESS, logIndex=1062, commits[6571ba41-d309-4d1d-a321-129a77bf1602:c1063, 75e8c5ea-f06a-43e1-af6e-1f7f9b0b2cc1:c1060, 1d8d2908-dfb4-4358-9c6e-64b435d6fccc:c1060]
2019-07-03 07:07:59,467 INFO  client.GrpcClientProtocolClient (GrpcClientProtocolClient.java:onNext(254)) - client-253D2503C21A->6571ba41-d309-4d1d-a321-129a77bf1602: receive RaftClientReply:client-253D2503C21A->6571ba41-d309-4d1d-a321-129a77bf1602@group-6D4C5FD51127, cid=799, SUCCESS, logIndex=1063, commits[6571ba41-d309-4d1d-a321-129a77bf1602:c1063, 75e8c5ea-f06a-43e1-af6e-1f7f9b0b2cc1:c1060, 1d8d2908-dfb4-4358-9c6e-64b435d6fccc:c1060]
2019-07-03 07:07:59,468 INFO  client.GrpcClientProtocolClient (GrpcClientProtocolClient.java:onNext(254)) - client-253D2503C21A->6571ba41-d309-4d1d-a321-129a77bf1602: receive RaftClientReply:client-253D2503C21A->6571ba41-d309-4d1d-a321-129a77bf1602@group-6D4C5FD51127, cid=800, SUCCESS, logIndex=1064, commits[6571ba41-d309-4d1d-a321-129a77bf1602:c1064, 75e8c5ea-f06a-43e1-af6e-1f7f9b0b2cc1:c1060, 1d8d2908-dfb4-4358-9c6e-64b435d6fccc:c1060]
2019-07-03 07:07:59,469 INFO  client.GrpcClientProtocolClient (GrpcClientProtocolClient.java:onNext(254)) - client-253D2503C21A->6571ba41-d309-4d1d-a321-129a77bf1602: receive RaftClientReply:client-253D2503C21A->6571ba41-d309-4d1d-a321-129a77bf1602@group-6D4C5FD51127, cid=801, SUCCESS, logIndex=0, commits[6571ba41-d309-4d1d-a321-129a77bf1602:c1066, 75e8c5ea-f06a-43e1-af6e-1f7f9b0b2cc1:c1063, 1d8d2908-dfb4-4358-9c6e-64b435d6fccc:c1063]
2019-07-03 07:07:59,491 INFO  client.GrpcClientProtocolClient (GrpcClientProtocolClient.java:onNext(254)) - client-253D2503C21A->6571ba41-d309-4d1d-a321-129a77bf1602: receive RaftClientReply:client-253D2503C21A->6571ba41-d309-4d1d-a321-129a77bf1602@group-6D4C5FD51127, cid=802, SUCCESS, logIndex=1068, commits[6571ba41-d309-4d1d-a321-129a77bf1602:c1068, 75e8c5ea-f06a-43e1-af6e-1f7f9b0b2cc1:c1067, 1d8d2908-dfb4-4358-9c6e-64b435d6fccc:c1067]
2019-07-03 07:07:59,506 INFO  client.GrpcClientProtocolClient (GrpcClientProtocolClient.java:onNext(254)) - client-253D2503C21A->6571ba41-d309-4d1d-a321-129a77bf1602: receive RaftClientReply:client-253D2503C21A->6571ba41-d309-4d1d-a321-129a77bf1602@group-6D4C5FD51127, cid=803, SUCCESS, logIndex=1070, commits[6571ba41-d309-4d1d-a321-129a77bf1602:c1070, 75e8c5ea-f06a-43e1-af6e-1f7f9b0b2cc1:c1068, 1d8d2908-dfb4-4358-9c6e-64b435d6fccc:c1068]
2019-07-03 07:07:59,521 INFO  client.GrpcClientProtocolClient (GrpcClientProtocolClient.java:onNext(254)) - client-253D2503C21A->6571ba41-d309-4d1d-a321-129a77bf1602: receive RaftClientReply:client-253D2503C21A->6571ba41-d309-4d1d-a321-129a77bf1602@group-6D4C5FD51127, cid=804, SUCCESS, logIndex=1072, commits[6571ba41-d309-4d1d-a321-129a77bf1602:c1072, 75e8c5ea-f06a-43e1-af6e-1f7f9b0b2cc1:c1070, 1d8d2908-dfb4-4358-9c6e-64b435d6fccc:c1070]
2019-07-03 07:07:59,536 INFO  client.GrpcClientProtocolClient (GrpcClientProtocolClient.java:onNext(254)) - client-253D2503C21A->6571ba41-d309-4d1d-a321-129a77bf1602: receive RaftClientReply:client-253D2503C21A->6571ba41-d309-4d1d-a321-129a77bf1602@group-6D4C5FD51127, cid=805, SUCCESS, logIndex=1074, commits[6571ba41-d309-4d1d-a321-129a77bf1602:c1074, 75e8c5ea-f06a-43e1-af6e-1f7f9b0b2cc1:c1072, 1d8d2908-dfb4-4358-9c6e-64b435d6fccc:c1072]
2019-07-03 07:07:59,548 INFO  client.GrpcClientProtocolClient (GrpcClientProtocolClient.java:onNext(254)) - client-253D2503C21A->6571ba41-d309-4d1d-a321-129a77bf1602: receive RaftClientReply:client-253D2503C21A->6571ba41-d309-4d1d-a321-129a77bf1602@group-6D4C5FD51127, cid=806, SUCCESS, logIndex=0, commits[6571ba41-d309-4d1d-a321-129a77bf1602:c1075, 75e8c5ea-f06a-43e1-af6e-1f7f9b0b2cc1:c1074, 1d8d2908-dfb4-4358-9c6e-64b435d6fccc:c1074]
 0.00% |█                                                                                                    |  0/1 Time: 0:00:072019-07-03 07:07:59,685 INFO  client.GrpcClientProtocolClient (GrpcClientProtocolClient.java:onNext(254)) - client-253D2503C21A->6571ba41-d309-4d1d-a321-129a77bf1602: receive RaftClientReply:client-253D2503C21A->6571ba41-d309-4d1d-a321-129a77bf1602@group-6D4C5FD51127, cid=807, SUCCESS, logIndex=1076, commits[6571ba41-d309-4d1d-a321-129a77bf1602:c1076, 75e8c5ea-f06a-43e1-af6e-1f7f9b0b2cc1:c1075, 1d8d2908-dfb4-4358-9c6e-64b435d6fccc:c1075]
2019-07-03 07:07:59,693 INFO  client.GrpcClientProtocolClient (GrpcClientProtocolClient.java:onNext(254)) - client-253D2503C21A->6571ba41-d309-4d1d-a321-129a77bf1602: receive RaftClientReply:client-253D2503C21A->6571ba41-d309-4d1d-a321-129a77bf1602@group-6D4C5FD51127, cid=808, SUCCESS, logIndex=1078, commits[6571ba41-d309-4d1d-a321-129a77bf1602:c1079, 75e8c5ea-f06a-43e1-af6e-1f7f9b0b2cc1:c1076, 1d8d2908-dfb4-4358-9c6e-64b435d6fccc:c1076]
2019-07-03 07:07:59,694 INFO  client.GrpcClientProtocolClient (GrpcClientProtocolClient.java:onNext(254)) - client-253D2503C21A->6571ba41-d309-4d1d-a321-129a77bf1602: receive RaftClientReply:client-253D2503C21A->6571ba41-d309-4d1d-a321-129a77bf1602@group-6D4C5FD51127, cid=809, SUCCESS, logIndex=1079, commits[6571ba41-d309-4d1d-a321-129a77bf1602:c1079, 75e8c5ea-f06a-43e1-af6e-1f7f9b0b2cc1:c1076, 1d8d2908-dfb4-4358-9c6e-64b435d6fccc:c1076]
2019-07-03 07:07:59,695 INFO  client.GrpcClientProtocolClient (GrpcClientProtocolClient.java:onNext(254)) - client-253D2503C21A->6571ba41-d309-4d1d-a321-129a77bf1602: receive RaftClientReply:client-253D2503C21A->6571ba41-d309-4d1d-a321-129a77bf1602@group-6D4C5FD51127, cid=810, SUCCESS, logIndex=1080, commits[6571ba41-d309-4d1d-a321-129a77bf1602:c1080, 75e8c5ea-f06a-43e1-af6e-1f7f9b0b2cc1:c1076, 1d8d2908-dfb4-4358-9c6e-64b435d6fccc:c1076]
2019-07-03 07:07:59,705 INFO  client.GrpcClientProtocolClient (GrpcClientProtocolClient.java:onNext(254)) - client-253D2503C21A->6571ba41-d309-4d1d-a321-129a77bf1602: receive RaftClientReply:client-253D2503C21A->6571ba41-d309-4d1d-a321-129a77bf1602@group-6D4C5FD51127, cid=811, SUCCESS, logIndex=0, commits[6571ba41-d309-4d1d-a321-129a77bf1602:c1081, 75e8c5ea-f06a-43e1-af6e-1f7f9b0b2cc1:c1078, 1d8d2908-dfb4-4358-9c6e-64b435d6fccc:c1078]
2019-07-03 07:07:59,729 INFO  client.GrpcClientProtocolClient (GrpcClientProtocolClient.java:onNext(254)) - client-253D2503C21A->6571ba41-d309-4d1d-a321-129a77bf1602: receive RaftClientReply:client-253D2503C21A->6571ba41-d309-4d1d-a321-129a77bf1602@group-6D4C5FD51127, cid=812, SUCCESS, logIndex=1084, commits[6571ba41-d309-4d1d-a321-129a77bf1602:c1084, 75e8c5ea-f06a-43e1-af6e-1f7f9b0b2cc1:c1083, 1d8d2908-dfb4-4358-9c6e-64b435d6fccc:c1083]
2019-07-03 07:07:59,742 INFO  client.GrpcClientProtocolClient (GrpcClientProtocolClient.java:onNext(254)) - client-253D2503C21A->6571ba41-d309-4d1d-a321-129a77bf1602: receive RaftClientReply:client-253D2503C21A->6571ba41-d309-4d1d-a321-129a77bf1602@group-6D4C5FD51127, cid=813, SUCCESS, logIndex=1086, commits[6571ba41-d309-4d1d-a321-129a77bf1602:c1086, 75e8c5ea-f06a-43e1-af6e-1f7f9b0b2cc1:c1084, 1d8d2908-dfb4-4358-9c6e-64b435d6fccc:c1084]
2019-07-03 07:07:59,767 INFO  client.GrpcClientProtocolClient (GrpcClientProtocolClient.java:onNext(254)) - client-253D2503C21A->6571ba41-d309-4d1d-a321-129a77bf1602: receive RaftClientReply:client-253D2503C21A->6571ba41-d309-4d1d-a321-129a77bf1602@group-6D4C5FD51127, cid=814, SUCCESS, logIndex=1088, commits[6571ba41-d309-4d1d-a321-129a77bf1602:c1088, 75e8c5ea-f06a-43e1-af6e-1f7f9b0b2cc1:c1086, 1d8d2908-dfb4-4358-9c6e-64b435d6fccc:c1086]
2019-07-03 07:07:59,783 INFO  client.GrpcClientProtocolClient (GrpcClientProtocolClient.java:onNext(254)) - client-253D2503C21A->6571ba41-d309-4d1d-a321-129a77bf1602: receive RaftClientReply:client-253D2503C21A->6571ba41-d309-4d1d-a321-129a77bf1602@group-6D4C5FD51127, cid=815, SUCCESS, logIndex=1090, commits[6571ba41-d309-4d1d-a321-129a77bf1602:c1090, 75e8c5ea-f06a-43e1-af6e-1f7f9b0b2cc1:c1088, 1d8d2908-dfb4-4358-9c6e-64b435d6fccc:c1088]
2019-07-03 07:07:59,795 INFO  client.GrpcClientProtocolClient (GrpcClientProtocolClient.java:onNext(254)) - client-253D2503C21A->6571ba41-d309-4d1d-a321-129a77bf1602: receive RaftClientReply:client-253D2503C21A->6571ba41-d309-4d1d-a321-129a77bf1602@group-6D4C5FD51127, cid=816, SUCCESS, logIndex=0, commits[6571ba41-d309-4d1d-a321-129a77bf1602:c1091, 75e8c5ea-f06a-43e1-af6e-1f7f9b0b2cc1:c1090, 1d8d2908-dfb4-4358-9c6e-64b435d6fccc:c1090]
2019-07-03 07:07:59,817 INFO  client.GrpcClientProtocolClient (GrpcClientProtocolClient.java:onNext(254)) - client-253D2503C21A->6571ba41-d309-4d1d-a321-129a77bf1602: receive RaftClientReply:client-253D2503C21A->6571ba41-d309-4d1d-a321-129a77bf1602@group-6D4C5FD51127, cid=817, SUCCESS, logIndex=1092, commits[6571ba41-d309-4d1d-a321-129a77bf1602:c1092, 75e8c5ea-f06a-43e1-af6e-1f7f9b0b2cc1:c1091, 1d8d2908-dfb4-4358-9c6e-64b435d6fccc:c1091]
2019-07-03 07:07:59,829 INFO  client.GrpcClientProtocolClient (GrpcClientProtocolClient.java:onNext(254)) - client-253D2503C21A->6571ba41-d309-4d1d-a321-129a77bf1602: receive RaftClientReply:client-253D2503C21A->6571ba41-d309-4d1d-a321-129a77bf1602@group-6D4C5FD51127, cid=818, SUCCESS, logIndex=1094, commits[6571ba41-d309-4d1d-a321-129a77bf1602:c1095, 75e8c5ea-f06a-43e1-af6e-1f7f9b0b2cc1:c1092, 1d8d2908-dfb4-4358-9c6e-64b435d6fccc:c1092]
2019-07-03 07:07:59,830 INFO  client.GrpcClientProtocolClient (GrpcClientProtocolClient.java:onNext(254)) - client-253D2503C21A->6571ba41-d309-4d1d-a321-129a77bf1602: receive RaftClientReply:client-253D2503C21A->6571ba41-d309-4d1d-a321-129a77bf1602@group-6D4C5FD51127, cid=819, SUCCESS, logIndex=1095, commits[6571ba41-d309-4d1d-a321-129a77bf1602:c1095, 75e8c5ea-f06a-43e1-af6e-1f7f9b0b2cc1:c1092, 1d8d2908-dfb4-4358-9c6e-64b435d6fccc:c1092]
2019-07-03 07:07:59,830 INFO  client.GrpcClientProtocolClient (GrpcClientProtocolClient.java:onNext(254)) - client-253D2503C21A->6571ba41-d309-4d1d-a321-129a77bf1602: receive RaftClientReply:client-253D2503C21A->6571ba41-d309-4d1d-a321-129a77bf1602@group-6D4C5FD51127, cid=820, SUCCESS, logIndex=1096, commits[6571ba41-d309-4d1d-a321-129a77bf1602:c1096, 75e8c5ea-f06a-43e1-af6e-1f7f9b0b2cc1:c1092, 1d8d2908-dfb4-4358-9c6e-64b435d6fccc:c1094]
2019-07-03 07:07:59,833 INFO  client.GrpcClientProtocolClient (GrpcClientProtocolClient.java:onNext(254)) - client-253D2503C21A->6571ba41-d309-4d1d-a321-129a77bf1602: receive RaftClientReply:client-253D2503C21A->6571ba41-d309-4d1d-a321-129a77bf1602@group-6D4C5FD51127, cid=821, SUCCESS, logIndex=0, commits[6571ba41-d309-4d1d-a321-129a77bf1602:c1097, 75e8c5ea-f06a-43e1-af6e-1f7f9b0b2cc1:c1094, 1d8d2908-dfb4-4358-9c6e-64b435d6fccc:c1094]
2019-07-03 07:07:59,846 INFO  client.GrpcClientProtocolClient (GrpcClientProtocolClient.java:onNext(254)) - client-253D2503C21A->6571ba41-d309-4d1d-a321-129a77bf1602: receive RaftClientReply:client-253D2503C21A->6571ba41-d309-4d1d-a321-129a77bf1602@group-6D4C5FD51127, cid=822, SUCCESS, logIndex=1100, commits[6571ba41-d309-4d1d-a321-129a77bf1602:c1100, 75e8c5ea-f06a-43e1-af6e-1f7f9b0b2cc1:c1097, 1d8d2908-dfb4-4358-9c6e-64b435d6fccc:c1096]
2019-07-03 07:07:59,860 INFO  client.GrpcClientProtocolClient (GrpcClientProtocolClient.java:onNext(254)) - client-253D2503C21A->6571ba41-d309-4d1d-a321-129a77bf1602: receive RaftClientReply:client-253D2503C21A->6571ba41-d309-4d1d-a321-129a77bf1602@group-6D4C5FD51127, cid=823, SUCCESS, logIndex=1102, commits[6571ba41-d309-4d1d-a321-129a77bf1602:c1102, 75e8c5ea-f06a-43e1-af6e-1f7f9b0b2cc1:c1100, 1d8d2908-dfb4-4358-9c6e-64b435d6fccc:c1100]
2019-07-03 07:07:59,873 INFO  client.GrpcClientProtocolClient (GrpcClientProtocolClient.java:onNext(254)) - client-253D2503C21A->6571ba41-d309-4d1d-a321-129a77bf1602: receive RaftClientReply:client-253D2503C21A->6571ba41-d309-4d1d-a321-129a77bf1602@group-6D4C5FD51127, cid=824, SUCCESS, logIndex=1104, commits[6571ba41-d309-4d1d-a321-129a77bf1602:c1104, 75e8c5ea-f06a-43e1-af6e-1f7f9b0b2cc1:c1102, 1d8d2908-dfb4-4358-9c6e-64b435d6fccc:c1102]
2019-07-03 07:07:59,873 INFO  storage.RaftLogWorker (RaftLogWorker.java:rollLogSegment(303)) - 6571ba41-d309-4d1d-a321-129a77bf1602-RaftLogWorker: Rolling segment log-1026_1105 to index:1105
2019-07-03 07:07:59,874 INFO  storage.RaftLogWorker (RaftLogWorker.java:execute(433)) - 6571ba41-d309-4d1d-a321-129a77bf1602-RaftLogWorker: Rolled log segment from /opt/src/hadoop-ozone/tools/target/test-dir/MiniOzoneClusterImpl-0519545d-318d-4c21-a2a0-688f18f8a31d/datanode-4/data/ratis/23ffc2a4-5526-4092-9dc4-6d4c5fd51127/current/log_inprogress_1026 to /opt/src/hadoop-ozone/tools/target/test-dir/MiniOzoneClusterImpl-0519545d-318d-4c21-a2a0-688f18f8a31d/datanode-4/data/ratis/23ffc2a4-5526-4092-9dc4-6d4c5fd51127/current/log_1026-1105
2019-07-03 07:07:59,874 INFO  storage.RaftLogWorker (RaftLogWorker.java:rollLogSegment(303)) - 75e8c5ea-f06a-43e1-af6e-1f7f9b0b2cc1-RaftLogWorker: Rolling segment log-1026_1105 to index:1105
2019-07-03 07:07:59,874 INFO  storage.RaftLogWorker (RaftLogWorker.java:rollLogSegment(303)) - 1d8d2908-dfb4-4358-9c6e-64b435d6fccc-RaftLogWorker: Rolling segment log-1026_1105 to index:1105
2019-07-03 07:07:59,875 INFO  storage.RaftLogWorker (RaftLogWorker.java:execute(433)) - 75e8c5ea-f06a-43e1-af6e-1f7f9b0b2cc1-RaftLogWorker: Rolled log segment from /opt/src/hadoop-ozone/tools/target/test-dir/MiniOzoneClusterImpl-0519545d-318d-4c21-a2a0-688f18f8a31d/datanode-1/data/ratis/23ffc2a4-5526-4092-9dc4-6d4c5fd51127/current/log_inprogress_1026 to /opt/src/hadoop-ozone/tools/target/test-dir/MiniOzoneClusterImpl-0519545d-318d-4c21-a2a0-688f18f8a31d/datanode-1/data/ratis/23ffc2a4-5526-4092-9dc4-6d4c5fd51127/current/log_1026-1105
2019-07-03 07:07:59,875 INFO  storage.RaftLogWorker (RaftLogWorker.java:execute(433)) - 1d8d2908-dfb4-4358-9c6e-64b435d6fccc-RaftLogWorker: Rolled log segment from /opt/src/hadoop-ozone/tools/target/test-dir/MiniOzoneClusterImpl-0519545d-318d-4c21-a2a0-688f18f8a31d/datanode-2/data/ratis/23ffc2a4-5526-4092-9dc4-6d4c5fd51127/current/log_inprogress_1026 to /opt/src/hadoop-ozone/tools/target/test-dir/MiniOzoneClusterImpl-0519545d-318d-4c21-a2a0-688f18f8a31d/datanode-2/data/ratis/23ffc2a4-5526-4092-9dc4-6d4c5fd51127/current/log_1026-1105
2019-07-03 07:07:59,909 INFO  storage.RaftLogWorker (RaftLogWorker.java:execute(469)) - 1d8d2908-dfb4-4358-9c6e-64b435d6fccc-RaftLogWorker: created new log segment /opt/src/hadoop-ozone/tools/target/test-dir/MiniOzoneClusterImpl-0519545d-318d-4c21-a2a0-688f18f8a31d/datanode-2/data/ratis/23ffc2a4-5526-4092-9dc4-6d4c5fd51127/current/log_inprogress_1106
2019-07-03 07:07:59,951 INFO  storage.RaftLogWorker (RaftLogWorker.java:execute(469)) - 75e8c5ea-f06a-43e1-af6e-1f7f9b0b2cc1-RaftLogWorker: created new log segment /opt/src/hadoop-ozone/tools/target/test-dir/MiniOzoneClusterImpl-0519545d-318d-4c21-a2a0-688f18f8a31d/datanode-1/data/ratis/23ffc2a4-5526-4092-9dc4-6d4c5fd51127/current/log_inprogress_1106
2019-07-03 07:07:59,951 INFO  storage.RaftLogWorker (RaftLogWorker.java:execute(469)) - 6571ba41-d309-4d1d-a321-129a77bf1602-RaftLogWorker: created new log segment /opt/src/hadoop-ozone/tools/target/test-dir/MiniOzoneClusterImpl-0519545d-318d-4c21-a2a0-688f18f8a31d/datanode-4/data/ratis/23ffc2a4-5526-4092-9dc4-6d4c5fd51127/current/log_inprogress_1106
2019-07-03 07:07:59,954 INFO  client.GrpcClientProtocolClient (GrpcClientProtocolClient.java:onNext(254)) - client-253D2503C21A->6571ba41-d309-4d1d-a321-129a77bf1602: receive RaftClientReply:client-253D2503C21A->6571ba41-d309-4d1d-a321-129a77bf1602@group-6D4C5FD51127, cid=825, SUCCESS, logIndex=1106, commits[6571ba41-d309-4d1d-a321-129a77bf1602:c1106, 75e8c5ea-f06a-43e1-af6e-1f7f9b0b2cc1:c1104, 1d8d2908-dfb4-4358-9c6e-64b435d6fccc:c1104]
2019-07-03 07:07:59,956 INFO  client.GrpcClientProtocolClient (GrpcClientProtocolClient.java:onNext(254)) - client-253D2503C21A->6571ba41-d309-4d1d-a321-129a77bf1602: receive RaftClientReply:client-253D2503C21A->6571ba41-d309-4d1d-a321-129a77bf1602@group-6D4C5FD51127, cid=826, SUCCESS, logIndex=0, commits[6571ba41-d309-4d1d-a321-129a77bf1602:c1107, 75e8c5ea-f06a-43e1-af6e-1f7f9b0b2cc1:c1106, 1d8d2908-dfb4-4358-9c6e-64b435d6fccc:c1106]
2019-07-03 07:07:59,979 INFO  client.GrpcClientProtocolClient (GrpcClientProtocolClient.java:onNext(254)) - client-253D2503C21A->6571ba41-d309-4d1d-a321-129a77bf1602: receive RaftClientReply:client-253D2503C21A->6571ba41-d309-4d1d-a321-129a77bf1602@group-6D4C5FD51127, cid=827, SUCCESS, logIndex=1108, commits[6571ba41-d309-4d1d-a321-129a77bf1602:c1108, 75e8c5ea-f06a-43e1-af6e-1f7f9b0b2cc1:c1107, 1d8d2908-dfb4-4358-9c6e-64b435d6fccc:c1107]
2019-07-03 07:07:59,991 INFO  client.GrpcClientProtocolClient (GrpcClientProtocolClient.java:onNext(254)) - client-253D2503C21A->6571ba41-d309-4d1d-a321-129a77bf1602: receive RaftClientReply:client-253D2503C21A->6571ba41-d309-4d1d-a321-129a77bf1602@group-6D4C5FD51127, cid=828, SUCCESS, logIndex=1110, commits[6571ba41-d309-4d1d-a321-129a77bf1602:c1111, 75e8c5ea-f06a-43e1-af6e-1f7f9b0b2cc1:c1108, 1d8d2908-dfb4-4358-9c6e-64b435d6fccc:c1108]
2019-07-03 07:07:59,992 INFO  client.GrpcClientProtocolClient (GrpcClientProtocolClient.java:onNext(254)) - client-253D2503C21A->6571ba41-d309-4d1d-a321-129a77bf1602: receive RaftClientReply:client-253D2503C21A->6571ba41-d309-4d1d-a321-129a77bf1602@group-6D4C5FD51127, cid=829, SUCCESS, logIndex=1111, commits[6571ba41-d309-4d1d-a321-129a77bf1602:c1111, 75e8c5ea-f06a-43e1-af6e-1f7f9b0b2cc1:c1108, 1d8d2908-dfb4-4358-9c6e-64b435d6fccc:c1108]
2019-07-03 07:07:59,992 INFO  client.GrpcClientProtocolClient (GrpcClientProtocolClient.java:onNext(254)) - client-253D2503C21A->6571ba41-d309-4d1d-a321-129a77bf1602: receive RaftClientReply:client-253D2503C21A->6571ba41-d309-4d1d-a321-129a77bf1602@group-6D4C5FD51127, cid=830, SUCCESS, logIndex=1112, commits[6571ba41-d309-4d1d-a321-129a77bf1602:c1113, 75e8c5ea-f06a-43e1-af6e-1f7f9b0b2cc1:c1108, 1d8d2908-dfb4-4358-9c6e-64b435d6fccc:c1110]
2019-07-03 07:07:59,994 INFO  client.GrpcClientProtocolClient (GrpcClientProtocolClient.java:onNext(254)) - client-253D2503C21A->6571ba41-d309-4d1d-a321-129a77bf1602: receive RaftClientReply:client-253D2503C21A->6571ba41-d309-4d1d-a321-129a77bf1602@group-6D4C5FD51127, cid=831, SUCCESS, logIndex=0, commits[6571ba41-d309-4d1d-a321-129a77bf1602:c1114, 75e8c5ea-f06a-43e1-af6e-1f7f9b0b2cc1:c1111, 1d8d2908-dfb4-4358-9c6e-64b435d6fccc:c1110]
2019-07-03 07:08:00,008 INFO  client.GrpcClientProtocolClient (GrpcClientProtocolClient.java:onNext(254)) - client-253D2503C21A->6571ba41-d309-4d1d-a321-129a77bf1602: receive RaftClientReply:client-253D2503C21A->6571ba41-d309-4d1d-a321-129a77bf1602@group-6D4C5FD51127, cid=832, SUCCESS, logIndex=1116, commits[6571ba41-d309-4d1d-a321-129a77bf1602:c1116, 75e8c5ea-f06a-43e1-af6e-1f7f9b0b2cc1:c1114, 1d8d2908-dfb4-4358-9c6e-64b435d6fccc:c1113]
2019-07-03 07:08:00,010 INFO  client.GrpcClientProtocolClient (GrpcClientProtocolClient.java:onNext(254)) - client-253D2503C21A->6571ba41-d309-4d1d-a321-129a77bf1602: receive RaftClientReply:client-253D2503C21A->6571ba41-d309-4d1d-a321-129a77bf1602@group-6D4C5FD51127, cid=833, SUCCESS, logIndex=1118, commits[6571ba41-d309-4d1d-a321-129a77bf1602:c1118, 75e8c5ea-f06a-43e1-af6e-1f7f9b0b2cc1:c1116, 1d8d2908-dfb4-4358-9c6e-64b435d6fccc:c1116]
2019-07-03 07:08:00,023 INFO  client.GrpcClientProtocolClient (GrpcClientProtocolClient.java:onNext(254)) - client-253D2503C21A->6571ba41-d309-4d1d-a321-129a77bf1602: receive RaftClientReply:client-253D2503C21A->6571ba41-d309-4d1d-a321-129a77bf1602@group-6D4C5FD51127, cid=834, SUCCESS, logIndex=1120, commits[6571ba41-d309-4d1d-a321-129a77bf1602:c1120, 75e8c5ea-f06a-43e1-af6e-1f7f9b0b2cc1:c1118, 1d8d2908-dfb4-4358-9c6e-64b435d6fccc:c1118]
2019-07-03 07:08:00,038 INFO  client.GrpcClientProtocolClient (GrpcClientProtocolClient.java:onNext(254)) - client-253D2503C21A->6571ba41-d309-4d1d-a321-129a77bf1602: receive RaftClientReply:client-253D2503C21A->6571ba41-d309-4d1d-a321-129a77bf1602@group-6D4C5FD51127, cid=835, SUCCESS, logIndex=1122, commits[6571ba41-d309-4d1d-a321-129a77bf1602:c1122, 75e8c5ea-f06a-43e1-af6e-1f7f9b0b2cc1:c1120, 1d8d2908-dfb4-4358-9c6e-64b435d6fccc:c1120]
2019-07-03 07:08:00,039 INFO  client.GrpcClientProtocolClient (GrpcClientProtocolClient.java:onNext(254)) - client-253D2503C21A->6571ba41-d309-4d1d-a321-129a77bf1602: receive RaftClientReply:client-253D2503C21A->6571ba41-d309-4d1d-a321-129a77bf1602@group-6D4C5FD51127, cid=836, SUCCESS, logIndex=0, commits[6571ba41-d309-4d1d-a321-129a77bf1602:c1123, 75e8c5ea-f06a-43e1-af6e-1f7f9b0b2cc1:c1122, 1d8d2908-dfb4-4358-9c6e-64b435d6fccc:c1122]
2019-07-03 07:08:00,060 INFO  client.GrpcClientProtocolClient (GrpcClientProtocolClient.java:onNext(254)) - client-253D2503C21A->6571ba41-d309-4d1d-a321-129a77bf1602: receive RaftClientReply:client-253D2503C21A->6571ba41-d309-4d1d-a321-129a77bf1602@group-6D4C5FD51127, cid=837, SUCCESS, logIndex=1124, commits[6571ba41-d309-4d1d-a321-129a77bf1602:c1124, 75e8c5ea-f06a-43e1-af6e-1f7f9b0b2cc1:c1123, 1d8d2908-dfb4-4358-9c6e-64b435d6fccc:c1123]
2019-07-03 07:08:00,072 INFO  client.GrpcClientProtocolClient (GrpcClientProtocolClient.java:onNext(254)) - client-253D2503C21A->6571ba41-d309-4d1d-a321-129a77bf1602: receive RaftClientReply:client-253D2503C21A->6571ba41-d309-4d1d-a321-129a77bf1602@group-6D4C5FD51127, cid=838, SUCCESS, logIndex=1126, commits[6571ba41-d309-4d1d-a321-129a77bf1602:c1127, 75e8c5ea-f06a-43e1-af6e-1f7f9b0b2cc1:c1124, 1d8d2908-dfb4-4358-9c6e-64b435d6fccc:c1124]
2019-07-03 07:08:00,072 INFO  client.GrpcClientProtocolClient (GrpcClientProtocolClient.java:onNext(254)) - client-253D2503C21A->6571ba41-d309-4d1d-a321-129a77bf1602: receive RaftClientReply:client-253D2503C21A->6571ba41-d309-4d1d-a321-129a77bf1602@group-6D4C5FD51127, cid=839, SUCCESS, logIndex=1127, commits[6571ba41-d309-4d1d-a321-129a77bf1602:c1127, 75e8c5ea-f06a-43e1-af6e-1f7f9b0b2cc1:c1124, 1d8d2908-dfb4-4358-9c6e-64b435d6fccc:c1124]
2019-07-03 07:08:00,073 INFO  client.GrpcClientProtocolClient (GrpcClientProtocolClient.java:onNext(254)) - client-253D2503C21A->6571ba41-d309-4d1d-a321-129a77bf1602: receive RaftClientReply:client-253D2503C21A->6571ba41-d309-4d1d-a321-129a77bf1602@group-6D4C5FD51127, cid=840, SUCCESS, logIndex=1128, commits[6571ba41-d309-4d1d-a321-129a77bf1602:c1128, 75e8c5ea-f06a-43e1-af6e-1f7f9b0b2cc1:c1124, 1d8d2908-dfb4-4358-9c6e-64b435d6fccc:c1124]
2019-07-03 07:08:00,084 INFO  client.GrpcClientProtocolClient (GrpcClientProtocolClient.java:onNext(254)) - client-253D2503C21A->6571ba41-d309-4d1d-a321-129a77bf1602: receive RaftClientReply:client-253D2503C21A->6571ba41-d309-4d1d-a321-129a77bf1602@group-6D4C5FD51127, cid=841, SUCCESS, logIndex=0, commits[6571ba41-d309-4d1d-a321-129a77bf1602:c1130, 75e8c5ea-f06a-43e1-af6e-1f7f9b0b2cc1:c1126, 1d8d2908-dfb4-4358-9c6e-64b435d6fccc:c1127]
2019-07-03 07:08:00,105 INFO  client.GrpcClientProtocolClient (GrpcClientProtocolClient.java:onNext(254)) - client-253D2503C21A->6571ba41-d309-4d1d-a321-129a77bf1602: receive RaftClientReply:client-253D2503C21A->6571ba41-d309-4d1d-a321-129a77bf1602@group-6D4C5FD51127, cid=842, SUCCESS, logIndex=1132, commits[6571ba41-d309-4d1d-a321-129a77bf1602:c1132, 75e8c5ea-f06a-43e1-af6e-1f7f9b0b2cc1:c1131, 1d8d2908-dfb4-4358-9c6e-64b435d6fccc:c1131]
2019-07-03 07:08:00,118 INFO  client.GrpcClientProtocolClient (GrpcClientProtocolClient.java:onNext(254)) - client-253D2503C21A->6571ba41-d309-4d1d-a321-129a77bf1602: receive RaftClientReply:client-253D2503C21A->6571ba41-d309-4d1d-a321-129a77bf1602@group-6D4C5FD51127, cid=843, SUCCESS, logIndex=1134, commits[6571ba41-d309-4d1d-a321-129a77bf1602:c1134, 75e8c5ea-f06a-43e1-af6e-1f7f9b0b2cc1:c1132, 1d8d2908-dfb4-4358-9c6e-64b435d6fccc:c1132]
2019-07-03 07:08:00,140 INFO  client.GrpcClientProtocolClient (GrpcClientProtocolClient.java:onNext(254)) - client-253D2503C21A->6571ba41-d309-4d1d-a321-129a77bf1602: receive RaftClientReply:client-253D2503C21A->6571ba41-d309-4d1d-a321-129a77bf1602@group-6D4C5FD51127, cid=844, SUCCESS, logIndex=1136, commits[6571ba41-d309-4d1d-a321-129a77bf1602:c1136, 75e8c5ea-f06a-43e1-af6e-1f7f9b0b2cc1:c1135, 1d8d2908-dfb4-4358-9c6e-64b435d6fccc:c1135]
2019-07-03 07:08:00,156 INFO  client.GrpcClientProtocolClient (GrpcClientProtocolClient.java:onNext(254)) - client-253D2503C21A->6571ba41-d309-4d1d-a321-129a77bf1602: receive RaftClientReply:client-253D2503C21A->6571ba41-d309-4d1d-a321-129a77bf1602@group-6D4C5FD51127, cid=845, SUCCESS, logIndex=1138, commits[6571ba41-d309-4d1d-a321-129a77bf1602:c1138, 75e8c5ea-f06a-43e1-af6e-1f7f9b0b2cc1:c1136, 1d8d2908-dfb4-4358-9c6e-64b435d6fccc:c1136]
2019-07-03 07:08:00,159 INFO  client.GrpcClientProtocolClient (GrpcClientProtocolClient.java:onNext(254)) - client-253D2503C21A->6571ba41-d309-4d1d-a321-129a77bf1602: receive RaftClientReply:client-253D2503C21A->6571ba41-d309-4d1d-a321-129a77bf1602@group-6D4C5FD51127, cid=846, SUCCESS, logIndex=0, commits[6571ba41-d309-4d1d-a321-129a77bf1602:c1139, 75e8c5ea-f06a-43e1-af6e-1f7f9b0b2cc1:c1138, 1d8d2908-dfb4-4358-9c6e-64b435d6fccc:c1138]
2019-07-03 07:08:00,182 INFO  client.GrpcClientProtocolClient (GrpcClientProtocolClient.java:onNext(254)) - client-253D2503C21A->6571ba41-d309-4d1d-a321-129a77bf1602: receive RaftClientReply:client-253D2503C21A->6571ba41-d309-4d1d-a321-129a77bf1602@group-6D4C5FD51127, cid=847, SUCCESS, logIndex=1140, commits[6571ba41-d309-4d1d-a321-129a77bf1602:c1140, 75e8c5ea-f06a-43e1-af6e-1f7f9b0b2cc1:c1139, 1d8d2908-dfb4-4358-9c6e-64b435d6fccc:c1139]
2019-07-03 07:08:00,194 INFO  client.GrpcClientProtocolClient (GrpcClientProtocolClient.java:onNext(254)) - client-253D2503C21A->6571ba41-d309-4d1d-a321-129a77bf1602: receive RaftClientReply:client-253D2503C21A->6571ba41-d309-4d1d-a321-129a77bf1602@group-6D4C5FD51127, cid=848, SUCCESS, logIndex=1142, commits[6571ba41-d309-4d1d-a321-129a77bf1602:c1143, 75e8c5ea-f06a-43e1-af6e-1f7f9b0b2cc1:c1140, 1d8d2908-dfb4-4358-9c6e-64b435d6fccc:c1140]
2019-07-03 07:08:00,195 INFO  client.GrpcClientProtocolClient (GrpcClientProtocolClient.java:onNext(254)) - client-253D2503C21A->6571ba41-d309-4d1d-a321-129a77bf1602: receive RaftClientReply:client-253D2503C21A->6571ba41-d309-4d1d-a321-129a77bf1602@group-6D4C5FD51127, cid=849, SUCCESS, logIndex=1143, commits[6571ba41-d309-4d1d-a321-129a77bf1602:c1144, 75e8c5ea-f06a-43e1-af6e-1f7f9b0b2cc1:c1140, 1d8d2908-dfb4-4358-9c6e-64b435d6fccc:c1140]
2019-07-03 07:08:00,195 INFO  client.GrpcClientProtocolClient (GrpcClientProtocolClient.java:onNext(254)) - client-253D2503C21A->6571ba41-d309-4d1d-a321-129a77bf1602: receive RaftClientReply:client-253D2503C21A->6571ba41-d309-4d1d-a321-129a77bf1602@group-6D4C5FD51127, cid=850, SUCCESS, logIndex=1144, commits[6571ba41-d309-4d1d-a321-129a77bf1602:c1144, 75e8c5ea-f06a-43e1-af6e-1f7f9b0b2cc1:c1140, 1d8d2908-dfb4-4358-9c6e-64b435d6fccc:c1140]
2019-07-03 07:08:00,196 INFO  client.GrpcClientProtocolClient (GrpcClientProtocolClient.java:onNext(254)) - client-253D2503C21A->6571ba41-d309-4d1d-a321-129a77bf1602: receive RaftClientReply:client-253D2503C21A->6571ba41-d309-4d1d-a321-129a77bf1602@group-6D4C5FD51127, cid=851, SUCCESS, logIndex=0, commits[6571ba41-d309-4d1d-a321-129a77bf1602:c1145, 75e8c5ea-f06a-43e1-af6e-1f7f9b0b2cc1:c1143, 1d8d2908-dfb4-4358-9c6e-64b435d6fccc:c1143]
2019-07-03 07:08:00,210 INFO  client.GrpcClientProtocolClient (GrpcClientProtocolClient.java:onNext(254)) - client-253D2503C21A->6571ba41-d309-4d1d-a321-129a77bf1602: receive RaftClientReply:client-253D2503C21A->6571ba41-d309-4d1d-a321-129a77bf1602@group-6D4C5FD51127, cid=852, SUCCESS, logIndex=1148, commits[6571ba41-d309-4d1d-a321-129a77bf1602:c1148, 75e8c5ea-f06a-43e1-af6e-1f7f9b0b2cc1:c1147, 1d8d2908-dfb4-4358-9c6e-64b435d6fccc:c1144]
2019-07-03 07:08:00,225 INFO  client.GrpcClientProtocolClient (GrpcClientProtocolClient.java:onNext(254)) - client-253D2503C21A->6571ba41-d309-4d1d-a321-129a77bf1602: receive RaftClientReply:client-253D2503C21A->6571ba41-d309-4d1d-a321-129a77bf1602@group-6D4C5FD51127, cid=853, SUCCESS, logIndex=1150, commits[6571ba41-d309-4d1d-a321-129a77bf1602:c1150, 75e8c5ea-f06a-43e1-af6e-1f7f9b0b2cc1:c1148, 1d8d2908-dfb4-4358-9c6e-64b435d6fccc:c1148]
2019-07-03 07:08:00,240 INFO  client.GrpcClientProtocolClient (GrpcClientProtocolClient.java:onNext(254)) - client-253D2503C21A->6571ba41-d309-4d1d-a321-129a77bf1602: receive RaftClientReply:client-253D2503C21A->6571ba41-d309-4d1d-a321-129a77bf1602@group-6D4C5FD51127, cid=854, SUCCESS, logIndex=1152, commits[6571ba41-d309-4d1d-a321-129a77bf1602:c1152, 75e8c5ea-f06a-43e1-af6e-1f7f9b0b2cc1:c1150, 1d8d2908-dfb4-4358-9c6e-64b435d6fccc:c1150]
2019-07-03 07:08:00,260 INFO  client.GrpcClientProtocolClient (GrpcClientProtocolClient.java:onNext(254)) - client-253D2503C21A->6571ba41-d309-4d1d-a321-129a77bf1602: receive RaftClientReply:client-253D2503C21A->6571ba41-d309-4d1d-a321-129a77bf1602@group-6D4C5FD51127, cid=855, SUCCESS, logIndex=1154, commits[6571ba41-d309-4d1d-a321-129a77bf1602:c1154, 75e8c5ea-f06a-43e1-af6e-1f7f9b0b2cc1:c1152, 1d8d2908-dfb4-4358-9c6e-64b435d6fccc:c1152]
2019-07-03 07:08:00,272 INFO  client.GrpcClientProtocolClient (GrpcClientProtocolClient.java:onNext(254)) - client-253D2503C21A->6571ba41-d309-4d1d-a321-129a77bf1602: receive RaftClientReply:client-253D2503C21A->6571ba41-d309-4d1d-a321-129a77bf1602@group-6D4C5FD51127, cid=856, SUCCESS, logIndex=0, commits[6571ba41-d309-4d1d-a321-129a77bf1602:c1154, 75e8c5ea-f06a-43e1-af6e-1f7f9b0b2cc1:c1154, 1d8d2908-dfb4-4358-9c6e-64b435d6fccc:c1154]
2019-07-03 07:08:00,293 INFO  client.GrpcClientProtocolClient (GrpcClientProtocolClient.java:onNext(254)) - client-253D2503C21A->6571ba41-d309-4d1d-a321-129a77bf1602: receive RaftClientReply:client-253D2503C21A->6571ba41-d309-4d1d-a321-129a77bf1602@group-6D4C5FD51127, cid=857, SUCCESS, logIndex=1156, commits[6571ba41-d309-4d1d-a321-129a77bf1602:c1156, 75e8c5ea-f06a-43e1-af6e-1f7f9b0b2cc1:c1155, 1d8d2908-dfb4-4358-9c6e-64b435d6fccc:c1155]
2019-07-03 07:08:00,306 INFO  client.GrpcClientProtocolClient (GrpcClientProtocolClient.java:onNext(254)) - client-253D2503C21A->6571ba41-d309-4d1d-a321-129a77bf1602: receive RaftClientReply:client-253D2503C21A->6571ba41-d309-4d1d-a321-129a77bf1602@group-6D4C5FD51127, cid=858, SUCCESS, logIndex=1158, commits[6571ba41-d309-4d1d-a321-129a77bf1602:c1159, 75e8c5ea-f06a-43e1-af6e-1f7f9b0b2cc1:c1156, 1d8d2908-dfb4-4358-9c6e-64b435d6fccc:c1156]
2019-07-03 07:08:00,306 INFO  client.GrpcClientProtocolClient (GrpcClientProtocolClient.java:onNext(254)) - client-253D2503C21A->6571ba41-d309-4d1d-a321-129a77bf1602: receive RaftClientReply:client-253D2503C21A->6571ba41-d309-4d1d-a321-129a77bf1602@group-6D4C5FD51127, cid=859, SUCCESS, logIndex=1159, commits[6571ba41-d309-4d1d-a321-129a77bf1602:c1160, 75e8c5ea-f06a-43e1-af6e-1f7f9b0b2cc1:c1156, 1d8d2908-dfb4-4358-9c6e-64b435d6fccc:c1156]
2019-07-03 07:08:00,306 INFO  client.GrpcClientProtocolClient (GrpcClientProtocolClient.java:onNext(254)) - client-253D2503C21A->6571ba41-d309-4d1d-a321-129a77bf1602: receive RaftClientReply:client-253D2503C21A->6571ba41-d309-4d1d-a321-129a77bf1602@group-6D4C5FD51127, cid=860, SUCCESS, logIndex=1160, commits[6571ba41-d309-4d1d-a321-129a77bf1602:c1160, 75e8c5ea-f06a-43e1-af6e-1f7f9b0b2cc1:c1156, 1d8d2908-dfb4-4358-9c6e-64b435d6fccc:c1156]
2019-07-03 07:08:00,318 INFO  client.GrpcClientProtocolClient (GrpcClientProtocolClient.java:onNext(254)) - client-253D2503C21A->6571ba41-d309-4d1d-a321-129a77bf1602: receive RaftClientReply:client-253D2503C21A->6571ba41-d309-4d1d-a321-129a77bf1602@group-6D4C5FD51127, cid=861, SUCCESS, logIndex=0, commits[6571ba41-d309-4d1d-a321-129a77bf1602:c1162, 75e8c5ea-f06a-43e1-af6e-1f7f9b0b2cc1:c1158, 1d8d2908-dfb4-4358-9c6e-64b435d6fccc:c1159]
2019-07-03 07:08:00,341 INFO  client.GrpcClientProtocolClient (GrpcClientProtocolClient.java:onNext(254)) - client-253D2503C21A->6571ba41-d309-4d1d-a321-129a77bf1602: receive RaftClientReply:client-253D2503C21A->6571ba41-d309-4d1d-a321-129a77bf1602@group-6D4C5FD51127, cid=862, SUCCESS, logIndex=1164, commits[6571ba41-d309-4d1d-a321-129a77bf1602:c1164, 75e8c5ea-f06a-43e1-af6e-1f7f9b0b2cc1:c1163, 1d8d2908-dfb4-4358-9c6e-64b435d6fccc:c1163]
2019-07-03 07:08:00,355 INFO  client.GrpcClientProtocolClient (GrpcClientProtocolClient.java:onNext(254)) - client-253D2503C21A->6571ba41-d309-4d1d-a321-129a77bf1602: receive RaftClientReply:client-253D2503C21A->6571ba41-d309-4d1d-a321-129a77bf1602@group-6D4C5FD51127, cid=863, SUCCESS, logIndex=1166, commits[6571ba41-d309-4d1d-a321-129a77bf1602:c1166, 75e8c5ea-f06a-43e1-af6e-1f7f9b0b2cc1:c1164, 1d8d2908-dfb4-4358-9c6e-64b435d6fccc:c1164]
2019-07-03 07:08:00,369 INFO  client.GrpcClientProtocolClient (GrpcClientProtocolClient.java:onNext(254)) - client-253D2503C21A->6571ba41-d309-4d1d-a321-129a77bf1602: receive RaftClientReply:client-253D2503C21A->6571ba41-d309-4d1d-a321-129a77bf1602@group-6D4C5FD51127, cid=864, SUCCESS, logIndex=1168, commits[6571ba41-d309-4d1d-a321-129a77bf1602:c1168, 75e8c5ea-f06a-43e1-af6e-1f7f9b0b2cc1:c1166, 1d8d2908-dfb4-4358-9c6e-64b435d6fccc:c1166]
2019-07-03 07:08:00,384 INFO  client.GrpcClientProtocolClient (GrpcClientProtocolClient.java:onNext(254)) - client-253D2503C21A->6571ba41-d309-4d1d-a321-129a77bf1602: receive RaftClientReply:client-253D2503C21A->6571ba41-d309-4d1d-a321-129a77bf1602@group-6D4C5FD51127, cid=865, SUCCESS, logIndex=1170, commits[6571ba41-d309-4d1d-a321-129a77bf1602:c1170, 75e8c5ea-f06a-43e1-af6e-1f7f9b0b2cc1:c1168, 1d8d2908-dfb4-4358-9c6e-64b435d6fccc:c1168]
2019-07-03 07:08:00,395 INFO  client.GrpcClientProtocolClient (GrpcClientProtocolClient.java:onNext(254)) - client-253D2503C21A->6571ba41-d309-4d1d-a321-129a77bf1602: receive RaftClientReply:client-253D2503C21A->6571ba41-d309-4d1d-a321-129a77bf1602@group-6D4C5FD51127, cid=866, SUCCESS, logIndex=0, commits[6571ba41-d309-4d1d-a321-129a77bf1602:c1171, 75e8c5ea-f06a-43e1-af6e-1f7f9b0b2cc1:c1170, 1d8d2908-dfb4-4358-9c6e-64b435d6fccc:c1170]
2019-07-03 07:08:00,416 INFO  client.GrpcClientProtocolClient (GrpcClientProtocolClient.java:onNext(254)) - client-253D2503C21A->6571ba41-d309-4d1d-a321-129a77bf1602: receive RaftClientReply:client-253D2503C21A->6571ba41-d309-4d1d-a321-129a77bf1602@group-6D4C5FD51127, cid=867, SUCCESS, logIndex=1172, commits[6571ba41-d309-4d1d-a321-129a77bf1602:c1172, 75e8c5ea-f06a-43e1-af6e-1f7f9b0b2cc1:c1171, 1d8d2908-dfb4-4358-9c6e-64b435d6fccc:c1171]
2019-07-03 07:08:00,442 INFO  client.GrpcClientProtocolClient (GrpcClientProtocolClient.java:onNext(254)) - client-253D2503C21A->6571ba41-d309-4d1d-a321-129a77bf1602: receive RaftClientReply:client-253D2503C21A->6571ba41-d309-4d1d-a321-129a77bf1602@group-6D4C5FD51127, cid=868, SUCCESS, logIndex=1174, commits[6571ba41-d309-4d1d-a321-129a77bf1602:c1175, 75e8c5ea-f06a-43e1-af6e-1f7f9b0b2cc1:c1172, 1d8d2908-dfb4-4358-9c6e-64b435d6fccc:c1172]
2019-07-03 07:08:00,442 INFO  client.GrpcClientProtocolClient (GrpcClientProtocolClient.java:onNext(254)) - client-253D2503C21A->6571ba41-d309-4d1d-a321-129a77bf1602: receive RaftClientReply:client-253D2503C21A->6571ba41-d309-4d1d-a321-129a77bf1602@group-6D4C5FD51127, cid=869, SUCCESS, logIndex=1175, commits[6571ba41-d309-4d1d-a321-129a77bf1602:c1176, 75e8c5ea-f06a-43e1-af6e-1f7f9b0b2cc1:c1172, 1d8d2908-dfb4-4358-9c6e-64b435d6fccc:c1172]
2019-07-03 07:08:00,443 INFO  client.GrpcClientProtocolClient (GrpcClientProtocolClient.java:onNext(254)) - client-253D2503C21A->6571ba41-d309-4d1d-a321-129a77bf1602: receive RaftClientReply:client-253D2503C21A->6571ba41-d309-4d1d-a321-129a77bf1602@group-6D4C5FD51127, cid=870, SUCCESS, logIndex=1176, commits[6571ba41-d309-4d1d-a321-129a77bf1602:c1176, 75e8c5ea-f06a-43e1-af6e-1f7f9b0b2cc1:c1172, 1d8d2908-dfb4-4358-9c6e-64b435d6fccc:c1172]
2019-07-03 07:08:00,444 INFO  client.GrpcClientProtocolClient (GrpcClientProtocolClient.java:onNext(254)) - client-253D2503C21A->6571ba41-d309-4d1d-a321-129a77bf1602: receive RaftClientReply:client-253D2503C21A->6571ba41-d309-4d1d-a321-129a77bf1602@group-6D4C5FD51127, cid=871, SUCCESS, logIndex=0, commits[6571ba41-d309-4d1d-a321-129a77bf1602:c1177, 75e8c5ea-f06a-43e1-af6e-1f7f9b0b2cc1:c1175, 1d8d2908-dfb4-4358-9c6e-64b435d6fccc:c1174]
2019-07-03 07:08:00,465 INFO  client.GrpcClientProtocolClient (GrpcClientProtocolClient.java:onNext(254)) - client-253D2503C21A->6571ba41-d309-4d1d-a321-129a77bf1602: receive RaftClientReply:client-253D2503C21A->6571ba41-d309-4d1d-a321-129a77bf1602@group-6D4C5FD51127, cid=872, SUCCESS, logIndex=1180, commits[6571ba41-d309-4d1d-a321-129a77bf1602:c1180, 75e8c5ea-f06a-43e1-af6e-1f7f9b0b2cc1:c1179, 1d8d2908-dfb4-4358-9c6e-64b435d6fccc:c1179]
2019-07-03 07:08:00,480 INFO  client.GrpcClientProtocolClient (GrpcClientProtocolClient.java:onNext(254)) - client-253D2503C21A->6571ba41-d309-4d1d-a321-129a77bf1602: receive RaftClientReply:client-253D2503C21A->6571ba41-d309-4d1d-a321-129a77bf1602@group-6D4C5FD51127, cid=873, SUCCESS, logIndex=1182, commits[6571ba41-d309-4d1d-a321-129a77bf1602:c1182, 75e8c5ea-f06a-43e1-af6e-1f7f9b0b2cc1:c1180, 1d8d2908-dfb4-4358-9c6e-64b435d6fccc:c1180]
2019-07-03 07:08:00,493 INFO  storage.RaftLogWorker (RaftLogWorker.java:rollLogSegment(303)) - 6571ba41-d309-4d1d-a321-129a77bf1602-RaftLogWorker: Rolling segment log-1106_1185 to index:1185
2019-07-03 07:08:00,493 INFO  client.GrpcClientProtocolClient (GrpcClientProtocolClient.java:onNext(254)) - client-253D2503C21A->6571ba41-d309-4d1d-a321-129a77bf1602: receive RaftClientReply:client-253D2503C21A->6571ba41-d309-4d1d-a321-129a77bf1602@group-6D4C5FD51127, cid=874, SUCCESS, logIndex=1184, commits[6571ba41-d309-4d1d-a321-129a77bf1602:c1184, 75e8c5ea-f06a-43e1-af6e-1f7f9b0b2cc1:c1182, 1d8d2908-dfb4-4358-9c6e-64b435d6fccc:c1182]
2019-07-03 07:08:00,494 INFO  storage.RaftLogWorker (RaftLogWorker.java:rollLogSegment(303)) - 1d8d2908-dfb4-4358-9c6e-64b435d6fccc-RaftLogWorker: Rolling segment log-1106_1185 to index:1185
2019-07-03 07:08:00,494 INFO  storage.RaftLogWorker (RaftLogWorker.java:rollLogSegment(303)) - 75e8c5ea-f06a-43e1-af6e-1f7f9b0b2cc1-RaftLogWorker: Rolling segment log-1106_1185 to index:1185
2019-07-03 07:08:00,504 INFO  storage.RaftLogWorker (RaftLogWorker.java:execute(433)) - 6571ba41-d309-4d1d-a321-129a77bf1602-RaftLogWorker: Rolled log segment from /opt/src/hadoop-ozone/tools/target/test-dir/MiniOzoneClusterImpl-0519545d-318d-4c21-a2a0-688f18f8a31d/datanode-4/data/ratis/23ffc2a4-5526-4092-9dc4-6d4c5fd51127/current/log_inprogress_1106 to /opt/src/hadoop-ozone/tools/target/test-dir/MiniOzoneClusterImpl-0519545d-318d-4c21-a2a0-688f18f8a31d/datanode-4/data/ratis/23ffc2a4-5526-4092-9dc4-6d4c5fd51127/current/log_1106-1185
2019-07-03 07:08:00,504 INFO  storage.RaftLogWorker (RaftLogWorker.java:execute(433)) - 75e8c5ea-f06a-43e1-af6e-1f7f9b0b2cc1-RaftLogWorker: Rolled log segment from /opt/src/hadoop-ozone/tools/target/test-dir/MiniOzoneClusterImpl-0519545d-318d-4c21-a2a0-688f18f8a31d/datanode-1/data/ratis/23ffc2a4-5526-4092-9dc4-6d4c5fd51127/current/log_inprogress_1106 to /opt/src/hadoop-ozone/tools/target/test-dir/MiniOzoneClusterImpl-0519545d-318d-4c21-a2a0-688f18f8a31d/datanode-1/data/ratis/23ffc2a4-5526-4092-9dc4-6d4c5fd51127/current/log_1106-1185
2019-07-03 07:08:00,505 INFO  storage.RaftLogWorker (RaftLogWorker.java:execute(433)) - 1d8d2908-dfb4-4358-9c6e-64b435d6fccc-RaftLogWorker: Rolled log segment from /opt/src/hadoop-ozone/tools/target/test-dir/MiniOzoneClusterImpl-0519545d-318d-4c21-a2a0-688f18f8a31d/datanode-2/data/ratis/23ffc2a4-5526-4092-9dc4-6d4c5fd51127/current/log_inprogress_1106 to /opt/src/hadoop-ozone/tools/target/test-dir/MiniOzoneClusterImpl-0519545d-318d-4c21-a2a0-688f18f8a31d/datanode-2/data/ratis/23ffc2a4-5526-4092-9dc4-6d4c5fd51127/current/log_1106-1185
2019-07-03 07:08:00,543 INFO  storage.RaftLogWorker (RaftLogWorker.java:execute(469)) - 75e8c5ea-f06a-43e1-af6e-1f7f9b0b2cc1-RaftLogWorker: created new log segment /opt/src/hadoop-ozone/tools/target/test-dir/MiniOzoneClusterImpl-0519545d-318d-4c21-a2a0-688f18f8a31d/datanode-1/data/ratis/23ffc2a4-5526-4092-9dc4-6d4c5fd51127/current/log_inprogress_1186
2019-07-03 07:08:00,543 INFO  storage.RaftLogWorker (RaftLogWorker.java:execute(469)) - 6571ba41-d309-4d1d-a321-129a77bf1602-RaftLogWorker: created new log segment /opt/src/hadoop-ozone/tools/target/test-dir/MiniOzoneClusterImpl-0519545d-318d-4c21-a2a0-688f18f8a31d/datanode-4/data/ratis/23ffc2a4-5526-4092-9dc4-6d4c5fd51127/current/log_inprogress_1186
2019-07-03 07:08:00,543 INFO  storage.RaftLogWorker (RaftLogWorker.java:execute(469)) - 1d8d2908-dfb4-4358-9c6e-64b435d6fccc-RaftLogWorker: created new log segment /opt/src/hadoop-ozone/tools/target/test-dir/MiniOzoneClusterImpl-0519545d-318d-4c21-a2a0-688f18f8a31d/datanode-2/data/ratis/23ffc2a4-5526-4092-9dc4-6d4c5fd51127/current/log_inprogress_1186
2019-07-03 07:08:00,557 INFO  client.GrpcClientProtocolClient (GrpcClientProtocolClient.java:onNext(254)) - client-253D2503C21A->6571ba41-d309-4d1d-a321-129a77bf1602: receive RaftClientReply:client-253D2503C21A->6571ba41-d309-4d1d-a321-129a77bf1602@group-6D4C5FD51127, cid=875, SUCCESS, logIndex=1186, commits[6571ba41-d309-4d1d-a321-129a77bf1602:c1186, 75e8c5ea-f06a-43e1-af6e-1f7f9b0b2cc1:c1184, 1d8d2908-dfb4-4358-9c6e-64b435d6fccc:c1184]
2019-07-03 07:08:00,568 INFO  client.GrpcClientProtocolClient (GrpcClientProtocolClient.java:onNext(254)) - client-253D2503C21A->6571ba41-d309-4d1d-a321-129a77bf1602: receive RaftClientReply:client-253D2503C21A->6571ba41-d309-4d1d-a321-129a77bf1602@group-6D4C5FD51127, cid=876, SUCCESS, logIndex=0, commits[6571ba41-d309-4d1d-a321-129a77bf1602:c1187, 75e8c5ea-f06a-43e1-af6e-1f7f9b0b2cc1:c1186, 1d8d2908-dfb4-4358-9c6e-64b435d6fccc:c1186]
 0.00% |█                                                                                                    |  0/1 Time: 0:00:082019-07-03 07:08:00,732 INFO  client.GrpcClientProtocolClient (GrpcClientProtocolClient.java:onNext(254)) - client-253D2503C21A->6571ba41-d309-4d1d-a321-129a77bf1602: receive RaftClientReply:client-253D2503C21A->6571ba41-d309-4d1d-a321-129a77bf1602@group-6D4C5FD51127, cid=877, SUCCESS, logIndex=1188, commits[6571ba41-d309-4d1d-a321-129a77bf1602:c1188, 75e8c5ea-f06a-43e1-af6e-1f7f9b0b2cc1:c1187, 1d8d2908-dfb4-4358-9c6e-64b435d6fccc:c1187]
2019-07-03 07:08:00,745 INFO  client.GrpcClientProtocolClient (GrpcClientProtocolClient.java:onNext(254)) - client-253D2503C21A->6571ba41-d309-4d1d-a321-129a77bf1602: receive RaftClientReply:client-253D2503C21A->6571ba41-d309-4d1d-a321-129a77bf1602@group-6D4C5FD51127, cid=878, SUCCESS, logIndex=1190, commits[6571ba41-d309-4d1d-a321-129a77bf1602:c1191, 75e8c5ea-f06a-43e1-af6e-1f7f9b0b2cc1:c1188, 1d8d2908-dfb4-4358-9c6e-64b435d6fccc:c1188]
2019-07-03 07:08:00,746 INFO  client.GrpcClientProtocolClient (GrpcClientProtocolClient.java:onNext(254)) - client-253D2503C21A->6571ba41-d309-4d1d-a321-129a77bf1602: receive RaftClientReply:client-253D2503C21A->6571ba41-d309-4d1d-a321-129a77bf1602@group-6D4C5FD51127, cid=879, SUCCESS, logIndex=1191, commits[6571ba41-d309-4d1d-a321-129a77bf1602:c1191, 75e8c5ea-f06a-43e1-af6e-1f7f9b0b2cc1:c1188, 1d8d2908-dfb4-4358-9c6e-64b435d6fccc:c1188]
2019-07-03 07:08:00,757 INFO  client.GrpcClientProtocolClient (GrpcClientProtocolClient.java:onNext(254)) - client-253D2503C21A->6571ba41-d309-4d1d-a321-129a77bf1602: receive RaftClientReply:client-253D2503C21A->6571ba41-d309-4d1d-a321-129a77bf1602@group-6D4C5FD51127, cid=880, SUCCESS, logIndex=1192, commits[6571ba41-d309-4d1d-a321-129a77bf1602:c1193, 75e8c5ea-f06a-43e1-af6e-1f7f9b0b2cc1:c1191, 1d8d2908-dfb4-4358-9c6e-64b435d6fccc:c1188]
2019-07-03 07:08:00,758 INFO  client.GrpcClientProtocolClient (GrpcClientProtocolClient.java:onNext(254)) - client-253D2503C21A->6571ba41-d309-4d1d-a321-129a77bf1602: receive RaftClientReply:client-253D2503C21A->6571ba41-d309-4d1d-a321-129a77bf1602@group-6D4C5FD51127, cid=881, SUCCESS, logIndex=0, commits[6571ba41-d309-4d1d-a321-129a77bf1602:c1194, 75e8c5ea-f06a-43e1-af6e-1f7f9b0b2cc1:c1191, 1d8d2908-dfb4-4358-9c6e-64b435d6fccc:c1191]
2019-07-03 07:08:00,784 INFO  client.GrpcClientProtocolClient (GrpcClientProtocolClient.java:onNext(254)) - client-253D2503C21A->6571ba41-d309-4d1d-a321-129a77bf1602: receive RaftClientReply:client-253D2503C21A->6571ba41-d309-4d1d-a321-129a77bf1602@group-6D4C5FD51127, cid=882, SUCCESS, logIndex=1196, commits[6571ba41-d309-4d1d-a321-129a77bf1602:c1196, 75e8c5ea-f06a-43e1-af6e-1f7f9b0b2cc1:c1194, 1d8d2908-dfb4-4358-9c6e-64b435d6fccc:c1194]
2019-07-03 07:08:00,799 INFO  client.GrpcClientProtocolClient (GrpcClientProtocolClient.java:onNext(254)) - client-253D2503C21A->6571ba41-d309-4d1d-a321-129a77bf1602: receive RaftClientReply:client-253D2503C21A->6571ba41-d309-4d1d-a321-129a77bf1602@group-6D4C5FD51127, cid=883, SUCCESS, logIndex=1198, commits[6571ba41-d309-4d1d-a321-129a77bf1602:c1198, 75e8c5ea-f06a-43e1-af6e-1f7f9b0b2cc1:c1196, 1d8d2908-dfb4-4358-9c6e-64b435d6fccc:c1196]
2019-07-03 07:08:00,824 INFO  client.GrpcClientProtocolClient (GrpcClientProtocolClient.java:onNext(254)) - client-253D2503C21A->6571ba41-d309-4d1d-a321-129a77bf1602: receive RaftClientReply:client-253D2503C21A->6571ba41-d309-4d1d-a321-129a77bf1602@group-6D4C5FD51127, cid=884, SUCCESS, logIndex=1200, commits[6571ba41-d309-4d1d-a321-129a77bf1602:c1200, 75e8c5ea-f06a-43e1-af6e-1f7f9b0b2cc1:c1198, 1d8d2908-dfb4-4358-9c6e-64b435d6fccc:c1198]
2019-07-03 07:08:00,837 INFO  client.GrpcClientProtocolClient (GrpcClientProtocolClient.java:onNext(254)) - client-253D2503C21A->6571ba41-d309-4d1d-a321-129a77bf1602: receive RaftClientReply:client-253D2503C21A->6571ba41-d309-4d1d-a321-129a77bf1602@group-6D4C5FD51127, cid=885, SUCCESS, logIndex=1202, commits[6571ba41-d309-4d1d-a321-129a77bf1602:c1202, 75e8c5ea-f06a-43e1-af6e-1f7f9b0b2cc1:c1200, 1d8d2908-dfb4-4358-9c6e-64b435d6fccc:c1200]
2019-07-03 07:08:00,839 INFO  client.GrpcClientProtocolClient (GrpcClientProtocolClient.java:onNext(254)) - client-253D2503C21A->6571ba41-d309-4d1d-a321-129a77bf1602: receive RaftClientReply:client-253D2503C21A->6571ba41-d309-4d1d-a321-129a77bf1602@group-6D4C5FD51127, cid=886, SUCCESS, logIndex=0, commits[6571ba41-d309-4d1d-a321-129a77bf1602:c1203, 75e8c5ea-f06a-43e1-af6e-1f7f9b0b2cc1:c1202, 1d8d2908-dfb4-4358-9c6e-64b435d6fccc:c1202]
2019-07-03 07:08:00,863 INFO  client.GrpcClientProtocolClient (GrpcClientProtocolClient.java:onNext(254)) - client-253D2503C21A->6571ba41-d309-4d1d-a321-129a77bf1602: receive RaftClientReply:client-253D2503C21A->6571ba41-d309-4d1d-a321-129a77bf1602@group-6D4C5FD51127, cid=887, SUCCESS, logIndex=1204, commits[6571ba41-d309-4d1d-a321-129a77bf1602:c1204, 75e8c5ea-f06a-43e1-af6e-1f7f9b0b2cc1:c1203, 1d8d2908-dfb4-4358-9c6e-64b435d6fccc:c1203]
2019-07-03 07:08:00,875 INFO  client.GrpcClientProtocolClient (GrpcClientProtocolClient.java:onNext(254)) - client-253D2503C21A->6571ba41-d309-4d1d-a321-129a77bf1602: receive RaftClientReply:client-253D2503C21A->6571ba41-d309-4d1d-a321-129a77bf1602@group-6D4C5FD51127, cid=888, SUCCESS, logIndex=1206, commits[6571ba41-d309-4d1d-a321-129a77bf1602:c1207, 75e8c5ea-f06a-43e1-af6e-1f7f9b0b2cc1:c1204, 1d8d2908-dfb4-4358-9c6e-64b435d6fccc:c1204]
2019-07-03 07:08:00,876 INFO  client.GrpcClientProtocolClient (GrpcClientProtocolClient.java:onNext(254)) - client-253D2503C21A->6571ba41-d309-4d1d-a321-129a77bf1602: receive RaftClientReply:client-253D2503C21A->6571ba41-d309-4d1d-a321-129a77bf1602@group-6D4C5FD51127, cid=889, SUCCESS, logIndex=1207, commits[6571ba41-d309-4d1d-a321-129a77bf1602:c1207, 75e8c5ea-f06a-43e1-af6e-1f7f9b0b2cc1:c1204, 1d8d2908-dfb4-4358-9c6e-64b435d6fccc:c1204]
2019-07-03 07:08:00,876 INFO  client.GrpcClientProtocolClient (GrpcClientProtocolClient.java:onNext(254)) - client-253D2503C21A->6571ba41-d309-4d1d-a321-129a77bf1602: receive RaftClientReply:client-253D2503C21A->6571ba41-d309-4d1d-a321-129a77bf1602@group-6D4C5FD51127, cid=890, SUCCESS, logIndex=1208, commits[6571ba41-d309-4d1d-a321-129a77bf1602:c1208, 75e8c5ea-f06a-43e1-af6e-1f7f9b0b2cc1:c1204, 1d8d2908-dfb4-4358-9c6e-64b435d6fccc:c1204]
2019-07-03 07:08:00,889 INFO  client.GrpcClientProtocolClient (GrpcClientProtocolClient.java:onNext(254)) - client-253D2503C21A->6571ba41-d309-4d1d-a321-129a77bf1602: receive RaftClientReply:client-253D2503C21A->6571ba41-d309-4d1d-a321-129a77bf1602@group-6D4C5FD51127, cid=891, SUCCESS, logIndex=0, commits[6571ba41-d309-4d1d-a321-129a77bf1602:c1210, 75e8c5ea-f06a-43e1-af6e-1f7f9b0b2cc1:c1206, 1d8d2908-dfb4-4358-9c6e-64b435d6fccc:c1207]
2019-07-03 07:08:00,911 INFO  client.GrpcClientProtocolClient (GrpcClientProtocolClient.java:onNext(254)) - client-253D2503C21A->6571ba41-d309-4d1d-a321-129a77bf1602: receive RaftClientReply:client-253D2503C21A->6571ba41-d309-4d1d-a321-129a77bf1602@group-6D4C5FD51127, cid=892, SUCCESS, logIndex=1212, commits[6571ba41-d309-4d1d-a321-129a77bf1602:c1212, 75e8c5ea-f06a-43e1-af6e-1f7f9b0b2cc1:c1211, 1d8d2908-dfb4-4358-9c6e-64b435d6fccc:c1211]
2019-07-03 07:08:00,917 INFO  client.GrpcClientProtocolClient (GrpcClientProtocolClient.java:onNext(254)) - client-253D2503C21A->6571ba41-d309-4d1d-a321-129a77bf1602: receive RaftClientReply:client-253D2503C21A->6571ba41-d309-4d1d-a321-129a77bf1602@group-6D4C5FD51127, cid=893, SUCCESS, logIndex=1214, commits[6571ba41-d309-4d1d-a321-129a77bf1602:c1214, 75e8c5ea-f06a-43e1-af6e-1f7f9b0b2cc1:c1212, 1d8d2908-dfb4-4358-9c6e-64b435d6fccc:c1212]
2019-07-03 07:08:00,930 INFO  client.GrpcClientProtocolClient (GrpcClientProtocolClient.java:onNext(254)) - client-253D2503C21A->6571ba41-d309-4d1d-a321-129a77bf1602: receive RaftClientReply:client-253D2503C21A->6571ba41-d309-4d1d-a321-129a77bf1602@group-6D4C5FD51127, cid=894, SUCCESS, logIndex=1216, commits[6571ba41-d309-4d1d-a321-129a77bf1602:c1216, 75e8c5ea-f06a-43e1-af6e-1f7f9b0b2cc1:c1215, 1d8d2908-dfb4-4358-9c6e-64b435d6fccc:c1215]
2019-07-03 07:08:00,935 INFO  client.GrpcClientProtocolClient (GrpcClientProtocolClient.java:onNext(254)) - client-253D2503C21A->6571ba41-d309-4d1d-a321-129a77bf1602: receive RaftClientReply:client-253D2503C21A->6571ba41-d309-4d1d-a321-129a77bf1602@group-6D4C5FD51127, cid=895, SUCCESS, logIndex=1218, commits[6571ba41-d309-4d1d-a321-129a77bf1602:c1218, 75e8c5ea-f06a-43e1-af6e-1f7f9b0b2cc1:c1216, 1d8d2908-dfb4-4358-9c6e-64b435d6fccc:c1216]
2019-07-03 07:08:00,937 INFO  client.GrpcClientProtocolClient (GrpcClientProtocolClient.java:onNext(254)) - client-253D2503C21A->6571ba41-d309-4d1d-a321-129a77bf1602: receive RaftClientReply:client-253D2503C21A->6571ba41-d309-4d1d-a321-129a77bf1602@group-6D4C5FD51127, cid=896, SUCCESS, logIndex=0, commits[6571ba41-d309-4d1d-a321-129a77bf1602:c1219, 75e8c5ea-f06a-43e1-af6e-1f7f9b0b2cc1:c1218, 1d8d2908-dfb4-4358-9c6e-64b435d6fccc:c1218]
2019-07-03 07:08:00,953 INFO  client.GrpcClientProtocolClient (GrpcClientProtocolClient.java:onNext(254)) - client-253D2503C21A->6571ba41-d309-4d1d-a321-129a77bf1602: receive RaftClientReply:client-253D2503C21A->6571ba41-d309-4d1d-a321-129a77bf1602@group-6D4C5FD51127, cid=897, SUCCESS, logIndex=1220, commits[6571ba41-d309-4d1d-a321-129a77bf1602:c1220, 75e8c5ea-f06a-43e1-af6e-1f7f9b0b2cc1:c1219, 1d8d2908-dfb4-4358-9c6e-64b435d6fccc:c1219]
2019-07-03 07:08:00,956 INFO  client.GrpcClientProtocolClient (GrpcClientProtocolClient.java:onNext(254)) - client-253D2503C21A->6571ba41-d309-4d1d-a321-129a77bf1602: receive RaftClientReply:client-253D2503C21A->6571ba41-d309-4d1d-a321-129a77bf1602@group-6D4C5FD51127, cid=898, SUCCESS, logIndex=1222, commits[6571ba41-d309-4d1d-a321-129a77bf1602:c1222, 75e8c5ea-f06a-43e1-af6e-1f7f9b0b2cc1:c1220, 1d8d2908-dfb4-4358-9c6e-64b435d6fccc:c1220]
2019-07-03 07:08:00,959 INFO  client.GrpcClientProtocolClient (GrpcClientProtocolClient.java:onNext(254)) - client-253D2503C21A->6571ba41-d309-4d1d-a321-129a77bf1602: receive RaftClientReply:client-253D2503C21A->6571ba41-d309-4d1d-a321-129a77bf1602@group-6D4C5FD51127, cid=899, SUCCESS, logIndex=1223, commits[6571ba41-d309-4d1d-a321-129a77bf1602:c1224, 75e8c5ea-f06a-43e1-af6e-1f7f9b0b2cc1:c1220, 1d8d2908-dfb4-4358-9c6e-64b435d6fccc:c1220]
2019-07-03 07:08:00,960 INFO  client.GrpcClientProtocolClient (GrpcClientProtocolClient.java:onNext(254)) - client-253D2503C21A->6571ba41-d309-4d1d-a321-129a77bf1602: receive RaftClientReply:client-253D2503C21A->6571ba41-d309-4d1d-a321-129a77bf1602@group-6D4C5FD51127, cid=900, SUCCESS, logIndex=1224, commits[6571ba41-d309-4d1d-a321-129a77bf1602:c1224, 75e8c5ea-f06a-43e1-af6e-1f7f9b0b2cc1:c1220, 1d8d2908-dfb4-4358-9c6e-64b435d6fccc:c1220]
2019-07-03 07:08:00,979 INFO  client.GrpcClientProtocolClient (GrpcClientProtocolClient.java:onNext(254)) - client-253D2503C21A->6571ba41-d309-4d1d-a321-129a77bf1602: receive RaftClientReply:client-253D2503C21A->6571ba41-d309-4d1d-a321-129a77bf1602@group-6D4C5FD51127, cid=901, SUCCESS, logIndex=0, commits[6571ba41-d309-4d1d-a321-129a77bf1602:c1225, 75e8c5ea-f06a-43e1-af6e-1f7f9b0b2cc1:c1222, 1d8d2908-dfb4-4358-9c6e-64b435d6fccc:c1222]
2019-07-03 07:08:00,993 INFO  client.GrpcClientProtocolClient (GrpcClientProtocolClient.java:onNext(254)) - client-253D2503C21A->6571ba41-d309-4d1d-a321-129a77bf1602: receive RaftClientReply:client-253D2503C21A->6571ba41-d309-4d1d-a321-129a77bf1602@group-6D4C5FD51127, cid=902, SUCCESS, logIndex=1227, commits[6571ba41-d309-4d1d-a321-129a77bf1602:c1227, 75e8c5ea-f06a-43e1-af6e-1f7f9b0b2cc1:c1226, 1d8d2908-dfb4-4358-9c6e-64b435d6fccc:c1226]
2019-07-03 07:08:01,008 INFO  client.GrpcClientProtocolClient (GrpcClientProtocolClient.java:onNext(254)) - client-253D2503C21A->6571ba41-d309-4d1d-a321-129a77bf1602: receive RaftClientReply:client-253D2503C21A->6571ba41-d309-4d1d-a321-129a77bf1602@group-6D4C5FD51127, cid=903, SUCCESS, logIndex=1229, commits[6571ba41-d309-4d1d-a321-129a77bf1602:c1229, 75e8c5ea-f06a-43e1-af6e-1f7f9b0b2cc1:c1227, 1d8d2908-dfb4-4358-9c6e-64b435d6fccc:c1227]
2019-07-03 07:08:01,021 INFO  client.GrpcClientProtocolClient (GrpcClientProtocolClient.java:onNext(254)) - client-253D2503C21A->6571ba41-d309-4d1d-a321-129a77bf1602: receive RaftClientReply:client-253D2503C21A->6571ba41-d309-4d1d-a321-129a77bf1602@group-6D4C5FD51127, cid=904, SUCCESS, logIndex=1231, commits[6571ba41-d309-4d1d-a321-129a77bf1602:c1231, 75e8c5ea-f06a-43e1-af6e-1f7f9b0b2cc1:c1229, 1d8d2908-dfb4-4358-9c6e-64b435d6fccc:c1229]
2019-07-03 07:08:01,025 INFO  client.GrpcClientProtocolClient (GrpcClientProtocolClient.java:onNext(254)) - client-253D2503C21A->6571ba41-d309-4d1d-a321-129a77bf1602: receive RaftClientReply:client-253D2503C21A->6571ba41-d309-4d1d-a321-129a77bf1602@group-6D4C5FD51127, cid=905, SUCCESS, logIndex=1233, commits[6571ba41-d309-4d1d-a321-129a77bf1602:c1233, 75e8c5ea-f06a-43e1-af6e-1f7f9b0b2cc1:c1231, 1d8d2908-dfb4-4358-9c6e-64b435d6fccc:c1231]
2019-07-03 07:08:01,036 INFO  client.GrpcClientProtocolClient (GrpcClientProtocolClient.java:onNext(254)) - client-253D2503C21A->6571ba41-d309-4d1d-a321-129a77bf1602: receive RaftClientReply:client-253D2503C21A->6571ba41-d309-4d1d-a321-129a77bf1602@group-6D4C5FD51127, cid=906, SUCCESS, logIndex=0, commits[6571ba41-d309-4d1d-a321-129a77bf1602:c1234, 75e8c5ea-f06a-43e1-af6e-1f7f9b0b2cc1:c1233, 1d8d2908-dfb4-4358-9c6e-64b435d6fccc:c1233]
2019-07-03 07:08:01,056 INFO  client.GrpcClientProtocolClient (GrpcClientProtocolClient.java:onNext(254)) - client-253D2503C21A->6571ba41-d309-4d1d-a321-129a77bf1602: receive RaftClientReply:client-253D2503C21A->6571ba41-d309-4d1d-a321-129a77bf1602@group-6D4C5FD51127, cid=907, SUCCESS, logIndex=1235, commits[6571ba41-d309-4d1d-a321-129a77bf1602:c1235, 75e8c5ea-f06a-43e1-af6e-1f7f9b0b2cc1:c1234, 1d8d2908-dfb4-4358-9c6e-64b435d6fccc:c1234]
2019-07-03 07:08:01,068 INFO  client.GrpcClientProtocolClient (GrpcClientProtocolClient.java:onNext(254)) - client-253D2503C21A->6571ba41-d309-4d1d-a321-129a77bf1602: receive RaftClientReply:client-253D2503C21A->6571ba41-d309-4d1d-a321-129a77bf1602@group-6D4C5FD51127, cid=908, SUCCESS, logIndex=1237, commits[6571ba41-d309-4d1d-a321-129a77bf1602:c1238, 75e8c5ea-f06a-43e1-af6e-1f7f9b0b2cc1:c1235, 1d8d2908-dfb4-4358-9c6e-64b435d6fccc:c1235]
2019-07-03 07:08:01,068 INFO  client.GrpcClientProtocolClient (GrpcClientProtocolClient.java:onNext(254)) - client-253D2503C21A->6571ba41-d309-4d1d-a321-129a77bf1602: receive RaftClientReply:client-253D2503C21A->6571ba41-d309-4d1d-a321-129a77bf1602@group-6D4C5FD51127, cid=909, SUCCESS, logIndex=1238, commits[6571ba41-d309-4d1d-a321-129a77bf1602:c1238, 75e8c5ea-f06a-43e1-af6e-1f7f9b0b2cc1:c1235, 1d8d2908-dfb4-4358-9c6e-64b435d6fccc:c1235]
2019-07-03 07:08:01,069 INFO  client.GrpcClientProtocolClient (GrpcClientProtocolClient.java:onNext(254)) - client-253D2503C21A->6571ba41-d309-4d1d-a321-129a77bf1602: receive RaftClientReply:client-253D2503C21A->6571ba41-d309-4d1d-a321-129a77bf1602@group-6D4C5FD51127, cid=910, SUCCESS, logIndex=1239, commits[6571ba41-d309-4d1d-a321-129a77bf1602:c1239, 75e8c5ea-f06a-43e1-af6e-1f7f9b0b2cc1:c1237, 1d8d2908-dfb4-4358-9c6e-64b435d6fccc:c1235]
2019-07-03 07:08:01,071 INFO  client.GrpcClientProtocolClient (GrpcClientProtocolClient.java:onNext(254)) - client-253D2503C21A->6571ba41-d309-4d1d-a321-129a77bf1602: receive RaftClientReply:client-253D2503C21A->6571ba41-d309-4d1d-a321-129a77bf1602@group-6D4C5FD51127, cid=911, SUCCESS, logIndex=0, commits[6571ba41-d309-4d1d-a321-129a77bf1602:c1240, 75e8c5ea-f06a-43e1-af6e-1f7f9b0b2cc1:c1237, 1d8d2908-dfb4-4358-9c6e-64b435d6fccc:c1237]
2019-07-03 07:08:01,084 INFO  client.GrpcClientProtocolClient (GrpcClientProtocolClient.java:onNext(254)) - client-253D2503C21A->6571ba41-d309-4d1d-a321-129a77bf1602: receive RaftClientReply:client-253D2503C21A->6571ba41-d309-4d1d-a321-129a77bf1602@group-6D4C5FD51127, cid=912, SUCCESS, logIndex=1243, commits[6571ba41-d309-4d1d-a321-129a77bf1602:c1243, 75e8c5ea-f06a-43e1-af6e-1f7f9b0b2cc1:c1240, 1d8d2908-dfb4-4358-9c6e-64b435d6fccc:c1240]
2019-07-03 07:08:01,100 INFO  client.GrpcClientProtocolClient (GrpcClientProtocolClient.java:onNext(254)) - client-253D2503C21A->6571ba41-d309-4d1d-a321-129a77bf1602: receive RaftClientReply:client-253D2503C21A->6571ba41-d309-4d1d-a321-129a77bf1602@group-6D4C5FD51127, cid=913, SUCCESS, logIndex=1245, commits[6571ba41-d309-4d1d-a321-129a77bf1602:c1245, 75e8c5ea-f06a-43e1-af6e-1f7f9b0b2cc1:c1243, 1d8d2908-dfb4-4358-9c6e-64b435d6fccc:c1243]
2019-07-03 07:08:01,115 INFO  client.GrpcClientProtocolClient (GrpcClientProtocolClient.java:onNext(254)) - client-253D2503C21A->6571ba41-d309-4d1d-a321-129a77bf1602: receive RaftClientReply:client-253D2503C21A->6571ba41-d309-4d1d-a321-129a77bf1602@group-6D4C5FD51127, cid=914, SUCCESS, logIndex=1247, commits[6571ba41-d309-4d1d-a321-129a77bf1602:c1247, 75e8c5ea-f06a-43e1-af6e-1f7f9b0b2cc1:c1245, 1d8d2908-dfb4-4358-9c6e-64b435d6fccc:c1245]
2019-07-03 07:08:01,128 INFO  client.GrpcClientProtocolClient (GrpcClientProtocolClient.java:onNext(254)) - client-253D2503C21A->6571ba41-d309-4d1d-a321-129a77bf1602: receive RaftClientReply:client-253D2503C21A->6571ba41-d309-4d1d-a321-129a77bf1602@group-6D4C5FD51127, cid=915, SUCCESS, logIndex=1249, commits[6571ba41-d309-4d1d-a321-129a77bf1602:c1249, 75e8c5ea-f06a-43e1-af6e-1f7f9b0b2cc1:c1247, 1d8d2908-dfb4-4358-9c6e-64b435d6fccc:c1247]
2019-07-03 07:08:01,129 INFO  client.GrpcClientProtocolClient (GrpcClientProtocolClient.java:onNext(254)) - client-253D2503C21A->6571ba41-d309-4d1d-a321-129a77bf1602: receive RaftClientReply:client-253D2503C21A->6571ba41-d309-4d1d-a321-129a77bf1602@group-6D4C5FD51127, cid=916, SUCCESS, logIndex=0, commits[6571ba41-d309-4d1d-a321-129a77bf1602:c1250, 75e8c5ea-f06a-43e1-af6e-1f7f9b0b2cc1:c1249, 1d8d2908-dfb4-4358-9c6e-64b435d6fccc:c1249]
2019-07-03 07:08:01,150 INFO  client.GrpcClientProtocolClient (GrpcClientProtocolClient.java:onNext(254)) - client-253D2503C21A->6571ba41-d309-4d1d-a321-129a77bf1602: receive RaftClientReply:client-253D2503C21A->6571ba41-d309-4d1d-a321-129a77bf1602@group-6D4C5FD51127, cid=917, SUCCESS, logIndex=1251, commits[6571ba41-d309-4d1d-a321-129a77bf1602:c1251, 75e8c5ea-f06a-43e1-af6e-1f7f9b0b2cc1:c1250, 1d8d2908-dfb4-4358-9c6e-64b435d6fccc:c1250]
2019-07-03 07:08:01,165 INFO  client.GrpcClientProtocolClient (GrpcClientProtocolClient.java:onNext(254)) - client-253D2503C21A->6571ba41-d309-4d1d-a321-129a77bf1602: receive RaftClientReply:client-253D2503C21A->6571ba41-d309-4d1d-a321-129a77bf1602@group-6D4C5FD51127, cid=918, SUCCESS, logIndex=1253, commits[6571ba41-d309-4d1d-a321-129a77bf1602:c1253, 75e8c5ea-f06a-43e1-af6e-1f7f9b0b2cc1:c1251, 1d8d2908-dfb4-4358-9c6e-64b435d6fccc:c1251]
2019-07-03 07:08:01,166 INFO  client.GrpcClientProtocolClient (GrpcClientProtocolClient.java:onNext(254)) - client-253D2503C21A->6571ba41-d309-4d1d-a321-129a77bf1602: receive RaftClientReply:client-253D2503C21A->6571ba41-d309-4d1d-a321-129a77bf1602@group-6D4C5FD51127, cid=919, SUCCESS, logIndex=1254, commits[6571ba41-d309-4d1d-a321-129a77bf1602:c1255, 75e8c5ea-f06a-43e1-af6e-1f7f9b0b2cc1:c1251, 1d8d2908-dfb4-4358-9c6e-64b435d6fccc:c1251]
2019-07-03 07:08:01,166 INFO  client.GrpcClientProtocolClient (GrpcClientProtocolClient.java:onNext(254)) - client-253D2503C21A->6571ba41-d309-4d1d-a321-129a77bf1602: receive RaftClientReply:client-253D2503C21A->6571ba41-d309-4d1d-a321-129a77bf1602@group-6D4C5FD51127, cid=920, SUCCESS, logIndex=1255, commits[6571ba41-d309-4d1d-a321-129a77bf1602:c1255, 75e8c5ea-f06a-43e1-af6e-1f7f9b0b2cc1:c1251, 1d8d2908-dfb4-4358-9c6e-64b435d6fccc:c1251]
2019-07-03 07:08:01,168 INFO  client.GrpcClientProtocolClient (GrpcClientProtocolClient.java:onNext(254)) - client-253D2503C21A->6571ba41-d309-4d1d-a321-129a77bf1602: receive RaftClientReply:client-253D2503C21A->6571ba41-d309-4d1d-a321-129a77bf1602@group-6D4C5FD51127, cid=921, SUCCESS, logIndex=0, commits[6571ba41-d309-4d1d-a321-129a77bf1602:c1257, 75e8c5ea-f06a-43e1-af6e-1f7f9b0b2cc1:c1254, 1d8d2908-dfb4-4358-9c6e-64b435d6fccc:c1254]
2019-07-03 07:08:01,182 INFO  client.GrpcClientProtocolClient (GrpcClientProtocolClient.java:onNext(254)) - client-253D2503C21A->6571ba41-d309-4d1d-a321-129a77bf1602: receive RaftClientReply:client-253D2503C21A->6571ba41-d309-4d1d-a321-129a77bf1602@group-6D4C5FD51127, cid=922, SUCCESS, logIndex=1259, commits[6571ba41-d309-4d1d-a321-129a77bf1602:c1259, 75e8c5ea-f06a-43e1-af6e-1f7f9b0b2cc1:c1255, 1d8d2908-dfb4-4358-9c6e-64b435d6fccc:c1258]
2019-07-03 07:08:01,186 INFO  client.GrpcClientProtocolClient (GrpcClientProtocolClient.java:onNext(254)) - client-253D2503C21A->6571ba41-d309-4d1d-a321-129a77bf1602: receive RaftClientReply:client-253D2503C21A->6571ba41-d309-4d1d-a321-129a77bf1602@group-6D4C5FD51127, cid=923, SUCCESS, logIndex=1261, commits[6571ba41-d309-4d1d-a321-129a77bf1602:c1261, 75e8c5ea-f06a-43e1-af6e-1f7f9b0b2cc1:c1259, 1d8d2908-dfb4-4358-9c6e-64b435d6fccc:c1259]
2019-07-03 07:08:01,200 INFO  client.GrpcClientProtocolClient (GrpcClientProtocolClient.java:onNext(254)) - client-253D2503C21A->6571ba41-d309-4d1d-a321-129a77bf1602: receive RaftClientReply:client-253D2503C21A->6571ba41-d309-4d1d-a321-129a77bf1602@group-6D4C5FD51127, cid=924, SUCCESS, logIndex=1263, commits[6571ba41-d309-4d1d-a321-129a77bf1602:c1263, 75e8c5ea-f06a-43e1-af6e-1f7f9b0b2cc1:c1261, 1d8d2908-dfb4-4358-9c6e-64b435d6fccc:c1262]
2019-07-03 07:08:01,200 INFO  storage.RaftLogWorker (RaftLogWorker.java:rollLogSegment(303)) - 6571ba41-d309-4d1d-a321-129a77bf1602-RaftLogWorker: Rolling segment log-1186_1264 to index:1264
2019-07-03 07:08:01,201 INFO  storage.RaftLogWorker (RaftLogWorker.java:execute(433)) - 6571ba41-d309-4d1d-a321-129a77bf1602-RaftLogWorker: Rolled log segment from /opt/src/hadoop-ozone/tools/target/test-dir/MiniOzoneClusterImpl-0519545d-318d-4c21-a2a0-688f18f8a31d/datanode-4/data/ratis/23ffc2a4-5526-4092-9dc4-6d4c5fd51127/current/log_inprogress_1186 to /opt/src/hadoop-ozone/tools/target/test-dir/MiniOzoneClusterImpl-0519545d-318d-4c21-a2a0-688f18f8a31d/datanode-4/data/ratis/23ffc2a4-5526-4092-9dc4-6d4c5fd51127/current/log_1186-1264
2019-07-03 07:08:01,201 INFO  storage.RaftLogWorker (RaftLogWorker.java:rollLogSegment(303)) - 1d8d2908-dfb4-4358-9c6e-64b435d6fccc-RaftLogWorker: Rolling segment log-1186_1264 to index:1264
2019-07-03 07:08:01,201 INFO  storage.RaftLogWorker (RaftLogWorker.java:rollLogSegment(303)) - 75e8c5ea-f06a-43e1-af6e-1f7f9b0b2cc1-RaftLogWorker: Rolling segment log-1186_1264 to index:1264
2019-07-03 07:08:01,202 INFO  storage.RaftLogWorker (RaftLogWorker.java:execute(433)) - 75e8c5ea-f06a-43e1-af6e-1f7f9b0b2cc1-RaftLogWorker: Rolled log segment from /opt/src/hadoop-ozone/tools/target/test-dir/MiniOzoneClusterImpl-0519545d-318d-4c21-a2a0-688f18f8a31d/datanode-1/data/ratis/23ffc2a4-5526-4092-9dc4-6d4c5fd51127/current/log_inprogress_1186 to /opt/src/hadoop-ozone/tools/target/test-dir/MiniOzoneClusterImpl-0519545d-318d-4c21-a2a0-688f18f8a31d/datanode-1/data/ratis/23ffc2a4-5526-4092-9dc4-6d4c5fd51127/current/log_1186-1264
2019-07-03 07:08:01,202 INFO  storage.RaftLogWorker (RaftLogWorker.java:execute(433)) - 1d8d2908-dfb4-4358-9c6e-64b435d6fccc-RaftLogWorker: Rolled log segment from /opt/src/hadoop-ozone/tools/target/test-dir/MiniOzoneClusterImpl-0519545d-318d-4c21-a2a0-688f18f8a31d/datanode-2/data/ratis/23ffc2a4-5526-4092-9dc4-6d4c5fd51127/current/log_inprogress_1186 to /opt/src/hadoop-ozone/tools/target/test-dir/MiniOzoneClusterImpl-0519545d-318d-4c21-a2a0-688f18f8a31d/datanode-2/data/ratis/23ffc2a4-5526-4092-9dc4-6d4c5fd51127/current/log_1186-1264
2019-07-03 07:08:01,234 INFO  storage.RaftLogWorker (RaftLogWorker.java:execute(469)) - 1d8d2908-dfb4-4358-9c6e-64b435d6fccc-RaftLogWorker: created new log segment /opt/src/hadoop-ozone/tools/target/test-dir/MiniOzoneClusterImpl-0519545d-318d-4c21-a2a0-688f18f8a31d/datanode-2/data/ratis/23ffc2a4-5526-4092-9dc4-6d4c5fd51127/current/log_inprogress_1265
2019-07-03 07:08:01,239 INFO  storage.RaftLogWorker (RaftLogWorker.java:execute(469)) - 75e8c5ea-f06a-43e1-af6e-1f7f9b0b2cc1-RaftLogWorker: created new log segment /opt/src/hadoop-ozone/tools/target/test-dir/MiniOzoneClusterImpl-0519545d-318d-4c21-a2a0-688f18f8a31d/datanode-1/data/ratis/23ffc2a4-5526-4092-9dc4-6d4c5fd51127/current/log_inprogress_1265
2019-07-03 07:08:01,239 INFO  storage.RaftLogWorker (RaftLogWorker.java:execute(469)) - 6571ba41-d309-4d1d-a321-129a77bf1602-RaftLogWorker: created new log segment /opt/src/hadoop-ozone/tools/target/test-dir/MiniOzoneClusterImpl-0519545d-318d-4c21-a2a0-688f18f8a31d/datanode-4/data/ratis/23ffc2a4-5526-4092-9dc4-6d4c5fd51127/current/log_inprogress_1265
2019-07-03 07:08:01,242 INFO  client.GrpcClientProtocolClient (GrpcClientProtocolClient.java:onNext(254)) - client-253D2503C21A->6571ba41-d309-4d1d-a321-129a77bf1602: receive RaftClientReply:client-253D2503C21A->6571ba41-d309-4d1d-a321-129a77bf1602@group-6D4C5FD51127, cid=925, SUCCESS, logIndex=1265, commits[6571ba41-d309-4d1d-a321-129a77bf1602:c1265, 75e8c5ea-f06a-43e1-af6e-1f7f9b0b2cc1:c1263, 1d8d2908-dfb4-4358-9c6e-64b435d6fccc:c1263]
2019-07-03 07:08:01,244 INFO  client.GrpcClientProtocolClient (GrpcClientProtocolClient.java:onNext(254)) - client-253D2503C21A->6571ba41-d309-4d1d-a321-129a77bf1602: receive RaftClientReply:client-253D2503C21A->6571ba41-d309-4d1d-a321-129a77bf1602@group-6D4C5FD51127, cid=926, SUCCESS, logIndex=0, commits[6571ba41-d309-4d1d-a321-129a77bf1602:c1266, 75e8c5ea-f06a-43e1-af6e-1f7f9b0b2cc1:c1265, 1d8d2908-dfb4-4358-9c6e-64b435d6fccc:c1265]
2019-07-03 07:08:01,288 INFO  client.GrpcClientProtocolClient (GrpcClientProtocolClient.java:onNext(254)) - client-253D2503C21A->6571ba41-d309-4d1d-a321-129a77bf1602: receive RaftClientReply:client-253D2503C21A->6571ba41-d309-4d1d-a321-129a77bf1602@group-6D4C5FD51127, cid=927, SUCCESS, logIndex=1267, commits[6571ba41-d309-4d1d-a321-129a77bf1602:c1267, 75e8c5ea-f06a-43e1-af6e-1f7f9b0b2cc1:c1266, 1d8d2908-dfb4-4358-9c6e-64b435d6fccc:c1266]
2019-07-03 07:08:01,302 INFO  client.GrpcClientProtocolClient (GrpcClientProtocolClient.java:onNext(254)) - client-253D2503C21A->6571ba41-d309-4d1d-a321-129a77bf1602: receive RaftClientReply:client-253D2503C21A->6571ba41-d309-4d1d-a321-129a77bf1602@group-6D4C5FD51127, cid=928, SUCCESS, logIndex=1269, commits[6571ba41-d309-4d1d-a321-129a77bf1602:c1269, 75e8c5ea-f06a-43e1-af6e-1f7f9b0b2cc1:c1267, 1d8d2908-dfb4-4358-9c6e-64b435d6fccc:c1267]
2019-07-03 07:08:01,302 INFO  client.GrpcClientProtocolClient (GrpcClientProtocolClient.java:onNext(254)) - client-253D2503C21A->6571ba41-d309-4d1d-a321-129a77bf1602: receive RaftClientReply:client-253D2503C21A->6571ba41-d309-4d1d-a321-129a77bf1602@group-6D4C5FD51127, cid=929, SUCCESS, logIndex=1270, commits[6571ba41-d309-4d1d-a321-129a77bf1602:c1270, 75e8c5ea-f06a-43e1-af6e-1f7f9b0b2cc1:c1267, 1d8d2908-dfb4-4358-9c6e-64b435d6fccc:c1267]
2019-07-03 07:08:01,313 INFO  client.GrpcClientProtocolClient (GrpcClientProtocolClient.java:onNext(254)) - client-253D2503C21A->6571ba41-d309-4d1d-a321-129a77bf1602: receive RaftClientReply:client-253D2503C21A->6571ba41-d309-4d1d-a321-129a77bf1602@group-6D4C5FD51127, cid=930, SUCCESS, logIndex=1271, commits[6571ba41-d309-4d1d-a321-129a77bf1602:c1272, 75e8c5ea-f06a-43e1-af6e-1f7f9b0b2cc1:c1267, 1d8d2908-dfb4-4358-9c6e-64b435d6fccc:c1269]
2019-07-03 07:08:01,315 INFO  client.GrpcClientProtocolClient (GrpcClientProtocolClient.java:onNext(254)) - client-253D2503C21A->6571ba41-d309-4d1d-a321-129a77bf1602: receive RaftClientReply:client-253D2503C21A->6571ba41-d309-4d1d-a321-129a77bf1602@group-6D4C5FD51127, cid=931, SUCCESS, logIndex=0, commits[6571ba41-d309-4d1d-a321-129a77bf1602:c1274, 75e8c5ea-f06a-43e1-af6e-1f7f9b0b2cc1:c1270, 1d8d2908-dfb4-4358-9c6e-64b435d6fccc:c1271]
2019-07-03 07:08:01,337 INFO  client.GrpcClientProtocolClient (GrpcClientProtocolClient.java:onNext(254)) - client-253D2503C21A->6571ba41-d309-4d1d-a321-129a77bf1602: receive RaftClientReply:client-253D2503C21A->6571ba41-d309-4d1d-a321-129a77bf1602@group-6D4C5FD51127, cid=932, SUCCESS, logIndex=1275, commits[6571ba41-d309-4d1d-a321-129a77bf1602:c1275, 75e8c5ea-f06a-43e1-af6e-1f7f9b0b2cc1:c1274, 1d8d2908-dfb4-4358-9c6e-64b435d6fccc:c1274]
2019-07-03 07:08:01,351 INFO  client.GrpcClientProtocolClient (GrpcClientProtocolClient.java:onNext(254)) - client-253D2503C21A->6571ba41-d309-4d1d-a321-129a77bf1602: receive RaftClientReply:client-253D2503C21A->6571ba41-d309-4d1d-a321-129a77bf1602@group-6D4C5FD51127, cid=933, SUCCESS, logIndex=1277, commits[6571ba41-d309-4d1d-a321-129a77bf1602:c1277, 75e8c5ea-f06a-43e1-af6e-1f7f9b0b2cc1:c1275, 1d8d2908-dfb4-4358-9c6e-64b435d6fccc:c1275]
2019-07-03 07:08:01,364 INFO  client.GrpcClientProtocolClient (GrpcClientProtocolClient.java:onNext(254)) - client-253D2503C21A->6571ba41-d309-4d1d-a321-129a77bf1602: receive RaftClientReply:client-253D2503C21A->6571ba41-d309-4d1d-a321-129a77bf1602@group-6D4C5FD51127, cid=934, SUCCESS, logIndex=1279, commits[6571ba41-d309-4d1d-a321-129a77bf1602:c1279, 75e8c5ea-f06a-43e1-af6e-1f7f9b0b2cc1:c1277, 1d8d2908-dfb4-4358-9c6e-64b435d6fccc:c1277]
2019-07-03 07:08:01,368 INFO  client.GrpcClientProtocolClient (GrpcClientProtocolClient.java:onNext(254)) - client-253D2503C21A->6571ba41-d309-4d1d-a321-129a77bf1602: receive RaftClientReply:client-253D2503C21A->6571ba41-d309-4d1d-a321-129a77bf1602@group-6D4C5FD51127, cid=935, SUCCESS, logIndex=1281, commits[6571ba41-d309-4d1d-a321-129a77bf1602:c1281, 75e8c5ea-f06a-43e1-af6e-1f7f9b0b2cc1:c1279, 1d8d2908-dfb4-4358-9c6e-64b435d6fccc:c1279]
2019-07-03 07:08:01,369 INFO  client.GrpcClientProtocolClient (GrpcClientProtocolClient.java:onNext(254)) - client-253D2503C21A->6571ba41-d309-4d1d-a321-129a77bf1602: receive RaftClientReply:client-253D2503C21A->6571ba41-d309-4d1d-a321-129a77bf1602@group-6D4C5FD51127, cid=936, SUCCESS, logIndex=0, commits[6571ba41-d309-4d1d-a321-129a77bf1602:c1282, 75e8c5ea-f06a-43e1-af6e-1f7f9b0b2cc1:c1281, 1d8d2908-dfb4-4358-9c6e-64b435d6fccc:c1281]
2019-07-03 07:08:01,390 INFO  client.GrpcClientProtocolClient (GrpcClientProtocolClient.java:onNext(254)) - client-253D2503C21A->6571ba41-d309-4d1d-a321-129a77bf1602: receive RaftClientReply:client-253D2503C21A->6571ba41-d309-4d1d-a321-129a77bf1602@group-6D4C5FD51127, cid=937, SUCCESS, logIndex=1283, commits[6571ba41-d309-4d1d-a321-129a77bf1602:c1283, 75e8c5ea-f06a-43e1-af6e-1f7f9b0b2cc1:c1282, 1d8d2908-dfb4-4358-9c6e-64b435d6fccc:c1282]
2019-07-03 07:08:01,403 INFO  client.GrpcClientProtocolClient (GrpcClientProtocolClient.java:onNext(254)) - client-253D2503C21A->6571ba41-d309-4d1d-a321-129a77bf1602: receive RaftClientReply:client-253D2503C21A->6571ba41-d309-4d1d-a321-129a77bf1602@group-6D4C5FD51127, cid=938, SUCCESS, logIndex=1285, commits[6571ba41-d309-4d1d-a321-129a77bf1602:c1286, 75e8c5ea-f06a-43e1-af6e-1f7f9b0b2cc1:c1283, 1d8d2908-dfb4-4358-9c6e-64b435d6fccc:c1283]
2019-07-03 07:08:01,403 INFO  client.GrpcClientProtocolClient (GrpcClientProtocolClient.java:onNext(254)) - client-253D2503C21A->6571ba41-d309-4d1d-a321-129a77bf1602: receive RaftClientReply:client-253D2503C21A->6571ba41-d309-4d1d-a321-129a77bf1602@group-6D4C5FD51127, cid=939, SUCCESS, logIndex=1286, commits[6571ba41-d309-4d1d-a321-129a77bf1602:c1286, 75e8c5ea-f06a-43e1-af6e-1f7f9b0b2cc1:c1283, 1d8d2908-dfb4-4358-9c6e-64b435d6fccc:c1283]
2019-07-03 07:08:01,404 INFO  client.GrpcClientProtocolClient (GrpcClientProtocolClient.java:onNext(254)) - client-253D2503C21A->6571ba41-d309-4d1d-a321-129a77bf1602: receive RaftClientReply:client-253D2503C21A->6571ba41-d309-4d1d-a321-129a77bf1602@group-6D4C5FD51127, cid=940, SUCCESS, logIndex=1287, commits[6571ba41-d309-4d1d-a321-129a77bf1602:c1288, 75e8c5ea-f06a-43e1-af6e-1f7f9b0b2cc1:c1283, 1d8d2908-dfb4-4358-9c6e-64b435d6fccc:c1285]
2019-07-03 07:08:01,405 INFO  client.GrpcClientProtocolClient (GrpcClientProtocolClient.java:onNext(254)) - client-253D2503C21A->6571ba41-d309-4d1d-a321-129a77bf1602: receive RaftClientReply:client-253D2503C21A->6571ba41-d309-4d1d-a321-129a77bf1602@group-6D4C5FD51127, cid=941, SUCCESS, logIndex=0, commits[6571ba41-d309-4d1d-a321-129a77bf1602:c1289, 75e8c5ea-f06a-43e1-af6e-1f7f9b0b2cc1:c1286, 1d8d2908-dfb4-4358-9c6e-64b435d6fccc:c1286]
2019-07-03 07:08:01,426 INFO  client.GrpcClientProtocolClient (GrpcClientProtocolClient.java:onNext(254)) - client-253D2503C21A->6571ba41-d309-4d1d-a321-129a77bf1602: receive RaftClientReply:client-253D2503C21A->6571ba41-d309-4d1d-a321-129a77bf1602@group-6D4C5FD51127, cid=942, SUCCESS, logIndex=1291, commits[6571ba41-d309-4d1d-a321-129a77bf1602:c1291, 75e8c5ea-f06a-43e1-af6e-1f7f9b0b2cc1:c1290, 1d8d2908-dfb4-4358-9c6e-64b435d6fccc:c1290]
2019-07-03 07:08:01,439 INFO  client.GrpcClientProtocolClient (GrpcClientProtocolClient.java:onNext(254)) - client-253D2503C21A->6571ba41-d309-4d1d-a321-129a77bf1602: receive RaftClientReply:client-253D2503C21A->6571ba41-d309-4d1d-a321-129a77bf1602@group-6D4C5FD51127, cid=943, SUCCESS, logIndex=1293, commits[6571ba41-d309-4d1d-a321-129a77bf1602:c1293, 75e8c5ea-f06a-43e1-af6e-1f7f9b0b2cc1:c1291, 1d8d2908-dfb4-4358-9c6e-64b435d6fccc:c1291]
2019-07-03 07:08:01,452 INFO  client.GrpcClientProtocolClient (GrpcClientProtocolClient.java:onNext(254)) - client-253D2503C21A->6571ba41-d309-4d1d-a321-129a77bf1602: receive RaftClientReply:client-253D2503C21A->6571ba41-d309-4d1d-a321-129a77bf1602@group-6D4C5FD51127, cid=944, SUCCESS, logIndex=1295, commits[6571ba41-d309-4d1d-a321-129a77bf1602:c1295, 75e8c5ea-f06a-43e1-af6e-1f7f9b0b2cc1:c1293, 1d8d2908-dfb4-4358-9c6e-64b435d6fccc:c1293]
2019-07-03 07:08:01,465 INFO  client.GrpcClientProtocolClient (GrpcClientProtocolClient.java:onNext(254)) - client-253D2503C21A->6571ba41-d309-4d1d-a321-129a77bf1602: receive RaftClientReply:client-253D2503C21A->6571ba41-d309-4d1d-a321-129a77bf1602@group-6D4C5FD51127, cid=945, SUCCESS, logIndex=1297, commits[6571ba41-d309-4d1d-a321-129a77bf1602:c1297, 75e8c5ea-f06a-43e1-af6e-1f7f9b0b2cc1:c1295, 1d8d2908-dfb4-4358-9c6e-64b435d6fccc:c1295]
2019-07-03 07:08:01,477 INFO  client.GrpcClientProtocolClient (GrpcClientProtocolClient.java:onNext(254)) - client-253D2503C21A->6571ba41-d309-4d1d-a321-129a77bf1602: receive RaftClientReply:client-253D2503C21A->6571ba41-d309-4d1d-a321-129a77bf1602@group-6D4C5FD51127, cid=946, SUCCESS, logIndex=0, commits[6571ba41-d309-4d1d-a321-129a77bf1602:c1298, 75e8c5ea-f06a-43e1-af6e-1f7f9b0b2cc1:c1297, 1d8d2908-dfb4-4358-9c6e-64b435d6fccc:c1297]
2019-07-03 07:08:01,508 INFO  client.GrpcClientProtocolClient (GrpcClientProtocolClient.java:onNext(254)) - client-253D2503C21A->6571ba41-d309-4d1d-a321-129a77bf1602: receive RaftClientReply:client-253D2503C21A->6571ba41-d309-4d1d-a321-129a77bf1602@group-6D4C5FD51127, cid=947, SUCCESS, logIndex=1299, commits[6571ba41-d309-4d1d-a321-129a77bf1602:c1299, 75e8c5ea-f06a-43e1-af6e-1f7f9b0b2cc1:c1298, 1d8d2908-dfb4-4358-9c6e-64b435d6fccc:c1298]
2019-07-03 07:08:01,633 INFO  client.GrpcClientProtocolClient (GrpcClientProtocolClient.java:onNext(254)) - client-253D2503C21A->6571ba41-d309-4d1d-a321-129a77bf1602: receive RaftClientReply:client-253D2503C21A->6571ba41-d309-4d1d-a321-129a77bf1602@group-6D4C5FD51127, cid=948, SUCCESS, logIndex=1301, commits[6571ba41-d309-4d1d-a321-129a77bf1602:c1301, 75e8c5ea-f06a-43e1-af6e-1f7f9b0b2cc1:c1299, 1d8d2908-dfb4-4358-9c6e-64b435d6fccc:c1299]
2019-07-03 07:08:01,634 INFO  client.GrpcClientProtocolClient (GrpcClientProtocolClient.java:onNext(254)) - client-253D2503C21A->6571ba41-d309-4d1d-a321-129a77bf1602: receive RaftClientReply:client-253D2503C21A->6571ba41-d309-4d1d-a321-129a77bf1602@group-6D4C5FD51127, cid=949, SUCCESS, logIndex=1302, commits[6571ba41-d309-4d1d-a321-129a77bf1602:c1302, 75e8c5ea-f06a-43e1-af6e-1f7f9b0b2cc1:c1299, 1d8d2908-dfb4-4358-9c6e-64b435d6fccc:c1299]
2019-07-03 07:08:01,635 INFO  client.GrpcClientProtocolClient (GrpcClientProtocolClient.java:onNext(254)) - client-253D2503C21A->6571ba41-d309-4d1d-a321-129a77bf1602: receive RaftClientReply:client-253D2503C21A->6571ba41-d309-4d1d-a321-129a77bf1602@group-6D4C5FD51127, cid=950, SUCCESS, logIndex=1303, commits[6571ba41-d309-4d1d-a321-129a77bf1602:c1304, 75e8c5ea-f06a-43e1-af6e-1f7f9b0b2cc1:c1299, 1d8d2908-dfb4-4358-9c6e-64b435d6fccc:c1301]
2019-07-03 07:08:01,638 INFO  client.GrpcClientProtocolClient (GrpcClientProtocolClient.java:onNext(254)) - client-253D2503C21A->6571ba41-d309-4d1d-a321-129a77bf1602: receive RaftClientReply:client-253D2503C21A->6571ba41-d309-4d1d-a321-129a77bf1602@group-6D4C5FD51127, cid=951, SUCCESS, logIndex=0, commits[6571ba41-d309-4d1d-a321-129a77bf1602:c1306, 75e8c5ea-f06a-43e1-af6e-1f7f9b0b2cc1:c1303, 1d8d2908-dfb4-4358-9c6e-64b435d6fccc:c1303]
2019-07-03 07:08:01,660 INFO  client.GrpcClientProtocolClient (GrpcClientProtocolClient.java:onNext(254)) - client-253D2503C21A->6571ba41-d309-4d1d-a321-129a77bf1602: receive RaftClientReply:client-253D2503C21A->6571ba41-d309-4d1d-a321-129a77bf1602@group-6D4C5FD51127, cid=952, SUCCESS, logIndex=1307, commits[6571ba41-d309-4d1d-a321-129a77bf1602:c1307, 75e8c5ea-f06a-43e1-af6e-1f7f9b0b2cc1:c1306, 1d8d2908-dfb4-4358-9c6e-64b435d6fccc:c1306]
2019-07-03 07:08:01,674 INFO  client.GrpcClientProtocolClient (GrpcClientProtocolClient.java:onNext(254)) - client-253D2503C21A->6571ba41-d309-4d1d-a321-129a77bf1602: receive RaftClientReply:client-253D2503C21A->6571ba41-d309-4d1d-a321-129a77bf1602@group-6D4C5FD51127, cid=953, SUCCESS, logIndex=1309, commits[6571ba41-d309-4d1d-a321-129a77bf1602:c1309, 75e8c5ea-f06a-43e1-af6e-1f7f9b0b2cc1:c1307, 1d8d2908-dfb4-4358-9c6e-64b435d6fccc:c1307]
2019-07-03 07:08:01,698 INFO  client.GrpcClientProtocolClient (GrpcClientProtocolClient.java:onNext(254)) - client-253D2503C21A->6571ba41-d309-4d1d-a321-129a77bf1602: receive RaftClientReply:client-253D2503C21A->6571ba41-d309-4d1d-a321-129a77bf1602@group-6D4C5FD51127, cid=954, SUCCESS, logIndex=1311, commits[6571ba41-d309-4d1d-a321-129a77bf1602:c1311, 75e8c5ea-f06a-43e1-af6e-1f7f9b0b2cc1:c1309, 1d8d2908-dfb4-4358-9c6e-64b435d6fccc:c1309]
 0.00% |█                                                                                                    |  0/1 Time: 0:00:092019-07-03 07:08:01,712 INFO  client.GrpcClientProtocolClient (GrpcClientProtocolClient.java:onNext(254)) - client-253D2503C21A->6571ba41-d309-4d1d-a321-129a77bf1602: receive RaftClientReply:client-253D2503C21A->6571ba41-d309-4d1d-a321-129a77bf1602@group-6D4C5FD51127, cid=955, SUCCESS, logIndex=1313, commits[6571ba41-d309-4d1d-a321-129a77bf1602:c1313, 75e8c5ea-f06a-43e1-af6e-1f7f9b0b2cc1:c1311, 1d8d2908-dfb4-4358-9c6e-64b435d6fccc:c1311]
2019-07-03 07:08:01,723 INFO  client.GrpcClientProtocolClient (GrpcClientProtocolClient.java:onNext(254)) - client-253D2503C21A->6571ba41-d309-4d1d-a321-129a77bf1602: receive RaftClientReply:client-253D2503C21A->6571ba41-d309-4d1d-a321-129a77bf1602@group-6D4C5FD51127, cid=956, SUCCESS, logIndex=0, commits[6571ba41-d309-4d1d-a321-129a77bf1602:c1314, 75e8c5ea-f06a-43e1-af6e-1f7f9b0b2cc1:c1313, 1d8d2908-dfb4-4358-9c6e-64b435d6fccc:c1313]
2019-07-03 07:08:01,744 INFO  client.GrpcClientProtocolClient (GrpcClientProtocolClient.java:onNext(254)) - client-253D2503C21A->6571ba41-d309-4d1d-a321-129a77bf1602: receive RaftClientReply:client-253D2503C21A->6571ba41-d309-4d1d-a321-129a77bf1602@group-6D4C5FD51127, cid=957, SUCCESS, logIndex=1315, commits[6571ba41-d309-4d1d-a321-129a77bf1602:c1315, 75e8c5ea-f06a-43e1-af6e-1f7f9b0b2cc1:c1314, 1d8d2908-dfb4-4358-9c6e-64b435d6fccc:c1314]
2019-07-03 07:08:01,765 INFO  client.GrpcClientProtocolClient (GrpcClientProtocolClient.java:onNext(254)) - client-253D2503C21A->6571ba41-d309-4d1d-a321-129a77bf1602: receive RaftClientReply:client-253D2503C21A->6571ba41-d309-4d1d-a321-129a77bf1602@group-6D4C5FD51127, cid=958, SUCCESS, logIndex=1317, commits[6571ba41-d309-4d1d-a321-129a77bf1602:c1317, 75e8c5ea-f06a-43e1-af6e-1f7f9b0b2cc1:c1315, 1d8d2908-dfb4-4358-9c6e-64b435d6fccc:c1315]
2019-07-03 07:08:01,766 INFO  client.GrpcClientProtocolClient (GrpcClientProtocolClient.java:onNext(254)) - client-253D2503C21A->6571ba41-d309-4d1d-a321-129a77bf1602: receive RaftClientReply:client-253D2503C21A->6571ba41-d309-4d1d-a321-129a77bf1602@group-6D4C5FD51127, cid=959, SUCCESS, logIndex=1318, commits[6571ba41-d309-4d1d-a321-129a77bf1602:c1318, 75e8c5ea-f06a-43e1-af6e-1f7f9b0b2cc1:c1315, 1d8d2908-dfb4-4358-9c6e-64b435d6fccc:c1315]
2019-07-03 07:08:01,777 INFO  client.GrpcClientProtocolClient (GrpcClientProtocolClient.java:onNext(254)) - client-253D2503C21A->6571ba41-d309-4d1d-a321-129a77bf1602: receive RaftClientReply:client-253D2503C21A->6571ba41-d309-4d1d-a321-129a77bf1602@group-6D4C5FD51127, cid=960, SUCCESS, logIndex=1319, commits[6571ba41-d309-4d1d-a321-129a77bf1602:c1320, 75e8c5ea-f06a-43e1-af6e-1f7f9b0b2cc1:c1315, 1d8d2908-dfb4-4358-9c6e-64b435d6fccc:c1317]
2019-07-03 07:08:01,778 INFO  client.GrpcClientProtocolClient (GrpcClientProtocolClient.java:onNext(254)) - client-253D2503C21A->6571ba41-d309-4d1d-a321-129a77bf1602: receive RaftClientReply:client-253D2503C21A->6571ba41-d309-4d1d-a321-129a77bf1602@group-6D4C5FD51127, cid=961, SUCCESS, logIndex=0, commits[6571ba41-d309-4d1d-a321-129a77bf1602:c1321, 75e8c5ea-f06a-43e1-af6e-1f7f9b0b2cc1:c1318, 1d8d2908-dfb4-4358-9c6e-64b435d6fccc:c1318]
2019-07-03 07:08:01,793 INFO  client.GrpcClientProtocolClient (GrpcClientProtocolClient.java:onNext(254)) - client-253D2503C21A->6571ba41-d309-4d1d-a321-129a77bf1602: receive RaftClientReply:client-253D2503C21A->6571ba41-d309-4d1d-a321-129a77bf1602@group-6D4C5FD51127, cid=962, SUCCESS, logIndex=1323, commits[6571ba41-d309-4d1d-a321-129a77bf1602:c1323, 75e8c5ea-f06a-43e1-af6e-1f7f9b0b2cc1:c1322, 1d8d2908-dfb4-4358-9c6e-64b435d6fccc:c1322]
2019-07-03 07:08:01,807 INFO  client.GrpcClientProtocolClient (GrpcClientProtocolClient.java:onNext(254)) - client-253D2503C21A->6571ba41-d309-4d1d-a321-129a77bf1602: receive RaftClientReply:client-253D2503C21A->6571ba41-d309-4d1d-a321-129a77bf1602@group-6D4C5FD51127, cid=963, SUCCESS, logIndex=1325, commits[6571ba41-d309-4d1d-a321-129a77bf1602:c1325, 75e8c5ea-f06a-43e1-af6e-1f7f9b0b2cc1:c1323, 1d8d2908-dfb4-4358-9c6e-64b435d6fccc:c1323]
2019-07-03 07:08:01,820 INFO  client.GrpcClientProtocolClient (GrpcClientProtocolClient.java:onNext(254)) - client-253D2503C21A->6571ba41-d309-4d1d-a321-129a77bf1602: receive RaftClientReply:client-253D2503C21A->6571ba41-d309-4d1d-a321-129a77bf1602@group-6D4C5FD51127, cid=964, SUCCESS, logIndex=1327, commits[6571ba41-d309-4d1d-a321-129a77bf1602:c1327, 75e8c5ea-f06a-43e1-af6e-1f7f9b0b2cc1:c1325, 1d8d2908-dfb4-4358-9c6e-64b435d6fccc:c1325]
2019-07-03 07:08:01,833 INFO  client.GrpcClientProtocolClient (GrpcClientProtocolClient.java:onNext(254)) - client-253D2503C21A->6571ba41-d309-4d1d-a321-129a77bf1602: receive RaftClientReply:client-253D2503C21A->6571ba41-d309-4d1d-a321-129a77bf1602@group-6D4C5FD51127, cid=965, SUCCESS, logIndex=1329, commits[6571ba41-d309-4d1d-a321-129a77bf1602:c1329, 75e8c5ea-f06a-43e1-af6e-1f7f9b0b2cc1:c1327, 1d8d2908-dfb4-4358-9c6e-64b435d6fccc:c1327]
2019-07-03 07:08:01,844 INFO  client.GrpcClientProtocolClient (GrpcClientProtocolClient.java:onNext(254)) - client-253D2503C21A->6571ba41-d309-4d1d-a321-129a77bf1602: receive RaftClientReply:client-253D2503C21A->6571ba41-d309-4d1d-a321-129a77bf1602@group-6D4C5FD51127, cid=966, SUCCESS, logIndex=0, commits[6571ba41-d309-4d1d-a321-129a77bf1602:c1329, 75e8c5ea-f06a-43e1-af6e-1f7f9b0b2cc1:c1329, 1d8d2908-dfb4-4358-9c6e-64b435d6fccc:c1329]
2019-07-03 07:08:01,865 INFO  client.GrpcClientProtocolClient (GrpcClientProtocolClient.java:onNext(254)) - client-253D2503C21A->6571ba41-d309-4d1d-a321-129a77bf1602: receive RaftClientReply:client-253D2503C21A->6571ba41-d309-4d1d-a321-129a77bf1602@group-6D4C5FD51127, cid=967, SUCCESS, logIndex=1331, commits[6571ba41-d309-4d1d-a321-129a77bf1602:c1331, 75e8c5ea-f06a-43e1-af6e-1f7f9b0b2cc1:c1330, 1d8d2908-dfb4-4358-9c6e-64b435d6fccc:c1330]
2019-07-03 07:08:01,877 INFO  client.GrpcClientProtocolClient (GrpcClientProtocolClient.java:onNext(254)) - client-253D2503C21A->6571ba41-d309-4d1d-a321-129a77bf1602: receive RaftClientReply:client-253D2503C21A->6571ba41-d309-4d1d-a321-129a77bf1602@group-6D4C5FD51127, cid=968, SUCCESS, logIndex=1333, commits[6571ba41-d309-4d1d-a321-129a77bf1602:c1334, 75e8c5ea-f06a-43e1-af6e-1f7f9b0b2cc1:c1331, 1d8d2908-dfb4-4358-9c6e-64b435d6fccc:c1331]
2019-07-03 07:08:01,878 INFO  client.GrpcClientProtocolClient (GrpcClientProtocolClient.java:onNext(254)) - client-253D2503C21A->6571ba41-d309-4d1d-a321-129a77bf1602: receive RaftClientReply:client-253D2503C21A->6571ba41-d309-4d1d-a321-129a77bf1602@group-6D4C5FD51127, cid=969, SUCCESS, logIndex=1334, commits[6571ba41-d309-4d1d-a321-129a77bf1602:c1334, 75e8c5ea-f06a-43e1-af6e-1f7f9b0b2cc1:c1331, 1d8d2908-dfb4-4358-9c6e-64b435d6fccc:c1331]
2019-07-03 07:08:01,879 INFO  client.GrpcClientProtocolClient (GrpcClientProtocolClient.java:onNext(254)) - client-253D2503C21A->6571ba41-d309-4d1d-a321-129a77bf1602: receive RaftClientReply:client-253D2503C21A->6571ba41-d309-4d1d-a321-129a77bf1602@group-6D4C5FD51127, cid=970, SUCCESS, logIndex=1335, commits[6571ba41-d309-4d1d-a321-129a77bf1602:c1336, 75e8c5ea-f06a-43e1-af6e-1f7f9b0b2cc1:c1331, 1d8d2908-dfb4-4358-9c6e-64b435d6fccc:c1333]
2019-07-03 07:08:01,880 INFO  client.GrpcClientProtocolClient (GrpcClientProtocolClient.java:onNext(254)) - client-253D2503C21A->6571ba41-d309-4d1d-a321-129a77bf1602: receive RaftClientReply:client-253D2503C21A->6571ba41-d309-4d1d-a321-129a77bf1602@group-6D4C5FD51127, cid=971, SUCCESS, logIndex=0, commits[6571ba41-d309-4d1d-a321-129a77bf1602:c1337, 75e8c5ea-f06a-43e1-af6e-1f7f9b0b2cc1:c1334, 1d8d2908-dfb4-4358-9c6e-64b435d6fccc:c1334]
2019-07-03 07:08:01,900 INFO  client.GrpcClientProtocolClient (GrpcClientProtocolClient.java:onNext(254)) - client-253D2503C21A->6571ba41-d309-4d1d-a321-129a77bf1602: receive RaftClientReply:client-253D2503C21A->6571ba41-d309-4d1d-a321-129a77bf1602@group-6D4C5FD51127, cid=972, SUCCESS, logIndex=1339, commits[6571ba41-d309-4d1d-a321-129a77bf1602:c1339, 75e8c5ea-f06a-43e1-af6e-1f7f9b0b2cc1:c1338, 1d8d2908-dfb4-4358-9c6e-64b435d6fccc:c1338]
2019-07-03 07:08:01,913 INFO  client.GrpcClientProtocolClient (GrpcClientProtocolClient.java:onNext(254)) - client-253D2503C21A->6571ba41-d309-4d1d-a321-129a77bf1602: receive RaftClientReply:client-253D2503C21A->6571ba41-d309-4d1d-a321-129a77bf1602@group-6D4C5FD51127, cid=973, SUCCESS, logIndex=1341, commits[6571ba41-d309-4d1d-a321-129a77bf1602:c1341, 75e8c5ea-f06a-43e1-af6e-1f7f9b0b2cc1:c1339, 1d8d2908-dfb4-4358-9c6e-64b435d6fccc:c1339]
2019-07-03 07:08:01,926 INFO  client.GrpcClientProtocolClient (GrpcClientProtocolClient.java:onNext(254)) - client-253D2503C21A->6571ba41-d309-4d1d-a321-129a77bf1602: receive RaftClientReply:client-253D2503C21A->6571ba41-d309-4d1d-a321-129a77bf1602@group-6D4C5FD51127, cid=974, SUCCESS, logIndex=1343, commits[6571ba41-d309-4d1d-a321-129a77bf1602:c1343, 75e8c5ea-f06a-43e1-af6e-1f7f9b0b2cc1:c1341, 1d8d2908-dfb4-4358-9c6e-64b435d6fccc:c1341]
2019-07-03 07:08:01,927 INFO  storage.RaftLogWorker (RaftLogWorker.java:rollLogSegment(303)) - 6571ba41-d309-4d1d-a321-129a77bf1602-RaftLogWorker: Rolling segment log-1265_1344 to index:1344
2019-07-03 07:08:01,928 INFO  storage.RaftLogWorker (RaftLogWorker.java:rollLogSegment(303)) - 1d8d2908-dfb4-4358-9c6e-64b435d6fccc-RaftLogWorker: Rolling segment log-1265_1344 to index:1344
2019-07-03 07:08:01,928 INFO  storage.RaftLogWorker (RaftLogWorker.java:rollLogSegment(303)) - 75e8c5ea-f06a-43e1-af6e-1f7f9b0b2cc1-RaftLogWorker: Rolling segment log-1265_1344 to index:1344
2019-07-03 07:08:01,937 INFO  storage.RaftLogWorker (RaftLogWorker.java:execute(433)) - 6571ba41-d309-4d1d-a321-129a77bf1602-RaftLogWorker: Rolled log segment from /opt/src/hadoop-ozone/tools/target/test-dir/MiniOzoneClusterImpl-0519545d-318d-4c21-a2a0-688f18f8a31d/datanode-4/data/ratis/23ffc2a4-5526-4092-9dc4-6d4c5fd51127/current/log_inprogress_1265 to /opt/src/hadoop-ozone/tools/target/test-dir/MiniOzoneClusterImpl-0519545d-318d-4c21-a2a0-688f18f8a31d/datanode-4/data/ratis/23ffc2a4-5526-4092-9dc4-6d4c5fd51127/current/log_1265-1344
2019-07-03 07:08:01,937 INFO  storage.RaftLogWorker (RaftLogWorker.java:execute(433)) - 75e8c5ea-f06a-43e1-af6e-1f7f9b0b2cc1-RaftLogWorker: Rolled log segment from /opt/src/hadoop-ozone/tools/target/test-dir/MiniOzoneClusterImpl-0519545d-318d-4c21-a2a0-688f18f8a31d/datanode-1/data/ratis/23ffc2a4-5526-4092-9dc4-6d4c5fd51127/current/log_inprogress_1265 to /opt/src/hadoop-ozone/tools/target/test-dir/MiniOzoneClusterImpl-0519545d-318d-4c21-a2a0-688f18f8a31d/datanode-1/data/ratis/23ffc2a4-5526-4092-9dc4-6d4c5fd51127/current/log_1265-1344
2019-07-03 07:08:01,937 INFO  storage.RaftLogWorker (RaftLogWorker.java:execute(433)) - 1d8d2908-dfb4-4358-9c6e-64b435d6fccc-RaftLogWorker: Rolled log segment from /opt/src/hadoop-ozone/tools/target/test-dir/MiniOzoneClusterImpl-0519545d-318d-4c21-a2a0-688f18f8a31d/datanode-2/data/ratis/23ffc2a4-5526-4092-9dc4-6d4c5fd51127/current/log_inprogress_1265 to /opt/src/hadoop-ozone/tools/target/test-dir/MiniOzoneClusterImpl-0519545d-318d-4c21-a2a0-688f18f8a31d/datanode-2/data/ratis/23ffc2a4-5526-4092-9dc4-6d4c5fd51127/current/log_1265-1344
2019-07-03 07:08:01,979 INFO  storage.RaftLogWorker (RaftLogWorker.java:execute(469)) - 75e8c5ea-f06a-43e1-af6e-1f7f9b0b2cc1-RaftLogWorker: created new log segment /opt/src/hadoop-ozone/tools/target/test-dir/MiniOzoneClusterImpl-0519545d-318d-4c21-a2a0-688f18f8a31d/datanode-1/data/ratis/23ffc2a4-5526-4092-9dc4-6d4c5fd51127/current/log_inprogress_1345
2019-07-03 07:08:01,979 INFO  storage.RaftLogWorker (RaftLogWorker.java:execute(469)) - 1d8d2908-dfb4-4358-9c6e-64b435d6fccc-RaftLogWorker: created new log segment /opt/src/hadoop-ozone/tools/target/test-dir/MiniOzoneClusterImpl-0519545d-318d-4c21-a2a0-688f18f8a31d/datanode-2/data/ratis/23ffc2a4-5526-4092-9dc4-6d4c5fd51127/current/log_inprogress_1345
2019-07-03 07:08:01,979 INFO  storage.RaftLogWorker (RaftLogWorker.java:execute(469)) - 6571ba41-d309-4d1d-a321-129a77bf1602-RaftLogWorker: created new log segment /opt/src/hadoop-ozone/tools/target/test-dir/MiniOzoneClusterImpl-0519545d-318d-4c21-a2a0-688f18f8a31d/datanode-4/data/ratis/23ffc2a4-5526-4092-9dc4-6d4c5fd51127/current/log_inprogress_1345
2019-07-03 07:08:01,982 INFO  client.GrpcClientProtocolClient (GrpcClientProtocolClient.java:onNext(254)) - client-253D2503C21A->6571ba41-d309-4d1d-a321-129a77bf1602: receive RaftClientReply:client-253D2503C21A->6571ba41-d309-4d1d-a321-129a77bf1602@group-6D4C5FD51127, cid=975, SUCCESS, logIndex=1345, commits[6571ba41-d309-4d1d-a321-129a77bf1602:c1345, 75e8c5ea-f06a-43e1-af6e-1f7f9b0b2cc1:c1343, 1d8d2908-dfb4-4358-9c6e-64b435d6fccc:c1343]
2019-07-03 07:08:01,984 INFO  client.GrpcClientProtocolClient (GrpcClientProtocolClient.java:onNext(254)) - client-253D2503C21A->6571ba41-d309-4d1d-a321-129a77bf1602: receive RaftClientReply:client-253D2503C21A->6571ba41-d309-4d1d-a321-129a77bf1602@group-6D4C5FD51127, cid=976, SUCCESS, logIndex=0, commits[6571ba41-d309-4d1d-a321-129a77bf1602:c1346, 75e8c5ea-f06a-43e1-af6e-1f7f9b0b2cc1:c1345, 1d8d2908-dfb4-4358-9c6e-64b435d6fccc:c1345]
2019-07-03 07:08:02,007 INFO  client.GrpcClientProtocolClient (GrpcClientProtocolClient.java:onNext(254)) - client-253D2503C21A->6571ba41-d309-4d1d-a321-129a77bf1602: receive RaftClientReply:client-253D2503C21A->6571ba41-d309-4d1d-a321-129a77bf1602@group-6D4C5FD51127, cid=977, SUCCESS, logIndex=1347, commits[6571ba41-d309-4d1d-a321-129a77bf1602:c1347, 75e8c5ea-f06a-43e1-af6e-1f7f9b0b2cc1:c1346, 1d8d2908-dfb4-4358-9c6e-64b435d6fccc:c1346]
2019-07-03 07:08:02,031 INFO  client.GrpcClientProtocolClient (GrpcClientProtocolClient.java:onNext(254)) - client-253D2503C21A->6571ba41-d309-4d1d-a321-129a77bf1602: receive RaftClientReply:client-253D2503C21A->6571ba41-d309-4d1d-a321-129a77bf1602@group-6D4C5FD51127, cid=978, SUCCESS, logIndex=1349, commits[6571ba41-d309-4d1d-a321-129a77bf1602:c1350, 75e8c5ea-f06a-43e1-af6e-1f7f9b0b2cc1:c1347, 1d8d2908-dfb4-4358-9c6e-64b435d6fccc:c1347]
2019-07-03 07:08:02,032 INFO  client.GrpcClientProtocolClient (GrpcClientProtocolClient.java:onNext(254)) - client-253D2503C21A->6571ba41-d309-4d1d-a321-129a77bf1602: receive RaftClientReply:client-253D2503C21A->6571ba41-d309-4d1d-a321-129a77bf1602@group-6D4C5FD51127, cid=979, SUCCESS, logIndex=1350, commits[6571ba41-d309-4d1d-a321-129a77bf1602:c1350, 75e8c5ea-f06a-43e1-af6e-1f7f9b0b2cc1:c1347, 1d8d2908-dfb4-4358-9c6e-64b435d6fccc:c1347]
2019-07-03 07:08:02,032 INFO  client.GrpcClientProtocolClient (GrpcClientProtocolClient.java:onNext(254)) - client-253D2503C21A->6571ba41-d309-4d1d-a321-129a77bf1602: receive RaftClientReply:client-253D2503C21A->6571ba41-d309-4d1d-a321-129a77bf1602@group-6D4C5FD51127, cid=980, SUCCESS, logIndex=1351, commits[6571ba41-d309-4d1d-a321-129a77bf1602:c1352, 75e8c5ea-f06a-43e1-af6e-1f7f9b0b2cc1:c1349, 1d8d2908-dfb4-4358-9c6e-64b435d6fccc:c1347]
2019-07-03 07:08:02,034 INFO  client.GrpcClientProtocolClient (GrpcClientProtocolClient.java:onNext(254)) - client-253D2503C21A->6571ba41-d309-4d1d-a321-129a77bf1602: receive RaftClientReply:client-253D2503C21A->6571ba41-d309-4d1d-a321-129a77bf1602@group-6D4C5FD51127, cid=981, SUCCESS, logIndex=0, commits[6571ba41-d309-4d1d-a321-129a77bf1602:c1354, 75e8c5ea-f06a-43e1-af6e-1f7f9b0b2cc1:c1351, 1d8d2908-dfb4-4358-9c6e-64b435d6fccc:c1350]
2019-07-03 07:08:02,061 INFO  client.GrpcClientProtocolClient (GrpcClientProtocolClient.java:onNext(254)) - client-253D2503C21A->6571ba41-d309-4d1d-a321-129a77bf1602: receive RaftClientReply:client-253D2503C21A->6571ba41-d309-4d1d-a321-129a77bf1602@group-6D4C5FD51127, cid=982, SUCCESS, logIndex=1355, commits[6571ba41-d309-4d1d-a321-129a77bf1602:c1355, 75e8c5ea-f06a-43e1-af6e-1f7f9b0b2cc1:c1354, 1d8d2908-dfb4-4358-9c6e-64b435d6fccc:c1354]
2019-07-03 07:08:02,074 INFO  client.GrpcClientProtocolClient (GrpcClientProtocolClient.java:onNext(254)) - client-253D2503C21A->6571ba41-d309-4d1d-a321-129a77bf1602: receive RaftClientReply:client-253D2503C21A->6571ba41-d309-4d1d-a321-129a77bf1602@group-6D4C5FD51127, cid=983, SUCCESS, logIndex=1357, commits[6571ba41-d309-4d1d-a321-129a77bf1602:c1357, 75e8c5ea-f06a-43e1-af6e-1f7f9b0b2cc1:c1355, 1d8d2908-dfb4-4358-9c6e-64b435d6fccc:c1355]
2019-07-03 07:08:02,088 INFO  client.GrpcClientProtocolClient (GrpcClientProtocolClient.java:onNext(254)) - client-253D2503C21A->6571ba41-d309-4d1d-a321-129a77bf1602: receive RaftClientReply:client-253D2503C21A->6571ba41-d309-4d1d-a321-129a77bf1602@group-6D4C5FD51127, cid=984, SUCCESS, logIndex=1359, commits[6571ba41-d309-4d1d-a321-129a77bf1602:c1359, 75e8c5ea-f06a-43e1-af6e-1f7f9b0b2cc1:c1357, 1d8d2908-dfb4-4358-9c6e-64b435d6fccc:c1357]
2019-07-03 07:08:02,103 INFO  client.GrpcClientProtocolClient (GrpcClientProtocolClient.java:onNext(254)) - client-253D2503C21A->6571ba41-d309-4d1d-a321-129a77bf1602: receive RaftClientReply:client-253D2503C21A->6571ba41-d309-4d1d-a321-129a77bf1602@group-6D4C5FD51127, cid=985, SUCCESS, logIndex=1361, commits[6571ba41-d309-4d1d-a321-129a77bf1602:c1361, 75e8c5ea-f06a-43e1-af6e-1f7f9b0b2cc1:c1359, 1d8d2908-dfb4-4358-9c6e-64b435d6fccc:c1359]
2019-07-03 07:08:02,114 INFO  client.GrpcClientProtocolClient (GrpcClientProtocolClient.java:onNext(254)) - client-253D2503C21A->6571ba41-d309-4d1d-a321-129a77bf1602: receive RaftClientReply:client-253D2503C21A->6571ba41-d309-4d1d-a321-129a77bf1602@group-6D4C5FD51127, cid=986, SUCCESS, logIndex=0, commits[6571ba41-d309-4d1d-a321-129a77bf1602:c1362, 75e8c5ea-f06a-43e1-af6e-1f7f9b0b2cc1:c1361, 1d8d2908-dfb4-4358-9c6e-64b435d6fccc:c1361]
2019-07-03 07:08:02,135 INFO  client.GrpcClientProtocolClient (GrpcClientProtocolClient.java:onNext(254)) - client-253D2503C21A->6571ba41-d309-4d1d-a321-129a77bf1602: receive RaftClientReply:client-253D2503C21A->6571ba41-d309-4d1d-a321-129a77bf1602@group-6D4C5FD51127, cid=987, SUCCESS, logIndex=1363, commits[6571ba41-d309-4d1d-a321-129a77bf1602:c1363, 75e8c5ea-f06a-43e1-af6e-1f7f9b0b2cc1:c1362, 1d8d2908-dfb4-4358-9c6e-64b435d6fccc:c1362]
2019-07-03 07:08:02,147 INFO  client.GrpcClientProtocolClient (GrpcClientProtocolClient.java:onNext(254)) - client-253D2503C21A->6571ba41-d309-4d1d-a321-129a77bf1602: receive RaftClientReply:client-253D2503C21A->6571ba41-d309-4d1d-a321-129a77bf1602@group-6D4C5FD51127, cid=988, SUCCESS, logIndex=1365, commits[6571ba41-d309-4d1d-a321-129a77bf1602:c1366, 75e8c5ea-f06a-43e1-af6e-1f7f9b0b2cc1:c1363, 1d8d2908-dfb4-4358-9c6e-64b435d6fccc:c1363]
2019-07-03 07:08:02,148 INFO  client.GrpcClientProtocolClient (GrpcClientProtocolClient.java:onNext(254)) - client-253D2503C21A->6571ba41-d309-4d1d-a321-129a77bf1602: receive RaftClientReply:client-253D2503C21A->6571ba41-d309-4d1d-a321-129a77bf1602@group-6D4C5FD51127, cid=989, SUCCESS, logIndex=1366, commits[6571ba41-d309-4d1d-a321-129a77bf1602:c1366, 75e8c5ea-f06a-43e1-af6e-1f7f9b0b2cc1:c1363, 1d8d2908-dfb4-4358-9c6e-64b435d6fccc:c1363]
2019-07-03 07:08:02,148 INFO  client.GrpcClientProtocolClient (GrpcClientProtocolClient.java:onNext(254)) - client-253D2503C21A->6571ba41-d309-4d1d-a321-129a77bf1602: receive RaftClientReply:client-253D2503C21A->6571ba41-d309-4d1d-a321-129a77bf1602@group-6D4C5FD51127, cid=990, SUCCESS, logIndex=1367, commits[6571ba41-d309-4d1d-a321-129a77bf1602:c1368, 75e8c5ea-f06a-43e1-af6e-1f7f9b0b2cc1:c1365, 1d8d2908-dfb4-4358-9c6e-64b435d6fccc:c1363]
2019-07-03 07:08:02,150 INFO  client.GrpcClientProtocolClient (GrpcClientProtocolClient.java:onNext(254)) - client-253D2503C21A->6571ba41-d309-4d1d-a321-129a77bf1602: receive RaftClientReply:client-253D2503C21A->6571ba41-d309-4d1d-a321-129a77bf1602@group-6D4C5FD51127, cid=991, SUCCESS, logIndex=0, commits[6571ba41-d309-4d1d-a321-129a77bf1602:c1369, 75e8c5ea-f06a-43e1-af6e-1f7f9b0b2cc1:c1366, 1d8d2908-dfb4-4358-9c6e-64b435d6fccc:c1366]
2019-07-03 07:08:02,178 INFO  client.GrpcClientProtocolClient (GrpcClientProtocolClient.java:onNext(254)) - client-253D2503C21A->6571ba41-d309-4d1d-a321-129a77bf1602: receive RaftClientReply:client-253D2503C21A->6571ba41-d309-4d1d-a321-129a77bf1602@group-6D4C5FD51127, cid=992, SUCCESS, logIndex=1371, commits[6571ba41-d309-4d1d-a321-129a77bf1602:c1371, 75e8c5ea-f06a-43e1-af6e-1f7f9b0b2cc1:c1370, 1d8d2908-dfb4-4358-9c6e-64b435d6fccc:c1370]
2019-07-03 07:08:02,183 INFO  client.GrpcClientProtocolClient (GrpcClientProtocolClient.java:onNext(254)) - client-253D2503C21A->6571ba41-d309-4d1d-a321-129a77bf1602: receive RaftClientReply:client-253D2503C21A->6571ba41-d309-4d1d-a321-129a77bf1602@group-6D4C5FD51127, cid=993, SUCCESS, logIndex=1373, commits[6571ba41-d309-4d1d-a321-129a77bf1602:c1373, 75e8c5ea-f06a-43e1-af6e-1f7f9b0b2cc1:c1371, 1d8d2908-dfb4-4358-9c6e-64b435d6fccc:c1371]
2019-07-03 07:08:02,196 INFO  client.GrpcClientProtocolClient (GrpcClientProtocolClient.java:onNext(254)) - client-253D2503C21A->6571ba41-d309-4d1d-a321-129a77bf1602: receive RaftClientReply:client-253D2503C21A->6571ba41-d309-4d1d-a321-129a77bf1602@group-6D4C5FD51127, cid=994, SUCCESS, logIndex=1375, commits[6571ba41-d309-4d1d-a321-129a77bf1602:c1375, 75e8c5ea-f06a-43e1-af6e-1f7f9b0b2cc1:c1373, 1d8d2908-dfb4-4358-9c6e-64b435d6fccc:c1373]
2019-07-03 07:08:02,209 INFO  client.GrpcClientProtocolClient (GrpcClientProtocolClient.java:onNext(254)) - client-253D2503C21A->6571ba41-d309-4d1d-a321-129a77bf1602: receive RaftClientReply:client-253D2503C21A->6571ba41-d309-4d1d-a321-129a77bf1602@group-6D4C5FD51127, cid=995, SUCCESS, logIndex=1377, commits[6571ba41-d309-4d1d-a321-129a77bf1602:c1377, 75e8c5ea-f06a-43e1-af6e-1f7f9b0b2cc1:c1375, 1d8d2908-dfb4-4358-9c6e-64b435d6fccc:c1375]
2019-07-03 07:08:02,221 INFO  client.GrpcClientProtocolClient (GrpcClientProtocolClient.java:onNext(254)) - client-253D2503C21A->6571ba41-d309-4d1d-a321-129a77bf1602: receive RaftClientReply:client-253D2503C21A->6571ba41-d309-4d1d-a321-129a77bf1602@group-6D4C5FD51127, cid=996, SUCCESS, logIndex=0, commits[6571ba41-d309-4d1d-a321-129a77bf1602:c1378, 75e8c5ea-f06a-43e1-af6e-1f7f9b0b2cc1:c1377, 1d8d2908-dfb4-4358-9c6e-64b435d6fccc:c1377]
2019-07-03 07:08:02,236 INFO  client.GrpcClientProtocolClient (GrpcClientProtocolClient.java:onNext(254)) - client-253D2503C21A->6571ba41-d309-4d1d-a321-129a77bf1602: receive RaftClientReply:client-253D2503C21A->6571ba41-d309-4d1d-a321-129a77bf1602@group-6D4C5FD51127, cid=997, SUCCESS, logIndex=1379, commits[6571ba41-d309-4d1d-a321-129a77bf1602:c1379, 75e8c5ea-f06a-43e1-af6e-1f7f9b0b2cc1:c1378, 1d8d2908-dfb4-4358-9c6e-64b435d6fccc:c1378]
2019-07-03 07:08:02,239 INFO  client.GrpcClientProtocolClient (GrpcClientProtocolClient.java:onNext(254)) - client-253D2503C21A->6571ba41-d309-4d1d-a321-129a77bf1602: receive RaftClientReply:client-253D2503C21A->6571ba41-d309-4d1d-a321-129a77bf1602@group-6D4C5FD51127, cid=998, SUCCESS, logIndex=1381, commits[6571ba41-d309-4d1d-a321-129a77bf1602:c1381, 75e8c5ea-f06a-43e1-af6e-1f7f9b0b2cc1:c1379, 1d8d2908-dfb4-4358-9c6e-64b435d6fccc:c1379]
2019-07-03 07:08:02,241 INFO  client.GrpcClientProtocolClient (GrpcClientProtocolClient.java:onNext(254)) - client-253D2503C21A->6571ba41-d309-4d1d-a321-129a77bf1602: receive RaftClientReply:client-253D2503C21A->6571ba41-d309-4d1d-a321-129a77bf1602@group-6D4C5FD51127, cid=999, SUCCESS, logIndex=1382, commits[6571ba41-d309-4d1d-a321-129a77bf1602:c1383, 75e8c5ea-f06a-43e1-af6e-1f7f9b0b2cc1:c1380, 1d8d2908-dfb4-4358-9c6e-64b435d6fccc:c1379]
2019-07-03 07:08:02,242 INFO  client.GrpcClientProtocolClient (GrpcClientProtocolClient.java:onNext(254)) - client-253D2503C21A->6571ba41-d309-4d1d-a321-129a77bf1602: receive RaftClientReply:client-253D2503C21A->6571ba41-d309-4d1d-a321-129a77bf1602@group-6D4C5FD51127, cid=1000, SUCCESS, logIndex=1383, commits[6571ba41-d309-4d1d-a321-129a77bf1602:c1383, 75e8c5ea-f06a-43e1-af6e-1f7f9b0b2cc1:c1380, 1d8d2908-dfb4-4358-9c6e-64b435d6fccc:c1379]
2019-07-03 07:08:02,244 INFO  client.GrpcClientProtocolClient (GrpcClientProtocolClient.java:onNext(254)) - client-253D2503C21A->6571ba41-d309-4d1d-a321-129a77bf1602: receive RaftClientReply:client-253D2503C21A->6571ba41-d309-4d1d-a321-129a77bf1602@group-6D4C5FD51127, cid=1001, SUCCESS, logIndex=0, commits[6571ba41-d309-4d1d-a321-129a77bf1602:c1385, 75e8c5ea-f06a-43e1-af6e-1f7f9b0b2cc1:c1382, 1d8d2908-dfb4-4358-9c6e-64b435d6fccc:c1381]
2019-07-03 07:08:02,266 INFO  client.GrpcClientProtocolClient (GrpcClientProtocolClient.java:onNext(254)) - client-253D2503C21A->6571ba41-d309-4d1d-a321-129a77bf1602: receive RaftClientReply:client-253D2503C21A->6571ba41-d309-4d1d-a321-129a77bf1602@group-6D4C5FD51127, cid=1002, SUCCESS, logIndex=1387, commits[6571ba41-d309-4d1d-a321-129a77bf1602:c1387, 75e8c5ea-f06a-43e1-af6e-1f7f9b0b2cc1:c1386, 1d8d2908-dfb4-4358-9c6e-64b435d6fccc:c1386]
2019-07-03 07:08:02,269 INFO  client.GrpcClientProtocolClient (GrpcClientProtocolClient.java:onNext(254)) - client-253D2503C21A->6571ba41-d309-4d1d-a321-129a77bf1602: receive RaftClientReply:client-253D2503C21A->6571ba41-d309-4d1d-a321-129a77bf1602@group-6D4C5FD51127, cid=1003, SUCCESS, logIndex=1389, commits[6571ba41-d309-4d1d-a321-129a77bf1602:c1389, 75e8c5ea-f06a-43e1-af6e-1f7f9b0b2cc1:c1387, 1d8d2908-dfb4-4358-9c6e-64b435d6fccc:c1387]
2019-07-03 07:08:02,282 INFO  client.GrpcClientProtocolClient (GrpcClientProtocolClient.java:onNext(254)) - client-253D2503C21A->6571ba41-d309-4d1d-a321-129a77bf1602: receive RaftClientReply:client-253D2503C21A->6571ba41-d309-4d1d-a321-129a77bf1602@group-6D4C5FD51127, cid=1004, SUCCESS, logIndex=1391, commits[6571ba41-d309-4d1d-a321-129a77bf1602:c1391, 75e8c5ea-f06a-43e1-af6e-1f7f9b0b2cc1:c1389, 1d8d2908-dfb4-4358-9c6e-64b435d6fccc:c1389]
2019-07-03 07:08:02,295 INFO  client.GrpcClientProtocolClient (GrpcClientProtocolClient.java:onNext(254)) - client-253D2503C21A->6571ba41-d309-4d1d-a321-129a77bf1602: receive RaftClientReply:client-253D2503C21A->6571ba41-d309-4d1d-a321-129a77bf1602@group-6D4C5FD51127, cid=1005, SUCCESS, logIndex=1393, commits[6571ba41-d309-4d1d-a321-129a77bf1602:c1393, 75e8c5ea-f06a-43e1-af6e-1f7f9b0b2cc1:c1391, 1d8d2908-dfb4-4358-9c6e-64b435d6fccc:c1391]
2019-07-03 07:08:02,307 INFO  client.GrpcClientProtocolClient (GrpcClientProtocolClient.java:onNext(254)) - client-253D2503C21A->6571ba41-d309-4d1d-a321-129a77bf1602: receive RaftClientReply:client-253D2503C21A->6571ba41-d309-4d1d-a321-129a77bf1602@group-6D4C5FD51127, cid=1006, SUCCESS, logIndex=0, commits[6571ba41-d309-4d1d-a321-129a77bf1602:c1394, 75e8c5ea-f06a-43e1-af6e-1f7f9b0b2cc1:c1393, 1d8d2908-dfb4-4358-9c6e-64b435d6fccc:c1393]
2019-07-03 07:08:02,327 INFO  client.GrpcClientProtocolClient (GrpcClientProtocolClient.java:onNext(254)) - client-253D2503C21A->6571ba41-d309-4d1d-a321-129a77bf1602: receive RaftClientReply:client-253D2503C21A->6571ba41-d309-4d1d-a321-129a77bf1602@group-6D4C5FD51127, cid=1007, SUCCESS, logIndex=1395, commits[6571ba41-d309-4d1d-a321-129a77bf1602:c1395, 75e8c5ea-f06a-43e1-af6e-1f7f9b0b2cc1:c1394, 1d8d2908-dfb4-4358-9c6e-64b435d6fccc:c1394]
2019-07-03 07:08:02,340 INFO  client.GrpcClientProtocolClient (GrpcClientProtocolClient.java:onNext(254)) - client-253D2503C21A->6571ba41-d309-4d1d-a321-129a77bf1602: receive RaftClientReply:client-253D2503C21A->6571ba41-d309-4d1d-a321-129a77bf1602@group-6D4C5FD51127, cid=1008, SUCCESS, logIndex=1397, commits[6571ba41-d309-4d1d-a321-129a77bf1602:c1398, 75e8c5ea-f06a-43e1-af6e-1f7f9b0b2cc1:c1395, 1d8d2908-dfb4-4358-9c6e-64b435d6fccc:c1395]
2019-07-03 07:08:02,340 INFO  client.GrpcClientProtocolClient (GrpcClientProtocolClient.java:onNext(254)) - client-253D2503C21A->6571ba41-d309-4d1d-a321-129a77bf1602: receive RaftClientReply:client-253D2503C21A->6571ba41-d309-4d1d-a321-129a77bf1602@group-6D4C5FD51127, cid=1009, SUCCESS, logIndex=1398, commits[6571ba41-d309-4d1d-a321-129a77bf1602:c1398, 75e8c5ea-f06a-43e1-af6e-1f7f9b0b2cc1:c1395, 1d8d2908-dfb4-4358-9c6e-64b435d6fccc:c1395]
2019-07-03 07:08:02,341 INFO  client.GrpcClientProtocolClient (GrpcClientProtocolClient.java:onNext(254)) - client-253D2503C21A->6571ba41-d309-4d1d-a321-129a77bf1602: receive RaftClientReply:client-253D2503C21A->6571ba41-d309-4d1d-a321-129a77bf1602@group-6D4C5FD51127, cid=1010, SUCCESS, logIndex=1399, commits[6571ba41-d309-4d1d-a321-129a77bf1602:c1400, 75e8c5ea-f06a-43e1-af6e-1f7f9b0b2cc1:c1397, 1d8d2908-dfb4-4358-9c6e-64b435d6fccc:c1395]
2019-07-03 07:08:02,342 INFO  client.GrpcClientProtocolClient (GrpcClientProtocolClient.java:onNext(254)) - client-253D2503C21A->6571ba41-d309-4d1d-a321-129a77bf1602: receive RaftClientReply:client-253D2503C21A->6571ba41-d309-4d1d-a321-129a77bf1602@group-6D4C5FD51127, cid=1011, SUCCESS, logIndex=0, commits[6571ba41-d309-4d1d-a321-129a77bf1602:c1401, 75e8c5ea-f06a-43e1-af6e-1f7f9b0b2cc1:c1398, 1d8d2908-dfb4-4358-9c6e-64b435d6fccc:c1397]
2019-07-03 07:08:02,363 INFO  client.GrpcClientProtocolClient (GrpcClientProtocolClient.java:onNext(254)) - client-253D2503C21A->6571ba41-d309-4d1d-a321-129a77bf1602: receive RaftClientReply:client-253D2503C21A->6571ba41-d309-4d1d-a321-129a77bf1602@group-6D4C5FD51127, cid=1012, SUCCESS, logIndex=1403, commits[6571ba41-d309-4d1d-a321-129a77bf1602:c1403, 75e8c5ea-f06a-43e1-af6e-1f7f9b0b2cc1:c1402, 1d8d2908-dfb4-4358-9c6e-64b435d6fccc:c1402]
2019-07-03 07:08:02,376 INFO  client.GrpcClientProtocolClient (GrpcClientProtocolClient.java:onNext(254)) - client-253D2503C21A->6571ba41-d309-4d1d-a321-129a77bf1602: receive RaftClientReply:client-253D2503C21A->6571ba41-d309-4d1d-a321-129a77bf1602@group-6D4C5FD51127, cid=1013, SUCCESS, logIndex=1405, commits[6571ba41-d309-4d1d-a321-129a77bf1602:c1405, 75e8c5ea-f06a-43e1-af6e-1f7f9b0b2cc1:c1403, 1d8d2908-dfb4-4358-9c6e-64b435d6fccc:c1403]
2019-07-03 07:08:02,389 INFO  client.GrpcClientProtocolClient (GrpcClientProtocolClient.java:onNext(254)) - client-253D2503C21A->6571ba41-d309-4d1d-a321-129a77bf1602: receive RaftClientReply:client-253D2503C21A->6571ba41-d309-4d1d-a321-129a77bf1602@group-6D4C5FD51127, cid=1014, SUCCESS, logIndex=1407, commits[6571ba41-d309-4d1d-a321-129a77bf1602:c1407, 75e8c5ea-f06a-43e1-af6e-1f7f9b0b2cc1:c1405, 1d8d2908-dfb4-4358-9c6e-64b435d6fccc:c1405]
2019-07-03 07:08:02,393 INFO  client.GrpcClientProtocolClient (GrpcClientProtocolClient.java:onNext(254)) - client-253D2503C21A->6571ba41-d309-4d1d-a321-129a77bf1602: receive RaftClientReply:client-253D2503C21A->6571ba41-d309-4d1d-a321-129a77bf1602@group-6D4C5FD51127, cid=1015, SUCCESS, logIndex=1409, commits[6571ba41-d309-4d1d-a321-129a77bf1602:c1409, 75e8c5ea-f06a-43e1-af6e-1f7f9b0b2cc1:c1407, 1d8d2908-dfb4-4358-9c6e-64b435d6fccc:c1407]
2019-07-03 07:08:02,405 INFO  client.GrpcClientProtocolClient (GrpcClientProtocolClient.java:onNext(254)) - client-253D2503C21A->6571ba41-d309-4d1d-a321-129a77bf1602: receive RaftClientReply:client-253D2503C21A->6571ba41-d309-4d1d-a321-129a77bf1602@group-6D4C5FD51127, cid=1016, SUCCESS, logIndex=0, commits[6571ba41-d309-4d1d-a321-129a77bf1602:c1410, 75e8c5ea-f06a-43e1-af6e-1f7f9b0b2cc1:c1409, 1d8d2908-dfb4-4358-9c6e-64b435d6fccc:c1409]
2019-07-03 07:08:02,552 INFO  client.GrpcClientProtocolClient (GrpcClientProtocolClient.java:onNext(254)) - client-253D2503C21A->6571ba41-d309-4d1d-a321-129a77bf1602: receive RaftClientReply:client-253D2503C21A->6571ba41-d309-4d1d-a321-129a77bf1602@group-6D4C5FD51127, cid=1017, SUCCESS, logIndex=1411, commits[6571ba41-d309-4d1d-a321-129a77bf1602:c1411, 75e8c5ea-f06a-43e1-af6e-1f7f9b0b2cc1:c1410, 1d8d2908-dfb4-4358-9c6e-64b435d6fccc:c1410]
2019-07-03 07:08:02,565 INFO  client.GrpcClientProtocolClient (GrpcClientProtocolClient.java:onNext(254)) - client-253D2503C21A->6571ba41-d309-4d1d-a321-129a77bf1602: receive RaftClientReply:client-253D2503C21A->6571ba41-d309-4d1d-a321-129a77bf1602@group-6D4C5FD51127, cid=1018, SUCCESS, logIndex=1413, commits[6571ba41-d309-4d1d-a321-129a77bf1602:c1414, 75e8c5ea-f06a-43e1-af6e-1f7f9b0b2cc1:c1411, 1d8d2908-dfb4-4358-9c6e-64b435d6fccc:c1411]
2019-07-03 07:08:02,566 INFO  client.GrpcClientProtocolClient (GrpcClientProtocolClient.java:onNext(254)) - client-253D2503C21A->6571ba41-d309-4d1d-a321-129a77bf1602: receive RaftClientReply:client-253D2503C21A->6571ba41-d309-4d1d-a321-129a77bf1602@group-6D4C5FD51127, cid=1019, SUCCESS, logIndex=1414, commits[6571ba41-d309-4d1d-a321-129a77bf1602:c1415, 75e8c5ea-f06a-43e1-af6e-1f7f9b0b2cc1:c1411, 1d8d2908-dfb4-4358-9c6e-64b435d6fccc:c1411]
2019-07-03 07:08:02,566 INFO  client.GrpcClientProtocolClient (GrpcClientProtocolClient.java:onNext(254)) - client-253D2503C21A->6571ba41-d309-4d1d-a321-129a77bf1602: receive RaftClientReply:client-253D2503C21A->6571ba41-d309-4d1d-a321-129a77bf1602@group-6D4C5FD51127, cid=1020, SUCCESS, logIndex=1415, commits[6571ba41-d309-4d1d-a321-129a77bf1602:c1415, 75e8c5ea-f06a-43e1-af6e-1f7f9b0b2cc1:c1411, 1d8d2908-dfb4-4358-9c6e-64b435d6fccc:c1411]
2019-07-03 07:08:02,568 INFO  client.GrpcClientProtocolClient (GrpcClientProtocolClient.java:onNext(254)) - client-253D2503C21A->6571ba41-d309-4d1d-a321-129a77bf1602: receive RaftClientReply:client-253D2503C21A->6571ba41-d309-4d1d-a321-129a77bf1602@group-6D4C5FD51127, cid=1021, SUCCESS, logIndex=0, commits[6571ba41-d309-4d1d-a321-129a77bf1602:c1417, 75e8c5ea-f06a-43e1-af6e-1f7f9b0b2cc1:c1414, 1d8d2908-dfb4-4358-9c6e-64b435d6fccc:c1414]
2019-07-03 07:08:02,590 INFO  client.GrpcClientProtocolClient (GrpcClientProtocolClient.java:onNext(254)) - client-253D2503C21A->6571ba41-d309-4d1d-a321-129a77bf1602: receive RaftClientReply:client-253D2503C21A->6571ba41-d309-4d1d-a321-129a77bf1602@group-6D4C5FD51127, cid=1022, SUCCESS, logIndex=1419, commits[6571ba41-d309-4d1d-a321-129a77bf1602:c1419, 75e8c5ea-f06a-43e1-af6e-1f7f9b0b2cc1:c1418, 1d8d2908-dfb4-4358-9c6e-64b435d6fccc:c1418]
2019-07-03 07:08:02,603 INFO  client.GrpcClientProtocolClient (GrpcClientProtocolClient.java:onNext(254)) - client-253D2503C21A->6571ba41-d309-4d1d-a321-129a77bf1602: receive RaftClientReply:client-253D2503C21A->6571ba41-d309-4d1d-a321-129a77bf1602@group-6D4C5FD51127, cid=1023, SUCCESS, logIndex=1421, commits[6571ba41-d309-4d1d-a321-129a77bf1602:c1421, 75e8c5ea-f06a-43e1-af6e-1f7f9b0b2cc1:c1419, 1d8d2908-dfb4-4358-9c6e-64b435d6fccc:c1419]
2019-07-03 07:08:02,617 INFO  client.GrpcClientProtocolClient (GrpcClientProtocolClient.java:onNext(254)) - client-253D2503C21A->6571ba41-d309-4d1d-a321-129a77bf1602: receive RaftClientReply:client-253D2503C21A->6571ba41-d309-4d1d-a321-129a77bf1602@group-6D4C5FD51127, cid=1024, SUCCESS, logIndex=1423, commits[6571ba41-d309-4d1d-a321-129a77bf1602:c1423, 75e8c5ea-f06a-43e1-af6e-1f7f9b0b2cc1:c1421, 1d8d2908-dfb4-4358-9c6e-64b435d6fccc:c1421]
2019-07-03 07:08:02,617 INFO  storage.RaftLogWorker (RaftLogWorker.java:rollLogSegment(303)) - 6571ba41-d309-4d1d-a321-129a77bf1602-RaftLogWorker: Rolling segment log-1345_1424 to index:1424
2019-07-03 07:08:02,618 INFO  storage.RaftLogWorker (RaftLogWorker.java:execute(433)) - 6571ba41-d309-4d1d-a321-129a77bf1602-RaftLogWorker: Rolled log segment from /opt/src/hadoop-ozone/tools/target/test-dir/MiniOzoneClusterImpl-0519545d-318d-4c21-a2a0-688f18f8a31d/datanode-4/data/ratis/23ffc2a4-5526-4092-9dc4-6d4c5fd51127/current/log_inprogress_1345 to /opt/src/hadoop-ozone/tools/target/test-dir/MiniOzoneClusterImpl-0519545d-318d-4c21-a2a0-688f18f8a31d/datanode-4/data/ratis/23ffc2a4-5526-4092-9dc4-6d4c5fd51127/current/log_1345-1424
2019-07-03 07:08:02,618 INFO  storage.RaftLogWorker (RaftLogWorker.java:rollLogSegment(303)) - 1d8d2908-dfb4-4358-9c6e-64b435d6fccc-RaftLogWorker: Rolling segment log-1345_1424 to index:1424
2019-07-03 07:08:02,618 INFO  storage.RaftLogWorker (RaftLogWorker.java:rollLogSegment(303)) - 75e8c5ea-f06a-43e1-af6e-1f7f9b0b2cc1-RaftLogWorker: Rolling segment log-1345_1424 to index:1424
2019-07-03 07:08:02,619 INFO  storage.RaftLogWorker (RaftLogWorker.java:execute(433)) - 1d8d2908-dfb4-4358-9c6e-64b435d6fccc-RaftLogWorker: Rolled log segment from /opt/src/hadoop-ozone/tools/target/test-dir/MiniOzoneClusterImpl-0519545d-318d-4c21-a2a0-688f18f8a31d/datanode-2/data/ratis/23ffc2a4-5526-4092-9dc4-6d4c5fd51127/current/log_inprogress_1345 to /opt/src/hadoop-ozone/tools/target/test-dir/MiniOzoneClusterImpl-0519545d-318d-4c21-a2a0-688f18f8a31d/datanode-2/data/ratis/23ffc2a4-5526-4092-9dc4-6d4c5fd51127/current/log_1345-1424
2019-07-03 07:08:02,619 INFO  storage.RaftLogWorker (RaftLogWorker.java:execute(433)) - 75e8c5ea-f06a-43e1-af6e-1f7f9b0b2cc1-RaftLogWorker: Rolled log segment from /opt/src/hadoop-ozone/tools/target/test-dir/MiniOzoneClusterImpl-0519545d-318d-4c21-a2a0-688f18f8a31d/datanode-1/data/ratis/23ffc2a4-5526-4092-9dc4-6d4c5fd51127/current/log_inprogress_1345 to /opt/src/hadoop-ozone/tools/target/test-dir/MiniOzoneClusterImpl-0519545d-318d-4c21-a2a0-688f18f8a31d/datanode-1/data/ratis/23ffc2a4-5526-4092-9dc4-6d4c5fd51127/current/log_1345-1424
2019-07-03 07:08:02,662 INFO  storage.RaftLogWorker (RaftLogWorker.java:execute(469)) - 75e8c5ea-f06a-43e1-af6e-1f7f9b0b2cc1-RaftLogWorker: created new log segment /opt/src/hadoop-ozone/tools/target/test-dir/MiniOzoneClusterImpl-0519545d-318d-4c21-a2a0-688f18f8a31d/datanode-1/data/ratis/23ffc2a4-5526-4092-9dc4-6d4c5fd51127/current/log_inprogress_1425
2019-07-03 07:08:02,684 INFO  storage.RaftLogWorker (RaftLogWorker.java:execute(469)) - 6571ba41-d309-4d1d-a321-129a77bf1602-RaftLogWorker: created new log segment /opt/src/hadoop-ozone/tools/target/test-dir/MiniOzoneClusterImpl-0519545d-318d-4c21-a2a0-688f18f8a31d/datanode-4/data/ratis/23ffc2a4-5526-4092-9dc4-6d4c5fd51127/current/log_inprogress_1425
2019-07-03 07:08:02,684 INFO  storage.RaftLogWorker (RaftLogWorker.java:execute(469)) - 1d8d2908-dfb4-4358-9c6e-64b435d6fccc-RaftLogWorker: created new log segment /opt/src/hadoop-ozone/tools/target/test-dir/MiniOzoneClusterImpl-0519545d-318d-4c21-a2a0-688f18f8a31d/datanode-2/data/ratis/23ffc2a4-5526-4092-9dc4-6d4c5fd51127/current/log_inprogress_1425
2019-07-03 07:08:02,686 INFO  client.GrpcClientProtocolClient (GrpcClientProtocolClient.java:onNext(254)) - client-253D2503C21A->6571ba41-d309-4d1d-a321-129a77bf1602: receive RaftClientReply:client-253D2503C21A->6571ba41-d309-4d1d-a321-129a77bf1602@group-6D4C5FD51127, cid=1025, SUCCESS, logIndex=1425, commits[6571ba41-d309-4d1d-a321-129a77bf1602:c1425, 75e8c5ea-f06a-43e1-af6e-1f7f9b0b2cc1:c1423, 1d8d2908-dfb4-4358-9c6e-64b435d6fccc:c1423]
2019-07-03 07:08:02,691 INFO  client.GrpcClientProtocolClient (GrpcClientProtocolClient.java:onNext(254)) - client-253D2503C21A->6571ba41-d309-4d1d-a321-129a77bf1602: receive RaftClientReply:client-253D2503C21A->6571ba41-d309-4d1d-a321-129a77bf1602@group-6D4C5FD51127, cid=1026, SUCCESS, logIndex=0, commits[6571ba41-d309-4d1d-a321-129a77bf1602:c1426, 75e8c5ea-f06a-43e1-af6e-1f7f9b0b2cc1:c1425, 1d8d2908-dfb4-4358-9c6e-64b435d6fccc:c1425]
 0.00% |█                                                                                                    |  0/1 Time: 0:00:102019-07-03 07:08:02,715 INFO  client.GrpcClientProtocolClient (GrpcClientProtocolClient.java:onNext(254)) - client-253D2503C21A->6571ba41-d309-4d1d-a321-129a77bf1602: receive RaftClientReply:client-253D2503C21A->6571ba41-d309-4d1d-a321-129a77bf1602@group-6D4C5FD51127, cid=1027, SUCCESS, logIndex=1427, commits[6571ba41-d309-4d1d-a321-129a77bf1602:c1427, 75e8c5ea-f06a-43e1-af6e-1f7f9b0b2cc1:c1426, 1d8d2908-dfb4-4358-9c6e-64b435d6fccc:c1426]
2019-07-03 07:08:02,727 INFO  client.GrpcClientProtocolClient (GrpcClientProtocolClient.java:onNext(254)) - client-253D2503C21A->6571ba41-d309-4d1d-a321-129a77bf1602: receive RaftClientReply:client-253D2503C21A->6571ba41-d309-4d1d-a321-129a77bf1602@group-6D4C5FD51127, cid=1028, SUCCESS, logIndex=1429, commits[6571ba41-d309-4d1d-a321-129a77bf1602:c1430, 75e8c5ea-f06a-43e1-af6e-1f7f9b0b2cc1:c1427, 1d8d2908-dfb4-4358-9c6e-64b435d6fccc:c1427]
2019-07-03 07:08:02,728 INFO  client.GrpcClientProtocolClient (GrpcClientProtocolClient.java:onNext(254)) - client-253D2503C21A->6571ba41-d309-4d1d-a321-129a77bf1602: receive RaftClientReply:client-253D2503C21A->6571ba41-d309-4d1d-a321-129a77bf1602@group-6D4C5FD51127, cid=1029, SUCCESS, logIndex=1430, commits[6571ba41-d309-4d1d-a321-129a77bf1602:c1431, 75e8c5ea-f06a-43e1-af6e-1f7f9b0b2cc1:c1427, 1d8d2908-dfb4-4358-9c6e-64b435d6fccc:c1427]
2019-07-03 07:08:02,728 INFO  client.GrpcClientProtocolClient (GrpcClientProtocolClient.java:onNext(254)) - client-253D2503C21A->6571ba41-d309-4d1d-a321-129a77bf1602: receive RaftClientReply:client-253D2503C21A->6571ba41-d309-4d1d-a321-129a77bf1602@group-6D4C5FD51127, cid=1030, SUCCESS, logIndex=1431, commits[6571ba41-d309-4d1d-a321-129a77bf1602:c1431, 75e8c5ea-f06a-43e1-af6e-1f7f9b0b2cc1:c1429, 1d8d2908-dfb4-4358-9c6e-64b435d6fccc:c1427]
2019-07-03 07:08:02,730 INFO  client.GrpcClientProtocolClient (GrpcClientProtocolClient.java:onNext(254)) - client-253D2503C21A->6571ba41-d309-4d1d-a321-129a77bf1602: receive RaftClientReply:client-253D2503C21A->6571ba41-d309-4d1d-a321-129a77bf1602@group-6D4C5FD51127, cid=1031, SUCCESS, logIndex=0, commits[6571ba41-d309-4d1d-a321-129a77bf1602:c1433, 75e8c5ea-f06a-43e1-af6e-1f7f9b0b2cc1:c1430, 1d8d2908-dfb4-4358-9c6e-64b435d6fccc:c1430]
2019-07-03 07:08:02,752 INFO  client.GrpcClientProtocolClient (GrpcClientProtocolClient.java:onNext(254)) - client-253D2503C21A->6571ba41-d309-4d1d-a321-129a77bf1602: receive RaftClientReply:client-253D2503C21A->6571ba41-d309-4d1d-a321-129a77bf1602@group-6D4C5FD51127, cid=1032, SUCCESS, logIndex=1435, commits[6571ba41-d309-4d1d-a321-129a77bf1602:c1435, 75e8c5ea-f06a-43e1-af6e-1f7f9b0b2cc1:c1434, 1d8d2908-dfb4-4358-9c6e-64b435d6fccc:c1434]
2019-07-03 07:08:02,765 INFO  client.GrpcClientProtocolClient (GrpcClientProtocolClient.java:onNext(254)) - client-253D2503C21A->6571ba41-d309-4d1d-a321-129a77bf1602: receive RaftClientReply:client-253D2503C21A->6571ba41-d309-4d1d-a321-129a77bf1602@group-6D4C5FD51127, cid=1033, SUCCESS, logIndex=1437, commits[6571ba41-d309-4d1d-a321-129a77bf1602:c1437, 75e8c5ea-f06a-43e1-af6e-1f7f9b0b2cc1:c1435, 1d8d2908-dfb4-4358-9c6e-64b435d6fccc:c1435]
2019-07-03 07:08:02,812 INFO  client.GrpcClientProtocolClient (GrpcClientProtocolClient.java:onNext(254)) - client-253D2503C21A->6571ba41-d309-4d1d-a321-129a77bf1602: receive RaftClientReply:client-253D2503C21A->6571ba41-d309-4d1d-a321-129a77bf1602@group-6D4C5FD51127, cid=1034, SUCCESS, logIndex=1439, commits[6571ba41-d309-4d1d-a321-129a77bf1602:c1439, 75e8c5ea-f06a-43e1-af6e-1f7f9b0b2cc1:c1437, 1d8d2908-dfb4-4358-9c6e-64b435d6fccc:c1437]
2019-07-03 07:08:02,826 INFO  client.GrpcClientProtocolClient (GrpcClientProtocolClient.java:onNext(254)) - client-253D2503C21A->6571ba41-d309-4d1d-a321-129a77bf1602: receive RaftClientReply:client-253D2503C21A->6571ba41-d309-4d1d-a321-129a77bf1602@group-6D4C5FD51127, cid=1035, SUCCESS, logIndex=1441, commits[6571ba41-d309-4d1d-a321-129a77bf1602:c1441, 75e8c5ea-f06a-43e1-af6e-1f7f9b0b2cc1:c1439, 1d8d2908-dfb4-4358-9c6e-64b435d6fccc:c1439]
2019-07-03 07:08:02,838 INFO  client.GrpcClientProtocolClient (GrpcClientProtocolClient.java:onNext(254)) - client-253D2503C21A->6571ba41-d309-4d1d-a321-129a77bf1602: receive RaftClientReply:client-253D2503C21A->6571ba41-d309-4d1d-a321-129a77bf1602@group-6D4C5FD51127, cid=1036, SUCCESS, logIndex=0, commits[6571ba41-d309-4d1d-a321-129a77bf1602:c1442, 75e8c5ea-f06a-43e1-af6e-1f7f9b0b2cc1:c1441, 1d8d2908-dfb4-4358-9c6e-64b435d6fccc:c1441]
2019-07-03 07:08:02,861 INFO  client.GrpcClientProtocolClient (GrpcClientProtocolClient.java:onNext(254)) - client-253D2503C21A->6571ba41-d309-4d1d-a321-129a77bf1602: receive RaftClientReply:client-253D2503C21A->6571ba41-d309-4d1d-a321-129a77bf1602@group-6D4C5FD51127, cid=1037, SUCCESS, logIndex=1443, commits[6571ba41-d309-4d1d-a321-129a77bf1602:c1443, 75e8c5ea-f06a-43e1-af6e-1f7f9b0b2cc1:c1442, 1d8d2908-dfb4-4358-9c6e-64b435d6fccc:c1442]
2019-07-03 07:08:02,873 INFO  client.GrpcClientProtocolClient (GrpcClientProtocolClient.java:onNext(254)) - client-253D2503C21A->6571ba41-d309-4d1d-a321-129a77bf1602: receive RaftClientReply:client-253D2503C21A->6571ba41-d309-4d1d-a321-129a77bf1602@group-6D4C5FD51127, cid=1038, SUCCESS, logIndex=1445, commits[6571ba41-d309-4d1d-a321-129a77bf1602:c1446, 75e8c5ea-f06a-43e1-af6e-1f7f9b0b2cc1:c1443, 1d8d2908-dfb4-4358-9c6e-64b435d6fccc:c1443]
2019-07-03 07:08:02,874 INFO  client.GrpcClientProtocolClient (GrpcClientProtocolClient.java:onNext(254)) - client-253D2503C21A->6571ba41-d309-4d1d-a321-129a77bf1602: receive RaftClientReply:client-253D2503C21A->6571ba41-d309-4d1d-a321-129a77bf1602@group-6D4C5FD51127, cid=1039, SUCCESS, logIndex=1446, commits[6571ba41-d309-4d1d-a321-129a77bf1602:c1447, 75e8c5ea-f06a-43e1-af6e-1f7f9b0b2cc1:c1443, 1d8d2908-dfb4-4358-9c6e-64b435d6fccc:c1443]
2019-07-03 07:08:02,874 INFO  client.GrpcClientProtocolClient (GrpcClientProtocolClient.java:onNext(254)) - client-253D2503C21A->6571ba41-d309-4d1d-a321-129a77bf1602: receive RaftClientReply:client-253D2503C21A->6571ba41-d309-4d1d-a321-129a77bf1602@group-6D4C5FD51127, cid=1040, SUCCESS, logIndex=1447, commits[6571ba41-d309-4d1d-a321-129a77bf1602:c1447, 75e8c5ea-f06a-43e1-af6e-1f7f9b0b2cc1:c1443, 1d8d2908-dfb4-4358-9c6e-64b435d6fccc:c1443]
2019-07-03 07:08:02,877 INFO  client.GrpcClientProtocolClient (GrpcClientProtocolClient.java:onNext(254)) - client-253D2503C21A->6571ba41-d309-4d1d-a321-129a77bf1602: receive RaftClientReply:client-253D2503C21A->6571ba41-d309-4d1d-a321-129a77bf1602@group-6D4C5FD51127, cid=1041, SUCCESS, logIndex=0, commits[6571ba41-d309-4d1d-a321-129a77bf1602:c1449, 75e8c5ea-f06a-43e1-af6e-1f7f9b0b2cc1:c1446, 1d8d2908-dfb4-4358-9c6e-64b435d6fccc:c1446]
2019-07-03 07:08:02,900 INFO  client.GrpcClientProtocolClient (GrpcClientProtocolClient.java:onNext(254)) - client-253D2503C21A->6571ba41-d309-4d1d-a321-129a77bf1602: receive RaftClientReply:client-253D2503C21A->6571ba41-d309-4d1d-a321-129a77bf1602@group-6D4C5FD51127, cid=1042, SUCCESS, logIndex=1451, commits[6571ba41-d309-4d1d-a321-129a77bf1602:c1451, 75e8c5ea-f06a-43e1-af6e-1f7f9b0b2cc1:c1450, 1d8d2908-dfb4-4358-9c6e-64b435d6fccc:c1450]
2019-07-03 07:08:02,913 INFO  client.GrpcClientProtocolClient (GrpcClientProtocolClient.java:onNext(254)) - client-253D2503C21A->6571ba41-d309-4d1d-a321-129a77bf1602: receive RaftClientReply:client-253D2503C21A->6571ba41-d309-4d1d-a321-129a77bf1602@group-6D4C5FD51127, cid=1043, SUCCESS, logIndex=1453, commits[6571ba41-d309-4d1d-a321-129a77bf1602:c1453, 75e8c5ea-f06a-43e1-af6e-1f7f9b0b2cc1:c1451, 1d8d2908-dfb4-4358-9c6e-64b435d6fccc:c1451]
2019-07-03 07:08:02,986 INFO  client.GrpcClientProtocolClient (GrpcClientProtocolClient.java:onNext(254)) - client-253D2503C21A->6571ba41-d309-4d1d-a321-129a77bf1602: receive RaftClientReply:client-253D2503C21A->6571ba41-d309-4d1d-a321-129a77bf1602@group-6D4C5FD51127, cid=1044, SUCCESS, logIndex=1455, commits[6571ba41-d309-4d1d-a321-129a77bf1602:c1455, 75e8c5ea-f06a-43e1-af6e-1f7f9b0b2cc1:c1453, 1d8d2908-dfb4-4358-9c6e-64b435d6fccc:c1453]
2019-07-03 07:08:02,990 INFO  client.GrpcClientProtocolClient (GrpcClientProtocolClient.java:onNext(254)) - client-253D2503C21A->6571ba41-d309-4d1d-a321-129a77bf1602: receive RaftClientReply:client-253D2503C21A->6571ba41-d309-4d1d-a321-129a77bf1602@group-6D4C5FD51127, cid=1045, SUCCESS, logIndex=1457, commits[6571ba41-d309-4d1d-a321-129a77bf1602:c1457, 75e8c5ea-f06a-43e1-af6e-1f7f9b0b2cc1:c1455, 1d8d2908-dfb4-4358-9c6e-64b435d6fccc:c1455]
2019-07-03 07:08:02,992 INFO  client.GrpcClientProtocolClient (GrpcClientProtocolClient.java:onNext(254)) - client-253D2503C21A->6571ba41-d309-4d1d-a321-129a77bf1602: receive RaftClientReply:client-253D2503C21A->6571ba41-d309-4d1d-a321-129a77bf1602@group-6D4C5FD51127, cid=1046, SUCCESS, logIndex=0, commits[6571ba41-d309-4d1d-a321-129a77bf1602:c1458, 75e8c5ea-f06a-43e1-af6e-1f7f9b0b2cc1:c1457, 1d8d2908-dfb4-4358-9c6e-64b435d6fccc:c1457]
2019-07-03 07:08:03,016 INFO  client.GrpcClientProtocolClient (GrpcClientProtocolClient.java:onNext(254)) - client-253D2503C21A->6571ba41-d309-4d1d-a321-129a77bf1602: receive RaftClientReply:client-253D2503C21A->6571ba41-d309-4d1d-a321-129a77bf1602@group-6D4C5FD51127, cid=1047, SUCCESS, logIndex=1459, commits[6571ba41-d309-4d1d-a321-129a77bf1602:c1459, 75e8c5ea-f06a-43e1-af6e-1f7f9b0b2cc1:c1458, 1d8d2908-dfb4-4358-9c6e-64b435d6fccc:c1458]
2019-07-03 07:08:03,028 INFO  client.GrpcClientProtocolClient (GrpcClientProtocolClient.java:onNext(254)) - client-253D2503C21A->6571ba41-d309-4d1d-a321-129a77bf1602: receive RaftClientReply:client-253D2503C21A->6571ba41-d309-4d1d-a321-129a77bf1602@group-6D4C5FD51127, cid=1048, SUCCESS, logIndex=1461, commits[6571ba41-d309-4d1d-a321-129a77bf1602:c1462, 75e8c5ea-f06a-43e1-af6e-1f7f9b0b2cc1:c1459, 1d8d2908-dfb4-4358-9c6e-64b435d6fccc:c1459]
2019-07-03 07:08:03,029 INFO  client.GrpcClientProtocolClient (GrpcClientProtocolClient.java:onNext(254)) - client-253D2503C21A->6571ba41-d309-4d1d-a321-129a77bf1602: receive RaftClientReply:client-253D2503C21A->6571ba41-d309-4d1d-a321-129a77bf1602@group-6D4C5FD51127, cid=1049, SUCCESS, logIndex=1462, commits[6571ba41-d309-4d1d-a321-129a77bf1602:c1462, 75e8c5ea-f06a-43e1-af6e-1f7f9b0b2cc1:c1459, 1d8d2908-dfb4-4358-9c6e-64b435d6fccc:c1459]
2019-07-03 07:08:03,040 INFO  client.GrpcClientProtocolClient (GrpcClientProtocolClient.java:onNext(254)) - client-253D2503C21A->6571ba41-d309-4d1d-a321-129a77bf1602: receive RaftClientReply:client-253D2503C21A->6571ba41-d309-4d1d-a321-129a77bf1602@group-6D4C5FD51127, cid=1050, SUCCESS, logIndex=1463, commits[6571ba41-d309-4d1d-a321-129a77bf1602:c1464, 75e8c5ea-f06a-43e1-af6e-1f7f9b0b2cc1:c1461, 1d8d2908-dfb4-4358-9c6e-64b435d6fccc:c1459]
2019-07-03 07:08:03,041 INFO  client.GrpcClientProtocolClient (GrpcClientProtocolClient.java:onNext(254)) - client-253D2503C21A->6571ba41-d309-4d1d-a321-129a77bf1602: receive RaftClientReply:client-253D2503C21A->6571ba41-d309-4d1d-a321-129a77bf1602@group-6D4C5FD51127, cid=1051, SUCCESS, logIndex=0, commits[6571ba41-d309-4d1d-a321-129a77bf1602:c1465, 75e8c5ea-f06a-43e1-af6e-1f7f9b0b2cc1:c1462, 1d8d2908-dfb4-4358-9c6e-64b435d6fccc:c1461]
2019-07-03 07:08:03,058 INFO  client.GrpcClientProtocolClient (GrpcClientProtocolClient.java:onNext(254)) - client-253D2503C21A->6571ba41-d309-4d1d-a321-129a77bf1602: receive RaftClientReply:client-253D2503C21A->6571ba41-d309-4d1d-a321-129a77bf1602@group-6D4C5FD51127, cid=1052, SUCCESS, logIndex=1467, commits[6571ba41-d309-4d1d-a321-129a77bf1602:c1467, 75e8c5ea-f06a-43e1-af6e-1f7f9b0b2cc1:c1466, 1d8d2908-dfb4-4358-9c6e-64b435d6fccc:c1466]
2019-07-03 07:08:03,079 INFO  client.GrpcClientProtocolClient (GrpcClientProtocolClient.java:onNext(254)) - client-253D2503C21A->6571ba41-d309-4d1d-a321-129a77bf1602: receive RaftClientReply:client-253D2503C21A->6571ba41-d309-4d1d-a321-129a77bf1602@group-6D4C5FD51127, cid=1053, SUCCESS, logIndex=1469, commits[6571ba41-d309-4d1d-a321-129a77bf1602:c1469, 75e8c5ea-f06a-43e1-af6e-1f7f9b0b2cc1:c1467, 1d8d2908-dfb4-4358-9c6e-64b435d6fccc:c1467]
2019-07-03 07:08:03,104 INFO  client.GrpcClientProtocolClient (GrpcClientProtocolClient.java:onNext(254)) - client-253D2503C21A->6571ba41-d309-4d1d-a321-129a77bf1602: receive RaftClientReply:client-253D2503C21A->6571ba41-d309-4d1d-a321-129a77bf1602@group-6D4C5FD51127, cid=1054, SUCCESS, logIndex=1471, commits[6571ba41-d309-4d1d-a321-129a77bf1602:c1471, 75e8c5ea-f06a-43e1-af6e-1f7f9b0b2cc1:c1469, 1d8d2908-dfb4-4358-9c6e-64b435d6fccc:c1469]
2019-07-03 07:08:03,107 INFO  client.GrpcClientProtocolClient (GrpcClientProtocolClient.java:onNext(254)) - client-253D2503C21A->6571ba41-d309-4d1d-a321-129a77bf1602: receive RaftClientReply:client-253D2503C21A->6571ba41-d309-4d1d-a321-129a77bf1602@group-6D4C5FD51127, cid=1055, SUCCESS, logIndex=1473, commits[6571ba41-d309-4d1d-a321-129a77bf1602:c1473, 75e8c5ea-f06a-43e1-af6e-1f7f9b0b2cc1:c1471, 1d8d2908-dfb4-4358-9c6e-64b435d6fccc:c1471]
2019-07-03 07:08:03,109 INFO  client.GrpcClientProtocolClient (GrpcClientProtocolClient.java:onNext(254)) - client-253D2503C21A->6571ba41-d309-4d1d-a321-129a77bf1602: receive RaftClientReply:client-253D2503C21A->6571ba41-d309-4d1d-a321-129a77bf1602@group-6D4C5FD51127, cid=1056, SUCCESS, logIndex=0, commits[6571ba41-d309-4d1d-a321-129a77bf1602:c1474, 75e8c5ea-f06a-43e1-af6e-1f7f9b0b2cc1:c1473, 1d8d2908-dfb4-4358-9c6e-64b435d6fccc:c1473]
2019-07-03 07:08:03,131 INFO  client.GrpcClientProtocolClient (GrpcClientProtocolClient.java:onNext(254)) - client-253D2503C21A->6571ba41-d309-4d1d-a321-129a77bf1602: receive RaftClientReply:client-253D2503C21A->6571ba41-d309-4d1d-a321-129a77bf1602@group-6D4C5FD51127, cid=1057, SUCCESS, logIndex=1475, commits[6571ba41-d309-4d1d-a321-129a77bf1602:c1475, 75e8c5ea-f06a-43e1-af6e-1f7f9b0b2cc1:c1474, 1d8d2908-dfb4-4358-9c6e-64b435d6fccc:c1474]
2019-07-03 07:08:03,144 INFO  client.GrpcClientProtocolClient (GrpcClientProtocolClient.java:onNext(254)) - client-253D2503C21A->6571ba41-d309-4d1d-a321-129a77bf1602: receive RaftClientReply:client-253D2503C21A->6571ba41-d309-4d1d-a321-129a77bf1602@group-6D4C5FD51127, cid=1058, SUCCESS, logIndex=1477, commits[6571ba41-d309-4d1d-a321-129a77bf1602:c1477, 75e8c5ea-f06a-43e1-af6e-1f7f9b0b2cc1:c1475, 1d8d2908-dfb4-4358-9c6e-64b435d6fccc:c1475]
2019-07-03 07:08:03,145 INFO  client.GrpcClientProtocolClient (GrpcClientProtocolClient.java:onNext(254)) - client-253D2503C21A->6571ba41-d309-4d1d-a321-129a77bf1602: receive RaftClientReply:client-253D2503C21A->6571ba41-d309-4d1d-a321-129a77bf1602@group-6D4C5FD51127, cid=1059, SUCCESS, logIndex=1478, commits[6571ba41-d309-4d1d-a321-129a77bf1602:c1479, 75e8c5ea-f06a-43e1-af6e-1f7f9b0b2cc1:c1475, 1d8d2908-dfb4-4358-9c6e-64b435d6fccc:c1475]
2019-07-03 07:08:03,145 INFO  client.GrpcClientProtocolClient (GrpcClientProtocolClient.java:onNext(254)) - client-253D2503C21A->6571ba41-d309-4d1d-a321-129a77bf1602: receive RaftClientReply:client-253D2503C21A->6571ba41-d309-4d1d-a321-129a77bf1602@group-6D4C5FD51127, cid=1060, SUCCESS, logIndex=1479, commits[6571ba41-d309-4d1d-a321-129a77bf1602:c1479, 75e8c5ea-f06a-43e1-af6e-1f7f9b0b2cc1:c1475, 1d8d2908-dfb4-4358-9c6e-64b435d6fccc:c1475]
2019-07-03 07:08:03,147 INFO  client.GrpcClientProtocolClient (GrpcClientProtocolClient.java:onNext(254)) - client-253D2503C21A->6571ba41-d309-4d1d-a321-129a77bf1602: receive RaftClientReply:client-253D2503C21A->6571ba41-d309-4d1d-a321-129a77bf1602@group-6D4C5FD51127, cid=1061, SUCCESS, logIndex=0, commits[6571ba41-d309-4d1d-a321-129a77bf1602:c1481, 75e8c5ea-f06a-43e1-af6e-1f7f9b0b2cc1:c1478, 1d8d2908-dfb4-4358-9c6e-64b435d6fccc:c1478]
2019-07-03 07:08:03,169 INFO  client.GrpcClientProtocolClient (GrpcClientProtocolClient.java:onNext(254)) - client-253D2503C21A->6571ba41-d309-4d1d-a321-129a77bf1602: receive RaftClientReply:client-253D2503C21A->6571ba41-d309-4d1d-a321-129a77bf1602@group-6D4C5FD51127, cid=1062, SUCCESS, logIndex=1483, commits[6571ba41-d309-4d1d-a321-129a77bf1602:c1483, 75e8c5ea-f06a-43e1-af6e-1f7f9b0b2cc1:c1482, 1d8d2908-dfb4-4358-9c6e-64b435d6fccc:c1482]
2019-07-03 07:08:03,182 INFO  client.GrpcClientProtocolClient (GrpcClientProtocolClient.java:onNext(254)) - client-253D2503C21A->6571ba41-d309-4d1d-a321-129a77bf1602: receive RaftClientReply:client-253D2503C21A->6571ba41-d309-4d1d-a321-129a77bf1602@group-6D4C5FD51127, cid=1063, SUCCESS, logIndex=1485, commits[6571ba41-d309-4d1d-a321-129a77bf1602:c1485, 75e8c5ea-f06a-43e1-af6e-1f7f9b0b2cc1:c1483, 1d8d2908-dfb4-4358-9c6e-64b435d6fccc:c1483]
2019-07-03 07:08:03,208 INFO  client.GrpcClientProtocolClient (GrpcClientProtocolClient.java:onNext(254)) - client-253D2503C21A->6571ba41-d309-4d1d-a321-129a77bf1602: receive RaftClientReply:client-253D2503C21A->6571ba41-d309-4d1d-a321-129a77bf1602@group-6D4C5FD51127, cid=1064, SUCCESS, logIndex=1487, commits[6571ba41-d309-4d1d-a321-129a77bf1602:c1487, 75e8c5ea-f06a-43e1-af6e-1f7f9b0b2cc1:c1485, 1d8d2908-dfb4-4358-9c6e-64b435d6fccc:c1485]
2019-07-03 07:08:03,221 INFO  client.GrpcClientProtocolClient (GrpcClientProtocolClient.java:onNext(254)) - client-253D2503C21A->6571ba41-d309-4d1d-a321-129a77bf1602: receive RaftClientReply:client-253D2503C21A->6571ba41-d309-4d1d-a321-129a77bf1602@group-6D4C5FD51127, cid=1065, SUCCESS, logIndex=1489, commits[6571ba41-d309-4d1d-a321-129a77bf1602:c1489, 75e8c5ea-f06a-43e1-af6e-1f7f9b0b2cc1:c1487, 1d8d2908-dfb4-4358-9c6e-64b435d6fccc:c1487]
2019-07-03 07:08:03,233 INFO  client.GrpcClientProtocolClient (GrpcClientProtocolClient.java:onNext(254)) - client-253D2503C21A->6571ba41-d309-4d1d-a321-129a77bf1602: receive RaftClientReply:client-253D2503C21A->6571ba41-d309-4d1d-a321-129a77bf1602@group-6D4C5FD51127, cid=1066, SUCCESS, logIndex=0, commits[6571ba41-d309-4d1d-a321-129a77bf1602:c1490, 75e8c5ea-f06a-43e1-af6e-1f7f9b0b2cc1:c1489, 1d8d2908-dfb4-4358-9c6e-64b435d6fccc:c1489]
2019-07-03 07:08:03,248 INFO  client.GrpcClientProtocolClient (GrpcClientProtocolClient.java:onNext(254)) - client-253D2503C21A->6571ba41-d309-4d1d-a321-129a77bf1602: receive RaftClientReply:client-253D2503C21A->6571ba41-d309-4d1d-a321-129a77bf1602@group-6D4C5FD51127, cid=1067, SUCCESS, logIndex=1491, commits[6571ba41-d309-4d1d-a321-129a77bf1602:c1491, 75e8c5ea-f06a-43e1-af6e-1f7f9b0b2cc1:c1490, 1d8d2908-dfb4-4358-9c6e-64b435d6fccc:c1490]
2019-07-03 07:08:03,251 INFO  client.GrpcClientProtocolClient (GrpcClientProtocolClient.java:onNext(254)) - client-253D2503C21A->6571ba41-d309-4d1d-a321-129a77bf1602: receive RaftClientReply:client-253D2503C21A->6571ba41-d309-4d1d-a321-129a77bf1602@group-6D4C5FD51127, cid=1068, SUCCESS, logIndex=1493, commits[6571ba41-d309-4d1d-a321-129a77bf1602:c1493, 75e8c5ea-f06a-43e1-af6e-1f7f9b0b2cc1:c1491, 1d8d2908-dfb4-4358-9c6e-64b435d6fccc:c1491]
2019-07-03 07:08:03,255 INFO  client.GrpcClientProtocolClient (GrpcClientProtocolClient.java:onNext(254)) - client-253D2503C21A->6571ba41-d309-4d1d-a321-129a77bf1602: receive RaftClientReply:client-253D2503C21A->6571ba41-d309-4d1d-a321-129a77bf1602@group-6D4C5FD51127, cid=1069, SUCCESS, logIndex=1494, commits[6571ba41-d309-4d1d-a321-129a77bf1602:c1495, 75e8c5ea-f06a-43e1-af6e-1f7f9b0b2cc1:c1491, 1d8d2908-dfb4-4358-9c6e-64b435d6fccc:c1491]
2019-07-03 07:08:03,255 INFO  client.GrpcClientProtocolClient (GrpcClientProtocolClient.java:onNext(254)) - client-253D2503C21A->6571ba41-d309-4d1d-a321-129a77bf1602: receive RaftClientReply:client-253D2503C21A->6571ba41-d309-4d1d-a321-129a77bf1602@group-6D4C5FD51127, cid=1070, SUCCESS, logIndex=1495, commits[6571ba41-d309-4d1d-a321-129a77bf1602:c1495, 75e8c5ea-f06a-43e1-af6e-1f7f9b0b2cc1:c1491, 1d8d2908-dfb4-4358-9c6e-64b435d6fccc:c1491]
2019-07-03 07:08:03,257 INFO  client.GrpcClientProtocolClient (GrpcClientProtocolClient.java:onNext(254)) - client-253D2503C21A->6571ba41-d309-4d1d-a321-129a77bf1602: receive RaftClientReply:client-253D2503C21A->6571ba41-d309-4d1d-a321-129a77bf1602@group-6D4C5FD51127, cid=1071, SUCCESS, logIndex=0, commits[6571ba41-d309-4d1d-a321-129a77bf1602:c1497, 75e8c5ea-f06a-43e1-af6e-1f7f9b0b2cc1:c1495, 1d8d2908-dfb4-4358-9c6e-64b435d6fccc:c1495]
2019-07-03 07:08:03,287 INFO  client.GrpcClientProtocolClient (GrpcClientProtocolClient.java:onNext(254)) - client-253D2503C21A->6571ba41-d309-4d1d-a321-129a77bf1602: receive RaftClientReply:client-253D2503C21A->6571ba41-d309-4d1d-a321-129a77bf1602@group-6D4C5FD51127, cid=1072, SUCCESS, logIndex=1499, commits[6571ba41-d309-4d1d-a321-129a77bf1602:c1499, 75e8c5ea-f06a-43e1-af6e-1f7f9b0b2cc1:c1498, 1d8d2908-dfb4-4358-9c6e-64b435d6fccc:c1495]
2019-07-03 07:08:03,290 INFO  client.GrpcClientProtocolClient (GrpcClientProtocolClient.java:onNext(254)) - client-253D2503C21A->6571ba41-d309-4d1d-a321-129a77bf1602: receive RaftClientReply:client-253D2503C21A->6571ba41-d309-4d1d-a321-129a77bf1602@group-6D4C5FD51127, cid=1073, SUCCESS, logIndex=1501, commits[6571ba41-d309-4d1d-a321-129a77bf1602:c1501, 75e8c5ea-f06a-43e1-af6e-1f7f9b0b2cc1:c1499, 1d8d2908-dfb4-4358-9c6e-64b435d6fccc:c1499]
2019-07-03 07:08:03,306 INFO  storage.RaftLogWorker (RaftLogWorker.java:rollLogSegment(303)) - 6571ba41-d309-4d1d-a321-129a77bf1602-RaftLogWorker: Rolling segment log-1425_1504 to index:1504
2019-07-03 07:08:03,306 INFO  client.GrpcClientProtocolClient (GrpcClientProtocolClient.java:onNext(254)) - client-253D2503C21A->6571ba41-d309-4d1d-a321-129a77bf1602: receive RaftClientReply:client-253D2503C21A->6571ba41-d309-4d1d-a321-129a77bf1602@group-6D4C5FD51127, cid=1074, SUCCESS, logIndex=1503, commits[6571ba41-d309-4d1d-a321-129a77bf1602:c1503, 75e8c5ea-f06a-43e1-af6e-1f7f9b0b2cc1:c1501, 1d8d2908-dfb4-4358-9c6e-64b435d6fccc:c1501]
2019-07-03 07:08:03,307 INFO  storage.RaftLogWorker (RaftLogWorker.java:rollLogSegment(303)) - 1d8d2908-dfb4-4358-9c6e-64b435d6fccc-RaftLogWorker: Rolling segment log-1425_1504 to index:1504
2019-07-03 07:08:03,307 INFO  storage.RaftLogWorker (RaftLogWorker.java:rollLogSegment(303)) - 75e8c5ea-f06a-43e1-af6e-1f7f9b0b2cc1-RaftLogWorker: Rolling segment log-1425_1504 to index:1504
2019-07-03 07:08:03,316 INFO  storage.RaftLogWorker (RaftLogWorker.java:execute(433)) - 6571ba41-d309-4d1d-a321-129a77bf1602-RaftLogWorker: Rolled log segment from /opt/src/hadoop-ozone/tools/target/test-dir/MiniOzoneClusterImpl-0519545d-318d-4c21-a2a0-688f18f8a31d/datanode-4/data/ratis/23ffc2a4-5526-4092-9dc4-6d4c5fd51127/current/log_inprogress_1425 to /opt/src/hadoop-ozone/tools/target/test-dir/MiniOzoneClusterImpl-0519545d-318d-4c21-a2a0-688f18f8a31d/datanode-4/data/ratis/23ffc2a4-5526-4092-9dc4-6d4c5fd51127/current/log_1425-1504
2019-07-03 07:08:03,317 INFO  storage.RaftLogWorker (RaftLogWorker.java:execute(433)) - 1d8d2908-dfb4-4358-9c6e-64b435d6fccc-RaftLogWorker: Rolled log segment from /opt/src/hadoop-ozone/tools/target/test-dir/MiniOzoneClusterImpl-0519545d-318d-4c21-a2a0-688f18f8a31d/datanode-2/data/ratis/23ffc2a4-5526-4092-9dc4-6d4c5fd51127/current/log_inprogress_1425 to /opt/src/hadoop-ozone/tools/target/test-dir/MiniOzoneClusterImpl-0519545d-318d-4c21-a2a0-688f18f8a31d/datanode-2/data/ratis/23ffc2a4-5526-4092-9dc4-6d4c5fd51127/current/log_1425-1504
2019-07-03 07:08:03,317 INFO  storage.RaftLogWorker (RaftLogWorker.java:execute(433)) - 75e8c5ea-f06a-43e1-af6e-1f7f9b0b2cc1-RaftLogWorker: Rolled log segment from /opt/src/hadoop-ozone/tools/target/test-dir/MiniOzoneClusterImpl-0519545d-318d-4c21-a2a0-688f18f8a31d/datanode-1/data/ratis/23ffc2a4-5526-4092-9dc4-6d4c5fd51127/current/log_inprogress_1425 to /opt/src/hadoop-ozone/tools/target/test-dir/MiniOzoneClusterImpl-0519545d-318d-4c21-a2a0-688f18f8a31d/datanode-1/data/ratis/23ffc2a4-5526-4092-9dc4-6d4c5fd51127/current/log_1425-1504
2019-07-03 07:08:03,369 INFO  storage.RaftLogWorker (RaftLogWorker.java:execute(469)) - 6571ba41-d309-4d1d-a321-129a77bf1602-RaftLogWorker: created new log segment /opt/src/hadoop-ozone/tools/target/test-dir/MiniOzoneClusterImpl-0519545d-318d-4c21-a2a0-688f18f8a31d/datanode-4/data/ratis/23ffc2a4-5526-4092-9dc4-6d4c5fd51127/current/log_inprogress_1505
2019-07-03 07:08:03,369 INFO  storage.RaftLogWorker (RaftLogWorker.java:execute(469)) - 1d8d2908-dfb4-4358-9c6e-64b435d6fccc-RaftLogWorker: created new log segment /opt/src/hadoop-ozone/tools/target/test-dir/MiniOzoneClusterImpl-0519545d-318d-4c21-a2a0-688f18f8a31d/datanode-2/data/ratis/23ffc2a4-5526-4092-9dc4-6d4c5fd51127/current/log_inprogress_1505
2019-07-03 07:08:03,369 INFO  storage.RaftLogWorker (RaftLogWorker.java:execute(469)) - 75e8c5ea-f06a-43e1-af6e-1f7f9b0b2cc1-RaftLogWorker: created new log segment /opt/src/hadoop-ozone/tools/target/test-dir/MiniOzoneClusterImpl-0519545d-318d-4c21-a2a0-688f18f8a31d/datanode-1/data/ratis/23ffc2a4-5526-4092-9dc4-6d4c5fd51127/current/log_inprogress_1505
2019-07-03 07:08:03,383 INFO  client.GrpcClientProtocolClient (GrpcClientProtocolClient.java:onNext(254)) - client-253D2503C21A->6571ba41-d309-4d1d-a321-129a77bf1602: receive RaftClientReply:client-253D2503C21A->6571ba41-d309-4d1d-a321-129a77bf1602@group-6D4C5FD51127, cid=1075, SUCCESS, logIndex=1505, commits[6571ba41-d309-4d1d-a321-129a77bf1602:c1505, 75e8c5ea-f06a-43e1-af6e-1f7f9b0b2cc1:c1503, 1d8d2908-dfb4-4358-9c6e-64b435d6fccc:c1503]
2019-07-03 07:08:03,395 INFO  client.GrpcClientProtocolClient (GrpcClientProtocolClient.java:onNext(254)) - client-253D2503C21A->6571ba41-d309-4d1d-a321-129a77bf1602: receive RaftClientReply:client-253D2503C21A->6571ba41-d309-4d1d-a321-129a77bf1602@group-6D4C5FD51127, cid=1076, SUCCESS, logIndex=0, commits[6571ba41-d309-4d1d-a321-129a77bf1602:c1506, 75e8c5ea-f06a-43e1-af6e-1f7f9b0b2cc1:c1505, 1d8d2908-dfb4-4358-9c6e-64b435d6fccc:c1505]
2019-07-03 07:08:03,418 INFO  client.GrpcClientProtocolClient (GrpcClientProtocolClient.java:onNext(254)) - client-253D2503C21A->6571ba41-d309-4d1d-a321-129a77bf1602: receive RaftClientReply:client-253D2503C21A->6571ba41-d309-4d1d-a321-129a77bf1602@group-6D4C5FD51127, cid=1077, SUCCESS, logIndex=1507, commits[6571ba41-d309-4d1d-a321-129a77bf1602:c1507, 75e8c5ea-f06a-43e1-af6e-1f7f9b0b2cc1:c1506, 1d8d2908-dfb4-4358-9c6e-64b435d6fccc:c1506]
2019-07-03 07:08:03,432 INFO  client.GrpcClientProtocolClient (GrpcClientProtocolClient.java:onNext(254)) - client-253D2503C21A->6571ba41-d309-4d1d-a321-129a77bf1602: receive RaftClientReply:client-253D2503C21A->6571ba41-d309-4d1d-a321-129a77bf1602@group-6D4C5FD51127, cid=1078, SUCCESS, logIndex=1509, commits[6571ba41-d309-4d1d-a321-129a77bf1602:c1510, 75e8c5ea-f06a-43e1-af6e-1f7f9b0b2cc1:c1507, 1d8d2908-dfb4-4358-9c6e-64b435d6fccc:c1507]
2019-07-03 07:08:03,432 INFO  client.GrpcClientProtocolClient (GrpcClientProtocolClient.java:onNext(254)) - client-253D2503C21A->6571ba41-d309-4d1d-a321-129a77bf1602: receive RaftClientReply:client-253D2503C21A->6571ba41-d309-4d1d-a321-129a77bf1602@group-6D4C5FD51127, cid=1079, SUCCESS, logIndex=1510, commits[6571ba41-d309-4d1d-a321-129a77bf1602:c1510, 75e8c5ea-f06a-43e1-af6e-1f7f9b0b2cc1:c1507, 1d8d2908-dfb4-4358-9c6e-64b435d6fccc:c1507]
2019-07-03 07:08:03,443 INFO  client.GrpcClientProtocolClient (GrpcClientProtocolClient.java:onNext(254)) - client-253D2503C21A->6571ba41-d309-4d1d-a321-129a77bf1602: receive RaftClientReply:client-253D2503C21A->6571ba41-d309-4d1d-a321-129a77bf1602@group-6D4C5FD51127, cid=1080, SUCCESS, logIndex=1511, commits[6571ba41-d309-4d1d-a321-129a77bf1602:c1512, 75e8c5ea-f06a-43e1-af6e-1f7f9b0b2cc1:c1507, 1d8d2908-dfb4-4358-9c6e-64b435d6fccc:c1509]
2019-07-03 07:08:03,444 INFO  client.GrpcClientProtocolClient (GrpcClientProtocolClient.java:onNext(254)) - client-253D2503C21A->6571ba41-d309-4d1d-a321-129a77bf1602: receive RaftClientReply:client-253D2503C21A->6571ba41-d309-4d1d-a321-129a77bf1602@group-6D4C5FD51127, cid=1081, SUCCESS, logIndex=0, commits[6571ba41-d309-4d1d-a321-129a77bf1602:c1513, 75e8c5ea-f06a-43e1-af6e-1f7f9b0b2cc1:c1510, 1d8d2908-dfb4-4358-9c6e-64b435d6fccc:c1510]
2019-07-03 07:08:03,466 INFO  client.GrpcClientProtocolClient (GrpcClientProtocolClient.java:onNext(254)) - client-253D2503C21A->6571ba41-d309-4d1d-a321-129a77bf1602: receive RaftClientReply:client-253D2503C21A->6571ba41-d309-4d1d-a321-129a77bf1602@group-6D4C5FD51127, cid=1082, SUCCESS, logIndex=1515, commits[6571ba41-d309-4d1d-a321-129a77bf1602:c1515, 75e8c5ea-f06a-43e1-af6e-1f7f9b0b2cc1:c1514, 1d8d2908-dfb4-4358-9c6e-64b435d6fccc:c1514]
2019-07-03 07:08:03,480 INFO  client.GrpcClientProtocolClient (GrpcClientProtocolClient.java:onNext(254)) - client-253D2503C21A->6571ba41-d309-4d1d-a321-129a77bf1602: receive RaftClientReply:client-253D2503C21A->6571ba41-d309-4d1d-a321-129a77bf1602@group-6D4C5FD51127, cid=1083, SUCCESS, logIndex=1517, commits[6571ba41-d309-4d1d-a321-129a77bf1602:c1517, 75e8c5ea-f06a-43e1-af6e-1f7f9b0b2cc1:c1515, 1d8d2908-dfb4-4358-9c6e-64b435d6fccc:c1515]
2019-07-03 07:08:03,493 INFO  client.GrpcClientProtocolClient (GrpcClientProtocolClient.java:onNext(254)) - client-253D2503C21A->6571ba41-d309-4d1d-a321-129a77bf1602: receive RaftClientReply:client-253D2503C21A->6571ba41-d309-4d1d-a321-129a77bf1602@group-6D4C5FD51127, cid=1084, SUCCESS, logIndex=1519, commits[6571ba41-d309-4d1d-a321-129a77bf1602:c1519, 75e8c5ea-f06a-43e1-af6e-1f7f9b0b2cc1:c1517, 1d8d2908-dfb4-4358-9c6e-64b435d6fccc:c1517]
2019-07-03 07:08:03,507 INFO  client.GrpcClientProtocolClient (GrpcClientProtocolClient.java:onNext(254)) - client-253D2503C21A->6571ba41-d309-4d1d-a321-129a77bf1602: receive RaftClientReply:client-253D2503C21A->6571ba41-d309-4d1d-a321-129a77bf1602@group-6D4C5FD51127, cid=1085, SUCCESS, logIndex=1521, commits[6571ba41-d309-4d1d-a321-129a77bf1602:c1521, 75e8c5ea-f06a-43e1-af6e-1f7f9b0b2cc1:c1519, 1d8d2908-dfb4-4358-9c6e-64b435d6fccc:c1519]
2019-07-03 07:08:03,511 INFO  client.GrpcClientProtocolClient (GrpcClientProtocolClient.java:onNext(254)) - client-253D2503C21A->6571ba41-d309-4d1d-a321-129a77bf1602: receive RaftClientReply:client-253D2503C21A->6571ba41-d309-4d1d-a321-129a77bf1602@group-6D4C5FD51127, cid=1086, SUCCESS, logIndex=0, commits[6571ba41-d309-4d1d-a321-129a77bf1602:c1522, 75e8c5ea-f06a-43e1-af6e-1f7f9b0b2cc1:c1521, 1d8d2908-dfb4-4358-9c6e-64b435d6fccc:c1521]
2019-07-03 07:08:03,667 INFO  client.GrpcClientProtocolClient (GrpcClientProtocolClient.java:onNext(254)) - client-253D2503C21A->6571ba41-d309-4d1d-a321-129a77bf1602: receive RaftClientReply:client-253D2503C21A->6571ba41-d309-4d1d-a321-129a77bf1602@group-6D4C5FD51127, cid=1087, SUCCESS, logIndex=1523, commits[6571ba41-d309-4d1d-a321-129a77bf1602:c1523, 75e8c5ea-f06a-43e1-af6e-1f7f9b0b2cc1:c1522, 1d8d2908-dfb4-4358-9c6e-64b435d6fccc:c1522]
2019-07-03 07:08:03,679 INFO  client.GrpcClientProtocolClient (GrpcClientProtocolClient.java:onNext(254)) - client-253D2503C21A->6571ba41-d309-4d1d-a321-129a77bf1602: receive RaftClientReply:client-253D2503C21A->6571ba41-d309-4d1d-a321-129a77bf1602@group-6D4C5FD51127, cid=1088, SUCCESS, logIndex=1525, commits[6571ba41-d309-4d1d-a321-129a77bf1602:c1526, 75e8c5ea-f06a-43e1-af6e-1f7f9b0b2cc1:c1523, 1d8d2908-dfb4-4358-9c6e-64b435d6fccc:c1523]
2019-07-03 07:08:03,680 INFO  client.GrpcClientProtocolClient (GrpcClientProtocolClient.java:onNext(254)) - client-253D2503C21A->6571ba41-d309-4d1d-a321-129a77bf1602: receive RaftClientReply:client-253D2503C21A->6571ba41-d309-4d1d-a321-129a77bf1602@group-6D4C5FD51127, cid=1089, SUCCESS, logIndex=1526, commits[6571ba41-d309-4d1d-a321-129a77bf1602:c1527, 75e8c5ea-f06a-43e1-af6e-1f7f9b0b2cc1:c1523, 1d8d2908-dfb4-4358-9c6e-64b435d6fccc:c1523]
2019-07-03 07:08:03,681 INFO  client.GrpcClientProtocolClient (GrpcClientProtocolClient.java:onNext(254)) - client-253D2503C21A->6571ba41-d309-4d1d-a321-129a77bf1602: receive RaftClientReply:client-253D2503C21A->6571ba41-d309-4d1d-a321-129a77bf1602@group-6D4C5FD51127, cid=1090, SUCCESS, logIndex=1527, commits[6571ba41-d309-4d1d-a321-129a77bf1602:c1527, 75e8c5ea-f06a-43e1-af6e-1f7f9b0b2cc1:c1523, 1d8d2908-dfb4-4358-9c6e-64b435d6fccc:c1523]
2019-07-03 07:08:03,682 INFO  client.GrpcClientProtocolClient (GrpcClientProtocolClient.java:onNext(254)) - client-253D2503C21A->6571ba41-d309-4d1d-a321-129a77bf1602: receive RaftClientReply:client-253D2503C21A->6571ba41-d309-4d1d-a321-129a77bf1602@group-6D4C5FD51127, cid=1091, SUCCESS, logIndex=0, commits[6571ba41-d309-4d1d-a321-129a77bf1602:c1530, 75e8c5ea-f06a-43e1-af6e-1f7f9b0b2cc1:c1526, 1d8d2908-dfb4-4358-9c6e-64b435d6fccc:c1527]
 0.00% |█                                                                                                    |  0/1 Time: 0:00:112019-07-03 07:08:03,714 INFO  client.GrpcClientProtocolClient (GrpcClientProtocolClient.java:onNext(254)) - client-253D2503C21A->6571ba41-d309-4d1d-a321-129a77bf1602: receive RaftClientReply:client-253D2503C21A->6571ba41-d309-4d1d-a321-129a77bf1602@group-6D4C5FD51127, cid=1092, SUCCESS, logIndex=1531, commits[6571ba41-d309-4d1d-a321-129a77bf1602:c1531, 75e8c5ea-f06a-43e1-af6e-1f7f9b0b2cc1:c1530, 1d8d2908-dfb4-4358-9c6e-64b435d6fccc:c1530]
2019-07-03 07:08:03,726 INFO  client.GrpcClientProtocolClient (GrpcClientProtocolClient.java:onNext(254)) - client-253D2503C21A->6571ba41-d309-4d1d-a321-129a77bf1602: receive RaftClientReply:client-253D2503C21A->6571ba41-d309-4d1d-a321-129a77bf1602@group-6D4C5FD51127, cid=1093, SUCCESS, logIndex=1533, commits[6571ba41-d309-4d1d-a321-129a77bf1602:c1533, 75e8c5ea-f06a-43e1-af6e-1f7f9b0b2cc1:c1531, 1d8d2908-dfb4-4358-9c6e-64b435d6fccc:c1531]
2019-07-03 07:08:03,751 INFO  client.GrpcClientProtocolClient (GrpcClientProtocolClient.java:onNext(254)) - client-253D2503C21A->6571ba41-d309-4d1d-a321-129a77bf1602: receive RaftClientReply:client-253D2503C21A->6571ba41-d309-4d1d-a321-129a77bf1602@group-6D4C5FD51127, cid=1094, SUCCESS, logIndex=1535, commits[6571ba41-d309-4d1d-a321-129a77bf1602:c1535, 75e8c5ea-f06a-43e1-af6e-1f7f9b0b2cc1:c1533, 1d8d2908-dfb4-4358-9c6e-64b435d6fccc:c1533]
2019-07-03 07:08:03,754 INFO  client.GrpcClientProtocolClient (GrpcClientProtocolClient.java:onNext(254)) - client-253D2503C21A->6571ba41-d309-4d1d-a321-129a77bf1602: receive RaftClientReply:client-253D2503C21A->6571ba41-d309-4d1d-a321-129a77bf1602@group-6D4C5FD51127, cid=1095, SUCCESS, logIndex=1537, commits[6571ba41-d309-4d1d-a321-129a77bf1602:c1537, 75e8c5ea-f06a-43e1-af6e-1f7f9b0b2cc1:c1535, 1d8d2908-dfb4-4358-9c6e-64b435d6fccc:c1535]
2019-07-03 07:08:03,765 INFO  client.GrpcClientProtocolClient (GrpcClientProtocolClient.java:onNext(254)) - client-253D2503C21A->6571ba41-d309-4d1d-a321-129a77bf1602: receive RaftClientReply:client-253D2503C21A->6571ba41-d309-4d1d-a321-129a77bf1602@group-6D4C5FD51127, cid=1096, SUCCESS, logIndex=0, commits[6571ba41-d309-4d1d-a321-129a77bf1602:c1537, 75e8c5ea-f06a-43e1-af6e-1f7f9b0b2cc1:c1537, 1d8d2908-dfb4-4358-9c6e-64b435d6fccc:c1537]
2019-07-03 07:08:03,787 INFO  client.GrpcClientProtocolClient (GrpcClientProtocolClient.java:onNext(254)) - client-253D2503C21A->6571ba41-d309-4d1d-a321-129a77bf1602: receive RaftClientReply:client-253D2503C21A->6571ba41-d309-4d1d-a321-129a77bf1602@group-6D4C5FD51127, cid=1097, SUCCESS, logIndex=1539, commits[6571ba41-d309-4d1d-a321-129a77bf1602:c1539, 75e8c5ea-f06a-43e1-af6e-1f7f9b0b2cc1:c1538, 1d8d2908-dfb4-4358-9c6e-64b435d6fccc:c1538]
2019-07-03 07:08:03,800 INFO  client.GrpcClientProtocolClient (GrpcClientProtocolClient.java:onNext(254)) - client-253D2503C21A->6571ba41-d309-4d1d-a321-129a77bf1602: receive RaftClientReply:client-253D2503C21A->6571ba41-d309-4d1d-a321-129a77bf1602@group-6D4C5FD51127, cid=1098, SUCCESS, logIndex=1541, commits[6571ba41-d309-4d1d-a321-129a77bf1602:c1541, 75e8c5ea-f06a-43e1-af6e-1f7f9b0b2cc1:c1539, 1d8d2908-dfb4-4358-9c6e-64b435d6fccc:c1539]
2019-07-03 07:08:03,800 INFO  client.GrpcClientProtocolClient (GrpcClientProtocolClient.java:onNext(254)) - client-253D2503C21A->6571ba41-d309-4d1d-a321-129a77bf1602: receive RaftClientReply:client-253D2503C21A->6571ba41-d309-4d1d-a321-129a77bf1602@group-6D4C5FD51127, cid=1099, SUCCESS, logIndex=1542, commits[6571ba41-d309-4d1d-a321-129a77bf1602:c1542, 75e8c5ea-f06a-43e1-af6e-1f7f9b0b2cc1:c1539, 1d8d2908-dfb4-4358-9c6e-64b435d6fccc:c1539]
2019-07-03 07:08:03,801 INFO  client.GrpcClientProtocolClient (GrpcClientProtocolClient.java:onNext(254)) - client-253D2503C21A->6571ba41-d309-4d1d-a321-129a77bf1602: receive RaftClientReply:client-253D2503C21A->6571ba41-d309-4d1d-a321-129a77bf1602@group-6D4C5FD51127, cid=1100, SUCCESS, logIndex=1543, commits[6571ba41-d309-4d1d-a321-129a77bf1602:c1543, 75e8c5ea-f06a-43e1-af6e-1f7f9b0b2cc1:c1539, 1d8d2908-dfb4-4358-9c6e-64b435d6fccc:c1539]
2019-07-03 07:08:03,802 INFO  client.GrpcClientProtocolClient (GrpcClientProtocolClient.java:onNext(254)) - client-253D2503C21A->6571ba41-d309-4d1d-a321-129a77bf1602: receive RaftClientReply:client-253D2503C21A->6571ba41-d309-4d1d-a321-129a77bf1602@group-6D4C5FD51127, cid=1101, SUCCESS, logIndex=0, commits[6571ba41-d309-4d1d-a321-129a77bf1602:c1545, 75e8c5ea-f06a-43e1-af6e-1f7f9b0b2cc1:c1542, 1d8d2908-dfb4-4358-9c6e-64b435d6fccc:c1543]
2019-07-03 07:08:03,823 INFO  client.GrpcClientProtocolClient (GrpcClientProtocolClient.java:onNext(254)) - client-253D2503C21A->6571ba41-d309-4d1d-a321-129a77bf1602: receive RaftClientReply:client-253D2503C21A->6571ba41-d309-4d1d-a321-129a77bf1602@group-6D4C5FD51127, cid=1102, SUCCESS, logIndex=1547, commits[6571ba41-d309-4d1d-a321-129a77bf1602:c1547, 75e8c5ea-f06a-43e1-af6e-1f7f9b0b2cc1:c1546, 1d8d2908-dfb4-4358-9c6e-64b435d6fccc:c1546]
2019-07-03 07:08:03,836 INFO  client.GrpcClientProtocolClient (GrpcClientProtocolClient.java:onNext(254)) - client-253D2503C21A->6571ba41-d309-4d1d-a321-129a77bf1602: receive RaftClientReply:client-253D2503C21A->6571ba41-d309-4d1d-a321-129a77bf1602@group-6D4C5FD51127, cid=1103, SUCCESS, logIndex=1549, commits[6571ba41-d309-4d1d-a321-129a77bf1602:c1549, 75e8c5ea-f06a-43e1-af6e-1f7f9b0b2cc1:c1547, 1d8d2908-dfb4-4358-9c6e-64b435d6fccc:c1547]
2019-07-03 07:08:03,849 INFO  client.GrpcClientProtocolClient (GrpcClientProtocolClient.java:onNext(254)) - client-253D2503C21A->6571ba41-d309-4d1d-a321-129a77bf1602: receive RaftClientReply:client-253D2503C21A->6571ba41-d309-4d1d-a321-129a77bf1602@group-6D4C5FD51127, cid=1104, SUCCESS, logIndex=1551, commits[6571ba41-d309-4d1d-a321-129a77bf1602:c1551, 75e8c5ea-f06a-43e1-af6e-1f7f9b0b2cc1:c1549, 1d8d2908-dfb4-4358-9c6e-64b435d6fccc:c1549]
2019-07-03 07:08:03,854 INFO  client.GrpcClientProtocolClient (GrpcClientProtocolClient.java:onNext(254)) - client-253D2503C21A->6571ba41-d309-4d1d-a321-129a77bf1602: receive RaftClientReply:client-253D2503C21A->6571ba41-d309-4d1d-a321-129a77bf1602@group-6D4C5FD51127, cid=1105, SUCCESS, logIndex=1553, commits[6571ba41-d309-4d1d-a321-129a77bf1602:c1553, 75e8c5ea-f06a-43e1-af6e-1f7f9b0b2cc1:c1551, 1d8d2908-dfb4-4358-9c6e-64b435d6fccc:c1551]
2019-07-03 07:08:03,865 INFO  client.GrpcClientProtocolClient (GrpcClientProtocolClient.java:onNext(254)) - client-253D2503C21A->6571ba41-d309-4d1d-a321-129a77bf1602: receive RaftClientReply:client-253D2503C21A->6571ba41-d309-4d1d-a321-129a77bf1602@group-6D4C5FD51127, cid=1106, SUCCESS, logIndex=0, commits[6571ba41-d309-4d1d-a321-129a77bf1602:c1554, 75e8c5ea-f06a-43e1-af6e-1f7f9b0b2cc1:c1553, 1d8d2908-dfb4-4358-9c6e-64b435d6fccc:c1553]
2019-07-03 07:08:03,887 INFO  client.GrpcClientProtocolClient (GrpcClientProtocolClient.java:onNext(254)) - client-253D2503C21A->6571ba41-d309-4d1d-a321-129a77bf1602: receive RaftClientReply:client-253D2503C21A->6571ba41-d309-4d1d-a321-129a77bf1602@group-6D4C5FD51127, cid=1107, SUCCESS, logIndex=1555, commits[6571ba41-d309-4d1d-a321-129a77bf1602:c1555, 75e8c5ea-f06a-43e1-af6e-1f7f9b0b2cc1:c1554, 1d8d2908-dfb4-4358-9c6e-64b435d6fccc:c1554]
2019-07-03 07:08:03,899 INFO  client.GrpcClientProtocolClient (GrpcClientProtocolClient.java:onNext(254)) - client-253D2503C21A->6571ba41-d309-4d1d-a321-129a77bf1602: receive RaftClientReply:client-253D2503C21A->6571ba41-d309-4d1d-a321-129a77bf1602@group-6D4C5FD51127, cid=1108, SUCCESS, logIndex=1557, commits[6571ba41-d309-4d1d-a321-129a77bf1602:c1558, 75e8c5ea-f06a-43e1-af6e-1f7f9b0b2cc1:c1555, 1d8d2908-dfb4-4358-9c6e-64b435d6fccc:c1555]
2019-07-03 07:08:03,899 INFO  client.GrpcClientProtocolClient (GrpcClientProtocolClient.java:onNext(254)) - client-253D2503C21A->6571ba41-d309-4d1d-a321-129a77bf1602: receive RaftClientReply:client-253D2503C21A->6571ba41-d309-4d1d-a321-129a77bf1602@group-6D4C5FD51127, cid=1109, SUCCESS, logIndex=1558, commits[6571ba41-d309-4d1d-a321-129a77bf1602:c1558, 75e8c5ea-f06a-43e1-af6e-1f7f9b0b2cc1:c1555, 1d8d2908-dfb4-4358-9c6e-64b435d6fccc:c1555]
2019-07-03 07:08:03,900 INFO  client.GrpcClientProtocolClient (GrpcClientProtocolClient.java:onNext(254)) - client-253D2503C21A->6571ba41-d309-4d1d-a321-129a77bf1602: receive RaftClientReply:client-253D2503C21A->6571ba41-d309-4d1d-a321-129a77bf1602@group-6D4C5FD51127, cid=1110, SUCCESS, logIndex=1559, commits[6571ba41-d309-4d1d-a321-129a77bf1602:c1559, 75e8c5ea-f06a-43e1-af6e-1f7f9b0b2cc1:c1557, 1d8d2908-dfb4-4358-9c6e-64b435d6fccc:c1555]
2019-07-03 07:08:03,901 INFO  client.GrpcClientProtocolClient (GrpcClientProtocolClient.java:onNext(254)) - client-253D2503C21A->6571ba41-d309-4d1d-a321-129a77bf1602: receive RaftClientReply:client-253D2503C21A->6571ba41-d309-4d1d-a321-129a77bf1602@group-6D4C5FD51127, cid=1111, SUCCESS, logIndex=0, commits[6571ba41-d309-4d1d-a321-129a77bf1602:c1561, 75e8c5ea-f06a-43e1-af6e-1f7f9b0b2cc1:c1558, 1d8d2908-dfb4-4358-9c6e-64b435d6fccc:c1557]
2019-07-03 07:08:03,922 INFO  client.GrpcClientProtocolClient (GrpcClientProtocolClient.java:onNext(254)) - client-253D2503C21A->6571ba41-d309-4d1d-a321-129a77bf1602: receive RaftClientReply:client-253D2503C21A->6571ba41-d309-4d1d-a321-129a77bf1602@group-6D4C5FD51127, cid=1112, SUCCESS, logIndex=1563, commits[6571ba41-d309-4d1d-a321-129a77bf1602:c1563, 75e8c5ea-f06a-43e1-af6e-1f7f9b0b2cc1:c1562, 1d8d2908-dfb4-4358-9c6e-64b435d6fccc:c1562]
2019-07-03 07:08:03,934 INFO  client.GrpcClientProtocolClient (GrpcClientProtocolClient.java:onNext(254)) - client-253D2503C21A->6571ba41-d309-4d1d-a321-129a77bf1602: receive RaftClientReply:client-253D2503C21A->6571ba41-d309-4d1d-a321-129a77bf1602@group-6D4C5FD51127, cid=1113, SUCCESS, logIndex=1565, commits[6571ba41-d309-4d1d-a321-129a77bf1602:c1565, 75e8c5ea-f06a-43e1-af6e-1f7f9b0b2cc1:c1563, 1d8d2908-dfb4-4358-9c6e-64b435d6fccc:c1563]
2019-07-03 07:08:03,947 INFO  client.GrpcClientProtocolClient (GrpcClientProtocolClient.java:onNext(254)) - client-253D2503C21A->6571ba41-d309-4d1d-a321-129a77bf1602: receive RaftClientReply:client-253D2503C21A->6571ba41-d309-4d1d-a321-129a77bf1602@group-6D4C5FD51127, cid=1114, SUCCESS, logIndex=1567, commits[6571ba41-d309-4d1d-a321-129a77bf1602:c1567, 75e8c5ea-f06a-43e1-af6e-1f7f9b0b2cc1:c1565, 1d8d2908-dfb4-4358-9c6e-64b435d6fccc:c1565]
2019-07-03 07:08:03,951 INFO  client.GrpcClientProtocolClient (GrpcClientProtocolClient.java:onNext(254)) - client-253D2503C21A->6571ba41-d309-4d1d-a321-129a77bf1602: receive RaftClientReply:client-253D2503C21A->6571ba41-d309-4d1d-a321-129a77bf1602@group-6D4C5FD51127, cid=1115, SUCCESS, logIndex=1569, commits[6571ba41-d309-4d1d-a321-129a77bf1602:c1569, 75e8c5ea-f06a-43e1-af6e-1f7f9b0b2cc1:c1567, 1d8d2908-dfb4-4358-9c6e-64b435d6fccc:c1567]
2019-07-03 07:08:03,962 INFO  client.GrpcClientProtocolClient (GrpcClientProtocolClient.java:onNext(254)) - client-253D2503C21A->6571ba41-d309-4d1d-a321-129a77bf1602: receive RaftClientReply:client-253D2503C21A->6571ba41-d309-4d1d-a321-129a77bf1602@group-6D4C5FD51127, cid=1116, SUCCESS, logIndex=0, commits[6571ba41-d309-4d1d-a321-129a77bf1602:c1570, 75e8c5ea-f06a-43e1-af6e-1f7f9b0b2cc1:c1569, 1d8d2908-dfb4-4358-9c6e-64b435d6fccc:c1569]
2019-07-03 07:08:03,983 INFO  client.GrpcClientProtocolClient (GrpcClientProtocolClient.java:onNext(254)) - client-253D2503C21A->6571ba41-d309-4d1d-a321-129a77bf1602: receive RaftClientReply:client-253D2503C21A->6571ba41-d309-4d1d-a321-129a77bf1602@group-6D4C5FD51127, cid=1117, SUCCESS, logIndex=1571, commits[6571ba41-d309-4d1d-a321-129a77bf1602:c1571, 75e8c5ea-f06a-43e1-af6e-1f7f9b0b2cc1:c1570, 1d8d2908-dfb4-4358-9c6e-64b435d6fccc:c1570]
2019-07-03 07:08:03,996 INFO  client.GrpcClientProtocolClient (GrpcClientProtocolClient.java:onNext(254)) - client-253D2503C21A->6571ba41-d309-4d1d-a321-129a77bf1602: receive RaftClientReply:client-253D2503C21A->6571ba41-d309-4d1d-a321-129a77bf1602@group-6D4C5FD51127, cid=1118, SUCCESS, logIndex=1573, commits[6571ba41-d309-4d1d-a321-129a77bf1602:c1573, 75e8c5ea-f06a-43e1-af6e-1f7f9b0b2cc1:c1571, 1d8d2908-dfb4-4358-9c6e-64b435d6fccc:c1571]
2019-07-03 07:08:03,996 INFO  client.GrpcClientProtocolClient (GrpcClientProtocolClient.java:onNext(254)) - client-253D2503C21A->6571ba41-d309-4d1d-a321-129a77bf1602: receive RaftClientReply:client-253D2503C21A->6571ba41-d309-4d1d-a321-129a77bf1602@group-6D4C5FD51127, cid=1119, SUCCESS, logIndex=1574, commits[6571ba41-d309-4d1d-a321-129a77bf1602:c1574, 75e8c5ea-f06a-43e1-af6e-1f7f9b0b2cc1:c1571, 1d8d2908-dfb4-4358-9c6e-64b435d6fccc:c1571]
2019-07-03 07:08:03,996 INFO  client.GrpcClientProtocolClient (GrpcClientProtocolClient.java:onNext(254)) - client-253D2503C21A->6571ba41-d309-4d1d-a321-129a77bf1602: receive RaftClientReply:client-253D2503C21A->6571ba41-d309-4d1d-a321-129a77bf1602@group-6D4C5FD51127, cid=1120, SUCCESS, logIndex=1575, commits[6571ba41-d309-4d1d-a321-129a77bf1602:c1575, 75e8c5ea-f06a-43e1-af6e-1f7f9b0b2cc1:c1571, 1d8d2908-dfb4-4358-9c6e-64b435d6fccc:c1571]
2019-07-03 07:08:03,997 INFO  client.GrpcClientProtocolClient (GrpcClientProtocolClient.java:onNext(254)) - client-253D2503C21A->6571ba41-d309-4d1d-a321-129a77bf1602: receive RaftClientReply:client-253D2503C21A->6571ba41-d309-4d1d-a321-129a77bf1602@group-6D4C5FD51127, cid=1121, SUCCESS, logIndex=0, commits[6571ba41-d309-4d1d-a321-129a77bf1602:c1577, 75e8c5ea-f06a-43e1-af6e-1f7f9b0b2cc1:c1574, 1d8d2908-dfb4-4358-9c6e-64b435d6fccc:c1573]
2019-07-03 07:08:04,018 INFO  client.GrpcClientProtocolClient (GrpcClientProtocolClient.java:onNext(254)) - client-253D2503C21A->6571ba41-d309-4d1d-a321-129a77bf1602: receive RaftClientReply:client-253D2503C21A->6571ba41-d309-4d1d-a321-129a77bf1602@group-6D4C5FD51127, cid=1122, SUCCESS, logIndex=1579, commits[6571ba41-d309-4d1d-a321-129a77bf1602:c1579, 75e8c5ea-f06a-43e1-af6e-1f7f9b0b2cc1:c1578, 1d8d2908-dfb4-4358-9c6e-64b435d6fccc:c1578]
2019-07-03 07:08:04,021 INFO  client.GrpcClientProtocolClient (GrpcClientProtocolClient.java:onNext(254)) - client-253D2503C21A->6571ba41-d309-4d1d-a321-129a77bf1602: receive RaftClientReply:client-253D2503C21A->6571ba41-d309-4d1d-a321-129a77bf1602@group-6D4C5FD51127, cid=1123, SUCCESS, logIndex=1581, commits[6571ba41-d309-4d1d-a321-129a77bf1602:c1581, 75e8c5ea-f06a-43e1-af6e-1f7f9b0b2cc1:c1579, 1d8d2908-dfb4-4358-9c6e-64b435d6fccc:c1579]
2019-07-03 07:08:04,060 INFO  client.GrpcClientProtocolClient (GrpcClientProtocolClient.java:onNext(254)) - client-253D2503C21A->6571ba41-d309-4d1d-a321-129a77bf1602: receive RaftClientReply:client-253D2503C21A->6571ba41-d309-4d1d-a321-129a77bf1602@group-6D4C5FD51127, cid=1124, SUCCESS, logIndex=1583, commits[6571ba41-d309-4d1d-a321-129a77bf1602:c1583, 75e8c5ea-f06a-43e1-af6e-1f7f9b0b2cc1:c1582, 1d8d2908-dfb4-4358-9c6e-64b435d6fccc:c1582]
2019-07-03 07:08:04,060 INFO  storage.RaftLogWorker (RaftLogWorker.java:rollLogSegment(303)) - 6571ba41-d309-4d1d-a321-129a77bf1602-RaftLogWorker: Rolling segment log-1505_1584 to index:1584
2019-07-03 07:08:04,061 INFO  storage.RaftLogWorker (RaftLogWorker.java:rollLogSegment(303)) - 1d8d2908-dfb4-4358-9c6e-64b435d6fccc-RaftLogWorker: Rolling segment log-1505_1584 to index:1584
2019-07-03 07:08:04,061 INFO  storage.RaftLogWorker (RaftLogWorker.java:rollLogSegment(303)) - 75e8c5ea-f06a-43e1-af6e-1f7f9b0b2cc1-RaftLogWorker: Rolling segment log-1505_1584 to index:1584
2019-07-03 07:08:04,068 INFO  storage.RaftLogWorker (RaftLogWorker.java:execute(433)) - 6571ba41-d309-4d1d-a321-129a77bf1602-RaftLogWorker: Rolled log segment from /opt/src/hadoop-ozone/tools/target/test-dir/MiniOzoneClusterImpl-0519545d-318d-4c21-a2a0-688f18f8a31d/datanode-4/data/ratis/23ffc2a4-5526-4092-9dc4-6d4c5fd51127/current/log_inprogress_1505 to /opt/src/hadoop-ozone/tools/target/test-dir/MiniOzoneClusterImpl-0519545d-318d-4c21-a2a0-688f18f8a31d/datanode-4/data/ratis/23ffc2a4-5526-4092-9dc4-6d4c5fd51127/current/log_1505-1584
2019-07-03 07:08:04,068 INFO  storage.RaftLogWorker (RaftLogWorker.java:execute(433)) - 75e8c5ea-f06a-43e1-af6e-1f7f9b0b2cc1-RaftLogWorker: Rolled log segment from /opt/src/hadoop-ozone/tools/target/test-dir/MiniOzoneClusterImpl-0519545d-318d-4c21-a2a0-688f18f8a31d/datanode-1/data/ratis/23ffc2a4-5526-4092-9dc4-6d4c5fd51127/current/log_inprogress_1505 to /opt/src/hadoop-ozone/tools/target/test-dir/MiniOzoneClusterImpl-0519545d-318d-4c21-a2a0-688f18f8a31d/datanode-1/data/ratis/23ffc2a4-5526-4092-9dc4-6d4c5fd51127/current/log_1505-1584
2019-07-03 07:08:04,069 INFO  storage.RaftLogWorker (RaftLogWorker.java:execute(433)) - 1d8d2908-dfb4-4358-9c6e-64b435d6fccc-RaftLogWorker: Rolled log segment from /opt/src/hadoop-ozone/tools/target/test-dir/MiniOzoneClusterImpl-0519545d-318d-4c21-a2a0-688f18f8a31d/datanode-2/data/ratis/23ffc2a4-5526-4092-9dc4-6d4c5fd51127/current/log_inprogress_1505 to /opt/src/hadoop-ozone/tools/target/test-dir/MiniOzoneClusterImpl-0519545d-318d-4c21-a2a0-688f18f8a31d/datanode-2/data/ratis/23ffc2a4-5526-4092-9dc4-6d4c5fd51127/current/log_1505-1584
2019-07-03 07:08:04,111 INFO  storage.RaftLogWorker (RaftLogWorker.java:execute(469)) - 75e8c5ea-f06a-43e1-af6e-1f7f9b0b2cc1-RaftLogWorker: created new log segment /opt/src/hadoop-ozone/tools/target/test-dir/MiniOzoneClusterImpl-0519545d-318d-4c21-a2a0-688f18f8a31d/datanode-1/data/ratis/23ffc2a4-5526-4092-9dc4-6d4c5fd51127/current/log_inprogress_1585
2019-07-03 07:08:04,111 INFO  storage.RaftLogWorker (RaftLogWorker.java:execute(469)) - 1d8d2908-dfb4-4358-9c6e-64b435d6fccc-RaftLogWorker: created new log segment /opt/src/hadoop-ozone/tools/target/test-dir/MiniOzoneClusterImpl-0519545d-318d-4c21-a2a0-688f18f8a31d/datanode-2/data/ratis/23ffc2a4-5526-4092-9dc4-6d4c5fd51127/current/log_inprogress_1585
2019-07-03 07:08:04,111 INFO  storage.RaftLogWorker (RaftLogWorker.java:execute(469)) - 6571ba41-d309-4d1d-a321-129a77bf1602-RaftLogWorker: created new log segment /opt/src/hadoop-ozone/tools/target/test-dir/MiniOzoneClusterImpl-0519545d-318d-4c21-a2a0-688f18f8a31d/datanode-4/data/ratis/23ffc2a4-5526-4092-9dc4-6d4c5fd51127/current/log_inprogress_1585
2019-07-03 07:08:04,125 INFO  client.GrpcClientProtocolClient (GrpcClientProtocolClient.java:onNext(254)) - client-253D2503C21A->6571ba41-d309-4d1d-a321-129a77bf1602: receive RaftClientReply:client-253D2503C21A->6571ba41-d309-4d1d-a321-129a77bf1602@group-6D4C5FD51127, cid=1125, SUCCESS, logIndex=1585, commits[6571ba41-d309-4d1d-a321-129a77bf1602:c1585, 75e8c5ea-f06a-43e1-af6e-1f7f9b0b2cc1:c1583, 1d8d2908-dfb4-4358-9c6e-64b435d6fccc:c1583]
2019-07-03 07:08:04,137 INFO  client.GrpcClientProtocolClient (GrpcClientProtocolClient.java:onNext(254)) - client-253D2503C21A->6571ba41-d309-4d1d-a321-129a77bf1602: receive RaftClientReply:client-253D2503C21A->6571ba41-d309-4d1d-a321-129a77bf1602@group-6D4C5FD51127, cid=1126, SUCCESS, logIndex=0, commits[6571ba41-d309-4d1d-a321-129a77bf1602:c1586, 75e8c5ea-f06a-43e1-af6e-1f7f9b0b2cc1:c1585, 1d8d2908-dfb4-4358-9c6e-64b435d6fccc:c1585]
2019-07-03 07:08:04,159 INFO  client.GrpcClientProtocolClient (GrpcClientProtocolClient.java:onNext(254)) - client-253D2503C21A->6571ba41-d309-4d1d-a321-129a77bf1602: receive RaftClientReply:client-253D2503C21A->6571ba41-d309-4d1d-a321-129a77bf1602@group-6D4C5FD51127, cid=1127, SUCCESS, logIndex=1587, commits[6571ba41-d309-4d1d-a321-129a77bf1602:c1587, 75e8c5ea-f06a-43e1-af6e-1f7f9b0b2cc1:c1586, 1d8d2908-dfb4-4358-9c6e-64b435d6fccc:c1586]
2019-07-03 07:08:04,172 INFO  client.GrpcClientProtocolClient (GrpcClientProtocolClient.java:onNext(254)) - client-253D2503C21A->6571ba41-d309-4d1d-a321-129a77bf1602: receive RaftClientReply:client-253D2503C21A->6571ba41-d309-4d1d-a321-129a77bf1602@group-6D4C5FD51127, cid=1128, SUCCESS, logIndex=1589, commits[6571ba41-d309-4d1d-a321-129a77bf1602:c1590, 75e8c5ea-f06a-43e1-af6e-1f7f9b0b2cc1:c1587, 1d8d2908-dfb4-4358-9c6e-64b435d6fccc:c1587]
2019-07-03 07:08:04,172 INFO  client.GrpcClientProtocolClient (GrpcClientProtocolClient.java:onNext(254)) - client-253D2503C21A->6571ba41-d309-4d1d-a321-129a77bf1602: receive RaftClientReply:client-253D2503C21A->6571ba41-d309-4d1d-a321-129a77bf1602@group-6D4C5FD51127, cid=1129, SUCCESS, logIndex=1590, commits[6571ba41-d309-4d1d-a321-129a77bf1602:c1590, 75e8c5ea-f06a-43e1-af6e-1f7f9b0b2cc1:c1587, 1d8d2908-dfb4-4358-9c6e-64b435d6fccc:c1587]
2019-07-03 07:08:04,173 INFO  client.GrpcClientProtocolClient (GrpcClientProtocolClient.java:onNext(254)) - client-253D2503C21A->6571ba41-d309-4d1d-a321-129a77bf1602: receive RaftClientReply:client-253D2503C21A->6571ba41-d309-4d1d-a321-129a77bf1602@group-6D4C5FD51127, cid=1130, SUCCESS, logIndex=1591, commits[6571ba41-d309-4d1d-a321-129a77bf1602:c1591, 75e8c5ea-f06a-43e1-af6e-1f7f9b0b2cc1:c1589, 1d8d2908-dfb4-4358-9c6e-64b435d6fccc:c1587]
2019-07-03 07:08:04,174 INFO  client.GrpcClientProtocolClient (GrpcClientProtocolClient.java:onNext(254)) - client-253D2503C21A->6571ba41-d309-4d1d-a321-129a77bf1602: receive RaftClientReply:client-253D2503C21A->6571ba41-d309-4d1d-a321-129a77bf1602@group-6D4C5FD51127, cid=1131, SUCCESS, logIndex=0, commits[6571ba41-d309-4d1d-a321-129a77bf1602:c1593, 75e8c5ea-f06a-43e1-af6e-1f7f9b0b2cc1:c1590, 1d8d2908-dfb4-4358-9c6e-64b435d6fccc:c1590]
2019-07-03 07:08:04,198 INFO  client.GrpcClientProtocolClient (GrpcClientProtocolClient.java:onNext(254)) - client-253D2503C21A->6571ba41-d309-4d1d-a321-129a77bf1602: receive RaftClientReply:client-253D2503C21A->6571ba41-d309-4d1d-a321-129a77bf1602@group-6D4C5FD51127, cid=1132, SUCCESS, logIndex=1595, commits[6571ba41-d309-4d1d-a321-129a77bf1602:c1595, 75e8c5ea-f06a-43e1-af6e-1f7f9b0b2cc1:c1594, 1d8d2908-dfb4-4358-9c6e-64b435d6fccc:c1594]
2019-07-03 07:08:04,211 INFO  client.GrpcClientProtocolClient (GrpcClientProtocolClient.java:onNext(254)) - client-253D2503C21A->6571ba41-d309-4d1d-a321-129a77bf1602: receive RaftClientReply:client-253D2503C21A->6571ba41-d309-4d1d-a321-129a77bf1602@group-6D4C5FD51127, cid=1133, SUCCESS, logIndex=1597, commits[6571ba41-d309-4d1d-a321-129a77bf1602:c1597, 75e8c5ea-f06a-43e1-af6e-1f7f9b0b2cc1:c1595, 1d8d2908-dfb4-4358-9c6e-64b435d6fccc:c1595]
2019-07-03 07:08:04,224 INFO  client.GrpcClientProtocolClient (GrpcClientProtocolClient.java:onNext(254)) - client-253D2503C21A->6571ba41-d309-4d1d-a321-129a77bf1602: receive RaftClientReply:client-253D2503C21A->6571ba41-d309-4d1d-a321-129a77bf1602@group-6D4C5FD51127, cid=1134, SUCCESS, logIndex=1599, commits[6571ba41-d309-4d1d-a321-129a77bf1602:c1599, 75e8c5ea-f06a-43e1-af6e-1f7f9b0b2cc1:c1597, 1d8d2908-dfb4-4358-9c6e-64b435d6fccc:c1597]
2019-07-03 07:08:04,227 INFO  client.GrpcClientProtocolClient (GrpcClientProtocolClient.java:onNext(254)) - client-253D2503C21A->6571ba41-d309-4d1d-a321-129a77bf1602: receive RaftClientReply:client-253D2503C21A->6571ba41-d309-4d1d-a321-129a77bf1602@group-6D4C5FD51127, cid=1135, SUCCESS, logIndex=1601, commits[6571ba41-d309-4d1d-a321-129a77bf1602:c1601, 75e8c5ea-f06a-43e1-af6e-1f7f9b0b2cc1:c1599, 1d8d2908-dfb4-4358-9c6e-64b435d6fccc:c1599]
2019-07-03 07:08:04,239 INFO  client.GrpcClientProtocolClient (GrpcClientProtocolClient.java:onNext(254)) - client-253D2503C21A->6571ba41-d309-4d1d-a321-129a77bf1602: receive RaftClientReply:client-253D2503C21A->6571ba41-d309-4d1d-a321-129a77bf1602@group-6D4C5FD51127, cid=1136, SUCCESS, logIndex=0, commits[6571ba41-d309-4d1d-a321-129a77bf1602:c1602, 75e8c5ea-f06a-43e1-af6e-1f7f9b0b2cc1:c1601, 1d8d2908-dfb4-4358-9c6e-64b435d6fccc:c1601]
2019-07-03 07:08:04,261 INFO  client.GrpcClientProtocolClient (GrpcClientProtocolClient.java:onNext(254)) - client-253D2503C21A->6571ba41-d309-4d1d-a321-129a77bf1602: receive RaftClientReply:client-253D2503C21A->6571ba41-d309-4d1d-a321-129a77bf1602@group-6D4C5FD51127, cid=1137, SUCCESS, logIndex=1603, commits[6571ba41-d309-4d1d-a321-129a77bf1602:c1603, 75e8c5ea-f06a-43e1-af6e-1f7f9b0b2cc1:c1602, 1d8d2908-dfb4-4358-9c6e-64b435d6fccc:c1602]
2019-07-03 07:08:04,273 INFO  client.GrpcClientProtocolClient (GrpcClientProtocolClient.java:onNext(254)) - client-253D2503C21A->6571ba41-d309-4d1d-a321-129a77bf1602: receive RaftClientReply:client-253D2503C21A->6571ba41-d309-4d1d-a321-129a77bf1602@group-6D4C5FD51127, cid=1138, SUCCESS, logIndex=1605, commits[6571ba41-d309-4d1d-a321-129a77bf1602:c1606, 75e8c5ea-f06a-43e1-af6e-1f7f9b0b2cc1:c1603, 1d8d2908-dfb4-4358-9c6e-64b435d6fccc:c1603]
2019-07-03 07:08:04,274 INFO  client.GrpcClientProtocolClient (GrpcClientProtocolClient.java:onNext(254)) - client-253D2503C21A->6571ba41-d309-4d1d-a321-129a77bf1602: receive RaftClientReply:client-253D2503C21A->6571ba41-d309-4d1d-a321-129a77bf1602@group-6D4C5FD51127, cid=1139, SUCCESS, logIndex=1606, commits[6571ba41-d309-4d1d-a321-129a77bf1602:c1607, 75e8c5ea-f06a-43e1-af6e-1f7f9b0b2cc1:c1603, 1d8d2908-dfb4-4358-9c6e-64b435d6fccc:c1603]
2019-07-03 07:08:04,274 INFO  client.GrpcClientProtocolClient (GrpcClientProtocolClient.java:onNext(254)) - client-253D2503C21A->6571ba41-d309-4d1d-a321-129a77bf1602: receive RaftClientReply:client-253D2503C21A->6571ba41-d309-4d1d-a321-129a77bf1602@group-6D4C5FD51127, cid=1140, SUCCESS, logIndex=1607, commits[6571ba41-d309-4d1d-a321-129a77bf1602:c1607, 75e8c5ea-f06a-43e1-af6e-1f7f9b0b2cc1:c1603, 1d8d2908-dfb4-4358-9c6e-64b435d6fccc:c1603]
2019-07-03 07:08:04,276 INFO  client.GrpcClientProtocolClient (GrpcClientProtocolClient.java:onNext(254)) - client-253D2503C21A->6571ba41-d309-4d1d-a321-129a77bf1602: receive RaftClientReply:client-253D2503C21A->6571ba41-d309-4d1d-a321-129a77bf1602@group-6D4C5FD51127, cid=1141, SUCCESS, logIndex=0, commits[6571ba41-d309-4d1d-a321-129a77bf1602:c1609, 75e8c5ea-f06a-43e1-af6e-1f7f9b0b2cc1:c1606, 1d8d2908-dfb4-4358-9c6e-64b435d6fccc:c1606]
2019-07-03 07:08:04,298 INFO  client.GrpcClientProtocolClient (GrpcClientProtocolClient.java:onNext(254)) - client-253D2503C21A->6571ba41-d309-4d1d-a321-129a77bf1602: receive RaftClientReply:client-253D2503C21A->6571ba41-d309-4d1d-a321-129a77bf1602@group-6D4C5FD51127, cid=1142, SUCCESS, logIndex=1611, commits[6571ba41-d309-4d1d-a321-129a77bf1602:c1611, 75e8c5ea-f06a-43e1-af6e-1f7f9b0b2cc1:c1610, 1d8d2908-dfb4-4358-9c6e-64b435d6fccc:c1610]
2019-07-03 07:08:04,323 INFO  client.GrpcClientProtocolClient (GrpcClientProtocolClient.java:onNext(254)) - client-253D2503C21A->6571ba41-d309-4d1d-a321-129a77bf1602: receive RaftClientReply:client-253D2503C21A->6571ba41-d309-4d1d-a321-129a77bf1602@group-6D4C5FD51127, cid=1143, SUCCESS, logIndex=1613, commits[6571ba41-d309-4d1d-a321-129a77bf1602:c1613, 75e8c5ea-f06a-43e1-af6e-1f7f9b0b2cc1:c1611, 1d8d2908-dfb4-4358-9c6e-64b435d6fccc:c1611]
2019-07-03 07:08:04,338 INFO  client.GrpcClientProtocolClient (GrpcClientProtocolClient.java:onNext(254)) - client-253D2503C21A->6571ba41-d309-4d1d-a321-129a77bf1602: receive RaftClientReply:client-253D2503C21A->6571ba41-d309-4d1d-a321-129a77bf1602@group-6D4C5FD51127, cid=1144, SUCCESS, logIndex=1615, commits[6571ba41-d309-4d1d-a321-129a77bf1602:c1615, 75e8c5ea-f06a-43e1-af6e-1f7f9b0b2cc1:c1613, 1d8d2908-dfb4-4358-9c6e-64b435d6fccc:c1613]
2019-07-03 07:08:04,352 INFO  client.GrpcClientProtocolClient (GrpcClientProtocolClient.java:onNext(254)) - client-253D2503C21A->6571ba41-d309-4d1d-a321-129a77bf1602: receive RaftClientReply:client-253D2503C21A->6571ba41-d309-4d1d-a321-129a77bf1602@group-6D4C5FD51127, cid=1145, SUCCESS, logIndex=1617, commits[6571ba41-d309-4d1d-a321-129a77bf1602:c1617, 75e8c5ea-f06a-43e1-af6e-1f7f9b0b2cc1:c1615, 1d8d2908-dfb4-4358-9c6e-64b435d6fccc:c1615]
2019-07-03 07:08:04,364 INFO  client.GrpcClientProtocolClient (GrpcClientProtocolClient.java:onNext(254)) - client-253D2503C21A->6571ba41-d309-4d1d-a321-129a77bf1602: receive RaftClientReply:client-253D2503C21A->6571ba41-d309-4d1d-a321-129a77bf1602@group-6D4C5FD51127, cid=1146, SUCCESS, logIndex=0, commits[6571ba41-d309-4d1d-a321-129a77bf1602:c1618, 75e8c5ea-f06a-43e1-af6e-1f7f9b0b2cc1:c1617, 1d8d2908-dfb4-4358-9c6e-64b435d6fccc:c1617]
2019-07-03 07:08:04,385 INFO  client.GrpcClientProtocolClient (GrpcClientProtocolClient.java:onNext(254)) - client-253D2503C21A->6571ba41-d309-4d1d-a321-129a77bf1602: receive RaftClientReply:client-253D2503C21A->6571ba41-d309-4d1d-a321-129a77bf1602@group-6D4C5FD51127, cid=1147, SUCCESS, logIndex=1619, commits[6571ba41-d309-4d1d-a321-129a77bf1602:c1619, 75e8c5ea-f06a-43e1-af6e-1f7f9b0b2cc1:c1618, 1d8d2908-dfb4-4358-9c6e-64b435d6fccc:c1618]
2019-07-03 07:08:04,398 INFO  client.GrpcClientProtocolClient (GrpcClientProtocolClient.java:onNext(254)) - client-253D2503C21A->6571ba41-d309-4d1d-a321-129a77bf1602: receive RaftClientReply:client-253D2503C21A->6571ba41-d309-4d1d-a321-129a77bf1602@group-6D4C5FD51127, cid=1148, SUCCESS, logIndex=1621, commits[6571ba41-d309-4d1d-a321-129a77bf1602:c1622, 75e8c5ea-f06a-43e1-af6e-1f7f9b0b2cc1:c1619, 1d8d2908-dfb4-4358-9c6e-64b435d6fccc:c1619]
2019-07-03 07:08:04,398 INFO  client.GrpcClientProtocolClient (GrpcClientProtocolClient.java:onNext(254)) - client-253D2503C21A->6571ba41-d309-4d1d-a321-129a77bf1602: receive RaftClientReply:client-253D2503C21A->6571ba41-d309-4d1d-a321-129a77bf1602@group-6D4C5FD51127, cid=1149, SUCCESS, logIndex=1622, commits[6571ba41-d309-4d1d-a321-129a77bf1602:c1623, 75e8c5ea-f06a-43e1-af6e-1f7f9b0b2cc1:c1619, 1d8d2908-dfb4-4358-9c6e-64b435d6fccc:c1619]
2019-07-03 07:08:04,399 INFO  client.GrpcClientProtocolClient (GrpcClientProtocolClient.java:onNext(254)) - client-253D2503C21A->6571ba41-d309-4d1d-a321-129a77bf1602: receive RaftClientReply:client-253D2503C21A->6571ba41-d309-4d1d-a321-129a77bf1602@group-6D4C5FD51127, cid=1150, SUCCESS, logIndex=1623, commits[6571ba41-d309-4d1d-a321-129a77bf1602:c1624, 75e8c5ea-f06a-43e1-af6e-1f7f9b0b2cc1:c1619, 1d8d2908-dfb4-4358-9c6e-64b435d6fccc:c1622]
2019-07-03 07:08:04,400 INFO  client.GrpcClientProtocolClient (GrpcClientProtocolClient.java:onNext(254)) - client-253D2503C21A->6571ba41-d309-4d1d-a321-129a77bf1602: receive RaftClientReply:client-253D2503C21A->6571ba41-d309-4d1d-a321-129a77bf1602@group-6D4C5FD51127, cid=1151, SUCCESS, logIndex=0, commits[6571ba41-d309-4d1d-a321-129a77bf1602:c1625, 75e8c5ea-f06a-43e1-af6e-1f7f9b0b2cc1:c1622, 1d8d2908-dfb4-4358-9c6e-64b435d6fccc:c1622]
2019-07-03 07:08:04,421 INFO  client.GrpcClientProtocolClient (GrpcClientProtocolClient.java:onNext(254)) - client-253D2503C21A->6571ba41-d309-4d1d-a321-129a77bf1602: receive RaftClientReply:client-253D2503C21A->6571ba41-d309-4d1d-a321-129a77bf1602@group-6D4C5FD51127, cid=1152, SUCCESS, logIndex=1627, commits[6571ba41-d309-4d1d-a321-129a77bf1602:c1627, 75e8c5ea-f06a-43e1-af6e-1f7f9b0b2cc1:c1626, 1d8d2908-dfb4-4358-9c6e-64b435d6fccc:c1626]
2019-07-03 07:08:04,435 INFO  client.GrpcClientProtocolClient (GrpcClientProtocolClient.java:onNext(254)) - client-253D2503C21A->6571ba41-d309-4d1d-a321-129a77bf1602: receive RaftClientReply:client-253D2503C21A->6571ba41-d309-4d1d-a321-129a77bf1602@group-6D4C5FD51127, cid=1153, SUCCESS, logIndex=1629, commits[6571ba41-d309-4d1d-a321-129a77bf1602:c1629, 75e8c5ea-f06a-43e1-af6e-1f7f9b0b2cc1:c1627, 1d8d2908-dfb4-4358-9c6e-64b435d6fccc:c1627]
2019-07-03 07:08:04,456 INFO  client.GrpcClientProtocolClient (GrpcClientProtocolClient.java:onNext(254)) - client-253D2503C21A->6571ba41-d309-4d1d-a321-129a77bf1602: receive RaftClientReply:client-253D2503C21A->6571ba41-d309-4d1d-a321-129a77bf1602@group-6D4C5FD51127, cid=1154, SUCCESS, logIndex=1631, commits[6571ba41-d309-4d1d-a321-129a77bf1602:c1631, 75e8c5ea-f06a-43e1-af6e-1f7f9b0b2cc1:c1630, 1d8d2908-dfb4-4358-9c6e-64b435d6fccc:c1630]
2019-07-03 07:08:04,469 INFO  client.GrpcClientProtocolClient (GrpcClientProtocolClient.java:onNext(254)) - client-253D2503C21A->6571ba41-d309-4d1d-a321-129a77bf1602: receive RaftClientReply:client-253D2503C21A->6571ba41-d309-4d1d-a321-129a77bf1602@group-6D4C5FD51127, cid=1155, SUCCESS, logIndex=1633, commits[6571ba41-d309-4d1d-a321-129a77bf1602:c1633, 75e8c5ea-f06a-43e1-af6e-1f7f9b0b2cc1:c1631, 1d8d2908-dfb4-4358-9c6e-64b435d6fccc:c1631]
2019-07-03 07:08:04,481 INFO  client.GrpcClientProtocolClient (GrpcClientProtocolClient.java:onNext(254)) - client-253D2503C21A->6571ba41-d309-4d1d-a321-129a77bf1602: receive RaftClientReply:client-253D2503C21A->6571ba41-d309-4d1d-a321-129a77bf1602@group-6D4C5FD51127, cid=1156, SUCCESS, logIndex=0, commits[6571ba41-d309-4d1d-a321-129a77bf1602:c1634, 75e8c5ea-f06a-43e1-af6e-1f7f9b0b2cc1:c1633, 1d8d2908-dfb4-4358-9c6e-64b435d6fccc:c1633]
2019-07-03 07:08:04,502 INFO  client.GrpcClientProtocolClient (GrpcClientProtocolClient.java:onNext(254)) - client-253D2503C21A->6571ba41-d309-4d1d-a321-129a77bf1602: receive RaftClientReply:client-253D2503C21A->6571ba41-d309-4d1d-a321-129a77bf1602@group-6D4C5FD51127, cid=1157, SUCCESS, logIndex=1635, commits[6571ba41-d309-4d1d-a321-129a77bf1602:c1635, 75e8c5ea-f06a-43e1-af6e-1f7f9b0b2cc1:c1634, 1d8d2908-dfb4-4358-9c6e-64b435d6fccc:c1634]
2019-07-03 07:08:04,600 INFO  client.GrpcClientProtocolClient (GrpcClientProtocolClient.java:onNext(254)) - client-253D2503C21A->6571ba41-d309-4d1d-a321-129a77bf1602: receive RaftClientReply:client-253D2503C21A->6571ba41-d309-4d1d-a321-129a77bf1602@group-6D4C5FD51127, cid=1158, SUCCESS, logIndex=1637, commits[6571ba41-d309-4d1d-a321-129a77bf1602:c1638, 75e8c5ea-f06a-43e1-af6e-1f7f9b0b2cc1:c1635, 1d8d2908-dfb4-4358-9c6e-64b435d6fccc:c1635]
2019-07-03 07:08:04,600 INFO  client.GrpcClientProtocolClient (GrpcClientProtocolClient.java:onNext(254)) - client-253D2503C21A->6571ba41-d309-4d1d-a321-129a77bf1602: receive RaftClientReply:client-253D2503C21A->6571ba41-d309-4d1d-a321-129a77bf1602@group-6D4C5FD51127, cid=1159, SUCCESS, logIndex=1638, commits[6571ba41-d309-4d1d-a321-129a77bf1602:c1639, 75e8c5ea-f06a-43e1-af6e-1f7f9b0b2cc1:c1636, 1d8d2908-dfb4-4358-9c6e-64b435d6fccc:c1635]
2019-07-03 07:08:04,601 INFO  client.GrpcClientProtocolClient (GrpcClientProtocolClient.java:onNext(254)) - client-253D2503C21A->6571ba41-d309-4d1d-a321-129a77bf1602: receive RaftClientReply:client-253D2503C21A->6571ba41-d309-4d1d-a321-129a77bf1602@group-6D4C5FD51127, cid=1160, SUCCESS, logIndex=1639, commits[6571ba41-d309-4d1d-a321-129a77bf1602:c1639, 75e8c5ea-f06a-43e1-af6e-1f7f9b0b2cc1:c1636, 1d8d2908-dfb4-4358-9c6e-64b435d6fccc:c1636]
2019-07-03 07:08:04,602 INFO  client.GrpcClientProtocolClient (GrpcClientProtocolClient.java:onNext(254)) - client-253D2503C21A->6571ba41-d309-4d1d-a321-129a77bf1602: receive RaftClientReply:client-253D2503C21A->6571ba41-d309-4d1d-a321-129a77bf1602@group-6D4C5FD51127, cid=1161, SUCCESS, logIndex=0, commits[6571ba41-d309-4d1d-a321-129a77bf1602:c1641, 75e8c5ea-f06a-43e1-af6e-1f7f9b0b2cc1:c1638, 1d8d2908-dfb4-4358-9c6e-64b435d6fccc:c1638]
2019-07-03 07:08:04,624 INFO  client.GrpcClientProtocolClient (GrpcClientProtocolClient.java:onNext(254)) - client-253D2503C21A->6571ba41-d309-4d1d-a321-129a77bf1602: receive RaftClientReply:client-253D2503C21A->6571ba41-d309-4d1d-a321-129a77bf1602@group-6D4C5FD51127, cid=1162, SUCCESS, logIndex=1643, commits[6571ba41-d309-4d1d-a321-129a77bf1602:c1643, 75e8c5ea-f06a-43e1-af6e-1f7f9b0b2cc1:c1642, 1d8d2908-dfb4-4358-9c6e-64b435d6fccc:c1642]
2019-07-03 07:08:04,638 INFO  client.GrpcClientProtocolClient (GrpcClientProtocolClient.java:onNext(254)) - client-253D2503C21A->6571ba41-d309-4d1d-a321-129a77bf1602: receive RaftClientReply:client-253D2503C21A->6571ba41-d309-4d1d-a321-129a77bf1602@group-6D4C5FD51127, cid=1163, SUCCESS, logIndex=1645, commits[6571ba41-d309-4d1d-a321-129a77bf1602:c1645, 75e8c5ea-f06a-43e1-af6e-1f7f9b0b2cc1:c1643, 1d8d2908-dfb4-4358-9c6e-64b435d6fccc:c1643]
2019-07-03 07:08:04,662 INFO  client.GrpcClientProtocolClient (GrpcClientProtocolClient.java:onNext(254)) - client-253D2503C21A->6571ba41-d309-4d1d-a321-129a77bf1602: receive RaftClientReply:client-253D2503C21A->6571ba41-d309-4d1d-a321-129a77bf1602@group-6D4C5FD51127, cid=1164, SUCCESS, logIndex=1647, commits[6571ba41-d309-4d1d-a321-129a77bf1602:c1647, 75e8c5ea-f06a-43e1-af6e-1f7f9b0b2cc1:c1645, 1d8d2908-dfb4-4358-9c6e-64b435d6fccc:c1645]
2019-07-03 07:08:04,665 INFO  client.GrpcClientProtocolClient (GrpcClientProtocolClient.java:onNext(254)) - client-253D2503C21A->6571ba41-d309-4d1d-a321-129a77bf1602: receive RaftClientReply:client-253D2503C21A->6571ba41-d309-4d1d-a321-129a77bf1602@group-6D4C5FD51127, cid=1165, SUCCESS, logIndex=1649, commits[6571ba41-d309-4d1d-a321-129a77bf1602:c1649, 75e8c5ea-f06a-43e1-af6e-1f7f9b0b2cc1:c1647, 1d8d2908-dfb4-4358-9c6e-64b435d6fccc:c1647]
2019-07-03 07:08:04,677 INFO  client.GrpcClientProtocolClient (GrpcClientProtocolClient.java:onNext(254)) - client-253D2503C21A->6571ba41-d309-4d1d-a321-129a77bf1602: receive RaftClientReply:client-253D2503C21A->6571ba41-d309-4d1d-a321-129a77bf1602@group-6D4C5FD51127, cid=1166, SUCCESS, logIndex=0, commits[6571ba41-d309-4d1d-a321-129a77bf1602:c1650, 75e8c5ea-f06a-43e1-af6e-1f7f9b0b2cc1:c1649, 1d8d2908-dfb4-4358-9c6e-64b435d6fccc:c1649]
2019-07-03 07:08:04,698 INFO  client.GrpcClientProtocolClient (GrpcClientProtocolClient.java:onNext(254)) - client-253D2503C21A->6571ba41-d309-4d1d-a321-129a77bf1602: receive RaftClientReply:client-253D2503C21A->6571ba41-d309-4d1d-a321-129a77bf1602@group-6D4C5FD51127, cid=1167, SUCCESS, logIndex=1651, commits[6571ba41-d309-4d1d-a321-129a77bf1602:c1651, 75e8c5ea-f06a-43e1-af6e-1f7f9b0b2cc1:c1650, 1d8d2908-dfb4-4358-9c6e-64b435d6fccc:c1650]
 0.00% |█                                                                                                    |  0/1 Time: 0:00:122019-07-03 07:08:04,710 INFO  client.GrpcClientProtocolClient (GrpcClientProtocolClient.java:onNext(254)) - client-253D2503C21A->6571ba41-d309-4d1d-a321-129a77bf1602: receive RaftClientReply:client-253D2503C21A->6571ba41-d309-4d1d-a321-129a77bf1602@group-6D4C5FD51127, cid=1168, SUCCESS, logIndex=1653, commits[6571ba41-d309-4d1d-a321-129a77bf1602:c1654, 75e8c5ea-f06a-43e1-af6e-1f7f9b0b2cc1:c1651, 1d8d2908-dfb4-4358-9c6e-64b435d6fccc:c1651]
2019-07-03 07:08:04,711 INFO  client.GrpcClientProtocolClient (GrpcClientProtocolClient.java:onNext(254)) - client-253D2503C21A->6571ba41-d309-4d1d-a321-129a77bf1602: receive RaftClientReply:client-253D2503C21A->6571ba41-d309-4d1d-a321-129a77bf1602@group-6D4C5FD51127, cid=1169, SUCCESS, logIndex=1654, commits[6571ba41-d309-4d1d-a321-129a77bf1602:c1655, 75e8c5ea-f06a-43e1-af6e-1f7f9b0b2cc1:c1651, 1d8d2908-dfb4-4358-9c6e-64b435d6fccc:c1651]
2019-07-03 07:08:04,711 INFO  client.GrpcClientProtocolClient (GrpcClientProtocolClient.java:onNext(254)) - client-253D2503C21A->6571ba41-d309-4d1d-a321-129a77bf1602: receive RaftClientReply:client-253D2503C21A->6571ba41-d309-4d1d-a321-129a77bf1602@group-6D4C5FD51127, cid=1170, SUCCESS, logIndex=1655, commits[6571ba41-d309-4d1d-a321-129a77bf1602:c1655, 75e8c5ea-f06a-43e1-af6e-1f7f9b0b2cc1:c1651, 1d8d2908-dfb4-4358-9c6e-64b435d6fccc:c1651]
2019-07-03 07:08:04,713 INFO  client.GrpcClientProtocolClient (GrpcClientProtocolClient.java:onNext(254)) - client-253D2503C21A->6571ba41-d309-4d1d-a321-129a77bf1602: receive RaftClientReply:client-253D2503C21A->6571ba41-d309-4d1d-a321-129a77bf1602@group-6D4C5FD51127, cid=1171, SUCCESS, logIndex=0, commits[6571ba41-d309-4d1d-a321-129a77bf1602:c1658, 75e8c5ea-f06a-43e1-af6e-1f7f9b0b2cc1:c1655, 1d8d2908-dfb4-4358-9c6e-64b435d6fccc:c1654]
2019-07-03 07:08:04,734 INFO  client.GrpcClientProtocolClient (GrpcClientProtocolClient.java:onNext(254)) - client-253D2503C21A->6571ba41-d309-4d1d-a321-129a77bf1602: receive RaftClientReply:client-253D2503C21A->6571ba41-d309-4d1d-a321-129a77bf1602@group-6D4C5FD51127, cid=1172, SUCCESS, logIndex=1659, commits[6571ba41-d309-4d1d-a321-129a77bf1602:c1659, 75e8c5ea-f06a-43e1-af6e-1f7f9b0b2cc1:c1658, 1d8d2908-dfb4-4358-9c6e-64b435d6fccc:c1658]
2019-07-03 07:08:04,748 INFO  client.GrpcClientProtocolClient (GrpcClientProtocolClient.java:onNext(254)) - client-253D2503C21A->6571ba41-d309-4d1d-a321-129a77bf1602: receive RaftClientReply:client-253D2503C21A->6571ba41-d309-4d1d-a321-129a77bf1602@group-6D4C5FD51127, cid=1173, SUCCESS, logIndex=1661, commits[6571ba41-d309-4d1d-a321-129a77bf1602:c1661, 75e8c5ea-f06a-43e1-af6e-1f7f9b0b2cc1:c1659, 1d8d2908-dfb4-4358-9c6e-64b435d6fccc:c1659]
2019-07-03 07:08:04,761 INFO  storage.RaftLogWorker (RaftLogWorker.java:rollLogSegment(303)) - 6571ba41-d309-4d1d-a321-129a77bf1602-RaftLogWorker: Rolling segment log-1585_1664 to index:1664
2019-07-03 07:08:04,761 INFO  client.GrpcClientProtocolClient (GrpcClientProtocolClient.java:onNext(254)) - client-253D2503C21A->6571ba41-d309-4d1d-a321-129a77bf1602: receive RaftClientReply:client-253D2503C21A->6571ba41-d309-4d1d-a321-129a77bf1602@group-6D4C5FD51127, cid=1174, SUCCESS, logIndex=1663, commits[6571ba41-d309-4d1d-a321-129a77bf1602:c1663, 75e8c5ea-f06a-43e1-af6e-1f7f9b0b2cc1:c1661, 1d8d2908-dfb4-4358-9c6e-64b435d6fccc:c1661]
2019-07-03 07:08:04,762 INFO  storage.RaftLogWorker (RaftLogWorker.java:execute(433)) - 6571ba41-d309-4d1d-a321-129a77bf1602-RaftLogWorker: Rolled log segment from /opt/src/hadoop-ozone/tools/target/test-dir/MiniOzoneClusterImpl-0519545d-318d-4c21-a2a0-688f18f8a31d/datanode-4/data/ratis/23ffc2a4-5526-4092-9dc4-6d4c5fd51127/current/log_inprogress_1585 to /opt/src/hadoop-ozone/tools/target/test-dir/MiniOzoneClusterImpl-0519545d-318d-4c21-a2a0-688f18f8a31d/datanode-4/data/ratis/23ffc2a4-5526-4092-9dc4-6d4c5fd51127/current/log_1585-1664
2019-07-03 07:08:04,762 INFO  storage.RaftLogWorker (RaftLogWorker.java:rollLogSegment(303)) - 75e8c5ea-f06a-43e1-af6e-1f7f9b0b2cc1-RaftLogWorker: Rolling segment log-1585_1664 to index:1664
2019-07-03 07:08:04,762 INFO  storage.RaftLogWorker (RaftLogWorker.java:rollLogSegment(303)) - 1d8d2908-dfb4-4358-9c6e-64b435d6fccc-RaftLogWorker: Rolling segment log-1585_1664 to index:1664
2019-07-03 07:08:04,762 INFO  storage.RaftLogWorker (RaftLogWorker.java:execute(433)) - 75e8c5ea-f06a-43e1-af6e-1f7f9b0b2cc1-RaftLogWorker: Rolled log segment from /opt/src/hadoop-ozone/tools/target/test-dir/MiniOzoneClusterImpl-0519545d-318d-4c21-a2a0-688f18f8a31d/datanode-1/data/ratis/23ffc2a4-5526-4092-9dc4-6d4c5fd51127/current/log_inprogress_1585 to /opt/src/hadoop-ozone/tools/target/test-dir/MiniOzoneClusterImpl-0519545d-318d-4c21-a2a0-688f18f8a31d/datanode-1/data/ratis/23ffc2a4-5526-4092-9dc4-6d4c5fd51127/current/log_1585-1664
2019-07-03 07:08:04,762 INFO  storage.RaftLogWorker (RaftLogWorker.java:execute(433)) - 1d8d2908-dfb4-4358-9c6e-64b435d6fccc-RaftLogWorker: Rolled log segment from /opt/src/hadoop-ozone/tools/target/test-dir/MiniOzoneClusterImpl-0519545d-318d-4c21-a2a0-688f18f8a31d/datanode-2/data/ratis/23ffc2a4-5526-4092-9dc4-6d4c5fd51127/current/log_inprogress_1585 to /opt/src/hadoop-ozone/tools/target/test-dir/MiniOzoneClusterImpl-0519545d-318d-4c21-a2a0-688f18f8a31d/datanode-2/data/ratis/23ffc2a4-5526-4092-9dc4-6d4c5fd51127/current/log_1585-1664
2019-07-03 07:08:04,804 INFO  storage.RaftLogWorker (RaftLogWorker.java:execute(469)) - 1d8d2908-dfb4-4358-9c6e-64b435d6fccc-RaftLogWorker: created new log segment /opt/src/hadoop-ozone/tools/target/test-dir/MiniOzoneClusterImpl-0519545d-318d-4c21-a2a0-688f18f8a31d/datanode-2/data/ratis/23ffc2a4-5526-4092-9dc4-6d4c5fd51127/current/log_inprogress_1665
2019-07-03 07:08:04,804 INFO  storage.RaftLogWorker (RaftLogWorker.java:execute(469)) - 6571ba41-d309-4d1d-a321-129a77bf1602-RaftLogWorker: created new log segment /opt/src/hadoop-ozone/tools/target/test-dir/MiniOzoneClusterImpl-0519545d-318d-4c21-a2a0-688f18f8a31d/datanode-4/data/ratis/23ffc2a4-5526-4092-9dc4-6d4c5fd51127/current/log_inprogress_1665
2019-07-03 07:08:04,804 INFO  storage.RaftLogWorker (RaftLogWorker.java:execute(469)) - 75e8c5ea-f06a-43e1-af6e-1f7f9b0b2cc1-RaftLogWorker: created new log segment /opt/src/hadoop-ozone/tools/target/test-dir/MiniOzoneClusterImpl-0519545d-318d-4c21-a2a0-688f18f8a31d/datanode-1/data/ratis/23ffc2a4-5526-4092-9dc4-6d4c5fd51127/current/log_inprogress_1665
2019-07-03 07:08:04,807 INFO  client.GrpcClientProtocolClient (GrpcClientProtocolClient.java:onNext(254)) - client-253D2503C21A->6571ba41-d309-4d1d-a321-129a77bf1602: receive RaftClientReply:client-253D2503C21A->6571ba41-d309-4d1d-a321-129a77bf1602@group-6D4C5FD51127, cid=1175, SUCCESS, logIndex=1665, commits[6571ba41-d309-4d1d-a321-129a77bf1602:c1665, 75e8c5ea-f06a-43e1-af6e-1f7f9b0b2cc1:c1663, 1d8d2908-dfb4-4358-9c6e-64b435d6fccc:c1663]
2019-07-03 07:08:04,819 INFO  client.GrpcClientProtocolClient (GrpcClientProtocolClient.java:onNext(254)) - client-253D2503C21A->6571ba41-d309-4d1d-a321-129a77bf1602: receive RaftClientReply:client-253D2503C21A->6571ba41-d309-4d1d-a321-129a77bf1602@group-6D4C5FD51127, cid=1176, SUCCESS, logIndex=0, commits[6571ba41-d309-4d1d-a321-129a77bf1602:c1666, 75e8c5ea-f06a-43e1-af6e-1f7f9b0b2cc1:c1665, 1d8d2908-dfb4-4358-9c6e-64b435d6fccc:c1665]
2019-07-03 07:08:04,839 INFO  client.GrpcClientProtocolClient (GrpcClientProtocolClient.java:onNext(254)) - client-253D2503C21A->6571ba41-d309-4d1d-a321-129a77bf1602: receive RaftClientReply:client-253D2503C21A->6571ba41-d309-4d1d-a321-129a77bf1602@group-6D4C5FD51127, cid=1177, SUCCESS, logIndex=1667, commits[6571ba41-d309-4d1d-a321-129a77bf1602:c1667, 75e8c5ea-f06a-43e1-af6e-1f7f9b0b2cc1:c1666, 1d8d2908-dfb4-4358-9c6e-64b435d6fccc:c1666]
2019-07-03 07:08:04,849 INFO  client.GrpcClientProtocolClient (GrpcClientProtocolClient.java:onNext(254)) - client-253D2503C21A->6571ba41-d309-4d1d-a321-129a77bf1602: receive RaftClientReply:client-253D2503C21A->6571ba41-d309-4d1d-a321-129a77bf1602@group-6D4C5FD51127, cid=1178, SUCCESS, logIndex=1669, commits[6571ba41-d309-4d1d-a321-129a77bf1602:c1670, 75e8c5ea-f06a-43e1-af6e-1f7f9b0b2cc1:c1667, 1d8d2908-dfb4-4358-9c6e-64b435d6fccc:c1667]
2019-07-03 07:08:04,849 INFO  client.GrpcClientProtocolClient (GrpcClientProtocolClient.java:onNext(254)) - client-253D2503C21A->6571ba41-d309-4d1d-a321-129a77bf1602: receive RaftClientReply:client-253D2503C21A->6571ba41-d309-4d1d-a321-129a77bf1602@group-6D4C5FD51127, cid=1179, SUCCESS, logIndex=1670, commits[6571ba41-d309-4d1d-a321-129a77bf1602:c1671, 75e8c5ea-f06a-43e1-af6e-1f7f9b0b2cc1:c1667, 1d8d2908-dfb4-4358-9c6e-64b435d6fccc:c1667]
2019-07-03 07:08:04,850 INFO  client.GrpcClientProtocolClient (GrpcClientProtocolClient.java:onNext(254)) - client-253D2503C21A->6571ba41-d309-4d1d-a321-129a77bf1602: receive RaftClientReply:client-253D2503C21A->6571ba41-d309-4d1d-a321-129a77bf1602@group-6D4C5FD51127, cid=1180, SUCCESS, logIndex=1671, commits[6571ba41-d309-4d1d-a321-129a77bf1602:c1671, 75e8c5ea-f06a-43e1-af6e-1f7f9b0b2cc1:c1667, 1d8d2908-dfb4-4358-9c6e-64b435d6fccc:c1667]
2019-07-03 07:08:04,852 INFO  client.GrpcClientProtocolClient (GrpcClientProtocolClient.java:onNext(254)) - client-253D2503C21A->6571ba41-d309-4d1d-a321-129a77bf1602: receive RaftClientReply:client-253D2503C21A->6571ba41-d309-4d1d-a321-129a77bf1602@group-6D4C5FD51127, cid=1181, SUCCESS, logIndex=0, commits[6571ba41-d309-4d1d-a321-129a77bf1602:c1674, 75e8c5ea-f06a-43e1-af6e-1f7f9b0b2cc1:c1671, 1d8d2908-dfb4-4358-9c6e-64b435d6fccc:c1670]
2019-07-03 07:08:04,872 INFO  client.GrpcClientProtocolClient (GrpcClientProtocolClient.java:onNext(254)) - client-253D2503C21A->6571ba41-d309-4d1d-a321-129a77bf1602: receive RaftClientReply:client-253D2503C21A->6571ba41-d309-4d1d-a321-129a77bf1602@group-6D4C5FD51127, cid=1182, SUCCESS, logIndex=1675, commits[6571ba41-d309-4d1d-a321-129a77bf1602:c1675, 75e8c5ea-f06a-43e1-af6e-1f7f9b0b2cc1:c1674, 1d8d2908-dfb4-4358-9c6e-64b435d6fccc:c1674]
2019-07-03 07:08:04,885 INFO  client.GrpcClientProtocolClient (GrpcClientProtocolClient.java:onNext(254)) - client-253D2503C21A->6571ba41-d309-4d1d-a321-129a77bf1602: receive RaftClientReply:client-253D2503C21A->6571ba41-d309-4d1d-a321-129a77bf1602@group-6D4C5FD51127, cid=1183, SUCCESS, logIndex=1677, commits[6571ba41-d309-4d1d-a321-129a77bf1602:c1677, 75e8c5ea-f06a-43e1-af6e-1f7f9b0b2cc1:c1675, 1d8d2908-dfb4-4358-9c6e-64b435d6fccc:c1675]
2019-07-03 07:08:04,898 INFO  client.GrpcClientProtocolClient (GrpcClientProtocolClient.java:onNext(254)) - client-253D2503C21A->6571ba41-d309-4d1d-a321-129a77bf1602: receive RaftClientReply:client-253D2503C21A->6571ba41-d309-4d1d-a321-129a77bf1602@group-6D4C5FD51127, cid=1184, SUCCESS, logIndex=1679, commits[6571ba41-d309-4d1d-a321-129a77bf1602:c1679, 75e8c5ea-f06a-43e1-af6e-1f7f9b0b2cc1:c1677, 1d8d2908-dfb4-4358-9c6e-64b435d6fccc:c1677]
2019-07-03 07:08:04,901 INFO  client.GrpcClientProtocolClient (GrpcClientProtocolClient.java:onNext(254)) - client-253D2503C21A->6571ba41-d309-4d1d-a321-129a77bf1602: receive RaftClientReply:client-253D2503C21A->6571ba41-d309-4d1d-a321-129a77bf1602@group-6D4C5FD51127, cid=1185, SUCCESS, logIndex=1681, commits[6571ba41-d309-4d1d-a321-129a77bf1602:c1681, 75e8c5ea-f06a-43e1-af6e-1f7f9b0b2cc1:c1679, 1d8d2908-dfb4-4358-9c6e-64b435d6fccc:c1679]
2019-07-03 07:08:04,913 INFO  client.GrpcClientProtocolClient (GrpcClientProtocolClient.java:onNext(254)) - client-253D2503C21A->6571ba41-d309-4d1d-a321-129a77bf1602: receive RaftClientReply:client-253D2503C21A->6571ba41-d309-4d1d-a321-129a77bf1602@group-6D4C5FD51127, cid=1186, SUCCESS, logIndex=0, commits[6571ba41-d309-4d1d-a321-129a77bf1602:c1681, 75e8c5ea-f06a-43e1-af6e-1f7f9b0b2cc1:c1681, 1d8d2908-dfb4-4358-9c6e-64b435d6fccc:c1681]
2019-07-03 07:08:04,936 INFO  client.GrpcClientProtocolClient (GrpcClientProtocolClient.java:onNext(254)) - client-253D2503C21A->6571ba41-d309-4d1d-a321-129a77bf1602: receive RaftClientReply:client-253D2503C21A->6571ba41-d309-4d1d-a321-129a77bf1602@group-6D4C5FD51127, cid=1187, SUCCESS, logIndex=1683, commits[6571ba41-d309-4d1d-a321-129a77bf1602:c1683, 75e8c5ea-f06a-43e1-af6e-1f7f9b0b2cc1:c1682, 1d8d2908-dfb4-4358-9c6e-64b435d6fccc:c1681]
2019-07-03 07:08:04,947 INFO  client.GrpcClientProtocolClient (GrpcClientProtocolClient.java:onNext(254)) - client-253D2503C21A->6571ba41-d309-4d1d-a321-129a77bf1602: receive RaftClientReply:client-253D2503C21A->6571ba41-d309-4d1d-a321-129a77bf1602@group-6D4C5FD51127, cid=1188, SUCCESS, logIndex=1685, commits[6571ba41-d309-4d1d-a321-129a77bf1602:c1686, 75e8c5ea-f06a-43e1-af6e-1f7f9b0b2cc1:c1683, 1d8d2908-dfb4-4358-9c6e-64b435d6fccc:c1682]
2019-07-03 07:08:04,948 INFO  client.GrpcClientProtocolClient (GrpcClientProtocolClient.java:onNext(254)) - client-253D2503C21A->6571ba41-d309-4d1d-a321-129a77bf1602: receive RaftClientReply:client-253D2503C21A->6571ba41-d309-4d1d-a321-129a77bf1602@group-6D4C5FD51127, cid=1189, SUCCESS, logIndex=1686, commits[6571ba41-d309-4d1d-a321-129a77bf1602:c1686, 75e8c5ea-f06a-43e1-af6e-1f7f9b0b2cc1:c1683, 1d8d2908-dfb4-4358-9c6e-64b435d6fccc:c1683]
2019-07-03 07:08:04,953 INFO  client.GrpcClientProtocolClient (GrpcClientProtocolClient.java:onNext(254)) - client-253D2503C21A->6571ba41-d309-4d1d-a321-129a77bf1602: receive RaftClientReply:client-253D2503C21A->6571ba41-d309-4d1d-a321-129a77bf1602@group-6D4C5FD51127, cid=1190, SUCCESS, logIndex=1687, commits[6571ba41-d309-4d1d-a321-129a77bf1602:c1688, 75e8c5ea-f06a-43e1-af6e-1f7f9b0b2cc1:c1686, 1d8d2908-dfb4-4358-9c6e-64b435d6fccc:c1683]
2019-07-03 07:08:04,959 INFO  client.GrpcClientProtocolClient (GrpcClientProtocolClient.java:onNext(254)) - client-253D2503C21A->6571ba41-d309-4d1d-a321-129a77bf1602: receive RaftClientReply:client-253D2503C21A->6571ba41-d309-4d1d-a321-129a77bf1602@group-6D4C5FD51127, cid=1191, SUCCESS, logIndex=0, commits[6571ba41-d309-4d1d-a321-129a77bf1602:c1689, 75e8c5ea-f06a-43e1-af6e-1f7f9b0b2cc1:c1686, 1d8d2908-dfb4-4358-9c6e-64b435d6fccc:c1686]
2019-07-03 07:08:04,981 INFO  client.GrpcClientProtocolClient (GrpcClientProtocolClient.java:onNext(254)) - client-253D2503C21A->6571ba41-d309-4d1d-a321-129a77bf1602: receive RaftClientReply:client-253D2503C21A->6571ba41-d309-4d1d-a321-129a77bf1602@group-6D4C5FD51127, cid=1192, SUCCESS, logIndex=1691, commits[6571ba41-d309-4d1d-a321-129a77bf1602:c1691, 75e8c5ea-f06a-43e1-af6e-1f7f9b0b2cc1:c1690, 1d8d2908-dfb4-4358-9c6e-64b435d6fccc:c1690]
2019-07-03 07:08:04,994 INFO  client.GrpcClientProtocolClient (GrpcClientProtocolClient.java:onNext(254)) - client-253D2503C21A->6571ba41-d309-4d1d-a321-129a77bf1602: receive RaftClientReply:client-253D2503C21A->6571ba41-d309-4d1d-a321-129a77bf1602@group-6D4C5FD51127, cid=1193, SUCCESS, logIndex=1693, commits[6571ba41-d309-4d1d-a321-129a77bf1602:c1693, 75e8c5ea-f06a-43e1-af6e-1f7f9b0b2cc1:c1691, 1d8d2908-dfb4-4358-9c6e-64b435d6fccc:c1691]
2019-07-03 07:08:05,008 INFO  client.GrpcClientProtocolClient (GrpcClientProtocolClient.java:onNext(254)) - client-253D2503C21A->6571ba41-d309-4d1d-a321-129a77bf1602: receive RaftClientReply:client-253D2503C21A->6571ba41-d309-4d1d-a321-129a77bf1602@group-6D4C5FD51127, cid=1194, SUCCESS, logIndex=1695, commits[6571ba41-d309-4d1d-a321-129a77bf1602:c1695, 75e8c5ea-f06a-43e1-af6e-1f7f9b0b2cc1:c1693, 1d8d2908-dfb4-4358-9c6e-64b435d6fccc:c1693]
2019-07-03 07:08:05,021 INFO  client.GrpcClientProtocolClient (GrpcClientProtocolClient.java:onNext(254)) - client-253D2503C21A->6571ba41-d309-4d1d-a321-129a77bf1602: receive RaftClientReply:client-253D2503C21A->6571ba41-d309-4d1d-a321-129a77bf1602@group-6D4C5FD51127, cid=1195, SUCCESS, logIndex=1697, commits[6571ba41-d309-4d1d-a321-129a77bf1602:c1697, 75e8c5ea-f06a-43e1-af6e-1f7f9b0b2cc1:c1695, 1d8d2908-dfb4-4358-9c6e-64b435d6fccc:c1695]
2019-07-03 07:08:05,023 INFO  client.GrpcClientProtocolClient (GrpcClientProtocolClient.java:onNext(254)) - client-253D2503C21A->6571ba41-d309-4d1d-a321-129a77bf1602: receive RaftClientReply:client-253D2503C21A->6571ba41-d309-4d1d-a321-129a77bf1602@group-6D4C5FD51127, cid=1196, SUCCESS, logIndex=0, commits[6571ba41-d309-4d1d-a321-129a77bf1602:c1698, 75e8c5ea-f06a-43e1-af6e-1f7f9b0b2cc1:c1697, 1d8d2908-dfb4-4358-9c6e-64b435d6fccc:c1697]
2019-07-03 07:08:05,036 INFO  client.GrpcClientProtocolClient (GrpcClientProtocolClient.java:onNext(254)) - client-253D2503C21A->6571ba41-d309-4d1d-a321-129a77bf1602: receive RaftClientReply:client-253D2503C21A->6571ba41-d309-4d1d-a321-129a77bf1602@group-6D4C5FD51127, cid=1197, SUCCESS, logIndex=1699, commits[6571ba41-d309-4d1d-a321-129a77bf1602:c1699, 75e8c5ea-f06a-43e1-af6e-1f7f9b0b2cc1:c1698, 1d8d2908-dfb4-4358-9c6e-64b435d6fccc:c1698]
2019-07-03 07:08:05,040 INFO  client.GrpcClientProtocolClient (GrpcClientProtocolClient.java:onNext(254)) - client-253D2503C21A->6571ba41-d309-4d1d-a321-129a77bf1602: receive RaftClientReply:client-253D2503C21A->6571ba41-d309-4d1d-a321-129a77bf1602@group-6D4C5FD51127, cid=1198, SUCCESS, logIndex=1701, commits[6571ba41-d309-4d1d-a321-129a77bf1602:c1701, 75e8c5ea-f06a-43e1-af6e-1f7f9b0b2cc1:c1699, 1d8d2908-dfb4-4358-9c6e-64b435d6fccc:c1699]
2019-07-03 07:08:05,042 INFO  client.GrpcClientProtocolClient (GrpcClientProtocolClient.java:onNext(254)) - client-253D2503C21A->6571ba41-d309-4d1d-a321-129a77bf1602: receive RaftClientReply:client-253D2503C21A->6571ba41-d309-4d1d-a321-129a77bf1602@group-6D4C5FD51127, cid=1199, SUCCESS, logIndex=1702, commits[6571ba41-d309-4d1d-a321-129a77bf1602:c1703, 75e8c5ea-f06a-43e1-af6e-1f7f9b0b2cc1:c1700, 1d8d2908-dfb4-4358-9c6e-64b435d6fccc:c1699]
2019-07-03 07:08:05,043 INFO  client.GrpcClientProtocolClient (GrpcClientProtocolClient.java:onNext(254)) - client-253D2503C21A->6571ba41-d309-4d1d-a321-129a77bf1602: receive RaftClientReply:client-253D2503C21A->6571ba41-d309-4d1d-a321-129a77bf1602@group-6D4C5FD51127, cid=1200, SUCCESS, logIndex=1703, commits[6571ba41-d309-4d1d-a321-129a77bf1602:c1703, 75e8c5ea-f06a-43e1-af6e-1f7f9b0b2cc1:c1700, 1d8d2908-dfb4-4358-9c6e-64b435d6fccc:c1699]
2019-07-03 07:08:05,044 INFO  client.GrpcClientProtocolClient (GrpcClientProtocolClient.java:onNext(254)) - client-253D2503C21A->6571ba41-d309-4d1d-a321-129a77bf1602: receive RaftClientReply:client-253D2503C21A->6571ba41-d309-4d1d-a321-129a77bf1602@group-6D4C5FD51127, cid=1201, SUCCESS, logIndex=0, commits[6571ba41-d309-4d1d-a321-129a77bf1602:c1705, 75e8c5ea-f06a-43e1-af6e-1f7f9b0b2cc1:c1703, 1d8d2908-dfb4-4358-9c6e-64b435d6fccc:c1701]
2019-07-03 07:08:05,058 INFO  client.GrpcClientProtocolClient (GrpcClientProtocolClient.java:onNext(254)) - client-253D2503C21A->6571ba41-d309-4d1d-a321-129a77bf1602: receive RaftClientReply:client-253D2503C21A->6571ba41-d309-4d1d-a321-129a77bf1602@group-6D4C5FD51127, cid=1202, SUCCESS, logIndex=1707, commits[6571ba41-d309-4d1d-a321-129a77bf1602:c1707, 75e8c5ea-f06a-43e1-af6e-1f7f9b0b2cc1:c1706, 1d8d2908-dfb4-4358-9c6e-64b435d6fccc:c1703]
2019-07-03 07:08:05,063 INFO  client.GrpcClientProtocolClient (GrpcClientProtocolClient.java:onNext(254)) - client-253D2503C21A->6571ba41-d309-4d1d-a321-129a77bf1602: receive RaftClientReply:client-253D2503C21A->6571ba41-d309-4d1d-a321-129a77bf1602@group-6D4C5FD51127, cid=1203, SUCCESS, logIndex=1709, commits[6571ba41-d309-4d1d-a321-129a77bf1602:c1709, 75e8c5ea-f06a-43e1-af6e-1f7f9b0b2cc1:c1707, 1d8d2908-dfb4-4358-9c6e-64b435d6fccc:c1707]
2019-07-03 07:08:05,091 INFO  client.GrpcClientProtocolClient (GrpcClientProtocolClient.java:onNext(254)) - client-253D2503C21A->6571ba41-d309-4d1d-a321-129a77bf1602: receive RaftClientReply:client-253D2503C21A->6571ba41-d309-4d1d-a321-129a77bf1602@group-6D4C5FD51127, cid=1204, SUCCESS, logIndex=1711, commits[6571ba41-d309-4d1d-a321-129a77bf1602:c1711, 75e8c5ea-f06a-43e1-af6e-1f7f9b0b2cc1:c1709, 1d8d2908-dfb4-4358-9c6e-64b435d6fccc:c1709]
2019-07-03 07:08:05,104 INFO  client.GrpcClientProtocolClient (GrpcClientProtocolClient.java:onNext(254)) - client-253D2503C21A->6571ba41-d309-4d1d-a321-129a77bf1602: receive RaftClientReply:client-253D2503C21A->6571ba41-d309-4d1d-a321-129a77bf1602@group-6D4C5FD51127, cid=1205, SUCCESS, logIndex=1713, commits[6571ba41-d309-4d1d-a321-129a77bf1602:c1713, 75e8c5ea-f06a-43e1-af6e-1f7f9b0b2cc1:c1711, 1d8d2908-dfb4-4358-9c6e-64b435d6fccc:c1711]
2019-07-03 07:08:05,115 INFO  client.GrpcClientProtocolClient (GrpcClientProtocolClient.java:onNext(254)) - client-253D2503C21A->6571ba41-d309-4d1d-a321-129a77bf1602: receive RaftClientReply:client-253D2503C21A->6571ba41-d309-4d1d-a321-129a77bf1602@group-6D4C5FD51127, cid=1206, SUCCESS, logIndex=0, commits[6571ba41-d309-4d1d-a321-129a77bf1602:c1713, 75e8c5ea-f06a-43e1-af6e-1f7f9b0b2cc1:c1713, 1d8d2908-dfb4-4358-9c6e-64b435d6fccc:c1713]
2019-07-03 07:08:05,142 INFO  client.GrpcClientProtocolClient (GrpcClientProtocolClient.java:onNext(254)) - client-253D2503C21A->6571ba41-d309-4d1d-a321-129a77bf1602: receive RaftClientReply:client-253D2503C21A->6571ba41-d309-4d1d-a321-129a77bf1602@group-6D4C5FD51127, cid=1207, SUCCESS, logIndex=1715, commits[6571ba41-d309-4d1d-a321-129a77bf1602:c1715, 75e8c5ea-f06a-43e1-af6e-1f7f9b0b2cc1:c1713, 1d8d2908-dfb4-4358-9c6e-64b435d6fccc:c1714]
2019-07-03 07:08:05,158 INFO  client.GrpcClientProtocolClient (GrpcClientProtocolClient.java:onNext(254)) - client-253D2503C21A->6571ba41-d309-4d1d-a321-129a77bf1602: receive RaftClientReply:client-253D2503C21A->6571ba41-d309-4d1d-a321-129a77bf1602@group-6D4C5FD51127, cid=1208, SUCCESS, logIndex=1717, commits[6571ba41-d309-4d1d-a321-129a77bf1602:c1718, 75e8c5ea-f06a-43e1-af6e-1f7f9b0b2cc1:c1715, 1d8d2908-dfb4-4358-9c6e-64b435d6fccc:c1715]
2019-07-03 07:08:05,159 INFO  client.GrpcClientProtocolClient (GrpcClientProtocolClient.java:onNext(254)) - client-253D2503C21A->6571ba41-d309-4d1d-a321-129a77bf1602: receive RaftClientReply:client-253D2503C21A->6571ba41-d309-4d1d-a321-129a77bf1602@group-6D4C5FD51127, cid=1209, SUCCESS, logIndex=1718, commits[6571ba41-d309-4d1d-a321-129a77bf1602:c1718, 75e8c5ea-f06a-43e1-af6e-1f7f9b0b2cc1:c1715, 1d8d2908-dfb4-4358-9c6e-64b435d6fccc:c1715]
2019-07-03 07:08:05,165 INFO  client.GrpcClientProtocolClient (GrpcClientProtocolClient.java:onNext(254)) - client-253D2503C21A->6571ba41-d309-4d1d-a321-129a77bf1602: receive RaftClientReply:client-253D2503C21A->6571ba41-d309-4d1d-a321-129a77bf1602@group-6D4C5FD51127, cid=1210, SUCCESS, logIndex=1719, commits[6571ba41-d309-4d1d-a321-129a77bf1602:c1720, 75e8c5ea-f06a-43e1-af6e-1f7f9b0b2cc1:c1715, 1d8d2908-dfb4-4358-9c6e-64b435d6fccc:c1717]
2019-07-03 07:08:05,166 INFO  client.GrpcClientProtocolClient (GrpcClientProtocolClient.java:onNext(254)) - client-253D2503C21A->6571ba41-d309-4d1d-a321-129a77bf1602: receive RaftClientReply:client-253D2503C21A->6571ba41-d309-4d1d-a321-129a77bf1602@group-6D4C5FD51127, cid=1211, SUCCESS, logIndex=0, commits[6571ba41-d309-4d1d-a321-129a77bf1602:c1722, 75e8c5ea-f06a-43e1-af6e-1f7f9b0b2cc1:c1720, 1d8d2908-dfb4-4358-9c6e-64b435d6fccc:c1720]
2019-07-03 07:08:05,187 INFO  client.GrpcClientProtocolClient (GrpcClientProtocolClient.java:onNext(254)) - client-253D2503C21A->6571ba41-d309-4d1d-a321-129a77bf1602: receive RaftClientReply:client-253D2503C21A->6571ba41-d309-4d1d-a321-129a77bf1602@group-6D4C5FD51127, cid=1212, SUCCESS, logIndex=1723, commits[6571ba41-d309-4d1d-a321-129a77bf1602:c1723, 75e8c5ea-f06a-43e1-af6e-1f7f9b0b2cc1:c1722, 1d8d2908-dfb4-4358-9c6e-64b435d6fccc:c1722]
2019-07-03 07:08:05,200 INFO  client.GrpcClientProtocolClient (GrpcClientProtocolClient.java:onNext(254)) - client-253D2503C21A->6571ba41-d309-4d1d-a321-129a77bf1602: receive RaftClientReply:client-253D2503C21A->6571ba41-d309-4d1d-a321-129a77bf1602@group-6D4C5FD51127, cid=1213, SUCCESS, logIndex=1725, commits[6571ba41-d309-4d1d-a321-129a77bf1602:c1725, 75e8c5ea-f06a-43e1-af6e-1f7f9b0b2cc1:c1723, 1d8d2908-dfb4-4358-9c6e-64b435d6fccc:c1723]
2019-07-03 07:08:05,213 INFO  client.GrpcClientProtocolClient (GrpcClientProtocolClient.java:onNext(254)) - client-253D2503C21A->6571ba41-d309-4d1d-a321-129a77bf1602: receive RaftClientReply:client-253D2503C21A->6571ba41-d309-4d1d-a321-129a77bf1602@group-6D4C5FD51127, cid=1214, SUCCESS, logIndex=1727, commits[6571ba41-d309-4d1d-a321-129a77bf1602:c1727, 75e8c5ea-f06a-43e1-af6e-1f7f9b0b2cc1:c1725, 1d8d2908-dfb4-4358-9c6e-64b435d6fccc:c1725]
2019-07-03 07:08:05,227 INFO  client.GrpcClientProtocolClient (GrpcClientProtocolClient.java:onNext(254)) - client-253D2503C21A->6571ba41-d309-4d1d-a321-129a77bf1602: receive RaftClientReply:client-253D2503C21A->6571ba41-d309-4d1d-a321-129a77bf1602@group-6D4C5FD51127, cid=1215, SUCCESS, logIndex=1729, commits[6571ba41-d309-4d1d-a321-129a77bf1602:c1729, 75e8c5ea-f06a-43e1-af6e-1f7f9b0b2cc1:c1727, 1d8d2908-dfb4-4358-9c6e-64b435d6fccc:c1727]
2019-07-03 07:08:05,238 INFO  client.GrpcClientProtocolClient (GrpcClientProtocolClient.java:onNext(254)) - client-253D2503C21A->6571ba41-d309-4d1d-a321-129a77bf1602: receive RaftClientReply:client-253D2503C21A->6571ba41-d309-4d1d-a321-129a77bf1602@group-6D4C5FD51127, cid=1216, SUCCESS, logIndex=0, commits[6571ba41-d309-4d1d-a321-129a77bf1602:c1729, 75e8c5ea-f06a-43e1-af6e-1f7f9b0b2cc1:c1729, 1d8d2908-dfb4-4358-9c6e-64b435d6fccc:c1729]
2019-07-03 07:08:05,258 INFO  client.GrpcClientProtocolClient (GrpcClientProtocolClient.java:onNext(254)) - client-253D2503C21A->6571ba41-d309-4d1d-a321-129a77bf1602: receive RaftClientReply:client-253D2503C21A->6571ba41-d309-4d1d-a321-129a77bf1602@group-6D4C5FD51127, cid=1217, SUCCESS, logIndex=1731, commits[6571ba41-d309-4d1d-a321-129a77bf1602:c1731, 75e8c5ea-f06a-43e1-af6e-1f7f9b0b2cc1:c1730, 1d8d2908-dfb4-4358-9c6e-64b435d6fccc:c1730]
2019-07-03 07:08:05,270 INFO  client.GrpcClientProtocolClient (GrpcClientProtocolClient.java:onNext(254)) - client-253D2503C21A->6571ba41-d309-4d1d-a321-129a77bf1602: receive RaftClientReply:client-253D2503C21A->6571ba41-d309-4d1d-a321-129a77bf1602@group-6D4C5FD51127, cid=1218, SUCCESS, logIndex=1733, commits[6571ba41-d309-4d1d-a321-129a77bf1602:c1734, 75e8c5ea-f06a-43e1-af6e-1f7f9b0b2cc1:c1731, 1d8d2908-dfb4-4358-9c6e-64b435d6fccc:c1731]
2019-07-03 07:08:05,271 INFO  client.GrpcClientProtocolClient (GrpcClientProtocolClient.java:onNext(254)) - client-253D2503C21A->6571ba41-d309-4d1d-a321-129a77bf1602: receive RaftClientReply:client-253D2503C21A->6571ba41-d309-4d1d-a321-129a77bf1602@group-6D4C5FD51127, cid=1219, SUCCESS, logIndex=1734, commits[6571ba41-d309-4d1d-a321-129a77bf1602:c1734, 75e8c5ea-f06a-43e1-af6e-1f7f9b0b2cc1:c1731, 1d8d2908-dfb4-4358-9c6e-64b435d6fccc:c1731]
2019-07-03 07:08:05,271 INFO  client.GrpcClientProtocolClient (GrpcClientProtocolClient.java:onNext(254)) - client-253D2503C21A->6571ba41-d309-4d1d-a321-129a77bf1602: receive RaftClientReply:client-253D2503C21A->6571ba41-d309-4d1d-a321-129a77bf1602@group-6D4C5FD51127, cid=1220, SUCCESS, logIndex=1735, commits[6571ba41-d309-4d1d-a321-129a77bf1602:c1735, 75e8c5ea-f06a-43e1-af6e-1f7f9b0b2cc1:c1731, 1d8d2908-dfb4-4358-9c6e-64b435d6fccc:c1733]
2019-07-03 07:08:05,272 INFO  client.GrpcClientProtocolClient (GrpcClientProtocolClient.java:onNext(254)) - client-253D2503C21A->6571ba41-d309-4d1d-a321-129a77bf1602: receive RaftClientReply:client-253D2503C21A->6571ba41-d309-4d1d-a321-129a77bf1602@group-6D4C5FD51127, cid=1221, SUCCESS, logIndex=0, commits[6571ba41-d309-4d1d-a321-129a77bf1602:c1736, 75e8c5ea-f06a-43e1-af6e-1f7f9b0b2cc1:c1733, 1d8d2908-dfb4-4358-9c6e-64b435d6fccc:c1733]
2019-07-03 07:08:05,295 INFO  client.GrpcClientProtocolClient (GrpcClientProtocolClient.java:onNext(254)) - client-253D2503C21A->6571ba41-d309-4d1d-a321-129a77bf1602: receive RaftClientReply:client-253D2503C21A->6571ba41-d309-4d1d-a321-129a77bf1602@group-6D4C5FD51127, cid=1222, SUCCESS, logIndex=1739, commits[6571ba41-d309-4d1d-a321-129a77bf1602:c1739, 75e8c5ea-f06a-43e1-af6e-1f7f9b0b2cc1:c1735, 1d8d2908-dfb4-4358-9c6e-64b435d6fccc:c1736]
2019-07-03 07:08:05,299 INFO  client.GrpcClientProtocolClient (GrpcClientProtocolClient.java:onNext(254)) - client-253D2503C21A->6571ba41-d309-4d1d-a321-129a77bf1602: receive RaftClientReply:client-253D2503C21A->6571ba41-d309-4d1d-a321-129a77bf1602@group-6D4C5FD51127, cid=1223, SUCCESS, logIndex=1741, commits[6571ba41-d309-4d1d-a321-129a77bf1602:c1741, 75e8c5ea-f06a-43e1-af6e-1f7f9b0b2cc1:c1739, 1d8d2908-dfb4-4358-9c6e-64b435d6fccc:c1739]
2019-07-03 07:08:05,312 INFO  client.GrpcClientProtocolClient (GrpcClientProtocolClient.java:onNext(254)) - client-253D2503C21A->6571ba41-d309-4d1d-a321-129a77bf1602: receive RaftClientReply:client-253D2503C21A->6571ba41-d309-4d1d-a321-129a77bf1602@group-6D4C5FD51127, cid=1224, SUCCESS, logIndex=1743, commits[6571ba41-d309-4d1d-a321-129a77bf1602:c1743, 75e8c5ea-f06a-43e1-af6e-1f7f9b0b2cc1:c1741, 1d8d2908-dfb4-4358-9c6e-64b435d6fccc:c1741]
2019-07-03 07:08:05,312 INFO  storage.RaftLogWorker (RaftLogWorker.java:rollLogSegment(303)) - 6571ba41-d309-4d1d-a321-129a77bf1602-RaftLogWorker: Rolling segment log-1665_1744 to index:1744
2019-07-03 07:08:05,313 INFO  storage.RaftLogWorker (RaftLogWorker.java:rollLogSegment(303)) - 1d8d2908-dfb4-4358-9c6e-64b435d6fccc-RaftLogWorker: Rolling segment log-1665_1744 to index:1744
2019-07-03 07:08:05,313 INFO  storage.RaftLogWorker (RaftLogWorker.java:rollLogSegment(303)) - 75e8c5ea-f06a-43e1-af6e-1f7f9b0b2cc1-RaftLogWorker: Rolling segment log-1665_1744 to index:1744
2019-07-03 07:08:05,313 INFO  storage.RaftLogWorker (RaftLogWorker.java:execute(433)) - 6571ba41-d309-4d1d-a321-129a77bf1602-RaftLogWorker: Rolled log segment from /opt/src/hadoop-ozone/tools/target/test-dir/MiniOzoneClusterImpl-0519545d-318d-4c21-a2a0-688f18f8a31d/datanode-4/data/ratis/23ffc2a4-5526-4092-9dc4-6d4c5fd51127/current/log_inprogress_1665 to /opt/src/hadoop-ozone/tools/target/test-dir/MiniOzoneClusterImpl-0519545d-318d-4c21-a2a0-688f18f8a31d/datanode-4/data/ratis/23ffc2a4-5526-4092-9dc4-6d4c5fd51127/current/log_1665-1744
2019-07-03 07:08:05,314 INFO  storage.RaftLogWorker (RaftLogWorker.java:execute(433)) - 1d8d2908-dfb4-4358-9c6e-64b435d6fccc-RaftLogWorker: Rolled log segment from /opt/src/hadoop-ozone/tools/target/test-dir/MiniOzoneClusterImpl-0519545d-318d-4c21-a2a0-688f18f8a31d/datanode-2/data/ratis/23ffc2a4-5526-4092-9dc4-6d4c5fd51127/current/log_inprogress_1665 to /opt/src/hadoop-ozone/tools/target/test-dir/MiniOzoneClusterImpl-0519545d-318d-4c21-a2a0-688f18f8a31d/datanode-2/data/ratis/23ffc2a4-5526-4092-9dc4-6d4c5fd51127/current/log_1665-1744
2019-07-03 07:08:05,314 INFO  storage.RaftLogWorker (RaftLogWorker.java:execute(433)) - 75e8c5ea-f06a-43e1-af6e-1f7f9b0b2cc1-RaftLogWorker: Rolled log segment from /opt/src/hadoop-ozone/tools/target/test-dir/MiniOzoneClusterImpl-0519545d-318d-4c21-a2a0-688f18f8a31d/datanode-1/data/ratis/23ffc2a4-5526-4092-9dc4-6d4c5fd51127/current/log_inprogress_1665 to /opt/src/hadoop-ozone/tools/target/test-dir/MiniOzoneClusterImpl-0519545d-318d-4c21-a2a0-688f18f8a31d/datanode-1/data/ratis/23ffc2a4-5526-4092-9dc4-6d4c5fd51127/current/log_1665-1744
2019-07-03 07:08:05,372 INFO  storage.RaftLogWorker (RaftLogWorker.java:execute(469)) - 1d8d2908-dfb4-4358-9c6e-64b435d6fccc-RaftLogWorker: created new log segment /opt/src/hadoop-ozone/tools/target/test-dir/MiniOzoneClusterImpl-0519545d-318d-4c21-a2a0-688f18f8a31d/datanode-2/data/ratis/23ffc2a4-5526-4092-9dc4-6d4c5fd51127/current/log_inprogress_1745
2019-07-03 07:08:05,372 INFO  storage.RaftLogWorker (RaftLogWorker.java:execute(469)) - 6571ba41-d309-4d1d-a321-129a77bf1602-RaftLogWorker: created new log segment /opt/src/hadoop-ozone/tools/target/test-dir/MiniOzoneClusterImpl-0519545d-318d-4c21-a2a0-688f18f8a31d/datanode-4/data/ratis/23ffc2a4-5526-4092-9dc4-6d4c5fd51127/current/log_inprogress_1745
2019-07-03 07:08:05,372 INFO  storage.RaftLogWorker (RaftLogWorker.java:execute(469)) - 75e8c5ea-f06a-43e1-af6e-1f7f9b0b2cc1-RaftLogWorker: created new log segment /opt/src/hadoop-ozone/tools/target/test-dir/MiniOzoneClusterImpl-0519545d-318d-4c21-a2a0-688f18f8a31d/datanode-1/data/ratis/23ffc2a4-5526-4092-9dc4-6d4c5fd51127/current/log_inprogress_1745
2019-07-03 07:08:05,386 INFO  client.GrpcClientProtocolClient (GrpcClientProtocolClient.java:onNext(254)) - client-253D2503C21A->6571ba41-d309-4d1d-a321-129a77bf1602: receive RaftClientReply:client-253D2503C21A->6571ba41-d309-4d1d-a321-129a77bf1602@group-6D4C5FD51127, cid=1225, SUCCESS, logIndex=1745, commits[6571ba41-d309-4d1d-a321-129a77bf1602:c1745, 75e8c5ea-f06a-43e1-af6e-1f7f9b0b2cc1:c1743, 1d8d2908-dfb4-4358-9c6e-64b435d6fccc:c1744]
2019-07-03 07:08:05,398 INFO  client.GrpcClientProtocolClient (GrpcClientProtocolClient.java:onNext(254)) - client-253D2503C21A->6571ba41-d309-4d1d-a321-129a77bf1602: receive RaftClientReply:client-253D2503C21A->6571ba41-d309-4d1d-a321-129a77bf1602@group-6D4C5FD51127, cid=1226, SUCCESS, logIndex=0, commits[6571ba41-d309-4d1d-a321-129a77bf1602:c1746, 75e8c5ea-f06a-43e1-af6e-1f7f9b0b2cc1:c1745, 1d8d2908-dfb4-4358-9c6e-64b435d6fccc:c1745]
2019-07-03 07:08:05,421 INFO  client.GrpcClientProtocolClient (GrpcClientProtocolClient.java:onNext(254)) - client-253D2503C21A->6571ba41-d309-4d1d-a321-129a77bf1602: receive RaftClientReply:client-253D2503C21A->6571ba41-d309-4d1d-a321-129a77bf1602@group-6D4C5FD51127, cid=1227, SUCCESS, logIndex=1747, commits[6571ba41-d309-4d1d-a321-129a77bf1602:c1747, 75e8c5ea-f06a-43e1-af6e-1f7f9b0b2cc1:c1746, 1d8d2908-dfb4-4358-9c6e-64b435d6fccc:c1746]
2019-07-03 07:08:05,556 INFO  client.GrpcClientProtocolClient (GrpcClientProtocolClient.java:onNext(254)) - client-253D2503C21A->6571ba41-d309-4d1d-a321-129a77bf1602: receive RaftClientReply:client-253D2503C21A->6571ba41-d309-4d1d-a321-129a77bf1602@group-6D4C5FD51127, cid=1228, SUCCESS, logIndex=1749, commits[6571ba41-d309-4d1d-a321-129a77bf1602:c1750, 75e8c5ea-f06a-43e1-af6e-1f7f9b0b2cc1:c1748, 1d8d2908-dfb4-4358-9c6e-64b435d6fccc:c1748]
2019-07-03 07:08:05,556 INFO  client.GrpcClientProtocolClient (GrpcClientProtocolClient.java:onNext(254)) - client-253D2503C21A->6571ba41-d309-4d1d-a321-129a77bf1602: receive RaftClientReply:client-253D2503C21A->6571ba41-d309-4d1d-a321-129a77bf1602@group-6D4C5FD51127, cid=1229, SUCCESS, logIndex=1750, commits[6571ba41-d309-4d1d-a321-129a77bf1602:c1750, 75e8c5ea-f06a-43e1-af6e-1f7f9b0b2cc1:c1748, 1d8d2908-dfb4-4358-9c6e-64b435d6fccc:c1748]
2019-07-03 07:08:05,557 INFO  client.GrpcClientProtocolClient (GrpcClientProtocolClient.java:onNext(254)) - client-253D2503C21A->6571ba41-d309-4d1d-a321-129a77bf1602: receive RaftClientReply:client-253D2503C21A->6571ba41-d309-4d1d-a321-129a77bf1602@group-6D4C5FD51127, cid=1230, SUCCESS, logIndex=1751, commits[6571ba41-d309-4d1d-a321-129a77bf1602:c1752, 75e8c5ea-f06a-43e1-af6e-1f7f9b0b2cc1:c1748, 1d8d2908-dfb4-4358-9c6e-64b435d6fccc:c1749]
2019-07-03 07:08:05,558 INFO  client.GrpcClientProtocolClient (GrpcClientProtocolClient.java:onNext(254)) - client-253D2503C21A->6571ba41-d309-4d1d-a321-129a77bf1602: receive RaftClientReply:client-253D2503C21A->6571ba41-d309-4d1d-a321-129a77bf1602@group-6D4C5FD51127, cid=1231, SUCCESS, logIndex=0, commits[6571ba41-d309-4d1d-a321-129a77bf1602:c1753, 75e8c5ea-f06a-43e1-af6e-1f7f9b0b2cc1:c1750, 1d8d2908-dfb4-4358-9c6e-64b435d6fccc:c1750]
2019-07-03 07:08:05,579 INFO  client.GrpcClientProtocolClient (GrpcClientProtocolClient.java:onNext(254)) - client-253D2503C21A->6571ba41-d309-4d1d-a321-129a77bf1602: receive RaftClientReply:client-253D2503C21A->6571ba41-d309-4d1d-a321-129a77bf1602@group-6D4C5FD51127, cid=1232, SUCCESS, logIndex=1754, commits[6571ba41-d309-4d1d-a321-129a77bf1602:c1754, 75e8c5ea-f06a-43e1-af6e-1f7f9b0b2cc1:c1753, 1d8d2908-dfb4-4358-9c6e-64b435d6fccc:c1753]
2019-07-03 07:08:05,583 INFO  client.GrpcClientProtocolClient (GrpcClientProtocolClient.java:onNext(254)) - client-253D2503C21A->6571ba41-d309-4d1d-a321-129a77bf1602: receive RaftClientReply:client-253D2503C21A->6571ba41-d309-4d1d-a321-129a77bf1602@group-6D4C5FD51127, cid=1233, SUCCESS, logIndex=1756, commits[6571ba41-d309-4d1d-a321-129a77bf1602:c1756, 75e8c5ea-f06a-43e1-af6e-1f7f9b0b2cc1:c1754, 1d8d2908-dfb4-4358-9c6e-64b435d6fccc:c1754]
2019-07-03 07:08:05,610 INFO  client.GrpcClientProtocolClient (GrpcClientProtocolClient.java:onNext(254)) - client-253D2503C21A->6571ba41-d309-4d1d-a321-129a77bf1602: receive RaftClientReply:client-253D2503C21A->6571ba41-d309-4d1d-a321-129a77bf1602@group-6D4C5FD51127, cid=1234, SUCCESS, logIndex=1758, commits[6571ba41-d309-4d1d-a321-129a77bf1602:c1758, 75e8c5ea-f06a-43e1-af6e-1f7f9b0b2cc1:c1757, 1d8d2908-dfb4-4358-9c6e-64b435d6fccc:c1757]
2019-07-03 07:08:05,620 INFO  client.GrpcClientProtocolClient (GrpcClientProtocolClient.java:onNext(254)) - client-253D2503C21A->6571ba41-d309-4d1d-a321-129a77bf1602: receive RaftClientReply:client-253D2503C21A->6571ba41-d309-4d1d-a321-129a77bf1602@group-6D4C5FD51127, cid=1235, SUCCESS, logIndex=1760, commits[6571ba41-d309-4d1d-a321-129a77bf1602:c1760, 75e8c5ea-f06a-43e1-af6e-1f7f9b0b2cc1:c1758, 1d8d2908-dfb4-4358-9c6e-64b435d6fccc:c1758]
2019-07-03 07:08:05,632 INFO  client.GrpcClientProtocolClient (GrpcClientProtocolClient.java:onNext(254)) - client-253D2503C21A->6571ba41-d309-4d1d-a321-129a77bf1602: receive RaftClientReply:client-253D2503C21A->6571ba41-d309-4d1d-a321-129a77bf1602@group-6D4C5FD51127, cid=1236, SUCCESS, logIndex=0, commits[6571ba41-d309-4d1d-a321-129a77bf1602:c1761, 75e8c5ea-f06a-43e1-af6e-1f7f9b0b2cc1:c1760, 1d8d2908-dfb4-4358-9c6e-64b435d6fccc:c1760]
2019-07-03 07:08:05,692 INFO  client.GrpcClientProtocolClient (GrpcClientProtocolClient.java:onNext(254)) - client-253D2503C21A->6571ba41-d309-4d1d-a321-129a77bf1602: receive RaftClientReply:client-253D2503C21A->6571ba41-d309-4d1d-a321-129a77bf1602@group-6D4C5FD51127, cid=1237, SUCCESS, logIndex=1762, commits[6571ba41-d309-4d1d-a321-129a77bf1602:c1762, 75e8c5ea-f06a-43e1-af6e-1f7f9b0b2cc1:c1761, 1d8d2908-dfb4-4358-9c6e-64b435d6fccc:c1761]
2019-07-03 07:08:05,705 INFO  client.GrpcClientProtocolClient (GrpcClientProtocolClient.java:onNext(254)) - client-253D2503C21A->6571ba41-d309-4d1d-a321-129a77bf1602: receive RaftClientReply:client-253D2503C21A->6571ba41-d309-4d1d-a321-129a77bf1602@group-6D4C5FD51127, cid=1238, SUCCESS, logIndex=1764, commits[6571ba41-d309-4d1d-a321-129a77bf1602:c1764, 75e8c5ea-f06a-43e1-af6e-1f7f9b0b2cc1:c1762, 1d8d2908-dfb4-4358-9c6e-64b435d6fccc:c1762]
2019-07-03 07:08:05,705 INFO  client.GrpcClientProtocolClient (GrpcClientProtocolClient.java:onNext(254)) - client-253D2503C21A->6571ba41-d309-4d1d-a321-129a77bf1602: receive RaftClientReply:client-253D2503C21A->6571ba41-d309-4d1d-a321-129a77bf1602@group-6D4C5FD51127, cid=1239, SUCCESS, logIndex=1765, commits[6571ba41-d309-4d1d-a321-129a77bf1602:c1765, 75e8c5ea-f06a-43e1-af6e-1f7f9b0b2cc1:c1762, 1d8d2908-dfb4-4358-9c6e-64b435d6fccc:c1762]
 0.00% |█                                                                                                    |  0/1 Time: 0:00:132019-07-03 07:08:05,716 INFO  client.GrpcClientProtocolClient (GrpcClientProtocolClient.java:onNext(254)) - client-253D2503C21A->6571ba41-d309-4d1d-a321-129a77bf1602: receive RaftClientReply:client-253D2503C21A->6571ba41-d309-4d1d-a321-129a77bf1602@group-6D4C5FD51127, cid=1240, SUCCESS, logIndex=1766, commits[6571ba41-d309-4d1d-a321-129a77bf1602:c1767, 75e8c5ea-f06a-43e1-af6e-1f7f9b0b2cc1:c1762, 1d8d2908-dfb4-4358-9c6e-64b435d6fccc:c1764]
2019-07-03 07:08:05,718 INFO  client.GrpcClientProtocolClient (GrpcClientProtocolClient.java:onNext(254)) - client-253D2503C21A->6571ba41-d309-4d1d-a321-129a77bf1602: receive RaftClientReply:client-253D2503C21A->6571ba41-d309-4d1d-a321-129a77bf1602@group-6D4C5FD51127, cid=1241, SUCCESS, logIndex=0, commits[6571ba41-d309-4d1d-a321-129a77bf1602:c1768, 75e8c5ea-f06a-43e1-af6e-1f7f9b0b2cc1:c1765, 1d8d2908-dfb4-4358-9c6e-64b435d6fccc:c1765]
2019-07-03 07:08:05,739 INFO  client.GrpcClientProtocolClient (GrpcClientProtocolClient.java:onNext(254)) - client-253D2503C21A->6571ba41-d309-4d1d-a321-129a77bf1602: receive RaftClientReply:client-253D2503C21A->6571ba41-d309-4d1d-a321-129a77bf1602@group-6D4C5FD51127, cid=1242, SUCCESS, logIndex=1770, commits[6571ba41-d309-4d1d-a321-129a77bf1602:c1770, 75e8c5ea-f06a-43e1-af6e-1f7f9b0b2cc1:c1769, 1d8d2908-dfb4-4358-9c6e-64b435d6fccc:c1769]
2019-07-03 07:08:05,753 INFO  client.GrpcClientProtocolClient (GrpcClientProtocolClient.java:onNext(254)) - client-253D2503C21A->6571ba41-d309-4d1d-a321-129a77bf1602: receive RaftClientReply:client-253D2503C21A->6571ba41-d309-4d1d-a321-129a77bf1602@group-6D4C5FD51127, cid=1243, SUCCESS, logIndex=1772, commits[6571ba41-d309-4d1d-a321-129a77bf1602:c1772, 75e8c5ea-f06a-43e1-af6e-1f7f9b0b2cc1:c1770, 1d8d2908-dfb4-4358-9c6e-64b435d6fccc:c1770]
2019-07-03 07:08:05,778 INFO  client.GrpcClientProtocolClient (GrpcClientProtocolClient.java:onNext(254)) - client-253D2503C21A->6571ba41-d309-4d1d-a321-129a77bf1602: receive RaftClientReply:client-253D2503C21A->6571ba41-d309-4d1d-a321-129a77bf1602@group-6D4C5FD51127, cid=1244, SUCCESS, logIndex=1774, commits[6571ba41-d309-4d1d-a321-129a77bf1602:c1774, 75e8c5ea-f06a-43e1-af6e-1f7f9b0b2cc1:c1772, 1d8d2908-dfb4-4358-9c6e-64b435d6fccc:c1772]
2019-07-03 07:08:05,792 INFO  client.GrpcClientProtocolClient (GrpcClientProtocolClient.java:onNext(254)) - client-253D2503C21A->6571ba41-d309-4d1d-a321-129a77bf1602: receive RaftClientReply:client-253D2503C21A->6571ba41-d309-4d1d-a321-129a77bf1602@group-6D4C5FD51127, cid=1245, SUCCESS, logIndex=1776, commits[6571ba41-d309-4d1d-a321-129a77bf1602:c1776, 75e8c5ea-f06a-43e1-af6e-1f7f9b0b2cc1:c1774, 1d8d2908-dfb4-4358-9c6e-64b435d6fccc:c1774]
2019-07-03 07:08:05,803 INFO  client.GrpcClientProtocolClient (GrpcClientProtocolClient.java:onNext(254)) - client-253D2503C21A->6571ba41-d309-4d1d-a321-129a77bf1602: receive RaftClientReply:client-253D2503C21A->6571ba41-d309-4d1d-a321-129a77bf1602@group-6D4C5FD51127, cid=1246, SUCCESS, logIndex=0, commits[6571ba41-d309-4d1d-a321-129a77bf1602:c1777, 75e8c5ea-f06a-43e1-af6e-1f7f9b0b2cc1:c1776, 1d8d2908-dfb4-4358-9c6e-64b435d6fccc:c1776]
2019-07-03 07:08:05,841 INFO  client.GrpcClientProtocolClient (GrpcClientProtocolClient.java:onNext(254)) - client-253D2503C21A->6571ba41-d309-4d1d-a321-129a77bf1602: receive RaftClientReply:client-253D2503C21A->6571ba41-d309-4d1d-a321-129a77bf1602@group-6D4C5FD51127, cid=1247, SUCCESS, logIndex=1778, commits[6571ba41-d309-4d1d-a321-129a77bf1602:c1778, 75e8c5ea-f06a-43e1-af6e-1f7f9b0b2cc1:c1777, 1d8d2908-dfb4-4358-9c6e-64b435d6fccc:c1777]
2019-07-03 07:08:05,864 INFO  client.GrpcClientProtocolClient (GrpcClientProtocolClient.java:onNext(254)) - client-253D2503C21A->6571ba41-d309-4d1d-a321-129a77bf1602: receive RaftClientReply:client-253D2503C21A->6571ba41-d309-4d1d-a321-129a77bf1602@group-6D4C5FD51127, cid=1248, SUCCESS, logIndex=1780, commits[6571ba41-d309-4d1d-a321-129a77bf1602:c1780, 75e8c5ea-f06a-43e1-af6e-1f7f9b0b2cc1:c1778, 1d8d2908-dfb4-4358-9c6e-64b435d6fccc:c1778]
2019-07-03 07:08:05,865 INFO  client.GrpcClientProtocolClient (GrpcClientProtocolClient.java:onNext(254)) - client-253D2503C21A->6571ba41-d309-4d1d-a321-129a77bf1602: receive RaftClientReply:client-253D2503C21A->6571ba41-d309-4d1d-a321-129a77bf1602@group-6D4C5FD51127, cid=1249, SUCCESS, logIndex=1781, commits[6571ba41-d309-4d1d-a321-129a77bf1602:c1781, 75e8c5ea-f06a-43e1-af6e-1f7f9b0b2cc1:c1778, 1d8d2908-dfb4-4358-9c6e-64b435d6fccc:c1778]
2019-07-03 07:08:05,865 INFO  client.GrpcClientProtocolClient (GrpcClientProtocolClient.java:onNext(254)) - client-253D2503C21A->6571ba41-d309-4d1d-a321-129a77bf1602: receive RaftClientReply:client-253D2503C21A->6571ba41-d309-4d1d-a321-129a77bf1602@group-6D4C5FD51127, cid=1250, SUCCESS, logIndex=1782, commits[6571ba41-d309-4d1d-a321-129a77bf1602:c1782, 75e8c5ea-f06a-43e1-af6e-1f7f9b0b2cc1:c1778, 1d8d2908-dfb4-4358-9c6e-64b435d6fccc:c1778]
2019-07-03 07:08:05,867 INFO  client.GrpcClientProtocolClient (GrpcClientProtocolClient.java:onNext(254)) - client-253D2503C21A->6571ba41-d309-4d1d-a321-129a77bf1602: receive RaftClientReply:client-253D2503C21A->6571ba41-d309-4d1d-a321-129a77bf1602@group-6D4C5FD51127, cid=1251, SUCCESS, logIndex=0, commits[6571ba41-d309-4d1d-a321-129a77bf1602:c1784, 75e8c5ea-f06a-43e1-af6e-1f7f9b0b2cc1:c1781, 1d8d2908-dfb4-4358-9c6e-64b435d6fccc:c1781]
2019-07-03 07:08:05,881 INFO  client.GrpcClientProtocolClient (GrpcClientProtocolClient.java:onNext(254)) - client-253D2503C21A->6571ba41-d309-4d1d-a321-129a77bf1602: receive RaftClientReply:client-253D2503C21A->6571ba41-d309-4d1d-a321-129a77bf1602@group-6D4C5FD51127, cid=1252, SUCCESS, logIndex=1786, commits[6571ba41-d309-4d1d-a321-129a77bf1602:c1786, 75e8c5ea-f06a-43e1-af6e-1f7f9b0b2cc1:c1785, 1d8d2908-dfb4-4358-9c6e-64b435d6fccc:c1785]
2019-07-03 07:08:05,894 INFO  client.GrpcClientProtocolClient (GrpcClientProtocolClient.java:onNext(254)) - client-253D2503C21A->6571ba41-d309-4d1d-a321-129a77bf1602: receive RaftClientReply:client-253D2503C21A->6571ba41-d309-4d1d-a321-129a77bf1602@group-6D4C5FD51127, cid=1253, SUCCESS, logIndex=1788, commits[6571ba41-d309-4d1d-a321-129a77bf1602:c1788, 75e8c5ea-f06a-43e1-af6e-1f7f9b0b2cc1:c1786, 1d8d2908-dfb4-4358-9c6e-64b435d6fccc:c1786]
2019-07-03 07:08:05,907 INFO  client.GrpcClientProtocolClient (GrpcClientProtocolClient.java:onNext(254)) - client-253D2503C21A->6571ba41-d309-4d1d-a321-129a77bf1602: receive RaftClientReply:client-253D2503C21A->6571ba41-d309-4d1d-a321-129a77bf1602@group-6D4C5FD51127, cid=1254, SUCCESS, logIndex=1790, commits[6571ba41-d309-4d1d-a321-129a77bf1602:c1790, 75e8c5ea-f06a-43e1-af6e-1f7f9b0b2cc1:c1788, 1d8d2908-dfb4-4358-9c6e-64b435d6fccc:c1788]
2019-07-03 07:08:05,921 INFO  client.GrpcClientProtocolClient (GrpcClientProtocolClient.java:onNext(254)) - client-253D2503C21A->6571ba41-d309-4d1d-a321-129a77bf1602: receive RaftClientReply:client-253D2503C21A->6571ba41-d309-4d1d-a321-129a77bf1602@group-6D4C5FD51127, cid=1255, SUCCESS, logIndex=1792, commits[6571ba41-d309-4d1d-a321-129a77bf1602:c1792, 75e8c5ea-f06a-43e1-af6e-1f7f9b0b2cc1:c1790, 1d8d2908-dfb4-4358-9c6e-64b435d6fccc:c1790]
2019-07-03 07:08:05,933 INFO  client.GrpcClientProtocolClient (GrpcClientProtocolClient.java:onNext(254)) - client-253D2503C21A->6571ba41-d309-4d1d-a321-129a77bf1602: receive RaftClientReply:client-253D2503C21A->6571ba41-d309-4d1d-a321-129a77bf1602@group-6D4C5FD51127, cid=1256, SUCCESS, logIndex=0, commits[6571ba41-d309-4d1d-a321-129a77bf1602:c1793, 75e8c5ea-f06a-43e1-af6e-1f7f9b0b2cc1:c1792, 1d8d2908-dfb4-4358-9c6e-64b435d6fccc:c1792]
2019-07-03 07:08:05,961 INFO  client.GrpcClientProtocolClient (GrpcClientProtocolClient.java:onNext(254)) - client-253D2503C21A->6571ba41-d309-4d1d-a321-129a77bf1602: receive RaftClientReply:client-253D2503C21A->6571ba41-d309-4d1d-a321-129a77bf1602@group-6D4C5FD51127, cid=1257, SUCCESS, logIndex=1794, commits[6571ba41-d309-4d1d-a321-129a77bf1602:c1794, 75e8c5ea-f06a-43e1-af6e-1f7f9b0b2cc1:c1793, 1d8d2908-dfb4-4358-9c6e-64b435d6fccc:c1793]
2019-07-03 07:08:05,973 INFO  client.GrpcClientProtocolClient (GrpcClientProtocolClient.java:onNext(254)) - client-253D2503C21A->6571ba41-d309-4d1d-a321-129a77bf1602: receive RaftClientReply:client-253D2503C21A->6571ba41-d309-4d1d-a321-129a77bf1602@group-6D4C5FD51127, cid=1258, SUCCESS, logIndex=1796, commits[6571ba41-d309-4d1d-a321-129a77bf1602:c1796, 75e8c5ea-f06a-43e1-af6e-1f7f9b0b2cc1:c1794, 1d8d2908-dfb4-4358-9c6e-64b435d6fccc:c1794]
2019-07-03 07:08:05,974 INFO  client.GrpcClientProtocolClient (GrpcClientProtocolClient.java:onNext(254)) - client-253D2503C21A->6571ba41-d309-4d1d-a321-129a77bf1602: receive RaftClientReply:client-253D2503C21A->6571ba41-d309-4d1d-a321-129a77bf1602@group-6D4C5FD51127, cid=1259, SUCCESS, logIndex=1797, commits[6571ba41-d309-4d1d-a321-129a77bf1602:c1797, 75e8c5ea-f06a-43e1-af6e-1f7f9b0b2cc1:c1794, 1d8d2908-dfb4-4358-9c6e-64b435d6fccc:c1794]
2019-07-03 07:08:05,975 INFO  client.GrpcClientProtocolClient (GrpcClientProtocolClient.java:onNext(254)) - client-253D2503C21A->6571ba41-d309-4d1d-a321-129a77bf1602: receive RaftClientReply:client-253D2503C21A->6571ba41-d309-4d1d-a321-129a77bf1602@group-6D4C5FD51127, cid=1260, SUCCESS, logIndex=1798, commits[6571ba41-d309-4d1d-a321-129a77bf1602:c1798, 75e8c5ea-f06a-43e1-af6e-1f7f9b0b2cc1:c1794, 1d8d2908-dfb4-4358-9c6e-64b435d6fccc:c1794]
2019-07-03 07:08:05,976 INFO  client.GrpcClientProtocolClient (GrpcClientProtocolClient.java:onNext(254)) - client-253D2503C21A->6571ba41-d309-4d1d-a321-129a77bf1602: receive RaftClientReply:client-253D2503C21A->6571ba41-d309-4d1d-a321-129a77bf1602@group-6D4C5FD51127, cid=1261, SUCCESS, logIndex=0, commits[6571ba41-d309-4d1d-a321-129a77bf1602:c1800, 75e8c5ea-f06a-43e1-af6e-1f7f9b0b2cc1:c1797, 1d8d2908-dfb4-4358-9c6e-64b435d6fccc:c1797]
2019-07-03 07:08:05,995 INFO  client.GrpcClientProtocolClient (GrpcClientProtocolClient.java:onNext(254)) - client-253D2503C21A->6571ba41-d309-4d1d-a321-129a77bf1602: receive RaftClientReply:client-253D2503C21A->6571ba41-d309-4d1d-a321-129a77bf1602@group-6D4C5FD51127, cid=1262, SUCCESS, logIndex=1802, commits[6571ba41-d309-4d1d-a321-129a77bf1602:c1802, 75e8c5ea-f06a-43e1-af6e-1f7f9b0b2cc1:c1801, 1d8d2908-dfb4-4358-9c6e-64b435d6fccc:c1801]
2019-07-03 07:08:06,008 INFO  client.GrpcClientProtocolClient (GrpcClientProtocolClient.java:onNext(254)) - client-253D2503C21A->6571ba41-d309-4d1d-a321-129a77bf1602: receive RaftClientReply:client-253D2503C21A->6571ba41-d309-4d1d-a321-129a77bf1602@group-6D4C5FD51127, cid=1263, SUCCESS, logIndex=1804, commits[6571ba41-d309-4d1d-a321-129a77bf1602:c1804, 75e8c5ea-f06a-43e1-af6e-1f7f9b0b2cc1:c1802, 1d8d2908-dfb4-4358-9c6e-64b435d6fccc:c1802]
2019-07-03 07:08:06,022 INFO  client.GrpcClientProtocolClient (GrpcClientProtocolClient.java:onNext(254)) - client-253D2503C21A->6571ba41-d309-4d1d-a321-129a77bf1602: receive RaftClientReply:client-253D2503C21A->6571ba41-d309-4d1d-a321-129a77bf1602@group-6D4C5FD51127, cid=1264, SUCCESS, logIndex=1806, commits[6571ba41-d309-4d1d-a321-129a77bf1602:c1806, 75e8c5ea-f06a-43e1-af6e-1f7f9b0b2cc1:c1804, 1d8d2908-dfb4-4358-9c6e-64b435d6fccc:c1804]
2019-07-03 07:08:06,036 INFO  client.GrpcClientProtocolClient (GrpcClientProtocolClient.java:onNext(254)) - client-253D2503C21A->6571ba41-d309-4d1d-a321-129a77bf1602: receive RaftClientReply:client-253D2503C21A->6571ba41-d309-4d1d-a321-129a77bf1602@group-6D4C5FD51127, cid=1265, SUCCESS, logIndex=1808, commits[6571ba41-d309-4d1d-a321-129a77bf1602:c1808, 75e8c5ea-f06a-43e1-af6e-1f7f9b0b2cc1:c1806, 1d8d2908-dfb4-4358-9c6e-64b435d6fccc:c1806]
2019-07-03 07:08:06,047 INFO  client.GrpcClientProtocolClient (GrpcClientProtocolClient.java:onNext(254)) - client-253D2503C21A->6571ba41-d309-4d1d-a321-129a77bf1602: receive RaftClientReply:client-253D2503C21A->6571ba41-d309-4d1d-a321-129a77bf1602@group-6D4C5FD51127, cid=1266, SUCCESS, logIndex=0, commits[6571ba41-d309-4d1d-a321-129a77bf1602:c1809, 75e8c5ea-f06a-43e1-af6e-1f7f9b0b2cc1:c1808, 1d8d2908-dfb4-4358-9c6e-64b435d6fccc:c1808]
2019-07-03 07:08:06,075 INFO  client.GrpcClientProtocolClient (GrpcClientProtocolClient.java:onNext(254)) - client-253D2503C21A->6571ba41-d309-4d1d-a321-129a77bf1602: receive RaftClientReply:client-253D2503C21A->6571ba41-d309-4d1d-a321-129a77bf1602@group-6D4C5FD51127, cid=1267, SUCCESS, logIndex=1810, commits[6571ba41-d309-4d1d-a321-129a77bf1602:c1810, 75e8c5ea-f06a-43e1-af6e-1f7f9b0b2cc1:c1809, 1d8d2908-dfb4-4358-9c6e-64b435d6fccc:c1809]
2019-07-03 07:08:06,079 INFO  client.GrpcClientProtocolClient (GrpcClientProtocolClient.java:onNext(254)) - client-253D2503C21A->6571ba41-d309-4d1d-a321-129a77bf1602: receive RaftClientReply:client-253D2503C21A->6571ba41-d309-4d1d-a321-129a77bf1602@group-6D4C5FD51127, cid=1268, SUCCESS, logIndex=1812, commits[6571ba41-d309-4d1d-a321-129a77bf1602:c1812, 75e8c5ea-f06a-43e1-af6e-1f7f9b0b2cc1:c1810, 1d8d2908-dfb4-4358-9c6e-64b435d6fccc:c1810]
2019-07-03 07:08:06,081 INFO  client.GrpcClientProtocolClient (GrpcClientProtocolClient.java:onNext(254)) - client-253D2503C21A->6571ba41-d309-4d1d-a321-129a77bf1602: receive RaftClientReply:client-253D2503C21A->6571ba41-d309-4d1d-a321-129a77bf1602@group-6D4C5FD51127, cid=1269, SUCCESS, logIndex=1813, commits[6571ba41-d309-4d1d-a321-129a77bf1602:c1814, 75e8c5ea-f06a-43e1-af6e-1f7f9b0b2cc1:c1810, 1d8d2908-dfb4-4358-9c6e-64b435d6fccc:c1810]
2019-07-03 07:08:06,082 INFO  client.GrpcClientProtocolClient (GrpcClientProtocolClient.java:onNext(254)) - client-253D2503C21A->6571ba41-d309-4d1d-a321-129a77bf1602: receive RaftClientReply:client-253D2503C21A->6571ba41-d309-4d1d-a321-129a77bf1602@group-6D4C5FD51127, cid=1270, SUCCESS, logIndex=1814, commits[6571ba41-d309-4d1d-a321-129a77bf1602:c1814, 75e8c5ea-f06a-43e1-af6e-1f7f9b0b2cc1:c1810, 1d8d2908-dfb4-4358-9c6e-64b435d6fccc:c1810]
2019-07-03 07:08:06,106 INFO  client.GrpcClientProtocolClient (GrpcClientProtocolClient.java:onNext(254)) - client-253D2503C21A->6571ba41-d309-4d1d-a321-129a77bf1602: receive RaftClientReply:client-253D2503C21A->6571ba41-d309-4d1d-a321-129a77bf1602@group-6D4C5FD51127, cid=1271, SUCCESS, logIndex=0, commits[6571ba41-d309-4d1d-a321-129a77bf1602:c1816, 75e8c5ea-f06a-43e1-af6e-1f7f9b0b2cc1:c1813, 1d8d2908-dfb4-4358-9c6e-64b435d6fccc:c1812]
2019-07-03 07:08:06,128 INFO  client.GrpcClientProtocolClient (GrpcClientProtocolClient.java:onNext(254)) - client-253D2503C21A->6571ba41-d309-4d1d-a321-129a77bf1602: receive RaftClientReply:client-253D2503C21A->6571ba41-d309-4d1d-a321-129a77bf1602@group-6D4C5FD51127, cid=1272, SUCCESS, logIndex=1818, commits[6571ba41-d309-4d1d-a321-129a77bf1602:c1818, 75e8c5ea-f06a-43e1-af6e-1f7f9b0b2cc1:c1817, 1d8d2908-dfb4-4358-9c6e-64b435d6fccc:c1817]
2019-07-03 07:08:06,142 INFO  client.GrpcClientProtocolClient (GrpcClientProtocolClient.java:onNext(254)) - client-253D2503C21A->6571ba41-d309-4d1d-a321-129a77bf1602: receive RaftClientReply:client-253D2503C21A->6571ba41-d309-4d1d-a321-129a77bf1602@group-6D4C5FD51127, cid=1273, SUCCESS, logIndex=1820, commits[6571ba41-d309-4d1d-a321-129a77bf1602:c1820, 75e8c5ea-f06a-43e1-af6e-1f7f9b0b2cc1:c1818, 1d8d2908-dfb4-4358-9c6e-64b435d6fccc:c1818]
2019-07-03 07:08:06,156 INFO  client.GrpcClientProtocolClient (GrpcClientProtocolClient.java:onNext(254)) - client-253D2503C21A->6571ba41-d309-4d1d-a321-129a77bf1602: receive RaftClientReply:client-253D2503C21A->6571ba41-d309-4d1d-a321-129a77bf1602@group-6D4C5FD51127, cid=1274, SUCCESS, logIndex=1822, commits[6571ba41-d309-4d1d-a321-129a77bf1602:c1822, 75e8c5ea-f06a-43e1-af6e-1f7f9b0b2cc1:c1820, 1d8d2908-dfb4-4358-9c6e-64b435d6fccc:c1820]
2019-07-03 07:08:06,156 INFO  storage.RaftLogWorker (RaftLogWorker.java:rollLogSegment(303)) - 6571ba41-d309-4d1d-a321-129a77bf1602-RaftLogWorker: Rolling segment log-1745_1823 to index:1823
2019-07-03 07:08:06,157 INFO  storage.RaftLogWorker (RaftLogWorker.java:rollLogSegment(303)) - 1d8d2908-dfb4-4358-9c6e-64b435d6fccc-RaftLogWorker: Rolling segment log-1745_1823 to index:1823
2019-07-03 07:08:06,157 INFO  storage.RaftLogWorker (RaftLogWorker.java:rollLogSegment(303)) - 75e8c5ea-f06a-43e1-af6e-1f7f9b0b2cc1-RaftLogWorker: Rolling segment log-1745_1823 to index:1823
2019-07-03 07:08:06,166 INFO  storage.RaftLogWorker (RaftLogWorker.java:execute(433)) - 6571ba41-d309-4d1d-a321-129a77bf1602-RaftLogWorker: Rolled log segment from /opt/src/hadoop-ozone/tools/target/test-dir/MiniOzoneClusterImpl-0519545d-318d-4c21-a2a0-688f18f8a31d/datanode-4/data/ratis/23ffc2a4-5526-4092-9dc4-6d4c5fd51127/current/log_inprogress_1745 to /opt/src/hadoop-ozone/tools/target/test-dir/MiniOzoneClusterImpl-0519545d-318d-4c21-a2a0-688f18f8a31d/datanode-4/data/ratis/23ffc2a4-5526-4092-9dc4-6d4c5fd51127/current/log_1745-1823
2019-07-03 07:08:06,167 INFO  storage.RaftLogWorker (RaftLogWorker.java:execute(433)) - 1d8d2908-dfb4-4358-9c6e-64b435d6fccc-RaftLogWorker: Rolled log segment from /opt/src/hadoop-ozone/tools/target/test-dir/MiniOzoneClusterImpl-0519545d-318d-4c21-a2a0-688f18f8a31d/datanode-2/data/ratis/23ffc2a4-5526-4092-9dc4-6d4c5fd51127/current/log_inprogress_1745 to /opt/src/hadoop-ozone/tools/target/test-dir/MiniOzoneClusterImpl-0519545d-318d-4c21-a2a0-688f18f8a31d/datanode-2/data/ratis/23ffc2a4-5526-4092-9dc4-6d4c5fd51127/current/log_1745-1823
2019-07-03 07:08:06,167 INFO  storage.RaftLogWorker (RaftLogWorker.java:execute(433)) - 75e8c5ea-f06a-43e1-af6e-1f7f9b0b2cc1-RaftLogWorker: Rolled log segment from /opt/src/hadoop-ozone/tools/target/test-dir/MiniOzoneClusterImpl-0519545d-318d-4c21-a2a0-688f18f8a31d/datanode-1/data/ratis/23ffc2a4-5526-4092-9dc4-6d4c5fd51127/current/log_inprogress_1745 to /opt/src/hadoop-ozone/tools/target/test-dir/MiniOzoneClusterImpl-0519545d-318d-4c21-a2a0-688f18f8a31d/datanode-1/data/ratis/23ffc2a4-5526-4092-9dc4-6d4c5fd51127/current/log_1745-1823
2019-07-03 07:08:06,213 INFO  storage.RaftLogWorker (RaftLogWorker.java:execute(469)) - 6571ba41-d309-4d1d-a321-129a77bf1602-RaftLogWorker: created new log segment /opt/src/hadoop-ozone/tools/target/test-dir/MiniOzoneClusterImpl-0519545d-318d-4c21-a2a0-688f18f8a31d/datanode-4/data/ratis/23ffc2a4-5526-4092-9dc4-6d4c5fd51127/current/log_inprogress_1824
2019-07-03 07:08:06,213 INFO  storage.RaftLogWorker (RaftLogWorker.java:execute(469)) - 1d8d2908-dfb4-4358-9c6e-64b435d6fccc-RaftLogWorker: created new log segment /opt/src/hadoop-ozone/tools/target/test-dir/MiniOzoneClusterImpl-0519545d-318d-4c21-a2a0-688f18f8a31d/datanode-2/data/ratis/23ffc2a4-5526-4092-9dc4-6d4c5fd51127/current/log_inprogress_1824
2019-07-03 07:08:06,213 INFO  storage.RaftLogWorker (RaftLogWorker.java:execute(469)) - 75e8c5ea-f06a-43e1-af6e-1f7f9b0b2cc1-RaftLogWorker: created new log segment /opt/src/hadoop-ozone/tools/target/test-dir/MiniOzoneClusterImpl-0519545d-318d-4c21-a2a0-688f18f8a31d/datanode-1/data/ratis/23ffc2a4-5526-4092-9dc4-6d4c5fd51127/current/log_inprogress_1824
2019-07-03 07:08:06,217 INFO  client.GrpcClientProtocolClient (GrpcClientProtocolClient.java:onNext(254)) - client-253D2503C21A->6571ba41-d309-4d1d-a321-129a77bf1602: receive RaftClientReply:client-253D2503C21A->6571ba41-d309-4d1d-a321-129a77bf1602@group-6D4C5FD51127, cid=1275, SUCCESS, logIndex=1824, commits[6571ba41-d309-4d1d-a321-129a77bf1602:c1824, 75e8c5ea-f06a-43e1-af6e-1f7f9b0b2cc1:c1822, 1d8d2908-dfb4-4358-9c6e-64b435d6fccc:c1822]
2019-07-03 07:08:06,229 INFO  client.GrpcClientProtocolClient (GrpcClientProtocolClient.java:onNext(254)) - client-253D2503C21A->6571ba41-d309-4d1d-a321-129a77bf1602: receive RaftClientReply:client-253D2503C21A->6571ba41-d309-4d1d-a321-129a77bf1602@group-6D4C5FD51127, cid=1276, SUCCESS, logIndex=0, commits[6571ba41-d309-4d1d-a321-129a77bf1602:c1825, 75e8c5ea-f06a-43e1-af6e-1f7f9b0b2cc1:c1824, 1d8d2908-dfb4-4358-9c6e-64b435d6fccc:c1824]
2019-07-03 07:08:06,261 INFO  client.GrpcClientProtocolClient (GrpcClientProtocolClient.java:onNext(254)) - client-253D2503C21A->6571ba41-d309-4d1d-a321-129a77bf1602: receive RaftClientReply:client-253D2503C21A->6571ba41-d309-4d1d-a321-129a77bf1602@group-6D4C5FD51127, cid=1277, SUCCESS, logIndex=1826, commits[6571ba41-d309-4d1d-a321-129a77bf1602:c1826, 75e8c5ea-f06a-43e1-af6e-1f7f9b0b2cc1:c1825, 1d8d2908-dfb4-4358-9c6e-64b435d6fccc:c1825]
2019-07-03 07:08:06,273 INFO  client.GrpcClientProtocolClient (GrpcClientProtocolClient.java:onNext(254)) - client-253D2503C21A->6571ba41-d309-4d1d-a321-129a77bf1602: receive RaftClientReply:client-253D2503C21A->6571ba41-d309-4d1d-a321-129a77bf1602@group-6D4C5FD51127, cid=1278, SUCCESS, logIndex=1828, commits[6571ba41-d309-4d1d-a321-129a77bf1602:c1829, 75e8c5ea-f06a-43e1-af6e-1f7f9b0b2cc1:c1826, 1d8d2908-dfb4-4358-9c6e-64b435d6fccc:c1826]
2019-07-03 07:08:06,274 INFO  client.GrpcClientProtocolClient (GrpcClientProtocolClient.java:onNext(254)) - client-253D2503C21A->6571ba41-d309-4d1d-a321-129a77bf1602: receive RaftClientReply:client-253D2503C21A->6571ba41-d309-4d1d-a321-129a77bf1602@group-6D4C5FD51127, cid=1279, SUCCESS, logIndex=1829, commits[6571ba41-d309-4d1d-a321-129a77bf1602:c1829, 75e8c5ea-f06a-43e1-af6e-1f7f9b0b2cc1:c1826, 1d8d2908-dfb4-4358-9c6e-64b435d6fccc:c1826]
2019-07-03 07:08:06,285 INFO  client.GrpcClientProtocolClient (GrpcClientProtocolClient.java:onNext(254)) - client-253D2503C21A->6571ba41-d309-4d1d-a321-129a77bf1602: receive RaftClientReply:client-253D2503C21A->6571ba41-d309-4d1d-a321-129a77bf1602@group-6D4C5FD51127, cid=1280, SUCCESS, logIndex=1830, commits[6571ba41-d309-4d1d-a321-129a77bf1602:c1831, 75e8c5ea-f06a-43e1-af6e-1f7f9b0b2cc1:c1828, 1d8d2908-dfb4-4358-9c6e-64b435d6fccc:c1828]
2019-07-03 07:08:06,307 INFO  client.GrpcClientProtocolClient (GrpcClientProtocolClient.java:onNext(254)) - client-253D2503C21A->6571ba41-d309-4d1d-a321-129a77bf1602: receive RaftClientReply:client-253D2503C21A->6571ba41-d309-4d1d-a321-129a77bf1602@group-6D4C5FD51127, cid=1281, SUCCESS, logIndex=1834, commits[6571ba41-d309-4d1d-a321-129a77bf1602:c1834, 75e8c5ea-f06a-43e1-af6e-1f7f9b0b2cc1:c1833, 1d8d2908-dfb4-4358-9c6e-64b435d6fccc:c1833]
2019-07-03 07:08:06,320 INFO  client.GrpcClientProtocolClient (GrpcClientProtocolClient.java:onNext(254)) - client-253D2503C21A->6571ba41-d309-4d1d-a321-129a77bf1602: receive RaftClientReply:client-253D2503C21A->6571ba41-d309-4d1d-a321-129a77bf1602@group-6D4C5FD51127, cid=1282, SUCCESS, logIndex=1836, commits[6571ba41-d309-4d1d-a321-129a77bf1602:c1836, 75e8c5ea-f06a-43e1-af6e-1f7f9b0b2cc1:c1834, 1d8d2908-dfb4-4358-9c6e-64b435d6fccc:c1834]
2019-07-03 07:08:06,335 INFO  client.GrpcClientProtocolClient (GrpcClientProtocolClient.java:onNext(254)) - client-253D2503C21A->6571ba41-d309-4d1d-a321-129a77bf1602: receive RaftClientReply:client-253D2503C21A->6571ba41-d309-4d1d-a321-129a77bf1602@group-6D4C5FD51127, cid=1283, SUCCESS, logIndex=1838, commits[6571ba41-d309-4d1d-a321-129a77bf1602:c1838, 75e8c5ea-f06a-43e1-af6e-1f7f9b0b2cc1:c1836, 1d8d2908-dfb4-4358-9c6e-64b435d6fccc:c1836]
2019-07-03 07:08:06,355 INFO  client.GrpcClientProtocolClient (GrpcClientProtocolClient.java:onNext(254)) - client-253D2503C21A->6571ba41-d309-4d1d-a321-129a77bf1602: receive RaftClientReply:client-253D2503C21A->6571ba41-d309-4d1d-a321-129a77bf1602@group-6D4C5FD51127, cid=1284, SUCCESS, logIndex=1840, commits[6571ba41-d309-4d1d-a321-129a77bf1602:c1840, 75e8c5ea-f06a-43e1-af6e-1f7f9b0b2cc1:c1838, 1d8d2908-dfb4-4358-9c6e-64b435d6fccc:c1838]
2019-07-03 07:08:06,367 INFO  client.GrpcClientProtocolClient (GrpcClientProtocolClient.java:onNext(254)) - client-253D2503C21A->6571ba41-d309-4d1d-a321-129a77bf1602: receive RaftClientReply:client-253D2503C21A->6571ba41-d309-4d1d-a321-129a77bf1602@group-6D4C5FD51127, cid=1285, SUCCESS, logIndex=0, commits[6571ba41-d309-4d1d-a321-129a77bf1602:c1841, 75e8c5ea-f06a-43e1-af6e-1f7f9b0b2cc1:c1840, 1d8d2908-dfb4-4358-9c6e-64b435d6fccc:c1840]
2019-07-03 07:08:06,391 INFO  client.GrpcClientProtocolClient (GrpcClientProtocolClient.java:onNext(254)) - client-253D2503C21A->6571ba41-d309-4d1d-a321-129a77bf1602: receive RaftClientReply:client-253D2503C21A->6571ba41-d309-4d1d-a321-129a77bf1602@group-6D4C5FD51127, cid=1286, SUCCESS, logIndex=1842, commits[6571ba41-d309-4d1d-a321-129a77bf1602:c1842, 75e8c5ea-f06a-43e1-af6e-1f7f9b0b2cc1:c1841, 1d8d2908-dfb4-4358-9c6e-64b435d6fccc:c1841]
2019-07-03 07:08:06,404 INFO  client.GrpcClientProtocolClient (GrpcClientProtocolClient.java:onNext(254)) - client-253D2503C21A->6571ba41-d309-4d1d-a321-129a77bf1602: receive RaftClientReply:client-253D2503C21A->6571ba41-d309-4d1d-a321-129a77bf1602@group-6D4C5FD51127, cid=1287, SUCCESS, logIndex=1844, commits[6571ba41-d309-4d1d-a321-129a77bf1602:c1845, 75e8c5ea-f06a-43e1-af6e-1f7f9b0b2cc1:c1842, 1d8d2908-dfb4-4358-9c6e-64b435d6fccc:c1842]
2019-07-03 07:08:06,404 INFO  client.GrpcClientProtocolClient (GrpcClientProtocolClient.java:onNext(254)) - client-253D2503C21A->6571ba41-d309-4d1d-a321-129a77bf1602: receive RaftClientReply:client-253D2503C21A->6571ba41-d309-4d1d-a321-129a77bf1602@group-6D4C5FD51127, cid=1288, SUCCESS, logIndex=1845, commits[6571ba41-d309-4d1d-a321-129a77bf1602:c1845, 75e8c5ea-f06a-43e1-af6e-1f7f9b0b2cc1:c1842, 1d8d2908-dfb4-4358-9c6e-64b435d6fccc:c1842]
2019-07-03 07:08:06,405 INFO  client.GrpcClientProtocolClient (GrpcClientProtocolClient.java:onNext(254)) - client-253D2503C21A->6571ba41-d309-4d1d-a321-129a77bf1602: receive RaftClientReply:client-253D2503C21A->6571ba41-d309-4d1d-a321-129a77bf1602@group-6D4C5FD51127, cid=1289, SUCCESS, logIndex=1846, commits[6571ba41-d309-4d1d-a321-129a77bf1602:c1846, 75e8c5ea-f06a-43e1-af6e-1f7f9b0b2cc1:c1842, 1d8d2908-dfb4-4358-9c6e-64b435d6fccc:c1842]
2019-07-03 07:08:06,406 INFO  client.GrpcClientProtocolClient (GrpcClientProtocolClient.java:onNext(254)) - client-253D2503C21A->6571ba41-d309-4d1d-a321-129a77bf1602: receive RaftClientReply:client-253D2503C21A->6571ba41-d309-4d1d-a321-129a77bf1602@group-6D4C5FD51127, cid=1290, SUCCESS, logIndex=0, commits[6571ba41-d309-4d1d-a321-129a77bf1602:c1848, 75e8c5ea-f06a-43e1-af6e-1f7f9b0b2cc1:c1845, 1d8d2908-dfb4-4358-9c6e-64b435d6fccc:c1845]
2019-07-03 07:08:06,420 INFO  client.GrpcClientProtocolClient (GrpcClientProtocolClient.java:onNext(254)) - client-253D2503C21A->6571ba41-d309-4d1d-a321-129a77bf1602: receive RaftClientReply:client-253D2503C21A->6571ba41-d309-4d1d-a321-129a77bf1602@group-6D4C5FD51127, cid=1291, SUCCESS, logIndex=1850, commits[6571ba41-d309-4d1d-a321-129a77bf1602:c1850, 75e8c5ea-f06a-43e1-af6e-1f7f9b0b2cc1:c1846, 1d8d2908-dfb4-4358-9c6e-64b435d6fccc:c1849]
2019-07-03 07:08:06,422 INFO  client.GrpcClientProtocolClient (GrpcClientProtocolClient.java:onNext(254)) - client-253D2503C21A->6571ba41-d309-4d1d-a321-129a77bf1602: receive RaftClientReply:client-253D2503C21A->6571ba41-d309-4d1d-a321-129a77bf1602@group-6D4C5FD51127, cid=1292, SUCCESS, logIndex=1852, commits[6571ba41-d309-4d1d-a321-129a77bf1602:c1852, 75e8c5ea-f06a-43e1-af6e-1f7f9b0b2cc1:c1850, 1d8d2908-dfb4-4358-9c6e-64b435d6fccc:c1850]
2019-07-03 07:08:06,435 INFO  client.GrpcClientProtocolClient (GrpcClientProtocolClient.java:onNext(254)) - client-253D2503C21A->6571ba41-d309-4d1d-a321-129a77bf1602: receive RaftClientReply:client-253D2503C21A->6571ba41-d309-4d1d-a321-129a77bf1602@group-6D4C5FD51127, cid=1293, SUCCESS, logIndex=1854, commits[6571ba41-d309-4d1d-a321-129a77bf1602:c1854, 75e8c5ea-f06a-43e1-af6e-1f7f9b0b2cc1:c1852, 1d8d2908-dfb4-4358-9c6e-64b435d6fccc:c1852]
2019-07-03 07:08:06,449 INFO  client.GrpcClientProtocolClient (GrpcClientProtocolClient.java:onNext(254)) - client-253D2503C21A->6571ba41-d309-4d1d-a321-129a77bf1602: receive RaftClientReply:client-253D2503C21A->6571ba41-d309-4d1d-a321-129a77bf1602@group-6D4C5FD51127, cid=1294, SUCCESS, logIndex=1856, commits[6571ba41-d309-4d1d-a321-129a77bf1602:c1856, 75e8c5ea-f06a-43e1-af6e-1f7f9b0b2cc1:c1854, 1d8d2908-dfb4-4358-9c6e-64b435d6fccc:c1854]
2019-07-03 07:08:06,461 INFO  client.GrpcClientProtocolClient (GrpcClientProtocolClient.java:onNext(254)) - client-253D2503C21A->6571ba41-d309-4d1d-a321-129a77bf1602: receive RaftClientReply:client-253D2503C21A->6571ba41-d309-4d1d-a321-129a77bf1602@group-6D4C5FD51127, cid=1295, SUCCESS, logIndex=0, commits[6571ba41-d309-4d1d-a321-129a77bf1602:c1857, 75e8c5ea-f06a-43e1-af6e-1f7f9b0b2cc1:c1856, 1d8d2908-dfb4-4358-9c6e-64b435d6fccc:c1856]
2019-07-03 07:08:06,592 INFO  client.GrpcClientProtocolClient (GrpcClientProtocolClient.java:onNext(254)) - client-253D2503C21A->6571ba41-d309-4d1d-a321-129a77bf1602: receive RaftClientReply:client-253D2503C21A->6571ba41-d309-4d1d-a321-129a77bf1602@group-6D4C5FD51127, cid=1296, SUCCESS, logIndex=1858, commits[6571ba41-d309-4d1d-a321-129a77bf1602:c1858, 75e8c5ea-f06a-43e1-af6e-1f7f9b0b2cc1:c1857, 1d8d2908-dfb4-4358-9c6e-64b435d6fccc:c1857]
2019-07-03 07:08:06,611 INFO  client.GrpcClientProtocolClient (GrpcClientProtocolClient.java:onNext(254)) - client-253D2503C21A->6571ba41-d309-4d1d-a321-129a77bf1602: receive RaftClientReply:client-253D2503C21A->6571ba41-d309-4d1d-a321-129a77bf1602@group-6D4C5FD51127, cid=1297, SUCCESS, logIndex=1860, commits[6571ba41-d309-4d1d-a321-129a77bf1602:c1861, 75e8c5ea-f06a-43e1-af6e-1f7f9b0b2cc1:c1858, 1d8d2908-dfb4-4358-9c6e-64b435d6fccc:c1858]
2019-07-03 07:08:06,612 INFO  client.GrpcClientProtocolClient (GrpcClientProtocolClient.java:onNext(254)) - client-253D2503C21A->6571ba41-d309-4d1d-a321-129a77bf1602: receive RaftClientReply:client-253D2503C21A->6571ba41-d309-4d1d-a321-129a77bf1602@group-6D4C5FD51127, cid=1298, SUCCESS, logIndex=1861, commits[6571ba41-d309-4d1d-a321-129a77bf1602:c1861, 75e8c5ea-f06a-43e1-af6e-1f7f9b0b2cc1:c1858, 1d8d2908-dfb4-4358-9c6e-64b435d6fccc:c1858]
2019-07-03 07:08:06,625 INFO  client.GrpcClientProtocolClient (GrpcClientProtocolClient.java:onNext(254)) - client-253D2503C21A->6571ba41-d309-4d1d-a321-129a77bf1602: receive RaftClientReply:client-253D2503C21A->6571ba41-d309-4d1d-a321-129a77bf1602@group-6D4C5FD51127, cid=1299, SUCCESS, logIndex=1862, commits[6571ba41-d309-4d1d-a321-129a77bf1602:c1863, 75e8c5ea-f06a-43e1-af6e-1f7f9b0b2cc1:c1861, 1d8d2908-dfb4-4358-9c6e-64b435d6fccc:c1860]
2019-07-03 07:08:06,651 INFO  client.GrpcClientProtocolClient (GrpcClientProtocolClient.java:onNext(254)) - client-253D2503C21A->6571ba41-d309-4d1d-a321-129a77bf1602: receive RaftClientReply:client-253D2503C21A->6571ba41-d309-4d1d-a321-129a77bf1602@group-6D4C5FD51127, cid=1300, SUCCESS, logIndex=1866, commits[6571ba41-d309-4d1d-a321-129a77bf1602:c1866, 75e8c5ea-f06a-43e1-af6e-1f7f9b0b2cc1:c1865, 1d8d2908-dfb4-4358-9c6e-64b435d6fccc:c1865]
2019-07-03 07:08:06,665 INFO  client.GrpcClientProtocolClient (GrpcClientProtocolClient.java:onNext(254)) - client-253D2503C21A->6571ba41-d309-4d1d-a321-129a77bf1602: receive RaftClientReply:client-253D2503C21A->6571ba41-d309-4d1d-a321-129a77bf1602@group-6D4C5FD51127, cid=1301, SUCCESS, logIndex=1868, commits[6571ba41-d309-4d1d-a321-129a77bf1602:c1868, 75e8c5ea-f06a-43e1-af6e-1f7f9b0b2cc1:c1866, 1d8d2908-dfb4-4358-9c6e-64b435d6fccc:c1866]
2019-07-03 07:08:06,692 INFO  client.GrpcClientProtocolClient (GrpcClientProtocolClient.java:onNext(254)) - client-253D2503C21A->6571ba41-d309-4d1d-a321-129a77bf1602: receive RaftClientReply:client-253D2503C21A->6571ba41-d309-4d1d-a321-129a77bf1602@group-6D4C5FD51127, cid=1302, SUCCESS, logIndex=1870, commits[6571ba41-d309-4d1d-a321-129a77bf1602:c1870, 75e8c5ea-f06a-43e1-af6e-1f7f9b0b2cc1:c1868, 1d8d2908-dfb4-4358-9c6e-64b435d6fccc:c1868]
2019-07-03 07:08:06,704 INFO  client.GrpcClientProtocolClient (GrpcClientProtocolClient.java:onNext(254)) - client-253D2503C21A->6571ba41-d309-4d1d-a321-129a77bf1602: receive RaftClientReply:client-253D2503C21A->6571ba41-d309-4d1d-a321-129a77bf1602@group-6D4C5FD51127, cid=1303, SUCCESS, logIndex=1872, commits[6571ba41-d309-4d1d-a321-129a77bf1602:c1872, 75e8c5ea-f06a-43e1-af6e-1f7f9b0b2cc1:c1870, 1d8d2908-dfb4-4358-9c6e-64b435d6fccc:c1870]
 0.00% |█                                                                                                    |  0/1 Time: 0:00:142019-07-03 07:08:06,716 INFO  client.GrpcClientProtocolClient (GrpcClientProtocolClient.java:onNext(254)) - client-253D2503C21A->6571ba41-d309-4d1d-a321-129a77bf1602: receive RaftClientReply:client-253D2503C21A->6571ba41-d309-4d1d-a321-129a77bf1602@group-6D4C5FD51127, cid=1304, SUCCESS, logIndex=0, commits[6571ba41-d309-4d1d-a321-129a77bf1602:c1873, 75e8c5ea-f06a-43e1-af6e-1f7f9b0b2cc1:c1872, 1d8d2908-dfb4-4358-9c6e-64b435d6fccc:c1872]
2019-07-03 07:08:06,747 INFO  client.GrpcClientProtocolClient (GrpcClientProtocolClient.java:onNext(254)) - client-253D2503C21A->6571ba41-d309-4d1d-a321-129a77bf1602: receive RaftClientReply:client-253D2503C21A->6571ba41-d309-4d1d-a321-129a77bf1602@group-6D4C5FD51127, cid=1305, SUCCESS, logIndex=1874, commits[6571ba41-d309-4d1d-a321-129a77bf1602:c1874, 75e8c5ea-f06a-43e1-af6e-1f7f9b0b2cc1:c1873, 1d8d2908-dfb4-4358-9c6e-64b435d6fccc:c1873]
2019-07-03 07:08:06,759 INFO  client.GrpcClientProtocolClient (GrpcClientProtocolClient.java:onNext(254)) - client-253D2503C21A->6571ba41-d309-4d1d-a321-129a77bf1602: receive RaftClientReply:client-253D2503C21A->6571ba41-d309-4d1d-a321-129a77bf1602@group-6D4C5FD51127, cid=1306, SUCCESS, logIndex=1876, commits[6571ba41-d309-4d1d-a321-129a77bf1602:c1877, 75e8c5ea-f06a-43e1-af6e-1f7f9b0b2cc1:c1874, 1d8d2908-dfb4-4358-9c6e-64b435d6fccc:c1874]
2019-07-03 07:08:06,760 INFO  client.GrpcClientProtocolClient (GrpcClientProtocolClient.java:onNext(254)) - client-253D2503C21A->6571ba41-d309-4d1d-a321-129a77bf1602: receive RaftClientReply:client-253D2503C21A->6571ba41-d309-4d1d-a321-129a77bf1602@group-6D4C5FD51127, cid=1307, SUCCESS, logIndex=1877, commits[6571ba41-d309-4d1d-a321-129a77bf1602:c1877, 75e8c5ea-f06a-43e1-af6e-1f7f9b0b2cc1:c1874, 1d8d2908-dfb4-4358-9c6e-64b435d6fccc:c1874]
2019-07-03 07:08:06,760 INFO  client.GrpcClientProtocolClient (GrpcClientProtocolClient.java:onNext(254)) - client-253D2503C21A->6571ba41-d309-4d1d-a321-129a77bf1602: receive RaftClientReply:client-253D2503C21A->6571ba41-d309-4d1d-a321-129a77bf1602@group-6D4C5FD51127, cid=1308, SUCCESS, logIndex=1878, commits[6571ba41-d309-4d1d-a321-129a77bf1602:c1879, 75e8c5ea-f06a-43e1-af6e-1f7f9b0b2cc1:c1876, 1d8d2908-dfb4-4358-9c6e-64b435d6fccc:c1874]
2019-07-03 07:08:06,761 INFO  client.GrpcClientProtocolClient (GrpcClientProtocolClient.java:onNext(254)) - client-253D2503C21A->6571ba41-d309-4d1d-a321-129a77bf1602: receive RaftClientReply:client-253D2503C21A->6571ba41-d309-4d1d-a321-129a77bf1602@group-6D4C5FD51127, cid=1309, SUCCESS, logIndex=0, commits[6571ba41-d309-4d1d-a321-129a77bf1602:c1880, 75e8c5ea-f06a-43e1-af6e-1f7f9b0b2cc1:c1877, 1d8d2908-dfb4-4358-9c6e-64b435d6fccc:c1877]
2019-07-03 07:08:06,783 INFO  client.GrpcClientProtocolClient (GrpcClientProtocolClient.java:onNext(254)) - client-253D2503C21A->6571ba41-d309-4d1d-a321-129a77bf1602: receive RaftClientReply:client-253D2503C21A->6571ba41-d309-4d1d-a321-129a77bf1602@group-6D4C5FD51127, cid=1310, SUCCESS, logIndex=1882, commits[6571ba41-d309-4d1d-a321-129a77bf1602:c1882, 75e8c5ea-f06a-43e1-af6e-1f7f9b0b2cc1:c1881, 1d8d2908-dfb4-4358-9c6e-64b435d6fccc:c1881]
2019-07-03 07:08:06,796 INFO  client.GrpcClientProtocolClient (GrpcClientProtocolClient.java:onNext(254)) - client-253D2503C21A->6571ba41-d309-4d1d-a321-129a77bf1602: receive RaftClientReply:client-253D2503C21A->6571ba41-d309-4d1d-a321-129a77bf1602@group-6D4C5FD51127, cid=1311, SUCCESS, logIndex=1884, commits[6571ba41-d309-4d1d-a321-129a77bf1602:c1884, 75e8c5ea-f06a-43e1-af6e-1f7f9b0b2cc1:c1882, 1d8d2908-dfb4-4358-9c6e-64b435d6fccc:c1882]
2019-07-03 07:08:06,810 INFO  client.GrpcClientProtocolClient (GrpcClientProtocolClient.java:onNext(254)) - client-253D2503C21A->6571ba41-d309-4d1d-a321-129a77bf1602: receive RaftClientReply:client-253D2503C21A->6571ba41-d309-4d1d-a321-129a77bf1602@group-6D4C5FD51127, cid=1312, SUCCESS, logIndex=1886, commits[6571ba41-d309-4d1d-a321-129a77bf1602:c1886, 75e8c5ea-f06a-43e1-af6e-1f7f9b0b2cc1:c1884, 1d8d2908-dfb4-4358-9c6e-64b435d6fccc:c1884]
2019-07-03 07:08:06,813 INFO  client.GrpcClientProtocolClient (GrpcClientProtocolClient.java:onNext(254)) - client-253D2503C21A->6571ba41-d309-4d1d-a321-129a77bf1602: receive RaftClientReply:client-253D2503C21A->6571ba41-d309-4d1d-a321-129a77bf1602@group-6D4C5FD51127, cid=1313, SUCCESS, logIndex=1888, commits[6571ba41-d309-4d1d-a321-129a77bf1602:c1888, 75e8c5ea-f06a-43e1-af6e-1f7f9b0b2cc1:c1886, 1d8d2908-dfb4-4358-9c6e-64b435d6fccc:c1886]
2019-07-03 07:08:06,824 INFO  client.GrpcClientProtocolClient (GrpcClientProtocolClient.java:onNext(254)) - client-253D2503C21A->6571ba41-d309-4d1d-a321-129a77bf1602: receive RaftClientReply:client-253D2503C21A->6571ba41-d309-4d1d-a321-129a77bf1602@group-6D4C5FD51127, cid=1314, SUCCESS, logIndex=0, commits[6571ba41-d309-4d1d-a321-129a77bf1602:c1889, 75e8c5ea-f06a-43e1-af6e-1f7f9b0b2cc1:c1888, 1d8d2908-dfb4-4358-9c6e-64b435d6fccc:c1888]
2019-07-03 07:08:06,853 INFO  client.GrpcClientProtocolClient (GrpcClientProtocolClient.java:onNext(254)) - client-253D2503C21A->6571ba41-d309-4d1d-a321-129a77bf1602: receive RaftClientReply:client-253D2503C21A->6571ba41-d309-4d1d-a321-129a77bf1602@group-6D4C5FD51127, cid=1315, SUCCESS, logIndex=1890, commits[6571ba41-d309-4d1d-a321-129a77bf1602:c1890, 75e8c5ea-f06a-43e1-af6e-1f7f9b0b2cc1:c1889, 1d8d2908-dfb4-4358-9c6e-64b435d6fccc:c1889]
2019-07-03 07:08:06,878 INFO  client.GrpcClientProtocolClient (GrpcClientProtocolClient.java:onNext(254)) - client-253D2503C21A->6571ba41-d309-4d1d-a321-129a77bf1602: receive RaftClientReply:client-253D2503C21A->6571ba41-d309-4d1d-a321-129a77bf1602@group-6D4C5FD51127, cid=1316, SUCCESS, logIndex=1892, commits[6571ba41-d309-4d1d-a321-129a77bf1602:c1892, 75e8c5ea-f06a-43e1-af6e-1f7f9b0b2cc1:c1890, 1d8d2908-dfb4-4358-9c6e-64b435d6fccc:c1890]
2019-07-03 07:08:06,878 INFO  client.GrpcClientProtocolClient (GrpcClientProtocolClient.java:onNext(254)) - client-253D2503C21A->6571ba41-d309-4d1d-a321-129a77bf1602: receive RaftClientReply:client-253D2503C21A->6571ba41-d309-4d1d-a321-129a77bf1602@group-6D4C5FD51127, cid=1317, SUCCESS, logIndex=1893, commits[6571ba41-d309-4d1d-a321-129a77bf1602:c1893, 75e8c5ea-f06a-43e1-af6e-1f7f9b0b2cc1:c1890, 1d8d2908-dfb4-4358-9c6e-64b435d6fccc:c1890]
2019-07-03 07:08:06,890 INFO  client.GrpcClientProtocolClient (GrpcClientProtocolClient.java:onNext(254)) - client-253D2503C21A->6571ba41-d309-4d1d-a321-129a77bf1602: receive RaftClientReply:client-253D2503C21A->6571ba41-d309-4d1d-a321-129a77bf1602@group-6D4C5FD51127, cid=1318, SUCCESS, logIndex=1894, commits[6571ba41-d309-4d1d-a321-129a77bf1602:c1895, 75e8c5ea-f06a-43e1-af6e-1f7f9b0b2cc1:c1892, 1d8d2908-dfb4-4358-9c6e-64b435d6fccc:c1892]
2019-07-03 07:08:06,919 INFO  client.GrpcClientProtocolClient (GrpcClientProtocolClient.java:onNext(254)) - client-253D2503C21A->6571ba41-d309-4d1d-a321-129a77bf1602: receive RaftClientReply:client-253D2503C21A->6571ba41-d309-4d1d-a321-129a77bf1602@group-6D4C5FD51127, cid=1319, SUCCESS, logIndex=1898, commits[6571ba41-d309-4d1d-a321-129a77bf1602:c1898, 75e8c5ea-f06a-43e1-af6e-1f7f9b0b2cc1:c1895, 1d8d2908-dfb4-4358-9c6e-64b435d6fccc:c1895]
2019-07-03 07:08:06,932 INFO  client.GrpcClientProtocolClient (GrpcClientProtocolClient.java:onNext(254)) - client-253D2503C21A->6571ba41-d309-4d1d-a321-129a77bf1602: receive RaftClientReply:client-253D2503C21A->6571ba41-d309-4d1d-a321-129a77bf1602@group-6D4C5FD51127, cid=1320, SUCCESS, logIndex=1900, commits[6571ba41-d309-4d1d-a321-129a77bf1602:c1900, 75e8c5ea-f06a-43e1-af6e-1f7f9b0b2cc1:c1898, 1d8d2908-dfb4-4358-9c6e-64b435d6fccc:c1898]
2019-07-03 07:08:06,954 INFO  storage.RaftLogWorker (RaftLogWorker.java:rollLogSegment(303)) - 6571ba41-d309-4d1d-a321-129a77bf1602-RaftLogWorker: Rolling segment log-1824_1903 to index:1903
2019-07-03 07:08:06,954 INFO  client.GrpcClientProtocolClient (GrpcClientProtocolClient.java:onNext(254)) - client-253D2503C21A->6571ba41-d309-4d1d-a321-129a77bf1602: receive RaftClientReply:client-253D2503C21A->6571ba41-d309-4d1d-a321-129a77bf1602@group-6D4C5FD51127, cid=1321, SUCCESS, logIndex=1902, commits[6571ba41-d309-4d1d-a321-129a77bf1602:c1902, 75e8c5ea-f06a-43e1-af6e-1f7f9b0b2cc1:c1901, 1d8d2908-dfb4-4358-9c6e-64b435d6fccc:c1901]
2019-07-03 07:08:06,954 INFO  storage.RaftLogWorker (RaftLogWorker.java:rollLogSegment(303)) - 1d8d2908-dfb4-4358-9c6e-64b435d6fccc-RaftLogWorker: Rolling segment log-1824_1903 to index:1903
2019-07-03 07:08:06,955 INFO  storage.RaftLogWorker (RaftLogWorker.java:rollLogSegment(303)) - 75e8c5ea-f06a-43e1-af6e-1f7f9b0b2cc1-RaftLogWorker: Rolling segment log-1824_1903 to index:1903
2019-07-03 07:08:06,964 INFO  storage.RaftLogWorker (RaftLogWorker.java:execute(433)) - 6571ba41-d309-4d1d-a321-129a77bf1602-RaftLogWorker: Rolled log segment from /opt/src/hadoop-ozone/tools/target/test-dir/MiniOzoneClusterImpl-0519545d-318d-4c21-a2a0-688f18f8a31d/datanode-4/data/ratis/23ffc2a4-5526-4092-9dc4-6d4c5fd51127/current/log_inprogress_1824 to /opt/src/hadoop-ozone/tools/target/test-dir/MiniOzoneClusterImpl-0519545d-318d-4c21-a2a0-688f18f8a31d/datanode-4/data/ratis/23ffc2a4-5526-4092-9dc4-6d4c5fd51127/current/log_1824-1903
2019-07-03 07:08:06,965 INFO  storage.RaftLogWorker (RaftLogWorker.java:execute(433)) - 75e8c5ea-f06a-43e1-af6e-1f7f9b0b2cc1-RaftLogWorker: Rolled log segment from /opt/src/hadoop-ozone/tools/target/test-dir/MiniOzoneClusterImpl-0519545d-318d-4c21-a2a0-688f18f8a31d/datanode-1/data/ratis/23ffc2a4-5526-4092-9dc4-6d4c5fd51127/current/log_inprogress_1824 to /opt/src/hadoop-ozone/tools/target/test-dir/MiniOzoneClusterImpl-0519545d-318d-4c21-a2a0-688f18f8a31d/datanode-1/data/ratis/23ffc2a4-5526-4092-9dc4-6d4c5fd51127/current/log_1824-1903
2019-07-03 07:08:06,965 INFO  storage.RaftLogWorker (RaftLogWorker.java:execute(433)) - 1d8d2908-dfb4-4358-9c6e-64b435d6fccc-RaftLogWorker: Rolled log segment from /opt/src/hadoop-ozone/tools/target/test-dir/MiniOzoneClusterImpl-0519545d-318d-4c21-a2a0-688f18f8a31d/datanode-2/data/ratis/23ffc2a4-5526-4092-9dc4-6d4c5fd51127/current/log_inprogress_1824 to /opt/src/hadoop-ozone/tools/target/test-dir/MiniOzoneClusterImpl-0519545d-318d-4c21-a2a0-688f18f8a31d/datanode-2/data/ratis/23ffc2a4-5526-4092-9dc4-6d4c5fd51127/current/log_1824-1903
2019-07-03 07:08:07,008 INFO  storage.RaftLogWorker (RaftLogWorker.java:execute(469)) - 6571ba41-d309-4d1d-a321-129a77bf1602-RaftLogWorker: created new log segment /opt/src/hadoop-ozone/tools/target/test-dir/MiniOzoneClusterImpl-0519545d-318d-4c21-a2a0-688f18f8a31d/datanode-4/data/ratis/23ffc2a4-5526-4092-9dc4-6d4c5fd51127/current/log_inprogress_1904
2019-07-03 07:08:07,008 INFO  storage.RaftLogWorker (RaftLogWorker.java:execute(469)) - 75e8c5ea-f06a-43e1-af6e-1f7f9b0b2cc1-RaftLogWorker: created new log segment /opt/src/hadoop-ozone/tools/target/test-dir/MiniOzoneClusterImpl-0519545d-318d-4c21-a2a0-688f18f8a31d/datanode-1/data/ratis/23ffc2a4-5526-4092-9dc4-6d4c5fd51127/current/log_inprogress_1904
2019-07-03 07:08:07,008 INFO  storage.RaftLogWorker (RaftLogWorker.java:execute(469)) - 1d8d2908-dfb4-4358-9c6e-64b435d6fccc-RaftLogWorker: created new log segment /opt/src/hadoop-ozone/tools/target/test-dir/MiniOzoneClusterImpl-0519545d-318d-4c21-a2a0-688f18f8a31d/datanode-2/data/ratis/23ffc2a4-5526-4092-9dc4-6d4c5fd51127/current/log_inprogress_1904
2019-07-03 07:08:07,022 INFO  client.GrpcClientProtocolClient (GrpcClientProtocolClient.java:onNext(254)) - client-253D2503C21A->6571ba41-d309-4d1d-a321-129a77bf1602: receive RaftClientReply:client-253D2503C21A->6571ba41-d309-4d1d-a321-129a77bf1602@group-6D4C5FD51127, cid=1322, SUCCESS, logIndex=1904, commits[6571ba41-d309-4d1d-a321-129a77bf1602:c1904, 75e8c5ea-f06a-43e1-af6e-1f7f9b0b2cc1:c1902, 1d8d2908-dfb4-4358-9c6e-64b435d6fccc:c1902]
2019-07-03 07:08:07,034 INFO  client.GrpcClientProtocolClient (GrpcClientProtocolClient.java:onNext(254)) - client-253D2503C21A->6571ba41-d309-4d1d-a321-129a77bf1602: receive RaftClientReply:client-253D2503C21A->6571ba41-d309-4d1d-a321-129a77bf1602@group-6D4C5FD51127, cid=1323, SUCCESS, logIndex=0, commits[6571ba41-d309-4d1d-a321-129a77bf1602:c1905, 75e8c5ea-f06a-43e1-af6e-1f7f9b0b2cc1:c1904, 1d8d2908-dfb4-4358-9c6e-64b435d6fccc:c1904]
2019-07-03 07:08:07,064 INFO  client.GrpcClientProtocolClient (GrpcClientProtocolClient.java:onNext(254)) - client-253D2503C21A->6571ba41-d309-4d1d-a321-129a77bf1602: receive RaftClientReply:client-253D2503C21A->6571ba41-d309-4d1d-a321-129a77bf1602@group-6D4C5FD51127, cid=1324, SUCCESS, logIndex=1906, commits[6571ba41-d309-4d1d-a321-129a77bf1602:c1906, 75e8c5ea-f06a-43e1-af6e-1f7f9b0b2cc1:c1905, 1d8d2908-dfb4-4358-9c6e-64b435d6fccc:c1905]
2019-07-03 07:08:07,076 INFO  client.GrpcClientProtocolClient (GrpcClientProtocolClient.java:onNext(254)) - client-253D2503C21A->6571ba41-d309-4d1d-a321-129a77bf1602: receive RaftClientReply:client-253D2503C21A->6571ba41-d309-4d1d-a321-129a77bf1602@group-6D4C5FD51127, cid=1325, SUCCESS, logIndex=1908, commits[6571ba41-d309-4d1d-a321-129a77bf1602:c1909, 75e8c5ea-f06a-43e1-af6e-1f7f9b0b2cc1:c1906, 1d8d2908-dfb4-4358-9c6e-64b435d6fccc:c1906]
2019-07-03 07:08:07,077 INFO  client.GrpcClientProtocolClient (GrpcClientProtocolClient.java:onNext(254)) - client-253D2503C21A->6571ba41-d309-4d1d-a321-129a77bf1602: receive RaftClientReply:client-253D2503C21A->6571ba41-d309-4d1d-a321-129a77bf1602@group-6D4C5FD51127, cid=1326, SUCCESS, logIndex=1909, commits[6571ba41-d309-4d1d-a321-129a77bf1602:c1910, 75e8c5ea-f06a-43e1-af6e-1f7f9b0b2cc1:c1906, 1d8d2908-dfb4-4358-9c6e-64b435d6fccc:c1906]
2019-07-03 07:08:07,077 INFO  client.GrpcClientProtocolClient (GrpcClientProtocolClient.java:onNext(254)) - client-253D2503C21A->6571ba41-d309-4d1d-a321-129a77bf1602: receive RaftClientReply:client-253D2503C21A->6571ba41-d309-4d1d-a321-129a77bf1602@group-6D4C5FD51127, cid=1327, SUCCESS, logIndex=1910, commits[6571ba41-d309-4d1d-a321-129a77bf1602:c1910, 75e8c5ea-f06a-43e1-af6e-1f7f9b0b2cc1:c1906, 1d8d2908-dfb4-4358-9c6e-64b435d6fccc:c1906]
2019-07-03 07:08:07,079 INFO  client.GrpcClientProtocolClient (GrpcClientProtocolClient.java:onNext(254)) - client-253D2503C21A->6571ba41-d309-4d1d-a321-129a77bf1602: receive RaftClientReply:client-253D2503C21A->6571ba41-d309-4d1d-a321-129a77bf1602@group-6D4C5FD51127, cid=1328, SUCCESS, logIndex=0, commits[6571ba41-d309-4d1d-a321-129a77bf1602:c1912, 75e8c5ea-f06a-43e1-af6e-1f7f9b0b2cc1:c1909, 1d8d2908-dfb4-4358-9c6e-64b435d6fccc:c1909]
2019-07-03 07:08:07,102 INFO  client.GrpcClientProtocolClient (GrpcClientProtocolClient.java:onNext(254)) - client-253D2503C21A->6571ba41-d309-4d1d-a321-129a77bf1602: receive RaftClientReply:client-253D2503C21A->6571ba41-d309-4d1d-a321-129a77bf1602@group-6D4C5FD51127, cid=1329, SUCCESS, logIndex=1914, commits[6571ba41-d309-4d1d-a321-129a77bf1602:c1914, 75e8c5ea-f06a-43e1-af6e-1f7f9b0b2cc1:c1913, 1d8d2908-dfb4-4358-9c6e-64b435d6fccc:c1913]
2019-07-03 07:08:07,121 INFO  client.GrpcClientProtocolClient (GrpcClientProtocolClient.java:onNext(254)) - client-253D2503C21A->6571ba41-d309-4d1d-a321-129a77bf1602: receive RaftClientReply:client-253D2503C21A->6571ba41-d309-4d1d-a321-129a77bf1602@group-6D4C5FD51127, cid=1330, SUCCESS, logIndex=1916, commits[6571ba41-d309-4d1d-a321-129a77bf1602:c1916, 75e8c5ea-f06a-43e1-af6e-1f7f9b0b2cc1:c1914, 1d8d2908-dfb4-4358-9c6e-64b435d6fccc:c1914]
2019-07-03 07:08:07,145 INFO  client.GrpcClientProtocolClient (GrpcClientProtocolClient.java:onNext(254)) - client-253D2503C21A->6571ba41-d309-4d1d-a321-129a77bf1602: receive RaftClientReply:client-253D2503C21A->6571ba41-d309-4d1d-a321-129a77bf1602@group-6D4C5FD51127, cid=1331, SUCCESS, logIndex=1918, commits[6571ba41-d309-4d1d-a321-129a77bf1602:c1918, 75e8c5ea-f06a-43e1-af6e-1f7f9b0b2cc1:c1916, 1d8d2908-dfb4-4358-9c6e-64b435d6fccc:c1916]
2019-07-03 07:08:07,149 INFO  client.GrpcClientProtocolClient (GrpcClientProtocolClient.java:onNext(254)) - client-253D2503C21A->6571ba41-d309-4d1d-a321-129a77bf1602: receive RaftClientReply:client-253D2503C21A->6571ba41-d309-4d1d-a321-129a77bf1602@group-6D4C5FD51127, cid=1332, SUCCESS, logIndex=1920, commits[6571ba41-d309-4d1d-a321-129a77bf1602:c1920, 75e8c5ea-f06a-43e1-af6e-1f7f9b0b2cc1:c1918, 1d8d2908-dfb4-4358-9c6e-64b435d6fccc:c1918]
2019-07-03 07:08:07,160 INFO  client.GrpcClientProtocolClient (GrpcClientProtocolClient.java:onNext(254)) - client-253D2503C21A->6571ba41-d309-4d1d-a321-129a77bf1602: receive RaftClientReply:client-253D2503C21A->6571ba41-d309-4d1d-a321-129a77bf1602@group-6D4C5FD51127, cid=1333, SUCCESS, logIndex=0, commits[6571ba41-d309-4d1d-a321-129a77bf1602:c1921, 75e8c5ea-f06a-43e1-af6e-1f7f9b0b2cc1:c1920, 1d8d2908-dfb4-4358-9c6e-64b435d6fccc:c1920]
2019-07-03 07:08:07,191 INFO  client.GrpcClientProtocolClient (GrpcClientProtocolClient.java:onNext(254)) - client-253D2503C21A->6571ba41-d309-4d1d-a321-129a77bf1602: receive RaftClientReply:client-253D2503C21A->6571ba41-d309-4d1d-a321-129a77bf1602@group-6D4C5FD51127, cid=1334, SUCCESS, logIndex=1922, commits[6571ba41-d309-4d1d-a321-129a77bf1602:c1922, 75e8c5ea-f06a-43e1-af6e-1f7f9b0b2cc1:c1921, 1d8d2908-dfb4-4358-9c6e-64b435d6fccc:c1921]
2019-07-03 07:08:07,203 INFO  client.GrpcClientProtocolClient (GrpcClientProtocolClient.java:onNext(254)) - client-253D2503C21A->6571ba41-d309-4d1d-a321-129a77bf1602: receive RaftClientReply:client-253D2503C21A->6571ba41-d309-4d1d-a321-129a77bf1602@group-6D4C5FD51127, cid=1335, SUCCESS, logIndex=1924, commits[6571ba41-d309-4d1d-a321-129a77bf1602:c1924, 75e8c5ea-f06a-43e1-af6e-1f7f9b0b2cc1:c1922, 1d8d2908-dfb4-4358-9c6e-64b435d6fccc:c1922]
2019-07-03 07:08:07,203 INFO  client.GrpcClientProtocolClient (GrpcClientProtocolClient.java:onNext(254)) - client-253D2503C21A->6571ba41-d309-4d1d-a321-129a77bf1602: receive RaftClientReply:client-253D2503C21A->6571ba41-d309-4d1d-a321-129a77bf1602@group-6D4C5FD51127, cid=1336, SUCCESS, logIndex=1925, commits[6571ba41-d309-4d1d-a321-129a77bf1602:c1925, 75e8c5ea-f06a-43e1-af6e-1f7f9b0b2cc1:c1922, 1d8d2908-dfb4-4358-9c6e-64b435d6fccc:c1922]
2019-07-03 07:08:07,204 INFO  client.GrpcClientProtocolClient (GrpcClientProtocolClient.java:onNext(254)) - client-253D2503C21A->6571ba41-d309-4d1d-a321-129a77bf1602: receive RaftClientReply:client-253D2503C21A->6571ba41-d309-4d1d-a321-129a77bf1602@group-6D4C5FD51127, cid=1337, SUCCESS, logIndex=1926, commits[6571ba41-d309-4d1d-a321-129a77bf1602:c1926, 75e8c5ea-f06a-43e1-af6e-1f7f9b0b2cc1:c1922, 1d8d2908-dfb4-4358-9c6e-64b435d6fccc:c1922]
2019-07-03 07:08:07,206 INFO  client.GrpcClientProtocolClient (GrpcClientProtocolClient.java:onNext(254)) - client-253D2503C21A->6571ba41-d309-4d1d-a321-129a77bf1602: receive RaftClientReply:client-253D2503C21A->6571ba41-d309-4d1d-a321-129a77bf1602@group-6D4C5FD51127, cid=1338, SUCCESS, logIndex=0, commits[6571ba41-d309-4d1d-a321-129a77bf1602:c1928, 75e8c5ea-f06a-43e1-af6e-1f7f9b0b2cc1:c1925, 1d8d2908-dfb4-4358-9c6e-64b435d6fccc:c1925]
2019-07-03 07:08:07,227 INFO  client.GrpcClientProtocolClient (GrpcClientProtocolClient.java:onNext(254)) - client-253D2503C21A->6571ba41-d309-4d1d-a321-129a77bf1602: receive RaftClientReply:client-253D2503C21A->6571ba41-d309-4d1d-a321-129a77bf1602@group-6D4C5FD51127, cid=1339, SUCCESS, logIndex=1930, commits[6571ba41-d309-4d1d-a321-129a77bf1602:c1930, 75e8c5ea-f06a-43e1-af6e-1f7f9b0b2cc1:c1929, 1d8d2908-dfb4-4358-9c6e-64b435d6fccc:c1929]
2019-07-03 07:08:07,240 INFO  client.GrpcClientProtocolClient (GrpcClientProtocolClient.java:onNext(254)) - client-253D2503C21A->6571ba41-d309-4d1d-a321-129a77bf1602: receive RaftClientReply:client-253D2503C21A->6571ba41-d309-4d1d-a321-129a77bf1602@group-6D4C5FD51127, cid=1340, SUCCESS, logIndex=1932, commits[6571ba41-d309-4d1d-a321-129a77bf1602:c1932, 75e8c5ea-f06a-43e1-af6e-1f7f9b0b2cc1:c1930, 1d8d2908-dfb4-4358-9c6e-64b435d6fccc:c1930]
2019-07-03 07:08:07,254 INFO  client.GrpcClientProtocolClient (GrpcClientProtocolClient.java:onNext(254)) - client-253D2503C21A->6571ba41-d309-4d1d-a321-129a77bf1602: receive RaftClientReply:client-253D2503C21A->6571ba41-d309-4d1d-a321-129a77bf1602@group-6D4C5FD51127, cid=1341, SUCCESS, logIndex=1934, commits[6571ba41-d309-4d1d-a321-129a77bf1602:c1934, 75e8c5ea-f06a-43e1-af6e-1f7f9b0b2cc1:c1932, 1d8d2908-dfb4-4358-9c6e-64b435d6fccc:c1932]
2019-07-03 07:08:07,266 INFO  client.GrpcClientProtocolClient (GrpcClientProtocolClient.java:onNext(254)) - client-253D2503C21A->6571ba41-d309-4d1d-a321-129a77bf1602: receive RaftClientReply:client-253D2503C21A->6571ba41-d309-4d1d-a321-129a77bf1602@group-6D4C5FD51127, cid=1342, SUCCESS, logIndex=1936, commits[6571ba41-d309-4d1d-a321-129a77bf1602:c1936, 75e8c5ea-f06a-43e1-af6e-1f7f9b0b2cc1:c1934, 1d8d2908-dfb4-4358-9c6e-64b435d6fccc:c1934]
2019-07-03 07:08:07,268 INFO  client.GrpcClientProtocolClient (GrpcClientProtocolClient.java:onNext(254)) - client-253D2503C21A->6571ba41-d309-4d1d-a321-129a77bf1602: receive RaftClientReply:client-253D2503C21A->6571ba41-d309-4d1d-a321-129a77bf1602@group-6D4C5FD51127, cid=1343, SUCCESS, logIndex=0, commits[6571ba41-d309-4d1d-a321-129a77bf1602:c1937, 75e8c5ea-f06a-43e1-af6e-1f7f9b0b2cc1:c1936, 1d8d2908-dfb4-4358-9c6e-64b435d6fccc:c1936]
2019-07-03 07:08:07,306 INFO  client.GrpcClientProtocolClient (GrpcClientProtocolClient.java:onNext(254)) - client-253D2503C21A->6571ba41-d309-4d1d-a321-129a77bf1602: receive RaftClientReply:client-253D2503C21A->6571ba41-d309-4d1d-a321-129a77bf1602@group-6D4C5FD51127, cid=1344, SUCCESS, logIndex=1938, commits[6571ba41-d309-4d1d-a321-129a77bf1602:c1938, 75e8c5ea-f06a-43e1-af6e-1f7f9b0b2cc1:c1937, 1d8d2908-dfb4-4358-9c6e-64b435d6fccc:c1937]
2019-07-03 07:08:07,320 INFO  client.GrpcClientProtocolClient (GrpcClientProtocolClient.java:onNext(254)) - client-253D2503C21A->6571ba41-d309-4d1d-a321-129a77bf1602: receive RaftClientReply:client-253D2503C21A->6571ba41-d309-4d1d-a321-129a77bf1602@group-6D4C5FD51127, cid=1345, SUCCESS, logIndex=1940, commits[6571ba41-d309-4d1d-a321-129a77bf1602:c1941, 75e8c5ea-f06a-43e1-af6e-1f7f9b0b2cc1:c1938, 1d8d2908-dfb4-4358-9c6e-64b435d6fccc:c1938]
2019-07-03 07:08:07,321 INFO  client.GrpcClientProtocolClient (GrpcClientProtocolClient.java:onNext(254)) - client-253D2503C21A->6571ba41-d309-4d1d-a321-129a77bf1602: receive RaftClientReply:client-253D2503C21A->6571ba41-d309-4d1d-a321-129a77bf1602@group-6D4C5FD51127, cid=1346, SUCCESS, logIndex=1941, commits[6571ba41-d309-4d1d-a321-129a77bf1602:c1941, 75e8c5ea-f06a-43e1-af6e-1f7f9b0b2cc1:c1938, 1d8d2908-dfb4-4358-9c6e-64b435d6fccc:c1938]
2019-07-03 07:08:07,331 INFO  client.GrpcClientProtocolClient (GrpcClientProtocolClient.java:onNext(254)) - client-253D2503C21A->6571ba41-d309-4d1d-a321-129a77bf1602: receive RaftClientReply:client-253D2503C21A->6571ba41-d309-4d1d-a321-129a77bf1602@group-6D4C5FD51127, cid=1347, SUCCESS, logIndex=1942, commits[6571ba41-d309-4d1d-a321-129a77bf1602:c1943, 75e8c5ea-f06a-43e1-af6e-1f7f9b0b2cc1:c1938, 1d8d2908-dfb4-4358-9c6e-64b435d6fccc:c1940]
2019-07-03 07:08:07,333 INFO  client.GrpcClientProtocolClient (GrpcClientProtocolClient.java:onNext(254)) - client-253D2503C21A->6571ba41-d309-4d1d-a321-129a77bf1602: receive RaftClientReply:client-253D2503C21A->6571ba41-d309-4d1d-a321-129a77bf1602@group-6D4C5FD51127, cid=1348, SUCCESS, logIndex=0, commits[6571ba41-d309-4d1d-a321-129a77bf1602:c1944, 75e8c5ea-f06a-43e1-af6e-1f7f9b0b2cc1:c1941, 1d8d2908-dfb4-4358-9c6e-64b435d6fccc:c1941]
2019-07-03 07:08:07,355 INFO  client.GrpcClientProtocolClient (GrpcClientProtocolClient.java:onNext(254)) - client-253D2503C21A->6571ba41-d309-4d1d-a321-129a77bf1602: receive RaftClientReply:client-253D2503C21A->6571ba41-d309-4d1d-a321-129a77bf1602@group-6D4C5FD51127, cid=1349, SUCCESS, logIndex=1946, commits[6571ba41-d309-4d1d-a321-129a77bf1602:c1946, 75e8c5ea-f06a-43e1-af6e-1f7f9b0b2cc1:c1945, 1d8d2908-dfb4-4358-9c6e-64b435d6fccc:c1945]
2019-07-03 07:08:07,374 INFO  client.GrpcClientProtocolClient (GrpcClientProtocolClient.java:onNext(254)) - client-253D2503C21A->6571ba41-d309-4d1d-a321-129a77bf1602: receive RaftClientReply:client-253D2503C21A->6571ba41-d309-4d1d-a321-129a77bf1602@group-6D4C5FD51127, cid=1350, SUCCESS, logIndex=1948, commits[6571ba41-d309-4d1d-a321-129a77bf1602:c1948, 75e8c5ea-f06a-43e1-af6e-1f7f9b0b2cc1:c1946, 1d8d2908-dfb4-4358-9c6e-64b435d6fccc:c1946]
2019-07-03 07:08:07,391 INFO  client.GrpcClientProtocolClient (GrpcClientProtocolClient.java:onNext(254)) - client-253D2503C21A->6571ba41-d309-4d1d-a321-129a77bf1602: receive RaftClientReply:client-253D2503C21A->6571ba41-d309-4d1d-a321-129a77bf1602@group-6D4C5FD51127, cid=1351, SUCCESS, logIndex=1950, commits[6571ba41-d309-4d1d-a321-129a77bf1602:c1950, 75e8c5ea-f06a-43e1-af6e-1f7f9b0b2cc1:c1948, 1d8d2908-dfb4-4358-9c6e-64b435d6fccc:c1948]
2019-07-03 07:08:07,404 INFO  client.GrpcClientProtocolClient (GrpcClientProtocolClient.java:onNext(254)) - client-253D2503C21A->6571ba41-d309-4d1d-a321-129a77bf1602: receive RaftClientReply:client-253D2503C21A->6571ba41-d309-4d1d-a321-129a77bf1602@group-6D4C5FD51127, cid=1352, SUCCESS, logIndex=1952, commits[6571ba41-d309-4d1d-a321-129a77bf1602:c1952, 75e8c5ea-f06a-43e1-af6e-1f7f9b0b2cc1:c1950, 1d8d2908-dfb4-4358-9c6e-64b435d6fccc:c1950]
2019-07-03 07:08:07,416 INFO  client.GrpcClientProtocolClient (GrpcClientProtocolClient.java:onNext(254)) - client-253D2503C21A->6571ba41-d309-4d1d-a321-129a77bf1602: receive RaftClientReply:client-253D2503C21A->6571ba41-d309-4d1d-a321-129a77bf1602@group-6D4C5FD51127, cid=1353, SUCCESS, logIndex=0, commits[6571ba41-d309-4d1d-a321-129a77bf1602:c1953, 75e8c5ea-f06a-43e1-af6e-1f7f9b0b2cc1:c1952, 1d8d2908-dfb4-4358-9c6e-64b435d6fccc:c1952]
2019-07-03 07:08:07,446 INFO  client.GrpcClientProtocolClient (GrpcClientProtocolClient.java:onNext(254)) - client-253D2503C21A->6571ba41-d309-4d1d-a321-129a77bf1602: receive RaftClientReply:client-253D2503C21A->6571ba41-d309-4d1d-a321-129a77bf1602@group-6D4C5FD51127, cid=1354, SUCCESS, logIndex=1954, commits[6571ba41-d309-4d1d-a321-129a77bf1602:c1954, 75e8c5ea-f06a-43e1-af6e-1f7f9b0b2cc1:c1953, 1d8d2908-dfb4-4358-9c6e-64b435d6fccc:c1953]
2019-07-03 07:08:07,459 INFO  client.GrpcClientProtocolClient (GrpcClientProtocolClient.java:onNext(254)) - client-253D2503C21A->6571ba41-d309-4d1d-a321-129a77bf1602: receive RaftClientReply:client-253D2503C21A->6571ba41-d309-4d1d-a321-129a77bf1602@group-6D4C5FD51127, cid=1355, SUCCESS, logIndex=1956, commits[6571ba41-d309-4d1d-a321-129a77bf1602:c1957, 75e8c5ea-f06a-43e1-af6e-1f7f9b0b2cc1:c1954, 1d8d2908-dfb4-4358-9c6e-64b435d6fccc:c1954]
2019-07-03 07:08:07,460 INFO  client.GrpcClientProtocolClient (GrpcClientProtocolClient.java:onNext(254)) - client-253D2503C21A->6571ba41-d309-4d1d-a321-129a77bf1602: receive RaftClientReply:client-253D2503C21A->6571ba41-d309-4d1d-a321-129a77bf1602@group-6D4C5FD51127, cid=1356, SUCCESS, logIndex=1957, commits[6571ba41-d309-4d1d-a321-129a77bf1602:c1957, 75e8c5ea-f06a-43e1-af6e-1f7f9b0b2cc1:c1954, 1d8d2908-dfb4-4358-9c6e-64b435d6fccc:c1954]
2019-07-03 07:08:07,470 INFO  client.GrpcClientProtocolClient (GrpcClientProtocolClient.java:onNext(254)) - client-253D2503C21A->6571ba41-d309-4d1d-a321-129a77bf1602: receive RaftClientReply:client-253D2503C21A->6571ba41-d309-4d1d-a321-129a77bf1602@group-6D4C5FD51127, cid=1357, SUCCESS, logIndex=1958, commits[6571ba41-d309-4d1d-a321-129a77bf1602:c1959, 75e8c5ea-f06a-43e1-af6e-1f7f9b0b2cc1:c1954, 1d8d2908-dfb4-4358-9c6e-64b435d6fccc:c1956]
2019-07-03 07:08:07,472 INFO  client.GrpcClientProtocolClient (GrpcClientProtocolClient.java:onNext(254)) - client-253D2503C21A->6571ba41-d309-4d1d-a321-129a77bf1602: receive RaftClientReply:client-253D2503C21A->6571ba41-d309-4d1d-a321-129a77bf1602@group-6D4C5FD51127, cid=1358, SUCCESS, logIndex=0, commits[6571ba41-d309-4d1d-a321-129a77bf1602:c1960, 75e8c5ea-f06a-43e1-af6e-1f7f9b0b2cc1:c1957, 1d8d2908-dfb4-4358-9c6e-64b435d6fccc:c1957]
2019-07-03 07:08:07,493 INFO  client.GrpcClientProtocolClient (GrpcClientProtocolClient.java:onNext(254)) - client-253D2503C21A->6571ba41-d309-4d1d-a321-129a77bf1602: receive RaftClientReply:client-253D2503C21A->6571ba41-d309-4d1d-a321-129a77bf1602@group-6D4C5FD51127, cid=1359, SUCCESS, logIndex=1962, commits[6571ba41-d309-4d1d-a321-129a77bf1602:c1962, 75e8c5ea-f06a-43e1-af6e-1f7f9b0b2cc1:c1961, 1d8d2908-dfb4-4358-9c6e-64b435d6fccc:c1961]
2019-07-03 07:08:07,506 INFO  client.GrpcClientProtocolClient (GrpcClientProtocolClient.java:onNext(254)) - client-253D2503C21A->6571ba41-d309-4d1d-a321-129a77bf1602: receive RaftClientReply:client-253D2503C21A->6571ba41-d309-4d1d-a321-129a77bf1602@group-6D4C5FD51127, cid=1360, SUCCESS, logIndex=1964, commits[6571ba41-d309-4d1d-a321-129a77bf1602:c1964, 75e8c5ea-f06a-43e1-af6e-1f7f9b0b2cc1:c1962, 1d8d2908-dfb4-4358-9c6e-64b435d6fccc:c1962]
2019-07-03 07:08:07,635 INFO  client.GrpcClientProtocolClient (GrpcClientProtocolClient.java:onNext(254)) - client-253D2503C21A->6571ba41-d309-4d1d-a321-129a77bf1602: receive RaftClientReply:client-253D2503C21A->6571ba41-d309-4d1d-a321-129a77bf1602@group-6D4C5FD51127, cid=1361, SUCCESS, logIndex=1966, commits[6571ba41-d309-4d1d-a321-129a77bf1602:c1966, 75e8c5ea-f06a-43e1-af6e-1f7f9b0b2cc1:c1964, 1d8d2908-dfb4-4358-9c6e-64b435d6fccc:c1964]
2019-07-03 07:08:07,649 INFO  client.GrpcClientProtocolClient (GrpcClientProtocolClient.java:onNext(254)) - client-253D2503C21A->6571ba41-d309-4d1d-a321-129a77bf1602: receive RaftClientReply:client-253D2503C21A->6571ba41-d309-4d1d-a321-129a77bf1602@group-6D4C5FD51127, cid=1362, SUCCESS, logIndex=1968, commits[6571ba41-d309-4d1d-a321-129a77bf1602:c1968, 75e8c5ea-f06a-43e1-af6e-1f7f9b0b2cc1:c1966, 1d8d2908-dfb4-4358-9c6e-64b435d6fccc:c1966]
2019-07-03 07:08:07,660 INFO  client.GrpcClientProtocolClient (GrpcClientProtocolClient.java:onNext(254)) - client-253D2503C21A->6571ba41-d309-4d1d-a321-129a77bf1602: receive RaftClientReply:client-253D2503C21A->6571ba41-d309-4d1d-a321-129a77bf1602@group-6D4C5FD51127, cid=1363, SUCCESS, logIndex=0, commits[6571ba41-d309-4d1d-a321-129a77bf1602:c1969, 75e8c5ea-f06a-43e1-af6e-1f7f9b0b2cc1:c1968, 1d8d2908-dfb4-4358-9c6e-64b435d6fccc:c1968]
2019-07-03 07:08:07,695 INFO  client.GrpcClientProtocolClient (GrpcClientProtocolClient.java:onNext(254)) - client-253D2503C21A->6571ba41-d309-4d1d-a321-129a77bf1602: receive RaftClientReply:client-253D2503C21A->6571ba41-d309-4d1d-a321-129a77bf1602@group-6D4C5FD51127, cid=1364, SUCCESS, logIndex=1970, commits[6571ba41-d309-4d1d-a321-129a77bf1602:c1970, 75e8c5ea-f06a-43e1-af6e-1f7f9b0b2cc1:c1969, 1d8d2908-dfb4-4358-9c6e-64b435d6fccc:c1969]
 0.00% |█                                                                                                    |  0/1 Time: 0:00:152019-07-03 07:08:07,708 INFO  client.GrpcClientProtocolClient (GrpcClientProtocolClient.java:onNext(254)) - client-253D2503C21A->6571ba41-d309-4d1d-a321-129a77bf1602: receive RaftClientReply:client-253D2503C21A->6571ba41-d309-4d1d-a321-129a77bf1602@group-6D4C5FD51127, cid=1365, SUCCESS, logIndex=1972, commits[6571ba41-d309-4d1d-a321-129a77bf1602:c1972, 75e8c5ea-f06a-43e1-af6e-1f7f9b0b2cc1:c1970, 1d8d2908-dfb4-4358-9c6e-64b435d6fccc:c1970]
2019-07-03 07:08:07,708 INFO  client.GrpcClientProtocolClient (GrpcClientProtocolClient.java:onNext(254)) - client-253D2503C21A->6571ba41-d309-4d1d-a321-129a77bf1602: receive RaftClientReply:client-253D2503C21A->6571ba41-d309-4d1d-a321-129a77bf1602@group-6D4C5FD51127, cid=1366, SUCCESS, logIndex=1973, commits[6571ba41-d309-4d1d-a321-129a77bf1602:c1973, 75e8c5ea-f06a-43e1-af6e-1f7f9b0b2cc1:c1970, 1d8d2908-dfb4-4358-9c6e-64b435d6fccc:c1970]
2019-07-03 07:08:07,719 INFO  client.GrpcClientProtocolClient (GrpcClientProtocolClient.java:onNext(254)) - client-253D2503C21A->6571ba41-d309-4d1d-a321-129a77bf1602: receive RaftClientReply:client-253D2503C21A->6571ba41-d309-4d1d-a321-129a77bf1602@group-6D4C5FD51127, cid=1367, SUCCESS, logIndex=1974, commits[6571ba41-d309-4d1d-a321-129a77bf1602:c1975, 75e8c5ea-f06a-43e1-af6e-1f7f9b0b2cc1:c1972, 1d8d2908-dfb4-4358-9c6e-64b435d6fccc:c1972]
2019-07-03 07:08:07,741 INFO  client.GrpcClientProtocolClient (GrpcClientProtocolClient.java:onNext(254)) - client-253D2503C21A->6571ba41-d309-4d1d-a321-129a77bf1602: receive RaftClientReply:client-253D2503C21A->6571ba41-d309-4d1d-a321-129a77bf1602@group-6D4C5FD51127, cid=1368, SUCCESS, logIndex=1978, commits[6571ba41-d309-4d1d-a321-129a77bf1602:c1978, 75e8c5ea-f06a-43e1-af6e-1f7f9b0b2cc1:c1977, 1d8d2908-dfb4-4358-9c6e-64b435d6fccc:c1977]
2019-07-03 07:08:07,755 INFO  client.GrpcClientProtocolClient (GrpcClientProtocolClient.java:onNext(254)) - client-253D2503C21A->6571ba41-d309-4d1d-a321-129a77bf1602: receive RaftClientReply:client-253D2503C21A->6571ba41-d309-4d1d-a321-129a77bf1602@group-6D4C5FD51127, cid=1369, SUCCESS, logIndex=1980, commits[6571ba41-d309-4d1d-a321-129a77bf1602:c1980, 75e8c5ea-f06a-43e1-af6e-1f7f9b0b2cc1:c1978, 1d8d2908-dfb4-4358-9c6e-64b435d6fccc:c1978]
2019-07-03 07:08:07,779 INFO  client.GrpcClientProtocolClient (GrpcClientProtocolClient.java:onNext(254)) - client-253D2503C21A->6571ba41-d309-4d1d-a321-129a77bf1602: receive RaftClientReply:client-253D2503C21A->6571ba41-d309-4d1d-a321-129a77bf1602@group-6D4C5FD51127, cid=1370, SUCCESS, logIndex=1982, commits[6571ba41-d309-4d1d-a321-129a77bf1602:c1982, 75e8c5ea-f06a-43e1-af6e-1f7f9b0b2cc1:c1980, 1d8d2908-dfb4-4358-9c6e-64b435d6fccc:c1980]
2019-07-03 07:08:07,779 INFO  storage.RaftLogWorker (RaftLogWorker.java:rollLogSegment(303)) - 6571ba41-d309-4d1d-a321-129a77bf1602-RaftLogWorker: Rolling segment log-1904_1983 to index:1983
2019-07-03 07:08:07,780 INFO  storage.RaftLogWorker (RaftLogWorker.java:rollLogSegment(303)) - 75e8c5ea-f06a-43e1-af6e-1f7f9b0b2cc1-RaftLogWorker: Rolling segment log-1904_1983 to index:1983
2019-07-03 07:08:07,780 INFO  storage.RaftLogWorker (RaftLogWorker.java:rollLogSegment(303)) - 1d8d2908-dfb4-4358-9c6e-64b435d6fccc-RaftLogWorker: Rolling segment log-1904_1983 to index:1983
2019-07-03 07:08:07,780 INFO  storage.RaftLogWorker (RaftLogWorker.java:execute(433)) - 75e8c5ea-f06a-43e1-af6e-1f7f9b0b2cc1-RaftLogWorker: Rolled log segment from /opt/src/hadoop-ozone/tools/target/test-dir/MiniOzoneClusterImpl-0519545d-318d-4c21-a2a0-688f18f8a31d/datanode-1/data/ratis/23ffc2a4-5526-4092-9dc4-6d4c5fd51127/current/log_inprogress_1904 to /opt/src/hadoop-ozone/tools/target/test-dir/MiniOzoneClusterImpl-0519545d-318d-4c21-a2a0-688f18f8a31d/datanode-1/data/ratis/23ffc2a4-5526-4092-9dc4-6d4c5fd51127/current/log_1904-1983
2019-07-03 07:08:07,780 INFO  storage.RaftLogWorker (RaftLogWorker.java:execute(433)) - 6571ba41-d309-4d1d-a321-129a77bf1602-RaftLogWorker: Rolled log segment from /opt/src/hadoop-ozone/tools/target/test-dir/MiniOzoneClusterImpl-0519545d-318d-4c21-a2a0-688f18f8a31d/datanode-4/data/ratis/23ffc2a4-5526-4092-9dc4-6d4c5fd51127/current/log_inprogress_1904 to /opt/src/hadoop-ozone/tools/target/test-dir/MiniOzoneClusterImpl-0519545d-318d-4c21-a2a0-688f18f8a31d/datanode-4/data/ratis/23ffc2a4-5526-4092-9dc4-6d4c5fd51127/current/log_1904-1983
2019-07-03 07:08:07,781 INFO  storage.RaftLogWorker (RaftLogWorker.java:execute(433)) - 1d8d2908-dfb4-4358-9c6e-64b435d6fccc-RaftLogWorker: Rolled log segment from /opt/src/hadoop-ozone/tools/target/test-dir/MiniOzoneClusterImpl-0519545d-318d-4c21-a2a0-688f18f8a31d/datanode-2/data/ratis/23ffc2a4-5526-4092-9dc4-6d4c5fd51127/current/log_inprogress_1904 to /opt/src/hadoop-ozone/tools/target/test-dir/MiniOzoneClusterImpl-0519545d-318d-4c21-a2a0-688f18f8a31d/datanode-2/data/ratis/23ffc2a4-5526-4092-9dc4-6d4c5fd51127/current/log_1904-1983
2019-07-03 07:08:07,823 INFO  storage.RaftLogWorker (RaftLogWorker.java:execute(469)) - 6571ba41-d309-4d1d-a321-129a77bf1602-RaftLogWorker: created new log segment /opt/src/hadoop-ozone/tools/target/test-dir/MiniOzoneClusterImpl-0519545d-318d-4c21-a2a0-688f18f8a31d/datanode-4/data/ratis/23ffc2a4-5526-4092-9dc4-6d4c5fd51127/current/log_inprogress_1984
2019-07-03 07:08:07,823 INFO  storage.RaftLogWorker (RaftLogWorker.java:execute(469)) - 75e8c5ea-f06a-43e1-af6e-1f7f9b0b2cc1-RaftLogWorker: created new log segment /opt/src/hadoop-ozone/tools/target/test-dir/MiniOzoneClusterImpl-0519545d-318d-4c21-a2a0-688f18f8a31d/datanode-1/data/ratis/23ffc2a4-5526-4092-9dc4-6d4c5fd51127/current/log_inprogress_1984
2019-07-03 07:08:07,823 INFO  storage.RaftLogWorker (RaftLogWorker.java:execute(469)) - 1d8d2908-dfb4-4358-9c6e-64b435d6fccc-RaftLogWorker: created new log segment /opt/src/hadoop-ozone/tools/target/test-dir/MiniOzoneClusterImpl-0519545d-318d-4c21-a2a0-688f18f8a31d/datanode-2/data/ratis/23ffc2a4-5526-4092-9dc4-6d4c5fd51127/current/log_inprogress_1984
2019-07-03 07:08:07,842 INFO  client.GrpcClientProtocolClient (GrpcClientProtocolClient.java:onNext(254)) - client-253D2503C21A->6571ba41-d309-4d1d-a321-129a77bf1602: receive RaftClientReply:client-253D2503C21A->6571ba41-d309-4d1d-a321-129a77bf1602@group-6D4C5FD51127, cid=1371, SUCCESS, logIndex=1984, commits[6571ba41-d309-4d1d-a321-129a77bf1602:c1984, 75e8c5ea-f06a-43e1-af6e-1f7f9b0b2cc1:c1982, 1d8d2908-dfb4-4358-9c6e-64b435d6fccc:c1982]
2019-07-03 07:08:07,845 INFO  client.GrpcClientProtocolClient (GrpcClientProtocolClient.java:onNext(254)) - client-253D2503C21A->6571ba41-d309-4d1d-a321-129a77bf1602: receive RaftClientReply:client-253D2503C21A->6571ba41-d309-4d1d-a321-129a77bf1602@group-6D4C5FD51127, cid=1372, SUCCESS, logIndex=0, commits[6571ba41-d309-4d1d-a321-129a77bf1602:c1985, 75e8c5ea-f06a-43e1-af6e-1f7f9b0b2cc1:c1984, 1d8d2908-dfb4-4358-9c6e-64b435d6fccc:c1984]
2019-07-03 07:08:07,885 INFO  client.GrpcClientProtocolClient (GrpcClientProtocolClient.java:onNext(254)) - client-253D2503C21A->6571ba41-d309-4d1d-a321-129a77bf1602: receive RaftClientReply:client-253D2503C21A->6571ba41-d309-4d1d-a321-129a77bf1602@group-6D4C5FD51127, cid=1373, SUCCESS, logIndex=1986, commits[6571ba41-d309-4d1d-a321-129a77bf1602:c1986, 75e8c5ea-f06a-43e1-af6e-1f7f9b0b2cc1:c1985, 1d8d2908-dfb4-4358-9c6e-64b435d6fccc:c1985]
2019-07-03 07:08:07,898 INFO  client.GrpcClientProtocolClient (GrpcClientProtocolClient.java:onNext(254)) - client-253D2503C21A->6571ba41-d309-4d1d-a321-129a77bf1602: receive RaftClientReply:client-253D2503C21A->6571ba41-d309-4d1d-a321-129a77bf1602@group-6D4C5FD51127, cid=1374, SUCCESS, logIndex=1988, commits[6571ba41-d309-4d1d-a321-129a77bf1602:c1989, 75e8c5ea-f06a-43e1-af6e-1f7f9b0b2cc1:c1986, 1d8d2908-dfb4-4358-9c6e-64b435d6fccc:c1986]
2019-07-03 07:08:07,899 INFO  client.GrpcClientProtocolClient (GrpcClientProtocolClient.java:onNext(254)) - client-253D2503C21A->6571ba41-d309-4d1d-a321-129a77bf1602: receive RaftClientReply:client-253D2503C21A->6571ba41-d309-4d1d-a321-129a77bf1602@group-6D4C5FD51127, cid=1375, SUCCESS, logIndex=1989, commits[6571ba41-d309-4d1d-a321-129a77bf1602:c1990, 75e8c5ea-f06a-43e1-af6e-1f7f9b0b2cc1:c1986, 1d8d2908-dfb4-4358-9c6e-64b435d6fccc:c1986]
2019-07-03 07:08:07,900 INFO  client.GrpcClientProtocolClient (GrpcClientProtocolClient.java:onNext(254)) - client-253D2503C21A->6571ba41-d309-4d1d-a321-129a77bf1602: receive RaftClientReply:client-253D2503C21A->6571ba41-d309-4d1d-a321-129a77bf1602@group-6D4C5FD51127, cid=1376, SUCCESS, logIndex=1990, commits[6571ba41-d309-4d1d-a321-129a77bf1602:c1991, 75e8c5ea-f06a-43e1-af6e-1f7f9b0b2cc1:c1989, 1d8d2908-dfb4-4358-9c6e-64b435d6fccc:c1986]
2019-07-03 07:08:07,901 INFO  client.GrpcClientProtocolClient (GrpcClientProtocolClient.java:onNext(254)) - client-253D2503C21A->6571ba41-d309-4d1d-a321-129a77bf1602: receive RaftClientReply:client-253D2503C21A->6571ba41-d309-4d1d-a321-129a77bf1602@group-6D4C5FD51127, cid=1377, SUCCESS, logIndex=0, commits[6571ba41-d309-4d1d-a321-129a77bf1602:c1993, 75e8c5ea-f06a-43e1-af6e-1f7f9b0b2cc1:c1990, 1d8d2908-dfb4-4358-9c6e-64b435d6fccc:c1990]
2019-07-03 07:08:07,918 INFO  client.GrpcClientProtocolClient (GrpcClientProtocolClient.java:onNext(254)) - client-253D2503C21A->6571ba41-d309-4d1d-a321-129a77bf1602: receive RaftClientReply:client-253D2503C21A->6571ba41-d309-4d1d-a321-129a77bf1602@group-6D4C5FD51127, cid=1378, SUCCESS, logIndex=1994, commits[6571ba41-d309-4d1d-a321-129a77bf1602:c1994, 75e8c5ea-f06a-43e1-af6e-1f7f9b0b2cc1:c1993, 1d8d2908-dfb4-4358-9c6e-64b435d6fccc:c1993]
2019-07-03 07:08:07,932 INFO  client.GrpcClientProtocolClient (GrpcClientProtocolClient.java:onNext(254)) - client-253D2503C21A->6571ba41-d309-4d1d-a321-129a77bf1602: receive RaftClientReply:client-253D2503C21A->6571ba41-d309-4d1d-a321-129a77bf1602@group-6D4C5FD51127, cid=1379, SUCCESS, logIndex=1996, commits[6571ba41-d309-4d1d-a321-129a77bf1602:c1996, 75e8c5ea-f06a-43e1-af6e-1f7f9b0b2cc1:c1994, 1d8d2908-dfb4-4358-9c6e-64b435d6fccc:c1994]
2019-07-03 07:08:07,945 INFO  client.GrpcClientProtocolClient (GrpcClientProtocolClient.java:onNext(254)) - client-253D2503C21A->6571ba41-d309-4d1d-a321-129a77bf1602: receive RaftClientReply:client-253D2503C21A->6571ba41-d309-4d1d-a321-129a77bf1602@group-6D4C5FD51127, cid=1380, SUCCESS, logIndex=1998, commits[6571ba41-d309-4d1d-a321-129a77bf1602:c1998, 75e8c5ea-f06a-43e1-af6e-1f7f9b0b2cc1:c1996, 1d8d2908-dfb4-4358-9c6e-64b435d6fccc:c1996]
2019-07-03 07:08:07,957 INFO  client.GrpcClientProtocolClient (GrpcClientProtocolClient.java:onNext(254)) - client-253D2503C21A->6571ba41-d309-4d1d-a321-129a77bf1602: receive RaftClientReply:client-253D2503C21A->6571ba41-d309-4d1d-a321-129a77bf1602@group-6D4C5FD51127, cid=1381, SUCCESS, logIndex=2000, commits[6571ba41-d309-4d1d-a321-129a77bf1602:c2000, 75e8c5ea-f06a-43e1-af6e-1f7f9b0b2cc1:c1998, 1d8d2908-dfb4-4358-9c6e-64b435d6fccc:c1998]
2019-07-03 07:08:07,959 INFO  client.GrpcClientProtocolClient (GrpcClientProtocolClient.java:onNext(254)) - client-253D2503C21A->6571ba41-d309-4d1d-a321-129a77bf1602: receive RaftClientReply:client-253D2503C21A->6571ba41-d309-4d1d-a321-129a77bf1602@group-6D4C5FD51127, cid=1382, SUCCESS, logIndex=0, commits[6571ba41-d309-4d1d-a321-129a77bf1602:c2001, 75e8c5ea-f06a-43e1-af6e-1f7f9b0b2cc1:c2000, 1d8d2908-dfb4-4358-9c6e-64b435d6fccc:c2000]
2019-07-03 07:08:07,988 INFO  client.GrpcClientProtocolClient (GrpcClientProtocolClient.java:onNext(254)) - client-253D2503C21A->6571ba41-d309-4d1d-a321-129a77bf1602: receive RaftClientReply:client-253D2503C21A->6571ba41-d309-4d1d-a321-129a77bf1602@group-6D4C5FD51127, cid=1383, SUCCESS, logIndex=2002, commits[6571ba41-d309-4d1d-a321-129a77bf1602:c2002, 75e8c5ea-f06a-43e1-af6e-1f7f9b0b2cc1:c2001, 1d8d2908-dfb4-4358-9c6e-64b435d6fccc:c2001]
2019-07-03 07:08:08,001 INFO  client.GrpcClientProtocolClient (GrpcClientProtocolClient.java:onNext(254)) - client-253D2503C21A->6571ba41-d309-4d1d-a321-129a77bf1602: receive RaftClientReply:client-253D2503C21A->6571ba41-d309-4d1d-a321-129a77bf1602@group-6D4C5FD51127, cid=1384, SUCCESS, logIndex=2004, commits[6571ba41-d309-4d1d-a321-129a77bf1602:c2004, 75e8c5ea-f06a-43e1-af6e-1f7f9b0b2cc1:c2002, 1d8d2908-dfb4-4358-9c6e-64b435d6fccc:c2002]
2019-07-03 07:08:08,002 INFO  client.GrpcClientProtocolClient (GrpcClientProtocolClient.java:onNext(254)) - client-253D2503C21A->6571ba41-d309-4d1d-a321-129a77bf1602: receive RaftClientReply:client-253D2503C21A->6571ba41-d309-4d1d-a321-129a77bf1602@group-6D4C5FD51127, cid=1385, SUCCESS, logIndex=2005, commits[6571ba41-d309-4d1d-a321-129a77bf1602:c2006, 75e8c5ea-f06a-43e1-af6e-1f7f9b0b2cc1:c2002, 1d8d2908-dfb4-4358-9c6e-64b435d6fccc:c2002]
2019-07-03 07:08:08,002 INFO  client.GrpcClientProtocolClient (GrpcClientProtocolClient.java:onNext(254)) - client-253D2503C21A->6571ba41-d309-4d1d-a321-129a77bf1602: receive RaftClientReply:client-253D2503C21A->6571ba41-d309-4d1d-a321-129a77bf1602@group-6D4C5FD51127, cid=1386, SUCCESS, logIndex=2006, commits[6571ba41-d309-4d1d-a321-129a77bf1602:c2006, 75e8c5ea-f06a-43e1-af6e-1f7f9b0b2cc1:c2002, 1d8d2908-dfb4-4358-9c6e-64b435d6fccc:c2002]
2019-07-03 07:08:08,003 INFO  client.GrpcClientProtocolClient (GrpcClientProtocolClient.java:onNext(254)) - client-253D2503C21A->6571ba41-d309-4d1d-a321-129a77bf1602: receive RaftClientReply:client-253D2503C21A->6571ba41-d309-4d1d-a321-129a77bf1602@group-6D4C5FD51127, cid=1387, SUCCESS, logIndex=0, commits[6571ba41-d309-4d1d-a321-129a77bf1602:c2008, 75e8c5ea-f06a-43e1-af6e-1f7f9b0b2cc1:c2005, 1d8d2908-dfb4-4358-9c6e-64b435d6fccc:c2005]
2019-07-03 07:08:08,024 INFO  client.GrpcClientProtocolClient (GrpcClientProtocolClient.java:onNext(254)) - client-253D2503C21A->6571ba41-d309-4d1d-a321-129a77bf1602: receive RaftClientReply:client-253D2503C21A->6571ba41-d309-4d1d-a321-129a77bf1602@group-6D4C5FD51127, cid=1388, SUCCESS, logIndex=2010, commits[6571ba41-d309-4d1d-a321-129a77bf1602:c2010, 75e8c5ea-f06a-43e1-af6e-1f7f9b0b2cc1:c2009, 1d8d2908-dfb4-4358-9c6e-64b435d6fccc:c2009]
2019-07-03 07:08:08,038 INFO  client.GrpcClientProtocolClient (GrpcClientProtocolClient.java:onNext(254)) - client-253D2503C21A->6571ba41-d309-4d1d-a321-129a77bf1602: receive RaftClientReply:client-253D2503C21A->6571ba41-d309-4d1d-a321-129a77bf1602@group-6D4C5FD51127, cid=1389, SUCCESS, logIndex=2012, commits[6571ba41-d309-4d1d-a321-129a77bf1602:c2012, 75e8c5ea-f06a-43e1-af6e-1f7f9b0b2cc1:c2010, 1d8d2908-dfb4-4358-9c6e-64b435d6fccc:c2010]
2019-07-03 07:08:08,051 INFO  client.GrpcClientProtocolClient (GrpcClientProtocolClient.java:onNext(254)) - client-253D2503C21A->6571ba41-d309-4d1d-a321-129a77bf1602: receive RaftClientReply:client-253D2503C21A->6571ba41-d309-4d1d-a321-129a77bf1602@group-6D4C5FD51127, cid=1390, SUCCESS, logIndex=2014, commits[6571ba41-d309-4d1d-a321-129a77bf1602:c2014, 75e8c5ea-f06a-43e1-af6e-1f7f9b0b2cc1:c2012, 1d8d2908-dfb4-4358-9c6e-64b435d6fccc:c2012]
2019-07-03 07:08:08,064 INFO  client.GrpcClientProtocolClient (GrpcClientProtocolClient.java:onNext(254)) - client-253D2503C21A->6571ba41-d309-4d1d-a321-129a77bf1602: receive RaftClientReply:client-253D2503C21A->6571ba41-d309-4d1d-a321-129a77bf1602@group-6D4C5FD51127, cid=1391, SUCCESS, logIndex=2016, commits[6571ba41-d309-4d1d-a321-129a77bf1602:c2016, 75e8c5ea-f06a-43e1-af6e-1f7f9b0b2cc1:c2014, 1d8d2908-dfb4-4358-9c6e-64b435d6fccc:c2014]
2019-07-03 07:08:08,075 INFO  client.GrpcClientProtocolClient (GrpcClientProtocolClient.java:onNext(254)) - client-253D2503C21A->6571ba41-d309-4d1d-a321-129a77bf1602: receive RaftClientReply:client-253D2503C21A->6571ba41-d309-4d1d-a321-129a77bf1602@group-6D4C5FD51127, cid=1392, SUCCESS, logIndex=0, commits[6571ba41-d309-4d1d-a321-129a77bf1602:c2017, 75e8c5ea-f06a-43e1-af6e-1f7f9b0b2cc1:c2016, 1d8d2908-dfb4-4358-9c6e-64b435d6fccc:c2016]
2019-07-03 07:08:08,101 INFO  client.GrpcClientProtocolClient (GrpcClientProtocolClient.java:onNext(254)) - client-253D2503C21A->6571ba41-d309-4d1d-a321-129a77bf1602: receive RaftClientReply:client-253D2503C21A->6571ba41-d309-4d1d-a321-129a77bf1602@group-6D4C5FD51127, cid=1393, SUCCESS, logIndex=2018, commits[6571ba41-d309-4d1d-a321-129a77bf1602:c2018, 75e8c5ea-f06a-43e1-af6e-1f7f9b0b2cc1:c2017, 1d8d2908-dfb4-4358-9c6e-64b435d6fccc:c2017]
2019-07-03 07:08:08,104 INFO  client.GrpcClientProtocolClient (GrpcClientProtocolClient.java:onNext(254)) - client-253D2503C21A->6571ba41-d309-4d1d-a321-129a77bf1602: receive RaftClientReply:client-253D2503C21A->6571ba41-d309-4d1d-a321-129a77bf1602@group-6D4C5FD51127, cid=1394, SUCCESS, logIndex=2020, commits[6571ba41-d309-4d1d-a321-129a77bf1602:c2020, 75e8c5ea-f06a-43e1-af6e-1f7f9b0b2cc1:c2018, 1d8d2908-dfb4-4358-9c6e-64b435d6fccc:c2018]
2019-07-03 07:08:08,106 INFO  client.GrpcClientProtocolClient (GrpcClientProtocolClient.java:onNext(254)) - client-253D2503C21A->6571ba41-d309-4d1d-a321-129a77bf1602: receive RaftClientReply:client-253D2503C21A->6571ba41-d309-4d1d-a321-129a77bf1602@group-6D4C5FD51127, cid=1395, SUCCESS, logIndex=2021, commits[6571ba41-d309-4d1d-a321-129a77bf1602:c2022, 75e8c5ea-f06a-43e1-af6e-1f7f9b0b2cc1:c2018, 1d8d2908-dfb4-4358-9c6e-64b435d6fccc:c2018]
2019-07-03 07:08:08,107 INFO  client.GrpcClientProtocolClient (GrpcClientProtocolClient.java:onNext(254)) - client-253D2503C21A->6571ba41-d309-4d1d-a321-129a77bf1602: receive RaftClientReply:client-253D2503C21A->6571ba41-d309-4d1d-a321-129a77bf1602@group-6D4C5FD51127, cid=1396, SUCCESS, logIndex=2022, commits[6571ba41-d309-4d1d-a321-129a77bf1602:c2022, 75e8c5ea-f06a-43e1-af6e-1f7f9b0b2cc1:c2018, 1d8d2908-dfb4-4358-9c6e-64b435d6fccc:c2018]
2019-07-03 07:08:08,108 INFO  client.GrpcClientProtocolClient (GrpcClientProtocolClient.java:onNext(254)) - client-253D2503C21A->6571ba41-d309-4d1d-a321-129a77bf1602: receive RaftClientReply:client-253D2503C21A->6571ba41-d309-4d1d-a321-129a77bf1602@group-6D4C5FD51127, cid=1397, SUCCESS, logIndex=0, commits[6571ba41-d309-4d1d-a321-129a77bf1602:c2024, 75e8c5ea-f06a-43e1-af6e-1f7f9b0b2cc1:c2022, 1d8d2908-dfb4-4358-9c6e-64b435d6fccc:c2020]
2019-07-03 07:08:08,118 INFO  client.GrpcClientProtocolClient (GrpcClientProtocolClient.java:onNext(254)) - client-253D2503C21A->6571ba41-d309-4d1d-a321-129a77bf1602: receive RaftClientReply:client-253D2503C21A->6571ba41-d309-4d1d-a321-129a77bf1602@group-6D4C5FD51127, cid=1398, SUCCESS, logIndex=2026, commits[6571ba41-d309-4d1d-a321-129a77bf1602:c2026, 75e8c5ea-f06a-43e1-af6e-1f7f9b0b2cc1:c2025, 1d8d2908-dfb4-4358-9c6e-64b435d6fccc:c2025]
2019-07-03 07:08:08,122 INFO  client.GrpcClientProtocolClient (GrpcClientProtocolClient.java:onNext(254)) - client-253D2503C21A->6571ba41-d309-4d1d-a321-129a77bf1602: receive RaftClientReply:client-253D2503C21A->6571ba41-d309-4d1d-a321-129a77bf1602@group-6D4C5FD51127, cid=1399, SUCCESS, logIndex=2028, commits[6571ba41-d309-4d1d-a321-129a77bf1602:c2028, 75e8c5ea-f06a-43e1-af6e-1f7f9b0b2cc1:c2026, 1d8d2908-dfb4-4358-9c6e-64b435d6fccc:c2026]
2019-07-03 07:08:08,143 INFO  client.GrpcClientProtocolClient (GrpcClientProtocolClient.java:onNext(254)) - client-253D2503C21A->6571ba41-d309-4d1d-a321-129a77bf1602: receive RaftClientReply:client-253D2503C21A->6571ba41-d309-4d1d-a321-129a77bf1602@group-6D4C5FD51127, cid=1400, SUCCESS, logIndex=2030, commits[6571ba41-d309-4d1d-a321-129a77bf1602:c2030, 75e8c5ea-f06a-43e1-af6e-1f7f9b0b2cc1:c2029, 1d8d2908-dfb4-4358-9c6e-64b435d6fccc:c2029]
2019-07-03 07:08:08,156 INFO  client.GrpcClientProtocolClient (GrpcClientProtocolClient.java:onNext(254)) - client-253D2503C21A->6571ba41-d309-4d1d-a321-129a77bf1602: receive RaftClientReply:client-253D2503C21A->6571ba41-d309-4d1d-a321-129a77bf1602@group-6D4C5FD51127, cid=1401, SUCCESS, logIndex=2032, commits[6571ba41-d309-4d1d-a321-129a77bf1602:c2032, 75e8c5ea-f06a-43e1-af6e-1f7f9b0b2cc1:c2030, 1d8d2908-dfb4-4358-9c6e-64b435d6fccc:c2030]
2019-07-03 07:08:08,158 INFO  client.GrpcClientProtocolClient (GrpcClientProtocolClient.java:onNext(254)) - client-253D2503C21A->6571ba41-d309-4d1d-a321-129a77bf1602: receive RaftClientReply:client-253D2503C21A->6571ba41-d309-4d1d-a321-129a77bf1602@group-6D4C5FD51127, cid=1402, SUCCESS, logIndex=0, commits[6571ba41-d309-4d1d-a321-129a77bf1602:c2033, 75e8c5ea-f06a-43e1-af6e-1f7f9b0b2cc1:c2032, 1d8d2908-dfb4-4358-9c6e-64b435d6fccc:c2032]
2019-07-03 07:08:08,185 INFO  client.GrpcClientProtocolClient (GrpcClientProtocolClient.java:onNext(254)) - client-253D2503C21A->6571ba41-d309-4d1d-a321-129a77bf1602: receive RaftClientReply:client-253D2503C21A->6571ba41-d309-4d1d-a321-129a77bf1602@group-6D4C5FD51127, cid=1403, SUCCESS, logIndex=2034, commits[6571ba41-d309-4d1d-a321-129a77bf1602:c2034, 75e8c5ea-f06a-43e1-af6e-1f7f9b0b2cc1:c2033, 1d8d2908-dfb4-4358-9c6e-64b435d6fccc:c2033]
2019-07-03 07:08:08,197 INFO  client.GrpcClientProtocolClient (GrpcClientProtocolClient.java:onNext(254)) - client-253D2503C21A->6571ba41-d309-4d1d-a321-129a77bf1602: receive RaftClientReply:client-253D2503C21A->6571ba41-d309-4d1d-a321-129a77bf1602@group-6D4C5FD51127, cid=1404, SUCCESS, logIndex=2036, commits[6571ba41-d309-4d1d-a321-129a77bf1602:c2037, 75e8c5ea-f06a-43e1-af6e-1f7f9b0b2cc1:c2034, 1d8d2908-dfb4-4358-9c6e-64b435d6fccc:c2034]
2019-07-03 07:08:08,198 INFO  client.GrpcClientProtocolClient (GrpcClientProtocolClient.java:onNext(254)) - client-253D2503C21A->6571ba41-d309-4d1d-a321-129a77bf1602: receive RaftClientReply:client-253D2503C21A->6571ba41-d309-4d1d-a321-129a77bf1602@group-6D4C5FD51127, cid=1405, SUCCESS, logIndex=2037, commits[6571ba41-d309-4d1d-a321-129a77bf1602:c2039, 75e8c5ea-f06a-43e1-af6e-1f7f9b0b2cc1:c2036, 1d8d2908-dfb4-4358-9c6e-64b435d6fccc:c2034]
2019-07-03 07:08:08,198 INFO  client.GrpcClientProtocolClient (GrpcClientProtocolClient.java:onNext(254)) - client-253D2503C21A->6571ba41-d309-4d1d-a321-129a77bf1602: receive RaftClientReply:client-253D2503C21A->6571ba41-d309-4d1d-a321-129a77bf1602@group-6D4C5FD51127, cid=1406, SUCCESS, logIndex=2038, commits[6571ba41-d309-4d1d-a321-129a77bf1602:c2039, 75e8c5ea-f06a-43e1-af6e-1f7f9b0b2cc1:c2036, 1d8d2908-dfb4-4358-9c6e-64b435d6fccc:c2034]
2019-07-03 07:08:08,199 INFO  client.GrpcClientProtocolClient (GrpcClientProtocolClient.java:onNext(254)) - client-253D2503C21A->6571ba41-d309-4d1d-a321-129a77bf1602: receive RaftClientReply:client-253D2503C21A->6571ba41-d309-4d1d-a321-129a77bf1602@group-6D4C5FD51127, cid=1407, SUCCESS, logIndex=0, commits[6571ba41-d309-4d1d-a321-129a77bf1602:c2040, 75e8c5ea-f06a-43e1-af6e-1f7f9b0b2cc1:c2037, 1d8d2908-dfb4-4358-9c6e-64b435d6fccc:c2038]
2019-07-03 07:08:08,219 INFO  client.GrpcClientProtocolClient (GrpcClientProtocolClient.java:onNext(254)) - client-253D2503C21A->6571ba41-d309-4d1d-a321-129a77bf1602: receive RaftClientReply:client-253D2503C21A->6571ba41-d309-4d1d-a321-129a77bf1602@group-6D4C5FD51127, cid=1408, SUCCESS, logIndex=2042, commits[6571ba41-d309-4d1d-a321-129a77bf1602:c2042, 75e8c5ea-f06a-43e1-af6e-1f7f9b0b2cc1:c2041, 1d8d2908-dfb4-4358-9c6e-64b435d6fccc:c2041]
2019-07-03 07:08:08,231 INFO  client.GrpcClientProtocolClient (GrpcClientProtocolClient.java:onNext(254)) - client-253D2503C21A->6571ba41-d309-4d1d-a321-129a77bf1602: receive RaftClientReply:client-253D2503C21A->6571ba41-d309-4d1d-a321-129a77bf1602@group-6D4C5FD51127, cid=1409, SUCCESS, logIndex=2044, commits[6571ba41-d309-4d1d-a321-129a77bf1602:c2044, 75e8c5ea-f06a-43e1-af6e-1f7f9b0b2cc1:c2042, 1d8d2908-dfb4-4358-9c6e-64b435d6fccc:c2042]
2019-07-03 07:08:08,250 INFO  client.GrpcClientProtocolClient (GrpcClientProtocolClient.java:onNext(254)) - client-253D2503C21A->6571ba41-d309-4d1d-a321-129a77bf1602: receive RaftClientReply:client-253D2503C21A->6571ba41-d309-4d1d-a321-129a77bf1602@group-6D4C5FD51127, cid=1410, SUCCESS, logIndex=2046, commits[6571ba41-d309-4d1d-a321-129a77bf1602:c2046, 75e8c5ea-f06a-43e1-af6e-1f7f9b0b2cc1:c2045, 1d8d2908-dfb4-4358-9c6e-64b435d6fccc:c2045]
2019-07-03 07:08:08,264 INFO  client.GrpcClientProtocolClient (GrpcClientProtocolClient.java:onNext(254)) - client-253D2503C21A->6571ba41-d309-4d1d-a321-129a77bf1602: receive RaftClientReply:client-253D2503C21A->6571ba41-d309-4d1d-a321-129a77bf1602@group-6D4C5FD51127, cid=1411, SUCCESS, logIndex=2048, commits[6571ba41-d309-4d1d-a321-129a77bf1602:c2048, 75e8c5ea-f06a-43e1-af6e-1f7f9b0b2cc1:c2046, 1d8d2908-dfb4-4358-9c6e-64b435d6fccc:c2046]
2019-07-03 07:08:08,275 INFO  client.GrpcClientProtocolClient (GrpcClientProtocolClient.java:onNext(254)) - client-253D2503C21A->6571ba41-d309-4d1d-a321-129a77bf1602: receive RaftClientReply:client-253D2503C21A->6571ba41-d309-4d1d-a321-129a77bf1602@group-6D4C5FD51127, cid=1412, SUCCESS, logIndex=0, commits[6571ba41-d309-4d1d-a321-129a77bf1602:c2049, 75e8c5ea-f06a-43e1-af6e-1f7f9b0b2cc1:c2048, 1d8d2908-dfb4-4358-9c6e-64b435d6fccc:c2048]
2019-07-03 07:08:08,300 INFO  client.GrpcClientProtocolClient (GrpcClientProtocolClient.java:onNext(254)) - client-253D2503C21A->6571ba41-d309-4d1d-a321-129a77bf1602: receive RaftClientReply:client-253D2503C21A->6571ba41-d309-4d1d-a321-129a77bf1602@group-6D4C5FD51127, cid=1413, SUCCESS, logIndex=2050, commits[6571ba41-d309-4d1d-a321-129a77bf1602:c2050, 75e8c5ea-f06a-43e1-af6e-1f7f9b0b2cc1:c2049, 1d8d2908-dfb4-4358-9c6e-64b435d6fccc:c2049]
2019-07-03 07:08:08,312 INFO  client.GrpcClientProtocolClient (GrpcClientProtocolClient.java:onNext(254)) - client-253D2503C21A->6571ba41-d309-4d1d-a321-129a77bf1602: receive RaftClientReply:client-253D2503C21A->6571ba41-d309-4d1d-a321-129a77bf1602@group-6D4C5FD51127, cid=1414, SUCCESS, logIndex=2052, commits[6571ba41-d309-4d1d-a321-129a77bf1602:c2053, 75e8c5ea-f06a-43e1-af6e-1f7f9b0b2cc1:c2050, 1d8d2908-dfb4-4358-9c6e-64b435d6fccc:c2050]
2019-07-03 07:08:08,313 INFO  client.GrpcClientProtocolClient (GrpcClientProtocolClient.java:onNext(254)) - client-253D2503C21A->6571ba41-d309-4d1d-a321-129a77bf1602: receive RaftClientReply:client-253D2503C21A->6571ba41-d309-4d1d-a321-129a77bf1602@group-6D4C5FD51127, cid=1415, SUCCESS, logIndex=2053, commits[6571ba41-d309-4d1d-a321-129a77bf1602:c2054, 75e8c5ea-f06a-43e1-af6e-1f7f9b0b2cc1:c2050, 1d8d2908-dfb4-4358-9c6e-64b435d6fccc:c2050]
2019-07-03 07:08:08,313 INFO  client.GrpcClientProtocolClient (GrpcClientProtocolClient.java:onNext(254)) - client-253D2503C21A->6571ba41-d309-4d1d-a321-129a77bf1602: receive RaftClientReply:client-253D2503C21A->6571ba41-d309-4d1d-a321-129a77bf1602@group-6D4C5FD51127, cid=1416, SUCCESS, logIndex=2054, commits[6571ba41-d309-4d1d-a321-129a77bf1602:c2054, 75e8c5ea-f06a-43e1-af6e-1f7f9b0b2cc1:c2050, 1d8d2908-dfb4-4358-9c6e-64b435d6fccc:c2050]
2019-07-03 07:08:08,314 INFO  client.GrpcClientProtocolClient (GrpcClientProtocolClient.java:onNext(254)) - client-253D2503C21A->6571ba41-d309-4d1d-a321-129a77bf1602: receive RaftClientReply:client-253D2503C21A->6571ba41-d309-4d1d-a321-129a77bf1602@group-6D4C5FD51127, cid=1417, SUCCESS, logIndex=0, commits[6571ba41-d309-4d1d-a321-129a77bf1602:c2055, 75e8c5ea-f06a-43e1-af6e-1f7f9b0b2cc1:c2053, 1d8d2908-dfb4-4358-9c6e-64b435d6fccc:c2053]
2019-07-03 07:08:08,334 INFO  client.GrpcClientProtocolClient (GrpcClientProtocolClient.java:onNext(254)) - client-253D2503C21A->6571ba41-d309-4d1d-a321-129a77bf1602: receive RaftClientReply:client-253D2503C21A->6571ba41-d309-4d1d-a321-129a77bf1602@group-6D4C5FD51127, cid=1418, SUCCESS, logIndex=2058, commits[6571ba41-d309-4d1d-a321-129a77bf1602:c2058, 75e8c5ea-f06a-43e1-af6e-1f7f9b0b2cc1:c2057, 1d8d2908-dfb4-4358-9c6e-64b435d6fccc:c2057]
2019-07-03 07:08:08,347 INFO  client.GrpcClientProtocolClient (GrpcClientProtocolClient.java:onNext(254)) - client-253D2503C21A->6571ba41-d309-4d1d-a321-129a77bf1602: receive RaftClientReply:client-253D2503C21A->6571ba41-d309-4d1d-a321-129a77bf1602@group-6D4C5FD51127, cid=1419, SUCCESS, logIndex=2060, commits[6571ba41-d309-4d1d-a321-129a77bf1602:c2060, 75e8c5ea-f06a-43e1-af6e-1f7f9b0b2cc1:c2058, 1d8d2908-dfb4-4358-9c6e-64b435d6fccc:c2058]
2019-07-03 07:08:08,360 INFO  client.GrpcClientProtocolClient (GrpcClientProtocolClient.java:onNext(254)) - client-253D2503C21A->6571ba41-d309-4d1d-a321-129a77bf1602: receive RaftClientReply:client-253D2503C21A->6571ba41-d309-4d1d-a321-129a77bf1602@group-6D4C5FD51127, cid=1420, SUCCESS, logIndex=2062, commits[6571ba41-d309-4d1d-a321-129a77bf1602:c2062, 75e8c5ea-f06a-43e1-af6e-1f7f9b0b2cc1:c2060, 1d8d2908-dfb4-4358-9c6e-64b435d6fccc:c2060]
2019-07-03 07:08:08,360 INFO  storage.RaftLogWorker (RaftLogWorker.java:rollLogSegment(303)) - 6571ba41-d309-4d1d-a321-129a77bf1602-RaftLogWorker: Rolling segment log-1984_2063 to index:2063
2019-07-03 07:08:08,361 INFO  storage.RaftLogWorker (RaftLogWorker.java:rollLogSegment(303)) - 75e8c5ea-f06a-43e1-af6e-1f7f9b0b2cc1-RaftLogWorker: Rolling segment log-1984_2063 to index:2063
2019-07-03 07:08:08,361 INFO  storage.RaftLogWorker (RaftLogWorker.java:execute(433)) - 6571ba41-d309-4d1d-a321-129a77bf1602-RaftLogWorker: Rolled log segment from /opt/src/hadoop-ozone/tools/target/test-dir/MiniOzoneClusterImpl-0519545d-318d-4c21-a2a0-688f18f8a31d/datanode-4/data/ratis/23ffc2a4-5526-4092-9dc4-6d4c5fd51127/current/log_inprogress_1984 to /opt/src/hadoop-ozone/tools/target/test-dir/MiniOzoneClusterImpl-0519545d-318d-4c21-a2a0-688f18f8a31d/datanode-4/data/ratis/23ffc2a4-5526-4092-9dc4-6d4c5fd51127/current/log_1984-2063
2019-07-03 07:08:08,361 INFO  storage.RaftLogWorker (RaftLogWorker.java:rollLogSegment(303)) - 1d8d2908-dfb4-4358-9c6e-64b435d6fccc-RaftLogWorker: Rolling segment log-1984_2063 to index:2063
2019-07-03 07:08:08,362 INFO  storage.RaftLogWorker (RaftLogWorker.java:execute(433)) - 75e8c5ea-f06a-43e1-af6e-1f7f9b0b2cc1-RaftLogWorker: Rolled log segment from /opt/src/hadoop-ozone/tools/target/test-dir/MiniOzoneClusterImpl-0519545d-318d-4c21-a2a0-688f18f8a31d/datanode-1/data/ratis/23ffc2a4-5526-4092-9dc4-6d4c5fd51127/current/log_inprogress_1984 to /opt/src/hadoop-ozone/tools/target/test-dir/MiniOzoneClusterImpl-0519545d-318d-4c21-a2a0-688f18f8a31d/datanode-1/data/ratis/23ffc2a4-5526-4092-9dc4-6d4c5fd51127/current/log_1984-2063
2019-07-03 07:08:08,362 INFO  storage.RaftLogWorker (RaftLogWorker.java:execute(433)) - 1d8d2908-dfb4-4358-9c6e-64b435d6fccc-RaftLogWorker: Rolled log segment from /opt/src/hadoop-ozone/tools/target/test-dir/MiniOzoneClusterImpl-0519545d-318d-4c21-a2a0-688f18f8a31d/datanode-2/data/ratis/23ffc2a4-5526-4092-9dc4-6d4c5fd51127/current/log_inprogress_1984 to /opt/src/hadoop-ozone/tools/target/test-dir/MiniOzoneClusterImpl-0519545d-318d-4c21-a2a0-688f18f8a31d/datanode-2/data/ratis/23ffc2a4-5526-4092-9dc4-6d4c5fd51127/current/log_1984-2063
2019-07-03 07:08:08,391 INFO  storage.RaftLogWorker (RaftLogWorker.java:execute(469)) - 75e8c5ea-f06a-43e1-af6e-1f7f9b0b2cc1-RaftLogWorker: created new log segment /opt/src/hadoop-ozone/tools/target/test-dir/MiniOzoneClusterImpl-0519545d-318d-4c21-a2a0-688f18f8a31d/datanode-1/data/ratis/23ffc2a4-5526-4092-9dc4-6d4c5fd51127/current/log_inprogress_2064
2019-07-03 07:08:08,391 INFO  storage.RaftLogWorker (RaftLogWorker.java:execute(469)) - 1d8d2908-dfb4-4358-9c6e-64b435d6fccc-RaftLogWorker: created new log segment /opt/src/hadoop-ozone/tools/target/test-dir/MiniOzoneClusterImpl-0519545d-318d-4c21-a2a0-688f18f8a31d/datanode-2/data/ratis/23ffc2a4-5526-4092-9dc4-6d4c5fd51127/current/log_inprogress_2064
2019-07-03 07:08:08,394 INFO  storage.RaftLogWorker (RaftLogWorker.java:execute(469)) - 6571ba41-d309-4d1d-a321-129a77bf1602-RaftLogWorker: created new log segment /opt/src/hadoop-ozone/tools/target/test-dir/MiniOzoneClusterImpl-0519545d-318d-4c21-a2a0-688f18f8a31d/datanode-4/data/ratis/23ffc2a4-5526-4092-9dc4-6d4c5fd51127/current/log_inprogress_2064
2019-07-03 07:08:08,396 INFO  client.GrpcClientProtocolClient (GrpcClientProtocolClient.java:onNext(254)) - client-253D2503C21A->6571ba41-d309-4d1d-a321-129a77bf1602: receive RaftClientReply:client-253D2503C21A->6571ba41-d309-4d1d-a321-129a77bf1602@group-6D4C5FD51127, cid=1421, SUCCESS, logIndex=2064, commits[6571ba41-d309-4d1d-a321-129a77bf1602:c2065, 75e8c5ea-f06a-43e1-af6e-1f7f9b0b2cc1:c2063, 1d8d2908-dfb4-4358-9c6e-64b435d6fccc:c2063]
 0.00% |█                                                                                                    |  0/1 Time: 0:00:162019-07-03 07:08:08,898 INFO  client.GrpcClientProtocolClient (GrpcClientProtocolClient.java:onNext(254)) - client-253D2503C21A->6571ba41-d309-4d1d-a321-129a77bf1602: receive RaftClientReply:client-253D2503C21A->6571ba41-d309-4d1d-a321-129a77bf1602@group-6D4C5FD51127, cid=1422, SUCCESS, logIndex=0, commits[6571ba41-d309-4d1d-a321-129a77bf1602:c2065, 75e8c5ea-f06a-43e1-af6e-1f7f9b0b2cc1:c2065, 1d8d2908-dfb4-4358-9c6e-64b435d6fccc:c2065]
2019-07-03 07:08:08,929 INFO  client.GrpcClientProtocolClient (GrpcClientProtocolClient.java:onNext(254)) - client-253D2503C21A->6571ba41-d309-4d1d-a321-129a77bf1602: receive RaftClientReply:client-253D2503C21A->6571ba41-d309-4d1d-a321-129a77bf1602@group-6D4C5FD51127, cid=1423, SUCCESS, logIndex=2066, commits[6571ba41-d309-4d1d-a321-129a77bf1602:c2066, 75e8c5ea-f06a-43e1-af6e-1f7f9b0b2cc1:c2065, 1d8d2908-dfb4-4358-9c6e-64b435d6fccc:c2065]
2019-07-03 07:08:08,942 INFO  client.GrpcClientProtocolClient (GrpcClientProtocolClient.java:onNext(254)) - client-253D2503C21A->6571ba41-d309-4d1d-a321-129a77bf1602: receive RaftClientReply:client-253D2503C21A->6571ba41-d309-4d1d-a321-129a77bf1602@group-6D4C5FD51127, cid=1424, SUCCESS, logIndex=2068, commits[6571ba41-d309-4d1d-a321-129a77bf1602:c2069, 75e8c5ea-f06a-43e1-af6e-1f7f9b0b2cc1:c2066, 1d8d2908-dfb4-4358-9c6e-64b435d6fccc:c2066]
2019-07-03 07:08:08,943 INFO  client.GrpcClientProtocolClient (GrpcClientProtocolClient.java:onNext(254)) - client-253D2503C21A->6571ba41-d309-4d1d-a321-129a77bf1602: receive RaftClientReply:client-253D2503C21A->6571ba41-d309-4d1d-a321-129a77bf1602@group-6D4C5FD51127, cid=1425, SUCCESS, logIndex=2069, commits[6571ba41-d309-4d1d-a321-129a77bf1602:c2069, 75e8c5ea-f06a-43e1-af6e-1f7f9b0b2cc1:c2066, 1d8d2908-dfb4-4358-9c6e-64b435d6fccc:c2066]
2019-07-03 07:08:08,943 INFO  client.GrpcClientProtocolClient (GrpcClientProtocolClient.java:onNext(254)) - client-253D2503C21A->6571ba41-d309-4d1d-a321-129a77bf1602: receive RaftClientReply:client-253D2503C21A->6571ba41-d309-4d1d-a321-129a77bf1602@group-6D4C5FD51127, cid=1426, SUCCESS, logIndex=2070, commits[6571ba41-d309-4d1d-a321-129a77bf1602:c2071, 75e8c5ea-f06a-43e1-af6e-1f7f9b0b2cc1:c2068, 1d8d2908-dfb4-4358-9c6e-64b435d6fccc:c2066]
2019-07-03 07:08:08,944 INFO  client.GrpcClientProtocolClient (GrpcClientProtocolClient.java:onNext(254)) - client-253D2503C21A->6571ba41-d309-4d1d-a321-129a77bf1602: receive RaftClientReply:client-253D2503C21A->6571ba41-d309-4d1d-a321-129a77bf1602@group-6D4C5FD51127, cid=1427, SUCCESS, logIndex=0, commits[6571ba41-d309-4d1d-a321-129a77bf1602:c2072, 75e8c5ea-f06a-43e1-af6e-1f7f9b0b2cc1:c2069, 1d8d2908-dfb4-4358-9c6e-64b435d6fccc:c2069]
2019-07-03 07:08:09,066 INFO  client.GrpcClientProtocolClient (GrpcClientProtocolClient.java:onNext(254)) - client-253D2503C21A->6571ba41-d309-4d1d-a321-129a77bf1602: receive RaftClientReply:client-253D2503C21A->6571ba41-d309-4d1d-a321-129a77bf1602@group-6D4C5FD51127, cid=1428, SUCCESS, logIndex=2074, commits[6571ba41-d309-4d1d-a321-129a77bf1602:c2074, 75e8c5ea-f06a-43e1-af6e-1f7f9b0b2cc1:c2073, 1d8d2908-dfb4-4358-9c6e-64b435d6fccc:c2073]
2019-07-03 07:08:09,079 INFO  client.GrpcClientProtocolClient (GrpcClientProtocolClient.java:onNext(254)) - client-253D2503C21A->6571ba41-d309-4d1d-a321-129a77bf1602: receive RaftClientReply:client-253D2503C21A->6571ba41-d309-4d1d-a321-129a77bf1602@group-6D4C5FD51127, cid=1429, SUCCESS, logIndex=2076, commits[6571ba41-d309-4d1d-a321-129a77bf1602:c2076, 75e8c5ea-f06a-43e1-af6e-1f7f9b0b2cc1:c2074, 1d8d2908-dfb4-4358-9c6e-64b435d6fccc:c2074]
2019-07-03 07:08:09,093 INFO  client.GrpcClientProtocolClient (GrpcClientProtocolClient.java:onNext(254)) - client-253D2503C21A->6571ba41-d309-4d1d-a321-129a77bf1602: receive RaftClientReply:client-253D2503C21A->6571ba41-d309-4d1d-a321-129a77bf1602@group-6D4C5FD51127, cid=1430, SUCCESS, logIndex=2078, commits[6571ba41-d309-4d1d-a321-129a77bf1602:c2078, 75e8c5ea-f06a-43e1-af6e-1f7f9b0b2cc1:c2076, 1d8d2908-dfb4-4358-9c6e-64b435d6fccc:c2076]
2019-07-03 07:08:09,096 INFO  client.GrpcClientProtocolClient (GrpcClientProtocolClient.java:onNext(254)) - client-253D2503C21A->6571ba41-d309-4d1d-a321-129a77bf1602: receive RaftClientReply:client-253D2503C21A->6571ba41-d309-4d1d-a321-129a77bf1602@group-6D4C5FD51127, cid=1431, SUCCESS, logIndex=2080, commits[6571ba41-d309-4d1d-a321-129a77bf1602:c2080, 75e8c5ea-f06a-43e1-af6e-1f7f9b0b2cc1:c2078, 1d8d2908-dfb4-4358-9c6e-64b435d6fccc:c2078]
2019-07-03 07:08:09,108 INFO  client.GrpcClientProtocolClient (GrpcClientProtocolClient.java:onNext(254)) - client-253D2503C21A->6571ba41-d309-4d1d-a321-129a77bf1602: receive RaftClientReply:client-253D2503C21A->6571ba41-d309-4d1d-a321-129a77bf1602@group-6D4C5FD51127, cid=1432, SUCCESS, logIndex=0, commits[6571ba41-d309-4d1d-a321-129a77bf1602:c2081, 75e8c5ea-f06a-43e1-af6e-1f7f9b0b2cc1:c2080, 1d8d2908-dfb4-4358-9c6e-64b435d6fccc:c2080]
2019-07-03 07:08:09,139 INFO  client.GrpcClientProtocolClient (GrpcClientProtocolClient.java:onNext(254)) - client-253D2503C21A->6571ba41-d309-4d1d-a321-129a77bf1602: receive RaftClientReply:client-253D2503C21A->6571ba41-d309-4d1d-a321-129a77bf1602@group-6D4C5FD51127, cid=1433, SUCCESS, logIndex=2082, commits[6571ba41-d309-4d1d-a321-129a77bf1602:c2082, 75e8c5ea-f06a-43e1-af6e-1f7f9b0b2cc1:c2081, 1d8d2908-dfb4-4358-9c6e-64b435d6fccc:c2081]
2019-07-03 07:08:09,151 INFO  client.GrpcClientProtocolClient (GrpcClientProtocolClient.java:onNext(254)) - client-253D2503C21A->6571ba41-d309-4d1d-a321-129a77bf1602: receive RaftClientReply:client-253D2503C21A->6571ba41-d309-4d1d-a321-129a77bf1602@group-6D4C5FD51127, cid=1434, SUCCESS, logIndex=2084, commits[6571ba41-d309-4d1d-a321-129a77bf1602:c2085, 75e8c5ea-f06a-43e1-af6e-1f7f9b0b2cc1:c2082, 1d8d2908-dfb4-4358-9c6e-64b435d6fccc:c2082]
2019-07-03 07:08:09,152 INFO  client.GrpcClientProtocolClient (GrpcClientProtocolClient.java:onNext(254)) - client-253D2503C21A->6571ba41-d309-4d1d-a321-129a77bf1602: receive RaftClientReply:client-253D2503C21A->6571ba41-d309-4d1d-a321-129a77bf1602@group-6D4C5FD51127, cid=1435, SUCCESS, logIndex=2085, commits[6571ba41-d309-4d1d-a321-129a77bf1602:c2085, 75e8c5ea-f06a-43e1-af6e-1f7f9b0b2cc1:c2082, 1d8d2908-dfb4-4358-9c6e-64b435d6fccc:c2082]
2019-07-03 07:08:09,152 INFO  client.GrpcClientProtocolClient (GrpcClientProtocolClient.java:onNext(254)) - client-253D2503C21A->6571ba41-d309-4d1d-a321-129a77bf1602: receive RaftClientReply:client-253D2503C21A->6571ba41-d309-4d1d-a321-129a77bf1602@group-6D4C5FD51127, cid=1436, SUCCESS, logIndex=2086, commits[6571ba41-d309-4d1d-a321-129a77bf1602:c2086, 75e8c5ea-f06a-43e1-af6e-1f7f9b0b2cc1:c2082, 1d8d2908-dfb4-4358-9c6e-64b435d6fccc:c2082]
2019-07-03 07:08:09,154 INFO  client.GrpcClientProtocolClient (GrpcClientProtocolClient.java:onNext(254)) - client-253D2503C21A->6571ba41-d309-4d1d-a321-129a77bf1602: receive RaftClientReply:client-253D2503C21A->6571ba41-d309-4d1d-a321-129a77bf1602@group-6D4C5FD51127, cid=1437, SUCCESS, logIndex=0, commits[6571ba41-d309-4d1d-a321-129a77bf1602:c2088, 75e8c5ea-f06a-43e1-af6e-1f7f9b0b2cc1:c2086, 1d8d2908-dfb4-4358-9c6e-64b435d6fccc:c2085]
2019-07-03 07:08:09,175 INFO  client.GrpcClientProtocolClient (GrpcClientProtocolClient.java:onNext(254)) - client-253D2503C21A->6571ba41-d309-4d1d-a321-129a77bf1602: receive RaftClientReply:client-253D2503C21A->6571ba41-d309-4d1d-a321-129a77bf1602@group-6D4C5FD51127, cid=1438, SUCCESS, logIndex=2090, commits[6571ba41-d309-4d1d-a321-129a77bf1602:c2090, 75e8c5ea-f06a-43e1-af6e-1f7f9b0b2cc1:c2089, 1d8d2908-dfb4-4358-9c6e-64b435d6fccc:c2089]
2019-07-03 07:08:09,199 INFO  client.GrpcClientProtocolClient (GrpcClientProtocolClient.java:onNext(254)) - client-253D2503C21A->6571ba41-d309-4d1d-a321-129a77bf1602: receive RaftClientReply:client-253D2503C21A->6571ba41-d309-4d1d-a321-129a77bf1602@group-6D4C5FD51127, cid=1439, SUCCESS, logIndex=2092, commits[6571ba41-d309-4d1d-a321-129a77bf1602:c2092, 75e8c5ea-f06a-43e1-af6e-1f7f9b0b2cc1:c2090, 1d8d2908-dfb4-4358-9c6e-64b435d6fccc:c2090]
2019-07-03 07:08:09,212 INFO  client.GrpcClientProtocolClient (GrpcClientProtocolClient.java:onNext(254)) - client-253D2503C21A->6571ba41-d309-4d1d-a321-129a77bf1602: receive RaftClientReply:client-253D2503C21A->6571ba41-d309-4d1d-a321-129a77bf1602@group-6D4C5FD51127, cid=1440, SUCCESS, logIndex=2094, commits[6571ba41-d309-4d1d-a321-129a77bf1602:c2094, 75e8c5ea-f06a-43e1-af6e-1f7f9b0b2cc1:c2092, 1d8d2908-dfb4-4358-9c6e-64b435d6fccc:c2092]
2019-07-03 07:08:09,215 INFO  client.GrpcClientProtocolClient (GrpcClientProtocolClient.java:onNext(254)) - client-253D2503C21A->6571ba41-d309-4d1d-a321-129a77bf1602: receive RaftClientReply:client-253D2503C21A->6571ba41-d309-4d1d-a321-129a77bf1602@group-6D4C5FD51127, cid=1441, SUCCESS, logIndex=2096, commits[6571ba41-d309-4d1d-a321-129a77bf1602:c2096, 75e8c5ea-f06a-43e1-af6e-1f7f9b0b2cc1:c2094, 1d8d2908-dfb4-4358-9c6e-64b435d6fccc:c2094]
2019-07-03 07:08:09,227 INFO  client.GrpcClientProtocolClient (GrpcClientProtocolClient.java:onNext(254)) - client-253D2503C21A->6571ba41-d309-4d1d-a321-129a77bf1602: receive RaftClientReply:client-253D2503C21A->6571ba41-d309-4d1d-a321-129a77bf1602@group-6D4C5FD51127, cid=1442, SUCCESS, logIndex=0, commits[6571ba41-d309-4d1d-a321-129a77bf1602:c2096, 75e8c5ea-f06a-43e1-af6e-1f7f9b0b2cc1:c2096, 1d8d2908-dfb4-4358-9c6e-64b435d6fccc:c2096]
2019-07-03 07:08:09,257 INFO  client.GrpcClientProtocolClient (GrpcClientProtocolClient.java:onNext(254)) - client-253D2503C21A->6571ba41-d309-4d1d-a321-129a77bf1602: receive RaftClientReply:client-253D2503C21A->6571ba41-d309-4d1d-a321-129a77bf1602@group-6D4C5FD51127, cid=1443, SUCCESS, logIndex=2098, commits[6571ba41-d309-4d1d-a321-129a77bf1602:c2098, 75e8c5ea-f06a-43e1-af6e-1f7f9b0b2cc1:c2097, 1d8d2908-dfb4-4358-9c6e-64b435d6fccc:c2097]
2019-07-03 07:08:09,269 INFO  client.GrpcClientProtocolClient (GrpcClientProtocolClient.java:onNext(254)) - client-253D2503C21A->6571ba41-d309-4d1d-a321-129a77bf1602: receive RaftClientReply:client-253D2503C21A->6571ba41-d309-4d1d-a321-129a77bf1602@group-6D4C5FD51127, cid=1444, SUCCESS, logIndex=2100, commits[6571ba41-d309-4d1d-a321-129a77bf1602:c2101, 75e8c5ea-f06a-43e1-af6e-1f7f9b0b2cc1:c2098, 1d8d2908-dfb4-4358-9c6e-64b435d6fccc:c2098]
2019-07-03 07:08:09,270 INFO  client.GrpcClientProtocolClient (GrpcClientProtocolClient.java:onNext(254)) - client-253D2503C21A->6571ba41-d309-4d1d-a321-129a77bf1602: receive RaftClientReply:client-253D2503C21A->6571ba41-d309-4d1d-a321-129a77bf1602@group-6D4C5FD51127, cid=1445, SUCCESS, logIndex=2101, commits[6571ba41-d309-4d1d-a321-129a77bf1602:c2102, 75e8c5ea-f06a-43e1-af6e-1f7f9b0b2cc1:c2098, 1d8d2908-dfb4-4358-9c6e-64b435d6fccc:c2098]
2019-07-03 07:08:09,270 INFO  client.GrpcClientProtocolClient (GrpcClientProtocolClient.java:onNext(254)) - client-253D2503C21A->6571ba41-d309-4d1d-a321-129a77bf1602: receive RaftClientReply:client-253D2503C21A->6571ba41-d309-4d1d-a321-129a77bf1602@group-6D4C5FD51127, cid=1446, SUCCESS, logIndex=2102, commits[6571ba41-d309-4d1d-a321-129a77bf1602:c2102, 75e8c5ea-f06a-43e1-af6e-1f7f9b0b2cc1:c2098, 1d8d2908-dfb4-4358-9c6e-64b435d6fccc:c2098]
2019-07-03 07:08:09,271 INFO  client.GrpcClientProtocolClient (GrpcClientProtocolClient.java:onNext(254)) - client-253D2503C21A->6571ba41-d309-4d1d-a321-129a77bf1602: receive RaftClientReply:client-253D2503C21A->6571ba41-d309-4d1d-a321-129a77bf1602@group-6D4C5FD51127, cid=1447, SUCCESS, logIndex=0, commits[6571ba41-d309-4d1d-a321-129a77bf1602:c2104, 75e8c5ea-f06a-43e1-af6e-1f7f9b0b2cc1:c2101, 1d8d2908-dfb4-4358-9c6e-64b435d6fccc:c2101]
2019-07-03 07:08:09,295 INFO  client.GrpcClientProtocolClient (GrpcClientProtocolClient.java:onNext(254)) - client-253D2503C21A->6571ba41-d309-4d1d-a321-129a77bf1602: receive RaftClientReply:client-253D2503C21A->6571ba41-d309-4d1d-a321-129a77bf1602@group-6D4C5FD51127, cid=1448, SUCCESS, logIndex=2106, commits[6571ba41-d309-4d1d-a321-129a77bf1602:c2106, 75e8c5ea-f06a-43e1-af6e-1f7f9b0b2cc1:c2105, 1d8d2908-dfb4-4358-9c6e-64b435d6fccc:c2105]
2019-07-03 07:08:09,308 INFO  client.GrpcClientProtocolClient (GrpcClientProtocolClient.java:onNext(254)) - client-253D2503C21A->6571ba41-d309-4d1d-a321-129a77bf1602: receive RaftClientReply:client-253D2503C21A->6571ba41-d309-4d1d-a321-129a77bf1602@group-6D4C5FD51127, cid=1449, SUCCESS, logIndex=2108, commits[6571ba41-d309-4d1d-a321-129a77bf1602:c2108, 75e8c5ea-f06a-43e1-af6e-1f7f9b0b2cc1:c2106, 1d8d2908-dfb4-4358-9c6e-64b435d6fccc:c2106]
2019-07-03 07:08:09,321 INFO  client.GrpcClientProtocolClient (GrpcClientProtocolClient.java:onNext(254)) - client-253D2503C21A->6571ba41-d309-4d1d-a321-129a77bf1602: receive RaftClientReply:client-253D2503C21A->6571ba41-d309-4d1d-a321-129a77bf1602@group-6D4C5FD51127, cid=1450, SUCCESS, logIndex=2110, commits[6571ba41-d309-4d1d-a321-129a77bf1602:c2110, 75e8c5ea-f06a-43e1-af6e-1f7f9b0b2cc1:c2108, 1d8d2908-dfb4-4358-9c6e-64b435d6fccc:c2108]
2019-07-03 07:08:09,334 INFO  client.GrpcClientProtocolClient (GrpcClientProtocolClient.java:onNext(254)) - client-253D2503C21A->6571ba41-d309-4d1d-a321-129a77bf1602: receive RaftClientReply:client-253D2503C21A->6571ba41-d309-4d1d-a321-129a77bf1602@group-6D4C5FD51127, cid=1451, SUCCESS, logIndex=2112, commits[6571ba41-d309-4d1d-a321-129a77bf1602:c2112, 75e8c5ea-f06a-43e1-af6e-1f7f9b0b2cc1:c2110, 1d8d2908-dfb4-4358-9c6e-64b435d6fccc:c2110]
2019-07-03 07:08:09,346 INFO  client.GrpcClientProtocolClient (GrpcClientProtocolClient.java:onNext(254)) - client-253D2503C21A->6571ba41-d309-4d1d-a321-129a77bf1602: receive RaftClientReply:client-253D2503C21A->6571ba41-d309-4d1d-a321-129a77bf1602@group-6D4C5FD51127, cid=1452, SUCCESS, logIndex=0, commits[6571ba41-d309-4d1d-a321-129a77bf1602:c2113, 75e8c5ea-f06a-43e1-af6e-1f7f9b0b2cc1:c2112, 1d8d2908-dfb4-4358-9c6e-64b435d6fccc:c2112]
2019-07-03 07:08:09,373 INFO  client.GrpcClientProtocolClient (GrpcClientProtocolClient.java:onNext(254)) - client-253D2503C21A->6571ba41-d309-4d1d-a321-129a77bf1602: receive RaftClientReply:client-253D2503C21A->6571ba41-d309-4d1d-a321-129a77bf1602@group-6D4C5FD51127, cid=1453, SUCCESS, logIndex=2114, commits[6571ba41-d309-4d1d-a321-129a77bf1602:c2114, 75e8c5ea-f06a-43e1-af6e-1f7f9b0b2cc1:c2113, 1d8d2908-dfb4-4358-9c6e-64b435d6fccc:c2113]
2019-07-03 07:08:09,385 INFO  client.GrpcClientProtocolClient (GrpcClientProtocolClient.java:onNext(254)) - client-253D2503C21A->6571ba41-d309-4d1d-a321-129a77bf1602: receive RaftClientReply:client-253D2503C21A->6571ba41-d309-4d1d-a321-129a77bf1602@group-6D4C5FD51127, cid=1454, SUCCESS, logIndex=2116, commits[6571ba41-d309-4d1d-a321-129a77bf1602:c2117, 75e8c5ea-f06a-43e1-af6e-1f7f9b0b2cc1:c2114, 1d8d2908-dfb4-4358-9c6e-64b435d6fccc:c2114]
2019-07-03 07:08:09,386 INFO  client.GrpcClientProtocolClient (GrpcClientProtocolClient.java:onNext(254)) - client-253D2503C21A->6571ba41-d309-4d1d-a321-129a77bf1602: receive RaftClientReply:client-253D2503C21A->6571ba41-d309-4d1d-a321-129a77bf1602@group-6D4C5FD51127, cid=1455, SUCCESS, logIndex=2117, commits[6571ba41-d309-4d1d-a321-129a77bf1602:c2117, 75e8c5ea-f06a-43e1-af6e-1f7f9b0b2cc1:c2114, 1d8d2908-dfb4-4358-9c6e-64b435d6fccc:c2114]
2019-07-03 07:08:09,387 INFO  client.GrpcClientProtocolClient (GrpcClientProtocolClient.java:onNext(254)) - client-253D2503C21A->6571ba41-d309-4d1d-a321-129a77bf1602: receive RaftClientReply:client-253D2503C21A->6571ba41-d309-4d1d-a321-129a77bf1602@group-6D4C5FD51127, cid=1456, SUCCESS, logIndex=2118, commits[6571ba41-d309-4d1d-a321-129a77bf1602:c2119, 75e8c5ea-f06a-43e1-af6e-1f7f9b0b2cc1:c2114, 1d8d2908-dfb4-4358-9c6e-64b435d6fccc:c2117]
2019-07-03 07:08:09,388 INFO  client.GrpcClientProtocolClient (GrpcClientProtocolClient.java:onNext(254)) - client-253D2503C21A->6571ba41-d309-4d1d-a321-129a77bf1602: receive RaftClientReply:client-253D2503C21A->6571ba41-d309-4d1d-a321-129a77bf1602@group-6D4C5FD51127, cid=1457, SUCCESS, logIndex=0, commits[6571ba41-d309-4d1d-a321-129a77bf1602:c2120, 75e8c5ea-f06a-43e1-af6e-1f7f9b0b2cc1:c2117, 1d8d2908-dfb4-4358-9c6e-64b435d6fccc:c2117]
2019-07-03 07:08:09,409 INFO  client.GrpcClientProtocolClient (GrpcClientProtocolClient.java:onNext(254)) - client-253D2503C21A->6571ba41-d309-4d1d-a321-129a77bf1602: receive RaftClientReply:client-253D2503C21A->6571ba41-d309-4d1d-a321-129a77bf1602@group-6D4C5FD51127, cid=1458, SUCCESS, logIndex=2122, commits[6571ba41-d309-4d1d-a321-129a77bf1602:c2122, 75e8c5ea-f06a-43e1-af6e-1f7f9b0b2cc1:c2121, 1d8d2908-dfb4-4358-9c6e-64b435d6fccc:c2121]
2019-07-03 07:08:09,422 INFO  client.GrpcClientProtocolClient (GrpcClientProtocolClient.java:onNext(254)) - client-253D2503C21A->6571ba41-d309-4d1d-a321-129a77bf1602: receive RaftClientReply:client-253D2503C21A->6571ba41-d309-4d1d-a321-129a77bf1602@group-6D4C5FD51127, cid=1459, SUCCESS, logIndex=2124, commits[6571ba41-d309-4d1d-a321-129a77bf1602:c2124, 75e8c5ea-f06a-43e1-af6e-1f7f9b0b2cc1:c2122, 1d8d2908-dfb4-4358-9c6e-64b435d6fccc:c2122]
2019-07-03 07:08:09,435 INFO  client.GrpcClientProtocolClient (GrpcClientProtocolClient.java:onNext(254)) - client-253D2503C21A->6571ba41-d309-4d1d-a321-129a77bf1602: receive RaftClientReply:client-253D2503C21A->6571ba41-d309-4d1d-a321-129a77bf1602@group-6D4C5FD51127, cid=1460, SUCCESS, logIndex=2126, commits[6571ba41-d309-4d1d-a321-129a77bf1602:c2126, 75e8c5ea-f06a-43e1-af6e-1f7f9b0b2cc1:c2124, 1d8d2908-dfb4-4358-9c6e-64b435d6fccc:c2124]
2019-07-03 07:08:09,448 INFO  client.GrpcClientProtocolClient (GrpcClientProtocolClient.java:onNext(254)) - client-253D2503C21A->6571ba41-d309-4d1d-a321-129a77bf1602: receive RaftClientReply:client-253D2503C21A->6571ba41-d309-4d1d-a321-129a77bf1602@group-6D4C5FD51127, cid=1461, SUCCESS, logIndex=2128, commits[6571ba41-d309-4d1d-a321-129a77bf1602:c2128, 75e8c5ea-f06a-43e1-af6e-1f7f9b0b2cc1:c2126, 1d8d2908-dfb4-4358-9c6e-64b435d6fccc:c2126]
2019-07-03 07:08:09,451 INFO  client.GrpcClientProtocolClient (GrpcClientProtocolClient.java:onNext(254)) - client-253D2503C21A->6571ba41-d309-4d1d-a321-129a77bf1602: receive RaftClientReply:client-253D2503C21A->6571ba41-d309-4d1d-a321-129a77bf1602@group-6D4C5FD51127, cid=1462, SUCCESS, logIndex=0, commits[6571ba41-d309-4d1d-a321-129a77bf1602:c2129, 75e8c5ea-f06a-43e1-af6e-1f7f9b0b2cc1:c2128, 1d8d2908-dfb4-4358-9c6e-64b435d6fccc:c2128]
2019-07-03 07:08:09,482 INFO  client.GrpcClientProtocolClient (GrpcClientProtocolClient.java:onNext(254)) - client-253D2503C21A->6571ba41-d309-4d1d-a321-129a77bf1602: receive RaftClientReply:client-253D2503C21A->6571ba41-d309-4d1d-a321-129a77bf1602@group-6D4C5FD51127, cid=1463, SUCCESS, logIndex=2130, commits[6571ba41-d309-4d1d-a321-129a77bf1602:c2130, 75e8c5ea-f06a-43e1-af6e-1f7f9b0b2cc1:c2129, 1d8d2908-dfb4-4358-9c6e-64b435d6fccc:c2129]
2019-07-03 07:08:09,494 INFO  client.GrpcClientProtocolClient (GrpcClientProtocolClient.java:onNext(254)) - client-253D2503C21A->6571ba41-d309-4d1d-a321-129a77bf1602: receive RaftClientReply:client-253D2503C21A->6571ba41-d309-4d1d-a321-129a77bf1602@group-6D4C5FD51127, cid=1464, SUCCESS, logIndex=2132, commits[6571ba41-d309-4d1d-a321-129a77bf1602:c2132, 75e8c5ea-f06a-43e1-af6e-1f7f9b0b2cc1:c2130, 1d8d2908-dfb4-4358-9c6e-64b435d6fccc:c2130]
2019-07-03 07:08:09,495 INFO  client.GrpcClientProtocolClient (GrpcClientProtocolClient.java:onNext(254)) - client-253D2503C21A->6571ba41-d309-4d1d-a321-129a77bf1602: receive RaftClientReply:client-253D2503C21A->6571ba41-d309-4d1d-a321-129a77bf1602@group-6D4C5FD51127, cid=1465, SUCCESS, logIndex=2133, commits[6571ba41-d309-4d1d-a321-129a77bf1602:c2133, 75e8c5ea-f06a-43e1-af6e-1f7f9b0b2cc1:c2130, 1d8d2908-dfb4-4358-9c6e-64b435d6fccc:c2130]
2019-07-03 07:08:09,497 INFO  client.GrpcClientProtocolClient (GrpcClientProtocolClient.java:onNext(254)) - client-253D2503C21A->6571ba41-d309-4d1d-a321-129a77bf1602: receive RaftClientReply:client-253D2503C21A->6571ba41-d309-4d1d-a321-129a77bf1602@group-6D4C5FD51127, cid=1466, SUCCESS, logIndex=2134, commits[6571ba41-d309-4d1d-a321-129a77bf1602:c2135, 75e8c5ea-f06a-43e1-af6e-1f7f9b0b2cc1:c2130, 1d8d2908-dfb4-4358-9c6e-64b435d6fccc:c2132]
2019-07-03 07:08:09,508 INFO  client.GrpcClientProtocolClient (GrpcClientProtocolClient.java:onNext(254)) - client-253D2503C21A->6571ba41-d309-4d1d-a321-129a77bf1602: receive RaftClientReply:client-253D2503C21A->6571ba41-d309-4d1d-a321-129a77bf1602@group-6D4C5FD51127, cid=1467, SUCCESS, logIndex=0, commits[6571ba41-d309-4d1d-a321-129a77bf1602:c2135, 75e8c5ea-f06a-43e1-af6e-1f7f9b0b2cc1:c2132, 1d8d2908-dfb4-4358-9c6e-64b435d6fccc:c2132]
2019-07-03 07:08:09,528 INFO  client.GrpcClientProtocolClient (GrpcClientProtocolClient.java:onNext(254)) - client-253D2503C21A->6571ba41-d309-4d1d-a321-129a77bf1602: receive RaftClientReply:client-253D2503C21A->6571ba41-d309-4d1d-a321-129a77bf1602@group-6D4C5FD51127, cid=1468, SUCCESS, logIndex=2138, commits[6571ba41-d309-4d1d-a321-129a77bf1602:c2138, 75e8c5ea-f06a-43e1-af6e-1f7f9b0b2cc1:c2137, 1d8d2908-dfb4-4358-9c6e-64b435d6fccc:c2137]
2019-07-03 07:08:09,542 INFO  client.GrpcClientProtocolClient (GrpcClientProtocolClient.java:onNext(254)) - client-253D2503C21A->6571ba41-d309-4d1d-a321-129a77bf1602: receive RaftClientReply:client-253D2503C21A->6571ba41-d309-4d1d-a321-129a77bf1602@group-6D4C5FD51127, cid=1469, SUCCESS, logIndex=2140, commits[6571ba41-d309-4d1d-a321-129a77bf1602:c2140, 75e8c5ea-f06a-43e1-af6e-1f7f9b0b2cc1:c2138, 1d8d2908-dfb4-4358-9c6e-64b435d6fccc:c2138]
2019-07-03 07:08:09,555 INFO  client.GrpcClientProtocolClient (GrpcClientProtocolClient.java:onNext(254)) - client-253D2503C21A->6571ba41-d309-4d1d-a321-129a77bf1602: receive RaftClientReply:client-253D2503C21A->6571ba41-d309-4d1d-a321-129a77bf1602@group-6D4C5FD51127, cid=1470, SUCCESS, logIndex=2142, commits[6571ba41-d309-4d1d-a321-129a77bf1602:c2142, 75e8c5ea-f06a-43e1-af6e-1f7f9b0b2cc1:c2140, 1d8d2908-dfb4-4358-9c6e-64b435d6fccc:c2140]
2019-07-03 07:08:09,555 INFO  storage.RaftLogWorker (RaftLogWorker.java:rollLogSegment(303)) - 6571ba41-d309-4d1d-a321-129a77bf1602-RaftLogWorker: Rolling segment log-2064_2143 to index:2143
2019-07-03 07:08:09,556 INFO  storage.RaftLogWorker (RaftLogWorker.java:rollLogSegment(303)) - 1d8d2908-dfb4-4358-9c6e-64b435d6fccc-RaftLogWorker: Rolling segment log-2064_2143 to index:2143
2019-07-03 07:08:09,556 INFO  storage.RaftLogWorker (RaftLogWorker.java:rollLogSegment(303)) - 75e8c5ea-f06a-43e1-af6e-1f7f9b0b2cc1-RaftLogWorker: Rolling segment log-2064_2143 to index:2143
2019-07-03 07:08:09,566 INFO  storage.RaftLogWorker (RaftLogWorker.java:execute(433)) - 6571ba41-d309-4d1d-a321-129a77bf1602-RaftLogWorker: Rolled log segment from /opt/src/hadoop-ozone/tools/target/test-dir/MiniOzoneClusterImpl-0519545d-318d-4c21-a2a0-688f18f8a31d/datanode-4/data/ratis/23ffc2a4-5526-4092-9dc4-6d4c5fd51127/current/log_inprogress_2064 to /opt/src/hadoop-ozone/tools/target/test-dir/MiniOzoneClusterImpl-0519545d-318d-4c21-a2a0-688f18f8a31d/datanode-4/data/ratis/23ffc2a4-5526-4092-9dc4-6d4c5fd51127/current/log_2064-2143
2019-07-03 07:08:09,566 INFO  storage.RaftLogWorker (RaftLogWorker.java:execute(433)) - 75e8c5ea-f06a-43e1-af6e-1f7f9b0b2cc1-RaftLogWorker: Rolled log segment from /opt/src/hadoop-ozone/tools/target/test-dir/MiniOzoneClusterImpl-0519545d-318d-4c21-a2a0-688f18f8a31d/datanode-1/data/ratis/23ffc2a4-5526-4092-9dc4-6d4c5fd51127/current/log_inprogress_2064 to /opt/src/hadoop-ozone/tools/target/test-dir/MiniOzoneClusterImpl-0519545d-318d-4c21-a2a0-688f18f8a31d/datanode-1/data/ratis/23ffc2a4-5526-4092-9dc4-6d4c5fd51127/current/log_2064-2143
2019-07-03 07:08:09,567 INFO  storage.RaftLogWorker (RaftLogWorker.java:execute(433)) - 1d8d2908-dfb4-4358-9c6e-64b435d6fccc-RaftLogWorker: Rolled log segment from /opt/src/hadoop-ozone/tools/target/test-dir/MiniOzoneClusterImpl-0519545d-318d-4c21-a2a0-688f18f8a31d/datanode-2/data/ratis/23ffc2a4-5526-4092-9dc4-6d4c5fd51127/current/log_inprogress_2064 to /opt/src/hadoop-ozone/tools/target/test-dir/MiniOzoneClusterImpl-0519545d-318d-4c21-a2a0-688f18f8a31d/datanode-2/data/ratis/23ffc2a4-5526-4092-9dc4-6d4c5fd51127/current/log_2064-2143
2019-07-03 07:08:09,608 INFO  storage.RaftLogWorker (RaftLogWorker.java:execute(469)) - 6571ba41-d309-4d1d-a321-129a77bf1602-RaftLogWorker: created new log segment /opt/src/hadoop-ozone/tools/target/test-dir/MiniOzoneClusterImpl-0519545d-318d-4c21-a2a0-688f18f8a31d/datanode-4/data/ratis/23ffc2a4-5526-4092-9dc4-6d4c5fd51127/current/log_inprogress_2144
2019-07-03 07:08:09,608 INFO  storage.RaftLogWorker (RaftLogWorker.java:execute(469)) - 1d8d2908-dfb4-4358-9c6e-64b435d6fccc-RaftLogWorker: created new log segment /opt/src/hadoop-ozone/tools/target/test-dir/MiniOzoneClusterImpl-0519545d-318d-4c21-a2a0-688f18f8a31d/datanode-2/data/ratis/23ffc2a4-5526-4092-9dc4-6d4c5fd51127/current/log_inprogress_2144
2019-07-03 07:08:09,608 INFO  storage.RaftLogWorker (RaftLogWorker.java:execute(469)) - 75e8c5ea-f06a-43e1-af6e-1f7f9b0b2cc1-RaftLogWorker: created new log segment /opt/src/hadoop-ozone/tools/target/test-dir/MiniOzoneClusterImpl-0519545d-318d-4c21-a2a0-688f18f8a31d/datanode-1/data/ratis/23ffc2a4-5526-4092-9dc4-6d4c5fd51127/current/log_inprogress_2144
2019-07-03 07:08:09,621 INFO  client.GrpcClientProtocolClient (GrpcClientProtocolClient.java:onNext(254)) - client-253D2503C21A->6571ba41-d309-4d1d-a321-129a77bf1602: receive RaftClientReply:client-253D2503C21A->6571ba41-d309-4d1d-a321-129a77bf1602@group-6D4C5FD51127, cid=1471, SUCCESS, logIndex=2144, commits[6571ba41-d309-4d1d-a321-129a77bf1602:c2144, 75e8c5ea-f06a-43e1-af6e-1f7f9b0b2cc1:c2142, 1d8d2908-dfb4-4358-9c6e-64b435d6fccc:c2142]
2019-07-03 07:08:09,633 INFO  client.GrpcClientProtocolClient (GrpcClientProtocolClient.java:onNext(254)) - client-253D2503C21A->6571ba41-d309-4d1d-a321-129a77bf1602: receive RaftClientReply:client-253D2503C21A->6571ba41-d309-4d1d-a321-129a77bf1602@group-6D4C5FD51127, cid=1472, SUCCESS, logIndex=0, commits[6571ba41-d309-4d1d-a321-129a77bf1602:c2145, 75e8c5ea-f06a-43e1-af6e-1f7f9b0b2cc1:c2144, 1d8d2908-dfb4-4358-9c6e-64b435d6fccc:c2144]
2019-07-03 07:08:09,666 INFO  client.GrpcClientProtocolClient (GrpcClientProtocolClient.java:onNext(254)) - client-253D2503C21A->6571ba41-d309-4d1d-a321-129a77bf1602: receive RaftClientReply:client-253D2503C21A->6571ba41-d309-4d1d-a321-129a77bf1602@group-6D4C5FD51127, cid=1473, SUCCESS, logIndex=2146, commits[6571ba41-d309-4d1d-a321-129a77bf1602:c2146, 75e8c5ea-f06a-43e1-af6e-1f7f9b0b2cc1:c2145, 1d8d2908-dfb4-4358-9c6e-64b435d6fccc:c2145]
2019-07-03 07:08:09,678 INFO  client.GrpcClientProtocolClient (GrpcClientProtocolClient.java:onNext(254)) - client-253D2503C21A->6571ba41-d309-4d1d-a321-129a77bf1602: receive RaftClientReply:client-253D2503C21A->6571ba41-d309-4d1d-a321-129a77bf1602@group-6D4C5FD51127, cid=1474, SUCCESS, logIndex=2148, commits[6571ba41-d309-4d1d-a321-129a77bf1602:c2149, 75e8c5ea-f06a-43e1-af6e-1f7f9b0b2cc1:c2146, 1d8d2908-dfb4-4358-9c6e-64b435d6fccc:c2146]
2019-07-03 07:08:09,679 INFO  client.GrpcClientProtocolClient (GrpcClientProtocolClient.java:onNext(254)) - client-253D2503C21A->6571ba41-d309-4d1d-a321-129a77bf1602: receive RaftClientReply:client-253D2503C21A->6571ba41-d309-4d1d-a321-129a77bf1602@group-6D4C5FD51127, cid=1475, SUCCESS, logIndex=2149, commits[6571ba41-d309-4d1d-a321-129a77bf1602:c2149, 75e8c5ea-f06a-43e1-af6e-1f7f9b0b2cc1:c2146, 1d8d2908-dfb4-4358-9c6e-64b435d6fccc:c2146]
2019-07-03 07:08:09,691 INFO  client.GrpcClientProtocolClient (GrpcClientProtocolClient.java:onNext(254)) - client-253D2503C21A->6571ba41-d309-4d1d-a321-129a77bf1602: receive RaftClientReply:client-253D2503C21A->6571ba41-d309-4d1d-a321-129a77bf1602@group-6D4C5FD51127, cid=1476, SUCCESS, logIndex=2150, commits[6571ba41-d309-4d1d-a321-129a77bf1602:c2151, 75e8c5ea-f06a-43e1-af6e-1f7f9b0b2cc1:c2148, 1d8d2908-dfb4-4358-9c6e-64b435d6fccc:c2146]
2019-07-03 07:08:09,692 INFO  client.GrpcClientProtocolClient (GrpcClientProtocolClient.java:onNext(254)) - client-253D2503C21A->6571ba41-d309-4d1d-a321-129a77bf1602: receive RaftClientReply:client-253D2503C21A->6571ba41-d309-4d1d-a321-129a77bf1602@group-6D4C5FD51127, cid=1477, SUCCESS, logIndex=0, commits[6571ba41-d309-4d1d-a321-129a77bf1602:c2152, 75e8c5ea-f06a-43e1-af6e-1f7f9b0b2cc1:c2149, 1d8d2908-dfb4-4358-9c6e-64b435d6fccc:c2149]
 0.00% |█                                                                                                    |  0/1 Time: 0:00:172019-07-03 07:08:09,715 INFO  client.GrpcClientProtocolClient (GrpcClientProtocolClient.java:onNext(254)) - client-253D2503C21A->6571ba41-d309-4d1d-a321-129a77bf1602: receive RaftClientReply:client-253D2503C21A->6571ba41-d309-4d1d-a321-129a77bf1602@group-6D4C5FD51127, cid=1478, SUCCESS, logIndex=2154, commits[6571ba41-d309-4d1d-a321-129a77bf1602:c2154, 75e8c5ea-f06a-43e1-af6e-1f7f9b0b2cc1:c2153, 1d8d2908-dfb4-4358-9c6e-64b435d6fccc:c2153]
2019-07-03 07:08:09,736 INFO  client.GrpcClientProtocolClient (GrpcClientProtocolClient.java:onNext(254)) - client-253D2503C21A->6571ba41-d309-4d1d-a321-129a77bf1602: receive RaftClientReply:client-253D2503C21A->6571ba41-d309-4d1d-a321-129a77bf1602@group-6D4C5FD51127, cid=1479, SUCCESS, logIndex=2156, commits[6571ba41-d309-4d1d-a321-129a77bf1602:c2156, 75e8c5ea-f06a-43e1-af6e-1f7f9b0b2cc1:c2154, 1d8d2908-dfb4-4358-9c6e-64b435d6fccc:c2154]
2019-07-03 07:08:09,749 INFO  client.GrpcClientProtocolClient (GrpcClientProtocolClient.java:onNext(254)) - client-253D2503C21A->6571ba41-d309-4d1d-a321-129a77bf1602: receive RaftClientReply:client-253D2503C21A->6571ba41-d309-4d1d-a321-129a77bf1602@group-6D4C5FD51127, cid=1480, SUCCESS, logIndex=2158, commits[6571ba41-d309-4d1d-a321-129a77bf1602:c2158, 75e8c5ea-f06a-43e1-af6e-1f7f9b0b2cc1:c2156, 1d8d2908-dfb4-4358-9c6e-64b435d6fccc:c2156]
2019-07-03 07:08:09,753 INFO  client.GrpcClientProtocolClient (GrpcClientProtocolClient.java:onNext(254)) - client-253D2503C21A->6571ba41-d309-4d1d-a321-129a77bf1602: receive RaftClientReply:client-253D2503C21A->6571ba41-d309-4d1d-a321-129a77bf1602@group-6D4C5FD51127, cid=1481, SUCCESS, logIndex=2160, commits[6571ba41-d309-4d1d-a321-129a77bf1602:c2160, 75e8c5ea-f06a-43e1-af6e-1f7f9b0b2cc1:c2158, 1d8d2908-dfb4-4358-9c6e-64b435d6fccc:c2158]
2019-07-03 07:08:09,765 INFO  client.GrpcClientProtocolClient (GrpcClientProtocolClient.java:onNext(254)) - client-253D2503C21A->6571ba41-d309-4d1d-a321-129a77bf1602: receive RaftClientReply:client-253D2503C21A->6571ba41-d309-4d1d-a321-129a77bf1602@group-6D4C5FD51127, cid=1482, SUCCESS, logIndex=0, commits[6571ba41-d309-4d1d-a321-129a77bf1602:c2161, 75e8c5ea-f06a-43e1-af6e-1f7f9b0b2cc1:c2160, 1d8d2908-dfb4-4358-9c6e-64b435d6fccc:c2160]
2019-07-03 07:08:09,796 INFO  client.GrpcClientProtocolClient (GrpcClientProtocolClient.java:onNext(254)) - client-253D2503C21A->6571ba41-d309-4d1d-a321-129a77bf1602: receive RaftClientReply:client-253D2503C21A->6571ba41-d309-4d1d-a321-129a77bf1602@group-6D4C5FD51127, cid=1483, SUCCESS, logIndex=2162, commits[6571ba41-d309-4d1d-a321-129a77bf1602:c2162, 75e8c5ea-f06a-43e1-af6e-1f7f9b0b2cc1:c2161, 1d8d2908-dfb4-4358-9c6e-64b435d6fccc:c2161]
2019-07-03 07:08:09,808 INFO  client.GrpcClientProtocolClient (GrpcClientProtocolClient.java:onNext(254)) - client-253D2503C21A->6571ba41-d309-4d1d-a321-129a77bf1602: receive RaftClientReply:client-253D2503C21A->6571ba41-d309-4d1d-a321-129a77bf1602@group-6D4C5FD51127, cid=1484, SUCCESS, logIndex=2164, commits[6571ba41-d309-4d1d-a321-129a77bf1602:c2165, 75e8c5ea-f06a-43e1-af6e-1f7f9b0b2cc1:c2162, 1d8d2908-dfb4-4358-9c6e-64b435d6fccc:c2162]
2019-07-03 07:08:09,808 INFO  client.GrpcClientProtocolClient (GrpcClientProtocolClient.java:onNext(254)) - client-253D2503C21A->6571ba41-d309-4d1d-a321-129a77bf1602: receive RaftClientReply:client-253D2503C21A->6571ba41-d309-4d1d-a321-129a77bf1602@group-6D4C5FD51127, cid=1485, SUCCESS, logIndex=2165, commits[6571ba41-d309-4d1d-a321-129a77bf1602:c2165, 75e8c5ea-f06a-43e1-af6e-1f7f9b0b2cc1:c2162, 1d8d2908-dfb4-4358-9c6e-64b435d6fccc:c2162]
2019-07-03 07:08:09,809 INFO  client.GrpcClientProtocolClient (GrpcClientProtocolClient.java:onNext(254)) - client-253D2503C21A->6571ba41-d309-4d1d-a321-129a77bf1602: receive RaftClientReply:client-253D2503C21A->6571ba41-d309-4d1d-a321-129a77bf1602@group-6D4C5FD51127, cid=1486, SUCCESS, logIndex=2166, commits[6571ba41-d309-4d1d-a321-129a77bf1602:c2167, 75e8c5ea-f06a-43e1-af6e-1f7f9b0b2cc1:c2164, 1d8d2908-dfb4-4358-9c6e-64b435d6fccc:c2162]
2019-07-03 07:08:09,810 INFO  client.GrpcClientProtocolClient (GrpcClientProtocolClient.java:onNext(254)) - client-253D2503C21A->6571ba41-d309-4d1d-a321-129a77bf1602: receive RaftClientReply:client-253D2503C21A->6571ba41-d309-4d1d-a321-129a77bf1602@group-6D4C5FD51127, cid=1487, SUCCESS, logIndex=0, commits[6571ba41-d309-4d1d-a321-129a77bf1602:c2168, 75e8c5ea-f06a-43e1-af6e-1f7f9b0b2cc1:c2165, 1d8d2908-dfb4-4358-9c6e-64b435d6fccc:c2165]
2019-07-03 07:08:09,834 INFO  client.GrpcClientProtocolClient (GrpcClientProtocolClient.java:onNext(254)) - client-253D2503C21A->6571ba41-d309-4d1d-a321-129a77bf1602: receive RaftClientReply:client-253D2503C21A->6571ba41-d309-4d1d-a321-129a77bf1602@group-6D4C5FD51127, cid=1488, SUCCESS, logIndex=2170, commits[6571ba41-d309-4d1d-a321-129a77bf1602:c2170, 75e8c5ea-f06a-43e1-af6e-1f7f9b0b2cc1:c2169, 1d8d2908-dfb4-4358-9c6e-64b435d6fccc:c2169]
2019-07-03 07:08:09,837 INFO  client.GrpcClientProtocolClient (GrpcClientProtocolClient.java:onNext(254)) - client-253D2503C21A->6571ba41-d309-4d1d-a321-129a77bf1602: receive RaftClientReply:client-253D2503C21A->6571ba41-d309-4d1d-a321-129a77bf1602@group-6D4C5FD51127, cid=1489, SUCCESS, logIndex=2172, commits[6571ba41-d309-4d1d-a321-129a77bf1602:c2172, 75e8c5ea-f06a-43e1-af6e-1f7f9b0b2cc1:c2170, 1d8d2908-dfb4-4358-9c6e-64b435d6fccc:c2170]
2019-07-03 07:08:09,851 INFO  client.GrpcClientProtocolClient (GrpcClientProtocolClient.java:onNext(254)) - client-253D2503C21A->6571ba41-d309-4d1d-a321-129a77bf1602: receive RaftClientReply:client-253D2503C21A->6571ba41-d309-4d1d-a321-129a77bf1602@group-6D4C5FD51127, cid=1490, SUCCESS, logIndex=2174, commits[6571ba41-d309-4d1d-a321-129a77bf1602:c2174, 75e8c5ea-f06a-43e1-af6e-1f7f9b0b2cc1:c2172, 1d8d2908-dfb4-4358-9c6e-64b435d6fccc:c2172]
2019-07-03 07:08:09,865 INFO  client.GrpcClientProtocolClient (GrpcClientProtocolClient.java:onNext(254)) - client-253D2503C21A->6571ba41-d309-4d1d-a321-129a77bf1602: receive RaftClientReply:client-253D2503C21A->6571ba41-d309-4d1d-a321-129a77bf1602@group-6D4C5FD51127, cid=1491, SUCCESS, logIndex=2176, commits[6571ba41-d309-4d1d-a321-129a77bf1602:c2176, 75e8c5ea-f06a-43e1-af6e-1f7f9b0b2cc1:c2174, 1d8d2908-dfb4-4358-9c6e-64b435d6fccc:c2174]
2019-07-03 07:08:09,876 INFO  client.GrpcClientProtocolClient (GrpcClientProtocolClient.java:onNext(254)) - client-253D2503C21A->6571ba41-d309-4d1d-a321-129a77bf1602: receive RaftClientReply:client-253D2503C21A->6571ba41-d309-4d1d-a321-129a77bf1602@group-6D4C5FD51127, cid=1492, SUCCESS, logIndex=0, commits[6571ba41-d309-4d1d-a321-129a77bf1602:c2177, 75e8c5ea-f06a-43e1-af6e-1f7f9b0b2cc1:c2176, 1d8d2908-dfb4-4358-9c6e-64b435d6fccc:c2176]
2019-07-03 07:08:09,907 INFO  client.GrpcClientProtocolClient (GrpcClientProtocolClient.java:onNext(254)) - client-253D2503C21A->6571ba41-d309-4d1d-a321-129a77bf1602: receive RaftClientReply:client-253D2503C21A->6571ba41-d309-4d1d-a321-129a77bf1602@group-6D4C5FD51127, cid=1493, SUCCESS, logIndex=2178, commits[6571ba41-d309-4d1d-a321-129a77bf1602:c2178, 75e8c5ea-f06a-43e1-af6e-1f7f9b0b2cc1:c2177, 1d8d2908-dfb4-4358-9c6e-64b435d6fccc:c2177]
2019-07-03 07:08:10,047 INFO  client.GrpcClientProtocolClient (GrpcClientProtocolClient.java:onNext(254)) - client-253D2503C21A->6571ba41-d309-4d1d-a321-129a77bf1602: receive RaftClientReply:client-253D2503C21A->6571ba41-d309-4d1d-a321-129a77bf1602@group-6D4C5FD51127, cid=1494, SUCCESS, logIndex=2180, commits[6571ba41-d309-4d1d-a321-129a77bf1602:c2181, 75e8c5ea-f06a-43e1-af6e-1f7f9b0b2cc1:c2178, 1d8d2908-dfb4-4358-9c6e-64b435d6fccc:c2178]
2019-07-03 07:08:10,048 INFO  client.GrpcClientProtocolClient (GrpcClientProtocolClient.java:onNext(254)) - client-253D2503C21A->6571ba41-d309-4d1d-a321-129a77bf1602: receive RaftClientReply:client-253D2503C21A->6571ba41-d309-4d1d-a321-129a77bf1602@group-6D4C5FD51127, cid=1495, SUCCESS, logIndex=2181, commits[6571ba41-d309-4d1d-a321-129a77bf1602:c2182, 75e8c5ea-f06a-43e1-af6e-1f7f9b0b2cc1:c2178, 1d8d2908-dfb4-4358-9c6e-64b435d6fccc:c2178]
2019-07-03 07:08:10,048 INFO  client.GrpcClientProtocolClient (GrpcClientProtocolClient.java:onNext(254)) - client-253D2503C21A->6571ba41-d309-4d1d-a321-129a77bf1602: receive RaftClientReply:client-253D2503C21A->6571ba41-d309-4d1d-a321-129a77bf1602@group-6D4C5FD51127, cid=1496, SUCCESS, logIndex=2182, commits[6571ba41-d309-4d1d-a321-129a77bf1602:c2182, 75e8c5ea-f06a-43e1-af6e-1f7f9b0b2cc1:c2178, 1d8d2908-dfb4-4358-9c6e-64b435d6fccc:c2178]
2019-07-03 07:08:10,050 INFO  client.GrpcClientProtocolClient (GrpcClientProtocolClient.java:onNext(254)) - client-253D2503C21A->6571ba41-d309-4d1d-a321-129a77bf1602: receive RaftClientReply:client-253D2503C21A->6571ba41-d309-4d1d-a321-129a77bf1602@group-6D4C5FD51127, cid=1497, SUCCESS, logIndex=0, commits[6571ba41-d309-4d1d-a321-129a77bf1602:c2184, 75e8c5ea-f06a-43e1-af6e-1f7f9b0b2cc1:c2182, 1d8d2908-dfb4-4358-9c6e-64b435d6fccc:c2182]
2019-07-03 07:08:10,072 INFO  client.GrpcClientProtocolClient (GrpcClientProtocolClient.java:onNext(254)) - client-253D2503C21A->6571ba41-d309-4d1d-a321-129a77bf1602: receive RaftClientReply:client-253D2503C21A->6571ba41-d309-4d1d-a321-129a77bf1602@group-6D4C5FD51127, cid=1498, SUCCESS, logIndex=2185, commits[6571ba41-d309-4d1d-a321-129a77bf1602:c2185, 75e8c5ea-f06a-43e1-af6e-1f7f9b0b2cc1:c2184, 1d8d2908-dfb4-4358-9c6e-64b435d6fccc:c2184]
2019-07-03 07:08:10,085 INFO  client.GrpcClientProtocolClient (GrpcClientProtocolClient.java:onNext(254)) - client-253D2503C21A->6571ba41-d309-4d1d-a321-129a77bf1602: receive RaftClientReply:client-253D2503C21A->6571ba41-d309-4d1d-a321-129a77bf1602@group-6D4C5FD51127, cid=1499, SUCCESS, logIndex=2187, commits[6571ba41-d309-4d1d-a321-129a77bf1602:c2187, 75e8c5ea-f06a-43e1-af6e-1f7f9b0b2cc1:c2185, 1d8d2908-dfb4-4358-9c6e-64b435d6fccc:c2185]
2019-07-03 07:08:10,099 INFO  client.GrpcClientProtocolClient (GrpcClientProtocolClient.java:onNext(254)) - client-253D2503C21A->6571ba41-d309-4d1d-a321-129a77bf1602: receive RaftClientReply:client-253D2503C21A->6571ba41-d309-4d1d-a321-129a77bf1602@group-6D4C5FD51127, cid=1500, SUCCESS, logIndex=2189, commits[6571ba41-d309-4d1d-a321-129a77bf1602:c2189, 75e8c5ea-f06a-43e1-af6e-1f7f9b0b2cc1:c2187, 1d8d2908-dfb4-4358-9c6e-64b435d6fccc:c2187]
2019-07-03 07:08:10,102 INFO  client.GrpcClientProtocolClient (GrpcClientProtocolClient.java:onNext(254)) - client-253D2503C21A->6571ba41-d309-4d1d-a321-129a77bf1602: receive RaftClientReply:client-253D2503C21A->6571ba41-d309-4d1d-a321-129a77bf1602@group-6D4C5FD51127, cid=1501, SUCCESS, logIndex=2191, commits[6571ba41-d309-4d1d-a321-129a77bf1602:c2191, 75e8c5ea-f06a-43e1-af6e-1f7f9b0b2cc1:c2189, 1d8d2908-dfb4-4358-9c6e-64b435d6fccc:c2189]
2019-07-03 07:08:10,114 INFO  client.GrpcClientProtocolClient (GrpcClientProtocolClient.java:onNext(254)) - client-253D2503C21A->6571ba41-d309-4d1d-a321-129a77bf1602: receive RaftClientReply:client-253D2503C21A->6571ba41-d309-4d1d-a321-129a77bf1602@group-6D4C5FD51127, cid=1502, SUCCESS, logIndex=0, commits[6571ba41-d309-4d1d-a321-129a77bf1602:c2191, 75e8c5ea-f06a-43e1-af6e-1f7f9b0b2cc1:c2191, 1d8d2908-dfb4-4358-9c6e-64b435d6fccc:c2191]
2019-07-03 07:08:10,145 INFO  client.GrpcClientProtocolClient (GrpcClientProtocolClient.java:onNext(254)) - client-253D2503C21A->6571ba41-d309-4d1d-a321-129a77bf1602: receive RaftClientReply:client-253D2503C21A->6571ba41-d309-4d1d-a321-129a77bf1602@group-6D4C5FD51127, cid=1503, SUCCESS, logIndex=2193, commits[6571ba41-d309-4d1d-a321-129a77bf1602:c2193, 75e8c5ea-f06a-43e1-af6e-1f7f9b0b2cc1:c2192, 1d8d2908-dfb4-4358-9c6e-64b435d6fccc:c2192]
2019-07-03 07:08:10,157 INFO  client.GrpcClientProtocolClient (GrpcClientProtocolClient.java:onNext(254)) - client-253D2503C21A->6571ba41-d309-4d1d-a321-129a77bf1602: receive RaftClientReply:client-253D2503C21A->6571ba41-d309-4d1d-a321-129a77bf1602@group-6D4C5FD51127, cid=1504, SUCCESS, logIndex=2195, commits[6571ba41-d309-4d1d-a321-129a77bf1602:c2196, 75e8c5ea-f06a-43e1-af6e-1f7f9b0b2cc1:c2193, 1d8d2908-dfb4-4358-9c6e-64b435d6fccc:c2193]
2019-07-03 07:08:10,158 INFO  client.GrpcClientProtocolClient (GrpcClientProtocolClient.java:onNext(254)) - client-253D2503C21A->6571ba41-d309-4d1d-a321-129a77bf1602: receive RaftClientReply:client-253D2503C21A->6571ba41-d309-4d1d-a321-129a77bf1602@group-6D4C5FD51127, cid=1505, SUCCESS, logIndex=2196, commits[6571ba41-d309-4d1d-a321-129a77bf1602:c2196, 75e8c5ea-f06a-43e1-af6e-1f7f9b0b2cc1:c2193, 1d8d2908-dfb4-4358-9c6e-64b435d6fccc:c2193]
2019-07-03 07:08:10,159 INFO  client.GrpcClientProtocolClient (GrpcClientProtocolClient.java:onNext(254)) - client-253D2503C21A->6571ba41-d309-4d1d-a321-129a77bf1602: receive RaftClientReply:client-253D2503C21A->6571ba41-d309-4d1d-a321-129a77bf1602@group-6D4C5FD51127, cid=1506, SUCCESS, logIndex=2197, commits[6571ba41-d309-4d1d-a321-129a77bf1602:c2197, 75e8c5ea-f06a-43e1-af6e-1f7f9b0b2cc1:c2193, 1d8d2908-dfb4-4358-9c6e-64b435d6fccc:c2193]
2019-07-03 07:08:10,160 INFO  client.GrpcClientProtocolClient (GrpcClientProtocolClient.java:onNext(254)) - client-253D2503C21A->6571ba41-d309-4d1d-a321-129a77bf1602: receive RaftClientReply:client-253D2503C21A->6571ba41-d309-4d1d-a321-129a77bf1602@group-6D4C5FD51127, cid=1507, SUCCESS, logIndex=0, commits[6571ba41-d309-4d1d-a321-129a77bf1602:c2199, 75e8c5ea-f06a-43e1-af6e-1f7f9b0b2cc1:c2196, 1d8d2908-dfb4-4358-9c6e-64b435d6fccc:c2196]
2019-07-03 07:08:10,181 INFO  client.GrpcClientProtocolClient (GrpcClientProtocolClient.java:onNext(254)) - client-253D2503C21A->6571ba41-d309-4d1d-a321-129a77bf1602: receive RaftClientReply:client-253D2503C21A->6571ba41-d309-4d1d-a321-129a77bf1602@group-6D4C5FD51127, cid=1508, SUCCESS, logIndex=2201, commits[6571ba41-d309-4d1d-a321-129a77bf1602:c2201, 75e8c5ea-f06a-43e1-af6e-1f7f9b0b2cc1:c2200, 1d8d2908-dfb4-4358-9c6e-64b435d6fccc:c2200]
2019-07-03 07:08:10,194 INFO  client.GrpcClientProtocolClient (GrpcClientProtocolClient.java:onNext(254)) - client-253D2503C21A->6571ba41-d309-4d1d-a321-129a77bf1602: receive RaftClientReply:client-253D2503C21A->6571ba41-d309-4d1d-a321-129a77bf1602@group-6D4C5FD51127, cid=1509, SUCCESS, logIndex=2203, commits[6571ba41-d309-4d1d-a321-129a77bf1602:c2203, 75e8c5ea-f06a-43e1-af6e-1f7f9b0b2cc1:c2201, 1d8d2908-dfb4-4358-9c6e-64b435d6fccc:c2201]
2019-07-03 07:08:10,207 INFO  client.GrpcClientProtocolClient (GrpcClientProtocolClient.java:onNext(254)) - client-253D2503C21A->6571ba41-d309-4d1d-a321-129a77bf1602: receive RaftClientReply:client-253D2503C21A->6571ba41-d309-4d1d-a321-129a77bf1602@group-6D4C5FD51127, cid=1510, SUCCESS, logIndex=2205, commits[6571ba41-d309-4d1d-a321-129a77bf1602:c2205, 75e8c5ea-f06a-43e1-af6e-1f7f9b0b2cc1:c2203, 1d8d2908-dfb4-4358-9c6e-64b435d6fccc:c2203]
2019-07-03 07:08:10,211 INFO  client.GrpcClientProtocolClient (GrpcClientProtocolClient.java:onNext(254)) - client-253D2503C21A->6571ba41-d309-4d1d-a321-129a77bf1602: receive RaftClientReply:client-253D2503C21A->6571ba41-d309-4d1d-a321-129a77bf1602@group-6D4C5FD51127, cid=1511, SUCCESS, logIndex=2207, commits[6571ba41-d309-4d1d-a321-129a77bf1602:c2207, 75e8c5ea-f06a-43e1-af6e-1f7f9b0b2cc1:c2205, 1d8d2908-dfb4-4358-9c6e-64b435d6fccc:c2205]
2019-07-03 07:08:10,230 INFO  client.GrpcClientProtocolClient (GrpcClientProtocolClient.java:onNext(254)) - client-253D2503C21A->6571ba41-d309-4d1d-a321-129a77bf1602: receive RaftClientReply:client-253D2503C21A->6571ba41-d309-4d1d-a321-129a77bf1602@group-6D4C5FD51127, cid=1512, SUCCESS, logIndex=0, commits[6571ba41-d309-4d1d-a321-129a77bf1602:c2208, 75e8c5ea-f06a-43e1-af6e-1f7f9b0b2cc1:c2207, 1d8d2908-dfb4-4358-9c6e-64b435d6fccc:c2207]
2019-07-03 07:08:10,261 INFO  client.GrpcClientProtocolClient (GrpcClientProtocolClient.java:onNext(254)) - client-253D2503C21A->6571ba41-d309-4d1d-a321-129a77bf1602: receive RaftClientReply:client-253D2503C21A->6571ba41-d309-4d1d-a321-129a77bf1602@group-6D4C5FD51127, cid=1513, SUCCESS, logIndex=2209, commits[6571ba41-d309-4d1d-a321-129a77bf1602:c2209, 75e8c5ea-f06a-43e1-af6e-1f7f9b0b2cc1:c2208, 1d8d2908-dfb4-4358-9c6e-64b435d6fccc:c2208]
2019-07-03 07:08:10,274 INFO  client.GrpcClientProtocolClient (GrpcClientProtocolClient.java:onNext(254)) - client-253D2503C21A->6571ba41-d309-4d1d-a321-129a77bf1602: receive RaftClientReply:client-253D2503C21A->6571ba41-d309-4d1d-a321-129a77bf1602@group-6D4C5FD51127, cid=1514, SUCCESS, logIndex=2211, commits[6571ba41-d309-4d1d-a321-129a77bf1602:c2212, 75e8c5ea-f06a-43e1-af6e-1f7f9b0b2cc1:c2209, 1d8d2908-dfb4-4358-9c6e-64b435d6fccc:c2209]
2019-07-03 07:08:10,274 INFO  client.GrpcClientProtocolClient (GrpcClientProtocolClient.java:onNext(254)) - client-253D2503C21A->6571ba41-d309-4d1d-a321-129a77bf1602: receive RaftClientReply:client-253D2503C21A->6571ba41-d309-4d1d-a321-129a77bf1602@group-6D4C5FD51127, cid=1515, SUCCESS, logIndex=2212, commits[6571ba41-d309-4d1d-a321-129a77bf1602:c2212, 75e8c5ea-f06a-43e1-af6e-1f7f9b0b2cc1:c2209, 1d8d2908-dfb4-4358-9c6e-64b435d6fccc:c2209]
2019-07-03 07:08:10,275 INFO  client.GrpcClientProtocolClient (GrpcClientProtocolClient.java:onNext(254)) - client-253D2503C21A->6571ba41-d309-4d1d-a321-129a77bf1602: receive RaftClientReply:client-253D2503C21A->6571ba41-d309-4d1d-a321-129a77bf1602@group-6D4C5FD51127, cid=1516, SUCCESS, logIndex=2213, commits[6571ba41-d309-4d1d-a321-129a77bf1602:c2213, 75e8c5ea-f06a-43e1-af6e-1f7f9b0b2cc1:c2209, 1d8d2908-dfb4-4358-9c6e-64b435d6fccc:c2209]
2019-07-03 07:08:10,276 INFO  client.GrpcClientProtocolClient (GrpcClientProtocolClient.java:onNext(254)) - client-253D2503C21A->6571ba41-d309-4d1d-a321-129a77bf1602: receive RaftClientReply:client-253D2503C21A->6571ba41-d309-4d1d-a321-129a77bf1602@group-6D4C5FD51127, cid=1517, SUCCESS, logIndex=0, commits[6571ba41-d309-4d1d-a321-129a77bf1602:c2215, 75e8c5ea-f06a-43e1-af6e-1f7f9b0b2cc1:c2212, 1d8d2908-dfb4-4358-9c6e-64b435d6fccc:c2211]
2019-07-03 07:08:10,297 INFO  client.GrpcClientProtocolClient (GrpcClientProtocolClient.java:onNext(254)) - client-253D2503C21A->6571ba41-d309-4d1d-a321-129a77bf1602: receive RaftClientReply:client-253D2503C21A->6571ba41-d309-4d1d-a321-129a77bf1602@group-6D4C5FD51127, cid=1518, SUCCESS, logIndex=2217, commits[6571ba41-d309-4d1d-a321-129a77bf1602:c2217, 75e8c5ea-f06a-43e1-af6e-1f7f9b0b2cc1:c2216, 1d8d2908-dfb4-4358-9c6e-64b435d6fccc:c2216]
2019-07-03 07:08:10,310 INFO  client.GrpcClientProtocolClient (GrpcClientProtocolClient.java:onNext(254)) - client-253D2503C21A->6571ba41-d309-4d1d-a321-129a77bf1602: receive RaftClientReply:client-253D2503C21A->6571ba41-d309-4d1d-a321-129a77bf1602@group-6D4C5FD51127, cid=1519, SUCCESS, logIndex=2219, commits[6571ba41-d309-4d1d-a321-129a77bf1602:c2219, 75e8c5ea-f06a-43e1-af6e-1f7f9b0b2cc1:c2217, 1d8d2908-dfb4-4358-9c6e-64b435d6fccc:c2217]
2019-07-03 07:08:10,324 INFO  storage.RaftLogWorker (RaftLogWorker.java:rollLogSegment(303)) - 6571ba41-d309-4d1d-a321-129a77bf1602-RaftLogWorker: Rolling segment log-2144_2222 to index:2222
2019-07-03 07:08:10,324 INFO  client.GrpcClientProtocolClient (GrpcClientProtocolClient.java:onNext(254)) - client-253D2503C21A->6571ba41-d309-4d1d-a321-129a77bf1602: receive RaftClientReply:client-253D2503C21A->6571ba41-d309-4d1d-a321-129a77bf1602@group-6D4C5FD51127, cid=1520, SUCCESS, logIndex=2221, commits[6571ba41-d309-4d1d-a321-129a77bf1602:c2221, 75e8c5ea-f06a-43e1-af6e-1f7f9b0b2cc1:c2219, 1d8d2908-dfb4-4358-9c6e-64b435d6fccc:c2219]
2019-07-03 07:08:10,324 INFO  storage.RaftLogWorker (RaftLogWorker.java:rollLogSegment(303)) - 1d8d2908-dfb4-4358-9c6e-64b435d6fccc-RaftLogWorker: Rolling segment log-2144_2222 to index:2222
2019-07-03 07:08:10,324 INFO  storage.RaftLogWorker (RaftLogWorker.java:rollLogSegment(303)) - 75e8c5ea-f06a-43e1-af6e-1f7f9b0b2cc1-RaftLogWorker: Rolling segment log-2144_2222 to index:2222
2019-07-03 07:08:10,334 INFO  storage.RaftLogWorker (RaftLogWorker.java:execute(433)) - 6571ba41-d309-4d1d-a321-129a77bf1602-RaftLogWorker: Rolled log segment from /opt/src/hadoop-ozone/tools/target/test-dir/MiniOzoneClusterImpl-0519545d-318d-4c21-a2a0-688f18f8a31d/datanode-4/data/ratis/23ffc2a4-5526-4092-9dc4-6d4c5fd51127/current/log_inprogress_2144 to /opt/src/hadoop-ozone/tools/target/test-dir/MiniOzoneClusterImpl-0519545d-318d-4c21-a2a0-688f18f8a31d/datanode-4/data/ratis/23ffc2a4-5526-4092-9dc4-6d4c5fd51127/current/log_2144-2222
2019-07-03 07:08:10,335 INFO  storage.RaftLogWorker (RaftLogWorker.java:execute(433)) - 1d8d2908-dfb4-4358-9c6e-64b435d6fccc-RaftLogWorker: Rolled log segment from /opt/src/hadoop-ozone/tools/target/test-dir/MiniOzoneClusterImpl-0519545d-318d-4c21-a2a0-688f18f8a31d/datanode-2/data/ratis/23ffc2a4-5526-4092-9dc4-6d4c5fd51127/current/log_inprogress_2144 to /opt/src/hadoop-ozone/tools/target/test-dir/MiniOzoneClusterImpl-0519545d-318d-4c21-a2a0-688f18f8a31d/datanode-2/data/ratis/23ffc2a4-5526-4092-9dc4-6d4c5fd51127/current/log_2144-2222
2019-07-03 07:08:10,335 INFO  storage.RaftLogWorker (RaftLogWorker.java:execute(433)) - 75e8c5ea-f06a-43e1-af6e-1f7f9b0b2cc1-RaftLogWorker: Rolled log segment from /opt/src/hadoop-ozone/tools/target/test-dir/MiniOzoneClusterImpl-0519545d-318d-4c21-a2a0-688f18f8a31d/datanode-1/data/ratis/23ffc2a4-5526-4092-9dc4-6d4c5fd51127/current/log_inprogress_2144 to /opt/src/hadoop-ozone/tools/target/test-dir/MiniOzoneClusterImpl-0519545d-318d-4c21-a2a0-688f18f8a31d/datanode-1/data/ratis/23ffc2a4-5526-4092-9dc4-6d4c5fd51127/current/log_2144-2222
2019-07-03 07:08:10,387 INFO  storage.RaftLogWorker (RaftLogWorker.java:execute(469)) - 6571ba41-d309-4d1d-a321-129a77bf1602-RaftLogWorker: created new log segment /opt/src/hadoop-ozone/tools/target/test-dir/MiniOzoneClusterImpl-0519545d-318d-4c21-a2a0-688f18f8a31d/datanode-4/data/ratis/23ffc2a4-5526-4092-9dc4-6d4c5fd51127/current/log_inprogress_2223
2019-07-03 07:08:10,387 INFO  storage.RaftLogWorker (RaftLogWorker.java:execute(469)) - 75e8c5ea-f06a-43e1-af6e-1f7f9b0b2cc1-RaftLogWorker: created new log segment /opt/src/hadoop-ozone/tools/target/test-dir/MiniOzoneClusterImpl-0519545d-318d-4c21-a2a0-688f18f8a31d/datanode-1/data/ratis/23ffc2a4-5526-4092-9dc4-6d4c5fd51127/current/log_inprogress_2223
2019-07-03 07:08:10,387 INFO  storage.RaftLogWorker (RaftLogWorker.java:execute(469)) - 1d8d2908-dfb4-4358-9c6e-64b435d6fccc-RaftLogWorker: created new log segment /opt/src/hadoop-ozone/tools/target/test-dir/MiniOzoneClusterImpl-0519545d-318d-4c21-a2a0-688f18f8a31d/datanode-2/data/ratis/23ffc2a4-5526-4092-9dc4-6d4c5fd51127/current/log_inprogress_2223
2019-07-03 07:08:10,401 INFO  client.GrpcClientProtocolClient (GrpcClientProtocolClient.java:onNext(254)) - client-253D2503C21A->6571ba41-d309-4d1d-a321-129a77bf1602: receive RaftClientReply:client-253D2503C21A->6571ba41-d309-4d1d-a321-129a77bf1602@group-6D4C5FD51127, cid=1521, SUCCESS, logIndex=2223, commits[6571ba41-d309-4d1d-a321-129a77bf1602:c2223, 75e8c5ea-f06a-43e1-af6e-1f7f9b0b2cc1:c2221, 1d8d2908-dfb4-4358-9c6e-64b435d6fccc:c2221]
2019-07-03 07:08:10,413 INFO  client.GrpcClientProtocolClient (GrpcClientProtocolClient.java:onNext(254)) - client-253D2503C21A->6571ba41-d309-4d1d-a321-129a77bf1602: receive RaftClientReply:client-253D2503C21A->6571ba41-d309-4d1d-a321-129a77bf1602@group-6D4C5FD51127, cid=1522, SUCCESS, logIndex=0, commits[6571ba41-d309-4d1d-a321-129a77bf1602:c2223, 75e8c5ea-f06a-43e1-af6e-1f7f9b0b2cc1:c2223, 1d8d2908-dfb4-4358-9c6e-64b435d6fccc:c2223]
2019-07-03 07:08:10,443 INFO  client.GrpcClientProtocolClient (GrpcClientProtocolClient.java:onNext(254)) - client-253D2503C21A->6571ba41-d309-4d1d-a321-129a77bf1602: receive RaftClientReply:client-253D2503C21A->6571ba41-d309-4d1d-a321-129a77bf1602@group-6D4C5FD51127, cid=1523, SUCCESS, logIndex=2225, commits[6571ba41-d309-4d1d-a321-129a77bf1602:c2225, 75e8c5ea-f06a-43e1-af6e-1f7f9b0b2cc1:c2224, 1d8d2908-dfb4-4358-9c6e-64b435d6fccc:c2224]
2019-07-03 07:08:10,455 INFO  client.GrpcClientProtocolClient (GrpcClientProtocolClient.java:onNext(254)) - client-253D2503C21A->6571ba41-d309-4d1d-a321-129a77bf1602: receive RaftClientReply:client-253D2503C21A->6571ba41-d309-4d1d-a321-129a77bf1602@group-6D4C5FD51127, cid=1524, SUCCESS, logIndex=2227, commits[6571ba41-d309-4d1d-a321-129a77bf1602:c2227, 75e8c5ea-f06a-43e1-af6e-1f7f9b0b2cc1:c2225, 1d8d2908-dfb4-4358-9c6e-64b435d6fccc:c2225]
2019-07-03 07:08:10,456 INFO  client.GrpcClientProtocolClient (GrpcClientProtocolClient.java:onNext(254)) - client-253D2503C21A->6571ba41-d309-4d1d-a321-129a77bf1602: receive RaftClientReply:client-253D2503C21A->6571ba41-d309-4d1d-a321-129a77bf1602@group-6D4C5FD51127, cid=1525, SUCCESS, logIndex=2228, commits[6571ba41-d309-4d1d-a321-129a77bf1602:c2228, 75e8c5ea-f06a-43e1-af6e-1f7f9b0b2cc1:c2225, 1d8d2908-dfb4-4358-9c6e-64b435d6fccc:c2225]
2019-07-03 07:08:10,467 INFO  client.GrpcClientProtocolClient (GrpcClientProtocolClient.java:onNext(254)) - client-253D2503C21A->6571ba41-d309-4d1d-a321-129a77bf1602: receive RaftClientReply:client-253D2503C21A->6571ba41-d309-4d1d-a321-129a77bf1602@group-6D4C5FD51127, cid=1526, SUCCESS, logIndex=2229, commits[6571ba41-d309-4d1d-a321-129a77bf1602:c2230, 75e8c5ea-f06a-43e1-af6e-1f7f9b0b2cc1:c2225, 1d8d2908-dfb4-4358-9c6e-64b435d6fccc:c2227]
2019-07-03 07:08:10,468 INFO  client.GrpcClientProtocolClient (GrpcClientProtocolClient.java:onNext(254)) - client-253D2503C21A->6571ba41-d309-4d1d-a321-129a77bf1602: receive RaftClientReply:client-253D2503C21A->6571ba41-d309-4d1d-a321-129a77bf1602@group-6D4C5FD51127, cid=1527, SUCCESS, logIndex=0, commits[6571ba41-d309-4d1d-a321-129a77bf1602:c2231, 75e8c5ea-f06a-43e1-af6e-1f7f9b0b2cc1:c2228, 1d8d2908-dfb4-4358-9c6e-64b435d6fccc:c2228]
2019-07-03 07:08:10,494 INFO  client.GrpcClientProtocolClient (GrpcClientProtocolClient.java:onNext(254)) - client-253D2503C21A->6571ba41-d309-4d1d-a321-129a77bf1602: receive RaftClientReply:client-253D2503C21A->6571ba41-d309-4d1d-a321-129a77bf1602@group-6D4C5FD51127, cid=1528, SUCCESS, logIndex=2233, commits[6571ba41-d309-4d1d-a321-129a77bf1602:c2233, 75e8c5ea-f06a-43e1-af6e-1f7f9b0b2cc1:c2232, 1d8d2908-dfb4-4358-9c6e-64b435d6fccc:c2232]
2019-07-03 07:08:10,507 INFO  client.GrpcClientProtocolClient (GrpcClientProtocolClient.java:onNext(254)) - client-253D2503C21A->6571ba41-d309-4d1d-a321-129a77bf1602: receive RaftClientReply:client-253D2503C21A->6571ba41-d309-4d1d-a321-129a77bf1602@group-6D4C5FD51127, cid=1529, SUCCESS, logIndex=2235, commits[6571ba41-d309-4d1d-a321-129a77bf1602:c2235, 75e8c5ea-f06a-43e1-af6e-1f7f9b0b2cc1:c2233, 1d8d2908-dfb4-4358-9c6e-64b435d6fccc:c2233]
2019-07-03 07:08:10,532 INFO  client.GrpcClientProtocolClient (GrpcClientProtocolClient.java:onNext(254)) - client-253D2503C21A->6571ba41-d309-4d1d-a321-129a77bf1602: receive RaftClientReply:client-253D2503C21A->6571ba41-d309-4d1d-a321-129a77bf1602@group-6D4C5FD51127, cid=1530, SUCCESS, logIndex=2237, commits[6571ba41-d309-4d1d-a321-129a77bf1602:c2237, 75e8c5ea-f06a-43e1-af6e-1f7f9b0b2cc1:c2235, 1d8d2908-dfb4-4358-9c6e-64b435d6fccc:c2235]
2019-07-03 07:08:10,545 INFO  client.GrpcClientProtocolClient (GrpcClientProtocolClient.java:onNext(254)) - client-253D2503C21A->6571ba41-d309-4d1d-a321-129a77bf1602: receive RaftClientReply:client-253D2503C21A->6571ba41-d309-4d1d-a321-129a77bf1602@group-6D4C5FD51127, cid=1531, SUCCESS, logIndex=2239, commits[6571ba41-d309-4d1d-a321-129a77bf1602:c2239, 75e8c5ea-f06a-43e1-af6e-1f7f9b0b2cc1:c2237, 1d8d2908-dfb4-4358-9c6e-64b435d6fccc:c2237]
2019-07-03 07:08:10,557 INFO  client.GrpcClientProtocolClient (GrpcClientProtocolClient.java:onNext(254)) - client-253D2503C21A->6571ba41-d309-4d1d-a321-129a77bf1602: receive RaftClientReply:client-253D2503C21A->6571ba41-d309-4d1d-a321-129a77bf1602@group-6D4C5FD51127, cid=1532, SUCCESS, logIndex=0, commits[6571ba41-d309-4d1d-a321-129a77bf1602:c2240, 75e8c5ea-f06a-43e1-af6e-1f7f9b0b2cc1:c2239, 1d8d2908-dfb4-4358-9c6e-64b435d6fccc:c2239]
2019-07-03 07:08:10,588 INFO  client.GrpcClientProtocolClient (GrpcClientProtocolClient.java:onNext(254)) - client-253D2503C21A->6571ba41-d309-4d1d-a321-129a77bf1602: receive RaftClientReply:client-253D2503C21A->6571ba41-d309-4d1d-a321-129a77bf1602@group-6D4C5FD51127, cid=1533, SUCCESS, logIndex=2241, commits[6571ba41-d309-4d1d-a321-129a77bf1602:c2241, 75e8c5ea-f06a-43e1-af6e-1f7f9b0b2cc1:c2240, 1d8d2908-dfb4-4358-9c6e-64b435d6fccc:c2240]
2019-07-03 07:08:10,601 INFO  client.GrpcClientProtocolClient (GrpcClientProtocolClient.java:onNext(254)) - client-253D2503C21A->6571ba41-d309-4d1d-a321-129a77bf1602: receive RaftClientReply:client-253D2503C21A->6571ba41-d309-4d1d-a321-129a77bf1602@group-6D4C5FD51127, cid=1534, SUCCESS, logIndex=2243, commits[6571ba41-d309-4d1d-a321-129a77bf1602:c2244, 75e8c5ea-f06a-43e1-af6e-1f7f9b0b2cc1:c2241, 1d8d2908-dfb4-4358-9c6e-64b435d6fccc:c2241]
2019-07-03 07:08:10,601 INFO  client.GrpcClientProtocolClient (GrpcClientProtocolClient.java:onNext(254)) - client-253D2503C21A->6571ba41-d309-4d1d-a321-129a77bf1602: receive RaftClientReply:client-253D2503C21A->6571ba41-d309-4d1d-a321-129a77bf1602@group-6D4C5FD51127, cid=1535, SUCCESS, logIndex=2244, commits[6571ba41-d309-4d1d-a321-129a77bf1602:c2244, 75e8c5ea-f06a-43e1-af6e-1f7f9b0b2cc1:c2241, 1d8d2908-dfb4-4358-9c6e-64b435d6fccc:c2241]
2019-07-03 07:08:10,614 INFO  client.GrpcClientProtocolClient (GrpcClientProtocolClient.java:onNext(254)) - client-253D2503C21A->6571ba41-d309-4d1d-a321-129a77bf1602: receive RaftClientReply:client-253D2503C21A->6571ba41-d309-4d1d-a321-129a77bf1602@group-6D4C5FD51127, cid=1536, SUCCESS, logIndex=2245, commits[6571ba41-d309-4d1d-a321-129a77bf1602:c2247, 75e8c5ea-f06a-43e1-af6e-1f7f9b0b2cc1:c2244, 1d8d2908-dfb4-4358-9c6e-64b435d6fccc:c2243]
2019-07-03 07:08:10,635 INFO  client.GrpcClientProtocolClient (GrpcClientProtocolClient.java:onNext(254)) - client-253D2503C21A->6571ba41-d309-4d1d-a321-129a77bf1602: receive RaftClientReply:client-253D2503C21A->6571ba41-d309-4d1d-a321-129a77bf1602@group-6D4C5FD51127, cid=1537, SUCCESS, logIndex=2249, commits[6571ba41-d309-4d1d-a321-129a77bf1602:c2249, 75e8c5ea-f06a-43e1-af6e-1f7f9b0b2cc1:c2248, 1d8d2908-dfb4-4358-9c6e-64b435d6fccc:c2248]
2019-07-03 07:08:10,649 INFO  client.GrpcClientProtocolClient (GrpcClientProtocolClient.java:onNext(254)) - client-253D2503C21A->6571ba41-d309-4d1d-a321-129a77bf1602: receive RaftClientReply:client-253D2503C21A->6571ba41-d309-4d1d-a321-129a77bf1602@group-6D4C5FD51127, cid=1538, SUCCESS, logIndex=2251, commits[6571ba41-d309-4d1d-a321-129a77bf1602:c2251, 75e8c5ea-f06a-43e1-af6e-1f7f9b0b2cc1:c2249, 1d8d2908-dfb4-4358-9c6e-64b435d6fccc:c2249]
2019-07-03 07:08:10,662 INFO  client.GrpcClientProtocolClient (GrpcClientProtocolClient.java:onNext(254)) - client-253D2503C21A->6571ba41-d309-4d1d-a321-129a77bf1602: receive RaftClientReply:client-253D2503C21A->6571ba41-d309-4d1d-a321-129a77bf1602@group-6D4C5FD51127, cid=1539, SUCCESS, logIndex=2253, commits[6571ba41-d309-4d1d-a321-129a77bf1602:c2253, 75e8c5ea-f06a-43e1-af6e-1f7f9b0b2cc1:c2251, 1d8d2908-dfb4-4358-9c6e-64b435d6fccc:c2251]
2019-07-03 07:08:10,676 INFO  client.GrpcClientProtocolClient (GrpcClientProtocolClient.java:onNext(254)) - client-253D2503C21A->6571ba41-d309-4d1d-a321-129a77bf1602: receive RaftClientReply:client-253D2503C21A->6571ba41-d309-4d1d-a321-129a77bf1602@group-6D4C5FD51127, cid=1540, SUCCESS, logIndex=2255, commits[6571ba41-d309-4d1d-a321-129a77bf1602:c2255, 75e8c5ea-f06a-43e1-af6e-1f7f9b0b2cc1:c2253, 1d8d2908-dfb4-4358-9c6e-64b435d6fccc:c2253]
2019-07-03 07:08:10,688 INFO  client.GrpcClientProtocolClient (GrpcClientProtocolClient.java:onNext(254)) - client-253D2503C21A->6571ba41-d309-4d1d-a321-129a77bf1602: receive RaftClientReply:client-253D2503C21A->6571ba41-d309-4d1d-a321-129a77bf1602@group-6D4C5FD51127, cid=1541, SUCCESS, logIndex=0, commits[6571ba41-d309-4d1d-a321-129a77bf1602:c2256, 75e8c5ea-f06a-43e1-af6e-1f7f9b0b2cc1:c2255, 1d8d2908-dfb4-4358-9c6e-64b435d6fccc:c2255]
 0.00% |█                                                                                                    |  0/1 Time: 0:00:182019-07-03 07:08:10,711 INFO  client.GrpcClientProtocolClient (GrpcClientProtocolClient.java:onNext(254)) - client-253D2503C21A->6571ba41-d309-4d1d-a321-129a77bf1602: receive RaftClientReply:client-253D2503C21A->6571ba41-d309-4d1d-a321-129a77bf1602@group-6D4C5FD51127, cid=1542, SUCCESS, logIndex=2257, commits[6571ba41-d309-4d1d-a321-129a77bf1602:c2257, 75e8c5ea-f06a-43e1-af6e-1f7f9b0b2cc1:c2256, 1d8d2908-dfb4-4358-9c6e-64b435d6fccc:c2256]
2019-07-03 07:08:10,715 INFO  client.GrpcClientProtocolClient (GrpcClientProtocolClient.java:onNext(254)) - client-253D2503C21A->6571ba41-d309-4d1d-a321-129a77bf1602: receive RaftClientReply:client-253D2503C21A->6571ba41-d309-4d1d-a321-129a77bf1602@group-6D4C5FD51127, cid=1543, SUCCESS, logIndex=2259, commits[6571ba41-d309-4d1d-a321-129a77bf1602:c2259, 75e8c5ea-f06a-43e1-af6e-1f7f9b0b2cc1:c2257, 1d8d2908-dfb4-4358-9c6e-64b435d6fccc:c2257]
2019-07-03 07:08:10,717 INFO  client.GrpcClientProtocolClient (GrpcClientProtocolClient.java:onNext(254)) - client-253D2503C21A->6571ba41-d309-4d1d-a321-129a77bf1602: receive RaftClientReply:client-253D2503C21A->6571ba41-d309-4d1d-a321-129a77bf1602@group-6D4C5FD51127, cid=1544, SUCCESS, logIndex=2260, commits[6571ba41-d309-4d1d-a321-129a77bf1602:c2261, 75e8c5ea-f06a-43e1-af6e-1f7f9b0b2cc1:c2257, 1d8d2908-dfb4-4358-9c6e-64b435d6fccc:c2257]
2019-07-03 07:08:10,718 INFO  client.GrpcClientProtocolClient (GrpcClientProtocolClient.java:onNext(254)) - client-253D2503C21A->6571ba41-d309-4d1d-a321-129a77bf1602: receive RaftClientReply:client-253D2503C21A->6571ba41-d309-4d1d-a321-129a77bf1602@group-6D4C5FD51127, cid=1545, SUCCESS, logIndex=2261, commits[6571ba41-d309-4d1d-a321-129a77bf1602:c2261, 75e8c5ea-f06a-43e1-af6e-1f7f9b0b2cc1:c2257, 1d8d2908-dfb4-4358-9c6e-64b435d6fccc:c2257]
2019-07-03 07:08:10,719 INFO  client.GrpcClientProtocolClient (GrpcClientProtocolClient.java:onNext(254)) - client-253D2503C21A->6571ba41-d309-4d1d-a321-129a77bf1602: receive RaftClientReply:client-253D2503C21A->6571ba41-d309-4d1d-a321-129a77bf1602@group-6D4C5FD51127, cid=1546, SUCCESS, logIndex=0, commits[6571ba41-d309-4d1d-a321-129a77bf1602:c2263, 75e8c5ea-f06a-43e1-af6e-1f7f9b0b2cc1:c2260, 1d8d2908-dfb4-4358-9c6e-64b435d6fccc:c2260]
2019-07-03 07:08:10,749 INFO  client.GrpcClientProtocolClient (GrpcClientProtocolClient.java:onNext(254)) - client-253D2503C21A->6571ba41-d309-4d1d-a321-129a77bf1602: receive RaftClientReply:client-253D2503C21A->6571ba41-d309-4d1d-a321-129a77bf1602@group-6D4C5FD51127, cid=1547, SUCCESS, logIndex=2265, commits[6571ba41-d309-4d1d-a321-129a77bf1602:c2265, 75e8c5ea-f06a-43e1-af6e-1f7f9b0b2cc1:c2264, 1d8d2908-dfb4-4358-9c6e-64b435d6fccc:c2264]
2019-07-03 07:08:10,762 INFO  client.GrpcClientProtocolClient (GrpcClientProtocolClient.java:onNext(254)) - client-253D2503C21A->6571ba41-d309-4d1d-a321-129a77bf1602: receive RaftClientReply:client-253D2503C21A->6571ba41-d309-4d1d-a321-129a77bf1602@group-6D4C5FD51127, cid=1548, SUCCESS, logIndex=2267, commits[6571ba41-d309-4d1d-a321-129a77bf1602:c2267, 75e8c5ea-f06a-43e1-af6e-1f7f9b0b2cc1:c2265, 1d8d2908-dfb4-4358-9c6e-64b435d6fccc:c2265]
2019-07-03 07:08:10,775 INFO  client.GrpcClientProtocolClient (GrpcClientProtocolClient.java:onNext(254)) - client-253D2503C21A->6571ba41-d309-4d1d-a321-129a77bf1602: receive RaftClientReply:client-253D2503C21A->6571ba41-d309-4d1d-a321-129a77bf1602@group-6D4C5FD51127, cid=1549, SUCCESS, logIndex=2269, commits[6571ba41-d309-4d1d-a321-129a77bf1602:c2269, 75e8c5ea-f06a-43e1-af6e-1f7f9b0b2cc1:c2267, 1d8d2908-dfb4-4358-9c6e-64b435d6fccc:c2267]
2019-07-03 07:08:10,788 INFO  client.GrpcClientProtocolClient (GrpcClientProtocolClient.java:onNext(254)) - client-253D2503C21A->6571ba41-d309-4d1d-a321-129a77bf1602: receive RaftClientReply:client-253D2503C21A->6571ba41-d309-4d1d-a321-129a77bf1602@group-6D4C5FD51127, cid=1550, SUCCESS, logIndex=2271, commits[6571ba41-d309-4d1d-a321-129a77bf1602:c2271, 75e8c5ea-f06a-43e1-af6e-1f7f9b0b2cc1:c2269, 1d8d2908-dfb4-4358-9c6e-64b435d6fccc:c2269]
2019-07-03 07:08:10,800 INFO  client.GrpcClientProtocolClient (GrpcClientProtocolClient.java:onNext(254)) - client-253D2503C21A->6571ba41-d309-4d1d-a321-129a77bf1602: receive RaftClientReply:client-253D2503C21A->6571ba41-d309-4d1d-a321-129a77bf1602@group-6D4C5FD51127, cid=1551, SUCCESS, logIndex=0, commits[6571ba41-d309-4d1d-a321-129a77bf1602:c2272, 75e8c5ea-f06a-43e1-af6e-1f7f9b0b2cc1:c2271, 1d8d2908-dfb4-4358-9c6e-64b435d6fccc:c2271]
2019-07-03 07:08:10,829 INFO  client.GrpcClientProtocolClient (GrpcClientProtocolClient.java:onNext(254)) - client-253D2503C21A->6571ba41-d309-4d1d-a321-129a77bf1602: receive RaftClientReply:client-253D2503C21A->6571ba41-d309-4d1d-a321-129a77bf1602@group-6D4C5FD51127, cid=1552, SUCCESS, logIndex=2273, commits[6571ba41-d309-4d1d-a321-129a77bf1602:c2273, 75e8c5ea-f06a-43e1-af6e-1f7f9b0b2cc1:c2272, 1d8d2908-dfb4-4358-9c6e-64b435d6fccc:c2272]
2019-07-03 07:08:10,841 INFO  client.GrpcClientProtocolClient (GrpcClientProtocolClient.java:onNext(254)) - client-253D2503C21A->6571ba41-d309-4d1d-a321-129a77bf1602: receive RaftClientReply:client-253D2503C21A->6571ba41-d309-4d1d-a321-129a77bf1602@group-6D4C5FD51127, cid=1553, SUCCESS, logIndex=2275, commits[6571ba41-d309-4d1d-a321-129a77bf1602:c2276, 75e8c5ea-f06a-43e1-af6e-1f7f9b0b2cc1:c2273, 1d8d2908-dfb4-4358-9c6e-64b435d6fccc:c2273]
2019-07-03 07:08:10,842 INFO  client.GrpcClientProtocolClient (GrpcClientProtocolClient.java:onNext(254)) - client-253D2503C21A->6571ba41-d309-4d1d-a321-129a77bf1602: receive RaftClientReply:client-253D2503C21A->6571ba41-d309-4d1d-a321-129a77bf1602@group-6D4C5FD51127, cid=1554, SUCCESS, logIndex=2276, commits[6571ba41-d309-4d1d-a321-129a77bf1602:c2276, 75e8c5ea-f06a-43e1-af6e-1f7f9b0b2cc1:c2273, 1d8d2908-dfb4-4358-9c6e-64b435d6fccc:c2273]
2019-07-03 07:08:10,842 INFO  client.GrpcClientProtocolClient (GrpcClientProtocolClient.java:onNext(254)) - client-253D2503C21A->6571ba41-d309-4d1d-a321-129a77bf1602: receive RaftClientReply:client-253D2503C21A->6571ba41-d309-4d1d-a321-129a77bf1602@group-6D4C5FD51127, cid=1555, SUCCESS, logIndex=2277, commits[6571ba41-d309-4d1d-a321-129a77bf1602:c2278, 75e8c5ea-f06a-43e1-af6e-1f7f9b0b2cc1:c2275, 1d8d2908-dfb4-4358-9c6e-64b435d6fccc:c2275]
2019-07-03 07:08:10,863 INFO  client.GrpcClientProtocolClient (GrpcClientProtocolClient.java:onNext(254)) - client-253D2503C21A->6571ba41-d309-4d1d-a321-129a77bf1602: receive RaftClientReply:client-253D2503C21A->6571ba41-d309-4d1d-a321-129a77bf1602@group-6D4C5FD51127, cid=1556, SUCCESS, logIndex=2280, commits[6571ba41-d309-4d1d-a321-129a77bf1602:c2280, 75e8c5ea-f06a-43e1-af6e-1f7f9b0b2cc1:c2279, 1d8d2908-dfb4-4358-9c6e-64b435d6fccc:c2279]
2019-07-03 07:08:10,876 INFO  client.GrpcClientProtocolClient (GrpcClientProtocolClient.java:onNext(254)) - client-253D2503C21A->6571ba41-d309-4d1d-a321-129a77bf1602: receive RaftClientReply:client-253D2503C21A->6571ba41-d309-4d1d-a321-129a77bf1602@group-6D4C5FD51127, cid=1557, SUCCESS, logIndex=2282, commits[6571ba41-d309-4d1d-a321-129a77bf1602:c2282, 75e8c5ea-f06a-43e1-af6e-1f7f9b0b2cc1:c2280, 1d8d2908-dfb4-4358-9c6e-64b435d6fccc:c2280]
2019-07-03 07:08:10,889 INFO  client.GrpcClientProtocolClient (GrpcClientProtocolClient.java:onNext(254)) - client-253D2503C21A->6571ba41-d309-4d1d-a321-129a77bf1602: receive RaftClientReply:client-253D2503C21A->6571ba41-d309-4d1d-a321-129a77bf1602@group-6D4C5FD51127, cid=1558, SUCCESS, logIndex=2284, commits[6571ba41-d309-4d1d-a321-129a77bf1602:c2284, 75e8c5ea-f06a-43e1-af6e-1f7f9b0b2cc1:c2282, 1d8d2908-dfb4-4358-9c6e-64b435d6fccc:c2282]
2019-07-03 07:08:10,892 INFO  client.GrpcClientProtocolClient (GrpcClientProtocolClient.java:onNext(254)) - client-253D2503C21A->6571ba41-d309-4d1d-a321-129a77bf1602: receive RaftClientReply:client-253D2503C21A->6571ba41-d309-4d1d-a321-129a77bf1602@group-6D4C5FD51127, cid=1559, SUCCESS, logIndex=2286, commits[6571ba41-d309-4d1d-a321-129a77bf1602:c2286, 75e8c5ea-f06a-43e1-af6e-1f7f9b0b2cc1:c2284, 1d8d2908-dfb4-4358-9c6e-64b435d6fccc:c2284]
2019-07-03 07:08:10,904 INFO  client.GrpcClientProtocolClient (GrpcClientProtocolClient.java:onNext(254)) - client-253D2503C21A->6571ba41-d309-4d1d-a321-129a77bf1602: receive RaftClientReply:client-253D2503C21A->6571ba41-d309-4d1d-a321-129a77bf1602@group-6D4C5FD51127, cid=1560, SUCCESS, logIndex=0, commits[6571ba41-d309-4d1d-a321-129a77bf1602:c2287, 75e8c5ea-f06a-43e1-af6e-1f7f9b0b2cc1:c2286, 1d8d2908-dfb4-4358-9c6e-64b435d6fccc:c2286]
2019-07-03 07:08:11,057 INFO  client.GrpcClientProtocolClient (GrpcClientProtocolClient.java:onNext(254)) - client-253D2503C21A->6571ba41-d309-4d1d-a321-129a77bf1602: receive RaftClientReply:client-253D2503C21A->6571ba41-d309-4d1d-a321-129a77bf1602@group-6D4C5FD51127, cid=1561, SUCCESS, logIndex=2288, commits[6571ba41-d309-4d1d-a321-129a77bf1602:c2288, 75e8c5ea-f06a-43e1-af6e-1f7f9b0b2cc1:c2287, 1d8d2908-dfb4-4358-9c6e-64b435d6fccc:c2287]
2019-07-03 07:08:11,069 INFO  client.GrpcClientProtocolClient (GrpcClientProtocolClient.java:onNext(254)) - client-253D2503C21A->6571ba41-d309-4d1d-a321-129a77bf1602: receive RaftClientReply:client-253D2503C21A->6571ba41-d309-4d1d-a321-129a77bf1602@group-6D4C5FD51127, cid=1562, SUCCESS, logIndex=2290, commits[6571ba41-d309-4d1d-a321-129a77bf1602:c2291, 75e8c5ea-f06a-43e1-af6e-1f7f9b0b2cc1:c2288, 1d8d2908-dfb4-4358-9c6e-64b435d6fccc:c2288]
2019-07-03 07:08:11,070 INFO  client.GrpcClientProtocolClient (GrpcClientProtocolClient.java:onNext(254)) - client-253D2503C21A->6571ba41-d309-4d1d-a321-129a77bf1602: receive RaftClientReply:client-253D2503C21A->6571ba41-d309-4d1d-a321-129a77bf1602@group-6D4C5FD51127, cid=1563, SUCCESS, logIndex=2291, commits[6571ba41-d309-4d1d-a321-129a77bf1602:c2291, 75e8c5ea-f06a-43e1-af6e-1f7f9b0b2cc1:c2288, 1d8d2908-dfb4-4358-9c6e-64b435d6fccc:c2288]
2019-07-03 07:08:11,081 INFO  client.GrpcClientProtocolClient (GrpcClientProtocolClient.java:onNext(254)) - client-253D2503C21A->6571ba41-d309-4d1d-a321-129a77bf1602: receive RaftClientReply:client-253D2503C21A->6571ba41-d309-4d1d-a321-129a77bf1602@group-6D4C5FD51127, cid=1564, SUCCESS, logIndex=2292, commits[6571ba41-d309-4d1d-a321-129a77bf1602:c2293, 75e8c5ea-f06a-43e1-af6e-1f7f9b0b2cc1:c2288, 1d8d2908-dfb4-4358-9c6e-64b435d6fccc:c2290]
2019-07-03 07:08:11,083 INFO  client.GrpcClientProtocolClient (GrpcClientProtocolClient.java:onNext(254)) - client-253D2503C21A->6571ba41-d309-4d1d-a321-129a77bf1602: receive RaftClientReply:client-253D2503C21A->6571ba41-d309-4d1d-a321-129a77bf1602@group-6D4C5FD51127, cid=1565, SUCCESS, logIndex=0, commits[6571ba41-d309-4d1d-a321-129a77bf1602:c2294, 75e8c5ea-f06a-43e1-af6e-1f7f9b0b2cc1:c2291, 1d8d2908-dfb4-4358-9c6e-64b435d6fccc:c2291]
2019-07-03 07:08:11,104 INFO  client.GrpcClientProtocolClient (GrpcClientProtocolClient.java:onNext(254)) - client-253D2503C21A->6571ba41-d309-4d1d-a321-129a77bf1602: receive RaftClientReply:client-253D2503C21A->6571ba41-d309-4d1d-a321-129a77bf1602@group-6D4C5FD51127, cid=1566, SUCCESS, logIndex=2296, commits[6571ba41-d309-4d1d-a321-129a77bf1602:c2296, 75e8c5ea-f06a-43e1-af6e-1f7f9b0b2cc1:c2295, 1d8d2908-dfb4-4358-9c6e-64b435d6fccc:c2295]
2019-07-03 07:08:11,117 INFO  client.GrpcClientProtocolClient (GrpcClientProtocolClient.java:onNext(254)) - client-253D2503C21A->6571ba41-d309-4d1d-a321-129a77bf1602: receive RaftClientReply:client-253D2503C21A->6571ba41-d309-4d1d-a321-129a77bf1602@group-6D4C5FD51127, cid=1567, SUCCESS, logIndex=2298, commits[6571ba41-d309-4d1d-a321-129a77bf1602:c2298, 75e8c5ea-f06a-43e1-af6e-1f7f9b0b2cc1:c2296, 1d8d2908-dfb4-4358-9c6e-64b435d6fccc:c2296]
2019-07-03 07:08:11,133 INFO  client.GrpcClientProtocolClient (GrpcClientProtocolClient.java:onNext(254)) - client-253D2503C21A->6571ba41-d309-4d1d-a321-129a77bf1602: receive RaftClientReply:client-253D2503C21A->6571ba41-d309-4d1d-a321-129a77bf1602@group-6D4C5FD51127, cid=1568, SUCCESS, logIndex=2300, commits[6571ba41-d309-4d1d-a321-129a77bf1602:c2300, 75e8c5ea-f06a-43e1-af6e-1f7f9b0b2cc1:c2298, 1d8d2908-dfb4-4358-9c6e-64b435d6fccc:c2298]
2019-07-03 07:08:11,133 INFO  storage.RaftLogWorker (RaftLogWorker.java:rollLogSegment(303)) - 6571ba41-d309-4d1d-a321-129a77bf1602-RaftLogWorker: Rolling segment log-2223_2301 to index:2301
2019-07-03 07:08:11,134 INFO  storage.RaftLogWorker (RaftLogWorker.java:execute(433)) - 6571ba41-d309-4d1d-a321-129a77bf1602-RaftLogWorker: Rolled log segment from /opt/src/hadoop-ozone/tools/target/test-dir/MiniOzoneClusterImpl-0519545d-318d-4c21-a2a0-688f18f8a31d/datanode-4/data/ratis/23ffc2a4-5526-4092-9dc4-6d4c5fd51127/current/log_inprogress_2223 to /opt/src/hadoop-ozone/tools/target/test-dir/MiniOzoneClusterImpl-0519545d-318d-4c21-a2a0-688f18f8a31d/datanode-4/data/ratis/23ffc2a4-5526-4092-9dc4-6d4c5fd51127/current/log_2223-2301
2019-07-03 07:08:11,135 INFO  storage.RaftLogWorker (RaftLogWorker.java:rollLogSegment(303)) - 1d8d2908-dfb4-4358-9c6e-64b435d6fccc-RaftLogWorker: Rolling segment log-2223_2301 to index:2301
2019-07-03 07:08:11,135 INFO  storage.RaftLogWorker (RaftLogWorker.java:rollLogSegment(303)) - 75e8c5ea-f06a-43e1-af6e-1f7f9b0b2cc1-RaftLogWorker: Rolling segment log-2223_2301 to index:2301
2019-07-03 07:08:11,135 INFO  storage.RaftLogWorker (RaftLogWorker.java:execute(433)) - 1d8d2908-dfb4-4358-9c6e-64b435d6fccc-RaftLogWorker: Rolled log segment from /opt/src/hadoop-ozone/tools/target/test-dir/MiniOzoneClusterImpl-0519545d-318d-4c21-a2a0-688f18f8a31d/datanode-2/data/ratis/23ffc2a4-5526-4092-9dc4-6d4c5fd51127/current/log_inprogress_2223 to /opt/src/hadoop-ozone/tools/target/test-dir/MiniOzoneClusterImpl-0519545d-318d-4c21-a2a0-688f18f8a31d/datanode-2/data/ratis/23ffc2a4-5526-4092-9dc4-6d4c5fd51127/current/log_2223-2301
2019-07-03 07:08:11,135 INFO  storage.RaftLogWorker (RaftLogWorker.java:execute(433)) - 75e8c5ea-f06a-43e1-af6e-1f7f9b0b2cc1-RaftLogWorker: Rolled log segment from /opt/src/hadoop-ozone/tools/target/test-dir/MiniOzoneClusterImpl-0519545d-318d-4c21-a2a0-688f18f8a31d/datanode-1/data/ratis/23ffc2a4-5526-4092-9dc4-6d4c5fd51127/current/log_inprogress_2223 to /opt/src/hadoop-ozone/tools/target/test-dir/MiniOzoneClusterImpl-0519545d-318d-4c21-a2a0-688f18f8a31d/datanode-1/data/ratis/23ffc2a4-5526-4092-9dc4-6d4c5fd51127/current/log_2223-2301
2019-07-03 07:08:11,173 INFO  storage.RaftLogWorker (RaftLogWorker.java:execute(469)) - 1d8d2908-dfb4-4358-9c6e-64b435d6fccc-RaftLogWorker: created new log segment /opt/src/hadoop-ozone/tools/target/test-dir/MiniOzoneClusterImpl-0519545d-318d-4c21-a2a0-688f18f8a31d/datanode-2/data/ratis/23ffc2a4-5526-4092-9dc4-6d4c5fd51127/current/log_inprogress_2302
2019-07-03 07:08:11,173 INFO  storage.RaftLogWorker (RaftLogWorker.java:execute(469)) - 75e8c5ea-f06a-43e1-af6e-1f7f9b0b2cc1-RaftLogWorker: created new log segment /opt/src/hadoop-ozone/tools/target/test-dir/MiniOzoneClusterImpl-0519545d-318d-4c21-a2a0-688f18f8a31d/datanode-1/data/ratis/23ffc2a4-5526-4092-9dc4-6d4c5fd51127/current/log_inprogress_2302
2019-07-03 07:08:11,173 INFO  storage.RaftLogWorker (RaftLogWorker.java:execute(469)) - 6571ba41-d309-4d1d-a321-129a77bf1602-RaftLogWorker: created new log segment /opt/src/hadoop-ozone/tools/target/test-dir/MiniOzoneClusterImpl-0519545d-318d-4c21-a2a0-688f18f8a31d/datanode-4/data/ratis/23ffc2a4-5526-4092-9dc4-6d4c5fd51127/current/log_inprogress_2302
2019-07-03 07:08:11,176 INFO  client.GrpcClientProtocolClient (GrpcClientProtocolClient.java:onNext(254)) - client-253D2503C21A->6571ba41-d309-4d1d-a321-129a77bf1602: receive RaftClientReply:client-253D2503C21A->6571ba41-d309-4d1d-a321-129a77bf1602@group-6D4C5FD51127, cid=1569, SUCCESS, logIndex=2302, commits[6571ba41-d309-4d1d-a321-129a77bf1602:c2302, 75e8c5ea-f06a-43e1-af6e-1f7f9b0b2cc1:c2300, 1d8d2908-dfb4-4358-9c6e-64b435d6fccc:c2300]
2019-07-03 07:08:11,177 INFO  client.GrpcClientProtocolClient (GrpcClientProtocolClient.java:onNext(254)) - client-253D2503C21A->6571ba41-d309-4d1d-a321-129a77bf1602: receive RaftClientReply:client-253D2503C21A->6571ba41-d309-4d1d-a321-129a77bf1602@group-6D4C5FD51127, cid=1570, SUCCESS, logIndex=0, commits[6571ba41-d309-4d1d-a321-129a77bf1602:c2303, 75e8c5ea-f06a-43e1-af6e-1f7f9b0b2cc1:c2302, 1d8d2908-dfb4-4358-9c6e-64b435d6fccc:c2302]
2019-07-03 07:08:11,203 INFO  client.GrpcClientProtocolClient (GrpcClientProtocolClient.java:onNext(254)) - client-253D2503C21A->6571ba41-d309-4d1d-a321-129a77bf1602: receive RaftClientReply:client-253D2503C21A->6571ba41-d309-4d1d-a321-129a77bf1602@group-6D4C5FD51127, cid=1571, SUCCESS, logIndex=2304, commits[6571ba41-d309-4d1d-a321-129a77bf1602:c2304, 75e8c5ea-f06a-43e1-af6e-1f7f9b0b2cc1:c2303, 1d8d2908-dfb4-4358-9c6e-64b435d6fccc:c2303]
2019-07-03 07:08:11,215 INFO  client.GrpcClientProtocolClient (GrpcClientProtocolClient.java:onNext(254)) - client-253D2503C21A->6571ba41-d309-4d1d-a321-129a77bf1602: receive RaftClientReply:client-253D2503C21A->6571ba41-d309-4d1d-a321-129a77bf1602@group-6D4C5FD51127, cid=1572, SUCCESS, logIndex=2306, commits[6571ba41-d309-4d1d-a321-129a77bf1602:c2307, 75e8c5ea-f06a-43e1-af6e-1f7f9b0b2cc1:c2304, 1d8d2908-dfb4-4358-9c6e-64b435d6fccc:c2304]
2019-07-03 07:08:11,216 INFO  client.GrpcClientProtocolClient (GrpcClientProtocolClient.java:onNext(254)) - client-253D2503C21A->6571ba41-d309-4d1d-a321-129a77bf1602: receive RaftClientReply:client-253D2503C21A->6571ba41-d309-4d1d-a321-129a77bf1602@group-6D4C5FD51127, cid=1573, SUCCESS, logIndex=2307, commits[6571ba41-d309-4d1d-a321-129a77bf1602:c2307, 75e8c5ea-f06a-43e1-af6e-1f7f9b0b2cc1:c2304, 1d8d2908-dfb4-4358-9c6e-64b435d6fccc:c2304]
2019-07-03 07:08:11,216 INFO  client.GrpcClientProtocolClient (GrpcClientProtocolClient.java:onNext(254)) - client-253D2503C21A->6571ba41-d309-4d1d-a321-129a77bf1602: receive RaftClientReply:client-253D2503C21A->6571ba41-d309-4d1d-a321-129a77bf1602@group-6D4C5FD51127, cid=1574, SUCCESS, logIndex=2308, commits[6571ba41-d309-4d1d-a321-129a77bf1602:c2309, 75e8c5ea-f06a-43e1-af6e-1f7f9b0b2cc1:c2306, 1d8d2908-dfb4-4358-9c6e-64b435d6fccc:c2304]
2019-07-03 07:08:11,217 INFO  client.GrpcClientProtocolClient (GrpcClientProtocolClient.java:onNext(254)) - client-253D2503C21A->6571ba41-d309-4d1d-a321-129a77bf1602: receive RaftClientReply:client-253D2503C21A->6571ba41-d309-4d1d-a321-129a77bf1602@group-6D4C5FD51127, cid=1575, SUCCESS, logIndex=0, commits[6571ba41-d309-4d1d-a321-129a77bf1602:c2310, 75e8c5ea-f06a-43e1-af6e-1f7f9b0b2cc1:c2307, 1d8d2908-dfb4-4358-9c6e-64b435d6fccc:c2306]
2019-07-03 07:08:11,236 INFO  client.GrpcClientProtocolClient (GrpcClientProtocolClient.java:onNext(254)) - client-253D2503C21A->6571ba41-d309-4d1d-a321-129a77bf1602: receive RaftClientReply:client-253D2503C21A->6571ba41-d309-4d1d-a321-129a77bf1602@group-6D4C5FD51127, cid=1576, SUCCESS, logIndex=2312, commits[6571ba41-d309-4d1d-a321-129a77bf1602:c2312, 75e8c5ea-f06a-43e1-af6e-1f7f9b0b2cc1:c2311, 1d8d2908-dfb4-4358-9c6e-64b435d6fccc:c2311]
2019-07-03 07:08:11,249 INFO  client.GrpcClientProtocolClient (GrpcClientProtocolClient.java:onNext(254)) - client-253D2503C21A->6571ba41-d309-4d1d-a321-129a77bf1602: receive RaftClientReply:client-253D2503C21A->6571ba41-d309-4d1d-a321-129a77bf1602@group-6D4C5FD51127, cid=1577, SUCCESS, logIndex=2314, commits[6571ba41-d309-4d1d-a321-129a77bf1602:c2314, 75e8c5ea-f06a-43e1-af6e-1f7f9b0b2cc1:c2312, 1d8d2908-dfb4-4358-9c6e-64b435d6fccc:c2312]
2019-07-03 07:08:11,262 INFO  client.GrpcClientProtocolClient (GrpcClientProtocolClient.java:onNext(254)) - client-253D2503C21A->6571ba41-d309-4d1d-a321-129a77bf1602: receive RaftClientReply:client-253D2503C21A->6571ba41-d309-4d1d-a321-129a77bf1602@group-6D4C5FD51127, cid=1578, SUCCESS, logIndex=2316, commits[6571ba41-d309-4d1d-a321-129a77bf1602:c2316, 75e8c5ea-f06a-43e1-af6e-1f7f9b0b2cc1:c2314, 1d8d2908-dfb4-4358-9c6e-64b435d6fccc:c2314]
2019-07-03 07:08:11,286 INFO  client.GrpcClientProtocolClient (GrpcClientProtocolClient.java:onNext(254)) - client-253D2503C21A->6571ba41-d309-4d1d-a321-129a77bf1602: receive RaftClientReply:client-253D2503C21A->6571ba41-d309-4d1d-a321-129a77bf1602@group-6D4C5FD51127, cid=1579, SUCCESS, logIndex=2318, commits[6571ba41-d309-4d1d-a321-129a77bf1602:c2318, 75e8c5ea-f06a-43e1-af6e-1f7f9b0b2cc1:c2316, 1d8d2908-dfb4-4358-9c6e-64b435d6fccc:c2316]
2019-07-03 07:08:11,298 INFO  client.GrpcClientProtocolClient (GrpcClientProtocolClient.java:onNext(254)) - client-253D2503C21A->6571ba41-d309-4d1d-a321-129a77bf1602: receive RaftClientReply:client-253D2503C21A->6571ba41-d309-4d1d-a321-129a77bf1602@group-6D4C5FD51127, cid=1580, SUCCESS, logIndex=0, commits[6571ba41-d309-4d1d-a321-129a77bf1602:c2319, 75e8c5ea-f06a-43e1-af6e-1f7f9b0b2cc1:c2318, 1d8d2908-dfb4-4358-9c6e-64b435d6fccc:c2318]
2019-07-03 07:08:11,329 INFO  client.GrpcClientProtocolClient (GrpcClientProtocolClient.java:onNext(254)) - client-253D2503C21A->6571ba41-d309-4d1d-a321-129a77bf1602: receive RaftClientReply:client-253D2503C21A->6571ba41-d309-4d1d-a321-129a77bf1602@group-6D4C5FD51127, cid=1581, SUCCESS, logIndex=2320, commits[6571ba41-d309-4d1d-a321-129a77bf1602:c2320, 75e8c5ea-f06a-43e1-af6e-1f7f9b0b2cc1:c2319, 1d8d2908-dfb4-4358-9c6e-64b435d6fccc:c2319]
2019-07-03 07:08:11,342 INFO  client.GrpcClientProtocolClient (GrpcClientProtocolClient.java:onNext(254)) - client-253D2503C21A->6571ba41-d309-4d1d-a321-129a77bf1602: receive RaftClientReply:client-253D2503C21A->6571ba41-d309-4d1d-a321-129a77bf1602@group-6D4C5FD51127, cid=1582, SUCCESS, logIndex=2322, commits[6571ba41-d309-4d1d-a321-129a77bf1602:c2324, 75e8c5ea-f06a-43e1-af6e-1f7f9b0b2cc1:c2320, 1d8d2908-dfb4-4358-9c6e-64b435d6fccc:c2320]
2019-07-03 07:08:11,343 INFO  client.GrpcClientProtocolClient (GrpcClientProtocolClient.java:onNext(254)) - client-253D2503C21A->6571ba41-d309-4d1d-a321-129a77bf1602: receive RaftClientReply:client-253D2503C21A->6571ba41-d309-4d1d-a321-129a77bf1602@group-6D4C5FD51127, cid=1583, SUCCESS, logIndex=2323, commits[6571ba41-d309-4d1d-a321-129a77bf1602:c2324, 75e8c5ea-f06a-43e1-af6e-1f7f9b0b2cc1:c2320, 1d8d2908-dfb4-4358-9c6e-64b435d6fccc:c2320]
2019-07-03 07:08:11,343 INFO  client.GrpcClientProtocolClient (GrpcClientProtocolClient.java:onNext(254)) - client-253D2503C21A->6571ba41-d309-4d1d-a321-129a77bf1602: receive RaftClientReply:client-253D2503C21A->6571ba41-d309-4d1d-a321-129a77bf1602@group-6D4C5FD51127, cid=1584, SUCCESS, logIndex=2324, commits[6571ba41-d309-4d1d-a321-129a77bf1602:c2325, 75e8c5ea-f06a-43e1-af6e-1f7f9b0b2cc1:c2323, 1d8d2908-dfb4-4358-9c6e-64b435d6fccc:c2323]
2019-07-03 07:08:11,365 INFO  client.GrpcClientProtocolClient (GrpcClientProtocolClient.java:onNext(254)) - client-253D2503C21A->6571ba41-d309-4d1d-a321-129a77bf1602: receive RaftClientReply:client-253D2503C21A->6571ba41-d309-4d1d-a321-129a77bf1602@group-6D4C5FD51127, cid=1585, SUCCESS, logIndex=2327, commits[6571ba41-d309-4d1d-a321-129a77bf1602:c2327, 75e8c5ea-f06a-43e1-af6e-1f7f9b0b2cc1:c2326, 1d8d2908-dfb4-4358-9c6e-64b435d6fccc:c2326]
2019-07-03 07:08:11,379 INFO  client.GrpcClientProtocolClient (GrpcClientProtocolClient.java:onNext(254)) - client-253D2503C21A->6571ba41-d309-4d1d-a321-129a77bf1602: receive RaftClientReply:client-253D2503C21A->6571ba41-d309-4d1d-a321-129a77bf1602@group-6D4C5FD51127, cid=1586, SUCCESS, logIndex=2329, commits[6571ba41-d309-4d1d-a321-129a77bf1602:c2329, 75e8c5ea-f06a-43e1-af6e-1f7f9b0b2cc1:c2327, 1d8d2908-dfb4-4358-9c6e-64b435d6fccc:c2327]
2019-07-03 07:08:11,392 INFO  client.GrpcClientProtocolClient (GrpcClientProtocolClient.java:onNext(254)) - client-253D2503C21A->6571ba41-d309-4d1d-a321-129a77bf1602: receive RaftClientReply:client-253D2503C21A->6571ba41-d309-4d1d-a321-129a77bf1602@group-6D4C5FD51127, cid=1587, SUCCESS, logIndex=2331, commits[6571ba41-d309-4d1d-a321-129a77bf1602:c2331, 75e8c5ea-f06a-43e1-af6e-1f7f9b0b2cc1:c2329, 1d8d2908-dfb4-4358-9c6e-64b435d6fccc:c2329]
2019-07-03 07:08:11,404 INFO  client.GrpcClientProtocolClient (GrpcClientProtocolClient.java:onNext(254)) - client-253D2503C21A->6571ba41-d309-4d1d-a321-129a77bf1602: receive RaftClientReply:client-253D2503C21A->6571ba41-d309-4d1d-a321-129a77bf1602@group-6D4C5FD51127, cid=1588, SUCCESS, logIndex=2333, commits[6571ba41-d309-4d1d-a321-129a77bf1602:c2333, 75e8c5ea-f06a-43e1-af6e-1f7f9b0b2cc1:c2331, 1d8d2908-dfb4-4358-9c6e-64b435d6fccc:c2331]
2019-07-03 07:08:11,406 INFO  client.GrpcClientProtocolClient (GrpcClientProtocolClient.java:onNext(254)) - client-253D2503C21A->6571ba41-d309-4d1d-a321-129a77bf1602: receive RaftClientReply:client-253D2503C21A->6571ba41-d309-4d1d-a321-129a77bf1602@group-6D4C5FD51127, cid=1589, SUCCESS, logIndex=0, commits[6571ba41-d309-4d1d-a321-129a77bf1602:c2334, 75e8c5ea-f06a-43e1-af6e-1f7f9b0b2cc1:c2333, 1d8d2908-dfb4-4358-9c6e-64b435d6fccc:c2333]
2019-07-03 07:08:11,439 INFO  client.GrpcClientProtocolClient (GrpcClientProtocolClient.java:onNext(254)) - client-253D2503C21A->6571ba41-d309-4d1d-a321-129a77bf1602: receive RaftClientReply:client-253D2503C21A->6571ba41-d309-4d1d-a321-129a77bf1602@group-6D4C5FD51127, cid=1590, SUCCESS, logIndex=2335, commits[6571ba41-d309-4d1d-a321-129a77bf1602:c2335, 75e8c5ea-f06a-43e1-af6e-1f7f9b0b2cc1:c2334, 1d8d2908-dfb4-4358-9c6e-64b435d6fccc:c2334]
2019-07-03 07:08:11,451 INFO  client.GrpcClientProtocolClient (GrpcClientProtocolClient.java:onNext(254)) - client-253D2503C21A->6571ba41-d309-4d1d-a321-129a77bf1602: receive RaftClientReply:client-253D2503C21A->6571ba41-d309-4d1d-a321-129a77bf1602@group-6D4C5FD51127, cid=1591, SUCCESS, logIndex=2337, commits[6571ba41-d309-4d1d-a321-129a77bf1602:c2338, 75e8c5ea-f06a-43e1-af6e-1f7f9b0b2cc1:c2335, 1d8d2908-dfb4-4358-9c6e-64b435d6fccc:c2335]
2019-07-03 07:08:11,452 INFO  client.GrpcClientProtocolClient (GrpcClientProtocolClient.java:onNext(254)) - client-253D2503C21A->6571ba41-d309-4d1d-a321-129a77bf1602: receive RaftClientReply:client-253D2503C21A->6571ba41-d309-4d1d-a321-129a77bf1602@group-6D4C5FD51127, cid=1592, SUCCESS, logIndex=2338, commits[6571ba41-d309-4d1d-a321-129a77bf1602:c2338, 75e8c5ea-f06a-43e1-af6e-1f7f9b0b2cc1:c2335, 1d8d2908-dfb4-4358-9c6e-64b435d6fccc:c2335]
2019-07-03 07:08:11,452 INFO  client.GrpcClientProtocolClient (GrpcClientProtocolClient.java:onNext(254)) - client-253D2503C21A->6571ba41-d309-4d1d-a321-129a77bf1602: receive RaftClientReply:client-253D2503C21A->6571ba41-d309-4d1d-a321-129a77bf1602@group-6D4C5FD51127, cid=1593, SUCCESS, logIndex=2339, commits[6571ba41-d309-4d1d-a321-129a77bf1602:c2340, 75e8c5ea-f06a-43e1-af6e-1f7f9b0b2cc1:c2337, 1d8d2908-dfb4-4358-9c6e-64b435d6fccc:c2335]
2019-07-03 07:08:11,453 INFO  client.GrpcClientProtocolClient (GrpcClientProtocolClient.java:onNext(254)) - client-253D2503C21A->6571ba41-d309-4d1d-a321-129a77bf1602: receive RaftClientReply:client-253D2503C21A->6571ba41-d309-4d1d-a321-129a77bf1602@group-6D4C5FD51127, cid=1594, SUCCESS, logIndex=0, commits[6571ba41-d309-4d1d-a321-129a77bf1602:c2340, 75e8c5ea-f06a-43e1-af6e-1f7f9b0b2cc1:c2338, 1d8d2908-dfb4-4358-9c6e-64b435d6fccc:c2337]
2019-07-03 07:08:11,477 INFO  client.GrpcClientProtocolClient (GrpcClientProtocolClient.java:onNext(254)) - client-253D2503C21A->6571ba41-d309-4d1d-a321-129a77bf1602: receive RaftClientReply:client-253D2503C21A->6571ba41-d309-4d1d-a321-129a77bf1602@group-6D4C5FD51127, cid=1595, SUCCESS, logIndex=2343, commits[6571ba41-d309-4d1d-a321-129a77bf1602:c2343, 75e8c5ea-f06a-43e1-af6e-1f7f9b0b2cc1:c2342, 1d8d2908-dfb4-4358-9c6e-64b435d6fccc:c2342]
2019-07-03 07:08:11,489 INFO  client.GrpcClientProtocolClient (GrpcClientProtocolClient.java:onNext(254)) - client-253D2503C21A->6571ba41-d309-4d1d-a321-129a77bf1602: receive RaftClientReply:client-253D2503C21A->6571ba41-d309-4d1d-a321-129a77bf1602@group-6D4C5FD51127, cid=1596, SUCCESS, logIndex=2345, commits[6571ba41-d309-4d1d-a321-129a77bf1602:c2345, 75e8c5ea-f06a-43e1-af6e-1f7f9b0b2cc1:c2343, 1d8d2908-dfb4-4358-9c6e-64b435d6fccc:c2343]
2019-07-03 07:08:11,502 INFO  client.GrpcClientProtocolClient (GrpcClientProtocolClient.java:onNext(254)) - client-253D2503C21A->6571ba41-d309-4d1d-a321-129a77bf1602: receive RaftClientReply:client-253D2503C21A->6571ba41-d309-4d1d-a321-129a77bf1602@group-6D4C5FD51127, cid=1597, SUCCESS, logIndex=2347, commits[6571ba41-d309-4d1d-a321-129a77bf1602:c2347, 75e8c5ea-f06a-43e1-af6e-1f7f9b0b2cc1:c2345, 1d8d2908-dfb4-4358-9c6e-64b435d6fccc:c2345]
2019-07-03 07:08:11,516 INFO  client.GrpcClientProtocolClient (GrpcClientProtocolClient.java:onNext(254)) - client-253D2503C21A->6571ba41-d309-4d1d-a321-129a77bf1602: receive RaftClientReply:client-253D2503C21A->6571ba41-d309-4d1d-a321-129a77bf1602@group-6D4C5FD51127, cid=1598, SUCCESS, logIndex=2349, commits[6571ba41-d309-4d1d-a321-129a77bf1602:c2349, 75e8c5ea-f06a-43e1-af6e-1f7f9b0b2cc1:c2347, 1d8d2908-dfb4-4358-9c6e-64b435d6fccc:c2347]
2019-07-03 07:08:11,541 INFO  client.GrpcClientProtocolClient (GrpcClientProtocolClient.java:onNext(254)) - client-253D2503C21A->6571ba41-d309-4d1d-a321-129a77bf1602: receive RaftClientReply:client-253D2503C21A->6571ba41-d309-4d1d-a321-129a77bf1602@group-6D4C5FD51127, cid=1599, SUCCESS, logIndex=0, commits[6571ba41-d309-4d1d-a321-129a77bf1602:c2350, 75e8c5ea-f06a-43e1-af6e-1f7f9b0b2cc1:c2349, 1d8d2908-dfb4-4358-9c6e-64b435d6fccc:c2349]
2019-07-03 07:08:11,573 INFO  client.GrpcClientProtocolClient (GrpcClientProtocolClient.java:onNext(254)) - client-253D2503C21A->6571ba41-d309-4d1d-a321-129a77bf1602: receive RaftClientReply:client-253D2503C21A->6571ba41-d309-4d1d-a321-129a77bf1602@group-6D4C5FD51127, cid=1600, SUCCESS, logIndex=2351, commits[6571ba41-d309-4d1d-a321-129a77bf1602:c2351, 75e8c5ea-f06a-43e1-af6e-1f7f9b0b2cc1:c2350, 1d8d2908-dfb4-4358-9c6e-64b435d6fccc:c2350]
2019-07-03 07:08:11,585 INFO  client.GrpcClientProtocolClient (GrpcClientProtocolClient.java:onNext(254)) - client-253D2503C21A->6571ba41-d309-4d1d-a321-129a77bf1602: receive RaftClientReply:client-253D2503C21A->6571ba41-d309-4d1d-a321-129a77bf1602@group-6D4C5FD51127, cid=1601, SUCCESS, logIndex=2353, commits[6571ba41-d309-4d1d-a321-129a77bf1602:c2354, 75e8c5ea-f06a-43e1-af6e-1f7f9b0b2cc1:c2351, 1d8d2908-dfb4-4358-9c6e-64b435d6fccc:c2351]
2019-07-03 07:08:11,585 INFO  client.GrpcClientProtocolClient (GrpcClientProtocolClient.java:onNext(254)) - client-253D2503C21A->6571ba41-d309-4d1d-a321-129a77bf1602: receive RaftClientReply:client-253D2503C21A->6571ba41-d309-4d1d-a321-129a77bf1602@group-6D4C5FD51127, cid=1602, SUCCESS, logIndex=2354, commits[6571ba41-d309-4d1d-a321-129a77bf1602:c2354, 75e8c5ea-f06a-43e1-af6e-1f7f9b0b2cc1:c2351, 1d8d2908-dfb4-4358-9c6e-64b435d6fccc:c2351]
2019-07-03 07:08:11,586 INFO  client.GrpcClientProtocolClient (GrpcClientProtocolClient.java:onNext(254)) - client-253D2503C21A->6571ba41-d309-4d1d-a321-129a77bf1602: receive RaftClientReply:client-253D2503C21A->6571ba41-d309-4d1d-a321-129a77bf1602@group-6D4C5FD51127, cid=1603, SUCCESS, logIndex=2355, commits[6571ba41-d309-4d1d-a321-129a77bf1602:c2356, 75e8c5ea-f06a-43e1-af6e-1f7f9b0b2cc1:c2353, 1d8d2908-dfb4-4358-9c6e-64b435d6fccc:c2351]
2019-07-03 07:08:11,587 INFO  client.GrpcClientProtocolClient (GrpcClientProtocolClient.java:onNext(254)) - client-253D2503C21A->6571ba41-d309-4d1d-a321-129a77bf1602: receive RaftClientReply:client-253D2503C21A->6571ba41-d309-4d1d-a321-129a77bf1602@group-6D4C5FD51127, cid=1604, SUCCESS, logIndex=0, commits[6571ba41-d309-4d1d-a321-129a77bf1602:c2357, 75e8c5ea-f06a-43e1-af6e-1f7f9b0b2cc1:c2354, 1d8d2908-dfb4-4358-9c6e-64b435d6fccc:c2353]
2019-07-03 07:08:11,609 INFO  client.GrpcClientProtocolClient (GrpcClientProtocolClient.java:onNext(254)) - client-253D2503C21A->6571ba41-d309-4d1d-a321-129a77bf1602: receive RaftClientReply:client-253D2503C21A->6571ba41-d309-4d1d-a321-129a77bf1602@group-6D4C5FD51127, cid=1605, SUCCESS, logIndex=2359, commits[6571ba41-d309-4d1d-a321-129a77bf1602:c2359, 75e8c5ea-f06a-43e1-af6e-1f7f9b0b2cc1:c2358, 1d8d2908-dfb4-4358-9c6e-64b435d6fccc:c2358]
2019-07-03 07:08:11,622 INFO  client.GrpcClientProtocolClient (GrpcClientProtocolClient.java:onNext(254)) - client-253D2503C21A->6571ba41-d309-4d1d-a321-129a77bf1602: receive RaftClientReply:client-253D2503C21A->6571ba41-d309-4d1d-a321-129a77bf1602@group-6D4C5FD51127, cid=1606, SUCCESS, logIndex=2361, commits[6571ba41-d309-4d1d-a321-129a77bf1602:c2361, 75e8c5ea-f06a-43e1-af6e-1f7f9b0b2cc1:c2359, 1d8d2908-dfb4-4358-9c6e-64b435d6fccc:c2359]
2019-07-03 07:08:11,635 INFO  client.GrpcClientProtocolClient (GrpcClientProtocolClient.java:onNext(254)) - client-253D2503C21A->6571ba41-d309-4d1d-a321-129a77bf1602: receive RaftClientReply:client-253D2503C21A->6571ba41-d309-4d1d-a321-129a77bf1602@group-6D4C5FD51127, cid=1607, SUCCESS, logIndex=2363, commits[6571ba41-d309-4d1d-a321-129a77bf1602:c2363, 75e8c5ea-f06a-43e1-af6e-1f7f9b0b2cc1:c2361, 1d8d2908-dfb4-4358-9c6e-64b435d6fccc:c2361]
2019-07-03 07:08:11,639 INFO  client.GrpcClientProtocolClient (GrpcClientProtocolClient.java:onNext(254)) - client-253D2503C21A->6571ba41-d309-4d1d-a321-129a77bf1602: receive RaftClientReply:client-253D2503C21A->6571ba41-d309-4d1d-a321-129a77bf1602@group-6D4C5FD51127, cid=1608, SUCCESS, logIndex=2365, commits[6571ba41-d309-4d1d-a321-129a77bf1602:c2365, 75e8c5ea-f06a-43e1-af6e-1f7f9b0b2cc1:c2363, 1d8d2908-dfb4-4358-9c6e-64b435d6fccc:c2363]
2019-07-03 07:08:11,650 INFO  client.GrpcClientProtocolClient (GrpcClientProtocolClient.java:onNext(254)) - client-253D2503C21A->6571ba41-d309-4d1d-a321-129a77bf1602: receive RaftClientReply:client-253D2503C21A->6571ba41-d309-4d1d-a321-129a77bf1602@group-6D4C5FD51127, cid=1609, SUCCESS, logIndex=0, commits[6571ba41-d309-4d1d-a321-129a77bf1602:c2366, 75e8c5ea-f06a-43e1-af6e-1f7f9b0b2cc1:c2365, 1d8d2908-dfb4-4358-9c6e-64b435d6fccc:c2365]
2019-07-03 07:08:11,681 INFO  client.GrpcClientProtocolClient (GrpcClientProtocolClient.java:onNext(254)) - client-253D2503C21A->6571ba41-d309-4d1d-a321-129a77bf1602: receive RaftClientReply:client-253D2503C21A->6571ba41-d309-4d1d-a321-129a77bf1602@group-6D4C5FD51127, cid=1610, SUCCESS, logIndex=2367, commits[6571ba41-d309-4d1d-a321-129a77bf1602:c2367, 75e8c5ea-f06a-43e1-af6e-1f7f9b0b2cc1:c2366, 1d8d2908-dfb4-4358-9c6e-64b435d6fccc:c2366]
2019-07-03 07:08:11,693 INFO  client.GrpcClientProtocolClient (GrpcClientProtocolClient.java:onNext(254)) - client-253D2503C21A->6571ba41-d309-4d1d-a321-129a77bf1602: receive RaftClientReply:client-253D2503C21A->6571ba41-d309-4d1d-a321-129a77bf1602@group-6D4C5FD51127, cid=1611, SUCCESS, logIndex=2369, commits[6571ba41-d309-4d1d-a321-129a77bf1602:c2370, 75e8c5ea-f06a-43e1-af6e-1f7f9b0b2cc1:c2367, 1d8d2908-dfb4-4358-9c6e-64b435d6fccc:c2367]
2019-07-03 07:08:11,694 INFO  client.GrpcClientProtocolClient (GrpcClientProtocolClient.java:onNext(254)) - client-253D2503C21A->6571ba41-d309-4d1d-a321-129a77bf1602: receive RaftClientReply:client-253D2503C21A->6571ba41-d309-4d1d-a321-129a77bf1602@group-6D4C5FD51127, cid=1612, SUCCESS, logIndex=2370, commits[6571ba41-d309-4d1d-a321-129a77bf1602:c2371, 75e8c5ea-f06a-43e1-af6e-1f7f9b0b2cc1:c2367, 1d8d2908-dfb4-4358-9c6e-64b435d6fccc:c2367]
2019-07-03 07:08:11,694 INFO  client.GrpcClientProtocolClient (GrpcClientProtocolClient.java:onNext(254)) - client-253D2503C21A->6571ba41-d309-4d1d-a321-129a77bf1602: receive RaftClientReply:client-253D2503C21A->6571ba41-d309-4d1d-a321-129a77bf1602@group-6D4C5FD51127, cid=1613, SUCCESS, logIndex=2371, commits[6571ba41-d309-4d1d-a321-129a77bf1602:c2372, 75e8c5ea-f06a-43e1-af6e-1f7f9b0b2cc1:c2369, 1d8d2908-dfb4-4358-9c6e-64b435d6fccc:c2367]
2019-07-03 07:08:11,695 INFO  client.GrpcClientProtocolClient (GrpcClientProtocolClient.java:onNext(254)) - client-253D2503C21A->6571ba41-d309-4d1d-a321-129a77bf1602: receive RaftClientReply:client-253D2503C21A->6571ba41-d309-4d1d-a321-129a77bf1602@group-6D4C5FD51127, cid=1614, SUCCESS, logIndex=0, commits[6571ba41-d309-4d1d-a321-129a77bf1602:c2373, 75e8c5ea-f06a-43e1-af6e-1f7f9b0b2cc1:c2370, 1d8d2908-dfb4-4358-9c6e-64b435d6fccc:c2370]
 0.00% |█                                                                                                    |  0/1 Time: 0:00:192019-07-03 07:08:11,715 INFO  client.GrpcClientProtocolClient (GrpcClientProtocolClient.java:onNext(254)) - client-253D2503C21A->6571ba41-d309-4d1d-a321-129a77bf1602: receive RaftClientReply:client-253D2503C21A->6571ba41-d309-4d1d-a321-129a77bf1602@group-6D4C5FD51127, cid=1615, SUCCESS, logIndex=2375, commits[6571ba41-d309-4d1d-a321-129a77bf1602:c2375, 75e8c5ea-f06a-43e1-af6e-1f7f9b0b2cc1:c2374, 1d8d2908-dfb4-4358-9c6e-64b435d6fccc:c2374]
2019-07-03 07:08:11,728 INFO  client.GrpcClientProtocolClient (GrpcClientProtocolClient.java:onNext(254)) - client-253D2503C21A->6571ba41-d309-4d1d-a321-129a77bf1602: receive RaftClientReply:client-253D2503C21A->6571ba41-d309-4d1d-a321-129a77bf1602@group-6D4C5FD51127, cid=1616, SUCCESS, logIndex=2377, commits[6571ba41-d309-4d1d-a321-129a77bf1602:c2377, 75e8c5ea-f06a-43e1-af6e-1f7f9b0b2cc1:c2375, 1d8d2908-dfb4-4358-9c6e-64b435d6fccc:c2375]
2019-07-03 07:08:11,741 INFO  client.GrpcClientProtocolClient (GrpcClientProtocolClient.java:onNext(254)) - client-253D2503C21A->6571ba41-d309-4d1d-a321-129a77bf1602: receive RaftClientReply:client-253D2503C21A->6571ba41-d309-4d1d-a321-129a77bf1602@group-6D4C5FD51127, cid=1617, SUCCESS, logIndex=2379, commits[6571ba41-d309-4d1d-a321-129a77bf1602:c2379, 75e8c5ea-f06a-43e1-af6e-1f7f9b0b2cc1:c2377, 1d8d2908-dfb4-4358-9c6e-64b435d6fccc:c2377]
2019-07-03 07:08:11,741 INFO  storage.RaftLogWorker (RaftLogWorker.java:rollLogSegment(303)) - 6571ba41-d309-4d1d-a321-129a77bf1602-RaftLogWorker: Rolling segment log-2302_2380 to index:2380
2019-07-03 07:08:11,742 INFO  storage.RaftLogWorker (RaftLogWorker.java:rollLogSegment(303)) - 1d8d2908-dfb4-4358-9c6e-64b435d6fccc-RaftLogWorker: Rolling segment log-2302_2380 to index:2380
2019-07-03 07:08:11,742 INFO  storage.RaftLogWorker (RaftLogWorker.java:execute(433)) - 6571ba41-d309-4d1d-a321-129a77bf1602-RaftLogWorker: Rolled log segment from /opt/src/hadoop-ozone/tools/target/test-dir/MiniOzoneClusterImpl-0519545d-318d-4c21-a2a0-688f18f8a31d/datanode-4/data/ratis/23ffc2a4-5526-4092-9dc4-6d4c5fd51127/current/log_inprogress_2302 to /opt/src/hadoop-ozone/tools/target/test-dir/MiniOzoneClusterImpl-0519545d-318d-4c21-a2a0-688f18f8a31d/datanode-4/data/ratis/23ffc2a4-5526-4092-9dc4-6d4c5fd51127/current/log_2302-2380
2019-07-03 07:08:11,742 INFO  storage.RaftLogWorker (RaftLogWorker.java:rollLogSegment(303)) - 75e8c5ea-f06a-43e1-af6e-1f7f9b0b2cc1-RaftLogWorker: Rolling segment log-2302_2380 to index:2380
2019-07-03 07:08:11,743 INFO  storage.RaftLogWorker (RaftLogWorker.java:execute(433)) - 1d8d2908-dfb4-4358-9c6e-64b435d6fccc-RaftLogWorker: Rolled log segment from /opt/src/hadoop-ozone/tools/target/test-dir/MiniOzoneClusterImpl-0519545d-318d-4c21-a2a0-688f18f8a31d/datanode-2/data/ratis/23ffc2a4-5526-4092-9dc4-6d4c5fd51127/current/log_inprogress_2302 to /opt/src/hadoop-ozone/tools/target/test-dir/MiniOzoneClusterImpl-0519545d-318d-4c21-a2a0-688f18f8a31d/datanode-2/data/ratis/23ffc2a4-5526-4092-9dc4-6d4c5fd51127/current/log_2302-2380
2019-07-03 07:08:11,743 INFO  storage.RaftLogWorker (RaftLogWorker.java:execute(433)) - 75e8c5ea-f06a-43e1-af6e-1f7f9b0b2cc1-RaftLogWorker: Rolled log segment from /opt/src/hadoop-ozone/tools/target/test-dir/MiniOzoneClusterImpl-0519545d-318d-4c21-a2a0-688f18f8a31d/datanode-1/data/ratis/23ffc2a4-5526-4092-9dc4-6d4c5fd51127/current/log_inprogress_2302 to /opt/src/hadoop-ozone/tools/target/test-dir/MiniOzoneClusterImpl-0519545d-318d-4c21-a2a0-688f18f8a31d/datanode-1/data/ratis/23ffc2a4-5526-4092-9dc4-6d4c5fd51127/current/log_2302-2380
2019-07-03 07:08:11,773 INFO  storage.RaftLogWorker (RaftLogWorker.java:execute(469)) - 75e8c5ea-f06a-43e1-af6e-1f7f9b0b2cc1-RaftLogWorker: created new log segment /opt/src/hadoop-ozone/tools/target/test-dir/MiniOzoneClusterImpl-0519545d-318d-4c21-a2a0-688f18f8a31d/datanode-1/data/ratis/23ffc2a4-5526-4092-9dc4-6d4c5fd51127/current/log_inprogress_2381
2019-07-03 07:08:11,773 INFO  storage.RaftLogWorker (RaftLogWorker.java:execute(469)) - 6571ba41-d309-4d1d-a321-129a77bf1602-RaftLogWorker: created new log segment /opt/src/hadoop-ozone/tools/target/test-dir/MiniOzoneClusterImpl-0519545d-318d-4c21-a2a0-688f18f8a31d/datanode-4/data/ratis/23ffc2a4-5526-4092-9dc4-6d4c5fd51127/current/log_inprogress_2381
2019-07-03 07:08:11,777 INFO  storage.RaftLogWorker (RaftLogWorker.java:execute(469)) - 1d8d2908-dfb4-4358-9c6e-64b435d6fccc-RaftLogWorker: created new log segment /opt/src/hadoop-ozone/tools/target/test-dir/MiniOzoneClusterImpl-0519545d-318d-4c21-a2a0-688f18f8a31d/datanode-2/data/ratis/23ffc2a4-5526-4092-9dc4-6d4c5fd51127/current/log_inprogress_2381
2019-07-03 07:08:11,777 INFO  client.GrpcClientProtocolClient (GrpcClientProtocolClient.java:onNext(254)) - client-253D2503C21A->6571ba41-d309-4d1d-a321-129a77bf1602: receive RaftClientReply:client-253D2503C21A->6571ba41-d309-4d1d-a321-129a77bf1602@group-6D4C5FD51127, cid=1618, SUCCESS, logIndex=2381, commits[6571ba41-d309-4d1d-a321-129a77bf1602:c2381, 75e8c5ea-f06a-43e1-af6e-1f7f9b0b2cc1:c2379, 1d8d2908-dfb4-4358-9c6e-64b435d6fccc:c2379]
2019-07-03 07:08:11,779 INFO  client.GrpcClientProtocolClient (GrpcClientProtocolClient.java:onNext(254)) - client-253D2503C21A->6571ba41-d309-4d1d-a321-129a77bf1602: receive RaftClientReply:client-253D2503C21A->6571ba41-d309-4d1d-a321-129a77bf1602@group-6D4C5FD51127, cid=1619, SUCCESS, logIndex=0, commits[6571ba41-d309-4d1d-a321-129a77bf1602:c2382, 75e8c5ea-f06a-43e1-af6e-1f7f9b0b2cc1:c2381, 1d8d2908-dfb4-4358-9c6e-64b435d6fccc:c2381]
2019-07-03 07:08:11,804 INFO  client.GrpcClientProtocolClient (GrpcClientProtocolClient.java:onNext(254)) - client-253D2503C21A->6571ba41-d309-4d1d-a321-129a77bf1602: receive RaftClientReply:client-253D2503C21A->6571ba41-d309-4d1d-a321-129a77bf1602@group-6D4C5FD51127, cid=1620, SUCCESS, logIndex=2383, commits[6571ba41-d309-4d1d-a321-129a77bf1602:c2383, 75e8c5ea-f06a-43e1-af6e-1f7f9b0b2cc1:c2382, 1d8d2908-dfb4-4358-9c6e-64b435d6fccc:c2382]
2019-07-03 07:08:11,817 INFO  client.GrpcClientProtocolClient (GrpcClientProtocolClient.java:onNext(254)) - client-253D2503C21A->6571ba41-d309-4d1d-a321-129a77bf1602: receive RaftClientReply:client-253D2503C21A->6571ba41-d309-4d1d-a321-129a77bf1602@group-6D4C5FD51127, cid=1621, SUCCESS, logIndex=2385, commits[6571ba41-d309-4d1d-a321-129a77bf1602:c2386, 75e8c5ea-f06a-43e1-af6e-1f7f9b0b2cc1:c2383, 1d8d2908-dfb4-4358-9c6e-64b435d6fccc:c2383]
2019-07-03 07:08:11,818 INFO  client.GrpcClientProtocolClient (GrpcClientProtocolClient.java:onNext(254)) - client-253D2503C21A->6571ba41-d309-4d1d-a321-129a77bf1602: receive RaftClientReply:client-253D2503C21A->6571ba41-d309-4d1d-a321-129a77bf1602@group-6D4C5FD51127, cid=1622, SUCCESS, logIndex=2386, commits[6571ba41-d309-4d1d-a321-129a77bf1602:c2386, 75e8c5ea-f06a-43e1-af6e-1f7f9b0b2cc1:c2383, 1d8d2908-dfb4-4358-9c6e-64b435d6fccc:c2383]
2019-07-03 07:08:11,818 INFO  client.GrpcClientProtocolClient (GrpcClientProtocolClient.java:onNext(254)) - client-253D2503C21A->6571ba41-d309-4d1d-a321-129a77bf1602: receive RaftClientReply:client-253D2503C21A->6571ba41-d309-4d1d-a321-129a77bf1602@group-6D4C5FD51127, cid=1623, SUCCESS, logIndex=2387, commits[6571ba41-d309-4d1d-a321-129a77bf1602:c2388, 75e8c5ea-f06a-43e1-af6e-1f7f9b0b2cc1:c2385, 1d8d2908-dfb4-4358-9c6e-64b435d6fccc:c2383]
2019-07-03 07:08:11,819 INFO  client.GrpcClientProtocolClient (GrpcClientProtocolClient.java:onNext(254)) - client-253D2503C21A->6571ba41-d309-4d1d-a321-129a77bf1602: receive RaftClientReply:client-253D2503C21A->6571ba41-d309-4d1d-a321-129a77bf1602@group-6D4C5FD51127, cid=1624, SUCCESS, logIndex=0, commits[6571ba41-d309-4d1d-a321-129a77bf1602:c2388, 75e8c5ea-f06a-43e1-af6e-1f7f9b0b2cc1:c2386, 1d8d2908-dfb4-4358-9c6e-64b435d6fccc:c2386]
2019-07-03 07:08:11,930 INFO  client.GrpcClientProtocolClient (GrpcClientProtocolClient.java:onNext(254)) - client-253D2503C21A->6571ba41-d309-4d1d-a321-129a77bf1602: receive RaftClientReply:client-253D2503C21A->6571ba41-d309-4d1d-a321-129a77bf1602@group-6D4C5FD51127, cid=1625, SUCCESS, logIndex=2391, commits[6571ba41-d309-4d1d-a321-129a77bf1602:c2391, 75e8c5ea-f06a-43e1-af6e-1f7f9b0b2cc1:c2390, 1d8d2908-dfb4-4358-9c6e-64b435d6fccc:c2390]
2019-07-03 07:08:11,944 INFO  client.GrpcClientProtocolClient (GrpcClientProtocolClient.java:onNext(254)) - client-253D2503C21A->6571ba41-d309-4d1d-a321-129a77bf1602: receive RaftClientReply:client-253D2503C21A->6571ba41-d309-4d1d-a321-129a77bf1602@group-6D4C5FD51127, cid=1626, SUCCESS, logIndex=2393, commits[6571ba41-d309-4d1d-a321-129a77bf1602:c2393, 75e8c5ea-f06a-43e1-af6e-1f7f9b0b2cc1:c2391, 1d8d2908-dfb4-4358-9c6e-64b435d6fccc:c2391]
2019-07-03 07:08:11,958 INFO  client.GrpcClientProtocolClient (GrpcClientProtocolClient.java:onNext(254)) - client-253D2503C21A->6571ba41-d309-4d1d-a321-129a77bf1602: receive RaftClientReply:client-253D2503C21A->6571ba41-d309-4d1d-a321-129a77bf1602@group-6D4C5FD51127, cid=1627, SUCCESS, logIndex=2395, commits[6571ba41-d309-4d1d-a321-129a77bf1602:c2395, 75e8c5ea-f06a-43e1-af6e-1f7f9b0b2cc1:c2393, 1d8d2908-dfb4-4358-9c6e-64b435d6fccc:c2393]
2019-07-03 07:08:11,962 INFO  client.GrpcClientProtocolClient (GrpcClientProtocolClient.java:onNext(254)) - client-253D2503C21A->6571ba41-d309-4d1d-a321-129a77bf1602: receive RaftClientReply:client-253D2503C21A->6571ba41-d309-4d1d-a321-129a77bf1602@group-6D4C5FD51127, cid=1628, SUCCESS, logIndex=2397, commits[6571ba41-d309-4d1d-a321-129a77bf1602:c2397, 75e8c5ea-f06a-43e1-af6e-1f7f9b0b2cc1:c2395, 1d8d2908-dfb4-4358-9c6e-64b435d6fccc:c2395]
2019-07-03 07:08:11,974 INFO  client.GrpcClientProtocolClient (GrpcClientProtocolClient.java:onNext(254)) - client-253D2503C21A->6571ba41-d309-4d1d-a321-129a77bf1602: receive RaftClientReply:client-253D2503C21A->6571ba41-d309-4d1d-a321-129a77bf1602@group-6D4C5FD51127, cid=1629, SUCCESS, logIndex=0, commits[6571ba41-d309-4d1d-a321-129a77bf1602:c2398, 75e8c5ea-f06a-43e1-af6e-1f7f9b0b2cc1:c2397, 1d8d2908-dfb4-4358-9c6e-64b435d6fccc:c2397]
2019-07-03 07:08:12,004 INFO  client.GrpcClientProtocolClient (GrpcClientProtocolClient.java:onNext(254)) - client-253D2503C21A->6571ba41-d309-4d1d-a321-129a77bf1602: receive RaftClientReply:client-253D2503C21A->6571ba41-d309-4d1d-a321-129a77bf1602@group-6D4C5FD51127, cid=1630, SUCCESS, logIndex=2399, commits[6571ba41-d309-4d1d-a321-129a77bf1602:c2399, 75e8c5ea-f06a-43e1-af6e-1f7f9b0b2cc1:c2398, 1d8d2908-dfb4-4358-9c6e-64b435d6fccc:c2398]
2019-07-03 07:08:12,018 INFO  client.GrpcClientProtocolClient (GrpcClientProtocolClient.java:onNext(254)) - client-253D2503C21A->6571ba41-d309-4d1d-a321-129a77bf1602: receive RaftClientReply:client-253D2503C21A->6571ba41-d309-4d1d-a321-129a77bf1602@group-6D4C5FD51127, cid=1631, SUCCESS, logIndex=2401, commits[6571ba41-d309-4d1d-a321-129a77bf1602:c2401, 75e8c5ea-f06a-43e1-af6e-1f7f9b0b2cc1:c2399, 1d8d2908-dfb4-4358-9c6e-64b435d6fccc:c2399]
2019-07-03 07:08:12,019 INFO  client.GrpcClientProtocolClient (GrpcClientProtocolClient.java:onNext(254)) - client-253D2503C21A->6571ba41-d309-4d1d-a321-129a77bf1602: receive RaftClientReply:client-253D2503C21A->6571ba41-d309-4d1d-a321-129a77bf1602@group-6D4C5FD51127, cid=1632, SUCCESS, logIndex=2402, commits[6571ba41-d309-4d1d-a321-129a77bf1602:c2402, 75e8c5ea-f06a-43e1-af6e-1f7f9b0b2cc1:c2399, 1d8d2908-dfb4-4358-9c6e-64b435d6fccc:c2399]
2019-07-03 07:08:12,019 INFO  client.GrpcClientProtocolClient (GrpcClientProtocolClient.java:onNext(254)) - client-253D2503C21A->6571ba41-d309-4d1d-a321-129a77bf1602: receive RaftClientReply:client-253D2503C21A->6571ba41-d309-4d1d-a321-129a77bf1602@group-6D4C5FD51127, cid=1633, SUCCESS, logIndex=2403, commits[6571ba41-d309-4d1d-a321-129a77bf1602:c2403, 75e8c5ea-f06a-43e1-af6e-1f7f9b0b2cc1:c2399, 1d8d2908-dfb4-4358-9c6e-64b435d6fccc:c2399]
2019-07-03 07:08:12,020 INFO  client.GrpcClientProtocolClient (GrpcClientProtocolClient.java:onNext(254)) - client-253D2503C21A->6571ba41-d309-4d1d-a321-129a77bf1602: receive RaftClientReply:client-253D2503C21A->6571ba41-d309-4d1d-a321-129a77bf1602@group-6D4C5FD51127, cid=1634, SUCCESS, logIndex=0, commits[6571ba41-d309-4d1d-a321-129a77bf1602:c2404, 75e8c5ea-f06a-43e1-af6e-1f7f9b0b2cc1:c2401, 1d8d2908-dfb4-4358-9c6e-64b435d6fccc:c2401]
2019-07-03 07:08:12,065 INFO  client.GrpcClientProtocolClient (GrpcClientProtocolClient.java:onNext(254)) - client-253D2503C21A->6571ba41-d309-4d1d-a321-129a77bf1602: receive RaftClientReply:client-253D2503C21A->6571ba41-d309-4d1d-a321-129a77bf1602@group-6D4C5FD51127, cid=1635, SUCCESS, logIndex=2407, commits[6571ba41-d309-4d1d-a321-129a77bf1602:c2407, 75e8c5ea-f06a-43e1-af6e-1f7f9b0b2cc1:c2406, 1d8d2908-dfb4-4358-9c6e-64b435d6fccc:c2406]
2019-07-03 07:08:12,083 INFO  client.GrpcClientProtocolClient (GrpcClientProtocolClient.java:onNext(254)) - client-253D2503C21A->6571ba41-d309-4d1d-a321-129a77bf1602: receive RaftClientReply:client-253D2503C21A->6571ba41-d309-4d1d-a321-129a77bf1602@group-6D4C5FD51127, cid=1636, SUCCESS, logIndex=2409, commits[6571ba41-d309-4d1d-a321-129a77bf1602:c2409, 75e8c5ea-f06a-43e1-af6e-1f7f9b0b2cc1:c2407, 1d8d2908-dfb4-4358-9c6e-64b435d6fccc:c2407]
2019-07-03 07:08:12,097 INFO  client.GrpcClientProtocolClient (GrpcClientProtocolClient.java:onNext(254)) - client-253D2503C21A->6571ba41-d309-4d1d-a321-129a77bf1602: receive RaftClientReply:client-253D2503C21A->6571ba41-d309-4d1d-a321-129a77bf1602@group-6D4C5FD51127, cid=1637, SUCCESS, logIndex=2411, commits[6571ba41-d309-4d1d-a321-129a77bf1602:c2411, 75e8c5ea-f06a-43e1-af6e-1f7f9b0b2cc1:c2409, 1d8d2908-dfb4-4358-9c6e-64b435d6fccc:c2409]
2019-07-03 07:08:12,100 INFO  client.GrpcClientProtocolClient (GrpcClientProtocolClient.java:onNext(254)) - client-253D2503C21A->6571ba41-d309-4d1d-a321-129a77bf1602: receive RaftClientReply:client-253D2503C21A->6571ba41-d309-4d1d-a321-129a77bf1602@group-6D4C5FD51127, cid=1638, SUCCESS, logIndex=2413, commits[6571ba41-d309-4d1d-a321-129a77bf1602:c2413, 75e8c5ea-f06a-43e1-af6e-1f7f9b0b2cc1:c2411, 1d8d2908-dfb4-4358-9c6e-64b435d6fccc:c2411]
2019-07-03 07:08:12,114 INFO  client.GrpcClientProtocolClient (GrpcClientProtocolClient.java:onNext(254)) - client-253D2503C21A->6571ba41-d309-4d1d-a321-129a77bf1602: receive RaftClientReply:client-253D2503C21A->6571ba41-d309-4d1d-a321-129a77bf1602@group-6D4C5FD51127, cid=1639, SUCCESS, logIndex=0, commits[6571ba41-d309-4d1d-a321-129a77bf1602:c2414, 75e8c5ea-f06a-43e1-af6e-1f7f9b0b2cc1:c2413, 1d8d2908-dfb4-4358-9c6e-64b435d6fccc:c2413]
2019-07-03 07:08:12,144 INFO  client.GrpcClientProtocolClient (GrpcClientProtocolClient.java:onNext(254)) - client-253D2503C21A->6571ba41-d309-4d1d-a321-129a77bf1602: receive RaftClientReply:client-253D2503C21A->6571ba41-d309-4d1d-a321-129a77bf1602@group-6D4C5FD51127, cid=1640, SUCCESS, logIndex=2415, commits[6571ba41-d309-4d1d-a321-129a77bf1602:c2415, 75e8c5ea-f06a-43e1-af6e-1f7f9b0b2cc1:c2414, 1d8d2908-dfb4-4358-9c6e-64b435d6fccc:c2414]
2019-07-03 07:08:12,156 INFO  client.GrpcClientProtocolClient (GrpcClientProtocolClient.java:onNext(254)) - client-253D2503C21A->6571ba41-d309-4d1d-a321-129a77bf1602: receive RaftClientReply:client-253D2503C21A->6571ba41-d309-4d1d-a321-129a77bf1602@group-6D4C5FD51127, cid=1641, SUCCESS, logIndex=2417, commits[6571ba41-d309-4d1d-a321-129a77bf1602:c2417, 75e8c5ea-f06a-43e1-af6e-1f7f9b0b2cc1:c2415, 1d8d2908-dfb4-4358-9c6e-64b435d6fccc:c2415]
2019-07-03 07:08:12,157 INFO  client.GrpcClientProtocolClient (GrpcClientProtocolClient.java:onNext(254)) - client-253D2503C21A->6571ba41-d309-4d1d-a321-129a77bf1602: receive RaftClientReply:client-253D2503C21A->6571ba41-d309-4d1d-a321-129a77bf1602@group-6D4C5FD51127, cid=1642, SUCCESS, logIndex=2418, commits[6571ba41-d309-4d1d-a321-129a77bf1602:c2418, 75e8c5ea-f06a-43e1-af6e-1f7f9b0b2cc1:c2415, 1d8d2908-dfb4-4358-9c6e-64b435d6fccc:c2415]
2019-07-03 07:08:12,157 INFO  client.GrpcClientProtocolClient (GrpcClientProtocolClient.java:onNext(254)) - client-253D2503C21A->6571ba41-d309-4d1d-a321-129a77bf1602: receive RaftClientReply:client-253D2503C21A->6571ba41-d309-4d1d-a321-129a77bf1602@group-6D4C5FD51127, cid=1643, SUCCESS, logIndex=2419, commits[6571ba41-d309-4d1d-a321-129a77bf1602:c2419, 75e8c5ea-f06a-43e1-af6e-1f7f9b0b2cc1:c2415, 1d8d2908-dfb4-4358-9c6e-64b435d6fccc:c2415]
2019-07-03 07:08:12,158 INFO  client.GrpcClientProtocolClient (GrpcClientProtocolClient.java:onNext(254)) - client-253D2503C21A->6571ba41-d309-4d1d-a321-129a77bf1602: receive RaftClientReply:client-253D2503C21A->6571ba41-d309-4d1d-a321-129a77bf1602@group-6D4C5FD51127, cid=1644, SUCCESS, logIndex=0, commits[6571ba41-d309-4d1d-a321-129a77bf1602:c2420, 75e8c5ea-f06a-43e1-af6e-1f7f9b0b2cc1:c2417, 1d8d2908-dfb4-4358-9c6e-64b435d6fccc:c2417]
2019-07-03 07:08:12,179 INFO  client.GrpcClientProtocolClient (GrpcClientProtocolClient.java:onNext(254)) - client-253D2503C21A->6571ba41-d309-4d1d-a321-129a77bf1602: receive RaftClientReply:client-253D2503C21A->6571ba41-d309-4d1d-a321-129a77bf1602@group-6D4C5FD51127, cid=1645, SUCCESS, logIndex=2423, commits[6571ba41-d309-4d1d-a321-129a77bf1602:c2423, 75e8c5ea-f06a-43e1-af6e-1f7f9b0b2cc1:c2422, 1d8d2908-dfb4-4358-9c6e-64b435d6fccc:c2422]
2019-07-03 07:08:12,192 INFO  client.GrpcClientProtocolClient (GrpcClientProtocolClient.java:onNext(254)) - client-253D2503C21A->6571ba41-d309-4d1d-a321-129a77bf1602: receive RaftClientReply:client-253D2503C21A->6571ba41-d309-4d1d-a321-129a77bf1602@group-6D4C5FD51127, cid=1646, SUCCESS, logIndex=2425, commits[6571ba41-d309-4d1d-a321-129a77bf1602:c2425, 75e8c5ea-f06a-43e1-af6e-1f7f9b0b2cc1:c2423, 1d8d2908-dfb4-4358-9c6e-64b435d6fccc:c2423]
2019-07-03 07:08:12,205 INFO  client.GrpcClientProtocolClient (GrpcClientProtocolClient.java:onNext(254)) - client-253D2503C21A->6571ba41-d309-4d1d-a321-129a77bf1602: receive RaftClientReply:client-253D2503C21A->6571ba41-d309-4d1d-a321-129a77bf1602@group-6D4C5FD51127, cid=1647, SUCCESS, logIndex=2427, commits[6571ba41-d309-4d1d-a321-129a77bf1602:c2427, 75e8c5ea-f06a-43e1-af6e-1f7f9b0b2cc1:c2425, 1d8d2908-dfb4-4358-9c6e-64b435d6fccc:c2425]
2019-07-03 07:08:12,208 INFO  client.GrpcClientProtocolClient (GrpcClientProtocolClient.java:onNext(254)) - client-253D2503C21A->6571ba41-d309-4d1d-a321-129a77bf1602: receive RaftClientReply:client-253D2503C21A->6571ba41-d309-4d1d-a321-129a77bf1602@group-6D4C5FD51127, cid=1648, SUCCESS, logIndex=2429, commits[6571ba41-d309-4d1d-a321-129a77bf1602:c2429, 75e8c5ea-f06a-43e1-af6e-1f7f9b0b2cc1:c2427, 1d8d2908-dfb4-4358-9c6e-64b435d6fccc:c2427]
2019-07-03 07:08:12,220 INFO  client.GrpcClientProtocolClient (GrpcClientProtocolClient.java:onNext(254)) - client-253D2503C21A->6571ba41-d309-4d1d-a321-129a77bf1602: receive RaftClientReply:client-253D2503C21A->6571ba41-d309-4d1d-a321-129a77bf1602@group-6D4C5FD51127, cid=1649, SUCCESS, logIndex=0, commits[6571ba41-d309-4d1d-a321-129a77bf1602:c2429, 75e8c5ea-f06a-43e1-af6e-1f7f9b0b2cc1:c2429, 1d8d2908-dfb4-4358-9c6e-64b435d6fccc:c2429]
2019-07-03 07:08:12,251 INFO  client.GrpcClientProtocolClient (GrpcClientProtocolClient.java:onNext(254)) - client-253D2503C21A->6571ba41-d309-4d1d-a321-129a77bf1602: receive RaftClientReply:client-253D2503C21A->6571ba41-d309-4d1d-a321-129a77bf1602@group-6D4C5FD51127, cid=1650, SUCCESS, logIndex=2431, commits[6571ba41-d309-4d1d-a321-129a77bf1602:c2431, 75e8c5ea-f06a-43e1-af6e-1f7f9b0b2cc1:c2430, 1d8d2908-dfb4-4358-9c6e-64b435d6fccc:c2430]
2019-07-03 07:08:12,264 INFO  client.GrpcClientProtocolClient (GrpcClientProtocolClient.java:onNext(254)) - client-253D2503C21A->6571ba41-d309-4d1d-a321-129a77bf1602: receive RaftClientReply:client-253D2503C21A->6571ba41-d309-4d1d-a321-129a77bf1602@group-6D4C5FD51127, cid=1651, SUCCESS, logIndex=2433, commits[6571ba41-d309-4d1d-a321-129a77bf1602:c2434, 75e8c5ea-f06a-43e1-af6e-1f7f9b0b2cc1:c2431, 1d8d2908-dfb4-4358-9c6e-64b435d6fccc:c2431]
2019-07-03 07:08:12,265 INFO  client.GrpcClientProtocolClient (GrpcClientProtocolClient.java:onNext(254)) - client-253D2503C21A->6571ba41-d309-4d1d-a321-129a77bf1602: receive RaftClientReply:client-253D2503C21A->6571ba41-d309-4d1d-a321-129a77bf1602@group-6D4C5FD51127, cid=1652, SUCCESS, logIndex=2434, commits[6571ba41-d309-4d1d-a321-129a77bf1602:c2434, 75e8c5ea-f06a-43e1-af6e-1f7f9b0b2cc1:c2431, 1d8d2908-dfb4-4358-9c6e-64b435d6fccc:c2431]
2019-07-03 07:08:12,266 INFO  client.GrpcClientProtocolClient (GrpcClientProtocolClient.java:onNext(254)) - client-253D2503C21A->6571ba41-d309-4d1d-a321-129a77bf1602: receive RaftClientReply:client-253D2503C21A->6571ba41-d309-4d1d-a321-129a77bf1602@group-6D4C5FD51127, cid=1653, SUCCESS, logIndex=2435, commits[6571ba41-d309-4d1d-a321-129a77bf1602:c2435, 75e8c5ea-f06a-43e1-af6e-1f7f9b0b2cc1:c2431, 1d8d2908-dfb4-4358-9c6e-64b435d6fccc:c2433]
2019-07-03 07:08:12,267 INFO  client.GrpcClientProtocolClient (GrpcClientProtocolClient.java:onNext(254)) - client-253D2503C21A->6571ba41-d309-4d1d-a321-129a77bf1602: receive RaftClientReply:client-253D2503C21A->6571ba41-d309-4d1d-a321-129a77bf1602@group-6D4C5FD51127, cid=1654, SUCCESS, logIndex=0, commits[6571ba41-d309-4d1d-a321-129a77bf1602:c2436, 75e8c5ea-f06a-43e1-af6e-1f7f9b0b2cc1:c2433, 1d8d2908-dfb4-4358-9c6e-64b435d6fccc:c2433]
2019-07-03 07:08:12,287 INFO  client.GrpcClientProtocolClient (GrpcClientProtocolClient.java:onNext(254)) - client-253D2503C21A->6571ba41-d309-4d1d-a321-129a77bf1602: receive RaftClientReply:client-253D2503C21A->6571ba41-d309-4d1d-a321-129a77bf1602@group-6D4C5FD51127, cid=1655, SUCCESS, logIndex=2439, commits[6571ba41-d309-4d1d-a321-129a77bf1602:c2439, 75e8c5ea-f06a-43e1-af6e-1f7f9b0b2cc1:c2438, 1d8d2908-dfb4-4358-9c6e-64b435d6fccc:c2438]
2019-07-03 07:08:12,300 INFO  client.GrpcClientProtocolClient (GrpcClientProtocolClient.java:onNext(254)) - client-253D2503C21A->6571ba41-d309-4d1d-a321-129a77bf1602: receive RaftClientReply:client-253D2503C21A->6571ba41-d309-4d1d-a321-129a77bf1602@group-6D4C5FD51127, cid=1656, SUCCESS, logIndex=2441, commits[6571ba41-d309-4d1d-a321-129a77bf1602:c2441, 75e8c5ea-f06a-43e1-af6e-1f7f9b0b2cc1:c2439, 1d8d2908-dfb4-4358-9c6e-64b435d6fccc:c2439]
2019-07-03 07:08:12,313 INFO  client.GrpcClientProtocolClient (GrpcClientProtocolClient.java:onNext(254)) - client-253D2503C21A->6571ba41-d309-4d1d-a321-129a77bf1602: receive RaftClientReply:client-253D2503C21A->6571ba41-d309-4d1d-a321-129a77bf1602@group-6D4C5FD51127, cid=1657, SUCCESS, logIndex=2443, commits[6571ba41-d309-4d1d-a321-129a77bf1602:c2443, 75e8c5ea-f06a-43e1-af6e-1f7f9b0b2cc1:c2441, 1d8d2908-dfb4-4358-9c6e-64b435d6fccc:c2441]
2019-07-03 07:08:12,317 INFO  client.GrpcClientProtocolClient (GrpcClientProtocolClient.java:onNext(254)) - client-253D2503C21A->6571ba41-d309-4d1d-a321-129a77bf1602: receive RaftClientReply:client-253D2503C21A->6571ba41-d309-4d1d-a321-129a77bf1602@group-6D4C5FD51127, cid=1658, SUCCESS, logIndex=2445, commits[6571ba41-d309-4d1d-a321-129a77bf1602:c2445, 75e8c5ea-f06a-43e1-af6e-1f7f9b0b2cc1:c2443, 1d8d2908-dfb4-4358-9c6e-64b435d6fccc:c2443]
2019-07-03 07:08:12,319 INFO  client.GrpcClientProtocolClient (GrpcClientProtocolClient.java:onNext(254)) - client-253D2503C21A->6571ba41-d309-4d1d-a321-129a77bf1602: receive RaftClientReply:client-253D2503C21A->6571ba41-d309-4d1d-a321-129a77bf1602@group-6D4C5FD51127, cid=1659, SUCCESS, logIndex=0, commits[6571ba41-d309-4d1d-a321-129a77bf1602:c2446, 75e8c5ea-f06a-43e1-af6e-1f7f9b0b2cc1:c2445, 1d8d2908-dfb4-4358-9c6e-64b435d6fccc:c2445]
2019-07-03 07:08:12,352 INFO  client.GrpcClientProtocolClient (GrpcClientProtocolClient.java:onNext(254)) - client-253D2503C21A->6571ba41-d309-4d1d-a321-129a77bf1602: receive RaftClientReply:client-253D2503C21A->6571ba41-d309-4d1d-a321-129a77bf1602@group-6D4C5FD51127, cid=1660, SUCCESS, logIndex=2447, commits[6571ba41-d309-4d1d-a321-129a77bf1602:c2447, 75e8c5ea-f06a-43e1-af6e-1f7f9b0b2cc1:c2446, 1d8d2908-dfb4-4358-9c6e-64b435d6fccc:c2446]
2019-07-03 07:08:12,364 INFO  client.GrpcClientProtocolClient (GrpcClientProtocolClient.java:onNext(254)) - client-253D2503C21A->6571ba41-d309-4d1d-a321-129a77bf1602: receive RaftClientReply:client-253D2503C21A->6571ba41-d309-4d1d-a321-129a77bf1602@group-6D4C5FD51127, cid=1661, SUCCESS, logIndex=2449, commits[6571ba41-d309-4d1d-a321-129a77bf1602:c2450, 75e8c5ea-f06a-43e1-af6e-1f7f9b0b2cc1:c2447, 1d8d2908-dfb4-4358-9c6e-64b435d6fccc:c2447]
2019-07-03 07:08:12,364 INFO  client.GrpcClientProtocolClient (GrpcClientProtocolClient.java:onNext(254)) - client-253D2503C21A->6571ba41-d309-4d1d-a321-129a77bf1602: receive RaftClientReply:client-253D2503C21A->6571ba41-d309-4d1d-a321-129a77bf1602@group-6D4C5FD51127, cid=1662, SUCCESS, logIndex=2450, commits[6571ba41-d309-4d1d-a321-129a77bf1602:c2450, 75e8c5ea-f06a-43e1-af6e-1f7f9b0b2cc1:c2447, 1d8d2908-dfb4-4358-9c6e-64b435d6fccc:c2447]
2019-07-03 07:08:12,364 INFO  client.GrpcClientProtocolClient (GrpcClientProtocolClient.java:onNext(254)) - client-253D2503C21A->6571ba41-d309-4d1d-a321-129a77bf1602: receive RaftClientReply:client-253D2503C21A->6571ba41-d309-4d1d-a321-129a77bf1602@group-6D4C5FD51127, cid=1663, SUCCESS, logIndex=2451, commits[6571ba41-d309-4d1d-a321-129a77bf1602:c2451, 75e8c5ea-f06a-43e1-af6e-1f7f9b0b2cc1:c2450, 1d8d2908-dfb4-4358-9c6e-64b435d6fccc:c2447]
2019-07-03 07:08:12,366 INFO  client.GrpcClientProtocolClient (GrpcClientProtocolClient.java:onNext(254)) - client-253D2503C21A->6571ba41-d309-4d1d-a321-129a77bf1602: receive RaftClientReply:client-253D2503C21A->6571ba41-d309-4d1d-a321-129a77bf1602@group-6D4C5FD51127, cid=1664, SUCCESS, logIndex=0, commits[6571ba41-d309-4d1d-a321-129a77bf1602:c2452, 75e8c5ea-f06a-43e1-af6e-1f7f9b0b2cc1:c2450, 1d8d2908-dfb4-4358-9c6e-64b435d6fccc:c2450]
2019-07-03 07:08:12,386 INFO  client.GrpcClientProtocolClient (GrpcClientProtocolClient.java:onNext(254)) - client-253D2503C21A->6571ba41-d309-4d1d-a321-129a77bf1602: receive RaftClientReply:client-253D2503C21A->6571ba41-d309-4d1d-a321-129a77bf1602@group-6D4C5FD51127, cid=1665, SUCCESS, logIndex=2455, commits[6571ba41-d309-4d1d-a321-129a77bf1602:c2455, 75e8c5ea-f06a-43e1-af6e-1f7f9b0b2cc1:c2454, 1d8d2908-dfb4-4358-9c6e-64b435d6fccc:c2454]
2019-07-03 07:08:12,399 INFO  client.GrpcClientProtocolClient (GrpcClientProtocolClient.java:onNext(254)) - client-253D2503C21A->6571ba41-d309-4d1d-a321-129a77bf1602: receive RaftClientReply:client-253D2503C21A->6571ba41-d309-4d1d-a321-129a77bf1602@group-6D4C5FD51127, cid=1666, SUCCESS, logIndex=2457, commits[6571ba41-d309-4d1d-a321-129a77bf1602:c2457, 75e8c5ea-f06a-43e1-af6e-1f7f9b0b2cc1:c2455, 1d8d2908-dfb4-4358-9c6e-64b435d6fccc:c2455]
2019-07-03 07:08:12,412 INFO  storage.RaftLogWorker (RaftLogWorker.java:rollLogSegment(303)) - 6571ba41-d309-4d1d-a321-129a77bf1602-RaftLogWorker: Rolling segment log-2381_2460 to index:2460
2019-07-03 07:08:12,412 INFO  client.GrpcClientProtocolClient (GrpcClientProtocolClient.java:onNext(254)) - client-253D2503C21A->6571ba41-d309-4d1d-a321-129a77bf1602: receive RaftClientReply:client-253D2503C21A->6571ba41-d309-4d1d-a321-129a77bf1602@group-6D4C5FD51127, cid=1667, SUCCESS, logIndex=2459, commits[6571ba41-d309-4d1d-a321-129a77bf1602:c2459, 75e8c5ea-f06a-43e1-af6e-1f7f9b0b2cc1:c2457, 1d8d2908-dfb4-4358-9c6e-64b435d6fccc:c2457]
2019-07-03 07:08:12,413 INFO  storage.RaftLogWorker (RaftLogWorker.java:rollLogSegment(303)) - 1d8d2908-dfb4-4358-9c6e-64b435d6fccc-RaftLogWorker: Rolling segment log-2381_2460 to index:2460
2019-07-03 07:08:12,413 INFO  storage.RaftLogWorker (RaftLogWorker.java:rollLogSegment(303)) - 75e8c5ea-f06a-43e1-af6e-1f7f9b0b2cc1-RaftLogWorker: Rolling segment log-2381_2460 to index:2460
2019-07-03 07:08:12,422 INFO  storage.RaftLogWorker (RaftLogWorker.java:execute(433)) - 6571ba41-d309-4d1d-a321-129a77bf1602-RaftLogWorker: Rolled log segment from /opt/src/hadoop-ozone/tools/target/test-dir/MiniOzoneClusterImpl-0519545d-318d-4c21-a2a0-688f18f8a31d/datanode-4/data/ratis/23ffc2a4-5526-4092-9dc4-6d4c5fd51127/current/log_inprogress_2381 to /opt/src/hadoop-ozone/tools/target/test-dir/MiniOzoneClusterImpl-0519545d-318d-4c21-a2a0-688f18f8a31d/datanode-4/data/ratis/23ffc2a4-5526-4092-9dc4-6d4c5fd51127/current/log_2381-2460
2019-07-03 07:08:12,423 INFO  storage.RaftLogWorker (RaftLogWorker.java:execute(433)) - 75e8c5ea-f06a-43e1-af6e-1f7f9b0b2cc1-RaftLogWorker: Rolled log segment from /opt/src/hadoop-ozone/tools/target/test-dir/MiniOzoneClusterImpl-0519545d-318d-4c21-a2a0-688f18f8a31d/datanode-1/data/ratis/23ffc2a4-5526-4092-9dc4-6d4c5fd51127/current/log_inprogress_2381 to /opt/src/hadoop-ozone/tools/target/test-dir/MiniOzoneClusterImpl-0519545d-318d-4c21-a2a0-688f18f8a31d/datanode-1/data/ratis/23ffc2a4-5526-4092-9dc4-6d4c5fd51127/current/log_2381-2460
2019-07-03 07:08:12,423 INFO  storage.RaftLogWorker (RaftLogWorker.java:execute(433)) - 1d8d2908-dfb4-4358-9c6e-64b435d6fccc-RaftLogWorker: Rolled log segment from /opt/src/hadoop-ozone/tools/target/test-dir/MiniOzoneClusterImpl-0519545d-318d-4c21-a2a0-688f18f8a31d/datanode-2/data/ratis/23ffc2a4-5526-4092-9dc4-6d4c5fd51127/current/log_inprogress_2381 to /opt/src/hadoop-ozone/tools/target/test-dir/MiniOzoneClusterImpl-0519545d-318d-4c21-a2a0-688f18f8a31d/datanode-2/data/ratis/23ffc2a4-5526-4092-9dc4-6d4c5fd51127/current/log_2381-2460
2019-07-03 07:08:12,464 INFO  storage.RaftLogWorker (RaftLogWorker.java:execute(469)) - 6571ba41-d309-4d1d-a321-129a77bf1602-RaftLogWorker: created new log segment /opt/src/hadoop-ozone/tools/target/test-dir/MiniOzoneClusterImpl-0519545d-318d-4c21-a2a0-688f18f8a31d/datanode-4/data/ratis/23ffc2a4-5526-4092-9dc4-6d4c5fd51127/current/log_inprogress_2461
2019-07-03 07:08:12,464 INFO  storage.RaftLogWorker (RaftLogWorker.java:execute(469)) - 1d8d2908-dfb4-4358-9c6e-64b435d6fccc-RaftLogWorker: created new log segment /opt/src/hadoop-ozone/tools/target/test-dir/MiniOzoneClusterImpl-0519545d-318d-4c21-a2a0-688f18f8a31d/datanode-2/data/ratis/23ffc2a4-5526-4092-9dc4-6d4c5fd51127/current/log_inprogress_2461
2019-07-03 07:08:12,464 INFO  storage.RaftLogWorker (RaftLogWorker.java:execute(469)) - 75e8c5ea-f06a-43e1-af6e-1f7f9b0b2cc1-RaftLogWorker: created new log segment /opt/src/hadoop-ozone/tools/target/test-dir/MiniOzoneClusterImpl-0519545d-318d-4c21-a2a0-688f18f8a31d/datanode-1/data/ratis/23ffc2a4-5526-4092-9dc4-6d4c5fd51127/current/log_inprogress_2461
2019-07-03 07:08:12,467 INFO  client.GrpcClientProtocolClient (GrpcClientProtocolClient.java:onNext(254)) - client-253D2503C21A->6571ba41-d309-4d1d-a321-129a77bf1602: receive RaftClientReply:client-253D2503C21A->6571ba41-d309-4d1d-a321-129a77bf1602@group-6D4C5FD51127, cid=1668, SUCCESS, logIndex=2461, commits[6571ba41-d309-4d1d-a321-129a77bf1602:c2461, 75e8c5ea-f06a-43e1-af6e-1f7f9b0b2cc1:c2459, 1d8d2908-dfb4-4358-9c6e-64b435d6fccc:c2459]
2019-07-03 07:08:12,479 INFO  client.GrpcClientProtocolClient (GrpcClientProtocolClient.java:onNext(254)) - client-253D2503C21A->6571ba41-d309-4d1d-a321-129a77bf1602: receive RaftClientReply:client-253D2503C21A->6571ba41-d309-4d1d-a321-129a77bf1602@group-6D4C5FD51127, cid=1669, SUCCESS, logIndex=0, commits[6571ba41-d309-4d1d-a321-129a77bf1602:c2462, 75e8c5ea-f06a-43e1-af6e-1f7f9b0b2cc1:c2461, 1d8d2908-dfb4-4358-9c6e-64b435d6fccc:c2461]
2019-07-03 07:08:12,509 INFO  client.GrpcClientProtocolClient (GrpcClientProtocolClient.java:onNext(254)) - client-253D2503C21A->6571ba41-d309-4d1d-a321-129a77bf1602: receive RaftClientReply:client-253D2503C21A->6571ba41-d309-4d1d-a321-129a77bf1602@group-6D4C5FD51127, cid=1670, SUCCESS, logIndex=2463, commits[6571ba41-d309-4d1d-a321-129a77bf1602:c2463, 75e8c5ea-f06a-43e1-af6e-1f7f9b0b2cc1:c2462, 1d8d2908-dfb4-4358-9c6e-64b435d6fccc:c2462]
2019-07-03 07:08:12,522 INFO  client.GrpcClientProtocolClient (GrpcClientProtocolClient.java:onNext(254)) - client-253D2503C21A->6571ba41-d309-4d1d-a321-129a77bf1602: receive RaftClientReply:client-253D2503C21A->6571ba41-d309-4d1d-a321-129a77bf1602@group-6D4C5FD51127, cid=1671, SUCCESS, logIndex=2465, commits[6571ba41-d309-4d1d-a321-129a77bf1602:c2465, 75e8c5ea-f06a-43e1-af6e-1f7f9b0b2cc1:c2463, 1d8d2908-dfb4-4358-9c6e-64b435d6fccc:c2463]
2019-07-03 07:08:12,522 INFO  client.GrpcClientProtocolClient (GrpcClientProtocolClient.java:onNext(254)) - client-253D2503C21A->6571ba41-d309-4d1d-a321-129a77bf1602: receive RaftClientReply:client-253D2503C21A->6571ba41-d309-4d1d-a321-129a77bf1602@group-6D4C5FD51127, cid=1672, SUCCESS, logIndex=2466, commits[6571ba41-d309-4d1d-a321-129a77bf1602:c2466, 75e8c5ea-f06a-43e1-af6e-1f7f9b0b2cc1:c2463, 1d8d2908-dfb4-4358-9c6e-64b435d6fccc:c2463]
2019-07-03 07:08:12,523 INFO  client.GrpcClientProtocolClient (GrpcClientProtocolClient.java:onNext(254)) - client-253D2503C21A->6571ba41-d309-4d1d-a321-129a77bf1602: receive RaftClientReply:client-253D2503C21A->6571ba41-d309-4d1d-a321-129a77bf1602@group-6D4C5FD51127, cid=1673, SUCCESS, logIndex=2467, commits[6571ba41-d309-4d1d-a321-129a77bf1602:c2467, 75e8c5ea-f06a-43e1-af6e-1f7f9b0b2cc1:c2463, 1d8d2908-dfb4-4358-9c6e-64b435d6fccc:c2463]
2019-07-03 07:08:12,524 INFO  client.GrpcClientProtocolClient (GrpcClientProtocolClient.java:onNext(254)) - client-253D2503C21A->6571ba41-d309-4d1d-a321-129a77bf1602: receive RaftClientReply:client-253D2503C21A->6571ba41-d309-4d1d-a321-129a77bf1602@group-6D4C5FD51127, cid=1674, SUCCESS, logIndex=0, commits[6571ba41-d309-4d1d-a321-129a77bf1602:c2468, 75e8c5ea-f06a-43e1-af6e-1f7f9b0b2cc1:c2466, 1d8d2908-dfb4-4358-9c6e-64b435d6fccc:c2466]
2019-07-03 07:08:12,544 INFO  client.GrpcClientProtocolClient (GrpcClientProtocolClient.java:onNext(254)) - client-253D2503C21A->6571ba41-d309-4d1d-a321-129a77bf1602: receive RaftClientReply:client-253D2503C21A->6571ba41-d309-4d1d-a321-129a77bf1602@group-6D4C5FD51127, cid=1675, SUCCESS, logIndex=2471, commits[6571ba41-d309-4d1d-a321-129a77bf1602:c2471, 75e8c5ea-f06a-43e1-af6e-1f7f9b0b2cc1:c2470, 1d8d2908-dfb4-4358-9c6e-64b435d6fccc:c2470]
2019-07-03 07:08:12,558 INFO  client.GrpcClientProtocolClient (GrpcClientProtocolClient.java:onNext(254)) - client-253D2503C21A->6571ba41-d309-4d1d-a321-129a77bf1602: receive RaftClientReply:client-253D2503C21A->6571ba41-d309-4d1d-a321-129a77bf1602@group-6D4C5FD51127, cid=1676, SUCCESS, logIndex=2473, commits[6571ba41-d309-4d1d-a321-129a77bf1602:c2473, 75e8c5ea-f06a-43e1-af6e-1f7f9b0b2cc1:c2471, 1d8d2908-dfb4-4358-9c6e-64b435d6fccc:c2471]
2019-07-03 07:08:12,581 INFO  client.GrpcClientProtocolClient (GrpcClientProtocolClient.java:onNext(254)) - client-253D2503C21A->6571ba41-d309-4d1d-a321-129a77bf1602: receive RaftClientReply:client-253D2503C21A->6571ba41-d309-4d1d-a321-129a77bf1602@group-6D4C5FD51127, cid=1677, SUCCESS, logIndex=2475, commits[6571ba41-d309-4d1d-a321-129a77bf1602:c2475, 75e8c5ea-f06a-43e1-af6e-1f7f9b0b2cc1:c2473, 1d8d2908-dfb4-4358-9c6e-64b435d6fccc:c2473]
2019-07-03 07:08:12,594 INFO  client.GrpcClientProtocolClient (GrpcClientProtocolClient.java:onNext(254)) - client-253D2503C21A->6571ba41-d309-4d1d-a321-129a77bf1602: receive RaftClientReply:client-253D2503C21A->6571ba41-d309-4d1d-a321-129a77bf1602@group-6D4C5FD51127, cid=1678, SUCCESS, logIndex=2477, commits[6571ba41-d309-4d1d-a321-129a77bf1602:c2477, 75e8c5ea-f06a-43e1-af6e-1f7f9b0b2cc1:c2475, 1d8d2908-dfb4-4358-9c6e-64b435d6fccc:c2475]
2019-07-03 07:08:12,606 INFO  client.GrpcClientProtocolClient (GrpcClientProtocolClient.java:onNext(254)) - client-253D2503C21A->6571ba41-d309-4d1d-a321-129a77bf1602: receive RaftClientReply:client-253D2503C21A->6571ba41-d309-4d1d-a321-129a77bf1602@group-6D4C5FD51127, cid=1679, SUCCESS, logIndex=0, commits[6571ba41-d309-4d1d-a321-129a77bf1602:c2478, 75e8c5ea-f06a-43e1-af6e-1f7f9b0b2cc1:c2477, 1d8d2908-dfb4-4358-9c6e-64b435d6fccc:c2477]
2019-07-03 07:08:12,635 INFO  client.GrpcClientProtocolClient (GrpcClientProtocolClient.java:onNext(254)) - client-253D2503C21A->6571ba41-d309-4d1d-a321-129a77bf1602: receive RaftClientReply:client-253D2503C21A->6571ba41-d309-4d1d-a321-129a77bf1602@group-6D4C5FD51127, cid=1680, SUCCESS, logIndex=2479, commits[6571ba41-d309-4d1d-a321-129a77bf1602:c2479, 75e8c5ea-f06a-43e1-af6e-1f7f9b0b2cc1:c2478, 1d8d2908-dfb4-4358-9c6e-64b435d6fccc:c2478]
2019-07-03 07:08:12,647 INFO  client.GrpcClientProtocolClient (GrpcClientProtocolClient.java:onNext(254)) - client-253D2503C21A->6571ba41-d309-4d1d-a321-129a77bf1602: receive RaftClientReply:client-253D2503C21A->6571ba41-d309-4d1d-a321-129a77bf1602@group-6D4C5FD51127, cid=1681, SUCCESS, logIndex=2481, commits[6571ba41-d309-4d1d-a321-129a77bf1602:c2482, 75e8c5ea-f06a-43e1-af6e-1f7f9b0b2cc1:c2479, 1d8d2908-dfb4-4358-9c6e-64b435d6fccc:c2479]
2019-07-03 07:08:12,648 INFO  client.GrpcClientProtocolClient (GrpcClientProtocolClient.java:onNext(254)) - client-253D2503C21A->6571ba41-d309-4d1d-a321-129a77bf1602: receive RaftClientReply:client-253D2503C21A->6571ba41-d309-4d1d-a321-129a77bf1602@group-6D4C5FD51127, cid=1682, SUCCESS, logIndex=2482, commits[6571ba41-d309-4d1d-a321-129a77bf1602:c2482, 75e8c5ea-f06a-43e1-af6e-1f7f9b0b2cc1:c2479, 1d8d2908-dfb4-4358-9c6e-64b435d6fccc:c2479]
2019-07-03 07:08:12,648 INFO  client.GrpcClientProtocolClient (GrpcClientProtocolClient.java:onNext(254)) - client-253D2503C21A->6571ba41-d309-4d1d-a321-129a77bf1602: receive RaftClientReply:client-253D2503C21A->6571ba41-d309-4d1d-a321-129a77bf1602@group-6D4C5FD51127, cid=1683, SUCCESS, logIndex=2483, commits[6571ba41-d309-4d1d-a321-129a77bf1602:c2484, 75e8c5ea-f06a-43e1-af6e-1f7f9b0b2cc1:c2479, 1d8d2908-dfb4-4358-9c6e-64b435d6fccc:c2481]
2019-07-03 07:08:12,650 INFO  client.GrpcClientProtocolClient (GrpcClientProtocolClient.java:onNext(254)) - client-253D2503C21A->6571ba41-d309-4d1d-a321-129a77bf1602: receive RaftClientReply:client-253D2503C21A->6571ba41-d309-4d1d-a321-129a77bf1602@group-6D4C5FD51127, cid=1684, SUCCESS, logIndex=0, commits[6571ba41-d309-4d1d-a321-129a77bf1602:c2485, 75e8c5ea-f06a-43e1-af6e-1f7f9b0b2cc1:c2481, 1d8d2908-dfb4-4358-9c6e-64b435d6fccc:c2482]
2019-07-03 07:08:12,680 INFO  client.GrpcClientProtocolClient (GrpcClientProtocolClient.java:onNext(254)) - client-253D2503C21A->6571ba41-d309-4d1d-a321-129a77bf1602: receive RaftClientReply:client-253D2503C21A->6571ba41-d309-4d1d-a321-129a77bf1602@group-6D4C5FD51127, cid=1685, SUCCESS, logIndex=2487, commits[6571ba41-d309-4d1d-a321-129a77bf1602:c2487, 75e8c5ea-f06a-43e1-af6e-1f7f9b0b2cc1:c2486, 1d8d2908-dfb4-4358-9c6e-64b435d6fccc:c2486]
2019-07-03 07:08:12,692 INFO  client.GrpcClientProtocolClient (GrpcClientProtocolClient.java:onNext(254)) - client-253D2503C21A->6571ba41-d309-4d1d-a321-129a77bf1602: receive RaftClientReply:client-253D2503C21A->6571ba41-d309-4d1d-a321-129a77bf1602@group-6D4C5FD51127, cid=1686, SUCCESS, logIndex=2489, commits[6571ba41-d309-4d1d-a321-129a77bf1602:c2489, 75e8c5ea-f06a-43e1-af6e-1f7f9b0b2cc1:c2487, 1d8d2908-dfb4-4358-9c6e-64b435d6fccc:c2487]
2019-07-03 07:08:12,706 INFO  client.GrpcClientProtocolClient (GrpcClientProtocolClient.java:onNext(254)) - client-253D2503C21A->6571ba41-d309-4d1d-a321-129a77bf1602: receive RaftClientReply:client-253D2503C21A->6571ba41-d309-4d1d-a321-129a77bf1602@group-6D4C5FD51127, cid=1687, SUCCESS, logIndex=2491, commits[6571ba41-d309-4d1d-a321-129a77bf1602:c2491, 75e8c5ea-f06a-43e1-af6e-1f7f9b0b2cc1:c2489, 1d8d2908-dfb4-4358-9c6e-64b435d6fccc:c2489]
 0.00% |█                                                                                                    |  0/1 Time: 0:00:202019-07-03 07:08:12,719 INFO  client.GrpcClientProtocolClient (GrpcClientProtocolClient.java:onNext(254)) - client-253D2503C21A->6571ba41-d309-4d1d-a321-129a77bf1602: receive RaftClientReply:client-253D2503C21A->6571ba41-d309-4d1d-a321-129a77bf1602@group-6D4C5FD51127, cid=1688, SUCCESS, logIndex=2493, commits[6571ba41-d309-4d1d-a321-129a77bf1602:c2493, 75e8c5ea-f06a-43e1-af6e-1f7f9b0b2cc1:c2491, 1d8d2908-dfb4-4358-9c6e-64b435d6fccc:c2491]
2019-07-03 07:08:12,731 INFO  client.GrpcClientProtocolClient (GrpcClientProtocolClient.java:onNext(254)) - client-253D2503C21A->6571ba41-d309-4d1d-a321-129a77bf1602: receive RaftClientReply:client-253D2503C21A->6571ba41-d309-4d1d-a321-129a77bf1602@group-6D4C5FD51127, cid=1689, SUCCESS, logIndex=0, commits[6571ba41-d309-4d1d-a321-129a77bf1602:c2494, 75e8c5ea-f06a-43e1-af6e-1f7f9b0b2cc1:c2493, 1d8d2908-dfb4-4358-9c6e-64b435d6fccc:c2493]
2019-07-03 07:08:12,760 INFO  client.GrpcClientProtocolClient (GrpcClientProtocolClient.java:onNext(254)) - client-253D2503C21A->6571ba41-d309-4d1d-a321-129a77bf1602: receive RaftClientReply:client-253D2503C21A->6571ba41-d309-4d1d-a321-129a77bf1602@group-6D4C5FD51127, cid=1690, SUCCESS, logIndex=2495, commits[6571ba41-d309-4d1d-a321-129a77bf1602:c2495, 75e8c5ea-f06a-43e1-af6e-1f7f9b0b2cc1:c2494, 1d8d2908-dfb4-4358-9c6e-64b435d6fccc:c2494]
2019-07-03 07:08:12,877 INFO  client.GrpcClientProtocolClient (GrpcClientProtocolClient.java:onNext(254)) - client-253D2503C21A->6571ba41-d309-4d1d-a321-129a77bf1602: receive RaftClientReply:client-253D2503C21A->6571ba41-d309-4d1d-a321-129a77bf1602@group-6D4C5FD51127, cid=1691, SUCCESS, logIndex=2497, commits[6571ba41-d309-4d1d-a321-129a77bf1602:c2498, 75e8c5ea-f06a-43e1-af6e-1f7f9b0b2cc1:c2495, 1d8d2908-dfb4-4358-9c6e-64b435d6fccc:c2495]
2019-07-03 07:08:12,878 INFO  client.GrpcClientProtocolClient (GrpcClientProtocolClient.java:onNext(254)) - client-253D2503C21A->6571ba41-d309-4d1d-a321-129a77bf1602: receive RaftClientReply:client-253D2503C21A->6571ba41-d309-4d1d-a321-129a77bf1602@group-6D4C5FD51127, cid=1692, SUCCESS, logIndex=2498, commits[6571ba41-d309-4d1d-a321-129a77bf1602:c2499, 75e8c5ea-f06a-43e1-af6e-1f7f9b0b2cc1:c2496, 1d8d2908-dfb4-4358-9c6e-64b435d6fccc:c2495]
2019-07-03 07:08:12,878 INFO  client.GrpcClientProtocolClient (GrpcClientProtocolClient.java:onNext(254)) - client-253D2503C21A->6571ba41-d309-4d1d-a321-129a77bf1602: receive RaftClientReply:client-253D2503C21A->6571ba41-d309-4d1d-a321-129a77bf1602@group-6D4C5FD51127, cid=1693, SUCCESS, logIndex=2499, commits[6571ba41-d309-4d1d-a321-129a77bf1602:c2500, 75e8c5ea-f06a-43e1-af6e-1f7f9b0b2cc1:c2497, 1d8d2908-dfb4-4358-9c6e-64b435d6fccc:c2495]
2019-07-03 07:08:12,880 INFO  client.GrpcClientProtocolClient (GrpcClientProtocolClient.java:onNext(254)) - client-253D2503C21A->6571ba41-d309-4d1d-a321-129a77bf1602: receive RaftClientReply:client-253D2503C21A->6571ba41-d309-4d1d-a321-129a77bf1602@group-6D4C5FD51127, cid=1694, SUCCESS, logIndex=0, commits[6571ba41-d309-4d1d-a321-129a77bf1602:c2502, 75e8c5ea-f06a-43e1-af6e-1f7f9b0b2cc1:c2499, 1d8d2908-dfb4-4358-9c6e-64b435d6fccc:c2499]
2019-07-03 07:08:12,902 INFO  client.GrpcClientProtocolClient (GrpcClientProtocolClient.java:onNext(254)) - client-253D2503C21A->6571ba41-d309-4d1d-a321-129a77bf1602: receive RaftClientReply:client-253D2503C21A->6571ba41-d309-4d1d-a321-129a77bf1602@group-6D4C5FD51127, cid=1695, SUCCESS, logIndex=2503, commits[6571ba41-d309-4d1d-a321-129a77bf1602:c2503, 75e8c5ea-f06a-43e1-af6e-1f7f9b0b2cc1:c2502, 1d8d2908-dfb4-4358-9c6e-64b435d6fccc:c2502]
2019-07-03 07:08:12,916 INFO  client.GrpcClientProtocolClient (GrpcClientProtocolClient.java:onNext(254)) - client-253D2503C21A->6571ba41-d309-4d1d-a321-129a77bf1602: receive RaftClientReply:client-253D2503C21A->6571ba41-d309-4d1d-a321-129a77bf1602@group-6D4C5FD51127, cid=1696, SUCCESS, logIndex=2505, commits[6571ba41-d309-4d1d-a321-129a77bf1602:c2505, 75e8c5ea-f06a-43e1-af6e-1f7f9b0b2cc1:c2503, 1d8d2908-dfb4-4358-9c6e-64b435d6fccc:c2503]
2019-07-03 07:08:12,929 INFO  client.GrpcClientProtocolClient (GrpcClientProtocolClient.java:onNext(254)) - client-253D2503C21A->6571ba41-d309-4d1d-a321-129a77bf1602: receive RaftClientReply:client-253D2503C21A->6571ba41-d309-4d1d-a321-129a77bf1602@group-6D4C5FD51127, cid=1697, SUCCESS, logIndex=2507, commits[6571ba41-d309-4d1d-a321-129a77bf1602:c2507, 75e8c5ea-f06a-43e1-af6e-1f7f9b0b2cc1:c2505, 1d8d2908-dfb4-4358-9c6e-64b435d6fccc:c2505]
2019-07-03 07:08:12,931 INFO  client.GrpcClientProtocolClient (GrpcClientProtocolClient.java:onNext(254)) - client-253D2503C21A->6571ba41-d309-4d1d-a321-129a77bf1602: receive RaftClientReply:client-253D2503C21A->6571ba41-d309-4d1d-a321-129a77bf1602@group-6D4C5FD51127, cid=1698, SUCCESS, logIndex=2509, commits[6571ba41-d309-4d1d-a321-129a77bf1602:c2509, 75e8c5ea-f06a-43e1-af6e-1f7f9b0b2cc1:c2507, 1d8d2908-dfb4-4358-9c6e-64b435d6fccc:c2507]
2019-07-03 07:08:12,934 INFO  client.GrpcClientProtocolClient (GrpcClientProtocolClient.java:onNext(254)) - client-253D2503C21A->6571ba41-d309-4d1d-a321-129a77bf1602: receive RaftClientReply:client-253D2503C21A->6571ba41-d309-4d1d-a321-129a77bf1602@group-6D4C5FD51127, cid=1699, SUCCESS, logIndex=0, commits[6571ba41-d309-4d1d-a321-129a77bf1602:c2510, 75e8c5ea-f06a-43e1-af6e-1f7f9b0b2cc1:c2509, 1d8d2908-dfb4-4358-9c6e-64b435d6fccc:c2509]
2019-07-03 07:08:12,962 INFO  client.GrpcClientProtocolClient (GrpcClientProtocolClient.java:onNext(254)) - client-253D2503C21A->6571ba41-d309-4d1d-a321-129a77bf1602: receive RaftClientReply:client-253D2503C21A->6571ba41-d309-4d1d-a321-129a77bf1602@group-6D4C5FD51127, cid=1700, SUCCESS, logIndex=2511, commits[6571ba41-d309-4d1d-a321-129a77bf1602:c2511, 75e8c5ea-f06a-43e1-af6e-1f7f9b0b2cc1:c2510, 1d8d2908-dfb4-4358-9c6e-64b435d6fccc:c2510]
2019-07-03 07:08:12,975 INFO  client.GrpcClientProtocolClient (GrpcClientProtocolClient.java:onNext(254)) - client-253D2503C21A->6571ba41-d309-4d1d-a321-129a77bf1602: receive RaftClientReply:client-253D2503C21A->6571ba41-d309-4d1d-a321-129a77bf1602@group-6D4C5FD51127, cid=1701, SUCCESS, logIndex=2513, commits[6571ba41-d309-4d1d-a321-129a77bf1602:c2513, 75e8c5ea-f06a-43e1-af6e-1f7f9b0b2cc1:c2511, 1d8d2908-dfb4-4358-9c6e-64b435d6fccc:c2511]
2019-07-03 07:08:12,975 INFO  client.GrpcClientProtocolClient (GrpcClientProtocolClient.java:onNext(254)) - client-253D2503C21A->6571ba41-d309-4d1d-a321-129a77bf1602: receive RaftClientReply:client-253D2503C21A->6571ba41-d309-4d1d-a321-129a77bf1602@group-6D4C5FD51127, cid=1702, SUCCESS, logIndex=2514, commits[6571ba41-d309-4d1d-a321-129a77bf1602:c2514, 75e8c5ea-f06a-43e1-af6e-1f7f9b0b2cc1:c2511, 1d8d2908-dfb4-4358-9c6e-64b435d6fccc:c2511]
2019-07-03 07:08:12,976 INFO  client.GrpcClientProtocolClient (GrpcClientProtocolClient.java:onNext(254)) - client-253D2503C21A->6571ba41-d309-4d1d-a321-129a77bf1602: receive RaftClientReply:client-253D2503C21A->6571ba41-d309-4d1d-a321-129a77bf1602@group-6D4C5FD51127, cid=1703, SUCCESS, logIndex=2515, commits[6571ba41-d309-4d1d-a321-129a77bf1602:c2515, 75e8c5ea-f06a-43e1-af6e-1f7f9b0b2cc1:c2511, 1d8d2908-dfb4-4358-9c6e-64b435d6fccc:c2511]
2019-07-03 07:08:12,977 INFO  client.GrpcClientProtocolClient (GrpcClientProtocolClient.java:onNext(254)) - client-253D2503C21A->6571ba41-d309-4d1d-a321-129a77bf1602: receive RaftClientReply:client-253D2503C21A->6571ba41-d309-4d1d-a321-129a77bf1602@group-6D4C5FD51127, cid=1704, SUCCESS, logIndex=0, commits[6571ba41-d309-4d1d-a321-129a77bf1602:c2517, 75e8c5ea-f06a-43e1-af6e-1f7f9b0b2cc1:c2514, 1d8d2908-dfb4-4358-9c6e-64b435d6fccc:c2513]
2019-07-03 07:08:12,997 INFO  client.GrpcClientProtocolClient (GrpcClientProtocolClient.java:onNext(254)) - client-253D2503C21A->6571ba41-d309-4d1d-a321-129a77bf1602: receive RaftClientReply:client-253D2503C21A->6571ba41-d309-4d1d-a321-129a77bf1602@group-6D4C5FD51127, cid=1705, SUCCESS, logIndex=2519, commits[6571ba41-d309-4d1d-a321-129a77bf1602:c2519, 75e8c5ea-f06a-43e1-af6e-1f7f9b0b2cc1:c2518, 1d8d2908-dfb4-4358-9c6e-64b435d6fccc:c2518]
2019-07-03 07:08:13,011 INFO  client.GrpcClientProtocolClient (GrpcClientProtocolClient.java:onNext(254)) - client-253D2503C21A->6571ba41-d309-4d1d-a321-129a77bf1602: receive RaftClientReply:client-253D2503C21A->6571ba41-d309-4d1d-a321-129a77bf1602@group-6D4C5FD51127, cid=1706, SUCCESS, logIndex=2521, commits[6571ba41-d309-4d1d-a321-129a77bf1602:c2521, 75e8c5ea-f06a-43e1-af6e-1f7f9b0b2cc1:c2519, 1d8d2908-dfb4-4358-9c6e-64b435d6fccc:c2519]
2019-07-03 07:08:13,035 INFO  client.GrpcClientProtocolClient (GrpcClientProtocolClient.java:onNext(254)) - client-253D2503C21A->6571ba41-d309-4d1d-a321-129a77bf1602: receive RaftClientReply:client-253D2503C21A->6571ba41-d309-4d1d-a321-129a77bf1602@group-6D4C5FD51127, cid=1707, SUCCESS, logIndex=2523, commits[6571ba41-d309-4d1d-a321-129a77bf1602:c2523, 75e8c5ea-f06a-43e1-af6e-1f7f9b0b2cc1:c2521, 1d8d2908-dfb4-4358-9c6e-64b435d6fccc:c2521]
2019-07-03 07:08:13,038 INFO  client.GrpcClientProtocolClient (GrpcClientProtocolClient.java:onNext(254)) - client-253D2503C21A->6571ba41-d309-4d1d-a321-129a77bf1602: receive RaftClientReply:client-253D2503C21A->6571ba41-d309-4d1d-a321-129a77bf1602@group-6D4C5FD51127, cid=1708, SUCCESS, logIndex=2525, commits[6571ba41-d309-4d1d-a321-129a77bf1602:c2525, 75e8c5ea-f06a-43e1-af6e-1f7f9b0b2cc1:c2523, 1d8d2908-dfb4-4358-9c6e-64b435d6fccc:c2523]
2019-07-03 07:08:13,049 INFO  client.GrpcClientProtocolClient (GrpcClientProtocolClient.java:onNext(254)) - client-253D2503C21A->6571ba41-d309-4d1d-a321-129a77bf1602: receive RaftClientReply:client-253D2503C21A->6571ba41-d309-4d1d-a321-129a77bf1602@group-6D4C5FD51127, cid=1709, SUCCESS, logIndex=0, commits[6571ba41-d309-4d1d-a321-129a77bf1602:c2526, 75e8c5ea-f06a-43e1-af6e-1f7f9b0b2cc1:c2525, 1d8d2908-dfb4-4358-9c6e-64b435d6fccc:c2525]
2019-07-03 07:08:13,078 INFO  client.GrpcClientProtocolClient (GrpcClientProtocolClient.java:onNext(254)) - client-253D2503C21A->6571ba41-d309-4d1d-a321-129a77bf1602: receive RaftClientReply:client-253D2503C21A->6571ba41-d309-4d1d-a321-129a77bf1602@group-6D4C5FD51127, cid=1710, SUCCESS, logIndex=2527, commits[6571ba41-d309-4d1d-a321-129a77bf1602:c2527, 75e8c5ea-f06a-43e1-af6e-1f7f9b0b2cc1:c2526, 1d8d2908-dfb4-4358-9c6e-64b435d6fccc:c2526]
2019-07-03 07:08:13,082 INFO  client.GrpcClientProtocolClient (GrpcClientProtocolClient.java:onNext(254)) - client-253D2503C21A->6571ba41-d309-4d1d-a321-129a77bf1602: receive RaftClientReply:client-253D2503C21A->6571ba41-d309-4d1d-a321-129a77bf1602@group-6D4C5FD51127, cid=1711, SUCCESS, logIndex=2529, commits[6571ba41-d309-4d1d-a321-129a77bf1602:c2529, 75e8c5ea-f06a-43e1-af6e-1f7f9b0b2cc1:c2527, 1d8d2908-dfb4-4358-9c6e-64b435d6fccc:c2527]
2019-07-03 07:08:13,099 INFO  client.GrpcClientProtocolClient (GrpcClientProtocolClient.java:onNext(254)) - client-253D2503C21A->6571ba41-d309-4d1d-a321-129a77bf1602: receive RaftClientReply:client-253D2503C21A->6571ba41-d309-4d1d-a321-129a77bf1602@group-6D4C5FD51127, cid=1712, SUCCESS, logIndex=2530, commits[6571ba41-d309-4d1d-a321-129a77bf1602:c2531, 75e8c5ea-f06a-43e1-af6e-1f7f9b0b2cc1:c2527, 1d8d2908-dfb4-4358-9c6e-64b435d6fccc:c2527]
2019-07-03 07:08:13,100 INFO  client.GrpcClientProtocolClient (GrpcClientProtocolClient.java:onNext(254)) - client-253D2503C21A->6571ba41-d309-4d1d-a321-129a77bf1602: receive RaftClientReply:client-253D2503C21A->6571ba41-d309-4d1d-a321-129a77bf1602@group-6D4C5FD51127, cid=1713, SUCCESS, logIndex=2531, commits[6571ba41-d309-4d1d-a321-129a77bf1602:c2532, 75e8c5ea-f06a-43e1-af6e-1f7f9b0b2cc1:c2527, 1d8d2908-dfb4-4358-9c6e-64b435d6fccc:c2529]
2019-07-03 07:08:13,101 INFO  client.GrpcClientProtocolClient (GrpcClientProtocolClient.java:onNext(254)) - client-253D2503C21A->6571ba41-d309-4d1d-a321-129a77bf1602: receive RaftClientReply:client-253D2503C21A->6571ba41-d309-4d1d-a321-129a77bf1602@group-6D4C5FD51127, cid=1714, SUCCESS, logIndex=0, commits[6571ba41-d309-4d1d-a321-129a77bf1602:c2534, 75e8c5ea-f06a-43e1-af6e-1f7f9b0b2cc1:c2529, 1d8d2908-dfb4-4358-9c6e-64b435d6fccc:c2529]
2019-07-03 07:08:13,122 INFO  client.GrpcClientProtocolClient (GrpcClientProtocolClient.java:onNext(254)) - client-253D2503C21A->6571ba41-d309-4d1d-a321-129a77bf1602: receive RaftClientReply:client-253D2503C21A->6571ba41-d309-4d1d-a321-129a77bf1602@group-6D4C5FD51127, cid=1715, SUCCESS, logIndex=2535, commits[6571ba41-d309-4d1d-a321-129a77bf1602:c2535, 75e8c5ea-f06a-43e1-af6e-1f7f9b0b2cc1:c2534, 1d8d2908-dfb4-4358-9c6e-64b435d6fccc:c2534]
2019-07-03 07:08:13,136 INFO  client.GrpcClientProtocolClient (GrpcClientProtocolClient.java:onNext(254)) - client-253D2503C21A->6571ba41-d309-4d1d-a321-129a77bf1602: receive RaftClientReply:client-253D2503C21A->6571ba41-d309-4d1d-a321-129a77bf1602@group-6D4C5FD51127, cid=1716, SUCCESS, logIndex=2537, commits[6571ba41-d309-4d1d-a321-129a77bf1602:c2537, 75e8c5ea-f06a-43e1-af6e-1f7f9b0b2cc1:c2535, 1d8d2908-dfb4-4358-9c6e-64b435d6fccc:c2535]
2019-07-03 07:08:13,150 INFO  client.GrpcClientProtocolClient (GrpcClientProtocolClient.java:onNext(254)) - client-253D2503C21A->6571ba41-d309-4d1d-a321-129a77bf1602: receive RaftClientReply:client-253D2503C21A->6571ba41-d309-4d1d-a321-129a77bf1602@group-6D4C5FD51127, cid=1717, SUCCESS, logIndex=2539, commits[6571ba41-d309-4d1d-a321-129a77bf1602:c2539, 75e8c5ea-f06a-43e1-af6e-1f7f9b0b2cc1:c2537, 1d8d2908-dfb4-4358-9c6e-64b435d6fccc:c2537]
2019-07-03 07:08:13,150 INFO  storage.RaftLogWorker (RaftLogWorker.java:rollLogSegment(303)) - 6571ba41-d309-4d1d-a321-129a77bf1602-RaftLogWorker: Rolling segment log-2461_2540 to index:2540
2019-07-03 07:08:13,151 INFO  storage.RaftLogWorker (RaftLogWorker.java:rollLogSegment(303)) - 1d8d2908-dfb4-4358-9c6e-64b435d6fccc-RaftLogWorker: Rolling segment log-2461_2540 to index:2540
2019-07-03 07:08:13,151 INFO  storage.RaftLogWorker (RaftLogWorker.java:rollLogSegment(303)) - 75e8c5ea-f06a-43e1-af6e-1f7f9b0b2cc1-RaftLogWorker: Rolling segment log-2461_2540 to index:2540
2019-07-03 07:08:13,160 INFO  storage.RaftLogWorker (RaftLogWorker.java:execute(433)) - 6571ba41-d309-4d1d-a321-129a77bf1602-RaftLogWorker: Rolled log segment from /opt/src/hadoop-ozone/tools/target/test-dir/MiniOzoneClusterImpl-0519545d-318d-4c21-a2a0-688f18f8a31d/datanode-4/data/ratis/23ffc2a4-5526-4092-9dc4-6d4c5fd51127/current/log_inprogress_2461 to /opt/src/hadoop-ozone/tools/target/test-dir/MiniOzoneClusterImpl-0519545d-318d-4c21-a2a0-688f18f8a31d/datanode-4/data/ratis/23ffc2a4-5526-4092-9dc4-6d4c5fd51127/current/log_2461-2540
2019-07-03 07:08:13,161 INFO  storage.RaftLogWorker (RaftLogWorker.java:execute(433)) - 1d8d2908-dfb4-4358-9c6e-64b435d6fccc-RaftLogWorker: Rolled log segment from /opt/src/hadoop-ozone/tools/target/test-dir/MiniOzoneClusterImpl-0519545d-318d-4c21-a2a0-688f18f8a31d/datanode-2/data/ratis/23ffc2a4-5526-4092-9dc4-6d4c5fd51127/current/log_inprogress_2461 to /opt/src/hadoop-ozone/tools/target/test-dir/MiniOzoneClusterImpl-0519545d-318d-4c21-a2a0-688f18f8a31d/datanode-2/data/ratis/23ffc2a4-5526-4092-9dc4-6d4c5fd51127/current/log_2461-2540
2019-07-03 07:08:13,161 INFO  storage.RaftLogWorker (RaftLogWorker.java:execute(433)) - 75e8c5ea-f06a-43e1-af6e-1f7f9b0b2cc1-RaftLogWorker: Rolled log segment from /opt/src/hadoop-ozone/tools/target/test-dir/MiniOzoneClusterImpl-0519545d-318d-4c21-a2a0-688f18f8a31d/datanode-1/data/ratis/23ffc2a4-5526-4092-9dc4-6d4c5fd51127/current/log_inprogress_2461 to /opt/src/hadoop-ozone/tools/target/test-dir/MiniOzoneClusterImpl-0519545d-318d-4c21-a2a0-688f18f8a31d/datanode-1/data/ratis/23ffc2a4-5526-4092-9dc4-6d4c5fd51127/current/log_2461-2540
2019-07-03 07:08:13,206 INFO  storage.RaftLogWorker (RaftLogWorker.java:execute(469)) - 75e8c5ea-f06a-43e1-af6e-1f7f9b0b2cc1-RaftLogWorker: created new log segment /opt/src/hadoop-ozone/tools/target/test-dir/MiniOzoneClusterImpl-0519545d-318d-4c21-a2a0-688f18f8a31d/datanode-1/data/ratis/23ffc2a4-5526-4092-9dc4-6d4c5fd51127/current/log_inprogress_2541
2019-07-03 07:08:13,206 INFO  storage.RaftLogWorker (RaftLogWorker.java:execute(469)) - 6571ba41-d309-4d1d-a321-129a77bf1602-RaftLogWorker: created new log segment /opt/src/hadoop-ozone/tools/target/test-dir/MiniOzoneClusterImpl-0519545d-318d-4c21-a2a0-688f18f8a31d/datanode-4/data/ratis/23ffc2a4-5526-4092-9dc4-6d4c5fd51127/current/log_inprogress_2541
2019-07-03 07:08:13,206 INFO  storage.RaftLogWorker (RaftLogWorker.java:execute(469)) - 1d8d2908-dfb4-4358-9c6e-64b435d6fccc-RaftLogWorker: created new log segment /opt/src/hadoop-ozone/tools/target/test-dir/MiniOzoneClusterImpl-0519545d-318d-4c21-a2a0-688f18f8a31d/datanode-2/data/ratis/23ffc2a4-5526-4092-9dc4-6d4c5fd51127/current/log_inprogress_2541
2019-07-03 07:08:13,219 INFO  client.GrpcClientProtocolClient (GrpcClientProtocolClient.java:onNext(254)) - client-253D2503C21A->6571ba41-d309-4d1d-a321-129a77bf1602: receive RaftClientReply:client-253D2503C21A->6571ba41-d309-4d1d-a321-129a77bf1602@group-6D4C5FD51127, cid=1718, SUCCESS, logIndex=2541, commits[6571ba41-d309-4d1d-a321-129a77bf1602:c2541, 75e8c5ea-f06a-43e1-af6e-1f7f9b0b2cc1:c2539, 1d8d2908-dfb4-4358-9c6e-64b435d6fccc:c2539]
2019-07-03 07:08:13,231 INFO  client.GrpcClientProtocolClient (GrpcClientProtocolClient.java:onNext(254)) - client-253D2503C21A->6571ba41-d309-4d1d-a321-129a77bf1602: receive RaftClientReply:client-253D2503C21A->6571ba41-d309-4d1d-a321-129a77bf1602@group-6D4C5FD51127, cid=1719, SUCCESS, logIndex=0, commits[6571ba41-d309-4d1d-a321-129a77bf1602:c2542, 75e8c5ea-f06a-43e1-af6e-1f7f9b0b2cc1:c2541, 1d8d2908-dfb4-4358-9c6e-64b435d6fccc:c2541]
2019-07-03 07:08:13,261 INFO  client.GrpcClientProtocolClient (GrpcClientProtocolClient.java:onNext(254)) - client-253D2503C21A->6571ba41-d309-4d1d-a321-129a77bf1602: receive RaftClientReply:client-253D2503C21A->6571ba41-d309-4d1d-a321-129a77bf1602@group-6D4C5FD51127, cid=1720, SUCCESS, logIndex=2543, commits[6571ba41-d309-4d1d-a321-129a77bf1602:c2543, 75e8c5ea-f06a-43e1-af6e-1f7f9b0b2cc1:c2542, 1d8d2908-dfb4-4358-9c6e-64b435d6fccc:c2542]
2019-07-03 07:08:13,273 INFO  client.GrpcClientProtocolClient (GrpcClientProtocolClient.java:onNext(254)) - client-253D2503C21A->6571ba41-d309-4d1d-a321-129a77bf1602: receive RaftClientReply:client-253D2503C21A->6571ba41-d309-4d1d-a321-129a77bf1602@group-6D4C5FD51127, cid=1721, SUCCESS, logIndex=2545, commits[6571ba41-d309-4d1d-a321-129a77bf1602:c2545, 75e8c5ea-f06a-43e1-af6e-1f7f9b0b2cc1:c2543, 1d8d2908-dfb4-4358-9c6e-64b435d6fccc:c2543]
2019-07-03 07:08:13,274 INFO  client.GrpcClientProtocolClient (GrpcClientProtocolClient.java:onNext(254)) - client-253D2503C21A->6571ba41-d309-4d1d-a321-129a77bf1602: receive RaftClientReply:client-253D2503C21A->6571ba41-d309-4d1d-a321-129a77bf1602@group-6D4C5FD51127, cid=1722, SUCCESS, logIndex=2546, commits[6571ba41-d309-4d1d-a321-129a77bf1602:c2546, 75e8c5ea-f06a-43e1-af6e-1f7f9b0b2cc1:c2543, 1d8d2908-dfb4-4358-9c6e-64b435d6fccc:c2543]
2019-07-03 07:08:13,275 INFO  client.GrpcClientProtocolClient (GrpcClientProtocolClient.java:onNext(254)) - client-253D2503C21A->6571ba41-d309-4d1d-a321-129a77bf1602: receive RaftClientReply:client-253D2503C21A->6571ba41-d309-4d1d-a321-129a77bf1602@group-6D4C5FD51127, cid=1723, SUCCESS, logIndex=2547, commits[6571ba41-d309-4d1d-a321-129a77bf1602:c2548, 75e8c5ea-f06a-43e1-af6e-1f7f9b0b2cc1:c2545, 1d8d2908-dfb4-4358-9c6e-64b435d6fccc:c2543]
2019-07-03 07:08:13,276 INFO  client.GrpcClientProtocolClient (GrpcClientProtocolClient.java:onNext(254)) - client-253D2503C21A->6571ba41-d309-4d1d-a321-129a77bf1602: receive RaftClientReply:client-253D2503C21A->6571ba41-d309-4d1d-a321-129a77bf1602@group-6D4C5FD51127, cid=1724, SUCCESS, logIndex=0, commits[6571ba41-d309-4d1d-a321-129a77bf1602:c2549, 75e8c5ea-f06a-43e1-af6e-1f7f9b0b2cc1:c2546, 1d8d2908-dfb4-4358-9c6e-64b435d6fccc:c2546]
2019-07-03 07:08:13,297 INFO  client.GrpcClientProtocolClient (GrpcClientProtocolClient.java:onNext(254)) - client-253D2503C21A->6571ba41-d309-4d1d-a321-129a77bf1602: receive RaftClientReply:client-253D2503C21A->6571ba41-d309-4d1d-a321-129a77bf1602@group-6D4C5FD51127, cid=1725, SUCCESS, logIndex=2551, commits[6571ba41-d309-4d1d-a321-129a77bf1602:c2551, 75e8c5ea-f06a-43e1-af6e-1f7f9b0b2cc1:c2550, 1d8d2908-dfb4-4358-9c6e-64b435d6fccc:c2550]
2019-07-03 07:08:13,310 INFO  client.GrpcClientProtocolClient (GrpcClientProtocolClient.java:onNext(254)) - client-253D2503C21A->6571ba41-d309-4d1d-a321-129a77bf1602: receive RaftClientReply:client-253D2503C21A->6571ba41-d309-4d1d-a321-129a77bf1602@group-6D4C5FD51127, cid=1726, SUCCESS, logIndex=2553, commits[6571ba41-d309-4d1d-a321-129a77bf1602:c2553, 75e8c5ea-f06a-43e1-af6e-1f7f9b0b2cc1:c2551, 1d8d2908-dfb4-4358-9c6e-64b435d6fccc:c2551]
2019-07-03 07:08:13,323 INFO  client.GrpcClientProtocolClient (GrpcClientProtocolClient.java:onNext(254)) - client-253D2503C21A->6571ba41-d309-4d1d-a321-129a77bf1602: receive RaftClientReply:client-253D2503C21A->6571ba41-d309-4d1d-a321-129a77bf1602@group-6D4C5FD51127, cid=1727, SUCCESS, logIndex=2555, commits[6571ba41-d309-4d1d-a321-129a77bf1602:c2555, 75e8c5ea-f06a-43e1-af6e-1f7f9b0b2cc1:c2553, 1d8d2908-dfb4-4358-9c6e-64b435d6fccc:c2553]
2019-07-03 07:08:13,327 INFO  client.GrpcClientProtocolClient (GrpcClientProtocolClient.java:onNext(254)) - client-253D2503C21A->6571ba41-d309-4d1d-a321-129a77bf1602: receive RaftClientReply:client-253D2503C21A->6571ba41-d309-4d1d-a321-129a77bf1602@group-6D4C5FD51127, cid=1728, SUCCESS, logIndex=2557, commits[6571ba41-d309-4d1d-a321-129a77bf1602:c2557, 75e8c5ea-f06a-43e1-af6e-1f7f9b0b2cc1:c2555, 1d8d2908-dfb4-4358-9c6e-64b435d6fccc:c2555]
2019-07-03 07:08:13,349 INFO  client.GrpcClientProtocolClient (GrpcClientProtocolClient.java:onNext(254)) - client-253D2503C21A->6571ba41-d309-4d1d-a321-129a77bf1602: receive RaftClientReply:client-253D2503C21A->6571ba41-d309-4d1d-a321-129a77bf1602@group-6D4C5FD51127, cid=1729, SUCCESS, logIndex=0, commits[6571ba41-d309-4d1d-a321-129a77bf1602:c2558, 75e8c5ea-f06a-43e1-af6e-1f7f9b0b2cc1:c2557, 1d8d2908-dfb4-4358-9c6e-64b435d6fccc:c2557]
2019-07-03 07:08:13,378 INFO  client.GrpcClientProtocolClient (GrpcClientProtocolClient.java:onNext(254)) - client-253D2503C21A->6571ba41-d309-4d1d-a321-129a77bf1602: receive RaftClientReply:client-253D2503C21A->6571ba41-d309-4d1d-a321-129a77bf1602@group-6D4C5FD51127, cid=1730, SUCCESS, logIndex=2559, commits[6571ba41-d309-4d1d-a321-129a77bf1602:c2559, 75e8c5ea-f06a-43e1-af6e-1f7f9b0b2cc1:c2558, 1d8d2908-dfb4-4358-9c6e-64b435d6fccc:c2558]
2019-07-03 07:08:13,390 INFO  client.GrpcClientProtocolClient (GrpcClientProtocolClient.java:onNext(254)) - client-253D2503C21A->6571ba41-d309-4d1d-a321-129a77bf1602: receive RaftClientReply:client-253D2503C21A->6571ba41-d309-4d1d-a321-129a77bf1602@group-6D4C5FD51127, cid=1731, SUCCESS, logIndex=2561, commits[6571ba41-d309-4d1d-a321-129a77bf1602:c2562, 75e8c5ea-f06a-43e1-af6e-1f7f9b0b2cc1:c2559, 1d8d2908-dfb4-4358-9c6e-64b435d6fccc:c2559]
2019-07-03 07:08:13,391 INFO  client.GrpcClientProtocolClient (GrpcClientProtocolClient.java:onNext(254)) - client-253D2503C21A->6571ba41-d309-4d1d-a321-129a77bf1602: receive RaftClientReply:client-253D2503C21A->6571ba41-d309-4d1d-a321-129a77bf1602@group-6D4C5FD51127, cid=1732, SUCCESS, logIndex=2562, commits[6571ba41-d309-4d1d-a321-129a77bf1602:c2562, 75e8c5ea-f06a-43e1-af6e-1f7f9b0b2cc1:c2559, 1d8d2908-dfb4-4358-9c6e-64b435d6fccc:c2559]
2019-07-03 07:08:13,391 INFO  client.GrpcClientProtocolClient (GrpcClientProtocolClient.java:onNext(254)) - client-253D2503C21A->6571ba41-d309-4d1d-a321-129a77bf1602: receive RaftClientReply:client-253D2503C21A->6571ba41-d309-4d1d-a321-129a77bf1602@group-6D4C5FD51127, cid=1733, SUCCESS, logIndex=2563, commits[6571ba41-d309-4d1d-a321-129a77bf1602:c2564, 75e8c5ea-f06a-43e1-af6e-1f7f9b0b2cc1:c2559, 1d8d2908-dfb4-4358-9c6e-64b435d6fccc:c2561]
2019-07-03 07:08:13,393 INFO  client.GrpcClientProtocolClient (GrpcClientProtocolClient.java:onNext(254)) - client-253D2503C21A->6571ba41-d309-4d1d-a321-129a77bf1602: receive RaftClientReply:client-253D2503C21A->6571ba41-d309-4d1d-a321-129a77bf1602@group-6D4C5FD51127, cid=1734, SUCCESS, logIndex=0, commits[6571ba41-d309-4d1d-a321-129a77bf1602:c2565, 75e8c5ea-f06a-43e1-af6e-1f7f9b0b2cc1:c2561, 1d8d2908-dfb4-4358-9c6e-64b435d6fccc:c2562]
2019-07-03 07:08:13,414 INFO  client.GrpcClientProtocolClient (GrpcClientProtocolClient.java:onNext(254)) - client-253D2503C21A->6571ba41-d309-4d1d-a321-129a77bf1602: receive RaftClientReply:client-253D2503C21A->6571ba41-d309-4d1d-a321-129a77bf1602@group-6D4C5FD51127, cid=1735, SUCCESS, logIndex=2567, commits[6571ba41-d309-4d1d-a321-129a77bf1602:c2567, 75e8c5ea-f06a-43e1-af6e-1f7f9b0b2cc1:c2566, 1d8d2908-dfb4-4358-9c6e-64b435d6fccc:c2566]
2019-07-03 07:08:13,428 INFO  client.GrpcClientProtocolClient (GrpcClientProtocolClient.java:onNext(254)) - client-253D2503C21A->6571ba41-d309-4d1d-a321-129a77bf1602: receive RaftClientReply:client-253D2503C21A->6571ba41-d309-4d1d-a321-129a77bf1602@group-6D4C5FD51127, cid=1736, SUCCESS, logIndex=2569, commits[6571ba41-d309-4d1d-a321-129a77bf1602:c2569, 75e8c5ea-f06a-43e1-af6e-1f7f9b0b2cc1:c2567, 1d8d2908-dfb4-4358-9c6e-64b435d6fccc:c2567]
2019-07-03 07:08:13,441 INFO  client.GrpcClientProtocolClient (GrpcClientProtocolClient.java:onNext(254)) - client-253D2503C21A->6571ba41-d309-4d1d-a321-129a77bf1602: receive RaftClientReply:client-253D2503C21A->6571ba41-d309-4d1d-a321-129a77bf1602@group-6D4C5FD51127, cid=1737, SUCCESS, logIndex=2571, commits[6571ba41-d309-4d1d-a321-129a77bf1602:c2571, 75e8c5ea-f06a-43e1-af6e-1f7f9b0b2cc1:c2569, 1d8d2908-dfb4-4358-9c6e-64b435d6fccc:c2569]
2019-07-03 07:08:13,454 INFO  client.GrpcClientProtocolClient (GrpcClientProtocolClient.java:onNext(254)) - client-253D2503C21A->6571ba41-d309-4d1d-a321-129a77bf1602: receive RaftClientReply:client-253D2503C21A->6571ba41-d309-4d1d-a321-129a77bf1602@group-6D4C5FD51127, cid=1738, SUCCESS, logIndex=2573, commits[6571ba41-d309-4d1d-a321-129a77bf1602:c2573, 75e8c5ea-f06a-43e1-af6e-1f7f9b0b2cc1:c2571, 1d8d2908-dfb4-4358-9c6e-64b435d6fccc:c2571]
2019-07-03 07:08:13,465 INFO  client.GrpcClientProtocolClient (GrpcClientProtocolClient.java:onNext(254)) - client-253D2503C21A->6571ba41-d309-4d1d-a321-129a77bf1602: receive RaftClientReply:client-253D2503C21A->6571ba41-d309-4d1d-a321-129a77bf1602@group-6D4C5FD51127, cid=1739, SUCCESS, logIndex=0, commits[6571ba41-d309-4d1d-a321-129a77bf1602:c2573, 75e8c5ea-f06a-43e1-af6e-1f7f9b0b2cc1:c2573, 1d8d2908-dfb4-4358-9c6e-64b435d6fccc:c2573]
2019-07-03 07:08:13,493 INFO  client.GrpcClientProtocolClient (GrpcClientProtocolClient.java:onNext(254)) - client-253D2503C21A->6571ba41-d309-4d1d-a321-129a77bf1602: receive RaftClientReply:client-253D2503C21A->6571ba41-d309-4d1d-a321-129a77bf1602@group-6D4C5FD51127, cid=1740, SUCCESS, logIndex=2575, commits[6571ba41-d309-4d1d-a321-129a77bf1602:c2575, 75e8c5ea-f06a-43e1-af6e-1f7f9b0b2cc1:c2574, 1d8d2908-dfb4-4358-9c6e-64b435d6fccc:c2574]
2019-07-03 07:08:13,505 INFO  client.GrpcClientProtocolClient (GrpcClientProtocolClient.java:onNext(254)) - client-253D2503C21A->6571ba41-d309-4d1d-a321-129a77bf1602: receive RaftClientReply:client-253D2503C21A->6571ba41-d309-4d1d-a321-129a77bf1602@group-6D4C5FD51127, cid=1741, SUCCESS, logIndex=2577, commits[6571ba41-d309-4d1d-a321-129a77bf1602:c2578, 75e8c5ea-f06a-43e1-af6e-1f7f9b0b2cc1:c2575, 1d8d2908-dfb4-4358-9c6e-64b435d6fccc:c2575]
2019-07-03 07:08:13,506 INFO  client.GrpcClientProtocolClient (GrpcClientProtocolClient.java:onNext(254)) - client-253D2503C21A->6571ba41-d309-4d1d-a321-129a77bf1602: receive RaftClientReply:client-253D2503C21A->6571ba41-d309-4d1d-a321-129a77bf1602@group-6D4C5FD51127, cid=1742, SUCCESS, logIndex=2578, commits[6571ba41-d309-4d1d-a321-129a77bf1602:c2578, 75e8c5ea-f06a-43e1-af6e-1f7f9b0b2cc1:c2575, 1d8d2908-dfb4-4358-9c6e-64b435d6fccc:c2575]
2019-07-03 07:08:13,506 INFO  client.GrpcClientProtocolClient (GrpcClientProtocolClient.java:onNext(254)) - client-253D2503C21A->6571ba41-d309-4d1d-a321-129a77bf1602: receive RaftClientReply:client-253D2503C21A->6571ba41-d309-4d1d-a321-129a77bf1602@group-6D4C5FD51127, cid=1743, SUCCESS, logIndex=2579, commits[6571ba41-d309-4d1d-a321-129a77bf1602:c2580, 75e8c5ea-f06a-43e1-af6e-1f7f9b0b2cc1:c2577, 1d8d2908-dfb4-4358-9c6e-64b435d6fccc:c2575]
2019-07-03 07:08:13,508 INFO  client.GrpcClientProtocolClient (GrpcClientProtocolClient.java:onNext(254)) - client-253D2503C21A->6571ba41-d309-4d1d-a321-129a77bf1602: receive RaftClientReply:client-253D2503C21A->6571ba41-d309-4d1d-a321-129a77bf1602@group-6D4C5FD51127, cid=1744, SUCCESS, logIndex=0, commits[6571ba41-d309-4d1d-a321-129a77bf1602:c2580, 75e8c5ea-f06a-43e1-af6e-1f7f9b0b2cc1:c2577, 1d8d2908-dfb4-4358-9c6e-64b435d6fccc:c2577]
2019-07-03 07:08:13,528 INFO  client.GrpcClientProtocolClient (GrpcClientProtocolClient.java:onNext(254)) - client-253D2503C21A->6571ba41-d309-4d1d-a321-129a77bf1602: receive RaftClientReply:client-253D2503C21A->6571ba41-d309-4d1d-a321-129a77bf1602@group-6D4C5FD51127, cid=1745, SUCCESS, logIndex=2583, commits[6571ba41-d309-4d1d-a321-129a77bf1602:c2583, 75e8c5ea-f06a-43e1-af6e-1f7f9b0b2cc1:c2582, 1d8d2908-dfb4-4358-9c6e-64b435d6fccc:c2582]
2019-07-03 07:08:13,541 INFO  client.GrpcClientProtocolClient (GrpcClientProtocolClient.java:onNext(254)) - client-253D2503C21A->6571ba41-d309-4d1d-a321-129a77bf1602: receive RaftClientReply:client-253D2503C21A->6571ba41-d309-4d1d-a321-129a77bf1602@group-6D4C5FD51127, cid=1746, SUCCESS, logIndex=2585, commits[6571ba41-d309-4d1d-a321-129a77bf1602:c2585, 75e8c5ea-f06a-43e1-af6e-1f7f9b0b2cc1:c2583, 1d8d2908-dfb4-4358-9c6e-64b435d6fccc:c2583]
2019-07-03 07:08:13,554 INFO  client.GrpcClientProtocolClient (GrpcClientProtocolClient.java:onNext(254)) - client-253D2503C21A->6571ba41-d309-4d1d-a321-129a77bf1602: receive RaftClientReply:client-253D2503C21A->6571ba41-d309-4d1d-a321-129a77bf1602@group-6D4C5FD51127, cid=1747, SUCCESS, logIndex=2587, commits[6571ba41-d309-4d1d-a321-129a77bf1602:c2587, 75e8c5ea-f06a-43e1-af6e-1f7f9b0b2cc1:c2585, 1d8d2908-dfb4-4358-9c6e-64b435d6fccc:c2585]
2019-07-03 07:08:13,568 INFO  client.GrpcClientProtocolClient (GrpcClientProtocolClient.java:onNext(254)) - client-253D2503C21A->6571ba41-d309-4d1d-a321-129a77bf1602: receive RaftClientReply:client-253D2503C21A->6571ba41-d309-4d1d-a321-129a77bf1602@group-6D4C5FD51127, cid=1748, SUCCESS, logIndex=2589, commits[6571ba41-d309-4d1d-a321-129a77bf1602:c2589, 75e8c5ea-f06a-43e1-af6e-1f7f9b0b2cc1:c2587, 1d8d2908-dfb4-4358-9c6e-64b435d6fccc:c2587]
2019-07-03 07:08:13,569 INFO  client.GrpcClientProtocolClient (GrpcClientProtocolClient.java:onNext(254)) - client-253D2503C21A->6571ba41-d309-4d1d-a321-129a77bf1602: receive RaftClientReply:client-253D2503C21A->6571ba41-d309-4d1d-a321-129a77bf1602@group-6D4C5FD51127, cid=1749, SUCCESS, logIndex=0, commits[6571ba41-d309-4d1d-a321-129a77bf1602:c2590, 75e8c5ea-f06a-43e1-af6e-1f7f9b0b2cc1:c2589, 1d8d2908-dfb4-4358-9c6e-64b435d6fccc:c2589]
2019-07-03 07:08:13,611 INFO  client.GrpcClientProtocolClient (GrpcClientProtocolClient.java:onNext(254)) - client-253D2503C21A->6571ba41-d309-4d1d-a321-129a77bf1602: receive RaftClientReply:client-253D2503C21A->6571ba41-d309-4d1d-a321-129a77bf1602@group-6D4C5FD51127, cid=1750, SUCCESS, logIndex=2591, commits[6571ba41-d309-4d1d-a321-129a77bf1602:c2591, 75e8c5ea-f06a-43e1-af6e-1f7f9b0b2cc1:c2590, 1d8d2908-dfb4-4358-9c6e-64b435d6fccc:c2590]
2019-07-03 07:08:13,616 INFO  client.GrpcClientProtocolClient (GrpcClientProtocolClient.java:onNext(254)) - client-253D2503C21A->6571ba41-d309-4d1d-a321-129a77bf1602: receive RaftClientReply:client-253D2503C21A->6571ba41-d309-4d1d-a321-129a77bf1602@group-6D4C5FD51127, cid=1751, SUCCESS, logIndex=2593, commits[6571ba41-d309-4d1d-a321-129a77bf1602:c2593, 75e8c5ea-f06a-43e1-af6e-1f7f9b0b2cc1:c2591, 1d8d2908-dfb4-4358-9c6e-64b435d6fccc:c2591]
2019-07-03 07:08:13,618 INFO  client.GrpcClientProtocolClient (GrpcClientProtocolClient.java:onNext(254)) - client-253D2503C21A->6571ba41-d309-4d1d-a321-129a77bf1602: receive RaftClientReply:client-253D2503C21A->6571ba41-d309-4d1d-a321-129a77bf1602@group-6D4C5FD51127, cid=1752, SUCCESS, logIndex=2594, commits[6571ba41-d309-4d1d-a321-129a77bf1602:c2595, 75e8c5ea-f06a-43e1-af6e-1f7f9b0b2cc1:c2592, 1d8d2908-dfb4-4358-9c6e-64b435d6fccc:c2592]
2019-07-03 07:08:13,619 INFO  client.GrpcClientProtocolClient (GrpcClientProtocolClient.java:onNext(254)) - client-253D2503C21A->6571ba41-d309-4d1d-a321-129a77bf1602: receive RaftClientReply:client-253D2503C21A->6571ba41-d309-4d1d-a321-129a77bf1602@group-6D4C5FD51127, cid=1753, SUCCESS, logIndex=2595, commits[6571ba41-d309-4d1d-a321-129a77bf1602:c2595, 75e8c5ea-f06a-43e1-af6e-1f7f9b0b2cc1:c2592, 1d8d2908-dfb4-4358-9c6e-64b435d6fccc:c2592]
2019-07-03 07:08:13,628 INFO  client.GrpcClientProtocolClient (GrpcClientProtocolClient.java:onNext(254)) - client-253D2503C21A->6571ba41-d309-4d1d-a321-129a77bf1602: receive RaftClientReply:client-253D2503C21A->6571ba41-d309-4d1d-a321-129a77bf1602@group-6D4C5FD51127, cid=1754, SUCCESS, logIndex=0, commits[6571ba41-d309-4d1d-a321-129a77bf1602:c2596, 75e8c5ea-f06a-43e1-af6e-1f7f9b0b2cc1:c2593, 1d8d2908-dfb4-4358-9c6e-64b435d6fccc:c2593]
2019-07-03 07:08:13,653 INFO  client.GrpcClientProtocolClient (GrpcClientProtocolClient.java:onNext(254)) - client-253D2503C21A->6571ba41-d309-4d1d-a321-129a77bf1602: receive RaftClientReply:client-253D2503C21A->6571ba41-d309-4d1d-a321-129a77bf1602@group-6D4C5FD51127, cid=1755, SUCCESS, logIndex=2599, commits[6571ba41-d309-4d1d-a321-129a77bf1602:c2599, 75e8c5ea-f06a-43e1-af6e-1f7f9b0b2cc1:c2595, 1d8d2908-dfb4-4358-9c6e-64b435d6fccc:c2598]
2019-07-03 07:08:13,657 INFO  client.GrpcClientProtocolClient (GrpcClientProtocolClient.java:onNext(254)) - client-253D2503C21A->6571ba41-d309-4d1d-a321-129a77bf1602: receive RaftClientReply:client-253D2503C21A->6571ba41-d309-4d1d-a321-129a77bf1602@group-6D4C5FD51127, cid=1756, SUCCESS, logIndex=2601, commits[6571ba41-d309-4d1d-a321-129a77bf1602:c2601, 75e8c5ea-f06a-43e1-af6e-1f7f9b0b2cc1:c2599, 1d8d2908-dfb4-4358-9c6e-64b435d6fccc:c2599]
2019-07-03 07:08:13,673 INFO  client.GrpcClientProtocolClient (GrpcClientProtocolClient.java:onNext(254)) - client-253D2503C21A->6571ba41-d309-4d1d-a321-129a77bf1602: receive RaftClientReply:client-253D2503C21A->6571ba41-d309-4d1d-a321-129a77bf1602@group-6D4C5FD51127, cid=1757, SUCCESS, logIndex=2603, commits[6571ba41-d309-4d1d-a321-129a77bf1602:c2603, 75e8c5ea-f06a-43e1-af6e-1f7f9b0b2cc1:c2601, 1d8d2908-dfb4-4358-9c6e-64b435d6fccc:c2601]
2019-07-03 07:08:13,687 INFO  client.GrpcClientProtocolClient (GrpcClientProtocolClient.java:onNext(254)) - client-253D2503C21A->6571ba41-d309-4d1d-a321-129a77bf1602: receive RaftClientReply:client-253D2503C21A->6571ba41-d309-4d1d-a321-129a77bf1602@group-6D4C5FD51127, cid=1758, SUCCESS, logIndex=2605, commits[6571ba41-d309-4d1d-a321-129a77bf1602:c2605, 75e8c5ea-f06a-43e1-af6e-1f7f9b0b2cc1:c2603, 1d8d2908-dfb4-4358-9c6e-64b435d6fccc:c2603]
2019-07-03 07:08:13,698 INFO  client.GrpcClientProtocolClient (GrpcClientProtocolClient.java:onNext(254)) - client-253D2503C21A->6571ba41-d309-4d1d-a321-129a77bf1602: receive RaftClientReply:client-253D2503C21A->6571ba41-d309-4d1d-a321-129a77bf1602@group-6D4C5FD51127, cid=1759, SUCCESS, logIndex=0, commits[6571ba41-d309-4d1d-a321-129a77bf1602:c2606, 75e8c5ea-f06a-43e1-af6e-1f7f9b0b2cc1:c2605, 1d8d2908-dfb4-4358-9c6e-64b435d6fccc:c2605]
 0.00% |█                                                                                                    |  0/1 Time: 0:00:212019-07-03 07:08:13,853 INFO  client.GrpcClientProtocolClient (GrpcClientProtocolClient.java:onNext(254)) - client-253D2503C21A->6571ba41-d309-4d1d-a321-129a77bf1602: receive RaftClientReply:client-253D2503C21A->6571ba41-d309-4d1d-a321-129a77bf1602@group-6D4C5FD51127, cid=1760, SUCCESS, logIndex=2607, commits[6571ba41-d309-4d1d-a321-129a77bf1602:c2607, 75e8c5ea-f06a-43e1-af6e-1f7f9b0b2cc1:c2606, 1d8d2908-dfb4-4358-9c6e-64b435d6fccc:c2606]
2019-07-03 07:08:13,872 INFO  client.GrpcClientProtocolClient (GrpcClientProtocolClient.java:onNext(254)) - client-253D2503C21A->6571ba41-d309-4d1d-a321-129a77bf1602: receive RaftClientReply:client-253D2503C21A->6571ba41-d309-4d1d-a321-129a77bf1602@group-6D4C5FD51127, cid=1761, SUCCESS, logIndex=2609, commits[6571ba41-d309-4d1d-a321-129a77bf1602:c2610, 75e8c5ea-f06a-43e1-af6e-1f7f9b0b2cc1:c2607, 1d8d2908-dfb4-4358-9c6e-64b435d6fccc:c2607]
2019-07-03 07:08:13,873 INFO  client.GrpcClientProtocolClient (GrpcClientProtocolClient.java:onNext(254)) - client-253D2503C21A->6571ba41-d309-4d1d-a321-129a77bf1602: receive RaftClientReply:client-253D2503C21A->6571ba41-d309-4d1d-a321-129a77bf1602@group-6D4C5FD51127, cid=1762, SUCCESS, logIndex=2610, commits[6571ba41-d309-4d1d-a321-129a77bf1602:c2610, 75e8c5ea-f06a-43e1-af6e-1f7f9b0b2cc1:c2607, 1d8d2908-dfb4-4358-9c6e-64b435d6fccc:c2607]
2019-07-03 07:08:13,884 INFO  client.GrpcClientProtocolClient (GrpcClientProtocolClient.java:onNext(254)) - client-253D2503C21A->6571ba41-d309-4d1d-a321-129a77bf1602: receive RaftClientReply:client-253D2503C21A->6571ba41-d309-4d1d-a321-129a77bf1602@group-6D4C5FD51127, cid=1763, SUCCESS, logIndex=2611, commits[6571ba41-d309-4d1d-a321-129a77bf1602:c2612, 75e8c5ea-f06a-43e1-af6e-1f7f9b0b2cc1:c2610, 1d8d2908-dfb4-4358-9c6e-64b435d6fccc:c2607]
2019-07-03 07:08:13,885 INFO  client.GrpcClientProtocolClient (GrpcClientProtocolClient.java:onNext(254)) - client-253D2503C21A->6571ba41-d309-4d1d-a321-129a77bf1602: receive RaftClientReply:client-253D2503C21A->6571ba41-d309-4d1d-a321-129a77bf1602@group-6D4C5FD51127, cid=1764, SUCCESS, logIndex=0, commits[6571ba41-d309-4d1d-a321-129a77bf1602:c2614, 75e8c5ea-f06a-43e1-af6e-1f7f9b0b2cc1:c2612, 1d8d2908-dfb4-4358-9c6e-64b435d6fccc:c2610]
2019-07-03 07:08:13,903 INFO  client.GrpcClientProtocolClient (GrpcClientProtocolClient.java:onNext(254)) - client-253D2503C21A->6571ba41-d309-4d1d-a321-129a77bf1602: receive RaftClientReply:client-253D2503C21A->6571ba41-d309-4d1d-a321-129a77bf1602@group-6D4C5FD51127, cid=1765, SUCCESS, logIndex=2615, commits[6571ba41-d309-4d1d-a321-129a77bf1602:c2615, 75e8c5ea-f06a-43e1-af6e-1f7f9b0b2cc1:c2614, 1d8d2908-dfb4-4358-9c6e-64b435d6fccc:c2614]
2019-07-03 07:08:13,916 INFO  client.GrpcClientProtocolClient (GrpcClientProtocolClient.java:onNext(254)) - client-253D2503C21A->6571ba41-d309-4d1d-a321-129a77bf1602: receive RaftClientReply:client-253D2503C21A->6571ba41-d309-4d1d-a321-129a77bf1602@group-6D4C5FD51127, cid=1766, SUCCESS, logIndex=2617, commits[6571ba41-d309-4d1d-a321-129a77bf1602:c2617, 75e8c5ea-f06a-43e1-af6e-1f7f9b0b2cc1:c2615, 1d8d2908-dfb4-4358-9c6e-64b435d6fccc:c2615]
2019-07-03 07:08:13,941 INFO  client.GrpcClientProtocolClient (GrpcClientProtocolClient.java:onNext(254)) - client-253D2503C21A->6571ba41-d309-4d1d-a321-129a77bf1602: receive RaftClientReply:client-253D2503C21A->6571ba41-d309-4d1d-a321-129a77bf1602@group-6D4C5FD51127, cid=1767, SUCCESS, logIndex=2619, commits[6571ba41-d309-4d1d-a321-129a77bf1602:c2619, 75e8c5ea-f06a-43e1-af6e-1f7f9b0b2cc1:c2617, 1d8d2908-dfb4-4358-9c6e-64b435d6fccc:c2617]
2019-07-03 07:08:13,941 INFO  storage.RaftLogWorker (RaftLogWorker.java:rollLogSegment(303)) - 6571ba41-d309-4d1d-a321-129a77bf1602-RaftLogWorker: Rolling segment log-2541_2620 to index:2620
2019-07-03 07:08:13,942 INFO  storage.RaftLogWorker (RaftLogWorker.java:rollLogSegment(303)) - 1d8d2908-dfb4-4358-9c6e-64b435d6fccc-RaftLogWorker: Rolling segment log-2541_2620 to index:2620
2019-07-03 07:08:13,942 INFO  storage.RaftLogWorker (RaftLogWorker.java:rollLogSegment(303)) - 75e8c5ea-f06a-43e1-af6e-1f7f9b0b2cc1-RaftLogWorker: Rolling segment log-2541_2620 to index:2620
2019-07-03 07:08:13,951 INFO  storage.RaftLogWorker (RaftLogWorker.java:execute(433)) - 6571ba41-d309-4d1d-a321-129a77bf1602-RaftLogWorker: Rolled log segment from /opt/src/hadoop-ozone/tools/target/test-dir/MiniOzoneClusterImpl-0519545d-318d-4c21-a2a0-688f18f8a31d/datanode-4/data/ratis/23ffc2a4-5526-4092-9dc4-6d4c5fd51127/current/log_inprogress_2541 to /opt/src/hadoop-ozone/tools/target/test-dir/MiniOzoneClusterImpl-0519545d-318d-4c21-a2a0-688f18f8a31d/datanode-4/data/ratis/23ffc2a4-5526-4092-9dc4-6d4c5fd51127/current/log_2541-2620
2019-07-03 07:08:13,951 INFO  storage.RaftLogWorker (RaftLogWorker.java:execute(433)) - 75e8c5ea-f06a-43e1-af6e-1f7f9b0b2cc1-RaftLogWorker: Rolled log segment from /opt/src/hadoop-ozone/tools/target/test-dir/MiniOzoneClusterImpl-0519545d-318d-4c21-a2a0-688f18f8a31d/datanode-1/data/ratis/23ffc2a4-5526-4092-9dc4-6d4c5fd51127/current/log_inprogress_2541 to /opt/src/hadoop-ozone/tools/target/test-dir/MiniOzoneClusterImpl-0519545d-318d-4c21-a2a0-688f18f8a31d/datanode-1/data/ratis/23ffc2a4-5526-4092-9dc4-6d4c5fd51127/current/log_2541-2620
2019-07-03 07:08:13,952 INFO  storage.RaftLogWorker (RaftLogWorker.java:execute(433)) - 1d8d2908-dfb4-4358-9c6e-64b435d6fccc-RaftLogWorker: Rolled log segment from /opt/src/hadoop-ozone/tools/target/test-dir/MiniOzoneClusterImpl-0519545d-318d-4c21-a2a0-688f18f8a31d/datanode-2/data/ratis/23ffc2a4-5526-4092-9dc4-6d4c5fd51127/current/log_inprogress_2541 to /opt/src/hadoop-ozone/tools/target/test-dir/MiniOzoneClusterImpl-0519545d-318d-4c21-a2a0-688f18f8a31d/datanode-2/data/ratis/23ffc2a4-5526-4092-9dc4-6d4c5fd51127/current/log_2541-2620
2019-07-03 07:08:13,999 INFO  storage.RaftLogWorker (RaftLogWorker.java:execute(469)) - 1d8d2908-dfb4-4358-9c6e-64b435d6fccc-RaftLogWorker: created new log segment /opt/src/hadoop-ozone/tools/target/test-dir/MiniOzoneClusterImpl-0519545d-318d-4c21-a2a0-688f18f8a31d/datanode-2/data/ratis/23ffc2a4-5526-4092-9dc4-6d4c5fd51127/current/log_inprogress_2621
2019-07-03 07:08:13,999 INFO  storage.RaftLogWorker (RaftLogWorker.java:execute(469)) - 6571ba41-d309-4d1d-a321-129a77bf1602-RaftLogWorker: created new log segment /opt/src/hadoop-ozone/tools/target/test-dir/MiniOzoneClusterImpl-0519545d-318d-4c21-a2a0-688f18f8a31d/datanode-4/data/ratis/23ffc2a4-5526-4092-9dc4-6d4c5fd51127/current/log_inprogress_2621
2019-07-03 07:08:13,999 INFO  storage.RaftLogWorker (RaftLogWorker.java:execute(469)) - 75e8c5ea-f06a-43e1-af6e-1f7f9b0b2cc1-RaftLogWorker: created new log segment /opt/src/hadoop-ozone/tools/target/test-dir/MiniOzoneClusterImpl-0519545d-318d-4c21-a2a0-688f18f8a31d/datanode-1/data/ratis/23ffc2a4-5526-4092-9dc4-6d4c5fd51127/current/log_inprogress_2621
2019-07-03 07:08:14,014 INFO  client.GrpcClientProtocolClient (GrpcClientProtocolClient.java:onNext(254)) - client-253D2503C21A->6571ba41-d309-4d1d-a321-129a77bf1602: receive RaftClientReply:client-253D2503C21A->6571ba41-d309-4d1d-a321-129a77bf1602@group-6D4C5FD51127, cid=1768, SUCCESS, logIndex=2621, commits[6571ba41-d309-4d1d-a321-129a77bf1602:c2621, 75e8c5ea-f06a-43e1-af6e-1f7f9b0b2cc1:c2619, 1d8d2908-dfb4-4358-9c6e-64b435d6fccc:c2619]
2019-07-03 07:08:14,026 INFO  client.GrpcClientProtocolClient (GrpcClientProtocolClient.java:onNext(254)) - client-253D2503C21A->6571ba41-d309-4d1d-a321-129a77bf1602: receive RaftClientReply:client-253D2503C21A->6571ba41-d309-4d1d-a321-129a77bf1602@group-6D4C5FD51127, cid=1769, SUCCESS, logIndex=0, commits[6571ba41-d309-4d1d-a321-129a77bf1602:c2622, 75e8c5ea-f06a-43e1-af6e-1f7f9b0b2cc1:c2621, 1d8d2908-dfb4-4358-9c6e-64b435d6fccc:c2621]
2019-07-03 07:08:14,058 INFO  client.GrpcClientProtocolClient (GrpcClientProtocolClient.java:onNext(254)) - client-253D2503C21A->6571ba41-d309-4d1d-a321-129a77bf1602: receive RaftClientReply:client-253D2503C21A->6571ba41-d309-4d1d-a321-129a77bf1602@group-6D4C5FD51127, cid=1770, SUCCESS, logIndex=2623, commits[6571ba41-d309-4d1d-a321-129a77bf1602:c2623, 75e8c5ea-f06a-43e1-af6e-1f7f9b0b2cc1:c2622, 1d8d2908-dfb4-4358-9c6e-64b435d6fccc:c2622]
2019-07-03 07:08:14,070 INFO  client.GrpcClientProtocolClient (GrpcClientProtocolClient.java:onNext(254)) - client-253D2503C21A->6571ba41-d309-4d1d-a321-129a77bf1602: receive RaftClientReply:client-253D2503C21A->6571ba41-d309-4d1d-a321-129a77bf1602@group-6D4C5FD51127, cid=1771, SUCCESS, logIndex=2625, commits[6571ba41-d309-4d1d-a321-129a77bf1602:c2626, 75e8c5ea-f06a-43e1-af6e-1f7f9b0b2cc1:c2623, 1d8d2908-dfb4-4358-9c6e-64b435d6fccc:c2623]
2019-07-03 07:08:14,071 INFO  client.GrpcClientProtocolClient (GrpcClientProtocolClient.java:onNext(254)) - client-253D2503C21A->6571ba41-d309-4d1d-a321-129a77bf1602: receive RaftClientReply:client-253D2503C21A->6571ba41-d309-4d1d-a321-129a77bf1602@group-6D4C5FD51127, cid=1772, SUCCESS, logIndex=2626, commits[6571ba41-d309-4d1d-a321-129a77bf1602:c2627, 75e8c5ea-f06a-43e1-af6e-1f7f9b0b2cc1:c2623, 1d8d2908-dfb4-4358-9c6e-64b435d6fccc:c2623]
2019-07-03 07:08:14,071 INFO  client.GrpcClientProtocolClient (GrpcClientProtocolClient.java:onNext(254)) - client-253D2503C21A->6571ba41-d309-4d1d-a321-129a77bf1602: receive RaftClientReply:client-253D2503C21A->6571ba41-d309-4d1d-a321-129a77bf1602@group-6D4C5FD51127, cid=1773, SUCCESS, logIndex=2627, commits[6571ba41-d309-4d1d-a321-129a77bf1602:c2627, 75e8c5ea-f06a-43e1-af6e-1f7f9b0b2cc1:c2623, 1d8d2908-dfb4-4358-9c6e-64b435d6fccc:c2623]
2019-07-03 07:08:14,073 INFO  client.GrpcClientProtocolClient (GrpcClientProtocolClient.java:onNext(254)) - client-253D2503C21A->6571ba41-d309-4d1d-a321-129a77bf1602: receive RaftClientReply:client-253D2503C21A->6571ba41-d309-4d1d-a321-129a77bf1602@group-6D4C5FD51127, cid=1774, SUCCESS, logIndex=0, commits[6571ba41-d309-4d1d-a321-129a77bf1602:c2629, 75e8c5ea-f06a-43e1-af6e-1f7f9b0b2cc1:c2626, 1d8d2908-dfb4-4358-9c6e-64b435d6fccc:c2626]
2019-07-03 07:08:14,095 INFO  client.GrpcClientProtocolClient (GrpcClientProtocolClient.java:onNext(254)) - client-253D2503C21A->6571ba41-d309-4d1d-a321-129a77bf1602: receive RaftClientReply:client-253D2503C21A->6571ba41-d309-4d1d-a321-129a77bf1602@group-6D4C5FD51127, cid=1775, SUCCESS, logIndex=2631, commits[6571ba41-d309-4d1d-a321-129a77bf1602:c2631, 75e8c5ea-f06a-43e1-af6e-1f7f9b0b2cc1:c2630, 1d8d2908-dfb4-4358-9c6e-64b435d6fccc:c2630]
2019-07-03 07:08:14,114 INFO  client.GrpcClientProtocolClient (GrpcClientProtocolClient.java:onNext(254)) - client-253D2503C21A->6571ba41-d309-4d1d-a321-129a77bf1602: receive RaftClientReply:client-253D2503C21A->6571ba41-d309-4d1d-a321-129a77bf1602@group-6D4C5FD51127, cid=1776, SUCCESS, logIndex=2633, commits[6571ba41-d309-4d1d-a321-129a77bf1602:c2633, 75e8c5ea-f06a-43e1-af6e-1f7f9b0b2cc1:c2631, 1d8d2908-dfb4-4358-9c6e-64b435d6fccc:c2631]
2019-07-03 07:08:14,128 INFO  client.GrpcClientProtocolClient (GrpcClientProtocolClient.java:onNext(254)) - client-253D2503C21A->6571ba41-d309-4d1d-a321-129a77bf1602: receive RaftClientReply:client-253D2503C21A->6571ba41-d309-4d1d-a321-129a77bf1602@group-6D4C5FD51127, cid=1777, SUCCESS, logIndex=2635, commits[6571ba41-d309-4d1d-a321-129a77bf1602:c2635, 75e8c5ea-f06a-43e1-af6e-1f7f9b0b2cc1:c2633, 1d8d2908-dfb4-4358-9c6e-64b435d6fccc:c2633]
2019-07-03 07:08:14,141 INFO  client.GrpcClientProtocolClient (GrpcClientProtocolClient.java:onNext(254)) - client-253D2503C21A->6571ba41-d309-4d1d-a321-129a77bf1602: receive RaftClientReply:client-253D2503C21A->6571ba41-d309-4d1d-a321-129a77bf1602@group-6D4C5FD51127, cid=1778, SUCCESS, logIndex=2637, commits[6571ba41-d309-4d1d-a321-129a77bf1602:c2637, 75e8c5ea-f06a-43e1-af6e-1f7f9b0b2cc1:c2635, 1d8d2908-dfb4-4358-9c6e-64b435d6fccc:c2635]
2019-07-03 07:08:14,153 INFO  client.GrpcClientProtocolClient (GrpcClientProtocolClient.java:onNext(254)) - client-253D2503C21A->6571ba41-d309-4d1d-a321-129a77bf1602: receive RaftClientReply:client-253D2503C21A->6571ba41-d309-4d1d-a321-129a77bf1602@group-6D4C5FD51127, cid=1779, SUCCESS, logIndex=0, commits[6571ba41-d309-4d1d-a321-129a77bf1602:c2638, 75e8c5ea-f06a-43e1-af6e-1f7f9b0b2cc1:c2637, 1d8d2908-dfb4-4358-9c6e-64b435d6fccc:c2637]
2019-07-03 07:08:14,181 INFO  client.GrpcClientProtocolClient (GrpcClientProtocolClient.java:onNext(254)) - client-253D2503C21A->6571ba41-d309-4d1d-a321-129a77bf1602: receive RaftClientReply:client-253D2503C21A->6571ba41-d309-4d1d-a321-129a77bf1602@group-6D4C5FD51127, cid=1780, SUCCESS, logIndex=2639, commits[6571ba41-d309-4d1d-a321-129a77bf1602:c2639, 75e8c5ea-f06a-43e1-af6e-1f7f9b0b2cc1:c2638, 1d8d2908-dfb4-4358-9c6e-64b435d6fccc:c2638]
2019-07-03 07:08:14,194 INFO  client.GrpcClientProtocolClient (GrpcClientProtocolClient.java:onNext(254)) - client-253D2503C21A->6571ba41-d309-4d1d-a321-129a77bf1602: receive RaftClientReply:client-253D2503C21A->6571ba41-d309-4d1d-a321-129a77bf1602@group-6D4C5FD51127, cid=1781, SUCCESS, logIndex=2641, commits[6571ba41-d309-4d1d-a321-129a77bf1602:c2641, 75e8c5ea-f06a-43e1-af6e-1f7f9b0b2cc1:c2639, 1d8d2908-dfb4-4358-9c6e-64b435d6fccc:c2639]
2019-07-03 07:08:14,195 INFO  client.GrpcClientProtocolClient (GrpcClientProtocolClient.java:onNext(254)) - client-253D2503C21A->6571ba41-d309-4d1d-a321-129a77bf1602: receive RaftClientReply:client-253D2503C21A->6571ba41-d309-4d1d-a321-129a77bf1602@group-6D4C5FD51127, cid=1782, SUCCESS, logIndex=2642, commits[6571ba41-d309-4d1d-a321-129a77bf1602:c2642, 75e8c5ea-f06a-43e1-af6e-1f7f9b0b2cc1:c2639, 1d8d2908-dfb4-4358-9c6e-64b435d6fccc:c2639]
2019-07-03 07:08:14,195 INFO  client.GrpcClientProtocolClient (GrpcClientProtocolClient.java:onNext(254)) - client-253D2503C21A->6571ba41-d309-4d1d-a321-129a77bf1602: receive RaftClientReply:client-253D2503C21A->6571ba41-d309-4d1d-a321-129a77bf1602@group-6D4C5FD51127, cid=1783, SUCCESS, logIndex=2643, commits[6571ba41-d309-4d1d-a321-129a77bf1602:c2643, 75e8c5ea-f06a-43e1-af6e-1f7f9b0b2cc1:c2639, 1d8d2908-dfb4-4358-9c6e-64b435d6fccc:c2639]
2019-07-03 07:08:14,196 INFO  client.GrpcClientProtocolClient (GrpcClientProtocolClient.java:onNext(254)) - client-253D2503C21A->6571ba41-d309-4d1d-a321-129a77bf1602: receive RaftClientReply:client-253D2503C21A->6571ba41-d309-4d1d-a321-129a77bf1602@group-6D4C5FD51127, cid=1784, SUCCESS, logIndex=0, commits[6571ba41-d309-4d1d-a321-129a77bf1602:c2645, 75e8c5ea-f06a-43e1-af6e-1f7f9b0b2cc1:c2642, 1d8d2908-dfb4-4358-9c6e-64b435d6fccc:c2641]
2019-07-03 07:08:14,216 INFO  client.GrpcClientProtocolClient (GrpcClientProtocolClient.java:onNext(254)) - client-253D2503C21A->6571ba41-d309-4d1d-a321-129a77bf1602: receive RaftClientReply:client-253D2503C21A->6571ba41-d309-4d1d-a321-129a77bf1602@group-6D4C5FD51127, cid=1785, SUCCESS, logIndex=2647, commits[6571ba41-d309-4d1d-a321-129a77bf1602:c2647, 75e8c5ea-f06a-43e1-af6e-1f7f9b0b2cc1:c2646, 1d8d2908-dfb4-4358-9c6e-64b435d6fccc:c2646]
2019-07-03 07:08:14,230 INFO  client.GrpcClientProtocolClient (GrpcClientProtocolClient.java:onNext(254)) - client-253D2503C21A->6571ba41-d309-4d1d-a321-129a77bf1602: receive RaftClientReply:client-253D2503C21A->6571ba41-d309-4d1d-a321-129a77bf1602@group-6D4C5FD51127, cid=1786, SUCCESS, logIndex=2649, commits[6571ba41-d309-4d1d-a321-129a77bf1602:c2649, 75e8c5ea-f06a-43e1-af6e-1f7f9b0b2cc1:c2647, 1d8d2908-dfb4-4358-9c6e-64b435d6fccc:c2647]
2019-07-03 07:08:14,242 INFO  client.GrpcClientProtocolClient (GrpcClientProtocolClient.java:onNext(254)) - client-253D2503C21A->6571ba41-d309-4d1d-a321-129a77bf1602: receive RaftClientReply:client-253D2503C21A->6571ba41-d309-4d1d-a321-129a77bf1602@group-6D4C5FD51127, cid=1787, SUCCESS, logIndex=2651, commits[6571ba41-d309-4d1d-a321-129a77bf1602:c2651, 75e8c5ea-f06a-43e1-af6e-1f7f9b0b2cc1:c2649, 1d8d2908-dfb4-4358-9c6e-64b435d6fccc:c2649]
2019-07-03 07:08:14,245 INFO  client.GrpcClientProtocolClient (GrpcClientProtocolClient.java:onNext(254)) - client-253D2503C21A->6571ba41-d309-4d1d-a321-129a77bf1602: receive RaftClientReply:client-253D2503C21A->6571ba41-d309-4d1d-a321-129a77bf1602@group-6D4C5FD51127, cid=1788, SUCCESS, logIndex=2653, commits[6571ba41-d309-4d1d-a321-129a77bf1602:c2653, 75e8c5ea-f06a-43e1-af6e-1f7f9b0b2cc1:c2651, 1d8d2908-dfb4-4358-9c6e-64b435d6fccc:c2651]
2019-07-03 07:08:14,257 INFO  client.GrpcClientProtocolClient (GrpcClientProtocolClient.java:onNext(254)) - client-253D2503C21A->6571ba41-d309-4d1d-a321-129a77bf1602: receive RaftClientReply:client-253D2503C21A->6571ba41-d309-4d1d-a321-129a77bf1602@group-6D4C5FD51127, cid=1789, SUCCESS, logIndex=0, commits[6571ba41-d309-4d1d-a321-129a77bf1602:c2654, 75e8c5ea-f06a-43e1-af6e-1f7f9b0b2cc1:c2653, 1d8d2908-dfb4-4358-9c6e-64b435d6fccc:c2653]
2019-07-03 07:08:14,285 INFO  client.GrpcClientProtocolClient (GrpcClientProtocolClient.java:onNext(254)) - client-253D2503C21A->6571ba41-d309-4d1d-a321-129a77bf1602: receive RaftClientReply:client-253D2503C21A->6571ba41-d309-4d1d-a321-129a77bf1602@group-6D4C5FD51127, cid=1790, SUCCESS, logIndex=2655, commits[6571ba41-d309-4d1d-a321-129a77bf1602:c2655, 75e8c5ea-f06a-43e1-af6e-1f7f9b0b2cc1:c2654, 1d8d2908-dfb4-4358-9c6e-64b435d6fccc:c2654]
2019-07-03 07:08:14,298 INFO  client.GrpcClientProtocolClient (GrpcClientProtocolClient.java:onNext(254)) - client-253D2503C21A->6571ba41-d309-4d1d-a321-129a77bf1602: receive RaftClientReply:client-253D2503C21A->6571ba41-d309-4d1d-a321-129a77bf1602@group-6D4C5FD51127, cid=1791, SUCCESS, logIndex=2657, commits[6571ba41-d309-4d1d-a321-129a77bf1602:c2658, 75e8c5ea-f06a-43e1-af6e-1f7f9b0b2cc1:c2655, 1d8d2908-dfb4-4358-9c6e-64b435d6fccc:c2655]
2019-07-03 07:08:14,298 INFO  client.GrpcClientProtocolClient (GrpcClientProtocolClient.java:onNext(254)) - client-253D2503C21A->6571ba41-d309-4d1d-a321-129a77bf1602: receive RaftClientReply:client-253D2503C21A->6571ba41-d309-4d1d-a321-129a77bf1602@group-6D4C5FD51127, cid=1792, SUCCESS, logIndex=2658, commits[6571ba41-d309-4d1d-a321-129a77bf1602:c2658, 75e8c5ea-f06a-43e1-af6e-1f7f9b0b2cc1:c2655, 1d8d2908-dfb4-4358-9c6e-64b435d6fccc:c2655]
2019-07-03 07:08:14,299 INFO  client.GrpcClientProtocolClient (GrpcClientProtocolClient.java:onNext(254)) - client-253D2503C21A->6571ba41-d309-4d1d-a321-129a77bf1602: receive RaftClientReply:client-253D2503C21A->6571ba41-d309-4d1d-a321-129a77bf1602@group-6D4C5FD51127, cid=1793, SUCCESS, logIndex=2659, commits[6571ba41-d309-4d1d-a321-129a77bf1602:c2659, 75e8c5ea-f06a-43e1-af6e-1f7f9b0b2cc1:c2657, 1d8d2908-dfb4-4358-9c6e-64b435d6fccc:c2655]
2019-07-03 07:08:14,301 INFO  client.GrpcClientProtocolClient (GrpcClientProtocolClient.java:onNext(254)) - client-253D2503C21A->6571ba41-d309-4d1d-a321-129a77bf1602: receive RaftClientReply:client-253D2503C21A->6571ba41-d309-4d1d-a321-129a77bf1602@group-6D4C5FD51127, cid=1794, SUCCESS, logIndex=0, commits[6571ba41-d309-4d1d-a321-129a77bf1602:c2661, 75e8c5ea-f06a-43e1-af6e-1f7f9b0b2cc1:c2658, 1d8d2908-dfb4-4358-9c6e-64b435d6fccc:c2658]
2019-07-03 07:08:14,321 INFO  client.GrpcClientProtocolClient (GrpcClientProtocolClient.java:onNext(254)) - client-253D2503C21A->6571ba41-d309-4d1d-a321-129a77bf1602: receive RaftClientReply:client-253D2503C21A->6571ba41-d309-4d1d-a321-129a77bf1602@group-6D4C5FD51127, cid=1795, SUCCESS, logIndex=2663, commits[6571ba41-d309-4d1d-a321-129a77bf1602:c2663, 75e8c5ea-f06a-43e1-af6e-1f7f9b0b2cc1:c2662, 1d8d2908-dfb4-4358-9c6e-64b435d6fccc:c2662]
2019-07-03 07:08:14,334 INFO  client.GrpcClientProtocolClient (GrpcClientProtocolClient.java:onNext(254)) - client-253D2503C21A->6571ba41-d309-4d1d-a321-129a77bf1602: receive RaftClientReply:client-253D2503C21A->6571ba41-d309-4d1d-a321-129a77bf1602@group-6D4C5FD51127, cid=1796, SUCCESS, logIndex=2665, commits[6571ba41-d309-4d1d-a321-129a77bf1602:c2665, 75e8c5ea-f06a-43e1-af6e-1f7f9b0b2cc1:c2663, 1d8d2908-dfb4-4358-9c6e-64b435d6fccc:c2663]
2019-07-03 07:08:14,347 INFO  client.GrpcClientProtocolClient (GrpcClientProtocolClient.java:onNext(254)) - client-253D2503C21A->6571ba41-d309-4d1d-a321-129a77bf1602: receive RaftClientReply:client-253D2503C21A->6571ba41-d309-4d1d-a321-129a77bf1602@group-6D4C5FD51127, cid=1797, SUCCESS, logIndex=2667, commits[6571ba41-d309-4d1d-a321-129a77bf1602:c2667, 75e8c5ea-f06a-43e1-af6e-1f7f9b0b2cc1:c2665, 1d8d2908-dfb4-4358-9c6e-64b435d6fccc:c2665]
2019-07-03 07:08:14,372 INFO  client.GrpcClientProtocolClient (GrpcClientProtocolClient.java:onNext(254)) - client-253D2503C21A->6571ba41-d309-4d1d-a321-129a77bf1602: receive RaftClientReply:client-253D2503C21A->6571ba41-d309-4d1d-a321-129a77bf1602@group-6D4C5FD51127, cid=1798, SUCCESS, logIndex=2669, commits[6571ba41-d309-4d1d-a321-129a77bf1602:c2669, 75e8c5ea-f06a-43e1-af6e-1f7f9b0b2cc1:c2667, 1d8d2908-dfb4-4358-9c6e-64b435d6fccc:c2667]
2019-07-03 07:08:14,384 INFO  client.GrpcClientProtocolClient (GrpcClientProtocolClient.java:onNext(254)) - client-253D2503C21A->6571ba41-d309-4d1d-a321-129a77bf1602: receive RaftClientReply:client-253D2503C21A->6571ba41-d309-4d1d-a321-129a77bf1602@group-6D4C5FD51127, cid=1799, SUCCESS, logIndex=0, commits[6571ba41-d309-4d1d-a321-129a77bf1602:c2670, 75e8c5ea-f06a-43e1-af6e-1f7f9b0b2cc1:c2669, 1d8d2908-dfb4-4358-9c6e-64b435d6fccc:c2669]
2019-07-03 07:08:14,413 INFO  client.GrpcClientProtocolClient (GrpcClientProtocolClient.java:onNext(254)) - client-253D2503C21A->6571ba41-d309-4d1d-a321-129a77bf1602: receive RaftClientReply:client-253D2503C21A->6571ba41-d309-4d1d-a321-129a77bf1602@group-6D4C5FD51127, cid=1800, SUCCESS, logIndex=2671, commits[6571ba41-d309-4d1d-a321-129a77bf1602:c2671, 75e8c5ea-f06a-43e1-af6e-1f7f9b0b2cc1:c2670, 1d8d2908-dfb4-4358-9c6e-64b435d6fccc:c2670]
2019-07-03 07:08:14,425 INFO  client.GrpcClientProtocolClient (GrpcClientProtocolClient.java:onNext(254)) - client-253D2503C21A->6571ba41-d309-4d1d-a321-129a77bf1602: receive RaftClientReply:client-253D2503C21A->6571ba41-d309-4d1d-a321-129a77bf1602@group-6D4C5FD51127, cid=1801, SUCCESS, logIndex=2673, commits[6571ba41-d309-4d1d-a321-129a77bf1602:c2674, 75e8c5ea-f06a-43e1-af6e-1f7f9b0b2cc1:c2671, 1d8d2908-dfb4-4358-9c6e-64b435d6fccc:c2671]
2019-07-03 07:08:14,426 INFO  client.GrpcClientProtocolClient (GrpcClientProtocolClient.java:onNext(254)) - client-253D2503C21A->6571ba41-d309-4d1d-a321-129a77bf1602: receive RaftClientReply:client-253D2503C21A->6571ba41-d309-4d1d-a321-129a77bf1602@group-6D4C5FD51127, cid=1802, SUCCESS, logIndex=2674, commits[6571ba41-d309-4d1d-a321-129a77bf1602:c2674, 75e8c5ea-f06a-43e1-af6e-1f7f9b0b2cc1:c2671, 1d8d2908-dfb4-4358-9c6e-64b435d6fccc:c2671]
2019-07-03 07:08:14,437 INFO  client.GrpcClientProtocolClient (GrpcClientProtocolClient.java:onNext(254)) - client-253D2503C21A->6571ba41-d309-4d1d-a321-129a77bf1602: receive RaftClientReply:client-253D2503C21A->6571ba41-d309-4d1d-a321-129a77bf1602@group-6D4C5FD51127, cid=1803, SUCCESS, logIndex=2675, commits[6571ba41-d309-4d1d-a321-129a77bf1602:c2676, 75e8c5ea-f06a-43e1-af6e-1f7f9b0b2cc1:c2671, 1d8d2908-dfb4-4358-9c6e-64b435d6fccc:c2673]
2019-07-03 07:08:14,438 INFO  client.GrpcClientProtocolClient (GrpcClientProtocolClient.java:onNext(254)) - client-253D2503C21A->6571ba41-d309-4d1d-a321-129a77bf1602: receive RaftClientReply:client-253D2503C21A->6571ba41-d309-4d1d-a321-129a77bf1602@group-6D4C5FD51127, cid=1804, SUCCESS, logIndex=0, commits[6571ba41-d309-4d1d-a321-129a77bf1602:c2677, 75e8c5ea-f06a-43e1-af6e-1f7f9b0b2cc1:c2673, 1d8d2908-dfb4-4358-9c6e-64b435d6fccc:c2674]
2019-07-03 07:08:14,458 INFO  client.GrpcClientProtocolClient (GrpcClientProtocolClient.java:onNext(254)) - client-253D2503C21A->6571ba41-d309-4d1d-a321-129a77bf1602: receive RaftClientReply:client-253D2503C21A->6571ba41-d309-4d1d-a321-129a77bf1602@group-6D4C5FD51127, cid=1805, SUCCESS, logIndex=2679, commits[6571ba41-d309-4d1d-a321-129a77bf1602:c2679, 75e8c5ea-f06a-43e1-af6e-1f7f9b0b2cc1:c2678, 1d8d2908-dfb4-4358-9c6e-64b435d6fccc:c2678]
2019-07-03 07:08:14,472 INFO  client.GrpcClientProtocolClient (GrpcClientProtocolClient.java:onNext(254)) - client-253D2503C21A->6571ba41-d309-4d1d-a321-129a77bf1602: receive RaftClientReply:client-253D2503C21A->6571ba41-d309-4d1d-a321-129a77bf1602@group-6D4C5FD51127, cid=1806, SUCCESS, logIndex=2681, commits[6571ba41-d309-4d1d-a321-129a77bf1602:c2681, 75e8c5ea-f06a-43e1-af6e-1f7f9b0b2cc1:c2679, 1d8d2908-dfb4-4358-9c6e-64b435d6fccc:c2679]
2019-07-03 07:08:14,485 INFO  client.GrpcClientProtocolClient (GrpcClientProtocolClient.java:onNext(254)) - client-253D2503C21A->6571ba41-d309-4d1d-a321-129a77bf1602: receive RaftClientReply:client-253D2503C21A->6571ba41-d309-4d1d-a321-129a77bf1602@group-6D4C5FD51127, cid=1807, SUCCESS, logIndex=2683, commits[6571ba41-d309-4d1d-a321-129a77bf1602:c2683, 75e8c5ea-f06a-43e1-af6e-1f7f9b0b2cc1:c2681, 1d8d2908-dfb4-4358-9c6e-64b435d6fccc:c2681]
2019-07-03 07:08:14,498 INFO  client.GrpcClientProtocolClient (GrpcClientProtocolClient.java:onNext(254)) - client-253D2503C21A->6571ba41-d309-4d1d-a321-129a77bf1602: receive RaftClientReply:client-253D2503C21A->6571ba41-d309-4d1d-a321-129a77bf1602@group-6D4C5FD51127, cid=1808, SUCCESS, logIndex=2685, commits[6571ba41-d309-4d1d-a321-129a77bf1602:c2685, 75e8c5ea-f06a-43e1-af6e-1f7f9b0b2cc1:c2683, 1d8d2908-dfb4-4358-9c6e-64b435d6fccc:c2683]
2019-07-03 07:08:14,509 INFO  client.GrpcClientProtocolClient (GrpcClientProtocolClient.java:onNext(254)) - client-253D2503C21A->6571ba41-d309-4d1d-a321-129a77bf1602: receive RaftClientReply:client-253D2503C21A->6571ba41-d309-4d1d-a321-129a77bf1602@group-6D4C5FD51127, cid=1809, SUCCESS, logIndex=0, commits[6571ba41-d309-4d1d-a321-129a77bf1602:c2686, 75e8c5ea-f06a-43e1-af6e-1f7f9b0b2cc1:c2685, 1d8d2908-dfb4-4358-9c6e-64b435d6fccc:c2685]
2019-07-03 07:08:14,541 INFO  client.GrpcClientProtocolClient (GrpcClientProtocolClient.java:onNext(254)) - client-253D2503C21A->6571ba41-d309-4d1d-a321-129a77bf1602: receive RaftClientReply:client-253D2503C21A->6571ba41-d309-4d1d-a321-129a77bf1602@group-6D4C5FD51127, cid=1810, SUCCESS, logIndex=2687, commits[6571ba41-d309-4d1d-a321-129a77bf1602:c2687, 75e8c5ea-f06a-43e1-af6e-1f7f9b0b2cc1:c2686, 1d8d2908-dfb4-4358-9c6e-64b435d6fccc:c2686]
2019-07-03 07:08:14,553 INFO  client.GrpcClientProtocolClient (GrpcClientProtocolClient.java:onNext(254)) - client-253D2503C21A->6571ba41-d309-4d1d-a321-129a77bf1602: receive RaftClientReply:client-253D2503C21A->6571ba41-d309-4d1d-a321-129a77bf1602@group-6D4C5FD51127, cid=1811, SUCCESS, logIndex=2689, commits[6571ba41-d309-4d1d-a321-129a77bf1602:c2690, 75e8c5ea-f06a-43e1-af6e-1f7f9b0b2cc1:c2687, 1d8d2908-dfb4-4358-9c6e-64b435d6fccc:c2687]
2019-07-03 07:08:14,554 INFO  client.GrpcClientProtocolClient (GrpcClientProtocolClient.java:onNext(254)) - client-253D2503C21A->6571ba41-d309-4d1d-a321-129a77bf1602: receive RaftClientReply:client-253D2503C21A->6571ba41-d309-4d1d-a321-129a77bf1602@group-6D4C5FD51127, cid=1812, SUCCESS, logIndex=2690, commits[6571ba41-d309-4d1d-a321-129a77bf1602:c2690, 75e8c5ea-f06a-43e1-af6e-1f7f9b0b2cc1:c2687, 1d8d2908-dfb4-4358-9c6e-64b435d6fccc:c2687]
2019-07-03 07:08:14,554 INFO  client.GrpcClientProtocolClient (GrpcClientProtocolClient.java:onNext(254)) - client-253D2503C21A->6571ba41-d309-4d1d-a321-129a77bf1602: receive RaftClientReply:client-253D2503C21A->6571ba41-d309-4d1d-a321-129a77bf1602@group-6D4C5FD51127, cid=1813, SUCCESS, logIndex=2691, commits[6571ba41-d309-4d1d-a321-129a77bf1602:c2692, 75e8c5ea-f06a-43e1-af6e-1f7f9b0b2cc1:c2687, 1d8d2908-dfb4-4358-9c6e-64b435d6fccc:c2689]
2019-07-03 07:08:14,555 INFO  client.GrpcClientProtocolClient (GrpcClientProtocolClient.java:onNext(254)) - client-253D2503C21A->6571ba41-d309-4d1d-a321-129a77bf1602: receive RaftClientReply:client-253D2503C21A->6571ba41-d309-4d1d-a321-129a77bf1602@group-6D4C5FD51127, cid=1814, SUCCESS, logIndex=0, commits[6571ba41-d309-4d1d-a321-129a77bf1602:c2693, 75e8c5ea-f06a-43e1-af6e-1f7f9b0b2cc1:c2689, 1d8d2908-dfb4-4358-9c6e-64b435d6fccc:c2690]
2019-07-03 07:08:14,576 INFO  client.GrpcClientProtocolClient (GrpcClientProtocolClient.java:onNext(254)) - client-253D2503C21A->6571ba41-d309-4d1d-a321-129a77bf1602: receive RaftClientReply:client-253D2503C21A->6571ba41-d309-4d1d-a321-129a77bf1602@group-6D4C5FD51127, cid=1815, SUCCESS, logIndex=2695, commits[6571ba41-d309-4d1d-a321-129a77bf1602:c2695, 75e8c5ea-f06a-43e1-af6e-1f7f9b0b2cc1:c2694, 1d8d2908-dfb4-4358-9c6e-64b435d6fccc:c2694]
2019-07-03 07:08:14,590 INFO  client.GrpcClientProtocolClient (GrpcClientProtocolClient.java:onNext(254)) - client-253D2503C21A->6571ba41-d309-4d1d-a321-129a77bf1602: receive RaftClientReply:client-253D2503C21A->6571ba41-d309-4d1d-a321-129a77bf1602@group-6D4C5FD51127, cid=1816, SUCCESS, logIndex=2697, commits[6571ba41-d309-4d1d-a321-129a77bf1602:c2697, 75e8c5ea-f06a-43e1-af6e-1f7f9b0b2cc1:c2695, 1d8d2908-dfb4-4358-9c6e-64b435d6fccc:c2695]
2019-07-03 07:08:14,623 INFO  client.GrpcClientProtocolClient (GrpcClientProtocolClient.java:onNext(254)) - client-253D2503C21A->6571ba41-d309-4d1d-a321-129a77bf1602: receive RaftClientReply:client-253D2503C21A->6571ba41-d309-4d1d-a321-129a77bf1602@group-6D4C5FD51127, cid=1817, SUCCESS, logIndex=2699, commits[6571ba41-d309-4d1d-a321-129a77bf1602:c2699, 75e8c5ea-f06a-43e1-af6e-1f7f9b0b2cc1:c2698, 1d8d2908-dfb4-4358-9c6e-64b435d6fccc:c2698]
2019-07-03 07:08:14,623 INFO  storage.RaftLogWorker (RaftLogWorker.java:rollLogSegment(303)) - 6571ba41-d309-4d1d-a321-129a77bf1602-RaftLogWorker: Rolling segment log-2621_2700 to index:2700
2019-07-03 07:08:14,624 INFO  storage.RaftLogWorker (RaftLogWorker.java:rollLogSegment(303)) - 1d8d2908-dfb4-4358-9c6e-64b435d6fccc-RaftLogWorker: Rolling segment log-2621_2700 to index:2700
2019-07-03 07:08:14,624 INFO  storage.RaftLogWorker (RaftLogWorker.java:rollLogSegment(303)) - 75e8c5ea-f06a-43e1-af6e-1f7f9b0b2cc1-RaftLogWorker: Rolling segment log-2621_2700 to index:2700
2019-07-03 07:08:14,634 INFO  storage.RaftLogWorker (RaftLogWorker.java:execute(433)) - 6571ba41-d309-4d1d-a321-129a77bf1602-RaftLogWorker: Rolled log segment from /opt/src/hadoop-ozone/tools/target/test-dir/MiniOzoneClusterImpl-0519545d-318d-4c21-a2a0-688f18f8a31d/datanode-4/data/ratis/23ffc2a4-5526-4092-9dc4-6d4c5fd51127/current/log_inprogress_2621 to /opt/src/hadoop-ozone/tools/target/test-dir/MiniOzoneClusterImpl-0519545d-318d-4c21-a2a0-688f18f8a31d/datanode-4/data/ratis/23ffc2a4-5526-4092-9dc4-6d4c5fd51127/current/log_2621-2700
2019-07-03 07:08:14,635 INFO  storage.RaftLogWorker (RaftLogWorker.java:execute(433)) - 1d8d2908-dfb4-4358-9c6e-64b435d6fccc-RaftLogWorker: Rolled log segment from /opt/src/hadoop-ozone/tools/target/test-dir/MiniOzoneClusterImpl-0519545d-318d-4c21-a2a0-688f18f8a31d/datanode-2/data/ratis/23ffc2a4-5526-4092-9dc4-6d4c5fd51127/current/log_inprogress_2621 to /opt/src/hadoop-ozone/tools/target/test-dir/MiniOzoneClusterImpl-0519545d-318d-4c21-a2a0-688f18f8a31d/datanode-2/data/ratis/23ffc2a4-5526-4092-9dc4-6d4c5fd51127/current/log_2621-2700
2019-07-03 07:08:14,635 INFO  storage.RaftLogWorker (RaftLogWorker.java:execute(433)) - 75e8c5ea-f06a-43e1-af6e-1f7f9b0b2cc1-RaftLogWorker: Rolled log segment from /opt/src/hadoop-ozone/tools/target/test-dir/MiniOzoneClusterImpl-0519545d-318d-4c21-a2a0-688f18f8a31d/datanode-1/data/ratis/23ffc2a4-5526-4092-9dc4-6d4c5fd51127/current/log_inprogress_2621 to /opt/src/hadoop-ozone/tools/target/test-dir/MiniOzoneClusterImpl-0519545d-318d-4c21-a2a0-688f18f8a31d/datanode-1/data/ratis/23ffc2a4-5526-4092-9dc4-6d4c5fd51127/current/log_2621-2700
2019-07-03 07:08:14,682 INFO  storage.RaftLogWorker (RaftLogWorker.java:execute(469)) - 6571ba41-d309-4d1d-a321-129a77bf1602-RaftLogWorker: created new log segment /opt/src/hadoop-ozone/tools/target/test-dir/MiniOzoneClusterImpl-0519545d-318d-4c21-a2a0-688f18f8a31d/datanode-4/data/ratis/23ffc2a4-5526-4092-9dc4-6d4c5fd51127/current/log_inprogress_2701
2019-07-03 07:08:14,682 INFO  storage.RaftLogWorker (RaftLogWorker.java:execute(469)) - 1d8d2908-dfb4-4358-9c6e-64b435d6fccc-RaftLogWorker: created new log segment /opt/src/hadoop-ozone/tools/target/test-dir/MiniOzoneClusterImpl-0519545d-318d-4c21-a2a0-688f18f8a31d/datanode-2/data/ratis/23ffc2a4-5526-4092-9dc4-6d4c5fd51127/current/log_inprogress_2701
2019-07-03 07:08:14,682 INFO  storage.RaftLogWorker (RaftLogWorker.java:execute(469)) - 75e8c5ea-f06a-43e1-af6e-1f7f9b0b2cc1-RaftLogWorker: created new log segment /opt/src/hadoop-ozone/tools/target/test-dir/MiniOzoneClusterImpl-0519545d-318d-4c21-a2a0-688f18f8a31d/datanode-1/data/ratis/23ffc2a4-5526-4092-9dc4-6d4c5fd51127/current/log_inprogress_2701
2019-07-03 07:08:14,686 INFO  client.GrpcClientProtocolClient (GrpcClientProtocolClient.java:onNext(254)) - client-253D2503C21A->6571ba41-d309-4d1d-a321-129a77bf1602: receive RaftClientReply:client-253D2503C21A->6571ba41-d309-4d1d-a321-129a77bf1602@group-6D4C5FD51127, cid=1818, SUCCESS, logIndex=2701, commits[6571ba41-d309-4d1d-a321-129a77bf1602:c2701, 75e8c5ea-f06a-43e1-af6e-1f7f9b0b2cc1:c2699, 1d8d2908-dfb4-4358-9c6e-64b435d6fccc:c2699]
2019-07-03 07:08:14,698 INFO  client.GrpcClientProtocolClient (GrpcClientProtocolClient.java:onNext(254)) - client-253D2503C21A->6571ba41-d309-4d1d-a321-129a77bf1602: receive RaftClientReply:client-253D2503C21A->6571ba41-d309-4d1d-a321-129a77bf1602@group-6D4C5FD51127, cid=1819, SUCCESS, logIndex=0, commits[6571ba41-d309-4d1d-a321-129a77bf1602:c2702, 75e8c5ea-f06a-43e1-af6e-1f7f9b0b2cc1:c2701, 1d8d2908-dfb4-4358-9c6e-64b435d6fccc:c2701]
 0.00% |█                                                                                                    |  0/1 Time: 0:00:222019-07-03 07:08:14,732 INFO  client.GrpcClientProtocolClient (GrpcClientProtocolClient.java:onNext(254)) - client-253D2503C21A->6571ba41-d309-4d1d-a321-129a77bf1602: receive RaftClientReply:client-253D2503C21A->6571ba41-d309-4d1d-a321-129a77bf1602@group-6D4C5FD51127, cid=1820, SUCCESS, logIndex=2703, commits[6571ba41-d309-4d1d-a321-129a77bf1602:c2703, 75e8c5ea-f06a-43e1-af6e-1f7f9b0b2cc1:c2702, 1d8d2908-dfb4-4358-9c6e-64b435d6fccc:c2702]
2019-07-03 07:08:14,745 INFO  client.GrpcClientProtocolClient (GrpcClientProtocolClient.java:onNext(254)) - client-253D2503C21A->6571ba41-d309-4d1d-a321-129a77bf1602: receive RaftClientReply:client-253D2503C21A->6571ba41-d309-4d1d-a321-129a77bf1602@group-6D4C5FD51127, cid=1821, SUCCESS, logIndex=2705, commits[6571ba41-d309-4d1d-a321-129a77bf1602:c2706, 75e8c5ea-f06a-43e1-af6e-1f7f9b0b2cc1:c2703, 1d8d2908-dfb4-4358-9c6e-64b435d6fccc:c2703]
2019-07-03 07:08:14,745 INFO  client.GrpcClientProtocolClient (GrpcClientProtocolClient.java:onNext(254)) - client-253D2503C21A->6571ba41-d309-4d1d-a321-129a77bf1602: receive RaftClientReply:client-253D2503C21A->6571ba41-d309-4d1d-a321-129a77bf1602@group-6D4C5FD51127, cid=1822, SUCCESS, logIndex=2706, commits[6571ba41-d309-4d1d-a321-129a77bf1602:c2706, 75e8c5ea-f06a-43e1-af6e-1f7f9b0b2cc1:c2703, 1d8d2908-dfb4-4358-9c6e-64b435d6fccc:c2703]
2019-07-03 07:08:14,746 INFO  client.GrpcClientProtocolClient (GrpcClientProtocolClient.java:onNext(254)) - client-253D2503C21A->6571ba41-d309-4d1d-a321-129a77bf1602: receive RaftClientReply:client-253D2503C21A->6571ba41-d309-4d1d-a321-129a77bf1602@group-6D4C5FD51127, cid=1823, SUCCESS, logIndex=2707, commits[6571ba41-d309-4d1d-a321-129a77bf1602:c2707, 75e8c5ea-f06a-43e1-af6e-1f7f9b0b2cc1:c2703, 1d8d2908-dfb4-4358-9c6e-64b435d6fccc:c2703]
2019-07-03 07:08:14,747 INFO  client.GrpcClientProtocolClient (GrpcClientProtocolClient.java:onNext(254)) - client-253D2503C21A->6571ba41-d309-4d1d-a321-129a77bf1602: receive RaftClientReply:client-253D2503C21A->6571ba41-d309-4d1d-a321-129a77bf1602@group-6D4C5FD51127, cid=1824, SUCCESS, logIndex=0, commits[6571ba41-d309-4d1d-a321-129a77bf1602:c2709, 75e8c5ea-f06a-43e1-af6e-1f7f9b0b2cc1:c2705, 1d8d2908-dfb4-4358-9c6e-64b435d6fccc:c2706]
2019-07-03 07:08:14,770 INFO  client.GrpcClientProtocolClient (GrpcClientProtocolClient.java:onNext(254)) - client-253D2503C21A->6571ba41-d309-4d1d-a321-129a77bf1602: receive RaftClientReply:client-253D2503C21A->6571ba41-d309-4d1d-a321-129a77bf1602@group-6D4C5FD51127, cid=1825, SUCCESS, logIndex=2711, commits[6571ba41-d309-4d1d-a321-129a77bf1602:c2711, 75e8c5ea-f06a-43e1-af6e-1f7f9b0b2cc1:c2710, 1d8d2908-dfb4-4358-9c6e-64b435d6fccc:c2710]
2019-07-03 07:08:14,783 INFO  client.GrpcClientProtocolClient (GrpcClientProtocolClient.java:onNext(254)) - client-253D2503C21A->6571ba41-d309-4d1d-a321-129a77bf1602: receive RaftClientReply:client-253D2503C21A->6571ba41-d309-4d1d-a321-129a77bf1602@group-6D4C5FD51127, cid=1826, SUCCESS, logIndex=2713, commits[6571ba41-d309-4d1d-a321-129a77bf1602:c2713, 75e8c5ea-f06a-43e1-af6e-1f7f9b0b2cc1:c2711, 1d8d2908-dfb4-4358-9c6e-64b435d6fccc:c2711]
2019-07-03 07:08:14,909 INFO  client.GrpcClientProtocolClient (GrpcClientProtocolClient.java:onNext(254)) - client-253D2503C21A->6571ba41-d309-4d1d-a321-129a77bf1602: receive RaftClientReply:client-253D2503C21A->6571ba41-d309-4d1d-a321-129a77bf1602@group-6D4C5FD51127, cid=1827, SUCCESS, logIndex=2715, commits[6571ba41-d309-4d1d-a321-129a77bf1602:c2715, 75e8c5ea-f06a-43e1-af6e-1f7f9b0b2cc1:c2713, 1d8d2908-dfb4-4358-9c6e-64b435d6fccc:c2713]
2019-07-03 07:08:14,922 INFO  client.GrpcClientProtocolClient (GrpcClientProtocolClient.java:onNext(254)) - client-253D2503C21A->6571ba41-d309-4d1d-a321-129a77bf1602: receive RaftClientReply:client-253D2503C21A->6571ba41-d309-4d1d-a321-129a77bf1602@group-6D4C5FD51127, cid=1828, SUCCESS, logIndex=2717, commits[6571ba41-d309-4d1d-a321-129a77bf1602:c2717, 75e8c5ea-f06a-43e1-af6e-1f7f9b0b2cc1:c2715, 1d8d2908-dfb4-4358-9c6e-64b435d6fccc:c2715]
2019-07-03 07:08:14,933 INFO  client.GrpcClientProtocolClient (GrpcClientProtocolClient.java:onNext(254)) - client-253D2503C21A->6571ba41-d309-4d1d-a321-129a77bf1602: receive RaftClientReply:client-253D2503C21A->6571ba41-d309-4d1d-a321-129a77bf1602@group-6D4C5FD51127, cid=1829, SUCCESS, logIndex=0, commits[6571ba41-d309-4d1d-a321-129a77bf1602:c2717, 75e8c5ea-f06a-43e1-af6e-1f7f9b0b2cc1:c2717, 1d8d2908-dfb4-4358-9c6e-64b435d6fccc:c2717]
2019-07-03 07:08:14,965 INFO  client.GrpcClientProtocolClient (GrpcClientProtocolClient.java:onNext(254)) - client-253D2503C21A->6571ba41-d309-4d1d-a321-129a77bf1602: receive RaftClientReply:client-253D2503C21A->6571ba41-d309-4d1d-a321-129a77bf1602@group-6D4C5FD51127, cid=1830, SUCCESS, logIndex=2719, commits[6571ba41-d309-4d1d-a321-129a77bf1602:c2719, 75e8c5ea-f06a-43e1-af6e-1f7f9b0b2cc1:c2718, 1d8d2908-dfb4-4358-9c6e-64b435d6fccc:c2718]
2019-07-03 07:08:14,978 INFO  client.GrpcClientProtocolClient (GrpcClientProtocolClient.java:onNext(254)) - client-253D2503C21A->6571ba41-d309-4d1d-a321-129a77bf1602: receive RaftClientReply:client-253D2503C21A->6571ba41-d309-4d1d-a321-129a77bf1602@group-6D4C5FD51127, cid=1831, SUCCESS, logIndex=2721, commits[6571ba41-d309-4d1d-a321-129a77bf1602:c2722, 75e8c5ea-f06a-43e1-af6e-1f7f9b0b2cc1:c2719, 1d8d2908-dfb4-4358-9c6e-64b435d6fccc:c2719]
2019-07-03 07:08:14,978 INFO  client.GrpcClientProtocolClient (GrpcClientProtocolClient.java:onNext(254)) - client-253D2503C21A->6571ba41-d309-4d1d-a321-129a77bf1602: receive RaftClientReply:client-253D2503C21A->6571ba41-d309-4d1d-a321-129a77bf1602@group-6D4C5FD51127, cid=1832, SUCCESS, logIndex=2722, commits[6571ba41-d309-4d1d-a321-129a77bf1602:c2722, 75e8c5ea-f06a-43e1-af6e-1f7f9b0b2cc1:c2719, 1d8d2908-dfb4-4358-9c6e-64b435d6fccc:c2719]
2019-07-03 07:08:14,989 INFO  client.GrpcClientProtocolClient (GrpcClientProtocolClient.java:onNext(254)) - client-253D2503C21A->6571ba41-d309-4d1d-a321-129a77bf1602: receive RaftClientReply:client-253D2503C21A->6571ba41-d309-4d1d-a321-129a77bf1602@group-6D4C5FD51127, cid=1833, SUCCESS, logIndex=2723, commits[6571ba41-d309-4d1d-a321-129a77bf1602:c2724, 75e8c5ea-f06a-43e1-af6e-1f7f9b0b2cc1:c2719, 1d8d2908-dfb4-4358-9c6e-64b435d6fccc:c2721]
2019-07-03 07:08:14,991 INFO  client.GrpcClientProtocolClient (GrpcClientProtocolClient.java:onNext(254)) - client-253D2503C21A->6571ba41-d309-4d1d-a321-129a77bf1602: receive RaftClientReply:client-253D2503C21A->6571ba41-d309-4d1d-a321-129a77bf1602@group-6D4C5FD51127, cid=1834, SUCCESS, logIndex=0, commits[6571ba41-d309-4d1d-a321-129a77bf1602:c2725, 75e8c5ea-f06a-43e1-af6e-1f7f9b0b2cc1:c2722, 1d8d2908-dfb4-4358-9c6e-64b435d6fccc:c2722]
2019-07-03 07:08:15,014 INFO  client.GrpcClientProtocolClient (GrpcClientProtocolClient.java:onNext(254)) - client-253D2503C21A->6571ba41-d309-4d1d-a321-129a77bf1602: receive RaftClientReply:client-253D2503C21A->6571ba41-d309-4d1d-a321-129a77bf1602@group-6D4C5FD51127, cid=1835, SUCCESS, logIndex=2727, commits[6571ba41-d309-4d1d-a321-129a77bf1602:c2727, 75e8c5ea-f06a-43e1-af6e-1f7f9b0b2cc1:c2726, 1d8d2908-dfb4-4358-9c6e-64b435d6fccc:c2726]
2019-07-03 07:08:15,028 INFO  client.GrpcClientProtocolClient (GrpcClientProtocolClient.java:onNext(254)) - client-253D2503C21A->6571ba41-d309-4d1d-a321-129a77bf1602: receive RaftClientReply:client-253D2503C21A->6571ba41-d309-4d1d-a321-129a77bf1602@group-6D4C5FD51127, cid=1836, SUCCESS, logIndex=2729, commits[6571ba41-d309-4d1d-a321-129a77bf1602:c2729, 75e8c5ea-f06a-43e1-af6e-1f7f9b0b2cc1:c2727, 1d8d2908-dfb4-4358-9c6e-64b435d6fccc:c2727]
2019-07-03 07:08:15,053 INFO  client.GrpcClientProtocolClient (GrpcClientProtocolClient.java:onNext(254)) - client-253D2503C21A->6571ba41-d309-4d1d-a321-129a77bf1602: receive RaftClientReply:client-253D2503C21A->6571ba41-d309-4d1d-a321-129a77bf1602@group-6D4C5FD51127, cid=1837, SUCCESS, logIndex=2731, commits[6571ba41-d309-4d1d-a321-129a77bf1602:c2731, 75e8c5ea-f06a-43e1-af6e-1f7f9b0b2cc1:c2729, 1d8d2908-dfb4-4358-9c6e-64b435d6fccc:c2729]
2019-07-03 07:08:15,056 INFO  client.GrpcClientProtocolClient (GrpcClientProtocolClient.java:onNext(254)) - client-253D2503C21A->6571ba41-d309-4d1d-a321-129a77bf1602: receive RaftClientReply:client-253D2503C21A->6571ba41-d309-4d1d-a321-129a77bf1602@group-6D4C5FD51127, cid=1838, SUCCESS, logIndex=2733, commits[6571ba41-d309-4d1d-a321-129a77bf1602:c2733, 75e8c5ea-f06a-43e1-af6e-1f7f9b0b2cc1:c2731, 1d8d2908-dfb4-4358-9c6e-64b435d6fccc:c2731]
2019-07-03 07:08:15,068 INFO  client.GrpcClientProtocolClient (GrpcClientProtocolClient.java:onNext(254)) - client-253D2503C21A->6571ba41-d309-4d1d-a321-129a77bf1602: receive RaftClientReply:client-253D2503C21A->6571ba41-d309-4d1d-a321-129a77bf1602@group-6D4C5FD51127, cid=1839, SUCCESS, logIndex=0, commits[6571ba41-d309-4d1d-a321-129a77bf1602:c2733, 75e8c5ea-f06a-43e1-af6e-1f7f9b0b2cc1:c2733, 1d8d2908-dfb4-4358-9c6e-64b435d6fccc:c2733]
2019-07-03 07:08:15,100 INFO  client.GrpcClientProtocolClient (GrpcClientProtocolClient.java:onNext(254)) - client-253D2503C21A->6571ba41-d309-4d1d-a321-129a77bf1602: receive RaftClientReply:client-253D2503C21A->6571ba41-d309-4d1d-a321-129a77bf1602@group-6D4C5FD51127, cid=1840, SUCCESS, logIndex=2735, commits[6571ba41-d309-4d1d-a321-129a77bf1602:c2735, 75e8c5ea-f06a-43e1-af6e-1f7f9b0b2cc1:c2734, 1d8d2908-dfb4-4358-9c6e-64b435d6fccc:c2734]
2019-07-03 07:08:15,104 INFO  client.GrpcClientProtocolClient (GrpcClientProtocolClient.java:onNext(254)) - client-253D2503C21A->6571ba41-d309-4d1d-a321-129a77bf1602: receive RaftClientReply:client-253D2503C21A->6571ba41-d309-4d1d-a321-129a77bf1602@group-6D4C5FD51127, cid=1841, SUCCESS, logIndex=2737, commits[6571ba41-d309-4d1d-a321-129a77bf1602:c2737, 75e8c5ea-f06a-43e1-af6e-1f7f9b0b2cc1:c2735, 1d8d2908-dfb4-4358-9c6e-64b435d6fccc:c2735]
2019-07-03 07:08:15,107 INFO  client.GrpcClientProtocolClient (GrpcClientProtocolClient.java:onNext(254)) - client-253D2503C21A->6571ba41-d309-4d1d-a321-129a77bf1602: receive RaftClientReply:client-253D2503C21A->6571ba41-d309-4d1d-a321-129a77bf1602@group-6D4C5FD51127, cid=1842, SUCCESS, logIndex=2738, commits[6571ba41-d309-4d1d-a321-129a77bf1602:c2739, 75e8c5ea-f06a-43e1-af6e-1f7f9b0b2cc1:c2735, 1d8d2908-dfb4-4358-9c6e-64b435d6fccc:c2735]
2019-07-03 07:08:15,107 INFO  client.GrpcClientProtocolClient (GrpcClientProtocolClient.java:onNext(254)) - client-253D2503C21A->6571ba41-d309-4d1d-a321-129a77bf1602: receive RaftClientReply:client-253D2503C21A->6571ba41-d309-4d1d-a321-129a77bf1602@group-6D4C5FD51127, cid=1843, SUCCESS, logIndex=2739, commits[6571ba41-d309-4d1d-a321-129a77bf1602:c2739, 75e8c5ea-f06a-43e1-af6e-1f7f9b0b2cc1:c2735, 1d8d2908-dfb4-4358-9c6e-64b435d6fccc:c2735]
2019-07-03 07:08:15,108 INFO  client.GrpcClientProtocolClient (GrpcClientProtocolClient.java:onNext(254)) - client-253D2503C21A->6571ba41-d309-4d1d-a321-129a77bf1602: receive RaftClientReply:client-253D2503C21A->6571ba41-d309-4d1d-a321-129a77bf1602@group-6D4C5FD51127, cid=1844, SUCCESS, logIndex=0, commits[6571ba41-d309-4d1d-a321-129a77bf1602:c2741, 75e8c5ea-f06a-43e1-af6e-1f7f9b0b2cc1:c2739, 1d8d2908-dfb4-4358-9c6e-64b435d6fccc:c2739]
2019-07-03 07:08:15,134 INFO  client.GrpcClientProtocolClient (GrpcClientProtocolClient.java:onNext(254)) - client-253D2503C21A->6571ba41-d309-4d1d-a321-129a77bf1602: receive RaftClientReply:client-253D2503C21A->6571ba41-d309-4d1d-a321-129a77bf1602@group-6D4C5FD51127, cid=1845, SUCCESS, logIndex=2743, commits[6571ba41-d309-4d1d-a321-129a77bf1602:c2743, 75e8c5ea-f06a-43e1-af6e-1f7f9b0b2cc1:c2742, 1d8d2908-dfb4-4358-9c6e-64b435d6fccc:c2742]
2019-07-03 07:08:15,148 INFO  client.GrpcClientProtocolClient (GrpcClientProtocolClient.java:onNext(254)) - client-253D2503C21A->6571ba41-d309-4d1d-a321-129a77bf1602: receive RaftClientReply:client-253D2503C21A->6571ba41-d309-4d1d-a321-129a77bf1602@group-6D4C5FD51127, cid=1846, SUCCESS, logIndex=2745, commits[6571ba41-d309-4d1d-a321-129a77bf1602:c2745, 75e8c5ea-f06a-43e1-af6e-1f7f9b0b2cc1:c2743, 1d8d2908-dfb4-4358-9c6e-64b435d6fccc:c2743]
2019-07-03 07:08:15,170 INFO  client.GrpcClientProtocolClient (GrpcClientProtocolClient.java:onNext(254)) - client-253D2503C21A->6571ba41-d309-4d1d-a321-129a77bf1602: receive RaftClientReply:client-253D2503C21A->6571ba41-d309-4d1d-a321-129a77bf1602@group-6D4C5FD51127, cid=1847, SUCCESS, logIndex=2747, commits[6571ba41-d309-4d1d-a321-129a77bf1602:c2747, 75e8c5ea-f06a-43e1-af6e-1f7f9b0b2cc1:c2745, 1d8d2908-dfb4-4358-9c6e-64b435d6fccc:c2745]
2019-07-03 07:08:15,183 INFO  client.GrpcClientProtocolClient (GrpcClientProtocolClient.java:onNext(254)) - client-253D2503C21A->6571ba41-d309-4d1d-a321-129a77bf1602: receive RaftClientReply:client-253D2503C21A->6571ba41-d309-4d1d-a321-129a77bf1602@group-6D4C5FD51127, cid=1848, SUCCESS, logIndex=2749, commits[6571ba41-d309-4d1d-a321-129a77bf1602:c2749, 75e8c5ea-f06a-43e1-af6e-1f7f9b0b2cc1:c2747, 1d8d2908-dfb4-4358-9c6e-64b435d6fccc:c2747]
2019-07-03 07:08:15,195 INFO  client.GrpcClientProtocolClient (GrpcClientProtocolClient.java:onNext(254)) - client-253D2503C21A->6571ba41-d309-4d1d-a321-129a77bf1602: receive RaftClientReply:client-253D2503C21A->6571ba41-d309-4d1d-a321-129a77bf1602@group-6D4C5FD51127, cid=1849, SUCCESS, logIndex=0, commits[6571ba41-d309-4d1d-a321-129a77bf1602:c2750, 75e8c5ea-f06a-43e1-af6e-1f7f9b0b2cc1:c2749, 1d8d2908-dfb4-4358-9c6e-64b435d6fccc:c2749]
2019-07-03 07:08:15,223 INFO  client.GrpcClientProtocolClient (GrpcClientProtocolClient.java:onNext(254)) - client-253D2503C21A->6571ba41-d309-4d1d-a321-129a77bf1602: receive RaftClientReply:client-253D2503C21A->6571ba41-d309-4d1d-a321-129a77bf1602@group-6D4C5FD51127, cid=1850, SUCCESS, logIndex=2751, commits[6571ba41-d309-4d1d-a321-129a77bf1602:c2751, 75e8c5ea-f06a-43e1-af6e-1f7f9b0b2cc1:c2750, 1d8d2908-dfb4-4358-9c6e-64b435d6fccc:c2750]
2019-07-03 07:08:15,235 INFO  client.GrpcClientProtocolClient (GrpcClientProtocolClient.java:onNext(254)) - client-253D2503C21A->6571ba41-d309-4d1d-a321-129a77bf1602: receive RaftClientReply:client-253D2503C21A->6571ba41-d309-4d1d-a321-129a77bf1602@group-6D4C5FD51127, cid=1851, SUCCESS, logIndex=2753, commits[6571ba41-d309-4d1d-a321-129a77bf1602:c2753, 75e8c5ea-f06a-43e1-af6e-1f7f9b0b2cc1:c2751, 1d8d2908-dfb4-4358-9c6e-64b435d6fccc:c2751]
2019-07-03 07:08:15,236 INFO  client.GrpcClientProtocolClient (GrpcClientProtocolClient.java:onNext(254)) - client-253D2503C21A->6571ba41-d309-4d1d-a321-129a77bf1602: receive RaftClientReply:client-253D2503C21A->6571ba41-d309-4d1d-a321-129a77bf1602@group-6D4C5FD51127, cid=1852, SUCCESS, logIndex=2754, commits[6571ba41-d309-4d1d-a321-129a77bf1602:c2754, 75e8c5ea-f06a-43e1-af6e-1f7f9b0b2cc1:c2751, 1d8d2908-dfb4-4358-9c6e-64b435d6fccc:c2751]
2019-07-03 07:08:15,236 INFO  client.GrpcClientProtocolClient (GrpcClientProtocolClient.java:onNext(254)) - client-253D2503C21A->6571ba41-d309-4d1d-a321-129a77bf1602: receive RaftClientReply:client-253D2503C21A->6571ba41-d309-4d1d-a321-129a77bf1602@group-6D4C5FD51127, cid=1853, SUCCESS, logIndex=2755, commits[6571ba41-d309-4d1d-a321-129a77bf1602:c2755, 75e8c5ea-f06a-43e1-af6e-1f7f9b0b2cc1:c2751, 1d8d2908-dfb4-4358-9c6e-64b435d6fccc:c2751]
2019-07-03 07:08:15,237 INFO  client.GrpcClientProtocolClient (GrpcClientProtocolClient.java:onNext(254)) - client-253D2503C21A->6571ba41-d309-4d1d-a321-129a77bf1602: receive RaftClientReply:client-253D2503C21A->6571ba41-d309-4d1d-a321-129a77bf1602@group-6D4C5FD51127, cid=1854, SUCCESS, logIndex=0, commits[6571ba41-d309-4d1d-a321-129a77bf1602:c2756, 75e8c5ea-f06a-43e1-af6e-1f7f9b0b2cc1:c2753, 1d8d2908-dfb4-4358-9c6e-64b435d6fccc:c2754]
2019-07-03 07:08:15,258 INFO  client.GrpcClientProtocolClient (GrpcClientProtocolClient.java:onNext(254)) - client-253D2503C21A->6571ba41-d309-4d1d-a321-129a77bf1602: receive RaftClientReply:client-253D2503C21A->6571ba41-d309-4d1d-a321-129a77bf1602@group-6D4C5FD51127, cid=1855, SUCCESS, logIndex=2759, commits[6571ba41-d309-4d1d-a321-129a77bf1602:c2759, 75e8c5ea-f06a-43e1-af6e-1f7f9b0b2cc1:c2758, 1d8d2908-dfb4-4358-9c6e-64b435d6fccc:c2758]
2019-07-03 07:08:15,272 INFO  client.GrpcClientProtocolClient (GrpcClientProtocolClient.java:onNext(254)) - client-253D2503C21A->6571ba41-d309-4d1d-a321-129a77bf1602: receive RaftClientReply:client-253D2503C21A->6571ba41-d309-4d1d-a321-129a77bf1602@group-6D4C5FD51127, cid=1856, SUCCESS, logIndex=2761, commits[6571ba41-d309-4d1d-a321-129a77bf1602:c2761, 75e8c5ea-f06a-43e1-af6e-1f7f9b0b2cc1:c2759, 1d8d2908-dfb4-4358-9c6e-64b435d6fccc:c2759]
2019-07-03 07:08:15,285 INFO  client.GrpcClientProtocolClient (GrpcClientProtocolClient.java:onNext(254)) - client-253D2503C21A->6571ba41-d309-4d1d-a321-129a77bf1602: receive RaftClientReply:client-253D2503C21A->6571ba41-d309-4d1d-a321-129a77bf1602@group-6D4C5FD51127, cid=1857, SUCCESS, logIndex=2763, commits[6571ba41-d309-4d1d-a321-129a77bf1602:c2763, 75e8c5ea-f06a-43e1-af6e-1f7f9b0b2cc1:c2761, 1d8d2908-dfb4-4358-9c6e-64b435d6fccc:c2761]
2019-07-03 07:08:15,287 INFO  client.GrpcClientProtocolClient (GrpcClientProtocolClient.java:onNext(254)) - client-253D2503C21A->6571ba41-d309-4d1d-a321-129a77bf1602: receive RaftClientReply:client-253D2503C21A->6571ba41-d309-4d1d-a321-129a77bf1602@group-6D4C5FD51127, cid=1858, SUCCESS, logIndex=2765, commits[6571ba41-d309-4d1d-a321-129a77bf1602:c2765, 75e8c5ea-f06a-43e1-af6e-1f7f9b0b2cc1:c2763, 1d8d2908-dfb4-4358-9c6e-64b435d6fccc:c2763]
2019-07-03 07:08:15,299 INFO  client.GrpcClientProtocolClient (GrpcClientProtocolClient.java:onNext(254)) - client-253D2503C21A->6571ba41-d309-4d1d-a321-129a77bf1602: receive RaftClientReply:client-253D2503C21A->6571ba41-d309-4d1d-a321-129a77bf1602@group-6D4C5FD51127, cid=1859, SUCCESS, logIndex=0, commits[6571ba41-d309-4d1d-a321-129a77bf1602:c2766, 75e8c5ea-f06a-43e1-af6e-1f7f9b0b2cc1:c2765, 1d8d2908-dfb4-4358-9c6e-64b435d6fccc:c2765]
2019-07-03 07:08:15,330 INFO  client.GrpcClientProtocolClient (GrpcClientProtocolClient.java:onNext(254)) - client-253D2503C21A->6571ba41-d309-4d1d-a321-129a77bf1602: receive RaftClientReply:client-253D2503C21A->6571ba41-d309-4d1d-a321-129a77bf1602@group-6D4C5FD51127, cid=1860, SUCCESS, logIndex=2767, commits[6571ba41-d309-4d1d-a321-129a77bf1602:c2767, 75e8c5ea-f06a-43e1-af6e-1f7f9b0b2cc1:c2766, 1d8d2908-dfb4-4358-9c6e-64b435d6fccc:c2766]
2019-07-03 07:08:15,342 INFO  client.GrpcClientProtocolClient (GrpcClientProtocolClient.java:onNext(254)) - client-253D2503C21A->6571ba41-d309-4d1d-a321-129a77bf1602: receive RaftClientReply:client-253D2503C21A->6571ba41-d309-4d1d-a321-129a77bf1602@group-6D4C5FD51127, cid=1861, SUCCESS, logIndex=2769, commits[6571ba41-d309-4d1d-a321-129a77bf1602:c2769, 75e8c5ea-f06a-43e1-af6e-1f7f9b0b2cc1:c2767, 1d8d2908-dfb4-4358-9c6e-64b435d6fccc:c2767]
2019-07-03 07:08:15,343 INFO  client.GrpcClientProtocolClient (GrpcClientProtocolClient.java:onNext(254)) - client-253D2503C21A->6571ba41-d309-4d1d-a321-129a77bf1602: receive RaftClientReply:client-253D2503C21A->6571ba41-d309-4d1d-a321-129a77bf1602@group-6D4C5FD51127, cid=1862, SUCCESS, logIndex=2770, commits[6571ba41-d309-4d1d-a321-129a77bf1602:c2770, 75e8c5ea-f06a-43e1-af6e-1f7f9b0b2cc1:c2767, 1d8d2908-dfb4-4358-9c6e-64b435d6fccc:c2767]
2019-07-03 07:08:15,343 INFO  client.GrpcClientProtocolClient (GrpcClientProtocolClient.java:onNext(254)) - client-253D2503C21A->6571ba41-d309-4d1d-a321-129a77bf1602: receive RaftClientReply:client-253D2503C21A->6571ba41-d309-4d1d-a321-129a77bf1602@group-6D4C5FD51127, cid=1863, SUCCESS, logIndex=2771, commits[6571ba41-d309-4d1d-a321-129a77bf1602:c2771, 75e8c5ea-f06a-43e1-af6e-1f7f9b0b2cc1:c2767, 1d8d2908-dfb4-4358-9c6e-64b435d6fccc:c2767]
2019-07-03 07:08:15,345 INFO  client.GrpcClientProtocolClient (GrpcClientProtocolClient.java:onNext(254)) - client-253D2503C21A->6571ba41-d309-4d1d-a321-129a77bf1602: receive RaftClientReply:client-253D2503C21A->6571ba41-d309-4d1d-a321-129a77bf1602@group-6D4C5FD51127, cid=1864, SUCCESS, logIndex=0, commits[6571ba41-d309-4d1d-a321-129a77bf1602:c2773, 75e8c5ea-f06a-43e1-af6e-1f7f9b0b2cc1:c2770, 1d8d2908-dfb4-4358-9c6e-64b435d6fccc:c2770]
2019-07-03 07:08:15,359 INFO  client.GrpcClientProtocolClient (GrpcClientProtocolClient.java:onNext(254)) - client-253D2503C21A->6571ba41-d309-4d1d-a321-129a77bf1602: receive RaftClientReply:client-253D2503C21A->6571ba41-d309-4d1d-a321-129a77bf1602@group-6D4C5FD51127, cid=1865, SUCCESS, logIndex=2775, commits[6571ba41-d309-4d1d-a321-129a77bf1602:c2775, 75e8c5ea-f06a-43e1-af6e-1f7f9b0b2cc1:c2771, 1d8d2908-dfb4-4358-9c6e-64b435d6fccc:c2774]
2019-07-03 07:08:15,362 INFO  client.GrpcClientProtocolClient (GrpcClientProtocolClient.java:onNext(254)) - client-253D2503C21A->6571ba41-d309-4d1d-a321-129a77bf1602: receive RaftClientReply:client-253D2503C21A->6571ba41-d309-4d1d-a321-129a77bf1602@group-6D4C5FD51127, cid=1866, SUCCESS, logIndex=2777, commits[6571ba41-d309-4d1d-a321-129a77bf1602:c2777, 75e8c5ea-f06a-43e1-af6e-1f7f9b0b2cc1:c2775, 1d8d2908-dfb4-4358-9c6e-64b435d6fccc:c2775]
2019-07-03 07:08:15,387 INFO  client.GrpcClientProtocolClient (GrpcClientProtocolClient.java:onNext(254)) - client-253D2503C21A->6571ba41-d309-4d1d-a321-129a77bf1602: receive RaftClientReply:client-253D2503C21A->6571ba41-d309-4d1d-a321-129a77bf1602@group-6D4C5FD51127, cid=1867, SUCCESS, logIndex=2779, commits[6571ba41-d309-4d1d-a321-129a77bf1602:c2779, 75e8c5ea-f06a-43e1-af6e-1f7f9b0b2cc1:c2777, 1d8d2908-dfb4-4358-9c6e-64b435d6fccc:c2777]
2019-07-03 07:08:15,387 INFO  storage.RaftLogWorker (RaftLogWorker.java:rollLogSegment(303)) - 6571ba41-d309-4d1d-a321-129a77bf1602-RaftLogWorker: Rolling segment log-2701_2780 to index:2780
2019-07-03 07:08:15,388 INFO  storage.RaftLogWorker (RaftLogWorker.java:rollLogSegment(303)) - 1d8d2908-dfb4-4358-9c6e-64b435d6fccc-RaftLogWorker: Rolling segment log-2701_2780 to index:2780
2019-07-03 07:08:15,388 INFO  storage.RaftLogWorker (RaftLogWorker.java:rollLogSegment(303)) - 75e8c5ea-f06a-43e1-af6e-1f7f9b0b2cc1-RaftLogWorker: Rolling segment log-2701_2780 to index:2780
2019-07-03 07:08:15,398 INFO  storage.RaftLogWorker (RaftLogWorker.java:execute(433)) - 6571ba41-d309-4d1d-a321-129a77bf1602-RaftLogWorker: Rolled log segment from /opt/src/hadoop-ozone/tools/target/test-dir/MiniOzoneClusterImpl-0519545d-318d-4c21-a2a0-688f18f8a31d/datanode-4/data/ratis/23ffc2a4-5526-4092-9dc4-6d4c5fd51127/current/log_inprogress_2701 to /opt/src/hadoop-ozone/tools/target/test-dir/MiniOzoneClusterImpl-0519545d-318d-4c21-a2a0-688f18f8a31d/datanode-4/data/ratis/23ffc2a4-5526-4092-9dc4-6d4c5fd51127/current/log_2701-2780
2019-07-03 07:08:15,398 INFO  storage.RaftLogWorker (RaftLogWorker.java:execute(433)) - 75e8c5ea-f06a-43e1-af6e-1f7f9b0b2cc1-RaftLogWorker: Rolled log segment from /opt/src/hadoop-ozone/tools/target/test-dir/MiniOzoneClusterImpl-0519545d-318d-4c21-a2a0-688f18f8a31d/datanode-1/data/ratis/23ffc2a4-5526-4092-9dc4-6d4c5fd51127/current/log_inprogress_2701 to /opt/src/hadoop-ozone/tools/target/test-dir/MiniOzoneClusterImpl-0519545d-318d-4c21-a2a0-688f18f8a31d/datanode-1/data/ratis/23ffc2a4-5526-4092-9dc4-6d4c5fd51127/current/log_2701-2780
2019-07-03 07:08:15,398 INFO  storage.RaftLogWorker (RaftLogWorker.java:execute(433)) - 1d8d2908-dfb4-4358-9c6e-64b435d6fccc-RaftLogWorker: Rolled log segment from /opt/src/hadoop-ozone/tools/target/test-dir/MiniOzoneClusterImpl-0519545d-318d-4c21-a2a0-688f18f8a31d/datanode-2/data/ratis/23ffc2a4-5526-4092-9dc4-6d4c5fd51127/current/log_inprogress_2701 to /opt/src/hadoop-ozone/tools/target/test-dir/MiniOzoneClusterImpl-0519545d-318d-4c21-a2a0-688f18f8a31d/datanode-2/data/ratis/23ffc2a4-5526-4092-9dc4-6d4c5fd51127/current/log_2701-2780
2019-07-03 07:08:15,455 INFO  storage.RaftLogWorker (RaftLogWorker.java:execute(469)) - 6571ba41-d309-4d1d-a321-129a77bf1602-RaftLogWorker: created new log segment /opt/src/hadoop-ozone/tools/target/test-dir/MiniOzoneClusterImpl-0519545d-318d-4c21-a2a0-688f18f8a31d/datanode-4/data/ratis/23ffc2a4-5526-4092-9dc4-6d4c5fd51127/current/log_inprogress_2781
2019-07-03 07:08:15,455 INFO  storage.RaftLogWorker (RaftLogWorker.java:execute(469)) - 1d8d2908-dfb4-4358-9c6e-64b435d6fccc-RaftLogWorker: created new log segment /opt/src/hadoop-ozone/tools/target/test-dir/MiniOzoneClusterImpl-0519545d-318d-4c21-a2a0-688f18f8a31d/datanode-2/data/ratis/23ffc2a4-5526-4092-9dc4-6d4c5fd51127/current/log_inprogress_2781
2019-07-03 07:08:15,455 INFO  storage.RaftLogWorker (RaftLogWorker.java:execute(469)) - 75e8c5ea-f06a-43e1-af6e-1f7f9b0b2cc1-RaftLogWorker: created new log segment /opt/src/hadoop-ozone/tools/target/test-dir/MiniOzoneClusterImpl-0519545d-318d-4c21-a2a0-688f18f8a31d/datanode-1/data/ratis/23ffc2a4-5526-4092-9dc4-6d4c5fd51127/current/log_inprogress_2781
2019-07-03 07:08:15,470 INFO  client.GrpcClientProtocolClient (GrpcClientProtocolClient.java:onNext(254)) - client-253D2503C21A->6571ba41-d309-4d1d-a321-129a77bf1602: receive RaftClientReply:client-253D2503C21A->6571ba41-d309-4d1d-a321-129a77bf1602@group-6D4C5FD51127, cid=1868, SUCCESS, logIndex=2781, commits[6571ba41-d309-4d1d-a321-129a77bf1602:c2781, 75e8c5ea-f06a-43e1-af6e-1f7f9b0b2cc1:c2779, 1d8d2908-dfb4-4358-9c6e-64b435d6fccc:c2779]
2019-07-03 07:08:15,481 INFO  client.GrpcClientProtocolClient (GrpcClientProtocolClient.java:onNext(254)) - client-253D2503C21A->6571ba41-d309-4d1d-a321-129a77bf1602: receive RaftClientReply:client-253D2503C21A->6571ba41-d309-4d1d-a321-129a77bf1602@group-6D4C5FD51127, cid=1869, SUCCESS, logIndex=0, commits[6571ba41-d309-4d1d-a321-129a77bf1602:c2782, 75e8c5ea-f06a-43e1-af6e-1f7f9b0b2cc1:c2781, 1d8d2908-dfb4-4358-9c6e-64b435d6fccc:c2781]
2019-07-03 07:08:15,515 INFO  client.GrpcClientProtocolClient (GrpcClientProtocolClient.java:onNext(254)) - client-253D2503C21A->6571ba41-d309-4d1d-a321-129a77bf1602: receive RaftClientReply:client-253D2503C21A->6571ba41-d309-4d1d-a321-129a77bf1602@group-6D4C5FD51127, cid=1870, SUCCESS, logIndex=2783, commits[6571ba41-d309-4d1d-a321-129a77bf1602:c2783, 75e8c5ea-f06a-43e1-af6e-1f7f9b0b2cc1:c2782, 1d8d2908-dfb4-4358-9c6e-64b435d6fccc:c2782]
2019-07-03 07:08:15,527 INFO  client.GrpcClientProtocolClient (GrpcClientProtocolClient.java:onNext(254)) - client-253D2503C21A->6571ba41-d309-4d1d-a321-129a77bf1602: receive RaftClientReply:client-253D2503C21A->6571ba41-d309-4d1d-a321-129a77bf1602@group-6D4C5FD51127, cid=1871, SUCCESS, logIndex=2785, commits[6571ba41-d309-4d1d-a321-129a77bf1602:c2786, 75e8c5ea-f06a-43e1-af6e-1f7f9b0b2cc1:c2783, 1d8d2908-dfb4-4358-9c6e-64b435d6fccc:c2783]
2019-07-03 07:08:15,527 INFO  client.GrpcClientProtocolClient (GrpcClientProtocolClient.java:onNext(254)) - client-253D2503C21A->6571ba41-d309-4d1d-a321-129a77bf1602: receive RaftClientReply:client-253D2503C21A->6571ba41-d309-4d1d-a321-129a77bf1602@group-6D4C5FD51127, cid=1872, SUCCESS, logIndex=2786, commits[6571ba41-d309-4d1d-a321-129a77bf1602:c2787, 75e8c5ea-f06a-43e1-af6e-1f7f9b0b2cc1:c2783, 1d8d2908-dfb4-4358-9c6e-64b435d6fccc:c2783]
2019-07-03 07:08:15,528 INFO  client.GrpcClientProtocolClient (GrpcClientProtocolClient.java:onNext(254)) - client-253D2503C21A->6571ba41-d309-4d1d-a321-129a77bf1602: receive RaftClientReply:client-253D2503C21A->6571ba41-d309-4d1d-a321-129a77bf1602@group-6D4C5FD51127, cid=1873, SUCCESS, logIndex=2787, commits[6571ba41-d309-4d1d-a321-129a77bf1602:c2787, 75e8c5ea-f06a-43e1-af6e-1f7f9b0b2cc1:c2783, 1d8d2908-dfb4-4358-9c6e-64b435d6fccc:c2783]
2019-07-03 07:08:15,529 INFO  client.GrpcClientProtocolClient (GrpcClientProtocolClient.java:onNext(254)) - client-253D2503C21A->6571ba41-d309-4d1d-a321-129a77bf1602: receive RaftClientReply:client-253D2503C21A->6571ba41-d309-4d1d-a321-129a77bf1602@group-6D4C5FD51127, cid=1874, SUCCESS, logIndex=0, commits[6571ba41-d309-4d1d-a321-129a77bf1602:c2789, 75e8c5ea-f06a-43e1-af6e-1f7f9b0b2cc1:c2786, 1d8d2908-dfb4-4358-9c6e-64b435d6fccc:c2786]
2019-07-03 07:08:15,549 INFO  client.GrpcClientProtocolClient (GrpcClientProtocolClient.java:onNext(254)) - client-253D2503C21A->6571ba41-d309-4d1d-a321-129a77bf1602: receive RaftClientReply:client-253D2503C21A->6571ba41-d309-4d1d-a321-129a77bf1602@group-6D4C5FD51127, cid=1875, SUCCESS, logIndex=2791, commits[6571ba41-d309-4d1d-a321-129a77bf1602:c2791, 75e8c5ea-f06a-43e1-af6e-1f7f9b0b2cc1:c2790, 1d8d2908-dfb4-4358-9c6e-64b435d6fccc:c2790]
2019-07-03 07:08:15,562 INFO  client.GrpcClientProtocolClient (GrpcClientProtocolClient.java:onNext(254)) - client-253D2503C21A->6571ba41-d309-4d1d-a321-129a77bf1602: receive RaftClientReply:client-253D2503C21A->6571ba41-d309-4d1d-a321-129a77bf1602@group-6D4C5FD51127, cid=1876, SUCCESS, logIndex=2793, commits[6571ba41-d309-4d1d-a321-129a77bf1602:c2793, 75e8c5ea-f06a-43e1-af6e-1f7f9b0b2cc1:c2791, 1d8d2908-dfb4-4358-9c6e-64b435d6fccc:c2791]
2019-07-03 07:08:15,575 INFO  client.GrpcClientProtocolClient (GrpcClientProtocolClient.java:onNext(254)) - client-253D2503C21A->6571ba41-d309-4d1d-a321-129a77bf1602: receive RaftClientReply:client-253D2503C21A->6571ba41-d309-4d1d-a321-129a77bf1602@group-6D4C5FD51127, cid=1877, SUCCESS, logIndex=2795, commits[6571ba41-d309-4d1d-a321-129a77bf1602:c2795, 75e8c5ea-f06a-43e1-af6e-1f7f9b0b2cc1:c2793, 1d8d2908-dfb4-4358-9c6e-64b435d6fccc:c2793]
2019-07-03 07:08:15,578 INFO  client.GrpcClientProtocolClient (GrpcClientProtocolClient.java:onNext(254)) - client-253D2503C21A->6571ba41-d309-4d1d-a321-129a77bf1602: receive RaftClientReply:client-253D2503C21A->6571ba41-d309-4d1d-a321-129a77bf1602@group-6D4C5FD51127, cid=1878, SUCCESS, logIndex=2797, commits[6571ba41-d309-4d1d-a321-129a77bf1602:c2797, 75e8c5ea-f06a-43e1-af6e-1f7f9b0b2cc1:c2795, 1d8d2908-dfb4-4358-9c6e-64b435d6fccc:c2795]
2019-07-03 07:08:15,590 INFO  client.GrpcClientProtocolClient (GrpcClientProtocolClient.java:onNext(254)) - client-253D2503C21A->6571ba41-d309-4d1d-a321-129a77bf1602: receive RaftClientReply:client-253D2503C21A->6571ba41-d309-4d1d-a321-129a77bf1602@group-6D4C5FD51127, cid=1879, SUCCESS, logIndex=0, commits[6571ba41-d309-4d1d-a321-129a77bf1602:c2798, 75e8c5ea-f06a-43e1-af6e-1f7f9b0b2cc1:c2797, 1d8d2908-dfb4-4358-9c6e-64b435d6fccc:c2797]
2019-07-03 07:08:15,621 INFO  client.GrpcClientProtocolClient (GrpcClientProtocolClient.java:onNext(254)) - client-253D2503C21A->6571ba41-d309-4d1d-a321-129a77bf1602: receive RaftClientReply:client-253D2503C21A->6571ba41-d309-4d1d-a321-129a77bf1602@group-6D4C5FD51127, cid=1880, SUCCESS, logIndex=2799, commits[6571ba41-d309-4d1d-a321-129a77bf1602:c2799, 75e8c5ea-f06a-43e1-af6e-1f7f9b0b2cc1:c2798, 1d8d2908-dfb4-4358-9c6e-64b435d6fccc:c2798]
2019-07-03 07:08:15,647 INFO  client.GrpcClientProtocolClient (GrpcClientProtocolClient.java:onNext(254)) - client-253D2503C21A->6571ba41-d309-4d1d-a321-129a77bf1602: receive RaftClientReply:client-253D2503C21A->6571ba41-d309-4d1d-a321-129a77bf1602@group-6D4C5FD51127, cid=1881, SUCCESS, logIndex=2801, commits[6571ba41-d309-4d1d-a321-129a77bf1602:c2802, 75e8c5ea-f06a-43e1-af6e-1f7f9b0b2cc1:c2799, 1d8d2908-dfb4-4358-9c6e-64b435d6fccc:c2799]
2019-07-03 07:08:15,647 INFO  client.GrpcClientProtocolClient (GrpcClientProtocolClient.java:onNext(254)) - client-253D2503C21A->6571ba41-d309-4d1d-a321-129a77bf1602: receive RaftClientReply:client-253D2503C21A->6571ba41-d309-4d1d-a321-129a77bf1602@group-6D4C5FD51127, cid=1882, SUCCESS, logIndex=2802, commits[6571ba41-d309-4d1d-a321-129a77bf1602:c2802, 75e8c5ea-f06a-43e1-af6e-1f7f9b0b2cc1:c2799, 1d8d2908-dfb4-4358-9c6e-64b435d6fccc:c2799]
2019-07-03 07:08:15,648 INFO  client.GrpcClientProtocolClient (GrpcClientProtocolClient.java:onNext(254)) - client-253D2503C21A->6571ba41-d309-4d1d-a321-129a77bf1602: receive RaftClientReply:client-253D2503C21A->6571ba41-d309-4d1d-a321-129a77bf1602@group-6D4C5FD51127, cid=1883, SUCCESS, logIndex=2803, commits[6571ba41-d309-4d1d-a321-129a77bf1602:c2803, 75e8c5ea-f06a-43e1-af6e-1f7f9b0b2cc1:c2799, 1d8d2908-dfb4-4358-9c6e-64b435d6fccc:c2799]
2019-07-03 07:08:15,663 INFO  client.GrpcClientProtocolClient (GrpcClientProtocolClient.java:onNext(254)) - client-253D2503C21A->6571ba41-d309-4d1d-a321-129a77bf1602: receive RaftClientReply:client-253D2503C21A->6571ba41-d309-4d1d-a321-129a77bf1602@group-6D4C5FD51127, cid=1884, SUCCESS, logIndex=0, commits[6571ba41-d309-4d1d-a321-129a77bf1602:c2806, 75e8c5ea-f06a-43e1-af6e-1f7f9b0b2cc1:c2803, 1d8d2908-dfb4-4358-9c6e-64b435d6fccc:c2803]
2019-07-03 07:08:15,680 INFO  client.GrpcClientProtocolClient (GrpcClientProtocolClient.java:onNext(254)) - client-253D2503C21A->6571ba41-d309-4d1d-a321-129a77bf1602: receive RaftClientReply:client-253D2503C21A->6571ba41-d309-4d1d-a321-129a77bf1602@group-6D4C5FD51127, cid=1885, SUCCESS, logIndex=2807, commits[6571ba41-d309-4d1d-a321-129a77bf1602:c2807, 75e8c5ea-f06a-43e1-af6e-1f7f9b0b2cc1:c2806, 1d8d2908-dfb4-4358-9c6e-64b435d6fccc:c2806]
2019-07-03 07:08:15,693 INFO  client.GrpcClientProtocolClient (GrpcClientProtocolClient.java:onNext(254)) - client-253D2503C21A->6571ba41-d309-4d1d-a321-129a77bf1602: receive RaftClientReply:client-253D2503C21A->6571ba41-d309-4d1d-a321-129a77bf1602@group-6D4C5FD51127, cid=1886, SUCCESS, logIndex=2809, commits[6571ba41-d309-4d1d-a321-129a77bf1602:c2809, 75e8c5ea-f06a-43e1-af6e-1f7f9b0b2cc1:c2807, 1d8d2908-dfb4-4358-9c6e-64b435d6fccc:c2807]
2019-07-03 07:08:15,707 INFO  client.GrpcClientProtocolClient (GrpcClientProtocolClient.java:onNext(254)) - client-253D2503C21A->6571ba41-d309-4d1d-a321-129a77bf1602: receive RaftClientReply:client-253D2503C21A->6571ba41-d309-4d1d-a321-129a77bf1602@group-6D4C5FD51127, cid=1887, SUCCESS, logIndex=2811, commits[6571ba41-d309-4d1d-a321-129a77bf1602:c2811, 75e8c5ea-f06a-43e1-af6e-1f7f9b0b2cc1:c2809, 1d8d2908-dfb4-4358-9c6e-64b435d6fccc:c2809]
2019-07-03 07:08:15,710 INFO  client.GrpcClientProtocolClient (GrpcClientProtocolClient.java:onNext(254)) - client-253D2503C21A->6571ba41-d309-4d1d-a321-129a77bf1602: receive RaftClientReply:client-253D2503C21A->6571ba41-d309-4d1d-a321-129a77bf1602@group-6D4C5FD51127, cid=1888, SUCCESS, logIndex=2813, commits[6571ba41-d309-4d1d-a321-129a77bf1602:c2813, 75e8c5ea-f06a-43e1-af6e-1f7f9b0b2cc1:c2811, 1d8d2908-dfb4-4358-9c6e-64b435d6fccc:c2811]
2019-07-03 07:08:15,712 INFO  client.GrpcClientProtocolClient (GrpcClientProtocolClient.java:onNext(254)) - client-253D2503C21A->6571ba41-d309-4d1d-a321-129a77bf1602: receive RaftClientReply:client-253D2503C21A->6571ba41-d309-4d1d-a321-129a77bf1602@group-6D4C5FD51127, cid=1889, SUCCESS, logIndex=0, commits[6571ba41-d309-4d1d-a321-129a77bf1602:c2814, 75e8c5ea-f06a-43e1-af6e-1f7f9b0b2cc1:c2813, 1d8d2908-dfb4-4358-9c6e-64b435d6fccc:c2813]
 0.00% |█                                                                                                    |  0/1 Time: 0:00:232019-07-03 07:08:15,741 INFO  client.GrpcClientProtocolClient (GrpcClientProtocolClient.java:onNext(254)) - client-253D2503C21A->6571ba41-d309-4d1d-a321-129a77bf1602: receive RaftClientReply:client-253D2503C21A->6571ba41-d309-4d1d-a321-129a77bf1602@group-6D4C5FD51127, cid=1890, SUCCESS, logIndex=2815, commits[6571ba41-d309-4d1d-a321-129a77bf1602:c2815, 75e8c5ea-f06a-43e1-af6e-1f7f9b0b2cc1:c2814, 1d8d2908-dfb4-4358-9c6e-64b435d6fccc:c2814]
2019-07-03 07:08:15,753 INFO  client.GrpcClientProtocolClient (GrpcClientProtocolClient.java:onNext(254)) - client-253D2503C21A->6571ba41-d309-4d1d-a321-129a77bf1602: receive RaftClientReply:client-253D2503C21A->6571ba41-d309-4d1d-a321-129a77bf1602@group-6D4C5FD51127, cid=1891, SUCCESS, logIndex=2817, commits[6571ba41-d309-4d1d-a321-129a77bf1602:c2818, 75e8c5ea-f06a-43e1-af6e-1f7f9b0b2cc1:c2815, 1d8d2908-dfb4-4358-9c6e-64b435d6fccc:c2815]
2019-07-03 07:08:15,754 INFO  client.GrpcClientProtocolClient (GrpcClientProtocolClient.java:onNext(254)) - client-253D2503C21A->6571ba41-d309-4d1d-a321-129a77bf1602: receive RaftClientReply:client-253D2503C21A->6571ba41-d309-4d1d-a321-129a77bf1602@group-6D4C5FD51127, cid=1892, SUCCESS, logIndex=2818, commits[6571ba41-d309-4d1d-a321-129a77bf1602:c2818, 75e8c5ea-f06a-43e1-af6e-1f7f9b0b2cc1:c2815, 1d8d2908-dfb4-4358-9c6e-64b435d6fccc:c2815]
2019-07-03 07:08:15,755 INFO  client.GrpcClientProtocolClient (GrpcClientProtocolClient.java:onNext(254)) - client-253D2503C21A->6571ba41-d309-4d1d-a321-129a77bf1602: receive RaftClientReply:client-253D2503C21A->6571ba41-d309-4d1d-a321-129a77bf1602@group-6D4C5FD51127, cid=1893, SUCCESS, logIndex=2819, commits[6571ba41-d309-4d1d-a321-129a77bf1602:c2820, 75e8c5ea-f06a-43e1-af6e-1f7f9b0b2cc1:c2815, 1d8d2908-dfb4-4358-9c6e-64b435d6fccc:c2818]
2019-07-03 07:08:15,756 INFO  client.GrpcClientProtocolClient (GrpcClientProtocolClient.java:onNext(254)) - client-253D2503C21A->6571ba41-d309-4d1d-a321-129a77bf1602: receive RaftClientReply:client-253D2503C21A->6571ba41-d309-4d1d-a321-129a77bf1602@group-6D4C5FD51127, cid=1894, SUCCESS, logIndex=0, commits[6571ba41-d309-4d1d-a321-129a77bf1602:c2821, 75e8c5ea-f06a-43e1-af6e-1f7f9b0b2cc1:c2818, 1d8d2908-dfb4-4358-9c6e-64b435d6fccc:c2818]
2019-07-03 07:08:15,777 INFO  client.GrpcClientProtocolClient (GrpcClientProtocolClient.java:onNext(254)) - client-253D2503C21A->6571ba41-d309-4d1d-a321-129a77bf1602: receive RaftClientReply:client-253D2503C21A->6571ba41-d309-4d1d-a321-129a77bf1602@group-6D4C5FD51127, cid=1895, SUCCESS, logIndex=2823, commits[6571ba41-d309-4d1d-a321-129a77bf1602:c2823, 75e8c5ea-f06a-43e1-af6e-1f7f9b0b2cc1:c2822, 1d8d2908-dfb4-4358-9c6e-64b435d6fccc:c2822]
2019-07-03 07:08:15,790 INFO  client.GrpcClientProtocolClient (GrpcClientProtocolClient.java:onNext(254)) - client-253D2503C21A->6571ba41-d309-4d1d-a321-129a77bf1602: receive RaftClientReply:client-253D2503C21A->6571ba41-d309-4d1d-a321-129a77bf1602@group-6D4C5FD51127, cid=1896, SUCCESS, logIndex=2825, commits[6571ba41-d309-4d1d-a321-129a77bf1602:c2825, 75e8c5ea-f06a-43e1-af6e-1f7f9b0b2cc1:c2823, 1d8d2908-dfb4-4358-9c6e-64b435d6fccc:c2823]
2019-07-03 07:08:15,940 INFO  client.GrpcClientProtocolClient (GrpcClientProtocolClient.java:onNext(254)) - client-253D2503C21A->6571ba41-d309-4d1d-a321-129a77bf1602: receive RaftClientReply:client-253D2503C21A->6571ba41-d309-4d1d-a321-129a77bf1602@group-6D4C5FD51127, cid=1897, SUCCESS, logIndex=2827, commits[6571ba41-d309-4d1d-a321-129a77bf1602:c2827, 75e8c5ea-f06a-43e1-af6e-1f7f9b0b2cc1:c2825, 1d8d2908-dfb4-4358-9c6e-64b435d6fccc:c2825]
2019-07-03 07:08:15,953 INFO  client.GrpcClientProtocolClient (GrpcClientProtocolClient.java:onNext(254)) - client-253D2503C21A->6571ba41-d309-4d1d-a321-129a77bf1602: receive RaftClientReply:client-253D2503C21A->6571ba41-d309-4d1d-a321-129a77bf1602@group-6D4C5FD51127, cid=1898, SUCCESS, logIndex=2829, commits[6571ba41-d309-4d1d-a321-129a77bf1602:c2829, 75e8c5ea-f06a-43e1-af6e-1f7f9b0b2cc1:c2827, 1d8d2908-dfb4-4358-9c6e-64b435d6fccc:c2827]
2019-07-03 07:08:15,965 INFO  client.GrpcClientProtocolClient (GrpcClientProtocolClient.java:onNext(254)) - client-253D2503C21A->6571ba41-d309-4d1d-a321-129a77bf1602: receive RaftClientReply:client-253D2503C21A->6571ba41-d309-4d1d-a321-129a77bf1602@group-6D4C5FD51127, cid=1899, SUCCESS, logIndex=0, commits[6571ba41-d309-4d1d-a321-129a77bf1602:c2830, 75e8c5ea-f06a-43e1-af6e-1f7f9b0b2cc1:c2829, 1d8d2908-dfb4-4358-9c6e-64b435d6fccc:c2829]
2019-07-03 07:08:15,996 INFO  client.GrpcClientProtocolClient (GrpcClientProtocolClient.java:onNext(254)) - client-253D2503C21A->6571ba41-d309-4d1d-a321-129a77bf1602: receive RaftClientReply:client-253D2503C21A->6571ba41-d309-4d1d-a321-129a77bf1602@group-6D4C5FD51127, cid=1900, SUCCESS, logIndex=2831, commits[6571ba41-d309-4d1d-a321-129a77bf1602:c2831, 75e8c5ea-f06a-43e1-af6e-1f7f9b0b2cc1:c2830, 1d8d2908-dfb4-4358-9c6e-64b435d6fccc:c2830]
2019-07-03 07:08:16,008 INFO  client.GrpcClientProtocolClient (GrpcClientProtocolClient.java:onNext(254)) - client-253D2503C21A->6571ba41-d309-4d1d-a321-129a77bf1602: receive RaftClientReply:client-253D2503C21A->6571ba41-d309-4d1d-a321-129a77bf1602@group-6D4C5FD51127, cid=1901, SUCCESS, logIndex=2833, commits[6571ba41-d309-4d1d-a321-129a77bf1602:c2834, 75e8c5ea-f06a-43e1-af6e-1f7f9b0b2cc1:c2831, 1d8d2908-dfb4-4358-9c6e-64b435d6fccc:c2831]
2019-07-03 07:08:16,009 INFO  client.GrpcClientProtocolClient (GrpcClientProtocolClient.java:onNext(254)) - client-253D2503C21A->6571ba41-d309-4d1d-a321-129a77bf1602: receive RaftClientReply:client-253D2503C21A->6571ba41-d309-4d1d-a321-129a77bf1602@group-6D4C5FD51127, cid=1902, SUCCESS, logIndex=2834, commits[6571ba41-d309-4d1d-a321-129a77bf1602:c2834, 75e8c5ea-f06a-43e1-af6e-1f7f9b0b2cc1:c2831, 1d8d2908-dfb4-4358-9c6e-64b435d6fccc:c2831]
2019-07-03 07:08:16,009 INFO  client.GrpcClientProtocolClient (GrpcClientProtocolClient.java:onNext(254)) - client-253D2503C21A->6571ba41-d309-4d1d-a321-129a77bf1602: receive RaftClientReply:client-253D2503C21A->6571ba41-d309-4d1d-a321-129a77bf1602@group-6D4C5FD51127, cid=1903, SUCCESS, logIndex=2835, commits[6571ba41-d309-4d1d-a321-129a77bf1602:c2835, 75e8c5ea-f06a-43e1-af6e-1f7f9b0b2cc1:c2833, 1d8d2908-dfb4-4358-9c6e-64b435d6fccc:c2831]
2019-07-03 07:08:16,011 INFO  client.GrpcClientProtocolClient (GrpcClientProtocolClient.java:onNext(254)) - client-253D2503C21A->6571ba41-d309-4d1d-a321-129a77bf1602: receive RaftClientReply:client-253D2503C21A->6571ba41-d309-4d1d-a321-129a77bf1602@group-6D4C5FD51127, cid=1904, SUCCESS, logIndex=0, commits[6571ba41-d309-4d1d-a321-129a77bf1602:c2837, 75e8c5ea-f06a-43e1-af6e-1f7f9b0b2cc1:c2834, 1d8d2908-dfb4-4358-9c6e-64b435d6fccc:c2834]
2019-07-03 07:08:16,032 INFO  client.GrpcClientProtocolClient (GrpcClientProtocolClient.java:onNext(254)) - client-253D2503C21A->6571ba41-d309-4d1d-a321-129a77bf1602: receive RaftClientReply:client-253D2503C21A->6571ba41-d309-4d1d-a321-129a77bf1602@group-6D4C5FD51127, cid=1905, SUCCESS, logIndex=2839, commits[6571ba41-d309-4d1d-a321-129a77bf1602:c2839, 75e8c5ea-f06a-43e1-af6e-1f7f9b0b2cc1:c2838, 1d8d2908-dfb4-4358-9c6e-64b435d6fccc:c2838]
2019-07-03 07:08:16,045 INFO  client.GrpcClientProtocolClient (GrpcClientProtocolClient.java:onNext(254)) - client-253D2503C21A->6571ba41-d309-4d1d-a321-129a77bf1602: receive RaftClientReply:client-253D2503C21A->6571ba41-d309-4d1d-a321-129a77bf1602@group-6D4C5FD51127, cid=1906, SUCCESS, logIndex=2841, commits[6571ba41-d309-4d1d-a321-129a77bf1602:c2841, 75e8c5ea-f06a-43e1-af6e-1f7f9b0b2cc1:c2839, 1d8d2908-dfb4-4358-9c6e-64b435d6fccc:c2839]
2019-07-03 07:08:16,058 INFO  client.GrpcClientProtocolClient (GrpcClientProtocolClient.java:onNext(254)) - client-253D2503C21A->6571ba41-d309-4d1d-a321-129a77bf1602: receive RaftClientReply:client-253D2503C21A->6571ba41-d309-4d1d-a321-129a77bf1602@group-6D4C5FD51127, cid=1907, SUCCESS, logIndex=2843, commits[6571ba41-d309-4d1d-a321-129a77bf1602:c2843, 75e8c5ea-f06a-43e1-af6e-1f7f9b0b2cc1:c2841, 1d8d2908-dfb4-4358-9c6e-64b435d6fccc:c2841]
2019-07-03 07:08:16,061 INFO  client.GrpcClientProtocolClient (GrpcClientProtocolClient.java:onNext(254)) - client-253D2503C21A->6571ba41-d309-4d1d-a321-129a77bf1602: receive RaftClientReply:client-253D2503C21A->6571ba41-d309-4d1d-a321-129a77bf1602@group-6D4C5FD51127, cid=1908, SUCCESS, logIndex=2845, commits[6571ba41-d309-4d1d-a321-129a77bf1602:c2845, 75e8c5ea-f06a-43e1-af6e-1f7f9b0b2cc1:c2843, 1d8d2908-dfb4-4358-9c6e-64b435d6fccc:c2843]
2019-07-03 07:08:16,073 INFO  client.GrpcClientProtocolClient (GrpcClientProtocolClient.java:onNext(254)) - client-253D2503C21A->6571ba41-d309-4d1d-a321-129a77bf1602: receive RaftClientReply:client-253D2503C21A->6571ba41-d309-4d1d-a321-129a77bf1602@group-6D4C5FD51127, cid=1909, SUCCESS, logIndex=0, commits[6571ba41-d309-4d1d-a321-129a77bf1602:c2846, 75e8c5ea-f06a-43e1-af6e-1f7f9b0b2cc1:c2845, 1d8d2908-dfb4-4358-9c6e-64b435d6fccc:c2845]
2019-07-03 07:08:16,101 INFO  client.GrpcClientProtocolClient (GrpcClientProtocolClient.java:onNext(254)) - client-253D2503C21A->6571ba41-d309-4d1d-a321-129a77bf1602: receive RaftClientReply:client-253D2503C21A->6571ba41-d309-4d1d-a321-129a77bf1602@group-6D4C5FD51127, cid=1910, SUCCESS, logIndex=2847, commits[6571ba41-d309-4d1d-a321-129a77bf1602:c2847, 75e8c5ea-f06a-43e1-af6e-1f7f9b0b2cc1:c2846, 1d8d2908-dfb4-4358-9c6e-64b435d6fccc:c2846]
2019-07-03 07:08:16,114 INFO  client.GrpcClientProtocolClient (GrpcClientProtocolClient.java:onNext(254)) - client-253D2503C21A->6571ba41-d309-4d1d-a321-129a77bf1602: receive RaftClientReply:client-253D2503C21A->6571ba41-d309-4d1d-a321-129a77bf1602@group-6D4C5FD51127, cid=1911, SUCCESS, logIndex=2849, commits[6571ba41-d309-4d1d-a321-129a77bf1602:c2849, 75e8c5ea-f06a-43e1-af6e-1f7f9b0b2cc1:c2847, 1d8d2908-dfb4-4358-9c6e-64b435d6fccc:c2847]
2019-07-03 07:08:16,114 INFO  client.GrpcClientProtocolClient (GrpcClientProtocolClient.java:onNext(254)) - client-253D2503C21A->6571ba41-d309-4d1d-a321-129a77bf1602: receive RaftClientReply:client-253D2503C21A->6571ba41-d309-4d1d-a321-129a77bf1602@group-6D4C5FD51127, cid=1912, SUCCESS, logIndex=2850, commits[6571ba41-d309-4d1d-a321-129a77bf1602:c2850, 75e8c5ea-f06a-43e1-af6e-1f7f9b0b2cc1:c2847, 1d8d2908-dfb4-4358-9c6e-64b435d6fccc:c2847]
2019-07-03 07:08:16,115 INFO  client.GrpcClientProtocolClient (GrpcClientProtocolClient.java:onNext(254)) - client-253D2503C21A->6571ba41-d309-4d1d-a321-129a77bf1602: receive RaftClientReply:client-253D2503C21A->6571ba41-d309-4d1d-a321-129a77bf1602@group-6D4C5FD51127, cid=1913, SUCCESS, logIndex=2851, commits[6571ba41-d309-4d1d-a321-129a77bf1602:c2851, 75e8c5ea-f06a-43e1-af6e-1f7f9b0b2cc1:c2847, 1d8d2908-dfb4-4358-9c6e-64b435d6fccc:c2847]
2019-07-03 07:08:16,116 INFO  client.GrpcClientProtocolClient (GrpcClientProtocolClient.java:onNext(254)) - client-253D2503C21A->6571ba41-d309-4d1d-a321-129a77bf1602: receive RaftClientReply:client-253D2503C21A->6571ba41-d309-4d1d-a321-129a77bf1602@group-6D4C5FD51127, cid=1914, SUCCESS, logIndex=0, commits[6571ba41-d309-4d1d-a321-129a77bf1602:c2852, 75e8c5ea-f06a-43e1-af6e-1f7f9b0b2cc1:c2849, 1d8d2908-dfb4-4358-9c6e-64b435d6fccc:c2850]
2019-07-03 07:08:16,138 INFO  client.GrpcClientProtocolClient (GrpcClientProtocolClient.java:onNext(254)) - client-253D2503C21A->6571ba41-d309-4d1d-a321-129a77bf1602: receive RaftClientReply:client-253D2503C21A->6571ba41-d309-4d1d-a321-129a77bf1602@group-6D4C5FD51127, cid=1915, SUCCESS, logIndex=2855, commits[6571ba41-d309-4d1d-a321-129a77bf1602:c2855, 75e8c5ea-f06a-43e1-af6e-1f7f9b0b2cc1:c2854, 1d8d2908-dfb4-4358-9c6e-64b435d6fccc:c2854]
2019-07-03 07:08:16,141 INFO  client.GrpcClientProtocolClient (GrpcClientProtocolClient.java:onNext(254)) - client-253D2503C21A->6571ba41-d309-4d1d-a321-129a77bf1602: receive RaftClientReply:client-253D2503C21A->6571ba41-d309-4d1d-a321-129a77bf1602@group-6D4C5FD51127, cid=1916, SUCCESS, logIndex=2857, commits[6571ba41-d309-4d1d-a321-129a77bf1602:c2857, 75e8c5ea-f06a-43e1-af6e-1f7f9b0b2cc1:c2855, 1d8d2908-dfb4-4358-9c6e-64b435d6fccc:c2855]
2019-07-03 07:08:16,155 INFO  client.GrpcClientProtocolClient (GrpcClientProtocolClient.java:onNext(254)) - client-253D2503C21A->6571ba41-d309-4d1d-a321-129a77bf1602: receive RaftClientReply:client-253D2503C21A->6571ba41-d309-4d1d-a321-129a77bf1602@group-6D4C5FD51127, cid=1917, SUCCESS, logIndex=2859, commits[6571ba41-d309-4d1d-a321-129a77bf1602:c2859, 75e8c5ea-f06a-43e1-af6e-1f7f9b0b2cc1:c2858, 1d8d2908-dfb4-4358-9c6e-64b435d6fccc:c2858]
2019-07-03 07:08:16,155 INFO  storage.RaftLogWorker (RaftLogWorker.java:rollLogSegment(303)) - 6571ba41-d309-4d1d-a321-129a77bf1602-RaftLogWorker: Rolling segment log-2781_2860 to index:2860
2019-07-03 07:08:16,156 INFO  storage.RaftLogWorker (RaftLogWorker.java:execute(433)) - 6571ba41-d309-4d1d-a321-129a77bf1602-RaftLogWorker: Rolled log segment from /opt/src/hadoop-ozone/tools/target/test-dir/MiniOzoneClusterImpl-0519545d-318d-4c21-a2a0-688f18f8a31d/datanode-4/data/ratis/23ffc2a4-5526-4092-9dc4-6d4c5fd51127/current/log_inprogress_2781 to /opt/src/hadoop-ozone/tools/target/test-dir/MiniOzoneClusterImpl-0519545d-318d-4c21-a2a0-688f18f8a31d/datanode-4/data/ratis/23ffc2a4-5526-4092-9dc4-6d4c5fd51127/current/log_2781-2860
2019-07-03 07:08:16,156 INFO  storage.RaftLogWorker (RaftLogWorker.java:rollLogSegment(303)) - 1d8d2908-dfb4-4358-9c6e-64b435d6fccc-RaftLogWorker: Rolling segment log-2781_2860 to index:2860
2019-07-03 07:08:16,156 INFO  storage.RaftLogWorker (RaftLogWorker.java:rollLogSegment(303)) - 75e8c5ea-f06a-43e1-af6e-1f7f9b0b2cc1-RaftLogWorker: Rolling segment log-2781_2860 to index:2860
2019-07-03 07:08:16,156 INFO  storage.RaftLogWorker (RaftLogWorker.java:execute(433)) - 1d8d2908-dfb4-4358-9c6e-64b435d6fccc-RaftLogWorker: Rolled log segment from /opt/src/hadoop-ozone/tools/target/test-dir/MiniOzoneClusterImpl-0519545d-318d-4c21-a2a0-688f18f8a31d/datanode-2/data/ratis/23ffc2a4-5526-4092-9dc4-6d4c5fd51127/current/log_inprogress_2781 to /opt/src/hadoop-ozone/tools/target/test-dir/MiniOzoneClusterImpl-0519545d-318d-4c21-a2a0-688f18f8a31d/datanode-2/data/ratis/23ffc2a4-5526-4092-9dc4-6d4c5fd51127/current/log_2781-2860
2019-07-03 07:08:16,157 INFO  storage.RaftLogWorker (RaftLogWorker.java:execute(433)) - 75e8c5ea-f06a-43e1-af6e-1f7f9b0b2cc1-RaftLogWorker: Rolled log segment from /opt/src/hadoop-ozone/tools/target/test-dir/MiniOzoneClusterImpl-0519545d-318d-4c21-a2a0-688f18f8a31d/datanode-1/data/ratis/23ffc2a4-5526-4092-9dc4-6d4c5fd51127/current/log_inprogress_2781 to /opt/src/hadoop-ozone/tools/target/test-dir/MiniOzoneClusterImpl-0519545d-318d-4c21-a2a0-688f18f8a31d/datanode-1/data/ratis/23ffc2a4-5526-4092-9dc4-6d4c5fd51127/current/log_2781-2860
2019-07-03 07:08:16,188 INFO  storage.RaftLogWorker (RaftLogWorker.java:execute(469)) - 6571ba41-d309-4d1d-a321-129a77bf1602-RaftLogWorker: created new log segment /opt/src/hadoop-ozone/tools/target/test-dir/MiniOzoneClusterImpl-0519545d-318d-4c21-a2a0-688f18f8a31d/datanode-4/data/ratis/23ffc2a4-5526-4092-9dc4-6d4c5fd51127/current/log_inprogress_2861
2019-07-03 07:08:16,191 INFO  storage.RaftLogWorker (RaftLogWorker.java:execute(469)) - 75e8c5ea-f06a-43e1-af6e-1f7f9b0b2cc1-RaftLogWorker: created new log segment /opt/src/hadoop-ozone/tools/target/test-dir/MiniOzoneClusterImpl-0519545d-318d-4c21-a2a0-688f18f8a31d/datanode-1/data/ratis/23ffc2a4-5526-4092-9dc4-6d4c5fd51127/current/log_inprogress_2861
2019-07-03 07:08:16,191 INFO  storage.RaftLogWorker (RaftLogWorker.java:execute(469)) - 1d8d2908-dfb4-4358-9c6e-64b435d6fccc-RaftLogWorker: created new log segment /opt/src/hadoop-ozone/tools/target/test-dir/MiniOzoneClusterImpl-0519545d-318d-4c21-a2a0-688f18f8a31d/datanode-2/data/ratis/23ffc2a4-5526-4092-9dc4-6d4c5fd51127/current/log_inprogress_2861
2019-07-03 07:08:16,195 INFO  client.GrpcClientProtocolClient (GrpcClientProtocolClient.java:onNext(254)) - client-253D2503C21A->6571ba41-d309-4d1d-a321-129a77bf1602: receive RaftClientReply:client-253D2503C21A->6571ba41-d309-4d1d-a321-129a77bf1602@group-6D4C5FD51127, cid=1918, SUCCESS, logIndex=2861, commits[6571ba41-d309-4d1d-a321-129a77bf1602:c2861, 75e8c5ea-f06a-43e1-af6e-1f7f9b0b2cc1:c2859, 1d8d2908-dfb4-4358-9c6e-64b435d6fccc:c2859]
2019-07-03 07:08:16,197 INFO  client.GrpcClientProtocolClient (GrpcClientProtocolClient.java:onNext(254)) - client-253D2503C21A->6571ba41-d309-4d1d-a321-129a77bf1602: receive RaftClientReply:client-253D2503C21A->6571ba41-d309-4d1d-a321-129a77bf1602@group-6D4C5FD51127, cid=1919, SUCCESS, logIndex=0, commits[6571ba41-d309-4d1d-a321-129a77bf1602:c2862, 75e8c5ea-f06a-43e1-af6e-1f7f9b0b2cc1:c2861, 1d8d2908-dfb4-4358-9c6e-64b435d6fccc:c2861]
2019-07-03 07:08:16,219 INFO  client.GrpcClientProtocolClient (GrpcClientProtocolClient.java:onNext(254)) - client-253D2503C21A->6571ba41-d309-4d1d-a321-129a77bf1602: receive RaftClientReply:client-253D2503C21A->6571ba41-d309-4d1d-a321-129a77bf1602@group-6D4C5FD51127, cid=1920, SUCCESS, logIndex=2863, commits[6571ba41-d309-4d1d-a321-129a77bf1602:c2863, 75e8c5ea-f06a-43e1-af6e-1f7f9b0b2cc1:c2862, 1d8d2908-dfb4-4358-9c6e-64b435d6fccc:c2862]
2019-07-03 07:08:16,231 INFO  client.GrpcClientProtocolClient (GrpcClientProtocolClient.java:onNext(254)) - client-253D2503C21A->6571ba41-d309-4d1d-a321-129a77bf1602: receive RaftClientReply:client-253D2503C21A->6571ba41-d309-4d1d-a321-129a77bf1602@group-6D4C5FD51127, cid=1921, SUCCESS, logIndex=2865, commits[6571ba41-d309-4d1d-a321-129a77bf1602:c2866, 75e8c5ea-f06a-43e1-af6e-1f7f9b0b2cc1:c2863, 1d8d2908-dfb4-4358-9c6e-64b435d6fccc:c2863]
2019-07-03 07:08:16,232 INFO  client.GrpcClientProtocolClient (GrpcClientProtocolClient.java:onNext(254)) - client-253D2503C21A->6571ba41-d309-4d1d-a321-129a77bf1602: receive RaftClientReply:client-253D2503C21A->6571ba41-d309-4d1d-a321-129a77bf1602@group-6D4C5FD51127, cid=1922, SUCCESS, logIndex=2866, commits[6571ba41-d309-4d1d-a321-129a77bf1602:c2867, 75e8c5ea-f06a-43e1-af6e-1f7f9b0b2cc1:c2863, 1d8d2908-dfb4-4358-9c6e-64b435d6fccc:c2863]
2019-07-03 07:08:16,233 INFO  client.GrpcClientProtocolClient (GrpcClientProtocolClient.java:onNext(254)) - client-253D2503C21A->6571ba41-d309-4d1d-a321-129a77bf1602: receive RaftClientReply:client-253D2503C21A->6571ba41-d309-4d1d-a321-129a77bf1602@group-6D4C5FD51127, cid=1923, SUCCESS, logIndex=2867, commits[6571ba41-d309-4d1d-a321-129a77bf1602:c2867, 75e8c5ea-f06a-43e1-af6e-1f7f9b0b2cc1:c2863, 1d8d2908-dfb4-4358-9c6e-64b435d6fccc:c2863]
2019-07-03 07:08:16,234 INFO  client.GrpcClientProtocolClient (GrpcClientProtocolClient.java:onNext(254)) - client-253D2503C21A->6571ba41-d309-4d1d-a321-129a77bf1602: receive RaftClientReply:client-253D2503C21A->6571ba41-d309-4d1d-a321-129a77bf1602@group-6D4C5FD51127, cid=1924, SUCCESS, logIndex=0, commits[6571ba41-d309-4d1d-a321-129a77bf1602:c2869, 75e8c5ea-f06a-43e1-af6e-1f7f9b0b2cc1:c2866, 1d8d2908-dfb4-4358-9c6e-64b435d6fccc:c2866]
2019-07-03 07:08:16,248 INFO  client.GrpcClientProtocolClient (GrpcClientProtocolClient.java:onNext(254)) - client-253D2503C21A->6571ba41-d309-4d1d-a321-129a77bf1602: receive RaftClientReply:client-253D2503C21A->6571ba41-d309-4d1d-a321-129a77bf1602@group-6D4C5FD51127, cid=1925, SUCCESS, logIndex=2871, commits[6571ba41-d309-4d1d-a321-129a77bf1602:c2871, 75e8c5ea-f06a-43e1-af6e-1f7f9b0b2cc1:c2870, 1d8d2908-dfb4-4358-9c6e-64b435d6fccc:c2870]
2019-07-03 07:08:16,262 INFO  client.GrpcClientProtocolClient (GrpcClientProtocolClient.java:onNext(254)) - client-253D2503C21A->6571ba41-d309-4d1d-a321-129a77bf1602: receive RaftClientReply:client-253D2503C21A->6571ba41-d309-4d1d-a321-129a77bf1602@group-6D4C5FD51127, cid=1926, SUCCESS, logIndex=2873, commits[6571ba41-d309-4d1d-a321-129a77bf1602:c2873, 75e8c5ea-f06a-43e1-af6e-1f7f9b0b2cc1:c2871, 1d8d2908-dfb4-4358-9c6e-64b435d6fccc:c2871]
2019-07-03 07:08:16,275 INFO  client.GrpcClientProtocolClient (GrpcClientProtocolClient.java:onNext(254)) - client-253D2503C21A->6571ba41-d309-4d1d-a321-129a77bf1602: receive RaftClientReply:client-253D2503C21A->6571ba41-d309-4d1d-a321-129a77bf1602@group-6D4C5FD51127, cid=1927, SUCCESS, logIndex=2875, commits[6571ba41-d309-4d1d-a321-129a77bf1602:c2875, 75e8c5ea-f06a-43e1-af6e-1f7f9b0b2cc1:c2873, 1d8d2908-dfb4-4358-9c6e-64b435d6fccc:c2873]
2019-07-03 07:08:16,289 INFO  client.GrpcClientProtocolClient (GrpcClientProtocolClient.java:onNext(254)) - client-253D2503C21A->6571ba41-d309-4d1d-a321-129a77bf1602: receive RaftClientReply:client-253D2503C21A->6571ba41-d309-4d1d-a321-129a77bf1602@group-6D4C5FD51127, cid=1928, SUCCESS, logIndex=2877, commits[6571ba41-d309-4d1d-a321-129a77bf1602:c2877, 75e8c5ea-f06a-43e1-af6e-1f7f9b0b2cc1:c2875, 1d8d2908-dfb4-4358-9c6e-64b435d6fccc:c2875]
2019-07-03 07:08:16,300 INFO  client.GrpcClientProtocolClient (GrpcClientProtocolClient.java:onNext(254)) - client-253D2503C21A->6571ba41-d309-4d1d-a321-129a77bf1602: receive RaftClientReply:client-253D2503C21A->6571ba41-d309-4d1d-a321-129a77bf1602@group-6D4C5FD51127, cid=1929, SUCCESS, logIndex=0, commits[6571ba41-d309-4d1d-a321-129a77bf1602:c2878, 75e8c5ea-f06a-43e1-af6e-1f7f9b0b2cc1:c2877, 1d8d2908-dfb4-4358-9c6e-64b435d6fccc:c2877]
2019-07-03 07:08:16,328 INFO  client.GrpcClientProtocolClient (GrpcClientProtocolClient.java:onNext(254)) - client-253D2503C21A->6571ba41-d309-4d1d-a321-129a77bf1602: receive RaftClientReply:client-253D2503C21A->6571ba41-d309-4d1d-a321-129a77bf1602@group-6D4C5FD51127, cid=1930, SUCCESS, logIndex=2879, commits[6571ba41-d309-4d1d-a321-129a77bf1602:c2879, 75e8c5ea-f06a-43e1-af6e-1f7f9b0b2cc1:c2878, 1d8d2908-dfb4-4358-9c6e-64b435d6fccc:c2878]
2019-07-03 07:08:16,340 INFO  client.GrpcClientProtocolClient (GrpcClientProtocolClient.java:onNext(254)) - client-253D2503C21A->6571ba41-d309-4d1d-a321-129a77bf1602: receive RaftClientReply:client-253D2503C21A->6571ba41-d309-4d1d-a321-129a77bf1602@group-6D4C5FD51127, cid=1931, SUCCESS, logIndex=2881, commits[6571ba41-d309-4d1d-a321-129a77bf1602:c2881, 75e8c5ea-f06a-43e1-af6e-1f7f9b0b2cc1:c2879, 1d8d2908-dfb4-4358-9c6e-64b435d6fccc:c2879]
2019-07-03 07:08:16,341 INFO  client.GrpcClientProtocolClient (GrpcClientProtocolClient.java:onNext(254)) - client-253D2503C21A->6571ba41-d309-4d1d-a321-129a77bf1602: receive RaftClientReply:client-253D2503C21A->6571ba41-d309-4d1d-a321-129a77bf1602@group-6D4C5FD51127, cid=1932, SUCCESS, logIndex=2882, commits[6571ba41-d309-4d1d-a321-129a77bf1602:c2882, 75e8c5ea-f06a-43e1-af6e-1f7f9b0b2cc1:c2879, 1d8d2908-dfb4-4358-9c6e-64b435d6fccc:c2879]
2019-07-03 07:08:16,341 INFO  client.GrpcClientProtocolClient (GrpcClientProtocolClient.java:onNext(254)) - client-253D2503C21A->6571ba41-d309-4d1d-a321-129a77bf1602: receive RaftClientReply:client-253D2503C21A->6571ba41-d309-4d1d-a321-129a77bf1602@group-6D4C5FD51127, cid=1933, SUCCESS, logIndex=2883, commits[6571ba41-d309-4d1d-a321-129a77bf1602:c2883, 75e8c5ea-f06a-43e1-af6e-1f7f9b0b2cc1:c2879, 1d8d2908-dfb4-4358-9c6e-64b435d6fccc:c2879]
2019-07-03 07:08:16,342 INFO  client.GrpcClientProtocolClient (GrpcClientProtocolClient.java:onNext(254)) - client-253D2503C21A->6571ba41-d309-4d1d-a321-129a77bf1602: receive RaftClientReply:client-253D2503C21A->6571ba41-d309-4d1d-a321-129a77bf1602@group-6D4C5FD51127, cid=1934, SUCCESS, logIndex=0, commits[6571ba41-d309-4d1d-a321-129a77bf1602:c2885, 75e8c5ea-f06a-43e1-af6e-1f7f9b0b2cc1:c2882, 1d8d2908-dfb4-4358-9c6e-64b435d6fccc:c2881]
2019-07-03 07:08:16,362 INFO  client.GrpcClientProtocolClient (GrpcClientProtocolClient.java:onNext(254)) - client-253D2503C21A->6571ba41-d309-4d1d-a321-129a77bf1602: receive RaftClientReply:client-253D2503C21A->6571ba41-d309-4d1d-a321-129a77bf1602@group-6D4C5FD51127, cid=1935, SUCCESS, logIndex=2887, commits[6571ba41-d309-4d1d-a321-129a77bf1602:c2887, 75e8c5ea-f06a-43e1-af6e-1f7f9b0b2cc1:c2886, 1d8d2908-dfb4-4358-9c6e-64b435d6fccc:c2886]
2019-07-03 07:08:16,376 INFO  client.GrpcClientProtocolClient (GrpcClientProtocolClient.java:onNext(254)) - client-253D2503C21A->6571ba41-d309-4d1d-a321-129a77bf1602: receive RaftClientReply:client-253D2503C21A->6571ba41-d309-4d1d-a321-129a77bf1602@group-6D4C5FD51127, cid=1936, SUCCESS, logIndex=2889, commits[6571ba41-d309-4d1d-a321-129a77bf1602:c2889, 75e8c5ea-f06a-43e1-af6e-1f7f9b0b2cc1:c2887, 1d8d2908-dfb4-4358-9c6e-64b435d6fccc:c2887]
2019-07-03 07:08:16,389 INFO  client.GrpcClientProtocolClient (GrpcClientProtocolClient.java:onNext(254)) - client-253D2503C21A->6571ba41-d309-4d1d-a321-129a77bf1602: receive RaftClientReply:client-253D2503C21A->6571ba41-d309-4d1d-a321-129a77bf1602@group-6D4C5FD51127, cid=1937, SUCCESS, logIndex=2891, commits[6571ba41-d309-4d1d-a321-129a77bf1602:c2891, 75e8c5ea-f06a-43e1-af6e-1f7f9b0b2cc1:c2889, 1d8d2908-dfb4-4358-9c6e-64b435d6fccc:c2889]
2019-07-03 07:08:16,403 INFO  client.GrpcClientProtocolClient (GrpcClientProtocolClient.java:onNext(254)) - client-253D2503C21A->6571ba41-d309-4d1d-a321-129a77bf1602: receive RaftClientReply:client-253D2503C21A->6571ba41-d309-4d1d-a321-129a77bf1602@group-6D4C5FD51127, cid=1938, SUCCESS, logIndex=2893, commits[6571ba41-d309-4d1d-a321-129a77bf1602:c2893, 75e8c5ea-f06a-43e1-af6e-1f7f9b0b2cc1:c2891, 1d8d2908-dfb4-4358-9c6e-64b435d6fccc:c2891]
2019-07-03 07:08:16,415 INFO  client.GrpcClientProtocolClient (GrpcClientProtocolClient.java:onNext(254)) - client-253D2503C21A->6571ba41-d309-4d1d-a321-129a77bf1602: receive RaftClientReply:client-253D2503C21A->6571ba41-d309-4d1d-a321-129a77bf1602@group-6D4C5FD51127, cid=1939, SUCCESS, logIndex=0, commits[6571ba41-d309-4d1d-a321-129a77bf1602:c2894, 75e8c5ea-f06a-43e1-af6e-1f7f9b0b2cc1:c2893, 1d8d2908-dfb4-4358-9c6e-64b435d6fccc:c2893]
2019-07-03 07:08:16,443 INFO  client.GrpcClientProtocolClient (GrpcClientProtocolClient.java:onNext(254)) - client-253D2503C21A->6571ba41-d309-4d1d-a321-129a77bf1602: receive RaftClientReply:client-253D2503C21A->6571ba41-d309-4d1d-a321-129a77bf1602@group-6D4C5FD51127, cid=1940, SUCCESS, logIndex=2895, commits[6571ba41-d309-4d1d-a321-129a77bf1602:c2895, 75e8c5ea-f06a-43e1-af6e-1f7f9b0b2cc1:c2894, 1d8d2908-dfb4-4358-9c6e-64b435d6fccc:c2894]
2019-07-03 07:08:16,465 INFO  client.GrpcClientProtocolClient (GrpcClientProtocolClient.java:onNext(254)) - client-253D2503C21A->6571ba41-d309-4d1d-a321-129a77bf1602: receive RaftClientReply:client-253D2503C21A->6571ba41-d309-4d1d-a321-129a77bf1602@group-6D4C5FD51127, cid=1941, SUCCESS, logIndex=2897, commits[6571ba41-d309-4d1d-a321-129a77bf1602:c2897, 75e8c5ea-f06a-43e1-af6e-1f7f9b0b2cc1:c2895, 1d8d2908-dfb4-4358-9c6e-64b435d6fccc:c2895]
2019-07-03 07:08:16,466 INFO  client.GrpcClientProtocolClient (GrpcClientProtocolClient.java:onNext(254)) - client-253D2503C21A->6571ba41-d309-4d1d-a321-129a77bf1602: receive RaftClientReply:client-253D2503C21A->6571ba41-d309-4d1d-a321-129a77bf1602@group-6D4C5FD51127, cid=1942, SUCCESS, logIndex=2898, commits[6571ba41-d309-4d1d-a321-129a77bf1602:c2898, 75e8c5ea-f06a-43e1-af6e-1f7f9b0b2cc1:c2895, 1d8d2908-dfb4-4358-9c6e-64b435d6fccc:c2895]
2019-07-03 07:08:16,466 INFO  client.GrpcClientProtocolClient (GrpcClientProtocolClient.java:onNext(254)) - client-253D2503C21A->6571ba41-d309-4d1d-a321-129a77bf1602: receive RaftClientReply:client-253D2503C21A->6571ba41-d309-4d1d-a321-129a77bf1602@group-6D4C5FD51127, cid=1943, SUCCESS, logIndex=2899, commits[6571ba41-d309-4d1d-a321-129a77bf1602:c2900, 75e8c5ea-f06a-43e1-af6e-1f7f9b0b2cc1:c2897, 1d8d2908-dfb4-4358-9c6e-64b435d6fccc:c2895]
2019-07-03 07:08:16,467 INFO  client.GrpcClientProtocolClient (GrpcClientProtocolClient.java:onNext(254)) - client-253D2503C21A->6571ba41-d309-4d1d-a321-129a77bf1602: receive RaftClientReply:client-253D2503C21A->6571ba41-d309-4d1d-a321-129a77bf1602@group-6D4C5FD51127, cid=1944, SUCCESS, logIndex=0, commits[6571ba41-d309-4d1d-a321-129a77bf1602:c2900, 75e8c5ea-f06a-43e1-af6e-1f7f9b0b2cc1:c2898, 1d8d2908-dfb4-4358-9c6e-64b435d6fccc:c2898]
2019-07-03 07:08:16,484 INFO  client.GrpcClientProtocolClient (GrpcClientProtocolClient.java:onNext(254)) - client-253D2503C21A->6571ba41-d309-4d1d-a321-129a77bf1602: receive RaftClientReply:client-253D2503C21A->6571ba41-d309-4d1d-a321-129a77bf1602@group-6D4C5FD51127, cid=1945, SUCCESS, logIndex=2903, commits[6571ba41-d309-4d1d-a321-129a77bf1602:c2903, 75e8c5ea-f06a-43e1-af6e-1f7f9b0b2cc1:c2902, 1d8d2908-dfb4-4358-9c6e-64b435d6fccc:c2902]
2019-07-03 07:08:16,498 INFO  client.GrpcClientProtocolClient (GrpcClientProtocolClient.java:onNext(254)) - client-253D2503C21A->6571ba41-d309-4d1d-a321-129a77bf1602: receive RaftClientReply:client-253D2503C21A->6571ba41-d309-4d1d-a321-129a77bf1602@group-6D4C5FD51127, cid=1946, SUCCESS, logIndex=2905, commits[6571ba41-d309-4d1d-a321-129a77bf1602:c2905, 75e8c5ea-f06a-43e1-af6e-1f7f9b0b2cc1:c2903, 1d8d2908-dfb4-4358-9c6e-64b435d6fccc:c2903]
2019-07-03 07:08:16,512 INFO  client.GrpcClientProtocolClient (GrpcClientProtocolClient.java:onNext(254)) - client-253D2503C21A->6571ba41-d309-4d1d-a321-129a77bf1602: receive RaftClientReply:client-253D2503C21A->6571ba41-d309-4d1d-a321-129a77bf1602@group-6D4C5FD51127, cid=1947, SUCCESS, logIndex=2907, commits[6571ba41-d309-4d1d-a321-129a77bf1602:c2907, 75e8c5ea-f06a-43e1-af6e-1f7f9b0b2cc1:c2905, 1d8d2908-dfb4-4358-9c6e-64b435d6fccc:c2905]
2019-07-03 07:08:16,525 INFO  client.GrpcClientProtocolClient (GrpcClientProtocolClient.java:onNext(254)) - client-253D2503C21A->6571ba41-d309-4d1d-a321-129a77bf1602: receive RaftClientReply:client-253D2503C21A->6571ba41-d309-4d1d-a321-129a77bf1602@group-6D4C5FD51127, cid=1948, SUCCESS, logIndex=2909, commits[6571ba41-d309-4d1d-a321-129a77bf1602:c2909, 75e8c5ea-f06a-43e1-af6e-1f7f9b0b2cc1:c2907, 1d8d2908-dfb4-4358-9c6e-64b435d6fccc:c2907]
2019-07-03 07:08:16,537 INFO  client.GrpcClientProtocolClient (GrpcClientProtocolClient.java:onNext(254)) - client-253D2503C21A->6571ba41-d309-4d1d-a321-129a77bf1602: receive RaftClientReply:client-253D2503C21A->6571ba41-d309-4d1d-a321-129a77bf1602@group-6D4C5FD51127, cid=1949, SUCCESS, logIndex=0, commits[6571ba41-d309-4d1d-a321-129a77bf1602:c2910, 75e8c5ea-f06a-43e1-af6e-1f7f9b0b2cc1:c2909, 1d8d2908-dfb4-4358-9c6e-64b435d6fccc:c2909]
2019-07-03 07:08:16,566 INFO  client.GrpcClientProtocolClient (GrpcClientProtocolClient.java:onNext(254)) - client-253D2503C21A->6571ba41-d309-4d1d-a321-129a77bf1602: receive RaftClientReply:client-253D2503C21A->6571ba41-d309-4d1d-a321-129a77bf1602@group-6D4C5FD51127, cid=1950, SUCCESS, logIndex=2911, commits[6571ba41-d309-4d1d-a321-129a77bf1602:c2911, 75e8c5ea-f06a-43e1-af6e-1f7f9b0b2cc1:c2910, 1d8d2908-dfb4-4358-9c6e-64b435d6fccc:c2910]
2019-07-03 07:08:16,579 INFO  client.GrpcClientProtocolClient (GrpcClientProtocolClient.java:onNext(254)) - client-253D2503C21A->6571ba41-d309-4d1d-a321-129a77bf1602: receive RaftClientReply:client-253D2503C21A->6571ba41-d309-4d1d-a321-129a77bf1602@group-6D4C5FD51127, cid=1951, SUCCESS, logIndex=2913, commits[6571ba41-d309-4d1d-a321-129a77bf1602:c2914, 75e8c5ea-f06a-43e1-af6e-1f7f9b0b2cc1:c2911, 1d8d2908-dfb4-4358-9c6e-64b435d6fccc:c2911]
2019-07-03 07:08:16,579 INFO  client.GrpcClientProtocolClient (GrpcClientProtocolClient.java:onNext(254)) - client-253D2503C21A->6571ba41-d309-4d1d-a321-129a77bf1602: receive RaftClientReply:client-253D2503C21A->6571ba41-d309-4d1d-a321-129a77bf1602@group-6D4C5FD51127, cid=1952, SUCCESS, logIndex=2914, commits[6571ba41-d309-4d1d-a321-129a77bf1602:c2914, 75e8c5ea-f06a-43e1-af6e-1f7f9b0b2cc1:c2911, 1d8d2908-dfb4-4358-9c6e-64b435d6fccc:c2911]
2019-07-03 07:08:16,580 INFO  client.GrpcClientProtocolClient (GrpcClientProtocolClient.java:onNext(254)) - client-253D2503C21A->6571ba41-d309-4d1d-a321-129a77bf1602: receive RaftClientReply:client-253D2503C21A->6571ba41-d309-4d1d-a321-129a77bf1602@group-6D4C5FD51127, cid=1953, SUCCESS, logIndex=2915, commits[6571ba41-d309-4d1d-a321-129a77bf1602:c2915, 75e8c5ea-f06a-43e1-af6e-1f7f9b0b2cc1:c2911, 1d8d2908-dfb4-4358-9c6e-64b435d6fccc:c2911]
2019-07-03 07:08:16,581 INFO  client.GrpcClientProtocolClient (GrpcClientProtocolClient.java:onNext(254)) - client-253D2503C21A->6571ba41-d309-4d1d-a321-129a77bf1602: receive RaftClientReply:client-253D2503C21A->6571ba41-d309-4d1d-a321-129a77bf1602@group-6D4C5FD51127, cid=1954, SUCCESS, logIndex=0, commits[6571ba41-d309-4d1d-a321-129a77bf1602:c2917, 75e8c5ea-f06a-43e1-af6e-1f7f9b0b2cc1:c2914, 1d8d2908-dfb4-4358-9c6e-64b435d6fccc:c2914]
2019-07-03 07:08:16,601 INFO  client.GrpcClientProtocolClient (GrpcClientProtocolClient.java:onNext(254)) - client-253D2503C21A->6571ba41-d309-4d1d-a321-129a77bf1602: receive RaftClientReply:client-253D2503C21A->6571ba41-d309-4d1d-a321-129a77bf1602@group-6D4C5FD51127, cid=1955, SUCCESS, logIndex=2919, commits[6571ba41-d309-4d1d-a321-129a77bf1602:c2919, 75e8c5ea-f06a-43e1-af6e-1f7f9b0b2cc1:c2918, 1d8d2908-dfb4-4358-9c6e-64b435d6fccc:c2918]
2019-07-03 07:08:16,615 INFO  client.GrpcClientProtocolClient (GrpcClientProtocolClient.java:onNext(254)) - client-253D2503C21A->6571ba41-d309-4d1d-a321-129a77bf1602: receive RaftClientReply:client-253D2503C21A->6571ba41-d309-4d1d-a321-129a77bf1602@group-6D4C5FD51127, cid=1956, SUCCESS, logIndex=2921, commits[6571ba41-d309-4d1d-a321-129a77bf1602:c2921, 75e8c5ea-f06a-43e1-af6e-1f7f9b0b2cc1:c2919, 1d8d2908-dfb4-4358-9c6e-64b435d6fccc:c2919]
2019-07-03 07:08:16,628 INFO  client.GrpcClientProtocolClient (GrpcClientProtocolClient.java:onNext(254)) - client-253D2503C21A->6571ba41-d309-4d1d-a321-129a77bf1602: receive RaftClientReply:client-253D2503C21A->6571ba41-d309-4d1d-a321-129a77bf1602@group-6D4C5FD51127, cid=1957, SUCCESS, logIndex=2923, commits[6571ba41-d309-4d1d-a321-129a77bf1602:c2923, 75e8c5ea-f06a-43e1-af6e-1f7f9b0b2cc1:c2921, 1d8d2908-dfb4-4358-9c6e-64b435d6fccc:c2921]
2019-07-03 07:08:16,643 INFO  client.GrpcClientProtocolClient (GrpcClientProtocolClient.java:onNext(254)) - client-253D2503C21A->6571ba41-d309-4d1d-a321-129a77bf1602: receive RaftClientReply:client-253D2503C21A->6571ba41-d309-4d1d-a321-129a77bf1602@group-6D4C5FD51127, cid=1958, SUCCESS, logIndex=2925, commits[6571ba41-d309-4d1d-a321-129a77bf1602:c2925, 75e8c5ea-f06a-43e1-af6e-1f7f9b0b2cc1:c2923, 1d8d2908-dfb4-4358-9c6e-64b435d6fccc:c2923]
2019-07-03 07:08:16,655 INFO  client.GrpcClientProtocolClient (GrpcClientProtocolClient.java:onNext(254)) - client-253D2503C21A->6571ba41-d309-4d1d-a321-129a77bf1602: receive RaftClientReply:client-253D2503C21A->6571ba41-d309-4d1d-a321-129a77bf1602@group-6D4C5FD51127, cid=1959, SUCCESS, logIndex=0, commits[6571ba41-d309-4d1d-a321-129a77bf1602:c2926, 75e8c5ea-f06a-43e1-af6e-1f7f9b0b2cc1:c2925, 1d8d2908-dfb4-4358-9c6e-64b435d6fccc:c2925]
2019-07-03 07:08:16,684 INFO  client.GrpcClientProtocolClient (GrpcClientProtocolClient.java:onNext(254)) - client-253D2503C21A->6571ba41-d309-4d1d-a321-129a77bf1602: receive RaftClientReply:client-253D2503C21A->6571ba41-d309-4d1d-a321-129a77bf1602@group-6D4C5FD51127, cid=1960, SUCCESS, logIndex=2927, commits[6571ba41-d309-4d1d-a321-129a77bf1602:c2927, 75e8c5ea-f06a-43e1-af6e-1f7f9b0b2cc1:c2926, 1d8d2908-dfb4-4358-9c6e-64b435d6fccc:c2926]
2019-07-03 07:08:16,696 INFO  client.GrpcClientProtocolClient (GrpcClientProtocolClient.java:onNext(254)) - client-253D2503C21A->6571ba41-d309-4d1d-a321-129a77bf1602: receive RaftClientReply:client-253D2503C21A->6571ba41-d309-4d1d-a321-129a77bf1602@group-6D4C5FD51127, cid=1961, SUCCESS, logIndex=2929, commits[6571ba41-d309-4d1d-a321-129a77bf1602:c2930, 75e8c5ea-f06a-43e1-af6e-1f7f9b0b2cc1:c2927, 1d8d2908-dfb4-4358-9c6e-64b435d6fccc:c2927]
2019-07-03 07:08:16,697 INFO  client.GrpcClientProtocolClient (GrpcClientProtocolClient.java:onNext(254)) - client-253D2503C21A->6571ba41-d309-4d1d-a321-129a77bf1602: receive RaftClientReply:client-253D2503C21A->6571ba41-d309-4d1d-a321-129a77bf1602@group-6D4C5FD51127, cid=1962, SUCCESS, logIndex=2930, commits[6571ba41-d309-4d1d-a321-129a77bf1602:c2931, 75e8c5ea-f06a-43e1-af6e-1f7f9b0b2cc1:c2927, 1d8d2908-dfb4-4358-9c6e-64b435d6fccc:c2927]
2019-07-03 07:08:16,697 INFO  client.GrpcClientProtocolClient (GrpcClientProtocolClient.java:onNext(254)) - client-253D2503C21A->6571ba41-d309-4d1d-a321-129a77bf1602: receive RaftClientReply:client-253D2503C21A->6571ba41-d309-4d1d-a321-129a77bf1602@group-6D4C5FD51127, cid=1963, SUCCESS, logIndex=2931, commits[6571ba41-d309-4d1d-a321-129a77bf1602:c2931, 75e8c5ea-f06a-43e1-af6e-1f7f9b0b2cc1:c2927, 1d8d2908-dfb4-4358-9c6e-64b435d6fccc:c2927]
2019-07-03 07:08:16,699 INFO  client.GrpcClientProtocolClient (GrpcClientProtocolClient.java:onNext(254)) - client-253D2503C21A->6571ba41-d309-4d1d-a321-129a77bf1602: receive RaftClientReply:client-253D2503C21A->6571ba41-d309-4d1d-a321-129a77bf1602@group-6D4C5FD51127, cid=1964, SUCCESS, logIndex=0, commits[6571ba41-d309-4d1d-a321-129a77bf1602:c2933, 75e8c5ea-f06a-43e1-af6e-1f7f9b0b2cc1:c2930, 1d8d2908-dfb4-4358-9c6e-64b435d6fccc:c2930]
 0.00% |█                                                                                                    |  0/1 Time: 0:00:242019-07-03 07:08:16,720 INFO  client.GrpcClientProtocolClient (GrpcClientProtocolClient.java:onNext(254)) - client-253D2503C21A->6571ba41-d309-4d1d-a321-129a77bf1602: receive RaftClientReply:client-253D2503C21A->6571ba41-d309-4d1d-a321-129a77bf1602@group-6D4C5FD51127, cid=1965, SUCCESS, logIndex=2935, commits[6571ba41-d309-4d1d-a321-129a77bf1602:c2935, 75e8c5ea-f06a-43e1-af6e-1f7f9b0b2cc1:c2934, 1d8d2908-dfb4-4358-9c6e-64b435d6fccc:c2934]
2019-07-03 07:08:16,733 INFO  client.GrpcClientProtocolClient (GrpcClientProtocolClient.java:onNext(254)) - client-253D2503C21A->6571ba41-d309-4d1d-a321-129a77bf1602: receive RaftClientReply:client-253D2503C21A->6571ba41-d309-4d1d-a321-129a77bf1602@group-6D4C5FD51127, cid=1966, SUCCESS, logIndex=2937, commits[6571ba41-d309-4d1d-a321-129a77bf1602:c2937, 75e8c5ea-f06a-43e1-af6e-1f7f9b0b2cc1:c2935, 1d8d2908-dfb4-4358-9c6e-64b435d6fccc:c2935]
2019-07-03 07:08:16,746 INFO  storage.RaftLogWorker (RaftLogWorker.java:rollLogSegment(303)) - 6571ba41-d309-4d1d-a321-129a77bf1602-RaftLogWorker: Rolling segment log-2861_2940 to index:2940
2019-07-03 07:08:16,746 INFO  client.GrpcClientProtocolClient (GrpcClientProtocolClient.java:onNext(254)) - client-253D2503C21A->6571ba41-d309-4d1d-a321-129a77bf1602: receive RaftClientReply:client-253D2503C21A->6571ba41-d309-4d1d-a321-129a77bf1602@group-6D4C5FD51127, cid=1967, SUCCESS, logIndex=2939, commits[6571ba41-d309-4d1d-a321-129a77bf1602:c2939, 75e8c5ea-f06a-43e1-af6e-1f7f9b0b2cc1:c2937, 1d8d2908-dfb4-4358-9c6e-64b435d6fccc:c2937]
2019-07-03 07:08:16,746 INFO  storage.RaftLogWorker (RaftLogWorker.java:rollLogSegment(303)) - 75e8c5ea-f06a-43e1-af6e-1f7f9b0b2cc1-RaftLogWorker: Rolling segment log-2861_2940 to index:2940
2019-07-03 07:08:16,746 INFO  storage.RaftLogWorker (RaftLogWorker.java:rollLogSegment(303)) - 1d8d2908-dfb4-4358-9c6e-64b435d6fccc-RaftLogWorker: Rolling segment log-2861_2940 to index:2940
2019-07-03 07:08:16,756 INFO  storage.RaftLogWorker (RaftLogWorker.java:execute(433)) - 6571ba41-d309-4d1d-a321-129a77bf1602-RaftLogWorker: Rolled log segment from /opt/src/hadoop-ozone/tools/target/test-dir/MiniOzoneClusterImpl-0519545d-318d-4c21-a2a0-688f18f8a31d/datanode-4/data/ratis/23ffc2a4-5526-4092-9dc4-6d4c5fd51127/current/log_inprogress_2861 to /opt/src/hadoop-ozone/tools/target/test-dir/MiniOzoneClusterImpl-0519545d-318d-4c21-a2a0-688f18f8a31d/datanode-4/data/ratis/23ffc2a4-5526-4092-9dc4-6d4c5fd51127/current/log_2861-2940
2019-07-03 07:08:16,757 INFO  storage.RaftLogWorker (RaftLogWorker.java:execute(433)) - 75e8c5ea-f06a-43e1-af6e-1f7f9b0b2cc1-RaftLogWorker: Rolled log segment from /opt/src/hadoop-ozone/tools/target/test-dir/MiniOzoneClusterImpl-0519545d-318d-4c21-a2a0-688f18f8a31d/datanode-1/data/ratis/23ffc2a4-5526-4092-9dc4-6d4c5fd51127/current/log_inprogress_2861 to /opt/src/hadoop-ozone/tools/target/test-dir/MiniOzoneClusterImpl-0519545d-318d-4c21-a2a0-688f18f8a31d/datanode-1/data/ratis/23ffc2a4-5526-4092-9dc4-6d4c5fd51127/current/log_2861-2940
2019-07-03 07:08:16,757 INFO  storage.RaftLogWorker (RaftLogWorker.java:execute(433)) - 1d8d2908-dfb4-4358-9c6e-64b435d6fccc-RaftLogWorker: Rolled log segment from /opt/src/hadoop-ozone/tools/target/test-dir/MiniOzoneClusterImpl-0519545d-318d-4c21-a2a0-688f18f8a31d/datanode-2/data/ratis/23ffc2a4-5526-4092-9dc4-6d4c5fd51127/current/log_inprogress_2861 to /opt/src/hadoop-ozone/tools/target/test-dir/MiniOzoneClusterImpl-0519545d-318d-4c21-a2a0-688f18f8a31d/datanode-2/data/ratis/23ffc2a4-5526-4092-9dc4-6d4c5fd51127/current/log_2861-2940
2019-07-03 07:08:17,385 INFO  storage.RaftLogWorker (RaftLogWorker.java:execute(469)) - 75e8c5ea-f06a-43e1-af6e-1f7f9b0b2cc1-RaftLogWorker: created new log segment /opt/src/hadoop-ozone/tools/target/test-dir/MiniOzoneClusterImpl-0519545d-318d-4c21-a2a0-688f18f8a31d/datanode-1/data/ratis/23ffc2a4-5526-4092-9dc4-6d4c5fd51127/current/log_inprogress_2941
2019-07-03 07:08:17,385 INFO  storage.RaftLogWorker (RaftLogWorker.java:execute(469)) - 6571ba41-d309-4d1d-a321-129a77bf1602-RaftLogWorker: created new log segment /opt/src/hadoop-ozone/tools/target/test-dir/MiniOzoneClusterImpl-0519545d-318d-4c21-a2a0-688f18f8a31d/datanode-4/data/ratis/23ffc2a4-5526-4092-9dc4-6d4c5fd51127/current/log_inprogress_2941
2019-07-03 07:08:17,405 INFO  client.GrpcClientProtocolClient (GrpcClientProtocolClient.java:onNext(254)) - client-253D2503C21A->6571ba41-d309-4d1d-a321-129a77bf1602: receive RaftClientReply:client-253D2503C21A->6571ba41-d309-4d1d-a321-129a77bf1602@group-6D4C5FD51127, cid=1968, SUCCESS, logIndex=2941, commits[6571ba41-d309-4d1d-a321-129a77bf1602:c2941, 75e8c5ea-f06a-43e1-af6e-1f7f9b0b2cc1:c2940, 1d8d2908-dfb4-4358-9c6e-64b435d6fccc:c2939]
2019-07-03 07:08:17,425 INFO  storage.RaftLogWorker (RaftLogWorker.java:execute(469)) - 1d8d2908-dfb4-4358-9c6e-64b435d6fccc-RaftLogWorker: created new log segment /opt/src/hadoop-ozone/tools/target/test-dir/MiniOzoneClusterImpl-0519545d-318d-4c21-a2a0-688f18f8a31d/datanode-2/data/ratis/23ffc2a4-5526-4092-9dc4-6d4c5fd51127/current/log_inprogress_2941
2019-07-03 07:08:17,437 INFO  client.GrpcClientProtocolClient (GrpcClientProtocolClient.java:onNext(254)) - client-253D2503C21A->6571ba41-d309-4d1d-a321-129a77bf1602: receive RaftClientReply:client-253D2503C21A->6571ba41-d309-4d1d-a321-129a77bf1602@group-6D4C5FD51127, cid=1969, SUCCESS, logIndex=0, commits[6571ba41-d309-4d1d-a321-129a77bf1602:c2942, 75e8c5ea-f06a-43e1-af6e-1f7f9b0b2cc1:c2941, 1d8d2908-dfb4-4358-9c6e-64b435d6fccc:c2941]
2019-07-03 07:08:17,471 INFO  client.GrpcClientProtocolClient (GrpcClientProtocolClient.java:onNext(254)) - client-253D2503C21A->6571ba41-d309-4d1d-a321-129a77bf1602: receive RaftClientReply:client-253D2503C21A->6571ba41-d309-4d1d-a321-129a77bf1602@group-6D4C5FD51127, cid=1970, SUCCESS, logIndex=2943, commits[6571ba41-d309-4d1d-a321-129a77bf1602:c2943, 75e8c5ea-f06a-43e1-af6e-1f7f9b0b2cc1:c2942, 1d8d2908-dfb4-4358-9c6e-64b435d6fccc:c2942]
2019-07-03 07:08:17,484 INFO  client.GrpcClientProtocolClient (GrpcClientProtocolClient.java:onNext(254)) - client-253D2503C21A->6571ba41-d309-4d1d-a321-129a77bf1602: receive RaftClientReply:client-253D2503C21A->6571ba41-d309-4d1d-a321-129a77bf1602@group-6D4C5FD51127, cid=1971, SUCCESS, logIndex=2945, commits[6571ba41-d309-4d1d-a321-129a77bf1602:c2946, 75e8c5ea-f06a-43e1-af6e-1f7f9b0b2cc1:c2943, 1d8d2908-dfb4-4358-9c6e-64b435d6fccc:c2943]
2019-07-03 07:08:17,484 INFO  client.GrpcClientProtocolClient (GrpcClientProtocolClient.java:onNext(254)) - client-253D2503C21A->6571ba41-d309-4d1d-a321-129a77bf1602: receive RaftClientReply:client-253D2503C21A->6571ba41-d309-4d1d-a321-129a77bf1602@group-6D4C5FD51127, cid=1972, SUCCESS, logIndex=2946, commits[6571ba41-d309-4d1d-a321-129a77bf1602:c2946, 75e8c5ea-f06a-43e1-af6e-1f7f9b0b2cc1:c2943, 1d8d2908-dfb4-4358-9c6e-64b435d6fccc:c2943]
2019-07-03 07:08:17,495 INFO  client.GrpcClientProtocolClient (GrpcClientProtocolClient.java:onNext(254)) - client-253D2503C21A->6571ba41-d309-4d1d-a321-129a77bf1602: receive RaftClientReply:client-253D2503C21A->6571ba41-d309-4d1d-a321-129a77bf1602@group-6D4C5FD51127, cid=1973, SUCCESS, logIndex=2947, commits[6571ba41-d309-4d1d-a321-129a77bf1602:c2948, 75e8c5ea-f06a-43e1-af6e-1f7f9b0b2cc1:c2943, 1d8d2908-dfb4-4358-9c6e-64b435d6fccc:c2946]
2019-07-03 07:08:17,496 INFO  client.GrpcClientProtocolClient (GrpcClientProtocolClient.java:onNext(254)) - client-253D2503C21A->6571ba41-d309-4d1d-a321-129a77bf1602: receive RaftClientReply:client-253D2503C21A->6571ba41-d309-4d1d-a321-129a77bf1602@group-6D4C5FD51127, cid=1974, SUCCESS, logIndex=0, commits[6571ba41-d309-4d1d-a321-129a77bf1602:c2949, 75e8c5ea-f06a-43e1-af6e-1f7f9b0b2cc1:c2946, 1d8d2908-dfb4-4358-9c6e-64b435d6fccc:c2946]
2019-07-03 07:08:17,520 INFO  client.GrpcClientProtocolClient (GrpcClientProtocolClient.java:onNext(254)) - client-253D2503C21A->6571ba41-d309-4d1d-a321-129a77bf1602: receive RaftClientReply:client-253D2503C21A->6571ba41-d309-4d1d-a321-129a77bf1602@group-6D4C5FD51127, cid=1975, SUCCESS, logIndex=2951, commits[6571ba41-d309-4d1d-a321-129a77bf1602:c2951, 75e8c5ea-f06a-43e1-af6e-1f7f9b0b2cc1:c2949, 1d8d2908-dfb4-4358-9c6e-64b435d6fccc:c2949]
2019-07-03 07:08:17,533 INFO  client.GrpcClientProtocolClient (GrpcClientProtocolClient.java:onNext(254)) - client-253D2503C21A->6571ba41-d309-4d1d-a321-129a77bf1602: receive RaftClientReply:client-253D2503C21A->6571ba41-d309-4d1d-a321-129a77bf1602@group-6D4C5FD51127, cid=1976, SUCCESS, logIndex=2953, commits[6571ba41-d309-4d1d-a321-129a77bf1602:c2953, 75e8c5ea-f06a-43e1-af6e-1f7f9b0b2cc1:c2951, 1d8d2908-dfb4-4358-9c6e-64b435d6fccc:c2951]
2019-07-03 07:08:17,555 INFO  client.GrpcClientProtocolClient (GrpcClientProtocolClient.java:onNext(254)) - client-253D2503C21A->6571ba41-d309-4d1d-a321-129a77bf1602: receive RaftClientReply:client-253D2503C21A->6571ba41-d309-4d1d-a321-129a77bf1602@group-6D4C5FD51127, cid=1977, SUCCESS, logIndex=2955, commits[6571ba41-d309-4d1d-a321-129a77bf1602:c2955, 75e8c5ea-f06a-43e1-af6e-1f7f9b0b2cc1:c2954, 1d8d2908-dfb4-4358-9c6e-64b435d6fccc:c2954]
2019-07-03 07:08:17,568 INFO  client.GrpcClientProtocolClient (GrpcClientProtocolClient.java:onNext(254)) - client-253D2503C21A->6571ba41-d309-4d1d-a321-129a77bf1602: receive RaftClientReply:client-253D2503C21A->6571ba41-d309-4d1d-a321-129a77bf1602@group-6D4C5FD51127, cid=1978, SUCCESS, logIndex=2957, commits[6571ba41-d309-4d1d-a321-129a77bf1602:c2957, 75e8c5ea-f06a-43e1-af6e-1f7f9b0b2cc1:c2955, 1d8d2908-dfb4-4358-9c6e-64b435d6fccc:c2955]
2019-07-03 07:08:17,579 INFO  client.GrpcClientProtocolClient (GrpcClientProtocolClient.java:onNext(254)) - client-253D2503C21A->6571ba41-d309-4d1d-a321-129a77bf1602: receive RaftClientReply:client-253D2503C21A->6571ba41-d309-4d1d-a321-129a77bf1602@group-6D4C5FD51127, cid=1979, SUCCESS, logIndex=0, commits[6571ba41-d309-4d1d-a321-129a77bf1602:c2958, 75e8c5ea-f06a-43e1-af6e-1f7f9b0b2cc1:c2957, 1d8d2908-dfb4-4358-9c6e-64b435d6fccc:c2957]
2019-07-03 07:08:17,608 INFO  client.GrpcClientProtocolClient (GrpcClientProtocolClient.java:onNext(254)) - client-253D2503C21A->6571ba41-d309-4d1d-a321-129a77bf1602: receive RaftClientReply:client-253D2503C21A->6571ba41-d309-4d1d-a321-129a77bf1602@group-6D4C5FD51127, cid=1980, SUCCESS, logIndex=2959, commits[6571ba41-d309-4d1d-a321-129a77bf1602:c2959, 75e8c5ea-f06a-43e1-af6e-1f7f9b0b2cc1:c2958, 1d8d2908-dfb4-4358-9c6e-64b435d6fccc:c2958]
2019-07-03 07:08:17,613 INFO  client.GrpcClientProtocolClient (GrpcClientProtocolClient.java:onNext(254)) - client-253D2503C21A->6571ba41-d309-4d1d-a321-129a77bf1602: receive RaftClientReply:client-253D2503C21A->6571ba41-d309-4d1d-a321-129a77bf1602@group-6D4C5FD51127, cid=1981, SUCCESS, logIndex=2961, commits[6571ba41-d309-4d1d-a321-129a77bf1602:c2961, 75e8c5ea-f06a-43e1-af6e-1f7f9b0b2cc1:c2959, 1d8d2908-dfb4-4358-9c6e-64b435d6fccc:c2959]
2019-07-03 07:08:17,616 INFO  client.GrpcClientProtocolClient (GrpcClientProtocolClient.java:onNext(254)) - client-253D2503C21A->6571ba41-d309-4d1d-a321-129a77bf1602: receive RaftClientReply:client-253D2503C21A->6571ba41-d309-4d1d-a321-129a77bf1602@group-6D4C5FD51127, cid=1982, SUCCESS, logIndex=2962, commits[6571ba41-d309-4d1d-a321-129a77bf1602:c2963, 75e8c5ea-f06a-43e1-af6e-1f7f9b0b2cc1:c2959, 1d8d2908-dfb4-4358-9c6e-64b435d6fccc:c2959]
2019-07-03 07:08:17,616 INFO  client.GrpcClientProtocolClient (GrpcClientProtocolClient.java:onNext(254)) - client-253D2503C21A->6571ba41-d309-4d1d-a321-129a77bf1602: receive RaftClientReply:client-253D2503C21A->6571ba41-d309-4d1d-a321-129a77bf1602@group-6D4C5FD51127, cid=1983, SUCCESS, logIndex=2963, commits[6571ba41-d309-4d1d-a321-129a77bf1602:c2963, 75e8c5ea-f06a-43e1-af6e-1f7f9b0b2cc1:c2959, 1d8d2908-dfb4-4358-9c6e-64b435d6fccc:c2959]
2019-07-03 07:08:17,621 INFO  client.GrpcClientProtocolClient (GrpcClientProtocolClient.java:onNext(254)) - client-253D2503C21A->6571ba41-d309-4d1d-a321-129a77bf1602: receive RaftClientReply:client-253D2503C21A->6571ba41-d309-4d1d-a321-129a77bf1602@group-6D4C5FD51127, cid=1984, SUCCESS, logIndex=0, commits[6571ba41-d309-4d1d-a321-129a77bf1602:c2965, 75e8c5ea-f06a-43e1-af6e-1f7f9b0b2cc1:c2962, 1d8d2908-dfb4-4358-9c6e-64b435d6fccc:c2962]
2019-07-03 07:08:17,633 INFO  client.GrpcClientProtocolClient (GrpcClientProtocolClient.java:onNext(254)) - client-253D2503C21A->6571ba41-d309-4d1d-a321-129a77bf1602: receive RaftClientReply:client-253D2503C21A->6571ba41-d309-4d1d-a321-129a77bf1602@group-6D4C5FD51127, cid=1985, SUCCESS, logIndex=2967, commits[6571ba41-d309-4d1d-a321-129a77bf1602:c2967, 75e8c5ea-f06a-43e1-af6e-1f7f9b0b2cc1:c2966, 1d8d2908-dfb4-4358-9c6e-64b435d6fccc:c2963]
2019-07-03 07:08:17,637 INFO  client.GrpcClientProtocolClient (GrpcClientProtocolClient.java:onNext(254)) - client-253D2503C21A->6571ba41-d309-4d1d-a321-129a77bf1602: receive RaftClientReply:client-253D2503C21A->6571ba41-d309-4d1d-a321-129a77bf1602@group-6D4C5FD51127, cid=1986, SUCCESS, logIndex=2969, commits[6571ba41-d309-4d1d-a321-129a77bf1602:c2969, 75e8c5ea-f06a-43e1-af6e-1f7f9b0b2cc1:c2967, 1d8d2908-dfb4-4358-9c6e-64b435d6fccc:c2967]
2019-07-03 07:08:17,658 INFO  client.GrpcClientProtocolClient (GrpcClientProtocolClient.java:onNext(254)) - client-253D2503C21A->6571ba41-d309-4d1d-a321-129a77bf1602: receive RaftClientReply:client-253D2503C21A->6571ba41-d309-4d1d-a321-129a77bf1602@group-6D4C5FD51127, cid=1987, SUCCESS, logIndex=2971, commits[6571ba41-d309-4d1d-a321-129a77bf1602:c2971, 75e8c5ea-f06a-43e1-af6e-1f7f9b0b2cc1:c2970, 1d8d2908-dfb4-4358-9c6e-64b435d6fccc:c2970]
2019-07-03 07:08:17,671 INFO  client.GrpcClientProtocolClient (GrpcClientProtocolClient.java:onNext(254)) - client-253D2503C21A->6571ba41-d309-4d1d-a321-129a77bf1602: receive RaftClientReply:client-253D2503C21A->6571ba41-d309-4d1d-a321-129a77bf1602@group-6D4C5FD51127, cid=1988, SUCCESS, logIndex=2973, commits[6571ba41-d309-4d1d-a321-129a77bf1602:c2973, 75e8c5ea-f06a-43e1-af6e-1f7f9b0b2cc1:c2971, 1d8d2908-dfb4-4358-9c6e-64b435d6fccc:c2971]
2019-07-03 07:08:17,690 INFO  client.GrpcClientProtocolClient (GrpcClientProtocolClient.java:onNext(254)) - client-253D2503C21A->6571ba41-d309-4d1d-a321-129a77bf1602: receive RaftClientReply:client-253D2503C21A->6571ba41-d309-4d1d-a321-129a77bf1602@group-6D4C5FD51127, cid=1989, SUCCESS, logIndex=0, commits[6571ba41-d309-4d1d-a321-129a77bf1602:c2974, 75e8c5ea-f06a-43e1-af6e-1f7f9b0b2cc1:c2973, 1d8d2908-dfb4-4358-9c6e-64b435d6fccc:c2973]
2019-07-03 07:08:17,713 INFO  client.GrpcClientProtocolClient (GrpcClientProtocolClient.java:onNext(254)) - client-253D2503C21A->6571ba41-d309-4d1d-a321-129a77bf1602: receive RaftClientReply:client-253D2503C21A->6571ba41-d309-4d1d-a321-129a77bf1602@group-6D4C5FD51127, cid=1990, SUCCESS, logIndex=2975, commits[6571ba41-d309-4d1d-a321-129a77bf1602:c2975, 75e8c5ea-f06a-43e1-af6e-1f7f9b0b2cc1:c2973, 1d8d2908-dfb4-4358-9c6e-64b435d6fccc:c2974]
 0.00% |█                                                                                                    |  0/1 Time: 0:00:252019-07-03 07:08:17,716 INFO  client.GrpcClientProtocolClient (GrpcClientProtocolClient.java:onNext(254)) - client-253D2503C21A->6571ba41-d309-4d1d-a321-129a77bf1602: receive RaftClientReply:client-253D2503C21A->6571ba41-d309-4d1d-a321-129a77bf1602@group-6D4C5FD51127, cid=1991, SUCCESS, logIndex=2977, commits[6571ba41-d309-4d1d-a321-129a77bf1602:c2977, 75e8c5ea-f06a-43e1-af6e-1f7f9b0b2cc1:c2975, 1d8d2908-dfb4-4358-9c6e-64b435d6fccc:c2975]
2019-07-03 07:08:17,729 INFO  client.GrpcClientProtocolClient (GrpcClientProtocolClient.java:onNext(254)) - client-253D2503C21A->6571ba41-d309-4d1d-a321-129a77bf1602: receive RaftClientReply:client-253D2503C21A->6571ba41-d309-4d1d-a321-129a77bf1602@group-6D4C5FD51127, cid=1992, SUCCESS, logIndex=2978, commits[6571ba41-d309-4d1d-a321-129a77bf1602:c2979, 75e8c5ea-f06a-43e1-af6e-1f7f9b0b2cc1:c2975, 1d8d2908-dfb4-4358-9c6e-64b435d6fccc:c2975]
2019-07-03 07:08:17,729 INFO  client.GrpcClientProtocolClient (GrpcClientProtocolClient.java:onNext(254)) - client-253D2503C21A->6571ba41-d309-4d1d-a321-129a77bf1602: receive RaftClientReply:client-253D2503C21A->6571ba41-d309-4d1d-a321-129a77bf1602@group-6D4C5FD51127, cid=1993, SUCCESS, logIndex=2979, commits[6571ba41-d309-4d1d-a321-129a77bf1602:c2979, 75e8c5ea-f06a-43e1-af6e-1f7f9b0b2cc1:c2975, 1d8d2908-dfb4-4358-9c6e-64b435d6fccc:c2975]
2019-07-03 07:08:17,730 INFO  client.GrpcClientProtocolClient (GrpcClientProtocolClient.java:onNext(254)) - client-253D2503C21A->6571ba41-d309-4d1d-a321-129a77bf1602: receive RaftClientReply:client-253D2503C21A->6571ba41-d309-4d1d-a321-129a77bf1602@group-6D4C5FD51127, cid=1994, SUCCESS, logIndex=0, commits[6571ba41-d309-4d1d-a321-129a77bf1602:c2981, 75e8c5ea-f06a-43e1-af6e-1f7f9b0b2cc1:c2977, 1d8d2908-dfb4-4358-9c6e-64b435d6fccc:c2977]
2019-07-03 07:08:17,751 INFO  client.GrpcClientProtocolClient (GrpcClientProtocolClient.java:onNext(254)) - client-253D2503C21A->6571ba41-d309-4d1d-a321-129a77bf1602: receive RaftClientReply:client-253D2503C21A->6571ba41-d309-4d1d-a321-129a77bf1602@group-6D4C5FD51127, cid=1995, SUCCESS, logIndex=2983, commits[6571ba41-d309-4d1d-a321-129a77bf1602:c2983, 75e8c5ea-f06a-43e1-af6e-1f7f9b0b2cc1:c2982, 1d8d2908-dfb4-4358-9c6e-64b435d6fccc:c2982]
2019-07-03 07:08:17,765 INFO  client.GrpcClientProtocolClient (GrpcClientProtocolClient.java:onNext(254)) - client-253D2503C21A->6571ba41-d309-4d1d-a321-129a77bf1602: receive RaftClientReply:client-253D2503C21A->6571ba41-d309-4d1d-a321-129a77bf1602@group-6D4C5FD51127, cid=1996, SUCCESS, logIndex=2985, commits[6571ba41-d309-4d1d-a321-129a77bf1602:c2985, 75e8c5ea-f06a-43e1-af6e-1f7f9b0b2cc1:c2983, 1d8d2908-dfb4-4358-9c6e-64b435d6fccc:c2983]
2019-07-03 07:08:17,778 INFO  client.GrpcClientProtocolClient (GrpcClientProtocolClient.java:onNext(254)) - client-253D2503C21A->6571ba41-d309-4d1d-a321-129a77bf1602: receive RaftClientReply:client-253D2503C21A->6571ba41-d309-4d1d-a321-129a77bf1602@group-6D4C5FD51127, cid=1997, SUCCESS, logIndex=2987, commits[6571ba41-d309-4d1d-a321-129a77bf1602:c2987, 75e8c5ea-f06a-43e1-af6e-1f7f9b0b2cc1:c2985, 1d8d2908-dfb4-4358-9c6e-64b435d6fccc:c2985]
2019-07-03 07:08:17,791 INFO  client.GrpcClientProtocolClient (GrpcClientProtocolClient.java:onNext(254)) - client-253D2503C21A->6571ba41-d309-4d1d-a321-129a77bf1602: receive RaftClientReply:client-253D2503C21A->6571ba41-d309-4d1d-a321-129a77bf1602@group-6D4C5FD51127, cid=1998, SUCCESS, logIndex=2989, commits[6571ba41-d309-4d1d-a321-129a77bf1602:c2989, 75e8c5ea-f06a-43e1-af6e-1f7f9b0b2cc1:c2987, 1d8d2908-dfb4-4358-9c6e-64b435d6fccc:c2987]
2019-07-03 07:08:17,836 INFO  client.GrpcClientProtocolClient (GrpcClientProtocolClient.java:onNext(254)) - client-253D2503C21A->6571ba41-d309-4d1d-a321-129a77bf1602: receive RaftClientReply:client-253D2503C21A->6571ba41-d309-4d1d-a321-129a77bf1602@group-6D4C5FD51127, cid=1999, SUCCESS, logIndex=0, commits[6571ba41-d309-4d1d-a321-129a77bf1602:c2990, 75e8c5ea-f06a-43e1-af6e-1f7f9b0b2cc1:c2989, 1d8d2908-dfb4-4358-9c6e-64b435d6fccc:c2989]
2019-07-03 07:08:17,865 INFO  client.GrpcClientProtocolClient (GrpcClientProtocolClient.java:onNext(254)) - client-253D2503C21A->6571ba41-d309-4d1d-a321-129a77bf1602: receive RaftClientReply:client-253D2503C21A->6571ba41-d309-4d1d-a321-129a77bf1602@group-6D4C5FD51127, cid=2000, SUCCESS, logIndex=2991, commits[6571ba41-d309-4d1d-a321-129a77bf1602:c2991, 75e8c5ea-f06a-43e1-af6e-1f7f9b0b2cc1:c2990, 1d8d2908-dfb4-4358-9c6e-64b435d6fccc:c2990]
2019-07-03 07:08:17,877 INFO  client.GrpcClientProtocolClient (GrpcClientProtocolClient.java:onNext(254)) - client-253D2503C21A->6571ba41-d309-4d1d-a321-129a77bf1602: receive RaftClientReply:client-253D2503C21A->6571ba41-d309-4d1d-a321-129a77bf1602@group-6D4C5FD51127, cid=2001, SUCCESS, logIndex=2993, commits[6571ba41-d309-4d1d-a321-129a77bf1602:c2994, 75e8c5ea-f06a-43e1-af6e-1f7f9b0b2cc1:c2991, 1d8d2908-dfb4-4358-9c6e-64b435d6fccc:c2991]
2019-07-03 07:08:17,878 INFO  client.GrpcClientProtocolClient (GrpcClientProtocolClient.java:onNext(254)) - client-253D2503C21A->6571ba41-d309-4d1d-a321-129a77bf1602: receive RaftClientReply:client-253D2503C21A->6571ba41-d309-4d1d-a321-129a77bf1602@group-6D4C5FD51127, cid=2002, SUCCESS, logIndex=2994, commits[6571ba41-d309-4d1d-a321-129a77bf1602:c2995, 75e8c5ea-f06a-43e1-af6e-1f7f9b0b2cc1:c2991, 1d8d2908-dfb4-4358-9c6e-64b435d6fccc:c2991]
2019-07-03 07:08:17,879 INFO  client.GrpcClientProtocolClient (GrpcClientProtocolClient.java:onNext(254)) - client-253D2503C21A->6571ba41-d309-4d1d-a321-129a77bf1602: receive RaftClientReply:client-253D2503C21A->6571ba41-d309-4d1d-a321-129a77bf1602@group-6D4C5FD51127, cid=2003, SUCCESS, logIndex=2995, commits[6571ba41-d309-4d1d-a321-129a77bf1602:c2995, 75e8c5ea-f06a-43e1-af6e-1f7f9b0b2cc1:c2991, 1d8d2908-dfb4-4358-9c6e-64b435d6fccc:c2991]
2019-07-03 07:08:17,880 INFO  client.GrpcClientProtocolClient (GrpcClientProtocolClient.java:onNext(254)) - client-253D2503C21A->6571ba41-d309-4d1d-a321-129a77bf1602: receive RaftClientReply:client-253D2503C21A->6571ba41-d309-4d1d-a321-129a77bf1602@group-6D4C5FD51127, cid=2004, SUCCESS, logIndex=0, commits[6571ba41-d309-4d1d-a321-129a77bf1602:c2997, 75e8c5ea-f06a-43e1-af6e-1f7f9b0b2cc1:c2994, 1d8d2908-dfb4-4358-9c6e-64b435d6fccc:c2994]
2019-07-03 07:08:17,900 INFO  client.GrpcClientProtocolClient (GrpcClientProtocolClient.java:onNext(254)) - client-253D2503C21A->6571ba41-d309-4d1d-a321-129a77bf1602: receive RaftClientReply:client-253D2503C21A->6571ba41-d309-4d1d-a321-129a77bf1602@group-6D4C5FD51127, cid=2005, SUCCESS, logIndex=2999, commits[6571ba41-d309-4d1d-a321-129a77bf1602:c2999, 75e8c5ea-f06a-43e1-af6e-1f7f9b0b2cc1:c2998, 1d8d2908-dfb4-4358-9c6e-64b435d6fccc:c2998]
2019-07-03 07:08:17,923 INFO  client.GrpcClientProtocolClient (GrpcClientProtocolClient.java:onNext(254)) - client-253D2503C21A->6571ba41-d309-4d1d-a321-129a77bf1602: receive RaftClientReply:client-253D2503C21A->6571ba41-d309-4d1d-a321-129a77bf1602@group-6D4C5FD51127, cid=2006, SUCCESS, logIndex=3001, commits[6571ba41-d309-4d1d-a321-129a77bf1602:c3001, 75e8c5ea-f06a-43e1-af6e-1f7f9b0b2cc1:c2999, 1d8d2908-dfb4-4358-9c6e-64b435d6fccc:c2999]
2019-07-03 07:08:17,938 INFO  client.GrpcClientProtocolClient (GrpcClientProtocolClient.java:onNext(254)) - client-253D2503C21A->6571ba41-d309-4d1d-a321-129a77bf1602: receive RaftClientReply:client-253D2503C21A->6571ba41-d309-4d1d-a321-129a77bf1602@group-6D4C5FD51127, cid=2007, SUCCESS, logIndex=3003, commits[6571ba41-d309-4d1d-a321-129a77bf1602:c3003, 75e8c5ea-f06a-43e1-af6e-1f7f9b0b2cc1:c3002, 1d8d2908-dfb4-4358-9c6e-64b435d6fccc:c3002]
2019-07-03 07:08:17,951 INFO  client.GrpcClientProtocolClient (GrpcClientProtocolClient.java:onNext(254)) - client-253D2503C21A->6571ba41-d309-4d1d-a321-129a77bf1602: receive RaftClientReply:client-253D2503C21A->6571ba41-d309-4d1d-a321-129a77bf1602@group-6D4C5FD51127, cid=2008, SUCCESS, logIndex=3005, commits[6571ba41-d309-4d1d-a321-129a77bf1602:c3005, 75e8c5ea-f06a-43e1-af6e-1f7f9b0b2cc1:c3003, 1d8d2908-dfb4-4358-9c6e-64b435d6fccc:c3003]
2019-07-03 07:08:17,962 INFO  client.GrpcClientProtocolClient (GrpcClientProtocolClient.java:onNext(254)) - client-253D2503C21A->6571ba41-d309-4d1d-a321-129a77bf1602: receive RaftClientReply:client-253D2503C21A->6571ba41-d309-4d1d-a321-129a77bf1602@group-6D4C5FD51127, cid=2009, SUCCESS, logIndex=0, commits[6571ba41-d309-4d1d-a321-129a77bf1602:c3006, 75e8c5ea-f06a-43e1-af6e-1f7f9b0b2cc1:c3005, 1d8d2908-dfb4-4358-9c6e-64b435d6fccc:c3005]
2019-07-03 07:08:17,987 INFO  client.GrpcClientProtocolClient (GrpcClientProtocolClient.java:onNext(254)) - client-253D2503C21A->6571ba41-d309-4d1d-a321-129a77bf1602: receive RaftClientReply:client-253D2503C21A->6571ba41-d309-4d1d-a321-129a77bf1602@group-6D4C5FD51127, cid=2010, SUCCESS, logIndex=3007, commits[6571ba41-d309-4d1d-a321-129a77bf1602:c3007, 75e8c5ea-f06a-43e1-af6e-1f7f9b0b2cc1:c3006, 1d8d2908-dfb4-4358-9c6e-64b435d6fccc:c3006]
2019-07-03 07:08:18,000 INFO  client.GrpcClientProtocolClient (GrpcClientProtocolClient.java:onNext(254)) - client-253D2503C21A->6571ba41-d309-4d1d-a321-129a77bf1602: receive RaftClientReply:client-253D2503C21A->6571ba41-d309-4d1d-a321-129a77bf1602@group-6D4C5FD51127, cid=2011, SUCCESS, logIndex=3009, commits[6571ba41-d309-4d1d-a321-129a77bf1602:c3009, 75e8c5ea-f06a-43e1-af6e-1f7f9b0b2cc1:c3007, 1d8d2908-dfb4-4358-9c6e-64b435d6fccc:c3007]
2019-07-03 07:08:18,001 INFO  client.GrpcClientProtocolClient (GrpcClientProtocolClient.java:onNext(254)) - client-253D2503C21A->6571ba41-d309-4d1d-a321-129a77bf1602: receive RaftClientReply:client-253D2503C21A->6571ba41-d309-4d1d-a321-129a77bf1602@group-6D4C5FD51127, cid=2012, SUCCESS, logIndex=3010, commits[6571ba41-d309-4d1d-a321-129a77bf1602:c3010, 75e8c5ea-f06a-43e1-af6e-1f7f9b0b2cc1:c3007, 1d8d2908-dfb4-4358-9c6e-64b435d6fccc:c3007]
2019-07-03 07:08:18,001 INFO  client.GrpcClientProtocolClient (GrpcClientProtocolClient.java:onNext(254)) - client-253D2503C21A->6571ba41-d309-4d1d-a321-129a77bf1602: receive RaftClientReply:client-253D2503C21A->6571ba41-d309-4d1d-a321-129a77bf1602@group-6D4C5FD51127, cid=2013, SUCCESS, logIndex=3011, commits[6571ba41-d309-4d1d-a321-129a77bf1602:c3011, 75e8c5ea-f06a-43e1-af6e-1f7f9b0b2cc1:c3007, 1d8d2908-dfb4-4358-9c6e-64b435d6fccc:c3007]
2019-07-03 07:08:18,003 INFO  client.GrpcClientProtocolClient (GrpcClientProtocolClient.java:onNext(254)) - client-253D2503C21A->6571ba41-d309-4d1d-a321-129a77bf1602: receive RaftClientReply:client-253D2503C21A->6571ba41-d309-4d1d-a321-129a77bf1602@group-6D4C5FD51127, cid=2014, SUCCESS, logIndex=0, commits[6571ba41-d309-4d1d-a321-129a77bf1602:c3013, 75e8c5ea-f06a-43e1-af6e-1f7f9b0b2cc1:c3010, 1d8d2908-dfb4-4358-9c6e-64b435d6fccc:c3009]
2019-07-03 07:08:18,023 INFO  client.GrpcClientProtocolClient (GrpcClientProtocolClient.java:onNext(254)) - client-253D2503C21A->6571ba41-d309-4d1d-a321-129a77bf1602: receive RaftClientReply:client-253D2503C21A->6571ba41-d309-4d1d-a321-129a77bf1602@group-6D4C5FD51127, cid=2015, SUCCESS, logIndex=3015, commits[6571ba41-d309-4d1d-a321-129a77bf1602:c3015, 75e8c5ea-f06a-43e1-af6e-1f7f9b0b2cc1:c3014, 1d8d2908-dfb4-4358-9c6e-64b435d6fccc:c3014]
2019-07-03 07:08:18,036 INFO  client.GrpcClientProtocolClient (GrpcClientProtocolClient.java:onNext(254)) - client-253D2503C21A->6571ba41-d309-4d1d-a321-129a77bf1602: receive RaftClientReply:client-253D2503C21A->6571ba41-d309-4d1d-a321-129a77bf1602@group-6D4C5FD51127, cid=2016, SUCCESS, logIndex=3017, commits[6571ba41-d309-4d1d-a321-129a77bf1602:c3017, 75e8c5ea-f06a-43e1-af6e-1f7f9b0b2cc1:c3015, 1d8d2908-dfb4-4358-9c6e-64b435d6fccc:c3015]
2019-07-03 07:08:18,050 INFO  storage.RaftLogWorker (RaftLogWorker.java:rollLogSegment(303)) - 6571ba41-d309-4d1d-a321-129a77bf1602-RaftLogWorker: Rolling segment log-2941_3020 to index:3020
2019-07-03 07:08:18,050 INFO  client.GrpcClientProtocolClient (GrpcClientProtocolClient.java:onNext(254)) - client-253D2503C21A->6571ba41-d309-4d1d-a321-129a77bf1602: receive RaftClientReply:client-253D2503C21A->6571ba41-d309-4d1d-a321-129a77bf1602@group-6D4C5FD51127, cid=2017, SUCCESS, logIndex=3019, commits[6571ba41-d309-4d1d-a321-129a77bf1602:c3019, 75e8c5ea-f06a-43e1-af6e-1f7f9b0b2cc1:c3017, 1d8d2908-dfb4-4358-9c6e-64b435d6fccc:c3017]
2019-07-03 07:08:18,050 INFO  storage.RaftLogWorker (RaftLogWorker.java:execute(433)) - 6571ba41-d309-4d1d-a321-129a77bf1602-RaftLogWorker: Rolled log segment from /opt/src/hadoop-ozone/tools/target/test-dir/MiniOzoneClusterImpl-0519545d-318d-4c21-a2a0-688f18f8a31d/datanode-4/data/ratis/23ffc2a4-5526-4092-9dc4-6d4c5fd51127/current/log_inprogress_2941 to /opt/src/hadoop-ozone/tools/target/test-dir/MiniOzoneClusterImpl-0519545d-318d-4c21-a2a0-688f18f8a31d/datanode-4/data/ratis/23ffc2a4-5526-4092-9dc4-6d4c5fd51127/current/log_2941-3020
2019-07-03 07:08:18,050 INFO  storage.RaftLogWorker (RaftLogWorker.java:rollLogSegment(303)) - 1d8d2908-dfb4-4358-9c6e-64b435d6fccc-RaftLogWorker: Rolling segment log-2941_3020 to index:3020
2019-07-03 07:08:18,050 INFO  storage.RaftLogWorker (RaftLogWorker.java:rollLogSegment(303)) - 75e8c5ea-f06a-43e1-af6e-1f7f9b0b2cc1-RaftLogWorker: Rolling segment log-2941_3020 to index:3020
2019-07-03 07:08:18,051 INFO  storage.RaftLogWorker (RaftLogWorker.java:execute(433)) - 1d8d2908-dfb4-4358-9c6e-64b435d6fccc-RaftLogWorker: Rolled log segment from /opt/src/hadoop-ozone/tools/target/test-dir/MiniOzoneClusterImpl-0519545d-318d-4c21-a2a0-688f18f8a31d/datanode-2/data/ratis/23ffc2a4-5526-4092-9dc4-6d4c5fd51127/current/log_inprogress_2941 to /opt/src/hadoop-ozone/tools/target/test-dir/MiniOzoneClusterImpl-0519545d-318d-4c21-a2a0-688f18f8a31d/datanode-2/data/ratis/23ffc2a4-5526-4092-9dc4-6d4c5fd51127/current/log_2941-3020
2019-07-03 07:08:18,051 INFO  storage.RaftLogWorker (RaftLogWorker.java:execute(433)) - 75e8c5ea-f06a-43e1-af6e-1f7f9b0b2cc1-RaftLogWorker: Rolled log segment from /opt/src/hadoop-ozone/tools/target/test-dir/MiniOzoneClusterImpl-0519545d-318d-4c21-a2a0-688f18f8a31d/datanode-1/data/ratis/23ffc2a4-5526-4092-9dc4-6d4c5fd51127/current/log_inprogress_2941 to /opt/src/hadoop-ozone/tools/target/test-dir/MiniOzoneClusterImpl-0519545d-318d-4c21-a2a0-688f18f8a31d/datanode-1/data/ratis/23ffc2a4-5526-4092-9dc4-6d4c5fd51127/current/log_2941-3020
2019-07-03 07:08:18,089 INFO  storage.RaftLogWorker (RaftLogWorker.java:execute(469)) - 75e8c5ea-f06a-43e1-af6e-1f7f9b0b2cc1-RaftLogWorker: created new log segment /opt/src/hadoop-ozone/tools/target/test-dir/MiniOzoneClusterImpl-0519545d-318d-4c21-a2a0-688f18f8a31d/datanode-1/data/ratis/23ffc2a4-5526-4092-9dc4-6d4c5fd51127/current/log_inprogress_3021
2019-07-03 07:08:18,089 INFO  storage.RaftLogWorker (RaftLogWorker.java:execute(469)) - 6571ba41-d309-4d1d-a321-129a77bf1602-RaftLogWorker: created new log segment /opt/src/hadoop-ozone/tools/target/test-dir/MiniOzoneClusterImpl-0519545d-318d-4c21-a2a0-688f18f8a31d/datanode-4/data/ratis/23ffc2a4-5526-4092-9dc4-6d4c5fd51127/current/log_inprogress_3021
2019-07-03 07:08:18,089 INFO  storage.RaftLogWorker (RaftLogWorker.java:execute(469)) - 1d8d2908-dfb4-4358-9c6e-64b435d6fccc-RaftLogWorker: created new log segment /opt/src/hadoop-ozone/tools/target/test-dir/MiniOzoneClusterImpl-0519545d-318d-4c21-a2a0-688f18f8a31d/datanode-2/data/ratis/23ffc2a4-5526-4092-9dc4-6d4c5fd51127/current/log_inprogress_3021
2019-07-03 07:08:18,092 INFO  client.GrpcClientProtocolClient (GrpcClientProtocolClient.java:onNext(254)) - client-253D2503C21A->6571ba41-d309-4d1d-a321-129a77bf1602: receive RaftClientReply:client-253D2503C21A->6571ba41-d309-4d1d-a321-129a77bf1602@group-6D4C5FD51127, cid=2018, SUCCESS, logIndex=3021, commits[6571ba41-d309-4d1d-a321-129a77bf1602:c3021, 75e8c5ea-f06a-43e1-af6e-1f7f9b0b2cc1:c3019, 1d8d2908-dfb4-4358-9c6e-64b435d6fccc:c3019]
2019-07-03 07:08:18,094 INFO  client.GrpcClientProtocolClient (GrpcClientProtocolClient.java:onNext(254)) - client-253D2503C21A->6571ba41-d309-4d1d-a321-129a77bf1602: receive RaftClientReply:client-253D2503C21A->6571ba41-d309-4d1d-a321-129a77bf1602@group-6D4C5FD51127, cid=2019, SUCCESS, logIndex=0, commits[6571ba41-d309-4d1d-a321-129a77bf1602:c3022, 75e8c5ea-f06a-43e1-af6e-1f7f9b0b2cc1:c3021, 1d8d2908-dfb4-4358-9c6e-64b435d6fccc:c3021]
2019-07-03 07:08:18,121 INFO  client.GrpcClientProtocolClient (GrpcClientProtocolClient.java:onNext(254)) - client-253D2503C21A->6571ba41-d309-4d1d-a321-129a77bf1602: receive RaftClientReply:client-253D2503C21A->6571ba41-d309-4d1d-a321-129a77bf1602@group-6D4C5FD51127, cid=2020, SUCCESS, logIndex=3023, commits[6571ba41-d309-4d1d-a321-129a77bf1602:c3023, 75e8c5ea-f06a-43e1-af6e-1f7f9b0b2cc1:c3022, 1d8d2908-dfb4-4358-9c6e-64b435d6fccc:c3022]
2019-07-03 07:08:18,133 INFO  client.GrpcClientProtocolClient (GrpcClientProtocolClient.java:onNext(254)) - client-253D2503C21A->6571ba41-d309-4d1d-a321-129a77bf1602: receive RaftClientReply:client-253D2503C21A->6571ba41-d309-4d1d-a321-129a77bf1602@group-6D4C5FD51127, cid=2021, SUCCESS, logIndex=3025, commits[6571ba41-d309-4d1d-a321-129a77bf1602:c3026, 75e8c5ea-f06a-43e1-af6e-1f7f9b0b2cc1:c3023, 1d8d2908-dfb4-4358-9c6e-64b435d6fccc:c3023]
2019-07-03 07:08:18,133 INFO  client.GrpcClientProtocolClient (GrpcClientProtocolClient.java:onNext(254)) - client-253D2503C21A->6571ba41-d309-4d1d-a321-129a77bf1602: receive RaftClientReply:client-253D2503C21A->6571ba41-d309-4d1d-a321-129a77bf1602@group-6D4C5FD51127, cid=2022, SUCCESS, logIndex=3026, commits[6571ba41-d309-4d1d-a321-129a77bf1602:c3026, 75e8c5ea-f06a-43e1-af6e-1f7f9b0b2cc1:c3023, 1d8d2908-dfb4-4358-9c6e-64b435d6fccc:c3023]
2019-07-03 07:08:18,134 INFO  client.GrpcClientProtocolClient (GrpcClientProtocolClient.java:onNext(254)) - client-253D2503C21A->6571ba41-d309-4d1d-a321-129a77bf1602: receive RaftClientReply:client-253D2503C21A->6571ba41-d309-4d1d-a321-129a77bf1602@group-6D4C5FD51127, cid=2023, SUCCESS, logIndex=3027, commits[6571ba41-d309-4d1d-a321-129a77bf1602:c3028, 75e8c5ea-f06a-43e1-af6e-1f7f9b0b2cc1:c3023, 1d8d2908-dfb4-4358-9c6e-64b435d6fccc:c3026]
2019-07-03 07:08:18,134 INFO  client.GrpcClientProtocolClient (GrpcClientProtocolClient.java:onNext(254)) - client-253D2503C21A->6571ba41-d309-4d1d-a321-129a77bf1602: receive RaftClientReply:client-253D2503C21A->6571ba41-d309-4d1d-a321-129a77bf1602@group-6D4C5FD51127, cid=2024, SUCCESS, logIndex=0, commits[6571ba41-d309-4d1d-a321-129a77bf1602:c3028, 75e8c5ea-f06a-43e1-af6e-1f7f9b0b2cc1:c3025, 1d8d2908-dfb4-4358-9c6e-64b435d6fccc:c3026]
2019-07-03 07:08:18,154 INFO  client.GrpcClientProtocolClient (GrpcClientProtocolClient.java:onNext(254)) - client-253D2503C21A->6571ba41-d309-4d1d-a321-129a77bf1602: receive RaftClientReply:client-253D2503C21A->6571ba41-d309-4d1d-a321-129a77bf1602@group-6D4C5FD51127, cid=2025, SUCCESS, logIndex=3031, commits[6571ba41-d309-4d1d-a321-129a77bf1602:c3031, 75e8c5ea-f06a-43e1-af6e-1f7f9b0b2cc1:c3030, 1d8d2908-dfb4-4358-9c6e-64b435d6fccc:c3030]
2019-07-03 07:08:18,157 INFO  client.GrpcClientProtocolClient (GrpcClientProtocolClient.java:onNext(254)) - client-253D2503C21A->6571ba41-d309-4d1d-a321-129a77bf1602: receive RaftClientReply:client-253D2503C21A->6571ba41-d309-4d1d-a321-129a77bf1602@group-6D4C5FD51127, cid=2026, SUCCESS, logIndex=3033, commits[6571ba41-d309-4d1d-a321-129a77bf1602:c3033, 75e8c5ea-f06a-43e1-af6e-1f7f9b0b2cc1:c3031, 1d8d2908-dfb4-4358-9c6e-64b435d6fccc:c3031]
2019-07-03 07:08:18,182 INFO  client.GrpcClientProtocolClient (GrpcClientProtocolClient.java:onNext(254)) - client-253D2503C21A->6571ba41-d309-4d1d-a321-129a77bf1602: receive RaftClientReply:client-253D2503C21A->6571ba41-d309-4d1d-a321-129a77bf1602@group-6D4C5FD51127, cid=2027, SUCCESS, logIndex=3035, commits[6571ba41-d309-4d1d-a321-129a77bf1602:c3035, 75e8c5ea-f06a-43e1-af6e-1f7f9b0b2cc1:c3034, 1d8d2908-dfb4-4358-9c6e-64b435d6fccc:c3034]
2019-07-03 07:08:18,195 INFO  client.GrpcClientProtocolClient (GrpcClientProtocolClient.java:onNext(254)) - client-253D2503C21A->6571ba41-d309-4d1d-a321-129a77bf1602: receive RaftClientReply:client-253D2503C21A->6571ba41-d309-4d1d-a321-129a77bf1602@group-6D4C5FD51127, cid=2028, SUCCESS, logIndex=3037, commits[6571ba41-d309-4d1d-a321-129a77bf1602:c3037, 75e8c5ea-f06a-43e1-af6e-1f7f9b0b2cc1:c3035, 1d8d2908-dfb4-4358-9c6e-64b435d6fccc:c3035]
2019-07-03 07:08:18,207 INFO  client.GrpcClientProtocolClient (GrpcClientProtocolClient.java:onNext(254)) - client-253D2503C21A->6571ba41-d309-4d1d-a321-129a77bf1602: receive RaftClientReply:client-253D2503C21A->6571ba41-d309-4d1d-a321-129a77bf1602@group-6D4C5FD51127, cid=2029, SUCCESS, logIndex=0, commits[6571ba41-d309-4d1d-a321-129a77bf1602:c3038, 75e8c5ea-f06a-43e1-af6e-1f7f9b0b2cc1:c3037, 1d8d2908-dfb4-4358-9c6e-64b435d6fccc:c3037]
2019-07-03 07:08:18,227 INFO  client.GrpcClientProtocolClient (GrpcClientProtocolClient.java:onNext(254)) - client-253D2503C21A->6571ba41-d309-4d1d-a321-129a77bf1602: receive RaftClientReply:client-253D2503C21A->6571ba41-d309-4d1d-a321-129a77bf1602@group-6D4C5FD51127, cid=2030, SUCCESS, logIndex=3039, commits[6571ba41-d309-4d1d-a321-129a77bf1602:c3039, 75e8c5ea-f06a-43e1-af6e-1f7f9b0b2cc1:c3038, 1d8d2908-dfb4-4358-9c6e-64b435d6fccc:c3038]
2019-07-03 07:08:18,239 INFO  client.GrpcClientProtocolClient (GrpcClientProtocolClient.java:onNext(254)) - client-253D2503C21A->6571ba41-d309-4d1d-a321-129a77bf1602: receive RaftClientReply:client-253D2503C21A->6571ba41-d309-4d1d-a321-129a77bf1602@group-6D4C5FD51127, cid=2031, SUCCESS, logIndex=3041, commits[6571ba41-d309-4d1d-a321-129a77bf1602:c3042, 75e8c5ea-f06a-43e1-af6e-1f7f9b0b2cc1:c3039, 1d8d2908-dfb4-4358-9c6e-64b435d6fccc:c3039]
2019-07-03 07:08:18,240 INFO  client.GrpcClientProtocolClient (GrpcClientProtocolClient.java:onNext(254)) - client-253D2503C21A->6571ba41-d309-4d1d-a321-129a77bf1602: receive RaftClientReply:client-253D2503C21A->6571ba41-d309-4d1d-a321-129a77bf1602@group-6D4C5FD51127, cid=2032, SUCCESS, logIndex=3042, commits[6571ba41-d309-4d1d-a321-129a77bf1602:c3042, 75e8c5ea-f06a-43e1-af6e-1f7f9b0b2cc1:c3039, 1d8d2908-dfb4-4358-9c6e-64b435d6fccc:c3039]
2019-07-03 07:08:18,240 INFO  client.GrpcClientProtocolClient (GrpcClientProtocolClient.java:onNext(254)) - client-253D2503C21A->6571ba41-d309-4d1d-a321-129a77bf1602: receive RaftClientReply:client-253D2503C21A->6571ba41-d309-4d1d-a321-129a77bf1602@group-6D4C5FD51127, cid=2033, SUCCESS, logIndex=3043, commits[6571ba41-d309-4d1d-a321-129a77bf1602:c3043, 75e8c5ea-f06a-43e1-af6e-1f7f9b0b2cc1:c3039, 1d8d2908-dfb4-4358-9c6e-64b435d6fccc:c3039]
2019-07-03 07:08:18,241 INFO  client.GrpcClientProtocolClient (GrpcClientProtocolClient.java:onNext(254)) - client-253D2503C21A->6571ba41-d309-4d1d-a321-129a77bf1602: receive RaftClientReply:client-253D2503C21A->6571ba41-d309-4d1d-a321-129a77bf1602@group-6D4C5FD51127, cid=2034, SUCCESS, logIndex=0, commits[6571ba41-d309-4d1d-a321-129a77bf1602:c3044, 75e8c5ea-f06a-43e1-af6e-1f7f9b0b2cc1:c3041, 1d8d2908-dfb4-4358-9c6e-64b435d6fccc:c3042]
2019-07-03 07:08:18,260 INFO  client.GrpcClientProtocolClient (GrpcClientProtocolClient.java:onNext(254)) - client-253D2503C21A->6571ba41-d309-4d1d-a321-129a77bf1602: receive RaftClientReply:client-253D2503C21A->6571ba41-d309-4d1d-a321-129a77bf1602@group-6D4C5FD51127, cid=2035, SUCCESS, logIndex=3047, commits[6571ba41-d309-4d1d-a321-129a77bf1602:c3047, 75e8c5ea-f06a-43e1-af6e-1f7f9b0b2cc1:c3046, 1d8d2908-dfb4-4358-9c6e-64b435d6fccc:c3046]
2019-07-03 07:08:18,274 INFO  client.GrpcClientProtocolClient (GrpcClientProtocolClient.java:onNext(254)) - client-253D2503C21A->6571ba41-d309-4d1d-a321-129a77bf1602: receive RaftClientReply:client-253D2503C21A->6571ba41-d309-4d1d-a321-129a77bf1602@group-6D4C5FD51127, cid=2036, SUCCESS, logIndex=3049, commits[6571ba41-d309-4d1d-a321-129a77bf1602:c3049, 75e8c5ea-f06a-43e1-af6e-1f7f9b0b2cc1:c3047, 1d8d2908-dfb4-4358-9c6e-64b435d6fccc:c3047]
2019-07-03 07:08:18,287 INFO  client.GrpcClientProtocolClient (GrpcClientProtocolClient.java:onNext(254)) - client-253D2503C21A->6571ba41-d309-4d1d-a321-129a77bf1602: receive RaftClientReply:client-253D2503C21A->6571ba41-d309-4d1d-a321-129a77bf1602@group-6D4C5FD51127, cid=2037, SUCCESS, logIndex=3051, commits[6571ba41-d309-4d1d-a321-129a77bf1602:c3051, 75e8c5ea-f06a-43e1-af6e-1f7f9b0b2cc1:c3049, 1d8d2908-dfb4-4358-9c6e-64b435d6fccc:c3049]
2019-07-03 07:08:18,303 INFO  client.GrpcClientProtocolClient (GrpcClientProtocolClient.java:onNext(254)) - client-253D2503C21A->6571ba41-d309-4d1d-a321-129a77bf1602: receive RaftClientReply:client-253D2503C21A->6571ba41-d309-4d1d-a321-129a77bf1602@group-6D4C5FD51127, cid=2038, SUCCESS, logIndex=3053, commits[6571ba41-d309-4d1d-a321-129a77bf1602:c3054, 75e8c5ea-f06a-43e1-af6e-1f7f9b0b2cc1:c3053, 1d8d2908-dfb4-4358-9c6e-64b435d6fccc:c3053]
2019-07-03 07:08:18,329 INFO  client.GrpcClientProtocolClient (GrpcClientProtocolClient.java:onNext(254)) - client-253D2503C21A->6571ba41-d309-4d1d-a321-129a77bf1602: receive RaftClientReply:client-253D2503C21A->6571ba41-d309-4d1d-a321-129a77bf1602@group-6D4C5FD51127, cid=2039, SUCCESS, logIndex=3055, commits[6571ba41-d309-4d1d-a321-129a77bf1602:c3055, 75e8c5ea-f06a-43e1-af6e-1f7f9b0b2cc1:c3054, 1d8d2908-dfb4-4358-9c6e-64b435d6fccc:c3054]
2019-07-03 07:08:18,341 INFO  client.GrpcClientProtocolClient (GrpcClientProtocolClient.java:onNext(254)) - client-253D2503C21A->6571ba41-d309-4d1d-a321-129a77bf1602: receive RaftClientReply:client-253D2503C21A->6571ba41-d309-4d1d-a321-129a77bf1602@group-6D4C5FD51127, cid=2040, SUCCESS, logIndex=3057, commits[6571ba41-d309-4d1d-a321-129a77bf1602:c3058, 75e8c5ea-f06a-43e1-af6e-1f7f9b0b2cc1:c3055, 1d8d2908-dfb4-4358-9c6e-64b435d6fccc:c3055]
2019-07-03 07:08:18,342 INFO  client.GrpcClientProtocolClient (GrpcClientProtocolClient.java:onNext(254)) - client-253D2503C21A->6571ba41-d309-4d1d-a321-129a77bf1602: receive RaftClientReply:client-253D2503C21A->6571ba41-d309-4d1d-a321-129a77bf1602@group-6D4C5FD51127, cid=2041, SUCCESS, logIndex=3058, commits[6571ba41-d309-4d1d-a321-129a77bf1602:c3058, 75e8c5ea-f06a-43e1-af6e-1f7f9b0b2cc1:c3055, 1d8d2908-dfb4-4358-9c6e-64b435d6fccc:c3055]
2019-07-03 07:08:18,342 INFO  client.GrpcClientProtocolClient (GrpcClientProtocolClient.java:onNext(254)) - client-253D2503C21A->6571ba41-d309-4d1d-a321-129a77bf1602: receive RaftClientReply:client-253D2503C21A->6571ba41-d309-4d1d-a321-129a77bf1602@group-6D4C5FD51127, cid=2042, SUCCESS, logIndex=3059, commits[6571ba41-d309-4d1d-a321-129a77bf1602:c3060, 75e8c5ea-f06a-43e1-af6e-1f7f9b0b2cc1:c3055, 1d8d2908-dfb4-4358-9c6e-64b435d6fccc:c3057]
2019-07-03 07:08:18,343 INFO  client.GrpcClientProtocolClient (GrpcClientProtocolClient.java:onNext(254)) - client-253D2503C21A->6571ba41-d309-4d1d-a321-129a77bf1602: receive RaftClientReply:client-253D2503C21A->6571ba41-d309-4d1d-a321-129a77bf1602@group-6D4C5FD51127, cid=2043, SUCCESS, logIndex=0, commits[6571ba41-d309-4d1d-a321-129a77bf1602:c3061, 75e8c5ea-f06a-43e1-af6e-1f7f9b0b2cc1:c3058, 1d8d2908-dfb4-4358-9c6e-64b435d6fccc:c3058]
2019-07-03 07:08:18,363 INFO  client.GrpcClientProtocolClient (GrpcClientProtocolClient.java:onNext(254)) - client-253D2503C21A->6571ba41-d309-4d1d-a321-129a77bf1602: receive RaftClientReply:client-253D2503C21A->6571ba41-d309-4d1d-a321-129a77bf1602@group-6D4C5FD51127, cid=2044, SUCCESS, logIndex=3063, commits[6571ba41-d309-4d1d-a321-129a77bf1602:c3063, 75e8c5ea-f06a-43e1-af6e-1f7f9b0b2cc1:c3062, 1d8d2908-dfb4-4358-9c6e-64b435d6fccc:c3062]
2019-07-03 07:08:18,459 INFO  client.GrpcClientProtocolClient (GrpcClientProtocolClient.java:onNext(254)) - client-253D2503C21A->6571ba41-d309-4d1d-a321-129a77bf1602: receive RaftClientReply:client-253D2503C21A->6571ba41-d309-4d1d-a321-129a77bf1602@group-6D4C5FD51127, cid=2045, SUCCESS, logIndex=3065, commits[6571ba41-d309-4d1d-a321-129a77bf1602:c3065, 75e8c5ea-f06a-43e1-af6e-1f7f9b0b2cc1:c3063, 1d8d2908-dfb4-4358-9c6e-64b435d6fccc:c3063]
2019-07-03 07:08:18,483 INFO  client.GrpcClientProtocolClient (GrpcClientProtocolClient.java:onNext(254)) - client-253D2503C21A->6571ba41-d309-4d1d-a321-129a77bf1602: receive RaftClientReply:client-253D2503C21A->6571ba41-d309-4d1d-a321-129a77bf1602@group-6D4C5FD51127, cid=2046, SUCCESS, logIndex=3067, commits[6571ba41-d309-4d1d-a321-129a77bf1602:c3067, 75e8c5ea-f06a-43e1-af6e-1f7f9b0b2cc1:c3065, 1d8d2908-dfb4-4358-9c6e-64b435d6fccc:c3065]
2019-07-03 07:08:18,486 INFO  client.GrpcClientProtocolClient (GrpcClientProtocolClient.java:onNext(254)) - client-253D2503C21A->6571ba41-d309-4d1d-a321-129a77bf1602: receive RaftClientReply:client-253D2503C21A->6571ba41-d309-4d1d-a321-129a77bf1602@group-6D4C5FD51127, cid=2047, SUCCESS, logIndex=3069, commits[6571ba41-d309-4d1d-a321-129a77bf1602:c3069, 75e8c5ea-f06a-43e1-af6e-1f7f9b0b2cc1:c3067, 1d8d2908-dfb4-4358-9c6e-64b435d6fccc:c3067]
2019-07-03 07:08:18,499 INFO  client.GrpcClientProtocolClient (GrpcClientProtocolClient.java:onNext(254)) - client-253D2503C21A->6571ba41-d309-4d1d-a321-129a77bf1602: receive RaftClientReply:client-253D2503C21A->6571ba41-d309-4d1d-a321-129a77bf1602@group-6D4C5FD51127, cid=2048, SUCCESS, logIndex=0, commits[6571ba41-d309-4d1d-a321-129a77bf1602:c3070, 75e8c5ea-f06a-43e1-af6e-1f7f9b0b2cc1:c3069, 1d8d2908-dfb4-4358-9c6e-64b435d6fccc:c3069]
2019-07-03 07:08:18,528 INFO  client.GrpcClientProtocolClient (GrpcClientProtocolClient.java:onNext(254)) - client-253D2503C21A->6571ba41-d309-4d1d-a321-129a77bf1602: receive RaftClientReply:client-253D2503C21A->6571ba41-d309-4d1d-a321-129a77bf1602@group-6D4C5FD51127, cid=2049, SUCCESS, logIndex=3071, commits[6571ba41-d309-4d1d-a321-129a77bf1602:c3071, 75e8c5ea-f06a-43e1-af6e-1f7f9b0b2cc1:c3070, 1d8d2908-dfb4-4358-9c6e-64b435d6fccc:c3070]
2019-07-03 07:08:18,540 INFO  client.GrpcClientProtocolClient (GrpcClientProtocolClient.java:onNext(254)) - client-253D2503C21A->6571ba41-d309-4d1d-a321-129a77bf1602: receive RaftClientReply:client-253D2503C21A->6571ba41-d309-4d1d-a321-129a77bf1602@group-6D4C5FD51127, cid=2050, SUCCESS, logIndex=3073, commits[6571ba41-d309-4d1d-a321-129a77bf1602:c3074, 75e8c5ea-f06a-43e1-af6e-1f7f9b0b2cc1:c3071, 1d8d2908-dfb4-4358-9c6e-64b435d6fccc:c3071]
2019-07-03 07:08:18,540 INFO  client.GrpcClientProtocolClient (GrpcClientProtocolClient.java:onNext(254)) - client-253D2503C21A->6571ba41-d309-4d1d-a321-129a77bf1602: receive RaftClientReply:client-253D2503C21A->6571ba41-d309-4d1d-a321-129a77bf1602@group-6D4C5FD51127, cid=2051, SUCCESS, logIndex=3074, commits[6571ba41-d309-4d1d-a321-129a77bf1602:c3074, 75e8c5ea-f06a-43e1-af6e-1f7f9b0b2cc1:c3071, 1d8d2908-dfb4-4358-9c6e-64b435d6fccc:c3071]
2019-07-03 07:08:18,541 INFO  client.GrpcClientProtocolClient (GrpcClientProtocolClient.java:onNext(254)) - client-253D2503C21A->6571ba41-d309-4d1d-a321-129a77bf1602: receive RaftClientReply:client-253D2503C21A->6571ba41-d309-4d1d-a321-129a77bf1602@group-6D4C5FD51127, cid=2052, SUCCESS, logIndex=3075, commits[6571ba41-d309-4d1d-a321-129a77bf1602:c3075, 75e8c5ea-f06a-43e1-af6e-1f7f9b0b2cc1:c3071, 1d8d2908-dfb4-4358-9c6e-64b435d6fccc:c3073]
2019-07-03 07:08:18,542 INFO  client.GrpcClientProtocolClient (GrpcClientProtocolClient.java:onNext(254)) - client-253D2503C21A->6571ba41-d309-4d1d-a321-129a77bf1602: receive RaftClientReply:client-253D2503C21A->6571ba41-d309-4d1d-a321-129a77bf1602@group-6D4C5FD51127, cid=2053, SUCCESS, logIndex=0, commits[6571ba41-d309-4d1d-a321-129a77bf1602:c3076, 75e8c5ea-f06a-43e1-af6e-1f7f9b0b2cc1:c3074, 1d8d2908-dfb4-4358-9c6e-64b435d6fccc:c3074]
2019-07-03 07:08:18,562 INFO  client.GrpcClientProtocolClient (GrpcClientProtocolClient.java:onNext(254)) - client-253D2503C21A->6571ba41-d309-4d1d-a321-129a77bf1602: receive RaftClientReply:client-253D2503C21A->6571ba41-d309-4d1d-a321-129a77bf1602@group-6D4C5FD51127, cid=2054, SUCCESS, logIndex=3079, commits[6571ba41-d309-4d1d-a321-129a77bf1602:c3079, 75e8c5ea-f06a-43e1-af6e-1f7f9b0b2cc1:c3078, 1d8d2908-dfb4-4358-9c6e-64b435d6fccc:c3078]
2019-07-03 07:08:18,574 INFO  client.GrpcClientProtocolClient (GrpcClientProtocolClient.java:onNext(254)) - client-253D2503C21A->6571ba41-d309-4d1d-a321-129a77bf1602: receive RaftClientReply:client-253D2503C21A->6571ba41-d309-4d1d-a321-129a77bf1602@group-6D4C5FD51127, cid=2055, SUCCESS, logIndex=3081, commits[6571ba41-d309-4d1d-a321-129a77bf1602:c3081, 75e8c5ea-f06a-43e1-af6e-1f7f9b0b2cc1:c3079, 1d8d2908-dfb4-4358-9c6e-64b435d6fccc:c3079]
2019-07-03 07:08:18,587 INFO  client.GrpcClientProtocolClient (GrpcClientProtocolClient.java:onNext(254)) - client-253D2503C21A->6571ba41-d309-4d1d-a321-129a77bf1602: receive RaftClientReply:client-253D2503C21A->6571ba41-d309-4d1d-a321-129a77bf1602@group-6D4C5FD51127, cid=2056, SUCCESS, logIndex=3083, commits[6571ba41-d309-4d1d-a321-129a77bf1602:c3083, 75e8c5ea-f06a-43e1-af6e-1f7f9b0b2cc1:c3081, 1d8d2908-dfb4-4358-9c6e-64b435d6fccc:c3081]
2019-07-03 07:08:18,600 INFO  client.GrpcClientProtocolClient (GrpcClientProtocolClient.java:onNext(254)) - client-253D2503C21A->6571ba41-d309-4d1d-a321-129a77bf1602: receive RaftClientReply:client-253D2503C21A->6571ba41-d309-4d1d-a321-129a77bf1602@group-6D4C5FD51127, cid=2057, SUCCESS, logIndex=3085, commits[6571ba41-d309-4d1d-a321-129a77bf1602:c3085, 75e8c5ea-f06a-43e1-af6e-1f7f9b0b2cc1:c3081, 1d8d2908-dfb4-4358-9c6e-64b435d6fccc:c3083]
2019-07-03 07:08:18,612 INFO  client.GrpcClientProtocolClient (GrpcClientProtocolClient.java:onNext(254)) - client-253D2503C21A->6571ba41-d309-4d1d-a321-129a77bf1602: receive RaftClientReply:client-253D2503C21A->6571ba41-d309-4d1d-a321-129a77bf1602@group-6D4C5FD51127, cid=2058, SUCCESS, logIndex=0, commits[6571ba41-d309-4d1d-a321-129a77bf1602:c3086, 75e8c5ea-f06a-43e1-af6e-1f7f9b0b2cc1:c3085, 1d8d2908-dfb4-4358-9c6e-64b435d6fccc:c3085]
2019-07-03 07:08:18,639 INFO  client.GrpcClientProtocolClient (GrpcClientProtocolClient.java:onNext(254)) - client-253D2503C21A->6571ba41-d309-4d1d-a321-129a77bf1602: receive RaftClientReply:client-253D2503C21A->6571ba41-d309-4d1d-a321-129a77bf1602@group-6D4C5FD51127, cid=2059, SUCCESS, logIndex=3087, commits[6571ba41-d309-4d1d-a321-129a77bf1602:c3087, 75e8c5ea-f06a-43e1-af6e-1f7f9b0b2cc1:c3086, 1d8d2908-dfb4-4358-9c6e-64b435d6fccc:c3086]
2019-07-03 07:08:18,651 INFO  client.GrpcClientProtocolClient (GrpcClientProtocolClient.java:onNext(254)) - client-253D2503C21A->6571ba41-d309-4d1d-a321-129a77bf1602: receive RaftClientReply:client-253D2503C21A->6571ba41-d309-4d1d-a321-129a77bf1602@group-6D4C5FD51127, cid=2060, SUCCESS, logIndex=3089, commits[6571ba41-d309-4d1d-a321-129a77bf1602:c3090, 75e8c5ea-f06a-43e1-af6e-1f7f9b0b2cc1:c3087, 1d8d2908-dfb4-4358-9c6e-64b435d6fccc:c3087]
2019-07-03 07:08:18,651 INFO  client.GrpcClientProtocolClient (GrpcClientProtocolClient.java:onNext(254)) - client-253D2503C21A->6571ba41-d309-4d1d-a321-129a77bf1602: receive RaftClientReply:client-253D2503C21A->6571ba41-d309-4d1d-a321-129a77bf1602@group-6D4C5FD51127, cid=2061, SUCCESS, logIndex=3090, commits[6571ba41-d309-4d1d-a321-129a77bf1602:c3090, 75e8c5ea-f06a-43e1-af6e-1f7f9b0b2cc1:c3087, 1d8d2908-dfb4-4358-9c6e-64b435d6fccc:c3087]
2019-07-03 07:08:18,652 INFO  client.GrpcClientProtocolClient (GrpcClientProtocolClient.java:onNext(254)) - client-253D2503C21A->6571ba41-d309-4d1d-a321-129a77bf1602: receive RaftClientReply:client-253D2503C21A->6571ba41-d309-4d1d-a321-129a77bf1602@group-6D4C5FD51127, cid=2062, SUCCESS, logIndex=3091, commits[6571ba41-d309-4d1d-a321-129a77bf1602:c3092, 75e8c5ea-f06a-43e1-af6e-1f7f9b0b2cc1:c3087, 1d8d2908-dfb4-4358-9c6e-64b435d6fccc:c3089]
2019-07-03 07:08:18,653 INFO  client.GrpcClientProtocolClient (GrpcClientProtocolClient.java:onNext(254)) - client-253D2503C21A->6571ba41-d309-4d1d-a321-129a77bf1602: receive RaftClientReply:client-253D2503C21A->6571ba41-d309-4d1d-a321-129a77bf1602@group-6D4C5FD51127, cid=2063, SUCCESS, logIndex=0, commits[6571ba41-d309-4d1d-a321-129a77bf1602:c3092, 75e8c5ea-f06a-43e1-af6e-1f7f9b0b2cc1:c3089, 1d8d2908-dfb4-4358-9c6e-64b435d6fccc:c3090]
2019-07-03 07:08:18,687 INFO  client.GrpcClientProtocolClient (GrpcClientProtocolClient.java:onNext(254)) - client-253D2503C21A->6571ba41-d309-4d1d-a321-129a77bf1602: receive RaftClientReply:client-253D2503C21A->6571ba41-d309-4d1d-a321-129a77bf1602@group-6D4C5FD51127, cid=2064, SUCCESS, logIndex=3095, commits[6571ba41-d309-4d1d-a321-129a77bf1602:c3095, 75e8c5ea-f06a-43e1-af6e-1f7f9b0b2cc1:c3094, 1d8d2908-dfb4-4358-9c6e-64b435d6fccc:c3091]
2019-07-03 07:08:18,690 INFO  client.GrpcClientProtocolClient (GrpcClientProtocolClient.java:onNext(254)) - client-253D2503C21A->6571ba41-d309-4d1d-a321-129a77bf1602: receive RaftClientReply:client-253D2503C21A->6571ba41-d309-4d1d-a321-129a77bf1602@group-6D4C5FD51127, cid=2065, SUCCESS, logIndex=3097, commits[6571ba41-d309-4d1d-a321-129a77bf1602:c3097, 75e8c5ea-f06a-43e1-af6e-1f7f9b0b2cc1:c3095, 1d8d2908-dfb4-4358-9c6e-64b435d6fccc:c3095]
2019-07-03 07:08:18,703 INFO  client.GrpcClientProtocolClient (GrpcClientProtocolClient.java:onNext(254)) - client-253D2503C21A->6571ba41-d309-4d1d-a321-129a77bf1602: receive RaftClientReply:client-253D2503C21A->6571ba41-d309-4d1d-a321-129a77bf1602@group-6D4C5FD51127, cid=2066, SUCCESS, logIndex=3099, commits[6571ba41-d309-4d1d-a321-129a77bf1602:c3099, 75e8c5ea-f06a-43e1-af6e-1f7f9b0b2cc1:c3097, 1d8d2908-dfb4-4358-9c6e-64b435d6fccc:c3097]
2019-07-03 07:08:18,703 INFO  storage.RaftLogWorker (RaftLogWorker.java:rollLogSegment(303)) - 6571ba41-d309-4d1d-a321-129a77bf1602-RaftLogWorker: Rolling segment log-3021_3100 to index:3100
2019-07-03 07:08:18,704 INFO  storage.RaftLogWorker (RaftLogWorker.java:rollLogSegment(303)) - 1d8d2908-dfb4-4358-9c6e-64b435d6fccc-RaftLogWorker: Rolling segment log-3021_3100 to index:3100
2019-07-03 07:08:18,704 INFO  storage.RaftLogWorker (RaftLogWorker.java:rollLogSegment(303)) - 75e8c5ea-f06a-43e1-af6e-1f7f9b0b2cc1-RaftLogWorker: Rolling segment log-3021_3100 to index:3100
 0.00% |█                                                                                                    |  0/1 Time: 0:00:262019-07-03 07:08:18,714 INFO  storage.RaftLogWorker (RaftLogWorker.java:execute(433)) - 6571ba41-d309-4d1d-a321-129a77bf1602-RaftLogWorker: Rolled log segment from /opt/src/hadoop-ozone/tools/target/test-dir/MiniOzoneClusterImpl-0519545d-318d-4c21-a2a0-688f18f8a31d/datanode-4/data/ratis/23ffc2a4-5526-4092-9dc4-6d4c5fd51127/current/log_inprogress_3021 to /opt/src/hadoop-ozone/tools/target/test-dir/MiniOzoneClusterImpl-0519545d-318d-4c21-a2a0-688f18f8a31d/datanode-4/data/ratis/23ffc2a4-5526-4092-9dc4-6d4c5fd51127/current/log_3021-3100
2019-07-03 07:08:18,714 INFO  storage.RaftLogWorker (RaftLogWorker.java:execute(433)) - 1d8d2908-dfb4-4358-9c6e-64b435d6fccc-RaftLogWorker: Rolled log segment from /opt/src/hadoop-ozone/tools/target/test-dir/MiniOzoneClusterImpl-0519545d-318d-4c21-a2a0-688f18f8a31d/datanode-2/data/ratis/23ffc2a4-5526-4092-9dc4-6d4c5fd51127/current/log_inprogress_3021 to /opt/src/hadoop-ozone/tools/target/test-dir/MiniOzoneClusterImpl-0519545d-318d-4c21-a2a0-688f18f8a31d/datanode-2/data/ratis/23ffc2a4-5526-4092-9dc4-6d4c5fd51127/current/log_3021-3100
2019-07-03 07:08:18,715 INFO  storage.RaftLogWorker (RaftLogWorker.java:execute(433)) - 75e8c5ea-f06a-43e1-af6e-1f7f9b0b2cc1-RaftLogWorker: Rolled log segment from /opt/src/hadoop-ozone/tools/target/test-dir/MiniOzoneClusterImpl-0519545d-318d-4c21-a2a0-688f18f8a31d/datanode-1/data/ratis/23ffc2a4-5526-4092-9dc4-6d4c5fd51127/current/log_inprogress_3021 to /opt/src/hadoop-ozone/tools/target/test-dir/MiniOzoneClusterImpl-0519545d-318d-4c21-a2a0-688f18f8a31d/datanode-1/data/ratis/23ffc2a4-5526-4092-9dc4-6d4c5fd51127/current/log_3021-3100
2019-07-03 07:08:18,769 INFO  storage.RaftLogWorker (RaftLogWorker.java:execute(469)) - 6571ba41-d309-4d1d-a321-129a77bf1602-RaftLogWorker: created new log segment /opt/src/hadoop-ozone/tools/target/test-dir/MiniOzoneClusterImpl-0519545d-318d-4c21-a2a0-688f18f8a31d/datanode-4/data/ratis/23ffc2a4-5526-4092-9dc4-6d4c5fd51127/current/log_inprogress_3101
2019-07-03 07:08:18,770 INFO  storage.RaftLogWorker (RaftLogWorker.java:execute(469)) - 1d8d2908-dfb4-4358-9c6e-64b435d6fccc-RaftLogWorker: created new log segment /opt/src/hadoop-ozone/tools/target/test-dir/MiniOzoneClusterImpl-0519545d-318d-4c21-a2a0-688f18f8a31d/datanode-2/data/ratis/23ffc2a4-5526-4092-9dc4-6d4c5fd51127/current/log_inprogress_3101
2019-07-03 07:08:18,769 INFO  storage.RaftLogWorker (RaftLogWorker.java:execute(469)) - 75e8c5ea-f06a-43e1-af6e-1f7f9b0b2cc1-RaftLogWorker: created new log segment /opt/src/hadoop-ozone/tools/target/test-dir/MiniOzoneClusterImpl-0519545d-318d-4c21-a2a0-688f18f8a31d/datanode-1/data/ratis/23ffc2a4-5526-4092-9dc4-6d4c5fd51127/current/log_inprogress_3101
2019-07-03 07:08:18,784 INFO  client.GrpcClientProtocolClient (GrpcClientProtocolClient.java:onNext(254)) - client-253D2503C21A->6571ba41-d309-4d1d-a321-129a77bf1602: receive RaftClientReply:client-253D2503C21A->6571ba41-d309-4d1d-a321-129a77bf1602@group-6D4C5FD51127, cid=2067, SUCCESS, logIndex=3101, commits[6571ba41-d309-4d1d-a321-129a77bf1602:c3101, 75e8c5ea-f06a-43e1-af6e-1f7f9b0b2cc1:c3099, 1d8d2908-dfb4-4358-9c6e-64b435d6fccc:c3099]
2019-07-03 07:08:18,795 INFO  client.GrpcClientProtocolClient (GrpcClientProtocolClient.java:onNext(254)) - client-253D2503C21A->6571ba41-d309-4d1d-a321-129a77bf1602: receive RaftClientReply:client-253D2503C21A->6571ba41-d309-4d1d-a321-129a77bf1602@group-6D4C5FD51127, cid=2068, SUCCESS, logIndex=0, commits[6571ba41-d309-4d1d-a321-129a77bf1602:c3101, 75e8c5ea-f06a-43e1-af6e-1f7f9b0b2cc1:c3101, 1d8d2908-dfb4-4358-9c6e-64b435d6fccc:c3101]
2019-07-03 07:08:18,825 INFO  client.GrpcClientProtocolClient (GrpcClientProtocolClient.java:onNext(254)) - client-253D2503C21A->6571ba41-d309-4d1d-a321-129a77bf1602: receive RaftClientReply:client-253D2503C21A->6571ba41-d309-4d1d-a321-129a77bf1602@group-6D4C5FD51127, cid=2069, SUCCESS, logIndex=3103, commits[6571ba41-d309-4d1d-a321-129a77bf1602:c3103, 75e8c5ea-f06a-43e1-af6e-1f7f9b0b2cc1:c3102, 1d8d2908-dfb4-4358-9c6e-64b435d6fccc:c3102]
2019-07-03 07:08:18,838 INFO  client.GrpcClientProtocolClient (GrpcClientProtocolClient.java:onNext(254)) - client-253D2503C21A->6571ba41-d309-4d1d-a321-129a77bf1602: receive RaftClientReply:client-253D2503C21A->6571ba41-d309-4d1d-a321-129a77bf1602@group-6D4C5FD51127, cid=2070, SUCCESS, logIndex=3105, commits[6571ba41-d309-4d1d-a321-129a77bf1602:c3106, 75e8c5ea-f06a-43e1-af6e-1f7f9b0b2cc1:c3103, 1d8d2908-dfb4-4358-9c6e-64b435d6fccc:c3103]
2019-07-03 07:08:18,838 INFO  client.GrpcClientProtocolClient (GrpcClientProtocolClient.java:onNext(254)) - client-253D2503C21A->6571ba41-d309-4d1d-a321-129a77bf1602: receive RaftClientReply:client-253D2503C21A->6571ba41-d309-4d1d-a321-129a77bf1602@group-6D4C5FD51127, cid=2071, SUCCESS, logIndex=3106, commits[6571ba41-d309-4d1d-a321-129a77bf1602:c3106, 75e8c5ea-f06a-43e1-af6e-1f7f9b0b2cc1:c3103, 1d8d2908-dfb4-4358-9c6e-64b435d6fccc:c3103]
2019-07-03 07:08:18,851 INFO  client.GrpcClientProtocolClient (GrpcClientProtocolClient.java:onNext(254)) - client-253D2503C21A->6571ba41-d309-4d1d-a321-129a77bf1602: receive RaftClientReply:client-253D2503C21A->6571ba41-d309-4d1d-a321-129a77bf1602@group-6D4C5FD51127, cid=2072, SUCCESS, logIndex=3107, commits[6571ba41-d309-4d1d-a321-129a77bf1602:c3109, 75e8c5ea-f06a-43e1-af6e-1f7f9b0b2cc1:c3106, 1d8d2908-dfb4-4358-9c6e-64b435d6fccc:c3106]
2019-07-03 07:08:18,864 INFO  client.GrpcClientProtocolClient (GrpcClientProtocolClient.java:onNext(254)) - client-253D2503C21A->6571ba41-d309-4d1d-a321-129a77bf1602: receive RaftClientReply:client-253D2503C21A->6571ba41-d309-4d1d-a321-129a77bf1602@group-6D4C5FD51127, cid=2073, SUCCESS, logIndex=3111, commits[6571ba41-d309-4d1d-a321-129a77bf1602:c3111, 75e8c5ea-f06a-43e1-af6e-1f7f9b0b2cc1:c3109, 1d8d2908-dfb4-4358-9c6e-64b435d6fccc:c3109]
2019-07-03 07:08:18,867 INFO  client.GrpcClientProtocolClient (GrpcClientProtocolClient.java:onNext(254)) - client-253D2503C21A->6571ba41-d309-4d1d-a321-129a77bf1602: receive RaftClientReply:client-253D2503C21A->6571ba41-d309-4d1d-a321-129a77bf1602@group-6D4C5FD51127, cid=2074, SUCCESS, logIndex=3113, commits[6571ba41-d309-4d1d-a321-129a77bf1602:c3113, 75e8c5ea-f06a-43e1-af6e-1f7f9b0b2cc1:c3111, 1d8d2908-dfb4-4358-9c6e-64b435d6fccc:c3111]
2019-07-03 07:08:18,880 INFO  client.GrpcClientProtocolClient (GrpcClientProtocolClient.java:onNext(254)) - client-253D2503C21A->6571ba41-d309-4d1d-a321-129a77bf1602: receive RaftClientReply:client-253D2503C21A->6571ba41-d309-4d1d-a321-129a77bf1602@group-6D4C5FD51127, cid=2075, SUCCESS, logIndex=3115, commits[6571ba41-d309-4d1d-a321-129a77bf1602:c3115, 75e8c5ea-f06a-43e1-af6e-1f7f9b0b2cc1:c3113, 1d8d2908-dfb4-4358-9c6e-64b435d6fccc:c3113]
2019-07-03 07:08:18,884 INFO  client.GrpcClientProtocolClient (GrpcClientProtocolClient.java:onNext(254)) - client-253D2503C21A->6571ba41-d309-4d1d-a321-129a77bf1602: receive RaftClientReply:client-253D2503C21A->6571ba41-d309-4d1d-a321-129a77bf1602@group-6D4C5FD51127, cid=2076, SUCCESS, logIndex=3117, commits[6571ba41-d309-4d1d-a321-129a77bf1602:c3117, 75e8c5ea-f06a-43e1-af6e-1f7f9b0b2cc1:c3115, 1d8d2908-dfb4-4358-9c6e-64b435d6fccc:c3115]
2019-07-03 07:08:18,895 INFO  client.GrpcClientProtocolClient (GrpcClientProtocolClient.java:onNext(254)) - client-253D2503C21A->6571ba41-d309-4d1d-a321-129a77bf1602: receive RaftClientReply:client-253D2503C21A->6571ba41-d309-4d1d-a321-129a77bf1602@group-6D4C5FD51127, cid=2077, SUCCESS, logIndex=0, commits[6571ba41-d309-4d1d-a321-129a77bf1602:c3118, 75e8c5ea-f06a-43e1-af6e-1f7f9b0b2cc1:c3117, 1d8d2908-dfb4-4358-9c6e-64b435d6fccc:c3117]
2019-07-03 07:08:18,922 INFO  client.GrpcClientProtocolClient (GrpcClientProtocolClient.java:onNext(254)) - client-253D2503C21A->6571ba41-d309-4d1d-a321-129a77bf1602: receive RaftClientReply:client-253D2503C21A->6571ba41-d309-4d1d-a321-129a77bf1602@group-6D4C5FD51127, cid=2078, SUCCESS, logIndex=3119, commits[6571ba41-d309-4d1d-a321-129a77bf1602:c3119, 75e8c5ea-f06a-43e1-af6e-1f7f9b0b2cc1:c3118, 1d8d2908-dfb4-4358-9c6e-64b435d6fccc:c3118]
2019-07-03 07:08:18,936 INFO  client.GrpcClientProtocolClient (GrpcClientProtocolClient.java:onNext(254)) - client-253D2503C21A->6571ba41-d309-4d1d-a321-129a77bf1602: receive RaftClientReply:client-253D2503C21A->6571ba41-d309-4d1d-a321-129a77bf1602@group-6D4C5FD51127, cid=2079, SUCCESS, logIndex=3121, commits[6571ba41-d309-4d1d-a321-129a77bf1602:c3122, 75e8c5ea-f06a-43e1-af6e-1f7f9b0b2cc1:c3119, 1d8d2908-dfb4-4358-9c6e-64b435d6fccc:c3119]
2019-07-03 07:08:18,936 INFO  client.GrpcClientProtocolClient (GrpcClientProtocolClient.java:onNext(254)) - client-253D2503C21A->6571ba41-d309-4d1d-a321-129a77bf1602: receive RaftClientReply:client-253D2503C21A->6571ba41-d309-4d1d-a321-129a77bf1602@group-6D4C5FD51127, cid=2080, SUCCESS, logIndex=3122, commits[6571ba41-d309-4d1d-a321-129a77bf1602:c3122, 75e8c5ea-f06a-43e1-af6e-1f7f9b0b2cc1:c3119, 1d8d2908-dfb4-4358-9c6e-64b435d6fccc:c3119]
2019-07-03 07:08:18,938 INFO  client.GrpcClientProtocolClient (GrpcClientProtocolClient.java:onNext(254)) - client-253D2503C21A->6571ba41-d309-4d1d-a321-129a77bf1602: receive RaftClientReply:client-253D2503C21A->6571ba41-d309-4d1d-a321-129a77bf1602@group-6D4C5FD51127, cid=2081, SUCCESS, logIndex=3123, commits[6571ba41-d309-4d1d-a321-129a77bf1602:c3124, 75e8c5ea-f06a-43e1-af6e-1f7f9b0b2cc1:c3119, 1d8d2908-dfb4-4358-9c6e-64b435d6fccc:c3121]
2019-07-03 07:08:18,939 INFO  client.GrpcClientProtocolClient (GrpcClientProtocolClient.java:onNext(254)) - client-253D2503C21A->6571ba41-d309-4d1d-a321-129a77bf1602: receive RaftClientReply:client-253D2503C21A->6571ba41-d309-4d1d-a321-129a77bf1602@group-6D4C5FD51127, cid=2082, SUCCESS, logIndex=0, commits[6571ba41-d309-4d1d-a321-129a77bf1602:c3125, 75e8c5ea-f06a-43e1-af6e-1f7f9b0b2cc1:c3122, 1d8d2908-dfb4-4358-9c6e-64b435d6fccc:c3122]
2019-07-03 07:08:18,958 INFO  client.GrpcClientProtocolClient (GrpcClientProtocolClient.java:onNext(254)) - client-253D2503C21A->6571ba41-d309-4d1d-a321-129a77bf1602: receive RaftClientReply:client-253D2503C21A->6571ba41-d309-4d1d-a321-129a77bf1602@group-6D4C5FD51127, cid=2083, SUCCESS, logIndex=3127, commits[6571ba41-d309-4d1d-a321-129a77bf1602:c3127, 75e8c5ea-f06a-43e1-af6e-1f7f9b0b2cc1:c3126, 1d8d2908-dfb4-4358-9c6e-64b435d6fccc:c3126]
2019-07-03 07:08:18,966 INFO  client.GrpcClientProtocolClient (GrpcClientProtocolClient.java:onNext(254)) - client-253D2503C21A->6571ba41-d309-4d1d-a321-129a77bf1602: receive RaftClientReply:client-253D2503C21A->6571ba41-d309-4d1d-a321-129a77bf1602@group-6D4C5FD51127, cid=2084, SUCCESS, logIndex=3129, commits[6571ba41-d309-4d1d-a321-129a77bf1602:c3129, 75e8c5ea-f06a-43e1-af6e-1f7f9b0b2cc1:c3127, 1d8d2908-dfb4-4358-9c6e-64b435d6fccc:c3127]
2019-07-03 07:08:18,979 INFO  client.GrpcClientProtocolClient (GrpcClientProtocolClient.java:onNext(254)) - client-253D2503C21A->6571ba41-d309-4d1d-a321-129a77bf1602: receive RaftClientReply:client-253D2503C21A->6571ba41-d309-4d1d-a321-129a77bf1602@group-6D4C5FD51127, cid=2085, SUCCESS, logIndex=3131, commits[6571ba41-d309-4d1d-a321-129a77bf1602:c3131, 75e8c5ea-f06a-43e1-af6e-1f7f9b0b2cc1:c3129, 1d8d2908-dfb4-4358-9c6e-64b435d6fccc:c3129]
2019-07-03 07:08:18,992 INFO  client.GrpcClientProtocolClient (GrpcClientProtocolClient.java:onNext(254)) - client-253D2503C21A->6571ba41-d309-4d1d-a321-129a77bf1602: receive RaftClientReply:client-253D2503C21A->6571ba41-d309-4d1d-a321-129a77bf1602@group-6D4C5FD51127, cid=2086, SUCCESS, logIndex=3133, commits[6571ba41-d309-4d1d-a321-129a77bf1602:c3133, 75e8c5ea-f06a-43e1-af6e-1f7f9b0b2cc1:c3131, 1d8d2908-dfb4-4358-9c6e-64b435d6fccc:c3131]
2019-07-03 07:08:19,004 INFO  client.GrpcClientProtocolClient (GrpcClientProtocolClient.java:onNext(254)) - client-253D2503C21A->6571ba41-d309-4d1d-a321-129a77bf1602: receive RaftClientReply:client-253D2503C21A->6571ba41-d309-4d1d-a321-129a77bf1602@group-6D4C5FD51127, cid=2087, SUCCESS, logIndex=0, commits[6571ba41-d309-4d1d-a321-129a77bf1602:c3134, 75e8c5ea-f06a-43e1-af6e-1f7f9b0b2cc1:c3133, 1d8d2908-dfb4-4358-9c6e-64b435d6fccc:c3133]
2019-07-03 07:08:19,031 INFO  client.GrpcClientProtocolClient (GrpcClientProtocolClient.java:onNext(254)) - client-253D2503C21A->6571ba41-d309-4d1d-a321-129a77bf1602: receive RaftClientReply:client-253D2503C21A->6571ba41-d309-4d1d-a321-129a77bf1602@group-6D4C5FD51127, cid=2088, SUCCESS, logIndex=3135, commits[6571ba41-d309-4d1d-a321-129a77bf1602:c3135, 75e8c5ea-f06a-43e1-af6e-1f7f9b0b2cc1:c3134, 1d8d2908-dfb4-4358-9c6e-64b435d6fccc:c3134]
2019-07-03 07:08:19,046 INFO  client.GrpcClientProtocolClient (GrpcClientProtocolClient.java:onNext(254)) - client-253D2503C21A->6571ba41-d309-4d1d-a321-129a77bf1602: receive RaftClientReply:client-253D2503C21A->6571ba41-d309-4d1d-a321-129a77bf1602@group-6D4C5FD51127, cid=2089, SUCCESS, logIndex=3137, commits[6571ba41-d309-4d1d-a321-129a77bf1602:c3139, 75e8c5ea-f06a-43e1-af6e-1f7f9b0b2cc1:c3135, 1d8d2908-dfb4-4358-9c6e-64b435d6fccc:c3135]
2019-07-03 07:08:19,046 INFO  client.GrpcClientProtocolClient (GrpcClientProtocolClient.java:onNext(254)) - client-253D2503C21A->6571ba41-d309-4d1d-a321-129a77bf1602: receive RaftClientReply:client-253D2503C21A->6571ba41-d309-4d1d-a321-129a77bf1602@group-6D4C5FD51127, cid=2090, SUCCESS, logIndex=3138, commits[6571ba41-d309-4d1d-a321-129a77bf1602:c3139, 75e8c5ea-f06a-43e1-af6e-1f7f9b0b2cc1:c3135, 1d8d2908-dfb4-4358-9c6e-64b435d6fccc:c3135]
2019-07-03 07:08:19,047 INFO  client.GrpcClientProtocolClient (GrpcClientProtocolClient.java:onNext(254)) - client-253D2503C21A->6571ba41-d309-4d1d-a321-129a77bf1602: receive RaftClientReply:client-253D2503C21A->6571ba41-d309-4d1d-a321-129a77bf1602@group-6D4C5FD51127, cid=2091, SUCCESS, logIndex=3139, commits[6571ba41-d309-4d1d-a321-129a77bf1602:c3140, 75e8c5ea-f06a-43e1-af6e-1f7f9b0b2cc1:c3138, 1d8d2908-dfb4-4358-9c6e-64b435d6fccc:c3138]
2019-07-03 07:08:19,067 INFO  client.GrpcClientProtocolClient (GrpcClientProtocolClient.java:onNext(254)) - client-253D2503C21A->6571ba41-d309-4d1d-a321-129a77bf1602: receive RaftClientReply:client-253D2503C21A->6571ba41-d309-4d1d-a321-129a77bf1602@group-6D4C5FD51127, cid=2092, SUCCESS, logIndex=3142, commits[6571ba41-d309-4d1d-a321-129a77bf1602:c3142, 75e8c5ea-f06a-43e1-af6e-1f7f9b0b2cc1:c3141, 1d8d2908-dfb4-4358-9c6e-64b435d6fccc:c3141]
2019-07-03 07:08:19,080 INFO  client.GrpcClientProtocolClient (GrpcClientProtocolClient.java:onNext(254)) - client-253D2503C21A->6571ba41-d309-4d1d-a321-129a77bf1602: receive RaftClientReply:client-253D2503C21A->6571ba41-d309-4d1d-a321-129a77bf1602@group-6D4C5FD51127, cid=2093, SUCCESS, logIndex=3144, commits[6571ba41-d309-4d1d-a321-129a77bf1602:c3144, 75e8c5ea-f06a-43e1-af6e-1f7f9b0b2cc1:c3142, 1d8d2908-dfb4-4358-9c6e-64b435d6fccc:c3142]
2019-07-03 07:08:19,092 INFO  client.GrpcClientProtocolClient (GrpcClientProtocolClient.java:onNext(254)) - client-253D2503C21A->6571ba41-d309-4d1d-a321-129a77bf1602: receive RaftClientReply:client-253D2503C21A->6571ba41-d309-4d1d-a321-129a77bf1602@group-6D4C5FD51127, cid=2094, SUCCESS, logIndex=3146, commits[6571ba41-d309-4d1d-a321-129a77bf1602:c3146, 75e8c5ea-f06a-43e1-af6e-1f7f9b0b2cc1:c3144, 1d8d2908-dfb4-4358-9c6e-64b435d6fccc:c3144]
2019-07-03 07:08:19,105 INFO  client.GrpcClientProtocolClient (GrpcClientProtocolClient.java:onNext(254)) - client-253D2503C21A->6571ba41-d309-4d1d-a321-129a77bf1602: receive RaftClientReply:client-253D2503C21A->6571ba41-d309-4d1d-a321-129a77bf1602@group-6D4C5FD51127, cid=2095, SUCCESS, logIndex=3148, commits[6571ba41-d309-4d1d-a321-129a77bf1602:c3148, 75e8c5ea-f06a-43e1-af6e-1f7f9b0b2cc1:c3146, 1d8d2908-dfb4-4358-9c6e-64b435d6fccc:c3146]
2019-07-03 07:08:19,117 INFO  client.GrpcClientProtocolClient (GrpcClientProtocolClient.java:onNext(254)) - client-253D2503C21A->6571ba41-d309-4d1d-a321-129a77bf1602: receive RaftClientReply:client-253D2503C21A->6571ba41-d309-4d1d-a321-129a77bf1602@group-6D4C5FD51127, cid=2096, SUCCESS, logIndex=0, commits[6571ba41-d309-4d1d-a321-129a77bf1602:c3149, 75e8c5ea-f06a-43e1-af6e-1f7f9b0b2cc1:c3148, 1d8d2908-dfb4-4358-9c6e-64b435d6fccc:c3148]
2019-07-03 07:08:19,144 INFO  client.GrpcClientProtocolClient (GrpcClientProtocolClient.java:onNext(254)) - client-253D2503C21A->6571ba41-d309-4d1d-a321-129a77bf1602: receive RaftClientReply:client-253D2503C21A->6571ba41-d309-4d1d-a321-129a77bf1602@group-6D4C5FD51127, cid=2097, SUCCESS, logIndex=3150, commits[6571ba41-d309-4d1d-a321-129a77bf1602:c3150, 75e8c5ea-f06a-43e1-af6e-1f7f9b0b2cc1:c3149, 1d8d2908-dfb4-4358-9c6e-64b435d6fccc:c3149]
2019-07-03 07:08:19,156 INFO  client.GrpcClientProtocolClient (GrpcClientProtocolClient.java:onNext(254)) - client-253D2503C21A->6571ba41-d309-4d1d-a321-129a77bf1602: receive RaftClientReply:client-253D2503C21A->6571ba41-d309-4d1d-a321-129a77bf1602@group-6D4C5FD51127, cid=2098, SUCCESS, logIndex=3152, commits[6571ba41-d309-4d1d-a321-129a77bf1602:c3152, 75e8c5ea-f06a-43e1-af6e-1f7f9b0b2cc1:c3150, 1d8d2908-dfb4-4358-9c6e-64b435d6fccc:c3150]
2019-07-03 07:08:19,157 INFO  client.GrpcClientProtocolClient (GrpcClientProtocolClient.java:onNext(254)) - client-253D2503C21A->6571ba41-d309-4d1d-a321-129a77bf1602: receive RaftClientReply:client-253D2503C21A->6571ba41-d309-4d1d-a321-129a77bf1602@group-6D4C5FD51127, cid=2099, SUCCESS, logIndex=3153, commits[6571ba41-d309-4d1d-a321-129a77bf1602:c3153, 75e8c5ea-f06a-43e1-af6e-1f7f9b0b2cc1:c3150, 1d8d2908-dfb4-4358-9c6e-64b435d6fccc:c3150]
2019-07-03 07:08:19,158 INFO  client.GrpcClientProtocolClient (GrpcClientProtocolClient.java:onNext(254)) - client-253D2503C21A->6571ba41-d309-4d1d-a321-129a77bf1602: receive RaftClientReply:client-253D2503C21A->6571ba41-d309-4d1d-a321-129a77bf1602@group-6D4C5FD51127, cid=2100, SUCCESS, logIndex=3154, commits[6571ba41-d309-4d1d-a321-129a77bf1602:c3154, 75e8c5ea-f06a-43e1-af6e-1f7f9b0b2cc1:c3150, 1d8d2908-dfb4-4358-9c6e-64b435d6fccc:c3150]
2019-07-03 07:08:19,159 INFO  client.GrpcClientProtocolClient (GrpcClientProtocolClient.java:onNext(254)) - client-253D2503C21A->6571ba41-d309-4d1d-a321-129a77bf1602: receive RaftClientReply:client-253D2503C21A->6571ba41-d309-4d1d-a321-129a77bf1602@group-6D4C5FD51127, cid=2101, SUCCESS, logIndex=0, commits[6571ba41-d309-4d1d-a321-129a77bf1602:c3156, 75e8c5ea-f06a-43e1-af6e-1f7f9b0b2cc1:c3153, 1d8d2908-dfb4-4358-9c6e-64b435d6fccc:c3153]
2019-07-03 07:08:19,186 INFO  client.GrpcClientProtocolClient (GrpcClientProtocolClient.java:onNext(254)) - client-253D2503C21A->6571ba41-d309-4d1d-a321-129a77bf1602: receive RaftClientReply:client-253D2503C21A->6571ba41-d309-4d1d-a321-129a77bf1602@group-6D4C5FD51127, cid=2102, SUCCESS, logIndex=3158, commits[6571ba41-d309-4d1d-a321-129a77bf1602:c3158, 75e8c5ea-f06a-43e1-af6e-1f7f9b0b2cc1:c3157, 1d8d2908-dfb4-4358-9c6e-64b435d6fccc:c3157]
2019-07-03 07:08:19,199 INFO  client.GrpcClientProtocolClient (GrpcClientProtocolClient.java:onNext(254)) - client-253D2503C21A->6571ba41-d309-4d1d-a321-129a77bf1602: receive RaftClientReply:client-253D2503C21A->6571ba41-d309-4d1d-a321-129a77bf1602@group-6D4C5FD51127, cid=2103, SUCCESS, logIndex=3160, commits[6571ba41-d309-4d1d-a321-129a77bf1602:c3160, 75e8c5ea-f06a-43e1-af6e-1f7f9b0b2cc1:c3158, 1d8d2908-dfb4-4358-9c6e-64b435d6fccc:c3158]
2019-07-03 07:08:19,212 INFO  client.GrpcClientProtocolClient (GrpcClientProtocolClient.java:onNext(254)) - client-253D2503C21A->6571ba41-d309-4d1d-a321-129a77bf1602: receive RaftClientReply:client-253D2503C21A->6571ba41-d309-4d1d-a321-129a77bf1602@group-6D4C5FD51127, cid=2104, SUCCESS, logIndex=3162, commits[6571ba41-d309-4d1d-a321-129a77bf1602:c3162, 75e8c5ea-f06a-43e1-af6e-1f7f9b0b2cc1:c3160, 1d8d2908-dfb4-4358-9c6e-64b435d6fccc:c3160]
2019-07-03 07:08:19,225 INFO  client.GrpcClientProtocolClient (GrpcClientProtocolClient.java:onNext(254)) - client-253D2503C21A->6571ba41-d309-4d1d-a321-129a77bf1602: receive RaftClientReply:client-253D2503C21A->6571ba41-d309-4d1d-a321-129a77bf1602@group-6D4C5FD51127, cid=2105, SUCCESS, logIndex=3164, commits[6571ba41-d309-4d1d-a321-129a77bf1602:c3164, 75e8c5ea-f06a-43e1-af6e-1f7f9b0b2cc1:c3162, 1d8d2908-dfb4-4358-9c6e-64b435d6fccc:c3162]
2019-07-03 07:08:19,237 INFO  client.GrpcClientProtocolClient (GrpcClientProtocolClient.java:onNext(254)) - client-253D2503C21A->6571ba41-d309-4d1d-a321-129a77bf1602: receive RaftClientReply:client-253D2503C21A->6571ba41-d309-4d1d-a321-129a77bf1602@group-6D4C5FD51127, cid=2106, SUCCESS, logIndex=0, commits[6571ba41-d309-4d1d-a321-129a77bf1602:c3165, 75e8c5ea-f06a-43e1-af6e-1f7f9b0b2cc1:c3164, 1d8d2908-dfb4-4358-9c6e-64b435d6fccc:c3164]
2019-07-03 07:08:19,259 INFO  client.GrpcClientProtocolClient (GrpcClientProtocolClient.java:onNext(254)) - client-253D2503C21A->6571ba41-d309-4d1d-a321-129a77bf1602: receive RaftClientReply:client-253D2503C21A->6571ba41-d309-4d1d-a321-129a77bf1602@group-6D4C5FD51127, cid=2107, SUCCESS, logIndex=3166, commits[6571ba41-d309-4d1d-a321-129a77bf1602:c3166, 75e8c5ea-f06a-43e1-af6e-1f7f9b0b2cc1:c3165, 1d8d2908-dfb4-4358-9c6e-64b435d6fccc:c3165]
2019-07-03 07:08:19,271 INFO  client.GrpcClientProtocolClient (GrpcClientProtocolClient.java:onNext(254)) - client-253D2503C21A->6571ba41-d309-4d1d-a321-129a77bf1602: receive RaftClientReply:client-253D2503C21A->6571ba41-d309-4d1d-a321-129a77bf1602@group-6D4C5FD51127, cid=2108, SUCCESS, logIndex=3168, commits[6571ba41-d309-4d1d-a321-129a77bf1602:c3169, 75e8c5ea-f06a-43e1-af6e-1f7f9b0b2cc1:c3166, 1d8d2908-dfb4-4358-9c6e-64b435d6fccc:c3166]
2019-07-03 07:08:19,272 INFO  client.GrpcClientProtocolClient (GrpcClientProtocolClient.java:onNext(254)) - client-253D2503C21A->6571ba41-d309-4d1d-a321-129a77bf1602: receive RaftClientReply:client-253D2503C21A->6571ba41-d309-4d1d-a321-129a77bf1602@group-6D4C5FD51127, cid=2109, SUCCESS, logIndex=3169, commits[6571ba41-d309-4d1d-a321-129a77bf1602:c3169, 75e8c5ea-f06a-43e1-af6e-1f7f9b0b2cc1:c3166, 1d8d2908-dfb4-4358-9c6e-64b435d6fccc:c3166]
2019-07-03 07:08:19,273 INFO  client.GrpcClientProtocolClient (GrpcClientProtocolClient.java:onNext(254)) - client-253D2503C21A->6571ba41-d309-4d1d-a321-129a77bf1602: receive RaftClientReply:client-253D2503C21A->6571ba41-d309-4d1d-a321-129a77bf1602@group-6D4C5FD51127, cid=2110, SUCCESS, logIndex=3170, commits[6571ba41-d309-4d1d-a321-129a77bf1602:c3171, 75e8c5ea-f06a-43e1-af6e-1f7f9b0b2cc1:c3168, 1d8d2908-dfb4-4358-9c6e-64b435d6fccc:c3166]
2019-07-03 07:08:19,274 INFO  client.GrpcClientProtocolClient (GrpcClientProtocolClient.java:onNext(254)) - client-253D2503C21A->6571ba41-d309-4d1d-a321-129a77bf1602: receive RaftClientReply:client-253D2503C21A->6571ba41-d309-4d1d-a321-129a77bf1602@group-6D4C5FD51127, cid=2111, SUCCESS, logIndex=0, commits[6571ba41-d309-4d1d-a321-129a77bf1602:c3172, 75e8c5ea-f06a-43e1-af6e-1f7f9b0b2cc1:c3169, 1d8d2908-dfb4-4358-9c6e-64b435d6fccc:c3169]
2019-07-03 07:08:19,294 INFO  client.GrpcClientProtocolClient (GrpcClientProtocolClient.java:onNext(254)) - client-253D2503C21A->6571ba41-d309-4d1d-a321-129a77bf1602: receive RaftClientReply:client-253D2503C21A->6571ba41-d309-4d1d-a321-129a77bf1602@group-6D4C5FD51127, cid=2112, SUCCESS, logIndex=3174, commits[6571ba41-d309-4d1d-a321-129a77bf1602:c3174, 75e8c5ea-f06a-43e1-af6e-1f7f9b0b2cc1:c3170, 1d8d2908-dfb4-4358-9c6e-64b435d6fccc:c3173]
2019-07-03 07:08:19,307 INFO  client.GrpcClientProtocolClient (GrpcClientProtocolClient.java:onNext(254)) - client-253D2503C21A->6571ba41-d309-4d1d-a321-129a77bf1602: receive RaftClientReply:client-253D2503C21A->6571ba41-d309-4d1d-a321-129a77bf1602@group-6D4C5FD51127, cid=2113, SUCCESS, logIndex=3176, commits[6571ba41-d309-4d1d-a321-129a77bf1602:c3176, 75e8c5ea-f06a-43e1-af6e-1f7f9b0b2cc1:c3174, 1d8d2908-dfb4-4358-9c6e-64b435d6fccc:c3174]
2019-07-03 07:08:19,320 INFO  storage.RaftLogWorker (RaftLogWorker.java:rollLogSegment(303)) - 6571ba41-d309-4d1d-a321-129a77bf1602-RaftLogWorker: Rolling segment log-3101_3179 to index:3179
2019-07-03 07:08:19,320 INFO  client.GrpcClientProtocolClient (GrpcClientProtocolClient.java:onNext(254)) - client-253D2503C21A->6571ba41-d309-4d1d-a321-129a77bf1602: receive RaftClientReply:client-253D2503C21A->6571ba41-d309-4d1d-a321-129a77bf1602@group-6D4C5FD51127, cid=2114, SUCCESS, logIndex=3178, commits[6571ba41-d309-4d1d-a321-129a77bf1602:c3178, 75e8c5ea-f06a-43e1-af6e-1f7f9b0b2cc1:c3176, 1d8d2908-dfb4-4358-9c6e-64b435d6fccc:c3176]
2019-07-03 07:08:19,321 INFO  storage.RaftLogWorker (RaftLogWorker.java:rollLogSegment(303)) - 75e8c5ea-f06a-43e1-af6e-1f7f9b0b2cc1-RaftLogWorker: Rolling segment log-3101_3179 to index:3179
2019-07-03 07:08:19,321 INFO  storage.RaftLogWorker (RaftLogWorker.java:rollLogSegment(303)) - 1d8d2908-dfb4-4358-9c6e-64b435d6fccc-RaftLogWorker: Rolling segment log-3101_3179 to index:3179
2019-07-03 07:08:19,331 INFO  storage.RaftLogWorker (RaftLogWorker.java:execute(433)) - 6571ba41-d309-4d1d-a321-129a77bf1602-RaftLogWorker: Rolled log segment from /opt/src/hadoop-ozone/tools/target/test-dir/MiniOzoneClusterImpl-0519545d-318d-4c21-a2a0-688f18f8a31d/datanode-4/data/ratis/23ffc2a4-5526-4092-9dc4-6d4c5fd51127/current/log_inprogress_3101 to /opt/src/hadoop-ozone/tools/target/test-dir/MiniOzoneClusterImpl-0519545d-318d-4c21-a2a0-688f18f8a31d/datanode-4/data/ratis/23ffc2a4-5526-4092-9dc4-6d4c5fd51127/current/log_3101-3179
2019-07-03 07:08:19,331 INFO  storage.RaftLogWorker (RaftLogWorker.java:execute(433)) - 1d8d2908-dfb4-4358-9c6e-64b435d6fccc-RaftLogWorker: Rolled log segment from /opt/src/hadoop-ozone/tools/target/test-dir/MiniOzoneClusterImpl-0519545d-318d-4c21-a2a0-688f18f8a31d/datanode-2/data/ratis/23ffc2a4-5526-4092-9dc4-6d4c5fd51127/current/log_inprogress_3101 to /opt/src/hadoop-ozone/tools/target/test-dir/MiniOzoneClusterImpl-0519545d-318d-4c21-a2a0-688f18f8a31d/datanode-2/data/ratis/23ffc2a4-5526-4092-9dc4-6d4c5fd51127/current/log_3101-3179
2019-07-03 07:08:19,332 INFO  storage.RaftLogWorker (RaftLogWorker.java:execute(433)) - 75e8c5ea-f06a-43e1-af6e-1f7f9b0b2cc1-RaftLogWorker: Rolled log segment from /opt/src/hadoop-ozone/tools/target/test-dir/MiniOzoneClusterImpl-0519545d-318d-4c21-a2a0-688f18f8a31d/datanode-1/data/ratis/23ffc2a4-5526-4092-9dc4-6d4c5fd51127/current/log_inprogress_3101 to /opt/src/hadoop-ozone/tools/target/test-dir/MiniOzoneClusterImpl-0519545d-318d-4c21-a2a0-688f18f8a31d/datanode-1/data/ratis/23ffc2a4-5526-4092-9dc4-6d4c5fd51127/current/log_3101-3179
2019-07-03 07:08:19,373 INFO  storage.RaftLogWorker (RaftLogWorker.java:execute(469)) - 1d8d2908-dfb4-4358-9c6e-64b435d6fccc-RaftLogWorker: created new log segment /opt/src/hadoop-ozone/tools/target/test-dir/MiniOzoneClusterImpl-0519545d-318d-4c21-a2a0-688f18f8a31d/datanode-2/data/ratis/23ffc2a4-5526-4092-9dc4-6d4c5fd51127/current/log_inprogress_3180
2019-07-03 07:08:19,373 INFO  storage.RaftLogWorker (RaftLogWorker.java:execute(469)) - 6571ba41-d309-4d1d-a321-129a77bf1602-RaftLogWorker: created new log segment /opt/src/hadoop-ozone/tools/target/test-dir/MiniOzoneClusterImpl-0519545d-318d-4c21-a2a0-688f18f8a31d/datanode-4/data/ratis/23ffc2a4-5526-4092-9dc4-6d4c5fd51127/current/log_inprogress_3180
2019-07-03 07:08:19,373 INFO  storage.RaftLogWorker (RaftLogWorker.java:execute(469)) - 75e8c5ea-f06a-43e1-af6e-1f7f9b0b2cc1-RaftLogWorker: created new log segment /opt/src/hadoop-ozone/tools/target/test-dir/MiniOzoneClusterImpl-0519545d-318d-4c21-a2a0-688f18f8a31d/datanode-1/data/ratis/23ffc2a4-5526-4092-9dc4-6d4c5fd51127/current/log_inprogress_3180
2019-07-03 07:08:19,376 INFO  client.GrpcClientProtocolClient (GrpcClientProtocolClient.java:onNext(254)) - client-253D2503C21A->6571ba41-d309-4d1d-a321-129a77bf1602: receive RaftClientReply:client-253D2503C21A->6571ba41-d309-4d1d-a321-129a77bf1602@group-6D4C5FD51127, cid=2115, SUCCESS, logIndex=3180, commits[6571ba41-d309-4d1d-a321-129a77bf1602:c3180, 75e8c5ea-f06a-43e1-af6e-1f7f9b0b2cc1:c3178, 1d8d2908-dfb4-4358-9c6e-64b435d6fccc:c3178]
2019-07-03 07:08:19,378 INFO  client.GrpcClientProtocolClient (GrpcClientProtocolClient.java:onNext(254)) - client-253D2503C21A->6571ba41-d309-4d1d-a321-129a77bf1602: receive RaftClientReply:client-253D2503C21A->6571ba41-d309-4d1d-a321-129a77bf1602@group-6D4C5FD51127, cid=2116, SUCCESS, logIndex=0, commits[6571ba41-d309-4d1d-a321-129a77bf1602:c3181, 75e8c5ea-f06a-43e1-af6e-1f7f9b0b2cc1:c3180, 1d8d2908-dfb4-4358-9c6e-64b435d6fccc:c3180]
2019-07-03 07:08:19,409 INFO  client.GrpcClientProtocolClient (GrpcClientProtocolClient.java:onNext(254)) - client-253D2503C21A->6571ba41-d309-4d1d-a321-129a77bf1602: receive RaftClientReply:client-253D2503C21A->6571ba41-d309-4d1d-a321-129a77bf1602@group-6D4C5FD51127, cid=2117, SUCCESS, logIndex=3182, commits[6571ba41-d309-4d1d-a321-129a77bf1602:c3182, 75e8c5ea-f06a-43e1-af6e-1f7f9b0b2cc1:c3181, 1d8d2908-dfb4-4358-9c6e-64b435d6fccc:c3181]
2019-07-03 07:08:19,547 INFO  client.GrpcClientProtocolClient (GrpcClientProtocolClient.java:onNext(254)) - client-253D2503C21A->6571ba41-d309-4d1d-a321-129a77bf1602: receive RaftClientReply:client-253D2503C21A->6571ba41-d309-4d1d-a321-129a77bf1602@group-6D4C5FD51127, cid=2118, SUCCESS, logIndex=3184, commits[6571ba41-d309-4d1d-a321-129a77bf1602:c3185, 75e8c5ea-f06a-43e1-af6e-1f7f9b0b2cc1:c3182, 1d8d2908-dfb4-4358-9c6e-64b435d6fccc:c3182]
2019-07-03 07:08:19,548 INFO  client.GrpcClientProtocolClient (GrpcClientProtocolClient.java:onNext(254)) - client-253D2503C21A->6571ba41-d309-4d1d-a321-129a77bf1602: receive RaftClientReply:client-253D2503C21A->6571ba41-d309-4d1d-a321-129a77bf1602@group-6D4C5FD51127, cid=2119, SUCCESS, logIndex=3185, commits[6571ba41-d309-4d1d-a321-129a77bf1602:c3186, 75e8c5ea-f06a-43e1-af6e-1f7f9b0b2cc1:c3182, 1d8d2908-dfb4-4358-9c6e-64b435d6fccc:c3185]
2019-07-03 07:08:19,548 INFO  client.GrpcClientProtocolClient (GrpcClientProtocolClient.java:onNext(254)) - client-253D2503C21A->6571ba41-d309-4d1d-a321-129a77bf1602: receive RaftClientReply:client-253D2503C21A->6571ba41-d309-4d1d-a321-129a77bf1602@group-6D4C5FD51127, cid=2120, SUCCESS, logIndex=3186, commits[6571ba41-d309-4d1d-a321-129a77bf1602:c3186, 75e8c5ea-f06a-43e1-af6e-1f7f9b0b2cc1:c3182, 1d8d2908-dfb4-4358-9c6e-64b435d6fccc:c3185]
2019-07-03 07:08:19,554 INFO  client.GrpcClientProtocolClient (GrpcClientProtocolClient.java:onNext(254)) - client-253D2503C21A->6571ba41-d309-4d1d-a321-129a77bf1602: receive RaftClientReply:client-253D2503C21A->6571ba41-d309-4d1d-a321-129a77bf1602@group-6D4C5FD51127, cid=2121, SUCCESS, logIndex=0, commits[6571ba41-d309-4d1d-a321-129a77bf1602:c3187, 75e8c5ea-f06a-43e1-af6e-1f7f9b0b2cc1:c3186, 1d8d2908-dfb4-4358-9c6e-64b435d6fccc:c3185]
2019-07-03 07:08:19,576 INFO  client.GrpcClientProtocolClient (GrpcClientProtocolClient.java:onNext(254)) - client-253D2503C21A->6571ba41-d309-4d1d-a321-129a77bf1602: receive RaftClientReply:client-253D2503C21A->6571ba41-d309-4d1d-a321-129a77bf1602@group-6D4C5FD51127, cid=2122, SUCCESS, logIndex=3190, commits[6571ba41-d309-4d1d-a321-129a77bf1602:c3190, 75e8c5ea-f06a-43e1-af6e-1f7f9b0b2cc1:c3189, 1d8d2908-dfb4-4358-9c6e-64b435d6fccc:c3189]
2019-07-03 07:08:19,589 INFO  client.GrpcClientProtocolClient (GrpcClientProtocolClient.java:onNext(254)) - client-253D2503C21A->6571ba41-d309-4d1d-a321-129a77bf1602: receive RaftClientReply:client-253D2503C21A->6571ba41-d309-4d1d-a321-129a77bf1602@group-6D4C5FD51127, cid=2123, SUCCESS, logIndex=3192, commits[6571ba41-d309-4d1d-a321-129a77bf1602:c3192, 75e8c5ea-f06a-43e1-af6e-1f7f9b0b2cc1:c3190, 1d8d2908-dfb4-4358-9c6e-64b435d6fccc:c3190]
2019-07-03 07:08:19,613 INFO  client.GrpcClientProtocolClient (GrpcClientProtocolClient.java:onNext(254)) - client-253D2503C21A->6571ba41-d309-4d1d-a321-129a77bf1602: receive RaftClientReply:client-253D2503C21A->6571ba41-d309-4d1d-a321-129a77bf1602@group-6D4C5FD51127, cid=2124, SUCCESS, logIndex=3194, commits[6571ba41-d309-4d1d-a321-129a77bf1602:c3194, 75e8c5ea-f06a-43e1-af6e-1f7f9b0b2cc1:c3192, 1d8d2908-dfb4-4358-9c6e-64b435d6fccc:c3192]
2019-07-03 07:08:19,617 INFO  client.GrpcClientProtocolClient (GrpcClientProtocolClient.java:onNext(254)) - client-253D2503C21A->6571ba41-d309-4d1d-a321-129a77bf1602: receive RaftClientReply:client-253D2503C21A->6571ba41-d309-4d1d-a321-129a77bf1602@group-6D4C5FD51127, cid=2125, SUCCESS, logIndex=3196, commits[6571ba41-d309-4d1d-a321-129a77bf1602:c3196, 75e8c5ea-f06a-43e1-af6e-1f7f9b0b2cc1:c3194, 1d8d2908-dfb4-4358-9c6e-64b435d6fccc:c3194]
2019-07-03 07:08:19,619 INFO  client.GrpcClientProtocolClient (GrpcClientProtocolClient.java:onNext(254)) - client-253D2503C21A->6571ba41-d309-4d1d-a321-129a77bf1602: receive RaftClientReply:client-253D2503C21A->6571ba41-d309-4d1d-a321-129a77bf1602@group-6D4C5FD51127, cid=2126, SUCCESS, logIndex=0, commits[6571ba41-d309-4d1d-a321-129a77bf1602:c3197, 75e8c5ea-f06a-43e1-af6e-1f7f9b0b2cc1:c3196, 1d8d2908-dfb4-4358-9c6e-64b435d6fccc:c3196]
2019-07-03 07:08:19,651 INFO  client.GrpcClientProtocolClient (GrpcClientProtocolClient.java:onNext(254)) - client-253D2503C21A->6571ba41-d309-4d1d-a321-129a77bf1602: receive RaftClientReply:client-253D2503C21A->6571ba41-d309-4d1d-a321-129a77bf1602@group-6D4C5FD51127, cid=2127, SUCCESS, logIndex=3198, commits[6571ba41-d309-4d1d-a321-129a77bf1602:c3198, 75e8c5ea-f06a-43e1-af6e-1f7f9b0b2cc1:c3197, 1d8d2908-dfb4-4358-9c6e-64b435d6fccc:c3197]
2019-07-03 07:08:19,663 INFO  client.GrpcClientProtocolClient (GrpcClientProtocolClient.java:onNext(254)) - client-253D2503C21A->6571ba41-d309-4d1d-a321-129a77bf1602: receive RaftClientReply:client-253D2503C21A->6571ba41-d309-4d1d-a321-129a77bf1602@group-6D4C5FD51127, cid=2128, SUCCESS, logIndex=3200, commits[6571ba41-d309-4d1d-a321-129a77bf1602:c3201, 75e8c5ea-f06a-43e1-af6e-1f7f9b0b2cc1:c3198, 1d8d2908-dfb4-4358-9c6e-64b435d6fccc:c3198]
2019-07-03 07:08:19,664 INFO  client.GrpcClientProtocolClient (GrpcClientProtocolClient.java:onNext(254)) - client-253D2503C21A->6571ba41-d309-4d1d-a321-129a77bf1602: receive RaftClientReply:client-253D2503C21A->6571ba41-d309-4d1d-a321-129a77bf1602@group-6D4C5FD51127, cid=2129, SUCCESS, logIndex=3201, commits[6571ba41-d309-4d1d-a321-129a77bf1602:c3201, 75e8c5ea-f06a-43e1-af6e-1f7f9b0b2cc1:c3198, 1d8d2908-dfb4-4358-9c6e-64b435d6fccc:c3198]
2019-07-03 07:08:19,664 INFO  client.GrpcClientProtocolClient (GrpcClientProtocolClient.java:onNext(254)) - client-253D2503C21A->6571ba41-d309-4d1d-a321-129a77bf1602: receive RaftClientReply:client-253D2503C21A->6571ba41-d309-4d1d-a321-129a77bf1602@group-6D4C5FD51127, cid=2130, SUCCESS, logIndex=3202, commits[6571ba41-d309-4d1d-a321-129a77bf1602:c3202, 75e8c5ea-f06a-43e1-af6e-1f7f9b0b2cc1:c3200, 1d8d2908-dfb4-4358-9c6e-64b435d6fccc:c3198]
2019-07-03 07:08:19,665 INFO  client.GrpcClientProtocolClient (GrpcClientProtocolClient.java:onNext(254)) - client-253D2503C21A->6571ba41-d309-4d1d-a321-129a77bf1602: receive RaftClientReply:client-253D2503C21A->6571ba41-d309-4d1d-a321-129a77bf1602@group-6D4C5FD51127, cid=2131, SUCCESS, logIndex=0, commits[6571ba41-d309-4d1d-a321-129a77bf1602:c3204, 75e8c5ea-f06a-43e1-af6e-1f7f9b0b2cc1:c3201, 1d8d2908-dfb4-4358-9c6e-64b435d6fccc:c3201]
2019-07-03 07:08:19,687 INFO  client.GrpcClientProtocolClient (GrpcClientProtocolClient.java:onNext(254)) - client-253D2503C21A->6571ba41-d309-4d1d-a321-129a77bf1602: receive RaftClientReply:client-253D2503C21A->6571ba41-d309-4d1d-a321-129a77bf1602@group-6D4C5FD51127, cid=2132, SUCCESS, logIndex=3206, commits[6571ba41-d309-4d1d-a321-129a77bf1602:c3206, 75e8c5ea-f06a-43e1-af6e-1f7f9b0b2cc1:c3205, 1d8d2908-dfb4-4358-9c6e-64b435d6fccc:c3205]
 0.00% |█                                                                                                    |  0/1 Time: 0:00:272019-07-03 07:08:19,715 INFO  client.GrpcClientProtocolClient (GrpcClientProtocolClient.java:onNext(254)) - client-253D2503C21A->6571ba41-d309-4d1d-a321-129a77bf1602: receive RaftClientReply:client-253D2503C21A->6571ba41-d309-4d1d-a321-129a77bf1602@group-6D4C5FD51127, cid=2133, SUCCESS, logIndex=3208, commits[6571ba41-d309-4d1d-a321-129a77bf1602:c3208, 75e8c5ea-f06a-43e1-af6e-1f7f9b0b2cc1:c3206, 1d8d2908-dfb4-4358-9c6e-64b435d6fccc:c3206]
2019-07-03 07:08:19,728 INFO  client.GrpcClientProtocolClient (GrpcClientProtocolClient.java:onNext(254)) - client-253D2503C21A->6571ba41-d309-4d1d-a321-129a77bf1602: receive RaftClientReply:client-253D2503C21A->6571ba41-d309-4d1d-a321-129a77bf1602@group-6D4C5FD51127, cid=2134, SUCCESS, logIndex=3210, commits[6571ba41-d309-4d1d-a321-129a77bf1602:c3210, 75e8c5ea-f06a-43e1-af6e-1f7f9b0b2cc1:c3208, 1d8d2908-dfb4-4358-9c6e-64b435d6fccc:c3208]
2019-07-03 07:08:19,741 INFO  client.GrpcClientProtocolClient (GrpcClientProtocolClient.java:onNext(254)) - client-253D2503C21A->6571ba41-d309-4d1d-a321-129a77bf1602: receive RaftClientReply:client-253D2503C21A->6571ba41-d309-4d1d-a321-129a77bf1602@group-6D4C5FD51127, cid=2135, SUCCESS, logIndex=3212, commits[6571ba41-d309-4d1d-a321-129a77bf1602:c3212, 75e8c5ea-f06a-43e1-af6e-1f7f9b0b2cc1:c3210, 1d8d2908-dfb4-4358-9c6e-64b435d6fccc:c3210]
2019-07-03 07:08:19,754 INFO  client.GrpcClientProtocolClient (GrpcClientProtocolClient.java:onNext(254)) - client-253D2503C21A->6571ba41-d309-4d1d-a321-129a77bf1602: receive RaftClientReply:client-253D2503C21A->6571ba41-d309-4d1d-a321-129a77bf1602@group-6D4C5FD51127, cid=2136, SUCCESS, logIndex=0, commits[6571ba41-d309-4d1d-a321-129a77bf1602:c3213, 75e8c5ea-f06a-43e1-af6e-1f7f9b0b2cc1:c3212, 1d8d2908-dfb4-4358-9c6e-64b435d6fccc:c3212]
2019-07-03 07:08:19,784 INFO  client.GrpcClientProtocolClient (GrpcClientProtocolClient.java:onNext(254)) - client-253D2503C21A->6571ba41-d309-4d1d-a321-129a77bf1602: receive RaftClientReply:client-253D2503C21A->6571ba41-d309-4d1d-a321-129a77bf1602@group-6D4C5FD51127, cid=2137, SUCCESS, logIndex=3214, commits[6571ba41-d309-4d1d-a321-129a77bf1602:c3214, 75e8c5ea-f06a-43e1-af6e-1f7f9b0b2cc1:c3213, 1d8d2908-dfb4-4358-9c6e-64b435d6fccc:c3213]
2019-07-03 07:08:19,797 INFO  client.GrpcClientProtocolClient (GrpcClientProtocolClient.java:onNext(254)) - client-253D2503C21A->6571ba41-d309-4d1d-a321-129a77bf1602: receive RaftClientReply:client-253D2503C21A->6571ba41-d309-4d1d-a321-129a77bf1602@group-6D4C5FD51127, cid=2138, SUCCESS, logIndex=3216, commits[6571ba41-d309-4d1d-a321-129a77bf1602:c3217, 75e8c5ea-f06a-43e1-af6e-1f7f9b0b2cc1:c3214, 1d8d2908-dfb4-4358-9c6e-64b435d6fccc:c3214]
2019-07-03 07:08:19,797 INFO  client.GrpcClientProtocolClient (GrpcClientProtocolClient.java:onNext(254)) - client-253D2503C21A->6571ba41-d309-4d1d-a321-129a77bf1602: receive RaftClientReply:client-253D2503C21A->6571ba41-d309-4d1d-a321-129a77bf1602@group-6D4C5FD51127, cid=2139, SUCCESS, logIndex=3217, commits[6571ba41-d309-4d1d-a321-129a77bf1602:c3217, 75e8c5ea-f06a-43e1-af6e-1f7f9b0b2cc1:c3214, 1d8d2908-dfb4-4358-9c6e-64b435d6fccc:c3214]
2019-07-03 07:08:19,798 INFO  client.GrpcClientProtocolClient (GrpcClientProtocolClient.java:onNext(254)) - client-253D2503C21A->6571ba41-d309-4d1d-a321-129a77bf1602: receive RaftClientReply:client-253D2503C21A->6571ba41-d309-4d1d-a321-129a77bf1602@group-6D4C5FD51127, cid=2140, SUCCESS, logIndex=3218, commits[6571ba41-d309-4d1d-a321-129a77bf1602:c3218, 75e8c5ea-f06a-43e1-af6e-1f7f9b0b2cc1:c3214, 1d8d2908-dfb4-4358-9c6e-64b435d6fccc:c3214]
2019-07-03 07:08:19,799 INFO  client.GrpcClientProtocolClient (GrpcClientProtocolClient.java:onNext(254)) - client-253D2503C21A->6571ba41-d309-4d1d-a321-129a77bf1602: receive RaftClientReply:client-253D2503C21A->6571ba41-d309-4d1d-a321-129a77bf1602@group-6D4C5FD51127, cid=2141, SUCCESS, logIndex=0, commits[6571ba41-d309-4d1d-a321-129a77bf1602:c3220, 75e8c5ea-f06a-43e1-af6e-1f7f9b0b2cc1:c3217, 1d8d2908-dfb4-4358-9c6e-64b435d6fccc:c3217]
2019-07-03 07:08:19,819 INFO  client.GrpcClientProtocolClient (GrpcClientProtocolClient.java:onNext(254)) - client-253D2503C21A->6571ba41-d309-4d1d-a321-129a77bf1602: receive RaftClientReply:client-253D2503C21A->6571ba41-d309-4d1d-a321-129a77bf1602@group-6D4C5FD51127, cid=2142, SUCCESS, logIndex=3222, commits[6571ba41-d309-4d1d-a321-129a77bf1602:c3222, 75e8c5ea-f06a-43e1-af6e-1f7f9b0b2cc1:c3221, 1d8d2908-dfb4-4358-9c6e-64b435d6fccc:c3221]
2019-07-03 07:08:19,832 INFO  client.GrpcClientProtocolClient (GrpcClientProtocolClient.java:onNext(254)) - client-253D2503C21A->6571ba41-d309-4d1d-a321-129a77bf1602: receive RaftClientReply:client-253D2503C21A->6571ba41-d309-4d1d-a321-129a77bf1602@group-6D4C5FD51127, cid=2143, SUCCESS, logIndex=3224, commits[6571ba41-d309-4d1d-a321-129a77bf1602:c3224, 75e8c5ea-f06a-43e1-af6e-1f7f9b0b2cc1:c3222, 1d8d2908-dfb4-4358-9c6e-64b435d6fccc:c3222]
2019-07-03 07:08:19,845 INFO  client.GrpcClientProtocolClient (GrpcClientProtocolClient.java:onNext(254)) - client-253D2503C21A->6571ba41-d309-4d1d-a321-129a77bf1602: receive RaftClientReply:client-253D2503C21A->6571ba41-d309-4d1d-a321-129a77bf1602@group-6D4C5FD51127, cid=2144, SUCCESS, logIndex=3226, commits[6571ba41-d309-4d1d-a321-129a77bf1602:c3226, 75e8c5ea-f06a-43e1-af6e-1f7f9b0b2cc1:c3224, 1d8d2908-dfb4-4358-9c6e-64b435d6fccc:c3224]
2019-07-03 07:08:19,859 INFO  client.GrpcClientProtocolClient (GrpcClientProtocolClient.java:onNext(254)) - client-253D2503C21A->6571ba41-d309-4d1d-a321-129a77bf1602: receive RaftClientReply:client-253D2503C21A->6571ba41-d309-4d1d-a321-129a77bf1602@group-6D4C5FD51127, cid=2145, SUCCESS, logIndex=3228, commits[6571ba41-d309-4d1d-a321-129a77bf1602:c3228, 75e8c5ea-f06a-43e1-af6e-1f7f9b0b2cc1:c3226, 1d8d2908-dfb4-4358-9c6e-64b435d6fccc:c3226]
2019-07-03 07:08:19,871 INFO  client.GrpcClientProtocolClient (GrpcClientProtocolClient.java:onNext(254)) - client-253D2503C21A->6571ba41-d309-4d1d-a321-129a77bf1602: receive RaftClientReply:client-253D2503C21A->6571ba41-d309-4d1d-a321-129a77bf1602@group-6D4C5FD51127, cid=2146, SUCCESS, logIndex=0, commits[6571ba41-d309-4d1d-a321-129a77bf1602:c3229, 75e8c5ea-f06a-43e1-af6e-1f7f9b0b2cc1:c3228, 1d8d2908-dfb4-4358-9c6e-64b435d6fccc:c3228]
2019-07-03 07:08:19,913 INFO  client.GrpcClientProtocolClient (GrpcClientProtocolClient.java:onNext(254)) - client-253D2503C21A->6571ba41-d309-4d1d-a321-129a77bf1602: receive RaftClientReply:client-253D2503C21A->6571ba41-d309-4d1d-a321-129a77bf1602@group-6D4C5FD51127, cid=2147, SUCCESS, logIndex=3230, commits[6571ba41-d309-4d1d-a321-129a77bf1602:c3230, 75e8c5ea-f06a-43e1-af6e-1f7f9b0b2cc1:c3229, 1d8d2908-dfb4-4358-9c6e-64b435d6fccc:c3229]
2019-07-03 07:08:19,925 INFO  client.GrpcClientProtocolClient (GrpcClientProtocolClient.java:onNext(254)) - client-253D2503C21A->6571ba41-d309-4d1d-a321-129a77bf1602: receive RaftClientReply:client-253D2503C21A->6571ba41-d309-4d1d-a321-129a77bf1602@group-6D4C5FD51127, cid=2148, SUCCESS, logIndex=3232, commits[6571ba41-d309-4d1d-a321-129a77bf1602:c3232, 75e8c5ea-f06a-43e1-af6e-1f7f9b0b2cc1:c3230, 1d8d2908-dfb4-4358-9c6e-64b435d6fccc:c3230]
2019-07-03 07:08:19,926 INFO  client.GrpcClientProtocolClient (GrpcClientProtocolClient.java:onNext(254)) - client-253D2503C21A->6571ba41-d309-4d1d-a321-129a77bf1602: receive RaftClientReply:client-253D2503C21A->6571ba41-d309-4d1d-a321-129a77bf1602@group-6D4C5FD51127, cid=2149, SUCCESS, logIndex=3233, commits[6571ba41-d309-4d1d-a321-129a77bf1602:c3234, 75e8c5ea-f06a-43e1-af6e-1f7f9b0b2cc1:c3230, 1d8d2908-dfb4-4358-9c6e-64b435d6fccc:c3230]
2019-07-03 07:08:19,926 INFO  client.GrpcClientProtocolClient (GrpcClientProtocolClient.java:onNext(254)) - client-253D2503C21A->6571ba41-d309-4d1d-a321-129a77bf1602: receive RaftClientReply:client-253D2503C21A->6571ba41-d309-4d1d-a321-129a77bf1602@group-6D4C5FD51127, cid=2150, SUCCESS, logIndex=3234, commits[6571ba41-d309-4d1d-a321-129a77bf1602:c3234, 75e8c5ea-f06a-43e1-af6e-1f7f9b0b2cc1:c3230, 1d8d2908-dfb4-4358-9c6e-64b435d6fccc:c3230]
2019-07-03 07:08:19,927 INFO  client.GrpcClientProtocolClient (GrpcClientProtocolClient.java:onNext(254)) - client-253D2503C21A->6571ba41-d309-4d1d-a321-129a77bf1602: receive RaftClientReply:client-253D2503C21A->6571ba41-d309-4d1d-a321-129a77bf1602@group-6D4C5FD51127, cid=2151, SUCCESS, logIndex=0, commits[6571ba41-d309-4d1d-a321-129a77bf1602:c3236, 75e8c5ea-f06a-43e1-af6e-1f7f9b0b2cc1:c3233, 1d8d2908-dfb4-4358-9c6e-64b435d6fccc:c3233]
2019-07-03 07:08:19,955 INFO  client.GrpcClientProtocolClient (GrpcClientProtocolClient.java:onNext(254)) - client-253D2503C21A->6571ba41-d309-4d1d-a321-129a77bf1602: receive RaftClientReply:client-253D2503C21A->6571ba41-d309-4d1d-a321-129a77bf1602@group-6D4C5FD51127, cid=2152, SUCCESS, logIndex=3238, commits[6571ba41-d309-4d1d-a321-129a77bf1602:c3238, 75e8c5ea-f06a-43e1-af6e-1f7f9b0b2cc1:c3237, 1d8d2908-dfb4-4358-9c6e-64b435d6fccc:c3234]
2019-07-03 07:08:20,000 INFO  client.GrpcClientProtocolClient (GrpcClientProtocolClient.java:onNext(254)) - client-253D2503C21A->6571ba41-d309-4d1d-a321-129a77bf1602: receive RaftClientReply:client-253D2503C21A->6571ba41-d309-4d1d-a321-129a77bf1602@group-6D4C5FD51127, cid=2153, SUCCESS, logIndex=3240, commits[6571ba41-d309-4d1d-a321-129a77bf1602:c3240, 75e8c5ea-f06a-43e1-af6e-1f7f9b0b2cc1:c3238, 1d8d2908-dfb4-4358-9c6e-64b435d6fccc:c3238]
2019-07-03 07:08:20,031 INFO  client.GrpcClientProtocolClient (GrpcClientProtocolClient.java:onNext(254)) - client-253D2503C21A->6571ba41-d309-4d1d-a321-129a77bf1602: receive RaftClientReply:client-253D2503C21A->6571ba41-d309-4d1d-a321-129a77bf1602@group-6D4C5FD51127, cid=2154, SUCCESS, logIndex=3242, commits[6571ba41-d309-4d1d-a321-129a77bf1602:c3242, 75e8c5ea-f06a-43e1-af6e-1f7f9b0b2cc1:c3241, 1d8d2908-dfb4-4358-9c6e-64b435d6fccc:c3241]
2019-07-03 07:08:20,035 INFO  client.GrpcClientProtocolClient (GrpcClientProtocolClient.java:onNext(254)) - client-253D2503C21A->6571ba41-d309-4d1d-a321-129a77bf1602: receive RaftClientReply:client-253D2503C21A->6571ba41-d309-4d1d-a321-129a77bf1602@group-6D4C5FD51127, cid=2155, SUCCESS, logIndex=3244, commits[6571ba41-d309-4d1d-a321-129a77bf1602:c3244, 75e8c5ea-f06a-43e1-af6e-1f7f9b0b2cc1:c3242, 1d8d2908-dfb4-4358-9c6e-64b435d6fccc:c3242]
2019-07-03 07:08:20,037 INFO  client.GrpcClientProtocolClient (GrpcClientProtocolClient.java:onNext(254)) - client-253D2503C21A->6571ba41-d309-4d1d-a321-129a77bf1602: receive RaftClientReply:client-253D2503C21A->6571ba41-d309-4d1d-a321-129a77bf1602@group-6D4C5FD51127, cid=2156, SUCCESS, logIndex=0, commits[6571ba41-d309-4d1d-a321-129a77bf1602:c3244, 75e8c5ea-f06a-43e1-af6e-1f7f9b0b2cc1:c3244, 1d8d2908-dfb4-4358-9c6e-64b435d6fccc:c3244]
2019-07-03 07:08:20,061 INFO  client.GrpcClientProtocolClient (GrpcClientProtocolClient.java:onNext(254)) - client-253D2503C21A->6571ba41-d309-4d1d-a321-129a77bf1602: receive RaftClientReply:client-253D2503C21A->6571ba41-d309-4d1d-a321-129a77bf1602@group-6D4C5FD51127, cid=2157, SUCCESS, logIndex=3246, commits[6571ba41-d309-4d1d-a321-129a77bf1602:c3246, 75e8c5ea-f06a-43e1-af6e-1f7f9b0b2cc1:c3245, 1d8d2908-dfb4-4358-9c6e-64b435d6fccc:c3244]
2019-07-03 07:08:20,065 INFO  client.GrpcClientProtocolClient (GrpcClientProtocolClient.java:onNext(254)) - client-253D2503C21A->6571ba41-d309-4d1d-a321-129a77bf1602: receive RaftClientReply:client-253D2503C21A->6571ba41-d309-4d1d-a321-129a77bf1602@group-6D4C5FD51127, cid=2158, SUCCESS, logIndex=3248, commits[6571ba41-d309-4d1d-a321-129a77bf1602:c3248, 75e8c5ea-f06a-43e1-af6e-1f7f9b0b2cc1:c3246, 1d8d2908-dfb4-4358-9c6e-64b435d6fccc:c3246]
2019-07-03 07:08:20,068 INFO  client.GrpcClientProtocolClient (GrpcClientProtocolClient.java:onNext(254)) - client-253D2503C21A->6571ba41-d309-4d1d-a321-129a77bf1602: receive RaftClientReply:client-253D2503C21A->6571ba41-d309-4d1d-a321-129a77bf1602@group-6D4C5FD51127, cid=2159, SUCCESS, logIndex=3249, commits[6571ba41-d309-4d1d-a321-129a77bf1602:c3250, 75e8c5ea-f06a-43e1-af6e-1f7f9b0b2cc1:c3247, 1d8d2908-dfb4-4358-9c6e-64b435d6fccc:c3246]
2019-07-03 07:08:20,069 INFO  client.GrpcClientProtocolClient (GrpcClientProtocolClient.java:onNext(254)) - client-253D2503C21A->6571ba41-d309-4d1d-a321-129a77bf1602: receive RaftClientReply:client-253D2503C21A->6571ba41-d309-4d1d-a321-129a77bf1602@group-6D4C5FD51127, cid=2160, SUCCESS, logIndex=3250, commits[6571ba41-d309-4d1d-a321-129a77bf1602:c3250, 75e8c5ea-f06a-43e1-af6e-1f7f9b0b2cc1:c3247, 1d8d2908-dfb4-4358-9c6e-64b435d6fccc:c3246]
2019-07-03 07:08:20,071 INFO  client.GrpcClientProtocolClient (GrpcClientProtocolClient.java:onNext(254)) - client-253D2503C21A->6571ba41-d309-4d1d-a321-129a77bf1602: receive RaftClientReply:client-253D2503C21A->6571ba41-d309-4d1d-a321-129a77bf1602@group-6D4C5FD51127, cid=2161, SUCCESS, logIndex=0, commits[6571ba41-d309-4d1d-a321-129a77bf1602:c3252, 75e8c5ea-f06a-43e1-af6e-1f7f9b0b2cc1:c3250, 1d8d2908-dfb4-4358-9c6e-64b435d6fccc:c3248]
2019-07-03 07:08:20,084 INFO  client.GrpcClientProtocolClient (GrpcClientProtocolClient.java:onNext(254)) - client-253D2503C21A->6571ba41-d309-4d1d-a321-129a77bf1602: receive RaftClientReply:client-253D2503C21A->6571ba41-d309-4d1d-a321-129a77bf1602@group-6D4C5FD51127, cid=2162, SUCCESS, logIndex=3254, commits[6571ba41-d309-4d1d-a321-129a77bf1602:c3254, 75e8c5ea-f06a-43e1-af6e-1f7f9b0b2cc1:c3253, 1d8d2908-dfb4-4358-9c6e-64b435d6fccc:c3250]
2019-07-03 07:08:20,088 INFO  client.GrpcClientProtocolClient (GrpcClientProtocolClient.java:onNext(254)) - client-253D2503C21A->6571ba41-d309-4d1d-a321-129a77bf1602: receive RaftClientReply:client-253D2503C21A->6571ba41-d309-4d1d-a321-129a77bf1602@group-6D4C5FD51127, cid=2163, SUCCESS, logIndex=3256, commits[6571ba41-d309-4d1d-a321-129a77bf1602:c3256, 75e8c5ea-f06a-43e1-af6e-1f7f9b0b2cc1:c3254, 1d8d2908-dfb4-4358-9c6e-64b435d6fccc:c3254]
2019-07-03 07:08:20,101 INFO  client.GrpcClientProtocolClient (GrpcClientProtocolClient.java:onNext(254)) - client-253D2503C21A->6571ba41-d309-4d1d-a321-129a77bf1602: receive RaftClientReply:client-253D2503C21A->6571ba41-d309-4d1d-a321-129a77bf1602@group-6D4C5FD51127, cid=2164, SUCCESS, logIndex=3258, commits[6571ba41-d309-4d1d-a321-129a77bf1602:c3258, 75e8c5ea-f06a-43e1-af6e-1f7f9b0b2cc1:c3257, 1d8d2908-dfb4-4358-9c6e-64b435d6fccc:c3256]
2019-07-03 07:08:20,101 INFO  storage.RaftLogWorker (RaftLogWorker.java:rollLogSegment(303)) - 6571ba41-d309-4d1d-a321-129a77bf1602-RaftLogWorker: Rolling segment log-3180_3259 to index:3259
2019-07-03 07:08:20,103 INFO  storage.RaftLogWorker (RaftLogWorker.java:rollLogSegment(303)) - 1d8d2908-dfb4-4358-9c6e-64b435d6fccc-RaftLogWorker: Rolling segment log-3180_3259 to index:3259
2019-07-03 07:08:20,103 INFO  storage.RaftLogWorker (RaftLogWorker.java:rollLogSegment(303)) - 75e8c5ea-f06a-43e1-af6e-1f7f9b0b2cc1-RaftLogWorker: Rolling segment log-3180_3259 to index:3259
2019-07-03 07:08:20,104 INFO  storage.RaftLogWorker (RaftLogWorker.java:execute(433)) - 1d8d2908-dfb4-4358-9c6e-64b435d6fccc-RaftLogWorker: Rolled log segment from /opt/src/hadoop-ozone/tools/target/test-dir/MiniOzoneClusterImpl-0519545d-318d-4c21-a2a0-688f18f8a31d/datanode-2/data/ratis/23ffc2a4-5526-4092-9dc4-6d4c5fd51127/current/log_inprogress_3180 to /opt/src/hadoop-ozone/tools/target/test-dir/MiniOzoneClusterImpl-0519545d-318d-4c21-a2a0-688f18f8a31d/datanode-2/data/ratis/23ffc2a4-5526-4092-9dc4-6d4c5fd51127/current/log_3180-3259
2019-07-03 07:08:20,104 INFO  storage.RaftLogWorker (RaftLogWorker.java:execute(433)) - 6571ba41-d309-4d1d-a321-129a77bf1602-RaftLogWorker: Rolled log segment from /opt/src/hadoop-ozone/tools/target/test-dir/MiniOzoneClusterImpl-0519545d-318d-4c21-a2a0-688f18f8a31d/datanode-4/data/ratis/23ffc2a4-5526-4092-9dc4-6d4c5fd51127/current/log_inprogress_3180 to /opt/src/hadoop-ozone/tools/target/test-dir/MiniOzoneClusterImpl-0519545d-318d-4c21-a2a0-688f18f8a31d/datanode-4/data/ratis/23ffc2a4-5526-4092-9dc4-6d4c5fd51127/current/log_3180-3259
2019-07-03 07:08:20,104 INFO  storage.RaftLogWorker (RaftLogWorker.java:execute(433)) - 75e8c5ea-f06a-43e1-af6e-1f7f9b0b2cc1-RaftLogWorker: Rolled log segment from /opt/src/hadoop-ozone/tools/target/test-dir/MiniOzoneClusterImpl-0519545d-318d-4c21-a2a0-688f18f8a31d/datanode-1/data/ratis/23ffc2a4-5526-4092-9dc4-6d4c5fd51127/current/log_inprogress_3180 to /opt/src/hadoop-ozone/tools/target/test-dir/MiniOzoneClusterImpl-0519545d-318d-4c21-a2a0-688f18f8a31d/datanode-1/data/ratis/23ffc2a4-5526-4092-9dc4-6d4c5fd51127/current/log_3180-3259
2019-07-03 07:08:20,139 INFO  storage.RaftLogWorker (RaftLogWorker.java:execute(469)) - 1d8d2908-dfb4-4358-9c6e-64b435d6fccc-RaftLogWorker: created new log segment /opt/src/hadoop-ozone/tools/target/test-dir/MiniOzoneClusterImpl-0519545d-318d-4c21-a2a0-688f18f8a31d/datanode-2/data/ratis/23ffc2a4-5526-4092-9dc4-6d4c5fd51127/current/log_inprogress_3260
2019-07-03 07:08:20,141 INFO  storage.RaftLogWorker (RaftLogWorker.java:execute(469)) - 75e8c5ea-f06a-43e1-af6e-1f7f9b0b2cc1-RaftLogWorker: created new log segment /opt/src/hadoop-ozone/tools/target/test-dir/MiniOzoneClusterImpl-0519545d-318d-4c21-a2a0-688f18f8a31d/datanode-1/data/ratis/23ffc2a4-5526-4092-9dc4-6d4c5fd51127/current/log_inprogress_3260
2019-07-03 07:08:20,141 INFO  storage.RaftLogWorker (RaftLogWorker.java:execute(469)) - 6571ba41-d309-4d1d-a321-129a77bf1602-RaftLogWorker: created new log segment /opt/src/hadoop-ozone/tools/target/test-dir/MiniOzoneClusterImpl-0519545d-318d-4c21-a2a0-688f18f8a31d/datanode-4/data/ratis/23ffc2a4-5526-4092-9dc4-6d4c5fd51127/current/log_inprogress_3260
2019-07-03 07:08:20,144 INFO  client.GrpcClientProtocolClient (GrpcClientProtocolClient.java:onNext(254)) - client-253D2503C21A->6571ba41-d309-4d1d-a321-129a77bf1602: receive RaftClientReply:client-253D2503C21A->6571ba41-d309-4d1d-a321-129a77bf1602@group-6D4C5FD51127, cid=2165, SUCCESS, logIndex=3260, commits[6571ba41-d309-4d1d-a321-129a77bf1602:c3260, 75e8c5ea-f06a-43e1-af6e-1f7f9b0b2cc1:c3259, 1d8d2908-dfb4-4358-9c6e-64b435d6fccc:c3258]
2019-07-03 07:08:20,145 INFO  client.GrpcClientProtocolClient (GrpcClientProtocolClient.java:onNext(254)) - client-253D2503C21A->6571ba41-d309-4d1d-a321-129a77bf1602: receive RaftClientReply:client-253D2503C21A->6571ba41-d309-4d1d-a321-129a77bf1602@group-6D4C5FD51127, cid=2166, SUCCESS, logIndex=0, commits[6571ba41-d309-4d1d-a321-129a77bf1602:c3261, 75e8c5ea-f06a-43e1-af6e-1f7f9b0b2cc1:c3260, 1d8d2908-dfb4-4358-9c6e-64b435d6fccc:c3260]
2019-07-03 07:08:20,172 INFO  client.GrpcClientProtocolClient (GrpcClientProtocolClient.java:onNext(254)) - client-253D2503C21A->6571ba41-d309-4d1d-a321-129a77bf1602: receive RaftClientReply:client-253D2503C21A->6571ba41-d309-4d1d-a321-129a77bf1602@group-6D4C5FD51127, cid=2167, SUCCESS, logIndex=3262, commits[6571ba41-d309-4d1d-a321-129a77bf1602:c3262, 75e8c5ea-f06a-43e1-af6e-1f7f9b0b2cc1:c3261, 1d8d2908-dfb4-4358-9c6e-64b435d6fccc:c3261]
2019-07-03 07:08:20,175 INFO  client.GrpcClientProtocolClient (GrpcClientProtocolClient.java:onNext(254)) - client-253D2503C21A->6571ba41-d309-4d1d-a321-129a77bf1602: receive RaftClientReply:client-253D2503C21A->6571ba41-d309-4d1d-a321-129a77bf1602@group-6D4C5FD51127, cid=2168, SUCCESS, logIndex=3264, commits[6571ba41-d309-4d1d-a321-129a77bf1602:c3264, 75e8c5ea-f06a-43e1-af6e-1f7f9b0b2cc1:c3262, 1d8d2908-dfb4-4358-9c6e-64b435d6fccc:c3262]
2019-07-03 07:08:20,179 INFO  client.GrpcClientProtocolClient (GrpcClientProtocolClient.java:onNext(254)) - client-253D2503C21A->6571ba41-d309-4d1d-a321-129a77bf1602: receive RaftClientReply:client-253D2503C21A->6571ba41-d309-4d1d-a321-129a77bf1602@group-6D4C5FD51127, cid=2169, SUCCESS, logIndex=3265, commits[6571ba41-d309-4d1d-a321-129a77bf1602:c3266, 75e8c5ea-f06a-43e1-af6e-1f7f9b0b2cc1:c3262, 1d8d2908-dfb4-4358-9c6e-64b435d6fccc:c3262]
2019-07-03 07:08:20,179 INFO  client.GrpcClientProtocolClient (GrpcClientProtocolClient.java:onNext(254)) - client-253D2503C21A->6571ba41-d309-4d1d-a321-129a77bf1602: receive RaftClientReply:client-253D2503C21A->6571ba41-d309-4d1d-a321-129a77bf1602@group-6D4C5FD51127, cid=2170, SUCCESS, logIndex=3266, commits[6571ba41-d309-4d1d-a321-129a77bf1602:c3266, 75e8c5ea-f06a-43e1-af6e-1f7f9b0b2cc1:c3262, 1d8d2908-dfb4-4358-9c6e-64b435d6fccc:c3262]
2019-07-03 07:08:20,180 INFO  client.GrpcClientProtocolClient (GrpcClientProtocolClient.java:onNext(254)) - client-253D2503C21A->6571ba41-d309-4d1d-a321-129a77bf1602: receive RaftClientReply:client-253D2503C21A->6571ba41-d309-4d1d-a321-129a77bf1602@group-6D4C5FD51127, cid=2171, SUCCESS, logIndex=0, commits[6571ba41-d309-4d1d-a321-129a77bf1602:c3268, 75e8c5ea-f06a-43e1-af6e-1f7f9b0b2cc1:c3265, 1d8d2908-dfb4-4358-9c6e-64b435d6fccc:c3265]
2019-07-03 07:08:20,203 INFO  client.GrpcClientProtocolClient (GrpcClientProtocolClient.java:onNext(254)) - client-253D2503C21A->6571ba41-d309-4d1d-a321-129a77bf1602: receive RaftClientReply:client-253D2503C21A->6571ba41-d309-4d1d-a321-129a77bf1602@group-6D4C5FD51127, cid=2172, SUCCESS, logIndex=3270, commits[6571ba41-d309-4d1d-a321-129a77bf1602:c3270, 75e8c5ea-f06a-43e1-af6e-1f7f9b0b2cc1:c3269, 1d8d2908-dfb4-4358-9c6e-64b435d6fccc:c3269]
2019-07-03 07:08:20,219 INFO  client.GrpcClientProtocolClient (GrpcClientProtocolClient.java:onNext(254)) - client-253D2503C21A->6571ba41-d309-4d1d-a321-129a77bf1602: receive RaftClientReply:client-253D2503C21A->6571ba41-d309-4d1d-a321-129a77bf1602@group-6D4C5FD51127, cid=2173, SUCCESS, logIndex=3272, commits[6571ba41-d309-4d1d-a321-129a77bf1602:c3272, 75e8c5ea-f06a-43e1-af6e-1f7f9b0b2cc1:c3270, 1d8d2908-dfb4-4358-9c6e-64b435d6fccc:c3270]
2019-07-03 07:08:20,246 INFO  client.GrpcClientProtocolClient (GrpcClientProtocolClient.java:onNext(254)) - client-253D2503C21A->6571ba41-d309-4d1d-a321-129a77bf1602: receive RaftClientReply:client-253D2503C21A->6571ba41-d309-4d1d-a321-129a77bf1602@group-6D4C5FD51127, cid=2174, SUCCESS, logIndex=3274, commits[6571ba41-d309-4d1d-a321-129a77bf1602:c3274, 75e8c5ea-f06a-43e1-af6e-1f7f9b0b2cc1:c3272, 1d8d2908-dfb4-4358-9c6e-64b435d6fccc:c3272]
2019-07-03 07:08:20,250 INFO  client.GrpcClientProtocolClient (GrpcClientProtocolClient.java:onNext(254)) - client-253D2503C21A->6571ba41-d309-4d1d-a321-129a77bf1602: receive RaftClientReply:client-253D2503C21A->6571ba41-d309-4d1d-a321-129a77bf1602@group-6D4C5FD51127, cid=2175, SUCCESS, logIndex=3276, commits[6571ba41-d309-4d1d-a321-129a77bf1602:c3276, 75e8c5ea-f06a-43e1-af6e-1f7f9b0b2cc1:c3274, 1d8d2908-dfb4-4358-9c6e-64b435d6fccc:c3274]
2019-07-03 07:08:20,261 INFO  client.GrpcClientProtocolClient (GrpcClientProtocolClient.java:onNext(254)) - client-253D2503C21A->6571ba41-d309-4d1d-a321-129a77bf1602: receive RaftClientReply:client-253D2503C21A->6571ba41-d309-4d1d-a321-129a77bf1602@group-6D4C5FD51127, cid=2176, SUCCESS, logIndex=0, commits[6571ba41-d309-4d1d-a321-129a77bf1602:c3277, 75e8c5ea-f06a-43e1-af6e-1f7f9b0b2cc1:c3276, 1d8d2908-dfb4-4358-9c6e-64b435d6fccc:c3276]
2019-07-03 07:08:20,297 INFO  client.GrpcClientProtocolClient (GrpcClientProtocolClient.java:onNext(254)) - client-253D2503C21A->6571ba41-d309-4d1d-a321-129a77bf1602: receive RaftClientReply:client-253D2503C21A->6571ba41-d309-4d1d-a321-129a77bf1602@group-6D4C5FD51127, cid=2177, SUCCESS, logIndex=3278, commits[6571ba41-d309-4d1d-a321-129a77bf1602:c3278, 75e8c5ea-f06a-43e1-af6e-1f7f9b0b2cc1:c3277, 1d8d2908-dfb4-4358-9c6e-64b435d6fccc:c3277]
2019-07-03 07:08:20,309 INFO  client.GrpcClientProtocolClient (GrpcClientProtocolClient.java:onNext(254)) - client-253D2503C21A->6571ba41-d309-4d1d-a321-129a77bf1602: receive RaftClientReply:client-253D2503C21A->6571ba41-d309-4d1d-a321-129a77bf1602@group-6D4C5FD51127, cid=2178, SUCCESS, logIndex=3280, commits[6571ba41-d309-4d1d-a321-129a77bf1602:c3281, 75e8c5ea-f06a-43e1-af6e-1f7f9b0b2cc1:c3278, 1d8d2908-dfb4-4358-9c6e-64b435d6fccc:c3278]
2019-07-03 07:08:20,310 INFO  client.GrpcClientProtocolClient (GrpcClientProtocolClient.java:onNext(254)) - client-253D2503C21A->6571ba41-d309-4d1d-a321-129a77bf1602: receive RaftClientReply:client-253D2503C21A->6571ba41-d309-4d1d-a321-129a77bf1602@group-6D4C5FD51127, cid=2179, SUCCESS, logIndex=3281, commits[6571ba41-d309-4d1d-a321-129a77bf1602:c3281, 75e8c5ea-f06a-43e1-af6e-1f7f9b0b2cc1:c3278, 1d8d2908-dfb4-4358-9c6e-64b435d6fccc:c3278]
2019-07-03 07:08:20,310 INFO  client.GrpcClientProtocolClient (GrpcClientProtocolClient.java:onNext(254)) - client-253D2503C21A->6571ba41-d309-4d1d-a321-129a77bf1602: receive RaftClientReply:client-253D2503C21A->6571ba41-d309-4d1d-a321-129a77bf1602@group-6D4C5FD51127, cid=2180, SUCCESS, logIndex=3282, commits[6571ba41-d309-4d1d-a321-129a77bf1602:c3283, 75e8c5ea-f06a-43e1-af6e-1f7f9b0b2cc1:c3278, 1d8d2908-dfb4-4358-9c6e-64b435d6fccc:c3281]
2019-07-03 07:08:20,311 INFO  client.GrpcClientProtocolClient (GrpcClientProtocolClient.java:onNext(254)) - client-253D2503C21A->6571ba41-d309-4d1d-a321-129a77bf1602: receive RaftClientReply:client-253D2503C21A->6571ba41-d309-4d1d-a321-129a77bf1602@group-6D4C5FD51127, cid=2181, SUCCESS, logIndex=0, commits[6571ba41-d309-4d1d-a321-129a77bf1602:c3283, 75e8c5ea-f06a-43e1-af6e-1f7f9b0b2cc1:c3281, 1d8d2908-dfb4-4358-9c6e-64b435d6fccc:c3281]
2019-07-03 07:08:20,334 INFO  client.GrpcClientProtocolClient (GrpcClientProtocolClient.java:onNext(254)) - client-253D2503C21A->6571ba41-d309-4d1d-a321-129a77bf1602: receive RaftClientReply:client-253D2503C21A->6571ba41-d309-4d1d-a321-129a77bf1602@group-6D4C5FD51127, cid=2182, SUCCESS, logIndex=3286, commits[6571ba41-d309-4d1d-a321-129a77bf1602:c3286, 75e8c5ea-f06a-43e1-af6e-1f7f9b0b2cc1:c3285, 1d8d2908-dfb4-4358-9c6e-64b435d6fccc:c3285]
2019-07-03 07:08:20,347 INFO  client.GrpcClientProtocolClient (GrpcClientProtocolClient.java:onNext(254)) - client-253D2503C21A->6571ba41-d309-4d1d-a321-129a77bf1602: receive RaftClientReply:client-253D2503C21A->6571ba41-d309-4d1d-a321-129a77bf1602@group-6D4C5FD51127, cid=2183, SUCCESS, logIndex=3288, commits[6571ba41-d309-4d1d-a321-129a77bf1602:c3288, 75e8c5ea-f06a-43e1-af6e-1f7f9b0b2cc1:c3286, 1d8d2908-dfb4-4358-9c6e-64b435d6fccc:c3286]
2019-07-03 07:08:20,371 INFO  client.GrpcClientProtocolClient (GrpcClientProtocolClient.java:onNext(254)) - client-253D2503C21A->6571ba41-d309-4d1d-a321-129a77bf1602: receive RaftClientReply:client-253D2503C21A->6571ba41-d309-4d1d-a321-129a77bf1602@group-6D4C5FD51127, cid=2184, SUCCESS, logIndex=3290, commits[6571ba41-d309-4d1d-a321-129a77bf1602:c3290, 75e8c5ea-f06a-43e1-af6e-1f7f9b0b2cc1:c3288, 1d8d2908-dfb4-4358-9c6e-64b435d6fccc:c3288]
2019-07-03 07:08:20,374 INFO  client.GrpcClientProtocolClient (GrpcClientProtocolClient.java:onNext(254)) - client-253D2503C21A->6571ba41-d309-4d1d-a321-129a77bf1602: receive RaftClientReply:client-253D2503C21A->6571ba41-d309-4d1d-a321-129a77bf1602@group-6D4C5FD51127, cid=2185, SUCCESS, logIndex=3292, commits[6571ba41-d309-4d1d-a321-129a77bf1602:c3292, 75e8c5ea-f06a-43e1-af6e-1f7f9b0b2cc1:c3290, 1d8d2908-dfb4-4358-9c6e-64b435d6fccc:c3290]
2019-07-03 07:08:20,385 INFO  client.GrpcClientProtocolClient (GrpcClientProtocolClient.java:onNext(254)) - client-253D2503C21A->6571ba41-d309-4d1d-a321-129a77bf1602: receive RaftClientReply:client-253D2503C21A->6571ba41-d309-4d1d-a321-129a77bf1602@group-6D4C5FD51127, cid=2186, SUCCESS, logIndex=0, commits[6571ba41-d309-4d1d-a321-129a77bf1602:c3293, 75e8c5ea-f06a-43e1-af6e-1f7f9b0b2cc1:c3292, 1d8d2908-dfb4-4358-9c6e-64b435d6fccc:c3292]
2019-07-03 07:08:20,417 INFO  client.GrpcClientProtocolClient (GrpcClientProtocolClient.java:onNext(254)) - client-253D2503C21A->6571ba41-d309-4d1d-a321-129a77bf1602: receive RaftClientReply:client-253D2503C21A->6571ba41-d309-4d1d-a321-129a77bf1602@group-6D4C5FD51127, cid=2187, SUCCESS, logIndex=3294, commits[6571ba41-d309-4d1d-a321-129a77bf1602:c3294, 75e8c5ea-f06a-43e1-af6e-1f7f9b0b2cc1:c3293, 1d8d2908-dfb4-4358-9c6e-64b435d6fccc:c3293]
2019-07-03 07:08:20,429 INFO  client.GrpcClientProtocolClient (GrpcClientProtocolClient.java:onNext(254)) - client-253D2503C21A->6571ba41-d309-4d1d-a321-129a77bf1602: receive RaftClientReply:client-253D2503C21A->6571ba41-d309-4d1d-a321-129a77bf1602@group-6D4C5FD51127, cid=2188, SUCCESS, logIndex=3296, commits[6571ba41-d309-4d1d-a321-129a77bf1602:c3297, 75e8c5ea-f06a-43e1-af6e-1f7f9b0b2cc1:c3294, 1d8d2908-dfb4-4358-9c6e-64b435d6fccc:c3294]
2019-07-03 07:08:20,429 INFO  client.GrpcClientProtocolClient (GrpcClientProtocolClient.java:onNext(254)) - client-253D2503C21A->6571ba41-d309-4d1d-a321-129a77bf1602: receive RaftClientReply:client-253D2503C21A->6571ba41-d309-4d1d-a321-129a77bf1602@group-6D4C5FD51127, cid=2189, SUCCESS, logIndex=3297, commits[6571ba41-d309-4d1d-a321-129a77bf1602:c3298, 75e8c5ea-f06a-43e1-af6e-1f7f9b0b2cc1:c3294, 1d8d2908-dfb4-4358-9c6e-64b435d6fccc:c3294]
2019-07-03 07:08:20,430 INFO  client.GrpcClientProtocolClient (GrpcClientProtocolClient.java:onNext(254)) - client-253D2503C21A->6571ba41-d309-4d1d-a321-129a77bf1602: receive RaftClientReply:client-253D2503C21A->6571ba41-d309-4d1d-a321-129a77bf1602@group-6D4C5FD51127, cid=2190, SUCCESS, logIndex=3298, commits[6571ba41-d309-4d1d-a321-129a77bf1602:c3298, 75e8c5ea-f06a-43e1-af6e-1f7f9b0b2cc1:c3294, 1d8d2908-dfb4-4358-9c6e-64b435d6fccc:c3294]
2019-07-03 07:08:20,431 INFO  client.GrpcClientProtocolClient (GrpcClientProtocolClient.java:onNext(254)) - client-253D2503C21A->6571ba41-d309-4d1d-a321-129a77bf1602: receive RaftClientReply:client-253D2503C21A->6571ba41-d309-4d1d-a321-129a77bf1602@group-6D4C5FD51127, cid=2191, SUCCESS, logIndex=0, commits[6571ba41-d309-4d1d-a321-129a77bf1602:c3300, 75e8c5ea-f06a-43e1-af6e-1f7f9b0b2cc1:c3297, 1d8d2908-dfb4-4358-9c6e-64b435d6fccc:c3297]
2019-07-03 07:08:20,451 INFO  client.GrpcClientProtocolClient (GrpcClientProtocolClient.java:onNext(254)) - client-253D2503C21A->6571ba41-d309-4d1d-a321-129a77bf1602: receive RaftClientReply:client-253D2503C21A->6571ba41-d309-4d1d-a321-129a77bf1602@group-6D4C5FD51127, cid=2192, SUCCESS, logIndex=3302, commits[6571ba41-d309-4d1d-a321-129a77bf1602:c3302, 75e8c5ea-f06a-43e1-af6e-1f7f9b0b2cc1:c3301, 1d8d2908-dfb4-4358-9c6e-64b435d6fccc:c3301]
2019-07-03 07:08:20,465 INFO  client.GrpcClientProtocolClient (GrpcClientProtocolClient.java:onNext(254)) - client-253D2503C21A->6571ba41-d309-4d1d-a321-129a77bf1602: receive RaftClientReply:client-253D2503C21A->6571ba41-d309-4d1d-a321-129a77bf1602@group-6D4C5FD51127, cid=2193, SUCCESS, logIndex=3304, commits[6571ba41-d309-4d1d-a321-129a77bf1602:c3304, 75e8c5ea-f06a-43e1-af6e-1f7f9b0b2cc1:c3302, 1d8d2908-dfb4-4358-9c6e-64b435d6fccc:c3302]
2019-07-03 07:08:20,486 INFO  client.GrpcClientProtocolClient (GrpcClientProtocolClient.java:onNext(254)) - client-253D2503C21A->6571ba41-d309-4d1d-a321-129a77bf1602: receive RaftClientReply:client-253D2503C21A->6571ba41-d309-4d1d-a321-129a77bf1602@group-6D4C5FD51127, cid=2194, SUCCESS, logIndex=3306, commits[6571ba41-d309-4d1d-a321-129a77bf1602:c3306, 75e8c5ea-f06a-43e1-af6e-1f7f9b0b2cc1:c3304, 1d8d2908-dfb4-4358-9c6e-64b435d6fccc:c3304]
2019-07-03 07:08:20,499 INFO  client.GrpcClientProtocolClient (GrpcClientProtocolClient.java:onNext(254)) - client-253D2503C21A->6571ba41-d309-4d1d-a321-129a77bf1602: receive RaftClientReply:client-253D2503C21A->6571ba41-d309-4d1d-a321-129a77bf1602@group-6D4C5FD51127, cid=2195, SUCCESS, logIndex=3308, commits[6571ba41-d309-4d1d-a321-129a77bf1602:c3308, 75e8c5ea-f06a-43e1-af6e-1f7f9b0b2cc1:c3306, 1d8d2908-dfb4-4358-9c6e-64b435d6fccc:c3306]
2019-07-03 07:08:20,511 INFO  client.GrpcClientProtocolClient (GrpcClientProtocolClient.java:onNext(254)) - client-253D2503C21A->6571ba41-d309-4d1d-a321-129a77bf1602: receive RaftClientReply:client-253D2503C21A->6571ba41-d309-4d1d-a321-129a77bf1602@group-6D4C5FD51127, cid=2196, SUCCESS, logIndex=0, commits[6571ba41-d309-4d1d-a321-129a77bf1602:c3308, 75e8c5ea-f06a-43e1-af6e-1f7f9b0b2cc1:c3308, 1d8d2908-dfb4-4358-9c6e-64b435d6fccc:c3308]
2019-07-03 07:08:20,540 INFO  client.GrpcClientProtocolClient (GrpcClientProtocolClient.java:onNext(254)) - client-253D2503C21A->6571ba41-d309-4d1d-a321-129a77bf1602: receive RaftClientReply:client-253D2503C21A->6571ba41-d309-4d1d-a321-129a77bf1602@group-6D4C5FD51127, cid=2197, SUCCESS, logIndex=3310, commits[6571ba41-d309-4d1d-a321-129a77bf1602:c3310, 75e8c5ea-f06a-43e1-af6e-1f7f9b0b2cc1:c3309, 1d8d2908-dfb4-4358-9c6e-64b435d6fccc:c3309]
2019-07-03 07:08:20,552 INFO  client.GrpcClientProtocolClient (GrpcClientProtocolClient.java:onNext(254)) - client-253D2503C21A->6571ba41-d309-4d1d-a321-129a77bf1602: receive RaftClientReply:client-253D2503C21A->6571ba41-d309-4d1d-a321-129a77bf1602@group-6D4C5FD51127, cid=2198, SUCCESS, logIndex=3312, commits[6571ba41-d309-4d1d-a321-129a77bf1602:c3313, 75e8c5ea-f06a-43e1-af6e-1f7f9b0b2cc1:c3310, 1d8d2908-dfb4-4358-9c6e-64b435d6fccc:c3310]
2019-07-03 07:08:20,553 INFO  client.GrpcClientProtocolClient (GrpcClientProtocolClient.java:onNext(254)) - client-253D2503C21A->6571ba41-d309-4d1d-a321-129a77bf1602: receive RaftClientReply:client-253D2503C21A->6571ba41-d309-4d1d-a321-129a77bf1602@group-6D4C5FD51127, cid=2199, SUCCESS, logIndex=3313, commits[6571ba41-d309-4d1d-a321-129a77bf1602:c3313, 75e8c5ea-f06a-43e1-af6e-1f7f9b0b2cc1:c3310, 1d8d2908-dfb4-4358-9c6e-64b435d6fccc:c3310]
2019-07-03 07:08:20,553 INFO  client.GrpcClientProtocolClient (GrpcClientProtocolClient.java:onNext(254)) - client-253D2503C21A->6571ba41-d309-4d1d-a321-129a77bf1602: receive RaftClientReply:client-253D2503C21A->6571ba41-d309-4d1d-a321-129a77bf1602@group-6D4C5FD51127, cid=2200, SUCCESS, logIndex=3314, commits[6571ba41-d309-4d1d-a321-129a77bf1602:c3315, 75e8c5ea-f06a-43e1-af6e-1f7f9b0b2cc1:c3310, 1d8d2908-dfb4-4358-9c6e-64b435d6fccc:c3312]
2019-07-03 07:08:20,554 INFO  client.GrpcClientProtocolClient (GrpcClientProtocolClient.java:onNext(254)) - client-253D2503C21A->6571ba41-d309-4d1d-a321-129a77bf1602: receive RaftClientReply:client-253D2503C21A->6571ba41-d309-4d1d-a321-129a77bf1602@group-6D4C5FD51127, cid=2201, SUCCESS, logIndex=0, commits[6571ba41-d309-4d1d-a321-129a77bf1602:c3316, 75e8c5ea-f06a-43e1-af6e-1f7f9b0b2cc1:c3312, 1d8d2908-dfb4-4358-9c6e-64b435d6fccc:c3313]
2019-07-03 07:08:20,575 INFO  client.GrpcClientProtocolClient (GrpcClientProtocolClient.java:onNext(254)) - client-253D2503C21A->6571ba41-d309-4d1d-a321-129a77bf1602: receive RaftClientReply:client-253D2503C21A->6571ba41-d309-4d1d-a321-129a77bf1602@group-6D4C5FD51127, cid=2202, SUCCESS, logIndex=3318, commits[6571ba41-d309-4d1d-a321-129a77bf1602:c3318, 75e8c5ea-f06a-43e1-af6e-1f7f9b0b2cc1:c3317, 1d8d2908-dfb4-4358-9c6e-64b435d6fccc:c3317]
2019-07-03 07:08:20,588 INFO  client.GrpcClientProtocolClient (GrpcClientProtocolClient.java:onNext(254)) - client-253D2503C21A->6571ba41-d309-4d1d-a321-129a77bf1602: receive RaftClientReply:client-253D2503C21A->6571ba41-d309-4d1d-a321-129a77bf1602@group-6D4C5FD51127, cid=2203, SUCCESS, logIndex=3320, commits[6571ba41-d309-4d1d-a321-129a77bf1602:c3320, 75e8c5ea-f06a-43e1-af6e-1f7f9b0b2cc1:c3318, 1d8d2908-dfb4-4358-9c6e-64b435d6fccc:c3318]
2019-07-03 07:08:20,601 INFO  client.GrpcClientProtocolClient (GrpcClientProtocolClient.java:onNext(254)) - client-253D2503C21A->6571ba41-d309-4d1d-a321-129a77bf1602: receive RaftClientReply:client-253D2503C21A->6571ba41-d309-4d1d-a321-129a77bf1602@group-6D4C5FD51127, cid=2204, SUCCESS, logIndex=3322, commits[6571ba41-d309-4d1d-a321-129a77bf1602:c3322, 75e8c5ea-f06a-43e1-af6e-1f7f9b0b2cc1:c3320, 1d8d2908-dfb4-4358-9c6e-64b435d6fccc:c3320]
2019-07-03 07:08:20,614 INFO  client.GrpcClientProtocolClient (GrpcClientProtocolClient.java:onNext(254)) - client-253D2503C21A->6571ba41-d309-4d1d-a321-129a77bf1602: receive RaftClientReply:client-253D2503C21A->6571ba41-d309-4d1d-a321-129a77bf1602@group-6D4C5FD51127, cid=2205, SUCCESS, logIndex=3324, commits[6571ba41-d309-4d1d-a321-129a77bf1602:c3324, 75e8c5ea-f06a-43e1-af6e-1f7f9b0b2cc1:c3322, 1d8d2908-dfb4-4358-9c6e-64b435d6fccc:c3322]
2019-07-03 07:08:20,626 INFO  client.GrpcClientProtocolClient (GrpcClientProtocolClient.java:onNext(254)) - client-253D2503C21A->6571ba41-d309-4d1d-a321-129a77bf1602: receive RaftClientReply:client-253D2503C21A->6571ba41-d309-4d1d-a321-129a77bf1602@group-6D4C5FD51127, cid=2206, SUCCESS, logIndex=0, commits[6571ba41-d309-4d1d-a321-129a77bf1602:c3325, 75e8c5ea-f06a-43e1-af6e-1f7f9b0b2cc1:c3324, 1d8d2908-dfb4-4358-9c6e-64b435d6fccc:c3324]
2019-07-03 07:08:20,739 INFO  client.GrpcClientProtocolClient (GrpcClientProtocolClient.java:onNext(254)) - client-253D2503C21A->6571ba41-d309-4d1d-a321-129a77bf1602: receive RaftClientReply:client-253D2503C21A->6571ba41-d309-4d1d-a321-129a77bf1602@group-6D4C5FD51127, cid=2207, SUCCESS, logIndex=3326, commits[6571ba41-d309-4d1d-a321-129a77bf1602:c3326, 75e8c5ea-f06a-43e1-af6e-1f7f9b0b2cc1:c3325, 1d8d2908-dfb4-4358-9c6e-64b435d6fccc:c3325]
 0.00% |█                                                                                                    |  0/1 Time: 0:00:282019-07-03 07:08:20,753 INFO  client.GrpcClientProtocolClient (GrpcClientProtocolClient.java:onNext(254)) - client-253D2503C21A->6571ba41-d309-4d1d-a321-129a77bf1602: receive RaftClientReply:client-253D2503C21A->6571ba41-d309-4d1d-a321-129a77bf1602@group-6D4C5FD51127, cid=2208, SUCCESS, logIndex=3328, commits[6571ba41-d309-4d1d-a321-129a77bf1602:c3329, 75e8c5ea-f06a-43e1-af6e-1f7f9b0b2cc1:c3326, 1d8d2908-dfb4-4358-9c6e-64b435d6fccc:c3326]
2019-07-03 07:08:20,753 INFO  client.GrpcClientProtocolClient (GrpcClientProtocolClient.java:onNext(254)) - client-253D2503C21A->6571ba41-d309-4d1d-a321-129a77bf1602: receive RaftClientReply:client-253D2503C21A->6571ba41-d309-4d1d-a321-129a77bf1602@group-6D4C5FD51127, cid=2209, SUCCESS, logIndex=3329, commits[6571ba41-d309-4d1d-a321-129a77bf1602:c3329, 75e8c5ea-f06a-43e1-af6e-1f7f9b0b2cc1:c3326, 1d8d2908-dfb4-4358-9c6e-64b435d6fccc:c3326]
2019-07-03 07:08:20,754 INFO  client.GrpcClientProtocolClient (GrpcClientProtocolClient.java:onNext(254)) - client-253D2503C21A->6571ba41-d309-4d1d-a321-129a77bf1602: receive RaftClientReply:client-253D2503C21A->6571ba41-d309-4d1d-a321-129a77bf1602@group-6D4C5FD51127, cid=2210, SUCCESS, logIndex=3330, commits[6571ba41-d309-4d1d-a321-129a77bf1602:c3330, 75e8c5ea-f06a-43e1-af6e-1f7f9b0b2cc1:c3326, 1d8d2908-dfb4-4358-9c6e-64b435d6fccc:c3327]
2019-07-03 07:08:20,755 INFO  client.GrpcClientProtocolClient (GrpcClientProtocolClient.java:onNext(254)) - client-253D2503C21A->6571ba41-d309-4d1d-a321-129a77bf1602: receive RaftClientReply:client-253D2503C21A->6571ba41-d309-4d1d-a321-129a77bf1602@group-6D4C5FD51127, cid=2211, SUCCESS, logIndex=0, commits[6571ba41-d309-4d1d-a321-129a77bf1602:c3332, 75e8c5ea-f06a-43e1-af6e-1f7f9b0b2cc1:c3329, 1d8d2908-dfb4-4358-9c6e-64b435d6fccc:c3329]
2019-07-03 07:08:20,776 INFO  client.GrpcClientProtocolClient (GrpcClientProtocolClient.java:onNext(254)) - client-253D2503C21A->6571ba41-d309-4d1d-a321-129a77bf1602: receive RaftClientReply:client-253D2503C21A->6571ba41-d309-4d1d-a321-129a77bf1602@group-6D4C5FD51127, cid=2212, SUCCESS, logIndex=3334, commits[6571ba41-d309-4d1d-a321-129a77bf1602:c3334, 75e8c5ea-f06a-43e1-af6e-1f7f9b0b2cc1:c3333, 1d8d2908-dfb4-4358-9c6e-64b435d6fccc:c3333]
2019-07-03 07:08:20,790 INFO  client.GrpcClientProtocolClient (GrpcClientProtocolClient.java:onNext(254)) - client-253D2503C21A->6571ba41-d309-4d1d-a321-129a77bf1602: receive RaftClientReply:client-253D2503C21A->6571ba41-d309-4d1d-a321-129a77bf1602@group-6D4C5FD51127, cid=2213, SUCCESS, logIndex=3336, commits[6571ba41-d309-4d1d-a321-129a77bf1602:c3336, 75e8c5ea-f06a-43e1-af6e-1f7f9b0b2cc1:c3334, 1d8d2908-dfb4-4358-9c6e-64b435d6fccc:c3334]
2019-07-03 07:08:20,803 INFO  client.GrpcClientProtocolClient (GrpcClientProtocolClient.java:onNext(254)) - client-253D2503C21A->6571ba41-d309-4d1d-a321-129a77bf1602: receive RaftClientReply:client-253D2503C21A->6571ba41-d309-4d1d-a321-129a77bf1602@group-6D4C5FD51127, cid=2214, SUCCESS, logIndex=3338, commits[6571ba41-d309-4d1d-a321-129a77bf1602:c3338, 75e8c5ea-f06a-43e1-af6e-1f7f9b0b2cc1:c3336, 1d8d2908-dfb4-4358-9c6e-64b435d6fccc:c3336]
2019-07-03 07:08:20,803 INFO  storage.RaftLogWorker (RaftLogWorker.java:rollLogSegment(303)) - 6571ba41-d309-4d1d-a321-129a77bf1602-RaftLogWorker: Rolling segment log-3260_3339 to index:3339
2019-07-03 07:08:20,804 INFO  storage.RaftLogWorker (RaftLogWorker.java:rollLogSegment(303)) - 75e8c5ea-f06a-43e1-af6e-1f7f9b0b2cc1-RaftLogWorker: Rolling segment log-3260_3339 to index:3339
2019-07-03 07:08:20,805 INFO  storage.RaftLogWorker (RaftLogWorker.java:execute(433)) - 6571ba41-d309-4d1d-a321-129a77bf1602-RaftLogWorker: Rolled log segment from /opt/src/hadoop-ozone/tools/target/test-dir/MiniOzoneClusterImpl-0519545d-318d-4c21-a2a0-688f18f8a31d/datanode-4/data/ratis/23ffc2a4-5526-4092-9dc4-6d4c5fd51127/current/log_inprogress_3260 to /opt/src/hadoop-ozone/tools/target/test-dir/MiniOzoneClusterImpl-0519545d-318d-4c21-a2a0-688f18f8a31d/datanode-4/data/ratis/23ffc2a4-5526-4092-9dc4-6d4c5fd51127/current/log_3260-3339
2019-07-03 07:08:20,805 INFO  storage.RaftLogWorker (RaftLogWorker.java:rollLogSegment(303)) - 1d8d2908-dfb4-4358-9c6e-64b435d6fccc-RaftLogWorker: Rolling segment log-3260_3339 to index:3339
2019-07-03 07:08:20,805 INFO  storage.RaftLogWorker (RaftLogWorker.java:execute(433)) - 75e8c5ea-f06a-43e1-af6e-1f7f9b0b2cc1-RaftLogWorker: Rolled log segment from /opt/src/hadoop-ozone/tools/target/test-dir/MiniOzoneClusterImpl-0519545d-318d-4c21-a2a0-688f18f8a31d/datanode-1/data/ratis/23ffc2a4-5526-4092-9dc4-6d4c5fd51127/current/log_inprogress_3260 to /opt/src/hadoop-ozone/tools/target/test-dir/MiniOzoneClusterImpl-0519545d-318d-4c21-a2a0-688f18f8a31d/datanode-1/data/ratis/23ffc2a4-5526-4092-9dc4-6d4c5fd51127/current/log_3260-3339
2019-07-03 07:08:20,806 INFO  storage.RaftLogWorker (RaftLogWorker.java:execute(433)) - 1d8d2908-dfb4-4358-9c6e-64b435d6fccc-RaftLogWorker: Rolled log segment from /opt/src/hadoop-ozone/tools/target/test-dir/MiniOzoneClusterImpl-0519545d-318d-4c21-a2a0-688f18f8a31d/datanode-2/data/ratis/23ffc2a4-5526-4092-9dc4-6d4c5fd51127/current/log_inprogress_3260 to /opt/src/hadoop-ozone/tools/target/test-dir/MiniOzoneClusterImpl-0519545d-318d-4c21-a2a0-688f18f8a31d/datanode-2/data/ratis/23ffc2a4-5526-4092-9dc4-6d4c5fd51127/current/log_3260-3339
2019-07-03 07:08:20,851 INFO  storage.RaftLogWorker (RaftLogWorker.java:execute(469)) - 6571ba41-d309-4d1d-a321-129a77bf1602-RaftLogWorker: created new log segment /opt/src/hadoop-ozone/tools/target/test-dir/MiniOzoneClusterImpl-0519545d-318d-4c21-a2a0-688f18f8a31d/datanode-4/data/ratis/23ffc2a4-5526-4092-9dc4-6d4c5fd51127/current/log_inprogress_3340
2019-07-03 07:08:20,863 INFO  storage.RaftLogWorker (RaftLogWorker.java:execute(469)) - 75e8c5ea-f06a-43e1-af6e-1f7f9b0b2cc1-RaftLogWorker: created new log segment /opt/src/hadoop-ozone/tools/target/test-dir/MiniOzoneClusterImpl-0519545d-318d-4c21-a2a0-688f18f8a31d/datanode-1/data/ratis/23ffc2a4-5526-4092-9dc4-6d4c5fd51127/current/log_inprogress_3340
2019-07-03 07:08:20,863 INFO  storage.RaftLogWorker (RaftLogWorker.java:execute(469)) - 1d8d2908-dfb4-4358-9c6e-64b435d6fccc-RaftLogWorker: created new log segment /opt/src/hadoop-ozone/tools/target/test-dir/MiniOzoneClusterImpl-0519545d-318d-4c21-a2a0-688f18f8a31d/datanode-2/data/ratis/23ffc2a4-5526-4092-9dc4-6d4c5fd51127/current/log_inprogress_3340
2019-07-03 07:08:20,866 INFO  client.GrpcClientProtocolClient (GrpcClientProtocolClient.java:onNext(254)) - client-253D2503C21A->6571ba41-d309-4d1d-a321-129a77bf1602: receive RaftClientReply:client-253D2503C21A->6571ba41-d309-4d1d-a321-129a77bf1602@group-6D4C5FD51127, cid=2215, SUCCESS, logIndex=3340, commits[6571ba41-d309-4d1d-a321-129a77bf1602:c3340, 75e8c5ea-f06a-43e1-af6e-1f7f9b0b2cc1:c3338, 1d8d2908-dfb4-4358-9c6e-64b435d6fccc:c3338]
2019-07-03 07:08:20,867 INFO  client.GrpcClientProtocolClient (GrpcClientProtocolClient.java:onNext(254)) - client-253D2503C21A->6571ba41-d309-4d1d-a321-129a77bf1602: receive RaftClientReply:client-253D2503C21A->6571ba41-d309-4d1d-a321-129a77bf1602@group-6D4C5FD51127, cid=2216, SUCCESS, logIndex=0, commits[6571ba41-d309-4d1d-a321-129a77bf1602:c3341, 75e8c5ea-f06a-43e1-af6e-1f7f9b0b2cc1:c3340, 1d8d2908-dfb4-4358-9c6e-64b435d6fccc:c3340]
2019-07-03 07:08:20,899 INFO  client.GrpcClientProtocolClient (GrpcClientProtocolClient.java:onNext(254)) - client-253D2503C21A->6571ba41-d309-4d1d-a321-129a77bf1602: receive RaftClientReply:client-253D2503C21A->6571ba41-d309-4d1d-a321-129a77bf1602@group-6D4C5FD51127, cid=2217, SUCCESS, logIndex=3342, commits[6571ba41-d309-4d1d-a321-129a77bf1602:c3342, 75e8c5ea-f06a-43e1-af6e-1f7f9b0b2cc1:c3341, 1d8d2908-dfb4-4358-9c6e-64b435d6fccc:c3341]
2019-07-03 07:08:20,910 INFO  client.GrpcClientProtocolClient (GrpcClientProtocolClient.java:onNext(254)) - client-253D2503C21A->6571ba41-d309-4d1d-a321-129a77bf1602: receive RaftClientReply:client-253D2503C21A->6571ba41-d309-4d1d-a321-129a77bf1602@group-6D4C5FD51127, cid=2218, SUCCESS, logIndex=3344, commits[6571ba41-d309-4d1d-a321-129a77bf1602:c3345, 75e8c5ea-f06a-43e1-af6e-1f7f9b0b2cc1:c3342, 1d8d2908-dfb4-4358-9c6e-64b435d6fccc:c3342]
2019-07-03 07:08:20,911 INFO  client.GrpcClientProtocolClient (GrpcClientProtocolClient.java:onNext(254)) - client-253D2503C21A->6571ba41-d309-4d1d-a321-129a77bf1602: receive RaftClientReply:client-253D2503C21A->6571ba41-d309-4d1d-a321-129a77bf1602@group-6D4C5FD51127, cid=2219, SUCCESS, logIndex=3345, commits[6571ba41-d309-4d1d-a321-129a77bf1602:c3345, 75e8c5ea-f06a-43e1-af6e-1f7f9b0b2cc1:c3342, 1d8d2908-dfb4-4358-9c6e-64b435d6fccc:c3342]
2019-07-03 07:08:20,911 INFO  client.GrpcClientProtocolClient (GrpcClientProtocolClient.java:onNext(254)) - client-253D2503C21A->6571ba41-d309-4d1d-a321-129a77bf1602: receive RaftClientReply:client-253D2503C21A->6571ba41-d309-4d1d-a321-129a77bf1602@group-6D4C5FD51127, cid=2220, SUCCESS, logIndex=3346, commits[6571ba41-d309-4d1d-a321-129a77bf1602:c3346, 75e8c5ea-f06a-43e1-af6e-1f7f9b0b2cc1:c3342, 1d8d2908-dfb4-4358-9c6e-64b435d6fccc:c3342]
2019-07-03 07:08:20,913 INFO  client.GrpcClientProtocolClient (GrpcClientProtocolClient.java:onNext(254)) - client-253D2503C21A->6571ba41-d309-4d1d-a321-129a77bf1602: receive RaftClientReply:client-253D2503C21A->6571ba41-d309-4d1d-a321-129a77bf1602@group-6D4C5FD51127, cid=2221, SUCCESS, logIndex=0, commits[6571ba41-d309-4d1d-a321-129a77bf1602:c3347, 75e8c5ea-f06a-43e1-af6e-1f7f9b0b2cc1:c3344, 1d8d2908-dfb4-4358-9c6e-64b435d6fccc:c3345]
2019-07-03 07:08:20,934 INFO  client.GrpcClientProtocolClient (GrpcClientProtocolClient.java:onNext(254)) - client-253D2503C21A->6571ba41-d309-4d1d-a321-129a77bf1602: receive RaftClientReply:client-253D2503C21A->6571ba41-d309-4d1d-a321-129a77bf1602@group-6D4C5FD51127, cid=2222, SUCCESS, logIndex=3350, commits[6571ba41-d309-4d1d-a321-129a77bf1602:c3350, 75e8c5ea-f06a-43e1-af6e-1f7f9b0b2cc1:c3349, 1d8d2908-dfb4-4358-9c6e-64b435d6fccc:c3349]
2019-07-03 07:08:20,947 INFO  client.GrpcClientProtocolClient (GrpcClientProtocolClient.java:onNext(254)) - client-253D2503C21A->6571ba41-d309-4d1d-a321-129a77bf1602: receive RaftClientReply:client-253D2503C21A->6571ba41-d309-4d1d-a321-129a77bf1602@group-6D4C5FD51127, cid=2223, SUCCESS, logIndex=3352, commits[6571ba41-d309-4d1d-a321-129a77bf1602:c3352, 75e8c5ea-f06a-43e1-af6e-1f7f9b0b2cc1:c3350, 1d8d2908-dfb4-4358-9c6e-64b435d6fccc:c3350]
2019-07-03 07:08:20,960 INFO  client.GrpcClientProtocolClient (GrpcClientProtocolClient.java:onNext(254)) - client-253D2503C21A->6571ba41-d309-4d1d-a321-129a77bf1602: receive RaftClientReply:client-253D2503C21A->6571ba41-d309-4d1d-a321-129a77bf1602@group-6D4C5FD51127, cid=2224, SUCCESS, logIndex=3354, commits[6571ba41-d309-4d1d-a321-129a77bf1602:c3354, 75e8c5ea-f06a-43e1-af6e-1f7f9b0b2cc1:c3352, 1d8d2908-dfb4-4358-9c6e-64b435d6fccc:c3352]
2019-07-03 07:08:20,987 INFO  client.GrpcClientProtocolClient (GrpcClientProtocolClient.java:onNext(254)) - client-253D2503C21A->6571ba41-d309-4d1d-a321-129a77bf1602: receive RaftClientReply:client-253D2503C21A->6571ba41-d309-4d1d-a321-129a77bf1602@group-6D4C5FD51127, cid=2225, SUCCESS, logIndex=3356, commits[6571ba41-d309-4d1d-a321-129a77bf1602:c3356, 75e8c5ea-f06a-43e1-af6e-1f7f9b0b2cc1:c3354, 1d8d2908-dfb4-4358-9c6e-64b435d6fccc:c3354]
2019-07-03 07:08:20,999 INFO  client.GrpcClientProtocolClient (GrpcClientProtocolClient.java:onNext(254)) - client-253D2503C21A->6571ba41-d309-4d1d-a321-129a77bf1602: receive RaftClientReply:client-253D2503C21A->6571ba41-d309-4d1d-a321-129a77bf1602@group-6D4C5FD51127, cid=2226, SUCCESS, logIndex=0, commits[6571ba41-d309-4d1d-a321-129a77bf1602:c3357, 75e8c5ea-f06a-43e1-af6e-1f7f9b0b2cc1:c3356, 1d8d2908-dfb4-4358-9c6e-64b435d6fccc:c3356]
2019-07-03 07:08:21,029 INFO  client.GrpcClientProtocolClient (GrpcClientProtocolClient.java:onNext(254)) - client-253D2503C21A->6571ba41-d309-4d1d-a321-129a77bf1602: receive RaftClientReply:client-253D2503C21A->6571ba41-d309-4d1d-a321-129a77bf1602@group-6D4C5FD51127, cid=2227, SUCCESS, logIndex=3358, commits[6571ba41-d309-4d1d-a321-129a77bf1602:c3358, 75e8c5ea-f06a-43e1-af6e-1f7f9b0b2cc1:c3357, 1d8d2908-dfb4-4358-9c6e-64b435d6fccc:c3357]
2019-07-03 07:08:21,041 INFO  client.GrpcClientProtocolClient (GrpcClientProtocolClient.java:onNext(254)) - client-253D2503C21A->6571ba41-d309-4d1d-a321-129a77bf1602: receive RaftClientReply:client-253D2503C21A->6571ba41-d309-4d1d-a321-129a77bf1602@group-6D4C5FD51127, cid=2228, SUCCESS, logIndex=3360, commits[6571ba41-d309-4d1d-a321-129a77bf1602:c3361, 75e8c5ea-f06a-43e1-af6e-1f7f9b0b2cc1:c3358, 1d8d2908-dfb4-4358-9c6e-64b435d6fccc:c3358]
2019-07-03 07:08:21,041 INFO  client.GrpcClientProtocolClient (GrpcClientProtocolClient.java:onNext(254)) - client-253D2503C21A->6571ba41-d309-4d1d-a321-129a77bf1602: receive RaftClientReply:client-253D2503C21A->6571ba41-d309-4d1d-a321-129a77bf1602@group-6D4C5FD51127, cid=2229, SUCCESS, logIndex=3361, commits[6571ba41-d309-4d1d-a321-129a77bf1602:c3361, 75e8c5ea-f06a-43e1-af6e-1f7f9b0b2cc1:c3358, 1d8d2908-dfb4-4358-9c6e-64b435d6fccc:c3358]
2019-07-03 07:08:21,042 INFO  client.GrpcClientProtocolClient (GrpcClientProtocolClient.java:onNext(254)) - client-253D2503C21A->6571ba41-d309-4d1d-a321-129a77bf1602: receive RaftClientReply:client-253D2503C21A->6571ba41-d309-4d1d-a321-129a77bf1602@group-6D4C5FD51127, cid=2230, SUCCESS, logIndex=3362, commits[6571ba41-d309-4d1d-a321-129a77bf1602:c3363, 75e8c5ea-f06a-43e1-af6e-1f7f9b0b2cc1:c3358, 1d8d2908-dfb4-4358-9c6e-64b435d6fccc:c3360]
2019-07-03 07:08:21,043 INFO  client.GrpcClientProtocolClient (GrpcClientProtocolClient.java:onNext(254)) - client-253D2503C21A->6571ba41-d309-4d1d-a321-129a77bf1602: receive RaftClientReply:client-253D2503C21A->6571ba41-d309-4d1d-a321-129a77bf1602@group-6D4C5FD51127, cid=2231, SUCCESS, logIndex=0, commits[6571ba41-d309-4d1d-a321-129a77bf1602:c3364, 75e8c5ea-f06a-43e1-af6e-1f7f9b0b2cc1:c3361, 1d8d2908-dfb4-4358-9c6e-64b435d6fccc:c3361]
2019-07-03 07:08:21,064 INFO  client.GrpcClientProtocolClient (GrpcClientProtocolClient.java:onNext(254)) - client-253D2503C21A->6571ba41-d309-4d1d-a321-129a77bf1602: receive RaftClientReply:client-253D2503C21A->6571ba41-d309-4d1d-a321-129a77bf1602@group-6D4C5FD51127, cid=2232, SUCCESS, logIndex=3366, commits[6571ba41-d309-4d1d-a321-129a77bf1602:c3366, 75e8c5ea-f06a-43e1-af6e-1f7f9b0b2cc1:c3365, 1d8d2908-dfb4-4358-9c6e-64b435d6fccc:c3365]
2019-07-03 07:08:21,077 INFO  client.GrpcClientProtocolClient (GrpcClientProtocolClient.java:onNext(254)) - client-253D2503C21A->6571ba41-d309-4d1d-a321-129a77bf1602: receive RaftClientReply:client-253D2503C21A->6571ba41-d309-4d1d-a321-129a77bf1602@group-6D4C5FD51127, cid=2233, SUCCESS, logIndex=3368, commits[6571ba41-d309-4d1d-a321-129a77bf1602:c3368, 75e8c5ea-f06a-43e1-af6e-1f7f9b0b2cc1:c3366, 1d8d2908-dfb4-4358-9c6e-64b435d6fccc:c3366]
2019-07-03 07:08:21,090 INFO  client.GrpcClientProtocolClient (GrpcClientProtocolClient.java:onNext(254)) - client-253D2503C21A->6571ba41-d309-4d1d-a321-129a77bf1602: receive RaftClientReply:client-253D2503C21A->6571ba41-d309-4d1d-a321-129a77bf1602@group-6D4C5FD51127, cid=2234, SUCCESS, logIndex=3370, commits[6571ba41-d309-4d1d-a321-129a77bf1602:c3370, 75e8c5ea-f06a-43e1-af6e-1f7f9b0b2cc1:c3368, 1d8d2908-dfb4-4358-9c6e-64b435d6fccc:c3368]
2019-07-03 07:08:21,104 INFO  client.GrpcClientProtocolClient (GrpcClientProtocolClient.java:onNext(254)) - client-253D2503C21A->6571ba41-d309-4d1d-a321-129a77bf1602: receive RaftClientReply:client-253D2503C21A->6571ba41-d309-4d1d-a321-129a77bf1602@group-6D4C5FD51127, cid=2235, SUCCESS, logIndex=3372, commits[6571ba41-d309-4d1d-a321-129a77bf1602:c3372, 75e8c5ea-f06a-43e1-af6e-1f7f9b0b2cc1:c3370, 1d8d2908-dfb4-4358-9c6e-64b435d6fccc:c3370]
2019-07-03 07:08:21,116 INFO  client.GrpcClientProtocolClient (GrpcClientProtocolClient.java:onNext(254)) - client-253D2503C21A->6571ba41-d309-4d1d-a321-129a77bf1602: receive RaftClientReply:client-253D2503C21A->6571ba41-d309-4d1d-a321-129a77bf1602@group-6D4C5FD51127, cid=2236, SUCCESS, logIndex=0, commits[6571ba41-d309-4d1d-a321-129a77bf1602:c3373, 75e8c5ea-f06a-43e1-af6e-1f7f9b0b2cc1:c3372, 1d8d2908-dfb4-4358-9c6e-64b435d6fccc:c3372]
2019-07-03 07:08:21,147 INFO  client.GrpcClientProtocolClient (GrpcClientProtocolClient.java:onNext(254)) - client-253D2503C21A->6571ba41-d309-4d1d-a321-129a77bf1602: receive RaftClientReply:client-253D2503C21A->6571ba41-d309-4d1d-a321-129a77bf1602@group-6D4C5FD51127, cid=2237, SUCCESS, logIndex=3374, commits[6571ba41-d309-4d1d-a321-129a77bf1602:c3374, 75e8c5ea-f06a-43e1-af6e-1f7f9b0b2cc1:c3373, 1d8d2908-dfb4-4358-9c6e-64b435d6fccc:c3373]
2019-07-03 07:08:21,159 INFO  client.GrpcClientProtocolClient (GrpcClientProtocolClient.java:onNext(254)) - client-253D2503C21A->6571ba41-d309-4d1d-a321-129a77bf1602: receive RaftClientReply:client-253D2503C21A->6571ba41-d309-4d1d-a321-129a77bf1602@group-6D4C5FD51127, cid=2238, SUCCESS, logIndex=3376, commits[6571ba41-d309-4d1d-a321-129a77bf1602:c3376, 75e8c5ea-f06a-43e1-af6e-1f7f9b0b2cc1:c3374, 1d8d2908-dfb4-4358-9c6e-64b435d6fccc:c3374]
2019-07-03 07:08:21,160 INFO  client.GrpcClientProtocolClient (GrpcClientProtocolClient.java:onNext(254)) - client-253D2503C21A->6571ba41-d309-4d1d-a321-129a77bf1602: receive RaftClientReply:client-253D2503C21A->6571ba41-d309-4d1d-a321-129a77bf1602@group-6D4C5FD51127, cid=2239, SUCCESS, logIndex=3377, commits[6571ba41-d309-4d1d-a321-129a77bf1602:c3377, 75e8c5ea-f06a-43e1-af6e-1f7f9b0b2cc1:c3374, 1d8d2908-dfb4-4358-9c6e-64b435d6fccc:c3374]
2019-07-03 07:08:21,160 INFO  client.GrpcClientProtocolClient (GrpcClientProtocolClient.java:onNext(254)) - client-253D2503C21A->6571ba41-d309-4d1d-a321-129a77bf1602: receive RaftClientReply:client-253D2503C21A->6571ba41-d309-4d1d-a321-129a77bf1602@group-6D4C5FD51127, cid=2240, SUCCESS, logIndex=3378, commits[6571ba41-d309-4d1d-a321-129a77bf1602:c3378, 75e8c5ea-f06a-43e1-af6e-1f7f9b0b2cc1:c3374, 1d8d2908-dfb4-4358-9c6e-64b435d6fccc:c3374]
2019-07-03 07:08:21,161 INFO  client.GrpcClientProtocolClient (GrpcClientProtocolClient.java:onNext(254)) - client-253D2503C21A->6571ba41-d309-4d1d-a321-129a77bf1602: receive RaftClientReply:client-253D2503C21A->6571ba41-d309-4d1d-a321-129a77bf1602@group-6D4C5FD51127, cid=2241, SUCCESS, logIndex=0, commits[6571ba41-d309-4d1d-a321-129a77bf1602:c3380, 75e8c5ea-f06a-43e1-af6e-1f7f9b0b2cc1:c3376, 1d8d2908-dfb4-4358-9c6e-64b435d6fccc:c3377]
2019-07-03 07:08:21,183 INFO  client.GrpcClientProtocolClient (GrpcClientProtocolClient.java:onNext(254)) - client-253D2503C21A->6571ba41-d309-4d1d-a321-129a77bf1602: receive RaftClientReply:client-253D2503C21A->6571ba41-d309-4d1d-a321-129a77bf1602@group-6D4C5FD51127, cid=2242, SUCCESS, logIndex=3382, commits[6571ba41-d309-4d1d-a321-129a77bf1602:c3382, 75e8c5ea-f06a-43e1-af6e-1f7f9b0b2cc1:c3381, 1d8d2908-dfb4-4358-9c6e-64b435d6fccc:c3381]
2019-07-03 07:08:21,197 INFO  client.GrpcClientProtocolClient (GrpcClientProtocolClient.java:onNext(254)) - client-253D2503C21A->6571ba41-d309-4d1d-a321-129a77bf1602: receive RaftClientReply:client-253D2503C21A->6571ba41-d309-4d1d-a321-129a77bf1602@group-6D4C5FD51127, cid=2243, SUCCESS, logIndex=3384, commits[6571ba41-d309-4d1d-a321-129a77bf1602:c3384, 75e8c5ea-f06a-43e1-af6e-1f7f9b0b2cc1:c3382, 1d8d2908-dfb4-4358-9c6e-64b435d6fccc:c3382]
2019-07-03 07:08:21,211 INFO  client.GrpcClientProtocolClient (GrpcClientProtocolClient.java:onNext(254)) - client-253D2503C21A->6571ba41-d309-4d1d-a321-129a77bf1602: receive RaftClientReply:client-253D2503C21A->6571ba41-d309-4d1d-a321-129a77bf1602@group-6D4C5FD51127, cid=2244, SUCCESS, logIndex=3386, commits[6571ba41-d309-4d1d-a321-129a77bf1602:c3386, 75e8c5ea-f06a-43e1-af6e-1f7f9b0b2cc1:c3385, 1d8d2908-dfb4-4358-9c6e-64b435d6fccc:c3384]
2019-07-03 07:08:21,215 INFO  client.GrpcClientProtocolClient (GrpcClientProtocolClient.java:onNext(254)) - client-253D2503C21A->6571ba41-d309-4d1d-a321-129a77bf1602: receive RaftClientReply:client-253D2503C21A->6571ba41-d309-4d1d-a321-129a77bf1602@group-6D4C5FD51127, cid=2245, SUCCESS, logIndex=3388, commits[6571ba41-d309-4d1d-a321-129a77bf1602:c3388, 75e8c5ea-f06a-43e1-af6e-1f7f9b0b2cc1:c3386, 1d8d2908-dfb4-4358-9c6e-64b435d6fccc:c3386]
2019-07-03 07:08:21,217 INFO  client.GrpcClientProtocolClient (GrpcClientProtocolClient.java:onNext(254)) - client-253D2503C21A->6571ba41-d309-4d1d-a321-129a77bf1602: receive RaftClientReply:client-253D2503C21A->6571ba41-d309-4d1d-a321-129a77bf1602@group-6D4C5FD51127, cid=2246, SUCCESS, logIndex=0, commits[6571ba41-d309-4d1d-a321-129a77bf1602:c3388, 75e8c5ea-f06a-43e1-af6e-1f7f9b0b2cc1:c3388, 1d8d2908-dfb4-4358-9c6e-64b435d6fccc:c3388]
2019-07-03 07:08:21,240 INFO  client.GrpcClientProtocolClient (GrpcClientProtocolClient.java:onNext(254)) - client-253D2503C21A->6571ba41-d309-4d1d-a321-129a77bf1602: receive RaftClientReply:client-253D2503C21A->6571ba41-d309-4d1d-a321-129a77bf1602@group-6D4C5FD51127, cid=2247, SUCCESS, logIndex=3390, commits[6571ba41-d309-4d1d-a321-129a77bf1602:c3390, 75e8c5ea-f06a-43e1-af6e-1f7f9b0b2cc1:c3389, 1d8d2908-dfb4-4358-9c6e-64b435d6fccc:c3389]
2019-07-03 07:08:21,253 INFO  client.GrpcClientProtocolClient (GrpcClientProtocolClient.java:onNext(254)) - client-253D2503C21A->6571ba41-d309-4d1d-a321-129a77bf1602: receive RaftClientReply:client-253D2503C21A->6571ba41-d309-4d1d-a321-129a77bf1602@group-6D4C5FD51127, cid=2248, SUCCESS, logIndex=3392, commits[6571ba41-d309-4d1d-a321-129a77bf1602:c3393, 75e8c5ea-f06a-43e1-af6e-1f7f9b0b2cc1:c3390, 1d8d2908-dfb4-4358-9c6e-64b435d6fccc:c3390]
2019-07-03 07:08:21,253 INFO  client.GrpcClientProtocolClient (GrpcClientProtocolClient.java:onNext(254)) - client-253D2503C21A->6571ba41-d309-4d1d-a321-129a77bf1602: receive RaftClientReply:client-253D2503C21A->6571ba41-d309-4d1d-a321-129a77bf1602@group-6D4C5FD51127, cid=2249, SUCCESS, logIndex=3393, commits[6571ba41-d309-4d1d-a321-129a77bf1602:c3393, 75e8c5ea-f06a-43e1-af6e-1f7f9b0b2cc1:c3390, 1d8d2908-dfb4-4358-9c6e-64b435d6fccc:c3390]
2019-07-03 07:08:21,253 INFO  client.GrpcClientProtocolClient (GrpcClientProtocolClient.java:onNext(254)) - client-253D2503C21A->6571ba41-d309-4d1d-a321-129a77bf1602: receive RaftClientReply:client-253D2503C21A->6571ba41-d309-4d1d-a321-129a77bf1602@group-6D4C5FD51127, cid=2250, SUCCESS, logIndex=3394, commits[6571ba41-d309-4d1d-a321-129a77bf1602:c3395, 75e8c5ea-f06a-43e1-af6e-1f7f9b0b2cc1:c3392, 1d8d2908-dfb4-4358-9c6e-64b435d6fccc:c3390]
2019-07-03 07:08:21,255 INFO  client.GrpcClientProtocolClient (GrpcClientProtocolClient.java:onNext(254)) - client-253D2503C21A->6571ba41-d309-4d1d-a321-129a77bf1602: receive RaftClientReply:client-253D2503C21A->6571ba41-d309-4d1d-a321-129a77bf1602@group-6D4C5FD51127, cid=2251, SUCCESS, logIndex=0, commits[6571ba41-d309-4d1d-a321-129a77bf1602:c3396, 75e8c5ea-f06a-43e1-af6e-1f7f9b0b2cc1:c3392, 1d8d2908-dfb4-4358-9c6e-64b435d6fccc:c3393]
2019-07-03 07:08:21,274 INFO  client.GrpcClientProtocolClient (GrpcClientProtocolClient.java:onNext(254)) - client-253D2503C21A->6571ba41-d309-4d1d-a321-129a77bf1602: receive RaftClientReply:client-253D2503C21A->6571ba41-d309-4d1d-a321-129a77bf1602@group-6D4C5FD51127, cid=2252, SUCCESS, logIndex=3398, commits[6571ba41-d309-4d1d-a321-129a77bf1602:c3398, 75e8c5ea-f06a-43e1-af6e-1f7f9b0b2cc1:c3397, 1d8d2908-dfb4-4358-9c6e-64b435d6fccc:c3397]
2019-07-03 07:08:21,288 INFO  client.GrpcClientProtocolClient (GrpcClientProtocolClient.java:onNext(254)) - client-253D2503C21A->6571ba41-d309-4d1d-a321-129a77bf1602: receive RaftClientReply:client-253D2503C21A->6571ba41-d309-4d1d-a321-129a77bf1602@group-6D4C5FD51127, cid=2253, SUCCESS, logIndex=3400, commits[6571ba41-d309-4d1d-a321-129a77bf1602:c3400, 75e8c5ea-f06a-43e1-af6e-1f7f9b0b2cc1:c3398, 1d8d2908-dfb4-4358-9c6e-64b435d6fccc:c3398]
2019-07-03 07:08:21,303 INFO  client.GrpcClientProtocolClient (GrpcClientProtocolClient.java:onNext(254)) - client-253D2503C21A->6571ba41-d309-4d1d-a321-129a77bf1602: receive RaftClientReply:client-253D2503C21A->6571ba41-d309-4d1d-a321-129a77bf1602@group-6D4C5FD51127, cid=2254, SUCCESS, logIndex=3402, commits[6571ba41-d309-4d1d-a321-129a77bf1602:c3402, 75e8c5ea-f06a-43e1-af6e-1f7f9b0b2cc1:c3400, 1d8d2908-dfb4-4358-9c6e-64b435d6fccc:c3400]
2019-07-03 07:08:21,318 INFO  client.GrpcClientProtocolClient (GrpcClientProtocolClient.java:onNext(254)) - client-253D2503C21A->6571ba41-d309-4d1d-a321-129a77bf1602: receive RaftClientReply:client-253D2503C21A->6571ba41-d309-4d1d-a321-129a77bf1602@group-6D4C5FD51127, cid=2255, SUCCESS, logIndex=3404, commits[6571ba41-d309-4d1d-a321-129a77bf1602:c3404, 75e8c5ea-f06a-43e1-af6e-1f7f9b0b2cc1:c3402, 1d8d2908-dfb4-4358-9c6e-64b435d6fccc:c3402]
2019-07-03 07:08:21,329 INFO  client.GrpcClientProtocolClient (GrpcClientProtocolClient.java:onNext(254)) - client-253D2503C21A->6571ba41-d309-4d1d-a321-129a77bf1602: receive RaftClientReply:client-253D2503C21A->6571ba41-d309-4d1d-a321-129a77bf1602@group-6D4C5FD51127, cid=2256, SUCCESS, logIndex=0, commits[6571ba41-d309-4d1d-a321-129a77bf1602:c3405, 75e8c5ea-f06a-43e1-af6e-1f7f9b0b2cc1:c3404, 1d8d2908-dfb4-4358-9c6e-64b435d6fccc:c3404]
2019-07-03 07:08:21,359 INFO  client.GrpcClientProtocolClient (GrpcClientProtocolClient.java:onNext(254)) - client-253D2503C21A->6571ba41-d309-4d1d-a321-129a77bf1602: receive RaftClientReply:client-253D2503C21A->6571ba41-d309-4d1d-a321-129a77bf1602@group-6D4C5FD51127, cid=2257, SUCCESS, logIndex=3406, commits[6571ba41-d309-4d1d-a321-129a77bf1602:c3406, 75e8c5ea-f06a-43e1-af6e-1f7f9b0b2cc1:c3405, 1d8d2908-dfb4-4358-9c6e-64b435d6fccc:c3405]
2019-07-03 07:08:21,372 INFO  client.GrpcClientProtocolClient (GrpcClientProtocolClient.java:onNext(254)) - client-253D2503C21A->6571ba41-d309-4d1d-a321-129a77bf1602: receive RaftClientReply:client-253D2503C21A->6571ba41-d309-4d1d-a321-129a77bf1602@group-6D4C5FD51127, cid=2258, SUCCESS, logIndex=3408, commits[6571ba41-d309-4d1d-a321-129a77bf1602:c3408, 75e8c5ea-f06a-43e1-af6e-1f7f9b0b2cc1:c3406, 1d8d2908-dfb4-4358-9c6e-64b435d6fccc:c3406]
2019-07-03 07:08:21,372 INFO  client.GrpcClientProtocolClient (GrpcClientProtocolClient.java:onNext(254)) - client-253D2503C21A->6571ba41-d309-4d1d-a321-129a77bf1602: receive RaftClientReply:client-253D2503C21A->6571ba41-d309-4d1d-a321-129a77bf1602@group-6D4C5FD51127, cid=2259, SUCCESS, logIndex=3409, commits[6571ba41-d309-4d1d-a321-129a77bf1602:c3409, 75e8c5ea-f06a-43e1-af6e-1f7f9b0b2cc1:c3406, 1d8d2908-dfb4-4358-9c6e-64b435d6fccc:c3406]
2019-07-03 07:08:21,373 INFO  client.GrpcClientProtocolClient (GrpcClientProtocolClient.java:onNext(254)) - client-253D2503C21A->6571ba41-d309-4d1d-a321-129a77bf1602: receive RaftClientReply:client-253D2503C21A->6571ba41-d309-4d1d-a321-129a77bf1602@group-6D4C5FD51127, cid=2260, SUCCESS, logIndex=3410, commits[6571ba41-d309-4d1d-a321-129a77bf1602:c3410, 75e8c5ea-f06a-43e1-af6e-1f7f9b0b2cc1:c3408, 1d8d2908-dfb4-4358-9c6e-64b435d6fccc:c3406]
2019-07-03 07:08:21,375 INFO  client.GrpcClientProtocolClient (GrpcClientProtocolClient.java:onNext(254)) - client-253D2503C21A->6571ba41-d309-4d1d-a321-129a77bf1602: receive RaftClientReply:client-253D2503C21A->6571ba41-d309-4d1d-a321-129a77bf1602@group-6D4C5FD51127, cid=2261, SUCCESS, logIndex=0, commits[6571ba41-d309-4d1d-a321-129a77bf1602:c3411, 75e8c5ea-f06a-43e1-af6e-1f7f9b0b2cc1:c3408, 1d8d2908-dfb4-4358-9c6e-64b435d6fccc:c3408]
2019-07-03 07:08:21,388 INFO  client.GrpcClientProtocolClient (GrpcClientProtocolClient.java:onNext(254)) - client-253D2503C21A->6571ba41-d309-4d1d-a321-129a77bf1602: receive RaftClientReply:client-253D2503C21A->6571ba41-d309-4d1d-a321-129a77bf1602@group-6D4C5FD51127, cid=2262, SUCCESS, logIndex=3414, commits[6571ba41-d309-4d1d-a321-129a77bf1602:c3414, 75e8c5ea-f06a-43e1-af6e-1f7f9b0b2cc1:c3411, 1d8d2908-dfb4-4358-9c6e-64b435d6fccc:c3410]
2019-07-03 07:08:21,392 INFO  client.GrpcClientProtocolClient (GrpcClientProtocolClient.java:onNext(254)) - client-253D2503C21A->6571ba41-d309-4d1d-a321-129a77bf1602: receive RaftClientReply:client-253D2503C21A->6571ba41-d309-4d1d-a321-129a77bf1602@group-6D4C5FD51127, cid=2263, SUCCESS, logIndex=3416, commits[6571ba41-d309-4d1d-a321-129a77bf1602:c3416, 75e8c5ea-f06a-43e1-af6e-1f7f9b0b2cc1:c3414, 1d8d2908-dfb4-4358-9c6e-64b435d6fccc:c3414]
2019-07-03 07:08:21,404 INFO  client.GrpcClientProtocolClient (GrpcClientProtocolClient.java:onNext(254)) - client-253D2503C21A->6571ba41-d309-4d1d-a321-129a77bf1602: receive RaftClientReply:client-253D2503C21A->6571ba41-d309-4d1d-a321-129a77bf1602@group-6D4C5FD51127, cid=2264, SUCCESS, logIndex=3418, commits[6571ba41-d309-4d1d-a321-129a77bf1602:c3418, 75e8c5ea-f06a-43e1-af6e-1f7f9b0b2cc1:c3416, 1d8d2908-dfb4-4358-9c6e-64b435d6fccc:c3416]
2019-07-03 07:08:21,405 INFO  storage.RaftLogWorker (RaftLogWorker.java:rollLogSegment(303)) - 6571ba41-d309-4d1d-a321-129a77bf1602-RaftLogWorker: Rolling segment log-3340_3419 to index:3419
2019-07-03 07:08:21,405 INFO  storage.RaftLogWorker (RaftLogWorker.java:execute(433)) - 6571ba41-d309-4d1d-a321-129a77bf1602-RaftLogWorker: Rolled log segment from /opt/src/hadoop-ozone/tools/target/test-dir/MiniOzoneClusterImpl-0519545d-318d-4c21-a2a0-688f18f8a31d/datanode-4/data/ratis/23ffc2a4-5526-4092-9dc4-6d4c5fd51127/current/log_inprogress_3340 to /opt/src/hadoop-ozone/tools/target/test-dir/MiniOzoneClusterImpl-0519545d-318d-4c21-a2a0-688f18f8a31d/datanode-4/data/ratis/23ffc2a4-5526-4092-9dc4-6d4c5fd51127/current/log_3340-3419
2019-07-03 07:08:21,405 INFO  storage.RaftLogWorker (RaftLogWorker.java:rollLogSegment(303)) - 1d8d2908-dfb4-4358-9c6e-64b435d6fccc-RaftLogWorker: Rolling segment log-3340_3419 to index:3419
2019-07-03 07:08:21,405 INFO  storage.RaftLogWorker (RaftLogWorker.java:rollLogSegment(303)) - 75e8c5ea-f06a-43e1-af6e-1f7f9b0b2cc1-RaftLogWorker: Rolling segment log-3340_3419 to index:3419
2019-07-03 07:08:21,407 INFO  storage.RaftLogWorker (RaftLogWorker.java:execute(433)) - 75e8c5ea-f06a-43e1-af6e-1f7f9b0b2cc1-RaftLogWorker: Rolled log segment from /opt/src/hadoop-ozone/tools/target/test-dir/MiniOzoneClusterImpl-0519545d-318d-4c21-a2a0-688f18f8a31d/datanode-1/data/ratis/23ffc2a4-5526-4092-9dc4-6d4c5fd51127/current/log_inprogress_3340 to /opt/src/hadoop-ozone/tools/target/test-dir/MiniOzoneClusterImpl-0519545d-318d-4c21-a2a0-688f18f8a31d/datanode-1/data/ratis/23ffc2a4-5526-4092-9dc4-6d4c5fd51127/current/log_3340-3419
2019-07-03 07:08:21,407 INFO  storage.RaftLogWorker (RaftLogWorker.java:execute(433)) - 1d8d2908-dfb4-4358-9c6e-64b435d6fccc-RaftLogWorker: Rolled log segment from /opt/src/hadoop-ozone/tools/target/test-dir/MiniOzoneClusterImpl-0519545d-318d-4c21-a2a0-688f18f8a31d/datanode-2/data/ratis/23ffc2a4-5526-4092-9dc4-6d4c5fd51127/current/log_inprogress_3340 to /opt/src/hadoop-ozone/tools/target/test-dir/MiniOzoneClusterImpl-0519545d-318d-4c21-a2a0-688f18f8a31d/datanode-2/data/ratis/23ffc2a4-5526-4092-9dc4-6d4c5fd51127/current/log_3340-3419
2019-07-03 07:08:21,448 INFO  storage.RaftLogWorker (RaftLogWorker.java:execute(469)) - 75e8c5ea-f06a-43e1-af6e-1f7f9b0b2cc1-RaftLogWorker: created new log segment /opt/src/hadoop-ozone/tools/target/test-dir/MiniOzoneClusterImpl-0519545d-318d-4c21-a2a0-688f18f8a31d/datanode-1/data/ratis/23ffc2a4-5526-4092-9dc4-6d4c5fd51127/current/log_inprogress_3420
2019-07-03 07:08:21,448 INFO  storage.RaftLogWorker (RaftLogWorker.java:execute(469)) - 1d8d2908-dfb4-4358-9c6e-64b435d6fccc-RaftLogWorker: created new log segment /opt/src/hadoop-ozone/tools/target/test-dir/MiniOzoneClusterImpl-0519545d-318d-4c21-a2a0-688f18f8a31d/datanode-2/data/ratis/23ffc2a4-5526-4092-9dc4-6d4c5fd51127/current/log_inprogress_3420
2019-07-03 07:08:21,448 INFO  storage.RaftLogWorker (RaftLogWorker.java:execute(469)) - 6571ba41-d309-4d1d-a321-129a77bf1602-RaftLogWorker: created new log segment /opt/src/hadoop-ozone/tools/target/test-dir/MiniOzoneClusterImpl-0519545d-318d-4c21-a2a0-688f18f8a31d/datanode-4/data/ratis/23ffc2a4-5526-4092-9dc4-6d4c5fd51127/current/log_inprogress_3420
2019-07-03 07:08:21,461 INFO  client.GrpcClientProtocolClient (GrpcClientProtocolClient.java:onNext(254)) - client-253D2503C21A->6571ba41-d309-4d1d-a321-129a77bf1602: receive RaftClientReply:client-253D2503C21A->6571ba41-d309-4d1d-a321-129a77bf1602@group-6D4C5FD51127, cid=2265, SUCCESS, logIndex=3420, commits[6571ba41-d309-4d1d-a321-129a77bf1602:c3420, 75e8c5ea-f06a-43e1-af6e-1f7f9b0b2cc1:c3418, 1d8d2908-dfb4-4358-9c6e-64b435d6fccc:c3418]
2019-07-03 07:08:21,473 INFO  client.GrpcClientProtocolClient (GrpcClientProtocolClient.java:onNext(254)) - client-253D2503C21A->6571ba41-d309-4d1d-a321-129a77bf1602: receive RaftClientReply:client-253D2503C21A->6571ba41-d309-4d1d-a321-129a77bf1602@group-6D4C5FD51127, cid=2266, SUCCESS, logIndex=0, commits[6571ba41-d309-4d1d-a321-129a77bf1602:c3421, 75e8c5ea-f06a-43e1-af6e-1f7f9b0b2cc1:c3420, 1d8d2908-dfb4-4358-9c6e-64b435d6fccc:c3420]
2019-07-03 07:08:21,499 INFO  client.GrpcClientProtocolClient (GrpcClientProtocolClient.java:onNext(254)) - client-253D2503C21A->6571ba41-d309-4d1d-a321-129a77bf1602: receive RaftClientReply:client-253D2503C21A->6571ba41-d309-4d1d-a321-129a77bf1602@group-6D4C5FD51127, cid=2267, SUCCESS, logIndex=3422, commits[6571ba41-d309-4d1d-a321-129a77bf1602:c3422, 75e8c5ea-f06a-43e1-af6e-1f7f9b0b2cc1:c3421, 1d8d2908-dfb4-4358-9c6e-64b435d6fccc:c3421]
2019-07-03 07:08:21,505 INFO  client.GrpcClientProtocolClient (GrpcClientProtocolClient.java:onNext(254)) - client-253D2503C21A->6571ba41-d309-4d1d-a321-129a77bf1602: receive RaftClientReply:client-253D2503C21A->6571ba41-d309-4d1d-a321-129a77bf1602@group-6D4C5FD51127, cid=2268, SUCCESS, logIndex=3424, commits[6571ba41-d309-4d1d-a321-129a77bf1602:c3424, 75e8c5ea-f06a-43e1-af6e-1f7f9b0b2cc1:c3422, 1d8d2908-dfb4-4358-9c6e-64b435d6fccc:c3422]
2019-07-03 07:08:21,506 INFO  client.GrpcClientProtocolClient (GrpcClientProtocolClient.java:onNext(254)) - client-253D2503C21A->6571ba41-d309-4d1d-a321-129a77bf1602: receive RaftClientReply:client-253D2503C21A->6571ba41-d309-4d1d-a321-129a77bf1602@group-6D4C5FD51127, cid=2269, SUCCESS, logIndex=3425, commits[6571ba41-d309-4d1d-a321-129a77bf1602:c3426, 75e8c5ea-f06a-43e1-af6e-1f7f9b0b2cc1:c3422, 1d8d2908-dfb4-4358-9c6e-64b435d6fccc:c3422]
2019-07-03 07:08:21,507 INFO  client.GrpcClientProtocolClient (GrpcClientProtocolClient.java:onNext(254)) - client-253D2503C21A->6571ba41-d309-4d1d-a321-129a77bf1602: receive RaftClientReply:client-253D2503C21A->6571ba41-d309-4d1d-a321-129a77bf1602@group-6D4C5FD51127, cid=2270, SUCCESS, logIndex=3426, commits[6571ba41-d309-4d1d-a321-129a77bf1602:c3426, 75e8c5ea-f06a-43e1-af6e-1f7f9b0b2cc1:c3422, 1d8d2908-dfb4-4358-9c6e-64b435d6fccc:c3422]
2019-07-03 07:08:21,518 INFO  client.GrpcClientProtocolClient (GrpcClientProtocolClient.java:onNext(254)) - client-253D2503C21A->6571ba41-d309-4d1d-a321-129a77bf1602: receive RaftClientReply:client-253D2503C21A->6571ba41-d309-4d1d-a321-129a77bf1602@group-6D4C5FD51127, cid=2271, SUCCESS, logIndex=0, commits[6571ba41-d309-4d1d-a321-129a77bf1602:c3428, 75e8c5ea-f06a-43e1-af6e-1f7f9b0b2cc1:c3426, 1d8d2908-dfb4-4358-9c6e-64b435d6fccc:c3424]
2019-07-03 07:08:21,541 INFO  client.GrpcClientProtocolClient (GrpcClientProtocolClient.java:onNext(254)) - client-253D2503C21A->6571ba41-d309-4d1d-a321-129a77bf1602: receive RaftClientReply:client-253D2503C21A->6571ba41-d309-4d1d-a321-129a77bf1602@group-6D4C5FD51127, cid=2272, SUCCESS, logIndex=3430, commits[6571ba41-d309-4d1d-a321-129a77bf1602:c3430, 75e8c5ea-f06a-43e1-af6e-1f7f9b0b2cc1:c3429, 1d8d2908-dfb4-4358-9c6e-64b435d6fccc:c3429]
2019-07-03 07:08:21,555 INFO  client.GrpcClientProtocolClient (GrpcClientProtocolClient.java:onNext(254)) - client-253D2503C21A->6571ba41-d309-4d1d-a321-129a77bf1602: receive RaftClientReply:client-253D2503C21A->6571ba41-d309-4d1d-a321-129a77bf1602@group-6D4C5FD51127, cid=2273, SUCCESS, logIndex=3432, commits[6571ba41-d309-4d1d-a321-129a77bf1602:c3432, 75e8c5ea-f06a-43e1-af6e-1f7f9b0b2cc1:c3430, 1d8d2908-dfb4-4358-9c6e-64b435d6fccc:c3430]
2019-07-03 07:08:21,583 INFO  client.GrpcClientProtocolClient (GrpcClientProtocolClient.java:onNext(254)) - client-253D2503C21A->6571ba41-d309-4d1d-a321-129a77bf1602: receive RaftClientReply:client-253D2503C21A->6571ba41-d309-4d1d-a321-129a77bf1602@group-6D4C5FD51127, cid=2274, SUCCESS, logIndex=3434, commits[6571ba41-d309-4d1d-a321-129a77bf1602:c3434, 75e8c5ea-f06a-43e1-af6e-1f7f9b0b2cc1:c3432, 1d8d2908-dfb4-4358-9c6e-64b435d6fccc:c3432]
2019-07-03 07:08:21,586 INFO  client.GrpcClientProtocolClient (GrpcClientProtocolClient.java:onNext(254)) - client-253D2503C21A->6571ba41-d309-4d1d-a321-129a77bf1602: receive RaftClientReply:client-253D2503C21A->6571ba41-d309-4d1d-a321-129a77bf1602@group-6D4C5FD51127, cid=2275, SUCCESS, logIndex=3436, commits[6571ba41-d309-4d1d-a321-129a77bf1602:c3436, 75e8c5ea-f06a-43e1-af6e-1f7f9b0b2cc1:c3434, 1d8d2908-dfb4-4358-9c6e-64b435d6fccc:c3434]
2019-07-03 07:08:21,597 INFO  client.GrpcClientProtocolClient (GrpcClientProtocolClient.java:onNext(254)) - client-253D2503C21A->6571ba41-d309-4d1d-a321-129a77bf1602: receive RaftClientReply:client-253D2503C21A->6571ba41-d309-4d1d-a321-129a77bf1602@group-6D4C5FD51127, cid=2276, SUCCESS, logIndex=0, commits[6571ba41-d309-4d1d-a321-129a77bf1602:c3437, 75e8c5ea-f06a-43e1-af6e-1f7f9b0b2cc1:c3436, 1d8d2908-dfb4-4358-9c6e-64b435d6fccc:c3436]
2019-07-03 07:08:21,628 INFO  client.GrpcClientProtocolClient (GrpcClientProtocolClient.java:onNext(254)) - client-253D2503C21A->6571ba41-d309-4d1d-a321-129a77bf1602: receive RaftClientReply:client-253D2503C21A->6571ba41-d309-4d1d-a321-129a77bf1602@group-6D4C5FD51127, cid=2277, SUCCESS, logIndex=3438, commits[6571ba41-d309-4d1d-a321-129a77bf1602:c3438, 75e8c5ea-f06a-43e1-af6e-1f7f9b0b2cc1:c3437, 1d8d2908-dfb4-4358-9c6e-64b435d6fccc:c3437]
2019-07-03 07:08:21,641 INFO  client.GrpcClientProtocolClient (GrpcClientProtocolClient.java:onNext(254)) - client-253D2503C21A->6571ba41-d309-4d1d-a321-129a77bf1602: receive RaftClientReply:client-253D2503C21A->6571ba41-d309-4d1d-a321-129a77bf1602@group-6D4C5FD51127, cid=2278, SUCCESS, logIndex=3440, commits[6571ba41-d309-4d1d-a321-129a77bf1602:c3441, 75e8c5ea-f06a-43e1-af6e-1f7f9b0b2cc1:c3438, 1d8d2908-dfb4-4358-9c6e-64b435d6fccc:c3438]
2019-07-03 07:08:21,641 INFO  client.GrpcClientProtocolClient (GrpcClientProtocolClient.java:onNext(254)) - client-253D2503C21A->6571ba41-d309-4d1d-a321-129a77bf1602: receive RaftClientReply:client-253D2503C21A->6571ba41-d309-4d1d-a321-129a77bf1602@group-6D4C5FD51127, cid=2279, SUCCESS, logIndex=3441, commits[6571ba41-d309-4d1d-a321-129a77bf1602:c3442, 75e8c5ea-f06a-43e1-af6e-1f7f9b0b2cc1:c3438, 1d8d2908-dfb4-4358-9c6e-64b435d6fccc:c3438]
2019-07-03 07:08:21,641 INFO  client.GrpcClientProtocolClient (GrpcClientProtocolClient.java:onNext(254)) - client-253D2503C21A->6571ba41-d309-4d1d-a321-129a77bf1602: receive RaftClientReply:client-253D2503C21A->6571ba41-d309-4d1d-a321-129a77bf1602@group-6D4C5FD51127, cid=2280, SUCCESS, logIndex=3442, commits[6571ba41-d309-4d1d-a321-129a77bf1602:c3442, 75e8c5ea-f06a-43e1-af6e-1f7f9b0b2cc1:c3438, 1d8d2908-dfb4-4358-9c6e-64b435d6fccc:c3438]
2019-07-03 07:08:21,654 INFO  client.GrpcClientProtocolClient (GrpcClientProtocolClient.java:onNext(254)) - client-253D2503C21A->6571ba41-d309-4d1d-a321-129a77bf1602: receive RaftClientReply:client-253D2503C21A->6571ba41-d309-4d1d-a321-129a77bf1602@group-6D4C5FD51127, cid=2281, SUCCESS, logIndex=0, commits[6571ba41-d309-4d1d-a321-129a77bf1602:c3444, 75e8c5ea-f06a-43e1-af6e-1f7f9b0b2cc1:c3441, 1d8d2908-dfb4-4358-9c6e-64b435d6fccc:c3441]
2019-07-03 07:08:21,674 INFO  client.GrpcClientProtocolClient (GrpcClientProtocolClient.java:onNext(254)) - client-253D2503C21A->6571ba41-d309-4d1d-a321-129a77bf1602: receive RaftClientReply:client-253D2503C21A->6571ba41-d309-4d1d-a321-129a77bf1602@group-6D4C5FD51127, cid=2282, SUCCESS, logIndex=3446, commits[6571ba41-d309-4d1d-a321-129a77bf1602:c3446, 75e8c5ea-f06a-43e1-af6e-1f7f9b0b2cc1:c3445, 1d8d2908-dfb4-4358-9c6e-64b435d6fccc:c3445]
2019-07-03 07:08:21,689 INFO  client.GrpcClientProtocolClient (GrpcClientProtocolClient.java:onNext(254)) - client-253D2503C21A->6571ba41-d309-4d1d-a321-129a77bf1602: receive RaftClientReply:client-253D2503C21A->6571ba41-d309-4d1d-a321-129a77bf1602@group-6D4C5FD51127, cid=2283, SUCCESS, logIndex=3448, commits[6571ba41-d309-4d1d-a321-129a77bf1602:c3448, 75e8c5ea-f06a-43e1-af6e-1f7f9b0b2cc1:c3446, 1d8d2908-dfb4-4358-9c6e-64b435d6fccc:c3446]
2019-07-03 07:08:21,703 INFO  client.GrpcClientProtocolClient (GrpcClientProtocolClient.java:onNext(254)) - client-253D2503C21A->6571ba41-d309-4d1d-a321-129a77bf1602: receive RaftClientReply:client-253D2503C21A->6571ba41-d309-4d1d-a321-129a77bf1602@group-6D4C5FD51127, cid=2284, SUCCESS, logIndex=3450, commits[6571ba41-d309-4d1d-a321-129a77bf1602:c3450, 75e8c5ea-f06a-43e1-af6e-1f7f9b0b2cc1:c3448, 1d8d2908-dfb4-4358-9c6e-64b435d6fccc:c3448]
2019-07-03 07:08:21,708 INFO  client.GrpcClientProtocolClient (GrpcClientProtocolClient.java:onNext(254)) - client-253D2503C21A->6571ba41-d309-4d1d-a321-129a77bf1602: receive RaftClientReply:client-253D2503C21A->6571ba41-d309-4d1d-a321-129a77bf1602@group-6D4C5FD51127, cid=2285, SUCCESS, logIndex=3452, commits[6571ba41-d309-4d1d-a321-129a77bf1602:c3452, 75e8c5ea-f06a-43e1-af6e-1f7f9b0b2cc1:c3450, 1d8d2908-dfb4-4358-9c6e-64b435d6fccc:c3450]
2019-07-03 07:08:21,710 INFO  client.GrpcClientProtocolClient (GrpcClientProtocolClient.java:onNext(254)) - client-253D2503C21A->6571ba41-d309-4d1d-a321-129a77bf1602: receive RaftClientReply:client-253D2503C21A->6571ba41-d309-4d1d-a321-129a77bf1602@group-6D4C5FD51127, cid=2286, SUCCESS, logIndex=0, commits[6571ba41-d309-4d1d-a321-129a77bf1602:c3452, 75e8c5ea-f06a-43e1-af6e-1f7f9b0b2cc1:c3452, 1d8d2908-dfb4-4358-9c6e-64b435d6fccc:c3452]
 0.00% |█                                                                                                    |  0/1 Time: 0:00:292019-07-03 07:08:21,753 INFO  client.GrpcClientProtocolClient (GrpcClientProtocolClient.java:onNext(254)) - client-253D2503C21A->6571ba41-d309-4d1d-a321-129a77bf1602: receive RaftClientReply:client-253D2503C21A->6571ba41-d309-4d1d-a321-129a77bf1602@group-6D4C5FD51127, cid=2287, SUCCESS, logIndex=3454, commits[6571ba41-d309-4d1d-a321-129a77bf1602:c3454, 75e8c5ea-f06a-43e1-af6e-1f7f9b0b2cc1:c3453, 1d8d2908-dfb4-4358-9c6e-64b435d6fccc:c3453]
2019-07-03 07:08:21,767 INFO  client.GrpcClientProtocolClient (GrpcClientProtocolClient.java:onNext(254)) - client-253D2503C21A->6571ba41-d309-4d1d-a321-129a77bf1602: receive RaftClientReply:client-253D2503C21A->6571ba41-d309-4d1d-a321-129a77bf1602@group-6D4C5FD51127, cid=2288, SUCCESS, logIndex=3456, commits[6571ba41-d309-4d1d-a321-129a77bf1602:c3457, 75e8c5ea-f06a-43e1-af6e-1f7f9b0b2cc1:c3454, 1d8d2908-dfb4-4358-9c6e-64b435d6fccc:c3454]
2019-07-03 07:08:21,767 INFO  client.GrpcClientProtocolClient (GrpcClientProtocolClient.java:onNext(254)) - client-253D2503C21A->6571ba41-d309-4d1d-a321-129a77bf1602: receive RaftClientReply:client-253D2503C21A->6571ba41-d309-4d1d-a321-129a77bf1602@group-6D4C5FD51127, cid=2289, SUCCESS, logIndex=3457, commits[6571ba41-d309-4d1d-a321-129a77bf1602:c3457, 75e8c5ea-f06a-43e1-af6e-1f7f9b0b2cc1:c3454, 1d8d2908-dfb4-4358-9c6e-64b435d6fccc:c3454]
2019-07-03 07:08:21,768 INFO  client.GrpcClientProtocolClient (GrpcClientProtocolClient.java:onNext(254)) - client-253D2503C21A->6571ba41-d309-4d1d-a321-129a77bf1602: receive RaftClientReply:client-253D2503C21A->6571ba41-d309-4d1d-a321-129a77bf1602@group-6D4C5FD51127, cid=2290, SUCCESS, logIndex=3458, commits[6571ba41-d309-4d1d-a321-129a77bf1602:c3458, 75e8c5ea-f06a-43e1-af6e-1f7f9b0b2cc1:c3454, 1d8d2908-dfb4-4358-9c6e-64b435d6fccc:c3454]
2019-07-03 07:08:21,769 INFO  client.GrpcClientProtocolClient (GrpcClientProtocolClient.java:onNext(254)) - client-253D2503C21A->6571ba41-d309-4d1d-a321-129a77bf1602: receive RaftClientReply:client-253D2503C21A->6571ba41-d309-4d1d-a321-129a77bf1602@group-6D4C5FD51127, cid=2291, SUCCESS, logIndex=0, commits[6571ba41-d309-4d1d-a321-129a77bf1602:c3460, 75e8c5ea-f06a-43e1-af6e-1f7f9b0b2cc1:c3457, 1d8d2908-dfb4-4358-9c6e-64b435d6fccc:c3456]
2019-07-03 07:08:21,792 INFO  client.GrpcClientProtocolClient (GrpcClientProtocolClient.java:onNext(254)) - client-253D2503C21A->6571ba41-d309-4d1d-a321-129a77bf1602: receive RaftClientReply:client-253D2503C21A->6571ba41-d309-4d1d-a321-129a77bf1602@group-6D4C5FD51127, cid=2292, SUCCESS, logIndex=3462, commits[6571ba41-d309-4d1d-a321-129a77bf1602:c3462, 75e8c5ea-f06a-43e1-af6e-1f7f9b0b2cc1:c3461, 1d8d2908-dfb4-4358-9c6e-64b435d6fccc:c3461]
2019-07-03 07:08:21,807 INFO  client.GrpcClientProtocolClient (GrpcClientProtocolClient.java:onNext(254)) - client-253D2503C21A->6571ba41-d309-4d1d-a321-129a77bf1602: receive RaftClientReply:client-253D2503C21A->6571ba41-d309-4d1d-a321-129a77bf1602@group-6D4C5FD51127, cid=2293, SUCCESS, logIndex=3464, commits[6571ba41-d309-4d1d-a321-129a77bf1602:c3464, 75e8c5ea-f06a-43e1-af6e-1f7f9b0b2cc1:c3462, 1d8d2908-dfb4-4358-9c6e-64b435d6fccc:c3462]
2019-07-03 07:08:21,832 INFO  client.GrpcClientProtocolClient (GrpcClientProtocolClient.java:onNext(254)) - client-253D2503C21A->6571ba41-d309-4d1d-a321-129a77bf1602: receive RaftClientReply:client-253D2503C21A->6571ba41-d309-4d1d-a321-129a77bf1602@group-6D4C5FD51127, cid=2294, SUCCESS, logIndex=3466, commits[6571ba41-d309-4d1d-a321-129a77bf1602:c3466, 75e8c5ea-f06a-43e1-af6e-1f7f9b0b2cc1:c3464, 1d8d2908-dfb4-4358-9c6e-64b435d6fccc:c3464]
2019-07-03 07:08:21,836 INFO  client.GrpcClientProtocolClient (GrpcClientProtocolClient.java:onNext(254)) - client-253D2503C21A->6571ba41-d309-4d1d-a321-129a77bf1602: receive RaftClientReply:client-253D2503C21A->6571ba41-d309-4d1d-a321-129a77bf1602@group-6D4C5FD51127, cid=2295, SUCCESS, logIndex=3468, commits[6571ba41-d309-4d1d-a321-129a77bf1602:c3468, 75e8c5ea-f06a-43e1-af6e-1f7f9b0b2cc1:c3466, 1d8d2908-dfb4-4358-9c6e-64b435d6fccc:c3466]
2019-07-03 07:08:21,848 INFO  client.GrpcClientProtocolClient (GrpcClientProtocolClient.java:onNext(254)) - client-253D2503C21A->6571ba41-d309-4d1d-a321-129a77bf1602: receive RaftClientReply:client-253D2503C21A->6571ba41-d309-4d1d-a321-129a77bf1602@group-6D4C5FD51127, cid=2296, SUCCESS, logIndex=0, commits[6571ba41-d309-4d1d-a321-129a77bf1602:c3469, 75e8c5ea-f06a-43e1-af6e-1f7f9b0b2cc1:c3468, 1d8d2908-dfb4-4358-9c6e-64b435d6fccc:c3468]
2019-07-03 07:08:22,015 INFO  client.GrpcClientProtocolClient (GrpcClientProtocolClient.java:onNext(254)) - client-253D2503C21A->6571ba41-d309-4d1d-a321-129a77bf1602: receive RaftClientReply:client-253D2503C21A->6571ba41-d309-4d1d-a321-129a77bf1602@group-6D4C5FD51127, cid=2297, SUCCESS, logIndex=3470, commits[6571ba41-d309-4d1d-a321-129a77bf1602:c3470, 75e8c5ea-f06a-43e1-af6e-1f7f9b0b2cc1:c3469, 1d8d2908-dfb4-4358-9c6e-64b435d6fccc:c3469]
2019-07-03 07:08:22,032 INFO  client.GrpcClientProtocolClient (GrpcClientProtocolClient.java:onNext(254)) - client-253D2503C21A->6571ba41-d309-4d1d-a321-129a77bf1602: receive RaftClientReply:client-253D2503C21A->6571ba41-d309-4d1d-a321-129a77bf1602@group-6D4C5FD51127, cid=2298, SUCCESS, logIndex=3472, commits[6571ba41-d309-4d1d-a321-129a77bf1602:c3473, 75e8c5ea-f06a-43e1-af6e-1f7f9b0b2cc1:c3470, 1d8d2908-dfb4-4358-9c6e-64b435d6fccc:c3470]
2019-07-03 07:08:22,033 INFO  client.GrpcClientProtocolClient (GrpcClientProtocolClient.java:onNext(254)) - client-253D2503C21A->6571ba41-d309-4d1d-a321-129a77bf1602: receive RaftClientReply:client-253D2503C21A->6571ba41-d309-4d1d-a321-129a77bf1602@group-6D4C5FD51127, cid=2299, SUCCESS, logIndex=3473, commits[6571ba41-d309-4d1d-a321-129a77bf1602:c3474, 75e8c5ea-f06a-43e1-af6e-1f7f9b0b2cc1:c3470, 1d8d2908-dfb4-4358-9c6e-64b435d6fccc:c3470]
2019-07-03 07:08:22,034 INFO  client.GrpcClientProtocolClient (GrpcClientProtocolClient.java:onNext(254)) - client-253D2503C21A->6571ba41-d309-4d1d-a321-129a77bf1602: receive RaftClientReply:client-253D2503C21A->6571ba41-d309-4d1d-a321-129a77bf1602@group-6D4C5FD51127, cid=2300, SUCCESS, logIndex=3474, commits[6571ba41-d309-4d1d-a321-129a77bf1602:c3475, 75e8c5ea-f06a-43e1-af6e-1f7f9b0b2cc1:c3470, 1d8d2908-dfb4-4358-9c6e-64b435d6fccc:c3472]
2019-07-03 07:08:22,035 INFO  client.GrpcClientProtocolClient (GrpcClientProtocolClient.java:onNext(254)) - client-253D2503C21A->6571ba41-d309-4d1d-a321-129a77bf1602: receive RaftClientReply:client-253D2503C21A->6571ba41-d309-4d1d-a321-129a77bf1602@group-6D4C5FD51127, cid=2301, SUCCESS, logIndex=0, commits[6571ba41-d309-4d1d-a321-129a77bf1602:c3476, 75e8c5ea-f06a-43e1-af6e-1f7f9b0b2cc1:c3473, 1d8d2908-dfb4-4358-9c6e-64b435d6fccc:c3473]
2019-07-03 07:08:22,056 INFO  client.GrpcClientProtocolClient (GrpcClientProtocolClient.java:onNext(254)) - client-253D2503C21A->6571ba41-d309-4d1d-a321-129a77bf1602: receive RaftClientReply:client-253D2503C21A->6571ba41-d309-4d1d-a321-129a77bf1602@group-6D4C5FD51127, cid=2302, SUCCESS, logIndex=3478, commits[6571ba41-d309-4d1d-a321-129a77bf1602:c3478, 75e8c5ea-f06a-43e1-af6e-1f7f9b0b2cc1:c3477, 1d8d2908-dfb4-4358-9c6e-64b435d6fccc:c3477]
2019-07-03 07:08:22,070 INFO  client.GrpcClientProtocolClient (GrpcClientProtocolClient.java:onNext(254)) - client-253D2503C21A->6571ba41-d309-4d1d-a321-129a77bf1602: receive RaftClientReply:client-253D2503C21A->6571ba41-d309-4d1d-a321-129a77bf1602@group-6D4C5FD51127, cid=2303, SUCCESS, logIndex=3480, commits[6571ba41-d309-4d1d-a321-129a77bf1602:c3480, 75e8c5ea-f06a-43e1-af6e-1f7f9b0b2cc1:c3478, 1d8d2908-dfb4-4358-9c6e-64b435d6fccc:c3478]
2019-07-03 07:08:22,094 INFO  client.GrpcClientProtocolClient (GrpcClientProtocolClient.java:onNext(254)) - client-253D2503C21A->6571ba41-d309-4d1d-a321-129a77bf1602: receive RaftClientReply:client-253D2503C21A->6571ba41-d309-4d1d-a321-129a77bf1602@group-6D4C5FD51127, cid=2304, SUCCESS, logIndex=3482, commits[6571ba41-d309-4d1d-a321-129a77bf1602:c3482, 75e8c5ea-f06a-43e1-af6e-1f7f9b0b2cc1:c3480, 1d8d2908-dfb4-4358-9c6e-64b435d6fccc:c3480]
2019-07-03 07:08:22,109 INFO  client.GrpcClientProtocolClient (GrpcClientProtocolClient.java:onNext(254)) - client-253D2503C21A->6571ba41-d309-4d1d-a321-129a77bf1602: receive RaftClientReply:client-253D2503C21A->6571ba41-d309-4d1d-a321-129a77bf1602@group-6D4C5FD51127, cid=2305, SUCCESS, logIndex=3484, commits[6571ba41-d309-4d1d-a321-129a77bf1602:c3484, 75e8c5ea-f06a-43e1-af6e-1f7f9b0b2cc1:c3482, 1d8d2908-dfb4-4358-9c6e-64b435d6fccc:c3482]
2019-07-03 07:08:22,120 INFO  client.GrpcClientProtocolClient (GrpcClientProtocolClient.java:onNext(254)) - client-253D2503C21A->6571ba41-d309-4d1d-a321-129a77bf1602: receive RaftClientReply:client-253D2503C21A->6571ba41-d309-4d1d-a321-129a77bf1602@group-6D4C5FD51127, cid=2306, SUCCESS, logIndex=0, commits[6571ba41-d309-4d1d-a321-129a77bf1602:c3485, 75e8c5ea-f06a-43e1-af6e-1f7f9b0b2cc1:c3484, 1d8d2908-dfb4-4358-9c6e-64b435d6fccc:c3484]
2019-07-03 07:08:22,152 INFO  client.GrpcClientProtocolClient (GrpcClientProtocolClient.java:onNext(254)) - client-253D2503C21A->6571ba41-d309-4d1d-a321-129a77bf1602: receive RaftClientReply:client-253D2503C21A->6571ba41-d309-4d1d-a321-129a77bf1602@group-6D4C5FD51127, cid=2307, SUCCESS, logIndex=3486, commits[6571ba41-d309-4d1d-a321-129a77bf1602:c3486, 75e8c5ea-f06a-43e1-af6e-1f7f9b0b2cc1:c3485, 1d8d2908-dfb4-4358-9c6e-64b435d6fccc:c3485]
2019-07-03 07:08:22,164 INFO  client.GrpcClientProtocolClient (GrpcClientProtocolClient.java:onNext(254)) - client-253D2503C21A->6571ba41-d309-4d1d-a321-129a77bf1602: receive RaftClientReply:client-253D2503C21A->6571ba41-d309-4d1d-a321-129a77bf1602@group-6D4C5FD51127, cid=2308, SUCCESS, logIndex=3488, commits[6571ba41-d309-4d1d-a321-129a77bf1602:c3489, 75e8c5ea-f06a-43e1-af6e-1f7f9b0b2cc1:c3486, 1d8d2908-dfb4-4358-9c6e-64b435d6fccc:c3486]
2019-07-03 07:08:22,165 INFO  client.GrpcClientProtocolClient (GrpcClientProtocolClient.java:onNext(254)) - client-253D2503C21A->6571ba41-d309-4d1d-a321-129a77bf1602: receive RaftClientReply:client-253D2503C21A->6571ba41-d309-4d1d-a321-129a77bf1602@group-6D4C5FD51127, cid=2309, SUCCESS, logIndex=3489, commits[6571ba41-d309-4d1d-a321-129a77bf1602:c3489, 75e8c5ea-f06a-43e1-af6e-1f7f9b0b2cc1:c3486, 1d8d2908-dfb4-4358-9c6e-64b435d6fccc:c3486]
2019-07-03 07:08:22,165 INFO  client.GrpcClientProtocolClient (GrpcClientProtocolClient.java:onNext(254)) - client-253D2503C21A->6571ba41-d309-4d1d-a321-129a77bf1602: receive RaftClientReply:client-253D2503C21A->6571ba41-d309-4d1d-a321-129a77bf1602@group-6D4C5FD51127, cid=2310, SUCCESS, logIndex=3490, commits[6571ba41-d309-4d1d-a321-129a77bf1602:c3491, 75e8c5ea-f06a-43e1-af6e-1f7f9b0b2cc1:c3486, 1d8d2908-dfb4-4358-9c6e-64b435d6fccc:c3488]
2019-07-03 07:08:22,166 INFO  client.GrpcClientProtocolClient (GrpcClientProtocolClient.java:onNext(254)) - client-253D2503C21A->6571ba41-d309-4d1d-a321-129a77bf1602: receive RaftClientReply:client-253D2503C21A->6571ba41-d309-4d1d-a321-129a77bf1602@group-6D4C5FD51127, cid=2311, SUCCESS, logIndex=0, commits[6571ba41-d309-4d1d-a321-129a77bf1602:c3491, 75e8c5ea-f06a-43e1-af6e-1f7f9b0b2cc1:c3489, 1d8d2908-dfb4-4358-9c6e-64b435d6fccc:c3488]
2019-07-03 07:08:22,183 INFO  client.GrpcClientProtocolClient (GrpcClientProtocolClient.java:onNext(254)) - client-253D2503C21A->6571ba41-d309-4d1d-a321-129a77bf1602: receive RaftClientReply:client-253D2503C21A->6571ba41-d309-4d1d-a321-129a77bf1602@group-6D4C5FD51127, cid=2312, SUCCESS, logIndex=3494, commits[6571ba41-d309-4d1d-a321-129a77bf1602:c3494, 75e8c5ea-f06a-43e1-af6e-1f7f9b0b2cc1:c3492, 1d8d2908-dfb4-4358-9c6e-64b435d6fccc:c3492]
2019-07-03 07:08:22,197 INFO  client.GrpcClientProtocolClient (GrpcClientProtocolClient.java:onNext(254)) - client-253D2503C21A->6571ba41-d309-4d1d-a321-129a77bf1602: receive RaftClientReply:client-253D2503C21A->6571ba41-d309-4d1d-a321-129a77bf1602@group-6D4C5FD51127, cid=2313, SUCCESS, logIndex=3496, commits[6571ba41-d309-4d1d-a321-129a77bf1602:c3496, 75e8c5ea-f06a-43e1-af6e-1f7f9b0b2cc1:c3494, 1d8d2908-dfb4-4358-9c6e-64b435d6fccc:c3494]
2019-07-03 07:08:22,222 INFO  storage.RaftLogWorker (RaftLogWorker.java:rollLogSegment(303)) - 6571ba41-d309-4d1d-a321-129a77bf1602-RaftLogWorker: Rolling segment log-3420_3499 to index:3499
2019-07-03 07:08:22,222 INFO  client.GrpcClientProtocolClient (GrpcClientProtocolClient.java:onNext(254)) - client-253D2503C21A->6571ba41-d309-4d1d-a321-129a77bf1602: receive RaftClientReply:client-253D2503C21A->6571ba41-d309-4d1d-a321-129a77bf1602@group-6D4C5FD51127, cid=2314, SUCCESS, logIndex=3498, commits[6571ba41-d309-4d1d-a321-129a77bf1602:c3498, 75e8c5ea-f06a-43e1-af6e-1f7f9b0b2cc1:c3496, 1d8d2908-dfb4-4358-9c6e-64b435d6fccc:c3496]
2019-07-03 07:08:22,226 INFO  storage.RaftLogWorker (RaftLogWorker.java:execute(433)) - 6571ba41-d309-4d1d-a321-129a77bf1602-RaftLogWorker: Rolled log segment from /opt/src/hadoop-ozone/tools/target/test-dir/MiniOzoneClusterImpl-0519545d-318d-4c21-a2a0-688f18f8a31d/datanode-4/data/ratis/23ffc2a4-5526-4092-9dc4-6d4c5fd51127/current/log_inprogress_3420 to /opt/src/hadoop-ozone/tools/target/test-dir/MiniOzoneClusterImpl-0519545d-318d-4c21-a2a0-688f18f8a31d/datanode-4/data/ratis/23ffc2a4-5526-4092-9dc4-6d4c5fd51127/current/log_3420-3499
2019-07-03 07:08:22,226 INFO  storage.RaftLogWorker (RaftLogWorker.java:rollLogSegment(303)) - 75e8c5ea-f06a-43e1-af6e-1f7f9b0b2cc1-RaftLogWorker: Rolling segment log-3420_3499 to index:3499
2019-07-03 07:08:22,226 INFO  storage.RaftLogWorker (RaftLogWorker.java:rollLogSegment(303)) - 1d8d2908-dfb4-4358-9c6e-64b435d6fccc-RaftLogWorker: Rolling segment log-3420_3499 to index:3499
2019-07-03 07:08:22,227 INFO  storage.RaftLogWorker (RaftLogWorker.java:execute(433)) - 75e8c5ea-f06a-43e1-af6e-1f7f9b0b2cc1-RaftLogWorker: Rolled log segment from /opt/src/hadoop-ozone/tools/target/test-dir/MiniOzoneClusterImpl-0519545d-318d-4c21-a2a0-688f18f8a31d/datanode-1/data/ratis/23ffc2a4-5526-4092-9dc4-6d4c5fd51127/current/log_inprogress_3420 to /opt/src/hadoop-ozone/tools/target/test-dir/MiniOzoneClusterImpl-0519545d-318d-4c21-a2a0-688f18f8a31d/datanode-1/data/ratis/23ffc2a4-5526-4092-9dc4-6d4c5fd51127/current/log_3420-3499
2019-07-03 07:08:22,227 INFO  storage.RaftLogWorker (RaftLogWorker.java:execute(433)) - 1d8d2908-dfb4-4358-9c6e-64b435d6fccc-RaftLogWorker: Rolled log segment from /opt/src/hadoop-ozone/tools/target/test-dir/MiniOzoneClusterImpl-0519545d-318d-4c21-a2a0-688f18f8a31d/datanode-2/data/ratis/23ffc2a4-5526-4092-9dc4-6d4c5fd51127/current/log_inprogress_3420 to /opt/src/hadoop-ozone/tools/target/test-dir/MiniOzoneClusterImpl-0519545d-318d-4c21-a2a0-688f18f8a31d/datanode-2/data/ratis/23ffc2a4-5526-4092-9dc4-6d4c5fd51127/current/log_3420-3499
2019-07-03 07:08:22,316 INFO  storage.RaftLogWorker (RaftLogWorker.java:execute(469)) - 75e8c5ea-f06a-43e1-af6e-1f7f9b0b2cc1-RaftLogWorker: created new log segment /opt/src/hadoop-ozone/tools/target/test-dir/MiniOzoneClusterImpl-0519545d-318d-4c21-a2a0-688f18f8a31d/datanode-1/data/ratis/23ffc2a4-5526-4092-9dc4-6d4c5fd51127/current/log_inprogress_3500
2019-07-03 07:08:22,316 INFO  storage.RaftLogWorker (RaftLogWorker.java:execute(469)) - 6571ba41-d309-4d1d-a321-129a77bf1602-RaftLogWorker: created new log segment /opt/src/hadoop-ozone/tools/target/test-dir/MiniOzoneClusterImpl-0519545d-318d-4c21-a2a0-688f18f8a31d/datanode-4/data/ratis/23ffc2a4-5526-4092-9dc4-6d4c5fd51127/current/log_inprogress_3500
2019-07-03 07:08:22,316 INFO  storage.RaftLogWorker (RaftLogWorker.java:execute(469)) - 1d8d2908-dfb4-4358-9c6e-64b435d6fccc-RaftLogWorker: created new log segment /opt/src/hadoop-ozone/tools/target/test-dir/MiniOzoneClusterImpl-0519545d-318d-4c21-a2a0-688f18f8a31d/datanode-2/data/ratis/23ffc2a4-5526-4092-9dc4-6d4c5fd51127/current/log_inprogress_3500
2019-07-03 07:08:22,330 INFO  client.GrpcClientProtocolClient (GrpcClientProtocolClient.java:onNext(254)) - client-253D2503C21A->6571ba41-d309-4d1d-a321-129a77bf1602: receive RaftClientReply:client-253D2503C21A->6571ba41-d309-4d1d-a321-129a77bf1602@group-6D4C5FD51127, cid=2315, SUCCESS, logIndex=3500, commits[6571ba41-d309-4d1d-a321-129a77bf1602:c3500, 75e8c5ea-f06a-43e1-af6e-1f7f9b0b2cc1:c3499, 1d8d2908-dfb4-4358-9c6e-64b435d6fccc:c3499]
2019-07-03 07:08:22,342 INFO  client.GrpcClientProtocolClient (GrpcClientProtocolClient.java:onNext(254)) - client-253D2503C21A->6571ba41-d309-4d1d-a321-129a77bf1602: receive RaftClientReply:client-253D2503C21A->6571ba41-d309-4d1d-a321-129a77bf1602@group-6D4C5FD51127, cid=2316, SUCCESS, logIndex=0, commits[6571ba41-d309-4d1d-a321-129a77bf1602:c3501, 75e8c5ea-f06a-43e1-af6e-1f7f9b0b2cc1:c3500, 1d8d2908-dfb4-4358-9c6e-64b435d6fccc:c3500]
2019-07-03 07:08:22,379 INFO  client.GrpcClientProtocolClient (GrpcClientProtocolClient.java:onNext(254)) - client-253D2503C21A->6571ba41-d309-4d1d-a321-129a77bf1602: receive RaftClientReply:client-253D2503C21A->6571ba41-d309-4d1d-a321-129a77bf1602@group-6D4C5FD51127, cid=2317, SUCCESS, logIndex=3502, commits[6571ba41-d309-4d1d-a321-129a77bf1602:c3502, 75e8c5ea-f06a-43e1-af6e-1f7f9b0b2cc1:c3501, 1d8d2908-dfb4-4358-9c6e-64b435d6fccc:c3501]
2019-07-03 07:08:22,391 INFO  client.GrpcClientProtocolClient (GrpcClientProtocolClient.java:onNext(254)) - client-253D2503C21A->6571ba41-d309-4d1d-a321-129a77bf1602: receive RaftClientReply:client-253D2503C21A->6571ba41-d309-4d1d-a321-129a77bf1602@group-6D4C5FD51127, cid=2318, SUCCESS, logIndex=3504, commits[6571ba41-d309-4d1d-a321-129a77bf1602:c3505, 75e8c5ea-f06a-43e1-af6e-1f7f9b0b2cc1:c3502, 1d8d2908-dfb4-4358-9c6e-64b435d6fccc:c3502]
2019-07-03 07:08:22,392 INFO  client.GrpcClientProtocolClient (GrpcClientProtocolClient.java:onNext(254)) - client-253D2503C21A->6571ba41-d309-4d1d-a321-129a77bf1602: receive RaftClientReply:client-253D2503C21A->6571ba41-d309-4d1d-a321-129a77bf1602@group-6D4C5FD51127, cid=2319, SUCCESS, logIndex=3505, commits[6571ba41-d309-4d1d-a321-129a77bf1602:c3505, 75e8c5ea-f06a-43e1-af6e-1f7f9b0b2cc1:c3502, 1d8d2908-dfb4-4358-9c6e-64b435d6fccc:c3502]
2019-07-03 07:08:22,403 INFO  client.GrpcClientProtocolClient (GrpcClientProtocolClient.java:onNext(254)) - client-253D2503C21A->6571ba41-d309-4d1d-a321-129a77bf1602: receive RaftClientReply:client-253D2503C21A->6571ba41-d309-4d1d-a321-129a77bf1602@group-6D4C5FD51127, cid=2320, SUCCESS, logIndex=3506, commits[6571ba41-d309-4d1d-a321-129a77bf1602:c3507, 75e8c5ea-f06a-43e1-af6e-1f7f9b0b2cc1:c3502, 1d8d2908-dfb4-4358-9c6e-64b435d6fccc:c3504]
2019-07-03 07:08:22,404 INFO  client.GrpcClientProtocolClient (GrpcClientProtocolClient.java:onNext(254)) - client-253D2503C21A->6571ba41-d309-4d1d-a321-129a77bf1602: receive RaftClientReply:client-253D2503C21A->6571ba41-d309-4d1d-a321-129a77bf1602@group-6D4C5FD51127, cid=2321, SUCCESS, logIndex=0, commits[6571ba41-d309-4d1d-a321-129a77bf1602:c3508, 75e8c5ea-f06a-43e1-af6e-1f7f9b0b2cc1:c3505, 1d8d2908-dfb4-4358-9c6e-64b435d6fccc:c3506]
2019-07-03 07:08:22,427 INFO  client.GrpcClientProtocolClient (GrpcClientProtocolClient.java:onNext(254)) - client-253D2503C21A->6571ba41-d309-4d1d-a321-129a77bf1602: receive RaftClientReply:client-253D2503C21A->6571ba41-d309-4d1d-a321-129a77bf1602@group-6D4C5FD51127, cid=2322, SUCCESS, logIndex=3510, commits[6571ba41-d309-4d1d-a321-129a77bf1602:c3510, 75e8c5ea-f06a-43e1-af6e-1f7f9b0b2cc1:c3509, 1d8d2908-dfb4-4358-9c6e-64b435d6fccc:c3509]
2019-07-03 07:08:22,441 INFO  client.GrpcClientProtocolClient (GrpcClientProtocolClient.java:onNext(254)) - client-253D2503C21A->6571ba41-d309-4d1d-a321-129a77bf1602: receive RaftClientReply:client-253D2503C21A->6571ba41-d309-4d1d-a321-129a77bf1602@group-6D4C5FD51127, cid=2323, SUCCESS, logIndex=3512, commits[6571ba41-d309-4d1d-a321-129a77bf1602:c3512, 75e8c5ea-f06a-43e1-af6e-1f7f9b0b2cc1:c3510, 1d8d2908-dfb4-4358-9c6e-64b435d6fccc:c3510]
2019-07-03 07:08:22,466 INFO  client.GrpcClientProtocolClient (GrpcClientProtocolClient.java:onNext(254)) - client-253D2503C21A->6571ba41-d309-4d1d-a321-129a77bf1602: receive RaftClientReply:client-253D2503C21A->6571ba41-d309-4d1d-a321-129a77bf1602@group-6D4C5FD51127, cid=2324, SUCCESS, logIndex=3514, commits[6571ba41-d309-4d1d-a321-129a77bf1602:c3514, 75e8c5ea-f06a-43e1-af6e-1f7f9b0b2cc1:c3512, 1d8d2908-dfb4-4358-9c6e-64b435d6fccc:c3512]
2019-07-03 07:08:22,470 INFO  client.GrpcClientProtocolClient (GrpcClientProtocolClient.java:onNext(254)) - client-253D2503C21A->6571ba41-d309-4d1d-a321-129a77bf1602: receive RaftClientReply:client-253D2503C21A->6571ba41-d309-4d1d-a321-129a77bf1602@group-6D4C5FD51127, cid=2325, SUCCESS, logIndex=3516, commits[6571ba41-d309-4d1d-a321-129a77bf1602:c3516, 75e8c5ea-f06a-43e1-af6e-1f7f9b0b2cc1:c3514, 1d8d2908-dfb4-4358-9c6e-64b435d6fccc:c3514]
2019-07-03 07:08:22,481 INFO  client.GrpcClientProtocolClient (GrpcClientProtocolClient.java:onNext(254)) - client-253D2503C21A->6571ba41-d309-4d1d-a321-129a77bf1602: receive RaftClientReply:client-253D2503C21A->6571ba41-d309-4d1d-a321-129a77bf1602@group-6D4C5FD51127, cid=2326, SUCCESS, logIndex=0, commits[6571ba41-d309-4d1d-a321-129a77bf1602:c3516, 75e8c5ea-f06a-43e1-af6e-1f7f9b0b2cc1:c3516, 1d8d2908-dfb4-4358-9c6e-64b435d6fccc:c3516]
2019-07-03 07:08:22,535 INFO  client.GrpcClientProtocolClient (GrpcClientProtocolClient.java:onNext(254)) - client-253D2503C21A->6571ba41-d309-4d1d-a321-129a77bf1602: receive RaftClientReply:client-253D2503C21A->6571ba41-d309-4d1d-a321-129a77bf1602@group-6D4C5FD51127, cid=2327, SUCCESS, logIndex=3518, commits[6571ba41-d309-4d1d-a321-129a77bf1602:c3518, 75e8c5ea-f06a-43e1-af6e-1f7f9b0b2cc1:c3517, 1d8d2908-dfb4-4358-9c6e-64b435d6fccc:c3517]
2019-07-03 07:08:22,548 INFO  client.GrpcClientProtocolClient (GrpcClientProtocolClient.java:onNext(254)) - client-253D2503C21A->6571ba41-d309-4d1d-a321-129a77bf1602: receive RaftClientReply:client-253D2503C21A->6571ba41-d309-4d1d-a321-129a77bf1602@group-6D4C5FD51127, cid=2328, SUCCESS, logIndex=3520, commits[6571ba41-d309-4d1d-a321-129a77bf1602:c3521, 75e8c5ea-f06a-43e1-af6e-1f7f9b0b2cc1:c3518, 1d8d2908-dfb4-4358-9c6e-64b435d6fccc:c3518]
2019-07-03 07:08:22,548 INFO  client.GrpcClientProtocolClient (GrpcClientProtocolClient.java:onNext(254)) - client-253D2503C21A->6571ba41-d309-4d1d-a321-129a77bf1602: receive RaftClientReply:client-253D2503C21A->6571ba41-d309-4d1d-a321-129a77bf1602@group-6D4C5FD51127, cid=2329, SUCCESS, logIndex=3521, commits[6571ba41-d309-4d1d-a321-129a77bf1602:c3521, 75e8c5ea-f06a-43e1-af6e-1f7f9b0b2cc1:c3518, 1d8d2908-dfb4-4358-9c6e-64b435d6fccc:c3518]
2019-07-03 07:08:22,559 INFO  client.GrpcClientProtocolClient (GrpcClientProtocolClient.java:onNext(254)) - client-253D2503C21A->6571ba41-d309-4d1d-a321-129a77bf1602: receive RaftClientReply:client-253D2503C21A->6571ba41-d309-4d1d-a321-129a77bf1602@group-6D4C5FD51127, cid=2330, SUCCESS, logIndex=3522, commits[6571ba41-d309-4d1d-a321-129a77bf1602:c3523, 75e8c5ea-f06a-43e1-af6e-1f7f9b0b2cc1:c3520, 1d8d2908-dfb4-4358-9c6e-64b435d6fccc:c3518]
2019-07-03 07:08:22,560 INFO  client.GrpcClientProtocolClient (GrpcClientProtocolClient.java:onNext(254)) - client-253D2503C21A->6571ba41-d309-4d1d-a321-129a77bf1602: receive RaftClientReply:client-253D2503C21A->6571ba41-d309-4d1d-a321-129a77bf1602@group-6D4C5FD51127, cid=2331, SUCCESS, logIndex=0, commits[6571ba41-d309-4d1d-a321-129a77bf1602:c3523, 75e8c5ea-f06a-43e1-af6e-1f7f9b0b2cc1:c3520, 1d8d2908-dfb4-4358-9c6e-64b435d6fccc:c3520]
2019-07-03 07:08:22,591 INFO  client.GrpcClientProtocolClient (GrpcClientProtocolClient.java:onNext(254)) - client-253D2503C21A->6571ba41-d309-4d1d-a321-129a77bf1602: receive RaftClientReply:client-253D2503C21A->6571ba41-d309-4d1d-a321-129a77bf1602@group-6D4C5FD51127, cid=2332, SUCCESS, logIndex=3526, commits[6571ba41-d309-4d1d-a321-129a77bf1602:c3526, 75e8c5ea-f06a-43e1-af6e-1f7f9b0b2cc1:c3523, 1d8d2908-dfb4-4358-9c6e-64b435d6fccc:c3523]
2019-07-03 07:08:22,605 INFO  client.GrpcClientProtocolClient (GrpcClientProtocolClient.java:onNext(254)) - client-253D2503C21A->6571ba41-d309-4d1d-a321-129a77bf1602: receive RaftClientReply:client-253D2503C21A->6571ba41-d309-4d1d-a321-129a77bf1602@group-6D4C5FD51127, cid=2333, SUCCESS, logIndex=3528, commits[6571ba41-d309-4d1d-a321-129a77bf1602:c3528, 75e8c5ea-f06a-43e1-af6e-1f7f9b0b2cc1:c3526, 1d8d2908-dfb4-4358-9c6e-64b435d6fccc:c3526]
2019-07-03 07:08:22,629 INFO  client.GrpcClientProtocolClient (GrpcClientProtocolClient.java:onNext(254)) - client-253D2503C21A->6571ba41-d309-4d1d-a321-129a77bf1602: receive RaftClientReply:client-253D2503C21A->6571ba41-d309-4d1d-a321-129a77bf1602@group-6D4C5FD51127, cid=2334, SUCCESS, logIndex=3530, commits[6571ba41-d309-4d1d-a321-129a77bf1602:c3530, 75e8c5ea-f06a-43e1-af6e-1f7f9b0b2cc1:c3528, 1d8d2908-dfb4-4358-9c6e-64b435d6fccc:c3528]
2019-07-03 07:08:22,633 INFO  client.GrpcClientProtocolClient (GrpcClientProtocolClient.java:onNext(254)) - client-253D2503C21A->6571ba41-d309-4d1d-a321-129a77bf1602: receive RaftClientReply:client-253D2503C21A->6571ba41-d309-4d1d-a321-129a77bf1602@group-6D4C5FD51127, cid=2335, SUCCESS, logIndex=3532, commits[6571ba41-d309-4d1d-a321-129a77bf1602:c3532, 75e8c5ea-f06a-43e1-af6e-1f7f9b0b2cc1:c3530, 1d8d2908-dfb4-4358-9c6e-64b435d6fccc:c3530]
2019-07-03 07:08:22,634 INFO  client.GrpcClientProtocolClient (GrpcClientProtocolClient.java:onNext(254)) - client-253D2503C21A->6571ba41-d309-4d1d-a321-129a77bf1602: receive RaftClientReply:client-253D2503C21A->6571ba41-d309-4d1d-a321-129a77bf1602@group-6D4C5FD51127, cid=2336, SUCCESS, logIndex=0, commits[6571ba41-d309-4d1d-a321-129a77bf1602:c3533, 75e8c5ea-f06a-43e1-af6e-1f7f9b0b2cc1:c3532, 1d8d2908-dfb4-4358-9c6e-64b435d6fccc:c3532]
2019-07-03 07:08:22,665 INFO  client.GrpcClientProtocolClient (GrpcClientProtocolClient.java:onNext(254)) - client-253D2503C21A->6571ba41-d309-4d1d-a321-129a77bf1602: receive RaftClientReply:client-253D2503C21A->6571ba41-d309-4d1d-a321-129a77bf1602@group-6D4C5FD51127, cid=2337, SUCCESS, logIndex=3534, commits[6571ba41-d309-4d1d-a321-129a77bf1602:c3534, 75e8c5ea-f06a-43e1-af6e-1f7f9b0b2cc1:c3533, 1d8d2908-dfb4-4358-9c6e-64b435d6fccc:c3533]
2019-07-03 07:08:22,686 INFO  client.GrpcClientProtocolClient (GrpcClientProtocolClient.java:onNext(254)) - client-253D2503C21A->6571ba41-d309-4d1d-a321-129a77bf1602: receive RaftClientReply:client-253D2503C21A->6571ba41-d309-4d1d-a321-129a77bf1602@group-6D4C5FD51127, cid=2338, SUCCESS, logIndex=3536, commits[6571ba41-d309-4d1d-a321-129a77bf1602:c3537, 75e8c5ea-f06a-43e1-af6e-1f7f9b0b2cc1:c3534, 1d8d2908-dfb4-4358-9c6e-64b435d6fccc:c3534]
2019-07-03 07:08:22,686 INFO  client.GrpcClientProtocolClient (GrpcClientProtocolClient.java:onNext(254)) - client-253D2503C21A->6571ba41-d309-4d1d-a321-129a77bf1602: receive RaftClientReply:client-253D2503C21A->6571ba41-d309-4d1d-a321-129a77bf1602@group-6D4C5FD51127, cid=2339, SUCCESS, logIndex=3537, commits[6571ba41-d309-4d1d-a321-129a77bf1602:c3537, 75e8c5ea-f06a-43e1-af6e-1f7f9b0b2cc1:c3534, 1d8d2908-dfb4-4358-9c6e-64b435d6fccc:c3534]
2019-07-03 07:08:22,687 INFO  client.GrpcClientProtocolClient (GrpcClientProtocolClient.java:onNext(254)) - client-253D2503C21A->6571ba41-d309-4d1d-a321-129a77bf1602: receive RaftClientReply:client-253D2503C21A->6571ba41-d309-4d1d-a321-129a77bf1602@group-6D4C5FD51127, cid=2340, SUCCESS, logIndex=3538, commits[6571ba41-d309-4d1d-a321-129a77bf1602:c3539, 75e8c5ea-f06a-43e1-af6e-1f7f9b0b2cc1:c3537, 1d8d2908-dfb4-4358-9c6e-64b435d6fccc:c3534]
2019-07-03 07:08:22,688 INFO  client.GrpcClientProtocolClient (GrpcClientProtocolClient.java:onNext(254)) - client-253D2503C21A->6571ba41-d309-4d1d-a321-129a77bf1602: receive RaftClientReply:client-253D2503C21A->6571ba41-d309-4d1d-a321-129a77bf1602@group-6D4C5FD51127, cid=2341, SUCCESS, logIndex=0, commits[6571ba41-d309-4d1d-a321-129a77bf1602:c3540, 75e8c5ea-f06a-43e1-af6e-1f7f9b0b2cc1:c3537, 1d8d2908-dfb4-4358-9c6e-64b435d6fccc:c3537]
2019-07-03 07:08:22,711 INFO  client.GrpcClientProtocolClient (GrpcClientProtocolClient.java:onNext(254)) - client-253D2503C21A->6571ba41-d309-4d1d-a321-129a77bf1602: receive RaftClientReply:client-253D2503C21A->6571ba41-d309-4d1d-a321-129a77bf1602@group-6D4C5FD51127, cid=2342, SUCCESS, logIndex=3542, commits[6571ba41-d309-4d1d-a321-129a77bf1602:c3542, 75e8c5ea-f06a-43e1-af6e-1f7f9b0b2cc1:c3541, 1d8d2908-dfb4-4358-9c6e-64b435d6fccc:c3541]
2019-07-03 07:08:22,726 INFO  client.GrpcClientProtocolClient (GrpcClientProtocolClient.java:onNext(254)) - client-253D2503C21A->6571ba41-d309-4d1d-a321-129a77bf1602: receive RaftClientReply:client-253D2503C21A->6571ba41-d309-4d1d-a321-129a77bf1602@group-6D4C5FD51127, cid=2343, SUCCESS, logIndex=3544, commits[6571ba41-d309-4d1d-a321-129a77bf1602:c3544, 75e8c5ea-f06a-43e1-af6e-1f7f9b0b2cc1:c3542, 1d8d2908-dfb4-4358-9c6e-64b435d6fccc:c3542]
2019-07-03 07:08:22,739 INFO  client.GrpcClientProtocolClient (GrpcClientProtocolClient.java:onNext(254)) - client-253D2503C21A->6571ba41-d309-4d1d-a321-129a77bf1602: receive RaftClientReply:client-253D2503C21A->6571ba41-d309-4d1d-a321-129a77bf1602@group-6D4C5FD51127, cid=2344, SUCCESS, logIndex=3546, commits[6571ba41-d309-4d1d-a321-129a77bf1602:c3546, 75e8c5ea-f06a-43e1-af6e-1f7f9b0b2cc1:c3544, 1d8d2908-dfb4-4358-9c6e-64b435d6fccc:c3544]
2019-07-03 07:08:22,742 INFO  client.GrpcClientProtocolClient (GrpcClientProtocolClient.java:onNext(254)) - client-253D2503C21A->6571ba41-d309-4d1d-a321-129a77bf1602: receive RaftClientReply:client-253D2503C21A->6571ba41-d309-4d1d-a321-129a77bf1602@group-6D4C5FD51127, cid=2345, SUCCESS, logIndex=3548, commits[6571ba41-d309-4d1d-a321-129a77bf1602:c3548, 75e8c5ea-f06a-43e1-af6e-1f7f9b0b2cc1:c3546, 1d8d2908-dfb4-4358-9c6e-64b435d6fccc:c3546]
 0.00% |█                                                                                                    |  0/1 Time: 0:00:302019-07-03 07:08:22,754 INFO  client.GrpcClientProtocolClient (GrpcClientProtocolClient.java:onNext(254)) - client-253D2503C21A->6571ba41-d309-4d1d-a321-129a77bf1602: receive RaftClientReply:client-253D2503C21A->6571ba41-d309-4d1d-a321-129a77bf1602@group-6D4C5FD51127, cid=2346, SUCCESS, logIndex=0, commits[6571ba41-d309-4d1d-a321-129a77bf1602:c3549, 75e8c5ea-f06a-43e1-af6e-1f7f9b0b2cc1:c3548, 1d8d2908-dfb4-4358-9c6e-64b435d6fccc:c3548]
2019-07-03 07:08:22,785 INFO  client.GrpcClientProtocolClient (GrpcClientProtocolClient.java:onNext(254)) - client-253D2503C21A->6571ba41-d309-4d1d-a321-129a77bf1602: receive RaftClientReply:client-253D2503C21A->6571ba41-d309-4d1d-a321-129a77bf1602@group-6D4C5FD51127, cid=2347, SUCCESS, logIndex=3550, commits[6571ba41-d309-4d1d-a321-129a77bf1602:c3550, 75e8c5ea-f06a-43e1-af6e-1f7f9b0b2cc1:c3549, 1d8d2908-dfb4-4358-9c6e-64b435d6fccc:c3549]
2019-07-03 07:08:22,788 INFO  client.GrpcClientProtocolClient (GrpcClientProtocolClient.java:onNext(254)) - client-253D2503C21A->6571ba41-d309-4d1d-a321-129a77bf1602: receive RaftClientReply:client-253D2503C21A->6571ba41-d309-4d1d-a321-129a77bf1602@group-6D4C5FD51127, cid=2348, SUCCESS, logIndex=3552, commits[6571ba41-d309-4d1d-a321-129a77bf1602:c3552, 75e8c5ea-f06a-43e1-af6e-1f7f9b0b2cc1:c3550, 1d8d2908-dfb4-4358-9c6e-64b435d6fccc:c3550]
2019-07-03 07:08:22,791 INFO  client.GrpcClientProtocolClient (GrpcClientProtocolClient.java:onNext(254)) - client-253D2503C21A->6571ba41-d309-4d1d-a321-129a77bf1602: receive RaftClientReply:client-253D2503C21A->6571ba41-d309-4d1d-a321-129a77bf1602@group-6D4C5FD51127, cid=2349, SUCCESS, logIndex=3553, commits[6571ba41-d309-4d1d-a321-129a77bf1602:c3554, 75e8c5ea-f06a-43e1-af6e-1f7f9b0b2cc1:c3550, 1d8d2908-dfb4-4358-9c6e-64b435d6fccc:c3550]
2019-07-03 07:08:22,791 INFO  client.GrpcClientProtocolClient (GrpcClientProtocolClient.java:onNext(254)) - client-253D2503C21A->6571ba41-d309-4d1d-a321-129a77bf1602: receive RaftClientReply:client-253D2503C21A->6571ba41-d309-4d1d-a321-129a77bf1602@group-6D4C5FD51127, cid=2350, SUCCESS, logIndex=3554, commits[6571ba41-d309-4d1d-a321-129a77bf1602:c3554, 75e8c5ea-f06a-43e1-af6e-1f7f9b0b2cc1:c3550, 1d8d2908-dfb4-4358-9c6e-64b435d6fccc:c3550]
2019-07-03 07:08:22,816 INFO  client.GrpcClientProtocolClient (GrpcClientProtocolClient.java:onNext(254)) - client-253D2503C21A->6571ba41-d309-4d1d-a321-129a77bf1602: receive RaftClientReply:client-253D2503C21A->6571ba41-d309-4d1d-a321-129a77bf1602@group-6D4C5FD51127, cid=2351, SUCCESS, logIndex=0, commits[6571ba41-d309-4d1d-a321-129a77bf1602:c3556, 75e8c5ea-f06a-43e1-af6e-1f7f9b0b2cc1:c3552, 1d8d2908-dfb4-4358-9c6e-64b435d6fccc:c3552]
2019-07-03 07:08:22,832 INFO  client.GrpcClientProtocolClient (GrpcClientProtocolClient.java:onNext(254)) - client-253D2503C21A->6571ba41-d309-4d1d-a321-129a77bf1602: receive RaftClientReply:client-253D2503C21A->6571ba41-d309-4d1d-a321-129a77bf1602@group-6D4C5FD51127, cid=2352, SUCCESS, logIndex=3558, commits[6571ba41-d309-4d1d-a321-129a77bf1602:c3558, 75e8c5ea-f06a-43e1-af6e-1f7f9b0b2cc1:c3557, 1d8d2908-dfb4-4358-9c6e-64b435d6fccc:c3557]
2019-07-03 07:08:22,846 INFO  client.GrpcClientProtocolClient (GrpcClientProtocolClient.java:onNext(254)) - client-253D2503C21A->6571ba41-d309-4d1d-a321-129a77bf1602: receive RaftClientReply:client-253D2503C21A->6571ba41-d309-4d1d-a321-129a77bf1602@group-6D4C5FD51127, cid=2353, SUCCESS, logIndex=3560, commits[6571ba41-d309-4d1d-a321-129a77bf1602:c3560, 75e8c5ea-f06a-43e1-af6e-1f7f9b0b2cc1:c3558, 1d8d2908-dfb4-4358-9c6e-64b435d6fccc:c3558]
2019-07-03 07:08:22,859 INFO  client.GrpcClientProtocolClient (GrpcClientProtocolClient.java:onNext(254)) - client-253D2503C21A->6571ba41-d309-4d1d-a321-129a77bf1602: receive RaftClientReply:client-253D2503C21A->6571ba41-d309-4d1d-a321-129a77bf1602@group-6D4C5FD51127, cid=2354, SUCCESS, logIndex=3562, commits[6571ba41-d309-4d1d-a321-129a77bf1602:c3562, 75e8c5ea-f06a-43e1-af6e-1f7f9b0b2cc1:c3560, 1d8d2908-dfb4-4358-9c6e-64b435d6fccc:c3560]
2019-07-03 07:08:22,862 INFO  client.GrpcClientProtocolClient (GrpcClientProtocolClient.java:onNext(254)) - client-253D2503C21A->6571ba41-d309-4d1d-a321-129a77bf1602: receive RaftClientReply:client-253D2503C21A->6571ba41-d309-4d1d-a321-129a77bf1602@group-6D4C5FD51127, cid=2355, SUCCESS, logIndex=3564, commits[6571ba41-d309-4d1d-a321-129a77bf1602:c3564, 75e8c5ea-f06a-43e1-af6e-1f7f9b0b2cc1:c3562, 1d8d2908-dfb4-4358-9c6e-64b435d6fccc:c3562]
2019-07-03 07:08:22,874 INFO  client.GrpcClientProtocolClient (GrpcClientProtocolClient.java:onNext(254)) - client-253D2503C21A->6571ba41-d309-4d1d-a321-129a77bf1602: receive RaftClientReply:client-253D2503C21A->6571ba41-d309-4d1d-a321-129a77bf1602@group-6D4C5FD51127, cid=2356, SUCCESS, logIndex=0, commits[6571ba41-d309-4d1d-a321-129a77bf1602:c3565, 75e8c5ea-f06a-43e1-af6e-1f7f9b0b2cc1:c3564, 1d8d2908-dfb4-4358-9c6e-64b435d6fccc:c3564]
2019-07-03 07:08:22,901 INFO  client.GrpcClientProtocolClient (GrpcClientProtocolClient.java:onNext(254)) - client-253D2503C21A->6571ba41-d309-4d1d-a321-129a77bf1602: receive RaftClientReply:client-253D2503C21A->6571ba41-d309-4d1d-a321-129a77bf1602@group-6D4C5FD51127, cid=2357, SUCCESS, logIndex=3566, commits[6571ba41-d309-4d1d-a321-129a77bf1602:c3566, 75e8c5ea-f06a-43e1-af6e-1f7f9b0b2cc1:c3565, 1d8d2908-dfb4-4358-9c6e-64b435d6fccc:c3565]
2019-07-03 07:08:22,913 INFO  client.GrpcClientProtocolClient (GrpcClientProtocolClient.java:onNext(254)) - client-253D2503C21A->6571ba41-d309-4d1d-a321-129a77bf1602: receive RaftClientReply:client-253D2503C21A->6571ba41-d309-4d1d-a321-129a77bf1602@group-6D4C5FD51127, cid=2358, SUCCESS, logIndex=3568, commits[6571ba41-d309-4d1d-a321-129a77bf1602:c3569, 75e8c5ea-f06a-43e1-af6e-1f7f9b0b2cc1:c3566, 1d8d2908-dfb4-4358-9c6e-64b435d6fccc:c3566]
2019-07-03 07:08:22,913 INFO  client.GrpcClientProtocolClient (GrpcClientProtocolClient.java:onNext(254)) - client-253D2503C21A->6571ba41-d309-4d1d-a321-129a77bf1602: receive RaftClientReply:client-253D2503C21A->6571ba41-d309-4d1d-a321-129a77bf1602@group-6D4C5FD51127, cid=2359, SUCCESS, logIndex=3569, commits[6571ba41-d309-4d1d-a321-129a77bf1602:c3569, 75e8c5ea-f06a-43e1-af6e-1f7f9b0b2cc1:c3566, 1d8d2908-dfb4-4358-9c6e-64b435d6fccc:c3566]
2019-07-03 07:08:22,914 INFO  client.GrpcClientProtocolClient (GrpcClientProtocolClient.java:onNext(254)) - client-253D2503C21A->6571ba41-d309-4d1d-a321-129a77bf1602: receive RaftClientReply:client-253D2503C21A->6571ba41-d309-4d1d-a321-129a77bf1602@group-6D4C5FD51127, cid=2360, SUCCESS, logIndex=3570, commits[6571ba41-d309-4d1d-a321-129a77bf1602:c3570, 75e8c5ea-f06a-43e1-af6e-1f7f9b0b2cc1:c3568, 1d8d2908-dfb4-4358-9c6e-64b435d6fccc:c3566]
2019-07-03 07:08:22,914 INFO  client.GrpcClientProtocolClient (GrpcClientProtocolClient.java:onNext(254)) - client-253D2503C21A->6571ba41-d309-4d1d-a321-129a77bf1602: receive RaftClientReply:client-253D2503C21A->6571ba41-d309-4d1d-a321-129a77bf1602@group-6D4C5FD51127, cid=2361, SUCCESS, logIndex=0, commits[6571ba41-d309-4d1d-a321-129a77bf1602:c3571, 75e8c5ea-f06a-43e1-af6e-1f7f9b0b2cc1:c3568, 1d8d2908-dfb4-4358-9c6e-64b435d6fccc:c3569]
2019-07-03 07:08:22,933 INFO  client.GrpcClientProtocolClient (GrpcClientProtocolClient.java:onNext(254)) - client-253D2503C21A->6571ba41-d309-4d1d-a321-129a77bf1602: receive RaftClientReply:client-253D2503C21A->6571ba41-d309-4d1d-a321-129a77bf1602@group-6D4C5FD51127, cid=2362, SUCCESS, logIndex=3574, commits[6571ba41-d309-4d1d-a321-129a77bf1602:c3574, 75e8c5ea-f06a-43e1-af6e-1f7f9b0b2cc1:c3573, 1d8d2908-dfb4-4358-9c6e-64b435d6fccc:c3573]
2019-07-03 07:08:22,947 INFO  client.GrpcClientProtocolClient (GrpcClientProtocolClient.java:onNext(254)) - client-253D2503C21A->6571ba41-d309-4d1d-a321-129a77bf1602: receive RaftClientReply:client-253D2503C21A->6571ba41-d309-4d1d-a321-129a77bf1602@group-6D4C5FD51127, cid=2363, SUCCESS, logIndex=3576, commits[6571ba41-d309-4d1d-a321-129a77bf1602:c3576, 75e8c5ea-f06a-43e1-af6e-1f7f9b0b2cc1:c3574, 1d8d2908-dfb4-4358-9c6e-64b435d6fccc:c3574]
2019-07-03 07:08:22,961 INFO  client.GrpcClientProtocolClient (GrpcClientProtocolClient.java:onNext(254)) - client-253D2503C21A->6571ba41-d309-4d1d-a321-129a77bf1602: receive RaftClientReply:client-253D2503C21A->6571ba41-d309-4d1d-a321-129a77bf1602@group-6D4C5FD51127, cid=2364, SUCCESS, logIndex=3578, commits[6571ba41-d309-4d1d-a321-129a77bf1602:c3578, 75e8c5ea-f06a-43e1-af6e-1f7f9b0b2cc1:c3576, 1d8d2908-dfb4-4358-9c6e-64b435d6fccc:c3576]
2019-07-03 07:08:22,961 INFO  storage.RaftLogWorker (RaftLogWorker.java:rollLogSegment(303)) - 6571ba41-d309-4d1d-a321-129a77bf1602-RaftLogWorker: Rolling segment log-3500_3579 to index:3579
2019-07-03 07:08:22,962 INFO  storage.RaftLogWorker (RaftLogWorker.java:execute(433)) - 6571ba41-d309-4d1d-a321-129a77bf1602-RaftLogWorker: Rolled log segment from /opt/src/hadoop-ozone/tools/target/test-dir/MiniOzoneClusterImpl-0519545d-318d-4c21-a2a0-688f18f8a31d/datanode-4/data/ratis/23ffc2a4-5526-4092-9dc4-6d4c5fd51127/current/log_inprogress_3500 to /opt/src/hadoop-ozone/tools/target/test-dir/MiniOzoneClusterImpl-0519545d-318d-4c21-a2a0-688f18f8a31d/datanode-4/data/ratis/23ffc2a4-5526-4092-9dc4-6d4c5fd51127/current/log_3500-3579
2019-07-03 07:08:22,962 INFO  storage.RaftLogWorker (RaftLogWorker.java:rollLogSegment(303)) - 75e8c5ea-f06a-43e1-af6e-1f7f9b0b2cc1-RaftLogWorker: Rolling segment log-3500_3579 to index:3579
2019-07-03 07:08:22,962 INFO  storage.RaftLogWorker (RaftLogWorker.java:rollLogSegment(303)) - 1d8d2908-dfb4-4358-9c6e-64b435d6fccc-RaftLogWorker: Rolling segment log-3500_3579 to index:3579
2019-07-03 07:08:22,963 INFO  storage.RaftLogWorker (RaftLogWorker.java:execute(433)) - 75e8c5ea-f06a-43e1-af6e-1f7f9b0b2cc1-RaftLogWorker: Rolled log segment from /opt/src/hadoop-ozone/tools/target/test-dir/MiniOzoneClusterImpl-0519545d-318d-4c21-a2a0-688f18f8a31d/datanode-1/data/ratis/23ffc2a4-5526-4092-9dc4-6d4c5fd51127/current/log_inprogress_3500 to /opt/src/hadoop-ozone/tools/target/test-dir/MiniOzoneClusterImpl-0519545d-318d-4c21-a2a0-688f18f8a31d/datanode-1/data/ratis/23ffc2a4-5526-4092-9dc4-6d4c5fd51127/current/log_3500-3579
2019-07-03 07:08:22,963 INFO  storage.RaftLogWorker (RaftLogWorker.java:execute(433)) - 1d8d2908-dfb4-4358-9c6e-64b435d6fccc-RaftLogWorker: Rolled log segment from /opt/src/hadoop-ozone/tools/target/test-dir/MiniOzoneClusterImpl-0519545d-318d-4c21-a2a0-688f18f8a31d/datanode-2/data/ratis/23ffc2a4-5526-4092-9dc4-6d4c5fd51127/current/log_inprogress_3500 to /opt/src/hadoop-ozone/tools/target/test-dir/MiniOzoneClusterImpl-0519545d-318d-4c21-a2a0-688f18f8a31d/datanode-2/data/ratis/23ffc2a4-5526-4092-9dc4-6d4c5fd51127/current/log_3500-3579
2019-07-03 07:08:23,006 INFO  storage.RaftLogWorker (RaftLogWorker.java:execute(469)) - 75e8c5ea-f06a-43e1-af6e-1f7f9b0b2cc1-RaftLogWorker: created new log segment /opt/src/hadoop-ozone/tools/target/test-dir/MiniOzoneClusterImpl-0519545d-318d-4c21-a2a0-688f18f8a31d/datanode-1/data/ratis/23ffc2a4-5526-4092-9dc4-6d4c5fd51127/current/log_inprogress_3580
2019-07-03 07:08:23,006 INFO  storage.RaftLogWorker (RaftLogWorker.java:execute(469)) - 1d8d2908-dfb4-4358-9c6e-64b435d6fccc-RaftLogWorker: created new log segment /opt/src/hadoop-ozone/tools/target/test-dir/MiniOzoneClusterImpl-0519545d-318d-4c21-a2a0-688f18f8a31d/datanode-2/data/ratis/23ffc2a4-5526-4092-9dc4-6d4c5fd51127/current/log_inprogress_3580
2019-07-03 07:08:23,006 INFO  storage.RaftLogWorker (RaftLogWorker.java:execute(469)) - 6571ba41-d309-4d1d-a321-129a77bf1602-RaftLogWorker: created new log segment /opt/src/hadoop-ozone/tools/target/test-dir/MiniOzoneClusterImpl-0519545d-318d-4c21-a2a0-688f18f8a31d/datanode-4/data/ratis/23ffc2a4-5526-4092-9dc4-6d4c5fd51127/current/log_inprogress_3580
2019-07-03 07:08:23,009 INFO  client.GrpcClientProtocolClient (GrpcClientProtocolClient.java:onNext(254)) - client-253D2503C21A->6571ba41-d309-4d1d-a321-129a77bf1602: receive RaftClientReply:client-253D2503C21A->6571ba41-d309-4d1d-a321-129a77bf1602@group-6D4C5FD51127, cid=2365, SUCCESS, logIndex=3580, commits[6571ba41-d309-4d1d-a321-129a77bf1602:c3580, 75e8c5ea-f06a-43e1-af6e-1f7f9b0b2cc1:c3579, 1d8d2908-dfb4-4358-9c6e-64b435d6fccc:c3579]
2019-07-03 07:08:23,011 INFO  client.GrpcClientProtocolClient (GrpcClientProtocolClient.java:onNext(254)) - client-253D2503C21A->6571ba41-d309-4d1d-a321-129a77bf1602: receive RaftClientReply:client-253D2503C21A->6571ba41-d309-4d1d-a321-129a77bf1602@group-6D4C5FD51127, cid=2366, SUCCESS, logIndex=0, commits[6571ba41-d309-4d1d-a321-129a77bf1602:c3581, 75e8c5ea-f06a-43e1-af6e-1f7f9b0b2cc1:c3580, 1d8d2908-dfb4-4358-9c6e-64b435d6fccc:c3580]
2019-07-03 07:08:23,041 INFO  client.GrpcClientProtocolClient (GrpcClientProtocolClient.java:onNext(254)) - client-253D2503C21A->6571ba41-d309-4d1d-a321-129a77bf1602: receive RaftClientReply:client-253D2503C21A->6571ba41-d309-4d1d-a321-129a77bf1602@group-6D4C5FD51127, cid=2367, SUCCESS, logIndex=3582, commits[6571ba41-d309-4d1d-a321-129a77bf1602:c3582, 75e8c5ea-f06a-43e1-af6e-1f7f9b0b2cc1:c3581, 1d8d2908-dfb4-4358-9c6e-64b435d6fccc:c3581]
2019-07-03 07:08:23,045 INFO  client.GrpcClientProtocolClient (GrpcClientProtocolClient.java:onNext(254)) - client-253D2503C21A->6571ba41-d309-4d1d-a321-129a77bf1602: receive RaftClientReply:client-253D2503C21A->6571ba41-d309-4d1d-a321-129a77bf1602@group-6D4C5FD51127, cid=2368, SUCCESS, logIndex=3584, commits[6571ba41-d309-4d1d-a321-129a77bf1602:c3584, 75e8c5ea-f06a-43e1-af6e-1f7f9b0b2cc1:c3582, 1d8d2908-dfb4-4358-9c6e-64b435d6fccc:c3582]
2019-07-03 07:08:23,064 INFO  client.GrpcClientProtocolClient (GrpcClientProtocolClient.java:onNext(254)) - client-253D2503C21A->6571ba41-d309-4d1d-a321-129a77bf1602: receive RaftClientReply:client-253D2503C21A->6571ba41-d309-4d1d-a321-129a77bf1602@group-6D4C5FD51127, cid=2369, SUCCESS, logIndex=3585, commits[6571ba41-d309-4d1d-a321-129a77bf1602:c3586, 75e8c5ea-f06a-43e1-af6e-1f7f9b0b2cc1:c3583, 1d8d2908-dfb4-4358-9c6e-64b435d6fccc:c3583]
2019-07-03 07:08:23,064 INFO  client.GrpcClientProtocolClient (GrpcClientProtocolClient.java:onNext(254)) - client-253D2503C21A->6571ba41-d309-4d1d-a321-129a77bf1602: receive RaftClientReply:client-253D2503C21A->6571ba41-d309-4d1d-a321-129a77bf1602@group-6D4C5FD51127, cid=2370, SUCCESS, logIndex=3586, commits[6571ba41-d309-4d1d-a321-129a77bf1602:c3587, 75e8c5ea-f06a-43e1-af6e-1f7f9b0b2cc1:c3584, 1d8d2908-dfb4-4358-9c6e-64b435d6fccc:c3584]
2019-07-03 07:08:23,087 INFO  client.GrpcClientProtocolClient (GrpcClientProtocolClient.java:onNext(254)) - client-253D2503C21A->6571ba41-d309-4d1d-a321-129a77bf1602: receive RaftClientReply:client-253D2503C21A->6571ba41-d309-4d1d-a321-129a77bf1602@group-6D4C5FD51127, cid=2371, SUCCESS, logIndex=3590, commits[6571ba41-d309-4d1d-a321-129a77bf1602:c3590, 75e8c5ea-f06a-43e1-af6e-1f7f9b0b2cc1:c3589, 1d8d2908-dfb4-4358-9c6e-64b435d6fccc:c3589]
2019-07-03 07:08:23,100 INFO  client.GrpcClientProtocolClient (GrpcClientProtocolClient.java:onNext(254)) - client-253D2503C21A->6571ba41-d309-4d1d-a321-129a77bf1602: receive RaftClientReply:client-253D2503C21A->6571ba41-d309-4d1d-a321-129a77bf1602@group-6D4C5FD51127, cid=2372, SUCCESS, logIndex=3592, commits[6571ba41-d309-4d1d-a321-129a77bf1602:c3592, 75e8c5ea-f06a-43e1-af6e-1f7f9b0b2cc1:c3590, 1d8d2908-dfb4-4358-9c6e-64b435d6fccc:c3590]
2019-07-03 07:08:23,124 INFO  client.GrpcClientProtocolClient (GrpcClientProtocolClient.java:onNext(254)) - client-253D2503C21A->6571ba41-d309-4d1d-a321-129a77bf1602: receive RaftClientReply:client-253D2503C21A->6571ba41-d309-4d1d-a321-129a77bf1602@group-6D4C5FD51127, cid=2373, SUCCESS, logIndex=3594, commits[6571ba41-d309-4d1d-a321-129a77bf1602:c3594, 75e8c5ea-f06a-43e1-af6e-1f7f9b0b2cc1:c3592, 1d8d2908-dfb4-4358-9c6e-64b435d6fccc:c3592]
2019-07-03 07:08:23,127 INFO  client.GrpcClientProtocolClient (GrpcClientProtocolClient.java:onNext(254)) - client-253D2503C21A->6571ba41-d309-4d1d-a321-129a77bf1602: receive RaftClientReply:client-253D2503C21A->6571ba41-d309-4d1d-a321-129a77bf1602@group-6D4C5FD51127, cid=2374, SUCCESS, logIndex=3596, commits[6571ba41-d309-4d1d-a321-129a77bf1602:c3596, 75e8c5ea-f06a-43e1-af6e-1f7f9b0b2cc1:c3594, 1d8d2908-dfb4-4358-9c6e-64b435d6fccc:c3594]
2019-07-03 07:08:23,140 INFO  client.GrpcClientProtocolClient (GrpcClientProtocolClient.java:onNext(254)) - client-253D2503C21A->6571ba41-d309-4d1d-a321-129a77bf1602: receive RaftClientReply:client-253D2503C21A->6571ba41-d309-4d1d-a321-129a77bf1602@group-6D4C5FD51127, cid=2375, SUCCESS, logIndex=0, commits[6571ba41-d309-4d1d-a321-129a77bf1602:c3597, 75e8c5ea-f06a-43e1-af6e-1f7f9b0b2cc1:c3596, 1d8d2908-dfb4-4358-9c6e-64b435d6fccc:c3596]
2019-07-03 07:08:23,171 INFO  client.GrpcClientProtocolClient (GrpcClientProtocolClient.java:onNext(254)) - client-253D2503C21A->6571ba41-d309-4d1d-a321-129a77bf1602: receive RaftClientReply:client-253D2503C21A->6571ba41-d309-4d1d-a321-129a77bf1602@group-6D4C5FD51127, cid=2376, SUCCESS, logIndex=3598, commits[6571ba41-d309-4d1d-a321-129a77bf1602:c3598, 75e8c5ea-f06a-43e1-af6e-1f7f9b0b2cc1:c3597, 1d8d2908-dfb4-4358-9c6e-64b435d6fccc:c3597]
2019-07-03 07:08:23,184 INFO  client.GrpcClientProtocolClient (GrpcClientProtocolClient.java:onNext(254)) - client-253D2503C21A->6571ba41-d309-4d1d-a321-129a77bf1602: receive RaftClientReply:client-253D2503C21A->6571ba41-d309-4d1d-a321-129a77bf1602@group-6D4C5FD51127, cid=2377, SUCCESS, logIndex=3600, commits[6571ba41-d309-4d1d-a321-129a77bf1602:c3601, 75e8c5ea-f06a-43e1-af6e-1f7f9b0b2cc1:c3598, 1d8d2908-dfb4-4358-9c6e-64b435d6fccc:c3598]
2019-07-03 07:08:23,184 INFO  client.GrpcClientProtocolClient (GrpcClientProtocolClient.java:onNext(254)) - client-253D2503C21A->6571ba41-d309-4d1d-a321-129a77bf1602: receive RaftClientReply:client-253D2503C21A->6571ba41-d309-4d1d-a321-129a77bf1602@group-6D4C5FD51127, cid=2378, SUCCESS, logIndex=3601, commits[6571ba41-d309-4d1d-a321-129a77bf1602:c3601, 75e8c5ea-f06a-43e1-af6e-1f7f9b0b2cc1:c3598, 1d8d2908-dfb4-4358-9c6e-64b435d6fccc:c3598]
2019-07-03 07:08:23,185 INFO  client.GrpcClientProtocolClient (GrpcClientProtocolClient.java:onNext(254)) - client-253D2503C21A->6571ba41-d309-4d1d-a321-129a77bf1602: receive RaftClientReply:client-253D2503C21A->6571ba41-d309-4d1d-a321-129a77bf1602@group-6D4C5FD51127, cid=2379, SUCCESS, logIndex=3602, commits[6571ba41-d309-4d1d-a321-129a77bf1602:c3603, 75e8c5ea-f06a-43e1-af6e-1f7f9b0b2cc1:c3598, 1d8d2908-dfb4-4358-9c6e-64b435d6fccc:c3600]
2019-07-03 07:08:23,186 INFO  client.GrpcClientProtocolClient (GrpcClientProtocolClient.java:onNext(254)) - client-253D2503C21A->6571ba41-d309-4d1d-a321-129a77bf1602: receive RaftClientReply:client-253D2503C21A->6571ba41-d309-4d1d-a321-129a77bf1602@group-6D4C5FD51127, cid=2380, SUCCESS, logIndex=0, commits[6571ba41-d309-4d1d-a321-129a77bf1602:c3604, 75e8c5ea-f06a-43e1-af6e-1f7f9b0b2cc1:c3601, 1d8d2908-dfb4-4358-9c6e-64b435d6fccc:c3601]
2019-07-03 07:08:23,330 INFO  client.GrpcClientProtocolClient (GrpcClientProtocolClient.java:onNext(254)) - client-253D2503C21A->6571ba41-d309-4d1d-a321-129a77bf1602: receive RaftClientReply:client-253D2503C21A->6571ba41-d309-4d1d-a321-129a77bf1602@group-6D4C5FD51127, cid=2381, SUCCESS, logIndex=3606, commits[6571ba41-d309-4d1d-a321-129a77bf1602:c3606, 75e8c5ea-f06a-43e1-af6e-1f7f9b0b2cc1:c3605, 1d8d2908-dfb4-4358-9c6e-64b435d6fccc:c3605]
2019-07-03 07:08:23,348 INFO  client.GrpcClientProtocolClient (GrpcClientProtocolClient.java:onNext(254)) - client-253D2503C21A->6571ba41-d309-4d1d-a321-129a77bf1602: receive RaftClientReply:client-253D2503C21A->6571ba41-d309-4d1d-a321-129a77bf1602@group-6D4C5FD51127, cid=2382, SUCCESS, logIndex=3608, commits[6571ba41-d309-4d1d-a321-129a77bf1602:c3608, 75e8c5ea-f06a-43e1-af6e-1f7f9b0b2cc1:c3606, 1d8d2908-dfb4-4358-9c6e-64b435d6fccc:c3606]
2019-07-03 07:08:23,374 INFO  client.GrpcClientProtocolClient (GrpcClientProtocolClient.java:onNext(254)) - client-253D2503C21A->6571ba41-d309-4d1d-a321-129a77bf1602: receive RaftClientReply:client-253D2503C21A->6571ba41-d309-4d1d-a321-129a77bf1602@group-6D4C5FD51127, cid=2383, SUCCESS, logIndex=3610, commits[6571ba41-d309-4d1d-a321-129a77bf1602:c3610, 75e8c5ea-f06a-43e1-af6e-1f7f9b0b2cc1:c3609, 1d8d2908-dfb4-4358-9c6e-64b435d6fccc:c3609]
2019-07-03 07:08:23,388 INFO  client.GrpcClientProtocolClient (GrpcClientProtocolClient.java:onNext(254)) - client-253D2503C21A->6571ba41-d309-4d1d-a321-129a77bf1602: receive RaftClientReply:client-253D2503C21A->6571ba41-d309-4d1d-a321-129a77bf1602@group-6D4C5FD51127, cid=2384, SUCCESS, logIndex=3612, commits[6571ba41-d309-4d1d-a321-129a77bf1602:c3612, 75e8c5ea-f06a-43e1-af6e-1f7f9b0b2cc1:c3610, 1d8d2908-dfb4-4358-9c6e-64b435d6fccc:c3610]
2019-07-03 07:08:23,400 INFO  client.GrpcClientProtocolClient (GrpcClientProtocolClient.java:onNext(254)) - client-253D2503C21A->6571ba41-d309-4d1d-a321-129a77bf1602: receive RaftClientReply:client-253D2503C21A->6571ba41-d309-4d1d-a321-129a77bf1602@group-6D4C5FD51127, cid=2385, SUCCESS, logIndex=0, commits[6571ba41-d309-4d1d-a321-129a77bf1602:c3613, 75e8c5ea-f06a-43e1-af6e-1f7f9b0b2cc1:c3612, 1d8d2908-dfb4-4358-9c6e-64b435d6fccc:c3612]
2019-07-03 07:08:23,433 INFO  client.GrpcClientProtocolClient (GrpcClientProtocolClient.java:onNext(254)) - client-253D2503C21A->6571ba41-d309-4d1d-a321-129a77bf1602: receive RaftClientReply:client-253D2503C21A->6571ba41-d309-4d1d-a321-129a77bf1602@group-6D4C5FD51127, cid=2386, SUCCESS, logIndex=3614, commits[6571ba41-d309-4d1d-a321-129a77bf1602:c3614, 75e8c5ea-f06a-43e1-af6e-1f7f9b0b2cc1:c3613, 1d8d2908-dfb4-4358-9c6e-64b435d6fccc:c3613]
2019-07-03 07:08:23,446 INFO  client.GrpcClientProtocolClient (GrpcClientProtocolClient.java:onNext(254)) - client-253D2503C21A->6571ba41-d309-4d1d-a321-129a77bf1602: receive RaftClientReply:client-253D2503C21A->6571ba41-d309-4d1d-a321-129a77bf1602@group-6D4C5FD51127, cid=2387, SUCCESS, logIndex=3616, commits[6571ba41-d309-4d1d-a321-129a77bf1602:c3616, 75e8c5ea-f06a-43e1-af6e-1f7f9b0b2cc1:c3613, 1d8d2908-dfb4-4358-9c6e-64b435d6fccc:c3614]
2019-07-03 07:08:23,446 INFO  client.GrpcClientProtocolClient (GrpcClientProtocolClient.java:onNext(254)) - client-253D2503C21A->6571ba41-d309-4d1d-a321-129a77bf1602: receive RaftClientReply:client-253D2503C21A->6571ba41-d309-4d1d-a321-129a77bf1602@group-6D4C5FD51127, cid=2388, SUCCESS, logIndex=3617, commits[6571ba41-d309-4d1d-a321-129a77bf1602:c3617, 75e8c5ea-f06a-43e1-af6e-1f7f9b0b2cc1:c3614, 1d8d2908-dfb4-4358-9c6e-64b435d6fccc:c3614]
2019-07-03 07:08:23,458 INFO  client.GrpcClientProtocolClient (GrpcClientProtocolClient.java:onNext(254)) - client-253D2503C21A->6571ba41-d309-4d1d-a321-129a77bf1602: receive RaftClientReply:client-253D2503C21A->6571ba41-d309-4d1d-a321-129a77bf1602@group-6D4C5FD51127, cid=2389, SUCCESS, logIndex=3618, commits[6571ba41-d309-4d1d-a321-129a77bf1602:c3618, 75e8c5ea-f06a-43e1-af6e-1f7f9b0b2cc1:c3614, 1d8d2908-dfb4-4358-9c6e-64b435d6fccc:c3614]
2019-07-03 07:08:23,460 INFO  client.GrpcClientProtocolClient (GrpcClientProtocolClient.java:onNext(254)) - client-253D2503C21A->6571ba41-d309-4d1d-a321-129a77bf1602: receive RaftClientReply:client-253D2503C21A->6571ba41-d309-4d1d-a321-129a77bf1602@group-6D4C5FD51127, cid=2390, SUCCESS, logIndex=0, commits[6571ba41-d309-4d1d-a321-129a77bf1602:c3620, 75e8c5ea-f06a-43e1-af6e-1f7f9b0b2cc1:c3617, 1d8d2908-dfb4-4358-9c6e-64b435d6fccc:c3617]
2019-07-03 07:08:23,482 INFO  client.GrpcClientProtocolClient (GrpcClientProtocolClient.java:onNext(254)) - client-253D2503C21A->6571ba41-d309-4d1d-a321-129a77bf1602: receive RaftClientReply:client-253D2503C21A->6571ba41-d309-4d1d-a321-129a77bf1602@group-6D4C5FD51127, cid=2391, SUCCESS, logIndex=3622, commits[6571ba41-d309-4d1d-a321-129a77bf1602:c3622, 75e8c5ea-f06a-43e1-af6e-1f7f9b0b2cc1:c3621, 1d8d2908-dfb4-4358-9c6e-64b435d6fccc:c3621]
2019-07-03 07:08:23,495 INFO  client.GrpcClientProtocolClient (GrpcClientProtocolClient.java:onNext(254)) - client-253D2503C21A->6571ba41-d309-4d1d-a321-129a77bf1602: receive RaftClientReply:client-253D2503C21A->6571ba41-d309-4d1d-a321-129a77bf1602@group-6D4C5FD51127, cid=2392, SUCCESS, logIndex=3624, commits[6571ba41-d309-4d1d-a321-129a77bf1602:c3624, 75e8c5ea-f06a-43e1-af6e-1f7f9b0b2cc1:c3622, 1d8d2908-dfb4-4358-9c6e-64b435d6fccc:c3622]
2019-07-03 07:08:23,522 INFO  client.GrpcClientProtocolClient (GrpcClientProtocolClient.java:onNext(254)) - client-253D2503C21A->6571ba41-d309-4d1d-a321-129a77bf1602: receive RaftClientReply:client-253D2503C21A->6571ba41-d309-4d1d-a321-129a77bf1602@group-6D4C5FD51127, cid=2393, SUCCESS, logIndex=3626, commits[6571ba41-d309-4d1d-a321-129a77bf1602:c3626, 75e8c5ea-f06a-43e1-af6e-1f7f9b0b2cc1:c3624, 1d8d2908-dfb4-4358-9c6e-64b435d6fccc:c3624]
2019-07-03 07:08:23,525 INFO  client.GrpcClientProtocolClient (GrpcClientProtocolClient.java:onNext(254)) - client-253D2503C21A->6571ba41-d309-4d1d-a321-129a77bf1602: receive RaftClientReply:client-253D2503C21A->6571ba41-d309-4d1d-a321-129a77bf1602@group-6D4C5FD51127, cid=2394, SUCCESS, logIndex=3628, commits[6571ba41-d309-4d1d-a321-129a77bf1602:c3628, 75e8c5ea-f06a-43e1-af6e-1f7f9b0b2cc1:c3626, 1d8d2908-dfb4-4358-9c6e-64b435d6fccc:c3626]
2019-07-03 07:08:23,527 INFO  client.GrpcClientProtocolClient (GrpcClientProtocolClient.java:onNext(254)) - client-253D2503C21A->6571ba41-d309-4d1d-a321-129a77bf1602: receive RaftClientReply:client-253D2503C21A->6571ba41-d309-4d1d-a321-129a77bf1602@group-6D4C5FD51127, cid=2395, SUCCESS, logIndex=0, commits[6571ba41-d309-4d1d-a321-129a77bf1602:c3629, 75e8c5ea-f06a-43e1-af6e-1f7f9b0b2cc1:c3628, 1d8d2908-dfb4-4358-9c6e-64b435d6fccc:c3628]
2019-07-03 07:08:23,558 INFO  client.GrpcClientProtocolClient (GrpcClientProtocolClient.java:onNext(254)) - client-253D2503C21A->6571ba41-d309-4d1d-a321-129a77bf1602: receive RaftClientReply:client-253D2503C21A->6571ba41-d309-4d1d-a321-129a77bf1602@group-6D4C5FD51127, cid=2396, SUCCESS, logIndex=3630, commits[6571ba41-d309-4d1d-a321-129a77bf1602:c3630, 75e8c5ea-f06a-43e1-af6e-1f7f9b0b2cc1:c3629, 1d8d2908-dfb4-4358-9c6e-64b435d6fccc:c3629]
2019-07-03 07:08:23,570 INFO  client.GrpcClientProtocolClient (GrpcClientProtocolClient.java:onNext(254)) - client-253D2503C21A->6571ba41-d309-4d1d-a321-129a77bf1602: receive RaftClientReply:client-253D2503C21A->6571ba41-d309-4d1d-a321-129a77bf1602@group-6D4C5FD51127, cid=2397, SUCCESS, logIndex=3632, commits[6571ba41-d309-4d1d-a321-129a77bf1602:c3633, 75e8c5ea-f06a-43e1-af6e-1f7f9b0b2cc1:c3630, 1d8d2908-dfb4-4358-9c6e-64b435d6fccc:c3630]
2019-07-03 07:08:23,571 INFO  client.GrpcClientProtocolClient (GrpcClientProtocolClient.java:onNext(254)) - client-253D2503C21A->6571ba41-d309-4d1d-a321-129a77bf1602: receive RaftClientReply:client-253D2503C21A->6571ba41-d309-4d1d-a321-129a77bf1602@group-6D4C5FD51127, cid=2398, SUCCESS, logIndex=3633, commits[6571ba41-d309-4d1d-a321-129a77bf1602:c3633, 75e8c5ea-f06a-43e1-af6e-1f7f9b0b2cc1:c3630, 1d8d2908-dfb4-4358-9c6e-64b435d6fccc:c3630]
2019-07-03 07:08:23,572 INFO  client.GrpcClientProtocolClient (GrpcClientProtocolClient.java:onNext(254)) - client-253D2503C21A->6571ba41-d309-4d1d-a321-129a77bf1602: receive RaftClientReply:client-253D2503C21A->6571ba41-d309-4d1d-a321-129a77bf1602@group-6D4C5FD51127, cid=2399, SUCCESS, logIndex=3634, commits[6571ba41-d309-4d1d-a321-129a77bf1602:c3634, 75e8c5ea-f06a-43e1-af6e-1f7f9b0b2cc1:c3630, 1d8d2908-dfb4-4358-9c6e-64b435d6fccc:c3630]
2019-07-03 07:08:23,573 INFO  client.GrpcClientProtocolClient (GrpcClientProtocolClient.java:onNext(254)) - client-253D2503C21A->6571ba41-d309-4d1d-a321-129a77bf1602: receive RaftClientReply:client-253D2503C21A->6571ba41-d309-4d1d-a321-129a77bf1602@group-6D4C5FD51127, cid=2400, SUCCESS, logIndex=0, commits[6571ba41-d309-4d1d-a321-129a77bf1602:c3636, 75e8c5ea-f06a-43e1-af6e-1f7f9b0b2cc1:c3634, 1d8d2908-dfb4-4358-9c6e-64b435d6fccc:c3633]
2019-07-03 07:08:23,595 INFO  client.GrpcClientProtocolClient (GrpcClientProtocolClient.java:onNext(254)) - client-253D2503C21A->6571ba41-d309-4d1d-a321-129a77bf1602: receive RaftClientReply:client-253D2503C21A->6571ba41-d309-4d1d-a321-129a77bf1602@group-6D4C5FD51127, cid=2401, SUCCESS, logIndex=3638, commits[6571ba41-d309-4d1d-a321-129a77bf1602:c3638, 75e8c5ea-f06a-43e1-af6e-1f7f9b0b2cc1:c3637, 1d8d2908-dfb4-4358-9c6e-64b435d6fccc:c3637]
2019-07-03 07:08:23,608 INFO  client.GrpcClientProtocolClient (GrpcClientProtocolClient.java:onNext(254)) - client-253D2503C21A->6571ba41-d309-4d1d-a321-129a77bf1602: receive RaftClientReply:client-253D2503C21A->6571ba41-d309-4d1d-a321-129a77bf1602@group-6D4C5FD51127, cid=2402, SUCCESS, logIndex=3640, commits[6571ba41-d309-4d1d-a321-129a77bf1602:c3640, 75e8c5ea-f06a-43e1-af6e-1f7f9b0b2cc1:c3638, 1d8d2908-dfb4-4358-9c6e-64b435d6fccc:c3638]
2019-07-03 07:08:23,628 INFO  client.GrpcClientProtocolClient (GrpcClientProtocolClient.java:onNext(254)) - client-253D2503C21A->6571ba41-d309-4d1d-a321-129a77bf1602: receive RaftClientReply:client-253D2503C21A->6571ba41-d309-4d1d-a321-129a77bf1602@group-6D4C5FD51127, cid=2403, SUCCESS, logIndex=3642, commits[6571ba41-d309-4d1d-a321-129a77bf1602:c3642, 75e8c5ea-f06a-43e1-af6e-1f7f9b0b2cc1:c3641, 1d8d2908-dfb4-4358-9c6e-64b435d6fccc:c3641]
2019-07-03 07:08:23,641 INFO  client.GrpcClientProtocolClient (GrpcClientProtocolClient.java:onNext(254)) - client-253D2503C21A->6571ba41-d309-4d1d-a321-129a77bf1602: receive RaftClientReply:client-253D2503C21A->6571ba41-d309-4d1d-a321-129a77bf1602@group-6D4C5FD51127, cid=2404, SUCCESS, logIndex=3644, commits[6571ba41-d309-4d1d-a321-129a77bf1602:c3644, 75e8c5ea-f06a-43e1-af6e-1f7f9b0b2cc1:c3642, 1d8d2908-dfb4-4358-9c6e-64b435d6fccc:c3642]
2019-07-03 07:08:23,653 INFO  client.GrpcClientProtocolClient (GrpcClientProtocolClient.java:onNext(254)) - client-253D2503C21A->6571ba41-d309-4d1d-a321-129a77bf1602: receive RaftClientReply:client-253D2503C21A->6571ba41-d309-4d1d-a321-129a77bf1602@group-6D4C5FD51127, cid=2405, SUCCESS, logIndex=0, commits[6571ba41-d309-4d1d-a321-129a77bf1602:c3645, 75e8c5ea-f06a-43e1-af6e-1f7f9b0b2cc1:c3644, 1d8d2908-dfb4-4358-9c6e-64b435d6fccc:c3644]
2019-07-03 07:08:23,686 INFO  client.GrpcClientProtocolClient (GrpcClientProtocolClient.java:onNext(254)) - client-253D2503C21A->6571ba41-d309-4d1d-a321-129a77bf1602: receive RaftClientReply:client-253D2503C21A->6571ba41-d309-4d1d-a321-129a77bf1602@group-6D4C5FD51127, cid=2406, SUCCESS, logIndex=3646, commits[6571ba41-d309-4d1d-a321-129a77bf1602:c3646, 75e8c5ea-f06a-43e1-af6e-1f7f9b0b2cc1:c3645, 1d8d2908-dfb4-4358-9c6e-64b435d6fccc:c3645]
2019-07-03 07:08:23,697 INFO  client.GrpcClientProtocolClient (GrpcClientProtocolClient.java:onNext(254)) - client-253D2503C21A->6571ba41-d309-4d1d-a321-129a77bf1602: receive RaftClientReply:client-253D2503C21A->6571ba41-d309-4d1d-a321-129a77bf1602@group-6D4C5FD51127, cid=2407, SUCCESS, logIndex=3648, commits[6571ba41-d309-4d1d-a321-129a77bf1602:c3648, 75e8c5ea-f06a-43e1-af6e-1f7f9b0b2cc1:c3646, 1d8d2908-dfb4-4358-9c6e-64b435d6fccc:c3646]
2019-07-03 07:08:23,698 INFO  client.GrpcClientProtocolClient (GrpcClientProtocolClient.java:onNext(254)) - client-253D2503C21A->6571ba41-d309-4d1d-a321-129a77bf1602: receive RaftClientReply:client-253D2503C21A->6571ba41-d309-4d1d-a321-129a77bf1602@group-6D4C5FD51127, cid=2408, SUCCESS, logIndex=3649, commits[6571ba41-d309-4d1d-a321-129a77bf1602:c3649, 75e8c5ea-f06a-43e1-af6e-1f7f9b0b2cc1:c3646, 1d8d2908-dfb4-4358-9c6e-64b435d6fccc:c3646]
2019-07-03 07:08:23,699 INFO  client.GrpcClientProtocolClient (GrpcClientProtocolClient.java:onNext(254)) - client-253D2503C21A->6571ba41-d309-4d1d-a321-129a77bf1602: receive RaftClientReply:client-253D2503C21A->6571ba41-d309-4d1d-a321-129a77bf1602@group-6D4C5FD51127, cid=2409, SUCCESS, logIndex=3650, commits[6571ba41-d309-4d1d-a321-129a77bf1602:c3650, 75e8c5ea-f06a-43e1-af6e-1f7f9b0b2cc1:c3646, 1d8d2908-dfb4-4358-9c6e-64b435d6fccc:c3646]
2019-07-03 07:08:23,701 INFO  client.GrpcClientProtocolClient (GrpcClientProtocolClient.java:onNext(254)) - client-253D2503C21A->6571ba41-d309-4d1d-a321-129a77bf1602: receive RaftClientReply:client-253D2503C21A->6571ba41-d309-4d1d-a321-129a77bf1602@group-6D4C5FD51127, cid=2410, SUCCESS, logIndex=0, commits[6571ba41-d309-4d1d-a321-129a77bf1602:c3652, 75e8c5ea-f06a-43e1-af6e-1f7f9b0b2cc1:c3648, 1d8d2908-dfb4-4358-9c6e-64b435d6fccc:c3649]
2019-07-03 07:08:23,722 INFO  client.GrpcClientProtocolClient (GrpcClientProtocolClient.java:onNext(254)) - client-253D2503C21A->6571ba41-d309-4d1d-a321-129a77bf1602: receive RaftClientReply:client-253D2503C21A->6571ba41-d309-4d1d-a321-129a77bf1602@group-6D4C5FD51127, cid=2411, SUCCESS, logIndex=3654, commits[6571ba41-d309-4d1d-a321-129a77bf1602:c3654, 75e8c5ea-f06a-43e1-af6e-1f7f9b0b2cc1:c3653, 1d8d2908-dfb4-4358-9c6e-64b435d6fccc:c3653]
2019-07-03 07:08:23,735 INFO  client.GrpcClientProtocolClient (GrpcClientProtocolClient.java:onNext(254)) - client-253D2503C21A->6571ba41-d309-4d1d-a321-129a77bf1602: receive RaftClientReply:client-253D2503C21A->6571ba41-d309-4d1d-a321-129a77bf1602@group-6D4C5FD51127, cid=2412, SUCCESS, logIndex=3656, commits[6571ba41-d309-4d1d-a321-129a77bf1602:c3656, 75e8c5ea-f06a-43e1-af6e-1f7f9b0b2cc1:c3654, 1d8d2908-dfb4-4358-9c6e-64b435d6fccc:c3654]
 0.00% |█                                                                                                    |  0/1 Time: 0:00:312019-07-03 07:08:23,748 INFO  client.GrpcClientProtocolClient (GrpcClientProtocolClient.java:onNext(254)) - client-253D2503C21A->6571ba41-d309-4d1d-a321-129a77bf1602: receive RaftClientReply:client-253D2503C21A->6571ba41-d309-4d1d-a321-129a77bf1602@group-6D4C5FD51127, cid=2413, SUCCESS, logIndex=3658, commits[6571ba41-d309-4d1d-a321-129a77bf1602:c3658, 75e8c5ea-f06a-43e1-af6e-1f7f9b0b2cc1:c3656, 1d8d2908-dfb4-4358-9c6e-64b435d6fccc:c3656]
2019-07-03 07:08:23,748 INFO  storage.RaftLogWorker (RaftLogWorker.java:rollLogSegment(303)) - 6571ba41-d309-4d1d-a321-129a77bf1602-RaftLogWorker: Rolling segment log-3580_3659 to index:3659
2019-07-03 07:08:23,749 INFO  storage.RaftLogWorker (RaftLogWorker.java:rollLogSegment(303)) - 1d8d2908-dfb4-4358-9c6e-64b435d6fccc-RaftLogWorker: Rolling segment log-3580_3659 to index:3659
2019-07-03 07:08:23,749 INFO  storage.RaftLogWorker (RaftLogWorker.java:execute(433)) - 6571ba41-d309-4d1d-a321-129a77bf1602-RaftLogWorker: Rolled log segment from /opt/src/hadoop-ozone/tools/target/test-dir/MiniOzoneClusterImpl-0519545d-318d-4c21-a2a0-688f18f8a31d/datanode-4/data/ratis/23ffc2a4-5526-4092-9dc4-6d4c5fd51127/current/log_inprogress_3580 to /opt/src/hadoop-ozone/tools/target/test-dir/MiniOzoneClusterImpl-0519545d-318d-4c21-a2a0-688f18f8a31d/datanode-4/data/ratis/23ffc2a4-5526-4092-9dc4-6d4c5fd51127/current/log_3580-3659
2019-07-03 07:08:23,749 INFO  storage.RaftLogWorker (RaftLogWorker.java:rollLogSegment(303)) - 75e8c5ea-f06a-43e1-af6e-1f7f9b0b2cc1-RaftLogWorker: Rolling segment log-3580_3659 to index:3659
2019-07-03 07:08:23,749 INFO  storage.RaftLogWorker (RaftLogWorker.java:execute(433)) - 1d8d2908-dfb4-4358-9c6e-64b435d6fccc-RaftLogWorker: Rolled log segment from /opt/src/hadoop-ozone/tools/target/test-dir/MiniOzoneClusterImpl-0519545d-318d-4c21-a2a0-688f18f8a31d/datanode-2/data/ratis/23ffc2a4-5526-4092-9dc4-6d4c5fd51127/current/log_inprogress_3580 to /opt/src/hadoop-ozone/tools/target/test-dir/MiniOzoneClusterImpl-0519545d-318d-4c21-a2a0-688f18f8a31d/datanode-2/data/ratis/23ffc2a4-5526-4092-9dc4-6d4c5fd51127/current/log_3580-3659
2019-07-03 07:08:23,749 INFO  storage.RaftLogWorker (RaftLogWorker.java:execute(433)) - 75e8c5ea-f06a-43e1-af6e-1f7f9b0b2cc1-RaftLogWorker: Rolled log segment from /opt/src/hadoop-ozone/tools/target/test-dir/MiniOzoneClusterImpl-0519545d-318d-4c21-a2a0-688f18f8a31d/datanode-1/data/ratis/23ffc2a4-5526-4092-9dc4-6d4c5fd51127/current/log_inprogress_3580 to /opt/src/hadoop-ozone/tools/target/test-dir/MiniOzoneClusterImpl-0519545d-318d-4c21-a2a0-688f18f8a31d/datanode-1/data/ratis/23ffc2a4-5526-4092-9dc4-6d4c5fd51127/current/log_3580-3659
2019-07-03 07:08:23,803 INFO  storage.RaftLogWorker (RaftLogWorker.java:execute(469)) - 75e8c5ea-f06a-43e1-af6e-1f7f9b0b2cc1-RaftLogWorker: created new log segment /opt/src/hadoop-ozone/tools/target/test-dir/MiniOzoneClusterImpl-0519545d-318d-4c21-a2a0-688f18f8a31d/datanode-1/data/ratis/23ffc2a4-5526-4092-9dc4-6d4c5fd51127/current/log_inprogress_3660
2019-07-03 07:08:23,803 INFO  storage.RaftLogWorker (RaftLogWorker.java:execute(469)) - 1d8d2908-dfb4-4358-9c6e-64b435d6fccc-RaftLogWorker: created new log segment /opt/src/hadoop-ozone/tools/target/test-dir/MiniOzoneClusterImpl-0519545d-318d-4c21-a2a0-688f18f8a31d/datanode-2/data/ratis/23ffc2a4-5526-4092-9dc4-6d4c5fd51127/current/log_inprogress_3660
2019-07-03 07:08:23,803 INFO  storage.RaftLogWorker (RaftLogWorker.java:execute(469)) - 6571ba41-d309-4d1d-a321-129a77bf1602-RaftLogWorker: created new log segment /opt/src/hadoop-ozone/tools/target/test-dir/MiniOzoneClusterImpl-0519545d-318d-4c21-a2a0-688f18f8a31d/datanode-4/data/ratis/23ffc2a4-5526-4092-9dc4-6d4c5fd51127/current/log_inprogress_3660
2019-07-03 07:08:23,806 INFO  client.GrpcClientProtocolClient (GrpcClientProtocolClient.java:onNext(254)) - client-253D2503C21A->6571ba41-d309-4d1d-a321-129a77bf1602: receive RaftClientReply:client-253D2503C21A->6571ba41-d309-4d1d-a321-129a77bf1602@group-6D4C5FD51127, cid=2414, SUCCESS, logIndex=3660, commits[6571ba41-d309-4d1d-a321-129a77bf1602:c3660, 75e8c5ea-f06a-43e1-af6e-1f7f9b0b2cc1:c3658, 1d8d2908-dfb4-4358-9c6e-64b435d6fccc:c3658]
2019-07-03 07:08:23,808 INFO  client.GrpcClientProtocolClient (GrpcClientProtocolClient.java:onNext(254)) - client-253D2503C21A->6571ba41-d309-4d1d-a321-129a77bf1602: receive RaftClientReply:client-253D2503C21A->6571ba41-d309-4d1d-a321-129a77bf1602@group-6D4C5FD51127, cid=2415, SUCCESS, logIndex=0, commits[6571ba41-d309-4d1d-a321-129a77bf1602:c3661, 75e8c5ea-f06a-43e1-af6e-1f7f9b0b2cc1:c3660, 1d8d2908-dfb4-4358-9c6e-64b435d6fccc:c3660]
2019-07-03 07:08:23,839 INFO  client.GrpcClientProtocolClient (GrpcClientProtocolClient.java:onNext(254)) - client-253D2503C21A->6571ba41-d309-4d1d-a321-129a77bf1602: receive RaftClientReply:client-253D2503C21A->6571ba41-d309-4d1d-a321-129a77bf1602@group-6D4C5FD51127, cid=2416, SUCCESS, logIndex=3662, commits[6571ba41-d309-4d1d-a321-129a77bf1602:c3662, 75e8c5ea-f06a-43e1-af6e-1f7f9b0b2cc1:c3661, 1d8d2908-dfb4-4358-9c6e-64b435d6fccc:c3661]
2019-07-03 07:08:23,858 INFO  client.GrpcClientProtocolClient (GrpcClientProtocolClient.java:onNext(254)) - client-253D2503C21A->6571ba41-d309-4d1d-a321-129a77bf1602: receive RaftClientReply:client-253D2503C21A->6571ba41-d309-4d1d-a321-129a77bf1602@group-6D4C5FD51127, cid=2417, SUCCESS, logIndex=3664, commits[6571ba41-d309-4d1d-a321-129a77bf1602:c3664, 75e8c5ea-f06a-43e1-af6e-1f7f9b0b2cc1:c3662, 1d8d2908-dfb4-4358-9c6e-64b435d6fccc:c3662]
2019-07-03 07:08:23,858 INFO  client.GrpcClientProtocolClient (GrpcClientProtocolClient.java:onNext(254)) - client-253D2503C21A->6571ba41-d309-4d1d-a321-129a77bf1602: receive RaftClientReply:client-253D2503C21A->6571ba41-d309-4d1d-a321-129a77bf1602@group-6D4C5FD51127, cid=2418, SUCCESS, logIndex=3665, commits[6571ba41-d309-4d1d-a321-129a77bf1602:c3665, 75e8c5ea-f06a-43e1-af6e-1f7f9b0b2cc1:c3662, 1d8d2908-dfb4-4358-9c6e-64b435d6fccc:c3662]
2019-07-03 07:08:23,869 INFO  client.GrpcClientProtocolClient (GrpcClientProtocolClient.java:onNext(254)) - client-253D2503C21A->6571ba41-d309-4d1d-a321-129a77bf1602: receive RaftClientReply:client-253D2503C21A->6571ba41-d309-4d1d-a321-129a77bf1602@group-6D4C5FD51127, cid=2419, SUCCESS, logIndex=3666, commits[6571ba41-d309-4d1d-a321-129a77bf1602:c3667, 75e8c5ea-f06a-43e1-af6e-1f7f9b0b2cc1:c3664, 1d8d2908-dfb4-4358-9c6e-64b435d6fccc:c3662]
2019-07-03 07:08:23,870 INFO  client.GrpcClientProtocolClient (GrpcClientProtocolClient.java:onNext(254)) - client-253D2503C21A->6571ba41-d309-4d1d-a321-129a77bf1602: receive RaftClientReply:client-253D2503C21A->6571ba41-d309-4d1d-a321-129a77bf1602@group-6D4C5FD51127, cid=2420, SUCCESS, logIndex=0, commits[6571ba41-d309-4d1d-a321-129a77bf1602:c3668, 75e8c5ea-f06a-43e1-af6e-1f7f9b0b2cc1:c3665, 1d8d2908-dfb4-4358-9c6e-64b435d6fccc:c3664]
2019-07-03 07:08:23,885 INFO  client.GrpcClientProtocolClient (GrpcClientProtocolClient.java:onNext(254)) - client-253D2503C21A->6571ba41-d309-4d1d-a321-129a77bf1602: receive RaftClientReply:client-253D2503C21A->6571ba41-d309-4d1d-a321-129a77bf1602@group-6D4C5FD51127, cid=2421, SUCCESS, logIndex=3670, commits[6571ba41-d309-4d1d-a321-129a77bf1602:c3670, 75e8c5ea-f06a-43e1-af6e-1f7f9b0b2cc1:c3669, 1d8d2908-dfb4-4358-9c6e-64b435d6fccc:c3669]
2019-07-03 07:08:23,899 INFO  client.GrpcClientProtocolClient (GrpcClientProtocolClient.java:onNext(254)) - client-253D2503C21A->6571ba41-d309-4d1d-a321-129a77bf1602: receive RaftClientReply:client-253D2503C21A->6571ba41-d309-4d1d-a321-129a77bf1602@group-6D4C5FD51127, cid=2422, SUCCESS, logIndex=3672, commits[6571ba41-d309-4d1d-a321-129a77bf1602:c3672, 75e8c5ea-f06a-43e1-af6e-1f7f9b0b2cc1:c3670, 1d8d2908-dfb4-4358-9c6e-64b435d6fccc:c3670]
2019-07-03 07:08:23,923 INFO  client.GrpcClientProtocolClient (GrpcClientProtocolClient.java:onNext(254)) - client-253D2503C21A->6571ba41-d309-4d1d-a321-129a77bf1602: receive RaftClientReply:client-253D2503C21A->6571ba41-d309-4d1d-a321-129a77bf1602@group-6D4C5FD51127, cid=2423, SUCCESS, logIndex=3674, commits[6571ba41-d309-4d1d-a321-129a77bf1602:c3674, 75e8c5ea-f06a-43e1-af6e-1f7f9b0b2cc1:c3672, 1d8d2908-dfb4-4358-9c6e-64b435d6fccc:c3672]
2019-07-03 07:08:23,936 INFO  client.GrpcClientProtocolClient (GrpcClientProtocolClient.java:onNext(254)) - client-253D2503C21A->6571ba41-d309-4d1d-a321-129a77bf1602: receive RaftClientReply:client-253D2503C21A->6571ba41-d309-4d1d-a321-129a77bf1602@group-6D4C5FD51127, cid=2424, SUCCESS, logIndex=3676, commits[6571ba41-d309-4d1d-a321-129a77bf1602:c3676, 75e8c5ea-f06a-43e1-af6e-1f7f9b0b2cc1:c3674, 1d8d2908-dfb4-4358-9c6e-64b435d6fccc:c3674]
2019-07-03 07:08:23,948 INFO  client.GrpcClientProtocolClient (GrpcClientProtocolClient.java:onNext(254)) - client-253D2503C21A->6571ba41-d309-4d1d-a321-129a77bf1602: receive RaftClientReply:client-253D2503C21A->6571ba41-d309-4d1d-a321-129a77bf1602@group-6D4C5FD51127, cid=2425, SUCCESS, logIndex=0, commits[6571ba41-d309-4d1d-a321-129a77bf1602:c3677, 75e8c5ea-f06a-43e1-af6e-1f7f9b0b2cc1:c3676, 1d8d2908-dfb4-4358-9c6e-64b435d6fccc:c3676]
2019-07-03 07:08:23,979 INFO  client.GrpcClientProtocolClient (GrpcClientProtocolClient.java:onNext(254)) - client-253D2503C21A->6571ba41-d309-4d1d-a321-129a77bf1602: receive RaftClientReply:client-253D2503C21A->6571ba41-d309-4d1d-a321-129a77bf1602@group-6D4C5FD51127, cid=2426, SUCCESS, logIndex=3678, commits[6571ba41-d309-4d1d-a321-129a77bf1602:c3678, 75e8c5ea-f06a-43e1-af6e-1f7f9b0b2cc1:c3677, 1d8d2908-dfb4-4358-9c6e-64b435d6fccc:c3677]
2019-07-03 07:08:23,992 INFO  client.GrpcClientProtocolClient (GrpcClientProtocolClient.java:onNext(254)) - client-253D2503C21A->6571ba41-d309-4d1d-a321-129a77bf1602: receive RaftClientReply:client-253D2503C21A->6571ba41-d309-4d1d-a321-129a77bf1602@group-6D4C5FD51127, cid=2427, SUCCESS, logIndex=3680, commits[6571ba41-d309-4d1d-a321-129a77bf1602:c3680, 75e8c5ea-f06a-43e1-af6e-1f7f9b0b2cc1:c3678, 1d8d2908-dfb4-4358-9c6e-64b435d6fccc:c3678]
2019-07-03 07:08:23,993 INFO  client.GrpcClientProtocolClient (GrpcClientProtocolClient.java:onNext(254)) - client-253D2503C21A->6571ba41-d309-4d1d-a321-129a77bf1602: receive RaftClientReply:client-253D2503C21A->6571ba41-d309-4d1d-a321-129a77bf1602@group-6D4C5FD51127, cid=2428, SUCCESS, logIndex=3681, commits[6571ba41-d309-4d1d-a321-129a77bf1602:c3681, 75e8c5ea-f06a-43e1-af6e-1f7f9b0b2cc1:c3678, 1d8d2908-dfb4-4358-9c6e-64b435d6fccc:c3678]
2019-07-03 07:08:23,993 INFO  client.GrpcClientProtocolClient (GrpcClientProtocolClient.java:onNext(254)) - client-253D2503C21A->6571ba41-d309-4d1d-a321-129a77bf1602: receive RaftClientReply:client-253D2503C21A->6571ba41-d309-4d1d-a321-129a77bf1602@group-6D4C5FD51127, cid=2429, SUCCESS, logIndex=3682, commits[6571ba41-d309-4d1d-a321-129a77bf1602:c3682, 75e8c5ea-f06a-43e1-af6e-1f7f9b0b2cc1:c3678, 1d8d2908-dfb4-4358-9c6e-64b435d6fccc:c3678]
2019-07-03 07:08:23,994 INFO  client.GrpcClientProtocolClient (GrpcClientProtocolClient.java:onNext(254)) - client-253D2503C21A->6571ba41-d309-4d1d-a321-129a77bf1602: receive RaftClientReply:client-253D2503C21A->6571ba41-d309-4d1d-a321-129a77bf1602@group-6D4C5FD51127, cid=2430, SUCCESS, logIndex=0, commits[6571ba41-d309-4d1d-a321-129a77bf1602:c3682, 75e8c5ea-f06a-43e1-af6e-1f7f9b0b2cc1:c3681, 1d8d2908-dfb4-4358-9c6e-64b435d6fccc:c3680]
2019-07-03 07:08:24,009 INFO  client.GrpcClientProtocolClient (GrpcClientProtocolClient.java:onNext(254)) - client-253D2503C21A->6571ba41-d309-4d1d-a321-129a77bf1602: receive RaftClientReply:client-253D2503C21A->6571ba41-d309-4d1d-a321-129a77bf1602@group-6D4C5FD51127, cid=2431, SUCCESS, logIndex=3686, commits[6571ba41-d309-4d1d-a321-129a77bf1602:c3686, 75e8c5ea-f06a-43e1-af6e-1f7f9b0b2cc1:c3682, 1d8d2908-dfb4-4358-9c6e-64b435d6fccc:c3682]
2019-07-03 07:08:24,012 INFO  client.GrpcClientProtocolClient (GrpcClientProtocolClient.java:onNext(254)) - client-253D2503C21A->6571ba41-d309-4d1d-a321-129a77bf1602: receive RaftClientReply:client-253D2503C21A->6571ba41-d309-4d1d-a321-129a77bf1602@group-6D4C5FD51127, cid=2432, SUCCESS, logIndex=3688, commits[6571ba41-d309-4d1d-a321-129a77bf1602:c3688, 75e8c5ea-f06a-43e1-af6e-1f7f9b0b2cc1:c3686, 1d8d2908-dfb4-4358-9c6e-64b435d6fccc:c3686]
2019-07-03 07:08:24,025 INFO  client.GrpcClientProtocolClient (GrpcClientProtocolClient.java:onNext(254)) - client-253D2503C21A->6571ba41-d309-4d1d-a321-129a77bf1602: receive RaftClientReply:client-253D2503C21A->6571ba41-d309-4d1d-a321-129a77bf1602@group-6D4C5FD51127, cid=2433, SUCCESS, logIndex=3690, commits[6571ba41-d309-4d1d-a321-129a77bf1602:c3690, 75e8c5ea-f06a-43e1-af6e-1f7f9b0b2cc1:c3688, 1d8d2908-dfb4-4358-9c6e-64b435d6fccc:c3688]
2019-07-03 07:08:24,039 INFO  client.GrpcClientProtocolClient (GrpcClientProtocolClient.java:onNext(254)) - client-253D2503C21A->6571ba41-d309-4d1d-a321-129a77bf1602: receive RaftClientReply:client-253D2503C21A->6571ba41-d309-4d1d-a321-129a77bf1602@group-6D4C5FD51127, cid=2434, SUCCESS, logIndex=3692, commits[6571ba41-d309-4d1d-a321-129a77bf1602:c3692, 75e8c5ea-f06a-43e1-af6e-1f7f9b0b2cc1:c3690, 1d8d2908-dfb4-4358-9c6e-64b435d6fccc:c3690]
2019-07-03 07:08:24,050 INFO  client.GrpcClientProtocolClient (GrpcClientProtocolClient.java:onNext(254)) - client-253D2503C21A->6571ba41-d309-4d1d-a321-129a77bf1602: receive RaftClientReply:client-253D2503C21A->6571ba41-d309-4d1d-a321-129a77bf1602@group-6D4C5FD51127, cid=2435, SUCCESS, logIndex=0, commits[6571ba41-d309-4d1d-a321-129a77bf1602:c3693, 75e8c5ea-f06a-43e1-af6e-1f7f9b0b2cc1:c3692, 1d8d2908-dfb4-4358-9c6e-64b435d6fccc:c3692]
2019-07-03 07:08:24,074 INFO  client.GrpcClientProtocolClient (GrpcClientProtocolClient.java:onNext(254)) - client-253D2503C21A->6571ba41-d309-4d1d-a321-129a77bf1602: receive RaftClientReply:client-253D2503C21A->6571ba41-d309-4d1d-a321-129a77bf1602@group-6D4C5FD51127, cid=2436, SUCCESS, logIndex=3694, commits[6571ba41-d309-4d1d-a321-129a77bf1602:c3694, 75e8c5ea-f06a-43e1-af6e-1f7f9b0b2cc1:c3692, 1d8d2908-dfb4-4358-9c6e-64b435d6fccc:c3693]
2019-07-03 07:08:24,077 INFO  client.GrpcClientProtocolClient (GrpcClientProtocolClient.java:onNext(254)) - client-253D2503C21A->6571ba41-d309-4d1d-a321-129a77bf1602: receive RaftClientReply:client-253D2503C21A->6571ba41-d309-4d1d-a321-129a77bf1602@group-6D4C5FD51127, cid=2437, SUCCESS, logIndex=3696, commits[6571ba41-d309-4d1d-a321-129a77bf1602:c3696, 75e8c5ea-f06a-43e1-af6e-1f7f9b0b2cc1:c3694, 1d8d2908-dfb4-4358-9c6e-64b435d6fccc:c3694]
2019-07-03 07:08:24,100 INFO  client.GrpcClientProtocolClient (GrpcClientProtocolClient.java:onNext(254)) - client-253D2503C21A->6571ba41-d309-4d1d-a321-129a77bf1602: receive RaftClientReply:client-253D2503C21A->6571ba41-d309-4d1d-a321-129a77bf1602@group-6D4C5FD51127, cid=2438, SUCCESS, logIndex=3697, commits[6571ba41-d309-4d1d-a321-129a77bf1602:c3698, 75e8c5ea-f06a-43e1-af6e-1f7f9b0b2cc1:c3695, 1d8d2908-dfb4-4358-9c6e-64b435d6fccc:c3695]
2019-07-03 07:08:24,101 INFO  client.GrpcClientProtocolClient (GrpcClientProtocolClient.java:onNext(254)) - client-253D2503C21A->6571ba41-d309-4d1d-a321-129a77bf1602: receive RaftClientReply:client-253D2503C21A->6571ba41-d309-4d1d-a321-129a77bf1602@group-6D4C5FD51127, cid=2439, SUCCESS, logIndex=3698, commits[6571ba41-d309-4d1d-a321-129a77bf1602:c3698, 75e8c5ea-f06a-43e1-af6e-1f7f9b0b2cc1:c3695, 1d8d2908-dfb4-4358-9c6e-64b435d6fccc:c3695]
2019-07-03 07:08:24,103 INFO  client.GrpcClientProtocolClient (GrpcClientProtocolClient.java:onNext(254)) - client-253D2503C21A->6571ba41-d309-4d1d-a321-129a77bf1602: receive RaftClientReply:client-253D2503C21A->6571ba41-d309-4d1d-a321-129a77bf1602@group-6D4C5FD51127, cid=2440, SUCCESS, logIndex=0, commits[6571ba41-d309-4d1d-a321-129a77bf1602:c3699, 75e8c5ea-f06a-43e1-af6e-1f7f9b0b2cc1:c3696, 1d8d2908-dfb4-4358-9c6e-64b435d6fccc:c3696]
2019-07-03 07:08:24,135 INFO  client.GrpcClientProtocolClient (GrpcClientProtocolClient.java:onNext(254)) - client-253D2503C21A->6571ba41-d309-4d1d-a321-129a77bf1602: receive RaftClientReply:client-253D2503C21A->6571ba41-d309-4d1d-a321-129a77bf1602@group-6D4C5FD51127, cid=2441, SUCCESS, logIndex=3702, commits[6571ba41-d309-4d1d-a321-129a77bf1602:c3702, 75e8c5ea-f06a-43e1-af6e-1f7f9b0b2cc1:c3699, 1d8d2908-dfb4-4358-9c6e-64b435d6fccc:c3699]
2019-07-03 07:08:24,146 INFO  client.GrpcClientProtocolClient (GrpcClientProtocolClient.java:onNext(254)) - client-253D2503C21A->6571ba41-d309-4d1d-a321-129a77bf1602: receive RaftClientReply:client-253D2503C21A->6571ba41-d309-4d1d-a321-129a77bf1602@group-6D4C5FD51127, cid=2442, SUCCESS, logIndex=3704, commits[6571ba41-d309-4d1d-a321-129a77bf1602:c3704, 75e8c5ea-f06a-43e1-af6e-1f7f9b0b2cc1:c3702, 1d8d2908-dfb4-4358-9c6e-64b435d6fccc:c3702]
2019-07-03 07:08:24,167 INFO  client.GrpcClientProtocolClient (GrpcClientProtocolClient.java:onNext(254)) - client-253D2503C21A->6571ba41-d309-4d1d-a321-129a77bf1602: receive RaftClientReply:client-253D2503C21A->6571ba41-d309-4d1d-a321-129a77bf1602@group-6D4C5FD51127, cid=2443, SUCCESS, logIndex=3706, commits[6571ba41-d309-4d1d-a321-129a77bf1602:c3706, 75e8c5ea-f06a-43e1-af6e-1f7f9b0b2cc1:c3705, 1d8d2908-dfb4-4358-9c6e-64b435d6fccc:c3705]
2019-07-03 07:08:24,182 INFO  client.GrpcClientProtocolClient (GrpcClientProtocolClient.java:onNext(254)) - client-253D2503C21A->6571ba41-d309-4d1d-a321-129a77bf1602: receive RaftClientReply:client-253D2503C21A->6571ba41-d309-4d1d-a321-129a77bf1602@group-6D4C5FD51127, cid=2444, SUCCESS, logIndex=3708, commits[6571ba41-d309-4d1d-a321-129a77bf1602:c3708, 75e8c5ea-f06a-43e1-af6e-1f7f9b0b2cc1:c3706, 1d8d2908-dfb4-4358-9c6e-64b435d6fccc:c3706]
2019-07-03 07:08:24,194 INFO  client.GrpcClientProtocolClient (GrpcClientProtocolClient.java:onNext(254)) - client-253D2503C21A->6571ba41-d309-4d1d-a321-129a77bf1602: receive RaftClientReply:client-253D2503C21A->6571ba41-d309-4d1d-a321-129a77bf1602@group-6D4C5FD51127, cid=2445, SUCCESS, logIndex=0, commits[6571ba41-d309-4d1d-a321-129a77bf1602:c3708, 75e8c5ea-f06a-43e1-af6e-1f7f9b0b2cc1:c3708, 1d8d2908-dfb4-4358-9c6e-64b435d6fccc:c3708]
2019-07-03 07:08:24,224 INFO  client.GrpcClientProtocolClient (GrpcClientProtocolClient.java:onNext(254)) - client-253D2503C21A->6571ba41-d309-4d1d-a321-129a77bf1602: receive RaftClientReply:client-253D2503C21A->6571ba41-d309-4d1d-a321-129a77bf1602@group-6D4C5FD51127, cid=2446, SUCCESS, logIndex=3710, commits[6571ba41-d309-4d1d-a321-129a77bf1602:c3710, 75e8c5ea-f06a-43e1-af6e-1f7f9b0b2cc1:c3709, 1d8d2908-dfb4-4358-9c6e-64b435d6fccc:c3709]
2019-07-03 07:08:24,237 INFO  client.GrpcClientProtocolClient (GrpcClientProtocolClient.java:onNext(254)) - client-253D2503C21A->6571ba41-d309-4d1d-a321-129a77bf1602: receive RaftClientReply:client-253D2503C21A->6571ba41-d309-4d1d-a321-129a77bf1602@group-6D4C5FD51127, cid=2447, SUCCESS, logIndex=3712, commits[6571ba41-d309-4d1d-a321-129a77bf1602:c3713, 75e8c5ea-f06a-43e1-af6e-1f7f9b0b2cc1:c3710, 1d8d2908-dfb4-4358-9c6e-64b435d6fccc:c3710]
2019-07-03 07:08:24,237 INFO  client.GrpcClientProtocolClient (GrpcClientProtocolClient.java:onNext(254)) - client-253D2503C21A->6571ba41-d309-4d1d-a321-129a77bf1602: receive RaftClientReply:client-253D2503C21A->6571ba41-d309-4d1d-a321-129a77bf1602@group-6D4C5FD51127, cid=2448, SUCCESS, logIndex=3713, commits[6571ba41-d309-4d1d-a321-129a77bf1602:c3713, 75e8c5ea-f06a-43e1-af6e-1f7f9b0b2cc1:c3710, 1d8d2908-dfb4-4358-9c6e-64b435d6fccc:c3710]
2019-07-03 07:08:24,237 INFO  client.GrpcClientProtocolClient (GrpcClientProtocolClient.java:onNext(254)) - client-253D2503C21A->6571ba41-d309-4d1d-a321-129a77bf1602: receive RaftClientReply:client-253D2503C21A->6571ba41-d309-4d1d-a321-129a77bf1602@group-6D4C5FD51127, cid=2449, SUCCESS, logIndex=3714, commits[6571ba41-d309-4d1d-a321-129a77bf1602:c3714, 75e8c5ea-f06a-43e1-af6e-1f7f9b0b2cc1:c3712, 1d8d2908-dfb4-4358-9c6e-64b435d6fccc:c3710]
2019-07-03 07:08:24,239 INFO  client.GrpcClientProtocolClient (GrpcClientProtocolClient.java:onNext(254)) - client-253D2503C21A->6571ba41-d309-4d1d-a321-129a77bf1602: receive RaftClientReply:client-253D2503C21A->6571ba41-d309-4d1d-a321-129a77bf1602@group-6D4C5FD51127, cid=2450, SUCCESS, logIndex=0, commits[6571ba41-d309-4d1d-a321-129a77bf1602:c3715, 75e8c5ea-f06a-43e1-af6e-1f7f9b0b2cc1:c3712, 1d8d2908-dfb4-4358-9c6e-64b435d6fccc:c3712]
2019-07-03 07:08:24,252 INFO  client.GrpcClientProtocolClient (GrpcClientProtocolClient.java:onNext(254)) - client-253D2503C21A->6571ba41-d309-4d1d-a321-129a77bf1602: receive RaftClientReply:client-253D2503C21A->6571ba41-d309-4d1d-a321-129a77bf1602@group-6D4C5FD51127, cid=2451, SUCCESS, logIndex=3718, commits[6571ba41-d309-4d1d-a321-129a77bf1602:c3718, 75e8c5ea-f06a-43e1-af6e-1f7f9b0b2cc1:c3714, 1d8d2908-dfb4-4358-9c6e-64b435d6fccc:c3715]
2019-07-03 07:08:24,267 INFO  client.GrpcClientProtocolClient (GrpcClientProtocolClient.java:onNext(254)) - client-253D2503C21A->6571ba41-d309-4d1d-a321-129a77bf1602: receive RaftClientReply:client-253D2503C21A->6571ba41-d309-4d1d-a321-129a77bf1602@group-6D4C5FD51127, cid=2452, SUCCESS, logIndex=3720, commits[6571ba41-d309-4d1d-a321-129a77bf1602:c3720, 75e8c5ea-f06a-43e1-af6e-1f7f9b0b2cc1:c3718, 1d8d2908-dfb4-4358-9c6e-64b435d6fccc:c3718]
2019-07-03 07:08:24,282 INFO  client.GrpcClientProtocolClient (GrpcClientProtocolClient.java:onNext(254)) - client-253D2503C21A->6571ba41-d309-4d1d-a321-129a77bf1602: receive RaftClientReply:client-253D2503C21A->6571ba41-d309-4d1d-a321-129a77bf1602@group-6D4C5FD51127, cid=2453, SUCCESS, logIndex=3722, commits[6571ba41-d309-4d1d-a321-129a77bf1602:c3722, 75e8c5ea-f06a-43e1-af6e-1f7f9b0b2cc1:c3720, 1d8d2908-dfb4-4358-9c6e-64b435d6fccc:c3720]
2019-07-03 07:08:24,297 INFO  client.GrpcClientProtocolClient (GrpcClientProtocolClient.java:onNext(254)) - client-253D2503C21A->6571ba41-d309-4d1d-a321-129a77bf1602: receive RaftClientReply:client-253D2503C21A->6571ba41-d309-4d1d-a321-129a77bf1602@group-6D4C5FD51127, cid=2454, SUCCESS, logIndex=3724, commits[6571ba41-d309-4d1d-a321-129a77bf1602:c3724, 75e8c5ea-f06a-43e1-af6e-1f7f9b0b2cc1:c3722, 1d8d2908-dfb4-4358-9c6e-64b435d6fccc:c3722]
2019-07-03 07:08:24,309 INFO  client.GrpcClientProtocolClient (GrpcClientProtocolClient.java:onNext(254)) - client-253D2503C21A->6571ba41-d309-4d1d-a321-129a77bf1602: receive RaftClientReply:client-253D2503C21A->6571ba41-d309-4d1d-a321-129a77bf1602@group-6D4C5FD51127, cid=2455, SUCCESS, logIndex=0, commits[6571ba41-d309-4d1d-a321-129a77bf1602:c3725, 75e8c5ea-f06a-43e1-af6e-1f7f9b0b2cc1:c3724, 1d8d2908-dfb4-4358-9c6e-64b435d6fccc:c3724]
2019-07-03 07:08:24,343 INFO  client.GrpcClientProtocolClient (GrpcClientProtocolClient.java:onNext(254)) - client-253D2503C21A->6571ba41-d309-4d1d-a321-129a77bf1602: receive RaftClientReply:client-253D2503C21A->6571ba41-d309-4d1d-a321-129a77bf1602@group-6D4C5FD51127, cid=2456, SUCCESS, logIndex=3726, commits[6571ba41-d309-4d1d-a321-129a77bf1602:c3726, 75e8c5ea-f06a-43e1-af6e-1f7f9b0b2cc1:c3725, 1d8d2908-dfb4-4358-9c6e-64b435d6fccc:c3725]
2019-07-03 07:08:24,355 INFO  client.GrpcClientProtocolClient (GrpcClientProtocolClient.java:onNext(254)) - client-253D2503C21A->6571ba41-d309-4d1d-a321-129a77bf1602: receive RaftClientReply:client-253D2503C21A->6571ba41-d309-4d1d-a321-129a77bf1602@group-6D4C5FD51127, cid=2457, SUCCESS, logIndex=3728, commits[6571ba41-d309-4d1d-a321-129a77bf1602:c3728, 75e8c5ea-f06a-43e1-af6e-1f7f9b0b2cc1:c3726, 1d8d2908-dfb4-4358-9c6e-64b435d6fccc:c3726]
2019-07-03 07:08:24,356 INFO  client.GrpcClientProtocolClient (GrpcClientProtocolClient.java:onNext(254)) - client-253D2503C21A->6571ba41-d309-4d1d-a321-129a77bf1602: receive RaftClientReply:client-253D2503C21A->6571ba41-d309-4d1d-a321-129a77bf1602@group-6D4C5FD51127, cid=2458, SUCCESS, logIndex=3729, commits[6571ba41-d309-4d1d-a321-129a77bf1602:c3729, 75e8c5ea-f06a-43e1-af6e-1f7f9b0b2cc1:c3726, 1d8d2908-dfb4-4358-9c6e-64b435d6fccc:c3726]
2019-07-03 07:08:24,358 INFO  client.GrpcClientProtocolClient (GrpcClientProtocolClient.java:onNext(254)) - client-253D2503C21A->6571ba41-d309-4d1d-a321-129a77bf1602: receive RaftClientReply:client-253D2503C21A->6571ba41-d309-4d1d-a321-129a77bf1602@group-6D4C5FD51127, cid=2459, SUCCESS, logIndex=3730, commits[6571ba41-d309-4d1d-a321-129a77bf1602:c3730, 75e8c5ea-f06a-43e1-af6e-1f7f9b0b2cc1:c3728, 1d8d2908-dfb4-4358-9c6e-64b435d6fccc:c3726]
2019-07-03 07:08:24,361 INFO  client.GrpcClientProtocolClient (GrpcClientProtocolClient.java:onNext(254)) - client-253D2503C21A->6571ba41-d309-4d1d-a321-129a77bf1602: receive RaftClientReply:client-253D2503C21A->6571ba41-d309-4d1d-a321-129a77bf1602@group-6D4C5FD51127, cid=2460, SUCCESS, logIndex=0, commits[6571ba41-d309-4d1d-a321-129a77bf1602:c3731, 75e8c5ea-f06a-43e1-af6e-1f7f9b0b2cc1:c3728, 1d8d2908-dfb4-4358-9c6e-64b435d6fccc:c3728]
2019-07-03 07:08:24,388 INFO  client.GrpcClientProtocolClient (GrpcClientProtocolClient.java:onNext(254)) - client-253D2503C21A->6571ba41-d309-4d1d-a321-129a77bf1602: receive RaftClientReply:client-253D2503C21A->6571ba41-d309-4d1d-a321-129a77bf1602@group-6D4C5FD51127, cid=2461, SUCCESS, logIndex=3734, commits[6571ba41-d309-4d1d-a321-129a77bf1602:c3734, 75e8c5ea-f06a-43e1-af6e-1f7f9b0b2cc1:c3733, 1d8d2908-dfb4-4358-9c6e-64b435d6fccc:c3733]
2019-07-03 07:08:24,403 INFO  client.GrpcClientProtocolClient (GrpcClientProtocolClient.java:onNext(254)) - client-253D2503C21A->6571ba41-d309-4d1d-a321-129a77bf1602: receive RaftClientReply:client-253D2503C21A->6571ba41-d309-4d1d-a321-129a77bf1602@group-6D4C5FD51127, cid=2462, SUCCESS, logIndex=3736, commits[6571ba41-d309-4d1d-a321-129a77bf1602:c3736, 75e8c5ea-f06a-43e1-af6e-1f7f9b0b2cc1:c3734, 1d8d2908-dfb4-4358-9c6e-64b435d6fccc:c3734]
2019-07-03 07:08:24,419 INFO  storage.RaftLogWorker (RaftLogWorker.java:rollLogSegment(303)) - 6571ba41-d309-4d1d-a321-129a77bf1602-RaftLogWorker: Rolling segment log-3660_3739 to index:3739
2019-07-03 07:08:24,419 INFO  client.GrpcClientProtocolClient (GrpcClientProtocolClient.java:onNext(254)) - client-253D2503C21A->6571ba41-d309-4d1d-a321-129a77bf1602: receive RaftClientReply:client-253D2503C21A->6571ba41-d309-4d1d-a321-129a77bf1602@group-6D4C5FD51127, cid=2463, SUCCESS, logIndex=3738, commits[6571ba41-d309-4d1d-a321-129a77bf1602:c3738, 75e8c5ea-f06a-43e1-af6e-1f7f9b0b2cc1:c3736, 1d8d2908-dfb4-4358-9c6e-64b435d6fccc:c3736]
2019-07-03 07:08:24,420 INFO  storage.RaftLogWorker (RaftLogWorker.java:rollLogSegment(303)) - 75e8c5ea-f06a-43e1-af6e-1f7f9b0b2cc1-RaftLogWorker: Rolling segment log-3660_3739 to index:3739
2019-07-03 07:08:24,420 INFO  storage.RaftLogWorker (RaftLogWorker.java:rollLogSegment(303)) - 1d8d2908-dfb4-4358-9c6e-64b435d6fccc-RaftLogWorker: Rolling segment log-3660_3739 to index:3739
2019-07-03 07:08:24,430 INFO  storage.RaftLogWorker (RaftLogWorker.java:execute(433)) - 6571ba41-d309-4d1d-a321-129a77bf1602-RaftLogWorker: Rolled log segment from /opt/src/hadoop-ozone/tools/target/test-dir/MiniOzoneClusterImpl-0519545d-318d-4c21-a2a0-688f18f8a31d/datanode-4/data/ratis/23ffc2a4-5526-4092-9dc4-6d4c5fd51127/current/log_inprogress_3660 to /opt/src/hadoop-ozone/tools/target/test-dir/MiniOzoneClusterImpl-0519545d-318d-4c21-a2a0-688f18f8a31d/datanode-4/data/ratis/23ffc2a4-5526-4092-9dc4-6d4c5fd51127/current/log_3660-3739
2019-07-03 07:08:24,430 INFO  storage.RaftLogWorker (RaftLogWorker.java:execute(433)) - 75e8c5ea-f06a-43e1-af6e-1f7f9b0b2cc1-RaftLogWorker: Rolled log segment from /opt/src/hadoop-ozone/tools/target/test-dir/MiniOzoneClusterImpl-0519545d-318d-4c21-a2a0-688f18f8a31d/datanode-1/data/ratis/23ffc2a4-5526-4092-9dc4-6d4c5fd51127/current/log_inprogress_3660 to /opt/src/hadoop-ozone/tools/target/test-dir/MiniOzoneClusterImpl-0519545d-318d-4c21-a2a0-688f18f8a31d/datanode-1/data/ratis/23ffc2a4-5526-4092-9dc4-6d4c5fd51127/current/log_3660-3739
2019-07-03 07:08:24,430 INFO  storage.RaftLogWorker (RaftLogWorker.java:execute(433)) - 1d8d2908-dfb4-4358-9c6e-64b435d6fccc-RaftLogWorker: Rolled log segment from /opt/src/hadoop-ozone/tools/target/test-dir/MiniOzoneClusterImpl-0519545d-318d-4c21-a2a0-688f18f8a31d/datanode-2/data/ratis/23ffc2a4-5526-4092-9dc4-6d4c5fd51127/current/log_inprogress_3660 to /opt/src/hadoop-ozone/tools/target/test-dir/MiniOzoneClusterImpl-0519545d-318d-4c21-a2a0-688f18f8a31d/datanode-2/data/ratis/23ffc2a4-5526-4092-9dc4-6d4c5fd51127/current/log_3660-3739
2019-07-03 07:08:24,474 INFO  storage.RaftLogWorker (RaftLogWorker.java:execute(469)) - 1d8d2908-dfb4-4358-9c6e-64b435d6fccc-RaftLogWorker: created new log segment /opt/src/hadoop-ozone/tools/target/test-dir/MiniOzoneClusterImpl-0519545d-318d-4c21-a2a0-688f18f8a31d/datanode-2/data/ratis/23ffc2a4-5526-4092-9dc4-6d4c5fd51127/current/log_inprogress_3740
2019-07-03 07:08:24,474 INFO  storage.RaftLogWorker (RaftLogWorker.java:execute(469)) - 6571ba41-d309-4d1d-a321-129a77bf1602-RaftLogWorker: created new log segment /opt/src/hadoop-ozone/tools/target/test-dir/MiniOzoneClusterImpl-0519545d-318d-4c21-a2a0-688f18f8a31d/datanode-4/data/ratis/23ffc2a4-5526-4092-9dc4-6d4c5fd51127/current/log_inprogress_3740
2019-07-03 07:08:24,474 INFO  storage.RaftLogWorker (RaftLogWorker.java:execute(469)) - 75e8c5ea-f06a-43e1-af6e-1f7f9b0b2cc1-RaftLogWorker: created new log segment /opt/src/hadoop-ozone/tools/target/test-dir/MiniOzoneClusterImpl-0519545d-318d-4c21-a2a0-688f18f8a31d/datanode-1/data/ratis/23ffc2a4-5526-4092-9dc4-6d4c5fd51127/current/log_inprogress_3740
2019-07-03 07:08:24,488 INFO  client.GrpcClientProtocolClient (GrpcClientProtocolClient.java:onNext(254)) - client-253D2503C21A->6571ba41-d309-4d1d-a321-129a77bf1602: receive RaftClientReply:client-253D2503C21A->6571ba41-d309-4d1d-a321-129a77bf1602@group-6D4C5FD51127, cid=2464, SUCCESS, logIndex=3740, commits[6571ba41-d309-4d1d-a321-129a77bf1602:c3740, 75e8c5ea-f06a-43e1-af6e-1f7f9b0b2cc1:c3738, 1d8d2908-dfb4-4358-9c6e-64b435d6fccc:c3738]
2019-07-03 07:08:24,490 INFO  client.GrpcClientProtocolClient (GrpcClientProtocolClient.java:onNext(254)) - client-253D2503C21A->6571ba41-d309-4d1d-a321-129a77bf1602: receive RaftClientReply:client-253D2503C21A->6571ba41-d309-4d1d-a321-129a77bf1602@group-6D4C5FD51127, cid=2465, SUCCESS, logIndex=0, commits[6571ba41-d309-4d1d-a321-129a77bf1602:c3741, 75e8c5ea-f06a-43e1-af6e-1f7f9b0b2cc1:c3740, 1d8d2908-dfb4-4358-9c6e-64b435d6fccc:c3740]
2019-07-03 07:08:24,523 INFO  client.GrpcClientProtocolClient (GrpcClientProtocolClient.java:onNext(254)) - client-253D2503C21A->6571ba41-d309-4d1d-a321-129a77bf1602: receive RaftClientReply:client-253D2503C21A->6571ba41-d309-4d1d-a321-129a77bf1602@group-6D4C5FD51127, cid=2466, SUCCESS, logIndex=3742, commits[6571ba41-d309-4d1d-a321-129a77bf1602:c3742, 75e8c5ea-f06a-43e1-af6e-1f7f9b0b2cc1:c3741, 1d8d2908-dfb4-4358-9c6e-64b435d6fccc:c3741]
2019-07-03 07:08:24,646 INFO  client.GrpcClientProtocolClient (GrpcClientProtocolClient.java:onNext(254)) - client-253D2503C21A->6571ba41-d309-4d1d-a321-129a77bf1602: receive RaftClientReply:client-253D2503C21A->6571ba41-d309-4d1d-a321-129a77bf1602@group-6D4C5FD51127, cid=2467, SUCCESS, logIndex=3744, commits[6571ba41-d309-4d1d-a321-129a77bf1602:c3745, 75e8c5ea-f06a-43e1-af6e-1f7f9b0b2cc1:c3742, 1d8d2908-dfb4-4358-9c6e-64b435d6fccc:c3742]
2019-07-03 07:08:24,646 INFO  client.GrpcClientProtocolClient (GrpcClientProtocolClient.java:onNext(254)) - client-253D2503C21A->6571ba41-d309-4d1d-a321-129a77bf1602: receive RaftClientReply:client-253D2503C21A->6571ba41-d309-4d1d-a321-129a77bf1602@group-6D4C5FD51127, cid=2468, SUCCESS, logIndex=3745, commits[6571ba41-d309-4d1d-a321-129a77bf1602:c3746, 75e8c5ea-f06a-43e1-af6e-1f7f9b0b2cc1:c3742, 1d8d2908-dfb4-4358-9c6e-64b435d6fccc:c3742]
2019-07-03 07:08:24,647 INFO  client.GrpcClientProtocolClient (GrpcClientProtocolClient.java:onNext(254)) - client-253D2503C21A->6571ba41-d309-4d1d-a321-129a77bf1602: receive RaftClientReply:client-253D2503C21A->6571ba41-d309-4d1d-a321-129a77bf1602@group-6D4C5FD51127, cid=2469, SUCCESS, logIndex=3746, commits[6571ba41-d309-4d1d-a321-129a77bf1602:c3746, 75e8c5ea-f06a-43e1-af6e-1f7f9b0b2cc1:c3742, 1d8d2908-dfb4-4358-9c6e-64b435d6fccc:c3742]
2019-07-03 07:08:24,649 INFO  client.GrpcClientProtocolClient (GrpcClientProtocolClient.java:onNext(254)) - client-253D2503C21A->6571ba41-d309-4d1d-a321-129a77bf1602: receive RaftClientReply:client-253D2503C21A->6571ba41-d309-4d1d-a321-129a77bf1602@group-6D4C5FD51127, cid=2470, SUCCESS, logIndex=0, commits[6571ba41-d309-4d1d-a321-129a77bf1602:c3747, 75e8c5ea-f06a-43e1-af6e-1f7f9b0b2cc1:c3745, 1d8d2908-dfb4-4358-9c6e-64b435d6fccc:c3745]
2019-07-03 07:08:24,662 INFO  client.GrpcClientProtocolClient (GrpcClientProtocolClient.java:onNext(254)) - client-253D2503C21A->6571ba41-d309-4d1d-a321-129a77bf1602: receive RaftClientReply:client-253D2503C21A->6571ba41-d309-4d1d-a321-129a77bf1602@group-6D4C5FD51127, cid=2471, SUCCESS, logIndex=3749, commits[6571ba41-d309-4d1d-a321-129a77bf1602:c3749, 75e8c5ea-f06a-43e1-af6e-1f7f9b0b2cc1:c3747, 1d8d2908-dfb4-4358-9c6e-64b435d6fccc:c3746]
2019-07-03 07:08:24,666 INFO  client.GrpcClientProtocolClient (GrpcClientProtocolClient.java:onNext(254)) - client-253D2503C21A->6571ba41-d309-4d1d-a321-129a77bf1602: receive RaftClientReply:client-253D2503C21A->6571ba41-d309-4d1d-a321-129a77bf1602@group-6D4C5FD51127, cid=2472, SUCCESS, logIndex=3751, commits[6571ba41-d309-4d1d-a321-129a77bf1602:c3751, 75e8c5ea-f06a-43e1-af6e-1f7f9b0b2cc1:c3749, 1d8d2908-dfb4-4358-9c6e-64b435d6fccc:c3749]
2019-07-03 07:08:24,681 INFO  client.GrpcClientProtocolClient (GrpcClientProtocolClient.java:onNext(254)) - client-253D2503C21A->6571ba41-d309-4d1d-a321-129a77bf1602: receive RaftClientReply:client-253D2503C21A->6571ba41-d309-4d1d-a321-129a77bf1602@group-6D4C5FD51127, cid=2473, SUCCESS, logIndex=3753, commits[6571ba41-d309-4d1d-a321-129a77bf1602:c3753, 75e8c5ea-f06a-43e1-af6e-1f7f9b0b2cc1:c3751, 1d8d2908-dfb4-4358-9c6e-64b435d6fccc:c3751]
2019-07-03 07:08:24,696 INFO  client.GrpcClientProtocolClient (GrpcClientProtocolClient.java:onNext(254)) - client-253D2503C21A->6571ba41-d309-4d1d-a321-129a77bf1602: receive RaftClientReply:client-253D2503C21A->6571ba41-d309-4d1d-a321-129a77bf1602@group-6D4C5FD51127, cid=2474, SUCCESS, logIndex=3755, commits[6571ba41-d309-4d1d-a321-129a77bf1602:c3755, 75e8c5ea-f06a-43e1-af6e-1f7f9b0b2cc1:c3753, 1d8d2908-dfb4-4358-9c6e-64b435d6fccc:c3753]
2019-07-03 07:08:24,708 INFO  client.GrpcClientProtocolClient (GrpcClientProtocolClient.java:onNext(254)) - client-253D2503C21A->6571ba41-d309-4d1d-a321-129a77bf1602: receive RaftClientReply:client-253D2503C21A->6571ba41-d309-4d1d-a321-129a77bf1602@group-6D4C5FD51127, cid=2475, SUCCESS, logIndex=0, commits[6571ba41-d309-4d1d-a321-129a77bf1602:c3755, 75e8c5ea-f06a-43e1-af6e-1f7f9b0b2cc1:c3755, 1d8d2908-dfb4-4358-9c6e-64b435d6fccc:c3755]
2019-07-03 07:08:24,739 INFO  client.GrpcClientProtocolClient (GrpcClientProtocolClient.java:onNext(254)) - client-253D2503C21A->6571ba41-d309-4d1d-a321-129a77bf1602: receive RaftClientReply:client-253D2503C21A->6571ba41-d309-4d1d-a321-129a77bf1602@group-6D4C5FD51127, cid=2476, SUCCESS, logIndex=3757, commits[6571ba41-d309-4d1d-a321-129a77bf1602:c3757, 75e8c5ea-f06a-43e1-af6e-1f7f9b0b2cc1:c3756, 1d8d2908-dfb4-4358-9c6e-64b435d6fccc:c3756]
 0.00% |█                                                                                                    |  0/1 Time: 0:00:322019-07-03 07:08:24,751 INFO  client.GrpcClientProtocolClient (GrpcClientProtocolClient.java:onNext(254)) - client-253D2503C21A->6571ba41-d309-4d1d-a321-129a77bf1602: receive RaftClientReply:client-253D2503C21A->6571ba41-d309-4d1d-a321-129a77bf1602@group-6D4C5FD51127, cid=2477, SUCCESS, logIndex=3759, commits[6571ba41-d309-4d1d-a321-129a77bf1602:c3760, 75e8c5ea-f06a-43e1-af6e-1f7f9b0b2cc1:c3757, 1d8d2908-dfb4-4358-9c6e-64b435d6fccc:c3757]
2019-07-03 07:08:24,751 INFO  client.GrpcClientProtocolClient (GrpcClientProtocolClient.java:onNext(254)) - client-253D2503C21A->6571ba41-d309-4d1d-a321-129a77bf1602: receive RaftClientReply:client-253D2503C21A->6571ba41-d309-4d1d-a321-129a77bf1602@group-6D4C5FD51127, cid=2478, SUCCESS, logIndex=3760, commits[6571ba41-d309-4d1d-a321-129a77bf1602:c3761, 75e8c5ea-f06a-43e1-af6e-1f7f9b0b2cc1:c3757, 1d8d2908-dfb4-4358-9c6e-64b435d6fccc:c3757]
2019-07-03 07:08:24,751 INFO  client.GrpcClientProtocolClient (GrpcClientProtocolClient.java:onNext(254)) - client-253D2503C21A->6571ba41-d309-4d1d-a321-129a77bf1602: receive RaftClientReply:client-253D2503C21A->6571ba41-d309-4d1d-a321-129a77bf1602@group-6D4C5FD51127, cid=2479, SUCCESS, logIndex=3761, commits[6571ba41-d309-4d1d-a321-129a77bf1602:c3761, 75e8c5ea-f06a-43e1-af6e-1f7f9b0b2cc1:c3757, 1d8d2908-dfb4-4358-9c6e-64b435d6fccc:c3757]
2019-07-03 07:08:24,754 INFO  client.GrpcClientProtocolClient (GrpcClientProtocolClient.java:onNext(254)) - client-253D2503C21A->6571ba41-d309-4d1d-a321-129a77bf1602: receive RaftClientReply:client-253D2503C21A->6571ba41-d309-4d1d-a321-129a77bf1602@group-6D4C5FD51127, cid=2480, SUCCESS, logIndex=0, commits[6571ba41-d309-4d1d-a321-129a77bf1602:c3762, 75e8c5ea-f06a-43e1-af6e-1f7f9b0b2cc1:c3760, 1d8d2908-dfb4-4358-9c6e-64b435d6fccc:c3759]
2019-07-03 07:08:24,767 INFO  client.GrpcClientProtocolClient (GrpcClientProtocolClient.java:onNext(254)) - client-253D2503C21A->6571ba41-d309-4d1d-a321-129a77bf1602: receive RaftClientReply:client-253D2503C21A->6571ba41-d309-4d1d-a321-129a77bf1602@group-6D4C5FD51127, cid=2481, SUCCESS, logIndex=3765, commits[6571ba41-d309-4d1d-a321-129a77bf1602:c3765, 75e8c5ea-f06a-43e1-af6e-1f7f9b0b2cc1:c3762, 1d8d2908-dfb4-4358-9c6e-64b435d6fccc:c3761]
2019-07-03 07:08:24,782 INFO  client.GrpcClientProtocolClient (GrpcClientProtocolClient.java:onNext(254)) - client-253D2503C21A->6571ba41-d309-4d1d-a321-129a77bf1602: receive RaftClientReply:client-253D2503C21A->6571ba41-d309-4d1d-a321-129a77bf1602@group-6D4C5FD51127, cid=2482, SUCCESS, logIndex=3767, commits[6571ba41-d309-4d1d-a321-129a77bf1602:c3767, 75e8c5ea-f06a-43e1-af6e-1f7f9b0b2cc1:c3765, 1d8d2908-dfb4-4358-9c6e-64b435d6fccc:c3765]
2019-07-03 07:08:24,794 INFO  client.GrpcClientProtocolClient (GrpcClientProtocolClient.java:onNext(254)) - client-253D2503C21A->6571ba41-d309-4d1d-a321-129a77bf1602: receive RaftClientReply:client-253D2503C21A->6571ba41-d309-4d1d-a321-129a77bf1602@group-6D4C5FD51127, cid=2483, SUCCESS, logIndex=3769, commits[6571ba41-d309-4d1d-a321-129a77bf1602:c3769, 75e8c5ea-f06a-43e1-af6e-1f7f9b0b2cc1:c3767, 1d8d2908-dfb4-4358-9c6e-64b435d6fccc:c3767]
2019-07-03 07:08:24,809 INFO  client.GrpcClientProtocolClient (GrpcClientProtocolClient.java:onNext(254)) - client-253D2503C21A->6571ba41-d309-4d1d-a321-129a77bf1602: receive RaftClientReply:client-253D2503C21A->6571ba41-d309-4d1d-a321-129a77bf1602@group-6D4C5FD51127, cid=2484, SUCCESS, logIndex=3771, commits[6571ba41-d309-4d1d-a321-129a77bf1602:c3771, 75e8c5ea-f06a-43e1-af6e-1f7f9b0b2cc1:c3769, 1d8d2908-dfb4-4358-9c6e-64b435d6fccc:c3769]
2019-07-03 07:08:24,821 INFO  client.GrpcClientProtocolClient (GrpcClientProtocolClient.java:onNext(254)) - client-253D2503C21A->6571ba41-d309-4d1d-a321-129a77bf1602: receive RaftClientReply:client-253D2503C21A->6571ba41-d309-4d1d-a321-129a77bf1602@group-6D4C5FD51127, cid=2485, SUCCESS, logIndex=0, commits[6571ba41-d309-4d1d-a321-129a77bf1602:c3772, 75e8c5ea-f06a-43e1-af6e-1f7f9b0b2cc1:c3771, 1d8d2908-dfb4-4358-9c6e-64b435d6fccc:c3771]
2019-07-03 07:08:24,843 INFO  client.GrpcClientProtocolClient (GrpcClientProtocolClient.java:onNext(254)) - client-253D2503C21A->6571ba41-d309-4d1d-a321-129a77bf1602: receive RaftClientReply:client-253D2503C21A->6571ba41-d309-4d1d-a321-129a77bf1602@group-6D4C5FD51127, cid=2486, SUCCESS, logIndex=3773, commits[6571ba41-d309-4d1d-a321-129a77bf1602:c3773, 75e8c5ea-f06a-43e1-af6e-1f7f9b0b2cc1:c3772, 1d8d2908-dfb4-4358-9c6e-64b435d6fccc:c3772]
2019-07-03 07:08:24,848 INFO  client.GrpcClientProtocolClient (GrpcClientProtocolClient.java:onNext(254)) - client-253D2503C21A->6571ba41-d309-4d1d-a321-129a77bf1602: receive RaftClientReply:client-253D2503C21A->6571ba41-d309-4d1d-a321-129a77bf1602@group-6D4C5FD51127, cid=2487, SUCCESS, logIndex=3775, commits[6571ba41-d309-4d1d-a321-129a77bf1602:c3775, 75e8c5ea-f06a-43e1-af6e-1f7f9b0b2cc1:c3773, 1d8d2908-dfb4-4358-9c6e-64b435d6fccc:c3773]
2019-07-03 07:08:24,849 INFO  client.GrpcClientProtocolClient (GrpcClientProtocolClient.java:onNext(254)) - client-253D2503C21A->6571ba41-d309-4d1d-a321-129a77bf1602: receive RaftClientReply:client-253D2503C21A->6571ba41-d309-4d1d-a321-129a77bf1602@group-6D4C5FD51127, cid=2488, SUCCESS, logIndex=3776, commits[6571ba41-d309-4d1d-a321-129a77bf1602:c3777, 75e8c5ea-f06a-43e1-af6e-1f7f9b0b2cc1:c3773, 1d8d2908-dfb4-4358-9c6e-64b435d6fccc:c3773]
2019-07-03 07:08:24,850 INFO  client.GrpcClientProtocolClient (GrpcClientProtocolClient.java:onNext(254)) - client-253D2503C21A->6571ba41-d309-4d1d-a321-129a77bf1602: receive RaftClientReply:client-253D2503C21A->6571ba41-d309-4d1d-a321-129a77bf1602@group-6D4C5FD51127, cid=2489, SUCCESS, logIndex=3777, commits[6571ba41-d309-4d1d-a321-129a77bf1602:c3777, 75e8c5ea-f06a-43e1-af6e-1f7f9b0b2cc1:c3773, 1d8d2908-dfb4-4358-9c6e-64b435d6fccc:c3773]
2019-07-03 07:08:24,851 INFO  client.GrpcClientProtocolClient (GrpcClientProtocolClient.java:onNext(254)) - client-253D2503C21A->6571ba41-d309-4d1d-a321-129a77bf1602: receive RaftClientReply:client-253D2503C21A->6571ba41-d309-4d1d-a321-129a77bf1602@group-6D4C5FD51127, cid=2490, SUCCESS, logIndex=0, commits[6571ba41-d309-4d1d-a321-129a77bf1602:c3779, 75e8c5ea-f06a-43e1-af6e-1f7f9b0b2cc1:c3775, 1d8d2908-dfb4-4358-9c6e-64b435d6fccc:c3775]
2019-07-03 07:08:24,882 INFO  client.GrpcClientProtocolClient (GrpcClientProtocolClient.java:onNext(254)) - client-253D2503C21A->6571ba41-d309-4d1d-a321-129a77bf1602: receive RaftClientReply:client-253D2503C21A->6571ba41-d309-4d1d-a321-129a77bf1602@group-6D4C5FD51127, cid=2491, SUCCESS, logIndex=3781, commits[6571ba41-d309-4d1d-a321-129a77bf1602:c3781, 75e8c5ea-f06a-43e1-af6e-1f7f9b0b2cc1:c3780, 1d8d2908-dfb4-4358-9c6e-64b435d6fccc:c3780]
2019-07-03 07:08:24,885 INFO  client.GrpcClientProtocolClient (GrpcClientProtocolClient.java:onNext(254)) - client-253D2503C21A->6571ba41-d309-4d1d-a321-129a77bf1602: receive RaftClientReply:client-253D2503C21A->6571ba41-d309-4d1d-a321-129a77bf1602@group-6D4C5FD51127, cid=2492, SUCCESS, logIndex=3783, commits[6571ba41-d309-4d1d-a321-129a77bf1602:c3783, 75e8c5ea-f06a-43e1-af6e-1f7f9b0b2cc1:c3781, 1d8d2908-dfb4-4358-9c6e-64b435d6fccc:c3781]
2019-07-03 07:08:24,900 INFO  client.GrpcClientProtocolClient (GrpcClientProtocolClient.java:onNext(254)) - client-253D2503C21A->6571ba41-d309-4d1d-a321-129a77bf1602: receive RaftClientReply:client-253D2503C21A->6571ba41-d309-4d1d-a321-129a77bf1602@group-6D4C5FD51127, cid=2493, SUCCESS, logIndex=3785, commits[6571ba41-d309-4d1d-a321-129a77bf1602:c3785, 75e8c5ea-f06a-43e1-af6e-1f7f9b0b2cc1:c3784, 1d8d2908-dfb4-4358-9c6e-64b435d6fccc:c3784]
2019-07-03 07:08:24,915 INFO  client.GrpcClientProtocolClient (GrpcClientProtocolClient.java:onNext(254)) - client-253D2503C21A->6571ba41-d309-4d1d-a321-129a77bf1602: receive RaftClientReply:client-253D2503C21A->6571ba41-d309-4d1d-a321-129a77bf1602@group-6D4C5FD51127, cid=2494, SUCCESS, logIndex=3787, commits[6571ba41-d309-4d1d-a321-129a77bf1602:c3787, 75e8c5ea-f06a-43e1-af6e-1f7f9b0b2cc1:c3785, 1d8d2908-dfb4-4358-9c6e-64b435d6fccc:c3785]
2019-07-03 07:08:24,926 INFO  client.GrpcClientProtocolClient (GrpcClientProtocolClient.java:onNext(254)) - client-253D2503C21A->6571ba41-d309-4d1d-a321-129a77bf1602: receive RaftClientReply:client-253D2503C21A->6571ba41-d309-4d1d-a321-129a77bf1602@group-6D4C5FD51127, cid=2495, SUCCESS, logIndex=0, commits[6571ba41-d309-4d1d-a321-129a77bf1602:c3788, 75e8c5ea-f06a-43e1-af6e-1f7f9b0b2cc1:c3787, 1d8d2908-dfb4-4358-9c6e-64b435d6fccc:c3787]
2019-07-03 07:08:24,952 INFO  client.GrpcClientProtocolClient (GrpcClientProtocolClient.java:onNext(254)) - client-253D2503C21A->6571ba41-d309-4d1d-a321-129a77bf1602: receive RaftClientReply:client-253D2503C21A->6571ba41-d309-4d1d-a321-129a77bf1602@group-6D4C5FD51127, cid=2496, SUCCESS, logIndex=3789, commits[6571ba41-d309-4d1d-a321-129a77bf1602:c3789, 75e8c5ea-f06a-43e1-af6e-1f7f9b0b2cc1:c3788, 1d8d2908-dfb4-4358-9c6e-64b435d6fccc:c3788]
2019-07-03 07:08:24,964 INFO  client.GrpcClientProtocolClient (GrpcClientProtocolClient.java:onNext(254)) - client-253D2503C21A->6571ba41-d309-4d1d-a321-129a77bf1602: receive RaftClientReply:client-253D2503C21A->6571ba41-d309-4d1d-a321-129a77bf1602@group-6D4C5FD51127, cid=2497, SUCCESS, logIndex=3791, commits[6571ba41-d309-4d1d-a321-129a77bf1602:c3792, 75e8c5ea-f06a-43e1-af6e-1f7f9b0b2cc1:c3789, 1d8d2908-dfb4-4358-9c6e-64b435d6fccc:c3789]
2019-07-03 07:08:24,965 INFO  client.GrpcClientProtocolClient (GrpcClientProtocolClient.java:onNext(254)) - client-253D2503C21A->6571ba41-d309-4d1d-a321-129a77bf1602: receive RaftClientReply:client-253D2503C21A->6571ba41-d309-4d1d-a321-129a77bf1602@group-6D4C5FD51127, cid=2498, SUCCESS, logIndex=3792, commits[6571ba41-d309-4d1d-a321-129a77bf1602:c3792, 75e8c5ea-f06a-43e1-af6e-1f7f9b0b2cc1:c3789, 1d8d2908-dfb4-4358-9c6e-64b435d6fccc:c3789]
2019-07-03 07:08:24,966 INFO  client.GrpcClientProtocolClient (GrpcClientProtocolClient.java:onNext(254)) - client-253D2503C21A->6571ba41-d309-4d1d-a321-129a77bf1602: receive RaftClientReply:client-253D2503C21A->6571ba41-d309-4d1d-a321-129a77bf1602@group-6D4C5FD51127, cid=2499, SUCCESS, logIndex=3793, commits[6571ba41-d309-4d1d-a321-129a77bf1602:c3794, 75e8c5ea-f06a-43e1-af6e-1f7f9b0b2cc1:c3789, 1d8d2908-dfb4-4358-9c6e-64b435d6fccc:c3792]
2019-07-03 07:08:24,966 INFO  client.GrpcClientProtocolClient (GrpcClientProtocolClient.java:onNext(254)) - client-253D2503C21A->6571ba41-d309-4d1d-a321-129a77bf1602: receive RaftClientReply:client-253D2503C21A->6571ba41-d309-4d1d-a321-129a77bf1602@group-6D4C5FD51127, cid=2500, SUCCESS, logIndex=0, commits[6571ba41-d309-4d1d-a321-129a77bf1602:c3795, 75e8c5ea-f06a-43e1-af6e-1f7f9b0b2cc1:c3792, 1d8d2908-dfb4-4358-9c6e-64b435d6fccc:c3792]
2019-07-03 07:08:24,987 INFO  client.GrpcClientProtocolClient (GrpcClientProtocolClient.java:onNext(254)) - client-253D2503C21A->6571ba41-d309-4d1d-a321-129a77bf1602: receive RaftClientReply:client-253D2503C21A->6571ba41-d309-4d1d-a321-129a77bf1602@group-6D4C5FD51127, cid=2501, SUCCESS, logIndex=3797, commits[6571ba41-d309-4d1d-a321-129a77bf1602:c3797, 75e8c5ea-f06a-43e1-af6e-1f7f9b0b2cc1:c3796, 1d8d2908-dfb4-4358-9c6e-64b435d6fccc:c3796]
2019-07-03 07:08:25,002 INFO  client.GrpcClientProtocolClient (GrpcClientProtocolClient.java:onNext(254)) - client-253D2503C21A->6571ba41-d309-4d1d-a321-129a77bf1602: receive RaftClientReply:client-253D2503C21A->6571ba41-d309-4d1d-a321-129a77bf1602@group-6D4C5FD51127, cid=2502, SUCCESS, logIndex=3799, commits[6571ba41-d309-4d1d-a321-129a77bf1602:c3799, 75e8c5ea-f06a-43e1-af6e-1f7f9b0b2cc1:c3797, 1d8d2908-dfb4-4358-9c6e-64b435d6fccc:c3797]
2019-07-03 07:08:25,015 INFO  client.GrpcClientProtocolClient (GrpcClientProtocolClient.java:onNext(254)) - client-253D2503C21A->6571ba41-d309-4d1d-a321-129a77bf1602: receive RaftClientReply:client-253D2503C21A->6571ba41-d309-4d1d-a321-129a77bf1602@group-6D4C5FD51127, cid=2503, SUCCESS, logIndex=3801, commits[6571ba41-d309-4d1d-a321-129a77bf1602:c3801, 75e8c5ea-f06a-43e1-af6e-1f7f9b0b2cc1:c3799, 1d8d2908-dfb4-4358-9c6e-64b435d6fccc:c3799]
2019-07-03 07:08:25,020 INFO  client.GrpcClientProtocolClient (GrpcClientProtocolClient.java:onNext(254)) - client-253D2503C21A->6571ba41-d309-4d1d-a321-129a77bf1602: receive RaftClientReply:client-253D2503C21A->6571ba41-d309-4d1d-a321-129a77bf1602@group-6D4C5FD51127, cid=2504, SUCCESS, logIndex=3803, commits[6571ba41-d309-4d1d-a321-129a77bf1602:c3803, 75e8c5ea-f06a-43e1-af6e-1f7f9b0b2cc1:c3801, 1d8d2908-dfb4-4358-9c6e-64b435d6fccc:c3801]
2019-07-03 07:08:25,032 INFO  client.GrpcClientProtocolClient (GrpcClientProtocolClient.java:onNext(254)) - client-253D2503C21A->6571ba41-d309-4d1d-a321-129a77bf1602: receive RaftClientReply:client-253D2503C21A->6571ba41-d309-4d1d-a321-129a77bf1602@group-6D4C5FD51127, cid=2505, SUCCESS, logIndex=0, commits[6571ba41-d309-4d1d-a321-129a77bf1602:c3803, 75e8c5ea-f06a-43e1-af6e-1f7f9b0b2cc1:c3803, 1d8d2908-dfb4-4358-9c6e-64b435d6fccc:c3803]
2019-07-03 07:08:25,058 INFO  client.GrpcClientProtocolClient (GrpcClientProtocolClient.java:onNext(254)) - client-253D2503C21A->6571ba41-d309-4d1d-a321-129a77bf1602: receive RaftClientReply:client-253D2503C21A->6571ba41-d309-4d1d-a321-129a77bf1602@group-6D4C5FD51127, cid=2506, SUCCESS, logIndex=3805, commits[6571ba41-d309-4d1d-a321-129a77bf1602:c3805, 75e8c5ea-f06a-43e1-af6e-1f7f9b0b2cc1:c3804, 1d8d2908-dfb4-4358-9c6e-64b435d6fccc:c3804]
2019-07-03 07:08:25,070 INFO  client.GrpcClientProtocolClient (GrpcClientProtocolClient.java:onNext(254)) - client-253D2503C21A->6571ba41-d309-4d1d-a321-129a77bf1602: receive RaftClientReply:client-253D2503C21A->6571ba41-d309-4d1d-a321-129a77bf1602@group-6D4C5FD51127, cid=2507, SUCCESS, logIndex=3807, commits[6571ba41-d309-4d1d-a321-129a77bf1602:c3808, 75e8c5ea-f06a-43e1-af6e-1f7f9b0b2cc1:c3805, 1d8d2908-dfb4-4358-9c6e-64b435d6fccc:c3805]
2019-07-03 07:08:25,071 INFO  client.GrpcClientProtocolClient (GrpcClientProtocolClient.java:onNext(254)) - client-253D2503C21A->6571ba41-d309-4d1d-a321-129a77bf1602: receive RaftClientReply:client-253D2503C21A->6571ba41-d309-4d1d-a321-129a77bf1602@group-6D4C5FD51127, cid=2508, SUCCESS, logIndex=3808, commits[6571ba41-d309-4d1d-a321-129a77bf1602:c3809, 75e8c5ea-f06a-43e1-af6e-1f7f9b0b2cc1:c3805, 1d8d2908-dfb4-4358-9c6e-64b435d6fccc:c3805]
2019-07-03 07:08:25,071 INFO  client.GrpcClientProtocolClient (GrpcClientProtocolClient.java:onNext(254)) - client-253D2503C21A->6571ba41-d309-4d1d-a321-129a77bf1602: receive RaftClientReply:client-253D2503C21A->6571ba41-d309-4d1d-a321-129a77bf1602@group-6D4C5FD51127, cid=2509, SUCCESS, logIndex=3809, commits[6571ba41-d309-4d1d-a321-129a77bf1602:c3809, 75e8c5ea-f06a-43e1-af6e-1f7f9b0b2cc1:c3805, 1d8d2908-dfb4-4358-9c6e-64b435d6fccc:c3805]
2019-07-03 07:08:25,085 INFO  client.GrpcClientProtocolClient (GrpcClientProtocolClient.java:onNext(254)) - client-253D2503C21A->6571ba41-d309-4d1d-a321-129a77bf1602: receive RaftClientReply:client-253D2503C21A->6571ba41-d309-4d1d-a321-129a77bf1602@group-6D4C5FD51127, cid=2510, SUCCESS, logIndex=0, commits[6571ba41-d309-4d1d-a321-129a77bf1602:c3810, 75e8c5ea-f06a-43e1-af6e-1f7f9b0b2cc1:c3807, 1d8d2908-dfb4-4358-9c6e-64b435d6fccc:c3808]
2019-07-03 07:08:25,097 INFO  client.GrpcClientProtocolClient (GrpcClientProtocolClient.java:onNext(254)) - client-253D2503C21A->6571ba41-d309-4d1d-a321-129a77bf1602: receive RaftClientReply:client-253D2503C21A->6571ba41-d309-4d1d-a321-129a77bf1602@group-6D4C5FD51127, cid=2511, SUCCESS, logIndex=3813, commits[6571ba41-d309-4d1d-a321-129a77bf1602:c3813, 75e8c5ea-f06a-43e1-af6e-1f7f9b0b2cc1:c3812, 1d8d2908-dfb4-4358-9c6e-64b435d6fccc:c3809]
2019-07-03 07:08:25,102 INFO  client.GrpcClientProtocolClient (GrpcClientProtocolClient.java:onNext(254)) - client-253D2503C21A->6571ba41-d309-4d1d-a321-129a77bf1602: receive RaftClientReply:client-253D2503C21A->6571ba41-d309-4d1d-a321-129a77bf1602@group-6D4C5FD51127, cid=2512, SUCCESS, logIndex=3815, commits[6571ba41-d309-4d1d-a321-129a77bf1602:c3815, 75e8c5ea-f06a-43e1-af6e-1f7f9b0b2cc1:c3813, 1d8d2908-dfb4-4358-9c6e-64b435d6fccc:c3813]
2019-07-03 07:08:25,137 INFO  client.GrpcClientProtocolClient (GrpcClientProtocolClient.java:onNext(254)) - client-253D2503C21A->6571ba41-d309-4d1d-a321-129a77bf1602: receive RaftClientReply:client-253D2503C21A->6571ba41-d309-4d1d-a321-129a77bf1602@group-6D4C5FD51127, cid=2513, SUCCESS, logIndex=3817, commits[6571ba41-d309-4d1d-a321-129a77bf1602:c3817, 75e8c5ea-f06a-43e1-af6e-1f7f9b0b2cc1:c3816, 1d8d2908-dfb4-4358-9c6e-64b435d6fccc:c3816]
2019-07-03 07:08:25,137 INFO  storage.RaftLogWorker (RaftLogWorker.java:rollLogSegment(303)) - 6571ba41-d309-4d1d-a321-129a77bf1602-RaftLogWorker: Rolling segment log-3740_3818 to index:3818
2019-07-03 07:08:25,139 INFO  storage.RaftLogWorker (RaftLogWorker.java:rollLogSegment(303)) - 1d8d2908-dfb4-4358-9c6e-64b435d6fccc-RaftLogWorker: Rolling segment log-3740_3818 to index:3818
2019-07-03 07:08:25,139 INFO  storage.RaftLogWorker (RaftLogWorker.java:rollLogSegment(303)) - 75e8c5ea-f06a-43e1-af6e-1f7f9b0b2cc1-RaftLogWorker: Rolling segment log-3740_3818 to index:3818
2019-07-03 07:08:25,148 INFO  storage.RaftLogWorker (RaftLogWorker.java:execute(433)) - 6571ba41-d309-4d1d-a321-129a77bf1602-RaftLogWorker: Rolled log segment from /opt/src/hadoop-ozone/tools/target/test-dir/MiniOzoneClusterImpl-0519545d-318d-4c21-a2a0-688f18f8a31d/datanode-4/data/ratis/23ffc2a4-5526-4092-9dc4-6d4c5fd51127/current/log_inprogress_3740 to /opt/src/hadoop-ozone/tools/target/test-dir/MiniOzoneClusterImpl-0519545d-318d-4c21-a2a0-688f18f8a31d/datanode-4/data/ratis/23ffc2a4-5526-4092-9dc4-6d4c5fd51127/current/log_3740-3818
2019-07-03 07:08:25,148 INFO  storage.RaftLogWorker (RaftLogWorker.java:execute(433)) - 75e8c5ea-f06a-43e1-af6e-1f7f9b0b2cc1-RaftLogWorker: Rolled log segment from /opt/src/hadoop-ozone/tools/target/test-dir/MiniOzoneClusterImpl-0519545d-318d-4c21-a2a0-688f18f8a31d/datanode-1/data/ratis/23ffc2a4-5526-4092-9dc4-6d4c5fd51127/current/log_inprogress_3740 to /opt/src/hadoop-ozone/tools/target/test-dir/MiniOzoneClusterImpl-0519545d-318d-4c21-a2a0-688f18f8a31d/datanode-1/data/ratis/23ffc2a4-5526-4092-9dc4-6d4c5fd51127/current/log_3740-3818
2019-07-03 07:08:25,148 INFO  storage.RaftLogWorker (RaftLogWorker.java:execute(433)) - 1d8d2908-dfb4-4358-9c6e-64b435d6fccc-RaftLogWorker: Rolled log segment from /opt/src/hadoop-ozone/tools/target/test-dir/MiniOzoneClusterImpl-0519545d-318d-4c21-a2a0-688f18f8a31d/datanode-2/data/ratis/23ffc2a4-5526-4092-9dc4-6d4c5fd51127/current/log_inprogress_3740 to /opt/src/hadoop-ozone/tools/target/test-dir/MiniOzoneClusterImpl-0519545d-318d-4c21-a2a0-688f18f8a31d/datanode-2/data/ratis/23ffc2a4-5526-4092-9dc4-6d4c5fd51127/current/log_3740-3818
2019-07-03 07:08:25,199 INFO  storage.RaftLogWorker (RaftLogWorker.java:execute(469)) - 75e8c5ea-f06a-43e1-af6e-1f7f9b0b2cc1-RaftLogWorker: created new log segment /opt/src/hadoop-ozone/tools/target/test-dir/MiniOzoneClusterImpl-0519545d-318d-4c21-a2a0-688f18f8a31d/datanode-1/data/ratis/23ffc2a4-5526-4092-9dc4-6d4c5fd51127/current/log_inprogress_3819
2019-07-03 07:08:25,199 INFO  storage.RaftLogWorker (RaftLogWorker.java:execute(469)) - 6571ba41-d309-4d1d-a321-129a77bf1602-RaftLogWorker: created new log segment /opt/src/hadoop-ozone/tools/target/test-dir/MiniOzoneClusterImpl-0519545d-318d-4c21-a2a0-688f18f8a31d/datanode-4/data/ratis/23ffc2a4-5526-4092-9dc4-6d4c5fd51127/current/log_inprogress_3819
2019-07-03 07:08:25,199 INFO  storage.RaftLogWorker (RaftLogWorker.java:execute(469)) - 1d8d2908-dfb4-4358-9c6e-64b435d6fccc-RaftLogWorker: created new log segment /opt/src/hadoop-ozone/tools/target/test-dir/MiniOzoneClusterImpl-0519545d-318d-4c21-a2a0-688f18f8a31d/datanode-2/data/ratis/23ffc2a4-5526-4092-9dc4-6d4c5fd51127/current/log_inprogress_3819
2019-07-03 07:08:25,212 INFO  client.GrpcClientProtocolClient (GrpcClientProtocolClient.java:onNext(254)) - client-253D2503C21A->6571ba41-d309-4d1d-a321-129a77bf1602: receive RaftClientReply:client-253D2503C21A->6571ba41-d309-4d1d-a321-129a77bf1602@group-6D4C5FD51127, cid=2514, SUCCESS, logIndex=3819, commits[6571ba41-d309-4d1d-a321-129a77bf1602:c3819, 75e8c5ea-f06a-43e1-af6e-1f7f9b0b2cc1:c3817, 1d8d2908-dfb4-4358-9c6e-64b435d6fccc:c3817]
2019-07-03 07:08:25,214 INFO  client.GrpcClientProtocolClient (GrpcClientProtocolClient.java:onNext(254)) - client-253D2503C21A->6571ba41-d309-4d1d-a321-129a77bf1602: receive RaftClientReply:client-253D2503C21A->6571ba41-d309-4d1d-a321-129a77bf1602@group-6D4C5FD51127, cid=2515, SUCCESS, logIndex=0, commits[6571ba41-d309-4d1d-a321-129a77bf1602:c3820, 75e8c5ea-f06a-43e1-af6e-1f7f9b0b2cc1:c3819, 1d8d2908-dfb4-4358-9c6e-64b435d6fccc:c3819]
2019-07-03 07:08:25,247 INFO  client.GrpcClientProtocolClient (GrpcClientProtocolClient.java:onNext(254)) - client-253D2503C21A->6571ba41-d309-4d1d-a321-129a77bf1602: receive RaftClientReply:client-253D2503C21A->6571ba41-d309-4d1d-a321-129a77bf1602@group-6D4C5FD51127, cid=2516, SUCCESS, logIndex=3821, commits[6571ba41-d309-4d1d-a321-129a77bf1602:c3821, 75e8c5ea-f06a-43e1-af6e-1f7f9b0b2cc1:c3820, 1d8d2908-dfb4-4358-9c6e-64b435d6fccc:c3819]
2019-07-03 07:08:25,260 INFO  client.GrpcClientProtocolClient (GrpcClientProtocolClient.java:onNext(254)) - client-253D2503C21A->6571ba41-d309-4d1d-a321-129a77bf1602: receive RaftClientReply:client-253D2503C21A->6571ba41-d309-4d1d-a321-129a77bf1602@group-6D4C5FD51127, cid=2517, SUCCESS, logIndex=3823, commits[6571ba41-d309-4d1d-a321-129a77bf1602:c3824, 75e8c5ea-f06a-43e1-af6e-1f7f9b0b2cc1:c3821, 1d8d2908-dfb4-4358-9c6e-64b435d6fccc:c3821]
2019-07-03 07:08:25,261 INFO  client.GrpcClientProtocolClient (GrpcClientProtocolClient.java:onNext(254)) - client-253D2503C21A->6571ba41-d309-4d1d-a321-129a77bf1602: receive RaftClientReply:client-253D2503C21A->6571ba41-d309-4d1d-a321-129a77bf1602@group-6D4C5FD51127, cid=2518, SUCCESS, logIndex=3824, commits[6571ba41-d309-4d1d-a321-129a77bf1602:c3825, 75e8c5ea-f06a-43e1-af6e-1f7f9b0b2cc1:c3821, 1d8d2908-dfb4-4358-9c6e-64b435d6fccc:c3821]
2019-07-03 07:08:25,261 INFO  client.GrpcClientProtocolClient (GrpcClientProtocolClient.java:onNext(254)) - client-253D2503C21A->6571ba41-d309-4d1d-a321-129a77bf1602: receive RaftClientReply:client-253D2503C21A->6571ba41-d309-4d1d-a321-129a77bf1602@group-6D4C5FD51127, cid=2519, SUCCESS, logIndex=3825, commits[6571ba41-d309-4d1d-a321-129a77bf1602:c3825, 75e8c5ea-f06a-43e1-af6e-1f7f9b0b2cc1:c3823, 1d8d2908-dfb4-4358-9c6e-64b435d6fccc:c3821]
2019-07-03 07:08:25,262 INFO  client.GrpcClientProtocolClient (GrpcClientProtocolClient.java:onNext(254)) - client-253D2503C21A->6571ba41-d309-4d1d-a321-129a77bf1602: receive RaftClientReply:client-253D2503C21A->6571ba41-d309-4d1d-a321-129a77bf1602@group-6D4C5FD51127, cid=2520, SUCCESS, logIndex=0, commits[6571ba41-d309-4d1d-a321-129a77bf1602:c3826, 75e8c5ea-f06a-43e1-af6e-1f7f9b0b2cc1:c3823, 1d8d2908-dfb4-4358-9c6e-64b435d6fccc:c3823]
2019-07-03 07:08:25,275 INFO  client.GrpcClientProtocolClient (GrpcClientProtocolClient.java:onNext(254)) - client-253D2503C21A->6571ba41-d309-4d1d-a321-129a77bf1602: receive RaftClientReply:client-253D2503C21A->6571ba41-d309-4d1d-a321-129a77bf1602@group-6D4C5FD51127, cid=2521, SUCCESS, logIndex=3829, commits[6571ba41-d309-4d1d-a321-129a77bf1602:c3829, 75e8c5ea-f06a-43e1-af6e-1f7f9b0b2cc1:c3826, 1d8d2908-dfb4-4358-9c6e-64b435d6fccc:c3825]
2019-07-03 07:08:25,290 INFO  client.GrpcClientProtocolClient (GrpcClientProtocolClient.java:onNext(254)) - client-253D2503C21A->6571ba41-d309-4d1d-a321-129a77bf1602: receive RaftClientReply:client-253D2503C21A->6571ba41-d309-4d1d-a321-129a77bf1602@group-6D4C5FD51127, cid=2522, SUCCESS, logIndex=3831, commits[6571ba41-d309-4d1d-a321-129a77bf1602:c3831, 75e8c5ea-f06a-43e1-af6e-1f7f9b0b2cc1:c3829, 1d8d2908-dfb4-4358-9c6e-64b435d6fccc:c3829]
2019-07-03 07:08:25,315 INFO  client.GrpcClientProtocolClient (GrpcClientProtocolClient.java:onNext(254)) - client-253D2503C21A->6571ba41-d309-4d1d-a321-129a77bf1602: receive RaftClientReply:client-253D2503C21A->6571ba41-d309-4d1d-a321-129a77bf1602@group-6D4C5FD51127, cid=2523, SUCCESS, logIndex=3833, commits[6571ba41-d309-4d1d-a321-129a77bf1602:c3833, 75e8c5ea-f06a-43e1-af6e-1f7f9b0b2cc1:c3831, 1d8d2908-dfb4-4358-9c6e-64b435d6fccc:c3831]
2019-07-03 07:08:25,319 INFO  client.GrpcClientProtocolClient (GrpcClientProtocolClient.java:onNext(254)) - client-253D2503C21A->6571ba41-d309-4d1d-a321-129a77bf1602: receive RaftClientReply:client-253D2503C21A->6571ba41-d309-4d1d-a321-129a77bf1602@group-6D4C5FD51127, cid=2524, SUCCESS, logIndex=3835, commits[6571ba41-d309-4d1d-a321-129a77bf1602:c3835, 75e8c5ea-f06a-43e1-af6e-1f7f9b0b2cc1:c3833, 1d8d2908-dfb4-4358-9c6e-64b435d6fccc:c3833]
2019-07-03 07:08:25,330 INFO  client.GrpcClientProtocolClient (GrpcClientProtocolClient.java:onNext(254)) - client-253D2503C21A->6571ba41-d309-4d1d-a321-129a77bf1602: receive RaftClientReply:client-253D2503C21A->6571ba41-d309-4d1d-a321-129a77bf1602@group-6D4C5FD51127, cid=2525, SUCCESS, logIndex=0, commits[6571ba41-d309-4d1d-a321-129a77bf1602:c3835, 75e8c5ea-f06a-43e1-af6e-1f7f9b0b2cc1:c3835, 1d8d2908-dfb4-4358-9c6e-64b435d6fccc:c3835]
2019-07-03 07:08:25,361 INFO  client.GrpcClientProtocolClient (GrpcClientProtocolClient.java:onNext(254)) - client-253D2503C21A->6571ba41-d309-4d1d-a321-129a77bf1602: receive RaftClientReply:client-253D2503C21A->6571ba41-d309-4d1d-a321-129a77bf1602@group-6D4C5FD51127, cid=2526, SUCCESS, logIndex=3837, commits[6571ba41-d309-4d1d-a321-129a77bf1602:c3837, 75e8c5ea-f06a-43e1-af6e-1f7f9b0b2cc1:c3836, 1d8d2908-dfb4-4358-9c6e-64b435d6fccc:c3836]
2019-07-03 07:08:25,388 INFO  client.GrpcClientProtocolClient (GrpcClientProtocolClient.java:onNext(254)) - client-253D2503C21A->6571ba41-d309-4d1d-a321-129a77bf1602: receive RaftClientReply:client-253D2503C21A->6571ba41-d309-4d1d-a321-129a77bf1602@group-6D4C5FD51127, cid=2527, SUCCESS, logIndex=3839, commits[6571ba41-d309-4d1d-a321-129a77bf1602:c3840, 75e8c5ea-f06a-43e1-af6e-1f7f9b0b2cc1:c3837, 1d8d2908-dfb4-4358-9c6e-64b435d6fccc:c3837]
2019-07-03 07:08:25,388 INFO  client.GrpcClientProtocolClient (GrpcClientProtocolClient.java:onNext(254)) - client-253D2503C21A->6571ba41-d309-4d1d-a321-129a77bf1602: receive RaftClientReply:client-253D2503C21A->6571ba41-d309-4d1d-a321-129a77bf1602@group-6D4C5FD51127, cid=2528, SUCCESS, logIndex=3840, commits[6571ba41-d309-4d1d-a321-129a77bf1602:c3840, 75e8c5ea-f06a-43e1-af6e-1f7f9b0b2cc1:c3837, 1d8d2908-dfb4-4358-9c6e-64b435d6fccc:c3837]
2019-07-03 07:08:25,388 INFO  client.GrpcClientProtocolClient (GrpcClientProtocolClient.java:onNext(254)) - client-253D2503C21A->6571ba41-d309-4d1d-a321-129a77bf1602: receive RaftClientReply:client-253D2503C21A->6571ba41-d309-4d1d-a321-129a77bf1602@group-6D4C5FD51127, cid=2529, SUCCESS, logIndex=3841, commits[6571ba41-d309-4d1d-a321-129a77bf1602:c3841, 75e8c5ea-f06a-43e1-af6e-1f7f9b0b2cc1:c3837, 1d8d2908-dfb4-4358-9c6e-64b435d6fccc:c3839]
2019-07-03 07:08:25,390 INFO  client.GrpcClientProtocolClient (GrpcClientProtocolClient.java:onNext(254)) - client-253D2503C21A->6571ba41-d309-4d1d-a321-129a77bf1602: receive RaftClientReply:client-253D2503C21A->6571ba41-d309-4d1d-a321-129a77bf1602@group-6D4C5FD51127, cid=2530, SUCCESS, logIndex=0, commits[6571ba41-d309-4d1d-a321-129a77bf1602:c3842, 75e8c5ea-f06a-43e1-af6e-1f7f9b0b2cc1:c3840, 1d8d2908-dfb4-4358-9c6e-64b435d6fccc:c3839]
2019-07-03 07:08:25,404 INFO  client.GrpcClientProtocolClient (GrpcClientProtocolClient.java:onNext(254)) - client-253D2503C21A->6571ba41-d309-4d1d-a321-129a77bf1602: receive RaftClientReply:client-253D2503C21A->6571ba41-d309-4d1d-a321-129a77bf1602@group-6D4C5FD51127, cid=2531, SUCCESS, logIndex=3845, commits[6571ba41-d309-4d1d-a321-129a77bf1602:c3845, 75e8c5ea-f06a-43e1-af6e-1f7f9b0b2cc1:c3842, 1d8d2908-dfb4-4358-9c6e-64b435d6fccc:c3842]
2019-07-03 07:08:25,407 INFO  client.GrpcClientProtocolClient (GrpcClientProtocolClient.java:onNext(254)) - client-253D2503C21A->6571ba41-d309-4d1d-a321-129a77bf1602: receive RaftClientReply:client-253D2503C21A->6571ba41-d309-4d1d-a321-129a77bf1602@group-6D4C5FD51127, cid=2532, SUCCESS, logIndex=3847, commits[6571ba41-d309-4d1d-a321-129a77bf1602:c3847, 75e8c5ea-f06a-43e1-af6e-1f7f9b0b2cc1:c3845, 1d8d2908-dfb4-4358-9c6e-64b435d6fccc:c3845]
2019-07-03 07:08:25,421 INFO  client.GrpcClientProtocolClient (GrpcClientProtocolClient.java:onNext(254)) - client-253D2503C21A->6571ba41-d309-4d1d-a321-129a77bf1602: receive RaftClientReply:client-253D2503C21A->6571ba41-d309-4d1d-a321-129a77bf1602@group-6D4C5FD51127, cid=2533, SUCCESS, logIndex=3849, commits[6571ba41-d309-4d1d-a321-129a77bf1602:c3849, 75e8c5ea-f06a-43e1-af6e-1f7f9b0b2cc1:c3847, 1d8d2908-dfb4-4358-9c6e-64b435d6fccc:c3847]
2019-07-03 07:08:25,441 INFO  client.GrpcClientProtocolClient (GrpcClientProtocolClient.java:onNext(254)) - client-253D2503C21A->6571ba41-d309-4d1d-a321-129a77bf1602: receive RaftClientReply:client-253D2503C21A->6571ba41-d309-4d1d-a321-129a77bf1602@group-6D4C5FD51127, cid=2534, SUCCESS, logIndex=3851, commits[6571ba41-d309-4d1d-a321-129a77bf1602:c3851, 75e8c5ea-f06a-43e1-af6e-1f7f9b0b2cc1:c3849, 1d8d2908-dfb4-4358-9c6e-64b435d6fccc:c3849]
2019-07-03 07:08:25,453 INFO  client.GrpcClientProtocolClient (GrpcClientProtocolClient.java:onNext(254)) - client-253D2503C21A->6571ba41-d309-4d1d-a321-129a77bf1602: receive RaftClientReply:client-253D2503C21A->6571ba41-d309-4d1d-a321-129a77bf1602@group-6D4C5FD51127, cid=2535, SUCCESS, logIndex=0, commits[6571ba41-d309-4d1d-a321-129a77bf1602:c3851, 75e8c5ea-f06a-43e1-af6e-1f7f9b0b2cc1:c3851, 1d8d2908-dfb4-4358-9c6e-64b435d6fccc:c3851]
2019-07-03 07:08:25,483 INFO  client.GrpcClientProtocolClient (GrpcClientProtocolClient.java:onNext(254)) - client-253D2503C21A->6571ba41-d309-4d1d-a321-129a77bf1602: receive RaftClientReply:client-253D2503C21A->6571ba41-d309-4d1d-a321-129a77bf1602@group-6D4C5FD51127, cid=2536, SUCCESS, logIndex=3853, commits[6571ba41-d309-4d1d-a321-129a77bf1602:c3853, 75e8c5ea-f06a-43e1-af6e-1f7f9b0b2cc1:c3852, 1d8d2908-dfb4-4358-9c6e-64b435d6fccc:c3852]
2019-07-03 07:08:25,495 INFO  client.GrpcClientProtocolClient (GrpcClientProtocolClient.java:onNext(254)) - client-253D2503C21A->6571ba41-d309-4d1d-a321-129a77bf1602: receive RaftClientReply:client-253D2503C21A->6571ba41-d309-4d1d-a321-129a77bf1602@group-6D4C5FD51127, cid=2537, SUCCESS, logIndex=3855, commits[6571ba41-d309-4d1d-a321-129a77bf1602:c3856, 75e8c5ea-f06a-43e1-af6e-1f7f9b0b2cc1:c3853, 1d8d2908-dfb4-4358-9c6e-64b435d6fccc:c3853]
2019-07-03 07:08:25,496 INFO  client.GrpcClientProtocolClient (GrpcClientProtocolClient.java:onNext(254)) - client-253D2503C21A->6571ba41-d309-4d1d-a321-129a77bf1602: receive RaftClientReply:client-253D2503C21A->6571ba41-d309-4d1d-a321-129a77bf1602@group-6D4C5FD51127, cid=2538, SUCCESS, logIndex=3856, commits[6571ba41-d309-4d1d-a321-129a77bf1602:c3856, 75e8c5ea-f06a-43e1-af6e-1f7f9b0b2cc1:c3853, 1d8d2908-dfb4-4358-9c6e-64b435d6fccc:c3853]
2019-07-03 07:08:25,496 INFO  client.GrpcClientProtocolClient (GrpcClientProtocolClient.java:onNext(254)) - client-253D2503C21A->6571ba41-d309-4d1d-a321-129a77bf1602: receive RaftClientReply:client-253D2503C21A->6571ba41-d309-4d1d-a321-129a77bf1602@group-6D4C5FD51127, cid=2539, SUCCESS, logIndex=3857, commits[6571ba41-d309-4d1d-a321-129a77bf1602:c3858, 75e8c5ea-f06a-43e1-af6e-1f7f9b0b2cc1:c3853, 1d8d2908-dfb4-4358-9c6e-64b435d6fccc:c3855]
2019-07-03 07:08:25,497 INFO  client.GrpcClientProtocolClient (GrpcClientProtocolClient.java:onNext(254)) - client-253D2503C21A->6571ba41-d309-4d1d-a321-129a77bf1602: receive RaftClientReply:client-253D2503C21A->6571ba41-d309-4d1d-a321-129a77bf1602@group-6D4C5FD51127, cid=2540, SUCCESS, logIndex=0, commits[6571ba41-d309-4d1d-a321-129a77bf1602:c3858, 75e8c5ea-f06a-43e1-af6e-1f7f9b0b2cc1:c3856, 1d8d2908-dfb4-4358-9c6e-64b435d6fccc:c3856]
2019-07-03 07:08:25,517 INFO  client.GrpcClientProtocolClient (GrpcClientProtocolClient.java:onNext(254)) - client-253D2503C21A->6571ba41-d309-4d1d-a321-129a77bf1602: receive RaftClientReply:client-253D2503C21A->6571ba41-d309-4d1d-a321-129a77bf1602@group-6D4C5FD51127, cid=2541, SUCCESS, logIndex=3861, commits[6571ba41-d309-4d1d-a321-129a77bf1602:c3861, 75e8c5ea-f06a-43e1-af6e-1f7f9b0b2cc1:c3860, 1d8d2908-dfb4-4358-9c6e-64b435d6fccc:c3860]
2019-07-03 07:08:25,532 INFO  client.GrpcClientProtocolClient (GrpcClientProtocolClient.java:onNext(254)) - client-253D2503C21A->6571ba41-d309-4d1d-a321-129a77bf1602: receive RaftClientReply:client-253D2503C21A->6571ba41-d309-4d1d-a321-129a77bf1602@group-6D4C5FD51127, cid=2542, SUCCESS, logIndex=3863, commits[6571ba41-d309-4d1d-a321-129a77bf1602:c3863, 75e8c5ea-f06a-43e1-af6e-1f7f9b0b2cc1:c3861, 1d8d2908-dfb4-4358-9c6e-64b435d6fccc:c3861]
2019-07-03 07:08:25,547 INFO  client.GrpcClientProtocolClient (GrpcClientProtocolClient.java:onNext(254)) - client-253D2503C21A->6571ba41-d309-4d1d-a321-129a77bf1602: receive RaftClientReply:client-253D2503C21A->6571ba41-d309-4d1d-a321-129a77bf1602@group-6D4C5FD51127, cid=2543, SUCCESS, logIndex=3865, commits[6571ba41-d309-4d1d-a321-129a77bf1602:c3865, 75e8c5ea-f06a-43e1-af6e-1f7f9b0b2cc1:c3863, 1d8d2908-dfb4-4358-9c6e-64b435d6fccc:c3863]
2019-07-03 07:08:25,562 INFO  client.GrpcClientProtocolClient (GrpcClientProtocolClient.java:onNext(254)) - client-253D2503C21A->6571ba41-d309-4d1d-a321-129a77bf1602: receive RaftClientReply:client-253D2503C21A->6571ba41-d309-4d1d-a321-129a77bf1602@group-6D4C5FD51127, cid=2544, SUCCESS, logIndex=3867, commits[6571ba41-d309-4d1d-a321-129a77bf1602:c3867, 75e8c5ea-f06a-43e1-af6e-1f7f9b0b2cc1:c3865, 1d8d2908-dfb4-4358-9c6e-64b435d6fccc:c3865]
2019-07-03 07:08:25,574 INFO  client.GrpcClientProtocolClient (GrpcClientProtocolClient.java:onNext(254)) - client-253D2503C21A->6571ba41-d309-4d1d-a321-129a77bf1602: receive RaftClientReply:client-253D2503C21A->6571ba41-d309-4d1d-a321-129a77bf1602@group-6D4C5FD51127, cid=2545, SUCCESS, logIndex=0, commits[6571ba41-d309-4d1d-a321-129a77bf1602:c3868, 75e8c5ea-f06a-43e1-af6e-1f7f9b0b2cc1:c3867, 1d8d2908-dfb4-4358-9c6e-64b435d6fccc:c3867]
2019-07-03 07:08:25,603 INFO  client.GrpcClientProtocolClient (GrpcClientProtocolClient.java:onNext(254)) - client-253D2503C21A->6571ba41-d309-4d1d-a321-129a77bf1602: receive RaftClientReply:client-253D2503C21A->6571ba41-d309-4d1d-a321-129a77bf1602@group-6D4C5FD51127, cid=2546, SUCCESS, logIndex=3869, commits[6571ba41-d309-4d1d-a321-129a77bf1602:c3869, 75e8c5ea-f06a-43e1-af6e-1f7f9b0b2cc1:c3868, 1d8d2908-dfb4-4358-9c6e-64b435d6fccc:c3868]
2019-07-03 07:08:25,615 INFO  client.GrpcClientProtocolClient (GrpcClientProtocolClient.java:onNext(254)) - client-253D2503C21A->6571ba41-d309-4d1d-a321-129a77bf1602: receive RaftClientReply:client-253D2503C21A->6571ba41-d309-4d1d-a321-129a77bf1602@group-6D4C5FD51127, cid=2547, SUCCESS, logIndex=3871, commits[6571ba41-d309-4d1d-a321-129a77bf1602:c3872, 75e8c5ea-f06a-43e1-af6e-1f7f9b0b2cc1:c3869, 1d8d2908-dfb4-4358-9c6e-64b435d6fccc:c3869]
2019-07-03 07:08:25,615 INFO  client.GrpcClientProtocolClient (GrpcClientProtocolClient.java:onNext(254)) - client-253D2503C21A->6571ba41-d309-4d1d-a321-129a77bf1602: receive RaftClientReply:client-253D2503C21A->6571ba41-d309-4d1d-a321-129a77bf1602@group-6D4C5FD51127, cid=2548, SUCCESS, logIndex=3872, commits[6571ba41-d309-4d1d-a321-129a77bf1602:c3873, 75e8c5ea-f06a-43e1-af6e-1f7f9b0b2cc1:c3869, 1d8d2908-dfb4-4358-9c6e-64b435d6fccc:c3869]
2019-07-03 07:08:25,616 INFO  client.GrpcClientProtocolClient (GrpcClientProtocolClient.java:onNext(254)) - client-253D2503C21A->6571ba41-d309-4d1d-a321-129a77bf1602: receive RaftClientReply:client-253D2503C21A->6571ba41-d309-4d1d-a321-129a77bf1602@group-6D4C5FD51127, cid=2549, SUCCESS, logIndex=3873, commits[6571ba41-d309-4d1d-a321-129a77bf1602:c3873, 75e8c5ea-f06a-43e1-af6e-1f7f9b0b2cc1:c3869, 1d8d2908-dfb4-4358-9c6e-64b435d6fccc:c3869]
2019-07-03 07:08:25,618 INFO  client.GrpcClientProtocolClient (GrpcClientProtocolClient.java:onNext(254)) - client-253D2503C21A->6571ba41-d309-4d1d-a321-129a77bf1602: receive RaftClientReply:client-253D2503C21A->6571ba41-d309-4d1d-a321-129a77bf1602@group-6D4C5FD51127, cid=2550, SUCCESS, logIndex=0, commits[6571ba41-d309-4d1d-a321-129a77bf1602:c3874, 75e8c5ea-f06a-43e1-af6e-1f7f9b0b2cc1:c3871, 1d8d2908-dfb4-4358-9c6e-64b435d6fccc:c3872]
2019-07-03 07:08:25,630 INFO  client.GrpcClientProtocolClient (GrpcClientProtocolClient.java:onNext(254)) - client-253D2503C21A->6571ba41-d309-4d1d-a321-129a77bf1602: receive RaftClientReply:client-253D2503C21A->6571ba41-d309-4d1d-a321-129a77bf1602@group-6D4C5FD51127, cid=2551, SUCCESS, logIndex=3877, commits[6571ba41-d309-4d1d-a321-129a77bf1602:c3877, 75e8c5ea-f06a-43e1-af6e-1f7f9b0b2cc1:c3873, 1d8d2908-dfb4-4358-9c6e-64b435d6fccc:c3874]
2019-07-03 07:08:25,639 INFO  client.GrpcClientProtocolClient (GrpcClientProtocolClient.java:onNext(254)) - client-253D2503C21A->6571ba41-d309-4d1d-a321-129a77bf1602: receive RaftClientReply:client-253D2503C21A->6571ba41-d309-4d1d-a321-129a77bf1602@group-6D4C5FD51127, cid=2552, SUCCESS, logIndex=3879, commits[6571ba41-d309-4d1d-a321-129a77bf1602:c3879, 75e8c5ea-f06a-43e1-af6e-1f7f9b0b2cc1:c3877, 1d8d2908-dfb4-4358-9c6e-64b435d6fccc:c3877]
2019-07-03 07:08:25,658 INFO  client.GrpcClientProtocolClient (GrpcClientProtocolClient.java:onNext(254)) - client-253D2503C21A->6571ba41-d309-4d1d-a321-129a77bf1602: receive RaftClientReply:client-253D2503C21A->6571ba41-d309-4d1d-a321-129a77bf1602@group-6D4C5FD51127, cid=2553, SUCCESS, logIndex=3881, commits[6571ba41-d309-4d1d-a321-129a77bf1602:c3881, 75e8c5ea-f06a-43e1-af6e-1f7f9b0b2cc1:c3879, 1d8d2908-dfb4-4358-9c6e-64b435d6fccc:c3879]
2019-07-03 07:08:25,672 INFO  client.GrpcClientProtocolClient (GrpcClientProtocolClient.java:onNext(254)) - client-253D2503C21A->6571ba41-d309-4d1d-a321-129a77bf1602: receive RaftClientReply:client-253D2503C21A->6571ba41-d309-4d1d-a321-129a77bf1602@group-6D4C5FD51127, cid=2554, SUCCESS, logIndex=3883, commits[6571ba41-d309-4d1d-a321-129a77bf1602:c3883, 75e8c5ea-f06a-43e1-af6e-1f7f9b0b2cc1:c3881, 1d8d2908-dfb4-4358-9c6e-64b435d6fccc:c3881]
2019-07-03 07:08:25,686 INFO  client.GrpcClientProtocolClient (GrpcClientProtocolClient.java:onNext(254)) - client-253D2503C21A->6571ba41-d309-4d1d-a321-129a77bf1602: receive RaftClientReply:client-253D2503C21A->6571ba41-d309-4d1d-a321-129a77bf1602@group-6D4C5FD51127, cid=2555, SUCCESS, logIndex=0, commits[6571ba41-d309-4d1d-a321-129a77bf1602:c3884, 75e8c5ea-f06a-43e1-af6e-1f7f9b0b2cc1:c3883, 1d8d2908-dfb4-4358-9c6e-64b435d6fccc:c3883]
 0.00% |█                                                                                                    |  0/1 Time: 0:00:332019-07-03 07:08:25,841 INFO  client.GrpcClientProtocolClient (GrpcClientProtocolClient.java:onNext(254)) - client-253D2503C21A->6571ba41-d309-4d1d-a321-129a77bf1602: receive RaftClientReply:client-253D2503C21A->6571ba41-d309-4d1d-a321-129a77bf1602@group-6D4C5FD51127, cid=2556, SUCCESS, logIndex=3885, commits[6571ba41-d309-4d1d-a321-129a77bf1602:c3885, 75e8c5ea-f06a-43e1-af6e-1f7f9b0b2cc1:c3884, 1d8d2908-dfb4-4358-9c6e-64b435d6fccc:c3884]
2019-07-03 07:08:25,854 INFO  client.GrpcClientProtocolClient (GrpcClientProtocolClient.java:onNext(254)) - client-253D2503C21A->6571ba41-d309-4d1d-a321-129a77bf1602: receive RaftClientReply:client-253D2503C21A->6571ba41-d309-4d1d-a321-129a77bf1602@group-6D4C5FD51127, cid=2557, SUCCESS, logIndex=3887, commits[6571ba41-d309-4d1d-a321-129a77bf1602:c3888, 75e8c5ea-f06a-43e1-af6e-1f7f9b0b2cc1:c3885, 1d8d2908-dfb4-4358-9c6e-64b435d6fccc:c3885]
2019-07-03 07:08:25,854 INFO  client.GrpcClientProtocolClient (GrpcClientProtocolClient.java:onNext(254)) - client-253D2503C21A->6571ba41-d309-4d1d-a321-129a77bf1602: receive RaftClientReply:client-253D2503C21A->6571ba41-d309-4d1d-a321-129a77bf1602@group-6D4C5FD51127, cid=2558, SUCCESS, logIndex=3888, commits[6571ba41-d309-4d1d-a321-129a77bf1602:c3889, 75e8c5ea-f06a-43e1-af6e-1f7f9b0b2cc1:c3885, 1d8d2908-dfb4-4358-9c6e-64b435d6fccc:c3885]
2019-07-03 07:08:25,854 INFO  client.GrpcClientProtocolClient (GrpcClientProtocolClient.java:onNext(254)) - client-253D2503C21A->6571ba41-d309-4d1d-a321-129a77bf1602: receive RaftClientReply:client-253D2503C21A->6571ba41-d309-4d1d-a321-129a77bf1602@group-6D4C5FD51127, cid=2559, SUCCESS, logIndex=3889, commits[6571ba41-d309-4d1d-a321-129a77bf1602:c3889, 75e8c5ea-f06a-43e1-af6e-1f7f9b0b2cc1:c3885, 1d8d2908-dfb4-4358-9c6e-64b435d6fccc:c3885]
2019-07-03 07:08:25,857 INFO  client.GrpcClientProtocolClient (GrpcClientProtocolClient.java:onNext(254)) - client-253D2503C21A->6571ba41-d309-4d1d-a321-129a77bf1602: receive RaftClientReply:client-253D2503C21A->6571ba41-d309-4d1d-a321-129a77bf1602@group-6D4C5FD51127, cid=2560, SUCCESS, logIndex=0, commits[6571ba41-d309-4d1d-a321-129a77bf1602:c3890, 75e8c5ea-f06a-43e1-af6e-1f7f9b0b2cc1:c3887, 1d8d2908-dfb4-4358-9c6e-64b435d6fccc:c3887]
2019-07-03 07:08:25,885 INFO  client.GrpcClientProtocolClient (GrpcClientProtocolClient.java:onNext(254)) - client-253D2503C21A->6571ba41-d309-4d1d-a321-129a77bf1602: receive RaftClientReply:client-253D2503C21A->6571ba41-d309-4d1d-a321-129a77bf1602@group-6D4C5FD51127, cid=2561, SUCCESS, logIndex=3893, commits[6571ba41-d309-4d1d-a321-129a77bf1602:c3893, 75e8c5ea-f06a-43e1-af6e-1f7f9b0b2cc1:c3890, 1d8d2908-dfb4-4358-9c6e-64b435d6fccc:c3890]
2019-07-03 07:08:25,889 INFO  client.GrpcClientProtocolClient (GrpcClientProtocolClient.java:onNext(254)) - client-253D2503C21A->6571ba41-d309-4d1d-a321-129a77bf1602: receive RaftClientReply:client-253D2503C21A->6571ba41-d309-4d1d-a321-129a77bf1602@group-6D4C5FD51127, cid=2562, SUCCESS, logIndex=3895, commits[6571ba41-d309-4d1d-a321-129a77bf1602:c3895, 75e8c5ea-f06a-43e1-af6e-1f7f9b0b2cc1:c3893, 1d8d2908-dfb4-4358-9c6e-64b435d6fccc:c3893]
2019-07-03 07:08:25,915 INFO  client.GrpcClientProtocolClient (GrpcClientProtocolClient.java:onNext(254)) - client-253D2503C21A->6571ba41-d309-4d1d-a321-129a77bf1602: receive RaftClientReply:client-253D2503C21A->6571ba41-d309-4d1d-a321-129a77bf1602@group-6D4C5FD51127, cid=2563, SUCCESS, logIndex=3897, commits[6571ba41-d309-4d1d-a321-129a77bf1602:c3897, 75e8c5ea-f06a-43e1-af6e-1f7f9b0b2cc1:c3895, 1d8d2908-dfb4-4358-9c6e-64b435d6fccc:c3895]
2019-07-03 07:08:25,915 INFO  storage.RaftLogWorker (RaftLogWorker.java:rollLogSegment(303)) - 6571ba41-d309-4d1d-a321-129a77bf1602-RaftLogWorker: Rolling segment log-3819_3898 to index:3898
2019-07-03 07:08:25,916 INFO  storage.RaftLogWorker (RaftLogWorker.java:execute(433)) - 6571ba41-d309-4d1d-a321-129a77bf1602-RaftLogWorker: Rolled log segment from /opt/src/hadoop-ozone/tools/target/test-dir/MiniOzoneClusterImpl-0519545d-318d-4c21-a2a0-688f18f8a31d/datanode-4/data/ratis/23ffc2a4-5526-4092-9dc4-6d4c5fd51127/current/log_inprogress_3819 to /opt/src/hadoop-ozone/tools/target/test-dir/MiniOzoneClusterImpl-0519545d-318d-4c21-a2a0-688f18f8a31d/datanode-4/data/ratis/23ffc2a4-5526-4092-9dc4-6d4c5fd51127/current/log_3819-3898
2019-07-03 07:08:25,916 INFO  storage.RaftLogWorker (RaftLogWorker.java:rollLogSegment(303)) - 1d8d2908-dfb4-4358-9c6e-64b435d6fccc-RaftLogWorker: Rolling segment log-3819_3898 to index:3898
2019-07-03 07:08:25,916 INFO  storage.RaftLogWorker (RaftLogWorker.java:rollLogSegment(303)) - 75e8c5ea-f06a-43e1-af6e-1f7f9b0b2cc1-RaftLogWorker: Rolling segment log-3819_3898 to index:3898
2019-07-03 07:08:25,917 INFO  storage.RaftLogWorker (RaftLogWorker.java:execute(433)) - 1d8d2908-dfb4-4358-9c6e-64b435d6fccc-RaftLogWorker: Rolled log segment from /opt/src/hadoop-ozone/tools/target/test-dir/MiniOzoneClusterImpl-0519545d-318d-4c21-a2a0-688f18f8a31d/datanode-2/data/ratis/23ffc2a4-5526-4092-9dc4-6d4c5fd51127/current/log_inprogress_3819 to /opt/src/hadoop-ozone/tools/target/test-dir/MiniOzoneClusterImpl-0519545d-318d-4c21-a2a0-688f18f8a31d/datanode-2/data/ratis/23ffc2a4-5526-4092-9dc4-6d4c5fd51127/current/log_3819-3898
2019-07-03 07:08:25,917 INFO  storage.RaftLogWorker (RaftLogWorker.java:execute(433)) - 75e8c5ea-f06a-43e1-af6e-1f7f9b0b2cc1-RaftLogWorker: Rolled log segment from /opt/src/hadoop-ozone/tools/target/test-dir/MiniOzoneClusterImpl-0519545d-318d-4c21-a2a0-688f18f8a31d/datanode-1/data/ratis/23ffc2a4-5526-4092-9dc4-6d4c5fd51127/current/log_inprogress_3819 to /opt/src/hadoop-ozone/tools/target/test-dir/MiniOzoneClusterImpl-0519545d-318d-4c21-a2a0-688f18f8a31d/datanode-1/data/ratis/23ffc2a4-5526-4092-9dc4-6d4c5fd51127/current/log_3819-3898
2019-07-03 07:08:25,978 INFO  storage.RaftLogWorker (RaftLogWorker.java:execute(469)) - 75e8c5ea-f06a-43e1-af6e-1f7f9b0b2cc1-RaftLogWorker: created new log segment /opt/src/hadoop-ozone/tools/target/test-dir/MiniOzoneClusterImpl-0519545d-318d-4c21-a2a0-688f18f8a31d/datanode-1/data/ratis/23ffc2a4-5526-4092-9dc4-6d4c5fd51127/current/log_inprogress_3899
2019-07-03 07:08:25,978 INFO  storage.RaftLogWorker (RaftLogWorker.java:execute(469)) - 1d8d2908-dfb4-4358-9c6e-64b435d6fccc-RaftLogWorker: created new log segment /opt/src/hadoop-ozone/tools/target/test-dir/MiniOzoneClusterImpl-0519545d-318d-4c21-a2a0-688f18f8a31d/datanode-2/data/ratis/23ffc2a4-5526-4092-9dc4-6d4c5fd51127/current/log_inprogress_3899
2019-07-03 07:08:25,978 INFO  storage.RaftLogWorker (RaftLogWorker.java:execute(469)) - 6571ba41-d309-4d1d-a321-129a77bf1602-RaftLogWorker: created new log segment /opt/src/hadoop-ozone/tools/target/test-dir/MiniOzoneClusterImpl-0519545d-318d-4c21-a2a0-688f18f8a31d/datanode-4/data/ratis/23ffc2a4-5526-4092-9dc4-6d4c5fd51127/current/log_inprogress_3899
2019-07-03 07:08:25,992 INFO  client.GrpcClientProtocolClient (GrpcClientProtocolClient.java:onNext(254)) - client-253D2503C21A->6571ba41-d309-4d1d-a321-129a77bf1602: receive RaftClientReply:client-253D2503C21A->6571ba41-d309-4d1d-a321-129a77bf1602@group-6D4C5FD51127, cid=2564, SUCCESS, logIndex=3899, commits[6571ba41-d309-4d1d-a321-129a77bf1602:c3899, 75e8c5ea-f06a-43e1-af6e-1f7f9b0b2cc1:c3898, 1d8d2908-dfb4-4358-9c6e-64b435d6fccc:c3898]
2019-07-03 07:08:26,003 INFO  client.GrpcClientProtocolClient (GrpcClientProtocolClient.java:onNext(254)) - client-253D2503C21A->6571ba41-d309-4d1d-a321-129a77bf1602: receive RaftClientReply:client-253D2503C21A->6571ba41-d309-4d1d-a321-129a77bf1602@group-6D4C5FD51127, cid=2565, SUCCESS, logIndex=0, commits[6571ba41-d309-4d1d-a321-129a77bf1602:c3900, 75e8c5ea-f06a-43e1-af6e-1f7f9b0b2cc1:c3899, 1d8d2908-dfb4-4358-9c6e-64b435d6fccc:c3899]
2019-07-03 07:08:26,038 INFO  client.GrpcClientProtocolClient (GrpcClientProtocolClient.java:onNext(254)) - client-253D2503C21A->6571ba41-d309-4d1d-a321-129a77bf1602: receive RaftClientReply:client-253D2503C21A->6571ba41-d309-4d1d-a321-129a77bf1602@group-6D4C5FD51127, cid=2566, SUCCESS, logIndex=3901, commits[6571ba41-d309-4d1d-a321-129a77bf1602:c3901, 75e8c5ea-f06a-43e1-af6e-1f7f9b0b2cc1:c3900, 1d8d2908-dfb4-4358-9c6e-64b435d6fccc:c3900]
2019-07-03 07:08:26,051 INFO  client.GrpcClientProtocolClient (GrpcClientProtocolClient.java:onNext(254)) - client-253D2503C21A->6571ba41-d309-4d1d-a321-129a77bf1602: receive RaftClientReply:client-253D2503C21A->6571ba41-d309-4d1d-a321-129a77bf1602@group-6D4C5FD51127, cid=2567, SUCCESS, logIndex=3903, commits[6571ba41-d309-4d1d-a321-129a77bf1602:c3903, 75e8c5ea-f06a-43e1-af6e-1f7f9b0b2cc1:c3901, 1d8d2908-dfb4-4358-9c6e-64b435d6fccc:c3901]
2019-07-03 07:08:26,052 INFO  client.GrpcClientProtocolClient (GrpcClientProtocolClient.java:onNext(254)) - client-253D2503C21A->6571ba41-d309-4d1d-a321-129a77bf1602: receive RaftClientReply:client-253D2503C21A->6571ba41-d309-4d1d-a321-129a77bf1602@group-6D4C5FD51127, cid=2568, SUCCESS, logIndex=3904, commits[6571ba41-d309-4d1d-a321-129a77bf1602:c3904, 75e8c5ea-f06a-43e1-af6e-1f7f9b0b2cc1:c3901, 1d8d2908-dfb4-4358-9c6e-64b435d6fccc:c3901]
2019-07-03 07:08:26,052 INFO  client.GrpcClientProtocolClient (GrpcClientProtocolClient.java:onNext(254)) - client-253D2503C21A->6571ba41-d309-4d1d-a321-129a77bf1602: receive RaftClientReply:client-253D2503C21A->6571ba41-d309-4d1d-a321-129a77bf1602@group-6D4C5FD51127, cid=2569, SUCCESS, logIndex=3905, commits[6571ba41-d309-4d1d-a321-129a77bf1602:c3905, 75e8c5ea-f06a-43e1-af6e-1f7f9b0b2cc1:c3901, 1d8d2908-dfb4-4358-9c6e-64b435d6fccc:c3901]
2019-07-03 07:08:26,065 INFO  client.GrpcClientProtocolClient (GrpcClientProtocolClient.java:onNext(254)) - client-253D2503C21A->6571ba41-d309-4d1d-a321-129a77bf1602: receive RaftClientReply:client-253D2503C21A->6571ba41-d309-4d1d-a321-129a77bf1602@group-6D4C5FD51127, cid=2570, SUCCESS, logIndex=0, commits[6571ba41-d309-4d1d-a321-129a77bf1602:c3907, 75e8c5ea-f06a-43e1-af6e-1f7f9b0b2cc1:c3903, 1d8d2908-dfb4-4358-9c6e-64b435d6fccc:c3904]
2019-07-03 07:08:26,090 INFO  client.GrpcClientProtocolClient (GrpcClientProtocolClient.java:onNext(254)) - client-253D2503C21A->6571ba41-d309-4d1d-a321-129a77bf1602: receive RaftClientReply:client-253D2503C21A->6571ba41-d309-4d1d-a321-129a77bf1602@group-6D4C5FD51127, cid=2571, SUCCESS, logIndex=3909, commits[6571ba41-d309-4d1d-a321-129a77bf1602:c3909, 75e8c5ea-f06a-43e1-af6e-1f7f9b0b2cc1:c3908, 1d8d2908-dfb4-4358-9c6e-64b435d6fccc:c3908]
2019-07-03 07:08:26,104 INFO  client.GrpcClientProtocolClient (GrpcClientProtocolClient.java:onNext(254)) - client-253D2503C21A->6571ba41-d309-4d1d-a321-129a77bf1602: receive RaftClientReply:client-253D2503C21A->6571ba41-d309-4d1d-a321-129a77bf1602@group-6D4C5FD51127, cid=2572, SUCCESS, logIndex=3911, commits[6571ba41-d309-4d1d-a321-129a77bf1602:c3911, 75e8c5ea-f06a-43e1-af6e-1f7f9b0b2cc1:c3909, 1d8d2908-dfb4-4358-9c6e-64b435d6fccc:c3909]
2019-07-03 07:08:26,127 INFO  client.GrpcClientProtocolClient (GrpcClientProtocolClient.java:onNext(254)) - client-253D2503C21A->6571ba41-d309-4d1d-a321-129a77bf1602: receive RaftClientReply:client-253D2503C21A->6571ba41-d309-4d1d-a321-129a77bf1602@group-6D4C5FD51127, cid=2573, SUCCESS, logIndex=3913, commits[6571ba41-d309-4d1d-a321-129a77bf1602:c3913, 75e8c5ea-f06a-43e1-af6e-1f7f9b0b2cc1:c3912, 1d8d2908-dfb4-4358-9c6e-64b435d6fccc:c3912]
2019-07-03 07:08:26,150 INFO  client.GrpcClientProtocolClient (GrpcClientProtocolClient.java:onNext(254)) - client-253D2503C21A->6571ba41-d309-4d1d-a321-129a77bf1602: receive RaftClientReply:client-253D2503C21A->6571ba41-d309-4d1d-a321-129a77bf1602@group-6D4C5FD51127, cid=2574, SUCCESS, logIndex=3915, commits[6571ba41-d309-4d1d-a321-129a77bf1602:c3915, 75e8c5ea-f06a-43e1-af6e-1f7f9b0b2cc1:c3913, 1d8d2908-dfb4-4358-9c6e-64b435d6fccc:c3913]
2019-07-03 07:08:26,162 INFO  client.GrpcClientProtocolClient (GrpcClientProtocolClient.java:onNext(254)) - client-253D2503C21A->6571ba41-d309-4d1d-a321-129a77bf1602: receive RaftClientReply:client-253D2503C21A->6571ba41-d309-4d1d-a321-129a77bf1602@group-6D4C5FD51127, cid=2575, SUCCESS, logIndex=0, commits[6571ba41-d309-4d1d-a321-129a77bf1602:c3916, 75e8c5ea-f06a-43e1-af6e-1f7f9b0b2cc1:c3915, 1d8d2908-dfb4-4358-9c6e-64b435d6fccc:c3915]
2019-07-03 07:08:26,195 INFO  client.GrpcClientProtocolClient (GrpcClientProtocolClient.java:onNext(254)) - client-253D2503C21A->6571ba41-d309-4d1d-a321-129a77bf1602: receive RaftClientReply:client-253D2503C21A->6571ba41-d309-4d1d-a321-129a77bf1602@group-6D4C5FD51127, cid=2576, SUCCESS, logIndex=3917, commits[6571ba41-d309-4d1d-a321-129a77bf1602:c3917, 75e8c5ea-f06a-43e1-af6e-1f7f9b0b2cc1:c3916, 1d8d2908-dfb4-4358-9c6e-64b435d6fccc:c3916]
2019-07-03 07:08:26,207 INFO  client.GrpcClientProtocolClient (GrpcClientProtocolClient.java:onNext(254)) - client-253D2503C21A->6571ba41-d309-4d1d-a321-129a77bf1602: receive RaftClientReply:client-253D2503C21A->6571ba41-d309-4d1d-a321-129a77bf1602@group-6D4C5FD51127, cid=2577, SUCCESS, logIndex=3919, commits[6571ba41-d309-4d1d-a321-129a77bf1602:c3920, 75e8c5ea-f06a-43e1-af6e-1f7f9b0b2cc1:c3917, 1d8d2908-dfb4-4358-9c6e-64b435d6fccc:c3917]
2019-07-03 07:08:26,208 INFO  client.GrpcClientProtocolClient (GrpcClientProtocolClient.java:onNext(254)) - client-253D2503C21A->6571ba41-d309-4d1d-a321-129a77bf1602: receive RaftClientReply:client-253D2503C21A->6571ba41-d309-4d1d-a321-129a77bf1602@group-6D4C5FD51127, cid=2578, SUCCESS, logIndex=3920, commits[6571ba41-d309-4d1d-a321-129a77bf1602:c3920, 75e8c5ea-f06a-43e1-af6e-1f7f9b0b2cc1:c3917, 1d8d2908-dfb4-4358-9c6e-64b435d6fccc:c3917]
2019-07-03 07:08:26,209 INFO  client.GrpcClientProtocolClient (GrpcClientProtocolClient.java:onNext(254)) - client-253D2503C21A->6571ba41-d309-4d1d-a321-129a77bf1602: receive RaftClientReply:client-253D2503C21A->6571ba41-d309-4d1d-a321-129a77bf1602@group-6D4C5FD51127, cid=2579, SUCCESS, logIndex=3921, commits[6571ba41-d309-4d1d-a321-129a77bf1602:c3921, 75e8c5ea-f06a-43e1-af6e-1f7f9b0b2cc1:c3917, 1d8d2908-dfb4-4358-9c6e-64b435d6fccc:c3917]
2019-07-03 07:08:26,211 INFO  client.GrpcClientProtocolClient (GrpcClientProtocolClient.java:onNext(254)) - client-253D2503C21A->6571ba41-d309-4d1d-a321-129a77bf1602: receive RaftClientReply:client-253D2503C21A->6571ba41-d309-4d1d-a321-129a77bf1602@group-6D4C5FD51127, cid=2580, SUCCESS, logIndex=0, commits[6571ba41-d309-4d1d-a321-129a77bf1602:c3922, 75e8c5ea-f06a-43e1-af6e-1f7f9b0b2cc1:c3919, 1d8d2908-dfb4-4358-9c6e-64b435d6fccc:c3919]
2019-07-03 07:08:26,241 INFO  client.GrpcClientProtocolClient (GrpcClientProtocolClient.java:onNext(254)) - client-253D2503C21A->6571ba41-d309-4d1d-a321-129a77bf1602: receive RaftClientReply:client-253D2503C21A->6571ba41-d309-4d1d-a321-129a77bf1602@group-6D4C5FD51127, cid=2581, SUCCESS, logIndex=3925, commits[6571ba41-d309-4d1d-a321-129a77bf1602:c3925, 75e8c5ea-f06a-43e1-af6e-1f7f9b0b2cc1:c3924, 1d8d2908-dfb4-4358-9c6e-64b435d6fccc:c3924]
2019-07-03 07:08:26,255 INFO  client.GrpcClientProtocolClient (GrpcClientProtocolClient.java:onNext(254)) - client-253D2503C21A->6571ba41-d309-4d1d-a321-129a77bf1602: receive RaftClientReply:client-253D2503C21A->6571ba41-d309-4d1d-a321-129a77bf1602@group-6D4C5FD51127, cid=2582, SUCCESS, logIndex=3927, commits[6571ba41-d309-4d1d-a321-129a77bf1602:c3927, 75e8c5ea-f06a-43e1-af6e-1f7f9b0b2cc1:c3925, 1d8d2908-dfb4-4358-9c6e-64b435d6fccc:c3925]
2019-07-03 07:08:26,281 INFO  client.GrpcClientProtocolClient (GrpcClientProtocolClient.java:onNext(254)) - client-253D2503C21A->6571ba41-d309-4d1d-a321-129a77bf1602: receive RaftClientReply:client-253D2503C21A->6571ba41-d309-4d1d-a321-129a77bf1602@group-6D4C5FD51127, cid=2583, SUCCESS, logIndex=3929, commits[6571ba41-d309-4d1d-a321-129a77bf1602:c3929, 75e8c5ea-f06a-43e1-af6e-1f7f9b0b2cc1:c3927, 1d8d2908-dfb4-4358-9c6e-64b435d6fccc:c3927]
2019-07-03 07:08:26,284 INFO  client.GrpcClientProtocolClient (GrpcClientProtocolClient.java:onNext(254)) - client-253D2503C21A->6571ba41-d309-4d1d-a321-129a77bf1602: receive RaftClientReply:client-253D2503C21A->6571ba41-d309-4d1d-a321-129a77bf1602@group-6D4C5FD51127, cid=2584, SUCCESS, logIndex=3931, commits[6571ba41-d309-4d1d-a321-129a77bf1602:c3931, 75e8c5ea-f06a-43e1-af6e-1f7f9b0b2cc1:c3929, 1d8d2908-dfb4-4358-9c6e-64b435d6fccc:c3929]
2019-07-03 07:08:26,286 INFO  client.GrpcClientProtocolClient (GrpcClientProtocolClient.java:onNext(254)) - client-253D2503C21A->6571ba41-d309-4d1d-a321-129a77bf1602: receive RaftClientReply:client-253D2503C21A->6571ba41-d309-4d1d-a321-129a77bf1602@group-6D4C5FD51127, cid=2585, SUCCESS, logIndex=0, commits[6571ba41-d309-4d1d-a321-129a77bf1602:c3932, 75e8c5ea-f06a-43e1-af6e-1f7f9b0b2cc1:c3931, 1d8d2908-dfb4-4358-9c6e-64b435d6fccc:c3931]
2019-07-03 07:08:26,322 INFO  client.GrpcClientProtocolClient (GrpcClientProtocolClient.java:onNext(254)) - client-253D2503C21A->6571ba41-d309-4d1d-a321-129a77bf1602: receive RaftClientReply:client-253D2503C21A->6571ba41-d309-4d1d-a321-129a77bf1602@group-6D4C5FD51127, cid=2586, SUCCESS, logIndex=3933, commits[6571ba41-d309-4d1d-a321-129a77bf1602:c3933, 75e8c5ea-f06a-43e1-af6e-1f7f9b0b2cc1:c3932, 1d8d2908-dfb4-4358-9c6e-64b435d6fccc:c3932]
2019-07-03 07:08:26,335 INFO  client.GrpcClientProtocolClient (GrpcClientProtocolClient.java:onNext(254)) - client-253D2503C21A->6571ba41-d309-4d1d-a321-129a77bf1602: receive RaftClientReply:client-253D2503C21A->6571ba41-d309-4d1d-a321-129a77bf1602@group-6D4C5FD51127, cid=2587, SUCCESS, logIndex=3935, commits[6571ba41-d309-4d1d-a321-129a77bf1602:c3936, 75e8c5ea-f06a-43e1-af6e-1f7f9b0b2cc1:c3933, 1d8d2908-dfb4-4358-9c6e-64b435d6fccc:c3933]
2019-07-03 07:08:26,336 INFO  client.GrpcClientProtocolClient (GrpcClientProtocolClient.java:onNext(254)) - client-253D2503C21A->6571ba41-d309-4d1d-a321-129a77bf1602: receive RaftClientReply:client-253D2503C21A->6571ba41-d309-4d1d-a321-129a77bf1602@group-6D4C5FD51127, cid=2588, SUCCESS, logIndex=3936, commits[6571ba41-d309-4d1d-a321-129a77bf1602:c3937, 75e8c5ea-f06a-43e1-af6e-1f7f9b0b2cc1:c3933, 1d8d2908-dfb4-4358-9c6e-64b435d6fccc:c3933]
2019-07-03 07:08:26,336 INFO  client.GrpcClientProtocolClient (GrpcClientProtocolClient.java:onNext(254)) - client-253D2503C21A->6571ba41-d309-4d1d-a321-129a77bf1602: receive RaftClientReply:client-253D2503C21A->6571ba41-d309-4d1d-a321-129a77bf1602@group-6D4C5FD51127, cid=2589, SUCCESS, logIndex=3937, commits[6571ba41-d309-4d1d-a321-129a77bf1602:c3937, 75e8c5ea-f06a-43e1-af6e-1f7f9b0b2cc1:c3933, 1d8d2908-dfb4-4358-9c6e-64b435d6fccc:c3933]
2019-07-03 07:08:26,338 INFO  client.GrpcClientProtocolClient (GrpcClientProtocolClient.java:onNext(254)) - client-253D2503C21A->6571ba41-d309-4d1d-a321-129a77bf1602: receive RaftClientReply:client-253D2503C21A->6571ba41-d309-4d1d-a321-129a77bf1602@group-6D4C5FD51127, cid=2590, SUCCESS, logIndex=0, commits[6571ba41-d309-4d1d-a321-129a77bf1602:c3938, 75e8c5ea-f06a-43e1-af6e-1f7f9b0b2cc1:c3936, 1d8d2908-dfb4-4358-9c6e-64b435d6fccc:c3936]
2019-07-03 07:08:26,421 INFO  client.GrpcClientProtocolClient (GrpcClientProtocolClient.java:onNext(254)) - client-253D2503C21A->6571ba41-d309-4d1d-a321-129a77bf1602: receive RaftClientReply:client-253D2503C21A->6571ba41-d309-4d1d-a321-129a77bf1602@group-6D4C5FD51127, cid=2591, SUCCESS, logIndex=3940, commits[6571ba41-d309-4d1d-a321-129a77bf1602:c3940, 75e8c5ea-f06a-43e1-af6e-1f7f9b0b2cc1:c3938, 1d8d2908-dfb4-4358-9c6e-64b435d6fccc:c3938]
2019-07-03 07:08:26,437 INFO  client.GrpcClientProtocolClient (GrpcClientProtocolClient.java:onNext(254)) - client-253D2503C21A->6571ba41-d309-4d1d-a321-129a77bf1602: receive RaftClientReply:client-253D2503C21A->6571ba41-d309-4d1d-a321-129a77bf1602@group-6D4C5FD51127, cid=2592, SUCCESS, logIndex=3942, commits[6571ba41-d309-4d1d-a321-129a77bf1602:c3942, 75e8c5ea-f06a-43e1-af6e-1f7f9b0b2cc1:c3940, 1d8d2908-dfb4-4358-9c6e-64b435d6fccc:c3940]
2019-07-03 07:08:26,466 INFO  client.GrpcClientProtocolClient (GrpcClientProtocolClient.java:onNext(254)) - client-253D2503C21A->6571ba41-d309-4d1d-a321-129a77bf1602: receive RaftClientReply:client-253D2503C21A->6571ba41-d309-4d1d-a321-129a77bf1602@group-6D4C5FD51127, cid=2593, SUCCESS, logIndex=3944, commits[6571ba41-d309-4d1d-a321-129a77bf1602:c3944, 75e8c5ea-f06a-43e1-af6e-1f7f9b0b2cc1:c3942, 1d8d2908-dfb4-4358-9c6e-64b435d6fccc:c3942]
2019-07-03 07:08:26,481 INFO  client.GrpcClientProtocolClient (GrpcClientProtocolClient.java:onNext(254)) - client-253D2503C21A->6571ba41-d309-4d1d-a321-129a77bf1602: receive RaftClientReply:client-253D2503C21A->6571ba41-d309-4d1d-a321-129a77bf1602@group-6D4C5FD51127, cid=2594, SUCCESS, logIndex=3946, commits[6571ba41-d309-4d1d-a321-129a77bf1602:c3946, 75e8c5ea-f06a-43e1-af6e-1f7f9b0b2cc1:c3944, 1d8d2908-dfb4-4358-9c6e-64b435d6fccc:c3944]
2019-07-03 07:08:26,493 INFO  client.GrpcClientProtocolClient (GrpcClientProtocolClient.java:onNext(254)) - client-253D2503C21A->6571ba41-d309-4d1d-a321-129a77bf1602: receive RaftClientReply:client-253D2503C21A->6571ba41-d309-4d1d-a321-129a77bf1602@group-6D4C5FD51127, cid=2595, SUCCESS, logIndex=0, commits[6571ba41-d309-4d1d-a321-129a77bf1602:c3947, 75e8c5ea-f06a-43e1-af6e-1f7f9b0b2cc1:c3946, 1d8d2908-dfb4-4358-9c6e-64b435d6fccc:c3946]
2019-07-03 07:08:26,526 INFO  client.GrpcClientProtocolClient (GrpcClientProtocolClient.java:onNext(254)) - client-253D2503C21A->6571ba41-d309-4d1d-a321-129a77bf1602: receive RaftClientReply:client-253D2503C21A->6571ba41-d309-4d1d-a321-129a77bf1602@group-6D4C5FD51127, cid=2596, SUCCESS, logIndex=3948, commits[6571ba41-d309-4d1d-a321-129a77bf1602:c3948, 75e8c5ea-f06a-43e1-af6e-1f7f9b0b2cc1:c3947, 1d8d2908-dfb4-4358-9c6e-64b435d6fccc:c3947]
2019-07-03 07:08:26,539 INFO  client.GrpcClientProtocolClient (GrpcClientProtocolClient.java:onNext(254)) - client-253D2503C21A->6571ba41-d309-4d1d-a321-129a77bf1602: receive RaftClientReply:client-253D2503C21A->6571ba41-d309-4d1d-a321-129a77bf1602@group-6D4C5FD51127, cid=2597, SUCCESS, logIndex=3950, commits[6571ba41-d309-4d1d-a321-129a77bf1602:c3952, 75e8c5ea-f06a-43e1-af6e-1f7f9b0b2cc1:c3948, 1d8d2908-dfb4-4358-9c6e-64b435d6fccc:c3948]
2019-07-03 07:08:26,539 INFO  client.GrpcClientProtocolClient (GrpcClientProtocolClient.java:onNext(254)) - client-253D2503C21A->6571ba41-d309-4d1d-a321-129a77bf1602: receive RaftClientReply:client-253D2503C21A->6571ba41-d309-4d1d-a321-129a77bf1602@group-6D4C5FD51127, cid=2598, SUCCESS, logIndex=3951, commits[6571ba41-d309-4d1d-a321-129a77bf1602:c3952, 75e8c5ea-f06a-43e1-af6e-1f7f9b0b2cc1:c3948, 1d8d2908-dfb4-4358-9c6e-64b435d6fccc:c3948]
2019-07-03 07:08:26,540 INFO  client.GrpcClientProtocolClient (GrpcClientProtocolClient.java:onNext(254)) - client-253D2503C21A->6571ba41-d309-4d1d-a321-129a77bf1602: receive RaftClientReply:client-253D2503C21A->6571ba41-d309-4d1d-a321-129a77bf1602@group-6D4C5FD51127, cid=2599, SUCCESS, logIndex=3952, commits[6571ba41-d309-4d1d-a321-129a77bf1602:c3952, 75e8c5ea-f06a-43e1-af6e-1f7f9b0b2cc1:c3948, 1d8d2908-dfb4-4358-9c6e-64b435d6fccc:c3951]
2019-07-03 07:08:26,541 INFO  client.GrpcClientProtocolClient (GrpcClientProtocolClient.java:onNext(254)) - client-253D2503C21A->6571ba41-d309-4d1d-a321-129a77bf1602: receive RaftClientReply:client-253D2503C21A->6571ba41-d309-4d1d-a321-129a77bf1602@group-6D4C5FD51127, cid=2600, SUCCESS, logIndex=0, commits[6571ba41-d309-4d1d-a321-129a77bf1602:c3953, 75e8c5ea-f06a-43e1-af6e-1f7f9b0b2cc1:c3951, 1d8d2908-dfb4-4358-9c6e-64b435d6fccc:c3951]
2019-07-03 07:08:26,555 INFO  client.GrpcClientProtocolClient (GrpcClientProtocolClient.java:onNext(254)) - client-253D2503C21A->6571ba41-d309-4d1d-a321-129a77bf1602: receive RaftClientReply:client-253D2503C21A->6571ba41-d309-4d1d-a321-129a77bf1602@group-6D4C5FD51127, cid=2601, SUCCESS, logIndex=3956, commits[6571ba41-d309-4d1d-a321-129a77bf1602:c3956, 75e8c5ea-f06a-43e1-af6e-1f7f9b0b2cc1:c3952, 1d8d2908-dfb4-4358-9c6e-64b435d6fccc:c3954]
2019-07-03 07:08:26,570 INFO  client.GrpcClientProtocolClient (GrpcClientProtocolClient.java:onNext(254)) - client-253D2503C21A->6571ba41-d309-4d1d-a321-129a77bf1602: receive RaftClientReply:client-253D2503C21A->6571ba41-d309-4d1d-a321-129a77bf1602@group-6D4C5FD51127, cid=2602, SUCCESS, logIndex=3958, commits[6571ba41-d309-4d1d-a321-129a77bf1602:c3958, 75e8c5ea-f06a-43e1-af6e-1f7f9b0b2cc1:c3956, 1d8d2908-dfb4-4358-9c6e-64b435d6fccc:c3956]
2019-07-03 07:08:26,583 INFO  client.GrpcClientProtocolClient (GrpcClientProtocolClient.java:onNext(254)) - client-253D2503C21A->6571ba41-d309-4d1d-a321-129a77bf1602: receive RaftClientReply:client-253D2503C21A->6571ba41-d309-4d1d-a321-129a77bf1602@group-6D4C5FD51127, cid=2603, SUCCESS, logIndex=3960, commits[6571ba41-d309-4d1d-a321-129a77bf1602:c3960, 75e8c5ea-f06a-43e1-af6e-1f7f9b0b2cc1:c3958, 1d8d2908-dfb4-4358-9c6e-64b435d6fccc:c3958]
2019-07-03 07:08:26,598 INFO  client.GrpcClientProtocolClient (GrpcClientProtocolClient.java:onNext(254)) - client-253D2503C21A->6571ba41-d309-4d1d-a321-129a77bf1602: receive RaftClientReply:client-253D2503C21A->6571ba41-d309-4d1d-a321-129a77bf1602@group-6D4C5FD51127, cid=2604, SUCCESS, logIndex=3962, commits[6571ba41-d309-4d1d-a321-129a77bf1602:c3962, 75e8c5ea-f06a-43e1-af6e-1f7f9b0b2cc1:c3960, 1d8d2908-dfb4-4358-9c6e-64b435d6fccc:c3960]
2019-07-03 07:08:26,610 INFO  client.GrpcClientProtocolClient (GrpcClientProtocolClient.java:onNext(254)) - client-253D2503C21A->6571ba41-d309-4d1d-a321-129a77bf1602: receive RaftClientReply:client-253D2503C21A->6571ba41-d309-4d1d-a321-129a77bf1602@group-6D4C5FD51127, cid=2605, SUCCESS, logIndex=0, commits[6571ba41-d309-4d1d-a321-129a77bf1602:c3963, 75e8c5ea-f06a-43e1-af6e-1f7f9b0b2cc1:c3962, 1d8d2908-dfb4-4358-9c6e-64b435d6fccc:c3962]
2019-07-03 07:08:26,645 INFO  client.GrpcClientProtocolClient (GrpcClientProtocolClient.java:onNext(254)) - client-253D2503C21A->6571ba41-d309-4d1d-a321-129a77bf1602: receive RaftClientReply:client-253D2503C21A->6571ba41-d309-4d1d-a321-129a77bf1602@group-6D4C5FD51127, cid=2606, SUCCESS, logIndex=3964, commits[6571ba41-d309-4d1d-a321-129a77bf1602:c3964, 75e8c5ea-f06a-43e1-af6e-1f7f9b0b2cc1:c3963, 1d8d2908-dfb4-4358-9c6e-64b435d6fccc:c3963]
2019-07-03 07:08:26,664 INFO  client.GrpcClientProtocolClient (GrpcClientProtocolClient.java:onNext(254)) - client-253D2503C21A->6571ba41-d309-4d1d-a321-129a77bf1602: receive RaftClientReply:client-253D2503C21A->6571ba41-d309-4d1d-a321-129a77bf1602@group-6D4C5FD51127, cid=2607, SUCCESS, logIndex=3966, commits[6571ba41-d309-4d1d-a321-129a77bf1602:c3966, 75e8c5ea-f06a-43e1-af6e-1f7f9b0b2cc1:c3964, 1d8d2908-dfb4-4358-9c6e-64b435d6fccc:c3964]
2019-07-03 07:08:26,664 INFO  client.GrpcClientProtocolClient (GrpcClientProtocolClient.java:onNext(254)) - client-253D2503C21A->6571ba41-d309-4d1d-a321-129a77bf1602: receive RaftClientReply:client-253D2503C21A->6571ba41-d309-4d1d-a321-129a77bf1602@group-6D4C5FD51127, cid=2608, SUCCESS, logIndex=3967, commits[6571ba41-d309-4d1d-a321-129a77bf1602:c3967, 75e8c5ea-f06a-43e1-af6e-1f7f9b0b2cc1:c3964, 1d8d2908-dfb4-4358-9c6e-64b435d6fccc:c3964]
2019-07-03 07:08:26,665 INFO  client.GrpcClientProtocolClient (GrpcClientProtocolClient.java:onNext(254)) - client-253D2503C21A->6571ba41-d309-4d1d-a321-129a77bf1602: receive RaftClientReply:client-253D2503C21A->6571ba41-d309-4d1d-a321-129a77bf1602@group-6D4C5FD51127, cid=2609, SUCCESS, logIndex=3968, commits[6571ba41-d309-4d1d-a321-129a77bf1602:c3968, 75e8c5ea-f06a-43e1-af6e-1f7f9b0b2cc1:c3964, 1d8d2908-dfb4-4358-9c6e-64b435d6fccc:c3964]
2019-07-03 07:08:26,678 INFO  client.GrpcClientProtocolClient (GrpcClientProtocolClient.java:onNext(254)) - client-253D2503C21A->6571ba41-d309-4d1d-a321-129a77bf1602: receive RaftClientReply:client-253D2503C21A->6571ba41-d309-4d1d-a321-129a77bf1602@group-6D4C5FD51127, cid=2610, SUCCESS, logIndex=0, commits[6571ba41-d309-4d1d-a321-129a77bf1602:c3970, 75e8c5ea-f06a-43e1-af6e-1f7f9b0b2cc1:c3966, 1d8d2908-dfb4-4358-9c6e-64b435d6fccc:c3967]
2019-07-03 07:08:26,702 INFO  client.GrpcClientProtocolClient (GrpcClientProtocolClient.java:onNext(254)) - client-253D2503C21A->6571ba41-d309-4d1d-a321-129a77bf1602: receive RaftClientReply:client-253D2503C21A->6571ba41-d309-4d1d-a321-129a77bf1602@group-6D4C5FD51127, cid=2611, SUCCESS, logIndex=3972, commits[6571ba41-d309-4d1d-a321-129a77bf1602:c3972, 75e8c5ea-f06a-43e1-af6e-1f7f9b0b2cc1:c3971, 1d8d2908-dfb4-4358-9c6e-64b435d6fccc:c3971]
2019-07-03 07:08:26,718 INFO  client.GrpcClientProtocolClient (GrpcClientProtocolClient.java:onNext(254)) - client-253D2503C21A->6571ba41-d309-4d1d-a321-129a77bf1602: receive RaftClientReply:client-253D2503C21A->6571ba41-d309-4d1d-a321-129a77bf1602@group-6D4C5FD51127, cid=2612, SUCCESS, logIndex=3974, commits[6571ba41-d309-4d1d-a321-129a77bf1602:c3974, 75e8c5ea-f06a-43e1-af6e-1f7f9b0b2cc1:c3972, 1d8d2908-dfb4-4358-9c6e-64b435d6fccc:c3972]
2019-07-03 07:08:26,731 INFO  client.GrpcClientProtocolClient (GrpcClientProtocolClient.java:onNext(254)) - client-253D2503C21A->6571ba41-d309-4d1d-a321-129a77bf1602: receive RaftClientReply:client-253D2503C21A->6571ba41-d309-4d1d-a321-129a77bf1602@group-6D4C5FD51127, cid=2613, SUCCESS, logIndex=3976, commits[6571ba41-d309-4d1d-a321-129a77bf1602:c3976, 75e8c5ea-f06a-43e1-af6e-1f7f9b0b2cc1:c3974, 1d8d2908-dfb4-4358-9c6e-64b435d6fccc:c3974]
2019-07-03 07:08:26,731 INFO  storage.RaftLogWorker (RaftLogWorker.java:rollLogSegment(303)) - 6571ba41-d309-4d1d-a321-129a77bf1602-RaftLogWorker: Rolling segment log-3899_3977 to index:3977
2019-07-03 07:08:26,732 INFO  storage.RaftLogWorker (RaftLogWorker.java:rollLogSegment(303)) - 1d8d2908-dfb4-4358-9c6e-64b435d6fccc-RaftLogWorker: Rolling segment log-3899_3977 to index:3977
2019-07-03 07:08:26,732 INFO  storage.RaftLogWorker (RaftLogWorker.java:execute(433)) - 6571ba41-d309-4d1d-a321-129a77bf1602-RaftLogWorker: Rolled log segment from /opt/src/hadoop-ozone/tools/target/test-dir/MiniOzoneClusterImpl-0519545d-318d-4c21-a2a0-688f18f8a31d/datanode-4/data/ratis/23ffc2a4-5526-4092-9dc4-6d4c5fd51127/current/log_inprogress_3899 to /opt/src/hadoop-ozone/tools/target/test-dir/MiniOzoneClusterImpl-0519545d-318d-4c21-a2a0-688f18f8a31d/datanode-4/data/ratis/23ffc2a4-5526-4092-9dc4-6d4c5fd51127/current/log_3899-3977
2019-07-03 07:08:26,732 INFO  storage.RaftLogWorker (RaftLogWorker.java:rollLogSegment(303)) - 75e8c5ea-f06a-43e1-af6e-1f7f9b0b2cc1-RaftLogWorker: Rolling segment log-3899_3977 to index:3977
2019-07-03 07:08:26,733 INFO  storage.RaftLogWorker (RaftLogWorker.java:execute(433)) - 1d8d2908-dfb4-4358-9c6e-64b435d6fccc-RaftLogWorker: Rolled log segment from /opt/src/hadoop-ozone/tools/target/test-dir/MiniOzoneClusterImpl-0519545d-318d-4c21-a2a0-688f18f8a31d/datanode-2/data/ratis/23ffc2a4-5526-4092-9dc4-6d4c5fd51127/current/log_inprogress_3899 to /opt/src/hadoop-ozone/tools/target/test-dir/MiniOzoneClusterImpl-0519545d-318d-4c21-a2a0-688f18f8a31d/datanode-2/data/ratis/23ffc2a4-5526-4092-9dc4-6d4c5fd51127/current/log_3899-3977
2019-07-03 07:08:26,733 INFO  storage.RaftLogWorker (RaftLogWorker.java:execute(433)) - 75e8c5ea-f06a-43e1-af6e-1f7f9b0b2cc1-RaftLogWorker: Rolled log segment from /opt/src/hadoop-ozone/tools/target/test-dir/MiniOzoneClusterImpl-0519545d-318d-4c21-a2a0-688f18f8a31d/datanode-1/data/ratis/23ffc2a4-5526-4092-9dc4-6d4c5fd51127/current/log_inprogress_3899 to /opt/src/hadoop-ozone/tools/target/test-dir/MiniOzoneClusterImpl-0519545d-318d-4c21-a2a0-688f18f8a31d/datanode-1/data/ratis/23ffc2a4-5526-4092-9dc4-6d4c5fd51127/current/log_3899-3977
2019-07-03 07:08:26,779 INFO  storage.RaftLogWorker (RaftLogWorker.java:execute(469)) - 75e8c5ea-f06a-43e1-af6e-1f7f9b0b2cc1-RaftLogWorker: created new log segment /opt/src/hadoop-ozone/tools/target/test-dir/MiniOzoneClusterImpl-0519545d-318d-4c21-a2a0-688f18f8a31d/datanode-1/data/ratis/23ffc2a4-5526-4092-9dc4-6d4c5fd51127/current/log_inprogress_3978
2019-07-03 07:08:26,779 INFO  storage.RaftLogWorker (RaftLogWorker.java:execute(469)) - 6571ba41-d309-4d1d-a321-129a77bf1602-RaftLogWorker: created new log segment /opt/src/hadoop-ozone/tools/target/test-dir/MiniOzoneClusterImpl-0519545d-318d-4c21-a2a0-688f18f8a31d/datanode-4/data/ratis/23ffc2a4-5526-4092-9dc4-6d4c5fd51127/current/log_inprogress_3978
2019-07-03 07:08:26,779 INFO  storage.RaftLogWorker (RaftLogWorker.java:execute(469)) - 1d8d2908-dfb4-4358-9c6e-64b435d6fccc-RaftLogWorker: created new log segment /opt/src/hadoop-ozone/tools/target/test-dir/MiniOzoneClusterImpl-0519545d-318d-4c21-a2a0-688f18f8a31d/datanode-2/data/ratis/23ffc2a4-5526-4092-9dc4-6d4c5fd51127/current/log_inprogress_3978
2019-07-03 07:08:26,792 INFO  client.GrpcClientProtocolClient (GrpcClientProtocolClient.java:onNext(254)) - client-253D2503C21A->6571ba41-d309-4d1d-a321-129a77bf1602: receive RaftClientReply:client-253D2503C21A->6571ba41-d309-4d1d-a321-129a77bf1602@group-6D4C5FD51127, cid=2614, SUCCESS, logIndex=3978, commits[6571ba41-d309-4d1d-a321-129a77bf1602:c3978, 75e8c5ea-f06a-43e1-af6e-1f7f9b0b2cc1:c3976, 1d8d2908-dfb4-4358-9c6e-64b435d6fccc:c3977]
2019-07-03 07:08:26,804 INFO  client.GrpcClientProtocolClient (GrpcClientProtocolClient.java:onNext(254)) - client-253D2503C21A->6571ba41-d309-4d1d-a321-129a77bf1602: receive RaftClientReply:client-253D2503C21A->6571ba41-d309-4d1d-a321-129a77bf1602@group-6D4C5FD51127, cid=2615, SUCCESS, logIndex=0, commits[6571ba41-d309-4d1d-a321-129a77bf1602:c3978, 75e8c5ea-f06a-43e1-af6e-1f7f9b0b2cc1:c3978, 1d8d2908-dfb4-4358-9c6e-64b435d6fccc:c3978]
 0.00% |█                                                                                                    |  0/1 Time: 0:00:342019-07-03 07:08:26,841 INFO  client.GrpcClientProtocolClient (GrpcClientProtocolClient.java:onNext(254)) - client-253D2503C21A->6571ba41-d309-4d1d-a321-129a77bf1602: receive RaftClientReply:client-253D2503C21A->6571ba41-d309-4d1d-a321-129a77bf1602@group-6D4C5FD51127, cid=2616, SUCCESS, logIndex=3980, commits[6571ba41-d309-4d1d-a321-129a77bf1602:c3980, 75e8c5ea-f06a-43e1-af6e-1f7f9b0b2cc1:c3979, 1d8d2908-dfb4-4358-9c6e-64b435d6fccc:c3979]
2019-07-03 07:08:26,854 INFO  client.GrpcClientProtocolClient (GrpcClientProtocolClient.java:onNext(254)) - client-253D2503C21A->6571ba41-d309-4d1d-a321-129a77bf1602: receive RaftClientReply:client-253D2503C21A->6571ba41-d309-4d1d-a321-129a77bf1602@group-6D4C5FD51127, cid=2617, SUCCESS, logIndex=3982, commits[6571ba41-d309-4d1d-a321-129a77bf1602:c3982, 75e8c5ea-f06a-43e1-af6e-1f7f9b0b2cc1:c3980, 1d8d2908-dfb4-4358-9c6e-64b435d6fccc:c3980]
2019-07-03 07:08:26,854 INFO  client.GrpcClientProtocolClient (GrpcClientProtocolClient.java:onNext(254)) - client-253D2503C21A->6571ba41-d309-4d1d-a321-129a77bf1602: receive RaftClientReply:client-253D2503C21A->6571ba41-d309-4d1d-a321-129a77bf1602@group-6D4C5FD51127, cid=2618, SUCCESS, logIndex=3983, commits[6571ba41-d309-4d1d-a321-129a77bf1602:c3983, 75e8c5ea-f06a-43e1-af6e-1f7f9b0b2cc1:c3980, 1d8d2908-dfb4-4358-9c6e-64b435d6fccc:c3980]
2019-07-03 07:08:26,865 INFO  client.GrpcClientProtocolClient (GrpcClientProtocolClient.java:onNext(254)) - client-253D2503C21A->6571ba41-d309-4d1d-a321-129a77bf1602: receive RaftClientReply:client-253D2503C21A->6571ba41-d309-4d1d-a321-129a77bf1602@group-6D4C5FD51127, cid=2619, SUCCESS, logIndex=3984, commits[6571ba41-d309-4d1d-a321-129a77bf1602:c3985, 75e8c5ea-f06a-43e1-af6e-1f7f9b0b2cc1:c3980, 1d8d2908-dfb4-4358-9c6e-64b435d6fccc:c3982]
2019-07-03 07:08:26,866 INFO  client.GrpcClientProtocolClient (GrpcClientProtocolClient.java:onNext(254)) - client-253D2503C21A->6571ba41-d309-4d1d-a321-129a77bf1602: receive RaftClientReply:client-253D2503C21A->6571ba41-d309-4d1d-a321-129a77bf1602@group-6D4C5FD51127, cid=2620, SUCCESS, logIndex=0, commits[6571ba41-d309-4d1d-a321-129a77bf1602:c3986, 75e8c5ea-f06a-43e1-af6e-1f7f9b0b2cc1:c3982, 1d8d2908-dfb4-4358-9c6e-64b435d6fccc:c3983]
2019-07-03 07:08:26,888 INFO  client.GrpcClientProtocolClient (GrpcClientProtocolClient.java:onNext(254)) - client-253D2503C21A->6571ba41-d309-4d1d-a321-129a77bf1602: receive RaftClientReply:client-253D2503C21A->6571ba41-d309-4d1d-a321-129a77bf1602@group-6D4C5FD51127, cid=2621, SUCCESS, logIndex=3988, commits[6571ba41-d309-4d1d-a321-129a77bf1602:c3988, 75e8c5ea-f06a-43e1-af6e-1f7f9b0b2cc1:c3987, 1d8d2908-dfb4-4358-9c6e-64b435d6fccc:c3987]
2019-07-03 07:08:26,918 INFO  client.GrpcClientProtocolClient (GrpcClientProtocolClient.java:onNext(254)) - client-253D2503C21A->6571ba41-d309-4d1d-a321-129a77bf1602: receive RaftClientReply:client-253D2503C21A->6571ba41-d309-4d1d-a321-129a77bf1602@group-6D4C5FD51127, cid=2622, SUCCESS, logIndex=3990, commits[6571ba41-d309-4d1d-a321-129a77bf1602:c3990, 75e8c5ea-f06a-43e1-af6e-1f7f9b0b2cc1:c3988, 1d8d2908-dfb4-4358-9c6e-64b435d6fccc:c3988]
2019-07-03 07:08:26,933 INFO  client.GrpcClientProtocolClient (GrpcClientProtocolClient.java:onNext(254)) - client-253D2503C21A->6571ba41-d309-4d1d-a321-129a77bf1602: receive RaftClientReply:client-253D2503C21A->6571ba41-d309-4d1d-a321-129a77bf1602@group-6D4C5FD51127, cid=2623, SUCCESS, logIndex=3992, commits[6571ba41-d309-4d1d-a321-129a77bf1602:c3992, 75e8c5ea-f06a-43e1-af6e-1f7f9b0b2cc1:c3991, 1d8d2908-dfb4-4358-9c6e-64b435d6fccc:c3991]
2019-07-03 07:08:26,949 INFO  client.GrpcClientProtocolClient (GrpcClientProtocolClient.java:onNext(254)) - client-253D2503C21A->6571ba41-d309-4d1d-a321-129a77bf1602: receive RaftClientReply:client-253D2503C21A->6571ba41-d309-4d1d-a321-129a77bf1602@group-6D4C5FD51127, cid=2624, SUCCESS, logIndex=3994, commits[6571ba41-d309-4d1d-a321-129a77bf1602:c3994, 75e8c5ea-f06a-43e1-af6e-1f7f9b0b2cc1:c3992, 1d8d2908-dfb4-4358-9c6e-64b435d6fccc:c3992]
2019-07-03 07:08:26,960 INFO  client.GrpcClientProtocolClient (GrpcClientProtocolClient.java:onNext(254)) - client-253D2503C21A->6571ba41-d309-4d1d-a321-129a77bf1602: receive RaftClientReply:client-253D2503C21A->6571ba41-d309-4d1d-a321-129a77bf1602@group-6D4C5FD51127, cid=2625, SUCCESS, logIndex=0, commits[6571ba41-d309-4d1d-a321-129a77bf1602:c3995, 75e8c5ea-f06a-43e1-af6e-1f7f9b0b2cc1:c3994, 1d8d2908-dfb4-4358-9c6e-64b435d6fccc:c3994]
2019-07-03 07:08:26,994 INFO  client.GrpcClientProtocolClient (GrpcClientProtocolClient.java:onNext(254)) - client-253D2503C21A->6571ba41-d309-4d1d-a321-129a77bf1602: receive RaftClientReply:client-253D2503C21A->6571ba41-d309-4d1d-a321-129a77bf1602@group-6D4C5FD51127, cid=2626, SUCCESS, logIndex=3996, commits[6571ba41-d309-4d1d-a321-129a77bf1602:c3996, 75e8c5ea-f06a-43e1-af6e-1f7f9b0b2cc1:c3995, 1d8d2908-dfb4-4358-9c6e-64b435d6fccc:c3995]
2019-07-03 07:08:27,006 INFO  client.GrpcClientProtocolClient (GrpcClientProtocolClient.java:onNext(254)) - client-253D2503C21A->6571ba41-d309-4d1d-a321-129a77bf1602: receive RaftClientReply:client-253D2503C21A->6571ba41-d309-4d1d-a321-129a77bf1602@group-6D4C5FD51127, cid=2627, SUCCESS, logIndex=3998, commits[6571ba41-d309-4d1d-a321-129a77bf1602:c3999, 75e8c5ea-f06a-43e1-af6e-1f7f9b0b2cc1:c3996, 1d8d2908-dfb4-4358-9c6e-64b435d6fccc:c3996]
2019-07-03 07:08:27,007 INFO  client.GrpcClientProtocolClient (GrpcClientProtocolClient.java:onNext(254)) - client-253D2503C21A->6571ba41-d309-4d1d-a321-129a77bf1602: receive RaftClientReply:client-253D2503C21A->6571ba41-d309-4d1d-a321-129a77bf1602@group-6D4C5FD51127, cid=2628, SUCCESS, logIndex=3999, commits[6571ba41-d309-4d1d-a321-129a77bf1602:c3999, 75e8c5ea-f06a-43e1-af6e-1f7f9b0b2cc1:c3996, 1d8d2908-dfb4-4358-9c6e-64b435d6fccc:c3996]
2019-07-03 07:08:27,007 INFO  client.GrpcClientProtocolClient (GrpcClientProtocolClient.java:onNext(254)) - client-253D2503C21A->6571ba41-d309-4d1d-a321-129a77bf1602: receive RaftClientReply:client-253D2503C21A->6571ba41-d309-4d1d-a321-129a77bf1602@group-6D4C5FD51127, cid=2629, SUCCESS, logIndex=4000, commits[6571ba41-d309-4d1d-a321-129a77bf1602:c4000, 75e8c5ea-f06a-43e1-af6e-1f7f9b0b2cc1:c3996, 1d8d2908-dfb4-4358-9c6e-64b435d6fccc:c3998]
2019-07-03 07:08:27,009 INFO  client.GrpcClientProtocolClient (GrpcClientProtocolClient.java:onNext(254)) - client-253D2503C21A->6571ba41-d309-4d1d-a321-129a77bf1602: receive RaftClientReply:client-253D2503C21A->6571ba41-d309-4d1d-a321-129a77bf1602@group-6D4C5FD51127, cid=2630, SUCCESS, logIndex=0, commits[6571ba41-d309-4d1d-a321-129a77bf1602:c4001, 75e8c5ea-f06a-43e1-af6e-1f7f9b0b2cc1:c3998, 1d8d2908-dfb4-4358-9c6e-64b435d6fccc:c3998]
2019-07-03 07:08:27,033 INFO  client.GrpcClientProtocolClient (GrpcClientProtocolClient.java:onNext(254)) - client-253D2503C21A->6571ba41-d309-4d1d-a321-129a77bf1602: receive RaftClientReply:client-253D2503C21A->6571ba41-d309-4d1d-a321-129a77bf1602@group-6D4C5FD51127, cid=2631, SUCCESS, logIndex=4004, commits[6571ba41-d309-4d1d-a321-129a77bf1602:c4004, 75e8c5ea-f06a-43e1-af6e-1f7f9b0b2cc1:c4001, 1d8d2908-dfb4-4358-9c6e-64b435d6fccc:c4001]
2019-07-03 07:08:27,048 INFO  client.GrpcClientProtocolClient (GrpcClientProtocolClient.java:onNext(254)) - client-253D2503C21A->6571ba41-d309-4d1d-a321-129a77bf1602: receive RaftClientReply:client-253D2503C21A->6571ba41-d309-4d1d-a321-129a77bf1602@group-6D4C5FD51127, cid=2632, SUCCESS, logIndex=4006, commits[6571ba41-d309-4d1d-a321-129a77bf1602:c4006, 75e8c5ea-f06a-43e1-af6e-1f7f9b0b2cc1:c4004, 1d8d2908-dfb4-4358-9c6e-64b435d6fccc:c4004]
2019-07-03 07:08:27,061 INFO  client.GrpcClientProtocolClient (GrpcClientProtocolClient.java:onNext(254)) - client-253D2503C21A->6571ba41-d309-4d1d-a321-129a77bf1602: receive RaftClientReply:client-253D2503C21A->6571ba41-d309-4d1d-a321-129a77bf1602@group-6D4C5FD51127, cid=2633, SUCCESS, logIndex=4008, commits[6571ba41-d309-4d1d-a321-129a77bf1602:c4008, 75e8c5ea-f06a-43e1-af6e-1f7f9b0b2cc1:c4006, 1d8d2908-dfb4-4358-9c6e-64b435d6fccc:c4006]
2019-07-03 07:08:27,076 INFO  client.GrpcClientProtocolClient (GrpcClientProtocolClient.java:onNext(254)) - client-253D2503C21A->6571ba41-d309-4d1d-a321-129a77bf1602: receive RaftClientReply:client-253D2503C21A->6571ba41-d309-4d1d-a321-129a77bf1602@group-6D4C5FD51127, cid=2634, SUCCESS, logIndex=4010, commits[6571ba41-d309-4d1d-a321-129a77bf1602:c4010, 75e8c5ea-f06a-43e1-af6e-1f7f9b0b2cc1:c4008, 1d8d2908-dfb4-4358-9c6e-64b435d6fccc:c4008]
2019-07-03 07:08:27,088 INFO  client.GrpcClientProtocolClient (GrpcClientProtocolClient.java:onNext(254)) - client-253D2503C21A->6571ba41-d309-4d1d-a321-129a77bf1602: receive RaftClientReply:client-253D2503C21A->6571ba41-d309-4d1d-a321-129a77bf1602@group-6D4C5FD51127, cid=2635, SUCCESS, logIndex=0, commits[6571ba41-d309-4d1d-a321-129a77bf1602:c4011, 75e8c5ea-f06a-43e1-af6e-1f7f9b0b2cc1:c4010, 1d8d2908-dfb4-4358-9c6e-64b435d6fccc:c4010]
2019-07-03 07:08:27,120 INFO  client.GrpcClientProtocolClient (GrpcClientProtocolClient.java:onNext(254)) - client-253D2503C21A->6571ba41-d309-4d1d-a321-129a77bf1602: receive RaftClientReply:client-253D2503C21A->6571ba41-d309-4d1d-a321-129a77bf1602@group-6D4C5FD51127, cid=2636, SUCCESS, logIndex=4012, commits[6571ba41-d309-4d1d-a321-129a77bf1602:c4012, 75e8c5ea-f06a-43e1-af6e-1f7f9b0b2cc1:c4011, 1d8d2908-dfb4-4358-9c6e-64b435d6fccc:c4011]
2019-07-03 07:08:27,253 INFO  client.GrpcClientProtocolClient (GrpcClientProtocolClient.java:onNext(254)) - client-253D2503C21A->6571ba41-d309-4d1d-a321-129a77bf1602: receive RaftClientReply:client-253D2503C21A->6571ba41-d309-4d1d-a321-129a77bf1602@group-6D4C5FD51127, cid=2637, SUCCESS, logIndex=4014, commits[6571ba41-d309-4d1d-a321-129a77bf1602:c4016, 75e8c5ea-f06a-43e1-af6e-1f7f9b0b2cc1:c4012, 1d8d2908-dfb4-4358-9c6e-64b435d6fccc:c4012]
2019-07-03 07:08:27,254 INFO  client.GrpcClientProtocolClient (GrpcClientProtocolClient.java:onNext(254)) - client-253D2503C21A->6571ba41-d309-4d1d-a321-129a77bf1602: receive RaftClientReply:client-253D2503C21A->6571ba41-d309-4d1d-a321-129a77bf1602@group-6D4C5FD51127, cid=2638, SUCCESS, logIndex=4015, commits[6571ba41-d309-4d1d-a321-129a77bf1602:c4018, 75e8c5ea-f06a-43e1-af6e-1f7f9b0b2cc1:c4012, 1d8d2908-dfb4-4358-9c6e-64b435d6fccc:c4013]
2019-07-03 07:08:27,254 INFO  client.GrpcClientProtocolClient (GrpcClientProtocolClient.java:onNext(254)) - client-253D2503C21A->6571ba41-d309-4d1d-a321-129a77bf1602: receive RaftClientReply:client-253D2503C21A->6571ba41-d309-4d1d-a321-129a77bf1602@group-6D4C5FD51127, cid=2639, SUCCESS, logIndex=4016, commits[6571ba41-d309-4d1d-a321-129a77bf1602:c4018, 75e8c5ea-f06a-43e1-af6e-1f7f9b0b2cc1:c4013, 1d8d2908-dfb4-4358-9c6e-64b435d6fccc:c4013]
2019-07-03 07:08:27,757 INFO  client.GrpcClientProtocolClient (GrpcClientProtocolClient.java:onNext(254)) - client-253D2503C21A->6571ba41-d309-4d1d-a321-129a77bf1602: receive RaftClientReply:client-253D2503C21A->6571ba41-d309-4d1d-a321-129a77bf1602@group-6D4C5FD51127, cid=2640, SUCCESS, logIndex=0, commits[6571ba41-d309-4d1d-a321-129a77bf1602:c4019, 75e8c5ea-f06a-43e1-af6e-1f7f9b0b2cc1:c4019, 1d8d2908-dfb4-4358-9c6e-64b435d6fccc:c4019]
2019-07-03 07:08:27,781 INFO  client.GrpcClientProtocolClient (GrpcClientProtocolClient.java:onNext(254)) - client-253D2503C21A->6571ba41-d309-4d1d-a321-129a77bf1602: receive RaftClientReply:client-253D2503C21A->6571ba41-d309-4d1d-a321-129a77bf1602@group-6D4C5FD51127, cid=2641, SUCCESS, logIndex=4020, commits[6571ba41-d309-4d1d-a321-129a77bf1602:c4020, 75e8c5ea-f06a-43e1-af6e-1f7f9b0b2cc1:c4019, 1d8d2908-dfb4-4358-9c6e-64b435d6fccc:c4019]
2019-07-03 07:08:27,798 INFO  client.GrpcClientProtocolClient (GrpcClientProtocolClient.java:onNext(254)) - client-253D2503C21A->6571ba41-d309-4d1d-a321-129a77bf1602: receive RaftClientReply:client-253D2503C21A->6571ba41-d309-4d1d-a321-129a77bf1602@group-6D4C5FD51127, cid=2642, SUCCESS, logIndex=4022, commits[6571ba41-d309-4d1d-a321-129a77bf1602:c4022, 75e8c5ea-f06a-43e1-af6e-1f7f9b0b2cc1:c4020, 1d8d2908-dfb4-4358-9c6e-64b435d6fccc:c4020]
2019-07-03 07:08:27,811 INFO  client.GrpcClientProtocolClient (GrpcClientProtocolClient.java:onNext(254)) - client-253D2503C21A->6571ba41-d309-4d1d-a321-129a77bf1602: receive RaftClientReply:client-253D2503C21A->6571ba41-d309-4d1d-a321-129a77bf1602@group-6D4C5FD51127, cid=2643, SUCCESS, logIndex=4024, commits[6571ba41-d309-4d1d-a321-129a77bf1602:c4024, 75e8c5ea-f06a-43e1-af6e-1f7f9b0b2cc1:c4022, 1d8d2908-dfb4-4358-9c6e-64b435d6fccc:c4022]
 0.00% |█                                                                                                    |  0/1 Time: 0:00:352019-07-03 07:08:27,814 INFO  client.GrpcClientProtocolClient (GrpcClientProtocolClient.java:onNext(254)) - client-253D2503C21A->6571ba41-d309-4d1d-a321-129a77bf1602: receive RaftClientReply:client-253D2503C21A->6571ba41-d309-4d1d-a321-129a77bf1602@group-6D4C5FD51127, cid=2644, SUCCESS, logIndex=4026, commits[6571ba41-d309-4d1d-a321-129a77bf1602:c4026, 75e8c5ea-f06a-43e1-af6e-1f7f9b0b2cc1:c4024, 1d8d2908-dfb4-4358-9c6e-64b435d6fccc:c4024]
2019-07-03 07:08:27,826 INFO  client.GrpcClientProtocolClient (GrpcClientProtocolClient.java:onNext(254)) - client-253D2503C21A->6571ba41-d309-4d1d-a321-129a77bf1602: receive RaftClientReply:client-253D2503C21A->6571ba41-d309-4d1d-a321-129a77bf1602@group-6D4C5FD51127, cid=2645, SUCCESS, logIndex=0, commits[6571ba41-d309-4d1d-a321-129a77bf1602:c4027, 75e8c5ea-f06a-43e1-af6e-1f7f9b0b2cc1:c4026, 1d8d2908-dfb4-4358-9c6e-64b435d6fccc:c4026]
2019-07-03 07:08:27,858 INFO  client.GrpcClientProtocolClient (GrpcClientProtocolClient.java:onNext(254)) - client-253D2503C21A->6571ba41-d309-4d1d-a321-129a77bf1602: receive RaftClientReply:client-253D2503C21A->6571ba41-d309-4d1d-a321-129a77bf1602@group-6D4C5FD51127, cid=2646, SUCCESS, logIndex=4028, commits[6571ba41-d309-4d1d-a321-129a77bf1602:c4028, 75e8c5ea-f06a-43e1-af6e-1f7f9b0b2cc1:c4027, 1d8d2908-dfb4-4358-9c6e-64b435d6fccc:c4027]
2019-07-03 07:08:27,870 INFO  client.GrpcClientProtocolClient (GrpcClientProtocolClient.java:onNext(254)) - client-253D2503C21A->6571ba41-d309-4d1d-a321-129a77bf1602: receive RaftClientReply:client-253D2503C21A->6571ba41-d309-4d1d-a321-129a77bf1602@group-6D4C5FD51127, cid=2647, SUCCESS, logIndex=4030, commits[6571ba41-d309-4d1d-a321-129a77bf1602:c4031, 75e8c5ea-f06a-43e1-af6e-1f7f9b0b2cc1:c4028, 1d8d2908-dfb4-4358-9c6e-64b435d6fccc:c4028]
2019-07-03 07:08:27,871 INFO  client.GrpcClientProtocolClient (GrpcClientProtocolClient.java:onNext(254)) - client-253D2503C21A->6571ba41-d309-4d1d-a321-129a77bf1602: receive RaftClientReply:client-253D2503C21A->6571ba41-d309-4d1d-a321-129a77bf1602@group-6D4C5FD51127, cid=2648, SUCCESS, logIndex=4031, commits[6571ba41-d309-4d1d-a321-129a77bf1602:c4032, 75e8c5ea-f06a-43e1-af6e-1f7f9b0b2cc1:c4028, 1d8d2908-dfb4-4358-9c6e-64b435d6fccc:c4028]
2019-07-03 07:08:27,871 INFO  client.GrpcClientProtocolClient (GrpcClientProtocolClient.java:onNext(254)) - client-253D2503C21A->6571ba41-d309-4d1d-a321-129a77bf1602: receive RaftClientReply:client-253D2503C21A->6571ba41-d309-4d1d-a321-129a77bf1602@group-6D4C5FD51127, cid=2649, SUCCESS, logIndex=4032, commits[6571ba41-d309-4d1d-a321-129a77bf1602:c4032, 75e8c5ea-f06a-43e1-af6e-1f7f9b0b2cc1:c4028, 1d8d2908-dfb4-4358-9c6e-64b435d6fccc:c4028]
2019-07-03 07:08:27,874 INFO  client.GrpcClientProtocolClient (GrpcClientProtocolClient.java:onNext(254)) - client-253D2503C21A->6571ba41-d309-4d1d-a321-129a77bf1602: receive RaftClientReply:client-253D2503C21A->6571ba41-d309-4d1d-a321-129a77bf1602@group-6D4C5FD51127, cid=2650, SUCCESS, logIndex=0, commits[6571ba41-d309-4d1d-a321-129a77bf1602:c4033, 75e8c5ea-f06a-43e1-af6e-1f7f9b0b2cc1:c4031, 1d8d2908-dfb4-4358-9c6e-64b435d6fccc:c4030]
2019-07-03 07:08:27,898 INFO  client.GrpcClientProtocolClient (GrpcClientProtocolClient.java:onNext(254)) - client-253D2503C21A->6571ba41-d309-4d1d-a321-129a77bf1602: receive RaftClientReply:client-253D2503C21A->6571ba41-d309-4d1d-a321-129a77bf1602@group-6D4C5FD51127, cid=2651, SUCCESS, logIndex=4036, commits[6571ba41-d309-4d1d-a321-129a77bf1602:c4036, 75e8c5ea-f06a-43e1-af6e-1f7f9b0b2cc1:c4033, 1d8d2908-dfb4-4358-9c6e-64b435d6fccc:c4033]
2019-07-03 07:08:27,901 INFO  client.GrpcClientProtocolClient (GrpcClientProtocolClient.java:onNext(254)) - client-253D2503C21A->6571ba41-d309-4d1d-a321-129a77bf1602: receive RaftClientReply:client-253D2503C21A->6571ba41-d309-4d1d-a321-129a77bf1602@group-6D4C5FD51127, cid=2652, SUCCESS, logIndex=4038, commits[6571ba41-d309-4d1d-a321-129a77bf1602:c4038, 75e8c5ea-f06a-43e1-af6e-1f7f9b0b2cc1:c4036, 1d8d2908-dfb4-4358-9c6e-64b435d6fccc:c4036]
2019-07-03 07:08:27,914 INFO  client.GrpcClientProtocolClient (GrpcClientProtocolClient.java:onNext(254)) - client-253D2503C21A->6571ba41-d309-4d1d-a321-129a77bf1602: receive RaftClientReply:client-253D2503C21A->6571ba41-d309-4d1d-a321-129a77bf1602@group-6D4C5FD51127, cid=2653, SUCCESS, logIndex=4040, commits[6571ba41-d309-4d1d-a321-129a77bf1602:c4040, 75e8c5ea-f06a-43e1-af6e-1f7f9b0b2cc1:c4038, 1d8d2908-dfb4-4358-9c6e-64b435d6fccc:c4038]
2019-07-03 07:08:27,929 INFO  client.GrpcClientProtocolClient (GrpcClientProtocolClient.java:onNext(254)) - client-253D2503C21A->6571ba41-d309-4d1d-a321-129a77bf1602: receive RaftClientReply:client-253D2503C21A->6571ba41-d309-4d1d-a321-129a77bf1602@group-6D4C5FD51127, cid=2654, SUCCESS, logIndex=4042, commits[6571ba41-d309-4d1d-a321-129a77bf1602:c4042, 75e8c5ea-f06a-43e1-af6e-1f7f9b0b2cc1:c4040, 1d8d2908-dfb4-4358-9c6e-64b435d6fccc:c4040]
2019-07-03 07:08:27,941 INFO  client.GrpcClientProtocolClient (GrpcClientProtocolClient.java:onNext(254)) - client-253D2503C21A->6571ba41-d309-4d1d-a321-129a77bf1602: receive RaftClientReply:client-253D2503C21A->6571ba41-d309-4d1d-a321-129a77bf1602@group-6D4C5FD51127, cid=2655, SUCCESS, logIndex=0, commits[6571ba41-d309-4d1d-a321-129a77bf1602:c4043, 75e8c5ea-f06a-43e1-af6e-1f7f9b0b2cc1:c4042, 1d8d2908-dfb4-4358-9c6e-64b435d6fccc:c4042]
2019-07-03 07:08:27,969 INFO  client.GrpcClientProtocolClient (GrpcClientProtocolClient.java:onNext(254)) - client-253D2503C21A->6571ba41-d309-4d1d-a321-129a77bf1602: receive RaftClientReply:client-253D2503C21A->6571ba41-d309-4d1d-a321-129a77bf1602@group-6D4C5FD51127, cid=2656, SUCCESS, logIndex=4044, commits[6571ba41-d309-4d1d-a321-129a77bf1602:c4044, 75e8c5ea-f06a-43e1-af6e-1f7f9b0b2cc1:c4043, 1d8d2908-dfb4-4358-9c6e-64b435d6fccc:c4043]
2019-07-03 07:08:27,974 INFO  client.GrpcClientProtocolClient (GrpcClientProtocolClient.java:onNext(254)) - client-253D2503C21A->6571ba41-d309-4d1d-a321-129a77bf1602: receive RaftClientReply:client-253D2503C21A->6571ba41-d309-4d1d-a321-129a77bf1602@group-6D4C5FD51127, cid=2657, SUCCESS, logIndex=4046, commits[6571ba41-d309-4d1d-a321-129a77bf1602:c4046, 75e8c5ea-f06a-43e1-af6e-1f7f9b0b2cc1:c4044, 1d8d2908-dfb4-4358-9c6e-64b435d6fccc:c4044]
2019-07-03 07:08:27,975 INFO  client.GrpcClientProtocolClient (GrpcClientProtocolClient.java:onNext(254)) - client-253D2503C21A->6571ba41-d309-4d1d-a321-129a77bf1602: receive RaftClientReply:client-253D2503C21A->6571ba41-d309-4d1d-a321-129a77bf1602@group-6D4C5FD51127, cid=2658, SUCCESS, logIndex=4047, commits[6571ba41-d309-4d1d-a321-129a77bf1602:c4048, 75e8c5ea-f06a-43e1-af6e-1f7f9b0b2cc1:c4044, 1d8d2908-dfb4-4358-9c6e-64b435d6fccc:c4044]
2019-07-03 07:08:27,976 INFO  client.GrpcClientProtocolClient (GrpcClientProtocolClient.java:onNext(254)) - client-253D2503C21A->6571ba41-d309-4d1d-a321-129a77bf1602: receive RaftClientReply:client-253D2503C21A->6571ba41-d309-4d1d-a321-129a77bf1602@group-6D4C5FD51127, cid=2659, SUCCESS, logIndex=4048, commits[6571ba41-d309-4d1d-a321-129a77bf1602:c4048, 75e8c5ea-f06a-43e1-af6e-1f7f9b0b2cc1:c4044, 1d8d2908-dfb4-4358-9c6e-64b435d6fccc:c4044]
2019-07-03 07:08:27,977 INFO  client.GrpcClientProtocolClient (GrpcClientProtocolClient.java:onNext(254)) - client-253D2503C21A->6571ba41-d309-4d1d-a321-129a77bf1602: receive RaftClientReply:client-253D2503C21A->6571ba41-d309-4d1d-a321-129a77bf1602@group-6D4C5FD51127, cid=2660, SUCCESS, logIndex=0, commits[6571ba41-d309-4d1d-a321-129a77bf1602:c4049, 75e8c5ea-f06a-43e1-af6e-1f7f9b0b2cc1:c4048, 1d8d2908-dfb4-4358-9c6e-64b435d6fccc:c4046]
2019-07-03 07:08:27,988 INFO  client.GrpcClientProtocolClient (GrpcClientProtocolClient.java:onNext(254)) - client-253D2503C21A->6571ba41-d309-4d1d-a321-129a77bf1602: receive RaftClientReply:client-253D2503C21A->6571ba41-d309-4d1d-a321-129a77bf1602@group-6D4C5FD51127, cid=2661, SUCCESS, logIndex=4052, commits[6571ba41-d309-4d1d-a321-129a77bf1602:c4052, 75e8c5ea-f06a-43e1-af6e-1f7f9b0b2cc1:c4051, 1d8d2908-dfb4-4358-9c6e-64b435d6fccc:c4048]
2019-07-03 07:08:27,992 INFO  client.GrpcClientProtocolClient (GrpcClientProtocolClient.java:onNext(254)) - client-253D2503C21A->6571ba41-d309-4d1d-a321-129a77bf1602: receive RaftClientReply:client-253D2503C21A->6571ba41-d309-4d1d-a321-129a77bf1602@group-6D4C5FD51127, cid=2662, SUCCESS, logIndex=4054, commits[6571ba41-d309-4d1d-a321-129a77bf1602:c4054, 75e8c5ea-f06a-43e1-af6e-1f7f9b0b2cc1:c4052, 1d8d2908-dfb4-4358-9c6e-64b435d6fccc:c4052]
2019-07-03 07:08:28,003 INFO  client.GrpcClientProtocolClient (GrpcClientProtocolClient.java:onNext(254)) - client-253D2503C21A->6571ba41-d309-4d1d-a321-129a77bf1602: receive RaftClientReply:client-253D2503C21A->6571ba41-d309-4d1d-a321-129a77bf1602@group-6D4C5FD51127, cid=2663, SUCCESS, logIndex=4056, commits[6571ba41-d309-4d1d-a321-129a77bf1602:c4056, 75e8c5ea-f06a-43e1-af6e-1f7f9b0b2cc1:c4055, 1d8d2908-dfb4-4358-9c6e-64b435d6fccc:c4055]
2019-07-03 07:08:28,003 INFO  storage.RaftLogWorker (RaftLogWorker.java:rollLogSegment(303)) - 6571ba41-d309-4d1d-a321-129a77bf1602-RaftLogWorker: Rolling segment log-3978_4057 to index:4057
2019-07-03 07:08:28,004 INFO  storage.RaftLogWorker (RaftLogWorker.java:execute(433)) - 6571ba41-d309-4d1d-a321-129a77bf1602-RaftLogWorker: Rolled log segment from /opt/src/hadoop-ozone/tools/target/test-dir/MiniOzoneClusterImpl-0519545d-318d-4c21-a2a0-688f18f8a31d/datanode-4/data/ratis/23ffc2a4-5526-4092-9dc4-6d4c5fd51127/current/log_inprogress_3978 to /opt/src/hadoop-ozone/tools/target/test-dir/MiniOzoneClusterImpl-0519545d-318d-4c21-a2a0-688f18f8a31d/datanode-4/data/ratis/23ffc2a4-5526-4092-9dc4-6d4c5fd51127/current/log_3978-4057
2019-07-03 07:08:28,004 INFO  storage.RaftLogWorker (RaftLogWorker.java:rollLogSegment(303)) - 1d8d2908-dfb4-4358-9c6e-64b435d6fccc-RaftLogWorker: Rolling segment log-3978_4057 to index:4057
2019-07-03 07:08:28,004 INFO  storage.RaftLogWorker (RaftLogWorker.java:rollLogSegment(303)) - 75e8c5ea-f06a-43e1-af6e-1f7f9b0b2cc1-RaftLogWorker: Rolling segment log-3978_4057 to index:4057
2019-07-03 07:08:28,005 INFO  storage.RaftLogWorker (RaftLogWorker.java:execute(433)) - 75e8c5ea-f06a-43e1-af6e-1f7f9b0b2cc1-RaftLogWorker: Rolled log segment from /opt/src/hadoop-ozone/tools/target/test-dir/MiniOzoneClusterImpl-0519545d-318d-4c21-a2a0-688f18f8a31d/datanode-1/data/ratis/23ffc2a4-5526-4092-9dc4-6d4c5fd51127/current/log_inprogress_3978 to /opt/src/hadoop-ozone/tools/target/test-dir/MiniOzoneClusterImpl-0519545d-318d-4c21-a2a0-688f18f8a31d/datanode-1/data/ratis/23ffc2a4-5526-4092-9dc4-6d4c5fd51127/current/log_3978-4057
2019-07-03 07:08:28,005 INFO  storage.RaftLogWorker (RaftLogWorker.java:execute(433)) - 1d8d2908-dfb4-4358-9c6e-64b435d6fccc-RaftLogWorker: Rolled log segment from /opt/src/hadoop-ozone/tools/target/test-dir/MiniOzoneClusterImpl-0519545d-318d-4c21-a2a0-688f18f8a31d/datanode-2/data/ratis/23ffc2a4-5526-4092-9dc4-6d4c5fd51127/current/log_inprogress_3978 to /opt/src/hadoop-ozone/tools/target/test-dir/MiniOzoneClusterImpl-0519545d-318d-4c21-a2a0-688f18f8a31d/datanode-2/data/ratis/23ffc2a4-5526-4092-9dc4-6d4c5fd51127/current/log_3978-4057
2019-07-03 07:08:28,039 INFO  storage.RaftLogWorker (RaftLogWorker.java:execute(469)) - 6571ba41-d309-4d1d-a321-129a77bf1602-RaftLogWorker: created new log segment /opt/src/hadoop-ozone/tools/target/test-dir/MiniOzoneClusterImpl-0519545d-318d-4c21-a2a0-688f18f8a31d/datanode-4/data/ratis/23ffc2a4-5526-4092-9dc4-6d4c5fd51127/current/log_inprogress_4058
2019-07-03 07:08:28,044 INFO  storage.RaftLogWorker (RaftLogWorker.java:execute(469)) - 75e8c5ea-f06a-43e1-af6e-1f7f9b0b2cc1-RaftLogWorker: created new log segment /opt/src/hadoop-ozone/tools/target/test-dir/MiniOzoneClusterImpl-0519545d-318d-4c21-a2a0-688f18f8a31d/datanode-1/data/ratis/23ffc2a4-5526-4092-9dc4-6d4c5fd51127/current/log_inprogress_4058
2019-07-03 07:08:28,044 INFO  storage.RaftLogWorker (RaftLogWorker.java:execute(469)) - 1d8d2908-dfb4-4358-9c6e-64b435d6fccc-RaftLogWorker: created new log segment /opt/src/hadoop-ozone/tools/target/test-dir/MiniOzoneClusterImpl-0519545d-318d-4c21-a2a0-688f18f8a31d/datanode-2/data/ratis/23ffc2a4-5526-4092-9dc4-6d4c5fd51127/current/log_inprogress_4058
2019-07-03 07:08:28,046 INFO  client.GrpcClientProtocolClient (GrpcClientProtocolClient.java:onNext(254)) - client-253D2503C21A->6571ba41-d309-4d1d-a321-129a77bf1602: receive RaftClientReply:client-253D2503C21A->6571ba41-d309-4d1d-a321-129a77bf1602@group-6D4C5FD51127, cid=2664, SUCCESS, logIndex=4058, commits[6571ba41-d309-4d1d-a321-129a77bf1602:c4058, 75e8c5ea-f06a-43e1-af6e-1f7f9b0b2cc1:c4056, 1d8d2908-dfb4-4358-9c6e-64b435d6fccc:c4056]
2019-07-03 07:08:28,049 INFO  client.GrpcClientProtocolClient (GrpcClientProtocolClient.java:onNext(254)) - client-253D2503C21A->6571ba41-d309-4d1d-a321-129a77bf1602: receive RaftClientReply:client-253D2503C21A->6571ba41-d309-4d1d-a321-129a77bf1602@group-6D4C5FD51127, cid=2665, SUCCESS, logIndex=0, commits[6571ba41-d309-4d1d-a321-129a77bf1602:c4059, 75e8c5ea-f06a-43e1-af6e-1f7f9b0b2cc1:c4058, 1d8d2908-dfb4-4358-9c6e-64b435d6fccc:c4058]
2019-07-03 07:08:28,083 INFO  client.GrpcClientProtocolClient (GrpcClientProtocolClient.java:onNext(254)) - client-253D2503C21A->6571ba41-d309-4d1d-a321-129a77bf1602: receive RaftClientReply:client-253D2503C21A->6571ba41-d309-4d1d-a321-129a77bf1602@group-6D4C5FD51127, cid=2666, SUCCESS, logIndex=4060, commits[6571ba41-d309-4d1d-a321-129a77bf1602:c4060, 75e8c5ea-f06a-43e1-af6e-1f7f9b0b2cc1:c4059, 1d8d2908-dfb4-4358-9c6e-64b435d6fccc:c4059]
2019-07-03 07:08:28,095 INFO  client.GrpcClientProtocolClient (GrpcClientProtocolClient.java:onNext(254)) - client-253D2503C21A->6571ba41-d309-4d1d-a321-129a77bf1602: receive RaftClientReply:client-253D2503C21A->6571ba41-d309-4d1d-a321-129a77bf1602@group-6D4C5FD51127, cid=2667, SUCCESS, logIndex=4062, commits[6571ba41-d309-4d1d-a321-129a77bf1602:c4063, 75e8c5ea-f06a-43e1-af6e-1f7f9b0b2cc1:c4060, 1d8d2908-dfb4-4358-9c6e-64b435d6fccc:c4060]
2019-07-03 07:08:28,096 INFO  client.GrpcClientProtocolClient (GrpcClientProtocolClient.java:onNext(254)) - client-253D2503C21A->6571ba41-d309-4d1d-a321-129a77bf1602: receive RaftClientReply:client-253D2503C21A->6571ba41-d309-4d1d-a321-129a77bf1602@group-6D4C5FD51127, cid=2668, SUCCESS, logIndex=4063, commits[6571ba41-d309-4d1d-a321-129a77bf1602:c4063, 75e8c5ea-f06a-43e1-af6e-1f7f9b0b2cc1:c4060, 1d8d2908-dfb4-4358-9c6e-64b435d6fccc:c4060]
2019-07-03 07:08:28,096 INFO  client.GrpcClientProtocolClient (GrpcClientProtocolClient.java:onNext(254)) - client-253D2503C21A->6571ba41-d309-4d1d-a321-129a77bf1602: receive RaftClientReply:client-253D2503C21A->6571ba41-d309-4d1d-a321-129a77bf1602@group-6D4C5FD51127, cid=2669, SUCCESS, logIndex=4064, commits[6571ba41-d309-4d1d-a321-129a77bf1602:c4064, 75e8c5ea-f06a-43e1-af6e-1f7f9b0b2cc1:c4060, 1d8d2908-dfb4-4358-9c6e-64b435d6fccc:c4062]
2019-07-03 07:08:28,097 INFO  client.GrpcClientProtocolClient (GrpcClientProtocolClient.java:onNext(254)) - client-253D2503C21A->6571ba41-d309-4d1d-a321-129a77bf1602: receive RaftClientReply:client-253D2503C21A->6571ba41-d309-4d1d-a321-129a77bf1602@group-6D4C5FD51127, cid=2670, SUCCESS, logIndex=0, commits[6571ba41-d309-4d1d-a321-129a77bf1602:c4065, 75e8c5ea-f06a-43e1-af6e-1f7f9b0b2cc1:c4063, 1d8d2908-dfb4-4358-9c6e-64b435d6fccc:c4062]
2019-07-03 07:08:28,111 INFO  client.GrpcClientProtocolClient (GrpcClientProtocolClient.java:onNext(254)) - client-253D2503C21A->6571ba41-d309-4d1d-a321-129a77bf1602: receive RaftClientReply:client-253D2503C21A->6571ba41-d309-4d1d-a321-129a77bf1602@group-6D4C5FD51127, cid=2671, SUCCESS, logIndex=4068, commits[6571ba41-d309-4d1d-a321-129a77bf1602:c4068, 75e8c5ea-f06a-43e1-af6e-1f7f9b0b2cc1:c4067, 1d8d2908-dfb4-4358-9c6e-64b435d6fccc:c4064]
2019-07-03 07:08:28,126 INFO  client.GrpcClientProtocolClient (GrpcClientProtocolClient.java:onNext(254)) - client-253D2503C21A->6571ba41-d309-4d1d-a321-129a77bf1602: receive RaftClientReply:client-253D2503C21A->6571ba41-d309-4d1d-a321-129a77bf1602@group-6D4C5FD51127, cid=2672, SUCCESS, logIndex=4070, commits[6571ba41-d309-4d1d-a321-129a77bf1602:c4070, 75e8c5ea-f06a-43e1-af6e-1f7f9b0b2cc1:c4068, 1d8d2908-dfb4-4358-9c6e-64b435d6fccc:c4068]
2019-07-03 07:08:28,141 INFO  client.GrpcClientProtocolClient (GrpcClientProtocolClient.java:onNext(254)) - client-253D2503C21A->6571ba41-d309-4d1d-a321-129a77bf1602: receive RaftClientReply:client-253D2503C21A->6571ba41-d309-4d1d-a321-129a77bf1602@group-6D4C5FD51127, cid=2673, SUCCESS, logIndex=4072, commits[6571ba41-d309-4d1d-a321-129a77bf1602:c4072, 75e8c5ea-f06a-43e1-af6e-1f7f9b0b2cc1:c4070, 1d8d2908-dfb4-4358-9c6e-64b435d6fccc:c4070]
2019-07-03 07:08:28,168 INFO  client.GrpcClientProtocolClient (GrpcClientProtocolClient.java:onNext(254)) - client-253D2503C21A->6571ba41-d309-4d1d-a321-129a77bf1602: receive RaftClientReply:client-253D2503C21A->6571ba41-d309-4d1d-a321-129a77bf1602@group-6D4C5FD51127, cid=2674, SUCCESS, logIndex=4074, commits[6571ba41-d309-4d1d-a321-129a77bf1602:c4074, 75e8c5ea-f06a-43e1-af6e-1f7f9b0b2cc1:c4072, 1d8d2908-dfb4-4358-9c6e-64b435d6fccc:c4072]
2019-07-03 07:08:28,180 INFO  client.GrpcClientProtocolClient (GrpcClientProtocolClient.java:onNext(254)) - client-253D2503C21A->6571ba41-d309-4d1d-a321-129a77bf1602: receive RaftClientReply:client-253D2503C21A->6571ba41-d309-4d1d-a321-129a77bf1602@group-6D4C5FD51127, cid=2675, SUCCESS, logIndex=0, commits[6571ba41-d309-4d1d-a321-129a77bf1602:c4074, 75e8c5ea-f06a-43e1-af6e-1f7f9b0b2cc1:c4074, 1d8d2908-dfb4-4358-9c6e-64b435d6fccc:c4074]
2019-07-03 07:08:28,210 INFO  client.GrpcClientProtocolClient (GrpcClientProtocolClient.java:onNext(254)) - client-253D2503C21A->6571ba41-d309-4d1d-a321-129a77bf1602: receive RaftClientReply:client-253D2503C21A->6571ba41-d309-4d1d-a321-129a77bf1602@group-6D4C5FD51127, cid=2676, SUCCESS, logIndex=4076, commits[6571ba41-d309-4d1d-a321-129a77bf1602:c4076, 75e8c5ea-f06a-43e1-af6e-1f7f9b0b2cc1:c4075, 1d8d2908-dfb4-4358-9c6e-64b435d6fccc:c4075]
2019-07-03 07:08:28,222 INFO  client.GrpcClientProtocolClient (GrpcClientProtocolClient.java:onNext(254)) - client-253D2503C21A->6571ba41-d309-4d1d-a321-129a77bf1602: receive RaftClientReply:client-253D2503C21A->6571ba41-d309-4d1d-a321-129a77bf1602@group-6D4C5FD51127, cid=2677, SUCCESS, logIndex=4078, commits[6571ba41-d309-4d1d-a321-129a77bf1602:c4078, 75e8c5ea-f06a-43e1-af6e-1f7f9b0b2cc1:c4076, 1d8d2908-dfb4-4358-9c6e-64b435d6fccc:c4076]
2019-07-03 07:08:28,223 INFO  client.GrpcClientProtocolClient (GrpcClientProtocolClient.java:onNext(254)) - client-253D2503C21A->6571ba41-d309-4d1d-a321-129a77bf1602: receive RaftClientReply:client-253D2503C21A->6571ba41-d309-4d1d-a321-129a77bf1602@group-6D4C5FD51127, cid=2678, SUCCESS, logIndex=4079, commits[6571ba41-d309-4d1d-a321-129a77bf1602:c4080, 75e8c5ea-f06a-43e1-af6e-1f7f9b0b2cc1:c4076, 1d8d2908-dfb4-4358-9c6e-64b435d6fccc:c4076]
2019-07-03 07:08:28,223 INFO  client.GrpcClientProtocolClient (GrpcClientProtocolClient.java:onNext(254)) - client-253D2503C21A->6571ba41-d309-4d1d-a321-129a77bf1602: receive RaftClientReply:client-253D2503C21A->6571ba41-d309-4d1d-a321-129a77bf1602@group-6D4C5FD51127, cid=2679, SUCCESS, logIndex=4080, commits[6571ba41-d309-4d1d-a321-129a77bf1602:c4080, 75e8c5ea-f06a-43e1-af6e-1f7f9b0b2cc1:c4076, 1d8d2908-dfb4-4358-9c6e-64b435d6fccc:c4076]
2019-07-03 07:08:28,236 INFO  client.GrpcClientProtocolClient (GrpcClientProtocolClient.java:onNext(254)) - client-253D2503C21A->6571ba41-d309-4d1d-a321-129a77bf1602: receive RaftClientReply:client-253D2503C21A->6571ba41-d309-4d1d-a321-129a77bf1602@group-6D4C5FD51127, cid=2680, SUCCESS, logIndex=0, commits[6571ba41-d309-4d1d-a321-129a77bf1602:c4081, 75e8c5ea-f06a-43e1-af6e-1f7f9b0b2cc1:c4079, 1d8d2908-dfb4-4358-9c6e-64b435d6fccc:c4078]
2019-07-03 07:08:28,259 INFO  client.GrpcClientProtocolClient (GrpcClientProtocolClient.java:onNext(254)) - client-253D2503C21A->6571ba41-d309-4d1d-a321-129a77bf1602: receive RaftClientReply:client-253D2503C21A->6571ba41-d309-4d1d-a321-129a77bf1602@group-6D4C5FD51127, cid=2681, SUCCESS, logIndex=4084, commits[6571ba41-d309-4d1d-a321-129a77bf1602:c4084, 75e8c5ea-f06a-43e1-af6e-1f7f9b0b2cc1:c4083, 1d8d2908-dfb4-4358-9c6e-64b435d6fccc:c4083]
2019-07-03 07:08:28,274 INFO  client.GrpcClientProtocolClient (GrpcClientProtocolClient.java:onNext(254)) - client-253D2503C21A->6571ba41-d309-4d1d-a321-129a77bf1602: receive RaftClientReply:client-253D2503C21A->6571ba41-d309-4d1d-a321-129a77bf1602@group-6D4C5FD51127, cid=2682, SUCCESS, logIndex=4086, commits[6571ba41-d309-4d1d-a321-129a77bf1602:c4086, 75e8c5ea-f06a-43e1-af6e-1f7f9b0b2cc1:c4084, 1d8d2908-dfb4-4358-9c6e-64b435d6fccc:c4084]
2019-07-03 07:08:28,289 INFO  client.GrpcClientProtocolClient (GrpcClientProtocolClient.java:onNext(254)) - client-253D2503C21A->6571ba41-d309-4d1d-a321-129a77bf1602: receive RaftClientReply:client-253D2503C21A->6571ba41-d309-4d1d-a321-129a77bf1602@group-6D4C5FD51127, cid=2683, SUCCESS, logIndex=4088, commits[6571ba41-d309-4d1d-a321-129a77bf1602:c4088, 75e8c5ea-f06a-43e1-af6e-1f7f9b0b2cc1:c4086, 1d8d2908-dfb4-4358-9c6e-64b435d6fccc:c4086]
2019-07-03 07:08:28,314 INFO  client.GrpcClientProtocolClient (GrpcClientProtocolClient.java:onNext(254)) - client-253D2503C21A->6571ba41-d309-4d1d-a321-129a77bf1602: receive RaftClientReply:client-253D2503C21A->6571ba41-d309-4d1d-a321-129a77bf1602@group-6D4C5FD51127, cid=2684, SUCCESS, logIndex=4090, commits[6571ba41-d309-4d1d-a321-129a77bf1602:c4090, 75e8c5ea-f06a-43e1-af6e-1f7f9b0b2cc1:c4088, 1d8d2908-dfb4-4358-9c6e-64b435d6fccc:c4088]
2019-07-03 07:08:28,325 INFO  client.GrpcClientProtocolClient (GrpcClientProtocolClient.java:onNext(254)) - client-253D2503C21A->6571ba41-d309-4d1d-a321-129a77bf1602: receive RaftClientReply:client-253D2503C21A->6571ba41-d309-4d1d-a321-129a77bf1602@group-6D4C5FD51127, cid=2685, SUCCESS, logIndex=0, commits[6571ba41-d309-4d1d-a321-129a77bf1602:c4091, 75e8c5ea-f06a-43e1-af6e-1f7f9b0b2cc1:c4090, 1d8d2908-dfb4-4358-9c6e-64b435d6fccc:c4090]
2019-07-03 07:08:28,356 INFO  client.GrpcClientProtocolClient (GrpcClientProtocolClient.java:onNext(254)) - client-253D2503C21A->6571ba41-d309-4d1d-a321-129a77bf1602: receive RaftClientReply:client-253D2503C21A->6571ba41-d309-4d1d-a321-129a77bf1602@group-6D4C5FD51127, cid=2686, SUCCESS, logIndex=4092, commits[6571ba41-d309-4d1d-a321-129a77bf1602:c4092, 75e8c5ea-f06a-43e1-af6e-1f7f9b0b2cc1:c4091, 1d8d2908-dfb4-4358-9c6e-64b435d6fccc:c4091]
2019-07-03 07:08:28,369 INFO  client.GrpcClientProtocolClient (GrpcClientProtocolClient.java:onNext(254)) - client-253D2503C21A->6571ba41-d309-4d1d-a321-129a77bf1602: receive RaftClientReply:client-253D2503C21A->6571ba41-d309-4d1d-a321-129a77bf1602@group-6D4C5FD51127, cid=2687, SUCCESS, logIndex=4094, commits[6571ba41-d309-4d1d-a321-129a77bf1602:c4094, 75e8c5ea-f06a-43e1-af6e-1f7f9b0b2cc1:c4092, 1d8d2908-dfb4-4358-9c6e-64b435d6fccc:c4092]
2019-07-03 07:08:28,369 INFO  client.GrpcClientProtocolClient (GrpcClientProtocolClient.java:onNext(254)) - client-253D2503C21A->6571ba41-d309-4d1d-a321-129a77bf1602: receive RaftClientReply:client-253D2503C21A->6571ba41-d309-4d1d-a321-129a77bf1602@group-6D4C5FD51127, cid=2688, SUCCESS, logIndex=4095, commits[6571ba41-d309-4d1d-a321-129a77bf1602:c4095, 75e8c5ea-f06a-43e1-af6e-1f7f9b0b2cc1:c4092, 1d8d2908-dfb4-4358-9c6e-64b435d6fccc:c4092]
2019-07-03 07:08:28,370 INFO  client.GrpcClientProtocolClient (GrpcClientProtocolClient.java:onNext(254)) - client-253D2503C21A->6571ba41-d309-4d1d-a321-129a77bf1602: receive RaftClientReply:client-253D2503C21A->6571ba41-d309-4d1d-a321-129a77bf1602@group-6D4C5FD51127, cid=2689, SUCCESS, logIndex=4096, commits[6571ba41-d309-4d1d-a321-129a77bf1602:c4097, 75e8c5ea-f06a-43e1-af6e-1f7f9b0b2cc1:c4092, 1d8d2908-dfb4-4358-9c6e-64b435d6fccc:c4094]
2019-07-03 07:08:28,371 INFO  client.GrpcClientProtocolClient (GrpcClientProtocolClient.java:onNext(254)) - client-253D2503C21A->6571ba41-d309-4d1d-a321-129a77bf1602: receive RaftClientReply:client-253D2503C21A->6571ba41-d309-4d1d-a321-129a77bf1602@group-6D4C5FD51127, cid=2690, SUCCESS, logIndex=0, commits[6571ba41-d309-4d1d-a321-129a77bf1602:c4098, 75e8c5ea-f06a-43e1-af6e-1f7f9b0b2cc1:c4095, 1d8d2908-dfb4-4358-9c6e-64b435d6fccc:c4095]
2019-07-03 07:08:28,390 INFO  client.GrpcClientProtocolClient (GrpcClientProtocolClient.java:onNext(254)) - client-253D2503C21A->6571ba41-d309-4d1d-a321-129a77bf1602: receive RaftClientReply:client-253D2503C21A->6571ba41-d309-4d1d-a321-129a77bf1602@group-6D4C5FD51127, cid=2691, SUCCESS, logIndex=4100, commits[6571ba41-d309-4d1d-a321-129a77bf1602:c4100, 75e8c5ea-f06a-43e1-af6e-1f7f9b0b2cc1:c4099, 1d8d2908-dfb4-4358-9c6e-64b435d6fccc:c4099]
2019-07-03 07:08:28,405 INFO  client.GrpcClientProtocolClient (GrpcClientProtocolClient.java:onNext(254)) - client-253D2503C21A->6571ba41-d309-4d1d-a321-129a77bf1602: receive RaftClientReply:client-253D2503C21A->6571ba41-d309-4d1d-a321-129a77bf1602@group-6D4C5FD51127, cid=2692, SUCCESS, logIndex=4102, commits[6571ba41-d309-4d1d-a321-129a77bf1602:c4102, 75e8c5ea-f06a-43e1-af6e-1f7f9b0b2cc1:c4100, 1d8d2908-dfb4-4358-9c6e-64b435d6fccc:c4100]
2019-07-03 07:08:28,419 INFO  client.GrpcClientProtocolClient (GrpcClientProtocolClient.java:onNext(254)) - client-253D2503C21A->6571ba41-d309-4d1d-a321-129a77bf1602: receive RaftClientReply:client-253D2503C21A->6571ba41-d309-4d1d-a321-129a77bf1602@group-6D4C5FD51127, cid=2693, SUCCESS, logIndex=4104, commits[6571ba41-d309-4d1d-a321-129a77bf1602:c4104, 75e8c5ea-f06a-43e1-af6e-1f7f9b0b2cc1:c4102, 1d8d2908-dfb4-4358-9c6e-64b435d6fccc:c4102]
2019-07-03 07:08:28,434 INFO  client.GrpcClientProtocolClient (GrpcClientProtocolClient.java:onNext(254)) - client-253D2503C21A->6571ba41-d309-4d1d-a321-129a77bf1602: receive RaftClientReply:client-253D2503C21A->6571ba41-d309-4d1d-a321-129a77bf1602@group-6D4C5FD51127, cid=2694, SUCCESS, logIndex=4106, commits[6571ba41-d309-4d1d-a321-129a77bf1602:c4106, 75e8c5ea-f06a-43e1-af6e-1f7f9b0b2cc1:c4104, 1d8d2908-dfb4-4358-9c6e-64b435d6fccc:c4104]
2019-07-03 07:08:28,446 INFO  client.GrpcClientProtocolClient (GrpcClientProtocolClient.java:onNext(254)) - client-253D2503C21A->6571ba41-d309-4d1d-a321-129a77bf1602: receive RaftClientReply:client-253D2503C21A->6571ba41-d309-4d1d-a321-129a77bf1602@group-6D4C5FD51127, cid=2695, SUCCESS, logIndex=0, commits[6571ba41-d309-4d1d-a321-129a77bf1602:c4107, 75e8c5ea-f06a-43e1-af6e-1f7f9b0b2cc1:c4106, 1d8d2908-dfb4-4358-9c6e-64b435d6fccc:c4106]
2019-07-03 07:08:28,476 INFO  client.GrpcClientProtocolClient (GrpcClientProtocolClient.java:onNext(254)) - client-253D2503C21A->6571ba41-d309-4d1d-a321-129a77bf1602: receive RaftClientReply:client-253D2503C21A->6571ba41-d309-4d1d-a321-129a77bf1602@group-6D4C5FD51127, cid=2696, SUCCESS, logIndex=4108, commits[6571ba41-d309-4d1d-a321-129a77bf1602:c4108, 75e8c5ea-f06a-43e1-af6e-1f7f9b0b2cc1:c4107, 1d8d2908-dfb4-4358-9c6e-64b435d6fccc:c4107]
2019-07-03 07:08:28,488 INFO  client.GrpcClientProtocolClient (GrpcClientProtocolClient.java:onNext(254)) - client-253D2503C21A->6571ba41-d309-4d1d-a321-129a77bf1602: receive RaftClientReply:client-253D2503C21A->6571ba41-d309-4d1d-a321-129a77bf1602@group-6D4C5FD51127, cid=2697, SUCCESS, logIndex=4110, commits[6571ba41-d309-4d1d-a321-129a77bf1602:c4110, 75e8c5ea-f06a-43e1-af6e-1f7f9b0b2cc1:c4108, 1d8d2908-dfb4-4358-9c6e-64b435d6fccc:c4108]
2019-07-03 07:08:28,488 INFO  client.GrpcClientProtocolClient (GrpcClientProtocolClient.java:onNext(254)) - client-253D2503C21A->6571ba41-d309-4d1d-a321-129a77bf1602: receive RaftClientReply:client-253D2503C21A->6571ba41-d309-4d1d-a321-129a77bf1602@group-6D4C5FD51127, cid=2698, SUCCESS, logIndex=4111, commits[6571ba41-d309-4d1d-a321-129a77bf1602:c4111, 75e8c5ea-f06a-43e1-af6e-1f7f9b0b2cc1:c4108, 1d8d2908-dfb4-4358-9c6e-64b435d6fccc:c4108]
2019-07-03 07:08:28,489 INFO  client.GrpcClientProtocolClient (GrpcClientProtocolClient.java:onNext(254)) - client-253D2503C21A->6571ba41-d309-4d1d-a321-129a77bf1602: receive RaftClientReply:client-253D2503C21A->6571ba41-d309-4d1d-a321-129a77bf1602@group-6D4C5FD51127, cid=2699, SUCCESS, logIndex=4112, commits[6571ba41-d309-4d1d-a321-129a77bf1602:c4112, 75e8c5ea-f06a-43e1-af6e-1f7f9b0b2cc1:c4108, 1d8d2908-dfb4-4358-9c6e-64b435d6fccc:c4108]
2019-07-03 07:08:28,491 INFO  client.GrpcClientProtocolClient (GrpcClientProtocolClient.java:onNext(254)) - client-253D2503C21A->6571ba41-d309-4d1d-a321-129a77bf1602: receive RaftClientReply:client-253D2503C21A->6571ba41-d309-4d1d-a321-129a77bf1602@group-6D4C5FD51127, cid=2700, SUCCESS, logIndex=0, commits[6571ba41-d309-4d1d-a321-129a77bf1602:c4114, 75e8c5ea-f06a-43e1-af6e-1f7f9b0b2cc1:c4110, 1d8d2908-dfb4-4358-9c6e-64b435d6fccc:c4111]
2019-07-03 07:08:28,505 INFO  client.GrpcClientProtocolClient (GrpcClientProtocolClient.java:onNext(254)) - client-253D2503C21A->6571ba41-d309-4d1d-a321-129a77bf1602: receive RaftClientReply:client-253D2503C21A->6571ba41-d309-4d1d-a321-129a77bf1602@group-6D4C5FD51127, cid=2701, SUCCESS, logIndex=4116, commits[6571ba41-d309-4d1d-a321-129a77bf1602:c4116, 75e8c5ea-f06a-43e1-af6e-1f7f9b0b2cc1:c4112, 1d8d2908-dfb4-4358-9c6e-64b435d6fccc:c4114]
2019-07-03 07:08:28,518 INFO  client.GrpcClientProtocolClient (GrpcClientProtocolClient.java:onNext(254)) - client-253D2503C21A->6571ba41-d309-4d1d-a321-129a77bf1602: receive RaftClientReply:client-253D2503C21A->6571ba41-d309-4d1d-a321-129a77bf1602@group-6D4C5FD51127, cid=2702, SUCCESS, logIndex=4118, commits[6571ba41-d309-4d1d-a321-129a77bf1602:c4118, 75e8c5ea-f06a-43e1-af6e-1f7f9b0b2cc1:c4116, 1d8d2908-dfb4-4358-9c6e-64b435d6fccc:c4116]
2019-07-03 07:08:28,537 INFO  client.GrpcClientProtocolClient (GrpcClientProtocolClient.java:onNext(254)) - client-253D2503C21A->6571ba41-d309-4d1d-a321-129a77bf1602: receive RaftClientReply:client-253D2503C21A->6571ba41-d309-4d1d-a321-129a77bf1602@group-6D4C5FD51127, cid=2703, SUCCESS, logIndex=4120, commits[6571ba41-d309-4d1d-a321-129a77bf1602:c4120, 75e8c5ea-f06a-43e1-af6e-1f7f9b0b2cc1:c4119, 1d8d2908-dfb4-4358-9c6e-64b435d6fccc:c4119]
2019-07-03 07:08:28,540 INFO  client.GrpcClientProtocolClient (GrpcClientProtocolClient.java:onNext(254)) - client-253D2503C21A->6571ba41-d309-4d1d-a321-129a77bf1602: receive RaftClientReply:client-253D2503C21A->6571ba41-d309-4d1d-a321-129a77bf1602@group-6D4C5FD51127, cid=2704, SUCCESS, logIndex=4122, commits[6571ba41-d309-4d1d-a321-129a77bf1602:c4122, 75e8c5ea-f06a-43e1-af6e-1f7f9b0b2cc1:c4120, 1d8d2908-dfb4-4358-9c6e-64b435d6fccc:c4120]
2019-07-03 07:08:28,543 INFO  client.GrpcClientProtocolClient (GrpcClientProtocolClient.java:onNext(254)) - client-253D2503C21A->6571ba41-d309-4d1d-a321-129a77bf1602: receive RaftClientReply:client-253D2503C21A->6571ba41-d309-4d1d-a321-129a77bf1602@group-6D4C5FD51127, cid=2705, SUCCESS, logIndex=0, commits[6571ba41-d309-4d1d-a321-129a77bf1602:c4123, 75e8c5ea-f06a-43e1-af6e-1f7f9b0b2cc1:c4122, 1d8d2908-dfb4-4358-9c6e-64b435d6fccc:c4122]
2019-07-03 07:08:28,565 INFO  client.GrpcClientProtocolClient (GrpcClientProtocolClient.java:onNext(254)) - client-253D2503C21A->6571ba41-d309-4d1d-a321-129a77bf1602: receive RaftClientReply:client-253D2503C21A->6571ba41-d309-4d1d-a321-129a77bf1602@group-6D4C5FD51127, cid=2706, SUCCESS, logIndex=4124, commits[6571ba41-d309-4d1d-a321-129a77bf1602:c4124, 75e8c5ea-f06a-43e1-af6e-1f7f9b0b2cc1:c4123, 1d8d2908-dfb4-4358-9c6e-64b435d6fccc:c4123]
2019-07-03 07:08:28,577 INFO  client.GrpcClientProtocolClient (GrpcClientProtocolClient.java:onNext(254)) - client-253D2503C21A->6571ba41-d309-4d1d-a321-129a77bf1602: receive RaftClientReply:client-253D2503C21A->6571ba41-d309-4d1d-a321-129a77bf1602@group-6D4C5FD51127, cid=2707, SUCCESS, logIndex=4126, commits[6571ba41-d309-4d1d-a321-129a77bf1602:c4126, 75e8c5ea-f06a-43e1-af6e-1f7f9b0b2cc1:c4124, 1d8d2908-dfb4-4358-9c6e-64b435d6fccc:c4124]
2019-07-03 07:08:28,578 INFO  client.GrpcClientProtocolClient (GrpcClientProtocolClient.java:onNext(254)) - client-253D2503C21A->6571ba41-d309-4d1d-a321-129a77bf1602: receive RaftClientReply:client-253D2503C21A->6571ba41-d309-4d1d-a321-129a77bf1602@group-6D4C5FD51127, cid=2708, SUCCESS, logIndex=4127, commits[6571ba41-d309-4d1d-a321-129a77bf1602:c4127, 75e8c5ea-f06a-43e1-af6e-1f7f9b0b2cc1:c4124, 1d8d2908-dfb4-4358-9c6e-64b435d6fccc:c4124]
2019-07-03 07:08:28,578 INFO  client.GrpcClientProtocolClient (GrpcClientProtocolClient.java:onNext(254)) - client-253D2503C21A->6571ba41-d309-4d1d-a321-129a77bf1602: receive RaftClientReply:client-253D2503C21A->6571ba41-d309-4d1d-a321-129a77bf1602@group-6D4C5FD51127, cid=2709, SUCCESS, logIndex=4128, commits[6571ba41-d309-4d1d-a321-129a77bf1602:c4129, 75e8c5ea-f06a-43e1-af6e-1f7f9b0b2cc1:c4124, 1d8d2908-dfb4-4358-9c6e-64b435d6fccc:c4126]
2019-07-03 07:08:28,579 INFO  client.GrpcClientProtocolClient (GrpcClientProtocolClient.java:onNext(254)) - client-253D2503C21A->6571ba41-d309-4d1d-a321-129a77bf1602: receive RaftClientReply:client-253D2503C21A->6571ba41-d309-4d1d-a321-129a77bf1602@group-6D4C5FD51127, cid=2710, SUCCESS, logIndex=0, commits[6571ba41-d309-4d1d-a321-129a77bf1602:c4129, 75e8c5ea-f06a-43e1-af6e-1f7f9b0b2cc1:c4127, 1d8d2908-dfb4-4358-9c6e-64b435d6fccc:c4127]
2019-07-03 07:08:28,592 INFO  client.GrpcClientProtocolClient (GrpcClientProtocolClient.java:onNext(254)) - client-253D2503C21A->6571ba41-d309-4d1d-a321-129a77bf1602: receive RaftClientReply:client-253D2503C21A->6571ba41-d309-4d1d-a321-129a77bf1602@group-6D4C5FD51127, cid=2711, SUCCESS, logIndex=4132, commits[6571ba41-d309-4d1d-a321-129a77bf1602:c4132, 75e8c5ea-f06a-43e1-af6e-1f7f9b0b2cc1:c4131, 1d8d2908-dfb4-4358-9c6e-64b435d6fccc:c4131]
2019-07-03 07:08:28,605 INFO  client.GrpcClientProtocolClient (GrpcClientProtocolClient.java:onNext(254)) - client-253D2503C21A->6571ba41-d309-4d1d-a321-129a77bf1602: receive RaftClientReply:client-253D2503C21A->6571ba41-d309-4d1d-a321-129a77bf1602@group-6D4C5FD51127, cid=2712, SUCCESS, logIndex=4134, commits[6571ba41-d309-4d1d-a321-129a77bf1602:c4134, 75e8c5ea-f06a-43e1-af6e-1f7f9b0b2cc1:c4132, 1d8d2908-dfb4-4358-9c6e-64b435d6fccc:c4132]
2019-07-03 07:08:28,618 INFO  client.GrpcClientProtocolClient (GrpcClientProtocolClient.java:onNext(254)) - client-253D2503C21A->6571ba41-d309-4d1d-a321-129a77bf1602: receive RaftClientReply:client-253D2503C21A->6571ba41-d309-4d1d-a321-129a77bf1602@group-6D4C5FD51127, cid=2713, SUCCESS, logIndex=4136, commits[6571ba41-d309-4d1d-a321-129a77bf1602:c4136, 75e8c5ea-f06a-43e1-af6e-1f7f9b0b2cc1:c4134, 1d8d2908-dfb4-4358-9c6e-64b435d6fccc:c4134]
2019-07-03 07:08:28,618 INFO  storage.RaftLogWorker (RaftLogWorker.java:rollLogSegment(303)) - 6571ba41-d309-4d1d-a321-129a77bf1602-RaftLogWorker: Rolling segment log-4058_4137 to index:4137
2019-07-03 07:08:28,619 INFO  storage.RaftLogWorker (RaftLogWorker.java:rollLogSegment(303)) - 1d8d2908-dfb4-4358-9c6e-64b435d6fccc-RaftLogWorker: Rolling segment log-4058_4137 to index:4137
2019-07-03 07:08:28,619 INFO  storage.RaftLogWorker (RaftLogWorker.java:rollLogSegment(303)) - 75e8c5ea-f06a-43e1-af6e-1f7f9b0b2cc1-RaftLogWorker: Rolling segment log-4058_4137 to index:4137
2019-07-03 07:08:28,629 INFO  storage.RaftLogWorker (RaftLogWorker.java:execute(433)) - 6571ba41-d309-4d1d-a321-129a77bf1602-RaftLogWorker: Rolled log segment from /opt/src/hadoop-ozone/tools/target/test-dir/MiniOzoneClusterImpl-0519545d-318d-4c21-a2a0-688f18f8a31d/datanode-4/data/ratis/23ffc2a4-5526-4092-9dc4-6d4c5fd51127/current/log_inprogress_4058 to /opt/src/hadoop-ozone/tools/target/test-dir/MiniOzoneClusterImpl-0519545d-318d-4c21-a2a0-688f18f8a31d/datanode-4/data/ratis/23ffc2a4-5526-4092-9dc4-6d4c5fd51127/current/log_4058-4137
2019-07-03 07:08:28,629 INFO  storage.RaftLogWorker (RaftLogWorker.java:execute(433)) - 1d8d2908-dfb4-4358-9c6e-64b435d6fccc-RaftLogWorker: Rolled log segment from /opt/src/hadoop-ozone/tools/target/test-dir/MiniOzoneClusterImpl-0519545d-318d-4c21-a2a0-688f18f8a31d/datanode-2/data/ratis/23ffc2a4-5526-4092-9dc4-6d4c5fd51127/current/log_inprogress_4058 to /opt/src/hadoop-ozone/tools/target/test-dir/MiniOzoneClusterImpl-0519545d-318d-4c21-a2a0-688f18f8a31d/datanode-2/data/ratis/23ffc2a4-5526-4092-9dc4-6d4c5fd51127/current/log_4058-4137
2019-07-03 07:08:28,629 INFO  storage.RaftLogWorker (RaftLogWorker.java:execute(433)) - 75e8c5ea-f06a-43e1-af6e-1f7f9b0b2cc1-RaftLogWorker: Rolled log segment from /opt/src/hadoop-ozone/tools/target/test-dir/MiniOzoneClusterImpl-0519545d-318d-4c21-a2a0-688f18f8a31d/datanode-1/data/ratis/23ffc2a4-5526-4092-9dc4-6d4c5fd51127/current/log_inprogress_4058 to /opt/src/hadoop-ozone/tools/target/test-dir/MiniOzoneClusterImpl-0519545d-318d-4c21-a2a0-688f18f8a31d/datanode-1/data/ratis/23ffc2a4-5526-4092-9dc4-6d4c5fd51127/current/log_4058-4137
2019-07-03 07:08:28,677 INFO  storage.RaftLogWorker (RaftLogWorker.java:execute(469)) - 1d8d2908-dfb4-4358-9c6e-64b435d6fccc-RaftLogWorker: created new log segment /opt/src/hadoop-ozone/tools/target/test-dir/MiniOzoneClusterImpl-0519545d-318d-4c21-a2a0-688f18f8a31d/datanode-2/data/ratis/23ffc2a4-5526-4092-9dc4-6d4c5fd51127/current/log_inprogress_4138
2019-07-03 07:08:28,677 INFO  storage.RaftLogWorker (RaftLogWorker.java:execute(469)) - 75e8c5ea-f06a-43e1-af6e-1f7f9b0b2cc1-RaftLogWorker: created new log segment /opt/src/hadoop-ozone/tools/target/test-dir/MiniOzoneClusterImpl-0519545d-318d-4c21-a2a0-688f18f8a31d/datanode-1/data/ratis/23ffc2a4-5526-4092-9dc4-6d4c5fd51127/current/log_inprogress_4138
2019-07-03 07:08:28,677 INFO  storage.RaftLogWorker (RaftLogWorker.java:execute(469)) - 6571ba41-d309-4d1d-a321-129a77bf1602-RaftLogWorker: created new log segment /opt/src/hadoop-ozone/tools/target/test-dir/MiniOzoneClusterImpl-0519545d-318d-4c21-a2a0-688f18f8a31d/datanode-4/data/ratis/23ffc2a4-5526-4092-9dc4-6d4c5fd51127/current/log_inprogress_4138
2019-07-03 07:08:28,690 INFO  client.GrpcClientProtocolClient (GrpcClientProtocolClient.java:onNext(254)) - client-253D2503C21A->6571ba41-d309-4d1d-a321-129a77bf1602: receive RaftClientReply:client-253D2503C21A->6571ba41-d309-4d1d-a321-129a77bf1602@group-6D4C5FD51127, cid=2714, SUCCESS, logIndex=4138, commits[6571ba41-d309-4d1d-a321-129a77bf1602:c4138, 75e8c5ea-f06a-43e1-af6e-1f7f9b0b2cc1:c4136, 1d8d2908-dfb4-4358-9c6e-64b435d6fccc:c4136]
2019-07-03 07:08:28,691 INFO  client.GrpcClientProtocolClient (GrpcClientProtocolClient.java:onNext(254)) - client-253D2503C21A->6571ba41-d309-4d1d-a321-129a77bf1602: receive RaftClientReply:client-253D2503C21A->6571ba41-d309-4d1d-a321-129a77bf1602@group-6D4C5FD51127, cid=2715, SUCCESS, logIndex=0, commits[6571ba41-d309-4d1d-a321-129a77bf1602:c4139, 75e8c5ea-f06a-43e1-af6e-1f7f9b0b2cc1:c4138, 1d8d2908-dfb4-4358-9c6e-64b435d6fccc:c4138]
2019-07-03 07:08:28,724 INFO  client.GrpcClientProtocolClient (GrpcClientProtocolClient.java:onNext(254)) - client-253D2503C21A->6571ba41-d309-4d1d-a321-129a77bf1602: receive RaftClientReply:client-253D2503C21A->6571ba41-d309-4d1d-a321-129a77bf1602@group-6D4C5FD51127, cid=2716, SUCCESS, logIndex=4140, commits[6571ba41-d309-4d1d-a321-129a77bf1602:c4140, 75e8c5ea-f06a-43e1-af6e-1f7f9b0b2cc1:c4139, 1d8d2908-dfb4-4358-9c6e-64b435d6fccc:c4139]
2019-07-03 07:08:28,737 INFO  client.GrpcClientProtocolClient (GrpcClientProtocolClient.java:onNext(254)) - client-253D2503C21A->6571ba41-d309-4d1d-a321-129a77bf1602: receive RaftClientReply:client-253D2503C21A->6571ba41-d309-4d1d-a321-129a77bf1602@group-6D4C5FD51127, cid=2717, SUCCESS, logIndex=4142, commits[6571ba41-d309-4d1d-a321-129a77bf1602:c4143, 75e8c5ea-f06a-43e1-af6e-1f7f9b0b2cc1:c4140, 1d8d2908-dfb4-4358-9c6e-64b435d6fccc:c4140]
2019-07-03 07:08:28,737 INFO  client.GrpcClientProtocolClient (GrpcClientProtocolClient.java:onNext(254)) - client-253D2503C21A->6571ba41-d309-4d1d-a321-129a77bf1602: receive RaftClientReply:client-253D2503C21A->6571ba41-d309-4d1d-a321-129a77bf1602@group-6D4C5FD51127, cid=2718, SUCCESS, logIndex=4143, commits[6571ba41-d309-4d1d-a321-129a77bf1602:c4143, 75e8c5ea-f06a-43e1-af6e-1f7f9b0b2cc1:c4140, 1d8d2908-dfb4-4358-9c6e-64b435d6fccc:c4140]
2019-07-03 07:08:28,738 INFO  client.GrpcClientProtocolClient (GrpcClientProtocolClient.java:onNext(254)) - client-253D2503C21A->6571ba41-d309-4d1d-a321-129a77bf1602: receive RaftClientReply:client-253D2503C21A->6571ba41-d309-4d1d-a321-129a77bf1602@group-6D4C5FD51127, cid=2719, SUCCESS, logIndex=4144, commits[6571ba41-d309-4d1d-a321-129a77bf1602:c4145, 75e8c5ea-f06a-43e1-af6e-1f7f9b0b2cc1:c4140, 1d8d2908-dfb4-4358-9c6e-64b435d6fccc:c4142]
2019-07-03 07:08:28,739 INFO  client.GrpcClientProtocolClient (GrpcClientProtocolClient.java:onNext(254)) - client-253D2503C21A->6571ba41-d309-4d1d-a321-129a77bf1602: receive RaftClientReply:client-253D2503C21A->6571ba41-d309-4d1d-a321-129a77bf1602@group-6D4C5FD51127, cid=2720, SUCCESS, logIndex=0, commits[6571ba41-d309-4d1d-a321-129a77bf1602:c4146, 75e8c5ea-f06a-43e1-af6e-1f7f9b0b2cc1:c4143, 1d8d2908-dfb4-4358-9c6e-64b435d6fccc:c4142]
2019-07-03 07:08:28,759 INFO  client.GrpcClientProtocolClient (GrpcClientProtocolClient.java:onNext(254)) - client-253D2503C21A->6571ba41-d309-4d1d-a321-129a77bf1602: receive RaftClientReply:client-253D2503C21A->6571ba41-d309-4d1d-a321-129a77bf1602@group-6D4C5FD51127, cid=2721, SUCCESS, logIndex=4148, commits[6571ba41-d309-4d1d-a321-129a77bf1602:c4148, 75e8c5ea-f06a-43e1-af6e-1f7f9b0b2cc1:c4147, 1d8d2908-dfb4-4358-9c6e-64b435d6fccc:c4147]
2019-07-03 07:08:28,772 INFO  client.GrpcClientProtocolClient (GrpcClientProtocolClient.java:onNext(254)) - client-253D2503C21A->6571ba41-d309-4d1d-a321-129a77bf1602: receive RaftClientReply:client-253D2503C21A->6571ba41-d309-4d1d-a321-129a77bf1602@group-6D4C5FD51127, cid=2722, SUCCESS, logIndex=4150, commits[6571ba41-d309-4d1d-a321-129a77bf1602:c4150, 75e8c5ea-f06a-43e1-af6e-1f7f9b0b2cc1:c4148, 1d8d2908-dfb4-4358-9c6e-64b435d6fccc:c4148]
 0.00% |█                                                                                                    |  0/1 Time: 0:00:362019-07-03 07:08:28,884 INFO  client.GrpcClientProtocolClient (GrpcClientProtocolClient.java:onNext(254)) - client-253D2503C21A->6571ba41-d309-4d1d-a321-129a77bf1602: receive RaftClientReply:client-253D2503C21A->6571ba41-d309-4d1d-a321-129a77bf1602@group-6D4C5FD51127, cid=2723, SUCCESS, logIndex=4152, commits[6571ba41-d309-4d1d-a321-129a77bf1602:c4152, 75e8c5ea-f06a-43e1-af6e-1f7f9b0b2cc1:c4150, 1d8d2908-dfb4-4358-9c6e-64b435d6fccc:c4150]
2019-07-03 07:08:28,897 INFO  client.GrpcClientProtocolClient (GrpcClientProtocolClient.java:onNext(254)) - client-253D2503C21A->6571ba41-d309-4d1d-a321-129a77bf1602: receive RaftClientReply:client-253D2503C21A->6571ba41-d309-4d1d-a321-129a77bf1602@group-6D4C5FD51127, cid=2724, SUCCESS, logIndex=4154, commits[6571ba41-d309-4d1d-a321-129a77bf1602:c4154, 75e8c5ea-f06a-43e1-af6e-1f7f9b0b2cc1:c4152, 1d8d2908-dfb4-4358-9c6e-64b435d6fccc:c4152]
2019-07-03 07:08:28,909 INFO  client.GrpcClientProtocolClient (GrpcClientProtocolClient.java:onNext(254)) - client-253D2503C21A->6571ba41-d309-4d1d-a321-129a77bf1602: receive RaftClientReply:client-253D2503C21A->6571ba41-d309-4d1d-a321-129a77bf1602@group-6D4C5FD51127, cid=2725, SUCCESS, logIndex=0, commits[6571ba41-d309-4d1d-a321-129a77bf1602:c4155, 75e8c5ea-f06a-43e1-af6e-1f7f9b0b2cc1:c4154, 1d8d2908-dfb4-4358-9c6e-64b435d6fccc:c4154]
2019-07-03 07:08:28,938 INFO  client.GrpcClientProtocolClient (GrpcClientProtocolClient.java:onNext(254)) - client-253D2503C21A->6571ba41-d309-4d1d-a321-129a77bf1602: receive RaftClientReply:client-253D2503C21A->6571ba41-d309-4d1d-a321-129a77bf1602@group-6D4C5FD51127, cid=2726, SUCCESS, logIndex=4156, commits[6571ba41-d309-4d1d-a321-129a77bf1602:c4156, 75e8c5ea-f06a-43e1-af6e-1f7f9b0b2cc1:c4155, 1d8d2908-dfb4-4358-9c6e-64b435d6fccc:c4155]
2019-07-03 07:08:28,951 INFO  client.GrpcClientProtocolClient (GrpcClientProtocolClient.java:onNext(254)) - client-253D2503C21A->6571ba41-d309-4d1d-a321-129a77bf1602: receive RaftClientReply:client-253D2503C21A->6571ba41-d309-4d1d-a321-129a77bf1602@group-6D4C5FD51127, cid=2727, SUCCESS, logIndex=4158, commits[6571ba41-d309-4d1d-a321-129a77bf1602:c4159, 75e8c5ea-f06a-43e1-af6e-1f7f9b0b2cc1:c4156, 1d8d2908-dfb4-4358-9c6e-64b435d6fccc:c4156]
2019-07-03 07:08:28,951 INFO  client.GrpcClientProtocolClient (GrpcClientProtocolClient.java:onNext(254)) - client-253D2503C21A->6571ba41-d309-4d1d-a321-129a77bf1602: receive RaftClientReply:client-253D2503C21A->6571ba41-d309-4d1d-a321-129a77bf1602@group-6D4C5FD51127, cid=2728, SUCCESS, logIndex=4159, commits[6571ba41-d309-4d1d-a321-129a77bf1602:c4159, 75e8c5ea-f06a-43e1-af6e-1f7f9b0b2cc1:c4156, 1d8d2908-dfb4-4358-9c6e-64b435d6fccc:c4156]
2019-07-03 07:08:28,952 INFO  client.GrpcClientProtocolClient (GrpcClientProtocolClient.java:onNext(254)) - client-253D2503C21A->6571ba41-d309-4d1d-a321-129a77bf1602: receive RaftClientReply:client-253D2503C21A->6571ba41-d309-4d1d-a321-129a77bf1602@group-6D4C5FD51127, cid=2729, SUCCESS, logIndex=4160, commits[6571ba41-d309-4d1d-a321-129a77bf1602:c4160, 75e8c5ea-f06a-43e1-af6e-1f7f9b0b2cc1:c4156, 1d8d2908-dfb4-4358-9c6e-64b435d6fccc:c4156]
2019-07-03 07:08:28,953 INFO  client.GrpcClientProtocolClient (GrpcClientProtocolClient.java:onNext(254)) - client-253D2503C21A->6571ba41-d309-4d1d-a321-129a77bf1602: receive RaftClientReply:client-253D2503C21A->6571ba41-d309-4d1d-a321-129a77bf1602@group-6D4C5FD51127, cid=2730, SUCCESS, logIndex=0, commits[6571ba41-d309-4d1d-a321-129a77bf1602:c4162, 75e8c5ea-f06a-43e1-af6e-1f7f9b0b2cc1:c4159, 1d8d2908-dfb4-4358-9c6e-64b435d6fccc:c4159]
2019-07-03 07:08:28,974 INFO  client.GrpcClientProtocolClient (GrpcClientProtocolClient.java:onNext(254)) - client-253D2503C21A->6571ba41-d309-4d1d-a321-129a77bf1602: receive RaftClientReply:client-253D2503C21A->6571ba41-d309-4d1d-a321-129a77bf1602@group-6D4C5FD51127, cid=2731, SUCCESS, logIndex=4164, commits[6571ba41-d309-4d1d-a321-129a77bf1602:c4164, 75e8c5ea-f06a-43e1-af6e-1f7f9b0b2cc1:c4163, 1d8d2908-dfb4-4358-9c6e-64b435d6fccc:c4163]
2019-07-03 07:08:28,988 INFO  client.GrpcClientProtocolClient (GrpcClientProtocolClient.java:onNext(254)) - client-253D2503C21A->6571ba41-d309-4d1d-a321-129a77bf1602: receive RaftClientReply:client-253D2503C21A->6571ba41-d309-4d1d-a321-129a77bf1602@group-6D4C5FD51127, cid=2732, SUCCESS, logIndex=4166, commits[6571ba41-d309-4d1d-a321-129a77bf1602:c4166, 75e8c5ea-f06a-43e1-af6e-1f7f9b0b2cc1:c4164, 1d8d2908-dfb4-4358-9c6e-64b435d6fccc:c4164]
2019-07-03 07:08:29,001 INFO  client.GrpcClientProtocolClient (GrpcClientProtocolClient.java:onNext(254)) - client-253D2503C21A->6571ba41-d309-4d1d-a321-129a77bf1602: receive RaftClientReply:client-253D2503C21A->6571ba41-d309-4d1d-a321-129a77bf1602@group-6D4C5FD51127, cid=2733, SUCCESS, logIndex=4168, commits[6571ba41-d309-4d1d-a321-129a77bf1602:c4168, 75e8c5ea-f06a-43e1-af6e-1f7f9b0b2cc1:c4166, 1d8d2908-dfb4-4358-9c6e-64b435d6fccc:c4166]
2019-07-03 07:08:29,014 INFO  client.GrpcClientProtocolClient (GrpcClientProtocolClient.java:onNext(254)) - client-253D2503C21A->6571ba41-d309-4d1d-a321-129a77bf1602: receive RaftClientReply:client-253D2503C21A->6571ba41-d309-4d1d-a321-129a77bf1602@group-6D4C5FD51127, cid=2734, SUCCESS, logIndex=4170, commits[6571ba41-d309-4d1d-a321-129a77bf1602:c4170, 75e8c5ea-f06a-43e1-af6e-1f7f9b0b2cc1:c4168, 1d8d2908-dfb4-4358-9c6e-64b435d6fccc:c4168]
2019-07-03 07:08:29,026 INFO  client.GrpcClientProtocolClient (GrpcClientProtocolClient.java:onNext(254)) - client-253D2503C21A->6571ba41-d309-4d1d-a321-129a77bf1602: receive RaftClientReply:client-253D2503C21A->6571ba41-d309-4d1d-a321-129a77bf1602@group-6D4C5FD51127, cid=2735, SUCCESS, logIndex=0, commits[6571ba41-d309-4d1d-a321-129a77bf1602:c4171, 75e8c5ea-f06a-43e1-af6e-1f7f9b0b2cc1:c4170, 1d8d2908-dfb4-4358-9c6e-64b435d6fccc:c4170]
2019-07-03 07:08:29,057 INFO  client.GrpcClientProtocolClient (GrpcClientProtocolClient.java:onNext(254)) - client-253D2503C21A->6571ba41-d309-4d1d-a321-129a77bf1602: receive RaftClientReply:client-253D2503C21A->6571ba41-d309-4d1d-a321-129a77bf1602@group-6D4C5FD51127, cid=2736, SUCCESS, logIndex=4172, commits[6571ba41-d309-4d1d-a321-129a77bf1602:c4172, 75e8c5ea-f06a-43e1-af6e-1f7f9b0b2cc1:c4171, 1d8d2908-dfb4-4358-9c6e-64b435d6fccc:c4171]
2019-07-03 07:08:29,070 INFO  client.GrpcClientProtocolClient (GrpcClientProtocolClient.java:onNext(254)) - client-253D2503C21A->6571ba41-d309-4d1d-a321-129a77bf1602: receive RaftClientReply:client-253D2503C21A->6571ba41-d309-4d1d-a321-129a77bf1602@group-6D4C5FD51127, cid=2737, SUCCESS, logIndex=4174, commits[6571ba41-d309-4d1d-a321-129a77bf1602:c4175, 75e8c5ea-f06a-43e1-af6e-1f7f9b0b2cc1:c4172, 1d8d2908-dfb4-4358-9c6e-64b435d6fccc:c4172]
2019-07-03 07:08:29,070 INFO  client.GrpcClientProtocolClient (GrpcClientProtocolClient.java:onNext(254)) - client-253D2503C21A->6571ba41-d309-4d1d-a321-129a77bf1602: receive RaftClientReply:client-253D2503C21A->6571ba41-d309-4d1d-a321-129a77bf1602@group-6D4C5FD51127, cid=2738, SUCCESS, logIndex=4175, commits[6571ba41-d309-4d1d-a321-129a77bf1602:c4176, 75e8c5ea-f06a-43e1-af6e-1f7f9b0b2cc1:c4172, 1d8d2908-dfb4-4358-9c6e-64b435d6fccc:c4172]
2019-07-03 07:08:29,071 INFO  client.GrpcClientProtocolClient (GrpcClientProtocolClient.java:onNext(254)) - client-253D2503C21A->6571ba41-d309-4d1d-a321-129a77bf1602: receive RaftClientReply:client-253D2503C21A->6571ba41-d309-4d1d-a321-129a77bf1602@group-6D4C5FD51127, cid=2739, SUCCESS, logIndex=4176, commits[6571ba41-d309-4d1d-a321-129a77bf1602:c4177, 75e8c5ea-f06a-43e1-af6e-1f7f9b0b2cc1:c4174, 1d8d2908-dfb4-4358-9c6e-64b435d6fccc:c4172]
2019-07-03 07:08:29,071 INFO  client.GrpcClientProtocolClient (GrpcClientProtocolClient.java:onNext(254)) - client-253D2503C21A->6571ba41-d309-4d1d-a321-129a77bf1602: receive RaftClientReply:client-253D2503C21A->6571ba41-d309-4d1d-a321-129a77bf1602@group-6D4C5FD51127, cid=2740, SUCCESS, logIndex=0, commits[6571ba41-d309-4d1d-a321-129a77bf1602:c4177, 75e8c5ea-f06a-43e1-af6e-1f7f9b0b2cc1:c4175, 1d8d2908-dfb4-4358-9c6e-64b435d6fccc:c4175]
2019-07-03 07:08:29,100 INFO  client.GrpcClientProtocolClient (GrpcClientProtocolClient.java:onNext(254)) - client-253D2503C21A->6571ba41-d309-4d1d-a321-129a77bf1602: receive RaftClientReply:client-253D2503C21A->6571ba41-d309-4d1d-a321-129a77bf1602@group-6D4C5FD51127, cid=2741, SUCCESS, logIndex=4180, commits[6571ba41-d309-4d1d-a321-129a77bf1602:c4180, 75e8c5ea-f06a-43e1-af6e-1f7f9b0b2cc1:c4179, 1d8d2908-dfb4-4358-9c6e-64b435d6fccc:c4179]
2019-07-03 07:08:29,114 INFO  client.GrpcClientProtocolClient (GrpcClientProtocolClient.java:onNext(254)) - client-253D2503C21A->6571ba41-d309-4d1d-a321-129a77bf1602: receive RaftClientReply:client-253D2503C21A->6571ba41-d309-4d1d-a321-129a77bf1602@group-6D4C5FD51127, cid=2742, SUCCESS, logIndex=4182, commits[6571ba41-d309-4d1d-a321-129a77bf1602:c4182, 75e8c5ea-f06a-43e1-af6e-1f7f9b0b2cc1:c4180, 1d8d2908-dfb4-4358-9c6e-64b435d6fccc:c4180]
2019-07-03 07:08:29,127 INFO  client.GrpcClientProtocolClient (GrpcClientProtocolClient.java:onNext(254)) - client-253D2503C21A->6571ba41-d309-4d1d-a321-129a77bf1602: receive RaftClientReply:client-253D2503C21A->6571ba41-d309-4d1d-a321-129a77bf1602@group-6D4C5FD51127, cid=2743, SUCCESS, logIndex=4184, commits[6571ba41-d309-4d1d-a321-129a77bf1602:c4184, 75e8c5ea-f06a-43e1-af6e-1f7f9b0b2cc1:c4182, 1d8d2908-dfb4-4358-9c6e-64b435d6fccc:c4182]
2019-07-03 07:08:29,140 INFO  client.GrpcClientProtocolClient (GrpcClientProtocolClient.java:onNext(254)) - client-253D2503C21A->6571ba41-d309-4d1d-a321-129a77bf1602: receive RaftClientReply:client-253D2503C21A->6571ba41-d309-4d1d-a321-129a77bf1602@group-6D4C5FD51127, cid=2744, SUCCESS, logIndex=4186, commits[6571ba41-d309-4d1d-a321-129a77bf1602:c4186, 75e8c5ea-f06a-43e1-af6e-1f7f9b0b2cc1:c4184, 1d8d2908-dfb4-4358-9c6e-64b435d6fccc:c4184]
2019-07-03 07:08:29,152 INFO  client.GrpcClientProtocolClient (GrpcClientProtocolClient.java:onNext(254)) - client-253D2503C21A->6571ba41-d309-4d1d-a321-129a77bf1602: receive RaftClientReply:client-253D2503C21A->6571ba41-d309-4d1d-a321-129a77bf1602@group-6D4C5FD51127, cid=2745, SUCCESS, logIndex=0, commits[6571ba41-d309-4d1d-a321-129a77bf1602:c4187, 75e8c5ea-f06a-43e1-af6e-1f7f9b0b2cc1:c4186, 1d8d2908-dfb4-4358-9c6e-64b435d6fccc:c4186]
2019-07-03 07:08:29,183 INFO  client.GrpcClientProtocolClient (GrpcClientProtocolClient.java:onNext(254)) - client-253D2503C21A->6571ba41-d309-4d1d-a321-129a77bf1602: receive RaftClientReply:client-253D2503C21A->6571ba41-d309-4d1d-a321-129a77bf1602@group-6D4C5FD51127, cid=2746, SUCCESS, logIndex=4188, commits[6571ba41-d309-4d1d-a321-129a77bf1602:c4188, 75e8c5ea-f06a-43e1-af6e-1f7f9b0b2cc1:c4187, 1d8d2908-dfb4-4358-9c6e-64b435d6fccc:c4187]
2019-07-03 07:08:29,195 INFO  client.GrpcClientProtocolClient (GrpcClientProtocolClient.java:onNext(254)) - client-253D2503C21A->6571ba41-d309-4d1d-a321-129a77bf1602: receive RaftClientReply:client-253D2503C21A->6571ba41-d309-4d1d-a321-129a77bf1602@group-6D4C5FD51127, cid=2747, SUCCESS, logIndex=4190, commits[6571ba41-d309-4d1d-a321-129a77bf1602:c4190, 75e8c5ea-f06a-43e1-af6e-1f7f9b0b2cc1:c4188, 1d8d2908-dfb4-4358-9c6e-64b435d6fccc:c4188]
2019-07-03 07:08:29,195 INFO  client.GrpcClientProtocolClient (GrpcClientProtocolClient.java:onNext(254)) - client-253D2503C21A->6571ba41-d309-4d1d-a321-129a77bf1602: receive RaftClientReply:client-253D2503C21A->6571ba41-d309-4d1d-a321-129a77bf1602@group-6D4C5FD51127, cid=2748, SUCCESS, logIndex=4191, commits[6571ba41-d309-4d1d-a321-129a77bf1602:c4191, 75e8c5ea-f06a-43e1-af6e-1f7f9b0b2cc1:c4188, 1d8d2908-dfb4-4358-9c6e-64b435d6fccc:c4188]
2019-07-03 07:08:29,196 INFO  client.GrpcClientProtocolClient (GrpcClientProtocolClient.java:onNext(254)) - client-253D2503C21A->6571ba41-d309-4d1d-a321-129a77bf1602: receive RaftClientReply:client-253D2503C21A->6571ba41-d309-4d1d-a321-129a77bf1602@group-6D4C5FD51127, cid=2749, SUCCESS, logIndex=4192, commits[6571ba41-d309-4d1d-a321-129a77bf1602:c4192, 75e8c5ea-f06a-43e1-af6e-1f7f9b0b2cc1:c4188, 1d8d2908-dfb4-4358-9c6e-64b435d6fccc:c4188]
2019-07-03 07:08:29,197 INFO  client.GrpcClientProtocolClient (GrpcClientProtocolClient.java:onNext(254)) - client-253D2503C21A->6571ba41-d309-4d1d-a321-129a77bf1602: receive RaftClientReply:client-253D2503C21A->6571ba41-d309-4d1d-a321-129a77bf1602@group-6D4C5FD51127, cid=2750, SUCCESS, logIndex=0, commits[6571ba41-d309-4d1d-a321-129a77bf1602:c4193, 75e8c5ea-f06a-43e1-af6e-1f7f9b0b2cc1:c4191, 1d8d2908-dfb4-4358-9c6e-64b435d6fccc:c4191]
2019-07-03 07:08:29,217 INFO  client.GrpcClientProtocolClient (GrpcClientProtocolClient.java:onNext(254)) - client-253D2503C21A->6571ba41-d309-4d1d-a321-129a77bf1602: receive RaftClientReply:client-253D2503C21A->6571ba41-d309-4d1d-a321-129a77bf1602@group-6D4C5FD51127, cid=2751, SUCCESS, logIndex=4196, commits[6571ba41-d309-4d1d-a321-129a77bf1602:c4196, 75e8c5ea-f06a-43e1-af6e-1f7f9b0b2cc1:c4195, 1d8d2908-dfb4-4358-9c6e-64b435d6fccc:c4195]
2019-07-03 07:08:29,242 INFO  client.GrpcClientProtocolClient (GrpcClientProtocolClient.java:onNext(254)) - client-253D2503C21A->6571ba41-d309-4d1d-a321-129a77bf1602: receive RaftClientReply:client-253D2503C21A->6571ba41-d309-4d1d-a321-129a77bf1602@group-6D4C5FD51127, cid=2752, SUCCESS, logIndex=4198, commits[6571ba41-d309-4d1d-a321-129a77bf1602:c4198, 75e8c5ea-f06a-43e1-af6e-1f7f9b0b2cc1:c4196, 1d8d2908-dfb4-4358-9c6e-64b435d6fccc:c4196]
2019-07-03 07:08:29,255 INFO  client.GrpcClientProtocolClient (GrpcClientProtocolClient.java:onNext(254)) - client-253D2503C21A->6571ba41-d309-4d1d-a321-129a77bf1602: receive RaftClientReply:client-253D2503C21A->6571ba41-d309-4d1d-a321-129a77bf1602@group-6D4C5FD51127, cid=2753, SUCCESS, logIndex=4200, commits[6571ba41-d309-4d1d-a321-129a77bf1602:c4200, 75e8c5ea-f06a-43e1-af6e-1f7f9b0b2cc1:c4198, 1d8d2908-dfb4-4358-9c6e-64b435d6fccc:c4198]
2019-07-03 07:08:29,269 INFO  client.GrpcClientProtocolClient (GrpcClientProtocolClient.java:onNext(254)) - client-253D2503C21A->6571ba41-d309-4d1d-a321-129a77bf1602: receive RaftClientReply:client-253D2503C21A->6571ba41-d309-4d1d-a321-129a77bf1602@group-6D4C5FD51127, cid=2754, SUCCESS, logIndex=4202, commits[6571ba41-d309-4d1d-a321-129a77bf1602:c4202, 75e8c5ea-f06a-43e1-af6e-1f7f9b0b2cc1:c4200, 1d8d2908-dfb4-4358-9c6e-64b435d6fccc:c4200]
2019-07-03 07:08:29,281 INFO  client.GrpcClientProtocolClient (GrpcClientProtocolClient.java:onNext(254)) - client-253D2503C21A->6571ba41-d309-4d1d-a321-129a77bf1602: receive RaftClientReply:client-253D2503C21A->6571ba41-d309-4d1d-a321-129a77bf1602@group-6D4C5FD51127, cid=2755, SUCCESS, logIndex=0, commits[6571ba41-d309-4d1d-a321-129a77bf1602:c4203, 75e8c5ea-f06a-43e1-af6e-1f7f9b0b2cc1:c4202, 1d8d2908-dfb4-4358-9c6e-64b435d6fccc:c4202]
2019-07-03 07:08:29,312 INFO  client.GrpcClientProtocolClient (GrpcClientProtocolClient.java:onNext(254)) - client-253D2503C21A->6571ba41-d309-4d1d-a321-129a77bf1602: receive RaftClientReply:client-253D2503C21A->6571ba41-d309-4d1d-a321-129a77bf1602@group-6D4C5FD51127, cid=2756, SUCCESS, logIndex=4204, commits[6571ba41-d309-4d1d-a321-129a77bf1602:c4204, 75e8c5ea-f06a-43e1-af6e-1f7f9b0b2cc1:c4203, 1d8d2908-dfb4-4358-9c6e-64b435d6fccc:c4203]
2019-07-03 07:08:29,332 INFO  client.GrpcClientProtocolClient (GrpcClientProtocolClient.java:onNext(254)) - client-253D2503C21A->6571ba41-d309-4d1d-a321-129a77bf1602: receive RaftClientReply:client-253D2503C21A->6571ba41-d309-4d1d-a321-129a77bf1602@group-6D4C5FD51127, cid=2757, SUCCESS, logIndex=4206, commits[6571ba41-d309-4d1d-a321-129a77bf1602:c4207, 75e8c5ea-f06a-43e1-af6e-1f7f9b0b2cc1:c4204, 1d8d2908-dfb4-4358-9c6e-64b435d6fccc:c4204]
2019-07-03 07:08:29,333 INFO  client.GrpcClientProtocolClient (GrpcClientProtocolClient.java:onNext(254)) - client-253D2503C21A->6571ba41-d309-4d1d-a321-129a77bf1602: receive RaftClientReply:client-253D2503C21A->6571ba41-d309-4d1d-a321-129a77bf1602@group-6D4C5FD51127, cid=2758, SUCCESS, logIndex=4207, commits[6571ba41-d309-4d1d-a321-129a77bf1602:c4207, 75e8c5ea-f06a-43e1-af6e-1f7f9b0b2cc1:c4204, 1d8d2908-dfb4-4358-9c6e-64b435d6fccc:c4204]
2019-07-03 07:08:29,333 INFO  client.GrpcClientProtocolClient (GrpcClientProtocolClient.java:onNext(254)) - client-253D2503C21A->6571ba41-d309-4d1d-a321-129a77bf1602: receive RaftClientReply:client-253D2503C21A->6571ba41-d309-4d1d-a321-129a77bf1602@group-6D4C5FD51127, cid=2759, SUCCESS, logIndex=4208, commits[6571ba41-d309-4d1d-a321-129a77bf1602:c4208, 75e8c5ea-f06a-43e1-af6e-1f7f9b0b2cc1:c4204, 1d8d2908-dfb4-4358-9c6e-64b435d6fccc:c4206]
2019-07-03 07:08:29,334 INFO  client.GrpcClientProtocolClient (GrpcClientProtocolClient.java:onNext(254)) - client-253D2503C21A->6571ba41-d309-4d1d-a321-129a77bf1602: receive RaftClientReply:client-253D2503C21A->6571ba41-d309-4d1d-a321-129a77bf1602@group-6D4C5FD51127, cid=2760, SUCCESS, logIndex=0, commits[6571ba41-d309-4d1d-a321-129a77bf1602:c4209, 75e8c5ea-f06a-43e1-af6e-1f7f9b0b2cc1:c4207, 1d8d2908-dfb4-4358-9c6e-64b435d6fccc:c4207]
2019-07-03 07:08:29,355 INFO  client.GrpcClientProtocolClient (GrpcClientProtocolClient.java:onNext(254)) - client-253D2503C21A->6571ba41-d309-4d1d-a321-129a77bf1602: receive RaftClientReply:client-253D2503C21A->6571ba41-d309-4d1d-a321-129a77bf1602@group-6D4C5FD51127, cid=2761, SUCCESS, logIndex=4212, commits[6571ba41-d309-4d1d-a321-129a77bf1602:c4212, 75e8c5ea-f06a-43e1-af6e-1f7f9b0b2cc1:c4211, 1d8d2908-dfb4-4358-9c6e-64b435d6fccc:c4211]
2019-07-03 07:08:29,368 INFO  client.GrpcClientProtocolClient (GrpcClientProtocolClient.java:onNext(254)) - client-253D2503C21A->6571ba41-d309-4d1d-a321-129a77bf1602: receive RaftClientReply:client-253D2503C21A->6571ba41-d309-4d1d-a321-129a77bf1602@group-6D4C5FD51127, cid=2762, SUCCESS, logIndex=4214, commits[6571ba41-d309-4d1d-a321-129a77bf1602:c4214, 75e8c5ea-f06a-43e1-af6e-1f7f9b0b2cc1:c4212, 1d8d2908-dfb4-4358-9c6e-64b435d6fccc:c4212]
2019-07-03 07:08:29,381 INFO  storage.RaftLogWorker (RaftLogWorker.java:rollLogSegment(303)) - 6571ba41-d309-4d1d-a321-129a77bf1602-RaftLogWorker: Rolling segment log-4138_4217 to index:4217
2019-07-03 07:08:29,381 INFO  client.GrpcClientProtocolClient (GrpcClientProtocolClient.java:onNext(254)) - client-253D2503C21A->6571ba41-d309-4d1d-a321-129a77bf1602: receive RaftClientReply:client-253D2503C21A->6571ba41-d309-4d1d-a321-129a77bf1602@group-6D4C5FD51127, cid=2763, SUCCESS, logIndex=4216, commits[6571ba41-d309-4d1d-a321-129a77bf1602:c4216, 75e8c5ea-f06a-43e1-af6e-1f7f9b0b2cc1:c4214, 1d8d2908-dfb4-4358-9c6e-64b435d6fccc:c4214]
2019-07-03 07:08:29,382 INFO  storage.RaftLogWorker (RaftLogWorker.java:rollLogSegment(303)) - 1d8d2908-dfb4-4358-9c6e-64b435d6fccc-RaftLogWorker: Rolling segment log-4138_4217 to index:4217
2019-07-03 07:08:29,382 INFO  storage.RaftLogWorker (RaftLogWorker.java:rollLogSegment(303)) - 75e8c5ea-f06a-43e1-af6e-1f7f9b0b2cc1-RaftLogWorker: Rolling segment log-4138_4217 to index:4217
2019-07-03 07:08:29,391 INFO  storage.RaftLogWorker (RaftLogWorker.java:execute(433)) - 6571ba41-d309-4d1d-a321-129a77bf1602-RaftLogWorker: Rolled log segment from /opt/src/hadoop-ozone/tools/target/test-dir/MiniOzoneClusterImpl-0519545d-318d-4c21-a2a0-688f18f8a31d/datanode-4/data/ratis/23ffc2a4-5526-4092-9dc4-6d4c5fd51127/current/log_inprogress_4138 to /opt/src/hadoop-ozone/tools/target/test-dir/MiniOzoneClusterImpl-0519545d-318d-4c21-a2a0-688f18f8a31d/datanode-4/data/ratis/23ffc2a4-5526-4092-9dc4-6d4c5fd51127/current/log_4138-4217
2019-07-03 07:08:29,392 INFO  storage.RaftLogWorker (RaftLogWorker.java:execute(433)) - 75e8c5ea-f06a-43e1-af6e-1f7f9b0b2cc1-RaftLogWorker: Rolled log segment from /opt/src/hadoop-ozone/tools/target/test-dir/MiniOzoneClusterImpl-0519545d-318d-4c21-a2a0-688f18f8a31d/datanode-1/data/ratis/23ffc2a4-5526-4092-9dc4-6d4c5fd51127/current/log_inprogress_4138 to /opt/src/hadoop-ozone/tools/target/test-dir/MiniOzoneClusterImpl-0519545d-318d-4c21-a2a0-688f18f8a31d/datanode-1/data/ratis/23ffc2a4-5526-4092-9dc4-6d4c5fd51127/current/log_4138-4217
2019-07-03 07:08:29,392 INFO  storage.RaftLogWorker (RaftLogWorker.java:execute(433)) - 1d8d2908-dfb4-4358-9c6e-64b435d6fccc-RaftLogWorker: Rolled log segment from /opt/src/hadoop-ozone/tools/target/test-dir/MiniOzoneClusterImpl-0519545d-318d-4c21-a2a0-688f18f8a31d/datanode-2/data/ratis/23ffc2a4-5526-4092-9dc4-6d4c5fd51127/current/log_inprogress_4138 to /opt/src/hadoop-ozone/tools/target/test-dir/MiniOzoneClusterImpl-0519545d-318d-4c21-a2a0-688f18f8a31d/datanode-2/data/ratis/23ffc2a4-5526-4092-9dc4-6d4c5fd51127/current/log_4138-4217
2019-07-03 07:08:29,454 INFO  storage.RaftLogWorker (RaftLogWorker.java:execute(469)) - 6571ba41-d309-4d1d-a321-129a77bf1602-RaftLogWorker: created new log segment /opt/src/hadoop-ozone/tools/target/test-dir/MiniOzoneClusterImpl-0519545d-318d-4c21-a2a0-688f18f8a31d/datanode-4/data/ratis/23ffc2a4-5526-4092-9dc4-6d4c5fd51127/current/log_inprogress_4218
2019-07-03 07:08:29,454 INFO  storage.RaftLogWorker (RaftLogWorker.java:execute(469)) - 1d8d2908-dfb4-4358-9c6e-64b435d6fccc-RaftLogWorker: created new log segment /opt/src/hadoop-ozone/tools/target/test-dir/MiniOzoneClusterImpl-0519545d-318d-4c21-a2a0-688f18f8a31d/datanode-2/data/ratis/23ffc2a4-5526-4092-9dc4-6d4c5fd51127/current/log_inprogress_4218
2019-07-03 07:08:29,454 INFO  storage.RaftLogWorker (RaftLogWorker.java:execute(469)) - 75e8c5ea-f06a-43e1-af6e-1f7f9b0b2cc1-RaftLogWorker: created new log segment /opt/src/hadoop-ozone/tools/target/test-dir/MiniOzoneClusterImpl-0519545d-318d-4c21-a2a0-688f18f8a31d/datanode-1/data/ratis/23ffc2a4-5526-4092-9dc4-6d4c5fd51127/current/log_inprogress_4218
2019-07-03 07:08:29,468 INFO  client.GrpcClientProtocolClient (GrpcClientProtocolClient.java:onNext(254)) - client-253D2503C21A->6571ba41-d309-4d1d-a321-129a77bf1602: receive RaftClientReply:client-253D2503C21A->6571ba41-d309-4d1d-a321-129a77bf1602@group-6D4C5FD51127, cid=2764, SUCCESS, logIndex=4218, commits[6571ba41-d309-4d1d-a321-129a77bf1602:c4218, 75e8c5ea-f06a-43e1-af6e-1f7f9b0b2cc1:c4216, 1d8d2908-dfb4-4358-9c6e-64b435d6fccc:c4216]
2019-07-03 07:08:29,479 INFO  client.GrpcClientProtocolClient (GrpcClientProtocolClient.java:onNext(254)) - client-253D2503C21A->6571ba41-d309-4d1d-a321-129a77bf1602: receive RaftClientReply:client-253D2503C21A->6571ba41-d309-4d1d-a321-129a77bf1602@group-6D4C5FD51127, cid=2765, SUCCESS, logIndex=0, commits[6571ba41-d309-4d1d-a321-129a77bf1602:c4219, 75e8c5ea-f06a-43e1-af6e-1f7f9b0b2cc1:c4218, 1d8d2908-dfb4-4358-9c6e-64b435d6fccc:c4218]
2019-07-03 07:08:29,511 INFO  client.GrpcClientProtocolClient (GrpcClientProtocolClient.java:onNext(254)) - client-253D2503C21A->6571ba41-d309-4d1d-a321-129a77bf1602: receive RaftClientReply:client-253D2503C21A->6571ba41-d309-4d1d-a321-129a77bf1602@group-6D4C5FD51127, cid=2766, SUCCESS, logIndex=4220, commits[6571ba41-d309-4d1d-a321-129a77bf1602:c4220, 75e8c5ea-f06a-43e1-af6e-1f7f9b0b2cc1:c4219, 1d8d2908-dfb4-4358-9c6e-64b435d6fccc:c4219]
2019-07-03 07:08:29,523 INFO  client.GrpcClientProtocolClient (GrpcClientProtocolClient.java:onNext(254)) - client-253D2503C21A->6571ba41-d309-4d1d-a321-129a77bf1602: receive RaftClientReply:client-253D2503C21A->6571ba41-d309-4d1d-a321-129a77bf1602@group-6D4C5FD51127, cid=2767, SUCCESS, logIndex=4222, commits[6571ba41-d309-4d1d-a321-129a77bf1602:c4223, 75e8c5ea-f06a-43e1-af6e-1f7f9b0b2cc1:c4220, 1d8d2908-dfb4-4358-9c6e-64b435d6fccc:c4220]
2019-07-03 07:08:29,523 INFO  client.GrpcClientProtocolClient (GrpcClientProtocolClient.java:onNext(254)) - client-253D2503C21A->6571ba41-d309-4d1d-a321-129a77bf1602: receive RaftClientReply:client-253D2503C21A->6571ba41-d309-4d1d-a321-129a77bf1602@group-6D4C5FD51127, cid=2768, SUCCESS, logIndex=4223, commits[6571ba41-d309-4d1d-a321-129a77bf1602:c4223, 75e8c5ea-f06a-43e1-af6e-1f7f9b0b2cc1:c4220, 1d8d2908-dfb4-4358-9c6e-64b435d6fccc:c4220]
2019-07-03 07:08:29,534 INFO  client.GrpcClientProtocolClient (GrpcClientProtocolClient.java:onNext(254)) - client-253D2503C21A->6571ba41-d309-4d1d-a321-129a77bf1602: receive RaftClientReply:client-253D2503C21A->6571ba41-d309-4d1d-a321-129a77bf1602@group-6D4C5FD51127, cid=2769, SUCCESS, logIndex=4224, commits[6571ba41-d309-4d1d-a321-129a77bf1602:c4225, 75e8c5ea-f06a-43e1-af6e-1f7f9b0b2cc1:c4220, 1d8d2908-dfb4-4358-9c6e-64b435d6fccc:c4222]
2019-07-03 07:08:29,535 INFO  client.GrpcClientProtocolClient (GrpcClientProtocolClient.java:onNext(254)) - client-253D2503C21A->6571ba41-d309-4d1d-a321-129a77bf1602: receive RaftClientReply:client-253D2503C21A->6571ba41-d309-4d1d-a321-129a77bf1602@group-6D4C5FD51127, cid=2770, SUCCESS, logIndex=0, commits[6571ba41-d309-4d1d-a321-129a77bf1602:c4226, 75e8c5ea-f06a-43e1-af6e-1f7f9b0b2cc1:c4222, 1d8d2908-dfb4-4358-9c6e-64b435d6fccc:c4223]
2019-07-03 07:08:29,548 INFO  client.GrpcClientProtocolClient (GrpcClientProtocolClient.java:onNext(254)) - client-253D2503C21A->6571ba41-d309-4d1d-a321-129a77bf1602: receive RaftClientReply:client-253D2503C21A->6571ba41-d309-4d1d-a321-129a77bf1602@group-6D4C5FD51127, cid=2771, SUCCESS, logIndex=4228, commits[6571ba41-d309-4d1d-a321-129a77bf1602:c4228, 75e8c5ea-f06a-43e1-af6e-1f7f9b0b2cc1:c4227, 1d8d2908-dfb4-4358-9c6e-64b435d6fccc:c4224]
2019-07-03 07:08:29,551 INFO  client.GrpcClientProtocolClient (GrpcClientProtocolClient.java:onNext(254)) - client-253D2503C21A->6571ba41-d309-4d1d-a321-129a77bf1602: receive RaftClientReply:client-253D2503C21A->6571ba41-d309-4d1d-a321-129a77bf1602@group-6D4C5FD51127, cid=2772, SUCCESS, logIndex=4230, commits[6571ba41-d309-4d1d-a321-129a77bf1602:c4230, 75e8c5ea-f06a-43e1-af6e-1f7f9b0b2cc1:c4228, 1d8d2908-dfb4-4358-9c6e-64b435d6fccc:c4228]
2019-07-03 07:08:29,563 INFO  client.GrpcClientProtocolClient (GrpcClientProtocolClient.java:onNext(254)) - client-253D2503C21A->6571ba41-d309-4d1d-a321-129a77bf1602: receive RaftClientReply:client-253D2503C21A->6571ba41-d309-4d1d-a321-129a77bf1602@group-6D4C5FD51127, cid=2773, SUCCESS, logIndex=4232, commits[6571ba41-d309-4d1d-a321-129a77bf1602:c4232, 75e8c5ea-f06a-43e1-af6e-1f7f9b0b2cc1:c4231, 1d8d2908-dfb4-4358-9c6e-64b435d6fccc:c4230]
2019-07-03 07:08:29,566 INFO  client.GrpcClientProtocolClient (GrpcClientProtocolClient.java:onNext(254)) - client-253D2503C21A->6571ba41-d309-4d1d-a321-129a77bf1602: receive RaftClientReply:client-253D2503C21A->6571ba41-d309-4d1d-a321-129a77bf1602@group-6D4C5FD51127, cid=2774, SUCCESS, logIndex=4234, commits[6571ba41-d309-4d1d-a321-129a77bf1602:c4234, 75e8c5ea-f06a-43e1-af6e-1f7f9b0b2cc1:c4232, 1d8d2908-dfb4-4358-9c6e-64b435d6fccc:c4232]
2019-07-03 07:08:29,568 INFO  client.GrpcClientProtocolClient (GrpcClientProtocolClient.java:onNext(254)) - client-253D2503C21A->6571ba41-d309-4d1d-a321-129a77bf1602: receive RaftClientReply:client-253D2503C21A->6571ba41-d309-4d1d-a321-129a77bf1602@group-6D4C5FD51127, cid=2775, SUCCESS, logIndex=0, commits[6571ba41-d309-4d1d-a321-129a77bf1602:c4235, 75e8c5ea-f06a-43e1-af6e-1f7f9b0b2cc1:c4234, 1d8d2908-dfb4-4358-9c6e-64b435d6fccc:c4234]
2019-07-03 07:08:29,598 INFO  client.GrpcClientProtocolClient (GrpcClientProtocolClient.java:onNext(254)) - client-253D2503C21A->6571ba41-d309-4d1d-a321-129a77bf1602: receive RaftClientReply:client-253D2503C21A->6571ba41-d309-4d1d-a321-129a77bf1602@group-6D4C5FD51127, cid=2776, SUCCESS, logIndex=4236, commits[6571ba41-d309-4d1d-a321-129a77bf1602:c4236, 75e8c5ea-f06a-43e1-af6e-1f7f9b0b2cc1:c4235, 1d8d2908-dfb4-4358-9c6e-64b435d6fccc:c4235]
2019-07-03 07:08:29,611 INFO  client.GrpcClientProtocolClient (GrpcClientProtocolClient.java:onNext(254)) - client-253D2503C21A->6571ba41-d309-4d1d-a321-129a77bf1602: receive RaftClientReply:client-253D2503C21A->6571ba41-d309-4d1d-a321-129a77bf1602@group-6D4C5FD51127, cid=2777, SUCCESS, logIndex=4238, commits[6571ba41-d309-4d1d-a321-129a77bf1602:c4239, 75e8c5ea-f06a-43e1-af6e-1f7f9b0b2cc1:c4236, 1d8d2908-dfb4-4358-9c6e-64b435d6fccc:c4236]
2019-07-03 07:08:29,611 INFO  client.GrpcClientProtocolClient (GrpcClientProtocolClient.java:onNext(254)) - client-253D2503C21A->6571ba41-d309-4d1d-a321-129a77bf1602: receive RaftClientReply:client-253D2503C21A->6571ba41-d309-4d1d-a321-129a77bf1602@group-6D4C5FD51127, cid=2778, SUCCESS, logIndex=4239, commits[6571ba41-d309-4d1d-a321-129a77bf1602:c4239, 75e8c5ea-f06a-43e1-af6e-1f7f9b0b2cc1:c4236, 1d8d2908-dfb4-4358-9c6e-64b435d6fccc:c4236]
2019-07-03 07:08:29,611 INFO  client.GrpcClientProtocolClient (GrpcClientProtocolClient.java:onNext(254)) - client-253D2503C21A->6571ba41-d309-4d1d-a321-129a77bf1602: receive RaftClientReply:client-253D2503C21A->6571ba41-d309-4d1d-a321-129a77bf1602@group-6D4C5FD51127, cid=2779, SUCCESS, logIndex=4240, commits[6571ba41-d309-4d1d-a321-129a77bf1602:c4241, 75e8c5ea-f06a-43e1-af6e-1f7f9b0b2cc1:c4236, 1d8d2908-dfb4-4358-9c6e-64b435d6fccc:c4238]
2019-07-03 07:08:29,612 INFO  client.GrpcClientProtocolClient (GrpcClientProtocolClient.java:onNext(254)) - client-253D2503C21A->6571ba41-d309-4d1d-a321-129a77bf1602: receive RaftClientReply:client-253D2503C21A->6571ba41-d309-4d1d-a321-129a77bf1602@group-6D4C5FD51127, cid=2780, SUCCESS, logIndex=0, commits[6571ba41-d309-4d1d-a321-129a77bf1602:c4242, 75e8c5ea-f06a-43e1-af6e-1f7f9b0b2cc1:c4239, 1d8d2908-dfb4-4358-9c6e-64b435d6fccc:c4239]
2019-07-03 07:08:29,632 INFO  client.GrpcClientProtocolClient (GrpcClientProtocolClient.java:onNext(254)) - client-253D2503C21A->6571ba41-d309-4d1d-a321-129a77bf1602: receive RaftClientReply:client-253D2503C21A->6571ba41-d309-4d1d-a321-129a77bf1602@group-6D4C5FD51127, cid=2781, SUCCESS, logIndex=4244, commits[6571ba41-d309-4d1d-a321-129a77bf1602:c4244, 75e8c5ea-f06a-43e1-af6e-1f7f9b0b2cc1:c4243, 1d8d2908-dfb4-4358-9c6e-64b435d6fccc:c4243]
2019-07-03 07:08:29,645 INFO  client.GrpcClientProtocolClient (GrpcClientProtocolClient.java:onNext(254)) - client-253D2503C21A->6571ba41-d309-4d1d-a321-129a77bf1602: receive RaftClientReply:client-253D2503C21A->6571ba41-d309-4d1d-a321-129a77bf1602@group-6D4C5FD51127, cid=2782, SUCCESS, logIndex=4246, commits[6571ba41-d309-4d1d-a321-129a77bf1602:c4246, 75e8c5ea-f06a-43e1-af6e-1f7f9b0b2cc1:c4244, 1d8d2908-dfb4-4358-9c6e-64b435d6fccc:c4244]
2019-07-03 07:08:29,658 INFO  client.GrpcClientProtocolClient (GrpcClientProtocolClient.java:onNext(254)) - client-253D2503C21A->6571ba41-d309-4d1d-a321-129a77bf1602: receive RaftClientReply:client-253D2503C21A->6571ba41-d309-4d1d-a321-129a77bf1602@group-6D4C5FD51127, cid=2783, SUCCESS, logIndex=4248, commits[6571ba41-d309-4d1d-a321-129a77bf1602:c4248, 75e8c5ea-f06a-43e1-af6e-1f7f9b0b2cc1:c4246, 1d8d2908-dfb4-4358-9c6e-64b435d6fccc:c4246]
2019-07-03 07:08:29,672 INFO  client.GrpcClientProtocolClient (GrpcClientProtocolClient.java:onNext(254)) - client-253D2503C21A->6571ba41-d309-4d1d-a321-129a77bf1602: receive RaftClientReply:client-253D2503C21A->6571ba41-d309-4d1d-a321-129a77bf1602@group-6D4C5FD51127, cid=2784, SUCCESS, logIndex=4250, commits[6571ba41-d309-4d1d-a321-129a77bf1602:c4250, 75e8c5ea-f06a-43e1-af6e-1f7f9b0b2cc1:c4248, 1d8d2908-dfb4-4358-9c6e-64b435d6fccc:c4248]
2019-07-03 07:08:29,683 INFO  client.GrpcClientProtocolClient (GrpcClientProtocolClient.java:onNext(254)) - client-253D2503C21A->6571ba41-d309-4d1d-a321-129a77bf1602: receive RaftClientReply:client-253D2503C21A->6571ba41-d309-4d1d-a321-129a77bf1602@group-6D4C5FD51127, cid=2785, SUCCESS, logIndex=0, commits[6571ba41-d309-4d1d-a321-129a77bf1602:c4251, 75e8c5ea-f06a-43e1-af6e-1f7f9b0b2cc1:c4250, 1d8d2908-dfb4-4358-9c6e-64b435d6fccc:c4250]
2019-07-03 07:08:29,714 INFO  client.GrpcClientProtocolClient (GrpcClientProtocolClient.java:onNext(254)) - client-253D2503C21A->6571ba41-d309-4d1d-a321-129a77bf1602: receive RaftClientReply:client-253D2503C21A->6571ba41-d309-4d1d-a321-129a77bf1602@group-6D4C5FD51127, cid=2786, SUCCESS, logIndex=4252, commits[6571ba41-d309-4d1d-a321-129a77bf1602:c4252, 75e8c5ea-f06a-43e1-af6e-1f7f9b0b2cc1:c4251, 1d8d2908-dfb4-4358-9c6e-64b435d6fccc:c4251]
2019-07-03 07:08:29,727 INFO  client.GrpcClientProtocolClient (GrpcClientProtocolClient.java:onNext(254)) - client-253D2503C21A->6571ba41-d309-4d1d-a321-129a77bf1602: receive RaftClientReply:client-253D2503C21A->6571ba41-d309-4d1d-a321-129a77bf1602@group-6D4C5FD51127, cid=2787, SUCCESS, logIndex=4254, commits[6571ba41-d309-4d1d-a321-129a77bf1602:c4255, 75e8c5ea-f06a-43e1-af6e-1f7f9b0b2cc1:c4252, 1d8d2908-dfb4-4358-9c6e-64b435d6fccc:c4252]
2019-07-03 07:08:29,728 INFO  client.GrpcClientProtocolClient (GrpcClientProtocolClient.java:onNext(254)) - client-253D2503C21A->6571ba41-d309-4d1d-a321-129a77bf1602: receive RaftClientReply:client-253D2503C21A->6571ba41-d309-4d1d-a321-129a77bf1602@group-6D4C5FD51127, cid=2788, SUCCESS, logIndex=4255, commits[6571ba41-d309-4d1d-a321-129a77bf1602:c4255, 75e8c5ea-f06a-43e1-af6e-1f7f9b0b2cc1:c4252, 1d8d2908-dfb4-4358-9c6e-64b435d6fccc:c4252]
2019-07-03 07:08:29,729 INFO  client.GrpcClientProtocolClient (GrpcClientProtocolClient.java:onNext(254)) - client-253D2503C21A->6571ba41-d309-4d1d-a321-129a77bf1602: receive RaftClientReply:client-253D2503C21A->6571ba41-d309-4d1d-a321-129a77bf1602@group-6D4C5FD51127, cid=2789, SUCCESS, logIndex=4256, commits[6571ba41-d309-4d1d-a321-129a77bf1602:c4257, 75e8c5ea-f06a-43e1-af6e-1f7f9b0b2cc1:c4254, 1d8d2908-dfb4-4358-9c6e-64b435d6fccc:c4254]
2019-07-03 07:08:29,748 INFO  client.GrpcClientProtocolClient (GrpcClientProtocolClient.java:onNext(254)) - client-253D2503C21A->6571ba41-d309-4d1d-a321-129a77bf1602: receive RaftClientReply:client-253D2503C21A->6571ba41-d309-4d1d-a321-129a77bf1602@group-6D4C5FD51127, cid=2790, SUCCESS, logIndex=4260, commits[6571ba41-d309-4d1d-a321-129a77bf1602:c4260, 75e8c5ea-f06a-43e1-af6e-1f7f9b0b2cc1:c4259, 1d8d2908-dfb4-4358-9c6e-64b435d6fccc:c4259]
2019-07-03 07:08:29,761 INFO  client.GrpcClientProtocolClient (GrpcClientProtocolClient.java:onNext(254)) - client-253D2503C21A->6571ba41-d309-4d1d-a321-129a77bf1602: receive RaftClientReply:client-253D2503C21A->6571ba41-d309-4d1d-a321-129a77bf1602@group-6D4C5FD51127, cid=2791, SUCCESS, logIndex=4262, commits[6571ba41-d309-4d1d-a321-129a77bf1602:c4262, 75e8c5ea-f06a-43e1-af6e-1f7f9b0b2cc1:c4260, 1d8d2908-dfb4-4358-9c6e-64b435d6fccc:c4260]
2019-07-03 07:08:29,774 INFO  client.GrpcClientProtocolClient (GrpcClientProtocolClient.java:onNext(254)) - client-253D2503C21A->6571ba41-d309-4d1d-a321-129a77bf1602: receive RaftClientReply:client-253D2503C21A->6571ba41-d309-4d1d-a321-129a77bf1602@group-6D4C5FD51127, cid=2792, SUCCESS, logIndex=4264, commits[6571ba41-d309-4d1d-a321-129a77bf1602:c4264, 75e8c5ea-f06a-43e1-af6e-1f7f9b0b2cc1:c4262, 1d8d2908-dfb4-4358-9c6e-64b435d6fccc:c4262]
2019-07-03 07:08:29,778 INFO  client.GrpcClientProtocolClient (GrpcClientProtocolClient.java:onNext(254)) - client-253D2503C21A->6571ba41-d309-4d1d-a321-129a77bf1602: receive RaftClientReply:client-253D2503C21A->6571ba41-d309-4d1d-a321-129a77bf1602@group-6D4C5FD51127, cid=2793, SUCCESS, logIndex=4266, commits[6571ba41-d309-4d1d-a321-129a77bf1602:c4266, 75e8c5ea-f06a-43e1-af6e-1f7f9b0b2cc1:c4264, 1d8d2908-dfb4-4358-9c6e-64b435d6fccc:c4264]
2019-07-03 07:08:29,779 INFO  client.GrpcClientProtocolClient (GrpcClientProtocolClient.java:onNext(254)) - client-253D2503C21A->6571ba41-d309-4d1d-a321-129a77bf1602: receive RaftClientReply:client-253D2503C21A->6571ba41-d309-4d1d-a321-129a77bf1602@group-6D4C5FD51127, cid=2794, SUCCESS, logIndex=0, commits[6571ba41-d309-4d1d-a321-129a77bf1602:c4266, 75e8c5ea-f06a-43e1-af6e-1f7f9b0b2cc1:c4266, 1d8d2908-dfb4-4358-9c6e-64b435d6fccc:c4266]
2019-07-03 07:08:29,802 INFO  client.GrpcClientProtocolClient (GrpcClientProtocolClient.java:onNext(254)) - client-253D2503C21A->6571ba41-d309-4d1d-a321-129a77bf1602: receive RaftClientReply:client-253D2503C21A->6571ba41-d309-4d1d-a321-129a77bf1602@group-6D4C5FD51127, cid=2795, SUCCESS, logIndex=4268, commits[6571ba41-d309-4d1d-a321-129a77bf1602:c4268, 75e8c5ea-f06a-43e1-af6e-1f7f9b0b2cc1:c4267, 1d8d2908-dfb4-4358-9c6e-64b435d6fccc:c4267]
2019-07-03 07:08:29,805 INFO  client.GrpcClientProtocolClient (GrpcClientProtocolClient.java:onNext(254)) - client-253D2503C21A->6571ba41-d309-4d1d-a321-129a77bf1602: receive RaftClientReply:client-253D2503C21A->6571ba41-d309-4d1d-a321-129a77bf1602@group-6D4C5FD51127, cid=2796, SUCCESS, logIndex=4270, commits[6571ba41-d309-4d1d-a321-129a77bf1602:c4270, 75e8c5ea-f06a-43e1-af6e-1f7f9b0b2cc1:c4268, 1d8d2908-dfb4-4358-9c6e-64b435d6fccc:c4268]
2019-07-03 07:08:29,807 INFO  client.GrpcClientProtocolClient (GrpcClientProtocolClient.java:onNext(254)) - client-253D2503C21A->6571ba41-d309-4d1d-a321-129a77bf1602: receive RaftClientReply:client-253D2503C21A->6571ba41-d309-4d1d-a321-129a77bf1602@group-6D4C5FD51127, cid=2797, SUCCESS, logIndex=4271, commits[6571ba41-d309-4d1d-a321-129a77bf1602:c4272, 75e8c5ea-f06a-43e1-af6e-1f7f9b0b2cc1:c4268, 1d8d2908-dfb4-4358-9c6e-64b435d6fccc:c4268]
2019-07-03 07:08:29,807 INFO  client.GrpcClientProtocolClient (GrpcClientProtocolClient.java:onNext(254)) - client-253D2503C21A->6571ba41-d309-4d1d-a321-129a77bf1602: receive RaftClientReply:client-253D2503C21A->6571ba41-d309-4d1d-a321-129a77bf1602@group-6D4C5FD51127, cid=2798, SUCCESS, logIndex=4272, commits[6571ba41-d309-4d1d-a321-129a77bf1602:c4272, 75e8c5ea-f06a-43e1-af6e-1f7f9b0b2cc1:c4268, 1d8d2908-dfb4-4358-9c6e-64b435d6fccc:c4268]
2019-07-03 07:08:29,808 INFO  client.GrpcClientProtocolClient (GrpcClientProtocolClient.java:onNext(254)) - client-253D2503C21A->6571ba41-d309-4d1d-a321-129a77bf1602: receive RaftClientReply:client-253D2503C21A->6571ba41-d309-4d1d-a321-129a77bf1602@group-6D4C5FD51127, cid=2799, SUCCESS, logIndex=0, commits[6571ba41-d309-4d1d-a321-129a77bf1602:c4273, 75e8c5ea-f06a-43e1-af6e-1f7f9b0b2cc1:c4271, 1d8d2908-dfb4-4358-9c6e-64b435d6fccc:c4270]
2019-07-03 07:08:29,849 INFO  client.GrpcClientProtocolClient (GrpcClientProtocolClient.java:onNext(254)) - client-253D2503C21A->6571ba41-d309-4d1d-a321-129a77bf1602: receive RaftClientReply:client-253D2503C21A->6571ba41-d309-4d1d-a321-129a77bf1602@group-6D4C5FD51127, cid=2800, SUCCESS, logIndex=4276, commits[6571ba41-d309-4d1d-a321-129a77bf1602:c4276, 75e8c5ea-f06a-43e1-af6e-1f7f9b0b2cc1:c4275, 1d8d2908-dfb4-4358-9c6e-64b435d6fccc:c4275]
2019-07-03 07:08:29,863 INFO  client.GrpcClientProtocolClient (GrpcClientProtocolClient.java:onNext(254)) - client-253D2503C21A->6571ba41-d309-4d1d-a321-129a77bf1602: receive RaftClientReply:client-253D2503C21A->6571ba41-d309-4d1d-a321-129a77bf1602@group-6D4C5FD51127, cid=2801, SUCCESS, logIndex=4278, commits[6571ba41-d309-4d1d-a321-129a77bf1602:c4278, 75e8c5ea-f06a-43e1-af6e-1f7f9b0b2cc1:c4276, 1d8d2908-dfb4-4358-9c6e-64b435d6fccc:c4276]
 0.00% |█                                                                                                    |  0/1 Time: 0:00:372019-07-03 07:08:29,893 INFO  client.GrpcClientProtocolClient (GrpcClientProtocolClient.java:onNext(254)) - client-253D2503C21A->6571ba41-d309-4d1d-a321-129a77bf1602: receive RaftClientReply:client-253D2503C21A->6571ba41-d309-4d1d-a321-129a77bf1602@group-6D4C5FD51127, cid=2802, SUCCESS, logIndex=4280, commits[6571ba41-d309-4d1d-a321-129a77bf1602:c4280, 75e8c5ea-f06a-43e1-af6e-1f7f9b0b2cc1:c4278, 1d8d2908-dfb4-4358-9c6e-64b435d6fccc:c4278]
2019-07-03 07:08:29,897 INFO  client.GrpcClientProtocolClient (GrpcClientProtocolClient.java:onNext(254)) - client-253D2503C21A->6571ba41-d309-4d1d-a321-129a77bf1602: receive RaftClientReply:client-253D2503C21A->6571ba41-d309-4d1d-a321-129a77bf1602@group-6D4C5FD51127, cid=2803, SUCCESS, logIndex=4282, commits[6571ba41-d309-4d1d-a321-129a77bf1602:c4282, 75e8c5ea-f06a-43e1-af6e-1f7f9b0b2cc1:c4280, 1d8d2908-dfb4-4358-9c6e-64b435d6fccc:c4280]
2019-07-03 07:08:29,909 INFO  client.GrpcClientProtocolClient (GrpcClientProtocolClient.java:onNext(254)) - client-253D2503C21A->6571ba41-d309-4d1d-a321-129a77bf1602: receive RaftClientReply:client-253D2503C21A->6571ba41-d309-4d1d-a321-129a77bf1602@group-6D4C5FD51127, cid=2804, SUCCESS, logIndex=0, commits[6571ba41-d309-4d1d-a321-129a77bf1602:c4283, 75e8c5ea-f06a-43e1-af6e-1f7f9b0b2cc1:c4282, 1d8d2908-dfb4-4358-9c6e-64b435d6fccc:c4282]
2019-07-03 07:08:29,940 INFO  client.GrpcClientProtocolClient (GrpcClientProtocolClient.java:onNext(254)) - client-253D2503C21A->6571ba41-d309-4d1d-a321-129a77bf1602: receive RaftClientReply:client-253D2503C21A->6571ba41-d309-4d1d-a321-129a77bf1602@group-6D4C5FD51127, cid=2805, SUCCESS, logIndex=4284, commits[6571ba41-d309-4d1d-a321-129a77bf1602:c4284, 75e8c5ea-f06a-43e1-af6e-1f7f9b0b2cc1:c4283, 1d8d2908-dfb4-4358-9c6e-64b435d6fccc:c4283]
2019-07-03 07:08:29,952 INFO  client.GrpcClientProtocolClient (GrpcClientProtocolClient.java:onNext(254)) - client-253D2503C21A->6571ba41-d309-4d1d-a321-129a77bf1602: receive RaftClientReply:client-253D2503C21A->6571ba41-d309-4d1d-a321-129a77bf1602@group-6D4C5FD51127, cid=2806, SUCCESS, logIndex=4286, commits[6571ba41-d309-4d1d-a321-129a77bf1602:c4287, 75e8c5ea-f06a-43e1-af6e-1f7f9b0b2cc1:c4284, 1d8d2908-dfb4-4358-9c6e-64b435d6fccc:c4284]
2019-07-03 07:08:29,953 INFO  client.GrpcClientProtocolClient (GrpcClientProtocolClient.java:onNext(254)) - client-253D2503C21A->6571ba41-d309-4d1d-a321-129a77bf1602: receive RaftClientReply:client-253D2503C21A->6571ba41-d309-4d1d-a321-129a77bf1602@group-6D4C5FD51127, cid=2807, SUCCESS, logIndex=4287, commits[6571ba41-d309-4d1d-a321-129a77bf1602:c4287, 75e8c5ea-f06a-43e1-af6e-1f7f9b0b2cc1:c4284, 1d8d2908-dfb4-4358-9c6e-64b435d6fccc:c4284]
2019-07-03 07:08:30,086 INFO  client.GrpcClientProtocolClient (GrpcClientProtocolClient.java:onNext(254)) - client-253D2503C21A->6571ba41-d309-4d1d-a321-129a77bf1602: receive RaftClientReply:client-253D2503C21A->6571ba41-d309-4d1d-a321-129a77bf1602@group-6D4C5FD51127, cid=2808, SUCCESS, logIndex=4288, commits[6571ba41-d309-4d1d-a321-129a77bf1602:c4289, 75e8c5ea-f06a-43e1-af6e-1f7f9b0b2cc1:c4286, 1d8d2908-dfb4-4358-9c6e-64b435d6fccc:c4284]
2019-07-03 07:08:30,088 INFO  client.GrpcClientProtocolClient (GrpcClientProtocolClient.java:onNext(254)) - client-253D2503C21A->6571ba41-d309-4d1d-a321-129a77bf1602: receive RaftClientReply:client-253D2503C21A->6571ba41-d309-4d1d-a321-129a77bf1602@group-6D4C5FD51127, cid=2809, SUCCESS, logIndex=0, commits[6571ba41-d309-4d1d-a321-129a77bf1602:c4290, 75e8c5ea-f06a-43e1-af6e-1f7f9b0b2cc1:c4288, 1d8d2908-dfb4-4358-9c6e-64b435d6fccc:c4287]
2019-07-03 07:08:30,116 INFO  client.GrpcClientProtocolClient (GrpcClientProtocolClient.java:onNext(254)) - client-253D2503C21A->6571ba41-d309-4d1d-a321-129a77bf1602: receive RaftClientReply:client-253D2503C21A->6571ba41-d309-4d1d-a321-129a77bf1602@group-6D4C5FD51127, cid=2810, SUCCESS, logIndex=4292, commits[6571ba41-d309-4d1d-a321-129a77bf1602:c4292, 75e8c5ea-f06a-43e1-af6e-1f7f9b0b2cc1:c4290, 1d8d2908-dfb4-4358-9c6e-64b435d6fccc:c4290]
2019-07-03 07:08:30,129 INFO  client.GrpcClientProtocolClient (GrpcClientProtocolClient.java:onNext(254)) - client-253D2503C21A->6571ba41-d309-4d1d-a321-129a77bf1602: receive RaftClientReply:client-253D2503C21A->6571ba41-d309-4d1d-a321-129a77bf1602@group-6D4C5FD51127, cid=2811, SUCCESS, logIndex=4294, commits[6571ba41-d309-4d1d-a321-129a77bf1602:c4294, 75e8c5ea-f06a-43e1-af6e-1f7f9b0b2cc1:c4292, 1d8d2908-dfb4-4358-9c6e-64b435d6fccc:c4292]
2019-07-03 07:08:30,155 INFO  storage.RaftLogWorker (RaftLogWorker.java:rollLogSegment(303)) - 6571ba41-d309-4d1d-a321-129a77bf1602-RaftLogWorker: Rolling segment log-4218_4297 to index:4297
2019-07-03 07:08:30,155 INFO  client.GrpcClientProtocolClient (GrpcClientProtocolClient.java:onNext(254)) - client-253D2503C21A->6571ba41-d309-4d1d-a321-129a77bf1602: receive RaftClientReply:client-253D2503C21A->6571ba41-d309-4d1d-a321-129a77bf1602@group-6D4C5FD51127, cid=2812, SUCCESS, logIndex=4296, commits[6571ba41-d309-4d1d-a321-129a77bf1602:c4296, 75e8c5ea-f06a-43e1-af6e-1f7f9b0b2cc1:c4294, 1d8d2908-dfb4-4358-9c6e-64b435d6fccc:c4294]
2019-07-03 07:08:30,156 INFO  storage.RaftLogWorker (RaftLogWorker.java:execute(433)) - 6571ba41-d309-4d1d-a321-129a77bf1602-RaftLogWorker: Rolled log segment from /opt/src/hadoop-ozone/tools/target/test-dir/MiniOzoneClusterImpl-0519545d-318d-4c21-a2a0-688f18f8a31d/datanode-4/data/ratis/23ffc2a4-5526-4092-9dc4-6d4c5fd51127/current/log_inprogress_4218 to /opt/src/hadoop-ozone/tools/target/test-dir/MiniOzoneClusterImpl-0519545d-318d-4c21-a2a0-688f18f8a31d/datanode-4/data/ratis/23ffc2a4-5526-4092-9dc4-6d4c5fd51127/current/log_4218-4297
2019-07-03 07:08:30,156 INFO  storage.RaftLogWorker (RaftLogWorker.java:rollLogSegment(303)) - 75e8c5ea-f06a-43e1-af6e-1f7f9b0b2cc1-RaftLogWorker: Rolling segment log-4218_4297 to index:4297
2019-07-03 07:08:30,156 INFO  storage.RaftLogWorker (RaftLogWorker.java:rollLogSegment(303)) - 1d8d2908-dfb4-4358-9c6e-64b435d6fccc-RaftLogWorker: Rolling segment log-4218_4297 to index:4297
2019-07-03 07:08:30,157 INFO  storage.RaftLogWorker (RaftLogWorker.java:execute(433)) - 75e8c5ea-f06a-43e1-af6e-1f7f9b0b2cc1-RaftLogWorker: Rolled log segment from /opt/src/hadoop-ozone/tools/target/test-dir/MiniOzoneClusterImpl-0519545d-318d-4c21-a2a0-688f18f8a31d/datanode-1/data/ratis/23ffc2a4-5526-4092-9dc4-6d4c5fd51127/current/log_inprogress_4218 to /opt/src/hadoop-ozone/tools/target/test-dir/MiniOzoneClusterImpl-0519545d-318d-4c21-a2a0-688f18f8a31d/datanode-1/data/ratis/23ffc2a4-5526-4092-9dc4-6d4c5fd51127/current/log_4218-4297
2019-07-03 07:08:30,157 INFO  storage.RaftLogWorker (RaftLogWorker.java:execute(433)) - 1d8d2908-dfb4-4358-9c6e-64b435d6fccc-RaftLogWorker: Rolled log segment from /opt/src/hadoop-ozone/tools/target/test-dir/MiniOzoneClusterImpl-0519545d-318d-4c21-a2a0-688f18f8a31d/datanode-2/data/ratis/23ffc2a4-5526-4092-9dc4-6d4c5fd51127/current/log_inprogress_4218 to /opt/src/hadoop-ozone/tools/target/test-dir/MiniOzoneClusterImpl-0519545d-318d-4c21-a2a0-688f18f8a31d/datanode-2/data/ratis/23ffc2a4-5526-4092-9dc4-6d4c5fd51127/current/log_4218-4297
2019-07-03 07:08:30,204 INFO  storage.RaftLogWorker (RaftLogWorker.java:execute(469)) - 1d8d2908-dfb4-4358-9c6e-64b435d6fccc-RaftLogWorker: created new log segment /opt/src/hadoop-ozone/tools/target/test-dir/MiniOzoneClusterImpl-0519545d-318d-4c21-a2a0-688f18f8a31d/datanode-2/data/ratis/23ffc2a4-5526-4092-9dc4-6d4c5fd51127/current/log_inprogress_4298
2019-07-03 07:08:30,204 INFO  storage.RaftLogWorker (RaftLogWorker.java:execute(469)) - 6571ba41-d309-4d1d-a321-129a77bf1602-RaftLogWorker: created new log segment /opt/src/hadoop-ozone/tools/target/test-dir/MiniOzoneClusterImpl-0519545d-318d-4c21-a2a0-688f18f8a31d/datanode-4/data/ratis/23ffc2a4-5526-4092-9dc4-6d4c5fd51127/current/log_inprogress_4298
2019-07-03 07:08:30,204 INFO  storage.RaftLogWorker (RaftLogWorker.java:execute(469)) - 75e8c5ea-f06a-43e1-af6e-1f7f9b0b2cc1-RaftLogWorker: created new log segment /opt/src/hadoop-ozone/tools/target/test-dir/MiniOzoneClusterImpl-0519545d-318d-4c21-a2a0-688f18f8a31d/datanode-1/data/ratis/23ffc2a4-5526-4092-9dc4-6d4c5fd51127/current/log_inprogress_4298
2019-07-03 07:08:30,218 INFO  client.GrpcClientProtocolClient (GrpcClientProtocolClient.java:onNext(254)) - client-253D2503C21A->6571ba41-d309-4d1d-a321-129a77bf1602: receive RaftClientReply:client-253D2503C21A->6571ba41-d309-4d1d-a321-129a77bf1602@group-6D4C5FD51127, cid=2813, SUCCESS, logIndex=4298, commits[6571ba41-d309-4d1d-a321-129a77bf1602:c4298, 75e8c5ea-f06a-43e1-af6e-1f7f9b0b2cc1:c4296, 1d8d2908-dfb4-4358-9c6e-64b435d6fccc:c4296]
2019-07-03 07:08:30,229 INFO  client.GrpcClientProtocolClient (GrpcClientProtocolClient.java:onNext(254)) - client-253D2503C21A->6571ba41-d309-4d1d-a321-129a77bf1602: receive RaftClientReply:client-253D2503C21A->6571ba41-d309-4d1d-a321-129a77bf1602@group-6D4C5FD51127, cid=2814, SUCCESS, logIndex=0, commits[6571ba41-d309-4d1d-a321-129a77bf1602:c4299, 75e8c5ea-f06a-43e1-af6e-1f7f9b0b2cc1:c4298, 1d8d2908-dfb4-4358-9c6e-64b435d6fccc:c4298]
2019-07-03 07:08:30,263 INFO  client.GrpcClientProtocolClient (GrpcClientProtocolClient.java:onNext(254)) - client-253D2503C21A->6571ba41-d309-4d1d-a321-129a77bf1602: receive RaftClientReply:client-253D2503C21A->6571ba41-d309-4d1d-a321-129a77bf1602@group-6D4C5FD51127, cid=2815, SUCCESS, logIndex=4300, commits[6571ba41-d309-4d1d-a321-129a77bf1602:c4300, 75e8c5ea-f06a-43e1-af6e-1f7f9b0b2cc1:c4299, 1d8d2908-dfb4-4358-9c6e-64b435d6fccc:c4299]
2019-07-03 07:08:30,276 INFO  client.GrpcClientProtocolClient (GrpcClientProtocolClient.java:onNext(254)) - client-253D2503C21A->6571ba41-d309-4d1d-a321-129a77bf1602: receive RaftClientReply:client-253D2503C21A->6571ba41-d309-4d1d-a321-129a77bf1602@group-6D4C5FD51127, cid=2816, SUCCESS, logIndex=4302, commits[6571ba41-d309-4d1d-a321-129a77bf1602:c4303, 75e8c5ea-f06a-43e1-af6e-1f7f9b0b2cc1:c4300, 1d8d2908-dfb4-4358-9c6e-64b435d6fccc:c4300]
2019-07-03 07:08:30,277 INFO  client.GrpcClientProtocolClient (GrpcClientProtocolClient.java:onNext(254)) - client-253D2503C21A->6571ba41-d309-4d1d-a321-129a77bf1602: receive RaftClientReply:client-253D2503C21A->6571ba41-d309-4d1d-a321-129a77bf1602@group-6D4C5FD51127, cid=2817, SUCCESS, logIndex=4303, commits[6571ba41-d309-4d1d-a321-129a77bf1602:c4303, 75e8c5ea-f06a-43e1-af6e-1f7f9b0b2cc1:c4300, 1d8d2908-dfb4-4358-9c6e-64b435d6fccc:c4300]
2019-07-03 07:08:30,277 INFO  client.GrpcClientProtocolClient (GrpcClientProtocolClient.java:onNext(254)) - client-253D2503C21A->6571ba41-d309-4d1d-a321-129a77bf1602: receive RaftClientReply:client-253D2503C21A->6571ba41-d309-4d1d-a321-129a77bf1602@group-6D4C5FD51127, cid=2818, SUCCESS, logIndex=4304, commits[6571ba41-d309-4d1d-a321-129a77bf1602:c4305, 75e8c5ea-f06a-43e1-af6e-1f7f9b0b2cc1:c4302, 1d8d2908-dfb4-4358-9c6e-64b435d6fccc:c4302]
2019-07-03 07:08:30,300 INFO  client.GrpcClientProtocolClient (GrpcClientProtocolClient.java:onNext(254)) - client-253D2503C21A->6571ba41-d309-4d1d-a321-129a77bf1602: receive RaftClientReply:client-253D2503C21A->6571ba41-d309-4d1d-a321-129a77bf1602@group-6D4C5FD51127, cid=2819, SUCCESS, logIndex=4307, commits[6571ba41-d309-4d1d-a321-129a77bf1602:c4307, 75e8c5ea-f06a-43e1-af6e-1f7f9b0b2cc1:c4306, 1d8d2908-dfb4-4358-9c6e-64b435d6fccc:c4306]
2019-07-03 07:08:30,313 INFO  client.GrpcClientProtocolClient (GrpcClientProtocolClient.java:onNext(254)) - client-253D2503C21A->6571ba41-d309-4d1d-a321-129a77bf1602: receive RaftClientReply:client-253D2503C21A->6571ba41-d309-4d1d-a321-129a77bf1602@group-6D4C5FD51127, cid=2820, SUCCESS, logIndex=4309, commits[6571ba41-d309-4d1d-a321-129a77bf1602:c4309, 75e8c5ea-f06a-43e1-af6e-1f7f9b0b2cc1:c4307, 1d8d2908-dfb4-4358-9c6e-64b435d6fccc:c4307]
2019-07-03 07:08:30,337 INFO  client.GrpcClientProtocolClient (GrpcClientProtocolClient.java:onNext(254)) - client-253D2503C21A->6571ba41-d309-4d1d-a321-129a77bf1602: receive RaftClientReply:client-253D2503C21A->6571ba41-d309-4d1d-a321-129a77bf1602@group-6D4C5FD51127, cid=2821, SUCCESS, logIndex=4311, commits[6571ba41-d309-4d1d-a321-129a77bf1602:c4311, 75e8c5ea-f06a-43e1-af6e-1f7f9b0b2cc1:c4309, 1d8d2908-dfb4-4358-9c6e-64b435d6fccc:c4309]
2019-07-03 07:08:30,341 INFO  client.GrpcClientProtocolClient (GrpcClientProtocolClient.java:onNext(254)) - client-253D2503C21A->6571ba41-d309-4d1d-a321-129a77bf1602: receive RaftClientReply:client-253D2503C21A->6571ba41-d309-4d1d-a321-129a77bf1602@group-6D4C5FD51127, cid=2822, SUCCESS, logIndex=4313, commits[6571ba41-d309-4d1d-a321-129a77bf1602:c4313, 75e8c5ea-f06a-43e1-af6e-1f7f9b0b2cc1:c4311, 1d8d2908-dfb4-4358-9c6e-64b435d6fccc:c4311]
2019-07-03 07:08:30,363 INFO  client.GrpcClientProtocolClient (GrpcClientProtocolClient.java:onNext(254)) - client-253D2503C21A->6571ba41-d309-4d1d-a321-129a77bf1602: receive RaftClientReply:client-253D2503C21A->6571ba41-d309-4d1d-a321-129a77bf1602@group-6D4C5FD51127, cid=2823, SUCCESS, logIndex=0, commits[6571ba41-d309-4d1d-a321-129a77bf1602:c4314, 75e8c5ea-f06a-43e1-af6e-1f7f9b0b2cc1:c4313, 1d8d2908-dfb4-4358-9c6e-64b435d6fccc:c4313]
2019-07-03 07:08:30,396 INFO  client.GrpcClientProtocolClient (GrpcClientProtocolClient.java:onNext(254)) - client-253D2503C21A->6571ba41-d309-4d1d-a321-129a77bf1602: receive RaftClientReply:client-253D2503C21A->6571ba41-d309-4d1d-a321-129a77bf1602@group-6D4C5FD51127, cid=2824, SUCCESS, logIndex=4315, commits[6571ba41-d309-4d1d-a321-129a77bf1602:c4315, 75e8c5ea-f06a-43e1-af6e-1f7f9b0b2cc1:c4314, 1d8d2908-dfb4-4358-9c6e-64b435d6fccc:c4314]
2019-07-03 07:08:30,408 INFO  client.GrpcClientProtocolClient (GrpcClientProtocolClient.java:onNext(254)) - client-253D2503C21A->6571ba41-d309-4d1d-a321-129a77bf1602: receive RaftClientReply:client-253D2503C21A->6571ba41-d309-4d1d-a321-129a77bf1602@group-6D4C5FD51127, cid=2825, SUCCESS, logIndex=4317, commits[6571ba41-d309-4d1d-a321-129a77bf1602:c4318, 75e8c5ea-f06a-43e1-af6e-1f7f9b0b2cc1:c4315, 1d8d2908-dfb4-4358-9c6e-64b435d6fccc:c4315]
2019-07-03 07:08:30,409 INFO  client.GrpcClientProtocolClient (GrpcClientProtocolClient.java:onNext(254)) - client-253D2503C21A->6571ba41-d309-4d1d-a321-129a77bf1602: receive RaftClientReply:client-253D2503C21A->6571ba41-d309-4d1d-a321-129a77bf1602@group-6D4C5FD51127, cid=2826, SUCCESS, logIndex=4318, commits[6571ba41-d309-4d1d-a321-129a77bf1602:c4319, 75e8c5ea-f06a-43e1-af6e-1f7f9b0b2cc1:c4318, 1d8d2908-dfb4-4358-9c6e-64b435d6fccc:c4315]
2019-07-03 07:08:30,409 INFO  client.GrpcClientProtocolClient (GrpcClientProtocolClient.java:onNext(254)) - client-253D2503C21A->6571ba41-d309-4d1d-a321-129a77bf1602: receive RaftClientReply:client-253D2503C21A->6571ba41-d309-4d1d-a321-129a77bf1602@group-6D4C5FD51127, cid=2827, SUCCESS, logIndex=4319, commits[6571ba41-d309-4d1d-a321-129a77bf1602:c4320, 75e8c5ea-f06a-43e1-af6e-1f7f9b0b2cc1:c4318, 1d8d2908-dfb4-4358-9c6e-64b435d6fccc:c4315]
2019-07-03 07:08:30,411 INFO  client.GrpcClientProtocolClient (GrpcClientProtocolClient.java:onNext(254)) - client-253D2503C21A->6571ba41-d309-4d1d-a321-129a77bf1602: receive RaftClientReply:client-253D2503C21A->6571ba41-d309-4d1d-a321-129a77bf1602@group-6D4C5FD51127, cid=2828, SUCCESS, logIndex=0, commits[6571ba41-d309-4d1d-a321-129a77bf1602:c4321, 75e8c5ea-f06a-43e1-af6e-1f7f9b0b2cc1:c4318, 1d8d2908-dfb4-4358-9c6e-64b435d6fccc:c4318]
2019-07-03 07:08:30,432 INFO  client.GrpcClientProtocolClient (GrpcClientProtocolClient.java:onNext(254)) - client-253D2503C21A->6571ba41-d309-4d1d-a321-129a77bf1602: receive RaftClientReply:client-253D2503C21A->6571ba41-d309-4d1d-a321-129a77bf1602@group-6D4C5FD51127, cid=2829, SUCCESS, logIndex=4323, commits[6571ba41-d309-4d1d-a321-129a77bf1602:c4323, 75e8c5ea-f06a-43e1-af6e-1f7f9b0b2cc1:c4322, 1d8d2908-dfb4-4358-9c6e-64b435d6fccc:c4322]
2019-07-03 07:08:30,445 INFO  client.GrpcClientProtocolClient (GrpcClientProtocolClient.java:onNext(254)) - client-253D2503C21A->6571ba41-d309-4d1d-a321-129a77bf1602: receive RaftClientReply:client-253D2503C21A->6571ba41-d309-4d1d-a321-129a77bf1602@group-6D4C5FD51127, cid=2830, SUCCESS, logIndex=4325, commits[6571ba41-d309-4d1d-a321-129a77bf1602:c4325, 75e8c5ea-f06a-43e1-af6e-1f7f9b0b2cc1:c4323, 1d8d2908-dfb4-4358-9c6e-64b435d6fccc:c4323]
2019-07-03 07:08:30,459 INFO  client.GrpcClientProtocolClient (GrpcClientProtocolClient.java:onNext(254)) - client-253D2503C21A->6571ba41-d309-4d1d-a321-129a77bf1602: receive RaftClientReply:client-253D2503C21A->6571ba41-d309-4d1d-a321-129a77bf1602@group-6D4C5FD51127, cid=2831, SUCCESS, logIndex=4327, commits[6571ba41-d309-4d1d-a321-129a77bf1602:c4327, 75e8c5ea-f06a-43e1-af6e-1f7f9b0b2cc1:c4325, 1d8d2908-dfb4-4358-9c6e-64b435d6fccc:c4325]
2019-07-03 07:08:30,471 INFO  client.GrpcClientProtocolClient (GrpcClientProtocolClient.java:onNext(254)) - client-253D2503C21A->6571ba41-d309-4d1d-a321-129a77bf1602: receive RaftClientReply:client-253D2503C21A->6571ba41-d309-4d1d-a321-129a77bf1602@group-6D4C5FD51127, cid=2832, SUCCESS, logIndex=4329, commits[6571ba41-d309-4d1d-a321-129a77bf1602:c4329, 75e8c5ea-f06a-43e1-af6e-1f7f9b0b2cc1:c4327, 1d8d2908-dfb4-4358-9c6e-64b435d6fccc:c4327]
2019-07-03 07:08:30,483 INFO  client.GrpcClientProtocolClient (GrpcClientProtocolClient.java:onNext(254)) - client-253D2503C21A->6571ba41-d309-4d1d-a321-129a77bf1602: receive RaftClientReply:client-253D2503C21A->6571ba41-d309-4d1d-a321-129a77bf1602@group-6D4C5FD51127, cid=2833, SUCCESS, logIndex=0, commits[6571ba41-d309-4d1d-a321-129a77bf1602:c4330, 75e8c5ea-f06a-43e1-af6e-1f7f9b0b2cc1:c4329, 1d8d2908-dfb4-4358-9c6e-64b435d6fccc:c4329]
2019-07-03 07:08:30,514 INFO  client.GrpcClientProtocolClient (GrpcClientProtocolClient.java:onNext(254)) - client-253D2503C21A->6571ba41-d309-4d1d-a321-129a77bf1602: receive RaftClientReply:client-253D2503C21A->6571ba41-d309-4d1d-a321-129a77bf1602@group-6D4C5FD51127, cid=2834, SUCCESS, logIndex=4331, commits[6571ba41-d309-4d1d-a321-129a77bf1602:c4331, 75e8c5ea-f06a-43e1-af6e-1f7f9b0b2cc1:c4330, 1d8d2908-dfb4-4358-9c6e-64b435d6fccc:c4330]
2019-07-03 07:08:30,526 INFO  client.GrpcClientProtocolClient (GrpcClientProtocolClient.java:onNext(254)) - client-253D2503C21A->6571ba41-d309-4d1d-a321-129a77bf1602: receive RaftClientReply:client-253D2503C21A->6571ba41-d309-4d1d-a321-129a77bf1602@group-6D4C5FD51127, cid=2835, SUCCESS, logIndex=4333, commits[6571ba41-d309-4d1d-a321-129a77bf1602:c4334, 75e8c5ea-f06a-43e1-af6e-1f7f9b0b2cc1:c4331, 1d8d2908-dfb4-4358-9c6e-64b435d6fccc:c4331]
2019-07-03 07:08:30,527 INFO  client.GrpcClientProtocolClient (GrpcClientProtocolClient.java:onNext(254)) - client-253D2503C21A->6571ba41-d309-4d1d-a321-129a77bf1602: receive RaftClientReply:client-253D2503C21A->6571ba41-d309-4d1d-a321-129a77bf1602@group-6D4C5FD51127, cid=2836, SUCCESS, logIndex=4334, commits[6571ba41-d309-4d1d-a321-129a77bf1602:c4334, 75e8c5ea-f06a-43e1-af6e-1f7f9b0b2cc1:c4331, 1d8d2908-dfb4-4358-9c6e-64b435d6fccc:c4331]
2019-07-03 07:08:30,527 INFO  client.GrpcClientProtocolClient (GrpcClientProtocolClient.java:onNext(254)) - client-253D2503C21A->6571ba41-d309-4d1d-a321-129a77bf1602: receive RaftClientReply:client-253D2503C21A->6571ba41-d309-4d1d-a321-129a77bf1602@group-6D4C5FD51127, cid=2837, SUCCESS, logIndex=4335, commits[6571ba41-d309-4d1d-a321-129a77bf1602:c4336, 75e8c5ea-f06a-43e1-af6e-1f7f9b0b2cc1:c4333, 1d8d2908-dfb4-4358-9c6e-64b435d6fccc:c4331]
2019-07-03 07:08:30,528 INFO  client.GrpcClientProtocolClient (GrpcClientProtocolClient.java:onNext(254)) - client-253D2503C21A->6571ba41-d309-4d1d-a321-129a77bf1602: receive RaftClientReply:client-253D2503C21A->6571ba41-d309-4d1d-a321-129a77bf1602@group-6D4C5FD51127, cid=2838, SUCCESS, logIndex=0, commits[6571ba41-d309-4d1d-a321-129a77bf1602:c4337, 75e8c5ea-f06a-43e1-af6e-1f7f9b0b2cc1:c4334, 1d8d2908-dfb4-4358-9c6e-64b435d6fccc:c4333]
2019-07-03 07:08:30,549 INFO  client.GrpcClientProtocolClient (GrpcClientProtocolClient.java:onNext(254)) - client-253D2503C21A->6571ba41-d309-4d1d-a321-129a77bf1602: receive RaftClientReply:client-253D2503C21A->6571ba41-d309-4d1d-a321-129a77bf1602@group-6D4C5FD51127, cid=2839, SUCCESS, logIndex=4339, commits[6571ba41-d309-4d1d-a321-129a77bf1602:c4339, 75e8c5ea-f06a-43e1-af6e-1f7f9b0b2cc1:c4338, 1d8d2908-dfb4-4358-9c6e-64b435d6fccc:c4338]
2019-07-03 07:08:30,561 INFO  client.GrpcClientProtocolClient (GrpcClientProtocolClient.java:onNext(254)) - client-253D2503C21A->6571ba41-d309-4d1d-a321-129a77bf1602: receive RaftClientReply:client-253D2503C21A->6571ba41-d309-4d1d-a321-129a77bf1602@group-6D4C5FD51127, cid=2840, SUCCESS, logIndex=4341, commits[6571ba41-d309-4d1d-a321-129a77bf1602:c4341, 75e8c5ea-f06a-43e1-af6e-1f7f9b0b2cc1:c4339, 1d8d2908-dfb4-4358-9c6e-64b435d6fccc:c4339]
2019-07-03 07:08:30,574 INFO  client.GrpcClientProtocolClient (GrpcClientProtocolClient.java:onNext(254)) - client-253D2503C21A->6571ba41-d309-4d1d-a321-129a77bf1602: receive RaftClientReply:client-253D2503C21A->6571ba41-d309-4d1d-a321-129a77bf1602@group-6D4C5FD51127, cid=2841, SUCCESS, logIndex=4343, commits[6571ba41-d309-4d1d-a321-129a77bf1602:c4343, 75e8c5ea-f06a-43e1-af6e-1f7f9b0b2cc1:c4342, 1d8d2908-dfb4-4358-9c6e-64b435d6fccc:c4342]
2019-07-03 07:08:30,577 INFO  client.GrpcClientProtocolClient (GrpcClientProtocolClient.java:onNext(254)) - client-253D2503C21A->6571ba41-d309-4d1d-a321-129a77bf1602: receive RaftClientReply:client-253D2503C21A->6571ba41-d309-4d1d-a321-129a77bf1602@group-6D4C5FD51127, cid=2842, SUCCESS, logIndex=4345, commits[6571ba41-d309-4d1d-a321-129a77bf1602:c4345, 75e8c5ea-f06a-43e1-af6e-1f7f9b0b2cc1:c4343, 1d8d2908-dfb4-4358-9c6e-64b435d6fccc:c4343]
2019-07-03 07:08:30,580 INFO  client.GrpcClientProtocolClient (GrpcClientProtocolClient.java:onNext(254)) - client-253D2503C21A->6571ba41-d309-4d1d-a321-129a77bf1602: receive RaftClientReply:client-253D2503C21A->6571ba41-d309-4d1d-a321-129a77bf1602@group-6D4C5FD51127, cid=2843, SUCCESS, logIndex=0, commits[6571ba41-d309-4d1d-a321-129a77bf1602:c4346, 75e8c5ea-f06a-43e1-af6e-1f7f9b0b2cc1:c4345, 1d8d2908-dfb4-4358-9c6e-64b435d6fccc:c4345]
2019-07-03 07:08:30,624 INFO  client.GrpcClientProtocolClient (GrpcClientProtocolClient.java:onNext(254)) - client-253D2503C21A->6571ba41-d309-4d1d-a321-129a77bf1602: receive RaftClientReply:client-253D2503C21A->6571ba41-d309-4d1d-a321-129a77bf1602@group-6D4C5FD51127, cid=2844, SUCCESS, logIndex=4347, commits[6571ba41-d309-4d1d-a321-129a77bf1602:c4347, 75e8c5ea-f06a-43e1-af6e-1f7f9b0b2cc1:c4346, 1d8d2908-dfb4-4358-9c6e-64b435d6fccc:c4346]
2019-07-03 07:08:30,627 INFO  client.GrpcClientProtocolClient (GrpcClientProtocolClient.java:onNext(254)) - client-253D2503C21A->6571ba41-d309-4d1d-a321-129a77bf1602: receive RaftClientReply:client-253D2503C21A->6571ba41-d309-4d1d-a321-129a77bf1602@group-6D4C5FD51127, cid=2845, SUCCESS, logIndex=4349, commits[6571ba41-d309-4d1d-a321-129a77bf1602:c4349, 75e8c5ea-f06a-43e1-af6e-1f7f9b0b2cc1:c4347, 1d8d2908-dfb4-4358-9c6e-64b435d6fccc:c4347]
2019-07-03 07:08:30,646 INFO  client.GrpcClientProtocolClient (GrpcClientProtocolClient.java:onNext(254)) - client-253D2503C21A->6571ba41-d309-4d1d-a321-129a77bf1602: receive RaftClientReply:client-253D2503C21A->6571ba41-d309-4d1d-a321-129a77bf1602@group-6D4C5FD51127, cid=2846, SUCCESS, logIndex=4350, commits[6571ba41-d309-4d1d-a321-129a77bf1602:c4351, 75e8c5ea-f06a-43e1-af6e-1f7f9b0b2cc1:c4348, 1d8d2908-dfb4-4358-9c6e-64b435d6fccc:c4348]
2019-07-03 07:08:30,647 INFO  client.GrpcClientProtocolClient (GrpcClientProtocolClient.java:onNext(254)) - client-253D2503C21A->6571ba41-d309-4d1d-a321-129a77bf1602: receive RaftClientReply:client-253D2503C21A->6571ba41-d309-4d1d-a321-129a77bf1602@group-6D4C5FD51127, cid=2847, SUCCESS, logIndex=4351, commits[6571ba41-d309-4d1d-a321-129a77bf1602:c4351, 75e8c5ea-f06a-43e1-af6e-1f7f9b0b2cc1:c4348, 1d8d2908-dfb4-4358-9c6e-64b435d6fccc:c4348]
2019-07-03 07:08:30,648 INFO  client.GrpcClientProtocolClient (GrpcClientProtocolClient.java:onNext(254)) - client-253D2503C21A->6571ba41-d309-4d1d-a321-129a77bf1602: receive RaftClientReply:client-253D2503C21A->6571ba41-d309-4d1d-a321-129a77bf1602@group-6D4C5FD51127, cid=2848, SUCCESS, logIndex=0, commits[6571ba41-d309-4d1d-a321-129a77bf1602:c4354, 75e8c5ea-f06a-43e1-af6e-1f7f9b0b2cc1:c4349, 1d8d2908-dfb4-4358-9c6e-64b435d6fccc:c4349]
2019-07-03 07:08:30,668 INFO  client.GrpcClientProtocolClient (GrpcClientProtocolClient.java:onNext(254)) - client-253D2503C21A->6571ba41-d309-4d1d-a321-129a77bf1602: receive RaftClientReply:client-253D2503C21A->6571ba41-d309-4d1d-a321-129a77bf1602@group-6D4C5FD51127, cid=2849, SUCCESS, logIndex=4355, commits[6571ba41-d309-4d1d-a321-129a77bf1602:c4355, 75e8c5ea-f06a-43e1-af6e-1f7f9b0b2cc1:c4354, 1d8d2908-dfb4-4358-9c6e-64b435d6fccc:c4354]
2019-07-03 07:08:30,682 INFO  client.GrpcClientProtocolClient (GrpcClientProtocolClient.java:onNext(254)) - client-253D2503C21A->6571ba41-d309-4d1d-a321-129a77bf1602: receive RaftClientReply:client-253D2503C21A->6571ba41-d309-4d1d-a321-129a77bf1602@group-6D4C5FD51127, cid=2850, SUCCESS, logIndex=4357, commits[6571ba41-d309-4d1d-a321-129a77bf1602:c4357, 75e8c5ea-f06a-43e1-af6e-1f7f9b0b2cc1:c4355, 1d8d2908-dfb4-4358-9c6e-64b435d6fccc:c4355]
2019-07-03 07:08:30,695 INFO  client.GrpcClientProtocolClient (GrpcClientProtocolClient.java:onNext(254)) - client-253D2503C21A->6571ba41-d309-4d1d-a321-129a77bf1602: receive RaftClientReply:client-253D2503C21A->6571ba41-d309-4d1d-a321-129a77bf1602@group-6D4C5FD51127, cid=2851, SUCCESS, logIndex=4359, commits[6571ba41-d309-4d1d-a321-129a77bf1602:c4359, 75e8c5ea-f06a-43e1-af6e-1f7f9b0b2cc1:c4357, 1d8d2908-dfb4-4358-9c6e-64b435d6fccc:c4357]
2019-07-03 07:08:30,708 INFO  client.GrpcClientProtocolClient (GrpcClientProtocolClient.java:onNext(254)) - client-253D2503C21A->6571ba41-d309-4d1d-a321-129a77bf1602: receive RaftClientReply:client-253D2503C21A->6571ba41-d309-4d1d-a321-129a77bf1602@group-6D4C5FD51127, cid=2852, SUCCESS, logIndex=4361, commits[6571ba41-d309-4d1d-a321-129a77bf1602:c4361, 75e8c5ea-f06a-43e1-af6e-1f7f9b0b2cc1:c4359, 1d8d2908-dfb4-4358-9c6e-64b435d6fccc:c4359]
2019-07-03 07:08:30,720 INFO  client.GrpcClientProtocolClient (GrpcClientProtocolClient.java:onNext(254)) - client-253D2503C21A->6571ba41-d309-4d1d-a321-129a77bf1602: receive RaftClientReply:client-253D2503C21A->6571ba41-d309-4d1d-a321-129a77bf1602@group-6D4C5FD51127, cid=2853, SUCCESS, logIndex=0, commits[6571ba41-d309-4d1d-a321-129a77bf1602:c4362, 75e8c5ea-f06a-43e1-af6e-1f7f9b0b2cc1:c4361, 1d8d2908-dfb4-4358-9c6e-64b435d6fccc:c4361]
2019-07-03 07:08:30,752 INFO  client.GrpcClientProtocolClient (GrpcClientProtocolClient.java:onNext(254)) - client-253D2503C21A->6571ba41-d309-4d1d-a321-129a77bf1602: receive RaftClientReply:client-253D2503C21A->6571ba41-d309-4d1d-a321-129a77bf1602@group-6D4C5FD51127, cid=2854, SUCCESS, logIndex=4363, commits[6571ba41-d309-4d1d-a321-129a77bf1602:c4363, 75e8c5ea-f06a-43e1-af6e-1f7f9b0b2cc1:c4362, 1d8d2908-dfb4-4358-9c6e-64b435d6fccc:c4362]
2019-07-03 07:08:30,765 INFO  client.GrpcClientProtocolClient (GrpcClientProtocolClient.java:onNext(254)) - client-253D2503C21A->6571ba41-d309-4d1d-a321-129a77bf1602: receive RaftClientReply:client-253D2503C21A->6571ba41-d309-4d1d-a321-129a77bf1602@group-6D4C5FD51127, cid=2855, SUCCESS, logIndex=4365, commits[6571ba41-d309-4d1d-a321-129a77bf1602:c4366, 75e8c5ea-f06a-43e1-af6e-1f7f9b0b2cc1:c4363, 1d8d2908-dfb4-4358-9c6e-64b435d6fccc:c4363]
2019-07-03 07:08:30,765 INFO  client.GrpcClientProtocolClient (GrpcClientProtocolClient.java:onNext(254)) - client-253D2503C21A->6571ba41-d309-4d1d-a321-129a77bf1602: receive RaftClientReply:client-253D2503C21A->6571ba41-d309-4d1d-a321-129a77bf1602@group-6D4C5FD51127, cid=2856, SUCCESS, logIndex=4366, commits[6571ba41-d309-4d1d-a321-129a77bf1602:c4366, 75e8c5ea-f06a-43e1-af6e-1f7f9b0b2cc1:c4363, 1d8d2908-dfb4-4358-9c6e-64b435d6fccc:c4363]
2019-07-03 07:08:30,766 INFO  client.GrpcClientProtocolClient (GrpcClientProtocolClient.java:onNext(254)) - client-253D2503C21A->6571ba41-d309-4d1d-a321-129a77bf1602: receive RaftClientReply:client-253D2503C21A->6571ba41-d309-4d1d-a321-129a77bf1602@group-6D4C5FD51127, cid=2857, SUCCESS, logIndex=4367, commits[6571ba41-d309-4d1d-a321-129a77bf1602:c4367, 75e8c5ea-f06a-43e1-af6e-1f7f9b0b2cc1:c4363, 1d8d2908-dfb4-4358-9c6e-64b435d6fccc:c4363]
2019-07-03 07:08:30,767 INFO  client.GrpcClientProtocolClient (GrpcClientProtocolClient.java:onNext(254)) - client-253D2503C21A->6571ba41-d309-4d1d-a321-129a77bf1602: receive RaftClientReply:client-253D2503C21A->6571ba41-d309-4d1d-a321-129a77bf1602@group-6D4C5FD51127, cid=2858, SUCCESS, logIndex=0, commits[6571ba41-d309-4d1d-a321-129a77bf1602:c4369, 75e8c5ea-f06a-43e1-af6e-1f7f9b0b2cc1:c4365, 1d8d2908-dfb4-4358-9c6e-64b435d6fccc:c4366]
2019-07-03 07:08:30,786 INFO  client.GrpcClientProtocolClient (GrpcClientProtocolClient.java:onNext(254)) - client-253D2503C21A->6571ba41-d309-4d1d-a321-129a77bf1602: receive RaftClientReply:client-253D2503C21A->6571ba41-d309-4d1d-a321-129a77bf1602@group-6D4C5FD51127, cid=2859, SUCCESS, logIndex=4371, commits[6571ba41-d309-4d1d-a321-129a77bf1602:c4371, 75e8c5ea-f06a-43e1-af6e-1f7f9b0b2cc1:c4370, 1d8d2908-dfb4-4358-9c6e-64b435d6fccc:c4370]
2019-07-03 07:08:30,789 INFO  client.GrpcClientProtocolClient (GrpcClientProtocolClient.java:onNext(254)) - client-253D2503C21A->6571ba41-d309-4d1d-a321-129a77bf1602: receive RaftClientReply:client-253D2503C21A->6571ba41-d309-4d1d-a321-129a77bf1602@group-6D4C5FD51127, cid=2860, SUCCESS, logIndex=4373, commits[6571ba41-d309-4d1d-a321-129a77bf1602:c4373, 75e8c5ea-f06a-43e1-af6e-1f7f9b0b2cc1:c4371, 1d8d2908-dfb4-4358-9c6e-64b435d6fccc:c4371]
2019-07-03 07:08:30,802 INFO  storage.RaftLogWorker (RaftLogWorker.java:rollLogSegment(303)) - 6571ba41-d309-4d1d-a321-129a77bf1602-RaftLogWorker: Rolling segment log-4298_4376 to index:4376
2019-07-03 07:08:30,802 INFO  client.GrpcClientProtocolClient (GrpcClientProtocolClient.java:onNext(254)) - client-253D2503C21A->6571ba41-d309-4d1d-a321-129a77bf1602: receive RaftClientReply:client-253D2503C21A->6571ba41-d309-4d1d-a321-129a77bf1602@group-6D4C5FD51127, cid=2861, SUCCESS, logIndex=4375, commits[6571ba41-d309-4d1d-a321-129a77bf1602:c4375, 75e8c5ea-f06a-43e1-af6e-1f7f9b0b2cc1:c4373, 1d8d2908-dfb4-4358-9c6e-64b435d6fccc:c4373]
2019-07-03 07:08:30,803 INFO  storage.RaftLogWorker (RaftLogWorker.java:rollLogSegment(303)) - 75e8c5ea-f06a-43e1-af6e-1f7f9b0b2cc1-RaftLogWorker: Rolling segment log-4298_4376 to index:4376
2019-07-03 07:08:30,803 INFO  storage.RaftLogWorker (RaftLogWorker.java:rollLogSegment(303)) - 1d8d2908-dfb4-4358-9c6e-64b435d6fccc-RaftLogWorker: Rolling segment log-4298_4376 to index:4376
2019-07-03 07:08:30,813 INFO  storage.RaftLogWorker (RaftLogWorker.java:execute(433)) - 6571ba41-d309-4d1d-a321-129a77bf1602-RaftLogWorker: Rolled log segment from /opt/src/hadoop-ozone/tools/target/test-dir/MiniOzoneClusterImpl-0519545d-318d-4c21-a2a0-688f18f8a31d/datanode-4/data/ratis/23ffc2a4-5526-4092-9dc4-6d4c5fd51127/current/log_inprogress_4298 to /opt/src/hadoop-ozone/tools/target/test-dir/MiniOzoneClusterImpl-0519545d-318d-4c21-a2a0-688f18f8a31d/datanode-4/data/ratis/23ffc2a4-5526-4092-9dc4-6d4c5fd51127/current/log_4298-4376
2019-07-03 07:08:30,813 INFO  storage.RaftLogWorker (RaftLogWorker.java:execute(433)) - 75e8c5ea-f06a-43e1-af6e-1f7f9b0b2cc1-RaftLogWorker: Rolled log segment from /opt/src/hadoop-ozone/tools/target/test-dir/MiniOzoneClusterImpl-0519545d-318d-4c21-a2a0-688f18f8a31d/datanode-1/data/ratis/23ffc2a4-5526-4092-9dc4-6d4c5fd51127/current/log_inprogress_4298 to /opt/src/hadoop-ozone/tools/target/test-dir/MiniOzoneClusterImpl-0519545d-318d-4c21-a2a0-688f18f8a31d/datanode-1/data/ratis/23ffc2a4-5526-4092-9dc4-6d4c5fd51127/current/log_4298-4376
2019-07-03 07:08:30,813 INFO  storage.RaftLogWorker (RaftLogWorker.java:execute(433)) - 1d8d2908-dfb4-4358-9c6e-64b435d6fccc-RaftLogWorker: Rolled log segment from /opt/src/hadoop-ozone/tools/target/test-dir/MiniOzoneClusterImpl-0519545d-318d-4c21-a2a0-688f18f8a31d/datanode-2/data/ratis/23ffc2a4-5526-4092-9dc4-6d4c5fd51127/current/log_inprogress_4298 to /opt/src/hadoop-ozone/tools/target/test-dir/MiniOzoneClusterImpl-0519545d-318d-4c21-a2a0-688f18f8a31d/datanode-2/data/ratis/23ffc2a4-5526-4092-9dc4-6d4c5fd51127/current/log_4298-4376
2019-07-03 07:08:30,856 INFO  storage.RaftLogWorker (RaftLogWorker.java:execute(469)) - 6571ba41-d309-4d1d-a321-129a77bf1602-RaftLogWorker: created new log segment /opt/src/hadoop-ozone/tools/target/test-dir/MiniOzoneClusterImpl-0519545d-318d-4c21-a2a0-688f18f8a31d/datanode-4/data/ratis/23ffc2a4-5526-4092-9dc4-6d4c5fd51127/current/log_inprogress_4377
2019-07-03 07:08:30,856 INFO  storage.RaftLogWorker (RaftLogWorker.java:execute(469)) - 75e8c5ea-f06a-43e1-af6e-1f7f9b0b2cc1-RaftLogWorker: created new log segment /opt/src/hadoop-ozone/tools/target/test-dir/MiniOzoneClusterImpl-0519545d-318d-4c21-a2a0-688f18f8a31d/datanode-1/data/ratis/23ffc2a4-5526-4092-9dc4-6d4c5fd51127/current/log_inprogress_4377
2019-07-03 07:08:30,856 INFO  storage.RaftLogWorker (RaftLogWorker.java:execute(469)) - 1d8d2908-dfb4-4358-9c6e-64b435d6fccc-RaftLogWorker: created new log segment /opt/src/hadoop-ozone/tools/target/test-dir/MiniOzoneClusterImpl-0519545d-318d-4c21-a2a0-688f18f8a31d/datanode-2/data/ratis/23ffc2a4-5526-4092-9dc4-6d4c5fd51127/current/log_inprogress_4377
2019-07-03 07:08:30,860 INFO  client.GrpcClientProtocolClient (GrpcClientProtocolClient.java:onNext(254)) - client-253D2503C21A->6571ba41-d309-4d1d-a321-129a77bf1602: receive RaftClientReply:client-253D2503C21A->6571ba41-d309-4d1d-a321-129a77bf1602@group-6D4C5FD51127, cid=2862, SUCCESS, logIndex=4377, commits[6571ba41-d309-4d1d-a321-129a77bf1602:c4377, 75e8c5ea-f06a-43e1-af6e-1f7f9b0b2cc1:c4375, 1d8d2908-dfb4-4358-9c6e-64b435d6fccc:c4375]
 0.00% |█                                                                                                    |  0/1 Time: 0:00:382019-07-03 07:08:30,890 INFO  client.GrpcClientProtocolClient (GrpcClientProtocolClient.java:onNext(254)) - client-253D2503C21A->6571ba41-d309-4d1d-a321-129a77bf1602: receive RaftClientReply:client-253D2503C21A->6571ba41-d309-4d1d-a321-129a77bf1602@group-6D4C5FD51127, cid=2863, SUCCESS, logIndex=0, commits[6571ba41-d309-4d1d-a321-129a77bf1602:c4378, 75e8c5ea-f06a-43e1-af6e-1f7f9b0b2cc1:c4377, 1d8d2908-dfb4-4358-9c6e-64b435d6fccc:c4377]
2019-07-03 07:08:30,925 INFO  client.GrpcClientProtocolClient (GrpcClientProtocolClient.java:onNext(254)) - client-253D2503C21A->6571ba41-d309-4d1d-a321-129a77bf1602: receive RaftClientReply:client-253D2503C21A->6571ba41-d309-4d1d-a321-129a77bf1602@group-6D4C5FD51127, cid=2864, SUCCESS, logIndex=4379, commits[6571ba41-d309-4d1d-a321-129a77bf1602:c4379, 75e8c5ea-f06a-43e1-af6e-1f7f9b0b2cc1:c4378, 1d8d2908-dfb4-4358-9c6e-64b435d6fccc:c4378]
2019-07-03 07:08:30,937 INFO  client.GrpcClientProtocolClient (GrpcClientProtocolClient.java:onNext(254)) - client-253D2503C21A->6571ba41-d309-4d1d-a321-129a77bf1602: receive RaftClientReply:client-253D2503C21A->6571ba41-d309-4d1d-a321-129a77bf1602@group-6D4C5FD51127, cid=2865, SUCCESS, logIndex=4381, commits[6571ba41-d309-4d1d-a321-129a77bf1602:c4382, 75e8c5ea-f06a-43e1-af6e-1f7f9b0b2cc1:c4379, 1d8d2908-dfb4-4358-9c6e-64b435d6fccc:c4379]
2019-07-03 07:08:30,938 INFO  client.GrpcClientProtocolClient (GrpcClientProtocolClient.java:onNext(254)) - client-253D2503C21A->6571ba41-d309-4d1d-a321-129a77bf1602: receive RaftClientReply:client-253D2503C21A->6571ba41-d309-4d1d-a321-129a77bf1602@group-6D4C5FD51127, cid=2866, SUCCESS, logIndex=4382, commits[6571ba41-d309-4d1d-a321-129a77bf1602:c4383, 75e8c5ea-f06a-43e1-af6e-1f7f9b0b2cc1:c4379, 1d8d2908-dfb4-4358-9c6e-64b435d6fccc:c4379]
2019-07-03 07:08:30,938 INFO  client.GrpcClientProtocolClient (GrpcClientProtocolClient.java:onNext(254)) - client-253D2503C21A->6571ba41-d309-4d1d-a321-129a77bf1602: receive RaftClientReply:client-253D2503C21A->6571ba41-d309-4d1d-a321-129a77bf1602@group-6D4C5FD51127, cid=2867, SUCCESS, logIndex=4383, commits[6571ba41-d309-4d1d-a321-129a77bf1602:c4383, 75e8c5ea-f06a-43e1-af6e-1f7f9b0b2cc1:c4379, 1d8d2908-dfb4-4358-9c6e-64b435d6fccc:c4379]
2019-07-03 07:08:30,940 INFO  client.GrpcClientProtocolClient (GrpcClientProtocolClient.java:onNext(254)) - client-253D2503C21A->6571ba41-d309-4d1d-a321-129a77bf1602: receive RaftClientReply:client-253D2503C21A->6571ba41-d309-4d1d-a321-129a77bf1602@group-6D4C5FD51127, cid=2868, SUCCESS, logIndex=0, commits[6571ba41-d309-4d1d-a321-129a77bf1602:c4384, 75e8c5ea-f06a-43e1-af6e-1f7f9b0b2cc1:c4381, 1d8d2908-dfb4-4358-9c6e-64b435d6fccc:c4381]
2019-07-03 07:08:30,962 INFO  client.GrpcClientProtocolClient (GrpcClientProtocolClient.java:onNext(254)) - client-253D2503C21A->6571ba41-d309-4d1d-a321-129a77bf1602: receive RaftClientReply:client-253D2503C21A->6571ba41-d309-4d1d-a321-129a77bf1602@group-6D4C5FD51127, cid=2869, SUCCESS, logIndex=4387, commits[6571ba41-d309-4d1d-a321-129a77bf1602:c4387, 75e8c5ea-f06a-43e1-af6e-1f7f9b0b2cc1:c4386, 1d8d2908-dfb4-4358-9c6e-64b435d6fccc:c4386]
2019-07-03 07:08:30,975 INFO  client.GrpcClientProtocolClient (GrpcClientProtocolClient.java:onNext(254)) - client-253D2503C21A->6571ba41-d309-4d1d-a321-129a77bf1602: receive RaftClientReply:client-253D2503C21A->6571ba41-d309-4d1d-a321-129a77bf1602@group-6D4C5FD51127, cid=2870, SUCCESS, logIndex=4389, commits[6571ba41-d309-4d1d-a321-129a77bf1602:c4389, 75e8c5ea-f06a-43e1-af6e-1f7f9b0b2cc1:c4387, 1d8d2908-dfb4-4358-9c6e-64b435d6fccc:c4387]
2019-07-03 07:08:30,988 INFO  client.GrpcClientProtocolClient (GrpcClientProtocolClient.java:onNext(254)) - client-253D2503C21A->6571ba41-d309-4d1d-a321-129a77bf1602: receive RaftClientReply:client-253D2503C21A->6571ba41-d309-4d1d-a321-129a77bf1602@group-6D4C5FD51127, cid=2871, SUCCESS, logIndex=4391, commits[6571ba41-d309-4d1d-a321-129a77bf1602:c4391, 75e8c5ea-f06a-43e1-af6e-1f7f9b0b2cc1:c4389, 1d8d2908-dfb4-4358-9c6e-64b435d6fccc:c4389]
2019-07-03 07:08:30,991 INFO  client.GrpcClientProtocolClient (GrpcClientProtocolClient.java:onNext(254)) - client-253D2503C21A->6571ba41-d309-4d1d-a321-129a77bf1602: receive RaftClientReply:client-253D2503C21A->6571ba41-d309-4d1d-a321-129a77bf1602@group-6D4C5FD51127, cid=2872, SUCCESS, logIndex=4393, commits[6571ba41-d309-4d1d-a321-129a77bf1602:c4393, 75e8c5ea-f06a-43e1-af6e-1f7f9b0b2cc1:c4391, 1d8d2908-dfb4-4358-9c6e-64b435d6fccc:c4391]
2019-07-03 07:08:31,003 INFO  client.GrpcClientProtocolClient (GrpcClientProtocolClient.java:onNext(254)) - client-253D2503C21A->6571ba41-d309-4d1d-a321-129a77bf1602: receive RaftClientReply:client-253D2503C21A->6571ba41-d309-4d1d-a321-129a77bf1602@group-6D4C5FD51127, cid=2873, SUCCESS, logIndex=0, commits[6571ba41-d309-4d1d-a321-129a77bf1602:c4394, 75e8c5ea-f06a-43e1-af6e-1f7f9b0b2cc1:c4393, 1d8d2908-dfb4-4358-9c6e-64b435d6fccc:c4393]
2019-07-03 07:08:31,037 INFO  client.GrpcClientProtocolClient (GrpcClientProtocolClient.java:onNext(254)) - client-253D2503C21A->6571ba41-d309-4d1d-a321-129a77bf1602: receive RaftClientReply:client-253D2503C21A->6571ba41-d309-4d1d-a321-129a77bf1602@group-6D4C5FD51127, cid=2874, SUCCESS, logIndex=4395, commits[6571ba41-d309-4d1d-a321-129a77bf1602:c4395, 75e8c5ea-f06a-43e1-af6e-1f7f9b0b2cc1:c4394, 1d8d2908-dfb4-4358-9c6e-64b435d6fccc:c4394]
2019-07-03 07:08:31,049 INFO  client.GrpcClientProtocolClient (GrpcClientProtocolClient.java:onNext(254)) - client-253D2503C21A->6571ba41-d309-4d1d-a321-129a77bf1602: receive RaftClientReply:client-253D2503C21A->6571ba41-d309-4d1d-a321-129a77bf1602@group-6D4C5FD51127, cid=2875, SUCCESS, logIndex=4397, commits[6571ba41-d309-4d1d-a321-129a77bf1602:c4398, 75e8c5ea-f06a-43e1-af6e-1f7f9b0b2cc1:c4394, 1d8d2908-dfb4-4358-9c6e-64b435d6fccc:c4395]
2019-07-03 07:08:31,049 INFO  client.GrpcClientProtocolClient (GrpcClientProtocolClient.java:onNext(254)) - client-253D2503C21A->6571ba41-d309-4d1d-a321-129a77bf1602: receive RaftClientReply:client-253D2503C21A->6571ba41-d309-4d1d-a321-129a77bf1602@group-6D4C5FD51127, cid=2876, SUCCESS, logIndex=4398, commits[6571ba41-d309-4d1d-a321-129a77bf1602:c4398, 75e8c5ea-f06a-43e1-af6e-1f7f9b0b2cc1:c4395, 1d8d2908-dfb4-4358-9c6e-64b435d6fccc:c4395]
2019-07-03 07:08:31,050 INFO  client.GrpcClientProtocolClient (GrpcClientProtocolClient.java:onNext(254)) - client-253D2503C21A->6571ba41-d309-4d1d-a321-129a77bf1602: receive RaftClientReply:client-253D2503C21A->6571ba41-d309-4d1d-a321-129a77bf1602@group-6D4C5FD51127, cid=2877, SUCCESS, logIndex=4399, commits[6571ba41-d309-4d1d-a321-129a77bf1602:c4400, 75e8c5ea-f06a-43e1-af6e-1f7f9b0b2cc1:c4395, 1d8d2908-dfb4-4358-9c6e-64b435d6fccc:c4398]
2019-07-03 07:08:31,051 INFO  client.GrpcClientProtocolClient (GrpcClientProtocolClient.java:onNext(254)) - client-253D2503C21A->6571ba41-d309-4d1d-a321-129a77bf1602: receive RaftClientReply:client-253D2503C21A->6571ba41-d309-4d1d-a321-129a77bf1602@group-6D4C5FD51127, cid=2878, SUCCESS, logIndex=0, commits[6571ba41-d309-4d1d-a321-129a77bf1602:c4400, 75e8c5ea-f06a-43e1-af6e-1f7f9b0b2cc1:c4398, 1d8d2908-dfb4-4358-9c6e-64b435d6fccc:c4398]
2019-07-03 07:08:31,065 INFO  client.GrpcClientProtocolClient (GrpcClientProtocolClient.java:onNext(254)) - client-253D2503C21A->6571ba41-d309-4d1d-a321-129a77bf1602: receive RaftClientReply:client-253D2503C21A->6571ba41-d309-4d1d-a321-129a77bf1602@group-6D4C5FD51127, cid=2879, SUCCESS, logIndex=4403, commits[6571ba41-d309-4d1d-a321-129a77bf1602:c4403, 75e8c5ea-f06a-43e1-af6e-1f7f9b0b2cc1:c4401, 1d8d2908-dfb4-4358-9c6e-64b435d6fccc:c4401]
2019-07-03 07:08:31,078 INFO  client.GrpcClientProtocolClient (GrpcClientProtocolClient.java:onNext(254)) - client-253D2503C21A->6571ba41-d309-4d1d-a321-129a77bf1602: receive RaftClientReply:client-253D2503C21A->6571ba41-d309-4d1d-a321-129a77bf1602@group-6D4C5FD51127, cid=2880, SUCCESS, logIndex=4405, commits[6571ba41-d309-4d1d-a321-129a77bf1602:c4405, 75e8c5ea-f06a-43e1-af6e-1f7f9b0b2cc1:c4403, 1d8d2908-dfb4-4358-9c6e-64b435d6fccc:c4403]
2019-07-03 07:08:31,091 INFO  client.GrpcClientProtocolClient (GrpcClientProtocolClient.java:onNext(254)) - client-253D2503C21A->6571ba41-d309-4d1d-a321-129a77bf1602: receive RaftClientReply:client-253D2503C21A->6571ba41-d309-4d1d-a321-129a77bf1602@group-6D4C5FD51127, cid=2881, SUCCESS, logIndex=4407, commits[6571ba41-d309-4d1d-a321-129a77bf1602:c4407, 75e8c5ea-f06a-43e1-af6e-1f7f9b0b2cc1:c4405, 1d8d2908-dfb4-4358-9c6e-64b435d6fccc:c4405]
2019-07-03 07:08:31,095 INFO  client.GrpcClientProtocolClient (GrpcClientProtocolClient.java:onNext(254)) - client-253D2503C21A->6571ba41-d309-4d1d-a321-129a77bf1602: receive RaftClientReply:client-253D2503C21A->6571ba41-d309-4d1d-a321-129a77bf1602@group-6D4C5FD51127, cid=2882, SUCCESS, logIndex=4409, commits[6571ba41-d309-4d1d-a321-129a77bf1602:c4409, 75e8c5ea-f06a-43e1-af6e-1f7f9b0b2cc1:c4407, 1d8d2908-dfb4-4358-9c6e-64b435d6fccc:c4407]
2019-07-03 07:08:31,097 INFO  client.GrpcClientProtocolClient (GrpcClientProtocolClient.java:onNext(254)) - client-253D2503C21A->6571ba41-d309-4d1d-a321-129a77bf1602: receive RaftClientReply:client-253D2503C21A->6571ba41-d309-4d1d-a321-129a77bf1602@group-6D4C5FD51127, cid=2883, SUCCESS, logIndex=0, commits[6571ba41-d309-4d1d-a321-129a77bf1602:c4409, 75e8c5ea-f06a-43e1-af6e-1f7f9b0b2cc1:c4409, 1d8d2908-dfb4-4358-9c6e-64b435d6fccc:c4409]
2019-07-03 07:08:31,143 INFO  client.GrpcClientProtocolClient (GrpcClientProtocolClient.java:onNext(254)) - client-253D2503C21A->6571ba41-d309-4d1d-a321-129a77bf1602: receive RaftClientReply:client-253D2503C21A->6571ba41-d309-4d1d-a321-129a77bf1602@group-6D4C5FD51127, cid=2884, SUCCESS, logIndex=4411, commits[6571ba41-d309-4d1d-a321-129a77bf1602:c4411, 75e8c5ea-f06a-43e1-af6e-1f7f9b0b2cc1:c4410, 1d8d2908-dfb4-4358-9c6e-64b435d6fccc:c4410]
2019-07-03 07:08:31,155 INFO  client.GrpcClientProtocolClient (GrpcClientProtocolClient.java:onNext(254)) - client-253D2503C21A->6571ba41-d309-4d1d-a321-129a77bf1602: receive RaftClientReply:client-253D2503C21A->6571ba41-d309-4d1d-a321-129a77bf1602@group-6D4C5FD51127, cid=2885, SUCCESS, logIndex=4413, commits[6571ba41-d309-4d1d-a321-129a77bf1602:c4414, 75e8c5ea-f06a-43e1-af6e-1f7f9b0b2cc1:c4411, 1d8d2908-dfb4-4358-9c6e-64b435d6fccc:c4411]
2019-07-03 07:08:31,156 INFO  client.GrpcClientProtocolClient (GrpcClientProtocolClient.java:onNext(254)) - client-253D2503C21A->6571ba41-d309-4d1d-a321-129a77bf1602: receive RaftClientReply:client-253D2503C21A->6571ba41-d309-4d1d-a321-129a77bf1602@group-6D4C5FD51127, cid=2886, SUCCESS, logIndex=4414, commits[6571ba41-d309-4d1d-a321-129a77bf1602:c4414, 75e8c5ea-f06a-43e1-af6e-1f7f9b0b2cc1:c4411, 1d8d2908-dfb4-4358-9c6e-64b435d6fccc:c4411]
2019-07-03 07:08:31,156 INFO  client.GrpcClientProtocolClient (GrpcClientProtocolClient.java:onNext(254)) - client-253D2503C21A->6571ba41-d309-4d1d-a321-129a77bf1602: receive RaftClientReply:client-253D2503C21A->6571ba41-d309-4d1d-a321-129a77bf1602@group-6D4C5FD51127, cid=2887, SUCCESS, logIndex=4415, commits[6571ba41-d309-4d1d-a321-129a77bf1602:c4416, 75e8c5ea-f06a-43e1-af6e-1f7f9b0b2cc1:c4411, 1d8d2908-dfb4-4358-9c6e-64b435d6fccc:c4413]
2019-07-03 07:08:31,158 INFO  client.GrpcClientProtocolClient (GrpcClientProtocolClient.java:onNext(254)) - client-253D2503C21A->6571ba41-d309-4d1d-a321-129a77bf1602: receive RaftClientReply:client-253D2503C21A->6571ba41-d309-4d1d-a321-129a77bf1602@group-6D4C5FD51127, cid=2888, SUCCESS, logIndex=0, commits[6571ba41-d309-4d1d-a321-129a77bf1602:c4417, 75e8c5ea-f06a-43e1-af6e-1f7f9b0b2cc1:c4414, 1d8d2908-dfb4-4358-9c6e-64b435d6fccc:c4414]
2019-07-03 07:08:31,176 INFO  client.GrpcClientProtocolClient (GrpcClientProtocolClient.java:onNext(254)) - client-253D2503C21A->6571ba41-d309-4d1d-a321-129a77bf1602: receive RaftClientReply:client-253D2503C21A->6571ba41-d309-4d1d-a321-129a77bf1602@group-6D4C5FD51127, cid=2889, SUCCESS, logIndex=4419, commits[6571ba41-d309-4d1d-a321-129a77bf1602:c4419, 75e8c5ea-f06a-43e1-af6e-1f7f9b0b2cc1:c4418, 1d8d2908-dfb4-4358-9c6e-64b435d6fccc:c4418]
2019-07-03 07:08:31,189 INFO  client.GrpcClientProtocolClient (GrpcClientProtocolClient.java:onNext(254)) - client-253D2503C21A->6571ba41-d309-4d1d-a321-129a77bf1602: receive RaftClientReply:client-253D2503C21A->6571ba41-d309-4d1d-a321-129a77bf1602@group-6D4C5FD51127, cid=2890, SUCCESS, logIndex=4421, commits[6571ba41-d309-4d1d-a321-129a77bf1602:c4421, 75e8c5ea-f06a-43e1-af6e-1f7f9b0b2cc1:c4419, 1d8d2908-dfb4-4358-9c6e-64b435d6fccc:c4419]
2019-07-03 07:08:31,203 INFO  client.GrpcClientProtocolClient (GrpcClientProtocolClient.java:onNext(254)) - client-253D2503C21A->6571ba41-d309-4d1d-a321-129a77bf1602: receive RaftClientReply:client-253D2503C21A->6571ba41-d309-4d1d-a321-129a77bf1602@group-6D4C5FD51127, cid=2891, SUCCESS, logIndex=4423, commits[6571ba41-d309-4d1d-a321-129a77bf1602:c4423, 75e8c5ea-f06a-43e1-af6e-1f7f9b0b2cc1:c4421, 1d8d2908-dfb4-4358-9c6e-64b435d6fccc:c4421]
2019-07-03 07:08:31,216 INFO  client.GrpcClientProtocolClient (GrpcClientProtocolClient.java:onNext(254)) - client-253D2503C21A->6571ba41-d309-4d1d-a321-129a77bf1602: receive RaftClientReply:client-253D2503C21A->6571ba41-d309-4d1d-a321-129a77bf1602@group-6D4C5FD51127, cid=2892, SUCCESS, logIndex=4425, commits[6571ba41-d309-4d1d-a321-129a77bf1602:c4425, 75e8c5ea-f06a-43e1-af6e-1f7f9b0b2cc1:c4423, 1d8d2908-dfb4-4358-9c6e-64b435d6fccc:c4423]
2019-07-03 07:08:31,228 INFO  client.GrpcClientProtocolClient (GrpcClientProtocolClient.java:onNext(254)) - client-253D2503C21A->6571ba41-d309-4d1d-a321-129a77bf1602: receive RaftClientReply:client-253D2503C21A->6571ba41-d309-4d1d-a321-129a77bf1602@group-6D4C5FD51127, cid=2893, SUCCESS, logIndex=0, commits[6571ba41-d309-4d1d-a321-129a77bf1602:c4426, 75e8c5ea-f06a-43e1-af6e-1f7f9b0b2cc1:c4425, 1d8d2908-dfb4-4358-9c6e-64b435d6fccc:c4425]
2019-07-03 07:08:31,591 INFO  client.GrpcClientProtocolClient (GrpcClientProtocolClient.java:onNext(254)) - client-253D2503C21A->6571ba41-d309-4d1d-a321-129a77bf1602: receive RaftClientReply:client-253D2503C21A->6571ba41-d309-4d1d-a321-129a77bf1602@group-6D4C5FD51127, cid=2894, SUCCESS, logIndex=4427, commits[6571ba41-d309-4d1d-a321-129a77bf1602:c4427, 75e8c5ea-f06a-43e1-af6e-1f7f9b0b2cc1:c4426, 1d8d2908-dfb4-4358-9c6e-64b435d6fccc:c4426]
 0.00% |█                                                                                                    |  0/1 Time: 0:00:39 0.00% |█                                                                                                    |  0/1 Time: 0:00:402019-07-03 07:08:33,436 INFO  client.GrpcClientProtocolClient (GrpcClientProtocolClient.java:onNext(254)) - client-253D2503C21A->6571ba41-d309-4d1d-a321-129a77bf1602: receive RaftClientReply:client-253D2503C21A->6571ba41-d309-4d1d-a321-129a77bf1602@group-6D4C5FD51127, cid=2895, SUCCESS, logIndex=4429, commits[6571ba41-d309-4d1d-a321-129a77bf1602:c4431, 75e8c5ea-f06a-43e1-af6e-1f7f9b0b2cc1:c4428, 1d8d2908-dfb4-4358-9c6e-64b435d6fccc:c4428]
2019-07-03 07:08:33,438 INFO  client.GrpcClientProtocolClient (GrpcClientProtocolClient.java:onNext(254)) - client-253D2503C21A->6571ba41-d309-4d1d-a321-129a77bf1602: receive RaftClientReply:client-253D2503C21A->6571ba41-d309-4d1d-a321-129a77bf1602@group-6D4C5FD51127, cid=2896, SUCCESS, logIndex=4430, commits[6571ba41-d309-4d1d-a321-129a77bf1602:c4431, 75e8c5ea-f06a-43e1-af6e-1f7f9b0b2cc1:c4428, 1d8d2908-dfb4-4358-9c6e-64b435d6fccc:c4428]
2019-07-03 07:08:33,438 INFO  client.GrpcClientProtocolClient (GrpcClientProtocolClient.java:onNext(254)) - client-253D2503C21A->6571ba41-d309-4d1d-a321-129a77bf1602: receive RaftClientReply:client-253D2503C21A->6571ba41-d309-4d1d-a321-129a77bf1602@group-6D4C5FD51127, cid=2897, SUCCESS, logIndex=4431, commits[6571ba41-d309-4d1d-a321-129a77bf1602:c4431, 75e8c5ea-f06a-43e1-af6e-1f7f9b0b2cc1:c4428, 1d8d2908-dfb4-4358-9c6e-64b435d6fccc:c4428]
2019-07-03 07:08:33,774 INFO  client.GrpcClientProtocolClient (GrpcClientProtocolClient.java:onNext(254)) - client-253D2503C21A->6571ba41-d309-4d1d-a321-129a77bf1602: receive RaftClientReply:client-253D2503C21A->6571ba41-d309-4d1d-a321-129a77bf1602@group-6D4C5FD51127, cid=2898, SUCCESS, logIndex=0, commits[6571ba41-d309-4d1d-a321-129a77bf1602:c4433, 75e8c5ea-f06a-43e1-af6e-1f7f9b0b2cc1:c4431, 1d8d2908-dfb4-4358-9c6e-64b435d6fccc:c4431]
 0.00% |█                                                                                                    |  0/1 Time: 0:00:41 0.00% |█                                                                                                    |  0/1 Time: 0:00:422019-07-03 07:08:35,800 INFO  client.GrpcClientProtocolClient (GrpcClientProtocolClient.java:onNext(254)) - client-253D2503C21A->6571ba41-d309-4d1d-a321-129a77bf1602: receive RaftClientReply:client-253D2503C21A->6571ba41-d309-4d1d-a321-129a77bf1602@group-6D4C5FD51127, cid=2899, SUCCESS, logIndex=4435, commits[6571ba41-d309-4d1d-a321-129a77bf1602:c4435, 75e8c5ea-f06a-43e1-af6e-1f7f9b0b2cc1:c4433, 1d8d2908-dfb4-4358-9c6e-64b435d6fccc:c4434]
 0.00% |█                                                                                                    |  0/1 Time: 0:00:432019-07-03 07:08:36,789 WARN  server.GrpcLogAppender (GrpcLogAppender.java:timeoutAppendRequest(199)) - GrpcLogAppender(6571ba41-d309-4d1d-a321-129a77bf1602 -> 75e8c5ea-f06a-43e1-af6e-1f7f9b0b2cc1): appendEntries Timeout, request=6571ba41-d309-4d1d-a321-129a77bf1602->75e8c5ea-f06a-43e1-af6e-1f7f9b0b2cc1#4469-t1, previous=(t:1, i:4434), leaderCommit=4433, initializing? false, entries: size=1, first=(t:1, i:4435), STATEMACHINELOGENTRY, client-253D2503C21A, cid=2899
 0.00% |█                                                                                                    |  0/1 Time: 0:00:442019-07-03 07:08:37,283 WARN  server.GrpcLogAppender (GrpcLogAppender.java:timeoutAppendRequest(199)) - GrpcLogAppender(6571ba41-d309-4d1d-a321-129a77bf1602 -> 75e8c5ea-f06a-43e1-af6e-1f7f9b0b2cc1): appendEntries Timeout, request=6571ba41-d309-4d1d-a321-129a77bf1602->75e8c5ea-f06a-43e1-af6e-1f7f9b0b2cc1#4470-t1, previous=(t:1, i:4435), leaderCommit=4433, initializing? false, entries: <empty>
2019-07-03 07:08:37,783 WARN  server.GrpcLogAppender (GrpcLogAppender.java:timeoutAppendRequest(199)) - GrpcLogAppender(6571ba41-d309-4d1d-a321-129a77bf1602 -> 75e8c5ea-f06a-43e1-af6e-1f7f9b0b2cc1): appendEntries Timeout, request=6571ba41-d309-4d1d-a321-129a77bf1602->75e8c5ea-f06a-43e1-af6e-1f7f9b0b2cc1#4471-t1, previous=(t:1, i:4435), leaderCommit=4434, initializing? false, entries: <empty>
2019-07-03 07:08:37,811 INFO  client.GrpcClientProtocolClient (GrpcClientProtocolClient.java:onNext(254)) - client-253D2503C21A->75e8c5ea-f06a-43e1-af6e-1f7f9b0b2cc1: receive RaftClientReply:client-253D2503C21A->75e8c5ea-f06a-43e1-af6e-1f7f9b0b2cc1@group-6D4C5FD51127, cid=2900, FAILED org.apache.ratis.protocol.NotLeaderException: Server 75e8c5ea-f06a-43e1-af6e-1f7f9b0b2cc1 is not the leader (6571ba41-d309-4d1d-a321-129a77bf1602:192.168.69.120:46345). Request must be sent to leader., logIndex=0, commits[75e8c5ea-f06a-43e1-af6e-1f7f9b0b2cc1:c4434, 6571ba41-d309-4d1d-a321-129a77bf1602:c4435, 1d8d2908-dfb4-4358-9c6e-64b435d6fccc:c4434]
2019-07-03 07:08:37,818 WARN  client.GrpcClientProtocolService (LogUtils.java:warn(134)) - 4-OrderedRequestStreamObserver4: onError: org.apache.ratis.thirdparty.io.grpc.StatusRuntimeException: CANCELLED: cancelled before receiving half close
 0.00% |█                                                                                                    |  0/1 Time: 0:00:452019-07-03 07:08:38,210 WARN  server.GrpcLogAppender (GrpcLogAppender.java:onSuccess(291)) - GrpcLogAppender(6571ba41-d309-4d1d-a321-129a77bf1602 -> 75e8c5ea-f06a-43e1-af6e-1f7f9b0b2cc1): Request not found, ignoring reply: 6571ba41-d309-4d1d-a321-129a77bf1602->75e8c5ea-f06a-43e1-af6e-1f7f9b0b2cc1,true,SUCCESS,nextIndex:4436,term:1,followerCommit:4434
2019-07-03 07:08:38,213 WARN  server.GrpcLogAppender (GrpcLogAppender.java:onSuccess(291)) - GrpcLogAppender(6571ba41-d309-4d1d-a321-129a77bf1602 -> 75e8c5ea-f06a-43e1-af6e-1f7f9b0b2cc1): Request not found, ignoring reply: 6571ba41-d309-4d1d-a321-129a77bf1602->75e8c5ea-f06a-43e1-af6e-1f7f9b0b2cc1,true,SUCCESS,nextIndex:4436,term:1,followerCommit:4433
2019-07-03 07:08:38,213 WARN  server.GrpcLogAppender (GrpcLogAppender.java:onSuccess(291)) - GrpcLogAppender(6571ba41-d309-4d1d-a321-129a77bf1602 -> 75e8c5ea-f06a-43e1-af6e-1f7f9b0b2cc1): Request not found, ignoring reply: 6571ba41-d309-4d1d-a321-129a77bf1602->75e8c5ea-f06a-43e1-af6e-1f7f9b0b2cc1,true,SUCCESS,nextIndex:4436,term:1,followerCommit:4433
2019-07-03 07:08:38,827 INFO  client.GrpcClientProtocolClient (GrpcClientProtocolClient.java:onNext(254)) - client-253D2503C21A->6571ba41-d309-4d1d-a321-129a77bf1602: receive RaftClientReply:client-253D2503C21A->6571ba41-d309-4d1d-a321-129a77bf1602@group-6D4C5FD51127, cid=2900, SUCCESS, logIndex=4437, commits[6571ba41-d309-4d1d-a321-129a77bf1602:c4437, 75e8c5ea-f06a-43e1-af6e-1f7f9b0b2cc1:c4435, 1d8d2908-dfb4-4358-9c6e-64b435d6fccc:c4435]
 0.00% |█                                                                                                    |  0/1 Time: 0:00:462019-07-03 07:08:39,011 INFO  client.GrpcClientProtocolClient (GrpcClientProtocolClient.java:onNext(254)) - client-253D2503C21A->6571ba41-d309-4d1d-a321-129a77bf1602: receive RaftClientReply:client-253D2503C21A->6571ba41-d309-4d1d-a321-129a77bf1602@group-6D4C5FD51127, cid=2901, SUCCESS, logIndex=4439, commits[6571ba41-d309-4d1d-a321-129a77bf1602:c4439, 75e8c5ea-f06a-43e1-af6e-1f7f9b0b2cc1:c4437, 1d8d2908-dfb4-4358-9c6e-64b435d6fccc:c4437]
2019-07-03 07:08:39,029 INFO  client.GrpcClientProtocolClient (GrpcClientProtocolClient.java:onNext(254)) - client-253D2503C21A->6571ba41-d309-4d1d-a321-129a77bf1602: receive RaftClientReply:client-253D2503C21A->6571ba41-d309-4d1d-a321-129a77bf1602@group-6D4C5FD51127, cid=2902, SUCCESS, logIndex=4441, commits[6571ba41-d309-4d1d-a321-129a77bf1602:c4441, 75e8c5ea-f06a-43e1-af6e-1f7f9b0b2cc1:c4439, 1d8d2908-dfb4-4358-9c6e-64b435d6fccc:c4439]
2019-07-03 07:08:39,047 INFO  client.GrpcClientProtocolClient (GrpcClientProtocolClient.java:onNext(254)) - client-253D2503C21A->6571ba41-d309-4d1d-a321-129a77bf1602: receive RaftClientReply:client-253D2503C21A->6571ba41-d309-4d1d-a321-129a77bf1602@group-6D4C5FD51127, cid=2903, SUCCESS, logIndex=0, commits[6571ba41-d309-4d1d-a321-129a77bf1602:c4442, 75e8c5ea-f06a-43e1-af6e-1f7f9b0b2cc1:c4441, 1d8d2908-dfb4-4358-9c6e-64b435d6fccc:c4441]
2019-07-03 07:08:39,087 INFO  client.GrpcClientProtocolClient (GrpcClientProtocolClient.java:onNext(254)) - client-253D2503C21A->6571ba41-d309-4d1d-a321-129a77bf1602: receive RaftClientReply:client-253D2503C21A->6571ba41-d309-4d1d-a321-129a77bf1602@group-6D4C5FD51127, cid=2904, SUCCESS, logIndex=4443, commits[6571ba41-d309-4d1d-a321-129a77bf1602:c4443, 75e8c5ea-f06a-43e1-af6e-1f7f9b0b2cc1:c4442, 1d8d2908-dfb4-4358-9c6e-64b435d6fccc:c4442]
2019-07-03 07:08:39,093 INFO  client.GrpcClientProtocolClient (GrpcClientProtocolClient.java:onNext(254)) - client-253D2503C21A->6571ba41-d309-4d1d-a321-129a77bf1602: receive RaftClientReply:client-253D2503C21A->6571ba41-d309-4d1d-a321-129a77bf1602@group-6D4C5FD51127, cid=2905, SUCCESS, logIndex=4445, commits[6571ba41-d309-4d1d-a321-129a77bf1602:c4445, 75e8c5ea-f06a-43e1-af6e-1f7f9b0b2cc1:c4443, 1d8d2908-dfb4-4358-9c6e-64b435d6fccc:c4443]
2019-07-03 07:08:39,094 INFO  client.GrpcClientProtocolClient (GrpcClientProtocolClient.java:onNext(254)) - client-253D2503C21A->6571ba41-d309-4d1d-a321-129a77bf1602: receive RaftClientReply:client-253D2503C21A->6571ba41-d309-4d1d-a321-129a77bf1602@group-6D4C5FD51127, cid=2906, SUCCESS, logIndex=4446, commits[6571ba41-d309-4d1d-a321-129a77bf1602:c4446, 75e8c5ea-f06a-43e1-af6e-1f7f9b0b2cc1:c4443, 1d8d2908-dfb4-4358-9c6e-64b435d6fccc:c4443]
2019-07-03 07:08:39,094 INFO  client.GrpcClientProtocolClient (GrpcClientProtocolClient.java:onNext(254)) - client-253D2503C21A->6571ba41-d309-4d1d-a321-129a77bf1602: receive RaftClientReply:client-253D2503C21A->6571ba41-d309-4d1d-a321-129a77bf1602@group-6D4C5FD51127, cid=2907, SUCCESS, logIndex=4447, commits[6571ba41-d309-4d1d-a321-129a77bf1602:c4447, 75e8c5ea-f06a-43e1-af6e-1f7f9b0b2cc1:c4443, 1d8d2908-dfb4-4358-9c6e-64b435d6fccc:c4443]
2019-07-03 07:08:39,101 INFO  client.GrpcClientProtocolClient (GrpcClientProtocolClient.java:onNext(254)) - client-253D2503C21A->6571ba41-d309-4d1d-a321-129a77bf1602: receive RaftClientReply:client-253D2503C21A->6571ba41-d309-4d1d-a321-129a77bf1602@group-6D4C5FD51127, cid=2908, SUCCESS, logIndex=0, commits[6571ba41-d309-4d1d-a321-129a77bf1602:c4448, 75e8c5ea-f06a-43e1-af6e-1f7f9b0b2cc1:c4445, 1d8d2908-dfb4-4358-9c6e-64b435d6fccc:c4446]
2019-07-03 07:08:39,152 INFO  client.GrpcClientProtocolClient (GrpcClientProtocolClient.java:onNext(254)) - client-253D2503C21A->6571ba41-d309-4d1d-a321-129a77bf1602: receive RaftClientReply:client-253D2503C21A->6571ba41-d309-4d1d-a321-129a77bf1602@group-6D4C5FD51127, cid=2909, SUCCESS, logIndex=4451, commits[6571ba41-d309-4d1d-a321-129a77bf1602:c4451, 75e8c5ea-f06a-43e1-af6e-1f7f9b0b2cc1:c4450, 1d8d2908-dfb4-4358-9c6e-64b435d6fccc:c4450]
2019-07-03 07:08:39,172 INFO  client.GrpcClientProtocolClient (GrpcClientProtocolClient.java:onNext(254)) - client-253D2503C21A->6571ba41-d309-4d1d-a321-129a77bf1602: receive RaftClientReply:client-253D2503C21A->6571ba41-d309-4d1d-a321-129a77bf1602@group-6D4C5FD51127, cid=2910, SUCCESS, logIndex=4453, commits[6571ba41-d309-4d1d-a321-129a77bf1602:c4453, 75e8c5ea-f06a-43e1-af6e-1f7f9b0b2cc1:c4451, 1d8d2908-dfb4-4358-9c6e-64b435d6fccc:c4451]
2019-07-03 07:08:39,185 INFO  storage.RaftLogWorker (RaftLogWorker.java:rollLogSegment(303)) - 6571ba41-d309-4d1d-a321-129a77bf1602-RaftLogWorker: Rolling segment log-4377_4456 to index:4456
2019-07-03 07:08:39,185 INFO  client.GrpcClientProtocolClient (GrpcClientProtocolClient.java:onNext(254)) - client-253D2503C21A->6571ba41-d309-4d1d-a321-129a77bf1602: receive RaftClientReply:client-253D2503C21A->6571ba41-d309-4d1d-a321-129a77bf1602@group-6D4C5FD51127, cid=2911, SUCCESS, logIndex=4455, commits[6571ba41-d309-4d1d-a321-129a77bf1602:c4455, 75e8c5ea-f06a-43e1-af6e-1f7f9b0b2cc1:c4453, 1d8d2908-dfb4-4358-9c6e-64b435d6fccc:c4453]
2019-07-03 07:08:39,186 INFO  storage.RaftLogWorker (RaftLogWorker.java:rollLogSegment(303)) - 1d8d2908-dfb4-4358-9c6e-64b435d6fccc-RaftLogWorker: Rolling segment log-4377_4456 to index:4456
2019-07-03 07:08:39,186 INFO  storage.RaftLogWorker (RaftLogWorker.java:rollLogSegment(303)) - 75e8c5ea-f06a-43e1-af6e-1f7f9b0b2cc1-RaftLogWorker: Rolling segment log-4377_4456 to index:4456
2019-07-03 07:08:39,197 INFO  storage.RaftLogWorker (RaftLogWorker.java:execute(433)) - 6571ba41-d309-4d1d-a321-129a77bf1602-RaftLogWorker: Rolled log segment from /opt/src/hadoop-ozone/tools/target/test-dir/MiniOzoneClusterImpl-0519545d-318d-4c21-a2a0-688f18f8a31d/datanode-4/data/ratis/23ffc2a4-5526-4092-9dc4-6d4c5fd51127/current/log_inprogress_4377 to /opt/src/hadoop-ozone/tools/target/test-dir/MiniOzoneClusterImpl-0519545d-318d-4c21-a2a0-688f18f8a31d/datanode-4/data/ratis/23ffc2a4-5526-4092-9dc4-6d4c5fd51127/current/log_4377-4456
2019-07-03 07:08:39,198 INFO  storage.RaftLogWorker (RaftLogWorker.java:execute(433)) - 75e8c5ea-f06a-43e1-af6e-1f7f9b0b2cc1-RaftLogWorker: Rolled log segment from /opt/src/hadoop-ozone/tools/target/test-dir/MiniOzoneClusterImpl-0519545d-318d-4c21-a2a0-688f18f8a31d/datanode-1/data/ratis/23ffc2a4-5526-4092-9dc4-6d4c5fd51127/current/log_inprogress_4377 to /opt/src/hadoop-ozone/tools/target/test-dir/MiniOzoneClusterImpl-0519545d-318d-4c21-a2a0-688f18f8a31d/datanode-1/data/ratis/23ffc2a4-5526-4092-9dc4-6d4c5fd51127/current/log_4377-4456
2019-07-03 07:08:39,198 INFO  storage.RaftLogWorker (RaftLogWorker.java:execute(433)) - 1d8d2908-dfb4-4358-9c6e-64b435d6fccc-RaftLogWorker: Rolled log segment from /opt/src/hadoop-ozone/tools/target/test-dir/MiniOzoneClusterImpl-0519545d-318d-4c21-a2a0-688f18f8a31d/datanode-2/data/ratis/23ffc2a4-5526-4092-9dc4-6d4c5fd51127/current/log_inprogress_4377 to /opt/src/hadoop-ozone/tools/target/test-dir/MiniOzoneClusterImpl-0519545d-318d-4c21-a2a0-688f18f8a31d/datanode-2/data/ratis/23ffc2a4-5526-4092-9dc4-6d4c5fd51127/current/log_4377-4456
2019-07-03 07:08:39,234 INFO  storage.RaftLogWorker (RaftLogWorker.java:execute(469)) - 1d8d2908-dfb4-4358-9c6e-64b435d6fccc-RaftLogWorker: created new log segment /opt/src/hadoop-ozone/tools/target/test-dir/MiniOzoneClusterImpl-0519545d-318d-4c21-a2a0-688f18f8a31d/datanode-2/data/ratis/23ffc2a4-5526-4092-9dc4-6d4c5fd51127/current/log_inprogress_4457
2019-07-03 07:08:39,234 INFO  storage.RaftLogWorker (RaftLogWorker.java:execute(469)) - 6571ba41-d309-4d1d-a321-129a77bf1602-RaftLogWorker: created new log segment /opt/src/hadoop-ozone/tools/target/test-dir/MiniOzoneClusterImpl-0519545d-318d-4c21-a2a0-688f18f8a31d/datanode-4/data/ratis/23ffc2a4-5526-4092-9dc4-6d4c5fd51127/current/log_inprogress_4457
2019-07-03 07:08:39,234 INFO  storage.RaftLogWorker (RaftLogWorker.java:execute(469)) - 75e8c5ea-f06a-43e1-af6e-1f7f9b0b2cc1-RaftLogWorker: created new log segment /opt/src/hadoop-ozone/tools/target/test-dir/MiniOzoneClusterImpl-0519545d-318d-4c21-a2a0-688f18f8a31d/datanode-1/data/ratis/23ffc2a4-5526-4092-9dc4-6d4c5fd51127/current/log_inprogress_4457
2019-07-03 07:08:39,236 INFO  client.GrpcClientProtocolClient (GrpcClientProtocolClient.java:onNext(254)) - client-253D2503C21A->6571ba41-d309-4d1d-a321-129a77bf1602: receive RaftClientReply:client-253D2503C21A->6571ba41-d309-4d1d-a321-129a77bf1602@group-6D4C5FD51127, cid=2912, SUCCESS, logIndex=4457, commits[6571ba41-d309-4d1d-a321-129a77bf1602:c4457, 75e8c5ea-f06a-43e1-af6e-1f7f9b0b2cc1:c4455, 1d8d2908-dfb4-4358-9c6e-64b435d6fccc:c4455]
2019-07-03 07:08:39,239 INFO  client.GrpcClientProtocolClient (GrpcClientProtocolClient.java:onNext(254)) - client-253D2503C21A->6571ba41-d309-4d1d-a321-129a77bf1602: receive RaftClientReply:client-253D2503C21A->6571ba41-d309-4d1d-a321-129a77bf1602@group-6D4C5FD51127, cid=2913, SUCCESS, logIndex=0, commits[6571ba41-d309-4d1d-a321-129a77bf1602:c4458, 75e8c5ea-f06a-43e1-af6e-1f7f9b0b2cc1:c4457, 1d8d2908-dfb4-4358-9c6e-64b435d6fccc:c4457]
2019-07-03 07:08:39,268 INFO  client.GrpcClientProtocolClient (GrpcClientProtocolClient.java:onNext(254)) - client-253D2503C21A->6571ba41-d309-4d1d-a321-129a77bf1602: receive RaftClientReply:client-253D2503C21A->6571ba41-d309-4d1d-a321-129a77bf1602@group-6D4C5FD51127, cid=2914, SUCCESS, logIndex=4459, commits[6571ba41-d309-4d1d-a321-129a77bf1602:c4459, 75e8c5ea-f06a-43e1-af6e-1f7f9b0b2cc1:c4458, 1d8d2908-dfb4-4358-9c6e-64b435d6fccc:c4458]
2019-07-03 07:08:39,286 INFO  client.GrpcClientProtocolClient (GrpcClientProtocolClient.java:onNext(254)) - client-253D2503C21A->6571ba41-d309-4d1d-a321-129a77bf1602: receive RaftClientReply:client-253D2503C21A->6571ba41-d309-4d1d-a321-129a77bf1602@group-6D4C5FD51127, cid=2915, SUCCESS, logIndex=4461, commits[6571ba41-d309-4d1d-a321-129a77bf1602:c4463, 75e8c5ea-f06a-43e1-af6e-1f7f9b0b2cc1:c4459, 1d8d2908-dfb4-4358-9c6e-64b435d6fccc:c4459]
2019-07-03 07:08:39,287 INFO  client.GrpcClientProtocolClient (GrpcClientProtocolClient.java:onNext(254)) - client-253D2503C21A->6571ba41-d309-4d1d-a321-129a77bf1602: receive RaftClientReply:client-253D2503C21A->6571ba41-d309-4d1d-a321-129a77bf1602@group-6D4C5FD51127, cid=2916, SUCCESS, logIndex=4462, commits[6571ba41-d309-4d1d-a321-129a77bf1602:c4463, 75e8c5ea-f06a-43e1-af6e-1f7f9b0b2cc1:c4459, 1d8d2908-dfb4-4358-9c6e-64b435d6fccc:c4459]
2019-07-03 07:08:39,287 INFO  client.GrpcClientProtocolClient (GrpcClientProtocolClient.java:onNext(254)) - client-253D2503C21A->6571ba41-d309-4d1d-a321-129a77bf1602: receive RaftClientReply:client-253D2503C21A->6571ba41-d309-4d1d-a321-129a77bf1602@group-6D4C5FD51127, cid=2917, SUCCESS, logIndex=4463, commits[6571ba41-d309-4d1d-a321-129a77bf1602:c4463, 75e8c5ea-f06a-43e1-af6e-1f7f9b0b2cc1:c4459, 1d8d2908-dfb4-4358-9c6e-64b435d6fccc:c4459]
2019-07-03 07:08:39,289 INFO  client.GrpcClientProtocolClient (GrpcClientProtocolClient.java:onNext(254)) - client-253D2503C21A->6571ba41-d309-4d1d-a321-129a77bf1602: receive RaftClientReply:client-253D2503C21A->6571ba41-d309-4d1d-a321-129a77bf1602@group-6D4C5FD51127, cid=2918, SUCCESS, logIndex=0, commits[6571ba41-d309-4d1d-a321-129a77bf1602:c4464, 75e8c5ea-f06a-43e1-af6e-1f7f9b0b2cc1:c4462, 1d8d2908-dfb4-4358-9c6e-64b435d6fccc:c4463]
2019-07-03 07:08:39,305 INFO  client.GrpcClientProtocolClient (GrpcClientProtocolClient.java:onNext(254)) - client-253D2503C21A->6571ba41-d309-4d1d-a321-129a77bf1602: receive RaftClientReply:client-253D2503C21A->6571ba41-d309-4d1d-a321-129a77bf1602@group-6D4C5FD51127, cid=2919, SUCCESS, logIndex=4467, commits[6571ba41-d309-4d1d-a321-129a77bf1602:c4467, 75e8c5ea-f06a-43e1-af6e-1f7f9b0b2cc1:c4466, 1d8d2908-dfb4-4358-9c6e-64b435d6fccc:c4466]
2019-07-03 07:08:39,319 INFO  client.GrpcClientProtocolClient (GrpcClientProtocolClient.java:onNext(254)) - client-253D2503C21A->6571ba41-d309-4d1d-a321-129a77bf1602: receive RaftClientReply:client-253D2503C21A->6571ba41-d309-4d1d-a321-129a77bf1602@group-6D4C5FD51127, cid=2920, SUCCESS, logIndex=4469, commits[6571ba41-d309-4d1d-a321-129a77bf1602:c4469, 75e8c5ea-f06a-43e1-af6e-1f7f9b0b2cc1:c4467, 1d8d2908-dfb4-4358-9c6e-64b435d6fccc:c4467]
2019-07-03 07:08:39,332 INFO  client.GrpcClientProtocolClient (GrpcClientProtocolClient.java:onNext(254)) - client-253D2503C21A->6571ba41-d309-4d1d-a321-129a77bf1602: receive RaftClientReply:client-253D2503C21A->6571ba41-d309-4d1d-a321-129a77bf1602@group-6D4C5FD51127, cid=2921, SUCCESS, logIndex=4471, commits[6571ba41-d309-4d1d-a321-129a77bf1602:c4471, 75e8c5ea-f06a-43e1-af6e-1f7f9b0b2cc1:c4469, 1d8d2908-dfb4-4358-9c6e-64b435d6fccc:c4469]
2019-07-03 07:08:39,349 INFO  client.GrpcClientProtocolClient (GrpcClientProtocolClient.java:onNext(254)) - client-253D2503C21A->6571ba41-d309-4d1d-a321-129a77bf1602: receive RaftClientReply:client-253D2503C21A->6571ba41-d309-4d1d-a321-129a77bf1602@group-6D4C5FD51127, cid=2922, SUCCESS, logIndex=4473, commits[6571ba41-d309-4d1d-a321-129a77bf1602:c4473, 75e8c5ea-f06a-43e1-af6e-1f7f9b0b2cc1:c4471, 1d8d2908-dfb4-4358-9c6e-64b435d6fccc:c4471]
2019-07-03 07:08:39,361 INFO  client.GrpcClientProtocolClient (GrpcClientProtocolClient.java:onNext(254)) - client-253D2503C21A->6571ba41-d309-4d1d-a321-129a77bf1602: receive RaftClientReply:client-253D2503C21A->6571ba41-d309-4d1d-a321-129a77bf1602@group-6D4C5FD51127, cid=2923, SUCCESS, logIndex=0, commits[6571ba41-d309-4d1d-a321-129a77bf1602:c4474, 75e8c5ea-f06a-43e1-af6e-1f7f9b0b2cc1:c4473, 1d8d2908-dfb4-4358-9c6e-64b435d6fccc:c4473]
2019-07-03 07:08:39,384 INFO  client.GrpcClientProtocolClient (GrpcClientProtocolClient.java:onNext(254)) - client-253D2503C21A->6571ba41-d309-4d1d-a321-129a77bf1602: receive RaftClientReply:client-253D2503C21A->6571ba41-d309-4d1d-a321-129a77bf1602@group-6D4C5FD51127, cid=2924, SUCCESS, logIndex=4475, commits[6571ba41-d309-4d1d-a321-129a77bf1602:c4475, 75e8c5ea-f06a-43e1-af6e-1f7f9b0b2cc1:c4474, 1d8d2908-dfb4-4358-9c6e-64b435d6fccc:c4474]
2019-07-03 07:08:39,397 INFO  client.GrpcClientProtocolClient (GrpcClientProtocolClient.java:onNext(254)) - client-253D2503C21A->6571ba41-d309-4d1d-a321-129a77bf1602: receive RaftClientReply:client-253D2503C21A->6571ba41-d309-4d1d-a321-129a77bf1602@group-6D4C5FD51127, cid=2925, SUCCESS, logIndex=4477, commits[6571ba41-d309-4d1d-a321-129a77bf1602:c4478, 75e8c5ea-f06a-43e1-af6e-1f7f9b0b2cc1:c4475, 1d8d2908-dfb4-4358-9c6e-64b435d6fccc:c4475]
2019-07-03 07:08:39,397 INFO  client.GrpcClientProtocolClient (GrpcClientProtocolClient.java:onNext(254)) - client-253D2503C21A->6571ba41-d309-4d1d-a321-129a77bf1602: receive RaftClientReply:client-253D2503C21A->6571ba41-d309-4d1d-a321-129a77bf1602@group-6D4C5FD51127, cid=2926, SUCCESS, logIndex=4478, commits[6571ba41-d309-4d1d-a321-129a77bf1602:c4479, 75e8c5ea-f06a-43e1-af6e-1f7f9b0b2cc1:c4475, 1d8d2908-dfb4-4358-9c6e-64b435d6fccc:c4475]
2019-07-03 07:08:39,398 INFO  client.GrpcClientProtocolClient (GrpcClientProtocolClient.java:onNext(254)) - client-253D2503C21A->6571ba41-d309-4d1d-a321-129a77bf1602: receive RaftClientReply:client-253D2503C21A->6571ba41-d309-4d1d-a321-129a77bf1602@group-6D4C5FD51127, cid=2927, SUCCESS, logIndex=4479, commits[6571ba41-d309-4d1d-a321-129a77bf1602:c4479, 75e8c5ea-f06a-43e1-af6e-1f7f9b0b2cc1:c4475, 1d8d2908-dfb4-4358-9c6e-64b435d6fccc:c4475]
2019-07-03 07:08:39,399 INFO  client.GrpcClientProtocolClient (GrpcClientProtocolClient.java:onNext(254)) - client-253D2503C21A->6571ba41-d309-4d1d-a321-129a77bf1602: receive RaftClientReply:client-253D2503C21A->6571ba41-d309-4d1d-a321-129a77bf1602@group-6D4C5FD51127, cid=2928, SUCCESS, logIndex=0, commits[6571ba41-d309-4d1d-a321-129a77bf1602:c4481, 75e8c5ea-f06a-43e1-af6e-1f7f9b0b2cc1:c4478, 1d8d2908-dfb4-4358-9c6e-64b435d6fccc:c4478]
2019-07-03 07:08:39,421 INFO  client.GrpcClientProtocolClient (GrpcClientProtocolClient.java:onNext(254)) - client-253D2503C21A->6571ba41-d309-4d1d-a321-129a77bf1602: receive RaftClientReply:client-253D2503C21A->6571ba41-d309-4d1d-a321-129a77bf1602@group-6D4C5FD51127, cid=2929, SUCCESS, logIndex=4483, commits[6571ba41-d309-4d1d-a321-129a77bf1602:c4483, 75e8c5ea-f06a-43e1-af6e-1f7f9b0b2cc1:c4482, 1d8d2908-dfb4-4358-9c6e-64b435d6fccc:c4482]
2019-07-03 07:08:39,438 INFO  client.GrpcClientProtocolClient (GrpcClientProtocolClient.java:onNext(254)) - client-253D2503C21A->6571ba41-d309-4d1d-a321-129a77bf1602: receive RaftClientReply:client-253D2503C21A->6571ba41-d309-4d1d-a321-129a77bf1602@group-6D4C5FD51127, cid=2930, SUCCESS, logIndex=4485, commits[6571ba41-d309-4d1d-a321-129a77bf1602:c4485, 75e8c5ea-f06a-43e1-af6e-1f7f9b0b2cc1:c4483, 1d8d2908-dfb4-4358-9c6e-64b435d6fccc:c4483]
2019-07-03 07:08:39,451 INFO  client.GrpcClientProtocolClient (GrpcClientProtocolClient.java:onNext(254)) - client-253D2503C21A->6571ba41-d309-4d1d-a321-129a77bf1602: receive RaftClientReply:client-253D2503C21A->6571ba41-d309-4d1d-a321-129a77bf1602@group-6D4C5FD51127, cid=2931, SUCCESS, logIndex=4487, commits[6571ba41-d309-4d1d-a321-129a77bf1602:c4487, 75e8c5ea-f06a-43e1-af6e-1f7f9b0b2cc1:c4485, 1d8d2908-dfb4-4358-9c6e-64b435d6fccc:c4485]
2019-07-03 07:08:39,464 INFO  client.GrpcClientProtocolClient (GrpcClientProtocolClient.java:onNext(254)) - client-253D2503C21A->6571ba41-d309-4d1d-a321-129a77bf1602: receive RaftClientReply:client-253D2503C21A->6571ba41-d309-4d1d-a321-129a77bf1602@group-6D4C5FD51127, cid=2932, SUCCESS, logIndex=4489, commits[6571ba41-d309-4d1d-a321-129a77bf1602:c4489, 75e8c5ea-f06a-43e1-af6e-1f7f9b0b2cc1:c4487, 1d8d2908-dfb4-4358-9c6e-64b435d6fccc:c4487]
2019-07-03 07:08:39,476 INFO  client.GrpcClientProtocolClient (GrpcClientProtocolClient.java:onNext(254)) - client-253D2503C21A->6571ba41-d309-4d1d-a321-129a77bf1602: receive RaftClientReply:client-253D2503C21A->6571ba41-d309-4d1d-a321-129a77bf1602@group-6D4C5FD51127, cid=2933, SUCCESS, logIndex=0, commits[6571ba41-d309-4d1d-a321-129a77bf1602:c4490, 75e8c5ea-f06a-43e1-af6e-1f7f9b0b2cc1:c4489, 1d8d2908-dfb4-4358-9c6e-64b435d6fccc:c4489]
2019-07-03 07:08:39,502 INFO  client.GrpcClientProtocolClient (GrpcClientProtocolClient.java:onNext(254)) - client-253D2503C21A->6571ba41-d309-4d1d-a321-129a77bf1602: receive RaftClientReply:client-253D2503C21A->6571ba41-d309-4d1d-a321-129a77bf1602@group-6D4C5FD51127, cid=2934, SUCCESS, logIndex=4491, commits[6571ba41-d309-4d1d-a321-129a77bf1602:c4491, 75e8c5ea-f06a-43e1-af6e-1f7f9b0b2cc1:c4490, 1d8d2908-dfb4-4358-9c6e-64b435d6fccc:c4490]
2019-07-03 07:08:39,518 INFO  client.GrpcClientProtocolClient (GrpcClientProtocolClient.java:onNext(254)) - client-253D2503C21A->6571ba41-d309-4d1d-a321-129a77bf1602: receive RaftClientReply:client-253D2503C21A->6571ba41-d309-4d1d-a321-129a77bf1602@group-6D4C5FD51127, cid=2935, SUCCESS, logIndex=4493, commits[6571ba41-d309-4d1d-a321-129a77bf1602:c4494, 75e8c5ea-f06a-43e1-af6e-1f7f9b0b2cc1:c4491, 1d8d2908-dfb4-4358-9c6e-64b435d6fccc:c4491]
2019-07-03 07:08:39,518 INFO  client.GrpcClientProtocolClient (GrpcClientProtocolClient.java:onNext(254)) - client-253D2503C21A->6571ba41-d309-4d1d-a321-129a77bf1602: receive RaftClientReply:client-253D2503C21A->6571ba41-d309-4d1d-a321-129a77bf1602@group-6D4C5FD51127, cid=2936, SUCCESS, logIndex=4494, commits[6571ba41-d309-4d1d-a321-129a77bf1602:c4494, 75e8c5ea-f06a-43e1-af6e-1f7f9b0b2cc1:c4491, 1d8d2908-dfb4-4358-9c6e-64b435d6fccc:c4491]
2019-07-03 07:08:39,519 INFO  client.GrpcClientProtocolClient (GrpcClientProtocolClient.java:onNext(254)) - client-253D2503C21A->6571ba41-d309-4d1d-a321-129a77bf1602: receive RaftClientReply:client-253D2503C21A->6571ba41-d309-4d1d-a321-129a77bf1602@group-6D4C5FD51127, cid=2937, SUCCESS, logIndex=4495, commits[6571ba41-d309-4d1d-a321-129a77bf1602:c4496, 75e8c5ea-f06a-43e1-af6e-1f7f9b0b2cc1:c4493, 1d8d2908-dfb4-4358-9c6e-64b435d6fccc:c4491]
2019-07-03 07:08:39,520 INFO  client.GrpcClientProtocolClient (GrpcClientProtocolClient.java:onNext(254)) - client-253D2503C21A->6571ba41-d309-4d1d-a321-129a77bf1602: receive RaftClientReply:client-253D2503C21A->6571ba41-d309-4d1d-a321-129a77bf1602@group-6D4C5FD51127, cid=2938, SUCCESS, logIndex=0, commits[6571ba41-d309-4d1d-a321-129a77bf1602:c4497, 75e8c5ea-f06a-43e1-af6e-1f7f9b0b2cc1:c4494, 1d8d2908-dfb4-4358-9c6e-64b435d6fccc:c4494]
2019-07-03 07:08:39,546 INFO  client.GrpcClientProtocolClient (GrpcClientProtocolClient.java:onNext(254)) - client-253D2503C21A->6571ba41-d309-4d1d-a321-129a77bf1602: receive RaftClientReply:client-253D2503C21A->6571ba41-d309-4d1d-a321-129a77bf1602@group-6D4C5FD51127, cid=2939, SUCCESS, logIndex=4499, commits[6571ba41-d309-4d1d-a321-129a77bf1602:c4499, 75e8c5ea-f06a-43e1-af6e-1f7f9b0b2cc1:c4498, 1d8d2908-dfb4-4358-9c6e-64b435d6fccc:c4498]
2019-07-03 07:08:39,559 INFO  client.GrpcClientProtocolClient (GrpcClientProtocolClient.java:onNext(254)) - client-253D2503C21A->6571ba41-d309-4d1d-a321-129a77bf1602: receive RaftClientReply:client-253D2503C21A->6571ba41-d309-4d1d-a321-129a77bf1602@group-6D4C5FD51127, cid=2940, SUCCESS, logIndex=4501, commits[6571ba41-d309-4d1d-a321-129a77bf1602:c4501, 75e8c5ea-f06a-43e1-af6e-1f7f9b0b2cc1:c4499, 1d8d2908-dfb4-4358-9c6e-64b435d6fccc:c4499]
2019-07-03 07:08:39,573 INFO  client.GrpcClientProtocolClient (GrpcClientProtocolClient.java:onNext(254)) - client-253D2503C21A->6571ba41-d309-4d1d-a321-129a77bf1602: receive RaftClientReply:client-253D2503C21A->6571ba41-d309-4d1d-a321-129a77bf1602@group-6D4C5FD51127, cid=2941, SUCCESS, logIndex=4503, commits[6571ba41-d309-4d1d-a321-129a77bf1602:c4503, 75e8c5ea-f06a-43e1-af6e-1f7f9b0b2cc1:c4501, 1d8d2908-dfb4-4358-9c6e-64b435d6fccc:c4501]
2019-07-03 07:08:39,576 INFO  client.GrpcClientProtocolClient (GrpcClientProtocolClient.java:onNext(254)) - client-253D2503C21A->6571ba41-d309-4d1d-a321-129a77bf1602: receive RaftClientReply:client-253D2503C21A->6571ba41-d309-4d1d-a321-129a77bf1602@group-6D4C5FD51127, cid=2942, SUCCESS, logIndex=4505, commits[6571ba41-d309-4d1d-a321-129a77bf1602:c4505, 75e8c5ea-f06a-43e1-af6e-1f7f9b0b2cc1:c4503, 1d8d2908-dfb4-4358-9c6e-64b435d6fccc:c4503]
2019-07-03 07:08:39,588 INFO  client.GrpcClientProtocolClient (GrpcClientProtocolClient.java:onNext(254)) - client-253D2503C21A->6571ba41-d309-4d1d-a321-129a77bf1602: receive RaftClientReply:client-253D2503C21A->6571ba41-d309-4d1d-a321-129a77bf1602@group-6D4C5FD51127, cid=2943, SUCCESS, logIndex=0, commits[6571ba41-d309-4d1d-a321-129a77bf1602:c4506, 75e8c5ea-f06a-43e1-af6e-1f7f9b0b2cc1:c4505, 1d8d2908-dfb4-4358-9c6e-64b435d6fccc:c4505]
2019-07-03 07:08:39,616 INFO  client.GrpcClientProtocolClient (GrpcClientProtocolClient.java:onNext(254)) - client-253D2503C21A->6571ba41-d309-4d1d-a321-129a77bf1602: receive RaftClientReply:client-253D2503C21A->6571ba41-d309-4d1d-a321-129a77bf1602@group-6D4C5FD51127, cid=2944, SUCCESS, logIndex=4507, commits[6571ba41-d309-4d1d-a321-129a77bf1602:c4507, 75e8c5ea-f06a-43e1-af6e-1f7f9b0b2cc1:c4506, 1d8d2908-dfb4-4358-9c6e-64b435d6fccc:c4506]
2019-07-03 07:08:39,628 INFO  client.GrpcClientProtocolClient (GrpcClientProtocolClient.java:onNext(254)) - client-253D2503C21A->6571ba41-d309-4d1d-a321-129a77bf1602: receive RaftClientReply:client-253D2503C21A->6571ba41-d309-4d1d-a321-129a77bf1602@group-6D4C5FD51127, cid=2945, SUCCESS, logIndex=4509, commits[6571ba41-d309-4d1d-a321-129a77bf1602:c4509, 75e8c5ea-f06a-43e1-af6e-1f7f9b0b2cc1:c4507, 1d8d2908-dfb4-4358-9c6e-64b435d6fccc:c4507]
2019-07-03 07:08:39,629 INFO  client.GrpcClientProtocolClient (GrpcClientProtocolClient.java:onNext(254)) - client-253D2503C21A->6571ba41-d309-4d1d-a321-129a77bf1602: receive RaftClientReply:client-253D2503C21A->6571ba41-d309-4d1d-a321-129a77bf1602@group-6D4C5FD51127, cid=2946, SUCCESS, logIndex=4510, commits[6571ba41-d309-4d1d-a321-129a77bf1602:c4511, 75e8c5ea-f06a-43e1-af6e-1f7f9b0b2cc1:c4507, 1d8d2908-dfb4-4358-9c6e-64b435d6fccc:c4507]
2019-07-03 07:08:39,629 INFO  client.GrpcClientProtocolClient (GrpcClientProtocolClient.java:onNext(254)) - client-253D2503C21A->6571ba41-d309-4d1d-a321-129a77bf1602: receive RaftClientReply:client-253D2503C21A->6571ba41-d309-4d1d-a321-129a77bf1602@group-6D4C5FD51127, cid=2947, SUCCESS, logIndex=4511, commits[6571ba41-d309-4d1d-a321-129a77bf1602:c4511, 75e8c5ea-f06a-43e1-af6e-1f7f9b0b2cc1:c4507, 1d8d2908-dfb4-4358-9c6e-64b435d6fccc:c4507]
2019-07-03 07:08:39,630 INFO  client.GrpcClientProtocolClient (GrpcClientProtocolClient.java:onNext(254)) - client-253D2503C21A->6571ba41-d309-4d1d-a321-129a77bf1602: receive RaftClientReply:client-253D2503C21A->6571ba41-d309-4d1d-a321-129a77bf1602@group-6D4C5FD51127, cid=2948, SUCCESS, logIndex=0, commits[6571ba41-d309-4d1d-a321-129a77bf1602:c4513, 75e8c5ea-f06a-43e1-af6e-1f7f9b0b2cc1:c4510, 1d8d2908-dfb4-4358-9c6e-64b435d6fccc:c4510]
2019-07-03 07:08:39,654 INFO  client.GrpcClientProtocolClient (GrpcClientProtocolClient.java:onNext(254)) - client-253D2503C21A->6571ba41-d309-4d1d-a321-129a77bf1602: receive RaftClientReply:client-253D2503C21A->6571ba41-d309-4d1d-a321-129a77bf1602@group-6D4C5FD51127, cid=2949, SUCCESS, logIndex=4515, commits[6571ba41-d309-4d1d-a321-129a77bf1602:c4515, 75e8c5ea-f06a-43e1-af6e-1f7f9b0b2cc1:c4514, 1d8d2908-dfb4-4358-9c6e-64b435d6fccc:c4514]
2019-07-03 07:08:39,667 INFO  client.GrpcClientProtocolClient (GrpcClientProtocolClient.java:onNext(254)) - client-253D2503C21A->6571ba41-d309-4d1d-a321-129a77bf1602: receive RaftClientReply:client-253D2503C21A->6571ba41-d309-4d1d-a321-129a77bf1602@group-6D4C5FD51127, cid=2950, SUCCESS, logIndex=4517, commits[6571ba41-d309-4d1d-a321-129a77bf1602:c4517, 75e8c5ea-f06a-43e1-af6e-1f7f9b0b2cc1:c4515, 1d8d2908-dfb4-4358-9c6e-64b435d6fccc:c4515]
2019-07-03 07:08:39,689 INFO  client.GrpcClientProtocolClient (GrpcClientProtocolClient.java:onNext(254)) - client-253D2503C21A->6571ba41-d309-4d1d-a321-129a77bf1602: receive RaftClientReply:client-253D2503C21A->6571ba41-d309-4d1d-a321-129a77bf1602@group-6D4C5FD51127, cid=2951, SUCCESS, logIndex=4519, commits[6571ba41-d309-4d1d-a321-129a77bf1602:c4519, 75e8c5ea-f06a-43e1-af6e-1f7f9b0b2cc1:c4518, 1d8d2908-dfb4-4358-9c6e-64b435d6fccc:c4518]
2019-07-03 07:08:39,703 INFO  client.GrpcClientProtocolClient (GrpcClientProtocolClient.java:onNext(254)) - client-253D2503C21A->6571ba41-d309-4d1d-a321-129a77bf1602: receive RaftClientReply:client-253D2503C21A->6571ba41-d309-4d1d-a321-129a77bf1602@group-6D4C5FD51127, cid=2952, SUCCESS, logIndex=4521, commits[6571ba41-d309-4d1d-a321-129a77bf1602:c4521, 75e8c5ea-f06a-43e1-af6e-1f7f9b0b2cc1:c4519, 1d8d2908-dfb4-4358-9c6e-64b435d6fccc:c4519]
2019-07-03 07:08:39,725 INFO  client.GrpcClientProtocolClient (GrpcClientProtocolClient.java:onNext(254)) - client-253D2503C21A->6571ba41-d309-4d1d-a321-129a77bf1602: receive RaftClientReply:client-253D2503C21A->6571ba41-d309-4d1d-a321-129a77bf1602@group-6D4C5FD51127, cid=2953, SUCCESS, logIndex=0, commits[6571ba41-d309-4d1d-a321-129a77bf1602:c4522, 75e8c5ea-f06a-43e1-af6e-1f7f9b0b2cc1:c4521, 1d8d2908-dfb4-4358-9c6e-64b435d6fccc:c4521]
2019-07-03 07:08:39,749 INFO  client.GrpcClientProtocolClient (GrpcClientProtocolClient.java:onNext(254)) - client-253D2503C21A->6571ba41-d309-4d1d-a321-129a77bf1602: receive RaftClientReply:client-253D2503C21A->6571ba41-d309-4d1d-a321-129a77bf1602@group-6D4C5FD51127, cid=2954, SUCCESS, logIndex=4523, commits[6571ba41-d309-4d1d-a321-129a77bf1602:c4523, 75e8c5ea-f06a-43e1-af6e-1f7f9b0b2cc1:c4522, 1d8d2908-dfb4-4358-9c6e-64b435d6fccc:c4522]
2019-07-03 07:08:39,761 INFO  client.GrpcClientProtocolClient (GrpcClientProtocolClient.java:onNext(254)) - client-253D2503C21A->6571ba41-d309-4d1d-a321-129a77bf1602: receive RaftClientReply:client-253D2503C21A->6571ba41-d309-4d1d-a321-129a77bf1602@group-6D4C5FD51127, cid=2955, SUCCESS, logIndex=4525, commits[6571ba41-d309-4d1d-a321-129a77bf1602:c4526, 75e8c5ea-f06a-43e1-af6e-1f7f9b0b2cc1:c4523, 1d8d2908-dfb4-4358-9c6e-64b435d6fccc:c4523]
2019-07-03 07:08:39,762 INFO  client.GrpcClientProtocolClient (GrpcClientProtocolClient.java:onNext(254)) - client-253D2503C21A->6571ba41-d309-4d1d-a321-129a77bf1602: receive RaftClientReply:client-253D2503C21A->6571ba41-d309-4d1d-a321-129a77bf1602@group-6D4C5FD51127, cid=2956, SUCCESS, logIndex=4526, commits[6571ba41-d309-4d1d-a321-129a77bf1602:c4526, 75e8c5ea-f06a-43e1-af6e-1f7f9b0b2cc1:c4523, 1d8d2908-dfb4-4358-9c6e-64b435d6fccc:c4523]
2019-07-03 07:08:39,762 INFO  client.GrpcClientProtocolClient (GrpcClientProtocolClient.java:onNext(254)) - client-253D2503C21A->6571ba41-d309-4d1d-a321-129a77bf1602: receive RaftClientReply:client-253D2503C21A->6571ba41-d309-4d1d-a321-129a77bf1602@group-6D4C5FD51127, cid=2957, SUCCESS, logIndex=4527, commits[6571ba41-d309-4d1d-a321-129a77bf1602:c4528, 75e8c5ea-f06a-43e1-af6e-1f7f9b0b2cc1:c4526, 1d8d2908-dfb4-4358-9c6e-64b435d6fccc:c4523]
2019-07-03 07:08:39,763 INFO  client.GrpcClientProtocolClient (GrpcClientProtocolClient.java:onNext(254)) - client-253D2503C21A->6571ba41-d309-4d1d-a321-129a77bf1602: receive RaftClientReply:client-253D2503C21A->6571ba41-d309-4d1d-a321-129a77bf1602@group-6D4C5FD51127, cid=2958, SUCCESS, logIndex=0, commits[6571ba41-d309-4d1d-a321-129a77bf1602:c4529, 75e8c5ea-f06a-43e1-af6e-1f7f9b0b2cc1:c4526, 1d8d2908-dfb4-4358-9c6e-64b435d6fccc:c4526]
2019-07-03 07:08:39,776 INFO  client.GrpcClientProtocolClient (GrpcClientProtocolClient.java:onNext(254)) - client-253D2503C21A->6571ba41-d309-4d1d-a321-129a77bf1602: receive RaftClientReply:client-253D2503C21A->6571ba41-d309-4d1d-a321-129a77bf1602@group-6D4C5FD51127, cid=2959, SUCCESS, logIndex=4531, commits[6571ba41-d309-4d1d-a321-129a77bf1602:c4531, 75e8c5ea-f06a-43e1-af6e-1f7f9b0b2cc1:c4530, 1d8d2908-dfb4-4358-9c6e-64b435d6fccc:c4530]
2019-07-03 07:08:39,792 INFO  client.GrpcClientProtocolClient (GrpcClientProtocolClient.java:onNext(254)) - client-253D2503C21A->6571ba41-d309-4d1d-a321-129a77bf1602: receive RaftClientReply:client-253D2503C21A->6571ba41-d309-4d1d-a321-129a77bf1602@group-6D4C5FD51127, cid=2960, SUCCESS, logIndex=4533, commits[6571ba41-d309-4d1d-a321-129a77bf1602:c4533, 75e8c5ea-f06a-43e1-af6e-1f7f9b0b2cc1:c4531, 1d8d2908-dfb4-4358-9c6e-64b435d6fccc:c4531]
2019-07-03 07:08:39,808 INFO  storage.RaftLogWorker (RaftLogWorker.java:rollLogSegment(303)) - 6571ba41-d309-4d1d-a321-129a77bf1602-RaftLogWorker: Rolling segment log-4457_4536 to index:4536
2019-07-03 07:08:39,808 INFO  client.GrpcClientProtocolClient (GrpcClientProtocolClient.java:onNext(254)) - client-253D2503C21A->6571ba41-d309-4d1d-a321-129a77bf1602: receive RaftClientReply:client-253D2503C21A->6571ba41-d309-4d1d-a321-129a77bf1602@group-6D4C5FD51127, cid=2961, SUCCESS, logIndex=4535, commits[6571ba41-d309-4d1d-a321-129a77bf1602:c4535, 75e8c5ea-f06a-43e1-af6e-1f7f9b0b2cc1:c4534, 1d8d2908-dfb4-4358-9c6e-64b435d6fccc:c4534]
2019-07-03 07:08:39,809 INFO  storage.RaftLogWorker (RaftLogWorker.java:rollLogSegment(303)) - 1d8d2908-dfb4-4358-9c6e-64b435d6fccc-RaftLogWorker: Rolling segment log-4457_4536 to index:4536
2019-07-03 07:08:39,809 INFO  storage.RaftLogWorker (RaftLogWorker.java:rollLogSegment(303)) - 75e8c5ea-f06a-43e1-af6e-1f7f9b0b2cc1-RaftLogWorker: Rolling segment log-4457_4536 to index:4536
2019-07-03 07:08:39,814 INFO  storage.RaftLogWorker (RaftLogWorker.java:execute(433)) - 6571ba41-d309-4d1d-a321-129a77bf1602-RaftLogWorker: Rolled log segment from /opt/src/hadoop-ozone/tools/target/test-dir/MiniOzoneClusterImpl-0519545d-318d-4c21-a2a0-688f18f8a31d/datanode-4/data/ratis/23ffc2a4-5526-4092-9dc4-6d4c5fd51127/current/log_inprogress_4457 to /opt/src/hadoop-ozone/tools/target/test-dir/MiniOzoneClusterImpl-0519545d-318d-4c21-a2a0-688f18f8a31d/datanode-4/data/ratis/23ffc2a4-5526-4092-9dc4-6d4c5fd51127/current/log_4457-4536
2019-07-03 07:08:39,814 INFO  storage.RaftLogWorker (RaftLogWorker.java:execute(433)) - 75e8c5ea-f06a-43e1-af6e-1f7f9b0b2cc1-RaftLogWorker: Rolled log segment from /opt/src/hadoop-ozone/tools/target/test-dir/MiniOzoneClusterImpl-0519545d-318d-4c21-a2a0-688f18f8a31d/datanode-1/data/ratis/23ffc2a4-5526-4092-9dc4-6d4c5fd51127/current/log_inprogress_4457 to /opt/src/hadoop-ozone/tools/target/test-dir/MiniOzoneClusterImpl-0519545d-318d-4c21-a2a0-688f18f8a31d/datanode-1/data/ratis/23ffc2a4-5526-4092-9dc4-6d4c5fd51127/current/log_4457-4536
2019-07-03 07:08:39,814 INFO  storage.RaftLogWorker (RaftLogWorker.java:execute(433)) - 1d8d2908-dfb4-4358-9c6e-64b435d6fccc-RaftLogWorker: Rolled log segment from /opt/src/hadoop-ozone/tools/target/test-dir/MiniOzoneClusterImpl-0519545d-318d-4c21-a2a0-688f18f8a31d/datanode-2/data/ratis/23ffc2a4-5526-4092-9dc4-6d4c5fd51127/current/log_inprogress_4457 to /opt/src/hadoop-ozone/tools/target/test-dir/MiniOzoneClusterImpl-0519545d-318d-4c21-a2a0-688f18f8a31d/datanode-2/data/ratis/23ffc2a4-5526-4092-9dc4-6d4c5fd51127/current/log_4457-4536
2019-07-03 07:08:39,847 INFO  storage.RaftLogWorker (RaftLogWorker.java:execute(469)) - 1d8d2908-dfb4-4358-9c6e-64b435d6fccc-RaftLogWorker: created new log segment /opt/src/hadoop-ozone/tools/target/test-dir/MiniOzoneClusterImpl-0519545d-318d-4c21-a2a0-688f18f8a31d/datanode-2/data/ratis/23ffc2a4-5526-4092-9dc4-6d4c5fd51127/current/log_inprogress_4537
2019-07-03 07:08:39,847 INFO  storage.RaftLogWorker (RaftLogWorker.java:execute(469)) - 6571ba41-d309-4d1d-a321-129a77bf1602-RaftLogWorker: created new log segment /opt/src/hadoop-ozone/tools/target/test-dir/MiniOzoneClusterImpl-0519545d-318d-4c21-a2a0-688f18f8a31d/datanode-4/data/ratis/23ffc2a4-5526-4092-9dc4-6d4c5fd51127/current/log_inprogress_4537
2019-07-03 07:08:39,847 INFO  storage.RaftLogWorker (RaftLogWorker.java:execute(469)) - 75e8c5ea-f06a-43e1-af6e-1f7f9b0b2cc1-RaftLogWorker: created new log segment /opt/src/hadoop-ozone/tools/target/test-dir/MiniOzoneClusterImpl-0519545d-318d-4c21-a2a0-688f18f8a31d/datanode-1/data/ratis/23ffc2a4-5526-4092-9dc4-6d4c5fd51127/current/log_inprogress_4537
2019-07-03 07:08:39,851 INFO  client.GrpcClientProtocolClient (GrpcClientProtocolClient.java:onNext(254)) - client-253D2503C21A->6571ba41-d309-4d1d-a321-129a77bf1602: receive RaftClientReply:client-253D2503C21A->6571ba41-d309-4d1d-a321-129a77bf1602@group-6D4C5FD51127, cid=2962, SUCCESS, logIndex=4537, commits[6571ba41-d309-4d1d-a321-129a77bf1602:c4537, 75e8c5ea-f06a-43e1-af6e-1f7f9b0b2cc1:c4535, 1d8d2908-dfb4-4358-9c6e-64b435d6fccc:c4535]
2019-07-03 07:08:39,854 INFO  client.GrpcClientProtocolClient (GrpcClientProtocolClient.java:onNext(254)) - client-253D2503C21A->6571ba41-d309-4d1d-a321-129a77bf1602: receive RaftClientReply:client-253D2503C21A->6571ba41-d309-4d1d-a321-129a77bf1602@group-6D4C5FD51127, cid=2963, SUCCESS, logIndex=0, commits[6571ba41-d309-4d1d-a321-129a77bf1602:c4538, 75e8c5ea-f06a-43e1-af6e-1f7f9b0b2cc1:c4537, 1d8d2908-dfb4-4358-9c6e-64b435d6fccc:c4537]
 0.00% |█                                                                                                    |  0/1 Time: 0:00:472019-07-03 07:08:39,887 INFO  client.GrpcClientProtocolClient (GrpcClientProtocolClient.java:onNext(254)) - client-253D2503C21A->6571ba41-d309-4d1d-a321-129a77bf1602: receive RaftClientReply:client-253D2503C21A->6571ba41-d309-4d1d-a321-129a77bf1602@group-6D4C5FD51127, cid=2964, SUCCESS, logIndex=4539, commits[6571ba41-d309-4d1d-a321-129a77bf1602:c4539, 75e8c5ea-f06a-43e1-af6e-1f7f9b0b2cc1:c4538, 1d8d2908-dfb4-4358-9c6e-64b435d6fccc:c4538]
2019-07-03 07:08:39,894 INFO  client.GrpcClientProtocolClient (GrpcClientProtocolClient.java:onNext(254)) - client-253D2503C21A->6571ba41-d309-4d1d-a321-129a77bf1602: receive RaftClientReply:client-253D2503C21A->6571ba41-d309-4d1d-a321-129a77bf1602@group-6D4C5FD51127, cid=2965, SUCCESS, logIndex=4541, commits[6571ba41-d309-4d1d-a321-129a77bf1602:c4542, 75e8c5ea-f06a-43e1-af6e-1f7f9b0b2cc1:c4539, 1d8d2908-dfb4-4358-9c6e-64b435d6fccc:c4539]
2019-07-03 07:08:39,895 INFO  client.GrpcClientProtocolClient (GrpcClientProtocolClient.java:onNext(254)) - client-253D2503C21A->6571ba41-d309-4d1d-a321-129a77bf1602: receive RaftClientReply:client-253D2503C21A->6571ba41-d309-4d1d-a321-129a77bf1602@group-6D4C5FD51127, cid=2966, SUCCESS, logIndex=4542, commits[6571ba41-d309-4d1d-a321-129a77bf1602:c4542, 75e8c5ea-f06a-43e1-af6e-1f7f9b0b2cc1:c4539, 1d8d2908-dfb4-4358-9c6e-64b435d6fccc:c4539]
2019-07-03 07:08:39,895 INFO  client.GrpcClientProtocolClient (GrpcClientProtocolClient.java:onNext(254)) - client-253D2503C21A->6571ba41-d309-4d1d-a321-129a77bf1602: receive RaftClientReply:client-253D2503C21A->6571ba41-d309-4d1d-a321-129a77bf1602@group-6D4C5FD51127, cid=2967, SUCCESS, logIndex=4543, commits[6571ba41-d309-4d1d-a321-129a77bf1602:c4544, 75e8c5ea-f06a-43e1-af6e-1f7f9b0b2cc1:c4539, 1d8d2908-dfb4-4358-9c6e-64b435d6fccc:c4542]
2019-07-03 07:08:39,896 INFO  client.GrpcClientProtocolClient (GrpcClientProtocolClient.java:onNext(254)) - client-253D2503C21A->6571ba41-d309-4d1d-a321-129a77bf1602: receive RaftClientReply:client-253D2503C21A->6571ba41-d309-4d1d-a321-129a77bf1602@group-6D4C5FD51127, cid=2968, SUCCESS, logIndex=0, commits[6571ba41-d309-4d1d-a321-129a77bf1602:c4545, 75e8c5ea-f06a-43e1-af6e-1f7f9b0b2cc1:c4542, 1d8d2908-dfb4-4358-9c6e-64b435d6fccc:c4542]
2019-07-03 07:08:39,909 INFO  client.GrpcClientProtocolClient (GrpcClientProtocolClient.java:onNext(254)) - client-253D2503C21A->6571ba41-d309-4d1d-a321-129a77bf1602: receive RaftClientReply:client-253D2503C21A->6571ba41-d309-4d1d-a321-129a77bf1602@group-6D4C5FD51127, cid=2969, SUCCESS, logIndex=4547, commits[6571ba41-d309-4d1d-a321-129a77bf1602:c4547, 75e8c5ea-f06a-43e1-af6e-1f7f9b0b2cc1:c4546, 1d8d2908-dfb4-4358-9c6e-64b435d6fccc:c4546]
2019-07-03 07:08:39,920 INFO  client.GrpcClientProtocolClient (GrpcClientProtocolClient.java:onNext(254)) - client-253D2503C21A->6571ba41-d309-4d1d-a321-129a77bf1602: receive RaftClientReply:client-253D2503C21A->6571ba41-d309-4d1d-a321-129a77bf1602@group-6D4C5FD51127, cid=2970, SUCCESS, logIndex=4549, commits[6571ba41-d309-4d1d-a321-129a77bf1602:c4549, 75e8c5ea-f06a-43e1-af6e-1f7f9b0b2cc1:c4547, 1d8d2908-dfb4-4358-9c6e-64b435d6fccc:c4547]
2019-07-03 07:08:39,933 INFO  client.GrpcClientProtocolClient (GrpcClientProtocolClient.java:onNext(254)) - client-253D2503C21A->6571ba41-d309-4d1d-a321-129a77bf1602: receive RaftClientReply:client-253D2503C21A->6571ba41-d309-4d1d-a321-129a77bf1602@group-6D4C5FD51127, cid=2971, SUCCESS, logIndex=4551, commits[6571ba41-d309-4d1d-a321-129a77bf1602:c4551, 75e8c5ea-f06a-43e1-af6e-1f7f9b0b2cc1:c4549, 1d8d2908-dfb4-4358-9c6e-64b435d6fccc:c4549]
2019-07-03 07:08:39,947 INFO  client.GrpcClientProtocolClient (GrpcClientProtocolClient.java:onNext(254)) - client-253D2503C21A->6571ba41-d309-4d1d-a321-129a77bf1602: receive RaftClientReply:client-253D2503C21A->6571ba41-d309-4d1d-a321-129a77bf1602@group-6D4C5FD51127, cid=2972, SUCCESS, logIndex=4553, commits[6571ba41-d309-4d1d-a321-129a77bf1602:c4553, 75e8c5ea-f06a-43e1-af6e-1f7f9b0b2cc1:c4551, 1d8d2908-dfb4-4358-9c6e-64b435d6fccc:c4551]
2019-07-03 07:08:39,958 INFO  client.GrpcClientProtocolClient (GrpcClientProtocolClient.java:onNext(254)) - client-253D2503C21A->6571ba41-d309-4d1d-a321-129a77bf1602: receive RaftClientReply:client-253D2503C21A->6571ba41-d309-4d1d-a321-129a77bf1602@group-6D4C5FD51127, cid=2973, SUCCESS, logIndex=0, commits[6571ba41-d309-4d1d-a321-129a77bf1602:c4554, 75e8c5ea-f06a-43e1-af6e-1f7f9b0b2cc1:c4553, 1d8d2908-dfb4-4358-9c6e-64b435d6fccc:c4553]
2019-07-03 07:08:39,985 INFO  client.GrpcClientProtocolClient (GrpcClientProtocolClient.java:onNext(254)) - client-253D2503C21A->6571ba41-d309-4d1d-a321-129a77bf1602: receive RaftClientReply:client-253D2503C21A->6571ba41-d309-4d1d-a321-129a77bf1602@group-6D4C5FD51127, cid=2974, SUCCESS, logIndex=4555, commits[6571ba41-d309-4d1d-a321-129a77bf1602:c4555, 75e8c5ea-f06a-43e1-af6e-1f7f9b0b2cc1:c4554, 1d8d2908-dfb4-4358-9c6e-64b435d6fccc:c4554]
2019-07-03 07:08:39,998 INFO  client.GrpcClientProtocolClient (GrpcClientProtocolClient.java:onNext(254)) - client-253D2503C21A->6571ba41-d309-4d1d-a321-129a77bf1602: receive RaftClientReply:client-253D2503C21A->6571ba41-d309-4d1d-a321-129a77bf1602@group-6D4C5FD51127, cid=2975, SUCCESS, logIndex=4557, commits[6571ba41-d309-4d1d-a321-129a77bf1602:c4558, 75e8c5ea-f06a-43e1-af6e-1f7f9b0b2cc1:c4555, 1d8d2908-dfb4-4358-9c6e-64b435d6fccc:c4555]
2019-07-03 07:08:39,998 INFO  client.GrpcClientProtocolClient (GrpcClientProtocolClient.java:onNext(254)) - client-253D2503C21A->6571ba41-d309-4d1d-a321-129a77bf1602: receive RaftClientReply:client-253D2503C21A->6571ba41-d309-4d1d-a321-129a77bf1602@group-6D4C5FD51127, cid=2976, SUCCESS, logIndex=4558, commits[6571ba41-d309-4d1d-a321-129a77bf1602:c4559, 75e8c5ea-f06a-43e1-af6e-1f7f9b0b2cc1:c4555, 1d8d2908-dfb4-4358-9c6e-64b435d6fccc:c4555]
2019-07-03 07:08:39,999 INFO  client.GrpcClientProtocolClient (GrpcClientProtocolClient.java:onNext(254)) - client-253D2503C21A->6571ba41-d309-4d1d-a321-129a77bf1602: receive RaftClientReply:client-253D2503C21A->6571ba41-d309-4d1d-a321-129a77bf1602@group-6D4C5FD51127, cid=2977, SUCCESS, logIndex=4559, commits[6571ba41-d309-4d1d-a321-129a77bf1602:c4559, 75e8c5ea-f06a-43e1-af6e-1f7f9b0b2cc1:c4555, 1d8d2908-dfb4-4358-9c6e-64b435d6fccc:c4555]
2019-07-03 07:08:39,999 INFO  client.GrpcClientProtocolClient (GrpcClientProtocolClient.java:onNext(254)) - client-253D2503C21A->6571ba41-d309-4d1d-a321-129a77bf1602: receive RaftClientReply:client-253D2503C21A->6571ba41-d309-4d1d-a321-129a77bf1602@group-6D4C5FD51127, cid=2978, SUCCESS, logIndex=0, commits[6571ba41-d309-4d1d-a321-129a77bf1602:c4560, 75e8c5ea-f06a-43e1-af6e-1f7f9b0b2cc1:c4558, 1d8d2908-dfb4-4358-9c6e-64b435d6fccc:c4558]
2019-07-03 07:08:40,024 INFO  client.GrpcClientProtocolClient (GrpcClientProtocolClient.java:onNext(254)) - client-253D2503C21A->6571ba41-d309-4d1d-a321-129a77bf1602: receive RaftClientReply:client-253D2503C21A->6571ba41-d309-4d1d-a321-129a77bf1602@group-6D4C5FD51127, cid=2979, SUCCESS, logIndex=4563, commits[6571ba41-d309-4d1d-a321-129a77bf1602:c4563, 75e8c5ea-f06a-43e1-af6e-1f7f9b0b2cc1:c4562, 1d8d2908-dfb4-4358-9c6e-64b435d6fccc:c4562]
2019-07-03 07:08:40,129 INFO  client.GrpcClientProtocolClient (GrpcClientProtocolClient.java:onNext(254)) - client-253D2503C21A->6571ba41-d309-4d1d-a321-129a77bf1602: receive RaftClientReply:client-253D2503C21A->6571ba41-d309-4d1d-a321-129a77bf1602@group-6D4C5FD51127, cid=2980, SUCCESS, logIndex=4565, commits[6571ba41-d309-4d1d-a321-129a77bf1602:c4565, 75e8c5ea-f06a-43e1-af6e-1f7f9b0b2cc1:c4563, 1d8d2908-dfb4-4358-9c6e-64b435d6fccc:c4563]
2019-07-03 07:08:40,153 INFO  client.GrpcClientProtocolClient (GrpcClientProtocolClient.java:onNext(254)) - client-253D2503C21A->6571ba41-d309-4d1d-a321-129a77bf1602: receive RaftClientReply:client-253D2503C21A->6571ba41-d309-4d1d-a321-129a77bf1602@group-6D4C5FD51127, cid=2981, SUCCESS, logIndex=4567, commits[6571ba41-d309-4d1d-a321-129a77bf1602:c4567, 75e8c5ea-f06a-43e1-af6e-1f7f9b0b2cc1:c4566, 1d8d2908-dfb4-4358-9c6e-64b435d6fccc:c4566]
2019-07-03 07:08:40,178 INFO  client.GrpcClientProtocolClient (GrpcClientProtocolClient.java:onNext(254)) - client-253D2503C21A->6571ba41-d309-4d1d-a321-129a77bf1602: receive RaftClientReply:client-253D2503C21A->6571ba41-d309-4d1d-a321-129a77bf1602@group-6D4C5FD51127, cid=2982, SUCCESS, logIndex=4569, commits[6571ba41-d309-4d1d-a321-129a77bf1602:c4569, 75e8c5ea-f06a-43e1-af6e-1f7f9b0b2cc1:c4567, 1d8d2908-dfb4-4358-9c6e-64b435d6fccc:c4567]
2019-07-03 07:08:40,180 INFO  client.GrpcClientProtocolClient (GrpcClientProtocolClient.java:onNext(254)) - client-253D2503C21A->6571ba41-d309-4d1d-a321-129a77bf1602: receive RaftClientReply:client-253D2503C21A->6571ba41-d309-4d1d-a321-129a77bf1602@group-6D4C5FD51127, cid=2983, SUCCESS, logIndex=0, commits[6571ba41-d309-4d1d-a321-129a77bf1602:c4570, 75e8c5ea-f06a-43e1-af6e-1f7f9b0b2cc1:c4569, 1d8d2908-dfb4-4358-9c6e-64b435d6fccc:c4569]
2019-07-03 07:08:40,209 INFO  client.GrpcClientProtocolClient (GrpcClientProtocolClient.java:onNext(254)) - client-253D2503C21A->6571ba41-d309-4d1d-a321-129a77bf1602: receive RaftClientReply:client-253D2503C21A->6571ba41-d309-4d1d-a321-129a77bf1602@group-6D4C5FD51127, cid=2984, SUCCESS, logIndex=4571, commits[6571ba41-d309-4d1d-a321-129a77bf1602:c4571, 75e8c5ea-f06a-43e1-af6e-1f7f9b0b2cc1:c4570, 1d8d2908-dfb4-4358-9c6e-64b435d6fccc:c4570]
2019-07-03 07:08:40,222 INFO  client.GrpcClientProtocolClient (GrpcClientProtocolClient.java:onNext(254)) - client-253D2503C21A->6571ba41-d309-4d1d-a321-129a77bf1602: receive RaftClientReply:client-253D2503C21A->6571ba41-d309-4d1d-a321-129a77bf1602@group-6D4C5FD51127, cid=2985, SUCCESS, logIndex=4573, commits[6571ba41-d309-4d1d-a321-129a77bf1602:c4573, 75e8c5ea-f06a-43e1-af6e-1f7f9b0b2cc1:c4571, 1d8d2908-dfb4-4358-9c6e-64b435d6fccc:c4571]
2019-07-03 07:08:40,222 INFO  client.GrpcClientProtocolClient (GrpcClientProtocolClient.java:onNext(254)) - client-253D2503C21A->6571ba41-d309-4d1d-a321-129a77bf1602: receive RaftClientReply:client-253D2503C21A->6571ba41-d309-4d1d-a321-129a77bf1602@group-6D4C5FD51127, cid=2986, SUCCESS, logIndex=4574, commits[6571ba41-d309-4d1d-a321-129a77bf1602:c4574, 75e8c5ea-f06a-43e1-af6e-1f7f9b0b2cc1:c4571, 1d8d2908-dfb4-4358-9c6e-64b435d6fccc:c4571]
2019-07-03 07:08:40,222 INFO  client.GrpcClientProtocolClient (GrpcClientProtocolClient.java:onNext(254)) - client-253D2503C21A->6571ba41-d309-4d1d-a321-129a77bf1602: receive RaftClientReply:client-253D2503C21A->6571ba41-d309-4d1d-a321-129a77bf1602@group-6D4C5FD51127, cid=2987, SUCCESS, logIndex=4575, commits[6571ba41-d309-4d1d-a321-129a77bf1602:c4576, 75e8c5ea-f06a-43e1-af6e-1f7f9b0b2cc1:c4571, 1d8d2908-dfb4-4358-9c6e-64b435d6fccc:c4573]
2019-07-03 07:08:40,224 INFO  client.GrpcClientProtocolClient (GrpcClientProtocolClient.java:onNext(254)) - client-253D2503C21A->6571ba41-d309-4d1d-a321-129a77bf1602: receive RaftClientReply:client-253D2503C21A->6571ba41-d309-4d1d-a321-129a77bf1602@group-6D4C5FD51127, cid=2988, SUCCESS, logIndex=0, commits[6571ba41-d309-4d1d-a321-129a77bf1602:c4577, 75e8c5ea-f06a-43e1-af6e-1f7f9b0b2cc1:c4574, 1d8d2908-dfb4-4358-9c6e-64b435d6fccc:c4574]
2019-07-03 07:08:40,243 INFO  client.GrpcClientProtocolClient (GrpcClientProtocolClient.java:onNext(254)) - client-253D2503C21A->6571ba41-d309-4d1d-a321-129a77bf1602: receive RaftClientReply:client-253D2503C21A->6571ba41-d309-4d1d-a321-129a77bf1602@group-6D4C5FD51127, cid=2989, SUCCESS, logIndex=4579, commits[6571ba41-d309-4d1d-a321-129a77bf1602:c4579, 75e8c5ea-f06a-43e1-af6e-1f7f9b0b2cc1:c4578, 1d8d2908-dfb4-4358-9c6e-64b435d6fccc:c4578]
2019-07-03 07:08:40,256 INFO  client.GrpcClientProtocolClient (GrpcClientProtocolClient.java:onNext(254)) - client-253D2503C21A->6571ba41-d309-4d1d-a321-129a77bf1602: receive RaftClientReply:client-253D2503C21A->6571ba41-d309-4d1d-a321-129a77bf1602@group-6D4C5FD51127, cid=2990, SUCCESS, logIndex=4581, commits[6571ba41-d309-4d1d-a321-129a77bf1602:c4581, 75e8c5ea-f06a-43e1-af6e-1f7f9b0b2cc1:c4579, 1d8d2908-dfb4-4358-9c6e-64b435d6fccc:c4579]
2019-07-03 07:08:40,271 INFO  client.GrpcClientProtocolClient (GrpcClientProtocolClient.java:onNext(254)) - client-253D2503C21A->6571ba41-d309-4d1d-a321-129a77bf1602: receive RaftClientReply:client-253D2503C21A->6571ba41-d309-4d1d-a321-129a77bf1602@group-6D4C5FD51127, cid=2991, SUCCESS, logIndex=4583, commits[6571ba41-d309-4d1d-a321-129a77bf1602:c4583, 75e8c5ea-f06a-43e1-af6e-1f7f9b0b2cc1:c4581, 1d8d2908-dfb4-4358-9c6e-64b435d6fccc:c4581]
2019-07-03 07:08:40,284 INFO  client.GrpcClientProtocolClient (GrpcClientProtocolClient.java:onNext(254)) - client-253D2503C21A->6571ba41-d309-4d1d-a321-129a77bf1602: receive RaftClientReply:client-253D2503C21A->6571ba41-d309-4d1d-a321-129a77bf1602@group-6D4C5FD51127, cid=2992, SUCCESS, logIndex=4585, commits[6571ba41-d309-4d1d-a321-129a77bf1602:c4585, 75e8c5ea-f06a-43e1-af6e-1f7f9b0b2cc1:c4583, 1d8d2908-dfb4-4358-9c6e-64b435d6fccc:c4583]
2019-07-03 07:08:40,296 INFO  client.GrpcClientProtocolClient (GrpcClientProtocolClient.java:onNext(254)) - client-253D2503C21A->6571ba41-d309-4d1d-a321-129a77bf1602: receive RaftClientReply:client-253D2503C21A->6571ba41-d309-4d1d-a321-129a77bf1602@group-6D4C5FD51127, cid=2993, SUCCESS, logIndex=0, commits[6571ba41-d309-4d1d-a321-129a77bf1602:c4585, 75e8c5ea-f06a-43e1-af6e-1f7f9b0b2cc1:c4585, 1d8d2908-dfb4-4358-9c6e-64b435d6fccc:c4585]
2019-07-03 07:08:40,327 INFO  client.GrpcClientProtocolClient (GrpcClientProtocolClient.java:onNext(254)) - client-253D2503C21A->6571ba41-d309-4d1d-a321-129a77bf1602: receive RaftClientReply:client-253D2503C21A->6571ba41-d309-4d1d-a321-129a77bf1602@group-6D4C5FD51127, cid=2994, SUCCESS, logIndex=4587, commits[6571ba41-d309-4d1d-a321-129a77bf1602:c4587, 75e8c5ea-f06a-43e1-af6e-1f7f9b0b2cc1:c4586, 1d8d2908-dfb4-4358-9c6e-64b435d6fccc:c4586]
2019-07-03 07:08:40,339 INFO  client.GrpcClientProtocolClient (GrpcClientProtocolClient.java:onNext(254)) - client-253D2503C21A->6571ba41-d309-4d1d-a321-129a77bf1602: receive RaftClientReply:client-253D2503C21A->6571ba41-d309-4d1d-a321-129a77bf1602@group-6D4C5FD51127, cid=2995, SUCCESS, logIndex=4589, commits[6571ba41-d309-4d1d-a321-129a77bf1602:c4590, 75e8c5ea-f06a-43e1-af6e-1f7f9b0b2cc1:c4587, 1d8d2908-dfb4-4358-9c6e-64b435d6fccc:c4587]
2019-07-03 07:08:40,339 INFO  client.GrpcClientProtocolClient (GrpcClientProtocolClient.java:onNext(254)) - client-253D2503C21A->6571ba41-d309-4d1d-a321-129a77bf1602: receive RaftClientReply:client-253D2503C21A->6571ba41-d309-4d1d-a321-129a77bf1602@group-6D4C5FD51127, cid=2996, SUCCESS, logIndex=4590, commits[6571ba41-d309-4d1d-a321-129a77bf1602:c4590, 75e8c5ea-f06a-43e1-af6e-1f7f9b0b2cc1:c4587, 1d8d2908-dfb4-4358-9c6e-64b435d6fccc:c4587]
2019-07-03 07:08:40,340 INFO  client.GrpcClientProtocolClient (GrpcClientProtocolClient.java:onNext(254)) - client-253D2503C21A->6571ba41-d309-4d1d-a321-129a77bf1602: receive RaftClientReply:client-253D2503C21A->6571ba41-d309-4d1d-a321-129a77bf1602@group-6D4C5FD51127, cid=2997, SUCCESS, logIndex=4591, commits[6571ba41-d309-4d1d-a321-129a77bf1602:c4591, 75e8c5ea-f06a-43e1-af6e-1f7f9b0b2cc1:c4587, 1d8d2908-dfb4-4358-9c6e-64b435d6fccc:c4587]
2019-07-03 07:08:40,341 INFO  client.GrpcClientProtocolClient (GrpcClientProtocolClient.java:onNext(254)) - client-253D2503C21A->6571ba41-d309-4d1d-a321-129a77bf1602: receive RaftClientReply:client-253D2503C21A->6571ba41-d309-4d1d-a321-129a77bf1602@group-6D4C5FD51127, cid=2998, SUCCESS, logIndex=0, commits[6571ba41-d309-4d1d-a321-129a77bf1602:c4593, 75e8c5ea-f06a-43e1-af6e-1f7f9b0b2cc1:c4589, 1d8d2908-dfb4-4358-9c6e-64b435d6fccc:c4590]
2019-07-03 07:08:40,363 INFO  client.GrpcClientProtocolClient (GrpcClientProtocolClient.java:onNext(254)) - client-253D2503C21A->6571ba41-d309-4d1d-a321-129a77bf1602: receive RaftClientReply:client-253D2503C21A->6571ba41-d309-4d1d-a321-129a77bf1602@group-6D4C5FD51127, cid=2999, SUCCESS, logIndex=4595, commits[6571ba41-d309-4d1d-a321-129a77bf1602:c4595, 75e8c5ea-f06a-43e1-af6e-1f7f9b0b2cc1:c4594, 1d8d2908-dfb4-4358-9c6e-64b435d6fccc:c4594]
2019-07-03 07:08:40,376 INFO  client.GrpcClientProtocolClient (GrpcClientProtocolClient.java:onNext(254)) - client-253D2503C21A->6571ba41-d309-4d1d-a321-129a77bf1602: receive RaftClientReply:client-253D2503C21A->6571ba41-d309-4d1d-a321-129a77bf1602@group-6D4C5FD51127, cid=3000, SUCCESS, logIndex=4597, commits[6571ba41-d309-4d1d-a321-129a77bf1602:c4597, 75e8c5ea-f06a-43e1-af6e-1f7f9b0b2cc1:c4595, 1d8d2908-dfb4-4358-9c6e-64b435d6fccc:c4595]
2019-07-03 07:08:40,397 INFO  client.GrpcClientProtocolClient (GrpcClientProtocolClient.java:onNext(254)) - client-253D2503C21A->6571ba41-d309-4d1d-a321-129a77bf1602: receive RaftClientReply:client-253D2503C21A->6571ba41-d309-4d1d-a321-129a77bf1602@group-6D4C5FD51127, cid=3001, SUCCESS, logIndex=4599, commits[6571ba41-d309-4d1d-a321-129a77bf1602:c4599, 75e8c5ea-f06a-43e1-af6e-1f7f9b0b2cc1:c4598, 1d8d2908-dfb4-4358-9c6e-64b435d6fccc:c4598]
2019-07-03 07:08:40,410 INFO  client.GrpcClientProtocolClient (GrpcClientProtocolClient.java:onNext(254)) - client-253D2503C21A->6571ba41-d309-4d1d-a321-129a77bf1602: receive RaftClientReply:client-253D2503C21A->6571ba41-d309-4d1d-a321-129a77bf1602@group-6D4C5FD51127, cid=3002, SUCCESS, logIndex=4601, commits[6571ba41-d309-4d1d-a321-129a77bf1602:c4601, 75e8c5ea-f06a-43e1-af6e-1f7f9b0b2cc1:c4599, 1d8d2908-dfb4-4358-9c6e-64b435d6fccc:c4599]
2019-07-03 07:08:40,412 INFO  client.GrpcClientProtocolClient (GrpcClientProtocolClient.java:onNext(254)) - client-253D2503C21A->6571ba41-d309-4d1d-a321-129a77bf1602: receive RaftClientReply:client-253D2503C21A->6571ba41-d309-4d1d-a321-129a77bf1602@group-6D4C5FD51127, cid=3003, SUCCESS, logIndex=0, commits[6571ba41-d309-4d1d-a321-129a77bf1602:c4602, 75e8c5ea-f06a-43e1-af6e-1f7f9b0b2cc1:c4601, 1d8d2908-dfb4-4358-9c6e-64b435d6fccc:c4601]
2019-07-03 07:08:40,470 INFO  client.GrpcClientProtocolClient (GrpcClientProtocolClient.java:onNext(254)) - client-253D2503C21A->6571ba41-d309-4d1d-a321-129a77bf1602: receive RaftClientReply:client-253D2503C21A->6571ba41-d309-4d1d-a321-129a77bf1602@group-6D4C5FD51127, cid=3004, SUCCESS, logIndex=4603, commits[6571ba41-d309-4d1d-a321-129a77bf1602:c4603, 75e8c5ea-f06a-43e1-af6e-1f7f9b0b2cc1:c4602, 1d8d2908-dfb4-4358-9c6e-64b435d6fccc:c4602]
2019-07-03 07:08:40,483 INFO  client.GrpcClientProtocolClient (GrpcClientProtocolClient.java:onNext(254)) - client-253D2503C21A->6571ba41-d309-4d1d-a321-129a77bf1602: receive RaftClientReply:client-253D2503C21A->6571ba41-d309-4d1d-a321-129a77bf1602@group-6D4C5FD51127, cid=3005, SUCCESS, logIndex=4605, commits[6571ba41-d309-4d1d-a321-129a77bf1602:c4606, 75e8c5ea-f06a-43e1-af6e-1f7f9b0b2cc1:c4603, 1d8d2908-dfb4-4358-9c6e-64b435d6fccc:c4603]
2019-07-03 07:08:40,484 INFO  client.GrpcClientProtocolClient (GrpcClientProtocolClient.java:onNext(254)) - client-253D2503C21A->6571ba41-d309-4d1d-a321-129a77bf1602: receive RaftClientReply:client-253D2503C21A->6571ba41-d309-4d1d-a321-129a77bf1602@group-6D4C5FD51127, cid=3006, SUCCESS, logIndex=4606, commits[6571ba41-d309-4d1d-a321-129a77bf1602:c4606, 75e8c5ea-f06a-43e1-af6e-1f7f9b0b2cc1:c4603, 1d8d2908-dfb4-4358-9c6e-64b435d6fccc:c4603]
2019-07-03 07:08:40,484 INFO  client.GrpcClientProtocolClient (GrpcClientProtocolClient.java:onNext(254)) - client-253D2503C21A->6571ba41-d309-4d1d-a321-129a77bf1602: receive RaftClientReply:client-253D2503C21A->6571ba41-d309-4d1d-a321-129a77bf1602@group-6D4C5FD51127, cid=3007, SUCCESS, logIndex=4607, commits[6571ba41-d309-4d1d-a321-129a77bf1602:c4607, 75e8c5ea-f06a-43e1-af6e-1f7f9b0b2cc1:c4603, 1d8d2908-dfb4-4358-9c6e-64b435d6fccc:c4603]
2019-07-03 07:08:40,486 INFO  client.GrpcClientProtocolClient (GrpcClientProtocolClient.java:onNext(254)) - client-253D2503C21A->6571ba41-d309-4d1d-a321-129a77bf1602: receive RaftClientReply:client-253D2503C21A->6571ba41-d309-4d1d-a321-129a77bf1602@group-6D4C5FD51127, cid=3008, SUCCESS, logIndex=0, commits[6571ba41-d309-4d1d-a321-129a77bf1602:c4609, 75e8c5ea-f06a-43e1-af6e-1f7f9b0b2cc1:c4606, 1d8d2908-dfb4-4358-9c6e-64b435d6fccc:c4606]
2019-07-03 07:08:40,510 INFO  client.GrpcClientProtocolClient (GrpcClientProtocolClient.java:onNext(254)) - client-253D2503C21A->6571ba41-d309-4d1d-a321-129a77bf1602: receive RaftClientReply:client-253D2503C21A->6571ba41-d309-4d1d-a321-129a77bf1602@group-6D4C5FD51127, cid=3009, SUCCESS, logIndex=4611, commits[6571ba41-d309-4d1d-a321-129a77bf1602:c4611, 75e8c5ea-f06a-43e1-af6e-1f7f9b0b2cc1:c4610, 1d8d2908-dfb4-4358-9c6e-64b435d6fccc:c4610]
2019-07-03 07:08:40,523 INFO  client.GrpcClientProtocolClient (GrpcClientProtocolClient.java:onNext(254)) - client-253D2503C21A->6571ba41-d309-4d1d-a321-129a77bf1602: receive RaftClientReply:client-253D2503C21A->6571ba41-d309-4d1d-a321-129a77bf1602@group-6D4C5FD51127, cid=3010, SUCCESS, logIndex=4613, commits[6571ba41-d309-4d1d-a321-129a77bf1602:c4613, 75e8c5ea-f06a-43e1-af6e-1f7f9b0b2cc1:c4611, 1d8d2908-dfb4-4358-9c6e-64b435d6fccc:c4611]
2019-07-03 07:08:40,536 INFO  client.GrpcClientProtocolClient (GrpcClientProtocolClient.java:onNext(254)) - client-253D2503C21A->6571ba41-d309-4d1d-a321-129a77bf1602: receive RaftClientReply:client-253D2503C21A->6571ba41-d309-4d1d-a321-129a77bf1602@group-6D4C5FD51127, cid=3011, SUCCESS, logIndex=4615, commits[6571ba41-d309-4d1d-a321-129a77bf1602:c4615, 75e8c5ea-f06a-43e1-af6e-1f7f9b0b2cc1:c4613, 1d8d2908-dfb4-4358-9c6e-64b435d6fccc:c4613]
2019-07-03 07:08:40,536 INFO  storage.RaftLogWorker (RaftLogWorker.java:rollLogSegment(303)) - 6571ba41-d309-4d1d-a321-129a77bf1602-RaftLogWorker: Rolling segment log-4537_4616 to index:4616
2019-07-03 07:08:40,537 INFO  storage.RaftLogWorker (RaftLogWorker.java:execute(433)) - 6571ba41-d309-4d1d-a321-129a77bf1602-RaftLogWorker: Rolled log segment from /opt/src/hadoop-ozone/tools/target/test-dir/MiniOzoneClusterImpl-0519545d-318d-4c21-a2a0-688f18f8a31d/datanode-4/data/ratis/23ffc2a4-5526-4092-9dc4-6d4c5fd51127/current/log_inprogress_4537 to /opt/src/hadoop-ozone/tools/target/test-dir/MiniOzoneClusterImpl-0519545d-318d-4c21-a2a0-688f18f8a31d/datanode-4/data/ratis/23ffc2a4-5526-4092-9dc4-6d4c5fd51127/current/log_4537-4616
2019-07-03 07:08:40,537 INFO  storage.RaftLogWorker (RaftLogWorker.java:rollLogSegment(303)) - 1d8d2908-dfb4-4358-9c6e-64b435d6fccc-RaftLogWorker: Rolling segment log-4537_4616 to index:4616
2019-07-03 07:08:40,537 INFO  storage.RaftLogWorker (RaftLogWorker.java:rollLogSegment(303)) - 75e8c5ea-f06a-43e1-af6e-1f7f9b0b2cc1-RaftLogWorker: Rolling segment log-4537_4616 to index:4616
2019-07-03 07:08:40,538 INFO  storage.RaftLogWorker (RaftLogWorker.java:execute(433)) - 1d8d2908-dfb4-4358-9c6e-64b435d6fccc-RaftLogWorker: Rolled log segment from /opt/src/hadoop-ozone/tools/target/test-dir/MiniOzoneClusterImpl-0519545d-318d-4c21-a2a0-688f18f8a31d/datanode-2/data/ratis/23ffc2a4-5526-4092-9dc4-6d4c5fd51127/current/log_inprogress_4537 to /opt/src/hadoop-ozone/tools/target/test-dir/MiniOzoneClusterImpl-0519545d-318d-4c21-a2a0-688f18f8a31d/datanode-2/data/ratis/23ffc2a4-5526-4092-9dc4-6d4c5fd51127/current/log_4537-4616
2019-07-03 07:08:40,538 INFO  storage.RaftLogWorker (RaftLogWorker.java:execute(433)) - 75e8c5ea-f06a-43e1-af6e-1f7f9b0b2cc1-RaftLogWorker: Rolled log segment from /opt/src/hadoop-ozone/tools/target/test-dir/MiniOzoneClusterImpl-0519545d-318d-4c21-a2a0-688f18f8a31d/datanode-1/data/ratis/23ffc2a4-5526-4092-9dc4-6d4c5fd51127/current/log_inprogress_4537 to /opt/src/hadoop-ozone/tools/target/test-dir/MiniOzoneClusterImpl-0519545d-318d-4c21-a2a0-688f18f8a31d/datanode-1/data/ratis/23ffc2a4-5526-4092-9dc4-6d4c5fd51127/current/log_4537-4616
2019-07-03 07:08:40,597 INFO  storage.RaftLogWorker (RaftLogWorker.java:execute(469)) - 6571ba41-d309-4d1d-a321-129a77bf1602-RaftLogWorker: created new log segment /opt/src/hadoop-ozone/tools/target/test-dir/MiniOzoneClusterImpl-0519545d-318d-4c21-a2a0-688f18f8a31d/datanode-4/data/ratis/23ffc2a4-5526-4092-9dc4-6d4c5fd51127/current/log_inprogress_4617
2019-07-03 07:08:40,597 INFO  storage.RaftLogWorker (RaftLogWorker.java:execute(469)) - 1d8d2908-dfb4-4358-9c6e-64b435d6fccc-RaftLogWorker: created new log segment /opt/src/hadoop-ozone/tools/target/test-dir/MiniOzoneClusterImpl-0519545d-318d-4c21-a2a0-688f18f8a31d/datanode-2/data/ratis/23ffc2a4-5526-4092-9dc4-6d4c5fd51127/current/log_inprogress_4617
2019-07-03 07:08:40,597 INFO  storage.RaftLogWorker (RaftLogWorker.java:execute(469)) - 75e8c5ea-f06a-43e1-af6e-1f7f9b0b2cc1-RaftLogWorker: created new log segment /opt/src/hadoop-ozone/tools/target/test-dir/MiniOzoneClusterImpl-0519545d-318d-4c21-a2a0-688f18f8a31d/datanode-1/data/ratis/23ffc2a4-5526-4092-9dc4-6d4c5fd51127/current/log_inprogress_4617
2019-07-03 07:08:40,610 INFO  client.GrpcClientProtocolClient (GrpcClientProtocolClient.java:onNext(254)) - client-253D2503C21A->6571ba41-d309-4d1d-a321-129a77bf1602: receive RaftClientReply:client-253D2503C21A->6571ba41-d309-4d1d-a321-129a77bf1602@group-6D4C5FD51127, cid=3012, SUCCESS, logIndex=4617, commits[6571ba41-d309-4d1d-a321-129a77bf1602:c4617, 75e8c5ea-f06a-43e1-af6e-1f7f9b0b2cc1:c4616, 1d8d2908-dfb4-4358-9c6e-64b435d6fccc:c4616]
2019-07-03 07:08:40,622 INFO  client.GrpcClientProtocolClient (GrpcClientProtocolClient.java:onNext(254)) - client-253D2503C21A->6571ba41-d309-4d1d-a321-129a77bf1602: receive RaftClientReply:client-253D2503C21A->6571ba41-d309-4d1d-a321-129a77bf1602@group-6D4C5FD51127, cid=3013, SUCCESS, logIndex=0, commits[6571ba41-d309-4d1d-a321-129a77bf1602:c4618, 75e8c5ea-f06a-43e1-af6e-1f7f9b0b2cc1:c4617, 1d8d2908-dfb4-4358-9c6e-64b435d6fccc:c4617]
2019-07-03 07:08:40,657 INFO  client.GrpcClientProtocolClient (GrpcClientProtocolClient.java:onNext(254)) - client-253D2503C21A->6571ba41-d309-4d1d-a321-129a77bf1602: receive RaftClientReply:client-253D2503C21A->6571ba41-d309-4d1d-a321-129a77bf1602@group-6D4C5FD51127, cid=3014, SUCCESS, logIndex=4619, commits[6571ba41-d309-4d1d-a321-129a77bf1602:c4619, 75e8c5ea-f06a-43e1-af6e-1f7f9b0b2cc1:c4618, 1d8d2908-dfb4-4358-9c6e-64b435d6fccc:c4618]
2019-07-03 07:08:40,669 INFO  client.GrpcClientProtocolClient (GrpcClientProtocolClient.java:onNext(254)) - client-253D2503C21A->6571ba41-d309-4d1d-a321-129a77bf1602: receive RaftClientReply:client-253D2503C21A->6571ba41-d309-4d1d-a321-129a77bf1602@group-6D4C5FD51127, cid=3015, SUCCESS, logIndex=4621, commits[6571ba41-d309-4d1d-a321-129a77bf1602:c4621, 75e8c5ea-f06a-43e1-af6e-1f7f9b0b2cc1:c4619, 1d8d2908-dfb4-4358-9c6e-64b435d6fccc:c4619]
2019-07-03 07:08:40,669 INFO  client.GrpcClientProtocolClient (GrpcClientProtocolClient.java:onNext(254)) - client-253D2503C21A->6571ba41-d309-4d1d-a321-129a77bf1602: receive RaftClientReply:client-253D2503C21A->6571ba41-d309-4d1d-a321-129a77bf1602@group-6D4C5FD51127, cid=3016, SUCCESS, logIndex=4622, commits[6571ba41-d309-4d1d-a321-129a77bf1602:c4622, 75e8c5ea-f06a-43e1-af6e-1f7f9b0b2cc1:c4619, 1d8d2908-dfb4-4358-9c6e-64b435d6fccc:c4619]
2019-07-03 07:08:40,670 INFO  client.GrpcClientProtocolClient (GrpcClientProtocolClient.java:onNext(254)) - client-253D2503C21A->6571ba41-d309-4d1d-a321-129a77bf1602: receive RaftClientReply:client-253D2503C21A->6571ba41-d309-4d1d-a321-129a77bf1602@group-6D4C5FD51127, cid=3017, SUCCESS, logIndex=4623, commits[6571ba41-d309-4d1d-a321-129a77bf1602:c4623, 75e8c5ea-f06a-43e1-af6e-1f7f9b0b2cc1:c4619, 1d8d2908-dfb4-4358-9c6e-64b435d6fccc:c4619]
2019-07-03 07:08:40,671 INFO  client.GrpcClientProtocolClient (GrpcClientProtocolClient.java:onNext(254)) - client-253D2503C21A->6571ba41-d309-4d1d-a321-129a77bf1602: receive RaftClientReply:client-253D2503C21A->6571ba41-d309-4d1d-a321-129a77bf1602@group-6D4C5FD51127, cid=3018, SUCCESS, logIndex=0, commits[6571ba41-d309-4d1d-a321-129a77bf1602:c4625, 75e8c5ea-f06a-43e1-af6e-1f7f9b0b2cc1:c4622, 1d8d2908-dfb4-4358-9c6e-64b435d6fccc:c4622]
2019-07-03 07:08:40,692 INFO  client.GrpcClientProtocolClient (GrpcClientProtocolClient.java:onNext(254)) - client-253D2503C21A->6571ba41-d309-4d1d-a321-129a77bf1602: receive RaftClientReply:client-253D2503C21A->6571ba41-d309-4d1d-a321-129a77bf1602@group-6D4C5FD51127, cid=3019, SUCCESS, logIndex=4627, commits[6571ba41-d309-4d1d-a321-129a77bf1602:c4627, 75e8c5ea-f06a-43e1-af6e-1f7f9b0b2cc1:c4626, 1d8d2908-dfb4-4358-9c6e-64b435d6fccc:c4626]
2019-07-03 07:08:40,730 INFO  client.GrpcClientProtocolClient (GrpcClientProtocolClient.java:onNext(254)) - client-253D2503C21A->6571ba41-d309-4d1d-a321-129a77bf1602: receive RaftClientReply:client-253D2503C21A->6571ba41-d309-4d1d-a321-129a77bf1602@group-6D4C5FD51127, cid=3020, SUCCESS, logIndex=4629, commits[6571ba41-d309-4d1d-a321-129a77bf1602:c4629, 75e8c5ea-f06a-43e1-af6e-1f7f9b0b2cc1:c4627, 1d8d2908-dfb4-4358-9c6e-64b435d6fccc:c4627]
2019-07-03 07:08:40,755 INFO  client.GrpcClientProtocolClient (GrpcClientProtocolClient.java:onNext(254)) - client-253D2503C21A->6571ba41-d309-4d1d-a321-129a77bf1602: receive RaftClientReply:client-253D2503C21A->6571ba41-d309-4d1d-a321-129a77bf1602@group-6D4C5FD51127, cid=3021, SUCCESS, logIndex=4631, commits[6571ba41-d309-4d1d-a321-129a77bf1602:c4631, 75e8c5ea-f06a-43e1-af6e-1f7f9b0b2cc1:c4629, 1d8d2908-dfb4-4358-9c6e-64b435d6fccc:c4629]
2019-07-03 07:08:40,758 INFO  client.GrpcClientProtocolClient (GrpcClientProtocolClient.java:onNext(254)) - client-253D2503C21A->6571ba41-d309-4d1d-a321-129a77bf1602: receive RaftClientReply:client-253D2503C21A->6571ba41-d309-4d1d-a321-129a77bf1602@group-6D4C5FD51127, cid=3022, SUCCESS, logIndex=4633, commits[6571ba41-d309-4d1d-a321-129a77bf1602:c4633, 75e8c5ea-f06a-43e1-af6e-1f7f9b0b2cc1:c4631, 1d8d2908-dfb4-4358-9c6e-64b435d6fccc:c4631]
2019-07-03 07:08:40,770 INFO  client.GrpcClientProtocolClient (GrpcClientProtocolClient.java:onNext(254)) - client-253D2503C21A->6571ba41-d309-4d1d-a321-129a77bf1602: receive RaftClientReply:client-253D2503C21A->6571ba41-d309-4d1d-a321-129a77bf1602@group-6D4C5FD51127, cid=3023, SUCCESS, logIndex=0, commits[6571ba41-d309-4d1d-a321-129a77bf1602:c4634, 75e8c5ea-f06a-43e1-af6e-1f7f9b0b2cc1:c4633, 1d8d2908-dfb4-4358-9c6e-64b435d6fccc:c4633]
2019-07-03 07:08:40,801 INFO  client.GrpcClientProtocolClient (GrpcClientProtocolClient.java:onNext(254)) - client-253D2503C21A->6571ba41-d309-4d1d-a321-129a77bf1602: receive RaftClientReply:client-253D2503C21A->6571ba41-d309-4d1d-a321-129a77bf1602@group-6D4C5FD51127, cid=3024, SUCCESS, logIndex=4635, commits[6571ba41-d309-4d1d-a321-129a77bf1602:c4635, 75e8c5ea-f06a-43e1-af6e-1f7f9b0b2cc1:c4634, 1d8d2908-dfb4-4358-9c6e-64b435d6fccc:c4634]
2019-07-03 07:08:40,813 INFO  client.GrpcClientProtocolClient (GrpcClientProtocolClient.java:onNext(254)) - client-253D2503C21A->6571ba41-d309-4d1d-a321-129a77bf1602: receive RaftClientReply:client-253D2503C21A->6571ba41-d309-4d1d-a321-129a77bf1602@group-6D4C5FD51127, cid=3025, SUCCESS, logIndex=4637, commits[6571ba41-d309-4d1d-a321-129a77bf1602:c4638, 75e8c5ea-f06a-43e1-af6e-1f7f9b0b2cc1:c4635, 1d8d2908-dfb4-4358-9c6e-64b435d6fccc:c4635]
2019-07-03 07:08:40,814 INFO  client.GrpcClientProtocolClient (GrpcClientProtocolClient.java:onNext(254)) - client-253D2503C21A->6571ba41-d309-4d1d-a321-129a77bf1602: receive RaftClientReply:client-253D2503C21A->6571ba41-d309-4d1d-a321-129a77bf1602@group-6D4C5FD51127, cid=3026, SUCCESS, logIndex=4638, commits[6571ba41-d309-4d1d-a321-129a77bf1602:c4638, 75e8c5ea-f06a-43e1-af6e-1f7f9b0b2cc1:c4635, 1d8d2908-dfb4-4358-9c6e-64b435d6fccc:c4635]
2019-07-03 07:08:40,814 INFO  client.GrpcClientProtocolClient (GrpcClientProtocolClient.java:onNext(254)) - client-253D2503C21A->6571ba41-d309-4d1d-a321-129a77bf1602: receive RaftClientReply:client-253D2503C21A->6571ba41-d309-4d1d-a321-129a77bf1602@group-6D4C5FD51127, cid=3027, SUCCESS, logIndex=4639, commits[6571ba41-d309-4d1d-a321-129a77bf1602:c4639, 75e8c5ea-f06a-43e1-af6e-1f7f9b0b2cc1:c4637, 1d8d2908-dfb4-4358-9c6e-64b435d6fccc:c4635]
2019-07-03 07:08:40,816 INFO  client.GrpcClientProtocolClient (GrpcClientProtocolClient.java:onNext(254)) - client-253D2503C21A->6571ba41-d309-4d1d-a321-129a77bf1602: receive RaftClientReply:client-253D2503C21A->6571ba41-d309-4d1d-a321-129a77bf1602@group-6D4C5FD51127, cid=3028, SUCCESS, logIndex=0, commits[6571ba41-d309-4d1d-a321-129a77bf1602:c4640, 75e8c5ea-f06a-43e1-af6e-1f7f9b0b2cc1:c4637, 1d8d2908-dfb4-4358-9c6e-64b435d6fccc:c4638]
2019-07-03 07:08:40,836 INFO  client.GrpcClientProtocolClient (GrpcClientProtocolClient.java:onNext(254)) - client-253D2503C21A->6571ba41-d309-4d1d-a321-129a77bf1602: receive RaftClientReply:client-253D2503C21A->6571ba41-d309-4d1d-a321-129a77bf1602@group-6D4C5FD51127, cid=3029, SUCCESS, logIndex=4643, commits[6571ba41-d309-4d1d-a321-129a77bf1602:c4643, 75e8c5ea-f06a-43e1-af6e-1f7f9b0b2cc1:c4642, 1d8d2908-dfb4-4358-9c6e-64b435d6fccc:c4642]
2019-07-03 07:08:40,851 INFO  client.GrpcClientProtocolClient (GrpcClientProtocolClient.java:onNext(254)) - client-253D2503C21A->6571ba41-d309-4d1d-a321-129a77bf1602: receive RaftClientReply:client-253D2503C21A->6571ba41-d309-4d1d-a321-129a77bf1602@group-6D4C5FD51127, cid=3030, SUCCESS, logIndex=4645, commits[6571ba41-d309-4d1d-a321-129a77bf1602:c4645, 75e8c5ea-f06a-43e1-af6e-1f7f9b0b2cc1:c4643, 1d8d2908-dfb4-4358-9c6e-64b435d6fccc:c4643]
2019-07-03 07:08:40,866 INFO  client.GrpcClientProtocolClient (GrpcClientProtocolClient.java:onNext(254)) - client-253D2503C21A->6571ba41-d309-4d1d-a321-129a77bf1602: receive RaftClientReply:client-253D2503C21A->6571ba41-d309-4d1d-a321-129a77bf1602@group-6D4C5FD51127, cid=3031, SUCCESS, logIndex=4647, commits[6571ba41-d309-4d1d-a321-129a77bf1602:c4647, 75e8c5ea-f06a-43e1-af6e-1f7f9b0b2cc1:c4645, 1d8d2908-dfb4-4358-9c6e-64b435d6fccc:c4645]
 0.00% |█                                                                                                    |  0/1 Time: 0:00:482019-07-03 07:08:40,879 INFO  client.GrpcClientProtocolClient (GrpcClientProtocolClient.java:onNext(254)) - client-253D2503C21A->6571ba41-d309-4d1d-a321-129a77bf1602: receive RaftClientReply:client-253D2503C21A->6571ba41-d309-4d1d-a321-129a77bf1602@group-6D4C5FD51127, cid=3032, SUCCESS, logIndex=4649, commits[6571ba41-d309-4d1d-a321-129a77bf1602:c4649, 75e8c5ea-f06a-43e1-af6e-1f7f9b0b2cc1:c4647, 1d8d2908-dfb4-4358-9c6e-64b435d6fccc:c4647]
2019-07-03 07:08:40,891 INFO  client.GrpcClientProtocolClient (GrpcClientProtocolClient.java:onNext(254)) - client-253D2503C21A->6571ba41-d309-4d1d-a321-129a77bf1602: receive RaftClientReply:client-253D2503C21A->6571ba41-d309-4d1d-a321-129a77bf1602@group-6D4C5FD51127, cid=3033, SUCCESS, logIndex=0, commits[6571ba41-d309-4d1d-a321-129a77bf1602:c4650, 75e8c5ea-f06a-43e1-af6e-1f7f9b0b2cc1:c4649, 1d8d2908-dfb4-4358-9c6e-64b435d6fccc:c4649]
2019-07-03 07:08:40,919 INFO  client.GrpcClientProtocolClient (GrpcClientProtocolClient.java:onNext(254)) - client-253D2503C21A->6571ba41-d309-4d1d-a321-129a77bf1602: receive RaftClientReply:client-253D2503C21A->6571ba41-d309-4d1d-a321-129a77bf1602@group-6D4C5FD51127, cid=3034, SUCCESS, logIndex=4651, commits[6571ba41-d309-4d1d-a321-129a77bf1602:c4651, 75e8c5ea-f06a-43e1-af6e-1f7f9b0b2cc1:c4650, 1d8d2908-dfb4-4358-9c6e-64b435d6fccc:c4650]
2019-07-03 07:08:40,931 INFO  client.GrpcClientProtocolClient (GrpcClientProtocolClient.java:onNext(254)) - client-253D2503C21A->6571ba41-d309-4d1d-a321-129a77bf1602: receive RaftClientReply:client-253D2503C21A->6571ba41-d309-4d1d-a321-129a77bf1602@group-6D4C5FD51127, cid=3035, SUCCESS, logIndex=4653, commits[6571ba41-d309-4d1d-a321-129a77bf1602:c4653, 75e8c5ea-f06a-43e1-af6e-1f7f9b0b2cc1:c4651, 1d8d2908-dfb4-4358-9c6e-64b435d6fccc:c4651]
2019-07-03 07:08:40,931 INFO  client.GrpcClientProtocolClient (GrpcClientProtocolClient.java:onNext(254)) - client-253D2503C21A->6571ba41-d309-4d1d-a321-129a77bf1602: receive RaftClientReply:client-253D2503C21A->6571ba41-d309-4d1d-a321-129a77bf1602@group-6D4C5FD51127, cid=3036, SUCCESS, logIndex=4654, commits[6571ba41-d309-4d1d-a321-129a77bf1602:c4654, 75e8c5ea-f06a-43e1-af6e-1f7f9b0b2cc1:c4651, 1d8d2908-dfb4-4358-9c6e-64b435d6fccc:c4651]
2019-07-03 07:08:40,932 INFO  client.GrpcClientProtocolClient (GrpcClientProtocolClient.java:onNext(254)) - client-253D2503C21A->6571ba41-d309-4d1d-a321-129a77bf1602: receive RaftClientReply:client-253D2503C21A->6571ba41-d309-4d1d-a321-129a77bf1602@group-6D4C5FD51127, cid=3037, SUCCESS, logIndex=4655, commits[6571ba41-d309-4d1d-a321-129a77bf1602:c4655, 75e8c5ea-f06a-43e1-af6e-1f7f9b0b2cc1:c4651, 1d8d2908-dfb4-4358-9c6e-64b435d6fccc:c4651]
2019-07-03 07:08:40,933 INFO  client.GrpcClientProtocolClient (GrpcClientProtocolClient.java:onNext(254)) - client-253D2503C21A->6571ba41-d309-4d1d-a321-129a77bf1602: receive RaftClientReply:client-253D2503C21A->6571ba41-d309-4d1d-a321-129a77bf1602@group-6D4C5FD51127, cid=3038, SUCCESS, logIndex=0, commits[6571ba41-d309-4d1d-a321-129a77bf1602:c4656, 75e8c5ea-f06a-43e1-af6e-1f7f9b0b2cc1:c4654, 1d8d2908-dfb4-4358-9c6e-64b435d6fccc:c4653]
2019-07-03 07:08:40,953 INFO  client.GrpcClientProtocolClient (GrpcClientProtocolClient.java:onNext(254)) - client-253D2503C21A->6571ba41-d309-4d1d-a321-129a77bf1602: receive RaftClientReply:client-253D2503C21A->6571ba41-d309-4d1d-a321-129a77bf1602@group-6D4C5FD51127, cid=3039, SUCCESS, logIndex=4659, commits[6571ba41-d309-4d1d-a321-129a77bf1602:c4659, 75e8c5ea-f06a-43e1-af6e-1f7f9b0b2cc1:c4658, 1d8d2908-dfb4-4358-9c6e-64b435d6fccc:c4658]
2019-07-03 07:08:40,957 INFO  client.GrpcClientProtocolClient (GrpcClientProtocolClient.java:onNext(254)) - client-253D2503C21A->6571ba41-d309-4d1d-a321-129a77bf1602: receive RaftClientReply:client-253D2503C21A->6571ba41-d309-4d1d-a321-129a77bf1602@group-6D4C5FD51127, cid=3040, SUCCESS, logIndex=4661, commits[6571ba41-d309-4d1d-a321-129a77bf1602:c4661, 75e8c5ea-f06a-43e1-af6e-1f7f9b0b2cc1:c4659, 1d8d2908-dfb4-4358-9c6e-64b435d6fccc:c4659]
2019-07-03 07:08:40,972 INFO  client.GrpcClientProtocolClient (GrpcClientProtocolClient.java:onNext(254)) - client-253D2503C21A->6571ba41-d309-4d1d-a321-129a77bf1602: receive RaftClientReply:client-253D2503C21A->6571ba41-d309-4d1d-a321-129a77bf1602@group-6D4C5FD51127, cid=3041, SUCCESS, logIndex=4663, commits[6571ba41-d309-4d1d-a321-129a77bf1602:c4663, 75e8c5ea-f06a-43e1-af6e-1f7f9b0b2cc1:c4661, 1d8d2908-dfb4-4358-9c6e-64b435d6fccc:c4661]
2019-07-03 07:08:41,009 INFO  client.GrpcClientProtocolClient (GrpcClientProtocolClient.java:onNext(254)) - client-253D2503C21A->6571ba41-d309-4d1d-a321-129a77bf1602: receive RaftClientReply:client-253D2503C21A->6571ba41-d309-4d1d-a321-129a77bf1602@group-6D4C5FD51127, cid=3042, SUCCESS, logIndex=4665, commits[6571ba41-d309-4d1d-a321-129a77bf1602:c4665, 75e8c5ea-f06a-43e1-af6e-1f7f9b0b2cc1:c4663, 1d8d2908-dfb4-4358-9c6e-64b435d6fccc:c4663]
2019-07-03 07:08:41,021 INFO  client.GrpcClientProtocolClient (GrpcClientProtocolClient.java:onNext(254)) - client-253D2503C21A->6571ba41-d309-4d1d-a321-129a77bf1602: receive RaftClientReply:client-253D2503C21A->6571ba41-d309-4d1d-a321-129a77bf1602@group-6D4C5FD51127, cid=3043, SUCCESS, logIndex=0, commits[6571ba41-d309-4d1d-a321-129a77bf1602:c4666, 75e8c5ea-f06a-43e1-af6e-1f7f9b0b2cc1:c4665, 1d8d2908-dfb4-4358-9c6e-64b435d6fccc:c4665]
2019-07-03 07:08:41,055 INFO  client.GrpcClientProtocolClient (GrpcClientProtocolClient.java:onNext(254)) - client-253D2503C21A->6571ba41-d309-4d1d-a321-129a77bf1602: receive RaftClientReply:client-253D2503C21A->6571ba41-d309-4d1d-a321-129a77bf1602@group-6D4C5FD51127, cid=3044, SUCCESS, logIndex=4667, commits[6571ba41-d309-4d1d-a321-129a77bf1602:c4667, 75e8c5ea-f06a-43e1-af6e-1f7f9b0b2cc1:c4666, 1d8d2908-dfb4-4358-9c6e-64b435d6fccc:c4666]
2019-07-03 07:08:41,067 INFO  client.GrpcClientProtocolClient (GrpcClientProtocolClient.java:onNext(254)) - client-253D2503C21A->6571ba41-d309-4d1d-a321-129a77bf1602: receive RaftClientReply:client-253D2503C21A->6571ba41-d309-4d1d-a321-129a77bf1602@group-6D4C5FD51127, cid=3045, SUCCESS, logIndex=4669, commits[6571ba41-d309-4d1d-a321-129a77bf1602:c4670, 75e8c5ea-f06a-43e1-af6e-1f7f9b0b2cc1:c4667, 1d8d2908-dfb4-4358-9c6e-64b435d6fccc:c4667]
2019-07-03 07:08:41,068 INFO  client.GrpcClientProtocolClient (GrpcClientProtocolClient.java:onNext(254)) - client-253D2503C21A->6571ba41-d309-4d1d-a321-129a77bf1602: receive RaftClientReply:client-253D2503C21A->6571ba41-d309-4d1d-a321-129a77bf1602@group-6D4C5FD51127, cid=3046, SUCCESS, logIndex=4670, commits[6571ba41-d309-4d1d-a321-129a77bf1602:c4670, 75e8c5ea-f06a-43e1-af6e-1f7f9b0b2cc1:c4667, 1d8d2908-dfb4-4358-9c6e-64b435d6fccc:c4667]
2019-07-03 07:08:41,068 INFO  client.GrpcClientProtocolClient (GrpcClientProtocolClient.java:onNext(254)) - client-253D2503C21A->6571ba41-d309-4d1d-a321-129a77bf1602: receive RaftClientReply:client-253D2503C21A->6571ba41-d309-4d1d-a321-129a77bf1602@group-6D4C5FD51127, cid=3047, SUCCESS, logIndex=4671, commits[6571ba41-d309-4d1d-a321-129a77bf1602:c4671, 75e8c5ea-f06a-43e1-af6e-1f7f9b0b2cc1:c4667, 1d8d2908-dfb4-4358-9c6e-64b435d6fccc:c4669]
2019-07-03 07:08:41,070 INFO  client.GrpcClientProtocolClient (GrpcClientProtocolClient.java:onNext(254)) - client-253D2503C21A->6571ba41-d309-4d1d-a321-129a77bf1602: receive RaftClientReply:client-253D2503C21A->6571ba41-d309-4d1d-a321-129a77bf1602@group-6D4C5FD51127, cid=3048, SUCCESS, logIndex=0, commits[6571ba41-d309-4d1d-a321-129a77bf1602:c4672, 75e8c5ea-f06a-43e1-af6e-1f7f9b0b2cc1:c4669, 1d8d2908-dfb4-4358-9c6e-64b435d6fccc:c4669]
2019-07-03 07:08:41,084 INFO  client.GrpcClientProtocolClient (GrpcClientProtocolClient.java:onNext(254)) - client-253D2503C21A->6571ba41-d309-4d1d-a321-129a77bf1602: receive RaftClientReply:client-253D2503C21A->6571ba41-d309-4d1d-a321-129a77bf1602@group-6D4C5FD51127, cid=3049, SUCCESS, logIndex=4675, commits[6571ba41-d309-4d1d-a321-129a77bf1602:c4675, 75e8c5ea-f06a-43e1-af6e-1f7f9b0b2cc1:c4672, 1d8d2908-dfb4-4358-9c6e-64b435d6fccc:c4671]
2019-07-03 07:08:41,087 INFO  client.GrpcClientProtocolClient (GrpcClientProtocolClient.java:onNext(254)) - client-253D2503C21A->6571ba41-d309-4d1d-a321-129a77bf1602: receive RaftClientReply:client-253D2503C21A->6571ba41-d309-4d1d-a321-129a77bf1602@group-6D4C5FD51127, cid=3050, SUCCESS, logIndex=4677, commits[6571ba41-d309-4d1d-a321-129a77bf1602:c4677, 75e8c5ea-f06a-43e1-af6e-1f7f9b0b2cc1:c4675, 1d8d2908-dfb4-4358-9c6e-64b435d6fccc:c4675]
2019-07-03 07:08:41,100 INFO  client.GrpcClientProtocolClient (GrpcClientProtocolClient.java:onNext(254)) - client-253D2503C21A->6571ba41-d309-4d1d-a321-129a77bf1602: receive RaftClientReply:client-253D2503C21A->6571ba41-d309-4d1d-a321-129a77bf1602@group-6D4C5FD51127, cid=3051, SUCCESS, logIndex=4679, commits[6571ba41-d309-4d1d-a321-129a77bf1602:c4679, 75e8c5ea-f06a-43e1-af6e-1f7f9b0b2cc1:c4677, 1d8d2908-dfb4-4358-9c6e-64b435d6fccc:c4677]
2019-07-03 07:08:41,117 INFO  client.GrpcClientProtocolClient (GrpcClientProtocolClient.java:onNext(254)) - client-253D2503C21A->6571ba41-d309-4d1d-a321-129a77bf1602: receive RaftClientReply:client-253D2503C21A->6571ba41-d309-4d1d-a321-129a77bf1602@group-6D4C5FD51127, cid=3052, SUCCESS, logIndex=4681, commits[6571ba41-d309-4d1d-a321-129a77bf1602:c4681, 75e8c5ea-f06a-43e1-af6e-1f7f9b0b2cc1:c4679, 1d8d2908-dfb4-4358-9c6e-64b435d6fccc:c4679]
2019-07-03 07:08:41,129 INFO  client.GrpcClientProtocolClient (GrpcClientProtocolClient.java:onNext(254)) - client-253D2503C21A->6571ba41-d309-4d1d-a321-129a77bf1602: receive RaftClientReply:client-253D2503C21A->6571ba41-d309-4d1d-a321-129a77bf1602@group-6D4C5FD51127, cid=3053, SUCCESS, logIndex=0, commits[6571ba41-d309-4d1d-a321-129a77bf1602:c4682, 75e8c5ea-f06a-43e1-af6e-1f7f9b0b2cc1:c4681, 1d8d2908-dfb4-4358-9c6e-64b435d6fccc:c4681]
2019-07-03 07:08:41,160 INFO  client.GrpcClientProtocolClient (GrpcClientProtocolClient.java:onNext(254)) - client-253D2503C21A->6571ba41-d309-4d1d-a321-129a77bf1602: receive RaftClientReply:client-253D2503C21A->6571ba41-d309-4d1d-a321-129a77bf1602@group-6D4C5FD51127, cid=3054, SUCCESS, logIndex=4683, commits[6571ba41-d309-4d1d-a321-129a77bf1602:c4683, 75e8c5ea-f06a-43e1-af6e-1f7f9b0b2cc1:c4682, 1d8d2908-dfb4-4358-9c6e-64b435d6fccc:c4682]
2019-07-03 07:08:41,172 INFO  client.GrpcClientProtocolClient (GrpcClientProtocolClient.java:onNext(254)) - client-253D2503C21A->6571ba41-d309-4d1d-a321-129a77bf1602: receive RaftClientReply:client-253D2503C21A->6571ba41-d309-4d1d-a321-129a77bf1602@group-6D4C5FD51127, cid=3055, SUCCESS, logIndex=4685, commits[6571ba41-d309-4d1d-a321-129a77bf1602:c4685, 75e8c5ea-f06a-43e1-af6e-1f7f9b0b2cc1:c4683, 1d8d2908-dfb4-4358-9c6e-64b435d6fccc:c4683]
2019-07-03 07:08:41,173 INFO  client.GrpcClientProtocolClient (GrpcClientProtocolClient.java:onNext(254)) - client-253D2503C21A->6571ba41-d309-4d1d-a321-129a77bf1602: receive RaftClientReply:client-253D2503C21A->6571ba41-d309-4d1d-a321-129a77bf1602@group-6D4C5FD51127, cid=3056, SUCCESS, logIndex=4686, commits[6571ba41-d309-4d1d-a321-129a77bf1602:c4686, 75e8c5ea-f06a-43e1-af6e-1f7f9b0b2cc1:c4683, 1d8d2908-dfb4-4358-9c6e-64b435d6fccc:c4683]
2019-07-03 07:08:41,173 INFO  client.GrpcClientProtocolClient (GrpcClientProtocolClient.java:onNext(254)) - client-253D2503C21A->6571ba41-d309-4d1d-a321-129a77bf1602: receive RaftClientReply:client-253D2503C21A->6571ba41-d309-4d1d-a321-129a77bf1602@group-6D4C5FD51127, cid=3057, SUCCESS, logIndex=4687, commits[6571ba41-d309-4d1d-a321-129a77bf1602:c4688, 75e8c5ea-f06a-43e1-af6e-1f7f9b0b2cc1:c4683, 1d8d2908-dfb4-4358-9c6e-64b435d6fccc:c4685]
2019-07-03 07:08:41,175 INFO  client.GrpcClientProtocolClient (GrpcClientProtocolClient.java:onNext(254)) - client-253D2503C21A->6571ba41-d309-4d1d-a321-129a77bf1602: receive RaftClientReply:client-253D2503C21A->6571ba41-d309-4d1d-a321-129a77bf1602@group-6D4C5FD51127, cid=3058, SUCCESS, logIndex=0, commits[6571ba41-d309-4d1d-a321-129a77bf1602:c4689, 75e8c5ea-f06a-43e1-af6e-1f7f9b0b2cc1:c4685, 1d8d2908-dfb4-4358-9c6e-64b435d6fccc:c4686]
2019-07-03 07:08:41,196 INFO  client.GrpcClientProtocolClient (GrpcClientProtocolClient.java:onNext(254)) - client-253D2503C21A->6571ba41-d309-4d1d-a321-129a77bf1602: receive RaftClientReply:client-253D2503C21A->6571ba41-d309-4d1d-a321-129a77bf1602@group-6D4C5FD51127, cid=3059, SUCCESS, logIndex=4691, commits[6571ba41-d309-4d1d-a321-129a77bf1602:c4691, 75e8c5ea-f06a-43e1-af6e-1f7f9b0b2cc1:c4690, 1d8d2908-dfb4-4358-9c6e-64b435d6fccc:c4690]
2019-07-03 07:08:41,209 INFO  client.GrpcClientProtocolClient (GrpcClientProtocolClient.java:onNext(254)) - client-253D2503C21A->6571ba41-d309-4d1d-a321-129a77bf1602: receive RaftClientReply:client-253D2503C21A->6571ba41-d309-4d1d-a321-129a77bf1602@group-6D4C5FD51127, cid=3060, SUCCESS, logIndex=4693, commits[6571ba41-d309-4d1d-a321-129a77bf1602:c4693, 75e8c5ea-f06a-43e1-af6e-1f7f9b0b2cc1:c4691, 1d8d2908-dfb4-4358-9c6e-64b435d6fccc:c4691]
2019-07-03 07:08:41,231 INFO  client.GrpcClientProtocolClient (GrpcClientProtocolClient.java:onNext(254)) - client-253D2503C21A->6571ba41-d309-4d1d-a321-129a77bf1602: receive RaftClientReply:client-253D2503C21A->6571ba41-d309-4d1d-a321-129a77bf1602@group-6D4C5FD51127, cid=3061, SUCCESS, logIndex=4695, commits[6571ba41-d309-4d1d-a321-129a77bf1602:c4695, 75e8c5ea-f06a-43e1-af6e-1f7f9b0b2cc1:c4693, 1d8d2908-dfb4-4358-9c6e-64b435d6fccc:c4693]
2019-07-03 07:08:41,231 INFO  storage.RaftLogWorker (RaftLogWorker.java:rollLogSegment(303)) - 6571ba41-d309-4d1d-a321-129a77bf1602-RaftLogWorker: Rolling segment log-4617_4696 to index:4696
2019-07-03 07:08:41,232 INFO  storage.RaftLogWorker (RaftLogWorker.java:rollLogSegment(303)) - 1d8d2908-dfb4-4358-9c6e-64b435d6fccc-RaftLogWorker: Rolling segment log-4617_4696 to index:4696
2019-07-03 07:08:41,232 INFO  storage.RaftLogWorker (RaftLogWorker.java:rollLogSegment(303)) - 75e8c5ea-f06a-43e1-af6e-1f7f9b0b2cc1-RaftLogWorker: Rolling segment log-4617_4696 to index:4696
2019-07-03 07:08:41,240 INFO  storage.RaftLogWorker (RaftLogWorker.java:execute(433)) - 6571ba41-d309-4d1d-a321-129a77bf1602-RaftLogWorker: Rolled log segment from /opt/src/hadoop-ozone/tools/target/test-dir/MiniOzoneClusterImpl-0519545d-318d-4c21-a2a0-688f18f8a31d/datanode-4/data/ratis/23ffc2a4-5526-4092-9dc4-6d4c5fd51127/current/log_inprogress_4617 to /opt/src/hadoop-ozone/tools/target/test-dir/MiniOzoneClusterImpl-0519545d-318d-4c21-a2a0-688f18f8a31d/datanode-4/data/ratis/23ffc2a4-5526-4092-9dc4-6d4c5fd51127/current/log_4617-4696
2019-07-03 07:08:41,240 INFO  storage.RaftLogWorker (RaftLogWorker.java:execute(433)) - 1d8d2908-dfb4-4358-9c6e-64b435d6fccc-RaftLogWorker: Rolled log segment from /opt/src/hadoop-ozone/tools/target/test-dir/MiniOzoneClusterImpl-0519545d-318d-4c21-a2a0-688f18f8a31d/datanode-2/data/ratis/23ffc2a4-5526-4092-9dc4-6d4c5fd51127/current/log_inprogress_4617 to /opt/src/hadoop-ozone/tools/target/test-dir/MiniOzoneClusterImpl-0519545d-318d-4c21-a2a0-688f18f8a31d/datanode-2/data/ratis/23ffc2a4-5526-4092-9dc4-6d4c5fd51127/current/log_4617-4696
2019-07-03 07:08:41,240 INFO  storage.RaftLogWorker (RaftLogWorker.java:execute(433)) - 75e8c5ea-f06a-43e1-af6e-1f7f9b0b2cc1-RaftLogWorker: Rolled log segment from /opt/src/hadoop-ozone/tools/target/test-dir/MiniOzoneClusterImpl-0519545d-318d-4c21-a2a0-688f18f8a31d/datanode-1/data/ratis/23ffc2a4-5526-4092-9dc4-6d4c5fd51127/current/log_inprogress_4617 to /opt/src/hadoop-ozone/tools/target/test-dir/MiniOzoneClusterImpl-0519545d-318d-4c21-a2a0-688f18f8a31d/datanode-1/data/ratis/23ffc2a4-5526-4092-9dc4-6d4c5fd51127/current/log_4617-4696
2019-07-03 07:08:41,865 INFO  storage.RaftLogWorker (RaftLogWorker.java:execute(469)) - 6571ba41-d309-4d1d-a321-129a77bf1602-RaftLogWorker: created new log segment /opt/src/hadoop-ozone/tools/target/test-dir/MiniOzoneClusterImpl-0519545d-318d-4c21-a2a0-688f18f8a31d/datanode-4/data/ratis/23ffc2a4-5526-4092-9dc4-6d4c5fd51127/current/log_inprogress_4697
2019-07-03 07:08:41,865 INFO  storage.RaftLogWorker (RaftLogWorker.java:execute(469)) - 75e8c5ea-f06a-43e1-af6e-1f7f9b0b2cc1-RaftLogWorker: created new log segment /opt/src/hadoop-ozone/tools/target/test-dir/MiniOzoneClusterImpl-0519545d-318d-4c21-a2a0-688f18f8a31d/datanode-1/data/ratis/23ffc2a4-5526-4092-9dc4-6d4c5fd51127/current/log_inprogress_4697
 0.00% |█                                                                                                    |  0/1 Time: 0:00:492019-07-03 07:08:41,878 INFO  storage.RaftLogWorker (RaftLogWorker.java:execute(469)) - 1d8d2908-dfb4-4358-9c6e-64b435d6fccc-RaftLogWorker: created new log segment /opt/src/hadoop-ozone/tools/target/test-dir/MiniOzoneClusterImpl-0519545d-318d-4c21-a2a0-688f18f8a31d/datanode-2/data/ratis/23ffc2a4-5526-4092-9dc4-6d4c5fd51127/current/log_inprogress_4697
2019-07-03 07:08:41,879 INFO  client.GrpcClientProtocolClient (GrpcClientProtocolClient.java:onNext(254)) - client-253D2503C21A->6571ba41-d309-4d1d-a321-129a77bf1602: receive RaftClientReply:client-253D2503C21A->6571ba41-d309-4d1d-a321-129a77bf1602@group-6D4C5FD51127, cid=3062, SUCCESS, logIndex=4697, commits[6571ba41-d309-4d1d-a321-129a77bf1602:c4697, 75e8c5ea-f06a-43e1-af6e-1f7f9b0b2cc1:c4696, 1d8d2908-dfb4-4358-9c6e-64b435d6fccc:c4695]
2019-07-03 07:08:41,882 INFO  client.GrpcClientProtocolClient (GrpcClientProtocolClient.java:onNext(254)) - client-253D2503C21A->6571ba41-d309-4d1d-a321-129a77bf1602: receive RaftClientReply:client-253D2503C21A->6571ba41-d309-4d1d-a321-129a77bf1602@group-6D4C5FD51127, cid=3063, SUCCESS, logIndex=0, commits[6571ba41-d309-4d1d-a321-129a77bf1602:c4698, 75e8c5ea-f06a-43e1-af6e-1f7f9b0b2cc1:c4697, 1d8d2908-dfb4-4358-9c6e-64b435d6fccc:c4697]
2019-07-03 07:08:41,916 INFO  client.GrpcClientProtocolClient (GrpcClientProtocolClient.java:onNext(254)) - client-253D2503C21A->6571ba41-d309-4d1d-a321-129a77bf1602: receive RaftClientReply:client-253D2503C21A->6571ba41-d309-4d1d-a321-129a77bf1602@group-6D4C5FD51127, cid=3064, SUCCESS, logIndex=4699, commits[6571ba41-d309-4d1d-a321-129a77bf1602:c4699, 75e8c5ea-f06a-43e1-af6e-1f7f9b0b2cc1:c4698, 1d8d2908-dfb4-4358-9c6e-64b435d6fccc:c4698]
2019-07-03 07:08:41,928 INFO  client.GrpcClientProtocolClient (GrpcClientProtocolClient.java:onNext(254)) - client-253D2503C21A->6571ba41-d309-4d1d-a321-129a77bf1602: receive RaftClientReply:client-253D2503C21A->6571ba41-d309-4d1d-a321-129a77bf1602@group-6D4C5FD51127, cid=3065, SUCCESS, logIndex=4701, commits[6571ba41-d309-4d1d-a321-129a77bf1602:c4702, 75e8c5ea-f06a-43e1-af6e-1f7f9b0b2cc1:c4699, 1d8d2908-dfb4-4358-9c6e-64b435d6fccc:c4699]
2019-07-03 07:08:41,929 INFO  client.GrpcClientProtocolClient (GrpcClientProtocolClient.java:onNext(254)) - client-253D2503C21A->6571ba41-d309-4d1d-a321-129a77bf1602: receive RaftClientReply:client-253D2503C21A->6571ba41-d309-4d1d-a321-129a77bf1602@group-6D4C5FD51127, cid=3066, SUCCESS, logIndex=4702, commits[6571ba41-d309-4d1d-a321-129a77bf1602:c4703, 75e8c5ea-f06a-43e1-af6e-1f7f9b0b2cc1:c4699, 1d8d2908-dfb4-4358-9c6e-64b435d6fccc:c4699]
2019-07-03 07:08:41,929 INFO  client.GrpcClientProtocolClient (GrpcClientProtocolClient.java:onNext(254)) - client-253D2503C21A->6571ba41-d309-4d1d-a321-129a77bf1602: receive RaftClientReply:client-253D2503C21A->6571ba41-d309-4d1d-a321-129a77bf1602@group-6D4C5FD51127, cid=3067, SUCCESS, logIndex=4703, commits[6571ba41-d309-4d1d-a321-129a77bf1602:c4703, 75e8c5ea-f06a-43e1-af6e-1f7f9b0b2cc1:c4699, 1d8d2908-dfb4-4358-9c6e-64b435d6fccc:c4699]
2019-07-03 07:08:41,931 INFO  client.GrpcClientProtocolClient (GrpcClientProtocolClient.java:onNext(254)) - client-253D2503C21A->6571ba41-d309-4d1d-a321-129a77bf1602: receive RaftClientReply:client-253D2503C21A->6571ba41-d309-4d1d-a321-129a77bf1602@group-6D4C5FD51127, cid=3068, SUCCESS, logIndex=0, commits[6571ba41-d309-4d1d-a321-129a77bf1602:c4706, 75e8c5ea-f06a-43e1-af6e-1f7f9b0b2cc1:c4703, 1d8d2908-dfb4-4358-9c6e-64b435d6fccc:c4702]
2019-07-03 07:08:41,953 INFO  client.GrpcClientProtocolClient (GrpcClientProtocolClient.java:onNext(254)) - client-253D2503C21A->6571ba41-d309-4d1d-a321-129a77bf1602: receive RaftClientReply:client-253D2503C21A->6571ba41-d309-4d1d-a321-129a77bf1602@group-6D4C5FD51127, cid=3069, SUCCESS, logIndex=4707, commits[6571ba41-d309-4d1d-a321-129a77bf1602:c4707, 75e8c5ea-f06a-43e1-af6e-1f7f9b0b2cc1:c4706, 1d8d2908-dfb4-4358-9c6e-64b435d6fccc:c4706]
2019-07-03 07:08:41,966 INFO  client.GrpcClientProtocolClient (GrpcClientProtocolClient.java:onNext(254)) - client-253D2503C21A->6571ba41-d309-4d1d-a321-129a77bf1602: receive RaftClientReply:client-253D2503C21A->6571ba41-d309-4d1d-a321-129a77bf1602@group-6D4C5FD51127, cid=3070, SUCCESS, logIndex=4709, commits[6571ba41-d309-4d1d-a321-129a77bf1602:c4709, 75e8c5ea-f06a-43e1-af6e-1f7f9b0b2cc1:c4707, 1d8d2908-dfb4-4358-9c6e-64b435d6fccc:c4707]
2019-07-03 07:08:41,980 INFO  client.GrpcClientProtocolClient (GrpcClientProtocolClient.java:onNext(254)) - client-253D2503C21A->6571ba41-d309-4d1d-a321-129a77bf1602: receive RaftClientReply:client-253D2503C21A->6571ba41-d309-4d1d-a321-129a77bf1602@group-6D4C5FD51127, cid=3071, SUCCESS, logIndex=4711, commits[6571ba41-d309-4d1d-a321-129a77bf1602:c4711, 75e8c5ea-f06a-43e1-af6e-1f7f9b0b2cc1:c4709, 1d8d2908-dfb4-4358-9c6e-64b435d6fccc:c4709]
2019-07-03 07:08:41,983 INFO  client.GrpcClientProtocolClient (GrpcClientProtocolClient.java:onNext(254)) - client-253D2503C21A->6571ba41-d309-4d1d-a321-129a77bf1602: receive RaftClientReply:client-253D2503C21A->6571ba41-d309-4d1d-a321-129a77bf1602@group-6D4C5FD51127, cid=3072, SUCCESS, logIndex=4713, commits[6571ba41-d309-4d1d-a321-129a77bf1602:c4713, 75e8c5ea-f06a-43e1-af6e-1f7f9b0b2cc1:c4711, 1d8d2908-dfb4-4358-9c6e-64b435d6fccc:c4711]
2019-07-03 07:08:41,994 INFO  client.GrpcClientProtocolClient (GrpcClientProtocolClient.java:onNext(254)) - client-253D2503C21A->6571ba41-d309-4d1d-a321-129a77bf1602: receive RaftClientReply:client-253D2503C21A->6571ba41-d309-4d1d-a321-129a77bf1602@group-6D4C5FD51127, cid=3073, SUCCESS, logIndex=0, commits[6571ba41-d309-4d1d-a321-129a77bf1602:c4714, 75e8c5ea-f06a-43e1-af6e-1f7f9b0b2cc1:c4713, 1d8d2908-dfb4-4358-9c6e-64b435d6fccc:c4713]
2019-07-03 07:08:42,027 INFO  client.GrpcClientProtocolClient (GrpcClientProtocolClient.java:onNext(254)) - client-253D2503C21A->6571ba41-d309-4d1d-a321-129a77bf1602: receive RaftClientReply:client-253D2503C21A->6571ba41-d309-4d1d-a321-129a77bf1602@group-6D4C5FD51127, cid=3074, SUCCESS, logIndex=4715, commits[6571ba41-d309-4d1d-a321-129a77bf1602:c4715, 75e8c5ea-f06a-43e1-af6e-1f7f9b0b2cc1:c4714, 1d8d2908-dfb4-4358-9c6e-64b435d6fccc:c4714]
2019-07-03 07:08:42,030 INFO  client.GrpcClientProtocolClient (GrpcClientProtocolClient.java:onNext(254)) - client-253D2503C21A->6571ba41-d309-4d1d-a321-129a77bf1602: receive RaftClientReply:client-253D2503C21A->6571ba41-d309-4d1d-a321-129a77bf1602@group-6D4C5FD51127, cid=3075, SUCCESS, logIndex=4717, commits[6571ba41-d309-4d1d-a321-129a77bf1602:c4717, 75e8c5ea-f06a-43e1-af6e-1f7f9b0b2cc1:c4715, 1d8d2908-dfb4-4358-9c6e-64b435d6fccc:c4715]
2019-07-03 07:08:42,041 INFO  client.GrpcClientProtocolClient (GrpcClientProtocolClient.java:onNext(254)) - client-253D2503C21A->6571ba41-d309-4d1d-a321-129a77bf1602: receive RaftClientReply:client-253D2503C21A->6571ba41-d309-4d1d-a321-129a77bf1602@group-6D4C5FD51127, cid=3076, SUCCESS, logIndex=4718, commits[6571ba41-d309-4d1d-a321-129a77bf1602:c4719, 75e8c5ea-f06a-43e1-af6e-1f7f9b0b2cc1:c4716, 1d8d2908-dfb4-4358-9c6e-64b435d6fccc:c4716]
2019-07-03 07:08:42,042 INFO  client.GrpcClientProtocolClient (GrpcClientProtocolClient.java:onNext(254)) - client-253D2503C21A->6571ba41-d309-4d1d-a321-129a77bf1602: receive RaftClientReply:client-253D2503C21A->6571ba41-d309-4d1d-a321-129a77bf1602@group-6D4C5FD51127, cid=3077, SUCCESS, logIndex=4719, commits[6571ba41-d309-4d1d-a321-129a77bf1602:c4719, 75e8c5ea-f06a-43e1-af6e-1f7f9b0b2cc1:c4716, 1d8d2908-dfb4-4358-9c6e-64b435d6fccc:c4716]
2019-07-03 07:08:42,043 INFO  client.GrpcClientProtocolClient (GrpcClientProtocolClient.java:onNext(254)) - client-253D2503C21A->6571ba41-d309-4d1d-a321-129a77bf1602: receive RaftClientReply:client-253D2503C21A->6571ba41-d309-4d1d-a321-129a77bf1602@group-6D4C5FD51127, cid=3078, SUCCESS, logIndex=0, commits[6571ba41-d309-4d1d-a321-129a77bf1602:c4722, 75e8c5ea-f06a-43e1-af6e-1f7f9b0b2cc1:c4717, 1d8d2908-dfb4-4358-9c6e-64b435d6fccc:c4717]
2019-07-03 07:08:42,062 INFO  client.GrpcClientProtocolClient (GrpcClientProtocolClient.java:onNext(254)) - client-253D2503C21A->6571ba41-d309-4d1d-a321-129a77bf1602: receive RaftClientReply:client-253D2503C21A->6571ba41-d309-4d1d-a321-129a77bf1602@group-6D4C5FD51127, cid=3079, SUCCESS, logIndex=4723, commits[6571ba41-d309-4d1d-a321-129a77bf1602:c4723, 75e8c5ea-f06a-43e1-af6e-1f7f9b0b2cc1:c4722, 1d8d2908-dfb4-4358-9c6e-64b435d6fccc:c4722]
2019-07-03 07:08:42,090 INFO  client.GrpcClientProtocolClient (GrpcClientProtocolClient.java:onNext(254)) - client-253D2503C21A->6571ba41-d309-4d1d-a321-129a77bf1602: receive RaftClientReply:client-253D2503C21A->6571ba41-d309-4d1d-a321-129a77bf1602@group-6D4C5FD51127, cid=3080, SUCCESS, logIndex=4725, commits[6571ba41-d309-4d1d-a321-129a77bf1602:c4725, 75e8c5ea-f06a-43e1-af6e-1f7f9b0b2cc1:c4723, 1d8d2908-dfb4-4358-9c6e-64b435d6fccc:c4723]
2019-07-03 07:08:42,105 INFO  client.GrpcClientProtocolClient (GrpcClientProtocolClient.java:onNext(254)) - client-253D2503C21A->6571ba41-d309-4d1d-a321-129a77bf1602: receive RaftClientReply:client-253D2503C21A->6571ba41-d309-4d1d-a321-129a77bf1602@group-6D4C5FD51127, cid=3081, SUCCESS, logIndex=4727, commits[6571ba41-d309-4d1d-a321-129a77bf1602:c4727, 75e8c5ea-f06a-43e1-af6e-1f7f9b0b2cc1:c4725, 1d8d2908-dfb4-4358-9c6e-64b435d6fccc:c4725]
2019-07-03 07:08:42,130 INFO  client.GrpcClientProtocolClient (GrpcClientProtocolClient.java:onNext(254)) - client-253D2503C21A->6571ba41-d309-4d1d-a321-129a77bf1602: receive RaftClientReply:client-253D2503C21A->6571ba41-d309-4d1d-a321-129a77bf1602@group-6D4C5FD51127, cid=3082, SUCCESS, logIndex=4729, commits[6571ba41-d309-4d1d-a321-129a77bf1602:c4729, 75e8c5ea-f06a-43e1-af6e-1f7f9b0b2cc1:c4727, 1d8d2908-dfb4-4358-9c6e-64b435d6fccc:c4727]
2019-07-03 07:08:42,142 INFO  client.GrpcClientProtocolClient (GrpcClientProtocolClient.java:onNext(254)) - client-253D2503C21A->6571ba41-d309-4d1d-a321-129a77bf1602: receive RaftClientReply:client-253D2503C21A->6571ba41-d309-4d1d-a321-129a77bf1602@group-6D4C5FD51127, cid=3083, SUCCESS, logIndex=0, commits[6571ba41-d309-4d1d-a321-129a77bf1602:c4730, 75e8c5ea-f06a-43e1-af6e-1f7f9b0b2cc1:c4729, 1d8d2908-dfb4-4358-9c6e-64b435d6fccc:c4729]
2019-07-03 07:08:42,173 INFO  client.GrpcClientProtocolClient (GrpcClientProtocolClient.java:onNext(254)) - client-253D2503C21A->6571ba41-d309-4d1d-a321-129a77bf1602: receive RaftClientReply:client-253D2503C21A->6571ba41-d309-4d1d-a321-129a77bf1602@group-6D4C5FD51127, cid=3084, SUCCESS, logIndex=4731, commits[6571ba41-d309-4d1d-a321-129a77bf1602:c4731, 75e8c5ea-f06a-43e1-af6e-1f7f9b0b2cc1:c4730, 1d8d2908-dfb4-4358-9c6e-64b435d6fccc:c4730]
2019-07-03 07:08:42,186 INFO  client.GrpcClientProtocolClient (GrpcClientProtocolClient.java:onNext(254)) - client-253D2503C21A->6571ba41-d309-4d1d-a321-129a77bf1602: receive RaftClientReply:client-253D2503C21A->6571ba41-d309-4d1d-a321-129a77bf1602@group-6D4C5FD51127, cid=3085, SUCCESS, logIndex=4733, commits[6571ba41-d309-4d1d-a321-129a77bf1602:c4734, 75e8c5ea-f06a-43e1-af6e-1f7f9b0b2cc1:c4731, 1d8d2908-dfb4-4358-9c6e-64b435d6fccc:c4731]
2019-07-03 07:08:42,186 INFO  client.GrpcClientProtocolClient (GrpcClientProtocolClient.java:onNext(254)) - client-253D2503C21A->6571ba41-d309-4d1d-a321-129a77bf1602: receive RaftClientReply:client-253D2503C21A->6571ba41-d309-4d1d-a321-129a77bf1602@group-6D4C5FD51127, cid=3086, SUCCESS, logIndex=4734, commits[6571ba41-d309-4d1d-a321-129a77bf1602:c4735, 75e8c5ea-f06a-43e1-af6e-1f7f9b0b2cc1:c4731, 1d8d2908-dfb4-4358-9c6e-64b435d6fccc:c4731]
2019-07-03 07:08:42,187 INFO  client.GrpcClientProtocolClient (GrpcClientProtocolClient.java:onNext(254)) - client-253D2503C21A->6571ba41-d309-4d1d-a321-129a77bf1602: receive RaftClientReply:client-253D2503C21A->6571ba41-d309-4d1d-a321-129a77bf1602@group-6D4C5FD51127, cid=3087, SUCCESS, logIndex=4735, commits[6571ba41-d309-4d1d-a321-129a77bf1602:c4735, 75e8c5ea-f06a-43e1-af6e-1f7f9b0b2cc1:c4731, 1d8d2908-dfb4-4358-9c6e-64b435d6fccc:c4731]
2019-07-03 07:08:42,188 INFO  client.GrpcClientProtocolClient (GrpcClientProtocolClient.java:onNext(254)) - client-253D2503C21A->6571ba41-d309-4d1d-a321-129a77bf1602: receive RaftClientReply:client-253D2503C21A->6571ba41-d309-4d1d-a321-129a77bf1602@group-6D4C5FD51127, cid=3088, SUCCESS, logIndex=0, commits[6571ba41-d309-4d1d-a321-129a77bf1602:c4736, 75e8c5ea-f06a-43e1-af6e-1f7f9b0b2cc1:c4734, 1d8d2908-dfb4-4358-9c6e-64b435d6fccc:c4733]
2019-07-03 07:08:42,206 INFO  client.GrpcClientProtocolClient (GrpcClientProtocolClient.java:onNext(254)) - client-253D2503C21A->6571ba41-d309-4d1d-a321-129a77bf1602: receive RaftClientReply:client-253D2503C21A->6571ba41-d309-4d1d-a321-129a77bf1602@group-6D4C5FD51127, cid=3089, SUCCESS, logIndex=4739, commits[6571ba41-d309-4d1d-a321-129a77bf1602:c4739, 75e8c5ea-f06a-43e1-af6e-1f7f9b0b2cc1:c4738, 1d8d2908-dfb4-4358-9c6e-64b435d6fccc:c4738]
2019-07-03 07:08:42,220 INFO  client.GrpcClientProtocolClient (GrpcClientProtocolClient.java:onNext(254)) - client-253D2503C21A->6571ba41-d309-4d1d-a321-129a77bf1602: receive RaftClientReply:client-253D2503C21A->6571ba41-d309-4d1d-a321-129a77bf1602@group-6D4C5FD51127, cid=3090, SUCCESS, logIndex=4741, commits[6571ba41-d309-4d1d-a321-129a77bf1602:c4741, 75e8c5ea-f06a-43e1-af6e-1f7f9b0b2cc1:c4739, 1d8d2908-dfb4-4358-9c6e-64b435d6fccc:c4739]
2019-07-03 07:08:42,235 INFO  client.GrpcClientProtocolClient (GrpcClientProtocolClient.java:onNext(254)) - client-253D2503C21A->6571ba41-d309-4d1d-a321-129a77bf1602: receive RaftClientReply:client-253D2503C21A->6571ba41-d309-4d1d-a321-129a77bf1602@group-6D4C5FD51127, cid=3091, SUCCESS, logIndex=4743, commits[6571ba41-d309-4d1d-a321-129a77bf1602:c4743, 75e8c5ea-f06a-43e1-af6e-1f7f9b0b2cc1:c4741, 1d8d2908-dfb4-4358-9c6e-64b435d6fccc:c4741]
2019-07-03 07:08:42,250 INFO  client.GrpcClientProtocolClient (GrpcClientProtocolClient.java:onNext(254)) - client-253D2503C21A->6571ba41-d309-4d1d-a321-129a77bf1602: receive RaftClientReply:client-253D2503C21A->6571ba41-d309-4d1d-a321-129a77bf1602@group-6D4C5FD51127, cid=3092, SUCCESS, logIndex=4745, commits[6571ba41-d309-4d1d-a321-129a77bf1602:c4745, 75e8c5ea-f06a-43e1-af6e-1f7f9b0b2cc1:c4743, 1d8d2908-dfb4-4358-9c6e-64b435d6fccc:c4743]
2019-07-03 07:08:42,262 INFO  client.GrpcClientProtocolClient (GrpcClientProtocolClient.java:onNext(254)) - client-253D2503C21A->6571ba41-d309-4d1d-a321-129a77bf1602: receive RaftClientReply:client-253D2503C21A->6571ba41-d309-4d1d-a321-129a77bf1602@group-6D4C5FD51127, cid=3093, SUCCESS, logIndex=0, commits[6571ba41-d309-4d1d-a321-129a77bf1602:c4745, 75e8c5ea-f06a-43e1-af6e-1f7f9b0b2cc1:c4745, 1d8d2908-dfb4-4358-9c6e-64b435d6fccc:c4745]
2019-07-03 07:08:42,292 INFO  client.GrpcClientProtocolClient (GrpcClientProtocolClient.java:onNext(254)) - client-253D2503C21A->6571ba41-d309-4d1d-a321-129a77bf1602: receive RaftClientReply:client-253D2503C21A->6571ba41-d309-4d1d-a321-129a77bf1602@group-6D4C5FD51127, cid=3094, SUCCESS, logIndex=4747, commits[6571ba41-d309-4d1d-a321-129a77bf1602:c4747, 75e8c5ea-f06a-43e1-af6e-1f7f9b0b2cc1:c4746, 1d8d2908-dfb4-4358-9c6e-64b435d6fccc:c4746]
2019-07-03 07:08:42,302 INFO  client.GrpcClientProtocolClient (GrpcClientProtocolClient.java:onNext(254)) - client-253D2503C21A->6571ba41-d309-4d1d-a321-129a77bf1602: receive RaftClientReply:client-253D2503C21A->6571ba41-d309-4d1d-a321-129a77bf1602@group-6D4C5FD51127, cid=3095, SUCCESS, logIndex=4749, commits[6571ba41-d309-4d1d-a321-129a77bf1602:c4750, 75e8c5ea-f06a-43e1-af6e-1f7f9b0b2cc1:c4747, 1d8d2908-dfb4-4358-9c6e-64b435d6fccc:c4747]
2019-07-03 07:08:42,303 INFO  client.GrpcClientProtocolClient (GrpcClientProtocolClient.java:onNext(254)) - client-253D2503C21A->6571ba41-d309-4d1d-a321-129a77bf1602: receive RaftClientReply:client-253D2503C21A->6571ba41-d309-4d1d-a321-129a77bf1602@group-6D4C5FD51127, cid=3096, SUCCESS, logIndex=4750, commits[6571ba41-d309-4d1d-a321-129a77bf1602:c4750, 75e8c5ea-f06a-43e1-af6e-1f7f9b0b2cc1:c4747, 1d8d2908-dfb4-4358-9c6e-64b435d6fccc:c4747]
2019-07-03 07:08:42,303 INFO  client.GrpcClientProtocolClient (GrpcClientProtocolClient.java:onNext(254)) - client-253D2503C21A->6571ba41-d309-4d1d-a321-129a77bf1602: receive RaftClientReply:client-253D2503C21A->6571ba41-d309-4d1d-a321-129a77bf1602@group-6D4C5FD51127, cid=3097, SUCCESS, logIndex=4751, commits[6571ba41-d309-4d1d-a321-129a77bf1602:c4752, 75e8c5ea-f06a-43e1-af6e-1f7f9b0b2cc1:c4749, 1d8d2908-dfb4-4358-9c6e-64b435d6fccc:c4747]
2019-07-03 07:08:42,304 INFO  client.GrpcClientProtocolClient (GrpcClientProtocolClient.java:onNext(254)) - client-253D2503C21A->6571ba41-d309-4d1d-a321-129a77bf1602: receive RaftClientReply:client-253D2503C21A->6571ba41-d309-4d1d-a321-129a77bf1602@group-6D4C5FD51127, cid=3098, SUCCESS, logIndex=0, commits[6571ba41-d309-4d1d-a321-129a77bf1602:c4753, 75e8c5ea-f06a-43e1-af6e-1f7f9b0b2cc1:c4750, 1d8d2908-dfb4-4358-9c6e-64b435d6fccc:c4750]
2019-07-03 07:08:42,322 INFO  client.GrpcClientProtocolClient (GrpcClientProtocolClient.java:onNext(254)) - client-253D2503C21A->6571ba41-d309-4d1d-a321-129a77bf1602: receive RaftClientReply:client-253D2503C21A->6571ba41-d309-4d1d-a321-129a77bf1602@group-6D4C5FD51127, cid=3099, SUCCESS, logIndex=4755, commits[6571ba41-d309-4d1d-a321-129a77bf1602:c4755, 75e8c5ea-f06a-43e1-af6e-1f7f9b0b2cc1:c4754, 1d8d2908-dfb4-4358-9c6e-64b435d6fccc:c4754]
2019-07-03 07:08:42,342 INFO  client.GrpcClientProtocolClient (GrpcClientProtocolClient.java:onNext(254)) - client-253D2503C21A->6571ba41-d309-4d1d-a321-129a77bf1602: receive RaftClientReply:client-253D2503C21A->6571ba41-d309-4d1d-a321-129a77bf1602@group-6D4C5FD51127, cid=3100, SUCCESS, logIndex=4757, commits[6571ba41-d309-4d1d-a321-129a77bf1602:c4757, 75e8c5ea-f06a-43e1-af6e-1f7f9b0b2cc1:c4755, 1d8d2908-dfb4-4358-9c6e-64b435d6fccc:c4755]
2019-07-03 07:08:42,355 INFO  client.GrpcClientProtocolClient (GrpcClientProtocolClient.java:onNext(254)) - client-253D2503C21A->6571ba41-d309-4d1d-a321-129a77bf1602: receive RaftClientReply:client-253D2503C21A->6571ba41-d309-4d1d-a321-129a77bf1602@group-6D4C5FD51127, cid=3101, SUCCESS, logIndex=4759, commits[6571ba41-d309-4d1d-a321-129a77bf1602:c4759, 75e8c5ea-f06a-43e1-af6e-1f7f9b0b2cc1:c4757, 1d8d2908-dfb4-4358-9c6e-64b435d6fccc:c4757]
2019-07-03 07:08:42,370 INFO  client.GrpcClientProtocolClient (GrpcClientProtocolClient.java:onNext(254)) - client-253D2503C21A->6571ba41-d309-4d1d-a321-129a77bf1602: receive RaftClientReply:client-253D2503C21A->6571ba41-d309-4d1d-a321-129a77bf1602@group-6D4C5FD51127, cid=3102, SUCCESS, logIndex=4761, commits[6571ba41-d309-4d1d-a321-129a77bf1602:c4761, 75e8c5ea-f06a-43e1-af6e-1f7f9b0b2cc1:c4759, 1d8d2908-dfb4-4358-9c6e-64b435d6fccc:c4759]
2019-07-03 07:08:42,383 INFO  client.GrpcClientProtocolClient (GrpcClientProtocolClient.java:onNext(254)) - client-253D2503C21A->6571ba41-d309-4d1d-a321-129a77bf1602: receive RaftClientReply:client-253D2503C21A->6571ba41-d309-4d1d-a321-129a77bf1602@group-6D4C5FD51127, cid=3103, SUCCESS, logIndex=0, commits[6571ba41-d309-4d1d-a321-129a77bf1602:c4762, 75e8c5ea-f06a-43e1-af6e-1f7f9b0b2cc1:c4761, 1d8d2908-dfb4-4358-9c6e-64b435d6fccc:c4761]
2019-07-03 07:08:42,413 INFO  client.GrpcClientProtocolClient (GrpcClientProtocolClient.java:onNext(254)) - client-253D2503C21A->6571ba41-d309-4d1d-a321-129a77bf1602: receive RaftClientReply:client-253D2503C21A->6571ba41-d309-4d1d-a321-129a77bf1602@group-6D4C5FD51127, cid=3104, SUCCESS, logIndex=4763, commits[6571ba41-d309-4d1d-a321-129a77bf1602:c4763, 75e8c5ea-f06a-43e1-af6e-1f7f9b0b2cc1:c4762, 1d8d2908-dfb4-4358-9c6e-64b435d6fccc:c4762]
2019-07-03 07:08:42,425 INFO  client.GrpcClientProtocolClient (GrpcClientProtocolClient.java:onNext(254)) - client-253D2503C21A->6571ba41-d309-4d1d-a321-129a77bf1602: receive RaftClientReply:client-253D2503C21A->6571ba41-d309-4d1d-a321-129a77bf1602@group-6D4C5FD51127, cid=3105, SUCCESS, logIndex=4765, commits[6571ba41-d309-4d1d-a321-129a77bf1602:c4766, 75e8c5ea-f06a-43e1-af6e-1f7f9b0b2cc1:c4763, 1d8d2908-dfb4-4358-9c6e-64b435d6fccc:c4763]
2019-07-03 07:08:42,426 INFO  client.GrpcClientProtocolClient (GrpcClientProtocolClient.java:onNext(254)) - client-253D2503C21A->6571ba41-d309-4d1d-a321-129a77bf1602: receive RaftClientReply:client-253D2503C21A->6571ba41-d309-4d1d-a321-129a77bf1602@group-6D4C5FD51127, cid=3106, SUCCESS, logIndex=4766, commits[6571ba41-d309-4d1d-a321-129a77bf1602:c4766, 75e8c5ea-f06a-43e1-af6e-1f7f9b0b2cc1:c4763, 1d8d2908-dfb4-4358-9c6e-64b435d6fccc:c4763]
2019-07-03 07:08:42,426 INFO  client.GrpcClientProtocolClient (GrpcClientProtocolClient.java:onNext(254)) - client-253D2503C21A->6571ba41-d309-4d1d-a321-129a77bf1602: receive RaftClientReply:client-253D2503C21A->6571ba41-d309-4d1d-a321-129a77bf1602@group-6D4C5FD51127, cid=3107, SUCCESS, logIndex=4767, commits[6571ba41-d309-4d1d-a321-129a77bf1602:c4767, 75e8c5ea-f06a-43e1-af6e-1f7f9b0b2cc1:c4765, 1d8d2908-dfb4-4358-9c6e-64b435d6fccc:c4763]
2019-07-03 07:08:42,428 INFO  client.GrpcClientProtocolClient (GrpcClientProtocolClient.java:onNext(254)) - client-253D2503C21A->6571ba41-d309-4d1d-a321-129a77bf1602: receive RaftClientReply:client-253D2503C21A->6571ba41-d309-4d1d-a321-129a77bf1602@group-6D4C5FD51127, cid=3108, SUCCESS, logIndex=0, commits[6571ba41-d309-4d1d-a321-129a77bf1602:c4768, 75e8c5ea-f06a-43e1-af6e-1f7f9b0b2cc1:c4765, 1d8d2908-dfb4-4358-9c6e-64b435d6fccc:c4765]
2019-07-03 07:08:42,440 INFO  client.GrpcClientProtocolClient (GrpcClientProtocolClient.java:onNext(254)) - client-253D2503C21A->6571ba41-d309-4d1d-a321-129a77bf1602: receive RaftClientReply:client-253D2503C21A->6571ba41-d309-4d1d-a321-129a77bf1602@group-6D4C5FD51127, cid=3109, SUCCESS, logIndex=4771, commits[6571ba41-d309-4d1d-a321-129a77bf1602:c4771, 75e8c5ea-f06a-43e1-af6e-1f7f9b0b2cc1:c4768, 1d8d2908-dfb4-4358-9c6e-64b435d6fccc:c4767]
2019-07-03 07:08:42,445 INFO  client.GrpcClientProtocolClient (GrpcClientProtocolClient.java:onNext(254)) - client-253D2503C21A->6571ba41-d309-4d1d-a321-129a77bf1602: receive RaftClientReply:client-253D2503C21A->6571ba41-d309-4d1d-a321-129a77bf1602@group-6D4C5FD51127, cid=3110, SUCCESS, logIndex=4773, commits[6571ba41-d309-4d1d-a321-129a77bf1602:c4773, 75e8c5ea-f06a-43e1-af6e-1f7f9b0b2cc1:c4771, 1d8d2908-dfb4-4358-9c6e-64b435d6fccc:c4771]
2019-07-03 07:08:42,460 INFO  client.GrpcClientProtocolClient (GrpcClientProtocolClient.java:onNext(254)) - client-253D2503C21A->6571ba41-d309-4d1d-a321-129a77bf1602: receive RaftClientReply:client-253D2503C21A->6571ba41-d309-4d1d-a321-129a77bf1602@group-6D4C5FD51127, cid=3111, SUCCESS, logIndex=4775, commits[6571ba41-d309-4d1d-a321-129a77bf1602:c4775, 75e8c5ea-f06a-43e1-af6e-1f7f9b0b2cc1:c4773, 1d8d2908-dfb4-4358-9c6e-64b435d6fccc:c4773]
2019-07-03 07:08:42,460 INFO  storage.RaftLogWorker (RaftLogWorker.java:rollLogSegment(303)) - 6571ba41-d309-4d1d-a321-129a77bf1602-RaftLogWorker: Rolling segment log-4697_4776 to index:4776
2019-07-03 07:08:42,461 INFO  storage.RaftLogWorker (RaftLogWorker.java:rollLogSegment(303)) - 1d8d2908-dfb4-4358-9c6e-64b435d6fccc-RaftLogWorker: Rolling segment log-4697_4776 to index:4776
2019-07-03 07:08:42,461 INFO  storage.RaftLogWorker (RaftLogWorker.java:rollLogSegment(303)) - 75e8c5ea-f06a-43e1-af6e-1f7f9b0b2cc1-RaftLogWorker: Rolling segment log-4697_4776 to index:4776
2019-07-03 07:08:42,470 INFO  storage.RaftLogWorker (RaftLogWorker.java:execute(433)) - 6571ba41-d309-4d1d-a321-129a77bf1602-RaftLogWorker: Rolled log segment from /opt/src/hadoop-ozone/tools/target/test-dir/MiniOzoneClusterImpl-0519545d-318d-4c21-a2a0-688f18f8a31d/datanode-4/data/ratis/23ffc2a4-5526-4092-9dc4-6d4c5fd51127/current/log_inprogress_4697 to /opt/src/hadoop-ozone/tools/target/test-dir/MiniOzoneClusterImpl-0519545d-318d-4c21-a2a0-688f18f8a31d/datanode-4/data/ratis/23ffc2a4-5526-4092-9dc4-6d4c5fd51127/current/log_4697-4776
2019-07-03 07:08:42,471 INFO  storage.RaftLogWorker (RaftLogWorker.java:execute(433)) - 1d8d2908-dfb4-4358-9c6e-64b435d6fccc-RaftLogWorker: Rolled log segment from /opt/src/hadoop-ozone/tools/target/test-dir/MiniOzoneClusterImpl-0519545d-318d-4c21-a2a0-688f18f8a31d/datanode-2/data/ratis/23ffc2a4-5526-4092-9dc4-6d4c5fd51127/current/log_inprogress_4697 to /opt/src/hadoop-ozone/tools/target/test-dir/MiniOzoneClusterImpl-0519545d-318d-4c21-a2a0-688f18f8a31d/datanode-2/data/ratis/23ffc2a4-5526-4092-9dc4-6d4c5fd51127/current/log_4697-4776
2019-07-03 07:08:42,471 INFO  storage.RaftLogWorker (RaftLogWorker.java:execute(433)) - 75e8c5ea-f06a-43e1-af6e-1f7f9b0b2cc1-RaftLogWorker: Rolled log segment from /opt/src/hadoop-ozone/tools/target/test-dir/MiniOzoneClusterImpl-0519545d-318d-4c21-a2a0-688f18f8a31d/datanode-1/data/ratis/23ffc2a4-5526-4092-9dc4-6d4c5fd51127/current/log_inprogress_4697 to /opt/src/hadoop-ozone/tools/target/test-dir/MiniOzoneClusterImpl-0519545d-318d-4c21-a2a0-688f18f8a31d/datanode-1/data/ratis/23ffc2a4-5526-4092-9dc4-6d4c5fd51127/current/log_4697-4776
2019-07-03 07:08:42,508 INFO  storage.RaftLogWorker (RaftLogWorker.java:execute(469)) - 6571ba41-d309-4d1d-a321-129a77bf1602-RaftLogWorker: created new log segment /opt/src/hadoop-ozone/tools/target/test-dir/MiniOzoneClusterImpl-0519545d-318d-4c21-a2a0-688f18f8a31d/datanode-4/data/ratis/23ffc2a4-5526-4092-9dc4-6d4c5fd51127/current/log_inprogress_4777
2019-07-03 07:08:42,508 INFO  storage.RaftLogWorker (RaftLogWorker.java:execute(469)) - 75e8c5ea-f06a-43e1-af6e-1f7f9b0b2cc1-RaftLogWorker: created new log segment /opt/src/hadoop-ozone/tools/target/test-dir/MiniOzoneClusterImpl-0519545d-318d-4c21-a2a0-688f18f8a31d/datanode-1/data/ratis/23ffc2a4-5526-4092-9dc4-6d4c5fd51127/current/log_inprogress_4777
2019-07-03 07:08:42,508 INFO  storage.RaftLogWorker (RaftLogWorker.java:execute(469)) - 1d8d2908-dfb4-4358-9c6e-64b435d6fccc-RaftLogWorker: created new log segment /opt/src/hadoop-ozone/tools/target/test-dir/MiniOzoneClusterImpl-0519545d-318d-4c21-a2a0-688f18f8a31d/datanode-2/data/ratis/23ffc2a4-5526-4092-9dc4-6d4c5fd51127/current/log_inprogress_4777
2019-07-03 07:08:42,511 INFO  client.GrpcClientProtocolClient (GrpcClientProtocolClient.java:onNext(254)) - client-253D2503C21A->6571ba41-d309-4d1d-a321-129a77bf1602: receive RaftClientReply:client-253D2503C21A->6571ba41-d309-4d1d-a321-129a77bf1602@group-6D4C5FD51127, cid=3112, SUCCESS, logIndex=4777, commits[6571ba41-d309-4d1d-a321-129a77bf1602:c4777, 75e8c5ea-f06a-43e1-af6e-1f7f9b0b2cc1:c4775, 1d8d2908-dfb4-4358-9c6e-64b435d6fccc:c4775]
2019-07-03 07:08:42,523 INFO  client.GrpcClientProtocolClient (GrpcClientProtocolClient.java:onNext(254)) - client-253D2503C21A->6571ba41-d309-4d1d-a321-129a77bf1602: receive RaftClientReply:client-253D2503C21A->6571ba41-d309-4d1d-a321-129a77bf1602@group-6D4C5FD51127, cid=3113, SUCCESS, logIndex=0, commits[6571ba41-d309-4d1d-a321-129a77bf1602:c4778, 75e8c5ea-f06a-43e1-af6e-1f7f9b0b2cc1:c4777, 1d8d2908-dfb4-4358-9c6e-64b435d6fccc:c4777]
2019-07-03 07:08:42,556 INFO  client.GrpcClientProtocolClient (GrpcClientProtocolClient.java:onNext(254)) - client-253D2503C21A->6571ba41-d309-4d1d-a321-129a77bf1602: receive RaftClientReply:client-253D2503C21A->6571ba41-d309-4d1d-a321-129a77bf1602@group-6D4C5FD51127, cid=3114, SUCCESS, logIndex=4779, commits[6571ba41-d309-4d1d-a321-129a77bf1602:c4779, 75e8c5ea-f06a-43e1-af6e-1f7f9b0b2cc1:c4778, 1d8d2908-dfb4-4358-9c6e-64b435d6fccc:c4778]
2019-07-03 07:08:42,568 INFO  client.GrpcClientProtocolClient (GrpcClientProtocolClient.java:onNext(254)) - client-253D2503C21A->6571ba41-d309-4d1d-a321-129a77bf1602: receive RaftClientReply:client-253D2503C21A->6571ba41-d309-4d1d-a321-129a77bf1602@group-6D4C5FD51127, cid=3115, SUCCESS, logIndex=4781, commits[6571ba41-d309-4d1d-a321-129a77bf1602:c4782, 75e8c5ea-f06a-43e1-af6e-1f7f9b0b2cc1:c4779, 1d8d2908-dfb4-4358-9c6e-64b435d6fccc:c4779]
2019-07-03 07:08:42,569 INFO  client.GrpcClientProtocolClient (GrpcClientProtocolClient.java:onNext(254)) - client-253D2503C21A->6571ba41-d309-4d1d-a321-129a77bf1602: receive RaftClientReply:client-253D2503C21A->6571ba41-d309-4d1d-a321-129a77bf1602@group-6D4C5FD51127, cid=3116, SUCCESS, logIndex=4782, commits[6571ba41-d309-4d1d-a321-129a77bf1602:c4782, 75e8c5ea-f06a-43e1-af6e-1f7f9b0b2cc1:c4779, 1d8d2908-dfb4-4358-9c6e-64b435d6fccc:c4779]
2019-07-03 07:08:42,569 INFO  client.GrpcClientProtocolClient (GrpcClientProtocolClient.java:onNext(254)) - client-253D2503C21A->6571ba41-d309-4d1d-a321-129a77bf1602: receive RaftClientReply:client-253D2503C21A->6571ba41-d309-4d1d-a321-129a77bf1602@group-6D4C5FD51127, cid=3117, SUCCESS, logIndex=4783, commits[6571ba41-d309-4d1d-a321-129a77bf1602:c4783, 75e8c5ea-f06a-43e1-af6e-1f7f9b0b2cc1:c4779, 1d8d2908-dfb4-4358-9c6e-64b435d6fccc:c4779]
2019-07-03 07:08:42,570 INFO  client.GrpcClientProtocolClient (GrpcClientProtocolClient.java:onNext(254)) - client-253D2503C21A->6571ba41-d309-4d1d-a321-129a77bf1602: receive RaftClientReply:client-253D2503C21A->6571ba41-d309-4d1d-a321-129a77bf1602@group-6D4C5FD51127, cid=3118, SUCCESS, logIndex=0, commits[6571ba41-d309-4d1d-a321-129a77bf1602:c4784, 75e8c5ea-f06a-43e1-af6e-1f7f9b0b2cc1:c4781, 1d8d2908-dfb4-4358-9c6e-64b435d6fccc:c4781]
2019-07-03 07:08:42,583 INFO  client.GrpcClientProtocolClient (GrpcClientProtocolClient.java:onNext(254)) - client-253D2503C21A->6571ba41-d309-4d1d-a321-129a77bf1602: receive RaftClientReply:client-253D2503C21A->6571ba41-d309-4d1d-a321-129a77bf1602@group-6D4C5FD51127, cid=3119, SUCCESS, logIndex=4787, commits[6571ba41-d309-4d1d-a321-129a77bf1602:c4787, 75e8c5ea-f06a-43e1-af6e-1f7f9b0b2cc1:c4784, 1d8d2908-dfb4-4358-9c6e-64b435d6fccc:c4783]
2019-07-03 07:08:42,586 INFO  client.GrpcClientProtocolClient (GrpcClientProtocolClient.java:onNext(254)) - client-253D2503C21A->6571ba41-d309-4d1d-a321-129a77bf1602: receive RaftClientReply:client-253D2503C21A->6571ba41-d309-4d1d-a321-129a77bf1602@group-6D4C5FD51127, cid=3120, SUCCESS, logIndex=4789, commits[6571ba41-d309-4d1d-a321-129a77bf1602:c4789, 75e8c5ea-f06a-43e1-af6e-1f7f9b0b2cc1:c4787, 1d8d2908-dfb4-4358-9c6e-64b435d6fccc:c4787]
2019-07-03 07:08:42,601 INFO  client.GrpcClientProtocolClient (GrpcClientProtocolClient.java:onNext(254)) - client-253D2503C21A->6571ba41-d309-4d1d-a321-129a77bf1602: receive RaftClientReply:client-253D2503C21A->6571ba41-d309-4d1d-a321-129a77bf1602@group-6D4C5FD51127, cid=3121, SUCCESS, logIndex=4791, commits[6571ba41-d309-4d1d-a321-129a77bf1602:c4791, 75e8c5ea-f06a-43e1-af6e-1f7f9b0b2cc1:c4789, 1d8d2908-dfb4-4358-9c6e-64b435d6fccc:c4789]
2019-07-03 07:08:42,625 INFO  client.GrpcClientProtocolClient (GrpcClientProtocolClient.java:onNext(254)) - client-253D2503C21A->6571ba41-d309-4d1d-a321-129a77bf1602: receive RaftClientReply:client-253D2503C21A->6571ba41-d309-4d1d-a321-129a77bf1602@group-6D4C5FD51127, cid=3122, SUCCESS, logIndex=4793, commits[6571ba41-d309-4d1d-a321-129a77bf1602:c4793, 75e8c5ea-f06a-43e1-af6e-1f7f9b0b2cc1:c4791, 1d8d2908-dfb4-4358-9c6e-64b435d6fccc:c4791]
2019-07-03 07:08:42,636 INFO  client.GrpcClientProtocolClient (GrpcClientProtocolClient.java:onNext(254)) - client-253D2503C21A->6571ba41-d309-4d1d-a321-129a77bf1602: receive RaftClientReply:client-253D2503C21A->6571ba41-d309-4d1d-a321-129a77bf1602@group-6D4C5FD51127, cid=3123, SUCCESS, logIndex=0, commits[6571ba41-d309-4d1d-a321-129a77bf1602:c4794, 75e8c5ea-f06a-43e1-af6e-1f7f9b0b2cc1:c4793, 1d8d2908-dfb4-4358-9c6e-64b435d6fccc:c4793]
2019-07-03 07:08:42,668 INFO  client.GrpcClientProtocolClient (GrpcClientProtocolClient.java:onNext(254)) - client-253D2503C21A->6571ba41-d309-4d1d-a321-129a77bf1602: receive RaftClientReply:client-253D2503C21A->6571ba41-d309-4d1d-a321-129a77bf1602@group-6D4C5FD51127, cid=3124, SUCCESS, logIndex=4795, commits[6571ba41-d309-4d1d-a321-129a77bf1602:c4795, 75e8c5ea-f06a-43e1-af6e-1f7f9b0b2cc1:c4794, 1d8d2908-dfb4-4358-9c6e-64b435d6fccc:c4794]
2019-07-03 07:08:42,698 INFO  client.GrpcClientProtocolClient (GrpcClientProtocolClient.java:onNext(254)) - client-253D2503C21A->6571ba41-d309-4d1d-a321-129a77bf1602: receive RaftClientReply:client-253D2503C21A->6571ba41-d309-4d1d-a321-129a77bf1602@group-6D4C5FD51127, cid=3125, SUCCESS, logIndex=4797, commits[6571ba41-d309-4d1d-a321-129a77bf1602:c4798, 75e8c5ea-f06a-43e1-af6e-1f7f9b0b2cc1:c4795, 1d8d2908-dfb4-4358-9c6e-64b435d6fccc:c4795]
2019-07-03 07:08:42,698 INFO  client.GrpcClientProtocolClient (GrpcClientProtocolClient.java:onNext(254)) - client-253D2503C21A->6571ba41-d309-4d1d-a321-129a77bf1602: receive RaftClientReply:client-253D2503C21A->6571ba41-d309-4d1d-a321-129a77bf1602@group-6D4C5FD51127, cid=3126, SUCCESS, logIndex=4798, commits[6571ba41-d309-4d1d-a321-129a77bf1602:c4798, 75e8c5ea-f06a-43e1-af6e-1f7f9b0b2cc1:c4795, 1d8d2908-dfb4-4358-9c6e-64b435d6fccc:c4795]
2019-07-03 07:08:42,698 INFO  client.GrpcClientProtocolClient (GrpcClientProtocolClient.java:onNext(254)) - client-253D2503C21A->6571ba41-d309-4d1d-a321-129a77bf1602: receive RaftClientReply:client-253D2503C21A->6571ba41-d309-4d1d-a321-129a77bf1602@group-6D4C5FD51127, cid=3127, SUCCESS, logIndex=4799, commits[6571ba41-d309-4d1d-a321-129a77bf1602:c4799, 75e8c5ea-f06a-43e1-af6e-1f7f9b0b2cc1:c4795, 1d8d2908-dfb4-4358-9c6e-64b435d6fccc:c4795]
2019-07-03 07:08:42,701 INFO  client.GrpcClientProtocolClient (GrpcClientProtocolClient.java:onNext(254)) - client-253D2503C21A->6571ba41-d309-4d1d-a321-129a77bf1602: receive RaftClientReply:client-253D2503C21A->6571ba41-d309-4d1d-a321-129a77bf1602@group-6D4C5FD51127, cid=3128, SUCCESS, logIndex=0, commits[6571ba41-d309-4d1d-a321-129a77bf1602:c4800, 75e8c5ea-f06a-43e1-af6e-1f7f9b0b2cc1:c4798, 1d8d2908-dfb4-4358-9c6e-64b435d6fccc:c4798]
2019-07-03 07:08:42,716 INFO  client.GrpcClientProtocolClient (GrpcClientProtocolClient.java:onNext(254)) - client-253D2503C21A->6571ba41-d309-4d1d-a321-129a77bf1602: receive RaftClientReply:client-253D2503C21A->6571ba41-d309-4d1d-a321-129a77bf1602@group-6D4C5FD51127, cid=3129, SUCCESS, logIndex=4803, commits[6571ba41-d309-4d1d-a321-129a77bf1602:c4803, 75e8c5ea-f06a-43e1-af6e-1f7f9b0b2cc1:c4802, 1d8d2908-dfb4-4358-9c6e-64b435d6fccc:c4802]
2019-07-03 07:08:42,720 INFO  client.GrpcClientProtocolClient (GrpcClientProtocolClient.java:onNext(254)) - client-253D2503C21A->6571ba41-d309-4d1d-a321-129a77bf1602: receive RaftClientReply:client-253D2503C21A->6571ba41-d309-4d1d-a321-129a77bf1602@group-6D4C5FD51127, cid=3130, SUCCESS, logIndex=4805, commits[6571ba41-d309-4d1d-a321-129a77bf1602:c4805, 75e8c5ea-f06a-43e1-af6e-1f7f9b0b2cc1:c4803, 1d8d2908-dfb4-4358-9c6e-64b435d6fccc:c4803]
2019-07-03 07:08:42,734 INFO  client.GrpcClientProtocolClient (GrpcClientProtocolClient.java:onNext(254)) - client-253D2503C21A->6571ba41-d309-4d1d-a321-129a77bf1602: receive RaftClientReply:client-253D2503C21A->6571ba41-d309-4d1d-a321-129a77bf1602@group-6D4C5FD51127, cid=3131, SUCCESS, logIndex=4807, commits[6571ba41-d309-4d1d-a321-129a77bf1602:c4807, 75e8c5ea-f06a-43e1-af6e-1f7f9b0b2cc1:c4806, 1d8d2908-dfb4-4358-9c6e-64b435d6fccc:c4806]
2019-07-03 07:08:42,738 INFO  client.GrpcClientProtocolClient (GrpcClientProtocolClient.java:onNext(254)) - client-253D2503C21A->6571ba41-d309-4d1d-a321-129a77bf1602: receive RaftClientReply:client-253D2503C21A->6571ba41-d309-4d1d-a321-129a77bf1602@group-6D4C5FD51127, cid=3132, SUCCESS, logIndex=4809, commits[6571ba41-d309-4d1d-a321-129a77bf1602:c4809, 75e8c5ea-f06a-43e1-af6e-1f7f9b0b2cc1:c4807, 1d8d2908-dfb4-4358-9c6e-64b435d6fccc:c4807]
2019-07-03 07:08:42,740 INFO  client.GrpcClientProtocolClient (GrpcClientProtocolClient.java:onNext(254)) - client-253D2503C21A->6571ba41-d309-4d1d-a321-129a77bf1602: receive RaftClientReply:client-253D2503C21A->6571ba41-d309-4d1d-a321-129a77bf1602@group-6D4C5FD51127, cid=3133, SUCCESS, logIndex=0, commits[6571ba41-d309-4d1d-a321-129a77bf1602:c4810, 75e8c5ea-f06a-43e1-af6e-1f7f9b0b2cc1:c4809, 1d8d2908-dfb4-4358-9c6e-64b435d6fccc:c4809]
2019-07-03 07:08:42,767 INFO  client.GrpcClientProtocolClient (GrpcClientProtocolClient.java:onNext(254)) - client-253D2503C21A->6571ba41-d309-4d1d-a321-129a77bf1602: receive RaftClientReply:client-253D2503C21A->6571ba41-d309-4d1d-a321-129a77bf1602@group-6D4C5FD51127, cid=3134, SUCCESS, logIndex=4811, commits[6571ba41-d309-4d1d-a321-129a77bf1602:c4811, 75e8c5ea-f06a-43e1-af6e-1f7f9b0b2cc1:c4810, 1d8d2908-dfb4-4358-9c6e-64b435d6fccc:c4810]
2019-07-03 07:08:42,772 INFO  client.GrpcClientProtocolClient (GrpcClientProtocolClient.java:onNext(254)) - client-253D2503C21A->6571ba41-d309-4d1d-a321-129a77bf1602: receive RaftClientReply:client-253D2503C21A->6571ba41-d309-4d1d-a321-129a77bf1602@group-6D4C5FD51127, cid=3135, SUCCESS, logIndex=4813, commits[6571ba41-d309-4d1d-a321-129a77bf1602:c4813, 75e8c5ea-f06a-43e1-af6e-1f7f9b0b2cc1:c4811, 1d8d2908-dfb4-4358-9c6e-64b435d6fccc:c4811]
2019-07-03 07:08:42,774 INFO  client.GrpcClientProtocolClient (GrpcClientProtocolClient.java:onNext(254)) - client-253D2503C21A->6571ba41-d309-4d1d-a321-129a77bf1602: receive RaftClientReply:client-253D2503C21A->6571ba41-d309-4d1d-a321-129a77bf1602@group-6D4C5FD51127, cid=3136, SUCCESS, logIndex=4814, commits[6571ba41-d309-4d1d-a321-129a77bf1602:c4815, 75e8c5ea-f06a-43e1-af6e-1f7f9b0b2cc1:c4811, 1d8d2908-dfb4-4358-9c6e-64b435d6fccc:c4811]
2019-07-03 07:08:42,775 INFO  client.GrpcClientProtocolClient (GrpcClientProtocolClient.java:onNext(254)) - client-253D2503C21A->6571ba41-d309-4d1d-a321-129a77bf1602: receive RaftClientReply:client-253D2503C21A->6571ba41-d309-4d1d-a321-129a77bf1602@group-6D4C5FD51127, cid=3137, SUCCESS, logIndex=4815, commits[6571ba41-d309-4d1d-a321-129a77bf1602:c4815, 75e8c5ea-f06a-43e1-af6e-1f7f9b0b2cc1:c4811, 1d8d2908-dfb4-4358-9c6e-64b435d6fccc:c4811]
2019-07-03 07:08:42,776 INFO  client.GrpcClientProtocolClient (GrpcClientProtocolClient.java:onNext(254)) - client-253D2503C21A->6571ba41-d309-4d1d-a321-129a77bf1602: receive RaftClientReply:client-253D2503C21A->6571ba41-d309-4d1d-a321-129a77bf1602@group-6D4C5FD51127, cid=3138, SUCCESS, logIndex=0, commits[6571ba41-d309-4d1d-a321-129a77bf1602:c4817, 75e8c5ea-f06a-43e1-af6e-1f7f9b0b2cc1:c4815, 1d8d2908-dfb4-4358-9c6e-64b435d6fccc:c4815]
2019-07-03 07:08:42,790 INFO  client.GrpcClientProtocolClient (GrpcClientProtocolClient.java:onNext(254)) - client-253D2503C21A->6571ba41-d309-4d1d-a321-129a77bf1602: receive RaftClientReply:client-253D2503C21A->6571ba41-d309-4d1d-a321-129a77bf1602@group-6D4C5FD51127, cid=3139, SUCCESS, logIndex=4819, commits[6571ba41-d309-4d1d-a321-129a77bf1602:c4819, 75e8c5ea-f06a-43e1-af6e-1f7f9b0b2cc1:c4818, 1d8d2908-dfb4-4358-9c6e-64b435d6fccc:c4815]
2019-07-03 07:08:42,796 INFO  client.GrpcClientProtocolClient (GrpcClientProtocolClient.java:onNext(254)) - client-253D2503C21A->6571ba41-d309-4d1d-a321-129a77bf1602: receive RaftClientReply:client-253D2503C21A->6571ba41-d309-4d1d-a321-129a77bf1602@group-6D4C5FD51127, cid=3140, SUCCESS, logIndex=4821, commits[6571ba41-d309-4d1d-a321-129a77bf1602:c4821, 75e8c5ea-f06a-43e1-af6e-1f7f9b0b2cc1:c4819, 1d8d2908-dfb4-4358-9c6e-64b435d6fccc:c4819]
2019-07-03 07:08:42,810 INFO  client.GrpcClientProtocolClient (GrpcClientProtocolClient.java:onNext(254)) - client-253D2503C21A->6571ba41-d309-4d1d-a321-129a77bf1602: receive RaftClientReply:client-253D2503C21A->6571ba41-d309-4d1d-a321-129a77bf1602@group-6D4C5FD51127, cid=3141, SUCCESS, logIndex=4823, commits[6571ba41-d309-4d1d-a321-129a77bf1602:c4823, 75e8c5ea-f06a-43e1-af6e-1f7f9b0b2cc1:c4822, 1d8d2908-dfb4-4358-9c6e-64b435d6fccc:c4821]
2019-07-03 07:08:42,816 INFO  client.GrpcClientProtocolClient (GrpcClientProtocolClient.java:onNext(254)) - client-253D2503C21A->6571ba41-d309-4d1d-a321-129a77bf1602: receive RaftClientReply:client-253D2503C21A->6571ba41-d309-4d1d-a321-129a77bf1602@group-6D4C5FD51127, cid=3142, SUCCESS, logIndex=4825, commits[6571ba41-d309-4d1d-a321-129a77bf1602:c4825, 75e8c5ea-f06a-43e1-af6e-1f7f9b0b2cc1:c4823, 1d8d2908-dfb4-4358-9c6e-64b435d6fccc:c4823]
2019-07-03 07:08:42,818 INFO  client.GrpcClientProtocolClient (GrpcClientProtocolClient.java:onNext(254)) - client-253D2503C21A->6571ba41-d309-4d1d-a321-129a77bf1602: receive RaftClientReply:client-253D2503C21A->6571ba41-d309-4d1d-a321-129a77bf1602@group-6D4C5FD51127, cid=3143, SUCCESS, logIndex=0, commits[6571ba41-d309-4d1d-a321-129a77bf1602:c4826, 75e8c5ea-f06a-43e1-af6e-1f7f9b0b2cc1:c4825, 1d8d2908-dfb4-4358-9c6e-64b435d6fccc:c4825]
 0.00% |█                                                                                                    |  0/1 Time: 0:00:502019-07-03 07:08:42,882 INFO  client.GrpcClientProtocolClient (GrpcClientProtocolClient.java:onNext(254)) - client-253D2503C21A->6571ba41-d309-4d1d-a321-129a77bf1602: receive RaftClientReply:client-253D2503C21A->6571ba41-d309-4d1d-a321-129a77bf1602@group-6D4C5FD51127, cid=3144, SUCCESS, logIndex=4827, commits[6571ba41-d309-4d1d-a321-129a77bf1602:c4827, 75e8c5ea-f06a-43e1-af6e-1f7f9b0b2cc1:c4826, 1d8d2908-dfb4-4358-9c6e-64b435d6fccc:c4826]
2019-07-03 07:08:42,895 INFO  client.GrpcClientProtocolClient (GrpcClientProtocolClient.java:onNext(254)) - client-253D2503C21A->6571ba41-d309-4d1d-a321-129a77bf1602: receive RaftClientReply:client-253D2503C21A->6571ba41-d309-4d1d-a321-129a77bf1602@group-6D4C5FD51127, cid=3145, SUCCESS, logIndex=4829, commits[6571ba41-d309-4d1d-a321-129a77bf1602:c4830, 75e8c5ea-f06a-43e1-af6e-1f7f9b0b2cc1:c4827, 1d8d2908-dfb4-4358-9c6e-64b435d6fccc:c4827]
2019-07-03 07:08:42,895 INFO  client.GrpcClientProtocolClient (GrpcClientProtocolClient.java:onNext(254)) - client-253D2503C21A->6571ba41-d309-4d1d-a321-129a77bf1602: receive RaftClientReply:client-253D2503C21A->6571ba41-d309-4d1d-a321-129a77bf1602@group-6D4C5FD51127, cid=3146, SUCCESS, logIndex=4830, commits[6571ba41-d309-4d1d-a321-129a77bf1602:c4831, 75e8c5ea-f06a-43e1-af6e-1f7f9b0b2cc1:c4827, 1d8d2908-dfb4-4358-9c6e-64b435d6fccc:c4827]
2019-07-03 07:08:42,896 INFO  client.GrpcClientProtocolClient (GrpcClientProtocolClient.java:onNext(254)) - client-253D2503C21A->6571ba41-d309-4d1d-a321-129a77bf1602: receive RaftClientReply:client-253D2503C21A->6571ba41-d309-4d1d-a321-129a77bf1602@group-6D4C5FD51127, cid=3147, SUCCESS, logIndex=4831, commits[6571ba41-d309-4d1d-a321-129a77bf1602:c4831, 75e8c5ea-f06a-43e1-af6e-1f7f9b0b2cc1:c4827, 1d8d2908-dfb4-4358-9c6e-64b435d6fccc:c4827]
2019-07-03 07:08:42,897 INFO  client.GrpcClientProtocolClient (GrpcClientProtocolClient.java:onNext(254)) - client-253D2503C21A->6571ba41-d309-4d1d-a321-129a77bf1602: receive RaftClientReply:client-253D2503C21A->6571ba41-d309-4d1d-a321-129a77bf1602@group-6D4C5FD51127, cid=3148, SUCCESS, logIndex=0, commits[6571ba41-d309-4d1d-a321-129a77bf1602:c4833, 75e8c5ea-f06a-43e1-af6e-1f7f9b0b2cc1:c4829, 1d8d2908-dfb4-4358-9c6e-64b435d6fccc:c4830]
2019-07-03 07:08:43,016 INFO  client.GrpcClientProtocolClient (GrpcClientProtocolClient.java:onNext(254)) - client-253D2503C21A->6571ba41-d309-4d1d-a321-129a77bf1602: receive RaftClientReply:client-253D2503C21A->6571ba41-d309-4d1d-a321-129a77bf1602@group-6D4C5FD51127, cid=3149, SUCCESS, logIndex=4835, commits[6571ba41-d309-4d1d-a321-129a77bf1602:c4835, 75e8c5ea-f06a-43e1-af6e-1f7f9b0b2cc1:c4834, 1d8d2908-dfb4-4358-9c6e-64b435d6fccc:c4834]
2019-07-03 07:08:43,029 INFO  client.GrpcClientProtocolClient (GrpcClientProtocolClient.java:onNext(254)) - client-253D2503C21A->6571ba41-d309-4d1d-a321-129a77bf1602: receive RaftClientReply:client-253D2503C21A->6571ba41-d309-4d1d-a321-129a77bf1602@group-6D4C5FD51127, cid=3150, SUCCESS, logIndex=4837, commits[6571ba41-d309-4d1d-a321-129a77bf1602:c4837, 75e8c5ea-f06a-43e1-af6e-1f7f9b0b2cc1:c4835, 1d8d2908-dfb4-4358-9c6e-64b435d6fccc:c4835]
2019-07-03 07:08:43,053 INFO  client.GrpcClientProtocolClient (GrpcClientProtocolClient.java:onNext(254)) - client-253D2503C21A->6571ba41-d309-4d1d-a321-129a77bf1602: receive RaftClientReply:client-253D2503C21A->6571ba41-d309-4d1d-a321-129a77bf1602@group-6D4C5FD51127, cid=3151, SUCCESS, logIndex=4839, commits[6571ba41-d309-4d1d-a321-129a77bf1602:c4839, 75e8c5ea-f06a-43e1-af6e-1f7f9b0b2cc1:c4837, 1d8d2908-dfb4-4358-9c6e-64b435d6fccc:c4837]
2019-07-03 07:08:43,056 INFO  client.GrpcClientProtocolClient (GrpcClientProtocolClient.java:onNext(254)) - client-253D2503C21A->6571ba41-d309-4d1d-a321-129a77bf1602: receive RaftClientReply:client-253D2503C21A->6571ba41-d309-4d1d-a321-129a77bf1602@group-6D4C5FD51127, cid=3152, SUCCESS, logIndex=4841, commits[6571ba41-d309-4d1d-a321-129a77bf1602:c4841, 75e8c5ea-f06a-43e1-af6e-1f7f9b0b2cc1:c4839, 1d8d2908-dfb4-4358-9c6e-64b435d6fccc:c4839]
2019-07-03 07:08:43,068 INFO  client.GrpcClientProtocolClient (GrpcClientProtocolClient.java:onNext(254)) - client-253D2503C21A->6571ba41-d309-4d1d-a321-129a77bf1602: receive RaftClientReply:client-253D2503C21A->6571ba41-d309-4d1d-a321-129a77bf1602@group-6D4C5FD51127, cid=3153, SUCCESS, logIndex=0, commits[6571ba41-d309-4d1d-a321-129a77bf1602:c4842, 75e8c5ea-f06a-43e1-af6e-1f7f9b0b2cc1:c4841, 1d8d2908-dfb4-4358-9c6e-64b435d6fccc:c4841]
2019-07-03 07:08:43,101 INFO  client.GrpcClientProtocolClient (GrpcClientProtocolClient.java:onNext(254)) - client-253D2503C21A->6571ba41-d309-4d1d-a321-129a77bf1602: receive RaftClientReply:client-253D2503C21A->6571ba41-d309-4d1d-a321-129a77bf1602@group-6D4C5FD51127, cid=3154, SUCCESS, logIndex=4843, commits[6571ba41-d309-4d1d-a321-129a77bf1602:c4843, 75e8c5ea-f06a-43e1-af6e-1f7f9b0b2cc1:c4842, 1d8d2908-dfb4-4358-9c6e-64b435d6fccc:c4842]
2019-07-03 07:08:43,128 INFO  client.GrpcClientProtocolClient (GrpcClientProtocolClient.java:onNext(254)) - client-253D2503C21A->6571ba41-d309-4d1d-a321-129a77bf1602: receive RaftClientReply:client-253D2503C21A->6571ba41-d309-4d1d-a321-129a77bf1602@group-6D4C5FD51127, cid=3155, SUCCESS, logIndex=4845, commits[6571ba41-d309-4d1d-a321-129a77bf1602:c4846, 75e8c5ea-f06a-43e1-af6e-1f7f9b0b2cc1:c4843, 1d8d2908-dfb4-4358-9c6e-64b435d6fccc:c4843]
2019-07-03 07:08:43,129 INFO  client.GrpcClientProtocolClient (GrpcClientProtocolClient.java:onNext(254)) - client-253D2503C21A->6571ba41-d309-4d1d-a321-129a77bf1602: receive RaftClientReply:client-253D2503C21A->6571ba41-d309-4d1d-a321-129a77bf1602@group-6D4C5FD51127, cid=3156, SUCCESS, logIndex=4846, commits[6571ba41-d309-4d1d-a321-129a77bf1602:c4846, 75e8c5ea-f06a-43e1-af6e-1f7f9b0b2cc1:c4843, 1d8d2908-dfb4-4358-9c6e-64b435d6fccc:c4843]
2019-07-03 07:08:43,130 INFO  client.GrpcClientProtocolClient (GrpcClientProtocolClient.java:onNext(254)) - client-253D2503C21A->6571ba41-d309-4d1d-a321-129a77bf1602: receive RaftClientReply:client-253D2503C21A->6571ba41-d309-4d1d-a321-129a77bf1602@group-6D4C5FD51127, cid=3157, SUCCESS, logIndex=4847, commits[6571ba41-d309-4d1d-a321-129a77bf1602:c4848, 75e8c5ea-f06a-43e1-af6e-1f7f9b0b2cc1:c4845, 1d8d2908-dfb4-4358-9c6e-64b435d6fccc:c4845]
2019-07-03 07:08:43,144 INFO  client.GrpcClientProtocolClient (GrpcClientProtocolClient.java:onNext(254)) - client-253D2503C21A->6571ba41-d309-4d1d-a321-129a77bf1602: receive RaftClientReply:client-253D2503C21A->6571ba41-d309-4d1d-a321-129a77bf1602@group-6D4C5FD51127, cid=3158, SUCCESS, logIndex=4851, commits[6571ba41-d309-4d1d-a321-129a77bf1602:c4851, 75e8c5ea-f06a-43e1-af6e-1f7f9b0b2cc1:c4850, 1d8d2908-dfb4-4358-9c6e-64b435d6fccc:c4850]
2019-07-03 07:08:43,159 INFO  client.GrpcClientProtocolClient (GrpcClientProtocolClient.java:onNext(254)) - client-253D2503C21A->6571ba41-d309-4d1d-a321-129a77bf1602: receive RaftClientReply:client-253D2503C21A->6571ba41-d309-4d1d-a321-129a77bf1602@group-6D4C5FD51127, cid=3159, SUCCESS, logIndex=4853, commits[6571ba41-d309-4d1d-a321-129a77bf1602:c4853, 75e8c5ea-f06a-43e1-af6e-1f7f9b0b2cc1:c4851, 1d8d2908-dfb4-4358-9c6e-64b435d6fccc:c4851]
2019-07-03 07:08:43,172 INFO  storage.RaftLogWorker (RaftLogWorker.java:rollLogSegment(303)) - 6571ba41-d309-4d1d-a321-129a77bf1602-RaftLogWorker: Rolling segment log-4777_4856 to index:4856
2019-07-03 07:08:43,172 INFO  client.GrpcClientProtocolClient (GrpcClientProtocolClient.java:onNext(254)) - client-253D2503C21A->6571ba41-d309-4d1d-a321-129a77bf1602: receive RaftClientReply:client-253D2503C21A->6571ba41-d309-4d1d-a321-129a77bf1602@group-6D4C5FD51127, cid=3160, SUCCESS, logIndex=4855, commits[6571ba41-d309-4d1d-a321-129a77bf1602:c4855, 75e8c5ea-f06a-43e1-af6e-1f7f9b0b2cc1:c4853, 1d8d2908-dfb4-4358-9c6e-64b435d6fccc:c4853]
2019-07-03 07:08:43,173 INFO  storage.RaftLogWorker (RaftLogWorker.java:rollLogSegment(303)) - 75e8c5ea-f06a-43e1-af6e-1f7f9b0b2cc1-RaftLogWorker: Rolling segment log-4777_4856 to index:4856
2019-07-03 07:08:43,173 INFO  storage.RaftLogWorker (RaftLogWorker.java:rollLogSegment(303)) - 1d8d2908-dfb4-4358-9c6e-64b435d6fccc-RaftLogWorker: Rolling segment log-4777_4856 to index:4856
2019-07-03 07:08:43,183 INFO  storage.RaftLogWorker (RaftLogWorker.java:execute(433)) - 6571ba41-d309-4d1d-a321-129a77bf1602-RaftLogWorker: Rolled log segment from /opt/src/hadoop-ozone/tools/target/test-dir/MiniOzoneClusterImpl-0519545d-318d-4c21-a2a0-688f18f8a31d/datanode-4/data/ratis/23ffc2a4-5526-4092-9dc4-6d4c5fd51127/current/log_inprogress_4777 to /opt/src/hadoop-ozone/tools/target/test-dir/MiniOzoneClusterImpl-0519545d-318d-4c21-a2a0-688f18f8a31d/datanode-4/data/ratis/23ffc2a4-5526-4092-9dc4-6d4c5fd51127/current/log_4777-4856
2019-07-03 07:08:43,183 INFO  storage.RaftLogWorker (RaftLogWorker.java:execute(433)) - 1d8d2908-dfb4-4358-9c6e-64b435d6fccc-RaftLogWorker: Rolled log segment from /opt/src/hadoop-ozone/tools/target/test-dir/MiniOzoneClusterImpl-0519545d-318d-4c21-a2a0-688f18f8a31d/datanode-2/data/ratis/23ffc2a4-5526-4092-9dc4-6d4c5fd51127/current/log_inprogress_4777 to /opt/src/hadoop-ozone/tools/target/test-dir/MiniOzoneClusterImpl-0519545d-318d-4c21-a2a0-688f18f8a31d/datanode-2/data/ratis/23ffc2a4-5526-4092-9dc4-6d4c5fd51127/current/log_4777-4856
2019-07-03 07:08:43,183 INFO  storage.RaftLogWorker (RaftLogWorker.java:execute(433)) - 75e8c5ea-f06a-43e1-af6e-1f7f9b0b2cc1-RaftLogWorker: Rolled log segment from /opt/src/hadoop-ozone/tools/target/test-dir/MiniOzoneClusterImpl-0519545d-318d-4c21-a2a0-688f18f8a31d/datanode-1/data/ratis/23ffc2a4-5526-4092-9dc4-6d4c5fd51127/current/log_inprogress_4777 to /opt/src/hadoop-ozone/tools/target/test-dir/MiniOzoneClusterImpl-0519545d-318d-4c21-a2a0-688f18f8a31d/datanode-1/data/ratis/23ffc2a4-5526-4092-9dc4-6d4c5fd51127/current/log_4777-4856
2019-07-03 07:08:43,221 INFO  storage.RaftLogWorker (RaftLogWorker.java:execute(469)) - 6571ba41-d309-4d1d-a321-129a77bf1602-RaftLogWorker: created new log segment /opt/src/hadoop-ozone/tools/target/test-dir/MiniOzoneClusterImpl-0519545d-318d-4c21-a2a0-688f18f8a31d/datanode-4/data/ratis/23ffc2a4-5526-4092-9dc4-6d4c5fd51127/current/log_inprogress_4857
2019-07-03 07:08:43,221 INFO  storage.RaftLogWorker (RaftLogWorker.java:execute(469)) - 1d8d2908-dfb4-4358-9c6e-64b435d6fccc-RaftLogWorker: created new log segment /opt/src/hadoop-ozone/tools/target/test-dir/MiniOzoneClusterImpl-0519545d-318d-4c21-a2a0-688f18f8a31d/datanode-2/data/ratis/23ffc2a4-5526-4092-9dc4-6d4c5fd51127/current/log_inprogress_4857
2019-07-03 07:08:43,221 INFO  storage.RaftLogWorker (RaftLogWorker.java:execute(469)) - 75e8c5ea-f06a-43e1-af6e-1f7f9b0b2cc1-RaftLogWorker: created new log segment /opt/src/hadoop-ozone/tools/target/test-dir/MiniOzoneClusterImpl-0519545d-318d-4c21-a2a0-688f18f8a31d/datanode-1/data/ratis/23ffc2a4-5526-4092-9dc4-6d4c5fd51127/current/log_inprogress_4857
2019-07-03 07:08:43,225 INFO  client.GrpcClientProtocolClient (GrpcClientProtocolClient.java:onNext(254)) - client-253D2503C21A->6571ba41-d309-4d1d-a321-129a77bf1602: receive RaftClientReply:client-253D2503C21A->6571ba41-d309-4d1d-a321-129a77bf1602@group-6D4C5FD51127, cid=3161, SUCCESS, logIndex=4857, commits[6571ba41-d309-4d1d-a321-129a77bf1602:c4857, 75e8c5ea-f06a-43e1-af6e-1f7f9b0b2cc1:c4855, 1d8d2908-dfb4-4358-9c6e-64b435d6fccc:c4855]
2019-07-03 07:08:43,236 INFO  client.GrpcClientProtocolClient (GrpcClientProtocolClient.java:onNext(254)) - client-253D2503C21A->6571ba41-d309-4d1d-a321-129a77bf1602: receive RaftClientReply:client-253D2503C21A->6571ba41-d309-4d1d-a321-129a77bf1602@group-6D4C5FD51127, cid=3162, SUCCESS, logIndex=0, commits[6571ba41-d309-4d1d-a321-129a77bf1602:c4858, 75e8c5ea-f06a-43e1-af6e-1f7f9b0b2cc1:c4857, 1d8d2908-dfb4-4358-9c6e-64b435d6fccc:c4857]
2019-07-03 07:08:43,266 INFO  client.GrpcClientProtocolClient (GrpcClientProtocolClient.java:onNext(254)) - client-253D2503C21A->6571ba41-d309-4d1d-a321-129a77bf1602: receive RaftClientReply:client-253D2503C21A->6571ba41-d309-4d1d-a321-129a77bf1602@group-6D4C5FD51127, cid=3163, SUCCESS, logIndex=4859, commits[6571ba41-d309-4d1d-a321-129a77bf1602:c4859, 75e8c5ea-f06a-43e1-af6e-1f7f9b0b2cc1:c4858, 1d8d2908-dfb4-4358-9c6e-64b435d6fccc:c4858]
2019-07-03 07:08:43,279 INFO  client.GrpcClientProtocolClient (GrpcClientProtocolClient.java:onNext(254)) - client-253D2503C21A->6571ba41-d309-4d1d-a321-129a77bf1602: receive RaftClientReply:client-253D2503C21A->6571ba41-d309-4d1d-a321-129a77bf1602@group-6D4C5FD51127, cid=3164, SUCCESS, logIndex=4861, commits[6571ba41-d309-4d1d-a321-129a77bf1602:c4862, 75e8c5ea-f06a-43e1-af6e-1f7f9b0b2cc1:c4859, 1d8d2908-dfb4-4358-9c6e-64b435d6fccc:c4859]
2019-07-03 07:08:43,279 INFO  client.GrpcClientProtocolClient (GrpcClientProtocolClient.java:onNext(254)) - client-253D2503C21A->6571ba41-d309-4d1d-a321-129a77bf1602: receive RaftClientReply:client-253D2503C21A->6571ba41-d309-4d1d-a321-129a77bf1602@group-6D4C5FD51127, cid=3165, SUCCESS, logIndex=4862, commits[6571ba41-d309-4d1d-a321-129a77bf1602:c4863, 75e8c5ea-f06a-43e1-af6e-1f7f9b0b2cc1:c4859, 1d8d2908-dfb4-4358-9c6e-64b435d6fccc:c4861]
2019-07-03 07:08:43,280 INFO  client.GrpcClientProtocolClient (GrpcClientProtocolClient.java:onNext(254)) - client-253D2503C21A->6571ba41-d309-4d1d-a321-129a77bf1602: receive RaftClientReply:client-253D2503C21A->6571ba41-d309-4d1d-a321-129a77bf1602@group-6D4C5FD51127, cid=3166, SUCCESS, logIndex=4863, commits[6571ba41-d309-4d1d-a321-129a77bf1602:c4864, 75e8c5ea-f06a-43e1-af6e-1f7f9b0b2cc1:c4859, 1d8d2908-dfb4-4358-9c6e-64b435d6fccc:c4861]
2019-07-03 07:08:43,281 INFO  client.GrpcClientProtocolClient (GrpcClientProtocolClient.java:onNext(254)) - client-253D2503C21A->6571ba41-d309-4d1d-a321-129a77bf1602: receive RaftClientReply:client-253D2503C21A->6571ba41-d309-4d1d-a321-129a77bf1602@group-6D4C5FD51127, cid=3167, SUCCESS, logIndex=0, commits[6571ba41-d309-4d1d-a321-129a77bf1602:c4865, 75e8c5ea-f06a-43e1-af6e-1f7f9b0b2cc1:c4862, 1d8d2908-dfb4-4358-9c6e-64b435d6fccc:c4862]
2019-07-03 07:08:43,300 INFO  client.GrpcClientProtocolClient (GrpcClientProtocolClient.java:onNext(254)) - client-253D2503C21A->6571ba41-d309-4d1d-a321-129a77bf1602: receive RaftClientReply:client-253D2503C21A->6571ba41-d309-4d1d-a321-129a77bf1602@group-6D4C5FD51127, cid=3168, SUCCESS, logIndex=4867, commits[6571ba41-d309-4d1d-a321-129a77bf1602:c4867, 75e8c5ea-f06a-43e1-af6e-1f7f9b0b2cc1:c4866, 1d8d2908-dfb4-4358-9c6e-64b435d6fccc:c4866]
2019-07-03 07:08:43,315 INFO  client.GrpcClientProtocolClient (GrpcClientProtocolClient.java:onNext(254)) - client-253D2503C21A->6571ba41-d309-4d1d-a321-129a77bf1602: receive RaftClientReply:client-253D2503C21A->6571ba41-d309-4d1d-a321-129a77bf1602@group-6D4C5FD51127, cid=3169, SUCCESS, logIndex=4869, commits[6571ba41-d309-4d1d-a321-129a77bf1602:c4869, 75e8c5ea-f06a-43e1-af6e-1f7f9b0b2cc1:c4867, 1d8d2908-dfb4-4358-9c6e-64b435d6fccc:c4867]
2019-07-03 07:08:43,330 INFO  client.GrpcClientProtocolClient (GrpcClientProtocolClient.java:onNext(254)) - client-253D2503C21A->6571ba41-d309-4d1d-a321-129a77bf1602: receive RaftClientReply:client-253D2503C21A->6571ba41-d309-4d1d-a321-129a77bf1602@group-6D4C5FD51127, cid=3170, SUCCESS, logIndex=4871, commits[6571ba41-d309-4d1d-a321-129a77bf1602:c4871, 75e8c5ea-f06a-43e1-af6e-1f7f9b0b2cc1:c4869, 1d8d2908-dfb4-4358-9c6e-64b435d6fccc:c4869]
2019-07-03 07:08:43,345 INFO  client.GrpcClientProtocolClient (GrpcClientProtocolClient.java:onNext(254)) - client-253D2503C21A->6571ba41-d309-4d1d-a321-129a77bf1602: receive RaftClientReply:client-253D2503C21A->6571ba41-d309-4d1d-a321-129a77bf1602@group-6D4C5FD51127, cid=3171, SUCCESS, logIndex=4873, commits[6571ba41-d309-4d1d-a321-129a77bf1602:c4873, 75e8c5ea-f06a-43e1-af6e-1f7f9b0b2cc1:c4871, 1d8d2908-dfb4-4358-9c6e-64b435d6fccc:c4871]
2019-07-03 07:08:43,357 INFO  client.GrpcClientProtocolClient (GrpcClientProtocolClient.java:onNext(254)) - client-253D2503C21A->6571ba41-d309-4d1d-a321-129a77bf1602: receive RaftClientReply:client-253D2503C21A->6571ba41-d309-4d1d-a321-129a77bf1602@group-6D4C5FD51127, cid=3172, SUCCESS, logIndex=0, commits[6571ba41-d309-4d1d-a321-129a77bf1602:c4874, 75e8c5ea-f06a-43e1-af6e-1f7f9b0b2cc1:c4873, 1d8d2908-dfb4-4358-9c6e-64b435d6fccc:c4873]
2019-07-03 07:08:43,395 INFO  client.GrpcClientProtocolClient (GrpcClientProtocolClient.java:onNext(254)) - client-253D2503C21A->6571ba41-d309-4d1d-a321-129a77bf1602: receive RaftClientReply:client-253D2503C21A->6571ba41-d309-4d1d-a321-129a77bf1602@group-6D4C5FD51127, cid=3173, SUCCESS, logIndex=4875, commits[6571ba41-d309-4d1d-a321-129a77bf1602:c4875, 75e8c5ea-f06a-43e1-af6e-1f7f9b0b2cc1:c4874, 1d8d2908-dfb4-4358-9c6e-64b435d6fccc:c4874]
2019-07-03 07:08:43,407 INFO  client.GrpcClientProtocolClient (GrpcClientProtocolClient.java:onNext(254)) - client-253D2503C21A->6571ba41-d309-4d1d-a321-129a77bf1602: receive RaftClientReply:client-253D2503C21A->6571ba41-d309-4d1d-a321-129a77bf1602@group-6D4C5FD51127, cid=3174, SUCCESS, logIndex=4877, commits[6571ba41-d309-4d1d-a321-129a77bf1602:c4878, 75e8c5ea-f06a-43e1-af6e-1f7f9b0b2cc1:c4875, 1d8d2908-dfb4-4358-9c6e-64b435d6fccc:c4875]
2019-07-03 07:08:43,408 INFO  client.GrpcClientProtocolClient (GrpcClientProtocolClient.java:onNext(254)) - client-253D2503C21A->6571ba41-d309-4d1d-a321-129a77bf1602: receive RaftClientReply:client-253D2503C21A->6571ba41-d309-4d1d-a321-129a77bf1602@group-6D4C5FD51127, cid=3175, SUCCESS, logIndex=4878, commits[6571ba41-d309-4d1d-a321-129a77bf1602:c4878, 75e8c5ea-f06a-43e1-af6e-1f7f9b0b2cc1:c4875, 1d8d2908-dfb4-4358-9c6e-64b435d6fccc:c4875]
2019-07-03 07:08:43,408 INFO  client.GrpcClientProtocolClient (GrpcClientProtocolClient.java:onNext(254)) - client-253D2503C21A->6571ba41-d309-4d1d-a321-129a77bf1602: receive RaftClientReply:client-253D2503C21A->6571ba41-d309-4d1d-a321-129a77bf1602@group-6D4C5FD51127, cid=3176, SUCCESS, logIndex=4879, commits[6571ba41-d309-4d1d-a321-129a77bf1602:c4879, 75e8c5ea-f06a-43e1-af6e-1f7f9b0b2cc1:c4875, 1d8d2908-dfb4-4358-9c6e-64b435d6fccc:c4875]
2019-07-03 07:08:43,410 INFO  client.GrpcClientProtocolClient (GrpcClientProtocolClient.java:onNext(254)) - client-253D2503C21A->6571ba41-d309-4d1d-a321-129a77bf1602: receive RaftClientReply:client-253D2503C21A->6571ba41-d309-4d1d-a321-129a77bf1602@group-6D4C5FD51127, cid=3177, SUCCESS, logIndex=0, commits[6571ba41-d309-4d1d-a321-129a77bf1602:c4880, 75e8c5ea-f06a-43e1-af6e-1f7f9b0b2cc1:c4878, 1d8d2908-dfb4-4358-9c6e-64b435d6fccc:c4878]
2019-07-03 07:08:43,488 INFO  client.GrpcClientProtocolClient (GrpcClientProtocolClient.java:onNext(254)) - client-253D2503C21A->6571ba41-d309-4d1d-a321-129a77bf1602: receive RaftClientReply:client-253D2503C21A->6571ba41-d309-4d1d-a321-129a77bf1602@group-6D4C5FD51127, cid=3178, SUCCESS, logIndex=4882, commits[6571ba41-d309-4d1d-a321-129a77bf1602:c4882, 75e8c5ea-f06a-43e1-af6e-1f7f9b0b2cc1:c4881, 1d8d2908-dfb4-4358-9c6e-64b435d6fccc:c4881]
 0.00% |█                                                                                                    |  0/1 Time: 0:00:51 0.00% |█                                                                                                    |  0/1 Time: 0:00:52 0.00% |█                                                                                                    |  0/1 Time: 0:00:532019-07-03 07:08:46,487 WARN  server.GrpcLogAppender (GrpcLogAppender.java:timeoutAppendRequest(199)) - GrpcLogAppender(6571ba41-d309-4d1d-a321-129a77bf1602 -> 1d8d2908-dfb4-4358-9c6e-64b435d6fccc): appendEntries Timeout, request=6571ba41-d309-4d1d-a321-129a77bf1602->1d8d2908-dfb4-4358-9c6e-64b435d6fccc#4925-t1, previous=(t:1, i:4882), leaderCommit=4882, initializing? false, entries: size=1, first=(t:1, i:4883), METADATAENTRY(c4882)
2019-07-03 07:08:46,488 WARN  server.GrpcLogAppender (GrpcLogAppender.java:timeoutAppendRequest(199)) - GrpcLogAppender(6571ba41-d309-4d1d-a321-129a77bf1602 -> 75e8c5ea-f06a-43e1-af6e-1f7f9b0b2cc1): appendEntries Timeout, request=6571ba41-d309-4d1d-a321-129a77bf1602->75e8c5ea-f06a-43e1-af6e-1f7f9b0b2cc1#4927-t1, previous=(t:1, i:4883), leaderCommit=4882, initializing? false, entries: size=1, first=(t:1, i:4884), STATEMACHINELOGENTRY, client-253D2503C21A, cid=3179
2019-07-03 07:08:46,488 WARN  server.GrpcLogAppender (GrpcLogAppender.java:timeoutAppendRequest(199)) - GrpcLogAppender(6571ba41-d309-4d1d-a321-129a77bf1602 -> 1d8d2908-dfb4-4358-9c6e-64b435d6fccc): appendEntries Timeout, request=6571ba41-d309-4d1d-a321-129a77bf1602->1d8d2908-dfb4-4358-9c6e-64b435d6fccc#4926-t1, previous=(t:1, i:4883), leaderCommit=4882, initializing? false, entries: size=1, first=(t:1, i:4884), STATEMACHINELOGENTRY, client-253D2503C21A, cid=3179
 0.00% |█                                                                                                    |  0/1 Time: 0:00:542019-07-03 07:08:46,988 WARN  server.GrpcLogAppender (GrpcLogAppender.java:timeoutAppendRequest(199)) - GrpcLogAppender(6571ba41-d309-4d1d-a321-129a77bf1602 -> 75e8c5ea-f06a-43e1-af6e-1f7f9b0b2cc1): appendEntries Timeout, request=6571ba41-d309-4d1d-a321-129a77bf1602->75e8c5ea-f06a-43e1-af6e-1f7f9b0b2cc1#4928-t1, previous=(t:1, i:4884), leaderCommit=4882, initializing? false, entries: <empty>
2019-07-03 07:08:46,988 WARN  server.GrpcLogAppender (GrpcLogAppender.java:timeoutAppendRequest(199)) - GrpcLogAppender(6571ba41-d309-4d1d-a321-129a77bf1602 -> 1d8d2908-dfb4-4358-9c6e-64b435d6fccc): appendEntries Timeout, request=6571ba41-d309-4d1d-a321-129a77bf1602->1d8d2908-dfb4-4358-9c6e-64b435d6fccc#4927-t1, previous=(t:1, i:4884), leaderCommit=4882, initializing? false, entries: <empty>
2019-07-03 07:08:47,044 WARN  server.GrpcLogAppender (GrpcLogAppender.java:onSuccess(291)) - GrpcLogAppender(6571ba41-d309-4d1d-a321-129a77bf1602 -> 75e8c5ea-f06a-43e1-af6e-1f7f9b0b2cc1): Request not found, ignoring reply: 6571ba41-d309-4d1d-a321-129a77bf1602->75e8c5ea-f06a-43e1-af6e-1f7f9b0b2cc1,true,SUCCESS,nextIndex:4885,term:1,followerCommit:4883
2019-07-03 07:08:47,045 WARN  server.GrpcLogAppender (GrpcLogAppender.java:onSuccess(291)) - GrpcLogAppender(6571ba41-d309-4d1d-a321-129a77bf1602 -> 1d8d2908-dfb4-4358-9c6e-64b435d6fccc): Request not found, ignoring reply: 6571ba41-d309-4d1d-a321-129a77bf1602->1d8d2908-dfb4-4358-9c6e-64b435d6fccc,true,SUCCESS,nextIndex:4884,term:1,followerCommit:4882
2019-07-03 07:08:47,045 WARN  server.GrpcLogAppender (GrpcLogAppender.java:onSuccess(291)) - GrpcLogAppender(6571ba41-d309-4d1d-a321-129a77bf1602 -> 75e8c5ea-f06a-43e1-af6e-1f7f9b0b2cc1): Request not found, ignoring reply: 6571ba41-d309-4d1d-a321-129a77bf1602->75e8c5ea-f06a-43e1-af6e-1f7f9b0b2cc1,true,SUCCESS,nextIndex:4885,term:1,followerCommit:4882
2019-07-03 07:08:47,435 INFO  client.GrpcClientProtocolClient (GrpcClientProtocolClient.java:onNext(254)) - client-253D2503C21A->1d8d2908-dfb4-4358-9c6e-64b435d6fccc: receive RaftClientReply:client-253D2503C21A->1d8d2908-dfb4-4358-9c6e-64b435d6fccc@group-6D4C5FD51127, cid=3179, FAILED org.apache.ratis.protocol.NotLeaderException: Server 1d8d2908-dfb4-4358-9c6e-64b435d6fccc is not the leader (6571ba41-d309-4d1d-a321-129a77bf1602:192.168.69.120:46345). Request must be sent to leader., logIndex=0, commits[1d8d2908-dfb4-4358-9c6e-64b435d6fccc:c4882, 75e8c5ea-f06a-43e1-af6e-1f7f9b0b2cc1:c4883, 6571ba41-d309-4d1d-a321-129a77bf1602:c4884]
2019-07-03 07:08:47,441 WARN  client.GrpcClientProtocolService (LogUtils.java:warn(134)) - 1-OrderedRequestStreamObserver1: onError: org.apache.ratis.thirdparty.io.grpc.StatusRuntimeException: CANCELLED: cancelled before receiving half close
2019-07-03 07:08:47,489 WARN  server.GrpcLogAppender (GrpcLogAppender.java:timeoutAppendRequest(199)) - GrpcLogAppender(6571ba41-d309-4d1d-a321-129a77bf1602 -> 1d8d2908-dfb4-4358-9c6e-64b435d6fccc): appendEntries Timeout, request=6571ba41-d309-4d1d-a321-129a77bf1602->1d8d2908-dfb4-4358-9c6e-64b435d6fccc#4928-t1, previous=(t:1, i:4884), leaderCommit=4883, initializing? false, entries: <empty>
 0.00% |█                                                                                                    |  0/1 Time: 0:00:552019-07-03 07:08:47,989 WARN  server.GrpcLogAppender (GrpcLogAppender.java:timeoutAppendRequest(199)) - GrpcLogAppender(6571ba41-d309-4d1d-a321-129a77bf1602 -> 1d8d2908-dfb4-4358-9c6e-64b435d6fccc): appendEntries Timeout, request=6571ba41-d309-4d1d-a321-129a77bf1602->1d8d2908-dfb4-4358-9c6e-64b435d6fccc#4929-t1, previous=(t:1, i:4884), leaderCommit=4883, initializing? false, entries: <empty>
2019-07-03 07:08:48,430 WARN  server.GrpcLogAppender (GrpcLogAppender.java:onSuccess(291)) - GrpcLogAppender(6571ba41-d309-4d1d-a321-129a77bf1602 -> 1d8d2908-dfb4-4358-9c6e-64b435d6fccc): Request not found, ignoring reply: 6571ba41-d309-4d1d-a321-129a77bf1602->1d8d2908-dfb4-4358-9c6e-64b435d6fccc,true,SUCCESS,nextIndex:4885,term:1,followerCommit:4883
2019-07-03 07:08:48,431 WARN  server.GrpcLogAppender (GrpcLogAppender.java:onSuccess(291)) - GrpcLogAppender(6571ba41-d309-4d1d-a321-129a77bf1602 -> 1d8d2908-dfb4-4358-9c6e-64b435d6fccc): Request not found, ignoring reply: 6571ba41-d309-4d1d-a321-129a77bf1602->1d8d2908-dfb4-4358-9c6e-64b435d6fccc,true,SUCCESS,nextIndex:4885,term:1,followerCommit:4882
2019-07-03 07:08:48,431 WARN  server.GrpcLogAppender (GrpcLogAppender.java:onSuccess(291)) - GrpcLogAppender(6571ba41-d309-4d1d-a321-129a77bf1602 -> 1d8d2908-dfb4-4358-9c6e-64b435d6fccc): Request not found, ignoring reply: 6571ba41-d309-4d1d-a321-129a77bf1602->1d8d2908-dfb4-4358-9c6e-64b435d6fccc,true,SUCCESS,nextIndex:4885,term:1,followerCommit:4882
2019-07-03 07:08:48,431 WARN  server.GrpcLogAppender (GrpcLogAppender.java:onSuccess(291)) - GrpcLogAppender(6571ba41-d309-4d1d-a321-129a77bf1602 -> 1d8d2908-dfb4-4358-9c6e-64b435d6fccc): Request not found, ignoring reply: 6571ba41-d309-4d1d-a321-129a77bf1602->1d8d2908-dfb4-4358-9c6e-64b435d6fccc,true,SUCCESS,nextIndex:4885,term:1,followerCommit:4882
2019-07-03 07:08:48,455 INFO  client.GrpcClientProtocolClient (GrpcClientProtocolClient.java:onNext(254)) - client-253D2503C21A->6571ba41-d309-4d1d-a321-129a77bf1602: receive RaftClientReply:client-253D2503C21A->6571ba41-d309-4d1d-a321-129a77bf1602@group-6D4C5FD51127, cid=3179, SUCCESS, logIndex=4884, commits[6571ba41-d309-4d1d-a321-129a77bf1602:c4884, 75e8c5ea-f06a-43e1-af6e-1f7f9b0b2cc1:c4883, 1d8d2908-dfb4-4358-9c6e-64b435d6fccc:c4881]
 0.00% |█                                                                                                    |  0/1 Time: 0:00:562019-07-03 07:08:49,011 INFO  client.GrpcClientProtocolClient (GrpcClientProtocolClient.java:onNext(254)) - client-253D2503C21A->6571ba41-d309-4d1d-a321-129a77bf1602: receive RaftClientReply:client-253D2503C21A->6571ba41-d309-4d1d-a321-129a77bf1602@group-6D4C5FD51127, cid=3180, SUCCESS, logIndex=4886, commits[6571ba41-d309-4d1d-a321-129a77bf1602:c4886, 75e8c5ea-f06a-43e1-af6e-1f7f9b0b2cc1:c4885, 1d8d2908-dfb4-4358-9c6e-64b435d6fccc:c4884]
2019-07-03 07:08:49,030 INFO  client.GrpcClientProtocolClient (GrpcClientProtocolClient.java:onNext(254)) - client-253D2503C21A->6571ba41-d309-4d1d-a321-129a77bf1602: receive RaftClientReply:client-253D2503C21A->6571ba41-d309-4d1d-a321-129a77bf1602@group-6D4C5FD51127, cid=3181, SUCCESS, logIndex=4888, commits[6571ba41-d309-4d1d-a321-129a77bf1602:c4888, 75e8c5ea-f06a-43e1-af6e-1f7f9b0b2cc1:c4886, 1d8d2908-dfb4-4358-9c6e-64b435d6fccc:c4886]
2019-07-03 07:08:49,036 INFO  client.GrpcClientProtocolClient (GrpcClientProtocolClient.java:onNext(254)) - client-253D2503C21A->6571ba41-d309-4d1d-a321-129a77bf1602: receive RaftClientReply:client-253D2503C21A->6571ba41-d309-4d1d-a321-129a77bf1602@group-6D4C5FD51127, cid=3182, SUCCESS, logIndex=0, commits[6571ba41-d309-4d1d-a321-129a77bf1602:c4889, 75e8c5ea-f06a-43e1-af6e-1f7f9b0b2cc1:c4888, 1d8d2908-dfb4-4358-9c6e-64b435d6fccc:c4888]
2019-07-03 07:08:49,070 INFO  client.GrpcClientProtocolClient (GrpcClientProtocolClient.java:onNext(254)) - client-253D2503C21A->6571ba41-d309-4d1d-a321-129a77bf1602: receive RaftClientReply:client-253D2503C21A->6571ba41-d309-4d1d-a321-129a77bf1602@group-6D4C5FD51127, cid=3183, SUCCESS, logIndex=4890, commits[6571ba41-d309-4d1d-a321-129a77bf1602:c4890, 75e8c5ea-f06a-43e1-af6e-1f7f9b0b2cc1:c4889, 1d8d2908-dfb4-4358-9c6e-64b435d6fccc:c4889]
2019-07-03 07:08:49,087 INFO  client.GrpcClientProtocolClient (GrpcClientProtocolClient.java:onNext(254)) - client-253D2503C21A->6571ba41-d309-4d1d-a321-129a77bf1602: receive RaftClientReply:client-253D2503C21A->6571ba41-d309-4d1d-a321-129a77bf1602@group-6D4C5FD51127, cid=3184, SUCCESS, logIndex=4892, commits[6571ba41-d309-4d1d-a321-129a77bf1602:c4893, 75e8c5ea-f06a-43e1-af6e-1f7f9b0b2cc1:c4890, 1d8d2908-dfb4-4358-9c6e-64b435d6fccc:c4890]
2019-07-03 07:08:49,088 INFO  client.GrpcClientProtocolClient (GrpcClientProtocolClient.java:onNext(254)) - client-253D2503C21A->6571ba41-d309-4d1d-a321-129a77bf1602: receive RaftClientReply:client-253D2503C21A->6571ba41-d309-4d1d-a321-129a77bf1602@group-6D4C5FD51127, cid=3185, SUCCESS, logIndex=4893, commits[6571ba41-d309-4d1d-a321-129a77bf1602:c4893, 75e8c5ea-f06a-43e1-af6e-1f7f9b0b2cc1:c4890, 1d8d2908-dfb4-4358-9c6e-64b435d6fccc:c4890]
2019-07-03 07:08:49,088 INFO  client.GrpcClientProtocolClient (GrpcClientProtocolClient.java:onNext(254)) - client-253D2503C21A->6571ba41-d309-4d1d-a321-129a77bf1602: receive RaftClientReply:client-253D2503C21A->6571ba41-d309-4d1d-a321-129a77bf1602@group-6D4C5FD51127, cid=3186, SUCCESS, logIndex=4894, commits[6571ba41-d309-4d1d-a321-129a77bf1602:c4894, 75e8c5ea-f06a-43e1-af6e-1f7f9b0b2cc1:c4890, 1d8d2908-dfb4-4358-9c6e-64b435d6fccc:c4890]
2019-07-03 07:08:49,090 INFO  client.GrpcClientProtocolClient (GrpcClientProtocolClient.java:onNext(254)) - client-253D2503C21A->6571ba41-d309-4d1d-a321-129a77bf1602: receive RaftClientReply:client-253D2503C21A->6571ba41-d309-4d1d-a321-129a77bf1602@group-6D4C5FD51127, cid=3187, SUCCESS, logIndex=0, commits[6571ba41-d309-4d1d-a321-129a77bf1602:c4895, 75e8c5ea-f06a-43e1-af6e-1f7f9b0b2cc1:c4892, 1d8d2908-dfb4-4358-9c6e-64b435d6fccc:c4892]
2019-07-03 07:08:49,105 INFO  client.GrpcClientProtocolClient (GrpcClientProtocolClient.java:onNext(254)) - client-253D2503C21A->6571ba41-d309-4d1d-a321-129a77bf1602: receive RaftClientReply:client-253D2503C21A->6571ba41-d309-4d1d-a321-129a77bf1602@group-6D4C5FD51127, cid=3188, SUCCESS, logIndex=4898, commits[6571ba41-d309-4d1d-a321-129a77bf1602:c4898, 75e8c5ea-f06a-43e1-af6e-1f7f9b0b2cc1:c4896, 1d8d2908-dfb4-4358-9c6e-64b435d6fccc:c4894]
2019-07-03 07:08:49,119 INFO  client.GrpcClientProtocolClient (GrpcClientProtocolClient.java:onNext(254)) - client-253D2503C21A->6571ba41-d309-4d1d-a321-129a77bf1602: receive RaftClientReply:client-253D2503C21A->6571ba41-d309-4d1d-a321-129a77bf1602@group-6D4C5FD51127, cid=3189, SUCCESS, logIndex=4900, commits[6571ba41-d309-4d1d-a321-129a77bf1602:c4900, 75e8c5ea-f06a-43e1-af6e-1f7f9b0b2cc1:c4898, 1d8d2908-dfb4-4358-9c6e-64b435d6fccc:c4898]
2019-07-03 07:08:49,132 INFO  client.GrpcClientProtocolClient (GrpcClientProtocolClient.java:onNext(254)) - client-253D2503C21A->6571ba41-d309-4d1d-a321-129a77bf1602: receive RaftClientReply:client-253D2503C21A->6571ba41-d309-4d1d-a321-129a77bf1602@group-6D4C5FD51127, cid=3190, SUCCESS, logIndex=4902, commits[6571ba41-d309-4d1d-a321-129a77bf1602:c4902, 75e8c5ea-f06a-43e1-af6e-1f7f9b0b2cc1:c4900, 1d8d2908-dfb4-4358-9c6e-64b435d6fccc:c4900]
2019-07-03 07:08:49,134 INFO  client.GrpcClientProtocolClient (GrpcClientProtocolClient.java:onNext(254)) - client-253D2503C21A->6571ba41-d309-4d1d-a321-129a77bf1602: receive RaftClientReply:client-253D2503C21A->6571ba41-d309-4d1d-a321-129a77bf1602@group-6D4C5FD51127, cid=3191, SUCCESS, logIndex=4904, commits[6571ba41-d309-4d1d-a321-129a77bf1602:c4904, 75e8c5ea-f06a-43e1-af6e-1f7f9b0b2cc1:c4902, 1d8d2908-dfb4-4358-9c6e-64b435d6fccc:c4902]
2019-07-03 07:08:49,136 INFO  client.GrpcClientProtocolClient (GrpcClientProtocolClient.java:onNext(254)) - client-253D2503C21A->6571ba41-d309-4d1d-a321-129a77bf1602: receive RaftClientReply:client-253D2503C21A->6571ba41-d309-4d1d-a321-129a77bf1602@group-6D4C5FD51127, cid=3192, SUCCESS, logIndex=0, commits[6571ba41-d309-4d1d-a321-129a77bf1602:c4905, 75e8c5ea-f06a-43e1-af6e-1f7f9b0b2cc1:c4904, 1d8d2908-dfb4-4358-9c6e-64b435d6fccc:c4904]
2019-07-03 07:08:49,164 INFO  client.GrpcClientProtocolClient (GrpcClientProtocolClient.java:onNext(254)) - client-253D2503C21A->6571ba41-d309-4d1d-a321-129a77bf1602: receive RaftClientReply:client-253D2503C21A->6571ba41-d309-4d1d-a321-129a77bf1602@group-6D4C5FD51127, cid=3193, SUCCESS, logIndex=4906, commits[6571ba41-d309-4d1d-a321-129a77bf1602:c4906, 75e8c5ea-f06a-43e1-af6e-1f7f9b0b2cc1:c4905, 1d8d2908-dfb4-4358-9c6e-64b435d6fccc:c4905]
2019-07-03 07:08:49,180 INFO  client.GrpcClientProtocolClient (GrpcClientProtocolClient.java:onNext(254)) - client-253D2503C21A->6571ba41-d309-4d1d-a321-129a77bf1602: receive RaftClientReply:client-253D2503C21A->6571ba41-d309-4d1d-a321-129a77bf1602@group-6D4C5FD51127, cid=3194, SUCCESS, logIndex=4908, commits[6571ba41-d309-4d1d-a321-129a77bf1602:c4908, 75e8c5ea-f06a-43e1-af6e-1f7f9b0b2cc1:c4906, 1d8d2908-dfb4-4358-9c6e-64b435d6fccc:c4906]
2019-07-03 07:08:49,180 INFO  client.GrpcClientProtocolClient (GrpcClientProtocolClient.java:onNext(254)) - client-253D2503C21A->6571ba41-d309-4d1d-a321-129a77bf1602: receive RaftClientReply:client-253D2503C21A->6571ba41-d309-4d1d-a321-129a77bf1602@group-6D4C5FD51127, cid=3195, SUCCESS, logIndex=4909, commits[6571ba41-d309-4d1d-a321-129a77bf1602:c4909, 75e8c5ea-f06a-43e1-af6e-1f7f9b0b2cc1:c4906, 1d8d2908-dfb4-4358-9c6e-64b435d6fccc:c4906]
2019-07-03 07:08:49,183 INFO  client.GrpcClientProtocolClient (GrpcClientProtocolClient.java:onNext(254)) - client-253D2503C21A->6571ba41-d309-4d1d-a321-129a77bf1602: receive RaftClientReply:client-253D2503C21A->6571ba41-d309-4d1d-a321-129a77bf1602@group-6D4C5FD51127, cid=3196, SUCCESS, logIndex=4910, commits[6571ba41-d309-4d1d-a321-129a77bf1602:c4911, 75e8c5ea-f06a-43e1-af6e-1f7f9b0b2cc1:c4906, 1d8d2908-dfb4-4358-9c6e-64b435d6fccc:c4908]
2019-07-03 07:08:49,185 INFO  client.GrpcClientProtocolClient (GrpcClientProtocolClient.java:onNext(254)) - client-253D2503C21A->6571ba41-d309-4d1d-a321-129a77bf1602: receive RaftClientReply:client-253D2503C21A->6571ba41-d309-4d1d-a321-129a77bf1602@group-6D4C5FD51127, cid=3197, SUCCESS, logIndex=0, commits[6571ba41-d309-4d1d-a321-129a77bf1602:c4911, 75e8c5ea-f06a-43e1-af6e-1f7f9b0b2cc1:c4908, 1d8d2908-dfb4-4358-9c6e-64b435d6fccc:c4908]
2019-07-03 07:08:49,197 INFO  client.GrpcClientProtocolClient (GrpcClientProtocolClient.java:onNext(254)) - client-253D2503C21A->6571ba41-d309-4d1d-a321-129a77bf1602: receive RaftClientReply:client-253D2503C21A->6571ba41-d309-4d1d-a321-129a77bf1602@group-6D4C5FD51127, cid=3198, SUCCESS, logIndex=4914, commits[6571ba41-d309-4d1d-a321-129a77bf1602:c4914, 75e8c5ea-f06a-43e1-af6e-1f7f9b0b2cc1:c4910, 1d8d2908-dfb4-4358-9c6e-64b435d6fccc:c4911]
2019-07-03 07:08:49,200 INFO  client.GrpcClientProtocolClient (GrpcClientProtocolClient.java:onNext(254)) - client-253D2503C21A->6571ba41-d309-4d1d-a321-129a77bf1602: receive RaftClientReply:client-253D2503C21A->6571ba41-d309-4d1d-a321-129a77bf1602@group-6D4C5FD51127, cid=3199, SUCCESS, logIndex=4916, commits[6571ba41-d309-4d1d-a321-129a77bf1602:c4916, 75e8c5ea-f06a-43e1-af6e-1f7f9b0b2cc1:c4914, 1d8d2908-dfb4-4358-9c6e-64b435d6fccc:c4914]
2019-07-03 07:08:49,225 INFO  client.GrpcClientProtocolClient (GrpcClientProtocolClient.java:onNext(254)) - client-253D2503C21A->6571ba41-d309-4d1d-a321-129a77bf1602: receive RaftClientReply:client-253D2503C21A->6571ba41-d309-4d1d-a321-129a77bf1602@group-6D4C5FD51127, cid=3200, SUCCESS, logIndex=4918, commits[6571ba41-d309-4d1d-a321-129a77bf1602:c4918, 75e8c5ea-f06a-43e1-af6e-1f7f9b0b2cc1:c4916, 1d8d2908-dfb4-4358-9c6e-64b435d6fccc:c4916]
2019-07-03 07:08:49,252 INFO  client.GrpcClientProtocolClient (GrpcClientProtocolClient.java:onNext(254)) - client-253D2503C21A->6571ba41-d309-4d1d-a321-129a77bf1602: receive RaftClientReply:client-253D2503C21A->6571ba41-d309-4d1d-a321-129a77bf1602@group-6D4C5FD51127, cid=3201, SUCCESS, logIndex=4920, commits[6571ba41-d309-4d1d-a321-129a77bf1602:c4920, 75e8c5ea-f06a-43e1-af6e-1f7f9b0b2cc1:c4918, 1d8d2908-dfb4-4358-9c6e-64b435d6fccc:c4918]
2019-07-03 07:08:49,259 INFO  client.GrpcClientProtocolClient (GrpcClientProtocolClient.java:onNext(254)) - client-253D2503C21A->6571ba41-d309-4d1d-a321-129a77bf1602: receive RaftClientReply:client-253D2503C21A->6571ba41-d309-4d1d-a321-129a77bf1602@group-6D4C5FD51127, cid=3202, SUCCESS, logIndex=0, commits[6571ba41-d309-4d1d-a321-129a77bf1602:c4921, 75e8c5ea-f06a-43e1-af6e-1f7f9b0b2cc1:c4920, 1d8d2908-dfb4-4358-9c6e-64b435d6fccc:c4920]
2019-07-03 07:08:49,292 INFO  client.GrpcClientProtocolClient (GrpcClientProtocolClient.java:onNext(254)) - client-253D2503C21A->6571ba41-d309-4d1d-a321-129a77bf1602: receive RaftClientReply:client-253D2503C21A->6571ba41-d309-4d1d-a321-129a77bf1602@group-6D4C5FD51127, cid=3203, SUCCESS, logIndex=4922, commits[6571ba41-d309-4d1d-a321-129a77bf1602:c4922, 75e8c5ea-f06a-43e1-af6e-1f7f9b0b2cc1:c4921, 1d8d2908-dfb4-4358-9c6e-64b435d6fccc:c4921]
2019-07-03 07:08:49,309 INFO  client.GrpcClientProtocolClient (GrpcClientProtocolClient.java:onNext(254)) - client-253D2503C21A->6571ba41-d309-4d1d-a321-129a77bf1602: receive RaftClientReply:client-253D2503C21A->6571ba41-d309-4d1d-a321-129a77bf1602@group-6D4C5FD51127, cid=3204, SUCCESS, logIndex=4924, commits[6571ba41-d309-4d1d-a321-129a77bf1602:c4924, 75e8c5ea-f06a-43e1-af6e-1f7f9b0b2cc1:c4922, 1d8d2908-dfb4-4358-9c6e-64b435d6fccc:c4922]
2019-07-03 07:08:49,310 INFO  client.GrpcClientProtocolClient (GrpcClientProtocolClient.java:onNext(254)) - client-253D2503C21A->6571ba41-d309-4d1d-a321-129a77bf1602: receive RaftClientReply:client-253D2503C21A->6571ba41-d309-4d1d-a321-129a77bf1602@group-6D4C5FD51127, cid=3205, SUCCESS, logIndex=4925, commits[6571ba41-d309-4d1d-a321-129a77bf1602:c4925, 75e8c5ea-f06a-43e1-af6e-1f7f9b0b2cc1:c4922, 1d8d2908-dfb4-4358-9c6e-64b435d6fccc:c4922]
2019-07-03 07:08:49,321 INFO  client.GrpcClientProtocolClient (GrpcClientProtocolClient.java:onNext(254)) - client-253D2503C21A->6571ba41-d309-4d1d-a321-129a77bf1602: receive RaftClientReply:client-253D2503C21A->6571ba41-d309-4d1d-a321-129a77bf1602@group-6D4C5FD51127, cid=3206, SUCCESS, logIndex=4926, commits[6571ba41-d309-4d1d-a321-129a77bf1602:c4927, 75e8c5ea-f06a-43e1-af6e-1f7f9b0b2cc1:c4922, 1d8d2908-dfb4-4358-9c6e-64b435d6fccc:c4924]
2019-07-03 07:08:49,322 INFO  client.GrpcClientProtocolClient (GrpcClientProtocolClient.java:onNext(254)) - client-253D2503C21A->6571ba41-d309-4d1d-a321-129a77bf1602: receive RaftClientReply:client-253D2503C21A->6571ba41-d309-4d1d-a321-129a77bf1602@group-6D4C5FD51127, cid=3207, SUCCESS, logIndex=0, commits[6571ba41-d309-4d1d-a321-129a77bf1602:c4928, 75e8c5ea-f06a-43e1-af6e-1f7f9b0b2cc1:c4925, 1d8d2908-dfb4-4358-9c6e-64b435d6fccc:c4925]
2019-07-03 07:08:49,336 INFO  client.GrpcClientProtocolClient (GrpcClientProtocolClient.java:onNext(254)) - client-253D2503C21A->6571ba41-d309-4d1d-a321-129a77bf1602: receive RaftClientReply:client-253D2503C21A->6571ba41-d309-4d1d-a321-129a77bf1602@group-6D4C5FD51127, cid=3208, SUCCESS, logIndex=4930, commits[6571ba41-d309-4d1d-a321-129a77bf1602:c4930, 75e8c5ea-f06a-43e1-af6e-1f7f9b0b2cc1:c4929, 1d8d2908-dfb4-4358-9c6e-64b435d6fccc:c4926]
2019-07-03 07:08:49,351 INFO  client.GrpcClientProtocolClient (GrpcClientProtocolClient.java:onNext(254)) - client-253D2503C21A->6571ba41-d309-4d1d-a321-129a77bf1602: receive RaftClientReply:client-253D2503C21A->6571ba41-d309-4d1d-a321-129a77bf1602@group-6D4C5FD51127, cid=3209, SUCCESS, logIndex=4932, commits[6571ba41-d309-4d1d-a321-129a77bf1602:c4932, 75e8c5ea-f06a-43e1-af6e-1f7f9b0b2cc1:c4930, 1d8d2908-dfb4-4358-9c6e-64b435d6fccc:c4930]
2019-07-03 07:08:49,371 INFO  storage.RaftLogWorker (RaftLogWorker.java:rollLogSegment(303)) - 6571ba41-d309-4d1d-a321-129a77bf1602-RaftLogWorker: Rolling segment log-4857_4935 to index:4935
2019-07-03 07:08:49,371 INFO  client.GrpcClientProtocolClient (GrpcClientProtocolClient.java:onNext(254)) - client-253D2503C21A->6571ba41-d309-4d1d-a321-129a77bf1602: receive RaftClientReply:client-253D2503C21A->6571ba41-d309-4d1d-a321-129a77bf1602@group-6D4C5FD51127, cid=3210, SUCCESS, logIndex=4934, commits[6571ba41-d309-4d1d-a321-129a77bf1602:c4934, 75e8c5ea-f06a-43e1-af6e-1f7f9b0b2cc1:c4932, 1d8d2908-dfb4-4358-9c6e-64b435d6fccc:c4932]
2019-07-03 07:08:49,372 INFO  storage.RaftLogWorker (RaftLogWorker.java:rollLogSegment(303)) - 75e8c5ea-f06a-43e1-af6e-1f7f9b0b2cc1-RaftLogWorker: Rolling segment log-4857_4935 to index:4935
2019-07-03 07:08:49,372 INFO  storage.RaftLogWorker (RaftLogWorker.java:rollLogSegment(303)) - 1d8d2908-dfb4-4358-9c6e-64b435d6fccc-RaftLogWorker: Rolling segment log-4857_4935 to index:4935
2019-07-03 07:08:49,381 INFO  storage.RaftLogWorker (RaftLogWorker.java:execute(433)) - 6571ba41-d309-4d1d-a321-129a77bf1602-RaftLogWorker: Rolled log segment from /opt/src/hadoop-ozone/tools/target/test-dir/MiniOzoneClusterImpl-0519545d-318d-4c21-a2a0-688f18f8a31d/datanode-4/data/ratis/23ffc2a4-5526-4092-9dc4-6d4c5fd51127/current/log_inprogress_4857 to /opt/src/hadoop-ozone/tools/target/test-dir/MiniOzoneClusterImpl-0519545d-318d-4c21-a2a0-688f18f8a31d/datanode-4/data/ratis/23ffc2a4-5526-4092-9dc4-6d4c5fd51127/current/log_4857-4935
2019-07-03 07:08:49,382 INFO  storage.RaftLogWorker (RaftLogWorker.java:execute(433)) - 1d8d2908-dfb4-4358-9c6e-64b435d6fccc-RaftLogWorker: Rolled log segment from /opt/src/hadoop-ozone/tools/target/test-dir/MiniOzoneClusterImpl-0519545d-318d-4c21-a2a0-688f18f8a31d/datanode-2/data/ratis/23ffc2a4-5526-4092-9dc4-6d4c5fd51127/current/log_inprogress_4857 to /opt/src/hadoop-ozone/tools/target/test-dir/MiniOzoneClusterImpl-0519545d-318d-4c21-a2a0-688f18f8a31d/datanode-2/data/ratis/23ffc2a4-5526-4092-9dc4-6d4c5fd51127/current/log_4857-4935
2019-07-03 07:08:49,382 INFO  storage.RaftLogWorker (RaftLogWorker.java:execute(433)) - 75e8c5ea-f06a-43e1-af6e-1f7f9b0b2cc1-RaftLogWorker: Rolled log segment from /opt/src/hadoop-ozone/tools/target/test-dir/MiniOzoneClusterImpl-0519545d-318d-4c21-a2a0-688f18f8a31d/datanode-1/data/ratis/23ffc2a4-5526-4092-9dc4-6d4c5fd51127/current/log_inprogress_4857 to /opt/src/hadoop-ozone/tools/target/test-dir/MiniOzoneClusterImpl-0519545d-318d-4c21-a2a0-688f18f8a31d/datanode-1/data/ratis/23ffc2a4-5526-4092-9dc4-6d4c5fd51127/current/log_4857-4935
2019-07-03 07:08:49,441 INFO  storage.RaftLogWorker (RaftLogWorker.java:execute(469)) - 6571ba41-d309-4d1d-a321-129a77bf1602-RaftLogWorker: created new log segment /opt/src/hadoop-ozone/tools/target/test-dir/MiniOzoneClusterImpl-0519545d-318d-4c21-a2a0-688f18f8a31d/datanode-4/data/ratis/23ffc2a4-5526-4092-9dc4-6d4c5fd51127/current/log_inprogress_4936
2019-07-03 07:08:49,441 INFO  storage.RaftLogWorker (RaftLogWorker.java:execute(469)) - 1d8d2908-dfb4-4358-9c6e-64b435d6fccc-RaftLogWorker: created new log segment /opt/src/hadoop-ozone/tools/target/test-dir/MiniOzoneClusterImpl-0519545d-318d-4c21-a2a0-688f18f8a31d/datanode-2/data/ratis/23ffc2a4-5526-4092-9dc4-6d4c5fd51127/current/log_inprogress_4936
2019-07-03 07:08:49,441 INFO  storage.RaftLogWorker (RaftLogWorker.java:execute(469)) - 75e8c5ea-f06a-43e1-af6e-1f7f9b0b2cc1-RaftLogWorker: created new log segment /opt/src/hadoop-ozone/tools/target/test-dir/MiniOzoneClusterImpl-0519545d-318d-4c21-a2a0-688f18f8a31d/datanode-1/data/ratis/23ffc2a4-5526-4092-9dc4-6d4c5fd51127/current/log_inprogress_4936
2019-07-03 07:08:49,455 INFO  client.GrpcClientProtocolClient (GrpcClientProtocolClient.java:onNext(254)) - client-253D2503C21A->6571ba41-d309-4d1d-a321-129a77bf1602: receive RaftClientReply:client-253D2503C21A->6571ba41-d309-4d1d-a321-129a77bf1602@group-6D4C5FD51127, cid=3211, SUCCESS, logIndex=4936, commits[6571ba41-d309-4d1d-a321-129a77bf1602:c4936, 75e8c5ea-f06a-43e1-af6e-1f7f9b0b2cc1:c4934, 1d8d2908-dfb4-4358-9c6e-64b435d6fccc:c4934]
2019-07-03 07:08:49,466 INFO  client.GrpcClientProtocolClient (GrpcClientProtocolClient.java:onNext(254)) - client-253D2503C21A->6571ba41-d309-4d1d-a321-129a77bf1602: receive RaftClientReply:client-253D2503C21A->6571ba41-d309-4d1d-a321-129a77bf1602@group-6D4C5FD51127, cid=3212, SUCCESS, logIndex=0, commits[6571ba41-d309-4d1d-a321-129a77bf1602:c4937, 75e8c5ea-f06a-43e1-af6e-1f7f9b0b2cc1:c4936, 1d8d2908-dfb4-4358-9c6e-64b435d6fccc:c4936]
2019-07-03 07:08:49,500 INFO  client.GrpcClientProtocolClient (GrpcClientProtocolClient.java:onNext(254)) - client-253D2503C21A->6571ba41-d309-4d1d-a321-129a77bf1602: receive RaftClientReply:client-253D2503C21A->6571ba41-d309-4d1d-a321-129a77bf1602@group-6D4C5FD51127, cid=3213, SUCCESS, logIndex=4938, commits[6571ba41-d309-4d1d-a321-129a77bf1602:c4938, 75e8c5ea-f06a-43e1-af6e-1f7f9b0b2cc1:c4937, 1d8d2908-dfb4-4358-9c6e-64b435d6fccc:c4937]
2019-07-03 07:08:49,508 INFO  client.GrpcClientProtocolClient (GrpcClientProtocolClient.java:onNext(254)) - client-253D2503C21A->6571ba41-d309-4d1d-a321-129a77bf1602: receive RaftClientReply:client-253D2503C21A->6571ba41-d309-4d1d-a321-129a77bf1602@group-6D4C5FD51127, cid=3214, SUCCESS, logIndex=4940, commits[6571ba41-d309-4d1d-a321-129a77bf1602:c4940, 75e8c5ea-f06a-43e1-af6e-1f7f9b0b2cc1:c4938, 1d8d2908-dfb4-4358-9c6e-64b435d6fccc:c4938]
2019-07-03 07:08:49,508 INFO  client.GrpcClientProtocolClient (GrpcClientProtocolClient.java:onNext(254)) - client-253D2503C21A->6571ba41-d309-4d1d-a321-129a77bf1602: receive RaftClientReply:client-253D2503C21A->6571ba41-d309-4d1d-a321-129a77bf1602@group-6D4C5FD51127, cid=3215, SUCCESS, logIndex=4941, commits[6571ba41-d309-4d1d-a321-129a77bf1602:c4941, 75e8c5ea-f06a-43e1-af6e-1f7f9b0b2cc1:c4938, 1d8d2908-dfb4-4358-9c6e-64b435d6fccc:c4938]
2019-07-03 07:08:49,520 INFO  client.GrpcClientProtocolClient (GrpcClientProtocolClient.java:onNext(254)) - client-253D2503C21A->6571ba41-d309-4d1d-a321-129a77bf1602: receive RaftClientReply:client-253D2503C21A->6571ba41-d309-4d1d-a321-129a77bf1602@group-6D4C5FD51127, cid=3216, SUCCESS, logIndex=4942, commits[6571ba41-d309-4d1d-a321-129a77bf1602:c4943, 75e8c5ea-f06a-43e1-af6e-1f7f9b0b2cc1:c4938, 1d8d2908-dfb4-4358-9c6e-64b435d6fccc:c4940]
2019-07-03 07:08:49,521 INFO  client.GrpcClientProtocolClient (GrpcClientProtocolClient.java:onNext(254)) - client-253D2503C21A->6571ba41-d309-4d1d-a321-129a77bf1602: receive RaftClientReply:client-253D2503C21A->6571ba41-d309-4d1d-a321-129a77bf1602@group-6D4C5FD51127, cid=3217, SUCCESS, logIndex=0, commits[6571ba41-d309-4d1d-a321-129a77bf1602:c4943, 75e8c5ea-f06a-43e1-af6e-1f7f9b0b2cc1:c4940, 1d8d2908-dfb4-4358-9c6e-64b435d6fccc:c4941]
2019-07-03 07:08:49,536 INFO  client.GrpcClientProtocolClient (GrpcClientProtocolClient.java:onNext(254)) - client-253D2503C21A->6571ba41-d309-4d1d-a321-129a77bf1602: receive RaftClientReply:client-253D2503C21A->6571ba41-d309-4d1d-a321-129a77bf1602@group-6D4C5FD51127, cid=3218, SUCCESS, logIndex=4946, commits[6571ba41-d309-4d1d-a321-129a77bf1602:c4946, 75e8c5ea-f06a-43e1-af6e-1f7f9b0b2cc1:c4944, 1d8d2908-dfb4-4358-9c6e-64b435d6fccc:c4943]
2019-07-03 07:08:49,551 INFO  client.GrpcClientProtocolClient (GrpcClientProtocolClient.java:onNext(254)) - client-253D2503C21A->6571ba41-d309-4d1d-a321-129a77bf1602: receive RaftClientReply:client-253D2503C21A->6571ba41-d309-4d1d-a321-129a77bf1602@group-6D4C5FD51127, cid=3219, SUCCESS, logIndex=4948, commits[6571ba41-d309-4d1d-a321-129a77bf1602:c4948, 75e8c5ea-f06a-43e1-af6e-1f7f9b0b2cc1:c4946, 1d8d2908-dfb4-4358-9c6e-64b435d6fccc:c4946]
2019-07-03 07:08:49,564 INFO  client.GrpcClientProtocolClient (GrpcClientProtocolClient.java:onNext(254)) - client-253D2503C21A->6571ba41-d309-4d1d-a321-129a77bf1602: receive RaftClientReply:client-253D2503C21A->6571ba41-d309-4d1d-a321-129a77bf1602@group-6D4C5FD51127, cid=3220, SUCCESS, logIndex=4950, commits[6571ba41-d309-4d1d-a321-129a77bf1602:c4950, 75e8c5ea-f06a-43e1-af6e-1f7f9b0b2cc1:c4948, 1d8d2908-dfb4-4358-9c6e-64b435d6fccc:c4948]
2019-07-03 07:08:49,580 INFO  client.GrpcClientProtocolClient (GrpcClientProtocolClient.java:onNext(254)) - client-253D2503C21A->6571ba41-d309-4d1d-a321-129a77bf1602: receive RaftClientReply:client-253D2503C21A->6571ba41-d309-4d1d-a321-129a77bf1602@group-6D4C5FD51127, cid=3221, SUCCESS, logIndex=4952, commits[6571ba41-d309-4d1d-a321-129a77bf1602:c4952, 75e8c5ea-f06a-43e1-af6e-1f7f9b0b2cc1:c4950, 1d8d2908-dfb4-4358-9c6e-64b435d6fccc:c4950]
2019-07-03 07:08:49,592 INFO  client.GrpcClientProtocolClient (GrpcClientProtocolClient.java:onNext(254)) - client-253D2503C21A->6571ba41-d309-4d1d-a321-129a77bf1602: receive RaftClientReply:client-253D2503C21A->6571ba41-d309-4d1d-a321-129a77bf1602@group-6D4C5FD51127, cid=3222, SUCCESS, logIndex=0, commits[6571ba41-d309-4d1d-a321-129a77bf1602:c4953, 75e8c5ea-f06a-43e1-af6e-1f7f9b0b2cc1:c4952, 1d8d2908-dfb4-4358-9c6e-64b435d6fccc:c4952]
2019-07-03 07:08:49,634 INFO  client.GrpcClientProtocolClient (GrpcClientProtocolClient.java:onNext(254)) - client-253D2503C21A->6571ba41-d309-4d1d-a321-129a77bf1602: receive RaftClientReply:client-253D2503C21A->6571ba41-d309-4d1d-a321-129a77bf1602@group-6D4C5FD51127, cid=3223, SUCCESS, logIndex=4954, commits[6571ba41-d309-4d1d-a321-129a77bf1602:c4954, 75e8c5ea-f06a-43e1-af6e-1f7f9b0b2cc1:c4953, 1d8d2908-dfb4-4358-9c6e-64b435d6fccc:c4953]
2019-07-03 07:08:49,646 INFO  client.GrpcClientProtocolClient (GrpcClientProtocolClient.java:onNext(254)) - client-253D2503C21A->6571ba41-d309-4d1d-a321-129a77bf1602: receive RaftClientReply:client-253D2503C21A->6571ba41-d309-4d1d-a321-129a77bf1602@group-6D4C5FD51127, cid=3224, SUCCESS, logIndex=4956, commits[6571ba41-d309-4d1d-a321-129a77bf1602:c4957, 75e8c5ea-f06a-43e1-af6e-1f7f9b0b2cc1:c4954, 1d8d2908-dfb4-4358-9c6e-64b435d6fccc:c4954]
2019-07-03 07:08:49,647 INFO  client.GrpcClientProtocolClient (GrpcClientProtocolClient.java:onNext(254)) - client-253D2503C21A->6571ba41-d309-4d1d-a321-129a77bf1602: receive RaftClientReply:client-253D2503C21A->6571ba41-d309-4d1d-a321-129a77bf1602@group-6D4C5FD51127, cid=3225, SUCCESS, logIndex=4957, commits[6571ba41-d309-4d1d-a321-129a77bf1602:c4957, 75e8c5ea-f06a-43e1-af6e-1f7f9b0b2cc1:c4954, 1d8d2908-dfb4-4358-9c6e-64b435d6fccc:c4954]
2019-07-03 07:08:49,658 INFO  client.GrpcClientProtocolClient (GrpcClientProtocolClient.java:onNext(254)) - client-253D2503C21A->6571ba41-d309-4d1d-a321-129a77bf1602: receive RaftClientReply:client-253D2503C21A->6571ba41-d309-4d1d-a321-129a77bf1602@group-6D4C5FD51127, cid=3226, SUCCESS, logIndex=4958, commits[6571ba41-d309-4d1d-a321-129a77bf1602:c4959, 75e8c5ea-f06a-43e1-af6e-1f7f9b0b2cc1:c4954, 1d8d2908-dfb4-4358-9c6e-64b435d6fccc:c4956]
2019-07-03 07:08:49,659 INFO  client.GrpcClientProtocolClient (GrpcClientProtocolClient.java:onNext(254)) - client-253D2503C21A->6571ba41-d309-4d1d-a321-129a77bf1602: receive RaftClientReply:client-253D2503C21A->6571ba41-d309-4d1d-a321-129a77bf1602@group-6D4C5FD51127, cid=3227, SUCCESS, logIndex=0, commits[6571ba41-d309-4d1d-a321-129a77bf1602:c4959, 75e8c5ea-f06a-43e1-af6e-1f7f9b0b2cc1:c4956, 1d8d2908-dfb4-4358-9c6e-64b435d6fccc:c4957]
2019-07-03 07:08:49,674 INFO  client.GrpcClientProtocolClient (GrpcClientProtocolClient.java:onNext(254)) - client-253D2503C21A->6571ba41-d309-4d1d-a321-129a77bf1602: receive RaftClientReply:client-253D2503C21A->6571ba41-d309-4d1d-a321-129a77bf1602@group-6D4C5FD51127, cid=3228, SUCCESS, logIndex=4962, commits[6571ba41-d309-4d1d-a321-129a77bf1602:c4962, 75e8c5ea-f06a-43e1-af6e-1f7f9b0b2cc1:c4960, 1d8d2908-dfb4-4358-9c6e-64b435d6fccc:c4958]
2019-07-03 07:08:49,689 INFO  client.GrpcClientProtocolClient (GrpcClientProtocolClient.java:onNext(254)) - client-253D2503C21A->6571ba41-d309-4d1d-a321-129a77bf1602: receive RaftClientReply:client-253D2503C21A->6571ba41-d309-4d1d-a321-129a77bf1602@group-6D4C5FD51127, cid=3229, SUCCESS, logIndex=4964, commits[6571ba41-d309-4d1d-a321-129a77bf1602:c4964, 75e8c5ea-f06a-43e1-af6e-1f7f9b0b2cc1:c4962, 1d8d2908-dfb4-4358-9c6e-64b435d6fccc:c4962]
2019-07-03 07:08:49,702 INFO  client.GrpcClientProtocolClient (GrpcClientProtocolClient.java:onNext(254)) - client-253D2503C21A->6571ba41-d309-4d1d-a321-129a77bf1602: receive RaftClientReply:client-253D2503C21A->6571ba41-d309-4d1d-a321-129a77bf1602@group-6D4C5FD51127, cid=3230, SUCCESS, logIndex=4966, commits[6571ba41-d309-4d1d-a321-129a77bf1602:c4966, 75e8c5ea-f06a-43e1-af6e-1f7f9b0b2cc1:c4964, 1d8d2908-dfb4-4358-9c6e-64b435d6fccc:c4964]
2019-07-03 07:08:49,707 INFO  client.GrpcClientProtocolClient (GrpcClientProtocolClient.java:onNext(254)) - client-253D2503C21A->6571ba41-d309-4d1d-a321-129a77bf1602: receive RaftClientReply:client-253D2503C21A->6571ba41-d309-4d1d-a321-129a77bf1602@group-6D4C5FD51127, cid=3231, SUCCESS, logIndex=4968, commits[6571ba41-d309-4d1d-a321-129a77bf1602:c4968, 75e8c5ea-f06a-43e1-af6e-1f7f9b0b2cc1:c4966, 1d8d2908-dfb4-4358-9c6e-64b435d6fccc:c4966]
2019-07-03 07:08:49,734 INFO  client.GrpcClientProtocolClient (GrpcClientProtocolClient.java:onNext(254)) - client-253D2503C21A->6571ba41-d309-4d1d-a321-129a77bf1602: receive RaftClientReply:client-253D2503C21A->6571ba41-d309-4d1d-a321-129a77bf1602@group-6D4C5FD51127, cid=3232, SUCCESS, logIndex=0, commits[6571ba41-d309-4d1d-a321-129a77bf1602:c4969, 75e8c5ea-f06a-43e1-af6e-1f7f9b0b2cc1:c4968, 1d8d2908-dfb4-4358-9c6e-64b435d6fccc:c4968]
 0.00% |█                                                                                                    |  0/1 Time: 0:00:572019-07-03 07:08:49,891 INFO  client.GrpcClientProtocolClient (GrpcClientProtocolClient.java:onNext(254)) - client-253D2503C21A->6571ba41-d309-4d1d-a321-129a77bf1602: receive RaftClientReply:client-253D2503C21A->6571ba41-d309-4d1d-a321-129a77bf1602@group-6D4C5FD51127, cid=3233, SUCCESS, logIndex=4970, commits[6571ba41-d309-4d1d-a321-129a77bf1602:c4970, 75e8c5ea-f06a-43e1-af6e-1f7f9b0b2cc1:c4969, 1d8d2908-dfb4-4358-9c6e-64b435d6fccc:c4969]
2019-07-03 07:08:49,904 INFO  client.GrpcClientProtocolClient (GrpcClientProtocolClient.java:onNext(254)) - client-253D2503C21A->6571ba41-d309-4d1d-a321-129a77bf1602: receive RaftClientReply:client-253D2503C21A->6571ba41-d309-4d1d-a321-129a77bf1602@group-6D4C5FD51127, cid=3234, SUCCESS, logIndex=4972, commits[6571ba41-d309-4d1d-a321-129a77bf1602:c4973, 75e8c5ea-f06a-43e1-af6e-1f7f9b0b2cc1:c4970, 1d8d2908-dfb4-4358-9c6e-64b435d6fccc:c4970]
2019-07-03 07:08:49,904 INFO  client.GrpcClientProtocolClient (GrpcClientProtocolClient.java:onNext(254)) - client-253D2503C21A->6571ba41-d309-4d1d-a321-129a77bf1602: receive RaftClientReply:client-253D2503C21A->6571ba41-d309-4d1d-a321-129a77bf1602@group-6D4C5FD51127, cid=3235, SUCCESS, logIndex=4973, commits[6571ba41-d309-4d1d-a321-129a77bf1602:c4974, 75e8c5ea-f06a-43e1-af6e-1f7f9b0b2cc1:c4970, 1d8d2908-dfb4-4358-9c6e-64b435d6fccc:c4970]
2019-07-03 07:08:49,905 INFO  client.GrpcClientProtocolClient (GrpcClientProtocolClient.java:onNext(254)) - client-253D2503C21A->6571ba41-d309-4d1d-a321-129a77bf1602: receive RaftClientReply:client-253D2503C21A->6571ba41-d309-4d1d-a321-129a77bf1602@group-6D4C5FD51127, cid=3236, SUCCESS, logIndex=4974, commits[6571ba41-d309-4d1d-a321-129a77bf1602:c4974, 75e8c5ea-f06a-43e1-af6e-1f7f9b0b2cc1:c4970, 1d8d2908-dfb4-4358-9c6e-64b435d6fccc:c4970]
2019-07-03 07:08:49,907 INFO  client.GrpcClientProtocolClient (GrpcClientProtocolClient.java:onNext(254)) - client-253D2503C21A->6571ba41-d309-4d1d-a321-129a77bf1602: receive RaftClientReply:client-253D2503C21A->6571ba41-d309-4d1d-a321-129a77bf1602@group-6D4C5FD51127, cid=3237, SUCCESS, logIndex=0, commits[6571ba41-d309-4d1d-a321-129a77bf1602:c4975, 75e8c5ea-f06a-43e1-af6e-1f7f9b0b2cc1:c4973, 1d8d2908-dfb4-4358-9c6e-64b435d6fccc:c4972]
2019-07-03 07:08:49,931 INFO  client.GrpcClientProtocolClient (GrpcClientProtocolClient.java:onNext(254)) - client-253D2503C21A->6571ba41-d309-4d1d-a321-129a77bf1602: receive RaftClientReply:client-253D2503C21A->6571ba41-d309-4d1d-a321-129a77bf1602@group-6D4C5FD51127, cid=3238, SUCCESS, logIndex=4978, commits[6571ba41-d309-4d1d-a321-129a77bf1602:c4978, 75e8c5ea-f06a-43e1-af6e-1f7f9b0b2cc1:c4974, 1d8d2908-dfb4-4358-9c6e-64b435d6fccc:c4975]
2019-07-03 07:08:49,935 INFO  client.GrpcClientProtocolClient (GrpcClientProtocolClient.java:onNext(254)) - client-253D2503C21A->6571ba41-d309-4d1d-a321-129a77bf1602: receive RaftClientReply:client-253D2503C21A->6571ba41-d309-4d1d-a321-129a77bf1602@group-6D4C5FD51127, cid=3239, SUCCESS, logIndex=4980, commits[6571ba41-d309-4d1d-a321-129a77bf1602:c4980, 75e8c5ea-f06a-43e1-af6e-1f7f9b0b2cc1:c4978, 1d8d2908-dfb4-4358-9c6e-64b435d6fccc:c4978]
2019-07-03 07:08:49,967 INFO  client.GrpcClientProtocolClient (GrpcClientProtocolClient.java:onNext(254)) - client-253D2503C21A->6571ba41-d309-4d1d-a321-129a77bf1602: receive RaftClientReply:client-253D2503C21A->6571ba41-d309-4d1d-a321-129a77bf1602@group-6D4C5FD51127, cid=3240, SUCCESS, logIndex=4982, commits[6571ba41-d309-4d1d-a321-129a77bf1602:c4982, 75e8c5ea-f06a-43e1-af6e-1f7f9b0b2cc1:c4980, 1d8d2908-dfb4-4358-9c6e-64b435d6fccc:c4980]
2019-07-03 07:08:49,983 INFO  client.GrpcClientProtocolClient (GrpcClientProtocolClient.java:onNext(254)) - client-253D2503C21A->6571ba41-d309-4d1d-a321-129a77bf1602: receive RaftClientReply:client-253D2503C21A->6571ba41-d309-4d1d-a321-129a77bf1602@group-6D4C5FD51127, cid=3241, SUCCESS, logIndex=4984, commits[6571ba41-d309-4d1d-a321-129a77bf1602:c4984, 75e8c5ea-f06a-43e1-af6e-1f7f9b0b2cc1:c4982, 1d8d2908-dfb4-4358-9c6e-64b435d6fccc:c4982]
2019-07-03 07:08:49,994 INFO  client.GrpcClientProtocolClient (GrpcClientProtocolClient.java:onNext(254)) - client-253D2503C21A->6571ba41-d309-4d1d-a321-129a77bf1602: receive RaftClientReply:client-253D2503C21A->6571ba41-d309-4d1d-a321-129a77bf1602@group-6D4C5FD51127, cid=3242, SUCCESS, logIndex=0, commits[6571ba41-d309-4d1d-a321-129a77bf1602:c4985, 75e8c5ea-f06a-43e1-af6e-1f7f9b0b2cc1:c4984, 1d8d2908-dfb4-4358-9c6e-64b435d6fccc:c4984]
2019-07-03 07:08:50,051 INFO  client.GrpcClientProtocolClient (GrpcClientProtocolClient.java:onNext(254)) - client-253D2503C21A->6571ba41-d309-4d1d-a321-129a77bf1602: receive RaftClientReply:client-253D2503C21A->6571ba41-d309-4d1d-a321-129a77bf1602@group-6D4C5FD51127, cid=3243, SUCCESS, logIndex=4986, commits[6571ba41-d309-4d1d-a321-129a77bf1602:c4986, 75e8c5ea-f06a-43e1-af6e-1f7f9b0b2cc1:c4985, 1d8d2908-dfb4-4358-9c6e-64b435d6fccc:c4985]
2019-07-03 07:08:50,057 INFO  client.GrpcClientProtocolClient (GrpcClientProtocolClient.java:onNext(254)) - client-253D2503C21A->6571ba41-d309-4d1d-a321-129a77bf1602: receive RaftClientReply:client-253D2503C21A->6571ba41-d309-4d1d-a321-129a77bf1602@group-6D4C5FD51127, cid=3244, SUCCESS, logIndex=4988, commits[6571ba41-d309-4d1d-a321-129a77bf1602:c4988, 75e8c5ea-f06a-43e1-af6e-1f7f9b0b2cc1:c4986, 1d8d2908-dfb4-4358-9c6e-64b435d6fccc:c4986]
2019-07-03 07:08:50,058 INFO  client.GrpcClientProtocolClient (GrpcClientProtocolClient.java:onNext(254)) - client-253D2503C21A->6571ba41-d309-4d1d-a321-129a77bf1602: receive RaftClientReply:client-253D2503C21A->6571ba41-d309-4d1d-a321-129a77bf1602@group-6D4C5FD51127, cid=3245, SUCCESS, logIndex=4989, commits[6571ba41-d309-4d1d-a321-129a77bf1602:c4990, 75e8c5ea-f06a-43e1-af6e-1f7f9b0b2cc1:c4986, 1d8d2908-dfb4-4358-9c6e-64b435d6fccc:c4986]
2019-07-03 07:08:50,058 INFO  client.GrpcClientProtocolClient (GrpcClientProtocolClient.java:onNext(254)) - client-253D2503C21A->6571ba41-d309-4d1d-a321-129a77bf1602: receive RaftClientReply:client-253D2503C21A->6571ba41-d309-4d1d-a321-129a77bf1602@group-6D4C5FD51127, cid=3246, SUCCESS, logIndex=4990, commits[6571ba41-d309-4d1d-a321-129a77bf1602:c4991, 75e8c5ea-f06a-43e1-af6e-1f7f9b0b2cc1:c4987, 1d8d2908-dfb4-4358-9c6e-64b435d6fccc:c4986]
2019-07-03 07:08:50,061 INFO  client.GrpcClientProtocolClient (GrpcClientProtocolClient.java:onNext(254)) - client-253D2503C21A->6571ba41-d309-4d1d-a321-129a77bf1602: receive RaftClientReply:client-253D2503C21A->6571ba41-d309-4d1d-a321-129a77bf1602@group-6D4C5FD51127, cid=3247, SUCCESS, logIndex=0, commits[6571ba41-d309-4d1d-a321-129a77bf1602:c4992, 75e8c5ea-f06a-43e1-af6e-1f7f9b0b2cc1:c4990, 1d8d2908-dfb4-4358-9c6e-64b435d6fccc:c4990]
2019-07-03 07:08:50,076 INFO  client.GrpcClientProtocolClient (GrpcClientProtocolClient.java:onNext(254)) - client-253D2503C21A->6571ba41-d309-4d1d-a321-129a77bf1602: receive RaftClientReply:client-253D2503C21A->6571ba41-d309-4d1d-a321-129a77bf1602@group-6D4C5FD51127, cid=3248, SUCCESS, logIndex=4994, commits[6571ba41-d309-4d1d-a321-129a77bf1602:c4994, 75e8c5ea-f06a-43e1-af6e-1f7f9b0b2cc1:c4993, 1d8d2908-dfb4-4358-9c6e-64b435d6fccc:c4993]
2019-07-03 07:08:50,081 INFO  client.GrpcClientProtocolClient (GrpcClientProtocolClient.java:onNext(254)) - client-253D2503C21A->6571ba41-d309-4d1d-a321-129a77bf1602: receive RaftClientReply:client-253D2503C21A->6571ba41-d309-4d1d-a321-129a77bf1602@group-6D4C5FD51127, cid=3249, SUCCESS, logIndex=4996, commits[6571ba41-d309-4d1d-a321-129a77bf1602:c4996, 75e8c5ea-f06a-43e1-af6e-1f7f9b0b2cc1:c4994, 1d8d2908-dfb4-4358-9c6e-64b435d6fccc:c4994]
2019-07-03 07:08:50,095 INFO  client.GrpcClientProtocolClient (GrpcClientProtocolClient.java:onNext(254)) - client-253D2503C21A->6571ba41-d309-4d1d-a321-129a77bf1602: receive RaftClientReply:client-253D2503C21A->6571ba41-d309-4d1d-a321-129a77bf1602@group-6D4C5FD51127, cid=3250, SUCCESS, logIndex=4998, commits[6571ba41-d309-4d1d-a321-129a77bf1602:c4998, 75e8c5ea-f06a-43e1-af6e-1f7f9b0b2cc1:c4997, 1d8d2908-dfb4-4358-9c6e-64b435d6fccc:c4996]
2019-07-03 07:08:50,100 INFO  client.GrpcClientProtocolClient (GrpcClientProtocolClient.java:onNext(254)) - client-253D2503C21A->6571ba41-d309-4d1d-a321-129a77bf1602: receive RaftClientReply:client-253D2503C21A->6571ba41-d309-4d1d-a321-129a77bf1602@group-6D4C5FD51127, cid=3251, SUCCESS, logIndex=5000, commits[6571ba41-d309-4d1d-a321-129a77bf1602:c5000, 75e8c5ea-f06a-43e1-af6e-1f7f9b0b2cc1:c4998, 1d8d2908-dfb4-4358-9c6e-64b435d6fccc:c4998]
2019-07-03 07:08:50,103 INFO  client.GrpcClientProtocolClient (GrpcClientProtocolClient.java:onNext(254)) - client-253D2503C21A->6571ba41-d309-4d1d-a321-129a77bf1602: receive RaftClientReply:client-253D2503C21A->6571ba41-d309-4d1d-a321-129a77bf1602@group-6D4C5FD51127, cid=3252, SUCCESS, logIndex=0, commits[6571ba41-d309-4d1d-a321-129a77bf1602:c5001, 75e8c5ea-f06a-43e1-af6e-1f7f9b0b2cc1:c5000, 1d8d2908-dfb4-4358-9c6e-64b435d6fccc:c5000]
2019-07-03 07:08:50,129 INFO  client.GrpcClientProtocolClient (GrpcClientProtocolClient.java:onNext(254)) - client-253D2503C21A->6571ba41-d309-4d1d-a321-129a77bf1602: receive RaftClientReply:client-253D2503C21A->6571ba41-d309-4d1d-a321-129a77bf1602@group-6D4C5FD51127, cid=3253, SUCCESS, logIndex=5002, commits[6571ba41-d309-4d1d-a321-129a77bf1602:c5002, 75e8c5ea-f06a-43e1-af6e-1f7f9b0b2cc1:c5001, 1d8d2908-dfb4-4358-9c6e-64b435d6fccc:c5001]
2019-07-03 07:08:50,134 INFO  client.GrpcClientProtocolClient (GrpcClientProtocolClient.java:onNext(254)) - client-253D2503C21A->6571ba41-d309-4d1d-a321-129a77bf1602: receive RaftClientReply:client-253D2503C21A->6571ba41-d309-4d1d-a321-129a77bf1602@group-6D4C5FD51127, cid=3254, SUCCESS, logIndex=5004, commits[6571ba41-d309-4d1d-a321-129a77bf1602:c5004, 75e8c5ea-f06a-43e1-af6e-1f7f9b0b2cc1:c5002, 1d8d2908-dfb4-4358-9c6e-64b435d6fccc:c5002]
2019-07-03 07:08:50,135 INFO  client.GrpcClientProtocolClient (GrpcClientProtocolClient.java:onNext(254)) - client-253D2503C21A->6571ba41-d309-4d1d-a321-129a77bf1602: receive RaftClientReply:client-253D2503C21A->6571ba41-d309-4d1d-a321-129a77bf1602@group-6D4C5FD51127, cid=3255, SUCCESS, logIndex=5005, commits[6571ba41-d309-4d1d-a321-129a77bf1602:c5006, 75e8c5ea-f06a-43e1-af6e-1f7f9b0b2cc1:c5002, 1d8d2908-dfb4-4358-9c6e-64b435d6fccc:c5002]
2019-07-03 07:08:50,136 INFO  client.GrpcClientProtocolClient (GrpcClientProtocolClient.java:onNext(254)) - client-253D2503C21A->6571ba41-d309-4d1d-a321-129a77bf1602: receive RaftClientReply:client-253D2503C21A->6571ba41-d309-4d1d-a321-129a77bf1602@group-6D4C5FD51127, cid=3256, SUCCESS, logIndex=5006, commits[6571ba41-d309-4d1d-a321-129a77bf1602:c5006, 75e8c5ea-f06a-43e1-af6e-1f7f9b0b2cc1:c5002, 1d8d2908-dfb4-4358-9c6e-64b435d6fccc:c5002]
2019-07-03 07:08:50,137 INFO  client.GrpcClientProtocolClient (GrpcClientProtocolClient.java:onNext(254)) - client-253D2503C21A->6571ba41-d309-4d1d-a321-129a77bf1602: receive RaftClientReply:client-253D2503C21A->6571ba41-d309-4d1d-a321-129a77bf1602@group-6D4C5FD51127, cid=3257, SUCCESS, logIndex=0, commits[6571ba41-d309-4d1d-a321-129a77bf1602:c5008, 75e8c5ea-f06a-43e1-af6e-1f7f9b0b2cc1:c5004, 1d8d2908-dfb4-4358-9c6e-64b435d6fccc:c5005]
2019-07-03 07:08:50,150 INFO  client.GrpcClientProtocolClient (GrpcClientProtocolClient.java:onNext(254)) - client-253D2503C21A->6571ba41-d309-4d1d-a321-129a77bf1602: receive RaftClientReply:client-253D2503C21A->6571ba41-d309-4d1d-a321-129a77bf1602@group-6D4C5FD51127, cid=3258, SUCCESS, logIndex=5010, commits[6571ba41-d309-4d1d-a321-129a77bf1602:c5010, 75e8c5ea-f06a-43e1-af6e-1f7f9b0b2cc1:c5009, 1d8d2908-dfb4-4358-9c6e-64b435d6fccc:c5006]
2019-07-03 07:08:50,155 INFO  client.GrpcClientProtocolClient (GrpcClientProtocolClient.java:onNext(254)) - client-253D2503C21A->6571ba41-d309-4d1d-a321-129a77bf1602: receive RaftClientReply:client-253D2503C21A->6571ba41-d309-4d1d-a321-129a77bf1602@group-6D4C5FD51127, cid=3259, SUCCESS, logIndex=5012, commits[6571ba41-d309-4d1d-a321-129a77bf1602:c5012, 75e8c5ea-f06a-43e1-af6e-1f7f9b0b2cc1:c5010, 1d8d2908-dfb4-4358-9c6e-64b435d6fccc:c5010]
2019-07-03 07:08:50,168 INFO  storage.RaftLogWorker (RaftLogWorker.java:rollLogSegment(303)) - 6571ba41-d309-4d1d-a321-129a77bf1602-RaftLogWorker: Rolling segment log-4936_5015 to index:5015
2019-07-03 07:08:50,168 INFO  client.GrpcClientProtocolClient (GrpcClientProtocolClient.java:onNext(254)) - client-253D2503C21A->6571ba41-d309-4d1d-a321-129a77bf1602: receive RaftClientReply:client-253D2503C21A->6571ba41-d309-4d1d-a321-129a77bf1602@group-6D4C5FD51127, cid=3260, SUCCESS, logIndex=5014, commits[6571ba41-d309-4d1d-a321-129a77bf1602:c5014, 75e8c5ea-f06a-43e1-af6e-1f7f9b0b2cc1:c5013, 1d8d2908-dfb4-4358-9c6e-64b435d6fccc:c5012]
2019-07-03 07:08:50,169 INFO  storage.RaftLogWorker (RaftLogWorker.java:execute(433)) - 6571ba41-d309-4d1d-a321-129a77bf1602-RaftLogWorker: Rolled log segment from /opt/src/hadoop-ozone/tools/target/test-dir/MiniOzoneClusterImpl-0519545d-318d-4c21-a2a0-688f18f8a31d/datanode-4/data/ratis/23ffc2a4-5526-4092-9dc4-6d4c5fd51127/current/log_inprogress_4936 to /opt/src/hadoop-ozone/tools/target/test-dir/MiniOzoneClusterImpl-0519545d-318d-4c21-a2a0-688f18f8a31d/datanode-4/data/ratis/23ffc2a4-5526-4092-9dc4-6d4c5fd51127/current/log_4936-5015
2019-07-03 07:08:50,169 INFO  storage.RaftLogWorker (RaftLogWorker.java:rollLogSegment(303)) - 1d8d2908-dfb4-4358-9c6e-64b435d6fccc-RaftLogWorker: Rolling segment log-4936_5015 to index:5015
2019-07-03 07:08:50,169 INFO  storage.RaftLogWorker (RaftLogWorker.java:rollLogSegment(303)) - 75e8c5ea-f06a-43e1-af6e-1f7f9b0b2cc1-RaftLogWorker: Rolling segment log-4936_5015 to index:5015
2019-07-03 07:08:50,170 INFO  storage.RaftLogWorker (RaftLogWorker.java:execute(433)) - 75e8c5ea-f06a-43e1-af6e-1f7f9b0b2cc1-RaftLogWorker: Rolled log segment from /opt/src/hadoop-ozone/tools/target/test-dir/MiniOzoneClusterImpl-0519545d-318d-4c21-a2a0-688f18f8a31d/datanode-1/data/ratis/23ffc2a4-5526-4092-9dc4-6d4c5fd51127/current/log_inprogress_4936 to /opt/src/hadoop-ozone/tools/target/test-dir/MiniOzoneClusterImpl-0519545d-318d-4c21-a2a0-688f18f8a31d/datanode-1/data/ratis/23ffc2a4-5526-4092-9dc4-6d4c5fd51127/current/log_4936-5015
2019-07-03 07:08:50,170 INFO  storage.RaftLogWorker (RaftLogWorker.java:execute(433)) - 1d8d2908-dfb4-4358-9c6e-64b435d6fccc-RaftLogWorker: Rolled log segment from /opt/src/hadoop-ozone/tools/target/test-dir/MiniOzoneClusterImpl-0519545d-318d-4c21-a2a0-688f18f8a31d/datanode-2/data/ratis/23ffc2a4-5526-4092-9dc4-6d4c5fd51127/current/log_inprogress_4936 to /opt/src/hadoop-ozone/tools/target/test-dir/MiniOzoneClusterImpl-0519545d-318d-4c21-a2a0-688f18f8a31d/datanode-2/data/ratis/23ffc2a4-5526-4092-9dc4-6d4c5fd51127/current/log_4936-5015
2019-07-03 07:08:50,209 INFO  storage.RaftLogWorker (RaftLogWorker.java:execute(469)) - 6571ba41-d309-4d1d-a321-129a77bf1602-RaftLogWorker: created new log segment /opt/src/hadoop-ozone/tools/target/test-dir/MiniOzoneClusterImpl-0519545d-318d-4c21-a2a0-688f18f8a31d/datanode-4/data/ratis/23ffc2a4-5526-4092-9dc4-6d4c5fd51127/current/log_inprogress_5016
2019-07-03 07:08:50,209 INFO  storage.RaftLogWorker (RaftLogWorker.java:execute(469)) - 75e8c5ea-f06a-43e1-af6e-1f7f9b0b2cc1-RaftLogWorker: created new log segment /opt/src/hadoop-ozone/tools/target/test-dir/MiniOzoneClusterImpl-0519545d-318d-4c21-a2a0-688f18f8a31d/datanode-1/data/ratis/23ffc2a4-5526-4092-9dc4-6d4c5fd51127/current/log_inprogress_5016
2019-07-03 07:08:50,213 INFO  storage.RaftLogWorker (RaftLogWorker.java:execute(469)) - 1d8d2908-dfb4-4358-9c6e-64b435d6fccc-RaftLogWorker: created new log segment /opt/src/hadoop-ozone/tools/target/test-dir/MiniOzoneClusterImpl-0519545d-318d-4c21-a2a0-688f18f8a31d/datanode-2/data/ratis/23ffc2a4-5526-4092-9dc4-6d4c5fd51127/current/log_inprogress_5016
2019-07-03 07:08:50,215 INFO  client.GrpcClientProtocolClient (GrpcClientProtocolClient.java:onNext(254)) - client-253D2503C21A->6571ba41-d309-4d1d-a321-129a77bf1602: receive RaftClientReply:client-253D2503C21A->6571ba41-d309-4d1d-a321-129a77bf1602@group-6D4C5FD51127, cid=3261, SUCCESS, logIndex=5016, commits[6571ba41-d309-4d1d-a321-129a77bf1602:c5016, 75e8c5ea-f06a-43e1-af6e-1f7f9b0b2cc1:c5014, 1d8d2908-dfb4-4358-9c6e-64b435d6fccc:c5014]
2019-07-03 07:08:50,217 INFO  client.GrpcClientProtocolClient (GrpcClientProtocolClient.java:onNext(254)) - client-253D2503C21A->6571ba41-d309-4d1d-a321-129a77bf1602: receive RaftClientReply:client-253D2503C21A->6571ba41-d309-4d1d-a321-129a77bf1602@group-6D4C5FD51127, cid=3262, SUCCESS, logIndex=0, commits[6571ba41-d309-4d1d-a321-129a77bf1602:c5017, 75e8c5ea-f06a-43e1-af6e-1f7f9b0b2cc1:c5016, 1d8d2908-dfb4-4358-9c6e-64b435d6fccc:c5016]
2019-07-03 07:08:50,253 INFO  client.GrpcClientProtocolClient (GrpcClientProtocolClient.java:onNext(254)) - client-253D2503C21A->6571ba41-d309-4d1d-a321-129a77bf1602: receive RaftClientReply:client-253D2503C21A->6571ba41-d309-4d1d-a321-129a77bf1602@group-6D4C5FD51127, cid=3263, SUCCESS, logIndex=5018, commits[6571ba41-d309-4d1d-a321-129a77bf1602:c5018, 75e8c5ea-f06a-43e1-af6e-1f7f9b0b2cc1:c5017, 1d8d2908-dfb4-4358-9c6e-64b435d6fccc:c5017]
2019-07-03 07:08:50,265 INFO  client.GrpcClientProtocolClient (GrpcClientProtocolClient.java:onNext(254)) - client-253D2503C21A->6571ba41-d309-4d1d-a321-129a77bf1602: receive RaftClientReply:client-253D2503C21A->6571ba41-d309-4d1d-a321-129a77bf1602@group-6D4C5FD51127, cid=3264, SUCCESS, logIndex=5020, commits[6571ba41-d309-4d1d-a321-129a77bf1602:c5021, 75e8c5ea-f06a-43e1-af6e-1f7f9b0b2cc1:c5018, 1d8d2908-dfb4-4358-9c6e-64b435d6fccc:c5018]
2019-07-03 07:08:50,266 INFO  client.GrpcClientProtocolClient (GrpcClientProtocolClient.java:onNext(254)) - client-253D2503C21A->6571ba41-d309-4d1d-a321-129a77bf1602: receive RaftClientReply:client-253D2503C21A->6571ba41-d309-4d1d-a321-129a77bf1602@group-6D4C5FD51127, cid=3265, SUCCESS, logIndex=5021, commits[6571ba41-d309-4d1d-a321-129a77bf1602:c5021, 75e8c5ea-f06a-43e1-af6e-1f7f9b0b2cc1:c5018, 1d8d2908-dfb4-4358-9c6e-64b435d6fccc:c5018]
2019-07-03 07:08:50,266 INFO  client.GrpcClientProtocolClient (GrpcClientProtocolClient.java:onNext(254)) - client-253D2503C21A->6571ba41-d309-4d1d-a321-129a77bf1602: receive RaftClientReply:client-253D2503C21A->6571ba41-d309-4d1d-a321-129a77bf1602@group-6D4C5FD51127, cid=3266, SUCCESS, logIndex=5022, commits[6571ba41-d309-4d1d-a321-129a77bf1602:c5023, 75e8c5ea-f06a-43e1-af6e-1f7f9b0b2cc1:c5021, 1d8d2908-dfb4-4358-9c6e-64b435d6fccc:c5018]
2019-07-03 07:08:50,267 INFO  client.GrpcClientProtocolClient (GrpcClientProtocolClient.java:onNext(254)) - client-253D2503C21A->6571ba41-d309-4d1d-a321-129a77bf1602: receive RaftClientReply:client-253D2503C21A->6571ba41-d309-4d1d-a321-129a77bf1602@group-6D4C5FD51127, cid=3267, SUCCESS, logIndex=0, commits[6571ba41-d309-4d1d-a321-129a77bf1602:c5023, 75e8c5ea-f06a-43e1-af6e-1f7f9b0b2cc1:c5021, 1d8d2908-dfb4-4358-9c6e-64b435d6fccc:c5021]
2019-07-03 07:08:50,287 INFO  client.GrpcClientProtocolClient (GrpcClientProtocolClient.java:onNext(254)) - client-253D2503C21A->6571ba41-d309-4d1d-a321-129a77bf1602: receive RaftClientReply:client-253D2503C21A->6571ba41-d309-4d1d-a321-129a77bf1602@group-6D4C5FD51127, cid=3268, SUCCESS, logIndex=5026, commits[6571ba41-d309-4d1d-a321-129a77bf1602:c5026, 75e8c5ea-f06a-43e1-af6e-1f7f9b0b2cc1:c5025, 1d8d2908-dfb4-4358-9c6e-64b435d6fccc:c5025]
2019-07-03 07:08:50,301 INFO  client.GrpcClientProtocolClient (GrpcClientProtocolClient.java:onNext(254)) - client-253D2503C21A->6571ba41-d309-4d1d-a321-129a77bf1602: receive RaftClientReply:client-253D2503C21A->6571ba41-d309-4d1d-a321-129a77bf1602@group-6D4C5FD51127, cid=3269, SUCCESS, logIndex=5028, commits[6571ba41-d309-4d1d-a321-129a77bf1602:c5028, 75e8c5ea-f06a-43e1-af6e-1f7f9b0b2cc1:c5026, 1d8d2908-dfb4-4358-9c6e-64b435d6fccc:c5026]
2019-07-03 07:08:50,314 INFO  client.GrpcClientProtocolClient (GrpcClientProtocolClient.java:onNext(254)) - client-253D2503C21A->6571ba41-d309-4d1d-a321-129a77bf1602: receive RaftClientReply:client-253D2503C21A->6571ba41-d309-4d1d-a321-129a77bf1602@group-6D4C5FD51127, cid=3270, SUCCESS, logIndex=5030, commits[6571ba41-d309-4d1d-a321-129a77bf1602:c5030, 75e8c5ea-f06a-43e1-af6e-1f7f9b0b2cc1:c5028, 1d8d2908-dfb4-4358-9c6e-64b435d6fccc:c5028]
2019-07-03 07:08:50,327 INFO  client.GrpcClientProtocolClient (GrpcClientProtocolClient.java:onNext(254)) - client-253D2503C21A->6571ba41-d309-4d1d-a321-129a77bf1602: receive RaftClientReply:client-253D2503C21A->6571ba41-d309-4d1d-a321-129a77bf1602@group-6D4C5FD51127, cid=3271, SUCCESS, logIndex=5032, commits[6571ba41-d309-4d1d-a321-129a77bf1602:c5032, 75e8c5ea-f06a-43e1-af6e-1f7f9b0b2cc1:c5030, 1d8d2908-dfb4-4358-9c6e-64b435d6fccc:c5030]
2019-07-03 07:08:50,339 INFO  client.GrpcClientProtocolClient (GrpcClientProtocolClient.java:onNext(254)) - client-253D2503C21A->6571ba41-d309-4d1d-a321-129a77bf1602: receive RaftClientReply:client-253D2503C21A->6571ba41-d309-4d1d-a321-129a77bf1602@group-6D4C5FD51127, cid=3272, SUCCESS, logIndex=0, commits[6571ba41-d309-4d1d-a321-129a77bf1602:c5033, 75e8c5ea-f06a-43e1-af6e-1f7f9b0b2cc1:c5032, 1d8d2908-dfb4-4358-9c6e-64b435d6fccc:c5032]
2019-07-03 07:08:50,372 INFO  client.GrpcClientProtocolClient (GrpcClientProtocolClient.java:onNext(254)) - client-253D2503C21A->6571ba41-d309-4d1d-a321-129a77bf1602: receive RaftClientReply:client-253D2503C21A->6571ba41-d309-4d1d-a321-129a77bf1602@group-6D4C5FD51127, cid=3273, SUCCESS, logIndex=5034, commits[6571ba41-d309-4d1d-a321-129a77bf1602:c5034, 75e8c5ea-f06a-43e1-af6e-1f7f9b0b2cc1:c5033, 1d8d2908-dfb4-4358-9c6e-64b435d6fccc:c5033]
2019-07-03 07:08:50,385 INFO  client.GrpcClientProtocolClient (GrpcClientProtocolClient.java:onNext(254)) - client-253D2503C21A->6571ba41-d309-4d1d-a321-129a77bf1602: receive RaftClientReply:client-253D2503C21A->6571ba41-d309-4d1d-a321-129a77bf1602@group-6D4C5FD51127, cid=3274, SUCCESS, logIndex=5036, commits[6571ba41-d309-4d1d-a321-129a77bf1602:c5037, 75e8c5ea-f06a-43e1-af6e-1f7f9b0b2cc1:c5034, 1d8d2908-dfb4-4358-9c6e-64b435d6fccc:c5034]
2019-07-03 07:08:50,386 INFO  client.GrpcClientProtocolClient (GrpcClientProtocolClient.java:onNext(254)) - client-253D2503C21A->6571ba41-d309-4d1d-a321-129a77bf1602: receive RaftClientReply:client-253D2503C21A->6571ba41-d309-4d1d-a321-129a77bf1602@group-6D4C5FD51127, cid=3275, SUCCESS, logIndex=5037, commits[6571ba41-d309-4d1d-a321-129a77bf1602:c5037, 75e8c5ea-f06a-43e1-af6e-1f7f9b0b2cc1:c5034, 1d8d2908-dfb4-4358-9c6e-64b435d6fccc:c5034]
2019-07-03 07:08:50,397 INFO  client.GrpcClientProtocolClient (GrpcClientProtocolClient.java:onNext(254)) - client-253D2503C21A->6571ba41-d309-4d1d-a321-129a77bf1602: receive RaftClientReply:client-253D2503C21A->6571ba41-d309-4d1d-a321-129a77bf1602@group-6D4C5FD51127, cid=3276, SUCCESS, logIndex=5038, commits[6571ba41-d309-4d1d-a321-129a77bf1602:c5039, 75e8c5ea-f06a-43e1-af6e-1f7f9b0b2cc1:c5037, 1d8d2908-dfb4-4358-9c6e-64b435d6fccc:c5034]
2019-07-03 07:08:50,398 INFO  client.GrpcClientProtocolClient (GrpcClientProtocolClient.java:onNext(254)) - client-253D2503C21A->6571ba41-d309-4d1d-a321-129a77bf1602: receive RaftClientReply:client-253D2503C21A->6571ba41-d309-4d1d-a321-129a77bf1602@group-6D4C5FD51127, cid=3277, SUCCESS, logIndex=0, commits[6571ba41-d309-4d1d-a321-129a77bf1602:c5040, 75e8c5ea-f06a-43e1-af6e-1f7f9b0b2cc1:c5037, 1d8d2908-dfb4-4358-9c6e-64b435d6fccc:c5037]
2019-07-03 07:08:50,411 INFO  client.GrpcClientProtocolClient (GrpcClientProtocolClient.java:onNext(254)) - client-253D2503C21A->6571ba41-d309-4d1d-a321-129a77bf1602: receive RaftClientReply:client-253D2503C21A->6571ba41-d309-4d1d-a321-129a77bf1602@group-6D4C5FD51127, cid=3278, SUCCESS, logIndex=5042, commits[6571ba41-d309-4d1d-a321-129a77bf1602:c5042, 75e8c5ea-f06a-43e1-af6e-1f7f9b0b2cc1:c5040, 1d8d2908-dfb4-4358-9c6e-64b435d6fccc:c5038]
2019-07-03 07:08:50,413 INFO  client.GrpcClientProtocolClient (GrpcClientProtocolClient.java:onNext(254)) - client-253D2503C21A->6571ba41-d309-4d1d-a321-129a77bf1602: receive RaftClientReply:client-253D2503C21A->6571ba41-d309-4d1d-a321-129a77bf1602@group-6D4C5FD51127, cid=3279, SUCCESS, logIndex=5044, commits[6571ba41-d309-4d1d-a321-129a77bf1602:c5044, 75e8c5ea-f06a-43e1-af6e-1f7f9b0b2cc1:c5042, 1d8d2908-dfb4-4358-9c6e-64b435d6fccc:c5042]
2019-07-03 07:08:50,431 INFO  client.GrpcClientProtocolClient (GrpcClientProtocolClient.java:onNext(254)) - client-253D2503C21A->6571ba41-d309-4d1d-a321-129a77bf1602: receive RaftClientReply:client-253D2503C21A->6571ba41-d309-4d1d-a321-129a77bf1602@group-6D4C5FD51127, cid=3280, SUCCESS, logIndex=5046, commits[6571ba41-d309-4d1d-a321-129a77bf1602:c5046, 75e8c5ea-f06a-43e1-af6e-1f7f9b0b2cc1:c5044, 1d8d2908-dfb4-4358-9c6e-64b435d6fccc:c5044]
2019-07-03 07:08:50,435 INFO  client.GrpcClientProtocolClient (GrpcClientProtocolClient.java:onNext(254)) - client-253D2503C21A->6571ba41-d309-4d1d-a321-129a77bf1602: receive RaftClientReply:client-253D2503C21A->6571ba41-d309-4d1d-a321-129a77bf1602@group-6D4C5FD51127, cid=3281, SUCCESS, logIndex=5048, commits[6571ba41-d309-4d1d-a321-129a77bf1602:c5048, 75e8c5ea-f06a-43e1-af6e-1f7f9b0b2cc1:c5046, 1d8d2908-dfb4-4358-9c6e-64b435d6fccc:c5046]
2019-07-03 07:08:50,437 INFO  client.GrpcClientProtocolClient (GrpcClientProtocolClient.java:onNext(254)) - client-253D2503C21A->6571ba41-d309-4d1d-a321-129a77bf1602: receive RaftClientReply:client-253D2503C21A->6571ba41-d309-4d1d-a321-129a77bf1602@group-6D4C5FD51127, cid=3282, SUCCESS, logIndex=0, commits[6571ba41-d309-4d1d-a321-129a77bf1602:c5049, 75e8c5ea-f06a-43e1-af6e-1f7f9b0b2cc1:c5048, 1d8d2908-dfb4-4358-9c6e-64b435d6fccc:c5048]
2019-07-03 07:08:50,478 INFO  client.GrpcClientProtocolClient (GrpcClientProtocolClient.java:onNext(254)) - client-253D2503C21A->6571ba41-d309-4d1d-a321-129a77bf1602: receive RaftClientReply:client-253D2503C21A->6571ba41-d309-4d1d-a321-129a77bf1602@group-6D4C5FD51127, cid=3283, SUCCESS, logIndex=5050, commits[6571ba41-d309-4d1d-a321-129a77bf1602:c5050, 75e8c5ea-f06a-43e1-af6e-1f7f9b0b2cc1:c5049, 1d8d2908-dfb4-4358-9c6e-64b435d6fccc:c5049]
2019-07-03 07:08:50,491 INFO  client.GrpcClientProtocolClient (GrpcClientProtocolClient.java:onNext(254)) - client-253D2503C21A->6571ba41-d309-4d1d-a321-129a77bf1602: receive RaftClientReply:client-253D2503C21A->6571ba41-d309-4d1d-a321-129a77bf1602@group-6D4C5FD51127, cid=3284, SUCCESS, logIndex=5052, commits[6571ba41-d309-4d1d-a321-129a77bf1602:c5052, 75e8c5ea-f06a-43e1-af6e-1f7f9b0b2cc1:c5050, 1d8d2908-dfb4-4358-9c6e-64b435d6fccc:c5050]
2019-07-03 07:08:50,492 INFO  client.GrpcClientProtocolClient (GrpcClientProtocolClient.java:onNext(254)) - client-253D2503C21A->6571ba41-d309-4d1d-a321-129a77bf1602: receive RaftClientReply:client-253D2503C21A->6571ba41-d309-4d1d-a321-129a77bf1602@group-6D4C5FD51127, cid=3285, SUCCESS, logIndex=5053, commits[6571ba41-d309-4d1d-a321-129a77bf1602:c5054, 75e8c5ea-f06a-43e1-af6e-1f7f9b0b2cc1:c5050, 1d8d2908-dfb4-4358-9c6e-64b435d6fccc:c5050]
2019-07-03 07:08:50,492 INFO  client.GrpcClientProtocolClient (GrpcClientProtocolClient.java:onNext(254)) - client-253D2503C21A->6571ba41-d309-4d1d-a321-129a77bf1602: receive RaftClientReply:client-253D2503C21A->6571ba41-d309-4d1d-a321-129a77bf1602@group-6D4C5FD51127, cid=3286, SUCCESS, logIndex=5054, commits[6571ba41-d309-4d1d-a321-129a77bf1602:c5054, 75e8c5ea-f06a-43e1-af6e-1f7f9b0b2cc1:c5050, 1d8d2908-dfb4-4358-9c6e-64b435d6fccc:c5050]
2019-07-03 07:08:50,493 INFO  client.GrpcClientProtocolClient (GrpcClientProtocolClient.java:onNext(254)) - client-253D2503C21A->6571ba41-d309-4d1d-a321-129a77bf1602: receive RaftClientReply:client-253D2503C21A->6571ba41-d309-4d1d-a321-129a77bf1602@group-6D4C5FD51127, cid=3287, SUCCESS, logIndex=0, commits[6571ba41-d309-4d1d-a321-129a77bf1602:c5056, 75e8c5ea-f06a-43e1-af6e-1f7f9b0b2cc1:c5053, 1d8d2908-dfb4-4358-9c6e-64b435d6fccc:c5052]
2019-07-03 07:08:50,508 INFO  client.GrpcClientProtocolClient (GrpcClientProtocolClient.java:onNext(254)) - client-253D2503C21A->6571ba41-d309-4d1d-a321-129a77bf1602: receive RaftClientReply:client-253D2503C21A->6571ba41-d309-4d1d-a321-129a77bf1602@group-6D4C5FD51127, cid=3288, SUCCESS, logIndex=5058, commits[6571ba41-d309-4d1d-a321-129a77bf1602:c5058, 75e8c5ea-f06a-43e1-af6e-1f7f9b0b2cc1:c5057, 1d8d2908-dfb4-4358-9c6e-64b435d6fccc:c5057]
2019-07-03 07:08:50,522 INFO  client.GrpcClientProtocolClient (GrpcClientProtocolClient.java:onNext(254)) - client-253D2503C21A->6571ba41-d309-4d1d-a321-129a77bf1602: receive RaftClientReply:client-253D2503C21A->6571ba41-d309-4d1d-a321-129a77bf1602@group-6D4C5FD51127, cid=3289, SUCCESS, logIndex=5060, commits[6571ba41-d309-4d1d-a321-129a77bf1602:c5060, 75e8c5ea-f06a-43e1-af6e-1f7f9b0b2cc1:c5058, 1d8d2908-dfb4-4358-9c6e-64b435d6fccc:c5058]
2019-07-03 07:08:50,535 INFO  client.GrpcClientProtocolClient (GrpcClientProtocolClient.java:onNext(254)) - client-253D2503C21A->6571ba41-d309-4d1d-a321-129a77bf1602: receive RaftClientReply:client-253D2503C21A->6571ba41-d309-4d1d-a321-129a77bf1602@group-6D4C5FD51127, cid=3290, SUCCESS, logIndex=5062, commits[6571ba41-d309-4d1d-a321-129a77bf1602:c5062, 75e8c5ea-f06a-43e1-af6e-1f7f9b0b2cc1:c5060, 1d8d2908-dfb4-4358-9c6e-64b435d6fccc:c5060]
2019-07-03 07:08:50,548 INFO  client.GrpcClientProtocolClient (GrpcClientProtocolClient.java:onNext(254)) - client-253D2503C21A->6571ba41-d309-4d1d-a321-129a77bf1602: receive RaftClientReply:client-253D2503C21A->6571ba41-d309-4d1d-a321-129a77bf1602@group-6D4C5FD51127, cid=3291, SUCCESS, logIndex=5064, commits[6571ba41-d309-4d1d-a321-129a77bf1602:c5064, 75e8c5ea-f06a-43e1-af6e-1f7f9b0b2cc1:c5062, 1d8d2908-dfb4-4358-9c6e-64b435d6fccc:c5062]
2019-07-03 07:08:50,561 INFO  client.GrpcClientProtocolClient (GrpcClientProtocolClient.java:onNext(254)) - client-253D2503C21A->6571ba41-d309-4d1d-a321-129a77bf1602: receive RaftClientReply:client-253D2503C21A->6571ba41-d309-4d1d-a321-129a77bf1602@group-6D4C5FD51127, cid=3292, SUCCESS, logIndex=0, commits[6571ba41-d309-4d1d-a321-129a77bf1602:c5065, 75e8c5ea-f06a-43e1-af6e-1f7f9b0b2cc1:c5064, 1d8d2908-dfb4-4358-9c6e-64b435d6fccc:c5064]
2019-07-03 07:08:50,595 INFO  client.GrpcClientProtocolClient (GrpcClientProtocolClient.java:onNext(254)) - client-253D2503C21A->6571ba41-d309-4d1d-a321-129a77bf1602: receive RaftClientReply:client-253D2503C21A->6571ba41-d309-4d1d-a321-129a77bf1602@group-6D4C5FD51127, cid=3293, SUCCESS, logIndex=5066, commits[6571ba41-d309-4d1d-a321-129a77bf1602:c5066, 75e8c5ea-f06a-43e1-af6e-1f7f9b0b2cc1:c5065, 1d8d2908-dfb4-4358-9c6e-64b435d6fccc:c5065]
2019-07-03 07:08:50,608 INFO  client.GrpcClientProtocolClient (GrpcClientProtocolClient.java:onNext(254)) - client-253D2503C21A->6571ba41-d309-4d1d-a321-129a77bf1602: receive RaftClientReply:client-253D2503C21A->6571ba41-d309-4d1d-a321-129a77bf1602@group-6D4C5FD51127, cid=3294, SUCCESS, logIndex=5068, commits[6571ba41-d309-4d1d-a321-129a77bf1602:c5069, 75e8c5ea-f06a-43e1-af6e-1f7f9b0b2cc1:c5066, 1d8d2908-dfb4-4358-9c6e-64b435d6fccc:c5066]
2019-07-03 07:08:50,608 INFO  client.GrpcClientProtocolClient (GrpcClientProtocolClient.java:onNext(254)) - client-253D2503C21A->6571ba41-d309-4d1d-a321-129a77bf1602: receive RaftClientReply:client-253D2503C21A->6571ba41-d309-4d1d-a321-129a77bf1602@group-6D4C5FD51127, cid=3295, SUCCESS, logIndex=5069, commits[6571ba41-d309-4d1d-a321-129a77bf1602:c5069, 75e8c5ea-f06a-43e1-af6e-1f7f9b0b2cc1:c5066, 1d8d2908-dfb4-4358-9c6e-64b435d6fccc:c5066]
2019-07-03 07:08:50,609 INFO  client.GrpcClientProtocolClient (GrpcClientProtocolClient.java:onNext(254)) - client-253D2503C21A->6571ba41-d309-4d1d-a321-129a77bf1602: receive RaftClientReply:client-253D2503C21A->6571ba41-d309-4d1d-a321-129a77bf1602@group-6D4C5FD51127, cid=3296, SUCCESS, logIndex=5070, commits[6571ba41-d309-4d1d-a321-129a77bf1602:c5071, 75e8c5ea-f06a-43e1-af6e-1f7f9b0b2cc1:c5068, 1d8d2908-dfb4-4358-9c6e-64b435d6fccc:c5066]
2019-07-03 07:08:50,610 INFO  client.GrpcClientProtocolClient (GrpcClientProtocolClient.java:onNext(254)) - client-253D2503C21A->6571ba41-d309-4d1d-a321-129a77bf1602: receive RaftClientReply:client-253D2503C21A->6571ba41-d309-4d1d-a321-129a77bf1602@group-6D4C5FD51127, cid=3297, SUCCESS, logIndex=0, commits[6571ba41-d309-4d1d-a321-129a77bf1602:c5072, 75e8c5ea-f06a-43e1-af6e-1f7f9b0b2cc1:c5069, 1d8d2908-dfb4-4358-9c6e-64b435d6fccc:c5069]
2019-07-03 07:08:50,632 INFO  client.GrpcClientProtocolClient (GrpcClientProtocolClient.java:onNext(254)) - client-253D2503C21A->6571ba41-d309-4d1d-a321-129a77bf1602: receive RaftClientReply:client-253D2503C21A->6571ba41-d309-4d1d-a321-129a77bf1602@group-6D4C5FD51127, cid=3298, SUCCESS, logIndex=5074, commits[6571ba41-d309-4d1d-a321-129a77bf1602:c5074, 75e8c5ea-f06a-43e1-af6e-1f7f9b0b2cc1:c5073, 1d8d2908-dfb4-4358-9c6e-64b435d6fccc:c5073]
2019-07-03 07:08:50,646 INFO  client.GrpcClientProtocolClient (GrpcClientProtocolClient.java:onNext(254)) - client-253D2503C21A->6571ba41-d309-4d1d-a321-129a77bf1602: receive RaftClientReply:client-253D2503C21A->6571ba41-d309-4d1d-a321-129a77bf1602@group-6D4C5FD51127, cid=3299, SUCCESS, logIndex=5076, commits[6571ba41-d309-4d1d-a321-129a77bf1602:c5076, 75e8c5ea-f06a-43e1-af6e-1f7f9b0b2cc1:c5074, 1d8d2908-dfb4-4358-9c6e-64b435d6fccc:c5074]
2019-07-03 07:08:50,670 INFO  client.GrpcClientProtocolClient (GrpcClientProtocolClient.java:onNext(254)) - client-253D2503C21A->6571ba41-d309-4d1d-a321-129a77bf1602: receive RaftClientReply:client-253D2503C21A->6571ba41-d309-4d1d-a321-129a77bf1602@group-6D4C5FD51127, cid=3300, SUCCESS, logIndex=5078, commits[6571ba41-d309-4d1d-a321-129a77bf1602:c5078, 75e8c5ea-f06a-43e1-af6e-1f7f9b0b2cc1:c5076, 1d8d2908-dfb4-4358-9c6e-64b435d6fccc:c5076]
2019-07-03 07:08:50,673 INFO  client.GrpcClientProtocolClient (GrpcClientProtocolClient.java:onNext(254)) - client-253D2503C21A->6571ba41-d309-4d1d-a321-129a77bf1602: receive RaftClientReply:client-253D2503C21A->6571ba41-d309-4d1d-a321-129a77bf1602@group-6D4C5FD51127, cid=3301, SUCCESS, logIndex=5080, commits[6571ba41-d309-4d1d-a321-129a77bf1602:c5080, 75e8c5ea-f06a-43e1-af6e-1f7f9b0b2cc1:c5078, 1d8d2908-dfb4-4358-9c6e-64b435d6fccc:c5078]
2019-07-03 07:08:50,684 INFO  client.GrpcClientProtocolClient (GrpcClientProtocolClient.java:onNext(254)) - client-253D2503C21A->6571ba41-d309-4d1d-a321-129a77bf1602: receive RaftClientReply:client-253D2503C21A->6571ba41-d309-4d1d-a321-129a77bf1602@group-6D4C5FD51127, cid=3302, SUCCESS, logIndex=0, commits[6571ba41-d309-4d1d-a321-129a77bf1602:c5081, 75e8c5ea-f06a-43e1-af6e-1f7f9b0b2cc1:c5080, 1d8d2908-dfb4-4358-9c6e-64b435d6fccc:c5080]
2019-07-03 07:08:50,717 INFO  client.GrpcClientProtocolClient (GrpcClientProtocolClient.java:onNext(254)) - client-253D2503C21A->6571ba41-d309-4d1d-a321-129a77bf1602: receive RaftClientReply:client-253D2503C21A->6571ba41-d309-4d1d-a321-129a77bf1602@group-6D4C5FD51127, cid=3303, SUCCESS, logIndex=5082, commits[6571ba41-d309-4d1d-a321-129a77bf1602:c5082, 75e8c5ea-f06a-43e1-af6e-1f7f9b0b2cc1:c5081, 1d8d2908-dfb4-4358-9c6e-64b435d6fccc:c5081]
2019-07-03 07:08:50,744 INFO  client.GrpcClientProtocolClient (GrpcClientProtocolClient.java:onNext(254)) - client-253D2503C21A->6571ba41-d309-4d1d-a321-129a77bf1602: receive RaftClientReply:client-253D2503C21A->6571ba41-d309-4d1d-a321-129a77bf1602@group-6D4C5FD51127, cid=3304, SUCCESS, logIndex=5084, commits[6571ba41-d309-4d1d-a321-129a77bf1602:c5085, 75e8c5ea-f06a-43e1-af6e-1f7f9b0b2cc1:c5082, 1d8d2908-dfb4-4358-9c6e-64b435d6fccc:c5082]
2019-07-03 07:08:50,745 INFO  client.GrpcClientProtocolClient (GrpcClientProtocolClient.java:onNext(254)) - client-253D2503C21A->6571ba41-d309-4d1d-a321-129a77bf1602: receive RaftClientReply:client-253D2503C21A->6571ba41-d309-4d1d-a321-129a77bf1602@group-6D4C5FD51127, cid=3305, SUCCESS, logIndex=5085, commits[6571ba41-d309-4d1d-a321-129a77bf1602:c5086, 75e8c5ea-f06a-43e1-af6e-1f7f9b0b2cc1:c5082, 1d8d2908-dfb4-4358-9c6e-64b435d6fccc:c5082]
2019-07-03 07:08:50,745 INFO  client.GrpcClientProtocolClient (GrpcClientProtocolClient.java:onNext(254)) - client-253D2503C21A->6571ba41-d309-4d1d-a321-129a77bf1602: receive RaftClientReply:client-253D2503C21A->6571ba41-d309-4d1d-a321-129a77bf1602@group-6D4C5FD51127, cid=3306, SUCCESS, logIndex=5086, commits[6571ba41-d309-4d1d-a321-129a77bf1602:c5086, 75e8c5ea-f06a-43e1-af6e-1f7f9b0b2cc1:c5082, 1d8d2908-dfb4-4358-9c6e-64b435d6fccc:c5082]
2019-07-03 07:08:50,746 INFO  client.GrpcClientProtocolClient (GrpcClientProtocolClient.java:onNext(254)) - client-253D2503C21A->6571ba41-d309-4d1d-a321-129a77bf1602: receive RaftClientReply:client-253D2503C21A->6571ba41-d309-4d1d-a321-129a77bf1602@group-6D4C5FD51127, cid=3307, SUCCESS, logIndex=0, commits[6571ba41-d309-4d1d-a321-129a77bf1602:c5088, 75e8c5ea-f06a-43e1-af6e-1f7f9b0b2cc1:c5085, 1d8d2908-dfb4-4358-9c6e-64b435d6fccc:c5085]
2019-07-03 07:08:50,767 INFO  client.GrpcClientProtocolClient (GrpcClientProtocolClient.java:onNext(254)) - client-253D2503C21A->6571ba41-d309-4d1d-a321-129a77bf1602: receive RaftClientReply:client-253D2503C21A->6571ba41-d309-4d1d-a321-129a77bf1602@group-6D4C5FD51127, cid=3308, SUCCESS, logIndex=5090, commits[6571ba41-d309-4d1d-a321-129a77bf1602:c5090, 75e8c5ea-f06a-43e1-af6e-1f7f9b0b2cc1:c5089, 1d8d2908-dfb4-4358-9c6e-64b435d6fccc:c5089]
2019-07-03 07:08:50,780 INFO  client.GrpcClientProtocolClient (GrpcClientProtocolClient.java:onNext(254)) - client-253D2503C21A->6571ba41-d309-4d1d-a321-129a77bf1602: receive RaftClientReply:client-253D2503C21A->6571ba41-d309-4d1d-a321-129a77bf1602@group-6D4C5FD51127, cid=3309, SUCCESS, logIndex=5092, commits[6571ba41-d309-4d1d-a321-129a77bf1602:c5092, 75e8c5ea-f06a-43e1-af6e-1f7f9b0b2cc1:c5090, 1d8d2908-dfb4-4358-9c6e-64b435d6fccc:c5090]
2019-07-03 07:08:50,805 INFO  storage.RaftLogWorker (RaftLogWorker.java:rollLogSegment(303)) - 6571ba41-d309-4d1d-a321-129a77bf1602-RaftLogWorker: Rolling segment log-5016_5095 to index:5095
2019-07-03 07:08:50,805 INFO  client.GrpcClientProtocolClient (GrpcClientProtocolClient.java:onNext(254)) - client-253D2503C21A->6571ba41-d309-4d1d-a321-129a77bf1602: receive RaftClientReply:client-253D2503C21A->6571ba41-d309-4d1d-a321-129a77bf1602@group-6D4C5FD51127, cid=3310, SUCCESS, logIndex=5094, commits[6571ba41-d309-4d1d-a321-129a77bf1602:c5094, 75e8c5ea-f06a-43e1-af6e-1f7f9b0b2cc1:c5092, 1d8d2908-dfb4-4358-9c6e-64b435d6fccc:c5092]
2019-07-03 07:08:50,806 INFO  storage.RaftLogWorker (RaftLogWorker.java:rollLogSegment(303)) - 1d8d2908-dfb4-4358-9c6e-64b435d6fccc-RaftLogWorker: Rolling segment log-5016_5095 to index:5095
2019-07-03 07:08:50,806 INFO  storage.RaftLogWorker (RaftLogWorker.java:rollLogSegment(303)) - 75e8c5ea-f06a-43e1-af6e-1f7f9b0b2cc1-RaftLogWorker: Rolling segment log-5016_5095 to index:5095
2019-07-03 07:08:50,815 INFO  storage.RaftLogWorker (RaftLogWorker.java:execute(433)) - 6571ba41-d309-4d1d-a321-129a77bf1602-RaftLogWorker: Rolled log segment from /opt/src/hadoop-ozone/tools/target/test-dir/MiniOzoneClusterImpl-0519545d-318d-4c21-a2a0-688f18f8a31d/datanode-4/data/ratis/23ffc2a4-5526-4092-9dc4-6d4c5fd51127/current/log_inprogress_5016 to /opt/src/hadoop-ozone/tools/target/test-dir/MiniOzoneClusterImpl-0519545d-318d-4c21-a2a0-688f18f8a31d/datanode-4/data/ratis/23ffc2a4-5526-4092-9dc4-6d4c5fd51127/current/log_5016-5095
2019-07-03 07:08:50,816 INFO  storage.RaftLogWorker (RaftLogWorker.java:execute(433)) - 75e8c5ea-f06a-43e1-af6e-1f7f9b0b2cc1-RaftLogWorker: Rolled log segment from /opt/src/hadoop-ozone/tools/target/test-dir/MiniOzoneClusterImpl-0519545d-318d-4c21-a2a0-688f18f8a31d/datanode-1/data/ratis/23ffc2a4-5526-4092-9dc4-6d4c5fd51127/current/log_inprogress_5016 to /opt/src/hadoop-ozone/tools/target/test-dir/MiniOzoneClusterImpl-0519545d-318d-4c21-a2a0-688f18f8a31d/datanode-1/data/ratis/23ffc2a4-5526-4092-9dc4-6d4c5fd51127/current/log_5016-5095
2019-07-03 07:08:50,816 INFO  storage.RaftLogWorker (RaftLogWorker.java:execute(433)) - 1d8d2908-dfb4-4358-9c6e-64b435d6fccc-RaftLogWorker: Rolled log segment from /opt/src/hadoop-ozone/tools/target/test-dir/MiniOzoneClusterImpl-0519545d-318d-4c21-a2a0-688f18f8a31d/datanode-2/data/ratis/23ffc2a4-5526-4092-9dc4-6d4c5fd51127/current/log_inprogress_5016 to /opt/src/hadoop-ozone/tools/target/test-dir/MiniOzoneClusterImpl-0519545d-318d-4c21-a2a0-688f18f8a31d/datanode-2/data/ratis/23ffc2a4-5526-4092-9dc4-6d4c5fd51127/current/log_5016-5095
2019-07-03 07:08:50,873 INFO  storage.RaftLogWorker (RaftLogWorker.java:execute(469)) - 1d8d2908-dfb4-4358-9c6e-64b435d6fccc-RaftLogWorker: created new log segment /opt/src/hadoop-ozone/tools/target/test-dir/MiniOzoneClusterImpl-0519545d-318d-4c21-a2a0-688f18f8a31d/datanode-2/data/ratis/23ffc2a4-5526-4092-9dc4-6d4c5fd51127/current/log_inprogress_5096
2019-07-03 07:08:50,873 INFO  storage.RaftLogWorker (RaftLogWorker.java:execute(469)) - 75e8c5ea-f06a-43e1-af6e-1f7f9b0b2cc1-RaftLogWorker: created new log segment /opt/src/hadoop-ozone/tools/target/test-dir/MiniOzoneClusterImpl-0519545d-318d-4c21-a2a0-688f18f8a31d/datanode-1/data/ratis/23ffc2a4-5526-4092-9dc4-6d4c5fd51127/current/log_inprogress_5096
2019-07-03 07:08:50,873 INFO  storage.RaftLogWorker (RaftLogWorker.java:execute(469)) - 6571ba41-d309-4d1d-a321-129a77bf1602-RaftLogWorker: created new log segment /opt/src/hadoop-ozone/tools/target/test-dir/MiniOzoneClusterImpl-0519545d-318d-4c21-a2a0-688f18f8a31d/datanode-4/data/ratis/23ffc2a4-5526-4092-9dc4-6d4c5fd51127/current/log_inprogress_5096
 0.00% |█                                                                                                    |  0/1 Time: 0:00:582019-07-03 07:08:50,887 INFO  client.GrpcClientProtocolClient (GrpcClientProtocolClient.java:onNext(254)) - client-253D2503C21A->6571ba41-d309-4d1d-a321-129a77bf1602: receive RaftClientReply:client-253D2503C21A->6571ba41-d309-4d1d-a321-129a77bf1602@group-6D4C5FD51127, cid=3311, SUCCESS, logIndex=5096, commits[6571ba41-d309-4d1d-a321-129a77bf1602:c5096, 75e8c5ea-f06a-43e1-af6e-1f7f9b0b2cc1:c5094, 1d8d2908-dfb4-4358-9c6e-64b435d6fccc:c5094]
2019-07-03 07:08:50,898 INFO  client.GrpcClientProtocolClient (GrpcClientProtocolClient.java:onNext(254)) - client-253D2503C21A->6571ba41-d309-4d1d-a321-129a77bf1602: receive RaftClientReply:client-253D2503C21A->6571ba41-d309-4d1d-a321-129a77bf1602@group-6D4C5FD51127, cid=3312, SUCCESS, logIndex=0, commits[6571ba41-d309-4d1d-a321-129a77bf1602:c5097, 75e8c5ea-f06a-43e1-af6e-1f7f9b0b2cc1:c5096, 1d8d2908-dfb4-4358-9c6e-64b435d6fccc:c5096]
2019-07-03 07:08:50,934 INFO  client.GrpcClientProtocolClient (GrpcClientProtocolClient.java:onNext(254)) - client-253D2503C21A->6571ba41-d309-4d1d-a321-129a77bf1602: receive RaftClientReply:client-253D2503C21A->6571ba41-d309-4d1d-a321-129a77bf1602@group-6D4C5FD51127, cid=3313, SUCCESS, logIndex=5098, commits[6571ba41-d309-4d1d-a321-129a77bf1602:c5098, 75e8c5ea-f06a-43e1-af6e-1f7f9b0b2cc1:c5097, 1d8d2908-dfb4-4358-9c6e-64b435d6fccc:c5097]
2019-07-03 07:08:50,947 INFO  client.GrpcClientProtocolClient (GrpcClientProtocolClient.java:onNext(254)) - client-253D2503C21A->6571ba41-d309-4d1d-a321-129a77bf1602: receive RaftClientReply:client-253D2503C21A->6571ba41-d309-4d1d-a321-129a77bf1602@group-6D4C5FD51127, cid=3314, SUCCESS, logIndex=5100, commits[6571ba41-d309-4d1d-a321-129a77bf1602:c5101, 75e8c5ea-f06a-43e1-af6e-1f7f9b0b2cc1:c5098, 1d8d2908-dfb4-4358-9c6e-64b435d6fccc:c5098]
2019-07-03 07:08:50,948 INFO  client.GrpcClientProtocolClient (GrpcClientProtocolClient.java:onNext(254)) - client-253D2503C21A->6571ba41-d309-4d1d-a321-129a77bf1602: receive RaftClientReply:client-253D2503C21A->6571ba41-d309-4d1d-a321-129a77bf1602@group-6D4C5FD51127, cid=3315, SUCCESS, logIndex=5101, commits[6571ba41-d309-4d1d-a321-129a77bf1602:c5101, 75e8c5ea-f06a-43e1-af6e-1f7f9b0b2cc1:c5098, 1d8d2908-dfb4-4358-9c6e-64b435d6fccc:c5098]
2019-07-03 07:08:50,948 INFO  client.GrpcClientProtocolClient (GrpcClientProtocolClient.java:onNext(254)) - client-253D2503C21A->6571ba41-d309-4d1d-a321-129a77bf1602: receive RaftClientReply:client-253D2503C21A->6571ba41-d309-4d1d-a321-129a77bf1602@group-6D4C5FD51127, cid=3316, SUCCESS, logIndex=5102, commits[6571ba41-d309-4d1d-a321-129a77bf1602:c5102, 75e8c5ea-f06a-43e1-af6e-1f7f9b0b2cc1:c5098, 1d8d2908-dfb4-4358-9c6e-64b435d6fccc:c5098]
2019-07-03 07:08:50,960 INFO  client.GrpcClientProtocolClient (GrpcClientProtocolClient.java:onNext(254)) - client-253D2503C21A->6571ba41-d309-4d1d-a321-129a77bf1602: receive RaftClientReply:client-253D2503C21A->6571ba41-d309-4d1d-a321-129a77bf1602@group-6D4C5FD51127, cid=3317, SUCCESS, logIndex=0, commits[6571ba41-d309-4d1d-a321-129a77bf1602:c5103, 75e8c5ea-f06a-43e1-af6e-1f7f9b0b2cc1:c5101, 1d8d2908-dfb4-4358-9c6e-64b435d6fccc:c5101]
2019-07-03 07:08:50,983 INFO  client.GrpcClientProtocolClient (GrpcClientProtocolClient.java:onNext(254)) - client-253D2503C21A->6571ba41-d309-4d1d-a321-129a77bf1602: receive RaftClientReply:client-253D2503C21A->6571ba41-d309-4d1d-a321-129a77bf1602@group-6D4C5FD51127, cid=3318, SUCCESS, logIndex=5106, commits[6571ba41-d309-4d1d-a321-129a77bf1602:c5106, 75e8c5ea-f06a-43e1-af6e-1f7f9b0b2cc1:c5105, 1d8d2908-dfb4-4358-9c6e-64b435d6fccc:c5105]
2019-07-03 07:08:50,996 INFO  client.GrpcClientProtocolClient (GrpcClientProtocolClient.java:onNext(254)) - client-253D2503C21A->6571ba41-d309-4d1d-a321-129a77bf1602: receive RaftClientReply:client-253D2503C21A->6571ba41-d309-4d1d-a321-129a77bf1602@group-6D4C5FD51127, cid=3319, SUCCESS, logIndex=5108, commits[6571ba41-d309-4d1d-a321-129a77bf1602:c5108, 75e8c5ea-f06a-43e1-af6e-1f7f9b0b2cc1:c5106, 1d8d2908-dfb4-4358-9c6e-64b435d6fccc:c5106]
2019-07-03 07:08:51,032 INFO  client.GrpcClientProtocolClient (GrpcClientProtocolClient.java:onNext(254)) - client-253D2503C21A->6571ba41-d309-4d1d-a321-129a77bf1602: receive RaftClientReply:client-253D2503C21A->6571ba41-d309-4d1d-a321-129a77bf1602@group-6D4C5FD51127, cid=3320, SUCCESS, logIndex=5110, commits[6571ba41-d309-4d1d-a321-129a77bf1602:c5110, 75e8c5ea-f06a-43e1-af6e-1f7f9b0b2cc1:c5108, 1d8d2908-dfb4-4358-9c6e-64b435d6fccc:c5108]
2019-07-03 07:08:51,045 INFO  client.GrpcClientProtocolClient (GrpcClientProtocolClient.java:onNext(254)) - client-253D2503C21A->6571ba41-d309-4d1d-a321-129a77bf1602: receive RaftClientReply:client-253D2503C21A->6571ba41-d309-4d1d-a321-129a77bf1602@group-6D4C5FD51127, cid=3321, SUCCESS, logIndex=5112, commits[6571ba41-d309-4d1d-a321-129a77bf1602:c5112, 75e8c5ea-f06a-43e1-af6e-1f7f9b0b2cc1:c5110, 1d8d2908-dfb4-4358-9c6e-64b435d6fccc:c5110]
2019-07-03 07:08:51,057 INFO  client.GrpcClientProtocolClient (GrpcClientProtocolClient.java:onNext(254)) - client-253D2503C21A->6571ba41-d309-4d1d-a321-129a77bf1602: receive RaftClientReply:client-253D2503C21A->6571ba41-d309-4d1d-a321-129a77bf1602@group-6D4C5FD51127, cid=3322, SUCCESS, logIndex=0, commits[6571ba41-d309-4d1d-a321-129a77bf1602:c5112, 75e8c5ea-f06a-43e1-af6e-1f7f9b0b2cc1:c5112, 1d8d2908-dfb4-4358-9c6e-64b435d6fccc:c5112]
2019-07-03 07:08:51,238 INFO  client.GrpcClientProtocolClient (GrpcClientProtocolClient.java:onNext(254)) - client-253D2503C21A->6571ba41-d309-4d1d-a321-129a77bf1602: receive RaftClientReply:client-253D2503C21A->6571ba41-d309-4d1d-a321-129a77bf1602@group-6D4C5FD51127, cid=3323, SUCCESS, logIndex=5114, commits[6571ba41-d309-4d1d-a321-129a77bf1602:c5114, 75e8c5ea-f06a-43e1-af6e-1f7f9b0b2cc1:c5113, 1d8d2908-dfb4-4358-9c6e-64b435d6fccc:c5113]
2019-07-03 07:08:51,251 INFO  client.GrpcClientProtocolClient (GrpcClientProtocolClient.java:onNext(254)) - client-253D2503C21A->6571ba41-d309-4d1d-a321-129a77bf1602: receive RaftClientReply:client-253D2503C21A->6571ba41-d309-4d1d-a321-129a77bf1602@group-6D4C5FD51127, cid=3324, SUCCESS, logIndex=5116, commits[6571ba41-d309-4d1d-a321-129a77bf1602:c5117, 75e8c5ea-f06a-43e1-af6e-1f7f9b0b2cc1:c5114, 1d8d2908-dfb4-4358-9c6e-64b435d6fccc:c5114]
2019-07-03 07:08:51,251 INFO  client.GrpcClientProtocolClient (GrpcClientProtocolClient.java:onNext(254)) - client-253D2503C21A->6571ba41-d309-4d1d-a321-129a77bf1602: receive RaftClientReply:client-253D2503C21A->6571ba41-d309-4d1d-a321-129a77bf1602@group-6D4C5FD51127, cid=3325, SUCCESS, logIndex=5117, commits[6571ba41-d309-4d1d-a321-129a77bf1602:c5117, 75e8c5ea-f06a-43e1-af6e-1f7f9b0b2cc1:c5114, 1d8d2908-dfb4-4358-9c6e-64b435d6fccc:c5114]
2019-07-03 07:08:51,252 INFO  client.GrpcClientProtocolClient (GrpcClientProtocolClient.java:onNext(254)) - client-253D2503C21A->6571ba41-d309-4d1d-a321-129a77bf1602: receive RaftClientReply:client-253D2503C21A->6571ba41-d309-4d1d-a321-129a77bf1602@group-6D4C5FD51127, cid=3326, SUCCESS, logIndex=5118, commits[6571ba41-d309-4d1d-a321-129a77bf1602:c5119, 75e8c5ea-f06a-43e1-af6e-1f7f9b0b2cc1:c5114, 1d8d2908-dfb4-4358-9c6e-64b435d6fccc:c5116]
2019-07-03 07:08:51,253 INFO  client.GrpcClientProtocolClient (GrpcClientProtocolClient.java:onNext(254)) - client-253D2503C21A->6571ba41-d309-4d1d-a321-129a77bf1602: receive RaftClientReply:client-253D2503C21A->6571ba41-d309-4d1d-a321-129a77bf1602@group-6D4C5FD51127, cid=3327, SUCCESS, logIndex=0, commits[6571ba41-d309-4d1d-a321-129a77bf1602:c5120, 75e8c5ea-f06a-43e1-af6e-1f7f9b0b2cc1:c5116, 1d8d2908-dfb4-4358-9c6e-64b435d6fccc:c5117]
2019-07-03 07:08:51,278 INFO  client.GrpcClientProtocolClient (GrpcClientProtocolClient.java:onNext(254)) - client-253D2503C21A->6571ba41-d309-4d1d-a321-129a77bf1602: receive RaftClientReply:client-253D2503C21A->6571ba41-d309-4d1d-a321-129a77bf1602@group-6D4C5FD51127, cid=3328, SUCCESS, logIndex=5122, commits[6571ba41-d309-4d1d-a321-129a77bf1602:c5122, 75e8c5ea-f06a-43e1-af6e-1f7f9b0b2cc1:c5121, 1d8d2908-dfb4-4358-9c6e-64b435d6fccc:c5121]
2019-07-03 07:08:51,292 INFO  client.GrpcClientProtocolClient (GrpcClientProtocolClient.java:onNext(254)) - client-253D2503C21A->6571ba41-d309-4d1d-a321-129a77bf1602: receive RaftClientReply:client-253D2503C21A->6571ba41-d309-4d1d-a321-129a77bf1602@group-6D4C5FD51127, cid=3329, SUCCESS, logIndex=5124, commits[6571ba41-d309-4d1d-a321-129a77bf1602:c5124, 75e8c5ea-f06a-43e1-af6e-1f7f9b0b2cc1:c5122, 1d8d2908-dfb4-4358-9c6e-64b435d6fccc:c5122]
2019-07-03 07:08:51,317 INFO  client.GrpcClientProtocolClient (GrpcClientProtocolClient.java:onNext(254)) - client-253D2503C21A->6571ba41-d309-4d1d-a321-129a77bf1602: receive RaftClientReply:client-253D2503C21A->6571ba41-d309-4d1d-a321-129a77bf1602@group-6D4C5FD51127, cid=3330, SUCCESS, logIndex=5126, commits[6571ba41-d309-4d1d-a321-129a77bf1602:c5126, 75e8c5ea-f06a-43e1-af6e-1f7f9b0b2cc1:c5124, 1d8d2908-dfb4-4358-9c6e-64b435d6fccc:c5124]
2019-07-03 07:08:51,320 INFO  client.GrpcClientProtocolClient (GrpcClientProtocolClient.java:onNext(254)) - client-253D2503C21A->6571ba41-d309-4d1d-a321-129a77bf1602: receive RaftClientReply:client-253D2503C21A->6571ba41-d309-4d1d-a321-129a77bf1602@group-6D4C5FD51127, cid=3331, SUCCESS, logIndex=5128, commits[6571ba41-d309-4d1d-a321-129a77bf1602:c5128, 75e8c5ea-f06a-43e1-af6e-1f7f9b0b2cc1:c5126, 1d8d2908-dfb4-4358-9c6e-64b435d6fccc:c5126]
2019-07-03 07:08:51,332 INFO  client.GrpcClientProtocolClient (GrpcClientProtocolClient.java:onNext(254)) - client-253D2503C21A->6571ba41-d309-4d1d-a321-129a77bf1602: receive RaftClientReply:client-253D2503C21A->6571ba41-d309-4d1d-a321-129a77bf1602@group-6D4C5FD51127, cid=3332, SUCCESS, logIndex=0, commits[6571ba41-d309-4d1d-a321-129a77bf1602:c5129, 75e8c5ea-f06a-43e1-af6e-1f7f9b0b2cc1:c5128, 1d8d2908-dfb4-4358-9c6e-64b435d6fccc:c5128]
2019-07-03 07:08:51,370 INFO  client.GrpcClientProtocolClient (GrpcClientProtocolClient.java:onNext(254)) - client-253D2503C21A->6571ba41-d309-4d1d-a321-129a77bf1602: receive RaftClientReply:client-253D2503C21A->6571ba41-d309-4d1d-a321-129a77bf1602@group-6D4C5FD51127, cid=3333, SUCCESS, logIndex=5130, commits[6571ba41-d309-4d1d-a321-129a77bf1602:c5130, 75e8c5ea-f06a-43e1-af6e-1f7f9b0b2cc1:c5129, 1d8d2908-dfb4-4358-9c6e-64b435d6fccc:c5129]
2019-07-03 07:08:51,377 INFO  client.GrpcClientProtocolClient (GrpcClientProtocolClient.java:onNext(254)) - client-253D2503C21A->6571ba41-d309-4d1d-a321-129a77bf1602: receive RaftClientReply:client-253D2503C21A->6571ba41-d309-4d1d-a321-129a77bf1602@group-6D4C5FD51127, cid=3334, SUCCESS, logIndex=5132, commits[6571ba41-d309-4d1d-a321-129a77bf1602:c5132, 75e8c5ea-f06a-43e1-af6e-1f7f9b0b2cc1:c5130, 1d8d2908-dfb4-4358-9c6e-64b435d6fccc:c5130]
2019-07-03 07:08:51,386 INFO  client.GrpcClientProtocolClient (GrpcClientProtocolClient.java:onNext(254)) - client-253D2503C21A->6571ba41-d309-4d1d-a321-129a77bf1602: receive RaftClientReply:client-253D2503C21A->6571ba41-d309-4d1d-a321-129a77bf1602@group-6D4C5FD51127, cid=3335, SUCCESS, logIndex=5133, commits[6571ba41-d309-4d1d-a321-129a77bf1602:c5134, 75e8c5ea-f06a-43e1-af6e-1f7f9b0b2cc1:c5131, 1d8d2908-dfb4-4358-9c6e-64b435d6fccc:c5131]
2019-07-03 07:08:51,387 INFO  client.GrpcClientProtocolClient (GrpcClientProtocolClient.java:onNext(254)) - client-253D2503C21A->6571ba41-d309-4d1d-a321-129a77bf1602: receive RaftClientReply:client-253D2503C21A->6571ba41-d309-4d1d-a321-129a77bf1602@group-6D4C5FD51127, cid=3336, SUCCESS, logIndex=5134, commits[6571ba41-d309-4d1d-a321-129a77bf1602:c5135, 75e8c5ea-f06a-43e1-af6e-1f7f9b0b2cc1:c5132, 1d8d2908-dfb4-4358-9c6e-64b435d6fccc:c5132]
2019-07-03 07:08:51,413 INFO  client.GrpcClientProtocolClient (GrpcClientProtocolClient.java:onNext(254)) - client-253D2503C21A->6571ba41-d309-4d1d-a321-129a77bf1602: receive RaftClientReply:client-253D2503C21A->6571ba41-d309-4d1d-a321-129a77bf1602@group-6D4C5FD51127, cid=3337, SUCCESS, logIndex=5138, commits[6571ba41-d309-4d1d-a321-129a77bf1602:c5138, 75e8c5ea-f06a-43e1-af6e-1f7f9b0b2cc1:c5137, 1d8d2908-dfb4-4358-9c6e-64b435d6fccc:c5137]
2019-07-03 07:08:51,426 INFO  client.GrpcClientProtocolClient (GrpcClientProtocolClient.java:onNext(254)) - client-253D2503C21A->6571ba41-d309-4d1d-a321-129a77bf1602: receive RaftClientReply:client-253D2503C21A->6571ba41-d309-4d1d-a321-129a77bf1602@group-6D4C5FD51127, cid=3338, SUCCESS, logIndex=5140, commits[6571ba41-d309-4d1d-a321-129a77bf1602:c5140, 75e8c5ea-f06a-43e1-af6e-1f7f9b0b2cc1:c5138, 1d8d2908-dfb4-4358-9c6e-64b435d6fccc:c5138]
2019-07-03 07:08:51,439 INFO  client.GrpcClientProtocolClient (GrpcClientProtocolClient.java:onNext(254)) - client-253D2503C21A->6571ba41-d309-4d1d-a321-129a77bf1602: receive RaftClientReply:client-253D2503C21A->6571ba41-d309-4d1d-a321-129a77bf1602@group-6D4C5FD51127, cid=3339, SUCCESS, logIndex=5142, commits[6571ba41-d309-4d1d-a321-129a77bf1602:c5142, 75e8c5ea-f06a-43e1-af6e-1f7f9b0b2cc1:c5140, 1d8d2908-dfb4-4358-9c6e-64b435d6fccc:c5140]
2019-07-03 07:08:51,442 INFO  client.GrpcClientProtocolClient (GrpcClientProtocolClient.java:onNext(254)) - client-253D2503C21A->6571ba41-d309-4d1d-a321-129a77bf1602: receive RaftClientReply:client-253D2503C21A->6571ba41-d309-4d1d-a321-129a77bf1602@group-6D4C5FD51127, cid=3340, SUCCESS, logIndex=5144, commits[6571ba41-d309-4d1d-a321-129a77bf1602:c5144, 75e8c5ea-f06a-43e1-af6e-1f7f9b0b2cc1:c5142, 1d8d2908-dfb4-4358-9c6e-64b435d6fccc:c5142]
2019-07-03 07:08:51,454 INFO  client.GrpcClientProtocolClient (GrpcClientProtocolClient.java:onNext(254)) - client-253D2503C21A->6571ba41-d309-4d1d-a321-129a77bf1602: receive RaftClientReply:client-253D2503C21A->6571ba41-d309-4d1d-a321-129a77bf1602@group-6D4C5FD51127, cid=3341, SUCCESS, logIndex=0, commits[6571ba41-d309-4d1d-a321-129a77bf1602:c5145, 75e8c5ea-f06a-43e1-af6e-1f7f9b0b2cc1:c5144, 1d8d2908-dfb4-4358-9c6e-64b435d6fccc:c5144]
2019-07-03 07:08:51,489 INFO  client.GrpcClientProtocolClient (GrpcClientProtocolClient.java:onNext(254)) - client-253D2503C21A->6571ba41-d309-4d1d-a321-129a77bf1602: receive RaftClientReply:client-253D2503C21A->6571ba41-d309-4d1d-a321-129a77bf1602@group-6D4C5FD51127, cid=3342, SUCCESS, logIndex=5146, commits[6571ba41-d309-4d1d-a321-129a77bf1602:c5146, 75e8c5ea-f06a-43e1-af6e-1f7f9b0b2cc1:c5145, 1d8d2908-dfb4-4358-9c6e-64b435d6fccc:c5145]
2019-07-03 07:08:51,492 INFO  client.GrpcClientProtocolClient (GrpcClientProtocolClient.java:onNext(254)) - client-253D2503C21A->6571ba41-d309-4d1d-a321-129a77bf1602: receive RaftClientReply:client-253D2503C21A->6571ba41-d309-4d1d-a321-129a77bf1602@group-6D4C5FD51127, cid=3343, SUCCESS, logIndex=5148, commits[6571ba41-d309-4d1d-a321-129a77bf1602:c5148, 75e8c5ea-f06a-43e1-af6e-1f7f9b0b2cc1:c5146, 1d8d2908-dfb4-4358-9c6e-64b435d6fccc:c5146]
2019-07-03 07:08:51,496 INFO  client.GrpcClientProtocolClient (GrpcClientProtocolClient.java:onNext(254)) - client-253D2503C21A->6571ba41-d309-4d1d-a321-129a77bf1602: receive RaftClientReply:client-253D2503C21A->6571ba41-d309-4d1d-a321-129a77bf1602@group-6D4C5FD51127, cid=3344, SUCCESS, logIndex=5149, commits[6571ba41-d309-4d1d-a321-129a77bf1602:c5150, 75e8c5ea-f06a-43e1-af6e-1f7f9b0b2cc1:c5146, 1d8d2908-dfb4-4358-9c6e-64b435d6fccc:c5146]
2019-07-03 07:08:51,496 INFO  client.GrpcClientProtocolClient (GrpcClientProtocolClient.java:onNext(254)) - client-253D2503C21A->6571ba41-d309-4d1d-a321-129a77bf1602: receive RaftClientReply:client-253D2503C21A->6571ba41-d309-4d1d-a321-129a77bf1602@group-6D4C5FD51127, cid=3345, SUCCESS, logIndex=5150, commits[6571ba41-d309-4d1d-a321-129a77bf1602:c5150, 75e8c5ea-f06a-43e1-af6e-1f7f9b0b2cc1:c5146, 1d8d2908-dfb4-4358-9c6e-64b435d6fccc:c5146]
2019-07-03 07:08:51,517 INFO  client.GrpcClientProtocolClient (GrpcClientProtocolClient.java:onNext(254)) - client-253D2503C21A->6571ba41-d309-4d1d-a321-129a77bf1602: receive RaftClientReply:client-253D2503C21A->6571ba41-d309-4d1d-a321-129a77bf1602@group-6D4C5FD51127, cid=3346, SUCCESS, logIndex=0, commits[6571ba41-d309-4d1d-a321-129a77bf1602:c5152, 75e8c5ea-f06a-43e1-af6e-1f7f9b0b2cc1:c5148, 1d8d2908-dfb4-4358-9c6e-64b435d6fccc:c5150]
2019-07-03 07:08:51,539 INFO  client.GrpcClientProtocolClient (GrpcClientProtocolClient.java:onNext(254)) - client-253D2503C21A->6571ba41-d309-4d1d-a321-129a77bf1602: receive RaftClientReply:client-253D2503C21A->6571ba41-d309-4d1d-a321-129a77bf1602@group-6D4C5FD51127, cid=3347, SUCCESS, logIndex=5154, commits[6571ba41-d309-4d1d-a321-129a77bf1602:c5154, 75e8c5ea-f06a-43e1-af6e-1f7f9b0b2cc1:c5153, 1d8d2908-dfb4-4358-9c6e-64b435d6fccc:c5153]
2019-07-03 07:08:51,552 INFO  client.GrpcClientProtocolClient (GrpcClientProtocolClient.java:onNext(254)) - client-253D2503C21A->6571ba41-d309-4d1d-a321-129a77bf1602: receive RaftClientReply:client-253D2503C21A->6571ba41-d309-4d1d-a321-129a77bf1602@group-6D4C5FD51127, cid=3348, SUCCESS, logIndex=5156, commits[6571ba41-d309-4d1d-a321-129a77bf1602:c5156, 75e8c5ea-f06a-43e1-af6e-1f7f9b0b2cc1:c5154, 1d8d2908-dfb4-4358-9c6e-64b435d6fccc:c5154]
2019-07-03 07:08:51,566 INFO  client.GrpcClientProtocolClient (GrpcClientProtocolClient.java:onNext(254)) - client-253D2503C21A->6571ba41-d309-4d1d-a321-129a77bf1602: receive RaftClientReply:client-253D2503C21A->6571ba41-d309-4d1d-a321-129a77bf1602@group-6D4C5FD51127, cid=3349, SUCCESS, logIndex=5158, commits[6571ba41-d309-4d1d-a321-129a77bf1602:c5158, 75e8c5ea-f06a-43e1-af6e-1f7f9b0b2cc1:c5156, 1d8d2908-dfb4-4358-9c6e-64b435d6fccc:c5156]
2019-07-03 07:08:51,579 INFO  client.GrpcClientProtocolClient (GrpcClientProtocolClient.java:onNext(254)) - client-253D2503C21A->6571ba41-d309-4d1d-a321-129a77bf1602: receive RaftClientReply:client-253D2503C21A->6571ba41-d309-4d1d-a321-129a77bf1602@group-6D4C5FD51127, cid=3350, SUCCESS, logIndex=5160, commits[6571ba41-d309-4d1d-a321-129a77bf1602:c5160, 75e8c5ea-f06a-43e1-af6e-1f7f9b0b2cc1:c5158, 1d8d2908-dfb4-4358-9c6e-64b435d6fccc:c5158]
2019-07-03 07:08:51,590 INFO  client.GrpcClientProtocolClient (GrpcClientProtocolClient.java:onNext(254)) - client-253D2503C21A->6571ba41-d309-4d1d-a321-129a77bf1602: receive RaftClientReply:client-253D2503C21A->6571ba41-d309-4d1d-a321-129a77bf1602@group-6D4C5FD51127, cid=3351, SUCCESS, logIndex=0, commits[6571ba41-d309-4d1d-a321-129a77bf1602:c5160, 75e8c5ea-f06a-43e1-af6e-1f7f9b0b2cc1:c5160, 1d8d2908-dfb4-4358-9c6e-64b435d6fccc:c5160]
2019-07-03 07:08:51,625 INFO  client.GrpcClientProtocolClient (GrpcClientProtocolClient.java:onNext(254)) - client-253D2503C21A->6571ba41-d309-4d1d-a321-129a77bf1602: receive RaftClientReply:client-253D2503C21A->6571ba41-d309-4d1d-a321-129a77bf1602@group-6D4C5FD51127, cid=3352, SUCCESS, logIndex=5162, commits[6571ba41-d309-4d1d-a321-129a77bf1602:c5162, 75e8c5ea-f06a-43e1-af6e-1f7f9b0b2cc1:c5161, 1d8d2908-dfb4-4358-9c6e-64b435d6fccc:c5161]
2019-07-03 07:08:51,637 INFO  client.GrpcClientProtocolClient (GrpcClientProtocolClient.java:onNext(254)) - client-253D2503C21A->6571ba41-d309-4d1d-a321-129a77bf1602: receive RaftClientReply:client-253D2503C21A->6571ba41-d309-4d1d-a321-129a77bf1602@group-6D4C5FD51127, cid=3353, SUCCESS, logIndex=5164, commits[6571ba41-d309-4d1d-a321-129a77bf1602:c5165, 75e8c5ea-f06a-43e1-af6e-1f7f9b0b2cc1:c5162, 1d8d2908-dfb4-4358-9c6e-64b435d6fccc:c5162]
2019-07-03 07:08:51,638 INFO  client.GrpcClientProtocolClient (GrpcClientProtocolClient.java:onNext(254)) - client-253D2503C21A->6571ba41-d309-4d1d-a321-129a77bf1602: receive RaftClientReply:client-253D2503C21A->6571ba41-d309-4d1d-a321-129a77bf1602@group-6D4C5FD51127, cid=3354, SUCCESS, logIndex=5165, commits[6571ba41-d309-4d1d-a321-129a77bf1602:c5165, 75e8c5ea-f06a-43e1-af6e-1f7f9b0b2cc1:c5162, 1d8d2908-dfb4-4358-9c6e-64b435d6fccc:c5162]
2019-07-03 07:08:51,638 INFO  client.GrpcClientProtocolClient (GrpcClientProtocolClient.java:onNext(254)) - client-253D2503C21A->6571ba41-d309-4d1d-a321-129a77bf1602: receive RaftClientReply:client-253D2503C21A->6571ba41-d309-4d1d-a321-129a77bf1602@group-6D4C5FD51127, cid=3355, SUCCESS, logIndex=5166, commits[6571ba41-d309-4d1d-a321-129a77bf1602:c5166, 75e8c5ea-f06a-43e1-af6e-1f7f9b0b2cc1:c5162, 1d8d2908-dfb4-4358-9c6e-64b435d6fccc:c5163]
2019-07-03 07:08:51,639 INFO  client.GrpcClientProtocolClient (GrpcClientProtocolClient.java:onNext(254)) - client-253D2503C21A->6571ba41-d309-4d1d-a321-129a77bf1602: receive RaftClientReply:client-253D2503C21A->6571ba41-d309-4d1d-a321-129a77bf1602@group-6D4C5FD51127, cid=3356, SUCCESS, logIndex=0, commits[6571ba41-d309-4d1d-a321-129a77bf1602:c5167, 75e8c5ea-f06a-43e1-af6e-1f7f9b0b2cc1:c5164, 1d8d2908-dfb4-4358-9c6e-64b435d6fccc:c5165]
2019-07-03 07:08:51,657 INFO  client.GrpcClientProtocolClient (GrpcClientProtocolClient.java:onNext(254)) - client-253D2503C21A->6571ba41-d309-4d1d-a321-129a77bf1602: receive RaftClientReply:client-253D2503C21A->6571ba41-d309-4d1d-a321-129a77bf1602@group-6D4C5FD51127, cid=3357, SUCCESS, logIndex=5170, commits[6571ba41-d309-4d1d-a321-129a77bf1602:c5170, 75e8c5ea-f06a-43e1-af6e-1f7f9b0b2cc1:c5169, 1d8d2908-dfb4-4358-9c6e-64b435d6fccc:c5169]
2019-07-03 07:08:51,670 INFO  client.GrpcClientProtocolClient (GrpcClientProtocolClient.java:onNext(254)) - client-253D2503C21A->6571ba41-d309-4d1d-a321-129a77bf1602: receive RaftClientReply:client-253D2503C21A->6571ba41-d309-4d1d-a321-129a77bf1602@group-6D4C5FD51127, cid=3358, SUCCESS, logIndex=5172, commits[6571ba41-d309-4d1d-a321-129a77bf1602:c5172, 75e8c5ea-f06a-43e1-af6e-1f7f9b0b2cc1:c5170, 1d8d2908-dfb4-4358-9c6e-64b435d6fccc:c5170]
2019-07-03 07:08:51,683 INFO  client.GrpcClientProtocolClient (GrpcClientProtocolClient.java:onNext(254)) - client-253D2503C21A->6571ba41-d309-4d1d-a321-129a77bf1602: receive RaftClientReply:client-253D2503C21A->6571ba41-d309-4d1d-a321-129a77bf1602@group-6D4C5FD51127, cid=3359, SUCCESS, logIndex=5174, commits[6571ba41-d309-4d1d-a321-129a77bf1602:c5174, 75e8c5ea-f06a-43e1-af6e-1f7f9b0b2cc1:c5172, 1d8d2908-dfb4-4358-9c6e-64b435d6fccc:c5172]
2019-07-03 07:08:51,683 INFO  storage.RaftLogWorker (RaftLogWorker.java:rollLogSegment(303)) - 6571ba41-d309-4d1d-a321-129a77bf1602-RaftLogWorker: Rolling segment log-5096_5175 to index:5175
2019-07-03 07:08:51,685 INFO  storage.RaftLogWorker (RaftLogWorker.java:execute(433)) - 6571ba41-d309-4d1d-a321-129a77bf1602-RaftLogWorker: Rolled log segment from /opt/src/hadoop-ozone/tools/target/test-dir/MiniOzoneClusterImpl-0519545d-318d-4c21-a2a0-688f18f8a31d/datanode-4/data/ratis/23ffc2a4-5526-4092-9dc4-6d4c5fd51127/current/log_inprogress_5096 to /opt/src/hadoop-ozone/tools/target/test-dir/MiniOzoneClusterImpl-0519545d-318d-4c21-a2a0-688f18f8a31d/datanode-4/data/ratis/23ffc2a4-5526-4092-9dc4-6d4c5fd51127/current/log_5096-5175
2019-07-03 07:08:51,685 INFO  storage.RaftLogWorker (RaftLogWorker.java:rollLogSegment(303)) - 75e8c5ea-f06a-43e1-af6e-1f7f9b0b2cc1-RaftLogWorker: Rolling segment log-5096_5175 to index:5175
2019-07-03 07:08:51,685 INFO  storage.RaftLogWorker (RaftLogWorker.java:rollLogSegment(303)) - 1d8d2908-dfb4-4358-9c6e-64b435d6fccc-RaftLogWorker: Rolling segment log-5096_5175 to index:5175
2019-07-03 07:08:51,686 INFO  storage.RaftLogWorker (RaftLogWorker.java:execute(433)) - 75e8c5ea-f06a-43e1-af6e-1f7f9b0b2cc1-RaftLogWorker: Rolled log segment from /opt/src/hadoop-ozone/tools/target/test-dir/MiniOzoneClusterImpl-0519545d-318d-4c21-a2a0-688f18f8a31d/datanode-1/data/ratis/23ffc2a4-5526-4092-9dc4-6d4c5fd51127/current/log_inprogress_5096 to /opt/src/hadoop-ozone/tools/target/test-dir/MiniOzoneClusterImpl-0519545d-318d-4c21-a2a0-688f18f8a31d/datanode-1/data/ratis/23ffc2a4-5526-4092-9dc4-6d4c5fd51127/current/log_5096-5175
2019-07-03 07:08:51,686 INFO  storage.RaftLogWorker (RaftLogWorker.java:execute(433)) - 1d8d2908-dfb4-4358-9c6e-64b435d6fccc-RaftLogWorker: Rolled log segment from /opt/src/hadoop-ozone/tools/target/test-dir/MiniOzoneClusterImpl-0519545d-318d-4c21-a2a0-688f18f8a31d/datanode-2/data/ratis/23ffc2a4-5526-4092-9dc4-6d4c5fd51127/current/log_inprogress_5096 to /opt/src/hadoop-ozone/tools/target/test-dir/MiniOzoneClusterImpl-0519545d-318d-4c21-a2a0-688f18f8a31d/datanode-2/data/ratis/23ffc2a4-5526-4092-9dc4-6d4c5fd51127/current/log_5096-5175
2019-07-03 07:08:51,732 INFO  storage.RaftLogWorker (RaftLogWorker.java:execute(469)) - 6571ba41-d309-4d1d-a321-129a77bf1602-RaftLogWorker: created new log segment /opt/src/hadoop-ozone/tools/target/test-dir/MiniOzoneClusterImpl-0519545d-318d-4c21-a2a0-688f18f8a31d/datanode-4/data/ratis/23ffc2a4-5526-4092-9dc4-6d4c5fd51127/current/log_inprogress_5176
2019-07-03 07:08:51,732 INFO  storage.RaftLogWorker (RaftLogWorker.java:execute(469)) - 75e8c5ea-f06a-43e1-af6e-1f7f9b0b2cc1-RaftLogWorker: created new log segment /opt/src/hadoop-ozone/tools/target/test-dir/MiniOzoneClusterImpl-0519545d-318d-4c21-a2a0-688f18f8a31d/datanode-1/data/ratis/23ffc2a4-5526-4092-9dc4-6d4c5fd51127/current/log_inprogress_5176
2019-07-03 07:08:51,732 INFO  storage.RaftLogWorker (RaftLogWorker.java:execute(469)) - 1d8d2908-dfb4-4358-9c6e-64b435d6fccc-RaftLogWorker: created new log segment /opt/src/hadoop-ozone/tools/target/test-dir/MiniOzoneClusterImpl-0519545d-318d-4c21-a2a0-688f18f8a31d/datanode-2/data/ratis/23ffc2a4-5526-4092-9dc4-6d4c5fd51127/current/log_inprogress_5176
2019-07-03 07:08:51,745 INFO  client.GrpcClientProtocolClient (GrpcClientProtocolClient.java:onNext(254)) - client-253D2503C21A->6571ba41-d309-4d1d-a321-129a77bf1602: receive RaftClientReply:client-253D2503C21A->6571ba41-d309-4d1d-a321-129a77bf1602@group-6D4C5FD51127, cid=3360, SUCCESS, logIndex=5176, commits[6571ba41-d309-4d1d-a321-129a77bf1602:c5176, 75e8c5ea-f06a-43e1-af6e-1f7f9b0b2cc1:c5175, 1d8d2908-dfb4-4358-9c6e-64b435d6fccc:c5175]
2019-07-03 07:08:51,768 INFO  client.GrpcClientProtocolClient (GrpcClientProtocolClient.java:onNext(254)) - client-253D2503C21A->6571ba41-d309-4d1d-a321-129a77bf1602: receive RaftClientReply:client-253D2503C21A->6571ba41-d309-4d1d-a321-129a77bf1602@group-6D4C5FD51127, cid=3361, SUCCESS, logIndex=0, commits[6571ba41-d309-4d1d-a321-129a77bf1602:c5177, 75e8c5ea-f06a-43e1-af6e-1f7f9b0b2cc1:c5176, 1d8d2908-dfb4-4358-9c6e-64b435d6fccc:c5176]
2019-07-03 07:08:51,800 INFO  client.GrpcClientProtocolClient (GrpcClientProtocolClient.java:onNext(254)) - client-253D2503C21A->6571ba41-d309-4d1d-a321-129a77bf1602: receive RaftClientReply:client-253D2503C21A->6571ba41-d309-4d1d-a321-129a77bf1602@group-6D4C5FD51127, cid=3362, SUCCESS, logIndex=5178, commits[6571ba41-d309-4d1d-a321-129a77bf1602:c5178, 75e8c5ea-f06a-43e1-af6e-1f7f9b0b2cc1:c5177, 1d8d2908-dfb4-4358-9c6e-64b435d6fccc:c5177]
2019-07-03 07:08:51,813 INFO  client.GrpcClientProtocolClient (GrpcClientProtocolClient.java:onNext(254)) - client-253D2503C21A->6571ba41-d309-4d1d-a321-129a77bf1602: receive RaftClientReply:client-253D2503C21A->6571ba41-d309-4d1d-a321-129a77bf1602@group-6D4C5FD51127, cid=3363, SUCCESS, logIndex=5180, commits[6571ba41-d309-4d1d-a321-129a77bf1602:c5181, 75e8c5ea-f06a-43e1-af6e-1f7f9b0b2cc1:c5178, 1d8d2908-dfb4-4358-9c6e-64b435d6fccc:c5178]
2019-07-03 07:08:51,813 INFO  client.GrpcClientProtocolClient (GrpcClientProtocolClient.java:onNext(254)) - client-253D2503C21A->6571ba41-d309-4d1d-a321-129a77bf1602: receive RaftClientReply:client-253D2503C21A->6571ba41-d309-4d1d-a321-129a77bf1602@group-6D4C5FD51127, cid=3364, SUCCESS, logIndex=5181, commits[6571ba41-d309-4d1d-a321-129a77bf1602:c5181, 75e8c5ea-f06a-43e1-af6e-1f7f9b0b2cc1:c5178, 1d8d2908-dfb4-4358-9c6e-64b435d6fccc:c5178]
2019-07-03 07:08:51,813 INFO  client.GrpcClientProtocolClient (GrpcClientProtocolClient.java:onNext(254)) - client-253D2503C21A->6571ba41-d309-4d1d-a321-129a77bf1602: receive RaftClientReply:client-253D2503C21A->6571ba41-d309-4d1d-a321-129a77bf1602@group-6D4C5FD51127, cid=3365, SUCCESS, logIndex=5182, commits[6571ba41-d309-4d1d-a321-129a77bf1602:c5182, 75e8c5ea-f06a-43e1-af6e-1f7f9b0b2cc1:c5178, 1d8d2908-dfb4-4358-9c6e-64b435d6fccc:c5178]
2019-07-03 07:08:51,815 INFO  client.GrpcClientProtocolClient (GrpcClientProtocolClient.java:onNext(254)) - client-253D2503C21A->6571ba41-d309-4d1d-a321-129a77bf1602: receive RaftClientReply:client-253D2503C21A->6571ba41-d309-4d1d-a321-129a77bf1602@group-6D4C5FD51127, cid=3366, SUCCESS, logIndex=0, commits[6571ba41-d309-4d1d-a321-129a77bf1602:c5183, 75e8c5ea-f06a-43e1-af6e-1f7f9b0b2cc1:c5181, 1d8d2908-dfb4-4358-9c6e-64b435d6fccc:c5181]
2019-07-03 07:08:51,835 INFO  client.GrpcClientProtocolClient (GrpcClientProtocolClient.java:onNext(254)) - client-253D2503C21A->6571ba41-d309-4d1d-a321-129a77bf1602: receive RaftClientReply:client-253D2503C21A->6571ba41-d309-4d1d-a321-129a77bf1602@group-6D4C5FD51127, cid=3367, SUCCESS, logIndex=5186, commits[6571ba41-d309-4d1d-a321-129a77bf1602:c5186, 75e8c5ea-f06a-43e1-af6e-1f7f9b0b2cc1:c5185, 1d8d2908-dfb4-4358-9c6e-64b435d6fccc:c5185]
2019-07-03 07:08:51,848 INFO  client.GrpcClientProtocolClient (GrpcClientProtocolClient.java:onNext(254)) - client-253D2503C21A->6571ba41-d309-4d1d-a321-129a77bf1602: receive RaftClientReply:client-253D2503C21A->6571ba41-d309-4d1d-a321-129a77bf1602@group-6D4C5FD51127, cid=3368, SUCCESS, logIndex=5188, commits[6571ba41-d309-4d1d-a321-129a77bf1602:c5188, 75e8c5ea-f06a-43e1-af6e-1f7f9b0b2cc1:c5186, 1d8d2908-dfb4-4358-9c6e-64b435d6fccc:c5186]
2019-07-03 07:08:51,873 INFO  client.GrpcClientProtocolClient (GrpcClientProtocolClient.java:onNext(254)) - client-253D2503C21A->6571ba41-d309-4d1d-a321-129a77bf1602: receive RaftClientReply:client-253D2503C21A->6571ba41-d309-4d1d-a321-129a77bf1602@group-6D4C5FD51127, cid=3369, SUCCESS, logIndex=5190, commits[6571ba41-d309-4d1d-a321-129a77bf1602:c5190, 75e8c5ea-f06a-43e1-af6e-1f7f9b0b2cc1:c5188, 1d8d2908-dfb4-4358-9c6e-64b435d6fccc:c5188]
2019-07-03 07:08:51,876 INFO  client.GrpcClientProtocolClient (GrpcClientProtocolClient.java:onNext(254)) - client-253D2503C21A->6571ba41-d309-4d1d-a321-129a77bf1602: receive RaftClientReply:client-253D2503C21A->6571ba41-d309-4d1d-a321-129a77bf1602@group-6D4C5FD51127, cid=3370, SUCCESS, logIndex=5192, commits[6571ba41-d309-4d1d-a321-129a77bf1602:c5192, 75e8c5ea-f06a-43e1-af6e-1f7f9b0b2cc1:c5190, 1d8d2908-dfb4-4358-9c6e-64b435d6fccc:c5190]
 0.00% |█                                                                                                    |  0/1 Time: 0:00:592019-07-03 07:08:51,888 INFO  client.GrpcClientProtocolClient (GrpcClientProtocolClient.java:onNext(254)) - client-253D2503C21A->6571ba41-d309-4d1d-a321-129a77bf1602: receive RaftClientReply:client-253D2503C21A->6571ba41-d309-4d1d-a321-129a77bf1602@group-6D4C5FD51127, cid=3371, SUCCESS, logIndex=0, commits[6571ba41-d309-4d1d-a321-129a77bf1602:c5193, 75e8c5ea-f06a-43e1-af6e-1f7f9b0b2cc1:c5192, 1d8d2908-dfb4-4358-9c6e-64b435d6fccc:c5192]
2019-07-03 07:08:51,923 INFO  client.GrpcClientProtocolClient (GrpcClientProtocolClient.java:onNext(254)) - client-253D2503C21A->6571ba41-d309-4d1d-a321-129a77bf1602: receive RaftClientReply:client-253D2503C21A->6571ba41-d309-4d1d-a321-129a77bf1602@group-6D4C5FD51127, cid=3372, SUCCESS, logIndex=5194, commits[6571ba41-d309-4d1d-a321-129a77bf1602:c5194, 75e8c5ea-f06a-43e1-af6e-1f7f9b0b2cc1:c5193, 1d8d2908-dfb4-4358-9c6e-64b435d6fccc:c5193]
2019-07-03 07:08:51,935 INFO  client.GrpcClientProtocolClient (GrpcClientProtocolClient.java:onNext(254)) - client-253D2503C21A->6571ba41-d309-4d1d-a321-129a77bf1602: receive RaftClientReply:client-253D2503C21A->6571ba41-d309-4d1d-a321-129a77bf1602@group-6D4C5FD51127, cid=3373, SUCCESS, logIndex=5196, commits[6571ba41-d309-4d1d-a321-129a77bf1602:c5197, 75e8c5ea-f06a-43e1-af6e-1f7f9b0b2cc1:c5194, 1d8d2908-dfb4-4358-9c6e-64b435d6fccc:c5194]
2019-07-03 07:08:51,936 INFO  client.GrpcClientProtocolClient (GrpcClientProtocolClient.java:onNext(254)) - client-253D2503C21A->6571ba41-d309-4d1d-a321-129a77bf1602: receive RaftClientReply:client-253D2503C21A->6571ba41-d309-4d1d-a321-129a77bf1602@group-6D4C5FD51127, cid=3374, SUCCESS, logIndex=5197, commits[6571ba41-d309-4d1d-a321-129a77bf1602:c5197, 75e8c5ea-f06a-43e1-af6e-1f7f9b0b2cc1:c5194, 1d8d2908-dfb4-4358-9c6e-64b435d6fccc:c5194]
2019-07-03 07:08:51,937 INFO  client.GrpcClientProtocolClient (GrpcClientProtocolClient.java:onNext(254)) - client-253D2503C21A->6571ba41-d309-4d1d-a321-129a77bf1602: receive RaftClientReply:client-253D2503C21A->6571ba41-d309-4d1d-a321-129a77bf1602@group-6D4C5FD51127, cid=3375, SUCCESS, logIndex=5198, commits[6571ba41-d309-4d1d-a321-129a77bf1602:c5198, 75e8c5ea-f06a-43e1-af6e-1f7f9b0b2cc1:c5194, 1d8d2908-dfb4-4358-9c6e-64b435d6fccc:c5194]
2019-07-03 07:08:51,938 INFO  client.GrpcClientProtocolClient (GrpcClientProtocolClient.java:onNext(254)) - client-253D2503C21A->6571ba41-d309-4d1d-a321-129a77bf1602: receive RaftClientReply:client-253D2503C21A->6571ba41-d309-4d1d-a321-129a77bf1602@group-6D4C5FD51127, cid=3376, SUCCESS, logIndex=0, commits[6571ba41-d309-4d1d-a321-129a77bf1602:c5200, 75e8c5ea-f06a-43e1-af6e-1f7f9b0b2cc1:c5197, 1d8d2908-dfb4-4358-9c6e-64b435d6fccc:c5197]
2019-07-03 07:08:51,960 INFO  client.GrpcClientProtocolClient (GrpcClientProtocolClient.java:onNext(254)) - client-253D2503C21A->6571ba41-d309-4d1d-a321-129a77bf1602: receive RaftClientReply:client-253D2503C21A->6571ba41-d309-4d1d-a321-129a77bf1602@group-6D4C5FD51127, cid=3377, SUCCESS, logIndex=5202, commits[6571ba41-d309-4d1d-a321-129a77bf1602:c5202, 75e8c5ea-f06a-43e1-af6e-1f7f9b0b2cc1:c5201, 1d8d2908-dfb4-4358-9c6e-64b435d6fccc:c5201]
2019-07-03 07:08:51,973 INFO  client.GrpcClientProtocolClient (GrpcClientProtocolClient.java:onNext(254)) - client-253D2503C21A->6571ba41-d309-4d1d-a321-129a77bf1602: receive RaftClientReply:client-253D2503C21A->6571ba41-d309-4d1d-a321-129a77bf1602@group-6D4C5FD51127, cid=3378, SUCCESS, logIndex=5204, commits[6571ba41-d309-4d1d-a321-129a77bf1602:c5204, 75e8c5ea-f06a-43e1-af6e-1f7f9b0b2cc1:c5202, 1d8d2908-dfb4-4358-9c6e-64b435d6fccc:c5202]
2019-07-03 07:08:51,986 INFO  client.GrpcClientProtocolClient (GrpcClientProtocolClient.java:onNext(254)) - client-253D2503C21A->6571ba41-d309-4d1d-a321-129a77bf1602: receive RaftClientReply:client-253D2503C21A->6571ba41-d309-4d1d-a321-129a77bf1602@group-6D4C5FD51127, cid=3379, SUCCESS, logIndex=5206, commits[6571ba41-d309-4d1d-a321-129a77bf1602:c5206, 75e8c5ea-f06a-43e1-af6e-1f7f9b0b2cc1:c5204, 1d8d2908-dfb4-4358-9c6e-64b435d6fccc:c5204]
2019-07-03 07:08:51,989 INFO  client.GrpcClientProtocolClient (GrpcClientProtocolClient.java:onNext(254)) - client-253D2503C21A->6571ba41-d309-4d1d-a321-129a77bf1602: receive RaftClientReply:client-253D2503C21A->6571ba41-d309-4d1d-a321-129a77bf1602@group-6D4C5FD51127, cid=3380, SUCCESS, logIndex=5208, commits[6571ba41-d309-4d1d-a321-129a77bf1602:c5208, 75e8c5ea-f06a-43e1-af6e-1f7f9b0b2cc1:c5206, 1d8d2908-dfb4-4358-9c6e-64b435d6fccc:c5206]
2019-07-03 07:08:51,991 INFO  client.GrpcClientProtocolClient (GrpcClientProtocolClient.java:onNext(254)) - client-253D2503C21A->6571ba41-d309-4d1d-a321-129a77bf1602: receive RaftClientReply:client-253D2503C21A->6571ba41-d309-4d1d-a321-129a77bf1602@group-6D4C5FD51127, cid=3381, SUCCESS, logIndex=0, commits[6571ba41-d309-4d1d-a321-129a77bf1602:c5209, 75e8c5ea-f06a-43e1-af6e-1f7f9b0b2cc1:c5208, 1d8d2908-dfb4-4358-9c6e-64b435d6fccc:c5208]
2019-07-03 07:08:52,018 INFO  client.GrpcClientProtocolClient (GrpcClientProtocolClient.java:onNext(254)) - client-253D2503C21A->6571ba41-d309-4d1d-a321-129a77bf1602: receive RaftClientReply:client-253D2503C21A->6571ba41-d309-4d1d-a321-129a77bf1602@group-6D4C5FD51127, cid=3382, SUCCESS, logIndex=5210, commits[6571ba41-d309-4d1d-a321-129a77bf1602:c5210, 75e8c5ea-f06a-43e1-af6e-1f7f9b0b2cc1:c5209, 1d8d2908-dfb4-4358-9c6e-64b435d6fccc:c5209]
2019-07-03 07:08:52,031 INFO  client.GrpcClientProtocolClient (GrpcClientProtocolClient.java:onNext(254)) - client-253D2503C21A->6571ba41-d309-4d1d-a321-129a77bf1602: receive RaftClientReply:client-253D2503C21A->6571ba41-d309-4d1d-a321-129a77bf1602@group-6D4C5FD51127, cid=3383, SUCCESS, logIndex=5212, commits[6571ba41-d309-4d1d-a321-129a77bf1602:c5213, 75e8c5ea-f06a-43e1-af6e-1f7f9b0b2cc1:c5210, 1d8d2908-dfb4-4358-9c6e-64b435d6fccc:c5210]
2019-07-03 07:08:52,031 INFO  client.GrpcClientProtocolClient (GrpcClientProtocolClient.java:onNext(254)) - client-253D2503C21A->6571ba41-d309-4d1d-a321-129a77bf1602: receive RaftClientReply:client-253D2503C21A->6571ba41-d309-4d1d-a321-129a77bf1602@group-6D4C5FD51127, cid=3384, SUCCESS, logIndex=5213, commits[6571ba41-d309-4d1d-a321-129a77bf1602:c5213, 75e8c5ea-f06a-43e1-af6e-1f7f9b0b2cc1:c5210, 1d8d2908-dfb4-4358-9c6e-64b435d6fccc:c5210]
2019-07-03 07:08:52,032 INFO  client.GrpcClientProtocolClient (GrpcClientProtocolClient.java:onNext(254)) - client-253D2503C21A->6571ba41-d309-4d1d-a321-129a77bf1602: receive RaftClientReply:client-253D2503C21A->6571ba41-d309-4d1d-a321-129a77bf1602@group-6D4C5FD51127, cid=3385, SUCCESS, logIndex=5214, commits[6571ba41-d309-4d1d-a321-129a77bf1602:c5215, 75e8c5ea-f06a-43e1-af6e-1f7f9b0b2cc1:c5212, 1d8d2908-dfb4-4358-9c6e-64b435d6fccc:c5210]
2019-07-03 07:08:52,033 INFO  client.GrpcClientProtocolClient (GrpcClientProtocolClient.java:onNext(254)) - client-253D2503C21A->6571ba41-d309-4d1d-a321-129a77bf1602: receive RaftClientReply:client-253D2503C21A->6571ba41-d309-4d1d-a321-129a77bf1602@group-6D4C5FD51127, cid=3386, SUCCESS, logIndex=0, commits[6571ba41-d309-4d1d-a321-129a77bf1602:c5216, 75e8c5ea-f06a-43e1-af6e-1f7f9b0b2cc1:c5213, 1d8d2908-dfb4-4358-9c6e-64b435d6fccc:c5212]
2019-07-03 07:08:52,054 INFO  client.GrpcClientProtocolClient (GrpcClientProtocolClient.java:onNext(254)) - client-253D2503C21A->6571ba41-d309-4d1d-a321-129a77bf1602: receive RaftClientReply:client-253D2503C21A->6571ba41-d309-4d1d-a321-129a77bf1602@group-6D4C5FD51127, cid=3387, SUCCESS, logIndex=5218, commits[6571ba41-d309-4d1d-a321-129a77bf1602:c5218, 75e8c5ea-f06a-43e1-af6e-1f7f9b0b2cc1:c5217, 1d8d2908-dfb4-4358-9c6e-64b435d6fccc:c5217]
2019-07-03 07:08:52,067 INFO  client.GrpcClientProtocolClient (GrpcClientProtocolClient.java:onNext(254)) - client-253D2503C21A->6571ba41-d309-4d1d-a321-129a77bf1602: receive RaftClientReply:client-253D2503C21A->6571ba41-d309-4d1d-a321-129a77bf1602@group-6D4C5FD51127, cid=3388, SUCCESS, logIndex=5220, commits[6571ba41-d309-4d1d-a321-129a77bf1602:c5220, 75e8c5ea-f06a-43e1-af6e-1f7f9b0b2cc1:c5218, 1d8d2908-dfb4-4358-9c6e-64b435d6fccc:c5218]
2019-07-03 07:08:52,080 INFO  client.GrpcClientProtocolClient (GrpcClientProtocolClient.java:onNext(254)) - client-253D2503C21A->6571ba41-d309-4d1d-a321-129a77bf1602: receive RaftClientReply:client-253D2503C21A->6571ba41-d309-4d1d-a321-129a77bf1602@group-6D4C5FD51127, cid=3389, SUCCESS, logIndex=5222, commits[6571ba41-d309-4d1d-a321-129a77bf1602:c5222, 75e8c5ea-f06a-43e1-af6e-1f7f9b0b2cc1:c5220, 1d8d2908-dfb4-4358-9c6e-64b435d6fccc:c5220]
2019-07-03 07:08:52,094 INFO  client.GrpcClientProtocolClient (GrpcClientProtocolClient.java:onNext(254)) - client-253D2503C21A->6571ba41-d309-4d1d-a321-129a77bf1602: receive RaftClientReply:client-253D2503C21A->6571ba41-d309-4d1d-a321-129a77bf1602@group-6D4C5FD51127, cid=3390, SUCCESS, logIndex=5224, commits[6571ba41-d309-4d1d-a321-129a77bf1602:c5224, 75e8c5ea-f06a-43e1-af6e-1f7f9b0b2cc1:c5222, 1d8d2908-dfb4-4358-9c6e-64b435d6fccc:c5222]
2019-07-03 07:08:52,105 INFO  client.GrpcClientProtocolClient (GrpcClientProtocolClient.java:onNext(254)) - client-253D2503C21A->6571ba41-d309-4d1d-a321-129a77bf1602: receive RaftClientReply:client-253D2503C21A->6571ba41-d309-4d1d-a321-129a77bf1602@group-6D4C5FD51127, cid=3391, SUCCESS, logIndex=0, commits[6571ba41-d309-4d1d-a321-129a77bf1602:c5225, 75e8c5ea-f06a-43e1-af6e-1f7f9b0b2cc1:c5224, 1d8d2908-dfb4-4358-9c6e-64b435d6fccc:c5224]
2019-07-03 07:08:52,140 INFO  client.GrpcClientProtocolClient (GrpcClientProtocolClient.java:onNext(254)) - client-253D2503C21A->6571ba41-d309-4d1d-a321-129a77bf1602: receive RaftClientReply:client-253D2503C21A->6571ba41-d309-4d1d-a321-129a77bf1602@group-6D4C5FD51127, cid=3392, SUCCESS, logIndex=5226, commits[6571ba41-d309-4d1d-a321-129a77bf1602:c5226, 75e8c5ea-f06a-43e1-af6e-1f7f9b0b2cc1:c5225, 1d8d2908-dfb4-4358-9c6e-64b435d6fccc:c5225]
2019-07-03 07:08:52,152 INFO  client.GrpcClientProtocolClient (GrpcClientProtocolClient.java:onNext(254)) - client-253D2503C21A->6571ba41-d309-4d1d-a321-129a77bf1602: receive RaftClientReply:client-253D2503C21A->6571ba41-d309-4d1d-a321-129a77bf1602@group-6D4C5FD51127, cid=3393, SUCCESS, logIndex=5228, commits[6571ba41-d309-4d1d-a321-129a77bf1602:c5228, 75e8c5ea-f06a-43e1-af6e-1f7f9b0b2cc1:c5226, 1d8d2908-dfb4-4358-9c6e-64b435d6fccc:c5226]
2019-07-03 07:08:52,152 INFO  client.GrpcClientProtocolClient (GrpcClientProtocolClient.java:onNext(254)) - client-253D2503C21A->6571ba41-d309-4d1d-a321-129a77bf1602: receive RaftClientReply:client-253D2503C21A->6571ba41-d309-4d1d-a321-129a77bf1602@group-6D4C5FD51127, cid=3394, SUCCESS, logIndex=5229, commits[6571ba41-d309-4d1d-a321-129a77bf1602:c5229, 75e8c5ea-f06a-43e1-af6e-1f7f9b0b2cc1:c5226, 1d8d2908-dfb4-4358-9c6e-64b435d6fccc:c5226]
2019-07-03 07:08:52,153 INFO  client.GrpcClientProtocolClient (GrpcClientProtocolClient.java:onNext(254)) - client-253D2503C21A->6571ba41-d309-4d1d-a321-129a77bf1602: receive RaftClientReply:client-253D2503C21A->6571ba41-d309-4d1d-a321-129a77bf1602@group-6D4C5FD51127, cid=3395, SUCCESS, logIndex=5230, commits[6571ba41-d309-4d1d-a321-129a77bf1602:c5230, 75e8c5ea-f06a-43e1-af6e-1f7f9b0b2cc1:c5226, 1d8d2908-dfb4-4358-9c6e-64b435d6fccc:c5226]
2019-07-03 07:08:52,154 INFO  client.GrpcClientProtocolClient (GrpcClientProtocolClient.java:onNext(254)) - client-253D2503C21A->6571ba41-d309-4d1d-a321-129a77bf1602: receive RaftClientReply:client-253D2503C21A->6571ba41-d309-4d1d-a321-129a77bf1602@group-6D4C5FD51127, cid=3396, SUCCESS, logIndex=0, commits[6571ba41-d309-4d1d-a321-129a77bf1602:c5231, 75e8c5ea-f06a-43e1-af6e-1f7f9b0b2cc1:c5228, 1d8d2908-dfb4-4358-9c6e-64b435d6fccc:c5229]
2019-07-03 07:08:52,174 INFO  client.GrpcClientProtocolClient (GrpcClientProtocolClient.java:onNext(254)) - client-253D2503C21A->6571ba41-d309-4d1d-a321-129a77bf1602: receive RaftClientReply:client-253D2503C21A->6571ba41-d309-4d1d-a321-129a77bf1602@group-6D4C5FD51127, cid=3397, SUCCESS, logIndex=5234, commits[6571ba41-d309-4d1d-a321-129a77bf1602:c5234, 75e8c5ea-f06a-43e1-af6e-1f7f9b0b2cc1:c5233, 1d8d2908-dfb4-4358-9c6e-64b435d6fccc:c5233]
2019-07-03 07:08:52,187 INFO  client.GrpcClientProtocolClient (GrpcClientProtocolClient.java:onNext(254)) - client-253D2503C21A->6571ba41-d309-4d1d-a321-129a77bf1602: receive RaftClientReply:client-253D2503C21A->6571ba41-d309-4d1d-a321-129a77bf1602@group-6D4C5FD51127, cid=3398, SUCCESS, logIndex=5236, commits[6571ba41-d309-4d1d-a321-129a77bf1602:c5236, 75e8c5ea-f06a-43e1-af6e-1f7f9b0b2cc1:c5234, 1d8d2908-dfb4-4358-9c6e-64b435d6fccc:c5234]
2019-07-03 07:08:52,201 INFO  client.GrpcClientProtocolClient (GrpcClientProtocolClient.java:onNext(254)) - client-253D2503C21A->6571ba41-d309-4d1d-a321-129a77bf1602: receive RaftClientReply:client-253D2503C21A->6571ba41-d309-4d1d-a321-129a77bf1602@group-6D4C5FD51127, cid=3399, SUCCESS, logIndex=5238, commits[6571ba41-d309-4d1d-a321-129a77bf1602:c5238, 75e8c5ea-f06a-43e1-af6e-1f7f9b0b2cc1:c5236, 1d8d2908-dfb4-4358-9c6e-64b435d6fccc:c5236]
2019-07-03 07:08:52,214 INFO  client.GrpcClientProtocolClient (GrpcClientProtocolClient.java:onNext(254)) - client-253D2503C21A->6571ba41-d309-4d1d-a321-129a77bf1602: receive RaftClientReply:client-253D2503C21A->6571ba41-d309-4d1d-a321-129a77bf1602@group-6D4C5FD51127, cid=3400, SUCCESS, logIndex=5240, commits[6571ba41-d309-4d1d-a321-129a77bf1602:c5240, 75e8c5ea-f06a-43e1-af6e-1f7f9b0b2cc1:c5238, 1d8d2908-dfb4-4358-9c6e-64b435d6fccc:c5238]
2019-07-03 07:08:52,216 INFO  client.GrpcClientProtocolClient (GrpcClientProtocolClient.java:onNext(254)) - client-253D2503C21A->6571ba41-d309-4d1d-a321-129a77bf1602: receive RaftClientReply:client-253D2503C21A->6571ba41-d309-4d1d-a321-129a77bf1602@group-6D4C5FD51127, cid=3401, SUCCESS, logIndex=0, commits[6571ba41-d309-4d1d-a321-129a77bf1602:c5241, 75e8c5ea-f06a-43e1-af6e-1f7f9b0b2cc1:c5240, 1d8d2908-dfb4-4358-9c6e-64b435d6fccc:c5240]
2019-07-03 07:08:52,242 INFO  client.GrpcClientProtocolClient (GrpcClientProtocolClient.java:onNext(254)) - client-253D2503C21A->6571ba41-d309-4d1d-a321-129a77bf1602: receive RaftClientReply:client-253D2503C21A->6571ba41-d309-4d1d-a321-129a77bf1602@group-6D4C5FD51127, cid=3402, SUCCESS, logIndex=5242, commits[6571ba41-d309-4d1d-a321-129a77bf1602:c5242, 75e8c5ea-f06a-43e1-af6e-1f7f9b0b2cc1:c5241, 1d8d2908-dfb4-4358-9c6e-64b435d6fccc:c5241]
2019-07-03 07:08:52,245 INFO  client.GrpcClientProtocolClient (GrpcClientProtocolClient.java:onNext(254)) - client-253D2503C21A->6571ba41-d309-4d1d-a321-129a77bf1602: receive RaftClientReply:client-253D2503C21A->6571ba41-d309-4d1d-a321-129a77bf1602@group-6D4C5FD51127, cid=3403, SUCCESS, logIndex=5244, commits[6571ba41-d309-4d1d-a321-129a77bf1602:c5244, 75e8c5ea-f06a-43e1-af6e-1f7f9b0b2cc1:c5242, 1d8d2908-dfb4-4358-9c6e-64b435d6fccc:c5242]
2019-07-03 07:08:52,248 INFO  client.GrpcClientProtocolClient (GrpcClientProtocolClient.java:onNext(254)) - client-253D2503C21A->6571ba41-d309-4d1d-a321-129a77bf1602: receive RaftClientReply:client-253D2503C21A->6571ba41-d309-4d1d-a321-129a77bf1602@group-6D4C5FD51127, cid=3404, SUCCESS, logIndex=5245, commits[6571ba41-d309-4d1d-a321-129a77bf1602:c5246, 75e8c5ea-f06a-43e1-af6e-1f7f9b0b2cc1:c5242, 1d8d2908-dfb4-4358-9c6e-64b435d6fccc:c5242]
2019-07-03 07:08:52,249 INFO  client.GrpcClientProtocolClient (GrpcClientProtocolClient.java:onNext(254)) - client-253D2503C21A->6571ba41-d309-4d1d-a321-129a77bf1602: receive RaftClientReply:client-253D2503C21A->6571ba41-d309-4d1d-a321-129a77bf1602@group-6D4C5FD51127, cid=3405, SUCCESS, logIndex=5246, commits[6571ba41-d309-4d1d-a321-129a77bf1602:c5246, 75e8c5ea-f06a-43e1-af6e-1f7f9b0b2cc1:c5242, 1d8d2908-dfb4-4358-9c6e-64b435d6fccc:c5242]
2019-07-03 07:08:52,267 INFO  client.GrpcClientProtocolClient (GrpcClientProtocolClient.java:onNext(254)) - client-253D2503C21A->6571ba41-d309-4d1d-a321-129a77bf1602: receive RaftClientReply:client-253D2503C21A->6571ba41-d309-4d1d-a321-129a77bf1602@group-6D4C5FD51127, cid=3406, SUCCESS, logIndex=0, commits[6571ba41-d309-4d1d-a321-129a77bf1602:c5248, 75e8c5ea-f06a-43e1-af6e-1f7f9b0b2cc1:c5244, 1d8d2908-dfb4-4358-9c6e-64b435d6fccc:c5245]
2019-07-03 07:08:52,281 INFO  client.GrpcClientProtocolClient (GrpcClientProtocolClient.java:onNext(254)) - client-253D2503C21A->6571ba41-d309-4d1d-a321-129a77bf1602: receive RaftClientReply:client-253D2503C21A->6571ba41-d309-4d1d-a321-129a77bf1602@group-6D4C5FD51127, cid=3407, SUCCESS, logIndex=5250, commits[6571ba41-d309-4d1d-a321-129a77bf1602:c5250, 75e8c5ea-f06a-43e1-af6e-1f7f9b0b2cc1:c5249, 1d8d2908-dfb4-4358-9c6e-64b435d6fccc:c5246]
2019-07-03 07:08:52,284 INFO  client.GrpcClientProtocolClient (GrpcClientProtocolClient.java:onNext(254)) - client-253D2503C21A->6571ba41-d309-4d1d-a321-129a77bf1602: receive RaftClientReply:client-253D2503C21A->6571ba41-d309-4d1d-a321-129a77bf1602@group-6D4C5FD51127, cid=3408, SUCCESS, logIndex=5252, commits[6571ba41-d309-4d1d-a321-129a77bf1602:c5252, 75e8c5ea-f06a-43e1-af6e-1f7f9b0b2cc1:c5250, 1d8d2908-dfb4-4358-9c6e-64b435d6fccc:c5250]
2019-07-03 07:08:52,297 INFO  storage.RaftLogWorker (RaftLogWorker.java:rollLogSegment(303)) - 6571ba41-d309-4d1d-a321-129a77bf1602-RaftLogWorker: Rolling segment log-5176_5255 to index:5255
2019-07-03 07:08:52,297 INFO  client.GrpcClientProtocolClient (GrpcClientProtocolClient.java:onNext(254)) - client-253D2503C21A->6571ba41-d309-4d1d-a321-129a77bf1602: receive RaftClientReply:client-253D2503C21A->6571ba41-d309-4d1d-a321-129a77bf1602@group-6D4C5FD51127, cid=3409, SUCCESS, logIndex=5254, commits[6571ba41-d309-4d1d-a321-129a77bf1602:c5254, 75e8c5ea-f06a-43e1-af6e-1f7f9b0b2cc1:c5252, 1d8d2908-dfb4-4358-9c6e-64b435d6fccc:c5252]
2019-07-03 07:08:52,298 INFO  storage.RaftLogWorker (RaftLogWorker.java:rollLogSegment(303)) - 1d8d2908-dfb4-4358-9c6e-64b435d6fccc-RaftLogWorker: Rolling segment log-5176_5255 to index:5255
2019-07-03 07:08:52,298 INFO  storage.RaftLogWorker (RaftLogWorker.java:rollLogSegment(303)) - 75e8c5ea-f06a-43e1-af6e-1f7f9b0b2cc1-RaftLogWorker: Rolling segment log-5176_5255 to index:5255
2019-07-03 07:08:52,308 INFO  storage.RaftLogWorker (RaftLogWorker.java:execute(433)) - 6571ba41-d309-4d1d-a321-129a77bf1602-RaftLogWorker: Rolled log segment from /opt/src/hadoop-ozone/tools/target/test-dir/MiniOzoneClusterImpl-0519545d-318d-4c21-a2a0-688f18f8a31d/datanode-4/data/ratis/23ffc2a4-5526-4092-9dc4-6d4c5fd51127/current/log_inprogress_5176 to /opt/src/hadoop-ozone/tools/target/test-dir/MiniOzoneClusterImpl-0519545d-318d-4c21-a2a0-688f18f8a31d/datanode-4/data/ratis/23ffc2a4-5526-4092-9dc4-6d4c5fd51127/current/log_5176-5255
2019-07-03 07:08:52,308 INFO  storage.RaftLogWorker (RaftLogWorker.java:execute(433)) - 75e8c5ea-f06a-43e1-af6e-1f7f9b0b2cc1-RaftLogWorker: Rolled log segment from /opt/src/hadoop-ozone/tools/target/test-dir/MiniOzoneClusterImpl-0519545d-318d-4c21-a2a0-688f18f8a31d/datanode-1/data/ratis/23ffc2a4-5526-4092-9dc4-6d4c5fd51127/current/log_inprogress_5176 to /opt/src/hadoop-ozone/tools/target/test-dir/MiniOzoneClusterImpl-0519545d-318d-4c21-a2a0-688f18f8a31d/datanode-1/data/ratis/23ffc2a4-5526-4092-9dc4-6d4c5fd51127/current/log_5176-5255
2019-07-03 07:08:52,308 INFO  storage.RaftLogWorker (RaftLogWorker.java:execute(433)) - 1d8d2908-dfb4-4358-9c6e-64b435d6fccc-RaftLogWorker: Rolled log segment from /opt/src/hadoop-ozone/tools/target/test-dir/MiniOzoneClusterImpl-0519545d-318d-4c21-a2a0-688f18f8a31d/datanode-2/data/ratis/23ffc2a4-5526-4092-9dc4-6d4c5fd51127/current/log_inprogress_5176 to /opt/src/hadoop-ozone/tools/target/test-dir/MiniOzoneClusterImpl-0519545d-318d-4c21-a2a0-688f18f8a31d/datanode-2/data/ratis/23ffc2a4-5526-4092-9dc4-6d4c5fd51127/current/log_5176-5255
2019-07-03 07:08:52,348 INFO  storage.RaftLogWorker (RaftLogWorker.java:execute(469)) - 75e8c5ea-f06a-43e1-af6e-1f7f9b0b2cc1-RaftLogWorker: created new log segment /opt/src/hadoop-ozone/tools/target/test-dir/MiniOzoneClusterImpl-0519545d-318d-4c21-a2a0-688f18f8a31d/datanode-1/data/ratis/23ffc2a4-5526-4092-9dc4-6d4c5fd51127/current/log_inprogress_5256
2019-07-03 07:08:52,348 INFO  storage.RaftLogWorker (RaftLogWorker.java:execute(469)) - 1d8d2908-dfb4-4358-9c6e-64b435d6fccc-RaftLogWorker: created new log segment /opt/src/hadoop-ozone/tools/target/test-dir/MiniOzoneClusterImpl-0519545d-318d-4c21-a2a0-688f18f8a31d/datanode-2/data/ratis/23ffc2a4-5526-4092-9dc4-6d4c5fd51127/current/log_inprogress_5256
2019-07-03 07:08:52,348 INFO  storage.RaftLogWorker (RaftLogWorker.java:execute(469)) - 6571ba41-d309-4d1d-a321-129a77bf1602-RaftLogWorker: created new log segment /opt/src/hadoop-ozone/tools/target/test-dir/MiniOzoneClusterImpl-0519545d-318d-4c21-a2a0-688f18f8a31d/datanode-4/data/ratis/23ffc2a4-5526-4092-9dc4-6d4c5fd51127/current/log_inprogress_5256
2019-07-03 07:08:52,361 INFO  client.GrpcClientProtocolClient (GrpcClientProtocolClient.java:onNext(254)) - client-253D2503C21A->6571ba41-d309-4d1d-a321-129a77bf1602: receive RaftClientReply:client-253D2503C21A->6571ba41-d309-4d1d-a321-129a77bf1602@group-6D4C5FD51127, cid=3410, SUCCESS, logIndex=5256, commits[6571ba41-d309-4d1d-a321-129a77bf1602:c5256, 75e8c5ea-f06a-43e1-af6e-1f7f9b0b2cc1:c5254, 1d8d2908-dfb4-4358-9c6e-64b435d6fccc:c5254]
2019-07-03 07:08:52,373 INFO  client.GrpcClientProtocolClient (GrpcClientProtocolClient.java:onNext(254)) - client-253D2503C21A->6571ba41-d309-4d1d-a321-129a77bf1602: receive RaftClientReply:client-253D2503C21A->6571ba41-d309-4d1d-a321-129a77bf1602@group-6D4C5FD51127, cid=3411, SUCCESS, logIndex=0, commits[6571ba41-d309-4d1d-a321-129a77bf1602:c5257, 75e8c5ea-f06a-43e1-af6e-1f7f9b0b2cc1:c5256, 1d8d2908-dfb4-4358-9c6e-64b435d6fccc:c5256]
2019-07-03 07:08:52,534 INFO  client.GrpcClientProtocolClient (GrpcClientProtocolClient.java:onNext(254)) - client-253D2503C21A->6571ba41-d309-4d1d-a321-129a77bf1602: receive RaftClientReply:client-253D2503C21A->6571ba41-d309-4d1d-a321-129a77bf1602@group-6D4C5FD51127, cid=3412, SUCCESS, logIndex=5258, commits[6571ba41-d309-4d1d-a321-129a77bf1602:c5258, 75e8c5ea-f06a-43e1-af6e-1f7f9b0b2cc1:c5257, 1d8d2908-dfb4-4358-9c6e-64b435d6fccc:c5257]
2019-07-03 07:08:52,547 INFO  client.GrpcClientProtocolClient (GrpcClientProtocolClient.java:onNext(254)) - client-253D2503C21A->6571ba41-d309-4d1d-a321-129a77bf1602: receive RaftClientReply:client-253D2503C21A->6571ba41-d309-4d1d-a321-129a77bf1602@group-6D4C5FD51127, cid=3413, SUCCESS, logIndex=5260, commits[6571ba41-d309-4d1d-a321-129a77bf1602:c5261, 75e8c5ea-f06a-43e1-af6e-1f7f9b0b2cc1:c5258, 1d8d2908-dfb4-4358-9c6e-64b435d6fccc:c5258]
2019-07-03 07:08:52,548 INFO  client.GrpcClientProtocolClient (GrpcClientProtocolClient.java:onNext(254)) - client-253D2503C21A->6571ba41-d309-4d1d-a321-129a77bf1602: receive RaftClientReply:client-253D2503C21A->6571ba41-d309-4d1d-a321-129a77bf1602@group-6D4C5FD51127, cid=3414, SUCCESS, logIndex=5261, commits[6571ba41-d309-4d1d-a321-129a77bf1602:c5261, 75e8c5ea-f06a-43e1-af6e-1f7f9b0b2cc1:c5258, 1d8d2908-dfb4-4358-9c6e-64b435d6fccc:c5258]
2019-07-03 07:08:52,548 INFO  client.GrpcClientProtocolClient (GrpcClientProtocolClient.java:onNext(254)) - client-253D2503C21A->6571ba41-d309-4d1d-a321-129a77bf1602: receive RaftClientReply:client-253D2503C21A->6571ba41-d309-4d1d-a321-129a77bf1602@group-6D4C5FD51127, cid=3415, SUCCESS, logIndex=5262, commits[6571ba41-d309-4d1d-a321-129a77bf1602:c5262, 75e8c5ea-f06a-43e1-af6e-1f7f9b0b2cc1:c5258, 1d8d2908-dfb4-4358-9c6e-64b435d6fccc:c5258]
2019-07-03 07:08:52,550 INFO  client.GrpcClientProtocolClient (GrpcClientProtocolClient.java:onNext(254)) - client-253D2503C21A->6571ba41-d309-4d1d-a321-129a77bf1602: receive RaftClientReply:client-253D2503C21A->6571ba41-d309-4d1d-a321-129a77bf1602@group-6D4C5FD51127, cid=3416, SUCCESS, logIndex=0, commits[6571ba41-d309-4d1d-a321-129a77bf1602:c5264, 75e8c5ea-f06a-43e1-af6e-1f7f9b0b2cc1:c5261, 1d8d2908-dfb4-4358-9c6e-64b435d6fccc:c5261]
2019-07-03 07:08:52,573 INFO  client.GrpcClientProtocolClient (GrpcClientProtocolClient.java:onNext(254)) - client-253D2503C21A->6571ba41-d309-4d1d-a321-129a77bf1602: receive RaftClientReply:client-253D2503C21A->6571ba41-d309-4d1d-a321-129a77bf1602@group-6D4C5FD51127, cid=3417, SUCCESS, logIndex=5266, commits[6571ba41-d309-4d1d-a321-129a77bf1602:c5266, 75e8c5ea-f06a-43e1-af6e-1f7f9b0b2cc1:c5265, 1d8d2908-dfb4-4358-9c6e-64b435d6fccc:c5262]
2019-07-03 07:08:52,586 INFO  client.GrpcClientProtocolClient (GrpcClientProtocolClient.java:onNext(254)) - client-253D2503C21A->6571ba41-d309-4d1d-a321-129a77bf1602: receive RaftClientReply:client-253D2503C21A->6571ba41-d309-4d1d-a321-129a77bf1602@group-6D4C5FD51127, cid=3418, SUCCESS, logIndex=5268, commits[6571ba41-d309-4d1d-a321-129a77bf1602:c5268, 75e8c5ea-f06a-43e1-af6e-1f7f9b0b2cc1:c5266, 1d8d2908-dfb4-4358-9c6e-64b435d6fccc:c5266]
2019-07-03 07:08:52,600 INFO  client.GrpcClientProtocolClient (GrpcClientProtocolClient.java:onNext(254)) - client-253D2503C21A->6571ba41-d309-4d1d-a321-129a77bf1602: receive RaftClientReply:client-253D2503C21A->6571ba41-d309-4d1d-a321-129a77bf1602@group-6D4C5FD51127, cid=3419, SUCCESS, logIndex=5270, commits[6571ba41-d309-4d1d-a321-129a77bf1602:c5270, 75e8c5ea-f06a-43e1-af6e-1f7f9b0b2cc1:c5268, 1d8d2908-dfb4-4358-9c6e-64b435d6fccc:c5268]
2019-07-03 07:08:52,603 INFO  client.GrpcClientProtocolClient (GrpcClientProtocolClient.java:onNext(254)) - client-253D2503C21A->6571ba41-d309-4d1d-a321-129a77bf1602: receive RaftClientReply:client-253D2503C21A->6571ba41-d309-4d1d-a321-129a77bf1602@group-6D4C5FD51127, cid=3420, SUCCESS, logIndex=5272, commits[6571ba41-d309-4d1d-a321-129a77bf1602:c5272, 75e8c5ea-f06a-43e1-af6e-1f7f9b0b2cc1:c5270, 1d8d2908-dfb4-4358-9c6e-64b435d6fccc:c5270]
2019-07-03 07:08:52,615 INFO  client.GrpcClientProtocolClient (GrpcClientProtocolClient.java:onNext(254)) - client-253D2503C21A->6571ba41-d309-4d1d-a321-129a77bf1602: receive RaftClientReply:client-253D2503C21A->6571ba41-d309-4d1d-a321-129a77bf1602@group-6D4C5FD51127, cid=3421, SUCCESS, logIndex=0, commits[6571ba41-d309-4d1d-a321-129a77bf1602:c5273, 75e8c5ea-f06a-43e1-af6e-1f7f9b0b2cc1:c5272, 1d8d2908-dfb4-4358-9c6e-64b435d6fccc:c5272]
2019-07-03 07:08:52,648 INFO  client.GrpcClientProtocolClient (GrpcClientProtocolClient.java:onNext(254)) - client-253D2503C21A->6571ba41-d309-4d1d-a321-129a77bf1602: receive RaftClientReply:client-253D2503C21A->6571ba41-d309-4d1d-a321-129a77bf1602@group-6D4C5FD51127, cid=3422, SUCCESS, logIndex=5274, commits[6571ba41-d309-4d1d-a321-129a77bf1602:c5274, 75e8c5ea-f06a-43e1-af6e-1f7f9b0b2cc1:c5273, 1d8d2908-dfb4-4358-9c6e-64b435d6fccc:c5273]
2019-07-03 07:08:52,660 INFO  client.GrpcClientProtocolClient (GrpcClientProtocolClient.java:onNext(254)) - client-253D2503C21A->6571ba41-d309-4d1d-a321-129a77bf1602: receive RaftClientReply:client-253D2503C21A->6571ba41-d309-4d1d-a321-129a77bf1602@group-6D4C5FD51127, cid=3423, SUCCESS, logIndex=5276, commits[6571ba41-d309-4d1d-a321-129a77bf1602:c5277, 75e8c5ea-f06a-43e1-af6e-1f7f9b0b2cc1:c5274, 1d8d2908-dfb4-4358-9c6e-64b435d6fccc:c5274]
2019-07-03 07:08:52,661 INFO  client.GrpcClientProtocolClient (GrpcClientProtocolClient.java:onNext(254)) - client-253D2503C21A->6571ba41-d309-4d1d-a321-129a77bf1602: receive RaftClientReply:client-253D2503C21A->6571ba41-d309-4d1d-a321-129a77bf1602@group-6D4C5FD51127, cid=3424, SUCCESS, logIndex=5277, commits[6571ba41-d309-4d1d-a321-129a77bf1602:c5278, 75e8c5ea-f06a-43e1-af6e-1f7f9b0b2cc1:c5274, 1d8d2908-dfb4-4358-9c6e-64b435d6fccc:c5274]
2019-07-03 07:08:52,661 INFO  client.GrpcClientProtocolClient (GrpcClientProtocolClient.java:onNext(254)) - client-253D2503C21A->6571ba41-d309-4d1d-a321-129a77bf1602: receive RaftClientReply:client-253D2503C21A->6571ba41-d309-4d1d-a321-129a77bf1602@group-6D4C5FD51127, cid=3425, SUCCESS, logIndex=5278, commits[6571ba41-d309-4d1d-a321-129a77bf1602:c5278, 75e8c5ea-f06a-43e1-af6e-1f7f9b0b2cc1:c5274, 1d8d2908-dfb4-4358-9c6e-64b435d6fccc:c5274]
2019-07-03 07:08:52,662 INFO  client.GrpcClientProtocolClient (GrpcClientProtocolClient.java:onNext(254)) - client-253D2503C21A->6571ba41-d309-4d1d-a321-129a77bf1602: receive RaftClientReply:client-253D2503C21A->6571ba41-d309-4d1d-a321-129a77bf1602@group-6D4C5FD51127, cid=3426, SUCCESS, logIndex=0, commits[6571ba41-d309-4d1d-a321-129a77bf1602:c5280, 75e8c5ea-f06a-43e1-af6e-1f7f9b0b2cc1:c5277, 1d8d2908-dfb4-4358-9c6e-64b435d6fccc:c5276]
2019-07-03 07:08:52,682 INFO  client.GrpcClientProtocolClient (GrpcClientProtocolClient.java:onNext(254)) - client-253D2503C21A->6571ba41-d309-4d1d-a321-129a77bf1602: receive RaftClientReply:client-253D2503C21A->6571ba41-d309-4d1d-a321-129a77bf1602@group-6D4C5FD51127, cid=3427, SUCCESS, logIndex=5282, commits[6571ba41-d309-4d1d-a321-129a77bf1602:c5282, 75e8c5ea-f06a-43e1-af6e-1f7f9b0b2cc1:c5281, 1d8d2908-dfb4-4358-9c6e-64b435d6fccc:c5281]
2019-07-03 07:08:52,695 INFO  client.GrpcClientProtocolClient (GrpcClientProtocolClient.java:onNext(254)) - client-253D2503C21A->6571ba41-d309-4d1d-a321-129a77bf1602: receive RaftClientReply:client-253D2503C21A->6571ba41-d309-4d1d-a321-129a77bf1602@group-6D4C5FD51127, cid=3428, SUCCESS, logIndex=5284, commits[6571ba41-d309-4d1d-a321-129a77bf1602:c5284, 75e8c5ea-f06a-43e1-af6e-1f7f9b0b2cc1:c5282, 1d8d2908-dfb4-4358-9c6e-64b435d6fccc:c5282]
2019-07-03 07:08:52,708 INFO  client.GrpcClientProtocolClient (GrpcClientProtocolClient.java:onNext(254)) - client-253D2503C21A->6571ba41-d309-4d1d-a321-129a77bf1602: receive RaftClientReply:client-253D2503C21A->6571ba41-d309-4d1d-a321-129a77bf1602@group-6D4C5FD51127, cid=3429, SUCCESS, logIndex=5286, commits[6571ba41-d309-4d1d-a321-129a77bf1602:c5286, 75e8c5ea-f06a-43e1-af6e-1f7f9b0b2cc1:c5284, 1d8d2908-dfb4-4358-9c6e-64b435d6fccc:c5284]
2019-07-03 07:08:52,711 INFO  client.GrpcClientProtocolClient (GrpcClientProtocolClient.java:onNext(254)) - client-253D2503C21A->6571ba41-d309-4d1d-a321-129a77bf1602: receive RaftClientReply:client-253D2503C21A->6571ba41-d309-4d1d-a321-129a77bf1602@group-6D4C5FD51127, cid=3430, SUCCESS, logIndex=5288, commits[6571ba41-d309-4d1d-a321-129a77bf1602:c5288, 75e8c5ea-f06a-43e1-af6e-1f7f9b0b2cc1:c5286, 1d8d2908-dfb4-4358-9c6e-64b435d6fccc:c5286]
2019-07-03 07:08:52,713 INFO  client.GrpcClientProtocolClient (GrpcClientProtocolClient.java:onNext(254)) - client-253D2503C21A->6571ba41-d309-4d1d-a321-129a77bf1602: receive RaftClientReply:client-253D2503C21A->6571ba41-d309-4d1d-a321-129a77bf1602@group-6D4C5FD51127, cid=3431, SUCCESS, logIndex=0, commits[6571ba41-d309-4d1d-a321-129a77bf1602:c5289, 75e8c5ea-f06a-43e1-af6e-1f7f9b0b2cc1:c5288, 1d8d2908-dfb4-4358-9c6e-64b435d6fccc:c5288]
2019-07-03 07:08:52,747 INFO  client.GrpcClientProtocolClient (GrpcClientProtocolClient.java:onNext(254)) - client-253D2503C21A->6571ba41-d309-4d1d-a321-129a77bf1602: receive RaftClientReply:client-253D2503C21A->6571ba41-d309-4d1d-a321-129a77bf1602@group-6D4C5FD51127, cid=3432, SUCCESS, logIndex=5290, commits[6571ba41-d309-4d1d-a321-129a77bf1602:c5290, 75e8c5ea-f06a-43e1-af6e-1f7f9b0b2cc1:c5289, 1d8d2908-dfb4-4358-9c6e-64b435d6fccc:c5289]
2019-07-03 07:08:52,759 INFO  client.GrpcClientProtocolClient (GrpcClientProtocolClient.java:onNext(254)) - client-253D2503C21A->6571ba41-d309-4d1d-a321-129a77bf1602: receive RaftClientReply:client-253D2503C21A->6571ba41-d309-4d1d-a321-129a77bf1602@group-6D4C5FD51127, cid=3433, SUCCESS, logIndex=5292, commits[6571ba41-d309-4d1d-a321-129a77bf1602:c5293, 75e8c5ea-f06a-43e1-af6e-1f7f9b0b2cc1:c5290, 1d8d2908-dfb4-4358-9c6e-64b435d6fccc:c5290]
2019-07-03 07:08:52,760 INFO  client.GrpcClientProtocolClient (GrpcClientProtocolClient.java:onNext(254)) - client-253D2503C21A->6571ba41-d309-4d1d-a321-129a77bf1602: receive RaftClientReply:client-253D2503C21A->6571ba41-d309-4d1d-a321-129a77bf1602@group-6D4C5FD51127, cid=3434, SUCCESS, logIndex=5293, commits[6571ba41-d309-4d1d-a321-129a77bf1602:c5294, 75e8c5ea-f06a-43e1-af6e-1f7f9b0b2cc1:c5290, 1d8d2908-dfb4-4358-9c6e-64b435d6fccc:c5290]
2019-07-03 07:08:52,760 INFO  client.GrpcClientProtocolClient (GrpcClientProtocolClient.java:onNext(254)) - client-253D2503C21A->6571ba41-d309-4d1d-a321-129a77bf1602: receive RaftClientReply:client-253D2503C21A->6571ba41-d309-4d1d-a321-129a77bf1602@group-6D4C5FD51127, cid=3435, SUCCESS, logIndex=5294, commits[6571ba41-d309-4d1d-a321-129a77bf1602:c5294, 75e8c5ea-f06a-43e1-af6e-1f7f9b0b2cc1:c5290, 1d8d2908-dfb4-4358-9c6e-64b435d6fccc:c5290]
2019-07-03 07:08:52,761 INFO  client.GrpcClientProtocolClient (GrpcClientProtocolClient.java:onNext(254)) - client-253D2503C21A->6571ba41-d309-4d1d-a321-129a77bf1602: receive RaftClientReply:client-253D2503C21A->6571ba41-d309-4d1d-a321-129a77bf1602@group-6D4C5FD51127, cid=3436, SUCCESS, logIndex=0, commits[6571ba41-d309-4d1d-a321-129a77bf1602:c5296, 75e8c5ea-f06a-43e1-af6e-1f7f9b0b2cc1:c5293, 1d8d2908-dfb4-4358-9c6e-64b435d6fccc:c5293]
2019-07-03 07:08:52,785 INFO  client.GrpcClientProtocolClient (GrpcClientProtocolClient.java:onNext(254)) - client-253D2503C21A->6571ba41-d309-4d1d-a321-129a77bf1602: receive RaftClientReply:client-253D2503C21A->6571ba41-d309-4d1d-a321-129a77bf1602@group-6D4C5FD51127, cid=3437, SUCCESS, logIndex=5298, commits[6571ba41-d309-4d1d-a321-129a77bf1602:c5298, 75e8c5ea-f06a-43e1-af6e-1f7f9b0b2cc1:c5297, 1d8d2908-dfb4-4358-9c6e-64b435d6fccc:c5297]
2019-07-03 07:08:52,799 INFO  client.GrpcClientProtocolClient (GrpcClientProtocolClient.java:onNext(254)) - client-253D2503C21A->6571ba41-d309-4d1d-a321-129a77bf1602: receive RaftClientReply:client-253D2503C21A->6571ba41-d309-4d1d-a321-129a77bf1602@group-6D4C5FD51127, cid=3438, SUCCESS, logIndex=5300, commits[6571ba41-d309-4d1d-a321-129a77bf1602:c5300, 75e8c5ea-f06a-43e1-af6e-1f7f9b0b2cc1:c5298, 1d8d2908-dfb4-4358-9c6e-64b435d6fccc:c5298]
2019-07-03 07:08:52,822 INFO  client.GrpcClientProtocolClient (GrpcClientProtocolClient.java:onNext(254)) - client-253D2503C21A->6571ba41-d309-4d1d-a321-129a77bf1602: receive RaftClientReply:client-253D2503C21A->6571ba41-d309-4d1d-a321-129a77bf1602@group-6D4C5FD51127, cid=3439, SUCCESS, logIndex=5302, commits[6571ba41-d309-4d1d-a321-129a77bf1602:c5302, 75e8c5ea-f06a-43e1-af6e-1f7f9b0b2cc1:c5300, 1d8d2908-dfb4-4358-9c6e-64b435d6fccc:c5300]
2019-07-03 07:08:52,836 INFO  client.GrpcClientProtocolClient (GrpcClientProtocolClient.java:onNext(254)) - client-253D2503C21A->6571ba41-d309-4d1d-a321-129a77bf1602: receive RaftClientReply:client-253D2503C21A->6571ba41-d309-4d1d-a321-129a77bf1602@group-6D4C5FD51127, cid=3440, SUCCESS, logIndex=5304, commits[6571ba41-d309-4d1d-a321-129a77bf1602:c5304, 75e8c5ea-f06a-43e1-af6e-1f7f9b0b2cc1:c5302, 1d8d2908-dfb4-4358-9c6e-64b435d6fccc:c5302]
2019-07-03 07:08:52,848 INFO  client.GrpcClientProtocolClient (GrpcClientProtocolClient.java:onNext(254)) - client-253D2503C21A->6571ba41-d309-4d1d-a321-129a77bf1602: receive RaftClientReply:client-253D2503C21A->6571ba41-d309-4d1d-a321-129a77bf1602@group-6D4C5FD51127, cid=3441, SUCCESS, logIndex=0, commits[6571ba41-d309-4d1d-a321-129a77bf1602:c5305, 75e8c5ea-f06a-43e1-af6e-1f7f9b0b2cc1:c5304, 1d8d2908-dfb4-4358-9c6e-64b435d6fccc:c5304]
 0.00% |█                                                                                                    |  0/1 Time: 0:01:002019-07-03 07:08:52,884 INFO  client.GrpcClientProtocolClient (GrpcClientProtocolClient.java:onNext(254)) - client-253D2503C21A->6571ba41-d309-4d1d-a321-129a77bf1602: receive RaftClientReply:client-253D2503C21A->6571ba41-d309-4d1d-a321-129a77bf1602@group-6D4C5FD51127, cid=3442, SUCCESS, logIndex=5306, commits[6571ba41-d309-4d1d-a321-129a77bf1602:c5306, 75e8c5ea-f06a-43e1-af6e-1f7f9b0b2cc1:c5305, 1d8d2908-dfb4-4358-9c6e-64b435d6fccc:c5305]
2019-07-03 07:08:52,896 INFO  client.GrpcClientProtocolClient (GrpcClientProtocolClient.java:onNext(254)) - client-253D2503C21A->6571ba41-d309-4d1d-a321-129a77bf1602: receive RaftClientReply:client-253D2503C21A->6571ba41-d309-4d1d-a321-129a77bf1602@group-6D4C5FD51127, cid=3443, SUCCESS, logIndex=5308, commits[6571ba41-d309-4d1d-a321-129a77bf1602:c5309, 75e8c5ea-f06a-43e1-af6e-1f7f9b0b2cc1:c5306, 1d8d2908-dfb4-4358-9c6e-64b435d6fccc:c5306]
2019-07-03 07:08:52,897 INFO  client.GrpcClientProtocolClient (GrpcClientProtocolClient.java:onNext(254)) - client-253D2503C21A->6571ba41-d309-4d1d-a321-129a77bf1602: receive RaftClientReply:client-253D2503C21A->6571ba41-d309-4d1d-a321-129a77bf1602@group-6D4C5FD51127, cid=3444, SUCCESS, logIndex=5309, commits[6571ba41-d309-4d1d-a321-129a77bf1602:c5309, 75e8c5ea-f06a-43e1-af6e-1f7f9b0b2cc1:c5306, 1d8d2908-dfb4-4358-9c6e-64b435d6fccc:c5306]
2019-07-03 07:08:52,898 INFO  client.GrpcClientProtocolClient (GrpcClientProtocolClient.java:onNext(254)) - client-253D2503C21A->6571ba41-d309-4d1d-a321-129a77bf1602: receive RaftClientReply:client-253D2503C21A->6571ba41-d309-4d1d-a321-129a77bf1602@group-6D4C5FD51127, cid=3445, SUCCESS, logIndex=5310, commits[6571ba41-d309-4d1d-a321-129a77bf1602:c5311, 75e8c5ea-f06a-43e1-af6e-1f7f9b0b2cc1:c5308, 1d8d2908-dfb4-4358-9c6e-64b435d6fccc:c5306]
2019-07-03 07:08:52,899 INFO  client.GrpcClientProtocolClient (GrpcClientProtocolClient.java:onNext(254)) - client-253D2503C21A->6571ba41-d309-4d1d-a321-129a77bf1602: receive RaftClientReply:client-253D2503C21A->6571ba41-d309-4d1d-a321-129a77bf1602@group-6D4C5FD51127, cid=3446, SUCCESS, logIndex=0, commits[6571ba41-d309-4d1d-a321-129a77bf1602:c5312, 75e8c5ea-f06a-43e1-af6e-1f7f9b0b2cc1:c5309, 1d8d2908-dfb4-4358-9c6e-64b435d6fccc:c5309]
2019-07-03 07:08:52,920 INFO  client.GrpcClientProtocolClient (GrpcClientProtocolClient.java:onNext(254)) - client-253D2503C21A->6571ba41-d309-4d1d-a321-129a77bf1602: receive RaftClientReply:client-253D2503C21A->6571ba41-d309-4d1d-a321-129a77bf1602@group-6D4C5FD51127, cid=3447, SUCCESS, logIndex=5314, commits[6571ba41-d309-4d1d-a321-129a77bf1602:c5314, 75e8c5ea-f06a-43e1-af6e-1f7f9b0b2cc1:c5313, 1d8d2908-dfb4-4358-9c6e-64b435d6fccc:c5313]
2019-07-03 07:08:52,934 INFO  client.GrpcClientProtocolClient (GrpcClientProtocolClient.java:onNext(254)) - client-253D2503C21A->6571ba41-d309-4d1d-a321-129a77bf1602: receive RaftClientReply:client-253D2503C21A->6571ba41-d309-4d1d-a321-129a77bf1602@group-6D4C5FD51127, cid=3448, SUCCESS, logIndex=5316, commits[6571ba41-d309-4d1d-a321-129a77bf1602:c5316, 75e8c5ea-f06a-43e1-af6e-1f7f9b0b2cc1:c5314, 1d8d2908-dfb4-4358-9c6e-64b435d6fccc:c5314]
2019-07-03 07:08:52,958 INFO  client.GrpcClientProtocolClient (GrpcClientProtocolClient.java:onNext(254)) - client-253D2503C21A->6571ba41-d309-4d1d-a321-129a77bf1602: receive RaftClientReply:client-253D2503C21A->6571ba41-d309-4d1d-a321-129a77bf1602@group-6D4C5FD51127, cid=3449, SUCCESS, logIndex=5318, commits[6571ba41-d309-4d1d-a321-129a77bf1602:c5318, 75e8c5ea-f06a-43e1-af6e-1f7f9b0b2cc1:c5316, 1d8d2908-dfb4-4358-9c6e-64b435d6fccc:c5316]
2019-07-03 07:08:52,961 INFO  client.GrpcClientProtocolClient (GrpcClientProtocolClient.java:onNext(254)) - client-253D2503C21A->6571ba41-d309-4d1d-a321-129a77bf1602: receive RaftClientReply:client-253D2503C21A->6571ba41-d309-4d1d-a321-129a77bf1602@group-6D4C5FD51127, cid=3450, SUCCESS, logIndex=5320, commits[6571ba41-d309-4d1d-a321-129a77bf1602:c5320, 75e8c5ea-f06a-43e1-af6e-1f7f9b0b2cc1:c5318, 1d8d2908-dfb4-4358-9c6e-64b435d6fccc:c5318]
2019-07-03 07:08:52,973 INFO  client.GrpcClientProtocolClient (GrpcClientProtocolClient.java:onNext(254)) - client-253D2503C21A->6571ba41-d309-4d1d-a321-129a77bf1602: receive RaftClientReply:client-253D2503C21A->6571ba41-d309-4d1d-a321-129a77bf1602@group-6D4C5FD51127, cid=3451, SUCCESS, logIndex=0, commits[6571ba41-d309-4d1d-a321-129a77bf1602:c5321, 75e8c5ea-f06a-43e1-af6e-1f7f9b0b2cc1:c5320, 1d8d2908-dfb4-4358-9c6e-64b435d6fccc:c5320]
2019-07-03 07:08:53,007 INFO  client.GrpcClientProtocolClient (GrpcClientProtocolClient.java:onNext(254)) - client-253D2503C21A->6571ba41-d309-4d1d-a321-129a77bf1602: receive RaftClientReply:client-253D2503C21A->6571ba41-d309-4d1d-a321-129a77bf1602@group-6D4C5FD51127, cid=3452, SUCCESS, logIndex=5322, commits[6571ba41-d309-4d1d-a321-129a77bf1602:c5322, 75e8c5ea-f06a-43e1-af6e-1f7f9b0b2cc1:c5321, 1d8d2908-dfb4-4358-9c6e-64b435d6fccc:c5321]
2019-07-03 07:08:53,020 INFO  client.GrpcClientProtocolClient (GrpcClientProtocolClient.java:onNext(254)) - client-253D2503C21A->6571ba41-d309-4d1d-a321-129a77bf1602: receive RaftClientReply:client-253D2503C21A->6571ba41-d309-4d1d-a321-129a77bf1602@group-6D4C5FD51127, cid=3453, SUCCESS, logIndex=5324, commits[6571ba41-d309-4d1d-a321-129a77bf1602:c5324, 75e8c5ea-f06a-43e1-af6e-1f7f9b0b2cc1:c5322, 1d8d2908-dfb4-4358-9c6e-64b435d6fccc:c5322]
2019-07-03 07:08:53,020 INFO  client.GrpcClientProtocolClient (GrpcClientProtocolClient.java:onNext(254)) - client-253D2503C21A->6571ba41-d309-4d1d-a321-129a77bf1602: receive RaftClientReply:client-253D2503C21A->6571ba41-d309-4d1d-a321-129a77bf1602@group-6D4C5FD51127, cid=3454, SUCCESS, logIndex=5325, commits[6571ba41-d309-4d1d-a321-129a77bf1602:c5325, 75e8c5ea-f06a-43e1-af6e-1f7f9b0b2cc1:c5322, 1d8d2908-dfb4-4358-9c6e-64b435d6fccc:c5322]
2019-07-03 07:08:53,021 INFO  client.GrpcClientProtocolClient (GrpcClientProtocolClient.java:onNext(254)) - client-253D2503C21A->6571ba41-d309-4d1d-a321-129a77bf1602: receive RaftClientReply:client-253D2503C21A->6571ba41-d309-4d1d-a321-129a77bf1602@group-6D4C5FD51127, cid=3455, SUCCESS, logIndex=5326, commits[6571ba41-d309-4d1d-a321-129a77bf1602:c5326, 75e8c5ea-f06a-43e1-af6e-1f7f9b0b2cc1:c5322, 1d8d2908-dfb4-4358-9c6e-64b435d6fccc:c5322]
2019-07-03 07:08:53,022 INFO  client.GrpcClientProtocolClient (GrpcClientProtocolClient.java:onNext(254)) - client-253D2503C21A->6571ba41-d309-4d1d-a321-129a77bf1602: receive RaftClientReply:client-253D2503C21A->6571ba41-d309-4d1d-a321-129a77bf1602@group-6D4C5FD51127, cid=3456, SUCCESS, logIndex=0, commits[6571ba41-d309-4d1d-a321-129a77bf1602:c5328, 75e8c5ea-f06a-43e1-af6e-1f7f9b0b2cc1:c5325, 1d8d2908-dfb4-4358-9c6e-64b435d6fccc:c5325]
2019-07-03 07:08:53,047 INFO  client.GrpcClientProtocolClient (GrpcClientProtocolClient.java:onNext(254)) - client-253D2503C21A->6571ba41-d309-4d1d-a321-129a77bf1602: receive RaftClientReply:client-253D2503C21A->6571ba41-d309-4d1d-a321-129a77bf1602@group-6D4C5FD51127, cid=3457, SUCCESS, logIndex=5330, commits[6571ba41-d309-4d1d-a321-129a77bf1602:c5330, 75e8c5ea-f06a-43e1-af6e-1f7f9b0b2cc1:c5329, 1d8d2908-dfb4-4358-9c6e-64b435d6fccc:c5329]
2019-07-03 07:08:53,051 INFO  client.GrpcClientProtocolClient (GrpcClientProtocolClient.java:onNext(254)) - client-253D2503C21A->6571ba41-d309-4d1d-a321-129a77bf1602: receive RaftClientReply:client-253D2503C21A->6571ba41-d309-4d1d-a321-129a77bf1602@group-6D4C5FD51127, cid=3458, SUCCESS, logIndex=5332, commits[6571ba41-d309-4d1d-a321-129a77bf1602:c5332, 75e8c5ea-f06a-43e1-af6e-1f7f9b0b2cc1:c5330, 1d8d2908-dfb4-4358-9c6e-64b435d6fccc:c5330]
2019-07-03 07:08:53,064 INFO  client.GrpcClientProtocolClient (GrpcClientProtocolClient.java:onNext(254)) - client-253D2503C21A->6571ba41-d309-4d1d-a321-129a77bf1602: receive RaftClientReply:client-253D2503C21A->6571ba41-d309-4d1d-a321-129a77bf1602@group-6D4C5FD51127, cid=3459, SUCCESS, logIndex=5334, commits[6571ba41-d309-4d1d-a321-129a77bf1602:c5334, 75e8c5ea-f06a-43e1-af6e-1f7f9b0b2cc1:c5332, 1d8d2908-dfb4-4358-9c6e-64b435d6fccc:c5332]
2019-07-03 07:08:53,064 INFO  storage.RaftLogWorker (RaftLogWorker.java:rollLogSegment(303)) - 6571ba41-d309-4d1d-a321-129a77bf1602-RaftLogWorker: Rolling segment log-5256_5335 to index:5335
2019-07-03 07:08:53,065 INFO  storage.RaftLogWorker (RaftLogWorker.java:rollLogSegment(303)) - 1d8d2908-dfb4-4358-9c6e-64b435d6fccc-RaftLogWorker: Rolling segment log-5256_5335 to index:5335
2019-07-03 07:08:53,065 INFO  storage.RaftLogWorker (RaftLogWorker.java:rollLogSegment(303)) - 75e8c5ea-f06a-43e1-af6e-1f7f9b0b2cc1-RaftLogWorker: Rolling segment log-5256_5335 to index:5335
2019-07-03 07:08:53,074 INFO  storage.RaftLogWorker (RaftLogWorker.java:execute(433)) - 6571ba41-d309-4d1d-a321-129a77bf1602-RaftLogWorker: Rolled log segment from /opt/src/hadoop-ozone/tools/target/test-dir/MiniOzoneClusterImpl-0519545d-318d-4c21-a2a0-688f18f8a31d/datanode-4/data/ratis/23ffc2a4-5526-4092-9dc4-6d4c5fd51127/current/log_inprogress_5256 to /opt/src/hadoop-ozone/tools/target/test-dir/MiniOzoneClusterImpl-0519545d-318d-4c21-a2a0-688f18f8a31d/datanode-4/data/ratis/23ffc2a4-5526-4092-9dc4-6d4c5fd51127/current/log_5256-5335
2019-07-03 07:08:53,075 INFO  storage.RaftLogWorker (RaftLogWorker.java:execute(433)) - 75e8c5ea-f06a-43e1-af6e-1f7f9b0b2cc1-RaftLogWorker: Rolled log segment from /opt/src/hadoop-ozone/tools/target/test-dir/MiniOzoneClusterImpl-0519545d-318d-4c21-a2a0-688f18f8a31d/datanode-1/data/ratis/23ffc2a4-5526-4092-9dc4-6d4c5fd51127/current/log_inprogress_5256 to /opt/src/hadoop-ozone/tools/target/test-dir/MiniOzoneClusterImpl-0519545d-318d-4c21-a2a0-688f18f8a31d/datanode-1/data/ratis/23ffc2a4-5526-4092-9dc4-6d4c5fd51127/current/log_5256-5335
2019-07-03 07:08:53,075 INFO  storage.RaftLogWorker (RaftLogWorker.java:execute(433)) - 1d8d2908-dfb4-4358-9c6e-64b435d6fccc-RaftLogWorker: Rolled log segment from /opt/src/hadoop-ozone/tools/target/test-dir/MiniOzoneClusterImpl-0519545d-318d-4c21-a2a0-688f18f8a31d/datanode-2/data/ratis/23ffc2a4-5526-4092-9dc4-6d4c5fd51127/current/log_inprogress_5256 to /opt/src/hadoop-ozone/tools/target/test-dir/MiniOzoneClusterImpl-0519545d-318d-4c21-a2a0-688f18f8a31d/datanode-2/data/ratis/23ffc2a4-5526-4092-9dc4-6d4c5fd51127/current/log_5256-5335
2019-07-03 07:08:53,137 INFO  storage.RaftLogWorker (RaftLogWorker.java:execute(469)) - 6571ba41-d309-4d1d-a321-129a77bf1602-RaftLogWorker: created new log segment /opt/src/hadoop-ozone/tools/target/test-dir/MiniOzoneClusterImpl-0519545d-318d-4c21-a2a0-688f18f8a31d/datanode-4/data/ratis/23ffc2a4-5526-4092-9dc4-6d4c5fd51127/current/log_inprogress_5336
2019-07-03 07:08:53,137 INFO  storage.RaftLogWorker (RaftLogWorker.java:execute(469)) - 1d8d2908-dfb4-4358-9c6e-64b435d6fccc-RaftLogWorker: created new log segment /opt/src/hadoop-ozone/tools/target/test-dir/MiniOzoneClusterImpl-0519545d-318d-4c21-a2a0-688f18f8a31d/datanode-2/data/ratis/23ffc2a4-5526-4092-9dc4-6d4c5fd51127/current/log_inprogress_5336
2019-07-03 07:08:53,137 INFO  storage.RaftLogWorker (RaftLogWorker.java:execute(469)) - 75e8c5ea-f06a-43e1-af6e-1f7f9b0b2cc1-RaftLogWorker: created new log segment /opt/src/hadoop-ozone/tools/target/test-dir/MiniOzoneClusterImpl-0519545d-318d-4c21-a2a0-688f18f8a31d/datanode-1/data/ratis/23ffc2a4-5526-4092-9dc4-6d4c5fd51127/current/log_inprogress_5336
2019-07-03 07:08:53,151 INFO  client.GrpcClientProtocolClient (GrpcClientProtocolClient.java:onNext(254)) - client-253D2503C21A->6571ba41-d309-4d1d-a321-129a77bf1602: receive RaftClientReply:client-253D2503C21A->6571ba41-d309-4d1d-a321-129a77bf1602@group-6D4C5FD51127, cid=3460, SUCCESS, logIndex=5336, commits[6571ba41-d309-4d1d-a321-129a77bf1602:c5336, 75e8c5ea-f06a-43e1-af6e-1f7f9b0b2cc1:c5334, 1d8d2908-dfb4-4358-9c6e-64b435d6fccc:c5334]
2019-07-03 07:08:53,162 INFO  client.GrpcClientProtocolClient (GrpcClientProtocolClient.java:onNext(254)) - client-253D2503C21A->6571ba41-d309-4d1d-a321-129a77bf1602: receive RaftClientReply:client-253D2503C21A->6571ba41-d309-4d1d-a321-129a77bf1602@group-6D4C5FD51127, cid=3461, SUCCESS, logIndex=0, commits[6571ba41-d309-4d1d-a321-129a77bf1602:c5337, 75e8c5ea-f06a-43e1-af6e-1f7f9b0b2cc1:c5336, 1d8d2908-dfb4-4358-9c6e-64b435d6fccc:c5336]
2019-07-03 07:08:53,198 INFO  client.GrpcClientProtocolClient (GrpcClientProtocolClient.java:onNext(254)) - client-253D2503C21A->6571ba41-d309-4d1d-a321-129a77bf1602: receive RaftClientReply:client-253D2503C21A->6571ba41-d309-4d1d-a321-129a77bf1602@group-6D4C5FD51127, cid=3462, SUCCESS, logIndex=5338, commits[6571ba41-d309-4d1d-a321-129a77bf1602:c5338, 75e8c5ea-f06a-43e1-af6e-1f7f9b0b2cc1:c5337, 1d8d2908-dfb4-4358-9c6e-64b435d6fccc:c5337]
2019-07-03 07:08:53,210 INFO  client.GrpcClientProtocolClient (GrpcClientProtocolClient.java:onNext(254)) - client-253D2503C21A->6571ba41-d309-4d1d-a321-129a77bf1602: receive RaftClientReply:client-253D2503C21A->6571ba41-d309-4d1d-a321-129a77bf1602@group-6D4C5FD51127, cid=3463, SUCCESS, logIndex=5340, commits[6571ba41-d309-4d1d-a321-129a77bf1602:c5341, 75e8c5ea-f06a-43e1-af6e-1f7f9b0b2cc1:c5338, 1d8d2908-dfb4-4358-9c6e-64b435d6fccc:c5338]
2019-07-03 07:08:53,211 INFO  client.GrpcClientProtocolClient (GrpcClientProtocolClient.java:onNext(254)) - client-253D2503C21A->6571ba41-d309-4d1d-a321-129a77bf1602: receive RaftClientReply:client-253D2503C21A->6571ba41-d309-4d1d-a321-129a77bf1602@group-6D4C5FD51127, cid=3464, SUCCESS, logIndex=5341, commits[6571ba41-d309-4d1d-a321-129a77bf1602:c5342, 75e8c5ea-f06a-43e1-af6e-1f7f9b0b2cc1:c5338, 1d8d2908-dfb4-4358-9c6e-64b435d6fccc:c5338]
2019-07-03 07:08:53,211 INFO  client.GrpcClientProtocolClient (GrpcClientProtocolClient.java:onNext(254)) - client-253D2503C21A->6571ba41-d309-4d1d-a321-129a77bf1602: receive RaftClientReply:client-253D2503C21A->6571ba41-d309-4d1d-a321-129a77bf1602@group-6D4C5FD51127, cid=3465, SUCCESS, logIndex=5342, commits[6571ba41-d309-4d1d-a321-129a77bf1602:c5342, 75e8c5ea-f06a-43e1-af6e-1f7f9b0b2cc1:c5338, 1d8d2908-dfb4-4358-9c6e-64b435d6fccc:c5338]
2019-07-03 07:08:53,212 INFO  client.GrpcClientProtocolClient (GrpcClientProtocolClient.java:onNext(254)) - client-253D2503C21A->6571ba41-d309-4d1d-a321-129a77bf1602: receive RaftClientReply:client-253D2503C21A->6571ba41-d309-4d1d-a321-129a77bf1602@group-6D4C5FD51127, cid=3466, SUCCESS, logIndex=0, commits[6571ba41-d309-4d1d-a321-129a77bf1602:c5344, 75e8c5ea-f06a-43e1-af6e-1f7f9b0b2cc1:c5340, 1d8d2908-dfb4-4358-9c6e-64b435d6fccc:c5341]
2019-07-03 07:08:53,234 INFO  client.GrpcClientProtocolClient (GrpcClientProtocolClient.java:onNext(254)) - client-253D2503C21A->6571ba41-d309-4d1d-a321-129a77bf1602: receive RaftClientReply:client-253D2503C21A->6571ba41-d309-4d1d-a321-129a77bf1602@group-6D4C5FD51127, cid=3467, SUCCESS, logIndex=5346, commits[6571ba41-d309-4d1d-a321-129a77bf1602:c5346, 75e8c5ea-f06a-43e1-af6e-1f7f9b0b2cc1:c5345, 1d8d2908-dfb4-4358-9c6e-64b435d6fccc:c5345]
2019-07-03 07:08:53,247 INFO  client.GrpcClientProtocolClient (GrpcClientProtocolClient.java:onNext(254)) - client-253D2503C21A->6571ba41-d309-4d1d-a321-129a77bf1602: receive RaftClientReply:client-253D2503C21A->6571ba41-d309-4d1d-a321-129a77bf1602@group-6D4C5FD51127, cid=3468, SUCCESS, logIndex=5348, commits[6571ba41-d309-4d1d-a321-129a77bf1602:c5348, 75e8c5ea-f06a-43e1-af6e-1f7f9b0b2cc1:c5346, 1d8d2908-dfb4-4358-9c6e-64b435d6fccc:c5346]
2019-07-03 07:08:53,262 INFO  client.GrpcClientProtocolClient (GrpcClientProtocolClient.java:onNext(254)) - client-253D2503C21A->6571ba41-d309-4d1d-a321-129a77bf1602: receive RaftClientReply:client-253D2503C21A->6571ba41-d309-4d1d-a321-129a77bf1602@group-6D4C5FD51127, cid=3469, SUCCESS, logIndex=5350, commits[6571ba41-d309-4d1d-a321-129a77bf1602:c5350, 75e8c5ea-f06a-43e1-af6e-1f7f9b0b2cc1:c5348, 1d8d2908-dfb4-4358-9c6e-64b435d6fccc:c5348]
2019-07-03 07:08:53,265 INFO  client.GrpcClientProtocolClient (GrpcClientProtocolClient.java:onNext(254)) - client-253D2503C21A->6571ba41-d309-4d1d-a321-129a77bf1602: receive RaftClientReply:client-253D2503C21A->6571ba41-d309-4d1d-a321-129a77bf1602@group-6D4C5FD51127, cid=3470, SUCCESS, logIndex=5352, commits[6571ba41-d309-4d1d-a321-129a77bf1602:c5352, 75e8c5ea-f06a-43e1-af6e-1f7f9b0b2cc1:c5350, 1d8d2908-dfb4-4358-9c6e-64b435d6fccc:c5350]
2019-07-03 07:08:53,267 INFO  client.GrpcClientProtocolClient (GrpcClientProtocolClient.java:onNext(254)) - client-253D2503C21A->6571ba41-d309-4d1d-a321-129a77bf1602: receive RaftClientReply:client-253D2503C21A->6571ba41-d309-4d1d-a321-129a77bf1602@group-6D4C5FD51127, cid=3471, SUCCESS, logIndex=0, commits[6571ba41-d309-4d1d-a321-129a77bf1602:c5353, 75e8c5ea-f06a-43e1-af6e-1f7f9b0b2cc1:c5352, 1d8d2908-dfb4-4358-9c6e-64b435d6fccc:c5352]
2019-07-03 07:08:53,303 INFO  client.GrpcClientProtocolClient (GrpcClientProtocolClient.java:onNext(254)) - client-253D2503C21A->6571ba41-d309-4d1d-a321-129a77bf1602: receive RaftClientReply:client-253D2503C21A->6571ba41-d309-4d1d-a321-129a77bf1602@group-6D4C5FD51127, cid=3472, SUCCESS, logIndex=5354, commits[6571ba41-d309-4d1d-a321-129a77bf1602:c5354, 75e8c5ea-f06a-43e1-af6e-1f7f9b0b2cc1:c5353, 1d8d2908-dfb4-4358-9c6e-64b435d6fccc:c5353]
2019-07-03 07:08:53,315 INFO  client.GrpcClientProtocolClient (GrpcClientProtocolClient.java:onNext(254)) - client-253D2503C21A->6571ba41-d309-4d1d-a321-129a77bf1602: receive RaftClientReply:client-253D2503C21A->6571ba41-d309-4d1d-a321-129a77bf1602@group-6D4C5FD51127, cid=3473, SUCCESS, logIndex=5356, commits[6571ba41-d309-4d1d-a321-129a77bf1602:c5356, 75e8c5ea-f06a-43e1-af6e-1f7f9b0b2cc1:c5354, 1d8d2908-dfb4-4358-9c6e-64b435d6fccc:c5354]
2019-07-03 07:08:53,316 INFO  client.GrpcClientProtocolClient (GrpcClientProtocolClient.java:onNext(254)) - client-253D2503C21A->6571ba41-d309-4d1d-a321-129a77bf1602: receive RaftClientReply:client-253D2503C21A->6571ba41-d309-4d1d-a321-129a77bf1602@group-6D4C5FD51127, cid=3474, SUCCESS, logIndex=5357, commits[6571ba41-d309-4d1d-a321-129a77bf1602:c5357, 75e8c5ea-f06a-43e1-af6e-1f7f9b0b2cc1:c5354, 1d8d2908-dfb4-4358-9c6e-64b435d6fccc:c5354]
2019-07-03 07:08:53,316 INFO  client.GrpcClientProtocolClient (GrpcClientProtocolClient.java:onNext(254)) - client-253D2503C21A->6571ba41-d309-4d1d-a321-129a77bf1602: receive RaftClientReply:client-253D2503C21A->6571ba41-d309-4d1d-a321-129a77bf1602@group-6D4C5FD51127, cid=3475, SUCCESS, logIndex=5358, commits[6571ba41-d309-4d1d-a321-129a77bf1602:c5358, 75e8c5ea-f06a-43e1-af6e-1f7f9b0b2cc1:c5354, 1d8d2908-dfb4-4358-9c6e-64b435d6fccc:c5354]
2019-07-03 07:08:53,318 INFO  client.GrpcClientProtocolClient (GrpcClientProtocolClient.java:onNext(254)) - client-253D2503C21A->6571ba41-d309-4d1d-a321-129a77bf1602: receive RaftClientReply:client-253D2503C21A->6571ba41-d309-4d1d-a321-129a77bf1602@group-6D4C5FD51127, cid=3476, SUCCESS, logIndex=0, commits[6571ba41-d309-4d1d-a321-129a77bf1602:c5359, 75e8c5ea-f06a-43e1-af6e-1f7f9b0b2cc1:c5357, 1d8d2908-dfb4-4358-9c6e-64b435d6fccc:c5356]
2019-07-03 07:08:53,339 INFO  client.GrpcClientProtocolClient (GrpcClientProtocolClient.java:onNext(254)) - client-253D2503C21A->6571ba41-d309-4d1d-a321-129a77bf1602: receive RaftClientReply:client-253D2503C21A->6571ba41-d309-4d1d-a321-129a77bf1602@group-6D4C5FD51127, cid=3477, SUCCESS, logIndex=5362, commits[6571ba41-d309-4d1d-a321-129a77bf1602:c5362, 75e8c5ea-f06a-43e1-af6e-1f7f9b0b2cc1:c5361, 1d8d2908-dfb4-4358-9c6e-64b435d6fccc:c5361]
2019-07-03 07:08:53,352 INFO  client.GrpcClientProtocolClient (GrpcClientProtocolClient.java:onNext(254)) - client-253D2503C21A->6571ba41-d309-4d1d-a321-129a77bf1602: receive RaftClientReply:client-253D2503C21A->6571ba41-d309-4d1d-a321-129a77bf1602@group-6D4C5FD51127, cid=3478, SUCCESS, logIndex=5364, commits[6571ba41-d309-4d1d-a321-129a77bf1602:c5364, 75e8c5ea-f06a-43e1-af6e-1f7f9b0b2cc1:c5362, 1d8d2908-dfb4-4358-9c6e-64b435d6fccc:c5362]
2019-07-03 07:08:53,366 INFO  client.GrpcClientProtocolClient (GrpcClientProtocolClient.java:onNext(254)) - client-253D2503C21A->6571ba41-d309-4d1d-a321-129a77bf1602: receive RaftClientReply:client-253D2503C21A->6571ba41-d309-4d1d-a321-129a77bf1602@group-6D4C5FD51127, cid=3479, SUCCESS, logIndex=5366, commits[6571ba41-d309-4d1d-a321-129a77bf1602:c5366, 75e8c5ea-f06a-43e1-af6e-1f7f9b0b2cc1:c5364, 1d8d2908-dfb4-4358-9c6e-64b435d6fccc:c5364]
2019-07-03 07:08:53,369 INFO  client.GrpcClientProtocolClient (GrpcClientProtocolClient.java:onNext(254)) - client-253D2503C21A->6571ba41-d309-4d1d-a321-129a77bf1602: receive RaftClientReply:client-253D2503C21A->6571ba41-d309-4d1d-a321-129a77bf1602@group-6D4C5FD51127, cid=3480, SUCCESS, logIndex=5368, commits[6571ba41-d309-4d1d-a321-129a77bf1602:c5368, 75e8c5ea-f06a-43e1-af6e-1f7f9b0b2cc1:c5366, 1d8d2908-dfb4-4358-9c6e-64b435d6fccc:c5366]
2019-07-03 07:08:53,381 INFO  client.GrpcClientProtocolClient (GrpcClientProtocolClient.java:onNext(254)) - client-253D2503C21A->6571ba41-d309-4d1d-a321-129a77bf1602: receive RaftClientReply:client-253D2503C21A->6571ba41-d309-4d1d-a321-129a77bf1602@group-6D4C5FD51127, cid=3481, SUCCESS, logIndex=0, commits[6571ba41-d309-4d1d-a321-129a77bf1602:c5369, 75e8c5ea-f06a-43e1-af6e-1f7f9b0b2cc1:c5368, 1d8d2908-dfb4-4358-9c6e-64b435d6fccc:c5368]
2019-07-03 07:08:53,415 INFO  client.GrpcClientProtocolClient (GrpcClientProtocolClient.java:onNext(254)) - client-253D2503C21A->6571ba41-d309-4d1d-a321-129a77bf1602: receive RaftClientReply:client-253D2503C21A->6571ba41-d309-4d1d-a321-129a77bf1602@group-6D4C5FD51127, cid=3482, SUCCESS, logIndex=5370, commits[6571ba41-d309-4d1d-a321-129a77bf1602:c5370, 75e8c5ea-f06a-43e1-af6e-1f7f9b0b2cc1:c5369, 1d8d2908-dfb4-4358-9c6e-64b435d6fccc:c5369]
2019-07-03 07:08:53,427 INFO  client.GrpcClientProtocolClient (GrpcClientProtocolClient.java:onNext(254)) - client-253D2503C21A->6571ba41-d309-4d1d-a321-129a77bf1602: receive RaftClientReply:client-253D2503C21A->6571ba41-d309-4d1d-a321-129a77bf1602@group-6D4C5FD51127, cid=3483, SUCCESS, logIndex=5372, commits[6571ba41-d309-4d1d-a321-129a77bf1602:c5373, 75e8c5ea-f06a-43e1-af6e-1f7f9b0b2cc1:c5370, 1d8d2908-dfb4-4358-9c6e-64b435d6fccc:c5370]
2019-07-03 07:08:53,428 INFO  client.GrpcClientProtocolClient (GrpcClientProtocolClient.java:onNext(254)) - client-253D2503C21A->6571ba41-d309-4d1d-a321-129a77bf1602: receive RaftClientReply:client-253D2503C21A->6571ba41-d309-4d1d-a321-129a77bf1602@group-6D4C5FD51127, cid=3484, SUCCESS, logIndex=5373, commits[6571ba41-d309-4d1d-a321-129a77bf1602:c5373, 75e8c5ea-f06a-43e1-af6e-1f7f9b0b2cc1:c5370, 1d8d2908-dfb4-4358-9c6e-64b435d6fccc:c5370]
2019-07-03 07:08:53,428 INFO  client.GrpcClientProtocolClient (GrpcClientProtocolClient.java:onNext(254)) - client-253D2503C21A->6571ba41-d309-4d1d-a321-129a77bf1602: receive RaftClientReply:client-253D2503C21A->6571ba41-d309-4d1d-a321-129a77bf1602@group-6D4C5FD51127, cid=3485, SUCCESS, logIndex=5374, commits[6571ba41-d309-4d1d-a321-129a77bf1602:c5374, 75e8c5ea-f06a-43e1-af6e-1f7f9b0b2cc1:c5370, 1d8d2908-dfb4-4358-9c6e-64b435d6fccc:c5370]
2019-07-03 07:08:53,429 INFO  client.GrpcClientProtocolClient (GrpcClientProtocolClient.java:onNext(254)) - client-253D2503C21A->6571ba41-d309-4d1d-a321-129a77bf1602: receive RaftClientReply:client-253D2503C21A->6571ba41-d309-4d1d-a321-129a77bf1602@group-6D4C5FD51127, cid=3486, SUCCESS, logIndex=0, commits[6571ba41-d309-4d1d-a321-129a77bf1602:c5375, 75e8c5ea-f06a-43e1-af6e-1f7f9b0b2cc1:c5372, 1d8d2908-dfb4-4358-9c6e-64b435d6fccc:c5372]
2019-07-03 07:08:53,450 INFO  client.GrpcClientProtocolClient (GrpcClientProtocolClient.java:onNext(254)) - client-253D2503C21A->6571ba41-d309-4d1d-a321-129a77bf1602: receive RaftClientReply:client-253D2503C21A->6571ba41-d309-4d1d-a321-129a77bf1602@group-6D4C5FD51127, cid=3487, SUCCESS, logIndex=5378, commits[6571ba41-d309-4d1d-a321-129a77bf1602:c5378, 75e8c5ea-f06a-43e1-af6e-1f7f9b0b2cc1:c5377, 1d8d2908-dfb4-4358-9c6e-64b435d6fccc:c5377]
2019-07-03 07:08:53,463 INFO  client.GrpcClientProtocolClient (GrpcClientProtocolClient.java:onNext(254)) - client-253D2503C21A->6571ba41-d309-4d1d-a321-129a77bf1602: receive RaftClientReply:client-253D2503C21A->6571ba41-d309-4d1d-a321-129a77bf1602@group-6D4C5FD51127, cid=3488, SUCCESS, logIndex=5380, commits[6571ba41-d309-4d1d-a321-129a77bf1602:c5380, 75e8c5ea-f06a-43e1-af6e-1f7f9b0b2cc1:c5378, 1d8d2908-dfb4-4358-9c6e-64b435d6fccc:c5378]
2019-07-03 07:08:53,491 INFO  client.GrpcClientProtocolClient (GrpcClientProtocolClient.java:onNext(254)) - client-253D2503C21A->6571ba41-d309-4d1d-a321-129a77bf1602: receive RaftClientReply:client-253D2503C21A->6571ba41-d309-4d1d-a321-129a77bf1602@group-6D4C5FD51127, cid=3489, SUCCESS, logIndex=5382, commits[6571ba41-d309-4d1d-a321-129a77bf1602:c5382, 75e8c5ea-f06a-43e1-af6e-1f7f9b0b2cc1:c5380, 1d8d2908-dfb4-4358-9c6e-64b435d6fccc:c5380]
2019-07-03 07:08:53,494 INFO  client.GrpcClientProtocolClient (GrpcClientProtocolClient.java:onNext(254)) - client-253D2503C21A->6571ba41-d309-4d1d-a321-129a77bf1602: receive RaftClientReply:client-253D2503C21A->6571ba41-d309-4d1d-a321-129a77bf1602@group-6D4C5FD51127, cid=3490, SUCCESS, logIndex=5384, commits[6571ba41-d309-4d1d-a321-129a77bf1602:c5384, 75e8c5ea-f06a-43e1-af6e-1f7f9b0b2cc1:c5382, 1d8d2908-dfb4-4358-9c6e-64b435d6fccc:c5382]
2019-07-03 07:08:53,496 INFO  client.GrpcClientProtocolClient (GrpcClientProtocolClient.java:onNext(254)) - client-253D2503C21A->6571ba41-d309-4d1d-a321-129a77bf1602: receive RaftClientReply:client-253D2503C21A->6571ba41-d309-4d1d-a321-129a77bf1602@group-6D4C5FD51127, cid=3491, SUCCESS, logIndex=0, commits[6571ba41-d309-4d1d-a321-129a77bf1602:c5385, 75e8c5ea-f06a-43e1-af6e-1f7f9b0b2cc1:c5384, 1d8d2908-dfb4-4358-9c6e-64b435d6fccc:c5384]
2019-07-03 07:08:53,539 INFO  client.GrpcClientProtocolClient (GrpcClientProtocolClient.java:onNext(254)) - client-253D2503C21A->6571ba41-d309-4d1d-a321-129a77bf1602: receive RaftClientReply:client-253D2503C21A->6571ba41-d309-4d1d-a321-129a77bf1602@group-6D4C5FD51127, cid=3492, SUCCESS, logIndex=5386, commits[6571ba41-d309-4d1d-a321-129a77bf1602:c5386, 75e8c5ea-f06a-43e1-af6e-1f7f9b0b2cc1:c5385, 1d8d2908-dfb4-4358-9c6e-64b435d6fccc:c5385]
2019-07-03 07:08:53,552 INFO  client.GrpcClientProtocolClient (GrpcClientProtocolClient.java:onNext(254)) - client-253D2503C21A->6571ba41-d309-4d1d-a321-129a77bf1602: receive RaftClientReply:client-253D2503C21A->6571ba41-d309-4d1d-a321-129a77bf1602@group-6D4C5FD51127, cid=3493, SUCCESS, logIndex=5388, commits[6571ba41-d309-4d1d-a321-129a77bf1602:c5388, 75e8c5ea-f06a-43e1-af6e-1f7f9b0b2cc1:c5386, 1d8d2908-dfb4-4358-9c6e-64b435d6fccc:c5386]
2019-07-03 07:08:53,552 INFO  client.GrpcClientProtocolClient (GrpcClientProtocolClient.java:onNext(254)) - client-253D2503C21A->6571ba41-d309-4d1d-a321-129a77bf1602: receive RaftClientReply:client-253D2503C21A->6571ba41-d309-4d1d-a321-129a77bf1602@group-6D4C5FD51127, cid=3494, SUCCESS, logIndex=5389, commits[6571ba41-d309-4d1d-a321-129a77bf1602:c5389, 75e8c5ea-f06a-43e1-af6e-1f7f9b0b2cc1:c5386, 1d8d2908-dfb4-4358-9c6e-64b435d6fccc:c5386]
2019-07-03 07:08:53,553 INFO  client.GrpcClientProtocolClient (GrpcClientProtocolClient.java:onNext(254)) - client-253D2503C21A->6571ba41-d309-4d1d-a321-129a77bf1602: receive RaftClientReply:client-253D2503C21A->6571ba41-d309-4d1d-a321-129a77bf1602@group-6D4C5FD51127, cid=3495, SUCCESS, logIndex=5390, commits[6571ba41-d309-4d1d-a321-129a77bf1602:c5390, 75e8c5ea-f06a-43e1-af6e-1f7f9b0b2cc1:c5386, 1d8d2908-dfb4-4358-9c6e-64b435d6fccc:c5386]
2019-07-03 07:08:53,554 INFO  client.GrpcClientProtocolClient (GrpcClientProtocolClient.java:onNext(254)) - client-253D2503C21A->6571ba41-d309-4d1d-a321-129a77bf1602: receive RaftClientReply:client-253D2503C21A->6571ba41-d309-4d1d-a321-129a77bf1602@group-6D4C5FD51127, cid=3496, SUCCESS, logIndex=0, commits[6571ba41-d309-4d1d-a321-129a77bf1602:c5392, 75e8c5ea-f06a-43e1-af6e-1f7f9b0b2cc1:c5389, 1d8d2908-dfb4-4358-9c6e-64b435d6fccc:c5389]
2019-07-03 07:08:53,577 INFO  client.GrpcClientProtocolClient (GrpcClientProtocolClient.java:onNext(254)) - client-253D2503C21A->6571ba41-d309-4d1d-a321-129a77bf1602: receive RaftClientReply:client-253D2503C21A->6571ba41-d309-4d1d-a321-129a77bf1602@group-6D4C5FD51127, cid=3497, SUCCESS, logIndex=5394, commits[6571ba41-d309-4d1d-a321-129a77bf1602:c5394, 75e8c5ea-f06a-43e1-af6e-1f7f9b0b2cc1:c5393, 1d8d2908-dfb4-4358-9c6e-64b435d6fccc:c5393]
2019-07-03 07:08:53,590 INFO  client.GrpcClientProtocolClient (GrpcClientProtocolClient.java:onNext(254)) - client-253D2503C21A->6571ba41-d309-4d1d-a321-129a77bf1602: receive RaftClientReply:client-253D2503C21A->6571ba41-d309-4d1d-a321-129a77bf1602@group-6D4C5FD51127, cid=3498, SUCCESS, logIndex=5396, commits[6571ba41-d309-4d1d-a321-129a77bf1602:c5396, 75e8c5ea-f06a-43e1-af6e-1f7f9b0b2cc1:c5394, 1d8d2908-dfb4-4358-9c6e-64b435d6fccc:c5394]
2019-07-03 07:08:53,604 INFO  client.GrpcClientProtocolClient (GrpcClientProtocolClient.java:onNext(254)) - client-253D2503C21A->6571ba41-d309-4d1d-a321-129a77bf1602: receive RaftClientReply:client-253D2503C21A->6571ba41-d309-4d1d-a321-129a77bf1602@group-6D4C5FD51127, cid=3499, SUCCESS, logIndex=5398, commits[6571ba41-d309-4d1d-a321-129a77bf1602:c5398, 75e8c5ea-f06a-43e1-af6e-1f7f9b0b2cc1:c5396, 1d8d2908-dfb4-4358-9c6e-64b435d6fccc:c5396]
2019-07-03 07:08:53,607 INFO  client.GrpcClientProtocolClient (GrpcClientProtocolClient.java:onNext(254)) - client-253D2503C21A->6571ba41-d309-4d1d-a321-129a77bf1602: receive RaftClientReply:client-253D2503C21A->6571ba41-d309-4d1d-a321-129a77bf1602@group-6D4C5FD51127, cid=3500, SUCCESS, logIndex=5400, commits[6571ba41-d309-4d1d-a321-129a77bf1602:c5400, 75e8c5ea-f06a-43e1-af6e-1f7f9b0b2cc1:c5398, 1d8d2908-dfb4-4358-9c6e-64b435d6fccc:c5398]
2019-07-03 07:08:53,619 INFO  client.GrpcClientProtocolClient (GrpcClientProtocolClient.java:onNext(254)) - client-253D2503C21A->6571ba41-d309-4d1d-a321-129a77bf1602: receive RaftClientReply:client-253D2503C21A->6571ba41-d309-4d1d-a321-129a77bf1602@group-6D4C5FD51127, cid=3501, SUCCESS, logIndex=0, commits[6571ba41-d309-4d1d-a321-129a77bf1602:c5401, 75e8c5ea-f06a-43e1-af6e-1f7f9b0b2cc1:c5400, 1d8d2908-dfb4-4358-9c6e-64b435d6fccc:c5400]
2019-07-03 07:08:53,652 INFO  client.GrpcClientProtocolClient (GrpcClientProtocolClient.java:onNext(254)) - client-253D2503C21A->6571ba41-d309-4d1d-a321-129a77bf1602: receive RaftClientReply:client-253D2503C21A->6571ba41-d309-4d1d-a321-129a77bf1602@group-6D4C5FD51127, cid=3502, SUCCESS, logIndex=5402, commits[6571ba41-d309-4d1d-a321-129a77bf1602:c5402, 75e8c5ea-f06a-43e1-af6e-1f7f9b0b2cc1:c5401, 1d8d2908-dfb4-4358-9c6e-64b435d6fccc:c5401]
 0.00% |█                                                                                                    |  0/1 Time: 0:01:012019-07-03 07:08:54,731 INFO  client.GrpcClientProtocolClient (GrpcClientProtocolClient.java:onNext(254)) - client-253D2503C21A->6571ba41-d309-4d1d-a321-129a77bf1602: receive RaftClientReply:client-253D2503C21A->6571ba41-d309-4d1d-a321-129a77bf1602@group-6D4C5FD51127, cid=3503, SUCCESS, logIndex=5404, commits[6571ba41-d309-4d1d-a321-129a77bf1602:c5405, 75e8c5ea-f06a-43e1-af6e-1f7f9b0b2cc1:c5402, 1d8d2908-dfb4-4358-9c6e-64b435d6fccc:c5403]
2019-07-03 07:08:54,731 INFO  client.GrpcClientProtocolClient (GrpcClientProtocolClient.java:onNext(254)) - client-253D2503C21A->6571ba41-d309-4d1d-a321-129a77bf1602: receive RaftClientReply:client-253D2503C21A->6571ba41-d309-4d1d-a321-129a77bf1602@group-6D4C5FD51127, cid=3504, SUCCESS, logIndex=5405, commits[6571ba41-d309-4d1d-a321-129a77bf1602:c5405, 75e8c5ea-f06a-43e1-af6e-1f7f9b0b2cc1:c5402, 1d8d2908-dfb4-4358-9c6e-64b435d6fccc:c5403]
2019-07-03 07:08:54,736 INFO  client.GrpcClientProtocolClient (GrpcClientProtocolClient.java:onNext(254)) - client-253D2503C21A->6571ba41-d309-4d1d-a321-129a77bf1602: receive RaftClientReply:client-253D2503C21A->6571ba41-d309-4d1d-a321-129a77bf1602@group-6D4C5FD51127, cid=3505, SUCCESS, logIndex=5406, commits[6571ba41-d309-4d1d-a321-129a77bf1602:c5406, 75e8c5ea-f06a-43e1-af6e-1f7f9b0b2cc1:c5403, 1d8d2908-dfb4-4358-9c6e-64b435d6fccc:c5403]
 0.00% |█                                                                                                    |  0/1 Time: 0:01:02 0.00% |█                                                                                                    |  0/1 Time: 0:01:032019-07-03 07:08:56,653 WARN  server.GrpcLogAppender (GrpcLogAppender.java:timeoutAppendRequest(199)) - GrpcLogAppender(6571ba41-d309-4d1d-a321-129a77bf1602 -> 1d8d2908-dfb4-4358-9c6e-64b435d6fccc): appendEntries Timeout, request=6571ba41-d309-4d1d-a321-129a77bf1602->1d8d2908-dfb4-4358-9c6e-64b435d6fccc#5458-t1, previous=(t:1, i:5405), leaderCommit=5402, initializing? false, entries: size=1, first=(t:1, i:5406), STATEMACHINELOGENTRY, client-253D2503C21A, cid=3505
 0.00% |█                                                                                                    |  0/1 Time: 0:01:042019-07-03 07:08:57,310 WARN  server.GrpcLogAppender (GrpcLogAppender.java:timeoutAppendRequest(199)) - GrpcLogAppender(6571ba41-d309-4d1d-a321-129a77bf1602 -> 1d8d2908-dfb4-4358-9c6e-64b435d6fccc): appendEntries Timeout, request=6571ba41-d309-4d1d-a321-129a77bf1602->1d8d2908-dfb4-4358-9c6e-64b435d6fccc#5459-t1, previous=(t:1, i:5406), leaderCommit=5403, initializing? false, entries: <empty>
2019-07-03 07:08:57,730 WARN  server.GrpcLogAppender (GrpcLogAppender.java:timeoutAppendRequest(199)) - GrpcLogAppender(6571ba41-d309-4d1d-a321-129a77bf1602 -> 1d8d2908-dfb4-4358-9c6e-64b435d6fccc): appendEntries Timeout, request=6571ba41-d309-4d1d-a321-129a77bf1602->1d8d2908-dfb4-4358-9c6e-64b435d6fccc#5460-t1, previous=(t:1, i:5406), leaderCommit=5405, initializing? false, entries: size=1, first=(t:1, i:5407), METADATAENTRY(c5405)
2019-07-03 07:08:57,730 WARN  server.GrpcLogAppender (GrpcLogAppender.java:timeoutAppendRequest(199)) - GrpcLogAppender(6571ba41-d309-4d1d-a321-129a77bf1602 -> 75e8c5ea-f06a-43e1-af6e-1f7f9b0b2cc1): appendEntries Timeout, request=6571ba41-d309-4d1d-a321-129a77bf1602->75e8c5ea-f06a-43e1-af6e-1f7f9b0b2cc1#5460-t1, previous=(t:1, i:5406), leaderCommit=5405, initializing? false, entries: size=1, first=(t:1, i:5407), METADATAENTRY(c5405)
2019-07-03 07:08:57,735 WARN  server.GrpcLogAppender (GrpcLogAppender.java:timeoutAppendRequest(199)) - GrpcLogAppender(6571ba41-d309-4d1d-a321-129a77bf1602 -> 1d8d2908-dfb4-4358-9c6e-64b435d6fccc): appendEntries Timeout, request=6571ba41-d309-4d1d-a321-129a77bf1602->1d8d2908-dfb4-4358-9c6e-64b435d6fccc#5461-t1, previous=(t:1, i:5407), leaderCommit=5406, initializing? false, entries: size=1, first=(t:1, i:5408), METADATAENTRY(c5406)
2019-07-03 07:08:57,735 WARN  server.GrpcLogAppender (GrpcLogAppender.java:timeoutAppendRequest(199)) - GrpcLogAppender(6571ba41-d309-4d1d-a321-129a77bf1602 -> 75e8c5ea-f06a-43e1-af6e-1f7f9b0b2cc1): appendEntries Timeout, request=6571ba41-d309-4d1d-a321-129a77bf1602->75e8c5ea-f06a-43e1-af6e-1f7f9b0b2cc1#5461-t1, previous=(t:1, i:5407), leaderCommit=5406, initializing? false, entries: size=1, first=(t:1, i:5408), METADATAENTRY(c5406)
 0.00% |█                                                                                                    |  0/1 Time: 0:01:052019-07-03 07:08:58,235 WARN  server.GrpcLogAppender (GrpcLogAppender.java:timeoutAppendRequest(199)) - GrpcLogAppender(6571ba41-d309-4d1d-a321-129a77bf1602 -> 1d8d2908-dfb4-4358-9c6e-64b435d6fccc): appendEntries Timeout, request=6571ba41-d309-4d1d-a321-129a77bf1602->1d8d2908-dfb4-4358-9c6e-64b435d6fccc#5462-t1, previous=(t:1, i:5408), leaderCommit=5406, initializing? false, entries: <empty>
2019-07-03 07:08:58,235 WARN  server.GrpcLogAppender (GrpcLogAppender.java:timeoutAppendRequest(199)) - GrpcLogAppender(6571ba41-d309-4d1d-a321-129a77bf1602 -> 75e8c5ea-f06a-43e1-af6e-1f7f9b0b2cc1): appendEntries Timeout, request=6571ba41-d309-4d1d-a321-129a77bf1602->75e8c5ea-f06a-43e1-af6e-1f7f9b0b2cc1#5462-t1, previous=(t:1, i:5408), leaderCommit=5406, initializing? false, entries: <empty>
2019-07-03 07:08:58,735 WARN  server.GrpcLogAppender (GrpcLogAppender.java:timeoutAppendRequest(199)) - GrpcLogAppender(6571ba41-d309-4d1d-a321-129a77bf1602 -> 1d8d2908-dfb4-4358-9c6e-64b435d6fccc): appendEntries Timeout, request=6571ba41-d309-4d1d-a321-129a77bf1602->1d8d2908-dfb4-4358-9c6e-64b435d6fccc#5463-t1, previous=(t:1, i:5408), leaderCommit=5406, initializing? false, entries: <empty>
2019-07-03 07:08:58,735 WARN  server.GrpcLogAppender (GrpcLogAppender.java:timeoutAppendRequest(199)) - GrpcLogAppender(6571ba41-d309-4d1d-a321-129a77bf1602 -> 75e8c5ea-f06a-43e1-af6e-1f7f9b0b2cc1): appendEntries Timeout, request=6571ba41-d309-4d1d-a321-129a77bf1602->75e8c5ea-f06a-43e1-af6e-1f7f9b0b2cc1#5463-t1, previous=(t:1, i:5408), leaderCommit=5406, initializing? false, entries: <empty>
2019-07-03 07:08:58,768 INFO  client.GrpcClientProtocolService (GrpcClientProtocolService.java:lambda$processClientRequest$0(264)) - Failed RaftClientRequest:client-253D2503C21A->1d8d2908-dfb4-4358-9c6e-64b435d6fccc@group-6D4C5FD51127, cid=3506, seq=0, Watch-ALL_COMMITTED(5404), Message:<EMPTY>, reply=RaftClientReply:client-253D2503C21A->1d8d2908-dfb4-4358-9c6e-64b435d6fccc@group-6D4C5FD51127, cid=3506, FAILED org.apache.ratis.protocol.NotLeaderException: Server 1d8d2908-dfb4-4358-9c6e-64b435d6fccc is not the leader (6571ba41-d309-4d1d-a321-129a77bf1602:192.168.69.120:46345). Request must be sent to leader., logIndex=0, commits[1d8d2908-dfb4-4358-9c6e-64b435d6fccc:c5404, 75e8c5ea-f06a-43e1-af6e-1f7f9b0b2cc1:c5403, 6571ba41-d309-4d1d-a321-129a77bf1602:c5406]
2019-07-03 07:08:58,773 INFO  client.GrpcClientProtocolClient (GrpcClientProtocolClient.java:onNext(254)) - client-253D2503C21A->1d8d2908-dfb4-4358-9c6e-64b435d6fccc: receive RaftClientReply:client-253D2503C21A->1d8d2908-dfb4-4358-9c6e-64b435d6fccc@group-6D4C5FD51127, cid=3506, FAILED org.apache.ratis.protocol.NotLeaderException: Server 1d8d2908-dfb4-4358-9c6e-64b435d6fccc is not the leader (6571ba41-d309-4d1d-a321-129a77bf1602:192.168.69.120:46345). Request must be sent to leader., logIndex=0, commits[1d8d2908-dfb4-4358-9c6e-64b435d6fccc:c5404, 75e8c5ea-f06a-43e1-af6e-1f7f9b0b2cc1:c5403, 6571ba41-d309-4d1d-a321-129a77bf1602:c5406]
2019-07-03 07:08:58,781 WARN  client.GrpcClientProtocolService (LogUtils.java:warn(134)) - 2-UnorderedRequestStreamObserver2: onError: org.apache.ratis.thirdparty.io.grpc.StatusRuntimeException: CANCELLED: cancelled before receiving half close
 0.00% |█                                                                                                    |  0/1 Time: 0:01:062019-07-03 07:08:59,236 WARN  server.GrpcLogAppender (GrpcLogAppender.java:timeoutAppendRequest(199)) - GrpcLogAppender(6571ba41-d309-4d1d-a321-129a77bf1602 -> 1d8d2908-dfb4-4358-9c6e-64b435d6fccc): appendEntries Timeout, request=6571ba41-d309-4d1d-a321-129a77bf1602->1d8d2908-dfb4-4358-9c6e-64b435d6fccc#5464-t1, previous=(t:1, i:5408), leaderCommit=5406, initializing? false, entries: <empty>
2019-07-03 07:08:59,236 WARN  server.GrpcLogAppender (GrpcLogAppender.java:timeoutAppendRequest(199)) - GrpcLogAppender(6571ba41-d309-4d1d-a321-129a77bf1602 -> 75e8c5ea-f06a-43e1-af6e-1f7f9b0b2cc1): appendEntries Timeout, request=6571ba41-d309-4d1d-a321-129a77bf1602->75e8c5ea-f06a-43e1-af6e-1f7f9b0b2cc1#5464-t1, previous=(t:1, i:5408), leaderCommit=5406, initializing? false, entries: <empty>
2019-07-03 07:08:59,736 WARN  server.GrpcLogAppender (GrpcLogAppender.java:timeoutAppendRequest(199)) - GrpcLogAppender(6571ba41-d309-4d1d-a321-129a77bf1602 -> 1d8d2908-dfb4-4358-9c6e-64b435d6fccc): appendEntries Timeout, request=6571ba41-d309-4d1d-a321-129a77bf1602->1d8d2908-dfb4-4358-9c6e-64b435d6fccc#5465-t1, previous=(t:1, i:5408), leaderCommit=5406, initializing? false, entries: <empty>
2019-07-03 07:08:59,736 WARN  server.GrpcLogAppender (GrpcLogAppender.java:timeoutAppendRequest(199)) - GrpcLogAppender(6571ba41-d309-4d1d-a321-129a77bf1602 -> 75e8c5ea-f06a-43e1-af6e-1f7f9b0b2cc1): appendEntries Timeout, request=6571ba41-d309-4d1d-a321-129a77bf1602->75e8c5ea-f06a-43e1-af6e-1f7f9b0b2cc1#5465-t1, previous=(t:1, i:5408), leaderCommit=5406, initializing? false, entries: <empty>
2019-07-03 07:08:59,739 WARN  scm.XceiverClientRatis (XceiverClientRatis.java:watchForCommit(260)) - 3 way commit failed 
java.util.concurrent.TimeoutException
	at java.util.concurrent.CompletableFuture.timedGet(CompletableFuture.java:1771)
	at java.util.concurrent.CompletableFuture.get(CompletableFuture.java:1915)
	at org.apache.hadoop.hdds.scm.XceiverClientRatis.watchForCommit(XceiverClientRatis.java:257)
	at org.apache.hadoop.hdds.scm.storage.CommitWatcher.watchForCommit(CommitWatcher.java:194)
	at org.apache.hadoop.hdds.scm.storage.CommitWatcher.watchOnFirstIndex(CommitWatcher.java:135)
	at org.apache.hadoop.hdds.scm.storage.BlockOutputStream.watchForCommit(BlockOutputStream.java:355)
	at org.apache.hadoop.hdds.scm.storage.BlockOutputStream.handleFullBuffer(BlockOutputStream.java:332)
	at org.apache.hadoop.hdds.scm.storage.BlockOutputStream.write(BlockOutputStream.java:259)
	at org.apache.hadoop.ozone.client.io.BlockOutputStreamEntry.write(BlockOutputStreamEntry.java:129)
	at org.apache.hadoop.ozone.client.io.KeyOutputStream.handleWrite(KeyOutputStream.java:211)
	at org.apache.hadoop.ozone.client.io.KeyOutputStream.write(KeyOutputStream.java:193)
	at org.apache.hadoop.ozone.client.io.OzoneOutputStream.write(OzoneOutputStream.java:49)
	at org.apache.hadoop.ozone.freon.RandomKeyGenerator$OfflineProcessor.run(RandomKeyGenerator.java:650)
	at java.util.concurrent.Executors$RunnableAdapter.call(Executors.java:511)
	at java.util.concurrent.FutureTask.run(FutureTask.java:266)
	at java.util.concurrent.ThreadPoolExecutor.runWorker(ThreadPoolExecutor.java:1149)
	at java.util.concurrent.ThreadPoolExecutor$Worker.run(ThreadPoolExecutor.java:624)
	at java.lang.Thread.run(Thread.java:748)
 0.00% |█                                                                                                    |  0/1 Time: 0:01:072019-07-03 07:09:00,236 WARN  server.GrpcLogAppender (GrpcLogAppender.java:timeoutAppendRequest(199)) - GrpcLogAppender(6571ba41-d309-4d1d-a321-129a77bf1602 -> 1d8d2908-dfb4-4358-9c6e-64b435d6fccc): appendEntries Timeout, request=6571ba41-d309-4d1d-a321-129a77bf1602->1d8d2908-dfb4-4358-9c6e-64b435d6fccc#5466-t1, previous=(t:1, i:5408), leaderCommit=5406, initializing? false, entries: <empty>
2019-07-03 07:09:00,236 WARN  server.GrpcLogAppender (GrpcLogAppender.java:timeoutAppendRequest(199)) - GrpcLogAppender(6571ba41-d309-4d1d-a321-129a77bf1602 -> 75e8c5ea-f06a-43e1-af6e-1f7f9b0b2cc1): appendEntries Timeout, request=6571ba41-d309-4d1d-a321-129a77bf1602->75e8c5ea-f06a-43e1-af6e-1f7f9b0b2cc1#5466-t1, previous=(t:1, i:5408), leaderCommit=5406, initializing? false, entries: <empty>
2019-07-03 07:09:00,518 WARN  server.GrpcLogAppender (GrpcLogAppender.java:onSuccess(291)) - GrpcLogAppender(6571ba41-d309-4d1d-a321-129a77bf1602 -> 75e8c5ea-f06a-43e1-af6e-1f7f9b0b2cc1): Request not found, ignoring reply: 6571ba41-d309-4d1d-a321-129a77bf1602->75e8c5ea-f06a-43e1-af6e-1f7f9b0b2cc1,true,SUCCESS,nextIndex:5408,term:1,followerCommit:5406
2019-07-03 07:09:00,518 WARN  server.GrpcLogAppender (GrpcLogAppender.java:onSuccess(291)) - GrpcLogAppender(6571ba41-d309-4d1d-a321-129a77bf1602 -> 1d8d2908-dfb4-4358-9c6e-64b435d6fccc): Request not found, ignoring reply: 6571ba41-d309-4d1d-a321-129a77bf1602->1d8d2908-dfb4-4358-9c6e-64b435d6fccc,true,SUCCESS,nextIndex:5407,term:1,followerCommit:5404
2019-07-03 07:09:00,519 WARN  server.GrpcLogAppender (GrpcLogAppender.java:onSuccess(291)) - GrpcLogAppender(6571ba41-d309-4d1d-a321-129a77bf1602 -> 1d8d2908-dfb4-4358-9c6e-64b435d6fccc): Request not found, ignoring reply: 6571ba41-d309-4d1d-a321-129a77bf1602->1d8d2908-dfb4-4358-9c6e-64b435d6fccc,true,SUCCESS,nextIndex:5407,term:1,followerCommit:5403
2019-07-03 07:09:00,519 WARN  server.GrpcLogAppender (GrpcLogAppender.java:onSuccess(291)) - GrpcLogAppender(6571ba41-d309-4d1d-a321-129a77bf1602 -> 1d8d2908-dfb4-4358-9c6e-64b435d6fccc): Request not found, ignoring reply: 6571ba41-d309-4d1d-a321-129a77bf1602->1d8d2908-dfb4-4358-9c6e-64b435d6fccc,true,SUCCESS,nextIndex:5408,term:1,followerCommit:5405
2019-07-03 07:09:00,736 WARN  server.GrpcLogAppender (GrpcLogAppender.java:timeoutAppendRequest(199)) - GrpcLogAppender(6571ba41-d309-4d1d-a321-129a77bf1602 -> 1d8d2908-dfb4-4358-9c6e-64b435d6fccc): appendEntries Timeout, request=6571ba41-d309-4d1d-a321-129a77bf1602->1d8d2908-dfb4-4358-9c6e-64b435d6fccc#5467-t1, previous=(t:1, i:5408), leaderCommit=5406, initializing? false, entries: <empty>
2019-07-03 07:09:00,736 WARN  server.GrpcLogAppender (GrpcLogAppender.java:timeoutAppendRequest(199)) - GrpcLogAppender(6571ba41-d309-4d1d-a321-129a77bf1602 -> 75e8c5ea-f06a-43e1-af6e-1f7f9b0b2cc1): appendEntries Timeout, request=6571ba41-d309-4d1d-a321-129a77bf1602->75e8c5ea-f06a-43e1-af6e-1f7f9b0b2cc1#5467-t1, previous=(t:1, i:5408), leaderCommit=5406, initializing? false, entries: <empty>
 0.00% |█                                                                                                    |  0/1 Time: 0:01:082019-07-03 07:09:01,236 WARN  server.GrpcLogAppender (GrpcLogAppender.java:timeoutAppendRequest(199)) - GrpcLogAppender(6571ba41-d309-4d1d-a321-129a77bf1602 -> 1d8d2908-dfb4-4358-9c6e-64b435d6fccc): appendEntries Timeout, request=6571ba41-d309-4d1d-a321-129a77bf1602->1d8d2908-dfb4-4358-9c6e-64b435d6fccc#5468-t1, previous=(t:1, i:5408), leaderCommit=5406, initializing? false, entries: <empty>
2019-07-03 07:09:01,236 WARN  server.GrpcLogAppender (GrpcLogAppender.java:timeoutAppendRequest(199)) - GrpcLogAppender(6571ba41-d309-4d1d-a321-129a77bf1602 -> 75e8c5ea-f06a-43e1-af6e-1f7f9b0b2cc1): appendEntries Timeout, request=6571ba41-d309-4d1d-a321-129a77bf1602->75e8c5ea-f06a-43e1-af6e-1f7f9b0b2cc1#5468-t1, previous=(t:1, i:5408), leaderCommit=5406, initializing? false, entries: <empty>
2019-07-03 07:09:01,737 WARN  server.GrpcLogAppender (GrpcLogAppender.java:timeoutAppendRequest(199)) - GrpcLogAppender(6571ba41-d309-4d1d-a321-129a77bf1602 -> 1d8d2908-dfb4-4358-9c6e-64b435d6fccc): appendEntries Timeout, request=6571ba41-d309-4d1d-a321-129a77bf1602->1d8d2908-dfb4-4358-9c6e-64b435d6fccc#5469-t1, previous=(t:1, i:5408), leaderCommit=5406, initializing? false, entries: <empty>
2019-07-03 07:09:01,737 WARN  server.GrpcLogAppender (GrpcLogAppender.java:timeoutAppendRequest(199)) - GrpcLogAppender(6571ba41-d309-4d1d-a321-129a77bf1602 -> 75e8c5ea-f06a-43e1-af6e-1f7f9b0b2cc1): appendEntries Timeout, request=6571ba41-d309-4d1d-a321-129a77bf1602->75e8c5ea-f06a-43e1-af6e-1f7f9b0b2cc1#5469-t1, previous=(t:1, i:5408), leaderCommit=5406, initializing? false, entries: <empty>
 0.00% |█                                                                                                    |  0/1 Time: 0:01:092019-07-03 07:09:02,237 WARN  server.GrpcLogAppender (GrpcLogAppender.java:timeoutAppendRequest(199)) - GrpcLogAppender(6571ba41-d309-4d1d-a321-129a77bf1602 -> 1d8d2908-dfb4-4358-9c6e-64b435d6fccc): appendEntries Timeout, request=6571ba41-d309-4d1d-a321-129a77bf1602->1d8d2908-dfb4-4358-9c6e-64b435d6fccc#5470-t1, previous=(t:1, i:5408), leaderCommit=5406, initializing? false, entries: <empty>
2019-07-03 07:09:02,237 WARN  server.GrpcLogAppender (GrpcLogAppender.java:timeoutAppendRequest(199)) - GrpcLogAppender(6571ba41-d309-4d1d-a321-129a77bf1602 -> 75e8c5ea-f06a-43e1-af6e-1f7f9b0b2cc1): appendEntries Timeout, request=6571ba41-d309-4d1d-a321-129a77bf1602->75e8c5ea-f06a-43e1-af6e-1f7f9b0b2cc1#5470-t1, previous=(t:1, i:5408), leaderCommit=5406, initializing? false, entries: <empty>
2019-07-03 07:09:02,564 WARN  server.GrpcLogAppender (GrpcLogAppender.java:onSuccess(291)) - GrpcLogAppender(6571ba41-d309-4d1d-a321-129a77bf1602 -> 1d8d2908-dfb4-4358-9c6e-64b435d6fccc): Request not found, ignoring reply: 6571ba41-d309-4d1d-a321-129a77bf1602->1d8d2908-dfb4-4358-9c6e-64b435d6fccc,true,SUCCESS,nextIndex:5409,term:1,followerCommit:5406
2019-07-03 07:09:02,564 WARN  server.GrpcLogAppender (GrpcLogAppender.java:onSuccess(291)) - GrpcLogAppender(6571ba41-d309-4d1d-a321-129a77bf1602 -> 1d8d2908-dfb4-4358-9c6e-64b435d6fccc): Request not found, ignoring reply: 6571ba41-d309-4d1d-a321-129a77bf1602->1d8d2908-dfb4-4358-9c6e-64b435d6fccc,true,SUCCESS,nextIndex:5409,term:1,followerCommit:5404
2019-07-03 07:09:02,564 WARN  server.GrpcLogAppender (GrpcLogAppender.java:onSuccess(291)) - GrpcLogAppender(6571ba41-d309-4d1d-a321-129a77bf1602 -> 1d8d2908-dfb4-4358-9c6e-64b435d6fccc): Request not found, ignoring reply: 6571ba41-d309-4d1d-a321-129a77bf1602->1d8d2908-dfb4-4358-9c6e-64b435d6fccc,true,SUCCESS,nextIndex:5409,term:1,followerCommit:5404
2019-07-03 07:09:02,565 WARN  server.GrpcLogAppender (GrpcLogAppender.java:onSuccess(291)) - GrpcLogAppender(6571ba41-d309-4d1d-a321-129a77bf1602 -> 1d8d2908-dfb4-4358-9c6e-64b435d6fccc): Request not found, ignoring reply: 6571ba41-d309-4d1d-a321-129a77bf1602->1d8d2908-dfb4-4358-9c6e-64b435d6fccc,true,SUCCESS,nextIndex:5409,term:1,followerCommit:5404
2019-07-03 07:09:02,565 WARN  server.GrpcLogAppender (GrpcLogAppender.java:onSuccess(291)) - GrpcLogAppender(6571ba41-d309-4d1d-a321-129a77bf1602 -> 1d8d2908-dfb4-4358-9c6e-64b435d6fccc): Request not found, ignoring reply: 6571ba41-d309-4d1d-a321-129a77bf1602->1d8d2908-dfb4-4358-9c6e-64b435d6fccc,true,SUCCESS,nextIndex:5409,term:1,followerCommit:5404
2019-07-03 07:09:02,565 WARN  server.GrpcLogAppender (GrpcLogAppender.java:onSuccess(291)) - GrpcLogAppender(6571ba41-d309-4d1d-a321-129a77bf1602 -> 1d8d2908-dfb4-4358-9c6e-64b435d6fccc): Request not found, ignoring reply: 6571ba41-d309-4d1d-a321-129a77bf1602->1d8d2908-dfb4-4358-9c6e-64b435d6fccc,true,SUCCESS,nextIndex:5409,term:1,followerCommit:5404
2019-07-03 07:09:02,565 WARN  server.GrpcLogAppender (GrpcLogAppender.java:onSuccess(291)) - GrpcLogAppender(6571ba41-d309-4d1d-a321-129a77bf1602 -> 1d8d2908-dfb4-4358-9c6e-64b435d6fccc): Request not found, ignoring reply: 6571ba41-d309-4d1d-a321-129a77bf1602->1d8d2908-dfb4-4358-9c6e-64b435d6fccc,true,SUCCESS,nextIndex:5409,term:1,followerCommit:5404
2019-07-03 07:09:02,566 WARN  server.GrpcLogAppender (GrpcLogAppender.java:onSuccess(291)) - GrpcLogAppender(6571ba41-d309-4d1d-a321-129a77bf1602 -> 1d8d2908-dfb4-4358-9c6e-64b435d6fccc): Request not found, ignoring reply: 6571ba41-d309-4d1d-a321-129a77bf1602->1d8d2908-dfb4-4358-9c6e-64b435d6fccc,true,SUCCESS,nextIndex:5409,term:1,followerCommit:5404
2019-07-03 07:09:02,566 WARN  server.GrpcLogAppender (GrpcLogAppender.java:onSuccess(291)) - GrpcLogAppender(6571ba41-d309-4d1d-a321-129a77bf1602 -> 1d8d2908-dfb4-4358-9c6e-64b435d6fccc): Request not found, ignoring reply: 6571ba41-d309-4d1d-a321-129a77bf1602->1d8d2908-dfb4-4358-9c6e-64b435d6fccc,true,SUCCESS,nextIndex:5409,term:1,followerCommit:5404
2019-07-03 07:09:02,566 WARN  server.GrpcLogAppender (GrpcLogAppender.java:onSuccess(291)) - GrpcLogAppender(6571ba41-d309-4d1d-a321-129a77bf1602 -> 75e8c5ea-f06a-43e1-af6e-1f7f9b0b2cc1): Request not found, ignoring reply: 6571ba41-d309-4d1d-a321-129a77bf1602->75e8c5ea-f06a-43e1-af6e-1f7f9b0b2cc1,true,SUCCESS,nextIndex:5409,term:1,followerCommit:5406
2019-07-03 07:09:02,566 WARN  server.GrpcLogAppender (GrpcLogAppender.java:onSuccess(291)) - GrpcLogAppender(6571ba41-d309-4d1d-a321-129a77bf1602 -> 1d8d2908-dfb4-4358-9c6e-64b435d6fccc): Request not found, ignoring reply: 6571ba41-d309-4d1d-a321-129a77bf1602->1d8d2908-dfb4-4358-9c6e-64b435d6fccc,true,SUCCESS,nextIndex:5409,term:1,followerCommit:5404
2019-07-03 07:09:02,567 WARN  server.GrpcLogAppender (GrpcLogAppender.java:onSuccess(291)) - GrpcLogAppender(6571ba41-d309-4d1d-a321-129a77bf1602 -> 75e8c5ea-f06a-43e1-af6e-1f7f9b0b2cc1): Request not found, ignoring reply: 6571ba41-d309-4d1d-a321-129a77bf1602->75e8c5ea-f06a-43e1-af6e-1f7f9b0b2cc1,true,SUCCESS,nextIndex:5409,term:1,followerCommit:5406
2019-07-03 07:09:02,567 WARN  server.GrpcLogAppender (GrpcLogAppender.java:onSuccess(291)) - GrpcLogAppender(6571ba41-d309-4d1d-a321-129a77bf1602 -> 75e8c5ea-f06a-43e1-af6e-1f7f9b0b2cc1): Request not found, ignoring reply: 6571ba41-d309-4d1d-a321-129a77bf1602->75e8c5ea-f06a-43e1-af6e-1f7f9b0b2cc1,true,SUCCESS,nextIndex:5409,term:1,followerCommit:5406
2019-07-03 07:09:02,570 WARN  server.GrpcLogAppender (GrpcLogAppender.java:onSuccess(291)) - GrpcLogAppender(6571ba41-d309-4d1d-a321-129a77bf1602 -> 75e8c5ea-f06a-43e1-af6e-1f7f9b0b2cc1): Request not found, ignoring reply: 6571ba41-d309-4d1d-a321-129a77bf1602->75e8c5ea-f06a-43e1-af6e-1f7f9b0b2cc1,true,SUCCESS,nextIndex:5409,term:1,followerCommit:5406
2019-07-03 07:09:02,570 WARN  server.GrpcLogAppender (GrpcLogAppender.java:onSuccess(291)) - GrpcLogAppender(6571ba41-d309-4d1d-a321-129a77bf1602 -> 75e8c5ea-f06a-43e1-af6e-1f7f9b0b2cc1): Request not found, ignoring reply: 6571ba41-d309-4d1d-a321-129a77bf1602->75e8c5ea-f06a-43e1-af6e-1f7f9b0b2cc1,true,SUCCESS,nextIndex:5409,term:1,followerCommit:5406
2019-07-03 07:09:02,571 WARN  server.GrpcLogAppender (GrpcLogAppender.java:onSuccess(291)) - GrpcLogAppender(6571ba41-d309-4d1d-a321-129a77bf1602 -> 75e8c5ea-f06a-43e1-af6e-1f7f9b0b2cc1): Request not found, ignoring reply: 6571ba41-d309-4d1d-a321-129a77bf1602->75e8c5ea-f06a-43e1-af6e-1f7f9b0b2cc1,true,SUCCESS,nextIndex:5409,term:1,followerCommit:5406
2019-07-03 07:09:02,571 WARN  server.GrpcLogAppender (GrpcLogAppender.java:onSuccess(291)) - GrpcLogAppender(6571ba41-d309-4d1d-a321-129a77bf1602 -> 75e8c5ea-f06a-43e1-af6e-1f7f9b0b2cc1): Request not found, ignoring reply: 6571ba41-d309-4d1d-a321-129a77bf1602->75e8c5ea-f06a-43e1-af6e-1f7f9b0b2cc1,true,SUCCESS,nextIndex:5409,term:1,followerCommit:5406
2019-07-03 07:09:02,573 WARN  server.GrpcLogAppender (GrpcLogAppender.java:onSuccess(291)) - GrpcLogAppender(6571ba41-d309-4d1d-a321-129a77bf1602 -> 75e8c5ea-f06a-43e1-af6e-1f7f9b0b2cc1): Request not found, ignoring reply: 6571ba41-d309-4d1d-a321-129a77bf1602->75e8c5ea-f06a-43e1-af6e-1f7f9b0b2cc1,true,SUCCESS,nextIndex:5409,term:1,followerCommit:5406
2019-07-03 07:09:02,573 INFO  client.GrpcClientProtocolClient (GrpcClientProtocolClient.java:onNext(254)) - client-253D2503C21A->6571ba41-d309-4d1d-a321-129a77bf1602: receive RaftClientReply:client-253D2503C21A->6571ba41-d309-4d1d-a321-129a77bf1602@group-6D4C5FD51127, cid=3507, SUCCESS, logIndex=0, commits[6571ba41-d309-4d1d-a321-129a77bf1602:c5406, 75e8c5ea-f06a-43e1-af6e-1f7f9b0b2cc1:c5403, 1d8d2908-dfb4-4358-9c6e-64b435d6fccc:c5404]
2019-07-03 07:09:02,573 WARN  server.GrpcLogAppender (GrpcLogAppender.java:onSuccess(291)) - GrpcLogAppender(6571ba41-d309-4d1d-a321-129a77bf1602 -> 75e8c5ea-f06a-43e1-af6e-1f7f9b0b2cc1): Request not found, ignoring reply: 6571ba41-d309-4d1d-a321-129a77bf1602->75e8c5ea-f06a-43e1-af6e-1f7f9b0b2cc1,true,SUCCESS,nextIndex:5409,term:1,followerCommit:5406
2019-07-03 07:09:02,574 WARN  server.GrpcLogAppender (GrpcLogAppender.java:onSuccess(291)) - GrpcLogAppender(6571ba41-d309-4d1d-a321-129a77bf1602 -> 75e8c5ea-f06a-43e1-af6e-1f7f9b0b2cc1): Request not found, ignoring reply: 6571ba41-d309-4d1d-a321-129a77bf1602->75e8c5ea-f06a-43e1-af6e-1f7f9b0b2cc1,true,SUCCESS,nextIndex:5409,term:1,followerCommit:5406
2019-07-03 07:09:02,575 INFO  client.GrpcClientProtocolClient (GrpcClientProtocolClient.java:onNext(254)) - client-253D2503C21A->6571ba41-d309-4d1d-a321-129a77bf1602: receive RaftClientReply:client-253D2503C21A->6571ba41-d309-4d1d-a321-129a77bf1602@group-6D4C5FD51127, cid=3506, SUCCESS, logIndex=0, commits[6571ba41-d309-4d1d-a321-129a77bf1602:c5407, 75e8c5ea-f06a-43e1-af6e-1f7f9b0b2cc1:c5406, 1d8d2908-dfb4-4358-9c6e-64b435d6fccc:c5406]
2019-07-03 07:09:02,577 INFO  scm.XceiverClientRatis (XceiverClientRatis.java:lambda$watchForCommit$7(278)) - Could not commit 5404 to all the nodes. Server 75e8c5ea-f06a-43e1-af6e-1f7f9b0b2cc1 has failed. Committed by majority.
 0.00% |█                                                                                                    |  0/1 Time: 0:01:10 0.00% |█                                                                                                    |  0/1 Time: 0:01:11 0.00% |█                                                                                                    |  0/1 Time: 0:01:12 0.00% |█                                                                                                    |  0/1 Time: 0:01:132019-07-03 07:09:06,610 INFO  client.GrpcClientProtocolClient (GrpcClientProtocolClient.java:onNext(254)) - client-253D2503C21A->1d8d2908-dfb4-4358-9c6e-64b435d6fccc: receive RaftClientReply:client-253D2503C21A->1d8d2908-dfb4-4358-9c6e-64b435d6fccc@group-6D4C5FD51127, cid=3508, FAILED org.apache.ratis.protocol.NotLeaderException: Server 1d8d2908-dfb4-4358-9c6e-64b435d6fccc is not the leader (6571ba41-d309-4d1d-a321-129a77bf1602:192.168.69.120:46345). Request must be sent to leader., logIndex=0, commits[1d8d2908-dfb4-4358-9c6e-64b435d6fccc:c5407, 75e8c5ea-f06a-43e1-af6e-1f7f9b0b2cc1:c5407, 6571ba41-d309-4d1d-a321-129a77bf1602:c5407]
2019-07-03 07:09:06,616 WARN  client.GrpcClientProtocolService (LogUtils.java:warn(134)) - 3-OrderedRequestStreamObserver3: onError: org.apache.ratis.thirdparty.io.grpc.StatusRuntimeException: CANCELLED: cancelled before receiving half close
 0.00% |█                                                                                                    |  0/1 Time: 0:01:14 0.00% |█                                                                                                    |  0/1 Time: 0:01:15 0.00% |█                                                                                                    |  0/1 Time: 0:01:162019-07-03 07:09:09,871 INFO  client.GrpcClientProtocolClient (GrpcClientProtocolClient.java:onNext(254)) - client-253D2503C21A->6571ba41-d309-4d1d-a321-129a77bf1602: receive RaftClientReply:client-253D2503C21A->6571ba41-d309-4d1d-a321-129a77bf1602@group-6D4C5FD51127, cid=3508, SUCCESS, logIndex=5409, commits[6571ba41-d309-4d1d-a321-129a77bf1602:c5410, 75e8c5ea-f06a-43e1-af6e-1f7f9b0b2cc1:c5408, 1d8d2908-dfb4-4358-9c6e-64b435d6fccc:c5408]
 0.00% |█                                                                                                    |  0/1 Time: 0:01:17 0.00% |█                                                                                                    |  0/1 Time: 0:01:18 0.00% |█                                                                                                    |  0/1 Time: 0:01:192019-07-03 07:09:12,881 WARN  server.GrpcLogAppender (GrpcLogAppender.java:timeoutAppendRequest(199)) - GrpcLogAppender(6571ba41-d309-4d1d-a321-129a77bf1602 -> 75e8c5ea-f06a-43e1-af6e-1f7f9b0b2cc1): appendEntries Timeout, request=6571ba41-d309-4d1d-a321-129a77bf1602->75e8c5ea-f06a-43e1-af6e-1f7f9b0b2cc1#5493-t1, previous=(t:1, i:5410), leaderCommit=5410, initializing? false, entries: size=1, first=(t:1, i:5411), STATEMACHINELOGENTRY, client-253D2503C21A, cid=3509
2019-07-03 07:09:12,881 WARN  server.GrpcLogAppender (GrpcLogAppender.java:timeoutAppendRequest(199)) - GrpcLogAppender(6571ba41-d309-4d1d-a321-129a77bf1602 -> 1d8d2908-dfb4-4358-9c6e-64b435d6fccc): appendEntries Timeout, request=6571ba41-d309-4d1d-a321-129a77bf1602->1d8d2908-dfb4-4358-9c6e-64b435d6fccc#5493-t1, previous=(t:1, i:5410), leaderCommit=5410, initializing? false, entries: size=1, first=(t:1, i:5411), STATEMACHINELOGENTRY, client-253D2503C21A, cid=3509
 0.00% |█                                                                                                    |  0/1 Time: 0:01:202019-07-03 07:09:13,379 WARN  server.GrpcLogAppender (GrpcLogAppender.java:timeoutAppendRequest(199)) - GrpcLogAppender(6571ba41-d309-4d1d-a321-129a77bf1602 -> 75e8c5ea-f06a-43e1-af6e-1f7f9b0b2cc1): appendEntries Timeout, request=6571ba41-d309-4d1d-a321-129a77bf1602->75e8c5ea-f06a-43e1-af6e-1f7f9b0b2cc1#5494-t1, previous=(t:1, i:5411), leaderCommit=5410, initializing? false, entries: <empty>
2019-07-03 07:09:13,379 WARN  server.GrpcLogAppender (GrpcLogAppender.java:timeoutAppendRequest(199)) - GrpcLogAppender(6571ba41-d309-4d1d-a321-129a77bf1602 -> 1d8d2908-dfb4-4358-9c6e-64b435d6fccc): appendEntries Timeout, request=6571ba41-d309-4d1d-a321-129a77bf1602->1d8d2908-dfb4-4358-9c6e-64b435d6fccc#5494-t1, previous=(t:1, i:5411), leaderCommit=5410, initializing? false, entries: <empty>
2019-07-03 07:09:13,754 WARN  server.GrpcLogAppender (GrpcLogAppender.java:onSuccess(291)) - GrpcLogAppender(6571ba41-d309-4d1d-a321-129a77bf1602 -> 75e8c5ea-f06a-43e1-af6e-1f7f9b0b2cc1): Request not found, ignoring reply: 6571ba41-d309-4d1d-a321-129a77bf1602->75e8c5ea-f06a-43e1-af6e-1f7f9b0b2cc1,true,SUCCESS,nextIndex:5412,term:1,followerCommit:5410
2019-07-03 07:09:13,754 WARN  server.GrpcLogAppender (GrpcLogAppender.java:onSuccess(291)) - GrpcLogAppender(6571ba41-d309-4d1d-a321-129a77bf1602 -> 1d8d2908-dfb4-4358-9c6e-64b435d6fccc): Request not found, ignoring reply: 6571ba41-d309-4d1d-a321-129a77bf1602->1d8d2908-dfb4-4358-9c6e-64b435d6fccc,true,SUCCESS,nextIndex:5412,term:1,followerCommit:5410
2019-07-03 07:09:13,755 WARN  server.GrpcLogAppender (GrpcLogAppender.java:onSuccess(291)) - GrpcLogAppender(6571ba41-d309-4d1d-a321-129a77bf1602 -> 75e8c5ea-f06a-43e1-af6e-1f7f9b0b2cc1): Request not found, ignoring reply: 6571ba41-d309-4d1d-a321-129a77bf1602->75e8c5ea-f06a-43e1-af6e-1f7f9b0b2cc1,true,SUCCESS,nextIndex:5412,term:1,followerCommit:5410
2019-07-03 07:09:13,755 WARN  server.GrpcLogAppender (GrpcLogAppender.java:onSuccess(291)) - GrpcLogAppender(6571ba41-d309-4d1d-a321-129a77bf1602 -> 1d8d2908-dfb4-4358-9c6e-64b435d6fccc): Request not found, ignoring reply: 6571ba41-d309-4d1d-a321-129a77bf1602->1d8d2908-dfb4-4358-9c6e-64b435d6fccc,true,SUCCESS,nextIndex:5412,term:1,followerCommit:5410
 0.00% |█                                                                                                    |  0/1 Time: 0:01:212019-07-03 07:09:13,895 INFO  client.GrpcClientProtocolClient (GrpcClientProtocolClient.java:onNext(254)) - client-253D2503C21A->75e8c5ea-f06a-43e1-af6e-1f7f9b0b2cc1: receive RaftClientReply:client-253D2503C21A->75e8c5ea-f06a-43e1-af6e-1f7f9b0b2cc1@group-6D4C5FD51127, cid=3509, FAILED org.apache.ratis.protocol.NotLeaderException: Server 75e8c5ea-f06a-43e1-af6e-1f7f9b0b2cc1 is not the leader (6571ba41-d309-4d1d-a321-129a77bf1602:192.168.69.120:46345). Request must be sent to leader., logIndex=0, commits[75e8c5ea-f06a-43e1-af6e-1f7f9b0b2cc1:c5410, 6571ba41-d309-4d1d-a321-129a77bf1602:c5411, 1d8d2908-dfb4-4358-9c6e-64b435d6fccc:c5410]
2019-07-03 07:09:13,902 WARN  client.GrpcClientProtocolService (LogUtils.java:warn(134)) - 5-OrderedRequestStreamObserver5: onError: org.apache.ratis.thirdparty.io.grpc.StatusRuntimeException: CANCELLED: cancelled before receiving half close
 0.00% |█                                                                                                    |  0/1 Time: 0:01:222019-07-03 07:09:14,915 INFO  client.GrpcClientProtocolClient (GrpcClientProtocolClient.java:onNext(254)) - client-253D2503C21A->1d8d2908-dfb4-4358-9c6e-64b435d6fccc: receive RaftClientReply:client-253D2503C21A->1d8d2908-dfb4-4358-9c6e-64b435d6fccc@group-6D4C5FD51127, cid=3509, FAILED org.apache.ratis.protocol.NotLeaderException: Server 1d8d2908-dfb4-4358-9c6e-64b435d6fccc is not the leader (6571ba41-d309-4d1d-a321-129a77bf1602:192.168.69.120:46345). Request must be sent to leader., logIndex=0, commits[1d8d2908-dfb4-4358-9c6e-64b435d6fccc:c5412, 75e8c5ea-f06a-43e1-af6e-1f7f9b0b2cc1:c5411, 6571ba41-d309-4d1d-a321-129a77bf1602:c5412]
2019-07-03 07:09:14,922 WARN  client.GrpcClientProtocolService (LogUtils.java:warn(134)) - 4-OrderedRequestStreamObserver4: onError: org.apache.ratis.thirdparty.io.grpc.StatusRuntimeException: CANCELLED: cancelled before receiving half close
 0.00% |█                                                                                                    |  0/1 Time: 0:01:232019-07-03 07:09:15,937 INFO  client.GrpcClientProtocolClient (GrpcClientProtocolClient.java:onNext(254)) - client-253D2503C21A->6571ba41-d309-4d1d-a321-129a77bf1602: receive RaftClientReply:client-253D2503C21A->6571ba41-d309-4d1d-a321-129a77bf1602@group-6D4C5FD51127, cid=3509, SUCCESS, logIndex=5411, commits[6571ba41-d309-4d1d-a321-129a77bf1602:c5411, 75e8c5ea-f06a-43e1-af6e-1f7f9b0b2cc1:c5410, 1d8d2908-dfb4-4358-9c6e-64b435d6fccc:c5410]
2019-07-03 07:09:15,973 INFO  client.GrpcClientProtocolClient (GrpcClientProtocolClient.java:onNext(254)) - client-253D2503C21A->6571ba41-d309-4d1d-a321-129a77bf1602: receive RaftClientReply:client-253D2503C21A->6571ba41-d309-4d1d-a321-129a77bf1602@group-6D4C5FD51127, cid=3510, SUCCESS, logIndex=5413, commits[6571ba41-d309-4d1d-a321-129a77bf1602:c5413, 75e8c5ea-f06a-43e1-af6e-1f7f9b0b2cc1:c5412, 1d8d2908-dfb4-4358-9c6e-64b435d6fccc:c5412]
2019-07-03 07:09:15,973 INFO  storage.RaftLogWorker (RaftLogWorker.java:rollLogSegment(303)) - 6571ba41-d309-4d1d-a321-129a77bf1602-RaftLogWorker: Rolling segment log-5336_5414 to index:5414
2019-07-03 07:09:15,974 INFO  storage.RaftLogWorker (RaftLogWorker.java:rollLogSegment(303)) - 75e8c5ea-f06a-43e1-af6e-1f7f9b0b2cc1-RaftLogWorker: Rolling segment log-5336_5414 to index:5414
2019-07-03 07:09:15,975 INFO  storage.RaftLogWorker (RaftLogWorker.java:rollLogSegment(303)) - 1d8d2908-dfb4-4358-9c6e-64b435d6fccc-RaftLogWorker: Rolling segment log-5336_5414 to index:5414
2019-07-03 07:09:15,980 INFO  storage.RaftLogWorker (RaftLogWorker.java:execute(433)) - 6571ba41-d309-4d1d-a321-129a77bf1602-RaftLogWorker: Rolled log segment from /opt/src/hadoop-ozone/tools/target/test-dir/MiniOzoneClusterImpl-0519545d-318d-4c21-a2a0-688f18f8a31d/datanode-4/data/ratis/23ffc2a4-5526-4092-9dc4-6d4c5fd51127/current/log_inprogress_5336 to /opt/src/hadoop-ozone/tools/target/test-dir/MiniOzoneClusterImpl-0519545d-318d-4c21-a2a0-688f18f8a31d/datanode-4/data/ratis/23ffc2a4-5526-4092-9dc4-6d4c5fd51127/current/log_5336-5414
2019-07-03 07:09:15,981 INFO  storage.RaftLogWorker (RaftLogWorker.java:execute(433)) - 75e8c5ea-f06a-43e1-af6e-1f7f9b0b2cc1-RaftLogWorker: Rolled log segment from /opt/src/hadoop-ozone/tools/target/test-dir/MiniOzoneClusterImpl-0519545d-318d-4c21-a2a0-688f18f8a31d/datanode-1/data/ratis/23ffc2a4-5526-4092-9dc4-6d4c5fd51127/current/log_inprogress_5336 to /opt/src/hadoop-ozone/tools/target/test-dir/MiniOzoneClusterImpl-0519545d-318d-4c21-a2a0-688f18f8a31d/datanode-1/data/ratis/23ffc2a4-5526-4092-9dc4-6d4c5fd51127/current/log_5336-5414
2019-07-03 07:09:15,981 INFO  storage.RaftLogWorker (RaftLogWorker.java:execute(433)) - 1d8d2908-dfb4-4358-9c6e-64b435d6fccc-RaftLogWorker: Rolled log segment from /opt/src/hadoop-ozone/tools/target/test-dir/MiniOzoneClusterImpl-0519545d-318d-4c21-a2a0-688f18f8a31d/datanode-2/data/ratis/23ffc2a4-5526-4092-9dc4-6d4c5fd51127/current/log_inprogress_5336 to /opt/src/hadoop-ozone/tools/target/test-dir/MiniOzoneClusterImpl-0519545d-318d-4c21-a2a0-688f18f8a31d/datanode-2/data/ratis/23ffc2a4-5526-4092-9dc4-6d4c5fd51127/current/log_5336-5414
2019-07-03 07:09:16,031 INFO  storage.RaftLogWorker (RaftLogWorker.java:execute(469)) - 75e8c5ea-f06a-43e1-af6e-1f7f9b0b2cc1-RaftLogWorker: created new log segment /opt/src/hadoop-ozone/tools/target/test-dir/MiniOzoneClusterImpl-0519545d-318d-4c21-a2a0-688f18f8a31d/datanode-1/data/ratis/23ffc2a4-5526-4092-9dc4-6d4c5fd51127/current/log_inprogress_5415
2019-07-03 07:09:16,031 INFO  storage.RaftLogWorker (RaftLogWorker.java:execute(469)) - 6571ba41-d309-4d1d-a321-129a77bf1602-RaftLogWorker: created new log segment /opt/src/hadoop-ozone/tools/target/test-dir/MiniOzoneClusterImpl-0519545d-318d-4c21-a2a0-688f18f8a31d/datanode-4/data/ratis/23ffc2a4-5526-4092-9dc4-6d4c5fd51127/current/log_inprogress_5415
2019-07-03 07:09:16,031 INFO  storage.RaftLogWorker (RaftLogWorker.java:execute(469)) - 1d8d2908-dfb4-4358-9c6e-64b435d6fccc-RaftLogWorker: created new log segment /opt/src/hadoop-ozone/tools/target/test-dir/MiniOzoneClusterImpl-0519545d-318d-4c21-a2a0-688f18f8a31d/datanode-2/data/ratis/23ffc2a4-5526-4092-9dc4-6d4c5fd51127/current/log_inprogress_5415
2019-07-03 07:09:16,044 INFO  client.GrpcClientProtocolClient (GrpcClientProtocolClient.java:onNext(254)) - client-253D2503C21A->6571ba41-d309-4d1d-a321-129a77bf1602: receive RaftClientReply:client-253D2503C21A->6571ba41-d309-4d1d-a321-129a77bf1602@group-6D4C5FD51127, cid=3511, SUCCESS, logIndex=5415, commits[6571ba41-d309-4d1d-a321-129a77bf1602:c5415, 75e8c5ea-f06a-43e1-af6e-1f7f9b0b2cc1:c5413, 1d8d2908-dfb4-4358-9c6e-64b435d6fccc:c5413]
2019-07-03 07:09:16,059 INFO  client.GrpcClientProtocolClient (GrpcClientProtocolClient.java:onNext(254)) - client-253D2503C21A->6571ba41-d309-4d1d-a321-129a77bf1602: receive RaftClientReply:client-253D2503C21A->6571ba41-d309-4d1d-a321-129a77bf1602@group-6D4C5FD51127, cid=3512, SUCCESS, logIndex=0, commits[6571ba41-d309-4d1d-a321-129a77bf1602:c5415, 75e8c5ea-f06a-43e1-af6e-1f7f9b0b2cc1:c5415, 1d8d2908-dfb4-4358-9c6e-64b435d6fccc:c5415]
2019-07-03 07:09:16,096 WARN  block.BlockManagerImpl (BlockManagerImpl.java:allocateBlock(192)) - Pipeline creation failed for type:RATIS factor:THREE. Retrying get pipelines call once.
org.apache.hadoop.hdds.scm.pipeline.InsufficientDatanodesException: Cannot create pipeline of factor 3 using 2 nodes.
	at org.apache.hadoop.hdds.scm.pipeline.RatisPipelineProvider.create(RatisPipelineProvider.java:151)
	at org.apache.hadoop.hdds.scm.pipeline.PipelineFactory.create(PipelineFactory.java:57)
	at org.apache.hadoop.hdds.scm.pipeline.SCMPipelineManager.createPipeline(SCMPipelineManager.java:149)
	at org.apache.hadoop.hdds.scm.block.BlockManagerImpl.allocateBlock(BlockManagerImpl.java:190)
	at org.apache.hadoop.hdds.scm.server.SCMBlockProtocolServer.allocateBlock(SCMBlockProtocolServer.java:172)
	at org.apache.hadoop.ozone.protocolPB.ScmBlockLocationProtocolServerSideTranslatorPB.allocateScmBlock(ScmBlockLocationProtocolServerSideTranslatorPB.java:82)
	at org.apache.hadoop.hdds.protocol.proto.ScmBlockLocationProtocolProtos$ScmBlockLocationProtocolService$2.callBlockingMethod(ScmBlockLocationProtocolProtos.java:7533)
	at org.apache.hadoop.ipc.ProtobufRpcEngine$Server$ProtoBufRpcInvoker.call(ProtobufRpcEngine.java:524)
	at org.apache.hadoop.ipc.RPC$Server.call(RPC.java:1025)
	at org.apache.hadoop.ipc.Server$RpcCall.run(Server.java:876)
	at org.apache.hadoop.ipc.Server$RpcCall.run(Server.java:822)
	at java.security.AccessController.doPrivileged(Native Method)
	at javax.security.auth.Subject.doAs(Subject.java:422)
	at org.apache.hadoop.security.UserGroupInformation.doAs(UserGroupInformation.java:1730)
	at org.apache.hadoop.ipc.Server$Handler.run(Server.java:2682)
2019-07-03 07:09:16,098 INFO  block.BlockManagerImpl (BlockManagerImpl.java:allocateBlock(198)) - Could not find available pipeline of type:RATIS and factor:THREE even after retrying
2019-07-03 07:09:16,098 ERROR block.BlockManagerImpl (BlockManagerImpl.java:allocateBlock(222)) - Unable to allocate a block for the size: 4194304, type: RATIS, factor: THREE
07:09:16.104 [IPC Server handler 2 on 44111] ERROR OMAudit - user=jenkins1000 | ip=127.0.0.1 | op=ALLOCATE_BLOCK {volume=vol-0-67318, bucket=bucket-0-58029, key=key-0-41224, dataSize=0, replicationType=null, replicationFactor=null, keyLocationInfo=null, clientID=102376254512169360} | ret=FAILURE
java.io.IOException: Allocate block failed.
	at org.apache.hadoop.hdds.scm.protocolPB.ScmBlockLocationProtocolClientSideTranslatorPB.allocateBlock(ScmBlockLocationProtocolClientSideTranslatorPB.java:111) ~[classes/:?]
	at sun.reflect.GeneratedMethodAccessor48.invoke(Unknown Source) ~[?:?]
	at sun.reflect.DelegatingMethodAccessorImpl.invoke(DelegatingMethodAccessorImpl.java:43) ~[?:1.8.0_212]
	at java.lang.reflect.Method.invoke(Method.java:498) ~[?:1.8.0_212]
	at org.apache.hadoop.hdds.tracing.TraceAllMethod.invoke(TraceAllMethod.java:66) ~[classes/:?]
	at com.sun.proxy.$Proxy27.allocateBlock(Unknown Source) ~[?:?]
	at org.apache.hadoop.ozone.om.KeyManagerImpl.allocateBlock(KeyManagerImpl.java:347) ~[classes/:?]
	at org.apache.hadoop.ozone.om.KeyManagerImpl.allocateBlock(KeyManagerImpl.java:315) ~[classes/:?]
	at org.apache.hadoop.ozone.om.OzoneManager.allocateBlock(OzoneManager.java:2314) [classes/:?]
	at org.apache.hadoop.ozone.protocolPB.OzoneManagerRequestHandler.allocateBlock(OzoneManagerRequestHandler.java:756) [classes/:?]
	at org.apache.hadoop.ozone.protocolPB.OzoneManagerRequestHandler.handle(OzoneManagerRequestHandler.java:249) [classes/:?]
	at org.apache.hadoop.ozone.protocolPB.OzoneManagerProtocolServerSideTranslatorPB.submitRequestDirectlyToOM(OzoneManagerProtocolServerSideTranslatorPB.java:180) [classes/:?]
	at org.apache.hadoop.ozone.protocolPB.OzoneManagerProtocolServerSideTranslatorPB.submitRequest(OzoneManagerProtocolServerSideTranslatorPB.java:102) [classes/:?]
	at org.apache.hadoop.ozone.protocol.proto.OzoneManagerProtocolProtos$OzoneManagerService$2.callBlockingMethod(OzoneManagerProtocolProtos.java) [classes/:?]
	at org.apache.hadoop.ipc.ProtobufRpcEngine$Server$ProtoBufRpcInvoker.call(ProtobufRpcEngine.java:524) [hadoop-common-3.2.0.jar:?]
	at org.apache.hadoop.ipc.RPC$Server.call(RPC.java:1025) [hadoop-common-3.2.0.jar:?]
	at org.apache.hadoop.ipc.Server$RpcCall.run(Server.java:876) [hadoop-common-3.2.0.jar:?]
	at org.apache.hadoop.ipc.Server$RpcCall.run(Server.java:822) [hadoop-common-3.2.0.jar:?]
	at java.security.AccessController.doPrivileged(Native Method) [?:1.8.0_212]
	at javax.security.auth.Subject.doAs(Subject.java:422) [?:1.8.0_212]
	at org.apache.hadoop.security.UserGroupInformation.doAs(UserGroupInformation.java:1730) [hadoop-common-3.2.0.jar:?]
	at org.apache.hadoop.ipc.Server$Handler.run(Server.java:2682) [hadoop-common-3.2.0.jar:?]
2019-07-03 07:09:16,129 ERROR io.BlockOutputStreamEntryPool (BlockOutputStreamEntryPool.java:allocateBlockIfNeeded(299)) - Try to allocate more blocks for write failed, already allocated 0 blocks for this write.
INTERNAL_ERROR org.apache.hadoop.ozone.om.exceptions.OMException: Allocate block failed.
	at org.apache.hadoop.ozone.om.protocolPB.OzoneManagerProtocolClientSideTranslatorPB.handleError(OzoneManagerProtocolClientSideTranslatorPB.java:720)
	at org.apache.hadoop.ozone.om.protocolPB.OzoneManagerProtocolClientSideTranslatorPB.allocateBlock(OzoneManagerProtocolClientSideTranslatorPB.java:743)
	at org.apache.hadoop.ozone.client.io.BlockOutputStreamEntryPool.allocateNewBlock(BlockOutputStreamEntryPool.java:248)
	at org.apache.hadoop.ozone.client.io.BlockOutputStreamEntryPool.allocateBlockIfNeeded(BlockOutputStreamEntryPool.java:296)
	at org.apache.hadoop.ozone.client.io.KeyOutputStream.handleWrite(KeyOutputStream.java:201)
	at org.apache.hadoop.ozone.client.io.KeyOutputStream.write(KeyOutputStream.java:193)
	at org.apache.hadoop.ozone.client.io.OzoneOutputStream.write(OzoneOutputStream.java:49)
	at org.apache.hadoop.ozone.freon.RandomKeyGenerator$OfflineProcessor.run(RandomKeyGenerator.java:650)
	at java.util.concurrent.Executors$RunnableAdapter.call(Executors.java:511)
	at java.util.concurrent.FutureTask.run(FutureTask.java:266)
	at java.util.concurrent.ThreadPoolExecutor.runWorker(ThreadPoolExecutor.java:1149)
	at java.util.concurrent.ThreadPoolExecutor$Worker.run(ThreadPoolExecutor.java:624)
	at java.lang.Thread.run(Thread.java:748)
2019-07-03 07:09:16,129 ERROR freon.RandomKeyGenerator (RandomKeyGenerator.java:run(675)) - Exception while adding key: key-0-41224 in bucket: org.apache.hadoop.ozone.client.OzoneBucket@5b09e861 of volume: org.apache.hadoop.ozone.client.OzoneVolume@24efc1ea.
INTERNAL_ERROR org.apache.hadoop.ozone.om.exceptions.OMException: Allocate block failed.
	at org.apache.hadoop.ozone.om.protocolPB.OzoneManagerProtocolClientSideTranslatorPB.handleError(OzoneManagerProtocolClientSideTranslatorPB.java:720)
	at org.apache.hadoop.ozone.om.protocolPB.OzoneManagerProtocolClientSideTranslatorPB.allocateBlock(OzoneManagerProtocolClientSideTranslatorPB.java:743)
	at org.apache.hadoop.ozone.client.io.BlockOutputStreamEntryPool.allocateNewBlock(BlockOutputStreamEntryPool.java:248)
	at org.apache.hadoop.ozone.client.io.BlockOutputStreamEntryPool.allocateBlockIfNeeded(BlockOutputStreamEntryPool.java:296)
	at org.apache.hadoop.ozone.client.io.KeyOutputStream.handleWrite(KeyOutputStream.java:201)
	at org.apache.hadoop.ozone.client.io.KeyOutputStream.write(KeyOutputStream.java:193)
	at org.apache.hadoop.ozone.client.io.OzoneOutputStream.write(OzoneOutputStream.java:49)
	at org.apache.hadoop.ozone.freon.RandomKeyGenerator$OfflineProcessor.run(RandomKeyGenerator.java:650)
	at java.util.concurrent.Executors$RunnableAdapter.call(Executors.java:511)
	at java.util.concurrent.FutureTask.run(FutureTask.java:266)
	at java.util.concurrent.ThreadPoolExecutor.runWorker(ThreadPoolExecutor.java:1149)
	at java.util.concurrent.ThreadPoolExecutor$Worker.run(ThreadPoolExecutor.java:624)
	at java.lang.Thread.run(Thread.java:748)
 100.00% |█████████████████████████████████████████████████████████████████████████████████████████████████████|  1/1 Time: 0:01:24
]]></system-out>
  </testcase>
  <testcase name="multiThread" classname="org.apache.hadoop.ozone.freon.TestRandomKeyGenerator" time="8.038"/>
</testsuite>