<?xml version="1.0" encoding="UTF-8"?>
<testsuite xmlns:xsi="http://www.w3.org/2001/XMLSchema-instance" xsi:noNamespaceSchemaLocation="https://maven.apache.org/surefire/maven-surefire-plugin/xsd/surefire-test-report.xsd" name="org.apache.hadoop.hdds.scm.pipeline.TestNodeFailure" time="40.885" tests="1" errors="0" skipped="1" failures="0">
  <properties>
    <property name="awt.toolkit" value="sun.awt.X11.XToolkit"/>
    <property name="file.encoding.pkg" value="sun.io"/>
    <property name="java.specification.version" value="1.8"/>
    <property name="sun.cpu.isalist" value=""/>
    <property name="sun.jnu.encoding" value="UTF-8"/>
    <property name="java.class.path" value="/opt/src/hadoop-ozone/integration-test/target/test-classes:/opt/src/hadoop-ozone/integration-test/target/classes:/root/.m2/repository/org/apache/hadoop/hadoop-ozone-common/0.5.0-SNAPSHOT/hadoop-ozone-common-0.5.0-SNAPSHOT.jar:/root/.m2/repository/org/apache/commons/commons-compress/1.4.1/commons-compress-1.4.1.jar:/root/.m2/repository/org/tukaani/xz/1.0/xz-1.0.jar:/root/.m2/repository/org/apache/hadoop/hadoop-common/3.2.0/hadoop-common-3.2.0.jar:/root/.m2/repository/org/apache/hadoop/hadoop-hdfs/3.2.0/hadoop-hdfs-3.2.0.jar:/root/.m2/repository/org/apache/hadoop/hadoop-hdfs-client/3.2.0/hadoop-hdfs-client-3.2.0.jar:/root/.m2/repository/com/fasterxml/jackson/core/jackson-annotations/2.9.5/jackson-annotations-2.9.5.jar:/root/.m2/repository/org/apache/hadoop/hadoop-hdds-common/0.5.0-SNAPSHOT/hadoop-hdds-common-0.5.0-SNAPSHOT.jar:/root/.m2/repository/javax/annotation/javax.annotation-api/1.2/javax.annotation-api-1.2.jar:/root/.m2/repository/org/apache/ratis/ratis-server/0.4.0-fe2b15d-SNAPSHOT/ratis-server-0.4.0-fe2b15d-SNAPSHOT.jar:/root/.m2/repository/org/apache/ratis/ratis-thirdparty-misc/0.2.0/ratis-thirdparty-misc-0.2.0.jar:/root/.m2/repository/org/apache/ratis/ratis-proto/0.4.0-fe2b15d-SNAPSHOT/ratis-proto-0.4.0-fe2b15d-SNAPSHOT.jar:/root/.m2/repository/org/apache/ratis/ratis-common/0.4.0-fe2b15d-SNAPSHOT/ratis-common-0.4.0-fe2b15d-SNAPSHOT.jar:/root/.m2/repository/org/apache/ratis/ratis-client/0.4.0-fe2b15d-SNAPSHOT/ratis-client-0.4.0-fe2b15d-SNAPSHOT.jar:/root/.m2/repository/org/apache/ratis/ratis-netty/0.4.0-fe2b15d-SNAPSHOT/ratis-netty-0.4.0-fe2b15d-SNAPSHOT.jar:/root/.m2/repository/org/apache/ratis/ratis-grpc/0.4.0-fe2b15d-SNAPSHOT/ratis-grpc-0.4.0-fe2b15d-SNAPSHOT.jar:/root/.m2/repository/org/rocksdb/rocksdbjni/5.14.2/rocksdbjni-5.14.2.jar:/root/.m2/repository/org/apache/logging/log4j/log4j-api/2.11.0/log4j-api-2.11.0.jar:/root/.m2/repository/org/apache/logging/log4j/log4j-core/2.11.0/log4j-core-2.11.0.jar:/root/.m2/repository/com/lmax/disruptor/3.4.2/disruptor-3.4.2.jar:/root/.m2/repository/org/apache/commons/commons-pool2/2.6.0/commons-pool2-2.6.0.jar:/root/.m2/repository/org/bouncycastle/bcpkix-jdk15on/1.60/bcpkix-jdk15on-1.60.jar:/root/.m2/repository/commons-validator/commons-validator/1.6/commons-validator-1.6.jar:/root/.m2/repository/commons-digester/commons-digester/1.8.1/commons-digester-1.8.1.jar:/root/.m2/repository/io/jaegertracing/jaeger-client/0.33.1/jaeger-client-0.33.1.jar:/root/.m2/repository/io/jaegertracing/jaeger-thrift/0.33.1/jaeger-thrift-0.33.1.jar:/root/.m2/repository/org/apache/thrift/libthrift/0.11.0/libthrift-0.11.0.jar:/root/.m2/repository/com/squareup/okhttp3/okhttp/3.9.0/okhttp-3.9.0.jar:/root/.m2/repository/com/squareup/okio/okio/1.13.0/okio-1.13.0.jar:/root/.m2/repository/io/jaegertracing/jaeger-core/0.33.1/jaeger-core-0.33.1.jar:/root/.m2/repository/io/jaegertracing/jaeger-tracerresolver/0.33.1/jaeger-tracerresolver-0.33.1.jar:/root/.m2/repository/io/opentracing/contrib/opentracing-tracerresolver/0.1.5/opentracing-tracerresolver-0.1.5.jar:/root/.m2/repository/io/opentracing/opentracing-util/0.31.0/opentracing-util-0.31.0.jar:/root/.m2/repository/io/opentracing/opentracing-api/0.31.0/opentracing-api-0.31.0.jar:/root/.m2/repository/io/opentracing/opentracing-noop/0.31.0/opentracing-noop-0.31.0.jar:/root/.m2/repository/org/apache/hadoop/hadoop-hdds-server-framework/0.5.0-SNAPSHOT/hadoop-hdds-server-framework-0.5.0-SNAPSHOT.jar:/root/.m2/repository/org/apache/hadoop/hadoop-hdds-server-scm/0.5.0-SNAPSHOT/hadoop-hdds-server-scm-0.5.0-SNAPSHOT.jar:/root/.m2/repository/org/apache/hadoop/hadoop-hdds-container-service/0.5.0-SNAPSHOT/hadoop-hdds-container-service-0.5.0-SNAPSHOT.jar:/root/.m2/repository/org/apache/hadoop/hadoop-hdds-client/0.5.0-SNAPSHOT/hadoop-hdds-client-0.5.0-SNAPSHOT.jar:/root/.m2/repository/org/apache/hadoop/hadoop-hdds-tools/0.5.0-SNAPSHOT/hadoop-hdds-tools-0.5.0-SNAPSHOT.jar:/root/.m2/repository/org/apache/hadoop/hadoop-ozone-ozone-manager/0.5.0-SNAPSHOT/hadoop-ozone-ozone-manager-0.5.0-SNAPSHOT.jar:/root/.m2/repository/org/apache/hadoop/hadoop-hdds-docs/0.5.0-SNAPSHOT/hadoop-hdds-docs-0.5.0-SNAPSHOT.jar:/root/.m2/repository/org/bouncycastle/bcprov-jdk15on/1.60/bcprov-jdk15on-1.60.jar:/root/.m2/repository/org/apache/hadoop/hadoop-minikdc/3.2.0/hadoop-minikdc-3.2.0.jar:/root/.m2/repository/commons-io/commons-io/2.5/commons-io-2.5.jar:/root/.m2/repository/org/apache/kerby/kerb-simplekdc/1.0.1/kerb-simplekdc-1.0.1.jar:/root/.m2/repository/org/apache/kerby/kerb-client/1.0.1/kerb-client-1.0.1.jar:/root/.m2/repository/org/apache/kerby/kerby-config/1.0.1/kerby-config-1.0.1.jar:/root/.m2/repository/org/apache/kerby/kerb-core/1.0.1/kerb-core-1.0.1.jar:/root/.m2/repository/org/apache/kerby/kerby-pkix/1.0.1/kerby-pkix-1.0.1.jar:/root/.m2/repository/org/apache/kerby/kerby-asn1/1.0.1/kerby-asn1-1.0.1.jar:/root/.m2/repository/org/apache/kerby/kerby-util/1.0.1/kerby-util-1.0.1.jar:/root/.m2/repository/org/apache/kerby/kerb-common/1.0.1/kerb-common-1.0.1.jar:/root/.m2/repository/org/apache/kerby/kerb-crypto/1.0.1/kerb-crypto-1.0.1.jar:/root/.m2/repository/org/apache/kerby/kerb-util/1.0.1/kerb-util-1.0.1.jar:/root/.m2/repository/org/apache/kerby/token-provider/1.0.1/token-provider-1.0.1.jar:/root/.m2/repository/org/apache/kerby/kerb-admin/1.0.1/kerb-admin-1.0.1.jar:/root/.m2/repository/org/apache/kerby/kerb-server/1.0.1/kerb-server-1.0.1.jar:/root/.m2/repository/org/apache/kerby/kerb-identity/1.0.1/kerb-identity-1.0.1.jar:/root/.m2/repository/org/apache/kerby/kerby-xdr/1.0.1/kerby-xdr-1.0.1.jar:/root/.m2/repository/org/slf4j/slf4j-log4j12/1.7.25/slf4j-log4j12-1.7.25.jar:/root/.m2/repository/org/apache/hadoop/hadoop-ozone-objectstore-service/0.5.0-SNAPSHOT/hadoop-ozone-objectstore-service-0.5.0-SNAPSHOT.jar:/root/.m2/repository/org/apache/hadoop/hadoop-ozone-s3gateway/0.5.0-SNAPSHOT/hadoop-ozone-s3gateway-0.5.0-SNAPSHOT.jar:/root/.m2/repository/org/jboss/weld/servlet/weld-servlet/2.4.7.Final/weld-servlet-2.4.7.Final.jar:/root/.m2/repository/org/glassfish/jersey/containers/jersey-container-servlet-core/2.27/jersey-container-servlet-core-2.27.jar:/root/.m2/repository/org/glassfish/hk2/external/javax.inject/2.5.0-b42/javax.inject-2.5.0-b42.jar:/root/.m2/repository/org/glassfish/jersey/core/jersey-common/2.27/jersey-common-2.27.jar:/root/.m2/repository/org/glassfish/hk2/osgi-resource-locator/1.0.1/osgi-resource-locator-1.0.1.jar:/root/.m2/repository/javax/ws/rs/javax.ws.rs-api/2.1/javax.ws.rs-api-2.1.jar:/root/.m2/repository/org/glassfish/jersey/ext/cdi/jersey-cdi1x/2.27/jersey-cdi1x-2.27.jar:/root/.m2/repository/org/glassfish/jersey/inject/jersey-hk2/2.27/jersey-hk2-2.27.jar:/root/.m2/repository/org/glassfish/hk2/hk2-locator/2.5.0-b42/hk2-locator-2.5.0-b42.jar:/root/.m2/repository/org/javassist/javassist/3.22.0-CR2/javassist-3.22.0-CR2.jar:/root/.m2/repository/org/glassfish/hk2/hk2-api/2.5.0/hk2-api-2.5.0.jar:/root/.m2/repository/org/glassfish/hk2/external/jakarta.inject/2.5.0/jakarta.inject-2.5.0.jar:/root/.m2/repository/org/glassfish/hk2/hk2-utils/2.5.0/hk2-utils-2.5.0.jar:/root/.m2/repository/jakarta/annotation/jakarta.annotation-api/1.3.4/jakarta.annotation-api-1.3.4.jar:/root/.m2/repository/org/glassfish/hk2/external/aopalliance-repackaged/2.5.0/aopalliance-repackaged-2.5.0.jar:/root/.m2/repository/com/fasterxml/jackson/dataformat/jackson-dataformat-xml/2.9.0/jackson-dataformat-xml-2.9.0.jar:/root/.m2/repository/com/fasterxml/jackson/core/jackson-core/2.9.5/jackson-core-2.9.5.jar:/root/.m2/repository/com/fasterxml/jackson/module/jackson-module-jaxb-annotations/2.9.5/jackson-module-jaxb-annotations-2.9.5.jar:/root/.m2/repository/javax/enterprise/cdi-api/1.2/cdi-api-1.2.jar:/root/.m2/repository/javax/el/javax.el-api/3.0.0/javax.el-api-3.0.0.jar:/root/.m2/repository/javax/interceptor/javax.interceptor-api/1.2/javax.interceptor-api-1.2.jar:/root/.m2/repository/javax/inject/javax.inject/1/javax.inject-1.jar:/root/.m2/repository/com/sun/xml/bind/jaxb-impl/2.3.0.1/jaxb-impl-2.3.0.1.jar:/root/.m2/repository/com/sun/xml/bind/jaxb-core/2.3.0.1/jaxb-core-2.3.0.1.jar:/root/.m2/repository/javax/xml/bind/jaxb-api/2.3.0/jaxb-api-2.3.0.jar:/root/.m2/repository/javax/activation/activation/1.1.1/activation-1.1.1.jar:/root/.m2/repository/org/apache/hadoop/hadoop-ozone-csi/0.5.0-SNAPSHOT/hadoop-ozone-csi-0.5.0-SNAPSHOT.jar:/root/.m2/repository/com/google/protobuf/protobuf-java-util/3.5.1/protobuf-java-util-3.5.1.jar:/root/.m2/repository/org/apache/hadoop/hadoop-hdds-config/0.5.0-SNAPSHOT/hadoop-hdds-config-0.5.0-SNAPSHOT.jar:/root/.m2/repository/com/google/guava/guava/11.0.2/guava-11.0.2.jar:/root/.m2/repository/com/google/protobuf/protobuf-java/2.5.0/protobuf-java-2.5.0.jar:/root/.m2/repository/io/grpc/grpc-netty/1.17.1/grpc-netty-1.17.1.jar:/root/.m2/repository/io/grpc/grpc-core/1.17.1/grpc-core-1.17.1.jar:/root/.m2/repository/io/grpc/grpc-context/1.17.1/grpc-context-1.17.1.jar:/root/.m2/repository/com/google/errorprone/error_prone_annotations/2.2.0/error_prone_annotations-2.2.0.jar:/root/.m2/repository/org/codehaus/mojo/animal-sniffer-annotations/1.17/animal-sniffer-annotations-1.17.jar:/root/.m2/repository/io/opencensus/opencensus-api/0.17.0/opencensus-api-0.17.0.jar:/root/.m2/repository/io/opencensus/opencensus-contrib-grpc-metrics/0.17.0/opencensus-contrib-grpc-metrics-0.17.0.jar:/root/.m2/repository/io/netty/netty-codec-http2/4.1.30.Final/netty-codec-http2-4.1.30.Final.jar:/root/.m2/repository/io/netty/netty-codec-http/4.1.30.Final/netty-codec-http-4.1.30.Final.jar:/root/.m2/repository/io/netty/netty-codec/4.1.30.Final/netty-codec-4.1.30.Final.jar:/root/.m2/repository/io/netty/netty-handler/4.1.30.Final/netty-handler-4.1.30.Final.jar:/root/.m2/repository/io/netty/netty-handler-proxy/4.1.30.Final/netty-handler-proxy-4.1.30.Final.jar:/root/.m2/repository/io/netty/netty-codec-socks/4.1.30.Final/netty-codec-socks-4.1.30.Final.jar:/root/.m2/repository/io/netty/netty-transport-native-epoll/4.1.30.Final/netty-transport-native-epoll-4.1.30.Final.jar:/root/.m2/repository/io/netty/netty-common/4.1.30.Final/netty-common-4.1.30.Final.jar:/root/.m2/repository/io/netty/netty-buffer/4.1.30.Final/netty-buffer-4.1.30.Final.jar:/root/.m2/repository/io/netty/netty-transport/4.1.30.Final/netty-transport-4.1.30.Final.jar:/root/.m2/repository/io/netty/netty-resolver/4.1.30.Final/netty-resolver-4.1.30.Final.jar:/root/.m2/repository/io/netty/netty-transport-native-unix-common/4.1.30.Final/netty-transport-native-unix-common-4.1.30.Final.jar:/root/.m2/repository/io/grpc/grpc-protobuf/1.17.1/grpc-protobuf-1.17.1.jar:/root/.m2/repository/com/google/api/grpc/proto-google-common-protos/1.0.0/proto-google-common-protos-1.0.0.jar:/root/.m2/repository/io/grpc/grpc-protobuf-lite/1.17.1/grpc-protobuf-lite-1.17.1.jar:/root/.m2/repository/io/grpc/grpc-stub/1.17.1/grpc-stub-1.17.1.jar:/root/.m2/repository/org/apache/hadoop/hadoop-ozone-recon/0.5.0-SNAPSHOT/hadoop-ozone-recon-0.5.0-SNAPSHOT.jar:/root/.m2/repository/org/apache/hadoop/hadoop-ozone-reconcodegen/0.5.0-SNAPSHOT/hadoop-ozone-reconcodegen-0.5.0-SNAPSHOT.jar:/root/.m2/repository/com/google/inject/extensions/guice-multibindings/4.0/guice-multibindings-4.0.jar:/root/.m2/repository/com/google/inject/guice/4.0/guice-4.0.jar:/root/.m2/repository/aopalliance/aopalliance/1.0/aopalliance-1.0.jar:/root/.m2/repository/com/google/inject/extensions/guice-servlet/4.0/guice-servlet-4.0.jar:/root/.m2/repository/org/glassfish/jersey/containers/jersey-container-servlet/2.27/jersey-container-servlet-2.27.jar:/root/.m2/repository/org/glassfish/hk2/guice-bridge/2.5.0/guice-bridge-2.5.0.jar:/root/.m2/repository/org/glassfish/jersey/core/jersey-server/2.27/jersey-server-2.27.jar:/root/.m2/repository/org/glassfish/jersey/core/jersey-client/2.27/jersey-client-2.27.jar:/root/.m2/repository/org/glassfish/jersey/media/jersey-media-jaxb/2.27/jersey-media-jaxb-2.27.jar:/root/.m2/repository/javax/validation/validation-api/1.1.0.Final/validation-api-1.1.0.Final.jar:/root/.m2/repository/org/glassfish/jersey/media/jersey-media-json-jackson/2.27/jersey-media-json-jackson-2.27.jar:/root/.m2/repository/org/glassfish/jersey/ext/jersey-entity-filtering/2.27/jersey-entity-filtering-2.27.jar:/root/.m2/repository/com/google/inject/extensions/guice-assistedinject/4.0/guice-assistedinject-4.0.jar:/root/.m2/repository/org/jooq/jooq/3.11.10/jooq-3.11.10.jar:/root/.m2/repository/org/jooq/jooq-meta/3.11.10/jooq-meta-3.11.10.jar:/root/.m2/repository/org/jooq/jooq-codegen/3.11.10/jooq-codegen-3.11.10.jar:/root/.m2/repository/com/jolbox/bonecp/0.8.0.RELEASE/bonecp-0.8.0.RELEASE.jar:/root/.m2/repository/org/xerial/sqlite-jdbc/3.25.2/sqlite-jdbc-3.25.2.jar:/root/.m2/repository/org/springframework/spring-jdbc/5.1.3.RELEASE/spring-jdbc-5.1.3.RELEASE.jar:/root/.m2/repository/org/springframework/spring-beans/5.1.3.RELEASE/spring-beans-5.1.3.RELEASE.jar:/root/.m2/repository/org/springframework/spring-core/5.1.3.RELEASE/spring-core-5.1.3.RELEASE.jar:/root/.m2/repository/org/springframework/spring-jcl/5.1.3.RELEASE/spring-jcl-5.1.3.RELEASE.jar:/root/.m2/repository/org/springframework/spring-tx/5.1.3.RELEASE/spring-tx-5.1.3.RELEASE.jar:/root/.m2/repository/org/apache/hadoop/hadoop-ozone-client/0.5.0-SNAPSHOT/hadoop-ozone-client-0.5.0-SNAPSHOT.jar:/root/.m2/repository/org/apache/hadoop/hadoop-ozone-ozone-manager/0.5.0-SNAPSHOT/hadoop-ozone-ozone-manager-0.5.0-SNAPSHOT-tests.jar:/root/.m2/repository/junit/junit/4.11/junit-4.11.jar:/root/.m2/repository/org/hamcrest/hamcrest-core/1.3/hamcrest-core-1.3.jar:/root/.m2/repository/org/openjdk/jmh/jmh-core/1.19/jmh-core-1.19.jar:/root/.m2/repository/net/sf/jopt-simple/jopt-simple/4.6/jopt-simple-4.6.jar:/root/.m2/repository/org/apache/commons/commons-math3/3.1.1/commons-math3-3.1.1.jar:/root/.m2/repository/org/openjdk/jmh/jmh-generator-annprocess/1.19/jmh-generator-annprocess-1.19.jar:/root/.m2/repository/org/mockito/mockito-all/1.8.5/mockito-all-1.8.5.jar:/root/.m2/repository/org/apache/hadoop/hadoop-kms/3.2.0/hadoop-kms-3.2.0.jar:/root/.m2/repository/org/apache/hadoop/hadoop-auth/3.2.0/hadoop-auth-3.2.0.jar:/root/.m2/repository/com/nimbusds/nimbus-jose-jwt/4.41.1/nimbus-jose-jwt-4.41.1.jar:/root/.m2/repository/com/github/stephenc/jcip/jcip-annotations/1.0-1/jcip-annotations-1.0-1.jar:/root/.m2/repository/net/minidev/json-smart/2.3/json-smart-2.3.jar:/root/.m2/repository/net/minidev/accessors-smart/1.2/accessors-smart-1.2.jar:/root/.m2/repository/org/ow2/asm/asm/5.0.4/asm-5.0.4.jar:/root/.m2/repository/org/apache/curator/curator-framework/2.12.0/curator-framework-2.12.0.jar:/root/.m2/repository/com/sun/jersey/jersey-core/1.19/jersey-core-1.19.jar:/root/.m2/repository/javax/ws/rs/jsr311-api/1.1.1/jsr311-api-1.1.1.jar:/root/.m2/repository/com/sun/jersey/jersey-server/1.19/jersey-server-1.19.jar:/root/.m2/repository/javax/servlet/javax.servlet-api/3.1.0/javax.servlet-api-3.1.0.jar:/root/.m2/repository/org/eclipse/jetty/jetty-server/9.3.24.v20180605/jetty-server-9.3.24.v20180605.jar:/root/.m2/repository/org/eclipse/jetty/jetty-http/9.3.24.v20180605/jetty-http-9.3.24.v20180605.jar:/root/.m2/repository/org/eclipse/jetty/jetty-io/9.3.24.v20180605/jetty-io-9.3.24.v20180605.jar:/root/.m2/repository/org/eclipse/jetty/jetty-webapp/9.3.24.v20180605/jetty-webapp-9.3.24.v20180605.jar:/root/.m2/repository/org/eclipse/jetty/jetty-xml/9.3.24.v20180605/jetty-xml-9.3.24.v20180605.jar:/root/.m2/repository/log4j/log4j/1.2.17/log4j-1.2.17.jar:/root/.m2/repository/org/slf4j/slf4j-api/1.7.25/slf4j-api-1.7.25.jar:/root/.m2/repository/org/slf4j/jul-to-slf4j/1.7.25/jul-to-slf4j-1.7.25.jar:/root/.m2/repository/org/eclipse/jetty/jetty-util/9.3.24.v20180605/jetty-util-9.3.24.v20180605.jar:/root/.m2/repository/io/dropwizard/metrics/metrics-core/3.2.4/metrics-core-3.2.4.jar:/root/.m2/repository/com/fasterxml/jackson/core/jackson-databind/2.9.5/jackson-databind-2.9.5.jar:/root/.m2/repository/org/apache/hadoop/hadoop-kms/3.2.0/hadoop-kms-3.2.0-tests.jar:/root/.m2/repository/org/apache/hadoop/hadoop-hdds-server-scm/0.5.0-SNAPSHOT/hadoop-hdds-server-scm-0.5.0-SNAPSHOT-tests.jar:/root/.m2/repository/org/hamcrest/hamcrest-all/1.3/hamcrest-all-1.3.jar:/root/.m2/repository/info/picocli/picocli/3.9.6/picocli-3.9.6.jar:/root/.m2/repository/org/apache/hadoop/hadoop-hdds-container-service/0.5.0-SNAPSHOT/hadoop-hdds-container-service-0.5.0-SNAPSHOT-tests.jar:/root/.m2/repository/org/yaml/snakeyaml/1.16/snakeyaml-1.16.jar:/root/.m2/repository/org/apache/hadoop/hadoop-common/3.2.0/hadoop-common-3.2.0-tests.jar:/root/.m2/repository/org/apache/hadoop/hadoop-annotations/3.2.0/hadoop-annotations-3.2.0.jar:/usr/lib/jvm/java-1.8-openjdk/jre/../lib/tools.jar:/root/.m2/repository/commons-cli/commons-cli/1.2/commons-cli-1.2.jar:/root/.m2/repository/org/apache/httpcomponents/httpclient/4.5.2/httpclient-4.5.2.jar:/root/.m2/repository/org/apache/httpcomponents/httpcore/4.4.4/httpcore-4.4.4.jar:/root/.m2/repository/commons-codec/commons-codec/1.11/commons-codec-1.11.jar:/root/.m2/repository/commons-net/commons-net/3.6/commons-net-3.6.jar:/root/.m2/repository/commons-collections/commons-collections/3.2.2/commons-collections-3.2.2.jar:/root/.m2/repository/org/eclipse/jetty/jetty-servlet/9.3.24.v20180605/jetty-servlet-9.3.24.v20180605.jar:/root/.m2/repository/org/eclipse/jetty/jetty-security/9.3.24.v20180605/jetty-security-9.3.24.v20180605.jar:/root/.m2/repository/javax/servlet/jsp/jsp-api/2.1/jsp-api-2.1.jar:/root/.m2/repository/com/sun/jersey/jersey-servlet/1.19/jersey-servlet-1.19.jar:/root/.m2/repository/com/sun/jersey/jersey-json/1.19/jersey-json-1.19.jar:/root/.m2/repository/org/codehaus/jettison/jettison/1.1/jettison-1.1.jar:/root/.m2/repository/org/codehaus/jackson/jackson-core-asl/1.9.13/jackson-core-asl-1.9.13.jar:/root/.m2/repository/org/codehaus/jackson/jackson-mapper-asl/1.9.13/jackson-mapper-asl-1.9.13.jar:/root/.m2/repository/org/codehaus/jackson/jackson-jaxrs/1.9.13/jackson-jaxrs-1.9.13.jar:/root/.m2/repository/org/codehaus/jackson/jackson-xc/1.9.13/jackson-xc-1.9.13.jar:/root/.m2/repository/commons-logging/commons-logging/1.1.3/commons-logging-1.1.3.jar:/root/.m2/repository/commons-beanutils/commons-beanutils/1.9.3/commons-beanutils-1.9.3.jar:/root/.m2/repository/org/apache/commons/commons-configuration2/2.1.1/commons-configuration2-2.1.1.jar:/root/.m2/repository/org/apache/commons/commons-lang3/3.7/commons-lang3-3.7.jar:/root/.m2/repository/org/apache/commons/commons-text/1.4/commons-text-1.4.jar:/root/.m2/repository/org/apache/avro/avro/1.7.7/avro-1.7.7.jar:/root/.m2/repository/com/thoughtworks/paranamer/paranamer/2.3/paranamer-2.3.jar:/root/.m2/repository/org/xerial/snappy/snappy-java/1.0.5/snappy-java-1.0.5.jar:/root/.m2/repository/com/google/re2j/re2j/1.1/re2j-1.1.jar:/root/.m2/repository/com/google/code/gson/gson/2.2.4/gson-2.2.4.jar:/root/.m2/repository/com/jcraft/jsch/0.1.54/jsch-0.1.54.jar:/root/.m2/repository/org/apache/curator/curator-client/2.12.0/curator-client-2.12.0.jar:/root/.m2/repository/org/apache/curator/curator-recipes/2.12.0/curator-recipes-2.12.0.jar:/root/.m2/repository/com/google/code/findbugs/jsr305/3.0.0/jsr305-3.0.0.jar:/root/.m2/repository/org/apache/htrace/htrace-core4/4.1.0-incubating/htrace-core4-4.1.0-incubating.jar:/root/.m2/repository/org/apache/zookeeper/zookeeper/3.4.13/zookeeper-3.4.13.jar:/root/.m2/repository/org/apache/yetus/audience-annotations/0.5.0/audience-annotations-0.5.0.jar:/root/.m2/repository/org/codehaus/woodstox/stax2-api/3.1.4/stax2-api-3.1.4.jar:/root/.m2/repository/com/fasterxml/woodstox/woodstox-core/5.0.3/woodstox-core-5.0.3.jar:/root/.m2/repository/dnsjava/dnsjava/2.1.7/dnsjava-2.1.7.jar:/root/.m2/repository/org/apache/hadoop/hadoop-hdfs/3.2.0/hadoop-hdfs-3.2.0-tests.jar:/root/.m2/repository/org/eclipse/jetty/jetty-util-ajax/9.3.24.v20180605/jetty-util-ajax-9.3.24.v20180605.jar:/root/.m2/repository/commons-daemon/commons-daemon/1.0.13/commons-daemon-1.0.13.jar:/root/.m2/repository/io/netty/netty/3.10.5.Final/netty-3.10.5.Final.jar:/root/.m2/repository/io/netty/netty-all/4.0.52.Final/netty-all-4.0.52.Final.jar:/root/.m2/repository/org/fusesource/leveldbjni/leveldbjni-all/1.8/leveldbjni-all-1.8.jar:"/>
    <property name="java.vm.vendor" value="IcedTea"/>
    <property name="sun.arch.data.model" value="64"/>
    <property name="test.build.dir" value="/opt/src/hadoop-ozone/integration-test/target/test-dir"/>
    <property name="test.cache.data" value=""/>
    <property name="java.vendor.url" value="https://icedtea.classpath.org"/>
    <property name="user.timezone" value=""/>
    <property name="java.vm.specification.version" value="1.8"/>
    <property name="os.name" value="Linux"/>
    <property name="test.build.data" value="/opt/src/hadoop-ozone/integration-test/target/test-dir"/>
    <property name="user.country" value="US"/>
    <property name="sun.java.launcher" value="SUN_STANDARD"/>
    <property name="sun.boot.library.path" value="/usr/lib/jvm/java-1.8-openjdk/jre/lib/amd64"/>
    <property name="sun.java.command" value="/opt/src/hadoop-ozone/integration-test/target/surefire/surefirebooter6810032019749552117.jar /opt/src/hadoop-ozone/integration-test/target/surefire 2019-06-14T13-54-34_938-jvmRun1 surefire7831490332212403571tmp surefire_85255277806110333831tmp"/>
    <property name="surefire.test.class.path" value="/opt/src/hadoop-ozone/integration-test/target/test-classes:/opt/src/hadoop-ozone/integration-test/target/classes:/root/.m2/repository/org/apache/hadoop/hadoop-ozone-common/0.5.0-SNAPSHOT/hadoop-ozone-common-0.5.0-SNAPSHOT.jar:/root/.m2/repository/org/apache/commons/commons-compress/1.4.1/commons-compress-1.4.1.jar:/root/.m2/repository/org/tukaani/xz/1.0/xz-1.0.jar:/root/.m2/repository/org/apache/hadoop/hadoop-common/3.2.0/hadoop-common-3.2.0.jar:/root/.m2/repository/org/apache/hadoop/hadoop-hdfs/3.2.0/hadoop-hdfs-3.2.0.jar:/root/.m2/repository/org/apache/hadoop/hadoop-hdfs-client/3.2.0/hadoop-hdfs-client-3.2.0.jar:/root/.m2/repository/com/fasterxml/jackson/core/jackson-annotations/2.9.5/jackson-annotations-2.9.5.jar:/root/.m2/repository/org/apache/hadoop/hadoop-hdds-common/0.5.0-SNAPSHOT/hadoop-hdds-common-0.5.0-SNAPSHOT.jar:/root/.m2/repository/javax/annotation/javax.annotation-api/1.2/javax.annotation-api-1.2.jar:/root/.m2/repository/org/apache/ratis/ratis-server/0.4.0-fe2b15d-SNAPSHOT/ratis-server-0.4.0-fe2b15d-SNAPSHOT.jar:/root/.m2/repository/org/apache/ratis/ratis-thirdparty-misc/0.2.0/ratis-thirdparty-misc-0.2.0.jar:/root/.m2/repository/org/apache/ratis/ratis-proto/0.4.0-fe2b15d-SNAPSHOT/ratis-proto-0.4.0-fe2b15d-SNAPSHOT.jar:/root/.m2/repository/org/apache/ratis/ratis-common/0.4.0-fe2b15d-SNAPSHOT/ratis-common-0.4.0-fe2b15d-SNAPSHOT.jar:/root/.m2/repository/org/apache/ratis/ratis-client/0.4.0-fe2b15d-SNAPSHOT/ratis-client-0.4.0-fe2b15d-SNAPSHOT.jar:/root/.m2/repository/org/apache/ratis/ratis-netty/0.4.0-fe2b15d-SNAPSHOT/ratis-netty-0.4.0-fe2b15d-SNAPSHOT.jar:/root/.m2/repository/org/apache/ratis/ratis-grpc/0.4.0-fe2b15d-SNAPSHOT/ratis-grpc-0.4.0-fe2b15d-SNAPSHOT.jar:/root/.m2/repository/org/rocksdb/rocksdbjni/5.14.2/rocksdbjni-5.14.2.jar:/root/.m2/repository/org/apache/logging/log4j/log4j-api/2.11.0/log4j-api-2.11.0.jar:/root/.m2/repository/org/apache/logging/log4j/log4j-core/2.11.0/log4j-core-2.11.0.jar:/root/.m2/repository/com/lmax/disruptor/3.4.2/disruptor-3.4.2.jar:/root/.m2/repository/org/apache/commons/commons-pool2/2.6.0/commons-pool2-2.6.0.jar:/root/.m2/repository/org/bouncycastle/bcpkix-jdk15on/1.60/bcpkix-jdk15on-1.60.jar:/root/.m2/repository/commons-validator/commons-validator/1.6/commons-validator-1.6.jar:/root/.m2/repository/commons-digester/commons-digester/1.8.1/commons-digester-1.8.1.jar:/root/.m2/repository/io/jaegertracing/jaeger-client/0.33.1/jaeger-client-0.33.1.jar:/root/.m2/repository/io/jaegertracing/jaeger-thrift/0.33.1/jaeger-thrift-0.33.1.jar:/root/.m2/repository/org/apache/thrift/libthrift/0.11.0/libthrift-0.11.0.jar:/root/.m2/repository/com/squareup/okhttp3/okhttp/3.9.0/okhttp-3.9.0.jar:/root/.m2/repository/com/squareup/okio/okio/1.13.0/okio-1.13.0.jar:/root/.m2/repository/io/jaegertracing/jaeger-core/0.33.1/jaeger-core-0.33.1.jar:/root/.m2/repository/io/jaegertracing/jaeger-tracerresolver/0.33.1/jaeger-tracerresolver-0.33.1.jar:/root/.m2/repository/io/opentracing/contrib/opentracing-tracerresolver/0.1.5/opentracing-tracerresolver-0.1.5.jar:/root/.m2/repository/io/opentracing/opentracing-util/0.31.0/opentracing-util-0.31.0.jar:/root/.m2/repository/io/opentracing/opentracing-api/0.31.0/opentracing-api-0.31.0.jar:/root/.m2/repository/io/opentracing/opentracing-noop/0.31.0/opentracing-noop-0.31.0.jar:/root/.m2/repository/org/apache/hadoop/hadoop-hdds-server-framework/0.5.0-SNAPSHOT/hadoop-hdds-server-framework-0.5.0-SNAPSHOT.jar:/root/.m2/repository/org/apache/hadoop/hadoop-hdds-server-scm/0.5.0-SNAPSHOT/hadoop-hdds-server-scm-0.5.0-SNAPSHOT.jar:/root/.m2/repository/org/apache/hadoop/hadoop-hdds-container-service/0.5.0-SNAPSHOT/hadoop-hdds-container-service-0.5.0-SNAPSHOT.jar:/root/.m2/repository/org/apache/hadoop/hadoop-hdds-client/0.5.0-SNAPSHOT/hadoop-hdds-client-0.5.0-SNAPSHOT.jar:/root/.m2/repository/org/apache/hadoop/hadoop-hdds-tools/0.5.0-SNAPSHOT/hadoop-hdds-tools-0.5.0-SNAPSHOT.jar:/root/.m2/repository/org/apache/hadoop/hadoop-ozone-ozone-manager/0.5.0-SNAPSHOT/hadoop-ozone-ozone-manager-0.5.0-SNAPSHOT.jar:/root/.m2/repository/org/apache/hadoop/hadoop-hdds-docs/0.5.0-SNAPSHOT/hadoop-hdds-docs-0.5.0-SNAPSHOT.jar:/root/.m2/repository/org/bouncycastle/bcprov-jdk15on/1.60/bcprov-jdk15on-1.60.jar:/root/.m2/repository/org/apache/hadoop/hadoop-minikdc/3.2.0/hadoop-minikdc-3.2.0.jar:/root/.m2/repository/commons-io/commons-io/2.5/commons-io-2.5.jar:/root/.m2/repository/org/apache/kerby/kerb-simplekdc/1.0.1/kerb-simplekdc-1.0.1.jar:/root/.m2/repository/org/apache/kerby/kerb-client/1.0.1/kerb-client-1.0.1.jar:/root/.m2/repository/org/apache/kerby/kerby-config/1.0.1/kerby-config-1.0.1.jar:/root/.m2/repository/org/apache/kerby/kerb-core/1.0.1/kerb-core-1.0.1.jar:/root/.m2/repository/org/apache/kerby/kerby-pkix/1.0.1/kerby-pkix-1.0.1.jar:/root/.m2/repository/org/apache/kerby/kerby-asn1/1.0.1/kerby-asn1-1.0.1.jar:/root/.m2/repository/org/apache/kerby/kerby-util/1.0.1/kerby-util-1.0.1.jar:/root/.m2/repository/org/apache/kerby/kerb-common/1.0.1/kerb-common-1.0.1.jar:/root/.m2/repository/org/apache/kerby/kerb-crypto/1.0.1/kerb-crypto-1.0.1.jar:/root/.m2/repository/org/apache/kerby/kerb-util/1.0.1/kerb-util-1.0.1.jar:/root/.m2/repository/org/apache/kerby/token-provider/1.0.1/token-provider-1.0.1.jar:/root/.m2/repository/org/apache/kerby/kerb-admin/1.0.1/kerb-admin-1.0.1.jar:/root/.m2/repository/org/apache/kerby/kerb-server/1.0.1/kerb-server-1.0.1.jar:/root/.m2/repository/org/apache/kerby/kerb-identity/1.0.1/kerb-identity-1.0.1.jar:/root/.m2/repository/org/apache/kerby/kerby-xdr/1.0.1/kerby-xdr-1.0.1.jar:/root/.m2/repository/org/slf4j/slf4j-log4j12/1.7.25/slf4j-log4j12-1.7.25.jar:/root/.m2/repository/org/apache/hadoop/hadoop-ozone-objectstore-service/0.5.0-SNAPSHOT/hadoop-ozone-objectstore-service-0.5.0-SNAPSHOT.jar:/root/.m2/repository/org/apache/hadoop/hadoop-ozone-s3gateway/0.5.0-SNAPSHOT/hadoop-ozone-s3gateway-0.5.0-SNAPSHOT.jar:/root/.m2/repository/org/jboss/weld/servlet/weld-servlet/2.4.7.Final/weld-servlet-2.4.7.Final.jar:/root/.m2/repository/org/glassfish/jersey/containers/jersey-container-servlet-core/2.27/jersey-container-servlet-core-2.27.jar:/root/.m2/repository/org/glassfish/hk2/external/javax.inject/2.5.0-b42/javax.inject-2.5.0-b42.jar:/root/.m2/repository/org/glassfish/jersey/core/jersey-common/2.27/jersey-common-2.27.jar:/root/.m2/repository/org/glassfish/hk2/osgi-resource-locator/1.0.1/osgi-resource-locator-1.0.1.jar:/root/.m2/repository/javax/ws/rs/javax.ws.rs-api/2.1/javax.ws.rs-api-2.1.jar:/root/.m2/repository/org/glassfish/jersey/ext/cdi/jersey-cdi1x/2.27/jersey-cdi1x-2.27.jar:/root/.m2/repository/org/glassfish/jersey/inject/jersey-hk2/2.27/jersey-hk2-2.27.jar:/root/.m2/repository/org/glassfish/hk2/hk2-locator/2.5.0-b42/hk2-locator-2.5.0-b42.jar:/root/.m2/repository/org/javassist/javassist/3.22.0-CR2/javassist-3.22.0-CR2.jar:/root/.m2/repository/org/glassfish/hk2/hk2-api/2.5.0/hk2-api-2.5.0.jar:/root/.m2/repository/org/glassfish/hk2/external/jakarta.inject/2.5.0/jakarta.inject-2.5.0.jar:/root/.m2/repository/org/glassfish/hk2/hk2-utils/2.5.0/hk2-utils-2.5.0.jar:/root/.m2/repository/jakarta/annotation/jakarta.annotation-api/1.3.4/jakarta.annotation-api-1.3.4.jar:/root/.m2/repository/org/glassfish/hk2/external/aopalliance-repackaged/2.5.0/aopalliance-repackaged-2.5.0.jar:/root/.m2/repository/com/fasterxml/jackson/dataformat/jackson-dataformat-xml/2.9.0/jackson-dataformat-xml-2.9.0.jar:/root/.m2/repository/com/fasterxml/jackson/core/jackson-core/2.9.5/jackson-core-2.9.5.jar:/root/.m2/repository/com/fasterxml/jackson/module/jackson-module-jaxb-annotations/2.9.5/jackson-module-jaxb-annotations-2.9.5.jar:/root/.m2/repository/javax/enterprise/cdi-api/1.2/cdi-api-1.2.jar:/root/.m2/repository/javax/el/javax.el-api/3.0.0/javax.el-api-3.0.0.jar:/root/.m2/repository/javax/interceptor/javax.interceptor-api/1.2/javax.interceptor-api-1.2.jar:/root/.m2/repository/javax/inject/javax.inject/1/javax.inject-1.jar:/root/.m2/repository/com/sun/xml/bind/jaxb-impl/2.3.0.1/jaxb-impl-2.3.0.1.jar:/root/.m2/repository/com/sun/xml/bind/jaxb-core/2.3.0.1/jaxb-core-2.3.0.1.jar:/root/.m2/repository/javax/xml/bind/jaxb-api/2.3.0/jaxb-api-2.3.0.jar:/root/.m2/repository/javax/activation/activation/1.1.1/activation-1.1.1.jar:/root/.m2/repository/org/apache/hadoop/hadoop-ozone-csi/0.5.0-SNAPSHOT/hadoop-ozone-csi-0.5.0-SNAPSHOT.jar:/root/.m2/repository/com/google/protobuf/protobuf-java-util/3.5.1/protobuf-java-util-3.5.1.jar:/root/.m2/repository/org/apache/hadoop/hadoop-hdds-config/0.5.0-SNAPSHOT/hadoop-hdds-config-0.5.0-SNAPSHOT.jar:/root/.m2/repository/com/google/guava/guava/11.0.2/guava-11.0.2.jar:/root/.m2/repository/com/google/protobuf/protobuf-java/2.5.0/protobuf-java-2.5.0.jar:/root/.m2/repository/io/grpc/grpc-netty/1.17.1/grpc-netty-1.17.1.jar:/root/.m2/repository/io/grpc/grpc-core/1.17.1/grpc-core-1.17.1.jar:/root/.m2/repository/io/grpc/grpc-context/1.17.1/grpc-context-1.17.1.jar:/root/.m2/repository/com/google/errorprone/error_prone_annotations/2.2.0/error_prone_annotations-2.2.0.jar:/root/.m2/repository/org/codehaus/mojo/animal-sniffer-annotations/1.17/animal-sniffer-annotations-1.17.jar:/root/.m2/repository/io/opencensus/opencensus-api/0.17.0/opencensus-api-0.17.0.jar:/root/.m2/repository/io/opencensus/opencensus-contrib-grpc-metrics/0.17.0/opencensus-contrib-grpc-metrics-0.17.0.jar:/root/.m2/repository/io/netty/netty-codec-http2/4.1.30.Final/netty-codec-http2-4.1.30.Final.jar:/root/.m2/repository/io/netty/netty-codec-http/4.1.30.Final/netty-codec-http-4.1.30.Final.jar:/root/.m2/repository/io/netty/netty-codec/4.1.30.Final/netty-codec-4.1.30.Final.jar:/root/.m2/repository/io/netty/netty-handler/4.1.30.Final/netty-handler-4.1.30.Final.jar:/root/.m2/repository/io/netty/netty-handler-proxy/4.1.30.Final/netty-handler-proxy-4.1.30.Final.jar:/root/.m2/repository/io/netty/netty-codec-socks/4.1.30.Final/netty-codec-socks-4.1.30.Final.jar:/root/.m2/repository/io/netty/netty-transport-native-epoll/4.1.30.Final/netty-transport-native-epoll-4.1.30.Final.jar:/root/.m2/repository/io/netty/netty-common/4.1.30.Final/netty-common-4.1.30.Final.jar:/root/.m2/repository/io/netty/netty-buffer/4.1.30.Final/netty-buffer-4.1.30.Final.jar:/root/.m2/repository/io/netty/netty-transport/4.1.30.Final/netty-transport-4.1.30.Final.jar:/root/.m2/repository/io/netty/netty-resolver/4.1.30.Final/netty-resolver-4.1.30.Final.jar:/root/.m2/repository/io/netty/netty-transport-native-unix-common/4.1.30.Final/netty-transport-native-unix-common-4.1.30.Final.jar:/root/.m2/repository/io/grpc/grpc-protobuf/1.17.1/grpc-protobuf-1.17.1.jar:/root/.m2/repository/com/google/api/grpc/proto-google-common-protos/1.0.0/proto-google-common-protos-1.0.0.jar:/root/.m2/repository/io/grpc/grpc-protobuf-lite/1.17.1/grpc-protobuf-lite-1.17.1.jar:/root/.m2/repository/io/grpc/grpc-stub/1.17.1/grpc-stub-1.17.1.jar:/root/.m2/repository/org/apache/hadoop/hadoop-ozone-recon/0.5.0-SNAPSHOT/hadoop-ozone-recon-0.5.0-SNAPSHOT.jar:/root/.m2/repository/org/apache/hadoop/hadoop-ozone-reconcodegen/0.5.0-SNAPSHOT/hadoop-ozone-reconcodegen-0.5.0-SNAPSHOT.jar:/root/.m2/repository/com/google/inject/extensions/guice-multibindings/4.0/guice-multibindings-4.0.jar:/root/.m2/repository/com/google/inject/guice/4.0/guice-4.0.jar:/root/.m2/repository/aopalliance/aopalliance/1.0/aopalliance-1.0.jar:/root/.m2/repository/com/google/inject/extensions/guice-servlet/4.0/guice-servlet-4.0.jar:/root/.m2/repository/org/glassfish/jersey/containers/jersey-container-servlet/2.27/jersey-container-servlet-2.27.jar:/root/.m2/repository/org/glassfish/hk2/guice-bridge/2.5.0/guice-bridge-2.5.0.jar:/root/.m2/repository/org/glassfish/jersey/core/jersey-server/2.27/jersey-server-2.27.jar:/root/.m2/repository/org/glassfish/jersey/core/jersey-client/2.27/jersey-client-2.27.jar:/root/.m2/repository/org/glassfish/jersey/media/jersey-media-jaxb/2.27/jersey-media-jaxb-2.27.jar:/root/.m2/repository/javax/validation/validation-api/1.1.0.Final/validation-api-1.1.0.Final.jar:/root/.m2/repository/org/glassfish/jersey/media/jersey-media-json-jackson/2.27/jersey-media-json-jackson-2.27.jar:/root/.m2/repository/org/glassfish/jersey/ext/jersey-entity-filtering/2.27/jersey-entity-filtering-2.27.jar:/root/.m2/repository/com/google/inject/extensions/guice-assistedinject/4.0/guice-assistedinject-4.0.jar:/root/.m2/repository/org/jooq/jooq/3.11.10/jooq-3.11.10.jar:/root/.m2/repository/org/jooq/jooq-meta/3.11.10/jooq-meta-3.11.10.jar:/root/.m2/repository/org/jooq/jooq-codegen/3.11.10/jooq-codegen-3.11.10.jar:/root/.m2/repository/com/jolbox/bonecp/0.8.0.RELEASE/bonecp-0.8.0.RELEASE.jar:/root/.m2/repository/org/xerial/sqlite-jdbc/3.25.2/sqlite-jdbc-3.25.2.jar:/root/.m2/repository/org/springframework/spring-jdbc/5.1.3.RELEASE/spring-jdbc-5.1.3.RELEASE.jar:/root/.m2/repository/org/springframework/spring-beans/5.1.3.RELEASE/spring-beans-5.1.3.RELEASE.jar:/root/.m2/repository/org/springframework/spring-core/5.1.3.RELEASE/spring-core-5.1.3.RELEASE.jar:/root/.m2/repository/org/springframework/spring-jcl/5.1.3.RELEASE/spring-jcl-5.1.3.RELEASE.jar:/root/.m2/repository/org/springframework/spring-tx/5.1.3.RELEASE/spring-tx-5.1.3.RELEASE.jar:/root/.m2/repository/org/apache/hadoop/hadoop-ozone-client/0.5.0-SNAPSHOT/hadoop-ozone-client-0.5.0-SNAPSHOT.jar:/root/.m2/repository/org/apache/hadoop/hadoop-ozone-ozone-manager/0.5.0-SNAPSHOT/hadoop-ozone-ozone-manager-0.5.0-SNAPSHOT-tests.jar:/root/.m2/repository/junit/junit/4.11/junit-4.11.jar:/root/.m2/repository/org/hamcrest/hamcrest-core/1.3/hamcrest-core-1.3.jar:/root/.m2/repository/org/openjdk/jmh/jmh-core/1.19/jmh-core-1.19.jar:/root/.m2/repository/net/sf/jopt-simple/jopt-simple/4.6/jopt-simple-4.6.jar:/root/.m2/repository/org/apache/commons/commons-math3/3.1.1/commons-math3-3.1.1.jar:/root/.m2/repository/org/openjdk/jmh/jmh-generator-annprocess/1.19/jmh-generator-annprocess-1.19.jar:/root/.m2/repository/org/mockito/mockito-all/1.8.5/mockito-all-1.8.5.jar:/root/.m2/repository/org/apache/hadoop/hadoop-kms/3.2.0/hadoop-kms-3.2.0.jar:/root/.m2/repository/org/apache/hadoop/hadoop-auth/3.2.0/hadoop-auth-3.2.0.jar:/root/.m2/repository/com/nimbusds/nimbus-jose-jwt/4.41.1/nimbus-jose-jwt-4.41.1.jar:/root/.m2/repository/com/github/stephenc/jcip/jcip-annotations/1.0-1/jcip-annotations-1.0-1.jar:/root/.m2/repository/net/minidev/json-smart/2.3/json-smart-2.3.jar:/root/.m2/repository/net/minidev/accessors-smart/1.2/accessors-smart-1.2.jar:/root/.m2/repository/org/ow2/asm/asm/5.0.4/asm-5.0.4.jar:/root/.m2/repository/org/apache/curator/curator-framework/2.12.0/curator-framework-2.12.0.jar:/root/.m2/repository/com/sun/jersey/jersey-core/1.19/jersey-core-1.19.jar:/root/.m2/repository/javax/ws/rs/jsr311-api/1.1.1/jsr311-api-1.1.1.jar:/root/.m2/repository/com/sun/jersey/jersey-server/1.19/jersey-server-1.19.jar:/root/.m2/repository/javax/servlet/javax.servlet-api/3.1.0/javax.servlet-api-3.1.0.jar:/root/.m2/repository/org/eclipse/jetty/jetty-server/9.3.24.v20180605/jetty-server-9.3.24.v20180605.jar:/root/.m2/repository/org/eclipse/jetty/jetty-http/9.3.24.v20180605/jetty-http-9.3.24.v20180605.jar:/root/.m2/repository/org/eclipse/jetty/jetty-io/9.3.24.v20180605/jetty-io-9.3.24.v20180605.jar:/root/.m2/repository/org/eclipse/jetty/jetty-webapp/9.3.24.v20180605/jetty-webapp-9.3.24.v20180605.jar:/root/.m2/repository/org/eclipse/jetty/jetty-xml/9.3.24.v20180605/jetty-xml-9.3.24.v20180605.jar:/root/.m2/repository/log4j/log4j/1.2.17/log4j-1.2.17.jar:/root/.m2/repository/org/slf4j/slf4j-api/1.7.25/slf4j-api-1.7.25.jar:/root/.m2/repository/org/slf4j/jul-to-slf4j/1.7.25/jul-to-slf4j-1.7.25.jar:/root/.m2/repository/org/eclipse/jetty/jetty-util/9.3.24.v20180605/jetty-util-9.3.24.v20180605.jar:/root/.m2/repository/io/dropwizard/metrics/metrics-core/3.2.4/metrics-core-3.2.4.jar:/root/.m2/repository/com/fasterxml/jackson/core/jackson-databind/2.9.5/jackson-databind-2.9.5.jar:/root/.m2/repository/org/apache/hadoop/hadoop-kms/3.2.0/hadoop-kms-3.2.0-tests.jar:/root/.m2/repository/org/apache/hadoop/hadoop-hdds-server-scm/0.5.0-SNAPSHOT/hadoop-hdds-server-scm-0.5.0-SNAPSHOT-tests.jar:/root/.m2/repository/org/hamcrest/hamcrest-all/1.3/hamcrest-all-1.3.jar:/root/.m2/repository/info/picocli/picocli/3.9.6/picocli-3.9.6.jar:/root/.m2/repository/org/apache/hadoop/hadoop-hdds-container-service/0.5.0-SNAPSHOT/hadoop-hdds-container-service-0.5.0-SNAPSHOT-tests.jar:/root/.m2/repository/org/yaml/snakeyaml/1.16/snakeyaml-1.16.jar:/root/.m2/repository/org/apache/hadoop/hadoop-common/3.2.0/hadoop-common-3.2.0-tests.jar:/root/.m2/repository/org/apache/hadoop/hadoop-annotations/3.2.0/hadoop-annotations-3.2.0.jar:/usr/lib/jvm/java-1.8-openjdk/jre/../lib/tools.jar:/root/.m2/repository/commons-cli/commons-cli/1.2/commons-cli-1.2.jar:/root/.m2/repository/org/apache/httpcomponents/httpclient/4.5.2/httpclient-4.5.2.jar:/root/.m2/repository/org/apache/httpcomponents/httpcore/4.4.4/httpcore-4.4.4.jar:/root/.m2/repository/commons-codec/commons-codec/1.11/commons-codec-1.11.jar:/root/.m2/repository/commons-net/commons-net/3.6/commons-net-3.6.jar:/root/.m2/repository/commons-collections/commons-collections/3.2.2/commons-collections-3.2.2.jar:/root/.m2/repository/org/eclipse/jetty/jetty-servlet/9.3.24.v20180605/jetty-servlet-9.3.24.v20180605.jar:/root/.m2/repository/org/eclipse/jetty/jetty-security/9.3.24.v20180605/jetty-security-9.3.24.v20180605.jar:/root/.m2/repository/javax/servlet/jsp/jsp-api/2.1/jsp-api-2.1.jar:/root/.m2/repository/com/sun/jersey/jersey-servlet/1.19/jersey-servlet-1.19.jar:/root/.m2/repository/com/sun/jersey/jersey-json/1.19/jersey-json-1.19.jar:/root/.m2/repository/org/codehaus/jettison/jettison/1.1/jettison-1.1.jar:/root/.m2/repository/org/codehaus/jackson/jackson-core-asl/1.9.13/jackson-core-asl-1.9.13.jar:/root/.m2/repository/org/codehaus/jackson/jackson-mapper-asl/1.9.13/jackson-mapper-asl-1.9.13.jar:/root/.m2/repository/org/codehaus/jackson/jackson-jaxrs/1.9.13/jackson-jaxrs-1.9.13.jar:/root/.m2/repository/org/codehaus/jackson/jackson-xc/1.9.13/jackson-xc-1.9.13.jar:/root/.m2/repository/commons-logging/commons-logging/1.1.3/commons-logging-1.1.3.jar:/root/.m2/repository/commons-beanutils/commons-beanutils/1.9.3/commons-beanutils-1.9.3.jar:/root/.m2/repository/org/apache/commons/commons-configuration2/2.1.1/commons-configuration2-2.1.1.jar:/root/.m2/repository/org/apache/commons/commons-lang3/3.7/commons-lang3-3.7.jar:/root/.m2/repository/org/apache/commons/commons-text/1.4/commons-text-1.4.jar:/root/.m2/repository/org/apache/avro/avro/1.7.7/avro-1.7.7.jar:/root/.m2/repository/com/thoughtworks/paranamer/paranamer/2.3/paranamer-2.3.jar:/root/.m2/repository/org/xerial/snappy/snappy-java/1.0.5/snappy-java-1.0.5.jar:/root/.m2/repository/com/google/re2j/re2j/1.1/re2j-1.1.jar:/root/.m2/repository/com/google/code/gson/gson/2.2.4/gson-2.2.4.jar:/root/.m2/repository/com/jcraft/jsch/0.1.54/jsch-0.1.54.jar:/root/.m2/repository/org/apache/curator/curator-client/2.12.0/curator-client-2.12.0.jar:/root/.m2/repository/org/apache/curator/curator-recipes/2.12.0/curator-recipes-2.12.0.jar:/root/.m2/repository/com/google/code/findbugs/jsr305/3.0.0/jsr305-3.0.0.jar:/root/.m2/repository/org/apache/htrace/htrace-core4/4.1.0-incubating/htrace-core4-4.1.0-incubating.jar:/root/.m2/repository/org/apache/zookeeper/zookeeper/3.4.13/zookeeper-3.4.13.jar:/root/.m2/repository/org/apache/yetus/audience-annotations/0.5.0/audience-annotations-0.5.0.jar:/root/.m2/repository/org/codehaus/woodstox/stax2-api/3.1.4/stax2-api-3.1.4.jar:/root/.m2/repository/com/fasterxml/woodstox/woodstox-core/5.0.3/woodstox-core-5.0.3.jar:/root/.m2/repository/dnsjava/dnsjava/2.1.7/dnsjava-2.1.7.jar:/root/.m2/repository/org/apache/hadoop/hadoop-hdfs/3.2.0/hadoop-hdfs-3.2.0-tests.jar:/root/.m2/repository/org/eclipse/jetty/jetty-util-ajax/9.3.24.v20180605/jetty-util-ajax-9.3.24.v20180605.jar:/root/.m2/repository/commons-daemon/commons-daemon/1.0.13/commons-daemon-1.0.13.jar:/root/.m2/repository/io/netty/netty/3.10.5.Final/netty-3.10.5.Final.jar:/root/.m2/repository/io/netty/netty-all/4.0.52.Final/netty-all-4.0.52.Final.jar:/root/.m2/repository/org/fusesource/leveldbjni/leveldbjni-all/1.8/leveldbjni-all-1.8.jar:"/>
    <property name="sun.cpu.endian" value="little"/>
    <property name="user.home" value="/root"/>
    <property name="user.language" value="en"/>
    <property name="java.specification.vendor" value="Oracle Corporation"/>
    <property name="java.home" value="/usr/lib/jvm/java-1.8-openjdk/jre"/>
    <property name="java.security.krb5.conf" value="/opt/src/hadoop-ozone/integration-test/target/test-classes/krb5.conf"/>
    <property name="basedir" value="/opt/src/hadoop-ozone/integration-test"/>
    <property name="file.separator" value="/"/>
    <property name="line.separator" value="&#10;"/>
    <property name="java.vm.specification.vendor" value="Oracle Corporation"/>
    <property name="java.specification.name" value="Java Platform API Specification"/>
    <property name="java.awt.graphicsenv" value="sun.awt.X11GraphicsEnvironment"/>
    <property name="surefire.real.class.path" value="/opt/src/hadoop-ozone/integration-test/target/surefire/surefirebooter6810032019749552117.jar"/>
    <property name="hadoop.log.dir" value="/opt/src/hadoop-ozone/integration-test/target/log"/>
    <property name="sun.boot.class.path" value="/usr/lib/jvm/java-1.8-openjdk/jre/lib/resources.jar:/usr/lib/jvm/java-1.8-openjdk/jre/lib/rt.jar:/usr/lib/jvm/java-1.8-openjdk/jre/lib/sunrsasign.jar:/usr/lib/jvm/java-1.8-openjdk/jre/lib/jsse.jar:/usr/lib/jvm/java-1.8-openjdk/jre/lib/jce.jar:/usr/lib/jvm/java-1.8-openjdk/jre/lib/charsets.jar:/usr/lib/jvm/java-1.8-openjdk/jre/lib/jfr.jar:/usr/lib/jvm/java-1.8-openjdk/jre/classes"/>
    <property name="sun.management.compiler" value="HotSpot 64-Bit Tiered Compilers"/>
    <property name="java.runtime.version" value="1.8.0_212-b04"/>
    <property name="java.net.preferIPv4Stack" value="true"/>
    <property name="user.name" value="root"/>
    <property name="path.separator" value=":"/>
    <property name="java.security.egd" value="file:///dev/urandom"/>
    <property name="os.version" value="4.15.0-1021-aws"/>
    <property name="java.endorsed.dirs" value="/usr/lib/jvm/java-1.8-openjdk/jre/lib/endorsed"/>
    <property name="java.runtime.name" value="OpenJDK Runtime Environment"/>
    <property name="file.encoding" value="UTF-8"/>
    <property name="java.vm.name" value="OpenJDK 64-Bit Server VM"/>
    <property name="test.build.webapps" value=""/>
    <property name="localRepository" value="/root/.m2/repository"/>
    <property name="java.vendor.url.bug" value="https://icedtea.classpath.org/bugzilla"/>
    <property name="java.io.tmpdir" value="/tmp"/>
    <property name="require.test.libhadoop" value=""/>
    <property name="java.version" value="1.8.0_212"/>
    <property name="user.dir" value="/opt/src/hadoop-ozone/integration-test"/>
    <property name="os.arch" value="amd64"/>
    <property name="java.vm.specification.name" value="Java Virtual Machine Specification"/>
    <property name="test.build.classes" value="/opt/src/hadoop-ozone/integration-test/target/test-classes"/>
    <property name="java.awt.printerjob" value="sun.print.PSPrinterJob"/>
    <property name="sun.os.patch.level" value="unknown"/>
    <property name="hadoop.tmp.dir" value="/opt/src/hadoop-ozone/integration-test/target/tmp"/>
    <property name="java.library.path" value="/usr/lib/jvm/java-1.8-openjdk/jre/lib/amd64/server:/usr/lib/jvm/java-1.8-openjdk/jre/lib/amd64:/usr/lib/jvm/java-1.8-openjdk/jre/../lib/amd64:/opt/src/hadoop-ozone/integration-test/target/native/target/usr/local/lib:/opt/src/hadoop-ozone/integration-test/../../hadoop-common-project/hadoop-common/target/native/target/usr/local/lib:/usr/java/packages/lib/amd64:/usr/lib64:/lib64:/lib:/usr/lib"/>
    <property name="java.vm.info" value="mixed mode"/>
    <property name="java.vendor" value="IcedTea"/>
    <property name="java.vm.version" value="25.212-b04"/>
    <property name="java.ext.dirs" value="/usr/lib/jvm/java-1.8-openjdk/jre/lib/ext:/usr/java/packages/lib/ext"/>
    <property name="sun.io.unicode.encoding" value="UnicodeLittle"/>
    <property name="java.class.version" value="52.0"/>
  </properties>
  <testcase name="testPipelineFail" classname="org.apache.hadoop.hdds.scm.pipeline.TestNodeFailure" time="0">
    <skipped/>
    <system-out><![CDATA[2019-06-14 13:58:13,077 WARN  server.ServerUtils (ServerUtils.java:getScmDbDir(145)) - ozone.scm.db.dirs is not configured. We recommend adding this setting. Falling back to ozone.metadata.dirs instead.
2019-06-14 13:58:13,163 WARN  server.ServerUtils (ServerUtils.java:getScmDbDir(145)) - ozone.scm.db.dirs is not configured. We recommend adding this setting. Falling back to ozone.metadata.dirs instead.
2019-06-14 13:58:13,167 WARN  server.ServerUtils (ServerUtils.java:getScmDbDir(145)) - ozone.scm.db.dirs is not configured. We recommend adding this setting. Falling back to ozone.metadata.dirs instead.
2019-06-14 13:58:13,186 INFO  util.log (Log.java:initialized(192)) - Logging initialized @732ms
2019-06-14 13:58:13,279 INFO  db.DBStoreBuilder (DBStoreBuilder.java:addTable(110)) - using custom profile for table: deletedBlocks
2019-06-14 13:58:13,279 INFO  db.DBStoreBuilder (DBStoreBuilder.java:processTables(161)) - Using default column profile:DBProfile.DISK for Table:deletedBlocks
2019-06-14 13:58:13,280 INFO  db.DBStoreBuilder (DBStoreBuilder.java:addTable(110)) - using custom profile for table: validCerts
2019-06-14 13:58:13,280 INFO  db.DBStoreBuilder (DBStoreBuilder.java:processTables(161)) - Using default column profile:DBProfile.DISK for Table:validCerts
2019-06-14 13:58:13,280 INFO  db.DBStoreBuilder (DBStoreBuilder.java:addTable(110)) - using custom profile for table: revokedCerts
2019-06-14 13:58:13,281 INFO  db.DBStoreBuilder (DBStoreBuilder.java:processTables(161)) - Using default column profile:DBProfile.DISK for Table:revokedCerts
2019-06-14 13:58:13,291 INFO  db.DBStoreBuilder (DBStoreBuilder.java:addTable(110)) - using custom profile for table: default
2019-06-14 13:58:13,291 INFO  db.DBStoreBuilder (DBStoreBuilder.java:processTables(167)) - Using default column profile:DBProfile.DISK for Table:default
2019-06-14 13:58:13,293 INFO  db.DBStoreBuilder (DBStoreBuilder.java:getDbProfile(198)) - Using default options. DBProfile.DISK
2019-06-14 13:58:13,365 INFO  node.SCMNodeManager (SCMNodeManager.java:<init>(108)) - Entering startup safe mode.
2019-06-14 13:58:13,425 INFO  net.NodeSchemaLoader (NodeSchemaLoader.java:loadSchemaFromFile(125)) - Loading file from sun.misc.CompoundEnumeration@443118b0
2019-06-14 13:58:13,426 INFO  net.NodeSchemaLoader (NodeSchemaLoader.java:loadSchema(171)) - Loading network topology layer schema file
2019-06-14 13:58:13,479 WARN  server.ServerUtils (ServerUtils.java:getScmDbDir(145)) - ozone.scm.db.dirs is not configured. We recommend adding this setting. Falling back to ozone.metadata.dirs instead.
2019-06-14 13:58:13,510 INFO  pipeline.SCMPipelineManager (SCMPipelineManager.java:initializePipelineState(126)) - No pipeline exists in current db
2019-06-14 13:58:13,512 WARN  server.ServerUtils (ServerUtils.java:getScmDbDir(145)) - ozone.scm.db.dirs is not configured. We recommend adding this setting. Falling back to ozone.metadata.dirs instead.
2019-06-14 13:58:13,569 WARN  events.EventQueue (EventQueue.java:fireEvent(175)) - No event handler registered for event TypedEvent{payloadType=SafeModeStatus, name='SafeModeStatus'}
2019-06-14 13:58:13,850 INFO  ipc.CallQueueManager (CallQueueManager.java:<init>(84)) - Using callQueue: class java.util.concurrent.LinkedBlockingQueue, queueCapacity: 2000, scheduler: class org.apache.hadoop.ipc.DefaultRpcScheduler, ipcBackoff: false.
2019-06-14 13:58:13,875 INFO  ipc.Server (Server.java:run(1074)) - Starting Socket Reader #1 for port 38539
2019-06-14 13:58:13,896 INFO  ipc.CallQueueManager (CallQueueManager.java:<init>(84)) - Using callQueue: class java.util.concurrent.LinkedBlockingQueue, queueCapacity: 2000, scheduler: class org.apache.hadoop.ipc.DefaultRpcScheduler, ipcBackoff: false.
2019-06-14 13:58:13,898 INFO  ipc.Server (Server.java:run(1074)) - Starting Socket Reader #1 for port 33769
2019-06-14 13:58:13,904 INFO  ipc.CallQueueManager (CallQueueManager.java:<init>(84)) - Using callQueue: class java.util.concurrent.LinkedBlockingQueue, queueCapacity: 2000, scheduler: class org.apache.hadoop.ipc.DefaultRpcScheduler, ipcBackoff: false.
2019-06-14 13:58:13,933 INFO  ipc.Server (Server.java:run(1074)) - Starting Socket Reader #1 for port 41951
2019-06-14 13:58:13,960 INFO  hdfs.DFSUtil (DFSUtil.java:httpServerTemplateForNNAndJN(1641)) - Starting Web-server for scm at: http://0.0.0.0:0
2019-06-14 13:58:14,131 INFO  server.AuthenticationFilter (AuthenticationFilter.java:constructSecretProvider(240)) - Unable to initialize FileSignerSecretProvider, falling back to use random secrets.
2019-06-14 13:58:14,139 WARN  http.HttpRequestLog (HttpRequestLog.java:getRequestLog(97)) - Jetty request log can only be enabled using Log4j
2019-06-14 13:58:14,147 INFO  http.HttpServer2 (HttpServer2.java:addGlobalFilter(975)) - Added global filter 'safety' (class=org.apache.hadoop.http.HttpServer2$QuotingInputFilter)
2019-06-14 13:58:14,149 INFO  http.HttpServer2 (HttpServer2.java:addFilter(948)) - Added filter static_user_filter (class=org.apache.hadoop.http.lib.StaticUserWebFilter$StaticUserFilter) to context scm
2019-06-14 13:58:14,150 INFO  http.HttpServer2 (HttpServer2.java:addFilter(958)) - Added filter static_user_filter (class=org.apache.hadoop.http.lib.StaticUserWebFilter$StaticUserFilter) to context logs
2019-06-14 13:58:14,150 INFO  http.HttpServer2 (HttpServer2.java:addFilter(958)) - Added filter static_user_filter (class=org.apache.hadoop.http.lib.StaticUserWebFilter$StaticUserFilter) to context static
2019-06-14 13:58:14,175 INFO  server.StorageContainerManager (StorageContainerManager.java:start(752)) - StorageContainerLocationProtocol RPC server is listening at /0.0.0.0:41951
2019-06-14 13:58:14,227 WARN  impl.MetricsConfig (MetricsConfig.java:loadFirst(134)) - Cannot locate configuration: tried hadoop-metrics2-storagecontainermanager.properties,hadoop-metrics2.properties
2019-06-14 13:58:14,239 INFO  impl.MetricsSystemImpl (MetricsSystemImpl.java:startTimer(374)) - Scheduled Metric snapshot period at 10 second(s).
2019-06-14 13:58:14,240 INFO  impl.MetricsSystemImpl (MetricsSystemImpl.java:start(191)) - StorageContainerManager metrics system started
2019-06-14 13:58:14,423 INFO  server.SCMClientProtocolServer (SCMClientProtocolServer.java:start(149)) - RPC server for Client  is listening at /0.0.0.0:41951
2019-06-14 13:58:14,424 INFO  ipc.Server (Server.java:run(1314)) - IPC Server Responder: starting
2019-06-14 13:58:14,424 INFO  ipc.Server (Server.java:run(1153)) - IPC Server listener on 41951: starting
2019-06-14 13:58:14,431 INFO  server.StorageContainerManager (StorageContainerManager.java:start(761)) - ScmBlockLocationProtocol RPC server is listening at /0.0.0.0:33769
2019-06-14 13:58:14,432 INFO  server.SCMBlockProtocolServer (SCMBlockProtocolServer.java:start(137)) - RPC server for Block Protocol is listening at /0.0.0.0:33769
2019-06-14 13:58:14,432 INFO  ipc.Server (Server.java:run(1314)) - IPC Server Responder: starting
2019-06-14 13:58:14,432 INFO  ipc.Server (Server.java:run(1153)) - IPC Server listener on 33769: starting
2019-06-14 13:58:14,437 INFO  server.StorageContainerManager (StorageContainerManager.java:start(765)) - ScmDatanodeProtocl RPC server is listening at /0.0.0.0:38539
2019-06-14 13:58:14,437 INFO  server.SCMDatanodeProtocolServer (SCMDatanodeProtocolServer.java:start(191)) - RPC server for DataNodes is listening at /0.0.0.0:38539
2019-06-14 13:58:14,437 INFO  ipc.Server (Server.java:run(1314)) - IPC Server Responder: starting
2019-06-14 13:58:14,438 INFO  ipc.Server (Server.java:run(1153)) - IPC Server listener on 38539: starting
2019-06-14 13:58:14,440 INFO  http.HttpServer2 (HttpServer2.java:bindListener(1191)) - Jetty bound to port 40491
2019-06-14 13:58:14,442 INFO  server.Server (Server.java:doStart(351)) - jetty-9.3.24.v20180605, build timestamp: 2018-06-05T17:11:56Z, git hash: 84205aa28f11a4f31f2a3b86d1bba2cc8ab69827
2019-06-14 13:58:14,476 INFO  handler.ContextHandler (ContextHandler.java:doStart(781)) - Started o.e.j.s.ServletContextHandler@2df6226d{/logs,file:///opt/src/hadoop-ozone/integration-test/target/log,AVAILABLE}
2019-06-14 13:58:14,477 INFO  handler.ContextHandler (ContextHandler.java:doStart(781)) - Started o.e.j.s.ServletContextHandler@4ff4357f{/static,file:///opt/src/hadoop-ozone/integration-test/target/test-classes/webapps/static,AVAILABLE}
2019-06-14 13:58:14,508 INFO  handler.ContextHandler (ContextHandler.java:doStart(781)) - Started o.e.j.w.WebAppContext@34645867{/,file:///opt/src/hadoop-ozone/integration-test/target/test-classes/webapps/scm/,AVAILABLE}{/scm}
2019-06-14 13:58:14,514 INFO  server.AbstractConnector (AbstractConnector.java:doStart(278)) - Started ServerConnector@66629f63{HTTP/1.1,[http/1.1]}{0.0.0.0:40491}
2019-06-14 13:58:14,514 INFO  server.Server (Server.java:doStart(419)) - Started @2060ms
2019-06-14 13:58:14,517 INFO  server.BaseHttpServer (BaseHttpServer.java:updateConnectorAddress(207)) - HTTP server of SCM is listening at http://0.0.0.0:40491
2019-06-14 13:58:14,526 INFO  util.JvmPauseMonitor (JvmPauseMonitor.java:run(188)) - Starting JVM pause monitor
2019-06-14 13:58:14,530 WARN  scm.ScmUtils (ScmUtils.java:getDBPath(63)) - ozone.om.db.dirs is not configured. We recommend adding this setting. Falling back to ozone.metadata.dirs instead.
2019-06-14 13:58:14,606 WARN  scm.ScmUtils (ScmUtils.java:getDBPath(63)) - ozone.om.db.dirs is not configured. We recommend adding this setting. Falling back to ozone.metadata.dirs instead.
2019-06-14 13:58:14,607 INFO  om.OzoneManager (OzoneManager.java:setOMNodeDetails(519)) - OM Service ID is not set. Setting it to the default ID: omServiceIdDefault
2019-06-14 13:58:14,607 INFO  om.OzoneManager (OzoneManager.java:setOMNodeDetails(525)) - OM Node ID is not set. Setting it to the OmStorage's OmID: 7a988850-1b8f-4b47-bb64-08626b8435f8
2019-06-14 13:58:14,609 WARN  scm.HddsServerUtil (HddsServerUtil.java:getDefaultRatisDirectory(354)) - Storage directory for Ratis is not configured. It is a good idea to map this to an SSD disk. Falling back to ozone.metadata.dirs
2019-06-14 13:58:14,609 WARN  scm.HddsServerUtil (HddsServerUtil.java:getDefaultRatisDirectory(354)) - Storage directory for Ratis is not configured. It is a good idea to map this to an SSD disk. Falling back to ozone.metadata.dirs
2019-06-14 13:58:14,609 INFO  om.OzoneManager (OzoneManager.java:loadOMHAConfigs(476)) - Found matching OM address with OMServiceId: null, OMNodeId: null, RPC Address: localhost:0 and Ratis port: 9872
2019-06-14 13:58:14,783 WARN  scm.ScmUtils (ScmUtils.java:getDBPath(63)) - ozone.om.db.dirs is not configured. We recommend adding this setting. Falling back to ozone.metadata.dirs instead.
2019-06-14 13:58:14,788 INFO  db.DBStoreBuilder (DBStoreBuilder.java:addTable(110)) - using custom profile for table: userTable
2019-06-14 13:58:14,788 INFO  db.DBStoreBuilder (DBStoreBuilder.java:processTables(161)) - Using default column profile:DBProfile.DISK for Table:userTable
2019-06-14 13:58:14,788 INFO  db.DBStoreBuilder (DBStoreBuilder.java:addTable(110)) - using custom profile for table: volumeTable
2019-06-14 13:58:14,788 INFO  db.DBStoreBuilder (DBStoreBuilder.java:processTables(161)) - Using default column profile:DBProfile.DISK for Table:volumeTable
2019-06-14 13:58:14,789 INFO  db.DBStoreBuilder (DBStoreBuilder.java:addTable(110)) - using custom profile for table: bucketTable
2019-06-14 13:58:14,789 INFO  db.DBStoreBuilder (DBStoreBuilder.java:processTables(161)) - Using default column profile:DBProfile.DISK for Table:bucketTable
2019-06-14 13:58:14,789 INFO  db.DBStoreBuilder (DBStoreBuilder.java:addTable(110)) - using custom profile for table: keyTable
2019-06-14 13:58:14,789 INFO  db.DBStoreBuilder (DBStoreBuilder.java:processTables(161)) - Using default column profile:DBProfile.DISK for Table:keyTable
2019-06-14 13:58:14,790 INFO  db.DBStoreBuilder (DBStoreBuilder.java:addTable(110)) - using custom profile for table: deletedTable
2019-06-14 13:58:14,790 INFO  db.DBStoreBuilder (DBStoreBuilder.java:processTables(161)) - Using default column profile:DBProfile.DISK for Table:deletedTable
2019-06-14 13:58:14,790 INFO  db.DBStoreBuilder (DBStoreBuilder.java:addTable(110)) - using custom profile for table: openKeyTable
2019-06-14 13:58:14,790 INFO  db.DBStoreBuilder (DBStoreBuilder.java:processTables(161)) - Using default column profile:DBProfile.DISK for Table:openKeyTable
2019-06-14 13:58:14,791 INFO  db.DBStoreBuilder (DBStoreBuilder.java:addTable(110)) - using custom profile for table: s3Table
2019-06-14 13:58:14,791 INFO  db.DBStoreBuilder (DBStoreBuilder.java:processTables(161)) - Using default column profile:DBProfile.DISK for Table:s3Table
2019-06-14 13:58:14,791 INFO  db.DBStoreBuilder (DBStoreBuilder.java:addTable(110)) - using custom profile for table: multipartInfoTable
2019-06-14 13:58:14,791 INFO  db.DBStoreBuilder (DBStoreBuilder.java:processTables(161)) - Using default column profile:DBProfile.DISK for Table:multipartInfoTable
2019-06-14 13:58:14,791 INFO  db.DBStoreBuilder (DBStoreBuilder.java:addTable(110)) - using custom profile for table: dTokenTable
2019-06-14 13:58:14,791 INFO  db.DBStoreBuilder (DBStoreBuilder.java:processTables(161)) - Using default column profile:DBProfile.DISK for Table:dTokenTable
2019-06-14 13:58:14,792 INFO  db.DBStoreBuilder (DBStoreBuilder.java:addTable(110)) - using custom profile for table: s3SecretTable
2019-06-14 13:58:14,792 INFO  db.DBStoreBuilder (DBStoreBuilder.java:processTables(161)) - Using default column profile:DBProfile.DISK for Table:s3SecretTable
2019-06-14 13:58:14,792 INFO  db.DBStoreBuilder (DBStoreBuilder.java:addTable(110)) - using custom profile for table: prefixTable
2019-06-14 13:58:14,792 INFO  db.DBStoreBuilder (DBStoreBuilder.java:processTables(161)) - Using default column profile:DBProfile.DISK for Table:prefixTable
2019-06-14 13:58:14,793 INFO  db.DBStoreBuilder (DBStoreBuilder.java:addTable(110)) - using custom profile for table: default
2019-06-14 13:58:14,793 INFO  db.DBStoreBuilder (DBStoreBuilder.java:processTables(167)) - Using default column profile:DBProfile.DISK for Table:default
2019-06-14 13:58:14,793 INFO  db.DBStoreBuilder (DBStoreBuilder.java:getDbProfile(198)) - Using default options. DBProfile.DISK
2019-06-14 13:58:15,301 INFO  ipc.CallQueueManager (CallQueueManager.java:<init>(84)) - Using callQueue: class java.util.concurrent.LinkedBlockingQueue, queueCapacity: 2000, scheduler: class org.apache.hadoop.ipc.DefaultRpcScheduler, ipcBackoff: false.
2019-06-14 13:58:15,302 INFO  ipc.Server (Server.java:run(1074)) - Starting Socket Reader #1 for port 42467
2019-06-14 13:58:15,325 WARN  scm.ScmUtils (ScmUtils.java:getDBPath(63)) - ozone.om.db.dirs is not configured. We recommend adding this setting. Falling back to ozone.metadata.dirs instead.
2019-06-14 13:58:15,325 INFO  om.OzoneManager (OzoneManager.java:start(1217)) - OzoneManager RPC server is listening at localhost/127.0.0.1:42467
2019-06-14 13:58:15,325 INFO  impl.MetricsSystemImpl (MetricsSystemImpl.java:init(158)) - OzoneManager metrics system started (again)
2019-06-14 13:58:15,329 INFO  ipc.Server (Server.java:run(1314)) - IPC Server Responder: starting
2019-06-14 13:58:15,330 INFO  ipc.Server (Server.java:run(1153)) - IPC Server listener on 42467: starting
2019-06-14 13:58:15,341 INFO  hdfs.DFSUtil (DFSUtil.java:httpServerTemplateForNNAndJN(1641)) - Starting Web-server for ozoneManager at: http://0.0.0.0:0
2019-06-14 13:58:15,342 INFO  server.AuthenticationFilter (AuthenticationFilter.java:constructSecretProvider(240)) - Unable to initialize FileSignerSecretProvider, falling back to use random secrets.
2019-06-14 13:58:15,343 WARN  http.HttpRequestLog (HttpRequestLog.java:getRequestLog(97)) - Jetty request log can only be enabled using Log4j
2019-06-14 13:58:15,344 INFO  http.HttpServer2 (HttpServer2.java:addGlobalFilter(975)) - Added global filter 'safety' (class=org.apache.hadoop.http.HttpServer2$QuotingInputFilter)
2019-06-14 13:58:15,345 INFO  http.HttpServer2 (HttpServer2.java:addFilter(948)) - Added filter static_user_filter (class=org.apache.hadoop.http.lib.StaticUserWebFilter$StaticUserFilter) to context ozoneManager
2019-06-14 13:58:15,345 INFO  http.HttpServer2 (HttpServer2.java:addFilter(958)) - Added filter static_user_filter (class=org.apache.hadoop.http.lib.StaticUserWebFilter$StaticUserFilter) to context static
2019-06-14 13:58:15,345 INFO  http.HttpServer2 (HttpServer2.java:addFilter(958)) - Added filter static_user_filter (class=org.apache.hadoop.http.lib.StaticUserWebFilter$StaticUserFilter) to context logs
2019-06-14 13:58:15,347 INFO  http.HttpServer2 (HttpServer2.java:bindListener(1191)) - Jetty bound to port 35467
2019-06-14 13:58:15,347 INFO  server.Server (Server.java:doStart(351)) - jetty-9.3.24.v20180605, build timestamp: 2018-06-05T17:11:56Z, git hash: 84205aa28f11a4f31f2a3b86d1bba2cc8ab69827
2019-06-14 13:58:15,348 INFO  handler.ContextHandler (ContextHandler.java:doStart(781)) - Started o.e.j.s.ServletContextHandler@bcb09a6{/logs,file:///opt/src/hadoop-ozone/integration-test/target/log,AVAILABLE}
2019-06-14 13:58:15,349 INFO  handler.ContextHandler (ContextHandler.java:doStart(781)) - Started o.e.j.s.ServletContextHandler@a619c2{/static,file:///opt/src/hadoop-ozone/integration-test/target/test-classes/webapps/static,AVAILABLE}
2019-06-14 13:58:15,352 INFO  handler.ContextHandler (ContextHandler.java:doStart(781)) - Started o.e.j.w.WebAppContext@c9d82f9{/,file:///opt/src/hadoop-ozone/integration-test/target/test-classes/webapps/ozoneManager/,AVAILABLE}{/ozoneManager}
2019-06-14 13:58:15,352 INFO  server.AbstractConnector (AbstractConnector.java:doStart(278)) - Started ServerConnector@6f012914{HTTP/1.1,[http/1.1]}{0.0.0.0:35467}
2019-06-14 13:58:15,352 INFO  server.Server (Server.java:doStart(419)) - Started @2899ms
2019-06-14 13:58:15,353 INFO  server.BaseHttpServer (BaseHttpServer.java:updateConnectorAddress(207)) - HTTP server of OZONEMANAGER is listening at http://0.0.0.0:35467
2019-06-14 13:58:15,480 INFO  impl.MetricsSystemImpl (MetricsSystemImpl.java:init(158)) - HddsDatanode metrics system started (again)
2019-06-14 13:58:15,636 INFO  ozone.HddsDatanodeService (HddsDatanodeService.java:start(185)) - HddsDatanodeService host:ozone-ckxqk-682217903 ip:192.168.105.138
2019-06-14 13:58:15,663 INFO  volume.HddsVolume (HddsVolume.java:<init>(176)) - Creating Volume: /opt/src/hadoop-ozone/integration-test/target/test-dir/MiniOzoneClusterImpl-050e6d04-c43a-4584-92a3-30c713f86bc5/datanode-0/data/containers/hdds of  storage type : DISK and capacity : 104021790720
2019-06-14 13:58:15,664 INFO  volume.VolumeSet (VolumeSet.java:initializeVolumeSet(170)) - Added Volume : /opt/src/hadoop-ozone/integration-test/target/test-dir/MiniOzoneClusterImpl-050e6d04-c43a-4584-92a3-30c713f86bc5/datanode-0/data/containers/hdds to VolumeSet
2019-06-14 13:58:15,666 INFO  volume.ThrottledAsyncChecker (ThrottledAsyncChecker.java:schedule(140)) - Scheduling a check for org.apache.hadoop.ozone.container.common.volume.HddsVolume@6fd1660
2019-06-14 13:58:15,681 INFO  volume.HddsVolumeChecker (HddsVolumeChecker.java:checkAllVolumes(203)) - Scheduled health check for volume org.apache.hadoop.ozone.container.common.volume.HddsVolume@6fd1660
2019-06-14 13:58:15,723 INFO  ratis.XceiverServerRatis (XceiverServerRatis.java:newXceiverServerRatis(401)) - Found a free port for the server : 45353
2019-06-14 13:58:15,776 INFO  impl.RaftServerProxy (ConfUtils.java:logGet(43)) - raft.rpc.type = GRPC (default)
2019-06-14 13:58:15,785 INFO  grpc.GrpcConfigKeys$Server (ConfUtils.java:logGet(43)) - raft.grpc.server.port = 45353 (custom)
2019-06-14 13:58:15,786 INFO  server.GrpcService (ConfUtils.java:logGet(43)) - raft.grpc.message.size.max = 33570816 (custom)
2019-06-14 13:58:15,787 INFO  server.RaftServerConfigKeys (ConfUtils.java:logGet(43)) - raft.server.log.appender.buffer.byte-limit = 33554432 (custom)
2019-06-14 13:58:15,788 INFO  server.GrpcService (ConfUtils.java:logGet(43)) - raft.grpc.flow.control.window = 1MB (=1048576) (default)
2019-06-14 13:58:15,789 INFO  server.RaftServerConfigKeys (ConfUtils.java:logGet(43)) - raft.server.rpc.request.timeout = 3000ms (default)
2019-06-14 13:58:15,922 INFO  server.RaftServerConfigKeys (ConfUtils.java:logGet(43)) - raft.server.storage.dir = [/opt/src/hadoop-ozone/integration-test/target/test-dir/MiniOzoneClusterImpl-050e6d04-c43a-4584-92a3-30c713f86bc5/datanode-0/data/ratis] (custom)
2019-06-14 13:58:15,927 INFO  server.XceiverServerGrpc (XceiverServerGrpc.java:<init>(97)) - Found a free port for the server : 36805
2019-06-14 13:58:15,950 INFO  replication.SimpleContainerDownloader (SimpleContainerDownloader.java:<init>(72)) - Starting container downloader service to copy containers to replicate.
2019-06-14 13:58:15,960 INFO  hdfs.DFSUtil (DFSUtil.java:httpServerTemplateForNNAndJN(1641)) - Starting Web-server for hddsDatanode at: http://0.0.0.0:0
2019-06-14 13:58:15,961 INFO  server.AuthenticationFilter (AuthenticationFilter.java:constructSecretProvider(240)) - Unable to initialize FileSignerSecretProvider, falling back to use random secrets.
2019-06-14 13:58:15,962 WARN  http.HttpRequestLog (HttpRequestLog.java:getRequestLog(97)) - Jetty request log can only be enabled using Log4j
2019-06-14 13:58:15,963 INFO  http.HttpServer2 (HttpServer2.java:addGlobalFilter(975)) - Added global filter 'safety' (class=org.apache.hadoop.http.HttpServer2$QuotingInputFilter)
2019-06-14 13:58:15,963 INFO  http.HttpServer2 (HttpServer2.java:addFilter(948)) - Added filter static_user_filter (class=org.apache.hadoop.http.lib.StaticUserWebFilter$StaticUserFilter) to context hddsDatanode
2019-06-14 13:58:15,964 INFO  http.HttpServer2 (HttpServer2.java:addFilter(958)) - Added filter static_user_filter (class=org.apache.hadoop.http.lib.StaticUserWebFilter$StaticUserFilter) to context logs
2019-06-14 13:58:15,964 INFO  http.HttpServer2 (HttpServer2.java:addFilter(958)) - Added filter static_user_filter (class=org.apache.hadoop.http.lib.StaticUserWebFilter$StaticUserFilter) to context static
2019-06-14 13:58:15,964 INFO  http.HttpServer2 (HttpServer2.java:bindListener(1191)) - Jetty bound to port 41421
2019-06-14 13:58:15,964 INFO  server.Server (Server.java:doStart(351)) - jetty-9.3.24.v20180605, build timestamp: 2018-06-05T17:11:56Z, git hash: 84205aa28f11a4f31f2a3b86d1bba2cc8ab69827
2019-06-14 13:58:15,967 INFO  handler.ContextHandler (ContextHandler.java:doStart(781)) - Started o.e.j.s.ServletContextHandler@6438a7fe{/logs,file:///opt/src/hadoop-ozone/integration-test/target/log,AVAILABLE}
2019-06-14 13:58:15,967 INFO  handler.ContextHandler (ContextHandler.java:doStart(781)) - Started o.e.j.s.ServletContextHandler@4f5f6e45{/static,jar:file:/root/.m2/repository/org/apache/hadoop/hadoop-hdds-container-service/0.5.0-SNAPSHOT/hadoop-hdds-container-service-0.5.0-SNAPSHOT.jar!/webapps/static,AVAILABLE}
2019-06-14 13:58:16,002 INFO  handler.ContextHandler (ContextHandler.java:doStart(781)) - Started o.e.j.w.WebAppContext@36c0d0bd{/,file:///tmp/jetty-0.0.0.0-41421-hddsDatanode-_-any-4775043383387215604.dir/webapp/,AVAILABLE}{/hddsDatanode}
2019-06-14 13:58:16,003 INFO  server.AbstractConnector (AbstractConnector.java:doStart(278)) - Started ServerConnector@5e1fc2aa{HTTP/1.1,[http/1.1]}{0.0.0.0:41421}
2019-06-14 13:58:16,003 INFO  server.Server (Server.java:doStart(419)) - Started @3549ms
2019-06-14 13:58:16,004 INFO  server.BaseHttpServer (BaseHttpServer.java:updateConnectorAddress(207)) - HTTP server of HDDSDATANODE is listening at http://0.0.0.0:41421
2019-06-14 13:58:16,862 INFO  ozone.HddsDatanodeService (HddsDatanodeService.java:startPlugins(396)) - Started plug-in org.apache.hadoop.ozone.web.OzoneHddsDatanodeService@1f992a3a
2019-06-14 13:58:16,863 INFO  impl.MetricsSystemImpl (MetricsSystemImpl.java:init(158)) - HddsDatanode metrics system started (again)
2019-06-14 13:58:16,864 INFO  ozone.HddsDatanodeService (HddsDatanodeService.java:start(185)) - HddsDatanodeService host:ozone-ckxqk-682217903 ip:192.168.105.138
2019-06-14 13:58:16,877 INFO  util.JvmPauseMonitor (JvmPauseMonitor.java:run(188)) - Starting JVM pause monitor
2019-06-14 13:58:16,881 INFO  volume.HddsVolume (HddsVolume.java:<init>(176)) - Creating Volume: /opt/src/hadoop-ozone/integration-test/target/test-dir/MiniOzoneClusterImpl-050e6d04-c43a-4584-92a3-30c713f86bc5/datanode-1/data/containers/hdds of  storage type : DISK and capacity : 104021790720
2019-06-14 13:58:16,881 INFO  volume.VolumeSet (VolumeSet.java:initializeVolumeSet(170)) - Added Volume : /opt/src/hadoop-ozone/integration-test/target/test-dir/MiniOzoneClusterImpl-050e6d04-c43a-4584-92a3-30c713f86bc5/datanode-1/data/containers/hdds to VolumeSet
2019-06-14 13:58:16,882 INFO  volume.ThrottledAsyncChecker (ThrottledAsyncChecker.java:schedule(140)) - Scheduling a check for org.apache.hadoop.ozone.container.common.volume.HddsVolume@78a8978a
2019-06-14 13:58:16,885 INFO  volume.HddsVolumeChecker (HddsVolumeChecker.java:checkAllVolumes(203)) - Scheduled health check for volume org.apache.hadoop.ozone.container.common.volume.HddsVolume@78a8978a
2019-06-14 13:58:16,897 INFO  ratis.XceiverServerRatis (XceiverServerRatis.java:newXceiverServerRatis(401)) - Found a free port for the server : 44951
2019-06-14 13:58:16,899 INFO  impl.RaftServerProxy (ConfUtils.java:logGet(43)) - raft.rpc.type = GRPC (default)
2019-06-14 13:58:16,899 INFO  grpc.GrpcConfigKeys$Server (ConfUtils.java:logGet(43)) - raft.grpc.server.port = 44951 (custom)
2019-06-14 13:58:16,899 INFO  server.GrpcService (ConfUtils.java:logGet(43)) - raft.grpc.message.size.max = 33570816 (custom)
2019-06-14 13:58:16,900 INFO  server.RaftServerConfigKeys (ConfUtils.java:logGet(43)) - raft.server.log.appender.buffer.byte-limit = 33554432 (custom)
2019-06-14 13:58:16,900 INFO  server.GrpcService (ConfUtils.java:logGet(43)) - raft.grpc.flow.control.window = 1MB (=1048576) (default)
2019-06-14 13:58:16,900 INFO  server.RaftServerConfigKeys (ConfUtils.java:logGet(43)) - raft.server.rpc.request.timeout = 3000ms (default)
2019-06-14 13:58:16,901 INFO  server.RaftServerConfigKeys (ConfUtils.java:logGet(43)) - raft.server.storage.dir = [/opt/src/hadoop-ozone/integration-test/target/test-dir/MiniOzoneClusterImpl-050e6d04-c43a-4584-92a3-30c713f86bc5/datanode-1/data/ratis] (custom)
2019-06-14 13:58:16,901 INFO  server.XceiverServerGrpc (XceiverServerGrpc.java:<init>(97)) - Found a free port for the server : 37163
2019-06-14 13:58:16,902 INFO  replication.SimpleContainerDownloader (SimpleContainerDownloader.java:<init>(72)) - Starting container downloader service to copy containers to replicate.
2019-06-14 13:58:16,903 INFO  hdfs.DFSUtil (DFSUtil.java:httpServerTemplateForNNAndJN(1641)) - Starting Web-server for hddsDatanode at: http://0.0.0.0:0
2019-06-14 13:58:16,904 INFO  server.AuthenticationFilter (AuthenticationFilter.java:constructSecretProvider(240)) - Unable to initialize FileSignerSecretProvider, falling back to use random secrets.
2019-06-14 13:58:16,905 WARN  http.HttpRequestLog (HttpRequestLog.java:getRequestLog(97)) - Jetty request log can only be enabled using Log4j
2019-06-14 13:58:16,907 INFO  http.HttpServer2 (HttpServer2.java:addGlobalFilter(975)) - Added global filter 'safety' (class=org.apache.hadoop.http.HttpServer2$QuotingInputFilter)
2019-06-14 13:58:16,907 INFO  http.HttpServer2 (HttpServer2.java:addFilter(948)) - Added filter static_user_filter (class=org.apache.hadoop.http.lib.StaticUserWebFilter$StaticUserFilter) to context hddsDatanode
2019-06-14 13:58:16,907 INFO  http.HttpServer2 (HttpServer2.java:addFilter(958)) - Added filter static_user_filter (class=org.apache.hadoop.http.lib.StaticUserWebFilter$StaticUserFilter) to context logs
2019-06-14 13:58:16,907 INFO  http.HttpServer2 (HttpServer2.java:addFilter(958)) - Added filter static_user_filter (class=org.apache.hadoop.http.lib.StaticUserWebFilter$StaticUserFilter) to context static
2019-06-14 13:58:16,908 INFO  http.HttpServer2 (HttpServer2.java:bindListener(1191)) - Jetty bound to port 33351
2019-06-14 13:58:16,908 INFO  server.Server (Server.java:doStart(351)) - jetty-9.3.24.v20180605, build timestamp: 2018-06-05T17:11:56Z, git hash: 84205aa28f11a4f31f2a3b86d1bba2cc8ab69827
2019-06-14 13:58:16,910 INFO  handler.ContextHandler (ContextHandler.java:doStart(781)) - Started o.e.j.s.ServletContextHandler@2574a9e3{/logs,file:///opt/src/hadoop-ozone/integration-test/target/log,AVAILABLE}
2019-06-14 13:58:16,911 INFO  handler.ContextHandler (ContextHandler.java:doStart(781)) - Started o.e.j.s.ServletContextHandler@422ab737{/static,jar:file:/root/.m2/repository/org/apache/hadoop/hadoop-hdds-container-service/0.5.0-SNAPSHOT/hadoop-hdds-container-service-0.5.0-SNAPSHOT.jar!/webapps/static,AVAILABLE}
2019-06-14 13:58:16,933 INFO  handler.ContextHandler (ContextHandler.java:doStart(781)) - Started o.e.j.w.WebAppContext@78da899f{/,file:///tmp/jetty-0.0.0.0-33351-hddsDatanode-_-any-8610693364145540080.dir/webapp/,AVAILABLE}{/hddsDatanode}
2019-06-14 13:58:16,934 INFO  server.AbstractConnector (AbstractConnector.java:doStart(278)) - Started ServerConnector@30dda543{HTTP/1.1,[http/1.1]}{0.0.0.0:33351}
2019-06-14 13:58:16,935 INFO  server.Server (Server.java:doStart(419)) - Started @4481ms
2019-06-14 13:58:16,936 INFO  server.BaseHttpServer (BaseHttpServer.java:updateConnectorAddress(207)) - HTTP server of HDDSDATANODE is listening at http://0.0.0.0:33351
2019-06-14 13:58:16,974 INFO  datanode.InitDatanodeState (InitDatanodeState.java:persistContainerDatanodeDetails(140)) - DatanodeDetails is persisted to /opt/src/hadoop-ozone/integration-test/target/test-dir/MiniOzoneClusterImpl-050e6d04-c43a-4584-92a3-30c713f86bc5/datanode-0/meta/datanode.id
2019-06-14 13:58:17,085 INFO  ozone.HddsDatanodeService (HddsDatanodeService.java:startPlugins(396)) - Started plug-in org.apache.hadoop.ozone.web.OzoneHddsDatanodeService@335f5c69
2019-06-14 13:58:17,088 INFO  impl.MetricsSystemImpl (MetricsSystemImpl.java:init(158)) - HddsDatanode metrics system started (again)
2019-06-14 13:58:17,089 INFO  ozone.HddsDatanodeService (HddsDatanodeService.java:start(185)) - HddsDatanodeService host:ozone-ckxqk-682217903 ip:192.168.105.138
2019-06-14 13:58:17,098 INFO  util.JvmPauseMonitor (JvmPauseMonitor.java:run(188)) - Starting JVM pause monitor
2019-06-14 13:58:17,107 INFO  datanode.InitDatanodeState (InitDatanodeState.java:persistContainerDatanodeDetails(140)) - DatanodeDetails is persisted to /opt/src/hadoop-ozone/integration-test/target/test-dir/MiniOzoneClusterImpl-050e6d04-c43a-4584-92a3-30c713f86bc5/datanode-1/meta/datanode.id
2019-06-14 13:58:17,108 INFO  volume.HddsVolume (HddsVolume.java:<init>(176)) - Creating Volume: /opt/src/hadoop-ozone/integration-test/target/test-dir/MiniOzoneClusterImpl-050e6d04-c43a-4584-92a3-30c713f86bc5/datanode-2/data/containers/hdds of  storage type : DISK and capacity : 104021790720
2019-06-14 13:58:17,109 INFO  volume.VolumeSet (VolumeSet.java:initializeVolumeSet(170)) - Added Volume : /opt/src/hadoop-ozone/integration-test/target/test-dir/MiniOzoneClusterImpl-050e6d04-c43a-4584-92a3-30c713f86bc5/datanode-2/data/containers/hdds to VolumeSet
2019-06-14 13:58:17,109 INFO  volume.ThrottledAsyncChecker (ThrottledAsyncChecker.java:schedule(140)) - Scheduling a check for org.apache.hadoop.ozone.container.common.volume.HddsVolume@4a058df8
2019-06-14 13:58:17,114 INFO  volume.HddsVolumeChecker (HddsVolumeChecker.java:checkAllVolumes(203)) - Scheduled health check for volume org.apache.hadoop.ozone.container.common.volume.HddsVolume@4a058df8
2019-06-14 13:58:17,127 INFO  ratis.XceiverServerRatis (XceiverServerRatis.java:newXceiverServerRatis(401)) - Found a free port for the server : 35723
2019-06-14 13:58:17,128 INFO  impl.RaftServerProxy (ConfUtils.java:logGet(43)) - raft.rpc.type = GRPC (default)
2019-06-14 13:58:17,129 INFO  grpc.GrpcConfigKeys$Server (ConfUtils.java:logGet(43)) - raft.grpc.server.port = 35723 (custom)
2019-06-14 13:58:17,129 INFO  server.GrpcService (ConfUtils.java:logGet(43)) - raft.grpc.message.size.max = 33570816 (custom)
2019-06-14 13:58:17,129 INFO  server.RaftServerConfigKeys (ConfUtils.java:logGet(43)) - raft.server.log.appender.buffer.byte-limit = 33554432 (custom)
2019-06-14 13:58:17,129 INFO  server.GrpcService (ConfUtils.java:logGet(43)) - raft.grpc.flow.control.window = 1MB (=1048576) (default)
2019-06-14 13:58:17,130 INFO  server.RaftServerConfigKeys (ConfUtils.java:logGet(43)) - raft.server.rpc.request.timeout = 3000ms (default)
2019-06-14 13:58:17,130 INFO  server.RaftServerConfigKeys (ConfUtils.java:logGet(43)) - raft.server.storage.dir = [/opt/src/hadoop-ozone/integration-test/target/test-dir/MiniOzoneClusterImpl-050e6d04-c43a-4584-92a3-30c713f86bc5/datanode-2/data/ratis] (custom)
2019-06-14 13:58:17,131 INFO  server.XceiverServerGrpc (XceiverServerGrpc.java:<init>(97)) - Found a free port for the server : 38811
2019-06-14 13:58:17,131 INFO  replication.SimpleContainerDownloader (SimpleContainerDownloader.java:<init>(72)) - Starting container downloader service to copy containers to replicate.
2019-06-14 13:58:17,132 INFO  hdfs.DFSUtil (DFSUtil.java:httpServerTemplateForNNAndJN(1641)) - Starting Web-server for hddsDatanode at: http://0.0.0.0:0
2019-06-14 13:58:17,133 INFO  server.AuthenticationFilter (AuthenticationFilter.java:constructSecretProvider(240)) - Unable to initialize FileSignerSecretProvider, falling back to use random secrets.
2019-06-14 13:58:17,134 WARN  http.HttpRequestLog (HttpRequestLog.java:getRequestLog(97)) - Jetty request log can only be enabled using Log4j
2019-06-14 13:58:17,135 INFO  http.HttpServer2 (HttpServer2.java:addGlobalFilter(975)) - Added global filter 'safety' (class=org.apache.hadoop.http.HttpServer2$QuotingInputFilter)
2019-06-14 13:58:17,135 INFO  http.HttpServer2 (HttpServer2.java:addFilter(948)) - Added filter static_user_filter (class=org.apache.hadoop.http.lib.StaticUserWebFilter$StaticUserFilter) to context hddsDatanode
2019-06-14 13:58:17,135 INFO  http.HttpServer2 (HttpServer2.java:addFilter(958)) - Added filter static_user_filter (class=org.apache.hadoop.http.lib.StaticUserWebFilter$StaticUserFilter) to context logs
2019-06-14 13:58:17,135 INFO  http.HttpServer2 (HttpServer2.java:addFilter(958)) - Added filter static_user_filter (class=org.apache.hadoop.http.lib.StaticUserWebFilter$StaticUserFilter) to context static
2019-06-14 13:58:17,136 INFO  http.HttpServer2 (HttpServer2.java:bindListener(1191)) - Jetty bound to port 43455
2019-06-14 13:58:17,136 INFO  server.Server (Server.java:doStart(351)) - jetty-9.3.24.v20180605, build timestamp: 2018-06-05T17:11:56Z, git hash: 84205aa28f11a4f31f2a3b86d1bba2cc8ab69827
2019-06-14 13:58:17,138 INFO  handler.ContextHandler (ContextHandler.java:doStart(781)) - Started o.e.j.s.ServletContextHandler@39da5e49{/logs,file:///opt/src/hadoop-ozone/integration-test/target/log,AVAILABLE}
2019-06-14 13:58:17,139 INFO  handler.ContextHandler (ContextHandler.java:doStart(781)) - Started o.e.j.s.ServletContextHandler@674da77b{/static,jar:file:/root/.m2/repository/org/apache/hadoop/hadoop-hdds-container-service/0.5.0-SNAPSHOT/hadoop-hdds-container-service-0.5.0-SNAPSHOT.jar!/webapps/static,AVAILABLE}
2019-06-14 13:58:17,160 INFO  handler.ContextHandler (ContextHandler.java:doStart(781)) - Started o.e.j.w.WebAppContext@5f726750{/,file:///tmp/jetty-0.0.0.0-43455-hddsDatanode-_-any-6564344281686057222.dir/webapp/,AVAILABLE}{/hddsDatanode}
2019-06-14 13:58:17,161 INFO  server.AbstractConnector (AbstractConnector.java:doStart(278)) - Started ServerConnector@4e80a001{HTTP/1.1,[http/1.1]}{0.0.0.0:43455}
2019-06-14 13:58:17,162 INFO  server.Server (Server.java:doStart(419)) - Started @4709ms
2019-06-14 13:58:17,163 INFO  server.BaseHttpServer (BaseHttpServer.java:updateConnectorAddress(207)) - HTTP server of HDDSDATANODE is listening at http://0.0.0.0:43455
2019-06-14 13:58:17,340 INFO  ozone.HddsDatanodeService (HddsDatanodeService.java:startPlugins(396)) - Started plug-in org.apache.hadoop.ozone.web.OzoneHddsDatanodeService@7fbf26fc
2019-06-14 13:58:17,341 INFO  impl.MetricsSystemImpl (MetricsSystemImpl.java:init(158)) - HddsDatanode metrics system started (again)
2019-06-14 13:58:17,341 INFO  ozone.HddsDatanodeService (HddsDatanodeService.java:start(185)) - HddsDatanodeService host:ozone-ckxqk-682217903 ip:192.168.105.138
2019-06-14 13:58:17,347 INFO  util.JvmPauseMonitor (JvmPauseMonitor.java:run(188)) - Starting JVM pause monitor
2019-06-14 13:58:17,349 INFO  volume.HddsVolume (HddsVolume.java:<init>(176)) - Creating Volume: /opt/src/hadoop-ozone/integration-test/target/test-dir/MiniOzoneClusterImpl-050e6d04-c43a-4584-92a3-30c713f86bc5/datanode-3/data/containers/hdds of  storage type : DISK and capacity : 104021790720
2019-06-14 13:58:17,349 INFO  volume.VolumeSet (VolumeSet.java:initializeVolumeSet(170)) - Added Volume : /opt/src/hadoop-ozone/integration-test/target/test-dir/MiniOzoneClusterImpl-050e6d04-c43a-4584-92a3-30c713f86bc5/datanode-3/data/containers/hdds to VolumeSet
2019-06-14 13:58:17,349 INFO  volume.ThrottledAsyncChecker (ThrottledAsyncChecker.java:schedule(140)) - Scheduling a check for org.apache.hadoop.ozone.container.common.volume.HddsVolume@5b5f9003
2019-06-14 13:58:17,356 INFO  volume.HddsVolumeChecker (HddsVolumeChecker.java:checkAllVolumes(203)) - Scheduled health check for volume org.apache.hadoop.ozone.container.common.volume.HddsVolume@5b5f9003
2019-06-14 13:58:17,358 INFO  datanode.InitDatanodeState (InitDatanodeState.java:persistContainerDatanodeDetails(140)) - DatanodeDetails is persisted to /opt/src/hadoop-ozone/integration-test/target/test-dir/MiniOzoneClusterImpl-050e6d04-c43a-4584-92a3-30c713f86bc5/datanode-2/meta/datanode.id
2019-06-14 13:58:17,370 INFO  ratis.XceiverServerRatis (XceiverServerRatis.java:newXceiverServerRatis(401)) - Found a free port for the server : 36725
2019-06-14 13:58:17,374 INFO  impl.RaftServerProxy (ConfUtils.java:logGet(43)) - raft.rpc.type = GRPC (default)
2019-06-14 13:58:17,374 INFO  grpc.GrpcConfigKeys$Server (ConfUtils.java:logGet(43)) - raft.grpc.server.port = 36725 (custom)
2019-06-14 13:58:17,374 INFO  server.GrpcService (ConfUtils.java:logGet(43)) - raft.grpc.message.size.max = 33570816 (custom)
2019-06-14 13:58:17,375 INFO  server.RaftServerConfigKeys (ConfUtils.java:logGet(43)) - raft.server.log.appender.buffer.byte-limit = 33554432 (custom)
2019-06-14 13:58:17,375 INFO  server.GrpcService (ConfUtils.java:logGet(43)) - raft.grpc.flow.control.window = 1MB (=1048576) (default)
2019-06-14 13:58:17,375 INFO  server.RaftServerConfigKeys (ConfUtils.java:logGet(43)) - raft.server.rpc.request.timeout = 3000ms (default)
2019-06-14 13:58:17,375 INFO  server.RaftServerConfigKeys (ConfUtils.java:logGet(43)) - raft.server.storage.dir = [/opt/src/hadoop-ozone/integration-test/target/test-dir/MiniOzoneClusterImpl-050e6d04-c43a-4584-92a3-30c713f86bc5/datanode-3/data/ratis] (custom)
2019-06-14 13:58:17,376 INFO  server.XceiverServerGrpc (XceiverServerGrpc.java:<init>(97)) - Found a free port for the server : 34763
2019-06-14 13:58:17,376 INFO  replication.SimpleContainerDownloader (SimpleContainerDownloader.java:<init>(72)) - Starting container downloader service to copy containers to replicate.
2019-06-14 13:58:17,377 INFO  hdfs.DFSUtil (DFSUtil.java:httpServerTemplateForNNAndJN(1641)) - Starting Web-server for hddsDatanode at: http://0.0.0.0:0
2019-06-14 13:58:17,378 INFO  server.AuthenticationFilter (AuthenticationFilter.java:constructSecretProvider(240)) - Unable to initialize FileSignerSecretProvider, falling back to use random secrets.
2019-06-14 13:58:17,379 WARN  http.HttpRequestLog (HttpRequestLog.java:getRequestLog(97)) - Jetty request log can only be enabled using Log4j
2019-06-14 13:58:17,380 INFO  http.HttpServer2 (HttpServer2.java:addGlobalFilter(975)) - Added global filter 'safety' (class=org.apache.hadoop.http.HttpServer2$QuotingInputFilter)
2019-06-14 13:58:17,381 INFO  http.HttpServer2 (HttpServer2.java:addFilter(948)) - Added filter static_user_filter (class=org.apache.hadoop.http.lib.StaticUserWebFilter$StaticUserFilter) to context hddsDatanode
2019-06-14 13:58:17,381 INFO  http.HttpServer2 (HttpServer2.java:addFilter(958)) - Added filter static_user_filter (class=org.apache.hadoop.http.lib.StaticUserWebFilter$StaticUserFilter) to context logs
2019-06-14 13:58:17,381 INFO  http.HttpServer2 (HttpServer2.java:addFilter(958)) - Added filter static_user_filter (class=org.apache.hadoop.http.lib.StaticUserWebFilter$StaticUserFilter) to context static
2019-06-14 13:58:17,382 INFO  http.HttpServer2 (HttpServer2.java:bindListener(1191)) - Jetty bound to port 41265
2019-06-14 13:58:17,382 INFO  server.Server (Server.java:doStart(351)) - jetty-9.3.24.v20180605, build timestamp: 2018-06-05T17:11:56Z, git hash: 84205aa28f11a4f31f2a3b86d1bba2cc8ab69827
2019-06-14 13:58:17,385 INFO  handler.ContextHandler (ContextHandler.java:doStart(781)) - Started o.e.j.s.ServletContextHandler@2db15f70{/logs,file:///opt/src/hadoop-ozone/integration-test/target/log,AVAILABLE}
2019-06-14 13:58:17,386 INFO  handler.ContextHandler (ContextHandler.java:doStart(781)) - Started o.e.j.s.ServletContextHandler@1f15e689{/static,jar:file:/root/.m2/repository/org/apache/hadoop/hadoop-hdds-container-service/0.5.0-SNAPSHOT/hadoop-hdds-container-service-0.5.0-SNAPSHOT.jar!/webapps/static,AVAILABLE}
2019-06-14 13:58:17,408 INFO  handler.ContextHandler (ContextHandler.java:doStart(781)) - Started o.e.j.w.WebAppContext@6ffd4c0d{/,file:///tmp/jetty-0.0.0.0-41265-hddsDatanode-_-any-2292461129250624437.dir/webapp/,AVAILABLE}{/hddsDatanode}
2019-06-14 13:58:17,409 INFO  server.AbstractConnector (AbstractConnector.java:doStart(278)) - Started ServerConnector@74c9e11{HTTP/1.1,[http/1.1]}{0.0.0.0:41265}
2019-06-14 13:58:17,410 INFO  server.Server (Server.java:doStart(419)) - Started @4956ms
2019-06-14 13:58:17,410 INFO  server.BaseHttpServer (BaseHttpServer.java:updateConnectorAddress(207)) - HTTP server of HDDSDATANODE is listening at http://0.0.0.0:41265
2019-06-14 13:58:17,532 INFO  ozone.HddsDatanodeService (HddsDatanodeService.java:startPlugins(396)) - Started plug-in org.apache.hadoop.ozone.web.OzoneHddsDatanodeService@601d6622
2019-06-14 13:58:17,532 INFO  impl.MetricsSystemImpl (MetricsSystemImpl.java:init(158)) - HddsDatanode metrics system started (again)
2019-06-14 13:58:17,533 INFO  ozone.HddsDatanodeService (HddsDatanodeService.java:start(185)) - HddsDatanodeService host:ozone-ckxqk-682217903 ip:192.168.105.138
2019-06-14 13:58:17,539 INFO  util.JvmPauseMonitor (JvmPauseMonitor.java:run(188)) - Starting JVM pause monitor
2019-06-14 13:58:17,541 INFO  datanode.InitDatanodeState (InitDatanodeState.java:persistContainerDatanodeDetails(140)) - DatanodeDetails is persisted to /opt/src/hadoop-ozone/integration-test/target/test-dir/MiniOzoneClusterImpl-050e6d04-c43a-4584-92a3-30c713f86bc5/datanode-3/meta/datanode.id
2019-06-14 13:58:17,541 INFO  volume.HddsVolume (HddsVolume.java:<init>(176)) - Creating Volume: /opt/src/hadoop-ozone/integration-test/target/test-dir/MiniOzoneClusterImpl-050e6d04-c43a-4584-92a3-30c713f86bc5/datanode-4/data/containers/hdds of  storage type : DISK and capacity : 104021790720
2019-06-14 13:58:17,542 INFO  volume.VolumeSet (VolumeSet.java:initializeVolumeSet(170)) - Added Volume : /opt/src/hadoop-ozone/integration-test/target/test-dir/MiniOzoneClusterImpl-050e6d04-c43a-4584-92a3-30c713f86bc5/datanode-4/data/containers/hdds to VolumeSet
2019-06-14 13:58:17,542 INFO  volume.ThrottledAsyncChecker (ThrottledAsyncChecker.java:schedule(140)) - Scheduling a check for org.apache.hadoop.ozone.container.common.volume.HddsVolume@57186526
2019-06-14 13:58:17,542 INFO  volume.HddsVolumeChecker (HddsVolumeChecker.java:checkAllVolumes(203)) - Scheduled health check for volume org.apache.hadoop.ozone.container.common.volume.HddsVolume@57186526
2019-06-14 13:58:17,559 INFO  ratis.XceiverServerRatis (XceiverServerRatis.java:newXceiverServerRatis(401)) - Found a free port for the server : 35893
2019-06-14 13:58:17,560 INFO  impl.RaftServerProxy (ConfUtils.java:logGet(43)) - raft.rpc.type = GRPC (default)
2019-06-14 13:58:17,560 INFO  grpc.GrpcConfigKeys$Server (ConfUtils.java:logGet(43)) - raft.grpc.server.port = 35893 (custom)
2019-06-14 13:58:17,560 INFO  server.GrpcService (ConfUtils.java:logGet(43)) - raft.grpc.message.size.max = 33570816 (custom)
2019-06-14 13:58:17,561 INFO  server.RaftServerConfigKeys (ConfUtils.java:logGet(43)) - raft.server.log.appender.buffer.byte-limit = 33554432 (custom)
2019-06-14 13:58:17,561 INFO  server.GrpcService (ConfUtils.java:logGet(43)) - raft.grpc.flow.control.window = 1MB (=1048576) (default)
2019-06-14 13:58:17,561 INFO  server.RaftServerConfigKeys (ConfUtils.java:logGet(43)) - raft.server.rpc.request.timeout = 3000ms (default)
2019-06-14 13:58:17,562 INFO  server.RaftServerConfigKeys (ConfUtils.java:logGet(43)) - raft.server.storage.dir = [/opt/src/hadoop-ozone/integration-test/target/test-dir/MiniOzoneClusterImpl-050e6d04-c43a-4584-92a3-30c713f86bc5/datanode-4/data/ratis] (custom)
2019-06-14 13:58:17,562 INFO  server.XceiverServerGrpc (XceiverServerGrpc.java:<init>(97)) - Found a free port for the server : 36905
2019-06-14 13:58:17,563 INFO  replication.SimpleContainerDownloader (SimpleContainerDownloader.java:<init>(72)) - Starting container downloader service to copy containers to replicate.
2019-06-14 13:58:17,563 INFO  hdfs.DFSUtil (DFSUtil.java:httpServerTemplateForNNAndJN(1641)) - Starting Web-server for hddsDatanode at: http://0.0.0.0:0
2019-06-14 13:58:17,565 INFO  server.AuthenticationFilter (AuthenticationFilter.java:constructSecretProvider(240)) - Unable to initialize FileSignerSecretProvider, falling back to use random secrets.
2019-06-14 13:58:17,565 WARN  http.HttpRequestLog (HttpRequestLog.java:getRequestLog(97)) - Jetty request log can only be enabled using Log4j
2019-06-14 13:58:17,567 INFO  http.HttpServer2 (HttpServer2.java:addGlobalFilter(975)) - Added global filter 'safety' (class=org.apache.hadoop.http.HttpServer2$QuotingInputFilter)
2019-06-14 13:58:17,567 INFO  http.HttpServer2 (HttpServer2.java:addFilter(948)) - Added filter static_user_filter (class=org.apache.hadoop.http.lib.StaticUserWebFilter$StaticUserFilter) to context hddsDatanode
2019-06-14 13:58:17,567 INFO  http.HttpServer2 (HttpServer2.java:addFilter(958)) - Added filter static_user_filter (class=org.apache.hadoop.http.lib.StaticUserWebFilter$StaticUserFilter) to context logs
2019-06-14 13:58:17,567 INFO  http.HttpServer2 (HttpServer2.java:addFilter(958)) - Added filter static_user_filter (class=org.apache.hadoop.http.lib.StaticUserWebFilter$StaticUserFilter) to context static
2019-06-14 13:58:17,568 INFO  http.HttpServer2 (HttpServer2.java:bindListener(1191)) - Jetty bound to port 37769
2019-06-14 13:58:17,568 INFO  server.Server (Server.java:doStart(351)) - jetty-9.3.24.v20180605, build timestamp: 2018-06-05T17:11:56Z, git hash: 84205aa28f11a4f31f2a3b86d1bba2cc8ab69827
2019-06-14 13:58:17,574 INFO  handler.ContextHandler (ContextHandler.java:doStart(781)) - Started o.e.j.s.ServletContextHandler@48cd319d{/logs,file:///opt/src/hadoop-ozone/integration-test/target/log,AVAILABLE}
2019-06-14 13:58:17,574 INFO  handler.ContextHandler (ContextHandler.java:doStart(781)) - Started o.e.j.s.ServletContextHandler@4ef18604{/static,jar:file:/root/.m2/repository/org/apache/hadoop/hadoop-hdds-container-service/0.5.0-SNAPSHOT/hadoop-hdds-container-service-0.5.0-SNAPSHOT.jar!/webapps/static,AVAILABLE}
2019-06-14 13:58:17,595 INFO  handler.ContextHandler (ContextHandler.java:doStart(781)) - Started o.e.j.w.WebAppContext@543fe698{/,file:///tmp/jetty-0.0.0.0-37769-hddsDatanode-_-any-1712724754477872287.dir/webapp/,AVAILABLE}{/hddsDatanode}
2019-06-14 13:58:17,596 INFO  server.AbstractConnector (AbstractConnector.java:doStart(278)) - Started ServerConnector@6b2fdffc{HTTP/1.1,[http/1.1]}{0.0.0.0:37769}
2019-06-14 13:58:17,598 INFO  server.Server (Server.java:doStart(419)) - Started @5144ms
2019-06-14 13:58:17,599 INFO  server.BaseHttpServer (BaseHttpServer.java:updateConnectorAddress(207)) - HTTP server of HDDSDATANODE is listening at http://0.0.0.0:37769
2019-06-14 13:58:17,716 INFO  ozone.HddsDatanodeService (HddsDatanodeService.java:startPlugins(396)) - Started plug-in org.apache.hadoop.ozone.web.OzoneHddsDatanodeService@20256a0b
2019-06-14 13:58:17,717 INFO  impl.MetricsSystemImpl (MetricsSystemImpl.java:init(158)) - HddsDatanode metrics system started (again)
2019-06-14 13:58:17,717 INFO  ozone.HddsDatanodeService (HddsDatanodeService.java:start(185)) - HddsDatanodeService host:ozone-ckxqk-682217903 ip:192.168.105.138
2019-06-14 13:58:17,718 INFO  util.JvmPauseMonitor (JvmPauseMonitor.java:run(188)) - Starting JVM pause monitor
2019-06-14 13:58:17,720 INFO  datanode.InitDatanodeState (InitDatanodeState.java:persistContainerDatanodeDetails(140)) - DatanodeDetails is persisted to /opt/src/hadoop-ozone/integration-test/target/test-dir/MiniOzoneClusterImpl-050e6d04-c43a-4584-92a3-30c713f86bc5/datanode-4/meta/datanode.id
2019-06-14 13:58:17,725 INFO  volume.HddsVolume (HddsVolume.java:<init>(176)) - Creating Volume: /opt/src/hadoop-ozone/integration-test/target/test-dir/MiniOzoneClusterImpl-050e6d04-c43a-4584-92a3-30c713f86bc5/datanode-5/data/containers/hdds of  storage type : DISK and capacity : 104021790720
2019-06-14 13:58:17,725 INFO  volume.VolumeSet (VolumeSet.java:initializeVolumeSet(170)) - Added Volume : /opt/src/hadoop-ozone/integration-test/target/test-dir/MiniOzoneClusterImpl-050e6d04-c43a-4584-92a3-30c713f86bc5/datanode-5/data/containers/hdds to VolumeSet
2019-06-14 13:58:17,725 INFO  volume.ThrottledAsyncChecker (ThrottledAsyncChecker.java:schedule(140)) - Scheduling a check for org.apache.hadoop.ozone.container.common.volume.HddsVolume@7364f68
2019-06-14 13:58:17,725 INFO  volume.HddsVolumeChecker (HddsVolumeChecker.java:checkAllVolumes(203)) - Scheduled health check for volume org.apache.hadoop.ozone.container.common.volume.HddsVolume@7364f68
2019-06-14 13:58:17,737 INFO  ratis.XceiverServerRatis (XceiverServerRatis.java:newXceiverServerRatis(401)) - Found a free port for the server : 34995
2019-06-14 13:58:17,738 INFO  impl.RaftServerProxy (ConfUtils.java:logGet(43)) - raft.rpc.type = GRPC (default)
2019-06-14 13:58:17,738 INFO  grpc.GrpcConfigKeys$Server (ConfUtils.java:logGet(43)) - raft.grpc.server.port = 34995 (custom)
2019-06-14 13:58:17,739 INFO  server.GrpcService (ConfUtils.java:logGet(43)) - raft.grpc.message.size.max = 33570816 (custom)
2019-06-14 13:58:17,739 INFO  server.RaftServerConfigKeys (ConfUtils.java:logGet(43)) - raft.server.log.appender.buffer.byte-limit = 33554432 (custom)
2019-06-14 13:58:17,739 INFO  server.GrpcService (ConfUtils.java:logGet(43)) - raft.grpc.flow.control.window = 1MB (=1048576) (default)
2019-06-14 13:58:17,739 INFO  server.RaftServerConfigKeys (ConfUtils.java:logGet(43)) - raft.server.rpc.request.timeout = 3000ms (default)
2019-06-14 13:58:17,740 INFO  server.RaftServerConfigKeys (ConfUtils.java:logGet(43)) - raft.server.storage.dir = [/opt/src/hadoop-ozone/integration-test/target/test-dir/MiniOzoneClusterImpl-050e6d04-c43a-4584-92a3-30c713f86bc5/datanode-5/data/ratis] (custom)
2019-06-14 13:58:17,740 INFO  server.XceiverServerGrpc (XceiverServerGrpc.java:<init>(97)) - Found a free port for the server : 45701
2019-06-14 13:58:17,741 INFO  replication.SimpleContainerDownloader (SimpleContainerDownloader.java:<init>(72)) - Starting container downloader service to copy containers to replicate.
2019-06-14 13:58:17,742 INFO  hdfs.DFSUtil (DFSUtil.java:httpServerTemplateForNNAndJN(1641)) - Starting Web-server for hddsDatanode at: http://0.0.0.0:0
2019-06-14 13:58:17,743 INFO  server.AuthenticationFilter (AuthenticationFilter.java:constructSecretProvider(240)) - Unable to initialize FileSignerSecretProvider, falling back to use random secrets.
2019-06-14 13:58:17,744 WARN  http.HttpRequestLog (HttpRequestLog.java:getRequestLog(97)) - Jetty request log can only be enabled using Log4j
2019-06-14 13:58:17,745 INFO  http.HttpServer2 (HttpServer2.java:addGlobalFilter(975)) - Added global filter 'safety' (class=org.apache.hadoop.http.HttpServer2$QuotingInputFilter)
2019-06-14 13:58:17,745 INFO  http.HttpServer2 (HttpServer2.java:addFilter(948)) - Added filter static_user_filter (class=org.apache.hadoop.http.lib.StaticUserWebFilter$StaticUserFilter) to context hddsDatanode
2019-06-14 13:58:17,746 INFO  http.HttpServer2 (HttpServer2.java:addFilter(958)) - Added filter static_user_filter (class=org.apache.hadoop.http.lib.StaticUserWebFilter$StaticUserFilter) to context logs
2019-06-14 13:58:17,746 INFO  http.HttpServer2 (HttpServer2.java:addFilter(958)) - Added filter static_user_filter (class=org.apache.hadoop.http.lib.StaticUserWebFilter$StaticUserFilter) to context static
2019-06-14 13:58:17,746 INFO  http.HttpServer2 (HttpServer2.java:bindListener(1191)) - Jetty bound to port 35985
2019-06-14 13:58:17,746 INFO  server.Server (Server.java:doStart(351)) - jetty-9.3.24.v20180605, build timestamp: 2018-06-05T17:11:56Z, git hash: 84205aa28f11a4f31f2a3b86d1bba2cc8ab69827
2019-06-14 13:58:17,752 INFO  handler.ContextHandler (ContextHandler.java:doStart(781)) - Started o.e.j.s.ServletContextHandler@5122e4bf{/logs,file:///opt/src/hadoop-ozone/integration-test/target/log,AVAILABLE}
2019-06-14 13:58:17,752 INFO  handler.ContextHandler (ContextHandler.java:doStart(781)) - Started o.e.j.s.ServletContextHandler@58a7dc4{/static,jar:file:/root/.m2/repository/org/apache/hadoop/hadoop-hdds-container-service/0.5.0-SNAPSHOT/hadoop-hdds-container-service-0.5.0-SNAPSHOT.jar!/webapps/static,AVAILABLE}
2019-06-14 13:58:17,783 INFO  handler.ContextHandler (ContextHandler.java:doStart(781)) - Started o.e.j.w.WebAppContext@578c3fd9{/,file:///tmp/jetty-0.0.0.0-35985-hddsDatanode-_-any-3774906412846241710.dir/webapp/,AVAILABLE}{/hddsDatanode}
2019-06-14 13:58:17,784 INFO  server.AbstractConnector (AbstractConnector.java:doStart(278)) - Started ServerConnector@245cb8df{HTTP/1.1,[http/1.1]}{0.0.0.0:35985}
2019-06-14 13:58:17,784 INFO  server.Server (Server.java:doStart(419)) - Started @5331ms
2019-06-14 13:58:17,786 INFO  server.BaseHttpServer (BaseHttpServer.java:updateConnectorAddress(207)) - HTTP server of HDDSDATANODE is listening at http://0.0.0.0:35985
2019-06-14 13:58:17,928 INFO  ozone.HddsDatanodeService (HddsDatanodeService.java:startPlugins(396)) - Started plug-in org.apache.hadoop.ozone.web.OzoneHddsDatanodeService@28daf506
2019-06-14 13:58:17,929 INFO  ozone.MiniOzoneClusterImpl (MiniOzoneClusterImpl.java:lambda$waitForClusterToBeReady$0(142)) - Waiting for cluster to be ready. Got 0 of 6 DN Heartbeats.
2019-06-14 13:58:17,933 INFO  util.JvmPauseMonitor (JvmPauseMonitor.java:run(188)) - Starting JVM pause monitor
2019-06-14 13:58:17,934 INFO  datanode.InitDatanodeState (InitDatanodeState.java:persistContainerDatanodeDetails(140)) - DatanodeDetails is persisted to /opt/src/hadoop-ozone/integration-test/target/test-dir/MiniOzoneClusterImpl-050e6d04-c43a-4584-92a3-30c713f86bc5/datanode-5/meta/datanode.id
2019-06-14 13:58:18,898 INFO  ozoneimpl.OzoneContainer (OzoneContainer.java:start(186)) - Attempting to start container services.
2019-06-14 13:58:18,899 INFO  ozoneimpl.OzoneContainer (OzoneContainer.java:startContainerScrub(160)) - Background container scrubber has been disabled by hdds.containerscrub.enabled
2019-06-14 13:58:18,899 INFO  ratis.XceiverServerRatis (XceiverServerRatis.java:start(418)) - Starting XceiverServerRatis 628cd0a0-fc8e-4ece-9958-71570d7cfd92 at port 45353
2019-06-14 13:58:18,911 INFO  impl.RaftServerProxy (RaftServerProxy.java:lambda$start$3(299)) - 628cd0a0-fc8e-4ece-9958-71570d7cfd92: start RPC server
2019-06-14 13:58:18,930 INFO  ozone.MiniOzoneClusterImpl (MiniOzoneClusterImpl.java:lambda$waitForClusterToBeReady$0(142)) - Waiting for cluster to be ready. Got 0 of 6 DN Heartbeats.
2019-06-14 13:58:19,032 INFO  server.GrpcService (GrpcService.java:startImpl(148)) - 628cd0a0-fc8e-4ece-9958-71570d7cfd92: GrpcService started, listening on 0.0.0.0/0.0.0.0:45353
2019-06-14 13:58:19,103 INFO  ozoneimpl.OzoneContainer (OzoneContainer.java:start(186)) - Attempting to start container services.
2019-06-14 13:58:19,105 INFO  ozoneimpl.OzoneContainer (OzoneContainer.java:startContainerScrub(160)) - Background container scrubber has been disabled by hdds.containerscrub.enabled
2019-06-14 13:58:19,105 INFO  ratis.XceiverServerRatis (XceiverServerRatis.java:start(418)) - Starting XceiverServerRatis ce336553-b440-4cfb-baa1-4a0e1d637cf8 at port 44951
2019-06-14 13:58:19,111 INFO  impl.RaftServerProxy (RaftServerProxy.java:lambda$start$3(299)) - ce336553-b440-4cfb-baa1-4a0e1d637cf8: start RPC server
2019-06-14 13:58:19,114 INFO  server.GrpcService (GrpcService.java:startImpl(148)) - ce336553-b440-4cfb-baa1-4a0e1d637cf8: GrpcService started, listening on 0.0.0.0/0.0.0.0:44951
2019-06-14 13:58:19,351 INFO  ozoneimpl.OzoneContainer (OzoneContainer.java:start(186)) - Attempting to start container services.
2019-06-14 13:58:19,353 INFO  ozoneimpl.OzoneContainer (OzoneContainer.java:startContainerScrub(160)) - Background container scrubber has been disabled by hdds.containerscrub.enabled
2019-06-14 13:58:19,353 INFO  ratis.XceiverServerRatis (XceiverServerRatis.java:start(418)) - Starting XceiverServerRatis 155bd8ce-37f5-442b-a029-4d1b174aebcf at port 35723
2019-06-14 13:58:19,362 INFO  impl.RaftServerProxy (RaftServerProxy.java:lambda$start$3(299)) - 155bd8ce-37f5-442b-a029-4d1b174aebcf: start RPC server
2019-06-14 13:58:19,364 INFO  server.GrpcService (GrpcService.java:startImpl(148)) - 155bd8ce-37f5-442b-a029-4d1b174aebcf: GrpcService started, listening on 0.0.0.0/0.0.0.0:35723
2019-06-14 13:58:19,543 INFO  ozoneimpl.OzoneContainer (OzoneContainer.java:start(186)) - Attempting to start container services.
2019-06-14 13:58:19,544 INFO  ozoneimpl.OzoneContainer (OzoneContainer.java:startContainerScrub(160)) - Background container scrubber has been disabled by hdds.containerscrub.enabled
2019-06-14 13:58:19,544 INFO  ratis.XceiverServerRatis (XceiverServerRatis.java:start(418)) - Starting XceiverServerRatis 27edf844-2f50-4d1e-88b1-ba785f865996 at port 36725
2019-06-14 13:58:19,549 INFO  impl.RaftServerProxy (RaftServerProxy.java:lambda$start$3(299)) - 27edf844-2f50-4d1e-88b1-ba785f865996: start RPC server
2019-06-14 13:58:19,551 INFO  server.GrpcService (GrpcService.java:startImpl(148)) - 27edf844-2f50-4d1e-88b1-ba785f865996: GrpcService started, listening on 0.0.0.0/0.0.0.0:36725
2019-06-14 13:58:19,723 INFO  ozoneimpl.OzoneContainer (OzoneContainer.java:start(186)) - Attempting to start container services.
2019-06-14 13:58:19,724 INFO  ozoneimpl.OzoneContainer (OzoneContainer.java:startContainerScrub(160)) - Background container scrubber has been disabled by hdds.containerscrub.enabled
2019-06-14 13:58:19,724 INFO  ratis.XceiverServerRatis (XceiverServerRatis.java:start(418)) - Starting XceiverServerRatis 5b9f72de-af05-4cdb-9b30-87d4a4f1fe2b at port 35893
2019-06-14 13:58:19,728 INFO  impl.RaftServerProxy (RaftServerProxy.java:lambda$start$3(299)) - 5b9f72de-af05-4cdb-9b30-87d4a4f1fe2b: start RPC server
2019-06-14 13:58:19,730 INFO  server.GrpcService (GrpcService.java:startImpl(148)) - 5b9f72de-af05-4cdb-9b30-87d4a4f1fe2b: GrpcService started, listening on 0.0.0.0/0.0.0.0:35893
2019-06-14 13:58:19,930 INFO  ozone.MiniOzoneClusterImpl (MiniOzoneClusterImpl.java:lambda$waitForClusterToBeReady$0(142)) - Waiting for cluster to be ready. Got 0 of 6 DN Heartbeats.
2019-06-14 13:58:19,938 INFO  ozoneimpl.OzoneContainer (OzoneContainer.java:start(186)) - Attempting to start container services.
2019-06-14 13:58:19,940 INFO  ozoneimpl.OzoneContainer (OzoneContainer.java:startContainerScrub(160)) - Background container scrubber has been disabled by hdds.containerscrub.enabled
2019-06-14 13:58:19,940 INFO  ratis.XceiverServerRatis (XceiverServerRatis.java:start(418)) - Starting XceiverServerRatis 29085e44-f26d-48d7-912b-06801d0ba8e9 at port 34995
2019-06-14 13:58:19,943 INFO  impl.RaftServerProxy (RaftServerProxy.java:lambda$start$3(299)) - 29085e44-f26d-48d7-912b-06801d0ba8e9: start RPC server
2019-06-14 13:58:19,946 INFO  server.GrpcService (GrpcService.java:startImpl(148)) - 29085e44-f26d-48d7-912b-06801d0ba8e9: GrpcService started, listening on 0.0.0.0/0.0.0.0:34995
2019-06-14 13:58:20,908 INFO  node.SCMNodeManager (SCMNodeManager.java:register(234)) - Registered Data node : 628cd0a0-fc8e-4ece-9958-71570d7cfd92{ip: 192.168.105.138, host: ozone-ckxqk-682217903, networkLocation: /default-rack, certSerialId: null}
2019-06-14 13:58:20,918 INFO  safemode.SCMSafeModeManager (DataNodeSafeModeRule.java:process(71)) - SCM in safe mode. 1 DataNodes registered, 1 required.
2019-06-14 13:58:20,918 INFO  safemode.SCMSafeModeManager (SCMSafeModeManager.java:validateSafeModeExitRules(177)) - ScmSafeModeManager, all rules are successfully validated
2019-06-14 13:58:20,918 INFO  safemode.SCMSafeModeManager (SCMSafeModeManager.java:exitSafeMode(193)) - SCM exiting safe mode.
2019-06-14 13:58:20,930 INFO  ozone.MiniOzoneClusterImpl (MiniOzoneClusterImpl.java:lambda$waitForClusterToBeReady$0(142)) - Waiting for cluster to be ready. Got 1 of 6 DN Heartbeats.
2019-06-14 13:58:21,101 INFO  node.SCMNodeManager (SCMNodeManager.java:register(234)) - Registered Data node : ce336553-b440-4cfb-baa1-4a0e1d637cf8{ip: 192.168.105.138, host: ozone-ckxqk-682217903, networkLocation: /default-rack, certSerialId: null}
2019-06-14 13:58:21,312 INFO  impl.RaftServerProxy (RaftServerProxy.java:addNew(89)) - 628cd0a0-fc8e-4ece-9958-71570d7cfd92: addNew group-E0AF1B443538:[628cd0a0-fc8e-4ece-9958-71570d7cfd92:192.168.105.138:45353] returns group-E0AF1B443538:java.util.concurrent.CompletableFuture@7190b359[Not completed]
2019-06-14 13:58:21,318 INFO  impl.RaftServerImpl (RaftServerImpl.java:<init>(91)) - 628cd0a0-fc8e-4ece-9958-71570d7cfd92: new RaftServerImpl for group-E0AF1B443538:[628cd0a0-fc8e-4ece-9958-71570d7cfd92:192.168.105.138:45353] with ContainerStateMachine:uninitialized
2019-06-14 13:58:21,319 INFO  server.RaftServerConfigKeys (ConfUtils.java:logGet(43)) - raft.server.rpc.timeout.min = 1s (custom)
2019-06-14 13:58:21,319 INFO  server.RaftServerConfigKeys (ConfUtils.java:logGet(43)) - raft.server.rpc.timeout.max = 1200ms (custom)
2019-06-14 13:58:21,320 INFO  server.RaftServerConfigKeys (ConfUtils.java:logGet(43)) - raft.server.rpcslowness.timeout = 10s (custom)
2019-06-14 13:58:21,320 INFO  server.RaftServerConfigKeys (ConfUtils.java:logGet(43)) - raft.server.log.appender.install.snapshot.enabled = true (default)
2019-06-14 13:58:21,327 INFO  impl.RaftServerImpl (ServerState.java:<init>(101)) - 628cd0a0-fc8e-4ece-9958-71570d7cfd92:group-E0AF1B443538 ConfigurationManager, init=-1: [628cd0a0-fc8e-4ece-9958-71570d7cfd92:192.168.105.138:45353], old=null, confs=<EMPTY_MAP>
2019-06-14 13:58:21,327 INFO  server.RaftServerConfigKeys (ConfUtils.java:logGet(43)) - raft.server.storage.dir = [/opt/src/hadoop-ozone/integration-test/target/test-dir/MiniOzoneClusterImpl-050e6d04-c43a-4584-92a3-30c713f86bc5/datanode-0/data/ratis] (custom)
2019-06-14 13:58:21,334 INFO  storage.RaftStorageDirectory (RaftStorageDirectory.java:analyzeStorage(246)) - The storage directory /opt/src/hadoop-ozone/integration-test/target/test-dir/MiniOzoneClusterImpl-050e6d04-c43a-4584-92a3-30c713f86bc5/datanode-0/data/ratis/25341264-c16d-49b0-8cf5-e0af1b443538 does not exist. Creating ...
2019-06-14 13:58:21,339 INFO  storage.RaftStorageDirectory (RaftStorageDirectory.java:tryLock(328)) - Lock on /opt/src/hadoop-ozone/integration-test/target/test-dir/MiniOzoneClusterImpl-050e6d04-c43a-4584-92a3-30c713f86bc5/datanode-0/data/ratis/25341264-c16d-49b0-8cf5-e0af1b443538/in_use.lock acquired by nodename 10088@ozone-ckxqk-682217903
2019-06-14 13:58:21,343 INFO  storage.RaftStorage (RaftStorage.java:format(75)) - Storage directory /opt/src/hadoop-ozone/integration-test/target/test-dir/MiniOzoneClusterImpl-050e6d04-c43a-4584-92a3-30c713f86bc5/datanode-0/data/ratis/25341264-c16d-49b0-8cf5-e0af1b443538 has been successfully formatted.
2019-06-14 13:58:21,345 INFO  ratis.ContainerStateMachine (ContainerStateMachine.java:loadSnapshot(199)) - The snapshot info is null.Setting the last applied index to:(t:0, i:~)
2019-06-14 13:58:21,345 INFO  server.RaftServerConfigKeys (ConfUtils.java:logGet(43)) - raft.server.leader.election.timeout = 10s (custom)
2019-06-14 13:58:21,346 INFO  server.RaftServerConfigKeys (ConfUtils.java:logGet(43)) - raft.server.log.use.memory = false (default)
2019-06-14 13:58:21,479 INFO  node.SCMNodeManager (SCMNodeManager.java:register(234)) - Registered Data node : 155bd8ce-37f5-442b-a029-4d1b174aebcf{ip: 192.168.105.138, host: ozone-ckxqk-682217903, networkLocation: /default-rack, certSerialId: null}
2019-06-14 13:58:21,479 INFO  server.RaftServerConfigKeys (ConfUtils.java:logGet(43)) - raft.server.log.appender.buffer.byte-limit = 33554432 (custom)
2019-06-14 13:58:21,482 INFO  server.RaftServerConfigKeys (ConfUtils.java:logGet(43)) - raft.server.log.segment.size.max = 16384 (custom)
2019-06-14 13:58:21,487 INFO  server.RaftServerConfigKeys (ConfUtils.java:logGet(43)) - raft.server.log.segment.cache.num.max = 2 (custom)
2019-06-14 13:58:21,490 INFO  storage.RaftLogWorker (RaftLogWorker.java:<init>(123)) - new 628cd0a0-fc8e-4ece-9958-71570d7cfd92-RaftLogWorker for Storage Directory /opt/src/hadoop-ozone/integration-test/target/test-dir/MiniOzoneClusterImpl-050e6d04-c43a-4584-92a3-30c713f86bc5/datanode-0/data/ratis/25341264-c16d-49b0-8cf5-e0af1b443538
2019-06-14 13:58:21,491 INFO  server.RaftServerConfigKeys (ConfUtils.java:logGet(43)) - raft.server.log.queue.byte-limit = 2147483647 (custom)
2019-06-14 13:58:21,491 INFO  server.RaftServerConfigKeys (ConfUtils.java:logGet(43)) - raft.server.log.queue.element-limit = 1024 (custom)
2019-06-14 13:58:21,493 INFO  server.RaftServerConfigKeys (ConfUtils.java:logGet(43)) - raft.server.log.segment.size.max = 16384 (custom)
2019-06-14 13:58:21,494 INFO  server.RaftServerConfigKeys (ConfUtils.java:logGet(43)) - raft.server.log.preallocated.size = 16384 (custom)
2019-06-14 13:58:21,494 INFO  server.RaftServerConfigKeys (ConfUtils.java:logGet(43)) - raft.server.log.write.buffer.size = 33554432 (custom)
2019-06-14 13:58:21,495 INFO  server.RaftServerConfigKeys (ConfUtils.java:logGet(43)) - raft.server.log.force.sync.num = 128 (default)
2019-06-14 13:58:21,496 INFO  server.RaftServerConfigKeys (ConfUtils.java:logGet(43)) - raft.server.log.statemachine.data.sync = true (default)
2019-06-14 13:58:21,496 INFO  server.RaftServerConfigKeys (ConfUtils.java:logGet(43)) - raft.server.log.statemachine.data.sync.timeout = 10s (default)
2019-06-14 13:58:21,497 INFO  server.RaftServerConfigKeys (ConfUtils.java:logGet(43)) - raft.server.log.statemachine.data.sync.timeout.retry = -1 (default)
2019-06-14 13:58:21,499 INFO  server.RaftServerConfigKeys (ConfUtils.java:logGet(43)) - raft.server.log.statemachine.data.caching.enabled = true (custom)
2019-06-14 13:58:21,508 INFO  server.RaftServerConfigKeys (ConfUtils.java:logGet(43)) - raft.server.snapshot.auto.trigger.enabled = true (custom)
2019-06-14 13:58:21,509 INFO  server.RaftServerConfigKeys (ConfUtils.java:logGet(43)) - raft.server.snapshot.auto.trigger.threshold = 10000 (custom)
2019-06-14 13:58:21,510 INFO  server.RaftServerConfigKeys (ConfUtils.java:logGet(43)) - raft.server.retrycache.expirytime = 600000ms (custom)
2019-06-14 13:58:21,529 INFO  impl.RaftServerImpl (RaftServerImpl.java:start(173)) - 628cd0a0-fc8e-4ece-9958-71570d7cfd92: start group-E0AF1B443538
2019-06-14 13:58:21,531 INFO  impl.RaftServerImpl (RaftServerImpl.java:setRole(164)) - 628cd0a0-fc8e-4ece-9958-71570d7cfd92:group-E0AF1B443538 changes role from null to FOLLOWER at term 0 for startAsFollower
2019-06-14 13:58:21,532 INFO  impl.RoleInfo (RoleInfo.java:updateAndGet(143)) - 628cd0a0-fc8e-4ece-9958-71570d7cfd92: start FollowerState
2019-06-14 13:58:21,534 INFO  util.JmxRegister (JmxRegister.java:tryRegister(44)) - Successfully registered JMX Bean with object name Ratis:service=RaftServer,group=group-E0AF1B443538,id=628cd0a0-fc8e-4ece-9958-71570d7cfd92
2019-06-14 13:58:21,542 INFO  node.SCMNodeManager (SCMNodeManager.java:register(234)) - Registered Data node : 27edf844-2f50-4d1e-88b1-ba785f865996{ip: 192.168.105.138, host: ozone-ckxqk-682217903, networkLocation: /default-rack, certSerialId: null}
2019-06-14 13:58:21,592 INFO  pipeline.PipelineStateManager (PipelineStateManager.java:addPipeline(56)) - Created pipeline Pipeline[ Id: 25341264-c16d-49b0-8cf5-e0af1b443538, Nodes: 628cd0a0-fc8e-4ece-9958-71570d7cfd92{ip: 192.168.105.138, host: ozone-ckxqk-682217903, networkLocation: /default-rack, certSerialId: null}, Type:RATIS, Factor:ONE, State:OPEN]
2019-06-14 13:58:21,620 INFO  impl.RaftServerProxy (RaftServerProxy.java:addNew(89)) - 155bd8ce-37f5-442b-a029-4d1b174aebcf: addNew group-0AE3D897390A:[155bd8ce-37f5-442b-a029-4d1b174aebcf:192.168.105.138:35723] returns group-0AE3D897390A:java.util.concurrent.CompletableFuture@3d52375c[Not completed]
2019-06-14 13:58:21,622 INFO  impl.RaftServerImpl (RaftServerImpl.java:<init>(91)) - 155bd8ce-37f5-442b-a029-4d1b174aebcf: new RaftServerImpl for group-0AE3D897390A:[155bd8ce-37f5-442b-a029-4d1b174aebcf:192.168.105.138:35723] with ContainerStateMachine:uninitialized
2019-06-14 13:58:21,623 INFO  server.RaftServerConfigKeys (ConfUtils.java:logGet(43)) - raft.server.rpc.timeout.min = 1s (custom)
2019-06-14 13:58:21,623 INFO  server.RaftServerConfigKeys (ConfUtils.java:logGet(43)) - raft.server.rpc.timeout.max = 1200ms (custom)
2019-06-14 13:58:21,623 INFO  server.RaftServerConfigKeys (ConfUtils.java:logGet(43)) - raft.server.rpcslowness.timeout = 10s (custom)
2019-06-14 13:58:21,623 INFO  server.RaftServerConfigKeys (ConfUtils.java:logGet(43)) - raft.server.log.appender.install.snapshot.enabled = true (default)
2019-06-14 13:58:21,623 INFO  impl.RaftServerImpl (ServerState.java:<init>(101)) - 155bd8ce-37f5-442b-a029-4d1b174aebcf:group-0AE3D897390A ConfigurationManager, init=-1: [155bd8ce-37f5-442b-a029-4d1b174aebcf:192.168.105.138:35723], old=null, confs=<EMPTY_MAP>
2019-06-14 13:58:21,625 INFO  server.RaftServerConfigKeys (ConfUtils.java:logGet(43)) - raft.server.storage.dir = [/opt/src/hadoop-ozone/integration-test/target/test-dir/MiniOzoneClusterImpl-050e6d04-c43a-4584-92a3-30c713f86bc5/datanode-2/data/ratis] (custom)
2019-06-14 13:58:21,625 INFO  storage.RaftStorageDirectory (RaftStorageDirectory.java:analyzeStorage(246)) - The storage directory /opt/src/hadoop-ozone/integration-test/target/test-dir/MiniOzoneClusterImpl-050e6d04-c43a-4584-92a3-30c713f86bc5/datanode-2/data/ratis/420ef5c4-b5e8-43c5-87c7-0ae3d897390a does not exist. Creating ...
2019-06-14 13:58:21,627 INFO  storage.RaftStorageDirectory (RaftStorageDirectory.java:tryLock(328)) - Lock on /opt/src/hadoop-ozone/integration-test/target/test-dir/MiniOzoneClusterImpl-050e6d04-c43a-4584-92a3-30c713f86bc5/datanode-2/data/ratis/420ef5c4-b5e8-43c5-87c7-0ae3d897390a/in_use.lock acquired by nodename 10088@ozone-ckxqk-682217903
2019-06-14 13:58:21,630 INFO  storage.RaftStorage (RaftStorage.java:format(75)) - Storage directory /opt/src/hadoop-ozone/integration-test/target/test-dir/MiniOzoneClusterImpl-050e6d04-c43a-4584-92a3-30c713f86bc5/datanode-2/data/ratis/420ef5c4-b5e8-43c5-87c7-0ae3d897390a has been successfully formatted.
2019-06-14 13:58:21,630 INFO  ratis.ContainerStateMachine (ContainerStateMachine.java:loadSnapshot(199)) - The snapshot info is null.Setting the last applied index to:(t:0, i:~)
2019-06-14 13:58:21,630 INFO  server.RaftServerConfigKeys (ConfUtils.java:logGet(43)) - raft.server.leader.election.timeout = 10s (custom)
2019-06-14 13:58:21,630 INFO  server.RaftServerConfigKeys (ConfUtils.java:logGet(43)) - raft.server.log.use.memory = false (default)
2019-06-14 13:58:21,630 INFO  server.RaftServerConfigKeys (ConfUtils.java:logGet(43)) - raft.server.log.appender.buffer.byte-limit = 33554432 (custom)
2019-06-14 13:58:21,630 INFO  server.RaftServerConfigKeys (ConfUtils.java:logGet(43)) - raft.server.log.segment.size.max = 16384 (custom)
2019-06-14 13:58:21,631 INFO  server.RaftServerConfigKeys (ConfUtils.java:logGet(43)) - raft.server.log.segment.cache.num.max = 2 (custom)
2019-06-14 13:58:21,631 INFO  storage.RaftLogWorker (RaftLogWorker.java:<init>(123)) - new 155bd8ce-37f5-442b-a029-4d1b174aebcf-RaftLogWorker for Storage Directory /opt/src/hadoop-ozone/integration-test/target/test-dir/MiniOzoneClusterImpl-050e6d04-c43a-4584-92a3-30c713f86bc5/datanode-2/data/ratis/420ef5c4-b5e8-43c5-87c7-0ae3d897390a
2019-06-14 13:58:21,633 INFO  server.RaftServerConfigKeys (ConfUtils.java:logGet(43)) - raft.server.log.queue.byte-limit = 2147483647 (custom)
2019-06-14 13:58:21,633 INFO  server.RaftServerConfigKeys (ConfUtils.java:logGet(43)) - raft.server.log.queue.element-limit = 1024 (custom)
2019-06-14 13:58:21,634 INFO  server.RaftServerConfigKeys (ConfUtils.java:logGet(43)) - raft.server.log.segment.size.max = 16384 (custom)
2019-06-14 13:58:21,634 INFO  server.RaftServerConfigKeys (ConfUtils.java:logGet(43)) - raft.server.log.preallocated.size = 16384 (custom)
2019-06-14 13:58:21,634 INFO  server.RaftServerConfigKeys (ConfUtils.java:logGet(43)) - raft.server.log.write.buffer.size = 33554432 (custom)
2019-06-14 13:58:21,634 INFO  server.RaftServerConfigKeys (ConfUtils.java:logGet(43)) - raft.server.log.force.sync.num = 128 (default)
2019-06-14 13:58:21,634 INFO  server.RaftServerConfigKeys (ConfUtils.java:logGet(43)) - raft.server.log.statemachine.data.sync = true (default)
2019-06-14 13:58:21,634 INFO  server.RaftServerConfigKeys (ConfUtils.java:logGet(43)) - raft.server.log.statemachine.data.sync.timeout = 10s (default)
2019-06-14 13:58:21,634 INFO  server.RaftServerConfigKeys (ConfUtils.java:logGet(43)) - raft.server.log.statemachine.data.sync.timeout.retry = -1 (default)
2019-06-14 13:58:21,634 INFO  server.RaftServerConfigKeys (ConfUtils.java:logGet(43)) - raft.server.log.statemachine.data.caching.enabled = true (custom)
2019-06-14 13:58:21,637 INFO  server.RaftServerConfigKeys (ConfUtils.java:logGet(43)) - raft.server.snapshot.auto.trigger.enabled = true (custom)
2019-06-14 13:58:21,638 INFO  server.RaftServerConfigKeys (ConfUtils.java:logGet(43)) - raft.server.snapshot.auto.trigger.threshold = 10000 (custom)
2019-06-14 13:58:21,638 INFO  server.RaftServerConfigKeys (ConfUtils.java:logGet(43)) - raft.server.retrycache.expirytime = 600000ms (custom)
2019-06-14 13:58:21,638 INFO  impl.RaftServerImpl (RaftServerImpl.java:start(173)) - 155bd8ce-37f5-442b-a029-4d1b174aebcf: start group-0AE3D897390A
2019-06-14 13:58:21,638 INFO  impl.RaftServerImpl (RaftServerImpl.java:setRole(164)) - 155bd8ce-37f5-442b-a029-4d1b174aebcf:group-0AE3D897390A changes role from null to FOLLOWER at term 0 for startAsFollower
2019-06-14 13:58:21,638 INFO  impl.RoleInfo (RoleInfo.java:updateAndGet(143)) - 155bd8ce-37f5-442b-a029-4d1b174aebcf: start FollowerState
2019-06-14 13:58:21,640 INFO  util.JmxRegister (JmxRegister.java:tryRegister(44)) - Successfully registered JMX Bean with object name Ratis:service=RaftServer,group=group-0AE3D897390A,id=155bd8ce-37f5-442b-a029-4d1b174aebcf
2019-06-14 13:58:21,655 INFO  pipeline.PipelineStateManager (PipelineStateManager.java:addPipeline(56)) - Created pipeline Pipeline[ Id: 420ef5c4-b5e8-43c5-87c7-0ae3d897390a, Nodes: 155bd8ce-37f5-442b-a029-4d1b174aebcf{ip: 192.168.105.138, host: ozone-ckxqk-682217903, networkLocation: /default-rack, certSerialId: null}, Type:RATIS, Factor:ONE, State:OPEN]
2019-06-14 13:58:21,677 INFO  impl.RaftServerProxy (RaftServerProxy.java:addNew(89)) - 27edf844-2f50-4d1e-88b1-ba785f865996: addNew group-AB7212E2698B:[27edf844-2f50-4d1e-88b1-ba785f865996:192.168.105.138:36725] returns group-AB7212E2698B:java.util.concurrent.CompletableFuture@7550581d[Not completed]
2019-06-14 13:58:21,720 INFO  impl.RaftServerImpl (RaftServerImpl.java:<init>(91)) - 27edf844-2f50-4d1e-88b1-ba785f865996: new RaftServerImpl for group-AB7212E2698B:[27edf844-2f50-4d1e-88b1-ba785f865996:192.168.105.138:36725] with ContainerStateMachine:uninitialized
2019-06-14 13:58:21,720 INFO  server.RaftServerConfigKeys (ConfUtils.java:logGet(43)) - raft.server.rpc.timeout.min = 1s (custom)
2019-06-14 13:58:21,720 INFO  server.RaftServerConfigKeys (ConfUtils.java:logGet(43)) - raft.server.rpc.timeout.max = 1200ms (custom)
2019-06-14 13:58:21,720 INFO  server.RaftServerConfigKeys (ConfUtils.java:logGet(43)) - raft.server.rpcslowness.timeout = 10s (custom)
2019-06-14 13:58:21,720 INFO  server.RaftServerConfigKeys (ConfUtils.java:logGet(43)) - raft.server.log.appender.install.snapshot.enabled = true (default)
2019-06-14 13:58:21,720 INFO  impl.RaftServerImpl (ServerState.java:<init>(101)) - 27edf844-2f50-4d1e-88b1-ba785f865996:group-AB7212E2698B ConfigurationManager, init=-1: [27edf844-2f50-4d1e-88b1-ba785f865996:192.168.105.138:36725], old=null, confs=<EMPTY_MAP>
2019-06-14 13:58:21,721 INFO  server.RaftServerConfigKeys (ConfUtils.java:logGet(43)) - raft.server.storage.dir = [/opt/src/hadoop-ozone/integration-test/target/test-dir/MiniOzoneClusterImpl-050e6d04-c43a-4584-92a3-30c713f86bc5/datanode-3/data/ratis] (custom)
2019-06-14 13:58:21,721 INFO  storage.RaftStorageDirectory (RaftStorageDirectory.java:analyzeStorage(246)) - The storage directory /opt/src/hadoop-ozone/integration-test/target/test-dir/MiniOzoneClusterImpl-050e6d04-c43a-4584-92a3-30c713f86bc5/datanode-3/data/ratis/ef63d5f1-661c-4975-ae1d-ab7212e2698b does not exist. Creating ...
2019-06-14 13:58:21,723 INFO  node.SCMNodeManager (SCMNodeManager.java:register(234)) - Registered Data node : 5b9f72de-af05-4cdb-9b30-87d4a4f1fe2b{ip: 192.168.105.138, host: ozone-ckxqk-682217903, networkLocation: /default-rack, certSerialId: null}
2019-06-14 13:58:21,726 INFO  storage.RaftStorageDirectory (RaftStorageDirectory.java:tryLock(328)) - Lock on /opt/src/hadoop-ozone/integration-test/target/test-dir/MiniOzoneClusterImpl-050e6d04-c43a-4584-92a3-30c713f86bc5/datanode-3/data/ratis/ef63d5f1-661c-4975-ae1d-ab7212e2698b/in_use.lock acquired by nodename 10088@ozone-ckxqk-682217903
2019-06-14 13:58:21,728 INFO  storage.RaftStorage (RaftStorage.java:format(75)) - Storage directory /opt/src/hadoop-ozone/integration-test/target/test-dir/MiniOzoneClusterImpl-050e6d04-c43a-4584-92a3-30c713f86bc5/datanode-3/data/ratis/ef63d5f1-661c-4975-ae1d-ab7212e2698b has been successfully formatted.
2019-06-14 13:58:21,730 INFO  ratis.ContainerStateMachine (ContainerStateMachine.java:loadSnapshot(199)) - The snapshot info is null.Setting the last applied index to:(t:0, i:~)
2019-06-14 13:58:21,732 INFO  server.RaftServerConfigKeys (ConfUtils.java:logGet(43)) - raft.server.leader.election.timeout = 10s (custom)
2019-06-14 13:58:21,732 INFO  server.RaftServerConfigKeys (ConfUtils.java:logGet(43)) - raft.server.log.use.memory = false (default)
2019-06-14 13:58:21,732 INFO  server.RaftServerConfigKeys (ConfUtils.java:logGet(43)) - raft.server.log.appender.buffer.byte-limit = 33554432 (custom)
2019-06-14 13:58:21,732 INFO  server.RaftServerConfigKeys (ConfUtils.java:logGet(43)) - raft.server.log.segment.size.max = 16384 (custom)
2019-06-14 13:58:21,732 INFO  server.RaftServerConfigKeys (ConfUtils.java:logGet(43)) - raft.server.log.segment.cache.num.max = 2 (custom)
2019-06-14 13:58:21,732 INFO  storage.RaftLogWorker (RaftLogWorker.java:<init>(123)) - new 27edf844-2f50-4d1e-88b1-ba785f865996-RaftLogWorker for Storage Directory /opt/src/hadoop-ozone/integration-test/target/test-dir/MiniOzoneClusterImpl-050e6d04-c43a-4584-92a3-30c713f86bc5/datanode-3/data/ratis/ef63d5f1-661c-4975-ae1d-ab7212e2698b
2019-06-14 13:58:21,732 INFO  server.RaftServerConfigKeys (ConfUtils.java:logGet(43)) - raft.server.log.queue.byte-limit = 2147483647 (custom)
2019-06-14 13:58:21,732 INFO  server.RaftServerConfigKeys (ConfUtils.java:logGet(43)) - raft.server.log.queue.element-limit = 1024 (custom)
2019-06-14 13:58:21,732 INFO  server.RaftServerConfigKeys (ConfUtils.java:logGet(43)) - raft.server.log.segment.size.max = 16384 (custom)
2019-06-14 13:58:21,733 INFO  server.RaftServerConfigKeys (ConfUtils.java:logGet(43)) - raft.server.log.preallocated.size = 16384 (custom)
2019-06-14 13:58:21,733 INFO  server.RaftServerConfigKeys (ConfUtils.java:logGet(43)) - raft.server.log.write.buffer.size = 33554432 (custom)
2019-06-14 13:58:21,733 INFO  server.RaftServerConfigKeys (ConfUtils.java:logGet(43)) - raft.server.log.force.sync.num = 128 (default)
2019-06-14 13:58:21,733 INFO  server.RaftServerConfigKeys (ConfUtils.java:logGet(43)) - raft.server.log.statemachine.data.sync = true (default)
2019-06-14 13:58:21,733 INFO  server.RaftServerConfigKeys (ConfUtils.java:logGet(43)) - raft.server.log.statemachine.data.sync.timeout = 10s (default)
2019-06-14 13:58:21,733 INFO  server.RaftServerConfigKeys (ConfUtils.java:logGet(43)) - raft.server.log.statemachine.data.sync.timeout.retry = -1 (default)
2019-06-14 13:58:21,733 INFO  server.RaftServerConfigKeys (ConfUtils.java:logGet(43)) - raft.server.log.statemachine.data.caching.enabled = true (custom)
2019-06-14 13:58:21,734 INFO  server.RaftServerConfigKeys (ConfUtils.java:logGet(43)) - raft.server.snapshot.auto.trigger.enabled = true (custom)
2019-06-14 13:58:21,734 INFO  server.RaftServerConfigKeys (ConfUtils.java:logGet(43)) - raft.server.snapshot.auto.trigger.threshold = 10000 (custom)
2019-06-14 13:58:21,734 INFO  server.RaftServerConfigKeys (ConfUtils.java:logGet(43)) - raft.server.retrycache.expirytime = 600000ms (custom)
2019-06-14 13:58:21,734 INFO  impl.RaftServerImpl (RaftServerImpl.java:start(173)) - 27edf844-2f50-4d1e-88b1-ba785f865996: start group-AB7212E2698B
2019-06-14 13:58:21,734 INFO  impl.RaftServerImpl (RaftServerImpl.java:setRole(164)) - 27edf844-2f50-4d1e-88b1-ba785f865996:group-AB7212E2698B changes role from null to FOLLOWER at term 0 for startAsFollower
2019-06-14 13:58:21,734 INFO  impl.RoleInfo (RoleInfo.java:updateAndGet(143)) - 27edf844-2f50-4d1e-88b1-ba785f865996: start FollowerState
2019-06-14 13:58:21,735 INFO  util.JmxRegister (JmxRegister.java:tryRegister(44)) - Successfully registered JMX Bean with object name Ratis:service=RaftServer,group=group-AB7212E2698B,id=27edf844-2f50-4d1e-88b1-ba785f865996
2019-06-14 13:58:21,748 INFO  pipeline.PipelineStateManager (PipelineStateManager.java:addPipeline(56)) - Created pipeline Pipeline[ Id: ef63d5f1-661c-4975-ae1d-ab7212e2698b, Nodes: 27edf844-2f50-4d1e-88b1-ba785f865996{ip: 192.168.105.138, host: ozone-ckxqk-682217903, networkLocation: /default-rack, certSerialId: null}, Type:RATIS, Factor:ONE, State:OPEN]
2019-06-14 13:58:21,772 INFO  impl.RaftServerProxy (RaftServerProxy.java:addNew(89)) - 5b9f72de-af05-4cdb-9b30-87d4a4f1fe2b: addNew group-E6A4684DA0A0:[5b9f72de-af05-4cdb-9b30-87d4a4f1fe2b:192.168.105.138:35893] returns group-E6A4684DA0A0:java.util.concurrent.CompletableFuture@191e8248[Not completed]
2019-06-14 13:58:21,777 INFO  impl.RaftServerImpl (RaftServerImpl.java:<init>(91)) - 5b9f72de-af05-4cdb-9b30-87d4a4f1fe2b: new RaftServerImpl for group-E6A4684DA0A0:[5b9f72de-af05-4cdb-9b30-87d4a4f1fe2b:192.168.105.138:35893] with ContainerStateMachine:uninitialized
2019-06-14 13:58:21,778 INFO  server.RaftServerConfigKeys (ConfUtils.java:logGet(43)) - raft.server.rpc.timeout.min = 1s (custom)
2019-06-14 13:58:21,778 INFO  server.RaftServerConfigKeys (ConfUtils.java:logGet(43)) - raft.server.rpc.timeout.max = 1200ms (custom)
2019-06-14 13:58:21,778 INFO  server.RaftServerConfigKeys (ConfUtils.java:logGet(43)) - raft.server.rpcslowness.timeout = 10s (custom)
2019-06-14 13:58:21,778 INFO  server.RaftServerConfigKeys (ConfUtils.java:logGet(43)) - raft.server.log.appender.install.snapshot.enabled = true (default)
2019-06-14 13:58:21,778 INFO  impl.RaftServerImpl (ServerState.java:<init>(101)) - 5b9f72de-af05-4cdb-9b30-87d4a4f1fe2b:group-E6A4684DA0A0 ConfigurationManager, init=-1: [5b9f72de-af05-4cdb-9b30-87d4a4f1fe2b:192.168.105.138:35893], old=null, confs=<EMPTY_MAP>
2019-06-14 13:58:21,778 INFO  server.RaftServerConfigKeys (ConfUtils.java:logGet(43)) - raft.server.storage.dir = [/opt/src/hadoop-ozone/integration-test/target/test-dir/MiniOzoneClusterImpl-050e6d04-c43a-4584-92a3-30c713f86bc5/datanode-4/data/ratis] (custom)
2019-06-14 13:58:21,779 INFO  storage.RaftStorageDirectory (RaftStorageDirectory.java:analyzeStorage(246)) - The storage directory /opt/src/hadoop-ozone/integration-test/target/test-dir/MiniOzoneClusterImpl-050e6d04-c43a-4584-92a3-30c713f86bc5/datanode-4/data/ratis/ff65f48f-7afd-49ee-b623-e6a4684da0a0 does not exist. Creating ...
2019-06-14 13:58:21,781 INFO  storage.RaftStorageDirectory (RaftStorageDirectory.java:tryLock(328)) - Lock on /opt/src/hadoop-ozone/integration-test/target/test-dir/MiniOzoneClusterImpl-050e6d04-c43a-4584-92a3-30c713f86bc5/datanode-4/data/ratis/ff65f48f-7afd-49ee-b623-e6a4684da0a0/in_use.lock acquired by nodename 10088@ozone-ckxqk-682217903
2019-06-14 13:58:21,784 INFO  storage.RaftStorage (RaftStorage.java:format(75)) - Storage directory /opt/src/hadoop-ozone/integration-test/target/test-dir/MiniOzoneClusterImpl-050e6d04-c43a-4584-92a3-30c713f86bc5/datanode-4/data/ratis/ff65f48f-7afd-49ee-b623-e6a4684da0a0 has been successfully formatted.
2019-06-14 13:58:21,784 INFO  ratis.ContainerStateMachine (ContainerStateMachine.java:loadSnapshot(199)) - The snapshot info is null.Setting the last applied index to:(t:0, i:~)
2019-06-14 13:58:21,784 INFO  server.RaftServerConfigKeys (ConfUtils.java:logGet(43)) - raft.server.leader.election.timeout = 10s (custom)
2019-06-14 13:58:21,784 INFO  server.RaftServerConfigKeys (ConfUtils.java:logGet(43)) - raft.server.log.use.memory = false (default)
2019-06-14 13:58:21,785 INFO  server.RaftServerConfigKeys (ConfUtils.java:logGet(43)) - raft.server.log.appender.buffer.byte-limit = 33554432 (custom)
2019-06-14 13:58:21,785 INFO  server.RaftServerConfigKeys (ConfUtils.java:logGet(43)) - raft.server.log.segment.size.max = 16384 (custom)
2019-06-14 13:58:21,785 INFO  server.RaftServerConfigKeys (ConfUtils.java:logGet(43)) - raft.server.log.segment.cache.num.max = 2 (custom)
2019-06-14 13:58:21,785 INFO  storage.RaftLogWorker (RaftLogWorker.java:<init>(123)) - new 5b9f72de-af05-4cdb-9b30-87d4a4f1fe2b-RaftLogWorker for Storage Directory /opt/src/hadoop-ozone/integration-test/target/test-dir/MiniOzoneClusterImpl-050e6d04-c43a-4584-92a3-30c713f86bc5/datanode-4/data/ratis/ff65f48f-7afd-49ee-b623-e6a4684da0a0
2019-06-14 13:58:21,785 INFO  server.RaftServerConfigKeys (ConfUtils.java:logGet(43)) - raft.server.log.queue.byte-limit = 2147483647 (custom)
2019-06-14 13:58:21,785 INFO  server.RaftServerConfigKeys (ConfUtils.java:logGet(43)) - raft.server.log.queue.element-limit = 1024 (custom)
2019-06-14 13:58:21,785 INFO  server.RaftServerConfigKeys (ConfUtils.java:logGet(43)) - raft.server.log.segment.size.max = 16384 (custom)
2019-06-14 13:58:21,785 INFO  server.RaftServerConfigKeys (ConfUtils.java:logGet(43)) - raft.server.log.preallocated.size = 16384 (custom)
2019-06-14 13:58:21,786 INFO  server.RaftServerConfigKeys (ConfUtils.java:logGet(43)) - raft.server.log.write.buffer.size = 33554432 (custom)
2019-06-14 13:58:21,786 INFO  server.RaftServerConfigKeys (ConfUtils.java:logGet(43)) - raft.server.log.force.sync.num = 128 (default)
2019-06-14 13:58:21,786 INFO  server.RaftServerConfigKeys (ConfUtils.java:logGet(43)) - raft.server.log.statemachine.data.sync = true (default)
2019-06-14 13:58:21,786 INFO  server.RaftServerConfigKeys (ConfUtils.java:logGet(43)) - raft.server.log.statemachine.data.sync.timeout = 10s (default)
2019-06-14 13:58:21,786 INFO  server.RaftServerConfigKeys (ConfUtils.java:logGet(43)) - raft.server.log.statemachine.data.sync.timeout.retry = -1 (default)
2019-06-14 13:58:21,786 INFO  server.RaftServerConfigKeys (ConfUtils.java:logGet(43)) - raft.server.log.statemachine.data.caching.enabled = true (custom)
2019-06-14 13:58:21,787 INFO  server.RaftServerConfigKeys (ConfUtils.java:logGet(43)) - raft.server.snapshot.auto.trigger.enabled = true (custom)
2019-06-14 13:58:21,787 INFO  server.RaftServerConfigKeys (ConfUtils.java:logGet(43)) - raft.server.snapshot.auto.trigger.threshold = 10000 (custom)
2019-06-14 13:58:21,787 INFO  server.RaftServerConfigKeys (ConfUtils.java:logGet(43)) - raft.server.retrycache.expirytime = 600000ms (custom)
2019-06-14 13:58:21,787 INFO  impl.RaftServerImpl (RaftServerImpl.java:start(173)) - 5b9f72de-af05-4cdb-9b30-87d4a4f1fe2b: start group-E6A4684DA0A0
2019-06-14 13:58:21,787 INFO  impl.RaftServerImpl (RaftServerImpl.java:setRole(164)) - 5b9f72de-af05-4cdb-9b30-87d4a4f1fe2b:group-E6A4684DA0A0 changes role from null to FOLLOWER at term 0 for startAsFollower
2019-06-14 13:58:21,787 INFO  impl.RoleInfo (RoleInfo.java:updateAndGet(143)) - 5b9f72de-af05-4cdb-9b30-87d4a4f1fe2b: start FollowerState
2019-06-14 13:58:21,788 INFO  util.JmxRegister (JmxRegister.java:tryRegister(44)) - Successfully registered JMX Bean with object name Ratis:service=RaftServer,group=group-E6A4684DA0A0,id=5b9f72de-af05-4cdb-9b30-87d4a4f1fe2b
2019-06-14 13:58:21,797 INFO  pipeline.PipelineStateManager (PipelineStateManager.java:addPipeline(56)) - Created pipeline Pipeline[ Id: ff65f48f-7afd-49ee-b623-e6a4684da0a0, Nodes: 5b9f72de-af05-4cdb-9b30-87d4a4f1fe2b{ip: 192.168.105.138, host: ozone-ckxqk-682217903, networkLocation: /default-rack, certSerialId: null}, Type:RATIS, Factor:ONE, State:OPEN]
2019-06-14 13:58:21,818 INFO  impl.RaftServerProxy (RaftServerProxy.java:addNew(89)) - ce336553-b440-4cfb-baa1-4a0e1d637cf8: addNew group-DFBD2C7C02DD:[ce336553-b440-4cfb-baa1-4a0e1d637cf8:192.168.105.138:44951] returns group-DFBD2C7C02DD:java.util.concurrent.CompletableFuture@8cc60e5[Not completed]
2019-06-14 13:58:21,819 INFO  impl.RaftServerImpl (RaftServerImpl.java:<init>(91)) - ce336553-b440-4cfb-baa1-4a0e1d637cf8: new RaftServerImpl for group-DFBD2C7C02DD:[ce336553-b440-4cfb-baa1-4a0e1d637cf8:192.168.105.138:44951] with ContainerStateMachine:uninitialized
2019-06-14 13:58:21,820 INFO  server.RaftServerConfigKeys (ConfUtils.java:logGet(43)) - raft.server.rpc.timeout.min = 1s (custom)
2019-06-14 13:58:21,820 INFO  server.RaftServerConfigKeys (ConfUtils.java:logGet(43)) - raft.server.rpc.timeout.max = 1200ms (custom)
2019-06-14 13:58:21,820 INFO  server.RaftServerConfigKeys (ConfUtils.java:logGet(43)) - raft.server.rpcslowness.timeout = 10s (custom)
2019-06-14 13:58:21,820 INFO  server.RaftServerConfigKeys (ConfUtils.java:logGet(43)) - raft.server.log.appender.install.snapshot.enabled = true (default)
2019-06-14 13:58:21,820 INFO  impl.RaftServerImpl (ServerState.java:<init>(101)) - ce336553-b440-4cfb-baa1-4a0e1d637cf8:group-DFBD2C7C02DD ConfigurationManager, init=-1: [ce336553-b440-4cfb-baa1-4a0e1d637cf8:192.168.105.138:44951], old=null, confs=<EMPTY_MAP>
2019-06-14 13:58:21,820 INFO  server.RaftServerConfigKeys (ConfUtils.java:logGet(43)) - raft.server.storage.dir = [/opt/src/hadoop-ozone/integration-test/target/test-dir/MiniOzoneClusterImpl-050e6d04-c43a-4584-92a3-30c713f86bc5/datanode-1/data/ratis] (custom)
2019-06-14 13:58:21,821 INFO  storage.RaftStorageDirectory (RaftStorageDirectory.java:analyzeStorage(246)) - The storage directory /opt/src/hadoop-ozone/integration-test/target/test-dir/MiniOzoneClusterImpl-050e6d04-c43a-4584-92a3-30c713f86bc5/datanode-1/data/ratis/1d318d0a-1179-4508-ba22-dfbd2c7c02dd does not exist. Creating ...
2019-06-14 13:58:21,823 INFO  storage.RaftStorageDirectory (RaftStorageDirectory.java:tryLock(328)) - Lock on /opt/src/hadoop-ozone/integration-test/target/test-dir/MiniOzoneClusterImpl-050e6d04-c43a-4584-92a3-30c713f86bc5/datanode-1/data/ratis/1d318d0a-1179-4508-ba22-dfbd2c7c02dd/in_use.lock acquired by nodename 10088@ozone-ckxqk-682217903
2019-06-14 13:58:21,825 INFO  storage.RaftStorage (RaftStorage.java:format(75)) - Storage directory /opt/src/hadoop-ozone/integration-test/target/test-dir/MiniOzoneClusterImpl-050e6d04-c43a-4584-92a3-30c713f86bc5/datanode-1/data/ratis/1d318d0a-1179-4508-ba22-dfbd2c7c02dd has been successfully formatted.
2019-06-14 13:58:21,825 INFO  ratis.ContainerStateMachine (ContainerStateMachine.java:loadSnapshot(199)) - The snapshot info is null.Setting the last applied index to:(t:0, i:~)
2019-06-14 13:58:21,826 INFO  server.RaftServerConfigKeys (ConfUtils.java:logGet(43)) - raft.server.leader.election.timeout = 10s (custom)
2019-06-14 13:58:21,826 INFO  server.RaftServerConfigKeys (ConfUtils.java:logGet(43)) - raft.server.log.use.memory = false (default)
2019-06-14 13:58:21,826 INFO  server.RaftServerConfigKeys (ConfUtils.java:logGet(43)) - raft.server.log.appender.buffer.byte-limit = 33554432 (custom)
2019-06-14 13:58:21,826 INFO  server.RaftServerConfigKeys (ConfUtils.java:logGet(43)) - raft.server.log.segment.size.max = 16384 (custom)
2019-06-14 13:58:21,826 INFO  server.RaftServerConfigKeys (ConfUtils.java:logGet(43)) - raft.server.log.segment.cache.num.max = 2 (custom)
2019-06-14 13:58:21,826 INFO  storage.RaftLogWorker (RaftLogWorker.java:<init>(123)) - new ce336553-b440-4cfb-baa1-4a0e1d637cf8-RaftLogWorker for Storage Directory /opt/src/hadoop-ozone/integration-test/target/test-dir/MiniOzoneClusterImpl-050e6d04-c43a-4584-92a3-30c713f86bc5/datanode-1/data/ratis/1d318d0a-1179-4508-ba22-dfbd2c7c02dd
2019-06-14 13:58:21,826 INFO  server.RaftServerConfigKeys (ConfUtils.java:logGet(43)) - raft.server.log.queue.byte-limit = 2147483647 (custom)
2019-06-14 13:58:21,827 INFO  server.RaftServerConfigKeys (ConfUtils.java:logGet(43)) - raft.server.log.queue.element-limit = 1024 (custom)
2019-06-14 13:58:21,827 INFO  server.RaftServerConfigKeys (ConfUtils.java:logGet(43)) - raft.server.log.segment.size.max = 16384 (custom)
2019-06-14 13:58:21,827 INFO  server.RaftServerConfigKeys (ConfUtils.java:logGet(43)) - raft.server.log.preallocated.size = 16384 (custom)
2019-06-14 13:58:21,827 INFO  server.RaftServerConfigKeys (ConfUtils.java:logGet(43)) - raft.server.log.write.buffer.size = 33554432 (custom)
2019-06-14 13:58:21,827 INFO  server.RaftServerConfigKeys (ConfUtils.java:logGet(43)) - raft.server.log.force.sync.num = 128 (default)
2019-06-14 13:58:21,827 INFO  server.RaftServerConfigKeys (ConfUtils.java:logGet(43)) - raft.server.log.statemachine.data.sync = true (default)
2019-06-14 13:58:21,827 INFO  server.RaftServerConfigKeys (ConfUtils.java:logGet(43)) - raft.server.log.statemachine.data.sync.timeout = 10s (default)
2019-06-14 13:58:21,827 INFO  server.RaftServerConfigKeys (ConfUtils.java:logGet(43)) - raft.server.log.statemachine.data.sync.timeout.retry = -1 (default)
2019-06-14 13:58:21,828 INFO  server.RaftServerConfigKeys (ConfUtils.java:logGet(43)) - raft.server.log.statemachine.data.caching.enabled = true (custom)
2019-06-14 13:58:21,829 INFO  server.RaftServerConfigKeys (ConfUtils.java:logGet(43)) - raft.server.snapshot.auto.trigger.enabled = true (custom)
2019-06-14 13:58:21,829 INFO  server.RaftServerConfigKeys (ConfUtils.java:logGet(43)) - raft.server.snapshot.auto.trigger.threshold = 10000 (custom)
2019-06-14 13:58:21,830 INFO  server.RaftServerConfigKeys (ConfUtils.java:logGet(43)) - raft.server.retrycache.expirytime = 600000ms (custom)
2019-06-14 13:58:21,830 INFO  impl.RaftServerImpl (RaftServerImpl.java:start(173)) - ce336553-b440-4cfb-baa1-4a0e1d637cf8: start group-DFBD2C7C02DD
2019-06-14 13:58:21,830 INFO  impl.RaftServerImpl (RaftServerImpl.java:setRole(164)) - ce336553-b440-4cfb-baa1-4a0e1d637cf8:group-DFBD2C7C02DD changes role from null to FOLLOWER at term 0 for startAsFollower
2019-06-14 13:58:21,830 INFO  impl.RoleInfo (RoleInfo.java:updateAndGet(143)) - ce336553-b440-4cfb-baa1-4a0e1d637cf8: start FollowerState
2019-06-14 13:58:21,831 INFO  util.JmxRegister (JmxRegister.java:tryRegister(44)) - Successfully registered JMX Bean with object name Ratis:service=RaftServer,group=group-DFBD2C7C02DD,id=ce336553-b440-4cfb-baa1-4a0e1d637cf8
2019-06-14 13:58:21,838 INFO  pipeline.PipelineStateManager (PipelineStateManager.java:addPipeline(56)) - Created pipeline Pipeline[ Id: 1d318d0a-1179-4508-ba22-dfbd2c7c02dd, Nodes: ce336553-b440-4cfb-baa1-4a0e1d637cf8{ip: 192.168.105.138, host: ozone-ckxqk-682217903, networkLocation: /default-rack, certSerialId: null}, Type:RATIS, Factor:ONE, State:OPEN]
2019-06-14 13:58:21,876 INFO  impl.RaftServerProxy (RaftServerProxy.java:addNew(89)) - 155bd8ce-37f5-442b-a029-4d1b174aebcf: addNew group-6D3FE0F7373B:[155bd8ce-37f5-442b-a029-4d1b174aebcf:192.168.105.138:35723, 628cd0a0-fc8e-4ece-9958-71570d7cfd92:192.168.105.138:45353, 5b9f72de-af05-4cdb-9b30-87d4a4f1fe2b:192.168.105.138:35893] returns group-6D3FE0F7373B:java.util.concurrent.CompletableFuture@2ba529bf[Not completed]
2019-06-14 13:58:21,878 INFO  impl.RaftServerImpl (RaftServerImpl.java:<init>(91)) - 155bd8ce-37f5-442b-a029-4d1b174aebcf: new RaftServerImpl for group-6D3FE0F7373B:[155bd8ce-37f5-442b-a029-4d1b174aebcf:192.168.105.138:35723, 628cd0a0-fc8e-4ece-9958-71570d7cfd92:192.168.105.138:45353, 5b9f72de-af05-4cdb-9b30-87d4a4f1fe2b:192.168.105.138:35893] with ContainerStateMachine:uninitialized
2019-06-14 13:58:21,878 INFO  impl.RaftServerProxy (RaftServerProxy.java:addNew(89)) - 628cd0a0-fc8e-4ece-9958-71570d7cfd92: addNew group-6D3FE0F7373B:[155bd8ce-37f5-442b-a029-4d1b174aebcf:192.168.105.138:35723, 628cd0a0-fc8e-4ece-9958-71570d7cfd92:192.168.105.138:45353, 5b9f72de-af05-4cdb-9b30-87d4a4f1fe2b:192.168.105.138:35893] returns group-6D3FE0F7373B:java.util.concurrent.CompletableFuture@2105de7f[Not completed]
2019-06-14 13:58:21,878 INFO  impl.RaftServerProxy (RaftServerProxy.java:addNew(89)) - 5b9f72de-af05-4cdb-9b30-87d4a4f1fe2b: addNew group-6D3FE0F7373B:[155bd8ce-37f5-442b-a029-4d1b174aebcf:192.168.105.138:35723, 628cd0a0-fc8e-4ece-9958-71570d7cfd92:192.168.105.138:45353, 5b9f72de-af05-4cdb-9b30-87d4a4f1fe2b:192.168.105.138:35893] returns group-6D3FE0F7373B:java.util.concurrent.CompletableFuture@1b9dc7cd[Not completed]
2019-06-14 13:58:21,879 INFO  impl.RaftServerImpl (RaftServerImpl.java:<init>(91)) - 628cd0a0-fc8e-4ece-9958-71570d7cfd92: new RaftServerImpl for group-6D3FE0F7373B:[155bd8ce-37f5-442b-a029-4d1b174aebcf:192.168.105.138:35723, 628cd0a0-fc8e-4ece-9958-71570d7cfd92:192.168.105.138:45353, 5b9f72de-af05-4cdb-9b30-87d4a4f1fe2b:192.168.105.138:35893] with ContainerStateMachine:uninitialized
2019-06-14 13:58:21,879 INFO  server.RaftServerConfigKeys (ConfUtils.java:logGet(43)) - raft.server.rpc.timeout.min = 1s (custom)
2019-06-14 13:58:21,879 INFO  server.RaftServerConfigKeys (ConfUtils.java:logGet(43)) - raft.server.rpc.timeout.max = 1200ms (custom)
2019-06-14 13:58:21,879 INFO  server.RaftServerConfigKeys (ConfUtils.java:logGet(43)) - raft.server.rpcslowness.timeout = 10s (custom)
2019-06-14 13:58:21,879 INFO  server.RaftServerConfigKeys (ConfUtils.java:logGet(43)) - raft.server.log.appender.install.snapshot.enabled = true (default)
2019-06-14 13:58:21,879 INFO  impl.RaftServerImpl (ServerState.java:<init>(101)) - 628cd0a0-fc8e-4ece-9958-71570d7cfd92:group-6D3FE0F7373B ConfigurationManager, init=-1: [155bd8ce-37f5-442b-a029-4d1b174aebcf:192.168.105.138:35723, 628cd0a0-fc8e-4ece-9958-71570d7cfd92:192.168.105.138:45353, 5b9f72de-af05-4cdb-9b30-87d4a4f1fe2b:192.168.105.138:35893], old=null, confs=<EMPTY_MAP>
2019-06-14 13:58:21,879 INFO  server.RaftServerConfigKeys (ConfUtils.java:logGet(43)) - raft.server.storage.dir = [/opt/src/hadoop-ozone/integration-test/target/test-dir/MiniOzoneClusterImpl-050e6d04-c43a-4584-92a3-30c713f86bc5/datanode-0/data/ratis] (custom)
2019-06-14 13:58:21,878 INFO  server.RaftServerConfigKeys (ConfUtils.java:logGet(43)) - raft.server.rpc.timeout.min = 1s (custom)
2019-06-14 13:58:21,879 INFO  impl.RaftServerImpl (RaftServerImpl.java:<init>(91)) - 5b9f72de-af05-4cdb-9b30-87d4a4f1fe2b: new RaftServerImpl for group-6D3FE0F7373B:[155bd8ce-37f5-442b-a029-4d1b174aebcf:192.168.105.138:35723, 628cd0a0-fc8e-4ece-9958-71570d7cfd92:192.168.105.138:45353, 5b9f72de-af05-4cdb-9b30-87d4a4f1fe2b:192.168.105.138:35893] with ContainerStateMachine:uninitialized
2019-06-14 13:58:21,880 INFO  server.RaftServerConfigKeys (ConfUtils.java:logGet(43)) - raft.server.rpc.timeout.max = 1200ms (custom)
2019-06-14 13:58:21,880 INFO  server.RaftServerConfigKeys (ConfUtils.java:logGet(43)) - raft.server.rpc.timeout.min = 1s (custom)
2019-06-14 13:58:21,880 INFO  server.RaftServerConfigKeys (ConfUtils.java:logGet(43)) - raft.server.rpc.timeout.max = 1200ms (custom)
2019-06-14 13:58:21,880 INFO  server.RaftServerConfigKeys (ConfUtils.java:logGet(43)) - raft.server.rpcslowness.timeout = 10s (custom)
2019-06-14 13:58:21,880 INFO  server.RaftServerConfigKeys (ConfUtils.java:logGet(43)) - raft.server.rpcslowness.timeout = 10s (custom)
2019-06-14 13:58:21,880 INFO  storage.RaftStorageDirectory (RaftStorageDirectory.java:analyzeStorage(246)) - The storage directory /opt/src/hadoop-ozone/integration-test/target/test-dir/MiniOzoneClusterImpl-050e6d04-c43a-4584-92a3-30c713f86bc5/datanode-0/data/ratis/c318eaaa-acbb-4681-ad51-6d3fe0f7373b does not exist. Creating ...
2019-06-14 13:58:21,881 INFO  server.RaftServerConfigKeys (ConfUtils.java:logGet(43)) - raft.server.log.appender.install.snapshot.enabled = true (default)
2019-06-14 13:58:21,881 INFO  impl.RaftServerImpl (ServerState.java:<init>(101)) - 5b9f72de-af05-4cdb-9b30-87d4a4f1fe2b:group-6D3FE0F7373B ConfigurationManager, init=-1: [155bd8ce-37f5-442b-a029-4d1b174aebcf:192.168.105.138:35723, 628cd0a0-fc8e-4ece-9958-71570d7cfd92:192.168.105.138:45353, 5b9f72de-af05-4cdb-9b30-87d4a4f1fe2b:192.168.105.138:35893], old=null, confs=<EMPTY_MAP>
2019-06-14 13:58:21,881 INFO  server.RaftServerConfigKeys (ConfUtils.java:logGet(43)) - raft.server.storage.dir = [/opt/src/hadoop-ozone/integration-test/target/test-dir/MiniOzoneClusterImpl-050e6d04-c43a-4584-92a3-30c713f86bc5/datanode-4/data/ratis] (custom)
2019-06-14 13:58:21,881 INFO  server.RaftServerConfigKeys (ConfUtils.java:logGet(43)) - raft.server.log.appender.install.snapshot.enabled = true (default)
2019-06-14 13:58:21,881 INFO  storage.RaftStorageDirectory (RaftStorageDirectory.java:analyzeStorage(246)) - The storage directory /opt/src/hadoop-ozone/integration-test/target/test-dir/MiniOzoneClusterImpl-050e6d04-c43a-4584-92a3-30c713f86bc5/datanode-4/data/ratis/c318eaaa-acbb-4681-ad51-6d3fe0f7373b does not exist. Creating ...
2019-06-14 13:58:21,881 INFO  impl.RaftServerImpl (ServerState.java:<init>(101)) - 155bd8ce-37f5-442b-a029-4d1b174aebcf:group-6D3FE0F7373B ConfigurationManager, init=-1: [155bd8ce-37f5-442b-a029-4d1b174aebcf:192.168.105.138:35723, 628cd0a0-fc8e-4ece-9958-71570d7cfd92:192.168.105.138:45353, 5b9f72de-af05-4cdb-9b30-87d4a4f1fe2b:192.168.105.138:35893], old=null, confs=<EMPTY_MAP>
2019-06-14 13:58:21,882 INFO  server.RaftServerConfigKeys (ConfUtils.java:logGet(43)) - raft.server.storage.dir = [/opt/src/hadoop-ozone/integration-test/target/test-dir/MiniOzoneClusterImpl-050e6d04-c43a-4584-92a3-30c713f86bc5/datanode-2/data/ratis] (custom)
2019-06-14 13:58:21,882 INFO  storage.RaftStorageDirectory (RaftStorageDirectory.java:analyzeStorage(246)) - The storage directory /opt/src/hadoop-ozone/integration-test/target/test-dir/MiniOzoneClusterImpl-050e6d04-c43a-4584-92a3-30c713f86bc5/datanode-2/data/ratis/c318eaaa-acbb-4681-ad51-6d3fe0f7373b does not exist. Creating ...
2019-06-14 13:58:21,883 INFO  storage.RaftStorageDirectory (RaftStorageDirectory.java:tryLock(328)) - Lock on /opt/src/hadoop-ozone/integration-test/target/test-dir/MiniOzoneClusterImpl-050e6d04-c43a-4584-92a3-30c713f86bc5/datanode-4/data/ratis/c318eaaa-acbb-4681-ad51-6d3fe0f7373b/in_use.lock acquired by nodename 10088@ozone-ckxqk-682217903
2019-06-14 13:58:21,883 INFO  storage.RaftStorageDirectory (RaftStorageDirectory.java:tryLock(328)) - Lock on /opt/src/hadoop-ozone/integration-test/target/test-dir/MiniOzoneClusterImpl-050e6d04-c43a-4584-92a3-30c713f86bc5/datanode-0/data/ratis/c318eaaa-acbb-4681-ad51-6d3fe0f7373b/in_use.lock acquired by nodename 10088@ozone-ckxqk-682217903
2019-06-14 13:58:21,885 INFO  storage.RaftStorageDirectory (RaftStorageDirectory.java:tryLock(328)) - Lock on /opt/src/hadoop-ozone/integration-test/target/test-dir/MiniOzoneClusterImpl-050e6d04-c43a-4584-92a3-30c713f86bc5/datanode-2/data/ratis/c318eaaa-acbb-4681-ad51-6d3fe0f7373b/in_use.lock acquired by nodename 10088@ozone-ckxqk-682217903
2019-06-14 13:58:21,886 INFO  storage.RaftStorage (RaftStorage.java:format(75)) - Storage directory /opt/src/hadoop-ozone/integration-test/target/test-dir/MiniOzoneClusterImpl-050e6d04-c43a-4584-92a3-30c713f86bc5/datanode-4/data/ratis/c318eaaa-acbb-4681-ad51-6d3fe0f7373b has been successfully formatted.
2019-06-14 13:58:21,887 INFO  ratis.ContainerStateMachine (ContainerStateMachine.java:loadSnapshot(199)) - The snapshot info is null.Setting the last applied index to:(t:0, i:~)
2019-06-14 13:58:21,887 INFO  server.RaftServerConfigKeys (ConfUtils.java:logGet(43)) - raft.server.leader.election.timeout = 10s (custom)
2019-06-14 13:58:21,887 INFO  server.RaftServerConfigKeys (ConfUtils.java:logGet(43)) - raft.server.log.use.memory = false (default)
2019-06-14 13:58:21,887 INFO  server.RaftServerConfigKeys (ConfUtils.java:logGet(43)) - raft.server.log.appender.buffer.byte-limit = 33554432 (custom)
2019-06-14 13:58:21,887 INFO  server.RaftServerConfigKeys (ConfUtils.java:logGet(43)) - raft.server.log.segment.size.max = 16384 (custom)
2019-06-14 13:58:21,887 INFO  server.RaftServerConfigKeys (ConfUtils.java:logGet(43)) - raft.server.log.segment.cache.num.max = 2 (custom)
2019-06-14 13:58:21,887 INFO  storage.RaftLogWorker (RaftLogWorker.java:<init>(123)) - new 5b9f72de-af05-4cdb-9b30-87d4a4f1fe2b-RaftLogWorker for Storage Directory /opt/src/hadoop-ozone/integration-test/target/test-dir/MiniOzoneClusterImpl-050e6d04-c43a-4584-92a3-30c713f86bc5/datanode-4/data/ratis/c318eaaa-acbb-4681-ad51-6d3fe0f7373b
2019-06-14 13:58:21,887 INFO  server.RaftServerConfigKeys (ConfUtils.java:logGet(43)) - raft.server.log.queue.byte-limit = 2147483647 (custom)
2019-06-14 13:58:21,888 INFO  server.RaftServerConfigKeys (ConfUtils.java:logGet(43)) - raft.server.log.queue.element-limit = 1024 (custom)
2019-06-14 13:58:21,888 INFO  server.RaftServerConfigKeys (ConfUtils.java:logGet(43)) - raft.server.log.segment.size.max = 16384 (custom)
2019-06-14 13:58:21,888 INFO  server.RaftServerConfigKeys (ConfUtils.java:logGet(43)) - raft.server.log.preallocated.size = 16384 (custom)
2019-06-14 13:58:21,888 INFO  server.RaftServerConfigKeys (ConfUtils.java:logGet(43)) - raft.server.log.write.buffer.size = 33554432 (custom)
2019-06-14 13:58:21,888 INFO  server.RaftServerConfigKeys (ConfUtils.java:logGet(43)) - raft.server.log.force.sync.num = 128 (default)
2019-06-14 13:58:21,888 INFO  server.RaftServerConfigKeys (ConfUtils.java:logGet(43)) - raft.server.log.statemachine.data.sync = true (default)
2019-06-14 13:58:21,888 INFO  server.RaftServerConfigKeys (ConfUtils.java:logGet(43)) - raft.server.log.statemachine.data.sync.timeout = 10s (default)
2019-06-14 13:58:21,888 INFO  server.RaftServerConfigKeys (ConfUtils.java:logGet(43)) - raft.server.log.statemachine.data.sync.timeout.retry = -1 (default)
2019-06-14 13:58:21,888 INFO  server.RaftServerConfigKeys (ConfUtils.java:logGet(43)) - raft.server.log.statemachine.data.caching.enabled = true (custom)
2019-06-14 13:58:21,889 INFO  storage.RaftStorage (RaftStorage.java:format(75)) - Storage directory /opt/src/hadoop-ozone/integration-test/target/test-dir/MiniOzoneClusterImpl-050e6d04-c43a-4584-92a3-30c713f86bc5/datanode-0/data/ratis/c318eaaa-acbb-4681-ad51-6d3fe0f7373b has been successfully formatted.
2019-06-14 13:58:21,889 INFO  ratis.ContainerStateMachine (ContainerStateMachine.java:loadSnapshot(199)) - The snapshot info is null.Setting the last applied index to:(t:0, i:~)
2019-06-14 13:58:21,889 INFO  server.RaftServerConfigKeys (ConfUtils.java:logGet(43)) - raft.server.leader.election.timeout = 10s (custom)
2019-06-14 13:58:21,889 INFO  server.RaftServerConfigKeys (ConfUtils.java:logGet(43)) - raft.server.log.use.memory = false (default)
2019-06-14 13:58:21,889 INFO  server.RaftServerConfigKeys (ConfUtils.java:logGet(43)) - raft.server.log.appender.buffer.byte-limit = 33554432 (custom)
2019-06-14 13:58:21,890 INFO  server.RaftServerConfigKeys (ConfUtils.java:logGet(43)) - raft.server.log.segment.size.max = 16384 (custom)
2019-06-14 13:58:21,890 INFO  server.RaftServerConfigKeys (ConfUtils.java:logGet(43)) - raft.server.log.segment.cache.num.max = 2 (custom)
2019-06-14 13:58:21,890 INFO  storage.RaftLogWorker (RaftLogWorker.java:<init>(123)) - new 628cd0a0-fc8e-4ece-9958-71570d7cfd92-RaftLogWorker for Storage Directory /opt/src/hadoop-ozone/integration-test/target/test-dir/MiniOzoneClusterImpl-050e6d04-c43a-4584-92a3-30c713f86bc5/datanode-0/data/ratis/c318eaaa-acbb-4681-ad51-6d3fe0f7373b
2019-06-14 13:58:21,890 INFO  server.RaftServerConfigKeys (ConfUtils.java:logGet(43)) - raft.server.log.queue.byte-limit = 2147483647 (custom)
2019-06-14 13:58:21,890 INFO  server.RaftServerConfigKeys (ConfUtils.java:logGet(43)) - raft.server.log.queue.element-limit = 1024 (custom)
2019-06-14 13:58:21,890 INFO  server.RaftServerConfigKeys (ConfUtils.java:logGet(43)) - raft.server.log.segment.size.max = 16384 (custom)
2019-06-14 13:58:21,890 INFO  server.RaftServerConfigKeys (ConfUtils.java:logGet(43)) - raft.server.log.preallocated.size = 16384 (custom)
2019-06-14 13:58:21,890 INFO  server.RaftServerConfigKeys (ConfUtils.java:logGet(43)) - raft.server.log.write.buffer.size = 33554432 (custom)
2019-06-14 13:58:21,890 INFO  server.RaftServerConfigKeys (ConfUtils.java:logGet(43)) - raft.server.log.force.sync.num = 128 (default)
2019-06-14 13:58:21,891 INFO  server.RaftServerConfigKeys (ConfUtils.java:logGet(43)) - raft.server.log.statemachine.data.sync = true (default)
2019-06-14 13:58:21,891 INFO  server.RaftServerConfigKeys (ConfUtils.java:logGet(43)) - raft.server.log.statemachine.data.sync.timeout = 10s (default)
2019-06-14 13:58:21,891 INFO  server.RaftServerConfigKeys (ConfUtils.java:logGet(43)) - raft.server.log.statemachine.data.sync.timeout.retry = -1 (default)
2019-06-14 13:58:21,891 INFO  server.RaftServerConfigKeys (ConfUtils.java:logGet(43)) - raft.server.snapshot.auto.trigger.enabled = true (custom)
2019-06-14 13:58:21,891 INFO  server.RaftServerConfigKeys (ConfUtils.java:logGet(43)) - raft.server.snapshot.auto.trigger.threshold = 10000 (custom)
2019-06-14 13:58:21,891 INFO  server.RaftServerConfigKeys (ConfUtils.java:logGet(43)) - raft.server.retrycache.expirytime = 600000ms (custom)
2019-06-14 13:58:21,892 INFO  impl.RaftServerImpl (RaftServerImpl.java:start(173)) - 5b9f72de-af05-4cdb-9b30-87d4a4f1fe2b: start group-6D3FE0F7373B
2019-06-14 13:58:21,892 INFO  impl.RaftServerImpl (RaftServerImpl.java:setRole(164)) - 5b9f72de-af05-4cdb-9b30-87d4a4f1fe2b:group-6D3FE0F7373B changes role from null to FOLLOWER at term 0 for startAsFollower
2019-06-14 13:58:21,892 INFO  impl.RoleInfo (RoleInfo.java:updateAndGet(143)) - 5b9f72de-af05-4cdb-9b30-87d4a4f1fe2b: start FollowerState
2019-06-14 13:58:21,892 INFO  util.JmxRegister (JmxRegister.java:tryRegister(44)) - Successfully registered JMX Bean with object name Ratis:service=RaftServer,group=group-6D3FE0F7373B,id=5b9f72de-af05-4cdb-9b30-87d4a4f1fe2b
2019-06-14 13:58:21,892 INFO  storage.RaftStorage (RaftStorage.java:format(75)) - Storage directory /opt/src/hadoop-ozone/integration-test/target/test-dir/MiniOzoneClusterImpl-050e6d04-c43a-4584-92a3-30c713f86bc5/datanode-2/data/ratis/c318eaaa-acbb-4681-ad51-6d3fe0f7373b has been successfully formatted.
2019-06-14 13:58:21,893 INFO  ratis.ContainerStateMachine (ContainerStateMachine.java:loadSnapshot(199)) - The snapshot info is null.Setting the last applied index to:(t:0, i:~)
2019-06-14 13:58:21,893 INFO  server.RaftServerConfigKeys (ConfUtils.java:logGet(43)) - raft.server.leader.election.timeout = 10s (custom)
2019-06-14 13:58:21,893 INFO  server.RaftServerConfigKeys (ConfUtils.java:logGet(43)) - raft.server.log.use.memory = false (default)
2019-06-14 13:58:21,893 INFO  server.RaftServerConfigKeys (ConfUtils.java:logGet(43)) - raft.server.log.appender.buffer.byte-limit = 33554432 (custom)
2019-06-14 13:58:21,893 INFO  server.RaftServerConfigKeys (ConfUtils.java:logGet(43)) - raft.server.log.segment.size.max = 16384 (custom)
2019-06-14 13:58:21,893 INFO  server.RaftServerConfigKeys (ConfUtils.java:logGet(43)) - raft.server.log.segment.cache.num.max = 2 (custom)
2019-06-14 13:58:21,893 INFO  storage.RaftLogWorker (RaftLogWorker.java:<init>(123)) - new 155bd8ce-37f5-442b-a029-4d1b174aebcf-RaftLogWorker for Storage Directory /opt/src/hadoop-ozone/integration-test/target/test-dir/MiniOzoneClusterImpl-050e6d04-c43a-4584-92a3-30c713f86bc5/datanode-2/data/ratis/c318eaaa-acbb-4681-ad51-6d3fe0f7373b
2019-06-14 13:58:21,894 INFO  server.RaftServerConfigKeys (ConfUtils.java:logGet(43)) - raft.server.log.queue.byte-limit = 2147483647 (custom)
2019-06-14 13:58:21,894 INFO  server.RaftServerConfigKeys (ConfUtils.java:logGet(43)) - raft.server.log.queue.element-limit = 1024 (custom)
2019-06-14 13:58:21,894 INFO  server.RaftServerConfigKeys (ConfUtils.java:logGet(43)) - raft.server.log.segment.size.max = 16384 (custom)
2019-06-14 13:58:21,894 INFO  server.RaftServerConfigKeys (ConfUtils.java:logGet(43)) - raft.server.log.preallocated.size = 16384 (custom)
2019-06-14 13:58:21,894 INFO  server.RaftServerConfigKeys (ConfUtils.java:logGet(43)) - raft.server.log.write.buffer.size = 33554432 (custom)
2019-06-14 13:58:21,894 INFO  server.RaftServerConfigKeys (ConfUtils.java:logGet(43)) - raft.server.log.force.sync.num = 128 (default)
2019-06-14 13:58:21,894 INFO  server.RaftServerConfigKeys (ConfUtils.java:logGet(43)) - raft.server.log.statemachine.data.sync = true (default)
2019-06-14 13:58:21,895 INFO  server.RaftServerConfigKeys (ConfUtils.java:logGet(43)) - raft.server.log.statemachine.data.sync.timeout = 10s (default)
2019-06-14 13:58:21,895 INFO  server.RaftServerConfigKeys (ConfUtils.java:logGet(43)) - raft.server.log.statemachine.data.sync.timeout.retry = -1 (default)
2019-06-14 13:58:21,895 INFO  server.RaftServerConfigKeys (ConfUtils.java:logGet(43)) - raft.server.log.statemachine.data.caching.enabled = true (custom)
2019-06-14 13:58:21,895 INFO  server.RaftServerConfigKeys (ConfUtils.java:logGet(43)) - raft.server.log.statemachine.data.caching.enabled = true (custom)
2019-06-14 13:58:21,896 INFO  server.RaftServerConfigKeys (ConfUtils.java:logGet(43)) - raft.server.snapshot.auto.trigger.enabled = true (custom)
2019-06-14 13:58:21,896 INFO  server.RaftServerConfigKeys (ConfUtils.java:logGet(43)) - raft.server.snapshot.auto.trigger.threshold = 10000 (custom)
2019-06-14 13:58:21,896 INFO  server.RaftServerConfigKeys (ConfUtils.java:logGet(43)) - raft.server.retrycache.expirytime = 600000ms (custom)
2019-06-14 13:58:21,896 INFO  impl.RaftServerImpl (RaftServerImpl.java:start(173)) - 155bd8ce-37f5-442b-a029-4d1b174aebcf: start group-6D3FE0F7373B
2019-06-14 13:58:21,896 INFO  impl.RaftServerImpl (RaftServerImpl.java:setRole(164)) - 155bd8ce-37f5-442b-a029-4d1b174aebcf:group-6D3FE0F7373B changes role from null to FOLLOWER at term 0 for startAsFollower
2019-06-14 13:58:21,896 INFO  impl.RoleInfo (RoleInfo.java:updateAndGet(143)) - 155bd8ce-37f5-442b-a029-4d1b174aebcf: start FollowerState
2019-06-14 13:58:21,899 INFO  server.RaftServerConfigKeys (ConfUtils.java:logGet(43)) - raft.server.snapshot.auto.trigger.enabled = true (custom)
2019-06-14 13:58:21,899 INFO  server.RaftServerConfigKeys (ConfUtils.java:logGet(43)) - raft.server.snapshot.auto.trigger.threshold = 10000 (custom)
2019-06-14 13:58:21,899 INFO  server.RaftServerConfigKeys (ConfUtils.java:logGet(43)) - raft.server.retrycache.expirytime = 600000ms (custom)
2019-06-14 13:58:21,899 INFO  impl.RaftServerImpl (RaftServerImpl.java:start(173)) - 628cd0a0-fc8e-4ece-9958-71570d7cfd92: start group-6D3FE0F7373B
2019-06-14 13:58:21,899 INFO  impl.RaftServerImpl (RaftServerImpl.java:setRole(164)) - 628cd0a0-fc8e-4ece-9958-71570d7cfd92:group-6D3FE0F7373B changes role from null to FOLLOWER at term 0 for startAsFollower
2019-06-14 13:58:21,899 INFO  impl.RoleInfo (RoleInfo.java:updateAndGet(143)) - 628cd0a0-fc8e-4ece-9958-71570d7cfd92: start FollowerState
2019-06-14 13:58:21,900 INFO  util.JmxRegister (JmxRegister.java:tryRegister(44)) - Successfully registered JMX Bean with object name Ratis:service=RaftServer,group=group-6D3FE0F7373B,id=155bd8ce-37f5-442b-a029-4d1b174aebcf
2019-06-14 13:58:21,900 INFO  util.JmxRegister (JmxRegister.java:tryRegister(44)) - Successfully registered JMX Bean with object name Ratis:service=RaftServer,group=group-6D3FE0F7373B,id=628cd0a0-fc8e-4ece-9958-71570d7cfd92
2019-06-14 13:58:21,923 INFO  pipeline.PipelineStateManager (PipelineStateManager.java:addPipeline(56)) - Created pipeline Pipeline[ Id: c318eaaa-acbb-4681-ad51-6d3fe0f7373b, Nodes: 5b9f72de-af05-4cdb-9b30-87d4a4f1fe2b{ip: 192.168.105.138, host: ozone-ckxqk-682217903, networkLocation: /default-rack, certSerialId: null}155bd8ce-37f5-442b-a029-4d1b174aebcf{ip: 192.168.105.138, host: ozone-ckxqk-682217903, networkLocation: /default-rack, certSerialId: null}628cd0a0-fc8e-4ece-9958-71570d7cfd92{ip: 192.168.105.138, host: ozone-ckxqk-682217903, networkLocation: /default-rack, certSerialId: null}, Type:RATIS, Factor:THREE, State:OPEN]
2019-06-14 13:58:21,931 INFO  ozone.MiniOzoneClusterImpl (MiniOzoneClusterImpl.java:lambda$waitForClusterToBeReady$0(142)) - Waiting for cluster to be ready. Got 5 of 6 DN Heartbeats.
2019-06-14 13:58:21,934 INFO  node.SCMNodeManager (SCMNodeManager.java:register(234)) - Registered Data node : 29085e44-f26d-48d7-912b-06801d0ba8e9{ip: 192.168.105.138, host: ozone-ckxqk-682217903, networkLocation: /default-rack, certSerialId: null}
2019-06-14 13:58:21,949 INFO  impl.RaftServerProxy (RaftServerProxy.java:addNew(89)) - 29085e44-f26d-48d7-912b-06801d0ba8e9: addNew group-CAF88FCB7E73:[29085e44-f26d-48d7-912b-06801d0ba8e9:192.168.105.138:34995] returns group-CAF88FCB7E73:java.util.concurrent.CompletableFuture@546720f5[Not completed]
2019-06-14 13:58:21,950 INFO  impl.RaftServerImpl (RaftServerImpl.java:<init>(91)) - 29085e44-f26d-48d7-912b-06801d0ba8e9: new RaftServerImpl for group-CAF88FCB7E73:[29085e44-f26d-48d7-912b-06801d0ba8e9:192.168.105.138:34995] with ContainerStateMachine:uninitialized
2019-06-14 13:58:21,950 INFO  server.RaftServerConfigKeys (ConfUtils.java:logGet(43)) - raft.server.rpc.timeout.min = 1s (custom)
2019-06-14 13:58:21,950 INFO  server.RaftServerConfigKeys (ConfUtils.java:logGet(43)) - raft.server.rpc.timeout.max = 1200ms (custom)
2019-06-14 13:58:21,950 INFO  server.RaftServerConfigKeys (ConfUtils.java:logGet(43)) - raft.server.rpcslowness.timeout = 10s (custom)
2019-06-14 13:58:21,951 INFO  server.RaftServerConfigKeys (ConfUtils.java:logGet(43)) - raft.server.log.appender.install.snapshot.enabled = true (default)
2019-06-14 13:58:21,951 INFO  impl.RaftServerImpl (ServerState.java:<init>(101)) - 29085e44-f26d-48d7-912b-06801d0ba8e9:group-CAF88FCB7E73 ConfigurationManager, init=-1: [29085e44-f26d-48d7-912b-06801d0ba8e9:192.168.105.138:34995], old=null, confs=<EMPTY_MAP>
2019-06-14 13:58:21,951 INFO  server.RaftServerConfigKeys (ConfUtils.java:logGet(43)) - raft.server.storage.dir = [/opt/src/hadoop-ozone/integration-test/target/test-dir/MiniOzoneClusterImpl-050e6d04-c43a-4584-92a3-30c713f86bc5/datanode-5/data/ratis] (custom)
2019-06-14 13:58:21,951 INFO  storage.RaftStorageDirectory (RaftStorageDirectory.java:analyzeStorage(246)) - The storage directory /opt/src/hadoop-ozone/integration-test/target/test-dir/MiniOzoneClusterImpl-050e6d04-c43a-4584-92a3-30c713f86bc5/datanode-5/data/ratis/f941ce83-65c8-467e-bd56-caf88fcb7e73 does not exist. Creating ...
2019-06-14 13:58:21,954 INFO  storage.RaftStorageDirectory (RaftStorageDirectory.java:tryLock(328)) - Lock on /opt/src/hadoop-ozone/integration-test/target/test-dir/MiniOzoneClusterImpl-050e6d04-c43a-4584-92a3-30c713f86bc5/datanode-5/data/ratis/f941ce83-65c8-467e-bd56-caf88fcb7e73/in_use.lock acquired by nodename 10088@ozone-ckxqk-682217903
2019-06-14 13:58:21,956 INFO  storage.RaftStorage (RaftStorage.java:format(75)) - Storage directory /opt/src/hadoop-ozone/integration-test/target/test-dir/MiniOzoneClusterImpl-050e6d04-c43a-4584-92a3-30c713f86bc5/datanode-5/data/ratis/f941ce83-65c8-467e-bd56-caf88fcb7e73 has been successfully formatted.
2019-06-14 13:58:21,956 INFO  ratis.ContainerStateMachine (ContainerStateMachine.java:loadSnapshot(199)) - The snapshot info is null.Setting the last applied index to:(t:0, i:~)
2019-06-14 13:58:21,956 INFO  server.RaftServerConfigKeys (ConfUtils.java:logGet(43)) - raft.server.leader.election.timeout = 10s (custom)
2019-06-14 13:58:21,956 INFO  server.RaftServerConfigKeys (ConfUtils.java:logGet(43)) - raft.server.log.use.memory = false (default)
2019-06-14 13:58:21,956 INFO  server.RaftServerConfigKeys (ConfUtils.java:logGet(43)) - raft.server.log.appender.buffer.byte-limit = 33554432 (custom)
2019-06-14 13:58:21,956 INFO  server.RaftServerConfigKeys (ConfUtils.java:logGet(43)) - raft.server.log.segment.size.max = 16384 (custom)
2019-06-14 13:58:21,956 INFO  server.RaftServerConfigKeys (ConfUtils.java:logGet(43)) - raft.server.log.segment.cache.num.max = 2 (custom)
2019-06-14 13:58:21,957 INFO  storage.RaftLogWorker (RaftLogWorker.java:<init>(123)) - new 29085e44-f26d-48d7-912b-06801d0ba8e9-RaftLogWorker for Storage Directory /opt/src/hadoop-ozone/integration-test/target/test-dir/MiniOzoneClusterImpl-050e6d04-c43a-4584-92a3-30c713f86bc5/datanode-5/data/ratis/f941ce83-65c8-467e-bd56-caf88fcb7e73
2019-06-14 13:58:21,957 INFO  server.RaftServerConfigKeys (ConfUtils.java:logGet(43)) - raft.server.log.queue.byte-limit = 2147483647 (custom)
2019-06-14 13:58:21,957 INFO  server.RaftServerConfigKeys (ConfUtils.java:logGet(43)) - raft.server.log.queue.element-limit = 1024 (custom)
2019-06-14 13:58:21,957 INFO  server.RaftServerConfigKeys (ConfUtils.java:logGet(43)) - raft.server.log.segment.size.max = 16384 (custom)
2019-06-14 13:58:21,957 INFO  server.RaftServerConfigKeys (ConfUtils.java:logGet(43)) - raft.server.log.preallocated.size = 16384 (custom)
2019-06-14 13:58:21,957 INFO  server.RaftServerConfigKeys (ConfUtils.java:logGet(43)) - raft.server.log.write.buffer.size = 33554432 (custom)
2019-06-14 13:58:21,957 INFO  server.RaftServerConfigKeys (ConfUtils.java:logGet(43)) - raft.server.log.force.sync.num = 128 (default)
2019-06-14 13:58:21,957 INFO  server.RaftServerConfigKeys (ConfUtils.java:logGet(43)) - raft.server.log.statemachine.data.sync = true (default)
2019-06-14 13:58:21,957 INFO  server.RaftServerConfigKeys (ConfUtils.java:logGet(43)) - raft.server.log.statemachine.data.sync.timeout = 10s (default)
2019-06-14 13:58:21,957 INFO  server.RaftServerConfigKeys (ConfUtils.java:logGet(43)) - raft.server.log.statemachine.data.sync.timeout.retry = -1 (default)
2019-06-14 13:58:21,957 INFO  server.RaftServerConfigKeys (ConfUtils.java:logGet(43)) - raft.server.log.statemachine.data.caching.enabled = true (custom)
2019-06-14 13:58:21,958 INFO  server.RaftServerConfigKeys (ConfUtils.java:logGet(43)) - raft.server.snapshot.auto.trigger.enabled = true (custom)
2019-06-14 13:58:21,958 INFO  server.RaftServerConfigKeys (ConfUtils.java:logGet(43)) - raft.server.snapshot.auto.trigger.threshold = 10000 (custom)
2019-06-14 13:58:21,958 INFO  server.RaftServerConfigKeys (ConfUtils.java:logGet(43)) - raft.server.retrycache.expirytime = 600000ms (custom)
2019-06-14 13:58:21,958 INFO  impl.RaftServerImpl (RaftServerImpl.java:start(173)) - 29085e44-f26d-48d7-912b-06801d0ba8e9: start group-CAF88FCB7E73
2019-06-14 13:58:21,958 INFO  impl.RaftServerImpl (RaftServerImpl.java:setRole(164)) - 29085e44-f26d-48d7-912b-06801d0ba8e9:group-CAF88FCB7E73 changes role from null to FOLLOWER at term 0 for startAsFollower
2019-06-14 13:58:21,958 INFO  impl.RoleInfo (RoleInfo.java:updateAndGet(143)) - 29085e44-f26d-48d7-912b-06801d0ba8e9: start FollowerState
2019-06-14 13:58:21,959 INFO  util.JmxRegister (JmxRegister.java:tryRegister(44)) - Successfully registered JMX Bean with object name Ratis:service=RaftServer,group=group-CAF88FCB7E73,id=29085e44-f26d-48d7-912b-06801d0ba8e9
2019-06-14 13:58:21,966 INFO  pipeline.PipelineStateManager (PipelineStateManager.java:addPipeline(56)) - Created pipeline Pipeline[ Id: f941ce83-65c8-467e-bd56-caf88fcb7e73, Nodes: 29085e44-f26d-48d7-912b-06801d0ba8e9{ip: 192.168.105.138, host: ozone-ckxqk-682217903, networkLocation: /default-rack, certSerialId: null}, Type:RATIS, Factor:ONE, State:OPEN]
2019-06-14 13:58:21,988 INFO  impl.RaftServerProxy (RaftServerProxy.java:addNew(89)) - ce336553-b440-4cfb-baa1-4a0e1d637cf8: addNew group-1DE1092F5995:[27edf844-2f50-4d1e-88b1-ba785f865996:192.168.105.138:36725, ce336553-b440-4cfb-baa1-4a0e1d637cf8:192.168.105.138:44951, 29085e44-f26d-48d7-912b-06801d0ba8e9:192.168.105.138:34995] returns group-1DE1092F5995:java.util.concurrent.CompletableFuture@215d42cf[Not completed]
2019-06-14 13:58:21,989 INFO  impl.RaftServerImpl (RaftServerImpl.java:<init>(91)) - ce336553-b440-4cfb-baa1-4a0e1d637cf8: new RaftServerImpl for group-1DE1092F5995:[27edf844-2f50-4d1e-88b1-ba785f865996:192.168.105.138:36725, ce336553-b440-4cfb-baa1-4a0e1d637cf8:192.168.105.138:44951, 29085e44-f26d-48d7-912b-06801d0ba8e9:192.168.105.138:34995] with ContainerStateMachine:uninitialized
2019-06-14 13:58:21,989 INFO  server.RaftServerConfigKeys (ConfUtils.java:logGet(43)) - raft.server.rpc.timeout.min = 1s (custom)
2019-06-14 13:58:21,989 INFO  server.RaftServerConfigKeys (ConfUtils.java:logGet(43)) - raft.server.rpc.timeout.max = 1200ms (custom)
2019-06-14 13:58:21,989 INFO  server.RaftServerConfigKeys (ConfUtils.java:logGet(43)) - raft.server.rpcslowness.timeout = 10s (custom)
2019-06-14 13:58:21,989 INFO  server.RaftServerConfigKeys (ConfUtils.java:logGet(43)) - raft.server.log.appender.install.snapshot.enabled = true (default)
2019-06-14 13:58:21,989 INFO  impl.RaftServerImpl (ServerState.java:<init>(101)) - ce336553-b440-4cfb-baa1-4a0e1d637cf8:group-1DE1092F5995 ConfigurationManager, init=-1: [27edf844-2f50-4d1e-88b1-ba785f865996:192.168.105.138:36725, ce336553-b440-4cfb-baa1-4a0e1d637cf8:192.168.105.138:44951, 29085e44-f26d-48d7-912b-06801d0ba8e9:192.168.105.138:34995], old=null, confs=<EMPTY_MAP>
2019-06-14 13:58:21,989 INFO  server.RaftServerConfigKeys (ConfUtils.java:logGet(43)) - raft.server.storage.dir = [/opt/src/hadoop-ozone/integration-test/target/test-dir/MiniOzoneClusterImpl-050e6d04-c43a-4584-92a3-30c713f86bc5/datanode-1/data/ratis] (custom)
2019-06-14 13:58:21,990 INFO  storage.RaftStorageDirectory (RaftStorageDirectory.java:analyzeStorage(246)) - The storage directory /opt/src/hadoop-ozone/integration-test/target/test-dir/MiniOzoneClusterImpl-050e6d04-c43a-4584-92a3-30c713f86bc5/datanode-1/data/ratis/5563a6e0-ba3a-445b-9e73-1de1092f5995 does not exist. Creating ...
2019-06-14 13:58:21,991 INFO  impl.RaftServerProxy (RaftServerProxy.java:addNew(89)) - 29085e44-f26d-48d7-912b-06801d0ba8e9: addNew group-1DE1092F5995:[27edf844-2f50-4d1e-88b1-ba785f865996:192.168.105.138:36725, ce336553-b440-4cfb-baa1-4a0e1d637cf8:192.168.105.138:44951, 29085e44-f26d-48d7-912b-06801d0ba8e9:192.168.105.138:34995] returns group-1DE1092F5995:java.util.concurrent.CompletableFuture@42fb99cf[Not completed]
2019-06-14 13:58:21,992 INFO  storage.RaftStorageDirectory (RaftStorageDirectory.java:tryLock(328)) - Lock on /opt/src/hadoop-ozone/integration-test/target/test-dir/MiniOzoneClusterImpl-050e6d04-c43a-4584-92a3-30c713f86bc5/datanode-1/data/ratis/5563a6e0-ba3a-445b-9e73-1de1092f5995/in_use.lock acquired by nodename 10088@ozone-ckxqk-682217903
2019-06-14 13:58:21,992 INFO  impl.RaftServerImpl (RaftServerImpl.java:<init>(91)) - 27edf844-2f50-4d1e-88b1-ba785f865996: new RaftServerImpl for group-1DE1092F5995:[27edf844-2f50-4d1e-88b1-ba785f865996:192.168.105.138:36725, ce336553-b440-4cfb-baa1-4a0e1d637cf8:192.168.105.138:44951, 29085e44-f26d-48d7-912b-06801d0ba8e9:192.168.105.138:34995] with ContainerStateMachine:uninitialized
2019-06-14 13:58:21,992 INFO  server.RaftServerConfigKeys (ConfUtils.java:logGet(43)) - raft.server.rpc.timeout.min = 1s (custom)
2019-06-14 13:58:21,992 INFO  server.RaftServerConfigKeys (ConfUtils.java:logGet(43)) - raft.server.rpc.timeout.max = 1200ms (custom)
2019-06-14 13:58:21,992 INFO  server.RaftServerConfigKeys (ConfUtils.java:logGet(43)) - raft.server.rpcslowness.timeout = 10s (custom)
2019-06-14 13:58:21,992 INFO  server.RaftServerConfigKeys (ConfUtils.java:logGet(43)) - raft.server.log.appender.install.snapshot.enabled = true (default)
2019-06-14 13:58:21,993 INFO  impl.RaftServerImpl (ServerState.java:<init>(101)) - 27edf844-2f50-4d1e-88b1-ba785f865996:group-1DE1092F5995 ConfigurationManager, init=-1: [27edf844-2f50-4d1e-88b1-ba785f865996:192.168.105.138:36725, ce336553-b440-4cfb-baa1-4a0e1d637cf8:192.168.105.138:44951, 29085e44-f26d-48d7-912b-06801d0ba8e9:192.168.105.138:34995], old=null, confs=<EMPTY_MAP>
2019-06-14 13:58:21,993 INFO  server.RaftServerConfigKeys (ConfUtils.java:logGet(43)) - raft.server.storage.dir = [/opt/src/hadoop-ozone/integration-test/target/test-dir/MiniOzoneClusterImpl-050e6d04-c43a-4584-92a3-30c713f86bc5/datanode-3/data/ratis] (custom)
2019-06-14 13:58:21,993 INFO  impl.RaftServerImpl (RaftServerImpl.java:<init>(91)) - 29085e44-f26d-48d7-912b-06801d0ba8e9: new RaftServerImpl for group-1DE1092F5995:[27edf844-2f50-4d1e-88b1-ba785f865996:192.168.105.138:36725, ce336553-b440-4cfb-baa1-4a0e1d637cf8:192.168.105.138:44951, 29085e44-f26d-48d7-912b-06801d0ba8e9:192.168.105.138:34995] with ContainerStateMachine:uninitialized
2019-06-14 13:58:21,993 INFO  storage.RaftStorageDirectory (RaftStorageDirectory.java:analyzeStorage(246)) - The storage directory /opt/src/hadoop-ozone/integration-test/target/test-dir/MiniOzoneClusterImpl-050e6d04-c43a-4584-92a3-30c713f86bc5/datanode-3/data/ratis/5563a6e0-ba3a-445b-9e73-1de1092f5995 does not exist. Creating ...
2019-06-14 13:58:21,991 INFO  impl.RaftServerProxy (RaftServerProxy.java:addNew(89)) - 27edf844-2f50-4d1e-88b1-ba785f865996: addNew group-1DE1092F5995:[27edf844-2f50-4d1e-88b1-ba785f865996:192.168.105.138:36725, ce336553-b440-4cfb-baa1-4a0e1d637cf8:192.168.105.138:44951, 29085e44-f26d-48d7-912b-06801d0ba8e9:192.168.105.138:34995] returns group-1DE1092F5995:java.util.concurrent.CompletableFuture@645fd880[Not completed]
2019-06-14 13:58:21,993 INFO  server.RaftServerConfigKeys (ConfUtils.java:logGet(43)) - raft.server.rpc.timeout.min = 1s (custom)
2019-06-14 13:58:21,993 INFO  server.RaftServerConfigKeys (ConfUtils.java:logGet(43)) - raft.server.rpc.timeout.max = 1200ms (custom)
2019-06-14 13:58:21,994 INFO  server.RaftServerConfigKeys (ConfUtils.java:logGet(43)) - raft.server.rpcslowness.timeout = 10s (custom)
2019-06-14 13:58:21,994 INFO  server.RaftServerConfigKeys (ConfUtils.java:logGet(43)) - raft.server.log.appender.install.snapshot.enabled = true (default)
2019-06-14 13:58:21,994 INFO  impl.RaftServerImpl (ServerState.java:<init>(101)) - 29085e44-f26d-48d7-912b-06801d0ba8e9:group-1DE1092F5995 ConfigurationManager, init=-1: [27edf844-2f50-4d1e-88b1-ba785f865996:192.168.105.138:36725, ce336553-b440-4cfb-baa1-4a0e1d637cf8:192.168.105.138:44951, 29085e44-f26d-48d7-912b-06801d0ba8e9:192.168.105.138:34995], old=null, confs=<EMPTY_MAP>
2019-06-14 13:58:21,994 INFO  server.RaftServerConfigKeys (ConfUtils.java:logGet(43)) - raft.server.storage.dir = [/opt/src/hadoop-ozone/integration-test/target/test-dir/MiniOzoneClusterImpl-050e6d04-c43a-4584-92a3-30c713f86bc5/datanode-5/data/ratis] (custom)
2019-06-14 13:58:21,994 INFO  storage.RaftStorageDirectory (RaftStorageDirectory.java:analyzeStorage(246)) - The storage directory /opt/src/hadoop-ozone/integration-test/target/test-dir/MiniOzoneClusterImpl-050e6d04-c43a-4584-92a3-30c713f86bc5/datanode-5/data/ratis/5563a6e0-ba3a-445b-9e73-1de1092f5995 does not exist. Creating ...
2019-06-14 13:58:21,995 INFO  storage.RaftStorage (RaftStorage.java:format(75)) - Storage directory /opt/src/hadoop-ozone/integration-test/target/test-dir/MiniOzoneClusterImpl-050e6d04-c43a-4584-92a3-30c713f86bc5/datanode-1/data/ratis/5563a6e0-ba3a-445b-9e73-1de1092f5995 has been successfully formatted.
2019-06-14 13:58:21,995 INFO  ratis.ContainerStateMachine (ContainerStateMachine.java:loadSnapshot(199)) - The snapshot info is null.Setting the last applied index to:(t:0, i:~)
2019-06-14 13:58:21,996 INFO  server.RaftServerConfigKeys (ConfUtils.java:logGet(43)) - raft.server.leader.election.timeout = 10s (custom)
2019-06-14 13:58:21,996 INFO  server.RaftServerConfigKeys (ConfUtils.java:logGet(43)) - raft.server.log.use.memory = false (default)
2019-06-14 13:58:21,996 INFO  server.RaftServerConfigKeys (ConfUtils.java:logGet(43)) - raft.server.log.appender.buffer.byte-limit = 33554432 (custom)
2019-06-14 13:58:21,996 INFO  server.RaftServerConfigKeys (ConfUtils.java:logGet(43)) - raft.server.log.segment.size.max = 16384 (custom)
2019-06-14 13:58:21,996 INFO  server.RaftServerConfigKeys (ConfUtils.java:logGet(43)) - raft.server.log.segment.cache.num.max = 2 (custom)
2019-06-14 13:58:21,996 INFO  storage.RaftLogWorker (RaftLogWorker.java:<init>(123)) - new ce336553-b440-4cfb-baa1-4a0e1d637cf8-RaftLogWorker for Storage Directory /opt/src/hadoop-ozone/integration-test/target/test-dir/MiniOzoneClusterImpl-050e6d04-c43a-4584-92a3-30c713f86bc5/datanode-1/data/ratis/5563a6e0-ba3a-445b-9e73-1de1092f5995
2019-06-14 13:58:21,996 INFO  server.RaftServerConfigKeys (ConfUtils.java:logGet(43)) - raft.server.log.queue.byte-limit = 2147483647 (custom)
2019-06-14 13:58:21,996 INFO  server.RaftServerConfigKeys (ConfUtils.java:logGet(43)) - raft.server.log.queue.element-limit = 1024 (custom)
2019-06-14 13:58:21,996 INFO  server.RaftServerConfigKeys (ConfUtils.java:logGet(43)) - raft.server.log.segment.size.max = 16384 (custom)
2019-06-14 13:58:21,997 INFO  server.RaftServerConfigKeys (ConfUtils.java:logGet(43)) - raft.server.log.preallocated.size = 16384 (custom)
2019-06-14 13:58:21,997 INFO  server.RaftServerConfigKeys (ConfUtils.java:logGet(43)) - raft.server.log.write.buffer.size = 33554432 (custom)
2019-06-14 13:58:21,997 INFO  storage.RaftStorageDirectory (RaftStorageDirectory.java:tryLock(328)) - Lock on /opt/src/hadoop-ozone/integration-test/target/test-dir/MiniOzoneClusterImpl-050e6d04-c43a-4584-92a3-30c713f86bc5/datanode-5/data/ratis/5563a6e0-ba3a-445b-9e73-1de1092f5995/in_use.lock acquired by nodename 10088@ozone-ckxqk-682217903
2019-06-14 13:58:21,997 INFO  storage.RaftStorageDirectory (RaftStorageDirectory.java:tryLock(328)) - Lock on /opt/src/hadoop-ozone/integration-test/target/test-dir/MiniOzoneClusterImpl-050e6d04-c43a-4584-92a3-30c713f86bc5/datanode-3/data/ratis/5563a6e0-ba3a-445b-9e73-1de1092f5995/in_use.lock acquired by nodename 10088@ozone-ckxqk-682217903
2019-06-14 13:58:21,997 INFO  server.RaftServerConfigKeys (ConfUtils.java:logGet(43)) - raft.server.log.force.sync.num = 128 (default)
2019-06-14 13:58:21,998 INFO  server.RaftServerConfigKeys (ConfUtils.java:logGet(43)) - raft.server.log.statemachine.data.sync = true (default)
2019-06-14 13:58:21,998 INFO  server.RaftServerConfigKeys (ConfUtils.java:logGet(43)) - raft.server.log.statemachine.data.sync.timeout = 10s (default)
2019-06-14 13:58:21,998 INFO  server.RaftServerConfigKeys (ConfUtils.java:logGet(43)) - raft.server.log.statemachine.data.sync.timeout.retry = -1 (default)
2019-06-14 13:58:21,998 INFO  server.RaftServerConfigKeys (ConfUtils.java:logGet(43)) - raft.server.log.statemachine.data.caching.enabled = true (custom)
2019-06-14 13:58:21,999 INFO  server.RaftServerConfigKeys (ConfUtils.java:logGet(43)) - raft.server.snapshot.auto.trigger.enabled = true (custom)
2019-06-14 13:58:21,999 INFO  server.RaftServerConfigKeys (ConfUtils.java:logGet(43)) - raft.server.snapshot.auto.trigger.threshold = 10000 (custom)
2019-06-14 13:58:21,999 INFO  storage.RaftStorage (RaftStorage.java:format(75)) - Storage directory /opt/src/hadoop-ozone/integration-test/target/test-dir/MiniOzoneClusterImpl-050e6d04-c43a-4584-92a3-30c713f86bc5/datanode-3/data/ratis/5563a6e0-ba3a-445b-9e73-1de1092f5995 has been successfully formatted.
2019-06-14 13:58:21,999 INFO  server.RaftServerConfigKeys (ConfUtils.java:logGet(43)) - raft.server.retrycache.expirytime = 600000ms (custom)
2019-06-14 13:58:21,999 INFO  ratis.ContainerStateMachine (ContainerStateMachine.java:loadSnapshot(199)) - The snapshot info is null.Setting the last applied index to:(t:0, i:~)
2019-06-14 13:58:21,999 INFO  storage.RaftStorage (RaftStorage.java:format(75)) - Storage directory /opt/src/hadoop-ozone/integration-test/target/test-dir/MiniOzoneClusterImpl-050e6d04-c43a-4584-92a3-30c713f86bc5/datanode-5/data/ratis/5563a6e0-ba3a-445b-9e73-1de1092f5995 has been successfully formatted.
2019-06-14 13:58:22,000 INFO  impl.RaftServerImpl (RaftServerImpl.java:start(173)) - ce336553-b440-4cfb-baa1-4a0e1d637cf8: start group-1DE1092F5995
2019-06-14 13:58:21,999 INFO  server.RaftServerConfigKeys (ConfUtils.java:logGet(43)) - raft.server.leader.election.timeout = 10s (custom)
2019-06-14 13:58:22,000 INFO  impl.RaftServerImpl (RaftServerImpl.java:setRole(164)) - ce336553-b440-4cfb-baa1-4a0e1d637cf8:group-1DE1092F5995 changes role from null to FOLLOWER at term 0 for startAsFollower
2019-06-14 13:58:22,000 INFO  ratis.ContainerStateMachine (ContainerStateMachine.java:loadSnapshot(199)) - The snapshot info is null.Setting the last applied index to:(t:0, i:~)
2019-06-14 13:58:22,000 INFO  impl.RoleInfo (RoleInfo.java:updateAndGet(143)) - ce336553-b440-4cfb-baa1-4a0e1d637cf8: start FollowerState
2019-06-14 13:58:22,000 INFO  server.RaftServerConfigKeys (ConfUtils.java:logGet(43)) - raft.server.log.use.memory = false (default)
2019-06-14 13:58:22,000 INFO  server.RaftServerConfigKeys (ConfUtils.java:logGet(43)) - raft.server.log.appender.buffer.byte-limit = 33554432 (custom)
2019-06-14 13:58:22,000 INFO  util.JmxRegister (JmxRegister.java:tryRegister(44)) - Successfully registered JMX Bean with object name Ratis:service=RaftServer,group=group-1DE1092F5995,id=ce336553-b440-4cfb-baa1-4a0e1d637cf8
2019-06-14 13:58:22,000 INFO  server.RaftServerConfigKeys (ConfUtils.java:logGet(43)) - raft.server.leader.election.timeout = 10s (custom)
2019-06-14 13:58:22,001 INFO  server.RaftServerConfigKeys (ConfUtils.java:logGet(43)) - raft.server.log.use.memory = false (default)
2019-06-14 13:58:22,001 INFO  server.RaftServerConfigKeys (ConfUtils.java:logGet(43)) - raft.server.log.appender.buffer.byte-limit = 33554432 (custom)
2019-06-14 13:58:22,001 INFO  server.RaftServerConfigKeys (ConfUtils.java:logGet(43)) - raft.server.log.segment.size.max = 16384 (custom)
2019-06-14 13:58:22,001 INFO  server.RaftServerConfigKeys (ConfUtils.java:logGet(43)) - raft.server.log.segment.cache.num.max = 2 (custom)
2019-06-14 13:58:22,001 INFO  storage.RaftLogWorker (RaftLogWorker.java:<init>(123)) - new 29085e44-f26d-48d7-912b-06801d0ba8e9-RaftLogWorker for Storage Directory /opt/src/hadoop-ozone/integration-test/target/test-dir/MiniOzoneClusterImpl-050e6d04-c43a-4584-92a3-30c713f86bc5/datanode-5/data/ratis/5563a6e0-ba3a-445b-9e73-1de1092f5995
2019-06-14 13:58:22,001 INFO  server.RaftServerConfigKeys (ConfUtils.java:logGet(43)) - raft.server.log.queue.byte-limit = 2147483647 (custom)
2019-06-14 13:58:22,001 INFO  server.RaftServerConfigKeys (ConfUtils.java:logGet(43)) - raft.server.log.queue.element-limit = 1024 (custom)
2019-06-14 13:58:22,001 INFO  server.RaftServerConfigKeys (ConfUtils.java:logGet(43)) - raft.server.log.segment.size.max = 16384 (custom)
2019-06-14 13:58:22,001 INFO  server.RaftServerConfigKeys (ConfUtils.java:logGet(43)) - raft.server.log.preallocated.size = 16384 (custom)
2019-06-14 13:58:22,002 INFO  server.RaftServerConfigKeys (ConfUtils.java:logGet(43)) - raft.server.log.write.buffer.size = 33554432 (custom)
2019-06-14 13:58:22,002 INFO  server.RaftServerConfigKeys (ConfUtils.java:logGet(43)) - raft.server.log.force.sync.num = 128 (default)
2019-06-14 13:58:22,002 INFO  server.RaftServerConfigKeys (ConfUtils.java:logGet(43)) - raft.server.log.statemachine.data.sync = true (default)
2019-06-14 13:58:22,002 INFO  server.RaftServerConfigKeys (ConfUtils.java:logGet(43)) - raft.server.log.statemachine.data.sync.timeout = 10s (default)
2019-06-14 13:58:22,002 INFO  server.RaftServerConfigKeys (ConfUtils.java:logGet(43)) - raft.server.log.statemachine.data.sync.timeout.retry = -1 (default)
2019-06-14 13:58:22,002 INFO  server.RaftServerConfigKeys (ConfUtils.java:logGet(43)) - raft.server.log.statemachine.data.caching.enabled = true (custom)
2019-06-14 13:58:22,000 INFO  server.RaftServerConfigKeys (ConfUtils.java:logGet(43)) - raft.server.log.segment.size.max = 16384 (custom)
2019-06-14 13:58:22,004 INFO  server.RaftServerConfigKeys (ConfUtils.java:logGet(43)) - raft.server.log.segment.cache.num.max = 2 (custom)
2019-06-14 13:58:22,004 INFO  storage.RaftLogWorker (RaftLogWorker.java:<init>(123)) - new 27edf844-2f50-4d1e-88b1-ba785f865996-RaftLogWorker for Storage Directory /opt/src/hadoop-ozone/integration-test/target/test-dir/MiniOzoneClusterImpl-050e6d04-c43a-4584-92a3-30c713f86bc5/datanode-3/data/ratis/5563a6e0-ba3a-445b-9e73-1de1092f5995
2019-06-14 13:58:22,004 INFO  server.RaftServerConfigKeys (ConfUtils.java:logGet(43)) - raft.server.log.queue.byte-limit = 2147483647 (custom)
2019-06-14 13:58:22,004 INFO  server.RaftServerConfigKeys (ConfUtils.java:logGet(43)) - raft.server.log.queue.element-limit = 1024 (custom)
2019-06-14 13:58:22,004 INFO  server.RaftServerConfigKeys (ConfUtils.java:logGet(43)) - raft.server.log.segment.size.max = 16384 (custom)
2019-06-14 13:58:22,004 INFO  server.RaftServerConfigKeys (ConfUtils.java:logGet(43)) - raft.server.log.preallocated.size = 16384 (custom)
2019-06-14 13:58:22,004 INFO  server.RaftServerConfigKeys (ConfUtils.java:logGet(43)) - raft.server.log.write.buffer.size = 33554432 (custom)
2019-06-14 13:58:22,004 INFO  server.RaftServerConfigKeys (ConfUtils.java:logGet(43)) - raft.server.log.force.sync.num = 128 (default)
2019-06-14 13:58:22,004 INFO  server.RaftServerConfigKeys (ConfUtils.java:logGet(43)) - raft.server.log.statemachine.data.sync = true (default)
2019-06-14 13:58:22,005 INFO  server.RaftServerConfigKeys (ConfUtils.java:logGet(43)) - raft.server.log.statemachine.data.sync.timeout = 10s (default)
2019-06-14 13:58:22,005 INFO  server.RaftServerConfigKeys (ConfUtils.java:logGet(43)) - raft.server.log.statemachine.data.sync.timeout.retry = -1 (default)
2019-06-14 13:58:22,005 INFO  server.RaftServerConfigKeys (ConfUtils.java:logGet(43)) - raft.server.snapshot.auto.trigger.enabled = true (custom)
2019-06-14 13:58:22,005 INFO  server.RaftServerConfigKeys (ConfUtils.java:logGet(43)) - raft.server.log.statemachine.data.caching.enabled = true (custom)
2019-06-14 13:58:22,005 INFO  server.RaftServerConfigKeys (ConfUtils.java:logGet(43)) - raft.server.snapshot.auto.trigger.threshold = 10000 (custom)
2019-06-14 13:58:22,007 INFO  server.RaftServerConfigKeys (ConfUtils.java:logGet(43)) - raft.server.snapshot.auto.trigger.enabled = true (custom)
2019-06-14 13:58:22,009 INFO  server.RaftServerConfigKeys (ConfUtils.java:logGet(43)) - raft.server.snapshot.auto.trigger.threshold = 10000 (custom)
2019-06-14 13:58:22,009 INFO  server.RaftServerConfigKeys (ConfUtils.java:logGet(43)) - raft.server.retrycache.expirytime = 600000ms (custom)
2019-06-14 13:58:22,010 INFO  impl.RaftServerImpl (RaftServerImpl.java:start(173)) - 27edf844-2f50-4d1e-88b1-ba785f865996: start group-1DE1092F5995
2019-06-14 13:58:22,010 INFO  impl.RaftServerImpl (RaftServerImpl.java:setRole(164)) - 27edf844-2f50-4d1e-88b1-ba785f865996:group-1DE1092F5995 changes role from null to FOLLOWER at term 0 for startAsFollower
2019-06-14 13:58:22,010 INFO  impl.RoleInfo (RoleInfo.java:updateAndGet(143)) - 27edf844-2f50-4d1e-88b1-ba785f865996: start FollowerState
2019-06-14 13:58:22,013 INFO  server.RaftServerConfigKeys (ConfUtils.java:logGet(43)) - raft.server.retrycache.expirytime = 600000ms (custom)
2019-06-14 13:58:22,013 INFO  util.JmxRegister (JmxRegister.java:tryRegister(44)) - Successfully registered JMX Bean with object name Ratis:service=RaftServer,group=group-1DE1092F5995,id=27edf844-2f50-4d1e-88b1-ba785f865996
2019-06-14 13:58:22,013 INFO  impl.RaftServerImpl (RaftServerImpl.java:start(173)) - 29085e44-f26d-48d7-912b-06801d0ba8e9: start group-1DE1092F5995
2019-06-14 13:58:22,013 INFO  impl.RaftServerImpl (RaftServerImpl.java:setRole(164)) - 29085e44-f26d-48d7-912b-06801d0ba8e9:group-1DE1092F5995 changes role from null to FOLLOWER at term 0 for startAsFollower
2019-06-14 13:58:22,013 INFO  impl.RoleInfo (RoleInfo.java:updateAndGet(143)) - 29085e44-f26d-48d7-912b-06801d0ba8e9: start FollowerState
2019-06-14 13:58:22,014 INFO  util.JmxRegister (JmxRegister.java:tryRegister(44)) - Successfully registered JMX Bean with object name Ratis:service=RaftServer,group=group-1DE1092F5995,id=29085e44-f26d-48d7-912b-06801d0ba8e9
2019-06-14 13:58:22,026 INFO  pipeline.PipelineStateManager (PipelineStateManager.java:addPipeline(56)) - Created pipeline Pipeline[ Id: 5563a6e0-ba3a-445b-9e73-1de1092f5995, Nodes: 27edf844-2f50-4d1e-88b1-ba785f865996{ip: 192.168.105.138, host: ozone-ckxqk-682217903, networkLocation: /default-rack, certSerialId: null}ce336553-b440-4cfb-baa1-4a0e1d637cf8{ip: 192.168.105.138, host: ozone-ckxqk-682217903, networkLocation: /default-rack, certSerialId: null}29085e44-f26d-48d7-912b-06801d0ba8e9{ip: 192.168.105.138, host: ozone-ckxqk-682217903, networkLocation: /default-rack, certSerialId: null}, Type:RATIS, Factor:THREE, State:OPEN]
2019-06-14 13:58:22,544 INFO  impl.FollowerState (FollowerState.java:run(101)) - 628cd0a0-fc8e-4ece-9958-71570d7cfd92:group-E0AF1B443538 changes to CANDIDATE, lastRpcTime:1012, electionTimeout:1011ms
2019-06-14 13:58:22,544 INFO  impl.RoleInfo (RoleInfo.java:shutdownFollowerState(121)) - 628cd0a0-fc8e-4ece-9958-71570d7cfd92: shutdown FollowerState
2019-06-14 13:58:22,544 INFO  impl.RaftServerImpl (RaftServerImpl.java:setRole(164)) - 628cd0a0-fc8e-4ece-9958-71570d7cfd92:group-E0AF1B443538 changes role from FOLLOWER to CANDIDATE at term 0 for changeToCandidate
2019-06-14 13:58:22,546 INFO  impl.RoleInfo (RoleInfo.java:updateAndGet(143)) - 628cd0a0-fc8e-4ece-9958-71570d7cfd92: start LeaderElection
2019-06-14 13:58:22,552 INFO  impl.LeaderElection (LeaderElection.java:askForVotes(181)) - 628cd0a0-fc8e-4ece-9958-71570d7cfd92:group-E0AF1B443538:LeaderElection1: begin an election at term 1 for -1: [628cd0a0-fc8e-4ece-9958-71570d7cfd92:192.168.105.138:45353], old=null
2019-06-14 13:58:22,554 INFO  impl.RoleInfo (RoleInfo.java:shutdownLeaderElection(134)) - 628cd0a0-fc8e-4ece-9958-71570d7cfd92: shutdown LeaderElection
2019-06-14 13:58:22,555 INFO  impl.RaftServerImpl (RaftServerImpl.java:setRole(164)) - 628cd0a0-fc8e-4ece-9958-71570d7cfd92:group-E0AF1B443538 changes role from CANDIDATE to LEADER at term 1 for changeToLeader
2019-06-14 13:58:22,555 INFO  impl.RaftServerImpl (ServerState.java:setLeader(263)) - 628cd0a0-fc8e-4ece-9958-71570d7cfd92:group-E0AF1B443538 change Leader from null to 628cd0a0-fc8e-4ece-9958-71570d7cfd92 at term 1 for becomeLeader, leader elected after 1210ms
2019-06-14 13:58:22,559 INFO  server.RaftServerConfigKeys (ConfUtils.java:logGet(43)) - raft.server.staging.catchup.gap = 1000 (default)
2019-06-14 13:58:22,560 INFO  server.RaftServerConfigKeys (ConfUtils.java:logGet(43)) - raft.server.rpc.sleep.time = 25ms (default)
2019-06-14 13:58:22,562 INFO  server.RaftServerConfigKeys (ConfUtils.java:logGet(43)) - raft.server.watch.timeout = 10s (default)
2019-06-14 13:58:22,562 INFO  server.RaftServerConfigKeys (ConfUtils.java:logGet(43)) - raft.server.watch.timeout.denomination = 1s (default)
2019-06-14 13:58:22,568 INFO  impl.RoleInfo (RoleInfo.java:updateAndGet(143)) - 628cd0a0-fc8e-4ece-9958-71570d7cfd92: start LeaderState
2019-06-14 13:58:22,582 INFO  storage.RaftLogWorker (RaftLogWorker.java:startLogSegment(298)) - 628cd0a0-fc8e-4ece-9958-71570d7cfd92-RaftLogWorker: Starting segment from index:0
2019-06-14 13:58:22,588 INFO  impl.RaftServerImpl (ServerState.java:setRaftConf(361)) - 628cd0a0-fc8e-4ece-9958-71570d7cfd92:group-E0AF1B443538 set configuration 0: [628cd0a0-fc8e-4ece-9958-71570d7cfd92:192.168.105.138:45353], old=null at 0
2019-06-14 13:58:22,712 INFO  impl.FollowerState (FollowerState.java:run(101)) - 155bd8ce-37f5-442b-a029-4d1b174aebcf:group-0AE3D897390A changes to CANDIDATE, lastRpcTime:1074, electionTimeout:1072ms
2019-06-14 13:58:22,728 INFO  impl.RoleInfo (RoleInfo.java:shutdownFollowerState(121)) - 155bd8ce-37f5-442b-a029-4d1b174aebcf: shutdown FollowerState
2019-06-14 13:58:22,728 INFO  impl.RaftServerImpl (RaftServerImpl.java:setRole(164)) - 155bd8ce-37f5-442b-a029-4d1b174aebcf:group-0AE3D897390A changes role from FOLLOWER to CANDIDATE at term 0 for changeToCandidate
2019-06-14 13:58:22,728 INFO  impl.RoleInfo (RoleInfo.java:updateAndGet(143)) - 155bd8ce-37f5-442b-a029-4d1b174aebcf: start LeaderElection
2019-06-14 13:58:22,735 INFO  impl.LeaderElection (LeaderElection.java:askForVotes(181)) - 155bd8ce-37f5-442b-a029-4d1b174aebcf:group-0AE3D897390A:LeaderElection2: begin an election at term 1 for -1: [155bd8ce-37f5-442b-a029-4d1b174aebcf:192.168.105.138:35723], old=null
2019-06-14 13:58:22,735 INFO  impl.RoleInfo (RoleInfo.java:shutdownLeaderElection(134)) - 155bd8ce-37f5-442b-a029-4d1b174aebcf: shutdown LeaderElection
2019-06-14 13:58:22,736 INFO  storage.RaftLogWorker (RaftLogWorker.java:execute(469)) - 628cd0a0-fc8e-4ece-9958-71570d7cfd92-RaftLogWorker: created new log segment /opt/src/hadoop-ozone/integration-test/target/test-dir/MiniOzoneClusterImpl-050e6d04-c43a-4584-92a3-30c713f86bc5/datanode-0/data/ratis/25341264-c16d-49b0-8cf5-e0af1b443538/current/log_inprogress_0
2019-06-14 13:58:22,736 INFO  impl.RaftServerImpl (RaftServerImpl.java:setRole(164)) - 155bd8ce-37f5-442b-a029-4d1b174aebcf:group-0AE3D897390A changes role from CANDIDATE to LEADER at term 1 for changeToLeader
2019-06-14 13:58:22,736 INFO  impl.RaftServerImpl (ServerState.java:setLeader(263)) - 155bd8ce-37f5-442b-a029-4d1b174aebcf:group-0AE3D897390A change Leader from null to 155bd8ce-37f5-442b-a029-4d1b174aebcf at term 1 for becomeLeader, leader elected after 1105ms
2019-06-14 13:58:22,737 INFO  server.RaftServerConfigKeys (ConfUtils.java:logGet(43)) - raft.server.staging.catchup.gap = 1000 (default)
2019-06-14 13:58:22,737 INFO  server.RaftServerConfigKeys (ConfUtils.java:logGet(43)) - raft.server.rpc.sleep.time = 25ms (default)
2019-06-14 13:58:22,737 INFO  server.RaftServerConfigKeys (ConfUtils.java:logGet(43)) - raft.server.watch.timeout = 10s (default)
2019-06-14 13:58:22,737 INFO  server.RaftServerConfigKeys (ConfUtils.java:logGet(43)) - raft.server.watch.timeout.denomination = 1s (default)
2019-06-14 13:58:22,737 INFO  impl.RoleInfo (RoleInfo.java:updateAndGet(143)) - 155bd8ce-37f5-442b-a029-4d1b174aebcf: start LeaderState
2019-06-14 13:58:22,738 INFO  storage.RaftLogWorker (RaftLogWorker.java:startLogSegment(298)) - 155bd8ce-37f5-442b-a029-4d1b174aebcf-RaftLogWorker: Starting segment from index:0
2019-06-14 13:58:22,741 INFO  impl.RaftServerImpl (ServerState.java:setRaftConf(361)) - 155bd8ce-37f5-442b-a029-4d1b174aebcf:group-0AE3D897390A set configuration 0: [155bd8ce-37f5-442b-a029-4d1b174aebcf:192.168.105.138:35723], old=null at 0
2019-06-14 13:58:22,774 INFO  impl.FollowerState (FollowerState.java:run(101)) - 27edf844-2f50-4d1e-88b1-ba785f865996:group-AB7212E2698B changes to CANDIDATE, lastRpcTime:1039, electionTimeout:1039ms
2019-06-14 13:58:22,774 INFO  impl.RoleInfo (RoleInfo.java:shutdownFollowerState(121)) - 27edf844-2f50-4d1e-88b1-ba785f865996: shutdown FollowerState
2019-06-14 13:58:22,774 INFO  impl.RaftServerImpl (RaftServerImpl.java:setRole(164)) - 27edf844-2f50-4d1e-88b1-ba785f865996:group-AB7212E2698B changes role from FOLLOWER to CANDIDATE at term 0 for changeToCandidate
2019-06-14 13:58:22,774 INFO  impl.RoleInfo (RoleInfo.java:updateAndGet(143)) - 27edf844-2f50-4d1e-88b1-ba785f865996: start LeaderElection
2019-06-14 13:58:22,781 INFO  storage.RaftLogWorker (RaftLogWorker.java:execute(469)) - 155bd8ce-37f5-442b-a029-4d1b174aebcf-RaftLogWorker: created new log segment /opt/src/hadoop-ozone/integration-test/target/test-dir/MiniOzoneClusterImpl-050e6d04-c43a-4584-92a3-30c713f86bc5/datanode-2/data/ratis/420ef5c4-b5e8-43c5-87c7-0ae3d897390a/current/log_inprogress_0
2019-06-14 13:58:22,785 INFO  impl.LeaderElection (LeaderElection.java:askForVotes(181)) - 27edf844-2f50-4d1e-88b1-ba785f865996:group-AB7212E2698B:LeaderElection3: begin an election at term 1 for -1: [27edf844-2f50-4d1e-88b1-ba785f865996:192.168.105.138:36725], old=null
2019-06-14 13:58:22,785 INFO  impl.RoleInfo (RoleInfo.java:shutdownLeaderElection(134)) - 27edf844-2f50-4d1e-88b1-ba785f865996: shutdown LeaderElection
2019-06-14 13:58:22,785 INFO  impl.RaftServerImpl (RaftServerImpl.java:setRole(164)) - 27edf844-2f50-4d1e-88b1-ba785f865996:group-AB7212E2698B changes role from CANDIDATE to LEADER at term 1 for changeToLeader
2019-06-14 13:58:22,785 INFO  impl.RaftServerImpl (ServerState.java:setLeader(263)) - 27edf844-2f50-4d1e-88b1-ba785f865996:group-AB7212E2698B change Leader from null to 27edf844-2f50-4d1e-88b1-ba785f865996 at term 1 for becomeLeader, leader elected after 1053ms
2019-06-14 13:58:22,786 INFO  server.RaftServerConfigKeys (ConfUtils.java:logGet(43)) - raft.server.staging.catchup.gap = 1000 (default)
2019-06-14 13:58:22,788 INFO  server.RaftServerConfigKeys (ConfUtils.java:logGet(43)) - raft.server.rpc.sleep.time = 25ms (default)
2019-06-14 13:58:22,788 INFO  server.RaftServerConfigKeys (ConfUtils.java:logGet(43)) - raft.server.watch.timeout = 10s (default)
2019-06-14 13:58:22,788 INFO  server.RaftServerConfigKeys (ConfUtils.java:logGet(43)) - raft.server.watch.timeout.denomination = 1s (default)
2019-06-14 13:58:22,788 INFO  impl.RoleInfo (RoleInfo.java:updateAndGet(143)) - 27edf844-2f50-4d1e-88b1-ba785f865996: start LeaderState
2019-06-14 13:58:22,788 INFO  storage.RaftLogWorker (RaftLogWorker.java:startLogSegment(298)) - 27edf844-2f50-4d1e-88b1-ba785f865996-RaftLogWorker: Starting segment from index:0
2019-06-14 13:58:22,789 INFO  impl.RaftServerImpl (ServerState.java:setRaftConf(361)) - 27edf844-2f50-4d1e-88b1-ba785f865996:group-AB7212E2698B set configuration 0: [27edf844-2f50-4d1e-88b1-ba785f865996:192.168.105.138:36725], old=null at 0
2019-06-14 13:58:22,826 INFO  storage.RaftLogWorker (RaftLogWorker.java:execute(469)) - 27edf844-2f50-4d1e-88b1-ba785f865996-RaftLogWorker: created new log segment /opt/src/hadoop-ozone/integration-test/target/test-dir/MiniOzoneClusterImpl-050e6d04-c43a-4584-92a3-30c713f86bc5/datanode-3/data/ratis/ef63d5f1-661c-4975-ae1d-ab7212e2698b/current/log_inprogress_0
2019-06-14 13:58:22,872 INFO  impl.FollowerState (FollowerState.java:run(101)) - 5b9f72de-af05-4cdb-9b30-87d4a4f1fe2b:group-E6A4684DA0A0 changes to CANDIDATE, lastRpcTime:1084, electionTimeout:1084ms
2019-06-14 13:58:22,872 INFO  impl.RoleInfo (RoleInfo.java:shutdownFollowerState(121)) - 5b9f72de-af05-4cdb-9b30-87d4a4f1fe2b: shutdown FollowerState
2019-06-14 13:58:22,872 INFO  impl.RaftServerImpl (RaftServerImpl.java:setRole(164)) - 5b9f72de-af05-4cdb-9b30-87d4a4f1fe2b:group-E6A4684DA0A0 changes role from FOLLOWER to CANDIDATE at term 0 for changeToCandidate
2019-06-14 13:58:22,872 INFO  impl.RoleInfo (RoleInfo.java:updateAndGet(143)) - 5b9f72de-af05-4cdb-9b30-87d4a4f1fe2b: start LeaderElection
2019-06-14 13:58:22,878 INFO  impl.LeaderElection (LeaderElection.java:askForVotes(181)) - 5b9f72de-af05-4cdb-9b30-87d4a4f1fe2b:group-E6A4684DA0A0:LeaderElection4: begin an election at term 1 for -1: [5b9f72de-af05-4cdb-9b30-87d4a4f1fe2b:192.168.105.138:35893], old=null
2019-06-14 13:58:22,878 INFO  impl.RoleInfo (RoleInfo.java:shutdownLeaderElection(134)) - 5b9f72de-af05-4cdb-9b30-87d4a4f1fe2b: shutdown LeaderElection
2019-06-14 13:58:22,878 INFO  impl.RaftServerImpl (RaftServerImpl.java:setRole(164)) - 5b9f72de-af05-4cdb-9b30-87d4a4f1fe2b:group-E6A4684DA0A0 changes role from CANDIDATE to LEADER at term 1 for changeToLeader
2019-06-14 13:58:22,878 INFO  impl.RaftServerImpl (ServerState.java:setLeader(263)) - 5b9f72de-af05-4cdb-9b30-87d4a4f1fe2b:group-E6A4684DA0A0 change Leader from null to 5b9f72de-af05-4cdb-9b30-87d4a4f1fe2b at term 1 for becomeLeader, leader elected after 1093ms
2019-06-14 13:58:22,879 INFO  server.RaftServerConfigKeys (ConfUtils.java:logGet(43)) - raft.server.staging.catchup.gap = 1000 (default)
2019-06-14 13:58:22,879 INFO  server.RaftServerConfigKeys (ConfUtils.java:logGet(43)) - raft.server.rpc.sleep.time = 25ms (default)
2019-06-14 13:58:22,879 INFO  server.RaftServerConfigKeys (ConfUtils.java:logGet(43)) - raft.server.watch.timeout = 10s (default)
2019-06-14 13:58:22,879 INFO  server.RaftServerConfigKeys (ConfUtils.java:logGet(43)) - raft.server.watch.timeout.denomination = 1s (default)
2019-06-14 13:58:22,880 INFO  impl.RoleInfo (RoleInfo.java:updateAndGet(143)) - 5b9f72de-af05-4cdb-9b30-87d4a4f1fe2b: start LeaderState
2019-06-14 13:58:22,880 INFO  storage.RaftLogWorker (RaftLogWorker.java:startLogSegment(298)) - 5b9f72de-af05-4cdb-9b30-87d4a4f1fe2b-RaftLogWorker: Starting segment from index:0
2019-06-14 13:58:22,881 INFO  impl.RaftServerImpl (ServerState.java:setRaftConf(361)) - 5b9f72de-af05-4cdb-9b30-87d4a4f1fe2b:group-E6A4684DA0A0 set configuration 0: [5b9f72de-af05-4cdb-9b30-87d4a4f1fe2b:192.168.105.138:35893], old=null at 0
2019-06-14 13:58:22,920 INFO  storage.RaftLogWorker (RaftLogWorker.java:execute(469)) - 5b9f72de-af05-4cdb-9b30-87d4a4f1fe2b-RaftLogWorker: created new log segment /opt/src/hadoop-ozone/integration-test/target/test-dir/MiniOzoneClusterImpl-050e6d04-c43a-4584-92a3-30c713f86bc5/datanode-4/data/ratis/ff65f48f-7afd-49ee-b623-e6a4684da0a0/current/log_inprogress_0
2019-06-14 13:58:22,928 INFO  impl.FollowerState (FollowerState.java:run(101)) - ce336553-b440-4cfb-baa1-4a0e1d637cf8:group-DFBD2C7C02DD changes to CANDIDATE, lastRpcTime:1097, electionTimeout:1097ms
2019-06-14 13:58:22,928 INFO  impl.RoleInfo (RoleInfo.java:shutdownFollowerState(121)) - ce336553-b440-4cfb-baa1-4a0e1d637cf8: shutdown FollowerState
2019-06-14 13:58:22,928 INFO  impl.RaftServerImpl (RaftServerImpl.java:setRole(164)) - ce336553-b440-4cfb-baa1-4a0e1d637cf8:group-DFBD2C7C02DD changes role from FOLLOWER to CANDIDATE at term 0 for changeToCandidate
2019-06-14 13:58:22,928 INFO  impl.RoleInfo (RoleInfo.java:updateAndGet(143)) - ce336553-b440-4cfb-baa1-4a0e1d637cf8: start LeaderElection
2019-06-14 13:58:22,931 INFO  ozone.MiniOzoneClusterImpl (MiniOzoneClusterImpl.java:lambda$waitForClusterToBeReady$0(142)) - Cluster is ready. Got 6 of 6 DN Heartbeats.
2019-06-14 13:58:22,934 INFO  impl.LeaderElection (LeaderElection.java:askForVotes(181)) - ce336553-b440-4cfb-baa1-4a0e1d637cf8:group-DFBD2C7C02DD:LeaderElection5: begin an election at term 1 for -1: [ce336553-b440-4cfb-baa1-4a0e1d637cf8:192.168.105.138:44951], old=null
2019-06-14 13:58:22,934 INFO  impl.RoleInfo (RoleInfo.java:shutdownLeaderElection(134)) - ce336553-b440-4cfb-baa1-4a0e1d637cf8: shutdown LeaderElection
2019-06-14 13:58:22,934 INFO  impl.RaftServerImpl (RaftServerImpl.java:setRole(164)) - ce336553-b440-4cfb-baa1-4a0e1d637cf8:group-DFBD2C7C02DD changes role from CANDIDATE to LEADER at term 1 for changeToLeader
2019-06-14 13:58:22,934 INFO  impl.RaftServerImpl (ServerState.java:setLeader(263)) - ce336553-b440-4cfb-baa1-4a0e1d637cf8:group-DFBD2C7C02DD change Leader from null to ce336553-b440-4cfb-baa1-4a0e1d637cf8 at term 1 for becomeLeader, leader elected after 1108ms
2019-06-14 13:58:22,935 INFO  server.RaftServerConfigKeys (ConfUtils.java:logGet(43)) - raft.server.staging.catchup.gap = 1000 (default)
2019-06-14 13:58:22,935 INFO  server.RaftServerConfigKeys (ConfUtils.java:logGet(43)) - raft.server.rpc.sleep.time = 25ms (default)
2019-06-14 13:58:22,935 INFO  server.RaftServerConfigKeys (ConfUtils.java:logGet(43)) - raft.server.watch.timeout = 10s (default)
2019-06-14 13:58:22,935 INFO  server.RaftServerConfigKeys (ConfUtils.java:logGet(43)) - raft.server.watch.timeout.denomination = 1s (default)
2019-06-14 13:58:22,935 INFO  impl.RoleInfo (RoleInfo.java:updateAndGet(143)) - ce336553-b440-4cfb-baa1-4a0e1d637cf8: start LeaderState
2019-06-14 13:58:22,935 INFO  storage.RaftLogWorker (RaftLogWorker.java:startLogSegment(298)) - ce336553-b440-4cfb-baa1-4a0e1d637cf8-RaftLogWorker: Starting segment from index:0
2019-06-14 13:58:22,937 INFO  impl.RaftServerImpl (ServerState.java:setRaftConf(361)) - ce336553-b440-4cfb-baa1-4a0e1d637cf8:group-DFBD2C7C02DD set configuration 0: [ce336553-b440-4cfb-baa1-4a0e1d637cf8:192.168.105.138:44951], old=null at 0
2019-06-14 13:58:22,974 INFO  impl.FollowerState (FollowerState.java:run(101)) - 5b9f72de-af05-4cdb-9b30-87d4a4f1fe2b:group-6D3FE0F7373B changes to CANDIDATE, lastRpcTime:1082, electionTimeout:1076ms
2019-06-14 13:58:22,974 INFO  impl.RoleInfo (RoleInfo.java:shutdownFollowerState(121)) - 5b9f72de-af05-4cdb-9b30-87d4a4f1fe2b: shutdown FollowerState
2019-06-14 13:58:22,974 INFO  impl.RaftServerImpl (RaftServerImpl.java:setRole(164)) - 5b9f72de-af05-4cdb-9b30-87d4a4f1fe2b:group-6D3FE0F7373B changes role from FOLLOWER to CANDIDATE at term 0 for changeToCandidate
2019-06-14 13:58:22,974 INFO  impl.RoleInfo (RoleInfo.java:updateAndGet(143)) - 5b9f72de-af05-4cdb-9b30-87d4a4f1fe2b: start LeaderElection
2019-06-14 13:58:22,978 INFO  storage.RaftLogWorker (RaftLogWorker.java:execute(469)) - ce336553-b440-4cfb-baa1-4a0e1d637cf8-RaftLogWorker: created new log segment /opt/src/hadoop-ozone/integration-test/target/test-dir/MiniOzoneClusterImpl-050e6d04-c43a-4584-92a3-30c713f86bc5/datanode-1/data/ratis/1d318d0a-1179-4508-ba22-dfbd2c7c02dd/current/log_inprogress_0
]]></system-out>
    <system-err><![CDATA[ERROR StatusLogger No Log4j 2 configuration file found. Using default configuration (logging only errors to the console), or user programmatically provided configurations. Set system property 'log4j2.debug' to show Log4j 2 internal initialization logging. See https://logging.apache.org/log4j/2.x/manual/configuration.html for instructions on how to configure Log4j 2
Jun 14, 2019 1:58:16 PM com.sun.jersey.server.impl.application.WebApplicationImpl _initiate
INFO: Initiating Jersey application, version 'Jersey: 1.19 02/11/2015 03:25 AM'
Jun 14, 2019 1:58:16 PM com.sun.jersey.server.impl.application.WebApplicationImpl _initiate
INFO: Initiating Jersey application, version 'Jersey: 1.19 02/11/2015 03:25 AM'
Jun 14, 2019 1:58:17 PM com.sun.jersey.server.impl.application.WebApplicationImpl _initiate
INFO: Initiating Jersey application, version 'Jersey: 1.19 02/11/2015 03:25 AM'
Jun 14, 2019 1:58:17 PM com.sun.jersey.server.impl.application.WebApplicationImpl _initiate
INFO: Initiating Jersey application, version 'Jersey: 1.19 02/11/2015 03:25 AM'
Jun 14, 2019 1:58:17 PM com.sun.jersey.server.impl.application.WebApplicationImpl _initiate
INFO: Initiating Jersey application, version 'Jersey: 1.19 02/11/2015 03:25 AM'
Jun 14, 2019 1:58:17 PM com.sun.jersey.server.impl.application.WebApplicationImpl _initiate
INFO: Initiating Jersey application, version 'Jersey: 1.19 02/11/2015 03:25 AM'
]]></system-err>
  </testcase>
</testsuite>